Seq Scan on movie_keyword mk  (cost=0.00..81003.12 rows=210876 width=0) (actual time=0.023..1269.803 rows=225760 loops=1)
  Filter: (keyword_id < 180)
  Rows Removed by Filter: 4298170
Planning time: 0.327 ms
Execution time: 1300.772 ms
