Hash Join  (cost=144723.73..655748.13 rows=2925749 width=0) (actual time=3515.527..17561.954 rows=6257306 loops=1)
  Hash Cond: (mi.movie_id = t.id)
  ->  Seq Scan on movie_info mi  (cost=0.00..309384.22 rows=14739122 width=4) (actual time=0.018..5889.966 rows=14835720 loops=1)
  ->  Hash  (cost=136488.76..136488.76 rows=501918 width=8) (actual time=3514.377..3514.377 rows=442702 loops=1)
        Buckets: 131072  Batches: 8  Memory Usage: 3190kB
        ->  Hash Join  (cost=90260.67..136488.76 rows=501918 width=8) (actual time=1792.732..3375.896 rows=442702 loops=1)
              Hash Cond: (mi_idx.movie_id = t.id)
              ->  Seq Scan on movie_info_idx mi_idx  (cost=0.00..25185.44 rows=919057 width=4) (actual time=0.024..548.638 rows=920110 loops=1)
                    Filter: (info_type_id > 99)
                    Rows Removed by Filter: 459925
              ->  Hash  (cost=67604.59..67604.59 rows=1380887 width=4) (actual time=1791.254..1791.254 rows=1381453 loops=1)
                    Buckets: 131072  Batches: 32  Memory Usage: 2543kB
                    ->  Seq Scan on title t  (cost=0.00..67604.59 rows=1380887 width=4) (actual time=0.013..1338.531 rows=1381453 loops=1)
                          Filter: (production_year > 2000)
                          Rows Removed by Filter: 1146859
Planning time: 1.255 ms
Execution time: 18223.893 ms
