Hash Join  (cost=163747.18..529789.98 rows=138688 width=0) (actual time=3153.052..12115.954 rows=4368671 loops=1)
  Hash Cond: (mi.movie_id = t.id)
  ->  Seq Scan on movie_info mi  (cost=0.00..309384.22 rows=14739122 width=4) (actual time=0.022..4643.786 rows=14835720 loops=1)
  ->  Hash  (cost=163449.78..163449.78 rows=23792 width=8) (actual time=3021.681..3021.681 rows=41760 loops=1)
        Buckets: 65536 (originally 32768)  Batches: 1 (originally 1)  Memory Usage: 2144kB
        ->  Hash Join  (cost=74281.64..163449.78 rows=23792 width=8) (actual time=1143.757..3007.147 rows=41760 loops=1)
              Hash Cond: (mk.movie_id = t.id)
              ->  Seq Scan on movie_keyword mk  (cost=0.00..81003.12 rows=2113892 width=4) (actual time=0.040..1512.295 rows=2112197 loops=1)
                    Filter: (keyword_id > 5654)
                    Rows Removed by Filter: 2411733
              ->  Hash  (cost=73925.90..73925.90 rows=28459 width=4) (actual time=1143.421..1143.421 rows=16117 loops=1)
                    Buckets: 32768  Batches: 1  Memory Usage: 823kB
                    ->  Seq Scan on title t  (cost=0.00..73925.90 rows=28459 width=4) (actual time=0.029..1136.853 rows=16117 loops=1)
                          Filter: ((kind_id = 1) AND (production_year = 2006))
                          Rows Removed by Filter: 2512195
Planning time: 1.167 ms
Execution time: 12620.580 ms
