Hash Join  (cost=102767.86..915899.39 rows=298483 width=0) (actual time=10459.299..13705.847 rows=171 loops=1)
  Hash Cond: (ci.movie_id = t.id)
  ->  Seq Scan on cast_info ci  (cost=0.00..796071.18 rows=298483 width=4) (actual time=8329.162..11272.710 rows=171 loops=1)
        Filter: ((person_id < 141156) AND (role_id = 2))
        Rows Removed by Filter: 36244173
  ->  Hash  (cost=61283.27..61283.27 rows=2528527 width=4) (actual time=2102.632..2102.632 rows=2528312 loops=1)
        Buckets: 131072  Batches: 64  Memory Usage: 2415kB
        ->  Seq Scan on title t  (cost=0.00..61283.27 rows=2528527 width=4) (actual time=0.022..1243.337 rows=2528312 loops=1)
Planning time: 0.709 ms
Execution time: 13705.983 ms
