Hash Join  (cost=102767.86..172152.00 rows=65551 width=0) (actual time=2586.156..3376.676 rows=127892 loops=1)
  Hash Cond: (mc.movie_id = t.id)
  ->  Seq Scan on movie_companies mc  (cost=0.00..57926.93 rows=65551 width=4) (actual time=591.843..842.283 rows=127892 loops=1)
        Filter: ((company_id > 142308) AND (company_type_id > 1))
        Rows Removed by Filter: 2481237
  ->  Hash  (cost=61283.27..61283.27 rows=2528527 width=4) (actual time=1993.008..1993.008 rows=2528312 loops=1)
        Buckets: 131072  Batches: 64  Memory Usage: 2415kB
        ->  Seq Scan on title t  (cost=0.00..61283.27 rows=2528527 width=4) (actual time=0.033..1148.559 rows=2528312 loops=1)
Planning time: 0.752 ms
Execution time: 3393.209 ms
