Seq Scan on movie_companies mc  (cost=0.00..51404.11 rows=2480664 width=0) (actual time=0.020..1099.163 rows=2481395 loops=1)
  Filter: (company_id < 142389)
  Rows Removed by Filter: 127734
Planning time: 0.306 ms
Execution time: 1410.379 ms
