Seq Scan on cast_info ci  (cost=0.00..705507.15 rows=500 width=0) (actual time=586.279..10918.870 rows=278 loops=1)
  Filter: (person_id = 138195)
  Rows Removed by Filter: 36244066
Planning time: 0.379 ms
Execution time: 10919.001 ms
