Hash Join  (cost=28269.00..80253.65 rows=7 width=0) (actual time=620.142..1193.389 rows=96 loops=1)
  Hash Cond: (mc.movie_id = t.id)
  ->  Seq Scan on movie_companies mc  (cost=0.00..51404.11 rows=154791 width=4) (actual time=270.996..824.399 rows=153475 loops=1)
        Filter: (company_id > 130619)
        Rows Removed by Filter: 2455654
  ->  Hash  (cost=28267.64..28267.64 rows=109 width=8) (actual time=346.192..346.192 rows=240 loops=1)
        Buckets: 1024  Batches: 1  Memory Usage: 18kB
        ->  Nested Loop  (cost=0.43..28267.64 rows=109 width=8) (actual time=108.043..346.093 rows=240 loops=1)
              ->  Seq Scan on movie_info_idx mi_idx  (cost=0.00..25185.44 rows=368 width=4) (actual time=107.973..341.597 rows=260 loops=1)
                    Filter: (info_type_id > 101)
                    Rows Removed by Filter: 1379775
              ->  Index Scan using title_pkey on title t  (cost=0.43..8.37 rows=1 width=4) (actual time=0.016..0.017 rows=1 loops=260)
                    Index Cond: (id = mi_idx.movie_id)
                    Filter: ((kind_id < 7) AND (production_year < 2010))
                    Rows Removed by Filter: 0
Planning time: 1.171 ms
Execution time: 1193.570 ms
