Nested Loop  (cost=0.43..447847.04 rows=10930 width=0) (actual time=2330.676..5492.619 rows=3808 loops=1)
  ->  Seq Scan on movie_info mi  (cost=0.00..346232.03 rows=17937 width=4) (actual time=2141.302..4683.184 rows=36985 loops=1)
        Filter: (info_type_id = 104)
        Rows Removed by Filter: 14798735
  ->  Index Scan using title_pkey on title t  (cost=0.43..5.66 rows=1 width=4) (actual time=0.021..0.021 rows=0 loops=36985)
        Index Cond: (id = mi.movie_id)
        Filter: (kind_id = 7)
        Rows Removed by Filter: 1
Planning time: 0.768 ms
Execution time: 5493.909 ms
