Hash Join  (cost=83074.74..432456.96 rows=82 width=0) (actual time=3531.603..7020.658 rows=1655 loops=1)
  Hash Cond: (mi.movie_id = t.id)
  ->  Seq Scan on movie_info mi  (cost=0.00..346232.03 rows=839833 width=4) (actual time=2270.572..5693.875 rows=885922 loops=1)
        Filter: (info_type_id > 96)
        Rows Removed by Filter: 13949798
  ->  Hash  (cost=83071.67..83071.67 rows=246 width=8) (actual time=1196.959..1196.959 rows=127 loops=1)
        Buckets: 1024  Batches: 1  Memory Usage: 13kB
        ->  Nested Loop  (cost=0.43..83071.67 rows=246 width=8) (actual time=13.843..1196.783 rows=127 loops=1)
              ->  Seq Scan on movie_keyword mk  (cost=0.00..81003.12 rows=246 width=4) (actual time=13.696..1185.498 rows=127 loops=1)
                    Filter: (keyword_id = 7978)
                    Rows Removed by Filter: 4523803
              ->  Index Only Scan using title_pkey on title t  (cost=0.43..8.40 rows=1 width=4) (actual time=0.083..0.084 rows=1 loops=127)
                    Index Cond: (id = mk.movie_id)
                    Heap Fetches: 127
Planning time: 0.807 ms
Execution time: 7021.026 ms
