Hash Join  (cost=364878.78..1163124.27 rows=24663986 width=0) (actual time=8712.233..68122.830 rows=218607537 loops=1)
  Hash Cond: (mi.movie_id = t.id)
  ->  Seq Scan on movie_info mi  (cost=0.00..309384.22 rows=14739122 width=4) (actual time=0.015..6379.158 rows=14835720 loops=1)
  ->  Hash  (cost=295461.30..295461.30 rows=4231158 width=8) (actual time=8710.541..8710.541 rows=4234433 loops=1)
        Buckets: 131072  Batches: 64  Memory Usage: 3713kB
        ->  Hash Join  (cost=102767.86..295461.30 rows=4231158 width=8) (actual time=2032.904..7560.594 rows=4234433 loops=1)
              Hash Cond: (mk.movie_id = t.id)
              ->  Seq Scan on movie_keyword mk  (cost=0.00..81003.12 rows=4231158 width=4) (actual time=0.015..1833.406 rows=4234433 loops=1)
                    Filter: (keyword_id < 55480)
                    Rows Removed by Filter: 289497
              ->  Hash  (cost=61283.27..61283.27 rows=2528527 width=4) (actual time=2031.641..2031.641 rows=2528312 loops=1)
                    Buckets: 131072  Batches: 64  Memory Usage: 2425kB
                    ->  Seq Scan on title t  (cost=0.00..61283.27 rows=2528527 width=4) (actual time=0.014..1147.187 rows=2528312 loops=1)
Planning time: 1.076 ms
Execution time: 90544.219 ms
