Hash Join  (cost=959681.48..1517812.82 rows=7340541 width=0) (actual time=17117.538..34112.800 rows=9162634 loops=1)
  Hash Cond: (mi.movie_id = t.id)
  ->  Seq Scan on movie_info mi  (cost=0.00..309384.22 rows=14739122 width=4) (actual time=0.018..6026.803 rows=14835720 loops=1)
  ->  Hash  (cost=939020.42..939020.42 rows=1259285 width=8) (actual time=17116.299..17116.299 rows=1262498 loops=1)
        Buckets: 131072  Batches: 32  Memory Usage: 2557kB
        ->  Hash Join  (cost=102767.86..939020.42 rows=1259285 width=8) (actual time=5459.867..16723.115 rows=1262498 loops=1)
              Hash Cond: (ci.movie_id = t.id)
              ->  Seq Scan on cast_info ci  (cost=0.00..796071.18 rows=1259285 width=4) (actual time=3335.192..13108.228 rows=1262498 loops=1)
                    Filter: ((person_id > 958652) AND (role_id = 8))
                    Rows Removed by Filter: 34981846
              ->  Hash  (cost=61283.27..61283.27 rows=2528527 width=4) (actual time=2123.633..2123.633 rows=2528312 loops=1)
                    Buckets: 131072  Batches: 64  Memory Usage: 2415kB
                    ->  Seq Scan on title t  (cost=0.00..61283.27 rows=2528527 width=4) (actual time=0.012..1040.886 rows=2528312 loops=1)
Planning time: 1.960 ms
Execution time: 35168.367 ms
