Hash Join  (cost=229612.03..777093.83 rows=6342489 width=0) (actual time=5901.502..51569.526 rows=136263885 loops=1)
  Hash Cond: (mi.movie_id = t.id)
  ->  Seq Scan on movie_info mi  (cost=0.00..309384.22 rows=14739122 width=4) (actual time=0.023..5506.331 rows=14835720 loops=1)
  ->  Hash  (cost=211760.19..211760.19 rows=1088067 width=8) (actual time=5900.350..5900.350 rows=2403024 loops=1)
        Buckets: 131072 (originally 131072)  Batches: 32 (originally 16)  Memory Usage: 4022kB
        ->  Hash Join  (cost=83810.17..211760.19 rows=1088067 width=8) (actual time=1420.324..5177.813 rows=2403024 loops=1)
              Hash Cond: (mk.movie_id = t.id)
              ->  Seq Scan on movie_keyword mk  (cost=0.00..81003.12 rows=2785392 width=4) (actual time=0.020..1671.896 rows=2774308 loops=1)
                    Filter: (keyword_id < 7978)
                    Rows Removed by Filter: 1749622
              ->  Hash  (cost=67604.59..67604.59 rows=987727 width=4) (actual time=1419.344..1419.344 rows=985048 loops=1)
                    Buckets: 131072  Batches: 16  Memory Usage: 3197kB
                    ->  Seq Scan on title t  (cost=0.00..67604.59 rows=987727 width=4) (actual time=0.019..1103.258 rows=985048 loops=1)
                          Filter: (kind_id < 7)
                          Rows Removed by Filter: 1543264
Planning time: 2.572 ms
Execution time: 67163.480 ms
