Seq Scan on cast_info ci  (cost=0.00..796071.18 rows=1618521 width=0) (actual time=9221.463..11958.590 rows=526106 loops=1)
  Filter: ((person_id < 1333224) AND (role_id = 10))
  Rows Removed by Filter: 35718238
Planning time: 0.428 ms
Execution time: 12028.736 ms
