Nested Loop  (cost=0.43..83072.29 rows=172 width=0) (actual time=1.409..1369.733 rows=449 loops=1)
  ->  Seq Scan on movie_keyword mk  (cost=0.00..81003.12 rows=246 width=4) (actual time=0.293..1248.363 rows=3171 loops=1)
        Filter: (keyword_id = 769)
        Rows Removed by Filter: 4520759
  ->  Index Scan using title_pkey on title t  (cost=0.43..8.40 rows=1 width=4) (actual time=0.037..0.037 rows=0 loops=3171)
        Index Cond: (id = mk.movie_id)
        Filter: (kind_id > 2)
        Rows Removed by Filter: 1
Planning time: 0.496 ms
Execution time: 1370.029 ms
