Hash Join  (cost=74155.14..880033.55 rows=18608 width=0) (actual time=1408.531..14373.440 rows=15857 loops=1)
  Hash Cond: (ci.movie_id = t.id)
  ->  Seq Scan on cast_info ci  (cost=0.00..796071.18 rows=2565639 width=4) (actual time=257.530..12756.386 rows=2365683 loops=1)
        Filter: ((person_id > 2393802) AND (role_id = 2))
        Rows Removed by Filter: 33878661
  ->  Hash  (cost=73925.90..73925.90 rows=18339 width=4) (actual time=1150.720..1150.720 rows=14449 loops=1)
        Buckets: 32768  Batches: 1  Memory Usage: 764kB
        ->  Seq Scan on title t  (cost=0.00..73925.90 rows=18339 width=4) (actual time=0.156..1143.623 rows=14449 loops=1)
              Filter: ((kind_id < 7) AND (production_year = 1998))
              Rows Removed by Filter: 2513863
Planning time: 0.724 ms
Execution time: 14376.419 ms
