Hash Join  (cost=73933.97..100847.97 rows=352 width=0) (actual time=1062.272..1624.140 rows=702 loops=1)
  Hash Cond: (mi_idx.movie_id = t.id)
  ->  Seq Scan on movie_info_idx mi_idx  (cost=0.00..21735.35 rows=1380035 width=4) (actual time=0.013..311.860 rows=1380035 loops=1)
  ->  Hash  (cost=73925.90..73925.90 rows=645 width=4) (actual time=1061.680..1061.680 rows=427 loops=1)
        Buckets: 1024  Batches: 1  Memory Usage: 24kB
        ->  Seq Scan on title t  (cost=0.00..73925.90 rows=645 width=4) (actual time=448.921..1061.389 rows=427 loops=1)
              Filter: ((kind_id = 6) AND (production_year = 2009))
              Rows Removed by Filter: 2527885
Planning time: 0.754 ms
Execution time: 1624.369 ms
