Hash Join  (cost=28270.40..119408.39 rows=393 width=0) (actual time=567.953..2182.516 rows=26145 loops=1)
  Hash Cond: (mk.movie_id = t.id)
  ->  Seq Scan on movie_keyword mk  (cost=0.00..81003.12 rows=2701583 width=4) (actual time=0.022..1436.228 rows=2695261 loops=1)
        Filter: (keyword_id > 3007)
        Rows Removed by Filter: 1828669
  ->  Hash  (cost=28265.80..28265.80 rows=368 width=8) (actual time=373.981..373.981 rows=260 loops=1)
        Buckets: 1024  Batches: 1  Memory Usage: 19kB
        ->  Nested Loop  (cost=0.43..28265.80 rows=368 width=8) (actual time=238.467..373.852 rows=260 loops=1)
              ->  Seq Scan on movie_info_idx mi_idx  (cost=0.00..25185.44 rows=368 width=4) (actual time=238.380..353.691 rows=260 loops=1)
                    Filter: (info_type_id > 101)
                    Rows Removed by Filter: 1379775
              ->  Index Only Scan using title_pkey on title t  (cost=0.43..8.36 rows=1 width=4) (actual time=0.076..0.077 rows=1 loops=260)
                    Index Cond: (id = mi_idx.movie_id)
                    Heap Fetches: 260
Planning time: 1.655 ms
Execution time: 2185.906 ms
