Hash Join  (cost=160823.02..958055.81 rows=116168 width=0) (actual time=5360.647..20477.226 rows=79855 loops=1)
  Hash Cond: (ci.movie_id = t.id)
  ->  Seq Scan on cast_info ci  (cost=0.00..614943.12 rows=36225612 width=4) (actual time=0.019..7959.280 rows=36244344 loops=1)
  ->  Hash  (cost=160721.67..160721.67 rows=8108 width=8) (actual time=5359.455..5359.455 rows=4854 loops=1)
        Buckets: 8192  Batches: 1  Memory Usage: 254kB
        ->  Hash Join  (cost=73982.55..160721.67 rows=8108 width=8) (actual time=4044.688..5357.822 rows=4854 loops=1)
              Hash Cond: (mk.movie_id = t.id)
              ->  Seq Scan on movie_keyword mk  (cost=0.00..69693.30 rows=4523930 width=4) (actual time=0.024..1060.210 rows=4523930 loops=1)
              ->  Hash  (cost=73925.90..73925.90 rows=4532 width=4) (actual time=3467.412..3467.412 rows=6734 loops=1)
                    Buckets: 8192  Batches: 1  Memory Usage: 301kB
                    ->  Seq Scan on title t  (cost=0.00..73925.90 rows=4532 width=4) (actual time=2435.016..3464.000 rows=6734 loops=1)
                          Filter: ((kind_id = 7) AND (production_year = 1961))
                          Rows Removed by Filter: 2521578
Planning time: 1.129 ms
Execution time: 20488.869 ms
