Seq Scan on cast_info ci  (cost=0.00..705507.15 rows=20329375 width=0) (actual time=0.013..12043.204 rows=20451248 loops=1)
  Filter: (person_id > 1560533)
  Rows Removed by Filter: 15793096
Planning time: 0.333 ms
Execution time: 14529.093 ms
