Seq Scan on movie_keyword mk  (cost=0.00..81003.12 rows=3650964 width=0) (actual time=0.024..1455.291 rows=3643741 loops=1)
  Filter: (keyword_id > 832)
  Rows Removed by Filter: 880189
Planning time: 0.247 ms
Execution time: 1877.853 ms
