Hash Join  (cost=169053.07..299028.72 rows=654461 width=0) (actual time=3855.237..7008.803 rows=288224 loops=1)
  Hash Cond: (mk.movie_id = t.id)
  ->  Seq Scan on movie_keyword mk  (cost=0.00..69693.30 rows=4523930 width=4) (actual time=0.013..1407.739 rows=4523930 loops=1)
  ->  Hash  (cost=163051.65..163051.65 rows=365793 width=8) (actual time=3854.291..3854.291 rows=148612 loops=1)
        Buckets: 131072  Batches: 8  Memory Usage: 1753kB
        ->  Hash Join  (cost=94574.69..163051.65 rows=365793 width=8) (actual time=1841.929..3812.958 rows=148612 loops=1)
              Hash Cond: (mc.movie_id = t.id)
              ->  Seq Scan on movie_companies mc  (cost=0.00..51404.11 rows=734912 width=4) (actual time=0.020..951.967 rows=739022 loops=1)
                    Filter: (company_id > 38888)
                    Rows Removed by Filter: 1870107
              ->  Hash  (cost=73925.90..73925.90 rows=1258543 width=4) (actual time=1705.228..1705.228 rows=1221534 loops=1)
                    Buckets: 131072  Batches: 32  Memory Usage: 2363kB
                    ->  Seq Scan on title t  (cost=0.00..73925.90 rows=1258543 width=4) (actual time=0.030..1313.789 rows=1221534 loops=1)
                          Filter: ((production_year < 2011) AND (kind_id = 7))
                          Rows Removed by Filter: 1306778
Planning time: 1.160 ms
Execution time: 7041.940 ms
