Hash Join  (cost=114323.22..601441.24 rows=685211 width=0) (actual time=2338.319..15309.323 rows=2345623 loops=1)
  Hash Cond: (mi.movie_id = t.id)
  ->  Seq Scan on movie_info mi  (cost=0.00..309384.22 rows=14739122 width=4) (actual time=0.012..6274.068 rows=14835720 loops=1)
  ->  Hash  (cost=112393.86..112393.86 rows=117549 width=8) (actual time=2337.552..2337.552 rows=139984 loops=1)
        Buckets: 131072  Batches: 2  Memory Usage: 3771kB
        ->  Hash Join  (cost=78183.26..112393.86 rows=117549 width=8) (actual time=1435.722..2288.445 rows=139984 loops=1)
              Hash Cond: (mi_idx.movie_id = t.id)
              ->  Seq Scan on movie_info_idx mi_idx  (cost=0.00..25185.44 rows=460978 width=4) (actual time=0.033..471.791 rows=459925 loops=1)
                    Filter: (info_type_id = 99)
                    Rows Removed by Filter: 920110
              ->  Hash  (cost=67604.59..67604.59 rows=644774 width=4) (actual time=1434.379..1434.379 rows=642973 loops=1)
                    Buckets: 131072  Batches: 16  Memory Usage: 2432kB
                    ->  Seq Scan on title t  (cost=0.00..67604.59 rows=644774 width=4) (actual time=0.030..1224.951 rows=642973 loops=1)
                          Filter: (production_year < 1988)
                          Rows Removed by Filter: 1885339
Planning time: 1.231 ms
Execution time: 15544.389 ms
