Seq Scan on movie_keyword mk  (cost=0.00..81003.12 rows=4212558 width=0) (actual time=0.025..844.663 rows=4215149 loops=1)
  Filter: (keyword_id < 52798)
  Rows Removed by Filter: 308781
Planning time: 0.320 ms
Execution time: 1169.620 ms
