Hash Join  (cost=156882.16..647355.81 rows=999772 width=0) (actual time=3845.304..20041.971 rows=17105730 loops=1)
  Hash Cond: (mi.movie_id = t.id)
  ->  Seq Scan on movie_info mi  (cost=0.00..309384.22 rows=14739122 width=4) (actual time=0.019..5355.413 rows=14835720 loops=1)
  ->  Hash  (cost=154068.25..154068.25 rows=171513 width=8) (actual time=3844.283..3844.283 rows=629162 loops=1)
        Buckets: 131072 (originally 131072)  Batches: 16 (originally 4)  Memory Usage: 3073kB
        ->  Hash Join  (cost=76653.59..154068.25 rows=171513 width=8) (actual time=1244.075..3624.034 rows=629162 loops=1)
              Hash Cond: (mc.movie_id = t.id)
              ->  Seq Scan on movie_companies mc  (cost=0.00..44881.29 rows=2609129 width=4) (actual time=0.027..987.124 rows=2609129 loops=1)
              ->  Hash  (cost=73925.90..73925.90 rows=166215 width=4) (actual time=1243.332..1243.332 rows=301084 loops=1)
                    Buckets: 131072  Batches: 4  Memory Usage: 3673kB
                    ->  Seq Scan on title t  (cost=0.00..73925.90 rows=166215 width=4) (actual time=0.020..1143.554 rows=301084 loops=1)
                          Filter: ((production_year < 1987) AND (kind_id = 1))
                          Rows Removed by Filter: 2227228
Planning time: 1.203 ms
Execution time: 21979.473 ms
