Hash Join  (cost=83074.74..942387.44 rows=1640 width=0) (actual time=579.136..16962.467 rows=11681 loops=1)
  Hash Cond: (ci.movie_id = t.id)
  ->  Seq Scan on cast_info ci  (cost=0.00..796071.18 rows=16860031 width=4) (actual time=0.025..14218.981 rows=15590140 loops=1)
        Filter: ((person_id > 1655843) AND (role_id < 10))
        Rows Removed by Filter: 20654204
  ->  Hash  (cost=83071.67..83071.67 rows=246 width=8) (actual time=578.545..578.545 rows=602 loops=1)
        Buckets: 1024  Batches: 1  Memory Usage: 32kB
        ->  Nested Loop  (cost=0.43..83071.67 rows=246 width=8) (actual time=1.442..578.281 rows=602 loops=1)
              ->  Seq Scan on movie_keyword mk  (cost=0.00..81003.12 rows=246 width=4) (actual time=1.390..566.866 rows=602 loops=1)
                    Filter: (keyword_id = 1239)
                    Rows Removed by Filter: 4523328
              ->  Index Only Scan using title_pkey on title t  (cost=0.43..8.40 rows=1 width=4) (actual time=0.018..0.018 rows=1 loops=602)
                    Index Cond: (id = mk.movie_id)
                    Heap Fetches: 602
Planning time: 1.179 ms
Execution time: 16965.766 ms
