Seq Scan on cast_info ci  (cost=0.00..796071.18 rows=5190438 width=0) (actual time=852.664..12304.066 rows=5611945 loops=1)
  Filter: ((person_id < 567988) AND (role_id < 10))
  Rows Removed by Filter: 30632399
Planning time: 0.321 ms
Execution time: 12991.150 ms
