Hash Join  (cost=86534.07..158153.06 rows=222489 width=0) (actual time=2025.205..3268.659 rows=143665 loops=1)
  Hash Cond: (mc.movie_id = t.id)
  ->  Seq Scan on movie_companies mc  (cost=0.00..57926.93 rows=732044 width=4) (actual time=509.289..1145.439 rows=1007502 loops=1)
        Filter: ((company_id < 13580) AND (company_type_id < 2))
        Rows Removed by Filter: 1601627
  ->  Hash  (cost=73925.90..73925.90 rows=768493 width=4) (actual time=1514.594..1514.594 rows=840010 loops=1)
        Buckets: 131072  Batches: 16  Memory Usage: 2877kB
        ->  Seq Scan on title t  (cost=0.00..73925.90 rows=768493 width=4) (actual time=0.017..1247.908 rows=840010 loops=1)
              Filter: ((production_year > 2002) AND (kind_id = 7))
              Rows Removed by Filter: 1688302
Planning time: 0.758 ms
Execution time: 3284.386 ms
