Seq Scan on cast_info ci  (cost=0.00..796071.18 rows=1046866 width=0) (actual time=5688.485..11448.563 rows=344118 loops=1)
  Filter: ((person_id < 781473) AND (role_id > 9))
  Rows Removed by Filter: 35900226
Planning time: 0.258 ms
Execution time: 11492.787 ms
