Hash Join  (cost=74210.29..129110.58 rows=23476 width=0) (actual time=1161.921..2510.776 rows=41463 loops=1)
  Hash Cond: (mc.movie_id = t.id)
  ->  Seq Scan on movie_companies mc  (cost=0.00..44881.29 rows=2609129 width=4) (actual time=0.013..717.167 rows=2609129 loops=1)
  ->  Hash  (cost=73925.90..73925.90 rows=22751 width=4) (actual time=1155.638..1155.638 rows=18892 loops=1)
        Buckets: 32768  Batches: 1  Memory Usage: 921kB
        ->  Seq Scan on title t  (cost=0.00..73925.90 rows=22751 width=4) (actual time=0.418..1147.245 rows=18892 loops=1)
              Filter: ((kind_id < 7) AND (production_year = 2001))
              Rows Removed by Filter: 2509420
Planning time: 0.772 ms
Execution time: 2517.023 ms
