Seq Scan on movie_keyword mk  (cost=0.00..81003.12 rows=2157962 width=0) (actual time=0.024..1468.674 rows=2155815 loops=1)
  Filter: (keyword_id > 5363)
  Rows Removed by Filter: 2368115
Planning time: 0.313 ms
Execution time: 1738.925 ms
