Hash Join  (cost=110194.53..460966.69 rows=19696 width=0) (actual time=4545.684..8168.891 rows=9433 loops=1)
  Hash Cond: (mi.movie_id = t.id)
  ->  Seq Scan on movie_info mi  (cost=0.00..346232.03 rows=1158179 width=4) (actual time=1844.998..5570.982 rows=1204709 loops=1)
        Filter: (info_type_id > 18)
        Rows Removed by Filter: 13631011
  ->  Hash  (cost=109657.03..109657.03 rows=43000 width=8) (actual time=2363.161..2363.161 rows=18315 loops=1)
        Buckets: 65536  Batches: 1  Memory Usage: 1228kB
        ->  Hash Join  (cost=77854.63..109657.03 rows=43000 width=8) (actual time=1055.265..2356.104 rows=18315 loops=1)
              Hash Cond: (mi_idx.movie_id = t.id)
              ->  Seq Scan on movie_info_idx mi_idx  (cost=0.00..25185.44 rows=454124 width=4) (actual time=0.032..449.146 rows=459925 loops=1)
                    Filter: (info_type_id = 100)
                    Rows Removed by Filter: 920110
              ->  Hash  (cost=73925.90..73925.90 rows=239418 width=4) (actual time=1034.104..1034.104 rows=256906 loops=1)
                    Buckets: 131072  Batches: 4  Memory Usage: 3296kB
                    ->  Seq Scan on title t  (cost=0.00..73925.90 rows=239418 width=4) (actual time=0.027..951.410 rows=256906 loops=1)
                          Filter: ((production_year > 2010) AND (kind_id = 7))
                          Rows Removed by Filter: 2271406
Planning time: 1.172 ms
Execution time: 8170.647 ms
