Hash Join  (cost=89762.59..464060.93 rows=720080 width=0) (actual time=4458.285..8625.217 rows=801443 loops=1)
  Hash Cond: (mi.movie_id = t.id)
  ->  Seq Scan on movie_info mi  (cost=0.00..346232.03 rows=1348138 width=4) (actual time=2448.668..5499.255 rows=1298989 loops=1)
        Filter: (info_type_id = 4)
        Rows Removed by Filter: 13536731
  ->  Hash  (cost=67604.59..67604.59 rows=1350560 width=4) (actual time=2008.378..2008.378 rows=1348293 loops=1)
        Buckets: 131072  Batches: 32  Memory Usage: 2514kB
        ->  Seq Scan on title t  (cost=0.00..67604.59 rows=1350560 width=4) (actual time=0.026..1333.389 rows=1348293 loops=1)
              Filter: (production_year < 2005)
              Rows Removed by Filter: 1180019
Planning time: 0.818 ms
Execution time: 8721.365 ms
