Seq Scan on movie_keyword mk  (cost=0.00..81003.12 rows=246 width=0) (actual time=2.010..1178.465 rows=89 loops=1)
  Filter: (keyword_id = 40651)
  Rows Removed by Filter: 4523841
Planning time: 0.366 ms
Execution time: 1178.621 ms
