Hash Join  (cost=128779.72..256661.20 rows=482544 width=0) (actual time=2877.523..7583.352 rows=6587973 loops=1)
  Hash Cond: (mk.movie_id = t.id)
  ->  Seq Scan on movie_keyword mk  (cost=0.00..69693.30 rows=4523930 width=4) (actual time=11.325..1392.673 rows=4523930 loops=1)
  ->  Hash  (cost=124354.41..124354.41 rows=269705 width=8) (actual time=2865.471..2865.471 rows=603529 loops=1)
        Buckets: 131072 (originally 131072)  Batches: 8 (originally 4)  Memory Usage: 4003kB
        ->  Hash Join  (cost=82033.88..124354.41 rows=269705 width=8) (actual time=1439.059..2688.044 rows=603529 loops=1)
              Hash Cond: (mi_idx.movie_id = t.id)
              ->  Seq Scan on movie_info_idx mi_idx  (cost=0.00..21735.35 rows=1380035 width=4) (actual time=0.022..405.580 rows=1380035 loops=1)
              ->  Hash  (cost=73925.90..73925.90 rows=494158 width=4) (actual time=1438.285..1438.285 rows=581419 loops=1)
                    Buckets: 131072  Batches: 8  Memory Usage: 3592kB
                    ->  Seq Scan on title t  (cost=0.00..73925.90 rows=494158 width=4) (actual time=0.050..1261.625 rows=581419 loops=1)
                          Filter: ((kind_id < 7) AND (production_year < 2004))
                          Rows Removed by Filter: 1946893
Planning time: 1.173 ms
Execution time: 8293.398 ms
