Hash Join  (cost=102767.86..251287.10 rows=2395330 width=0) (actual time=1959.745..5634.585 rows=2389057 loops=1)
  Hash Cond: (mk.movie_id = t.id)
  ->  Seq Scan on movie_keyword mk  (cost=0.00..81003.12 rows=2395330 width=4) (actual time=0.023..1671.550 rows=2389057 loops=1)
        Filter: (keyword_id > 3945)
        Rows Removed by Filter: 2134873
  ->  Hash  (cost=61283.27..61283.27 rows=2528527 width=4) (actual time=1958.623..1958.623 rows=2528312 loops=1)
        Buckets: 131072  Batches: 64  Memory Usage: 2425kB
        ->  Seq Scan on title t  (cost=0.00..61283.27 rows=2528527 width=4) (actual time=0.015..1107.933 rows=2528312 loops=1)
Planning time: 0.664 ms
Execution time: 5883.043 ms
