Seq Scan on cast_info ci  (cost=0.00..796071.18 rows=9629 width=0) (actual time=5859.472..11309.072 rows=3385 loops=1)
  Filter: ((person_id < 8396) AND (role_id = 10))
  Rows Removed by Filter: 36240959
Planning time: 0.399 ms
Execution time: 11309.687 ms
