Hash Join  (cost=73697.01..160406.40 rows=5135 width=0) (actual time=991.364..2799.234 rows=17746 loops=1)
  Hash Cond: (mk.movie_id = t.id)
  ->  Seq Scan on movie_keyword mk  (cost=0.00..69693.30 rows=4523930 width=4) (actual time=0.019..982.188 rows=4523930 loops=1)
  ->  Hash  (cost=73661.14..73661.14 rows=2870 width=8) (actual time=990.626..990.626 rows=3722 loops=1)
        Buckets: 4096  Batches: 1  Memory Usage: 178kB
        ->  Nested Loop  (cost=0.43..73661.14 rows=2870 width=8) (actual time=0.142..988.556 rows=3722 loops=1)
              ->  Seq Scan on movie_companies mc  (cost=0.00..51404.11 rows=2870 width=4) (actual time=0.090..886.231 rows=3722 loops=1)
                    Filter: (company_id = 139)
                    Rows Removed by Filter: 2605407
              ->  Index Only Scan using title_pkey on title t  (cost=0.43..7.75 rows=1 width=4) (actual time=0.026..0.027 rows=1 loops=3722)
                    Index Cond: (id = mc.movie_id)
                    Heap Fetches: 3722
Planning time: 1.100 ms
Execution time: 2801.830 ms
