Hash Join  (cost=83991.73..155693.57 rows=310454 width=0) (actual time=1472.501..3835.924 rows=518865 loops=1)
  Hash Cond: (mc.movie_id = t.id)
  ->  Seq Scan on movie_companies mc  (cost=0.00..51404.11 rows=1279517 width=4) (actual time=0.023..1077.549 rows=1274246 loops=1)
        Filter: (company_type_id < 2)
        Rows Removed by Filter: 1334883
  ->  Hash  (cost=73925.90..73925.90 rows=613506 width=4) (actual time=1471.482..1471.482 rows=517883 loops=1)
        Buckets: 131072  Batches: 16  Memory Usage: 2160kB
        ->  Seq Scan on title t  (cost=0.00..73925.90 rows=613506 width=4) (actual time=0.013..1311.365 rows=517883 loops=1)
              Filter: ((production_year > 1938) AND (kind_id = 1))
              Rows Removed by Filter: 2010429
Planning time: 0.705 ms
Execution time: 3897.191 ms
