Hash Join  (cost=73953.78..160651.72 rows=3990 width=0) (actual time=1137.624..2930.842 rows=26518 loops=1)
  Hash Cond: (mk.movie_id = t.id)
  ->  Seq Scan on movie_keyword mk  (cost=0.00..69693.30 rows=4523930 width=4) (actual time=0.025..966.869 rows=4523930 loops=1)
  ->  Hash  (cost=73925.90..73925.90 rows=2230 width=4) (actual time=1136.165..1136.165 rows=5225 loops=1)
        Buckets: 8192 (originally 4096)  Batches: 1 (originally 1)  Memory Usage: 248kB
        ->  Seq Scan on title t  (cost=0.00..73925.90 rows=2230 width=4) (actual time=0.116..1133.243 rows=5225 loops=1)
              Filter: ((kind_id < 3) AND (production_year = 1980))
              Rows Removed by Filter: 2523087
Planning time: 0.702 ms
Execution time: 2934.628 ms
