Hash Join  (cost=52284.99..141922.09 rows=95 width=0) (actual time=845.553..2259.276 rows=2640 loops=1)
  Hash Cond: (mk.movie_id = t.id)
  ->  Seq Scan on movie_keyword mk  (cost=0.00..81003.12 rows=2302140 width=4) (actual time=0.028..1167.330 rows=2304137 loops=1)
        Filter: (keyword_id > 4520)
        Rows Removed by Filter: 2219793
  ->  Hash  (cost=52283.69..52283.69 rows=104 width=8) (actual time=831.329..831.329 rows=100 loops=1)
        Buckets: 1024  Batches: 1  Memory Usage: 12kB
        ->  Nested Loop  (cost=0.43..52283.69 rows=104 width=8) (actual time=117.748..831.235 rows=100 loops=1)
              ->  Seq Scan on movie_companies mc  (cost=0.00..51404.11 rows=104 width=4) (actual time=117.634..817.683 rows=100 loops=1)
                    Filter: (company_id = 1551)
                    Rows Removed by Filter: 2609029
              ->  Index Only Scan using title_pkey on title t  (cost=0.43..8.45 rows=1 width=4) (actual time=0.133..0.133 rows=1 loops=100)
                    Index Cond: (id = mc.movie_id)
                    Heap Fetches: 100
Planning time: 1.136 ms
Execution time: 2259.729 ms
