Hash Join  (cost=84697.09..169085.84 rows=677422 width=0) (actual time=1370.543..3709.185 rows=361231 loops=1)
  Hash Cond: (mc.movie_id = t.id)
  ->  Seq Scan on movie_companies mc  (cost=0.00..44881.29 rows=2609129 width=4) (actual time=0.024..1009.091 rows=2609129 loops=1)
  ->  Hash  (cost=73925.90..73925.90 rows=656495 width=4) (actual time=1369.627..1369.627 rows=556797 loops=1)
        Buckets: 131072  Batches: 16  Memory Usage: 2246kB
        ->  Seq Scan on title t  (cost=0.00..73925.90 rows=656495 width=4) (actual time=334.759..1193.121 rows=556797 loops=1)
              Filter: ((production_year < 2001) AND (kind_id = 7))
              Rows Removed by Filter: 1971515
Planning time: 0.785 ms
Execution time: 3747.420 ms
