Hash Join  (cost=960577.82..1110513.67 rows=2292782 width=0) (actual time=16962.988..21472.123 rows=4060836 loops=1)
  Hash Cond: (mk.movie_id = t.id)
  ->  Seq Scan on movie_keyword mk  (cost=0.00..69693.30 rows=4523930 width=4) (actual time=0.015..1489.629 rows=4523930 loops=1)
  ->  Hash  (cost=939553.22..939553.22 rows=1281488 width=8) (actual time=16961.932..16961.932 rows=1468312 loops=1)
        Buckets: 131072  Batches: 32  Memory Usage: 2805kB
        ->  Hash Join  (cost=102767.86..939553.22 rows=1281488 width=8) (actual time=11246.324..16579.203 rows=1468312 loops=1)
              Hash Cond: (ci.movie_id = t.id)
              ->  Seq Scan on cast_info ci  (cost=0.00..796071.18 rows=1281488 width=4) (actual time=9187.742..13064.570 rows=1468312 loops=1)
                    Filter: ((person_id > 1913144) AND (role_id = 4))
                    Rows Removed by Filter: 34776032
              ->  Hash  (cost=61283.27..61283.27 rows=2528527 width=4) (actual time=2055.665..2055.665 rows=2528312 loops=1)
                    Buckets: 131072  Batches: 64  Memory Usage: 2415kB
                    ->  Seq Scan on title t  (cost=0.00..61283.27 rows=2528527 width=4) (actual time=0.019..1201.936 rows=2528312 loops=1)
Planning time: 1.155 ms
Execution time: 21896.513 ms
