Hash Join  (cost=87255.85..157404.24 rows=196740 width=0) (actual time=1693.394..2777.175 rows=5060 loops=1)
  Hash Cond: (mc.movie_id = t.id)
  ->  Seq Scan on movie_companies mc  (cost=0.00..57926.93 rows=612279 width=4) (actual time=189.131..983.105 rows=366681 loops=1)
        Filter: ((company_id > 11543) AND (company_type_id < 2))
        Rows Removed by Filter: 2242448
  ->  Hash  (cost=73925.90..73925.90 rows=812476 width=4) (actual time=1503.273..1503.273 rows=886818 loops=1)
        Buckets: 131072  Batches: 16  Memory Usage: 2981kB
        ->  Seq Scan on title t  (cost=0.00..73925.90 rows=812476 width=4) (actual time=0.032..1230.106 rows=886818 loops=1)
              Filter: ((kind_id > 4) AND (production_year > 2001))
              Rows Removed by Filter: 1641494
Planning time: 2.098 ms
Execution time: 2778.007 ms
