Hash Join  (cost=615588.04..2314117.58 rows=51484228 width=0) (actual time=11564.687..50002.850 rows=24561996 loops=1)
  Hash Cond: (ci.movie_id = t.id)
  ->  Seq Scan on cast_info ci  (cost=0.00..614943.12 rows=36225612 width=4) (actual time=0.012..13818.276 rows=36244344 loops=1)
  ->  Hash  (cost=556630.42..556630.42 rows=3593570 width=8) (actual time=11563.886..11563.886 rows=1079219 loops=1)
        Buckets: 131072  Batches: 64  Memory Usage: 1666kB
        ->  Hash Join  (cost=92883.59..556630.42 rows=3593570 width=8) (actual time=2629.230..11268.870 rows=1079219 loops=1)
              Hash Cond: (mi.movie_id = t.id)
              ->  Seq Scan on movie_info mi  (cost=0.00..346232.03 rows=5897221 width=4) (actual time=920.643..6191.201 rows=5884963 loops=1)
                    Filter: (info_type_id < 7)
                    Rows Removed by Filter: 8950757
              ->  Hash  (cost=67604.59..67604.59 rows=1540800 width=4) (actual time=1707.787..1707.787 rows=1543264 loops=1)
                    Buckets: 131072  Batches: 32  Memory Usage: 2728kB
                    ->  Seq Scan on title t  (cost=0.00..67604.59 rows=1540800 width=4) (actual time=87.445..1194.611 rows=1543264 loops=1)
                          Filter: (kind_id = 7)
                          Rows Removed by Filter: 985048
Planning time: 1.224 ms
Execution time: 52570.138 ms
