Hash Join  (cost=84877.30..1216915.61 rows=9562714 width=0) (actual time=1477.599..34608.900 rows=10142041 loops=1)
  Hash Cond: (ci.movie_id = t.id)
  ->  Seq Scan on cast_info ci  (cost=0.00..614943.12 rows=36225612 width=4) (actual time=0.015..13496.536 rows=36244344 loops=1)
  ->  Hash  (cost=73925.90..73925.90 rows=667472 width=4) (actual time=1476.560..1476.560 rows=677535 loops=1)
        Buckets: 131072  Batches: 16  Memory Usage: 2513kB
        ->  Seq Scan on title t  (cost=0.00..73925.90 rows=667472 width=4) (actual time=0.016..1268.386 rows=677535 loops=1)
              Filter: ((kind_id < 3) AND (production_year < 2012))
              Rows Removed by Filter: 1850777
Planning time: 0.800 ms
Execution time: 35710.073 ms
