Seq Scan on cast_info ci  (cost=0.00..705507.15 rows=10524159 width=0) (actual time=2326.923..12182.764 rows=10531453 loops=1)
  Filter: (person_id > 2656140)
  Rows Removed by Filter: 25712891
Planning time: 0.372 ms
Execution time: 13507.394 ms
