Hash Join  (cost=145237.38..247520.89 rows=204914 width=0) (actual time=3074.666..5669.196 rows=331115 loops=1)
  Hash Cond: (mk.movie_id = t.id)
  ->  Seq Scan on movie_keyword mk  (cost=0.00..81003.12 rows=1550199 width=4) (actual time=0.031..1508.419 rows=1555093 loops=1)
        Filter: (keyword_id < 2319)
        Rows Removed by Filter: 2968837
  ->  Hash  (cost=139753.44..139753.44 rows=334235 width=8) (actual time=3073.110..3073.110 rows=250045 loops=1)
        Buckets: 131072  Batches: 8  Memory Usage: 2254kB
        ->  Hash Join  (cost=98137.04..139753.44 rows=334235 width=8) (actual time=1877.860..2991.788 rows=250045 loops=1)
              Hash Cond: (mi_idx.movie_id = t.id)
              ->  Seq Scan on movie_info_idx mi_idx  (cost=0.00..25185.44 rows=454124 width=4) (actual time=0.015..466.113 rows=459925 loops=1)
                    Filter: (info_type_id = 100)
                    Rows Removed by Filter: 920110
              ->  Hash  (cost=67604.59..67604.59 rows=1860996 width=4) (actual time=1876.804..1876.804 rows=1865487 loops=1)
                    Buckets: 131072  Batches: 32  Memory Usage: 3079kB
                    ->  Seq Scan on title t  (cost=0.00..67604.59 rows=1860996 width=4) (actual time=0.010..1282.420 rows=1865487 loops=1)
                          Filter: (kind_id > 1)
                          Rows Removed by Filter: 662825
Planning time: 2.689 ms
Execution time: 5710.814 ms
