Hash Join  (cost=75195.76..534199.77 rows=289882 width=0) (actual time=1263.693..10895.979 rows=72195 loops=1)
  Hash Cond: (mi.movie_id = t.id)
  ->  Seq Scan on movie_info mi  (cost=0.00..346232.03 rows=9476311 width=4) (actual time=5.619..6286.352 rows=9565151 loops=1)
        Filter: (info_type_id < 16)
        Rows Removed by Filter: 5270569
  ->  Hash  (cost=73925.90..73925.90 rows=77348 width=4) (actual time=1256.263..1256.263 rows=84109 loops=1)
        Buckets: 131072  Batches: 2  Memory Usage: 2515kB
        ->  Seq Scan on title t  (cost=0.00..73925.90 rows=77348 width=4) (actual time=262.722..1223.518 rows=84109 loops=1)
              Filter: ((kind_id = 7) AND (production_year = 2008))
              Rows Removed by Filter: 2444203
Planning time: 0.793 ms
Execution time: 10905.314 ms
