Hash Join  (cost=711045.32..2238974.45 rows=41067489 width=0) (actual time=16598.015..86979.410 rows=157987004 loops=1)
  Hash Cond: (ci.movie_id = t.id)
  ->  Seq Scan on cast_info ci  (cost=0.00..796071.18 rows=16664806 width=4) (actual time=0.019..17770.000 rows=20668862 loops=1)
        Filter: ((person_id > 1018677) AND (role_id > 1))
        Rows Removed by Filter: 15575482
  ->  Hash  (cost=608815.44..608815.44 rows=6231111 width=8) (actual time=16595.523..16595.523 rows=6223494 loops=1)
        Buckets: 131072  Batches: 128  Memory Usage: 2920kB
        ->  Hash Join  (cost=102767.86..608815.44 rows=6231111 width=8) (actual time=2332.190..14728.207 rows=6223494 loops=1)
              Hash Cond: (mi.movie_id = t.id)
              ->  Seq Scan on movie_info mi  (cost=0.00..346232.03 rows=6231111 width=4) (actual time=0.016..6505.485 rows=6223494 loops=1)
                    Filter: (info_type_id > 8)
                    Rows Removed by Filter: 8612226
              ->  Hash  (cost=61283.27..61283.27 rows=2528527 width=4) (actual time=2330.425..2330.425 rows=2528312 loops=1)
                    Buckets: 131072  Batches: 64  Memory Usage: 2425kB
                    ->  Seq Scan on title t  (cost=0.00..61283.27 rows=2528527 width=4) (actual time=0.023..1154.008 rows=2528312 loops=1)
Planning time: 1.157 ms
Execution time: 104313.485 ms
