Seq Scan on movie_companies mc  (cost=0.00..51404.11 rows=104 width=0) (actual time=2.582..707.423 rows=353 loops=1)
  Filter: (company_id = 11781)
  Rows Removed by Filter: 2608776
Planning time: 0.366 ms
Execution time: 707.609 ms
