Hash Join  (cost=74547.77..129618.84 rows=18280 width=0) (actual time=1225.361..2419.231 rows=37680 loops=1)
  Hash Cond: (mc.movie_id = t.id)
  ->  Seq Scan on movie_companies mc  (cost=0.00..51404.11 rows=929110 width=4) (actual time=0.021..932.433 rows=937808 loops=1)
        Filter: (company_id > 19145)
        Rows Removed by Filter: 1671321
  ->  Hash  (cost=73925.90..73925.90 rows=49749 width=4) (actual time=1224.964..1224.964 rows=44012 loops=1)
        Buckets: 65536  Batches: 1  Memory Usage: 2060kB
        ->  Seq Scan on title t  (cost=0.00..73925.90 rows=49749 width=4) (actual time=0.032..1207.479 rows=44012 loops=1)
              Filter: ((kind_id < 7) AND (production_year = 2009))
              Rows Removed by Filter: 2484300
Planning time: 0.499 ms
Execution time: 2424.744 ms
