Hash Join  (cost=73983.02..438905.28 rows=26633 width=0) (actual time=1248.725..8515.742 rows=34027 loops=1)
  Hash Cond: (mi.movie_id = t.id)
  ->  Seq Scan on movie_info mi  (cost=0.00..309384.22 rows=14739122 width=4) (actual time=0.017..4242.856 rows=14835720 loops=1)
  ->  Hash  (cost=73925.90..73925.90 rows=4569 width=4) (actual time=1170.054..1170.054 rows=5919 loops=1)
        Buckets: 8192  Batches: 1  Memory Usage: 273kB
        ->  Seq Scan on title t  (cost=0.00..73925.90 rows=4569 width=4) (actual time=0.164..1167.042 rows=5919 loops=1)
              Filter: ((kind_id > 4) AND (production_year = 1962))
              Rows Removed by Filter: 2522393
Planning time: 0.775 ms
Execution time: 8520.797 ms
