Hash Join  (cost=797557.33..884216.44 rows=107 width=0) (actual time=13099.768..14178.168 rows=107 loops=1)
  Hash Cond: (mk.movie_id = t.id)
  ->  Seq Scan on movie_keyword mk  (cost=0.00..69693.30 rows=4523930 width=4) (actual time=0.013..765.649 rows=4523930 loops=1)
  ->  Hash  (cost=797556.58..797556.58 rows=60 width=8) (actual time=12817.195..12817.195 rows=5 loops=1)
        Buckets: 1024  Batches: 1  Memory Usage: 9kB
        ->  Nested Loop  (cost=0.43..797556.58 rows=60 width=8) (actual time=8639.238..12817.178 rows=5 loops=1)
              ->  Seq Scan on cast_info ci  (cost=0.00..796071.18 rows=176 width=4) (actual time=8639.162..12816.935 rows=9 loops=1)
                    Filter: ((role_id < 2) AND (person_id = 1264981))
                    Rows Removed by Filter: 36244335
              ->  Index Scan using title_pkey on title t  (cost=0.43..8.43 rows=1 width=4) (actual time=0.024..0.024 rows=1 loops=9)
                    Index Cond: (id = ci.movie_id)
                    Filter: ((kind_id < 7) AND (production_year > 1962))
                    Rows Removed by Filter: 0
Planning time: 2.756 ms
Execution time: 14178.329 ms
