Hash Join  (cost=495870.39..1349416.52 rows=3491833 width=0) (actual time=9594.057..27952.193 rows=5830692 loops=1)
  Hash Cond: (ci.movie_id = t.id)
  ->  Seq Scan on cast_info ci  (cost=0.00..705507.15 rows=9468168 width=4) (actual time=346.622..12689.969 rows=9384703 loops=1)
        Filter: (role_id > 4)
        Rows Removed by Filter: 26859641
  ->  Hash  (cost=480570.96..480570.96 rows=932514 width=8) (actual time=9246.366..9246.366 rows=967768 loops=1)
        Buckets: 131072  Batches: 16  Memory Usage: 3384kB
        ->  Hash Join  (cost=86534.07..480570.96 rows=932514 width=8) (actual time=5744.989..9002.822 rows=967768 loops=1)
              Hash Cond: (mi.movie_id = t.id)
              ->  Seq Scan on movie_info mi  (cost=0.00..346232.03 rows=3068194 width=4) (actual time=4195.475..5744.735 rows=3036719 loops=1)
                    Filter: (info_type_id = 16)
                    Rows Removed by Filter: 11799001
              ->  Hash  (cost=73925.90..73925.90 rows=768493 width=4) (actual time=1548.404..1548.404 rows=840010 loops=1)
                    Buckets: 131072  Batches: 16  Memory Usage: 2883kB
                    ->  Seq Scan on title t  (cost=0.00..73925.90 rows=768493 width=4) (actual time=0.036..1276.002 rows=840010 loops=1)
                          Filter: ((production_year > 2002) AND (kind_id = 7))
                          Rows Removed by Filter: 1688302
Planning time: 1.193 ms
Execution time: 28574.642 ms
