Hash Join  (cost=74050.79..207707.11 rows=605568 width=0) (actual time=1181.445..4893.554 rows=264755 loops=1)
  Hash Cond: (mk.movie_id = t.id)
  ->  Seq Scan on movie_keyword mk  (cost=0.00..81003.12 rows=3897204 width=4) (actual time=0.022..1681.653 rows=3899162 loops=1)
        Filter: (keyword_id > 482)
        Rows Removed by Filter: 624768
  ->  Hash  (cost=67604.59..67604.59 rows=392896 width=4) (actual time=1175.348..1175.348 rows=391666 loops=1)
        Buckets: 131072  Batches: 8  Memory Usage: 2759kB
        ->  Seq Scan on title t  (cost=0.00..67604.59 rows=392896 width=4) (actual time=0.033..1038.223 rows=391666 loops=1)
              Filter: (production_year > 2010)
              Rows Removed by Filter: 2136646
Planning time: 0.715 ms
Execution time: 4927.016 ms
