Seq Scan on movie_companies mc  (cost=0.00..57926.93 rows=300358 width=0) (actual time=241.210..716.393 rows=161412 loops=1)
  Filter: ((company_id < 666) AND (company_type_id > 1))
  Rows Removed by Filter: 2447717
Planning time: 0.348 ms
Execution time: 735.249 ms
