Hash Join  (cost=425107.26..515767.34 rows=38304 width=0) (actual time=7059.055..8988.555 rows=415698 loops=1)
  Hash Cond: (mk.movie_id = t.id)
  ->  Seq Scan on movie_keyword mk  (cost=0.00..81003.12 rows=2473045 width=4) (actual time=0.024..1462.856 rows=2465197 loops=1)
        Filter: (keyword_id > 3660)
        Rows Removed by Filter: 2058733
  ->  Hash  (cost=424617.72..424617.72 rows=39163 width=8) (actual time=7055.806..7055.806 rows=18058 loops=1)
        Buckets: 65536  Batches: 1  Memory Usage: 1218kB
        ->  Hash Join  (cost=70241.71..424617.72 rows=39163 width=8) (actual time=3366.197..7049.482 rows=18058 loops=1)
              Hash Cond: (mi.movie_id = t.id)
              ->  Seq Scan on movie_info mi  (cost=0.00..346232.03 rows=616095 width=4) (actual time=1920.427..5071.139 rows=598457 loops=1)
                    Filter: (info_type_id = 15)
                    Rows Removed by Filter: 14237263
              ->  Hash  (cost=67604.59..67604.59 rows=160730 width=4) (actual time=1392.716..1392.716 rows=160017 loops=1)
                    Buckets: 131072  Batches: 4  Memory Usage: 2442kB
                    ->  Seq Scan on title t  (cost=0.00..67604.59 rows=160730 width=4) (actual time=0.033..1036.477 rows=160017 loops=1)
                          Filter: (production_year = 2011)
                          Rows Removed by Filter: 2368295
Planning time: 1.173 ms
Execution time: 9038.824 ms
