Hash Join  (cost=260676.04..861770.33 rows=8588915 width=0) (actual time=5554.604..19440.194 rows=3847788 loops=1)
  Hash Cond: (mi.movie_id = t.id)
  ->  Seq Scan on movie_info mi  (cost=0.00..346232.03 rows=12665229 width=4) (actual time=0.019..7163.271 rows=12744652 loops=1)
        Filter: (info_type_id > 2)
        Rows Removed by Filter: 2091068
  ->  Hash  (cost=232543.06..232543.06 rows=1714718 width=8) (actual time=5406.041..5406.041 rows=425562 loops=1)
        Buckets: 131072  Batches: 32  Memory Usage: 1568kB
        ->  Hash Join  (cost=89649.84..232543.06 rows=1714718 width=8) (actual time=2455.404..5274.793 rows=425562 loops=1)
              Hash Cond: (mk.movie_id = t.id)
              ->  Seq Scan on movie_keyword mk  (cost=0.00..69693.30 rows=4523930 width=4) (actual time=0.020..1438.631 rows=4523930 loops=1)
              ->  Hash  (cost=73925.90..73925.90 rows=958395 width=4) (actual time=1643.255..1643.255 rows=1050192 loops=1)
                    Buckets: 131072  Batches: 16  Memory Usage: 3346kB
                    ->  Seq Scan on title t  (cost=0.00..73925.90 rows=958395 width=4) (actual time=0.014..1313.297 rows=1050192 loops=1)
                          Filter: ((production_year > 1996) AND (kind_id = 7))
                          Rows Removed by Filter: 1478120
Planning time: 4.125 ms
Execution time: 19879.662 ms
