Seq Scan on movie_companies mc  (cost=0.00..57926.93 rows=198114 width=0) (actual time=81.401..852.824 rows=309001 loops=1)
  Filter: ((company_id < 258) AND (company_type_id < 2))
  Rows Removed by Filter: 2300128
Planning time: 0.312 ms
Execution time: 892.353 ms
