Seq Scan on cast_info ci  (cost=0.00..705507.15 rows=30659914 width=0) (actual time=0.026..12551.491 rows=30609134 loops=1)
  Filter: (person_id < 3087155)
  Rows Removed by Filter: 5635210
Planning time: 0.322 ms
Execution time: 16287.483 ms
