Hash Join  (cost=73930.12..128599.12 rows=348 width=0) (actual time=1150.622..2297.039 rows=1170 loops=1)
  Hash Cond: (mc.movie_id = t.id)
  ->  Seq Scan on movie_companies mc  (cost=0.00..44881.29 rows=2609129 width=4) (actual time=0.027..656.278 rows=2609129 loops=1)
  ->  Hash  (cost=73925.90..73925.90 rows=337 width=4) (actual time=1148.416..1148.416 rows=910 loops=1)
        Buckets: 1024  Batches: 1  Memory Usage: 40kB
        ->  Seq Scan on title t  (cost=0.00..73925.90 rows=337 width=4) (actual time=186.603..1147.779 rows=910 loops=1)
              Filter: ((kind_id = 4) AND (production_year = 1987))
              Rows Removed by Filter: 2527402
Planning time: 0.744 ms
Execution time: 2297.444 ms
