Seq Scan on movie_keyword mk  (cost=0.00..81003.12 rows=1177654 width=0) (actual time=0.031..1357.756 rows=1188015 loops=1)
  Filter: (keyword_id > 15588)
  Rows Removed by Filter: 3335915
Planning time: 0.312 ms
Execution time: 1505.706 ms
