Seq Scan on movie_keyword mk  (cost=0.00..81003.12 rows=3108620 width=0) (actual time=0.019..1476.248 rows=3095240 loops=1)
  Filter: (keyword_id < 11665)
  Rows Removed by Filter: 1428690
Planning time: 0.294 ms
Execution time: 1859.737 ms
