Hash Join  (cost=504951.51..1594404.46 rows=8007054 width=0) (actual time=9319.234..43133.705 rows=12372490 loops=1)
  Hash Cond: (ci.movie_id = t.id)
  ->  Seq Scan on cast_info ci  (cost=0.00..796071.18 rows=18069928 width=4) (actual time=0.022..17529.135 rows=21276987 loops=1)
        Filter: ((person_id > 809119) AND (role_id > 1))
        Rows Removed by Filter: 14967357
  ->  Hash  (cost=486569.16..486569.16 rows=1120428 width=8) (actual time=9318.093..9318.093 rows=1218964 loops=1)
        Buckets: 131072  Batches: 16  Memory Usage: 4001kB
        ->  Hash Join  (cost=104131.46..486569.16 rows=1120428 width=8) (actual time=3410.347..8949.407 rows=1218964 loops=1)
              Hash Cond: (mi.movie_id = t.id)
              ->  Seq Scan on movie_info mi  (cost=0.00..346232.03 rows=1272478 width=4) (actual time=1299.776..5279.875 rows=1325361 loops=1)
                    Filter: (info_type_id = 8)
                    Rows Removed by Filter: 13510359
              ->  Hash  (cost=67604.59..67604.59 rows=2226390 width=4) (actual time=2109.665..2109.665 rows=2224569 loops=1)
                    Buckets: 131072  Batches: 32  Memory Usage: 3472kB
                    ->  Seq Scan on title t  (cost=0.00..67604.59 rows=2226390 width=4) (actual time=0.029..1370.420 rows=2224569 loops=1)
                          Filter: (production_year < 2012)
                          Rows Removed by Filter: 303743
Planning time: 2.641 ms
Execution time: 44557.357 ms
