Hash Join  (cost=245016.20..1085930.26 rows=3690265 width=0) (actual time=9597.919..26884.266 rows=11569585 loops=1)
  Hash Cond: (ci.movie_id = t.id)
  ->  Seq Scan on cast_info ci  (cost=0.00..705507.15 rows=7298253 width=4) (actual time=3407.502..12742.034 rows=7451973 loops=1)
        Filter: (role_id = 2)
        Rows Removed by Filter: 28792371
  ->  Hash  (cost=224039.75..224039.75 rows=1278516 width=8) (actual time=6189.058..6189.058 rows=1761489 loops=1)
        Buckets: 131072  Batches: 32  Memory Usage: 3135kB
        ->  Hash Join  (cost=80874.21..224039.75 rows=1278516 width=8) (actual time=1394.414..5670.169 rows=1761489 loops=1)
              Hash Cond: (mk.movie_id = t.id)
              ->  Seq Scan on movie_keyword mk  (cost=0.00..81003.12 rows=3997135 width=4) (actual time=0.026..1818.339 rows=4007344 loops=1)
                    Filter: (keyword_id < 35057)
                    Rows Removed by Filter: 516586
              ->  Hash  (cost=67604.59..67604.59 rows=808770 width=4) (actual time=1393.609..1393.609 rows=812704 loops=1)
                    Buckets: 131072  Batches: 16  Memory Usage: 2819kB
                    ->  Seq Scan on title t  (cost=0.00..67604.59 rows=808770 width=4) (actual time=0.019..1133.534 rows=812704 loops=1)
                          Filter: (production_year < 1995)
                          Rows Removed by Filter: 1715608
Planning time: 1.178 ms
Execution time: 28273.033 ms
