Hash Join  (cost=197332.20..1114866.42 rows=5490886 width=0) (actual time=4479.388..24950.072 rows=4804527 loops=1)
  Hash Cond: (ci.movie_id = t.id)
  ->  Seq Scan on cast_info ci  (cost=0.00..705507.15 rows=13233922 width=4) (actual time=164.670..12971.142 rows=13197023 loops=1)
        Filter: (person_id < 1302390)
        Rows Removed by Filter: 23047321
  ->  Hash  (cost=180119.31..180119.31 rows=1049111 width=8) (actual time=4312.977..4312.977 rows=494102 loops=1)
        Buckets: 131072  Batches: 16  Memory Usage: 2221kB
        ->  Hash Join  (cost=90606.68..180119.31 rows=1049111 width=8) (actual time=1622.390..4166.214 rows=494102 loops=1)
              Hash Cond: (mc.movie_id = t.id)
              ->  Seq Scan on movie_companies mc  (cost=0.00..44881.29 rows=2609129 width=4) (actual time=0.029..969.996 rows=2609129 loops=1)
              ->  Hash  (cost=73925.90..73925.90 rows=1016702 width=4) (actual time=1621.283..1621.283 rows=960113 loops=1)
                    Buckets: 131072  Batches: 16  Memory Usage: 3135kB
                    ->  Seq Scan on title t  (cost=0.00..73925.90 rows=1016702 width=4) (actual time=0.025..1316.344 rows=960113 loops=1)
                          Filter: ((production_year < 2008) AND (kind_id = 7))
                          Rows Removed by Filter: 1568199
Planning time: 1.246 ms
Execution time: 25478.477 ms
