Seq Scan on movie_companies mc  (cost=0.00..57926.93 rows=1062498 width=0) (actual time=436.499..990.943 rows=938336 loops=1)
  Filter: ((company_id > 329) AND (company_type_id = 1))
  Rows Removed by Filter: 1670793
Planning time: 0.409 ms
Execution time: 1104.506 ms
