Nested Loop  (cost=0.43..83071.67 rows=246 width=0) (actual time=53.918..1036.694 rows=74 loops=1)
  ->  Seq Scan on movie_keyword mk  (cost=0.00..81003.12 rows=246 width=4) (actual time=53.790..1033.223 rows=74 loops=1)
        Filter: (keyword_id = 11742)
        Rows Removed by Filter: 4523856
  ->  Index Only Scan using title_pkey on title t  (cost=0.43..8.40 rows=1 width=4) (actual time=0.041..0.042 rows=1 loops=74)
        Index Cond: (id = mk.movie_id)
        Heap Fetches: 74
Planning time: 0.746 ms
Execution time: 1036.841 ms
