Hash Join  (cost=202465.25..341645.13 rows=1409884 width=0) (actual time=3953.332..7884.404 rows=2654864 loops=1)
  Hash Cond: (mk.movie_id = t.id)
  ->  Seq Scan on movie_keyword mk  (cost=0.00..69693.30 rows=4523930 width=4) (actual time=0.016..1356.059 rows=4523930 loops=1)
  ->  Hash  (cost=189536.05..189536.05 rows=788016 width=8) (actual time=3952.014..3952.014 rows=492940 loops=1)
        Buckets: 131072  Batches: 16  Memory Usage: 2228kB
        ->  Hash Join  (cost=102767.86..189536.05 rows=788016 width=8) (actual time=1986.178..3810.522 rows=492940 loops=1)
              Hash Cond: (mc.movie_id = t.id)
              ->  Seq Scan on movie_companies mc  (cost=0.00..57926.93 rows=788016 width=4) (actual time=0.011..1033.863 rows=492940 loops=1)
                    Filter: ((company_id < 14490) AND (company_type_id = 2))
                    Rows Removed by Filter: 2116189
              ->  Hash  (cost=61283.27..61283.27 rows=2528527 width=4) (actual time=1985.012..1985.012 rows=2528312 loops=1)
                    Buckets: 131072  Batches: 64  Memory Usage: 2415kB
                    ->  Seq Scan on title t  (cost=0.00..61283.27 rows=2528527 width=4) (actual time=0.021..1144.337 rows=2528312 loops=1)
Planning time: 3.958 ms
Execution time: 8196.081 ms
