Hash Join  (cost=88414.58..130827.66 rows=319601 width=0) (actual time=1572.421..2921.292 rows=566584 loops=1)
  Hash Cond: (mi_idx.movie_id = t.id)
  ->  Seq Scan on movie_info_idx mi_idx  (cost=0.00..25185.44 rows=915101 width=4) (actual time=0.017..605.792 rows=919850 loops=1)
        Filter: (info_type_id < 101)
        Rows Removed by Filter: 460185
  ->  Hash  (cost=73925.90..73925.90 rows=883094 width=4) (actual time=1571.408..1571.408 rows=797389 loops=1)
        Buckets: 131072  Batches: 16  Memory Usage: 2777kB
        ->  Seq Scan on title t  (cost=0.00..73925.90 rows=883094 width=4) (actual time=0.012..1309.513 rows=797389 loops=1)
              Filter: ((kind_id < 7) AND (production_year > 1955))
              Rows Removed by Filter: 1730923
Planning time: 0.804 ms
Execution time: 2989.211 ms
