Seq Scan on movie_companies mc  (cost=0.00..51404.11 rows=1031189 width=0) (actual time=0.026..846.461 rows=1039326 loops=1)
  Filter: (company_id > 15240)
  Rows Removed by Filter: 1569803
Planning time: 0.324 ms
Execution time: 966.372 ms
