Hash Join  (cost=267871.34..1458984.57 rows=17707335 width=0) (actual time=5918.387..36094.437 rows=17582213 loops=1)
  Hash Cond: (ci.movie_id = t.id)
  ->  Seq Scan on cast_info ci  (cost=0.00..705507.15 rows=23499554 width=4) (actual time=0.034..15861.605 rows=23573656 loops=1)
        Filter: (role_id > 1)
        Rows Removed by Filter: 12670688
  ->  Hash  (cost=236612.22..236612.22 rows=1905290 width=8) (actual time=5917.025..5917.025 rows=1050961 loops=1)
        Buckets: 131072  Batches: 32  Memory Usage: 2271kB
        ->  Hash Join  (cost=91397.28..236612.22 rows=1905290 width=8) (actual time=1647.826..5611.075 rows=1050961 loops=1)
              Hash Cond: (mk.movie_id = t.id)
              ->  Seq Scan on movie_keyword mk  (cost=0.00..69693.30 rows=4523930 width=4) (actual time=0.014..1390.826 rows=4523930 loops=1)
              ->  Hash  (cost=73925.90..73925.90 rows=1064910 width=4) (actual time=1646.392..1646.392 rows=1003269 loops=1)
                    Buckets: 131072  Batches: 16  Memory Usage: 3239kB
                    ->  Seq Scan on title t  (cost=0.00..73925.90 rows=1064910 width=4) (actual time=0.027..1316.706 rows=1003269 loops=1)
                          Filter: ((kind_id > 1) AND (production_year < 2006))
                          Rows Removed by Filter: 1525043
Planning time: 4.099 ms
Execution time: 37925.733 ms
