Hash Join  (cost=123984.52..205245.22 rows=102 width=0) (actual time=2075.081..3275.890 rows=1441 loops=1)
  Hash Cond: (mk.movie_id = t.id)
  ->  Seq Scan on movie_keyword mk  (cost=0.00..81003.12 rows=68415 width=4) (actual time=0.029..1191.550 rows=69147 loops=1)
        Filter: (keyword_id < 62)
        Rows Removed by Filter: 4454783
  ->  Hash  (cost=123937.48..123937.48 rows=3763 width=8) (actual time=2064.192..2064.192 rows=9370 loops=1)
        Buckets: 16384 (originally 4096)  Batches: 1 (originally 1)  Memory Usage: 495kB
        ->  Hash Join  (cost=67697.55..123937.48 rows=3763 width=8) (actual time=998.916..2060.208 rows=9370 loops=1)
              Hash Cond: (mc.movie_id = t.id)
              ->  Seq Scan on movie_companies mc  (cost=0.00..51404.11 rows=1279517 width=4) (actual time=0.020..813.750 rows=1274246 loops=1)
                    Filter: (company_type_id = 1)
                    Rows Removed by Filter: 1334883
              ->  Hash  (cost=67604.59..67604.59 rows=7437 width=4) (actual time=998.272..998.272 rows=13736 loops=1)
                    Buckets: 16384 (originally 8192)  Batches: 1 (originally 1)  Memory Usage: 611kB
                    ->  Seq Scan on title t  (cost=0.00..67604.59 rows=7437 width=4) (actual time=0.038..991.830 rows=13736 loops=1)
                          Filter: (production_year = 1974)
                          Rows Removed by Filter: 2514576
Planning time: 1.193 ms
Execution time: 3276.472 ms
