Hash Join  (cost=85011.79..129031.99 rows=368772 width=0) (actual time=1921.699..3278.707 rows=589509 loops=1)
  Hash Cond: (mi_idx.movie_id = t.id)
  ->  Seq Scan on movie_info_idx mi_idx  (cost=0.00..21735.35 rows=1380035 width=4) (actual time=0.018..474.961 rows=1380035 loops=1)
  ->  Hash  (cost=73925.90..73925.90 rows=675671 width=4) (actual time=1920.607..1920.607 rows=576285 loops=1)
        Buckets: 131072  Batches: 16  Memory Usage: 2287kB
        ->  Seq Scan on title t  (cost=0.00..73925.90 rows=675671 width=4) (actual time=0.025..1037.439 rows=576285 loops=1)
              Filter: ((kind_id < 7) AND (production_year > 1991))
              Rows Removed by Filter: 1952027
Planning time: 2.225 ms
Execution time: 3344.489 ms
