Hash Join  (cost=156632.57..277184.22 rows=517373 width=0) (actual time=3802.330..7687.318 rows=2170604 loops=1)
  Hash Cond: (mk.movie_id = t.id)
  ->  Seq Scan on movie_keyword mk  (cost=0.00..81003.12 rows=2815945 width=4) (actual time=0.024..1587.464 rows=2808957 loops=1)
        Filter: (keyword_id > 2741)
        Rows Removed by Filter: 1714973
  ->  Hash  (cost=149010.49..149010.49 rows=464566 width=8) (actual time=3801.288..3801.288 rows=459925 loops=1)
        Buckets: 131072  Batches: 8  Memory Usage: 3284kB
        ->  Hash Join  (cost=102767.86..149010.49 rows=464566 width=8) (actual time=1669.150..3653.075 rows=459925 loops=1)
              Hash Cond: (mi_idx.movie_id = t.id)
              ->  Seq Scan on movie_info_idx mi_idx  (cost=0.00..25185.44 rows=464566 width=4) (actual time=0.025..486.092 rows=459925 loops=1)
                    Filter: (info_type_id = 101)
                    Rows Removed by Filter: 920110
              ->  Hash  (cost=61283.27..61283.27 rows=2528527 width=4) (actual time=1667.713..1667.713 rows=2528312 loops=1)
                    Buckets: 131072  Batches: 64  Memory Usage: 2415kB
                    ->  Seq Scan on title t  (cost=0.00..61283.27 rows=2528527 width=4) (actual time=0.024..866.358 rows=2528312 loops=1)
Planning time: 1.124 ms
Execution time: 7908.417 ms
