Seq Scan on movie_info mi  (cost=0.00..346232.03 rows=274038 width=75) (actual time=5067.212..6019.663 rows=306788 loops=1)
  Filter: (info_type_id > 105)
  Rows Removed by Filter: 14528932
Planning time: 1.868 ms
Execution time: 6037.356 ms
