Seq Scan on movie_keyword mk  (cost=0.00..81003.12 rows=246 width=0) (actual time=82.640..1329.147 rows=73 loops=1)
  Filter: (keyword_id = 59274)
  Rows Removed by Filter: 4523857
Planning time: 0.344 ms
Execution time: 1329.249 ms
