Nested Loop  (cost=0.43..83072.29 rows=30 width=0) (actual time=12.283..1376.644 rows=1628 loops=1)
  ->  Seq Scan on movie_keyword mk  (cost=0.00..81003.12 rows=246 width=4) (actual time=1.126..1294.616 rows=2735 loops=1)
        Filter: (keyword_id = 830)
        Rows Removed by Filter: 4521195
  ->  Index Scan using title_pkey on title t  (cost=0.43..8.40 rows=1 width=4) (actual time=0.029..0.029 rows=1 loops=2735)
        Index Cond: (id = mk.movie_id)
        Filter: (production_year < 1965)
        Rows Removed by Filter: 0
Planning time: 2.566 ms
Execution time: 1377.534 ms
