Hash Join  (cost=116525.17..249577.16 rows=132964 width=0) (actual time=3464.373..5089.345 rows=61452 loops=1)
  Hash Cond: (mk.movie_id = t.id)
  ->  Seq Scan on movie_keyword mk  (cost=0.00..81003.12 rows=4360326 width=4) (actual time=0.027..1837.398 rows=4346368 loops=1)
        Filter: (keyword_id > 121)
        Rows Removed by Filter: 177562
  ->  Hash  (cost=115259.36..115259.36 rows=77105 width=8) (actual time=2051.121..2051.121 rows=30861 loops=1)
        Buckets: 131072  Batches: 2  Memory Usage: 1633kB
        ->  Hash Join  (cost=76243.83..115259.36 rows=77105 width=8) (actual time=1234.126..2041.048 rows=30861 loops=1)
              Hash Cond: (mi_idx.movie_id = t.id)
              ->  Seq Scan on movie_info_idx mi_idx  (cost=0.00..21735.35 rows=1380035 width=4) (actual time=0.009..377.514 rows=1380035 loops=1)
              ->  Hash  (cost=73925.90..73925.90 rows=141274 width=4) (actual time=1149.355..1149.355 rows=150659 loops=1)
                    Buckets: 131072  Batches: 2  Memory Usage: 3673kB
                    ->  Seq Scan on title t  (cost=0.00..73925.90 rows=141274 width=4) (actual time=0.032..1095.758 rows=150659 loops=1)
                          Filter: ((production_year > 2011) AND (kind_id = 7))
                          Rows Removed by Filter: 2377653
Planning time: 4.324 ms
Execution time: 5096.156 ms
