Hash Join  (cost=231089.19..319299.17 rows=954646 width=0) (actual time=4596.698..8512.196 rows=7349878 loops=1)
  Hash Cond: (mc.movie_id = t.id)
  ->  Seq Scan on movie_companies mc  (cost=0.00..44881.29 rows=2609129 width=4) (actual time=0.021..943.963 rows=2609129 loops=1)
  ->  Hash  (cost=215910.75..215910.75 rows=925155 width=8) (actual time=4595.911..4595.911 rows=918262 loops=1)
        Buckets: 131072  Batches: 16  Memory Usage: 3312kB
        ->  Hash Join  (cost=102767.86..215910.75 rows=925155 width=8) (actual time=1855.270..4357.408 rows=918262 loops=1)
              Hash Cond: (mk.movie_id = t.id)
              ->  Seq Scan on movie_keyword mk  (cost=0.00..81003.12 rows=925155 width=4) (actual time=0.024..1451.310 rows=918262 loops=1)
                    Filter: (keyword_id > 20329)
                    Rows Removed by Filter: 3605668
              ->  Hash  (cost=61283.27..61283.27 rows=2528527 width=4) (actual time=1853.969..1853.969 rows=2528312 loops=1)
                    Buckets: 131072  Batches: 64  Memory Usage: 2425kB
                    ->  Seq Scan on title t  (cost=0.00..61283.27 rows=2528527 width=4) (actual time=0.021..1022.290 rows=2528312 loops=1)
Planning time: 1.091 ms
Execution time: 9341.189 ms
