Hash Join  (cost=107308.20..1542550.65 rows=34670327 width=0) (actual time=2046.756..46833.494 rows=35750220 loops=1)
  Hash Cond: (ci.movie_id = t.id)
  ->  Seq Scan on cast_info ci  (cost=0.00..614943.12 rows=36225612 width=4) (actual time=0.022..13442.810 rows=36244344 loops=1)
  ->  Hash  (cost=67604.59..67604.59 rows=2419969 width=4) (actual time=2045.726..2045.726 rows=2413398 loops=1)
        Buckets: 131072  Batches: 32  Memory Usage: 3676kB
        ->  Seq Scan on title t  (cost=0.00..67604.59 rows=2419969 width=4) (actual time=0.017..1257.955 rows=2413398 loops=1)
              Filter: (production_year > 1912)
              Rows Removed by Filter: 114914
Planning time: 3.261 ms
Execution time: 51141.217 ms
