Nested Loop  (cost=0.43..798385.45 rows=276 width=0) (actual time=8136.156..13868.108 rows=39 loops=1)
  ->  Seq Scan on cast_info ci  (cost=0.00..796071.18 rows=276 width=4) (actual time=8136.055..13867.408 rows=39 loops=1)
        Filter: ((role_id < 3) AND (person_id = 2075840))
        Rows Removed by Filter: 36244305
  ->  Index Only Scan using title_pkey on title t  (cost=0.43..8.38 rows=1 width=4) (actual time=0.016..0.016 rows=1 loops=39)
        Index Cond: (id = ci.movie_id)
        Heap Fetches: 39
Planning time: 0.700 ms
Execution time: 13868.194 ms
