Hash Join  (cost=96419.16..847485.12 rows=27679 width=0) (actual time=1272.084..17723.421 rows=82861 loops=1)
  Hash Cond: (ci.movie_id = t.id)
  ->  Seq Scan on cast_info ci  (cost=0.00..614943.12 rows=36225612 width=4) (actual time=0.024..9256.942 rows=36244344 loops=1)
  ->  Hash  (cost=96395.01..96395.01 rows=1932 width=8) (actual time=1271.615..1271.615 rows=1443 loops=1)
        Buckets: 2048  Batches: 1  Memory Usage: 73kB
        ->  Nested Loop  (cost=0.43..96395.01 rows=1932 width=8) (actual time=982.059..1270.977 rows=1443 loops=1)
              ->  Seq Scan on movie_keyword mk  (cost=0.00..81003.12 rows=1932 width=4) (actual time=981.979..1253.332 rows=1443 loops=1)
                    Filter: (keyword_id > 132758)
                    Rows Removed by Filter: 4522487
              ->  Index Only Scan using title_pkey on title t  (cost=0.43..7.96 rows=1 width=4) (actual time=0.011..0.012 rows=1 loops=1443)
                    Index Cond: (id = mk.movie_id)
                    Heap Fetches: 1443
Planning time: 1.121 ms
Execution time: 17738.148 ms
