Seq Scan on title t  (cost=0.00..73925.90 rows=1963 width=0) (actual time=225.464..1171.447 rows=4557 loops=1)
  Filter: ((kind_id = 1) AND (production_year = 1968))
  Rows Removed by Filter: 2523755
Planning time: 0.336 ms
Execution time: 1172.634 ms
