Hash Join  (cost=420138.36..507384.44 rows=58804 width=0) (actual time=6541.108..8424.760 rows=32924 loops=1)
  Hash Cond: (mk.movie_id = t.id)
  ->  Seq Scan on movie_keyword mk  (cost=0.00..69693.30 rows=4523930 width=4) (actual time=0.014..1029.691 rows=4523930 loops=1)
  ->  Hash  (cost=419727.53..419727.53 rows=32867 width=8) (actual time=6540.498..6540.498 rows=24724 loops=1)
        Buckets: 65536  Batches: 1  Memory Usage: 1478kB
        ->  Hash Join  (cost=68426.36..419727.53 rows=32867 width=8) (actual time=1454.243..6529.537 rows=24724 loops=1)
              Hash Cond: (mi.movie_id = t.id)
              ->  Seq Scan on movie_info mi  (cost=0.00..346232.03 rows=1264125 width=4) (actual time=466.581..5182.553 rows=1288928 loops=1)
                    Filter: (info_type_id = 2)
                    Rows Removed by Filter: 13546792
              ->  Hash  (cost=67604.59..67604.59 rows=65742 width=4) (actual time=986.925..986.925 rows=63827 loops=1)
                    Buckets: 131072  Batches: 1  Memory Usage: 3268kB
                    ->  Seq Scan on title t  (cost=0.00..67604.59 rows=65742 width=4) (actual time=0.044..960.544 rows=63827 loops=1)
                          Filter: (production_year = 2013)
                          Rows Removed by Filter: 2464485
Planning time: 1.219 ms
Execution time: 8429.917 ms
