Hash Join  (cost=117069.25..605461.54 rows=804634 width=0) (actual time=2411.112..15848.698 rows=2762638 loops=1)
  Hash Cond: (mi.movie_id = t.id)
  ->  Seq Scan on movie_info mi  (cost=0.00..309384.22 rows=14739122 width=4) (actual time=0.017..6279.074 rows=14835720 loops=1)
  ->  Hash  (cost=114803.79..114803.79 rows=138037 width=8) (actual time=2410.426..2410.426 rows=168226 loops=1)
        Buckets: 131072 (originally 131072)  Batches: 4 (originally 2)  Memory Usage: 3073kB
        ->  Hash Join  (cost=79930.86..114803.79 rows=138037 width=8) (actual time=1478.459..2353.457 rows=168226 loops=1)
              Hash Cond: (mi_idx.movie_id = t.id)
              ->  Seq Scan on movie_info_idx mi_idx  (cost=0.00..25185.44 rows=464566 width=4) (actual time=0.021..472.801 rows=459925 loops=1)
                    Filter: (info_type_id = 101)
                    Rows Removed by Filter: 920110
              ->  Hash  (cost=67604.59..67604.59 rows=751302 width=4) (actual time=1477.370..1477.370 rows=755902 loops=1)
                    Buckets: 131072  Batches: 16  Memory Usage: 2685kB
                    ->  Seq Scan on title t  (cost=0.00..67604.59 rows=751302 width=4) (actual time=0.031..1226.361 rows=755902 loops=1)
                          Filter: (production_year < 1993)
                          Rows Removed by Filter: 1772410
Planning time: 1.112 ms
Execution time: 16184.511 ms
