Hash Join  (cost=144449.68..226055.60 rows=3452 width=0) (actual time=2261.195..3656.932 rows=11010 loops=1)
  Hash Cond: (mk.movie_id = t.id)
  ->  Seq Scan on movie_keyword mk  (cost=0.00..81003.12 rows=151540 width=4) (actual time=0.815..1349.628 rows=163809 loops=1)
        Filter: (keyword_id < 121)
        Rows Removed by Filter: 4360121
  ->  Hash  (cost=143729.67..143729.67 rows=57601 width=8) (actual time=2259.973..2259.973 rows=23911 loops=1)
        Buckets: 65536  Batches: 1  Memory Usage: 1447kB
        ->  Hash Join  (cost=80042.24..143729.67 rows=57601 width=8) (actual time=1705.921..2251.145 rows=23911 loops=1)
              Hash Cond: (mc.movie_id = t.id)
              ->  Seq Scan on movie_companies mc  (cost=0.00..57926.93 rows=192130 width=4) (actual time=397.707..789.574 rows=87034 loops=1)
                    Filter: ((company_id < 225) AND (company_type_id = 2))
                    Rows Removed by Filter: 2522095
              ->  Hash  (cost=67604.59..67604.59 rows=758052 width=4) (actual time=1307.409..1307.409 rows=753677 loops=1)
                    Buckets: 131072  Batches: 16  Memory Usage: 2677kB
                    ->  Seq Scan on title t  (cost=0.00..67604.59 rows=758052 width=4) (actual time=0.020..1075.812 rows=753677 loops=1)
                          Filter: (kind_id < 3)
                          Rows Removed by Filter: 1774635
Planning time: 3.263 ms
Execution time: 3659.032 ms
