Hash Join  (cost=89602.09..1264024.05 rows=13688579 width=0) (actual time=1585.550..35224.437 rows=11653588 loops=1)
  Hash Cond: (ci.movie_id = t.id)
  ->  Seq Scan on cast_info ci  (cost=0.00..614943.12 rows=36225612 width=4) (actual time=0.010..13333.517 rows=36244344 loops=1)
  ->  Hash  (cost=73925.90..73925.90 rows=955455 width=4) (actual time=1584.651..1584.651 rows=885784 loops=1)
        Buckets: 131072  Batches: 16  Memory Usage: 2971kB
        ->  Seq Scan on title t  (cost=0.00..73925.90 rows=955455 width=4) (actual time=0.017..1307.336 rows=885784 loops=1)
              Filter: ((kind_id > 4) AND (production_year < 2007))
              Rows Removed by Filter: 1642528
Planning time: 0.544 ms
Execution time: 36521.690 ms
