Seq Scan on cast_info ci  (cost=0.00..796071.18 rows=1578749 width=0) (actual time=8306.641..13429.588 rows=1657057 loops=1)
  Filter: ((person_id > 1497440) AND (role_id = 4))
  Rows Removed by Filter: 34587287
Planning time: 0.381 ms
Execution time: 13611.638 ms
