Hash Join  (cost=190658.32..332737.11 rows=1647876 width=0) (actual time=5276.790..15533.956 rows=31873236 loops=1)
  Hash Cond: (mk.movie_id = t.id)
  ->  Seq Scan on movie_keyword mk  (cost=0.00..69693.30 rows=4523930 width=4) (actual time=0.015..1489.161 rows=4523930 loops=1)
  ->  Hash  (cost=175547.38..175547.38 rows=921035 width=8) (actual time=5275.894..5275.894 rows=1806674 loops=1)
        Buckets: 131072 (originally 131072)  Batches: 32 (originally 16)  Memory Usage: 3299kB
        ->  Hash Join  (cost=83810.17..175547.38 rows=921035 width=8) (actual time=1529.556..4718.821 rows=1806674 loops=1)
              Hash Cond: (mc.movie_id = t.id)
              ->  Seq Scan on movie_companies mc  (cost=0.00..51404.11 rows=2357798 width=4) (actual time=0.015..1168.626 rows=2363087 loops=1)
                    Filter: (company_id > 114)
                    Rows Removed by Filter: 246042
              ->  Hash  (cost=67604.59..67604.59 rows=987727 width=4) (actual time=1528.734..1528.734 rows=985048 loops=1)
                    Buckets: 131072  Batches: 16  Memory Usage: 3188kB
                    ->  Seq Scan on title t  (cost=0.00..67604.59 rows=987727 width=4) (actual time=0.024..1224.773 rows=985048 loops=1)
                          Filter: (kind_id < 7)
                          Rows Removed by Filter: 1543264
Planning time: 1.105 ms
Execution time: 18851.521 ms
