Seq Scan on movie_keyword mk  (cost=0.00..81003.12 rows=145289 width=0) (actual time=117.787..1262.042 rows=144125 loops=1)
  Filter: (keyword_id > 74465)
  Rows Removed by Filter: 4379805
Planning time: 0.230 ms
Execution time: 1282.670 ms
