Seq Scan on cast_info ci  (cost=0.00..796071.18 rows=24337823 width=0) (actual time=0.026..17287.815 rows=23967419 loops=1)
  Filter: ((person_id > 520491) AND (role_id < 8))
  Rows Removed by Filter: 12276925
Planning time: 0.375 ms
Execution time: 20300.426 ms
