Hash Join  (cost=74329.88..130695.72 rows=16354 width=0) (actual time=1415.797..2325.756 rows=23777 loops=1)
  Hash Cond: (mc.movie_id = t.id)
  ->  Seq Scan on movie_companies mc  (cost=0.00..51404.11 rows=1279517 width=4) (actual time=266.923..931.711 rows=1274246 loops=1)
        Filter: (company_type_id = 1)
        Rows Removed by Filter: 1334883
  ->  Hash  (cost=73925.90..73925.90 rows=32318 width=4) (actual time=1148.675..1148.675 rows=20209 loops=1)
        Buckets: 32768  Batches: 1  Memory Usage: 967kB
        ->  Seq Scan on title t  (cost=0.00..73925.90 rows=32318 width=4) (actual time=0.068..1139.732 rows=20209 loops=1)
              Filter: ((kind_id < 3) AND (production_year = 2006))
              Rows Removed by Filter: 2508103
Planning time: 0.798 ms
Execution time: 2329.253 ms
