Hash Join  (cost=268828.97..666560.89 rows=1612381 width=0) (actual time=5949.739..20498.198 rows=32095849 loops=1)
  Hash Cond: (mi.movie_id = t.id)
  ->  Seq Scan on movie_info mi  (cost=0.00..346232.03 rows=2194617 width=4) (actual time=0.023..6122.242 rows=2233850 loops=1)
        Filter: (info_type_id > 16)
        Rows Removed by Filter: 12601870
  ->  Hash  (cost=238350.67..238350.67 rows=1857704 width=8) (actual time=5945.567..5945.567 rows=1864745 loops=1)
        Buckets: 131072  Batches: 32  Memory Usage: 3368kB
        ->  Hash Join  (cost=102767.86..238350.67 rows=1857704 width=8) (actual time=1974.282..5409.185 rows=1864745 loops=1)
              Hash Cond: (mk.movie_id = t.id)
              ->  Seq Scan on movie_keyword mk  (cost=0.00..81003.12 rows=1857704 width=4) (actual time=0.019..1600.774 rows=1864745 loops=1)
                    Filter: (keyword_id < 3150)
                    Rows Removed by Filter: 2659185
              ->  Hash  (cost=61283.27..61283.27 rows=2528527 width=4) (actual time=1973.382..1973.382 rows=2528312 loops=1)
                    Buckets: 131072  Batches: 64  Memory Usage: 2425kB
                    ->  Seq Scan on title t  (cost=0.00..61283.27 rows=2528527 width=4) (actual time=0.019..1104.642 rows=2528312 loops=1)
Planning time: 1.120 ms
Execution time: 24038.810 ms
