Hash Join  (cost=69694.50..992348.41 rows=904333 width=0) (actual time=1180.488..22323.869 rows=978630 loops=1)
  Hash Cond: (ci.movie_id = t.id)
  ->  Seq Scan on cast_info ci  (cost=0.00..705507.15 rows=17955048 width=4) (actual time=10.077..13961.077 rows=17800065 loops=1)
        Filter: (person_id < 1763794)
        Rows Removed by Filter: 18444279
  ->  Hash  (cost=67604.59..67604.59 rows=127353 width=4) (actual time=1163.295..1163.295 rows=128696 loops=1)
        Buckets: 131072  Batches: 2  Memory Usage: 3284kB
        ->  Seq Scan on title t  (cost=0.00..67604.59 rows=127353 width=4) (actual time=0.040..1116.013 rows=128696 loops=1)
              Filter: (production_year = 2009)
              Rows Removed by Filter: 2399616
Planning time: 0.754 ms
Execution time: 22455.353 ms
