Seq Scan on cast_info ci  (cost=0.00..796071.18 rows=324 width=0) (actual time=5956.164..14242.777 rows=344 loops=1)
  Filter: ((role_id > 1) AND (person_id = 2925463))
  Rows Removed by Filter: 36244000
Planning time: 0.410 ms
Execution time: 14242.945 ms
