Seq Scan on movie_companies mc  (cost=0.00..51404.11 rows=104 width=0) (actual time=0.680..746.291 rows=951 loops=1)
  Filter: (company_id = 4548)
  Rows Removed by Filter: 2608178
Planning time: 0.395 ms
Execution time: 746.592 ms
