Hash Join  (cost=210154.55..745131.78 rows=2145329 width=0) (actual time=4728.882..22813.007 rows=19172736 loops=1)
  Hash Cond: (mi.movie_id = t.id)
  ->  Seq Scan on movie_info mi  (cost=0.00..346232.03 rows=12928982 width=4) (actual time=0.024..7472.167 rows=12970088 loops=1)
        Filter: (info_type_id < 18)
        Rows Removed by Filter: 1865632
  ->  Hash  (cost=203271.01..203271.01 rows=419563 width=8) (actual time=4727.569..4727.569 rows=674836 loops=1)
        Buckets: 131072 (originally 131072)  Batches: 16 (originally 8)  Memory Usage: 3073kB
        ->  Hash Join  (cost=72085.10..203271.01 rows=419563 width=8) (actual time=1172.767..4525.110 rows=674836 loops=1)
              Hash Cond: (mk.movie_id = t.id)
              ->  Seq Scan on movie_keyword mk  (cost=0.00..81003.12 rows=3884842 width=4) (actual time=0.016..1749.426 rows=3884292 loops=1)
                    Filter: (keyword_id > 495)
                    Rows Removed by Filter: 639638
              ->  Hash  (cost=67604.59..67604.59 rows=273081 width=4) (actual time=1171.688..1171.688 rows=273902 loops=1)
                    Buckets: 131072  Batches: 4  Memory Usage: 3434kB
                    ->  Seq Scan on title t  (cost=0.00..67604.59 rows=273081 width=4) (actual time=0.022..1076.149 rows=273902 loops=1)
                          Filter: (production_year < 1963)
                          Rows Removed by Filter: 2254410
Planning time: 5.621 ms
Execution time: 24996.570 ms
