Seq Scan on movie_companies mc  (cost=0.00..51404.11 rows=1944375 width=0) (actual time=0.030..898.503 rows=1938772 loops=1)
  Filter: (company_id < 50589)
  Rows Removed by Filter: 670357
Planning time: 14.716 ms
Execution time: 1145.000 ms
