Hash Join  (cost=83074.74..109989.30 rows=45 width=0) (actual time=1126.745..1641.650 rows=18 loops=1)
  Hash Cond: (mi_idx.movie_id = t.id)
  ->  Seq Scan on movie_info_idx mi_idx  (cost=0.00..25185.44 rows=460978 width=4) (actual time=0.026..470.613 rows=459925 loops=1)
        Filter: (info_type_id < 100)
        Rows Removed by Filter: 920110
  ->  Hash  (cost=83071.67..83071.67 rows=246 width=8) (actual time=1105.963..1105.963 rows=18 loops=1)
        Buckets: 1024  Batches: 1  Memory Usage: 9kB
        ->  Nested Loop  (cost=0.43..83071.67 rows=246 width=8) (actual time=0.541..1105.934 rows=18 loops=1)
              ->  Seq Scan on movie_keyword mk  (cost=0.00..81003.12 rows=246 width=4) (actual time=0.472..1105.136 rows=18 loops=1)
                    Filter: (keyword_id = 59447)
                    Rows Removed by Filter: 4523912
              ->  Index Only Scan using title_pkey on title t  (cost=0.43..8.40 rows=1 width=4) (actual time=0.038..0.039 rows=1 loops=18)
                    Index Cond: (id = mk.movie_id)
                    Heap Fetches: 18
Planning time: 1.150 ms
Execution time: 1641.791 ms
