Hash Join  (cost=192169.06..703354.24 rows=5015499 width=0) (actual time=5495.148..19854.134 rows=12639423 loops=1)
  Hash Cond: (mi.movie_id = t.id)
  ->  Seq Scan on movie_info mi  (cost=0.00..346232.03 rows=9476311 width=4) (actual time=764.271..6721.077 rows=9565151 loops=1)
        Filter: (info_type_id < 16)
        Rows Removed by Filter: 5270569
  ->  Hash  (cost=170212.73..170212.73 rows=1338266 width=8) (actual time=4730.088..4730.088 rows=1376891 loops=1)
        Buckets: 131072  Batches: 32  Memory Usage: 2721kB
        ->  Hash Join  (cost=107833.55..170212.73 rows=1338266 width=8) (actual time=2205.574..4300.618 rows=1376891 loops=1)
              Hash Cond: (mi_idx.movie_id = t.id)
              ->  Seq Scan on movie_info_idx mi_idx  (cost=0.00..21735.35 rows=1380035 width=4) (actual time=0.027..531.801 rows=1380035 loops=1)
              ->  Hash  (cost=67604.59..67604.59 rows=2451997 width=4) (actual time=2203.725..2203.725 rows=2452133 loops=1)
                    Buckets: 131072  Batches: 64  Memory Usage: 2373kB
                    ->  Seq Scan on title t  (cost=0.00..67604.59 rows=2451997 width=4) (actual time=0.027..1388.940 rows=2452133 loops=1)
                          Filter: (production_year > 1898)
                          Rows Removed by Filter: 76179
Planning time: 0.753 ms
Execution time: 21346.185 ms
