Seq Scan on cast_info ci  (cost=0.00..796071.18 rows=1458233 width=0) (actual time=0.017..14141.919 rows=1436644 loops=1)
  Filter: ((person_id > 553999) AND (role_id = 8))
  Rows Removed by Filter: 34807700
Planning time: 0.273 ms
Execution time: 14309.522 ms
