Seq Scan on movie_companies mc  (cost=0.00..57926.93 rows=938446 width=0) (actual time=0.024..1061.981 rows=1109971 loops=1)
  Filter: ((company_id > 1543) AND (company_type_id > 1))
  Rows Removed by Filter: 1499158
Planning time: 0.337 ms
Execution time: 1191.321 ms
