Seq Scan on cast_info ci  (cost=0.00..705507.15 rows=18393731 width=0) (actual time=0.025..12415.460 rows=18565678 loops=1)
  Filter: (person_id > 1750924)
  Rows Removed by Filter: 17678666
Planning time: 0.335 ms
Execution time: 14744.709 ms
