Seq Scan on movie_companies mc  (cost=0.00..51404.11 rows=2423625 width=0) (actual time=0.023..990.414 rows=2423144 loops=1)
  Filter: (company_id > 46)
  Rows Removed by Filter: 185985
Planning time: 0.345 ms
Execution time: 1292.205 ms
