Hash Join  (cost=125475.38..476607.86 rows=15998 width=0) (actual time=2660.491..7939.041 rows=26677 loops=1)
  Hash Cond: (mi.movie_id = t.id)
  ->  Seq Scan on movie_info mi  (cost=0.00..346232.03 rows=1264125 width=4) (actual time=220.231..5188.753 rows=1288928 loops=1)
        Filter: (info_type_id = 2)
        Rows Removed by Filter: 13546792
  ->  Hash  (cost=125075.40..125075.40 rows=31999 width=8) (actual time=2439.970..2439.970 rows=29480 loops=1)
        Buckets: 32768  Batches: 1  Memory Usage: 1408kB
        ->  Hash Join  (cost=68365.25..125075.40 rows=31999 width=8) (actual time=1063.939..2428.858 rows=29480 loops=1)
              Hash Cond: (mc.movie_id = t.id)
              ->  Seq Scan on movie_companies mc  (cost=0.00..51404.11 rows=1329612 width=4) (actual time=0.030..1004.636 rows=1334883 loops=1)
                    Filter: (company_type_id > 1)
                    Rows Removed by Filter: 1274246
              ->  Hash  (cost=67604.59..67604.59 rows=60853 width=4) (actual time=1063.572..1063.572 rows=62568 loops=1)
                    Buckets: 65536  Batches: 1  Memory Usage: 2712kB
                    ->  Seq Scan on title t  (cost=0.00..67604.59 rows=60853 width=4) (actual time=0.027..1037.286 rows=62568 loops=1)
                          Filter: (production_year = 2002)
                          Rows Removed by Filter: 2465744
Planning time: 0.825 ms
Execution time: 7943.306 ms
