Hash Join  (cost=164407.84..220856.35 rows=15049 width=0) (actual time=2865.030..4006.070 rows=5450 loops=1)
  Hash Cond: (mc.movie_id = t.id)
  ->  Seq Scan on movie_companies mc  (cost=0.00..51404.11 rows=1305041 width=4) (actual time=0.025..915.166 rows=1314151 loops=1)
        Filter: (company_id > 11264)
        Rows Removed by Filter: 1294978
  ->  Hash  (cost=164043.36..164043.36 rows=29158 width=8) (actual time=2864.619..2864.619 rows=6697 loops=1)
        Buckets: 32768  Batches: 1  Memory Usage: 518kB
        ->  Hash Join  (cost=78670.55..164043.36 rows=29158 width=8) (actual time=1385.294..2861.347 rows=6697 loops=1)
              Hash Cond: (mk.movie_id = t.id)
              ->  Seq Scan on movie_keyword mk  (cost=0.00..81003.12 rows=254961 width=4) (actual time=0.022..1309.260 rows=272446 loops=1)
                    Filter: (keyword_id < 231)
                    Rows Removed by Filter: 4251484
              ->  Hash  (cost=73925.90..73925.90 rows=289172 width=4) (actual time=1380.488..1380.488 rows=292674 loops=1)
                    Buckets: 131072  Batches: 4  Memory Usage: 3623kB
                    ->  Seq Scan on title t  (cost=0.00..73925.90 rows=289172 width=4) (actual time=0.029..1276.827 rows=292674 loops=1)
                          Filter: ((kind_id > 1) AND (production_year > 2010))
                          Rows Removed by Filter: 2235638
Planning time: 1.080 ms
Execution time: 4007.317 ms
