Hash Join  (cost=213722.16..366344.81 rows=2513262 width=0) (actual time=4806.115..8713.675 rows=2683613 loops=1)
  Hash Cond: (mk.movie_id = t.id)
  ->  Seq Scan on movie_keyword mk  (cost=0.00..69693.30 rows=4523930 width=4) (actual time=0.013..1329.583 rows=4523930 loops=1)
  ->  Hash  (cost=190675.17..190675.17 rows=1404719 width=8) (actual time=4804.900..4804.900 rows=735487 loops=1)
        Buckets: 131072  Batches: 32  Memory Usage: 1914kB
        ->  Hash Join  (cost=96260.46..190675.17 rows=1404719 width=8) (actual time=1925.823..4577.203 rows=735487 loops=1)
              Hash Cond: (mc.movie_id = t.id)
              ->  Seq Scan on movie_companies mc  (cost=0.00..44881.29 rows=2609129 width=4) (actual time=0.023..943.744 rows=2609129 loops=1)
              ->  Hash  (cost=73925.90..73925.90 rows=1361324 width=4) (actual time=1924.470..1924.470 rows=1470942 loops=1)
                    Buckets: 131072  Batches: 32  Memory Usage: 2648kB
                    ->  Seq Scan on title t  (cost=0.00..73925.90 rows=1361324 width=4) (actual time=0.017..1438.666 rows=1470942 loops=1)
                          Filter: ((kind_id > 3) AND (production_year > 1971))
                          Rows Removed by Filter: 1057370
Planning time: 0.803 ms
Execution time: 9010.659 ms
