Seq Scan on movie_keyword mk  (cost=0.00..81003.12 rows=246 width=0) (actual time=0.413..1206.029 rows=331 loops=1)
  Filter: (keyword_id = 6967)
  Rows Removed by Filter: 4523599
Planning time: 0.328 ms
Execution time: 1206.283 ms
