Hash Join  (cost=195937.40..565043.02 rows=302386 width=0) (actual time=5784.754..10140.180 rows=514991 loops=1)
  Hash Cond: (mi.movie_id = t.id)
  ->  Seq Scan on movie_info mi  (cost=0.00..346232.03 rows=1550064 width=4) (actual time=1846.296..5446.949 rows=1533909 loops=1)
        Filter: (info_type_id = 3)
        Rows Removed by Filter: 13301811
  ->  Hash  (cost=187844.60..187844.60 rows=493264 width=8) (actual time=3937.360..3937.360 rows=295898 loops=1)
        Buckets: 131072  Batches: 8  Memory Usage: 2453kB
        ->  Hash Join  (cost=80562.70..187844.60 rows=493264 width=8) (actual time=1510.458..3853.089 rows=295898 loops=1)
              Hash Cond: (mk.movie_id = t.id)
              ->  Seq Scan on movie_keyword mk  (cost=0.00..81003.12 rows=1579236 width=4) (actual time=0.050..1455.807 rows=1586556 loops=1)
                    Filter: (keyword_id < 2425)
                    Rows Removed by Filter: 2937374
              ->  Hash  (cost=67604.59..67604.59 rows=789769 width=4) (actual time=1509.680..1509.680 rows=784926 loops=1)
                    Buckets: 131072  Batches: 16  Memory Usage: 2756kB
                    ->  Seq Scan on title t  (cost=0.00..67604.59 rows=789769 width=4) (actual time=0.025..1246.945 rows=784926 loops=1)
                          Filter: (production_year > 2007)
                          Rows Removed by Filter: 1743386
Planning time: 1.157 ms
Execution time: 10191.189 ms
