Hash Join  (cost=292448.11..942523.09 rows=14230816 width=0) (actual time=7952.427..52453.908 rows=121278018 loops=1)
  Hash Cond: (mi.movie_id = t.id)
  ->  Seq Scan on movie_info mi  (cost=0.00..309384.22 rows=14739122 width=4) (actual time=0.017..6145.817 rows=14835720 loops=1)
  ->  Hash  (cost=252394.53..252394.53 rows=2441326 width=8) (actual time=7950.829..7950.829 rows=2442078 loops=1)
        Buckets: 131072 (originally 131072)  Batches: 64 (originally 32)  Memory Usage: 4065kB
        ->  Hash Join  (cost=102767.86..252394.53 rows=2441326 width=8) (actual time=2680.178..7174.884 rows=2442078 loops=1)
              Hash Cond: (mk.movie_id = t.id)
              ->  Seq Scan on movie_keyword mk  (cost=0.00..81003.12 rows=2441326 width=4) (actual time=0.032..1648.438 rows=2442078 loops=1)
                    Filter: (keyword_id < 5813)
                    Rows Removed by Filter: 2081852
              ->  Hash  (cost=61283.27..61283.27 rows=2528527 width=4) (actual time=2679.363..2679.363 rows=2528312 loops=1)
                    Buckets: 131072  Batches: 64  Memory Usage: 2425kB
                    ->  Seq Scan on title t  (cost=0.00..61283.27 rows=2528527 width=4) (actual time=0.017..1060.360 rows=2528312 loops=1)
Planning time: 2.025 ms
Execution time: 66638.450 ms
