Hash Join  (cost=58375.85..416114.24 rows=64 width=0) (actual time=4784.218..5652.695 rows=3 loops=1)
  Hash Cond: (mi.movie_id = t.id)
  ->  Seq Scan on movie_info mi  (cost=0.00..346232.03 rows=3068194 width=4) (actual time=3073.778..4500.983 rows=3036719 loops=1)
        Filter: (info_type_id = 16)
        Rows Removed by Filter: 11799001
  ->  Hash  (cost=58375.18..58375.18 rows=53 width=8) (actual time=697.616..697.616 rows=357 loops=1)
        Buckets: 1024  Batches: 1  Memory Usage: 22kB
        ->  Nested Loop  (cost=0.43..58375.18 rows=53 width=8) (actual time=64.200..697.394 rows=357 loops=1)
              ->  Seq Scan on movie_companies mc  (cost=0.00..57926.93 rows=53 width=4) (actual time=64.055..686.010 rows=357 loops=1)
                    Filter: ((company_id = 92348) AND (company_type_id = 2))
                    Rows Removed by Filter: 2608772
              ->  Index Only Scan using title_pkey on title t  (cost=0.43..8.45 rows=1 width=4) (actual time=0.031..0.031 rows=1 loops=357)
                    Index Cond: (id = mc.movie_id)
                    Heap Fetches: 357
Planning time: 1.108 ms
Execution time: 5652.844 ms
