Hash Join  (cost=210011.41..1054011.80 rows=809194 width=0) (actual time=13509.837..21171.239 rows=1828398 loops=1)
  Hash Cond: (ci.movie_id = t.id)
  ->  Seq Scan on cast_info ci  (cost=0.00..796071.18 rows=3231268 width=4) (actual time=8852.785..14301.651 rows=3972989 loops=1)
        Filter: ((person_id > 885254) AND (role_id = 10))
        Rows Removed by Filter: 32271355
  ->  Hash  (cost=199622.29..199622.29 rows=633210 width=8) (actual time=4655.314..4655.314 rows=881405 loops=1)
        Buckets: 131072  Batches: 16  Memory Usage: 3218kB
        ->  Hash Join  (cost=76690.42..199622.29 rows=633210 width=8) (actual time=1188.947..4381.898 rows=881405 loops=1)
              Hash Cond: (mk.movie_id = t.id)
              ->  Seq Scan on movie_keyword mk  (cost=0.00..81003.12 rows=2891370 width=4) (actual time=0.030..1590.147 rows=2883031 loops=1)
                    Filter: (keyword_id > 2488)
                    Rows Removed by Filter: 1640899
              ->  Hash  (cost=67604.59..67604.59 rows=553747 width=4) (actual time=1187.789..1187.789 rows=552960 loops=1)
                    Buckets: 131072  Batches: 8  Memory Usage: 3452kB
                    ->  Seq Scan on title t  (cost=0.00..67604.59 rows=553747 width=4) (actual time=0.029..1008.587 rows=552960 loops=1)
                          Filter: (production_year < 1983)
                          Rows Removed by Filter: 1975352
Planning time: 1.153 ms
Execution time: 21361.878 ms
