Seq Scan on movie_keyword mk  (cost=0.00..81003.12 rows=1661729 width=0) (actual time=0.026..1374.550 rows=1667627 loops=1)
  Filter: (keyword_id > 8717)
  Rows Removed by Filter: 2856303
Planning time: 0.303 ms
Execution time: 1579.794 ms
