Hash Join  (cost=920765.09..1101969.83 rows=4395179 width=0) (actual time=19156.208..23891.545 rows=3472716 loops=1)
  Hash Cond: (mk.movie_id = t.id)
  ->  Seq Scan on movie_keyword mk  (cost=0.00..69693.30 rows=4523930 width=4) (actual time=0.020..1549.206 rows=4523930 loops=1)
  ->  Hash  (cost=880462.03..880462.03 rows=2456565 width=8) (actual time=18868.789..18868.789 rows=2667435 loops=1)
        Buckets: 131072  Batches: 64  Memory Usage: 2642kB
        ->  Hash Join  (cost=93093.72..880462.03 rows=2456565 width=8) (actual time=10874.997..18133.147 rows=2667435 loops=1)
              Hash Cond: (ci.movie_id = t.id)
              ->  Seq Scan on cast_info ci  (cost=0.00..705507.15 rows=3998100 width=4) (actual time=9158.663..13415.397 rows=4008037 loops=1)
                    Filter: (role_id = 3)
                    Rows Removed by Filter: 32236307
              ->  Hash  (cost=67604.59..67604.59 rows=1553611 width=4) (actual time=1715.013..1715.013 rows=1555864 loops=1)
                    Buckets: 131072  Batches: 32  Memory Usage: 2734kB
                    ->  Seq Scan on title t  (cost=0.00..67604.59 rows=1553611 width=4) (actual time=0.021..1235.958 rows=1555864 loops=1)
                          Filter: (kind_id > 4)
                          Rows Removed by Filter: 972448
Planning time: 1.117 ms
Execution time: 24279.131 ms
