Seq Scan on movie_keyword mk  (cost=0.00..81003.12 rows=566949 width=0) (actual time=0.021..1322.059 rows=563220 loops=1)
  Filter: (keyword_id > 32590)
  Rows Removed by Filter: 3960710
Planning time: 0.309 ms
Execution time: 1394.252 ms
