Seq Scan on cast_info ci  (cost=0.00..796071.18 rows=4240042 width=0) (actual time=951.053..12214.776 rows=6917870 loops=1)
  Filter: ((person_id > 1994734) AND (role_id > 4))
  Rows Removed by Filter: 29326474
Planning time: 0.340 ms
Execution time: 12971.762 ms
