Seq Scan on movie_keyword mk  (cost=0.00..81003.12 rows=1481142 width=0) (actual time=0.027..1447.759 rows=1492735 loops=1)
  Filter: (keyword_id > 10883)
  Rows Removed by Filter: 3031195
Planning time: 0.371 ms
Execution time: 1634.088 ms
