Seq Scan on movie_companies mc  (cost=0.00..51404.11 rows=104 width=0) (actual time=204.415..839.944 rows=2 loops=1)
  Filter: (company_id = 143610)
  Rows Removed by Filter: 2609127
Planning time: 0.347 ms
Execution time: 840.015 ms
