Hash Join  (cost=249935.16..1497118.22 rows=20771589 width=0) (actual time=5105.325..41517.959 rows=20758336 loops=1)
  Hash Cond: (ci.movie_id = t.id)
  ->  Seq Scan on cast_info ci  (cost=0.00..614943.12 rows=36225612 width=4) (actual time=0.022..12992.295 rows=36244344 loops=1)
  ->  Hash  (cost=226148.10..226148.10 rows=1449845 width=8) (actual time=5101.432..5101.432 rows=722717 loops=1)
        Buckets: 131072  Batches: 32  Memory Usage: 1909kB
        ->  Hash Join  (cost=98137.04..226148.10 rows=1449845 width=8) (actual time=1984.974..4889.105 rows=722717 loops=1)
              Hash Cond: (mk.movie_id = t.id)
              ->  Seq Scan on movie_keyword mk  (cost=0.00..81003.12 rows=1969898 width=4) (actual time=0.016..1505.504 rows=1978997 loops=1)
                    Filter: (keyword_id > 6393)
                    Rows Removed by Filter: 2544933
              ->  Hash  (cost=67604.59..67604.59 rows=1860996 width=4) (actual time=1983.023..1983.023 rows=1865487 loops=1)
                    Buckets: 131072  Batches: 32  Memory Usage: 3085kB
                    ->  Seq Scan on title t  (cost=0.00..67604.59 rows=1860996 width=4) (actual time=0.021..1361.028 rows=1865487 loops=1)
                          Filter: (kind_id > 1)
                          Rows Removed by Filter: 662825
Planning time: 1.110 ms
Execution time: 43989.292 ms
