Seq Scan on movie_keyword mk  (cost=0.00..81003.12 rows=1335846 width=0) (actual time=0.025..1415.578 rows=1348311 loops=1)
  Filter: (keyword_id > 12595)
  Rows Removed by Filter: 3175619
Planning time: 0.314 ms
Execution time: 1586.408 ms
