Hash Join  (cost=77035.88..145551.61 rows=99657 width=0) (actual time=1244.417..2710.633 rows=62586 loops=1)
  Hash Cond: (mc.movie_id = t.id)
  ->  Seq Scan on movie_companies mc  (cost=0.00..51404.11 rows=1329612 width=4) (actual time=129.840..1046.316 rows=1334883 loops=1)
        Filter: (company_type_id = 2)
        Rows Removed by Filter: 1274246
  ->  Hash  (cost=73925.90..73925.90 rows=189518 width=4) (actual time=1113.585..1113.585 rows=86916 loops=1)
        Buckets: 131072  Batches: 4  Memory Usage: 1786kB
        ->  Seq Scan on title t  (cost=0.00..73925.90 rows=189518 width=4) (actual time=0.030..1078.551 rows=86916 loops=1)
              Filter: ((production_year < 1966) AND (kind_id = 7))
              Rows Removed by Filter: 2441396
Planning time: 0.767 ms
Execution time: 2718.255 ms
