Hash Join  (cost=471790.04..601952.89 rows=669781 width=0) (actual time=8605.961..13899.403 rows=8425917 loops=1)
  Hash Cond: (mk.movie_id = t.id)
  ->  Seq Scan on movie_keyword mk  (cost=0.00..69693.30 rows=4523930 width=4) (actual time=0.025..1569.510 rows=4523930 loops=1)
  ->  Hash  (cost=465647.59..465647.59 rows=374356 width=8) (actual time=8604.979..8604.979 rows=364828 loops=1)
        Buckets: 131072  Batches: 8  Memory Usage: 2804kB
        ->  Hash Join  (cost=78988.28..465647.59 rows=374356 width=8) (actual time=1223.411..8488.444 rows=364828 loops=1)
              Hash Cond: (mi.movie_id = t.id)
              ->  Seq Scan on movie_info mi  (cost=0.00..346232.03 rows=3068194 width=4) (actual time=0.014..5787.828 rows=3036719 loops=1)
                    Filter: (info_type_id = 16)
                    Rows Removed by Filter: 11799001
              ->  Hash  (cost=73925.90..73925.90 rows=308510 width=4) (actual time=1222.546..1222.546 rows=266599 loops=1)
                    Buckets: 131072  Batches: 8  Memory Usage: 2197kB
                    ->  Seq Scan on title t  (cost=0.00..73925.90 rows=308510 width=4) (actual time=0.029..1131.945 rows=266599 loops=1)
                          Filter: ((kind_id < 7) AND (production_year > 2007))
                          Rows Removed by Filter: 2261713
Planning time: 1.222 ms
Execution time: 14881.045 ms
