Seq Scan on movie_companies mc  (cost=0.00..51404.11 rows=104 width=0) (actual time=465.213..821.340 rows=7 loops=1)
  Filter: (company_id = 77792)
  Rows Removed by Filter: 2609122
Planning time: 0.273 ms
Execution time: 821.402 ms
