Hash Join  (cost=190230.21..350016.13 rows=2353400 width=0) (actual time=4264.897..10795.547 rows=9945992 loops=1)
  Hash Cond: (mk.movie_id = t.id)
  ->  Seq Scan on movie_keyword mk  (cost=0.00..81003.12 rows=4311945 width=4) (actual time=0.016..1908.272 rows=4297070 loops=1)
        Filter: (keyword_id > 184)
        Rows Removed by Filter: 226860
  ->  Hash  (cost=167588.78..167588.78 rows=1380035 width=8) (actual time=4263.947..4263.947 rows=1380035 loops=1)
        Buckets: 131072  Batches: 32  Memory Usage: 2726kB
        ->  Hash Join  (cost=102767.86..167588.78 rows=1380035 width=8) (actual time=1912.593..3857.512 rows=1380035 loops=1)
              Hash Cond: (mi_idx.movie_id = t.id)
              ->  Seq Scan on movie_info_idx mi_idx  (cost=0.00..21735.35 rows=1380035 width=4) (actual time=0.023..448.406 rows=1380035 loops=1)
              ->  Hash  (cost=61283.27..61283.27 rows=2528527 width=4) (actual time=1911.637..1911.637 rows=2528312 loops=1)
                    Buckets: 131072  Batches: 64  Memory Usage: 2415kB
                    ->  Seq Scan on title t  (cost=0.00..61283.27 rows=2528527 width=4) (actual time=0.016..1063.903 rows=2528312 loops=1)
Planning time: 1.142 ms
Execution time: 11798.733 ms
