Hash Join  (cost=83074.74..447745.01 rows=1434 width=0) (actual time=1298.910..8546.575 rows=3144 loops=1)
  Hash Cond: (mi.movie_id = t.id)
  ->  Seq Scan on movie_info mi  (cost=0.00..309384.22 rows=14739122 width=4) (actual time=0.013..4739.302 rows=14835720 loops=1)
  ->  Hash  (cost=83071.67..83071.67 rows=246 width=8) (actual time=1232.409..1232.409 rows=55 loops=1)
        Buckets: 1024  Batches: 1  Memory Usage: 11kB
        ->  Nested Loop  (cost=0.43..83071.67 rows=246 width=8) (actual time=10.165..1232.299 rows=55 loops=1)
              ->  Seq Scan on movie_keyword mk  (cost=0.00..81003.12 rows=246 width=4) (actual time=10.087..1229.604 rows=55 loops=1)
                    Filter: (keyword_id = 12095)
                    Rows Removed by Filter: 4523875
              ->  Index Only Scan using title_pkey on title t  (cost=0.43..8.40 rows=1 width=4) (actual time=0.042..0.043 rows=1 loops=55)
                    Index Cond: (id = mk.movie_id)
                    Heap Fetches: 55
Planning time: 1.063 ms
Execution time: 8547.544 ms
