Seq Scan on title t  (cost=0.00..73925.90 rows=71247 width=0) (actual time=0.022..1267.126 rows=99366 loops=1)
  Filter: ((production_year > 1996) AND (kind_id = 4))
  Rows Removed by Filter: 2428946
Planning time: 0.369 ms
Execution time: 1280.724 ms
