Hash Join  (cost=615869.18..1938335.72 rows=20495421 width=0) (actual time=14511.114..50317.740 rows=32196562 loops=1)
  Hash Cond: (ci.movie_id = t.id)
  ->  Seq Scan on cast_info ci  (cost=0.00..705507.15 rows=22627823 width=4) (actual time=0.012..15059.987 rows=22687618 loops=1)
        Filter: (person_id > 1335854)
        Rows Removed by Filter: 13556726
  ->  Hash  (cost=578294.15..578294.15 rows=2290243 width=8) (actual time=14508.660..14508.660 rows=1726523 loops=1)
        Buckets: 131072  Batches: 32  Memory Usage: 3085kB
        ->  Hash Join  (cost=74050.79..578294.15 rows=2290243 width=8) (actual time=1294.663..14023.649 rows=1726523 loops=1)
              Hash Cond: (mi.movie_id = t.id)
              ->  Seq Scan on movie_info mi  (cost=0.00..309384.22 rows=14739122 width=4) (actual time=0.022..5900.297 rows=14835720 loops=1)
              ->  Hash  (cost=67604.59..67604.59 rows=392896 width=4) (actual time=1245.006..1245.006 rows=391666 loops=1)
                    Buckets: 131072  Batches: 8  Memory Usage: 2759kB
                    ->  Seq Scan on title t  (cost=0.00..67604.59 rows=392896 width=4) (actual time=0.018..1112.245 rows=391666 loops=1)
                          Filter: (production_year > 2010)
                          Rows Removed by Filter: 2136646
Planning time: 1.027 ms
Execution time: 53753.466 ms
