Seq Scan on movie_companies mc  (cost=0.00..57926.93 rows=1220669 width=0) (actual time=0.011..1077.520 rows=1287303 loops=1)
  Filter: ((company_id > 69) AND (company_type_id > 1))
  Rows Removed by Filter: 1321826
Planning time: 0.521 ms
Execution time: 1230.014 ms
