Seq Scan on cast_info ci  (cost=0.00..705507.15 rows=19977800 width=0) (actual time=0.025..10038.088 rows=20124860 loops=1)
  Filter: (person_id > 1596687)
  Rows Removed by Filter: 16119484
Planning time: 1.582 ms
Execution time: 12310.611 ms
