Hash Join  (cost=156209.36..1248903.82 rows=3964133 width=0) (actual time=3404.033..36920.724 rows=8574488 loops=1)
  Hash Cond: (ci.movie_id = t.id)
  ->  Seq Scan on cast_info ci  (cost=0.00..796071.18 rows=22071986 width=4) (actual time=0.022..18546.338 rows=22965828 loops=1)
        Filter: ((person_id > 209891) AND (role_id > 1))
        Rows Removed by Filter: 13278516
  ->  Hash  (cost=148758.81..148758.81 rows=454124 width=8) (actual time=3403.001..3403.001 rows=459925 loops=1)
        Buckets: 131072  Batches: 8  Memory Usage: 3275kB
        ->  Hash Join  (cost=102767.86..148758.81 rows=454124 width=8) (actual time=1913.745..3268.730 rows=459925 loops=1)
              Hash Cond: (mi_idx.movie_id = t.id)
              ->  Seq Scan on movie_info_idx mi_idx  (cost=0.00..25185.44 rows=454124 width=4) (actual time=0.030..553.035 rows=459925 loops=1)
                    Filter: (info_type_id = 100)
                    Rows Removed by Filter: 920110
              ->  Hash  (cost=61283.27..61283.27 rows=2528527 width=4) (actual time=1911.870..1911.870 rows=2528312 loops=1)
                    Buckets: 131072  Batches: 64  Memory Usage: 2415kB
                    ->  Seq Scan on title t  (cost=0.00..61283.27 rows=2528527 width=4) (actual time=0.046..1082.541 rows=2528312 loops=1)
Planning time: 1.217 ms
Execution time: 37877.131 ms
