Hash Join  (cost=67697.55..432786.99 rows=43351 width=0) (actual time=1089.843..8495.874 rows=91760 loops=1)
  Hash Cond: (mi.movie_id = t.id)
  ->  Seq Scan on movie_info mi  (cost=0.00..309384.22 rows=14739122 width=4) (actual time=0.021..4124.239 rows=14835720 loops=1)
  ->  Hash  (cost=67604.59..67604.59 rows=7437 width=4) (actual time=1089.739..1089.739 rows=14442 loops=1)
        Buckets: 16384 (originally 8192)  Batches: 1 (originally 1)  Memory Usage: 636kB
        ->  Seq Scan on title t  (cost=0.00..67604.59 rows=7437 width=4) (actual time=0.020..1082.986 rows=14442 loops=1)
              Filter: (production_year = 1971)
              Rows Removed by Filter: 2513870
Planning time: 0.803 ms
Execution time: 8510.840 ms
