Hash Join  (cost=83074.74..110004.13 rows=45 width=0) (actual time=1400.690..1908.431 rows=109 loops=1)
  Hash Cond: (mi_idx.movie_id = t.id)
  ->  Seq Scan on movie_info_idx mi_idx  (cost=0.00..25185.44 rows=464934 width=4) (actual time=0.024..447.673 rows=460185 loops=1)
        Filter: (info_type_id > 100)
        Rows Removed by Filter: 919850
  ->  Hash  (cost=83071.67..83071.67 rows=246 width=8) (actual time=1398.063..1398.063 rows=126 loops=1)
        Buckets: 1024  Batches: 1  Memory Usage: 13kB
        ->  Nested Loop  (cost=0.43..83071.67 rows=246 width=8) (actual time=2.330..1397.907 rows=126 loops=1)
              ->  Seq Scan on movie_keyword mk  (cost=0.00..81003.12 rows=246 width=4) (actual time=2.272..1380.068 rows=126 loops=1)
                    Filter: (keyword_id = 8651)
                    Rows Removed by Filter: 4523804
              ->  Index Only Scan using title_pkey on title t  (cost=0.43..8.40 rows=1 width=4) (actual time=0.137..0.138 rows=1 loops=126)
                    Index Cond: (id = mk.movie_id)
                    Heap Fetches: 126
Planning time: 1.175 ms
Execution time: 1908.624 ms
