Hash Join  (cost=459793.39..1538505.25 rows=4371663 width=0) (actual time=8317.543..37207.479 rows=3744356 loops=1)
  Hash Cond: (ci.movie_id = t.id)
  ->  Seq Scan on cast_info ci  (cost=0.00..614943.12 rows=36225612 width=4) (actual time=0.016..13634.910 rows=36244344 loops=1)
  ->  Hash  (cost=454787.14..454787.14 rows=305140 width=8) (actual time=8316.750..8316.750 rows=102102 loops=1)
        Buckets: 131072  Batches: 4  Memory Usage: 2019kB
        ->  Hash Join  (cost=93341.87..454787.14 rows=305140 width=8) (actual time=2075.019..8290.748 rows=102102 loops=1)
              Hash Cond: (mi.movie_id = t.id)
              ->  Seq Scan on movie_info mi  (cost=0.00..346232.03 rows=651960 width=4) (actual time=265.816..5713.674 rows=660923 loops=1)
                    Filter: (info_type_id = 18)
                    Rows Removed by Filter: 14174797
              ->  Hash  (cost=73925.90..73925.90 rows=1183437 width=4) (actual time=1808.310..1808.310 rows=1268635 loops=1)
                    Buckets: 131072  Batches: 16  Memory Usage: 3829kB
                    ->  Seq Scan on title t  (cost=0.00..73925.90 rows=1183437 width=4) (actual time=0.024..1408.867 rows=1268635 loops=1)
                          Filter: ((kind_id > 6) AND (production_year > 1980))
                          Rows Removed by Filter: 1259677
Planning time: 1.281 ms
Execution time: 37640.157 ms
