Hash Join  (cost=208439.73..293589.77 rows=732651 width=0) (actual time=5473.258..10889.766 rows=12660088 loops=1)
  Hash Cond: (mc.movie_id = t.id)
  ->  Seq Scan on movie_companies mc  (cost=0.00..44881.29 rows=2609129 width=4) (actual time=0.021..986.798 rows=2609129 loops=1)
  ->  Hash  (cost=196790.51..196790.51 rows=710018 width=8) (actual time=5472.258..5472.258 rows=1582023 loops=1)
        Buckets: 131072 (originally 131072)  Batches: 32 (originally 16)  Memory Usage: 3073kB
        ->  Hash Join  (cost=83810.17..196790.51 rows=710018 width=8) (actual time=1543.485..5041.293 rows=1582023 loops=1)
              Hash Cond: (mk.movie_id = t.id)
              ->  Seq Scan on movie_keyword mk  (cost=0.00..81003.12 rows=1817607 width=4) (actual time=0.030..1516.759 rows=1822755 loops=1)
                    Filter: (keyword_id < 2989)
                    Rows Removed by Filter: 2701175
              ->  Hash  (cost=67604.59..67604.59 rows=987727 width=4) (actual time=1542.027..1542.027 rows=985048 loops=1)
                    Buckets: 131072  Batches: 16  Memory Usage: 3197kB
                    ->  Seq Scan on title t  (cost=0.00..67604.59 rows=987727 width=4) (actual time=0.021..1240.342 rows=985048 loops=1)
                          Filter: (kind_id < 7)
                          Rows Removed by Filter: 1543264
Planning time: 1.059 ms
Execution time: 12369.207 ms
