Seq Scan on movie_companies mc  (cost=0.00..51404.11 rows=104 width=0) (actual time=327.084..805.670 rows=550 loops=1)
  Filter: (company_id = 72914)
  Rows Removed by Filter: 2608579
Planning time: 0.373 ms
Execution time: 805.838 ms
