Nested Loop  (cost=44377.22..200200.16 rows=18057 width=0) (actual time=1201.972..3465.450 rows=58666 loops=1)
  ->  Hash Join  (cost=44376.79..138271.07 rows=104893 width=8) (actual time=1201.923..2769.819 rows=59779 loops=1)
        Hash Cond: (mk.movie_id = mi_idx.movie_id)
        ->  Seq Scan on movie_keyword mk  (cost=0.00..81003.12 rows=35287 width=4) (actual time=0.048..1300.848 rows=29440 loops=1)
              Filter: (keyword_id = 359)
              Rows Removed by Filter: 4494490
        ->  Hash  (cost=21735.35..21735.35 rows=1380035 width=4) (actual time=1200.000..1200.000 rows=1380035 loops=1)
              Buckets: 131072  Batches: 32  Memory Usage: 2556kB
              ->  Seq Scan on movie_info_idx mi_idx  (cost=0.00..21735.35 rows=1380035 width=4) (actual time=0.788..524.186 rows=1380035 loops=1)
  ->  Index Scan using title_pkey on title t  (cost=0.43..0.58 rows=1 width=4) (actual time=0.011..0.011 rows=1 loops=59779)
        Index Cond: (id = mi_idx.movie_id)
        Filter: (production_year > 1920)
        Rows Removed by Filter: 0
Planning time: 1.010 ms
Execution time: 3475.757 ms
