Nested Loop  (cost=0.43..83072.90 rows=75 width=0) (actual time=21.293..1226.048 rows=8 loops=1)
  ->  Seq Scan on movie_keyword mk  (cost=0.00..81003.12 rows=246 width=4) (actual time=21.203..1218.732 rows=106 loops=1)
        Filter: (keyword_id = 9096)
        Rows Removed by Filter: 4523824
  ->  Index Scan using title_pkey on title t  (cost=0.43..8.40 rows=1 width=4) (actual time=0.065..0.065 rows=0 loops=106)
        Index Cond: (id = mk.movie_id)
        Filter: ((kind_id > 4) AND (production_year > 2002))
        Rows Removed by Filter: 1
Planning time: 0.790 ms
Execution time: 1226.160 ms
