Seq Scan on cast_info ci  (cost=0.00..796071.18 rows=332 width=0) (actual time=6060.693..14107.843 rows=93 loops=1)
  Filter: ((role_id < 4) AND (person_id = 1941821))
  Rows Removed by Filter: 36244251
Planning time: 0.442 ms
Execution time: 14108.005 ms
