Nested Loop  (cost=44377.22..431427.55 rows=548 width=0) (actual time=3684.123..8336.121 rows=17595 loops=1)
  Join Filter: (mi.movie_id = t.id)
  ->  Hash Join  (cost=44376.79..399813.99 rows=53320 width=8) (actual time=3453.175..6682.271 rows=331825 loops=1)
        Hash Cond: (mi.movie_id = mi_idx.movie_id)
        ->  Seq Scan on movie_info mi  (cost=0.00..346232.03 rows=17937 width=4) (actual time=2521.071..5444.743 rows=109034 loops=1)
              Filter: (info_type_id = 106)
              Rows Removed by Filter: 14726686
        ->  Hash  (cost=21735.35..21735.35 rows=1380035 width=4) (actual time=866.429..866.429 rows=1380035 loops=1)
              Buckets: 131072  Batches: 32  Memory Usage: 2557kB
              ->  Seq Scan on movie_info_idx mi_idx  (cost=0.00..21735.35 rows=1380035 width=4) (actual time=0.030..453.572 rows=1380035 loops=1)
  ->  Index Scan using title_pkey on title t  (cost=0.43..0.58 rows=1 width=4) (actual time=0.005..0.005 rows=0 loops=331825)
        Index Cond: (id = mi_idx.movie_id)
        Filter: (production_year = 2010)
        Rows Removed by Filter: 1
Planning time: 1.229 ms
Execution time: 8343.090 ms
