Hash Join  (cost=69223.25..200970.55 rows=164311 width=0) (actual time=1090.902..4145.623 rows=53742 loops=1)
  Hash Cond: (mk.movie_id = t.id)
  ->  Seq Scan on movie_keyword mk  (cost=0.00..81003.12 rows=4213085 width=4) (actual time=0.023..1812.217 rows=4216030 loops=1)
        Filter: (keyword_id < 52874)
        Rows Removed by Filter: 307900
  ->  Hash  (cost=67604.59..67604.59 rows=98613 width=4) (actual time=1089.899..1089.899 rows=98579 loops=1)
        Buckets: 131072  Batches: 2  Memory Usage: 2760kB
        ->  Seq Scan on title t  (cost=0.00..67604.59 rows=98613 width=4) (actual time=0.014..1050.325 rows=98579 loops=1)
              Filter: (production_year < 1924)
              Rows Removed by Filter: 2429733
Planning time: 0.683 ms
Execution time: 4152.359 ms
