Seq Scan on movie_keyword mk  (cost=0.00..81003.12 rows=1968746 width=0) (actual time=0.016..1301.289 rows=1974036 loops=1)
  Filter: (keyword_id < 3462)
  Rows Removed by Filter: 2549894
Planning time: 5.047 ms
Execution time: 1534.035 ms
