Hash Join  (cost=102767.86..1057361.30 rows=6177370 width=0) (actual time=4578.836..25677.130 rows=10624731 loops=1)
  Hash Cond: (ci.movie_id = t.id)
  ->  Seq Scan on cast_info ci  (cost=0.00..796071.18 rows=6177370 width=4) (actual time=2706.450..14826.115 rows=10624731 loops=1)
        Filter: ((person_id > 2268354) AND (role_id > 2))
        Rows Removed by Filter: 25619613
  ->  Hash  (cost=61283.27..61283.27 rows=2528527 width=4) (actual time=1871.242..1871.242 rows=2528312 loops=1)
        Buckets: 131072  Batches: 64  Memory Usage: 2415kB
        ->  Seq Scan on title t  (cost=0.00..61283.27 rows=2528527 width=4) (actual time=0.034..1073.214 rows=2528312 loops=1)
Planning time: 0.749 ms
Execution time: 26886.157 ms
