Hash Join  (cost=883073.14..3931675.51 rows=152052114 width=0) (actual time=21603.476..143328.585 rows=344667982 loops=1)
  Hash Cond: (ci.movie_id = t.id)
  ->  Seq Scan on cast_info ci  (cost=0.00..614943.12 rows=36225612 width=4) (actual time=0.017..13939.889 rows=36244344 loops=1)
  ->  Hash  (cost=708950.77..708950.77 rows=10613150 width=8) (actual time=21598.289..21598.289 rows=9500454 loops=1)
        Buckets: 131072  Batches: 256  Memory Usage: 2441kB
        ->  Hash Join  (cost=97476.44..708950.77 rows=10613150 width=8) (actual time=1936.059..19000.207 rows=9500454 loops=1)
              Hash Cond: (mi.movie_id = t.id)
              ->  Seq Scan on movie_info mi  (cost=0.00..309384.22 rows=14739122 width=4) (actual time=0.026..6275.801 rows=14835720 loops=1)
              ->  Hash  (cost=67604.59..67604.59 rows=1820708 width=4) (actual time=1934.621..1934.621 rows=1813245 loops=1)
                    Buckets: 131072  Batches: 32  Memory Usage: 3030kB
                    ->  Seq Scan on title t  (cost=0.00..67604.59 rows=1820708 width=4) (actual time=0.025..1324.956 rows=1813245 loops=1)
                          Filter: (production_year > 1987)
                          Rows Removed by Filter: 715067
Planning time: 1.203 ms
Execution time: 178767.165 ms
