Hash Join  (cost=236060.84..1577028.04 rows=25493103 width=0) (actual time=5305.865..50799.805 rows=58841436 loops=1)
  Hash Cond: (ci.movie_id = t.id)
  ->  Seq Scan on cast_info ci  (cost=0.00..614943.12 rows=36225612 width=4) (actual time=0.012..12953.166 rows=36244344 loops=1)
  ->  Hash  (cost=206867.29..206867.29 rows=1779404 width=8) (actual time=5305.076..5305.076 rows=1770493 loops=1)
        Buckets: 131072  Batches: 32  Memory Usage: 3146kB
        ->  Hash Join  (cost=102767.86..206867.29 rows=1779404 width=8) (actual time=1872.809..4780.496 rows=1770493 loops=1)
              Hash Cond: (mc.movie_id = t.id)
              ->  Seq Scan on movie_companies mc  (cost=0.00..51404.11 rows=1779404 width=4) (actual time=0.032..1013.435 rows=1770493 loops=1)
                    Filter: (company_id < 26389)
                    Rows Removed by Filter: 838636
              ->  Hash  (cost=61283.27..61283.27 rows=2528527 width=4) (actual time=1871.407..1871.407 rows=2528312 loops=1)
                    Buckets: 131072  Batches: 64  Memory Usage: 2415kB
                    ->  Seq Scan on title t  (cost=0.00..61283.27 rows=2528527 width=4) (actual time=0.013..1016.526 rows=2528312 loops=1)
Planning time: 6.133 ms
Execution time: 56820.179 ms
