Seq Scan on movie_companies mc  (cost=0.00..57926.93 rows=51 width=0) (actual time=304.463..741.421 rows=1 loops=1)
  Filter: ((company_id = 49082) AND (company_type_id = 1))
  Rows Removed by Filter: 2609128
Planning time: 0.390 ms
Execution time: 741.509 ms
