Hash Join  (cost=217858.32..352179.43 rows=1504373 width=0) (actual time=5438.962..10492.759 rows=5337513 loops=1)
  Hash Cond: (mk.movie_id = t.id)
  ->  Seq Scan on movie_keyword mk  (cost=0.00..81003.12 rows=2860870 width=4) (actual time=0.020..1728.192 rows=2850393 loops=1)
        Filter: (keyword_id < 8705)
        Rows Removed by Filter: 1673537
  ->  Hash  (cost=196044.17..196044.17 rows=1329612 width=8) (actual time=5438.084..5438.084 rows=1334883 loops=1)
        Buckets: 131072  Batches: 32  Memory Usage: 2660kB
        ->  Hash Join  (cost=102767.86..196044.17 rows=1329612 width=8) (actual time=2572.572..5027.998 rows=1334883 loops=1)
              Hash Cond: (mc.movie_id = t.id)
              ->  Seq Scan on movie_companies mc  (cost=0.00..51404.11 rows=1329612 width=4) (actual time=0.024..924.394 rows=1334883 loops=1)
                    Filter: (company_type_id > 1)
                    Rows Removed by Filter: 1274246
              ->  Hash  (cost=61283.27..61283.27 rows=2528527 width=4) (actual time=2570.752..2570.752 rows=2528312 loops=1)
                    Buckets: 131072  Batches: 64  Memory Usage: 2415kB
                    ->  Seq Scan on title t  (cost=0.00..61283.27 rows=2528527 width=4) (actual time=0.018..1028.832 rows=2528312 loops=1)
Planning time: 1.178 ms
Execution time: 11116.761 ms
