Seq Scan on movie_companies mc  (cost=0.00..57926.93 rows=586371 width=0) (actual time=336.590..736.033 rows=871171 loops=1)
  Filter: ((company_id > 13002) AND (company_type_id > 1))
  Rows Removed by Filter: 1737958
Planning time: 0.339 ms
Execution time: 807.721 ms
