Nested Loop  (cost=0.43..798851.07 rows=332 width=0) (actual time=6290.619..13697.430 rows=29 loops=1)
  ->  Seq Scan on cast_info ci  (cost=0.00..796071.18 rows=332 width=4) (actual time=6290.528..13696.856 rows=29 loops=1)
        Filter: ((role_id < 4) AND (person_id = 3055597))
        Rows Removed by Filter: 36244315
  ->  Index Only Scan using title_pkey on title t  (cost=0.43..8.36 rows=1 width=4) (actual time=0.018..0.018 rows=1 loops=29)
        Index Cond: (id = ci.movie_id)
        Heap Fetches: 29
Planning time: 0.772 ms
Execution time: 13697.510 ms
