Hash Join  (cost=166189.18..1254955.50 rows=5350416 width=0) (actual time=4178.122..40668.978 rows=24091596 loops=1)
  Hash Cond: (ci.movie_id = t.id)
  ->  Seq Scan on cast_info ci  (cost=0.00..614943.12 rows=36225612 width=4) (actual time=0.014..12964.052 rows=36244344 loops=1)
  ->  Hash  (cost=160061.98..160061.98 rows=373456 width=8) (actual time=4176.675..4176.675 rows=955522 loops=1)
        Buckets: 131072 (originally 131072)  Batches: 16 (originally 8)  Memory Usage: 3372kB
        ->  Hash Join  (cost=79863.89..160061.98 rows=373456 width=8) (actual time=1365.972..3907.262 rows=955522 loops=1)
              Hash Cond: (mc.movie_id = t.id)
              ->  Seq Scan on movie_companies mc  (cost=0.00..44881.29 rows=2609129 width=4) (actual time=0.012..941.926 rows=2609129 loops=1)
              ->  Hash  (cost=73925.90..73925.90 rows=361919 width=4) (actual time=1365.312..1365.312 rows=470371 loops=1)
                    Buckets: 131072  Batches: 8  Memory Usage: 3103kB
                    ->  Seq Scan on title t  (cost=0.00..73925.90 rows=361919 width=4) (actual time=0.015..1218.500 rows=470371 loops=1)
                          Filter: ((kind_id < 7) AND (production_year < 1998))
                          Rows Removed by Filter: 2057941
Planning time: 1.050 ms
Execution time: 43142.972 ms
