Seq Scan on cast_info ci  (cost=0.00..705507.15 rows=13443502 width=0) (actual time=0.016..11921.806 rows=13591014 loops=1)
  Filter: (person_id > 2312135)
  Rows Removed by Filter: 22653330
Planning time: 0.322 ms
Execution time: 13599.366 ms
