Hash Join  (cost=83810.17..222637.84 rows=1362746 width=0) (actual time=1375.788..5424.187 rows=3010093 loops=1)
  Hash Cond: (mk.movie_id = t.id)
  ->  Seq Scan on movie_keyword mk  (cost=0.00..81003.12 rows=3488556 width=4) (actual time=0.017..1685.769 rows=3482536 loops=1)
        Filter: (keyword_id < 17018)
        Rows Removed by Filter: 1041394
  ->  Hash  (cost=67604.59..67604.59 rows=987727 width=4) (actual time=1375.046..1375.046 rows=985048 loops=1)
        Buckets: 131072  Batches: 16  Memory Usage: 3197kB
        ->  Seq Scan on title t  (cost=0.00..67604.59 rows=987727 width=4) (actual time=0.015..1063.332 rows=985048 loops=1)
              Filter: (kind_id < 7)
              Rows Removed by Filter: 1543264
Planning time: 0.772 ms
Execution time: 5759.351 ms
