Hash Join  (cost=85011.79..157271.21 rows=341912 width=0) (actual time=1428.541..3104.346 rows=514986 loops=1)
  Hash Cond: (mc.movie_id = t.id)
  ->  Seq Scan on movie_companies mc  (cost=0.00..51404.11 rows=1279517 width=4) (actual time=140.302..975.434 rows=1274246 loops=1)
        Filter: (company_type_id < 2)
        Rows Removed by Filter: 1334883
  ->  Hash  (cost=73925.90..73925.90 rows=675671 width=4) (actual time=1287.365..1287.365 rows=576285 loops=1)
        Buckets: 131072  Batches: 16  Memory Usage: 2287kB
        ->  Seq Scan on title t  (cost=0.00..73925.90 rows=675671 width=4) (actual time=0.052..1099.916 rows=576285 loops=1)
              Filter: ((kind_id < 7) AND (production_year > 1991))
              Rows Removed by Filter: 1952027
Planning time: 2.395 ms
Execution time: 3167.000 ms
