Hash Join  (cost=258267.82..669425.55 rows=1937474 width=0) (actual time=5751.006..16705.253 rows=12085598 loops=1)
  Hash Cond: (mi.movie_id = t.id)
  ->  Seq Scan on movie_info mi  (cost=0.00..346232.03 rows=3068194 width=4) (actual time=0.022..5671.751 rows=3036719 loops=1)
        Filter: (info_type_id = 16)
        Rows Removed by Filter: 11799001
  ->  Hash  (cost=232071.20..232071.20 rows=1596690 width=8) (actual time=5749.681..5749.681 rows=1604296 loops=1)
        Buckets: 131072  Batches: 32  Memory Usage: 3043kB
        ->  Hash Join  (cost=102767.86..232071.20 rows=1596690 width=8) (actual time=1900.238..5290.255 rows=1604296 loops=1)
              Hash Cond: (mk.movie_id = t.id)
              ->  Seq Scan on movie_keyword mk  (cost=0.00..81003.12 rows=1596690 width=4) (actual time=0.027..1501.009 rows=1604296 loops=1)
                    Filter: (keyword_id < 2487)
                    Rows Removed by Filter: 2919634
              ->  Hash  (cost=61283.27..61283.27 rows=2528527 width=4) (actual time=1898.253..1898.253 rows=2528312 loops=1)
                    Buckets: 131072  Batches: 64  Memory Usage: 2425kB
                    ->  Seq Scan on title t  (cost=0.00..61283.27 rows=2528527 width=4) (actual time=0.017..1057.473 rows=2528312 loops=1)
Planning time: 1.157 ms
Execution time: 18057.239 ms
