Seq Scan on movie_companies mc  (cost=0.00..57926.93 rows=53 width=0) (actual time=68.574..963.348 rows=844 loops=1)
  Filter: ((company_type_id > 1) AND (company_id = 382))
  Rows Removed by Filter: 2608285
Planning time: 0.390 ms
Execution time: 963.646 ms
