Hash Join  (cost=77232.60..940815.75 rows=1014128 width=0) (actual time=1235.102..21878.015 rows=1687787 loops=1)
  Hash Cond: (ci.movie_id = t.id)
  ->  Seq Scan on cast_info ci  (cost=0.00..705507.15 rows=12726058 width=4) (actual time=0.024..14105.969 rows=12670688 loops=1)
        Filter: (role_id < 2)
        Rows Removed by Filter: 23573656
  ->  Hash  (cost=73925.90..73925.90 rows=201496 width=4) (actual time=1234.253..1234.253 rows=307194 loops=1)
        Buckets: 131072  Batches: 4  Memory Usage: 3727kB
        ->  Seq Scan on title t  (cost=0.00..73925.90 rows=201496 width=4) (actual time=0.024..1134.340 rows=307194 loops=1)
              Filter: ((kind_id < 7) AND (production_year < 1980))
              Rows Removed by Filter: 2221118
Planning time: 0.837 ms
Execution time: 22089.286 ms
