Seq Scan on cast_info ci  (cost=0.00..705507.15 rows=500 width=0) (actual time=4788.284..10689.327 rows=232 loops=1)
  Filter: (person_id = 315744)
  Rows Removed by Filter: 36244112
Planning time: 0.442 ms
Execution time: 10689.461 ms
