Nested Loop  (cost=0.43..83072.90 rows=54 width=0) (actual time=92.607..1327.030 rows=59 loops=1)
  ->  Seq Scan on movie_keyword mk  (cost=0.00..81003.12 rows=246 width=4) (actual time=1.482..1271.115 rows=1733 loops=1)
        Filter: (keyword_id = 1532)
        Rows Removed by Filter: 4522197
  ->  Index Scan using title_pkey on title t  (cost=0.43..8.40 rows=1 width=4) (actual time=0.031..0.031 rows=0 loops=1733)
        Index Cond: (id = mk.movie_id)
        Filter: ((kind_id > 4) AND (production_year > 2006))
        Rows Removed by Filter: 1
Planning time: 0.785 ms
Execution time: 1327.188 ms
