Hash Join  (cost=75199.97..914391.21 rows=110711 width=0) (actual time=10514.069..13498.846 rows=33407 loops=1)
  Hash Cond: (ci.movie_id = t.id)
  ->  Seq Scan on cast_info ci  (cost=0.00..796071.18 rows=3607188 width=4) (actual time=9023.638..11582.033 rows=1106036 loops=1)
        Filter: ((person_id > 3225978) AND (role_id < 8))
        Rows Removed by Filter: 35138308
  ->  Hash  (cost=73925.90..73925.90 rows=77605 width=4) (actual time=1489.313..1489.313 rows=84684 loops=1)
        Buckets: 131072  Batches: 2  Memory Usage: 2512kB
        ->  Seq Scan on title t  (cost=0.00..73925.90 rows=77605 width=4) (actual time=0.034..1278.329 rows=84684 loops=1)
              Filter: ((kind_id = 7) AND (production_year = 2009))
              Rows Removed by Filter: 2443628
Planning time: 0.828 ms
Execution time: 13503.714 ms
