Hash Join  (cost=263596.86..870611.81 rows=8837802 width=0) (actual time=5732.781..33796.283 rows=67331357 loops=1)
  Hash Cond: (mi.movie_id = t.id)
  ->  Seq Scan on movie_info mi  (cost=0.00..346232.03 rows=12928982 width=4) (actual time=0.014..7504.346 rows=12970088 loops=1)
        Filter: (info_type_id < 18)
        Rows Removed by Filter: 1865632
  ->  Hash  (cost=235239.69..235239.69 rows=1728413 width=8) (actual time=5731.496..5731.496 rows=1737827 loops=1)
        Buckets: 131072  Batches: 32  Memory Usage: 3213kB
        ->  Hash Join  (cost=102767.86..235239.69 rows=1728413 width=8) (actual time=1945.036..5246.880 rows=1737827 loops=1)
              Hash Cond: (mk.movie_id = t.id)
              ->  Seq Scan on movie_keyword mk  (cost=0.00..81003.12 rows=1728413 width=4) (actual time=0.023..1596.607 rows=1737827 loops=1)
                    Filter: (keyword_id > 8087)
                    Rows Removed by Filter: 2786103
              ->  Hash  (cost=61283.27..61283.27 rows=2528527 width=4) (actual time=1942.826..1942.826 rows=2528312 loops=1)
                    Buckets: 131072  Batches: 64  Memory Usage: 2425kB
                    ->  Seq Scan on title t  (cost=0.00..61283.27 rows=2528527 width=4) (actual time=0.022..1074.319 rows=2528312 loops=1)
Planning time: 1.208 ms
Execution time: 40679.964 ms
