Hash Join  (cost=527556.71..1859565.79 rows=24620993 width=0) (actual time=10150.327..68239.971 rows=105778103 loops=1)
  Hash Cond: (ci.movie_id = t.id)
  ->  Seq Scan on cast_info ci  (cost=0.00..614943.12 rows=36225612 width=4) (actual time=0.019..13219.484 rows=36244344 loops=1)
  ->  Hash  (cost=499361.07..499361.07 rows=1718531 width=8) (actual time=10149.006..10149.006 rows=1719372 loops=1)
        Buckets: 131072  Batches: 32  Memory Usage: 3004kB
        ->  Hash Join  (cost=100089.65..499361.07 rows=1718531 width=8) (actual time=3042.937..9684.823 rows=1719372 loops=1)
              Hash Cond: (mi.movie_id = t.id)
              ->  Seq Scan on movie_info mi  (cost=0.00..346232.03 rows=2194617 width=4) (actual time=1111.431..5534.189 rows=2233850 loops=1)
                    Filter: (info_type_id > 16)
                    Rows Removed by Filter: 12601870
              ->  Hash  (cost=67604.59..67604.59 rows=1980005 width=4) (actual time=1915.890..1915.890 rows=1976617 loops=1)
                    Buckets: 131072  Batches: 32  Memory Usage: 3212kB
                    ->  Seq Scan on title t  (cost=0.00..67604.59 rows=1980005 width=4) (actual time=0.023..1274.955 rows=1976617 loops=1)
                          Filter: (production_year > 1977)
                          Rows Removed by Filter: 551695
Planning time: 1.161 ms
Execution time: 79448.971 ms
