Seq Scan on movie_keyword mk  (cost=0.00..81003.12 rows=246 width=0) (actual time=153.217..947.432 rows=18 loops=1)
  Filter: (keyword_id = 39007)
  Rows Removed by Filter: 4523912
Planning time: 10.268 ms
Execution time: 947.559 ms
