Hash Join  (cost=96451.85..165591.28 rows=186824 width=0) (actual time=2581.321..3601.043 rows=256057 loops=1)
  Hash Cond: (mc.movie_id = t.id)
  ->  Seq Scan on movie_companies mc  (cost=0.00..57926.93 rows=344067 width=4) (actual time=0.029..997.192 rows=493249 loops=1)
        Filter: ((company_id < 1275) AND (company_type_id < 2))
        Rows Removed by Filter: 2115880
  ->  Hash  (cost=73925.90..73925.90 rows=1372956 width=4) (actual time=2073.105..2073.105 rows=1450632 loops=1)
        Buckets: 131072  Batches: 32  Memory Usage: 2620kB
        ->  Seq Scan on title t  (cost=0.00..73925.90 rows=1372956 width=4) (actual time=0.027..1597.851 rows=1450632 loops=1)
              Filter: ((production_year > 1956) AND (kind_id = 7))
              Rows Removed by Filter: 1077680
Planning time: 0.871 ms
Execution time: 3627.854 ms
