Hash Join  (cost=83072.94..447729.03 rows=20 width=0) (actual time=1459.594..8748.623 rows=132 loops=1)
  Hash Cond: (mi.movie_id = t.id)
  ->  Seq Scan on movie_info mi  (cost=0.00..309384.22 rows=14739122 width=4) (actual time=0.018..4751.771 rows=14835720 loops=1)
  ->  Hash  (cost=83072.90..83072.90 rows=3 width=8) (actual time=1387.337..1387.337 rows=6 loops=1)
        Buckets: 1024  Batches: 1  Memory Usage: 9kB
        ->  Nested Loop  (cost=0.43..83072.90 rows=3 width=8) (actual time=171.493..1387.322 rows=6 loops=1)
              ->  Seq Scan on movie_keyword mk  (cost=0.00..81003.12 rows=246 width=4) (actual time=1.461..1370.418 rows=586 loops=1)
                    Filter: (keyword_id = 4678)
                    Rows Removed by Filter: 4523344
              ->  Index Scan using title_pkey on title t  (cost=0.43..8.40 rows=1 width=4) (actual time=0.027..0.027 rows=0 loops=586)
                    Index Cond: (id = mk.movie_id)
                    Filter: ((kind_id > 1) AND (production_year = 1998))
                    Rows Removed by Filter: 1
Planning time: 1.036 ms
Execution time: 8748.854 ms
