Seq Scan on cast_info ci  (cost=0.00..796071.18 rows=23965853 width=42) (actual time=36.219..18196.887 rows=23374334 loops=1)
  Filter: ((person_id > 845129) AND (role_id < 10))
  Rows Removed by Filter: 12870010
Planning time: 0.485 ms
Execution time: 19542.873 ms
