Hash Join  (cost=74393.18..158381.19 rows=11321 width=0) (actual time=1254.540..2762.868 rows=19650 loops=1)
  Hash Cond: (mk.movie_id = t.id)
  ->  Seq Scan on movie_keyword mk  (cost=0.00..81003.12 rows=765781 width=4) (actual time=0.020..1356.620 rows=773217 loops=1)
        Filter: (keyword_id > 24369)
        Rows Removed by Filter: 3750713
  ->  Hash  (cost=73925.90..73925.90 rows=37382 width=4) (actual time=1250.741..1250.741 rows=33190 loops=1)
        Buckets: 65536  Batches: 1  Memory Usage: 1679kB
        ->  Seq Scan on title t  (cost=0.00..73925.90 rows=37382 width=4) (actual time=525.877..1237.823 rows=33190 loops=1)
              Filter: ((kind_id = 1) AND (production_year = 2010))
              Rows Removed by Filter: 2495122
Planning time: 5.614 ms
Execution time: 2765.954 ms
