Seq Scan on cast_info ci  (cost=0.00..705507.15 rows=9944618 width=0) (actual time=0.027..11551.286 rows=9929989 loops=1)
  Filter: (person_id > 2720656)
  Rows Removed by Filter: 26314355
Planning time: 0.299 ms
Execution time: 12779.968 ms
