Seq Scan on cast_info ci  (cost=0.00..705507.15 rows=36166376 width=0) (actual time=0.013..14251.455 rows=36193405 loops=1)
  Filter: (person_id > 6266)
  Rows Removed by Filter: 50939
Planning time: 0.347 ms
Execution time: 18696.696 ms
