Seq Scan on movie_keyword mk  (cost=0.00..81003.12 rows=246 width=0) (actual time=1.467..1257.612 rows=347 loops=1)
  Filter: (keyword_id = 20647)
  Rows Removed by Filter: 4523583
Planning time: 0.359 ms
Execution time: 1257.868 ms
