Hash Join  (cost=101601.28..157888.83 rows=8525 width=0) (actual time=1917.638..2542.243 rows=6726 loops=1)
  Hash Cond: (mc.movie_id = t.id)
  ->  Seq Scan on movie_companies mc  (cost=0.00..51404.11 rows=1279517 width=4) (actual time=0.021..812.344 rows=1274246 loops=1)
        Filter: (company_type_id = 1)
        Rows Removed by Filter: 1334883
  ->  Hash  (cost=101390.69..101390.69 rows=16847 width=8) (actual time=1533.128..1533.128 rows=10419 loops=1)
        Buckets: 32768  Batches: 1  Memory Usage: 663kB
        ->  Hash Join  (cost=74311.74..101390.69 rows=16847 width=8) (actual time=1294.704..1531.173 rows=10419 loops=1)
              Hash Cond: (mi_idx.movie_id = t.id)
              ->  Seq Scan on movie_info_idx mi_idx  (cost=0.00..21735.35 rows=1380035 width=4) (actual time=0.023..177.718 rows=1380035 loops=1)
              ->  Hash  (cost=73925.90..73925.90 rows=30867 width=4) (actual time=1123.429..1123.429 rows=34773 loops=1)
                    Buckets: 65536 (originally 32768)  Batches: 1 (originally 1)  Memory Usage: 1735kB
                    ->  Seq Scan on title t  (cost=0.00..73925.90 rows=30867 width=4) (actual time=0.012..1108.295 rows=34773 loops=1)
                          Filter: ((kind_id = 7) AND (production_year = 1999))
                          Rows Removed by Filter: 2493539
Planning time: 1.179 ms
Execution time: 2543.420 ms
