Hash Join  (cost=74074.07..101049.24 rows=6469 width=0) (actual time=1147.901..1827.771 rows=10038 loops=1)
  Hash Cond: (mi_idx.movie_id = t.id)
  ->  Seq Scan on movie_info_idx mi_idx  (cost=0.00..21735.35 rows=1380035 width=4) (actual time=0.023..353.898 rows=1380035 loops=1)
  ->  Hash  (cost=73925.90..73925.90 rows=11853 width=4) (actual time=1147.740..1147.740 rows=29104 loops=1)
        Buckets: 32768 (originally 16384)  Batches: 1 (originally 1)  Memory Usage: 1280kB
        ->  Seq Scan on title t  (cost=0.00..73925.90 rows=11853 width=4) (actual time=0.027..1135.690 rows=29104 loops=1)
              Filter: ((kind_id < 7) AND (production_year < 1911))
              Rows Removed by Filter: 2499208
Planning time: 0.885 ms
Execution time: 1829.302 ms
