Hash Join  (cost=73994.33..160750.31 rows=9794 width=0) (actual time=1347.108..3150.158 rows=5005 loops=1)
  Hash Cond: (mk.movie_id = t.id)
  ->  Seq Scan on movie_keyword mk  (cost=0.00..69693.30 rows=4523930 width=4) (actual time=0.017..996.904 rows=4523930 loops=1)
  ->  Hash  (cost=73925.90..73925.90 rows=5474 width=4) (actual time=1346.904..1346.904 rows=5700 loops=1)
        Buckets: 8192  Batches: 1  Memory Usage: 265kB
        ->  Seq Scan on title t  (cost=0.00..73925.90 rows=5474 width=4) (actual time=0.414..1343.795 rows=5700 loops=1)
              Filter: ((kind_id > 1) AND (production_year = 1956))
              Rows Removed by Filter: 2522612
Planning time: 0.766 ms
Execution time: 3150.971 ms
