Hash Join  (cost=166206.12..267811.95 rows=359997 width=0) (actual time=4310.756..6986.860 rows=1704420 loops=1)
  Hash Cond: (mk.movie_id = t.id)
  ->  Seq Scan on movie_keyword mk  (cost=0.00..81003.12 rows=1217798 width=4) (actual time=0.016..1589.369 rows=1227080 loops=1)
        Filter: (keyword_id > 14803)
        Rows Removed by Filter: 3296850
  ->  Hash  (cost=153942.80..153942.80 rows=747465 width=8) (actual time=4309.524..4309.524 rows=832054 loops=1)
        Buckets: 131072  Batches: 16  Memory Usage: 3071kB
        ->  Hash Join  (cost=101489.21..153942.80 rows=747465 width=8) (actual time=2123.804..4050.883 rows=832054 loops=1)
              Hash Cond: (mi_idx.movie_id = t.id)
              ->  Seq Scan on movie_info_idx mi_idx  (cost=0.00..25185.44 rows=915101 width=4) (actual time=0.020..532.296 rows=919850 loops=1)
                    Filter: (info_type_id < 101)
                    Rows Removed by Filter: 460185
              ->  Hash  (cost=67604.59..67604.59 rows=2065330 width=4) (actual time=2122.772..2122.772 rows=2064552 loops=1)
                    Buckets: 131072  Batches: 32  Memory Usage: 3289kB
                    ->  Seq Scan on title t  (cost=0.00..67604.59 rows=2065330 width=4) (actual time=0.015..1479.322 rows=2064552 loops=1)
                          Filter: (production_year < 2011)
                          Rows Removed by Filter: 463760
Planning time: 1.161 ms
Execution time: 7173.963 ms
