Hash Join  (cost=709676.91..1074344.56 rows=1172 width=0) (actual time=11892.270..18605.527 rows=305 loops=1)
  Hash Cond: (mi.movie_id = t.id)
  ->  Seq Scan on movie_info mi  (cost=0.00..309384.22 rows=14739122 width=4) (actual time=0.016..4636.000 rows=14835720 loops=1)
  ->  Hash  (cost=709674.40..709674.40 rows=201 width=8) (actual time=11258.761..11258.761 rows=101 loops=1)
        Buckets: 1024  Batches: 1  Memory Usage: 12kB
        ->  Nested Loop  (cost=0.43..709674.40 rows=201 width=8) (actual time=10211.369..11258.700 rows=101 loops=1)
              ->  Seq Scan on cast_info ci  (cost=0.00..705507.15 rows=500 width=4) (actual time=10210.876..11253.829 rows=109 loops=1)
                    Filter: (person_id = 3979083)
                    Rows Removed by Filter: 36244235
              ->  Index Scan using title_pkey on title t  (cost=0.43..8.32 rows=1 width=4) (actual time=0.044..0.044 rows=1 loops=109)
                    Index Cond: (id = ci.movie_id)
                    Filter: ((production_year < 2008) AND (kind_id = 7))
                    Rows Removed by Filter: 0
Planning time: 1.251 ms
Execution time: 18605.749 ms
