Hash Join  (cost=83810.17..161272.82 rows=560594 width=0) (actual time=1387.223..3662.555 rows=1232882 loops=1)
  Hash Cond: (mc.movie_id = t.id)
  ->  Seq Scan on movie_companies mc  (cost=0.00..51404.11 rows=1435091 width=4) (actual time=0.015..1020.101 rows=1440591 loops=1)
        Filter: (company_id > 9749)
        Rows Removed by Filter: 1168538
  ->  Hash  (cost=67604.59..67604.59 rows=987727 width=4) (actual time=1386.182..1386.182 rows=985048 loops=1)
        Buckets: 131072  Batches: 16  Memory Usage: 3188kB
        ->  Seq Scan on title t  (cost=0.00..67604.59 rows=987727 width=4) (actual time=0.020..1081.028 rows=985048 loops=1)
              Filter: (kind_id < 7)
              Rows Removed by Filter: 1543264
Planning time: 0.746 ms
Execution time: 3799.848 ms
