Hash Join  (cost=316753.84..1888816.06 rows=43581202 width=0) (actual time=7865.726..73099.007 rows=144669063 loops=1)
  Hash Cond: (ci.movie_id = t.id)
  ->  Seq Scan on cast_info ci  (cost=0.00..614943.12 rows=36225612 width=4) (actual time=0.013..13877.608 rows=36244344 loops=1)
  ->  Hash  (cost=266846.56..266846.56 rows=3041943 width=8) (actual time=7864.942..7864.942 rows=3029703 loops=1)
        Buckets: 131072  Batches: 64  Memory Usage: 2894kB
        ->  Hash Join  (cost=102767.86..266846.56 rows=3041943 width=8) (actual time=2004.092..6986.853 rows=3029703 loops=1)
              Hash Cond: (mk.movie_id = t.id)
              ->  Seq Scan on movie_keyword mk  (cost=0.00..81003.12 rows=3041943 width=4) (actual time=0.015..1750.533 rows=3029703 loops=1)
                    Filter: (keyword_id < 10870)
                    Rows Removed by Filter: 1494227
              ->  Hash  (cost=61283.27..61283.27 rows=2528527 width=4) (actual time=2002.883..2002.883 rows=2528312 loops=1)
                    Buckets: 131072  Batches: 64  Memory Usage: 2425kB
                    ->  Seq Scan on title t  (cost=0.00..61283.27 rows=2528527 width=4) (actual time=0.008..1112.319 rows=2528312 loops=1)
Planning time: 1.108 ms
Execution time: 88901.467 ms
