Seq Scan on movie_keyword mk  (cost=0.00..81003.12 rows=2614767 width=0) (actual time=0.011..1494.391 rows=2604839 loops=1)
  Filter: (keyword_id < 7040)
  Rows Removed by Filter: 1919091
Planning time: 0.344 ms
Execution time: 1835.610 ms
