Hash Join  (cost=78628.27..452311.99 rows=235060 width=0) (actual time=4322.805..7646.949 rows=136115 loops=1)
  Hash Cond: (mi.movie_id = t.id)
  ->  Seq Scan on movie_info mi  (cost=0.00..346232.03 rows=2073893 width=4) (actual time=2769.271..5186.798 rows=2091068 loops=1)
        Filter: (info_type_id < 3)
        Rows Removed by Filter: 12744652
  ->  Hash  (cost=73925.90..73925.90 rows=286589 width=4) (actual time=1552.557..1552.557 rows=177340 loops=1)
        Buckets: 131072  Batches: 4  Memory Usage: 2587kB
        ->  Seq Scan on title t  (cost=0.00..73925.90 rows=286589 width=4) (actual time=0.037..912.127 rows=177340 loops=1)
              Filter: ((production_year < 1977) AND (kind_id = 7))
              Rows Removed by Filter: 2350972
Planning time: 0.742 ms
Execution time: 7663.234 ms
