Hash Join  (cost=167068.47..1150635.61 rows=2708907 width=0) (actual time=4065.298..28734.897 rows=10830291 loops=1)
  Hash Cond: (ci.movie_id = t.id)
  ->  Seq Scan on cast_info ci  (cost=0.00..796071.18 rows=13703970 width=4) (actual time=0.018..15458.510 rows=11946756 loops=1)
        Filter: ((person_id > 1114180) AND (role_id < 3))
        Rows Removed by Filter: 24297588
  ->  Hash  (cost=158867.70..158867.70 rows=499822 width=8) (actual time=4064.184..4064.184 rows=957407 loops=1)
        Buckets: 131072 (originally 131072)  Batches: 16 (originally 8)  Memory Usage: 3354kB
        ->  Hash Join  (cost=83810.17..158867.70 rows=499822 width=8) (actual time=1577.881..3770.090 rows=957407 loops=1)
              Hash Cond: (mc.movie_id = t.id)
              ->  Seq Scan on movie_companies mc  (cost=0.00..51404.11 rows=1279517 width=4) (actual time=0.023..1051.149 rows=1274246 loops=1)
                    Filter: (company_type_id = 1)
                    Rows Removed by Filter: 1334883
              ->  Hash  (cost=67604.59..67604.59 rows=987727 width=4) (actual time=1576.703..1576.703 rows=985048 loops=1)
                    Buckets: 131072  Batches: 16  Memory Usage: 3188kB
                    ->  Seq Scan on title t  (cost=0.00..67604.59 rows=987727 width=4) (actual time=0.014..1256.951 rows=985048 loops=1)
                          Filter: (kind_id < 7)
                          Rows Removed by Filter: 1543264
Planning time: 0.928 ms
Execution time: 29999.206 ms
