Seq Scan on movie_companies mc  (cost=0.00..51404.11 rows=104 width=0) (actual time=346.544..778.799 rows=345 loops=1)
  Filter: (company_id = 76395)
  Rows Removed by Filter: 2608784
Planning time: 0.396 ms
Execution time: 778.962 ms
