Hash Join  (cost=94978.31..225622.13 rows=1465896 width=0) (actual time=1781.776..5243.518 rows=1753513 loops=1)
  Hash Cond: (mk.movie_id = t.id)
  ->  Seq Scan on movie_keyword mk  (cost=0.00..81003.12 rows=2221547 width=4) (actual time=0.021..1728.756 rows=2214006 loops=1)
        Filter: (keyword_id > 4962)
        Rows Removed by Filter: 2309924
  ->  Hash  (cost=67604.59..67604.59 rows=1668458 width=4) (actual time=1780.283..1780.283 rows=1671292 loops=1)
        Buckets: 131072  Batches: 32  Memory Usage: 2866kB
        ->  Seq Scan on title t  (cost=0.00..67604.59 rows=1668458 width=4) (actual time=0.017..1236.728 rows=1671292 loops=1)
              Filter: (production_year < 2008)
              Rows Removed by Filter: 857020
Planning time: 0.960 ms
Execution time: 5445.337 ms
