Hash Join  (cost=240648.94..289216.93 rows=633851 width=0) (actual time=5214.194..7119.960 rows=2607322 loops=1)
  Hash Cond: (mi_idx.movie_id = t.id)
  ->  Seq Scan on movie_info_idx mi_idx  (cost=0.00..21735.35 rows=1380035 width=4) (actual time=0.025..442.844 rows=1380035 loops=1)
  ->  Hash  (cost=221595.00..221595.00 rows=1161355 width=8) (actual time=5213.197..5213.197 rows=1174801 loops=1)
        Buckets: 131072  Batches: 16  Memory Usage: 3954kB
        ->  Hash Join  (cost=102767.86..221595.00 rows=1161355 width=8) (actual time=2048.748..4850.500 rows=1174801 loops=1)
              Hash Cond: (mk.movie_id = t.id)
              ->  Seq Scan on movie_keyword mk  (cost=0.00..81003.12 rows=1161355 width=4) (actual time=0.028..1408.546 rows=1174801 loops=1)
                    Filter: (keyword_id > 15861)
                    Rows Removed by Filter: 3349129
              ->  Hash  (cost=61283.27..61283.27 rows=2528527 width=4) (actual time=2046.995..2046.995 rows=2528312 loops=1)
                    Buckets: 131072  Batches: 64  Memory Usage: 2425kB
                    ->  Seq Scan on title t  (cost=0.00..61283.27 rows=2528527 width=4) (actual time=0.011..1190.042 rows=2528312 loops=1)
Planning time: 1.170 ms
Execution time: 7435.091 ms
