Seq Scan on movie_companies mc  (cost=0.00..57926.93 rows=51 width=0) (actual time=162.354..1004.638 rows=157 loops=1)
  Filter: ((company_type_id < 2) AND (company_id = 13365))
  Rows Removed by Filter: 2608972
Planning time: 0.376 ms
Execution time: 1004.783 ms
