Seq Scan on cast_info ci  (cost=0.00..705507.15 rows=500 width=0) (actual time=109.314..11200.453 rows=22 loops=1)
  Filter: (person_id = 2777976)
  Rows Removed by Filter: 36244322
Planning time: 0.361 ms
Execution time: 11200.578 ms
