Hash Join  (cost=190230.21..351771.70 rows=2409685 width=0) (actual time=4405.964..10858.218 rows=10167079 loops=1)
  Hash Cond: (mk.movie_id = t.id)
  ->  Seq Scan on movie_keyword mk  (cost=0.00..81003.12 rows=4415071 width=4) (actual time=0.017..1776.146 rows=4402019 loops=1)
        Filter: (keyword_id > 115)
        Rows Removed by Filter: 121911
  ->  Hash  (cost=167588.78..167588.78 rows=1380035 width=8) (actual time=4404.257..4404.257 rows=1380035 loops=1)
        Buckets: 131072  Batches: 32  Memory Usage: 2726kB
        ->  Hash Join  (cost=102767.86..167588.78 rows=1380035 width=8) (actual time=1872.258..4026.950 rows=1380035 loops=1)
              Hash Cond: (mi_idx.movie_id = t.id)
              ->  Seq Scan on movie_info_idx mi_idx  (cost=0.00..21735.35 rows=1380035 width=4) (actual time=0.022..449.008 rows=1380035 loops=1)
              ->  Hash  (cost=61283.27..61283.27 rows=2528527 width=4) (actual time=1871.111..1871.111 rows=2528312 loops=1)
                    Buckets: 131072  Batches: 64  Memory Usage: 2415kB
                    ->  Seq Scan on title t  (cost=0.00..61283.27 rows=2528527 width=4) (actual time=0.005..1038.452 rows=2528312 loops=1)
Planning time: 1.123 ms
Execution time: 12097.081 ms
