Seq Scan on cast_info ci  (cost=0.00..796071.18 rows=11842214 width=0) (actual time=0.021..16634.345 rows=10905376 loops=1)
  Filter: ((person_id > 238903) AND (role_id = 1))
  Rows Removed by Filter: 25338968
Planning time: 0.453 ms
Execution time: 17987.331 ms
