Hash Join  (cost=74434.21..823008.44 rows=177101 width=0) (actual time=4384.518..15746.251 rows=163813 loops=1)
  Hash Cond: (ci.movie_id = t.id)
  ->  Seq Scan on cast_info ci  (cost=0.00..705507.15 rows=11012288 width=4) (actual time=3297.079..11575.743 rows=11008318 loops=1)
        Filter: (person_id > 2603540)
        Rows Removed by Filter: 25236026
  ->  Hash  (cost=73925.90..73925.90 rows=40664 width=4) (actual time=1086.677..1086.677 rows=40257 loops=1)
        Buckets: 65536  Batches: 1  Memory Usage: 1928kB
        ->  Seq Scan on title t  (cost=0.00..73925.90 rows=40664 width=4) (actual time=0.022..1069.927 rows=40257 loops=1)
              Filter: ((production_year > 2012) AND (kind_id = 7))
              Rows Removed by Filter: 2488055
Planning time: 0.755 ms
Execution time: 15768.856 ms
