Hash Join  (cost=193104.84..685215.96 rows=3288093 width=0) (actual time=4974.260..18376.724 rows=9179484 loops=1)
  Hash Cond: (mi.movie_id = t.id)
  ->  Seq Scan on movie_info mi  (cost=0.00..346232.03 rows=9476311 width=4) (actual time=334.722..6538.323 rows=9565151 loops=1)
        Filter: (info_type_id < 16)
        Rows Removed by Filter: 5270569
  ->  Hash  (cost=178709.98..178709.98 rows=877349 width=8) (actual time=4638.639..4638.639 rows=961989 loops=1)
        Buckets: 131072  Batches: 16  Memory Usage: 3393kB
        ->  Hash Join  (cost=94978.31..178709.98 rows=877349 width=8) (actual time=2088.671..4337.617 rows=961989 loops=1)
              Hash Cond: (mc.movie_id = t.id)
              ->  Seq Scan on movie_companies mc  (cost=0.00..51404.11 rows=1329612 width=4) (actual time=0.031..978.376 rows=1334883 loops=1)
                    Filter: (company_type_id = 2)
                    Rows Removed by Filter: 1274246
              ->  Hash  (cost=67604.59..67604.59 rows=1668458 width=4) (actual time=2087.733..2087.733 rows=1671292 loops=1)
                    Buckets: 131072  Batches: 32  Memory Usage: 2858kB
                    ->  Seq Scan on title t  (cost=0.00..67604.59 rows=1668458 width=4) (actual time=0.020..1416.721 rows=1671292 loops=1)
                          Filter: (production_year < 2008)
                          Rows Removed by Filter: 857020
Planning time: 1.179 ms
Execution time: 19440.805 ms
