Seq Scan on cast_info ci  (cost=0.00..705507.15 rows=25111824 width=0) (actual time=0.021..11818.550 rows=25143332 loops=1)
  Filter: (person_id < 2592313)
  Rows Removed by Filter: 11101012
Planning time: 0.335 ms
Execution time: 14755.687 ms
