Hash Join  (cost=28266.82..117291.71 rows=7 width=0) (actual time=654.209..2082.996 rows=326 loops=1)
  Hash Cond: (mk.movie_id = t.id)
  ->  Seq Scan on movie_keyword mk  (cost=0.00..81003.12 rows=2139120 width=4) (actual time=1.251..1340.151 rows=2143608 loops=1)
        Filter: (keyword_id < 4016)
        Rows Removed by Filter: 2380322
  ->  Hash  (cost=28266.72..28266.72 rows=8 width=8) (actual time=455.547..455.547 rows=6 loops=1)
        Buckets: 1024  Batches: 1  Memory Usage: 9kB
        ->  Nested Loop  (cost=0.43..28266.72 rows=8 width=8) (actual time=334.264..455.531 rows=6 loops=1)
              ->  Seq Scan on movie_info_idx mi_idx  (cost=0.00..25185.44 rows=368 width=4) (actual time=333.992..440.071 rows=260 loops=1)
                    Filter: (info_type_id > 101)
                    Rows Removed by Filter: 1379775
              ->  Index Scan using title_pkey on title t  (cost=0.43..8.36 rows=1 width=4) (actual time=0.059..0.059 rows=0 loops=260)
                    Index Cond: (id = mi_idx.movie_id)
                    Filter: (production_year = 2001)
                    Rows Removed by Filter: 1
Planning time: 1.126 ms
Execution time: 2083.175 ms
