Hash Join  (cost=172918.93..657989.92 rows=493405 width=0) (actual time=3978.189..14835.200 rows=4335507 loops=1)
  Hash Cond: (mi.movie_id = t.id)
  ->  Seq Scan on movie_info mi  (cost=0.00..309384.22 rows=14739122 width=4) (actual time=0.019..5343.634 rows=14835720 loops=1)
  ->  Hash  (cost=171529.86..171529.86 rows=84645 width=8) (actual time=3977.263..3977.263 rows=78356 loops=1)
        Buckets: 131072  Batches: 2  Memory Usage: 2569kB
        ->  Hash Join  (cost=69687.24..171529.86 rows=84645 width=8) (actual time=1978.298..3949.173 rows=78356 loops=1)
              Hash Cond: (mk.movie_id = t.id)
              ->  Seq Scan on movie_keyword mk  (cost=0.00..81003.12 rows=1686147 width=4) (actual time=0.014..1406.333 rows=1695377 loops=1)
                    Filter: (keyword_id > 8504)
                    Rows Removed by Filter: 2828553
              ->  Hash  (cost=67604.59..67604.59 rows=126932 width=4) (actual time=1977.449..1977.449 rows=122861 loops=1)
                    Buckets: 131072  Batches: 2  Memory Usage: 3197kB
                    ->  Seq Scan on title t  (cost=0.00..67604.59 rows=126932 width=4) (actual time=0.025..1066.152 rows=122861 loops=1)
                          Filter: (production_year = 2008)
                          Rows Removed by Filter: 2405451
Planning time: 1.151 ms
Execution time: 15296.798 ms
