Seq Scan on cast_info ci  (cost=0.00..796071.18 rows=1765106 width=0) (actual time=5782.292..11945.366 rows=1549 loops=1)
  Filter: ((person_id < 850568) AND (role_id = 2))
  Rows Removed by Filter: 36242795
Planning time: 0.431 ms
Execution time: 11945.803 ms
