Seq Scan on movie_keyword mk  (cost=0.00..81003.12 rows=246 width=0) (actual time=10.533..1262.121 rows=153 loops=1)
  Filter: (keyword_id = 5612)
  Rows Removed by Filter: 4523777
Planning time: 1.359 ms
Execution time: 1262.272 ms
