Hash Join  (cost=96184.51..186568.47 rows=129309 width=0) (actual time=2277.490..3967.207 rows=36053 loops=1)
  Hash Cond: (mk.movie_id = t.id)
  ->  Seq Scan on movie_keyword mk  (cost=0.00..81003.12 rows=240999 width=4) (actual time=0.032..1329.653 rows=255916 loops=1)
        Filter: (keyword_id < 226)
        Rows Removed by Filter: 4268014
  ->  Hash  (cost=73925.90..73925.90 rows=1356688 width=4) (actual time=2275.775..2275.775 rows=1327781 loops=1)
        Buckets: 131072  Batches: 32  Memory Usage: 2485kB
        ->  Seq Scan on title t  (cost=0.00..73925.90 rows=1356688 width=4) (actual time=0.014..1551.920 rows=1327781 loops=1)
              Filter: ((production_year < 2012) AND (kind_id = 7))
              Rows Removed by Filter: 1200531
Planning time: 0.745 ms
Execution time: 3971.810 ms
