Seq Scan on movie_companies mc  (cost=0.00..51404.11 rows=1726190 width=0) (actual time=0.027..917.831 rows=1731567 loops=1)
  Filter: (company_id > 2601)
  Rows Removed by Filter: 877562
Planning time: 0.321 ms
Execution time: 1131.405 ms
