Hash Join  (cost=257283.46..1691974.96 rows=34616731 width=0) (actual time=6388.836..58295.295 rows=78418666 loops=1)
  Hash Cond: (ci.movie_id = t.id)
  ->  Seq Scan on cast_info ci  (cost=0.00..614943.12 rows=36225612 width=4) (actual time=0.012..13521.318 rows=36244344 loops=1)
  ->  Hash  (cost=217641.61..217641.61 rows=2416228 width=8) (actual time=6387.713..6387.713 rows=2349025 loops=1)
        Buckets: 131072  Batches: 32  Memory Usage: 3864kB
        ->  Hash Join  (cost=106021.40..217641.61 rows=2416228 width=8) (actual time=2404.642..5724.710 rows=2349025 loops=1)
              Hash Cond: (mc.movie_id = t.id)
              ->  Seq Scan on movie_companies mc  (cost=0.00..44881.29 rows=2609129 width=4) (actual time=0.014..888.604 rows=2609129 loops=1)
              ->  Hash  (cost=67604.59..67604.59 rows=2341585 width=4) (actual time=2403.766..2403.766 rows=2333286 loops=1)
                    Buckets: 131072  Batches: 32  Memory Usage: 3591kB
                    ->  Seq Scan on title t  (cost=0.00..67604.59 rows=2341585 width=4) (actual time=0.012..1345.750 rows=2333286 loops=1)
                          Filter: (production_year > 1932)
                          Rows Removed by Filter: 195026
Planning time: 1.193 ms
Execution time: 66477.253 ms
