Hash Join  (cost=200931.04..247629.25 rows=524873 width=0) (actual time=4775.836..6246.383 rows=1379796 loops=1)
  Hash Cond: (mi_idx.movie_id = t.id)
  ->  Seq Scan on movie_info_idx mi_idx  (cost=0.00..21735.35 rows=1380035 width=4) (actual time=0.013..455.179 rows=1380035 loops=1)
  ->  Hash  (cost=185153.02..185153.02 rows=961682 width=8) (actual time=4775.186..4775.186 rows=863167 loops=1)
        Buckets: 131072  Batches: 16  Memory Usage: 3133kB
        ->  Hash Join  (cost=100836.57..185153.02 rows=961682 width=8) (actual time=2378.945..4541.348 rows=863167 loops=1)
              Hash Cond: (mc.movie_id = t.id)
              ->  Seq Scan on movie_companies mc  (cost=0.00..51404.11 rows=1200502 width=4) (actual time=0.014..951.539 rows=1210367 loops=1)
                    Filter: (company_id > 12173)
                    Rows Removed by Filter: 1398762
              ->  Hash  (cost=67604.59..67604.59 rows=2025519 width=4) (actual time=2377.590..2377.590 rows=2018703 loops=1)
                    Buckets: 131072  Batches: 32  Memory Usage: 3247kB
                    ->  Seq Scan on title t  (cost=0.00..67604.59 rows=2025519 width=4) (actual time=0.013..1432.592 rows=2018703 loops=1)
                          Filter: (production_year > 1974)
                          Rows Removed by Filter: 509609
Planning time: 1.134 ms
Execution time: 6387.745 ms
