Hash Join  (cost=74823.14..156131.55 rows=453989 width=0) (actual time=1256.512..4332.668 rows=746488 loops=1)
  Hash Cond: (mc.movie_id = t.id)
  ->  Seq Scan on movie_companies mc  (cost=0.00..44881.29 rows=2609129 width=4) (actual time=0.011..935.088 rows=2609129 loops=1)
  ->  Hash  (cost=67604.59..67604.59 rows=439964 width=4) (actual time=1255.621..1255.621 rows=437515 loops=1)
        Buckets: 131072  Batches: 8  Memory Usage: 2944kB
        ->  Seq Scan on title t  (cost=0.00..67604.59 rows=439964 width=4) (actual time=0.011..1114.993 rows=437515 loops=1)
              Filter: (production_year < 1975)
              Rows Removed by Filter: 2090797
Planning time: 0.786 ms
Execution time: 4416.994 ms
