Seq Scan on movie_keyword mk  (cost=0.00..81003.12 rows=1480752 width=0) (actual time=0.026..1339.081 rows=1492447 loops=1)
  Filter: (keyword_id > 10889)
  Rows Removed by Filter: 3031483
Planning time: 0.312 ms
Execution time: 1525.900 ms
