Hash Join  (cost=263115.61..1258847.89 rows=11851656 width=0) (actual time=6334.058..32086.818 rows=25579715 loops=1)
  Hash Cond: (ci.movie_id = t.id)
  ->  Seq Scan on cast_info ci  (cost=0.00..705507.15 rows=11485531 width=4) (actual time=4.580..12793.414 rows=11393451 loops=1)
        Filter: (person_id < 1119675)
        Rows Removed by Filter: 24850893
  ->  Hash  (cost=220309.49..220309.49 rows=2609129 width=8) (actual time=6314.312..6314.312 rows=2609129 loops=1)
        Buckets: 131072  Batches: 64  Memory Usage: 2610kB
        ->  Hash Join  (cost=102767.86..220309.49 rows=2609129 width=8) (actual time=1930.565..5569.128 rows=2609129 loops=1)
              Hash Cond: (mc.movie_id = t.id)
              ->  Seq Scan on movie_companies mc  (cost=0.00..44881.29 rows=2609129 width=4) (actual time=0.019..951.713 rows=2609129 loops=1)
              ->  Hash  (cost=61283.27..61283.27 rows=2528527 width=4) (actual time=1929.176..1929.176 rows=2528312 loops=1)
                    Buckets: 131072  Batches: 64  Memory Usage: 2415kB
                    ->  Seq Scan on title t  (cost=0.00..61283.27 rows=2528527 width=4) (actual time=0.014..1062.231 rows=2528312 loops=1)
Planning time: 6.909 ms
Execution time: 35031.946 ms
