Hash Join  (cost=141461.18..650441.20 rows=2734109 width=0) (actual time=3130.234..19622.185 rows=14650760 loops=1)
  Hash Cond: (mi.movie_id = t.id)
  ->  Seq Scan on movie_info mi  (cost=0.00..309384.22 rows=14739122 width=4) (actual time=0.014..5850.721 rows=14835720 loops=1)
  ->  Hash  (cost=133765.16..133765.16 rows=469042 width=8) (actual time=3129.090..3129.090 rows=824629 loops=1)
        Buckets: 131072 (originally 131072)  Batches: 16 (originally 8)  Memory Usage: 3073kB
        ->  Hash Join  (cost=88025.26..133765.16 rows=469042 width=8) (actual time=1414.319..2877.319 rows=824629 loops=1)
              Hash Cond: (mi_idx.movie_id = t.id)
              ->  Seq Scan on movie_info_idx mi_idx  (cost=0.00..21735.35 rows=1380035 width=4) (actual time=0.020..441.786 rows=1380035 loops=1)
              ->  Hash  (cost=73925.90..73925.90 rows=859388 width=4) (actual time=1413.133..1413.133 rows=774344 loops=1)
                    Buckets: 131072  Batches: 16  Memory Usage: 2728kB
                    ->  Seq Scan on title t  (cost=0.00..73925.90 rows=859388 width=4) (actual time=0.026..1174.918 rows=774344 loops=1)
                          Filter: ((kind_id < 7) AND (production_year > 1961))
                          Rows Removed by Filter: 1753968
Planning time: 1.177 ms
Execution time: 21153.113 ms
