Hash Join  (cost=102767.86..1093392.34 rows=7674788 width=0) (actual time=2059.768..19012.407 rows=3272068 loops=1)
  Hash Cond: (ci.movie_id = t.id)
  ->  Seq Scan on cast_info ci  (cost=0.00..796071.18 rows=7674788 width=4) (actual time=4.751..13616.306 rows=3272068 loops=1)
        Filter: ((person_id < 1153742) AND (role_id > 1))
        Rows Removed by Filter: 32972276
  ->  Hash  (cost=61283.27..61283.27 rows=2528527 width=4) (actual time=1963.207..1963.207 rows=2528312 loops=1)
        Buckets: 131072  Batches: 64  Memory Usage: 2415kB
        ->  Seq Scan on title t  (cost=0.00..61283.27 rows=2528527 width=4) (actual time=0.014..1114.361 rows=2528312 loops=1)
Planning time: 0.692 ms
Execution time: 19380.602 ms
