Hash Join  (cost=128096.74..598276.78 rows=1000366 width=0) (actual time=2603.591..14408.864 rows=1070289 loops=1)
  Hash Cond: (mi.movie_id = t.id)
  ->  Seq Scan on movie_info mi  (cost=0.00..346232.03 rows=9767026 width=4) (actual time=0.016..7346.085 rows=9911754 loops=1)
        Filter: (info_type_id > 4)
        Rows Removed by Filter: 4923966
  ->  Hash  (cost=123847.50..123847.50 rows=258979 width=8) (actual time=2602.673..2602.673 rows=134070 loops=1)
        Buckets: 131072  Batches: 4  Memory Usage: 2352kB
        ->  Hash Join  (cost=81711.23..123847.50 rows=258979 width=8) (actual time=1407.577..2557.436 rows=134070 loops=1)
              Hash Cond: (mi_idx.movie_id = t.id)
              ->  Seq Scan on movie_info_idx mi_idx  (cost=0.00..21735.35 rows=1380035 width=4) (actual time=0.012..477.199 rows=1380035 loops=1)
              ->  Hash  (cost=73925.90..73925.90 rows=474506 width=4) (actual time=1406.486..1406.486 rows=360459 loops=1)
                    Buckets: 131072  Batches: 8  Memory Usage: 2595kB
                    ->  Seq Scan on title t  (cost=0.00..73925.90 rows=474506 width=4) (actual time=0.020..1290.596 rows=360459 loops=1)
                          Filter: ((production_year < 1994) AND (kind_id = 7))
                          Rows Removed by Filter: 2167853
Planning time: 1.120 ms
Execution time: 14544.708 ms
