Seq Scan on movie_companies mc  (cost=0.00..57926.93 rows=6014 width=0) (actual time=318.584..697.144 rows=12948 loops=1)
  Filter: ((company_id = 11137) AND (company_type_id = 1))
  Rows Removed by Filter: 2596181
Planning time: 0.310 ms
Execution time: 698.745 ms
