Seq Scan on movie_keyword mk  (cost=0.00..81003.12 rows=246 width=0) (actual time=0.478..1254.078 rows=368 loops=1)
  Filter: (keyword_id = 5450)
  Rows Removed by Filter: 4523562
Planning time: 0.392 ms
Execution time: 1254.355 ms
