Seq Scan on cast_info ci  (cost=0.00..796071.18 rows=7807725 width=0) (actual time=9061.621..15229.923 rows=4159737 loops=1)
  Filter: ((person_id < 3011558) AND (role_id > 4))
  Rows Removed by Filter: 32084607
Planning time: 0.334 ms
Execution time: 15763.390 ms
