Seq Scan on movie_keyword mk  (cost=0.00..81003.12 rows=2799789 width=0) (actual time=0.024..1456.316 rows=2789132 loops=1)
  Filter: (keyword_id < 8133)
  Rows Removed by Filter: 1734798
Planning time: 0.313 ms
Execution time: 1798.438 ms
