Seq Scan on movie_keyword mk  (cost=0.00..81003.12 rows=3100496 width=0) (actual time=0.020..1600.214 rows=3084333 loops=1)
  Filter: (keyword_id > 2003)
  Rows Removed by Filter: 1439597
Planning time: 0.341 ms
Execution time: 1990.053 ms
