Hash Join  (cost=162045.73..961502.01 rows=582583 width=0) (actual time=5339.544..23100.564 rows=2518416 loops=1)
  Hash Cond: (ci.movie_id = t.id)
  ->  Seq Scan on cast_info ci  (cost=0.00..705507.15 rows=23499554 width=4) (actual time=2211.700..14106.574 rows=23573656 loops=1)
        Filter: (role_id > 1)
        Rows Removed by Filter: 12670688
  ->  Hash  (cost=161262.16..161262.16 rows=62685 width=8) (actual time=3127.272..3127.272 rows=71668 loops=1)
        Buckets: 131072 (originally 65536)  Batches: 1 (originally 1)  Memory Usage: 3824kB
        ->  Hash Join  (cost=68257.79..161262.16 rows=62685 width=8) (actual time=1052.228..3102.927 rows=71668 loops=1)
              Hash Cond: (mk.movie_id = t.id)
              ->  Seq Scan on movie_keyword mk  (cost=0.00..81003.12 rows=3033174 width=4) (actual time=0.037..1541.922 rows=3021685 loops=1)
                    Filter: (keyword_id > 2163)
                    Rows Removed by Filter: 1502245
              ->  Hash  (cost=67604.59..67604.59 rows=52256 width=4) (actual time=1051.644..1051.644 rows=53013 loops=1)
                    Buckets: 65536  Batches: 1  Memory Usage: 2376kB
                    ->  Seq Scan on title t  (cost=0.00..67604.59 rows=52256 width=4) (actual time=0.079..1029.148 rows=53013 loops=1)
                          Filter: (production_year = 2000)
                          Rows Removed by Filter: 2475299
Planning time: 4.476 ms
Execution time: 23401.198 ms
