Seq Scan on cast_info ci  (cost=0.00..796071.18 rows=5908713 width=0) (actual time=0.017..12474.374 rows=10544606 loops=1)
  Filter: ((person_id > 2338586) AND (role_id > 2))
  Rows Removed by Filter: 25699738
Planning time: 0.341 ms
Execution time: 13688.890 ms
