Hash Join  (cost=156209.36..1057711.34 rows=1393627 width=0) (actual time=4776.620..18893.843 rows=959772 loops=1)
  Hash Cond: (ci.movie_id = t.id)
  ->  Seq Scan on cast_info ci  (cost=0.00..796071.18 rows=7759607 width=4) (actual time=1505.442..14060.095 rows=2486055 loops=1)
        Filter: ((person_id > 1388522) AND (role_id = 1))
        Rows Removed by Filter: 33758289
  ->  Hash  (cost=148758.81..148758.81 rows=454124 width=8) (actual time=3270.243..3270.243 rows=459925 loops=1)
        Buckets: 131072  Batches: 8  Memory Usage: 3275kB
        ->  Hash Join  (cost=102767.86..148758.81 rows=454124 width=8) (actual time=1833.774..3125.746 rows=459925 loops=1)
              Hash Cond: (mi_idx.movie_id = t.id)
              ->  Seq Scan on movie_info_idx mi_idx  (cost=0.00..25185.44 rows=454124 width=4) (actual time=0.037..458.987 rows=459925 loops=1)
                    Filter: (info_type_id = 100)
                    Rows Removed by Filter: 920110
              ->  Hash  (cost=61283.27..61283.27 rows=2528527 width=4) (actual time=1831.812..1831.812 rows=2528312 loops=1)
                    Buckets: 131072  Batches: 64  Memory Usage: 2415kB
                    ->  Seq Scan on title t  (cost=0.00..61283.27 rows=2528527 width=4) (actual time=0.019..1000.141 rows=2528312 loops=1)
Planning time: 7.511 ms
Execution time: 19012.355 ms
