Hash Join  (cost=796926.65..851593.21 rows=104 width=0) (actual time=10974.566..12067.247 rows=271 loops=1)
  Hash Cond: (mc.movie_id = t.id)
  ->  Seq Scan on movie_companies mc  (cost=0.00..44881.29 rows=2609129 width=4) (actual time=0.016..640.604 rows=2609129 loops=1)
  ->  Hash  (cost=796925.39..796925.39 rows=101 width=8) (actual time=10961.493..10961.493 rows=116 loops=1)
        Buckets: 1024  Batches: 1  Memory Usage: 13kB
        ->  Nested Loop  (cost=0.43..796925.39 rows=101 width=8) (actual time=7832.722..10961.417 rows=116 loops=1)
              ->  Seq Scan on cast_info ci  (cost=0.00..796071.18 rows=101 width=4) (actual time=7832.585..10959.002 rows=116 loops=1)
                    Filter: ((person_id = 1858638) AND (role_id = 2))
                    Rows Removed by Filter: 36244228
              ->  Index Only Scan using title_pkey on title t  (cost=0.43..8.45 rows=1 width=4) (actual time=0.019..0.020 rows=1 loops=116)
                    Index Cond: (id = ci.movie_id)
                    Heap Fetches: 116
Planning time: 1.218 ms
Execution time: 12067.428 ms
