Hash Join  (cost=100924.16..191754.60 rows=957 width=0) (actual time=2395.652..3517.217 rows=2746 loops=1)
  Hash Cond: (mk.movie_id = t.id)
  ->  Seq Scan on movie_keyword mk  (cost=0.00..81003.12 rows=2618065 width=4) (actual time=0.020..1563.270 rows=2607944 loops=1)
        Filter: (keyword_id > 3295)
        Rows Removed by Filter: 1915986
  ->  Hash  (cost=100912.61..100912.61 rows=924 width=8) (actual time=1567.478..1567.478 rows=1870 loops=1)
        Buckets: 2048 (originally 1024)  Batches: 1 (originally 1)  Memory Usage: 90kB
        ->  Hash Join  (cost=73989.27..100912.61 rows=924 width=8) (actual time=1265.638..1566.540 rows=1870 loops=1)
              Hash Cond: (mi_idx.movie_id = t.id)
              ->  Seq Scan on movie_info_idx mi_idx  (cost=0.00..25185.44 rows=460978 width=4) (actual time=0.025..450.167 rows=459925 loops=1)
                    Filter: (info_type_id = 99)
                    Rows Removed by Filter: 920110
              ->  Hash  (cost=73925.90..73925.90 rows=5069 width=4) (actual time=1029.489..1029.489 rows=4420 loops=1)
                    Buckets: 8192  Batches: 1  Memory Usage: 220kB
                    ->  Seq Scan on title t  (cost=0.00..73925.90 rows=5069 width=4) (actual time=0.141..1027.167 rows=4420 loops=1)
                          Filter: ((kind_id = 2) AND (production_year = 2010))
                          Rows Removed by Filter: 2523892
Planning time: 2.380 ms
Execution time: 3517.724 ms
