Hash Join  (cost=161851.08..189031.70 rows=27013 width=0) (actual time=2856.426..3408.705 rows=40798 loops=1)
  Hash Cond: (mi_idx.movie_id = t.id)
  ->  Seq Scan on movie_info_idx mi_idx  (cost=0.00..21735.35 rows=1380035 width=4) (actual time=0.010..253.579 rows=1380035 loops=1)
  ->  Hash  (cost=161232.42..161232.42 rows=49493 width=8) (actual time=2855.931..2855.931 rows=22210 loops=1)
        Buckets: 65536  Batches: 1  Memory Usage: 1380kB
        ->  Hash Join  (cost=70308.29..161232.42 rows=49493 width=8) (actual time=1073.081..2848.207 rows=22210 loops=1)
              Hash Cond: (mk.movie_id = t.id)
              ->  Seq Scan on movie_keyword mk  (cost=0.00..81003.12 rows=759488 width=4) (actual time=2.481..1461.763 rows=765606 loops=1)
                    Filter: (keyword_id > 24419)
                    Rows Removed by Filter: 3758324
              ->  Hash  (cost=67604.59..67604.59 rows=164776 width=4) (actual time=1068.308..1068.308 rows=164307 loops=1)
                    Buckets: 131072  Batches: 4  Memory Usage: 2488kB
                    ->  Seq Scan on title t  (cost=0.00..67604.59 rows=164776 width=4) (actual time=0.022..1009.771 rows=164307 loops=1)
                          Filter: (production_year = 2012)
                          Rows Removed by Filter: 2364005
Planning time: 0.788 ms
Execution time: 3414.152 ms
