Seq Scan on title t  (cost=0.00..73925.90 rows=822986 width=0) (actual time=91.474..1238.639 rows=738761 loops=1)
  Filter: ((kind_id > 6) AND (production_year < 2005))
  Rows Removed by Filter: 1789551
Planning time: 0.310 ms
Execution time: 1331.752 ms
