Hash Join  (cost=52284.99..400210.36 rows=19 width=0) (actual time=3397.841..6365.157 rows=361 loops=1)
  Hash Cond: (mi.movie_id = t.id)
  ->  Seq Scan on movie_info mi  (cost=0.00..346232.03 rows=451508 width=4) (actual time=2514.328..5495.519 rows=474443 loops=1)
        Filter: (info_type_id = 6)
        Rows Removed by Filter: 14361277
  ->  Hash  (cost=52283.69..52283.69 rows=104 width=8) (actual time=802.353..802.353 rows=265 loops=1)
        Buckets: 1024  Batches: 1  Memory Usage: 19kB
        ->  Nested Loop  (cost=0.43..52283.69 rows=104 width=8) (actual time=77.854..802.117 rows=265 loops=1)
              ->  Seq Scan on movie_companies mc  (cost=0.00..51404.11 rows=104 width=4) (actual time=77.741..785.770 rows=265 loops=1)
                    Filter: (company_id = 12016)
                    Rows Removed by Filter: 2608864
              ->  Index Only Scan using title_pkey on title t  (cost=0.43..8.45 rows=1 width=4) (actual time=0.059..0.060 rows=1 loops=265)
                    Index Cond: (id = mc.movie_id)
                    Heap Fetches: 265
Planning time: 1.224 ms
Execution time: 6365.341 ms
