Hash Join  (cost=86138.21..130801.22 rows=406253 width=0) (actual time=1715.802..2921.450 rows=256629 loops=1)
  Hash Cond: (mi_idx.movie_id = t.id)
  ->  Seq Scan on movie_info_idx mi_idx  (cost=0.00..21735.35 rows=1380035 width=4) (actual time=0.014..448.466 rows=1380035 loops=1)
  ->  Hash  (cost=73925.90..73925.90 rows=744344 width=4) (actual time=1714.799..1714.799 rows=796638 loops=1)
        Buckets: 131072  Batches: 16  Memory Usage: 2779kB
        ->  Seq Scan on title t  (cost=0.00..73925.90 rows=744344 width=4) (actual time=0.023..1461.255 rows=796638 loops=1)
              Filter: ((kind_id > 1) AND (production_year > 2005))
              Rows Removed by Filter: 1731674
Planning time: 0.557 ms
Execution time: 2948.818 ms
