Hash Join  (cost=102767.86..1472048.79 rows=27174879 width=0) (actual time=1853.188..43988.933 rows=27327255 loops=1)
  Hash Cond: (ci.movie_id = t.id)
  ->  Seq Scan on cast_info ci  (cost=0.00..705507.15 rows=27174879 width=4) (actual time=0.014..15947.090 rows=27327255 loops=1)
        Filter: (person_id > 877602)
        Rows Removed by Filter: 8917089
  ->  Hash  (cost=61283.27..61283.27 rows=2528527 width=4) (actual time=1851.831..1851.831 rows=2528312 loops=1)
        Buckets: 131072  Batches: 64  Memory Usage: 2415kB
        ->  Seq Scan on title t  (cost=0.00..61283.27 rows=2528527 width=4) (actual time=0.019..1020.368 rows=2528312 loops=1)
Planning time: 0.701 ms
Execution time: 46919.828 ms
