Seq Scan on title t  (cost=0.00..73925.90 rows=361919 width=0) (actual time=0.027..1198.671 rows=470371 loops=1)
  Filter: ((kind_id < 7) AND (production_year < 1998))
  Rows Removed by Filter: 2057941
Planning time: 0.317 ms
Execution time: 1260.695 ms
