Hash Join  (cost=85449.15..222761.15 rows=1256596 width=0) (actual time=1519.475..5251.129 rows=2357693 loops=1)
  Hash Cond: (mk.movie_id = t.id)
  ->  Seq Scan on movie_keyword mk  (cost=0.00..69693.30 rows=4523930 width=4) (actual time=0.013..1280.625 rows=4523930 loops=1)
  ->  Hash  (cost=73925.90..73925.90 rows=702340 width=4) (actual time=1518.402..1518.402 rows=603836 loops=1)
        Buckets: 131072  Batches: 16  Memory Usage: 2357kB
        ->  Seq Scan on title t  (cost=0.00..73925.90 rows=702340 width=4) (actual time=0.014..1318.693 rows=603836 loops=1)
              Filter: ((kind_id < 7) AND (production_year > 1988))
              Rows Removed by Filter: 1924476
Planning time: 0.625 ms
Execution time: 5503.418 ms
