Seq Scan on movie_companies mc  (cost=0.00..57926.93 rows=51 width=0) (actual time=82.910..870.871 rows=34 loops=1)
  Filter: ((company_type_id < 2) AND (company_id = 15763))
  Rows Removed by Filter: 2609095
Planning time: 2.750 ms
Execution time: 870.979 ms
