Hash Join  (cost=254108.94..826837.01 rows=8708615 width=0) (actual time=5579.343..36505.698 rows=81149136 loops=1)
  Hash Cond: (mi.movie_id = t.id)
  ->  Seq Scan on movie_info mi  (cost=0.00..309384.22 rows=14739122 width=4) (actual time=0.016..6237.058 rows=14835720 loops=1)
  ->  Hash  (cost=229598.17..229598.17 rows=1493981 width=8) (actual time=5578.363..5578.363 rows=1513935 loops=1)
        Buckets: 131072  Batches: 32  Memory Usage: 2942kB
        ->  Hash Join  (cost=102767.86..229598.17 rows=1493981 width=8) (actual time=2014.484..5138.023 rows=1513935 loops=1)
              Hash Cond: (mk.movie_id = t.id)
              ->  Seq Scan on movie_keyword mk  (cost=0.00..81003.12 rows=1493981 width=4) (actual time=0.023..1557.620 rows=1513935 loops=1)
                    Filter: (keyword_id > 10702)
                    Rows Removed by Filter: 3009995
              ->  Hash  (cost=61283.27..61283.27 rows=2528527 width=4) (actual time=2013.033..2013.033 rows=2528312 loops=1)
                    Buckets: 131072  Batches: 64  Memory Usage: 2425kB
                    ->  Seq Scan on title t  (cost=0.00..61283.27 rows=2528527 width=4) (actual time=0.018..1151.793 rows=2528312 loops=1)
Planning time: 0.914 ms
Execution time: 45199.415 ms
