Hash Join  (cost=101490.70..466986.66 rows=84006 width=0) (actual time=1871.309..10215.775 rows=589113 loops=1)
  Hash Cond: (mi.movie_id = t.id)
  ->  Seq Scan on movie_info mi  (cost=0.00..309384.22 rows=14739122 width=4) (actual time=0.018..4560.196 rows=14835720 loops=1)
  ->  Hash  (cost=101310.56..101310.56 rows=14411 width=8) (actual time=1871.158..1871.158 rows=31800 loops=1)
        Buckets: 32768 (originally 16384)  Batches: 1 (originally 1)  Memory Usage: 1499kB
        ->  Hash Join  (cost=74255.97..101310.56 rows=14411 width=8) (actual time=1215.466..1859.508 rows=31800 loops=1)
              Hash Cond: (mi_idx.movie_id = t.id)
              ->  Seq Scan on movie_info_idx mi_idx  (cost=0.00..21735.35 rows=1380035 width=4) (actual time=0.026..303.201 rows=1380035 loops=1)
              ->  Hash  (cost=73925.90..73925.90 rows=26405 width=4) (actual time=1215.167..1215.167 rows=23926 loops=1)
                    Buckets: 32768  Batches: 1  Memory Usage: 1098kB
                    ->  Seq Scan on title t  (cost=0.00..73925.90 rows=26405 width=4) (actual time=0.091..1204.762 rows=23926 loops=1)
                          Filter: ((kind_id < 7) AND (production_year = 2003))
                          Rows Removed by Filter: 2504386
Planning time: 1.141 ms
Execution time: 10293.981 ms
