Seq Scan on movie_companies mc  (cost=0.00..57926.93 rows=296832 width=0) (actual time=0.018..979.040 rows=430779 loops=1)
  Filter: ((company_id < 688) AND (company_type_id = 1))
  Rows Removed by Filter: 2178350
Planning time: 1.177 ms
Execution time: 1032.547 ms
