Seq Scan on movie_companies mc  (cost=0.00..57926.93 rows=514584 width=0) (actual time=247.284..969.812 rows=306213 loops=1)
  Filter: ((company_id < 5030) AND (company_type_id > 1))
  Rows Removed by Filter: 2302916
Planning time: 0.308 ms
Execution time: 1007.343 ms
