Hash Join  (cost=204068.67..745379.50 rows=5764191 width=0) (actual time=4665.619..23193.841 rows=17587699 loops=1)
  Hash Cond: (mi.movie_id = t.id)
  ->  Seq Scan on movie_info mi  (cost=0.00..309384.22 rows=14739122 width=4) (actual time=0.011..6605.656 rows=14835720 loops=1)
  ->  Hash  (cost=187844.93..187844.93 rows=988859 width=8) (actual time=4664.826..4664.826 rows=998348 loops=1)
        Buckets: 131072  Batches: 16  Memory Usage: 3487kB
        ->  Hash Join  (cost=102767.86..187844.93 rows=988859 width=8) (actual time=2064.895..4363.558 rows=998348 loops=1)
              Hash Cond: (mc.movie_id = t.id)
              ->  Seq Scan on movie_companies mc  (cost=0.00..51404.11 rows=988859 width=4) (actual time=14.995..1041.220 rows=998348 loops=1)
                    Filter: (company_id > 16734)
                    Rows Removed by Filter: 1610781
              ->  Hash  (cost=61283.27..61283.27 rows=2528527 width=4) (actual time=2048.782..2048.782 rows=2528312 loops=1)
                    Buckets: 131072  Batches: 64  Memory Usage: 2415kB
                    ->  Seq Scan on title t  (cost=0.00..61283.27 rows=2528527 width=4) (actual time=0.022..1212.986 rows=2528312 loops=1)
Planning time: 1.165 ms
Execution time: 25168.423 ms
