Seq Scan on cast_info ci  (cost=0.00..705507.15 rows=20362764 width=0) (actual time=0.019..13342.457 rows=20483841 loops=1)
  Filter: (person_id > 1556827)
  Rows Removed by Filter: 15760503
Planning time: 0.316 ms
Execution time: 15912.694 ms
