Hash Join  (cost=220210.70..591983.02 rows=613183 width=0) (actual time=6486.924..13230.138 rows=974053 loops=1)
  Hash Cond: (mi.movie_id = t.id)
  ->  Seq Scan on movie_info mi  (cost=0.00..346232.03 rows=1264125 width=4) (actual time=786.917..5145.554 rows=1288928 loops=1)
        Filter: (info_type_id = 2)
        Rows Removed by Filter: 13546792
  ->  Hash  (cost=200087.43..200087.43 rows=1226501 width=8) (actual time=5699.107..5699.107 rows=1131054 loops=1)
        Buckets: 131072  Batches: 32  Memory Usage: 2404kB
        ->  Hash Join  (cost=102767.86..200087.43 rows=1226501 width=8) (actual time=3109.789..5358.577 rows=1131054 loops=1)
              Hash Cond: (mc.movie_id = t.id)
              ->  Seq Scan on movie_companies mc  (cost=0.00..57926.93 rows=1226501 width=4) (actual time=352.933..1289.325 rows=1131054 loops=1)
                    Filter: ((company_id < 112301) AND (company_type_id = 2))
                    Rows Removed by Filter: 1478075
              ->  Hash  (cost=61283.27..61283.27 rows=2528527 width=4) (actual time=2755.526..2755.526 rows=2528312 loops=1)
                    Buckets: 131072  Batches: 64  Memory Usage: 2415kB
                    ->  Seq Scan on title t  (cost=0.00..61283.27 rows=2528527 width=4) (actual time=0.015..1124.346 rows=2528312 loops=1)
Planning time: 1.199 ms
Execution time: 13354.769 ms
