Seq Scan on movie_companies mc  (cost=0.00..57926.93 rows=344715 width=0) (actual time=415.033..884.362 rows=189897 loops=1)
  Filter: ((company_id < 1049) AND (company_type_id = 2))
  Rows Removed by Filter: 2419232
Planning time: 0.367 ms
Execution time: 908.579 ms
