Hash Join  (cost=101852.42..154403.57 rows=2645 width=0) (actual time=2100.463..2894.965 rows=48 loops=1)
  Hash Cond: (mc.movie_id = t.id)
  ->  Seq Scan on movie_companies mc  (cost=0.00..51404.11 rows=298824 width=4) (actual time=161.898..916.411 rows=301931 loops=1)
        Filter: (company_id > 93946)
        Rows Removed by Filter: 2307198
  ->  Hash  (cost=101572.69..101572.69 rows=22378 width=8) (actual time=1921.842..1921.842 rows=8352 loops=1)
        Buckets: 32768  Batches: 1  Memory Usage: 583kB
        ->  Hash Join  (cost=74438.43..101572.69 rows=22378 width=8) (actual time=1242.766..1918.470 rows=8352 loops=1)
              Hash Cond: (mi_idx.movie_id = t.id)
              ->  Seq Scan on movie_info_idx mi_idx  (cost=0.00..21735.35 rows=1380035 width=4) (actual time=0.026..361.080 rows=1380035 loops=1)
              ->  Hash  (cost=73925.90..73925.90 rows=41002 width=4) (actual time=1228.523..1228.523 rows=40409 loops=1)
                    Buckets: 65536  Batches: 1  Memory Usage: 1933kB
                    ->  Seq Scan on title t  (cost=0.00..73925.90 rows=41002 width=4) (actual time=0.030..1211.386 rows=40409 loops=1)
                          Filter: ((kind_id > 4) AND (production_year > 2012))
                          Rows Removed by Filter: 2487903
Planning time: 1.212 ms
Execution time: 2895.202 ms
