Seq Scan on cast_info ci  (cost=0.00..796071.18 rows=3457017 width=0) (actual time=4221.710..12853.503 rows=1719512 loops=1)
  Filter: ((person_id < 1431437) AND (role_id > 5))
  Rows Removed by Filter: 34524832
Planning time: 0.357 ms
Execution time: 13073.660 ms
