Hash Join  (cost=102767.86..229626.57 rows=1495113 width=0) (actual time=1833.789..4870.963 rows=1505807 loops=1)
  Hash Cond: (mk.movie_id = t.id)
  ->  Seq Scan on movie_keyword mk  (cost=0.00..81003.12 rows=1495113 width=4) (actual time=0.018..1503.629 rows=1505807 loops=1)
        Filter: (keyword_id < 2173)
        Rows Removed by Filter: 3018123
  ->  Hash  (cost=61283.27..61283.27 rows=2528527 width=4) (actual time=1831.905..1831.905 rows=2528312 loops=1)
        Buckets: 131072  Batches: 64  Memory Usage: 2425kB
        ->  Seq Scan on title t  (cost=0.00..61283.27 rows=2528527 width=4) (actual time=0.016..991.623 rows=2528312 loops=1)
Planning time: 3.182 ms
Execution time: 5050.128 ms
