Seq Scan on movie_keyword mk  (cost=0.00..81003.12 rows=796569 width=0) (actual time=0.025..1288.510 rows=798994 loops=1)
  Filter: (keyword_id > 23141)
  Rows Removed by Filter: 3724936
Planning time: 0.311 ms
Execution time: 1391.198 ms
