Hash Join  (cost=100809.69..493456.13 rows=1343995 width=0) (actual time=3384.834..9560.267 rows=968898 loops=1)
  Hash Cond: (mi.movie_id = t.id)
  ->  Seq Scan on movie_info mi  (cost=0.00..346232.03 rows=2073893 width=4) (actual time=1006.465..5547.945 rows=2091068 loops=1)
        Filter: (info_type_id < 3)
        Rows Removed by Filter: 12744652
  ->  Hash  (cost=73925.90..73925.90 rows=1638623 width=4) (actual time=2377.538..2377.538 rows=1629839 loops=1)
        Buckets: 131072  Batches: 32  Memory Usage: 2820kB
        ->  Seq Scan on title t  (cost=0.00..73925.90 rows=1638623 width=4) (actual time=0.023..1510.006 rows=1629839 loops=1)
              Filter: ((kind_id > 1) AND (production_year < 2012))
              Rows Removed by Filter: 898473
Planning time: 0.760 ms
Execution time: 9680.805 ms
