Hash Join  (cost=365418.15..1465450.00 rows=19569475 width=0) (actual time=8566.712..43028.422 rows=67293539 loops=1)
  Hash Cond: (ci.movie_id = t.id)
  ->  Seq Scan on cast_info ci  (cost=0.00..705507.15 rows=10937823 width=4) (actual time=0.009..12869.327 rows=10935799 loops=1)
        Filter: (person_id > 2611610)
        Rows Removed by Filter: 25308545
  ->  Hash  (cost=291197.02..291197.02 rows=4523930 width=8) (actual time=8564.743..8564.743 rows=4523930 loops=1)
        Buckets: 131072  Batches: 64  Memory Usage: 3816kB
        ->  Hash Join  (cost=102767.86..291197.02 rows=4523930 width=8) (actual time=2092.192..7304.595 rows=4523930 loops=1)
              Hash Cond: (mk.movie_id = t.id)
              ->  Seq Scan on movie_keyword mk  (cost=0.00..69693.30 rows=4523930 width=4) (actual time=0.018..1534.371 rows=4523930 loops=1)
              ->  Hash  (cost=61283.27..61283.27 rows=2528527 width=4) (actual time=2089.981..2089.981 rows=2528312 loops=1)
                    Buckets: 131072  Batches: 64  Memory Usage: 2425kB
                    ->  Seq Scan on title t  (cost=0.00..61283.27 rows=2528527 width=4) (actual time=0.011..1235.072 rows=2528312 loops=1)
Planning time: 1.143 ms
Execution time: 50272.918 ms
