Hash Join  (cost=102767.86..277736.92 rows=3494519 width=0) (actual time=1901.785..6762.709 rows=3490919 loops=1)
  Hash Cond: (mk.movie_id = t.id)
  ->  Seq Scan on movie_keyword mk  (cost=0.00..81003.12 rows=3494519 width=4) (actual time=0.025..1921.801 rows=3490919 loops=1)
        Filter: (keyword_id > 1016)
        Rows Removed by Filter: 1033011
  ->  Hash  (cost=61283.27..61283.27 rows=2528527 width=4) (actual time=1899.476..1899.476 rows=2528312 loops=1)
        Buckets: 131072  Batches: 64  Memory Usage: 2425kB
        ->  Seq Scan on title t  (cost=0.00..61283.27 rows=2528527 width=4) (actual time=0.021..1031.081 rows=2528312 loops=1)
Planning time: 5.216 ms
Execution time: 7172.873 ms
