Seq Scan on cast_info ci  (cost=0.00..796071.18 rows=20346121 width=0) (actual time=968.155..15335.890 rows=22935285 loops=1)
  Filter: ((person_id < 2483033) AND (role_id < 9))
  Rows Removed by Filter: 13309059
Planning time: 0.381 ms
Execution time: 18108.980 ms
