Hash Join  (cost=102767.86..284908.08 rows=3792560 width=0) (actual time=1992.702..6927.257 rows=3791287 loops=1)
  Hash Cond: (mk.movie_id = t.id)
  ->  Seq Scan on movie_keyword mk  (cost=0.00..81003.12 rows=3792560 width=4) (actual time=0.019..1859.202 rows=3791287 loops=1)
        Filter: (keyword_id > 651)
        Rows Removed by Filter: 732643
  ->  Hash  (cost=61283.27..61283.27 rows=2528527 width=4) (actual time=1990.261..1990.261 rows=2528312 loops=1)
        Buckets: 131072  Batches: 64  Memory Usage: 2425kB
        ->  Seq Scan on title t  (cost=0.00..61283.27 rows=2528527 width=4) (actual time=0.005..1143.346 rows=2528312 loops=1)
Planning time: 0.760 ms
Execution time: 7355.515 ms
