Hash Join  (cost=184590.94..283374.76 rows=226048 width=0) (actual time=3856.676..5848.192 rows=174310 loops=1)
  Hash Cond: (mk.movie_id = t.id)
  ->  Seq Scan on movie_keyword mk  (cost=0.00..81003.12 rows=1178191 width=4) (actual time=0.017..1382.901 rows=1188398 loops=1)
        Filter: (keyword_id > 15579)
        Rows Removed by Filter: 3335532
  ->  Hash  (cost=176630.89..176630.89 rows=485124 width=8) (actual time=3854.213..3854.213 rows=324328 loops=1)
        Buckets: 131072  Batches: 8  Memory Usage: 2612kB
        ->  Hash Join  (cost=98137.04..176630.89 rows=485124 width=8) (actual time=1913.764..3495.450 rows=324328 loops=1)
              Hash Cond: (mc.movie_id = t.id)
              ->  Seq Scan on movie_companies mc  (cost=0.00..57926.93 rows=659136 width=4) (actual time=0.019..1003.670 rows=419579 loops=1)
                    Filter: ((company_id < 11241) AND (company_type_id = 2))
                    Rows Removed by Filter: 2189550
              ->  Hash  (cost=67604.59..67604.59 rows=1860996 width=4) (actual time=1912.944..1912.944 rows=1865487 loops=1)
                    Buckets: 131072  Batches: 32  Memory Usage: 3079kB
                    ->  Seq Scan on title t  (cost=0.00..67604.59 rows=1860996 width=4) (actual time=0.008..1324.400 rows=1865487 loops=1)
                          Filter: (kind_id > 1)
                          Rows Removed by Filter: 662825
Planning time: 0.739 ms
Execution time: 5869.895 ms
