Hash Join  (cost=101210.02..578775.57 rows=4777141 width=0) (actual time=1981.366..12760.676 rows=4326785 loops=1)
  Hash Cond: (mi.movie_id = t.id)
  ->  Seq Scan on movie_info mi  (cost=0.00..346232.03 rows=5897221 width=4) (actual time=0.023..6010.958 rows=5884963 loops=1)
        Filter: (info_type_id < 7)
        Rows Removed by Filter: 8950757
  ->  Hash  (cost=67604.59..67604.59 rows=2048275 width=4) (actual time=1980.405..1980.405 rows=2046723 loops=1)
        Buckets: 131072  Batches: 32  Memory Usage: 3285kB
        ->  Seq Scan on title t  (cost=0.00..67604.59 rows=2048275 width=4) (actual time=1.250..1294.167 rows=2046723 loops=1)
              Filter: (production_year > 1972)
              Rows Removed by Filter: 481589
Planning time: 0.764 ms
Execution time: 13277.692 ms
