Seq Scan on cast_info ci  (cost=0.00..796071.18 rows=18851132 width=0) (actual time=0.024..15780.387 rows=21641512 loops=1)
  Filter: ((person_id < 2432624) AND (role_id < 8))
  Rows Removed by Filter: 14602832
Planning time: 0.315 ms
Execution time: 18492.415 ms
