Seq Scan on movie_keyword mk  (cost=0.00..81003.12 rows=246 width=0) (actual time=6.036..1243.036 rows=510 loops=1)
  Filter: (keyword_id = 3804)
  Rows Removed by Filter: 4523420
Planning time: 0.357 ms
Execution time: 1243.691 ms
