Seq Scan on cast_info ci  (cost=0.00..796071.18 rows=8134875 width=0) (actual time=5.378..12235.167 rows=9731398 loops=1)
  Filter: ((person_id < 1199459) AND (role_id < 4))
  Rows Removed by Filter: 26512946
Planning time: 0.435 ms
Execution time: 13314.296 ms
