Seq Scan on cast_info ci  (cost=0.00..705507.15 rows=500 width=0) (actual time=4120.396..10366.319 rows=140 loops=1)
  Filter: (person_id = 1950637)
  Rows Removed by Filter: 36244204
Planning time: 10.854 ms
Execution time: 10366.442 ms
