Seq Scan on movie_keyword mk  (cost=0.00..81003.12 rows=246 width=0) (actual time=112.175..1214.103 rows=32 loops=1)
  Filter: (keyword_id = 9050)
  Rows Removed by Filter: 4523898
Planning time: 0.336 ms
Execution time: 1214.235 ms
