Hash Join  (cost=279439.81..1684022.74 rows=31685783 width=0) (actual time=6451.231..45264.338 rows=37509514 loops=1)
  Hash Cond: (ci.movie_id = t.id)
  ->  Seq Scan on cast_info ci  (cost=0.00..614943.12 rows=36225612 width=4) (actual time=0.022..13253.432 rows=36244344 loops=1)
  ->  Hash  (cost=243154.20..243154.20 rows=2211649 width=8) (actual time=6447.988..6447.988 rows=1189642 loops=1)
        Buckets: 131072  Batches: 32  Memory Usage: 2492kB
        ->  Hash Join  (cost=94206.67..243154.20 rows=2211649 width=8) (actual time=2049.580..6089.311 rows=1189642 loops=1)
              Hash Cond: (mk.movie_id = t.id)
              ->  Seq Scan on movie_keyword mk  (cost=0.00..69693.30 rows=4523930 width=4) (actual time=0.020..1481.195 rows=4523930 loops=1)
              ->  Hash  (cost=73925.90..73925.90 rows=1236141 width=4) (actual time=2048.509..2048.509 rows=1353520 loops=1)
                    Buckets: 131072  Batches: 32  Memory Usage: 2525kB
                    ->  Seq Scan on title t  (cost=0.00..73925.90 rows=1236141 width=4) (actual time=0.014..1597.417 rows=1353520 loops=1)
                          Filter: ((kind_id > 1) AND (production_year > 1993))
                          Rows Removed by Filter: 1174792
Planning time: 1.218 ms
Execution time: 49120.656 ms
