Hash Join  (cost=77280.64..203739.77 rows=365809 width=0) (actual time=1829.630..5463.402 rows=1197430 loops=1)
  Hash Cond: (mk.movie_id = t.id)
  ->  Seq Scan on movie_keyword mk  (cost=0.00..69693.30 rows=4523930 width=4) (actual time=0.009..1303.786 rows=4523930 loops=1)
  ->  Hash  (cost=73925.90..73925.90 rows=204459 width=4) (actual time=1828.857..1828.857 rows=313929 loops=1)
        Buckets: 131072  Batches: 4  Memory Usage: 3792kB
        ->  Seq Scan on title t  (cost=0.00..73925.90 rows=204459 width=4) (actual time=0.028..1147.481 rows=313929 loops=1)
              Filter: ((kind_id < 7) AND (production_year < 1981))
              Rows Removed by Filter: 2214383
Planning time: 0.735 ms
Execution time: 5595.121 ms
