Seq Scan on movie_companies mc  (cost=0.00..57926.93 rows=1186112 width=0) (actual time=0.028..1176.563 rows=1274246 loops=1)
  Filter: ((company_id < 116282) AND (company_type_id < 2))
  Rows Removed by Filter: 1334883
Planning time: 0.310 ms
Execution time: 1343.913 ms
