Seq Scan on title t  (cost=0.00..73925.90 rows=266 width=0) (actual time=0.048..963.186 rows=889 loops=1)
  Filter: ((kind_id = 2) AND (production_year = 1986))
  Rows Removed by Filter: 2527423
Planning time: 0.230 ms
Execution time: 963.600 ms
