Hash Join  (cost=487942.67..1301084.46 rows=2047619 width=0) (actual time=8824.258..27432.665 rows=2583181 loops=1)
  Hash Cond: (ci.movie_id = t.id)
  ->  Seq Scan on cast_info ci  (cost=0.00..705507.15 rows=7298253 width=4) (actual time=0.015..14094.971 rows=7451973 loops=1)
        Filter: (role_id = 2)
        Rows Removed by Filter: 28792371
  ->  Hash  (cost=476303.04..476303.04 rows=709411 width=8) (actual time=8823.251..8823.251 rows=702129 loops=1)
        Buckets: 131072  Batches: 16  Memory Usage: 2734kB
        ->  Hash Join  (cost=103947.06..476303.04 rows=709411 width=8) (actual time=3231.625..8634.137 rows=702129 loops=1)
              Hash Cond: (mi.movie_id = t.id)
              ->  Seq Scan on movie_info mi  (cost=0.00..346232.03 rows=809768 width=4) (actual time=1084.716..5527.800 rows=802140 loops=1)
                    Filter: (info_type_id < 2)
                    Rows Removed by Filter: 14033580
              ->  Hash  (cost=67604.59..67604.59 rows=2215158 width=4) (actual time=2146.122..2146.122 rows=2203697 loops=1)
                    Buckets: 131072  Batches: 32  Memory Usage: 3458kB
                    ->  Seq Scan on title t  (cost=0.00..67604.59 rows=2215158 width=4) (actual time=0.029..1440.753 rows=2203697 loops=1)
                          Filter: (production_year > 1960)
                          Rows Removed by Filter: 324615
Planning time: 1.150 ms
Execution time: 27712.377 ms
