Seq Scan on cast_info ci  (cost=0.00..705507.15 rows=25782205 width=0) (actual time=435.084..11371.581 rows=25979987 loops=1)
  Filter: (person_id > 1009768)
  Rows Removed by Filter: 10264357
Planning time: 0.327 ms
Execution time: 14265.056 ms
