Hash Join  (cost=68438.72..121201.46 rows=8933 width=0) (actual time=1248.868..1789.056 rows=14096 loops=1)
  Hash Cond: (mc.movie_id = t.id)
  ->  Seq Scan on movie_companies mc  (cost=0.00..51404.11 rows=338477 width=4) (actual time=360.063..809.249 rows=341042 loops=1)
        Filter: (company_id > 89211)
        Rows Removed by Filter: 2268087
  ->  Hash  (cost=67604.59..67604.59 rows=66731 width=4) (actual time=887.891..887.891 rows=67342 loops=1)
        Buckets: 131072  Batches: 1  Memory Usage: 3392kB
        ->  Seq Scan on title t  (cost=0.00..67604.59 rows=66731 width=4) (actual time=0.067..861.256 rows=67342 loops=1)
              Filter: (production_year > 2012)
              Rows Removed by Filter: 2460970
Planning time: 1.049 ms
Execution time: 1791.422 ms
