Hash Join  (cost=83074.74..447745.01 rows=1434 width=0) (actual time=1227.174..8120.807 rows=4379 loops=1)
  Hash Cond: (mi.movie_id = t.id)
  ->  Seq Scan on movie_info mi  (cost=0.00..309384.22 rows=14739122 width=4) (actual time=0.010..4215.935 rows=14835720 loops=1)
  ->  Hash  (cost=83071.67..83071.67 rows=246 width=8) (actual time=1226.266..1226.266 rows=112 loops=1)
        Buckets: 1024  Batches: 1  Memory Usage: 13kB
        ->  Nested Loop  (cost=0.43..83071.67 rows=246 width=8) (actual time=7.335..1226.108 rows=112 loops=1)
              ->  Seq Scan on movie_keyword mk  (cost=0.00..81003.12 rows=246 width=4) (actual time=7.272..1221.909 rows=112 loops=1)
                    Filter: (keyword_id = 22045)
                    Rows Removed by Filter: 4523818
              ->  Index Only Scan using title_pkey on title t  (cost=0.43..8.40 rows=1 width=4) (actual time=0.033..0.033 rows=1 loops=112)
                    Index Cond: (id = mk.movie_id)
                    Heap Fetches: 112
Planning time: 1.860 ms
Execution time: 8122.078 ms
