Hash Join  (cost=102767.86..909751.71 rows=42995 width=0) (actual time=6866.581..13406.087 rows=35424 loops=1)
  Hash Cond: (ci.movie_id = t.id)
  ->  Seq Scan on cast_info ci  (cost=0.00..796071.18 rows=42995 width=4) (actual time=4872.081..11012.703 rows=35424 loops=1)
        Filter: ((person_id < 81745) AND (role_id = 8))
        Rows Removed by Filter: 36208920
  ->  Hash  (cost=61283.27..61283.27 rows=2528527 width=4) (actual time=1993.191..1993.191 rows=2528312 loops=1)
        Buckets: 131072  Batches: 64  Memory Usage: 2415kB
        ->  Seq Scan on title t  (cost=0.00..61283.27 rows=2528527 width=4) (actual time=0.024..1139.256 rows=2528312 loops=1)
Planning time: 2.732 ms
Execution time: 13410.487 ms
