Hash Join  (cost=436194.91..491268.25 rows=40782 width=0) (actual time=7619.150..8585.290 rows=29234 loops=1)
  Hash Cond: (mc.movie_id = t.id)
  ->  Seq Scan on movie_companies mc  (cost=0.00..44881.29 rows=2609129 width=4) (actual time=0.013..588.967 rows=2609129 loops=1)
  ->  Hash  (cost=435700.88..435700.88 rows=39522 width=8) (actual time=7414.415..7414.415 rows=9959 loops=1)
        Buckets: 65536  Batches: 1  Memory Usage: 902kB
        ->  Hash Join  (cost=75342.47..435700.88 rows=39522 width=8) (actual time=5707.450..7409.644 rows=9959 loops=1)
              Hash Cond: (mi.movie_id = t.id)
              ->  Seq Scan on movie_info mi  (cost=0.00..346232.03 rows=1158179 width=4) (actual time=3987.620..5657.417 rows=1204709 loops=1)
                    Filter: (info_type_id > 18)
                    Rows Removed by Filter: 13631011
              ->  Hash  (cost=73925.90..73925.90 rows=86285 width=4) (actual time=1337.523..1337.523 rows=92628 loops=1)
                    Buckets: 131072  Batches: 2  Memory Usage: 2659kB
                    ->  Seq Scan on title t  (cost=0.00..73925.90 rows=86285 width=4) (actual time=0.028..1301.179 rows=92628 loops=1)
                          Filter: ((kind_id = 7) AND (production_year = 2010))
                          Rows Removed by Filter: 2435684
Planning time: 0.825 ms
Execution time: 8589.445 ms
