Hash Join  (cost=217448.52..364699.10 rows=2072355 width=0) (actual time=4505.111..9386.564 rows=5615859 loops=1)
  Hash Cond: (mk.movie_id = t.id)
  ->  Seq Scan on movie_keyword mk  (cost=0.00..69693.30 rows=4523930 width=4) (actual time=0.023..1410.829 rows=4523930 loops=1)
  ->  Hash  (cost=198444.94..198444.94 rows=1158286 width=8) (actual time=4503.890..4503.890 rows=996426 loops=1)
        Buckets: 131072  Batches: 16  Memory Usage: 3457kB
        ->  Hash Join  (cost=102767.86..198444.94 rows=1158286 width=8) (actual time=1723.452..4197.307 rows=996426 loops=1)
              Hash Cond: (mc.movie_id = t.id)
              ->  Seq Scan on movie_companies mc  (cost=0.00..57926.93 rows=1158286 width=4) (actual time=0.023..1181.976 rows=996426 loops=1)
                    Filter: ((company_id < 89491) AND (company_type_id = 2))
                    Rows Removed by Filter: 1612703
              ->  Hash  (cost=61283.27..61283.27 rows=2528527 width=4) (actual time=1722.764..1722.764 rows=2528312 loops=1)
                    Buckets: 131072  Batches: 64  Memory Usage: 2415kB
                    ->  Seq Scan on title t  (cost=0.00..61283.27 rows=2528527 width=4) (actual time=0.009..963.513 rows=2528312 loops=1)
Planning time: 1.119 ms
Execution time: 9993.225 ms
