Hash Join  (cost=102767.86..1104645.95 rows=8142456 width=0) (actual time=1912.551..27325.721 rows=12670688 loops=1)
  Hash Cond: (ci.movie_id = t.id)
  ->  Seq Scan on cast_info ci  (cost=0.00..796071.18 rows=8142456 width=4) (actual time=0.021..15432.674 rows=12670688 loops=1)
        Filter: ((person_id < 2358042) AND (role_id = 1))
        Rows Removed by Filter: 23573656
  ->  Hash  (cost=61283.27..61283.27 rows=2528527 width=4) (actual time=1910.667..1910.667 rows=2528312 loops=1)
        Buckets: 131072  Batches: 64  Memory Usage: 2415kB
        ->  Seq Scan on title t  (cost=0.00..61283.27 rows=2528527 width=4) (actual time=0.033..1034.242 rows=2528312 loops=1)
Planning time: 0.745 ms
Execution time: 28624.441 ms
