Seq Scan on movie_keyword mk  (cost=0.00..81003.12 rows=246 width=0) (actual time=0.188..1207.614 rows=1246 loops=1)
  Filter: (keyword_id = 5893)
  Rows Removed by Filter: 4522684
Planning time: 8.919 ms
Execution time: 1208.113 ms
