Hash Join  (cost=58375.85..155195.34 rows=88 width=0) (actual time=2073.218..3061.731 rows=21 loops=1)
  Hash Cond: (mk.movie_id = t.id)
  ->  Seq Scan on movie_keyword mk  (cost=0.00..81003.12 rows=4217463 width=4) (actual time=0.021..1658.411 rows=4197002 loops=1)
        Filter: (keyword_id > 263)
        Rows Removed by Filter: 326928
  ->  Hash  (cost=58375.18..58375.18 rows=53 width=8) (actual time=843.905..843.905 rows=12 loops=1)
        Buckets: 1024  Batches: 1  Memory Usage: 9kB
        ->  Nested Loop  (cost=0.43..58375.18 rows=53 width=8) (actual time=35.363..843.884 rows=12 loops=1)
              ->  Seq Scan on movie_companies mc  (cost=0.00..57926.93 rows=53 width=4) (actual time=35.267..843.107 rows=12 loops=1)
                    Filter: ((company_id = 5362) AND (company_type_id = 2))
                    Rows Removed by Filter: 2609117
              ->  Index Only Scan using title_pkey on title t  (cost=0.43..8.45 rows=1 width=4) (actual time=0.057..0.058 rows=1 loops=12)
                    Index Cond: (id = mc.movie_id)
                    Heap Fetches: 12
Planning time: 3.787 ms
Execution time: 3061.869 ms
