Hash Join  (cost=143892.46..511587.47 rows=303908 width=0) (actual time=2674.738..10764.923 rows=235015 loops=1)
  Hash Cond: (mi.movie_id = t.id)
  ->  Seq Scan on movie_info mi  (cost=0.00..309384.22 rows=14739122 width=4) (actual time=0.019..4344.538 rows=14835720 loops=1)
  ->  Hash  (cost=143240.76..143240.76 rows=52136 width=8) (actual time=2674.302..2674.302 rows=30973 loops=1)
        Buckets: 65536  Batches: 1  Memory Usage: 1722kB
        ->  Hash Join  (cost=75553.24..143240.76 rows=52136 width=8) (actual time=1479.955..2663.443 rows=30973 loops=1)
              Hash Cond: (mc.movie_id = t.id)
              ->  Seq Scan on movie_companies mc  (cost=0.00..51404.11 rows=1329612 width=4) (actual time=256.404..966.858 rows=1334883 loops=1)
                    Filter: (company_type_id > 1)
                    Rows Removed by Filter: 1274246
              ->  Hash  (cost=73925.90..73925.90 rows=99147 width=4) (actual time=1222.680..1222.680 rows=104093 loops=1)
                    Buckets: 131072  Batches: 2  Memory Usage: 2855kB
                    ->  Seq Scan on title t  (cost=0.00..73925.90 rows=99147 width=4) (actual time=0.058..1182.720 rows=104093 loops=1)
                          Filter: ((kind_id > 2) AND (production_year = 2010))
                          Rows Removed by Filter: 2424219
Planning time: 1.178 ms
Execution time: 10798.774 ms
