Nested Loop  (cost=0.43..28265.80 rows=368 width=144) (actual time=110.397..487.541 rows=260 loops=1)
  ->  Seq Scan on movie_info_idx mi_idx  (cost=0.00..25185.44 rows=368 width=50) (actual time=110.317..472.691 rows=260 loops=1)
        Filter: (info_type_id > 101)
        Rows Removed by Filter: 1379775
  ->  Index Scan using title_pkey on title t  (cost=0.43..8.36 rows=1 width=94) (actual time=0.056..0.056 rows=1 loops=260)
        Index Cond: (id = mi_idx.movie_id)
Planning time: 0.988 ms
Execution time: 487.646 ms
