Hash Join  (cost=95829.74..1610804.39 rows=11558648 width=136) (actual time=1838.667..47632.423 rows=12679180 loops=1)
  Hash Cond: (ci.movie_id = t.id)
  ->  Seq Scan on cast_info ci  (cost=0.00..614943.12 rows=36225612 width=42) (actual time=0.013..12749.867 rows=36244344 loops=1)
  ->  Hash  (cost=73925.90..73925.90 rows=806787 width=94) (actual time=1838.232..1838.232 rows=843018 loops=1)
        Buckets: 32768  Batches: 32  Memory Usage: 3166kB
        ->  Seq Scan on title t  (cost=0.00..73925.90 rows=806787 width=94) (actual time=0.026..1484.461 rows=843018 loops=1)
              Filter: ((kind_id < 7) AND (production_year < 2011))
              Rows Removed by Filter: 1685294
Planning time: 0.705 ms
Execution time: 48319.781 ms
