Hash Join  (cost=92883.59..1034895.62 rows=4509792 width=0) (actual time=11213.514..17491.427 rows=1828338 loops=1)
  Hash Cond: (ci.movie_id = t.id)
  ->  Seq Scan on cast_info ci  (cost=0.00..796071.18 rows=7400786 width=4) (actual time=9453.159..13557.897 rows=2963805 loops=1)
        Filter: ((person_id > 2318705) AND (role_id < 3))
        Rows Removed by Filter: 33280539
  ->  Hash  (cost=67604.59..67604.59 rows=1540800 width=4) (actual time=1758.774..1758.774 rows=1543264 loops=1)
        Buckets: 131072  Batches: 32  Memory Usage: 2722kB
        ->  Seq Scan on title t  (cost=0.00..67604.59 rows=1540800 width=4) (actual time=257.283..1272.974 rows=1543264 loops=1)
              Filter: (kind_id = 7)
              Rows Removed by Filter: 985048
Planning time: 0.768 ms
Execution time: 17693.811 ms
