Seq Scan on movie_keyword mk  (cost=0.00..81003.12 rows=1293640 width=0) (actual time=0.017..1375.037 rows=1305644 loops=1)
  Filter: (keyword_id > 13463)
  Rows Removed by Filter: 3218286
Planning time: 0.365 ms
Execution time: 1529.896 ms
