Hash Join  (cost=501450.42..548774.53 rows=561363 width=0) (actual time=8936.012..10920.336 rows=2530451 loops=1)
  Hash Cond: (mi_idx.movie_id = t.id)
  ->  Seq Scan on movie_info_idx mi_idx  (cost=0.00..21735.35 rows=1380035 width=4) (actual time=0.025..429.624 rows=1380035 loops=1)
  ->  Hash  (cost=484575.67..484575.67 rows=1028540 width=8) (actual time=8935.043..8935.043 rows=1074418 loops=1)
        Buckets: 131072  Batches: 16  Memory Usage: 3589kB
        ->  Hash Join  (cost=104445.35..484575.67 rows=1028540 width=8) (actual time=1973.323..8607.858 rows=1074418 loops=1)
              Hash Cond: (mi.movie_id = t.id)
              ->  Seq Scan on movie_info mi  (cost=0.00..346232.03 rows=1158179 width=4) (actual time=0.036..5287.169 rows=1204709 loops=1)
                    Filter: (info_type_id > 18)
                    Rows Removed by Filter: 13631011
              ->  Hash  (cost=67604.59..67604.59 rows=2245501 width=4) (actual time=1972.496..1972.496 rows=2235103 loops=1)
                    Buckets: 131072  Batches: 32  Memory Usage: 3492kB
                    ->  Seq Scan on title t  (cost=0.00..67604.59 rows=2245501 width=4) (actual time=0.028..1235.744 rows=2235103 loops=1)
                          Filter: (production_year > 1957)
                          Rows Removed by Filter: 293209
Planning time: 1.152 ms
Execution time: 11191.000 ms
