Hash Join  (cost=92883.59..1014141.99 rows=3840884 width=0) (actual time=2391.374..26520.616 rows=7230604 loops=1)
  Hash Cond: (ci.movie_id = t.id)
  ->  Seq Scan on cast_info ci  (cost=0.00..796071.18 rows=6303076 width=4) (actual time=0.028..15127.740 rows=12670688 loops=1)
        Filter: ((person_id < 1762446) AND (role_id = 1))
        Rows Removed by Filter: 23573656
  ->  Hash  (cost=67604.59..67604.59 rows=1540800 width=4) (actual time=2390.435..2390.435 rows=1543264 loops=1)
        Buckets: 131072  Batches: 32  Memory Usage: 2722kB
        ->  Seq Scan on title t  (cost=0.00..67604.59 rows=1540800 width=4) (actual time=260.189..1158.602 rows=1543264 loops=1)
              Filter: (kind_id = 7)
              Rows Removed by Filter: 985048
Planning time: 1.059 ms
Execution time: 27387.844 ms
