Hash Join  (cost=98137.04..1013068.38 rows=4071352 width=0) (actual time=9367.021..22609.120 rows=4777345 loops=1)
  Hash Cond: (ci.movie_id = t.id)
  ->  Seq Scan on cast_info ci  (cost=0.00..796071.18 rows=5531728 width=4) (actual time=7337.683..15245.486 rows=6640477 loops=1)
        Filter: ((person_id > 1033067) AND (role_id > 6))
        Rows Removed by Filter: 29603867
  ->  Hash  (cost=67604.59..67604.59 rows=1860996 width=4) (actual time=2027.919..2027.919 rows=1865487 loops=1)
        Buckets: 131072  Batches: 32  Memory Usage: 3079kB
        ->  Seq Scan on title t  (cost=0.00..67604.59 rows=1860996 width=4) (actual time=0.030..1425.712 rows=1865487 loops=1)
              Filter: (kind_id > 1)
              Rows Removed by Filter: 662825
Planning time: 0.890 ms
Execution time: 23130.714 ms
