Hash Join  (cost=439232.89..1240579.74 rows=5456 width=0) (actual time=16646.011..20868.249 rows=16916 loops=1)
  Hash Cond: (ci.movie_id = t.id)
  ->  Seq Scan on cast_info ci  (cost=0.00..796071.18 rows=522112 width=4) (actual time=7845.721..11972.372 rows=477629 loops=1)
        Filter: ((person_id < 662012) AND (role_id = 4))
        Rows Removed by Filter: 35766715
  ->  Hash  (cost=438902.66..438902.66 rows=26418 width=8) (actual time=8799.815..8799.815 rows=41096 loops=1)
        Buckets: 65536 (originally 32768)  Batches: 1 (originally 1)  Memory Usage: 2118kB
        ->  Hash Join  (cost=73982.55..438902.66 rows=26418 width=8) (actual time=1222.258..8772.294 rows=41096 loops=1)
              Hash Cond: (mi.movie_id = t.id)
              ->  Seq Scan on movie_info mi  (cost=0.00..309384.22 rows=14739122 width=4) (actual time=0.022..4424.465 rows=14835720 loops=1)
              ->  Hash  (cost=73925.90..73925.90 rows=4532 width=4) (actual time=1213.997..1213.997 rows=8818 loops=1)
                    Buckets: 16384 (originally 8192)  Batches: 1 (originally 1)  Memory Usage: 439kB
                    ->  Seq Scan on title t  (cost=0.00..73925.90 rows=4532 width=4) (actual time=0.042..1209.358 rows=8818 loops=1)
                          Filter: ((kind_id = 7) AND (production_year = 1967))
                          Rows Removed by Filter: 2519494
Planning time: 0.815 ms
Execution time: 20870.306 ms
