Nested Loop  (cost=0.43..83071.67 rows=246 width=0) (actual time=16.823..1150.640 rows=22 loops=1)
  ->  Seq Scan on movie_keyword mk  (cost=0.00..81003.12 rows=246 width=4) (actual time=16.762..1149.190 rows=22 loops=1)
        Filter: (keyword_id = 23637)
        Rows Removed by Filter: 4523908
  ->  Index Only Scan using title_pkey on title t  (cost=0.43..8.40 rows=1 width=4) (actual time=0.058..0.059 rows=1 loops=22)
        Index Cond: (id = mk.movie_id)
        Heap Fetches: 22
Planning time: 0.475 ms
Execution time: 1150.724 ms
