Hash Join  (cost=83810.17..800801.58 rows=192515 width=0) (actual time=7235.563..13142.973 rows=193192 loops=1)
  Hash Cond: (ci.movie_id = t.id)
  ->  Seq Scan on cast_info ci  (cost=0.00..705507.15 rows=492827 width=4) (actual time=5636.285..11099.482 rows=519436 loops=1)
        Filter: (person_id > 3962824)
        Rows Removed by Filter: 35724908
  ->  Hash  (cost=67604.59..67604.59 rows=987727 width=4) (actual time=1598.384..1598.384 rows=985048 loops=1)
        Buckets: 131072  Batches: 16  Memory Usage: 3188kB
        ->  Seq Scan on title t  (cost=0.00..67604.59 rows=987727 width=4) (actual time=0.023..1284.801 rows=985048 loops=1)
              Filter: (kind_id < 7)
              Rows Removed by Filter: 1543264
Planning time: 0.762 ms
Execution time: 13165.836 ms
