Nested Loop  (cost=0.43..58375.31 rows=43 width=0) (actual time=146.146..854.807 rows=4 loops=1)
  ->  Seq Scan on movie_companies mc  (cost=0.00..57926.93 rows=53 width=4) (actual time=146.078..854.556 rows=4 loops=1)
        Filter: ((company_id = 3900) AND (company_type_id = 2))
        Rows Removed by Filter: 2609125
  ->  Index Scan using title_pkey on title t  (cost=0.43..8.45 rows=1 width=4) (actual time=0.054..0.055 rows=1 loops=4)
        Index Cond: (id = mc.movie_id)
        Filter: (production_year < 2011)
Planning time: 0.784 ms
Execution time: 854.926 ms
