Hash Join  (cost=74196.44..434328.50 rows=31019 width=0) (actual time=3180.535..7761.192 rows=30131 loops=1)
  Hash Cond: (mi.movie_id = t.id)
  ->  Seq Scan on movie_info mi  (cost=0.00..346232.03 rows=3623957 width=4) (actual time=1813.500..5971.648 rows=3624977 loops=1)
        Filter: (info_type_id < 4)
        Rows Removed by Filter: 11210743
  ->  Hash  (cost=73925.90..73925.90 rows=21643 width=4) (actual time=1104.736..1104.736 rows=11565 loops=1)
        Buckets: 32768  Batches: 1  Memory Usage: 663kB
        ->  Seq Scan on title t  (cost=0.00..73925.90 rows=21643 width=4) (actual time=0.057..1099.905 rows=11565 loops=1)
              Filter: ((production_year > 2009) AND (kind_id = 3))
              Rows Removed by Filter: 2516747
Planning time: 1.224 ms
Execution time: 7766.308 ms
