Hash Join  (cost=96190.11..158942.55 rows=18072 width=0) (actual time=1741.175..3142.374 rows=68523 loops=1)
  Hash Cond: (mc.movie_id = t.id)
  ->  Seq Scan on movie_companies mc  (cost=0.00..57926.93 rows=1238608 width=4) (actual time=0.015..1114.707 rows=1274246 loops=1)
        Filter: ((company_id < 167857) AND (company_type_id < 2))
        Rows Removed by Filter: 1334883
  ->  Hash  (cost=95728.95..95728.95 rows=36893 width=8) (actual time=1740.740..1740.740 rows=45309 loops=1)
        Buckets: 65536  Batches: 1  Memory Usage: 2282kB
        ->  Hash Join  (cost=68449.54..95728.95 rows=36893 width=8) (actual time=1093.584..1725.727 rows=45309 loops=1)
              Hash Cond: (mi_idx.movie_id = t.id)
              ->  Seq Scan on movie_info_idx mi_idx  (cost=0.00..21735.35 rows=1380035 width=4) (actual time=0.027..296.118 rows=1380035 loops=1)
              ->  Hash  (cost=67604.59..67604.59 rows=67596 width=4) (actual time=1092.909..1092.909 rows=67777 loops=1)
                    Buckets: 131072  Batches: 1  Memory Usage: 3407kB
                    ->  Seq Scan on title t  (cost=0.00..67604.59 rows=67596 width=4) (actual time=0.019..1064.463 rows=67777 loops=1)
                          Filter: (production_year = 2003)
                          Rows Removed by Filter: 2460535
Planning time: 1.201 ms
Execution time: 3151.375 ms
