Hash Join  (cost=98137.04..170377.39 rows=256970 width=0) (actual time=1916.632..3575.496 rows=406525 loops=1)
  Hash Cond: (mc.movie_id = t.id)
  ->  Seq Scan on movie_companies mc  (cost=0.00..57926.93 rows=349144 width=4) (actual time=0.015..939.775 rows=496058 loops=1)
        Filter: ((company_id < 1310) AND (company_type_id < 2))
        Rows Removed by Filter: 2113071
  ->  Hash  (cost=67604.59..67604.59 rows=1860996 width=4) (actual time=1915.925..1915.925 rows=1865487 loops=1)
        Buckets: 131072  Batches: 32  Memory Usage: 3079kB
        ->  Seq Scan on title t  (cost=0.00..67604.59 rows=1860996 width=4) (actual time=0.019..1319.284 rows=1865487 loops=1)
              Filter: (kind_id > 1)
              Rows Removed by Filter: 662825
Planning time: 0.549 ms
Execution time: 3627.820 ms
