Hash Join  (cost=796392.94..1148437.83 rows=13 width=0) (actual time=10328.493..15453.480 rows=1 loops=1)
  Hash Cond: (mi.movie_id = t.id)
  ->  Seq Scan on movie_info mi  (cost=0.00..346232.03 rows=1550064 width=4) (actual time=24.699..5127.372 rows=1533909 loops=1)
        Filter: (info_type_id = 3)
        Rows Removed by Filter: 13301811
  ->  Hash  (cost=796392.66..796392.66 rows=22 width=8) (actual time=10110.851..10110.851 rows=1 loops=1)
        Buckets: 1024  Batches: 1  Memory Usage: 9kB
        ->  Nested Loop  (cost=0.43..796392.66 rows=22 width=8) (actual time=8151.063..10110.834 rows=1 loops=1)
              ->  Seq Scan on cast_info ci  (cost=0.00..796071.18 rows=38 width=4) (actual time=8150.992..10110.758 rows=1 loops=1)
                    Filter: ((person_id = 2735677) AND (role_id = 4))
                    Rows Removed by Filter: 36244343
              ->  Index Scan using title_pkey on title t  (cost=0.43..8.45 rows=1 width=4) (actual time=0.049..0.050 rows=1 loops=1)
                    Index Cond: (id = ci.movie_id)
                    Filter: (production_year > 1998)
Planning time: 1.277 ms
Execution time: 15453.639 ms
