Hash Join  (cost=28270.40..426393.69 rows=2013 width=0) (actual time=596.465..9051.667 rows=76392 loops=1)
  Hash Cond: (mi.movie_id = t.id)
  ->  Seq Scan on movie_info mi  (cost=0.00..346232.03 rows=13832302 width=4) (actual time=88.466..6609.548 rows=13867355 loops=1)
        Filter: (info_type_id < 94)
        Rows Removed by Filter: 968365
  ->  Hash  (cost=28265.80..28265.80 rows=368 width=8) (actual time=425.892..425.892 rows=260 loops=1)
        Buckets: 1024  Batches: 1  Memory Usage: 19kB
        ->  Nested Loop  (cost=0.43..28265.80 rows=368 width=8) (actual time=307.093..425.780 rows=260 loops=1)
              ->  Seq Scan on movie_info_idx mi_idx  (cost=0.00..25185.44 rows=368 width=4) (actual time=306.993..417.979 rows=260 loops=1)
                    Filter: (info_type_id > 101)
                    Rows Removed by Filter: 1379775
              ->  Index Only Scan using title_pkey on title t  (cost=0.43..8.36 rows=1 width=4) (actual time=0.029..0.029 rows=1 loops=260)
                    Index Cond: (id = mi_idx.movie_id)
                    Heap Fetches: 260
Planning time: 1.190 ms
Execution time: 9062.207 ms
