Seq Scan on movie_keyword mk  (cost=0.00..81003.12 rows=359412 width=0) (actual time=78.165..1381.057 rows=357137 loops=1)
  Filter: (keyword_id > 46793)
  Rows Removed by Filter: 4166793
Planning time: 0.334 ms
Execution time: 1427.470 ms
