Seq Scan on movie_companies mc  (cost=0.00..51404.11 rows=1186371 width=0) (actual time=0.026..973.561 rows=1196138 loops=1)
  Filter: (company_id > 12390)
  Rows Removed by Filter: 1412991
Planning time: 0.322 ms
Execution time: 1127.176 ms
