Hash Join  (cost=67697.55..129433.03 rows=2964 width=0) (actual time=1024.728..2240.214 rows=4868 loops=1)
  Hash Cond: (mc.movie_id = t.id)
  ->  Seq Scan on movie_companies mc  (cost=0.00..57926.93 rows=1007709 width=4) (actual time=0.036..1043.324 rows=867627 loops=1)
        Filter: ((company_id > 561) AND (company_type_id < 2))
        Rows Removed by Filter: 1741502
  ->  Hash  (cost=67604.59..67604.59 rows=7437 width=4) (actual time=1023.663..1023.663 rows=14235 loops=1)
        Buckets: 16384 (originally 8192)  Batches: 1 (originally 1)  Memory Usage: 629kB
        ->  Seq Scan on title t  (cost=0.00..67604.59 rows=7437 width=4) (actual time=0.029..1016.917 rows=14235 loops=1)
              Filter: (production_year = 1968)
              Rows Removed by Filter: 2514077
Planning time: 2.609 ms
Execution time: 2241.194 ms
