Hash Join  (cost=231845.07..770355.04 rows=5501705 width=0) (actual time=5145.116..29450.224 rows=40541120 loops=1)
  Hash Cond: (mi.movie_id = t.id)
  ->  Seq Scan on movie_info mi  (cost=0.00..309384.22 rows=14739122 width=4) (actual time=0.010..5793.450 rows=14835720 loops=1)
  ->  Hash  (cost=216360.20..216360.20 rows=943829 width=8) (actual time=5144.201..5144.201 rows=946324 loops=1)
        Buckets: 131072  Batches: 16  Memory Usage: 3433kB
        ->  Hash Join  (cost=102767.86..216360.20 rows=943829 width=8) (actual time=1832.933..4794.397 rows=946324 loops=1)
              Hash Cond: (mk.movie_id = t.id)
              ->  Seq Scan on movie_keyword mk  (cost=0.00..81003.12 rows=943829 width=4) (actual time=0.017..1497.147 rows=946324 loops=1)
                    Filter: (keyword_id < 889)
                    Rows Removed by Filter: 3577606
              ->  Hash  (cost=61283.27..61283.27 rows=2528527 width=4) (actual time=1829.396..1829.396 rows=2528312 loops=1)
                    Buckets: 131072  Batches: 64  Memory Usage: 2425kB
                    ->  Seq Scan on title t  (cost=0.00..61283.27 rows=2528527 width=4) (actual time=0.017..1022.468 rows=2528312 loops=1)
Planning time: 0.898 ms
Execution time: 34034.382 ms
