Hash Join  (cost=74459.87..443802.75 rows=99628 width=0) (actual time=1346.366..7462.750 rows=165836 loops=1)
  Hash Cond: (mi.movie_id = t.id)
  ->  Seq Scan on movie_info mi  (cost=0.00..346232.03 rows=5897221 width=4) (actual time=0.023..4675.840 rows=5884963 loops=1)
        Filter: (info_type_id < 7)
        Rows Removed by Filter: 8950757
  ->  Hash  (cost=73925.90..73925.90 rows=42717 width=4) (actual time=1345.962..1345.962 rows=40813 loops=1)
        Buckets: 65536  Batches: 1  Memory Usage: 1947kB
        ->  Seq Scan on title t  (cost=0.00..73925.90 rows=42717 width=4) (actual time=323.222..1328.631 rows=40813 loops=1)
              Filter: ((production_year > 2003) AND (kind_id = 2))
              Rows Removed by Filter: 2487499
Planning time: 1.366 ms
Execution time: 7483.636 ms
