Hash Join  (cost=255161.03..1509337.59 rows=21452344 width=0) (actual time=5831.544..56901.506 rows=75583686 loops=1)
  Hash Cond: (ci.movie_id = t.id)
  ->  Seq Scan on cast_info ci  (cost=0.00..614943.12 rows=36225612 width=4) (actual time=0.020..13157.843 rows=36244344 loops=1)
  ->  Hash  (cost=230594.02..230594.02 rows=1497361 width=8) (actual time=5830.408..5830.408 rows=1644922 loops=1)
        Buckets: 131072  Batches: 32  Memory Usage: 3024kB
        ->  Hash Join  (cost=104131.46..230594.02 rows=1497361 width=8) (actual time=2080.768..5344.327 rows=1644922 loops=1)
              Hash Cond: (mk.movie_id = t.id)
              ->  Seq Scan on movie_keyword mk  (cost=0.00..81003.12 rows=1700564 width=4) (actual time=0.015..1588.068 rows=1707940 loops=1)
                    Filter: (keyword_id < 2697)
                    Rows Removed by Filter: 2815990
              ->  Hash  (cost=67604.59..67604.59 rows=2226390 width=4) (actual time=2079.753..2079.753 rows=2224569 loops=1)
                    Buckets: 131072  Batches: 32  Memory Usage: 3472kB
                    ->  Seq Scan on title t  (cost=0.00..67604.59 rows=2226390 width=4) (actual time=0.023..1361.183 rows=2224569 loops=1)
                          Filter: (production_year < 2012)
                          Rows Removed by Filter: 303743
Planning time: 1.681 ms
Execution time: 65511.275 ms
