Hash Join  (cost=305792.59..1837991.19 rows=39700640 width=0) (actual time=7133.708..71754.875 rows=130959206 loops=1)
  Hash Cond: (ci.movie_id = t.id)
  ->  Seq Scan on cast_info ci  (cost=0.00..614943.12 rows=36225612 width=4) (actual time=0.013..14181.925 rows=36244344 loops=1)
  ->  Hash  (cost=260329.07..260329.07 rows=2771082 width=8) (actual time=7132.493..7132.493 rows=2766926 loops=1)
        Buckets: 131072  Batches: 64  Memory Usage: 2729kB
        ->  Hash Join  (cost=102767.86..260329.07 rows=2771082 width=8) (actual time=2096.988..6407.464 rows=2766926 loops=1)
              Hash Cond: (mk.movie_id = t.id)
              ->  Seq Scan on movie_keyword mk  (cost=0.00..81003.12 rows=2771082 width=4) (actual time=0.019..1731.152 rows=2766926 loops=1)
                    Filter: (keyword_id < 7894)
                    Rows Removed by Filter: 1757004
              ->  Hash  (cost=61283.27..61283.27 rows=2528527 width=4) (actual time=2095.825..2095.825 rows=2528312 loops=1)
                    Buckets: 131072  Batches: 64  Memory Usage: 2425kB
                    ->  Seq Scan on title t  (cost=0.00..61283.27 rows=2528527 width=4) (actual time=0.020..1211.929 rows=2528312 loops=1)
Planning time: 1.162 ms
Execution time: 86458.485 ms
