Seq Scan on movie_keyword mk  (cost=0.00..81003.12 rows=246 width=0) (actual time=409.515..1169.149 rows=6 loops=1)
  Filter: (keyword_id = 83958)
  Rows Removed by Filter: 4523924
Planning time: 0.368 ms
Execution time: 1169.240 ms
