Nested Loop  (cost=0.43..709674.40 rows=85 width=0) (actual time=10575.696..10579.114 rows=1 loops=1)
  ->  Seq Scan on cast_info ci  (cost=0.00..705507.15 rows=500 width=4) (actual time=10575.461..10575.734 rows=273 loops=1)
        Filter: (person_id = 157652)
        Rows Removed by Filter: 36244071
  ->  Index Scan using title_pkey on title t  (cost=0.43..8.32 rows=1 width=4) (actual time=0.012..0.012 rows=0 loops=273)
        Index Cond: (id = ci.movie_id)
        Filter: ((kind_id < 3) AND (production_year > 1999))
        Rows Removed by Filter: 1
Planning time: 0.839 ms
Execution time: 10579.232 ms
