Hash Join  (cost=102767.86..225120.16 rows=2537981 width=0) (actual time=1941.676..5655.189 rows=2538735 loops=1)
  Hash Cond: (mc.movie_id = t.id)
  ->  Seq Scan on movie_companies mc  (cost=0.00..51404.11 rows=2537981 width=4) (actual time=0.021..1130.140 rows=2538735 loops=1)
        Filter: (company_id < 176490)
        Rows Removed by Filter: 70394
  ->  Hash  (cost=61283.27..61283.27 rows=2528527 width=4) (actual time=1940.791..1940.791 rows=2528312 loops=1)
        Buckets: 131072  Batches: 64  Memory Usage: 2415kB
        ->  Seq Scan on title t  (cost=0.00..61283.27 rows=2528527 width=4) (actual time=0.012..1057.428 rows=2528312 loops=1)
Planning time: 1.409 ms
Execution time: 5968.116 ms
