Hash Join  (cost=139768.79..986156.06 rows=69693 width=0) (actual time=5569.907..20388.439 rows=57362 loops=1)
  Hash Cond: (ci.movie_id = t.id)
  ->  Seq Scan on cast_info ci  (cost=0.00..796071.18 rows=13231775 width=4) (actual time=3111.734..16242.890 rows=9393534 loops=1)
        Filter: ((person_id < 2988351) AND (role_id > 2))
        Rows Removed by Filter: 26850810
  ->  Hash  (cost=139602.32..139602.32 rows=13318 width=8) (actual time=2456.411..2456.411 rows=5903 loops=1)
        Buckets: 16384  Batches: 1  Memory Usage: 359kB
        ->  Hash Join  (cost=83810.17..139602.32 rows=13318 width=8) (actual time=1405.335..2454.118 rows=5903 loops=1)
              Hash Cond: (mc.movie_id = t.id)
              ->  Seq Scan on movie_companies mc  (cost=0.00..51404.11 rows=34093 width=4) (actual time=2.565..907.089 rows=36136 loops=1)
                    Filter: (company_id = 160)
                    Rows Removed by Filter: 2572993
              ->  Hash  (cost=67604.59..67604.59 rows=987727 width=4) (actual time=1401.447..1401.447 rows=985048 loops=1)
                    Buckets: 131072  Batches: 16  Memory Usage: 3188kB
                    ->  Seq Scan on title t  (cost=0.00..67604.59 rows=987727 width=4) (actual time=0.026..1090.896 rows=985048 loops=1)
                          Filter: (kind_id < 7)
                          Rows Removed by Filter: 1543264
Planning time: 4.375 ms
Execution time: 20399.550 ms
