Hash Join  (cost=102767.86..190348.44 rows=821763 width=0) (actual time=2012.317..4461.889 rows=1128636 loops=1)
  Hash Cond: (mc.movie_id = t.id)
  ->  Seq Scan on movie_companies mc  (cost=0.00..57926.93 rows=821763 width=4) (actual time=0.030..1190.390 rows=1128636 loops=1)
        Filter: ((company_id < 18949) AND (company_type_id = 1))
        Rows Removed by Filter: 1480493
  ->  Hash  (cost=61283.27..61283.27 rows=2528527 width=4) (actual time=2011.146..2011.146 rows=2528312 loops=1)
        Buckets: 131072  Batches: 64  Memory Usage: 2415kB
        ->  Seq Scan on title t  (cost=0.00..61283.27 rows=2528527 width=4) (actual time=0.018..1155.105 rows=2528312 loops=1)
Planning time: 0.707 ms
Execution time: 4589.593 ms
