Seq Scan on cast_info ci  (cost=0.00..796071.18 rows=1424593 width=0) (actual time=8677.542..12977.863 rows=3392335 loops=1)
  Filter: ((person_id > 2487498) AND (role_id = 10))
  Rows Removed by Filter: 32852009
Planning time: 0.419 ms
Execution time: 13387.319 ms
