Hash Join  (cost=259657.11..1701928.02 rows=35354573 width=0) (actual time=6528.911..58752.465 rows=78342977 loops=1)
  Hash Cond: (ci.movie_id = t.id)
  ->  Seq Scan on cast_info ci  (cost=0.00..614943.12 rows=36225612 width=4) (actual time=0.012..13338.919 rows=36244344 loops=1)
  ->  Hash  (cost=219170.50..219170.50 rows=2467729 width=8) (actual time=6527.207..6527.207 rows=2530916 loops=1)
        Buckets: 131072  Batches: 64  Memory Usage: 2565kB
        ->  Hash Join  (cost=106840.27..219170.50 rows=2467729 width=8) (actual time=2237.778..5768.347 rows=2530916 loops=1)
              Hash Cond: (mc.movie_id = t.id)
              ->  Seq Scan on movie_companies mc  (cost=0.00..44881.29 rows=2609129 width=4) (actual time=0.025..877.520 rows=2609129 loops=1)
              ->  Hash  (cost=67604.59..67604.59 rows=2391495 width=4) (actual time=2236.646..2236.646 rows=2388876 loops=1)
                    Buckets: 131072  Batches: 32  Memory Usage: 3646kB
                    ->  Seq Scan on title t  (cost=0.00..67604.59 rows=2391495 width=4) (actual time=0.020..1453.895 rows=2388876 loops=1)
                          Filter: (production_year < 2013)
                          Rows Removed by Filter: 139436
Planning time: 1.159 ms
Execution time: 67461.284 ms
