Hash Join  (cost=83072.57..109983.18 rows=12 width=0) (actual time=931.711..1484.970 rows=566 loops=1)
  Hash Cond: (mi_idx.movie_id = t.id)
  ->  Seq Scan on movie_info_idx mi_idx  (cost=0.00..21735.35 rows=1380035 width=4) (actual time=0.015..305.855 rows=1380035 loops=1)
  ->  Hash  (cost=83072.29..83072.29 rows=23 width=8) (actual time=929.121..929.121 rows=205 loops=1)
        Buckets: 1024  Batches: 1  Memory Usage: 17kB
        ->  Nested Loop  (cost=0.43..83072.29 rows=23 width=8) (actual time=60.088..928.940 rows=205 loops=1)
              ->  Seq Scan on movie_keyword mk  (cost=0.00..81003.12 rows=246 width=4) (actual time=0.958..842.857 rows=4049 loops=1)
                    Filter: (keyword_id = 1749)
                    Rows Removed by Filter: 4519881
              ->  Index Scan using title_pkey on title t  (cost=0.43..8.40 rows=1 width=4) (actual time=0.021..0.021 rows=0 loops=4049)
                    Index Cond: (id = mk.movie_id)
                    Filter: (production_year > 2011)
                    Rows Removed by Filter: 1
Planning time: 1.566 ms
Execution time: 1485.204 ms
