Hash Join  (cost=104131.46..1075226.74 rows=6774682 width=0) (actual time=2050.794..20260.396 rows=4261424 loops=1)
  Hash Cond: (ci.movie_id = t.id)
  ->  Seq Scan on cast_info ci  (cost=0.00..796071.18 rows=7694055 width=4) (actual time=0.019..13389.299 rows=4765695 loops=1)
        Filter: ((person_id < 1687648) AND (role_id > 2))
        Rows Removed by Filter: 31478649
  ->  Hash  (cost=67604.59..67604.59 rows=2226390 width=4) (actual time=2049.543..2049.543 rows=2224569 loops=1)
        Buckets: 131072  Batches: 32  Memory Usage: 3463kB
        ->  Seq Scan on title t  (cost=0.00..67604.59 rows=2226390 width=4) (actual time=0.023..1329.151 rows=2224569 loops=1)
              Filter: (production_year < 2012)
              Rows Removed by Filter: 303743
Planning time: 0.743 ms
Execution time: 20779.680 ms
