Hash Join  (cost=187525.64..305887.12 rows=447614 width=0) (actual time=3244.317..6130.511 rows=811907 loops=1)
  Hash Cond: (mk.movie_id = t.id)
  ->  Seq Scan on movie_keyword mk  (cost=0.00..81003.12 rows=2702189 width=4) (actual time=0.014..1568.880 rows=2699975 loops=1)
        Filter: (keyword_id < 7635)
        Rows Removed by Filter: 1823955
  ->  Hash  (cost=180653.06..180653.06 rows=418847 width=8) (actual time=3238.210..3238.210 rows=100262 loops=1)
        Buckets: 131072  Batches: 8  Memory Usage: 1533kB
        ->  Hash Join  (cost=102767.86..180653.06 rows=418847 width=8) (actual time=1878.342..3210.667 rows=100262 loops=1)
              Hash Cond: (mc.movie_id = t.id)
              ->  Seq Scan on movie_companies mc  (cost=0.00..57926.93 rows=418847 width=4) (actual time=0.026..903.208 rows=100262 loops=1)
                    Filter: ((company_id > 24214) AND (company_type_id < 2))
                    Rows Removed by Filter: 2508867
              ->  Hash  (cost=61283.27..61283.27 rows=2528527 width=4) (actual time=1877.374..1877.374 rows=2528312 loops=1)
                    Buckets: 131072  Batches: 64  Memory Usage: 2415kB
                    ->  Seq Scan on title t  (cost=0.00..61283.27 rows=2528527 width=4) (actual time=0.019..1041.011 rows=2528312 loops=1)
Planning time: 1.166 ms
Execution time: 6228.263 ms
