Hash Join  (cost=115571.60..483650.59 rows=142554 width=0) (actual time=2603.281..8698.288 rows=65520 loops=1)
  Hash Cond: (mi.movie_id = t.id)
  ->  Seq Scan on movie_info mi  (cost=0.00..346232.03 rows=5445713 width=4) (actual time=312.570..5309.786 rows=5410520 loops=1)
        Filter: (info_type_id < 6)
        Rows Removed by Filter: 9425200
  ->  Hash  (cost=114744.22..114744.22 rows=66190 width=8) (actual time=2289.163..2289.163 rows=32265 loops=1)
        Buckets: 131072  Batches: 1  Memory Usage: 2285kB
        ->  Hash Join  (cost=75915.84..114744.22 rows=66190 width=8) (actual time=1352.697..2277.802 rows=32265 loops=1)
              Hash Cond: (mi_idx.movie_id = t.id)
              ->  Seq Scan on movie_info_idx mi_idx  (cost=0.00..21735.35 rows=1380035 width=4) (actual time=0.016..421.252 rows=1380035 loops=1)
              ->  Hash  (cost=73925.90..73925.90 rows=121275 width=4) (actual time=1352.146..1352.146 rows=124747 loops=1)
                    Buckets: 131072  Batches: 2  Memory Usage: 3219kB
                    ->  Seq Scan on title t  (cost=0.00..73925.90 rows=121275 width=4) (actual time=0.028..1304.762 rows=124747 loops=1)
                          Filter: ((kind_id > 1) AND (production_year = 2012))
                          Rows Removed by Filter: 2403565
Planning time: 1.133 ms
Execution time: 8707.507 ms
