Nested Loop  (cost=0.43..70424.52 rows=1551 width=0) (actual time=0.162..960.866 rows=295 loops=1)
  ->  Seq Scan on movie_companies mc  (cost=0.00..57926.93 rows=1551 width=4) (actual time=0.108..950.087 rows=295 loops=1)
        Filter: ((company_type_id > 1) AND (company_id = 292))
        Rows Removed by Filter: 2608834
  ->  Index Only Scan using title_pkey on title t  (cost=0.43..8.05 rows=1 width=4) (actual time=0.035..0.035 rows=1 loops=295)
        Index Cond: (id = mc.movie_id)
        Heap Fetches: 295
Planning time: 0.539 ms
Execution time: 961.028 ms
