Hash Join  (cost=153056.93..1048187.21 rows=397663 width=0) (actual time=3165.825..16524.198 rows=456526 loops=1)
  Hash Cond: (ci.movie_id = t.id)
  ->  Seq Scan on cast_info ci  (cost=0.00..796071.18 rows=8181727 width=4) (actual time=131.322..11615.630 rows=3477912 loops=1)
        Filter: ((person_id < 1238237) AND (role_id > 1))
        Rows Removed by Filter: 32766432
  ->  Hash  (cost=151039.73..151039.73 rows=122896 width=8) (actual time=3030.995..3030.995 rows=105138 loops=1)
        Buckets: 131072  Batches: 2  Memory Usage: 3073kB
        ->  Hash Join  (cost=69694.50..151039.73 rows=122896 width=8) (actual time=1018.166..2993.698 rows=105138 loops=1)
              Hash Cond: (mc.movie_id = t.id)
              ->  Seq Scan on movie_companies mc  (cost=0.00..51404.11 rows=2440041 width=4) (actual time=0.023..1005.838 rows=2441031 loops=1)
                    Filter: (company_id < 124594)
                    Rows Removed by Filter: 168098
              ->  Hash  (cost=67604.59..67604.59 rows=127353 width=4) (actual time=1017.308..1017.308 rows=128696 loops=1)
                    Buckets: 131072  Batches: 2  Memory Usage: 3284kB
                    ->  Seq Scan on title t  (cost=0.00..67604.59 rows=127353 width=4) (actual time=0.031..969.971 rows=128696 loops=1)
                          Filter: (production_year = 2009)
                          Rows Removed by Filter: 2399616
Planning time: 1.158 ms
Execution time: 16583.003 ms
