Seq Scan on movie_keyword mk  (cost=0.00..81003.12 rows=78839 width=0) (actual time=0.082..1133.300 rows=81533 loops=1)
  Filter: (keyword_id < 71)
  Rows Removed by Filter: 4442397
Planning time: 0.336 ms
Execution time: 1146.145 ms
