Hash Join  (cost=639835.35..2355397.19 rows=38961015 width=0) (actual time=19114.760..103274.045 rows=202945287 loops=1)
  Hash Cond: (ci.movie_id = t.id)
  ->  Seq Scan on cast_info ci  (cost=0.00..705507.15 rows=34200152 width=4) (actual time=0.021..16411.248 rows=34266281 loops=1)
        Filter: (person_id > 193077)
        Rows Removed by Filter: 1978063
  ->  Hash  (cost=592575.94..592575.94 rows=2880513 width=8) (actual time=19112.681..19112.681 rows=6611605 loops=1)
        Buckets: 131072 (originally 131072)  Batches: 128 (originally 64)  Memory Usage: 3073kB
        ->  Hash Join  (cost=82033.88..592575.94 rows=2880513 width=8) (actual time=1448.084..17147.299 rows=6611605 loops=1)
              Hash Cond: (mi.movie_id = t.id)
              ->  Seq Scan on movie_info mi  (cost=0.00..309384.22 rows=14739122 width=4) (actual time=0.037..5926.154 rows=14835720 loops=1)
              ->  Hash  (cost=73925.90..73925.90 rows=494158 width=4) (actual time=1447.027..1447.027 rows=581419 loops=1)
                    Buckets: 131072  Batches: 8  Memory Usage: 3601kB
                    ->  Seq Scan on title t  (cost=0.00..73925.90 rows=494158 width=4) (actual time=0.017..1258.153 rows=581419 loops=1)
                          Filter: ((kind_id < 7) AND (production_year < 2004))
                          Rows Removed by Filter: 1946893
Planning time: 1.177 ms
Execution time: 125451.351 ms
