Hash Join  (cost=83810.17..888791.90 rows=127529 width=0) (actual time=3033.096..15432.429 rows=69267 loops=1)
  Hash Cond: (ci.movie_id = t.id)
  ->  Seq Scan on cast_info ci  (cost=0.00..796071.18 rows=326468 width=4) (actual time=1725.748..13892.621 rows=135825 loops=1)
        Filter: ((person_id < 3574264) AND (role_id = 11))
        Rows Removed by Filter: 36108519
  ->  Hash  (cost=67604.59..67604.59 rows=987727 width=4) (actual time=1306.347..1306.347 rows=985048 loops=1)
        Buckets: 131072  Batches: 16  Memory Usage: 3188kB
        ->  Seq Scan on title t  (cost=0.00..67604.59 rows=987727 width=4) (actual time=0.025..1022.807 rows=985048 loops=1)
              Filter: (kind_id < 7)
              Rows Removed by Filter: 1543264
Planning time: 0.580 ms
Execution time: 15441.098 ms
