Hash Join  (cost=73962.22..453519.48 rows=10179 width=0) (actual time=1125.784..8695.534 rows=44636 loops=1)
  Hash Cond: (mi.movie_id = t.id)
  ->  Seq Scan on movie_info mi  (cost=0.00..346232.03 rows=8859586 width=4) (actual time=0.021..6137.248 rows=8966694 loops=1)
        Filter: (info_type_id < 15)
        Rows Removed by Filter: 5869026
  ->  Hash  (cost=73925.90..73925.90 rows=2905 width=4) (actual time=1068.320..1068.320 rows=4597 loops=1)
        Buckets: 8192 (originally 4096)  Batches: 1 (originally 1)  Memory Usage: 226kB
        ->  Seq Scan on title t  (cost=0.00..73925.90 rows=2905 width=4) (actual time=0.229..1066.120 rows=4597 loops=1)
              Filter: ((kind_id < 7) AND (production_year = 1910))
              Rows Removed by Filter: 2523715
Planning time: 0.876 ms
Execution time: 8702.825 ms
