Hash Join  (cost=77838.49..907534.27 rows=246528 width=0) (actual time=2262.234..14799.909 rows=433422 loops=1)
  Hash Cond: (ci.movie_id = t.id)
  ->  Seq Scan on cast_info ci  (cost=0.00..796071.18 rows=2614217 width=4) (actual time=1271.641..11406.654 rows=5316308 loops=1)
        Filter: ((person_id < 713413) AND (role_id = 1))
        Rows Removed by Filter: 30928036
  ->  Hash  (cost=73925.90..73925.90 rows=238447 width=4) (actual time=989.690..989.690 rows=200165 loops=1)
        Buckets: 131072  Batches: 4  Memory Usage: 2784kB
        ->  Seq Scan on title t  (cost=0.00..73925.90 rows=238447 width=4) (actual time=89.118..927.978 rows=200165 loops=1)
              Filter: ((production_year > 2006) AND (kind_id = 1))
              Rows Removed by Filter: 2328147
Planning time: 0.780 ms
Execution time: 14856.403 ms
