Hash Join  (cost=438539.04..1487434.16 rows=1469097 width=0) (actual time=6864.183..35770.135 rows=15907819 loops=1)
  Hash Cond: (ci.movie_id = t.id)
  ->  Seq Scan on cast_info ci  (cost=0.00..614943.12 rows=36225612 width=4) (actual time=0.027..11789.028 rows=36244344 loops=1)
  ->  Hash  (cost=436856.27..436856.27 rows=102542 width=8) (actual time=6863.349..6863.349 rows=216619 loops=1)
        Buckets: 131072 (originally 131072)  Batches: 4 (originally 2)  Memory Usage: 3118kB
        ->  Hash Join  (cost=80830.47..436856.27 rows=102542 width=8) (actual time=1357.822..6793.715 rows=216619 loops=1)
              Hash Cond: (mi.movie_id = t.id)
              ->  Seq Scan on movie_info mi  (cost=0.00..346232.03 rows=616095 width=4) (actual time=3.183..5085.179 rows=598457 loops=1)
                    Filter: (info_type_id = 15)
                    Rows Removed by Filter: 14237263
              ->  Hash  (cost=73925.90..73925.90 rows=420845 width=4) (actual time=1312.222..1312.222 rows=517968 loops=1)
                    Buckets: 131072  Batches: 8  Memory Usage: 3321kB
                    ->  Seq Scan on title t  (cost=0.00..73925.90 rows=420845 width=4) (actual time=0.018..1122.879 rows=517968 loops=1)
                          Filter: ((kind_id < 7) AND (production_year < 2001))
                          Rows Removed by Filter: 2010344
Planning time: 2.597 ms
Execution time: 37368.004 ms
