Hash Join  (cost=121576.90..484427.60 rows=65799 width=0) (actual time=5441.800..7692.588 rows=128877 loops=1)
  Hash Cond: (mi.movie_id = t.id)
  ->  Seq Scan on movie_info mi  (cost=0.00..346232.03 rows=1338312 width=4) (actual time=3193.106..4950.627 rows=1401902 loops=1)
        Filter: (info_type_id = 7)
        Rows Removed by Filter: 13433818
  ->  Hash  (cost=119536.93..119536.93 rows=124318 width=8) (actual time=2247.816..2247.816 rows=94903 loops=1)
        Buckets: 131072  Batches: 2  Memory Usage: 2888kB
        ->  Hash Join  (cost=85113.64..119536.93 rows=124318 width=8) (actual time=1411.684..2216.152 rows=94903 loops=1)
              Hash Cond: (mi_idx.movie_id = t.id)
              ->  Seq Scan on movie_info_idx mi_idx  (cost=0.00..25185.44 rows=460978 width=4) (actual time=0.025..478.271 rows=459925 loops=1)
                    Filter: (info_type_id = 99)
                    Rows Removed by Filter: 920110
              ->  Hash  (cost=73925.90..73925.90 rows=681899 width=4) (actual time=1410.376..1410.376 rows=565062 loops=1)
                    Buckets: 131072  Batches: 16  Memory Usage: 2266kB
                    ->  Seq Scan on title t  (cost=0.00..73925.90 rows=681899 width=4) (actual time=0.016..1226.563 rows=565062 loops=1)
                          Filter: ((kind_id > 1) AND (production_year < 1998))
                          Rows Removed by Filter: 1963250
Planning time: 1.333 ms
Execution time: 7708.651 ms
