Hash Join  (cost=229011.78..777376.91 rows=6425320 width=0) (actual time=5506.340..34820.690 rows=77217753 loops=1)
  Hash Cond: (mi.movie_id = t.id)
  ->  Seq Scan on movie_info mi  (cost=0.00..309384.22 rows=14739122 width=4) (actual time=0.019..5220.805 rows=14835720 loops=1)
  ->  Hash  (cost=210927.32..210927.32 rows=1102277 width=8) (actual time=5505.628..5505.628 rows=1391658 loops=1)
        Buckets: 131072 (originally 131072)  Batches: 32 (originally 16)  Memory Usage: 3073kB
        ->  Hash Join  (cost=89762.59..210927.32 rows=1102277 width=8) (actual time=1526.155..5124.603 rows=1391658 loops=1)
              Hash Cond: (mk.movie_id = t.id)
              ->  Seq Scan on movie_keyword mk  (cost=0.00..81003.12 rows=2063690 width=4) (actual time=0.016..1394.082 rows=2065911 loops=1)
                    Filter: (keyword_id > 5890)
                    Rows Removed by Filter: 2458019
              ->  Hash  (cost=67604.59..67604.59 rows=1350560 width=4) (actual time=1525.168..1525.168 rows=1348293 loops=1)
                    Buckets: 131072  Batches: 32  Memory Usage: 2513kB
                    ->  Seq Scan on title t  (cost=0.00..67604.59 rows=1350560 width=4) (actual time=0.025..1080.069 rows=1348293 loops=1)
                          Filter: (production_year < 2005)
                          Rows Removed by Filter: 1180019
Planning time: 1.123 ms
Execution time: 43187.013 ms
