Hash Join  (cost=128754.87..480828.59 rows=2895 width=0) (actual time=2606.825..7096.358 rows=11472 loops=1)
  Hash Cond: (mi.movie_id = t.id)
  ->  Seq Scan on movie_info mi  (cost=0.00..346232.03 rows=1550064 width=4) (actual time=523.113..4819.187 rows=1533909 loops=1)
        Filter: (info_type_id = 3)
        Rows Removed by Filter: 13301811
  ->  Hash  (cost=128695.85..128695.85 rows=4722 width=8) (actual time=2022.171..2022.171 rows=6084 loops=1)
        Buckets: 8192  Batches: 1  Memory Usage: 302kB
        ->  Hash Join  (cost=73983.10..128695.85 rows=4722 width=8) (actual time=1000.116..2019.547 rows=6084 loops=1)
              Hash Cond: (mc.movie_id = t.id)
              ->  Seq Scan on movie_companies mc  (cost=0.00..44881.29 rows=2609129 width=4) (actual time=0.010..552.617 rows=2609129 loops=1)
              ->  Hash  (cost=73925.90..73925.90 rows=4576 width=4) (actual time=959.560..959.560 rows=2687 loops=1)
                    Buckets: 8192  Batches: 1  Memory Usage: 159kB
                    ->  Seq Scan on title t  (cost=0.00..73925.90 rows=4576 width=4) (actual time=0.124..958.019 rows=2687 loops=1)
                          Filter: ((production_year > 2006) AND (kind_id = 6))
                          Rows Removed by Filter: 2525625
Planning time: 1.174 ms
Execution time: 7098.113 ms
