Hash Join  (cost=68438.72..123523.54 rows=24200 width=0) (actual time=970.262..2067.560 rows=13058 loops=1)
  Hash Cond: (mc.movie_id = t.id)
  ->  Seq Scan on movie_companies mc  (cost=0.00..51404.11 rows=916987 width=4) (actual time=0.026..857.792 rows=918590 loops=1)
        Filter: (company_id < 3139)
        Rows Removed by Filter: 1690539
  ->  Hash  (cost=67604.59..67604.59 rows=66731 width=4) (actual time=969.161..969.161 rows=67342 loops=1)
        Buckets: 131072  Batches: 1  Memory Usage: 3392kB
        ->  Seq Scan on title t  (cost=0.00..67604.59 rows=66731 width=4) (actual time=0.020..940.515 rows=67342 loops=1)
              Filter: (production_year > 2012)
              Rows Removed by Filter: 2460970
Planning time: 2.172 ms
Execution time: 2069.848 ms
