Hash Join  (cost=797557.90..884219.09 rows=315 width=0) (actual time=10913.145..12231.121 rows=175 loops=1)
  Hash Cond: (mk.movie_id = t.id)
  ->  Seq Scan on movie_keyword mk  (cost=0.00..69693.30 rows=4523930 width=4) (actual time=0.020..880.712 rows=4523930 loops=1)
  ->  Hash  (cost=797555.70..797555.70 rows=176 width=8) (actual time=10561.842..10561.842 rows=18 loops=1)
        Buckets: 1024  Batches: 1  Memory Usage: 9kB
        ->  Nested Loop  (cost=0.43..797555.70 rows=176 width=8) (actual time=4143.157..10561.801 rows=18 loops=1)
              ->  Seq Scan on cast_info ci  (cost=0.00..796071.18 rows=176 width=4) (actual time=4142.969..10561.132 rows=18 loops=1)
                    Filter: ((person_id = 644890) AND (role_id = 1))
                    Rows Removed by Filter: 36244326
              ->  Index Only Scan using title_pkey on title t  (cost=0.43..8.42 rows=1 width=4) (actual time=0.031..0.032 rows=1 loops=18)
                    Index Cond: (id = ci.movie_id)
                    Heap Fetches: 18
Planning time: 1.170 ms
Execution time: 12231.266 ms
