Seq Scan on title t  (cost=0.00..73925.90 rows=2905 width=0) (actual time=397.679..1084.340 rows=3613 loops=1)
  Filter: ((kind_id < 7) AND (production_year = 1919))
  Rows Removed by Filter: 2524699
Planning time: 0.246 ms
Execution time: 1085.400 ms
