Seq Scan on cast_info ci  (cost=0.00..796071.18 rows=17011953 width=0) (actual time=3549.291..13233.016 rows=20122661 loops=1)
  Filter: ((person_id < 3101598) AND (role_id < 3))
  Rows Removed by Filter: 16121683
Planning time: 0.405 ms
Execution time: 15479.316 ms
