Seq Scan on cast_info ci  (cost=0.00..796071.18 rows=3052698 width=0) (actual time=9429.683..13176.142 rows=4103621 loops=1)
  Filter: ((person_id > 1230926) AND (role_id > 9))
  Rows Removed by Filter: 32140723
Planning time: 0.375 ms
Execution time: 13691.586 ms
