Hash Join  (cost=78593.13..576090.17 rows=1657911 width=0) (actual time=1321.241..16271.138 rows=4749672 loops=1)
  Hash Cond: (mi.movie_id = t.id)
  ->  Seq Scan on movie_info mi  (cost=0.00..309384.22 rows=14739122 width=4) (actual time=0.019..5028.184 rows=14835720 loops=1)
  ->  Hash  (cost=73925.90..73925.90 rows=284418 width=4) (actual time=1320.408..1320.408 rows=382296 loops=1)
        Buckets: 131072 (originally 131072)  Batches: 8 (originally 4)  Memory Usage: 3073kB
        ->  Seq Scan on title t  (cost=0.00..73925.90 rows=284418 width=4) (actual time=595.491..1187.886 rows=382296 loops=1)
              Filter: ((production_year < 2001) AND (kind_id = 1))
              Rows Removed by Filter: 2146016
Planning time: 0.805 ms
Execution time: 16869.414 ms
