Seq Scan on cast_info ci  (cost=0.00..796071.18 rows=1219855 width=0) (actual time=10081.076..11748.126 rows=1448018 loops=1)
  Filter: ((person_id > 2001990) AND (role_id = 4))
  Rows Removed by Filter: 34796326
Planning time: 0.425 ms
Execution time: 11935.388 ms
