Seq Scan on cast_info ci  (cost=0.00..705507.15 rows=8003125 width=0) (actual time=0.026..10585.913 rows=7975384 loops=1)
  Filter: (person_id > 2882072)
  Rows Removed by Filter: 28268960
Planning time: 0.312 ms
Execution time: 11575.910 ms
