Hash Join  (cost=138272.92..219282.05 rows=432261 width=0) (actual time=3824.926..7125.646 rows=2339462 loops=1)
  Hash Cond: (mc.movie_id = t.id)
  ->  Seq Scan on movie_companies mc  (cost=0.00..44881.29 rows=2609129 width=4) (actual time=0.013..789.350 rows=2609129 loops=1)
  ->  Hash  (cost=131399.58..131399.58 rows=418907 width=8) (actual time=3824.077..3824.077 rows=716220 loops=1)
        Buckets: 131072 (originally 131072)  Batches: 16 (originally 8)  Memory Usage: 3073kB
        ->  Hash Join  (cost=86519.03..131399.58 rows=418907 width=8) (actual time=2209.140..3604.230 rows=716220 loops=1)
              Hash Cond: (mi_idx.movie_id = t.id)
              ->  Seq Scan on movie_info_idx mi_idx  (cost=0.00..21735.35 rows=1380035 width=4) (actual time=0.015..417.821 rows=1380035 loops=1)
              ->  Hash  (cost=73925.90..73925.90 rows=767530 width=4) (actual time=2208.021..2208.021 rows=677132 loops=1)
                    Buckets: 131072  Batches: 16  Memory Usage: 2512kB
                    ->  Seq Scan on title t  (cost=0.00..73925.90 rows=767530 width=4) (actual time=0.020..1177.208 rows=677132 loops=1)
                          Filter: ((kind_id < 7) AND (production_year > 1978))
                          Rows Removed by Filter: 1851180
Planning time: 1.094 ms
Execution time: 7403.184 ms
