Nested Loop  (cost=55662.73..762554.79 rows=51 width=0) (actual time=9631.403..10098.264 rows=23 loops=1)
  ->  Hash Join  (cost=55662.30..762407.48 rows=128 width=8) (actual time=9631.293..10097.525 rows=23 loops=1)
        Hash Cond: (ci.movie_id = mc.movie_id)
        ->  Seq Scan on cast_info ci  (cost=0.00..705507.15 rows=500 width=4) (actual time=8828.826..9260.721 rows=105 loops=1)
              Filter: (person_id = 837468)
              Rows Removed by Filter: 36244239
        ->  Hash  (cost=51404.11..51404.11 rows=259535 width=4) (actual time=801.343..801.343 rows=262885 loops=1)
              Buckets: 131072  Batches: 4  Memory Usage: 3333kB
              ->  Seq Scan on movie_companies mc  (cost=0.00..51404.11 rows=259535 width=4) (actual time=131.470..714.705 rows=262885 loops=1)
                    Filter: (company_id > 98850)
                    Rows Removed by Filter: 2346244
  ->  Index Only Scan using title_pkey on title t  (cost=0.43..1.14 rows=1 width=4) (actual time=0.029..0.030 rows=1 loops=23)
        Index Cond: (id = mc.movie_id)
        Heap Fetches: 23
Planning time: 1.171 ms
Execution time: 10098.696 ms
