Seq Scan on movie_keyword mk  (cost=0.00..81003.12 rows=2683942 width=0) (actual time=0.029..1367.140 rows=2674530 loops=1)
  Filter: (keyword_id > 3074)
  Rows Removed by Filter: 1849400
Planning time: 0.320 ms
Execution time: 1694.870 ms
