Seq Scan on movie_keyword mk  (cost=0.00..81003.12 rows=2459503 width=0) (actual time=0.013..1330.260 rows=2455218 loops=1)
  Filter: (keyword_id < 5887)
  Rows Removed by Filter: 2068712
Planning time: 0.321 ms
Execution time: 1641.151 ms
