Hash Join  (cost=162054.61..548041.78 rows=290736 width=0) (actual time=2463.007..9670.387 rows=2313185 loops=1)
  Hash Cond: (mi.movie_id = t.id)
  ->  Seq Scan on movie_info mi  (cost=0.00..309384.22 rows=14739122 width=4) (actual time=0.023..3521.636 rows=14835720 loops=1)
  ->  Hash  (cost=161431.16..161431.16 rows=49876 width=8) (actual time=2169.062..2169.062 rows=61688 loops=1)
        Buckets: 65536  Batches: 1  Memory Usage: 2922kB
        ->  Hash Join  (cost=74274.37..161431.16 rows=49876 width=8) (actual time=1177.519..2149.572 rows=61688 loops=1)
              Hash Cond: (mk.movie_id = t.id)
              ->  Seq Scan on movie_keyword mk  (cost=0.00..69693.30 rows=4523930 width=4) (actual time=0.017..613.522 rows=4523930 loops=1)
              ->  Hash  (cost=73925.90..73925.90 rows=27877 width=4) (actual time=840.025..840.025 rows=28258 loops=1)
                    Buckets: 32768  Batches: 1  Memory Usage: 1250kB
                    ->  Seq Scan on title t  (cost=0.00..73925.90 rows=27877 width=4) (actual time=187.484..828.528 rows=28258 loops=1)
                          Filter: ((production_year < 1994) AND (kind_id = 2))
                          Rows Removed by Filter: 2500054
Planning time: 1.180 ms
Execution time: 9959.008 ms
