Hash Join  (cost=188939.94..691253.16 rows=2109333 width=0) (actual time=4352.451..29251.818 rows=49157564 loops=1)
  Hash Cond: (mi.movie_id = t.id)
  ->  Seq Scan on movie_info mi  (cost=0.00..309384.22 rows=14739122 width=4) (actual time=0.009..5405.088 rows=14835720 loops=1)
  ->  Hash  (cost=183002.69..183002.69 rows=361860 width=8) (actual time=4351.339..4351.339 rows=781548 loops=1)
        Buckets: 131072 (originally 131072)  Batches: 16 (originally 8)  Memory Usage: 3073kB
        ->  Hash Join  (cost=83810.17..183002.69 rows=361860 width=8) (actual time=1351.689..4153.248 rows=781548 loops=1)
              Hash Cond: (mk.movie_id = t.id)
              ->  Seq Scan on movie_keyword mk  (cost=0.00..81003.12 rows=926343 width=4) (actual time=0.014..1371.455 rows=931394 loops=1)
                    Filter: (keyword_id > 20319)
                    Rows Removed by Filter: 3592536
              ->  Hash  (cost=67604.59..67604.59 rows=987727 width=4) (actual time=1351.002..1351.002 rows=985048 loops=1)
                    Buckets: 131072  Batches: 16  Memory Usage: 3197kB
                    ->  Seq Scan on title t  (cost=0.00..67604.59 rows=987727 width=4) (actual time=0.009..1036.686 rows=985048 loops=1)
                          Filter: (kind_id < 7)
                          Rows Removed by Filter: 1543264
Planning time: 1.046 ms
Execution time: 35169.439 ms
