Hash Join  (cost=175027.18..287360.28 rows=663431 width=0) (actual time=3929.054..7101.359 rows=2769101 loops=1)
  Hash Cond: (mk.movie_id = t.id)
  ->  Seq Scan on movie_keyword mk  (cost=0.00..81003.12 rows=1825243 width=4) (actual time=0.025..1474.893 rows=1831519 loops=1)
        Filter: (keyword_id < 3018)
        Rows Removed by Filter: 2692411
  ->  Hash  (cost=159947.97..159947.97 rows=919057 width=8) (actual time=3927.705..3927.705 rows=920110 loops=1)
        Buckets: 131072  Batches: 16  Memory Usage: 3283kB
        ->  Hash Join  (cost=102767.86..159947.97 rows=919057 width=8) (actual time=2011.315..3652.917 rows=920110 loops=1)
              Hash Cond: (mi_idx.movie_id = t.id)
              ->  Seq Scan on movie_info_idx mi_idx  (cost=0.00..25185.44 rows=919057 width=4) (actual time=0.016..499.079 rows=920110 loops=1)
                    Filter: (info_type_id > 99)
                    Rows Removed by Filter: 459925
              ->  Hash  (cost=61283.27..61283.27 rows=2528527 width=4) (actual time=2009.807..2009.807 rows=2528312 loops=1)
                    Buckets: 131072  Batches: 64  Memory Usage: 2415kB
                    ->  Seq Scan on title t  (cost=0.00..61283.27 rows=2528527 width=4) (actual time=0.022..882.938 rows=2528312 loops=1)
Planning time: 1.141 ms
Execution time: 7441.894 ms
