Hash Join  (cost=125137.00..212236.71 rows=44167 width=0) (actual time=2126.029..3859.621 rows=179601 loops=1)
  Hash Cond: (mk.movie_id = t.id)
  ->  Seq Scan on movie_keyword mk  (cost=0.00..69693.30 rows=4523930 width=4) (actual time=0.022..850.903 rows=4523930 loops=1)
  ->  Hash  (cost=124828.43..124828.43 rows=24686 width=8) (actual time=2123.222..2123.222 rows=20455 loops=1)
        Buckets: 32768  Batches: 1  Memory Usage: 1056kB
        ->  Hash Join  (cost=68191.41..124828.43 rows=24686 width=8) (actual time=912.984..2115.123 rows=20455 loops=1)
              Hash Cond: (mc.movie_id = t.id)
              ->  Seq Scan on movie_companies mc  (cost=0.00..51404.11 rows=1329612 width=4) (actual time=0.017..877.250 rows=1334883 loops=1)
                    Filter: (company_type_id = 2)
                    Rows Removed by Filter: 1274246
              ->  Hash  (cost=67604.59..67604.59 rows=46946 width=4) (actual time=912.635..912.635 rows=46583 loops=1)
                    Buckets: 65536  Batches: 1  Memory Usage: 2150kB
                    ->  Seq Scan on title t  (cost=0.00..67604.59 rows=46946 width=4) (actual time=0.049..893.084 rows=46583 loops=1)
                          Filter: (production_year = 1998)
                          Rows Removed by Filter: 2481729
Planning time: 1.129 ms
Execution time: 3882.825 ms
