Hash Join  (cost=155160.68..646249.48 rows=1057387 width=0) (actual time=2956.421..14906.270 rows=4307821 loops=1)
  Hash Cond: (mi.movie_id = t.id)
  ->  Seq Scan on movie_info mi  (cost=0.00..309384.22 rows=14739122 width=4) (actual time=0.015..5154.477 rows=14835720 loops=1)
  ->  Hash  (cost=152184.22..152184.22 rows=181397 width=8) (actual time=2955.196..2955.196 rows=242627 loops=1)
        Buckets: 131072  Batches: 4  Memory Usage: 3415kB
        ->  Hash Join  (cost=89762.59..152184.22 rows=181397 width=8) (actual time=1543.586..2875.754 rows=242627 loops=1)
              Hash Cond: (mc.movie_id = t.id)
              ->  Seq Scan on movie_companies mc  (cost=0.00..51404.11 rows=339613 width=4) (actual time=0.022..845.523 rows=334457 loops=1)
                    Filter: (company_id < 166)
                    Rows Removed by Filter: 2274672
              ->  Hash  (cost=67604.59..67604.59 rows=1350560 width=4) (actual time=1542.384..1542.384 rows=1348293 loops=1)
                    Buckets: 131072  Batches: 32  Memory Usage: 2505kB
                    ->  Seq Scan on title t  (cost=0.00..67604.59 rows=1350560 width=4) (actual time=0.013..1098.342 rows=1348293 loops=1)
                          Filter: (production_year < 2005)
                          Rows Removed by Filter: 1180019
Planning time: 1.169 ms
Execution time: 15337.710 ms
