Nested Loop  (cost=32749.09..137240.17 rows=3821 width=0) (actual time=1044.394..2531.741 rows=16466 loops=1)
  ->  Hash Join  (cost=32748.66..119593.09 rows=20813 width=8) (actual time=1044.333..2298.799 rows=16466 loops=1)
        Hash Cond: (mk.movie_id = mi_idx.movie_id)
        ->  Seq Scan on movie_keyword mk  (cost=0.00..81003.12 rows=20961 width=4) (actual time=0.053..1157.308 rows=19528 loops=1)
              Filter: (keyword_id = 137)
              Rows Removed by Filter: 4504402
        ->  Hash  (cost=25185.44..25185.44 rows=460978 width=4) (actual time=1040.743..1040.743 rows=459925 loops=1)
              Buckets: 131072  Batches: 8  Memory Usage: 3059kB
              ->  Seq Scan on movie_info_idx mi_idx  (cost=0.00..25185.44 rows=460978 width=4) (actual time=0.018..487.200 rows=459925 loops=1)
                    Filter: (info_type_id = 99)
                    Rows Removed by Filter: 920110
  ->  Index Only Scan using title_pkey on title t  (cost=0.43..0.84 rows=1 width=4) (actual time=0.013..0.014 rows=1 loops=16466)
        Index Cond: (id = mi_idx.movie_id)
        Heap Fetches: 16466
Planning time: 0.736 ms
Execution time: 2535.488 ms
