Seq Scan on movie_keyword mk  (cost=0.00..81003.12 rows=1697866 width=0) (actual time=0.022..1265.926 rows=1706146 loops=1)
  Filter: (keyword_id < 2681)
  Rows Removed by Filter: 2817784
Planning time: 0.313 ms
Execution time: 1478.840 ms
