Hash Join  (cost=103324.96..243610.53 rows=2040865 width=0) (actual time=1927.633..5423.869 rows=1952733 loops=1)
  Hash Cond: (mk.movie_id = t.id)
  ->  Seq Scan on movie_keyword mk  (cost=0.00..81003.12 rows=2370159 width=4) (actual time=0.013..1520.246 rows=2373297 loops=1)
        Filter: (keyword_id < 5393)
        Rows Removed by Filter: 2150633
  ->  Hash  (cost=67604.59..67604.59 rows=2177230 width=4) (actual time=1926.397..1926.397 rows=2171163 loops=1)
        Buckets: 131072  Batches: 32  Memory Usage: 3421kB
        ->  Seq Scan on title t  (cost=0.00..67604.59 rows=2177230 width=4) (actual time=0.024..1220.115 rows=2171163 loops=1)
              Filter: (production_year > 1963)
              Rows Removed by Filter: 357149
Planning time: 0.721 ms
Execution time: 5656.000 ms
