Hash Join  (cost=159888.45..1237393.80 rows=4254218 width=0) (actual time=3040.296..37658.570 rows=26530076 loops=1)
  Hash Cond: (ci.movie_id = t.id)
  ->  Seq Scan on cast_info ci  (cost=0.00..614943.12 rows=36225612 width=4) (actual time=0.023..12113.940 rows=36244344 loops=1)
  ->  Hash  (cost=155016.68..155016.68 rows=296942 width=8) (actual time=3039.387..3039.387 rows=439286 loops=1)
        Buckets: 131072 (originally 131072)  Batches: 8 (originally 4)  Memory Usage: 3165kB
        ->  Hash Join  (cost=83553.96..155016.68 rows=296942 width=8) (actual time=1663.543..2890.013 rows=439286 loops=1)
              Hash Cond: (mc.movie_id = t.id)
              ->  Seq Scan on movie_companies mc  (cost=0.00..51404.11 rows=1279517 width=4) (actual time=212.289..932.771 rows=1274246 loops=1)
                    Filter: (company_type_id = 1)
                    Rows Removed by Filter: 1334883
              ->  Hash  (cost=73925.90..73925.90 rows=586804 width=4) (actual time=1137.954..1137.954 rows=467141 loops=1)
                    Buckets: 131072  Batches: 8  Memory Usage: 3091kB
                    ->  Seq Scan on title t  (cost=0.00..73925.90 rows=586804 width=4) (actual time=295.825..1008.839 rows=467141 loops=1)
                          Filter: ((production_year > 1959) AND (kind_id = 1))
                          Rows Removed by Filter: 2061171
Planning time: 1.219 ms
Execution time: 40519.871 ms
