Hash Join  (cost=110215.89..557725.34 rows=260040 width=0) (actual time=2567.413..11810.323 rows=378168 loops=1)
  Hash Cond: (mi.movie_id = t.id)
  ->  Seq Scan on movie_info mi  (cost=0.00..346232.03 rows=8508011 width=4) (actual time=328.042..6494.445 rows=8612226 loops=1)
        Filter: (info_type_id < 9)
        Rows Removed by Filter: 6223494
  ->  Hash  (cost=108947.86..108947.86 rows=77282 width=8) (actual time=2238.021..2238.021 rows=60683 loops=1)
        Buckets: 131072  Batches: 2  Memory Usage: 2214kB
        ->  Hash Join  (cost=69928.56..108947.86 rows=77282 width=8) (actual time=1250.682..2217.065 rows=60683 loops=1)
              Hash Cond: (mi_idx.movie_id = t.id)
              ->  Seq Scan on movie_info_idx mi_idx  (cost=0.00..21735.35 rows=1380035 width=4) (actual time=0.040..462.533 rows=1380035 loops=1)
              ->  Hash  (cost=67604.59..67604.59 rows=141598 width=4) (actual time=1249.891..1249.891 rows=141703 loops=1)
                    Buckets: 131072  Batches: 2  Memory Usage: 3511kB
                    ->  Seq Scan on title t  (cost=0.00..67604.59 rows=141598 width=4) (actual time=0.031..1198.079 rows=141703 loops=1)
                          Filter: (production_year = 2010)
                          Rows Removed by Filter: 2386609
Planning time: 1.155 ms
Execution time: 11861.017 ms
