Hash Join  (cost=251527.42..841340.39 rows=8583111 width=0) (actual time=5118.839..17705.982 rows=3420807 loops=1)
  Hash Cond: (mi.movie_id = t.id)
  ->  Seq Scan on movie_info mi  (cost=0.00..309384.22 rows=14739122 width=4) (actual time=0.015..5222.677 rows=14835720 loops=1)
  ->  Hash  (cost=227369.78..227369.78 rows=1472451 width=8) (actual time=5117.629..5117.629 rows=326301 loops=1)
        Buckets: 131072  Batches: 32  Memory Usage: 1412kB
        ->  Hash Join  (cost=87428.23..227369.78 rows=1472451 width=8) (actual time=1956.340..4749.075 rows=326301 loops=1)
              Hash Cond: (mk.movie_id = t.id)
              ->  Seq Scan on movie_keyword mk  (cost=0.00..69693.30 rows=4523930 width=4) (actual time=0.014..1305.913 rows=4523930 loops=1)
              ->  Hash  (cost=73925.90..73925.90 rows=822986 width=4) (actual time=1368.526..1368.526 rows=738761 loops=1)
                    Buckets: 131072  Batches: 16  Memory Usage: 2654kB
                    ->  Seq Scan on title t  (cost=0.00..73925.90 rows=822986 width=4) (actual time=0.017..1131.345 rows=738761 loops=1)
                          Filter: ((production_year < 2005) AND (kind_id = 7))
                          Rows Removed by Filter: 1789551
Planning time: 1.135 ms
Execution time: 18084.893 ms
