Hash Join  (cost=101489.21..208718.79 rows=1859239 width=0) (actual time=2780.550..6268.842 rows=1983661 loops=1)
  Hash Cond: (mc.movie_id = t.id)
  ->  Seq Scan on movie_companies mc  (cost=0.00..51404.11 rows=2276215 width=4) (actual time=0.013..1020.427 rows=2280116 loops=1)
        Filter: (company_id > 160)
        Rows Removed by Filter: 329013
  ->  Hash  (cost=67604.59..67604.59 rows=2065330 width=4) (actual time=2779.640..2779.640 rows=2064552 loops=1)
        Buckets: 131072  Batches: 32  Memory Usage: 3289kB
        ->  Seq Scan on title t  (cost=0.00..67604.59 rows=2065330 width=4) (actual time=0.011..1288.970 rows=2064552 loops=1)
              Filter: (production_year < 2011)
              Rows Removed by Filter: 463760
Planning time: 0.723 ms
Execution time: 6483.085 ms
