Hash Join  (cost=201167.41..1383499.86 rows=14458628 width=0) (actual time=4123.060..36420.781 rows=16652302 loops=1)
  Hash Cond: (ci.movie_id = t.id)
  ->  Seq Scan on cast_info ci  (cost=0.00..614943.12 rows=36225612 width=4) (actual time=0.025..12329.914 rows=36244344 loops=1)
  ->  Hash  (cost=184609.36..184609.36 rows=1009204 width=8) (actual time=4122.046..4122.046 rows=441178 loops=1)
        Buckets: 131072  Batches: 16  Memory Usage: 2081kB
        ->  Hash Join  (cost=91901.05..184609.36 rows=1009204 width=8) (actual time=1759.948..4012.712 rows=441178 loops=1)
              Hash Cond: (mc.movie_id = t.id)
              ->  Seq Scan on movie_companies mc  (cost=0.00..51404.11 rows=2329108 width=4) (actual time=0.031..1041.348 rows=2326597 loops=1)
                    Filter: (company_id < 95611)
                    Rows Removed by Filter: 282532
              ->  Hash  (cost=73925.90..73925.90 rows=1095612 width=4) (actual time=1627.723..1627.723 rows=1189548 loops=1)
                    Buckets: 131072  Batches: 16  Memory Usage: 3647kB
                    ->  Seq Scan on title t  (cost=0.00..73925.90 rows=1095612 width=4) (actual time=0.019..1261.927 rows=1189548 loops=1)
                          Filter: ((production_year > 1988) AND (kind_id = 7))
                          Rows Removed by Filter: 1338764
Planning time: 1.163 ms
Execution time: 38170.936 ms
