Hash Join  (cost=95415.26..455521.30 rows=28416 width=0) (actual time=1733.568..7495.715 rows=62408 loops=1)
  Hash Cond: (mi.movie_id = t.id)
  ->  Seq Scan on movie_info mi  (cost=0.00..346232.03 rows=3623957 width=4) (actual time=192.375..5245.246 rows=3624977 loops=1)
        Filter: (info_type_id < 4)
        Rows Removed by Filter: 11210743
  ->  Hash  (cost=95167.43..95167.43 rows=19827 width=8) (actual time=1539.896..1539.896 rows=24689 loops=1)
        Buckets: 32768  Batches: 1  Memory Usage: 1221kB
        ->  Hash Join  (cost=68058.67..95167.43 rows=19827 width=8) (actual time=967.833..1531.337 rows=24689 loops=1)
              Hash Cond: (mi_idx.movie_id = t.id)
              ->  Seq Scan on movie_info_idx mi_idx  (cost=0.00..21735.35 rows=1380035 width=4) (actual time=0.023..253.188 rows=1380035 loops=1)
              ->  Hash  (cost=67604.59..67604.59 rows=36327 width=4) (actual time=967.403..967.403 rows=36509 loops=1)
                    Buckets: 65536  Batches: 1  Memory Usage: 1796kB
                    ->  Seq Scan on title t  (cost=0.00..67604.59 rows=36327 width=4) (actual time=0.018..951.706 rows=36509 loops=1)
                          Filter: (production_year = 1996)
                          Rows Removed by Filter: 2491803
Planning time: 1.122 ms
Execution time: 7505.003 ms
