Nested Loop  (cost=0.43..799160.92 rows=272 width=0) (actual time=1264.058..11798.218 rows=1 loops=1)
  ->  Seq Scan on cast_info ci  (cost=0.00..796071.18 rows=369 width=4) (actual time=1263.912..11798.065 rows=1 loops=1)
        Filter: ((role_id < 5) AND (person_id = 1838661))
        Rows Removed by Filter: 36244343
  ->  Index Scan using title_pkey on title t  (cost=0.43..8.36 rows=1 width=4) (actual time=0.082..0.083 rows=1 loops=1)
        Index Cond: (id = ci.movie_id)
        Filter: (kind_id > 1)
Planning time: 1.017 ms
Execution time: 11798.354 ms
