Hash Join  (cost=80135.37..1169635.31 rows=5421778 width=0) (actual time=1191.121..29970.528 rows=5076703 loops=1)
  Hash Cond: (ci.movie_id = t.id)
  ->  Seq Scan on cast_info ci  (cost=0.00..614943.12 rows=36225612 width=4) (actual time=0.021..11701.594 rows=36244344 loops=1)
  ->  Hash  (cost=73925.90..73925.90 rows=378437 width=4) (actual time=1190.094..1190.094 rows=282115 loops=1)
        Buckets: 131072  Batches: 8  Memory Usage: 2266kB
        ->  Seq Scan on title t  (cost=0.00..73925.90 rows=378437 width=4) (actual time=336.387..1101.177 rows=282115 loops=1)
              Filter: ((production_year > 1999) AND (kind_id = 1))
              Rows Removed by Filter: 2246197
Planning time: 0.813 ms
Execution time: 30582.928 ms
