Seq Scan on movie_keyword mk  (cost=0.00..81003.12 rows=561173 width=0) (actual time=0.021..1221.875 rows=557372 loops=1)
  Filter: (keyword_id > 32958)
  Rows Removed by Filter: 3966558
Planning time: 0.320 ms
Execution time: 1295.201 ms
