Seq Scan on movie_companies mc  (cost=0.00..51404.11 rows=647309 width=0) (actual time=0.013..771.348 rows=652887 loops=1)
  Filter: (company_id > 54234)
  Rows Removed by Filter: 1956242
Planning time: 0.352 ms
Execution time: 855.024 ms
