Hash Join  (cost=105540.76..211982.31 rows=683194 width=0) (actual time=2002.529..4272.115 rows=682621 loops=1)
  Hash Cond: (mk.movie_id = t.id)
  ->  Seq Scan on movie_keyword mk  (cost=0.00..81003.12 rows=747096 width=4) (actual time=0.021..1297.459 rows=754668 loops=1)
        Filter: (keyword_id < 687)
        Rows Removed by Filter: 3769262
  ->  Hash  (cost=67604.59..67604.59 rows=2312254 width=4) (actual time=2001.705..2001.705 rows=2306538 loops=1)
        Buckets: 131072  Batches: 32  Memory Usage: 3570kB
        ->  Seq Scan on title t  (cost=0.00..67604.59 rows=2312254 width=4) (actual time=0.018..1262.936 rows=2306538 loops=1)
              Filter: (production_year > 1943)
              Rows Removed by Filter: 221774
Planning time: 2.941 ms
Execution time: 4353.484 ms
