Hash Join  (cost=156487.41..274079.40 rows=473805 width=0) (actual time=3231.059..6970.799 rows=1993192 loops=1)
  Hash Cond: (mk.movie_id = t.id)
  ->  Seq Scan on movie_keyword mk  (cost=0.00..81003.12 rows=2598884 width=4) (actual time=0.013..1547.545 rows=2579894 loops=1)
        Filter: (keyword_id > 3346)
        Rows Removed by Filter: 1944036
  ->  Hash  (cost=148924.19..148924.19 rows=460978 width=8) (actual time=3230.504..3230.504 rows=459925 loops=1)
        Buckets: 131072  Batches: 8  Memory Usage: 3284kB
        ->  Hash Join  (cost=102767.86..148924.19 rows=460978 width=8) (actual time=1800.823..3079.388 rows=459925 loops=1)
              Hash Cond: (mi_idx.movie_id = t.id)
              ->  Seq Scan on movie_info_idx mi_idx  (cost=0.00..25185.44 rows=460978 width=4) (actual time=0.012..425.702 rows=459925 loops=1)
                    Filter: (info_type_id < 100)
                    Rows Removed by Filter: 920110
              ->  Hash  (cost=61283.27..61283.27 rows=2528527 width=4) (actual time=1799.439..1799.439 rows=2528312 loops=1)
                    Buckets: 131072  Batches: 64  Memory Usage: 2415kB
                    ->  Seq Scan on title t  (cost=0.00..61283.27 rows=2528527 width=4) (actual time=0.016..940.767 rows=2528312 loops=1)
Planning time: 0.725 ms
Execution time: 7184.586 ms
