Hash Join  (cost=156649.15..251287.95 rows=162158 width=0) (actual time=3324.944..5273.483 rows=634067 loops=1)
  Hash Cond: (mk.movie_id = t.id)
  ->  Seq Scan on movie_keyword mk  (cost=0.00..81003.12 rows=881892 width=4) (actual time=0.019..1283.507 rows=888536 loops=1)
        Filter: (keyword_id < 842)
        Rows Removed by Filter: 3635394
  ->  Hash  (cost=149020.47..149020.47 rows=464934 width=8) (actual time=3324.154..3324.154 rows=460185 loops=1)
        Buckets: 131072  Batches: 8  Memory Usage: 3286kB
        ->  Hash Join  (cost=102767.86..149020.47 rows=464934 width=8) (actual time=1918.729..3182.752 rows=460185 loops=1)
              Hash Cond: (mi_idx.movie_id = t.id)
              ->  Seq Scan on movie_info_idx mi_idx  (cost=0.00..25185.44 rows=464934 width=4) (actual time=0.020..441.013 rows=460185 loops=1)
                    Filter: (info_type_id > 100)
                    Rows Removed by Filter: 919850
              ->  Hash  (cost=61283.27..61283.27 rows=2528527 width=4) (actual time=1916.453..1916.453 rows=2528312 loops=1)
                    Buckets: 131072  Batches: 64  Memory Usage: 2415kB
                    ->  Seq Scan on title t  (cost=0.00..61283.27 rows=2528527 width=4) (actual time=0.017..1077.681 rows=2528312 loops=1)
Planning time: 1.011 ms
Execution time: 5354.409 ms
