Seq Scan on title t  (cost=0.00..73925.90 rows=4532 width=0) (actual time=195.906..1181.467 rows=7895 loops=1)
  Filter: ((kind_id = 7) AND (production_year = 1982))
  Rows Removed by Filter: 2520417
Planning time: 0.392 ms
Execution time: 1183.333 ms
