Hash Join  (cost=102767.86..958322.83 rows=2061526 width=0) (actual time=7487.593..17600.790 rows=4183174 loops=1)
  Hash Cond: (ci.movie_id = t.id)
  ->  Seq Scan on cast_info ci  (cost=0.00..796071.18 rows=2061526 width=4) (actual time=5693.672..11663.646 rows=4183174 loops=1)
        Filter: ((person_id < 559837) AND (role_id = 1))
        Rows Removed by Filter: 32061170
  ->  Hash  (cost=61283.27..61283.27 rows=2528527 width=4) (actual time=1792.662..1792.662 rows=2528312 loops=1)
        Buckets: 131072  Batches: 64  Memory Usage: 2415kB
        ->  Seq Scan on title t  (cost=0.00..61283.27 rows=2528527 width=4) (actual time=0.018..928.883 rows=2528312 loops=1)
Planning time: 0.707 ms
Execution time: 18087.351 ms
