Hash Join  (cost=275069.94..1687256.94 rows=32425982 width=0) (actual time=6986.270..67849.715 rows=123312333 loops=1)
  Hash Cond: (ci.movie_id = t.id)
  ->  Seq Scan on cast_info ci  (cost=0.00..614943.12 rows=36225612 width=4) (actual time=0.014..12113.091 rows=36244344 loops=1)
  ->  Hash  (cost=237936.50..237936.50 rows=2263315 width=8) (actual time=6983.915..6983.915 rows=2917498 loops=1)
        Buckets: 131072 (originally 131072)  Batches: 64 (originally 32)  Memory Usage: 3073kB
        ->  Hash Join  (cost=88359.31..237936.50 rows=2263315 width=8) (actual time=1944.153..6147.406 rows=2917498 loops=1)
              Hash Cond: (mk.movie_id = t.id)
              ->  Seq Scan on movie_keyword mk  (cost=0.00..69693.30 rows=4523930 width=4) (actual time=0.017..1285.471 rows=4523930 loops=1)
              ->  Hash  (cost=67604.59..67604.59 rows=1265018 width=4) (actual time=1943.119..1943.119 rows=1263700 loops=1)
                    Buckets: 131072  Batches: 32  Memory Usage: 2418kB
                    ->  Seq Scan on title t  (cost=0.00..67604.59 rows=1265018 width=4) (actual time=0.018..1064.399 rows=1263700 loops=1)
                          Filter: (production_year < 2004)
                          Rows Removed by Filter: 1264612
Planning time: 0.703 ms
Execution time: 81804.252 ms
