Hash Join  (cost=124618.24..218492.84 rows=85939 width=0) (actual time=2218.859..4091.956 rows=101787 loops=1)
  Hash Cond: (mk.movie_id = t.id)
  ->  Seq Scan on movie_keyword mk  (cost=0.00..81003.12 rows=3203222 width=4) (actual time=0.017..1346.906 rows=3191518 loops=1)
        Filter: (keyword_id > 1740)
        Rows Removed by Filter: 1332412
  ->  Hash  (cost=123770.27..123770.27 rows=67838 width=8) (actual time=2218.112..2218.112 rows=47312 loops=1)
        Buckets: 131072  Batches: 1  Memory Usage: 2873kB
        ->  Hash Join  (cost=68426.36..123770.27 rows=67838 width=8) (actual time=964.824..2199.372 rows=47312 loops=1)
              Hash Cond: (mc.movie_id = t.id)
              ->  Seq Scan on movie_companies mc  (cost=0.00..44881.29 rows=2609129 width=4) (actual time=0.015..528.813 rows=2609129 loops=1)
              ->  Hash  (cost=67604.59..67604.59 rows=65742 width=4) (actual time=964.174..964.174 rows=63827 loops=1)
                    Buckets: 131072  Batches: 1  Memory Usage: 3268kB
                    ->  Seq Scan on title t  (cost=0.00..67604.59 rows=65742 width=4) (actual time=0.030..938.310 rows=63827 loops=1)
                          Filter: (production_year = 2013)
                          Rows Removed by Filter: 2464485
Planning time: 3.789 ms
Execution time: 4105.371 ms
