Hash Join  (cost=450092.86..1340721.23 rows=399316 width=0) (actual time=7786.403..25829.853 rows=1325470 loops=1)
  Hash Cond: (ci.movie_id = t.id)
  ->  Seq Scan on cast_info ci  (cost=0.00..614943.12 rows=36225612 width=4) (actual time=0.016..7591.771 rows=36244344 loops=1)
  ->  Hash  (cost=449744.46..449744.46 rows=27872 width=8) (actual time=7786.130..7786.130 rows=62379 loops=1)
        Buckets: 65536 (originally 32768)  Batches: 1 (originally 1)  Memory Usage: 2949kB
        ->  Hash Join  (cost=67697.55..449744.46 rows=27872 width=8) (actual time=892.748..7758.618 rows=62379 loops=1)
              Hash Cond: (mi.movie_id = t.id)
              ->  Seq Scan on movie_info mi  (cost=0.00..346232.03 rows=9476311 width=4) (actual time=156.268..5304.060 rows=9565151 loops=1)
                    Filter: (info_type_id < 16)
                    Rows Removed by Filter: 5270569
              ->  Hash  (cost=67604.59..67604.59 rows=7437 width=4) (actual time=726.035..726.035 rows=14349 loops=1)
                    Buckets: 16384 (originally 8192)  Batches: 1 (originally 1)  Memory Usage: 633kB
                    ->  Seq Scan on title t  (cost=0.00..67604.59 rows=7437 width=4) (actual time=0.024..720.903 rows=14349 loops=1)
                          Filter: (production_year = 1969)
                          Rows Removed by Filter: 2513963
Planning time: 1.180 ms
Execution time: 25998.363 ms
