Hash Join  (cost=74437.34..135742.42 rows=40956 width=0) (actual time=1097.473..2596.858 rows=55760 loops=1)
  Hash Cond: (mc.movie_id = t.id)
  ->  Seq Scan on movie_companies mc  (cost=0.00..51404.11 rows=2531042 width=4) (actual time=0.022..903.449 rows=2531451 loops=1)
        Filter: (company_id < 171483)
        Rows Removed by Filter: 77678
  ->  Hash  (cost=73925.90..73925.90 rows=40915 width=4) (actual time=1097.119..1097.119 rows=46448 loops=1)
        Buckets: 65536  Batches: 1  Memory Usage: 2145kB
        ->  Seq Scan on title t  (cost=0.00..73925.90 rows=40915 width=4) (actual time=440.851..1078.142 rows=46448 loops=1)
              Filter: ((production_year > 2006) AND (kind_id = 4))
              Rows Removed by Filter: 2481864
Planning time: 4.134 ms
Execution time: 2604.720 ms
