Seq Scan on movie_companies mc  (cost=0.00..57926.93 rows=53 width=0) (actual time=22.879..769.747 rows=37 loops=1)
  Filter: ((company_id = 72949) AND (company_type_id = 2))
  Rows Removed by Filter: 2609092
Planning time: 0.740 ms
Execution time: 769.845 ms
