Hash Join  (cost=205209.02..1335019.25 rows=9345801 width=0) (actual time=4338.655..49773.520 rows=72079283 loops=1)
  Hash Cond: (ci.movie_id = t.id)
  ->  Seq Scan on cast_info ci  (cost=0.00..614943.12 rows=36225612 width=4) (actual time=0.025..11615.693 rows=36244344 loops=1)
  ->  Hash  (cost=194505.87..194505.87 rows=652332 width=8) (actual time=4337.275..4337.275 rows=1417364 loops=1)
        Buckets: 131072 (originally 131072)  Batches: 32 (originally 16)  Memory Usage: 3073kB
        ->  Hash Join  (cost=83810.17..194505.87 rows=652332 width=8) (actual time=1238.694..3937.521 rows=1417364 loops=1)
              Hash Cond: (mk.movie_id = t.id)
              ->  Seq Scan on movie_keyword mk  (cost=0.00..81003.12 rows=1669933 width=4) (actual time=0.019..1407.780 rows=1681410 loops=1)
                    Filter: (keyword_id > 8644)
                    Rows Removed by Filter: 2842520
              ->  Hash  (cost=67604.59..67604.59 rows=987727 width=4) (actual time=1237.732..1237.732 rows=985048 loops=1)
                    Buckets: 131072  Batches: 16  Memory Usage: 3197kB
                    ->  Seq Scan on title t  (cost=0.00..67604.59 rows=987727 width=4) (actual time=0.011..926.048 rows=985048 loops=1)
                          Filter: (kind_id < 7)
                          Rows Removed by Filter: 1543264
Planning time: 1.403 ms
Execution time: 57599.449 ms
