Seq Scan on movie_companies mc  (cost=0.00..57926.93 rows=417747 width=0) (actual time=330.942..876.245 rows=234287 loops=1)
  Filter: ((company_id < 1877) AND (company_type_id > 1))
  Rows Removed by Filter: 2374842
Planning time: 0.364 ms
Execution time: 905.137 ms
