Hash Join  (cost=78230.90..542588.52 rows=964431 width=0) (actual time=1766.049..10870.273 rows=503689 loops=1)
  Hash Cond: (mi.movie_id = t.id)
  ->  Seq Scan on movie_info mi  (cost=0.00..346232.03 rows=9293409 width=4) (actual time=691.965..5928.708 rows=9425200 loops=1)
        Filter: (info_type_id > 5)
        Rows Removed by Filter: 5410520
  ->  Hash  (cost=73925.90..73925.90 rows=262400 width=4) (actual time=1073.154..1073.154 rows=129927 loops=1)
        Buckets: 131072  Batches: 4  Memory Usage: 2171kB
        ->  Seq Scan on title t  (cost=0.00..73925.90 rows=262400 width=4) (actual time=0.049..1022.997 rows=129927 loops=1)
              Filter: ((kind_id > 1) AND (production_year < 1969))
              Rows Removed by Filter: 2398385
Planning time: 0.605 ms
Execution time: 10922.047 ms
