Hash Join  (cost=438062.40..525628.52 rows=90809 width=0) (actual time=6913.383..9355.289 rows=469578 loops=1)
  Hash Cond: (mk.movie_id = t.id)
  ->  Seq Scan on movie_keyword mk  (cost=0.00..69693.30 rows=4523930 width=4) (actual time=0.020..1011.895 rows=4523930 loops=1)
  ->  Hash  (cost=437427.96..437427.96 rows=50755 width=8) (actual time=6911.665..6911.665 rows=114379 loops=1)
        Buckets: 131072 (originally 65536)  Batches: 2 (originally 1)  Memory Usage: 3251kB
        ->  Hash Join  (cost=75580.59..437427.96 rows=50755 width=8) (actual time=3985.878..6866.529 rows=114379 loops=1)
              Hash Cond: (mi.movie_id = t.id)
              ->  Seq Scan on movie_info mi  (cost=0.00..346232.03 rows=1272478 width=4) (actual time=2405.377..4990.698 rows=1325361 loops=1)
                    Filter: (info_type_id = 8)
                    Rows Removed by Filter: 13510359
              ->  Hash  (cost=73925.90..73925.90 rows=100855 width=4) (actual time=1307.241..1307.241 rows=111586 loops=1)
                    Buckets: 131072  Batches: 2  Memory Usage: 2988kB
                    ->  Seq Scan on title t  (cost=0.00..73925.90 rows=100855 width=4) (actual time=0.024..987.367 rows=111586 loops=1)
                          Filter: ((production_year < 2012) AND (kind_id = 4))
                          Rows Removed by Filter: 2416726
Planning time: 1.180 ms
Execution time: 9407.238 ms
