Seq Scan on movie_keyword mk  (cost=0.00..81003.12 rows=246 width=0) (actual time=3.484..1080.699 rows=159 loops=1)
  Filter: (keyword_id = 4698)
  Rows Removed by Filter: 4523771
Planning time: 0.342 ms
Execution time: 1080.858 ms
