Hash Join  (cost=117739.35..234381.77 rows=112313 width=0) (actual time=2306.655..5369.620 rows=2311836 loops=1)
  Hash Cond: (mk.movie_id = t.id)
  ->  Seq Scan on movie_keyword mk  (cost=0.00..81003.12 rows=2952577 width=4) (actual time=0.024..1564.195 rows=2943899 loops=1)
        Filter: (keyword_id > 2397)
        Rows Removed by Filter: 1580031
  ->  Hash  (cost=116161.07..116161.07 rows=96183 width=8) (actual time=2305.779..2305.779 rows=270200 loops=1)
        Buckets: 131072 (originally 131072)  Batches: 4 (originally 2)  Memory Usage: 3681kB
        ->  Hash Join  (cost=76817.76..116161.07 rows=96183 width=8) (actual time=1080.984..2214.432 rows=270200 loops=1)
              Hash Cond: (mi_idx.movie_id = t.id)
              ->  Seq Scan on movie_info_idx mi_idx  (cost=0.00..21735.35 rows=1380035 width=4) (actual time=0.013..414.938 rows=1380035 loops=1)
              ->  Hash  (cost=73925.90..73925.90 rows=176228 width=4) (actual time=1080.230..1080.230 rows=310626 loops=1)
                    Buckets: 131072  Batches: 4  Memory Usage: 3757kB
                    ->  Seq Scan on title t  (cost=0.00..73925.90 rows=176228 width=4) (actual time=0.027..982.209 rows=310626 loops=1)
                          Filter: ((kind_id < 2) AND (production_year < 1989))
                          Rows Removed by Filter: 2217686
Planning time: 1.224 ms
Execution time: 5596.220 ms
