Hash Join  (cost=134703.28..1221904.39 rows=5197999 width=0) (actual time=2971.780..32105.448 rows=7484166 loops=1)
  Hash Cond: (ci.movie_id = t.id)
  ->  Seq Scan on cast_info ci  (cost=0.00..614943.12 rows=36225612 width=4) (actual time=0.025..11865.277 rows=36244344 loops=1)
  ->  Hash  (cost=128750.07..128750.07 rows=362817 width=8) (actual time=2970.719..2970.719 rows=217557 loops=1)
        Buckets: 131072  Batches: 8  Memory Usage: 2078kB
        ->  Hash Join  (cost=84832.42..128750.07 rows=362817 width=8) (actual time=1690.663..2902.588 rows=217557 loops=1)
              Hash Cond: (mi_idx.movie_id = t.id)
              ->  Seq Scan on movie_info_idx mi_idx  (cost=0.00..21735.35 rows=1380035 width=4) (actual time=0.007..424.909 rows=1380035 loops=1)
              ->  Hash  (cost=73925.90..73925.90 rows=664761 width=4) (actual time=1685.793..1685.793 rows=704326 loops=1)
                    Buckets: 131072  Batches: 16  Memory Usage: 2575kB
                    ->  Seq Scan on title t  (cost=0.00..73925.90 rows=664761 width=4) (actual time=0.019..1455.177 rows=704326 loops=1)
                          Filter: ((kind_id > 1) AND (production_year > 2006))
                          Rows Removed by Filter: 1823986
Planning time: 1.138 ms
Execution time: 32889.668 ms
