Hash Join  (cost=94555.35..592196.13 rows=4405730 width=0) (actual time=2800.133..12523.174 rows=1250914 loops=1)
  Hash Cond: (mi.movie_id = t.id)
  ->  Seq Scan on movie_info mi  (cost=0.00..346232.03 rows=8859586 width=4) (actual time=0.024..5989.882 rows=8966694 loops=1)
        Filter: (info_type_id < 15)
        Rows Removed by Filter: 5869026
  ->  Hash  (cost=73925.90..73925.90 rows=1257396 width=4) (actual time=1780.203..1780.203 rows=1340616 loops=1)
        Buckets: 131072  Batches: 32  Memory Usage: 2508kB
        ->  Seq Scan on title t  (cost=0.00..73925.90 rows=1257396 width=4) (actual time=0.011..1327.591 rows=1340616 loops=1)
              Filter: ((production_year > 1971) AND (kind_id = 7))
              Rows Removed by Filter: 1187696
Planning time: 0.731 ms
Execution time: 12672.321 ms
