Hash Join  (cost=442407.41..1473472.13 rows=1595527 width=0) (actual time=12796.499..35478.966 rows=4703277 loops=1)
  Hash Cond: (ci.movie_id = t.id)
  ->  Seq Scan on cast_info ci  (cost=0.00..796071.18 rows=18871534 width=4) (actual time=5394.704..16990.845 rows=18672850 loops=1)
        Filter: ((person_id > 198836) AND (role_id < 3))
        Rows Removed by Filter: 17571494
  ->  Hash  (cost=438899.17..438899.17 rows=213779 width=8) (actual time=7401.029..7401.029 rows=443040 loops=1)
        Buckets: 131072 (originally 131072)  Batches: 8 (originally 4)  Memory Usage: 3204kB
        ->  Hash Join  (cost=78556.72..438899.17 rows=213779 width=8) (actual time=1644.266..7227.359 rows=443040 loops=1)
              Hash Cond: (mi.movie_id = t.id)
              ->  Seq Scan on movie_info mi  (cost=0.00..346232.03 rows=809768 width=4) (actual time=259.847..4735.162 rows=802140 loops=1)
                    Filter: (info_type_id < 2)
                    Rows Removed by Filter: 14033580
              ->  Hash  (cost=67604.59..67604.59 rows=667531 width=4) (actual time=1222.484..1222.484 rows=662825 loops=1)
                    Buckets: 131072  Batches: 16  Memory Usage: 2485kB
                    ->  Seq Scan on title t  (cost=0.00..67604.59 rows=667531 width=4) (actual time=387.978..1011.311 rows=662825 loops=1)
                          Filter: (kind_id = 1)
                          Rows Removed by Filter: 1865487
Planning time: 1.175 ms
Execution time: 35991.178 ms
