Hash Join  (cost=77761.90..435021.18 rows=74862 width=0) (actual time=4634.668..6589.160 rows=187694 loops=1)
  Hash Cond: (mi.movie_id = t.id)
  ->  Seq Scan on movie_info mi  (cost=0.00..346232.03 rows=809768 width=4) (actual time=3101.844..4724.702 rows=802140 loops=1)
        Filter: (info_type_id < 2)
        Rows Removed by Filter: 14033580
  ->  Hash  (cost=73925.90..73925.90 rows=233760 width=4) (actual time=1104.967..1104.967 rows=353075 loops=1)
        Buckets: 131072 (originally 131072)  Batches: 8 (originally 4)  Memory Usage: 3073kB
        ->  Seq Scan on title t  (cost=0.00..73925.90 rows=233760 width=4) (actual time=50.786..984.111 rows=353075 loops=1)
              Filter: ((production_year < 1997) AND (kind_id = 1))
              Rows Removed by Filter: 2175237
Planning time: 4.283 ms
Execution time: 6613.421 ms
