Seq Scan on cast_info ci  (cost=0.00..796071.18 rows=9785399 width=0) (actual time=6531.965..13292.892 rows=6701561 loops=1)
  Filter: ((person_id > 809208) AND (role_id < 2))
  Rows Removed by Filter: 29542783
Planning time: 0.323 ms
Execution time: 14098.086 ms
