Hash Join  (cost=101498.91..467005.42 rows=85060 width=0) (actual time=1733.350..8779.601 rows=153627 loops=1)
  Hash Cond: (mi.movie_id = t.id)
  ->  Seq Scan on movie_info mi  (cost=0.00..309384.22 rows=14739122 width=4) (actual time=0.009..3878.050 rows=14835720 loops=1)
  ->  Hash  (cost=101316.51..101316.51 rows=14592 width=8) (actual time=1732.318..1732.318 rows=16437 loops=1)
        Buckets: 32768 (originally 16384)  Batches: 1 (originally 1)  Memory Usage: 899kB
        ->  Hash Join  (cost=74260.10..101316.51 rows=14592 width=8) (actual time=1131.837..1726.164 rows=16437 loops=1)
              Hash Cond: (mi_idx.movie_id = t.id)
              ->  Seq Scan on movie_info_idx mi_idx  (cost=0.00..21735.35 rows=1380035 width=4) (actual time=0.009..262.851 rows=1380035 loops=1)
              ->  Hash  (cost=73925.90..73925.90 rows=26736 width=4) (actual time=1130.737..1130.737 rows=30647 loops=1)
                    Buckets: 32768  Batches: 1  Memory Usage: 1334kB
                    ->  Seq Scan on title t  (cost=0.00..73925.90 rows=26736 width=4) (actual time=0.054..1117.451 rows=30647 loops=1)
                          Filter: ((kind_id > 1) AND (production_year = 1996))
                          Rows Removed by Filter: 2497665
Planning time: 1.106 ms
Execution time: 8801.617 ms
