Hash Join  (cost=869849.39..1042681.04 rows=922922 width=0) (actual time=19404.862..23461.648 rows=3154303 loops=1)
  Hash Cond: (mk.movie_id = t.id)
  ->  Seq Scan on movie_keyword mk  (cost=0.00..69693.30 rows=4523930 width=4) (actual time=0.018..1272.678 rows=4523930 loops=1)
  ->  Hash  (cost=861385.36..861385.36 rows=515842 width=8) (actual time=19394.340..19394.340 rows=474016 loops=1)
        Buckets: 131072  Batches: 8  Memory Usage: 3347kB
        ->  Hash Join  (cost=74730.49..861385.36 rows=515842 width=8) (actual time=1713.338..18663.558 rows=474016 loops=1)
              Hash Cond: (ci.movie_id = t.id)
              ->  Seq Scan on cast_info ci  (cost=0.00..705507.15 rows=20263814 width=4) (actual time=653.418..11358.584 rows=20381751 loops=1)
                    Filter: (person_id > 1567810)
                    Rows Removed by Filter: 15862593
              ->  Hash  (cost=73925.90..73925.90 rows=64367 width=4) (actual time=1059.560..1059.560 rows=53905 loops=1)
                    Buckets: 65536  Batches: 1  Memory Usage: 2408kB
                    ->  Seq Scan on title t  (cost=0.00..73925.90 rows=64367 width=4) (actual time=0.030..1038.453 rows=53905 loops=1)
                          Filter: ((kind_id < 7) AND (production_year = 2012))
                          Rows Removed by Filter: 2474407
Planning time: 0.738 ms
Execution time: 23851.789 ms
