Hash Join  (cost=231763.98..321403.76 rows=1058326 width=0) (actual time=4547.205..6994.869 rows=603164 loops=1)
  Hash Cond: (mc.movie_id = t.id)
  ->  Seq Scan on movie_companies mc  (cost=0.00..44881.29 rows=2609129 width=4) (actual time=0.018..790.860 rows=2609129 loops=1)
  ->  Hash  (cost=214936.58..214936.58 rows=1025632 width=8) (actual time=4545.880..4545.880 rows=245816 loops=1)
        Buckets: 131072  Batches: 16  Memory Usage: 1621kB
        ->  Hash Join  (cost=96527.63..214936.58 rows=1025632 width=8) (actual time=2455.158..4468.074 rows=245816 loops=1)
              Hash Cond: (mk.movie_id = t.id)
              ->  Seq Scan on movie_keyword mk  (cost=0.00..81003.12 rows=1882534 width=4) (actual time=0.015..1486.165 rows=1894831 loops=1)
                    Filter: (keyword_id < 3244)
                    Rows Removed by Filter: 2629099
              ->  Hash  (cost=73925.90..73925.90 rows=1377578 width=4) (actual time=1757.411..1757.411 rows=1455833 loops=1)
                    Buckets: 131072  Batches: 32  Memory Usage: 2632kB
                    ->  Seq Scan on title t  (cost=0.00..73925.90 rows=1377578 width=4) (actual time=0.026..1283.717 rows=1455833 loops=1)
                          Filter: ((production_year > 1955) AND (kind_id = 7))
                          Rows Removed by Filter: 1072479
Planning time: 0.773 ms
Execution time: 7071.476 ms
