Hash Join  (cost=84618.84..630360.36 rows=3590441 width=0) (actual time=1280.224..18217.845 rows=7693930 loops=1)
  Hash Cond: (mi.movie_id = t.id)
  ->  Seq Scan on movie_info mi  (cost=0.00..346232.03 rows=13929354 width=4) (actual time=0.317..6904.396 rows=14033580 loops=1)
        Filter: (info_type_id > 1)
        Rows Removed by Filter: 802140
  ->  Hash  (cost=73925.90..73925.90 rows=651755 width=4) (actual time=1278.926..1278.926 rows=711179 loops=1)
        Buckets: 131072  Batches: 16  Memory Usage: 2599kB
        ->  Seq Scan on title t  (cost=0.00..73925.90 rows=651755 width=4) (actual time=0.013..1069.120 rows=711179 loops=1)
              Filter: ((kind_id < 7) AND (production_year < 2008))
              Rows Removed by Filter: 1817133
Planning time: 3.017 ms
Execution time: 19152.453 ms
