Hash Join  (cost=200237.39..1316986.63 rows=8074413 width=0) (actual time=4020.463..49885.579 rows=60868107 loops=1)
  Hash Cond: (ci.movie_id = t.id)
  ->  Seq Scan on cast_info ci  (cost=0.00..614943.12 rows=36225612 width=4) (actual time=0.020..11763.271 rows=36244344 loops=1)
  ->  Hash  (cost=190990.53..190990.53 rows=563589 width=8) (actual time=4019.418..4019.418 rows=1273972 loops=1)
        Buckets: 131072 (originally 131072)  Batches: 32 (originally 8)  Memory Usage: 3073kB
        ->  Hash Join  (cost=83810.17..190990.53 rows=563589 width=8) (actual time=1359.335..3774.548 rows=1273972 loops=1)
              Hash Cond: (mk.movie_id = t.id)
              ->  Seq Scan on movie_keyword mk  (cost=0.00..81003.12 rows=1442758 width=4) (actual time=0.039..1457.194 rows=1459778 loops=1)
                    Filter: (keyword_id < 2069)
                    Rows Removed by Filter: 3064152
              ->  Hash  (cost=67604.59..67604.59 rows=987727 width=4) (actual time=1358.263..1358.263 rows=985048 loops=1)
                    Buckets: 131072  Batches: 16  Memory Usage: 3197kB
                    ->  Seq Scan on title t  (cost=0.00..67604.59 rows=987727 width=4) (actual time=0.017..1038.784 rows=985048 loops=1)
                          Filter: (kind_id < 7)
                          Rows Removed by Filter: 1543264
Planning time: 4.390 ms
Execution time: 56380.868 ms
