Seq Scan on movie_keyword mk  (cost=0.00..81003.12 rows=1693097 width=0) (actual time=0.017..1150.564 rows=1704903 loops=1)
  Filter: (keyword_id > 8444)
  Rows Removed by Filter: 2819027
Planning time: 0.280 ms
Execution time: 1350.832 ms
