Seq Scan on cast_info ci  (cost=0.00..705507.15 rows=5012960 width=0) (actual time=3121.215..10227.207 rows=5060656 loops=1)
  Filter: (person_id > 3162944)
  Rows Removed by Filter: 31183688
Planning time: 0.316 ms
Execution time: 10880.522 ms
