Nested Loop  (cost=0.43..709671.90 rows=500 width=0) (actual time=8992.959..9847.232 rows=105 loops=1)
  ->  Seq Scan on cast_info ci  (cost=0.00..705507.15 rows=500 width=4) (actual time=8992.782..9846.160 rows=105 loops=1)
        Filter: (person_id = 2163397)
        Rows Removed by Filter: 36244239
  ->  Index Only Scan using title_pkey on title t  (cost=0.43..8.32 rows=1 width=4) (actual time=0.009..0.009 rows=1 loops=105)
        Index Cond: (id = ci.movie_id)
        Heap Fetches: 105
Planning time: 0.702 ms
Execution time: 9847.322 ms
