Seq Scan on cast_info ci  (cost=0.00..796071.18 rows=10938036 width=0) (actual time=6782.407..16151.939 rows=12670688 loops=1)
  Filter: ((person_id < 3151736) AND (role_id = 1))
  Rows Removed by Filter: 23573656
Planning time: 0.402 ms
Execution time: 17745.962 ms
