Hash Join  (cost=123688.00..524401.30 rows=225617 width=0) (actual time=2219.371..10819.493 rows=1092644 loops=1)
  Hash Cond: (mi.movie_id = t.id)
  ->  Seq Scan on movie_info mi  (cost=0.00..346232.03 rows=13926693 width=4) (actual time=0.023..5622.382 rows=13963496 loops=1)
        Filter: (info_type_id < 98)
        Rows Removed by Filter: 872224
  ->  Hash  (cost=123175.97..123175.97 rows=40963 width=8) (actual time=2217.820..2217.820 rows=32641 loops=1)
        Buckets: 65536  Batches: 1  Memory Usage: 1788kB
        ->  Hash Join  (cost=68100.81..123175.97 rows=40963 width=8) (actual time=954.952..2205.285 rows=32641 loops=1)
              Hash Cond: (mc.movie_id = t.id)
              ->  Seq Scan on movie_companies mc  (cost=0.00..44881.29 rows=2609129 width=4) (actual time=0.024..596.493 rows=2609129 loops=1)
              ->  Hash  (cost=67604.59..67604.59 rows=39698 width=4) (actual time=954.578..954.578 rows=36437 loops=1)
                    Buckets: 65536  Batches: 1  Memory Usage: 1793kB
                    ->  Seq Scan on title t  (cost=0.00..67604.59 rows=39698 width=4) (actual time=0.045..938.609 rows=36437 loops=1)
                          Filter: (production_year = 1995)
                          Rows Removed by Filter: 2491875
Planning time: 3.870 ms
Execution time: 10961.540 ms
