Hash Join  (cost=130449.24..217158.77 rows=5149 width=0) (actual time=2340.411..4027.118 rows=5903 loops=1)
  Hash Cond: (mk.movie_id = t.id)
  ->  Seq Scan on movie_keyword mk  (cost=0.00..69693.30 rows=4523930 width=4) (actual time=0.039..853.393 rows=4523930 loops=1)
  ->  Hash  (cost=130413.27..130413.27 rows=2878 width=8) (actual time=2332.373..2332.373 rows=5352 loops=1)
        Buckets: 8192 (originally 4096)  Batches: 1 (originally 1)  Memory Usage: 274kB
        ->  Hash Join  (cost=73994.33..130413.27 rows=2878 width=8) (actual time=1166.064..2330.037 rows=5352 loops=1)
              Hash Cond: (mc.movie_id = t.id)
              ->  Seq Scan on movie_companies mc  (cost=0.00..51404.11 rows=1329612 width=4) (actual time=0.012..925.981 rows=1334883 loops=1)
                    Filter: (company_type_id > 1)
                    Rows Removed by Filter: 1274246
              ->  Hash  (cost=73925.90..73925.90 rows=5474 width=4) (actual time=1162.810..1162.810 rows=10394 loops=1)
                    Buckets: 16384 (originally 8192)  Batches: 1 (originally 1)  Memory Usage: 494kB
                    ->  Seq Scan on title t  (cost=0.00..73925.90 rows=5474 width=4) (actual time=0.071..1157.747 rows=10394 loops=1)
                          Filter: ((kind_id > 1) AND (production_year = 1970))
                          Rows Removed by Filter: 2517918
Planning time: 1.181 ms
Execution time: 4028.245 ms
