Hash Join  (cost=83072.91..447728.90 rows=2 width=0) (actual time=1166.350..7392.785 rows=1303 loops=1)
  Hash Cond: (mi.movie_id = t.id)
  ->  Seq Scan on movie_info mi  (cost=0.00..309384.22 rows=14739122 width=4) (actual time=0.011..3584.934 rows=14835720 loops=1)
  ->  Hash  (cost=83072.90..83072.90 rows=1 width=8) (actual time=1118.838..1118.838 rows=9 loops=1)
        Buckets: 1024  Batches: 1  Memory Usage: 9kB
        ->  Nested Loop  (cost=0.43..83072.90 rows=1 width=8) (actual time=73.507..1118.815 rows=9 loops=1)
              ->  Seq Scan on movie_keyword mk  (cost=0.00..81003.12 rows=246 width=4) (actual time=0.744..1077.702 rows=1558 loops=1)
                    Filter: (keyword_id = 733)
                    Rows Removed by Filter: 4522372
              ->  Index Scan using title_pkey on title t  (cost=0.43..8.40 rows=1 width=4) (actual time=0.026..0.026 rows=0 loops=1558)
                    Index Cond: (id = mk.movie_id)
                    Filter: ((kind_id < 7) AND (production_year = 1975))
                    Rows Removed by Filter: 1
Planning time: 1.141 ms
Execution time: 7393.202 ms
