Hash Join  (cost=83072.91..139463.08 rows=1 width=0) (actual time=1526.217..2112.856 rows=15 loops=1)
  Hash Cond: (mc.movie_id = t.id)
  ->  Seq Scan on movie_companies mc  (cost=0.00..51404.11 rows=1329612 width=4) (actual time=168.947..878.354 rows=1334883 loops=1)
        Filter: (company_type_id = 2)
        Rows Removed by Filter: 1274246
  ->  Hash  (cost=83072.90..83072.90 rows=1 width=8) (actual time=1048.841..1048.841 rows=6 loops=1)
        Buckets: 1024  Batches: 1  Memory Usage: 9kB
        ->  Nested Loop  (cost=0.43..83072.90 rows=1 width=8) (actual time=141.367..1048.825 rows=6 loops=1)
              ->  Seq Scan on movie_keyword mk  (cost=0.00..81003.12 rows=246 width=4) (actual time=12.293..1035.211 rows=384 loops=1)
                    Filter: (keyword_id = 184)
                    Rows Removed by Filter: 4523546
              ->  Index Scan using title_pkey on title t  (cost=0.43..8.40 rows=1 width=4) (actual time=0.034..0.034 rows=0 loops=384)
                    Index Cond: (id = mk.movie_id)
                    Filter: ((kind_id = 1) AND (production_year = 1989))
                    Rows Removed by Filter: 1
Planning time: 1.360 ms
Execution time: 2112.986 ms
