Hash Join  (cost=102767.86..1064438.13 rows=6471452 width=0) (actual time=8212.999..22168.100 rows=7892021 loops=1)
  Hash Cond: (ci.movie_id = t.id)
  ->  Seq Scan on cast_info ci  (cost=0.00..796071.18 rows=6471452 width=4) (actual time=6225.387..13496.131 rows=7892021 loops=1)
        Filter: ((person_id > 1117545) AND (role_id > 4))
        Rows Removed by Filter: 28352323
  ->  Hash  (cost=61283.27..61283.27 rows=2528527 width=4) (actual time=1986.536..1986.536 rows=2528312 loops=1)
        Buckets: 131072  Batches: 64  Memory Usage: 2415kB
        ->  Seq Scan on title t  (cost=0.00..61283.27 rows=2528527 width=4) (actual time=0.009..1039.832 rows=2528312 loops=1)
Planning time: 0.704 ms
Execution time: 23108.178 ms
