Hash Join  (cost=155010.90..905802.07 rows=199 width=0) (actual time=2105.562..14963.041 rows=2003 loops=1)
  Hash Cond: (ci.movie_id = t.id)
  ->  Seq Scan on cast_info ci  (cost=0.00..614943.12 rows=36225612 width=4) (actual time=0.012..6499.583 rows=36244344 loops=1)
  ->  Hash  (cost=155010.72..155010.72 rows=14 width=8) (actual time=2105.196..2105.196 rows=136 loops=1)
        Buckets: 1024  Batches: 1  Memory Usage: 14kB
        ->  Hash Join  (cost=73962.22..155010.72 rows=14 width=8) (actual time=890.146..2105.025 rows=136 loops=1)
              Hash Cond: (mk.movie_id = t.id)
              ->  Seq Scan on movie_keyword mk  (cost=0.00..81003.12 rows=12064 width=4) (actual time=0.027..1210.027 rows=13753 loops=1)
                    Filter: (keyword_id = 121)
                    Rows Removed by Filter: 4510177
              ->  Hash  (cost=73925.90..73925.90 rows=2905 width=4) (actual time=889.515..889.515 rows=3627 loops=1)
                    Buckets: 4096  Batches: 1  Memory Usage: 160kB
                    ->  Seq Scan on title t  (cost=0.00..73925.90 rows=2905 width=4) (actual time=455.238..887.674 rows=3627 loops=1)
                          Filter: ((kind_id < 7) AND (production_year = 1921))
                          Rows Removed by Filter: 2524685
Planning time: 1.177 ms
Execution time: 14964.056 ms
