Hash Join  (cost=102767.86..1263881.74 rows=14760043 width=0) (actual time=1792.591..29136.553 rows=16096307 loops=1)
  Hash Cond: (ci.movie_id = t.id)
  ->  Seq Scan on cast_info ci  (cost=0.00..796071.18 rows=14760043 width=4) (actual time=0.013..14595.551 rows=16096307 loops=1)
        Filter: ((person_id < 1663278) AND (role_id < 10))
        Rows Removed by Filter: 20148037
  ->  Hash  (cost=61283.27..61283.27 rows=2528527 width=4) (actual time=1790.388..1790.388 rows=2528312 loops=1)
        Buckets: 131072  Batches: 64  Memory Usage: 2415kB
        ->  Seq Scan on title t  (cost=0.00..61283.27 rows=2528527 width=4) (actual time=0.016..964.204 rows=2528312 loops=1)
Planning time: 0.698 ms
Execution time: 30813.814 ms
