Seq Scan on cast_info ci  (cost=0.00..705507.15 rows=17076089 width=0) (actual time=0.019..10469.750 rows=17205423 loops=1)
  Filter: (person_id > 1900953)
  Rows Removed by Filter: 19038921
Planning time: 0.307 ms
Execution time: 12543.262 ms
