Seq Scan on movie_keyword mk  (cost=0.00..81003.12 rows=2467003 width=0) (actual time=0.022..1352.552 rows=2457688 loops=1)
  Filter: (keyword_id > 3663)
  Rows Removed by Filter: 2066242
Planning time: 0.287 ms
Execution time: 1656.323 ms
