Seq Scan on cast_info ci  (cost=0.00..796071.18 rows=324 width=0) (actual time=6185.787..12599.213 rows=67 loops=1)
  Filter: ((role_id > 1) AND (person_id = 3688611))
  Rows Removed by Filter: 36244277
Planning time: 0.249 ms
Execution time: 12599.360 ms
