Seq Scan on movie_companies mc  (cost=0.00..51404.11 rows=1015639 width=0) (actual time=0.031..645.910 rows=1025712 loops=1)
  Filter: (company_id > 15793)
  Rows Removed by Filter: 1583417
Planning time: 0.313 ms
Execution time: 749.402 ms
