Nested Loop  (cost=0.43..52283.95 rows=56 width=0) (actual time=315.556..629.093 rows=846 loops=1)
  ->  Seq Scan on movie_companies mc  (cost=0.00..51404.11 rows=104 width=4) (actual time=315.495..613.705 rows=847 loops=1)
        Filter: (company_id = 71525)
        Rows Removed by Filter: 2608282
  ->  Index Scan using title_pkey on title t  (cost=0.43..8.45 rows=1 width=4) (actual time=0.017..0.017 rows=1 loops=847)
        Index Cond: (id = mc.movie_id)
        Filter: (production_year < 2005)
        Rows Removed by Filter: 0
Planning time: 0.712 ms
Execution time: 629.401 ms
