Hash Join  (cost=102767.86..201449.38 rows=1554179 width=0) (actual time=1757.238..4926.827 rows=1557249 loops=1)
  Hash Cond: (mc.movie_id = t.id)
  ->  Seq Scan on movie_companies mc  (cost=0.00..51404.11 rows=1554179 width=4) (actual time=0.012..862.459 rows=1557249 loops=1)
        Filter: (company_id > 6158)
        Rows Removed by Filter: 1051880
  ->  Hash  (cost=61283.27..61283.27 rows=2528527 width=4) (actual time=1756.040..1756.040 rows=2528312 loops=1)
        Buckets: 131072  Batches: 64  Memory Usage: 2415kB
        ->  Seq Scan on title t  (cost=0.00..61283.27 rows=2528527 width=4) (actual time=0.017..897.074 rows=2528312 loops=1)
Planning time: 0.688 ms
Execution time: 5110.517 ms
