Seq Scan on movie_keyword mk  (cost=0.00..81003.12 rows=2742574 width=0) (actual time=0.014..1432.829 rows=2737942 loops=1)
  Filter: (keyword_id < 7772)
  Rows Removed by Filter: 1785988
Planning time: 0.216 ms
Execution time: 1776.319 ms
