Hash Join  (cost=74664.04..442762.13 rows=344216 width=0) (actual time=1134.834..8498.623 rows=501158 loops=1)
  Hash Cond: (mi.movie_id = t.id)
  ->  Seq Scan on movie_info mi  (cost=0.00..309384.22 rows=14739122 width=4) (actual time=0.004..3362.428 rows=14835720 loops=1)
  ->  Hash  (cost=73925.90..73925.90 rows=59051 width=4) (actual time=1000.073..1000.073 rows=60945 loops=1)
        Buckets: 65536  Batches: 1  Memory Usage: 2655kB
        ->  Seq Scan on title t  (cost=0.00..73925.90 rows=59051 width=4) (actual time=0.034..975.078 rows=60945 loops=1)
              Filter: ((production_year > 1994) AND (kind_id = 2))
              Rows Removed by Filter: 2467367
Planning time: 0.718 ms
Execution time: 8564.952 ms
