Hash Join  (cost=143933.17..899820.46 rows=265742 width=0) (actual time=2549.537..17860.240 rows=217466 loops=1)
  Hash Cond: (ci.movie_id = t.id)
  ->  Seq Scan on cast_info ci  (cost=0.00..705507.15 rows=12726058 width=4) (actual time=0.024..12484.922 rows=12670688 loops=1)
        Filter: (role_id = 1)
        Rows Removed by Filter: 23573656
  ->  Hash  (cost=143273.17..143273.17 rows=52800 width=8) (actual time=2548.782..2548.782 rows=28304 loops=1)
        Buckets: 65536  Batches: 1  Memory Usage: 1618kB
        ->  Hash Join  (cost=75574.02..143273.17 rows=52800 width=8) (actual time=1586.509..2538.930 rows=28304 loops=1)
              Hash Cond: (mc.movie_id = t.id)
              ->  Seq Scan on movie_companies mc  (cost=0.00..51404.11 rows=1329612 width=4) (actual time=0.026..930.394 rows=1334883 loops=1)
                    Filter: (company_type_id > 1)
                    Rows Removed by Filter: 1274246
              ->  Hash  (cost=73925.90..73925.90 rows=100409 width=4) (actual time=1086.359..1086.359 rows=110402 loops=1)
                    Buckets: 131072  Batches: 2  Memory Usage: 2964kB
                    ->  Seq Scan on title t  (cost=0.00..73925.90 rows=100409 width=4) (actual time=0.018..1045.247 rows=110402 loops=1)
                          Filter: ((kind_id = 7) AND (production_year = 2012))
                          Rows Removed by Filter: 2417910
Planning time: 1.188 ms
Execution time: 17890.763 ms
