Seq Scan on cast_info ci  (cost=0.00..796071.18 rows=324 width=0) (actual time=1089.752..13325.823 rows=8 loops=1)
  Filter: ((role_id > 1) AND (person_id = 1438358))
  Rows Removed by Filter: 36244336
Planning time: 0.384 ms
Execution time: 13325.955 ms
