Hash Join  (cost=73982.55..128694.84 rows=4676 width=0) (actual time=1082.554..2170.362 rows=5809 loops=1)
  Hash Cond: (mc.movie_id = t.id)
  ->  Seq Scan on movie_companies mc  (cost=0.00..44881.29 rows=2609129 width=4) (actual time=0.022..553.139 rows=2609129 loops=1)
  ->  Hash  (cost=73925.90..73925.90 rows=4532 width=4) (actual time=1080.823..1080.823 rows=7822 loops=1)
        Buckets: 8192  Batches: 1  Memory Usage: 339kB
        ->  Seq Scan on title t  (cost=0.00..73925.90 rows=4532 width=4) (actual time=0.049..1076.839 rows=7822 loops=1)
              Filter: ((kind_id = 7) AND (production_year = 1974))
              Rows Removed by Filter: 2520490
Planning time: 0.742 ms
Execution time: 2171.272 ms
