Seq Scan on movie_companies mc  (cost=0.00..51404.11 rows=1192876 width=0) (actual time=0.026..949.432 rows=1186139 loops=1)
  Filter: (company_id < 10447)
  Rows Removed by Filter: 1422990
Planning time: 5.151 ms
Execution time: 1100.968 ms
