Hash Join  (cost=156632.57..1027485.27 rows=2242212 width=0) (actual time=5659.547..21824.096 rows=4649231 loops=1)
  Hash Cond: (ci.movie_id = t.id)
  ->  Seq Scan on cast_info ci  (cost=0.00..705507.15 rows=12203849 width=4) (actual time=2533.544..11344.755 rows=12289761 loops=1)
        Filter: (person_id > 2457745)
        Rows Removed by Filter: 23954583
  ->  Hash  (cost=149010.49..149010.49 rows=464566 width=8) (actual time=3125.129..3125.129 rows=459925 loops=1)
        Buckets: 131072  Batches: 8  Memory Usage: 3275kB
        ->  Hash Join  (cost=102767.86..149010.49 rows=464566 width=8) (actual time=1726.905..2981.943 rows=459925 loops=1)
              Hash Cond: (mi_idx.movie_id = t.id)
              ->  Seq Scan on movie_info_idx mi_idx  (cost=0.00..25185.44 rows=464566 width=4) (actual time=0.022..452.834 rows=459925 loops=1)
                    Filter: (info_type_id = 101)
                    Rows Removed by Filter: 920110
              ->  Hash  (cost=61283.27..61283.27 rows=2528527 width=4) (actual time=1725.991..1725.991 rows=2528312 loops=1)
                    Buckets: 131072  Batches: 64  Memory Usage: 2415kB
                    ->  Seq Scan on title t  (cost=0.00..61283.27 rows=2528527 width=4) (actual time=0.017..877.264 rows=2528312 loops=1)
Planning time: 1.191 ms
Execution time: 22380.446 ms
