Hash Join  (cost=505750.53..588482.19 rows=760465 width=0) (actual time=8730.046..12489.408 rows=8105608 loops=1)
  Hash Cond: (mc.movie_id = t.id)
  ->  Seq Scan on movie_companies mc  (cost=0.00..51404.11 rows=1660240 width=4) (actual time=0.023..859.417 rows=1661141 loops=1)
        Filter: (company_id > 3671)
        Rows Removed by Filter: 947988
  ->  Hash  (cost=486748.29..486748.29 rows=1158179 width=8) (actual time=8729.118..8729.118 rows=1204709 loops=1)
        Buckets: 131072  Batches: 16  Memory Usage: 3882kB
        ->  Hash Join  (cost=102767.86..486748.29 rows=1158179 width=8) (actual time=5168.206..8396.884 rows=1204709 loops=1)
              Hash Cond: (mi.movie_id = t.id)
              ->  Seq Scan on movie_info mi  (cost=0.00..346232.03 rows=1158179 width=4) (actual time=3197.564..4755.695 rows=1204709 loops=1)
                    Filter: (info_type_id > 18)
                    Rows Removed by Filter: 13631011
              ->  Hash  (cost=61283.27..61283.27 rows=2528527 width=4) (actual time=1968.226..1968.226 rows=2528312 loops=1)
                    Buckets: 131072  Batches: 64  Memory Usage: 2425kB
                    ->  Seq Scan on title t  (cost=0.00..61283.27 rows=2528527 width=4) (actual time=0.025..1118.892 rows=2528312 loops=1)
Planning time: 1.089 ms
Execution time: 13450.917 ms
