Hash Join  (cost=139597.14..248343.94 rows=399134 width=0) (actual time=3327.460..6595.299 rows=3830303 loops=1)
  Hash Cond: (mk.movie_id = t.id)
  ->  Seq Scan on movie_keyword mk  (cost=0.00..81003.12 rows=1872091 width=4) (actual time=0.019..1405.932 rows=1880718 loops=1)
        Filter: (keyword_id > 7281)
        Rows Removed by Filter: 2643212
  ->  Hash  (cost=130752.54..130752.54 rows=539088 width=8) (actual time=3317.745..3317.745 rows=954317 loops=1)
        Buckets: 131072 (originally 131072)  Batches: 16 (originally 8)  Memory Usage: 3370kB
        ->  Hash Join  (cost=83810.17..130752.54 rows=539088 width=8) (actual time=1470.971..3022.152 rows=954317 loops=1)
              Hash Cond: (mi_idx.movie_id = t.id)
              ->  Seq Scan on movie_info_idx mi_idx  (cost=0.00..21735.35 rows=1380035 width=4) (actual time=0.025..428.308 rows=1380035 loops=1)
              ->  Hash  (cost=67604.59..67604.59 rows=987727 width=4) (actual time=1469.644..1469.644 rows=985048 loops=1)
                    Buckets: 131072  Batches: 16  Memory Usage: 3188kB
                    ->  Seq Scan on title t  (cost=0.00..67604.59 rows=987727 width=4) (actual time=0.025..1171.206 rows=985048 loops=1)
                          Filter: (kind_id < 7)
                          Rows Removed by Filter: 1543264
Planning time: 4.312 ms
Execution time: 7045.206 ms
