Hash Join  (cost=102767.86..247837.09 rows=2251945 width=0) (actual time=1769.774..5764.425 rows=2251077 loops=1)
  Hash Cond: (mk.movie_id = t.id)
  ->  Seq Scan on movie_keyword mk  (cost=0.00..81003.12 rows=2251945 width=4) (actual time=0.036..1436.251 rows=2251077 loops=1)
        Filter: (keyword_id > 4783)
        Rows Removed by Filter: 2272853
  ->  Hash  (cost=61283.27..61283.27 rows=2528527 width=4) (actual time=1767.446..1767.446 rows=2528312 loops=1)
        Buckets: 131072  Batches: 64  Memory Usage: 2425kB
        ->  Seq Scan on title t  (cost=0.00..61283.27 rows=2528527 width=4) (actual time=0.022..937.681 rows=2528312 loops=1)
Planning time: 0.737 ms
Execution time: 6012.158 ms
