Hash Join  (cost=71408.55..426235.82 rows=56489 width=0) (actual time=2551.538..6420.729 rows=13868 loops=1)
  Hash Cond: (mi.movie_id = t.id)
  ->  Seq Scan on movie_info mi  (cost=0.00..346232.03 rows=616095 width=4) (actual time=1309.703..4979.397 rows=598457 loops=1)
        Filter: (info_type_id = 15)
        Rows Removed by Filter: 14237263
  ->  Hash  (cost=67604.59..67604.59 rows=231837 width=4) (actual time=1179.364..1179.364 rows=231649 loops=1)
        Buckets: 131072  Batches: 4  Memory Usage: 3082kB
        ->  Seq Scan on title t  (cost=0.00..67604.59 rows=231837 width=4) (actual time=0.046..1096.643 rows=231649 loops=1)
              Filter: (production_year > 2011)
              Rows Removed by Filter: 2296663
Planning time: 0.731 ms
Execution time: 6422.981 ms
