Nested Loop  (cost=0.43..83071.67 rows=246 width=0) (actual time=0.108..1262.716 rows=784 loops=1)
  ->  Seq Scan on movie_keyword mk  (cost=0.00..81003.12 rows=246 width=4) (actual time=0.043..1235.818 rows=784 loops=1)
        Filter: (keyword_id = 916)
        Rows Removed by Filter: 4523146
  ->  Index Only Scan using title_pkey on title t  (cost=0.43..8.40 rows=1 width=4) (actual time=0.032..0.033 rows=1 loops=784)
        Index Cond: (id = mk.movie_id)
        Heap Fetches: 784
Planning time: 3.324 ms
Execution time: 1263.104 ms
