Hash Join  (cost=151674.52..643652.19 rows=1140674 width=0) (actual time=3389.199..17836.686 rows=7023920 loops=1)
  Hash Cond: (mi.movie_id = t.id)
  ->  Seq Scan on movie_info mi  (cost=0.00..309384.22 rows=14739122 width=4) (actual time=0.011..5643.120 rows=14835720 loops=1)
  ->  Hash  (cost=148463.46..148463.46 rows=195685 width=8) (actual time=3387.975..3387.975 rows=386968 loops=1)
        Buckets: 131072 (originally 131072)  Batches: 8 (originally 4)  Memory Usage: 3073kB
        ->  Hash Join  (cost=70716.09..148463.46 rows=195685 width=8) (actual time=1113.083..3253.620 rows=386968 loops=1)
              Hash Cond: (mc.movie_id = t.id)
              ->  Seq Scan on movie_companies mc  (cost=0.00..44881.29 rows=2609129 width=4) (actual time=0.019..844.355 rows=2609129 loops=1)
              ->  Hash  (cost=67604.59..67604.59 rows=189640 width=4) (actual time=1112.291..1112.291 rows=187790 loops=1)
                    Buckets: 131072  Batches: 4  Memory Usage: 2673kB
                    ->  Seq Scan on title t  (cost=0.00..67604.59 rows=189640 width=4) (actual time=0.066..1048.241 rows=187790 loops=1)
                          Filter: (production_year < 1954)
                          Rows Removed by Filter: 2340522
Planning time: 1.680 ms
Execution time: 18700.610 ms
