Hash Join  (cost=74427.74..476474.53 rows=226722 width=0) (actual time=1094.160..9585.729 rows=138190 loops=1)
  Hash Cond: (mi.movie_id = t.id)
  ->  Seq Scan on movie_info mi  (cost=0.00..346232.03 rows=14279346 width=4) (actual time=0.012..5345.317 rows=14292353 loops=1)
        Filter: (info_type_id < 102)
        Rows Removed by Filter: 543367
  ->  Hash  (cost=73925.90..73925.90 rows=40147 width=4) (actual time=1093.376..1093.376 rows=47124 loops=1)
        Buckets: 65536  Batches: 1  Memory Usage: 2169kB
        ->  Seq Scan on title t  (cost=0.00..73925.90 rows=40147 width=4) (actual time=0.030..1073.650 rows=47124 loops=1)
              Filter: ((kind_id > 3) AND (production_year = 2002))
              Rows Removed by Filter: 2481188
Planning time: 0.703 ms
Execution time: 9605.628 ms
