Seq Scan on movie_keyword mk  (cost=0.00..81003.12 rows=1704076 width=0) (actual time=0.024..1252.563 rows=1712468 loops=1)
  Filter: (keyword_id > 8349)
  Rows Removed by Filter: 2811462
Planning time: 0.287 ms
Execution time: 1465.870 ms
