Hash Join  (cost=168666.78..301824.46 rows=1203926 width=0) (actual time=3708.289..7830.587 rows=4334902 loops=1)
  Hash Cond: (mk.movie_id = t.id)
  ->  Seq Scan on movie_keyword mk  (cost=0.00..81003.12 rows=3141946 width=4) (actual time=0.021..1613.973 rows=3126713 loops=1)
        Filter: (keyword_id > 1885)
        Rows Removed by Filter: 1397217
  ->  Hash  (cost=152770.82..152770.82 rows=968877 width=8) (actual time=3707.588..3707.588 rows=927541 loops=1)
        Buckets: 131072  Batches: 16  Memory Usage: 3306kB
        ->  Hash Join  (cost=96729.52..152770.82 rows=968877 width=8) (actual time=1861.529..3445.821 rows=927541 loops=1)
              Hash Cond: (mi_idx.movie_id = t.id)
              ->  Seq Scan on movie_info_idx mi_idx  (cost=0.00..21735.35 rows=1380035 width=4) (actual time=0.030..413.253 rows=1380035 loops=1)
              ->  Hash  (cost=67604.59..67604.59 rows=1775195 width=4) (actual time=1860.314..1860.314 rows=1772072 loops=1)
                    Buckets: 131072  Batches: 32  Memory Usage: 2976kB
                    ->  Seq Scan on title t  (cost=0.00..67604.59 rows=1775195 width=4) (actual time=0.021..1278.871 rows=1772072 loops=1)
                          Filter: (production_year > 1989)
                          Rows Removed by Filter: 756240
Planning time: 1.132 ms
Execution time: 8349.596 ms
