Seq Scan on movie_companies mc  (cost=0.00..57926.93 rows=1663 width=0) (actual time=166.038..824.394 rows=3417 loops=1)
  Filter: ((company_type_id < 2) AND (company_id = 483))
  Rows Removed by Filter: 2605712
Planning time: 0.383 ms
Execution time: 825.132 ms
