Hash Join  (cost=102767.86..1061164.52 rows=6335476 width=0) (actual time=1733.299..16291.666 rows=2693764 loops=1)
  Hash Cond: (ci.movie_id = t.id)
  ->  Seq Scan on cast_info ci  (cost=0.00..796071.18 rows=6335476 width=4) (actual time=83.338..10960.241 rows=2693764 loops=1)
        Filter: ((person_id < 941896) AND (role_id > 1))
        Rows Removed by Filter: 33550580
  ->  Hash  (cost=61283.27..61283.27 rows=2528527 width=4) (actual time=1648.473..1648.473 rows=2528312 loops=1)
        Buckets: 131072  Batches: 64  Memory Usage: 2415kB
        ->  Seq Scan on title t  (cost=0.00..61283.27 rows=2528527 width=4) (actual time=0.031..820.651 rows=2528312 loops=1)
Planning time: 0.688 ms
Execution time: 16598.384 ms
