Hash Join  (cost=68438.72..155418.29 rows=39295 width=0) (actual time=1061.504..2656.934 rows=15606 loops=1)
  Hash Cond: (mk.movie_id = t.id)
  ->  Seq Scan on movie_keyword mk  (cost=0.00..81003.12 rows=1488930 width=4) (actual time=0.023..1326.167 rows=1504229 loops=1)
        Filter: (keyword_id > 10771)
        Rows Removed by Filter: 3019701
  ->  Hash  (cost=67604.59..67604.59 rows=66731 width=4) (actual time=1058.819..1058.819 rows=67342 loops=1)
        Buckets: 131072  Batches: 1  Memory Usage: 3392kB
        ->  Seq Scan on title t  (cost=0.00..67604.59 rows=66731 width=4) (actual time=0.021..1031.275 rows=67342 loops=1)
              Filter: (production_year > 2012)
              Rows Removed by Filter: 2460970
Planning time: 0.945 ms
Execution time: 2659.533 ms
