Hash Join  (cost=67697.55..127268.26 rows=1279 width=0) (actual time=1105.056..1899.427 rows=355 loops=1)
  Hash Cond: (mc.movie_id = t.id)
  ->  Seq Scan on movie_companies mc  (cost=0.00..57926.93 rows=434930 width=4) (actual time=38.410..805.212 rows=116920 loops=1)
        Filter: ((company_id > 21845) AND (company_type_id = 1))
        Rows Removed by Filter: 2492209
  ->  Hash  (cost=67604.59..67604.59 rows=7437 width=4) (actual time=1064.407..1064.407 rows=11121 loops=1)
        Buckets: 16384 (originally 8192)  Batches: 1 (originally 1)  Memory Usage: 519kB
        ->  Seq Scan on title t  (cost=0.00..67604.59 rows=7437 width=4) (actual time=0.239..1058.860 rows=11121 loops=1)
              Filter: (production_year = 1960)
              Rows Removed by Filter: 2517191
Planning time: 0.615 ms
Execution time: 1899.737 ms
