Hash Join  (cost=67605.54..818405.59 rows=1089 width=0) (actual time=1212.842..15734.687 rows=229 loops=1)
  Hash Cond: (ci.movie_id = t.id)
  ->  Seq Scan on cast_info ci  (cost=0.00..614943.12 rows=36225612 width=4) (actual time=0.014..8021.337 rows=36244344 loops=1)
  ->  Hash  (cost=67604.59..67604.59 rows=76 width=4) (actual time=946.985..946.985 rows=37 loops=1)
        Buckets: 1024  Batches: 1  Memory Usage: 10kB
        ->  Seq Scan on title t  (cost=0.00..67604.59 rows=76 width=4) (actual time=14.964..946.920 rows=37 loops=1)
              Filter: (production_year > 2015)
              Rows Removed by Filter: 2528275
Planning time: 0.754 ms
Execution time: 15734.981 ms
