Hash Join  (cost=206891.42..348455.57 rows=1605612 width=0) (actual time=5255.956..15177.297 rows=25660427 loops=1)
  Hash Cond: (mk.movie_id = t.id)
  ->  Seq Scan on movie_keyword mk  (cost=0.00..69693.30 rows=4523930 width=4) (actual time=0.525..1415.359 rows=4523930 loops=1)
  ->  Hash  (cost=192167.75..192167.75 rows=897413 width=8) (actual time=5254.197..5254.197 rows=1207773 loops=1)
        Buckets: 131072  Batches: 16  Memory Usage: 4023kB
        ->  Hash Join  (cost=102767.86..192167.75 rows=897413 width=8) (actual time=2405.695..4872.917 rows=1207773 loops=1)
              Hash Cond: (mc.movie_id = t.id)
              ->  Seq Scan on movie_companies mc  (cost=0.00..57926.93 rows=897413 width=4) (actual time=0.038..1016.997 rows=1207773 loops=1)
                    Filter: ((company_id < 32079) AND (company_type_id = 1))
                    Rows Removed by Filter: 1401356
              ->  Hash  (cost=61283.27..61283.27 rows=2528527 width=4) (actual time=2404.055..2404.055 rows=2528312 loops=1)
                    Buckets: 131072  Batches: 64  Memory Usage: 2415kB
                    ->  Seq Scan on title t  (cost=0.00..61283.27 rows=2528527 width=4) (actual time=0.021..987.259 rows=2528312 loops=1)
Planning time: 1.139 ms
Execution time: 18117.552 ms
