Seq Scan on movie_companies mc  (cost=0.00..57926.93 rows=993448 width=0) (actual time=76.077..1017.509 rows=855159 loops=1)
  Filter: ((company_id > 643) AND (company_type_id = 1))
  Rows Removed by Filter: 1753970
Planning time: 0.372 ms
Execution time: 1125.486 ms
