Hash Join  (cost=162223.15..248586.86 rows=820719 width=0) (actual time=3446.808..6487.598 rows=1507554 loops=1)
  Hash Cond: (mc.movie_id = t.id)
  ->  Seq Scan on movie_companies mc  (cost=0.00..44881.29 rows=2609129 width=4) (actual time=0.015..814.392 rows=2609129 loops=1)
  ->  Hash  (cost=149174.09..149174.09 rows=795365 width=8) (actual time=3445.840..3445.840 rows=657732 loops=1)
        Buckets: 131072  Batches: 16  Memory Usage: 2649kB
        ->  Hash Join  (cost=97834.96..149174.09 rows=795365 width=8) (actual time=1839.034..3272.811 rows=657732 loops=1)
              Hash Cond: (mi_idx.movie_id = t.id)
              ->  Seq Scan on movie_info_idx mi_idx  (cost=0.00..21735.35 rows=1380035 width=4) (actual time=0.021..378.527 rows=1380035 loops=1)
              ->  Hash  (cost=73925.90..73925.90 rows=1457284 width=4) (actual time=1837.390..1837.390 rows=1581379 loops=1)
                    Buckets: 131072  Batches: 32  Memory Usage: 2772kB
                    ->  Seq Scan on title t  (cost=0.00..73925.90 rows=1457284 width=4) (actual time=0.018..1318.664 rows=1581379 loops=1)
                          Filter: ((kind_id > 1) AND (production_year > 1977))
                          Rows Removed by Filter: 946933
Planning time: 1.324 ms
Execution time: 6663.834 ms
