Hash Join  (cost=433765.75..1239689.83 rows=598 width=0) (actual time=7389.272..18629.836 rows=6 loops=1)
  Hash Cond: (ci.movie_id = t.id)
  ->  Seq Scan on cast_info ci  (cost=0.00..796071.18 rows=2625845 width=4) (actual time=0.013..11365.519 rows=5338690 loops=1)
        Filter: ((person_id < 716409) AND (role_id = 1))
        Rows Removed by Filter: 30905654
  ->  Hash  (cost=433758.55..433758.55 rows=576 width=8) (actual time=6520.920..6520.920 rows=6 loops=1)
        Buckets: 1024  Batches: 1  Memory Usage: 9kB
        ->  Hash Join  (cost=73930.93..433758.55 rows=576 width=8) (actual time=1443.339..6520.832 rows=6 loops=1)
              Hash Cond: (mi.movie_id = t.id)
              ->  Seq Scan on movie_info mi  (cost=0.00..346232.03 rows=3623957 width=4) (actual time=389.756..5057.015 rows=3624977 loops=1)
                    Filter: (info_type_id < 4)
                    Rows Removed by Filter: 11210743
              ->  Hash  (cost=73925.90..73925.90 rows=402 width=4) (actual time=957.059..957.059 rows=137 loops=1)
                    Buckets: 1024  Batches: 1  Memory Usage: 13kB
                    ->  Seq Scan on title t  (cost=0.00..73925.90 rows=402 width=4) (actual time=1.689..956.925 rows=137 loops=1)
                          Filter: ((production_year > 2013) AND (kind_id = 7))
                          Rows Removed by Filter: 2528175
Planning time: 1.190 ms
Execution time: 18629.949 ms
