Hash Join  (cost=100930.24..465634.72 rows=4858 width=0) (actual time=1904.722..8422.324 rows=10280 loops=1)
  Hash Cond: (mi.movie_id = t.id)
  ->  Seq Scan on movie_info mi  (cost=0.00..309384.22 rows=14739122 width=4) (actual time=0.018..3936.656 rows=14835720 loops=1)
  ->  Hash  (cost=100919.82..100919.82 rows=833 width=8) (actual time=1545.143..1545.143 rows=888 loops=1)
        Buckets: 1024  Batches: 1  Memory Usage: 43kB
        ->  Hash Join  (cost=73982.55..100919.82 rows=833 width=8) (actual time=1256.815..1544.693 rows=888 loops=1)
              Hash Cond: (mi_idx.movie_id = t.id)
              ->  Seq Scan on movie_info_idx mi_idx  (cost=0.00..25185.44 rows=464934 width=4) (actual time=0.024..411.270 rows=460185 loops=1)
                    Filter: (info_type_id > 100)
                    Rows Removed by Filter: 919850
              ->  Hash  (cost=73925.90..73925.90 rows=4532 width=4) (actual time=1040.453..1040.453 rows=6560 loops=1)
                    Buckets: 8192  Batches: 1  Memory Usage: 295kB
                    ->  Seq Scan on title t  (cost=0.00..73925.90 rows=4532 width=4) (actual time=0.093..1037.150 rows=6560 loops=1)
                          Filter: ((kind_id = 7) AND (production_year = 1963))
                          Rows Removed by Filter: 2521752
Planning time: 3.601 ms
Execution time: 8424.036 ms
