Hash Join  (cost=95159.82..166371.30 rows=229557 width=0) (actual time=1848.761..2953.791 rows=25480 loops=1)
  Hash Cond: (mc.movie_id = t.id)
  ->  Seq Scan on movie_companies mc  (cost=0.00..57926.93 rows=345595 width=4) (actual time=49.367..846.039 rows=36982 loops=1)
        Filter: ((company_id > 43941) AND (company_type_id = 1))
        Rows Removed by Filter: 2572147
  ->  Hash  (cost=67604.59..67604.59 rows=1679539 width=4) (actual time=1797.639..1797.639 rows=1673541 loops=1)
        Buckets: 131072  Batches: 32  Memory Usage: 2866kB
        ->  Seq Scan on title t  (cost=0.00..67604.59 rows=1679539 width=4) (actual time=0.026..1251.865 rows=1673541 loops=1)
              Filter: (production_year > 1993)
              Rows Removed by Filter: 854771
Planning time: 0.744 ms
Execution time: 2957.097 ms
