Nested Loop  (cost=0.43..83072.29 rows=65 width=0) (actual time=64.707..1040.355 rows=60 loops=1)
  ->  Seq Scan on movie_keyword mk  (cost=0.00..81003.12 rows=246 width=4) (actual time=64.609..1034.833 rows=68 loops=1)
        Filter: (keyword_id = 3257)
        Rows Removed by Filter: 4523862
  ->  Index Scan using title_pkey on title t  (cost=0.43..8.40 rows=1 width=4) (actual time=0.076..0.077 rows=1 loops=68)
        Index Cond: (id = mk.movie_id)
        Filter: (kind_id = 1)
        Rows Removed by Filter: 0
Planning time: 2.692 ms
Execution time: 1040.529 ms
