Hash Join  (cost=513038.35..1412070.06 rows=3068917 width=0) (actual time=8289.309..28384.548 rows=8935749 loops=1)
  Hash Cond: (ci.movie_id = t.id)
  ->  Seq Scan on cast_info ci  (cost=0.00..796071.18 rows=5798229 width=4) (actual time=0.022..12968.753 rows=10510936 loops=1)
        Filter: ((person_id > 2366859) AND (role_id > 2))
        Rows Removed by Filter: 25733408
  ->  Hash  (cost=491081.45..491081.45 rows=1338312 width=8) (actual time=8287.300..8287.300 rows=1401902 loops=1)
        Buckets: 131072  Batches: 32  Memory Usage: 2687kB
        ->  Hash Join  (cost=102767.86..491081.45 rows=1338312 width=8) (actual time=3568.892..7937.735 rows=1401902 loops=1)
              Hash Cond: (mi.movie_id = t.id)
              ->  Seq Scan on movie_info mi  (cost=0.00..346232.03 rows=1338312 width=4) (actual time=1820.468..4815.983 rows=1401902 loops=1)
                    Filter: (info_type_id = 7)
                    Rows Removed by Filter: 13433818
              ->  Hash  (cost=61283.27..61283.27 rows=2528527 width=4) (actual time=1746.686..1746.686 rows=2528312 loops=1)
                    Buckets: 131072  Batches: 64  Memory Usage: 2425kB
                    ->  Seq Scan on title t  (cost=0.00..61283.27 rows=2528527 width=4) (actual time=0.019..869.044 rows=2528312 loops=1)
Planning time: 1.106 ms
Execution time: 29325.332 ms
