Seq Scan on movie_companies mc  (cost=0.00..57926.93 rows=868140 width=0) (actual time=0.030..882.428 rows=1071179 loops=1)
  Filter: ((company_id > 2930) AND (company_type_id > 1))
  Rows Removed by Filter: 1537950
Planning time: 0.355 ms
Execution time: 1004.973 ms
