Seq Scan on cast_info ci  (cost=0.00..796071.18 rows=324 width=0) (actual time=3547.025..13328.143 rows=37 loops=1)
  Filter: ((role_id > 1) AND (person_id = 3529329))
  Rows Removed by Filter: 36244307
Planning time: 0.365 ms
Execution time: 13328.279 ms
