Seq Scan on cast_info ci  (cost=0.00..705507.15 rows=500 width=0) (actual time=6009.128..9608.793 rows=13 loops=1)
  Filter: (person_id = 3099050)
  Rows Removed by Filter: 36244331
Planning time: 0.331 ms
Execution time: 9608.882 ms
