Hash Join  (cost=83073.01..447729.46 rows=50 width=0) (actual time=1706.779..7753.565 rows=6336 loops=1)
  Hash Cond: (mi.movie_id = t.id)
  ->  Seq Scan on movie_info mi  (cost=0.00..309384.22 rows=14739122 width=4) (actual time=0.025..3854.351 rows=14835720 loops=1)
  ->  Hash  (cost=83072.90..83072.90 rows=9 width=8) (actual time=1339.493..1339.493 rows=197 loops=1)
        Buckets: 1024  Batches: 1  Memory Usage: 16kB
        ->  Nested Loop  (cost=0.43..83072.90 rows=9 width=8) (actual time=1.230..1339.296 rows=197 loops=1)
              ->  Seq Scan on movie_keyword mk  (cost=0.00..81003.12 rows=246 width=4) (actual time=0.451..1273.695 rows=2373 loops=1)
                    Filter: (keyword_id = 7633)
                    Rows Removed by Filter: 4521557
              ->  Index Scan using title_pkey on title t  (cost=0.43..8.40 rows=1 width=4) (actual time=0.027..0.027 rows=0 loops=2373)
                    Index Cond: (id = mk.movie_id)
                    Filter: ((production_year > 1980) AND (kind_id = 4))
                    Rows Removed by Filter: 1
Planning time: 1.229 ms
Execution time: 7754.994 ms
