Seq Scan on movie_companies mc  (cost=0.00..57926.93 rows=53 width=0) (actual time=103.270..672.072 rows=124 loops=1)
  Filter: ((company_id = 143) AND (company_type_id = 2))
  Rows Removed by Filter: 2609005
Planning time: 0.349 ms
Execution time: 672.186 ms
