Hash Join  (cost=208755.87..752374.86 rows=4725836 width=0) (actual time=4245.883..25317.875 rows=33840649 loops=1)
  Hash Cond: (mi.movie_id = t.id)
  ->  Seq Scan on movie_info mi  (cost=0.00..346232.03 rows=12665229 width=4) (actual time=0.023..6422.392 rows=12744652 loops=1)
        Filter: (info_type_id > 2)
        Rows Removed by Filter: 2091068
  ->  Hash  (cost=193276.36..193276.36 rows=943481 width=8) (actual time=4244.559..4244.559 rows=788712 loops=1)
        Buckets: 131072  Batches: 16  Memory Usage: 2995kB
        ->  Hash Join  (cost=102767.86..193276.36 rows=943481 width=8) (actual time=1926.164..3987.421 rows=788712 loops=1)
              Hash Cond: (mc.movie_id = t.id)
              ->  Seq Scan on movie_companies mc  (cost=0.00..57926.93 rows=943481 width=4) (actual time=0.021..986.370 rows=788712 loops=1)
                    Filter: ((company_id > 1129) AND (company_type_id = 1))
                    Rows Removed by Filter: 1820417
              ->  Hash  (cost=61283.27..61283.27 rows=2528527 width=4) (actual time=1923.996..1923.996 rows=2528312 loops=1)
                    Buckets: 131072  Batches: 64  Memory Usage: 2415kB
                    ->  Seq Scan on title t  (cost=0.00..61283.27 rows=2528527 width=4) (actual time=0.024..945.364 rows=2528312 loops=1)
Planning time: 1.185 ms
Execution time: 29305.984 ms
