Seq Scan on movie_companies mc  (cost=0.00..57926.93 rows=546282 width=0) (actual time=0.027..599.339 rows=756665 loops=1)
  Filter: ((company_id < 7771) AND (company_type_id = 1))
  Rows Removed by Filter: 1852464
Planning time: 0.382 ms
Execution time: 681.396 ms
