Hash Join  (cost=152668.27..1198257.16 rows=1147273 width=0) (actual time=2772.921..25546.270 rows=1530875 loops=1)
  Hash Cond: (ci.movie_id = t.id)
  ->  Seq Scan on cast_info ci  (cost=0.00..614943.12 rows=36225612 width=4) (actual time=0.012..10810.994 rows=36244344 loops=1)
  ->  Hash  (cost=151354.28..151354.28 rows=80079 width=8) (actual time=2772.195..2772.195 rows=35914 loops=1)
        Buckets: 131072  Batches: 2  Memory Usage: 1735kB
        ->  Hash Join  (cost=75199.97..151354.28 rows=80079 width=8) (actual time=1062.660..2760.655 rows=35914 loops=1)
              Hash Cond: (mc.movie_id = t.id)
              ->  Seq Scan on movie_companies mc  (cost=0.00..44881.29 rows=2609129 width=4) (actual time=0.017..806.483 rows=2609129 loops=1)
              ->  Hash  (cost=73925.90..73925.90 rows=77605 width=4) (actual time=1061.624..1061.624 rows=84684 loops=1)
                    Buckets: 131072  Batches: 2  Memory Usage: 2512kB
                    ->  Seq Scan on title t  (cost=0.00..73925.90 rows=77605 width=4) (actual time=183.586..1029.847 rows=84684 loops=1)
                          Filter: ((kind_id = 7) AND (production_year = 2009))
                          Rows Removed by Filter: 2443628
Planning time: 1.179 ms
Execution time: 25712.188 ms
