Nested Loop  (cost=0.43..83072.29 rows=6 width=0) (actual time=692.949..1198.811 rows=1 loops=1)
  ->  Seq Scan on movie_keyword mk  (cost=0.00..81003.12 rows=246 width=4) (actual time=7.288..1195.126 rows=100 loops=1)
        Filter: (keyword_id = 20410)
        Rows Removed by Filter: 4523830
  ->  Index Scan using title_pkey on title t  (cost=0.43..8.40 rows=1 width=4) (actual time=0.033..0.033 rows=0 loops=100)
        Index Cond: (id = mk.movie_id)
        Filter: (production_year > 2012)
        Rows Removed by Filter: 1
Planning time: 0.527 ms
Execution time: 1198.877 ms
