Hash Join  (cost=69694.50..142461.11 rows=59863 width=0) (actual time=1185.164..2818.754 rows=50559 loops=1)
  Hash Cond: (mc.movie_id = t.id)
  ->  Seq Scan on movie_companies mc  (cost=0.00..57926.93 rows=1188546 width=4) (actual time=0.016..1170.807 rows=1127374 loops=1)
        Filter: ((company_id > 46) AND (company_type_id = 1))
        Rows Removed by Filter: 1481755
  ->  Hash  (cost=67604.59..67604.59 rows=127353 width=4) (actual time=1037.188..1037.188 rows=128696 loops=1)
        Buckets: 131072  Batches: 2  Memory Usage: 3284kB
        ->  Seq Scan on title t  (cost=0.00..67604.59 rows=127353 width=4) (actual time=0.020..974.875 rows=128696 loops=1)
              Filter: (production_year = 2009)
              Rows Removed by Filter: 2399616
Planning time: 0.689 ms
Execution time: 2826.163 ms
