Hash Join  (cost=101489.21..263776.01 rows=2850359 width=0) (actual time=1923.049..6745.071 rows=3243357 loops=1)
  Hash Cond: (mk.movie_id = t.id)
  ->  Seq Scan on movie_keyword mk  (cost=0.00..81003.12 rows=3489617 width=4) (actual time=0.015..1508.704 rows=3484076 loops=1)
        Filter: (keyword_id < 17048)
        Rows Removed by Filter: 1039854
  ->  Hash  (cost=67604.59..67604.59 rows=2065330 width=4) (actual time=1921.862..1921.862 rows=2064552 loops=1)
        Buckets: 131072  Batches: 32  Memory Usage: 3298kB
        ->  Seq Scan on title t  (cost=0.00..67604.59 rows=2065330 width=4) (actual time=0.013..1235.912 rows=2064552 loops=1)
              Filter: (production_year < 2011)
              Rows Removed by Filter: 463760
Planning time: 0.726 ms
Execution time: 7114.128 ms
