Hash Join  (cost=173882.93..1045460.83 rows=2310075 width=0) (actual time=4061.158..25940.640 rows=12959442 loops=1)
  Hash Cond: (ci.movie_id = t.id)
  ->  Seq Scan on cast_info ci  (cost=0.00..705507.15 rows=12203201 width=4) (actual time=296.733..13388.248 rows=12113646 loops=1)
        Filter: (role_id > 3)
        Rows Removed by Filter: 24130698
  ->  Hash  (cost=166029.78..166029.78 rows=478652 width=8) (actual time=3763.372..3763.372 rows=793275 loops=1)
        Buckets: 131072 (originally 131072)  Batches: 16 (originally 8)  Memory Usage: 3073kB
        ->  Hash Join  (cost=83440.39..166029.78 rows=478652 width=8) (actual time=1279.486..3522.076 rows=793275 loops=1)
              Hash Cond: (mc.movie_id = t.id)
              ->  Seq Scan on movie_companies mc  (cost=0.00..51404.11 rows=2087134 width=4) (actual time=0.028..946.018 rows=2085482 loops=1)
                    Filter: (company_id > 480)
                    Rows Removed by Filter: 523647
              ->  Hash  (cost=73925.90..73925.90 rows=579879 width=4) (actual time=1278.542..1278.542 rows=492958 loops=1)
                    Buckets: 131072  Batches: 8  Memory Usage: 3188kB
                    ->  Seq Scan on title t  (cost=0.00..73925.90 rows=579879 width=4) (actual time=0.030..1120.778 rows=492958 loops=1)
                          Filter: ((kind_id < 7) AND (production_year > 1998))
                          Rows Removed by Filter: 2035354
Planning time: 0.756 ms
Execution time: 27352.056 ms
