Nested Loop  (cost=0.43..83072.90 rows=99 width=0) (actual time=219.350..1117.305 rows=13 loops=1)
  ->  Seq Scan on movie_keyword mk  (cost=0.00..81003.12 rows=246 width=4) (actual time=26.638..1114.206 rows=78 loops=1)
        Filter: (keyword_id = 28025)
        Rows Removed by Filter: 4523852
  ->  Index Scan using title_pkey on title t  (cost=0.43..8.40 rows=1 width=4) (actual time=0.036..0.036 rows=0 loops=78)
        Index Cond: (id = mk.movie_id)
        Filter: ((production_year < 2008) AND (kind_id = 7))
        Rows Removed by Filter: 1
Planning time: 0.699 ms
Execution time: 1117.401 ms
