Hash Join  (cost=96651.52..166271.82 rows=168799 width=0) (actual time=1646.857..3659.870 rows=269245 loops=1)
  Hash Cond: (mc.movie_id = t.id)
  ->  Seq Scan on movie_companies mc  (cost=0.00..57926.93 rows=241073 width=4) (actual time=0.015..826.509 rows=356801 loops=1)
        Filter: ((company_id < 428) AND (company_type_id = 1))
        Rows Removed by Filter: 2252328
  ->  Hash  (cost=67604.59..67604.59 rows=1770475 width=4) (actual time=1645.624..1645.624 rows=1774635 loops=1)
        Buckets: 131072  Batches: 32  Memory Usage: 2978kB
        ->  Seq Scan on title t  (cost=0.00..67604.59 rows=1770475 width=4) (actual time=0.017..1086.345 rows=1774635 loops=1)
              Filter: (kind_id > 2)
              Rows Removed by Filter: 753677
Planning time: 4.255 ms
Execution time: 3690.937 ms
