Hash Join  (cost=187291.42..646467.92 rows=2313802 width=0) (actual time=4779.711..15146.882 rows=1878969 loops=1)
  Hash Cond: (mi.movie_id = t.id)
  ->  Seq Scan on movie_info mi  (cost=0.00..346232.03 rows=7503588 width=4) (actual time=0.009..6199.229 rows=7548855 loops=1)
        Filter: (info_type_id > 7)
        Rows Removed by Filter: 7286865
  ->  Hash  (cost=174499.23..174499.23 rows=779695 width=8) (actual time=4256.021..4256.021 rows=316839 loops=1)
        Buckets: 131072  Batches: 16  Memory Usage: 1789kB
        ->  Hash Join  (cost=92883.59..174499.23 rows=779695 width=8) (actual time=2304.971..3416.374 rows=316839 loops=1)
              Hash Cond: (mc.movie_id = t.id)
              ->  Seq Scan on movie_companies mc  (cost=0.00..51404.11 rows=1279517 width=4) (actual time=0.029..871.686 rows=1274246 loops=1)
                    Filter: (company_type_id < 2)
                    Rows Removed by Filter: 1334883
              ->  Hash  (cost=67604.59..67604.59 rows=1540800 width=4) (actual time=1667.948..1667.948 rows=1543264 loops=1)
                    Buckets: 131072  Batches: 32  Memory Usage: 2722kB
                    ->  Seq Scan on title t  (cost=0.00..67604.59 rows=1540800 width=4) (actual time=279.149..1176.725 rows=1543264 loops=1)
                          Filter: (kind_id = 7)
                          Rows Removed by Filter: 985048
Planning time: 1.177 ms
Execution time: 15348.661 ms
