Hash Join  (cost=227189.89..758543.47 rows=4830965 width=0) (actual time=4878.898..25977.785 rows=34433847 loops=1)
  Hash Cond: (mi.movie_id = t.id)
  ->  Seq Scan on movie_info mi  (cost=0.00..309384.22 rows=14739122 width=4) (actual time=0.016..5107.038 rows=14835720 loops=1)
  ->  Hash  (cost=213592.36..213592.36 rows=828762 width=8) (actual time=4878.003..4878.003 rows=830240 loops=1)
        Buckets: 131072  Batches: 16  Memory Usage: 3138kB
        ->  Hash Join  (cost=102767.86..213592.36 rows=828762 width=8) (actual time=2286.634..4626.608 rows=830240 loops=1)
              Hash Cond: (mk.movie_id = t.id)
              ->  Seq Scan on movie_keyword mk  (cost=0.00..81003.12 rows=828762 width=4) (actual time=0.024..1245.597 rows=830240 loops=1)
                    Filter: (keyword_id < 797)
                    Rows Removed by Filter: 3693690
              ->  Hash  (cost=61283.27..61283.27 rows=2528527 width=4) (actual time=2285.398..2285.398 rows=2528312 loops=1)
                    Buckets: 131072  Batches: 64  Memory Usage: 2425kB
                    ->  Seq Scan on title t  (cost=0.00..61283.27 rows=2528527 width=4) (actual time=0.011..940.593 rows=2528312 loops=1)
Planning time: 1.035 ms
Execution time: 29602.372 ms
