Seq Scan on movie_keyword mk  (cost=0.00..81003.12 rows=3912011 width=0) (actual time=0.025..1131.369 rows=3911232 loops=1)
  Filter: (keyword_id > 461)
  Rows Removed by Filter: 612698
Planning time: 0.338 ms
Execution time: 1513.940 ms
