Seq Scan on movie_keyword mk  (cost=0.00..81003.12 rows=1954049 width=0) (actual time=0.025..1206.863 rows=1962342 loops=1)
  Filter: (keyword_id > 6490)
  Rows Removed by Filter: 2561588
Planning time: 0.290 ms
Execution time: 1450.463 ms
