Hash Join  (cost=214620.70..762123.73 rows=6344511 width=0) (actual time=4204.586..25613.869 rows=42390507 loops=1)
  Hash Cond: (mi.movie_id = t.id)
  ->  Seq Scan on movie_info mi  (cost=0.00..309384.22 rows=14739122 width=4) (actual time=0.018..5307.501 rows=14835720 loops=1)
  ->  Hash  (cost=196763.52..196763.52 rows=1088414 width=8) (actual time=4203.407..4203.407 rows=976686 loops=1)
        Buckets: 131072  Batches: 16  Memory Usage: 3465kB
        ->  Hash Join  (cost=102767.86..196763.52 rows=1088414 width=8) (actual time=1755.461..3929.021 rows=976686 loops=1)
              Hash Cond: (mc.movie_id = t.id)
              ->  Seq Scan on movie_companies mc  (cost=0.00..57926.93 rows=1088414 width=4) (actual time=0.017..1059.641 rows=976686 loops=1)
                    Filter: ((company_id > 228) AND (company_type_id = 1))
                    Rows Removed by Filter: 1632443
              ->  Hash  (cost=61283.27..61283.27 rows=2528527 width=4) (actual time=1753.223..1753.223 rows=2528312 loops=1)
                    Buckets: 131072  Batches: 64  Memory Usage: 2415kB
                    ->  Seq Scan on title t  (cost=0.00..61283.27 rows=2528527 width=4) (actual time=0.018..926.315 rows=2528312 loops=1)
Planning time: 1.218 ms
Execution time: 29944.375 ms
