Seq Scan on cast_info ci  (cost=0.00..796071.18 rows=4102869 width=0) (actual time=1000.132..9603.534 rows=1633274 loops=1)
  Filter: ((person_id > 3180135) AND (role_id < 9))
  Rows Removed by Filter: 34611070
Planning time: 0.303 ms
Execution time: 9793.209 ms
