Hash Join  (cost=102583.48..189254.22 rows=1270 width=0) (actual time=2677.489..4544.559 rows=59314 loops=1)
  Hash Cond: (mk.movie_id = t.id)
  ->  Seq Scan on movie_keyword mk  (cost=0.00..69693.30 rows=4523930 width=4) (actual time=0.021..1815.318 rows=4523930 loops=1)
  ->  Hash  (cost=102574.61..102574.61 rows=710 width=8) (actual time=1891.738..1891.738 rows=4618 loops=1)
        Buckets: 8192 (originally 1024)  Batches: 1 (originally 1)  Memory Usage: 245kB
        ->  Hash Join  (cost=73950.44..102574.61 rows=710 width=8) (actual time=1189.852..1889.833 rows=4618 loops=1)
              Hash Cond: (mi_idx.movie_id = t.id)
              ->  Seq Scan on movie_info_idx mi_idx  (cost=0.00..25185.44 rows=915101 width=4) (actual time=0.014..550.985 rows=919850 loops=1)
                    Filter: (info_type_id < 101)
                    Rows Removed by Filter: 460185
              ->  Hash  (cost=73925.90..73925.90 rows=1963 width=4) (actual time=1189.247..1189.247 rows=4939 loops=1)
                    Buckets: 8192 (originally 2048)  Batches: 1 (originally 1)  Memory Usage: 238kB
                    ->  Seq Scan on title t  (cost=0.00..73925.90 rows=1963 width=4) (actual time=0.021..1187.008 rows=4939 loops=1)
                          Filter: ((kind_id = 1) AND (production_year = 1989))
                          Rows Removed by Filter: 2523373
Planning time: 1.222 ms
Execution time: 4552.507 ms
