Hash Join  (cost=173316.05..213730.87 rows=158634 width=0) (actual time=3693.163..4329.248 rows=218469 loops=1)
  Hash Cond: (mi_idx.movie_id = t.id)
  ->  Seq Scan on movie_info_idx mi_idx  (cost=0.00..21735.35 rows=1380035 width=4) (actual time=0.022..395.761 rows=1380035 loops=1)
  ->  Hash  (cost=168546.90..168546.90 rows=290652 width=8) (actual time=3325.816..3325.816 rows=174366 loops=1)
        Buckets: 131072  Batches: 4  Memory Usage: 2728kB
        ->  Hash Join  (cost=96147.73..168546.90 rows=290652 width=8) (actual time=1657.308..3267.969 rows=174366 loops=1)
              Hash Cond: (mc.movie_id = t.id)
              ->  Seq Scan on movie_companies mc  (cost=0.00..57926.93 rows=542591 width=4) (actual time=0.021..887.360 rows=842639 loops=1)
                    Filter: ((company_id > 14444) AND (company_type_id > 1))
                    Rows Removed by Filter: 1766490
              ->  Hash  (cost=73925.90..73925.90 rows=1354466 width=4) (actual time=1655.880..1655.880 rows=1432013 loops=1)
                    Buckets: 131072  Batches: 32  Memory Usage: 2599kB
                    ->  Seq Scan on title t  (cost=0.00..73925.90 rows=1354466 width=4) (actual time=0.018..1200.442 rows=1432013 loops=1)
                          Filter: ((production_year > 1959) AND (kind_id = 7))
                          Rows Removed by Filter: 1096299
Planning time: 1.087 ms
Execution time: 4357.130 ms
