Hash Join  (cost=151216.33..262393.51 rows=541528 width=0) (actual time=3331.193..5989.242 rows=1684141 loops=1)
  Hash Cond: (mk.movie_id = t.id)
  ->  Seq Scan on movie_keyword mk  (cost=0.00..81003.12 rows=1897275 width=4) (actual time=0.019..1354.976 rows=1908049 loops=1)
        Filter: (keyword_id > 7078)
        Rows Removed by Filter: 2615881
  ->  Hash  (cost=139375.05..139375.05 rows=721702 width=8) (actual time=3329.933..3329.933 rows=626561 loops=1)
        Buckets: 131072  Batches: 16  Memory Usage: 2560kB
        ->  Hash Join  (cost=89299.55..139375.05 rows=721702 width=8) (actual time=1634.794..3129.712 rows=626561 loops=1)
              Hash Cond: (mi_idx.movie_id = t.id)
              ->  Seq Scan on movie_info_idx mi_idx  (cost=0.00..21735.35 rows=1380035 width=4) (actual time=0.022..409.533 rows=1380035 loops=1)
              ->  Hash  (cost=67604.59..67604.59 rows=1322317 width=4) (actual time=1633.262..1633.262 rows=1322863 loops=1)
                    Buckets: 131072  Batches: 32  Memory Usage: 2481kB
                    ->  Seq Scan on title t  (cost=0.00..67604.59 rows=1322317 width=4) (actual time=0.020..1203.884 rows=1322863 loops=1)
                          Filter: (production_year > 2001)
                          Rows Removed by Filter: 1205449
Planning time: 1.119 ms
Execution time: 6194.181 ms
