Hash Join  (cost=191248.88..684352.22 rows=1246143 width=0) (actual time=3787.841..17349.942 rows=8819957 loops=1)
  Hash Cond: (mi.movie_id = t.id)
  ->  Seq Scan on movie_info mi  (cost=0.00..309384.22 rows=14739122 width=4) (actual time=0.016..5491.731 rows=14835720 loops=1)
  ->  Hash  (cost=187740.66..187740.66 rows=213778 width=8) (actual time=3787.113..3787.113 rows=177528 loops=1)
        Buckets: 131072  Batches: 4  Memory Usage: 2770kB
        ->  Hash Join  (cost=94009.45..187740.66 rows=213778 width=8) (actual time=1977.511..3734.003 rows=177528 loops=1)
              Hash Cond: (mk.movie_id = t.id)
              ->  Seq Scan on movie_keyword mk  (cost=0.00..81003.12 rows=335861 width=4) (actual time=0.026..1273.789 rows=348976 loops=1)
                    Filter: (keyword_id < 309)
                    Rows Removed by Filter: 4174954
              ->  Hash  (cost=67604.59..67604.59 rows=1609429 width=4) (actual time=1976.423..1976.423 rows=1607077 loops=1)
                    Buckets: 131072  Batches: 32  Memory Usage: 2799kB
                    ->  Seq Scan on title t  (cost=0.00..67604.59 rows=1609429 width=4) (actual time=0.024..1225.158 rows=1607077 loops=1)
                          Filter: (production_year > 1995)
                          Rows Removed by Filter: 921235
Planning time: 0.973 ms
Execution time: 18400.966 ms
