Seq Scan on movie_companies mc  (cost=0.00..57926.93 rows=229567 width=0) (actual time=389.233..846.645 rows=346147 loops=1)
  Filter: ((company_id < 398) AND (company_type_id = 1))
  Rows Removed by Filter: 2262982
Planning time: 0.395 ms
Execution time: 891.288 ms
