Hash Join  (cost=73962.22..171178.57 rows=4952 width=0) (actual time=998.059..3125.301 rows=19297 loops=1)
  Hash Cond: (mk.movie_id = t.id)
  ->  Seq Scan on movie_keyword mk  (cost=0.00..81003.12 rows=4310322 width=4) (actual time=0.024..1498.891 rows=4309086 loops=1)
        Filter: (keyword_id < 65633)
        Rows Removed by Filter: 214844
  ->  Hash  (cost=73925.90..73925.90 rows=2905 width=4) (actual time=994.579..994.579 rows=3172 loops=1)
        Buckets: 4096  Batches: 1  Memory Usage: 144kB
        ->  Seq Scan on title t  (cost=0.00..73925.90 rows=2905 width=4) (actual time=0.094..992.813 rows=3172 loops=1)
              Filter: ((kind_id < 7) AND (production_year = 1953))
              Rows Removed by Filter: 2525140
Planning time: 2.424 ms
Execution time: 3128.046 ms
