Nested Loop  (cost=0.43..58358.52 rows=18 width=0) (actual time=432.380..764.843 rows=20 loops=1)
  ->  Seq Scan on movie_companies mc  (cost=0.00..57926.93 rows=51 width=4) (actual time=432.245..764.015 rows=20 loops=1)
        Filter: ((company_id = 21782) AND (company_type_id = 1))
        Rows Removed by Filter: 2609109
  ->  Index Scan using title_pkey on title t  (cost=0.43..8.45 rows=1 width=4) (actual time=0.037..0.038 rows=1 loops=20)
        Index Cond: (id = mc.movie_id)
        Filter: ((kind_id < 7) AND (production_year < 2012))
Planning time: 0.737 ms
Execution time: 765.894 ms
