Hash Join  (cost=190230.21..971848.48 rows=2267709 width=0) (actual time=4210.212..18521.075 rows=5672728 loops=1)
  Hash Cond: (ci.movie_id = t.id)
  ->  Seq Scan on cast_info ci  (cost=0.00..705507.15 rows=4154940 width=4) (actual time=0.027..9890.104 rows=4197488 loops=1)
        Filter: (person_id > 3289783)
        Rows Removed by Filter: 32046856
  ->  Hash  (cost=167588.78..167588.78 rows=1380035 width=8) (actual time=4209.154..4209.154 rows=1380035 loops=1)
        Buckets: 131072  Batches: 32  Memory Usage: 2708kB
        ->  Hash Join  (cost=102767.86..167588.78 rows=1380035 width=8) (actual time=1838.008..3801.433 rows=1380035 loops=1)
              Hash Cond: (mi_idx.movie_id = t.id)
              ->  Seq Scan on movie_info_idx mi_idx  (cost=0.00..21735.35 rows=1380035 width=4) (actual time=0.023..445.040 rows=1380035 loops=1)
              ->  Hash  (cost=61283.27..61283.27 rows=2528527 width=4) (actual time=1835.502..1835.502 rows=2528312 loops=1)
                    Buckets: 131072  Batches: 64  Memory Usage: 2415kB
                    ->  Seq Scan on title t  (cost=0.00..61283.27 rows=2528527 width=4) (actual time=0.021..1016.942 rows=2528312 loops=1)
Planning time: 1.120 ms
Execution time: 19203.320 ms
