Seq Scan on movie_keyword mk  (cost=0.00..81003.12 rows=3757943 width=0) (actual time=0.027..1398.845 rows=3750444 loops=1)
  Filter: (keyword_id < 24362)
  Rows Removed by Filter: 773486
Planning time: 0.325 ms
Execution time: 1855.175 ms
