Hash Join  (cost=102767.86..186647.24 rows=667966 width=0) (actual time=1791.060..3465.944 rows=425866 loops=1)
  Hash Cond: (mc.movie_id = t.id)
  ->  Seq Scan on movie_companies mc  (cost=0.00..57926.93 rows=667966 width=4) (actual time=0.025..922.927 rows=425866 loops=1)
        Filter: ((company_id < 11299) AND (company_type_id > 1))
        Rows Removed by Filter: 2183263
  ->  Hash  (cost=61283.27..61283.27 rows=2528527 width=4) (actual time=1789.072..1789.072 rows=2528312 loops=1)
        Buckets: 131072  Batches: 64  Memory Usage: 2415kB
        ->  Seq Scan on title t  (cost=0.00..61283.27 rows=2528527 width=4) (actual time=0.019..954.250 rows=2528312 loops=1)
Planning time: 0.708 ms
Execution time: 3519.353 ms
