Hash Join  (cost=82004.01..973869.94 rows=2658175 width=0) (actual time=4526.618..21335.122 rows=2921431 loops=1)
  Hash Cond: (ci.movie_id = t.id)
  ->  Seq Scan on cast_info ci  (cost=0.00..705507.15 rows=13652010 width=4) (actual time=3268.366..12645.843 rows=13811993 loops=1)
        Filter: (person_id > 2287302)
        Rows Removed by Filter: 22432351
  ->  Hash  (cost=73925.90..73925.90 rows=492328 width=4) (actual time=1257.282..1257.282 rows=570276 loops=1)
        Buckets: 131072  Batches: 8  Memory Usage: 3545kB
        ->  Seq Scan on title t  (cost=0.00..73925.90 rows=492328 width=4) (actual time=0.022..1075.335 rows=570276 loops=1)
              Filter: ((kind_id < 4) AND (production_year < 2006))
              Rows Removed by Filter: 1958036
Planning time: 0.556 ms
Execution time: 21675.625 ms
