Hash Join  (cost=102767.86..234387.83 rows=1692975 width=0) (actual time=2041.129..5546.923 rows=1700546 loops=1)
  Hash Cond: (mk.movie_id = t.id)
  ->  Seq Scan on movie_keyword mk  (cost=0.00..81003.12 rows=1692975 width=4) (actual time=0.023..1539.704 rows=1700546 loops=1)
        Filter: (keyword_id < 2652)
        Rows Removed by Filter: 2823384
  ->  Hash  (cost=61283.27..61283.27 rows=2528527 width=4) (actual time=2039.093..2039.093 rows=2528312 loops=1)
        Buckets: 131072  Batches: 64  Memory Usage: 2425kB
        ->  Seq Scan on title t  (cost=0.00..61283.27 rows=2528527 width=4) (actual time=0.016..1161.759 rows=2528312 loops=1)
Planning time: 5.897 ms
Execution time: 5743.012 ms
