Nested Loop  (cost=0.43..799702.19 rows=435 width=0) (actual time=9441.421..13169.994 rows=1 loops=1)
  ->  Seq Scan on cast_info ci  (cost=0.00..796071.18 rows=435 width=4) (actual time=9441.333..13169.901 rows=1 loops=1)
        Filter: ((role_id < 10) AND (person_id = 1584231))
        Rows Removed by Filter: 36244343
  ->  Index Only Scan using title_pkey on title t  (cost=0.43..8.34 rows=1 width=4) (actual time=0.068..0.068 rows=1 loops=1)
        Index Cond: (id = ci.movie_id)
        Heap Fetches: 1
Planning time: 0.637 ms
Execution time: 13170.065 ms
