Seq Scan on movie_keyword mk  (cost=0.00..81003.12 rows=246 width=0) (actual time=1.526..1182.518 rows=3006 loops=1)
  Filter: (keyword_id = 429)
  Rows Removed by Filter: 4520924
Planning time: 0.360 ms
Execution time: 1183.495 ms
