Hash Join  (cost=73950.44..170455.03 rows=3203 width=106) (actual time=1320.390..3429.816 rows=20951 loops=1)
  Hash Cond: (mk.movie_id = t.id)
  ->  Seq Scan on movie_keyword mk  (cost=0.00..81003.12 rows=4125181 width=12) (actual time=0.016..1544.257 rows=4130600 loops=1)
        Filter: (keyword_id < 43826)
        Rows Removed by Filter: 393330
  ->  Hash  (cost=73925.90..73925.90 rows=1963 width=94) (actual time=1318.502..1318.502 rows=4606 loops=1)
        Buckets: 8192 (originally 2048)  Batches: 1 (originally 1)  Memory Usage: 564kB
        ->  Seq Scan on title t  (cost=0.00..73925.90 rows=1963 width=94) (actual time=204.854..1315.875 rows=4606 loops=1)
              Filter: ((kind_id = 1) AND (production_year = 1970))
              Rows Removed by Filter: 2523706
Planning time: 2.160 ms
Execution time: 3431.233 ms
