Hash Join  (cost=102767.86..205891.13 rows=1738779 width=0) (actual time=1761.719..4549.023 rows=1732025 loops=1)
  Hash Cond: (mc.movie_id = t.id)
  ->  Seq Scan on movie_companies mc  (cost=0.00..51404.11 rows=1738779 width=4) (actual time=0.032..999.449 rows=1732025 loops=1)
        Filter: (company_id < 23094)
        Rows Removed by Filter: 877104
  ->  Hash  (cost=61283.27..61283.27 rows=2528527 width=4) (actual time=1760.394..1760.394 rows=2528312 loops=1)
        Buckets: 131072  Batches: 64  Memory Usage: 2415kB
        ->  Seq Scan on title t  (cost=0.00..61283.27 rows=2528527 width=4) (actual time=0.021..894.837 rows=2528312 loops=1)
Planning time: 0.711 ms
Execution time: 4754.718 ms
