Seq Scan on cast_info ci  (cost=0.00..705507.15 rows=500 width=0) (actual time=2004.578..10036.960 rows=270 loops=1)
  Filter: (person_id = 1800943)
  Rows Removed by Filter: 36244074
Planning time: 0.271 ms
Execution time: 10037.105 ms
