Hash Join  (cost=102767.86..1216137.85 rows=12775927 width=0) (actual time=3224.863..33258.322 rows=19010431 loops=1)
  Hash Cond: (ci.movie_id = t.id)
  ->  Seq Scan on cast_info ci  (cost=0.00..796071.18 rows=12775927 width=4) (actual time=1446.631..15556.689 rows=19010431 loops=1)
        Filter: ((person_id > 1622429) AND (role_id > 1))
        Rows Removed by Filter: 17233913
  ->  Hash  (cost=61283.27..61283.27 rows=2528527 width=4) (actual time=1776.738..1776.738 rows=2528312 loops=1)
        Buckets: 131072  Batches: 64  Memory Usage: 2415kB
        ->  Seq Scan on title t  (cost=0.00..61283.27 rows=2528527 width=4) (actual time=0.046..954.885 rows=2528312 loops=1)
Planning time: 0.771 ms
Execution time: 35522.018 ms
