Hash Join  (cost=142847.80..871525.68 rows=134480 width=0) (actual time=4725.217..18055.873 rows=474751 loops=1)
  Hash Cond: (ci.movie_id = t.id)
  ->  Seq Scan on cast_info ci  (cost=0.00..705507.15 rows=5820248 width=4) (actual time=1638.238..13282.623 rows=5732694 loops=1)
        Filter: (role_id > 8)
        Rows Removed by Filter: 30511650
  ->  Hash  (cost=142117.51..142117.51 rows=58423 width=8) (actual time=3086.433..3086.433 rows=58236 loops=1)
        Buckets: 65536  Batches: 1  Memory Usage: 2787kB
        ->  Hash Join  (cost=69694.50..142117.51 rows=58423 width=8) (actual time=1247.117..3064.366 rows=58236 loops=1)
              Hash Cond: (mc.movie_id = t.id)
              ->  Seq Scan on movie_companies mc  (cost=0.00..57926.93 rows=1159959 width=4) (actual time=0.042..1300.208 rows=1265771 loops=1)
                    Filter: ((company_id > 160) AND (company_type_id > 1))
                    Rows Removed by Filter: 1343358
              ->  Hash  (cost=67604.59..67604.59 rows=127353 width=4) (actual time=1246.172..1246.172 rows=128696 loops=1)
                    Buckets: 131072  Batches: 2  Memory Usage: 3284kB
                    ->  Seq Scan on title t  (cost=0.00..67604.59 rows=127353 width=4) (actual time=0.023..1199.196 rows=128696 loops=1)
                          Filter: (production_year = 2009)
                          Rows Removed by Filter: 2399616
Planning time: 1.122 ms
Execution time: 18118.114 ms
