Seq Scan on movie_companies mc  (cost=0.00..51404.11 rows=104 width=0) (actual time=3.685..717.069 rows=1090 loops=1)
  Filter: (company_id = 73705)
  Rows Removed by Filter: 2608039
Planning time: 0.357 ms
Execution time: 717.288 ms
