Hash Join  (cost=83074.25..109985.32 rows=59 width=0) (actual time=1433.418..1815.882 rows=327 loops=1)
  Hash Cond: (mi_idx.movie_id = t.id)
  ->  Seq Scan on movie_info_idx mi_idx  (cost=0.00..21735.35 rows=1380035 width=4) (actual time=0.021..269.872 rows=1380035 loops=1)
  ->  Hash  (cost=83072.90..83072.90 rows=108 width=8) (actual time=1292.929..1292.929 rows=135 loops=1)
        Buckets: 1024  Batches: 1  Memory Usage: 14kB
        ->  Nested Loop  (cost=0.43..83072.90 rows=108 width=8) (actual time=795.604..1292.808 rows=135 loops=1)
              ->  Seq Scan on movie_keyword mk  (cost=0.00..81003.12 rows=246 width=4) (actual time=4.444..1210.136 rows=2300 loops=1)
                    Filter: (keyword_id = 723)
                    Rows Removed by Filter: 4521630
              ->  Index Scan using title_pkey on title t  (cost=0.43..8.40 rows=1 width=4) (actual time=0.035..0.035 rows=0 loops=2300)
                    Index Cond: (id = mk.movie_id)
                    Filter: ((production_year > 1987) AND (kind_id = 7))
                    Rows Removed by Filter: 1
Planning time: 1.204 ms
Execution time: 1816.086 ms
