Hash Join  (cost=228407.58..773646.46 rows=6132294 width=0) (actual time=5767.893..37686.502 rows=65580084 loops=1)
  Hash Cond: (mi.movie_id = t.id)
  ->  Seq Scan on movie_info mi  (cost=0.00..309384.22 rows=14739122 width=4) (actual time=0.024..5456.894 rows=14835720 loops=1)
  ->  Hash  (cost=211147.48..211147.48 rows=1052008 width=8) (actual time=5765.830..5765.830 rows=1426322 loops=1)
        Buckets: 131072 (originally 131072)  Batches: 32 (originally 16)  Memory Usage: 3073kB
        ->  Hash Join  (cost=82805.75..211147.48 rows=1052008 width=8) (actual time=1350.336..4669.336 rows=1426322 loops=1)
              Hash Cond: (mk.movie_id = t.id)
              ->  Seq Scan on movie_keyword mk  (cost=0.00..81003.12 rows=2871074 width=4) (actual time=0.014..1558.199 rows=2862745 loops=1)
                    Filter: (keyword_id < 8797)
                    Rows Removed by Filter: 1661185
              ->  Hash  (cost=67604.59..67604.59 rows=926493 width=4) (actual time=1349.268..1349.268 rows=924605 loops=1)
                    Buckets: 131072  Batches: 16  Memory Usage: 3063kB
                    ->  Seq Scan on title t  (cost=0.00..67604.59 rows=926493 width=4) (actual time=0.021..1053.912 rows=924605 loops=1)
                          Filter: (production_year < 1998)
                          Rows Removed by Filter: 1603707
Planning time: 1.342 ms
Execution time: 45204.119 ms
