Hash Join  (cost=102767.86..177427.38 rows=284836 width=0) (actual time=2314.058..3261.843 rows=144410 loops=1)
  Hash Cond: (mc.movie_id = t.id)
  ->  Seq Scan on movie_companies mc  (cost=0.00..57926.93 rows=284836 width=4) (actual time=422.732..868.729 rows=144410 loops=1)
        Filter: ((company_id < 579) AND (company_type_id = 2))
        Rows Removed by Filter: 2464719
  ->  Hash  (cost=61283.27..61283.27 rows=2528527 width=4) (actual time=1889.932..1889.932 rows=2528312 loops=1)
        Buckets: 131072  Batches: 64  Memory Usage: 2415kB
        ->  Seq Scan on title t  (cost=0.00..61283.27 rows=2528527 width=4) (actual time=0.017..1023.240 rows=2528312 loops=1)
Planning time: 0.524 ms
Execution time: 3278.776 ms
