Hash Join  (cost=190230.21..353544.83 rows=2466536 width=0) (actual time=4278.695..11004.894 rows=10415780 loops=1)
  Hash Cond: (mk.movie_id = t.id)
  ->  Seq Scan on movie_keyword mk  (cost=0.00..81003.12 rows=4519235 width=4) (actual time=0.010..1639.390 rows=4520325 loops=1)
        Filter: (keyword_id < 130776)
        Rows Removed by Filter: 3605
  ->  Hash  (cost=167588.78..167588.78 rows=1380035 width=8) (actual time=4277.499..4277.499 rows=1380035 loops=1)
        Buckets: 131072  Batches: 32  Memory Usage: 2726kB
        ->  Hash Join  (cost=102767.86..167588.78 rows=1380035 width=8) (actual time=1834.388..3837.964 rows=1380035 loops=1)
              Hash Cond: (mi_idx.movie_id = t.id)
              ->  Seq Scan on movie_info_idx mi_idx  (cost=0.00..21735.35 rows=1380035 width=4) (actual time=0.030..425.379 rows=1380035 loops=1)
              ->  Hash  (cost=61283.27..61283.27 rows=2528527 width=4) (actual time=1832.409..1832.409 rows=2528312 loops=1)
                    Buckets: 131072  Batches: 64  Memory Usage: 2415kB
                    ->  Seq Scan on title t  (cost=0.00..61283.27 rows=2528527 width=4) (actual time=0.012..989.474 rows=2528312 loops=1)
Planning time: 1.109 ms
Execution time: 12244.652 ms
