Seq Scan on cast_info ci  (cost=0.00..796071.18 rows=13477640 width=0) (actual time=3130.534..15161.168 rows=14461453 loops=1)
  Filter: ((person_id > 579443) AND (role_id > 2))
  Rows Removed by Filter: 21782891
Planning time: 0.380 ms
Execution time: 16896.959 ms
