Hash Join  (cost=98498.33..229430.43 rows=1493113 width=0) (actual time=3834.710..5020.479 rows=371486 loops=1)
  Hash Cond: (mk.movie_id = t.id)
  ->  Seq Scan on movie_keyword mk  (cost=0.00..81003.12 rows=2520759 width=4) (actual time=0.014..1672.556 rows=2516619 loops=1)
        Filter: (keyword_id > 3573)
        Rows Removed by Filter: 2007311
  ->  Hash  (cost=73925.90..73925.90 rows=1497714 width=4) (actual time=1945.633..1945.633 rows=1478440 loops=1)
        Buckets: 131072  Batches: 32  Memory Usage: 2656kB
        ->  Seq Scan on title t  (cost=0.00..73925.90 rows=1497714 width=4) (actual time=0.012..1440.234 rows=1478440 loops=1)
              Filter: ((production_year > 0) AND (kind_id = 7))
              Rows Removed by Filter: 1049872
Planning time: 0.785 ms
Execution time: 5062.494 ms
