Seq Scan on movie_keyword mk  (cost=0.00..81003.12 rows=1009632 width=0) (actual time=0.037..1276.086 rows=1016375 loops=1)
  Filter: (keyword_id > 17757)
  Rows Removed by Filter: 3507555
Planning time: 0.323 ms
Execution time: 1415.647 ms
