Seq Scan on movie_companies mc  (cost=0.00..57926.93 rows=502351 width=0) (actual time=167.668..852.838 rows=202675 loops=1)
  Filter: ((company_id > 15433) AND (company_type_id < 2))
  Rows Removed by Filter: 2406454
Planning time: 0.233 ms
Execution time: 878.886 ms
