Seq Scan on movie_companies mc  (cost=0.00..51404.11 rows=104 width=0) (actual time=13.100..775.565 rows=18 loops=1)
  Filter: (company_id = 20025)
  Rows Removed by Filter: 2609111
Planning time: 0.390 ms
Execution time: 775.651 ms
