Seq Scan on movie_companies mc  (cost=0.00..51404.11 rows=104 width=0) (actual time=113.874..621.239 rows=83 loops=1)
  Filter: (company_id = 11193)
  Rows Removed by Filter: 2609046
Planning time: 0.395 ms
Execution time: 621.334 ms
