Seq Scan on movie_companies mc  (cost=0.00..57926.93 rows=51 width=0) (actual time=150.422..766.203 rows=30 loops=1)
  Filter: ((company_type_id < 2) AND (company_id = 14673))
  Rows Removed by Filter: 2609099
Planning time: 0.430 ms
Execution time: 766.309 ms
