Seq Scan on movie_keyword mk  (cost=0.00..81003.12 rows=267265 width=0) (actual time=35.591..1230.062 rows=268181 loops=1)
  Filter: (keyword_id > 58617)
  Rows Removed by Filter: 4255749
Planning time: 0.307 ms
Execution time: 1265.253 ms
