Hash Join  (cost=168284.36..964389.94 rows=311543 width=0) (actual time=3631.356..18306.613 rows=563844 loops=1)
  Hash Cond: (ci.movie_id = t.id)
  ->  Seq Scan on cast_info ci  (cost=0.00..705507.15 rows=7530665 width=4) (actual time=137.882..11059.394 rows=7452598 loops=1)
        Filter: (person_id < 721479)
        Rows Removed by Filter: 28791746
  ->  Hash  (cost=166567.80..166567.80 rows=104605 width=8) (actual time=3478.824..3478.824 rows=105106 loops=1)
        Buckets: 131072  Batches: 2  Memory Usage: 3088kB
        ->  Hash Join  (cost=102767.86..166567.80 rows=104605 width=8) (actual time=2472.274..3443.704 rows=105106 loops=1)
              Hash Cond: (mc.movie_id = t.id)
              ->  Seq Scan on movie_companies mc  (cost=0.00..51404.11 rows=104605 width=4) (actual time=267.065..732.083 rows=105106 loops=1)
                    Filter: (company_id > 154575)
                    Rows Removed by Filter: 2504023
              ->  Hash  (cost=61283.27..61283.27 rows=2528527 width=4) (actual time=2203.522..2203.522 rows=2528312 loops=1)
                    Buckets: 131072  Batches: 64  Memory Usage: 2415kB
                    ->  Seq Scan on title t  (cost=0.00..61283.27 rows=2528527 width=4) (actual time=0.022..919.271 rows=2528312 loops=1)
Planning time: 1.159 ms
Execution time: 18382.978 ms
