Hash Join  (cost=77474.80..432648.42 rows=55774 width=0) (actual time=1745.605..6061.461 rows=111261 loops=1)
  Hash Cond: (mi.movie_id = t.id)
  ->  Seq Scan on movie_info mi  (cost=0.00..346232.03 rows=651960 width=4) (actual time=647.189..4578.023 rows=660923 loops=1)
        Filter: (info_type_id = 18)
        Rows Removed by Filter: 14174797
  ->  Hash  (cost=73925.90..73925.90 rows=216312 width=4) (actual time=1097.487..1097.487 rows=327454 loops=1)
        Buckets: 131072  Batches: 4  Memory Usage: 3908kB
        ->  Seq Scan on title t  (cost=0.00..73925.90 rows=216312 width=4) (actual time=0.012..984.681 rows=327454 loops=1)
              Filter: ((kind_id < 7) AND (production_year < 1983))
              Rows Removed by Filter: 2200858
Planning time: 0.797 ms
Execution time: 6076.562 ms
