Hash Join  (cost=918600.16..1045925.55 rows=436935 width=0) (actual time=15506.664..18739.027 rows=861846 loops=1)
  Hash Cond: (mk.movie_id = t.id)
  ->  Seq Scan on movie_keyword mk  (cost=0.00..69693.30 rows=4523930 width=4) (actual time=0.012..1423.391 rows=4523930 loops=1)
  ->  Hash  (cost=914593.50..914593.50 rows=244213 width=8) (actual time=15505.937..15505.937 rows=82923 loops=1)
        Buckets: 131072  Batches: 4  Memory Usage: 1839kB
        ->  Hash Join  (cost=102767.86..914593.50 rows=244213 width=8) (actual time=11796.453..15482.791 rows=82923 loops=1)
              Hash Cond: (ci.movie_id = t.id)
              ->  Seq Scan on cast_info ci  (cost=0.00..796071.18 rows=244213 width=4) (actual time=9876.860..13164.591 rows=82923 loops=1)
                    Filter: ((person_id < 2608968) AND (role_id > 10))
                    Rows Removed by Filter: 36161421
              ->  Hash  (cost=61283.27..61283.27 rows=2528527 width=4) (actual time=1918.170..1918.170 rows=2528312 loops=1)
                    Buckets: 131072  Batches: 64  Memory Usage: 2415kB
                    ->  Seq Scan on title t  (cost=0.00..61283.27 rows=2528527 width=4) (actual time=0.025..851.901 rows=2528312 loops=1)
Planning time: 1.081 ms
Execution time: 18836.048 ms
