Seq Scan on movie_companies mc  (cost=0.00..57926.93 rows=51 width=0) (actual time=32.548..711.222 rows=6 loops=1)
  Filter: ((company_id = 2924) AND (company_type_id = 1))
  Rows Removed by Filter: 2609123
Planning time: 0.423 ms
Execution time: 711.314 ms
