Hash Join  (cost=83810.17..183339.79 rows=370386 width=0) (actual time=1222.198..3908.766 rows=808168 loops=1)
  Hash Cond: (mk.movie_id = t.id)
  ->  Seq Scan on movie_keyword mk  (cost=0.00..81003.12 rows=948168 width=4) (actual time=0.017..1242.219 rows=962301 loops=1)
        Filter: (keyword_id > 19735)
        Rows Removed by Filter: 3561629
  ->  Hash  (cost=67604.59..67604.59 rows=987727 width=4) (actual time=1221.216..1221.216 rows=985048 loops=1)
        Buckets: 131072  Batches: 16  Memory Usage: 3197kB
        ->  Seq Scan on title t  (cost=0.00..67604.59 rows=987727 width=4) (actual time=0.023..905.007 rows=985048 loops=1)
              Filter: (kind_id < 7)
              Rows Removed by Filter: 1543264
Planning time: 0.743 ms
Execution time: 4013.021 ms
