Hash Join  (cost=101663.21..188482.99 rows=16174 width=0) (actual time=1350.642..3236.773 rows=116278 loops=1)
  Hash Cond: (mk.movie_id = t.id)
  ->  Seq Scan on movie_keyword mk  (cost=0.00..69693.30 rows=4523930 width=4) (actual time=0.020..1005.557 rows=4523930 loops=1)
  ->  Hash  (cost=101550.21..101550.21 rows=9040 width=8) (actual time=1350.442..1350.442 rows=13202 loops=1)
        Buckets: 16384  Batches: 1  Memory Usage: 644kB
        ->  Hash Join  (cost=74545.71..101550.21 rows=9040 width=8) (actual time=702.041..1344.424 rows=13202 loops=1)
              Hash Cond: (mi_idx.movie_id = t.id)
              ->  Seq Scan on movie_info_idx mi_idx  (cost=0.00..25185.44 rows=460978 width=4) (actual time=0.015..500.845 rows=459925 loops=1)
                    Filter: (info_type_id < 100)
                    Rows Removed by Filter: 920110
              ->  Hash  (cost=73925.90..73925.90 rows=49584 width=4) (actual time=701.687..701.687 rows=38752 loops=1)
                    Buckets: 65536  Batches: 1  Memory Usage: 1875kB
                    ->  Seq Scan on title t  (cost=0.00..73925.90 rows=49584 width=4) (actual time=0.311..691.772 rows=38752 loops=1)
                          Filter: ((kind_id < 7) AND (production_year = 2008))
                          Rows Removed by Filter: 2489560
Planning time: 1.421 ms
Execution time: 3252.208 ms
