Hash Join  (cost=167129.85..921765.17 rows=384620 width=0) (actual time=2781.101..18356.021 rows=4226447 loops=1)
  Hash Cond: (ci.movie_id = t.id)
  ->  Seq Scan on cast_info ci  (cost=0.00..614943.12 rows=36225612 width=4) (actual time=0.022..6649.510 rows=36244344 loops=1)
  ->  Hash  (cost=166794.27..166794.27 rows=26846 width=8) (actual time=2780.441..2780.441 rows=52955 loops=1)
        Buckets: 65536 (originally 32768)  Batches: 1 (originally 1)  Memory Usage: 2581kB
        ->  Hash Join  (cost=74207.10..166794.27 rows=26846 width=8) (actual time=954.516..2762.570 rows=52955 loops=1)
              Hash Cond: (mk.movie_id = t.id)
              ->  Seq Scan on movie_keyword mk  (cost=0.00..81003.12 rows=3017489 width=4) (actual time=0.021..1328.690 rows=3003274 loops=1)
                    Filter: (keyword_id > 2199)
                    Rows Removed by Filter: 1520656
              ->  Hash  (cost=73925.90..73925.90 rows=22496 width=4) (actual time=953.584..953.584 rows=13050 loops=1)
                    Buckets: 32768  Batches: 1  Memory Usage: 715kB
                    ->  Seq Scan on title t  (cost=0.00..73925.90 rows=22496 width=4) (actual time=135.003..948.029 rows=13050 loops=1)
                          Filter: ((kind_id < 2) AND (production_year = 2004))
                          Rows Removed by Filter: 2515262
Planning time: 1.689 ms
Execution time: 18858.282 ms
