Nested Loop  (cost=0.43..58375.18 rows=53 width=0) (actual time=377.084..841.038 rows=84 loops=1)
  ->  Seq Scan on movie_companies mc  (cost=0.00..57926.93 rows=53 width=4) (actual time=376.985..835.998 rows=84 loops=1)
        Filter: ((company_id = 71141) AND (company_type_id = 2))
        Rows Removed by Filter: 2609045
  ->  Index Only Scan using title_pkey on title t  (cost=0.43..8.45 rows=1 width=4) (actual time=0.057..0.058 rows=1 loops=84)
        Index Cond: (id = mc.movie_id)
        Heap Fetches: 84
Planning time: 1.375 ms
Execution time: 841.150 ms
