Seq Scan on cast_info ci  (cost=0.00..796071.18 rows=315209 width=0) (actual time=7479.072..10423.343 rows=2379496 loops=1)
  Filter: ((person_id > 3546098) AND (role_id = 10))
  Rows Removed by Filter: 33864848
Planning time: 0.358 ms
Execution time: 10724.255 ms
