Hash Join  (cost=709678.15..796345.14 rows=895 width=0) (actual time=10780.629..11359.319 rows=1386 loops=1)
  Hash Cond: (mk.movie_id = t.id)
  ->  Seq Scan on movie_keyword mk  (cost=0.00..69693.30 rows=4523930 width=4) (actual time=0.019..964.305 rows=4523930 loops=1)
  ->  Hash  (cost=709671.90..709671.90 rows=500 width=8) (actual time=9570.821..9570.821 rows=3895 loops=1)
        Buckets: 4096 (originally 1024)  Batches: 1 (originally 1)  Memory Usage: 185kB
        ->  Nested Loop  (cost=0.43..709671.90 rows=500 width=8) (actual time=953.976..9569.082 rows=3895 loops=1)
              ->  Seq Scan on cast_info ci  (cost=0.00..705507.15 rows=500 width=4) (actual time=953.871..9522.157 rows=3895 loops=1)
                    Filter: (person_id = 3005042)
                    Rows Removed by Filter: 36240449
              ->  Index Only Scan using title_pkey on title t  (cost=0.43..8.32 rows=1 width=4) (actual time=0.011..0.011 rows=1 loops=3895)
                    Index Cond: (id = ci.movie_id)
                    Heap Fetches: 3895
Planning time: 1.242 ms
Execution time: 11359.590 ms
