Hash Join  (cost=709678.15..1074363.23 rows=2915 width=0) (actual time=11036.041..17942.774 rows=211 loops=1)
  Hash Cond: (mi.movie_id = t.id)
  ->  Seq Scan on movie_info mi  (cost=0.00..309384.22 rows=14739122 width=4) (actual time=0.019..4396.180 rows=14835720 loops=1)
  ->  Hash  (cost=709671.90..709671.90 rows=500 width=8) (actual time=10958.607..10958.607 rows=22 loops=1)
        Buckets: 1024  Batches: 1  Memory Usage: 9kB
        ->  Nested Loop  (cost=0.43..709671.90 rows=500 width=8) (actual time=9821.627..10958.584 rows=22 loops=1)
              ->  Seq Scan on cast_info ci  (cost=0.00..705507.15 rows=500 width=4) (actual time=9820.531..10957.045 rows=22 loops=1)
                    Filter: (person_id = 2112746)
                    Rows Removed by Filter: 36244322
              ->  Index Only Scan using title_pkey on title t  (cost=0.43..8.32 rows=1 width=4) (actual time=0.067..0.067 rows=1 loops=22)
                    Index Cond: (id = ci.movie_id)
                    Heap Fetches: 22
Planning time: 1.195 ms
Execution time: 17943.085 ms
