Hash Join  (cost=142708.74..253547.30 rows=461092 width=0) (actual time=3100.490..6171.939 rows=2717407 loops=1)
  Hash Cond: (mk.movie_id = t.id)
  ->  Seq Scan on movie_keyword mk  (cost=0.00..81003.12 rows=1982805 width=4) (actual time=0.027..1512.080 rows=1988234 loops=1)
        Filter: (keyword_id > 6314)
        Rows Removed by Filter: 2535696
  ->  Hash  (cost=133061.78..133061.78 rows=587997 width=8) (actual time=3099.039..3099.039 rows=715839 loops=1)
        Buckets: 131072 (originally 131072)  Batches: 16 (originally 8)  Memory Usage: 3073kB
        ->  Hash Join  (cost=85280.32..133061.78 rows=587997 width=8) (actual time=1371.412..2860.977 rows=715839 loops=1)
              Hash Cond: (mi_idx.movie_id = t.id)
              ->  Seq Scan on movie_info_idx mi_idx  (cost=0.00..21735.35 rows=1380035 width=4) (actual time=0.016..381.881 rows=1380035 loops=1)
              ->  Hash  (cost=67604.59..67604.59 rows=1077339 width=4) (actual time=1370.604..1370.604 rows=1074765 loops=1)
                    Buckets: 131072  Batches: 16  Memory Usage: 3388kB
                    ->  Seq Scan on title t  (cost=0.00..67604.59 rows=1077339 width=4) (actual time=0.016..1034.016 rows=1074765 loops=1)
                          Filter: (production_year < 2001)
                          Rows Removed by Filter: 1453547
Planning time: 2.440 ms
Execution time: 6474.034 ms
