Hash Join  (cost=67697.55..418707.22 rows=3718 width=0) (actual time=2988.878..5609.168 rows=6012 loops=1)
  Hash Cond: (mi.movie_id = t.id)
  ->  Seq Scan on movie_info mi  (cost=0.00..346232.03 rows=1264125 width=4) (actual time=1894.077..4511.990 rows=1288928 loops=1)
        Filter: (info_type_id = 2)
        Rows Removed by Filter: 13546792
  ->  Hash  (cost=67604.59..67604.59 rows=7437 width=4) (actual time=869.398..869.398 rows=5945 loops=1)
        Buckets: 8192  Batches: 1  Memory Usage: 274kB
        ->  Seq Scan on title t  (cost=0.00..67604.59 rows=7437 width=4) (actual time=157.441..866.704 rows=5945 loops=1)
              Filter: (production_year = 1911)
              Rows Removed by Filter: 2522367
Planning time: 0.774 ms
Execution time: 5610.269 ms
