Seq Scan on cast_info ci  (cost=0.00..705507.15 rows=500 width=0) (actual time=8013.650..10103.130 rows=4 loops=1)
  Filter: (person_id = 3045864)
  Rows Removed by Filter: 36244340
Planning time: 6.530 ms
Execution time: 10103.236 ms
