Hash Join  (cost=28270.40..83271.80 rows=140 width=0) (actual time=387.934..1326.101 rows=3916 loops=1)
  Hash Cond: (mc.movie_id = t.id)
  ->  Seq Scan on movie_companies mc  (cost=0.00..51404.11 rows=958904 width=4) (actual time=0.026..800.016 rows=959116 loops=1)
        Filter: (company_id < 3890)
        Rows Removed by Filter: 1650013
  ->  Hash  (cost=28265.80..28265.80 rows=368 width=8) (actual time=384.562..384.562 rows=260 loops=1)
        Buckets: 1024  Batches: 1  Memory Usage: 19kB
        ->  Nested Loop  (cost=0.43..28265.80 rows=368 width=8) (actual time=185.765..384.456 rows=260 loops=1)
              ->  Seq Scan on movie_info_idx mi_idx  (cost=0.00..25185.44 rows=368 width=4) (actual time=185.701..379.137 rows=260 loops=1)
                    Filter: (info_type_id > 101)
                    Rows Removed by Filter: 1379775
              ->  Index Only Scan using title_pkey on title t  (cost=0.43..8.36 rows=1 width=4) (actual time=0.020..0.020 rows=1 loops=260)
                    Index Cond: (id = mi_idx.movie_id)
                    Heap Fetches: 260
Planning time: 1.116 ms
Execution time: 1326.761 ms
