Seq Scan on movie_keyword mk  (cost=0.00..81003.12 rows=1261090 width=0) (actual time=0.026..1264.711 rows=1270271 loops=1)
  Filter: (keyword_id > 14009)
  Rows Removed by Filter: 3253659
Planning time: 0.319 ms
Execution time: 1430.360 ms
