Hash Join  (cost=182529.89..1324090.76 rows=10489670 width=0) (actual time=4015.475..40927.298 rows=29615644 loops=1)
  Hash Cond: (ci.movie_id = t.id)
  ->  Seq Scan on cast_info ci  (cost=0.00..614943.12 rows=36225612 width=4) (actual time=0.017..11833.589 rows=36244344 loops=1)
  ->  Hash  (cost=170516.73..170516.73 rows=732173 width=8) (actual time=4014.578..4014.578 rows=890680 loops=1)
        Buckets: 131072  Batches: 16  Memory Usage: 3191kB
        ->  Hash Join  (cost=91342.70..170516.73 rows=732173 width=8) (actual time=1848.165..3493.041 rows=890680 loops=1)
              Hash Cond: (mc.movie_id = t.id)
              ->  Seq Scan on movie_companies mc  (cost=0.00..51404.11 rows=1279517 width=4) (actual time=331.645..920.930 rows=1274246 loops=1)
                    Filter: (company_type_id < 2)
                    Rows Removed by Filter: 1334883
              ->  Hash  (cost=67604.59..67604.59 rows=1446889 width=4) (actual time=1515.452..1515.452 rows=1443298 loops=1)
                    Buckets: 131072  Batches: 32  Memory Usage: 2608kB
                    ->  Seq Scan on title t  (cost=0.00..67604.59 rows=1446889 width=4) (actual time=0.019..1069.509 rows=1443298 loops=1)
                          Filter: (production_year < 2006)
                          Rows Removed by Filter: 1085014
Planning time: 1.095 ms
Execution time: 43960.449 ms
