Seq Scan on movie_companies mc  (cost=0.00..51404.11 rows=2500515 width=0) (actual time=0.025..919.769 rows=2500180 loops=1)
  Filter: (company_id < 152474)
  Rows Removed by Filter: 108949
Planning time: 0.307 ms
Execution time: 1240.512 ms
