Seq Scan on cast_info ci  (cost=0.00..705507.15 rows=500 width=0) (actual time=1506.023..9671.596 rows=98 loops=1)
  Filter: (person_id = 2661775)
  Rows Removed by Filter: 36244246
Planning time: 0.367 ms
Execution time: 9671.717 ms
