Seq Scan on movie_companies mc  (cost=0.00..57926.93 rows=71225 width=0) (actual time=463.854..777.725 rows=138848 loops=1)
  Filter: ((company_id > 136900) AND (company_type_id > 1))
  Rows Removed by Filter: 2470281
Planning time: 0.309 ms
Execution time: 795.351 ms
