Hash Join  (cost=101322.79..910719.58 rows=14888 width=0) (actual time=8902.900..14875.296 rows=50682 loops=1)
  Hash Cond: (ci.movie_id = t.id)
  ->  Seq Scan on cast_info ci  (cost=0.00..796071.18 rows=3513796 width=4) (actual time=7163.998..11958.758 rows=7044993 loops=1)
        Filter: ((person_id < 963256) AND (role_id < 2))
        Rows Removed by Filter: 29199351
  ->  Hash  (cost=101188.88..101188.88 rows=10713 width=8) (actual time=1737.917..1737.917 rows=9999 loops=1)
        Buckets: 16384  Batches: 1  Memory Usage: 519kB
        ->  Hash Join  (cost=74171.27..101188.88 rows=10713 width=8) (actual time=1122.165..1734.363 rows=9999 loops=1)
              Hash Cond: (mi_idx.movie_id = t.id)
              ->  Seq Scan on movie_info_idx mi_idx  (cost=0.00..21735.35 rows=1380035 width=4) (actual time=0.023..304.533 rows=1380035 loops=1)
              ->  Hash  (cost=73925.90..73925.90 rows=19629 width=4) (actual time=1121.938..1121.938 rows=21543 loops=1)
                    Buckets: 32768  Batches: 1  Memory Usage: 1014kB
                    ->  Seq Scan on title t  (cost=0.00..73925.90 rows=19629 width=4) (actual time=0.416..1112.435 rows=21543 loops=1)
                          Filter: ((kind_id > 3) AND (production_year = 1994))
                          Rows Removed by Filter: 2506769
Planning time: 1.162 ms
Execution time: 14882.650 ms
