Hash Join  (cost=97544.66..462518.80 rows=31821 width=0) (actual time=836.255..7723.932 rows=71470 loops=1)
  Hash Cond: (mi.movie_id = t.id)
  ->  Seq Scan on movie_info mi  (cost=0.00..309384.22 rows=14739122 width=4) (actual time=0.015..3764.060 rows=14835720 loops=1)
  ->  Hash  (cost=97476.43..97476.43 rows=5459 width=8) (actual time=835.951..835.951 rows=6058 loops=1)
        Buckets: 8192  Batches: 1  Memory Usage: 301kB
        ->  Nested Loop  (cost=0.43..97476.43 rows=5459 width=8) (actual time=0.155..833.158 rows=6058 loops=1)
              ->  Seq Scan on movie_companies mc  (cost=0.00..57926.93 rows=5459 width=4) (actual time=0.081..756.496 rows=6058 loops=1)
                    Filter: ((company_type_id < 2) AND (company_id = 11203))
                    Rows Removed by Filter: 2603071
              ->  Index Only Scan using title_pkey on title t  (cost=0.43..7.23 rows=1 width=4) (actual time=0.012..0.012 rows=1 loops=6058)
                    Index Cond: (id = mc.movie_id)
                    Heap Fetches: 6058
Planning time: 1.528 ms
Execution time: 7734.663 ms
