Hash Join  (cost=260899.11..1036684.09 rows=2588566 width=0) (actual time=6639.330..21968.101 rows=4121530 loops=1)
  Hash Cond: (ci.movie_id = t.id)
  ->  Seq Scan on cast_info ci  (cost=0.00..705507.15 rows=2735034 width=4) (actual time=510.812..12722.196 rows=2728943 loops=1)
        Filter: (role_id = 4)
        Rows Removed by Filter: 33515401
  ->  Hash  (cost=221636.14..221636.14 rows=2393118 width=8) (actual time=6127.398..6127.398 rows=2391757 loops=1)
        Buckets: 131072  Batches: 32  Memory Usage: 3901kB
        ->  Hash Join  (cost=102767.86..221636.14 rows=2393118 width=8) (actual time=1874.725..5431.332 rows=2391757 loops=1)
              Hash Cond: (mc.movie_id = t.id)
              ->  Seq Scan on movie_companies mc  (cost=0.00..51404.11 rows=2393118 width=4) (actual time=0.044..1179.447 rows=2391757 loops=1)
                    Filter: (company_id < 108635)
                    Rows Removed by Filter: 217372
              ->  Hash  (cost=61283.27..61283.27 rows=2528527 width=4) (actual time=1873.842..1873.842 rows=2528312 loops=1)
                    Buckets: 131072  Batches: 64  Memory Usage: 2415kB
                    ->  Seq Scan on title t  (cost=0.00..61283.27 rows=2528527 width=4) (actual time=0.031..1042.159 rows=2528312 loops=1)
Planning time: 0.721 ms
Execution time: 22504.160 ms
