Seq Scan on movie_companies mc  (cost=0.00..51404.11 rows=1716473 width=0) (actual time=0.025..937.276 rows=1709115 loops=1)
  Filter: (company_id < 21427)
  Rows Removed by Filter: 900014
Planning time: 0.242 ms
Execution time: 1152.420 ms
