Seq Scan on cast_info ci  (cost=0.00..705507.15 rows=12689190 width=0) (actual time=0.023..11224.832 rows=12638515 loops=1)
  Filter: (person_id < 1247074)
  Rows Removed by Filter: 23605829
Planning time: 0.318 ms
Execution time: 12786.467 ms
