Hash Join  (cost=86355.48..467498.56 rows=657524 width=0) (actual time=3199.346..8838.458 rows=1650073 loops=1)
  Hash Cond: (mi.movie_id = t.id)
  ->  Seq Scan on movie_info mi  (cost=0.00..346232.03 rows=2194617 width=4) (actual time=1768.487..5121.371 rows=2233850 loops=1)
        Filter: (info_type_id > 16)
        Rows Removed by Filter: 12601870
  ->  Hash  (cost=73925.90..73925.90 rows=757566 width=4) (actual time=1383.058..1383.058 rows=773297 loops=1)
        Buckets: 131072  Batches: 16  Memory Usage: 2732kB
        ->  Seq Scan on title t  (cost=0.00..73925.90 rows=757566 width=4) (actual time=0.019..1147.458 rows=773297 loops=1)
              Filter: ((kind_id < 4) AND (production_year < 2012))
              Rows Removed by Filter: 1755015
Planning time: 2.296 ms
Execution time: 9049.168 ms
