Seq Scan on movie_companies mc  (cost=0.00..57926.93 rows=1082165 width=0) (actual time=3.674..905.935 rows=845245 loops=1)
  Filter: ((company_id < 74784) AND (company_type_id > 1))
  Rows Removed by Filter: 1763884
Planning time: 0.328 ms
Execution time: 998.470 ms
