Seq Scan on movie_keyword mk  (cost=0.00..81003.12 rows=1039229 width=0) (actual time=0.020..1242.708 rows=1049328 loops=1)
  Filter: (keyword_id > 16909)
  Rows Removed by Filter: 3474602
Planning time: 0.317 ms
Execution time: 1378.173 ms
