Nested Loop  (cost=87687.83..954870.32 rows=21154 width=0) (actual time=2086.373..12298.076 rows=16844 loops=1)
  ->  Hash Join  (cost=87687.40..909569.14 rows=85237 width=8) (actual time=2086.242..11950.327 rows=33079 loops=1)
        Hash Cond: (ci.movie_id = mc.movie_id)
        ->  Seq Scan on cast_info ci  (cost=0.00..796071.18 rows=33157 width=4) (actual time=466.565..9864.805 rows=13167 loops=1)
              Filter: ((person_id < 5461) AND (role_id > 1))
              Rows Removed by Filter: 36231177
        ->  Hash  (cost=44881.29..44881.29 rows=2609129 width=4) (actual time=1618.262..1618.262 rows=2609129 loops=1)
              Buckets: 131072  Batches: 64  Memory Usage: 2452kB
              ->  Seq Scan on movie_companies mc  (cost=0.00..44881.29 rows=2609129 width=4) (actual time=0.036..780.462 rows=2609129 loops=1)
  ->  Index Scan using title_pkey on title t  (cost=0.43..0.52 rows=1 width=4) (actual time=0.010..0.010 rows=1 loops=33079)
        Index Cond: (id = mc.movie_id)
        Filter: ((kind_id > 1) AND (production_year > 1967))
        Rows Removed by Filter: 0
Planning time: 1.173 ms
Execution time: 12301.332 ms
