Hash Join  (cost=103574.60..738167.42 rows=12779799 width=0) (actual time=1868.852..18412.727 rows=11945373 loops=1)
  Hash Cond: (mi.movie_id = t.id)
  ->  Seq Scan on movie_info mi  (cost=0.00..309384.22 rows=14739122 width=4) (actual time=0.023..5468.864 rows=14835720 loops=1)
  ->  Hash  (cost=67604.59..67604.59 rows=2192401 width=4) (actual time=1866.928..1866.928 rows=2182316 loops=1)
        Buckets: 131072  Batches: 32  Memory Usage: 3434kB
        ->  Seq Scan on title t  (cost=0.00..67604.59 rows=2192401 width=4) (actual time=0.012..1138.454 rows=2182316 loops=1)
              Filter: (production_year > 1962)
              Rows Removed by Filter: 345996
Planning time: 0.742 ms
Execution time: 19734.416 ms
