Hash Join  (cost=69687.24..132612.91 rows=18733 width=0) (actual time=971.469..1816.107 rows=3508 loops=1)
  Hash Cond: (mc.movie_id = t.id)
  ->  Seq Scan on movie_companies mc  (cost=0.00..57926.93 rows=373176 width=4) (actual time=0.031..804.141 rows=58608 loops=1)
        Filter: ((company_id > 34458) AND (company_type_id = 1))
        Rows Removed by Filter: 2550521
  ->  Hash  (cost=67604.59..67604.59 rows=126932 width=4) (actual time=970.612..970.612 rows=122861 loops=1)
        Buckets: 131072  Batches: 2  Memory Usage: 3191kB
        ->  Seq Scan on title t  (cost=0.00..67604.59 rows=126932 width=4) (actual time=0.028..924.202 rows=122861 loops=1)
              Filter: (production_year = 2008)
              Rows Removed by Filter: 2405451
Planning time: 1.311 ms
Execution time: 1817.057 ms
