Seq Scan on movie_keyword mk  (cost=0.00..81003.12 rows=2183842 width=0) (actual time=0.010..1373.084 rows=2182733 loops=1)
  Filter: (keyword_id > 5191)
  Rows Removed by Filter: 2341197
Planning time: 0.313 ms
Execution time: 1652.468 ms
