Hash Join  (cost=174865.45..288629.47 rows=695714 width=0) (actual time=4068.264..7450.838 rows=2929802 loops=1)
  Hash Cond: (mk.movie_id = t.id)
  ->  Seq Scan on movie_keyword mk  (cost=0.00..81003.12 rows=1922335 width=4) (actual time=0.014..1606.207 rows=1939647 loops=1)
        Filter: (keyword_id < 3338)
        Rows Removed by Filter: 2584283
  ->  Hash  (cost=159851.69..159851.69 rows=915101 width=8) (actual time=4065.888..4065.888 rows=919850 loops=1)
        Buckets: 131072  Batches: 16  Memory Usage: 3282kB
        ->  Hash Join  (cost=102767.86..159851.69 rows=915101 width=8) (actual time=2108.402..3808.040 rows=919850 loops=1)
              Hash Cond: (mi_idx.movie_id = t.id)
              ->  Seq Scan on movie_info_idx mi_idx  (cost=0.00..25185.44 rows=915101 width=4) (actual time=0.022..603.263 rows=919850 loops=1)
                    Filter: (info_type_id < 101)
                    Rows Removed by Filter: 460185
              ->  Hash  (cost=61283.27..61283.27 rows=2528527 width=4) (actual time=2107.146..2107.146 rows=2528312 loops=1)
                    Buckets: 131072  Batches: 64  Memory Usage: 2415kB
                    ->  Seq Scan on title t  (cost=0.00..61283.27 rows=2528527 width=4) (actual time=0.024..1239.562 rows=2528312 loops=1)
Planning time: 5.390 ms
Execution time: 7795.374 ms
