Seq Scan on movie_companies mc  (cost=0.00..51404.11 rows=655942 width=0) (actual time=277.598..877.018 rows=661023 loops=1)
  Filter: (company_id > 52374)
  Rows Removed by Filter: 1948106
Planning time: 0.233 ms
Execution time: 962.180 ms
