Seq Scan on title t  (cost=0.00..73925.90 rows=275106 width=0) (actual time=0.025..1179.299 rows=279471 loops=1)
  Filter: ((kind_id > 2) AND (production_year > 2010))
  Rows Removed by Filter: 2248841
Planning time: 0.306 ms
Execution time: 1217.056 ms
