Seq Scan on movie_companies mc  (cost=0.00..51404.11 rows=1435091 width=0) (actual time=0.017..915.619 rows=1440591 loops=1)
  Filter: (company_id > 9749)
  Rows Removed by Filter: 1168538
Planning time: 0.226 ms
Execution time: 1081.184 ms
