Seq Scan on cast_info ci  (cost=0.00..796071.18 rows=324 width=0) (actual time=10683.965..14292.354 rows=8 loops=1)
  Filter: ((role_id > 1) AND (person_id = 2457831))
  Rows Removed by Filter: 36244336
Planning time: 0.406 ms
Execution time: 14292.469 ms
