Hash Join  (cost=442626.29..1308195.23 rows=215226 width=0) (actual time=7580.997..26668.165 rows=660963 loops=1)
  Hash Cond: (ci.movie_id = t.id)
  ->  Seq Scan on cast_info ci  (cost=0.00..796071.18 rows=5792665 width=4) (actual time=18.018..15860.144 rows=7451973 loops=1)
        Filter: ((person_id < 2919760) AND (role_id = 2))
        Rows Removed by Filter: 28792371
  ->  Hash  (cost=441084.96..441084.96 rows=93947 width=8) (actual time=7561.997..7561.997 rows=191310 loops=1)
        Buckets: 131072 (originally 131072)  Batches: 4 (originally 2)  Memory Usage: 3073kB
        ->  Hash Join  (cost=69484.36..441084.96 rows=93947 width=8) (actual time=2268.305..7488.699 rows=191310 loops=1)
              Hash Cond: (mi.movie_id = t.id)
              ->  Seq Scan on movie_info mi  (cost=0.00..346232.03 rows=2073893 width=4) (actual time=1012.530..5496.106 rows=2091068 loops=1)
                    Filter: (info_type_id < 3)
                    Rows Removed by Filter: 12744652
              ->  Hash  (cost=67604.59..67604.59 rows=114542 width=4) (actual time=1076.043..1076.043 rows=118234 loops=1)
                    Buckets: 131072  Batches: 2  Memory Usage: 3107kB
                    ->  Seq Scan on title t  (cost=0.00..67604.59 rows=114542 width=4) (actual time=343.364..1034.334 rows=118234 loops=1)
                          Filter: (kind_id = 4)
                          Rows Removed by Filter: 2410078
Planning time: 4.636 ms
Execution time: 26750.728 ms
