Hash Join  (cost=219548.23..303701.50 rows=660374 width=0) (actual time=4448.801..7387.359 rows=3878439 loops=1)
  Hash Cond: (mc.movie_id = t.id)
  ->  Seq Scan on movie_companies mc  (cost=0.00..44881.29 rows=2609129 width=4) (actual time=0.024..929.359 rows=2609129 loops=1)
  ->  Hash  (cost=209048.56..209048.56 rows=639974 width=8) (actual time=4447.688..4447.688 rows=641482 loops=1)
        Buckets: 131072  Batches: 16  Memory Usage: 2616kB
        ->  Hash Join  (cost=102767.86..209048.56 rows=639974 width=8) (actual time=2017.977..4280.695 rows=641482 loops=1)
              Hash Cond: (mk.movie_id = t.id)
              ->  Seq Scan on movie_keyword mk  (cost=0.00..81003.12 rows=639974 width=4) (actual time=0.029..1406.513 rows=641482 loops=1)
                    Filter: (keyword_id < 497)
                    Rows Removed by Filter: 3882448
              ->  Hash  (cost=61283.27..61283.27 rows=2528527 width=4) (actual time=2016.918..2016.918 rows=2528312 loops=1)
                    Buckets: 131072  Batches: 64  Memory Usage: 2425kB
                    ->  Seq Scan on title t  (cost=0.00..61283.27 rows=2528527 width=4) (actual time=0.021..1163.232 rows=2528312 loops=1)
Planning time: 2.098 ms
Execution time: 7752.099 ms
