Hash Join  (cost=106379.22..859240.76 rows=207230 width=0) (actual time=1867.715..18812.214 rows=405658 loops=1)
  Hash Cond: (ci.movie_id = t.id)
  ->  Seq Scan on cast_info ci  (cost=0.00..614943.12 rows=36225612 width=4) (actual time=0.013..8361.770 rows=36244344 loops=1)
  ->  Hash  (cost=106198.41..106198.41 rows=14465 width=8) (actual time=1867.420..1867.420 rows=13024 loops=1)
        Buckets: 16384  Batches: 1  Memory Usage: 637kB
        ->  Hash Join  (cost=75227.65..106198.41 rows=14465 width=8) (actual time=1147.701..1862.865 rows=13024 loops=1)
              Hash Cond: (mi_idx.movie_id = t.id)
              ->  Seq Scan on movie_info_idx mi_idx  (cost=0.00..25185.44 rows=460978 width=4) (actual time=0.025..352.319 rows=459925 loops=1)
                    Filter: (info_type_id = 99)
                    Rows Removed by Filter: 920110
              ->  Hash  (cost=73925.90..73925.90 rows=79340 width=4) (actual time=1146.798..1146.798 rows=92312 loops=1)
                    Buckets: 131072  Batches: 2  Memory Usage: 2648kB
                    ->  Seq Scan on title t  (cost=0.00..73925.90 rows=79340 width=4) (actual time=0.052..1112.224 rows=92312 loops=1)
                          Filter: ((kind_id > 1) AND (production_year = 2006))
                          Rows Removed by Filter: 2436000
Planning time: 1.194 ms
Execution time: 18891.273 ms
