Hash Join  (cost=191319.35..342202.37 rows=2370498 width=0) (actual time=4494.864..10488.911 rows=10408426 loops=1)
  Hash Cond: (mk.movie_id = t.id)
  ->  Seq Scan on movie_keyword mk  (cost=0.00..69693.30 rows=4523930 width=4) (actual time=0.011..1429.818 rows=4523930 loops=1)
  ->  Hash  (cost=169581.79..169581.79 rows=1324925 width=8) (actual time=4493.439..4493.439 rows=1369193 loops=1)
        Buckets: 131072  Batches: 32  Memory Usage: 2712kB
        ->  Hash Join  (cost=107432.01..169581.79 rows=1324925 width=8) (actual time=2196.417..4080.390 rows=1369193 loops=1)
              Hash Cond: (mi_idx.movie_id = t.id)
              ->  Seq Scan on movie_info_idx mi_idx  (cost=0.00..21735.35 rows=1380035 width=4) (actual time=0.023..441.128 rows=1380035 loops=1)
              ->  Hash  (cost=67604.59..67604.59 rows=2427554 width=4) (actual time=2195.478..2195.478 rows=2421168 loops=1)
                    Buckets: 131072  Batches: 32  Memory Usage: 3685kB
                    ->  Seq Scan on title t  (cost=0.00..67604.59 rows=2427554 width=4) (actual time=0.021..1398.975 rows=2421168 loops=1)
                          Filter: (production_year > 1911)
                          Rows Removed by Filter: 107144
Planning time: 0.759 ms
Execution time: 11662.920 ms
