Seq Scan on cast_info ci  (cost=0.00..796071.18 rows=143580 width=0) (actual time=7439.998..11837.714 rows=508180 loops=1)
  Filter: ((person_id > 3060566) AND (role_id = 5))
  Rows Removed by Filter: 35736164
Planning time: 0.358 ms
Execution time: 11899.432 ms
