Hash Join  (cost=99026.19..545024.93 rows=3008323 width=0) (actual time=3227.341..11389.263 rows=1861801 loops=1)
  Hash Cond: (mi.movie_id = t.id)
  ->  Seq Scan on movie_info mi  (cost=0.00..346232.03 rows=4972096 width=4) (actual time=1215.400..5910.195 rows=4923966 loops=1)
        Filter: (info_type_id < 5)
        Rows Removed by Filter: 9911754
  ->  Hash  (cost=73925.90..73925.90 rows=1529863 width=4) (actual time=2011.023..2011.023 rows=1649539 loops=1)
        Buckets: 131072  Batches: 32  Memory Usage: 2850kB
        ->  Seq Scan on title t  (cost=0.00..73925.90 rows=1529863 width=4) (actual time=0.028..1469.798 rows=1649539 loops=1)
              Filter: ((kind_id > 1) AND (production_year > 1970))
              Rows Removed by Filter: 878773
Planning time: 0.605 ms
Execution time: 11622.744 ms
