Seq Scan on movie_keyword mk  (cost=0.00..81003.12 rows=246 width=0) (actual time=58.317..1091.318 rows=17 loops=1)
  Filter: (keyword_id = 19875)
  Rows Removed by Filter: 4523913
Planning time: 0.386 ms
Execution time: 1091.426 ms
