Seq Scan on movie_keyword mk  (cost=0.00..81003.12 rows=246 width=0) (actual time=0.106..1260.778 rows=1724 loops=1)
  Filter: (keyword_id = 5740)
  Rows Removed by Filter: 4522206
Planning time: 0.297 ms
Execution time: 1261.431 ms
