Seq Scan on movie_keyword mk  (cost=0.00..81003.12 rows=2953140 width=0) (actual time=0.025..1633.529 rows=2944318 loops=1)
  Filter: (keyword_id > 2395)
  Rows Removed by Filter: 1579612
Planning time: 0.243 ms
Execution time: 2000.512 ms
