Seq Scan on movie_keyword mk  (cost=0.00..81003.12 rows=98906 width=0) (actual time=0.077..1224.504 rows=96891 loops=1)
  Filter: (keyword_id > 83114)
  Rows Removed by Filter: 4427039
Planning time: 0.294 ms
Execution time: 1238.556 ms
