Hash Join  (cost=102767.86..186853.25 rows=676582 width=0) (actual time=1850.763..3675.328 rows=429708 loops=1)
  Hash Cond: (mc.movie_id = t.id)
  ->  Seq Scan on movie_companies mc  (cost=0.00..57926.93 rows=676582 width=4) (actual time=0.203..1032.435 rows=429708 loops=1)
        Filter: ((company_id < 11373) AND (company_type_id > 1))
        Rows Removed by Filter: 2179421
  ->  Hash  (cost=61283.27..61283.27 rows=2528527 width=4) (actual time=1849.243..1849.243 rows=2528312 loops=1)
        Buckets: 131072  Batches: 64  Memory Usage: 2415kB
        ->  Seq Scan on title t  (cost=0.00..61283.27 rows=2528527 width=4) (actual time=0.019..1005.244 rows=2528312 loops=1)
Planning time: 0.728 ms
Execution time: 3733.305 ms
