Hash Join  (cost=83072.76..137738.67 rows=39 width=0) (actual time=1511.473..2740.155 rows=421 loops=1)
  Hash Cond: (mc.movie_id = t.id)
  ->  Seq Scan on movie_companies mc  (cost=0.00..44881.29 rows=2609129 width=4) (actual time=0.016..758.016 rows=2609129 loops=1)
  ->  Hash  (cost=83072.29..83072.29 rows=38 width=8) (actual time=1510.536..1510.536 rows=174 loops=1)
        Buckets: 1024  Batches: 1  Memory Usage: 15kB
        ->  Nested Loop  (cost=0.43..83072.29 rows=38 width=8) (actual time=8.390..1510.291 rows=174 loops=1)
              ->  Seq Scan on movie_keyword mk  (cost=0.00..81003.12 rows=246 width=4) (actual time=2.143..1353.024 rows=2038 loops=1)
                    Filter: (keyword_id = 430)
                    Rows Removed by Filter: 4521892
              ->  Index Scan using title_pkey on title t  (cost=0.43..8.40 rows=1 width=4) (actual time=0.076..0.076 rows=0 loops=2038)
                    Index Cond: (id = mk.movie_id)
                    Filter: (production_year > 2010)
                    Rows Removed by Filter: 1
Planning time: 1.154 ms
Execution time: 2740.453 ms
