Hash Join  (cost=69179.59..582134.22 rows=528853 width=0) (actual time=1097.793..13797.295 rows=494796 loops=1)
  Hash Cond: (mi.movie_id = t.id)
  ->  Seq Scan on movie_info mi  (cost=0.00..346232.03 rows=13929354 width=4) (actual time=0.020..7643.535 rows=14033580 loops=1)
        Filter: (info_type_id > 1)
        Rows Removed by Filter: 802140
  ->  Hash  (cost=67604.59..67604.59 rows=96000 width=4) (actual time=1096.905..1096.905 rows=95005 loops=1)
        Buckets: 131072  Batches: 2  Memory Usage: 2722kB
        ->  Seq Scan on title t  (cost=0.00..67604.59 rows=96000 width=4) (actual time=0.013..1058.795 rows=95005 loops=1)
              Filter: (production_year = 2005)
              Rows Removed by Filter: 2433307
Planning time: 3.969 ms
Execution time: 13863.410 ms
