Hash Join  (cost=83073.49..109984.49 rows=52 width=0) (actual time=1312.321..1874.920 rows=1697 loops=1)
  Hash Cond: (mi_idx.movie_id = t.id)
  ->  Seq Scan on movie_info_idx mi_idx  (cost=0.00..21735.35 rows=1380035 width=4) (actual time=0.028..301.763 rows=1380035 loops=1)
  ->  Hash  (cost=83072.29..83072.29 rows=96 width=8) (actual time=1309.835..1309.835 rows=628 loops=1)
        Buckets: 1024  Batches: 1  Memory Usage: 33kB
        ->  Nested Loop  (cost=0.43..83072.29 rows=96 width=8) (actual time=2.748..1309.326 rows=628 loops=1)
              ->  Seq Scan on movie_keyword mk  (cost=0.00..81003.12 rows=246 width=4) (actual time=2.672..1271.956 rows=657 loops=1)
                    Filter: (keyword_id = 10035)
                    Rows Removed by Filter: 4523273
              ->  Index Scan using title_pkey on title t  (cost=0.43..8.40 rows=1 width=4) (actual time=0.055..0.055 rows=1 loops=657)
                    Index Cond: (id = mk.movie_id)
                    Filter: (kind_id < 7)
                    Rows Removed by Filter: 0
Planning time: 1.120 ms
Execution time: 1875.372 ms
