Hash Join  (cost=102767.86..1515901.91 rows=25233654 width=0) (actual time=1915.764..44096.084 rows=27360740 loops=1)
  Hash Cond: (ci.movie_id = t.id)
  ->  Seq Scan on cast_info ci  (cost=0.00..796071.18 rows=25233654 width=4) (actual time=0.018..19515.672 rows=27360740 loops=1)
        Filter: ((person_id < 2937797) AND (role_id < 10))
        Rows Removed by Filter: 8883604
  ->  Hash  (cost=61283.27..61283.27 rows=2528527 width=4) (actual time=1914.372..1914.372 rows=2528312 loops=1)
        Buckets: 131072  Batches: 64  Memory Usage: 2415kB
        ->  Seq Scan on title t  (cost=0.00..61283.27 rows=2528527 width=4) (actual time=0.021..1077.975 rows=2528312 loops=1)
Planning time: 0.750 ms
Execution time: 47266.917 ms
