Seq Scan on cast_info ci  (cost=0.00..705507.15 rows=500 width=0) (actual time=8718.406..11239.680 rows=443 loops=1)
  Filter: (person_id = 1874290)
  Rows Removed by Filter: 36243901
Planning time: 0.337 ms
Execution time: 11239.828 ms
