Hash Join  (cost=174868.09..526552.05 rows=39643 width=0) (actual time=3214.289..8831.236 rows=111167 loops=1)
  Hash Cond: (mi.movie_id = t.id)
  ->  Seq Scan on movie_info mi  (cost=0.00..346232.03 rows=1348138 width=4) (actual time=0.021..5147.837 rows=1298989 loops=1)
        Filter: (info_type_id = 4)
        Rows Removed by Filter: 13536731
  ->  Hash  (cost=173938.69..173938.69 rows=74352 width=8) (actual time=3213.462..3213.462 rows=82994 loops=1)
        Buckets: 131072 (originally 131072)  Batches: 2 (originally 1)  Memory Usage: 3073kB
        ->  Hash Join  (cost=76242.82..173938.69 rows=74352 width=8) (actual time=1220.599..3184.475 rows=82994 loops=1)
              Hash Cond: (mk.movie_id = t.id)
              ->  Seq Scan on movie_keyword mk  (cost=0.00..81003.12 rows=1331527 width=4) (actual time=0.019..1500.093 rows=1346080 loops=1)
                    Filter: (keyword_id > 12675)
                    Rows Removed by Filter: 3177850
              ->  Hash  (cost=73925.90..73925.90 rows=141193 width=4) (actual time=1219.770..1219.770 rows=132182 loops=1)
                    Buckets: 131072  Batches: 2  Memory Usage: 3346kB
                    ->  Seq Scan on title t  (cost=0.00..73925.90 rows=141193 width=4) (actual time=0.023..1169.321 rows=132182 loops=1)
                          Filter: ((production_year > 2009) AND (kind_id = 1))
                          Rows Removed by Filter: 2396130
Planning time: 1.137 ms
Execution time: 8845.150 ms
