Hash Join  (cost=83073.05..137738.69 rows=12 width=0) (actual time=1638.371..2532.791 rows=5 loops=1)
  Hash Cond: (mc.movie_id = t.id)
  ->  Seq Scan on movie_companies mc  (cost=0.00..44881.29 rows=2609129 width=4) (actual time=0.021..690.095 rows=2609129 loops=1)
  ->  Hash  (cost=83072.90..83072.90 rows=12 width=8) (actual time=1380.990..1380.990 rows=3 loops=1)
        Buckets: 1024  Batches: 1  Memory Usage: 9kB
        ->  Nested Loop  (cost=0.43..83072.90 rows=12 width=8) (actual time=722.792..1380.979 rows=3 loops=1)
              ->  Seq Scan on movie_keyword mk  (cost=0.00..81003.12 rows=246 width=4) (actual time=10.503..1366.442 rows=94 loops=1)
                    Filter: (keyword_id = 5981)
                    Rows Removed by Filter: 4523836
              ->  Index Scan using title_pkey on title t  (cost=0.43..8.40 rows=1 width=4) (actual time=0.150..0.150 rows=0 loops=94)
                    Index Cond: (id = mk.movie_id)
                    Filter: ((kind_id > 1) AND (production_year = 2011))
                    Rows Removed by Filter: 1
Planning time: 4.767 ms
Execution time: 2532.920 ms
