Hash Join  (cost=492636.47..1644268.55 rows=9158677 width=0) (actual time=9455.735..46088.210 rows=13494612 loops=1)
  Hash Cond: (ci.movie_id = t.id)
  ->  Seq Scan on cast_info ci  (cost=0.00..705507.15 rows=30405364 width=4) (actual time=0.014..17347.832 rows=30511650 loops=1)
        Filter: (role_id < 9)
        Rows Removed by Filter: 5732694
  ->  Hash  (cost=480139.96..480139.96 rows=761641 width=8) (actual time=9454.839..9454.839 rows=794787 loops=1)
        Buckets: 131072  Batches: 16  Memory Usage: 2956kB
        ->  Hash Join  (cost=106623.69..480139.96 rows=761641 width=8) (actual time=4361.982..9215.203 rows=794787 loops=1)
              Hash Cond: (mi.movie_id = t.id)
              ->  Seq Scan on movie_info mi  (cost=0.00..346232.03 rows=809768 width=4) (actual time=1431.901..5172.809 rows=802140 loops=1)
                    Filter: (info_type_id < 2)
                    Rows Removed by Filter: 14033580
              ->  Hash  (cost=67604.59..67604.59 rows=2378248 width=4) (actual time=2929.261..2929.261 rows=2374571 loops=1)
                    Buckets: 131072  Batches: 32  Memory Usage: 3644kB
                    ->  Seq Scan on title t  (cost=0.00..67604.59 rows=2378248 width=4) (actual time=0.026..1342.234 rows=2374571 loops=1)
                          Filter: (production_year > 1918)
                          Rows Removed by Filter: 153741
Planning time: 0.772 ms
Execution time: 47678.293 ms
