Hash Join  (cost=1061992.45..1785753.09 rows=19409890 width=0) (actual time=27436.170..63243.085 rows=70716651 loops=1)
  Hash Cond: (mi.movie_id = t.id)
  ->  Seq Scan on movie_info mi  (cost=0.00..309384.22 rows=14739122 width=4) (actual time=0.020..6013.131 rows=14835720 loops=1)
  ->  Hash  (cost=1007361.87..1007361.87 rows=3329807 width=8) (actual time=27434.182..27434.182 rows=6125380 loops=1)
        Buckets: 131072 (originally 131072)  Batches: 128 (originally 64)  Memory Usage: 3073kB
        ->  Hash Join  (cost=85777.42..1007361.87 rows=3329807 width=8) (actual time=1643.976..25233.539 rows=6125380 loops=1)
              Hash Cond: (ci.movie_id = t.id)
              ->  Seq Scan on cast_info ci  (cost=0.00..796071.18 rows=7601118 width=4) (actual time=0.016..15514.838 rows=11022989 loops=1)
                    Filter: ((person_id > 1910473) AND (role_id > 2))
                    Rows Removed by Filter: 25221355
              ->  Hash  (cost=67604.59..67604.59 rows=1107667 width=4) (actual time=1642.877..1642.877 rows=1107925 loops=1)
                    Buckets: 131072  Batches: 16  Memory Usage: 3460kB
                    ->  Seq Scan on title t  (cost=0.00..67604.59 rows=1107667 width=4) (actual time=0.011..1294.881 rows=1107925 loops=1)
                          Filter: (production_year > 2004)
                          Rows Removed by Filter: 1420387
Planning time: 1.149 ms
Execution time: 71716.087 ms
