Hash Join  (cost=176185.02..305139.02 rows=570596 width=0) (actual time=3311.822..6843.309 rows=1743545 loops=1)
  Hash Cond: (mk.movie_id = t.id)
  ->  Seq Scan on movie_keyword mk  (cost=0.00..69693.30 rows=4523930 width=4) (actual time=0.016..1517.163 rows=4523930 loops=1)
  ->  Hash  (cost=170952.54..170952.54 rows=318919 width=8) (actual time=3310.495..3310.495 rows=104579 loops=1)
        Buckets: 131072  Batches: 8  Memory Usage: 1554kB
        ->  Hash Join  (cost=97066.09..170952.54 rows=318919 width=8) (actual time=1972.799..3277.084 rows=104579 loops=1)
              Hash Cond: (mc.movie_id = t.id)
              ->  Seq Scan on movie_companies mc  (cost=0.00..57926.93 rows=449065 width=4) (actual time=0.030..900.610 rows=134317 loops=1)
                    Filter: ((company_id > 19885) AND (company_type_id < 2))
                    Rows Removed by Filter: 2474812
              ->  Hash  (cost=67604.59..67604.59 rows=1795720 width=4) (actual time=1971.396..1971.396 rows=1794153 loops=1)
                    Buckets: 131072  Batches: 32  Memory Usage: 2992kB
                    ->  Seq Scan on title t  (cost=0.00..67604.59 rows=1795720 width=4) (actual time=0.048..1379.093 rows=1794153 loops=1)
                          Filter: (production_year < 2009)
                          Rows Removed by Filter: 734159
Planning time: 1.115 ms
Execution time: 7012.601 ms
