Hash Join  (cost=78144.34..573940.52 rows=1498525 width=0) (actual time=1356.597..15373.211 rows=4503944 loops=1)
  Hash Cond: (mi.movie_id = t.id)
  ->  Seq Scan on movie_info mi  (cost=0.00..309384.22 rows=14739122 width=4) (actual time=0.021..5916.534 rows=14835720 loops=1)
  ->  Hash  (cost=73925.90..73925.90 rows=257075 width=4) (actual time=1355.655..1355.655 rows=366618 loops=1)
        Buckets: 131072 (originally 131072)  Batches: 8 (originally 4)  Memory Usage: 3073kB
        ->  Seq Scan on title t  (cost=0.00..73925.90 rows=257075 width=4) (actual time=0.017..1229.199 rows=366618 loops=1)
              Filter: ((production_year < 1999) AND (kind_id = 1))
              Rows Removed by Filter: 2161694
Planning time: 0.834 ms
Execution time: 15892.354 ms
