Hash Join  (cost=110215.89..1155393.06 rows=1107204 width=0) (actual time=2015.423..28192.464 rows=2026687 loops=1)
  Hash Cond: (ci.movie_id = t.id)
  ->  Seq Scan on cast_info ci  (cost=0.00..614943.12 rows=36225612 width=4) (actual time=0.017..12620.714 rows=36244344 loops=1)
  ->  Hash  (cost=108947.86..108947.86 rows=77282 width=8) (actual time=2014.200..2014.200 rows=60683 loops=1)
        Buckets: 131072  Batches: 2  Memory Usage: 2208kB
        ->  Hash Join  (cost=69928.56..108947.86 rows=77282 width=8) (actual time=1060.862..1994.427 rows=60683 loops=1)
              Hash Cond: (mi_idx.movie_id = t.id)
              ->  Seq Scan on movie_info_idx mi_idx  (cost=0.00..21735.35 rows=1380035 width=4) (actual time=0.015..437.044 rows=1380035 loops=1)
              ->  Hash  (cost=67604.59..67604.59 rows=141598 width=4) (actual time=1059.780..1059.780 rows=141703 loops=1)
                    Buckets: 131072  Batches: 2  Memory Usage: 3511kB
                    ->  Seq Scan on title t  (cost=0.00..67604.59 rows=141598 width=4) (actual time=0.019..1007.350 rows=141703 loops=1)
                          Filter: (production_year = 2010)
                          Rows Removed by Filter: 2386609
Planning time: 1.084 ms
Execution time: 28466.653 ms
