Seq Scan on movie_companies mc  (cost=0.00..57926.93 rows=51 width=0) (actual time=542.971..729.871 rows=3 loops=1)
  Filter: ((company_id = 22739) AND (company_type_id = 1))
  Rows Removed by Filter: 2609126
Planning time: 0.366 ms
Execution time: 729.965 ms
