Hash Join  (cost=240808.68..413343.35 rows=3683472 width=0) (actual time=6295.948..15431.997 rows=26851547 loops=1)
  Hash Cond: (mk.movie_id = t.id)
  ->  Seq Scan on movie_keyword mk  (cost=0.00..69693.30 rows=4523930 width=4) (actual time=0.022..1377.388 rows=4523930 loops=1)
  ->  Hash  (cost=207030.98..207030.98 rows=2058776 width=8) (actual time=6294.427..6294.427 rows=1801271 loops=1)
        Buckets: 131072  Batches: 32  Memory Usage: 3273kB
        ->  Hash Join  (cost=100338.29..207030.98 rows=2058776 width=8) (actual time=2824.063..5770.393 rows=1801271 loops=1)
              Hash Cond: (mc.movie_id = t.id)
              ->  Seq Scan on movie_companies mc  (cost=0.00..44881.29 rows=2609129 width=4) (actual time=0.019..766.633 rows=2609129 loops=1)
              ->  Hash  (cost=67604.59..67604.59 rows=1995176 width=4) (actual time=2822.740..2822.740 rows=1990655 loops=1)
                    Buckets: 131072  Batches: 32  Memory Usage: 3218kB
                    ->  Seq Scan on title t  (cost=0.00..67604.59 rows=1995176 width=4) (actual time=0.017..1404.542 rows=1990655 loops=1)
                          Filter: (production_year > 1976)
                          Rows Removed by Filter: 537657
Planning time: 1.068 ms
Execution time: 18128.173 ms
