Seq Scan on cast_info ci  (cost=0.00..705507.15 rows=26338895 width=0) (actual time=0.027..12204.191 rows=26380353 loops=1)
  Filter: (person_id < 2725612)
  Rows Removed by Filter: 9863991
Planning time: 0.666 ms
Execution time: 15379.106 ms
