Hash Join  (cost=83072.82..137738.79 rows=44 width=0) (actual time=1557.265..2236.839 rows=18 loops=1)
  Hash Cond: (mc.movie_id = t.id)
  ->  Seq Scan on movie_companies mc  (cost=0.00..44881.29 rows=2609129 width=4) (actual time=0.021..529.878 rows=2609129 loops=1)
  ->  Hash  (cost=83072.29..83072.29 rows=43 width=8) (actual time=1252.093..1252.093 rows=1 loops=1)
        Buckets: 1024  Batches: 1  Memory Usage: 9kB
        ->  Nested Loop  (cost=0.43..83072.29 rows=43 width=8) (actual time=54.307..1252.079 rows=1 loops=1)
              ->  Seq Scan on movie_keyword mk  (cost=0.00..81003.12 rows=246 width=4) (actual time=54.236..1251.112 rows=17 loops=1)
                    Filter: (keyword_id = 35347)
                    Rows Removed by Filter: 4523913
              ->  Index Scan using title_pkey on title t  (cost=0.43..8.40 rows=1 width=4) (actual time=0.050..0.050 rows=0 loops=17)
                    Index Cond: (id = mk.movie_id)
                    Filter: (production_year < 1975)
                    Rows Removed by Filter: 1
Planning time: 1.116 ms
Execution time: 2236.983 ms
