Hash Join  (cost=203446.21..274991.51 rows=96892 width=0) (actual time=3903.203..6036.441 rows=1112401 loops=1)
  Hash Cond: (mc.movie_id = t.id)
  ->  Seq Scan on movie_companies mc  (cost=0.00..57926.93 rows=1012120 width=4) (actual time=0.012..1279.541 rows=1274246 loops=1)
        Filter: ((company_id < 71885) AND (company_type_id = 1))
        Rows Removed by Filter: 1334883
  ->  Hash  (cost=199474.46..199474.46 rows=242060 width=8) (actual time=3902.548..3902.548 rows=256327 loops=1)
        Buckets: 131072  Batches: 4  Memory Usage: 3543kB
        ->  Hash Join  (cost=102767.86..199474.46 rows=242060 width=8) (actual time=1904.567..3830.709 rows=256327 loops=1)
              Hash Cond: (mk.movie_id = t.id)
              ->  Seq Scan on movie_keyword mk  (cost=0.00..81003.12 rows=242060 width=4) (actual time=0.024..1310.432 rows=256327 loops=1)
                    Filter: (keyword_id < 228)
                    Rows Removed by Filter: 4267603
              ->  Hash  (cost=61283.27..61283.27 rows=2528527 width=4) (actual time=1902.766..1902.766 rows=2528312 loops=1)
                    Buckets: 131072  Batches: 64  Memory Usage: 2425kB
                    ->  Seq Scan on title t  (cost=0.00..61283.27 rows=2528527 width=4) (actual time=0.016..1037.476 rows=2528312 loops=1)
Planning time: 0.748 ms
Execution time: 6165.391 ms
