Seq Scan on movie_companies mc  (cost=0.00..57926.93 rows=1073128 width=0) (actual time=147.731..1079.883 rows=828392 loops=1)
  Filter: ((company_id < 73942) AND (company_type_id > 1))
  Rows Removed by Filter: 1780737
Planning time: 0.316 ms
Execution time: 1178.678 ms
