Hash Join  (cost=69845.34..178515.85 rows=121058 width=0) (actual time=1163.099..3430.989 rows=143921 loops=1)
  Hash Cond: (mk.movie_id = t.id)
  ->  Seq Scan on movie_keyword mk  (cost=0.00..81003.12 rows=2241816 width=4) (actual time=0.027..1512.375 rows=2235682 loops=1)
        Filter: (keyword_id < 4607)
        Rows Removed by Filter: 2288248
  ->  Hash  (cost=67604.59..67604.59 rows=136540 width=4) (actual time=1162.296..1162.296 rows=138648 loops=1)
        Buckets: 131072  Batches: 2  Memory Usage: 3464kB
        ->  Seq Scan on title t  (cost=0.00..67604.59 rows=136540 width=4) (actual time=13.098..1110.934 rows=138648 loops=1)
              Filter: (production_year < 1939)
              Rows Removed by Filter: 2389664
Planning time: 0.781 ms
Execution time: 3449.495 ms
