Hash Join  (cost=102767.86..182021.45 rows=475733 width=0) (actual time=2872.920..4556.362 rows=681870 loops=1)
  Hash Cond: (mc.movie_id = t.id)
  ->  Seq Scan on movie_companies mc  (cost=0.00..57926.93 rows=475733 width=4) (actual time=157.015..951.732 rows=681870 loops=1)
        Filter: ((company_id < 4162) AND (company_type_id = 1))
        Rows Removed by Filter: 1927259
  ->  Hash  (cost=61283.27..61283.27 rows=2528527 width=4) (actual time=2714.508..2714.508 rows=2528312 loops=1)
        Buckets: 131072  Batches: 64  Memory Usage: 2415kB
        ->  Seq Scan on title t  (cost=0.00..61283.27 rows=2528527 width=4) (actual time=0.022..1097.804 rows=2528312 loops=1)
Planning time: 0.735 ms
Execution time: 4630.513 ms
