Seq Scan on cast_info ci  (cost=0.00..796071.18 rows=9374396 width=0) (actual time=0.027..14109.184 rows=14604587 loops=1)
  Filter: ((person_id > 2196680) AND (role_id > 1))
  Rows Removed by Filter: 21639757
Planning time: 0.341 ms
Execution time: 15912.304 ms
