Hash Join  (cost=102767.86..172100.20 rows=334537 width=0) (actual time=2387.870..3419.038 rows=335979 loops=1)
  Hash Cond: (mc.movie_id = t.id)
  ->  Seq Scan on movie_companies mc  (cost=0.00..51404.11 rows=334537 width=4) (actual time=527.987..830.797 rows=335979 loops=1)
        Filter: (company_id > 89695)
        Rows Removed by Filter: 2273150
  ->  Hash  (cost=61283.27..61283.27 rows=2528527 width=4) (actual time=1857.889..1857.889 rows=2528312 loops=1)
        Buckets: 131072  Batches: 64  Memory Usage: 2415kB
        ->  Seq Scan on title t  (cost=0.00..61283.27 rows=2528527 width=4) (actual time=0.017..1024.677 rows=2528312 loops=1)
Planning time: 0.725 ms
Execution time: 3460.582 ms
