Hash Join  (cost=102767.86..1214748.31 rows=12718109 width=0) (actual time=8839.161..30431.284 rows=12657173 loops=1)
  Hash Cond: (ci.movie_id = t.id)
  ->  Seq Scan on cast_info ci  (cost=0.00..796071.18 rows=12718109 width=4) (actual time=6622.055..17791.709 rows=12657173 loops=1)
        Filter: ((person_id > 2638) AND (role_id = 1))
        Rows Removed by Filter: 23587171
  ->  Hash  (cost=61283.27..61283.27 rows=2528527 width=4) (actual time=2215.837..2215.837 rows=2528312 loops=1)
        Buckets: 131072  Batches: 64  Memory Usage: 2415kB
        ->  Seq Scan on title t  (cost=0.00..61283.27 rows=2528527 width=4) (actual time=0.036..1226.764 rows=2528312 loops=1)
Planning time: 0.900 ms
Execution time: 31804.301 ms
