Seq Scan on cast_info ci  (cost=0.00..705507.15 rows=5903926 width=0) (actual time=0.009..11408.674 rows=5937629 loops=1)
  Filter: (person_id > 3051087)
  Rows Removed by Filter: 30306715
Planning time: 0.338 ms
Execution time: 12131.133 ms
