Seq Scan on movie_companies mc  (cost=0.00..57926.93 rows=757699 width=0) (actual time=0.025..957.307 rows=470769 loops=1)
  Filter: ((company_id < 13513) AND (company_type_id = 2))
  Rows Removed by Filter: 2138360
Planning time: 0.378 ms
Execution time: 1012.564 ms
