Hash Join  (cost=126645.57..244704.78 rows=270045 width=0) (actual time=2788.793..6114.482 rows=1564517 loops=1)
  Hash Cond: (mk.movie_id = t.id)
  ->  Seq Scan on movie_keyword mk  (cost=0.00..81003.12 rows=2891370 width=4) (actual time=0.012..1759.386 rows=2883031 loops=1)
        Filter: (keyword_id > 2488)
        Rows Removed by Filter: 1640899
  ->  Hash  (cost=122770.61..122770.61 rows=236157 width=8) (actual time=2785.435..2785.435 rows=314770 loops=1)
        Buckets: 131072 (originally 131072)  Batches: 8 (originally 4)  Memory Usage: 3073kB
        ->  Hash Join  (cost=81025.55..122770.61 rows=236157 width=8) (actual time=1475.528..2677.694 rows=314770 loops=1)
              Hash Cond: (mi_idx.movie_id = t.id)
              ->  Seq Scan on movie_info_idx mi_idx  (cost=0.00..21735.35 rows=1380035 width=4) (actual time=0.013..427.298 rows=1380035 loops=1)
              ->  Hash  (cost=73925.90..73925.90 rows=432692 width=4) (actual time=1473.857..1473.857 rows=368246 loops=1)
                    Buckets: 131072  Batches: 8  Memory Usage: 2639kB
                    ->  Seq Scan on title t  (cost=0.00..73925.90 rows=432692 width=4) (actual time=0.016..1336.607 rows=368246 loops=1)
                          Filter: ((kind_id < 7) AND (production_year > 2004))
                          Rows Removed by Filter: 2160066
Planning time: 0.754 ms
Execution time: 6293.693 ms
