Hash Join  (cost=74740.78..834869.57 rows=933962 width=0) (actual time=1198.090..27397.612 rows=1512899 loops=1)
  Hash Cond: (ci.movie_id = t.id)
  ->  Seq Scan on cast_info ci  (cost=0.00..614943.12 rows=36225612 width=4) (actual time=0.025..9184.699 rows=36244344 loops=1)
  ->  Hash  (cost=73925.90..73925.90 rows=65190 width=4) (actual time=1197.327..1197.327 rows=164932 loops=1)
        Buckets: 131072 (originally 65536)  Batches: 2 (originally 1)  Memory Usage: 3925kB
        ->  Seq Scan on title t  (cost=0.00..73925.90 rows=65190 width=4) (actual time=0.879..1134.553 rows=164932 loops=1)
              Filter: ((kind_id < 7) AND (production_year < 1951))
              Rows Removed by Filter: 2363380
Planning time: 0.728 ms
Execution time: 27592.388 ms
