Hash Join  (cost=463134.54..1278023.97 rows=187994 width=0) (actual time=9759.255..22154.838 rows=85233 loops=1)
  Hash Cond: (ci.movie_id = t.id)
  ->  Seq Scan on cast_info ci  (cost=0.00..796071.18 rows=1345414 width=4) (actual time=1694.018..13446.750 rows=1488454 loops=1)
        Filter: ((person_id > 1818778) AND (role_id = 4))
        Rows Removed by Filter: 34755890
  ->  Hash  (cost=457337.17..457337.17 rows=353310 width=8) (actual time=8062.927..8062.927 rows=75818 loops=1)
        Buckets: 131072  Batches: 8  Memory Usage: 1392kB
        ->  Hash Join  (cost=80605.23..457337.17 rows=353310 width=8) (actual time=3591.762..8026.256 rows=75818 loops=1)
              Hash Cond: (mi.movie_id = t.id)
              ->  Seq Scan on movie_info mi  (cost=0.00..346232.03 rows=2194617 width=4) (actual time=2043.864..5396.112 rows=2233850 loops=1)
                    Filter: (info_type_id > 16)
                    Rows Removed by Filter: 12601870
              ->  Hash  (cost=73925.90..73925.90 rows=407066 width=4) (actual time=1530.785..1530.785 rows=436028 loops=1)
                    Buckets: 131072  Batches: 8  Memory Usage: 2949kB
                    ->  Seq Scan on title t  (cost=0.00..73925.90 rows=407066 width=4) (actual time=0.034..1378.929 rows=436028 loops=1)
                          Filter: ((kind_id > 4) AND (production_year > 2008))
                          Rows Removed by Filter: 2092284
Planning time: 6.214 ms
Execution time: 22166.434 ms
