Nested Loop  (cost=0.43..83072.29 rows=96 width=0) (actual time=0.073..1257.010 rows=2819 loops=1)
  ->  Seq Scan on movie_keyword mk  (cost=0.00..81003.12 rows=246 width=4) (actual time=0.036..1176.283 rows=3016 loops=1)
        Filter: (keyword_id = 3316)
        Rows Removed by Filter: 4520914
  ->  Index Scan using title_pkey on title t  (cost=0.43..8.40 rows=1 width=4) (actual time=0.026..0.026 rows=1 loops=3016)
        Index Cond: (id = mk.movie_id)
        Filter: (kind_id < 7)
        Rows Removed by Filter: 0
Planning time: 0.846 ms
Execution time: 1257.903 ms
