Hash Join  (cost=709678.15..736591.36 rows=273 width=0) (actual time=10917.546..11440.584 rows=135 loops=1)
  Hash Cond: (mi_idx.movie_id = t.id)
  ->  Seq Scan on movie_info_idx mi_idx  (cost=0.00..21735.35 rows=1380035 width=4) (actual time=0.017..295.805 rows=1380035 loops=1)
  ->  Hash  (cost=709671.90..709671.90 rows=500 width=8) (actual time=10892.243..10892.243 rows=112 loops=1)
        Buckets: 1024  Batches: 1  Memory Usage: 13kB
        ->  Nested Loop  (cost=0.43..709671.90 rows=500 width=8) (actual time=2315.181..10892.175 rows=112 loops=1)
              ->  Seq Scan on cast_info ci  (cost=0.00..705507.15 rows=500 width=4) (actual time=2314.992..10886.313 rows=112 loops=1)
                    Filter: (person_id = 2844964)
                    Rows Removed by Filter: 36244232
              ->  Index Only Scan using title_pkey on title t  (cost=0.43..8.32 rows=1 width=4) (actual time=0.050..0.051 rows=1 loops=112)
                    Index Cond: (id = ci.movie_id)
                    Heap Fetches: 112
Planning time: 1.332 ms
Execution time: 11440.710 ms
