Hash Join  (cost=190230.21..307767.88 rows=998620 width=0) (actual time=4384.578..8137.502 rows=4228236 loops=1)
  Hash Cond: (mk.movie_id = t.id)
  ->  Seq Scan on movie_keyword mk  (cost=0.00..81003.12 rows=1829691 width=4) (actual time=0.024..1550.816 rows=1835352 loops=1)
        Filter: (keyword_id > 7595)
        Rows Removed by Filter: 2688578
  ->  Hash  (cost=167588.78..167588.78 rows=1380035 width=8) (actual time=4383.677..4383.677 rows=1380035 loops=1)
        Buckets: 131072  Batches: 32  Memory Usage: 2726kB
        ->  Hash Join  (cost=102767.86..167588.78 rows=1380035 width=8) (actual time=1968.423..3955.933 rows=1380035 loops=1)
              Hash Cond: (mi_idx.movie_id = t.id)
              ->  Seq Scan on movie_info_idx mi_idx  (cost=0.00..21735.35 rows=1380035 width=4) (actual time=0.017..461.067 rows=1380035 loops=1)
              ->  Hash  (cost=61283.27..61283.27 rows=2528527 width=4) (actual time=1967.551..1967.551 rows=2528312 loops=1)
                    Buckets: 131072  Batches: 64  Memory Usage: 2415kB
                    ->  Seq Scan on title t  (cost=0.00..61283.27 rows=2528527 width=4) (actual time=0.015..1130.195 rows=2528312 loops=1)
Planning time: 1.095 ms
Execution time: 8606.638 ms
