Hash Join  (cost=136620.91..893477.04 rows=606696 width=0) (actual time=2450.538..28276.768 rows=2698816 loops=1)
  Hash Cond: (ci.movie_id = t.id)
  ->  Seq Scan on cast_info ci  (cost=0.00..614943.12 rows=36225612 width=4) (actual time=0.014..9569.540 rows=36244344 loops=1)
  ->  Hash  (cost=136091.57..136091.57 rows=42347 width=8) (actual time=2450.122..2450.122 rows=138791 loops=1)
        Buckets: 131072 (originally 65536)  Batches: 2 (originally 1)  Memory Usage: 3753kB
        ->  Hash Join  (cost=79110.05..136091.57 rows=42347 width=8) (actual time=1249.148..2399.991 rows=138791 loops=1)
              Hash Cond: (mc.movie_id = t.id)
              ->  Seq Scan on movie_companies mc  (cost=0.00..51404.11 rows=338916 width=4) (actual time=0.011..848.668 rows=341575 loops=1)
                    Filter: (company_id > 89157)
                    Rows Removed by Filter: 2267554
              ->  Hash  (cost=73925.90..73925.90 rows=315932 width=4) (actual time=1248.366..1248.366 rows=433359 loops=1)
                    Buckets: 131072  Batches: 8  Memory Usage: 2939kB
                    ->  Seq Scan on title t  (cost=0.00..73925.90 rows=315932 width=4) (actual time=0.012..1106.974 rows=433359 loops=1)
                          Filter: ((kind_id < 7) AND (production_year < 1995))
                          Rows Removed by Filter: 2094953
Planning time: 1.030 ms
Execution time: 28610.622 ms
