Hash Join  (cost=67697.55..449744.46 rows=27872 width=169) (actual time=1261.545..10921.380 rows=83720 loops=1)
  Hash Cond: (mi.movie_id = t.id)
  ->  Seq Scan on movie_info mi  (cost=0.00..346232.03 rows=9476311 width=75) (actual time=0.009..7408.978 rows=9565151 loops=1)
        Filter: (info_type_id < 16)
        Rows Removed by Filter: 5270569
  ->  Hash  (cost=67604.59..67604.59 rows=7437 width=94) (actual time=1261.443..1261.443 rows=20122 loops=1)
        Buckets: 32768 (originally 8192)  Batches: 1 (originally 1)  Memory Usage: 2538kB
        ->  Seq Scan on title t  (cost=0.00..67604.59 rows=7437 width=94) (actual time=0.024..1250.852 rows=20122 loops=1)
              Filter: (production_year = 1987)
              Rows Removed by Filter: 2508190
Planning time: 1.429 ms
Execution time: 10927.196 ms
