Nested Loop  (cost=0.43..71935.10 rows=1749 width=0) (actual time=379.676..971.756 rows=1804 loops=1)
  ->  Seq Scan on movie_companies mc  (cost=0.00..57926.93 rows=1749 width=4) (actual time=379.596..939.096 rows=1804 loops=1)
        Filter: ((company_type_id < 2) AND (company_id = 1310))
        Rows Removed by Filter: 2607325
  ->  Index Only Scan using title_pkey on title t  (cost=0.43..8.00 rows=1 width=4) (actual time=0.017..0.017 rows=1 loops=1804)
        Index Cond: (id = mc.movie_id)
        Heap Fetches: 1804
Planning time: 0.709 ms
Execution time: 972.253 ms
