Seq Scan on cast_info ci  (cost=0.00..796071.18 rows=11731068 width=0) (actual time=3512.849..14352.890 rows=18238243 loops=1)
  Filter: ((person_id > 1786998) AND (role_id > 1))
  Rows Removed by Filter: 18006101
Planning time: 0.324 ms
Execution time: 16536.255 ms
