Nested Loop  (cost=0.43..796274.16 rows=24 width=0) (actual time=10511.290..11138.555 rows=16 loops=1)
  ->  Seq Scan on cast_info ci  (cost=0.00..796071.18 rows=24 width=4) (actual time=10511.188..11138.157 rows=16 loops=1)
        Filter: ((person_id = 900566) AND (role_id = 8))
        Rows Removed by Filter: 36244328
  ->  Index Only Scan using title_pkey on title t  (cost=0.43..8.45 rows=1 width=4) (actual time=0.022..0.023 rows=1 loops=16)
        Index Cond: (id = ci.movie_id)
        Heap Fetches: 16
Planning time: 0.776 ms
Execution time: 11138.633 ms
