Hash Join  (cost=91342.70..899689.88 rows=3217477 width=0) (actual time=8501.787..18370.482 rows=2791480 loops=1)
  Hash Cond: (ci.movie_id = t.id)
  ->  Seq Scan on cast_info ci  (cost=0.00..705507.15 rows=5622737 width=4) (actual time=6723.650..12522.674 rows=5687938 loops=1)
        Filter: (person_id > 3080059)
        Rows Removed by Filter: 30556406
  ->  Hash  (cost=67604.59..67604.59 rows=1446889 width=4) (actual time=1776.798..1776.798 rows=1443298 loops=1)
        Buckets: 131072  Batches: 32  Memory Usage: 2608kB
        ->  Seq Scan on title t  (cost=0.00..67604.59 rows=1446889 width=4) (actual time=0.021..1313.167 rows=1443298 loops=1)
              Filter: (production_year < 2006)
              Rows Removed by Filter: 1085014
Planning time: 0.751 ms
Execution time: 18734.776 ms
