Hash Join  (cost=76379.89..146238.89 rows=152189 width=0) (actual time=1346.576..3135.772 rows=132492 loops=1)
  Hash Cond: (mc.movie_id = t.id)
  ->  Seq Scan on movie_companies mc  (cost=0.00..57926.93 rows=719514 width=4) (actual time=0.027..1178.558 rows=990751 loops=1)
        Filter: ((company_id < 13114) AND (company_type_id < 2))
        Rows Removed by Filter: 1618378
  ->  Hash  (cost=67604.59..67604.59 rows=534824 width=4) (actual time=1345.469..1345.469 rows=533369 loops=1)
        Buckets: 131072  Batches: 8  Memory Usage: 3369kB
        ->  Seq Scan on title t  (cost=0.00..67604.59 rows=534824 width=4) (actual time=0.009..1177.006 rows=533369 loops=1)
              Filter: (production_year > 2009)
              Rows Removed by Filter: 1994943
Planning time: 0.762 ms
Execution time: 3152.899 ms
