Hash Join  (cost=83073.21..109984.09 rows=40 width=0) (actual time=1184.845..1458.016 rows=1975 loops=1)
  Hash Cond: (mi_idx.movie_id = t.id)
  ->  Seq Scan on movie_info_idx mi_idx  (cost=0.00..21735.35 rows=1380035 width=4) (actual time=0.028..129.029 rows=1380035 loops=1)
  ->  Hash  (cost=83072.29..83072.29 rows=74 width=8) (actual time=1184.005..1184.005 rows=802 loops=1)
        Buckets: 1024  Batches: 1  Memory Usage: 40kB
        ->  Nested Loop  (cost=0.43..83072.29 rows=74 width=8) (actual time=1.597..1183.385 rows=802 loops=1)
              ->  Seq Scan on movie_keyword mk  (cost=0.00..81003.12 rows=246 width=4) (actual time=0.302..1137.544 rows=1131 loops=1)
                    Filter: (keyword_id = 1084)
                    Rows Removed by Filter: 4522799
              ->  Index Scan using title_pkey on title t  (cost=0.43..8.40 rows=1 width=4) (actual time=0.039..0.039 rows=1 loops=1131)
                    Index Cond: (id = mk.movie_id)
                    Filter: (kind_id < 3)
                    Rows Removed by Filter: 0
Planning time: 1.137 ms
Execution time: 1458.355 ms
