Seq Scan on cast_info ci  (cost=0.00..796071.18 rows=4723650 width=0) (actual time=0.026..12381.222 rows=2909789 loops=1)
  Filter: ((person_id < 1021164) AND (role_id > 2))
  Rows Removed by Filter: 33334555
Planning time: 0.375 ms
Execution time: 12744.042 ms
