Hash Join  (cost=103579.66..854405.36 rows=3653 width=0) (actual time=849.469..17524.009 rows=4219 loops=1)
  Hash Cond: (ci.movie_id = t.id)
  ->  Seq Scan on cast_info ci  (cost=0.00..614943.12 rows=36225612 width=4) (actual time=0.013..9585.159 rows=36244344 loops=1)
  ->  Hash  (cost=103576.47..103576.47 rows=255 width=8) (actual time=834.159..834.159 rows=312 loops=1)
        Buckets: 1024  Batches: 1  Memory Usage: 21kB
        ->  Nested Loop  (cost=0.43..103576.47 rows=255 width=8) (actual time=4.051..833.996 rows=312 loops=1)
              ->  Seq Scan on movie_companies mc  (cost=0.00..51404.11 rows=7566 width=4) (actual time=0.355..733.906 rows=8702 loops=1)
                    Filter: (company_id = 596)
                    Rows Removed by Filter: 2600427
              ->  Index Scan using title_pkey on title t  (cost=0.43..6.89 rows=1 width=4) (actual time=0.011..0.011 rows=0 loops=8702)
                    Index Cond: (id = mc.movie_id)
                    Filter: (production_year = 2004)
                    Rows Removed by Filter: 1
Planning time: 1.125 ms
Execution time: 17525.732 ms
