Hash Join  (cost=142183.19..274656.67 rows=859444 width=0) (actual time=3258.323..8365.479 rows=7785735 loops=1)
  Hash Cond: (mk.movie_id = t.id)
  ->  Seq Scan on movie_keyword mk  (cost=0.00..69693.30 rows=4523930 width=4) (actual time=0.011..1328.546 rows=4523930 loops=1)
  ->  Hash  (cost=134301.65..134301.65 rows=480363 width=8) (actual time=3257.644..3257.644 rows=846109 loops=1)
        Buckets: 131072 (originally 131072)  Batches: 16 (originally 8)  Memory Usage: 3110kB
        ->  Hash Join  (cost=88366.54..134301.65 rows=480363 width=8) (actual time=1510.504..2992.400 rows=846109 loops=1)
              Hash Cond: (mi_idx.movie_id = t.id)
              ->  Seq Scan on movie_info_idx mi_idx  (cost=0.00..21735.35 rows=1380035 width=4) (actual time=0.014..439.077 rows=1380035 loops=1)
              ->  Hash  (cost=73925.90..73925.90 rows=880131 width=4) (actual time=1509.444..1509.444 rows=793962 loops=1)
                    Buckets: 131072  Batches: 16  Memory Usage: 2770kB
                    ->  Seq Scan on title t  (cost=0.00..73925.90 rows=880131 width=4) (actual time=0.026..1251.456 rows=793962 loops=1)
                          Filter: ((kind_id < 7) AND (production_year > 1956))
                          Rows Removed by Filter: 1734350
Planning time: 1.119 ms
Execution time: 9253.913 ms
