Hash Join  (cost=278378.62..386472.53 rows=2160397 width=0) (actual time=6299.657..12660.867 rows=16655356 loops=1)
  Hash Cond: (mc.movie_id = t.id)
  ->  Seq Scan on movie_companies mc  (cost=0.00..44881.29 rows=2609129 width=4) (actual time=0.025..909.822 rows=2609129 loops=1)
  ->  Hash  (cost=244028.91..244028.91 rows=2093657 width=8) (actual time=6298.615..6298.615 rows=2090352 loops=1)
        Buckets: 131072  Batches: 32  Memory Usage: 3560kB
        ->  Hash Join  (cost=102767.86..244028.91 rows=2093657 width=8) (actual time=1997.662..5712.818 rows=2090352 loops=1)
              Hash Cond: (mk.movie_id = t.id)
              ->  Seq Scan on movie_keyword mk  (cost=0.00..81003.12 rows=2093657 width=4) (actual time=0.017..1686.978 rows=2090352 loops=1)
                    Filter: (keyword_id > 5768)
                    Rows Removed by Filter: 2433578
              ->  Hash  (cost=61283.27..61283.27 rows=2528527 width=4) (actual time=1996.276..1996.276 rows=2528312 loops=1)
                    Buckets: 131072  Batches: 64  Memory Usage: 2425kB
                    ->  Seq Scan on title t  (cost=0.00..61283.27 rows=2528527 width=4) (actual time=1.740..1149.241 rows=2528312 loops=1)
Planning time: 1.514 ms
Execution time: 14548.574 ms
