Hash Join  (cost=442006.15..518991.35 rows=140367 width=0) (actual time=7438.582..10124.194 rows=1676973 loops=1)
  Hash Cond: (mc.movie_id = t.id)
  ->  Seq Scan on movie_companies mc  (cost=0.00..44881.29 rows=2609129 width=4) (actual time=0.014..905.854 rows=2609129 loops=1)
  ->  Hash  (cost=439773.77..439773.77 rows=136031 width=8) (actual time=7437.679..7437.679 rows=263033 loops=1)
        Buckets: 131072 (originally 131072)  Batches: 4 (originally 2)  Memory Usage: 3592kB
        ->  Hash Join  (cost=82581.58..439773.77 rows=136031 width=8) (actual time=3188.768..7366.870 rows=263033 loops=1)
              Hash Cond: (mi.movie_id = t.id)
              ->  Seq Scan on movie_info mi  (cost=0.00..346232.03 rows=651960 width=4) (actual time=1778.808..5500.093 rows=660923 loops=1)
                    Filter: (info_type_id = 18)
                    Rows Removed by Filter: 14174797
              ->  Hash  (cost=73925.90..73925.90 rows=527574 width=4) (actual time=1409.164..1409.164 rows=609532 loops=1)
                    Buckets: 131072  Batches: 8  Memory Usage: 3724kB
                    ->  Seq Scan on title t  (cost=0.00..73925.90 rows=527574 width=4) (actual time=0.031..1211.164 rows=609532 loops=1)
                          Filter: ((kind_id < 7) AND (production_year < 2005))
                          Rows Removed by Filter: 1918780
Planning time: 1.143 ms
Execution time: 10329.943 ms
