Hash Join  (cost=83074.16..137741.23 rows=155 width=0) (actual time=1324.434..2302.005 rows=13 loops=1)
  Hash Cond: (mc.movie_id = t.id)
  ->  Seq Scan on movie_companies mc  (cost=0.00..44881.29 rows=2609129 width=4) (actual time=0.017..600.700 rows=2609129 loops=1)
  ->  Hash  (cost=83072.29..83072.29 rows=150 width=8) (actual time=1288.119..1288.119 rows=7 loops=1)
        Buckets: 1024  Batches: 1  Memory Usage: 9kB
        ->  Nested Loop  (cost=0.43..83072.29 rows=150 width=8) (actual time=578.212..1288.098 rows=7 loops=1)
              ->  Seq Scan on movie_keyword mk  (cost=0.00..81003.12 rows=246 width=4) (actual time=5.258..1259.642 rows=480 loops=1)
                    Filter: (keyword_id = 34352)
                    Rows Removed by Filter: 4523450
              ->  Index Scan using title_pkey on title t  (cost=0.43..8.40 rows=1 width=4) (actual time=0.058..0.058 rows=0 loops=480)
                    Index Cond: (id = mk.movie_id)
                    Filter: (kind_id = 7)
                    Rows Removed by Filter: 1
Planning time: 1.795 ms
Execution time: 2302.169 ms
