Seq Scan on cast_info ci  (cost=0.00..796071.18 rows=8066123 width=0) (actual time=7858.665..14657.864 rows=3105017 loops=1)
  Filter: ((person_id > 1304809) AND (role_id = 1))
  Rows Removed by Filter: 33139327
Planning time: 2.605 ms
Execution time: 15032.525 ms
