Hash Join  (cost=262954.76..913193.17 rows=14246158 width=0) (actual time=6759.552..36196.694 rows=64532096 loops=1)
  Hash Cond: (mi.movie_id = t.id)
  ->  Seq Scan on movie_info mi  (cost=0.00..309384.22 rows=14739122 width=4) (actual time=0.019..6118.971 rows=14835720 loops=1)
  ->  Hash  (cost=222858.29..222858.29 rows=2443958 width=8) (actual time=6758.080..6758.080 rows=2445230 loops=1)
        Buckets: 131072  Batches: 32  Memory Usage: 4048kB
        ->  Hash Join  (cost=102767.86..222858.29 rows=2443958 width=8) (actual time=2193.997..5979.182 rows=2445230 loops=1)
              Hash Cond: (mc.movie_id = t.id)
              ->  Seq Scan on movie_companies mc  (cost=0.00..51404.11 rows=2443958 width=4) (actual time=0.029..1173.020 rows=2445230 loops=1)
                    Filter: (company_id < 126258)
                    Rows Removed by Filter: 163899
              ->  Hash  (cost=61283.27..61283.27 rows=2528527 width=4) (actual time=2192.063..2192.063 rows=2528312 loops=1)
                    Buckets: 131072  Batches: 64  Memory Usage: 2415kB
                    ->  Seq Scan on title t  (cost=0.00..61283.27 rows=2528527 width=4) (actual time=0.026..1076.877 rows=2528312 loops=1)
Planning time: 1.134 ms
Execution time: 43403.188 ms
