Hash Join  (cost=181096.89..308767.41 rows=465249 width=0) (actual time=3161.753..6330.764 rows=506554 loops=1)
  Hash Cond: (mk.movie_id = t.id)
  ->  Seq Scan on movie_keyword mk  (cost=0.00..69693.30 rows=4523930 width=4) (actual time=0.029..1475.426 rows=4523930 loops=1)
  ->  Hash  (cost=176830.41..176830.41 rows=260038 width=8) (actual time=3159.804..3159.804 rows=136455 loops=1)
        Buckets: 131072  Batches: 4  Memory Usage: 2367kB
        ->  Hash Join  (cost=102767.86..176830.41 rows=260038 width=8) (actual time=1806.542..3119.186 rows=136455 loops=1)
              Hash Cond: (mc.movie_id = t.id)
              ->  Seq Scan on movie_companies mc  (cost=0.00..57926.93 rows=260038 width=4) (actual time=95.551..917.291 rows=136455 loops=1)
                    Filter: ((company_id < 465) AND (company_type_id > 1))
                    Rows Removed by Filter: 2472674
              ->  Hash  (cost=61283.27..61283.27 rows=2528527 width=4) (actual time=1709.825..1709.825 rows=2528312 loops=1)
                    Buckets: 131072  Batches: 64  Memory Usage: 2415kB
                    ->  Seq Scan on title t  (cost=0.00..61283.27 rows=2528527 width=4) (actual time=0.011..911.454 rows=2528312 loops=1)
Planning time: 1.178 ms
Execution time: 6388.348 ms
