Hash Join  (cost=69471.89..556355.43 rows=663262 width=0) (actual time=1118.630..12377.799 rows=1277844 loops=1)
  Hash Cond: (mi.movie_id = t.id)
  ->  Seq Scan on movie_info mi  (cost=0.00..309384.22 rows=14739122 width=4) (actual time=2.554..5657.008 rows=14835720 loops=1)
  ->  Hash  (cost=67604.59..67604.59 rows=113784 width=4) (actual time=894.499..894.499 rows=117858 loops=1)
        Buckets: 131072  Batches: 2  Memory Usage: 3097kB
        ->  Seq Scan on title t  (cost=0.00..67604.59 rows=113784 width=4) (actual time=190.342..749.909 rows=117858 loops=1)
              Filter: (production_year < 1931)
              Rows Removed by Filter: 2410454
Planning time: 0.819 ms
Execution time: 12519.989 ms
