Hash Join  (cost=141613.48..251809.45 rows=110851 width=0) (actual time=2729.091..5421.186 rows=289603 loops=1)
  Hash Cond: (mk.movie_id = t.id)
  ->  Seq Scan on movie_keyword mk  (cost=0.00..81003.12 rows=2389156 width=4) (actual time=0.016..1628.216 rows=2387625 loops=1)
        Filter: (keyword_id < 5529)
        Rows Removed by Filter: 2136305
  ->  Hash  (cost=139688.02..139688.02 rows=117317 width=8) (actual time=2728.134..2728.134 rows=63157 loops=1)
        Buckets: 131072  Batches: 2  Memory Usage: 2273kB
        ->  Hash Join  (cost=71408.55..139688.02 rows=117317 width=8) (actual time=1144.115..2705.331 rows=63157 loops=1)
              Hash Cond: (mc.movie_id = t.id)
              ->  Seq Scan on movie_companies mc  (cost=0.00..51404.11 rows=1279517 width=4) (actual time=0.031..1003.035 rows=1274246 loops=1)
                    Filter: (company_type_id < 2)
                    Rows Removed by Filter: 1334883
              ->  Hash  (cost=67604.59..67604.59 rows=231837 width=4) (actual time=1142.781..1142.781 rows=231649 loops=1)
                    Buckets: 131072  Batches: 4  Memory Usage: 3076kB
                    ->  Seq Scan on title t  (cost=0.00..67604.59 rows=231837 width=4) (actual time=0.027..1069.237 rows=231649 loops=1)
                          Filter: (production_year > 2011)
                          Rows Removed by Filter: 2296663
Planning time: 2.090 ms
Execution time: 5452.442 ms
