Hash Join  (cost=74039.63..428580.44 rows=7897 width=0) (actual time=2228.985..6535.457 rows=8096 loops=1)
  Hash Cond: (mi.movie_id = t.id)
  ->  Seq Scan on movie_info mi  (cost=0.00..346232.03 rows=2194617 width=4) (actual time=1054.496..5029.281 rows=2233850 loops=1)
        Filter: (info_type_id > 16)
        Rows Removed by Filter: 12601870
  ->  Hash  (cost=73925.90..73925.90 rows=9098 width=4) (actual time=1082.547..1082.547 rows=10624 loops=1)
        Buckets: 16384  Batches: 1  Memory Usage: 502kB
        ->  Seq Scan on title t  (cost=0.00..73925.90 rows=9098 width=4) (actual time=19.630..1078.328 rows=10624 loops=1)
              Filter: ((production_year < 2009) AND (kind_id = 6))
              Rows Removed by Filter: 2517688
Planning time: 0.514 ms
Execution time: 6536.943 ms
