Hash Join  (cost=74478.21..163267.18 rows=34665 width=0) (actual time=1169.727..2883.260 rows=67366 loops=1)
  Hash Cond: (mk.movie_id = t.id)
  ->  Seq Scan on movie_keyword mk  (cost=0.00..81003.12 rows=1983786 width=4) (actual time=0.016..1362.520 rows=1989931 loops=1)
        Filter: (keyword_id > 6308)
        Rows Removed by Filter: 2533999
  ->  Hash  (cost=73925.90..73925.90 rows=44184 width=4) (actual time=1169.359..1169.359 rows=35489 loops=1)
        Buckets: 65536  Batches: 1  Memory Usage: 1760kB
        ->  Seq Scan on title t  (cost=0.00..73925.90 rows=44184 width=4) (actual time=0.056..1154.876 rows=35489 loops=1)
              Filter: ((kind_id < 7) AND (production_year = 2007))
              Rows Removed by Filter: 2492823
Planning time: 0.762 ms
Execution time: 2892.150 ms
