Hash Join  (cost=123872.41..1186017.05 rows=2758846 width=0) (actual time=2362.640..31688.143 rows=6549134 loops=1)
  Hash Cond: (ci.movie_id = t.id)
  ->  Seq Scan on cast_info ci  (cost=0.00..614943.12 rows=36225612 width=4) (actual time=0.023..12867.562 rows=36244344 loops=1)
  ->  Hash  (cost=120712.33..120712.33 rows=192566 width=8) (actual time=2361.782..2361.782 rows=233750 loops=1)
        Buckets: 131072  Batches: 4  Memory Usage: 3296kB
        ->  Hash Join  (cost=79715.19..120712.33 rows=192566 width=8) (actual time=1208.698..2295.449 rows=233750 loops=1)
              Hash Cond: (mi_idx.movie_id = t.id)
              ->  Seq Scan on movie_info_idx mi_idx  (cost=0.00..21735.35 rows=1380035 width=4) (actual time=0.014..420.323 rows=1380035 loops=1)
              ->  Hash  (cost=73925.90..73925.90 rows=352823 width=4) (actual time=1207.731..1207.731 rows=302088 loops=1)
                    Buckets: 131072  Batches: 8  Memory Usage: 2342kB
                    ->  Seq Scan on title t  (cost=0.00..73925.90 rows=352823 width=4) (actual time=0.043..1117.480 rows=302088 loops=1)
                          Filter: ((kind_id < 7) AND (production_year > 2006))
                          Rows Removed by Filter: 2226224
Planning time: 1.180 ms
Execution time: 32417.756 ms
