Nested Loop  (cost=0.43..83071.67 rows=246 width=0) (actual time=6.625..1294.096 rows=539 loops=1)
  ->  Seq Scan on movie_keyword mk  (cost=0.00..81003.12 rows=246 width=4) (actual time=6.568..1278.053 rows=539 loops=1)
        Filter: (keyword_id = 16182)
        Rows Removed by Filter: 4523391
  ->  Index Only Scan using title_pkey on title t  (cost=0.43..8.40 rows=1 width=4) (actual time=0.028..0.028 rows=1 loops=539)
        Index Cond: (id = mk.movie_id)
        Heap Fetches: 539
Planning time: 0.722 ms
Execution time: 1294.443 ms
