Hash Join  (cost=199662.30..1351919.58 rows=11531011 width=0) (actual time=4217.814..44824.662 rows=29108842 loops=1)
  Hash Cond: (ci.movie_id = t.id)
  ->  Seq Scan on cast_info ci  (cost=0.00..614943.12 rows=36225612 width=4) (actual time=0.020..13430.029 rows=36244344 loops=1)
  ->  Hash  (cost=186457.58..186457.58 rows=804858 width=8) (actual time=4217.010..4217.010 rows=598311 loops=1)
        Buckets: 131072  Batches: 16  Memory Usage: 2456kB
        ->  Hash Join  (cost=99467.55..186457.58 rows=804858 width=8) (actual time=1950.976..4036.611 rows=598311 loops=1)
              Hash Cond: (mc.movie_id = t.id)
              ->  Seq Scan on movie_companies mc  (cost=0.00..57926.93 rows=1047902 width=4) (actual time=0.031..1101.644 rows=926043 loops=1)
                    Filter: ((company_id > 401) AND (company_type_id = 1))
                    Rows Removed by Filter: 1683086
              ->  Hash  (cost=67604.59..67604.59 rows=1942077 width=4) (actual time=1949.798..1949.798 rows=1932484 loops=1)
                    Buckets: 131072  Batches: 32  Memory Usage: 3155kB
                    ->  Seq Scan on title t  (cost=0.00..67604.59 rows=1942077 width=4) (actual time=0.013..1336.689 rows=1932484 loops=1)
                          Filter: (production_year > 1980)
                          Rows Removed by Filter: 595828
Planning time: 1.187 ms
Execution time: 47983.792 ms
