Hash Join  (cost=83074.74..137742.81 rows=254 width=0) (actual time=1306.319..2414.034 rows=919 loops=1)
  Hash Cond: (mc.movie_id = t.id)
  ->  Seq Scan on movie_companies mc  (cost=0.00..44881.29 rows=2609129 width=4) (actual time=0.014..646.062 rows=2609129 loops=1)
  ->  Hash  (cost=83071.67..83071.67 rows=246 width=8) (actual time=1303.195..1303.195 rows=101 loops=1)
        Buckets: 1024  Batches: 1  Memory Usage: 12kB
        ->  Nested Loop  (cost=0.43..83071.67 rows=246 width=8) (actual time=15.285..1303.066 rows=101 loops=1)
              ->  Seq Scan on movie_keyword mk  (cost=0.00..81003.12 rows=246 width=4) (actual time=15.191..1291.104 rows=101 loops=1)
                    Filter: (keyword_id = 6506)
                    Rows Removed by Filter: 4523829
              ->  Index Only Scan using title_pkey on title t  (cost=0.43..8.40 rows=1 width=4) (actual time=0.113..0.114 rows=1 loops=101)
                    Index Cond: (id = mk.movie_id)
                    Heap Fetches: 101
Planning time: 1.008 ms
Execution time: 2414.289 ms
