Hash Join  (cost=190819.64..1358994.62 rows=6731180 width=0) (actual time=3522.702..37019.812 rows=5607358 loops=1)
  Hash Cond: (ci.movie_id = t.id)
  ->  Seq Scan on cast_info ci  (cost=0.00..705507.15 rows=34023743 width=4) (actual time=0.025..16271.915 rows=34107217 loops=1)
        Filter: (person_id > 210007)
        Rows Removed by Filter: 2137127
  ->  Hash  (cost=182611.66..182611.66 rows=500238 width=8) (actual time=3521.712..3521.712 rows=199727 loops=1)
        Buckets: 131072  Batches: 8  Memory Usage: 2009kB
        ->  Hash Join  (cost=102767.86..182611.66 rows=500238 width=8) (actual time=2000.527..3462.488 rows=199727 loops=1)
              Hash Cond: (mc.movie_id = t.id)
              ->  Seq Scan on movie_companies mc  (cost=0.00..57926.93 rows=500238 width=4) (actual time=0.025..906.338 rows=199727 loops=1)
                    Filter: ((company_id > 15608) AND (company_type_id = 1))
                    Rows Removed by Filter: 2409402
              ->  Hash  (cost=61283.27..61283.27 rows=2528527 width=4) (actual time=1998.636..1998.636 rows=2528312 loops=1)
                    Buckets: 131072  Batches: 64  Memory Usage: 2415kB
                    ->  Seq Scan on title t  (cost=0.00..61283.27 rows=2528527 width=4) (actual time=0.015..1140.118 rows=2528312 loops=1)
Planning time: 12.946 ms
Execution time: 37668.265 ms
