Nested Loop  (cost=59429.33..422180.08 rows=238 width=0) (actual time=1119.085..6235.813 rows=6073 loops=1)
  ->  Hash Join  (cost=59428.90..414041.90 rows=3354 width=8) (actual time=1119.038..6180.579 rows=6177 loops=1)
        Hash Cond: (mi.movie_id = mc.movie_id)
        ->  Seq Scan on movie_info mi  (cost=0.00..346232.03 rows=17937 width=4) (actual time=249.237..5290.602 rows=6621 loops=1)
              Filter: (info_type_id = 85)
              Rows Removed by Filter: 14829099
        ->  Hash  (cost=57926.93..57926.93 rows=91517 width=4) (actual time=869.092..869.092 rows=146931 loops=1)
              Buckets: 131072  Batches: 2  Memory Usage: 3622kB
              ->  Seq Scan on movie_companies mc  (cost=0.00..57926.93 rows=91517 width=4) (actual time=0.033..822.518 rows=146931 loops=1)
                    Filter: ((company_id < 49) AND (company_type_id < 2))
                    Rows Removed by Filter: 2462198
  ->  Index Scan using title_pkey on title t  (cost=0.43..2.42 rows=1 width=4) (actual time=0.008..0.008 rows=1 loops=6177)
        Index Cond: (id = mc.movie_id)
        Filter: (production_year < 1998)
        Rows Removed by Filter: 0
Planning time: 1.285 ms
Execution time: 6237.057 ms
