Hash Join  (cost=172975.55..933176.83 rows=941211 width=0) (actual time=3378.993..22851.958 rows=548153 loops=1)
  Hash Cond: (ci.movie_id = t.id)
  ->  Seq Scan on cast_info ci  (cost=0.00..614943.12 rows=36225612 width=4) (actual time=0.022..9341.324 rows=36244344 loops=1)
  ->  Hash  (cost=172154.35..172154.35 rows=65696 width=8) (actual time=3378.280..3378.280 rows=22967 loops=1)
        Buckets: 131072  Batches: 1  Memory Usage: 1922kB
        ->  Hash Join  (cost=102767.86..172154.35 rows=65696 width=8) (actual time=2158.119..3369.443 rows=22967 loops=1)
              Hash Cond: (mc.movie_id = t.id)
              ->  Seq Scan on movie_companies mc  (cost=0.00..57926.93 rows=65696 width=4) (actual time=245.673..866.719 rows=22967 loops=1)
                    Filter: ((company_id < 21) AND (company_type_id > 1))
                    Rows Removed by Filter: 2586162
              ->  Hash  (cost=61283.27..61283.27 rows=2528527 width=4) (actual time=1910.600..1910.600 rows=2528312 loops=1)
                    Buckets: 131072  Batches: 64  Memory Usage: 2415kB
                    ->  Seq Scan on title t  (cost=0.00..61283.27 rows=2528527 width=4) (actual time=0.022..1037.404 rows=2528312 loops=1)
Planning time: 1.113 ms
Execution time: 22931.605 ms
