Seq Scan on movie_keyword mk  (cost=0.00..81003.12 rows=206243 width=0) (actual time=0.022..1330.246 rows=207935 loops=1)
  Filter: (keyword_id > 67041)
  Rows Removed by Filter: 4315995
Planning time: 0.467 ms
Execution time: 1358.976 ms
