Hash Join  (cost=906653.93..1502967.29 rows=7465663 width=0) (actual time=19326.763..41583.869 rows=32666805 loops=1)
  Hash Cond: (mi.movie_id = t.id)
  ->  Seq Scan on movie_info mi  (cost=0.00..309384.22 rows=14739122 width=4) (actual time=0.021..6429.395 rows=14835720 loops=1)
  ->  Hash  (cost=885641.55..885641.55 rows=1280750 width=8) (actual time=19325.953..19325.953 rows=1547039 loops=1)
        Buckets: 131072  Batches: 32  Memory Usage: 2928kB
        ->  Hash Join  (cost=81206.46..885641.55 rows=1280750 width=8) (actual time=1385.489..18823.106 rows=1547039 loops=1)
              Hash Cond: (ci.movie_id = t.id)
              ->  Seq Scan on cast_info ci  (cost=0.00..705507.15 rows=7298253 width=4) (actual time=0.026..13203.871 rows=7451973 loops=1)
                    Filter: (role_id = 2)
                    Rows Removed by Filter: 28792371
              ->  Hash  (cost=73925.90..73925.90 rows=443724 width=4) (actual time=1384.594..1384.594 rows=536860 loops=1)
                    Buckets: 131072  Batches: 8  Memory Usage: 3395kB
                    ->  Seq Scan on title t  (cost=0.00..73925.90 rows=443724 width=4) (actual time=0.026..1207.451 rows=536860 loops=1)
                          Filter: ((kind_id < 7) AND (production_year < 2002))
                          Rows Removed by Filter: 1991452
Planning time: 1.147 ms
Execution time: 44801.880 ms
