Seq Scan on movie_keyword mk  (cost=0.00..81003.12 rows=93992 width=0) (actual time=0.025..1347.486 rows=91832 loops=1)
  Filter: (keyword_id > 84438)
  Rows Removed by Filter: 4432098
Planning time: 0.303 ms
Execution time: 1360.977 ms
