Nested Loop  (cost=0.43..83071.67 rows=246 width=0) (actual time=0.316..1392.532 rows=337 loops=1)
  ->  Seq Scan on movie_keyword mk  (cost=0.00..81003.12 rows=246 width=4) (actual time=0.246..1376.680 rows=337 loops=1)
        Filter: (keyword_id = 14363)
        Rows Removed by Filter: 4523593
  ->  Index Only Scan using title_pkey on title t  (cost=0.43..8.40 rows=1 width=4) (actual time=0.044..0.045 rows=1 loops=337)
        Index Cond: (id = mk.movie_id)
        Heap Fetches: 337
Planning time: 1.090 ms
Execution time: 1392.784 ms
