Hash Join  (cost=132876.29..590908.51 rows=1202815 width=0) (actual time=4216.511..15742.637 rows=5651450 loops=1)
  Hash Cond: (mi.movie_id = t.id)
  ->  Seq Scan on movie_info mi  (cost=0.00..346232.03 rows=8508011 width=4) (actual time=1136.285..6404.153 rows=8612226 loops=1)
        Filter: (info_type_id < 9)
        Rows Removed by Filter: 6223494
  ->  Hash  (cost=127010.93..127010.93 rows=357469 width=8) (actual time=3079.065..3079.065 rows=636038 loops=1)
        Buckets: 131072 (originally 131072)  Batches: 16 (originally 8)  Memory Usage: 3073kB
        ->  Hash Join  (cost=83810.17..127010.93 rows=357469 width=8) (actual time=1488.045..2875.348 rows=636038 loops=1)
              Hash Cond: (mi_idx.movie_id = t.id)
              ->  Seq Scan on movie_info_idx mi_idx  (cost=0.00..25185.44 rows=915101 width=4) (actual time=0.029..571.630 rows=919850 loops=1)
                    Filter: (info_type_id < 101)
                    Rows Removed by Filter: 460185
              ->  Hash  (cost=67604.59..67604.59 rows=987727 width=4) (actual time=1487.049..1487.049 rows=985048 loops=1)
                    Buckets: 131072  Batches: 16  Memory Usage: 3188kB
                    ->  Seq Scan on title t  (cost=0.00..67604.59 rows=987727 width=4) (actual time=0.017..1180.343 rows=985048 loops=1)
                          Filter: (kind_id < 7)
                          Rows Removed by Filter: 1543264
Planning time: 3.770 ms
Execution time: 16375.660 ms
