Seq Scan on movie_keyword mk  (cost=0.00..81003.12 rows=1525697 width=0) (actual time=0.030..1371.322 rows=1541505 loops=1)
  Filter: (keyword_id > 10284)
  Rows Removed by Filter: 2982425
Planning time: 0.330 ms
Execution time: 1571.662 ms
