Seq Scan on movie_keyword mk  (cost=0.00..81003.12 rows=3478796 width=0) (actual time=0.026..1543.239 rows=3468579 loops=1)
  Filter: (keyword_id < 16742)
  Rows Removed by Filter: 1055351
Planning time: 0.989 ms
Execution time: 1988.152 ms
