Hash Join  (cost=143818.44..1225803.43 rows=4690286 width=0) (actual time=3232.701..37407.987 rows=10784587 loops=1)
  Hash Cond: (ci.movie_id = t.id)
  ->  Seq Scan on cast_info ci  (cost=0.00..614943.12 rows=36225612 width=4) (actual time=0.020..12983.737 rows=36244344 loops=1)
  ->  Hash  (cost=138447.20..138447.20 rows=327379 width=8) (actual time=3231.784..3231.784 rows=375691 loops=1)
        Buckets: 131072  Batches: 8  Memory Usage: 2868kB
        ->  Hash Join  (cost=97066.09..138447.20 rows=327379 width=8) (actual time=1984.196..3122.125 rows=375691 loops=1)
              Hash Cond: (mi_idx.movie_id = t.id)
              ->  Seq Scan on movie_info_idx mi_idx  (cost=0.00..25185.44 rows=460978 width=4) (actual time=0.028..484.372 rows=459925 loops=1)
                    Filter: (info_type_id < 100)
                    Rows Removed by Filter: 920110
              ->  Hash  (cost=67604.59..67604.59 rows=1795720 width=4) (actual time=1982.703..1982.703 rows=1794153 loops=1)
                    Buckets: 131072  Batches: 32  Memory Usage: 2992kB
                    ->  Seq Scan on title t  (cost=0.00..67604.59 rows=1795720 width=4) (actual time=0.015..1407.167 rows=1794153 loops=1)
                          Filter: (production_year < 2009)
                          Rows Removed by Filter: 734159
Planning time: 1.143 ms
Execution time: 38752.277 ms
