Hash Join  (cost=148456.43..272332.89 rows=153842 width=0) (actual time=3011.276..6749.972 rows=2732199 loops=1)
  Hash Cond: (mk.movie_id = t.id)
  ->  Seq Scan on movie_keyword mk  (cost=0.00..69693.30 rows=4523930 width=4) (actual time=0.021..1492.005 rows=4523930 loops=1)
  ->  Hash  (cost=147045.60..147045.60 rows=85986 width=8) (actual time=3010.492..3010.492 rows=235247 loops=1)
        Buckets: 131072 (originally 131072)  Batches: 4 (originally 2)  Memory Usage: 3330kB
        ->  Hash Join  (cost=80135.37..147045.60 rows=85986 width=8) (actual time=1355.386..2927.588 rows=235247 loops=1)
              Hash Cond: (mc.movie_id = t.id)
              ->  Seq Scan on movie_companies mc  (cost=0.00..57926.93 rows=574518 width=4) (actual time=0.018..1051.484 rows=864805 loops=1)
                    Filter: ((company_id > 13403) AND (company_type_id > 1))
                    Rows Removed by Filter: 1744324
              ->  Hash  (cost=73925.90..73925.90 rows=378437 width=4) (actual time=1354.499..1354.499 rows=282115 loops=1)
                    Buckets: 131072  Batches: 8  Memory Usage: 2266kB
                    ->  Seq Scan on title t  (cost=0.00..73925.90 rows=378437 width=4) (actual time=382.282..1266.303 rows=282115 loops=1)
                          Filter: ((production_year > 1999) AND (kind_id = 1))
                          Rows Removed by Filter: 2246197
Planning time: 1.104 ms
Execution time: 7053.130 ms
