Seq Scan on movie_keyword mk  (cost=0.00..81003.12 rows=1195635 width=0) (actual time=0.020..1350.366 rows=1204604 loops=1)
  Filter: (keyword_id > 15238)
  Rows Removed by Filter: 3319326
Planning time: 0.345 ms
Execution time: 1501.692 ms
