Seq Scan on cast_info ci  (cost=0.00..796071.18 rows=7769887 width=0) (actual time=9511.744..14394.053 rows=2501045 loops=1)
  Filter: ((person_id > 1386114) AND (role_id = 1))
  Rows Removed by Filter: 33743299
Planning time: 0.633 ms
Execution time: 14710.425 ms
