Hash Join  (cost=92883.59..179832.73 rows=741391 width=0) (actual time=2569.592..3940.438 rows=224985 loops=1)
  Hash Cond: (mc.movie_id = t.id)
  ->  Seq Scan on movie_companies mc  (cost=0.00..57926.93 rows=1216659 width=4) (actual time=0.016..1307.231 rows=1165662 loops=1)
        Filter: ((company_id > 19) AND (company_type_id < 2))
        Rows Removed by Filter: 1443467
  ->  Hash  (cost=67604.59..67604.59 rows=1540800 width=4) (actual time=1769.372..1769.372 rows=1543264 loops=1)
        Buckets: 131072  Batches: 32  Memory Usage: 2722kB
        ->  Seq Scan on title t  (cost=0.00..67604.59 rows=1540800 width=4) (actual time=73.196..1293.484 rows=1543264 loops=1)
              Filter: (kind_id = 7)
              Rows Removed by Filter: 985048
Planning time: 0.779 ms
Execution time: 3970.503 ms
