Seq Scan on movie_keyword mk  (cost=0.00..81003.12 rows=2653992 width=0) (actual time=0.020..1427.785 rows=2646360 loops=1)
  Filter: (keyword_id < 7302)
  Rows Removed by Filter: 1877570
Planning time: 0.316 ms
Execution time: 1745.735 ms
