Nested Loop  (cost=0.43..58358.52 rows=10 width=0) (actual time=6.581..865.463 rows=170 loops=1)
  ->  Seq Scan on movie_companies mc  (cost=0.00..57926.93 rows=51 width=4) (actual time=6.503..846.157 rows=170 loops=1)
        Filter: ((company_type_id = 1) AND (company_id = 14541))
        Rows Removed by Filter: 2608959
  ->  Index Scan using title_pkey on title t  (cost=0.43..8.45 rows=1 width=4) (actual time=0.111..0.112 rows=1 loops=170)
        Index Cond: (id = mc.movie_id)
        Filter: ((production_year < 2009) AND (kind_id = 1))
Planning time: 0.773 ms
Execution time: 865.646 ms
