Hash Join  (cost=83073.43..139463.80 rows=22 width=0) (actual time=1322.650..2431.377 rows=398 loops=1)
  Hash Cond: (mc.movie_id = t.id)
  ->  Seq Scan on movie_companies mc  (cost=0.00..51404.11 rows=1329612 width=4) (actual time=0.027..941.449 rows=1334883 loops=1)
        Filter: (company_type_id = 2)
        Rows Removed by Filter: 1274246
  ->  Hash  (cost=83072.90..83072.90 rows=42 width=8) (actual time=1303.813..1303.813 rows=119 loops=1)
        Buckets: 1024  Batches: 1  Memory Usage: 13kB
        ->  Nested Loop  (cost=0.43..83072.90 rows=42 width=8) (actual time=5.254..1303.650 rows=119 loops=1)
              ->  Seq Scan on movie_keyword mk  (cost=0.00..81003.12 rows=246 width=4) (actual time=5.211..1286.918 rows=274 loops=1)
                    Filter: (keyword_id = 876)
                    Rows Removed by Filter: 4523656
              ->  Index Scan using title_pkey on title t  (cost=0.43..8.40 rows=1 width=4) (actual time=0.058..0.058 rows=0 loops=274)
                    Index Cond: (id = mk.movie_id)
                    Filter: ((kind_id < 7) AND (production_year > 2004))
                    Rows Removed by Filter: 1
Planning time: 1.142 ms
Execution time: 2431.602 ms
