Hash Join  (cost=28270.22..114933.26 rows=501 width=0) (actual time=440.294..2282.817 rows=36683 loops=1)
  Hash Cond: (mk.movie_id = t.id)
  ->  Seq Scan on movie_keyword mk  (cost=0.00..69693.30 rows=4523930 width=4) (actual time=0.032..1082.921 rows=4523930 loops=1)
  ->  Hash  (cost=28266.72..28266.72 rows=280 width=8) (actual time=437.418..437.418 rows=240 loops=1)
        Buckets: 1024  Batches: 1  Memory Usage: 18kB
        ->  Nested Loop  (cost=0.43..28266.72 rows=280 width=8) (actual time=326.613..437.265 rows=240 loops=1)
              ->  Seq Scan on movie_info_idx mi_idx  (cost=0.00..25185.44 rows=368 width=4) (actual time=326.535..429.749 rows=260 loops=1)
                    Filter: (info_type_id > 101)
                    Rows Removed by Filter: 1379775
              ->  Index Scan using title_pkey on title t  (cost=0.43..8.36 rows=1 width=4) (actual time=0.028..0.028 rows=1 loops=260)
                    Index Cond: (id = mi_idx.movie_id)
                    Filter: (production_year < 2010)
                    Rows Removed by Filter: 0
Planning time: 1.254 ms
Execution time: 2287.597 ms
