Seq Scan on movie_keyword mk  (cost=0.00..81003.12 rows=1599570 width=0) (actual time=0.026..1425.326 rows=1612807 loops=1)
  Filter: (keyword_id > 9402)
  Rows Removed by Filter: 2911123
Planning time: 0.328 ms
Execution time: 1621.352 ms
