Hash Join  (cost=58375.70..145034.10 rows=36 width=0) (actual time=2092.058..2540.689 rows=8 loops=1)
  Hash Cond: (mk.movie_id = t.id)
  ->  Seq Scan on movie_keyword mk  (cost=0.00..69693.30 rows=4523930 width=4) (actual time=0.012..980.499 rows=4523930 loops=1)
  ->  Hash  (cost=58375.45..58375.45 rows=20 width=8) (actual time=806.257..806.257 rows=2 loops=1)
        Buckets: 1024  Batches: 1  Memory Usage: 9kB
        ->  Nested Loop  (cost=0.43..58375.45 rows=20 width=8) (actual time=255.104..806.247 rows=2 loops=1)
              ->  Seq Scan on movie_companies mc  (cost=0.00..57926.93 rows=53 width=4) (actual time=165.034..804.059 rows=52 loops=1)
                    Filter: ((company_id = 1378) AND (company_type_id = 2))
                    Rows Removed by Filter: 2609077
              ->  Index Scan using title_pkey on title t  (cost=0.43..8.45 rows=1 width=4) (actual time=0.039..0.039 rows=0 loops=52)
                    Index Cond: (id = mc.movie_id)
                    Filter: ((production_year > 1996) AND (kind_id = 7))
                    Rows Removed by Filter: 1
Planning time: 1.478 ms
Execution time: 2540.833 ms
