Hash Join  (cost=218490.31..261930.93 rows=335014 width=0) (actual time=4389.306..5889.371 rows=1266095 loops=1)
  Hash Cond: (mi_idx.movie_id = t.id)
  ->  Seq Scan on movie_info_idx mi_idx  (cost=0.00..21735.35 rows=1380035 width=4) (actual time=0.023..476.014 rows=1380035 loops=1)
  ->  Hash  (cost=208419.56..208419.56 rows=613820 width=8) (actual time=4388.191..4388.191 rows=613834 loops=1)
        Buckets: 131072  Batches: 16  Memory Usage: 2545kB
        ->  Hash Join  (cost=102767.86..208419.56 rows=613820 width=8) (actual time=1904.934..4212.309 rows=613834 loops=1)
              Hash Cond: (mk.movie_id = t.id)
              ->  Seq Scan on movie_keyword mk  (cost=0.00..81003.12 rows=613820 width=4) (actual time=0.024..1416.459 rows=613834 loops=1)
                    Filter: (keyword_id < 465)
                    Rows Removed by Filter: 3910096
              ->  Hash  (cost=61283.27..61283.27 rows=2528527 width=4) (actual time=1903.205..1903.205 rows=2528312 loops=1)
                    Buckets: 131072  Batches: 64  Memory Usage: 2425kB
                    ->  Seq Scan on title t  (cost=0.00..61283.27 rows=2528527 width=4) (actual time=0.020..1072.486 rows=2528312 loops=1)
Planning time: 1.144 ms
Execution time: 6037.734 ms
