Seq Scan on movie_companies mc  (cost=0.00..57926.93 rows=51 width=0) (actual time=81.524..761.573 rows=160 loops=1)
  Filter: ((company_id = 12125) AND (company_type_id = 1))
  Rows Removed by Filter: 2608969
Planning time: 0.407 ms
Execution time: 761.734 ms
