Seq Scan on cast_info ci  (cost=0.00..705507.15 rows=11044994 width=0) (actual time=0.011..12393.027 rows=10958808 loops=1)
  Filter: (person_id < 1076890)
  Rows Removed by Filter: 25285536
Planning time: 0.228 ms
Execution time: 13791.028 ms
