Hash Join  (cost=85885.38..1226966.92 rows=10443037 width=0) (actual time=1434.943..33496.809 rows=11202095 loops=1)
  Hash Cond: (ci.movie_id = t.id)
  ->  Seq Scan on cast_info ci  (cost=0.00..614943.12 rows=36225612 width=4) (actual time=0.023..12980.609 rows=36244344 loops=1)
  ->  Hash  (cost=73925.90..73925.90 rows=728918 width=4) (actual time=1434.046..1434.046 rows=717862 loops=1)
        Buckets: 131072  Batches: 16  Memory Usage: 2598kB
        ->  Seq Scan on title t  (cost=0.00..73925.90 rows=728918 width=4) (actual time=0.013..1214.087 rows=717862 loops=1)
              Filter: ((kind_id < 3) AND (production_year > 1910))
              Rows Removed by Filter: 1810450
Planning time: 0.781 ms
Execution time: 34535.876 ms
