Hash Join  (cost=253856.50..429885.87 rows=3970342 width=0) (actual time=6875.288..17621.532 rows=31769385 loops=1)
  Hash Cond: (mk.movie_id = t.id)
  ->  Seq Scan on movie_keyword mk  (cost=0.00..69693.30 rows=4523930 width=4) (actual time=0.019..1471.375 rows=4523930 loops=1)
  ->  Hash  (cost=217448.57..217448.57 rows=2219114 width=8) (actual time=6874.475..6874.475 rows=2213613 loops=1)
        Buckets: 131072  Batches: 32  Memory Usage: 3765kB
        ->  Hash Join  (cost=102767.86..217448.57 rows=2219114 width=8) (actual time=2648.767..6179.800 rows=2213613 loops=1)
              Hash Cond: (mc.movie_id = t.id)
              ->  Seq Scan on movie_companies mc  (cost=0.00..51404.11 rows=2219114 width=4) (actual time=0.031..1127.062 rows=2213613 loops=1)
                    Filter: (company_id < 82759)
                    Rows Removed by Filter: 395516
              ->  Hash  (cost=61283.27..61283.27 rows=2528527 width=4) (actual time=2647.805..2647.805 rows=2528312 loops=1)
                    Buckets: 131072  Batches: 64  Memory Usage: 2415kB
                    ->  Seq Scan on title t  (cost=0.00..61283.27 rows=2528527 width=4) (actual time=0.024..1058.718 rows=2528312 loops=1)
Planning time: 2.503 ms
Execution time: 20997.409 ms
