Seq Scan on movie_companies mc  (cost=0.00..57926.93 rows=467990 width=0) (actual time=184.928..987.125 rows=159315 loops=1)
  Filter: ((company_id > 17994) AND (company_type_id < 2))
  Rows Removed by Filter: 2449814
Planning time: 0.354 ms
Execution time: 1008.463 ms
