Hash Join  (cost=114554.97..916538.55 rows=29149 width=0) (actual time=12180.973..16095.541 rows=74436 loops=1)
  Hash Cond: (ci.movie_id = t.id)
  ->  Seq Scan on cast_info ci  (cost=0.00..796071.18 rows=1498907 width=4) (actual time=9976.363..13395.263 rows=1276979 loops=1)
        Filter: ((person_id < 1978939) AND (role_id = 4))
        Rows Removed by Filter: 34967365
  ->  Hash  (cost=113940.30..113940.30 rows=49173 width=8) (actual time=2204.089..2204.089 rows=107586 loops=1)
        Buckets: 131072 (originally 65536)  Batches: 2 (originally 1)  Memory Usage: 3131kB
        ->  Hash Join  (cost=75404.09..113940.30 rows=49173 width=8) (actual time=1510.221..2166.423 rows=107586 loops=1)
              Hash Cond: (mi_idx.movie_id = t.id)
              ->  Seq Scan on movie_info_idx mi_idx  (cost=0.00..21735.35 rows=1380035 width=4) (actual time=0.026..447.476 rows=1380035 loops=1)
              ->  Hash  (cost=73925.90..73925.90 rows=90095 width=4) (actual time=1245.782..1245.782 rows=95762 loops=1)
                    Buckets: 131072  Batches: 2  Memory Usage: 2712kB
                    ->  Seq Scan on title t  (cost=0.00..73925.90 rows=90095 width=4) (actual time=85.438..1212.308 rows=95762 loops=1)
                          Filter: ((production_year < 2012) AND (kind_id = 3))
                          Rows Removed by Filter: 2432550
Planning time: 1.208 ms
Execution time: 16105.928 ms
