Hash Join  (cost=94206.67..186840.65 rows=1275546 width=0) (actual time=2237.444..4742.732 rows=838617 loops=1)
  Hash Cond: (mc.movie_id = t.id)
  ->  Seq Scan on movie_companies mc  (cost=0.00..44881.29 rows=2609129 width=4) (actual time=0.017..815.468 rows=2609129 loops=1)
  ->  Hash  (cost=73925.90..73925.90 rows=1236141 width=4) (actual time=2235.721..2235.721 rows=1353520 loops=1)
        Buckets: 131072  Batches: 32  Memory Usage: 2519kB
        ->  Seq Scan on title t  (cost=0.00..73925.90 rows=1236141 width=4) (actual time=0.022..1384.774 rows=1353520 loops=1)
              Filter: ((kind_id > 1) AND (production_year > 1993))
              Rows Removed by Filter: 1174792
Planning time: 0.772 ms
Execution time: 4844.521 ms
