Hash Join  (cost=197963.91..1344568.04 rows=3154927 width=0) (actual time=4165.440..41215.384 rows=4452413 loops=1)
  Hash Cond: (ci.movie_id = t.id)
  ->  Seq Scan on cast_info ci  (cost=0.00..705507.15 rows=35343937 width=4) (actual time=0.014..16889.645 rows=35327440 loops=1)
        Filter: (person_id < 3886202)
        Rows Removed by Filter: 916904
  ->  Hash  (cost=194260.60..194260.60 rows=225705 width=8) (actual time=4162.253..4162.253 rows=78504 loops=1)
        Buckets: 131072  Batches: 4  Memory Usage: 1733kB
        ->  Hash Join  (cost=70308.29..194260.60 rows=225705 width=8) (actual time=1196.408..4135.196 rows=78504 loops=1)
              Hash Cond: (mk.movie_id = t.id)
              ->  Seq Scan on movie_keyword mk  (cost=0.00..81003.12 rows=3463504 width=4) (actual time=0.013..1622.084 rows=3455780 loops=1)
                    Filter: (keyword_id < 16501)
                    Rows Removed by Filter: 1068150
              ->  Hash  (cost=67604.59..67604.59 rows=164776 width=4) (actual time=1195.445..1195.445 rows=164307 loops=1)
                    Buckets: 131072  Batches: 4  Memory Usage: 2488kB
                    ->  Seq Scan on title t  (cost=0.00..67604.59 rows=164776 width=4) (actual time=0.017..1135.900 rows=164307 loops=1)
                          Filter: (production_year = 2012)
                          Rows Removed by Filter: 2364005
Planning time: 1.151 ms
Execution time: 41771.943 ms
