Seq Scan on movie_keyword mk  (cost=0.00..81003.12 rows=3127695 width=0) (actual time=0.019..1557.242 rows=3112859 loops=1)
  Filter: (keyword_id < 11851)
  Rows Removed by Filter: 1411071
Planning time: 0.310 ms
Execution time: 1949.085 ms
