Seq Scan on cast_info ci  (cost=0.00..796071.18 rows=1046839 width=0) (actual time=8730.431..13085.944 rows=3094091 loops=1)
  Filter: ((person_id > 2813075) AND (role_id = 10))
  Rows Removed by Filter: 33150253
Planning time: 0.409 ms
Execution time: 13466.218 ms
