Hash Join  (cost=161332.55..961041.01 rows=363730 width=0) (actual time=3036.570..23058.008 rows=3669064 loops=1)
  Hash Cond: (ci.movie_id = t.id)
  ->  Seq Scan on cast_info ci  (cost=0.00..614943.12 rows=36225612 width=4) (actual time=0.019..9105.428 rows=36244344 loops=1)
  ->  Hash  (cost=161015.20..161015.20 rows=25388 width=8) (actual time=3036.342..3036.342 rows=66025 loops=1)
        Buckets: 131072 (originally 32768)  Batches: 1 (originally 1)  Memory Usage: 3604kB
        ->  Hash Join  (cost=74103.28..161015.20 rows=25388 width=8) (actual time=1174.826..3006.817 rows=66025 loops=1)
              Hash Cond: (mk.movie_id = t.id)
              ->  Seq Scan on movie_keyword mk  (cost=0.00..69693.30 rows=4523930 width=4) (actual time=0.013..960.128 rows=4523930 loops=1)
              ->  Hash  (cost=73925.90..73925.90 rows=14190 width=4) (actual time=1174.352..1174.352 rows=12208 loops=1)
                    Buckets: 16384  Batches: 1  Memory Usage: 558kB
                    ->  Seq Scan on title t  (cost=0.00..73925.90 rows=14190 width=4) (actual time=0.034..1169.219 rows=12208 loops=1)
                          Filter: ((kind_id < 7) AND (production_year = 1996))
                          Rows Removed by Filter: 2516104
Planning time: 1.133 ms
Execution time: 23525.602 ms
