Seq Scan on movie_keyword mk  (cost=0.00..81003.12 rows=3155273 width=0) (actual time=0.017..1565.004 rows=3138259 loops=1)
  Filter: (keyword_id < 12047)
  Rows Removed by Filter: 1385671
Planning time: 0.625 ms
Execution time: 1937.999 ms
