Hash Join  (cost=175027.18..1003470.38 rows=688338 width=0) (actual time=3825.633..18104.350 rows=723577 loops=1)
  Hash Cond: (ci.movie_id = t.id)
  ->  Seq Scan on cast_info ci  (cost=0.00..796071.18 rows=1893769 width=4) (actual time=0.023..13639.035 rows=617051 loops=1)
        Filter: ((person_id < 1558558) AND (role_id = 10))
        Rows Removed by Filter: 35627293
  ->  Hash  (cost=159947.97..159947.97 rows=919057 width=8) (actual time=3824.900..3824.900 rows=920110 loops=1)
        Buckets: 131072  Batches: 16  Memory Usage: 3269kB
        ->  Hash Join  (cost=102767.86..159947.97 rows=919057 width=8) (actual time=1988.777..3584.348 rows=920110 loops=1)
              Hash Cond: (mi_idx.movie_id = t.id)
              ->  Seq Scan on movie_info_idx mi_idx  (cost=0.00..25185.44 rows=919057 width=4) (actual time=0.031..510.431 rows=920110 loops=1)
                    Filter: (info_type_id > 99)
                    Rows Removed by Filter: 459925
              ->  Hash  (cost=61283.27..61283.27 rows=2528527 width=4) (actual time=1987.361..1987.361 rows=2528312 loops=1)
                    Buckets: 131072  Batches: 64  Memory Usage: 2415kB
                    ->  Seq Scan on title t  (cost=0.00..61283.27 rows=2528527 width=4) (actual time=0.014..1166.660 rows=2528312 loops=1)
Planning time: 4.294 ms
Execution time: 18184.489 ms
