Hash Join  (cost=73955.77..425219.10 rows=1264 width=0) (actual time=2240.406..6133.903 rows=556 loops=1)
  Hash Cond: (mi.movie_id = t.id)
  ->  Seq Scan on movie_info mi  (cost=0.00..346232.03 rows=1338312 width=4) (actual time=1392.496..5080.848 rows=1401902 loops=1)
        Filter: (info_type_id = 7)
        Rows Removed by Filter: 13433818
  ->  Hash  (cost=73925.90..73925.90 rows=2389 width=4) (actual time=847.379..847.379 rows=2310 loops=1)
        Buckets: 4096  Batches: 1  Memory Usage: 114kB
        ->  Seq Scan on title t  (cost=0.00..73925.90 rows=2389 width=4) (actual time=0.098..845.991 rows=2310 loops=1)
              Filter: ((production_year > 2012) AND (kind_id = 2))
              Rows Removed by Filter: 2526002
Planning time: 0.782 ms
Execution time: 6134.104 ms
