Hash Join  (cost=100089.65..1129326.76 rows=8551335 width=0) (actual time=2856.916..25898.763 rows=7155297 loops=1)
  Hash Cond: (ci.movie_id = t.id)
  ->  Seq Scan on cast_info ci  (cost=0.00..796071.18 rows=10920316 width=4) (actual time=799.087..16469.537 rows=9027227 loops=1)
        Filter: ((person_id > 487202) AND (role_id = 1))
        Rows Removed by Filter: 27217117
  ->  Hash  (cost=67604.59..67604.59 rows=1980005 width=4) (actual time=2056.931..2056.931 rows=1976617 loops=1)
        Buckets: 131072  Batches: 32  Memory Usage: 3203kB
        ->  Seq Scan on title t  (cost=0.00..67604.59 rows=1980005 width=4) (actual time=0.028..1412.397 rows=1976617 loops=1)
              Filter: (production_year > 1977)
              Rows Removed by Filter: 551695
Planning time: 0.774 ms
Execution time: 26751.794 ms
