Seq Scan on movie_companies mc  (cost=0.00..57926.93 rows=674297 width=0) (actual time=0.026..1082.062 rows=920646 loops=1)
  Filter: ((company_id < 11705) AND (company_type_id = 1))
  Rows Removed by Filter: 1688483
Planning time: 0.395 ms
Execution time: 1186.949 ms
