Seq Scan on movie_companies mc  (cost=0.00..57926.93 rows=51 width=0) (actual time=5.016..748.494 rows=61 loops=1)
  Filter: ((company_id = 132) AND (company_type_id = 1))
  Rows Removed by Filter: 2609068
Planning time: 0.522 ms
Execution time: 748.610 ms
