Hash Join  (cost=73962.22..455839.28 rows=10887 width=0) (actual time=1094.738..8385.607 rows=58987 loops=1)
  Hash Cond: (mi.movie_id = t.id)
  ->  Seq Scan on movie_info mi  (cost=0.00..346232.03 rows=9476311 width=4) (actual time=0.017..5583.883 rows=9565151 loops=1)
        Filter: (info_type_id < 16)
        Rows Removed by Filter: 5270569
  ->  Hash  (cost=73925.90..73925.90 rows=2905 width=4) (actual time=1094.383..1094.383 rows=7852 loops=1)
        Buckets: 8192 (originally 4096)  Batches: 1 (originally 1)  Memory Usage: 341kB
        ->  Seq Scan on title t  (cost=0.00..73925.90 rows=2905 width=4) (actual time=0.433..1089.410 rows=7852 loops=1)
              Filter: ((kind_id < 7) AND (production_year = 1986))
              Rows Removed by Filter: 2520460
Planning time: 1.169 ms
Execution time: 8395.329 ms
