Hash Join  (cost=122179.54..249149.35 rows=407677 width=0) (actual time=2642.202..6418.697 rows=2527598 loops=1)
  Hash Cond: (mk.movie_id = t.id)
  ->  Seq Scan on movie_keyword mk  (cost=0.00..69693.30 rows=4523930 width=4) (actual time=0.016..1401.335 rows=4523930 loops=1)
  ->  Hash  (cost=118440.29..118440.29 rows=227860 width=8) (actual time=2640.944..2640.944 rows=269662 loops=1)
        Buckets: 131072  Batches: 4  Memory Usage: 3680kB
        ->  Hash Join  (cost=77934.62..118440.29 rows=227860 width=8) (actual time=1385.136..2551.969 rows=269662 loops=1)
              Hash Cond: (mi_idx.movie_id = t.id)
              ->  Seq Scan on movie_info_idx mi_idx  (cost=0.00..25185.44 rows=915101 width=4) (actual time=0.031..546.239 rows=919850 loops=1)
                    Filter: (info_type_id < 101)
                    Rows Removed by Filter: 460185
              ->  Hash  (cost=67604.59..67604.59 rows=629603 width=4) (actual time=1382.858..1382.858 rows=622851 loops=1)
                    Buckets: 131072  Batches: 16  Memory Usage: 2387kB
                    ->  Seq Scan on title t  (cost=0.00..67604.59 rows=629603 width=4) (actual time=0.026..1173.151 rows=622851 loops=1)
                          Filter: (production_year < 1987)
                          Rows Removed by Filter: 1905461
Planning time: 1.161 ms
Execution time: 6655.726 ms
