Seq Scan on movie_keyword mk  (cost=0.00..81003.12 rows=3827259 width=0) (actual time=0.023..1375.448 rows=3829629 loops=1)
  Filter: (keyword_id > 574)
  Rows Removed by Filter: 694301
Planning time: 0.352 ms
Execution time: 1812.696 ms
