Hash Join  (cost=230121.00..1099936.83 rows=5667284 width=0) (actual time=10844.615..24648.726 rows=7905348 loops=1)
  Hash Cond: (ci.movie_id = t.id)
  ->  Seq Scan on cast_info ci  (cost=0.00..705507.15 rows=7843767 width=4) (actual time=4237.948..11621.747 rows=7832667 loops=1)
        Filter: (person_id > 2894662)
        Rows Removed by Filter: 28411677
  ->  Hash  (cost=200147.59..200147.59 rows=1826913 width=8) (actual time=6604.820..6604.820 rows=1107182 loops=1)
        Buckets: 131072  Batches: 32  Memory Usage: 2346kB
        ->  Hash Join  (cost=96651.52..200147.59 rows=1826913 width=8) (actual time=2618.643..5586.882 rows=1107182 loops=1)
              Hash Cond: (mc.movie_id = t.id)
              ->  Seq Scan on movie_companies mc  (cost=0.00..44881.29 rows=2609129 width=4) (actual time=0.029..932.409 rows=2609129 loops=1)
              ->  Hash  (cost=67604.59..67604.59 rows=1770475 width=4) (actual time=2617.838..2617.838 rows=1774635 loops=1)
                    Buckets: 131072  Batches: 32  Memory Usage: 2978kB
                    ->  Seq Scan on title t  (cost=0.00..67604.59 rows=1770475 width=4) (actual time=0.021..1409.571 rows=1774635 loops=1)
                          Filter: (kind_id > 2)
                          Rows Removed by Filter: 753677
Planning time: 1.183 ms
Execution time: 25488.503 ms
