Hash Join  (cost=126781.45..1184439.01 rows=2322046 width=0) (actual time=2494.791..32096.474 rows=2962790 loops=1)
  Hash Cond: (ci.movie_id = t.id)
  ->  Seq Scan on cast_info ci  (cost=0.00..614943.12 rows=36225612 width=4) (actual time=0.020..13225.477 rows=36244344 loops=1)
  ->  Hash  (cost=124121.49..124121.49 rows=162077 width=8) (actual time=2493.527..2493.527 rows=93955 loops=1)
        Buckets: 131072  Batches: 4  Memory Usage: 1945kB
        ->  Hash Join  (cost=88511.62..124121.49 rows=162077 width=8) (actual time=1618.687..2461.973 rows=93955 loops=1)
              Hash Cond: (mi_idx.movie_id = t.id)
              ->  Seq Scan on movie_info_idx mi_idx  (cost=0.00..25185.44 rows=460978 width=4) (actual time=0.024..462.538 rows=459925 loops=1)
                    Filter: (info_type_id = 99)
                    Rows Removed by Filter: 920110
              ->  Hash  (cost=73925.90..73925.90 rows=889017 width=4) (actual time=1617.794..1617.794 rows=810813 loops=1)
                    Buckets: 131072  Batches: 16  Memory Usage: 2806kB
                    ->  Seq Scan on title t  (cost=0.00..73925.90 rows=889017 width=4) (actual time=0.026..1356.522 rows=810813 loops=1)
                          Filter: ((kind_id > 4) AND (production_year < 2006))
                          Rows Removed by Filter: 1717499
Planning time: 1.192 ms
Execution time: 32466.354 ms
