Seq Scan on movie_companies mc  (cost=0.00..51404.11 rows=104 width=0) (actual time=201.240..798.893 rows=10 loops=1)
  Filter: (company_id = 31053)
  Rows Removed by Filter: 2609119
Planning time: 0.395 ms
Execution time: 798.971 ms
