Seq Scan on cast_info ci  (cost=0.00..796071.18 rows=1716838 width=0) (actual time=745.838..11623.854 rows=1002713 loops=1)
  Filter: ((person_id < 483029) AND (role_id > 3))
  Rows Removed by Filter: 35241631
Planning time: 1.184 ms
Execution time: 11755.770 ms
