Hash Join  (cost=103698.42..199872.90 rows=1463061 width=0) (actual time=2064.652..5282.796 rows=1279446 loops=1)
  Hash Cond: (mc.movie_id = t.id)
  ->  Seq Scan on movie_companies mc  (cost=0.00..51404.11 rows=1681550 width=4) (actual time=0.085..1003.895 rows=1681135 loops=1)
        Filter: (company_id > 3270)
        Rows Removed by Filter: 927994
  ->  Hash  (cost=67604.59..67604.59 rows=2199987 width=4) (actual time=2062.906..2062.906 rows=2192624 loops=1)
        Buckets: 131072  Batches: 32  Memory Usage: 3436kB
        ->  Seq Scan on title t  (cost=0.00..67604.59 rows=2199987 width=4) (actual time=0.019..1343.596 rows=2192624 loops=1)
              Filter: (production_year > 1961)
              Rows Removed by Filter: 335688
Planning time: 0.537 ms
Execution time: 5424.301 ms
