Hash Join  (cost=121977.84..208675.55 rows=3967 width=0) (actual time=2142.659..3993.478 rows=63478 loops=1)
  Hash Cond: (mk.movie_id = t.id)
  ->  Seq Scan on movie_keyword mk  (cost=0.00..69693.30 rows=4523930 width=4) (actual time=0.018..1019.060 rows=4523930 loops=1)
  ->  Hash  (cost=121950.13..121950.13 rows=2217 width=8) (actual time=2141.005..2141.005 rows=7131 loops=1)
        Buckets: 8192 (originally 4096)  Batches: 1 (originally 1)  Memory Usage: 343kB
        ->  Hash Join  (cost=67697.55..121950.13 rows=2217 width=8) (actual time=1093.557..2137.712 rows=7131 loops=1)
              Hash Cond: (mc.movie_id = t.id)
              ->  Seq Scan on movie_companies mc  (cost=0.00..51404.11 rows=753680 width=4) (actual time=0.022..869.009 rows=748127 loops=1)
                    Filter: (company_id < 1454)
                    Rows Removed by Filter: 1861002
              ->  Hash  (cost=67604.59..67604.59 rows=7437 width=4) (actual time=1092.822..1092.822 rows=14428 loops=1)
                    Buckets: 16384 (originally 8192)  Batches: 1 (originally 1)  Memory Usage: 636kB
                    ->  Seq Scan on title t  (cost=0.00..67604.59 rows=7437 width=4) (actual time=0.088..1085.900 rows=14428 loops=1)
                          Filter: (production_year = 1978)
                          Rows Removed by Filter: 2513884
Planning time: 7.800 ms
Execution time: 4001.868 ms
