Hash Join  (cost=432455.96..519954.69 rows=84069 width=0) (actual time=7183.271..10306.217 rows=3114866 loops=1)
  Hash Cond: (mk.movie_id = t.id)
  ->  Seq Scan on movie_keyword mk  (cost=0.00..69693.30 rows=4523930 width=4) (actual time=0.013..1069.264 rows=4523930 loops=1)
  ->  Hash  (cost=431868.61..431868.61 rows=46988 width=8) (actual time=7182.826..7182.826 rows=115923 loops=1)
        Buckets: 131072 (originally 65536)  Batches: 2 (originally 1)  Memory Usage: 3289kB
        ->  Hash Join  (cost=76915.85..431868.61 rows=46988 width=8) (actual time=1263.948..7139.508 rows=115923 loops=1)
              Hash Cond: (mi.movie_id = t.id)
              ->  Seq Scan on movie_info mi  (cost=0.00..346232.03 rows=651960 width=4) (actual time=0.021..5502.543 rows=660923 loops=1)
                    Filter: (info_type_id = 18)
                    Rows Removed by Filter: 14174797
              ->  Hash  (cost=73925.90..73925.90 rows=182236 width=4) (actual time=1252.822..1252.822 rows=315565 loops=1)
                    Buckets: 131072  Batches: 4  Memory Usage: 3805kB
                    ->  Seq Scan on title t  (cost=0.00..73925.90 rows=182236 width=4) (actual time=478.986..1149.401 rows=315565 loops=1)
                          Filter: ((production_year < 1990) AND (kind_id = 1))
                          Rows Removed by Filter: 2212747
Planning time: 4.190 ms
Execution time: 10659.160 ms
