Hash Join  (cost=240296.33..288782.75 rows=629094 width=0) (actual time=4760.728..6600.229 rows=2592248 loops=1)
  Hash Cond: (mi_idx.movie_id = t.id)
  ->  Seq Scan on movie_info_idx mi_idx  (cost=0.00..21735.35 rows=1380035 width=4) (actual time=0.019..435.639 rows=1380035 loops=1)
  ->  Hash  (cost=221385.35..221385.35 rows=1152638 width=8) (actual time=4759.923..4759.923 rows=1168625 loops=1)
        Buckets: 131072  Batches: 16  Memory Usage: 3939kB
        ->  Hash Join  (cost=102767.86..221385.35 rows=1152638 width=8) (actual time=1840.024..4460.654 rows=1168625 loops=1)
              Hash Cond: (mk.movie_id = t.id)
              ->  Seq Scan on movie_keyword mk  (cost=0.00..81003.12 rows=1152638 width=4) (actual time=0.015..1384.538 rows=1168625 loops=1)
                    Filter: (keyword_id > 16007)
                    Rows Removed by Filter: 3355305
              ->  Hash  (cost=61283.27..61283.27 rows=2528527 width=4) (actual time=1837.995..1837.995 rows=2528312 loops=1)
                    Buckets: 131072  Batches: 64  Memory Usage: 2425kB
                    ->  Seq Scan on title t  (cost=0.00..61283.27 rows=2528527 width=4) (actual time=0.019..989.049 rows=2528312 loops=1)
Planning time: 1.176 ms
Execution time: 6895.281 ms
