Hash Join  (cost=165344.40..307328.08 rows=1640064 width=0) (actual time=4414.069..9008.439 rows=5687512 loops=1)
  Hash Cond: (mk.movie_id = t.id)
  ->  Seq Scan on movie_keyword mk  (cost=0.00..69693.30 rows=4523930 width=4) (actual time=0.007..1421.120 rows=4523930 loops=1)
  ->  Hash  (cost=150305.04..150305.04 rows=916669 width=8) (actual time=4412.737..4412.737 rows=855351 loops=1)
        Buckets: 131072  Batches: 16  Memory Usage: 3129kB
        ->  Hash Join  (cost=95159.82..150305.04 rows=916669 width=8) (actual time=2538.822..4160.726 rows=855351 loops=1)
              Hash Cond: (mi_idx.movie_id = t.id)
              ->  Seq Scan on movie_info_idx mi_idx  (cost=0.00..21735.35 rows=1380035 width=4) (actual time=0.023..433.302 rows=1380035 loops=1)
              ->  Hash  (cost=67604.59..67604.59 rows=1679539 width=4) (actual time=2538.111..2538.111 rows=1673541 loops=1)
                    Buckets: 131072  Batches: 32  Memory Usage: 2866kB
                    ->  Seq Scan on title t  (cost=0.00..67604.59 rows=1679539 width=4) (actual time=0.019..1257.118 rows=1673541 loops=1)
                          Filter: (production_year > 1993)
                          Rows Removed by Filter: 854771
Planning time: 1.198 ms
Execution time: 9617.802 ms
