Hash Join  (cost=78556.72..203939.06 rows=776433 width=0) (actual time=2331.320..5856.373 rows=1876834 loops=1)
  Hash Cond: (mk.movie_id = t.id)
  ->  Seq Scan on movie_keyword mk  (cost=0.00..81003.12 rows=2941035 width=4) (actual time=0.024..1674.616 rows=2934939 loops=1)
        Filter: (keyword_id > 2438)
        Rows Removed by Filter: 1588991
  ->  Hash  (cost=67604.59..67604.59 rows=667531 width=4) (actual time=2074.198..2074.198 rows=662825 loops=1)
        Buckets: 131072  Batches: 16  Memory Usage: 2486kB
        ->  Seq Scan on title t  (cost=0.00..67604.59 rows=667531 width=4) (actual time=534.280..1090.618 rows=662825 loops=1)
              Filter: (kind_id = 1)
              Rows Removed by Filter: 1865487
Planning time: 0.735 ms
Execution time: 6081.764 ms
