Seq Scan on movie_keyword mk  (cost=0.00..81003.12 rows=2925667 width=0) (actual time=0.019..1247.320 rows=2912963 loops=1)
  Filter: (keyword_id < 9419)
  Rows Removed by Filter: 1610967
Planning time: 0.330 ms
Execution time: 1577.311 ms
