Hash Join  (cost=1103801.67..1912712.67 rows=25663536 width=0) (actual time=24522.171..43050.206 rows=15835414 loops=1)
  Hash Cond: (mi.movie_id = t.id)
  ->  Seq Scan on movie_info mi  (cost=0.00..309384.22 rows=14739122 width=4) (actual time=0.020..6107.885 rows=14835720 loops=1)
  ->  Hash  (cost=1031570.76..1031570.76 rows=4402633 width=8) (actual time=24028.824..24028.824 rows=4601727 loops=1)
        Buckets: 131072  Batches: 64  Memory Usage: 3802kB
        ->  Hash Join  (cost=92883.59..1031570.76 rows=4402633 width=8) (actual time=9192.756..22694.932 rows=4601727 loops=1)
              Hash Cond: (ci.movie_id = t.id)
              ->  Seq Scan on cast_info ci  (cost=0.00..796071.18 rows=7224932 width=4) (actual time=7500.900..15390.291 rows=7451973 loops=1)
                    Filter: ((person_id < 3989158) AND (role_id = 2))
                    Rows Removed by Filter: 28792371
              ->  Hash  (cost=67604.59..67604.59 rows=1540800 width=4) (actual time=1690.733..1690.733 rows=1543264 loops=1)
                    Buckets: 131072  Batches: 32  Memory Usage: 2722kB
                    ->  Seq Scan on title t  (cost=0.00..67604.59 rows=1540800 width=4) (actual time=241.594..1179.491 rows=1543264 loops=1)
                          Filter: (kind_id = 7)
                          Rows Removed by Filter: 985048
Planning time: 1.200 ms
Execution time: 44761.624 ms
