Seq Scan on cast_info ci  (cost=0.00..796071.18 rows=597965 width=0) (actual time=5037.929..11616.995 rows=2808027 loops=1)
  Filter: ((person_id > 3530009) AND (role_id > 6))
  Rows Removed by Filter: 33436317
Planning time: 0.360 ms
Execution time: 11993.933 ms
