Hash Join  (cost=1321534.82..2777665.56 rows=72507289 width=0) (actual time=30687.587..86970.609 rows=162108255 loops=1)
  Hash Cond: (mi.movie_id = t.id)
  ->  Seq Scan on movie_info mi  (cost=0.00..309384.22 rows=14739122 width=4) (actual time=0.018..6475.176 rows=14835720 loops=1)
  ->  Hash  (cost=1117461.12..1117461.12 rows=12438776 width=8) (actual time=30683.409..30683.409 rows=12361274 loops=1)
        Buckets: 131072  Batches: 256  Memory Usage: 2987kB
        ->  Hash Join  (cost=102767.86..1117461.12 rows=12438776 width=8) (actual time=2209.490..26443.198 rows=12361274 loops=1)
              Hash Cond: (ci.movie_id = t.id)
              ->  Seq Scan on cast_info ci  (cost=0.00..705507.15 rows=12438776 width=4) (actual time=321.287..13455.518 rows=12361274 loops=1)
                    Filter: (person_id < 1218543)
                    Rows Removed by Filter: 23883070
              ->  Hash  (cost=61283.27..61283.27 rows=2528527 width=4) (actual time=1885.991..1885.991 rows=2528312 loops=1)
                    Buckets: 131072  Batches: 64  Memory Usage: 2415kB
                    ->  Seq Scan on title t  (cost=0.00..61283.27 rows=2528527 width=4) (actual time=0.015..1063.463 rows=2528312 loops=1)
Planning time: 0.778 ms
Execution time: 104861.469 ms
