Seq Scan on movie_keyword mk  (cost=0.00..81003.12 rows=246 width=0) (actual time=5.809..1297.223 rows=109 loops=1)
  Filter: (keyword_id = 14914)
  Rows Removed by Filter: 4523821
Planning time: 0.348 ms
Execution time: 1297.411 ms
