Seq Scan on movie_keyword mk  (cost=0.00..81003.12 rows=1173236 width=0) (actual time=0.025..1345.675 rows=1186254 loops=1)
  Filter: (keyword_id > 15662)
  Rows Removed by Filter: 3337676
Planning time: 0.300 ms
Execution time: 1493.688 ms
