Seq Scan on movie_companies mc  (cost=0.00..57926.93 rows=624572 width=0) (actual time=0.020..1012.349 rows=853403 loops=1)
  Filter: ((company_id < 11203) AND (company_type_id < 2))
  Rows Removed by Filter: 1755726
Planning time: 0.317 ms
Execution time: 1120.375 ms
