Hash Join  (cost=161343.25..518771.86 rows=22350 width=0) (actual time=4998.338..8938.816 rows=341601 loops=1)
  Hash Cond: (mi.movie_id = t.id)
  ->  Seq Scan on movie_info mi  (cost=0.00..346232.03 rows=2194617 width=4) (actual time=1983.648..5486.993 rows=2233850 loops=1)
        Filter: (info_type_id > 16)
        Rows Removed by Filter: 12601870
  ->  Hash  (cost=161021.36..161021.36 rows=25751 width=8) (actual time=2983.795..2983.795 rows=17838 loops=1)
        Buckets: 32768  Batches: 1  Memory Usage: 953kB
        ->  Hash Join  (cost=74105.82..161021.36 rows=25751 width=8) (actual time=1037.823..2978.018 rows=17838 loops=1)
              Hash Cond: (mk.movie_id = t.id)
              ->  Seq Scan on movie_keyword mk  (cost=0.00..69693.30 rows=4523930 width=4) (actual time=0.027..1096.894 rows=4523930 loops=1)
              ->  Hash  (cost=73925.90..73925.90 rows=14393 width=4) (actual time=1030.497..1030.497 rows=8936 loops=1)
                    Buckets: 16384  Batches: 1  Memory Usage: 443kB
                    ->  Seq Scan on title t  (cost=0.00..73925.90 rows=14393 width=4) (actual time=0.167..1026.430 rows=8936 loops=1)
                          Filter: ((production_year < 1972) AND (kind_id = 2))
                          Rows Removed by Filter: 2519376
Planning time: 1.210 ms
Execution time: 8979.983 ms
