Seq Scan on cast_info ci  (cost=0.00..796071.18 rows=779083 width=0) (actual time=3690.920..11377.924 rows=251689 loops=1)
  Filter: ((person_id < 622526) AND (role_id = 10))
  Rows Removed by Filter: 35992655
Planning time: 0.378 ms
Execution time: 11407.906 ms
