Hash Join  (cost=217858.32..331101.89 rows=845492 width=0) (actual time=5307.356..8443.354 rows=2977605 loops=1)
  Hash Cond: (mk.movie_id = t.id)
  ->  Seq Scan on movie_keyword mk  (cost=0.00..81003.12 rows=1607874 width=4) (actual time=0.032..1462.678 rows=1620212 loops=1)
        Filter: (keyword_id > 9294)
        Rows Removed by Filter: 2903718
  ->  Hash  (cost=196044.17..196044.17 rows=1329612 width=8) (actual time=5306.159..5306.159 rows=1334883 loops=1)
        Buckets: 131072  Batches: 32  Memory Usage: 2660kB
        ->  Hash Join  (cost=102767.86..196044.17 rows=1329612 width=8) (actual time=2306.453..4898.325 rows=1334883 loops=1)
              Hash Cond: (mc.movie_id = t.id)
              ->  Seq Scan on movie_companies mc  (cost=0.00..51404.11 rows=1329612 width=4) (actual time=0.031..1044.773 rows=1334883 loops=1)
                    Filter: (company_type_id = 2)
                    Rows Removed by Filter: 1274246
              ->  Hash  (cost=61283.27..61283.27 rows=2528527 width=4) (actual time=2305.301..2305.301 rows=2528312 loops=1)
                    Buckets: 131072  Batches: 64  Memory Usage: 2415kB
                    ->  Seq Scan on title t  (cost=0.00..61283.27 rows=2528527 width=4) (actual time=0.011..1194.837 rows=2528312 loops=1)
Planning time: 1.100 ms
Execution time: 8791.516 ms
