Hash Join  (cost=102767.86..1124146.85 rows=8952850 width=0) (actual time=4065.711..21520.526 rows=5041679 loops=1)
  Hash Cond: (ci.movie_id = t.id)
  ->  Seq Scan on cast_info ci  (cost=0.00..796071.18 rows=8952850 width=4) (actual time=2239.518..15485.586 rows=5041679 loops=1)
        Filter: ((person_id > 1039340) AND (role_id = 1))
        Rows Removed by Filter: 31202665
  ->  Hash  (cost=61283.27..61283.27 rows=2528527 width=4) (actual time=1825.144..1825.144 rows=2528312 loops=1)
        Buckets: 131072  Batches: 64  Memory Usage: 2415kB
        ->  Seq Scan on title t  (cost=0.00..61283.27 rows=2528527 width=4) (actual time=0.027..992.744 rows=2528312 loops=1)
Planning time: 4.427 ms
Execution time: 22064.877 ms
