Seq Scan on cast_info ci  (cost=0.00..796071.18 rows=8035735 width=42) (actual time=8534.816..16068.581 rows=9643758 loops=1)
  Filter: ((person_id > 1211028) AND (role_id > 3))
  Rows Removed by Filter: 26600586
Planning time: 0.464 ms
Execution time: 16641.039 ms
