Hash Join  (cost=150298.95..605429.70 rows=581128 width=0) (actual time=4212.050..13888.280 rows=1096105 loops=1)
  Hash Cond: (mi.movie_id = t.id)
  ->  Seq Scan on movie_info mi  (cost=0.00..346232.03 rows=8859586 width=4) (actual time=1040.176..6762.403 rows=8966694 loops=1)
        Filter: (info_type_id < 15)
        Rows Removed by Filter: 5869026
  ->  Hash  (cost=147577.78..147577.78 rows=165854 width=8) (actual time=3166.702..3166.702 rows=126472 loops=1)
        Buckets: 131072  Batches: 4  Memory Usage: 2260kB
        ->  Hash Join  (cost=70241.71..147577.78 rows=165854 width=8) (actual time=1106.312..3122.385 rows=126472 loops=1)
              Hash Cond: (mc.movie_id = t.id)
              ->  Seq Scan on movie_companies mc  (cost=0.00..44881.29 rows=2609129 width=4) (actual time=0.017..925.452 rows=2609129 loops=1)
              ->  Hash  (cost=67604.59..67604.59 rows=160730 width=4) (actual time=1105.437..1105.437 rows=160017 loops=1)
                    Buckets: 131072  Batches: 4  Memory Usage: 2436kB
                    ->  Seq Scan on title t  (cost=0.00..67604.59 rows=160730 width=4) (actual time=0.034..1048.840 rows=160017 loops=1)
                          Filter: (production_year = 2011)
                          Rows Removed by Filter: 2368295
Planning time: 1.161 ms
Execution time: 14015.212 ms
