Hash Join  (cost=88391.98..183129.24 rows=238366 width=0) (actual time=2726.534..3456.337 rows=44560 loops=1)
  Hash Cond: (mk.movie_id = t.id)
  ->  Seq Scan on movie_keyword mk  (cost=0.00..81003.12 rows=683593 width=4) (actual time=0.017..1432.049 rows=681653 loops=1)
        Filter: (keyword_id < 562)
        Rows Removed by Filter: 3842277
  ->  Hash  (cost=73925.90..73925.90 rows=881686 width=4) (actual time=1615.260..1615.260 rows=801513 loops=1)
        Buckets: 131072  Batches: 16  Memory Usage: 2792kB
        ->  Seq Scan on title t  (cost=0.00..73925.90 rows=881686 width=4) (actual time=0.017..1348.789 rows=801513 loops=1)
              Filter: ((production_year < 2006) AND (kind_id = 7))
              Rows Removed by Filter: 1726799
Planning time: 0.566 ms
Execution time: 3460.951 ms
