Hash Join  (cost=102767.86..859496.44 rows=1718119 width=0) (actual time=11619.082..14774.142 rows=1747632 loops=1)
  Hash Cond: (ci.movie_id = t.id)
  ->  Seq Scan on cast_info ci  (cost=0.00..705507.15 rows=1718119 width=4) (actual time=9685.769..11157.714 rows=1747632 loops=1)
        Filter: (person_id > 3716066)
        Rows Removed by Filter: 34496712
  ->  Hash  (cost=61283.27..61283.27 rows=2528527 width=4) (actual time=1932.286..1932.286 rows=2528312 loops=1)
        Buckets: 131072  Batches: 64  Memory Usage: 2415kB
        ->  Seq Scan on title t  (cost=0.00..61283.27 rows=2528527 width=4) (actual time=0.021..1107.571 rows=2528312 loops=1)
Planning time: 0.735 ms
Execution time: 14967.760 ms
