Seq Scan on movie_companies mc  (cost=0.00..51404.11 rows=1160631 width=0) (actual time=0.024..943.326 rows=1169320 loops=1)
  Filter: (company_id > 12823)
  Rows Removed by Filter: 1439809
Planning time: 0.302 ms
Execution time: 1087.373 ms
