Nested Loop  (cost=0.43..83072.29 rows=96 width=0) (actual time=0.559..1223.556 rows=1221 loops=1)
  ->  Seq Scan on movie_keyword mk  (cost=0.00..81003.12 rows=246 width=4) (actual time=0.516..1165.856 rows=1337 loops=1)
        Filter: (keyword_id = 490)
        Rows Removed by Filter: 4522593
  ->  Index Scan using title_pkey on title t  (cost=0.43..8.40 rows=1 width=4) (actual time=0.042..0.042 rows=1 loops=1337)
        Index Cond: (id = mk.movie_id)
        Filter: (kind_id < 7)
        Rows Removed by Filter: 0
Planning time: 0.686 ms
Execution time: 1224.084 ms
