Hash Join  (cost=145310.36..269242.95 rows=158455 width=0) (actual time=2598.385..4965.332 rows=276167 loops=1)
  Hash Cond: (mk.movie_id = t.id)
  ->  Seq Scan on movie_keyword mk  (cost=0.00..69693.30 rows=4523930 width=4) (actual time=0.028..1372.775 rows=4523930 loops=1)
  ->  Hash  (cost=143857.31..143857.31 rows=88564 width=8) (actual time=2339.455..2339.455 rows=23988 loops=1)
        Buckets: 131072  Batches: 2  Memory Usage: 1502kB
        ->  Hash Join  (cost=78556.72..143857.31 rows=88564 width=8) (actual time=1345.752..2330.372 rows=23988 loops=1)
              Hash Cond: (mc.movie_id = t.id)
              ->  Seq Scan on movie_companies mc  (cost=0.00..57926.93 rows=335469 width=4) (actual time=0.023..856.109 rows=31134 loops=1)
                    Filter: ((company_id > 47112) AND (company_type_id = 1))
                    Rows Removed by Filter: 2577995
              ->  Hash  (cost=67604.59..67604.59 rows=667531 width=4) (actual time=1344.920..1344.920 rows=662825 loops=1)
                    Buckets: 131072  Batches: 16  Memory Usage: 2476kB
                    ->  Seq Scan on title t  (cost=0.00..67604.59 rows=667531 width=4) (actual time=23.224..1137.434 rows=662825 loops=1)
                          Filter: (kind_id = 1)
                          Rows Removed by Filter: 1865487
Planning time: 0.742 ms
Execution time: 4995.599 ms
