Nested Loop  (cost=0.43..52283.69 rows=104 width=0) (actual time=23.517..806.098 rows=135 loops=1)
  ->  Seq Scan on movie_companies mc  (cost=0.00..51404.11 rows=104 width=4) (actual time=23.436..800.213 rows=135 loops=1)
        Filter: (company_id = 22696)
        Rows Removed by Filter: 2608994
  ->  Index Only Scan using title_pkey on title t  (cost=0.43..8.45 rows=1 width=4) (actual time=0.041..0.042 rows=1 loops=135)
        Index Cond: (id = mc.movie_id)
        Heap Fetches: 135
Planning time: 0.742 ms
Execution time: 806.224 ms
