Seq Scan on movie_companies mc  (cost=0.00..57926.93 rows=906730 width=0) (actual time=243.762..1095.347 rows=1216040 loops=1)
  Filter: ((company_id < 34589) AND (company_type_id = 1))
  Rows Removed by Filter: 1393089
Planning time: 0.398 ms
Execution time: 1245.400 ms
