Hash Join  (cost=220039.88..381304.95 rows=2758512 width=0) (actual time=6386.173..8628.324 rows=1552542 loops=1)
  Hash Cond: (mk.movie_id = t.id)
  ->  Seq Scan on movie_keyword mk  (cost=0.00..69693.30 rows=4523930 width=4) (actual time=0.025..1474.374 rows=4523930 loops=1)
  ->  Hash  (cost=194744.44..194744.44 rows=1541795 width=8) (actual time=4801.096..4801.096 rows=704352 loops=1)
        Buckets: 131072  Batches: 32  Memory Usage: 1863kB
        ->  Hash Join  (cost=98439.97..194744.44 rows=1541795 width=8) (actual time=1979.544..4603.686 rows=704352 loops=1)
              Hash Cond: (mc.movie_id = t.id)
              ->  Seq Scan on movie_companies mc  (cost=0.00..44881.29 rows=2609129 width=4) (actual time=0.023..978.927 rows=2609129 loops=1)
              ->  Hash  (cost=73925.90..73925.90 rows=1494165 width=4) (actual time=1978.509..1978.509 rows=1478440 loops=1)
                    Buckets: 131072  Batches: 32  Memory Usage: 2651kB
                    ->  Seq Scan on title t  (cost=0.00..73925.90 rows=1494165 width=4) (actual time=0.011..1500.002 rows=1478440 loops=1)
                          Filter: ((production_year > 1898) AND (kind_id = 7))
                          Rows Removed by Filter: 1049872
Planning time: 2.279 ms
Execution time: 8791.618 ms
