Hash Join  (cost=83074.74..833899.15 rows=3524 width=0) (actual time=1299.379..17179.292 rows=10462 loops=1)
  Hash Cond: (ci.movie_id = t.id)
  ->  Seq Scan on cast_info ci  (cost=0.00..614943.12 rows=36225612 width=4) (actual time=0.041..8999.667 rows=36244344 loops=1)
  ->  Hash  (cost=83071.67..83071.67 rows=246 width=8) (actual time=1298.954..1298.954 rows=265 loops=1)
        Buckets: 1024  Batches: 1  Memory Usage: 19kB
        ->  Nested Loop  (cost=0.43..83071.67 rows=246 width=8) (actual time=0.743..1298.648 rows=265 loops=1)
              ->  Seq Scan on movie_keyword mk  (cost=0.00..81003.12 rows=246 width=4) (actual time=0.689..1279.613 rows=265 loops=1)
                    Filter: (keyword_id = 2436)
                    Rows Removed by Filter: 4523665
              ->  Index Only Scan using title_pkey on title t  (cost=0.43..8.40 rows=1 width=4) (actual time=0.068..0.069 rows=1 loops=265)
                    Index Cond: (id = mk.movie_id)
                    Heap Fetches: 265
Planning time: 1.134 ms
Execution time: 17183.194 ms
