Nested Loop  (cost=0.43..83072.90 rows=1 width=0) (actual time=242.187..1262.557 rows=4 loops=1)
  ->  Seq Scan on movie_keyword mk  (cost=0.00..81003.12 rows=246 width=4) (actual time=2.691..1240.892 rows=532 loops=1)
        Filter: (keyword_id = 2545)
        Rows Removed by Filter: 4523398
  ->  Index Scan using title_pkey on title t  (cost=0.43..8.40 rows=1 width=4) (actual time=0.039..0.039 rows=0 loops=532)
        Index Cond: (id = mk.movie_id)
        Filter: ((kind_id = 1) AND (production_year = 1985))
        Rows Removed by Filter: 1
Planning time: 0.745 ms
Execution time: 1262.660 ms
