Hash Join  (cost=76985.32..154687.60 rows=192376 width=0) (actual time=1523.800..3215.569 rows=102924 loops=1)
  Hash Cond: (mc.movie_id = t.id)
  ->  Seq Scan on movie_companies mc  (cost=0.00..44881.29 rows=2609129 width=4) (actual time=0.035..879.541 rows=2609129 loops=1)
  ->  Hash  (cost=73925.90..73925.90 rows=186433 width=4) (actual time=1346.288..1346.288 rows=79094 loops=1)
        Buckets: 131072  Batches: 4  Memory Usage: 1718kB
        ->  Seq Scan on title t  (cost=0.00..73925.90 rows=186433 width=4) (actual time=153.908..1312.997 rows=79094 loops=1)
              Filter: ((kind_id > 4) AND (production_year < 1965))
              Rows Removed by Filter: 2449218
Planning time: 0.766 ms
Execution time: 3226.327 ms
