Hash Join  (cost=127263.69..217017.86 rows=529 width=0) (actual time=2503.143..4397.509 rows=3117 loops=1)
  Hash Cond: (mk.movie_id = t.id)
  ->  Seq Scan on movie_keyword mk  (cost=0.00..81003.12 rows=2332201 width=4) (actual time=0.019..1546.224 rows=2331079 loops=1)
        Filter: (keyword_id > 4341)
        Rows Removed by Filter: 2192851
  ->  Hash  (cost=127256.53..127256.53 rows=573 width=8) (actual time=2503.031..2503.031 rows=3469 loops=1)
        Buckets: 4096 (originally 1024)  Batches: 1 (originally 1)  Memory Usage: 168kB
        ->  Hash Join  (cost=67612.84..127256.53 rows=573 width=8) (actual time=1104.668..2501.100 rows=3469 loops=1)
              Hash Cond: (mc.movie_id = t.id)
              ->  Seq Scan on movie_companies mc  (cost=0.00..51404.11 rows=2195693 width=4) (actual time=0.011..1031.596 rows=2192753 loops=1)
                    Filter: (company_id < 80382)
                    Rows Removed by Filter: 416376
              ->  Hash  (cost=67604.59..67604.59 rows=660 width=4) (actual time=1103.629..1103.629 rows=3515 loops=1)
                    Buckets: 4096 (originally 1024)  Batches: 1 (originally 1)  Memory Usage: 156kB
                    ->  Seq Scan on title t  (cost=0.00..67604.59 rows=660 width=4) (actual time=4.342..1101.811 rows=3515 loops=1)
                          Filter: (production_year > 2013)
                          Rows Removed by Filter: 2524797
Planning time: 0.874 ms
Execution time: 4398.203 ms
