Seq Scan on title t  (cost=0.00..73925.90 rows=163129 width=0) (actual time=96.923..1307.193 rows=60161 loops=1)
  Filter: ((kind_id > 4) AND (production_year < 1962))
  Rows Removed by Filter: 2468151
Planning time: 4.655 ms
Execution time: 1317.012 ms
