Hash Join  (cost=113144.46..910854.06 rows=407910 width=0) (actual time=2146.990..19442.774 rows=547876 loops=1)
  Hash Cond: (ci.movie_id = t.id)
  ->  Seq Scan on cast_info ci  (cost=0.00..705507.15 rows=23499554 width=4) (actual time=0.013..12721.597 rows=23573656 loops=1)
        Filter: (role_id > 1)
        Rows Removed by Filter: 12670688
  ->  Hash  (cost=112595.82..112595.82 rows=43891 width=8) (actual time=2146.604..2146.604 rows=21510 loops=1)
        Buckets: 65536  Batches: 1  Memory Usage: 1353kB
        ->  Hash Join  (cost=75915.84..112595.82 rows=43891 width=8) (actual time=1283.984..2138.772 rows=21510 loops=1)
              Hash Cond: (mi_idx.movie_id = t.id)
              ->  Seq Scan on movie_info_idx mi_idx  (cost=0.00..25185.44 rows=915101 width=4) (actual time=0.022..520.390 rows=919850 loops=1)
                    Filter: (info_type_id < 101)
                    Rows Removed by Filter: 460185
              ->  Hash  (cost=73925.90..73925.90 rows=121275 width=4) (actual time=1283.215..1283.215 rows=124747 loops=1)
                    Buckets: 131072  Batches: 2  Memory Usage: 3219kB
                    ->  Seq Scan on title t  (cost=0.00..73925.90 rows=121275 width=4) (actual time=0.022..1234.846 rows=124747 loops=1)
                          Filter: ((kind_id > 1) AND (production_year = 2012))
                          Rows Removed by Filter: 2403565
Planning time: 1.150 ms
Execution time: 19510.079 ms
