Hash Join  (cost=1107199.01..1890438.66 rows=23257602 width=0) (actual time=27409.895..78556.668 rows=137309210 loops=1)
  Hash Cond: (mi.movie_id = t.id)
  ->  Seq Scan on movie_info mi  (cost=0.00..309384.22 rows=14739122 width=4) (actual time=0.019..6576.360 rows=14835720 loops=1)
  ->  Hash  (cost=1041739.38..1041739.38 rows=3989890 width=8) (actual time=27408.172..27408.172 rows=4970485 loops=1)
        Buckets: 131072 (originally 131072)  Batches: 128 (originally 64)  Memory Usage: 4111kB
        ->  Hash Join  (cost=83810.17..1041739.38 rows=3989890 width=8) (actual time=1909.604..26035.376 rows=4970485 loops=1)
              Hash Cond: (ci.movie_id = t.id)
              ->  Seq Scan on cast_info ci  (cost=0.00..796071.18 rows=10213901 width=4) (actual time=342.047..16320.527 rows=12423861 loops=1)
                    Filter: ((person_id > 1316691) AND (role_id > 2))
                    Rows Removed by Filter: 23820483
              ->  Hash  (cost=67604.59..67604.59 rows=987727 width=4) (actual time=1566.614..1566.614 rows=985048 loops=1)
                    Buckets: 131072  Batches: 16  Memory Usage: 3188kB
                    ->  Seq Scan on title t  (cost=0.00..67604.59 rows=987727 width=4) (actual time=0.030..1266.824 rows=985048 loops=1)
                          Filter: (kind_id < 7)
                          Rows Removed by Filter: 1543264
Planning time: 3.505 ms
Execution time: 93260.609 ms
