Hash Join  (cost=522411.00..623699.21 rows=1666727 width=0) (actual time=9296.806..12084.914 rows=2451794 loops=1)
  Hash Cond: (mc.movie_id = t.id)
  ->  Seq Scan on movie_companies mc  (cost=0.00..44881.29 rows=2609129 width=4) (actual time=0.022..932.894 rows=2609129 loops=1)
  ->  Hash  (cost=495910.53..495910.53 rows=1615238 width=8) (actual time=9294.523..9294.523 rows=687938 loops=1)
        Buckets: 131072  Batches: 32  Memory Usage: 1827kB
        ->  Hash Join  (cost=98137.04..495910.53 rows=1615238 width=8) (actual time=3741.370..9122.119 rows=687938 loops=1)
              Hash Cond: (mi.movie_id = t.id)
              ->  Seq Scan on movie_info mi  (cost=0.00..346232.03 rows=2194617 width=4) (actual time=1872.171..5738.001 rows=2233850 loops=1)
                    Filter: (info_type_id > 16)
                    Rows Removed by Filter: 12601870
              ->  Hash  (cost=67604.59..67604.59 rows=1860996 width=4) (actual time=1863.083..1863.083 rows=1865487 loops=1)
                    Buckets: 131072  Batches: 32  Memory Usage: 3085kB
                    ->  Seq Scan on title t  (cost=0.00..67604.59 rows=1860996 width=4) (actual time=0.031..1252.021 rows=1865487 loops=1)
                          Filter: (kind_id > 1)
                          Rows Removed by Filter: 662825
Planning time: 1.190 ms
Execution time: 12343.023 ms
