Hash Join  (cost=192370.39..1028714.31 rows=1101781 width=0) (actual time=10216.580..18867.604 rows=1387339 loops=1)
  Hash Cond: (ci.movie_id = t.id)
  ->  Seq Scan on cast_info ci  (cost=0.00..796071.18 rows=2076779 width=4) (actual time=5282.936..12630.204 rows=1029188 loops=1)
        Filter: ((person_id < 762404) AND (role_id > 4))
        Rows Removed by Filter: 35215156
  ->  Hash  (cost=170361.33..170361.33 rows=1341445 width=8) (actual time=4932.425..4932.425 rows=1379855 loops=1)
        Buckets: 131072  Batches: 32  Memory Usage: 2708kB
        ->  Hash Join  (cost=107928.35..170361.33 rows=1341445 width=8) (actual time=2583.306..4542.972 rows=1379855 loops=1)
              Hash Cond: (mi_idx.movie_id = t.id)
              ->  Seq Scan on movie_info_idx mi_idx  (cost=0.00..21735.35 rows=1380035 width=4) (actual time=0.025..467.329 rows=1380035 loops=1)
              ->  Hash  (cost=67604.59..67604.59 rows=2457821 width=4) (actual time=2581.788..2581.788 rows=2456218 loops=1)
                    Buckets: 131072  Batches: 64  Memory Usage: 2375kB
                    ->  Seq Scan on title t  (cost=0.00..67604.59 rows=2457821 width=4) (actual time=0.027..1445.439 rows=2456218 loops=1)
                          Filter: (production_year > 0)
                          Rows Removed by Filter: 72094
Planning time: 0.873 ms
Execution time: 19024.252 ms
