Seq Scan on movie_keyword mk  (cost=0.00..81003.12 rows=1867683 width=0) (actual time=0.015..1365.618 rows=1875625 loops=1)
  Filter: (keyword_id > 7324)
  Rows Removed by Filter: 2648305
Planning time: 0.323 ms
Execution time: 1602.168 ms
