Seq Scan on movie_keyword mk  (cost=0.00..81003.12 rows=738298 width=0) (actual time=0.023..1340.429 rows=745544 loops=1)
  Filter: (keyword_id > 25141)
  Rows Removed by Filter: 3778386
Planning time: 0.311 ms
Execution time: 1436.547 ms
