Seq Scan on movie_keyword mk  (cost=0.00..81003.12 rows=4485168 width=0) (actual time=0.020..1561.015 rows=4487846 loops=1)
  Filter: (keyword_id < 106835)
  Rows Removed by Filter: 36084
Planning time: 0.327 ms
Execution time: 2106.691 ms
