Hash Join  (cost=77793.68..165222.37 rows=41069 width=0) (actual time=1597.207..2804.740 rows=6941 loops=1)
  Hash Cond: (mk.movie_id = t.id)
  ->  Seq Scan on movie_keyword mk  (cost=0.00..81003.12 rows=440499 width=4) (actual time=0.027..1400.490 rows=436890 loops=1)
        Filter: (keyword_id > 40230)
        Rows Removed by Filter: 4087040
  ->  Hash  (cost=73925.90..73925.90 rows=235742 width=4) (actual time=1199.341..1199.341 rows=129555 loops=1)
        Buckets: 131072  Batches: 4  Memory Usage: 2166kB
        ->  Seq Scan on title t  (cost=0.00..73925.90 rows=235742 width=4) (actual time=0.014..1151.929 rows=129555 loops=1)
              Filter: ((production_year < 1971) AND (kind_id = 7))
              Rows Removed by Filter: 2398757
Planning time: 0.712 ms
Execution time: 2805.987 ms
