Hash Join  (cost=102767.86..168921.91 rows=202458 width=0) (actual time=1982.622..3327.106 rows=201569 loops=1)
  Hash Cond: (mc.movie_id = t.id)
  ->  Seq Scan on movie_companies mc  (cost=0.00..51404.11 rows=202458 width=4) (actual time=0.025..795.508 rows=201569 loops=1)
        Filter: (company_id < 64)
        Rows Removed by Filter: 2407560
  ->  Hash  (cost=61283.27..61283.27 rows=2528527 width=4) (actual time=1981.472..1981.472 rows=2528312 loops=1)
        Buckets: 131072  Batches: 64  Memory Usage: 2415kB
        ->  Seq Scan on title t  (cost=0.00..61283.27 rows=2528527 width=4) (actual time=0.014..1138.891 rows=2528312 loops=1)
Planning time: 0.684 ms
Execution time: 3350.106 ms
