Hash Join  (cost=128695.20..936845.46 rows=3807 width=0) (actual time=13956.017..16704.258 rows=72 loops=1)
  Hash Cond: (ci.movie_id = t.id)
  ->  Seq Scan on cast_info ci  (cost=0.00..796071.18 rows=3210938 width=4) (actual time=11558.895..14029.839 rows=1039952 loops=1)
        Filter: ((person_id < 2568873) AND (role_id > 9))
        Rows Removed by Filter: 35204392
  ->  Hash  (cost=128657.72..128657.72 rows=2998 width=8) (actual time=2391.807..2391.807 rows=15354 loops=1)
        Buckets: 16384 (originally 4096)  Batches: 1 (originally 1)  Memory Usage: 728kB
        ->  Hash Join  (cost=73962.22..128657.72 rows=2998 width=8) (actual time=1137.124..2384.788 rows=15354 loops=1)
              Hash Cond: (mc.movie_id = t.id)
              ->  Seq Scan on movie_companies mc  (cost=0.00..44881.29 rows=2609129 width=4) (actual time=0.014..654.776 rows=2609129 loops=1)
              ->  Hash  (cost=73925.90..73925.90 rows=2905 width=4) (actual time=1137.061..1137.061 rows=7770 loops=1)
                    Buckets: 8192 (originally 4096)  Batches: 1 (originally 1)  Memory Usage: 338kB
                    ->  Seq Scan on title t  (cost=0.00..73925.90 rows=2905 width=4) (actual time=86.138..1133.873 rows=7770 loops=1)
                          Filter: ((kind_id < 7) AND (production_year = 1912))
                          Rows Removed by Filter: 2520542
Planning time: 1.205 ms
Execution time: 16704.546 ms
