Hash Join  (cost=223068.19..1363856.77 rows=10414541 width=0) (actual time=4401.228..43825.971 rows=35312151 loops=1)
  Hash Cond: (ci.movie_id = t.id)
  ->  Seq Scan on cast_info ci  (cost=0.00..614943.12 rows=36225612 width=4) (actual time=0.015..13141.757 rows=36244344 loops=1)
  ->  Hash  (cost=211141.58..211141.58 rows=726929 width=8) (actual time=4400.406..4400.406 rows=734855 loops=1)
        Buckets: 131072  Batches: 16  Memory Usage: 2853kB
        ->  Hash Join  (cost=102767.86..211141.58 rows=726929 width=8) (actual time=1883.513..4193.270 rows=734855 loops=1)
              Hash Cond: (mk.movie_id = t.id)
              ->  Seq Scan on movie_keyword mk  (cost=0.00..81003.12 rows=726929 width=4) (actual time=0.025..1337.856 rows=734855 loops=1)
                    Filter: (keyword_id > 25616)
                    Rows Removed by Filter: 3789075
              ->  Hash  (cost=61283.27..61283.27 rows=2528527 width=4) (actual time=1882.801..1882.801 rows=2528312 loops=1)
                    Buckets: 131072  Batches: 64  Memory Usage: 2425kB
                    ->  Seq Scan on title t  (cost=0.00..61283.27 rows=2528527 width=4) (actual time=0.010..1014.769 rows=2528312 loops=1)
Planning time: 1.153 ms
Execution time: 47842.135 ms
