Seq Scan on movie_keyword mk  (cost=0.00..81003.12 rows=246 width=0) (actual time=0.661..960.834 rows=67 loops=1)
  Filter: (keyword_id = 41522)
  Rows Removed by Filter: 4523863
Planning time: 0.352 ms
Execution time: 960.959 ms
