Hash Join  (cost=77854.63..213827.74 rows=408997 width=0) (actual time=3165.477..4399.373 rows=81837 loops=1)
  Hash Cond: (mk.movie_id = t.id)
  ->  Seq Scan on movie_keyword mk  (cost=0.00..81003.12 rows=4319470 width=4) (actual time=0.025..1627.167 rows=4302531 loops=1)
        Filter: (keyword_id > 171)
        Rows Removed by Filter: 221399
  ->  Hash  (cost=73925.90..73925.90 rows=239418 width=4) (actual time=1149.679..1149.679 rows=256906 loops=1)
        Buckets: 131072  Batches: 4  Memory Usage: 3302kB
        ->  Seq Scan on title t  (cost=0.00..73925.90 rows=239418 width=4) (actual time=0.027..1061.113 rows=256906 loops=1)
              Filter: ((production_year > 2010) AND (kind_id = 7))
              Rows Removed by Filter: 2271406
Planning time: 0.775 ms
Execution time: 4410.184 ms
