Hash Join  (cost=201268.11..284530.65 rows=595702 width=0) (actual time=4109.758..6646.390 rows=3297690 loops=1)
  Hash Cond: (mc.movie_id = t.id)
  ->  Seq Scan on movie_companies mc  (cost=0.00..44881.29 rows=2609129 width=4) (actual time=0.024..871.865 rows=2609129 loops=1)
  ->  Hash  (cost=191795.87..191795.87 rows=577299 width=8) (actual time=4108.627..4108.627 rows=382169 loops=1)
        Buckets: 131072  Batches: 8  Memory Usage: 2852kB
        ->  Hash Join  (cost=80562.70..191795.87 rows=577299 width=8) (actual time=1438.904..3995.412 rows=382169 loops=1)
              Hash Cond: (mk.movie_id = t.id)
              ->  Seq Scan on movie_keyword mk  (cost=0.00..81003.12 rows=1848281 width=4) (actual time=0.014..1518.987 rows=1853064 loops=1)
                    Filter: (keyword_id > 7467)
                    Rows Removed by Filter: 2670866
              ->  Hash  (cost=67604.59..67604.59 rows=789769 width=4) (actual time=1437.629..1437.629 rows=784926 loops=1)
                    Buckets: 131072  Batches: 16  Memory Usage: 2756kB
                    ->  Seq Scan on title t  (cost=0.00..67604.59 rows=789769 width=4) (actual time=0.016..1178.540 rows=784926 loops=1)
                          Filter: (production_year > 2007)
                          Rows Removed by Filter: 1743386
Planning time: 1.170 ms
Execution time: 6945.337 ms
