Hash Join  (cost=74357.80..167979.34 rows=44364 width=0) (actual time=1320.159..3308.126 rows=28219 loops=1)
  Hash Cond: (mk.movie_id = t.id)
  ->  Seq Scan on movie_keyword mk  (cost=0.00..81003.12 rows=3246605 width=4) (actual time=0.014..1452.397 rows=3233265 loops=1)
        Filter: (keyword_id > 1669)
        Rows Removed by Filter: 1290665
  ->  Hash  (cost=73925.90..73925.90 rows=34552 width=4) (actual time=1319.704..1319.704 rows=39508 loops=1)
        Buckets: 65536  Batches: 1  Memory Usage: 1901kB
        ->  Seq Scan on title t  (cost=0.00..73925.90 rows=34552 width=4) (actual time=0.077..1302.399 rows=39508 loops=1)
              Filter: ((kind_id > 1) AND (production_year = 1998))
              Rows Removed by Filter: 2488804
Planning time: 0.738 ms
Execution time: 3312.340 ms
