Seq Scan on title t  (cost=0.00..73925.90 rows=40666 width=0) (actual time=0.017..604.299 rows=44084 loops=1)
  Filter: ((production_year < 2002) AND (kind_id = 2))
  Rows Removed by Filter: 2484228
Planning time: 0.366 ms
Execution time: 609.618 ms
