Hash Join  (cost=184481.41..682025.10 rows=1662376 width=0) (actual time=3688.411..20525.819 rows=14294993 loops=1)
  Hash Cond: (mi.movie_id = t.id)
  ->  Seq Scan on movie_info mi  (cost=0.00..309384.22 rows=14739122 width=4) (actual time=0.018..5765.341 rows=14835720 loops=1)
  ->  Hash  (cost=179802.61..179802.61 rows=285184 width=8) (actual time=3686.339..3686.339 rows=385352 loops=1)
        Buckets: 131072 (originally 131072)  Batches: 8 (originally 4)  Memory Usage: 3073kB
        ->  Hash Join  (cost=83580.70..179802.61 rows=285184 width=8) (actual time=1536.419..3559.992 rows=385352 loops=1)
              Hash Cond: (mk.movie_id = t.id)
              ->  Seq Scan on movie_keyword mk  (cost=0.00..81003.12 rows=740520 width=4) (actual time=0.033..1362.843 rows=742566 loops=1)
                    Filter: (keyword_id < 674)
                    Rows Removed by Filter: 3781364
              ->  Hash  (cost=67604.59..67604.59 rows=973769 width=4) (actual time=1535.497..1535.497 rows=971188 loops=1)
                    Buckets: 131072  Batches: 16  Memory Usage: 3168kB
                    ->  Seq Scan on title t  (cost=0.00..67604.59 rows=973769 width=4) (actual time=0.017..1215.690 rows=971188 loops=1)
                          Filter: (production_year < 1999)
                          Rows Removed by Filter: 1557124
Planning time: 1.138 ms
Execution time: 22138.886 ms
