Hash Join  (cost=601508.48..1582496.77 rows=4468430 width=0) (actual time=14597.458..34669.827 rows=6001289 loops=1)
  Hash Cond: (ci.movie_id = t.id)
  ->  Seq Scan on cast_info ci  (cost=0.00..705507.15 rows=12762783 width=4) (actual time=290.842..13013.854 rows=12722930 loops=1)
        Filter: (person_id < 1254719)
        Rows Removed by Filter: 23521414
  ->  Hash  (cost=586983.57..586983.57 rows=885273 width=8) (actual time=14305.415..14305.415 rows=684564 loops=1)
        Buckets: 131072  Batches: 16  Memory Usage: 2741kB
        ->  Hash Join  (cost=70241.71..586983.57 rows=885273 width=8) (actual time=1065.061..14096.931 rows=684564 loops=1)
              Hash Cond: (mi.movie_id = t.id)
              ->  Seq Scan on movie_info mi  (cost=0.00..346232.03 rows=13926693 width=4) (actual time=0.030..7123.430 rows=13963496 loops=1)
                    Filter: (info_type_id < 98)
                    Rows Removed by Filter: 872224
              ->  Hash  (cost=67604.59..67604.59 rows=160730 width=4) (actual time=1064.184..1064.184 rows=160017 loops=1)
                    Buckets: 131072  Batches: 4  Memory Usage: 2442kB
                    ->  Seq Scan on title t  (cost=0.00..67604.59 rows=160730 width=4) (actual time=0.019..1001.458 rows=160017 loops=1)
                          Filter: (production_year = 2011)
                          Rows Removed by Filter: 2368295
Planning time: 1.258 ms
Execution time: 35311.149 ms
