Seq Scan on cast_info ci  (cost=0.00..705507.15 rows=15424325 width=0) (actual time=0.017..12307.942 rows=15300291 loops=1)
  Filter: (person_id < 1506959)
  Rows Removed by Filter: 20944053
Planning time: 0.335 ms
Execution time: 14220.099 ms
