Hash Join  (cost=98137.04..1102595.90 rows=7337830 width=0) (actual time=1860.253..22851.089 rows=4931725 loops=1)
  Hash Cond: (ci.movie_id = t.id)
  ->  Seq Scan on cast_info ci  (cost=0.00..796071.18 rows=9969877 width=4) (actual time=0.023..15682.131 rows=7087552 loops=1)
        Filter: ((person_id > 751536) AND (role_id < 2))
        Rows Removed by Filter: 29156792
  ->  Hash  (cost=67604.59..67604.59 rows=1860996 width=4) (actual time=1858.945..1858.945 rows=1865487 loops=1)
        Buckets: 131072  Batches: 32  Memory Usage: 3079kB
        ->  Seq Scan on title t  (cost=0.00..67604.59 rows=1860996 width=4) (actual time=0.023..1270.093 rows=1865487 loops=1)
              Filter: (kind_id > 1)
              Rows Removed by Filter: 662825
Planning time: 0.773 ms
Execution time: 23352.720 ms
