Hash Join  (cost=94973.51..1164226.46 rows=12142045 width=0) (actual time=3964.114..30116.332 rows=12108473 loops=1)
  Hash Cond: (ci.movie_id = t.id)
  ->  Seq Scan on cast_info ci  (cost=0.00..705507.15 rows=18404469 width=4) (actual time=1774.512..14651.909 rows=18575342 loops=1)
        Filter: (person_id > 1749802)
        Rows Removed by Filter: 17669002
  ->  Hash  (cost=67604.59..67604.59 rows=1668154 width=4) (actual time=2188.642..2188.642 rows=1674098 loops=1)
        Buckets: 131072  Batches: 32  Memory Usage: 2869kB
        ->  Seq Scan on title t  (cost=0.00..67604.59 rows=1668154 width=4) (actual time=0.041..1360.898 rows=1674098 loops=1)
              Filter: (kind_id > 3)
              Rows Removed by Filter: 854214
Planning time: 0.774 ms
Execution time: 31443.799 ms
