Seq Scan on movie_keyword mk  (cost=0.00..81003.12 rows=2853418 width=0) (actual time=0.013..1493.783 rows=2841754 loops=1)
  Filter: (keyword_id < 8639)
  Rows Removed by Filter: 1682176
Planning time: 0.318 ms
Execution time: 1848.682 ms
