Hash Join  (cost=83074.74..144659.27 rows=95 width=0) (actual time=1505.529..2584.844 rows=30 loops=1)
  Hash Cond: (mc.movie_id = t.id)
  ->  Seq Scan on movie_companies mc  (cost=0.00..57926.93 rows=975103 width=4) (actual time=0.023..1087.449 rows=1263075 loops=1)
        Filter: ((company_id < 61117) AND (company_type_id = 1))
        Rows Removed by Filter: 1346054
  ->  Hash  (cost=83071.67..83071.67 rows=246 width=8) (actual time=1334.629..1334.629 rows=5 loops=1)
        Buckets: 1024  Batches: 1  Memory Usage: 9kB
        ->  Nested Loop  (cost=0.43..83071.67 rows=246 width=8) (actual time=244.700..1334.616 rows=5 loops=1)
              ->  Seq Scan on movie_keyword mk  (cost=0.00..81003.12 rows=246 width=4) (actual time=244.608..1321.822 rows=5 loops=1)
                    Filter: (keyword_id = 51530)
                    Rows Removed by Filter: 4523925
              ->  Index Only Scan using title_pkey on title t  (cost=0.43..8.40 rows=1 width=4) (actual time=2.548..2.549 rows=1 loops=5)
                    Index Cond: (id = mk.movie_id)
                    Heap Fetches: 5
Planning time: 1.114 ms
Execution time: 2584.969 ms
