Nested Loop  (cost=44377.22..158068.09 rows=6185 width=0) (actual time=869.413..2648.581 rows=24272 loops=1)
  ->  Hash Join  (cost=44376.79..133721.07 rows=41238 width=8) (actual time=869.364..2351.886 rows=25065 loops=1)
        Hash Cond: (mk.movie_id = mi_idx.movie_id)
        ->  Seq Scan on movie_keyword mk  (cost=0.00..81003.12 rows=13873 width=4) (actual time=0.086..1243.656 rows=14364 loops=1)
              Filter: (keyword_id = 1)
              Rows Removed by Filter: 4509566
        ->  Hash  (cost=21735.35..21735.35 rows=1380035 width=4) (actual time=861.512..861.512 rows=1380035 loops=1)
              Buckets: 131072  Batches: 32  Memory Usage: 2556kB
              ->  Seq Scan on movie_info_idx mi_idx  (cost=0.00..21735.35 rows=1380035 width=4) (actual time=0.025..436.398 rows=1380035 loops=1)
  ->  Index Scan using title_pkey on title t  (cost=0.43..0.58 rows=1 width=4) (actual time=0.011..0.011 rows=1 loops=25065)
        Index Cond: (id = mi_idx.movie_id)
        Filter: (production_year < 2011)
        Rows Removed by Filter: 0
Planning time: 1.725 ms
Execution time: 2652.945 ms
