Hash Join  (cost=149091.20..696952.20 rows=3791091 width=0) (actual time=3280.444..18855.301 rows=7221306 loops=1)
  Hash Cond: (mi.movie_id = t.id)
  ->  Seq Scan on movie_info mi  (cost=0.00..346232.03 rows=13926693 width=4) (actual time=0.026..7286.253 rows=13963496 loops=1)
        Filter: (info_type_id < 98)
        Rows Removed by Filter: 872224
  ->  Hash  (cost=137798.33..137798.33 rows=688309 width=8) (actual time=3278.960..3278.960 rows=585034 loops=1)
        Buckets: 131072  Batches: 16  Memory Usage: 2449kB
        ->  Hash Join  (cost=88295.76..137798.33 rows=688309 width=8) (actual time=1669.187..3100.101 rows=585034 loops=1)
              Hash Cond: (mi_idx.movie_id = t.id)
              ->  Seq Scan on movie_info_idx mi_idx  (cost=0.00..21735.35 rows=1380035 width=4) (actual time=0.027..411.951 rows=1380035 loops=1)
              ->  Hash  (cost=67604.59..67604.59 rows=1261134 width=4) (actual time=1668.388..1668.388 rows=1260295 loops=1)
                    Buckets: 131072  Batches: 32  Memory Usage: 2413kB
                    ->  Seq Scan on title t  (cost=0.00..67604.59 rows=1261134 width=4) (actual time=0.016..1270.513 rows=1260295 loops=1)
                          Filter: (production_year > 2002)
                          Rows Removed by Filter: 1268017
Planning time: 1.125 ms
Execution time: 19649.174 ms
