Hash Join  (cost=510374.62..644400.68 rows=1457170 width=0) (actual time=9603.295..13675.983 rows=3251172 loops=1)
  Hash Cond: (mk.movie_id = t.id)
  ->  Seq Scan on movie_keyword mk  (cost=0.00..81003.12 rows=2895527 width=4) (actual time=0.017..1742.801 rows=2884161 loops=1)
        Filter: (keyword_id < 9027)
        Rows Removed by Filter: 1639769
  ->  Hash  (cost=489497.65..489497.65 rows=1272478 width=8) (actual time=9602.072..9602.072 rows=1325361 loops=1)
        Buckets: 131072  Batches: 32  Memory Usage: 2648kB
        ->  Hash Join  (cost=102767.86..489497.65 rows=1272478 width=8) (actual time=6235.840..9131.963 rows=1325361 loops=1)
              Hash Cond: (mi.movie_id = t.id)
              ->  Seq Scan on movie_info mi  (cost=0.00..346232.03 rows=1272478 width=4) (actual time=4081.734..4796.730 rows=1325361 loops=1)
                    Filter: (info_type_id = 8)
                    Rows Removed by Filter: 13510359
              ->  Hash  (cost=61283.27..61283.27 rows=2528527 width=4) (actual time=2152.422..2152.422 rows=2528312 loops=1)
                    Buckets: 131072  Batches: 64  Memory Usage: 2425kB
                    ->  Seq Scan on title t  (cost=0.00..61283.27 rows=2528527 width=4) (actual time=0.019..1284.457 rows=2528312 loops=1)
Planning time: 1.180 ms
Execution time: 14058.225 ms
