Hash Join  (cost=699180.83..2501609.16 rows=57190311 width=0) (actual time=17281.699..60345.265 rows=42216558 loops=1)
  Hash Cond: (ci.movie_id = t.id)
  ->  Seq Scan on cast_info ci  (cost=0.00..614943.12 rows=36225612 width=4) (actual time=0.020..14042.721 rows=36244344 loops=1)
  ->  Hash  (cost=633688.69..633688.69 rows=3991851 width=8) (actual time=17279.710..17279.710 rows=2150576 loops=1)
        Buckets: 131072  Batches: 64  Memory Usage: 2283kB
        ->  Hash Join  (cost=85994.08..633688.69 rows=3991851 width=8) (actual time=1524.165..16608.134 rows=2150576 loops=1)
              Hash Cond: (mi.movie_id = t.id)
              ->  Seq Scan on movie_info mi  (cost=0.00..346232.03 rows=13722687 width=4) (actual time=0.019..7410.956 rows=13763110 loops=1)
                    Filter: (info_type_id < 75)
                    Rows Removed by Filter: 1072610
              ->  Hash  (cost=73925.90..73925.90 rows=735534 width=4) (actual time=1523.099..1523.099 rows=646443 loops=1)
                    Buckets: 131072  Batches: 16  Memory Usage: 2449kB
                    ->  Seq Scan on title t  (cost=0.00..73925.90 rows=735534 width=4) (actual time=0.023..1309.554 rows=646443 loops=1)
                          Filter: ((kind_id > 4) AND (production_year < 2003))
                          Rows Removed by Filter: 1881869
Planning time: 1.238 ms
Execution time: 64846.181 ms
