Seq Scan on movie_keyword mk  (cost=0.00..81003.12 rows=246 width=0) (actual time=1.505..1293.731 rows=1155 loops=1)
  Filter: (keyword_id = 6241)
  Rows Removed by Filter: 4522775
Planning time: 0.356 ms
Execution time: 1294.075 ms
