Seq Scan on movie_keyword mk  (cost=0.00..81003.12 rows=246 width=0) (actual time=480.141..1290.087 rows=2 loops=1)
  Filter: (keyword_id = 90638)
  Rows Removed by Filter: 4523928
Planning time: 0.433 ms
Execution time: 1290.187 ms
