Hash Join  (cost=79653.55..194479.09 rows=346227 width=0) (actual time=1426.754..4173.956 rows=547302 loops=1)
  Hash Cond: (mk.movie_id = t.id)
  ->  Seq Scan on movie_keyword mk  (cost=0.00..81003.12 rows=2507772 width=4) (actual time=0.030..1549.021 rows=2502815 loops=1)
        Filter: (keyword_id > 3617)
        Rows Removed by Filter: 2021115
  ->  Hash  (cost=73925.90..73925.90 rows=349092 width=4) (actual time=1425.863..1425.863 rows=265275 loops=1)
        Buckets: 131072  Batches: 8  Memory Usage: 2198kB
        ->  Seq Scan on title t  (cost=0.00..73925.90 rows=349092 width=4) (actual time=0.010..1341.809 rows=265275 loops=1)
              Filter: ((production_year > 2001) AND (kind_id = 1))
              Rows Removed by Filter: 2263037
Planning time: 0.742 ms
Execution time: 4242.541 ms
