Seq Scan on movie_companies mc  (cost=0.00..51404.11 rows=1722343 width=0) (actual time=0.031..941.242 rows=1724922 loops=1)
  Filter: (company_id > 2654)
  Rows Removed by Filter: 884207
Planning time: 0.650 ms
Execution time: 1158.595 ms
