Hash Join  (cost=83072.91..110000.48 rows=1 width=0) (actual time=1391.328..1904.188 rows=4 loops=1)
  Hash Cond: (mi_idx.movie_id = t.id)
  ->  Seq Scan on movie_info_idx mi_idx  (cost=0.00..25185.44 rows=464566 width=4) (actual time=0.017..466.376 rows=459925 loops=1)
        Filter: (info_type_id = 101)
        Rows Removed by Filter: 920110
  ->  Hash  (cost=83072.90..83072.90 rows=1 width=8) (actual time=1373.710..1373.710 rows=4 loops=1)
        Buckets: 1024  Batches: 1  Memory Usage: 9kB
        ->  Nested Loop  (cost=0.43..83072.90 rows=1 width=8) (actual time=198.079..1373.692 rows=4 loops=1)
              ->  Seq Scan on movie_keyword mk  (cost=0.00..81003.12 rows=246 width=4) (actual time=0.959..1319.977 rows=909 loops=1)
                    Filter: (keyword_id = 3991)
                    Rows Removed by Filter: 4523021
              ->  Index Scan using title_pkey on title t  (cost=0.43..8.40 rows=1 width=4) (actual time=0.058..0.058 rows=0 loops=909)
                    Index Cond: (id = mk.movie_id)
                    Filter: ((kind_id < 7) AND (production_year = 1962))
                    Rows Removed by Filter: 1
Planning time: 1.288 ms
Execution time: 1904.334 ms
