Hash Join  (cost=190230.21..1182305.33 rows=6112265 width=0) (actual time=4231.314..29714.831 rows=10973480 loops=1)
  Hash Cond: (ci.movie_id = t.id)
  ->  Seq Scan on cast_info ci  (cost=0.00..796071.18 rows=11199011 width=4) (actual time=0.027..16787.914 rows=9629920 loops=1)
        Filter: ((person_id > 405792) AND (role_id = 1))
        Rows Removed by Filter: 26614424
  ->  Hash  (cost=167588.78..167588.78 rows=1380035 width=8) (actual time=4230.486..4230.486 rows=1380035 loops=1)
        Buckets: 131072  Batches: 32  Memory Usage: 2708kB
        ->  Hash Join  (cost=102767.86..167588.78 rows=1380035 width=8) (actual time=1954.475..3862.981 rows=1380035 loops=1)
              Hash Cond: (mi_idx.movie_id = t.id)
              ->  Seq Scan on movie_info_idx mi_idx  (cost=0.00..21735.35 rows=1380035 width=4) (actual time=0.033..491.865 rows=1380035 loops=1)
              ->  Hash  (cost=61283.27..61283.27 rows=2528527 width=4) (actual time=1952.964..1952.964 rows=2528312 loops=1)
                    Buckets: 131072  Batches: 64  Memory Usage: 2415kB
                    ->  Seq Scan on title t  (cost=0.00..61283.27 rows=2528527 width=4) (actual time=0.016..1122.042 rows=2528312 loops=1)
Planning time: 1.848 ms
Execution time: 31086.728 ms
