Hash Join  (cost=184768.05..721403.55 rows=5325957 width=0) (actual time=6424.536..29106.041 rows=29691506 loops=1)
  Hash Cond: (mi.movie_id = t.id)
  ->  Seq Scan on movie_info mi  (cost=0.00..309384.22 rows=14739122 width=4) (actual time=0.013..6342.145 rows=14835720 loops=1)
  ->  Hash  (cost=169777.06..169777.06 rows=913679 width=8) (actual time=6423.478..6423.478 rows=1248606 loops=1)
        Buckets: 131072 (originally 131072)  Batches: 32 (originally 16)  Memory Usage: 4124kB
        ->  Hash Join  (cost=82131.75..169777.06 rows=913679 width=8) (actual time=1459.887..6016.604 rows=1248606 loops=1)
              Hash Cond: (mc.movie_id = t.id)
              ->  Seq Scan on movie_companies mc  (cost=0.00..44881.29 rows=2609129 width=4) (actual time=0.018..793.596 rows=2609129 loops=1)
              ->  Hash  (cost=67604.59..67604.59 rows=885453 width=4) (actual time=1458.757..1458.757 rows=885650 loops=1)
                    Buckets: 131072  Batches: 16  Memory Usage: 2972kB
                    ->  Seq Scan on title t  (cost=0.00..67604.59 rows=885453 width=4) (actual time=0.020..1186.953 rows=885650 loops=1)
                          Filter: (production_year < 1997)
                          Rows Removed by Filter: 1642662
Planning time: 1.003 ms
Execution time: 32612.181 ms
