Hash Join  (cost=83074.74..833899.15 rows=3524 width=0) (actual time=1302.925..16825.598 rows=13436 loops=1)
  Hash Cond: (ci.movie_id = t.id)
  ->  Seq Scan on cast_info ci  (cost=0.00..614943.12 rows=36225612 width=4) (actual time=0.018..8577.699 rows=36244344 loops=1)
  ->  Hash  (cost=83071.67..83071.67 rows=246 width=8) (actual time=1302.642..1302.642 rows=243 loops=1)
        Buckets: 1024  Batches: 1  Memory Usage: 18kB
        ->  Nested Loop  (cost=0.43..83071.67 rows=246 width=8) (actual time=7.392..1302.373 rows=243 loops=1)
              ->  Seq Scan on movie_keyword mk  (cost=0.00..81003.12 rows=246 width=4) (actual time=7.330..1284.559 rows=243 loops=1)
                    Filter: (keyword_id = 7333)
                    Rows Removed by Filter: 4523687
              ->  Index Only Scan using title_pkey on title t  (cost=0.43..8.40 rows=1 width=4) (actual time=0.070..0.070 rows=1 loops=243)
                    Index Cond: (id = mk.movie_id)
                    Heap Fetches: 243
Planning time: 1.117 ms
Execution time: 16829.983 ms
