Hash Join  (cost=73962.22..128657.72 rows=2998 width=0) (actual time=1102.638..2284.011 rows=7181 loops=1)
  Hash Cond: (mc.movie_id = t.id)
  ->  Seq Scan on movie_companies mc  (cost=0.00..44881.29 rows=2609129 width=4) (actual time=0.023..677.420 rows=2609129 loops=1)
  ->  Hash  (cost=73925.90..73925.90 rows=2905 width=4) (actual time=1102.450..1102.450 rows=2466 loops=1)
        Buckets: 4096  Batches: 1  Memory Usage: 119kB
        ->  Seq Scan on title t  (cost=0.00..73925.90 rows=2905 width=4) (actual time=454.916..1101.193 rows=2466 loops=1)
              Filter: ((kind_id < 7) AND (production_year = 1935))
              Rows Removed by Filter: 2525846
Planning time: 0.718 ms
Execution time: 2285.373 ms
