Hash Join  (cost=200270.40..338268.18 rows=1312874 width=0) (actual time=3890.628..9875.637 rows=11978038 loops=1)
  Hash Cond: (mk.movie_id = t.id)
  ->  Seq Scan on movie_keyword mk  (cost=0.00..69693.30 rows=4523930 width=4) (actual time=0.021..1465.657 rows=4523930 loops=1)
  ->  Hash  (cost=188230.96..188230.96 rows=733795 width=8) (actual time=3889.542..3889.542 rows=518082 loops=1)
        Buckets: 131072  Batches: 16  Memory Usage: 2328kB
        ->  Hash Join  (cost=102767.86..188230.96 rows=733795 width=8) (actual time=1870.408..3729.462 rows=518082 loops=1)
              Hash Cond: (mc.movie_id = t.id)
              ->  Seq Scan on movie_companies mc  (cost=0.00..57926.93 rows=733795 width=4) (actual time=0.018..1018.611 rows=518082 loops=1)
                    Filter: ((company_id > 7732) AND (company_type_id < 2))
                    Rows Removed by Filter: 2091047
              ->  Hash  (cost=61283.27..61283.27 rows=2528527 width=4) (actual time=1868.240..1868.240 rows=2528312 loops=1)
                    Buckets: 131072  Batches: 64  Memory Usage: 2415kB
                    ->  Seq Scan on title t  (cost=0.00..61283.27 rows=2528527 width=4) (actual time=0.023..1014.062 rows=2528312 loops=1)
Planning time: 1.166 ms
Execution time: 11173.541 ms
