Hash Join  (cost=233851.37..399105.31 rows=3085899 width=0) (actual time=6058.438..15881.865 rows=27943130 loops=1)
  Hash Cond: (mk.movie_id = t.id)
  ->  Seq Scan on movie_keyword mk  (cost=0.00..69693.30 rows=4523930 width=4) (actual time=0.021..1443.403 rows=4523930 loops=1)
  ->  Hash  (cost=205553.63..205553.63 rows=1724779 width=8) (actual time=6056.107..6056.107 rows=1717805 loops=1)
        Buckets: 131072  Batches: 32  Memory Usage: 3162kB
        ->  Hash Join  (cost=102767.86..205553.63 rows=1724779 width=8) (actual time=2609.654..5548.157 rows=1717805 loops=1)
              Hash Cond: (mc.movie_id = t.id)
              ->  Seq Scan on movie_companies mc  (cost=0.00..51404.11 rows=1724779 width=4) (actual time=0.018..1095.067 rows=1717805 loops=1)
                    Filter: (company_id < 22029)
                    Rows Removed by Filter: 891324
              ->  Hash  (cost=61283.27..61283.27 rows=2528527 width=4) (actual time=2607.971..2607.971 rows=2528312 loops=1)
                    Buckets: 131072  Batches: 64  Memory Usage: 2415kB
                    ->  Seq Scan on title t  (cost=0.00..61283.27 rows=2528527 width=4) (actual time=0.017..1150.670 rows=2528312 loops=1)
Planning time: 1.128 ms
Execution time: 18736.546 ms
