Hash Join  (cost=100674.35..1419705.80 rows=23357727 width=0) (actual time=2016.350..40753.561 rows=24939582 loops=1)
  Hash Cond: (ci.movie_id = t.id)
  ->  Seq Scan on cast_info ci  (cost=0.00..614943.12 rows=36225612 width=4) (actual time=0.024..13040.814 rows=36244344 loops=1)
  ->  Hash  (cost=73925.90..73925.90 rows=1630356 width=4) (actual time=2015.333..2015.333 rows=1739665 loops=1)
        Buckets: 131072  Batches: 32  Memory Usage: 2940kB
        ->  Seq Scan on title t  (cost=0.00..73925.90 rows=1630356 width=4) (actual time=0.019..1467.018 rows=1739665 loops=1)
              Filter: ((kind_id > 1) AND (production_year > 1960))
              Rows Removed by Filter: 788647
Planning time: 0.809 ms
Execution time: 43415.500 ms
