Hash Join  (cost=74879.67..791468.52 rows=82533 width=0) (actual time=5174.345..14349.504 rows=3 loops=1)
  Hash Cond: (ci.movie_id = t.id)
  ->  Seq Scan on cast_info ci  (cost=0.00..705507.15 rows=2735034 width=4) (actual time=2526.733..12710.881 rows=2728943 loops=1)
        Filter: (role_id = 4)
        Rows Removed by Filter: 33515401
  ->  Hash  (cost=73925.90..73925.90 rows=76301 width=4) (actual time=1088.643..1088.643 rows=3 loops=1)
        Buckets: 131072  Batches: 1  Memory Usage: 1025kB
        ->  Seq Scan on title t  (cost=0.00..73925.90 rows=76301 width=4) (actual time=923.032..1088.631 rows=3 loops=1)
              Filter: ((kind_id > 1) AND (production_year < 1926))
              Rows Removed by Filter: 2528309
Planning time: 0.729 ms
Execution time: 14349.718 ms
