Seq Scan on cast_info ci  (cost=0.00..705507.15 rows=500 width=0) (actual time=6369.315..10927.195 rows=15 loops=1)
  Filter: (person_id = 2711917)
  Rows Removed by Filter: 36244329
Planning time: 0.363 ms
Execution time: 10927.307 ms
