Seq Scan on cast_info ci  (cost=0.00..796071.18 rows=6506204 width=0) (actual time=0.059..12624.838 rows=3160602 loops=1)
  Filter: ((person_id > 2835523) AND (role_id < 6))
  Rows Removed by Filter: 33083742
Planning time: 0.396 ms
Execution time: 13024.110 ms
