Hash Join  (cost=82008.92..188286.46 rows=336696 width=0) (actual time=1385.038..4518.489 rows=526312 loops=1)
  Hash Cond: (mk.movie_id = t.id)
  ->  Seq Scan on movie_keyword mk  (cost=0.00..81003.12 rows=1728123 width=4) (actual time=0.007..1526.405 rows=1732726 loops=1)
        Filter: (keyword_id < 2830)
        Rows Removed by Filter: 2791204
  ->  Hash  (cost=73925.90..73925.90 rows=492641 width=4) (actual time=1384.401..1384.401 rows=420285 loops=1)
        Buckets: 131072  Batches: 8  Memory Usage: 2876kB
        ->  Seq Scan on title t  (cost=0.00..73925.90 rows=492641 width=4) (actual time=0.015..1250.482 rows=420285 loops=1)
              Filter: ((kind_id < 7) AND (production_year > 2002))
              Rows Removed by Filter: 2108027
Planning time: 0.500 ms
Execution time: 4583.404 ms
