Hash Join  (cost=83075.27..447745.13 rows=1394 width=0) (actual time=1338.538..8844.451 rows=293719 loops=1)
  Hash Cond: (mi.movie_id = t.id)
  ->  Seq Scan on movie_info mi  (cost=0.00..309384.22 rows=14739122 width=4) (actual time=0.020..4378.329 rows=14835720 loops=1)
  ->  Hash  (cost=83072.29..83072.29 rows=239 width=8) (actual time=1338.458..1338.458 rows=5898 loops=1)
        Buckets: 8192 (originally 1024)  Batches: 1 (originally 1)  Memory Usage: 295kB
        ->  Nested Loop  (cost=0.43..83072.29 rows=239 width=8) (actual time=0.584..1334.690 rows=5898 loops=1)
              ->  Seq Scan on movie_keyword mk  (cost=0.00..81003.12 rows=246 width=4) (actual time=0.540..1179.192 rows=5916 loops=1)
                    Filter: (keyword_id = 807)
                    Rows Removed by Filter: 4518014
              ->  Index Scan using title_pkey on title t  (cost=0.43..8.40 rows=1 width=4) (actual time=0.025..0.025 rows=1 loops=5916)
                    Index Cond: (id = mk.movie_id)
                    Filter: (production_year < 2014)
                    Rows Removed by Filter: 0
Planning time: 1.052 ms
Execution time: 8885.804 ms
