Hash Join  (cost=365418.15..1437123.34 rows=13395590 width=0) (actual time=8601.601..47257.442 rows=70598959 loops=1)
  Hash Cond: (ci.movie_id = t.id)
  ->  Seq Scan on cast_info ci  (cost=0.00..796071.18 rows=7487099 width=4) (actual time=163.077..14979.370 rows=11562641 loops=1)
        Filter: ((person_id > 2539737) AND (role_id > 1))
        Rows Removed by Filter: 24681703
  ->  Hash  (cost=291197.02..291197.02 rows=4523930 width=8) (actual time=8436.845..8436.845 rows=4523930 loops=1)
        Buckets: 131072  Batches: 64  Memory Usage: 3816kB
        ->  Hash Join  (cost=102767.86..291197.02 rows=4523930 width=8) (actual time=2008.153..7164.572 rows=4523930 loops=1)
              Hash Cond: (mk.movie_id = t.id)
              ->  Seq Scan on movie_keyword mk  (cost=0.00..69693.30 rows=4523930 width=4) (actual time=0.036..1450.928 rows=4523930 loops=1)
              ->  Hash  (cost=61283.27..61283.27 rows=2528527 width=4) (actual time=2007.133..2007.133 rows=2528312 loops=1)
                    Buckets: 131072  Batches: 64  Memory Usage: 2425kB
                    ->  Seq Scan on title t  (cost=0.00..61283.27 rows=2528527 width=4) (actual time=0.016..1135.972 rows=2528312 loops=1)
Planning time: 1.139 ms
Execution time: 54810.464 ms
