Hash Join  (cost=205801.35..1102297.92 rows=4303730 width=0) (actual time=4051.350..25931.695 rows=4801565 loops=1)
  Hash Cond: (ci.movie_id = t.id)
  ->  Seq Scan on cast_info ci  (cost=0.00..705507.15 rows=12501634 width=4) (actual time=0.015..13035.489 rows=12615756 loops=1)
        Filter: (person_id > 2420799)
        Rows Removed by Filter: 23628588
  ->  Hash  (cost=191519.67..191519.67 rows=870454 width=8) (actual time=4050.241..4050.241 rows=550540 loops=1)
        Buckets: 131072  Batches: 16  Memory Usage: 2359kB
        ->  Hash Join  (cost=102767.86..191519.67 rows=870454 width=8) (actual time=2078.112..3892.380 rows=550540 loops=1)
              Hash Cond: (mc.movie_id = t.id)
              ->  Seq Scan on movie_companies mc  (cost=0.00..57926.93 rows=870454 width=4) (actual time=148.761..1099.170 rows=550540 loops=1)
                    Filter: ((company_id < 20821) AND (company_type_id > 1))
                    Rows Removed by Filter: 2058589
              ->  Hash  (cost=61283.27..61283.27 rows=2528527 width=4) (actual time=1928.202..1928.202 rows=2528312 loops=1)
                    Buckets: 131072  Batches: 64  Memory Usage: 2415kB
                    ->  Seq Scan on title t  (cost=0.00..61283.27 rows=2528527 width=4) (actual time=0.024..1079.760 rows=2528312 loops=1)
Planning time: 1.153 ms
Execution time: 26553.001 ms
