Hash Join  (cost=248639.66..812962.25 rows=7920866 width=0) (actual time=5403.722..38000.921 rows=72611050 loops=1)
  Hash Cond: (mi.movie_id = t.id)
  ->  Seq Scan on movie_info mi  (cost=0.00..309384.22 rows=14739122 width=4) (actual time=0.017..6170.725 rows=14835720 loops=1)
  ->  Hash  (cost=226346.15..226346.15 rows=1358841 width=8) (actual time=5402.350..5402.350 rows=1372359 loops=1)
        Buckets: 131072  Batches: 32  Memory Usage: 2770kB
        ->  Hash Join  (cost=102767.86..226346.15 rows=1358841 width=8) (actual time=1917.339..4961.784 rows=1372359 loops=1)
              Hash Cond: (mk.movie_id = t.id)
              ->  Seq Scan on movie_keyword mk  (cost=0.00..81003.12 rows=1358841 width=4) (actual time=0.016..1468.538 rows=1372359 loops=1)
                    Filter: (keyword_id > 12169)
                    Rows Removed by Filter: 3151571
              ->  Hash  (cost=61283.27..61283.27 rows=2528527 width=4) (actual time=1916.236..1916.236 rows=2528312 loops=1)
                    Buckets: 131072  Batches: 64  Memory Usage: 2425kB
                    ->  Seq Scan on title t  (cost=0.00..61283.27 rows=2528527 width=4) (actual time=0.024..1037.451 rows=2528312 loops=1)
Planning time: 1.135 ms
Execution time: 46097.790 ms
