Nested Loop  (cost=0.43..83071.67 rows=246 width=0) (actual time=27.247..1161.858 rows=70 loops=1)
  ->  Seq Scan on movie_keyword mk  (cost=0.00..81003.12 rows=246 width=4) (actual time=27.159..1159.216 rows=70 loops=1)
        Filter: (keyword_id = 5855)
        Rows Removed by Filter: 4523860
  ->  Index Only Scan using title_pkey on title t  (cost=0.43..8.40 rows=1 width=4) (actual time=0.033..0.034 rows=1 loops=70)
        Index Cond: (id = mk.movie_id)
        Heap Fetches: 70
Planning time: 0.789 ms
Execution time: 1161.978 ms
