Hash Join  (cost=156649.15..281731.52 rows=579855 width=0) (actual time=3478.875..6998.100 rows=2462223 loops=1)
  Hash Cond: (mk.movie_id = t.id)
  ->  Seq Scan on movie_keyword mk  (cost=0.00..81003.12 rows=3153520 width=4) (actual time=0.024..1645.658 rows=3141540 loops=1)
        Filter: (keyword_id > 1848)
        Rows Removed by Filter: 1382390
  ->  Hash  (cost=149020.47..149020.47 rows=464934 width=8) (actual time=3477.996..3477.996 rows=460185 loops=1)
        Buckets: 131072  Batches: 8  Memory Usage: 3286kB
        ->  Hash Join  (cost=102767.86..149020.47 rows=464934 width=8) (actual time=1986.189..3329.509 rows=460185 loops=1)
              Hash Cond: (mi_idx.movie_id = t.id)
              ->  Seq Scan on movie_info_idx mi_idx  (cost=0.00..25185.44 rows=464934 width=4) (actual time=0.025..499.078 rows=460185 loops=1)
                    Filter: (info_type_id > 100)
                    Rows Removed by Filter: 919850
              ->  Hash  (cost=61283.27..61283.27 rows=2528527 width=4) (actual time=1984.220..1984.220 rows=2528312 loops=1)
                    Buckets: 131072  Batches: 64  Memory Usage: 2415kB
                    ->  Seq Scan on title t  (cost=0.00..61283.27 rows=2528527 width=4) (actual time=0.019..1153.494 rows=2528312 loops=1)
Planning time: 1.068 ms
Execution time: 7273.241 ms
