Hash Join  (cost=99161.12..1093185.99 rows=7094388 width=0) (actual time=2525.688..19071.405 rows=3037679 loops=1)
  Hash Cond: (ci.movie_id = t.id)
  ->  Seq Scan on cast_info ci  (cost=0.00..796071.18 rows=9326361 width=4) (actual time=0.034..12727.142 rows=3979685 loops=1)
        Filter: ((person_id < 1408738) AND (role_id > 1))
        Rows Removed by Filter: 32264659
  ->  Hash  (cost=67604.59..67604.59 rows=1923403 width=4) (actual time=2524.311..2524.311 rows=1922849 loops=1)
        Buckets: 131072  Batches: 32  Memory Usage: 3132kB
        ->  Seq Scan on title t  (cost=0.00..67604.59 rows=1923403 width=4) (actual time=0.022..1227.926 rows=1922849 loops=1)
              Filter: (production_year < 2010)
              Rows Removed by Filter: 605463
Planning time: 0.844 ms
Execution time: 19466.871 ms
