Seq Scan on movie_companies mc  (cost=0.00..51404.11 rows=91705 width=0) (actual time=213.574..878.671 rows=92000 loops=1)
  Filter: (company_id > 162436)
  Rows Removed by Filter: 2517129
Planning time: 0.253 ms
Execution time: 889.666 ms
