Hash Join  (cost=83074.74..833899.15 rows=3524 width=0) (actual time=1230.366..15549.140 rows=7636 loops=1)
  Hash Cond: (ci.movie_id = t.id)
  ->  Seq Scan on cast_info ci  (cost=0.00..614943.12 rows=36225612 width=4) (actual time=0.038..7817.600 rows=36244344 loops=1)
  ->  Hash  (cost=83071.67..83071.67 rows=246 width=8) (actual time=1229.354..1229.354 rows=136 loops=1)
        Buckets: 1024  Batches: 1  Memory Usage: 14kB
        ->  Nested Loop  (cost=0.43..83071.67 rows=246 width=8) (actual time=7.645..1229.150 rows=136 loops=1)
              ->  Seq Scan on movie_keyword mk  (cost=0.00..81003.12 rows=246 width=4) (actual time=7.543..1221.459 rows=136 loops=1)
                    Filter: (keyword_id = 30590)
                    Rows Removed by Filter: 4523794
              ->  Index Only Scan using title_pkey on title t  (cost=0.43..8.40 rows=1 width=4) (actual time=0.051..0.052 rows=1 loops=136)
                    Index Cond: (id = mk.movie_id)
                    Heap Fetches: 136
Planning time: 1.108 ms
Execution time: 15552.489 ms
