Hash Join  (cost=943222.25..1474157.93 rows=4791775 width=0) (actual time=20550.973..39034.006 rows=10127454 loops=1)
  Hash Cond: (mi.movie_id = t.id)
  ->  Seq Scan on movie_info mi  (cost=0.00..309384.22 rows=14739122 width=4) (actual time=0.025..6314.195 rows=14835720 loops=1)
  ->  Hash  (cost=929734.77..929734.77 rows=822039 width=8) (actual time=20320.132..20320.132 rows=2518735 loops=1)
        Buckets: 131072 (originally 131072)  Batches: 64 (originally 16)  Memory Usage: 4032kB
        ->  Hash Join  (cost=84037.34..929734.77 rows=822039 width=8) (actual time=6433.831..19553.071 rows=2518735 loops=1)
              Hash Cond: (ci.movie_id = t.id)
              ->  Seq Scan on cast_info ci  (cost=0.00..796071.18 rows=3372761 width=4) (actual time=4972.699..13383.101 rows=7755207 loops=1)
                    Filter: ((person_id > 2714098) AND (role_id > 3))
                    Rows Removed by Filter: 28489137
              ->  Hash  (cost=73925.90..73925.90 rows=616275 width=4) (actual time=1459.576..1459.576 rows=676927 loops=1)
                    Buckets: 131072  Batches: 16  Memory Usage: 2516kB
                    ->  Seq Scan on title t  (cost=0.00..73925.90 rows=616275 width=4) (actual time=28.539..1245.585 rows=676927 loops=1)
                          Filter: ((production_year > 2005) AND (kind_id = 7))
                          Rows Removed by Filter: 1851385
Planning time: 1.215 ms
Execution time: 40199.646 ms
