Hash Join  (cost=465866.59..1568350.47 rows=6685777 width=0) (actual time=8300.386..38359.818 rows=5623863 loops=1)
  Hash Cond: (ci.movie_id = t.id)
  ->  Seq Scan on cast_info ci  (cost=0.00..614943.12 rows=36225612 width=4) (actual time=0.021..13688.068 rows=36244344 loops=1)
  ->  Hash  (cost=458210.31..458210.31 rows=466663 width=8) (actual time=8298.920..8298.920 rows=281712 loops=1)
        Buckets: 131072  Batches: 8  Memory Usage: 2393kB
        ->  Hash Join  (cost=88391.98..458210.31 rows=466663 width=8) (actual time=4501.726..8223.262 rows=281712 loops=1)
              Hash Cond: (mi.movie_id = t.id)
              ->  Seq Scan on movie_info mi  (cost=0.00..346232.03 rows=1338312 width=4) (actual time=2934.530..5866.009 rows=1401902 loops=1)
                    Filter: (info_type_id = 7)
                    Rows Removed by Filter: 13433818
              ->  Hash  (cost=73925.90..73925.90 rows=881686 width=4) (actual time=1565.903..1565.903 rows=801513 loops=1)
                    Buckets: 131072  Batches: 16  Memory Usage: 2792kB
                    ->  Seq Scan on title t  (cost=0.00..73925.90 rows=881686 width=4) (actual time=0.040..1302.368 rows=801513 loops=1)
                          Filter: ((production_year < 2006) AND (kind_id = 7))
                          Rows Removed by Filter: 1726799
Planning time: 2.022 ms
Execution time: 38964.748 ms
