Seq Scan on movie_companies mc  (cost=0.00..57926.93 rows=554933 width=0) (actual time=81.067..892.733 rows=340129 loops=1)
  Filter: ((company_id < 6986) AND (company_type_id = 2))
  Rows Removed by Filter: 2269000
Planning time: 0.396 ms
Execution time: 929.699 ms
