Hash Join  (cost=83074.89..447740.09 rows=929 width=0) (actual time=1429.483..8759.391 rows=13114 loops=1)
  Hash Cond: (mi.movie_id = t.id)
  ->  Seq Scan on movie_info mi  (cost=0.00..309384.22 rows=14739122 width=4) (actual time=0.017..4498.303 rows=14835720 loops=1)
  ->  Hash  (cost=83072.90..83072.90 rows=159 width=8) (actual time=1428.031..1428.031 rows=787 loops=1)
        Buckets: 1024  Batches: 1  Memory Usage: 39kB
        ->  Nested Loop  (cost=0.43..83072.90 rows=159 width=8) (actual time=20.630..1427.433 rows=787 loops=1)
              ->  Seq Scan on movie_keyword mk  (cost=0.00..81003.12 rows=246 width=4) (actual time=0.029..1298.023 rows=3021 loops=1)
                    Filter: (keyword_id = 643)
                    Rows Removed by Filter: 4520909
              ->  Index Scan using title_pkey on title t  (cost=0.43..8.40 rows=1 width=4) (actual time=0.042..0.042 rows=0 loops=3021)
                    Index Cond: (id = mk.movie_id)
                    Filter: ((kind_id > 1) AND (production_year < 2012))
                    Rows Removed by Filter: 1
Planning time: 1.200 ms
Execution time: 8762.225 ms
