Seq Scan on movie_keyword mk  (cost=0.00..81003.12 rows=1470871 width=0) (actual time=0.026..1442.446 rows=1482619 loops=1)
  Filter: (keyword_id > 11041)
  Rows Removed by Filter: 3041311
Planning time: 0.388 ms
Execution time: 1631.737 ms
