Hash Join  (cost=159612.09..1247559.57 rows=5270631 width=0) (actual time=3935.799..35845.233 rows=10935555 loops=1)
  Hash Cond: (ci.movie_id = t.id)
  ->  Seq Scan on cast_info ci  (cost=0.00..614943.12 rows=36225612 width=4) (actual time=0.019..13591.162 rows=36244344 loops=1)
  ->  Hash  (cost=153575.51..153575.51 rows=367887 width=8) (actual time=3934.634..3934.634 rows=638424 loops=1)
        Buckets: 131072 (originally 131072)  Batches: 16 (originally 8)  Memory Usage: 3073kB
        ->  Hash Join  (cost=73454.11..153575.51 rows=367887 width=8) (actual time=1320.407..3722.145 rows=638424 loops=1)
              Hash Cond: (mc.movie_id = t.id)
              ->  Seq Scan on movie_companies mc  (cost=0.00..44881.29 rows=2609129 width=4) (actual time=0.012..942.252 rows=2609129 loops=1)
              ->  Hash  (cost=67604.59..67604.59 rows=356522 width=4) (actual time=1319.534..1319.534 rows=352081 loops=1)
                    Buckets: 131072  Batches: 8  Memory Usage: 2565kB
                    ->  Seq Scan on title t  (cost=0.00..67604.59 rows=356522 width=4) (actual time=0.026..1202.790 rows=352081 loops=1)
                          Filter: (production_year < 1969)
                          Rows Removed by Filter: 2176231
Planning time: 1.155 ms
Execution time: 37027.634 ms
