Seq Scan on cast_info ci  (cost=0.00..796071.18 rows=13613945 width=0) (actual time=0.022..15311.592 rows=16631831 loops=1)
  Filter: ((person_id < 2055534) AND (role_id < 4))
  Rows Removed by Filter: 19612513
Planning time: 1.680 ms
Execution time: 17361.800 ms
