Hash Join  (cost=69687.24..874531.24 rows=34437 width=0) (actual time=3138.364..13788.318 rows=61353 loops=1)
  Hash Cond: (ci.movie_id = t.id)
  ->  Seq Scan on cast_info ci  (cost=0.00..796071.18 rows=685987 width=4) (actual time=2000.851..12156.345 rows=1171051 loops=1)
        Filter: ((person_id > 2788861) AND (role_id = 4))
        Rows Removed by Filter: 35073293
  ->  Hash  (cost=67604.59..67604.59 rows=126932 width=4) (actual time=1136.427..1136.427 rows=122861 loops=1)
        Buckets: 131072  Batches: 2  Memory Usage: 3191kB
        ->  Seq Scan on title t  (cost=0.00..67604.59 rows=126932 width=4) (actual time=0.028..1090.389 rows=122861 loops=1)
              Filter: (production_year = 2008)
              Rows Removed by Filter: 2405451
Planning time: 0.812 ms
Execution time: 13796.764 ms
