Hash Join  (cost=78930.19..153661.64 rows=269441 width=0) (actual time=1672.953..3262.416 rows=433502 loops=1)
  Hash Cond: (mc.movie_id = t.id)
  ->  Seq Scan on movie_companies mc  (cost=0.00..57926.93 rows=986962 width=4) (actual time=224.999..1049.267 rows=1146068 loops=1)
        Filter: ((company_id > 1013) AND (company_type_id = 2))
        Rows Removed by Filter: 1463061
  ->  Hash  (cost=67604.59..67604.59 rows=690288 width=4) (actual time=1446.760..1446.760 rows=684146 loops=1)
        Buckets: 131072  Batches: 16  Memory Usage: 2525kB
        ->  Seq Scan on title t  (cost=0.00..67604.59 rows=690288 width=4) (actual time=0.025..1224.534 rows=684146 loops=1)
              Filter: (production_year < 1990)
              Rows Removed by Filter: 1844166
Planning time: 0.772 ms
Execution time: 3314.354 ms
