Hash Join  (cost=117421.62..241476.53 rows=168487 width=0) (actual time=2274.108..5401.113 rows=1100673 loops=1)
  Hash Cond: (mk.movie_id = t.id)
  ->  Seq Scan on movie_keyword mk  (cost=0.00..69693.30 rows=4523930 width=4) (actual time=0.015..1489.221 rows=4523930 loops=1)
  ->  Hash  (cost=115876.48..115876.48 rows=94171 width=8) (actual time=2273.339..2273.339 rows=137106 loops=1)
        Buckets: 131072  Batches: 2  Memory Usage: 3710kB
        ->  Hash Join  (cost=82400.67..115876.48 rows=94171 width=8) (actual time=1388.555..2228.107 rows=137106 loops=1)
              Hash Cond: (mi_idx.movie_id = t.id)
              ->  Seq Scan on movie_info_idx mi_idx  (cost=0.00..25185.44 rows=460978 width=4) (actual time=0.011..521.533 rows=459925 loops=1)
                    Filter: (info_type_id = 99)
                    Rows Removed by Filter: 920110
              ->  Hash  (cost=73925.90..73925.90 rows=516541 width=4) (actual time=1387.852..1387.852 rows=440918 loops=1)
                    Buckets: 131072  Batches: 8  Memory Usage: 2960kB
                    ->  Seq Scan on title t  (cost=0.00..73925.90 rows=516541 width=4) (actual time=0.015..1247.531 rows=440918 loops=1)
                          Filter: ((kind_id < 7) AND (production_year > 2001))
                          Rows Removed by Filter: 2087394
Planning time: 1.086 ms
Execution time: 5538.500 ms
