Seq Scan on cast_info ci  (cost=0.00..705507.15 rows=500 width=0) (actual time=2414.079..11085.483 rows=1447 loops=1)
  Filter: (person_id = 2443402)
  Rows Removed by Filter: 36242897
Planning time: 0.385 ms
Execution time: 11085.792 ms
