Seq Scan on movie_companies mc  (cost=0.00..57926.93 rows=2090 width=0) (actual time=38.442..849.145 rows=973 loops=1)
  Filter: ((company_id = 11387) AND (company_type_id = 1))
  Rows Removed by Filter: 2608156
Planning time: 0.405 ms
Execution time: 849.477 ms
