Seq Scan on movie_companies mc  (cost=0.00..57926.93 rows=592586 width=0) (actual time=0.014..1032.236 rows=875574 loops=1)
  Filter: ((company_id > 12784) AND (company_type_id = 2))
  Rows Removed by Filter: 1733555
Planning time: 0.298 ms
Execution time: 1133.879 ms
