Hash Join  (cost=74126.72..158657.95 rows=5878 width=0) (actual time=1136.894..2616.098 rows=13296 loops=1)
  Hash Cond: (mk.movie_id = t.id)
  ->  Seq Scan on movie_keyword mk  (cost=0.00..81003.12 rows=925155 width=4) (actual time=0.021..1314.090 rows=918262 loops=1)
        Filter: (keyword_id > 20329)
        Rows Removed by Filter: 3605668
  ->  Hash  (cost=73925.90..73925.90 rows=16065 width=4) (actual time=1135.882..1135.882 rows=9704 loops=1)
        Buckets: 16384  Batches: 1  Memory Usage: 470kB
        ->  Seq Scan on title t  (cost=0.00..73925.90 rows=16065 width=4) (actual time=346.776..1131.443 rows=9704 loops=1)
              Filter: ((kind_id = 1) AND (production_year = 2002))
              Rows Removed by Filter: 2518608
Planning time: 0.525 ms
Execution time: 2618.044 ms
