Seq Scan on cast_info ci  (cost=0.00..796071.18 rows=176 width=0) (actual time=2072.191..11482.242 rows=717 loops=1)
  Filter: ((role_id < 2) AND (person_id = 1192971))
  Rows Removed by Filter: 36243627
Planning time: 0.411 ms
Execution time: 11482.416 ms
