Nested Loop  (cost=0.43..83072.90 rows=136 width=0) (actual time=463.393..747.866 rows=36 loops=1)
  ->  Seq Scan on movie_keyword mk  (cost=0.00..81003.12 rows=246 width=4) (actual time=5.483..744.448 rows=134 loops=1)
        Filter: (keyword_id = 3073)
        Rows Removed by Filter: 4523796
  ->  Index Scan using title_pkey on title t  (cost=0.43..8.40 rows=1 width=4) (actual time=0.024..0.024 rows=0 loops=134)
        Index Cond: (id = mk.movie_id)
        Filter: ((production_year > 1950) AND (kind_id = 7))
        Rows Removed by Filter: 1
Planning time: 0.730 ms
Execution time: 747.986 ms
