Seq Scan on title t  (cost=0.00..73925.90 rows=4883 width=0) (actual time=205.793..1169.101 rows=9263 loops=1)
  Filter: ((kind_id = 4) AND (production_year = 2006))
  Rows Removed by Filter: 2519049
Planning time: 0.367 ms
Execution time: 1171.017 ms
