Hash Join  (cost=209029.33..573865.87 rows=281234 width=0) (actual time=5981.108..9842.028 rows=97620 loops=1)
  Hash Cond: (mi.movie_id = t.id)
  ->  Seq Scan on movie_info mi  (cost=0.00..346232.03 rows=1158179 width=4) (actual time=1613.434..4972.037 rows=1204709 loops=1)
        Filter: (info_type_id > 18)
        Rows Removed by Filter: 13631011
  ->  Hash  (cost=198955.50..198955.50 rows=613987 width=8) (actual time=4308.537..4308.537 rows=125645 loops=1)
        Buckets: 131072  Batches: 16  Memory Usage: 1339kB
        ->  Hash Join  (cost=92883.59..198955.50 rows=613987 width=8) (actual time=2326.576..4265.715 rows=125645 loops=1)
              Hash Cond: (mk.movie_id = t.id)
              ->  Seq Scan on movie_keyword mk  (cost=0.00..81003.12 rows=1007583 width=4) (actual time=0.039..1506.929 rows=1009894 loops=1)
                    Filter: (keyword_id < 979)
                    Rows Removed by Filter: 3514036
              ->  Hash  (cost=67604.59..67604.59 rows=1540800 width=4) (actual time=1961.309..1961.309 rows=1543264 loops=1)
                    Buckets: 131072  Batches: 32  Memory Usage: 2728kB
                    ->  Seq Scan on title t  (cost=0.00..67604.59 rows=1540800 width=4) (actual time=0.023..1276.444 rows=1543264 loops=1)
                          Filter: (kind_id = 7)
                          Rows Removed by Filter: 985048
Planning time: 1.107 ms
Execution time: 9854.649 ms
