Seq Scan on movie_keyword mk  (cost=0.00..81003.12 rows=3174643 width=0) (actual time=0.014..1510.337 rows=3164254 loops=1)
  Filter: (keyword_id < 12346)
  Rows Removed by Filter: 1359676
Planning time: 0.335 ms
Execution time: 1904.110 ms
