Hash Join  (cost=416011.20..513369.75 rows=1174 width=0) (actual time=6606.864..9046.241 rows=824501 loops=1)
  Hash Cond: (mk.movie_id = t.id)
  ->  Seq Scan on movie_keyword mk  (cost=0.00..81003.12 rows=4358315 width=4) (actual time=0.016..1626.807 rows=4363574 loops=1)
        Filter: (keyword_id < 72816)
        Rows Removed by Filter: 160356
  ->  Hash  (cost=416002.69..416002.69 rows=681 width=8) (actual time=6604.973..6604.973 rows=8273 loops=1)
        Buckets: 16384 (originally 1024)  Batches: 1 (originally 1)  Memory Usage: 452kB
        ->  Hash Join  (cost=69179.59..416002.69 rows=681 width=8) (actual time=6053.100..6602.323 rows=8273 loops=1)
              Hash Cond: (mi.movie_id = t.id)
              ->  Seq Scan on movie_info mi  (cost=0.00..346232.03 rows=17937 width=4) (actual time=4879.785..5465.043 rows=147487 loops=1)
                    Filter: (info_type_id = 107)
                    Rows Removed by Filter: 14688233
              ->  Hash  (cost=67604.59..67604.59 rows=96000 width=4) (actual time=1079.965..1079.965 rows=95005 loops=1)
                    Buckets: 131072  Batches: 2  Memory Usage: 2722kB
                    ->  Seq Scan on title t  (cost=0.00..67604.59 rows=96000 width=4) (actual time=0.045..1042.983 rows=95005 loops=1)
                          Filter: (production_year = 2005)
                          Rows Removed by Filter: 2433307
Planning time: 0.777 ms
Execution time: 9144.145 ms
