Hash Join  (cost=167584.07..293644.39 rows=333028 width=0) (actual time=4926.156..6831.255 rows=304409 loops=1)
  Hash Cond: (mk.movie_id = t.id)
  ->  Seq Scan on movie_keyword mk  (cost=0.00..69693.30 rows=4523930 width=4) (actual time=0.015..1457.560 rows=4523930 loops=1)
  ->  Hash  (cost=164529.36..164529.36 rows=186137 width=8) (actual time=3643.455..3643.455 rows=146822 loops=1)
        Buckets: 131072  Batches: 4  Memory Usage: 2466kB
        ->  Hash Join  (cost=95465.71..164529.36 rows=186137 width=8) (actual time=2362.065..3601.061 rows=146822 loops=1)
              Hash Cond: (mc.movie_id = t.id)
              ->  Seq Scan on movie_companies mc  (cost=0.00..57926.93 rows=358493 width=4) (actual time=349.038..1047.003 rows=670829 loops=1)
                    Filter: ((company_id > 44130) AND (company_type_id = 2))
                    Rows Removed by Filter: 1938300
              ->  Hash  (cost=73925.90..73925.90 rows=1312864 width=4) (actual time=1828.419..1828.419 rows=1391524 loops=1)
                    Buckets: 131072  Batches: 32  Memory Usage: 2555kB
                    ->  Seq Scan on title t  (cost=0.00..73925.90 rows=1312864 width=4) (actual time=195.938..1388.390 rows=1391524 loops=1)
                          Filter: ((production_year > 1965) AND (kind_id = 7))
                          Rows Removed by Filter: 1136788
Planning time: 1.241 ms
Execution time: 6868.861 ms
