Hash Join  (cost=158400.59..275699.47 rows=294417 width=0) (actual time=4984.619..6042.466 rows=414931 loops=1)
  Hash Cond: (mk.movie_id = t.id)
  ->  Seq Scan on movie_keyword mk  (cost=0.00..81003.12 rows=2794289 width=4) (actual time=0.016..1754.353 rows=2784381 loops=1)
        Filter: (keyword_id > 2839)
        Rows Removed by Filter: 1739549
  ->  Hash  (cost=154029.40..154029.40 rows=266415 width=8) (actual time=3113.329..3113.329 rows=182612 loops=1)
        Buckets: 131072  Batches: 4  Memory Usage: 2798kB
        ->  Hash Join  (cost=87146.10..154029.40 rows=266415 width=8) (actual time=1666.791..3053.567 rows=182612 loops=1)
              Hash Cond: (mc.movie_id = t.id)
              ->  Seq Scan on movie_companies mc  (cost=0.00..51404.11 rows=836010 width=4) (actual time=0.012..893.523 rows=832150 loops=1)
                    Filter: (company_id < 2075)
                    Rows Removed by Filter: 1776979
              ->  Hash  (cost=73925.90..73925.90 rows=805776 width=4) (actual time=1535.458..1535.458 rows=881945 loops=1)
                    Buckets: 131072  Batches: 16  Memory Usage: 2970kB
                    ->  Seq Scan on title t  (cost=0.00..73925.90 rows=805776 width=4) (actual time=0.010..1258.545 rows=881945 loops=1)
                          Filter: ((production_year > 2001) AND (kind_id = 7))
                          Rows Removed by Filter: 1646367
Planning time: 5.387 ms
Execution time: 6095.669 ms
