Hash Join  (cost=131105.43..221678.39 rows=4637 width=0) (actual time=2353.893..4131.421 rows=111700 loops=1)
  Hash Cond: (mk.movie_id = t.id)
  ->  Seq Scan on movie_keyword mk  (cost=0.00..81003.12 rows=2539590 width=4) (actual time=0.019..1440.567 rows=2536025 loops=1)
        Filter: (keyword_id > 3511)
        Rows Removed by Filter: 1987905
  ->  Hash  (cost=131047.71..131047.71 rows=4617 width=8) (actual time=2266.562..2266.562 rows=7793 loops=1)
        Buckets: 8192  Batches: 1  Memory Usage: 369kB
        ->  Hash Join  (cost=74024.09..131047.71 rows=4617 width=8) (actual time=1141.923..2263.244 rows=7793 loops=1)
              Hash Cond: (mc.movie_id = t.id)
              ->  Seq Scan on movie_companies mc  (cost=0.00..51404.11 rows=1486224 width=4) (actual time=0.036..924.041 rows=1488322 loops=1)
                    Filter: (company_id > 7851)
                    Rows Removed by Filter: 1120807
              ->  Hash  (cost=73925.90..73925.90 rows=7855 width=4) (actual time=1086.355..1086.355 rows=5336 loops=1)
                    Buckets: 8192  Batches: 1  Memory Usage: 252kB
                    ->  Seq Scan on title t  (cost=0.00..73925.90 rows=7855 width=4) (actual time=0.139..1083.780 rows=5336 loops=1)
                          Filter: ((kind_id = 1) AND (production_year = 1994))
                          Rows Removed by Filter: 2522976
Planning time: 1.215 ms
Execution time: 4145.488 ms
