Seq Scan on movie_companies mc  (cost=0.00..51404.11 rows=1751622 width=0) (actual time=0.025..857.985 rows=1744598 loops=1)
  Filter: (company_id < 23996)
  Rows Removed by Filter: 864531
Planning time: 0.337 ms
Execution time: 1079.879 ms
