Hash Join  (cost=184333.48..1233356.67 rows=7287268 width=0) (actual time=11972.572..32605.889 rows=14800712 loops=1)
  Hash Cond: (ci.movie_id = t.id)
  ->  Seq Scan on cast_info ci  (cost=0.00..796071.18 rows=15163818 width=4) (actual time=7519.083..17632.782 rows=13757805 loops=1)
        Filter: ((person_id < 3600692) AND (role_id > 2))
        Rows Removed by Filter: 22486539
  ->  Hash  (cost=164397.32..164397.32 rows=1215133 width=8) (actual time=4452.503..4452.503 rows=1310384 loops=1)
        Buckets: 131072 (originally 131072)  Batches: 32 (originally 16)  Memory Usage: 3073kB
        ->  Hash Join  (cost=104131.46..164397.32 rows=1215133 width=8) (actual time=2131.838..4056.774 rows=1310384 loops=1)
              Hash Cond: (mi_idx.movie_id = t.id)
              ->  Seq Scan on movie_info_idx mi_idx  (cost=0.00..21735.35 rows=1380035 width=4) (actual time=0.017..477.652 rows=1380035 loops=1)
              ->  Hash  (cost=67604.59..67604.59 rows=2226390 width=4) (actual time=2130.579..2130.579 rows=2224569 loops=1)
                    Buckets: 131072  Batches: 32  Memory Usage: 3463kB
                    ->  Seq Scan on title t  (cost=0.00..67604.59 rows=2226390 width=4) (actual time=0.018..1416.078 rows=2224569 loops=1)
                          Filter: (production_year < 2012)
                          Rows Removed by Filter: 303743
Planning time: 1.235 ms
Execution time: 34291.276 ms
