Seq Scan on cast_info ci  (cost=0.00..705507.15 rows=500 width=0) (actual time=7180.025..10996.397 rows=11 loops=1)
  Filter: (person_id = 3812908)
  Rows Removed by Filter: 36244333
Planning time: 0.353 ms
Execution time: 10996.454 ms
