Hash Join  (cost=867211.62..3792440.02 rows=144450206 width=0) (actual time=21651.223..134904.338 rows=324455655 loops=1)
  Hash Cond: (ci.movie_id = t.id)
  ->  Seq Scan on cast_info ci  (cost=0.00..614943.12 rows=36225612 width=4) (actual time=0.029..14170.945 rows=36244344 loops=1)
  ->  Hash  (cost=701794.85..701794.85 rows=10082542 width=8) (actual time=21650.290..21650.290 rows=8947388 loops=1)
        Buckets: 131072  Batches: 256  Memory Usage: 2370kB
        ->  Hash Join  (cost=95982.60..701794.85 rows=10082542 width=8) (actual time=2127.346..18960.641 rows=8947388 loops=1)
              Hash Cond: (mi.movie_id = t.id)
              ->  Seq Scan on movie_info mi  (cost=0.00..309384.22 rows=14739122 width=4) (actual time=0.033..6124.463 rows=14835720 loops=1)
              ->  Hash  (cost=67604.59..67604.59 rows=1729681 width=4) (actual time=2126.181..2126.181 rows=1725233 loops=1)
                    Buckets: 131072  Batches: 32  Memory Usage: 2931kB
                    ->  Seq Scan on title t  (cost=0.00..67604.59 rows=1729681 width=4) (actual time=0.014..1295.191 rows=1725233 loops=1)
                          Filter: (production_year > 1991)
                          Rows Removed by Filter: 803079
Planning time: 6.891 ms
Execution time: 170367.527 ms
