Seq Scan on cast_info ci  (cost=0.00..796071.18 rows=158746 width=0) (actual time=147.573..13666.725 rows=64416 loops=1)
  Filter: ((person_id < 1612129) AND (role_id > 10))
  Rows Removed by Filter: 36179928
Planning time: 0.271 ms
Execution time: 13674.991 ms
