Hash Join  (cost=956559.22..1033444.28 rows=126312 width=176) (actual time=18102.965..19509.542 rows=50652 loops=1)
  Hash Cond: (mc.movie_id = t.id)
  ->  Seq Scan on movie_companies mc  (cost=0.00..51404.11 rows=886889 width=40) (actual time=0.010..1070.943 rows=893248 loops=1)
        Filter: (company_id > 21845)
        Rows Removed by Filter: 1715881
  ->  Hash  (cost=945023.77..945023.77 rows=360116 width=136) (actual time=17997.320..17997.320 rows=122570 loops=1)
        Buckets: 32768  Batches: 16  Memory Usage: 1478kB
        ->  Hash Join  (cost=109435.59..945023.77 rows=360116 width=136) (actual time=11931.987..17913.865 rows=122570 loops=1)
              Hash Cond: (ci.movie_id = t.id)
              ->  Seq Scan on cast_info ci  (cost=0.00..796071.18 rows=590968 width=42) (actual time=9542.685..14951.119 rows=192021 loops=1)
                    Filter: ((person_id < 431556) AND (role_id > 9))
                    Rows Removed by Filter: 36052323
              ->  Hash  (cost=67604.59..67604.59 rows=1540800 width=94) (actual time=2388.794..2388.794 rows=1543264 loops=1)
                    Buckets: 32768  Batches: 64  Memory Usage: 3011kB
                    ->  Seq Scan on title t  (cost=0.00..67604.59 rows=1540800 width=94) (actual time=0.025..1457.355 rows=1543264 loops=1)
                          Filter: (kind_id = 7)
                          Rows Removed by Filter: 985048
Planning time: 1.423 ms
Execution time: 19512.832 ms
