Hash Join  (cost=83600.04..119757.81 rows=179121 width=0) (actual time=1553.812..2557.965 rows=312465 loops=1)
  Hash Cond: (mi_idx.movie_id = t.id)
  ->  Seq Scan on movie_info_idx mi_idx  (cost=0.00..25185.44 rows=464566 width=4) (actual time=0.014..496.826 rows=459925 loops=1)
        Filter: (info_type_id = 101)
        Rows Removed by Filter: 920110
  ->  Hash  (cost=67604.59..67604.59 rows=974916 width=4) (actual time=1552.889..1552.889 rows=972448 loops=1)
        Buckets: 131072  Batches: 16  Memory Usage: 3160kB
        ->  Seq Scan on title t  (cost=0.00..67604.59 rows=974916 width=4) (actual time=0.034..1243.962 rows=972448 loops=1)
              Filter: (kind_id < 6)
              Rows Removed by Filter: 1555864
Planning time: 0.740 ms
Execution time: 2592.124 ms
