Hash Join  (cost=102767.86..175841.79 rows=218892 width=0) (actual time=1906.678..3241.686 rows=101680 loops=1)
  Hash Cond: (mc.movie_id = t.id)
  ->  Seq Scan on movie_companies mc  (cost=0.00..57926.93 rows=218892 width=4) (actual time=0.031..898.796 rows=101680 loops=1)
        Filter: ((company_id < 305) AND (company_type_id = 2))
        Rows Removed by Filter: 2507449
  ->  Hash  (cost=61283.27..61283.27 rows=2528527 width=4) (actual time=1904.600..1904.600 rows=2528312 loops=1)
        Buckets: 131072  Batches: 64  Memory Usage: 2415kB
        ->  Seq Scan on title t  (cost=0.00..61283.27 rows=2528527 width=4) (actual time=0.017..1034.130 rows=2528312 loops=1)
Planning time: 0.744 ms
Execution time: 3252.505 ms
