Hash Join  (cost=160886.73..525763.12 rows=22048 width=0) (actual time=2922.958..10454.697 rows=81674 loops=1)
  Hash Cond: (mi.movie_id = t.id)
  ->  Seq Scan on movie_info mi  (cost=0.00..309384.22 rows=14739122 width=4) (actual time=0.016..4372.920 rows=14835720 loops=1)
  ->  Hash  (cost=160839.46..160839.46 rows=3782 width=8) (actual time=2921.893..2921.893 rows=5456 loops=1)
        Buckets: 8192 (originally 4096)  Batches: 1 (originally 1)  Memory Usage: 278kB
        ->  Hash Join  (cost=78335.05..160839.46 rows=3782 width=8) (actual time=1328.218..2919.740 rows=5456 loops=1)
              Hash Cond: (mk.movie_id = t.id)
              ->  Seq Scan on movie_keyword mk  (cost=0.00..81003.12 rows=35588 width=4) (actual time=0.040..1161.288 rows=34710 loops=1)
                    Filter: (keyword_id = 2488)
                    Rows Removed by Filter: 4489220
              ->  Hash  (cost=73925.90..73925.90 rows=268732 width=4) (actual time=1326.206..1326.206 rows=226985 loops=1)
                    Buckets: 131072  Batches: 4  Memory Usage: 3028kB
                    ->  Seq Scan on title t  (cost=0.00..73925.90 rows=268732 width=4) (actual time=0.028..1247.692 rows=226985 loops=1)
                          Filter: ((kind_id < 4) AND (production_year > 2007))
                          Rows Removed by Filter: 2301327
Planning time: 2.501 ms
Execution time: 10469.019 ms
