Hash Join  (cost=73994.33..155131.68 rows=77 width=0) (actual time=1404.222..1656.019 rows=1 loops=1)
  Hash Cond: (mk.movie_id = t.id)
  ->  Seq Scan on movie_keyword mk  (cost=0.00..81003.12 rows=35588 width=4) (actual time=0.089..507.446 rows=34710 loops=1)
        Filter: (keyword_id = 2488)
        Rows Removed by Filter: 4489220
  ->  Hash  (cost=73925.90..73925.90 rows=5474 width=4) (actual time=1142.116..1142.116 rows=5700 loops=1)
        Buckets: 8192  Batches: 1  Memory Usage: 265kB
        ->  Seq Scan on title t  (cost=0.00..73925.90 rows=5474 width=4) (actual time=0.077..1139.136 rows=5700 loops=1)
              Filter: ((kind_id > 1) AND (production_year = 1956))
              Rows Removed by Filter: 2522612
Planning time: 0.786 ms
Execution time: 1656.113 ms
