Nested Loop  (cost=0.43..709671.90 rows=500 width=0) (actual time=182.001..10005.846 rows=215 loops=1)
  ->  Seq Scan on cast_info ci  (cost=0.00..705507.15 rows=500 width=4) (actual time=181.918..10003.637 rows=215 loops=1)
        Filter: (person_id = 3471846)
        Rows Removed by Filter: 36244129
  ->  Index Only Scan using title_pkey on title t  (cost=0.43..8.32 rows=1 width=4) (actual time=0.010..0.010 rows=1 loops=215)
        Index Cond: (id = ci.movie_id)
        Heap Fetches: 215
Planning time: 0.875 ms
Execution time: 10005.954 ms
