Hash Join  (cost=201055.03..1195999.46 rows=1700695 width=0) (actual time=3831.264..32409.543 rows=6008027 loops=1)
  Hash Cond: (ci.movie_id = t.id)
  ->  Seq Scan on cast_info ci  (cost=0.00..705507.15 rows=23499554 width=4) (actual time=0.017..16321.374 rows=23573656 loops=1)
        Filter: (role_id > 1)
        Rows Removed by Filter: 12670688
  ->  Hash  (cost=198052.62..198052.62 rows=182993 width=8) (actual time=3830.472..3830.472 rows=184563 loops=1)
        Buckets: 131072  Batches: 4  Memory Usage: 2835kB
        ->  Hash Join  (cost=102767.86..198052.62 rows=182993 width=8) (actual time=1930.481..3774.429 rows=184563 loops=1)
              Hash Cond: (mk.movie_id = t.id)
              ->  Seq Scan on movie_keyword mk  (cost=0.00..81003.12 rows=182993 width=4) (actual time=0.014..1277.428 rows=184563 loops=1)
                    Filter: (keyword_id > 71486)
                    Rows Removed by Filter: 4339367
              ->  Hash  (cost=61283.27..61283.27 rows=2528527 width=4) (actual time=1927.059..1927.059 rows=2528312 loops=1)
                    Buckets: 131072  Batches: 64  Memory Usage: 2425kB
                    ->  Seq Scan on title t  (cost=0.00..61283.27 rows=2528527 width=4) (actual time=0.011..1044.862 rows=2528312 loops=1)
Planning time: 0.790 ms
Execution time: 33119.198 ms
