Hash Join  (cost=460491.44..1565169.30 rows=6899263 width=0) (actual time=7989.254..40449.113 rows=7828314 loops=1)
  Hash Cond: (ci.movie_id = t.id)
  ->  Seq Scan on cast_info ci  (cost=0.00..614943.12 rows=36225612 width=4) (actual time=0.028..13054.860 rows=36244344 loops=1)
  ->  Hash  (cost=452589.88..452589.88 rows=481565 width=8) (actual time=7988.366..7988.366 rows=390633 loops=1)
        Buckets: 131072  Batches: 8  Memory Usage: 2913kB
        ->  Hash Join  (cost=82423.69..452589.88 rows=481565 width=8) (actual time=1447.359..7858.022 rows=390633 loops=1)
              Hash Cond: (mi.movie_id = t.id)
              ->  Seq Scan on movie_info mi  (cost=0.00..346232.03 rows=1348138 width=4) (actual time=0.046..5442.949 rows=1298989 loops=1)
                    Filter: (info_type_id = 4)
                    Rows Removed by Filter: 13536731
              ->  Hash  (cost=67604.59..67604.59 rows=903208 width=4) (actual time=1446.336..1446.336 rows=904491 loops=1)
                    Buckets: 131072  Batches: 16  Memory Usage: 3017kB
                    ->  Seq Scan on title t  (cost=0.00..67604.59 rows=903208 width=4) (actual time=0.014..1153.217 rows=904491 loops=1)
                          Filter: (production_year > 2006)
                          Rows Removed by Filter: 1623821
Planning time: 1.314 ms
Execution time: 41276.548 ms
