Hash Join  (cost=98595.81..203777.68 rows=1949193 width=0) (actual time=2000.013..5182.003 rows=1668803 loops=1)
  Hash Cond: (mc.movie_id = t.id)
  ->  Seq Scan on movie_companies mc  (cost=0.00..44881.29 rows=2609129 width=4) (actual time=0.015..982.049 rows=2609129 loops=1)
  ->  Hash  (cost=67604.59..67604.59 rows=1888978 width=4) (actual time=1999.085..1999.085 rows=1887769 loops=1)
        Buckets: 131072  Batches: 32  Memory Usage: 3106kB
        ->  Seq Scan on title t  (cost=0.00..67604.59 rows=1888978 width=4) (actual time=0.011..1371.760 rows=1887769 loops=1)
              Filter: (production_year > 1983)
              Rows Removed by Filter: 640543
Planning time: 0.765 ms
Execution time: 5385.760 ms
