Seq Scan on movie_keyword mk  (cost=0.00..81003.12 rows=216322 width=0) (actual time=0.014..1178.846 rows=217951 loops=1)
  Filter: (keyword_id > 65114)
  Rows Removed by Filter: 4305979
Planning time: 0.329 ms
Execution time: 1206.617 ms
