Hash Join  (cost=86138.21..224365.72 rows=1331748 width=0) (actual time=1820.679..5390.224 rows=570736 loops=1)
  Hash Cond: (mk.movie_id = t.id)
  ->  Seq Scan on movie_keyword mk  (cost=0.00..69693.30 rows=4523930 width=4) (actual time=0.013..1473.463 rows=4523930 loops=1)
  ->  Hash  (cost=73925.90..73925.90 rows=744344 width=4) (actual time=1819.662..1819.662 rows=796638 loops=1)
        Buckets: 131072  Batches: 16  Memory Usage: 2785kB
        ->  Seq Scan on title t  (cost=0.00..73925.90 rows=744344 width=4) (actual time=0.016..1290.402 rows=796638 loops=1)
              Filter: ((kind_id > 1) AND (production_year > 2005))
              Rows Removed by Filter: 1731674
Planning time: 0.727 ms
Execution time: 5452.049 ms
