Seq Scan on movie_keyword mk  (cost=0.00..81003.12 rows=3189488 width=0) (actual time=0.014..1496.700 rows=3175970 loops=1)
  Filter: (keyword_id < 12621)
  Rows Removed by Filter: 1347960
Planning time: 0.322 ms
Execution time: 1894.957 ms
