Seq Scan on movie_keyword mk  (cost=0.00..81003.12 rows=246 width=0) (actual time=24.458..1283.381 rows=3 loops=1)
  Filter: (keyword_id = 104095)
  Rows Removed by Filter: 4523927
Planning time: 0.389 ms
Execution time: 1283.466 ms
