Hash Join  (cost=108307.15..196326.04 rows=136085 width=0) (actual time=2068.897..4603.321 rows=831680 loops=1)
  Hash Cond: (mk.movie_id = t.id)
  ->  Seq Scan on movie_keyword mk  (cost=0.00..69693.30 rows=4523930 width=4) (actual time=0.012..1030.437 rows=4523930 loops=1)
  ->  Hash  (cost=107356.39..107356.39 rows=76061 width=8) (actual time=2067.928..2067.928 rows=81924 loops=1)
        Buckets: 131072 (originally 131072)  Batches: 2 (originally 1)  Memory Usage: 3073kB
        ->  Hash Join  (cost=74449.67..107356.39 rows=76061 width=8) (actual time=1226.399..2030.675 rows=81924 loops=1)
              Hash Cond: (mi_idx.movie_id = t.id)
              ->  Seq Scan on movie_info_idx mi_idx  (cost=0.00..25185.44 rows=460978 width=4) (actual time=0.019..461.283 rows=459925 loops=1)
                    Filter: (info_type_id < 100)
                    Rows Removed by Filter: 920110
              ->  Hash  (cost=67604.59..67604.59 rows=417207 width=4) (actual time=1225.606..1225.606 rows=409495 loops=1)
                    Buckets: 131072  Batches: 8  Memory Usage: 2821kB
                    ->  Seq Scan on title t  (cost=0.00..67604.59 rows=417207 width=4) (actual time=0.024..1091.490 rows=409495 loops=1)
                          Filter: (production_year < 1973)
                          Rows Removed by Filter: 2118817
Planning time: 0.787 ms
Execution time: 4688.534 ms
