Hash Join  (cost=93873.33..1012468.02 rows=6119082 width=0) (actual time=8905.141..24380.414 rows=6222150 loops=1)
  Hash Cond: (ci.movie_id = t.id)
  ->  Seq Scan on cast_info ci  (cost=0.00..705507.15 rows=12726058 width=4) (actual time=7091.973..14084.492 rows=12670688 loops=1)
        Filter: (role_id = 1)
        Rows Removed by Filter: 23573656
  ->  Hash  (cost=73925.90..73925.90 rows=1215794 width=4) (actual time=1811.997..1811.997 rows=1301100 loops=1)
        Buckets: 131072  Batches: 16  Memory Usage: 3892kB
        ->  Seq Scan on title t  (cost=0.00..73925.90 rows=1215794 width=4) (actual time=0.026..1423.770 rows=1301100 loops=1)
              Filter: ((production_year > 1976) AND (kind_id = 7))
              Rows Removed by Filter: 1227212
Planning time: 0.813 ms
Execution time: 25127.714 ms
