Seq Scan on movie_keyword mk  (cost=0.00..81003.12 rows=5127 width=0) (actual time=0.097..1232.309 rows=6286 loops=1)
  Filter: (keyword_id = 2276)
  Rows Removed by Filter: 4517644
Planning time: 0.367 ms
Execution time: 1233.920 ms
