Hash Join  (cost=74222.22..101262.08 rows=12938 width=0) (actual time=1087.918..1749.356 rows=12906 loops=1)
  Hash Cond: (mi_idx.movie_id = t.id)
  ->  Seq Scan on movie_info_idx mi_idx  (cost=0.00..21735.35 rows=1380035 width=4) (actual time=0.008..331.340 rows=1380035 loops=1)
  ->  Hash  (cost=73925.90..73925.90 rows=23705 width=4) (actual time=1087.615..1087.615 rows=59846 loops=1)
        Buckets: 65536 (originally 32768)  Batches: 1 (originally 1)  Memory Usage: 2616kB
        ->  Seq Scan on title t  (cost=0.00..73925.90 rows=23705 width=4) (actual time=270.364..1064.835 rows=59846 loops=1)
              Filter: ((kind_id < 7) AND (production_year < 1915))
              Rows Removed by Filter: 2468466
Planning time: 0.823 ms
Execution time: 1751.322 ms
