Seq Scan on movie_companies mc  (cost=0.00..51404.11 rows=104 width=0) (actual time=161.421..834.231 rows=88 loops=1)
  Filter: (company_id = 14032)
  Rows Removed by Filter: 2609041
Planning time: 0.300 ms
Execution time: 834.360 ms
