Nested Loop  (cost=0.43..709674.40 rows=24 width=0) (actual time=6313.916..10773.912 rows=21 loops=1)
  ->  Seq Scan on cast_info ci  (cost=0.00..705507.15 rows=500 width=4) (actual time=1618.187..10770.388 rows=189 loops=1)
        Filter: (person_id = 783509)
        Rows Removed by Filter: 36244155
  ->  Index Scan using title_pkey on title t  (cost=0.43..8.32 rows=1 width=4) (actual time=0.017..0.017 rows=0 loops=189)
        Index Cond: (id = ci.movie_id)
        Filter: ((kind_id > 1) AND (production_year = 2012))
        Rows Removed by Filter: 1
Planning time: 1.841 ms
Execution time: 10774.028 ms
