Seq Scan on cast_info ci  (cost=0.00..705507.15 rows=25047555 width=0) (actual time=0.023..12584.878 rows=25074513 loops=1)
  Filter: (person_id < 2585069)
  Rows Removed by Filter: 11169831
Planning time: 0.601 ms
Execution time: 15493.286 ms
