Hash Join  (cost=95159.82..150305.04 rows=916669 width=0) (actual time=1968.237..3554.961 rows=855351 loops=1)
  Hash Cond: (mi_idx.movie_id = t.id)
  ->  Seq Scan on movie_info_idx mi_idx  (cost=0.00..21735.35 rows=1380035 width=4) (actual time=0.021..427.397 rows=1380035 loops=1)
  ->  Hash  (cost=67604.59..67604.59 rows=1679539 width=4) (actual time=1966.871..1966.871 rows=1673541 loops=1)
        Buckets: 131072  Batches: 32  Memory Usage: 2866kB
        ->  Seq Scan on title t  (cost=0.00..67604.59 rows=1679539 width=4) (actual time=0.018..1434.830 rows=1673541 loops=1)
              Filter: (production_year > 1993)
              Rows Removed by Filter: 854771
Planning time: 2.171 ms
Execution time: 3654.991 ms
