Hash Join  (cost=305368.38..1003465.43 rows=14568621 width=0) (actual time=6279.780..21873.176 rows=6147152 loops=1)
  Hash Cond: (mi.movie_id = t.id)
  ->  Seq Scan on movie_info mi  (cost=0.00..346232.03 rows=13926693 width=4) (actual time=0.017..7280.670 rows=13963496 loops=1)
        Filter: (info_type_id < 98)
        Rows Removed by Filter: 872224
  ->  Hash  (cost=261971.94..261971.94 rows=2645075 width=8) (actual time=6260.158..6260.158 rows=645461 loops=1)
        Buckets: 131072  Batches: 64  Memory Usage: 1408kB
        ->  Hash Join  (cost=92883.59..261971.94 rows=2645075 width=8) (actual time=3728.368..6096.832 rows=645461 loops=1)
              Hash Cond: (mk.movie_id = t.id)
              ->  Seq Scan on movie_keyword mk  (cost=0.00..81003.12 rows=4340696 width=4) (actual time=0.018..1805.056 rows=4336420 loops=1)
                    Filter: (keyword_id < 71440)
                    Rows Removed by Filter: 187510
              ->  Hash  (cost=67604.59..67604.59 rows=1540800 width=4) (actual time=2127.303..2127.303 rows=1543264 loops=1)
                    Buckets: 131072  Batches: 32  Memory Usage: 2728kB
                    ->  Seq Scan on title t  (cost=0.00..67604.59 rows=1540800 width=4) (actual time=0.021..1222.491 rows=1543264 loops=1)
                          Filter: (kind_id = 7)
                          Rows Removed by Filter: 985048
Planning time: 1.213 ms
Execution time: 22519.374 ms
