Seq Scan on movie_keyword mk  (cost=0.00..81003.12 rows=4075426 width=0) (actual time=0.023..1533.710 rows=4076470 loops=1)
  Filter: (keyword_id < 39658)
  Rows Removed by Filter: 447460
Planning time: 0.340 ms
Execution time: 2017.185 ms
