Hash Join  (cost=182495.09..237624.78 rows=46417 width=0) (actual time=3436.549..4830.770 rows=210339 loops=1)
  Hash Cond: (mc.movie_id = t.id)
  ->  Seq Scan on movie_companies mc  (cost=0.00..44881.29 rows=2609129 width=4) (actual time=0.018..672.802 rows=2609129 loops=1)
  ->  Hash  (cost=181932.80..181932.80 rows=44983 width=8) (actual time=3436.159..3436.159 rows=41712 loops=1)
        Buckets: 65536  Batches: 1  Memory Usage: 2142kB
        ->  Hash Join  (cost=93408.25..181932.80 rows=44983 width=8) (actual time=1836.675..3420.942 rows=41712 loops=1)
              Hash Cond: (mk.movie_id = t.id)
              ->  Seq Scan on movie_keyword mk  (cost=0.00..81003.12 rows=72319 width=4) (actual time=0.023..1266.143 rows=75008 loops=1)
                    Filter: (keyword_id < 70)
                    Rows Removed by Filter: 4448922
              ->  Hash  (cost=67604.59..67604.59 rows=1572773 width=4) (actual time=1828.397..1828.397 rows=1570568 loops=1)
                    Buckets: 131072  Batches: 32  Memory Usage: 2759kB
                    ->  Seq Scan on title t  (cost=0.00..67604.59 rows=1572773 width=4) (actual time=0.013..1311.652 rows=1570568 loops=1)
                          Filter: (production_year > 1996)
                          Rows Removed by Filter: 957744
Planning time: 3.242 ms
Execution time: 4857.976 ms
