Seq Scan on movie_keyword mk  (cost=0.00..81003.12 rows=2522938 width=0) (actual time=0.027..1397.421 rows=2511879 loops=1)
  Filter: (keyword_id < 6209)
  Rows Removed by Filter: 2012051
Planning time: 0.314 ms
Execution time: 1699.564 ms
