Hash Join  (cost=130449.24..482511.65 rows=1764 width=0) (actual time=4862.368..7160.543 rows=4878 loops=1)
  Hash Cond: (mi.movie_id = t.id)
  ->  Seq Scan on movie_info mi  (cost=0.00..346232.03 rows=1550064 width=4) (actual time=3217.194..5265.083 rows=1533909 loops=1)
        Filter: (info_type_id = 3)
        Rows Removed by Filter: 13301811
  ->  Hash  (cost=130413.27..130413.27 rows=2878 width=8) (actual time=1644.939..1644.939 rows=6807 loops=1)
        Buckets: 8192 (originally 4096)  Batches: 1 (originally 1)  Memory Usage: 330kB
        ->  Hash Join  (cost=73994.33..130413.27 rows=2878 width=8) (actual time=1109.267..1643.165 rows=6807 loops=1)
              Hash Cond: (mc.movie_id = t.id)
              ->  Seq Scan on movie_companies mc  (cost=0.00..51404.11 rows=1329612 width=4) (actual time=223.015..611.125 rows=1334883 loops=1)
                    Filter: (company_type_id = 2)
                    Rows Removed by Filter: 1274246
              ->  Hash  (cost=73925.90..73925.90 rows=5474 width=4) (actual time=886.024..886.024 rows=15440 loops=1)
                    Buckets: 16384 (originally 8192)  Batches: 1 (originally 1)  Memory Usage: 671kB
                    ->  Seq Scan on title t  (cost=0.00..73925.90 rows=5474 width=4) (actual time=0.086..879.828 rows=15440 loops=1)
                          Filter: ((kind_id > 1) AND (production_year = 1987))
                          Rows Removed by Filter: 2512872
Planning time: 4.588 ms
Execution time: 7161.657 ms
