Seq Scan on movie_keyword mk  (cost=0.00..81003.12 rows=246 width=0) (actual time=42.403..1228.265 rows=48 loops=1)
  Filter: (keyword_id = 46785)
  Rows Removed by Filter: 4523882
Planning time: 0.738 ms
Execution time: 1228.379 ms
