Hash Join  (cost=79775.76..211368.81 rows=534760 width=0) (actual time=1374.644..5444.782 rows=1757435 loops=1)
  Hash Cond: (mk.movie_id = t.id)
  ->  Seq Scan on movie_keyword mk  (cost=0.00..81003.12 rows=3792354 width=4) (actual time=0.014..1763.542 rows=3784506 loops=1)
        Filter: (keyword_id < 25417)
        Rows Removed by Filter: 739424
  ->  Hash  (cost=73925.90..73925.90 rows=356548 width=4) (actual time=1373.756..1373.756 rows=424572 loops=1)
        Buckets: 131072  Batches: 8  Memory Usage: 2905kB
        ->  Seq Scan on title t  (cost=0.00..73925.90 rows=356548 width=4) (actual time=0.010..1239.831 rows=424572 loops=1)
              Filter: ((production_year < 2005) AND (kind_id = 1))
              Rows Removed by Filter: 2103740
Planning time: 0.573 ms
Execution time: 5660.034 ms
