Seq Scan on cast_info ci  (cost=0.00..796071.18 rows=11877684 width=0) (actual time=2822.662..16017.498 rows=10985645 loops=1)
  Filter: ((person_id > 229242) AND (role_id = 1))
  Rows Removed by Filter: 25258699
Planning time: 0.406 ms
Execution time: 17343.016 ms
