Hash Join  (cost=494587.01..616125.40 rows=946872 width=0) (actual time=8461.207..11237.984 rows=477550 loops=1)
  Hash Cond: (mk.movie_id = t.id)
  ->  Seq Scan on movie_keyword mk  (cost=0.00..81003.12 rows=2341211 width=4) (actual time=0.021..1667.004 rows=2341344 loops=1)
        Filter: (keyword_id < 5198)
        Rows Removed by Filter: 2182586
  ->  Hash  (cost=477809.15..477809.15 rows=1022629 width=8) (actual time=8460.251..8460.251 rows=203472 loops=1)
        Buckets: 131072  Batches: 16  Memory Usage: 1535kB
        ->  Hash Join  (cost=94973.51..477809.15 rows=1022629 width=8) (actual time=4968.795..8401.569 rows=203472 loops=1)
              Hash Cond: (mi.movie_id = t.id)
              ->  Seq Scan on movie_info mi  (cost=0.00..346232.03 rows=1550064 width=4) (actual time=3152.833..5580.889 rows=1533909 loops=1)
                    Filter: (info_type_id = 3)
                    Rows Removed by Filter: 13301811
              ->  Hash  (cost=67604.59..67604.59 rows=1668154 width=4) (actual time=1812.986..1812.986 rows=1674098 loops=1)
                    Buckets: 131072  Batches: 32  Memory Usage: 2875kB
                    ->  Seq Scan on title t  (cost=0.00..67604.59 rows=1668154 width=4) (actual time=0.036..1268.396 rows=1674098 loops=1)
                          Filter: (kind_id > 3)
                          Rows Removed by Filter: 854214
Planning time: 1.183 ms
Execution time: 11288.804 ms
