Hash Join  (cost=190230.21..1265725.46 rows=11691374 width=0) (actual time=4796.208..36505.157 rows=23597898 loops=1)
  Hash Cond: (ci.movie_id = t.id)
  ->  Seq Scan on cast_info ci  (cost=0.00..705507.15 rows=21421163 width=4) (actual time=0.019..14167.529 rows=21536867 loops=1)
        Filter: (person_id > 1450121)
        Rows Removed by Filter: 14707477
  ->  Hash  (cost=167588.78..167588.78 rows=1380035 width=8) (actual time=4794.717..4794.717 rows=1380035 loops=1)
        Buckets: 131072  Batches: 32  Memory Usage: 2708kB
        ->  Hash Join  (cost=102767.86..167588.78 rows=1380035 width=8) (actual time=2059.595..4404.069 rows=1380035 loops=1)
              Hash Cond: (mi_idx.movie_id = t.id)
              ->  Seq Scan on movie_info_idx mi_idx  (cost=0.00..21735.35 rows=1380035 width=4) (actual time=0.011..543.617 rows=1380035 loops=1)
              ->  Hash  (cost=61283.27..61283.27 rows=2528527 width=4) (actual time=2057.549..2057.549 rows=2528312 loops=1)
                    Buckets: 131072  Batches: 64  Memory Usage: 2415kB
                    ->  Seq Scan on title t  (cost=0.00..61283.27 rows=2528527 width=4) (actual time=0.024..1205.299 rows=2528312 loops=1)
Planning time: 2.412 ms
Execution time: 39279.414 ms
