Hash Join  (cost=75519.28..1123609.44 rows=1390699 width=0) (actual time=1143.687..25827.760 rows=10231 loops=1)
  Hash Cond: (ci.movie_id = t.id)
  ->  Seq Scan on cast_info ci  (cost=0.00..614943.12 rows=36225612 width=4) (actual time=0.020..12835.684 rows=36244344 loops=1)
  ->  Hash  (cost=73925.90..73925.90 rows=97070 width=4) (actual time=1121.059..1121.059 rows=1972 loops=1)
        Buckets: 131072  Batches: 2  Memory Usage: 1058kB
        ->  Seq Scan on title t  (cost=0.00..73925.90 rows=97070 width=4) (actual time=1.478..1119.904 rows=1972 loops=1)
              Filter: ((production_year < 1950) AND (kind_id = 7))
              Rows Removed by Filter: 2526340
Planning time: 0.784 ms
Execution time: 25830.479 ms
