Hash Join  (cost=126576.45..619106.05 rows=1192367 width=0) (actual time=2842.865..17233.819 rows=8369608 loops=1)
  Hash Cond: (mi.movie_id = t.id)
  ->  Seq Scan on movie_info mi  (cost=0.00..309384.22 rows=14739122 width=4) (actual time=0.017..6019.653 rows=14835720 loops=1)
  ->  Hash  (cost=123219.54..123219.54 rows=204553 width=8) (actual time=2841.774..2841.774 rows=452642 loops=1)
        Buckets: 131072 (originally 131072)  Batches: 8 (originally 4)  Memory Usage: 3263kB
        ->  Hash Join  (cost=83198.94..123219.54 rows=204553 width=8) (actual time=1442.016..2705.550 rows=452642 loops=1)
              Hash Cond: (mi_idx.movie_id = t.id)
              ->  Seq Scan on movie_info_idx mi_idx  (cost=0.00..25185.44 rows=915101 width=4) (actual time=0.016..577.638 rows=919850 loops=1)
                    Filter: (info_type_id < 101)
                    Rows Removed by Filter: 460185
              ->  Hash  (cost=73925.90..73925.90 rows=565203 width=4) (actual time=1441.171..1441.171 rows=641785 loops=1)
                    Buckets: 131072  Batches: 8  Memory Usage: 3862kB
                    ->  Seq Scan on title t  (cost=0.00..73925.90 rows=565203 width=4) (actual time=0.033..1237.299 rows=641785 loops=1)
                          Filter: ((kind_id < 7) AND (production_year < 2006))
                          Rows Removed by Filter: 1886527
Planning time: 1.200 ms
Execution time: 18071.114 ms
