Nested Loop  (cost=0.43..52284.21 rows=33 width=0) (actual time=418.103..805.387 rows=4 loops=1)
  ->  Seq Scan on movie_companies mc  (cost=0.00..51404.11 rows=104 width=4) (actual time=418.034..805.163 rows=4 loops=1)
        Filter: (company_id = 32067)
        Rows Removed by Filter: 2609125
  ->  Index Scan using title_pkey on title t  (cost=0.43..8.45 rows=1 width=4) (actual time=0.048..0.049 rows=1 loops=4)
        Index Cond: (id = mc.movie_id)
        Filter: ((kind_id < 4) AND (production_year > 1916))
Planning time: 0.825 ms
Execution time: 805.519 ms
