Seq Scan on cast_info ci  (cost=0.00..705507.15 rows=34746370 width=0) (actual time=0.018..14077.621 rows=34759260 loops=1)
  Filter: (person_id < 3769645)
  Rows Removed by Filter: 1485084
Planning time: 0.233 ms
Execution time: 18415.039 ms
