Hash Join  (cost=67976.49..149270.64 rows=885 width=0) (actual time=1068.001..2447.910 rows=1842 loops=1)
  Hash Cond: (mk.movie_id = t.id)
  ->  Seq Scan on movie_keyword mk  (cost=0.00..81003.12 rows=75248 width=4) (actual time=0.031..1350.229 rows=72496 loops=1)
        Filter: (keyword_id = 335)
        Rows Removed by Filter: 4451434
  ->  Hash  (cost=67604.59..67604.59 rows=29752 width=4) (actual time=1067.385..1067.385 rows=30027 loops=1)
        Buckets: 32768  Batches: 1  Memory Usage: 1312kB
        ->  Seq Scan on title t  (cost=0.00..67604.59 rows=29752 width=4) (actual time=0.009..1054.620 rows=30027 loops=1)
              Filter: (production_year = 1994)
              Rows Removed by Filter: 2498285
Planning time: 0.723 ms
Execution time: 2448.516 ms
