Hash Join  (cost=93851.69..488869.80 rows=30240 width=0) (actual time=1130.502..9989.823 rows=40905 loops=1)
  Hash Cond: (mi.movie_id = t.id)
  ->  Seq Scan on movie_info mi  (cost=0.00..346232.03 rows=12928982 width=4) (actual time=0.017..6707.405 rows=12970088 loops=1)
        Filter: (info_type_id < 18)
        Rows Removed by Filter: 1865632
  ->  Hash  (cost=93777.77..93777.77 rows=5914 width=8) (actual time=1113.105..1113.105 rows=5677 loops=1)
        Buckets: 8192  Batches: 1  Memory Usage: 286kB
        ->  Nested Loop  (cost=0.43..93777.77 rows=5914 width=8) (actual time=1.068..1110.011 rows=5677 loops=1)
              ->  Seq Scan on movie_companies mc  (cost=0.00..51404.11 rows=5914 width=4) (actual time=1.019..928.445 rows=5677 loops=1)
                    Filter: (company_id = 73)
                    Rows Removed by Filter: 2603452
              ->  Index Only Scan using title_pkey on title t  (cost=0.43..7.15 rows=1 width=4) (actual time=0.031..0.031 rows=1 loops=5677)
                    Index Cond: (id = mc.movie_id)
                    Heap Fetches: 5677
Planning time: 1.196 ms
Execution time: 9996.765 ms
