Hash Join  (cost=98137.04..1022779.15 rows=4425702 width=0) (actual time=1971.124..19067.710 rows=2350649 loops=1)
  Hash Cond: (ci.movie_id = t.id)
  ->  Seq Scan on cast_info ci  (cost=0.00..796071.18 rows=6013182 width=4) (actual time=0.017..14145.371 rows=3558722 loops=1)
        Filter: ((person_id < 1752852) AND (role_id > 3))
        Rows Removed by Filter: 32685622
  ->  Hash  (cost=67604.59..67604.59 rows=1860996 width=4) (actual time=1969.360..1969.360 rows=1865487 loops=1)
        Buckets: 131072  Batches: 32  Memory Usage: 3079kB
        ->  Seq Scan on title t  (cost=0.00..67604.59 rows=1860996 width=4) (actual time=0.024..1363.339 rows=1865487 loops=1)
              Filter: (kind_id > 1)
              Rows Removed by Filter: 662825
Planning time: 0.801 ms
Execution time: 19319.549 ms
