Seq Scan on movie_keyword mk  (cost=0.00..81003.12 rows=246 width=0) (actual time=103.237..1404.657 rows=9 loops=1)
  Filter: (keyword_id = 38390)
  Rows Removed by Filter: 4523921
Planning time: 0.418 ms
Execution time: 1404.755 ms
