Hash Join  (cost=102767.86..207801.69 rows=1818198 width=0) (actual time=2329.267..5171.092 rows=1811150 loops=1)
  Hash Cond: (mc.movie_id = t.id)
  ->  Seq Scan on movie_companies mc  (cost=0.00..51404.11 rows=1818198 width=4) (actual time=0.022..1109.985 rows=1811150 loops=1)
        Filter: (company_id < 30705)
        Rows Removed by Filter: 797979
  ->  Hash  (cost=61283.27..61283.27 rows=2528527 width=4) (actual time=2328.249..2328.249 rows=2528312 loops=1)
        Buckets: 131072  Batches: 64  Memory Usage: 2415kB
        ->  Seq Scan on title t  (cost=0.00..61283.27 rows=2528527 width=4) (actual time=0.015..1231.969 rows=2528312 loops=1)
Planning time: 0.758 ms
Execution time: 5371.938 ms
