Seq Scan on movie_keyword mk  (cost=0.00..81003.12 rows=246 width=0) (actual time=149.668..1323.116 rows=64 loops=1)
  Filter: (keyword_id = 47146)
  Rows Removed by Filter: 4523866
Planning time: 0.379 ms
Execution time: 1323.256 ms
