Seq Scan on movie_companies mc  (cost=0.00..51404.11 rows=290704 width=0) (actual time=0.041..912.403 rows=285317 loops=1)
  Filter: (company_id < 159)
  Rows Removed by Filter: 2323812
Planning time: 0.291 ms
Execution time: 950.187 ms
