Seq Scan on movie_keyword mk  (cost=0.00..81003.12 rows=246 width=0) (actual time=4.527..1257.960 rows=382 loops=1)
  Filter: (keyword_id = 463)
  Rows Removed by Filter: 4523548
Planning time: 0.361 ms
Execution time: 1258.263 ms
