Hash Join  (cost=80042.24..184485.47 rows=421626 width=0) (actual time=1333.939..3890.315 rows=921606 loops=1)
  Hash Cond: (mk.movie_id = t.id)
  ->  Seq Scan on movie_keyword mk  (cost=0.00..81003.12 rows=1406359 width=4) (actual time=0.020..1542.310 rows=1419996 loops=1)
        Filter: (keyword_id > 11755)
        Rows Removed by Filter: 3103934
  ->  Hash  (cost=67604.59..67604.59 rows=758052 width=4) (actual time=1332.689..1332.689 rows=753677 loops=1)
        Buckets: 131072  Batches: 16  Memory Usage: 2686kB
        ->  Seq Scan on title t  (cost=0.00..67604.59 rows=758052 width=4) (actual time=0.019..1086.112 rows=753677 loops=1)
              Filter: (kind_id < 3)
              Rows Removed by Filter: 1774635
Planning time: 0.637 ms
Execution time: 4000.880 ms
