Hash Join  (cost=325203.63..1713466.20 rows=32918102 width=0) (actual time=9008.165..64542.534 rows=121556656 loops=1)
  Hash Cond: (ci.movie_id = t.id)
  ->  Seq Scan on cast_info ci  (cost=0.00..705507.15 rows=24187100 width=4) (actual time=0.011..15556.717 rows=24291232 loops=1)
        Filter: (person_id > 1175928)
        Rows Removed by Filter: 11953112
  ->  Hash  (cost=268744.77..268744.77 rows=3441269 width=8) (actual time=9005.598..9005.598 rows=4024094 loops=1)
        Buckets: 131072  Batches: 64  Memory Usage: 3493kB
        ->  Hash Join  (cost=99161.12..268744.77 rows=3441269 width=8) (actual time=1986.712..7334.040 rows=4024094 loops=1)
              Hash Cond: (mk.movie_id = t.id)
              ->  Seq Scan on movie_keyword mk  (cost=0.00..69693.30 rows=4523930 width=4) (actual time=0.020..1357.849 rows=4523930 loops=1)
              ->  Hash  (cost=67604.59..67604.59 rows=1923403 width=4) (actual time=1984.734..1984.734 rows=1922849 loops=1)
                    Buckets: 131072  Batches: 32  Memory Usage: 3141kB
                    ->  Seq Scan on title t  (cost=0.00..67604.59 rows=1923403 width=4) (actual time=0.021..1347.899 rows=1922849 loops=1)
                          Filter: (production_year < 2010)
                          Rows Removed by Filter: 605463
Planning time: 1.163 ms
Execution time: 76900.720 ms
