Hash Join  (cost=102767.86..196813.92 rows=1090531 width=0) (actual time=2401.870..4889.066 rows=980308 loops=1)
  Hash Cond: (mc.movie_id = t.id)
  ->  Seq Scan on movie_companies mc  (cost=0.00..57926.93 rows=1090531 width=4) (actual time=0.014..1372.428 rows=980308 loops=1)
        Filter: ((company_id > 225) AND (company_type_id < 2))
        Rows Removed by Filter: 1628821
  ->  Hash  (cost=61283.27..61283.27 rows=2528527 width=4) (actual time=2400.572..2400.572 rows=2528312 loops=1)
        Buckets: 131072  Batches: 64  Memory Usage: 2415kB
        ->  Seq Scan on title t  (cost=0.00..61283.27 rows=2528527 width=4) (actual time=0.017..1244.266 rows=2528312 loops=1)
Planning time: 1.337 ms
Execution time: 4995.836 ms
