Hash Join  (cost=223040.62..1330720.03 rows=9417287 width=0) (actual time=4977.387..40829.590 rows=19698421 loops=1)
  Hash Cond: (ci.movie_id = t.id)
  ->  Seq Scan on cast_info ci  (cost=0.00..796071.18 rows=18367031 width=4) (actual time=0.019..18575.516 rows=21409721 loops=1)
        Filter: ((person_id > 758734) AND (role_id > 1))
        Rows Removed by Filter: 14834623
  ->  Hash  (cost=201770.04..201770.04 rows=1296446 width=8) (actual time=4976.702..4976.702 rows=1327562 loops=1)
        Buckets: 131072  Batches: 32  Memory Usage: 2631kB
        ->  Hash Join  (cost=102767.86..201770.04 rows=1296446 width=8) (actual time=2370.008..4647.355 rows=1327562 loops=1)
              Hash Cond: (mc.movie_id = t.id)
              ->  Seq Scan on movie_companies mc  (cost=0.00..57926.93 rows=1296446 width=4) (actual time=385.906..1306.375 rows=1327562 loops=1)
                    Filter: ((company_id > 6) AND (company_type_id > 1))
                    Rows Removed by Filter: 1281567
              ->  Hash  (cost=61283.27..61283.27 rows=2528527 width=4) (actual time=1982.800..1982.800 rows=2528312 loops=1)
                    Buckets: 131072  Batches: 64  Memory Usage: 2415kB
                    ->  Seq Scan on title t  (cost=0.00..61283.27 rows=2528527 width=4) (actual time=0.015..1156.004 rows=2528312 loops=1)
Planning time: 1.843 ms
Execution time: 43016.208 ms
