Hash Join  (cost=133911.18..887821.86 rows=312152 width=0) (actual time=1647.415..20909.633 rows=376887 loops=1)
  Hash Cond: (ci.movie_id = t.id)
  ->  Seq Scan on cast_info ci  (cost=0.00..614943.12 rows=36225612 width=4) (actual time=0.021..8970.101 rows=36244344 loops=1)
  ->  Hash  (cost=133638.83..133638.83 rows=21788 width=8) (actual time=1647.134..1647.134 rows=26900 loops=1)
        Buckets: 32768  Batches: 1  Memory Usage: 1307kB
        ->  Hash Join  (cost=69484.36..133638.83 rows=21788 width=8) (actual time=841.271..1637.924 rows=26900 loops=1)
              Hash Cond: (mc.movie_id = t.id)
              ->  Seq Scan on movie_companies mc  (cost=0.00..57926.93 rows=480974 width=4) (actual time=0.021..711.720 rows=177480 loops=1)
                    Filter: ((company_id > 16987) AND (company_type_id = 1))
                    Rows Removed by Filter: 2431649
              ->  Hash  (cost=67604.59..67604.59 rows=114542 width=4) (actual time=840.532..840.532 rows=118234 loops=1)
                    Buckets: 131072  Batches: 2  Memory Usage: 3101kB
                    ->  Seq Scan on title t  (cost=0.00..67604.59 rows=114542 width=4) (actual time=412.994..802.668 rows=118234 loops=1)
                          Filter: (kind_id = 4)
                          Rows Removed by Filter: 2410078
Planning time: 1.141 ms
Execution time: 20969.154 ms
