Seq Scan on movie_companies mc  (cost=0.00..57926.93 rows=101076 width=0) (actual time=68.149..740.100 rows=199688 loops=1)
  Filter: ((company_id > 113532) AND (company_type_id > 1))
  Rows Removed by Filter: 2409441
Planning time: 0.351 ms
Execution time: 765.782 ms
