Hash Join  (cost=172022.87..538990.34 rows=231154 width=0) (actual time=3079.404..10287.614 rows=831878 loops=1)
  Hash Cond: (mi.movie_id = t.id)
  ->  Seq Scan on movie_info mi  (cost=0.00..309384.22 rows=14739122 width=4) (actual time=0.021..3255.590 rows=14835720 loops=1)
  ->  Hash  (cost=171527.19..171527.19 rows=39655 width=8) (actual time=3079.029..3079.029 rows=66520 loops=1)
        Buckets: 131072 (originally 65536)  Batches: 1 (originally 1)  Memory Usage: 3623kB
        ->  Hash Join  (cost=102767.86..171527.19 rows=39655 width=8) (actual time=1909.024..3054.976 rows=66520 loops=1)
              Hash Cond: (mc.movie_id = t.id)
              ->  Seq Scan on movie_companies mc  (cost=0.00..57926.93 rows=39655 width=4) (actual time=0.084..728.069 rows=66520 loops=1)
                    Filter: ((company_id < 19) AND (company_type_id < 2))
                    Rows Removed by Filter: 2542609
              ->  Hash  (cost=61283.27..61283.27 rows=2528527 width=4) (actual time=1907.549..1907.549 rows=2528312 loops=1)
                    Buckets: 131072  Batches: 64  Memory Usage: 2415kB
                    ->  Seq Scan on title t  (cost=0.00..61283.27 rows=2528527 width=4) (actual time=0.016..1068.481 rows=2528312 loops=1)
Planning time: 1.068 ms
Execution time: 10405.442 ms
