Hash Join  (cost=189633.38..693013.43 rows=2209312 width=0) (actual time=3543.121..16612.460 rows=1852627 loops=1)
  Hash Cond: (mi.movie_id = t.id)
  ->  Seq Scan on movie_info mi  (cost=0.00..309384.22 rows=14739122 width=4) (actual time=0.023..6058.928 rows=14835720 loops=1)
  ->  Hash  (cost=183414.73..183414.73 rows=379012 width=8) (actual time=3537.648..3537.648 rows=78899 loops=1)
        Buckets: 131072  Batches: 8  Memory Usage: 1428kB
        ->  Hash Join  (cost=107183.38..183414.73 rows=379012 width=8) (actual time=2601.131..3511.439 rows=78899 loops=1)
              Hash Cond: (mc.movie_id = t.id)
              ->  Seq Scan on movie_companies mc  (cost=0.00..57926.93 rows=397260 width=4) (actual time=427.677..869.057 rows=79715 loops=1)
                    Filter: ((company_id > 28437) AND (company_type_id < 2))
                    Rows Removed by Filter: 2529414
              ->  Hash  (cost=67604.59..67604.59 rows=2412383 width=4) (actual time=2172.589..2172.589 rows=2404496 loops=1)
                    Buckets: 131072  Batches: 32  Memory Usage: 3666kB
                    ->  Seq Scan on title t  (cost=0.00..67604.59 rows=2412383 width=4) (actual time=0.030..1423.801 rows=2404496 loops=1)
                          Filter: (production_year > 1913)
                          Rows Removed by Filter: 123816
Planning time: 4.651 ms
Execution time: 16830.321 ms
