Nested Loop  (cost=0.43..134757.59 rows=1848 width=0) (actual time=18.548..1439.125 rows=456 loops=1)
  ->  Seq Scan on movie_keyword mk  (cost=0.00..81003.12 rows=7841 width=4) (actual time=0.384..1218.899 rows=7419 loops=1)
        Filter: (keyword_id = 373)
        Rows Removed by Filter: 4516511
  ->  Index Scan using title_pkey on title t  (cost=0.43..6.85 rows=1 width=4) (actual time=0.029..0.029 rows=0 loops=7419)
        Index Cond: (id = mk.movie_id)
        Filter: ((kind_id > 3) AND (production_year > 2006))
        Rows Removed by Filter: 1
Planning time: 0.794 ms
Execution time: 1439.511 ms
