Hash Join  (cost=164300.97..560451.66 rows=1092393 width=0) (actual time=5913.737..11529.856 rows=2305421 loops=1)
  Hash Cond: (mi.movie_id = t.id)
  ->  Seq Scan on movie_info mi  (cost=0.00..346232.03 rows=3068194 width=4) (actual time=2151.601..5675.641 rows=3036719 loops=1)
        Filter: (info_type_id = 16)
        Rows Removed by Filter: 11799001
  ->  Hash  (cost=149530.83..149530.83 rows=900251 width=8) (actual time=3761.065..3761.065 rows=833913 loops=1)
        Buckets: 131072  Batches: 16  Memory Usage: 3072kB
        ->  Hash Join  (cost=94666.80..149530.83 rows=900251 width=8) (actual time=2033.346..3545.222 rows=833913 loops=1)
              Hash Cond: (mi_idx.movie_id = t.id)
              ->  Seq Scan on movie_info_idx mi_idx  (cost=0.00..21735.35 rows=1380035 width=4) (actual time=0.036..455.177 rows=1380035 loops=1)
              ->  Hash  (cost=67604.59..67604.59 rows=1649457 width=4) (actual time=2032.513..2032.513 rows=1643514 loops=1)
                    Buckets: 131072  Batches: 32  Memory Usage: 2831kB
                    ->  Seq Scan on title t  (cost=0.00..67604.59 rows=1649457 width=4) (actual time=0.024..1492.669 rows=1643514 loops=1)
                          Filter: (production_year > 1994)
                          Rows Removed by Filter: 884798
Planning time: 0.826 ms
Execution time: 11798.926 ms
