Hash Join  (cost=82871.49..938694.61 rows=905722 width=0) (actual time=1455.998..15410.570 rows=663164 loops=1)
  Hash Cond: (ci.movie_id = t.id)
  ->  Seq Scan on cast_info ci  (cost=0.00..796071.18 rows=4200192 width=4) (actual time=52.467..12530.209 rows=2593597 loops=1)
        Filter: ((person_id < 908788) AND (role_id > 2))
        Rows Removed by Filter: 33650747
  ->  Hash  (cost=73925.90..73925.90 rows=545247 width=4) (actual time=1402.566..1402.566 rows=557319 loops=1)
        Buckets: 131072  Batches: 8  Memory Usage: 3485kB
        ->  Seq Scan on title t  (cost=0.00..73925.90 rows=545247 width=4) (actual time=241.495..1232.221 rows=557319 loops=1)
              Filter: ((production_year < 2011) AND (kind_id = 1))
              Rows Removed by Filter: 1970993
Planning time: 0.512 ms
Execution time: 15479.453 ms
