Hash Join  (cost=83073.15..447730.25 rows=118 width=0) (actual time=1308.515..8306.758 rows=11170 loops=1)
  Hash Cond: (mi.movie_id = t.id)
  ->  Seq Scan on movie_info mi  (cost=0.00..309384.22 rows=14739122 width=4) (actual time=0.012..4350.881 rows=14835720 loops=1)
  ->  Hash  (cost=83072.90..83072.90 rows=20 width=8) (actual time=1307.027..1307.027 rows=107 loops=1)
        Buckets: 1024  Batches: 1  Memory Usage: 13kB
        ->  Nested Loop  (cost=0.43..83072.90 rows=20 width=8) (actual time=49.097..1306.876 rows=107 loops=1)
              ->  Seq Scan on movie_keyword mk  (cost=0.00..81003.12 rows=246 width=4) (actual time=0.160..1236.789 rows=1219 loops=1)
                    Filter: (keyword_id = 5589)
                    Rows Removed by Filter: 4522711
              ->  Index Scan using title_pkey on title t  (cost=0.43..8.40 rows=1 width=4) (actual time=0.056..0.056 rows=0 loops=1219)
                    Index Cond: (id = mk.movie_id)
                    Filter: ((production_year > 2007) AND (kind_id = 1))
                    Rows Removed by Filter: 1
Planning time: 1.160 ms
Execution time: 8308.731 ms
