Hash Join  (cost=82436.85..124987.42 rows=283108 width=0) (actual time=1267.598..2460.832 rows=421050 loops=1)
  Hash Cond: (mi_idx.movie_id = t.id)
  ->  Seq Scan on movie_info_idx mi_idx  (cost=0.00..21735.35 rows=1380035 width=4) (actual time=0.026..428.053 rows=1380035 loops=1)
  ->  Hash  (cost=73925.90..73925.90 rows=518716 width=4) (actual time=1266.739..1266.739 rows=390957 loops=1)
        Buckets: 131072  Batches: 8  Memory Usage: 2749kB
        ->  Seq Scan on title t  (cost=0.00..73925.90 rows=518716 width=4) (actual time=0.966..1146.711 rows=390957 loops=1)
              Filter: ((production_year > 1978) AND (kind_id = 1))
              Rows Removed by Filter: 2137355
Planning time: 1.227 ms
Execution time: 2510.832 ms
