Hash Join  (cost=93117.31..479762.24 rows=1113605 width=0) (actual time=3992.491..8815.693 rows=1288513 loops=1)
  Hash Cond: (mi.movie_id = t.id)
  ->  Seq Scan on movie_info mi  (cost=0.00..346232.03 rows=1810770 width=4) (actual time=2248.082..5627.662 rows=1865632 loops=1)
        Filter: (info_type_id > 17)
        Rows Removed by Filter: 12970088
  ->  Hash  (cost=67604.59..67604.59 rows=1555018 width=4) (actual time=1737.157..1737.157 rows=1551727 loops=1)
        Buckets: 131072  Batches: 32  Memory Usage: 2737kB
        ->  Seq Scan on title t  (cost=0.00..67604.59 rows=1555018 width=4) (actual time=0.023..1220.002 rows=1551727 loops=1)
              Filter: (production_year < 2007)
              Rows Removed by Filter: 976585
Planning time: 0.544 ms
Execution time: 8958.332 ms
