Nested Loop  (cost=0.43..709673.15 rows=305 width=0) (actual time=6253.393..10968.651 rows=3 loops=1)
  ->  Seq Scan on cast_info ci  (cost=0.00..705507.15 rows=500 width=4) (actual time=724.211..10968.140 rows=14 loops=1)
        Filter: (person_id = 1712996)
        Rows Removed by Filter: 36244330
  ->  Index Scan using title_pkey on title t  (cost=0.43..8.32 rows=1 width=4) (actual time=0.029..0.029 rows=0 loops=14)
        Index Cond: (id = ci.movie_id)
        Filter: (kind_id = 7)
        Rows Removed by Filter: 1
Planning time: 0.749 ms
Execution time: 10968.757 ms
