Seq Scan on cast_info ci  (cost=0.00..705507.15 rows=500 width=0) (actual time=2077.564..10926.768 rows=2 loops=1)
  Filter: (person_id = 253746)
  Rows Removed by Filter: 36244342
Planning time: 0.385 ms
Execution time: 10926.862 ms
