Seq Scan on movie_keyword mk  (cost=0.00..81003.12 rows=246 width=0) (actual time=103.784..1207.051 rows=13 loops=1)
  Filter: (keyword_id = 27669)
  Rows Removed by Filter: 4523917
Planning time: 0.388 ms
Execution time: 1207.143 ms
