Hash Join  (cost=74336.80..829835.46 rows=470949 width=0) (actual time=1128.715..20099.936 rows=490108 loops=1)
  Hash Cond: (ci.movie_id = t.id)
  ->  Seq Scan on cast_info ci  (cost=0.00..614943.12 rows=36225612 width=4) (actual time=0.004..8505.467 rows=36244344 loops=1)
  ->  Hash  (cost=73925.90..73925.90 rows=32872 width=4) (actual time=1128.384..1128.384 rows=37490 loops=1)
        Buckets: 65536  Batches: 1  Memory Usage: 1831kB
        ->  Seq Scan on title t  (cost=0.00..73925.90 rows=32872 width=4) (actual time=0.024..1111.797 rows=37490 loops=1)
              Filter: ((kind_id > 2) AND (production_year = 1998))
              Rows Removed by Filter: 2490822
Planning time: 0.537 ms
Execution time: 20170.863 ms
