Nested Loop  (cost=44377.22..151632.10 rows=1296 width=0) (actual time=1428.467..4886.393 rows=447 loops=1)
  Join Filter: (mc.movie_id = t.id)
  ->  Hash Join  (cost=44376.79..112592.75 rows=65568 width=8) (actual time=1011.857..2493.609 rows=51072 loops=1)
        Hash Cond: (mc.movie_id = mi_idx.movie_id)
        ->  Seq Scan on movie_companies mc  (cost=0.00..57926.93 rows=23202 width=4) (actual time=129.649..870.482 rows=42064 loops=1)
              Filter: ((company_type_id < 2) AND (company_id = 19))
              Rows Removed by Filter: 2567065
        ->  Hash  (cost=21735.35..21735.35 rows=1380035 width=4) (actual time=881.464..881.464 rows=1380035 loops=1)
              Buckets: 131072  Batches: 32  Memory Usage: 2540kB
              ->  Seq Scan on movie_info_idx mi_idx  (cost=0.00..21735.35 rows=1380035 width=4) (actual time=0.028..446.034 rows=1380035 loops=1)
  ->  Index Scan using title_pkey on title t  (cost=0.43..0.58 rows=1 width=4) (actual time=0.046..0.046 rows=0 loops=51072)
        Index Cond: (id = mi_idx.movie_id)
        Filter: ((kind_id < 7) AND (production_year > 2008))
        Rows Removed by Filter: 1
Planning time: 1.191 ms
Execution time: 4886.675 ms
