Hash Join  (cost=83810.17..197123.30 rows=718426 width=0) (actual time=1509.116..4412.582 rows=1559754 loops=1)
  Hash Cond: (mk.movie_id = t.id)
  ->  Seq Scan on movie_keyword mk  (cost=0.00..81003.12 rows=1839132 width=4) (actual time=0.013..1540.964 rows=1843517 loops=1)
        Filter: (keyword_id > 7530)
        Rows Removed by Filter: 2680413
  ->  Hash  (cost=67604.59..67604.59 rows=987727 width=4) (actual time=1508.140..1508.140 rows=985048 loops=1)
        Buckets: 131072  Batches: 16  Memory Usage: 3197kB
        ->  Seq Scan on title t  (cost=0.00..67604.59 rows=987727 width=4) (actual time=0.023..1188.841 rows=985048 loops=1)
              Filter: (kind_id < 7)
              Rows Removed by Filter: 1543264
Planning time: 0.750 ms
Execution time: 4593.250 ms
