Hash Join  (cost=101755.29..158060.01 rows=10242 width=0) (actual time=2073.931..3061.472 rows=11895 loops=1)
  Hash Cond: (mc.movie_id = t.id)
  ->  Seq Scan on movie_companies mc  (cost=0.00..51404.11 rows=1279517 width=4) (actual time=164.523..932.606 rows=1274246 loops=1)
        Filter: (company_type_id < 2)
        Rows Removed by Filter: 1334883
  ->  Hash  (cost=101502.30..101502.30 rows=20239 width=8) (actual time=1908.828..1908.828 rows=12699 loops=1)
        Buckets: 32768  Batches: 1  Memory Usage: 753kB
        ->  Hash Join  (cost=74389.43..101502.30 rows=20239 width=8) (actual time=1607.288..1903.901 rows=12699 loops=1)
              Hash Cond: (mi_idx.movie_id = t.id)
              ->  Seq Scan on movie_info_idx mi_idx  (cost=0.00..21735.35 rows=1380035 width=4) (actual time=0.009..304.575 rows=1380035 loops=1)
              ->  Hash  (cost=73925.90..73925.90 rows=37082 width=4) (actual time=1270.973..1270.973 rows=41935 loops=1)
                    Buckets: 65536  Batches: 1  Memory Usage: 1987kB
                    ->  Seq Scan on title t  (cost=0.00..73925.90 rows=37082 width=4) (actual time=0.024..1253.962 rows=41935 loops=1)
                          Filter: ((kind_id = 7) AND (production_year = 2002))
                          Rows Removed by Filter: 2486377
Planning time: 0.809 ms
Execution time: 3063.205 ms
