Seq Scan on movie_keyword mk  (cost=0.00..81003.12 rows=246 width=0) (actual time=0.812..924.305 rows=816 loops=1)
  Filter: (keyword_id = 1936)
  Rows Removed by Filter: 4523114
Planning time: 0.341 ms
Execution time: 924.699 ms
