Seq Scan on movie_companies mc  (cost=0.00..57926.93 rows=889156 width=0) (actual time=130.292..1118.817 rows=1201387 loops=1)
  Filter: ((company_id < 30127) AND (company_type_id = 1))
  Rows Removed by Filter: 1407742
Planning time: 0.412 ms
Execution time: 1276.562 ms
