Hash Join  (cost=248771.78..813296.17 rows=7939746 width=0) (actual time=5294.147..34902.793 rows=72852140 loops=1)
  Hash Cond: (mi.movie_id = t.id)
  ->  Seq Scan on movie_info mi  (cost=0.00..309384.22 rows=14739122 width=4) (actual time=0.015..5889.400 rows=14835720 loops=1)
  ->  Hash  (cost=226424.78..226424.78 rows=1362080 width=8) (actual time=5293.233..5293.233 rows=1376157 loops=1)
        Buckets: 131072  Batches: 32  Memory Usage: 2776kB
        ->  Hash Join  (cost=102767.86..226424.78 rows=1362080 width=8) (actual time=1941.155..4897.810 rows=1376157 loops=1)
              Hash Cond: (mk.movie_id = t.id)
              ->  Seq Scan on movie_keyword mk  (cost=0.00..81003.12 rows=1362080 width=4) (actual time=0.032..1480.512 rows=1376157 loops=1)
                    Filter: (keyword_id > 12109)
                    Rows Removed by Filter: 3147773
              ->  Hash  (cost=61283.27..61283.27 rows=2528527 width=4) (actual time=1938.350..1938.350 rows=2528312 loops=1)
                    Buckets: 131072  Batches: 64  Memory Usage: 2425kB
                    ->  Seq Scan on title t  (cost=0.00..61283.27 rows=2528527 width=4) (actual time=0.017..1093.416 rows=2528312 loops=1)
Planning time: 1.096 ms
Execution time: 43017.617 ms
