Seq Scan on movie_companies mc  (cost=0.00..51404.11 rows=1377966 width=0) (actual time=0.023..896.943 rows=1389955 loops=1)
  Filter: (company_id > 11137)
  Rows Removed by Filter: 1219174
Planning time: 0.288 ms
Execution time: 1073.354 ms
