Hash Join  (cost=211898.27..1344465.20 rows=9614173 width=0) (actual time=4953.836..43805.120 rows=34331323 loops=1)
  Hash Cond: (ci.movie_id = t.id)
  ->  Seq Scan on cast_info ci  (cost=0.00..614943.12 rows=36225612 width=4) (actual time=0.012..13241.491 rows=36244344 loops=1)
  ->  Hash  (cost=200887.97..200887.97 rows=671064 width=8) (actual time=4952.831..4952.831 rows=843512 loops=1)
        Buckets: 131072  Batches: 16  Memory Usage: 3105kB
        ->  Hash Join  (cost=93117.31..200887.97 rows=671064 width=8) (actual time=1917.457..4708.811 rows=843512 loops=1)
              Hash Cond: (mk.movie_id = t.id)
              ->  Seq Scan on movie_keyword mk  (cost=0.00..81003.12 rows=1091179 width=4) (actual time=0.014..1510.646 rows=1095242 loops=1)
                    Filter: (keyword_id < 1120)
                    Rows Removed by Filter: 3428688
              ->  Hash  (cost=67604.59..67604.59 rows=1555018 width=4) (actual time=1915.814..1915.814 rows=1551727 loops=1)
                    Buckets: 131072  Batches: 32  Memory Usage: 2736kB
                    ->  Seq Scan on title t  (cost=0.00..67604.59 rows=1555018 width=4) (actual time=0.013..1386.450 rows=1551727 loops=1)
                          Filter: (production_year < 2007)
                          Rows Removed by Filter: 976585
Planning time: 0.746 ms
Execution time: 47778.229 ms
