Hash Join  (cost=97066.09..1285657.89 rows=13747873 width=0) (actual time=2024.314..36226.677 rows=14709101 loops=1)
  Hash Cond: (ci.movie_id = t.id)
  ->  Seq Scan on cast_info ci  (cost=0.00..796071.18 rows=19358178 width=4) (actual time=0.026..17203.490 rows=21812269 loops=1)
        Filter: ((person_id > 606577) AND (role_id > 1))
        Rows Removed by Filter: 14432075
  ->  Hash  (cost=67604.59..67604.59 rows=1795720 width=4) (actual time=2022.965..2022.965 rows=1794153 loops=1)
        Buckets: 131072  Batches: 32  Memory Usage: 2992kB
        ->  Seq Scan on title t  (cost=0.00..67604.59 rows=1795720 width=4) (actual time=0.014..1429.957 rows=1794153 loops=1)
              Filter: (production_year < 2009)
              Rows Removed by Filter: 734159
Planning time: 0.705 ms
Execution time: 37923.898 ms
