Seq Scan on movie_keyword mk  (cost=0.00..81003.12 rows=4473462 width=0) (actual time=0.015..1641.462 rows=4477197 loops=1)
  Filter: (keyword_id < 101126)
  Rows Removed by Filter: 46733
Planning time: 0.340 ms
Execution time: 2198.696 ms
