Hash Join  (cost=135775.14..222923.66 rows=49048 width=0) (actual time=2280.802..4249.791 rows=397009 loops=1)
  Hash Cond: (mk.movie_id = t.id)
  ->  Seq Scan on movie_keyword mk  (cost=0.00..69693.30 rows=4523930 width=4) (actual time=0.023..1035.186 rows=4523930 loops=1)
  ->  Hash  (cost=135432.47..135432.47 rows=27414 width=8) (actual time=2280.555..2280.555 rows=14973 loops=1)
        Buckets: 32768  Batches: 1  Memory Usage: 841kB
        ->  Hash Join  (cost=69374.09..135432.47 rows=27414 width=8) (actual time=1382.354..2274.922 rows=14973 loops=1)
              Hash Cond: (mc.movie_id = t.id)
              ->  Seq Scan on movie_companies mc  (cost=0.00..57926.93 rows=643015 width=4) (actual time=322.373..1056.204 rows=406639 loops=1)
                    Filter: ((company_id > 11244) AND (company_type_id < 2))
                    Rows Removed by Filter: 2202490
              ->  Hash  (cost=67604.59..67604.59 rows=107800 width=4) (actual time=1059.034..1059.034 rows=108429 loops=1)
                    Buckets: 131072  Batches: 2  Memory Usage: 2931kB
                    ->  Seq Scan on title t  (cost=0.00..67604.59 rows=107800 width=4) (actual time=0.032..1018.377 rows=108429 loops=1)
                          Filter: (production_year = 2006)
                          Rows Removed by Filter: 2419883
Planning time: 1.145 ms
Execution time: 4299.889 ms
