Seq Scan on title t  (cost=0.00..73925.90 rows=2905 width=0) (actual time=0.163..1227.663 rows=3316 loops=1)
  Filter: ((kind_id < 7) AND (production_year = 1955))
  Rows Removed by Filter: 2524996
Planning time: 0.380 ms
Execution time: 1228.678 ms
