Hash Join  (cost=102767.86..247068.11 rows=2220008 width=0) (actual time=1883.655..5529.286 rows=2211209 loops=1)
  Hash Cond: (mk.movie_id = t.id)
  ->  Seq Scan on movie_keyword mk  (cost=0.00..81003.12 rows=2220008 width=4) (actual time=0.023..1673.709 rows=2211209 loops=1)
        Filter: (keyword_id > 4971)
        Rows Removed by Filter: 2312721
  ->  Hash  (cost=61283.27..61283.27 rows=2528527 width=4) (actual time=1881.502..1881.502 rows=2528312 loops=1)
        Buckets: 131072  Batches: 64  Memory Usage: 2425kB
        ->  Seq Scan on title t  (cost=0.00..61283.27 rows=2528527 width=4) (actual time=0.019..1010.244 rows=2528312 loops=1)
Planning time: 0.651 ms
Execution time: 5771.904 ms
