Nested Loop  (cost=0.43..83071.67 rows=246 width=0) (actual time=189.151..1319.354 rows=35 loops=1)
  ->  Seq Scan on movie_keyword mk  (cost=0.00..81003.12 rows=246 width=4) (actual time=189.063..1314.065 rows=35 loops=1)
        Filter: (keyword_id = 61178)
        Rows Removed by Filter: 4523895
  ->  Index Only Scan using title_pkey on title t  (cost=0.43..8.40 rows=1 width=4) (actual time=0.145..0.146 rows=1 loops=35)
        Index Cond: (id = mk.movie_id)
        Heap Fetches: 35
Planning time: 2.449 ms
Execution time: 1319.453 ms
