Hash Join  (cost=98137.04..927499.73 rows=4253648 width=0) (actual time=5348.128..18103.448 rows=4043130 loops=1)
  Hash Cond: (ci.movie_id = t.id)
  ->  Seq Scan on cast_info ci  (cost=0.00..705507.15 rows=5779412 width=4) (actual time=3431.492..11712.760 rows=5811509 loops=1)
        Filter: (person_id > 3063031)
        Rows Removed by Filter: 30432835
  ->  Hash  (cost=67604.59..67604.59 rows=1860996 width=4) (actual time=1915.479..1915.479 rows=1865487 loops=1)
        Buckets: 131072  Batches: 32  Memory Usage: 3079kB
        ->  Seq Scan on title t  (cost=0.00..67604.59 rows=1860996 width=4) (actual time=0.023..1324.708 rows=1865487 loops=1)
              Filter: (kind_id > 1)
              Rows Removed by Filter: 662825
Planning time: 0.715 ms
Execution time: 18595.651 ms
