Hash Join  (cost=190230.21..1044653.81 rows=1698282 width=0) (actual time=4401.031..23295.708 rows=7228642 loops=1)
  Hash Cond: (ci.movie_id = t.id)
  ->  Seq Scan on cast_info ci  (cost=0.00..796071.18 rows=3111626 width=4) (actual time=120.271..13186.715 rows=6304654 loops=1)
        Filter: ((person_id < 860826) AND (role_id = 1))
        Rows Removed by Filter: 29939690
  ->  Hash  (cost=167588.78..167588.78 rows=1380035 width=8) (actual time=4279.338..4279.338 rows=1380035 loops=1)
        Buckets: 131072  Batches: 32  Memory Usage: 2708kB
        ->  Hash Join  (cost=102767.86..167588.78 rows=1380035 width=8) (actual time=1980.743..3885.677 rows=1380035 loops=1)
              Hash Cond: (mi_idx.movie_id = t.id)
              ->  Seq Scan on movie_info_idx mi_idx  (cost=0.00..21735.35 rows=1380035 width=4) (actual time=0.021..445.100 rows=1380035 loops=1)
              ->  Hash  (cost=61283.27..61283.27 rows=2528527 width=4) (actual time=1978.731..1978.731 rows=2528312 loops=1)
                    Buckets: 131072  Batches: 64  Memory Usage: 2415kB
                    ->  Seq Scan on title t  (cost=0.00..61283.27 rows=2528527 width=4) (actual time=0.017..1148.918 rows=2528312 loops=1)
Planning time: 1.167 ms
Execution time: 24095.931 ms
