Hash Join  (cost=187873.45..226911.21 rows=155386 width=0) (actual time=4527.136..5740.990 rows=692303 loops=1)
  Hash Cond: (mi_idx.movie_id = t.id)
  ->  Seq Scan on movie_info_idx mi_idx  (cost=0.00..25185.44 rows=919057 width=4) (actual time=0.021..543.406 rows=920110 loops=1)
        Filter: (info_type_id > 99)
        Rows Removed by Filter: 459925
  ->  Hash  (cost=180859.68..180859.68 rows=427501 width=8) (actual time=4526.230..4526.230 rows=754639 loops=1)
        Buckets: 131072 (originally 131072)  Batches: 16 (originally 8)  Memory Usage: 3073kB
        ->  Hash Join  (cost=102767.86..180859.68 rows=427501 width=8) (actual time=2168.605..4286.226 rows=754639 loops=1)
              Hash Cond: (mc.movie_id = t.id)
              ->  Seq Scan on movie_companies mc  (cost=0.00..57926.93 rows=427501 width=4) (actual time=0.029..1041.952 rows=754639 loops=1)
                    Filter: ((company_id > 25397) AND (company_type_id > 1))
                    Rows Removed by Filter: 1854490
              ->  Hash  (cost=61283.27..61283.27 rows=2528527 width=4) (actual time=2167.165..2167.165 rows=2528312 loops=1)
                    Buckets: 131072  Batches: 64  Memory Usage: 2415kB
                    ->  Seq Scan on title t  (cost=0.00..61283.27 rows=2528527 width=4) (actual time=0.016..836.239 rows=2528312 loops=1)
Planning time: 1.210 ms
Execution time: 5802.546 ms
