Seq Scan on movie_companies mc  (cost=0.00..57926.93 rows=324541 width=0) (actual time=566.811..882.488 rows=24847 loops=1)
  Filter: ((company_id > 51137) AND (company_type_id = 1))
  Rows Removed by Filter: 2584282
Planning time: 0.406 ms
Execution time: 886.146 ms
