Hash Join  (cost=83074.74..137742.81 rows=254 width=0) (actual time=1170.326..1911.236 rows=157 loops=1)
  Hash Cond: (mc.movie_id = t.id)
  ->  Seq Scan on movie_companies mc  (cost=0.00..44881.29 rows=2609129 width=4) (actual time=0.005..409.630 rows=2609129 loops=1)
  ->  Hash  (cost=83071.67..83071.67 rows=246 width=8) (actual time=1158.132..1158.132 rows=18 loops=1)
        Buckets: 1024  Batches: 1  Memory Usage: 9kB
        ->  Nested Loop  (cost=0.43..83071.67 rows=246 width=8) (actual time=12.943..1158.097 rows=18 loops=1)
              ->  Seq Scan on movie_keyword mk  (cost=0.00..81003.12 rows=246 width=4) (actual time=12.849..1156.258 rows=18 loops=1)
                    Filter: (keyword_id = 36323)
                    Rows Removed by Filter: 4523912
              ->  Index Only Scan using title_pkey on title t  (cost=0.43..8.40 rows=1 width=4) (actual time=0.093..0.094 rows=1 loops=18)
                    Index Cond: (id = mk.movie_id)
                    Heap Fetches: 18
Planning time: 7.530 ms
Execution time: 1911.425 ms
