Hash Join  (cost=338191.10..2033500.08 rows=51170777 width=0) (actual time=8691.356..81006.849 rows=169574837 loops=1)
  Hash Cond: (ci.movie_id = t.id)
  ->  Seq Scan on cast_info ci  (cost=0.00..614943.12 rows=36225612 width=4) (actual time=0.018..13918.185 rows=36244344 loops=1)
  ->  Hash  (cost=279592.96..279592.96 rows=3571691 width=8) (actual time=8689.769..8689.769 rows=3557418 loops=1)
        Buckets: 131072  Batches: 64  Memory Usage: 3218kB
        ->  Hash Join  (cost=102767.86..279592.96 rows=3571691 width=8) (actual time=2190.912..7660.293 rows=3557418 loops=1)
              Hash Cond: (mk.movie_id = t.id)
              ->  Seq Scan on movie_keyword mk  (cost=0.00..81003.12 rows=3571691 width=4) (actual time=0.015..1743.774 rows=3557418 loops=1)
                    Filter: (keyword_id < 19735)
                    Rows Removed by Filter: 966512
              ->  Hash  (cost=61283.27..61283.27 rows=2528527 width=4) (actual time=1948.656..1948.656 rows=2528312 loops=1)
                    Buckets: 131072  Batches: 64  Memory Usage: 2425kB
                    ->  Seq Scan on title t  (cost=0.00..61283.27 rows=2528527 width=4) (actual time=0.022..1096.436 rows=2528312 loops=1)
Planning time: 1.138 ms
Execution time: 99128.263 ms
