Hash Join  (cost=73994.33..934597.10 rows=37041 width=0) (actual time=1440.305..18640.367 rows=1120 loops=1)
  Hash Cond: (ci.movie_id = t.id)
  ->  Seq Scan on cast_info ci  (cost=0.00..796071.18 rows=17109648 width=4) (actual time=0.037..14915.564 rows=19498532 loops=1)
        Filter: ((person_id < 2177136) AND (role_id < 8))
        Rows Removed by Filter: 16745812
  ->  Hash  (cost=73925.90..73925.90 rows=5474 width=4) (actual time=1159.250..1159.250 rows=127 loops=1)
        Buckets: 8192  Batches: 1  Memory Usage: 69kB
        ->  Seq Scan on title t  (cost=0.00..73925.90 rows=5474 width=4) (actual time=162.550..1159.114 rows=127 loops=1)
              Filter: ((kind_id > 1) AND (production_year = 1939))
              Rows Removed by Filter: 2528185
Planning time: 0.757 ms
Execution time: 18641.118 ms
