Hash Join  (cost=74617.32..162264.99 rows=98964 width=0) (actual time=1209.702..3145.006 rows=127531 loops=1)
  Hash Cond: (mk.movie_id = t.id)
  ->  Seq Scan on movie_keyword mk  (cost=0.00..69693.30 rows=4523930 width=4) (actual time=0.015..1032.757 rows=4523930 loops=1)
  ->  Hash  (cost=73925.90..73925.90 rows=55313 width=4) (actual time=1209.155..1209.155 rows=49075 loops=1)
        Buckets: 65536  Batches: 1  Memory Usage: 2238kB
        ->  Seq Scan on title t  (cost=0.00..73925.90 rows=55313 width=4) (actual time=0.235..1189.185 rows=49075 loops=1)
              Filter: ((kind_id < 7) AND (production_year = 2010))
              Rows Removed by Filter: 2479237
Planning time: 0.733 ms
Execution time: 3161.434 ms
