Hash Join  (cost=156487.41..252120.48 rows=174716 width=0) (actual time=3216.588..5236.573 rows=687659 loops=1)
  Hash Cond: (mk.movie_id = t.id)
  ->  Seq Scan on movie_keyword mk  (cost=0.00..81003.12 rows=958343 width=4) (actual time=0.014..1382.337 rows=960985 loops=1)
        Filter: (keyword_id < 903)
        Rows Removed by Filter: 3562945
  ->  Hash  (cost=148924.19..148924.19 rows=460978 width=8) (actual time=3215.868..3215.868 rows=459925 loops=1)
        Buckets: 131072  Batches: 8  Memory Usage: 3284kB
        ->  Hash Join  (cost=102767.86..148924.19 rows=460978 width=8) (actual time=1858.420..3078.524 rows=459925 loops=1)
              Hash Cond: (mi_idx.movie_id = t.id)
              ->  Seq Scan on movie_info_idx mi_idx  (cost=0.00..25185.44 rows=460978 width=4) (actual time=0.014..451.798 rows=459925 loops=1)
                    Filter: (info_type_id = 99)
                    Rows Removed by Filter: 920110
              ->  Hash  (cost=61283.27..61283.27 rows=2528527 width=4) (actual time=1857.339..1857.339 rows=2528312 loops=1)
                    Buckets: 131072  Batches: 64  Memory Usage: 2415kB
                    ->  Seq Scan on title t  (cost=0.00..61283.27 rows=2528527 width=4) (actual time=0.010..1040.186 rows=2528312 loops=1)
Planning time: 3.988 ms
Execution time: 5317.568 ms
