Seq Scan on cast_info ci  (cost=0.00..796071.18 rows=80 width=0) (actual time=3471.802..11664.669 rows=1 loops=1)
  Filter: ((role_id > 8) AND (person_id = 524509))
  Rows Removed by Filter: 36244343
Planning time: 0.383 ms
Execution time: 11664.789 ms
