Seq Scan on movie_keyword mk  (cost=0.00..81003.12 rows=4267780 width=0) (actual time=0.018..1609.716 rows=4269970 loops=1)
  Filter: (keyword_id < 59984)
  Rows Removed by Filter: 253960
Planning time: 0.239 ms
Execution time: 2143.552 ms
