Hash Join  (cost=67697.55..455938.36 rows=32692 width=0) (actual time=1005.839..8992.069 rows=57148 loops=1)
  Hash Cond: (mi.movie_id = t.id)
  ->  Seq Scan on movie_info mi  (cost=0.00..346232.03 rows=11115165 width=4) (actual time=0.021..6060.365 rows=11210743 loops=1)
        Filter: (info_type_id > 3)
        Rows Removed by Filter: 3624977
  ->  Hash  (cost=67604.59..67604.59 rows=7437 width=4) (actual time=1005.579..1005.579 rows=8628 loops=1)
        Buckets: 16384 (originally 8192)  Batches: 1 (originally 1)  Memory Usage: 432kB
        ->  Seq Scan on title t  (cost=0.00..67604.59 rows=7437 width=4) (actual time=0.046..1001.049 rows=8628 loops=1)
              Filter: (production_year = 1956)
              Rows Removed by Filter: 2519684
Planning time: 1.355 ms
Execution time: 9001.383 ms
