Hash Join  (cost=887347.22..3465190.93 rows=116115621 width=0) (actual time=20151.567..79146.660 rows=107853359 loops=1)
  Hash Cond: (ci.movie_id = t.id)
  ->  Seq Scan on cast_info ci  (cost=0.00..705507.15 rows=27843654 width=4) (actual time=0.014..16909.709 rows=27964279 loops=1)
        Filter: (person_id > 810483)
        Rows Removed by Filter: 8280065
  ->  Hash  (cost=714348.14..714348.14 rows=10544646 width=8) (actual time=20147.837..20147.837 rows=6505057 loops=1)
        Buckets: 131072  Batches: 256  Memory Usage: 1988kB
        ->  Hash Join  (cost=103604.85..714348.14 rows=10544646 width=8) (actual time=1945.706..18310.804 rows=6505057 loops=1)
              Hash Cond: (mi.movie_id = t.id)
              ->  Seq Scan on movie_info mi  (cost=0.00..309384.22 rows=14739122 width=4) (actual time=0.019..6266.681 rows=14835720 loops=1)
              ->  Hash  (cost=73925.90..73925.90 rows=1808956 width=4) (actual time=1943.301..1943.301 rows=1799907 loops=1)
                    Buckets: 131072  Batches: 32  Memory Usage: 3013kB
                    ->  Seq Scan on title t  (cost=0.00..73925.90 rows=1808956 width=4) (actual time=0.021..1384.790 rows=1799907 loops=1)
                          Filter: ((kind_id > 1) AND (production_year > 0))
                          Rows Removed by Filter: 728405
Planning time: 1.211 ms
Execution time: 90079.366 ms
