Seq Scan on title t  (cost=0.00..73925.90 rows=1963 width=0) (actual time=740.823..1278.879 rows=1815 loops=1)
  Filter: ((kind_id = 1) AND (production_year = 1900))
  Rows Removed by Filter: 2526497
Planning time: 0.377 ms
Execution time: 1279.561 ms
