Hash Join  (cost=83074.74..137742.81 rows=254 width=0) (actual time=1339.791..2355.056 rows=14616 loops=1)
  Hash Cond: (mc.movie_id = t.id)
  ->  Seq Scan on movie_companies mc  (cost=0.00..44881.29 rows=2609129 width=4) (actual time=0.019..548.894 rows=2609129 loops=1)
  ->  Hash  (cost=83071.67..83071.67 rows=246 width=8) (actual time=1339.618..1339.618 rows=1558 loops=1)
        Buckets: 2048 (originally 1024)  Batches: 1 (originally 1)  Memory Usage: 77kB
        ->  Nested Loop  (cost=0.43..83071.67 rows=246 width=8) (actual time=2.480..1338.518 rows=1558 loops=1)
              ->  Seq Scan on movie_keyword mk  (cost=0.00..81003.12 rows=246 width=4) (actual time=2.396..1267.710 rows=1558 loops=1)
                    Filter: (keyword_id = 733)
                    Rows Removed by Filter: 4522372
              ->  Index Only Scan using title_pkey on title t  (cost=0.43..8.40 rows=1 width=4) (actual time=0.044..0.044 rows=1 loops=1558)
                    Index Cond: (id = mk.movie_id)
                    Heap Fetches: 1558
Planning time: 2.062 ms
Execution time: 2357.014 ms
