Nested Loop  (cost=0.43..834365.17 rows=5259 width=0) (actual time=4052.195..13040.010 rows=915 loops=1)
  ->  Seq Scan on cast_info ci  (cost=0.00..796071.18 rows=5259 width=4) (actual time=4052.086..13029.503 rows=915 loops=1)
        Filter: ((role_id < 10) AND (person_id = 211422))
        Rows Removed by Filter: 36243429
  ->  Index Only Scan using title_pkey on title t  (cost=0.43..7.27 rows=1 width=4) (actual time=0.011..0.011 rows=1 loops=915)
        Index Cond: (id = ci.movie_id)
        Heap Fetches: 915
Planning time: 3.118 ms
Execution time: 13040.335 ms
