Hash Join  (cost=108512.73..867012.84 rows=771089 width=0) (actual time=2086.186..20453.351 rows=155645 loops=1)
  Hash Cond: (ci.movie_id = t.id)
  ->  Seq Scan on cast_info ci  (cost=0.00..614943.12 rows=36225612 width=4) (actual time=0.011..9611.579 rows=36244344 loops=1)
  ->  Hash  (cost=107839.95..107839.95 rows=53822 width=8) (actual time=2085.493..2085.493 rows=19082 loops=1)
        Buckets: 65536  Batches: 1  Memory Usage: 1258kB
        ->  Hash Join  (cost=69223.25..107839.95 rows=53822 width=8) (actual time=1454.953..2079.538 rows=19082 loops=1)
              Hash Cond: (mi_idx.movie_id = t.id)
              ->  Seq Scan on movie_info_idx mi_idx  (cost=0.00..21735.35 rows=1380035 width=4) (actual time=0.022..499.427 rows=1380035 loops=1)
              ->  Hash  (cost=67604.59..67604.59 rows=98613 width=4) (actual time=1169.799..1169.799 rows=98579 loops=1)
                    Buckets: 131072  Batches: 2  Memory Usage: 2754kB
                    ->  Seq Scan on title t  (cost=0.00..67604.59 rows=98613 width=4) (actual time=0.013..1130.253 rows=98579 loops=1)
                          Filter: (production_year < 1924)
                          Rows Removed by Filter: 2429733
Planning time: 1.177 ms
Execution time: 20480.967 ms
