Seq Scan on movie_keyword mk  (cost=0.00..81003.12 rows=33979 width=0) (actual time=0.013..630.681 rows=31179 loops=1)
  Filter: (keyword_id > 109769)
  Rows Removed by Filter: 4492751
Planning time: 0.326 ms
Execution time: 634.027 ms
