Seq Scan on movie_companies mc  (cost=0.00..51404.11 rows=2402539 width=40) (actual time=0.029..823.501 rows=2402157 loops=1)
  Filter: (company_id > 67)
  Rows Removed by Filter: 206972
Planning time: 0.289 ms
Execution time: 926.025 ms
