Seq Scan on cast_info ci  (cost=0.00..796071.18 rows=324 width=0) (actual time=7975.810..13728.494 rows=875 loops=1)
  Filter: ((role_id > 1) AND (person_id = 2766609))
  Rows Removed by Filter: 36243469
Planning time: 0.455 ms
Execution time: 13728.711 ms
