Hash Join  (cost=102767.86..1107940.20 rows=8279333 width=0) (actual time=10627.493..19337.952 rows=3559263 loops=1)
  Hash Cond: (ci.movie_id = t.id)
  ->  Seq Scan on cast_info ci  (cost=0.00..796071.18 rows=8279333 width=4) (actual time=8419.346..13211.521 rows=3559263 loops=1)
        Filter: ((person_id > 1243470) AND (role_id < 2))
        Rows Removed by Filter: 32685081
  ->  Hash  (cost=61283.27..61283.27 rows=2528527 width=4) (actual time=2206.998..2206.998 rows=2528312 loops=1)
        Buckets: 131072  Batches: 64  Memory Usage: 2415kB
        ->  Seq Scan on title t  (cost=0.00..61283.27 rows=2528527 width=4) (actual time=0.018..1049.764 rows=2528312 loops=1)
Planning time: 0.762 ms
Execution time: 19767.836 ms
