Nested Loop  (cost=104807.98..525814.58 rows=7207 width=0) (actual time=6083.886..13613.621 rows=16651 loops=1)
  Join Filter: (mi.movie_id = t.id)
  ->  Hash Join  (cost=104807.55..484636.51 rows=70206 width=8) (actual time=6081.962..8010.543 rows=1242518 loops=1)
        Hash Cond: (mi.movie_id = mk.movie_id)
        ->  Seq Scan on movie_info mi  (cost=0.00..346232.03 rows=17937 width=4) (actual time=4086.993..5394.685 rows=68025 loops=1)
              Filter: (info_type_id = 94)
              Rows Removed by Filter: 14767695
        ->  Hash  (cost=81003.12..81003.12 rows=1450914 width=4) (actual time=1993.525..1993.525 rows=1461991 loops=1)
              Buckets: 131072  Batches: 32  Memory Usage: 2698kB
              ->  Seq Scan on movie_keyword mk  (cost=0.00..81003.12 rows=1450914 width=4) (actual time=0.024..1518.258 rows=1461991 loops=1)
                    Filter: (keyword_id > 11348)
                    Rows Removed by Filter: 3061939
  ->  Index Scan using title_pkey on title t  (cost=0.43..0.57 rows=1 width=4) (actual time=0.004..0.004 rows=0 loops=1242518)
        Index Cond: (id = mk.movie_id)
        Filter: (kind_id > 2)
        Rows Removed by Filter: 1
Planning time: 1.151 ms
Execution time: 13616.982 ms
