Hash Join  (cost=76552.27..1133908.41 rows=2292698 width=0) (actual time=1332.128..31013.103 rows=3404509 loops=1)
  Hash Cond: (ci.movie_id = t.id)
  ->  Seq Scan on cast_info ci  (cost=0.00..614943.12 rows=36225612 width=4) (actual time=0.023..13182.628 rows=36244344 loops=1)
  ->  Hash  (cost=73925.90..73925.90 rows=160029 width=4) (actual time=1331.329..1331.329 rows=287750 loops=1)
        Buckets: 131072  Batches: 4  Memory Usage: 3558kB
        ->  Seq Scan on title t  (cost=0.00..73925.90 rows=160029 width=4) (actual time=0.110..1237.815 rows=287750 loops=1)
              Filter: ((kind_id < 4) AND (production_year < 1977))
              Rows Removed by Filter: 2240562
Planning time: 1.872 ms
Execution time: 31404.099 ms
