Hash Join  (cost=83073.19..137738.95 rows=24 width=0) (actual time=1321.460..2327.552 rows=477 loops=1)
  Hash Cond: (mc.movie_id = t.id)
  ->  Seq Scan on movie_companies mc  (cost=0.00..44881.29 rows=2609129 width=4) (actual time=0.013..625.305 rows=2609129 loops=1)
  ->  Hash  (cost=83072.90..83072.90 rows=23 width=8) (actual time=1278.679..1278.679 rows=59 loops=1)
        Buckets: 1024  Batches: 1  Memory Usage: 11kB
        ->  Nested Loop  (cost=0.43..83072.90 rows=23 width=8) (actual time=15.582..1278.581 rows=59 loops=1)
              ->  Seq Scan on movie_keyword mk  (cost=0.00..81003.12 rows=246 width=4) (actual time=4.318..1254.340 rows=491 loops=1)
                    Filter: (keyword_id = 8610)
                    Rows Removed by Filter: 4523439
              ->  Index Scan using title_pkey on title t  (cost=0.43..8.40 rows=1 width=4) (actual time=0.047..0.047 rows=0 loops=491)
                    Index Cond: (id = mk.movie_id)
                    Filter: ((production_year > 2006) AND (kind_id = 1))
                    Rows Removed by Filter: 1
Planning time: 1.671 ms
Execution time: 2327.789 ms
