Hash Join  (cost=73953.78..825062.44 rows=31949 width=0) (actual time=1204.090..18378.476 rows=42364 loops=1)
  Hash Cond: (ci.movie_id = t.id)
  ->  Seq Scan on cast_info ci  (cost=0.00..614943.12 rows=36225612 width=4) (actual time=0.018..8768.419 rows=36244344 loops=1)
  ->  Hash  (cost=73925.90..73925.90 rows=2230 width=4) (actual time=1203.476..1203.476 rows=7670 loops=1)
        Buckets: 8192 (originally 4096)  Batches: 1 (originally 1)  Memory Usage: 334kB
        ->  Seq Scan on title t  (cost=0.00..73925.90 rows=2230 width=4) (actual time=0.026..1200.189 rows=7670 loops=1)
              Filter: ((kind_id < 3) AND (production_year = 1915))
              Rows Removed by Filter: 2520642
Planning time: 0.740 ms
Execution time: 18386.786 ms
