Seq Scan on movie_companies mc  (cost=0.00..51404.11 rows=1808388 width=0) (actual time=0.017..890.642 rows=1818292 loops=1)
  Filter: (company_id > 1709)
  Rows Removed by Filter: 790837
Planning time: 0.315 ms
Execution time: 1121.372 ms
