Hash Join  (cost=73929.13..896698.23 rows=3190 width=0) (actual time=1078.809..20491.613 rows=36046 loops=1)
  Hash Cond: (ci.movie_id = t.id)
  ->  Seq Scan on cast_info ci  (cost=0.00..705507.15 rows=31261346 width=4) (actual time=0.016..13429.139 rows=31244321 loops=1)
        Filter: (person_id < 3169846)
        Rows Removed by Filter: 5000023
  ->  Hash  (cost=73925.90..73925.90 rows=258 width=4) (actual time=1078.571..1078.571 rows=3378 loops=1)
        Buckets: 4096 (originally 1024)  Batches: 1 (originally 1)  Memory Usage: 151kB
        ->  Seq Scan on title t  (cost=0.00..73925.90 rows=258 width=4) (actual time=10.394..1076.770 rows=3378 loops=1)
              Filter: ((kind_id < 7) AND (production_year > 2013))
              Rows Removed by Filter: 2524934
Planning time: 4.583 ms
Execution time: 20500.692 ms
