Seq Scan on cast_info ci  (cost=0.00..705507.15 rows=11492993 width=0) (actual time=0.026..11541.553 rows=11400654 loops=1)
  Filter: (person_id < 1120471)
  Rows Removed by Filter: 24843690
Planning time: 0.936 ms
Execution time: 12967.463 ms
