Nested Loop  (cost=0.43..83072.90 rows=142 width=0) (actual time=550.786..1292.788 rows=219 loops=1)
  ->  Seq Scan on movie_keyword mk  (cost=0.00..81003.12 rows=246 width=4) (actual time=1.244..1255.634 rows=913 loops=1)
        Filter: (keyword_id = 7505)
        Rows Removed by Filter: 4523017
  ->  Index Scan using title_pkey on title t  (cost=0.43..8.40 rows=1 width=4) (actual time=0.039..0.039 rows=0 loops=913)
        Index Cond: (id = mk.movie_id)
        Filter: ((production_year < 2013) AND (kind_id = 7))
        Rows Removed by Filter: 1
Planning time: 0.771 ms
Execution time: 1292.962 ms
