Hash Join  (cost=164950.27..1416877.97 rows=12891084 width=0) (actual time=3535.738..40715.873 rows=16995327 loops=1)
  Hash Cond: (ci.movie_id = t.id)
  ->  Seq Scan on cast_info ci  (cost=0.00..705507.15 rows=35801267 width=4) (actual time=0.015..16726.496 rows=35797651 loops=1)
        Filter: (person_id < 3976816)
        Rows Removed by Filter: 446693
  ->  Hash  (cost=150012.59..150012.59 rows=910455 width=8) (actual time=3534.630..3534.630 rows=525930 loops=1)
        Buckets: 131072  Batches: 16  Memory Usage: 2312kB
        ->  Hash Join  (cost=94973.51..150012.59 rows=910455 width=8) (actual time=1861.651..3389.872 rows=525930 loops=1)
              Hash Cond: (mi_idx.movie_id = t.id)
              ->  Seq Scan on movie_info_idx mi_idx  (cost=0.00..21735.35 rows=1380035 width=4) (actual time=0.019..485.779 rows=1380035 loops=1)
              ->  Hash  (cost=67604.59..67604.59 rows=1668154 width=4) (actual time=1860.641..1860.641 rows=1674098 loops=1)
                    Buckets: 131072  Batches: 32  Memory Usage: 2869kB
                    ->  Seq Scan on title t  (cost=0.00..67604.59 rows=1668154 width=4) (actual time=0.022..1309.945 rows=1674098 loops=1)
                          Filter: (kind_id > 3)
                          Rows Removed by Filter: 854214
Planning time: 1.173 ms
Execution time: 42575.585 ms
