Seq Scan on movie_companies mc  (cost=0.00..51404.11 rows=289542 width=0) (actual time=0.015..817.302 rows=283753 loops=1)
  Filter: (company_id < 155)
  Rows Removed by Filter: 2325376
Planning time: 0.325 ms
Execution time: 854.854 ms
