Seq Scan on movie_companies mc  (cost=0.00..57926.93 rows=53 width=0) (actual time=75.879..808.434 rows=218 loops=1)
  Filter: ((company_id = 8929) AND (company_type_id = 2))
  Rows Removed by Filter: 2608911
Planning time: 0.370 ms
Execution time: 808.547 ms
