Nested Loop  (cost=0.43..83071.67 rows=246 width=0) (actual time=3.612..1363.686 rows=204 loops=1)
  ->  Seq Scan on movie_keyword mk  (cost=0.00..81003.12 rows=246 width=4) (actual time=3.535..1350.020 rows=204 loops=1)
        Filter: (keyword_id = 253)
        Rows Removed by Filter: 4523726
  ->  Index Only Scan using title_pkey on title t  (cost=0.43..8.40 rows=1 width=4) (actual time=0.063..0.063 rows=1 loops=204)
        Index Cond: (id = mk.movie_id)
        Heap Fetches: 204
Planning time: 5.184 ms
Execution time: 1363.918 ms
