Hash Join  (cost=102767.86..222973.66 rows=1218626 width=0) (actual time=1843.205..5361.083 rows=1224718 loops=1)
  Hash Cond: (mk.movie_id = t.id)
  ->  Seq Scan on movie_keyword mk  (cost=0.00..81003.12 rows=1218626 width=4) (actual time=0.029..1442.317 rows=1224718 loops=1)
        Filter: (keyword_id < 1553)
        Rows Removed by Filter: 3299212
  ->  Hash  (cost=61283.27..61283.27 rows=2528527 width=4) (actual time=1842.213..1842.213 rows=2528312 loops=1)
        Buckets: 131072  Batches: 64  Memory Usage: 2425kB
        ->  Seq Scan on title t  (cost=0.00..61283.27 rows=2528527 width=4) (actual time=0.020..979.807 rows=2528312 loops=1)
Planning time: 0.686 ms
Execution time: 5516.571 ms
