Seq Scan on movie_companies mc  (cost=0.00..51404.11 rows=2212000 width=0) (actual time=0.015..987.350 rows=2212199 loops=1)
  Filter: (company_id > 240)
  Rows Removed by Filter: 396930
Planning time: 0.325 ms
Execution time: 1267.704 ms
