Hash Join  (cost=94699.36..181430.02 rows=7262 width=0) (actual time=1719.441..3589.675 rows=121353 loops=1)
  Hash Cond: (mk.movie_id = t.id)
  ->  Seq Scan on movie_keyword mk  (cost=0.00..69693.30 rows=4523930 width=4) (actual time=0.027..1006.264 rows=4523930 loops=1)
  ->  Hash  (cost=94648.62..94648.62 rows=4059 width=8) (actual time=1719.139..1719.139 rows=15462 loops=1)
        Buckets: 16384 (originally 4096)  Batches: 1 (originally 1)  Memory Usage: 732kB
        ->  Hash Join  (cost=67697.55..94648.62 rows=4059 width=8) (actual time=1087.961..1713.248 rows=15462 loops=1)
              Hash Cond: (mi_idx.movie_id = t.id)
              ->  Seq Scan on movie_info_idx mi_idx  (cost=0.00..21735.35 rows=1380035 width=4) (actual time=0.022..318.515 rows=1380035 loops=1)
              ->  Hash  (cost=67604.59..67604.59 rows=7437 width=4) (actual time=1087.508..1087.508 rows=20122 loops=1)
                    Buckets: 32768 (originally 8192)  Batches: 1 (originally 1)  Memory Usage: 964kB
                    ->  Seq Scan on title t  (cost=0.00..67604.59 rows=7437 width=4) (actual time=0.024..1078.175 rows=20122 loops=1)
                          Filter: (production_year = 1987)
                          Rows Removed by Filter: 2508190
Planning time: 2.421 ms
Execution time: 3605.279 ms
