Hash Join  (cost=170148.06..966796.61 rows=57733 width=0) (actual time=3420.799..20591.819 rows=996963 loops=1)
  Hash Cond: (ci.movie_id = t.id)
  ->  Seq Scan on cast_info ci  (cost=0.00..614943.12 rows=36225612 width=4) (actual time=0.018..9056.239 rows=36244344 loops=1)
  ->  Hash  (cost=170097.69..170097.69 rows=4030 width=8) (actual time=3420.463..3420.463 rows=24252 loops=1)
        Buckets: 32768 (originally 4096)  Batches: 1 (originally 1)  Memory Usage: 1204kB
        ->  Hash Join  (cost=73957.54..170097.69 rows=4030 width=8) (actual time=1207.614..3412.246 rows=24252 loops=1)
              Hash Cond: (mk.movie_id = t.id)
              ->  Seq Scan on movie_keyword mk  (cost=0.00..81003.12 rows=4025792 width=4) (actual time=0.018..1588.311 rows=4021945 loops=1)
                    Filter: (keyword_id > 359)
                    Rows Removed by Filter: 501985
              ->  Hash  (cost=73925.90..73925.90 rows=2531 width=4) (actual time=1205.699..1205.699 rows=6377 loops=1)
                    Buckets: 8192 (originally 4096)  Batches: 1 (originally 1)  Memory Usage: 289kB
                    ->  Seq Scan on title t  (cost=0.00..73925.90 rows=2531 width=4) (actual time=0.508..1202.333 rows=6377 loops=1)
                          Filter: ((kind_id < 4) AND (production_year = 1979))
                          Rows Removed by Filter: 2521935
Planning time: 1.204 ms
Execution time: 20720.293 ms
