Hash Join  (cost=343708.09..1342643.16 rows=9215258 width=0) (actual time=8107.303..26054.972 rows=14163601 loops=1)
  Hash Cond: (ci.movie_id = t.id)
  ->  Seq Scan on cast_info ci  (cost=0.00..796071.18 rows=6284041 width=4) (actual time=226.890..12654.952 rows=2676877 loops=1)
        Filter: ((person_id < 934815) AND (role_id > 1))
        Rows Removed by Filter: 33567467
  ->  Hash  (cost=282873.48..282873.48 rows=3707969 width=8) (actual time=7878.992..7878.992 rows=3704871 loops=1)
        Buckets: 131072  Batches: 64  Memory Usage: 3308kB
        ->  Hash Join  (cost=102767.86..282873.48 rows=3707969 width=8) (actual time=2007.619..6876.694 rows=3704871 loops=1)
              Hash Cond: (mk.movie_id = t.id)
              ->  Seq Scan on movie_keyword mk  (cost=0.00..81003.12 rows=3707969 width=4) (actual time=0.033..1806.103 rows=3704871 loops=1)
                    Filter: (keyword_id > 784)
                    Rows Removed by Filter: 819059
              ->  Hash  (cost=61283.27..61283.27 rows=2528527 width=4) (actual time=2006.348..2006.348 rows=2528312 loops=1)
                    Buckets: 131072  Batches: 64  Memory Usage: 2425kB
                    ->  Seq Scan on title t  (cost=0.00..61283.27 rows=2528527 width=4) (actual time=0.015..1132.435 rows=2528312 loops=1)
Planning time: 1.251 ms
Execution time: 27631.688 ms
