Hash Join  (cost=82955.72..168929.54 rows=44686 width=0) (actual time=2633.546..3455.836 rows=8528 loops=1)
  Hash Cond: (mk.movie_id = t.id)
  ->  Seq Scan on movie_keyword mk  (cost=0.00..81003.12 rows=205291 width=4) (actual time=0.031..1384.358 rows=221698 loops=1)
        Filter: (keyword_id < 174)
        Rows Removed by Filter: 4302232
  ->  Hash  (cost=73925.90..73925.90 rows=550385 width=4) (actual time=1854.787..1854.787 rows=602403 loops=1)
        Buckets: 131072  Batches: 8  Memory Usage: 3678kB
        ->  Seq Scan on title t  (cost=0.00..73925.90 rows=550385 width=4) (actual time=255.135..1379.394 rows=602403 loops=1)
              Filter: ((production_year > 2006) AND (kind_id = 7))
              Rows Removed by Filter: 1925909
Planning time: 0.744 ms
Execution time: 3457.687 ms
