Hash Join  (cost=580251.78..1971034.78 rows=12710374 width=0) (actual time=16175.800..72857.834 rows=75971966 loops=1)
  Hash Cond: (ci.movie_id = t.id)
  ->  Seq Scan on cast_info ci  (cost=0.00..614943.12 rows=36225612 width=4) (actual time=0.029..13596.258 rows=36244344 loops=1)
  ->  Hash  (cost=565696.06..565696.06 rows=887177 width=8) (actual time=16173.427..16173.427 rows=3401988 loops=1)
        Buckets: 131072 (originally 131072)  Batches: 64 (originally 16)  Memory Usage: 3154kB
        ->  Hash Join  (cost=76423.37..565696.06 rows=887177 width=8) (actual time=1130.886..15077.046 rows=3401988 loops=1)
              Hash Cond: (mi.movie_id = t.id)
              ->  Seq Scan on movie_info mi  (cost=0.00..309384.22 rows=14739122 width=4) (actual time=0.019..6139.900 rows=14835720 loops=1)
              ->  Hash  (cost=73925.90..73925.90 rows=152197 width=4) (actual time=1130.109..1130.109 rows=287134 loops=1)
                    Buckets: 131072 (originally 131072)  Batches: 4 (originally 2)  Memory Usage: 3554kB
                    ->  Seq Scan on title t  (cost=0.00..73925.90 rows=152197 width=4) (actual time=0.014..1027.091 rows=287134 loops=1)
                          Filter: ((production_year < 1984) AND (kind_id = 1))
                          Rows Removed by Filter: 2241178
Planning time: 2.486 ms
Execution time: 81461.611 ms
