Hash Join  (cost=83072.95..833862.69 rows=62 width=0) (actual time=1375.386..16528.433 rows=1202 loops=1)
  Hash Cond: (ci.movie_id = t.id)
  ->  Seq Scan on cast_info ci  (cost=0.00..614943.12 rows=36225612 width=4) (actual time=0.014..8606.469 rows=36244344 loops=1)
  ->  Hash  (cost=83072.90..83072.90 rows=4 width=8) (actual time=1370.592..1370.592 rows=10 loops=1)
        Buckets: 1024  Batches: 1  Memory Usage: 9kB
        ->  Nested Loop  (cost=0.43..83072.90 rows=4 width=8) (actual time=70.264..1370.568 rows=10 loops=1)
              ->  Seq Scan on movie_keyword mk  (cost=0.00..81003.12 rows=246 width=4) (actual time=0.713..1355.654 rows=323 loops=1)
                    Filter: (keyword_id = 27553)
                    Rows Removed by Filter: 4523607
              ->  Index Scan using title_pkey on title t  (cost=0.43..8.40 rows=1 width=4) (actual time=0.044..0.044 rows=0 loops=323)
                    Index Cond: (id = mk.movie_id)
                    Filter: ((kind_id < 7) AND (production_year = 2007))
                    Rows Removed by Filter: 1
Planning time: 2.672 ms
Execution time: 16529.535 ms
