Hash Join  (cost=74281.64..164467.61 rows=26758 width=0) (actual time=1153.954..3110.065 rows=47452 loops=1)
  Hash Cond: (mk.movie_id = t.id)
  ->  Seq Scan on movie_keyword mk  (cost=0.00..81003.12 rows=2377402 width=4) (actual time=0.014..1556.997 rows=2369544 loops=1)
        Filter: (keyword_id > 4066)
        Rows Removed by Filter: 2154386
  ->  Hash  (cost=73925.90..73925.90 rows=28459 width=4) (actual time=1153.705..1153.705 rows=16117 loops=1)
        Buckets: 32768  Batches: 1  Memory Usage: 823kB
        ->  Seq Scan on title t  (cost=0.00..73925.90 rows=28459 width=4) (actual time=482.139..1146.892 rows=16117 loops=1)
              Filter: ((kind_id = 1) AND (production_year = 2006))
              Rows Removed by Filter: 2512195
Planning time: 0.784 ms
Execution time: 3116.343 ms
