Hash Join  (cost=59523.76..410497.20 rows=94 width=0) (actual time=817.914..6305.733 rows=497 loops=1)
  Hash Cond: (mi.movie_id = t.id)
  ->  Seq Scan on movie_info mi  (cost=0.00..346232.03 rows=1264125 width=4) (actual time=0.014..5301.415 rows=1288928 loops=1)
        Filter: (info_type_id = 2)
        Rows Removed by Filter: 13546792
  ->  Hash  (cost=59521.40..59521.40 rows=189 width=8) (actual time=814.524..814.524 rows=507 loops=1)
        Buckets: 1024  Batches: 1  Memory Usage: 28kB
        ->  Nested Loop  (cost=0.43..59521.40 rows=189 width=8) (actual time=0.111..814.227 rows=507 loops=1)
              ->  Seq Scan on movie_companies mc  (cost=0.00..57926.93 rows=189 width=4) (actual time=0.051..783.354 rows=507 loops=1)
                    Filter: ((company_id < 2) AND (company_type_id > 1))
                    Rows Removed by Filter: 2608622
              ->  Index Only Scan using title_pkey on title t  (cost=0.43..8.43 rows=1 width=4) (actual time=0.060..0.060 rows=1 loops=507)
                    Index Cond: (id = mc.movie_id)
                    Heap Fetches: 507
Planning time: 1.168 ms
Execution time: 6306.003 ms
