Hash Join  (cost=170242.17..928385.55 rows=735422 width=0) (actual time=3442.395..21092.248 rows=347067 loops=1)
  Hash Cond: (ci.movie_id = t.id)
  ->  Seq Scan on cast_info ci  (cost=0.00..614943.12 rows=36225612 width=4) (actual time=0.022..9320.896 rows=36244344 loops=1)
  ->  Hash  (cost=169600.52..169600.52 rows=51332 width=8) (actual time=3441.261..3441.261 rows=10756 loops=1)
        Buckets: 65536  Batches: 1  Memory Usage: 933kB
        ->  Hash Join  (cost=74369.53..169600.52 rows=51332 width=8) (actual time=2537.440..3437.338 rows=10756 loops=1)
              Hash Cond: (mk.movie_id = t.id)
              ->  Seq Scan on movie_keyword mk  (cost=0.00..81003.12 rows=3657213 width=4) (actual time=0.016..1568.857 rows=3654913 loops=1)
                    Filter: (keyword_id > 825)
                    Rows Removed by Filter: 869017
              ->  Hash  (cost=73925.90..73925.90 rows=35490 width=4) (actual time=1276.691..1276.691 rows=39698 loops=1)
                    Buckets: 65536  Batches: 1  Memory Usage: 1908kB
                    ->  Seq Scan on title t  (cost=0.00..73925.90 rows=35490 width=4) (actual time=242.178..1260.058 rows=39698 loops=1)
                          Filter: ((kind_id = 7) AND (production_year = 2001))
                          Rows Removed by Filter: 2488614
Planning time: 1.196 ms
Execution time: 21138.869 ms
