Seq Scan on cast_info ci  (cost=0.00..796071.18 rows=1419024 width=0) (actual time=3929.589..11511.651 rows=3223895 loops=1)
  Filter: ((person_id > 3468991) AND (role_id > 2))
  Rows Removed by Filter: 33020449
Planning time: 0.335 ms
Execution time: 11907.197 ms
