Hash Join  (cost=102767.86..220989.94 rows=1136182 width=0) (actual time=1930.158..5240.980 rows=1145212 loops=1)
  Hash Cond: (mk.movie_id = t.id)
  ->  Seq Scan on movie_keyword mk  (cost=0.00..81003.12 rows=1136182 width=4) (actual time=0.019..1557.791 rows=1145212 loops=1)
        Filter: (keyword_id < 1304)
        Rows Removed by Filter: 3378718
  ->  Hash  (cost=61283.27..61283.27 rows=2528527 width=4) (actual time=1927.555..1927.555 rows=2528312 loops=1)
        Buckets: 131072  Batches: 64  Memory Usage: 2425kB
        ->  Seq Scan on title t  (cost=0.00..61283.27 rows=2528527 width=4) (actual time=0.017..1099.676 rows=2528312 loops=1)
Planning time: 0.746 ms
Execution time: 5380.214 ms
