Hash Join  (cost=365418.15..1652646.22 rows=29290271 width=0) (actual time=10023.865..61391.555 rows=100789391 loops=1)
  Hash Cond: (ci.movie_id = t.id)
  ->  Seq Scan on cast_info ci  (cost=0.00..705507.15 rows=16370996 width=4) (actual time=0.916..13798.720 rows=16239156 loops=1)
        Filter: (person_id < 1607306)
        Rows Removed by Filter: 20005188
  ->  Hash  (cost=291197.02..291197.02 rows=4523930 width=8) (actual time=8335.786..8335.786 rows=4523930 loops=1)
        Buckets: 131072  Batches: 64  Memory Usage: 3816kB
        ->  Hash Join  (cost=102767.86..291197.02 rows=4523930 width=8) (actual time=2028.500..7132.954 rows=4523930 loops=1)
              Hash Cond: (mk.movie_id = t.id)
              ->  Seq Scan on movie_keyword mk  (cost=0.00..69693.30 rows=4523930 width=4) (actual time=0.013..1528.032 rows=4523930 loops=1)
              ->  Hash  (cost=61283.27..61283.27 rows=2528527 width=4) (actual time=2025.430..2025.430 rows=2528312 loops=1)
                    Buckets: 131072  Batches: 64  Memory Usage: 2425kB
                    ->  Seq Scan on title t  (cost=0.00..61283.27 rows=2528527 width=4) (actual time=0.023..1164.517 rows=2528312 loops=1)
Planning time: 1.424 ms
Execution time: 72941.726 ms
