Hash Join  (cost=83074.74..447745.01 rows=1434 width=0) (actual time=1291.459..8088.323 rows=57779 loops=1)
  Hash Cond: (mi.movie_id = t.id)
  ->  Seq Scan on movie_info mi  (cost=0.00..309384.22 rows=14739122 width=4) (actual time=0.023..4117.822 rows=14835720 loops=1)
  ->  Hash  (cost=83071.67..83071.67 rows=246 width=8) (actual time=1289.682..1289.682 rows=672 loops=1)
        Buckets: 1024  Batches: 1  Memory Usage: 35kB
        ->  Nested Loop  (cost=0.43..83071.67 rows=246 width=8) (actual time=0.703..1289.147 rows=672 loops=1)
              ->  Seq Scan on movie_keyword mk  (cost=0.00..81003.12 rows=246 width=4) (actual time=0.634..1260.740 rows=672 loops=1)
                    Filter: (keyword_id = 6159)
                    Rows Removed by Filter: 4523258
              ->  Index Only Scan using title_pkey on title t  (cost=0.43..8.40 rows=1 width=4) (actual time=0.040..0.041 rows=1 loops=672)
                    Index Cond: (id = mk.movie_id)
                    Heap Fetches: 672
Planning time: 1.217 ms
Execution time: 8097.048 ms
