Hash Join  (cost=214284.46..579788.32 rows=256604 width=0) (actual time=7066.870..11175.726 rows=554256 loops=1)
  Hash Cond: (mi.movie_id = t.id)
  ->  Seq Scan on movie_info mi  (cost=0.00..346232.03 rows=1272478 width=4) (actual time=2410.339..5615.629 rows=1325361 loops=1)
        Filter: (info_type_id = 8)
        Rows Removed by Filter: 13510359
  ->  Hash  (cost=205918.78..205918.78 rows=509895 width=8) (actual time=4655.612..4655.612 rows=509486 loops=1)
        Buckets: 131072  Batches: 8  Memory Usage: 3578kB
        ->  Hash Join  (cost=102767.86..205918.78 rows=509895 width=8) (actual time=2001.510..4507.462 rows=509486 loops=1)
              Hash Cond: (mk.movie_id = t.id)
              ->  Seq Scan on movie_keyword mk  (cost=0.00..81003.12 rows=509895 width=4) (actual time=0.046..1373.222 rows=509486 loops=1)
                    Filter: (keyword_id < 373)
                    Rows Removed by Filter: 4014444
              ->  Hash  (cost=61283.27..61283.27 rows=2528527 width=4) (actual time=1999.866..1999.866 rows=2528312 loops=1)
                    Buckets: 131072  Batches: 64  Memory Usage: 2425kB
                    ->  Seq Scan on title t  (cost=0.00..61283.27 rows=2528527 width=4) (actual time=0.017..1113.463 rows=2528312 loops=1)
Planning time: 1.130 ms
Execution time: 11248.037 ms
