Nested Loop  (cost=0.43..83072.90 rows=1 width=0) (actual time=226.873..1327.059 rows=2 loops=1)
  ->  Seq Scan on movie_keyword mk  (cost=0.00..81003.12 rows=246 width=4) (actual time=2.190..1273.450 rows=1744 loops=1)
        Filter: (keyword_id = 1809)
        Rows Removed by Filter: 4522186
  ->  Index Scan using title_pkey on title t  (cost=0.43..8.40 rows=1 width=4) (actual time=0.030..0.030 rows=0 loops=1744)
        Index Cond: (id = mk.movie_id)
        Filter: ((production_year > 2008) AND (kind_id = 6))
        Rows Removed by Filter: 1
Planning time: 0.761 ms
Execution time: 1327.176 ms
