Nested Loop  (cost=0.43..83072.29 rows=150 width=0) (actual time=212.796..1538.058 rows=147 loops=1)
  ->  Seq Scan on movie_keyword mk  (cost=0.00..81003.12 rows=246 width=4) (actual time=0.214..1447.952 rows=1300 loops=1)
        Filter: (keyword_id = 576)
        Rows Removed by Filter: 4522630
  ->  Index Scan using title_pkey on title t  (cost=0.43..8.40 rows=1 width=4) (actual time=0.068..0.068 rows=0 loops=1300)
        Index Cond: (id = mk.movie_id)
        Filter: (kind_id = 7)
        Rows Removed by Filter: 1
Planning time: 0.745 ms
Execution time: 1538.209 ms
