Hash Join  (cost=161817.98..1255389.00 rows=5818085 width=0) (actual time=3464.604..39383.674 rows=21386611 loops=1)
  Hash Cond: (ci.movie_id = t.id)
  ->  Seq Scan on cast_info ci  (cost=0.00..614943.12 rows=36225612 width=4) (actual time=0.019..13668.987 rows=36244344 loops=1)
  ->  Hash  (cost=155154.74..155154.74 rows=406099 width=8) (actual time=3463.777..3463.777 rows=569088 loops=1)
        Buckets: 131072  Batches: 8  Memory Usage: 3796kB
        ->  Hash Join  (cost=83810.17..155154.74 rows=406099 width=8) (actual time=1521.162..3296.318 rows=569088 loops=1)
              Hash Cond: (mc.movie_id = t.id)
              ->  Seq Scan on movie_companies mc  (cost=0.00..51404.11 rows=1039591 width=4) (actual time=0.027..901.792 rows=1037160 loops=1)
                    Filter: (company_id < 5894)
                    Rows Removed by Filter: 1571969
              ->  Hash  (cost=67604.59..67604.59 rows=987727 width=4) (actual time=1520.067..1520.067 rows=985048 loops=1)
                    Buckets: 131072  Batches: 16  Memory Usage: 3188kB
                    ->  Seq Scan on title t  (cost=0.00..67604.59 rows=987727 width=4) (actual time=0.020..1215.296 rows=985048 loops=1)
                          Filter: (kind_id < 7)
                          Rows Removed by Filter: 1543264
Planning time: 4.240 ms
Execution time: 41690.052 ms
