Nested Loop  (cost=0.43..58375.31 rows=40 width=0) (actual time=402.204..777.860 rows=154 loops=1)
  ->  Seq Scan on movie_companies mc  (cost=0.00..57926.93 rows=53 width=4) (actual time=376.742..772.867 rows=261 loops=1)
        Filter: ((company_id = 40708) AND (company_type_id = 2))
        Rows Removed by Filter: 2608868
  ->  Index Scan using title_pkey on title t  (cost=0.43..8.45 rows=1 width=4) (actual time=0.018..0.018 rows=1 loops=261)
        Index Cond: (id = mc.movie_id)
        Filter: (production_year < 2010)
        Rows Removed by Filter: 0
Planning time: 0.797 ms
Execution time: 778.032 ms
