Seq Scan on movie_companies mc  (cost=0.00..51404.11 rows=840301 width=0) (actual time=109.851..951.714 rows=849948 loops=1)
  Filter: (company_id > 25245)
  Rows Removed by Filter: 1759181
Planning time: 0.332 ms
Execution time: 1062.072 ms
