Hash Join  (cost=192110.29..343264.53 rows=2392721 width=0) (actual time=4572.823..10411.570 rows=10419310 loops=1)
  Hash Cond: (mk.movie_id = t.id)
  ->  Seq Scan on movie_keyword mk  (cost=0.00..69693.30 rows=4523930 width=4) (actual time=0.014..1550.519 rows=4523930 loops=1)
  ->  Hash  (cost=170168.46..170168.46 rows=1337346 width=8) (actual time=4571.958..4571.958 rows=1375754 loops=1)
        Buckets: 131072  Batches: 32  Memory Usage: 2719kB
        ->  Hash Join  (cost=107805.47..170168.46 rows=1337346 width=8) (actual time=2260.442..4181.198 rows=1375754 loops=1)
              Hash Cond: (mi_idx.movie_id = t.id)
              ->  Seq Scan on movie_info_idx mi_idx  (cost=0.00..21735.35 rows=1380035 width=4) (actual time=0.013..488.693 rows=1380035 loops=1)
              ->  Hash  (cost=67604.59..67604.59 rows=2450311 width=4) (actual time=2258.912..2258.912 rows=2448530 loops=1)
                    Buckets: 131072  Batches: 64  Memory Usage: 2371kB
                    ->  Seq Scan on title t  (cost=0.00..67604.59 rows=2450311 width=4) (actual time=0.015..1442.119 rows=2448530 loops=1)
                          Filter: (production_year > 1900)
                          Rows Removed by Filter: 79782
Planning time: 1.121 ms
Execution time: 11472.744 ms
