Seq Scan on movie_companies mc  (cost=0.00..57926.93 rows=3989 width=0) (actual time=5.509..723.907 rows=2708 loops=1)
  Filter: ((company_id = 302) AND (company_type_id = 2))
  Rows Removed by Filter: 2606421
Planning time: 0.430 ms
Execution time: 724.528 ms
