Nested Loop  (cost=0.43..798787.41 rows=324 width=0) (actual time=5599.978..14029.940 rows=123 loops=1)
  ->  Seq Scan on cast_info ci  (cost=0.00..796071.18 rows=324 width=4) (actual time=5599.870..14027.923 rows=123 loops=1)
        Filter: ((role_id > 1) AND (person_id = 2984838))
        Rows Removed by Filter: 36244221
  ->  Index Only Scan using title_pkey on title t  (cost=0.43..8.37 rows=1 width=4) (actual time=0.015..0.015 rows=1 loops=123)
        Index Cond: (id = ci.movie_id)
        Heap Fetches: 123
Planning time: 0.773 ms
Execution time: 14030.044 ms
