Seq Scan on movie_keyword mk  (cost=0.00..81003.12 rows=3329970 width=0) (actual time=0.023..1615.000 rows=3321711 loops=1)
  Filter: (keyword_id < 15271)
  Rows Removed by Filter: 1202219
Planning time: 0.343 ms
Execution time: 2045.393 ms
