Seq Scan on movie_keyword mk  (cost=0.00..81003.12 rows=2165744 width=0) (actual time=0.019..1505.781 rows=2169032 loops=1)
  Filter: (keyword_id < 4196)
  Rows Removed by Filter: 2354898
Planning time: 0.298 ms
Execution time: 1781.029 ms
