Seq Scan on movie_companies mc  (cost=0.00..57926.93 rows=53 width=0) (actual time=88.789..877.569 rows=119 loops=1)
  Filter: ((company_type_id > 1) AND (company_id = 14888))
  Rows Removed by Filter: 2609010
Planning time: 0.408 ms
Execution time: 877.721 ms
