Hash Join  (cost=213412.04..1107086.65 rows=2330417 width=0) (actual time=6880.001..26853.298 rows=9841084 loops=1)
  Hash Cond: (ci.movie_id = t.id)
  ->  Seq Scan on cast_info ci  (cost=0.00..705507.15 rows=12726058 width=4) (actual time=2397.374..13468.134 rows=12670688 loops=1)
        Filter: (role_id = 1)
        Rows Removed by Filter: 23573656
  ->  Hash  (cost=205815.18..205815.18 rows=463028 width=8) (actual time=4481.625..4481.625 rows=507228 loops=1)
        Buckets: 131072  Batches: 8  Memory Usage: 3415kB
        ->  Hash Join  (cost=78171.87..205815.18 rows=463028 width=8) (actual time=1146.950..4342.998 rows=507228 loops=1)
              Hash Cond: (mk.movie_id = t.id)
              ->  Seq Scan on movie_keyword mk  (cost=0.00..69693.30 rows=4523930 width=4) (actual time=0.028..1448.004 rows=4523930 loops=1)
              ->  Hash  (cost=73925.90..73925.90 rows=258797 width=4) (actual time=1146.206..1146.206 rows=227847 loops=1)
                    Buckets: 131072  Batches: 4  Memory Usage: 3038kB
                    ->  Seq Scan on title t  (cost=0.00..73925.90 rows=258797 width=4) (actual time=0.029..1071.092 rows=227847 loops=1)
                          Filter: ((kind_id < 7) AND (production_year > 2008))
                          Rows Removed by Filter: 2300465
Planning time: 1.218 ms
Execution time: 27932.702 ms
