Seq Scan on movie_companies mc  (cost=0.00..51404.11 rows=104 width=0) (actual time=43.148..694.485 rows=13 loops=1)
  Filter: (company_id = 17714)
  Rows Removed by Filter: 2609116
Planning time: 1.048 ms
Execution time: 694.565 ms
