Hash Join  (cost=102767.86..245755.89 rows=2165471 width=0) (actual time=2234.621..5789.892 rows=2167745 loops=1)
  Hash Cond: (mk.movie_id = t.id)
  ->  Seq Scan on movie_keyword mk  (cost=0.00..81003.12 rows=2165471 width=4) (actual time=0.022..1519.141 rows=2167745 loops=1)
        Filter: (keyword_id < 4194)
        Rows Removed by Filter: 2356185
  ->  Hash  (cost=61283.27..61283.27 rows=2528527 width=4) (actual time=2233.667..2233.667 rows=2528312 loops=1)
        Buckets: 131072  Batches: 64  Memory Usage: 2425kB
        ->  Seq Scan on title t  (cost=0.00..61283.27 rows=2528527 width=4) (actual time=0.015..1100.032 rows=2528312 loops=1)
Planning time: 0.771 ms
Execution time: 6046.649 ms
