Hash Join  (cost=113349.02..1091369.40 rows=1128446 width=0) (actual time=2337.042..24969.260 rows=1332526 loops=1)
  Hash Cond: (ci.movie_id = t.id)
  ->  Seq Scan on cast_info ci  (cost=0.00..705507.15 rows=22549814 width=4) (actual time=0.017..13901.476 rows=22406410 loops=1)
        Filter: (person_id < 2284492)
        Rows Removed by Filter: 13837934
  ->  Hash  (cost=111272.36..111272.36 rows=126533 width=8) (actual time=2336.245..2336.245 rows=69471 loops=1)
        Buckets: 131072  Batches: 2  Memory Usage: 2377kB
        ->  Hash Join  (cost=71408.55..111272.36 rows=126533 width=8) (actual time=1277.602..2313.655 rows=69471 loops=1)
              Hash Cond: (mi_idx.movie_id = t.id)
              ->  Seq Scan on movie_info_idx mi_idx  (cost=0.00..21735.35 rows=1380035 width=4) (actual time=0.018..441.799 rows=1380035 loops=1)
              ->  Hash  (cost=67604.59..67604.59 rows=231837 width=4) (actual time=1276.931..1276.931 rows=231649 loops=1)
                    Buckets: 131072  Batches: 4  Memory Usage: 3076kB
                    ->  Seq Scan on title t  (cost=0.00..67604.59 rows=231837 width=4) (actual time=0.024..1185.765 rows=231649 loops=1)
                          Filter: (production_year > 2011)
                          Rows Removed by Filter: 2296663
Planning time: 1.212 ms
Execution time: 25125.190 ms
