Seq Scan on movie_keyword mk  (cost=0.00..81003.12 rows=246 width=0) (actual time=2.171..1273.055 rows=249 loops=1)
  Filter: (keyword_id = 7820)
  Rows Removed by Filter: 4523681
Planning time: 0.359 ms
Execution time: 1273.298 ms
