Hash Join  (cost=135643.92..222322.13 rows=2018 width=0) (actual time=2466.415..4327.976 rows=272169 loops=1)
  Hash Cond: (mk.movie_id = t.id)
  ->  Seq Scan on movie_keyword mk  (cost=0.00..69693.30 rows=4523930 width=4) (actual time=0.027..978.041 rows=4523930 loops=1)
  ->  Hash  (cost=135629.82..135629.82 rows=1128 width=8) (actual time=2466.294..2466.294 rows=8890 loops=1)
        Buckets: 16384 (originally 2048)  Batches: 1 (originally 1)  Memory Usage: 476kB
        ->  Hash Join  (cost=73961.74..135629.82 rows=1128 width=8) (actual time=1111.349..2462.466 rows=8890 loops=1)
              Hash Cond: (mc.movie_id = t.id)
              ->  Seq Scan on movie_companies mc  (cost=0.00..57926.93 rows=994629 width=4) (actual time=0.026..1118.054 rows=1274246 loops=1)
                    Filter: ((company_id < 70923) AND (company_type_id = 1))
                    Rows Removed by Filter: 1334883
              ->  Hash  (cost=73925.90..73925.90 rows=2867 width=4) (actual time=1111.285..1111.285 rows=8028 loops=1)
                    Buckets: 8192 (originally 4096)  Batches: 1 (originally 1)  Memory Usage: 347kB
                    ->  Seq Scan on title t  (cost=0.00..73925.90 rows=2867 width=4) (actual time=0.057..1107.371 rows=8028 loops=1)
                          Filter: ((kind_id < 6) AND (production_year = 1988))
                          Rows Removed by Filter: 2520284
Planning time: 1.210 ms
Execution time: 4363.111 ms
