Hash Join  (cost=102767.86..942816.49 rows=1417074 width=0) (actual time=6251.608..14032.548 rows=1344 loops=1)
  Hash Cond: (ci.movie_id = t.id)
  ->  Seq Scan on cast_info ci  (cost=0.00..796071.18 rows=1417074 width=4) (actual time=4277.815..11695.006 rows=1344 loops=1)
        Filter: ((person_id < 673821) AND (role_id = 2))
        Rows Removed by Filter: 36243000
  ->  Hash  (cost=61283.27..61283.27 rows=2528527 width=4) (actual time=1951.853..1951.853 rows=2528312 loops=1)
        Buckets: 131072  Batches: 64  Memory Usage: 2415kB
        ->  Seq Scan on title t  (cost=0.00..61283.27 rows=2528527 width=4) (actual time=0.033..1128.439 rows=2528312 loops=1)
Planning time: 9.572 ms
Execution time: 14032.897 ms
