Hash Join  (cost=155695.34..270090.06 rows=155876 width=0) (actual time=3771.057..5494.828 rows=61739 loops=1)
  Hash Cond: (mk.movie_id = t.id)
  ->  Seq Scan on movie_keyword mk  (cost=0.00..81003.12 rows=2703690 width=4) (actual time=0.016..1599.345 rows=2697633 loops=1)
        Filter: (keyword_id > 2999)
        Rows Removed by Filter: 1826297
  ->  Hash  (cost=153303.12..153303.12 rows=145777 width=8) (actual time=3069.101..3069.101 rows=58891 loops=1)
        Buckets: 131072  Batches: 2  Memory Usage: 2180kB
        ->  Hash Join  (cost=76243.83..153303.12 rows=145777 width=8) (actual time=1735.664..3047.955 rows=58891 loops=1)
              Hash Cond: (mc.movie_id = t.id)
              ->  Seq Scan on movie_companies mc  (cost=0.00..44881.29 rows=2609129 width=4) (actual time=0.016..870.057 rows=2609129 loops=1)
              ->  Hash  (cost=73925.90..73925.90 rows=141274 width=4) (actual time=1215.805..1215.805 rows=150659 loops=1)
                    Buckets: 131072  Batches: 2  Memory Usage: 3673kB
                    ->  Seq Scan on title t  (cost=0.00..73925.90 rows=141274 width=4) (actual time=0.031..1153.881 rows=150659 loops=1)
                          Filter: ((production_year > 2011) AND (kind_id = 7))
                          Rows Removed by Filter: 2377653
Planning time: 1.195 ms
Execution time: 5502.428 ms
