Seq Scan on movie_companies mc  (cost=0.00..51404.11 rows=699515 width=0) (actual time=0.044..886.302 rows=704355 loops=1)
  Filter: (company_id > 44736)
  Rows Removed by Filter: 1904774
Planning time: 0.368 ms
Execution time: 975.898 ms
