Seq Scan on movie_keyword mk  (cost=0.00..81003.12 rows=3291135 width=0) (actual time=0.026..1616.173 rows=3277081 loops=1)
  Filter: (keyword_id > 1584)
  Rows Removed by Filter: 1246849
Planning time: 0.378 ms
Execution time: 2038.611 ms
