Hash Join  (cost=190066.81..993267.62 rows=2857922 width=0) (actual time=5200.452..21635.758 rows=6833155 loops=1)
  Hash Cond: (ci.movie_id = t.id)
  ->  Seq Scan on cast_info ci  (cost=0.00..705507.15 rows=5536382 width=4) (actual time=733.853..11980.598 rows=5612020 loops=1)
        Filter: (person_id > 3090802)
        Rows Removed by Filter: 30632324
  ->  Hash  (cost=168652.25..168652.25 rows=1305245 width=8) (actual time=4465.843..4465.843 rows=1365044 loops=1)
        Buckets: 131072  Batches: 32  Memory Usage: 2692kB
        ->  Hash Join  (cost=106840.27..168652.25 rows=1305245 width=8) (actual time=2154.543..4091.794 rows=1365044 loops=1)
              Hash Cond: (mi_idx.movie_id = t.id)
              ->  Seq Scan on movie_info_idx mi_idx  (cost=0.00..21735.35 rows=1380035 width=4) (actual time=0.018..474.443 rows=1380035 loops=1)
              ->  Hash  (cost=67604.59..67604.59 rows=2391495 width=4) (actual time=2153.277..2153.277 rows=2388876 loops=1)
                    Buckets: 131072  Batches: 32  Memory Usage: 3646kB
                    ->  Seq Scan on title t  (cost=0.00..67604.59 rows=2391495 width=4) (actual time=0.027..1391.400 rows=2388876 loops=1)
                          Filter: (production_year < 2013)
                          Rows Removed by Filter: 139436
Planning time: 0.884 ms
Execution time: 22431.629 ms
