Seq Scan on movie_keyword mk  (cost=0.00..81003.12 rows=2967319 width=0) (actual time=0.022..1543.220 rows=2961386 loops=1)
  Filter: (keyword_id > 2343)
  Rows Removed by Filter: 1562544
Planning time: 0.348 ms
Execution time: 1906.025 ms
