Hash Join  (cost=102767.86..230454.62 rows=1529578 width=0) (actual time=1936.832..5026.002 rows=1540491 loops=1)
  Hash Cond: (mk.movie_id = t.id)
  ->  Seq Scan on movie_keyword mk  (cost=0.00..81003.12 rows=1529578 width=4) (actual time=0.024..1444.432 rows=1540491 loops=1)
        Filter: (keyword_id < 2261)
        Rows Removed by Filter: 2983439
  ->  Hash  (cost=61283.27..61283.27 rows=2528527 width=4) (actual time=1934.602..1934.602 rows=2528312 loops=1)
        Buckets: 131072  Batches: 64  Memory Usage: 2425kB
        ->  Seq Scan on title t  (cost=0.00..61283.27 rows=2528527 width=4) (actual time=0.013..1036.638 rows=2528312 loops=1)
Planning time: 0.762 ms
Execution time: 5209.210 ms
