Hash Join  (cost=146088.43..236785.34 rows=9534 width=0) (actual time=2426.081..4269.521 rows=2044 loops=1)
  Hash Cond: (mk.movie_id = t.id)
  ->  Seq Scan on movie_keyword mk  (cost=0.00..81003.12 rows=2559587 width=4) (actual time=0.023..1468.032 rows=2550201 loops=1)
        Filter: (keyword_id < 6427)
        Rows Removed by Filter: 1973729
  ->  Hash  (cost=145970.70..145970.70 rows=9418 width=8) (actual time=2416.444..2416.444 rows=865 loops=1)
        Buckets: 16384  Batches: 1  Memory Usage: 162kB
        ->  Hash Join  (cost=83810.17..145970.70 rows=9418 width=8) (actual time=1395.215..2415.923 rows=865 loops=1)
              Hash Cond: (mc.movie_id = t.id)
              ->  Seq Scan on movie_companies mc  (cost=0.00..57926.93 rows=24110 width=4) (actual time=0.124..874.648 rows=5188 loops=1)
                    Filter: ((company_type_id > 1) AND (company_id = 19))
                    Rows Removed by Filter: 2603941
              ->  Hash  (cost=67604.59..67604.59 rows=987727 width=4) (actual time=1381.479..1381.479 rows=985048 loops=1)
                    Buckets: 131072  Batches: 16  Memory Usage: 3188kB
                    ->  Seq Scan on title t  (cost=0.00..67604.59 rows=987727 width=4) (actual time=0.033..1089.740 rows=985048 loops=1)
                          Filter: (kind_id < 7)
                          Rows Removed by Filter: 1543264
Planning time: 1.054 ms
Execution time: 4270.279 ms
