Hash Join  (cost=108655.74..475139.10 rows=182745 width=0) (actual time=2037.164..9807.068 rows=89442 loops=1)
  Hash Cond: (mi.movie_id = t.id)
  ->  Seq Scan on movie_info mi  (cost=0.00..309384.22 rows=14739122 width=4) (actual time=0.022..4357.104 rows=14835720 loops=1)
  ->  Hash  (cost=108263.86..108263.86 rows=31350 width=8) (actual time=2036.839..2036.839 rows=14204 loops=1)
        Buckets: 32768  Batches: 1  Memory Usage: 811kB
        ->  Hash Join  (cost=76725.80..108263.86 rows=31350 width=8) (actual time=1358.195..2031.280 rows=14204 loops=1)
              Hash Cond: (mi_idx.movie_id = t.id)
              ->  Seq Scan on movie_info_idx mi_idx  (cost=0.00..25185.44 rows=464566 width=4) (actual time=0.016..459.078 rows=459925 loops=1)
                    Filter: (info_type_id = 101)
                    Rows Removed by Filter: 920110
              ->  Hash  (cost=73925.90..73925.90 rows=170632 width=4) (actual time=1355.702..1355.702 rows=170068 loops=1)
                    Buckets: 131072  Batches: 4  Memory Usage: 2534kB
                    ->  Seq Scan on title t  (cost=0.00..73925.90 rows=170632 width=4) (actual time=0.018..1296.119 rows=170068 loops=1)
                          Filter: ((kind_id > 1) AND (production_year > 2011))
                          Rows Removed by Filter: 2358244
Planning time: 1.153 ms
Execution time: 9821.797 ms
