Nested Loop  (cost=0.43..28266.72 rows=12 width=0) (actual time=299.236..396.181 rows=6 loops=1)
  ->  Seq Scan on movie_info_idx mi_idx  (cost=0.00..25185.44 rows=368 width=4) (actual time=297.904..392.605 rows=260 loops=1)
        Filter: (info_type_id > 101)
        Rows Removed by Filter: 1379775
  ->  Index Scan using title_pkey on title t  (cost=0.43..8.36 rows=1 width=4) (actual time=0.013..0.013 rows=0 loops=260)
        Index Cond: (id = mi_idx.movie_id)
        Filter: (production_year = 2004)
        Rows Removed by Filter: 1
Planning time: 2.842 ms
Execution time: 396.283 ms
