Hash Join  (cost=102767.86..949475.26 rows=1693798 width=0) (actual time=11058.680..17681.476 rows=3480478 loops=1)
  Hash Cond: (ci.movie_id = t.id)
  ->  Seq Scan on cast_info ci  (cost=0.00..796071.18 rows=1693798 width=4) (actual time=9150.075..12654.105 rows=3480478 loops=1)
        Filter: ((person_id > 2225646) AND (role_id = 10))
        Rows Removed by Filter: 32763866
  ->  Hash  (cost=61283.27..61283.27 rows=2528527 width=4) (actual time=1906.722..1906.722 rows=2528312 loops=1)
        Buckets: 131072  Batches: 64  Memory Usage: 2415kB
        ->  Seq Scan on title t  (cost=0.00..61283.27 rows=2528527 width=4) (actual time=0.012..1079.388 rows=2528312 loops=1)
Planning time: 0.769 ms
Execution time: 18098.698 ms
