Hash Join  (cost=263115.61..1184535.24 rows=4873689 width=0) (actual time=6237.399..31287.899 rows=21011363 loops=1)
  Hash Cond: (ci.movie_id = t.id)
  ->  Seq Scan on cast_info ci  (cost=0.00..796071.18 rows=4723130 width=4) (actual time=0.013..14372.100 rows=9695899 loops=1)
        Filter: ((person_id < 1322213) AND (role_id = 1))
        Rows Removed by Filter: 26548445
  ->  Hash  (cost=220309.49..220309.49 rows=2609129 width=8) (actual time=6235.305..6235.305 rows=2609129 loops=1)
        Buckets: 131072  Batches: 64  Memory Usage: 2610kB
        ->  Hash Join  (cost=102767.86..220309.49 rows=2609129 width=8) (actual time=1809.845..5525.210 rows=2609129 loops=1)
              Hash Cond: (mc.movie_id = t.id)
              ->  Seq Scan on movie_companies mc  (cost=0.00..44881.29 rows=2609129 width=4) (actual time=0.013..1068.321 rows=2609129 loops=1)
              ->  Hash  (cost=61283.27..61283.27 rows=2528527 width=4) (actual time=1808.614..1808.614 rows=2528312 loops=1)
                    Buckets: 131072  Batches: 64  Memory Usage: 2415kB
                    ->  Seq Scan on title t  (cost=0.00..61283.27 rows=2528527 width=4) (actual time=0.017..1002.390 rows=2528312 loops=1)
Planning time: 1.227 ms
Execution time: 33575.506 ms
