Nested Loop  (cost=0.43..798386.14 rows=86 width=0) (actual time=8877.499..13403.013 rows=2 loops=1)
  ->  Seq Scan on cast_info ci  (cost=0.00..796071.18 rows=276 width=4) (actual time=8877.438..13402.922 rows=2 loops=1)
        Filter: ((role_id < 3) AND (person_id = 1016180))
        Rows Removed by Filter: 36244342
  ->  Index Scan using title_pkey on title t  (cost=0.43..8.38 rows=1 width=4) (actual time=0.034..0.035 rows=1 loops=2)
        Index Cond: (id = ci.movie_id)
        Filter: (production_year > 2007)
Planning time: 1.797 ms
Execution time: 13403.123 ms
