Hash Join  (cost=74476.62..101627.56 rows=24046 width=0) (actual time=1297.108..2048.236 rows=85452 loops=1)
  Hash Cond: (mi_idx.movie_id = t.id)
  ->  Seq Scan on movie_info_idx mi_idx  (cost=0.00..21735.35 rows=1380035 width=4) (actual time=0.022..369.671 rows=1380035 loops=1)
  ->  Hash  (cost=73925.90..73925.90 rows=44057 width=4) (actual time=1116.779..1116.779 rows=163828 loops=1)
        Buckets: 131072 (originally 65536)  Batches: 2 (originally 1)  Memory Usage: 3905kB
        ->  Seq Scan on title t  (cost=0.00..73925.90 rows=44057 width=4) (actual time=566.354..1051.178 rows=163828 loops=1)
              Filter: ((production_year < 1951) AND (kind_id = 1))
              Rows Removed by Filter: 2364484
Planning time: 0.827 ms
Execution time: 2059.168 ms
