Hash Join  (cost=263115.61..1159005.44 rows=3793171 width=0) (actual time=6277.220..20198.013 rows=834488 loops=1)
  Hash Cond: (ci.movie_id = t.id)
  ->  Seq Scan on cast_info ci  (cost=0.00..796071.18 rows=3675991 width=4) (actual time=0.019..13037.150 rows=484530 loops=1)
        Filter: ((person_id < 1799396) AND (role_id = 2))
        Rows Removed by Filter: 35759814
  ->  Hash  (cost=220309.49..220309.49 rows=2609129 width=8) (actual time=6276.167..6276.167 rows=2609129 loops=1)
        Buckets: 131072  Batches: 64  Memory Usage: 2610kB
        ->  Hash Join  (cost=102767.86..220309.49 rows=2609129 width=8) (actual time=1937.001..5532.768 rows=2609129 loops=1)
              Hash Cond: (mc.movie_id = t.id)
              ->  Seq Scan on movie_companies mc  (cost=0.00..44881.29 rows=2609129 width=4) (actual time=0.017..951.502 rows=2609129 loops=1)
              ->  Hash  (cost=61283.27..61283.27 rows=2528527 width=4) (actual time=1935.662..1935.662 rows=2528312 loops=1)
                    Buckets: 131072  Batches: 64  Memory Usage: 2415kB
                    ->  Seq Scan on title t  (cost=0.00..61283.27 rows=2528527 width=4) (actual time=0.014..1086.276 rows=2528312 loops=1)
Planning time: 0.829 ms
Execution time: 20299.938 ms
