Seq Scan on cast_info ci  (cost=0.00..705507.15 rows=500 width=0) (actual time=3025.681..9442.043 rows=354 loops=1)
  Filter: (person_id = 3907646)
  Rows Removed by Filter: 36243990
Planning time: 0.356 ms
Execution time: 9442.157 ms
