Seq Scan on movie_keyword mk  (cost=0.00..81003.12 rows=1994833 width=0) (actual time=0.026..1417.173 rows=2003029 loops=1)
  Filter: (keyword_id > 6244)
  Rows Removed by Filter: 2520901
Planning time: 0.326 ms
Execution time: 1671.081 ms
