Hash Join  (cost=94699.36..186220.05 rows=4483 width=0) (actual time=1474.559..3253.491 rows=1611 loops=1)
  Hash Cond: (mk.movie_id = t.id)
  ->  Seq Scan on movie_keyword mk  (cost=0.00..81003.12 rows=2792730 width=4) (actual time=0.023..1385.061 rows=2781830 loops=1)
        Filter: (keyword_id < 8057)
        Rows Removed by Filter: 1742100
  ->  Hash  (cost=94648.62..94648.62 rows=4059 width=8) (actual time=1464.620..1464.620 rows=840 loops=1)
        Buckets: 4096  Batches: 1  Memory Usage: 65kB
        ->  Hash Join  (cost=67697.55..94648.62 rows=4059 width=8) (actual time=927.531..1464.123 rows=840 loops=1)
              Hash Cond: (mi_idx.movie_id = t.id)
              ->  Seq Scan on movie_info_idx mi_idx  (cost=0.00..21735.35 rows=1380035 width=4) (actual time=0.018..255.645 rows=1380035 loops=1)
              ->  Hash  (cost=67604.59..67604.59 rows=7437 width=4) (actual time=921.333..921.333 rows=7770 loops=1)
                    Buckets: 8192  Batches: 1  Memory Usage: 338kB
                    ->  Seq Scan on title t  (cost=0.00..67604.59 rows=7437 width=4) (actual time=461.852..918.105 rows=7770 loops=1)
                          Filter: (production_year = 1912)
                          Rows Removed by Filter: 2520542
Planning time: 1.171 ms
Execution time: 3253.889 ms
