Nested Loop  (cost=0.43..52283.95 rows=60 width=0) (actual time=21.532..847.364 rows=982 loops=1)
  ->  Seq Scan on movie_companies mc  (cost=0.00..51404.11 rows=104 width=4) (actual time=19.322..775.925 rows=2050 loops=1)
        Filter: (company_id = 171)
        Rows Removed by Filter: 2607079
  ->  Index Scan using title_pkey on title t  (cost=0.43..8.45 rows=1 width=4) (actual time=0.034..0.034 rows=0 loops=2050)
        Index Cond: (id = mc.movie_id)
        Filter: (production_year < 2006)
        Rows Removed by Filter: 1
Planning time: 0.804 ms
Execution time: 847.777 ms
