Hash Join  (cost=83074.74..437538.72 rows=214 width=0) (actual time=1185.240..5683.144 rows=507 loops=1)
  Hash Cond: (mi.movie_id = t.id)
  ->  Seq Scan on movie_info mi  (cost=0.00..346232.03 rows=2194617 width=4) (actual time=0.011..4204.526 rows=2233850 loops=1)
        Filter: (info_type_id > 16)
        Rows Removed by Filter: 12601870
  ->  Hash  (cost=83071.67..83071.67 rows=246 width=8) (actual time=1183.789..1183.789 rows=18 loops=1)
        Buckets: 1024  Batches: 1  Memory Usage: 9kB
        ->  Nested Loop  (cost=0.43..83071.67 rows=246 width=8) (actual time=39.727..1183.762 rows=18 loops=1)
              ->  Seq Scan on movie_keyword mk  (cost=0.00..81003.12 rows=246 width=4) (actual time=39.620..1180.978 rows=18 loops=1)
                    Filter: (keyword_id = 29536)
                    Rows Removed by Filter: 4523912
              ->  Index Only Scan using title_pkey on title t  (cost=0.43..8.40 rows=1 width=4) (actual time=0.147..0.148 rows=1 loops=18)
                    Index Cond: (id = mk.movie_id)
                    Heap Fetches: 18
Planning time: 1.145 ms
Execution time: 5683.363 ms
