Hash Join  (cost=103324.96..1502841.76 rows=31192662 width=0) (actual time=1988.814..45431.518 rows=32862592 loops=1)
  Hash Cond: (ci.movie_id = t.id)
  ->  Seq Scan on cast_info ci  (cost=0.00..614943.12 rows=36225612 width=4) (actual time=0.023..13000.001 rows=36244344 loops=1)
  ->  Hash  (cost=67604.59..67604.59 rows=2177230 width=4) (actual time=1987.535..1987.535 rows=2171163 loops=1)
        Buckets: 131072  Batches: 32  Memory Usage: 3412kB
        ->  Seq Scan on title t  (cost=0.00..67604.59 rows=2177230 width=4) (actual time=0.028..1284.853 rows=2171163 loops=1)
              Filter: (production_year > 1963)
              Rows Removed by Filter: 357149
Planning time: 0.861 ms
Execution time: 49179.913 ms
