Seq Scan on movie_companies mc  (cost=0.00..51404.11 rows=1285880 width=0) (actual time=0.024..869.337 rows=1277761 loops=1)
  Filter: (company_id < 11208)
  Rows Removed by Filter: 1331368
Planning time: 0.333 ms
Execution time: 1038.807 ms
