Nested Loop  (cost=32636.42..121021.28 rows=103 width=0) (actual time=1507.270..2158.168 rows=25 loops=1)
  ->  Hash Join  (cost=32635.99..116460.30 rows=5311 width=8) (actual time=834.481..2056.297 rows=4159 loops=1)
        Hash Cond: (mk.movie_id = mi_idx.movie_id)
        ->  Seq Scan on movie_keyword mk  (cost=0.00..81003.12 rows=5429 width=4) (actual time=0.253..1141.844 rows=4702 loops=1)
              Filter: (keyword_id = 275)
              Rows Removed by Filter: 4519228
        ->  Hash  (cost=25185.44..25185.44 rows=454124 width=4) (actual time=831.654..831.654 rows=459925 loops=1)
              Buckets: 131072  Batches: 8  Memory Usage: 3059kB
              ->  Seq Scan on movie_info_idx mi_idx  (cost=0.00..25185.44 rows=454124 width=4) (actual time=0.025..448.719 rows=459925 loops=1)
                    Filter: (info_type_id = 100)
                    Rows Removed by Filter: 920110
  ->  Index Scan using title_pkey on title t  (cost=0.43..0.85 rows=1 width=4) (actual time=0.024..0.024 rows=0 loops=4159)
        Index Cond: (id = mi_idx.movie_id)
        Filter: ((production_year < 1975) AND (kind_id = 7))
        Rows Removed by Filter: 1
Planning time: 1.217 ms
Execution time: 2158.560 ms
