Hash Join  (cost=439919.32..1485015.56 rows=1099301 width=0) (actual time=6654.380..32523.766 rows=2097644 loops=1)
  Hash Cond: (ci.movie_id = t.id)
  ->  Seq Scan on cast_info ci  (cost=0.00..614943.12 rows=36225612 width=4) (actual time=0.013..11521.722 rows=36244344 loops=1)
  ->  Hash  (cost=438660.18..438660.18 rows=76731 width=8) (actual time=6653.368..6653.368 rows=131398 loops=1)
        Buckets: 131072  Batches: 2  Memory Usage: 3588kB
        ->  Hash Join  (cost=76444.38..438660.18 rows=76731 width=8) (actual time=1691.030..6610.777 rows=131398 loops=1)
              Hash Cond: (mi.movie_id = t.id)
              ->  Seq Scan on movie_info mi  (cost=0.00..346232.03 rows=1264125 width=4) (actual time=529.138..4844.824 rows=1288928 loops=1)
                    Filter: (info_type_id = 2)
                    Rows Removed by Filter: 13546792
              ->  Hash  (cost=73925.90..73925.90 rows=153478 width=4) (actual time=1160.835..1160.835 rows=134760 loops=1)
                    Buckets: 131072  Batches: 4  Memory Usage: 2222kB
                    ->  Seq Scan on title t  (cost=0.00..73925.90 rows=153478 width=4) (actual time=0.061..1112.794 rows=134760 loops=1)
                          Filter: ((kind_id < 7) AND (production_year > 2010))
                          Rows Removed by Filter: 2393552
Planning time: 1.150 ms
Execution time: 32786.364 ms
