Nested Loop  (cost=0.43..709671.90 rows=500 width=0) (actual time=1189.878..10256.595 rows=470 loops=1)
  ->  Seq Scan on cast_info ci  (cost=0.00..705507.15 rows=500 width=4) (actual time=1189.783..10247.100 rows=470 loops=1)
        Filter: (person_id = 3015584)
        Rows Removed by Filter: 36243874
  ->  Index Only Scan using title_pkey on title t  (cost=0.43..8.32 rows=1 width=4) (actual time=0.019..0.019 rows=1 loops=470)
        Index Cond: (id = ci.movie_id)
        Heap Fetches: 470
Planning time: 3.953 ms
Execution time: 10256.809 ms
