Hash Join  (cost=102767.86..986394.62 rows=6991853 width=0) (actual time=6733.909..19316.781 rows=7061386 loops=1)
  Hash Cond: (ci.movie_id = t.id)
  ->  Seq Scan on cast_info ci  (cost=0.00..705507.15 rows=6991853 width=4) (actual time=4947.596..11680.014 rows=7061386 loops=1)
        Filter: (person_id > 2959749)
        Rows Removed by Filter: 29182958
  ->  Hash  (cost=61283.27..61283.27 rows=2528527 width=4) (actual time=1784.637..1784.637 rows=2528312 loops=1)
        Buckets: 131072  Batches: 64  Memory Usage: 2415kB
        ->  Seq Scan on title t  (cost=0.00..61283.27 rows=2528527 width=4) (actual time=0.018..944.142 rows=2528312 loops=1)
Planning time: 0.735 ms
Execution time: 20131.534 ms
