Seq Scan on cast_info ci  (cost=0.00..705507.15 rows=17857451 width=0) (actual time=0.021..11210.926 rows=17978069 loops=1)
  Filter: (person_id > 1814565)
  Rows Removed by Filter: 18266275
Planning time: 0.316 ms
Execution time: 13492.522 ms
