Nested Loop  (cost=0.43..797179.11 rows=131 width=0) (actual time=7686.531..12187.763 rows=1 loops=1)
  ->  Seq Scan on cast_info ci  (cost=0.00..796071.18 rows=131 width=4) (actual time=7686.340..12187.567 rows=1 loops=1)
        Filter: ((role_id > 4) AND (person_id = 3088161))
        Rows Removed by Filter: 36244343
  ->  Index Only Scan using title_pkey on title t  (cost=0.43..8.45 rows=1 width=4) (actual time=0.103..0.105 rows=1 loops=1)
        Index Cond: (id = ci.movie_id)
        Heap Fetches: 1
Planning time: 0.725 ms
Execution time: 12187.838 ms
