Hash Join  (cost=468642.87..1451883.56 rows=604146 width=0) (actual time=9743.324..28838.687 rows=310591 loops=1)
  Hash Cond: (ci.movie_id = t.id)
  ->  Seq Scan on cast_info ci  (cost=0.00..614943.12 rows=36225612 width=4) (actual time=0.012..8793.796 rows=36244344 loops=1)
  ->  Hash  (cost=468115.76..468115.76 rows=42169 width=8) (actual time=9740.017..9740.017 rows=39282 loops=1)
        Buckets: 65536  Batches: 1  Memory Usage: 2047kB
        ->  Hash Join  (cost=67697.55..468115.76 rows=42169 width=8) (actual time=1029.010..9721.824 rows=39282 loops=1)
              Hash Cond: (mi.movie_id = t.id)
              ->  Seq Scan on movie_info mi  (cost=0.00..346232.03 rows=14337199 width=4) (actual time=0.021..6440.750 rows=14370084 loops=1)
                    Filter: (info_type_id < 104)
                    Rows Removed by Filter: 465636
              ->  Hash  (cost=67604.59..67604.59 rows=7437 width=4) (actual time=949.810..949.810 rows=3781 loops=1)
                    Buckets: 8192  Batches: 1  Memory Usage: 197kB
                    ->  Seq Scan on title t  (cost=0.00..67604.59 rows=7437 width=4) (actual time=438.537..948.053 rows=3781 loops=1)
                          Filter: (production_year = 1918)
                          Rows Removed by Filter: 2524531
Planning time: 2.671 ms
Execution time: 28879.985 ms
