Hash Join  (cost=199652.22..714427.90 rows=1550587 width=0) (actual time=3967.230..17602.816 rows=12892217 loops=1)
  Hash Cond: (mi.movie_id = t.id)
  ->  Seq Scan on movie_info mi  (cost=0.00..309384.22 rows=14739122 width=4) (actual time=0.011..5186.298 rows=14835720 loops=1)
  ->  Hash  (cost=195287.15..195287.15 rows=266006 width=8) (actual time=3816.763..3816.763 rows=422335 loops=1)
        Buckets: 131072 (originally 131072)  Batches: 8 (originally 4)  Memory Usage: 3073kB
        ->  Hash Join  (cost=70044.05..195287.15 rows=266006 width=8) (actual time=1031.391..3694.160 rows=422335 loops=1)
              Hash Cond: (mk.movie_id = t.id)
              ->  Seq Scan on movie_keyword mk  (cost=0.00..69693.30 rows=4523930 width=4) (actual time=0.014..1233.387 rows=4523930 loops=1)
              ->  Hash  (cost=67604.59..67604.59 rows=148677 width=4) (actual time=1030.505..1030.505 rows=151511 loops=1)
                    Buckets: 131072  Batches: 2  Memory Usage: 3693kB
                    ->  Seq Scan on title t  (cost=0.00..67604.59 rows=148677 width=4) (actual time=0.019..976.372 rows=151511 loops=1)
                          Filter: (production_year < 1945)
                          Rows Removed by Filter: 2376801
Planning time: 1.432 ms
Execution time: 18815.531 ms
