Hash Join  (cost=113942.35..1164639.20 rows=1644476 width=0) (actual time=2062.196..28907.921 rows=3379711 loops=1)
  Hash Cond: (ci.movie_id = t.id)
  ->  Seq Scan on cast_info ci  (cost=0.00..614943.12 rows=36225612 width=4) (actual time=0.007..11603.484 rows=36244344 loops=1)
  ->  Hash  (cost=112058.56..112058.56 rows=114783 width=8) (actual time=2061.421..2061.421 rows=134831 loops=1)
        Buckets: 131072  Batches: 2  Memory Usage: 3667kB
        ->  Hash Join  (cost=77934.62..112058.56 rows=114783 width=8) (actual time=1171.726..2010.701 rows=134831 loops=1)
              Hash Cond: (mi_idx.movie_id = t.id)
              ->  Seq Scan on movie_info_idx mi_idx  (cost=0.00..25185.44 rows=460978 width=4) (actual time=0.020..431.788 rows=459925 loops=1)
                    Filter: (info_type_id < 100)
                    Rows Removed by Filter: 920110
              ->  Hash  (cost=67604.59..67604.59 rows=629603 width=4) (actual time=1170.571..1170.571 rows=622851 loops=1)
                    Buckets: 131072  Batches: 16  Memory Usage: 2387kB
                    ->  Seq Scan on title t  (cost=0.00..67604.59 rows=629603 width=4) (actual time=0.020..977.893 rows=622851 loops=1)
                          Filter: (production_year < 1987)
                          Rows Removed by Filter: 1905461
Planning time: 1.214 ms
Execution time: 29343.981 ms
