Seq Scan on cast_info ci  (cost=0.00..796071.18 rows=7493492 width=0) (actual time=7552.928..13200.416 rows=2005226 loops=1)
  Filter: ((person_id > 1459239) AND (role_id < 2))
  Rows Removed by Filter: 34239118
Planning time: 0.422 ms
Execution time: 13449.753 ms
