Hash Join  (cost=160526.42..276506.17 rows=707938 width=0) (actual time=4301.480..5828.775 rows=456078 loops=1)
  Hash Cond: (mk.movie_id = t.id)
  ->  Seq Scan on movie_keyword mk  (cost=0.00..81003.12 rows=2128600 width=4) (actual time=0.021..1517.869 rows=2132848 loops=1)
        Filter: (keyword_id < 3945)
        Rows Removed by Filter: 2391082
  ->  Hash  (cost=146729.58..146729.58 rows=840947 width=8) (actual time=3232.505..3232.505 rows=425718 loops=1)
        Buckets: 131072  Batches: 16  Memory Usage: 2068kB
        ->  Hash Join  (cost=92883.59..146729.58 rows=840947 width=8) (actual time=2139.190..3092.792 rows=425718 loops=1)
              Hash Cond: (mi_idx.movie_id = t.id)
              ->  Seq Scan on movie_info_idx mi_idx  (cost=0.00..21735.35 rows=1380035 width=4) (actual time=0.011..411.234 rows=1380035 loops=1)
              ->  Hash  (cost=67604.59..67604.59 rows=1540800 width=4) (actual time=1638.785..1638.785 rows=1543264 loops=1)
                    Buckets: 131072  Batches: 32  Memory Usage: 2722kB
                    ->  Seq Scan on title t  (cost=0.00..67604.59 rows=1540800 width=4) (actual time=0.025..1143.277 rows=1543264 loops=1)
                          Filter: (kind_id = 7)
                          Rows Removed by Filter: 985048
Planning time: 1.133 ms
Execution time: 5882.969 ms
