Hash Join  (cost=75709.76..188443.18 rows=112228 width=0) (actual time=1157.261..3371.347 rows=25054 loops=1)
  Hash Cond: (mk.movie_id = t.id)
  ->  Seq Scan on movie_keyword mk  (cost=0.00..81003.12 rows=2610406 width=4) (actual time=0.020..1405.337 rows=2596347 loops=1)
        Filter: (keyword_id > 3312)
        Rows Removed by Filter: 1927583
  ->  Hash  (cost=73925.90..73925.90 rows=108708 width=4) (actual time=1156.160..1156.160 rows=115965 loops=1)
        Buckets: 131072  Batches: 2  Memory Usage: 3068kB
        ->  Seq Scan on title t  (cost=0.00..73925.90 rows=108708 width=4) (actual time=0.028..1111.972 rows=115965 loops=1)
              Filter: ((kind_id > 3) AND (production_year = 2012))
              Rows Removed by Filter: 2412347
Planning time: 0.758 ms
Execution time: 3375.039 ms
