Seq Scan on movie_keyword mk  (cost=0.00..81003.12 rows=246 width=0) (actual time=3.527..1193.039 rows=587 loops=1)
  Filter: (keyword_id = 12169)
  Rows Removed by Filter: 4523343
Planning time: 0.315 ms
Execution time: 1193.386 ms
