Hash Join  (cost=156487.41..230088.03 rows=277779 width=0) (actual time=3154.414..5131.768 rows=832361 loops=1)
  Hash Cond: (mc.movie_id = t.id)
  ->  Seq Scan on movie_companies mc  (cost=0.00..51404.11 rows=1523657 width=4) (actual time=0.015..939.720 rows=1511450 loops=1)
        Filter: (company_id < 14085)
        Rows Removed by Filter: 1097679
  ->  Hash  (cost=148924.19..148924.19 rows=460978 width=8) (actual time=3153.560..3153.560 rows=459925 loops=1)
        Buckets: 131072  Batches: 8  Memory Usage: 3275kB
        ->  Hash Join  (cost=102767.86..148924.19 rows=460978 width=8) (actual time=1780.034..3025.663 rows=459925 loops=1)
              Hash Cond: (mi_idx.movie_id = t.id)
              ->  Seq Scan on movie_info_idx mi_idx  (cost=0.00..25185.44 rows=460978 width=4) (actual time=0.031..484.273 rows=459925 loops=1)
                    Filter: (info_type_id < 100)
                    Rows Removed by Filter: 920110
              ->  Hash  (cost=61283.27..61283.27 rows=2528527 width=4) (actual time=1778.839..1778.839 rows=2528312 loops=1)
                    Buckets: 131072  Batches: 64  Memory Usage: 2415kB
                    ->  Seq Scan on title t  (cost=0.00..61283.27 rows=2528527 width=4) (actual time=0.027..943.759 rows=2528312 loops=1)
Planning time: 1.917 ms
Execution time: 5233.506 ms
