Seq Scan on movie_companies mc  (cost=0.00..51404.11 rows=104 width=0) (actual time=4.462..728.937 rows=112 loops=1)
  Filter: (company_id = 8659)
  Rows Removed by Filter: 2609017
Planning time: 0.750 ms
Execution time: 729.058 ms
