Seq Scan on movie_companies mc  (cost=0.00..57926.93 rows=866458 width=0) (actual time=271.925..900.476 rows=682291 loops=1)
  Filter: ((company_id > 2165) AND (company_type_id < 2))
  Rows Removed by Filter: 1926838
Planning time: 0.346 ms
Execution time: 975.727 ms
