Hash Join  (cost=153911.19..655526.66 rows=547276 width=0) (actual time=3046.832..15042.852 rows=3004401 loops=1)
  Hash Cond: (mi.movie_id = t.id)
  ->  Seq Scan on movie_info mi  (cost=0.00..346232.03 rows=12928982 width=4) (actual time=0.020..6711.142 rows=12970088 loops=1)
        Filter: (info_type_id < 18)
        Rows Removed by Filter: 1865632
  ->  Hash  (cost=152154.30..152154.30 rows=107031 width=8) (actual time=2867.532..2867.532 rows=127152 loops=1)
        Buckets: 131072  Batches: 2  Memory Usage: 3509kB
        ->  Hash Join  (cost=75628.47..152154.30 rows=107031 width=8) (actual time=1062.329..2823.103 rows=127152 loops=1)
              Hash Cond: (mc.movie_id = t.id)
              ->  Seq Scan on movie_companies mc  (cost=0.00..44881.29 rows=2609129 width=4) (actual time=0.024..822.267 rows=2609129 loops=1)
              ->  Hash  (cost=73925.90..73925.90 rows=103725 width=4) (actual time=1061.588..1061.588 rows=98992 loops=1)
                    Buckets: 131072  Batches: 2  Memory Usage: 2760kB
                    ->  Seq Scan on title t  (cost=0.00..73925.90 rows=103725 width=4) (actual time=10.006..1027.172 rows=98992 loops=1)
                          Filter: ((kind_id < 2) AND (production_year > 2010))
                          Rows Removed by Filter: 2429320
Planning time: 1.160 ms
Execution time: 15420.207 ms
