Hash Join  (cost=151016.36..508775.78 rows=2166 width=0) (actual time=4029.386..6466.783 rows=24309 loops=1)
  Hash Cond: (mi.movie_id = t.id)
  ->  Seq Scan on movie_info mi  (cost=0.00..346232.03 rows=3068194 width=4) (actual time=1894.017..4049.299 rows=3036719 loops=1)
        Filter: (info_type_id = 16)
        Rows Removed by Filter: 11799001
  ->  Hash  (cost=150994.05..150994.05 rows=1785 width=8) (actual time=1951.244..1951.244 rows=3722 loops=1)
        Buckets: 4096 (originally 2048)  Batches: 1 (originally 1)  Memory Usage: 178kB
        ->  Hash Join  (cost=67697.55..150994.05 rows=1785 width=8) (actual time=849.148..1949.625 rows=3722 loops=1)
              Hash Cond: (mk.movie_id = t.id)
              ->  Seq Scan on movie_keyword mk  (cost=0.00..81003.12 rows=606807 width=4) (actual time=0.017..997.195 rows=611828 loops=1)
                    Filter: (keyword_id > 30193)
                    Rows Removed by Filter: 3912102
              ->  Hash  (cost=67604.59..67604.59 rows=7437 width=4) (actual time=846.891..846.891 rows=14235 loops=1)
                    Buckets: 16384 (originally 8192)  Batches: 1 (originally 1)  Memory Usage: 629kB
                    ->  Seq Scan on title t  (cost=0.00..67604.59 rows=7437 width=4) (actual time=0.092..840.755 rows=14235 loops=1)
                          Filter: (production_year = 1968)
                          Rows Removed by Filter: 2514077
Planning time: 1.092 ms
Execution time: 6470.219 ms
