Seq Scan on movie_companies mc  (cost=0.00..57926.93 rows=771330 width=0) (actual time=0.026..916.933 rows=478113 loops=1)
  Filter: ((company_id < 14002) AND (company_type_id > 1))
  Rows Removed by Filter: 2131016
Planning time: 0.226 ms
Execution time: 977.984 ms
