Hash Join  (cost=76765.46..170877.64 rows=4553 width=0) (actual time=761.836..2769.089 rows=9492 loops=1)
  Hash Cond: (mk.movie_id = t.id)
  ->  Seq Scan on movie_keyword mk  (cost=0.00..81003.12 rows=3483605 width=4) (actual time=0.019..1494.188 rows=3473564 loops=1)
        Filter: (keyword_id < 16878)
        Rows Removed by Filter: 1050366
  ->  Hash  (cost=76724.15..76724.15 rows=3305 width=8) (actual time=759.021..759.021 rows=3362 loops=1)
        Buckets: 4096  Batches: 1  Memory Usage: 164kB
        ->  Nested Loop  (cost=0.43..76724.15 rows=3305 width=8) (actual time=0.170..757.186 rows=3362 loops=1)
              ->  Seq Scan on movie_companies mc  (cost=0.00..51404.11 rows=3305 width=4) (actual time=0.123..699.433 rows=3362 loops=1)
                    Filter: (company_id = 401)
                    Rows Removed by Filter: 2605767
              ->  Index Only Scan using title_pkey on title t  (cost=0.43..7.65 rows=1 width=4) (actual time=0.016..0.016 rows=1 loops=3362)
                    Index Cond: (id = mc.movie_id)
                    Heap Fetches: 3362
Planning time: 0.786 ms
Execution time: 2770.553 ms
