Seq Scan on movie_keyword mk  (cost=0.00..81003.12 rows=1236546 width=0) (actual time=0.030..1313.594 rows=1248953 loops=1)
  Filter: (keyword_id > 14448)
  Rows Removed by Filter: 3274977
Planning time: 0.332 ms
Execution time: 1471.801 ms
