Seq Scan on movie_keyword mk  (cost=0.00..81003.12 rows=2379099 width=0) (actual time=0.013..1464.774 rows=2380424 loops=1)
  Filter: (keyword_id < 5457)
  Rows Removed by Filter: 2143506
Planning time: 0.287 ms
Execution time: 1793.847 ms
