Hash Join  (cost=83074.74..804788.00 rows=420 width=148) (actual time=11705.221..14457.751 rows=350 loops=1)
  Hash Cond: (ci.movie_id = t.id)
  ->  Seq Scan on cast_info ci  (cost=0.00..705507.15 rows=4320508 width=42) (actual time=10108.950..12309.418 rows=4323018 loops=1)
        Filter: (role_id = 10)
        Rows Removed by Filter: 31921326
  ->  Hash  (cost=83071.67..83071.67 rows=246 width=106) (actual time=1571.969..1571.969 rows=54 loops=1)
        Buckets: 1024  Batches: 1  Memory Usage: 15kB
        ->  Nested Loop  (cost=0.43..83071.67 rows=246 width=106) (actual time=0.502..1571.802 rows=54 loops=1)
              ->  Seq Scan on movie_keyword mk  (cost=0.00..81003.12 rows=246 width=12) (actual time=0.410..1569.108 rows=54 loops=1)
                    Filter: (keyword_id = 6632)
                    Rows Removed by Filter: 4523876
              ->  Index Scan using title_pkey on title t  (cost=0.43..8.40 rows=1 width=94) (actual time=0.041..0.042 rows=1 loops=54)
                    Index Cond: (id = mk.movie_id)
Planning time: 1.359 ms
Execution time: 14457.961 ms
