Seq Scan on movie_companies mc  (cost=0.00..57926.93 rows=1197 width=0) (actual time=129.769..798.101 rows=936 loops=1)
  Filter: ((company_id = 11245) AND (company_type_id = 2))
  Rows Removed by Filter: 2608193
Planning time: 0.351 ms
Execution time: 798.408 ms
