Hash Join  (cost=75818.69..164583.89 rows=84870 width=0) (actual time=1280.094..2864.481 rows=116299 loops=1)
  Hash Cond: (mk.movie_id = t.id)
  ->  Seq Scan on movie_keyword mk  (cost=0.00..81003.12 rows=428635 width=4) (actual time=0.016..1273.847 rows=441219 loops=1)
        Filter: (keyword_id < 343)
        Rows Removed by Filter: 4082711
  ->  Hash  (cost=67604.59..67604.59 rows=500648 width=4) (actual time=1278.838..1278.838 rows=494029 loops=1)
        Buckets: 131072  Batches: 8  Memory Usage: 3195kB
        ->  Seq Scan on title t  (cost=0.00..67604.59 rows=500648 width=4) (actual time=0.019..1115.127 rows=494029 loops=1)
              Filter: (production_year < 1979)
              Rows Removed by Filter: 2034283
Planning time: 0.694 ms
Execution time: 2878.245 ms
