Hash Join  (cost=126373.23..253430.30 rows=414904 width=0) (actual time=2466.761..6032.338 rows=3416036 loops=1)
  Hash Cond: (mk.movie_id = t.id)
  ->  Seq Scan on movie_keyword mk  (cost=0.00..69693.30 rows=4523930 width=4) (actual time=0.012..1283.870 rows=4523930 loops=1)
  ->  Hash  (cost=122568.49..122568.49 rows=231899 width=8) (actual time=2465.532..2465.532 rows=311038 loops=1)
        Buckets: 131072  Batches: 4  Memory Usage: 4060kB
        ->  Hash Join  (cost=80897.02..122568.49 rows=231899 width=8) (actual time=1359.139..2365.437 rows=311038 loops=1)
              Hash Cond: (mi_idx.movie_id = t.id)
              ->  Seq Scan on movie_info_idx mi_idx  (cost=0.00..21735.35 rows=1380035 width=4) (actual time=0.014..382.001 rows=1380035 loops=1)
              ->  Hash  (cost=73925.90..73925.90 rows=424889 width=4) (actual time=1258.268..1258.268 rows=309098 loops=1)
                    Buckets: 131072  Batches: 8  Memory Usage: 2386kB
                    ->  Seq Scan on title t  (cost=0.00..73925.90 rows=424889 width=4) (actual time=0.019..1153.562 rows=309098 loops=1)
                          Filter: ((production_year > 1995) AND (kind_id = 1))
                          Rows Removed by Filter: 2219214
Planning time: 1.103 ms
Execution time: 6385.391 ms
