Hash Join  (cost=326587.41..1934414.24 rows=47062764 width=0) (actual time=8267.345..76664.341 rows=157394216 loops=1)
  Hash Cond: (ci.movie_id = t.id)
  ->  Seq Scan on cast_info ci  (cost=0.00..614943.12 rows=36225612 width=4) (actual time=0.015..12161.697 rows=36244344 loops=1)
  ->  Hash  (cost=272693.48..272693.48 rows=3284954 width=8) (actual time=8265.939..8265.939 rows=3272227 loops=1)
        Buckets: 131072  Batches: 64  Memory Usage: 3041kB
        ->  Hash Join  (cost=102767.86..272693.48 rows=3284954 width=8) (actual time=2549.165..7312.465 rows=3272227 loops=1)
              Hash Cond: (mk.movie_id = t.id)
              ->  Seq Scan on movie_keyword mk  (cost=0.00..81003.12 rows=3284954 width=4) (actual time=0.009..1318.357 rows=3272227 loops=1)
                    Filter: (keyword_id < 14402)
                    Rows Removed by Filter: 1251703
              ->  Hash  (cost=61283.27..61283.27 rows=2528527 width=4) (actual time=2546.462..2546.462 rows=2528312 loops=1)
                    Buckets: 131072  Batches: 64  Memory Usage: 2425kB
                    ->  Seq Scan on title t  (cost=0.00..61283.27 rows=2528527 width=4) (actual time=0.012..922.254 rows=2528312 loops=1)
Planning time: 1.197 ms
Execution time: 94496.671 ms
