Hash Join  (cost=85894.26..171320.99 rows=752721 width=0) (actual time=1454.026..3905.296 rows=385774 loops=1)
  Hash Cond: (mc.movie_id = t.id)
  ->  Seq Scan on movie_companies mc  (cost=0.00..44881.29 rows=2609129 width=4) (actual time=0.021..854.879 rows=2609129 loops=1)
  ->  Hash  (cost=73925.90..73925.90 rows=729468 width=4) (actual time=1317.960..1317.960 rows=638430 loops=1)
        Buckets: 131072  Batches: 16  Memory Usage: 2425kB
        ->  Seq Scan on title t  (cost=0.00..73925.90 rows=729468 width=4) (actual time=0.022..1117.898 rows=638430 loops=1)
              Filter: ((production_year < 2003) AND (kind_id = 7))
              Rows Removed by Filter: 1889882
Planning time: 0.789 ms
Execution time: 3952.377 ms
