Hash Join  (cost=77939.33..156468.76 rows=252391 width=0) (actual time=1226.112..3545.618 rows=758315 loops=1)
  Hash Cond: (mc.movie_id = t.id)
  ->  Seq Scan on movie_companies mc  (cost=0.00..44881.29 rows=2609129 width=4) (actual time=0.038..835.016 rows=2609129 loops=1)
  ->  Hash  (cost=73925.90..73925.90 rows=244594 width=4) (actual time=1225.343..1225.343 rows=359543 loops=1)
        Buckets: 131072 (originally 131072)  Batches: 8 (originally 4)  Memory Usage: 3073kB
        ->  Seq Scan on title t  (cost=0.00..73925.90 rows=244594 width=4) (actual time=120.128..1104.912 rows=359543 loops=1)
              Filter: ((production_year < 1998) AND (kind_id = 1))
              Rows Removed by Filter: 2168769
Planning time: 0.488 ms
Execution time: 3637.449 ms
