Hash Join  (cost=74721.47..130043.73 rows=65674 width=0) (actual time=1132.146..2391.781 rows=116938 loops=1)
  Hash Cond: (mc.movie_id = t.id)
  ->  Seq Scan on movie_companies mc  (cost=0.00..44881.29 rows=2609129 width=4) (actual time=0.014..557.188 rows=2609129 loops=1)
  ->  Hash  (cost=73925.90..73925.90 rows=63645 width=4) (actual time=1131.785..1131.785 rows=53382 loops=1)
        Buckets: 65536  Batches: 1  Memory Usage: 2389kB
        ->  Seq Scan on title t  (cost=0.00..73925.90 rows=63645 width=4) (actual time=142.401..1110.747 rows=53382 loops=1)
              Filter: ((production_year > 1996) AND (kind_id = 3))
              Rows Removed by Filter: 2474930
Planning time: 0.660 ms
Execution time: 2407.242 ms
