Seq Scan on movie_companies mc  (cost=0.00..51404.11 rows=136102 width=0) (actual time=0.028..692.394 rows=135153 loops=1)
  Filter: (company_id > 138680)
  Rows Removed by Filter: 2473976
Planning time: 0.322 ms
Execution time: 710.558 ms
