Hash Join  (cost=79863.89..151422.38 rows=206424 width=0) (actual time=1300.007..3100.500 rows=626849 loops=1)
  Hash Cond: (mc.movie_id = t.id)
  ->  Seq Scan on movie_companies mc  (cost=0.00..51404.11 rows=1442169 width=4) (actual time=0.016..938.598 rows=1448270 loops=1)
        Filter: (company_id > 9548)
        Rows Removed by Filter: 1160859
  ->  Hash  (cost=73925.90..73925.90 rows=361919 width=4) (actual time=1299.248..1299.248 rows=470371 loops=1)
        Buckets: 131072  Batches: 8  Memory Usage: 3103kB
        ->  Seq Scan on title t  (cost=0.00..73925.90 rows=361919 width=4) (actual time=0.014..1148.229 rows=470371 loops=1)
              Filter: ((kind_id < 7) AND (production_year < 1998))
              Rows Removed by Filter: 2057941
Planning time: 0.746 ms
Execution time: 3158.901 ms
