Hash Join  (cost=58375.85..85304.88 rows=10 width=0) (actual time=966.490..1504.062 rows=594 loops=1)
  Hash Cond: (mi_idx.movie_id = t.id)
  ->  Seq Scan on movie_info_idx mi_idx  (cost=0.00..25185.44 rows=464934 width=4) (actual time=0.013..479.776 rows=460185 loops=1)
        Filter: (info_type_id > 100)
        Rows Removed by Filter: 919850
  ->  Hash  (cost=58375.18..58375.18 rows=53 width=8) (actual time=953.566..953.566 rows=656 loops=1)
        Buckets: 1024  Batches: 1  Memory Usage: 34kB
        ->  Nested Loop  (cost=0.43..58375.18 rows=53 width=8) (actual time=333.152..953.236 rows=656 loops=1)
              ->  Seq Scan on movie_companies mc  (cost=0.00..57926.93 rows=53 width=4) (actual time=333.090..939.056 rows=656 loops=1)
                    Filter: ((company_type_id > 1) AND (company_id = 7939))
                    Rows Removed by Filter: 2608473
              ->  Index Only Scan using title_pkey on title t  (cost=0.43..8.45 rows=1 width=4) (actual time=0.020..0.021 rows=1 loops=656)
                    Index Cond: (id = mc.movie_id)
                    Heap Fetches: 656
Planning time: 0.804 ms
Execution time: 1504.231 ms
