Hash Join  (cost=94555.35..652568.57 rows=7329529 width=0) (actual time=2642.268..17654.650 rows=3249121 loops=1)
  Hash Cond: (mi.movie_id = t.id)
  ->  Seq Scan on movie_info mi  (cost=0.00..309384.22 rows=14739122 width=4) (actual time=0.021..5542.443 rows=14835720 loops=1)
  ->  Hash  (cost=73925.90..73925.90 rows=1257396 width=4) (actual time=2473.392..2473.392 rows=1340616 loops=1)
        Buckets: 131072  Batches: 32  Memory Usage: 2508kB
        ->  Seq Scan on title t  (cost=0.00..73925.90 rows=1257396 width=4) (actual time=0.021..1301.827 rows=1340616 loops=1)
              Filter: ((production_year > 1971) AND (kind_id = 7))
              Rows Removed by Filter: 1187696
Planning time: 0.790 ms
Execution time: 18051.762 ms
