Hash Join  (cost=28270.40..869114.24 rows=5250 width=0) (actual time=189.858..18230.264 rows=32144 loops=1)
  Hash Cond: (ci.movie_id = t.id)
  ->  Seq Scan on cast_info ci  (cost=0.00..705507.15 rows=36075786 width=4) (actual time=0.019..12176.591 rows=36117086 loops=1)
        Filter: (person_id > 15243)
        Rows Removed by Filter: 127258
  ->  Hash  (cost=28265.80..28265.80 rows=368 width=8) (actual time=189.721..189.721 rows=260 loops=1)
        Buckets: 1024  Batches: 1  Memory Usage: 19kB
        ->  Nested Loop  (cost=0.43..28265.80 rows=368 width=8) (actual time=140.035..189.654 rows=260 loops=1)
              ->  Seq Scan on movie_info_idx mi_idx  (cost=0.00..25185.44 rows=368 width=4) (actual time=139.960..185.821 rows=260 loops=1)
                    Filter: (info_type_id > 101)
                    Rows Removed by Filter: 1379775
              ->  Index Only Scan using title_pkey on title t  (cost=0.43..8.36 rows=1 width=4) (actual time=0.014..0.014 rows=1 loops=260)
                    Index Cond: (id = mi_idx.movie_id)
                    Heap Fetches: 260
Planning time: 1.175 ms
Execution time: 18237.938 ms
