Hash Join  (cost=93117.31..899423.04 rows=134888 width=0) (actual time=2855.385..14480.612 rows=165007 loops=1)
  Hash Cond: (ci.movie_id = t.id)
  ->  Seq Scan on cast_info ci  (cost=0.00..796071.18 rows=219333 width=4) (actual time=1224.084..12398.026 rows=264463 loops=1)
        Filter: ((person_id > 1329880) AND (role_id > 10))
        Rows Removed by Filter: 35979881
  ->  Hash  (cost=67604.59..67604.59 rows=1555018 width=4) (actual time=1630.232..1630.232 rows=1551727 loops=1)
        Buckets: 131072  Batches: 32  Memory Usage: 2728kB
        ->  Seq Scan on title t  (cost=0.00..67604.59 rows=1555018 width=4) (actual time=0.022..1135.311 rows=1551727 loops=1)
              Filter: (production_year < 2007)
              Rows Removed by Filter: 976585
Planning time: 0.763 ms
Execution time: 14501.661 ms
