Hash Join  (cost=203897.00..1061710.96 rows=3276247 width=0) (actual time=5525.046..26879.407 rows=13438061 loops=1)
  Hash Cond: (ci.movie_id = t.id)
  ->  Seq Scan on cast_info ci  (cost=0.00..705507.15 rows=10060624 width=4) (actual time=0.033..11724.022 rows=10074437 loops=1)
        Filter: (person_id > 2708309)
        Rows Removed by Filter: 26169907
  ->  Hash  (cost=190387.30..190387.30 rows=823416 width=8) (actual time=5523.609..5523.609 rows=1131055 loops=1)
        Buckets: 131072  Batches: 16  Memory Usage: 3759kB
        ->  Hash Join  (cost=102767.86..190387.30 rows=823416 width=8) (actual time=1955.183..5179.497 rows=1131055 loops=1)
              Hash Cond: (mc.movie_id = t.id)
              ->  Seq Scan on movie_companies mc  (cost=0.00..57926.93 rows=823416 width=4) (actual time=0.037..1105.738 rows=1131055 loops=1)
                    Filter: ((company_id < 19102) AND (company_type_id = 1))
                    Rows Removed by Filter: 1478074
              ->  Hash  (cost=61283.27..61283.27 rows=2528527 width=4) (actual time=1954.120..1954.120 rows=2528312 loops=1)
                    Buckets: 131072  Batches: 64  Memory Usage: 2415kB
                    ->  Seq Scan on title t  (cost=0.00..61283.27 rows=2528527 width=4) (actual time=0.012..1114.788 rows=2528312 loops=1)
Planning time: 1.124 ms
Execution time: 28508.758 ms
