Hash Join  (cost=102964.04..599463.39 rows=5064765 width=0) (actual time=3706.104..12925.626 rows=2838064 loops=1)
  Hash Cond: (mi.movie_id = t.id)
  ->  Seq Scan on movie_info mi  (cost=0.00..346232.03 rows=7235534 width=4) (actual time=1791.309..5549.500 rows=7286865 loops=1)
        Filter: (info_type_id < 8)
        Rows Removed by Filter: 7548855
  ->  Hash  (cost=73925.90..73925.90 rows=1769931 width=4) (actual time=1913.702..1913.702 rows=1799906 loops=1)
        Buckets: 131072  Batches: 32  Memory Usage: 3013kB
        ->  Seq Scan on title t  (cost=0.00..73925.90 rows=1769931 width=4) (actual time=0.037..1315.917 rows=1799906 loops=1)
              Filter: ((kind_id > 1) AND (production_year > 1914))
              Rows Removed by Filter: 728406
Planning time: 0.701 ms
Execution time: 13294.095 ms
