Nested Loop  (cost=0.43..83071.67 rows=246 width=0) (actual time=2.475..1068.308 rows=1280 loops=1)
  ->  Seq Scan on movie_keyword mk  (cost=0.00..81003.12 rows=246 width=4) (actual time=2.412..1032.818 rows=1280 loops=1)
        Filter: (keyword_id = 840)
        Rows Removed by Filter: 4522650
  ->  Index Only Scan using title_pkey on title t  (cost=0.43..8.40 rows=1 width=4) (actual time=0.026..0.027 rows=1 loops=1280)
        Index Cond: (id = mk.movie_id)
        Heap Fetches: 1280
Planning time: 1.023 ms
Execution time: 1068.788 ms
