Seq Scan on cast_info ci  (cost=0.00..796071.18 rows=80 width=0) (actual time=5422.633..10378.172 rows=195 loops=1)
  Filter: ((role_id > 8) AND (person_id = 3644368))
  Rows Removed by Filter: 36244149
Planning time: 0.274 ms
Execution time: 10378.306 ms
