Hash Join  (cost=92883.59..257411.29 rows=2498049 width=0) (actual time=1733.817..5558.304 rows=592370 loops=1)
  Hash Cond: (mk.movie_id = t.id)
  ->  Seq Scan on movie_keyword mk  (cost=0.00..81003.12 rows=4099418 width=4) (actual time=0.015..1677.564 rows=4087742 loops=1)
        Filter: (keyword_id > 335)
        Rows Removed by Filter: 436188
  ->  Hash  (cost=67604.59..67604.59 rows=1540800 width=4) (actual time=1733.095..1733.095 rows=1543264 loops=1)
        Buckets: 131072  Batches: 32  Memory Usage: 2728kB
        ->  Seq Scan on title t  (cost=0.00..67604.59 rows=1540800 width=4) (actual time=23.880..1231.135 rows=1543264 loops=1)
              Filter: (kind_id = 7)
              Rows Removed by Filter: 985048
Planning time: 7.783 ms
Execution time: 5626.038 ms
