Hash Join  (cost=102767.86..190607.24 rows=832520 width=0) (actual time=2054.790..3764.482 rows=521903 loops=1)
  Hash Cond: (mc.movie_id = t.id)
  ->  Seq Scan on movie_companies mc  (cost=0.00..57926.93 rows=832520 width=4) (actual time=0.014..955.313 rows=521903 loops=1)
        Filter: ((company_id < 17165) AND (company_type_id = 2))
        Rows Removed by Filter: 2087226
  ->  Hash  (cost=61283.27..61283.27 rows=2528527 width=4) (actual time=2053.931..2053.931 rows=2528312 loops=1)
        Buckets: 131072  Batches: 64  Memory Usage: 2415kB
        ->  Seq Scan on title t  (cost=0.00..61283.27 rows=2528527 width=4) (actual time=0.017..938.081 rows=2528312 loops=1)
Planning time: 0.685 ms
Execution time: 3821.485 ms
