Seq Scan on movie_keyword mk  (cost=0.00..81003.12 rows=246 width=0) (actual time=39.106..1152.571 rows=16 loops=1)
  Filter: (keyword_id = 32900)
  Rows Removed by Filter: 4523914
Planning time: 0.342 ms
Execution time: 1152.673 ms
