Hash Join  (cost=159616.57..538964.16 rows=618746 width=0) (actual time=6420.230..11097.817 rows=419157 loops=1)
  Hash Cond: (mi.movie_id = t.id)
  ->  Seq Scan on movie_info mi  (cost=0.00..346232.03 rows=2073893 width=4) (actual time=1729.748..5394.832 rows=2091068 loops=1)
        Filter: (info_type_id < 3)
        Rows Removed by Filter: 12744652
  ->  Hash  (cost=147239.75..147239.75 rows=754386 width=8) (actual time=4689.128..4689.128 rows=422439 loops=1)
        Buckets: 131072  Batches: 16  Memory Usage: 2060kB
        ->  Hash Join  (cost=96603.40..147239.75 rows=754386 width=8) (actual time=1873.227..4409.801 rows=422439 loops=1)
              Hash Cond: (mi_idx.movie_id = t.id)
              ->  Seq Scan on movie_info_idx mi_idx  (cost=0.00..21735.35 rows=1380035 width=4) (actual time=0.035..387.272 rows=1380035 loops=1)
              ->  Hash  (cost=73925.90..73925.90 rows=1382200 width=4) (actual time=1813.327..1813.327 rows=1460524 loops=1)
                    Buckets: 131072  Batches: 32  Memory Usage: 2630kB
                    ->  Seq Scan on title t  (cost=0.00..73925.90 rows=1382200 width=4) (actual time=263.583..1356.676 rows=1460524 loops=1)
                          Filter: ((production_year > 1954) AND (kind_id = 7))
                          Rows Removed by Filter: 1067788
Planning time: 1.484 ms
Execution time: 11140.275 ms
