Hash Join  (cost=167016.44..1213187.10 rows=1203849 width=0) (actual time=2880.746..27838.605 rows=1003176 loops=1)
  Hash Cond: (ci.movie_id = t.id)
  ->  Seq Scan on cast_info ci  (cost=0.00..614943.12 rows=36225612 width=4) (actual time=0.008..11314.667 rows=36244344 loops=1)
  ->  Hash  (cost=165637.09..165637.09 rows=84028 width=8) (actual time=2880.068..2880.068 rows=48255 loops=1)
        Buckets: 131072  Batches: 2  Memory Usage: 1973kB
        ->  Hash Join  (cost=98137.04..165637.09 rows=84028 width=8) (actual time=1763.852..2863.570 rows=48255 loops=1)
              Hash Cond: (mc.movie_id = t.id)
              ->  Seq Scan on movie_companies mc  (cost=0.00..57926.93 rows=114168 width=4) (actual time=0.033..756.463 rows=51259 loops=1)
                    Filter: ((company_id < 82) AND (company_type_id = 2))
                    Rows Removed by Filter: 2557870
              ->  Hash  (cost=67604.59..67604.59 rows=1860996 width=4) (actual time=1761.349..1761.349 rows=1865487 loops=1)
                    Buckets: 131072  Batches: 32  Memory Usage: 3079kB
                    ->  Seq Scan on title t  (cost=0.00..67604.59 rows=1860996 width=4) (actual time=0.012..1171.303 rows=1865487 loops=1)
                          Filter: (kind_id > 1)
                          Rows Removed by Filter: 662825
Planning time: 1.313 ms
Execution time: 27969.375 ms
