Hash Join  (cost=133673.95..560258.55 rows=716689 width=0) (actual time=4769.393..14367.066 rows=4748696 loops=1)
  Hash Cond: (mi.movie_id = t.id)
  ->  Seq Scan on movie_info mi  (cost=0.00..346232.03 rows=6231111 width=4) (actual time=1470.081..5668.263 rows=6223494 loops=1)
        Filter: (info_type_id > 8)
        Rows Removed by Filter: 8612226
  ->  Hash  (cost=128901.63..128901.63 rows=290826 width=8) (actual time=3298.298..3298.298 rows=505757 loops=1)
        Buckets: 131072 (originally 131072)  Batches: 8 (originally 4)  Memory Usage: 3514kB
        ->  Hash Join  (cost=87053.47..128901.63 rows=290826 width=8) (actual time=1447.062..3124.908 rows=505757 loops=1)
              Hash Cond: (mi_idx.movie_id = t.id)
              ->  Seq Scan on movie_info_idx mi_idx  (cost=0.00..25185.44 rows=919057 width=4) (actual time=0.025..470.615 rows=920110 loops=1)
                    Filter: (info_type_id > 99)
                    Rows Removed by Filter: 459925
              ->  Hash  (cost=73925.90..73925.90 rows=800125 width=4) (actual time=1445.642..1445.642 rows=713741 loops=1)
                    Buckets: 131072  Batches: 16  Memory Usage: 2592kB
                    ->  Seq Scan on title t  (cost=0.00..73925.90 rows=800125 width=4) (actual time=0.032..1224.835 rows=713741 loops=1)
                          Filter: ((kind_id < 7) AND (production_year > 1972))
                          Rows Removed by Filter: 1814571
Planning time: 1.959 ms
Execution time: 14950.517 ms
