Hash Join  (cost=160526.42..310655.23 rows=1470748 width=0) (actual time=4398.789..7058.023 rows=1083957 loops=1)
  Hash Cond: (mk.movie_id = t.id)
  ->  Seq Scan on movie_keyword mk  (cost=0.00..81003.12 rows=4422187 width=4) (actual time=0.014..1830.977 rows=4407784 loops=1)
        Filter: (keyword_id > 110)
        Rows Removed by Filter: 116146
  ->  Hash  (cost=146729.58..146729.58 rows=840947 width=8) (actual time=3137.589..3137.589 rows=425718 loops=1)
        Buckets: 131072  Batches: 16  Memory Usage: 2068kB
        ->  Hash Join  (cost=92883.59..146729.58 rows=840947 width=8) (actual time=1532.242..3002.467 rows=425718 loops=1)
              Hash Cond: (mi_idx.movie_id = t.id)
              ->  Seq Scan on movie_info_idx mi_idx  (cost=0.00..21735.35 rows=1380035 width=4) (actual time=0.025..432.016 rows=1380035 loops=1)
              ->  Hash  (cost=67604.59..67604.59 rows=1540800 width=4) (actual time=1530.815..1530.815 rows=1543264 loops=1)
                    Buckets: 131072  Batches: 32  Memory Usage: 2722kB
                    ->  Seq Scan on title t  (cost=0.00..67604.59 rows=1540800 width=4) (actual time=0.006..1051.025 rows=1543264 loops=1)
                          Filter: (kind_id = 7)
                          Rows Removed by Filter: 985048
Planning time: 1.106 ms
Execution time: 7183.940 ms
