Hash Join  (cost=578443.76..1850584.69 rows=5569080 width=0) (actual time=12355.333..40798.112 rows=5354131 loops=1)
  Hash Cond: (ci.movie_id = t.id)
  ->  Seq Scan on cast_info ci  (cost=0.00..614943.12 rows=36225612 width=4) (actual time=0.016..12234.389 rows=36244344 loops=1)
  ->  Hash  (cost=572065.78..572065.78 rows=388718 width=8) (actual time=12354.470..12354.470 rows=176603 loops=1)
        Buckets: 131072  Batches: 8  Memory Usage: 1862kB
        ->  Hash Join  (cost=75199.97..572065.78 rows=388718 width=8) (actual time=1298.685..12293.422 rows=176603 loops=1)
              Hash Cond: (mi.movie_id = t.id)
              ->  Seq Scan on movie_info mi  (cost=0.00..346232.03 rows=12665229 width=4) (actual time=0.010..6640.184 rows=12744652 loops=1)
                    Filter: (info_type_id > 2)
                    Rows Removed by Filter: 2091068
              ->  Hash  (cost=73925.90..73925.90 rows=77605 width=4) (actual time=1297.921..1297.921 rows=84684 loops=1)
                    Buckets: 131072  Batches: 2  Memory Usage: 2518kB
                    ->  Seq Scan on title t  (cost=0.00..73925.90 rows=77605 width=4) (actual time=76.170..1076.973 rows=84684 loops=1)
                          Filter: ((kind_id = 7) AND (production_year = 2009))
                          Rows Removed by Filter: 2443628
Planning time: 3.261 ms
Execution time: 41371.274 ms
