Hash Join  (cost=182376.80..1336884.12 rows=4238455 width=0) (actual time=3649.634..38151.706 rows=14740996 loops=1)
  Hash Cond: (ci.movie_id = t.id)
  ->  Seq Scan on cast_info ci  (cost=0.00..705507.15 rows=35063367 width=4) (actual time=0.013..15461.551 rows=35057610 loops=1)
        Filter: (person_id < 3831722)
        Rows Removed by Filter: 1186734
  ->  Hash  (cost=177362.20..177362.20 rows=305648 width=8) (actual time=3648.704..3648.704 rows=425133 loops=1)
        Buckets: 131072 (originally 131072)  Batches: 8 (originally 4)  Memory Usage: 3090kB
        ->  Hash Join  (cost=103324.96..177362.20 rows=305648 width=8) (actual time=1768.255..3514.247 rows=425133 loops=1)
              Hash Cond: (mc.movie_id = t.id)
              ->  Seq Scan on movie_companies mc  (cost=0.00..57926.93 rows=354964 width=4) (actual time=0.014..970.170 rows=504181 loops=1)
                    Filter: ((company_id < 1373) AND (company_type_id = 1))
                    Rows Removed by Filter: 2104948
              ->  Hash  (cost=67604.59..67604.59 rows=2177230 width=4) (actual time=1765.578..1765.578 rows=2171163 loops=1)
                    Buckets: 131072  Batches: 32  Memory Usage: 3412kB
                    ->  Seq Scan on title t  (cost=0.00..67604.59 rows=2177230 width=4) (actual time=0.034..1088.102 rows=2171163 loops=1)
                          Filter: (production_year > 1963)
                          Rows Removed by Filter: 357149
Planning time: 1.183 ms
Execution time: 39731.363 ms
