Hash Join  (cost=365418.15..1249325.63 rows=8346377 width=0) (actual time=9517.485..30166.519 rows=28430091 loops=1)
  Hash Cond: (ci.movie_id = t.id)
  ->  Seq Scan on cast_info ci  (cost=0.00..705507.15 rows=4664979 width=4) (actual time=1368.077..11616.593 rows=4561819 loops=1)
        Filter: (person_id < 440520)
        Rows Removed by Filter: 31682525
  ->  Hash  (cost=291197.02..291197.02 rows=4523930 width=8) (actual time=8148.059..8148.059 rows=4523930 loops=1)
        Buckets: 131072  Batches: 64  Memory Usage: 3816kB
        ->  Hash Join  (cost=102767.86..291197.02 rows=4523930 width=8) (actual time=1966.520..6938.977 rows=4523930 loops=1)
              Hash Cond: (mk.movie_id = t.id)
              ->  Seq Scan on movie_keyword mk  (cost=0.00..69693.30 rows=4523930 width=4) (actual time=0.033..1414.731 rows=4523930 loops=1)
              ->  Hash  (cost=61283.27..61283.27 rows=2528527 width=4) (actual time=1965.574..1965.574 rows=2528312 loops=1)
                    Buckets: 131072  Batches: 64  Memory Usage: 2425kB
                    ->  Seq Scan on title t  (cost=0.00..61283.27 rows=2528527 width=4) (actual time=0.021..1087.842 rows=2528312 loops=1)
Planning time: 12.460 ms
Execution time: 33373.758 ms
