Hash Join  (cost=447876.43..573580.73 rows=303827 width=0) (actual time=7360.720..10619.690 rows=1426313 loops=1)
  Hash Cond: (mk.movie_id = t.id)
  ->  Seq Scan on movie_keyword mk  (cost=0.00..69693.30 rows=4523930 width=4) (actual time=0.014..1284.517 rows=4523930 loops=1)
  ->  Hash  (cost=445089.73..445089.73 rows=169816 width=8) (actual time=7359.870..7359.870 rows=176839 loops=1)
        Buckets: 131072  Batches: 4  Memory Usage: 2756kB
        ->  Hash Join  (cost=88295.76..445089.73 rows=169816 width=8) (actual time=3483.307..7310.448 rows=176839 loops=1)
              Hash Cond: (mi.movie_id = t.id)
              ->  Seq Scan on movie_info mi  (cost=0.00..346232.03 rows=340474 width=4) (actual time=1680.423..5127.416 rows=328857 loops=1)
                    Filter: (info_type_id = 98)
                    Rows Removed by Filter: 14506863
              ->  Hash  (cost=67604.59..67604.59 rows=1261134 width=4) (actual time=1801.870..1801.870 rows=1260295 loops=1)
                    Buckets: 131072  Batches: 32  Memory Usage: 2420kB
                    ->  Seq Scan on title t  (cost=0.00..67604.59 rows=1261134 width=4) (actual time=0.036..1072.958 rows=1260295 loops=1)
                          Filter: (production_year > 2002)
                          Rows Removed by Filter: 1268017
Planning time: 1.177 ms
Execution time: 10780.460 ms
