Seq Scan on movie_companies mc  (cost=0.00..51404.11 rows=1577337 width=0) (actual time=0.019..851.935 rows=1579021 loops=1)
  Filter: (company_id > 5690)
  Rows Removed by Filter: 1030108
Planning time: 0.329 ms
Execution time: 1044.819 ms
