Nested Loop  (cost=0.43..799702.19 rows=435 width=0) (actual time=7892.707..12922.485 rows=204 loops=1)
  ->  Seq Scan on cast_info ci  (cost=0.00..796071.18 rows=435 width=4) (actual time=7892.636..12919.862 rows=204 loops=1)
        Filter: ((role_id < 10) AND (person_id = 1105354))
        Rows Removed by Filter: 36244140
  ->  Index Only Scan using title_pkey on title t  (cost=0.43..8.34 rows=1 width=4) (actual time=0.012..0.012 rows=1 loops=204)
        Index Cond: (id = ci.movie_id)
        Heap Fetches: 204
Planning time: 0.705 ms
Execution time: 12922.590 ms
