Seq Scan on movie_keyword mk  (cost=0.00..81003.12 rows=3367531 width=0) (actual time=0.027..1343.250 rows=3353466 loops=1)
  Filter: (keyword_id < 15944)
  Rows Removed by Filter: 1170464
Planning time: 0.307 ms
Execution time: 1740.616 ms
