Nested Loop  (cost=44377.22..431294.25 rows=9790 width=0) (actual time=5320.962..10321.477 rows=136507 loops=1)
  Join Filter: (mi.movie_id = t.id)
  ->  Hash Join  (cost=44376.79..399813.99 rows=53320 width=8) (actual time=5320.878..6038.604 rows=136507 loops=1)
        Hash Cond: (mi.movie_id = mi_idx.movie_id)
        ->  Seq Scan on movie_info mi  (cost=0.00..346232.03 rows=17937 width=4) (actual time=4405.921..4793.644 rows=121863 loops=1)
              Filter: (info_type_id = 105)
              Rows Removed by Filter: 14713857
        ->  Hash  (cost=21735.35..21735.35 rows=1380035 width=4) (actual time=888.582..888.582 rows=1380035 loops=1)
              Buckets: 131072  Batches: 32  Memory Usage: 2557kB
              ->  Seq Scan on movie_info_idx mi_idx  (cost=0.00..21735.35 rows=1380035 width=4) (actual time=0.036..445.417 rows=1380035 loops=1)
  ->  Index Only Scan using title_pkey on title t  (cost=0.43..0.58 rows=1 width=4) (actual time=0.030..0.031 rows=1 loops=136507)
        Index Cond: (id = mi_idx.movie_id)
        Heap Fetches: 136507
Planning time: 1.100 ms
Execution time: 10345.938 ms
