Hash Join  (cost=83074.74..437538.72 rows=214 width=0) (actual time=1203.570..6736.169 rows=604 loops=1)
  Hash Cond: (mi.movie_id = t.id)
  ->  Seq Scan on movie_info mi  (cost=0.00..346232.03 rows=2194617 width=4) (actual time=0.131..5261.810 rows=2233850 loops=1)
        Filter: (info_type_id > 16)
        Rows Removed by Filter: 12601870
  ->  Hash  (cost=83071.67..83071.67 rows=246 width=8) (actual time=1162.264..1162.264 rows=40 loops=1)
        Buckets: 1024  Batches: 1  Memory Usage: 10kB
        ->  Nested Loop  (cost=0.43..83071.67 rows=246 width=8) (actual time=62.971..1162.200 rows=40 loops=1)
              ->  Seq Scan on movie_keyword mk  (cost=0.00..81003.12 rows=246 width=4) (actual time=62.886..1160.483 rows=40 loops=1)
                    Filter: (keyword_id = 47276)
                    Rows Removed by Filter: 4523890
              ->  Index Only Scan using title_pkey on title t  (cost=0.43..8.40 rows=1 width=4) (actual time=0.036..0.037 rows=1 loops=40)
                    Index Cond: (id = mk.movie_id)
                    Heap Fetches: 40
Planning time: 1.133 ms
Execution time: 6736.418 ms
