Seq Scan on movie_companies mc  (cost=0.00..51404.11 rows=1445549 width=0) (actual time=0.013..775.909 rows=1450482 loops=1)
  Filter: (company_id > 9396)
  Rows Removed by Filter: 1158647
Planning time: 0.287 ms
Execution time: 958.814 ms
