Hash Join  (cost=376492.05..1211010.07 rows=26336749 width=0) (actual time=8366.966..74582.226 rows=235115405 loops=1)
  Hash Cond: (mi.movie_id = t.id)
  ->  Seq Scan on movie_info mi  (cost=0.00..309384.22 rows=14739122 width=4) (actual time=0.026..5569.041 rows=14835720 loops=1)
  ->  Hash  (cost=302366.50..302366.50 rows=4518124 width=8) (actual time=8364.886..8364.886 rows=4519450 loops=1)
        Buckets: 131072  Batches: 64  Memory Usage: 3889kB
        ->  Hash Join  (cost=102767.86..302366.50 rows=4518124 width=8) (actual time=1780.556..7112.483 rows=4519450 loops=1)
              Hash Cond: (mk.movie_id = t.id)
              ->  Seq Scan on movie_keyword mk  (cost=0.00..81003.12 rows=4518124 width=4) (actual time=0.022..1728.146 rows=4519450 loops=1)
                    Filter: (keyword_id < 129979)
                    Rows Removed by Filter: 4480
              ->  Hash  (cost=61283.27..61283.27 rows=2528527 width=4) (actual time=1779.123..1779.123 rows=2528312 loops=1)
                    Buckets: 131072  Batches: 64  Memory Usage: 2425kB
                    ->  Seq Scan on title t  (cost=0.00..61283.27 rows=2528527 width=4) (actual time=0.012..927.568 rows=2528312 loops=1)
Planning time: 0.770 ms
Execution time: 100800.130 ms
