Hash Join  (cost=264438.71..1167175.39 rows=3754562 width=0) (actual time=6349.867..22928.760 rows=11397739 loops=1)
  Hash Cond: (ci.movie_id = t.id)
  ->  Seq Scan on cast_info ci  (cost=0.00..796071.18 rows=4790374 width=4) (actual time=552.529..10946.378 rows=5722934 loops=1)
        Filter: ((person_id < 693006) AND (role_id < 4))
        Rows Removed by Filter: 30521410
  ->  Hash  (cost=231924.35..231924.35 rows=1981789 width=8) (actual time=5771.670..5771.670 rows=1428290 loops=1)
        Buckets: 131072  Batches: 32  Memory Usage: 2818kB
        ->  Hash Join  (cost=85777.42..231924.35 rows=1981789 width=8) (actual time=1457.852..5334.289 rows=1428290 loops=1)
              Hash Cond: (mk.movie_id = t.id)
              ->  Seq Scan on movie_keyword mk  (cost=0.00..69693.30 rows=4523930 width=4) (actual time=0.027..1297.486 rows=4523930 loops=1)
              ->  Hash  (cost=67604.59..67604.59 rows=1107667 width=4) (actual time=1456.969..1456.969 rows=1107925 loops=1)
                    Buckets: 131072  Batches: 16  Memory Usage: 3467kB
                    ->  Seq Scan on title t  (cost=0.00..67604.59 rows=1107667 width=4) (actual time=0.017..865.316 rows=1107925 loops=1)
                          Filter: (production_year > 2004)
                          Rows Removed by Filter: 1420387
Planning time: 1.173 ms
Execution time: 24160.355 ms
