Hash Join  (cost=245830.26..1469399.88 rows=18472945 width=0) (actual time=4923.411..48773.066 rows=60833688 loops=1)
  Hash Cond: (ci.movie_id = t.id)
  ->  Seq Scan on cast_info ci  (cost=0.00..614943.12 rows=36225612 width=4) (actual time=0.019..12284.549 rows=36244344 loops=1)
  ->  Hash  (cost=224675.75..224675.75 rows=1289401 width=8) (actual time=4922.296..4922.296 rows=1300633 loops=1)
        Buckets: 131072  Batches: 32  Memory Usage: 2603kB
        ->  Hash Join  (cost=102767.86..224675.75 rows=1289401 width=8) (actual time=1800.745..4555.783 rows=1300633 loops=1)
              Hash Cond: (mk.movie_id = t.id)
              ->  Seq Scan on movie_keyword mk  (cost=0.00..81003.12 rows=1289401 width=4) (actual time=0.025..1389.461 rows=1300633 loops=1)
                    Filter: (keyword_id > 13553)
                    Rows Removed by Filter: 3223297
              ->  Hash  (cost=61283.27..61283.27 rows=2528527 width=4) (actual time=1799.579..1799.579 rows=2528312 loops=1)
                    Buckets: 131072  Batches: 64  Memory Usage: 2425kB
                    ->  Seq Scan on title t  (cost=0.00..61283.27 rows=2528527 width=4) (actual time=0.022..923.140 rows=2528312 loops=1)
Planning time: 1.077 ms
Execution time: 55071.974 ms
