Seq Scan on movie_keyword mk  (cost=0.00..81003.12 rows=197251 width=0) (actual time=0.035..1185.659 rows=216924 loops=1)
  Filter: (keyword_id < 145)
  Rows Removed by Filter: 4307006
Planning time: 0.325 ms
Execution time: 1216.099 ms
