Hash Join  (cost=211603.92..1394619.71 rows=14525162 width=0) (actual time=4482.428..42908.386 rows=28368846 loops=1)
  Hash Cond: (ci.movie_id = t.id)
  ->  Seq Scan on cast_info ci  (cost=0.00..614943.12 rows=36225612 width=4) (actual time=0.021..12042.720 rows=36244344 loops=1)
  ->  Hash  (cost=194969.82..194969.82 rows=1013848 width=8) (actual time=4481.354..4481.354 rows=1161912 loops=1)
        Buckets: 131072  Batches: 16  Memory Usage: 3851kB
        ->  Hash Join  (cost=102767.86..194969.82 rows=1013848 width=8) (actual time=2077.502..4140.994 rows=1161912 loops=1)
              Hash Cond: (mc.movie_id = t.id)
              ->  Seq Scan on movie_companies mc  (cost=0.00..57926.93 rows=1013848 width=4) (actual time=285.070..995.391 rows=1161912 loops=1)
                    Filter: ((company_id > 754) AND (company_type_id = 2))
                    Rows Removed by Filter: 1447217
              ->  Hash  (cost=61283.27..61283.27 rows=2528527 width=4) (actual time=1791.209..1791.209 rows=2528312 loops=1)
                    Buckets: 131072  Batches: 64  Memory Usage: 2415kB
                    ->  Seq Scan on title t  (cost=0.00..61283.27 rows=2528527 width=4) (actual time=0.031..941.551 rows=2528312 loops=1)
Planning time: 1.069 ms
Execution time: 46040.226 ms
