Seq Scan on movie_keyword mk  (cost=0.00..81003.12 rows=725644 width=0) (actual time=0.026..1252.801 rows=733053 loops=1)
  Filter: (keyword_id > 25671)
  Rows Removed by Filter: 3790877
Planning time: 0.242 ms
Execution time: 1352.520 ms
