Hash Join  (cost=102767.86..273592.44 rows=3322305 width=0) (actual time=1826.770..6179.252 rows=3313352 loops=1)
  Hash Cond: (mk.movie_id = t.id)
  ->  Seq Scan on movie_keyword mk  (cost=0.00..81003.12 rows=3322305 width=4) (actual time=0.014..1567.630 rows=3313352 loops=1)
        Filter: (keyword_id < 15120)
        Rows Removed by Filter: 1210578
  ->  Hash  (cost=61283.27..61283.27 rows=2528527 width=4) (actual time=1824.896..1824.896 rows=2528312 loops=1)
        Buckets: 131072  Batches: 64  Memory Usage: 2425kB
        ->  Seq Scan on title t  (cost=0.00..61283.27 rows=2528527 width=4) (actual time=0.036..948.275 rows=2528312 loops=1)
Planning time: 0.680 ms
Execution time: 6566.228 ms
