Nested Loop  (cost=0.43..65407.26 rows=910 width=0) (actual time=0.053..871.485 rows=3969 loops=1)
  ->  Seq Scan on movie_companies mc  (cost=0.00..57926.93 rows=910 width=4) (actual time=0.013..761.112 rows=3969 loops=1)
        Filter: ((company_id < 6) AND (company_type_id < 2))
        Rows Removed by Filter: 2605160
  ->  Index Only Scan using title_pkey on title t  (cost=0.43..8.21 rows=1 width=4) (actual time=0.027..0.027 rows=1 loops=3969)
        Index Cond: (id = mc.movie_id)
        Heap Fetches: 3969
Planning time: 1.048 ms
Execution time: 872.622 ms
