Hash Join  (cost=69179.59..132583.44 rows=16217 width=0) (actual time=919.664..1796.409 rows=7046 loops=1)
  Hash Cond: (mc.movie_id = t.id)
  ->  Seq Scan on movie_companies mc  (cost=0.00..57926.93 rows=427133 width=4) (actual time=0.017..664.075 rows=244384 loops=1)
        Filter: ((company_id < 2106) AND (company_type_id > 1))
        Rows Removed by Filter: 2364745
  ->  Hash  (cost=67604.59..67604.59 rows=96000 width=4) (actual time=918.967..918.967 rows=95005 loops=1)
        Buckets: 131072  Batches: 2  Memory Usage: 2716kB
        ->  Seq Scan on title t  (cost=0.00..67604.59 rows=96000 width=4) (actual time=0.020..884.355 rows=95005 loops=1)
              Filter: (production_year = 2005)
              Rows Removed by Filter: 2433307
Planning time: 0.727 ms
Execution time: 1797.874 ms
