Nested Loop  (cost=0.43..709674.40 rows=132 width=0) (actual time=8267.734..9333.333 rows=2 loops=1)
  ->  Seq Scan on cast_info ci  (cost=0.00..705507.15 rows=500 width=4) (actual time=8267.400..9331.913 rows=66 loops=1)
        Filter: (person_id = 1385306)
        Rows Removed by Filter: 36244278
  ->  Index Scan using title_pkey on title t  (cost=0.43..8.32 rows=1 width=4) (actual time=0.020..0.020 rows=0 loops=66)
        Index Cond: (id = ci.movie_id)
        Filter: ((kind_id < 7) AND (production_year > 1992))
        Rows Removed by Filter: 1
Planning time: 0.705 ms
Execution time: 9333.430 ms
