Seq Scan on cast_info ci  (cost=0.00..796071.18 rows=1755978 width=0) (actual time=7241.207..11888.849 rows=570702 loops=1)
  Filter: ((person_id < 1441920) AND (role_id = 10))
  Rows Removed by Filter: 35673642
Planning time: 0.295 ms
Execution time: 11962.697 ms
