Hash Join  (cost=307979.73..1610681.08 rows=22589456 width=0) (actual time=7834.006..51521.759 rows=65950885 loops=1)
  Hash Cond: (ci.movie_id = t.id)
  ->  Seq Scan on cast_info ci  (cost=0.00..796071.18 rows=19134178 width=4) (actual time=0.020..16122.485 rows=16764470 loops=1)
        Filter: ((person_id < 2981218) AND (role_id > 1))
        Rows Removed by Filter: 19479874
  ->  Hash  (cost=259004.58..259004.58 rows=2985132 width=8) (actual time=7831.987..7831.987 rows=3613802 loops=1)
        Buckets: 131072  Batches: 64  Memory Usage: 3229kB
        ->  Hash Join  (cost=94978.31..259004.58 rows=2985132 width=8) (actual time=1858.014..6808.006 rows=3613802 loops=1)
              Hash Cond: (mk.movie_id = t.id)
              ->  Seq Scan on movie_keyword mk  (cost=0.00..69693.30 rows=4523930 width=4) (actual time=0.012..1299.405 rows=4523930 loops=1)
              ->  Hash  (cost=67604.59..67604.59 rows=1668458 width=4) (actual time=1856.699..1856.699 rows=1671292 loops=1)
                    Buckets: 131072  Batches: 32  Memory Usage: 2866kB
                    ->  Seq Scan on title t  (cost=0.00..67604.59 rows=1668458 width=4) (actual time=0.017..1313.232 rows=1671292 loops=1)
                          Filter: (production_year < 2008)
                          Rows Removed by Filter: 857020
Planning time: 1.144 ms
Execution time: 58340.060 ms
