Hash Join  (cost=183584.64..537152.97 rows=60225 width=0) (actual time=5935.102..8691.264 rows=852318 loops=1)
  Hash Cond: (mi.movie_id = t.id)
  ->  Seq Scan on movie_info mi  (cost=0.00..346232.03 rows=473617 width=4) (actual time=2229.707..4481.114 rows=486554 loops=1)
        Filter: (info_type_id = 5)
        Rows Removed by Filter: 14349166
  ->  Hash  (cost=178309.57..178309.57 rows=321525 width=8) (actual time=3702.473..3702.473 rows=466292 loops=1)
        Buckets: 131072  Batches: 8  Memory Usage: 3317kB
        ->  Hash Join  (cost=102767.86..178309.57 rows=321525 width=8) (actual time=1994.309..3565.234 rows=466292 loops=1)
              Hash Cond: (mc.movie_id = t.id)
              ->  Seq Scan on movie_companies mc  (cost=0.00..57926.93 rows=321525 width=4) (actual time=0.028..841.393 rows=466292 loops=1)
                    Filter: ((company_id < 874) AND (company_type_id = 1))
                    Rows Removed by Filter: 2142837
              ->  Hash  (cost=61283.27..61283.27 rows=2528527 width=4) (actual time=1992.952..1992.952 rows=2528312 loops=1)
                    Buckets: 131072  Batches: 64  Memory Usage: 2415kB
                    ->  Seq Scan on title t  (cost=0.00..61283.27 rows=2528527 width=4) (actual time=0.017..890.199 rows=2528312 loops=1)
Planning time: 4.688 ms
Execution time: 8799.351 ms
