Seq Scan on movie_keyword mk  (cost=0.00..81003.12 rows=246 width=0) (actual time=42.005..1102.957 rows=18 loops=1)
  Filter: (keyword_id = 37609)
  Rows Removed by Filter: 4523912
Planning time: 0.329 ms
Execution time: 1103.062 ms
