Hash Join  (cost=433328.88..1335765.42 rows=331940 width=0) (actual time=11793.404..28118.774 rows=953434 loops=1)
  Hash Cond: (ci.movie_id = t.id)
  ->  Seq Scan on cast_info ci  (cost=0.00..705507.15 rows=19360999 width=4) (actual time=3217.732..11679.591 rows=19520019 loops=1)
        Filter: (person_id > 1655312)
        Rows Removed by Filter: 16724325
  ->  Hash  (cost=432786.99..432786.99 rows=43351 width=8) (actual time=8575.132..8575.132 rows=92580 loops=1)
        Buckets: 131072 (originally 65536)  Batches: 2 (originally 1)  Memory Usage: 3073kB
        ->  Hash Join  (cost=67697.55..432786.99 rows=43351 width=8) (actual time=1000.117..8527.268 rows=92580 loops=1)
              Hash Cond: (mi.movie_id = t.id)
              ->  Seq Scan on movie_info mi  (cost=0.00..309384.22 rows=14739122 width=4) (actual time=0.016..4087.080 rows=14835720 loops=1)
              ->  Hash  (cost=67604.59..67604.59 rows=7437 width=4) (actual time=998.899..998.899 rows=14054 loops=1)
                    Buckets: 16384 (originally 8192)  Batches: 1 (originally 1)  Memory Usage: 623kB
                    ->  Seq Scan on title t  (cost=0.00..67604.59 rows=7437 width=4) (actual time=0.030..991.871 rows=14054 loops=1)
                          Filter: (production_year = 1975)
                          Rows Removed by Filter: 2514258
Planning time: 2.154 ms
Execution time: 28243.875 ms
