Seq Scan on movie_companies mc  (cost=0.00..51404.11 rows=2030800 width=0) (actual time=0.023..872.570 rows=2033356 loops=1)
  Filter: (company_id > 624)
  Rows Removed by Filter: 575773
Planning time: 0.298 ms
Execution time: 1140.329 ms
