Seq Scan on title t  (cost=0.00..73925.90 rows=1013112 width=0) (actual time=0.028..1302.946 rows=946533 loops=1)
  Filter: ((kind_id > 2) AND (production_year < 2006))
  Rows Removed by Filter: 1581779
Planning time: 0.394 ms
Execution time: 1423.897 ms
