Seq Scan on cast_info ci  (cost=0.00..705507.15 rows=26893380 width=0) (actual time=0.022..11793.693 rows=26923819 loops=1)
  Filter: (person_id < 2769966)
  Rows Removed by Filter: 9320525
Planning time: 0.301 ms
Execution time: 15070.701 ms
