Seq Scan on cast_info ci  (cost=0.00..796071.18 rows=12578326 width=0) (actual time=0.018..14484.977 rows=13910094 loops=1)
  Filter: ((person_id > 779352) AND (role_id > 2))
  Rows Removed by Filter: 22334250
Planning time: 0.323 ms
Execution time: 16214.750 ms
