Hash Join  (cost=709678.16..1074351.64 rows=1755 width=0) (actual time=9834.302..15433.506 rows=132 loops=1)
  Hash Cond: (mi.movie_id = t.id)
  ->  Seq Scan on movie_info mi  (cost=0.00..309384.22 rows=14739122 width=4) (actual time=0.018..3436.647 rows=14835720 loops=1)
  ->  Hash  (cost=709674.40..709674.40 rows=301 width=8) (actual time=9317.859..9317.859 rows=41 loops=1)
        Buckets: 1024  Batches: 1  Memory Usage: 10kB
        ->  Nested Loop  (cost=0.43..709674.40 rows=301 width=8) (actual time=7572.119..9317.802 rows=41 loops=1)
              ->  Seq Scan on cast_info ci  (cost=0.00..705507.15 rows=500 width=4) (actual time=7571.955..9316.906 rows=59 loops=1)
                    Filter: (person_id = 2919701)
                    Rows Removed by Filter: 36244285
              ->  Index Scan using title_pkey on title t  (cost=0.43..8.32 rows=1 width=4) (actual time=0.013..0.013 rows=1 loops=59)
                    Index Cond: (id = ci.movie_id)
                    Filter: ((kind_id > 1) AND (production_year < 2011))
                    Rows Removed by Filter: 0
Planning time: 1.158 ms
Execution time: 15433.647 ms
