Hash Join  (cost=236946.82..1286985.77 rows=6964383 width=0) (actual time=5127.586..33834.983 rows=9599946 loops=1)
  Hash Cond: (ci.movie_id = t.id)
  ->  Seq Scan on cast_info ci  (cost=0.00..796071.18 rows=15558919 width=4) (actual time=0.021..15526.341 rows=20197989 loops=1)
        Filter: ((person_id > 1196511) AND (role_id > 1))
        Rows Removed by Filter: 16046355
  ->  Hash  (cost=218377.28..218377.28 rows=1131803 width=8) (actual time=5126.501..5126.501 rows=628676 loops=1)
        Buckets: 131072  Batches: 16  Memory Usage: 2571kB
        ->  Hash Join  (cost=97151.21..218377.28 rows=1131803 width=8) (actual time=1464.184..4927.684 rows=628676 loops=1)
              Hash Cond: (mk.movie_id = t.id)
              ->  Seq Scan on movie_keyword mk  (cost=0.00..81003.12 rows=2021578 width=4) (actual time=0.014..1445.111 rows=2027340 loops=1)
                    Filter: (keyword_id > 6092)
                    Rows Removed by Filter: 2496590
              ->  Hash  (cost=73925.90..73925.90 rows=1415624 width=4) (actual time=1462.329..1462.329 rows=1398720 loops=1)
                    Buckets: 131072  Batches: 32  Memory Usage: 2566kB
                    ->  Seq Scan on title t  (cost=0.00..73925.90 rows=1415624 width=4) (actual time=0.025..1059.131 rows=1398720 loops=1)
                          Filter: ((kind_id > 1) AND (production_year < 2010))
                          Rows Removed by Filter: 1129592
Planning time: 1.177 ms
Execution time: 34968.767 ms
