Hash Join  (cost=152138.32..1208189.40 rows=2165691 width=0) (actual time=2398.748..28580.653 rows=3185745 loops=1)
  Hash Cond: (ci.movie_id = t.id)
  ->  Seq Scan on cast_info ci  (cost=0.00..614943.12 rows=36225612 width=4) (actual time=0.019..11647.942 rows=36244344 loops=1)
  ->  Hash  (cost=149657.77..149657.77 rows=151164 width=8) (actual time=2397.741..2397.741 rows=103730 loops=1)
        Buckets: 131072  Batches: 2  Memory Usage: 3054kB
        ->  Hash Join  (cost=81720.25..149657.77 rows=151164 width=8) (actual time=1626.093..2362.659 rows=103730 loops=1)
              Hash Cond: (mc.movie_id = t.id)
              ->  Seq Scan on movie_companies mc  (cost=0.00..57926.93 rows=444252 width=4) (actual time=376.051..850.180 rows=128124 loops=1)
                    Filter: ((company_id > 20490) AND (company_type_id = 1))
                    Rows Removed by Filter: 2481005
              ->  Hash  (cost=67604.59..67604.59 rows=860373 width=4) (actual time=1249.234..1249.234 rows=854214 loops=1)
                    Buckets: 131072  Batches: 16  Memory Usage: 2897kB
                    ->  Seq Scan on title t  (cost=0.00..67604.59 rows=860373 width=4) (actual time=0.024..980.013 rows=854214 loops=1)
                          Filter: (kind_id < 4)
                          Rows Removed by Filter: 1674098
Planning time: 3.208 ms
Execution time: 28948.340 ms
