Seq Scan on movie_keyword mk  (cost=0.00..81003.12 rows=2241125 width=0) (actual time=0.025..1355.737 rows=2234679 loops=1)
  Filter: (keyword_id < 4604)
  Rows Removed by Filter: 2289251
Planning time: 0.273 ms
Execution time: 1624.096 ms
