Hash Join  (cost=102035.39..189165.91 rows=47248 width=0) (actual time=1771.385..3378.369 rows=18366 loops=1)
  Hash Cond: (mk.movie_id = t.id)
  ->  Seq Scan on movie_keyword mk  (cost=0.00..69693.30 rows=4523930 width=4) (actual time=0.011..827.675 rows=4523930 loops=1)
  ->  Hash  (cost=101705.29..101705.29 rows=26408 width=8) (actual time=1730.073..1730.073 rows=10347 loops=1)
        Buckets: 32768  Batches: 1  Memory Usage: 661kB
        ->  Hash Join  (cost=74530.73..101705.29 rows=26408 width=8) (actual time=1137.608..1726.212 rows=10347 loops=1)
              Hash Cond: (mi_idx.movie_id = t.id)
              ->  Seq Scan on movie_info_idx mi_idx  (cost=0.00..21735.35 rows=1380035 width=4) (actual time=0.051..257.687 rows=1380035 loops=1)
              ->  Hash  (cost=73925.90..73925.90 rows=48386 width=4) (actual time=1136.689..1136.689 rows=45023 loops=1)
                    Buckets: 65536  Batches: 1  Memory Usage: 2095kB
                    ->  Seq Scan on title t  (cost=0.00..73925.90 rows=48386 width=4) (actual time=0.040..1118.989 rows=45023 loops=1)
                          Filter: ((kind_id > 1) AND (production_year = 2013))
                          Rows Removed by Filter: 2483289
Planning time: 1.127 ms
Execution time: 3381.035 ms
