Hash Join  (cost=209234.67..748460.35 rows=5568775 width=0) (actual time=5291.055..32252.845 rows=47414360 loops=1)
  Hash Cond: (mi.movie_id = t.id)
  ->  Seq Scan on movie_info mi  (cost=0.00..309384.22 rows=14739122 width=4) (actual time=0.015..5160.344 rows=14835720 loops=1)
  ->  Hash  (cost=193560.99..193560.99 rows=955335 width=8) (actual time=5290.201..5290.201 rows=1249590 loops=1)
        Buckets: 131072 (originally 131072)  Batches: 32 (originally 16)  Memory Usage: 3073kB
        ->  Hash Join  (cost=102767.86..193560.99 rows=955335 width=8) (actual time=2653.986..4900.576 rows=1249590 loops=1)
              Hash Cond: (mc.movie_id = t.id)
              ->  Seq Scan on movie_companies mc  (cost=0.00..57926.93 rows=955335 width=4) (actual time=246.922..1049.547 rows=1249590 loops=1)
                    Filter: ((company_id < 51272) AND (company_type_id < 2))
                    Rows Removed by Filter: 1359539
              ->  Hash  (cost=61283.27..61283.27 rows=2528527 width=4) (actual time=2405.673..2405.673 rows=2528312 loops=1)
                    Buckets: 131072  Batches: 64  Memory Usage: 2415kB
                    ->  Seq Scan on title t  (cost=0.00..61283.27 rows=2528527 width=4) (actual time=0.016..894.207 rows=2528312 loops=1)
Planning time: 1.115 ms
Execution time: 37470.271 ms
