Hash Join  (cost=83810.17..178974.73 rows=260127 width=0) (actual time=1474.631..3912.485 rows=589220 loops=1)
  Hash Cond: (mk.movie_id = t.id)
  ->  Seq Scan on movie_keyword mk  (cost=0.00..81003.12 rows=665910 width=4) (actual time=0.047..1317.747 rows=664261 loops=1)
        Filter: (keyword_id < 519)
        Rows Removed by Filter: 3859669
  ->  Hash  (cost=67604.59..67604.59 rows=987727 width=4) (actual time=1473.516..1473.516 rows=985048 loops=1)
        Buckets: 131072  Batches: 16  Memory Usage: 3197kB
        ->  Seq Scan on title t  (cost=0.00..67604.59 rows=987727 width=4) (actual time=0.013..1163.077 rows=985048 loops=1)
              Filter: (kind_id < 7)
              Rows Removed by Filter: 1543264
Planning time: 0.714 ms
Execution time: 3981.828 ms
