Hash Join  (cost=927581.41..1064568.61 rows=1229916 width=0) (actual time=17025.959..18574.131 rows=651076 loops=1)
  Hash Cond: (mk.movie_id = t.id)
  ->  Seq Scan on movie_keyword mk  (cost=0.00..69693.30 rows=4523930 width=4) (actual time=0.017..1376.665 rows=4523930 loops=1)
  ->  Hash  (cost=916302.56..916302.56 rows=687428 width=8) (actual time=15121.615..15121.615 rows=847075 loops=1)
        Buckets: 131072  Batches: 16  Memory Usage: 3083kB
        ->  Hash Join  (cost=92883.59..916302.56 rows=687428 width=8) (actual time=7088.609..14849.200 rows=847075 loops=1)
              Hash Cond: (ci.movie_id = t.id)
              ->  Seq Scan on cast_info ci  (cost=0.00..796071.18 rows=1128103 width=4) (actual time=5471.007..11981.157 rows=1415289 loops=1)
                    Filter: ((person_id > 2134550) AND (role_id = 4))
                    Rows Removed by Filter: 34829055
              ->  Hash  (cost=67604.59..67604.59 rows=1540800 width=4) (actual time=1616.026..1616.026 rows=1543264 loops=1)
                    Buckets: 131072  Batches: 32  Memory Usage: 2722kB
                    ->  Seq Scan on title t  (cost=0.00..67604.59 rows=1540800 width=4) (actual time=0.025..1118.310 rows=1543264 loops=1)
                          Filter: (kind_id = 7)
                          Rows Removed by Filter: 985048
Planning time: 1.103 ms
Execution time: 18641.926 ms
