Hash Join  (cost=994080.94..3124140.16 rows=91798708 width=0) (actual time=29008.999..113344.632 rows=224023694 loops=1)
  Hash Cond: (ci.movie_id = t.id)
  ->  Seq Scan on cast_info ci  (cost=0.00..705507.15 rows=16201301 width=4) (actual time=1515.525..12896.036 rows=16121683 loops=1)
        Filter: (role_id > 2)
        Rows Removed by Filter: 20122661
  ->  Hash  (cost=759028.85..759028.85 rows=14326967 width=8) (actual time=27491.963..27491.963 rows=14779375 loops=1)
        Buckets: 131072  Batches: 256  Memory Usage: 3258kB
        ->  Hash Join  (cost=107928.35..759028.85 rows=14326967 width=8) (actual time=2053.946..21786.162 rows=14779375 loops=1)
              Hash Cond: (mi.movie_id = t.id)
              ->  Seq Scan on movie_info mi  (cost=0.00..309384.22 rows=14739122 width=4) (actual time=0.044..5144.392 rows=14835720 loops=1)
              ->  Hash  (cost=67604.59..67604.59 rows=2457821 width=4) (actual time=2052.255..2052.255 rows=2456218 loops=1)
                    Buckets: 131072  Batches: 64  Memory Usage: 2385kB
                    ->  Seq Scan on title t  (cost=0.00..67604.59 rows=2457821 width=4) (actual time=0.036..1240.309 rows=2456218 loops=1)
                          Filter: (production_year > 0)
                          Rows Removed by Filter: 72094
Planning time: 1.046 ms
Execution time: 139081.173 ms
