Hash Join  (cost=102767.86..290198.27 rows=4012387 width=0) (actual time=1813.066..7820.233 rows=4019999 loops=1)
  Hash Cond: (mk.movie_id = t.id)
  ->  Seq Scan on movie_keyword mk  (cost=0.00..81003.12 rows=4012387 width=4) (actual time=0.018..1822.560 rows=4019999 loops=1)
        Filter: (keyword_id < 35957)
        Rows Removed by Filter: 503931
  ->  Hash  (cost=61283.27..61283.27 rows=2528527 width=4) (actual time=1811.949..1811.949 rows=2528312 loops=1)
        Buckets: 131072  Batches: 64  Memory Usage: 2425kB
        ->  Seq Scan on title t  (cost=0.00..61283.27 rows=2528527 width=4) (actual time=0.012..960.105 rows=2528312 loops=1)
Planning time: 0.529 ms
Execution time: 8297.913 ms
