Hash Join  (cost=190528.45..754072.61 rows=6574255 width=0) (actual time=4954.474..21223.005 rows=18562041 loops=1)
  Hash Cond: (mi.movie_id = t.id)
  ->  Seq Scan on movie_info mi  (cost=0.00..346232.03 rows=12665229 width=4) (actual time=138.319..6547.232 rows=12744652 loops=1)
        Filter: (info_type_id > 2)
        Rows Removed by Filter: 2091068
  ->  Hash  (cost=168995.14..168995.14 rows=1312505 width=8) (actual time=4815.242..4815.242 rows=1366949 loops=1)
        Buckets: 131072  Batches: 32  Memory Usage: 2709kB
        ->  Hash Join  (cost=107058.56..168995.14 rows=1312505 width=8) (actual time=1966.922..4438.695 rows=1366949 loops=1)
              Hash Cond: (mi_idx.movie_id = t.id)
              ->  Seq Scan on movie_info_idx mi_idx  (cost=0.00..21735.35 rows=1380035 width=4) (actual time=0.025..434.795 rows=1380035 loops=1)
              ->  Hash  (cost=67604.59..67604.59 rows=2404798 width=4) (actual time=1965.866..1965.866 rows=2396371 loops=1)
                    Buckets: 131072  Batches: 32  Memory Usage: 3657kB
                    ->  Seq Scan on title t  (cost=0.00..67604.59 rows=2404798 width=4) (actual time=0.017..1207.852 rows=2396371 loops=1)
                          Filter: (production_year > 1914)
                          Rows Removed by Filter: 131941
Planning time: 1.101 ms
Execution time: 23038.485 ms
