Hash Join  (cost=92883.59..184647.57 rows=152805 width=0) (actual time=2516.888..2944.022 rows=12494 loops=1)
  Hash Cond: (mk.movie_id = t.id)
  ->  Seq Scan on movie_keyword mk  (cost=0.00..81003.12 rows=250761 width=4) (actual time=0.028..1119.946 rows=248786 loops=1)
        Filter: (keyword_id > 60648)
        Rows Removed by Filter: 4275144
  ->  Hash  (cost=67604.59..67604.59 rows=1540800 width=4) (actual time=1506.693..1506.693 rows=1543264 loops=1)
        Buckets: 131072  Batches: 32  Memory Usage: 2728kB
        ->  Seq Scan on title t  (cost=0.00..67604.59 rows=1540800 width=4) (actual time=0.017..1012.783 rows=1543264 loops=1)
              Filter: (kind_id = 7)
              Rows Removed by Filter: 985048
Planning time: 0.664 ms
Execution time: 2945.424 ms
