Hash Join  (cost=83948.34..219266.17 rows=1092879 width=0) (actual time=1385.590..5229.698 rows=2493953 loops=1)
  Hash Cond: (mk.movie_id = t.id)
  ->  Seq Scan on movie_keyword mk  (cost=0.00..69693.30 rows=4523930 width=4) (actual time=0.027..1262.972 rows=4523930 loops=1)
  ->  Hash  (cost=73925.90..73925.90 rows=610835 width=4) (actual time=1384.694..1384.694 rows=508952 loops=1)
        Buckets: 131072  Batches: 8  Memory Usage: 3285kB
        ->  Seq Scan on title t  (cost=0.00..73925.90 rows=610835 width=4) (actual time=129.950..1220.596 rows=508952 loops=1)
              Filter: ((production_year > 1942) AND (kind_id = 1))
              Rows Removed by Filter: 2019360
Planning time: 0.980 ms
Execution time: 5508.956 ms
