Hash Join  (cost=70308.29..125564.03 rows=17109 width=0) (actual time=1027.518..2031.280 rows=7314 loops=1)
  Hash Cond: (mc.movie_id = t.id)
  ->  Seq Scan on movie_companies mc  (cost=0.00..51404.11 rows=262543 width=4) (actual time=0.028..867.846 rows=259406 loops=1)
        Filter: (company_id < 133)
        Rows Removed by Filter: 2349723
  ->  Hash  (cost=67604.59..67604.59 rows=164776 width=4) (actual time=1025.873..1025.873 rows=164307 loops=1)
        Buckets: 131072  Batches: 4  Memory Usage: 2482kB
        ->  Seq Scan on title t  (cost=0.00..67604.59 rows=164776 width=4) (actual time=0.022..968.788 rows=164307 loops=1)
              Filter: (production_year = 2012)
              Rows Removed by Filter: 2364005
Planning time: 0.741 ms
Execution time: 2032.740 ms
