Nested Loop  (cost=0.43..69257.82 rows=291 width=0) (actual time=163.834..716.432 rows=1345 loops=1)
  ->  Seq Scan on movie_companies mc  (cost=0.00..51404.11 rows=2261 width=4) (actual time=26.941..685.244 rows=1876 loops=1)
        Filter: (company_id = 448)
        Rows Removed by Filter: 2607253
  ->  Index Scan using title_pkey on title t  (cost=0.43..7.89 rows=1 width=4) (actual time=0.016..0.016 rows=1 loops=1876)
        Index Cond: (id = mc.movie_id)
        Filter: ((production_year > 2009) AND (kind_id = 7))
        Rows Removed by Filter: 0
Planning time: 0.724 ms
Execution time: 716.809 ms
