Hash Join  (cost=145574.53..248132.94 rows=211688 width=0) (actual time=3108.599..5283.805 rows=335423 loops=1)
  Hash Cond: (mk.movie_id = t.id)
  ->  Seq Scan on movie_keyword mk  (cost=0.00..81003.12 rows=1565443 width=4) (actual time=0.025..1406.768 rows=1580422 loops=1)
        Filter: (keyword_id > 9849)
        Rows Removed by Filter: 2943508
  ->  Hash  (cost=139964.51..139964.51 rows=341921 width=8) (actual time=3107.522..3107.522 rows=250045 loops=1)
        Buckets: 131072  Batches: 8  Memory Usage: 2254kB
        ->  Hash Join  (cost=98137.04..139964.51 rows=341921 width=8) (actual time=1942.619..3034.924 rows=250045 loops=1)
              Hash Cond: (mi_idx.movie_id = t.id)
              ->  Seq Scan on movie_info_idx mi_idx  (cost=0.00..25185.44 rows=464566 width=4) (actual time=0.027..496.954 rows=459925 loops=1)
                    Filter: (info_type_id = 101)
                    Rows Removed by Filter: 920110
              ->  Hash  (cost=67604.59..67604.59 rows=1860996 width=4) (actual time=1941.306..1941.306 rows=1865487 loops=1)
                    Buckets: 131072  Batches: 32  Memory Usage: 3079kB
                    ->  Seq Scan on title t  (cost=0.00..67604.59 rows=1860996 width=4) (actual time=0.032..1348.283 rows=1865487 loops=1)
                          Filter: (kind_id > 1)
                          Rows Removed by Filter: 662825
Planning time: 1.126 ms
Execution time: 5325.307 ms
