Hash Join  (cost=81516.96..120766.38 rows=167436 width=0) (actual time=1231.039..2167.800 rows=230632 loops=1)
  Hash Cond: (mi_idx.movie_id = t.id)
  ->  Seq Scan on movie_info_idx mi_idx  (cost=0.00..25185.44 rows=915101 width=4) (actual time=0.026..429.538 rows=919850 loops=1)
        Filter: (info_type_id < 101)
        Rows Removed by Filter: 460185
  ->  Hash  (cost=73925.90..73925.90 rows=462644 width=4) (actual time=1230.052..1230.052 rows=335285 loops=1)
        Buckets: 131072  Batches: 8  Memory Usage: 2503kB
        ->  Seq Scan on title t  (cost=0.00..73925.90 rows=462644 width=4) (actual time=39.297..1106.327 rows=335285 loops=1)
              Filter: ((production_year > 1990) AND (kind_id = 1))
              Rows Removed by Filter: 2193027
Planning time: 1.158 ms
Execution time: 2197.307 ms
