Seq Scan on movie_keyword mk  (cost=0.00..81003.12 rows=709342 width=0) (actual time=0.032..1264.777 rows=714791 loops=1)
  Filter: (keyword_id > 26369)
  Rows Removed by Filter: 3809139
Planning time: 0.272 ms
Execution time: 1358.294 ms
