Hash Join  (cost=189434.67..321596.04 rows=833833 width=0) (actual time=3366.383..7014.107 rows=1356552 loops=1)
  Hash Cond: (mk.movie_id = t.id)
  ->  Seq Scan on movie_keyword mk  (cost=0.00..69693.30 rows=4523930 width=4) (actual time=0.019..1240.129 rows=4523930 loops=1)
  ->  Hash  (cost=181788.07..181788.07 rows=466048 width=8) (actual time=3365.369..3365.369 rows=265596 loops=1)
        Buckets: 131072  Batches: 8  Memory Usage: 2332kB
        ->  Hash Join  (cost=102767.86..181788.07 rows=466048 width=8) (actual time=2155.483..3276.527 rows=265596 loops=1)
              Hash Cond: (mc.movie_id = t.id)
              ->  Seq Scan on movie_companies mc  (cost=0.00..57926.93 rows=466048 width=4) (actual time=328.972..816.298 rows=265596 loops=1)
                    Filter: ((company_id < 3099) AND (company_type_id > 1))
                    Rows Removed by Filter: 2343533
              ->  Hash  (cost=61283.27..61283.27 rows=2528527 width=4) (actual time=1825.202..1825.202 rows=2528312 loops=1)
                    Buckets: 131072  Batches: 64  Memory Usage: 2415kB
                    ->  Seq Scan on title t  (cost=0.00..61283.27 rows=2528527 width=4) (actual time=0.021..983.994 rows=2528312 loops=1)
Planning time: 1.146 ms
Execution time: 7183.554 ms
