Hash Join  (cost=200739.55..1323213.47 rows=4223674 width=0) (actual time=4560.657..33695.152 rows=6544083 loops=1)
  Hash Cond: (ci.movie_id = t.id)
  ->  Seq Scan on cast_info ci  (cost=0.00..614943.12 rows=36225612 width=4) (actual time=0.012..13257.989 rows=36244344 loops=1)
  ->  Hash  (cost=195902.42..195902.42 rows=294810 width=8) (actual time=4559.382..4559.382 rows=107578 loops=1)
        Buckets: 131072  Batches: 4  Memory Usage: 2000kB
        ->  Hash Join  (cost=70308.29..195902.42 rows=294810 width=8) (actual time=1148.386..4523.961 rows=107578 loops=1)
              Hash Cond: (mk.movie_id = t.id)
              ->  Seq Scan on movie_keyword mk  (cost=0.00..69693.30 rows=4523930 width=4) (actual time=0.037..1391.128 rows=4523930 loops=1)
              ->  Hash  (cost=67604.59..67604.59 rows=164776 width=4) (actual time=1145.754..1145.754 rows=164307 loops=1)
                    Buckets: 131072  Batches: 4  Memory Usage: 2488kB
                    ->  Seq Scan on title t  (cost=0.00..67604.59 rows=164776 width=4) (actual time=0.008..1085.570 rows=164307 loops=1)
                          Filter: (production_year = 2012)
                          Rows Removed by Filter: 2364005
Planning time: 1.204 ms
Execution time: 34467.648 ms
