Hash Join  (cost=142545.84..229813.79 rows=60992 width=0) (actual time=2611.553..3965.094 rows=28765 loops=1)
  Hash Cond: (mk.movie_id = t.id)
  ->  Seq Scan on movie_keyword mk  (cost=0.00..69693.30 rows=4523930 width=4) (actual time=0.019..880.286 rows=4523930 loops=1)
  ->  Hash  (cost=142119.71..142119.71 rows=34090 width=8) (actual time=2238.998..2238.998 rows=19060 loops=1)
        Buckets: 65536  Batches: 1  Memory Usage: 1257kB
        ->  Hash Join  (cost=76243.83..142119.71 rows=34090 width=8) (actual time=1325.639..2232.165 rows=19060 loops=1)
              Hash Cond: (mc.movie_id = t.id)
              ->  Seq Scan on movie_companies mc  (cost=0.00..57926.93 rows=610146 width=4) (actual time=329.476..888.970 rows=884235 loops=1)
                    Filter: ((company_id > 12223) AND (company_type_id = 2))
                    Rows Removed by Filter: 1724894
              ->  Hash  (cost=73925.90..73925.90 rows=141274 width=4) (actual time=994.935..994.935 rows=150659 loops=1)
                    Buckets: 131072  Batches: 2  Memory Usage: 3673kB
                    ->  Seq Scan on title t  (cost=0.00..73925.90 rows=141274 width=4) (actual time=0.030..939.859 rows=150659 loops=1)
                          Filter: ((production_year > 2011) AND (kind_id = 7))
                          Rows Removed by Filter: 2377653
Planning time: 1.151 ms
Execution time: 3969.115 ms
