Hash Join  (cost=235826.92..1418533.41 rows=11634846 width=0) (actual time=5443.930..50666.058 rows=76933636 loops=1)
  Hash Cond: (ci.movie_id = t.id)
  ->  Seq Scan on cast_info ci  (cost=0.00..705507.15 rows=27841769 width=4) (actual time=0.015..14525.515 rows=27899649 loops=1)
        Filter: (person_id < 2848615)
        Rows Removed by Filter: 8344695
  ->  Hash  (cost=218490.78..218490.78 rows=1056651 width=8) (actual time=5442.725..5442.725 rows=1819845 loops=1)
        Buckets: 131072 (originally 131072)  Batches: 32 (originally 16)  Memory Usage: 3261kB
        ->  Hash Join  (cost=83615.23..218490.78 rows=1056651 width=8) (actual time=1217.483..4953.707 rows=1819845 loops=1)
              Hash Cond: (mk.movie_id = t.id)
              ->  Seq Scan on movie_keyword mk  (cost=0.00..69693.30 rows=4523930 width=4) (actual time=0.020..1433.630 rows=4523930 loops=1)
              ->  Hash  (cost=73925.90..73925.90 rows=590586 width=4) (actual time=1215.825..1215.825 rows=500939 loops=1)
                    Buckets: 131072  Batches: 8  Memory Usage: 3231kB
                    ->  Seq Scan on title t  (cost=0.00..73925.90 rows=590586 width=4) (actual time=0.015..1052.973 rows=500939 loops=1)
                          Filter: ((kind_id < 6) AND (production_year > 1997))
                          Rows Removed by Filter: 2027373
Planning time: 1.602 ms
Execution time: 58639.170 ms
