Hash Join  (cost=489937.46..1319411.30 rows=725535 width=0) (actual time=11326.579..19887.054 rows=18662 loops=1)
  Hash Cond: (ci.movie_id = t.id)
  ->  Seq Scan on cast_info ci  (cost=0.00..796071.18 rows=1942216 width=4) (actual time=1073.656..10983.234 rows=2071801 loops=1)
        Filter: ((person_id < 212094) AND (role_id < 10))
        Rows Removed by Filter: 34172543
  ->  Hash  (cost=474440.50..474440.50 rows=944557 width=8) (actual time=8023.986..8023.986 rows=14340 loops=1)
        Buckets: 131072  Batches: 16  Memory Usage: 1059kB
        ->  Hash Join  (cost=92883.59..474440.50 rows=944557 width=8) (actual time=2269.920..8018.686 rows=14340 loops=1)
              Hash Cond: (mi.movie_id = t.id)
              ->  Seq Scan on movie_info mi  (cost=0.00..346232.03 rows=1550064 width=4) (actual time=318.285..5156.541 rows=1533909 loops=1)
                    Filter: (info_type_id = 3)
                    Rows Removed by Filter: 13301811
              ->  Hash  (cost=67604.59..67604.59 rows=1540800 width=4) (actual time=1948.736..1948.736 rows=1543264 loops=1)
                    Buckets: 131072  Batches: 32  Memory Usage: 2728kB
                    ->  Seq Scan on title t  (cost=0.00..67604.59 rows=1540800 width=4) (actual time=0.017..1177.405 rows=1543264 loops=1)
                          Filter: (kind_id = 7)
                          Rows Removed by Filter: 985048
Planning time: 1.266 ms
Execution time: 19889.966 ms
