Seq Scan on movie_companies mc  (cost=0.00..57926.93 rows=195248 width=0) (actual time=306.000..842.839 rows=386677 loops=1)
  Filter: ((company_id > 83503) AND (company_type_id = 2))
  Rows Removed by Filter: 2222452
Planning time: 0.405 ms
Execution time: 892.925 ms
