Seq Scan on cast_info ci  (cost=0.00..705507.15 rows=20563588 width=0) (actual time=2451.841..11392.338 rows=20695014 loops=1)
  Filter: (person_id > 1533903)
  Rows Removed by Filter: 15549330
Planning time: 0.288 ms
Execution time: 13993.813 ms
