Hash Join  (cost=58358.90..412368.45 rows=42 width=0) (actual time=1387.263..5363.170 rows=8 loops=1)
  Hash Cond: (mi.movie_id = t.id)
  ->  Seq Scan on movie_info mi  (cost=0.00..346232.03 rows=2073893 width=4) (actual time=298.981..4267.181 rows=2091068 loops=1)
        Filter: (info_type_id < 3)
        Rows Removed by Filter: 12744652
  ->  Hash  (cost=58358.27..58358.27 rows=51 width=8) (actual time=807.213..807.213 rows=4 loops=1)
        Buckets: 1024  Batches: 1  Memory Usage: 9kB
        ->  Nested Loop  (cost=0.43..58358.27 rows=51 width=8) (actual time=116.188..807.201 rows=4 loops=1)
              ->  Seq Scan on movie_companies mc  (cost=0.00..57926.93 rows=51 width=4) (actual time=116.106..806.973 rows=4 loops=1)
                    Filter: ((company_type_id < 2) AND (company_id = 26244))
                    Rows Removed by Filter: 2609125
              ->  Index Only Scan using title_pkey on title t  (cost=0.43..8.45 rows=1 width=4) (actual time=0.050..0.051 rows=1 loops=4)
                    Index Cond: (id = mc.movie_id)
                    Heap Fetches: 4
Planning time: 1.174 ms
Execution time: 5363.299 ms
