Seq Scan on movie_keyword mk  (cost=0.00..81003.12 rows=349436 width=0) (actual time=0.025..1179.539 rows=347271 loops=1)
  Filter: (keyword_id > 47925)
  Rows Removed by Filter: 4176659
Planning time: 0.275 ms
Execution time: 1225.717 ms
