Hash Join  (cost=348123.23..869321.45 rows=7945738 width=0) (actual time=10489.460..41167.448 rows=101206221 loops=1)
  Hash Cond: (mi.movie_id = t.id)
  ->  Seq Scan on movie_info mi  (cost=0.00..346232.03 rows=5263441 width=4) (actual time=1433.881..5762.679 rows=5270569 loops=1)
        Filter: (info_type_id > 15)
        Rows Removed by Filter: 9565151
  ->  Hash  (cost=285498.65..285498.65 rows=3817087 width=8) (actual time=9054.508..9054.508 rows=3810817 loops=1)
        Buckets: 131072  Batches: 64  Memory Usage: 3455kB
        ->  Hash Join  (cost=102767.86..285498.65 rows=3817087 width=8) (actual time=1811.403..7920.511 rows=3810817 loops=1)
              Hash Cond: (mk.movie_id = t.id)
              ->  Seq Scan on movie_keyword mk  (cost=0.00..81003.12 rows=3817087 width=4) (actual time=0.036..1810.489 rows=3810817 loops=1)
                    Filter: (keyword_id < 26476)
                    Rows Removed by Filter: 713113
              ->  Hash  (cost=61283.27..61283.27 rows=2528527 width=4) (actual time=1810.376..1810.376 rows=2528312 loops=1)
                    Buckets: 131072  Batches: 64  Memory Usage: 2425kB
                    ->  Seq Scan on title t  (cost=0.00..61283.27 rows=2528527 width=4) (actual time=0.020..942.491 rows=2528312 loops=1)
Planning time: 1.136 ms
Execution time: 51509.596 ms
