Seq Scan on cast_info ci  (cost=0.00..705507.15 rows=20373599 width=0) (actual time=0.024..11585.116 rows=20277817 loops=1)
  Filter: (person_id < 2037445)
  Rows Removed by Filter: 15966527
Planning time: 0.296 ms
Execution time: 14131.922 ms
