Hash Join  (cost=231113.77..1401156.37 rows=13262243 width=0) (actual time=4564.700..44179.560 rows=39148039 loops=1)
  Hash Cond: (ci.movie_id = t.id)
  ->  Seq Scan on cast_info ci  (cost=0.00..614943.12 rows=36225612 width=4) (actual time=0.025..12157.598 rows=36244344 loops=1)
  ->  Hash  (cost=215925.56..215925.56 rows=925697 width=8) (actual time=4563.760..4563.760 rows=934355 loops=1)
        Buckets: 131072  Batches: 16  Memory Usage: 3333kB
        ->  Hash Join  (cost=102767.86..215925.56 rows=925697 width=8) (actual time=1822.402..4305.021 rows=934355 loops=1)
              Hash Cond: (mk.movie_id = t.id)
              ->  Seq Scan on movie_keyword mk  (cost=0.00..81003.12 rows=925697 width=4) (actual time=0.017..1357.542 rows=934355 loops=1)
                    Filter: (keyword_id < 875)
                    Rows Removed by Filter: 3589575
              ->  Hash  (cost=61283.27..61283.27 rows=2528527 width=4) (actual time=1821.514..1821.514 rows=2528312 loops=1)
                    Buckets: 131072  Batches: 64  Memory Usage: 2425kB
                    ->  Seq Scan on title t  (cost=0.00..61283.27 rows=2528527 width=4) (actual time=0.012..944.986 rows=2528312 loops=1)
Planning time: 1.138 ms
Execution time: 48398.416 ms
