Hash Join  (cost=128080.93..206811.35 rows=266989 width=0) (actual time=3057.152..5325.682 rows=1950919 loops=1)
  Hash Cond: (mc.movie_id = t.id)
  ->  Seq Scan on movie_companies mc  (cost=0.00..44881.29 rows=2609129 width=4) (actual time=0.017..817.410 rows=2609129 loops=1)
  ->  Hash  (cost=123835.67..123835.67 rows=258741 width=8) (actual time=2789.484..2789.484 rows=524885 loops=1)
        Buckets: 131072 (originally 131072)  Batches: 8 (originally 4)  Memory Usage: 3598kB
        ->  Hash Join  (cost=81703.78..123835.67 rows=258741 width=8) (actual time=1610.141..2625.103 rows=524885 loops=1)
              Hash Cond: (mi_idx.movie_id = t.id)
              ->  Seq Scan on movie_info_idx mi_idx  (cost=0.00..21735.35 rows=1380035 width=4) (actual time=0.015..423.092 rows=1380035 loops=1)
              ->  Hash  (cost=73925.90..73925.90 rows=474070 width=4) (actual time=1297.660..1297.660 rows=496025 loops=1)
                    Buckets: 131072  Batches: 8  Memory Usage: 3214kB
                    ->  Seq Scan on title t  (cost=0.00..73925.90 rows=474070 width=4) (actual time=0.017..1141.328 rows=496025 loops=1)
                          Filter: ((production_year < 2009) AND (kind_id = 1))
                          Rows Removed by Filter: 2032287
Planning time: 1.240 ms
Execution time: 5566.532 ms
