Seq Scan on cast_info ci  (cost=0.00..796071.18 rows=8368248 width=0) (actual time=0.037..10496.677 rows=13020490 loops=1)
  Filter: ((person_id > 2374516) AND (role_id > 1))
  Rows Removed by Filter: 23223854
Planning time: 0.350 ms
Execution time: 11912.214 ms
