Seq Scan on movie_companies mc  (cost=0.00..57926.93 rows=365615 width=0) (actual time=122.597..792.370 rows=51988 loops=1)
  Filter: ((company_id > 37005) AND (company_type_id < 2))
  Rows Removed by Filter: 2557141
Planning time: 0.908 ms
Execution time: 799.635 ms
