Seq Scan on cast_info ci  (cost=0.00..705507.15 rows=20392630 width=0) (actual time=1771.944..11660.850 rows=20515457 loops=1)
  Filter: (person_id > 1553512)
  Rows Removed by Filter: 15728887
Planning time: 0.285 ms
Execution time: 14192.893 ms
