Seq Scan on movie_companies mc  (cost=0.00..57926.93 rows=560661 width=40) (actual time=103.423..1099.876 rows=857522 loops=1)
  Filter: ((company_id > 13909) AND (company_type_id = 2))
  Rows Removed by Filter: 1751607
Planning time: 3.967 ms
Execution time: 1147.176 ms
