Hash Join  (cost=123752.54..612273.37 rows=816689 width=0) (actual time=2270.292..12992.098 rows=524605 loops=1)
  Hash Cond: (mi.movie_id = t.id)
  ->  Seq Scan on movie_info mi  (cost=0.00..309384.22 rows=14739122 width=4) (actual time=0.020..5395.487 rows=14835720 loops=1)
  ->  Hash  (cost=121453.22..121453.22 rows=140105 width=8) (actual time=2265.130..2265.130 rows=67492 loops=1)
        Buckets: 131072  Batches: 2  Memory Usage: 2348kB
        ->  Hash Join  (cost=86534.07..121453.22 rows=140105 width=8) (actual time=1684.975..2241.130 rows=67492 loops=1)
              Hash Cond: (mi_idx.movie_id = t.id)
              ->  Seq Scan on movie_info_idx mi_idx  (cost=0.00..25185.44 rows=460978 width=4) (actual time=0.017..452.640 rows=459925 loops=1)
                    Filter: (info_type_id = 99)
                    Rows Removed by Filter: 920110
              ->  Hash  (cost=73925.90..73925.90 rows=768493 width=4) (actual time=1409.541..1409.541 rows=840010 loops=1)
                    Buckets: 131072  Batches: 16  Memory Usage: 2877kB
                    ->  Seq Scan on title t  (cost=0.00..73925.90 rows=768493 width=4) (actual time=249.632..1147.827 rows=840010 loops=1)
                          Filter: ((production_year > 2002) AND (kind_id = 7))
                          Rows Removed by Filter: 1688302
Planning time: 1.205 ms
Execution time: 13061.770 ms
