Seq Scan on movie_companies mc  (cost=0.00..51404.11 rows=111433 width=0) (actual time=391.151..1002.805 rows=111613 loops=1)
  Filter: (company_id > 150997)
  Rows Removed by Filter: 2497516
Planning time: 0.456 ms
Execution time: 1016.689 ms
