Seq Scan on cast_info ci  (cost=0.00..705507.15 rows=34599046 width=0) (actual time=0.023..12905.090 rows=34602291 loops=1)
  Filter: (person_id < 3736601)
  Rows Removed by Filter: 1642053
Planning time: 0.292 ms
Execution time: 17203.557 ms
