Seq Scan on movie_companies mc  (cost=0.00..57926.93 rows=610605 width=0) (actual time=108.038..527.733 rows=884277 loops=1)
  Filter: ((company_id > 12209) AND (company_type_id > 1))
  Rows Removed by Filter: 1724852
Planning time: 0.325 ms
Execution time: 602.967 ms
