Seq Scan on cast_info ci  (cost=0.00..796071.18 rows=17537189 width=0) (actual time=0.025..13991.400 rows=21042199 loops=1)
  Filter: ((person_id > 891135) AND (role_id > 1))
  Rows Removed by Filter: 15202145
Planning time: 0.325 ms
Execution time: 16523.935 ms
