Seq Scan on cast_info ci  (cost=0.00..705507.15 rows=500 width=0) (actual time=7160.878..9766.076 rows=18 loops=1)
  Filter: (person_id = 388714)
  Rows Removed by Filter: 36244326
Planning time: 1.971 ms
Execution time: 9766.173 ms
