Hash Join  (cost=101541.62..459467.85 rows=18848 width=0) (actual time=5079.154..7131.987 rows=107833 loops=1)
  Hash Cond: (mi.movie_id = t.id)
  ->  Seq Scan on movie_info mi  (cost=0.00..346232.03 rows=3068194 width=4) (actual time=2494.682..4969.469 rows=3036719 loops=1)
        Filter: (info_type_id = 16)
        Rows Removed by Filter: 11799001
  ->  Hash  (cost=101347.45..101347.45 rows=15533 width=8) (actual time=1580.256..1580.256 rows=22502 loops=1)
        Buckets: 32768 (originally 16384)  Batches: 1 (originally 1)  Memory Usage: 1135kB
        ->  Hash Join  (cost=74281.64..101347.45 rows=15533 width=8) (actual time=1085.038..1572.021 rows=22502 loops=1)
              Hash Cond: (mi_idx.movie_id = t.id)
              ->  Seq Scan on movie_info_idx mi_idx  (cost=0.00..21735.35 rows=1380035 width=4) (actual time=0.031..285.878 rows=1380035 loops=1)
              ->  Hash  (cost=73925.90..73925.90 rows=28459 width=4) (actual time=980.851..980.851 rows=16117 loops=1)
                    Buckets: 32768  Batches: 1  Memory Usage: 823kB
                    ->  Seq Scan on title t  (cost=0.00..73925.90 rows=28459 width=4) (actual time=317.708..974.320 rows=16117 loops=1)
                          Filter: ((kind_id = 1) AND (production_year = 2006))
                          Rows Removed by Filter: 2512195
Planning time: 1.182 ms
Execution time: 7145.584 ms
