Hash Join  (cost=98201.10..670035.83 rows=8624880 width=0) (actual time=2262.135..16888.224 rows=5476819 loops=1)
  Hash Cond: (mi.movie_id = t.id)
  ->  Seq Scan on movie_info mi  (cost=0.00..309384.22 rows=14739122 width=4) (actual time=0.029..5360.342 rows=14835720 loops=1)
  ->  Hash  (cost=73925.90..73925.90 rows=1479616 width=4) (actual time=2260.669..2260.669 rows=1600919 loops=1)
        Buckets: 131072  Batches: 32  Memory Usage: 2798kB
        ->  Seq Scan on title t  (cost=0.00..73925.90 rows=1479616 width=4) (actual time=0.014..1467.238 rows=1600919 loops=1)
              Filter: ((kind_id > 1) AND (production_year > 1975))
              Rows Removed by Filter: 927393
Planning time: 0.766 ms
Execution time: 17539.553 ms
