Hash Join  (cost=166014.74..259347.19 rows=66119 width=0) (actual time=3933.041..5153.774 rows=309345 loops=1)
  Hash Cond: (mk.movie_id = t.id)
  ->  Seq Scan on movie_keyword mk  (cost=0.00..81003.12 rows=3111504 width=4) (actual time=0.011..1364.837 rows=3097527 loops=1)
        Filter: (keyword_id < 11694)
        Rows Removed by Filter: 1426403
  ->  Hash  (cost=165343.10..165343.10 rows=53731 width=8) (actual time=3203.157..3203.157 rows=52624 loops=1)
        Buckets: 65536  Batches: 1  Memory Usage: 2568kB
        ->  Hash Join  (cost=102767.86..165343.10 rows=53731 width=8) (actual time=2551.116..3184.062 rows=52624 loops=1)
              Hash Cond: (mc.movie_id = t.id)
              ->  Seq Scan on movie_companies mc  (cost=0.00..51404.11 rows=53731 width=4) (actual time=665.770..848.142 rows=52624 loops=1)
                    Filter: (company_id > 189412)
                    Rows Removed by Filter: 2556505
              ->  Hash  (cost=61283.27..61283.27 rows=2528527 width=4) (actual time=1884.107..1884.107 rows=2528312 loops=1)
                    Buckets: 131072  Batches: 64  Memory Usage: 2415kB
                    ->  Seq Scan on title t  (cost=0.00..61283.27 rows=2528527 width=4) (actual time=0.022..1045.144 rows=2528312 loops=1)
Planning time: 1.111 ms
Execution time: 5194.364 ms
