Hash Join  (cost=472656.51..562111.20 rows=74283 width=0) (actual time=7180.325..8937.362 rows=501289 loops=1)
  Hash Cond: (mk.movie_id = t.id)
  ->  Seq Scan on movie_keyword mk  (cost=0.00..81003.12 rows=551663 width=4) (actual time=0.015..1307.343 rows=548522 loops=1)
        Filter: (keyword_id > 33564)
        Rows Removed by Filter: 3975408
  ->  Hash  (cost=467070.59..467070.59 rows=340474 width=8) (actual time=7179.624..7179.624 rows=328857 loops=1)
        Buckets: 131072  Batches: 8  Memory Usage: 2647kB
        ->  Hash Join  (cost=102767.86..467070.59 rows=340474 width=8) (actual time=4075.815..7092.573 rows=328857 loops=1)
              Hash Cond: (mi.movie_id = t.id)
              ->  Seq Scan on movie_info mi  (cost=0.00..346232.03 rows=340474 width=4) (actual time=2264.744..4674.901 rows=328857 loops=1)
                    Filter: (info_type_id = 98)
                    Rows Removed by Filter: 14506863
              ->  Hash  (cost=61283.27..61283.27 rows=2528527 width=4) (actual time=1809.889..1809.889 rows=2528312 loops=1)
                    Buckets: 131072  Batches: 64  Memory Usage: 2425kB
                    ->  Seq Scan on title t  (cost=0.00..61283.27 rows=2528527 width=4) (actual time=0.032..953.995 rows=2528312 loops=1)
Planning time: 1.163 ms
Execution time: 9002.707 ms
