Seq Scan on title t  (cost=0.00..67604.59 rows=885453 width=0) (actual time=0.017..1095.556 rows=885650 loops=1)
  Filter: (production_year < 1997)
  Rows Removed by Filter: 1642662
Planning time: 0.342 ms
Execution time: 1210.698 ms
