Seq Scan on movie_companies mc  (cost=0.00..57926.93 rows=2393 width=0) (actual time=43.954..676.732 rows=1626 loops=1)
  Filter: ((company_id = 475) AND (company_type_id = 2))
  Rows Removed by Filter: 2607503
Planning time: 8.291 ms
Execution time: 677.249 ms
