Hash Join  (cost=78171.87..216774.17 rows=460180 width=0) (actual time=1055.404..5018.355 rows=502754 loops=1)
  Hash Cond: (mk.movie_id = t.id)
  ->  Seq Scan on movie_keyword mk  (cost=0.00..81003.12 rows=4496100 width=4) (actual time=0.015..1612.509 rows=4499569 loops=1)
        Filter: (keyword_id < 114180)
        Rows Removed by Filter: 24361
  ->  Hash  (cost=73925.90..73925.90 rows=258797 width=4) (actual time=1054.523..1054.523 rows=227847 loops=1)
        Buckets: 131072  Batches: 4  Memory Usage: 3038kB
        ->  Seq Scan on title t  (cost=0.00..73925.90 rows=258797 width=4) (actual time=0.024..975.854 rows=227847 loops=1)
              Filter: ((kind_id < 7) AND (production_year > 2008))
              Rows Removed by Filter: 2300465
Planning time: 0.766 ms
Execution time: 5076.254 ms
