Nested Loop  (cost=0.43..83072.90 rows=77 width=0) (actual time=612.316..1172.475 rows=2 loops=1)
  ->  Seq Scan on movie_keyword mk  (cost=0.00..81003.12 rows=246 width=4) (actual time=5.822..1171.667 rows=17 loops=1)
        Filter: (keyword_id = 19687)
        Rows Removed by Filter: 4523913
  ->  Index Scan using title_pkey on title t  (cost=0.43..8.40 rows=1 width=4) (actual time=0.043..0.043 rows=0 loops=17)
        Index Cond: (id = mk.movie_id)
        Filter: ((kind_id < 7) AND (production_year > 1973))
        Rows Removed by Filter: 1
Planning time: 0.718 ms
Execution time: 1172.553 ms
