Seq Scan on movie_keyword mk  (cost=0.00..81003.12 rows=3788103 width=0) (actual time=0.025..1511.162 rows=3779998 loops=1)
  Filter: (keyword_id < 25235)
  Rows Removed by Filter: 743932
Planning time: 0.360 ms
Execution time: 1988.925 ms
