Hash Join  (cost=456216.68..585134.87 rows=567615 width=0) (actual time=7909.355..10043.934 rows=314430 loops=1)
  Hash Cond: (mk.movie_id = t.id)
  ->  Seq Scan on movie_keyword mk  (cost=0.00..69693.30 rows=4523930 width=4) (actual time=0.018..1331.398 rows=4523930 loops=1)
  ->  Hash  (cost=451011.02..451011.02 rows=317253 width=8) (actual time=6984.848..6984.848 rows=77249 loops=1)
        Buckets: 131072  Batches: 8  Memory Usage: 1405kB
        ->  Hash Join  (cost=86534.07..451011.02 rows=317253 width=8) (actual time=3210.205..6966.218 rows=77249 loops=1)
              Hash Cond: (mi.movie_id = t.id)
              ->  Seq Scan on movie_info mi  (cost=0.00..346232.03 rows=1043839 width=4) (actual time=1521.514..4948.296 rows=1095784 loops=1)
                    Filter: (info_type_id > 66)
                    Rows Removed by Filter: 13739936
              ->  Hash  (cost=73925.90..73925.90 rows=768493 width=4) (actual time=1441.930..1441.930 rows=840010 loops=1)
                    Buckets: 131072  Batches: 16  Memory Usage: 2883kB
                    ->  Seq Scan on title t  (cost=0.00..73925.90 rows=768493 width=4) (actual time=0.034..1171.882 rows=840010 loops=1)
                          Filter: ((production_year > 2002) AND (kind_id = 7))
                          Rows Removed by Filter: 1688302
Planning time: 1.181 ms
Execution time: 10074.428 ms
