Hash Join  (cost=183943.15..570767.45 rows=1049345 width=0) (actual time=4232.699..12139.211 rows=4299085 loops=1)
  Hash Cond: (mi.movie_id = t.id)
  ->  Seq Scan on movie_info mi  (cost=0.00..346232.03 rows=2194617 width=4) (actual time=0.017..5147.501 rows=2233850 loops=1)
        Filter: (info_type_id > 16)
        Rows Removed by Filter: 12601870
  ->  Hash  (cost=164107.62..164107.62 rows=1209003 width=8) (actual time=4230.949..4230.949 rows=1240299 loops=1)
        Buckets: 131072  Batches: 16  Memory Usage: 4073kB
        ->  Hash Join  (cost=103947.06..164107.62 rows=1209003 width=8) (actual time=1871.055..3820.565 rows=1240299 loops=1)
              Hash Cond: (mi_idx.movie_id = t.id)
              ->  Seq Scan on movie_info_idx mi_idx  (cost=0.00..21735.35 rows=1380035 width=4) (actual time=0.024..454.684 rows=1380035 loops=1)
              ->  Hash  (cost=67604.59..67604.59 rows=2215158 width=4) (actual time=1869.958..1869.958 rows=2203697 loops=1)
                    Buckets: 131072  Batches: 32  Memory Usage: 3448kB
                    ->  Seq Scan on title t  (cost=0.00..67604.59 rows=2215158 width=4) (actual time=0.016..1188.572 rows=2203697 loops=1)
                          Filter: (production_year > 1960)
                          Rows Removed by Filter: 324615
Planning time: 1.471 ms
Execution time: 12659.769 ms
