Seq Scan on movie_keyword mk  (cost=0.00..81003.12 rows=246 width=0) (actual time=0.272..1296.854 rows=1269 loops=1)
  Filter: (keyword_id = 3521)
  Rows Removed by Filter: 4522661
Planning time: 0.394 ms
Execution time: 1297.361 ms
