Seq Scan on cast_info ci  (cost=0.00..796071.18 rows=1672831 width=0) (actual time=3496.775..11269.651 rows=544516 loops=1)
  Filter: ((person_id < 1379357) AND (role_id = 10))
  Rows Removed by Filter: 35699828
Planning time: 0.494 ms
Execution time: 11335.924 ms
