Hash Join  (cost=102207.05..184922.16 rows=5282 width=0) (actual time=1570.411..2695.643 rows=35467 loops=1)
  Hash Cond: (mk.movie_id = t.id)
  ->  Seq Scan on movie_keyword mk  (cost=0.00..81003.12 rows=442444 width=4) (actual time=0.013..1044.858 rows=439399 loops=1)
        Filter: (keyword_id > 40091)
        Rows Removed by Filter: 4084531
  ->  Hash  (cost=101829.69..101829.69 rows=30189 width=8) (actual time=1569.171..1569.171 rows=39380 loops=1)
        Buckets: 65536 (originally 32768)  Batches: 1 (originally 1)  Memory Usage: 2051kB
        ->  Hash Join  (cost=74617.32..101829.69 rows=30189 width=8) (actual time=899.229..1554.903 rows=39380 loops=1)
              Hash Cond: (mi_idx.movie_id = t.id)
              ->  Seq Scan on movie_info_idx mi_idx  (cost=0.00..21735.35 rows=1380035 width=4) (actual time=0.015..309.631 rows=1380035 loops=1)
              ->  Hash  (cost=73925.90..73925.90 rows=55313 width=4) (actual time=898.848..898.848 rows=49075 loops=1)
                    Buckets: 65536  Batches: 1  Memory Usage: 2238kB
                    ->  Seq Scan on title t  (cost=0.00..73925.90 rows=55313 width=4) (actual time=0.119..876.839 rows=49075 loops=1)
                          Filter: ((kind_id < 7) AND (production_year = 2010))
                          Rows Removed by Filter: 2479237
Planning time: 1.102 ms
Execution time: 2699.790 ms
