Hash Join  (cost=102767.86..1041735.38 rows=5528021 width=0) (actual time=5683.135..21211.616 rows=8507149 loops=1)
  Hash Cond: (ci.movie_id = t.id)
  ->  Seq Scan on cast_info ci  (cost=0.00..796071.18 rows=5528021 width=4) (actual time=3856.597..11253.304 rows=8507149 loops=1)
        Filter: ((person_id > 2835658) AND (role_id > 1))
        Rows Removed by Filter: 27737195
  ->  Hash  (cost=61283.27..61283.27 rows=2528527 width=4) (actual time=1825.280..1825.280 rows=2528312 loops=1)
        Buckets: 131072  Batches: 64  Memory Usage: 2415kB
        ->  Seq Scan on title t  (cost=0.00..61283.27 rows=2528527 width=4) (actual time=0.023..1000.548 rows=2528312 loops=1)
Planning time: 1.879 ms
Execution time: 22174.920 ms
