Hash Join  (cost=502528.22..592921.07 rows=1112932 width=0) (actual time=8576.131..13447.602 rows=12608200 loops=1)
  Hash Cond: (mc.movie_id = t.id)
  ->  Seq Scan on movie_companies mc  (cost=0.00..44881.29 rows=2609129 width=4) (actual time=0.019..853.624 rows=2609129 loops=1)
  ->  Hash  (cost=484832.34..484832.34 rows=1078551 width=8) (actual time=8575.247..8575.247 rows=1135201 loops=1)
        Buckets: 131072  Batches: 16  Memory Usage: 3728kB
        ->  Hash Join  (cost=102767.86..484832.34 rows=1078551 width=8) (actual time=2431.298..8274.868 rows=1135201 loops=1)
              Hash Cond: (mi.movie_id = t.id)
              ->  Seq Scan on movie_info mi  (cost=0.00..346232.03 rows=1078551 width=4) (actual time=605.410..5181.715 rows=1135201 loops=1)
                    Filter: (info_type_id > 57)
                    Rows Removed by Filter: 13700519
              ->  Hash  (cost=61283.27..61283.27 rows=2528527 width=4) (actual time=1823.416..1823.416 rows=2528312 loops=1)
                    Buckets: 131072  Batches: 64  Memory Usage: 2425kB
                    ->  Seq Scan on title t  (cost=0.00..61283.27 rows=2528527 width=4) (actual time=0.027..952.008 rows=2528312 loops=1)
Planning time: 1.201 ms
Execution time: 14772.516 ms
