Hash Join  (cost=193370.47..336367.63 rows=1723212 width=0) (actual time=5064.965..7900.778 rows=1089967 loops=1)
  Hash Cond: (mk.movie_id = t.id)
  ->  Seq Scan on movie_keyword mk  (cost=0.00..69693.30 rows=4523930 width=4) (actual time=0.026..1294.700 rows=4523930 loops=1)
  ->  Hash  (cost=177568.20..177568.20 rows=963142 width=8) (actual time=4003.830..4003.830 rows=373438 loops=1)
        Buckets: 131072  Batches: 16  Memory Usage: 1921kB
        ->  Hash Join  (cost=89240.26..177568.20 rows=963142 width=8) (actual time=2055.332..3886.553 rows=373438 loops=1)
              Hash Cond: (mc.movie_id = t.id)
              ->  Seq Scan on movie_companies mc  (cost=0.00..44881.29 rows=2609129 width=4) (actual time=0.024..780.775 rows=2609129 loops=1)
              ->  Hash  (cost=73925.90..73925.90 rows=933388 width=4) (actual time=1471.025..1471.025 rows=1024206 loops=1)
                    Buckets: 131072  Batches: 16  Memory Usage: 3285kB
                    ->  Seq Scan on title t  (cost=0.00..73925.90 rows=933388 width=4) (actual time=0.054..1154.178 rows=1024206 loops=1)
                          Filter: ((production_year > 1997) AND (kind_id = 7))
                          Rows Removed by Filter: 1504106
Planning time: 1.152 ms
Execution time: 8030.130 ms
