Seq Scan on cast_info ci  (cost=0.00..796071.18 rows=6918950 width=0) (actual time=8525.175..12483.474 rows=854361 loops=1)
  Filter: ((person_id > 1622371) AND (role_id < 2))
  Rows Removed by Filter: 35389983
Planning time: 0.324 ms
Execution time: 12594.570 ms
