Seq Scan on movie_keyword mk  (cost=0.00..81003.12 rows=2556138 width=0) (actual time=0.020..1429.334 rows=2550355 loops=1)
  Filter: (keyword_id > 3459)
  Rows Removed by Filter: 1973575
Planning time: 0.301 ms
Execution time: 1752.646 ms
