Hash Join  (cost=160687.50..947426.19 rows=22504 width=0) (actual time=2005.867..15778.573 rows=792350 loops=1)
  Hash Cond: (ci.movie_id = t.id)
  ->  Seq Scan on cast_info ci  (cost=0.00..705507.15 rows=16201301 width=4) (actual time=0.012..11108.494 rows=16121683 loops=1)
        Filter: (role_id > 2)
        Rows Removed by Filter: 20122661
  ->  Hash  (cost=160643.60..160643.60 rows=3512 width=8) (actual time=2005.062..2005.062 rows=30478 loops=1)
        Buckets: 32768 (originally 4096)  Batches: 1 (originally 1)  Memory Usage: 1447kB
        ->  Hash Join  (cost=73950.44..160643.60 rows=3512 width=8) (actual time=481.350..1994.757 rows=30478 loops=1)
              Hash Cond: (mk.movie_id = t.id)
              ->  Seq Scan on movie_keyword mk  (cost=0.00..69693.30 rows=4523930 width=4) (actual time=0.015..737.260 rows=4523930 loops=1)
              ->  Hash  (cost=73925.90..73925.90 rows=1963 width=4) (actual time=480.575..480.575 rows=5461 loops=1)
                    Buckets: 8192 (originally 2048)  Batches: 1 (originally 1)  Memory Usage: 256kB
                    ->  Seq Scan on title t  (cost=0.00..73925.90 rows=1963 width=4) (actual time=169.547..479.137 rows=5461 loops=1)
                          Filter: ((kind_id = 1) AND (production_year = 1990))
                          Rows Removed by Filter: 2522851
Planning time: 0.769 ms
Execution time: 15873.692 ms
