Hash Join  (cost=102767.86..1109122.72 rows=8328473 width=0) (actual time=1812.055..18645.914 rows=3676267 loops=1)
  Hash Cond: (ci.movie_id = t.id)
  ->  Seq Scan on cast_info ci  (cost=0.00..796071.18 rows=8328473 width=4) (actual time=0.019..13616.151 rows=3676267 loops=1)
        Filter: ((person_id > 1227365) AND (role_id = 1))
        Rows Removed by Filter: 32568077
  ->  Hash  (cost=61283.27..61283.27 rows=2528527 width=4) (actual time=1810.072..1810.072 rows=2528312 loops=1)
        Buckets: 131072  Batches: 64  Memory Usage: 2415kB
        ->  Seq Scan on title t  (cost=0.00..61283.27 rows=2528527 width=4) (actual time=0.015..968.573 rows=2528312 loops=1)
Planning time: 0.699 ms
Execution time: 19048.842 ms
