Hash Join  (cost=73928.38..160589.96 rows=354 width=0) (actual time=897.884..2501.345 rows=5553 loops=1)
  Hash Cond: (mk.movie_id = t.id)
  ->  Seq Scan on movie_keyword mk  (cost=0.00..69693.30 rows=4523930 width=4) (actual time=0.017..797.731 rows=4523930 loops=1)
  ->  Hash  (cost=73925.90..73925.90 rows=198 width=4) (actual time=894.594..894.594 rows=3303 loops=1)
        Buckets: 4096 (originally 1024)  Batches: 1 (originally 1)  Memory Usage: 149kB
        ->  Seq Scan on title t  (cost=0.00..73925.90 rows=198 width=4) (actual time=2.741..892.959 rows=3303 loops=1)
              Filter: ((kind_id < 3) AND (production_year > 2013))
              Rows Removed by Filter: 2525009
Planning time: 0.779 ms
Execution time: 2502.352 ms
