Hash Join  (cost=119163.96..502776.53 rows=143881 width=0) (actual time=2770.752..7888.732 rows=44934 loops=1)
  Hash Cond: (mi.movie_id = t.id)
  ->  Seq Scan on movie_info mi  (cost=0.00..346232.03 rows=3068194 width=4) (actual time=846.774..4936.369 rows=3036719 loops=1)
        Filter: (info_type_id = 16)
        Rows Removed by Filter: 11799001
  ->  Hash  (cost=117217.79..117217.79 rows=118574 width=8) (actual time=1922.615..1922.615 rows=40716 loops=1)
        Buckets: 131072  Batches: 2  Memory Usage: 1825kB
        ->  Hash Join  (cost=77490.57..117217.79 rows=118574 width=8) (actual time=958.245..1908.430 rows=40716 loops=1)
              Hash Cond: (mi_idx.movie_id = t.id)
              ->  Seq Scan on movie_info_idx mi_idx  (cost=0.00..21735.35 rows=1380035 width=4) (actual time=0.020..391.384 rows=1380035 loops=1)
              ->  Hash  (cost=73925.90..73925.90 rows=217253 width=4) (actual time=957.333..957.333 rows=112299 loops=1)
                    Buckets: 131072  Batches: 4  Memory Usage: 2008kB
                    ->  Seq Scan on title t  (cost=0.00..73925.90 rows=217253 width=4) (actual time=0.033..918.273 rows=112299 loops=1)
                          Filter: ((production_year < 1969) AND (kind_id = 7))
                          Rows Removed by Filter: 2416013
Planning time: 1.251 ms
Execution time: 7895.165 ms
