Hash Join  (cost=73999.64..160763.22 rows=10554 width=0) (actual time=1537.842..2569.270 rows=5149 loops=1)
  Hash Cond: (mk.movie_id = t.id)
  ->  Seq Scan on movie_keyword mk  (cost=0.00..69693.30 rows=4523930 width=4) (actual time=0.024..807.727 rows=4523930 loops=1)
  ->  Hash  (cost=73925.90..73925.90 rows=5899 width=4) (actual time=938.370..938.370 rows=5540 loops=1)
        Buckets: 8192  Batches: 1  Memory Usage: 259kB
        ->  Seq Scan on title t  (cost=0.00..73925.90 rows=5899 width=4) (actual time=0.518..935.498 rows=5540 loops=1)
              Filter: ((kind_id = 2) AND (production_year = 2012))
              Rows Removed by Filter: 2522772
Planning time: 0.801 ms
Execution time: 2570.115 ms
