Hash Join  (cost=73985.17..428488.16 rows=4115 width=0) (actual time=982.559..6248.720 rows=8106 loops=1)
  Hash Cond: (mi.movie_id = t.id)
  ->  Seq Scan on movie_info mi  (cost=0.00..346232.03 rows=2194617 width=4) (actual time=0.011..4857.452 rows=2233850 loops=1)
        Filter: (info_type_id > 16)
        Rows Removed by Filter: 12601870
  ->  Hash  (cost=73925.90..73925.90 rows=4741 width=4) (actual time=982.375..982.375 rows=11233 loops=1)
        Buckets: 16384 (originally 8192)  Batches: 1 (originally 1)  Memory Usage: 523kB
        ->  Seq Scan on title t  (cost=0.00..73925.90 rows=4741 width=4) (actual time=473.769..977.571 rows=11233 loops=1)
              Filter: ((kind_id < 7) AND (production_year < 1903))
              Rows Removed by Filter: 2517079
Planning time: 0.860 ms
Execution time: 6250.387 ms
