Hash Join  (cost=114767.63..602031.05 rows=698847 width=0) (actual time=1949.949..12771.875 rows=2423613 loops=1)
  Hash Cond: (mi.movie_id = t.id)
  ->  Seq Scan on movie_info mi  (cost=0.00..309384.22 rows=14739122 width=4) (actual time=0.007..4903.947 rows=14835720 loops=1)
  ->  Hash  (cost=112800.02..112800.02 rows=119889 width=8) (actual time=1949.198..1949.198 rows=145048 loops=1)
        Buckets: 131072  Batches: 2  Memory Usage: 3870kB
        ->  Hash Join  (cost=78556.72..112800.02 rows=119889 width=8) (actual time=1197.626..1912.832 rows=145048 loops=1)
              Hash Cond: (mi_idx.movie_id = t.id)
              ->  Seq Scan on movie_info_idx mi_idx  (cost=0.00..25185.44 rows=454124 width=4) (actual time=0.031..431.558 rows=459925 loops=1)
                    Filter: (info_type_id = 100)
                    Rows Removed by Filter: 920110
              ->  Hash  (cost=67604.59..67604.59 rows=667531 width=4) (actual time=1196.780..1196.780 rows=662834 loops=1)
                    Buckets: 131072  Batches: 16  Memory Usage: 2478kB
                    ->  Seq Scan on title t  (cost=0.00..67604.59 rows=667531 width=4) (actual time=0.012..978.981 rows=662834 loops=1)
                          Filter: (production_year < 1989)
                          Rows Removed by Filter: 1865478
Planning time: 1.181 ms
Execution time: 13022.949 ms
