Hash Join  (cost=130144.43..952019.40 rows=9446 width=0) (actual time=11301.786..17483.142 rows=31454 loops=1)
  Hash Cond: (ci.movie_id = t.id)
  ->  Seq Scan on cast_info ci  (cost=0.00..796071.18 rows=6855821 width=4) (actual time=9221.792..14034.109 rows=7451700 loops=1)
        Filter: ((person_id > 209449) AND (role_id = 2))
        Rows Removed by Filter: 28792644
  ->  Hash  (cost=130100.88..130100.88 rows=3484 width=8) (actual time=2079.470..2079.470 rows=7401 loops=1)
        Buckets: 8192 (originally 4096)  Batches: 1 (originally 1)  Memory Usage: 354kB
        ->  Hash Join  (cost=67697.55..130100.88 rows=3484 width=8) (actual time=835.344..2076.169 rows=7401 loops=1)
              Hash Cond: (mc.movie_id = t.id)
              ->  Seq Scan on movie_companies mc  (cost=0.00..57926.93 rows=1184416 width=4) (actual time=0.043..1025.070 rows=1047814 loops=1)
                    Filter: ((company_id < 95155) AND (company_type_id = 2))
                    Rows Removed by Filter: 1561315
              ->  Hash  (cost=67604.59..67604.59 rows=7437 width=4) (actual time=835.076..835.076 rows=14456 loops=1)
                    Buckets: 16384 (originally 8192)  Batches: 1 (originally 1)  Memory Usage: 637kB
                    ->  Seq Scan on title t  (cost=0.00..67604.59 rows=7437 width=4) (actual time=0.060..828.881 rows=14456 loops=1)
                          Filter: (production_year = 1981)
                          Rows Removed by Filter: 2513856
Planning time: 1.221 ms
Execution time: 17489.121 ms
