Seq Scan on movie_companies mc  (cost=0.00..57926.93 rows=690201 width=0) (actual time=2.319..896.678 rows=475149 loops=1)
  Filter: ((company_id > 10652) AND (company_type_id < 2))
  Rows Removed by Filter: 2133980
Planning time: 0.248 ms
Execution time: 956.935 ms
