Hash Join  (cost=174476.60..617892.12 rows=1189725 width=0) (actual time=4400.112..14253.430 rows=5060393 loops=1)
  Hash Cond: (mi.movie_id = t.id)
  ->  Seq Scan on movie_info mi  (cost=0.00..346232.03 rows=7235534 width=4) (actual time=679.603..5624.844 rows=7286865 loops=1)
        Filter: (info_type_id < 8)
        Rows Removed by Filter: 7548855
  ->  Hash  (cost=167654.58..167654.58 rows=415761 width=8) (actual time=3719.374..3719.374 rows=645515 loops=1)
        Buckets: 131072 (originally 131072)  Batches: 16 (originally 8)  Memory Usage: 3073kB
        ->  Hash Join  (cost=88195.18..167654.58 rows=415761 width=8) (actual time=1478.004..3508.545 rows=645515 loops=1)
              Hash Cond: (mc.movie_id = t.id)
              ->  Seq Scan on movie_companies mc  (cost=0.00..57926.93 rows=1208762 width=4) (actual time=0.039..1102.468 rows=1095322 loops=1)
                    Filter: ((company_id < 103249) AND (company_type_id > 1))
                    Rows Removed by Filter: 1513807
              ->  Hash  (cost=73925.90..73925.90 rows=869702 width=4) (actual time=1476.692..1476.692 rows=896788 loops=1)
                    Buckets: 131072  Batches: 16  Memory Usage: 2998kB
                    ->  Seq Scan on title t  (cost=0.00..73925.90 rows=869702 width=4) (actual time=0.009..1195.451 rows=896788 loops=1)
                          Filter: ((kind_id < 7) AND (production_year < 2012))
                          Rows Removed by Filter: 1631524
Planning time: 1.165 ms
Execution time: 14869.079 ms
