Hash Join  (cost=173540.38..928911.44 rows=214119 width=0) (actual time=5673.774..17409.434 rows=126571 loops=1)
  Hash Cond: (ci.movie_id = t.id)
  ->  Seq Scan on cast_info ci  (cost=0.00..705507.15 rows=12726058 width=4) (actual time=2573.883..11989.105 rows=12670688 loops=1)
        Filter: (role_id = 1)
        Rows Removed by Filter: 23573656
  ->  Hash  (cost=173008.60..173008.60 rows=42543 width=8) (actual time=3099.407..3099.407 rows=12326 loops=1)
        Buckets: 65536  Batches: 1  Memory Usage: 994kB
        ->  Hash Join  (cost=75195.76..173008.60 rows=42543 width=8) (actual time=2216.311..3094.615 rows=12326 loops=1)
              Hash Cond: (mk.movie_id = t.id)
              ->  Seq Scan on movie_keyword mk  (cost=0.00..81003.12 rows=1390743 width=4) (actual time=0.032..1467.761 rows=1405291 loops=1)
                    Filter: (keyword_id < 1913)
                    Rows Removed by Filter: 3118639
              ->  Hash  (cost=73925.90..73925.90 rows=77348 width=4) (actual time=1146.719..1146.719 rows=84109 loops=1)
                    Buckets: 131072  Batches: 2  Memory Usage: 2515kB
                    ->  Seq Scan on title t  (cost=0.00..73925.90 rows=77348 width=4) (actual time=1.118..1109.586 rows=84109 loops=1)
                          Filter: ((kind_id = 7) AND (production_year = 2008))
                          Rows Removed by Filter: 2444203
Planning time: 1.219 ms
Execution time: 17426.580 ms
