Nested Loop  (cost=72397.51..166489.61 rows=1984 width=0) (actual time=1448.257..2954.118 rows=23079 loops=1)
  ->  Hash Join  (cost=72397.08..160250.94 rows=10430 width=8) (actual time=1448.197..2804.804 rows=23079 loops=1)
        Hash Cond: (mk.movie_id = mc.movie_id)
        ->  Seq Scan on movie_keyword mk  (cost=0.00..81003.12 rows=3921 width=4) (actual time=0.122..1181.143 rows=3129 loops=1)
              Filter: (keyword_id = 1767)
              Rows Removed by Filter: 4520801
        ->  Hash  (cost=51404.11..51404.11 rows=1279517 width=4) (actual time=1411.383..1411.383 rows=1274246 loops=1)
              Buckets: 131072  Batches: 32  Memory Usage: 2474kB
              ->  Seq Scan on movie_companies mc  (cost=0.00..51404.11 rows=1279517 width=4) (actual time=0.022..1004.963 rows=1274246 loops=1)
                    Filter: (company_type_id = 1)
                    Rows Removed by Filter: 1334883
  ->  Index Only Scan using title_pkey on title t  (cost=0.43..0.59 rows=1 width=4) (actual time=0.006..0.006 rows=1 loops=23079)
        Index Cond: (id = mc.movie_id)
        Heap Fetches: 23079
Planning time: 1.154 ms
Execution time: 2957.983 ms
