Seq Scan on cast_info ci  (cost=0.00..796071.18 rows=38 width=0) (actual time=5506.902..9870.733 rows=71 loops=1)
  Filter: ((person_id = 485556) AND (role_id = 4))
  Rows Removed by Filter: 36244273
Planning time: 0.438 ms
Execution time: 9870.885 ms
