Hash Join  (cost=834301.82..2636727.92 rows=60438440 width=0) (actual time=19472.967..56798.868 rows=44500452 loops=1)
  Hash Cond: (ci.movie_id = t.id)
  ->  Seq Scan on cast_info ci  (cost=0.00..796071.18 rows=17014946 width=4) (actual time=463.600..15661.270 rows=18611693 loops=1)
        Filter: ((person_id < 1945395) AND (role_id < 10))
        Rows Removed by Filter: 17632651
  ->  Hash  (cost=686947.71..686947.71 rows=8981529 width=8) (actual time=19008.147..19008.147 rows=3963336 loops=1)
        Buckets: 131072  Batches: 128  Memory Usage: 2196kB
        ->  Hash Join  (cost=92883.59..686947.71 rows=8981529 width=8) (actual time=2666.435..17198.859 rows=3963336 loops=1)
              Hash Cond: (mi.movie_id = t.id)
              ->  Seq Scan on movie_info mi  (cost=0.00..309384.22 rows=14739122 width=4) (actual time=0.019..5609.338 rows=14835720 loops=1)
              ->  Hash  (cost=67604.59..67604.59 rows=1540800 width=4) (actual time=2180.254..2180.254 rows=1543264 loops=1)
                    Buckets: 131072  Batches: 32  Memory Usage: 2728kB
                    ->  Seq Scan on title t  (cost=0.00..67604.59 rows=1540800 width=4) (actual time=192.824..1084.159 rows=1543264 loops=1)
                          Filter: (kind_id = 7)
                          Rows Removed by Filter: 985048
Planning time: 1.116 ms
Execution time: 61803.231 ms
