Hash Join  (cost=74223.04..166233.91 rows=26921 width=0) (actual time=893.299..2740.064 rows=69505 loops=1)
  Hash Cond: (mk.movie_id = t.id)
  ->  Seq Scan on movie_keyword mk  (cost=0.00..81003.12 rows=2863610 width=4) (actual time=0.012..1376.515 rows=2848883 loops=1)
        Filter: (keyword_id > 2565)
        Rows Removed by Filter: 1675047
  ->  Hash  (cost=73925.90..73925.90 rows=23771 width=4) (actual time=892.687..892.687 rows=20633 loops=1)
        Buckets: 32768  Batches: 1  Memory Usage: 982kB
        ->  Seq Scan on title t  (cost=0.00..73925.90 rows=23771 width=4) (actual time=0.041..884.459 rows=20633 loops=1)
              Filter: ((kind_id < 7) AND (production_year = 2002))
              Rows Removed by Filter: 2507679
Planning time: 0.736 ms
Execution time: 2749.439 ms
