Hash Join  (cost=260134.52..860545.46 rows=9576311 width=0) (actual time=5409.798..37010.552 rows=79344471 loops=1)
  Hash Cond: (mi.movie_id = t.id)
  ->  Seq Scan on movie_info mi  (cost=0.00..309384.22 rows=14739122 width=4) (actual time=0.008..5368.565 rows=14835720 loops=1)
  ->  Hash  (cost=233181.07..233181.07 rows=1642836 width=8) (actual time=5408.786..5408.786 rows=1652330 loops=1)
        Buckets: 131072  Batches: 32  Memory Usage: 3105kB
        ->  Hash Join  (cost=102767.86..233181.07 rows=1642836 width=8) (actual time=1752.164..4888.555 rows=1652330 loops=1)
              Hash Cond: (mk.movie_id = t.id)
              ->  Seq Scan on movie_keyword mk  (cost=0.00..81003.12 rows=1642836 width=4) (actual time=0.027..1385.026 rows=1652330 loops=1)
                    Filter: (keyword_id < 2523)
                    Rows Removed by Filter: 2871600
              ->  Hash  (cost=61283.27..61283.27 rows=2528527 width=4) (actual time=1751.025..1751.025 rows=2528312 loops=1)
                    Buckets: 131072  Batches: 64  Memory Usage: 2425kB
                    ->  Seq Scan on title t  (cost=0.00..61283.27 rows=2528527 width=4) (actual time=0.020..899.783 rows=2528312 loops=1)
Planning time: 1.068 ms
Execution time: 46106.826 ms
