Hash Join  (cost=190230.21..325728.44 rows=1574559 width=0) (actual time=4090.420..8640.419 rows=6658052 loops=1)
  Hash Cond: (mk.movie_id = t.id)
  ->  Seq Scan on movie_keyword mk  (cost=0.00..81003.12 rows=2884937 width=4) (actual time=0.009..1523.869 rows=2876165 loops=1)
        Filter: (keyword_id < 8922)
        Rows Removed by Filter: 1647765
  ->  Hash  (cost=167588.78..167588.78 rows=1380035 width=8) (actual time=4089.404..4089.404 rows=1380035 loops=1)
        Buckets: 131072  Batches: 32  Memory Usage: 2726kB
        ->  Hash Join  (cost=102767.86..167588.78 rows=1380035 width=8) (actual time=1760.155..3674.678 rows=1380035 loops=1)
              Hash Cond: (mi_idx.movie_id = t.id)
              ->  Seq Scan on movie_info_idx mi_idx  (cost=0.00..21735.35 rows=1380035 width=4) (actual time=0.010..421.064 rows=1380035 loops=1)
              ->  Hash  (cost=61283.27..61283.27 rows=2528527 width=4) (actual time=1759.065..1759.065 rows=2528312 loops=1)
                    Buckets: 131072  Batches: 64  Memory Usage: 2415kB
                    ->  Seq Scan on title t  (cost=0.00..61283.27 rows=2528527 width=4) (actual time=0.018..940.803 rows=2528312 loops=1)
Planning time: 0.767 ms
Execution time: 9400.031 ms
