Hash Join  (cost=73454.11..1159728.35 rows=5107807 width=0) (actual time=1327.880..33634.380 rows=3804807 loops=1)
  Hash Cond: (ci.movie_id = t.id)
  ->  Seq Scan on cast_info ci  (cost=0.00..614943.12 rows=36225612 width=4) (actual time=0.018..13124.842 rows=36244344 loops=1)
  ->  Hash  (cost=67604.59..67604.59 rows=356522 width=4) (actual time=1326.990..1326.990 rows=352081 loops=1)
        Buckets: 131072  Batches: 8  Memory Usage: 2565kB
        ->  Seq Scan on title t  (cost=0.00..67604.59 rows=356522 width=4) (actual time=0.024..1215.105 rows=352081 loops=1)
              Filter: (production_year < 1969)
              Rows Removed by Filter: 2176231
Planning time: 1.544 ms
Execution time: 34084.481 ms
