Seq Scan on movie_keyword mk  (cost=0.00..81003.12 rows=246 width=0) (actual time=13.572..1125.288 rows=192 loops=1)
  Filter: (keyword_id = 10961)
  Rows Removed by Filter: 4523738
Planning time: 0.350 ms
Execution time: 1125.499 ms
