Hash Join  (cost=156487.41..515762.92 rows=153111 width=0) (actual time=4808.564..9119.377 rows=629676 loops=1)
  Hash Cond: (mi.movie_id = t.id)
  ->  Seq Scan on movie_info mi  (cost=0.00..346232.03 rows=839833 width=4) (actual time=1425.495..5053.073 rows=885922 loops=1)
        Filter: (info_type_id > 96)
        Rows Removed by Filter: 13949798
  ->  Hash  (cost=148924.19..148924.19 rows=460978 width=8) (actual time=3382.064..3382.064 rows=459925 loops=1)
        Buckets: 131072  Batches: 8  Memory Usage: 3284kB
        ->  Hash Join  (cost=102767.86..148924.19 rows=460978 width=8) (actual time=1858.713..3233.945 rows=459925 loops=1)
              Hash Cond: (mi_idx.movie_id = t.id)
              ->  Seq Scan on movie_info_idx mi_idx  (cost=0.00..25185.44 rows=460978 width=4) (actual time=0.035..505.492 rows=459925 loops=1)
                    Filter: (info_type_id = 99)
                    Rows Removed by Filter: 920110
              ->  Hash  (cost=61283.27..61283.27 rows=2528527 width=4) (actual time=1857.669..1857.669 rows=2528312 loops=1)
                    Buckets: 131072  Batches: 64  Memory Usage: 2415kB
                    ->  Seq Scan on title t  (cost=0.00..61283.27 rows=2528527 width=4) (actual time=0.020..1031.297 rows=2528312 loops=1)
Planning time: 0.806 ms
Execution time: 9198.736 ms
