Seq Scan on movie_companies mc  (cost=0.00..57926.93 rows=53 width=0) (actual time=788.541..919.704 rows=2 loops=1)
  Filter: ((company_type_id > 1) AND (company_id = 13293))
  Rows Removed by Filter: 2609127
Planning time: 0.247 ms
Execution time: 919.779 ms
