Hash Join  (cost=88674.12..513585.41 rows=1767591 width=0) (actual time=3574.756..11030.255 rows=3428960 loops=1)
  Hash Cond: (mi.movie_id = t.id)
  ->  Seq Scan on movie_info mi  (cost=0.00..346232.03 rows=4972096 width=4) (actual time=2101.367..5296.455 rows=4923966 loops=1)
        Filter: (info_type_id < 5)
        Rows Removed by Filter: 9911754
  ->  Hash  (cost=73925.90..73925.90 rows=898897 width=4) (actual time=1472.547..1472.547 rows=815566 loops=1)
        Buckets: 131072  Batches: 16  Memory Usage: 2827kB
        ->  Seq Scan on title t  (cost=0.00..73925.90 rows=898897 width=4) (actual time=0.028..1215.403 rows=815566 loops=1)
              Filter: ((kind_id < 7) AND (production_year > 1949))
              Rows Removed by Filter: 1712746
Planning time: 0.726 ms
Execution time: 11433.578 ms
