Hash Join  (cost=102767.86..195474.70 rows=1034825 width=0) (actual time=2473.663..4133.996 rows=750962 loops=1)
  Hash Cond: (mc.movie_id = t.id)
  ->  Seq Scan on movie_companies mc  (cost=0.00..57926.93 rows=1034825 width=4) (actual time=370.567..1047.877 rows=750962 loops=1)
        Filter: ((company_id < 70994) AND (company_type_id = 2))
        Rows Removed by Filter: 1858167
  ->  Hash  (cost=61283.27..61283.27 rows=2528527 width=4) (actual time=2101.693..2101.693 rows=2528312 loops=1)
        Buckets: 131072  Batches: 64  Memory Usage: 2415kB
        ->  Seq Scan on title t  (cost=0.00..61283.27 rows=2528527 width=4) (actual time=0.032..989.606 rows=2528312 loops=1)
Planning time: 0.767 ms
Execution time: 4218.452 ms
