Hash Join  (cost=127456.37..482323.60 rows=40539 width=0) (actual time=3474.048..7831.920 rows=516063 loops=1)
  Hash Cond: (mi.movie_id = t.id)
  ->  Seq Scan on movie_info mi  (cost=0.00..346232.03 rows=2194617 width=4) (actual time=1100.354..4848.608 rows=2233850 loops=1)
        Filter: (info_type_id > 16)
        Rows Removed by Filter: 12601870
  ->  Hash  (cost=126872.54..126872.54 rows=46707 width=8) (actual time=2373.113..2373.113 rows=43792 loops=1)
        Buckets: 65536  Batches: 1  Memory Usage: 2223kB
        ->  Hash Join  (cost=68449.54..126872.54 rows=46707 width=8) (actual time=950.556..2355.252 rows=43792 loops=1)
              Hash Cond: (mc.movie_id = t.id)
              ->  Seq Scan on movie_companies mc  (cost=0.00..51404.11 rows=1747151 width=4) (actual time=0.037..954.182 rows=1751766 loops=1)
                    Filter: (company_id > 2451)
                    Rows Removed by Filter: 857363
              ->  Hash  (cost=67604.59..67604.59 rows=67596 width=4) (actual time=949.864..949.864 rows=67777 loops=1)
                    Buckets: 131072  Batches: 1  Memory Usage: 3407kB
                    ->  Seq Scan on title t  (cost=0.00..67604.59 rows=67596 width=4) (actual time=0.024..921.362 rows=67777 loops=1)
                          Filter: (production_year = 2003)
                          Rows Removed by Filter: 2460535
Planning time: 1.700 ms
Execution time: 7897.624 ms
