Nested Loop  (cost=0.43..709671.90 rows=500 width=0) (actual time=1040.354..9981.626 rows=54 loops=1)
  ->  Seq Scan on cast_info ci  (cost=0.00..705507.15 rows=500 width=4) (actual time=1040.251..9980.846 rows=54 loops=1)
        Filter: (person_id = 2946128)
        Rows Removed by Filter: 36244290
  ->  Index Only Scan using title_pkey on title t  (cost=0.43..8.32 rows=1 width=4) (actual time=0.012..0.013 rows=1 loops=54)
        Index Cond: (id = ci.movie_id)
        Heap Fetches: 54
Planning time: 0.762 ms
Execution time: 9981.710 ms
