Hash Join  (cost=75667.62..208299.09 rows=179403 width=0) (actual time=1045.082..4471.345 rows=835868 loops=1)
  Hash Cond: (mk.movie_id = t.id)
  ->  Seq Scan on movie_keyword mk  (cost=0.00..81003.12 rows=4273951 width=4) (actual time=0.015..1756.294 rows=4255669 loops=1)
        Filter: (keyword_id > 229)
        Rows Removed by Filter: 268261
  ->  Hash  (cost=73925.90..73925.90 rows=106137 width=4) (actual time=1044.203..1044.203 rows=235647 loops=1)
        Buckets: 131072 (originally 131072)  Batches: 4 (originally 2)  Memory Usage: 3102kB
        ->  Seq Scan on title t  (cost=0.00..73925.90 rows=106137 width=4) (actual time=0.027..954.765 rows=235647 loops=1)
              Filter: ((production_year < 1972) AND (kind_id = 1))
              Rows Removed by Filter: 2292665
Planning time: 0.698 ms
Execution time: 4549.822 ms
