Hash Join  (cost=104693.99..998761.63 rows=3664694 width=0) (actual time=9191.511..17801.089 rows=1918060 loops=1)
  Hash Cond: (ci.movie_id = t.id)
  ->  Seq Scan on cast_info ci  (cost=0.00..796071.18 rows=4098904 width=4) (actual time=7237.696..13953.780 rows=1971886 loops=1)
        Filter: ((person_id < 3244638) AND (role_id > 9))
        Rows Removed by Filter: 34272458
  ->  Hash  (cost=67604.59..67604.59 rows=2260672 width=4) (actual time=1952.033..1952.033 rows=2253222 loops=1)
        Buckets: 131072  Batches: 32  Memory Usage: 3503kB
        ->  Seq Scan on title t  (cost=0.00..67604.59 rows=2260672 width=4) (actual time=0.043..1244.918 rows=2253222 loops=1)
              Filter: (production_year > 1955)
              Rows Removed by Filter: 275090
Planning time: 0.752 ms
Execution time: 18016.137 ms
