Seq Scan on movie_companies mc  (cost=0.00..51404.11 rows=104 width=0) (actual time=19.648..717.820 rows=1258 loops=1)
  Filter: (company_id = 1877)
  Rows Removed by Filter: 2607871
Planning time: 0.349 ms
Execution time: 718.119 ms
