Hash Join  (cost=131386.47..212269.20 rows=423121 width=0) (actual time=3165.121..5747.847 rows=1569242 loops=1)
  Hash Cond: (mc.movie_id = t.id)
  ->  Seq Scan on movie_companies mc  (cost=0.00..44881.29 rows=2609129 width=4) (actual time=0.013..920.316 rows=2609129 loops=1)
  ->  Hash  (cost=124658.84..124658.84 rows=410050 width=8) (actual time=3163.993..3163.993 rows=504823 loops=1)
        Buckets: 131072  Batches: 8  Memory Usage: 3499kB
        ->  Hash Join  (cost=79930.86..124658.84 rows=410050 width=8) (actual time=1356.787..3035.442 rows=504823 loops=1)
              Hash Cond: (mi_idx.movie_id = t.id)
              ->  Seq Scan on movie_info_idx mi_idx  (cost=0.00..21735.35 rows=1380035 width=4) (actual time=0.019..477.725 rows=1380035 loops=1)
              ->  Hash  (cost=67604.59..67604.59 rows=751302 width=4) (actual time=1355.705..1355.705 rows=755902 loops=1)
                    Buckets: 131072  Batches: 16  Memory Usage: 2685kB
                    ->  Seq Scan on title t  (cost=0.00..67604.59 rows=751302 width=4) (actual time=0.023..1116.596 rows=755902 loops=1)
                          Filter: (production_year < 1993)
                          Rows Removed by Filter: 1772410
Planning time: 1.582 ms
Execution time: 5942.158 ms
