Seq Scan on movie_keyword mk  (cost=0.00..81003.12 rows=246 width=0) (actual time=3.331..1161.671 rows=225 loops=1)
  Filter: (keyword_id = 5269)
  Rows Removed by Filter: 4523705
Planning time: 0.462 ms
Execution time: 1161.903 ms
