Hash Join  (cost=101352.45..466336.39 rows=32803 width=0) (actual time=1704.318..8317.285 rows=27532 loops=1)
  Hash Cond: (mi.movie_id = t.id)
  ->  Seq Scan on movie_info mi  (cost=0.00..309384.22 rows=14739122 width=4) (actual time=0.015..3740.430 rows=14835720 loops=1)
  ->  Hash  (cost=101282.12..101282.12 rows=5627 width=8) (actual time=1577.643..1577.643 rows=3473 loops=1)
        Buckets: 8192  Batches: 1  Memory Usage: 200kB
        ->  Hash Join  (cost=74311.74..101282.12 rows=5627 width=8) (actual time=1275.264..1576.194 rows=3473 loops=1)
              Hash Cond: (mi_idx.movie_id = t.id)
              ->  Seq Scan on movie_info_idx mi_idx  (cost=0.00..25185.44 rows=460978 width=4) (actual time=0.023..429.904 rows=459925 loops=1)
                    Filter: (info_type_id < 100)
                    Rows Removed by Filter: 920110
              ->  Hash  (cost=73925.90..73925.90 rows=30867 width=4) (actual time=1036.636..1036.636 rows=34773 loops=1)
                    Buckets: 65536 (originally 32768)  Batches: 1 (originally 1)  Memory Usage: 1735kB
                    ->  Seq Scan on title t  (cost=0.00..73925.90 rows=30867 width=4) (actual time=202.099..1021.290 rows=34773 loops=1)
                          Filter: ((kind_id = 7) AND (production_year = 1999))
                          Rows Removed by Filter: 2493539
Planning time: 1.175 ms
Execution time: 8321.741 ms
