Hash Join  (cost=58375.46..416113.22 rows=1 width=0) (actual time=3550.103..6656.544 rows=9 loops=1)
  Hash Cond: (mi.movie_id = t.id)
  ->  Seq Scan on movie_info mi  (cost=0.00..346232.03 rows=3068194 width=4) (actual time=1613.819..5419.636 rows=3036719 loops=1)
        Filter: (info_type_id = 16)
        Rows Removed by Filter: 11799001
  ->  Hash  (cost=58375.45..58375.45 rows=1 width=8) (actual time=819.152..819.152 rows=7 loops=1)
        Buckets: 1024  Batches: 1  Memory Usage: 9kB
        ->  Nested Loop  (cost=0.43..58375.45 rows=1 width=8) (actual time=21.064..819.141 rows=7 loops=1)
              ->  Seq Scan on movie_companies mc  (cost=0.00..57926.93 rows=53 width=4) (actual time=20.924..817.906 rows=24 loops=1)
                    Filter: ((company_type_id > 1) AND (company_id = 6574))
                    Rows Removed by Filter: 2609105
              ->  Index Scan using title_pkey on title t  (cost=0.43..8.45 rows=1 width=4) (actual time=0.045..0.046 rows=0 loops=24)
                    Index Cond: (id = mc.movie_id)
                    Filter: ((production_year > 2011) AND (kind_id = 1))
                    Rows Removed by Filter: 1
Planning time: 1.265 ms
Execution time: 6656.702 ms
