Hash Join  (cost=89484.46..1262851.04 rows=13585842 width=0) (actual time=1416.486..34403.504 rows=14722811 loops=1)
  Hash Cond: (ci.movie_id = t.id)
  ->  Seq Scan on cast_info ci  (cost=0.00..614943.12 rows=36225612 width=4) (actual time=0.026..11856.604 rows=36244344 loops=1)
  ->  Hash  (cost=73925.90..73925.90 rows=948284 width=4) (actual time=1415.497..1415.497 rows=942729 loops=1)
        Buckets: 131072  Batches: 16  Memory Usage: 3096kB
        ->  Seq Scan on title t  (cost=0.00..73925.90 rows=948284 width=4) (actual time=0.021..1117.904 rows=942729 loops=1)
              Filter: ((kind_id < 7) AND (production_year > 1911))
              Rows Removed by Filter: 1585583
Planning time: 0.745 ms
Execution time: 35986.665 ms
