Hash Join  (cost=83074.74..833899.15 rows=3524 width=0) (actual time=1160.265..15948.027 rows=1381 loops=1)
  Hash Cond: (ci.movie_id = t.id)
  ->  Seq Scan on cast_info ci  (cost=0.00..614943.12 rows=36225612 width=4) (actual time=0.025..7919.358 rows=36244344 loops=1)
  ->  Hash  (cost=83071.67..83071.67 rows=246 width=8) (actual time=1115.430..1115.430 rows=33 loops=1)
        Buckets: 1024  Batches: 1  Memory Usage: 10kB
        ->  Nested Loop  (cost=0.43..83071.67 rows=246 width=8) (actual time=28.059..1115.374 rows=33 loops=1)
              ->  Seq Scan on movie_keyword mk  (cost=0.00..81003.12 rows=246 width=4) (actual time=27.965..1113.837 rows=33 loops=1)
                    Filter: (keyword_id = 42081)
                    Rows Removed by Filter: 4523897
              ->  Index Only Scan using title_pkey on title t  (cost=0.43..8.40 rows=1 width=4) (actual time=0.039..0.040 rows=1 loops=33)
                    Index Cond: (id = mk.movie_id)
                    Heap Fetches: 33
Planning time: 1.143 ms
Execution time: 15949.141 ms
