Hash Join  (cost=28266.77..779056.50 rows=62 width=0) (actual time=383.178..14638.929 rows=839 loops=1)
  Hash Cond: (ci.movie_id = t.id)
  ->  Seq Scan on cast_info ci  (cost=0.00..614943.12 rows=36225612 width=4) (actual time=0.015..7662.760 rows=36244344 loops=1)
  ->  Hash  (cost=28266.72..28266.72 rows=4 width=8) (actual time=374.987..374.987 rows=6 loops=1)
        Buckets: 1024  Batches: 1  Memory Usage: 9kB
        ->  Nested Loop  (cost=0.43..28266.72 rows=4 width=8) (actual time=186.504..374.963 rows=6 loops=1)
              ->  Seq Scan on movie_info_idx mi_idx  (cost=0.00..25185.44 rows=368 width=4) (actual time=186.424..370.235 rows=260 loops=1)
                    Filter: (info_type_id > 101)
                    Rows Removed by Filter: 1379775
              ->  Index Scan using title_pkey on title t  (cost=0.43..8.36 rows=1 width=4) (actual time=0.018..0.018 rows=0 loops=260)
                    Index Cond: (id = mi_idx.movie_id)
                    Filter: (production_year = 1994)
                    Rows Removed by Filter: 1
Planning time: 1.213 ms
Execution time: 14639.810 ms
