Seq Scan on movie_keyword mk  (cost=0.00..81003.12 rows=1662455 width=0) (actual time=0.028..1275.390 rows=1676439 loops=1)
  Filter: (keyword_id < 2572)
  Rows Removed by Filter: 2847491
Planning time: 0.329 ms
Execution time: 1492.421 ms
