Hash Join  (cost=68237.77..798828.68 rows=127208 width=0) (actual time=2583.247..13502.513 rows=119532 loops=1)
  Hash Cond: (ci.movie_id = t.id)
  ->  Seq Scan on cast_info ci  (cost=0.00..705507.15 rows=6349780 width=4) (actual time=1541.378..10605.199 rows=6258611 loops=1)
        Filter: (person_id < 602724)
        Rows Removed by Filter: 29985733
  ->  Hash  (cost=67604.59..67604.59 rows=50655 width=4) (actual time=977.496..977.496 rows=50564 loops=1)
        Buckets: 65536  Batches: 1  Memory Usage: 2290kB
        ->  Seq Scan on title t  (cost=0.00..67604.59 rows=50655 width=4) (actual time=0.039..956.218 rows=50564 loops=1)
              Filter: (production_year = 1999)
              Rows Removed by Filter: 2477748
Planning time: 0.759 ms
Execution time: 13521.172 ms
