Nested Loop  (cost=0.43..83071.67 rows=246 width=0) (actual time=1.539..1213.913 rows=708 loops=1)
  ->  Seq Scan on movie_keyword mk  (cost=0.00..81003.12 rows=246 width=4) (actual time=1.468..1185.983 rows=708 loops=1)
        Filter: (keyword_id = 7168)
        Rows Removed by Filter: 4523222
  ->  Index Only Scan using title_pkey on title t  (cost=0.43..8.40 rows=1 width=4) (actual time=0.038..0.038 rows=1 loops=708)
        Index Cond: (id = mk.movie_id)
        Heap Fetches: 708
Planning time: 0.704 ms
Execution time: 1214.262 ms
