Nested Loop  (cost=0.43..798851.07 rows=332 width=0) (actual time=7255.157..14241.063 rows=3 loops=1)
  ->  Seq Scan on cast_info ci  (cost=0.00..796071.18 rows=332 width=4) (actual time=7254.978..14240.822 rows=3 loops=1)
        Filter: ((role_id < 4) AND (person_id = 2535840))
        Rows Removed by Filter: 36244341
  ->  Index Only Scan using title_pkey on title t  (cost=0.43..8.36 rows=1 width=4) (actual time=0.050..0.051 rows=1 loops=3)
        Index Cond: (id = ci.movie_id)
        Heap Fetches: 3
Planning time: 0.747 ms
Execution time: 14241.149 ms
