Seq Scan on cast_info ci  (cost=0.00..705507.15 rows=827921 width=0) (actual time=6781.020..9515.246 rows=857695 loops=1)
  Filter: (person_id > 3896747)
  Rows Removed by Filter: 35386649
Planning time: 0.337 ms
Execution time: 9622.469 ms
