Seq Scan on movie_keyword mk  (cost=0.00..81003.12 rows=246 width=0) (actual time=4.443..1218.426 rows=386 loops=1)
  Filter: (keyword_id = 1236)
  Rows Removed by Filter: 4523544
Planning time: 0.387 ms
Execution time: 1218.690 ms
