Seq Scan on title t  (cost=0.00..73925.90 rows=467405 width=0) (actual time=0.025..1182.514 rows=330010 loops=1)
  Filter: ((kind_id > 2) AND (production_year < 1989))
  Rows Removed by Filter: 2198302
Planning time: 0.325 ms
Execution time: 1226.226 ms
