Seq Scan on cast_info ci  (cost=0.00..705507.15 rows=7314646 width=0) (actual time=2917.438..10065.911 rows=7374441 loops=1)
  Filter: (person_id > 2932982)
  Rows Removed by Filter: 28869903
Planning time: 0.333 ms
Execution time: 10966.972 ms
