Hash Join  (cost=74174.82..155224.13 rows=95 width=0) (actual time=1299.968..2588.705 rows=50 loops=1)
  Hash Cond: (mk.movie_id = t.id)
  ->  Seq Scan on movie_keyword mk  (cost=0.00..81003.12 rows=12064 width=4) (actual time=0.420..1303.257 rows=13753 loops=1)
        Filter: (keyword_id = 121)
        Rows Removed by Filter: 4510177
  ->  Hash  (cost=73925.90..73925.90 rows=19913 width=4) (actual time=1278.484..1278.484 rows=21707 loops=1)
        Buckets: 32768  Batches: 1  Memory Usage: 1020kB
        ->  Seq Scan on title t  (cost=0.00..73925.90 rows=19913 width=4) (actual time=0.029..1262.635 rows=21707 loops=1)
              Filter: ((kind_id > 1) AND (production_year = 1993))
              Rows Removed by Filter: 2506605
Planning time: 1.141 ms
Execution time: 2588.908 ms
