Hash Join  (cost=101631.31..467804.91 rows=151770 width=0) (actual time=1936.465..10225.758 rows=271827 loops=1)
  Hash Cond: (mi.movie_id = t.id)
  ->  Seq Scan on movie_info mi  (cost=0.00..309384.22 rows=14739122 width=4) (actual time=0.006..4573.187 rows=14835720 loops=1)
  ->  Hash  (cost=101305.86..101305.86 rows=26036 width=8) (actual time=1936.223..1936.223 rows=20233 loops=1)
        Buckets: 32768  Batches: 1  Memory Usage: 1047kB
        ->  Hash Join  (cost=69928.56..101305.86 rows=26036 width=8) (actual time=1212.392..1927.499 rows=20233 loops=1)
              Hash Cond: (mi_idx.movie_id = t.id)
              ->  Seq Scan on movie_info_idx mi_idx  (cost=0.00..25185.44 rows=464934 width=4) (actual time=0.018..496.102 rows=460185 loops=1)
                    Filter: (info_type_id > 100)
                    Rows Removed by Filter: 919850
              ->  Hash  (cost=67604.59..67604.59 rows=141598 width=4) (actual time=1211.675..1211.675 rows=141703 loops=1)
                    Buckets: 131072  Batches: 2  Memory Usage: 3511kB
                    ->  Seq Scan on title t  (cost=0.00..67604.59 rows=141598 width=4) (actual time=0.017..1156.236 rows=141703 loops=1)
                          Filter: (production_year = 2010)
                          Rows Removed by Filter: 2386609
Planning time: 0.975 ms
Execution time: 10267.396 ms
