Hash Join  (cost=268037.79..372496.81 rows=1896709 width=0) (actual time=5842.860..11119.632 rows=14680551 loops=1)
  Hash Cond: (mc.movie_id = t.id)
  ->  Seq Scan on movie_companies mc  (cost=0.00..44881.29 rows=2609129 width=4) (actual time=0.013..956.362 rows=2609129 loops=1)
  ->  Hash  (cost=237880.35..237880.35 rows=1838115 width=8) (actual time=5841.711..5841.711 rows=1842678 loops=1)
        Buckets: 131072  Batches: 32  Memory Usage: 3262kB
        ->  Hash Join  (cost=102767.86..237880.35 rows=1838115 width=8) (actual time=2299.308..5427.901 rows=1842678 loops=1)
              Hash Cond: (mk.movie_id = t.id)
              ->  Seq Scan on movie_keyword mk  (cost=0.00..81003.12 rows=1838115 width=4) (actual time=0.027..1530.461 rows=1842678 loops=1)
                    Filter: (keyword_id > 7537)
                    Rows Removed by Filter: 2681252
              ->  Hash  (cost=61283.27..61283.27 rows=2528527 width=4) (actual time=2297.850..2297.850 rows=2528312 loops=1)
                    Buckets: 131072  Batches: 64  Memory Usage: 2425kB
                    ->  Seq Scan on title t  (cost=0.00..61283.27 rows=2528527 width=4) (actual time=0.015..1111.112 rows=2528312 loops=1)
Planning time: 1.049 ms
Execution time: 12585.891 ms
