Hash Join  (cost=256167.15..1550091.14 rows=23914954 width=0) (actual time=5894.963..48925.424 rows=52294347 loops=1)
  Hash Cond: (ci.movie_id = t.id)
  ->  Seq Scan on cast_info ci  (cost=0.00..705507.15 rows=26565859 width=4) (actual time=0.014..14966.156 rows=26766794 loops=1)
        Filter: (person_id > 932370)
        Rows Removed by Filter: 9477550
  ->  Hash  (cost=218822.46..218822.46 rows=2276215 width=8) (actual time=5893.275..5893.275 rows=2280116 loops=1)
        Buckets: 131072  Batches: 32  Memory Usage: 3780kB
        ->  Hash Join  (cost=102767.86..218822.46 rows=2276215 width=8) (actual time=1913.753..5257.900 rows=2280116 loops=1)
              Hash Cond: (mc.movie_id = t.id)
              ->  Seq Scan on movie_companies mc  (cost=0.00..51404.11 rows=2276215 width=4) (actual time=0.025..1067.603 rows=2280116 loops=1)
                    Filter: (company_id > 160)
                    Rows Removed by Filter: 329013
              ->  Hash  (cost=61283.27..61283.27 rows=2528527 width=4) (actual time=1911.830..1911.830 rows=2528312 loops=1)
                    Buckets: 131072  Batches: 64  Memory Usage: 2415kB
                    ->  Seq Scan on title t  (cost=0.00..61283.27 rows=2528527 width=4) (actual time=0.022..1074.659 rows=2528312 loops=1)
Planning time: 0.799 ms
Execution time: 54509.700 ms
