Hash Join  (cost=94699.36..156994.76 rows=1862 width=0) (actual time=1459.754..2720.760 rows=7703 loops=1)
  Hash Cond: (mc.movie_id = t.id)
  ->  Seq Scan on movie_companies mc  (cost=0.00..57926.93 rows=1159959 width=4) (actual time=0.018..1055.313 rows=1265771 loops=1)
        Filter: ((company_id > 160) AND (company_type_id > 1))
        Rows Removed by Filter: 1343358
  ->  Hash  (cost=94648.62..94648.62 rows=4059 width=8) (actual time=1458.002..1458.002 rows=7031 loops=1)
        Buckets: 8192 (originally 4096)  Batches: 1 (originally 1)  Memory Usage: 339kB
        ->  Hash Join  (cost=67697.55..94648.62 rows=4059 width=8) (actual time=890.547..1455.112 rows=7031 loops=1)
              Hash Cond: (mi_idx.movie_id = t.id)
              ->  Seq Scan on movie_info_idx mi_idx  (cost=0.00..21735.35 rows=1380035 width=4) (actual time=0.030..269.883 rows=1380035 loops=1)
              ->  Hash  (cost=67604.59..67604.59 rows=7437 width=4) (actual time=890.321..890.321 rows=11121 loops=1)
                    Buckets: 16384 (originally 8192)  Batches: 1 (originally 1)  Memory Usage: 519kB
                    ->  Seq Scan on title t  (cost=0.00..67604.59 rows=7437 width=4) (actual time=0.143..884.879 rows=11121 loops=1)
                          Filter: (production_year = 1960)
                          Rows Removed by Filter: 2517191
Planning time: 4.132 ms
Execution time: 2722.162 ms
