Hash Join  (cost=904753.56..1408612.33 rows=2254184 width=0) (actual time=16625.428..38062.059 rows=27960090 loops=1)
  Hash Cond: (mi.movie_id = t.id)
  ->  Seq Scan on movie_info mi  (cost=0.00..309384.22 rows=14739122 width=4) (actual time=0.013..6159.358 rows=14835720 loops=1)
  ->  Hash  (cost=898408.69..898408.69 rows=386710 width=8) (actual time=16624.363..16624.363 rows=1584439 loops=1)
        Buckets: 131072 (originally 131072)  Batches: 16 (originally 8)  Memory Usage: 4822kB
        ->  Hash Join  (cost=82423.69..898408.69 rows=386710 width=8) (actual time=1569.140..16226.206 rows=1584439 loops=1)
              Hash Cond: (ci.movie_id = t.id)
              ->  Seq Scan on cast_info ci  (cost=0.00..796071.18 rows=1082592 width=4) (actual time=0.020..12719.938 rows=3146624 loops=1)
                    Filter: ((person_id > 2789543) AND (role_id = 10))
                    Rows Removed by Filter: 33097720
              ->  Hash  (cost=67604.59..67604.59 rows=903208 width=4) (actual time=1568.422..1568.422 rows=904491 loops=1)
                    Buckets: 131072  Batches: 16  Memory Usage: 3010kB
                    ->  Seq Scan on title t  (cost=0.00..67604.59 rows=903208 width=4) (actual time=0.013..1283.485 rows=904491 loops=1)
                          Filter: (production_year > 2006)
                          Rows Removed by Filter: 1623821
Planning time: 0.650 ms
Execution time: 41041.713 ms
