Hash Join  (cost=73950.44..878019.57 rows=1652 width=0) (actual time=1111.910..12591.436 rows=9288 loops=1)
  Hash Cond: (ci.movie_id = t.id)
  ->  Seq Scan on cast_info ci  (cost=0.00..796071.18 rows=2128381 width=4) (actual time=0.019..10948.565 rows=3306449 loops=1)
        Filter: ((person_id > 3453565) AND (role_id > 1))
        Rows Removed by Filter: 32937895
  ->  Hash  (cost=73925.90..73925.90 rows=1963 width=4) (actual time=1111.150..1111.150 rows=5461 loops=1)
        Buckets: 8192 (originally 2048)  Batches: 1 (originally 1)  Memory Usage: 256kB
        ->  Seq Scan on title t  (cost=0.00..73925.90 rows=1963 width=4) (actual time=0.048..1108.649 rows=5461 loops=1)
              Filter: ((kind_id = 1) AND (production_year = 1990))
              Rows Removed by Filter: 2522851
Planning time: 0.998 ms
Execution time: 12598.499 ms
