Seq Scan on movie_companies mc  (cost=0.00..57926.93 rows=176525 width=0) (actual time=0.021..958.469 rows=350590 loops=1)
  Filter: ((company_id > 88200) AND (company_type_id > 1))
  Rows Removed by Filter: 2258539
Planning time: 0.331 ms
Execution time: 1001.272 ms
