Seq Scan on movie_companies mc  (cost=0.00..57926.93 rows=53 width=0) (actual time=128.022..792.934 rows=7 loops=1)
  Filter: ((company_id = 77889) AND (company_type_id = 2))
  Rows Removed by Filter: 2609122
Planning time: 0.354 ms
Execution time: 793.028 ms
