Seq Scan on movie_keyword mk  (cost=0.00..81003.12 rows=4063232 width=0) (actual time=0.017..1640.401 rows=4052028 loops=1)
  Filter: (keyword_id > 355)
  Rows Removed by Filter: 471902
Planning time: 0.317 ms
Execution time: 2146.709 ms
