Hash Join  (cost=73931.98..100845.11 rows=265 width=0) (actual time=1051.773..1563.186 rows=978 loops=1)
  Hash Cond: (mi_idx.movie_id = t.id)
  ->  Seq Scan on movie_info_idx mi_idx  (cost=0.00..21735.35 rows=1380035 width=4) (actual time=0.012..262.198 rows=1380035 loops=1)
  ->  Hash  (cost=73925.90..73925.90 rows=486 width=4) (actual time=1051.273..1051.273 rows=448 loops=1)
        Buckets: 1024  Batches: 1  Memory Usage: 24kB
        ->  Seq Scan on title t  (cost=0.00..73925.90 rows=486 width=4) (actual time=370.833..1050.967 rows=448 loops=1)
              Filter: ((kind_id = 6) AND (production_year = 2005))
              Rows Removed by Filter: 2527864
Planning time: 0.538 ms
Execution time: 1563.403 ms
