Hash Join  (cost=919315.03..959459.80 rows=142929 width=0) (actual time=13943.045..15425.005 rows=322888 loops=1)
  Hash Cond: (mi_idx.movie_id = t.id)
  ->  Seq Scan on movie_info_idx mi_idx  (cost=0.00..21735.35 rows=1380035 width=4) (actual time=0.015..505.910 rows=1380035 loops=1)
  ->  Hash  (cost=915018.55..915018.55 rows=261878 width=8) (actual time=13942.245..13942.245 rows=295172 loops=1)
        Buckets: 131072  Batches: 4  Memory Usage: 3895kB
        ->  Hash Join  (cost=102767.86..915018.55 rows=261878 width=8) (actual time=4558.585..13851.609 rows=295172 loops=1)
              Hash Cond: (ci.movie_id = t.id)
              ->  Seq Scan on cast_info ci  (cost=0.00..796071.18 rows=261878 width=4) (actual time=2565.939..11218.916 rows=295172 loops=1)
                    Filter: ((person_id < 45238) AND (role_id < 3))
                    Rows Removed by Filter: 35949172
              ->  Hash  (cost=61283.27..61283.27 rows=2528527 width=4) (actual time=1991.508..1991.508 rows=2528312 loops=1)
                    Buckets: 131072  Batches: 64  Memory Usage: 2415kB
                    ->  Seq Scan on title t  (cost=0.00..61283.27 rows=2528527 width=4) (actual time=0.020..1158.487 rows=2528312 loops=1)
Planning time: 1.222 ms
Execution time: 15464.682 ms
