Seq Scan on cast_info ci  (cost=0.00..796071.18 rows=176 width=0) (actual time=10210.943..11226.470 rows=832 loops=1)
  Filter: ((person_id = 1333716) AND (role_id = 1))
  Rows Removed by Filter: 36243512
Planning time: 0.604 ms
Execution time: 11226.651 ms
