Hash Join  (cost=798791.46..1163466.28 rows=1889 width=0) (actual time=15002.212..21743.092 rows=304 loops=1)
  Hash Cond: (mi.movie_id = t.id)
  ->  Seq Scan on movie_info mi  (cost=0.00..309384.22 rows=14739122 width=4) (actual time=0.009..4414.152 rows=14835720 loops=1)
  ->  Hash  (cost=798787.41..798787.41 rows=324 width=8) (actual time=14612.938..14612.938 rows=24 loops=1)
        Buckets: 1024  Batches: 1  Memory Usage: 9kB
        ->  Nested Loop  (cost=0.43..798787.41 rows=324 width=8) (actual time=7391.860..14612.873 rows=24 loops=1)
              ->  Seq Scan on cast_info ci  (cost=0.00..796071.18 rows=324 width=4) (actual time=7391.689..14612.144 rows=24 loops=1)
                    Filter: ((role_id > 1) AND (person_id = 2933635))
                    Rows Removed by Filter: 36244320
              ->  Index Only Scan using title_pkey on title t  (cost=0.43..8.37 rows=1 width=4) (actual time=0.023..0.023 rows=1 loops=24)
                    Index Cond: (id = ci.movie_id)
                    Heap Fetches: 24
Planning time: 3.129 ms
Execution time: 21743.318 ms
