Hash Join  (cost=92883.59..198076.04 rows=1539630 width=0) (actual time=2012.495..4651.888 rows=717308 loops=1)
  Hash Cond: (mc.movie_id = t.id)
  ->  Seq Scan on movie_companies mc  (cost=0.00..51404.11 rows=2526607 width=4) (actual time=0.030..1162.667 rows=2526636 loops=1)
        Filter: (company_id < 168444)
        Rows Removed by Filter: 82493
  ->  Hash  (cost=67604.59..67604.59 rows=1540800 width=4) (actual time=1791.274..1791.274 rows=1543264 loops=1)
        Buckets: 131072  Batches: 32  Memory Usage: 2722kB
        ->  Seq Scan on title t  (cost=0.00..67604.59 rows=1540800 width=4) (actual time=0.025..1285.366 rows=1543264 loops=1)
              Filter: (kind_id = 7)
              Rows Removed by Filter: 985048
Planning time: 0.718 ms
Execution time: 4743.794 ms
