Hash Join  (cost=102767.86..216775.43 rows=2191105 width=0) (actual time=1888.323..5805.836 rows=2188128 loops=1)
  Hash Cond: (mc.movie_id = t.id)
  ->  Seq Scan on movie_companies mc  (cost=0.00..51404.11 rows=2191105 width=4) (actual time=0.022..1111.575 rows=2188128 loops=1)
        Filter: (company_id < 79942)
        Rows Removed by Filter: 421001
  ->  Hash  (cost=61283.27..61283.27 rows=2528527 width=4) (actual time=1886.448..1886.448 rows=2528312 loops=1)
        Buckets: 131072  Batches: 64  Memory Usage: 2415kB
        ->  Seq Scan on title t  (cost=0.00..61283.27 rows=2528527 width=4) (actual time=0.012..1042.452 rows=2528312 loops=1)
Planning time: 1.441 ms
Execution time: 6053.461 ms
