Seq Scan on movie_keyword mk  (cost=0.00..81003.12 rows=3758501 width=0) (actual time=0.019..1575.548 rows=3751058 loops=1)
  Filter: (keyword_id < 24381)
  Rows Removed by Filter: 772872
Planning time: 0.318 ms
Execution time: 2052.948 ms
