Hash Join  (cost=102767.86..959671.47 rows=2117565 width=0) (actual time=9816.171..16388.122 rows=683263 loops=1)
  Hash Cond: (ci.movie_id = t.id)
  ->  Seq Scan on cast_info ci  (cost=0.00..796071.18 rows=2117565 width=4) (actual time=7828.963..13485.197 rows=683263 loops=1)
        Filter: ((person_id < 1742878) AND (role_id = 10))
        Rows Removed by Filter: 35561081
  ->  Hash  (cost=61283.27..61283.27 rows=2528527 width=4) (actual time=1986.024..1986.024 rows=2528312 loops=1)
        Buckets: 131072  Batches: 64  Memory Usage: 2415kB
        ->  Seq Scan on title t  (cost=0.00..61283.27 rows=2528527 width=4) (actual time=0.017..1163.412 rows=2528312 loops=1)
Planning time: 0.771 ms
Execution time: 16457.787 ms
