Seq Scan on movie_keyword mk  (cost=0.00..81003.12 rows=246 width=0) (actual time=3.868..1305.099 rows=447 loops=1)
  Filter: (keyword_id = 16117)
  Rows Removed by Filter: 4523483
Planning time: 0.367 ms
Execution time: 1305.398 ms
