Hash Join  (cost=77815.08..563913.64 rows=1042067 width=0) (actual time=1353.884..15230.143 rows=2937854 loops=1)
  Hash Cond: (mi.movie_id = t.id)
  ->  Seq Scan on movie_info mi  (cost=0.00..346232.03 rows=11115165 width=4) (actual time=0.015..7155.096 rows=11210743 loops=1)
        Filter: (info_type_id > 3)
        Rows Removed by Filter: 3624977
  ->  Hash  (cost=73925.90..73925.90 rows=237054 width=4) (actual time=1353.062..1353.062 rows=349645 loops=1)
        Buckets: 131072 (originally 131072)  Batches: 8 (originally 4)  Memory Usage: 3073kB
        ->  Seq Scan on title t  (cost=0.00..73925.90 rows=237054 width=4) (actual time=0.032..1231.865 rows=349645 loops=1)
              Filter: ((kind_id < 7) AND (production_year < 1986))
              Rows Removed by Filter: 2178667
Planning time: 0.715 ms
Execution time: 15574.078 ms
