Hash Join  (cost=258359.92..1360055.03 rows=12898543 width=0) (actual time=7198.792..59936.535 rows=102629454 loops=1)
  Hash Cond: (ci.movie_id = t.id)
  ->  Seq Scan on cast_info ci  (cost=0.00..705507.15 rows=20366514 width=4) (actual time=0.013..15032.430 rows=20271256 loops=1)
        Filter: (person_id < 2036607)
        Rows Removed by Filter: 15973088
  ->  Hash  (cost=232086.81..232086.81 rows=1601369 width=8) (actual time=7196.171..7196.171 rows=3495372 loops=1)
        Buckets: 131072 (originally 131072)  Batches: 64 (originally 32)  Memory Usage: 3200kB
        ->  Hash Join  (cost=83810.17..232086.81 rows=1601369 width=8) (actual time=1471.424..6154.315 rows=3495372 loops=1)
              Hash Cond: (mk.movie_id = t.id)
              ->  Seq Scan on movie_keyword mk  (cost=0.00..81003.12 rows=4099418 width=4) (actual time=0.030..1818.456 rows=4087742 loops=1)
                    Filter: (keyword_id > 335)
                    Rows Removed by Filter: 436188
              ->  Hash  (cost=67604.59..67604.59 rows=987727 width=4) (actual time=1470.476..1470.476 rows=985048 loops=1)
                    Buckets: 131072  Batches: 16  Memory Usage: 3197kB
                    ->  Seq Scan on title t  (cost=0.00..67604.59 rows=987727 width=4) (actual time=0.026..1157.752 rows=985048 loops=1)
                          Filter: (kind_id < 7)
                          Rows Removed by Filter: 1543264
Planning time: 1.185 ms
Execution time: 72035.107 ms
