Hash Join  (cost=433328.88..1325477.70 rows=161945 width=0) (actual time=16979.278..27765.911 rows=9358 loops=1)
  Hash Cond: (ci.movie_id = t.id)
  ->  Seq Scan on cast_info ci  (cost=0.00..796071.18 rows=9445819 width=4) (actual time=8719.339..17564.961 rows=9275617 loops=1)
        Filter: ((person_id < 4044584) AND (role_id > 4))
        Rows Removed by Filter: 26968727
  ->  Hash  (cost=432786.99..432786.99 rows=43351 width=8) (actual time=8255.642..8255.642 rows=15407 loops=1)
        Buckets: 65536  Batches: 1  Memory Usage: 1114kB
        ->  Hash Join  (cost=67697.55..432786.99 rows=43351 width=8) (actual time=1281.106..8247.528 rows=15407 loops=1)
              Hash Cond: (mi.movie_id = t.id)
              ->  Seq Scan on movie_info mi  (cost=0.00..309384.22 rows=14739122 width=4) (actual time=0.020..4434.594 rows=14835720 loops=1)
              ->  Hash  (cost=67604.59..67604.59 rows=7437 width=4) (actual time=1078.335..1078.335 rows=1787 loops=1)
                    Buckets: 8192  Batches: 1  Memory Usage: 127kB
                    ->  Seq Scan on title t  (cost=0.00..67604.59 rows=7437 width=4) (actual time=453.988..1077.264 rows=1787 loops=1)
                          Filter: (production_year = 1899)
                          Rows Removed by Filter: 2526525
Planning time: 1.195 ms
Execution time: 27767.418 ms
