Hash Join  (cost=183609.75..995927.29 rows=127619 width=0) (actual time=3738.960..16063.214 rows=1172008 loops=1)
  Hash Cond: (ci.movie_id = t.id)
  ->  Seq Scan on cast_info ci  (cost=0.00..796071.18 rows=1204049 width=4) (actual time=0.014..10616.493 rows=2734410 loops=1)
        Filter: ((person_id > 3539361) AND (role_id > 2))
        Rows Removed by Filter: 33509934
  ->  Hash  (cost=179212.73..179212.73 rows=268001 width=8) (actual time=3738.258..3738.258 rows=107130 loops=1)
        Buckets: 131072  Batches: 4  Memory Usage: 2078kB
        ->  Hash Join  (cost=74050.79..179212.73 rows=268001 width=8) (actual time=1401.912..3702.894 rows=107130 loops=1)
              Hash Cond: (mk.movie_id = t.id)
              ->  Seq Scan on movie_keyword mk  (cost=0.00..81003.12 rows=1724750 width=4) (actual time=0.015..1452.068 rows=1727416 loops=1)
                    Filter: (keyword_id < 2810)
                    Rows Removed by Filter: 2796514
              ->  Hash  (cost=67604.59..67604.59 rows=392896 width=4) (actual time=1400.735..1400.735 rows=391666 loops=1)
                    Buckets: 131072  Batches: 8  Memory Usage: 2759kB
                    ->  Seq Scan on title t  (cost=0.00..67604.59 rows=392896 width=4) (actual time=0.013..1264.795 rows=391666 loops=1)
                          Filter: (production_year > 2010)
                          Rows Removed by Filter: 2136646
Planning time: 0.810 ms
Execution time: 16215.738 ms
