Hash Join  (cost=156649.15..260011.62 rows=281841 width=0) (actual time=3437.963..5915.892 rows=1171922 loops=1)
  Hash Cond: (mk.movie_id = t.id)
  ->  Seq Scan on movie_keyword mk  (cost=0.00..81003.12 rows=1532783 width=4) (actual time=0.026..1457.817 rows=1540940 loops=1)
        Filter: (keyword_id < 2273)
        Rows Removed by Filter: 2982990
  ->  Hash  (cost=149020.47..149020.47 rows=464934 width=8) (actual time=3436.983..3436.983 rows=460185 loops=1)
        Buckets: 131072  Batches: 8  Memory Usage: 3286kB
        ->  Hash Join  (cost=102767.86..149020.47 rows=464934 width=8) (actual time=1988.713..3290.618 rows=460185 loops=1)
              Hash Cond: (mi_idx.movie_id = t.id)
              ->  Seq Scan on movie_info_idx mi_idx  (cost=0.00..25185.44 rows=464934 width=4) (actual time=0.022..479.356 rows=460185 loops=1)
                    Filter: (info_type_id > 100)
                    Rows Removed by Filter: 919850
              ->  Hash  (cost=61283.27..61283.27 rows=2528527 width=4) (actual time=1987.298..1987.298 rows=2528312 loops=1)
                    Buckets: 131072  Batches: 64  Memory Usage: 2415kB
                    ->  Seq Scan on title t  (cost=0.00..61283.27 rows=2528527 width=4) (actual time=0.014..1153.639 rows=2528312 loops=1)
Planning time: 1.126 ms
Execution time: 6054.058 ms
