Hash Join  (cost=130997.45..227257.57 rows=27660 width=184) (actual time=2354.224..4243.121 rows=21180 loops=1)
  Hash Cond: (mc.movie_id = t.id)
  ->  Seq Scan on movie_companies mc  (cost=0.00..44881.29 rows=2609129 width=40) (actual time=0.024..978.030 rows=2609129 loops=1)
  ->  Hash  (cost=130112.37..130112.37 rows=26806 width=144) (actual time=2336.885..2336.885 rows=10347 loops=1)
        Buckets: 32768  Batches: 2  Memory Usage: 973kB
        ->  Hash Join  (cost=75259.83..130112.37 rows=26806 width=144) (actual time=1461.287..2328.637 rows=10347 loops=1)
              Hash Cond: (mi_idx.movie_id = t.id)
              ->  Seq Scan on movie_info_idx mi_idx  (cost=0.00..21735.35 rows=1380035 width=50) (actual time=0.016..339.188 rows=1380035 loops=1)
              ->  Hash  (cost=73925.90..73925.90 rows=49114 width=94) (actual time=1459.765..1459.765 rows=45321 loops=1)
                    Buckets: 32768  Batches: 2  Memory Usage: 2844kB
                    ->  Seq Scan on title t  (cost=0.00..73925.90 rows=49114 width=94) (actual time=0.024..1438.776 rows=45321 loops=1)
                          Filter: ((kind_id > 1) AND (production_year > 2012))
                          Rows Removed by Filter: 2482991
Planning time: 1.357 ms
Execution time: 4244.709 ms
