Hash Join  (cost=199530.04..583570.77 rows=176298 width=0) (actual time=9168.668..11021.505 rows=1579897 loops=1)
  Hash Cond: (mi.movie_id = t.id)
  ->  Seq Scan on movie_info mi  (cost=0.00..346232.03 rows=3068194 width=4) (actual time=3831.379..5500.366 rows=3036719 loops=1)
        Filter: (info_type_id = 16)
        Rows Removed by Filter: 11799001
  ->  Hash  (cost=197145.93..197145.93 rows=145289 width=8) (actual time=4044.631..4044.631 rows=144125 loops=1)
        Buckets: 131072  Batches: 2  Memory Usage: 3854kB
        ->  Hash Join  (cost=102767.86..197145.93 rows=145289 width=8) (actual time=1983.080..3997.719 rows=144125 loops=1)
              Hash Cond: (mk.movie_id = t.id)
              ->  Seq Scan on movie_keyword mk  (cost=0.00..81003.12 rows=145289 width=4) (actual time=0.062..1240.069 rows=144125 loops=1)
                    Filter: (keyword_id > 74465)
                    Rows Removed by Filter: 4379805
              ->  Hash  (cost=61283.27..61283.27 rows=2528527 width=4) (actual time=1982.200..1982.200 rows=2528312 loops=1)
                    Buckets: 131072  Batches: 64  Memory Usage: 2425kB
                    ->  Seq Scan on title t  (cost=0.00..61283.27 rows=2528527 width=4) (actual time=0.016..1121.329 rows=2528312 loops=1)
Planning time: 1.186 ms
Execution time: 11207.296 ms
