Seq Scan on cast_info ci  (cost=0.00..705507.15 rows=500 width=0) (actual time=2257.209..8674.901 rows=37 loops=1)
  Filter: (person_id = 3478666)
  Rows Removed by Filter: 36244307
Planning time: 0.363 ms
Execution time: 8674.979 ms
