Hash Join  (cost=74228.29..101186.50 rows=4410 width=0) (actual time=1597.310..1867.249 rows=2677 loops=1)
  Hash Cond: (mi_idx.movie_id = t.id)
  ->  Seq Scan on movie_info_idx mi_idx  (cost=0.00..25185.44 rows=460978 width=4) (actual time=0.010..485.603 rows=459925 loops=1)
        Filter: (info_type_id = 99)
        Rows Removed by Filter: 920110
  ->  Hash  (cost=73925.90..73925.90 rows=24191 width=4) (actual time=1249.754..1249.754 rows=24602 loops=1)
        Buckets: 32768  Batches: 1  Memory Usage: 1121kB
        ->  Seq Scan on title t  (cost=0.00..73925.90 rows=24191 width=4) (actual time=0.026..1239.112 rows=24602 loops=1)
              Filter: ((kind_id = 7) AND (production_year = 1995))
              Rows Removed by Filter: 2503710
Planning time: 0.745 ms
Execution time: 1867.799 ms
