Seq Scan on movie_keyword mk  (cost=0.00..81003.12 rows=2953422 width=0) (actual time=0.021..1502.820 rows=2944369 loops=1)
  Filter: (keyword_id > 2394)
  Rows Removed by Filter: 1579561
Planning time: 0.359 ms
Execution time: 1876.450 ms
