Seq Scan on movie_keyword mk  (cost=0.00..81003.12 rows=2752486 width=0) (actual time=0.024..1562.398 rows=2748546 loops=1)
  Filter: (keyword_id < 7800)
  Rows Removed by Filter: 1775384
Planning time: 0.382 ms
Execution time: 1917.841 ms
