Seq Scan on cast_info ci  (cost=0.00..796071.18 rows=30782312 width=0) (actual time=0.018..18468.890 rows=30877049 loops=1)
  Filter: ((person_id > 80718) AND (role_id < 10))
  Rows Removed by Filter: 5367295
Planning time: 0.359 ms
Execution time: 22279.033 ms
