Hash Join  (cost=797488.92..1162145.02 rows=17 width=0) (actual time=13050.994..19206.713 rows=58 loops=1)
  Hash Cond: (mi.movie_id = t.id)
  ->  Seq Scan on movie_info mi  (cost=0.00..309384.22 rows=14739122 width=4) (actual time=0.020..4376.589 rows=14835720 loops=1)
  ->  Hash  (cost=797488.88..797488.88 rows=3 width=8) (actual time=12274.368..12274.368 rows=2 loops=1)
        Buckets: 1024  Batches: 1  Memory Usage: 9kB
        ->  Nested Loop  (cost=0.43..797488.88 rows=3 width=8) (actual time=7274.458..12274.332 rows=2 loops=1)
              ->  Seq Scan on cast_info ci  (cost=0.00..796071.18 rows=168 width=4) (actual time=7274.241..12273.972 rows=11 loops=1)
                    Filter: ((role_id > 3) AND (person_id = 466007))
                    Rows Removed by Filter: 36244333
              ->  Index Scan using title_pkey on title t  (cost=0.43..8.43 rows=1 width=4) (actual time=0.024..0.024 rows=0 loops=11)
                    Index Cond: (id = ci.movie_id)
                    Filter: ((kind_id = 1) AND (production_year = 2011))
                    Rows Removed by Filter: 1
Planning time: 1.194 ms
Execution time: 19206.872 ms
