Hash Join  (cost=92883.59..1358053.94 rows=17844543 width=0) (actual time=1762.289..38852.538 rows=17301153 loops=1)
  Hash Cond: (ci.movie_id = t.id)
  ->  Seq Scan on cast_info ci  (cost=0.00..705507.15 rows=29283754 width=4) (actual time=0.017..16265.166 rows=29230343 loops=1)
        Filter: (person_id < 2963856)
        Rows Removed by Filter: 7014001
  ->  Hash  (cost=67604.59..67604.59 rows=1540800 width=4) (actual time=1761.102..1761.102 rows=1543264 loops=1)
        Buckets: 131072  Batches: 32  Memory Usage: 2722kB
        ->  Seq Scan on title t  (cost=0.00..67604.59 rows=1540800 width=4) (actual time=0.016..1272.157 rows=1543264 loops=1)
              Filter: (kind_id = 7)
              Rows Removed by Filter: 985048
Planning time: 0.795 ms
Execution time: 40793.257 ms
