Seq Scan on cast_info ci  (cost=0.00..705507.15 rows=15034750 width=0) (actual time=0.019..12243.037 rows=14924774 loops=1)
  Filter: (person_id < 1473346)
  Rows Removed by Filter: 21319570
Planning time: 0.357 ms
Execution time: 14123.972 ms
