Hash Join  (cost=149706.76..1197606.82 rows=1372189 width=0) (actual time=3128.596..30243.140 rows=3274473 loops=1)
  Hash Cond: (ci.movie_id = t.id)
  ->  Seq Scan on cast_info ci  (cost=0.00..614943.12 rows=36225612 width=4) (actual time=0.030..12324.767 rows=36244344 loops=1)
  ->  Hash  (cost=148134.54..148134.54 rows=95778 width=8) (actual time=3127.737..3127.737 rows=84858 loops=1)
        Buckets: 131072  Batches: 2  Memory Usage: 2656kB
        ->  Hash Join  (cost=69374.09..148134.54 rows=95778 width=8) (actual time=1138.125..3098.589 rows=84858 loops=1)
              Hash Cond: (mc.movie_id = t.id)
              ->  Seq Scan on movie_companies mc  (cost=0.00..51404.11 rows=2246549 width=4) (actual time=0.027..1146.714 rows=2243655 loops=1)
                    Filter: (company_id < 86108)
                    Rows Removed by Filter: 365474
              ->  Hash  (cost=67604.59..67604.59 rows=107800 width=4) (actual time=1137.351..1137.351 rows=108429 loops=1)
                    Buckets: 131072  Batches: 2  Memory Usage: 2931kB
                    ->  Seq Scan on title t  (cost=0.00..67604.59 rows=107800 width=4) (actual time=0.013..1096.454 rows=108429 loops=1)
                          Filter: (production_year = 2006)
                          Rows Removed by Filter: 2419883
Planning time: 1.169 ms
Execution time: 30697.734 ms
