Hash Join  (cost=913438.49..1400499.64 rows=679922 width=0) (actual time=14118.208..27316.185 rows=2565469 loops=1)
  Hash Cond: (mi.movie_id = t.id)
  ->  Seq Scan on movie_info mi  (cost=0.00..309384.22 rows=14739122 width=4) (actual time=0.022..5942.964 rows=14835720 loops=1)
  ->  Hash  (cost=911524.47..911524.47 rows=116642 width=8) (actual time=14117.305..14117.305 rows=210680 loops=1)
        Buckets: 131072 (originally 131072)  Batches: 4 (originally 2)  Memory Usage: 3082kB
        ->  Hash Join  (cost=102767.86..911524.47 rows=116642 width=8) (actual time=4663.059..14041.848 rows=210680 loops=1)
              Hash Cond: (ci.movie_id = t.id)
              ->  Seq Scan on cast_info ci  (cost=0.00..796071.18 rows=116642 width=4) (actual time=2720.277..11209.650 rows=210680 loops=1)
                    Filter: ((person_id < 32700) AND (role_id = 1))
                    Rows Removed by Filter: 36033664
              ->  Hash  (cost=61283.27..61283.27 rows=2528527 width=4) (actual time=1941.461..1941.461 rows=2528312 loops=1)
                    Buckets: 131072  Batches: 64  Memory Usage: 2415kB
                    ->  Seq Scan on title t  (cost=0.00..61283.27 rows=2528527 width=4) (actual time=0.026..1088.469 rows=2528312 loops=1)
Planning time: 1.743 ms
Execution time: 27640.112 ms
