Nested Loop  (cost=0.43..83071.67 rows=246 width=0) (actual time=1.123..1311.575 rows=728 loops=1)
  ->  Seq Scan on movie_keyword mk  (cost=0.00..81003.12 rows=246 width=4) (actual time=1.076..1278.693 rows=728 loops=1)
        Filter: (keyword_id = 6999)
        Rows Removed by Filter: 4523202
  ->  Index Only Scan using title_pkey on title t  (cost=0.43..8.40 rows=1 width=4) (actual time=0.043..0.043 rows=1 loops=728)
        Index Cond: (id = mk.movie_id)
        Heap Fetches: 728
Planning time: 0.717 ms
Execution time: 1312.012 ms
