Hash Join  (cost=67697.55..129217.21 rows=2796 width=0) (actual time=1264.944..2280.902 rows=5318 loops=1)
  Hash Cond: (mc.movie_id = t.id)
  ->  Seq Scan on movie_companies mc  (cost=0.00..57926.93 rows=950605 width=4) (actual time=277.808..1128.910 rows=798308 loops=1)
        Filter: ((company_id > 998) AND (company_type_id < 2))
        Rows Removed by Filter: 1810821
  ->  Hash  (cost=67604.59..67604.59 rows=7437 width=4) (actual time=986.174..986.174 rows=13994 loops=1)
        Buckets: 16384 (originally 8192)  Batches: 1 (originally 1)  Memory Usage: 620kB
        ->  Seq Scan on title t  (cost=0.00..67604.59 rows=7437 width=4) (actual time=0.090..978.904 rows=13994 loops=1)
              Filter: (production_year = 1976)
              Rows Removed by Filter: 2514318
Planning time: 1.874 ms
Execution time: 2282.017 ms
