Seq Scan on movie_keyword mk  (cost=0.00..81003.12 rows=175493 width=0) (actual time=0.019..1332.701 rows=171964 loops=1)
  Filter: (keyword_id > 72060)
  Rows Removed by Filter: 4351966
Planning time: 0.299 ms
Execution time: 1356.537 ms
