Nested Loop  (cost=0.43..796392.66 rows=12 width=0) (actual time=7518.130..11286.282 rows=439 loops=1)
  ->  Seq Scan on cast_info ci  (cost=0.00..796071.18 rows=38 width=4) (actual time=7518.050..11251.913 rows=2300 loops=1)
        Filter: ((person_id = 3140370) AND (role_id = 4))
        Rows Removed by Filter: 36242044
  ->  Index Scan using title_pkey on title t  (cost=0.43..8.45 rows=1 width=4) (actual time=0.014..0.015 rows=0 loops=2300)
        Index Cond: (id = ci.movie_id)
        Filter: (production_year < 1995)
        Rows Removed by Filter: 1
Planning time: 0.834 ms
Execution time: 11286.517 ms
