Seq Scan on movie_companies mc  (cost=0.00..51404.11 rows=1696770 width=0) (actual time=0.043..889.619 rows=1697521 loops=1)
  Filter: (company_id > 3058)
  Rows Removed by Filter: 911608
Planning time: 0.300 ms
Execution time: 1102.293 ms
