Hash Join  (cost=103569.97..856938.67 rows=257959 width=0) (actual time=1933.284..19204.639 rows=586968 loops=1)
  Hash Cond: (ci.movie_id = t.id)
  ->  Seq Scan on cast_info ci  (cost=0.00..614943.12 rows=36225612 width=4) (actual time=0.012..8472.211 rows=36244344 loops=1)
  ->  Hash  (cost=103344.91..103344.91 rows=18005 width=8) (actual time=1932.761..1932.761 rows=19360 loops=1)
        Buckets: 32768  Batches: 1  Memory Usage: 1013kB
        ->  Hash Join  (cost=74547.79..103344.91 rows=18005 width=8) (actual time=1178.094..1925.005 rows=19360 loops=1)
              Hash Cond: (mi_idx.movie_id = t.id)
              ->  Seq Scan on movie_info_idx mi_idx  (cost=0.00..25185.44 rows=915101 width=4) (actual time=0.009..502.392 rows=919850 loops=1)
                    Filter: (info_type_id < 101)
                    Rows Removed by Filter: 460185
              ->  Hash  (cost=73925.90..73925.90 rows=49751 width=4) (actual time=1177.688..1177.688 rows=56995 loops=1)
                    Buckets: 65536  Batches: 1  Memory Usage: 2516kB
                    ->  Seq Scan on title t  (cost=0.00..73925.90 rows=49751 width=4) (actual time=0.023..1154.013 rows=56995 loops=1)
                          Filter: ((kind_id > 1) AND (production_year = 2003))
                          Rows Removed by Filter: 2471317
Planning time: 5.333 ms
Execution time: 19288.141 ms
