Hash Join  (cost=212887.99..260372.06 rows=570659 width=0) (actual time=5050.153..6726.136 rows=1565242 loops=1)
  Hash Cond: (mi_idx.movie_id = t.id)
  ->  Seq Scan on movie_info_idx mi_idx  (cost=0.00..21735.35 rows=1380035 width=4) (actual time=0.022..412.448 rows=1380035 loops=1)
  ->  Hash  (cost=195733.34..195733.34 rows=1045572 width=8) (actual time=5049.248..5049.248 rows=1190490 loops=1)
        Buckets: 131072  Batches: 16  Memory Usage: 3923kB
        ->  Hash Join  (cost=102767.86..195733.34 rows=1045572 width=8) (actual time=2209.577..4699.655 rows=1190490 loops=1)
              Hash Cond: (mc.movie_id = t.id)
              ->  Seq Scan on movie_companies mc  (cost=0.00..57926.93 rows=1045572 width=4) (actual time=238.822..1247.419 rows=1190490 loops=1)
                    Filter: ((company_id > 573) AND (company_type_id > 1))
                    Rows Removed by Filter: 1418639
              ->  Hash  (cost=61283.27..61283.27 rows=2528527 width=4) (actual time=1969.624..1969.624 rows=2528312 loops=1)
                    Buckets: 131072  Batches: 64  Memory Usage: 2415kB
                    ->  Seq Scan on title t  (cost=0.00..61283.27 rows=2528527 width=4) (actual time=0.020..1122.347 rows=2528312 loops=1)
Planning time: 0.964 ms
Execution time: 6917.491 ms
