Seq Scan on cast_info ci  (cost=0.00..796071.18 rows=168 width=0) (actual time=5697.333..13428.126 rows=11 loops=1)
  Filter: ((role_id > 3) AND (person_id = 709007))
  Rows Removed by Filter: 36244333
Planning time: 0.411 ms
Execution time: 13428.264 ms
