Seq Scan on movie_companies mc  (cost=0.00..51404.11 rows=104 width=0) (actual time=106.893..861.370 rows=6 loops=1)
  Filter: (company_id = 97351)
  Rows Removed by Filter: 2609123
Planning time: 0.352 ms
Execution time: 861.453 ms
