Hash Join  (cost=119899.09..203250.33 rows=152 width=0) (actual time=2091.047..3585.214 rows=1807 loops=1)
  Hash Cond: (mk.movie_id = t.id)
  ->  Seq Scan on movie_keyword mk  (cost=0.00..81003.12 rows=625757 width=4) (actual time=0.023..1401.437 rows=629181 loops=1)
        Filter: (keyword_id > 29185)
        Rows Removed by Filter: 3894749
  ->  Hash  (cost=119891.40..119891.40 rows=615 width=8) (actual time=2085.291..2085.291 rows=1242 loops=1)
        Buckets: 2048 (originally 1024)  Batches: 1 (originally 1)  Memory Usage: 65kB
        ->  Hash Join  (cost=67697.55..119891.40 rows=615 width=8) (actual time=1202.837..2084.613 rows=1242 loops=1)
              Hash Cond: (mc.movie_id = t.id)
              ->  Seq Scan on movie_companies mc  (cost=0.00..51404.11 rows=208958 width=4) (actual time=0.014..831.298 rows=209985 loops=1)
                    Filter: (company_id > 110526)
                    Rows Removed by Filter: 2399144
              ->  Hash  (cost=67604.59..67604.59 rows=7437 width=4) (actual time=1202.606..1202.606 rows=14770 loops=1)
                    Buckets: 16384 (originally 8192)  Batches: 1 (originally 1)  Memory Usage: 648kB
                    ->  Seq Scan on title t  (cost=0.00..67604.59 rows=7437 width=4) (actual time=0.020..1195.645 rows=14770 loops=1)
                          Filter: (production_year = 1982)
                          Rows Removed by Filter: 2513542
Planning time: 1.208 ms
Execution time: 3585.770 ms
