Hash Join  (cost=68426.36..436914.48 rows=383219 width=0) (actual time=873.576..9417.547 rows=268350 loops=1)
  Hash Cond: (mi.movie_id = t.id)
  ->  Seq Scan on movie_info mi  (cost=0.00..309384.22 rows=14739122 width=4) (actual time=0.017..4501.254 rows=14835720 loops=1)
  ->  Hash  (cost=67604.59..67604.59 rows=65742 width=4) (actual time=872.873..872.873 rows=63827 loops=1)
        Buckets: 131072  Batches: 1  Memory Usage: 3268kB
        ->  Seq Scan on title t  (cost=0.00..67604.59 rows=65742 width=4) (actual time=0.024..850.148 rows=63827 loops=1)
              Filter: (production_year = 2013)
              Rows Removed by Filter: 2464485
Planning time: 0.827 ms
Execution time: 9456.919 ms
