Hash Join  (cost=241424.93..290172.52 rows=644311 width=0) (actual time=5084.316..7046.202 rows=2599483 loops=1)
  Hash Cond: (mi_idx.movie_id = t.id)
  ->  Seq Scan on movie_info_idx mi_idx  (cost=0.00..21735.35 rows=1380035 width=4) (actual time=0.016..485.159 rows=1380035 loops=1)
  ->  Hash  (cost=222056.43..222056.43 rows=1180520 width=8) (actual time=5083.297..5083.297 rows=1185160 loops=1)
        Buckets: 131072  Batches: 16  Memory Usage: 3956kB
        ->  Hash Join  (cost=102767.86..222056.43 rows=1180520 width=8) (actual time=2023.217..4752.730 rows=1185160 loops=1)
              Hash Cond: (mk.movie_id = t.id)
              ->  Seq Scan on movie_keyword mk  (cost=0.00..81003.12 rows=1180520 width=4) (actual time=0.031..1460.016 rows=1185160 loops=1)
                    Filter: (keyword_id < 1415)
                    Rows Removed by Filter: 3338770
              ->  Hash  (cost=61283.27..61283.27 rows=2528527 width=4) (actual time=2021.637..2021.637 rows=2528312 loops=1)
                    Buckets: 131072  Batches: 64  Memory Usage: 2425kB
                    ->  Seq Scan on title t  (cost=0.00..61283.27 rows=2528527 width=4) (actual time=0.008..1120.064 rows=2528312 loops=1)
Planning time: 1.118 ms
Execution time: 7355.750 ms
