Hash Join  (cost=156434.07..960634.66 rows=70705 width=0) (actual time=7223.129..17745.387 rows=167993 loops=1)
  Hash Cond: (ci.movie_id = t.id)
  ->  Seq Scan on cast_info ci  (cost=0.00..796071.18 rows=527296 width=4) (actual time=3809.951..13793.062 rows=860796 loops=1)
        Filter: ((person_id > 1952306) AND (role_id = 9))
        Rows Removed by Filter: 35383548
  ->  Hash  (cost=150870.93..150870.93 rows=339051 width=8) (actual time=3411.854..3411.854 rows=484712 loops=1)
        Buckets: 131072  Batches: 8  Memory Usage: 3394kB
        ->  Hash Join  (cost=78183.26..150870.93 rows=339051 width=8) (actual time=1473.638..3274.834 rows=484712 loops=1)
              Hash Cond: (mc.movie_id = t.id)
              ->  Seq Scan on movie_companies mc  (cost=0.00..51404.11 rows=1329612 width=4) (actual time=92.028..1022.633 rows=1334883 loops=1)
                    Filter: (company_type_id = 2)
                    Rows Removed by Filter: 1274246
              ->  Hash  (cost=67604.59..67604.59 rows=644774 width=4) (actual time=1380.466..1380.466 rows=642973 loops=1)
                    Buckets: 131072  Batches: 16  Memory Usage: 2432kB
                    ->  Seq Scan on title t  (cost=0.00..67604.59 rows=644774 width=4) (actual time=0.047..1172.937 rows=642973 loops=1)
                          Filter: (production_year < 1988)
                          Rows Removed by Filter: 1885339
Planning time: 11.876 ms
Execution time: 17767.470 ms
