Hash Join  (cost=74024.09..423317.53 rows=2515 width=0) (actual time=4537.673..6388.239 rows=4030 loops=1)
  Hash Cond: (mi.movie_id = t.id)
  ->  Seq Scan on movie_info mi  (cost=0.00..346232.03 rows=809669 width=4) (actual time=3194.025..5060.948 rows=802140 loops=1)
        Filter: (info_type_id = 1)
        Rows Removed by Filter: 14033580
  ->  Hash  (cost=73925.90..73925.90 rows=7855 width=4) (actual time=1191.440..1191.440 rows=5336 loops=1)
        Buckets: 8192  Batches: 1  Memory Usage: 252kB
        ->  Seq Scan on title t  (cost=0.00..73925.90 rows=7855 width=4) (actual time=128.460..1188.919 rows=5336 loops=1)
              Filter: ((kind_id = 1) AND (production_year = 1994))
              Rows Removed by Filter: 2522976
Planning time: 0.526 ms
Execution time: 6389.071 ms
