Seq Scan on cast_info ci  (cost=0.00..796071.18 rows=28074661 width=0) (actual time=0.036..17751.790 rows=30219902 loops=1)
  Filter: ((person_id < 3317652) AND (role_id < 10))
  Rows Removed by Filter: 6024442
Planning time: 0.352 ms
Execution time: 21536.033 ms
