Hash Join  (cost=125428.51..621869.17 rows=1558975 width=0) (actual time=2684.371..16696.842 rows=5396380 loops=1)
  Hash Cond: (mi.movie_id = t.id)
  ->  Seq Scan on movie_info mi  (cost=0.00..309384.22 rows=14739122 width=4) (actual time=0.019..5719.478 rows=14835720 loops=1)
  ->  Hash  (cost=121040.45..121040.45 rows=267445 width=8) (actual time=2683.424..2683.424 rows=324311 loops=1)
        Buckets: 131072 (originally 131072)  Batches: 8 (originally 4)  Memory Usage: 3073kB
        ->  Hash Join  (cost=79677.10..121040.45 rows=267445 width=8) (actual time=1341.613..2573.296 rows=324311 loops=1)
              Hash Cond: (mi_idx.movie_id = t.id)
              ->  Seq Scan on movie_info_idx mi_idx  (cost=0.00..25185.44 rows=919057 width=4) (actual time=0.011..582.781 rows=920110 loops=1)
                    Filter: (info_type_id > 99)
                    Rows Removed by Filter: 459925
              ->  Hash  (cost=67604.59..67604.59 rows=735801 width=4) (actual time=1340.804..1340.804 rows=730985 loops=1)
                    Buckets: 131072  Batches: 16  Memory Usage: 2631kB
                    ->  Seq Scan on title t  (cost=0.00..67604.59 rows=735801 width=4) (actual time=0.025..1117.484 rows=730985 loops=1)
                          Filter: (production_year < 1992)
                          Rows Removed by Filter: 1797327
Planning time: 1.098 ms
Execution time: 17316.768 ms
