Hash Join  (cost=80135.37..593244.67 rows=1895567 width=0) (actual time=1405.393..15509.864 rows=3133114 loops=1)
  Hash Cond: (mi.movie_id = t.id)
  ->  Seq Scan on movie_info mi  (cost=0.00..346232.03 rows=12665229 width=4) (actual time=0.012..7162.191 rows=12744652 loops=1)
        Filter: (info_type_id > 2)
        Rows Removed by Filter: 2091068
  ->  Hash  (cost=73925.90..73925.90 rows=378437 width=4) (actual time=1373.899..1373.899 rows=282115 loops=1)
        Buckets: 131072  Batches: 8  Memory Usage: 2273kB
        ->  Seq Scan on title t  (cost=0.00..73925.90 rows=378437 width=4) (actual time=431.038..1247.531 rows=282115 loops=1)
              Filter: ((production_year > 1999) AND (kind_id = 1))
              Rows Removed by Filter: 2246197
Planning time: 0.741 ms
Execution time: 15854.429 ms
