Nested Loop  (cost=0.43..709673.15 rows=395 width=0) (actual time=2337.383..10335.708 rows=2 loops=1)
  ->  Seq Scan on cast_info ci  (cost=0.00..705507.15 rows=500 width=4) (actual time=2337.246..10335.455 rows=2 loops=1)
        Filter: (person_id = 2886282)
        Rows Removed by Filter: 36244342
  ->  Index Scan using title_pkey on title t  (cost=0.43..8.32 rows=1 width=4) (actual time=0.077..0.078 rows=1 loops=2)
        Index Cond: (id = ci.movie_id)
        Filter: (production_year > 1976)
Planning time: 0.762 ms
Execution time: 10335.837 ms
