Hash Join  (cost=190230.21..1071662.83 rows=2564335 width=0) (actual time=11910.141..24193.794 rows=9030213 loops=1)
  Hash Cond: (ci.movie_id = t.id)
  ->  Seq Scan on cast_info ci  (cost=0.00..796071.18 rows=4698424 width=4) (actual time=7648.424..13761.972 rows=7024730 loops=1)
        Filter: ((person_id > 1799790) AND (role_id > 4))
        Rows Removed by Filter: 29219614
  ->  Hash  (cost=167588.78..167588.78 rows=1380035 width=8) (actual time=4260.331..4260.331 rows=1380035 loops=1)
        Buckets: 131072  Batches: 32  Memory Usage: 2708kB
        ->  Hash Join  (cost=102767.86..167588.78 rows=1380035 width=8) (actual time=1853.185..3882.861 rows=1380035 loops=1)
              Hash Cond: (mi_idx.movie_id = t.id)
              ->  Seq Scan on movie_info_idx mi_idx  (cost=0.00..21735.35 rows=1380035 width=4) (actual time=0.020..366.333 rows=1380035 loops=1)
              ->  Hash  (cost=61283.27..61283.27 rows=2528527 width=4) (actual time=1851.698..1851.698 rows=2528312 loops=1)
                    Buckets: 131072  Batches: 64  Memory Usage: 2415kB
                    ->  Seq Scan on title t  (cost=0.00..61283.27 rows=2528527 width=4) (actual time=0.018..980.516 rows=2528312 loops=1)
Planning time: 1.573 ms
Execution time: 25201.479 ms
