Hash Join  (cost=94555.35..1313414.69 rows=18014417 width=0) (actual time=1770.865..40487.378 rows=19648188 loops=1)
  Hash Cond: (ci.movie_id = t.id)
  ->  Seq Scan on cast_info ci  (cost=0.00..614943.12 rows=36225612 width=4) (actual time=0.025..13458.158 rows=36244344 loops=1)
  ->  Hash  (cost=73925.90..73925.90 rows=1257396 width=4) (actual time=1770.055..1770.055 rows=1340616 loops=1)
        Buckets: 131072  Batches: 32  Memory Usage: 2502kB
        ->  Seq Scan on title t  (cost=0.00..73925.90 rows=1257396 width=4) (actual time=0.027..1366.956 rows=1340616 loops=1)
              Filter: ((production_year > 1971) AND (kind_id = 7))
              Rows Removed by Filter: 1187696
Planning time: 3.529 ms
Execution time: 42722.722 ms
