Hash Join  (cost=83810.17..980086.20 rows=2432977 width=0) (actual time=1422.555..18903.089 rows=1395821 loops=1)
  Hash Cond: (ci.movie_id = t.id)
  ->  Seq Scan on cast_info ci  (cost=0.00..796071.18 rows=6228287 width=4) (actual time=0.018..15311.759 rows=3124351 loops=1)
        Filter: ((person_id < 2919953) AND (role_id > 6))
        Rows Removed by Filter: 33119993
  ->  Hash  (cost=67604.59..67604.59 rows=987727 width=4) (actual time=1421.123..1421.123 rows=985048 loops=1)
        Buckets: 131072  Batches: 16  Memory Usage: 3188kB
        ->  Seq Scan on title t  (cost=0.00..67604.59 rows=987727 width=4) (actual time=0.010..1125.888 rows=985048 loops=1)
              Filter: (kind_id < 7)
              Rows Removed by Filter: 1543264
Planning time: 1.774 ms
Execution time: 19071.248 ms
