Hash Join  (cost=83074.74..432343.82 rows=79 width=0) (actual time=1426.970..6803.724 rows=766 loops=1)
  Hash Cond: (mi.movie_id = t.id)
  ->  Seq Scan on movie_info mi  (cost=0.00..346232.03 rows=809669 width=4) (actual time=104.505..5360.719 rows=802140 loops=1)
        Filter: (info_type_id = 1)
        Rows Removed by Filter: 14033580
  ->  Hash  (cost=83071.67..83071.67 rows=246 width=8) (actual time=1320.112..1320.112 rows=571 loops=1)
        Buckets: 1024  Batches: 1  Memory Usage: 31kB
        ->  Nested Loop  (cost=0.43..83071.67 rows=246 width=8) (actual time=0.434..1319.619 rows=571 loops=1)
              ->  Seq Scan on movie_keyword mk  (cost=0.00..81003.12 rows=246 width=4) (actual time=0.352..1286.475 rows=571 loops=1)
                    Filter: (keyword_id = 7880)
                    Rows Removed by Filter: 4523359
              ->  Index Only Scan using title_pkey on title t  (cost=0.43..8.40 rows=1 width=4) (actual time=0.056..0.056 rows=1 loops=571)
                    Index Cond: (id = mk.movie_id)
                    Heap Fetches: 571
Planning time: 2.295 ms
Execution time: 6804.005 ms
