Hash Join  (cost=874902.30..969899.53 rows=1446971 width=0) (actual time=15753.406..18961.895 rows=2877510 loops=1)
  Hash Cond: (mc.movie_id = t.id)
  ->  Seq Scan on movie_companies mc  (cost=0.00..44881.29 rows=2609129 width=4) (actual time=0.014..925.816 rows=2609129 loops=1)
  ->  Hash  (cost=851895.91..851895.91 rows=1402271 width=8) (actual time=15752.423..15752.423 rows=1324037 loops=1)
        Buckets: 131072  Batches: 32  Memory Usage: 2640kB
        ->  Hash Join  (cost=102767.86..851895.91 rows=1402271 width=8) (actual time=2399.031..15362.421 rows=1324037 loops=1)
              Hash Cond: (ci.movie_id = t.id)
              ->  Seq Scan on cast_info ci  (cost=0.00..705507.15 rows=1402271 width=4) (actual time=464.783..11893.706 rows=1324037 loops=1)
                    Filter: (person_id < 132333)
                    Rows Removed by Filter: 34920307
              ->  Hash  (cost=61283.27..61283.27 rows=2528527 width=4) (actual time=1932.690..1932.690 rows=2528312 loops=1)
                    Buckets: 131072  Batches: 64  Memory Usage: 2415kB
                    ->  Seq Scan on title t  (cost=0.00..61283.27 rows=2528527 width=4) (actual time=0.030..1103.203 rows=2528312 loops=1)
Planning time: 4.919 ms
Execution time: 19300.865 ms
