Hash Join  (cost=102951.51..215356.27 rows=918046 width=0) (actual time=1977.798..4571.486 rows=876637 loops=1)
  Hash Cond: (mk.movie_id = t.id)
  ->  Seq Scan on movie_keyword mk  (cost=0.00..81003.12 rows=1077434 width=4) (actual time=0.031..1521.586 rows=1088237 loops=1)
        Filter: (keyword_id > 16264)
        Rows Removed by Filter: 3435693
  ->  Hash  (cost=67604.59..67604.59 rows=2154474 width=4) (actual time=1975.783..1975.783 rows=2146684 loops=1)
        Buckets: 131072  Batches: 32  Memory Usage: 3394kB
        ->  Seq Scan on title t  (cost=0.00..67604.59 rows=2154474 width=4) (actual time=0.020..1290.901 rows=2146684 loops=1)
              Filter: (production_year > 1965)
              Rows Removed by Filter: 381628
Planning time: 0.786 ms
Execution time: 4668.366 ms
