Hash Join  (cost=185617.31..1174499.56 rows=1118873 width=0) (actual time=5558.267..28099.146 rows=57826 loops=1)
  Hash Cond: (ci.movie_id = t.id)
  ->  Seq Scan on cast_info ci  (cost=0.00..705507.15 rows=23499554 width=4) (actual time=1424.763..15016.689 rows=23573656 loops=1)
        Filter: (role_id > 1)
        Rows Removed by Filter: 12670688
  ->  Hash  (cost=183641.44..183641.44 rows=120390 width=8) (actual time=4129.348..4129.348 rows=2661 loops=1)
        Buckets: 131072  Batches: 2  Memory Usage: 1076kB
        ->  Hash Join  (cost=92883.59..183641.44 rows=120390 width=8) (actual time=3752.842..4127.491 rows=2661 loops=1)
              Hash Cond: (mk.movie_id = t.id)
              ->  Seq Scan on movie_keyword mk  (cost=0.00..81003.12 rows=197565 width=4) (actual time=0.034..1271.505 rows=199970 loops=1)
                    Filter: (keyword_id > 68700)
                    Rows Removed by Filter: 4323960
              ->  Hash  (cost=67604.59..67604.59 rows=1540800 width=4) (actual time=1762.604..1762.604 rows=1543264 loops=1)
                    Buckets: 131072  Batches: 32  Memory Usage: 2728kB
                    ->  Seq Scan on title t  (cost=0.00..67604.59 rows=1540800 width=4) (actual time=0.018..1250.507 rows=1543264 loops=1)
                          Filter: (kind_id = 7)
                          Rows Removed by Filter: 985048
Planning time: 1.229 ms
Execution time: 28108.974 ms
