Hash Join  (cost=1204674.27..2048147.07 rows=28248773 width=0) (actual time=31076.327..78565.489 rows=122861600 loops=1)
  Hash Cond: (mi.movie_id = t.id)
  ->  Seq Scan on movie_info mi  (cost=0.00..346232.03 rows=9767026 width=4) (actual time=0.026..7403.416 rows=9911754 loops=1)
        Filter: (info_type_id > 4)
        Rows Removed by Filter: 4923966
  ->  Hash  (cost=1084691.82..1084691.82 rows=7313156 width=8) (actual time=31071.492..31071.492 rows=11266193 loops=1)
        Buckets: 131072 (originally 131072)  Batches: 256 (originally 128)  Memory Usage: 3073kB
        ->  Hash Join  (cost=102767.86..1084691.82 rows=7313156 width=8) (actual time=1958.713..26866.922 rows=11266193 loops=1)
              Hash Cond: (ci.movie_id = t.id)
              ->  Seq Scan on cast_info ci  (cost=0.00..796071.18 rows=7313156 width=4) (actual time=0.033..14941.757 rows=11266193 loops=1)
                    Filter: ((person_id > 2574305) AND (role_id > 1))
                    Rows Removed by Filter: 24978151
              ->  Hash  (cost=61283.27..61283.27 rows=2528527 width=4) (actual time=1957.818..1957.818 rows=2528312 loops=1)
                    Buckets: 131072  Batches: 64  Memory Usage: 2415kB
                    ->  Seq Scan on title t  (cost=0.00..61283.27 rows=2528527 width=4) (actual time=0.009..1149.815 rows=2528312 loops=1)
Planning time: 5.503 ms
Execution time: 92559.436 ms
