Seq Scan on movie_companies mc  (cost=0.00..51404.11 rows=104 width=0) (actual time=247.865..843.396 rows=298 loops=1)
  Filter: (company_id = 71050)
  Rows Removed by Filter: 2608831
Planning time: 0.380 ms
Execution time: 843.550 ms
