Hash Join  (cost=83073.18..432341.90 rows=7 width=0) (actual time=4293.773..6538.169 rows=192 loops=1)
  Hash Cond: (mi.movie_id = t.id)
  ->  Seq Scan on movie_info mi  (cost=0.00..346232.03 rows=809768 width=4) (actual time=2935.889..5099.872 rows=802140 loops=1)
        Filter: (info_type_id < 2)
        Rows Removed by Filter: 14033580
  ->  Hash  (cost=83072.90..83072.90 rows=22 width=8) (actual time=1325.502..1325.502 rows=243 loops=1)
        Buckets: 1024  Batches: 1  Memory Usage: 18kB
        ->  Nested Loop  (cost=0.43..83072.90 rows=22 width=8) (actual time=14.284..1325.220 rows=243 loops=1)
              ->  Seq Scan on movie_keyword mk  (cost=0.00..81003.12 rows=246 width=4) (actual time=1.472..1282.271 rows=907 loops=1)
                    Filter: (keyword_id = 2394)
                    Rows Removed by Filter: 4523023
              ->  Index Scan using title_pkey on title t  (cost=0.43..8.40 rows=1 width=4) (actual time=0.046..0.046 rows=0 loops=907)
                    Index Cond: (id = mk.movie_id)
                    Filter: ((kind_id < 7) AND (production_year < 1985))
                    Rows Removed by Filter: 1
Planning time: 1.236 ms
Execution time: 6538.383 ms
