Hash Join  (cost=1114942.16..1985396.53 rows=29704683 width=0) (actual time=29260.476..78719.914 rows=131571126 loops=1)
  Hash Cond: (mi.movie_id = t.id)
  ->  Seq Scan on movie_info mi  (cost=0.00..309384.22 rows=14739122 width=4) (actual time=0.022..6104.923 rows=14835720 loops=1)
  ->  Hash  (cost=1031337.41..1031337.41 rows=5095900 width=8) (actual time=29254.925..29254.925 rows=10413967 loops=1)
        Buckets: 131072 (originally 131072)  Batches: 256 (originally 128)  Memory Usage: 3073kB
        ->  Hash Join  (cost=102767.86..1031337.41 rows=5095900 width=8) (actual time=2805.093..26229.019 rows=10413967 loops=1)
              Hash Cond: (ci.movie_id = t.id)
              ->  Seq Scan on cast_info ci  (cost=0.00..796071.18 rows=5095900 width=4) (actual time=898.988..15079.802 rows=10413967 loops=1)
                    Filter: ((person_id < 1421334) AND (role_id < 2))
                    Rows Removed by Filter: 25830377
              ->  Hash  (cost=61283.27..61283.27 rows=2528527 width=4) (actual time=1904.904..1904.904 rows=2528312 loops=1)
                    Buckets: 131072  Batches: 64  Memory Usage: 2415kB
                    ->  Seq Scan on title t  (cost=0.00..61283.27 rows=2528527 width=4) (actual time=0.033..1052.501 rows=2528312 loops=1)
Planning time: 1.246 ms
Execution time: 92938.240 ms
