Hash Join  (cost=73982.55..136389.62 rows=2131 width=0) (actual time=1604.831..2665.398 rows=3575 loops=1)
  Hash Cond: (mc.movie_id = t.id)
  ->  Seq Scan on movie_companies mc  (cost=0.00..57926.93 rows=1189019 width=4) (actual time=314.048..1177.223 rows=1057128 loops=1)
        Filter: ((company_id < 96259) AND (company_type_id = 2))
        Rows Removed by Filter: 1552001
  ->  Hash  (cost=73925.90..73925.90 rows=4532 width=4) (actual time=1289.489..1289.489 rows=10614 loops=1)
        Buckets: 16384 (originally 8192)  Batches: 1 (originally 1)  Memory Usage: 502kB
        ->  Seq Scan on title t  (cost=0.00..73925.90 rows=4532 width=4) (actual time=291.408..1283.886 rows=10614 loops=1)
              Filter: ((kind_id = 7) AND (production_year = 1985))
              Rows Removed by Filter: 2517698
Planning time: 0.833 ms
Execution time: 2666.058 ms
