Hash Join  (cost=102767.86..222900.08 rows=2445668 width=0) (actual time=1945.275..6038.642 rows=2441421 loops=1)
  Hash Cond: (mc.movie_id = t.id)
  ->  Seq Scan on movie_companies mc  (cost=0.00..51404.11 rows=2445668 width=4) (actual time=0.025..1175.513 rows=2441421 loops=1)
        Filter: (company_id > 33)
        Rows Removed by Filter: 167708
  ->  Hash  (cost=61283.27..61283.27 rows=2528527 width=4) (actual time=1944.386..1944.386 rows=2528312 loops=1)
        Buckets: 131072  Batches: 64  Memory Usage: 2415kB
        ->  Seq Scan on title t  (cost=0.00..61283.27 rows=2528527 width=4) (actual time=0.023..1082.406 rows=2528312 loops=1)
Planning time: 0.763 ms
Execution time: 6323.177 ms
