Hash Join  (cost=263115.61..1245996.79 rows=7474907 width=0) (actual time=8493.870..30816.891 rows=13355671 loops=1)
  Hash Cond: (ci.movie_id = t.id)
  ->  Seq Scan on cast_info ci  (cost=0.00..796071.18 rows=7243990 width=4) (actual time=2139.399..16214.689 rows=7451875 loops=1)
        Filter: ((person_id > 26488) AND (role_id = 2))
        Rows Removed by Filter: 28792469
  ->  Hash  (cost=220309.49..220309.49 rows=2609129 width=8) (actual time=6353.356..6353.356 rows=2609129 loops=1)
        Buckets: 131072  Batches: 64  Memory Usage: 2610kB
        ->  Hash Join  (cost=102767.86..220309.49 rows=2609129 width=8) (actual time=1991.211..5574.595 rows=2609129 loops=1)
              Hash Cond: (mc.movie_id = t.id)
              ->  Seq Scan on movie_companies mc  (cost=0.00..44881.29 rows=2609129 width=4) (actual time=0.012..958.179 rows=2609129 loops=1)
              ->  Hash  (cost=61283.27..61283.27 rows=2528527 width=4) (actual time=1989.889..1989.889 rows=2528312 loops=1)
                    Buckets: 131072  Batches: 64  Memory Usage: 2415kB
                    ->  Seq Scan on title t  (cost=0.00..61283.27 rows=2528527 width=4) (actual time=0.015..1040.130 rows=2528312 loops=1)
Planning time: 1.127 ms
Execution time: 32442.573 ms
