Nested Loop  (cost=0.43..799581.43 rows=25 width=0) (actual time=3504.080..14441.826 rows=1 loops=1)
  ->  Seq Scan on cast_info ci  (cost=0.00..796071.18 rows=420 width=4) (actual time=3503.695..14438.102 rows=215 loops=1)
        Filter: ((role_id < 9) AND (person_id = 1666950))
        Rows Removed by Filter: 36244129
  ->  Index Scan using title_pkey on title t  (cost=0.43..8.35 rows=1 width=4) (actual time=0.016..0.016 rows=0 loops=215)
        Index Cond: (id = ci.movie_id)
        Filter: ((kind_id < 7) AND (production_year > 2010))
        Rows Removed by Filter: 1
Planning time: 0.821 ms
Execution time: 14441.952 ms
