Hash Join  (cost=146904.60..515783.38 rows=422286 width=0) (actual time=3368.339..16150.415 rows=6055042 loops=1)
  Hash Cond: (mi.movie_id = t.id)
  ->  Seq Scan on movie_info mi  (cost=0.00..309384.22 rows=14739122 width=4) (actual time=0.017..4536.371 rows=14835720 loops=1)
  ->  Hash  (cost=145999.05..145999.05 rows=72444 width=8) (actual time=2803.537..2803.537 rows=235086 loops=1)
        Buckets: 131072 (originally 131072)  Batches: 4 (originally 1)  Memory Usage: 3346kB
        ->  Hash Join  (cost=78204.40..145999.05 rows=72444 width=8) (actual time=1829.490..2727.624 rows=235086 loops=1)
              Hash Cond: (mc.movie_id = t.id)
              ->  Seq Scan on movie_companies mc  (cost=0.00..57926.93 rows=702471 width=4) (actual time=542.533..1049.853 rows=487621 loops=1)
                    Filter: ((company_id > 9868) AND (company_type_id < 2))
                    Rows Removed by Filter: 2121508
              ->  Hash  (cost=73925.90..73925.90 rows=260760 width=4) (actual time=1285.798..1285.798 rows=373942 loops=1)
                    Buckets: 131072 (originally 131072)  Batches: 8 (originally 4)  Memory Usage: 3073kB
                    ->  Seq Scan on title t  (cost=0.00..73925.90 rows=260760 width=4) (actual time=0.048..1157.294 rows=373942 loops=1)
                          Filter: ((kind_id < 7) AND (production_year < 1989))
                          Rows Removed by Filter: 2154370
Planning time: 1.580 ms
Execution time: 16865.158 ms
