Hash Join  (cost=161760.67..914239.10 rows=168924 width=0) (actual time=2736.478..19799.014 rows=563434 loops=1)
  Hash Cond: (ci.movie_id = t.id)
  ->  Seq Scan on cast_info ci  (cost=0.00..614943.12 rows=36225612 width=4) (actual time=0.016..8763.721 rows=36244344 loops=1)
  ->  Hash  (cost=161613.28..161613.28 rows=11791 width=8) (actual time=2735.977..2735.977 rows=11853 loops=1)
        Buckets: 16384  Batches: 1  Memory Usage: 592kB
        ->  Hash Join  (cost=74146.12..161613.28 rows=11791 width=8) (actual time=961.702..2731.062 rows=11853 loops=1)
              Hash Cond: (mk.movie_id = t.id)
              ->  Seq Scan on movie_keyword mk  (cost=0.00..81003.12 rows=1692300 width=4) (actual time=0.020..1435.469 rows=1698586 loops=1)
                    Filter: (keyword_id < 2648)
                    Rows Removed by Filter: 2825344
              ->  Hash  (cost=73925.90..73925.90 rows=17617 width=4) (actual time=961.513..961.513 rows=22021 loops=1)
                    Buckets: 32768  Batches: 1  Memory Usage: 1031kB
                    ->  Seq Scan on title t  (cost=0.00..73925.90 rows=17617 width=4) (actual time=0.015..952.317 rows=22021 loops=1)
                          Filter: ((kind_id < 2) AND (production_year > 2012))
                          Rows Removed by Filter: 2506291
Planning time: 1.164 ms
Execution time: 19877.319 ms
