Hash Join  (cost=74301.05..158080.48 rows=8518 width=0) (actual time=1286.979..2651.249 rows=8601 loops=1)
  Hash Cond: (mk.movie_id = t.id)
  ->  Seq Scan on movie_keyword mk  (cost=0.00..81003.12 rows=717633 width=4) (actual time=0.025..1429.406 rows=720553 loops=1)
        Filter: (keyword_id > 26014)
        Rows Removed by Filter: 3803377
  ->  Hash  (cost=73925.90..73925.90 rows=30012 width=4) (actual time=1073.124..1073.124 rows=28831 loops=1)
        Buckets: 32768  Batches: 1  Memory Usage: 1270kB
        ->  Seq Scan on title t  (cost=0.00..73925.90 rows=30012 width=4) (actual time=0.022..1061.951 rows=28831 loops=1)
              Filter: ((production_year > 2008) AND (kind_id = 4))
              Rows Removed by Filter: 2499481
Planning time: 0.772 ms
Execution time: 2652.776 ms
