Seq Scan on cast_info ci  (cost=0.00..705507.15 rows=3887391 width=0) (actual time=244.169..11709.484 rows=3761431 loops=1)
  Filter: (person_id < 361005)
  Rows Removed by Filter: 32482913
Planning time: 0.393 ms
Execution time: 12176.442 ms
