Seq Scan on movie_companies mc  (cost=0.00..51404.11 rows=726288 width=0) (actual time=0.024..904.201 rows=730810 loops=1)
  Filter: (company_id > 40487)
  Rows Removed by Filter: 1878319
Planning time: 0.296 ms
Execution time: 995.166 ms
