Hash Join  (cost=136852.15..215247.07 rows=242639 width=0) (actual time=2969.460..5048.960 rows=432536 loops=1)
  Hash Cond: (mc.movie_id = t.id)
  ->  Seq Scan on movie_companies mc  (cost=0.00..44881.29 rows=2609129 width=4) (actual time=0.023..859.855 rows=2609129 loops=1)
  ->  Hash  (cost=132993.86..132993.86 rows=235143 width=8) (actual time=2968.640..2968.640 rows=188170 loops=1)
        Buckets: 131072  Batches: 4  Memory Usage: 2859kB
        ->  Hash Join  (cost=95087.33..132993.86 rows=235143 width=8) (actual time=1792.403..2903.969 rows=188170 loops=1)
              Hash Cond: (mi_idx.movie_id = t.id)
              ->  Seq Scan on movie_info_idx mi_idx  (cost=0.00..25185.44 rows=460978 width=4) (actual time=0.025..549.771 rows=459925 loops=1)
                    Filter: (info_type_id = 99)
                    Rows Removed by Filter: 920110
              ->  Hash  (cost=73925.90..73925.90 rows=1289794 width=4) (actual time=1791.053..1791.053 rows=1413747 loops=1)
                    Buckets: 131072  Batches: 32  Memory Usage: 2586kB
                    ->  Seq Scan on title t  (cost=0.00..73925.90 rows=1289794 width=4) (actual time=0.011..1353.953 rows=1413747 loops=1)
                          Filter: ((kind_id > 1) AND (production_year > 1990))
                          Rows Removed by Filter: 1114565
Planning time: 1.180 ms
Execution time: 5102.713 ms
