Seq Scan on movie_keyword mk  (cost=0.00..81003.12 rows=246 width=0) (actual time=20.912..1151.993 rows=31 loops=1)
  Filter: (keyword_id = 12076)
  Rows Removed by Filter: 4523899
Planning time: 0.391 ms
Execution time: 1152.120 ms
