Hash Join  (cost=191591.62..1034641.26 rows=978748 width=0) (actual time=9833.917..18467.808 rows=1883197 loops=1)
  Hash Cond: (ci.movie_id = t.id)
  ->  Seq Scan on cast_info ci  (cost=0.00..796071.18 rows=2931194 width=4) (actual time=5516.216..12664.111 rows=1464438 loops=1)
        Filter: ((person_id < 1092995) AND (role_id > 4))
        Rows Removed by Filter: 34779906
  ->  Hash  (cost=177738.95..177738.95 rows=844294 width=8) (actual time=4316.452..4316.452 rows=992225 loops=1)
        Buckets: 131072  Batches: 16  Memory Usage: 3444kB
        ->  Hash Join  (cost=94978.31..177738.95 rows=844294 width=8) (actual time=1954.377..4049.739 rows=992225 loops=1)
              Hash Cond: (mc.movie_id = t.id)
              ->  Seq Scan on movie_companies mc  (cost=0.00..51404.11 rows=1279517 width=4) (actual time=136.876..1060.213 rows=1274246 loops=1)
                    Filter: (company_type_id < 2)
                    Rows Removed by Filter: 1334883
              ->  Hash  (cost=67604.59..67604.59 rows=1668458 width=4) (actual time=1815.329..1815.329 rows=1671292 loops=1)
                    Buckets: 131072  Batches: 32  Memory Usage: 2858kB
                    ->  Seq Scan on title t  (cost=0.00..67604.59 rows=1668458 width=4) (actual time=0.029..1265.629 rows=1671292 loops=1)
                          Filter: (production_year < 2008)
                          Rows Removed by Filter: 857020
Planning time: 1.193 ms
Execution time: 18703.166 ms
