Hash Join  (cost=99217.91..184295.38 rows=975077 width=0) (actual time=2154.091..4178.958 rows=815421 loops=1)
  Hash Cond: (mc.movie_id = t.id)
  ->  Seq Scan on movie_companies mc  (cost=0.00..51404.11 rows=1279517 width=4) (actual time=87.956..984.707 rows=1274246 loops=1)
        Filter: (company_type_id = 1)
        Rows Removed by Filter: 1334883
  ->  Hash  (cost=67604.59..67604.59 rows=1926906 width=4) (actual time=2065.378..2065.378 rows=1918028 loops=1)
        Buckets: 131072  Batches: 32  Memory Usage: 3139kB
        ->  Seq Scan on title t  (cost=0.00..67604.59 rows=1926906 width=4) (actual time=0.015..1420.192 rows=1918028 loops=1)
              Filter: (production_year > 1981)
              Rows Removed by Filter: 610284
Planning time: 0.751 ms
Execution time: 4266.988 ms
