Hash Join  (cost=114217.49..200926.71 rows=25030 width=0) (actual time=2285.486..4114.003 rows=95883 loops=1)
  Hash Cond: (mk.movie_id = t.id)
  ->  Seq Scan on movie_keyword mk  (cost=0.00..81003.12 rows=1454879 width=4) (actual time=0.009..1439.954 rows=1465345 loops=1)
        Filter: (keyword_id > 11287)
        Rows Removed by Filter: 3058585
  ->  Hash  (cost=113673.72..113673.72 rows=43502 width=8) (actual time=2195.674..2195.674 rows=106878 loops=1)
        Buckets: 131072 (originally 65536)  Batches: 2 (originally 1)  Memory Usage: 3126kB
        ->  Hash Join  (cost=75234.22..113673.72 rows=43502 width=8) (actual time=1235.653..2157.678 rows=106878 loops=1)
              Hash Cond: (mi_idx.movie_id = t.id)
              ->  Seq Scan on movie_info_idx mi_idx  (cost=0.00..21735.35 rows=1380035 width=4) (actual time=0.024..433.361 rows=1380035 loops=1)
              ->  Hash  (cost=73925.90..73925.90 rows=79705 width=4) (actual time=1235.090..1235.090 rows=82805 loops=1)
                    Buckets: 131072  Batches: 2  Memory Usage: 2482kB
                    ->  Seq Scan on title t  (cost=0.00..73925.90 rows=79705 width=4) (actual time=0.013..1204.297 rows=82805 loops=1)
                          Filter: ((production_year < 2012) AND (kind_id = 2))
                          Rows Removed by Filter: 2445507
Planning time: 1.175 ms
Execution time: 4126.651 ms
