Seq Scan on movie_companies mc  (cost=0.00..51404.11 rows=104 width=0) (actual time=317.207..562.100 rows=75 loops=1)
  Filter: (company_id = 19419)
  Rows Removed by Filter: 2609054
Planning time: 0.360 ms
Execution time: 562.199 ms
