Hash Join  (cost=270908.69..817561.55 rows=7154728 width=0) (actual time=7803.491..29973.918 rows=45423866 loops=1)
  Hash Cond: (mi.movie_id = t.id)
  ->  Seq Scan on movie_info mi  (cost=0.00..346232.03 rows=9476311 width=4) (actual time=519.108..6608.540 rows=9565151 loops=1)
        Filter: (info_type_id < 16)
        Rows Removed by Filter: 5270569
  ->  Hash  (cost=239587.34..239587.34 rows=1909068 width=8) (actual time=7283.119..7283.119 rows=1916587 loops=1)
        Buckets: 131072  Batches: 32  Memory Usage: 3431kB
        ->  Hash Join  (cost=102767.86..239587.34 rows=1909068 width=8) (actual time=2567.836..6039.770 rows=1916587 loops=1)
              Hash Cond: (mk.movie_id = t.id)
              ->  Seq Scan on movie_keyword mk  (cost=0.00..81003.12 rows=1909068 width=4) (actual time=0.042..1537.378 rows=1916587 loops=1)
                    Filter: (keyword_id < 3302)
                    Rows Removed by Filter: 2607343
              ->  Hash  (cost=61283.27..61283.27 rows=2528527 width=4) (actual time=2566.733..2566.733 rows=2528312 loops=1)
                    Buckets: 131072  Batches: 64  Memory Usage: 2425kB
                    ->  Seq Scan on title t  (cost=0.00..61283.27 rows=2528527 width=4) (actual time=0.018..1072.868 rows=2528312 loops=1)
Planning time: 1.146 ms
Execution time: 35293.326 ms
