Hash Join  (cost=138100.32..233003.98 rows=64466 width=0) (actual time=2605.606..4806.341 rows=34835 loops=1)
  Hash Cond: (mk.movie_id = t.id)
  ->  Seq Scan on movie_keyword mk  (cost=0.00..81003.12 rows=3534900 width=4) (actual time=0.024..1647.555 rows=3525529 loops=1)
        Filter: (keyword_id < 18607)
        Rows Removed by Filter: 998401
  ->  Hash  (cost=137523.91..137523.91 rows=46113 width=8) (actual time=2602.317..2602.317 rows=21196 loops=1)
        Buckets: 65536  Batches: 1  Memory Usage: 1340kB
        ->  Hash Join  (cost=70308.29..137523.91 rows=46113 width=8) (actual time=1526.110..2594.017 rows=21196 loops=1)
              Hash Cond: (mc.movie_id = t.id)
              ->  Seq Scan on movie_companies mc  (cost=0.00..57926.93 rows=707615 width=4) (actual time=391.796..931.104 rows=445141 loops=1)
                    Filter: ((company_id < 11869) AND (company_type_id = 2))
                    Rows Removed by Filter: 2163988
              ->  Hash  (cost=67604.59..67604.59 rows=164776 width=4) (actual time=1133.472..1133.472 rows=164307 loops=1)
                    Buckets: 131072  Batches: 4  Memory Usage: 2482kB
                    ->  Seq Scan on title t  (cost=0.00..67604.59 rows=164776 width=4) (actual time=0.147..1075.729 rows=164307 loops=1)
                          Filter: (production_year = 2012)
                          Rows Removed by Filter: 2364005
Planning time: 1.434 ms
Execution time: 4811.605 ms
