Hash Join  (cost=80738.05..113542.18 rows=74572 width=0) (actual time=1401.847..2112.936 rows=100897 loops=1)
  Hash Cond: (mi_idx.movie_id = t.id)
  ->  Seq Scan on movie_info_idx mi_idx  (cost=0.00..25185.44 rows=454124 width=4) (actual time=0.017..474.916 rows=459925 loops=1)
        Filter: (info_type_id = 100)
        Rows Removed by Filter: 920110
  ->  Hash  (cost=73925.90..73925.90 rows=415212 width=4) (actual time=1344.559..1344.559 rows=303236 loops=1)
        Buckets: 131072  Batches: 8  Memory Usage: 2359kB
        ->  Seq Scan on title t  (cost=0.00..73925.90 rows=415212 width=4) (actual time=447.721..1251.243 rows=303236 loops=1)
              Filter: ((production_year > 1996) AND (kind_id = 1))
              Rows Removed by Filter: 2225076
Planning time: 0.699 ms
Execution time: 2126.439 ms
