Hash Join  (cost=135116.49..500616.54 rows=84412 width=0) (actual time=1960.340..9333.984 rows=89205 loops=1)
  Hash Cond: (mi.movie_id = t.id)
  ->  Seq Scan on movie_info mi  (cost=0.00..309384.22 rows=14739122 width=4) (actual time=0.026..4344.449 rows=14835720 loops=1)
  ->  Hash  (cost=134935.48..134935.48 rows=14481 width=8) (actual time=1959.888..1959.888 rows=5750 loops=1)
        Buckets: 16384  Batches: 1  Memory Usage: 353kB
        ->  Hash Join  (cost=74730.49..134935.48 rows=14481 width=8) (actual time=1421.737..1957.069 rows=5750 loops=1)
              Hash Cond: (mc.movie_id = t.id)
              ->  Seq Scan on movie_companies mc  (cost=0.00..57926.93 rows=568864 width=4) (actual time=445.126..869.291 rows=355581 loops=1)
                    Filter: ((company_id < 7851) AND (company_type_id = 2))
                    Rows Removed by Filter: 2253548
              ->  Hash  (cost=73925.90..73925.90 rows=64367 width=4) (actual time=976.060..976.060 rows=53905 loops=1)
                    Buckets: 65536  Batches: 1  Memory Usage: 2408kB
                    ->  Seq Scan on title t  (cost=0.00..73925.90 rows=64367 width=4) (actual time=0.032..954.885 rows=53905 loops=1)
                          Filter: ((kind_id < 7) AND (production_year = 2012))
                          Rows Removed by Filter: 2474407
Planning time: 1.241 ms
Execution time: 9349.093 ms
