Hash Join  (cost=74485.76..157180.28 rows=7629 width=0) (actual time=1248.885..2729.889 rows=7889 loops=1)
  Hash Cond: (mk.movie_id = t.id)
  ->  Seq Scan on movie_keyword mk  (cost=0.00..81003.12 rows=430697 width=4) (actual time=0.024..1357.095 rows=442531 loops=1)
        Filter: (keyword_id < 347)
        Rows Removed by Filter: 4081399
  ->  Hash  (cost=73925.90..73925.90 rows=44788 width=4) (actual time=1248.111..1248.111 rows=52864 loops=1)
        Buckets: 65536  Batches: 1  Memory Usage: 2371kB
        ->  Seq Scan on title t  (cost=0.00..73925.90 rows=44788 width=4) (actual time=0.074..1225.923 rows=52864 loops=1)
              Filter: ((kind_id > 1) AND (production_year = 2002))
              Rows Removed by Filter: 2475448
Planning time: 0.816 ms
Execution time: 2731.548 ms
