Hash Join  (cost=28270.40..111180.32 rows=74 width=0) (actual time=493.585..1856.805 rows=2599 loops=1)
  Hash Cond: (mk.movie_id = t.id)
  ->  Seq Scan on movie_keyword mk  (cost=0.00..81003.12 rows=508281 width=4) (actual time=0.014..1303.912 rows=506969 loops=1)
        Filter: (keyword_id < 370)
        Rows Removed by Filter: 4016961
  ->  Hash  (cost=28265.80..28265.80 rows=368 width=8) (actual time=479.423..479.423 rows=260 loops=1)
        Buckets: 1024  Batches: 1  Memory Usage: 19kB
        ->  Nested Loop  (cost=0.43..28265.80 rows=368 width=8) (actual time=41.748..479.318 rows=260 loops=1)
              ->  Seq Scan on movie_info_idx mi_idx  (cost=0.00..25185.44 rows=368 width=4) (actual time=41.639..474.121 rows=260 loops=1)
                    Filter: (info_type_id > 101)
                    Rows Removed by Filter: 1379775
              ->  Index Only Scan using title_pkey on title t  (cost=0.43..8.36 rows=1 width=4) (actual time=0.019..0.019 rows=1 loops=260)
                    Index Cond: (id = mi_idx.movie_id)
                    Heap Fetches: 260
Planning time: 2.038 ms
Execution time: 1857.383 ms
