Seq Scan on movie_keyword mk  (cost=0.00..81003.12 rows=246 width=0) (actual time=539.300..1182.494 rows=260 loops=1)
  Filter: (keyword_id = 34341)
  Rows Removed by Filter: 4523670
Planning time: 0.374 ms
Execution time: 1182.605 ms
