Hash Join  (cost=76428.64..542081.19 rows=589218 width=0) (actual time=1188.202..11342.923 rows=218131 loops=1)
  Hash Cond: (mi.movie_id = t.id)
  ->  Seq Scan on movie_info mi  (cost=0.00..346232.03 rows=9767026 width=4) (actual time=0.023..6943.845 rows=9911754 loops=1)
        Filter: (info_type_id > 4)
        Rows Removed by Filter: 4923966
  ->  Hash  (cost=73925.90..73925.90 rows=152539 width=4) (actual time=1186.982..1186.982 rows=53426 loops=1)
        Buckets: 131072  Batches: 2  Memory Usage: 1969kB
        ->  Seq Scan on title t  (cost=0.00..73925.90 rows=152539 width=4) (actual time=0.019..1159.564 rows=53426 loops=1)
              Filter: ((production_year < 1961) AND (kind_id = 7))
              Rows Removed by Filter: 2474886
Planning time: 0.771 ms
Execution time: 11367.651 ms
