Seq Scan on cast_info ci  (cost=0.00..796071.18 rows=29303310 width=0) (actual time=0.018..18625.567 rows=30511650 loops=1)
  Filter: ((person_id < 3803071) AND (role_id < 9))
  Rows Removed by Filter: 5732694
Planning time: 0.347 ms
Execution time: 22499.960 ms
