Hash Join  (cost=75411.94..138107.84 rows=13260 width=0) (actual time=1329.736..2089.939 rows=4684 loops=1)
  Hash Cond: (mc.movie_id = t.id)
  ->  Seq Scan on movie_companies mc  (cost=0.00..57926.93 rows=370231 width=4) (actual time=131.067..856.100 rows=55850 loops=1)
        Filter: ((company_id > 35450) AND (company_type_id < 2))
        Rows Removed by Filter: 2553279
  ->  Hash  (cost=73925.90..73925.90 rows=90563 width=4) (actual time=1195.232..1195.232 rows=80990 loops=1)
        Buckets: 131072  Batches: 2  Memory Usage: 2450kB
        ->  Seq Scan on title t  (cost=0.00..73925.90 rows=90563 width=4) (actual time=0.058..1163.056 rows=80990 loops=1)
              Filter: ((kind_id < 7) AND (production_year > 2011))
              Rows Removed by Filter: 2447322
Planning time: 0.810 ms
Execution time: 2091.174 ms
