Hash Join  (cost=739281.03..2192569.40 rows=36681713 width=0) (actual time=17325.902..48303.004 rows=27866430 loops=1)
  Hash Cond: (ci.movie_id = t.id)
  ->  Seq Scan on cast_info ci  (cost=0.00..796071.18 rows=14941708 width=4) (actual time=0.256..16251.053 rows=13060427 loops=1)
        Filter: ((person_id > 1571690) AND (role_id < 5))
        Rows Removed by Filter: 23183917
  ->  Hash  (cost=637438.24..637438.24 rows=6207503 width=8) (actual time=17322.857..17322.857 rows=4166737 loops=1)
        Buckets: 131072  Batches: 128  Memory Usage: 2260kB
        ->  Hash Join  (cost=91397.28..637438.24 rows=6207503 width=8) (actual time=1791.470..16151.928 rows=4166737 loops=1)
              Hash Cond: (mi.movie_id = t.id)
              ->  Seq Scan on movie_info mi  (cost=0.00..309384.22 rows=14739122 width=4) (actual time=0.020..5967.350 rows=14835720 loops=1)
              ->  Hash  (cost=73925.90..73925.90 rows=1064910 width=4) (actual time=1790.462..1790.462 rows=1003269 loops=1)
                    Buckets: 131072  Batches: 16  Memory Usage: 3239kB
                    ->  Seq Scan on title t  (cost=0.00..73925.90 rows=1064910 width=4) (actual time=0.020..1460.805 rows=1003269 loops=1)
                          Filter: ((kind_id > 1) AND (production_year < 2006))
                          Rows Removed by Filter: 1525043
Planning time: 1.265 ms
Execution time: 51328.887 ms
