Hash Join  (cost=69179.59..107771.02 rows=52395 width=0) (actual time=1153.399..2065.970 rows=57870 loops=1)
  Hash Cond: (mi_idx.movie_id = t.id)
  ->  Seq Scan on movie_info_idx mi_idx  (cost=0.00..21735.35 rows=1380035 width=4) (actual time=0.025..456.699 rows=1380035 loops=1)
  ->  Hash  (cost=67604.59..67604.59 rows=96000 width=4) (actual time=1152.395..1152.395 rows=95005 loops=1)
        Buckets: 131072  Batches: 2  Memory Usage: 2716kB
        ->  Seq Scan on title t  (cost=0.00..67604.59 rows=96000 width=4) (actual time=0.016..1116.638 rows=95005 loops=1)
              Filter: (production_year = 2005)
              Rows Removed by Filter: 2433307
Planning time: 0.893 ms
Execution time: 2073.538 ms
