Seq Scan on cast_info ci  (cost=0.00..796071.18 rows=10782668 width=0) (actual time=532.147..15943.870 rows=12670688 loops=1)
  Filter: ((person_id < 3091348) AND (role_id = 1))
  Rows Removed by Filter: 23573656
Planning time: 0.392 ms
Execution time: 17479.076 ms
