Seq Scan on movie_companies mc  (cost=0.00..51404.11 rows=1585136 width=0) (actual time=0.057..949.780 rows=1584987 loops=1)
  Filter: (company_id > 5486)
  Rows Removed by Filter: 1024142
Planning time: 0.302 ms
Execution time: 1152.099 ms
