Hash Join  (cost=167339.84..956828.75 rows=233013 width=0) (actual time=2953.889..20357.106 rows=142980 loops=1)
  Hash Cond: (ci.movie_id = t.id)
  ->  Seq Scan on cast_info ci  (cost=0.00..705507.15 rows=21773769 width=4) (actual time=0.024..13021.762 rows=21637760 loops=1)
        Filter: (person_id < 2196580)
        Rows Removed by Filter: 14606584
  ->  Hash  (cost=167001.61..167001.61 rows=27059 width=8) (actual time=2952.951..2952.951 rows=7580 loops=1)
        Buckets: 32768  Batches: 1  Memory Usage: 553kB
        ->  Hash Join  (cost=75195.76..167001.61 rows=27059 width=8) (actual time=1919.277..2950.183 rows=7580 loops=1)
              Hash Cond: (mk.movie_id = t.id)
              ->  Seq Scan on movie_keyword mk  (cost=0.00..81003.12 rows=884570 width=4) (actual time=0.020..1369.649 rows=892828 loops=1)
                    Filter: (keyword_id < 845)
                    Rows Removed by Filter: 3631102
              ->  Hash  (cost=73925.90..73925.90 rows=77348 width=4) (actual time=1273.441..1273.441 rows=84109 loops=1)
                    Buckets: 131072  Batches: 2  Memory Usage: 2515kB
                    ->  Seq Scan on title t  (cost=0.00..73925.90 rows=77348 width=4) (actual time=0.024..1236.415 rows=84109 loops=1)
                          Filter: ((kind_id = 7) AND (production_year = 2008))
                          Rows Removed by Filter: 2444203
Planning time: 1.189 ms
Execution time: 20378.320 ms
