Hash Join  (cost=128656.19..211885.47 rows=438 width=0) (actual time=2171.763..3564.634 rows=3332 loops=1)
  Hash Cond: (mk.movie_id = t.id)
  ->  Seq Scan on movie_keyword mk  (cost=0.00..81003.12 rows=592473 width=4) (actual time=0.018..1371.800 rows=593246 loops=1)
        Filter: (keyword_id > 31010)
        Rows Removed by Filter: 3930684
  ->  Hash  (cost=128632.80..128632.80 rows=1871 width=8) (actual time=2085.595..2085.595 rows=4370 loops=1)
        Buckets: 8192 (originally 2048)  Batches: 1 (originally 1)  Memory Usage: 235kB
        ->  Hash Join  (cost=73948.57..128632.80 rows=1871 width=8) (actual time=1129.255..2083.583 rows=4370 loops=1)
              Hash Cond: (mc.movie_id = t.id)
              ->  Seq Scan on movie_companies mc  (cost=0.00..44881.29 rows=2609129 width=4) (actual time=0.016..598.268 rows=2609129 loops=1)
              ->  Hash  (cost=73925.90..73925.90 rows=1813 width=4) (actual time=988.546..988.546 rows=2267 loops=1)
                    Buckets: 4096 (originally 2048)  Batches: 1 (originally 1)  Memory Usage: 112kB
                    ->  Seq Scan on title t  (cost=0.00..73925.90 rows=1813 width=4) (actual time=247.940..987.177 rows=2267 loops=1)
                          Filter: ((kind_id = 2) AND (production_year = 1999))
                          Rows Removed by Filter: 2526045
Planning time: 0.748 ms
Execution time: 3565.258 ms
