Hash Join  (cost=102767.86..270544.17 rows=3195642 width=0) (actual time=2144.735..6559.681 rows=3180558 loops=1)
  Hash Cond: (mk.movie_id = t.id)
  ->  Seq Scan on movie_keyword mk  (cost=0.00..81003.12 rows=3195642 width=4) (actual time=0.013..1775.192 rows=3180558 loops=1)
        Filter: (keyword_id < 12735)
        Rows Removed by Filter: 1343372
  ->  Hash  (cost=61283.27..61283.27 rows=2528527 width=4) (actual time=2142.934..2142.934 rows=2528312 loops=1)
        Buckets: 131072  Batches: 64  Memory Usage: 2425kB
        ->  Seq Scan on title t  (cost=0.00..61283.27 rows=2528527 width=4) (actual time=0.023..1266.709 rows=2528312 loops=1)
Planning time: 0.703 ms
Execution time: 6926.921 ms
