Hash Join  (cost=158507.74..285017.84 rows=370006 width=0) (actual time=4333.147..6711.399 rows=134036 loops=1)
  Hash Cond: (mk.movie_id = t.id)
  ->  Seq Scan on movie_keyword mk  (cost=0.00..69693.30 rows=4523930 width=4) (actual time=0.014..1444.738 rows=4523930 loops=1)
  ->  Hash  (cost=155114.68..155114.68 rows=206805 width=8) (actual time=3628.945..3628.945 rows=120774 loops=1)
        Buckets: 131072  Batches: 4  Memory Usage: 2213kB
        ->  Hash Join  (cost=77214.10..155114.68 rows=206805 width=8) (actual time=2007.874..3591.536 rows=120774 loops=1)
              Hash Cond: (mc.movie_id = t.id)
              ->  Seq Scan on movie_companies mc  (cost=0.00..44881.29 rows=2609129 width=4) (actual time=0.010..1006.884 rows=2609129 loops=1)
              ->  Hash  (cost=73925.90..73925.90 rows=200416 width=4) (actual time=1580.598..1580.598 rows=95338 loops=1)
                    Buckets: 131072  Batches: 4  Memory Usage: 1860kB
                    ->  Seq Scan on title t  (cost=0.00..73925.90 rows=200416 width=4) (actual time=0.031..1261.926 rows=95338 loops=1)
                          Filter: ((kind_id > 4) AND (production_year < 1967))
                          Rows Removed by Filter: 2432974
Planning time: 1.290 ms
Execution time: 6728.418 ms
