Hash Join  (cost=157428.71..983435.03 rows=216820 width=0) (actual time=1051.525..21598.486 rows=13592 loops=1)
  Hash Cond: (ci.movie_id = t.id)
  ->  Seq Scan on cast_info ci  (cost=0.00..705507.15 rows=31554923 width=4) (actual time=0.018..15700.396 rows=31605208 loops=1)
        Filter: (role_id < 10)
        Rows Removed by Filter: 4639136
  ->  Hash  (cost=157211.54..157211.54 rows=17374 width=8) (actual time=1050.617..1050.617 rows=619 loops=1)
        Buckets: 32768  Batches: 1  Memory Usage: 281kB
        ->  Nested Loop  (cost=0.43..157211.54 rows=17374 width=8) (actual time=0.207..1050.144 rows=619 loops=1)
              ->  Seq Scan on movie_companies mc  (cost=0.00..57926.93 rows=17374 width=4) (actual time=0.158..1017.279 rows=619 loops=1)
                    Filter: ((company_type_id > 1) AND (company_id = 160))
                    Rows Removed by Filter: 2608510
              ->  Index Only Scan using title_pkey on title t  (cost=0.43..5.70 rows=1 width=4) (actual time=0.051..0.052 rows=1 loops=619)
                    Index Cond: (id = mc.movie_id)
                    Heap Fetches: 619
Planning time: 1.123 ms
Execution time: 21602.690 ms
