Hash Join  (cost=109533.52..196871.64 rows=68009 width=0) (actual time=1871.848..4885.644 rows=375088 loops=1)
  Hash Cond: (mk.movie_id = t.id)
  ->  Seq Scan on movie_keyword mk  (cost=0.00..69693.30 rows=4523930 width=4) (actual time=0.023..2064.836 rows=4523930 loops=1)
  ->  Hash  (cost=109058.37..109058.37 rows=38012 width=8) (actual time=1871.343..1871.343 rows=43194 loops=1)
        Buckets: 65536  Batches: 1  Memory Usage: 2200kB
        ->  Hash Join  (cost=77347.14..109058.37 rows=38012 width=8) (actual time=1333.762..1855.803 rows=43194 loops=1)
              Hash Cond: (mi_idx.movie_id = t.id)
              ->  Seq Scan on movie_info_idx mi_idx  (cost=0.00..25185.44 rows=460978 width=4) (actual time=0.028..499.165 rows=459925 loops=1)
                    Filter: (info_type_id = 99)
                    Rows Removed by Filter: 920110
              ->  Hash  (cost=73925.90..73925.90 rows=208499 width=4) (actual time=1127.204..1127.204 rows=182393 loops=1)
                    Buckets: 131072  Batches: 4  Memory Usage: 2628kB
                    ->  Seq Scan on title t  (cost=0.00..73925.90 rows=208499 width=4) (actual time=80.116..1066.921 rows=182393 loops=1)
                          Filter: ((kind_id < 2) AND (production_year > 2007))
                          Rows Removed by Filter: 2345919
Planning time: 1.397 ms
Execution time: 4932.948 ms
