Hash Join  (cost=69928.56..138005.31 rows=74459 width=0) (actual time=1298.140..2625.670 rows=62484 loops=1)
  Hash Cond: (mc.movie_id = t.id)
  ->  Seq Scan on movie_companies mc  (cost=0.00..51404.11 rows=1329612 width=4) (actual time=200.602..1005.290 rows=1334883 loops=1)
        Filter: (company_type_id > 1)
        Rows Removed by Filter: 1274246
  ->  Hash  (cost=67604.59..67604.59 rows=141598 width=4) (actual time=1096.758..1096.758 rows=141703 loops=1)
        Buckets: 131072  Batches: 2  Memory Usage: 3511kB
        ->  Seq Scan on title t  (cost=0.00..67604.59 rows=141598 width=4) (actual time=0.027..1036.138 rows=141703 loops=1)
              Filter: (production_year = 2010)
              Rows Removed by Filter: 2386609
Planning time: 0.821 ms
Execution time: 2634.601 ms
