Hash Join  (cost=87731.24..1146185.99 rows=7814631 width=0) (actual time=1746.893..31861.102 rows=8423409 loops=1)
  Hash Cond: (ci.movie_id = t.id)
  ->  Seq Scan on cast_info ci  (cost=0.00..705507.15 rows=23482211 width=4) (actual time=0.019..15058.042 rows=23379287 loops=1)
        Filter: (person_id < 2392807)
        Rows Removed by Filter: 12865057
  ->  Hash  (cost=73925.90..73925.90 rows=841467 width=4) (actual time=1745.802..1745.802 rows=921643 loops=1)
        Buckets: 131072  Batches: 16  Memory Usage: 3057kB
        ->  Seq Scan on title t  (cost=0.00..73925.90 rows=841467 width=4) (actual time=251.447..1456.729 rows=921643 loops=1)
              Filter: ((production_year > 2000) AND (kind_id = 7))
              Rows Removed by Filter: 1606669
Planning time: 0.768 ms
Execution time: 32905.208 ms
