Hash Join  (cost=124522.10..202127.02 rows=185340 width=0) (actual time=2636.046..5199.395 rows=1348624 loops=1)
  Hash Cond: (mc.movie_id = t.id)
  ->  Seq Scan on movie_companies mc  (cost=0.00..44881.29 rows=2609129 width=4) (actual time=0.014..992.761 rows=2609129 loops=1)
  ->  Hash  (cost=121574.92..121574.92 rows=179614 width=8) (actual time=2634.888..2634.888 rows=402421 loops=1)
        Buckets: 131072 (originally 131072)  Batches: 8 (originally 4)  Memory Usage: 3073kB
        ->  Hash Join  (cost=82033.88..121574.92 rows=179614 width=8) (actual time=1334.610..2520.505 rows=402421 loops=1)
              Hash Cond: (mi_idx.movie_id = t.id)
              ->  Seq Scan on movie_info_idx mi_idx  (cost=0.00..25185.44 rows=919057 width=4) (actual time=0.010..556.630 rows=920110 loops=1)
                    Filter: (info_type_id > 99)
                    Rows Removed by Filter: 459925
              ->  Hash  (cost=73925.90..73925.90 rows=494158 width=4) (actual time=1333.535..1333.535 rows=581419 loops=1)
                    Buckets: 131072  Batches: 8  Memory Usage: 3592kB
                    ->  Seq Scan on title t  (cost=0.00..73925.90 rows=494158 width=4) (actual time=0.041..1148.896 rows=581419 loops=1)
                          Filter: ((kind_id < 7) AND (production_year < 2004))
                          Rows Removed by Filter: 1946893
Planning time: 1.107 ms
Execution time: 5361.487 ms
