Seq Scan on movie_keyword mk  (cost=0.00..81003.12 rows=2899218 width=0) (actual time=0.017..1701.070 rows=2887525 loops=1)
  Filter: (keyword_id < 9075)
  Rows Removed by Filter: 1636405
Planning time: 0.301 ms
Execution time: 2067.670 ms
