Seq Scan on movie_companies mc  (cost=0.00..57926.93 rows=643015 width=0) (actual time=135.298..1175.443 rows=406639 loops=1)
  Filter: ((company_id > 11244) AND (company_type_id < 2))
  Rows Removed by Filter: 2202490
Planning time: 0.324 ms
Execution time: 1230.779 ms
