Nested Loop  (cost=0.43..709671.90 rows=500 width=0) (actual time=634.967..11661.092 rows=46 loops=1)
  ->  Seq Scan on cast_info ci  (cost=0.00..705507.15 rows=500 width=4) (actual time=634.865..11657.231 rows=46 loops=1)
        Filter: (person_id = 1644281)
        Rows Removed by Filter: 36244298
  ->  Index Only Scan using title_pkey on title t  (cost=0.43..8.32 rows=1 width=4) (actual time=0.080..0.080 rows=1 loops=46)
        Index Cond: (id = ci.movie_id)
        Heap Fetches: 46
Planning time: 0.739 ms
Execution time: 11661.175 ms
