Seq Scan on cast_info ci  (cost=0.00..796071.18 rows=5319057 width=0) (actual time=7517.357..13646.895 rows=10820083 loops=1)
  Filter: ((person_id < 1482001) AND (role_id = 1))
  Rows Removed by Filter: 25424261
Planning time: 1.485 ms
Execution time: 14850.132 ms
