Hash Join  (cost=97634.24..895091.00 rows=3500 width=0) (actual time=4957.664..12653.575 rows=1930 loops=1)
  Hash Cond: (ci.movie_id = t.id)
  ->  Seq Scan on cast_info ci  (cost=0.00..796071.18 rows=360155 width=4) (actual time=3093.942..10747.475 rows=156376 loops=1)
        Filter: ((person_id > 3196104) AND (role_id = 4))
        Rows Removed by Filter: 36087968
  ->  Hash  (cost=97327.13..97327.13 rows=24569 width=8) (actual time=1863.350..1863.350 rows=30209 loops=1)
        Buckets: 32768  Batches: 1  Memory Usage: 1437kB
        ->  Hash Join  (cost=68449.54..97327.13 rows=24569 width=8) (actual time=1179.214..1852.554 rows=30209 loops=1)
              Hash Cond: (mi_idx.movie_id = t.id)
              ->  Seq Scan on movie_info_idx mi_idx  (cost=0.00..25185.44 rows=919057 width=4) (actual time=0.033..452.246 rows=920110 loops=1)
                    Filter: (info_type_id > 99)
                    Rows Removed by Filter: 459925
              ->  Hash  (cost=67604.59..67604.59 rows=67596 width=4) (actual time=1178.546..1178.546 rows=67777 loops=1)
                    Buckets: 131072  Batches: 1  Memory Usage: 3407kB
                    ->  Seq Scan on title t  (cost=0.00..67604.59 rows=67596 width=4) (actual time=0.045..1149.186 rows=67777 loops=1)
                          Filter: (production_year = 2003)
                          Rows Removed by Filter: 2460535
Planning time: 7.550 ms
Execution time: 12654.339 ms
