Seq Scan on movie_companies mc  (cost=0.00..57926.93 rows=983563 width=0) (actual time=311.946..1113.060 rows=1268021 loops=1)
  Filter: ((company_id < 65236) AND (company_type_id < 2))
  Rows Removed by Filter: 1341108
Planning time: 0.336 ms
Execution time: 1281.115 ms
