Seq Scan on cast_info ci  (cost=0.00..705507.15 rows=22309655 width=0) (actual time=0.026..13411.127 rows=22148567 loops=1)
  Filter: (person_id < 2256122)
  Rows Removed by Filter: 14095777
Planning time: 0.343 ms
Execution time: 16158.551 ms
