Hash Join  (cost=52284.46..401553.25 rows=13 width=0) (actual time=1464.652..6447.157 rows=329 loops=1)
  Hash Cond: (mi.movie_id = t.id)
  ->  Seq Scan on movie_info mi  (cost=0.00..346232.03 rows=809768 width=4) (actual time=489.084..5432.450 rows=802140 loops=1)
        Filter: (info_type_id < 2)
        Rows Removed by Filter: 14033580
  ->  Hash  (cost=52283.95..52283.95 rows=41 width=8) (actual time=904.984..904.984 rows=277 loops=1)
        Buckets: 1024  Batches: 1  Memory Usage: 19kB
        ->  Nested Loop  (cost=0.43..52283.95 rows=41 width=8) (actual time=23.874..904.757 rows=277 loops=1)
              ->  Seq Scan on movie_companies mc  (cost=0.00..51404.11 rows=104 width=4) (actual time=23.814..889.137 rows=277 loops=1)
                    Filter: (company_id = 7641)
                    Rows Removed by Filter: 2608852
              ->  Index Scan using title_pkey on title t  (cost=0.43..8.45 rows=1 width=4) (actual time=0.054..0.055 rows=1 loops=277)
                    Index Cond: (id = mc.movie_id)
                    Filter: (kind_id < 7)
Planning time: 1.758 ms
Execution time: 6447.432 ms
