Hash Join  (cost=160526.42..278723.86 rows=757464 width=0) (actual time=3435.258..6172.085 rows=620127 loops=1)
  Hash Cond: (mk.movie_id = t.id)
  ->  Seq Scan on movie_keyword mk  (cost=0.00..81003.12 rows=2277514 width=4) (actual time=0.016..1611.777 rows=2274472 loops=1)
        Filter: (keyword_id > 4630)
        Rows Removed by Filter: 2249458
  ->  Hash  (cost=146729.58..146729.58 rows=840947 width=8) (actual time=3434.561..3434.561 rows=425718 loops=1)
        Buckets: 131072  Batches: 16  Memory Usage: 2068kB
        ->  Hash Join  (cost=92883.59..146729.58 rows=840947 width=8) (actual time=1831.211..3298.458 rows=425718 loops=1)
              Hash Cond: (mi_idx.movie_id = t.id)
              ->  Seq Scan on movie_info_idx mi_idx  (cost=0.00..21735.35 rows=1380035 width=4) (actual time=0.023..433.864 rows=1380035 loops=1)
              ->  Hash  (cost=67604.59..67604.59 rows=1540800 width=4) (actual time=1830.010..1830.010 rows=1543264 loops=1)
                    Buckets: 131072  Batches: 32  Memory Usage: 2722kB
                    ->  Seq Scan on title t  (cost=0.00..67604.59 rows=1540800 width=4) (actual time=167.680..1331.759 rows=1543264 loops=1)
                          Filter: (kind_id = 7)
                          Rows Removed by Filter: 985048
Planning time: 0.742 ms
Execution time: 6242.330 ms
