Nested Loop  (cost=0.43..798852.73 rows=72 width=0) (actual time=11643.098..13455.402 rows=24 loops=1)
  ->  Seq Scan on cast_info ci  (cost=0.00..796071.18 rows=332 width=4) (actual time=11643.033..13451.797 rows=133 loops=1)
        Filter: ((role_id < 4) AND (person_id = 2049289))
        Rows Removed by Filter: 36244211
  ->  Index Scan using title_pkey on title t  (cost=0.43..8.37 rows=1 width=4) (actual time=0.026..0.026 rows=0 loops=133)
        Index Cond: (id = ci.movie_id)
        Filter: ((production_year > 1971) AND (kind_id = 1))
        Rows Removed by Filter: 1
Planning time: 0.832 ms
Execution time: 13455.538 ms
