Hash Join  (cost=69374.09..133044.80 rows=18924 width=0) (actual time=1755.436..2922.635 rows=30794 loops=1)
  Hash Cond: (mc.movie_id = t.id)
  ->  Seq Scan on movie_companies mc  (cost=0.00..57926.93 rows=443878 width=4) (actual time=212.025..1063.147 rows=769169 loops=1)
        Filter: ((company_id > 23042) AND (company_type_id > 1))
        Rows Removed by Filter: 1839960
  ->  Hash  (cost=67604.59..67604.59 rows=107800 width=4) (actual time=1542.551..1542.551 rows=108429 loops=1)
        Buckets: 131072  Batches: 2  Memory Usage: 2931kB
        ->  Seq Scan on title t  (cost=0.00..67604.59 rows=107800 width=4) (actual time=0.034..1183.738 rows=108429 loops=1)
              Filter: (production_year = 2006)
              Rows Removed by Filter: 2419883
Planning time: 0.770 ms
Execution time: 2927.108 ms
