Seq Scan on cast_info ci  (cost=0.00..796071.18 rows=6626839 width=0) (actual time=0.022..12269.093 rows=4102010 loops=1)
  Filter: ((person_id < 1451428) AND (role_id > 2))
  Rows Removed by Filter: 32142334
Planning time: 0.404 ms
Execution time: 12748.219 ms
