Seq Scan on movie_companies mc  (cost=0.00..51404.11 rows=889358 width=0) (actual time=0.020..853.709 rows=895582 loops=1)
  Filter: (company_id > 21666)
  Rows Removed by Filter: 1713547
Planning time: 0.240 ms
Execution time: 965.825 ms
