Hash Join  (cost=204721.10..759750.74 rows=7049871 width=0) (actual time=5078.951..19444.933 rows=5098324 loops=1)
  Hash Cond: (mi.movie_id = t.id)
  ->  Seq Scan on movie_info mi  (cost=0.00..309384.22 rows=14739122 width=4) (actual time=0.023..5973.030 rows=14835720 loops=1)
  ->  Hash  (cost=184878.35..184878.35 rows=1209420 width=8) (actual time=4929.810..4929.810 rows=558885 loops=1)
        Buckets: 131072  Batches: 16  Memory Usage: 2379kB
        ->  Hash Join  (cost=93155.63..184878.35 rows=1209420 width=8) (actual time=1714.011..4664.601 rows=558885 loops=1)
              Hash Cond: (mc.movie_id = t.id)
              ->  Seq Scan on movie_companies mc  (cost=0.00..44881.29 rows=2609129 width=4) (actual time=0.013..877.075 rows=2609129 loops=1)
              ->  Hash  (cost=73925.90..73925.90 rows=1172058 width=4) (actual time=1713.187..1713.187 rows=1128906 loops=1)
                    Buckets: 131072  Batches: 16  Memory Usage: 3503kB
                    ->  Seq Scan on title t  (cost=0.00..73925.90 rows=1172058 width=4) (actual time=0.026..1356.118 rows=1128906 loops=1)
                          Filter: ((production_year < 2010) AND (kind_id = 7))
                          Rows Removed by Filter: 1399406
Planning time: 1.175 ms
Execution time: 20049.403 ms
