Hash Join  (cost=150654.28..235283.70 rows=498957 width=0) (actual time=3132.105..5309.404 rows=405540 loops=1)
  Hash Cond: (mc.movie_id = t.id)
  ->  Seq Scan on movie_companies mc  (cost=0.00..51404.11 rows=2252730 width=4) (actual time=0.020..1140.771 rows=2258452 loops=1)
        Filter: (company_id > 166)
        Rows Removed by Filter: 350677
  ->  Hash  (cost=141465.74..141465.74 rows=560043 width=8) (actual time=3047.811..3047.811 rows=283812 loops=1)
        Buckets: 131072  Batches: 8  Memory Usage: 2409kB
        ->  Hash Join  (cost=92883.59..141465.74 rows=560043 width=8) (actual time=1741.472..2973.648 rows=283812 loops=1)
              Hash Cond: (mi_idx.movie_id = t.id)
              ->  Seq Scan on movie_info_idx mi_idx  (cost=0.00..25185.44 rows=919057 width=4) (actual time=0.026..533.667 rows=920110 loops=1)
                    Filter: (info_type_id > 99)
                    Rows Removed by Filter: 459925
              ->  Hash  (cost=67604.59..67604.59 rows=1540800 width=4) (actual time=1740.339..1740.339 rows=1543264 loops=1)
                    Buckets: 131072  Batches: 32  Memory Usage: 2722kB
                    ->  Seq Scan on title t  (cost=0.00..67604.59 rows=1540800 width=4) (actual time=99.047..1245.669 rows=1543264 loops=1)
                          Filter: (kind_id = 7)
                          Rows Removed by Filter: 985048
Planning time: 1.527 ms
Execution time: 5359.769 ms
