Hash Join  (cost=492869.89..581538.87 rows=987946 width=0) (actual time=8316.822..11219.503 rows=2059667 loops=1)
  Hash Cond: (mc.movie_id = t.id)
  ->  Seq Scan on movie_companies mc  (cost=0.00..44881.29 rows=2609129 width=4) (actual time=0.024..873.709 rows=2609129 loops=1)
  ->  Hash  (cost=477162.06..477162.06 rows=957426 width=8) (actual time=8315.963..8315.963 rows=1008205 loops=1)
        Buckets: 131072  Batches: 16  Memory Usage: 3481kB
        ->  Hash Join  (cost=97066.09..477162.06 rows=957426 width=8) (actual time=5467.940..8014.932 rows=1008205 loops=1)
              Hash Cond: (mi.movie_id = t.id)
              ->  Seq Scan on movie_info mi  (cost=0.00..346232.03 rows=1348138 width=4) (actual time=3728.141..4985.376 rows=1298989 loops=1)
                    Filter: (info_type_id = 4)
                    Rows Removed by Filter: 13536731
              ->  Hash  (cost=67604.59..67604.59 rows=1795720 width=4) (actual time=1738.586..1738.586 rows=1794153 loops=1)
                    Buckets: 131072  Batches: 32  Memory Usage: 3001kB
                    ->  Seq Scan on title t  (cost=0.00..67604.59 rows=1795720 width=4) (actual time=0.033..1136.229 rows=1794153 loops=1)
                          Filter: (production_year < 2009)
                          Rows Removed by Filter: 734159
Planning time: 1.237 ms
Execution time: 11476.819 ms
