Hash Join  (cost=278063.38..456341.41 rows=2029287 width=146) (actual time=8222.402..21381.940 rows=19354547 loops=1)
  Hash Cond: (mk.movie_id = t.id)
  ->  Seq Scan on movie_keyword mk  (cost=0.00..81003.12 rows=3681876 width=12) (actual time=0.027..2143.578 rows=3676355 loops=1)
        Filter: (keyword_id > 807)
        Rows Removed by Filter: 847575
  ->  Hash  (cost=233424.23..233424.23 rows=1393612 width=134) (actual time=8220.663..8220.663 rows=1667421 loops=1)
        Buckets: 32768  Batches: 64  Memory Usage: 3939kB
        ->  Hash Join  (cost=104270.59..233424.23 rows=1393612 width=134) (actual time=2938.017..7137.028 rows=1667421 loops=1)
              Hash Cond: (mc.movie_id = t.id)
              ->  Seq Scan on movie_companies mc  (cost=0.00..44881.29 rows=2609129 width=40) (actual time=0.011..1023.712 rows=2609129 loops=1)
              ->  Hash  (cost=67604.59..67604.59 rows=1350560 width=94) (actual time=2937.658..2937.658 rows=1348293 loops=1)
                    Buckets: 32768  Batches: 64  Memory Usage: 2596kB
                    ->  Seq Scan on title t  (cost=0.00..67604.59 rows=1350560 width=94) (actual time=0.024..1643.715 rows=1348293 loops=1)
                          Filter: (production_year < 2005)
                          Rows Removed by Filter: 1180019
Planning time: 1.336 ms
Execution time: 22458.809 ms
