Nested Loop  (cost=0.43..798385.45 rows=276 width=136) (actual time=2392.608..13085.712 rows=15 loops=1)
  ->  Seq Scan on cast_info ci  (cost=0.00..796071.18 rows=276 width=42) (actual time=2392.465..13085.216 rows=15 loops=1)
        Filter: ((role_id < 3) AND (person_id = 2332591))
        Rows Removed by Filter: 36244329
  ->  Index Scan using title_pkey on title t  (cost=0.43..8.38 rows=1 width=94) (actual time=0.027..0.027 rows=1 loops=15)
        Index Cond: (id = ci.movie_id)
Planning time: 0.980 ms
Execution time: 13085.798 ms
