Hash Join  (cost=660094.64..1846047.03 rows=25024523 width=0) (actual time=15969.947..44800.680 rows=31595550 loops=1)
  Hash Cond: (ci.movie_id = t.id)
  ->  Seq Scan on cast_info ci  (cost=0.00..705507.15 rows=12726058 width=4) (actual time=919.035..14612.515 rows=12670688 loops=1)
        Filter: (role_id < 2)
        Rows Removed by Filter: 23573656
  ->  Hash  (cost=578520.44..578520.44 rows=4972096 width=8) (actual time=15048.393..15048.393 rows=4923966 loops=1)
        Buckets: 131072  Batches: 128  Memory Usage: 2524kB
        ->  Hash Join  (cost=102767.86..578520.44 rows=4972096 width=8) (actual time=2047.940..13538.004 rows=4923966 loops=1)
              Hash Cond: (mi.movie_id = t.id)
              ->  Seq Scan on movie_info mi  (cost=0.00..346232.03 rows=4972096 width=4) (actual time=0.025..5630.620 rows=4923966 loops=1)
                    Filter: (info_type_id < 5)
                    Rows Removed by Filter: 9911754
              ->  Hash  (cost=61283.27..61283.27 rows=2528527 width=4) (actual time=2047.060..2047.060 rows=2528312 loops=1)
                    Buckets: 131072  Batches: 64  Memory Usage: 2425kB
                    ->  Seq Scan on title t  (cost=0.00..61283.27 rows=2528527 width=4) (actual time=0.011..1058.285 rows=2528312 loops=1)
Planning time: 1.101 ms
Execution time: 48320.340 ms
