Hash Join  (cost=86573.65..965750.45 rows=1671155 width=0) (actual time=3187.962..21225.382 rows=1116512 loops=1)
  Hash Cond: (ci.movie_id = t.id)
  ->  Seq Scan on cast_info ci  (cost=0.00..796071.18 rows=5481617 width=4) (actual time=1481.858..16548.799 rows=5620031 loops=1)
        Filter: ((person_id > 200966) AND (role_id > 8))
        Rows Removed by Filter: 30624313
  ->  Hash  (cost=73925.90..73925.90 rows=770860 width=4) (actual time=1704.825..1704.825 rows=682281 loops=1)
        Buckets: 131072  Batches: 16  Memory Usage: 2522kB
        ->  Seq Scan on title t  (cost=0.00..73925.90 rows=770860 width=4) (actual time=251.827..1216.002 rows=682281 loops=1)
              Filter: ((production_year < 2004) AND (kind_id = 7))
              Rows Removed by Filter: 1846031
Planning time: 0.750 ms
Execution time: 21359.608 ms
