Hash Join  (cost=28267.71..114925.86 rows=11 width=0) (actual time=1306.822..2210.610 rows=511 loops=1)
  Hash Cond: (mk.movie_id = t.id)
  ->  Seq Scan on movie_keyword mk  (cost=0.00..69693.30 rows=4523930 width=4) (actual time=0.016..1011.011 rows=4523930 loops=1)
  ->  Hash  (cost=28267.64..28267.64 rows=6 width=8) (actual time=444.167..444.167 rows=5 loops=1)
        Buckets: 1024  Batches: 1  Memory Usage: 9kB
        ->  Nested Loop  (cost=0.43..28267.64 rows=6 width=8) (actual time=421.198..444.154 rows=5 loops=1)
              ->  Seq Scan on movie_info_idx mi_idx  (cost=0.00..25185.44 rows=368 width=4) (actual time=418.641..434.681 rows=260 loops=1)
                    Filter: (info_type_id > 101)
                    Rows Removed by Filter: 1379775
              ->  Index Scan using title_pkey on title t  (cost=0.43..8.37 rows=1 width=4) (actual time=0.036..0.036 rows=0 loops=260)
                    Index Cond: (id = mi_idx.movie_id)
                    Filter: ((kind_id < 7) AND (production_year < 1929))
                    Rows Removed by Filter: 1
Planning time: 1.184 ms
Execution time: 2210.807 ms
