Seq Scan on cast_info ci  (cost=0.00..796071.18 rows=601094 width=0) (actual time=9030.725..12529.999 rows=558685 loops=1)
  Filter: ((person_id < 1229908) AND (role_id = 8))
  Rows Removed by Filter: 35685659
Planning time: 0.383 ms
Execution time: 12568.622 ms
