Hash Join  (cost=231322.67..808661.97 rows=8145445 width=0) (actual time=5631.889..30307.753 rows=49883158 loops=1)
  Hash Cond: (mi.movie_id = t.id)
  ->  Seq Scan on movie_info mi  (cost=0.00..346232.03 rows=11115165 width=4) (actual time=0.007..7050.886 rows=11210743 loops=1)
        Filter: (info_type_id > 3)
        Rows Removed by Filter: 3624977
  ->  Hash  (cost=200921.64..200921.64 rows=1852962 width=8) (actual time=5630.913..5630.913 rows=2059977 loops=1)
        Buckets: 131072  Batches: 32  Memory Usage: 3587kB
        ->  Hash Join  (cost=97066.09..200921.64 rows=1852962 width=8) (actual time=1809.025..5063.032 rows=2059977 loops=1)
              Hash Cond: (mc.movie_id = t.id)
              ->  Seq Scan on movie_companies mc  (cost=0.00..44881.29 rows=2609129 width=4) (actual time=0.023..932.152 rows=2609129 loops=1)
              ->  Hash  (cost=67604.59..67604.59 rows=1795720 width=4) (actual time=1807.259..1807.259 rows=1794153 loops=1)
                    Buckets: 131072  Batches: 32  Memory Usage: 2992kB
                    ->  Seq Scan on title t  (cost=0.00..67604.59 rows=1795720 width=4) (actual time=0.016..1233.864 rows=1794153 loops=1)
                          Filter: (production_year < 2009)
                          Rows Removed by Filter: 734159
Planning time: 1.066 ms
Execution time: 35839.056 ms
