Hash Join  (cost=163924.95..291645.98 rows=469399 width=0) (actual time=3580.243..11530.239 rows=22013471 loops=1)
  Hash Cond: (mk.movie_id = t.id)
  ->  Seq Scan on movie_keyword mk  (cost=0.00..69693.30 rows=4523930 width=4) (actual time=0.017..1337.403 rows=4523930 loops=1)
  ->  Hash  (cost=159620.48..159620.48 rows=262358 width=8) (actual time=3579.191..3579.191 rows=612765 loops=1)
        Buckets: 131072 (originally 131072)  Batches: 8 (originally 4)  Memory Usage: 4100kB
        ->  Hash Join  (cost=82871.49..159620.48 rows=262358 width=8) (actual time=1412.222..3389.321 rows=612765 loops=1)
              Hash Cond: (mc.movie_id = t.id)
              ->  Seq Scan on movie_companies mc  (cost=0.00..57926.93 rows=1216659 width=4) (actual time=0.012..1145.788 rows=1165662 loops=1)
                    Filter: ((company_id > 19) AND (company_type_id = 1))
                    Rows Removed by Filter: 1443467
              ->  Hash  (cost=73925.90..73925.90 rows=545247 width=4) (actual time=1411.469..1411.469 rows=557319 loops=1)
                    Buckets: 131072  Batches: 8  Memory Usage: 3485kB
                    ->  Seq Scan on title t  (cost=0.00..73925.90 rows=545247 width=4) (actual time=0.021..1232.951 rows=557319 loops=1)
                          Filter: ((kind_id < 2) AND (production_year < 2011))
                          Rows Removed by Filter: 1970993
Planning time: 1.156 ms
Execution time: 13967.523 ms
