Hash Join  (cost=95580.42..185479.72 rows=10941 width=0) (actual time=1778.938..2902.386 rows=6261 loops=1)
  Hash Cond: (mk.movie_id = t.id)
  ->  Seq Scan on movie_keyword mk  (cost=0.00..81003.12 rows=2343137 width=4) (actual time=0.019..874.586 rows=2343041 loops=1)
        Filter: (keyword_id < 5210)
        Rows Removed by Filter: 2180889
  ->  Hash  (cost=95432.83..95432.83 rows=11807 width=8) (actual time=1777.245..1777.245 rows=4936 loops=1)
        Buckets: 16384  Batches: 1  Memory Usage: 321kB
        ->  Hash Join  (cost=68426.36..95432.83 rows=11807 width=8) (actual time=1106.747..1774.928 rows=4936 loops=1)
              Hash Cond: (mi_idx.movie_id = t.id)
              ->  Seq Scan on movie_info_idx mi_idx  (cost=0.00..25185.44 rows=454124 width=4) (actual time=0.020..537.549 rows=459925 loops=1)
                    Filter: (info_type_id = 100)
                    Rows Removed by Filter: 920110
              ->  Hash  (cost=67604.59..67604.59 rows=65742 width=4) (actual time=1106.166..1106.166 rows=63827 loops=1)
                    Buckets: 131072  Batches: 1  Memory Usage: 3268kB
                    ->  Seq Scan on title t  (cost=0.00..67604.59 rows=65742 width=4) (actual time=0.019..1079.676 rows=63827 loops=1)
                          Filter: (production_year = 2013)
                          Rows Removed by Filter: 2464485
Planning time: 0.776 ms
Execution time: 2903.308 ms
