Hash Join  (cost=709678.15..764348.83 rows=516 width=0) (actual time=9913.645..11002.777 rows=99 loops=1)
  Hash Cond: (mc.movie_id = t.id)
  ->  Seq Scan on movie_companies mc  (cost=0.00..44881.29 rows=2609129 width=4) (actual time=0.029..610.901 rows=2609129 loops=1)
  ->  Hash  (cost=709671.90..709671.90 rows=500 width=8) (actual time=9912.355..9912.355 rows=52 loops=1)
        Buckets: 1024  Batches: 1  Memory Usage: 11kB
        ->  Nested Loop  (cost=0.43..709671.90 rows=500 width=8) (actual time=5184.085..9912.248 rows=52 loops=1)
              ->  Seq Scan on cast_info ci  (cost=0.00..705507.15 rows=500 width=4) (actual time=5183.902..9911.046 rows=52 loops=1)
                    Filter: (person_id = 263778)
                    Rows Removed by Filter: 36244292
              ->  Index Only Scan using title_pkey on title t  (cost=0.43..8.32 rows=1 width=4) (actual time=0.020..0.020 rows=1 loops=52)
                    Index Cond: (id = ci.movie_id)
                    Heap Fetches: 52
Planning time: 1.144 ms
Execution time: 11002.943 ms
