Hash Join  (cost=67612.84..156727.76 rows=564 width=0) (actual time=1106.406..2473.514 rows=2854 loops=1)
  Hash Cond: (mk.movie_id = t.id)
  ->  Seq Scan on movie_keyword mk  (cost=0.00..81003.12 rows=2161642 width=4) (actual time=0.013..1092.386 rows=2164925 loops=1)
        Filter: (keyword_id < 4168)
        Rows Removed by Filter: 2359005
  ->  Hash  (cost=67604.59..67604.59 rows=660 width=4) (actual time=1105.525..1105.525 rows=3515 loops=1)
        Buckets: 4096 (originally 1024)  Batches: 1 (originally 1)  Memory Usage: 156kB
        ->  Seq Scan on title t  (cost=0.00..67604.59 rows=660 width=4) (actual time=0.828..1103.657 rows=3515 loops=1)
              Filter: (production_year > 2013)
              Rows Removed by Filter: 2524797
Planning time: 0.725 ms
Execution time: 2474.057 ms
