Hash Join  (cost=911249.57..1262866.73 rows=36646 width=0) (actual time=17672.571..19050.587 rows=39416 loops=1)
  Hash Cond: (mi.movie_id = t.id)
  ->  Seq Scan on movie_info mi  (cost=0.00..346232.03 rows=1338312 width=4) (actual time=4149.353..5268.417 rows=1401902 loops=1)
        Filter: (info_type_id = 7)
        Rows Removed by Filter: 13433818
  ->  Hash  (cost=910384.12..910384.12 rows=69236 width=8) (actual time=13522.315..13522.315 rows=28847 loops=1)
        Buckets: 131072  Batches: 1  Memory Usage: 2151kB
        ->  Hash Join  (cost=102767.86..910384.12 rows=69236 width=8) (actual time=2916.969..13511.445 rows=28847 loops=1)
              Hash Cond: (ci.movie_id = t.id)
              ->  Seq Scan on cast_info ci  (cost=0.00..796071.18 rows=69236 width=4) (actual time=886.736..11067.903 rows=28847 loops=1)
                    Filter: ((person_id < 686801) AND (role_id > 10))
                    Rows Removed by Filter: 36215497
              ->  Hash  (cost=61283.27..61283.27 rows=2528527 width=4) (actual time=2028.086..2028.086 rows=2528312 loops=1)
                    Buckets: 131072  Batches: 64  Memory Usage: 2415kB
                    ->  Seq Scan on title t  (cost=0.00..61283.27 rows=2528527 width=4) (actual time=0.016..1170.482 rows=2528312 loops=1)
Planning time: 1.074 ms
Execution time: 19056.333 ms
