Nested Loop  (cost=44377.22..151837.65 rows=1543 width=0) (actual time=1059.225..2820.558 rows=20134 loops=1)
  ->  Hash Join  (cost=44376.79..133046.91 rows=31827 width=8) (actual time=883.278..2500.790 rows=24700 loops=1)
        Hash Cond: (mk.movie_id = mi_idx.movie_id)
        ->  Seq Scan on movie_keyword mk  (cost=0.00..81003.12 rows=10707 width=4) (actual time=0.387..1399.244 rows=9226 loops=1)
              Filter: (keyword_id = 875)
              Rows Removed by Filter: 4514704
        ->  Hash  (cost=21735.35..21735.35 rows=1380035 width=4) (actual time=864.309..864.309 rows=1380035 loops=1)
              Buckets: 131072  Batches: 32  Memory Usage: 2556kB
              ->  Seq Scan on movie_info_idx mi_idx  (cost=0.00..21735.35 rows=1380035 width=4) (actual time=0.020..452.002 rows=1380035 loops=1)
  ->  Index Scan using title_pkey on title t  (cost=0.43..0.58 rows=1 width=4) (actual time=0.012..0.012 rows=1 loops=24700)
        Index Cond: (id = mi_idx.movie_id)
        Filter: (kind_id = 1)
        Rows Removed by Filter: 0
Planning time: 1.228 ms
Execution time: 2824.322 ms
