Seq Scan on movie_companies mc  (cost=0.00..57926.93 rows=51 width=0) (actual time=224.134..768.943 rows=5 loops=1)
  Filter: ((company_id = 45857) AND (company_type_id = 1))
  Rows Removed by Filter: 2609124
Planning time: 0.363 ms
Execution time: 769.031 ms
