Seq Scan on movie_keyword mk  (cost=0.00..81003.12 rows=246 width=0) (actual time=0.074..1128.982 rows=1201 loops=1)
  Filter: (keyword_id = 1417)
  Rows Removed by Filter: 4522729
Planning time: 0.359 ms
Execution time: 1129.466 ms
