Seq Scan on cast_info ci  (cost=0.00..705507.15 rows=500 width=0) (actual time=515.747..9031.762 rows=57 loops=1)
  Filter: (person_id = 2851942)
  Rows Removed by Filter: 36244287
Planning time: 0.253 ms
Execution time: 9031.868 ms
