Nested Loop  (cost=0.43..709674.40 rows=47 width=0) (actual time=1914.788..11483.816 rows=8 loops=1)
  ->  Seq Scan on cast_info ci  (cost=0.00..705507.15 rows=500 width=4) (actual time=980.708..11476.328 rows=638 loops=1)
        Filter: (person_id = 1402875)
        Rows Removed by Filter: 36243706
  ->  Index Scan using title_pkey on title t  (cost=0.43..8.32 rows=1 width=4) (actual time=0.011..0.011 rows=0 loops=638)
        Index Cond: (id = ci.movie_id)
        Filter: ((kind_id < 7) AND (production_year < 1986))
        Rows Removed by Filter: 1
Planning time: 0.893 ms
Execution time: 11483.975 ms
