Hash Join  (cost=74206.60..101239.65 rows=12256 width=0) (actual time=1084.623..1736.276 rows=24735 loops=1)
  Hash Cond: (mi_idx.movie_id = t.id)
  ->  Seq Scan on movie_info_idx mi_idx  (cost=0.00..21735.35 rows=1380035 width=4) (actual time=0.023..331.864 rows=1380035 loops=1)
  ->  Hash  (cost=73925.90..73925.90 rows=22456 width=4) (actual time=1084.383..1084.383 rows=18451 loops=1)
        Buckets: 32768  Batches: 1  Memory Usage: 905kB
        ->  Seq Scan on title t  (cost=0.00..73925.90 rows=22456 width=4) (actual time=0.047..1076.173 rows=18451 loops=1)
              Filter: ((kind_id < 6) AND (production_year = 2001))
              Rows Removed by Filter: 2509861
Planning time: 0.730 ms
Execution time: 1740.011 ms
