Seq Scan on movie_keyword mk  (cost=0.00..81003.12 rows=1371974 width=0) (actual time=0.016..1353.511 rows=1382922 loops=1)
  Filter: (keyword_id < 1853)
  Rows Removed by Filter: 3141008
Planning time: 0.328 ms
Execution time: 1531.043 ms
