Hash Join  (cost=103239.40..159388.38 rows=975145 width=0) (actual time=2154.095..4573.596 rows=749958 loops=1)
  Hash Cond: (mi_idx.movie_id = t.id)
  ->  Seq Scan on movie_info_idx mi_idx  (cost=0.00..21735.35 rows=1380035 width=4) (actual time=0.025..471.101 rows=1380035 loops=1)
  ->  Hash  (cost=73925.90..73925.90 rows=1786680 width=4) (actual time=2152.266..2152.266 rows=1799906 loops=1)
        Buckets: 131072  Batches: 32  Memory Usage: 3007kB
        ->  Seq Scan on title t  (cost=0.00..73925.90 rows=1786680 width=4) (actual time=0.015..1567.653 rows=1799906 loops=1)
              Filter: ((kind_id > 1) AND (production_year > 1911))
              Rows Removed by Filter: 728406
Planning time: 0.798 ms
Execution time: 4667.160 ms
