Seq Scan on cast_info ci  (cost=0.00..705507.15 rows=2883935 width=0) (actual time=1838.513..10947.031 rows=2939529 loops=1)
  Filter: (person_id > 3512603)
  Rows Removed by Filter: 33304815
Planning time: 0.326 ms
Execution time: 11300.082 ms
