Hash Join  (cost=128331.06..254165.27 rows=361092 width=0) (actual time=3675.048..6340.475 rows=317421 loops=1)
  Hash Cond: (mk.movie_id = t.id)
  ->  Seq Scan on movie_keyword mk  (cost=0.00..81003.12 rows=3476044 width=4) (actual time=0.021..1850.999 rows=3471074 loops=1)
        Filter: (keyword_id > 1047)
        Rows Removed by Filter: 1052856
  ->  Hash  (cost=124020.76..124020.76 rows=262664 width=8) (actual time=2686.083..2686.083 rows=115854 loops=1)
        Buckets: 131072  Batches: 4  Memory Usage: 2155kB
        ->  Hash Join  (cost=81821.64..124020.76 rows=262664 width=8) (actual time=1704.258..2649.208 rows=115854 loops=1)
              Hash Cond: (mi_idx.movie_id = t.id)
              ->  Seq Scan on movie_info_idx mi_idx  (cost=0.00..21735.35 rows=1380035 width=4) (actual time=0.021..444.531 rows=1380035 loops=1)
              ->  Hash  (cost=73925.90..73925.90 rows=481259 width=4) (actual time=1506.804..1506.804 rows=518327 loops=1)
                    Buckets: 131072  Batches: 8  Memory Usage: 3301kB
                    ->  Seq Scan on title t  (cost=0.00..73925.90 rows=481259 width=4) (actual time=0.013..1344.887 rows=518327 loops=1)
                          Filter: ((production_year > 2007) AND (kind_id = 7))
                          Rows Removed by Filter: 2009985
Planning time: 1.128 ms
Execution time: 6380.486 ms
