Hash Join  (cost=208332.58..344030.30 rows=1609755 width=0) (actual time=4933.062..10459.775 rows=10235971 loops=1)
  Hash Cond: (mk.movie_id = t.id)
  ->  Seq Scan on movie_keyword mk  (cost=0.00..81003.12 rows=2856545 width=4) (actual time=0.023..1711.202 rows=2845358 loops=1)
        Filter: (keyword_id < 8666)
        Rows Removed by Filter: 1678572
  ->  Hash  (cost=184954.26..184954.26 rows=1424906 width=8) (actual time=4932.206..4932.206 rows=1170186 loops=1)
        Buckets: 131072  Batches: 32  Memory Usage: 2498kB
        ->  Hash Join  (cost=90260.67..184954.26 rows=1424906 width=8) (actual time=1727.385..4580.555 rows=1170186 loops=1)
              Hash Cond: (mc.movie_id = t.id)
              ->  Seq Scan on movie_companies mc  (cost=0.00..44881.29 rows=2609129 width=4) (actual time=0.023..916.927 rows=2609129 loops=1)
              ->  Hash  (cost=67604.59..67604.59 rows=1380887 width=4) (actual time=1726.225..1726.225 rows=1381453 loops=1)
                    Buckets: 131072  Batches: 32  Memory Usage: 2543kB
                    ->  Seq Scan on title t  (cost=0.00..67604.59 rows=1380887 width=4) (actual time=0.021..1282.965 rows=1381453 loops=1)
                          Filter: (production_year > 2000)
                          Rows Removed by Filter: 1146859
Planning time: 1.107 ms
Execution time: 11585.447 ms
