Hash Join  (cost=75199.97..174331.16 rows=46088 width=0) (actual time=1291.377..3057.368 rows=13464 loops=1)
  Hash Cond: (mk.movie_id = t.id)
  ->  Seq Scan on movie_keyword mk  (cost=0.00..81003.12 rows=1501649 width=4) (actual time=0.024..1409.306 rows=1510686 loops=1)
        Filter: (keyword_id < 2188)
        Rows Removed by Filter: 3013244
  ->  Hash  (cost=73925.90..73925.90 rows=77605 width=4) (actual time=1153.457..1153.457 rows=84684 loops=1)
        Buckets: 131072  Batches: 2  Memory Usage: 2518kB
        ->  Seq Scan on title t  (cost=0.00..73925.90 rows=77605 width=4) (actual time=0.016..1114.412 rows=84684 loops=1)
              Filter: ((kind_id = 7) AND (production_year = 2009))
              Rows Removed by Filter: 2443628
Planning time: 0.719 ms
Execution time: 3059.278 ms
