Seq Scan on movie_keyword mk  (cost=0.00..81003.12 rows=246 width=0) (actual time=0.197..1250.968 rows=1768 loops=1)
  Filter: (keyword_id = 16141)
  Rows Removed by Filter: 4522162
Planning time: 0.399 ms
Execution time: 1251.623 ms
