Hash Join  (cost=76718.65..154189.64 rows=175646 width=0) (actual time=1256.020..3459.523 rows=639513 loops=1)
  Hash Cond: (mc.movie_id = t.id)
  ->  Seq Scan on movie_companies mc  (cost=0.00..44881.29 rows=2609129 width=4) (actual time=0.017..881.459 rows=2609129 loops=1)
  ->  Hash  (cost=73925.90..73925.90 rows=170220 width=4) (actual time=1255.194..1255.194 rows=305766 loops=1)
        Buckets: 131072  Batches: 4  Memory Usage: 3713kB
        ->  Seq Scan on title t  (cost=0.00..73925.90 rows=170220 width=4) (actual time=181.667..1154.288 rows=305766 loops=1)
              Filter: ((production_year < 1988) AND (kind_id = 1))
              Rows Removed by Filter: 2222546
Planning time: 0.910 ms
Execution time: 3540.175 ms
