Seq Scan on cast_info ci  (cost=0.00..705507.15 rows=2805973 width=0) (actual time=364.288..11311.189 rows=2766519 loops=1)
  Filter: (person_id < 265761)
  Rows Removed by Filter: 33477825
Planning time: 0.324 ms
Execution time: 11657.740 ms
