Seq Scan on cast_info ci  (cost=0.00..796071.18 rows=276 width=0) (actual time=10246.326..14294.159 rows=768 loops=1)
  Filter: ((role_id < 3) AND (person_id = 261380))
  Rows Removed by Filter: 36243576
Planning time: 0.404 ms
Execution time: 14294.324 ms
