Hash Join  (cost=917946.07..1044919.03 rows=407992 width=0) (actual time=15663.533..18622.024 rows=831473 loops=1)
  Hash Cond: (mk.movie_id = t.id)
  ->  Seq Scan on movie_keyword mk  (cost=0.00..69693.30 rows=4523930 width=4) (actual time=0.016..1326.469 rows=4523930 loops=1)
  ->  Hash  (cost=914204.62..914204.62 rows=228036 width=8) (actual time=15662.223..15662.223 rows=80069 loops=1)
        Buckets: 131072  Batches: 4  Memory Usage: 1811kB
        ->  Hash Join  (cost=102767.86..914204.62 rows=228036 width=8) (actual time=4993.325..15638.499 rows=80069 loops=1)
              Hash Cond: (ci.movie_id = t.id)
              ->  Seq Scan on cast_info ci  (cost=0.00..796071.18 rows=228036 width=4) (actual time=3084.846..13325.259 rows=80069 loops=1)
                    Filter: ((person_id < 2405283) AND (role_id > 10))
                    Rows Removed by Filter: 36164275
              ->  Hash  (cost=61283.27..61283.27 rows=2528527 width=4) (actual time=1907.149..1907.149 rows=2528312 loops=1)
                    Buckets: 131072  Batches: 64  Memory Usage: 2415kB
                    ->  Seq Scan on title t  (cost=0.00..61283.27 rows=2528527 width=4) (actual time=0.017..1100.708 rows=2528312 loops=1)
Planning time: 0.756 ms
Execution time: 18702.103 ms
