Seq Scan on movie_companies mc  (cost=0.00..57926.93 rows=1817 width=0) (actual time=89.560..925.098 rows=1269 loops=1)
  Filter: ((company_type_id > 1) AND (company_id = 1310))
  Rows Removed by Filter: 2607860
Planning time: 0.262 ms
Execution time: 925.477 ms
