Hash Join  (cost=78988.28..863068.89 rows=738472 width=0) (actual time=2376.713..17574.260 rows=650366 loops=1)
  Hash Cond: (ci.movie_id = t.id)
  ->  Seq Scan on cast_info ci  (cost=0.00..705507.15 rows=6052464 width=4) (actual time=616.706..12861.661 rows=5952172 loops=1)
        Filter: (person_id < 576644)
        Rows Removed by Filter: 30292172
  ->  Hash  (cost=73925.90..73925.90 rows=308510 width=4) (actual time=1757.315..1757.315 rows=266599 loops=1)
        Buckets: 131072  Batches: 8  Memory Usage: 2191kB
        ->  Seq Scan on title t  (cost=0.00..73925.90 rows=308510 width=4) (actual time=0.107..1372.642 rows=266599 loops=1)
              Filter: ((kind_id < 7) AND (production_year > 2007))
              Rows Removed by Filter: 2261713
Planning time: 0.861 ms
Execution time: 17660.746 ms
