Seq Scan on movie_companies mc  (cost=0.00..51404.11 rows=3392 width=0) (actual time=0.623..856.794 rows=3417 loops=1)
  Filter: (company_id = 483)
  Rows Removed by Filter: 2605712
Planning time: 0.407 ms
Execution time: 857.529 ms
