Hash Join  (cost=236587.73..1426542.88 rows=15200698 width=0) (actual time=4961.645..46961.587 rows=51463157 loops=1)
  Hash Cond: (ci.movie_id = t.id)
  ->  Seq Scan on cast_info ci  (cost=0.00..614943.12 rows=36225612 width=4) (actual time=0.024..13650.003 rows=36244344 loops=1)
  ->  Hash  (cost=219180.23..219180.23 rows=1061000 width=8) (actual time=4960.521..4960.521 rows=1069741 loops=1)
        Buckets: 131072  Batches: 16  Memory Usage: 3696kB
        ->  Hash Join  (cost=102767.86..219180.23 rows=1061000 width=8) (actual time=2020.875..4649.163 rows=1069741 loops=1)
              Hash Cond: (mk.movie_id = t.id)
              ->  Seq Scan on movie_keyword mk  (cost=0.00..81003.12 rows=1061000 width=4) (actual time=0.023..1404.580 rows=1069741 loops=1)
                    Filter: (keyword_id > 16493)
                    Rows Removed by Filter: 3454189
              ->  Hash  (cost=61283.27..61283.27 rows=2528527 width=4) (actual time=2019.141..2019.141 rows=2528312 loops=1)
                    Buckets: 131072  Batches: 64  Memory Usage: 2425kB
                    ->  Seq Scan on title t  (cost=0.00..61283.27 rows=2528527 width=4) (actual time=0.014..1171.717 rows=2528312 loops=1)
Planning time: 1.112 ms
Execution time: 52267.369 ms
