Hash Join  (cost=102767.86..201408.94 rows=322459 width=0) (actual time=1807.322..3754.579 rows=340576 loops=1)
  Hash Cond: (mk.movie_id = t.id)
  ->  Seq Scan on movie_keyword mk  (cost=0.00..81003.12 rows=322459 width=4) (actual time=0.021..1286.722 rows=340576 loops=1)
        Filter: (keyword_id < 283)
        Rows Removed by Filter: 4183354
  ->  Hash  (cost=61283.27..61283.27 rows=2528527 width=4) (actual time=1805.478..1805.478 rows=2528312 loops=1)
        Buckets: 131072  Batches: 64  Memory Usage: 2425kB
        ->  Seq Scan on title t  (cost=0.00..61283.27 rows=2528527 width=4) (actual time=0.025..985.840 rows=2528312 loops=1)
Planning time: 0.660 ms
Execution time: 3795.900 ms
