Seq Scan on cast_info ci  (cost=0.00..796071.18 rows=154742 width=0) (actual time=5559.608..11681.427 rows=268124 loops=1)
  Filter: ((person_id > 4014148) AND (role_id > 1))
  Rows Removed by Filter: 35976220
Planning time: 0.326 ms
Execution time: 11710.957 ms
