Hash Join  (cost=89629.57..628969.39 rows=5579489 width=0) (actual time=1572.992..17995.021 rows=10780487 loops=1)
  Hash Cond: (mi.movie_id = t.id)
  ->  Seq Scan on movie_info mi  (cost=0.00..309384.22 rows=14739122 width=4) (actual time=0.005..5795.874 rows=14835720 loops=1)
  ->  Hash  (cost=73925.90..73925.90 rows=957173 width=4) (actual time=1572.060..1572.060 rows=970091 loops=1)
        Buckets: 131072  Batches: 16  Memory Usage: 3164kB
        ->  Seq Scan on title t  (cost=0.00..73925.90 rows=957173 width=4) (actual time=0.026..1264.071 rows=970091 loops=1)
              Filter: ((kind_id < 7) AND (production_year > 1900))
              Rows Removed by Filter: 1558221
Planning time: 0.773 ms
Execution time: 19204.565 ms
