Seq Scan on cast_info ci  (cost=0.00..705507.15 rows=35180303 width=0) (actual time=0.012..13956.439 rows=35169382 loops=1)
  Filter: (person_id < 3854102)
  Rows Removed by Filter: 1074962
Planning time: 0.262 ms
Execution time: 18337.279 ms
