Hash Join  (cost=101898.59..188975.19 rows=41857 width=0) (actual time=1869.590..3494.445 rows=101049 loops=1)
  Hash Cond: (mk.movie_id = t.id)
  ->  Seq Scan on movie_keyword mk  (cost=0.00..69693.30 rows=4523930 width=4) (actual time=0.018..819.495 rows=4523930 loops=1)
  ->  Hash  (cost=101606.15..101606.15 rows=23395 width=8) (actual time=1868.658..1868.658 rows=24093 loops=1)
        Buckets: 32768  Batches: 1  Memory Usage: 1198kB
        ->  Hash Join  (cost=74461.72..101606.15 rows=23395 width=8) (actual time=1217.292..1860.526 rows=24093 loops=1)
              Hash Cond: (mi_idx.movie_id = t.id)
              ->  Seq Scan on movie_info_idx mi_idx  (cost=0.00..21735.35 rows=1380035 width=4) (actual time=0.018..303.225 rows=1380035 loops=1)
              ->  Hash  (cost=73925.90..73925.90 rows=42865 width=4) (actual time=1216.660..1216.660 rows=49850 loops=1)
                    Buckets: 65536  Batches: 1  Memory Usage: 2265kB
                    ->  Seq Scan on title t  (cost=0.00..73925.90 rows=42865 width=4) (actual time=0.032..1195.869 rows=49850 loops=1)
                          Filter: ((kind_id > 1) AND (production_year = 2001))
                          Rows Removed by Filter: 2478462
Planning time: 1.123 ms
Execution time: 3505.893 ms
