Hash Join  (cost=290390.55..1718987.75 rows=34023501 width=0) (actual time=6729.149..71881.803 rows=130591147 loops=1)
  Hash Cond: (ci.movie_id = t.id)
  ->  Seq Scan on cast_info ci  (cost=0.00..614943.12 rows=36225612 width=4) (actual time=0.015..13853.482 rows=36244344 loops=1)
  ->  Hash  (cost=251428.29..251428.29 rows=2374821 width=8) (actual time=6727.905..6727.905 rows=2777440 loops=1)
        Buckets: 131072 (originally 131072)  Batches: 64 (originally 32)  Memory Usage: 3073kB
        ->  Hash Join  (cost=99161.12..251428.29 rows=2374821 width=8) (actual time=1934.499..6002.581 rows=2777440 loops=1)
              Hash Cond: (mk.movie_id = t.id)
              ->  Seq Scan on movie_keyword mk  (cost=0.00..81003.12 rows=3121966 width=4) (actual time=0.026..1718.865 rows=3107947 loops=1)
                    Filter: (keyword_id < 11797)
                    Rows Removed by Filter: 1415983
              ->  Hash  (cost=67604.59..67604.59 rows=1923403 width=4) (actual time=1932.608..1932.608 rows=1922849 loops=1)
                    Buckets: 131072  Batches: 32  Memory Usage: 3141kB
                    ->  Seq Scan on title t  (cost=0.00..67604.59 rows=1923403 width=4) (actual time=0.034..1318.215 rows=1922849 loops=1)
                          Filter: (production_year < 2010)
                          Rows Removed by Filter: 605463
Planning time: 1.096 ms
Execution time: 86493.572 ms
