Seq Scan on movie_keyword mk  (cost=0.00..81003.12 rows=2100767 width=0) (actual time=0.016..1510.798 rows=2109538 loops=1)
  Filter: (keyword_id < 3818)
  Rows Removed by Filter: 2414392
Planning time: 0.314 ms
Execution time: 1772.265 ms
