Hash Join  (cost=135855.51..639354.17 rows=2220471 width=0) (actual time=2485.903..15393.796 rows=2063637 loops=1)
  Hash Cond: (mi.movie_id = t.id)
  ->  Seq Scan on movie_info mi  (cost=0.00..309384.22 rows=14739122 width=4) (actual time=0.017..6276.587 rows=14835720 loops=1)
  ->  Hash  (cost=129605.92..129605.92 rows=380927 width=8) (actual time=2482.467..2482.467 rows=218586 loops=1)
        Buckets: 131072  Batches: 8  Memory Usage: 2106kB
        ->  Hash Join  (cost=85377.17..129605.92 rows=380927 width=8) (actual time=1192.369..2415.009 rows=218586 loops=1)
              Hash Cond: (mi_idx.movie_id = t.id)
              ->  Seq Scan on movie_info_idx mi_idx  (cost=0.00..21735.35 rows=1380035 width=4) (actual time=0.015..451.572 rows=1380035 loops=1)
              ->  Hash  (cost=73925.90..73925.90 rows=697941 width=4) (actual time=1190.200..1190.200 rows=604056 loops=1)
                    Buckets: 131072  Batches: 16  Memory Usage: 2349kB
                    ->  Seq Scan on title t  (cost=0.00..73925.90 rows=697941 width=4) (actual time=0.006..1018.025 rows=604056 loops=1)
                          Filter: ((kind_id > 4) AND (production_year < 2002))
                          Rows Removed by Filter: 1924256
Planning time: 1.163 ms
Execution time: 15617.671 ms
