Hash Join  (cost=251255.71..1293748.92 rows=7886943 width=0) (actual time=6419.731..37506.632 rows=28014552 loops=1)
  Hash Cond: (ci.movie_id = t.id)
  ->  Seq Scan on cast_info ci  (cost=0.00..796071.18 rows=14010027 width=4) (actual time=0.028..16180.081 rows=14800059 loops=1)
        Filter: ((person_id > 464221) AND (role_id > 2))
        Rows Removed by Filter: 21444285
  ->  Hash  (cost=227901.79..227901.79 rows=1423434 width=8) (actual time=6418.360..6418.360 rows=1438169 loops=1)
        Buckets: 131072  Batches: 32  Memory Usage: 2769kB
        ->  Hash Join  (cost=102767.86..227901.79 rows=1423434 width=8) (actual time=1881.752..6002.205 rows=1438169 loops=1)
              Hash Cond: (mk.movie_id = t.id)
              ->  Seq Scan on movie_keyword mk  (cost=0.00..81003.12 rows=1423434 width=4) (actual time=0.050..1445.824 rows=1438169 loops=1)
                    Filter: (keyword_id < 2003)
                    Rows Removed by Filter: 3085761
              ->  Hash  (cost=61283.27..61283.27 rows=2528527 width=4) (actual time=1879.482..1879.482 rows=2528312 loops=1)
                    Buckets: 131072  Batches: 64  Memory Usage: 2425kB
                    ->  Seq Scan on title t  (cost=0.00..61283.27 rows=2528527 width=4) (actual time=0.026..1030.913 rows=2528312 loops=1)
Planning time: 1.154 ms
Execution time: 40639.126 ms
