Hash Join  (cost=76444.38..166281.45 rows=41069 width=0) (actual time=1219.172..2856.365 rows=30344 loops=1)
  Hash Cond: (mk.movie_id = t.id)
  ->  Seq Scan on movie_keyword mk  (cost=0.00..81003.12 rows=676602 width=4) (actual time=0.017..1333.477 rows=674918 loops=1)
        Filter: (keyword_id < 545)
        Rows Removed by Filter: 3849012
  ->  Hash  (cost=73925.90..73925.90 rows=153478 width=4) (actual time=1218.132..1218.132 rows=134760 loops=1)
        Buckets: 131072  Batches: 4  Memory Usage: 2222kB
        ->  Seq Scan on title t  (cost=0.00..73925.90 rows=153478 width=4) (actual time=0.091..1169.608 rows=134760 loops=1)
              Filter: ((kind_id < 7) AND (production_year > 2010))
              Rows Removed by Filter: 2393552
Planning time: 0.766 ms
Execution time: 2860.970 ms
