Hash Join  (cost=83580.70..208315.89 rows=997602 width=0) (actual time=1383.372..4747.805 rows=1328698 loops=1)
  Hash Cond: (mk.movie_id = t.id)
  ->  Seq Scan on movie_keyword mk  (cost=0.00..81003.12 rows=2590412 width=4) (actual time=0.018..1717.547 rows=2575618 loops=1)
        Filter: (keyword_id > 3371)
        Rows Removed by Filter: 1948312
  ->  Hash  (cost=67604.59..67604.59 rows=973769 width=4) (actual time=1382.614..1382.614 rows=971188 loops=1)
        Buckets: 131072  Batches: 16  Memory Usage: 3168kB
        ->  Seq Scan on title t  (cost=0.00..67604.59 rows=973769 width=4) (actual time=0.008..1074.510 rows=971188 loops=1)
              Filter: (production_year < 1999)
              Rows Removed by Filter: 1557124
Planning time: 0.480 ms
Execution time: 4909.068 ms
