Seq Scan on cast_info ci  (cost=0.00..705507.15 rows=10877419 width=0) (actual time=1446.004..11580.790 rows=10759557 loops=1)
  Filter: (person_id < 1055959)
  Rows Removed by Filter: 25484787
Planning time: 0.364 ms
Execution time: 12894.762 ms
