Hash Join  (cost=101418.87..913609.39 rows=11083 width=0) (actual time=1627.055..16611.904 rows=55507 loops=1)
  Hash Cond: (ci.movie_id = t.id)
  ->  Seq Scan on cast_info ci  (cost=0.00..796071.18 rows=4268937 width=4) (actual time=0.019..13682.128 rows=7449313 loops=1)
        Filter: ((person_id > 1473504) AND (role_id = 2))
        Rows Removed by Filter: 28795031
  ->  Hash  (cost=101336.82..101336.82 rows=6564 width=8) (actual time=1626.843..1626.843 rows=8188 loops=1)
        Buckets: 8192  Batches: 1  Memory Usage: 384kB
        ->  Hash Join  (cost=74382.78..101336.82 rows=6564 width=8) (actual time=1176.680..1623.235 rows=8188 loops=1)
              Hash Cond: (mi_idx.movie_id = t.id)
              ->  Seq Scan on movie_info_idx mi_idx  (cost=0.00..25185.44 rows=454124 width=4) (actual time=0.019..452.024 rows=459925 loops=1)
                    Filter: (info_type_id = 100)
                    Rows Removed by Filter: 920110
              ->  Hash  (cost=73925.90..73925.90 rows=36550 width=4) (actual time=1048.273..1048.273 rows=22961 loops=1)
                    Buckets: 65536  Batches: 1  Memory Usage: 1320kB
                    ->  Seq Scan on title t  (cost=0.00..73925.90 rows=36550 width=4) (actual time=31.799..1039.423 rows=22961 loops=1)
                          Filter: ((production_year > 2006) AND (kind_id = 3))
                          Rows Removed by Filter: 2505351
Planning time: 0.780 ms
Execution time: 16620.870 ms
