Seq Scan on movie_keyword mk  (cost=0.00..81003.12 rows=1514284 width=0) (actual time=0.019..1305.616 rows=1527484 loops=1)
  Filter: (keyword_id < 2217)
  Rows Removed by Filter: 2996446
Planning time: 0.328 ms
Execution time: 1494.972 ms
