Seq Scan on movie_companies mc  (cost=0.00..57926.93 rows=611321 width=0) (actual time=0.022..1140.151 rows=884437 loops=1)
  Filter: ((company_id > 12187) AND (company_type_id = 2))
  Rows Removed by Filter: 1724692
Planning time: 16.780 ms
Execution time: 1251.135 ms
