Seq Scan on movie_companies mc  (cost=0.00..57926.93 rows=976800 width=0) (actual time=43.894..1061.504 rows=831612 loops=1)
  Filter: ((company_id > 741) AND (company_type_id < 2))
  Rows Removed by Filter: 1777517
Planning time: 0.378 ms
Execution time: 1163.091 ms
