Seq Scan on movie_keyword mk  (cost=0.00..81003.12 rows=951447 width=0) (actual time=0.019..1264.558 rows=953819 loops=1)
  Filter: (keyword_id < 890)
  Rows Removed by Filter: 3570111
Planning time: 0.368 ms
Execution time: 1390.549 ms
