Hash Join  (cost=81319.76..157541.98 rows=220809 width=0) (actual time=2130.439..3296.660 rows=319335 loops=1)
  Hash Cond: (mc.movie_id = t.id)
  ->  Seq Scan on movie_companies mc  (cost=0.00..57926.93 rows=1238988 width=4) (actual time=350.834..1212.516 rows=1296621 loops=1)
        Filter: ((company_id > 34) AND (company_type_id = 2))
        Rows Removed by Filter: 1312508
  ->  Hash  (cost=73925.90..73925.90 rows=450628 width=4) (actual time=1379.043..1379.043 rows=325089 loops=1)
        Buckets: 131072  Batches: 8  Memory Usage: 2458kB
        ->  Seq Scan on title t  (cost=0.00..73925.90 rows=450628 width=4) (actual time=463.448..1270.149 rows=325089 loops=1)
              Filter: ((production_year > 1992) AND (kind_id = 1))
              Rows Removed by Filter: 2203223
Planning time: 0.551 ms
Execution time: 3334.329 ms
