Hash Join  (cost=96375.19..461188.03 rows=15689 width=0) (actual time=1825.465..9188.471 rows=165344 loops=1)
  Hash Cond: (mi.movie_id = t.id)
  ->  Seq Scan on movie_info mi  (cost=0.00..309384.22 rows=14739122 width=4) (actual time=0.016..4146.514 rows=14835720 loops=1)
  ->  Hash  (cost=96341.54..96341.54 rows=2692 width=8) (actual time=1825.390..1825.390 rows=11354 loops=1)
        Buckets: 16384 (originally 4096)  Batches: 1 (originally 1)  Memory Usage: 572kB
        ->  Hash Join  (cost=67697.55..96341.54 rows=2692 width=8) (actual time=1069.430..1820.617 rows=11354 loops=1)
              Hash Cond: (mi_idx.movie_id = t.id)
              ->  Seq Scan on movie_info_idx mi_idx  (cost=0.00..25185.44 rows=915101 width=4) (actual time=0.018..555.232 rows=919850 loops=1)
                    Filter: (info_type_id < 101)
                    Rows Removed by Filter: 460185
              ->  Hash  (cost=67604.59..67604.59 rows=7437 width=4) (actual time=1069.249..1069.249 rows=21312 loops=1)
                    Buckets: 32768 (originally 8192)  Batches: 1 (originally 1)  Memory Usage: 1006kB
                    ->  Seq Scan on title t  (cost=0.00..67604.59 rows=7437 width=4) (actual time=0.057..1052.285 rows=21312 loops=1)
                          Filter: (production_year = 1989)
                          Rows Removed by Filter: 2507000
Planning time: 1.134 ms
Execution time: 9214.664 ms
