Hash Join  (cost=156487.41..1037673.28 rows=2368187 width=0) (actual time=3969.442..25472.614 rows=5073985 loops=1)
  Hash Cond: (ci.movie_id = t.id)
  ->  Seq Scan on cast_info ci  (cost=0.00..705507.15 rows=12989825 width=4) (actual time=305.719..13782.265 rows=12945033 loops=1)
        Filter: (person_id < 1279048)
        Rows Removed by Filter: 23299311
  ->  Hash  (cost=148924.19..148924.19 rows=460978 width=8) (actual time=3662.829..3662.829 rows=459925 loops=1)
        Buckets: 131072  Batches: 8  Memory Usage: 3275kB
        ->  Hash Join  (cost=102767.86..148924.19 rows=460978 width=8) (actual time=2258.559..3525.076 rows=459925 loops=1)
              Hash Cond: (mi_idx.movie_id = t.id)
              ->  Seq Scan on movie_info_idx mi_idx  (cost=0.00..25185.44 rows=460978 width=4) (actual time=0.015..485.841 rows=459925 loops=1)
                    Filter: (info_type_id = 99)
                    Rows Removed by Filter: 920110
              ->  Hash  (cost=61283.27..61283.27 rows=2528527 width=4) (actual time=2257.569..2257.569 rows=2528312 loops=1)
                    Buckets: 131072  Batches: 64  Memory Usage: 2415kB
                    ->  Seq Scan on title t  (cost=0.00..61283.27 rows=2528527 width=4) (actual time=0.024..1183.402 rows=2528312 loops=1)
Planning time: 1.298 ms
Execution time: 26098.870 ms
