Hash Join  (cost=100972.04..187683.54 rows=5346 width=0) (actual time=1792.009..3480.040 rows=14055 loops=1)
  Hash Cond: (mk.movie_id = t.id)
  ->  Seq Scan on movie_keyword mk  (cost=0.00..69693.30 rows=4523930 width=4) (actual time=0.016..909.074 rows=4523930 loops=1)
  ->  Hash  (cost=100934.69..100934.69 rows=2988 width=8) (actual time=1781.024..1781.024 rows=3942 loops=1)
        Buckets: 4096  Batches: 1  Memory Usage: 186kB
        ->  Hash Join  (cost=73994.33..100934.69 rows=2988 width=8) (actual time=1182.712..1779.417 rows=3942 loops=1)
              Hash Cond: (mi_idx.movie_id = t.id)
              ->  Seq Scan on movie_info_idx mi_idx  (cost=0.00..21735.35 rows=1380035 width=4) (actual time=0.017..318.097 rows=1380035 loops=1)
              ->  Hash  (cost=73925.90..73925.90 rows=5474 width=4) (actual time=1182.532..1182.532 rows=9371 loops=1)
                    Buckets: 16384 (originally 8192)  Batches: 1 (originally 1)  Memory Usage: 458kB
                    ->  Seq Scan on title t  (cost=0.00..73925.90 rows=5474 width=4) (actual time=0.128..1177.538 rows=9371 loops=1)
                          Filter: ((kind_id > 1) AND (production_year = 1972))
                          Rows Removed by Filter: 2518941
Planning time: 1.126 ms
Execution time: 3482.102 ms
