Hash Join  (cost=205270.43..951928.45 rows=448669 width=0) (actual time=13424.300..18971.571 rows=288053 loops=1)
  Hash Cond: (ci.movie_id = t.id)
  ->  Seq Scan on cast_info ci  (cost=0.00..705507.15 rows=2735034 width=4) (actual time=8801.363..13100.349 rows=2728943 loops=1)
        Filter: (role_id = 4)
        Rows Removed by Filter: 33515401
  ->  Hash  (cost=198464.52..198464.52 rows=414793 width=8) (actual time=4621.902..4621.902 rows=151801 loops=1)
        Buckets: 131072  Batches: 8  Memory Usage: 1716kB
        ->  Hash Join  (cost=71408.55..198464.52 rows=414793 width=8) (actual time=1327.520..4567.596 rows=151801 loops=1)
              Hash Cond: (mk.movie_id = t.id)
              ->  Seq Scan on movie_keyword mk  (cost=0.00..69693.30 rows=4523930 width=4) (actual time=0.014..1458.795 rows=4523930 loops=1)
              ->  Hash  (cost=67604.59..67604.59 rows=231837 width=4) (actual time=1326.651..1326.651 rows=231649 loops=1)
                    Buckets: 131072  Batches: 4  Memory Usage: 3082kB
                    ->  Seq Scan on title t  (cost=0.00..67604.59 rows=231837 width=4) (actual time=0.015..1077.531 rows=231649 loops=1)
                          Filter: (production_year > 2011)
                          Rows Removed by Filter: 2296663
Planning time: 1.147 ms
Execution time: 19008.654 ms
