Hash Join  (cost=102767.86..185553.17 rows=622546 width=0) (actual time=2056.944..4104.531 rows=889887 loops=1)
  Hash Cond: (mc.movie_id = t.id)
  ->  Seq Scan on movie_companies mc  (cost=0.00..57926.93 rows=622546 width=4) (actual time=136.049..1042.543 rows=889887 loops=1)
        Filter: ((company_id > 11856) AND (company_type_id > 1))
        Rows Removed by Filter: 1719242
  ->  Hash  (cost=61283.27..61283.27 rows=2528527 width=4) (actual time=1919.617..1919.617 rows=2528312 loops=1)
        Buckets: 131072  Batches: 64  Memory Usage: 2415kB
        ->  Seq Scan on title t  (cost=0.00..61283.27 rows=2528527 width=4) (actual time=0.038..1058.153 rows=2528312 loops=1)
Planning time: 0.986 ms
Execution time: 4215.554 ms
