Hash Join  (cost=118714.24..195842.78 rows=86909 width=0) (actual time=2271.641..4503.367 rows=637042 loops=1)
  Hash Cond: (mc.movie_id = t.id)
  ->  Seq Scan on movie_companies mc  (cost=0.00..51404.11 rows=2114489 width=4) (actual time=0.019..1109.105 rows=2112319 loops=1)
        Filter: (company_id < 74363)
        Rows Removed by Filter: 496810
  ->  Hash  (cost=117009.15..117009.15 rows=103927 width=8) (actual time=2270.889..2270.889 rows=226535 loops=1)
        Buckets: 131072 (originally 131072)  Batches: 4 (originally 2)  Memory Usage: 3242kB
        ->  Hash Join  (cost=83198.94..117009.15 rows=103927 width=8) (actual time=1309.040..2195.585 rows=226535 loops=1)
              Hash Cond: (mi_idx.movie_id = t.id)
              ->  Seq Scan on movie_info_idx mi_idx  (cost=0.00..25185.44 rows=464934 width=4) (actual time=0.015..448.321 rows=460185 loops=1)
                    Filter: (info_type_id > 100)
                    Rows Removed by Filter: 919850
              ->  Hash  (cost=73925.90..73925.90 rows=565203 width=4) (actual time=1308.149..1308.149 rows=641785 loops=1)
                    Buckets: 131072  Batches: 8  Memory Usage: 3862kB
                    ->  Seq Scan on title t  (cost=0.00..73925.90 rows=565203 width=4) (actual time=0.021..1111.618 rows=641785 loops=1)
                          Filter: ((kind_id < 7) AND (production_year < 2006))
                          Rows Removed by Filter: 1886527
Planning time: 3.042 ms
Execution time: 4581.708 ms
