Hash Join  (cost=220768.79..266088.20 rows=444493 width=0) (actual time=4797.530..6529.054 rows=1526034 loops=1)
  Hash Cond: (mi_idx.movie_id = t.id)
  ->  Seq Scan on movie_info_idx mi_idx  (cost=0.00..21735.35 rows=1380035 width=4) (actual time=0.011..473.590 rows=1380035 loops=1)
  ->  Hash  (cost=207406.68..207406.68 rows=814409 width=8) (actual time=4796.715..4796.715 rows=717509 loops=1)
        Buckets: 131072  Batches: 16  Memory Usage: 2803kB
        ->  Hash Join  (cost=96356.06..207406.68 rows=814409 width=8) (actual time=1938.637..4580.742 rows=717509 loops=1)
              Hash Cond: (mk.movie_id = t.id)
              ->  Seq Scan on movie_keyword mk  (cost=0.00..81003.12 rows=1175080 width=4) (actual time=0.018..1506.813 rows=1177959 loops=1)
                    Filter: (keyword_id < 1393)
                    Rows Removed by Filter: 3345971
              ->  Hash  (cost=67604.59..67604.59 rows=1752438 width=4) (actual time=1937.656..1937.656 rows=1749032 loops=1)
                    Buckets: 131072  Batches: 32  Memory Usage: 2958kB
                    ->  Seq Scan on title t  (cost=0.00..67604.59 rows=1752438 width=4) (actual time=0.020..1348.386 rows=1749032 loops=1)
                          Filter: (production_year > 1990)
                          Rows Removed by Filter: 779280
Planning time: 1.136 ms
Execution time: 6689.081 ms
