Seq Scan on cast_info ci  (cost=0.00..796071.18 rows=131 width=0) (actual time=11336.075..11990.409 rows=30 loops=1)
  Filter: ((role_id > 4) AND (person_id = 2726785))
  Rows Removed by Filter: 36244314
Planning time: 0.397 ms
Execution time: 11990.560 ms
