Nested Loop  (cost=0.43..83071.67 rows=246 width=0) (actual time=81.284..1035.109 rows=2 loops=1)
  ->  Seq Scan on movie_keyword mk  (cost=0.00..81003.12 rows=246 width=4) (actual time=81.196..1034.962 rows=2 loops=1)
        Filter: (keyword_id = 83567)
        Rows Removed by Filter: 4523928
  ->  Index Only Scan using title_pkey on title t  (cost=0.43..8.40 rows=1 width=4) (actual time=0.061..0.062 rows=1 loops=2)
        Index Cond: (id = mk.movie_id)
        Heap Fetches: 2
Planning time: 0.730 ms
Execution time: 1035.175 ms
