Seq Scan on cast_info ci  (cost=0.00..796071.18 rows=332 width=0) (actual time=2138.583..14071.333 rows=109 loops=1)
  Filter: ((role_id < 4) AND (person_id = 2896831))
  Rows Removed by Filter: 36244235
Planning time: 0.417 ms
Execution time: 14071.457 ms
