Nested Loop  (cost=0.43..58375.18 rows=53 width=0) (actual time=313.100..737.041 rows=3 loops=1)
  ->  Seq Scan on movie_companies mc  (cost=0.00..57926.93 rows=53 width=4) (actual time=313.012..736.827 rows=3 loops=1)
        Filter: ((company_id = 98626) AND (company_type_id = 2))
        Rows Removed by Filter: 2609126
  ->  Index Only Scan using title_pkey on title t  (cost=0.43..8.45 rows=1 width=4) (actual time=0.059..0.062 rows=1 loops=3)
        Index Cond: (id = mc.movie_id)
        Heap Fetches: 3
Planning time: 0.726 ms
Execution time: 737.129 ms
