Hash Join  (cost=102767.86..253612.52 rows=2491910 width=0) (actual time=1900.846..6432.761 rows=2487830 loops=1)
  Hash Cond: (mk.movie_id = t.id)
  ->  Seq Scan on movie_keyword mk  (cost=0.00..81003.12 rows=2491910 width=4) (actual time=0.026..1615.990 rows=2487830 loops=1)
        Filter: (keyword_id > 3636)
        Rows Removed by Filter: 2036100
  ->  Hash  (cost=61283.27..61283.27 rows=2528527 width=4) (actual time=1897.724..1897.724 rows=2528312 loops=1)
        Buckets: 131072  Batches: 64  Memory Usage: 2425kB
        ->  Seq Scan on title t  (cost=0.00..61283.27 rows=2528527 width=4) (actual time=0.022..1011.076 rows=2528312 loops=1)
Planning time: 11.700 ms
Execution time: 6734.305 ms
