Seq Scan on cast_info ci  (cost=0.00..705507.15 rows=500 width=0) (actual time=1886.498..10675.809 rows=1160 loops=1)
  Filter: (person_id = 1502694)
  Rows Removed by Filter: 36243184
Planning time: 0.371 ms
Execution time: 10676.085 ms
