Seq Scan on movie_companies mc  (cost=0.00..57926.93 rows=346498 width=0) (actual time=62.884..912.990 rows=655704 loops=1)
  Filter: ((company_id > 47783) AND (company_type_id = 2))
  Rows Removed by Filter: 1953425
Planning time: 0.465 ms
Execution time: 994.177 ms
