Hash Join  (cost=190230.21..286342.59 rows=1260713 width=0) (actual time=4105.889..7406.814 rows=3652815 loops=1)
  Hash Cond: (mc.movie_id = t.id)
  ->  Seq Scan on movie_companies mc  (cost=0.00..51404.11 rows=2309902 width=4) (actual time=0.029..1116.059 rows=2307008 loops=1)
        Filter: (company_id < 93911)
        Rows Removed by Filter: 302121
  ->  Hash  (cost=167588.78..167588.78 rows=1380035 width=8) (actual time=4105.071..4105.071 rows=1380035 loops=1)
        Buckets: 131072  Batches: 32  Memory Usage: 2708kB
        ->  Hash Join  (cost=102767.86..167588.78 rows=1380035 width=8) (actual time=1872.685..3732.440 rows=1380035 loops=1)
              Hash Cond: (mi_idx.movie_id = t.id)
              ->  Seq Scan on movie_info_idx mi_idx  (cost=0.00..21735.35 rows=1380035 width=4) (actual time=0.023..422.987 rows=1380035 loops=1)
              ->  Hash  (cost=61283.27..61283.27 rows=2528527 width=4) (actual time=1871.470..1871.470 rows=2528312 loops=1)
                    Buckets: 131072  Batches: 64  Memory Usage: 2415kB
                    ->  Seq Scan on title t  (cost=0.00..61283.27 rows=2528527 width=4) (actual time=0.016..1041.330 rows=2528312 loops=1)
Planning time: 1.251 ms
Execution time: 7812.113 ms
