Hash Join  (cost=174656.97..1301859.22 rows=9092009 width=0) (actual time=3742.881..38254.811 rows=18248072 loops=1)
  Hash Cond: (ci.movie_id = t.id)
  ->  Seq Scan on cast_info ci  (cost=0.00..614943.12 rows=36225612 width=4) (actual time=0.023..13329.653 rows=36244344 loops=1)
  ->  Hash  (cost=164245.25..164245.25 rows=634617 width=8) (actual time=3741.881..3741.881 rows=513945 loops=1)
        Buckets: 131072  Batches: 16  Memory Usage: 2261kB
        ->  Hash Join  (cost=82423.69..164245.25 rows=634617 width=8) (actual time=1476.729..3586.969 rows=513945 loops=1)
              Hash Cond: (mc.movie_id = t.id)
              ->  Seq Scan on movie_companies mc  (cost=0.00..51404.11 rows=1776609 width=4) (actual time=0.016..950.092 rows=1782150 loops=1)
                    Filter: (company_id > 2025)
                    Rows Removed by Filter: 826979
              ->  Hash  (cost=67604.59..67604.59 rows=903208 width=4) (actual time=1475.600..1475.600 rows=904491 loops=1)
                    Buckets: 131072  Batches: 16  Memory Usage: 3010kB
                    ->  Seq Scan on title t  (cost=0.00..67604.59 rows=903208 width=4) (actual time=0.016..1175.483 rows=904491 loops=1)
                          Filter: (production_year > 2006)
                          Rows Removed by Filter: 1623821
Planning time: 1.160 ms
Execution time: 40307.847 ms
