Seq Scan on cast_info ci  (cost=0.00..705507.15 rows=8800863 width=0) (actual time=5188.519..11353.160 rows=8807956 loops=1)
  Filter: (person_id > 2811042)
  Rows Removed by Filter: 27436388
Planning time: 0.280 ms
Execution time: 12422.911 ms
