Hash Join  (cost=215938.89..1175580.17 rows=4650131 width=0) (actual time=7830.992..25369.659 rows=6378509 loops=1)
  Hash Cond: (ci.movie_id = t.id)
  ->  Seq Scan on cast_info ci  (cost=0.00..796071.18 rows=9715944 width=4) (actual time=2755.619..12629.490 rows=7548458 loops=1)
        Filter: ((person_id > 2587772) AND (role_id < 10))
        Rows Removed by Filter: 28695886
  ->  Hash  (cost=196083.71..196083.71 rows=1210174 width=8) (actual time=5074.118..5074.118 rows=1252456 loops=1)
        Buckets: 131072 (originally 131072)  Batches: 32 (originally 16)  Memory Usage: 4064kB
        ->  Hash Join  (cost=106840.27..196083.71 rows=1210174 width=8) (actual time=2200.710..4688.163 rows=1252456 loops=1)
              Hash Cond: (mc.movie_id = t.id)
              ->  Seq Scan on movie_companies mc  (cost=0.00..51404.11 rows=1279517 width=4) (actual time=0.038..977.706 rows=1274246 loops=1)
                    Filter: (company_type_id = 1)
                    Rows Removed by Filter: 1334883
              ->  Hash  (cost=67604.59..67604.59 rows=2391495 width=4) (actual time=2199.757..2199.757 rows=2388876 loops=1)
                    Buckets: 131072  Batches: 32  Memory Usage: 3646kB
                    ->  Seq Scan on title t  (cost=0.00..67604.59 rows=2391495 width=4) (actual time=0.017..1438.483 rows=2388876 loops=1)
                          Filter: (production_year < 2013)
                          Rows Removed by Filter: 139436
Planning time: 1.259 ms
Execution time: 26057.615 ms
