Hash Join  (cost=156209.36..233595.42 rows=325455 width=0) (actual time=3413.668..6099.096 rows=982875 loops=1)
  Hash Cond: (mc.movie_id = t.id)
  ->  Seq Scan on movie_companies mc  (cost=0.00..51404.11 rows=1812106 width=4) (actual time=0.017..1090.238 rows=1805316 loops=1)
        Filter: (company_id < 30011)
        Rows Removed by Filter: 803813
  ->  Hash  (cost=148758.81..148758.81 rows=454124 width=8) (actual time=3412.972..3412.972 rows=459925 loops=1)
        Buckets: 131072  Batches: 8  Memory Usage: 3275kB
        ->  Hash Join  (cost=102767.86..148758.81 rows=454124 width=8) (actual time=1984.381..3273.169 rows=459925 loops=1)
              Hash Cond: (mi_idx.movie_id = t.id)
              ->  Seq Scan on movie_info_idx mi_idx  (cost=0.00..25185.44 rows=454124 width=4) (actual time=0.015..490.374 rows=459925 loops=1)
                    Filter: (info_type_id = 100)
                    Rows Removed by Filter: 920110
              ->  Hash  (cost=61283.27..61283.27 rows=2528527 width=4) (actual time=1983.145..1983.145 rows=2528312 loops=1)
                    Buckets: 131072  Batches: 64  Memory Usage: 2415kB
                    ->  Seq Scan on title t  (cost=0.00..61283.27 rows=2528527 width=4) (actual time=0.015..1139.351 rows=2528312 loops=1)
Planning time: 1.927 ms
Execution time: 6207.379 ms
