Hash Join  (cost=102767.86..278672.68 rows=3533397 width=0) (actual time=1938.603..6681.623 rows=3523066 loops=1)
  Hash Cond: (mk.movie_id = t.id)
  ->  Seq Scan on movie_keyword mk  (cost=0.00..81003.12 rows=3533397 width=4) (actual time=0.018..1858.648 rows=3523066 loops=1)
        Filter: (keyword_id < 18545)
        Rows Removed by Filter: 1000864
  ->  Hash  (cost=61283.27..61283.27 rows=2528527 width=4) (actual time=1937.656..1937.656 rows=2528312 loops=1)
        Buckets: 131072  Batches: 64  Memory Usage: 2425kB
        ->  Seq Scan on title t  (cost=0.00..61283.27 rows=2528527 width=4) (actual time=0.012..1105.079 rows=2528312 loops=1)
Planning time: 0.672 ms
Execution time: 7082.717 ms
