Seq Scan on movie_keyword mk  (cost=0.00..81003.12 rows=246 width=0) (actual time=4.141..1450.942 rows=2305 loops=1)
  Filter: (keyword_id = 835)
  Rows Removed by Filter: 4521625
Planning time: 0.278 ms
Execution time: 1451.718 ms
