Hash Join  (cost=130449.24..217158.77 rows=5149 width=0) (actual time=2322.014..4244.997 rows=7469 loops=1)
  Hash Cond: (mk.movie_id = t.id)
  ->  Seq Scan on movie_keyword mk  (cost=0.00..69693.30 rows=4523930 width=4) (actual time=0.016..1088.609 rows=4523930 loops=1)
  ->  Hash  (cost=130413.27..130413.27 rows=2878 width=8) (actual time=2309.821..2309.821 rows=4922 loops=1)
        Buckets: 8192 (originally 4096)  Batches: 1 (originally 1)  Memory Usage: 257kB
        ->  Hash Join  (cost=73994.33..130413.27 rows=2878 width=8) (actual time=1497.805..2307.634 rows=4922 loops=1)
              Hash Cond: (mc.movie_id = t.id)
              ->  Seq Scan on movie_companies mc  (cost=0.00..51404.11 rows=1329612 width=4) (actual time=333.907..904.793 rows=1334883 loops=1)
                    Filter: (company_type_id = 2)
                    Rows Removed by Filter: 1274246
              ->  Hash  (cost=73925.90..73925.90 rows=5474 width=4) (actual time=1163.673..1163.673 rows=9857 loops=1)
                    Buckets: 16384 (originally 8192)  Batches: 1 (originally 1)  Memory Usage: 475kB
                    ->  Seq Scan on title t  (cost=0.00..73925.90 rows=5474 width=4) (actual time=0.030..1158.578 rows=9857 loops=1)
                          Filter: ((kind_id > 1) AND (production_year = 1971))
                          Rows Removed by Filter: 2518455
Planning time: 1.182 ms
Execution time: 4246.357 ms
