Seq Scan on movie_keyword mk  (cost=0.00..81003.12 rows=246 width=0) (actual time=5.697..1253.849 rows=142 loops=1)
  Filter: (keyword_id = 20083)
  Rows Removed by Filter: 4523788
Planning time: 0.377 ms
Execution time: 1254.025 ms
