Hash Join  (cost=914249.05..1402557.16 rows=796819 width=0) (actual time=15461.241..29364.090 rows=2441091 loops=1)
  Hash Cond: (mi.movie_id = t.id)
  ->  Seq Scan on movie_info mi  (cost=0.00..309384.22 rows=14739122 width=4) (actual time=0.009..6380.950 rows=14835720 loops=1)
  ->  Hash  (cost=912006.35..912006.35 rows=136696 width=8) (actual time=15460.371..15460.371 rows=237521 loops=1)
        Buckets: 131072 (originally 131072)  Batches: 4 (originally 2)  Memory Usage: 3350kB
        ->  Hash Join  (cost=102767.86..912006.35 rows=136696 width=8) (actual time=14203.900..15379.555 rows=237521 loops=1)
              Hash Cond: (ci.movie_id = t.id)
              ->  Seq Scan on cast_info ci  (cost=0.00..796071.18 rows=136696 width=4) (actual time=12216.233..12789.591 rows=237521 loops=1)
                    Filter: ((person_id > 2232112) AND (role_id > 10))
                    Rows Removed by Filter: 36006823
              ->  Hash  (cost=61283.27..61283.27 rows=2528527 width=4) (actual time=1986.763..1986.763 rows=2528312 loops=1)
                    Buckets: 131072  Batches: 64  Memory Usage: 2415kB
                    ->  Seq Scan on title t  (cost=0.00..61283.27 rows=2528527 width=4) (actual time=0.018..1162.415 rows=2528312 loops=1)
Planning time: 7.704 ms
Execution time: 29670.897 ms
