Hash Join  (cost=125882.84..218674.22 rows=6461 width=0) (actual time=2342.915..4407.854 rows=62510 loops=1)
  Hash Cond: (mk.movie_id = t.id)
  ->  Seq Scan on movie_keyword mk  (cost=0.00..81003.12 rows=3126306 width=4) (actual time=0.017..1543.716 rows=3110920 loops=1)
        Filter: (keyword_id > 1935)
        Rows Removed by Filter: 1413010
  ->  Hash  (cost=125817.51..125817.51 rows=5226 width=8) (actual time=2340.925..2340.925 rows=9040 loops=1)
        Buckets: 16384 (originally 8192)  Batches: 1 (originally 1)  Memory Usage: 482kB
        ->  Hash Join  (cost=67697.55..125817.51 rows=5226 width=8) (actual time=1066.734..2336.781 rows=9040 loops=1)
              Hash Cond: (mc.movie_id = t.id)
              ->  Seq Scan on movie_companies mc  (cost=0.00..51404.11 rows=1776958 width=4) (actual time=0.022..943.194 rows=1783166 loops=1)
                    Filter: (company_id > 2020)
                    Rows Removed by Filter: 825963
              ->  Hash  (cost=67604.59..67604.59 rows=7437 width=4) (actual time=1066.580..1066.580 rows=10308 loops=1)
                    Buckets: 16384 (originally 8192)  Batches: 1 (originally 1)  Memory Usage: 491kB
                    ->  Seq Scan on title t  (cost=0.00..67604.59 rows=7437 width=4) (actual time=0.121..1061.358 rows=10308 loops=1)
                          Filter: (production_year = 1962)
                          Rows Removed by Filter: 2518004
Planning time: 1.154 ms
Execution time: 4416.487 ms
