Hash Join  (cost=81575.34..156074.74 rows=202856 width=0) (actual time=1343.431..3473.798 rows=548064 loops=1)
  Hash Cond: (mc.movie_id = t.id)
  ->  Seq Scan on movie_companies mc  (cost=0.00..57926.93 rows=1100240 width=4) (actual time=0.030..1184.951 rows=992873 loops=1)
        Filter: ((company_id > 189) AND (company_type_id = 1))
        Rows Removed by Filter: 1616256
  ->  Hash  (cost=73925.90..73925.90 rows=466195 width=4) (actual time=1342.661..1342.661 rows=516974 loops=1)
        Buckets: 131072  Batches: 8  Memory Usage: 3310kB
        ->  Seq Scan on title t  (cost=0.00..73925.90 rows=466195 width=4) (actual time=0.017..1179.213 rows=516974 loops=1)
              Filter: ((kind_id < 3) AND (production_year < 2007))
              Rows Removed by Filter: 2011338
Planning time: 0.759 ms
Execution time: 3532.233 ms
