Hash Join  (cost=67612.84..150387.99 rows=123 width=0) (actual time=1020.105..2424.866 rows=763 loops=1)
  Hash Cond: (mk.movie_id = t.id)
  ->  Seq Scan on movie_keyword mk  (cost=0.00..81003.12 rows=472213 width=4) (actual time=3.308..1377.091 rows=468529 loops=1)
        Filter: (keyword_id > 37964)
        Rows Removed by Filter: 4055401
  ->  Hash  (cost=67604.59..67604.59 rows=660 width=4) (actual time=959.812..959.812 rows=3515 loops=1)
        Buckets: 4096 (originally 1024)  Batches: 1 (originally 1)  Memory Usage: 156kB
        ->  Seq Scan on title t  (cost=0.00..67604.59 rows=660 width=4) (actual time=0.021..958.015 rows=3515 loops=1)
              Filter: (production_year > 2013)
              Rows Removed by Filter: 2524797
Planning time: 0.718 ms
Execution time: 2425.150 ms
