Seq Scan on movie_companies mc  (cost=0.00..57926.93 rows=1188546 width=0) (actual time=0.018..1142.974 rows=1127374 loops=1)
  Filter: ((company_id > 46) AND (company_type_id = 1))
  Rows Removed by Filter: 1481755
Planning time: 0.418 ms
Execution time: 1277.976 ms
