Seq Scan on cast_info ci  (cost=0.00..796071.18 rows=3680542 width=0) (actual time=0.017..11801.897 rows=4746276 loops=1)
  Filter: ((person_id < 636503) AND (role_id < 3))
  Rows Removed by Filter: 31498068
Planning time: 0.346 ms
Execution time: 12373.176 ms
