Seq Scan on movie_keyword mk  (cost=0.00..81003.12 rows=246 width=0) (actual time=1.826..1291.896 rows=278 loops=1)
  Filter: (keyword_id = 11967)
  Rows Removed by Filter: 4523652
Planning time: 0.366 ms
Execution time: 1292.138 ms
