Seq Scan on movie_keyword mk  (cost=0.00..81003.12 rows=4400837 width=0) (actual time=0.025..1613.330 rows=4403782 loops=1)
  Filter: (keyword_id < 78039)
  Rows Removed by Filter: 120148
Planning time: 0.316 ms
Execution time: 2148.430 ms
