Hash Join  (cost=156649.15..290882.06 rows=705423 width=0) (actual time=3460.500..7540.355 rows=3027855 loops=1)
  Hash Cond: (mk.movie_id = t.id)
  ->  Seq Scan on movie_keyword mk  (cost=0.00..81003.12 rows=3836416 width=4) (actual time=0.010..1800.576 rows=3838851 loops=1)
        Filter: (keyword_id > 562)
        Rows Removed by Filter: 685079
  ->  Hash  (cost=149020.47..149020.47 rows=464934 width=8) (actual time=3459.682..3459.682 rows=460185 loops=1)
        Buckets: 131072  Batches: 8  Memory Usage: 3286kB
        ->  Hash Join  (cost=102767.86..149020.47 rows=464934 width=8) (actual time=1925.834..3301.863 rows=460185 loops=1)
              Hash Cond: (mi_idx.movie_id = t.id)
              ->  Seq Scan on movie_info_idx mi_idx  (cost=0.00..25185.44 rows=464934 width=4) (actual time=0.012..524.179 rows=460185 loops=1)
                    Filter: (info_type_id > 100)
                    Rows Removed by Filter: 919850
              ->  Hash  (cost=61283.27..61283.27 rows=2528527 width=4) (actual time=1924.147..1924.147 rows=2528312 loops=1)
                    Buckets: 131072  Batches: 64  Memory Usage: 2415kB
                    ->  Seq Scan on title t  (cost=0.00..61283.27 rows=2528527 width=4) (actual time=0.017..1085.121 rows=2528312 loops=1)
Planning time: 0.732 ms
Execution time: 7871.354 ms
