Hash Join  (cost=142704.60..229612.42 rows=24978 width=0) (actual time=1299.257..3100.746 rows=42169 loops=1)
  Hash Cond: (mk.movie_id = t.id)
  ->  Seq Scan on movie_keyword mk  (cost=0.00..69693.30 rows=4523930 width=4) (actual time=0.017..939.010 rows=4523930 loops=1)
  ->  Hash  (cost=142530.09..142530.09 rows=13961 width=8) (actual time=1298.998..1298.998 rows=14470 loops=1)
        Buckets: 16384  Batches: 1  Memory Usage: 694kB
        ->  Nested Loop  (cost=0.43..142530.09 rows=13961 width=8) (actual time=1.834..1291.760 rows=14470 loops=1)
              ->  Seq Scan on movie_companies mc  (cost=0.00..57926.93 rows=13961 width=4) (actual time=1.769..985.100 rows=14470 loops=1)
                    Filter: ((company_type_id > 1) AND (company_id = 27))
                    Rows Removed by Filter: 2594659
              ->  Index Only Scan using title_pkey on title t  (cost=0.43..6.05 rows=1 width=4) (actual time=0.020..0.021 rows=1 loops=14470)
                    Index Cond: (id = mc.movie_id)
                    Heap Fetches: 14470
Planning time: 1.163 ms
Execution time: 3106.657 ms
