Hash Join  (cost=615208.79..2072604.78 rows=23318738 width=0) (actual time=17263.020..64929.546 rows=67593395 loops=1)
  Hash Cond: (ci.movie_id = t.id)
  ->  Seq Scan on cast_info ci  (cost=0.00..705507.15 rows=28668949 width=4) (actual time=1062.148..16691.114 rows=28808107 loops=1)
        Filter: (role_id < 8)
        Rows Removed by Filter: 7436237
  ->  Hash  (cost=581466.64..581466.64 rows=2056652 width=8) (actual time=16198.943..16198.943 rows=3117949 loops=1)
        Buckets: 131072 (originally 131072)  Batches: 64 (originally 32)  Memory Usage: 3073kB
        ->  Hash Join  (cost=79715.19..581466.64 rows=2056652 width=8) (actual time=1225.893..15061.196 rows=3117949 loops=1)
              Hash Cond: (mi.movie_id = t.id)
              ->  Seq Scan on movie_info mi  (cost=0.00..309384.22 rows=14739122 width=4) (actual time=0.023..6306.215 rows=14835720 loops=1)
              ->  Hash  (cost=73925.90..73925.90 rows=352823 width=4) (actual time=1225.155..1225.155 rows=302088 loops=1)
                    Buckets: 131072  Batches: 8  Memory Usage: 2348kB
                    ->  Seq Scan on title t  (cost=0.00..73925.90 rows=352823 width=4) (actual time=0.010..1124.907 rows=302088 loops=1)
                          Filter: ((kind_id < 7) AND (production_year > 2006))
                          Rows Removed by Filter: 2226224
Planning time: 2.361 ms
Execution time: 72202.627 ms
