Seq Scan on movie_companies mc  (cost=0.00..51404.11 rows=1139551 width=0) (actual time=60.121..933.907 rows=1147514 loops=1)
  Filter: (company_id > 13157)
  Rows Removed by Filter: 1461615
Planning time: 0.370 ms
Execution time: 1095.094 ms
