Hash Join  (cost=164710.89..916158.95 rows=65886 width=0) (actual time=2564.191..17394.447 rows=47384 loops=1)
  Hash Cond: (ci.movie_id = t.id)
  ->  Seq Scan on cast_info ci  (cost=0.00..614943.12 rows=36225612 width=4) (actual time=0.013..8220.240 rows=36244344 loops=1)
  ->  Hash  (cost=164653.40..164653.40 rows=4599 width=8) (actual time=2547.796..2547.796 rows=1881 loops=1)
        Buckets: 8192  Batches: 1  Memory Usage: 138kB
        ->  Hash Join  (cost=73982.55..164653.40 rows=4599 width=8) (actual time=2022.733..2547.064 rows=1881 loops=1)
              Hash Cond: (mk.movie_id = t.id)
              ->  Seq Scan on movie_keyword mk  (cost=0.00..81003.12 rows=2565796 width=4) (actual time=0.023..1169.135 rows=2559868 loops=1)
                    Filter: (keyword_id < 6465)
                    Rows Removed by Filter: 1964062
              ->  Hash  (cost=73925.90..73925.90 rows=4532 width=4) (actual time=1064.339..1064.339 rows=8404 loops=1)
                    Buckets: 16384 (originally 8192)  Batches: 1 (originally 1)  Memory Usage: 424kB
                    ->  Seq Scan on title t  (cost=0.00..73925.90 rows=4532 width=4) (actual time=77.075..1059.998 rows=8404 loops=1)
                          Filter: ((kind_id = 7) AND (production_year = 1983))
                          Rows Removed by Filter: 2519908
Planning time: 1.185 ms
Execution time: 17401.857 ms
