Hash Join  (cost=215125.35..361124.38 rows=1969600 width=0) (actual time=4646.884..13994.417 rows=24433853 loops=1)
  Hash Cond: (mk.movie_id = t.id)
  ->  Seq Scan on movie_keyword mk  (cost=0.00..69693.30 rows=4523930 width=4) (actual time=0.008..1649.496 rows=4523930 loops=1)
  ->  Hash  (cost=197063.67..197063.67 rows=1100854 width=8) (actual time=4645.636..4645.636 rows=994419 loops=1)
        Buckets: 131072  Batches: 16  Memory Usage: 3507kB
        ->  Hash Join  (cost=102767.86..197063.67 rows=1100854 width=8) (actual time=1949.445..4349.935 rows=994419 loops=1)
              Hash Cond: (mc.movie_id = t.id)
              ->  Seq Scan on movie_companies mc  (cost=0.00..57926.93 rows=1100854 width=4) (actual time=0.928..1163.599 rows=994419 loops=1)
                    Filter: ((company_id > 184) AND (company_type_id < 2))
                    Rows Removed by Filter: 1614710
              ->  Hash  (cost=61283.27..61283.27 rows=2528527 width=4) (actual time=1947.246..1947.246 rows=2528312 loops=1)
                    Buckets: 131072  Batches: 64  Memory Usage: 2415kB
                    ->  Seq Scan on title t  (cost=0.00..61283.27 rows=2528527 width=4) (actual time=0.013..1106.487 rows=2528312 loops=1)
Planning time: 1.128 ms
Execution time: 16620.405 ms
