Hash Join  (cost=95162.59..1009296.00 rows=6246925 width=0) (actual time=3032.204..25246.659 rows=6518321 loops=1)
  Hash Cond: (ci.movie_id = t.id)
  ->  Seq Scan on cast_info ci  (cost=0.00..705507.15 rows=12203201 width=4) (actual time=1238.656..14312.751 rows=12113646 loops=1)
        Filter: (role_id > 3)
        Rows Removed by Filter: 24130698
  ->  Hash  (cost=73925.90..73925.90 rows=1294375 width=4) (actual time=1791.916..1791.916 rows=1374286 loops=1)
        Buckets: 131072  Batches: 32  Memory Usage: 2537kB
        ->  Seq Scan on title t  (cost=0.00..73925.90 rows=1294375 width=4) (actual time=0.039..1361.122 rows=1374286 loops=1)
              Filter: ((production_year > 1967) AND (kind_id = 7))
              Rows Removed by Filter: 1154026
Planning time: 0.716 ms
Execution time: 25982.725 ms
