Hash Join  (cost=168759.11..525183.28 rows=37251 width=0) (actual time=3830.120..8273.768 rows=96288 loops=1)
  Hash Cond: (mi.movie_id = t.id)
  ->  Seq Scan on movie_info mi  (cost=0.00..346232.03 rows=809768 width=4) (actual time=470.355..4844.527 rows=802140 loops=1)
        Filter: (info_type_id < 2)
        Rows Removed by Filter: 14033580
  ->  Hash  (cost=166850.14..166850.14 rows=116318 width=8) (actual time=3109.382..3109.382 rows=116206 loops=1)
        Buckets: 131072  Batches: 2  Memory Usage: 3310kB
        ->  Hash Join  (cost=102767.86..166850.14 rows=116318 width=8) (actual time=2120.430..3078.744 rows=116206 loops=1)
              Hash Cond: (mc.movie_id = t.id)
              ->  Seq Scan on movie_companies mc  (cost=0.00..51404.11 rows=116318 width=4) (actual time=226.687..778.771 rows=116206 loops=1)
                    Filter: (company_id > 148437)
                    Rows Removed by Filter: 2492923
              ->  Hash  (cost=61283.27..61283.27 rows=2528527 width=4) (actual time=1892.773..1892.773 rows=2528312 loops=1)
                    Buckets: 131072  Batches: 64  Memory Usage: 2415kB
                    ->  Seq Scan on title t  (cost=0.00..61283.27 rows=2528527 width=4) (actual time=0.027..1044.045 rows=2528312 loops=1)
Planning time: 1.190 ms
Execution time: 8283.450 ms
