Hash Join  (cost=102767.86..285223.45 rows=3805690 width=0) (actual time=2031.094..7331.698 rows=3802737 loops=1)
  Hash Cond: (mk.movie_id = t.id)
  ->  Seq Scan on movie_keyword mk  (cost=0.00..81003.12 rows=3805690 width=4) (actual time=0.014..1813.064 rows=3802737 loops=1)
        Filter: (keyword_id < 25988)
        Rows Removed by Filter: 721193
  ->  Hash  (cost=61283.27..61283.27 rows=2528527 width=4) (actual time=2029.832..2029.832 rows=2528312 loops=1)
        Buckets: 131072  Batches: 64  Memory Usage: 2425kB
        ->  Seq Scan on title t  (cost=0.00..61283.27 rows=2528527 width=4) (actual time=0.020..1174.513 rows=2528312 loops=1)
Planning time: 0.757 ms
Execution time: 7795.768 ms
