Nested Loop  (cost=0.43..709671.90 rows=500 width=0) (actual time=6782.744..11203.282 rows=1 loops=1)
  ->  Seq Scan on cast_info ci  (cost=0.00..705507.15 rows=500 width=4) (actual time=6782.570..11203.104 rows=1 loops=1)
        Filter: (person_id = 4047986)
        Rows Removed by Filter: 36244343
  ->  Index Only Scan using title_pkey on title t  (cost=0.43..8.32 rows=1 width=4) (actual time=0.086..0.087 rows=1 loops=1)
        Index Cond: (id = ci.movie_id)
        Heap Fetches: 1
Planning time: 1.179 ms
Execution time: 11203.352 ms
