Hash Join  (cost=90963.25..737544.43 rows=3008603 width=169) (actual time=1509.051..18612.327 rows=5645161 loops=1)
  Hash Cond: (mi.movie_id = t.id)
  ->  Seq Scan on movie_info mi  (cost=0.00..346232.03 rows=8841901 width=75) (actual time=0.020..8022.059 rows=8950757 loops=1)
        Filter: (info_type_id > 6)
        Rows Removed by Filter: 5884963
  ->  Hash  (cost=67604.59..67604.59 rows=860373 width=94) (actual time=1508.231..1508.231 rows=854214 loops=1)
        Buckets: 32768  Batches: 32  Memory Usage: 3200kB
        ->  Seq Scan on title t  (cost=0.00..67604.59 rows=860373 width=94) (actual time=0.017..1170.727 rows=854214 loops=1)
              Filter: (kind_id < 4)
              Rows Removed by Filter: 1674098
Planning time: 1.228 ms
Execution time: 18914.910 ms
