Seq Scan on cast_info ci  (cost=0.00..705507.15 rows=500 width=0) (actual time=10580.932..10834.610 rows=136 loops=1)
  Filter: (person_id = 970369)
  Rows Removed by Filter: 36244208
Planning time: 0.429 ms
Execution time: 10834.751 ms
