Hash Join  (cost=58375.80..154146.76 rows=61 width=0) (actual time=908.672..2128.008 rows=138 loops=1)
  Hash Cond: (mk.movie_id = t.id)
  ->  Seq Scan on movie_keyword mk  (cost=0.00..81003.12 rows=3937927 width=4) (actual time=0.016..903.076 rows=3933090 loops=1)
        Filter: (keyword_id > 429)
        Rows Removed by Filter: 590840
  ->  Hash  (cost=58375.31..58375.31 rows=39 width=8) (actual time=867.846..867.846 rows=32 loops=1)
        Buckets: 1024  Batches: 1  Memory Usage: 10kB
        ->  Nested Loop  (cost=0.43..58375.31 rows=39 width=8) (actual time=323.553..867.807 rows=32 loops=1)
              ->  Seq Scan on movie_companies mc  (cost=0.00..57926.93 rows=53 width=4) (actual time=323.489..866.503 rows=39 loops=1)
                    Filter: ((company_type_id > 1) AND (company_id = 557))
                    Rows Removed by Filter: 2609090
              ->  Index Scan using title_pkey on title t  (cost=0.43..8.45 rows=1 width=4) (actual time=0.030..0.030 rows=1 loops=39)
                    Index Cond: (id = mc.movie_id)
                    Filter: (kind_id > 1)
                    Rows Removed by Filter: 0
Planning time: 1.216 ms
Execution time: 2128.183 ms
