Hash Join  (cost=71408.55..1087862.60 rows=2277926 width=0) (actual time=1153.152..28462.416 rows=2501202 loops=1)
  Hash Cond: (ci.movie_id = t.id)
  ->  Seq Scan on cast_info ci  (cost=0.00..705507.15 rows=24844172 width=4) (actual time=0.014..15037.815 rows=24945719 loops=1)
        Filter: (person_id > 1109368)
        Rows Removed by Filter: 11298625
  ->  Hash  (cost=67604.59..67604.59 rows=231837 width=4) (actual time=1152.275..1152.275 rows=231649 loops=1)
        Buckets: 131072  Batches: 4  Memory Usage: 3076kB
        ->  Seq Scan on title t  (cost=0.00..67604.59 rows=231837 width=4) (actual time=0.024..1075.965 rows=231649 loops=1)
              Filter: (production_year > 2011)
              Rows Removed by Filter: 2296663
Planning time: 0.709 ms
Execution time: 28773.541 ms
