Hash Join  (cost=83074.74..462472.50 rows=860 width=0) (actual time=1556.894..8290.458 rows=3907 loops=1)
  Hash Cond: (mi.movie_id = t.id)
  ->  Seq Scan on movie_info mi  (cost=0.00..346232.03 rows=8841901 width=4) (actual time=287.270..5841.447 rows=8950757 loops=1)
        Filter: (info_type_id > 6)
        Rows Removed by Filter: 5884963
  ->  Hash  (cost=83071.67..83071.67 rows=246 width=8) (actual time=1253.064..1253.064 rows=55 loops=1)
        Buckets: 1024  Batches: 1  Memory Usage: 11kB
        ->  Nested Loop  (cost=0.43..83071.67 rows=246 width=8) (actual time=4.484..1252.946 rows=55 loops=1)
              ->  Seq Scan on movie_keyword mk  (cost=0.00..81003.12 rows=246 width=4) (actual time=4.294..1249.991 rows=55 loops=1)
                    Filter: (keyword_id = 22663)
                    Rows Removed by Filter: 4523875
              ->  Index Only Scan using title_pkey on title t  (cost=0.43..8.40 rows=1 width=4) (actual time=0.046..0.048 rows=1 loops=55)
                    Index Cond: (id = mk.movie_id)
                    Heap Fetches: 55
Planning time: 1.238 ms
Execution time: 8291.355 ms
