Hash Join  (cost=79863.89..1045518.76 rows=1852465 width=0) (actual time=1365.563..27267.193 rows=2896838 loops=1)
  Hash Cond: (ci.movie_id = t.id)
  ->  Seq Scan on cast_info ci  (cost=0.00..796071.18 rows=12942144 width=4) (actual time=0.014..16184.055 rows=19068843 loops=1)
        Filter: ((person_id > 1599231) AND (role_id > 1))
        Rows Removed by Filter: 17175501
  ->  Hash  (cost=73925.90..73925.90 rows=361919 width=4) (actual time=1364.497..1364.497 rows=470371 loops=1)
        Buckets: 131072  Batches: 8  Memory Usage: 3103kB
        ->  Seq Scan on title t  (cost=0.00..73925.90 rows=361919 width=4) (actual time=0.031..1212.197 rows=470371 loops=1)
              Filter: ((kind_id < 7) AND (production_year < 1998))
              Rows Removed by Filter: 2057941
Planning time: 0.790 ms
Execution time: 27597.357 ms
