Seq Scan on movie_companies mc  (cost=0.00..57926.93 rows=1270259 width=0) (actual time=373.510..1203.526 rows=1218517 loops=1)
  Filter: ((company_id < 148357) AND (company_type_id > 1))
  Rows Removed by Filter: 1390612
Planning time: 0.366 ms
Execution time: 1348.261 ms
