Hash Join  (cost=102767.86..989300.34 rows=3348880 width=0) (actual time=10453.309..14295.247 rows=2782 loops=1)
  Hash Cond: (ci.movie_id = t.id)
  ->  Seq Scan on cast_info ci  (cost=0.00..796071.18 rows=3348880 width=4) (actual time=8422.507..11832.674 rows=2782 loops=1)
        Filter: ((person_id < 1631435) AND (role_id = 2))
        Rows Removed by Filter: 36241562
  ->  Hash  (cost=61283.27..61283.27 rows=2528527 width=4) (actual time=1996.589..1996.589 rows=2528312 loops=1)
        Buckets: 131072  Batches: 64  Memory Usage: 2415kB
        ->  Seq Scan on title t  (cost=0.00..61283.27 rows=2528527 width=4) (actual time=0.016..1152.562 rows=2528312 loops=1)
Planning time: 0.709 ms
Execution time: 14295.749 ms
