Nested Loop  (cost=0.43..70095.92 rows=143 width=0) (actual time=6.651..970.147 rows=55 loops=1)
  ->  Seq Scan on movie_companies mc  (cost=0.00..57926.93 rows=1507 width=4) (actual time=0.209..838.409 rows=2411 loops=1)
        Filter: ((company_id = 68) AND (company_type_id = 2))
        Rows Removed by Filter: 2606718
  ->  Index Scan using title_pkey on title t  (cost=0.43..8.06 rows=1 width=4) (actual time=0.054..0.054 rows=0 loops=2411)
        Index Cond: (id = mc.movie_id)
        Filter: ((production_year > 2010) AND (kind_id = 7))
        Rows Removed by Filter: 1
Planning time: 0.510 ms
Execution time: 970.252 ms
