Hash Join  (cost=102767.86..966298.41 rows=2392946 width=0) (actual time=14970.715..19560.660 rows=2421908 loops=1)
  Hash Cond: (ci.movie_id = t.id)
  ->  Seq Scan on cast_info ci  (cost=0.00..796071.18 rows=2392946 width=4) (actual time=13089.697..15344.268 rows=2421908 loops=1)
        Filter: ((person_id > 425773) AND (role_id = 4))
        Rows Removed by Filter: 33822436
  ->  Hash  (cost=61283.27..61283.27 rows=2528527 width=4) (actual time=1879.453..1879.453 rows=2528312 loops=1)
        Buckets: 131072  Batches: 64  Memory Usage: 2415kB
        ->  Seq Scan on title t  (cost=0.00..61283.27 rows=2528527 width=4) (actual time=0.020..1065.590 rows=2528312 loops=1)
Planning time: 0.753 ms
Execution time: 19846.319 ms
