Hash Join  (cost=102767.86..910265.67 rows=64285 width=0) (actual time=5668.842..14682.761 rows=204927 loops=1)
  Hash Cond: (ci.movie_id = t.id)
  ->  Seq Scan on cast_info ci  (cost=0.00..796071.18 rows=64285 width=4) (actual time=3752.268..11965.307 rows=204927 loops=1)
        Filter: ((person_id > 2879506) AND (role_id = 7))
        Rows Removed by Filter: 36039417
  ->  Hash  (cost=61283.27..61283.27 rows=2528527 width=4) (actual time=1915.122..1915.122 rows=2528312 loops=1)
        Buckets: 131072  Batches: 64  Memory Usage: 2415kB
        ->  Seq Scan on title t  (cost=0.00..61283.27 rows=2528527 width=4) (actual time=0.031..1072.797 rows=2528312 loops=1)
Planning time: 0.529 ms
Execution time: 14706.914 ms
