Hash Join  (cost=83072.47..109983.03 rows=8 width=0) (actual time=1227.202..1784.010 rows=91 loops=1)
  Hash Cond: (mi_idx.movie_id = t.id)
  ->  Seq Scan on movie_info_idx mi_idx  (cost=0.00..21735.35 rows=1380035 width=4) (actual time=0.020..304.625 rows=1380035 loops=1)
  ->  Hash  (cost=83072.29..83072.29 rows=15 width=8) (actual time=1227.081..1227.081 rows=62 loops=1)
        Buckets: 1024  Batches: 1  Memory Usage: 11kB
        ->  Nested Loop  (cost=0.43..83072.29 rows=15 width=8) (actual time=69.760..1226.968 rows=62 loops=1)
              ->  Seq Scan on movie_keyword mk  (cost=0.00..81003.12 rows=246 width=4) (actual time=0.863..1209.523 rows=281 loops=1)
                    Filter: (keyword_id = 30555)
                    Rows Removed by Filter: 4523649
              ->  Index Scan using title_pkey on title t  (cost=0.43..8.40 rows=1 width=4) (actual time=0.060..0.060 rows=0 loops=281)
                    Index Cond: (id = mk.movie_id)
                    Filter: (production_year < 1949)
                    Rows Removed by Filter: 1
Planning time: 1.093 ms
Execution time: 1786.847 ms
