Hash Join  (cost=93093.72..165523.47 rows=273345 width=0) (actual time=1759.604..2937.346 rows=6186 loops=1)
  Hash Cond: (mc.movie_id = t.id)
  ->  Seq Scan on movie_companies mc  (cost=0.00..57926.93 rows=444873 width=4) (actual time=113.010..861.958 rows=129081 loops=1)
        Filter: ((company_id > 20412) AND (company_type_id < 2))
        Rows Removed by Filter: 2480048
  ->  Hash  (cost=67604.59..67604.59 rows=1553611 width=4) (actual time=1639.842..1639.842 rows=1555864 loops=1)
        Buckets: 131072  Batches: 32  Memory Usage: 2734kB
        ->  Seq Scan on title t  (cost=0.00..67604.59 rows=1553611 width=4) (actual time=0.025..1149.521 rows=1555864 loops=1)
              Filter: (kind_id > 4)
              Rows Removed by Filter: 972448
Planning time: 0.588 ms
Execution time: 2938.226 ms
