Hash Join  (cost=98137.04..1144645.51 rows=8871974 width=0) (actual time=1916.068..31182.097 rows=13630955 loops=1)
  Hash Cond: (ci.movie_id = t.id)
  ->  Seq Scan on cast_info ci  (cost=0.00..796071.18 rows=12054311 width=4) (actual time=0.024..15856.705 rows=18683780 loops=1)
        Filter: ((person_id > 1732360) AND (role_id > 1))
        Rows Removed by Filter: 17560564
  ->  Hash  (cost=67604.59..67604.59 rows=1860996 width=4) (actual time=1915.057..1915.057 rows=1865487 loops=1)
        Buckets: 131072  Batches: 32  Memory Usage: 3079kB
        ->  Seq Scan on title t  (cost=0.00..67604.59 rows=1860996 width=4) (actual time=0.026..1320.281 rows=1865487 loops=1)
              Filter: (kind_id > 1)
              Rows Removed by Filter: 662825
Planning time: 0.710 ms
Execution time: 32614.703 ms
