Hash Join  (cost=102767.86..1189315.10 rows=11661173 width=0) (actual time=1980.468..32793.456 rows=15632767 loops=1)
  Hash Cond: (ci.movie_id = t.id)
  ->  Seq Scan on cast_info ci  (cost=0.00..796071.18 rows=11661173 width=4) (actual time=0.015..16499.136 rows=15632767 loops=1)
        Filter: ((person_id < 2114200) AND (role_id < 3))
        Rows Removed by Filter: 20611577
  ->  Hash  (cost=61283.27..61283.27 rows=2528527 width=4) (actual time=1979.190..1979.190 rows=2528312 loops=1)
        Buckets: 131072  Batches: 64  Memory Usage: 2415kB
        ->  Seq Scan on title t  (cost=0.00..61283.27 rows=2528527 width=4) (actual time=0.020..1131.233 rows=2528312 loops=1)
Planning time: 0.547 ms
Execution time: 34471.561 ms
