Hash Join  (cost=102767.86..1266009.53 rows=18612217 width=0) (actual time=1938.076..31839.548 rows=18507164 loops=1)
  Hash Cond: (ci.movie_id = t.id)
  ->  Seq Scan on cast_info ci  (cost=0.00..705507.15 rows=18612217 width=4) (actual time=0.024..14623.784 rows=18507164 loops=1)
        Filter: (person_id < 1841246)
        Rows Removed by Filter: 17737180
  ->  Hash  (cost=61283.27..61283.27 rows=2528527 width=4) (actual time=1936.717..1936.717 rows=2528312 loops=1)
        Buckets: 131072  Batches: 64  Memory Usage: 2415kB
        ->  Seq Scan on title t  (cost=0.00..61283.27 rows=2528527 width=4) (actual time=0.018..1087.857 rows=2528312 loops=1)
Planning time: 0.747 ms
Execution time: 33886.966 ms
