Seq Scan on cast_info ci  (cost=0.00..796071.18 rows=16107436 width=0) (actual time=0.023..16372.925 rows=15056904 loops=1)
  Filter: ((person_id > 679086) AND (role_id < 3))
  Rows Removed by Filter: 21187440
Planning time: 0.340 ms
Execution time: 18219.757 ms
