Seq Scan on cast_info ci  (cost=0.00..705507.15 rows=7832083 width=0) (actual time=10.888..11994.533 rows=7720027 loops=1)
  Filter: (person_id < 750063)
  Rows Removed by Filter: 28524317
Planning time: 0.319 ms
Execution time: 12945.574 ms
