Seq Scan on cast_info ci  (cost=0.00..796071.18 rows=3151617 width=0) (actual time=7155.981..13555.393 rows=3944923 loops=1)
  Filter: ((person_id > 944414) AND (role_id = 10))
  Rows Removed by Filter: 32299421
Planning time: 0.381 ms
Execution time: 14039.741 ms
