Seq Scan on cast_info ci  (cost=0.00..796071.18 rows=18347754 width=0) (actual time=497.752..15145.389 rows=20051990 loops=1)
  Filter: ((person_id < 2110707) AND (role_id < 10))
  Rows Removed by Filter: 16192354
Planning time: 0.241 ms
Execution time: 17565.784 ms
