Hash Join  (cost=100533.48..882268.64 rows=144927 width=0) (actual time=1855.882..18759.568 rows=615491 loops=1)
  Hash Cond: (ci.movie_id = t.id)
  ->  Seq Scan on cast_info ci  (cost=0.00..705507.15 rows=19940992 width=4) (actual time=0.025..11821.168 rows=20092673 loops=1)
        Filter: (person_id > 1600167)
        Rows Removed by Filter: 16151671
  ->  Hash  (cost=100303.77..100303.77 rows=18377 width=8) (actual time=1855.466..1855.466 rows=37049 loops=1)
        Buckets: 65536 (originally 32768)  Batches: 1 (originally 1)  Memory Usage: 1960kB
        ->  Hash Join  (cost=69283.60..100303.77 rows=18377 width=8) (actual time=1271.937..1838.712 rows=37049 loops=1)
              Hash Cond: (mi_idx.movie_id = t.id)
              ->  Seq Scan on movie_info_idx mi_idx  (cost=0.00..25185.44 rows=454124 width=4) (actual time=0.023..501.823 rows=459925 loops=1)
                    Filter: (info_type_id = 100)
                    Rows Removed by Filter: 920110
              ->  Hash  (cost=67604.59..67604.59 rows=102321 width=4) (actual time=1138.481..1138.481 rows=100537 loops=1)
                    Buckets: 131072  Batches: 2  Memory Usage: 2797kB
                    ->  Seq Scan on title t  (cost=0.00..67604.59 rows=102321 width=4) (actual time=0.021..1102.989 rows=100537 loops=1)
                          Filter: (kind_id = 3)
                          Rows Removed by Filter: 2427775
Planning time: 1.245 ms
Execution time: 18838.509 ms
