Hash Join  (cost=67697.55..153972.81 rows=4103 width=0) (actual time=1105.273..2694.166 rows=7600 loops=1)
  Hash Cond: (mk.movie_id = t.id)
  ->  Seq Scan on movie_keyword mk  (cost=0.00..81003.12 rows=1394962 width=4) (actual time=0.014..1343.323 rows=1409242 loops=1)
        Filter: (keyword_id > 11863)
        Rows Removed by Filter: 3114688
  ->  Hash  (cost=67604.59..67604.59 rows=7437 width=4) (actual time=1103.089..1103.089 rows=6834 loops=1)
        Buckets: 8192  Batches: 1  Memory Usage: 305kB
        ->  Seq Scan on title t  (cost=0.00..67604.59 rows=7437 width=4) (actual time=0.015..1099.465 rows=6834 loops=1)
              Filter: (production_year = 1953)
              Rows Removed by Filter: 2521478
Planning time: 5.094 ms
Execution time: 2695.359 ms
