Hash Join  (cost=172671.82..710476.55 rows=5435582 width=0) (actual time=3875.440..19124.451 rows=7245039 loops=1)
  Hash Cond: (mi.movie_id = t.id)
  ->  Seq Scan on movie_info mi  (cost=0.00..309384.22 rows=14739122 width=4) (actual time=0.023..6094.409 rows=14835720 loops=1)
  ->  Hash  (cost=157372.76..157372.76 rows=932485 width=8) (actual time=3874.620..3874.620 rows=749919 loops=1)
        Buckets: 131072  Batches: 16  Memory Usage: 2874kB
        ->  Hash Join  (cost=101956.38..157372.76 rows=932485 width=8) (actual time=2018.682..3637.193 rows=749919 loops=1)
              Hash Cond: (mi_idx.movie_id = t.id)
              ->  Seq Scan on movie_info_idx mi_idx  (cost=0.00..21735.35 rows=1380035 width=4) (actual time=0.019..430.414 rows=1380035 loops=1)
              ->  Hash  (cost=73925.90..73925.90 rows=1708518 width=4) (actual time=2017.162..2017.162 rows=1799560 loops=1)
                    Buckets: 131072  Batches: 32  Memory Usage: 3006kB
                    ->  Seq Scan on title t  (cost=0.00..73925.90 rows=1708518 width=4) (actual time=0.032..1436.537 rows=1799560 loops=1)
                          Filter: ((kind_id > 1) AND (production_year > 1939))
                          Rows Removed by Filter: 728752
Planning time: 1.266 ms
Execution time: 19992.462 ms
