Hash Join  (cost=183719.81..986470.38 rows=872693 width=0) (actual time=9114.719..23003.055 rows=9008176 loops=1)
  Hash Cond: (ci.movie_id = t.id)
  ->  Seq Scan on cast_info ci  (cost=0.00..705507.15 rows=7556663 width=4) (actual time=5351.453..13546.960 rows=7436237 loops=1)
        Filter: (role_id > 7)
        Rows Removed by Filter: 28808107
  ->  Hash  (cost=178928.67..178928.67 rows=292011 width=8) (actual time=3762.200..3762.200 rows=633831 loops=1)
        Buckets: 131072 (originally 131072)  Batches: 16 (originally 4)  Memory Usage: 3073kB
        ->  Hash Join  (cost=81720.25..178928.67 rows=292011 width=8) (actual time=1416.680..3556.534 rows=633831 loops=1)
              Hash Cond: (mk.movie_id = t.id)
              ->  Seq Scan on movie_keyword mk  (cost=0.00..81003.12 rows=858183 width=4) (actual time=0.036..1351.806 rows=861326 loops=1)
                    Filter: (keyword_id < 820)
                    Rows Removed by Filter: 3662604
              ->  Hash  (cost=67604.59..67604.59 rows=860373 width=4) (actual time=1414.682..1414.682 rows=854214 loops=1)
                    Buckets: 131072  Batches: 16  Memory Usage: 2906kB
                    ->  Seq Scan on title t  (cost=0.00..67604.59 rows=860373 width=4) (actual time=0.039..1139.988 rows=854214 loops=1)
                          Filter: (kind_id < 4)
                          Rows Removed by Filter: 1674098
Planning time: 4.041 ms
Execution time: 24047.257 ms
