Hash Join  (cost=309592.98..1623020.51 rows=26626416 width=0) (actual time=10588.943..53398.888 rows=85958714 loops=1)
  Hash Cond: (ci.movie_id = t.id)
  ->  Seq Scan on cast_info ci  (cost=0.00..705507.15 rows=23499554 width=4) (actual time=3233.390..16002.431 rows=23573656 loops=1)
        Filter: (role_id > 1)
        Rows Removed by Filter: 12670688
  ->  Hash  (cost=262588.81..262588.81 rows=2864974 width=8) (actual time=7354.353..7354.353 rows=2858426 loops=1)
        Buckets: 131072  Batches: 64  Memory Usage: 2787kB
        ->  Hash Join  (cost=102767.86..262588.81 rows=2864974 width=8) (actual time=2089.224..6541.246 rows=2858426 loops=1)
              Hash Cond: (mk.movie_id = t.id)
              ->  Seq Scan on movie_keyword mk  (cost=0.00..81003.12 rows=2864974 width=4) (actual time=0.021..1813.348 rows=2858426 loops=1)
                    Filter: (keyword_id < 8742)
                    Rows Removed by Filter: 1665504
              ->  Hash  (cost=61283.27..61283.27 rows=2528527 width=4) (actual time=2086.898..2086.898 rows=2528312 loops=1)
                    Buckets: 131072  Batches: 64  Memory Usage: 2425kB
                    ->  Seq Scan on title t  (cost=0.00..61283.27 rows=2528527 width=4) (actual time=0.014..1216.429 rows=2528312 loops=1)
Planning time: 1.176 ms
Execution time: 62238.804 ms
