Hash Join  (cost=187723.43..1337232.46 rows=11263387 width=0) (actual time=3854.965..36049.642 rows=10921768 loops=1)
  Hash Cond: (ci.movie_id = t.id)
  ->  Seq Scan on cast_info ci  (cost=0.00..614943.12 rows=36225612 width=4) (actual time=0.021..13684.944 rows=36244344 loops=1)
  ->  Hash  (cost=174824.20..174824.20 rows=786178 width=8) (actual time=3853.914..3853.914 rows=333570 loops=1)
        Buckets: 131072  Batches: 16  Memory Usage: 1828kB
        ->  Hash Join  (cost=93093.72..174824.20 rows=786178 width=8) (actual time=1774.762..3751.396 rows=333570 loops=1)
              Hash Cond: (mc.movie_id = t.id)
              ->  Seq Scan on movie_companies mc  (cost=0.00..51404.11 rows=1279517 width=4) (actual time=0.007..980.805 rows=1274246 loops=1)
                    Filter: (company_type_id < 2)
                    Rows Removed by Filter: 1334883
              ->  Hash  (cost=67604.59..67604.59 rows=1553611 width=4) (actual time=1773.297..1773.297 rows=1555864 loops=1)
                    Buckets: 131072  Batches: 32  Memory Usage: 2734kB
                    ->  Seq Scan on title t  (cost=0.00..67604.59 rows=1553611 width=4) (actual time=0.042..1290.671 rows=1555864 loops=1)
                          Filter: (kind_id > 4)
                          Rows Removed by Filter: 972448
Planning time: 1.122 ms
Execution time: 37270.685 ms
