Nested Loop  (cost=0.43..83071.67 rows=246 width=0) (actual time=6.034..1234.078 rows=317 loops=1)
  ->  Seq Scan on movie_keyword mk  (cost=0.00..81003.12 rows=246 width=4) (actual time=5.963..1221.774 rows=317 loops=1)
        Filter: (keyword_id = 11712)
        Rows Removed by Filter: 4523613
  ->  Index Only Scan using title_pkey on title t  (cost=0.43..8.40 rows=1 width=4) (actual time=0.036..0.036 rows=1 loops=317)
        Index Cond: (id = mk.movie_id)
        Heap Fetches: 317
Planning time: 0.779 ms
Execution time: 1234.292 ms
