Seq Scan on movie_keyword mk  (cost=0.00..81003.12 rows=2830449 width=0) (actual time=0.020..1463.787 rows=2821623 loops=1)
  Filter: (keyword_id > 2655)
  Rows Removed by Filter: 1702307
Planning time: 0.365 ms
Execution time: 1805.804 ms
