Seq Scan on cast_info ci  (cost=0.00..796071.18 rows=324 width=0) (actual time=7483.142..13825.599 rows=9 loops=1)
  Filter: ((role_id > 1) AND (person_id = 2293800))
  Rows Removed by Filter: 36244335
Planning time: 0.435 ms
Execution time: 13825.728 ms
