Hash Join  (cost=74006.08..161324.73 rows=4243 width=0) (actual time=1065.988..2770.134 rows=6013 loops=1)
  Hash Cond: (mk.movie_id = t.id)
  ->  Seq Scan on movie_keyword mk  (cost=0.00..81003.12 rows=1672825 width=4) (actual time=0.028..1408.924 rows=1682132 loops=1)
        Filter: (keyword_id < 2606)
        Rows Removed by Filter: 2841798
  ->  Hash  (cost=73925.90..73925.90 rows=6414 width=4) (actual time=1064.809..1064.809 rows=7736 loops=1)
        Buckets: 8192  Batches: 1  Memory Usage: 336kB
        ->  Seq Scan on title t  (cost=0.00..73925.90 rows=6414 width=4) (actual time=0.048..1061.473 rows=7736 loops=1)
              Filter: ((kind_id = 4) AND (production_year = 2010))
              Rows Removed by Filter: 2520576
Planning time: 0.768 ms
Execution time: 2771.245 ms
