Nested Loop  (cost=0.43..52284.21 rows=33 width=0) (actual time=481.639..808.220 rows=5 loops=1)
  ->  Seq Scan on movie_companies mc  (cost=0.00..51404.11 rows=104 width=4) (actual time=90.313..806.494 rows=42 loops=1)
        Filter: (company_id = 16202)
        Rows Removed by Filter: 2609087
  ->  Index Scan using title_pkey on title t  (cost=0.43..8.45 rows=1 width=4) (actual time=0.037..0.037 rows=0 loops=42)
        Index Cond: (id = mc.movie_id)
        Filter: ((kind_id > 2) AND (production_year < 2002))
        Rows Removed by Filter: 1
Planning time: 0.594 ms
Execution time: 808.325 ms
