Hash Join  (cost=83074.74..833899.15 rows=3524 width=0) (actual time=1255.140..17402.238 rows=33621 loops=1)
  Hash Cond: (ci.movie_id = t.id)
  ->  Seq Scan on cast_info ci  (cost=0.00..614943.12 rows=36225612 width=4) (actual time=0.020..9009.224 rows=36244344 loops=1)
  ->  Hash  (cost=83071.67..83071.67 rows=246 width=8) (actual time=1255.070..1255.070 rows=511 loops=1)
        Buckets: 1024  Batches: 1  Memory Usage: 28kB
        ->  Nested Loop  (cost=0.43..83071.67 rows=246 width=8) (actual time=2.654..1254.655 rows=511 loops=1)
              ->  Seq Scan on movie_keyword mk  (cost=0.00..81003.12 rows=246 width=4) (actual time=2.603..1235.544 rows=511 loops=1)
                    Filter: (keyword_id = 7897)
                    Rows Removed by Filter: 4523419
              ->  Index Only Scan using title_pkey on title t  (cost=0.43..8.40 rows=1 width=4) (actual time=0.035..0.036 rows=1 loops=511)
                    Index Cond: (id = mk.movie_id)
                    Heap Fetches: 511
Planning time: 1.178 ms
Execution time: 17410.896 ms
