Nested Loop  (cost=0.43..83072.90 rows=28 width=0) (actual time=173.231..1349.688 rows=8 loops=1)
  ->  Seq Scan on movie_keyword mk  (cost=0.00..81003.12 rows=246 width=4) (actual time=6.003..1326.300 rows=286 loops=1)
        Filter: (keyword_id = 1508)
        Rows Removed by Filter: 4523644
  ->  Index Scan using title_pkey on title t  (cost=0.43..8.40 rows=1 width=4) (actual time=0.080..0.080 rows=0 loops=286)
        Index Cond: (id = mk.movie_id)
        Filter: ((kind_id > 1) AND (production_year > 2010))
        Rows Removed by Filter: 1
Planning time: 0.790 ms
Execution time: 1349.790 ms
