Seq Scan on cast_info ci  (cost=0.00..796071.18 rows=224 width=0) (actual time=1614.683..12633.607 rows=90 loops=1)
  Filter: ((role_id > 2) AND (person_id = 3529299))
  Rows Removed by Filter: 36244254
Planning time: 0.414 ms
Execution time: 12633.746 ms
