Hash Join  (cost=204030.31..352069.12 rows=2137077 width=0) (actual time=4532.017..8498.130 rows=3330252 loops=1)
  Hash Cond: (mk.movie_id = t.id)
  ->  Seq Scan on movie_keyword mk  (cost=0.00..69693.30 rows=4523930 width=4) (actual time=0.028..1440.945 rows=4523930 loops=1)
  ->  Hash  (cost=184433.55..184433.55 rows=1194461 width=8) (actual time=4529.355..4529.355 rows=781657 loops=1)
        Buckets: 131072  Batches: 16  Memory Usage: 2909kB
        ->  Hash Join  (cost=92917.42..184433.55 rows=1194461 width=8) (actual time=1800.082..4305.912 rows=781657 loops=1)
              Hash Cond: (mc.movie_id = t.id)
              ->  Seq Scan on movie_companies mc  (cost=0.00..44881.29 rows=2609129 width=4) (actual time=0.013..827.962 rows=2609129 loops=1)
              ->  Hash  (cost=73925.90..73925.90 rows=1157561 width=4) (actual time=1798.969..1798.969 rows=1267332 loops=1)
                    Buckets: 131072  Batches: 16  Memory Usage: 3815kB
                    ->  Seq Scan on title t  (cost=0.00..73925.90 rows=1157561 width=4) (actual time=0.026..1398.335 rows=1267332 loops=1)
                          Filter: ((kind_id > 1) AND (production_year > 1996))
                          Rows Removed by Filter: 1260980
Planning time: 10.085 ms
Execution time: 8821.983 ms
