Hash Join  (cost=74434.21..876718.76 rows=25551 width=0) (actual time=2642.877..15291.131 rows=14914 loops=1)
  Hash Cond: (ci.movie_id = t.id)
  ->  Seq Scan on cast_info ci  (cost=0.00..796071.18 rows=1588764 width=4) (actual time=1542.452..13817.029 rows=1308417 loops=1)
        Filter: ((person_id < 2108521) AND (role_id = 4))
        Rows Removed by Filter: 34935927
  ->  Hash  (cost=73925.90..73925.90 rows=40664 width=4) (actual time=1099.325..1099.325 rows=40257 loops=1)
        Buckets: 65536  Batches: 1  Memory Usage: 1928kB
        ->  Seq Scan on title t  (cost=0.00..73925.90 rows=40664 width=4) (actual time=0.059..1082.309 rows=40257 loops=1)
              Filter: ((production_year > 2012) AND (kind_id = 7))
              Rows Removed by Filter: 2488055
Planning time: 0.825 ms
Execution time: 15293.612 ms
