Nested Loop  (cost=0.43..147773.60 rows=1862 width=0) (actual time=8.402..1436.431 rows=311 loops=1)
  ->  Seq Scan on movie_keyword mk  (cost=0.00..81003.12 rows=10254 width=4) (actual time=4.717..1267.573 rows=8567 loops=1)
        Filter: (keyword_id = 3636)
        Rows Removed by Filter: 4515363
  ->  Index Scan using title_pkey on title t  (cost=0.43..6.50 rows=1 width=4) (actual time=0.019..0.019 rows=0 loops=8567)
        Index Cond: (id = mk.movie_id)
        Filter: ((kind_id < 3) AND (production_year > 1997))
        Rows Removed by Filter: 1
Planning time: 2.138 ms
Execution time: 1436.731 ms
