Hash Join  (cost=429581.74..528613.18 rows=130915 width=0) (actual time=6827.773..9105.128 rows=87887 loops=1)
  Hash Cond: (mk.movie_id = t.id)
  ->  Seq Scan on movie_keyword mk  (cost=0.00..81003.12 rows=4458443 width=4) (actual time=0.016..1571.776 rows=4456385 loops=1)
        Filter: (keyword_id > 56)
        Rows Removed by Filter: 67545
  ->  Hash  (cost=428653.67..428653.67 rows=74246 width=8) (actual time=6826.380..6826.380 rows=62253 loops=1)
        Buckets: 131072  Batches: 1  Memory Usage: 3456kB
        ->  Hash Join  (cost=71408.55..428653.67 rows=74246 width=8) (actual time=1361.955..6802.411 rows=62253 loops=1)
              Hash Cond: (mi.movie_id = t.id)
              ->  Seq Scan on movie_info mi  (cost=0.00..346232.03 rows=809768 width=4) (actual time=246.959..5274.671 rows=802140 loops=1)
                    Filter: (info_type_id < 2)
                    Rows Removed by Filter: 14033580
              ->  Hash  (cost=67604.59..67604.59 rows=231837 width=4) (actual time=1114.103..1114.103 rows=231649 loops=1)
                    Buckets: 131072  Batches: 4  Memory Usage: 3082kB
                    ->  Seq Scan on title t  (cost=0.00..67604.59 rows=231837 width=4) (actual time=0.025..1030.926 rows=231649 loops=1)
                          Filter: (production_year > 2011)
                          Rows Removed by Filter: 2296663
Planning time: 1.220 ms
Execution time: 9117.491 ms
