Hash Join  (cost=75271.48..1060852.10 rows=515941 width=0) (actual time=3242.509..24766.657 rows=678372 loops=1)
  Hash Cond: (ci.movie_id = t.id)
  ->  Seq Scan on cast_info ci  (cost=0.00..796071.18 rows=15916008 width=4) (actual time=1966.858..17694.012 rows=15467160 loops=1)
        Filter: ((person_id < 3934662) AND (role_id > 2))
        Rows Removed by Filter: 20777184
  ->  Hash  (cost=73925.90..73925.90 rows=81966 width=4) (actual time=1274.452..1274.452 rows=83850 loops=1)
        Buckets: 131072  Batches: 2  Memory Usage: 2499kB
        ->  Seq Scan on title t  (cost=0.00..73925.90 rows=81966 width=4) (actual time=370.424..1244.615 rows=83850 loops=1)
              Filter: ((production_year > 1974) AND (kind_id = 3))
              Rows Removed by Filter: 2444462
Planning time: 0.797 ms
Execution time: 24854.138 ms
