Hash Join  (cost=202331.89..711107.02 rows=988232 width=0) (actual time=3981.703..16473.711 rows=4721877 loops=1)
  Hash Cond: (mi.movie_id = t.id)
  ->  Seq Scan on movie_info mi  (cost=0.00..309384.22 rows=14739122 width=4) (actual time=0.017..5905.657 rows=14835720 loops=1)
  ->  Hash  (cost=199549.72..199549.72 rows=169533 width=8) (actual time=3980.839..3980.839 rows=250818 loops=1)
        Buckets: 131072  Batches: 4  Memory Usage: 3469kB
        ->  Hash Join  (cost=75481.35..199549.72 rows=169533 width=8) (actual time=1314.274..3909.059 rows=250818 loops=1)
              Hash Cond: (mk.movie_id = t.id)
              ->  Seq Scan on movie_keyword mk  (cost=0.00..69693.30 rows=4523930 width=4) (actual time=0.011..1369.866 rows=4523930 loops=1)
              ->  Hash  (cost=73925.90..73925.90 rows=94756 width=4) (actual time=1239.125..1239.125 rows=100454 loops=1)
                    Buckets: 131072  Batches: 2  Memory Usage: 2801kB
                    ->  Seq Scan on title t  (cost=0.00..73925.90 rows=94756 width=4) (actual time=628.471..1202.609 rows=100454 loops=1)
                          Filter: ((production_year > 1932) AND (kind_id = 3))
                          Rows Removed by Filter: 2427858
Planning time: 1.185 ms
Execution time: 16937.131 ms
