Hash Join  (cost=446007.29..523429.44 rows=172062 width=0) (actual time=8203.422..11092.878 rows=1070024 loops=1)
  Hash Cond: (mc.movie_id = t.id)
  ->  Seq Scan on movie_companies mc  (cost=0.00..44881.29 rows=2609129 width=4) (actual time=0.010..959.909 rows=2609129 loops=1)
  ->  Hash  (cost=443270.95..443270.95 rows=166747 width=8) (actual time=8202.566..8202.566 rows=476340 loops=1)
        Buckets: 131072 (originally 131072)  Batches: 8 (originally 4)  Memory Usage: 3360kB
        ->  Hash Join  (cost=79362.67..443270.95 rows=166747 width=8) (actual time=2917.611..8043.808 rows=476340 loops=1)
              Hash Cond: (mi.movie_id = t.id)
              ->  Seq Scan on movie_info mi  (cost=0.00..346232.03 rows=1272478 width=4) (actual time=1557.622..5795.849 rows=1325361 loops=1)
                    Filter: (info_type_id = 8)
                    Rows Removed by Filter: 13510359
              ->  Hash  (cost=73925.90..73925.90 rows=331341 width=4) (actual time=1359.210..1359.210 rows=454939 loops=1)
                    Buckets: 131072  Batches: 8  Memory Usage: 3039kB
                    ->  Seq Scan on title t  (cost=0.00..73925.90 rows=331341 width=4) (actual time=0.018..1207.912 rows=454939 loops=1)
                          Filter: ((kind_id < 4) AND (production_year < 1999))
                          Rows Removed by Filter: 2073373
Planning time: 1.179 ms
Execution time: 11225.869 ms
