Seq Scan on cast_info ci  (cost=0.00..705507.15 rows=500 width=0) (actual time=477.953..11092.029 rows=9 loops=1)
  Filter: (person_id = 1626498)
  Rows Removed by Filter: 36244335
Planning time: 0.355 ms
Execution time: 11092.125 ms
