Hash Join  (cost=79366.51..523494.51 rows=983952 width=0) (actual time=1567.228..11909.238 rows=2055404 loops=1)
  Hash Cond: (mi.movie_id = t.id)
  ->  Seq Scan on movie_info mi  (cost=0.00..346232.03 rows=7503588 width=4) (actual time=198.514..6367.018 rows=7548855 loops=1)
        Filter: (info_type_id > 7)
        Rows Removed by Filter: 7286865
  ->  Hash  (cost=73925.90..73925.90 rows=331568 width=4) (actual time=1367.479..1367.479 rows=445194 loops=1)
        Buckets: 131072  Batches: 8  Memory Usage: 3000kB
        ->  Seq Scan on title t  (cost=0.00..73925.90 rows=331568 width=4) (actual time=0.021..1215.136 rows=445194 loops=1)
              Filter: ((kind_id < 7) AND (production_year < 1996))
              Rows Removed by Filter: 2083118
Planning time: 0.812 ms
Execution time: 12136.822 ms
