Hash Join  (cost=925009.12..1449984.78 rows=4233274 width=0) (actual time=18227.227..34681.423 rows=12344737 loops=1)
  Hash Cond: (mi.movie_id = t.id)
  ->  Seq Scan on movie_info mi  (cost=0.00..309384.22 rows=14739122 width=4) (actual time=0.021..6113.497 rows=14835720 loops=1)
  ->  Hash  (cost=913094.28..913094.28 rows=726227 width=8) (actual time=18226.122..18226.122 rows=783647 loops=1)
        Buckets: 131072  Batches: 16  Memory Usage: 2936kB
        ->  Hash Join  (cost=81720.25..913094.28 rows=726227 width=8) (actual time=3506.814..17974.015 rows=783647 loops=1)
              Hash Cond: (ci.movie_id = t.id)
              ->  Seq Scan on cast_info ci  (cost=0.00..796071.18 rows=2134288 width=4) (actual time=2059.230..14735.385 rows=2184382 loops=1)
                    Filter: ((person_id > 763602) AND (role_id = 4))
                    Rows Removed by Filter: 34059962
              ->  Hash  (cost=67604.59..67604.59 rows=860373 width=4) (actual time=1446.576..1446.576 rows=854214 loops=1)
                    Buckets: 131072  Batches: 16  Memory Usage: 2897kB
                    ->  Seq Scan on title t  (cost=0.00..67604.59 rows=860373 width=4) (actual time=0.024..1183.895 rows=854214 loops=1)
                          Filter: (kind_id < 4)
                          Rows Removed by Filter: 1674098
Planning time: 1.174 ms
Execution time: 35991.313 ms
