Hash Join  (cost=102767.86..245300.06 rows=2146528 width=0) (actual time=2032.706..5943.638 rows=2153707 loops=1)
  Hash Cond: (mk.movie_id = t.id)
  ->  Seq Scan on movie_keyword mk  (cost=0.00..81003.12 rows=2146528 width=4) (actual time=0.010..1629.246 rows=2153707 loops=1)
        Filter: (keyword_id < 4066)
        Rows Removed by Filter: 2370223
  ->  Hash  (cost=61283.27..61283.27 rows=2528527 width=4) (actual time=2030.124..2030.124 rows=2528312 loops=1)
        Buckets: 131072  Batches: 64  Memory Usage: 2425kB
        ->  Seq Scan on title t  (cost=0.00..61283.27 rows=2528527 width=4) (actual time=0.013..1161.425 rows=2528312 loops=1)
Planning time: 2.015 ms
Execution time: 6187.077 ms
