Hash Join  (cost=102767.86..1102532.63 rows=11818315 width=0) (actual time=6727.283..24705.171 rows=11895764 loops=1)
  Hash Cond: (ci.movie_id = t.id)
  ->  Seq Scan on cast_info ci  (cost=0.00..705507.15 rows=11818315 width=4) (actual time=4804.360..13262.110 rows=11895764 loops=1)
        Filter: (person_id > 2500720)
        Rows Removed by Filter: 24348580
  ->  Hash  (cost=61283.27..61283.27 rows=2528527 width=4) (actual time=1921.756..1921.756 rows=2528312 loops=1)
        Buckets: 131072  Batches: 64  Memory Usage: 2415kB
        ->  Seq Scan on title t  (cost=0.00..61283.27 rows=2528527 width=4) (actual time=0.022..1129.011 rows=2528312 loops=1)
Planning time: 0.708 ms
Execution time: 25983.281 ms
