Hash Join  (cost=83810.17..853906.47 rows=1533595 width=0) (actual time=1487.048..15415.039 rows=1519174 loops=1)
  Hash Cond: (ci.movie_id = t.id)
  ->  Seq Scan on cast_info ci  (cost=0.00..705507.15 rows=3925919 width=4) (actual time=0.021..11250.576 rows=3977556 loops=1)
        Filter: (person_id > 3329790)
        Rows Removed by Filter: 32266788
  ->  Hash  (cost=67604.59..67604.59 rows=987727 width=4) (actual time=1485.941..1485.941 rows=985048 loops=1)
        Buckets: 131072  Batches: 16  Memory Usage: 3188kB
        ->  Seq Scan on title t  (cost=0.00..67604.59 rows=987727 width=4) (actual time=0.026..1179.371 rows=985048 loops=1)
              Filter: (kind_id < 7)
              Rows Removed by Filter: 1543264
Planning time: 0.799 ms
Execution time: 15577.036 ms
