Hash Join  (cost=102767.86..274183.65 rows=3346872 width=0) (actual time=1955.557..7180.785 rows=3340584 loops=1)
  Hash Cond: (mk.movie_id = t.id)
  ->  Seq Scan on movie_keyword mk  (cost=0.00..81003.12 rows=3346872 width=4) (actual time=0.013..1805.098 rows=3340584 loops=1)
        Filter: (keyword_id > 1401)
        Rows Removed by Filter: 1183346
  ->  Hash  (cost=61283.27..61283.27 rows=2528527 width=4) (actual time=1953.665..1953.665 rows=2528312 loops=1)
        Buckets: 131072  Batches: 64  Memory Usage: 2425kB
        ->  Seq Scan on title t  (cost=0.00..61283.27 rows=2528527 width=4) (actual time=0.016..1096.855 rows=2528312 loops=1)
Planning time: 0.761 ms
Execution time: 7555.003 ms
