Hash Join  (cost=1074559.98..1853695.05 rows=22872944 width=0) (actual time=27765.201..72643.013 rows=117951478 loops=1)
  Hash Cond: (mi.movie_id = t.id)
  ->  Seq Scan on movie_info mi  (cost=0.00..309384.22 rows=14739122 width=4) (actual time=0.011..6149.571 rows=14835720 loops=1)
  ->  Hash  (cost=1010183.21..1010183.21 rows=3923901 width=8) (actual time=27763.504..27763.504 rows=8389888 loops=1)
        Buckets: 131072 (originally 131072)  Batches: 128 (originally 64)  Memory Usage: 3623kB
        ->  Hash Join  (cost=97066.09..1010183.21 rows=3923901 width=8) (actual time=9388.105..25252.422 rows=8389888 loops=1)
              Hash Cond: (ci.movie_id = t.id)
              ->  Seq Scan on cast_info ci  (cost=0.00..796071.18 rows=5525187 width=4) (actual time=7493.160..13931.383 rows=11253375 loops=1)
                    Filter: ((person_id < 1541505) AND (role_id < 2))
                    Rows Removed by Filter: 24990969
              ->  Hash  (cost=67604.59..67604.59 rows=1795720 width=4) (actual time=1894.043..1894.043 rows=1794153 loops=1)
                    Buckets: 131072  Batches: 32  Memory Usage: 2992kB
                    ->  Seq Scan on title t  (cost=0.00..67604.59 rows=1795720 width=4) (actual time=0.029..1330.743 rows=1794153 loops=1)
                          Filter: (production_year < 2009)
                          Rows Removed by Filter: 734159
Planning time: 1.259 ms
Execution time: 85245.201 ms
