Hash Join  (cost=153934.73..263856.15 rows=101100 width=0) (actual time=3045.580..5380.100 rows=135714 loops=1)
  Hash Cond: (mk.movie_id = t.id)
  ->  Seq Scan on movie_keyword mk  (cost=0.00..81003.12 rows=2377143 width=4) (actual time=0.011..1599.150 rows=2377585 loops=1)
        Filter: (keyword_id < 5443)
        Rows Removed by Filter: 2146345
  ->  Hash  (cost=152169.51..152169.51 rows=107538 width=8) (actual time=3044.817..3044.817 rows=66403 loops=1)
        Buckets: 131072  Batches: 2  Memory Usage: 2325kB
        ->  Hash Join  (cost=75636.60..152169.51 rows=107538 width=8) (actual time=1267.111..3021.652 rows=66403 loops=1)
              Hash Cond: (mc.movie_id = t.id)
              ->  Seq Scan on movie_companies mc  (cost=0.00..44881.29 rows=2609129 width=4) (actual time=0.013..870.024 rows=2609129 loops=1)
              ->  Hash  (cost=73925.90..73925.90 rows=104216 width=4) (actual time=1266.178..1266.178 rows=108513 loops=1)
                    Buckets: 131072  Batches: 2  Memory Usage: 2931kB
                    ->  Seq Scan on title t  (cost=0.00..73925.90 rows=104216 width=4) (actual time=0.015..1224.486 rows=108513 loops=1)
                          Filter: ((kind_id > 1) AND (production_year = 2010))
                          Rows Removed by Filter: 2419799
Planning time: 0.784 ms
Execution time: 5396.774 ms
