Hash Join  (cost=226884.15..766879.96 rows=5640888 width=0) (actual time=6209.039..53032.353 rows=153602495 loops=1)
  Hash Cond: (mi.movie_id = t.id)
  ->  Seq Scan on movie_info mi  (cost=0.00..309384.22 rows=14739122 width=4) (actual time=0.023..6227.528 rows=14835720 loops=1)
  ->  Hash  (cost=211006.83..211006.83 rows=967706 width=8) (actual time=6207.721..6207.721 rows=2224215 loops=1)
        Buckets: 131072 (originally 131072)  Batches: 32 (originally 16)  Memory Usage: 3813kB
        ->  Hash Join  (cost=80042.24..211006.83 rows=967706 width=8) (actual time=1603.356..5543.169 rows=2224215 loops=1)
              Hash Cond: (mk.movie_id = t.id)
              ->  Seq Scan on movie_keyword mk  (cost=0.00..81003.12 rows=3227841 width=4) (actual time=0.787..1784.323 rows=3213291 loops=1)
                    Filter: (keyword_id < 13411)
                    Rows Removed by Filter: 1310639
              ->  Hash  (cost=67604.59..67604.59 rows=758052 width=4) (actual time=1601.380..1601.380 rows=753677 loops=1)
                    Buckets: 131072  Batches: 16  Memory Usage: 2686kB
                    ->  Seq Scan on title t  (cost=0.00..67604.59 rows=758052 width=4) (actual time=0.017..1340.911 rows=753677 loops=1)
                          Filter: (kind_id < 3)
                          Rows Removed by Filter: 1774635
Planning time: 1.220 ms
Execution time: 69374.252 ms
