Seq Scan on cast_info ci  (cost=0.00..796071.18 rows=3648212 width=0) (actual time=1530.822..12460.989 rows=2227028 loops=1)
  Filter: ((person_id < 784830) AND (role_id > 2))
  Rows Removed by Filter: 34017316
Planning time: 0.664 ms
Execution time: 12739.816 ms
