Hash Join  (cost=190230.21..1053390.10 rows=1978428 width=0) (actual time=13053.069..22360.250 rows=2785037 loops=1)
  Hash Cond: (ci.movie_id = t.id)
  ->  Seq Scan on cast_info ci  (cost=0.00..796071.18 rows=3624914 width=4) (actual time=8351.867..15974.949 rows=1695644 loops=1)
        Filter: ((person_id < 3057962) AND (role_id = 10))
        Rows Removed by Filter: 34548700
  ->  Hash  (cost=167588.78..167588.78 rows=1380035 width=8) (actual time=4699.721..4699.721 rows=1380035 loops=1)
        Buckets: 131072  Batches: 32  Memory Usage: 2708kB
        ->  Hash Join  (cost=102767.86..167588.78 rows=1380035 width=8) (actual time=2261.750..4292.098 rows=1380035 loops=1)
              Hash Cond: (mi_idx.movie_id = t.id)
              ->  Seq Scan on movie_info_idx mi_idx  (cost=0.00..21735.35 rows=1380035 width=4) (actual time=0.020..449.503 rows=1380035 loops=1)
              ->  Hash  (cost=61283.27..61283.27 rows=2528527 width=4) (actual time=2259.762..2259.762 rows=2528312 loops=1)
                    Buckets: 131072  Batches: 64  Memory Usage: 2415kB
                    ->  Seq Scan on title t  (cost=0.00..61283.27 rows=2528527 width=4) (actual time=0.024..1135.327 rows=2528312 loops=1)
Planning time: 1.167 ms
Execution time: 22659.962 ms
