Hash Join  (cost=83421.83..1202408.46 rows=8292246 width=0) (actual time=2017.955..34760.457 rows=8221300 loops=1)
  Hash Cond: (ci.movie_id = t.id)
  ->  Seq Scan on cast_info ci  (cost=0.00..614943.12 rows=36225612 width=4) (actual time=0.021..12808.895 rows=36244344 loops=1)
  ->  Hash  (cost=73925.90..73925.90 rows=578794 width=4) (actual time=2017.022..2017.022 rows=457365 loops=1)
        Buckets: 131072  Batches: 8  Memory Usage: 3047kB
        ->  Seq Scan on title t  (cost=0.00..73925.90 rows=578794 width=4) (actual time=0.013..1299.282 rows=457365 loops=1)
              Filter: ((production_year > 1962) AND (kind_id = 1))
              Rows Removed by Filter: 2070947
Planning time: 1.145 ms
Execution time: 35731.789 ms
