Seq Scan on movie_companies mc  (cost=0.00..51404.11 rows=104 width=0) (actual time=10.460..712.368 rows=83 loops=1)
  Filter: (company_id = 15059)
  Rows Removed by Filter: 2609046
Planning time: 0.377 ms
Execution time: 712.506 ms
