Hash Join  (cost=94009.45..169323.08 rows=368388 width=0) (actual time=1818.420..3608.461 rows=424595 loops=1)
  Hash Cond: (mc.movie_id = t.id)
  ->  Seq Scan on movie_companies mc  (cost=0.00..57926.93 rows=578763 width=4) (actual time=0.029..1035.604 rows=787629 loops=1)
        Filter: ((company_id < 9994) AND (company_type_id = 1))
        Rows Removed by Filter: 1821500
  ->  Hash  (cost=67604.59..67604.59 rows=1609429 width=4) (actual time=1817.530..1817.530 rows=1607077 loops=1)
        Buckets: 131072  Batches: 32  Memory Usage: 2791kB
        ->  Seq Scan on title t  (cost=0.00..67604.59 rows=1609429 width=4) (actual time=0.025..1306.630 rows=1607077 loops=1)
              Filter: (production_year > 1995)
              Rows Removed by Filter: 921235
Planning time: 5.107 ms
Execution time: 3655.169 ms
