Seq Scan on movie_keyword mk  (cost=0.00..81003.12 rows=4340696 width=0) (actual time=0.031..1657.678 rows=4336420 loops=1)
  Filter: (keyword_id < 71440)
  Rows Removed by Filter: 187510
Planning time: 0.999 ms
Execution time: 2202.353 ms
