Nested Loop  (cost=32814.54..229275.87 rows=20119 width=0) (actual time=658.197..6656.874 rows=86341 loops=1)
  ->  Hash Join  (cost=32814.11..136733.43 rows=109574 width=8) (actual time=658.133..2207.494 rows=86341 loops=1)
        Hash Cond: (mk.movie_id = mi_idx.movie_id)
        ->  Seq Scan on movie_keyword mk  (cost=0.00..81003.12 rows=109414 width=4) (actual time=0.045..1363.274 rows=121921 loops=1)
              Filter: (keyword_id < 117)
              Rows Removed by Filter: 4402009
        ->  Hash  (cost=25185.44..25185.44 rows=464934 width=4) (actual time=656.995..656.995 rows=460185 loops=1)
              Buckets: 131072  Batches: 8  Memory Usage: 3060kB
              ->  Seq Scan on movie_info_idx mi_idx  (cost=0.00..25185.44 rows=464934 width=4) (actual time=0.012..514.044 rows=460185 loops=1)
                    Filter: (info_type_id > 100)
                    Rows Removed by Filter: 919850
  ->  Index Only Scan using title_pkey on title t  (cost=0.43..0.83 rows=1 width=4) (actual time=0.051..0.051 rows=1 loops=86341)
        Index Cond: (id = mi_idx.movie_id)
        Heap Fetches: 86341
Planning time: 0.762 ms
Execution time: 6675.184 ms
