Hash Join  (cost=114961.80..208953.46 rows=50354 width=0) (actual time=2223.700..4189.216 rows=581799 loops=1)
  Hash Cond: (mk.movie_id = t.id)
  ->  Seq Scan on movie_keyword mk  (cost=0.00..81003.12 rows=1038132 width=4) (actual time=0.021..1220.964 rows=1047812 loops=1)
        Filter: (keyword_id > 16940)
        Rows Removed by Filter: 3476118
  ->  Hash  (cost=112948.73..112948.73 rows=122645 width=8) (actual time=2222.812..2222.812 rows=209880 loops=1)
        Buckets: 131072 (originally 131072)  Batches: 4 (originally 2)  Memory Usage: 3084kB
        ->  Hash Join  (cost=78556.72..112948.73 rows=122645 width=8) (actual time=1441.672..2147.448 rows=209880 loops=1)
              Hash Cond: (mi_idx.movie_id = t.id)
              ->  Seq Scan on movie_info_idx mi_idx  (cost=0.00..25185.44 rows=464566 width=4) (actual time=0.021..506.077 rows=459925 loops=1)
                    Filter: (info_type_id = 101)
                    Rows Removed by Filter: 920110
              ->  Hash  (cost=67604.59..67604.59 rows=667531 width=4) (actual time=1213.450..1213.450 rows=662825 loops=1)
                    Buckets: 131072  Batches: 16  Memory Usage: 2476kB
                    ->  Seq Scan on title t  (cost=0.00..67604.59 rows=667531 width=4) (actual time=201.665..1027.015 rows=662825 loops=1)
                          Filter: (kind_id = 1)
                          Rows Removed by Filter: 1865487
Planning time: 1.153 ms
Execution time: 4258.789 ms
