Hash Join  (cost=85000.09..159501.08 rows=383729 width=0) (actual time=1549.785..3376.547 rows=206941 loops=1)
  Hash Cond: (mc.movie_id = t.id)
  ->  Seq Scan on movie_companies mc  (cost=0.00..51404.11 rows=1437488 width=4) (actual time=0.013..993.547 rows=1429057 loops=1)
        Filter: (company_id < 12629)
        Rows Removed by Filter: 1180072
  ->  Hash  (cost=73925.90..73925.90 rows=674975 width=4) (actual time=1548.086..1548.086 rows=739679 loops=1)
        Buckets: 131072  Batches: 16  Memory Usage: 2654kB
        ->  Seq Scan on title t  (cost=0.00..73925.90 rows=674975 width=4) (actual time=312.030..1322.137 rows=739679 loops=1)
              Filter: ((production_year > 2004) AND (kind_id = 7))
              Rows Removed by Filter: 1788633
Planning time: 0.813 ms
Execution time: 3401.708 ms
