Hash Join  (cost=102767.86..175542.26 rows=206490 width=0) (actual time=2428.892..3683.551 rows=323207 loops=1)
  Hash Cond: (mc.movie_id = t.id)
  ->  Seq Scan on movie_companies mc  (cost=0.00..57926.93 rows=206490 width=4) (actual time=264.930..876.726 rows=323207 loops=1)
        Filter: ((company_id < 302) AND (company_type_id < 2))
        Rows Removed by Filter: 2285922
  ->  Hash  (cost=61283.27..61283.27 rows=2528527 width=4) (actual time=2162.677..2162.677 rows=2528312 loops=1)
        Buckets: 131072  Batches: 64  Memory Usage: 2415kB
        ->  Seq Scan on title t  (cost=0.00..61283.27 rows=2528527 width=4) (actual time=0.025..1061.883 rows=2528312 loops=1)
Planning time: 0.747 ms
Execution time: 3720.614 ms
