Hash Join  (cost=928837.23..1615603.76 rows=15942879 width=0) (actual time=18996.857..40093.972 rows=23929675 loops=1)
  Hash Cond: (mi.movie_id = t.id)
  ->  Seq Scan on movie_info mi  (cost=0.00..309384.22 rows=14739122 width=4) (actual time=0.016..6274.881 rows=14835720 loops=1)
  ->  Hash  (cost=883965.31..883965.31 rows=2735034 width=8) (actual time=18995.452..18995.452 rows=2728943 loops=1)
        Buckets: 131072  Batches: 64  Memory Usage: 2692kB
        ->  Hash Join  (cost=102767.86..883965.31 rows=2735034 width=8) (actual time=1967.493..18181.637 rows=2728943 loops=1)
              Hash Cond: (ci.movie_id = t.id)
              ->  Seq Scan on cast_info ci  (cost=0.00..705507.15 rows=2735034 width=4) (actual time=0.012..13525.270 rows=2728943 loops=1)
                    Filter: (role_id = 4)
                    Rows Removed by Filter: 33515401
              ->  Hash  (cost=61283.27..61283.27 rows=2528527 width=4) (actual time=1966.067..1966.067 rows=2528312 loops=1)
                    Buckets: 131072  Batches: 64  Memory Usage: 2415kB
                    ->  Seq Scan on title t  (cost=0.00..61283.27 rows=2528527 width=4) (actual time=0.016..1095.843 rows=2528312 loops=1)
Planning time: 1.159 ms
Execution time: 42825.695 ms
