Seq Scan on cast_info ci  (cost=0.00..705507.15 rows=1781578 width=0) (actual time=6662.967..11136.540 rows=1822139 loops=1)
  Filter: (person_id > 3701888)
  Rows Removed by Filter: 34422205
Planning time: 0.333 ms
Execution time: 11359.880 ms
