Seq Scan on cast_info ci  (cost=0.00..705507.15 rows=500 width=0) (actual time=657.320..11006.971 rows=1 loops=1)
  Filter: (person_id = 2994883)
  Rows Removed by Filter: 36244343
Planning time: 0.364 ms
Execution time: 11007.054 ms
