Hash Join  (cost=91959.31..1075863.21 rows=6130143 width=0) (actual time=1688.915..18890.913 rows=2736308 loops=1)
  Hash Cond: (ci.movie_id = t.id)
  ->  Seq Scan on cast_info ci  (cost=0.00..796071.18 rows=10441677 width=4) (actual time=0.461..13491.785 rows=4468954 loops=1)
        Filter: ((person_id < 1581132) AND (role_id > 1))
        Rows Removed by Filter: 31775390
  ->  Hash  (cost=67604.59..67604.59 rows=1484458 width=4) (actual time=1669.481..1669.481 rows=1485030 loops=1)
        Buckets: 131072  Batches: 32  Memory Usage: 2655kB
        ->  Seq Scan on title t  (cost=0.00..67604.59 rows=1484458 width=4) (actual time=0.016..1207.149 rows=1485030 loops=1)
              Filter: (production_year > 1998)
              Rows Removed by Filter: 1043282
Planning time: 0.805 ms
Execution time: 19234.825 ms
