Hash Join  (cost=74207.10..134124.71 rows=4613 width=0) (actual time=1637.328..2143.270 rows=12615 loops=1)
  Hash Cond: (mc.movie_id = t.id)
  ->  Seq Scan on movie_companies mc  (cost=0.00..57926.93 rows=518544 width=4) (actual time=378.714..932.491 rows=829068 loops=1)
        Filter: ((company_id > 15713) AND (company_type_id > 1))
        Rows Removed by Filter: 1780061
  ->  Hash  (cost=73925.90..73925.90 rows=22496 width=4) (actual time=1040.606..1040.606 rows=13050 loops=1)
        Buckets: 32768  Batches: 1  Memory Usage: 715kB
        ->  Seq Scan on title t  (cost=0.00..73925.90 rows=22496 width=4) (actual time=320.588..1034.888 rows=13050 loops=1)
              Filter: ((kind_id = 1) AND (production_year = 2004))
              Rows Removed by Filter: 2515262
Planning time: 0.772 ms
Execution time: 2145.331 ms
