Seq Scan on cast_info ci  (cost=0.00..796071.18 rows=1564499 width=0) (actual time=0.054..11456.807 rows=3493389 loops=1)
  Filter: ((person_id > 3424824) AND (role_id > 2))
  Rows Removed by Filter: 32750955
Planning time: 0.339 ms
Execution time: 11884.453 ms
