Nested Loop  (cost=0.43..83072.90 rows=1 width=0) (actual time=1031.324..1192.652 rows=1 loops=1)
  ->  Seq Scan on movie_keyword mk  (cost=0.00..81003.12 rows=246 width=4) (actual time=29.286..1189.331 rows=73 loops=1)
        Filter: (keyword_id = 11337)
        Rows Removed by Filter: 4523857
  ->  Index Scan using title_pkey on title t  (cost=0.43..8.40 rows=1 width=4) (actual time=0.041..0.041 rows=0 loops=73)
        Index Cond: (id = mk.movie_id)
        Filter: ((kind_id = 1) AND (production_year = 1984))
        Rows Removed by Filter: 1
Planning time: 0.733 ms
Execution time: 1192.768 ms
