Hash Join  (cost=74440.79..133433.51 rows=31593 width=0) (actual time=1451.383..2567.285 rows=11116 loops=1)
  Hash Cond: (mc.movie_id = t.id)
  ->  Seq Scan on movie_companies mc  (cost=0.00..51404.11 rows=1939380 width=4) (actual time=0.026..909.559 rows=1934920 loops=1)
        Filter: (company_id < 49666)
        Rows Removed by Filter: 674209
  ->  Hash  (cost=73925.90..73925.90 rows=41191 width=4) (actual time=1184.175..1184.175 rows=43851 loops=1)
        Buckets: 65536  Batches: 1  Memory Usage: 2054kB
        ->  Seq Scan on title t  (cost=0.00..73925.90 rows=41191 width=4) (actual time=0.027..1165.703 rows=43851 loops=1)
              Filter: ((kind_id = 7) AND (production_year = 2003))
              Rows Removed by Filter: 2484461
Planning time: 0.775 ms
Execution time: 2568.863 ms
