Hash Join  (cost=266370.86..454795.75 rows=4523603 width=0) (actual time=6038.938..17852.917 rows=34205045 loops=1)
  Hash Cond: (mk.movie_id = t.id)
  ->  Seq Scan on movie_keyword mk  (cost=0.00..69693.30 rows=4523930 width=4) (actual time=0.021..1449.854 rows=4523930 loops=1)
  ->  Hash  (cost=224889.56..224889.56 rows=2528344 width=8) (actual time=6035.538..6035.538 rows=2528403 loops=1)
        Buckets: 131072  Batches: 64  Memory Usage: 2641kB
        ->  Hash Join  (cost=102767.86..224889.56 rows=2528344 width=8) (actual time=1876.262..5374.568 rows=2528403 loops=1)
              Hash Cond: (mc.movie_id = t.id)
              ->  Seq Scan on movie_companies mc  (cost=0.00..51404.11 rows=2528344 width=4) (actual time=0.073..1182.054 rows=2528403 loops=1)
                    Filter: (company_id < 169580)
                    Rows Removed by Filter: 80726
              ->  Hash  (cost=61283.27..61283.27 rows=2528527 width=4) (actual time=1874.894..1874.894 rows=2528312 loops=1)
                    Buckets: 131072  Batches: 64  Memory Usage: 2415kB
                    ->  Seq Scan on title t  (cost=0.00..61283.27 rows=2528527 width=4) (actual time=0.018..1051.261 rows=2528312 loops=1)
Planning time: 1.107 ms
Execution time: 21762.300 ms
