Nested Loop  (cost=0.43..83072.29 rows=116 width=0) (actual time=4.001..1268.917 rows=97 loops=1)
  ->  Seq Scan on movie_keyword mk  (cost=0.00..81003.12 rows=246 width=4) (actual time=3.951..1250.111 rows=335 loops=1)
        Filter: (keyword_id = 7455)
        Rows Removed by Filter: 4523595
  ->  Index Scan using title_pkey on title t  (cost=0.43..8.40 rows=1 width=4) (actual time=0.054..0.054 rows=0 loops=335)
        Index Cond: (id = mk.movie_id)
        Filter: (production_year > 2003)
        Rows Removed by Filter: 1
Planning time: 0.456 ms
Execution time: 1269.083 ms
