Hash Join  (cost=76243.83..197666.08 rows=183760 width=0) (actual time=2580.674..3771.851 rows=31601 loops=1)
  Hash Cond: (mk.movie_id = t.id)
  ->  Seq Scan on movie_keyword mk  (cost=0.00..81003.12 rows=3288939 width=4) (actual time=0.016..1721.840 rows=3273125 loops=1)
        Filter: (keyword_id > 1590)
        Rows Removed by Filter: 1250805
  ->  Hash  (cost=73925.90..73925.90 rows=141274 width=4) (actual time=957.997..957.997 rows=150659 loops=1)
        Buckets: 131072  Batches: 2  Memory Usage: 3679kB
        ->  Seq Scan on title t  (cost=0.00..73925.90 rows=141274 width=4) (actual time=35.780..787.632 rows=150659 loops=1)
              Filter: ((production_year > 2011) AND (kind_id = 7))
              Rows Removed by Filter: 2377653
Planning time: 0.711 ms
Execution time: 3776.083 ms
