Hash Join  (cost=69305.46..107968.76 rows=56582 width=0) (actual time=1198.418..2081.992 rows=21126 loops=1)
  Hash Cond: (mi_idx.movie_id = t.id)
  ->  Seq Scan on movie_info_idx mi_idx  (cost=0.00..21735.35 rows=1380035 width=4) (actual time=0.022..430.565 rows=1380035 loops=1)
  ->  Hash  (cost=67604.59..67604.59 rows=103670 width=4) (actual time=1197.262..1197.262 rows=103980 loops=1)
        Buckets: 131072  Batches: 2  Memory Usage: 2847kB
        ->  Seq Scan on title t  (cost=0.00..67604.59 rows=103670 width=4) (actual time=93.914..1023.553 rows=103980 loops=1)
              Filter: (production_year < 1926)
              Rows Removed by Filter: 2424332
Planning time: 0.700 ms
Execution time: 2084.946 ms
