Hash Join  (cost=67697.55..94648.62 rows=4059 width=0) (actual time=1148.705..1771.474 rows=6167 loops=1)
  Hash Cond: (mi_idx.movie_id = t.id)
  ->  Seq Scan on movie_info_idx mi_idx  (cost=0.00..21735.35 rows=1380035 width=4) (actual time=0.017..310.151 rows=1380035 loops=1)
  ->  Hash  (cost=67604.59..67604.59 rows=7437 width=4) (actual time=1148.601..1148.601 rows=9768 loops=1)
        Buckets: 16384 (originally 8192)  Batches: 1 (originally 1)  Memory Usage: 472kB
        ->  Seq Scan on title t  (cost=0.00..67604.59 rows=7437 width=4) (actual time=0.117..1143.446 rows=9768 loops=1)
              Filter: (production_year = 1958)
              Rows Removed by Filter: 2518544
Planning time: 0.507 ms
Execution time: 1772.622 ms
