Nested Loop  (cost=32814.54..740426.03 rows=92 width=0) (actual time=9482.104..12025.417 rows=141 loops=1)
  Join Filter: (ci.movie_id = t.id)
  ->  Hash Join  (cost=32814.11..740232.05 rows=229 width=8) (actual time=9482.029..12022.275 rows=141 loops=1)
        Hash Cond: (ci.movie_id = mi_idx.movie_id)
        ->  Seq Scan on cast_info ci  (cost=0.00..705507.15 rows=500 width=4) (actual time=4070.441..11304.126 rows=321 loops=1)
              Filter: (person_id = 1251815)
              Rows Removed by Filter: 36244023
        ->  Hash  (cost=25185.44..25185.44 rows=464934 width=4) (actual time=645.109..645.109 rows=460185 loops=1)
              Buckets: 131072  Batches: 8  Memory Usage: 3051kB
              ->  Seq Scan on movie_info_idx mi_idx  (cost=0.00..25185.44 rows=464934 width=4) (actual time=0.025..499.824 rows=460185 loops=1)
                    Filter: (info_type_id > 100)
                    Rows Removed by Filter: 919850
  ->  Index Only Scan using title_pkey on title t  (cost=0.43..0.83 rows=1 width=4) (actual time=0.021..0.021 rows=1 loops=141)
        Index Cond: (id = mi_idx.movie_id)
        Heap Fetches: 141
Planning time: 1.224 ms
Execution time: 12026.019 ms
