Hash Join  (cost=83580.70..195858.77 rows=686359 width=0) (actual time=1422.548..4114.934 rows=908525 loops=1)
  Hash Cond: (mk.movie_id = t.id)
  ->  Seq Scan on movie_keyword mk  (cost=0.00..81003.12 rows=1782227 width=4) (actual time=0.019..1505.541 rows=1789167 loops=1)
        Filter: (keyword_id > 7768)
        Rows Removed by Filter: 2734763
  ->  Hash  (cost=67604.59..67604.59 rows=973769 width=4) (actual time=1420.975..1420.975 rows=971188 loops=1)
        Buckets: 131072  Batches: 16  Memory Usage: 3168kB
        ->  Seq Scan on title t  (cost=0.00..67604.59 rows=973769 width=4) (actual time=0.015..1110.759 rows=971188 loops=1)
              Filter: (production_year < 1999)
              Rows Removed by Filter: 1557124
Planning time: 0.753 ms
Execution time: 4225.277 ms
