Hash Join  (cost=842372.82..2530217.61 rows=60007251 width=0) (actual time=21722.071..73572.920 rows=109767157 loops=1)
  Hash Cond: (ci.movie_id = t.id)
  ->  Seq Scan on cast_info ci  (cost=0.00..705507.15 rows=16011500 width=4) (actual time=630.579..13784.081 rows=16144293 loops=1)
        Filter: (person_id > 2018581)
        Rows Removed by Filter: 20100051
  ->  Hash  (cost=686901.94..686901.94 rows=9476311 width=8) (actual time=21089.099..21089.099 rows=9565151 loops=1)
        Buckets: 131072  Batches: 128  Memory Usage: 3919kB
        ->  Hash Join  (cost=102767.86..686901.94 rows=9476311 width=8) (actual time=2775.901..18193.465 rows=9565151 loops=1)
              Hash Cond: (mi.movie_id = t.id)
              ->  Seq Scan on movie_info mi  (cost=0.00..346232.03 rows=9476311 width=4) (actual time=3.576..6619.674 rows=9565151 loops=1)
                    Filter: (info_type_id < 16)
                    Rows Removed by Filter: 5270569
              ->  Hash  (cost=61283.27..61283.27 rows=2528527 width=4) (actual time=2771.050..2771.050 rows=2528312 loops=1)
                    Buckets: 131072  Batches: 64  Memory Usage: 2425kB
                    ->  Seq Scan on title t  (cost=0.00..61283.27 rows=2528527 width=4) (actual time=0.021..1023.601 rows=2528312 loops=1)
Planning time: 1.156 ms
Execution time: 85989.099 ms
