Seq Scan on movie_companies mc  (cost=0.00..57926.93 rows=53 width=0) (actual time=2.181..805.878 rows=123 loops=1)
  Filter: ((company_id = 91779) AND (company_type_id = 2))
  Rows Removed by Filter: 2609006
Planning time: 0.464 ms
Execution time: 806.002 ms
