Seq Scan on title t  (cost=0.00..73925.90 rows=21182 width=94) (actual time=0.053..1238.654 rows=18494 loops=1)
  Filter: ((production_year < 1985) AND (kind_id = 2))
  Rows Removed by Filter: 2509818
Planning time: 0.407 ms
Execution time: 1239.927 ms
