Seq Scan on movie_companies mc  (cost=0.00..57926.93 rows=218462 width=0) (actual time=417.148..876.033 rows=432897 loops=1)
  Filter: ((company_id > 78866) AND (company_type_id > 1))
  Rows Removed by Filter: 2176232
Planning time: 0.366 ms
Execution time: 929.111 ms
