Hash Join  (cost=100933.35..155813.48 rows=21461 width=0) (actual time=1791.639..3125.546 rows=58878 loops=1)
  Hash Cond: (mc.movie_id = t.id)
  ->  Seq Scan on movie_companies mc  (cost=0.00..44881.29 rows=2609129 width=4) (actual time=0.022..700.172 rows=2609129 loops=1)
  ->  Hash  (cost=100673.37..100673.37 rows=20798 width=8) (actual time=1791.418..1791.418 rows=19346 loops=1)
        Buckets: 32768  Batches: 1  Memory Usage: 1012kB
        ->  Hash Join  (cost=69460.45..100673.37 rows=20798 width=8) (actual time=1126.785..1783.884 rows=19346 loops=1)
              Hash Cond: (mi_idx.movie_id = t.id)
              ->  Seq Scan on movie_info_idx mi_idx  (cost=0.00..25185.44 rows=464934 width=4) (actual time=0.014..449.010 rows=460185 loops=1)
                    Filter: (info_type_id > 100)
                    Rows Removed by Filter: 919850
              ->  Hash  (cost=67604.59..67604.59 rows=113109 width=4) (actual time=1125.896..1125.896 rows=119565 loops=1)
                    Buckets: 131072  Batches: 2  Memory Usage: 3115kB
                    ->  Seq Scan on title t  (cost=0.00..67604.59 rows=113109 width=4) (actual time=0.036..1081.752 rows=119565 loops=1)
                          Filter: (production_year = 2007)
                          Rows Removed by Filter: 2408747
Planning time: 1.189 ms
Execution time: 3134.706 ms
