Hash Join  (cost=510035.48..659592.68 rows=2261717 width=0) (actual time=9716.472..14773.047 rows=4396339 loops=1)
  Hash Cond: (mk.movie_id = t.id)
  ->  Seq Scan on movie_keyword mk  (cost=0.00..69693.30 rows=4523930 width=4) (actual time=0.011..1448.985 rows=4523930 loops=1)
  ->  Hash  (cost=489295.91..489295.91 rows=1264125 width=8) (actual time=9715.252..9715.252 rows=1288928 loops=1)
        Buckets: 131072  Batches: 32  Memory Usage: 2594kB
        ->  Hash Join  (cost=102767.86..489295.91 rows=1264125 width=8) (actual time=2180.195..9315.092 rows=1288928 loops=1)
              Hash Cond: (mi.movie_id = t.id)
              ->  Seq Scan on movie_info mi  (cost=0.00..346232.03 rows=1264125 width=4) (actual time=249.351..5407.234 rows=1288928 loops=1)
                    Filter: (info_type_id = 2)
                    Rows Removed by Filter: 13546792
              ->  Hash  (cost=61283.27..61283.27 rows=2528527 width=4) (actual time=1929.755..1929.755 rows=2528312 loops=1)
                    Buckets: 131072  Batches: 64  Memory Usage: 2425kB
                    ->  Seq Scan on title t  (cost=0.00..61283.27 rows=2528527 width=4) (actual time=0.017..1073.681 rows=2528312 loops=1)
Planning time: 1.128 ms
Execution time: 15220.378 ms
