Seq Scan on movie_companies mc  (cost=0.00..57926.93 rows=1246312 width=0) (actual time=0.013..1017.092 rows=1296728 loops=1)
  Filter: ((company_id > 33) AND (company_type_id > 1))
  Rows Removed by Filter: 1312401
Planning time: 0.300 ms
Execution time: 1172.636 ms
