Seq Scan on movie_companies mc  (cost=0.00..51404.11 rows=2335364 width=0) (actual time=0.021..1054.433 rows=2339077 loops=1)
  Filter: (company_id > 139)
  Rows Removed by Filter: 270052
Planning time: 0.227 ms
Execution time: 1347.384 ms
