Hash Join  (cost=435171.65..522972.85 rows=114316 width=0) (actual time=7089.658..8865.401 rows=101606 loops=1)
  Hash Cond: (mk.movie_id = t.id)
  ->  Seq Scan on movie_keyword mk  (cost=0.00..69693.30 rows=4523930 width=4) (actual time=0.011..899.083 rows=4523930 loops=1)
  ->  Hash  (cost=434372.97..434372.97 rows=63894 width=8) (actual time=7089.033..7089.033 rows=33770 loops=1)
        Buckets: 65536  Batches: 1  Memory Usage: 1832kB
        ->  Hash Join  (cost=81711.23..434372.97 rows=63894 width=8) (actual time=2559.806..7076.207 rows=33770 loops=1)
              Hash Cond: (mi.movie_id = t.id)
              ->  Seq Scan on movie_info mi  (cost=0.00..346232.03 rows=340474 width=4) (actual time=1303.459..5587.404 rows=328857 loops=1)
                    Filter: (info_type_id = 98)
                    Rows Removed by Filter: 14506863
              ->  Hash  (cost=73925.90..73925.90 rows=474506 width=4) (actual time=1255.391..1255.391 rows=360459 loops=1)
                    Buckets: 131072  Batches: 8  Memory Usage: 2601kB
                    ->  Seq Scan on title t  (cost=0.00..73925.90 rows=474506 width=4) (actual time=0.027..1128.090 rows=360459 loops=1)
                          Filter: ((production_year < 1994) AND (kind_id = 7))
                          Rows Removed by Filter: 2167853
Planning time: 1.162 ms
Execution time: 8878.100 ms
