Seq Scan on cast_info ci  (cost=0.00..796071.18 rows=15536308 width=0) (actual time=0.024..14714.367 rows=16927192 loops=1)
  Filter: ((person_id < 1751350) AND (role_id < 10))
  Rows Removed by Filter: 19317152
Planning time: 3.339 ms
Execution time: 16790.337 ms
