Seq Scan on movie_keyword mk  (cost=0.00..81003.12 rows=246 width=0) (actual time=1.069..1287.774 rows=187 loops=1)
  Filter: (keyword_id = 7157)
  Rows Removed by Filter: 4523743
Planning time: 0.367 ms
Execution time: 1287.964 ms
