Seq Scan on cast_info ci  (cost=0.00..705507.15 rows=3964006 width=0) (actual time=199.135..11374.907 rows=3839272 loops=1)
  Filter: (person_id < 367920)
  Rows Removed by Filter: 32405072
Planning time: 0.323 ms
Execution time: 11861.918 ms
