Hash Join  (cost=102767.86..281002.79 rows=3630265 width=0) (actual time=1951.078..6542.583 rows=3622528 loops=1)
  Hash Cond: (mk.movie_id = t.id)
  ->  Seq Scan on movie_keyword mk  (cost=0.00..81003.12 rows=3630265 width=4) (actual time=0.021..1725.299 rows=3622528 loops=1)
        Filter: (keyword_id > 851)
        Rows Removed by Filter: 901402
  ->  Hash  (cost=61283.27..61283.27 rows=2528527 width=4) (actual time=1949.766..1949.766 rows=2528312 loops=1)
        Buckets: 131072  Batches: 64  Memory Usage: 2425kB
        ->  Seq Scan on title t  (cost=0.00..61283.27 rows=2528527 width=4) (actual time=0.014..1095.502 rows=2528312 loops=1)
Planning time: 0.711 ms
Execution time: 6940.278 ms
