Seq Scan on movie_companies mc  (cost=0.00..57926.93 rows=1167986 width=0) (actual time=310.006..1109.138 rows=1274246 loops=1)
  Filter: ((company_id < 105692) AND (company_type_id < 2))
  Rows Removed by Filter: 1334883
Planning time: 0.305 ms
Execution time: 1273.523 ms
