Hash Join  (cost=137466.38..940682.71 rows=67790 width=0) (actual time=2898.910..14589.047 rows=83925 loops=1)
  Hash Cond: (ci.movie_id = t.id)
  ->  Seq Scan on cast_info ci  (cost=0.00..796071.18 rows=421930 width=4) (actual time=0.129..11448.363 rows=484006 loops=1)
        Filter: ((person_id < 69643) AND (role_id < 3))
        Rows Removed by Filter: 35760338
  ->  Hash  (cost=130801.22..130801.22 rows=406253 width=8) (actual time=2897.554..2897.554 rows=256629 loops=1)
        Buckets: 131072  Batches: 8  Memory Usage: 2271kB
        ->  Hash Join  (cost=86138.21..130801.22 rows=406253 width=8) (actual time=1580.747..2823.129 rows=256629 loops=1)
              Hash Cond: (mi_idx.movie_id = t.id)
              ->  Seq Scan on movie_info_idx mi_idx  (cost=0.00..21735.35 rows=1380035 width=4) (actual time=0.014..431.337 rows=1380035 loops=1)
              ->  Hash  (cost=73925.90..73925.90 rows=744344 width=4) (actual time=1579.401..1579.401 rows=796638 loops=1)
                    Buckets: 131072  Batches: 16  Memory Usage: 2779kB
                    ->  Seq Scan on title t  (cost=0.00..73925.90 rows=744344 width=4) (actual time=0.023..1322.735 rows=796638 loops=1)
                          Filter: ((kind_id > 1) AND (production_year > 2005))
                          Rows Removed by Filter: 1731674
Planning time: 0.757 ms
Execution time: 14599.167 ms
