Seq Scan on movie_keyword mk  (cost=0.00..81003.12 rows=2581263 width=0) (actual time=0.027..1363.367 rows=2570634 loops=1)
  Filter: (keyword_id > 3398)
  Rows Removed by Filter: 1953296
Planning time: 0.348 ms
Execution time: 1667.280 ms
