Hash Join  (cost=227809.56..389809.02 rows=2818751 width=0) (actual time=5922.678..15348.288 rows=19955902 loops=1)
  Hash Cond: (mk.movie_id = t.id)
  ->  Seq Scan on movie_keyword mk  (cost=0.00..69693.30 rows=4523930 width=4) (actual time=0.025..1500.332 rows=4523930 loops=1)
  ->  Hash  (cost=201961.26..201961.26 rows=1575464 width=8) (actual time=5921.827..5921.827 rows=1577370 loops=1)
        Buckets: 131072  Batches: 32  Memory Usage: 2998kB
        ->  Hash Join  (cost=102767.86..201961.26 rows=1575464 width=8) (actual time=2557.901..5448.529 rows=1577370 loops=1)
              Hash Cond: (mc.movie_id = t.id)
              ->  Seq Scan on movie_companies mc  (cost=0.00..51404.11 rows=1575464 width=4) (actual time=0.014..1064.344 rows=1577370 loops=1)
                    Filter: (company_id > 5739)
                    Rows Removed by Filter: 1031759
              ->  Hash  (cost=61283.27..61283.27 rows=2528527 width=4) (actual time=2556.381..2556.381 rows=2528312 loops=1)
                    Buckets: 131072  Batches: 64  Memory Usage: 2415kB
                    ->  Seq Scan on title t  (cost=0.00..61283.27 rows=2528527 width=4) (actual time=0.021..1066.081 rows=2528312 loops=1)
Planning time: 4.362 ms
Execution time: 17490.631 ms
