Hash Join  (cost=451201.80..611113.58 rows=790818 width=0) (actual time=10724.188..15152.425 rows=3865355 loops=1)
  Hash Cond: (mk.movie_id = t.id)
  ->  Seq Scan on movie_keyword mk  (cost=0.00..69693.30 rows=4523930 width=4) (actual time=0.012..1504.658 rows=4523930 loops=1)
  ->  Hash  (cost=443949.73..443949.73 rows=442006 width=8) (actual time=10722.769..10722.769 rows=598558 loops=1)
        Buckets: 131072  Batches: 8  Memory Usage: 3909kB
        ->  Hash Join  (cost=74873.74..443949.73 rows=442006 width=8) (actual time=2317.176..10489.437 rows=598558 loops=1)
              Hash Cond: (mi.movie_id = t.id)
              ->  Seq Scan on movie_info mi  (cost=0.00..309384.22 rows=14739122 width=4) (actual time=0.009..4798.450 rows=14835720 loops=1)
              ->  Hash  (cost=73925.90..73925.90 rows=75827 width=4) (actual time=1269.881..1269.881 rows=71711 loops=1)
                    Buckets: 131072  Batches: 1  Memory Usage: 3546kB
                    ->  Seq Scan on title t  (cost=0.00..73925.90 rows=75827 width=4) (actual time=514.140..1242.374 rows=71711 loops=1)
                          Filter: ((production_year > 1984) AND (kind_id = 3))
                          Rows Removed by Filter: 2456601
Planning time: 1.192 ms
Execution time: 15555.927 ms
