Hash Join  (cost=112710.81..868926.95 rows=542697 width=0) (actual time=2121.417..19537.686 rows=813848 loops=1)
  Hash Cond: (ci.movie_id = t.id)
  ->  Seq Scan on cast_info ci  (cost=0.00..614943.12 rows=36225612 width=4) (actual time=0.012..8505.224 rows=36244344 loops=1)
  ->  Hash  (cost=112237.31..112237.31 rows=37880 width=8) (actual time=2120.966..2120.966 rows=22768 loops=1)
        Buckets: 65536  Batches: 1  Memory Usage: 1402kB
        ->  Hash Join  (cost=75636.60..112237.31 rows=37880 width=8) (actual time=1256.423..2112.281 rows=22768 loops=1)
              Hash Cond: (mi_idx.movie_id = t.id)
              ->  Seq Scan on movie_info_idx mi_idx  (cost=0.00..25185.44 rows=919057 width=4) (actual time=0.023..521.466 rows=920110 loops=1)
                    Filter: (info_type_id > 99)
                    Rows Removed by Filter: 459925
              ->  Hash  (cost=73925.90..73925.90 rows=104216 width=4) (actual time=1255.620..1255.620 rows=108513 loops=1)
                    Buckets: 131072  Batches: 2  Memory Usage: 2931kB
                    ->  Seq Scan on title t  (cost=0.00..73925.90 rows=104216 width=4) (actual time=0.133..1214.418 rows=108513 loops=1)
                          Filter: ((kind_id > 1) AND (production_year = 2010))
                          Rows Removed by Filter: 2419799
Planning time: 2.020 ms
Execution time: 19647.146 ms
