Hash Join  (cost=98137.04..1015867.91 rows=4173507 width=0) (actual time=12339.337..23773.547 rows=5002680 loops=1)
  Hash Cond: (ci.movie_id = t.id)
  ->  Seq Scan on cast_info ci  (cost=0.00..796071.18 rows=5670525 width=4) (actual time=9797.511..15673.661 rows=7053405 loops=1)
        Filter: ((person_id > 1198896) AND (role_id > 5))
        Rows Removed by Filter: 29190939
  ->  Hash  (cost=67604.59..67604.59 rows=1860996 width=4) (actual time=2540.242..2540.242 rows=1865487 loops=1)
        Buckets: 131072  Batches: 32  Memory Usage: 3079kB
        ->  Seq Scan on title t  (cost=0.00..67604.59 rows=1860996 width=4) (actual time=0.032..1623.557 rows=1865487 loops=1)
              Filter: (kind_id > 1)
              Rows Removed by Filter: 662825
Planning time: 6.028 ms
Execution time: 24296.117 ms
