Seq Scan on movie_keyword mk  (cost=0.00..81003.12 rows=246 width=0) (actual time=0.727..1226.732 rows=192 loops=1)
  Filter: (keyword_id = 21558)
  Rows Removed by Filter: 4523738
Planning time: 0.361 ms
Execution time: 1226.964 ms
