Seq Scan on movie_keyword mk  (cost=0.00..81003.12 rows=2772863 width=0) (actual time=0.023..1464.144 rows=2768071 loops=1)
  Filter: (keyword_id < 7903)
  Rows Removed by Filter: 1755859
Planning time: 0.338 ms
Execution time: 1808.392 ms
