Hash Join  (cost=183558.47..321915.17 rows=1342366 width=0) (actual time=4076.169..8222.811 rows=946260 loops=1)
  Hash Cond: (mk.movie_id = t.id)
  ->  Seq Scan on movie_keyword mk  (cost=0.00..69693.30 rows=4523930 width=4) (actual time=0.020..1399.475 rows=4523930 loops=1)
  ->  Hash  (cost=171248.98..171248.98 rows=750279 width=8) (actual time=4072.937..4072.937 rows=304151 loops=1)
        Buckets: 131072  Batches: 16  Memory Usage: 1755kB
        ->  Hash Join  (cost=85855.67..171248.98 rows=750279 width=8) (actual time=1886.109..3980.082 rows=304151 loops=1)
              Hash Cond: (mc.movie_id = t.id)
              ->  Seq Scan on movie_companies mc  (cost=0.00..44881.29 rows=2609129 width=4) (actual time=0.019..885.135 rows=2609129 loops=1)
              ->  Hash  (cost=73925.90..73925.90 rows=727101 width=4) (actual time=1635.313..1635.313 rows=796159 loops=1)
                    Buckets: 131072  Batches: 16  Memory Usage: 2780kB
                    ->  Seq Scan on title t  (cost=0.00..73925.90 rows=727101 width=4) (actual time=0.013..1381.674 rows=796159 loops=1)
                          Filter: ((kind_id > 6) AND (production_year > 2003))
                          Rows Removed by Filter: 1732153
Planning time: 1.159 ms
Execution time: 8332.888 ms
