Hash Join  (cost=191350.09..703086.87 rows=2992485 width=0) (actual time=4475.253..21278.099 rows=12666970 loops=1)
  Hash Cond: (mi.movie_id = t.id)
  ->  Seq Scan on movie_info mi  (cost=0.00..309384.22 rows=14739122 width=4) (actual time=0.007..6294.804 rows=14835720 loops=1)
  ->  Hash  (cost=182927.01..182927.01 rows=513367 width=8) (actual time=4474.395..4474.395 rows=824694 loops=1)
        Buckets: 131072 (originally 131072)  Batches: 16 (originally 8)  Memory Usage: 3073kB
        ->  Hash Join  (cost=102767.86..182927.01 rows=513367 width=8) (actual time=2146.040..4222.227 rows=824694 loops=1)
              Hash Cond: (mc.movie_id = t.id)
              ->  Seq Scan on movie_companies mc  (cost=0.00..57926.93 rows=513367 width=4) (actual time=48.556..1011.856 rows=824694 loops=1)
                    Filter: ((company_id > 16138) AND (company_type_id = 2))
                    Rows Removed by Filter: 1784435
              ->  Hash  (cost=61283.27..61283.27 rows=2528527 width=4) (actual time=2096.244..2096.244 rows=2528312 loops=1)
                    Buckets: 131072  Batches: 64  Memory Usage: 2415kB
                    ->  Seq Scan on title t  (cost=0.00..61283.27 rows=2528527 width=4) (actual time=0.013..1258.611 rows=2528312 loops=1)
Planning time: 2.667 ms
Execution time: 22600.861 ms
