Hash Join  (cost=80042.24..170488.72 rows=133433 width=0) (actual time=1301.657..3137.963 rows=323145 loops=1)
  Hash Cond: (mk.movie_id = t.id)
  ->  Seq Scan on movie_keyword mk  (cost=0.00..81003.12 rows=445075 width=4) (actual time=0.023..1398.947 rows=443763 loops=1)
        Filter: (keyword_id > 39903)
        Rows Removed by Filter: 4080167
  ->  Hash  (cost=67604.59..67604.59 rows=758052 width=4) (actual time=1300.568..1300.568 rows=753677 loops=1)
        Buckets: 131072  Batches: 16  Memory Usage: 2686kB
        ->  Seq Scan on title t  (cost=0.00..67604.59 rows=758052 width=4) (actual time=0.029..1057.996 rows=753677 loops=1)
              Filter: (kind_id < 3)
              Rows Removed by Filter: 1774635
Planning time: 1.601 ms
Execution time: 3178.877 ms
