Seq Scan on movie_info mi  (cost=0.00..346232.03 rows=13672446 width=0) (actual time=0.019..5956.621 rows=13707135 loops=1)
  Filter: (info_type_id < 62)
  Rows Removed by Filter: 1128585
Planning time: 0.341 ms
Execution time: 7563.302 ms
