Seq Scan on movie_companies mc  (cost=0.00..57926.93 rows=629335 width=0) (actual time=406.959..973.540 rows=399354 loops=1)
  Filter: ((company_id < 11141) AND (company_type_id = 2))
  Rows Removed by Filter: 2209775
Planning time: 0.377 ms
Execution time: 1024.922 ms
