Seq Scan on cast_info ci  (cost=0.00..796071.18 rows=513290 width=0) (actual time=4653.260..14266.926 rows=602300 loops=1)
  Filter: ((person_id > 1025190) AND (role_id = 6))
  Rows Removed by Filter: 35642044
Planning time: 1.739 ms
Execution time: 14339.420 ms
