Hash Join  (cost=200739.55..936930.55 rows=246310 width=0) (actual time=11482.650..17246.997 rows=1160970 loops=1)
  Hash Cond: (ci.movie_id = t.id)
  ->  Seq Scan on cast_info ci  (cost=0.00..705507.15 rows=2112551 width=4) (actual time=7206.018..11168.165 rows=2155095 loops=1)
        Filter: (person_id > 3641427)
        Rows Removed by Filter: 34089249
  ->  Hash  (cost=195902.42..195902.42 rows=294810 width=8) (actual time=4275.435..4275.435 rows=107578 loops=1)
        Buckets: 131072  Batches: 4  Memory Usage: 2000kB
        ->  Hash Join  (cost=70308.29..195902.42 rows=294810 width=8) (actual time=1091.858..4240.075 rows=107578 loops=1)
              Hash Cond: (mk.movie_id = t.id)
              ->  Seq Scan on movie_keyword mk  (cost=0.00..69693.30 rows=4523930 width=4) (actual time=0.021..1453.762 rows=4523930 loops=1)
              ->  Hash  (cost=67604.59..67604.59 rows=164776 width=4) (actual time=1090.855..1090.855 rows=164307 loops=1)
                    Buckets: 131072  Batches: 4  Memory Usage: 2488kB
                    ->  Seq Scan on title t  (cost=0.00..67604.59 rows=164776 width=4) (actual time=0.032..1028.428 rows=164307 loops=1)
                          Filter: (production_year = 2012)
                          Rows Removed by Filter: 2364005
Planning time: 0.812 ms
Execution time: 17390.999 ms
