Hash Join  (cost=83072.98..833863.00 rows=90 width=0) (actual time=1366.949..15643.590 rows=372 loops=1)
  Hash Cond: (ci.movie_id = t.id)
  ->  Seq Scan on cast_info ci  (cost=0.00..614943.12 rows=36225612 width=4) (actual time=0.013..8166.203 rows=36244344 loops=1)
  ->  Hash  (cost=83072.90..83072.90 rows=6 width=8) (actual time=1321.321..1321.321 rows=5 loops=1)
        Buckets: 1024  Batches: 1  Memory Usage: 9kB
        ->  Nested Loop  (cost=0.43..83072.90 rows=6 width=8) (actual time=439.630..1321.305 rows=5 loops=1)
              ->  Seq Scan on movie_keyword mk  (cost=0.00..81003.12 rows=246 width=4) (actual time=6.175..1292.670 rows=229 loops=1)
                    Filter: (keyword_id = 170)
                    Rows Removed by Filter: 4523701
              ->  Index Scan using title_pkey on title t  (cost=0.43..8.40 rows=1 width=4) (actual time=0.122..0.122 rows=0 loops=229)
                    Index Cond: (id = mk.movie_id)
                    Filter: ((kind_id < 7) AND (production_year = 2012))
                    Rows Removed by Filter: 1
Planning time: 0.737 ms
Execution time: 15644.011 ms
