Hash Join  (cost=205472.99..634148.20 rows=589509 width=0) (actual time=3946.153..11723.207 rows=58669 loops=1)
  Hash Cond: (mi.movie_id = t.id)
  ->  Seq Scan on movie_info mi  (cost=0.00..346232.03 rows=5897221 width=4) (actual time=82.543..5083.293 rows=5884963 loops=1)
        Filter: (info_type_id < 7)
        Rows Removed by Filter: 8950757
  ->  Hash  (cost=201325.48..201325.48 rows=252761 width=8) (actual time=3859.381..3859.381 rows=39663 loops=1)
        Buckets: 131072  Batches: 4  Memory Usage: 1414kB
        ->  Hash Join  (cost=76243.83..201325.48 rows=252761 width=8) (actual time=1119.614..3844.605 rows=39663 loops=1)
              Hash Cond: (mk.movie_id = t.id)
              ->  Seq Scan on movie_keyword mk  (cost=0.00..69693.30 rows=4523930 width=4) (actual time=0.025..1394.991 rows=4523930 loops=1)
              ->  Hash  (cost=73925.90..73925.90 rows=141274 width=4) (actual time=1118.676..1118.676 rows=150659 loops=1)
                    Buckets: 131072  Batches: 2  Memory Usage: 3679kB
                    ->  Seq Scan on title t  (cost=0.00..73925.90 rows=141274 width=4) (actual time=142.076..1065.743 rows=150659 loops=1)
                          Filter: ((production_year > 2011) AND (kind_id = 7))
                          Rows Removed by Filter: 2377653
Planning time: 0.747 ms
Execution time: 11730.555 ms
