Seq Scan on movie_keyword mk  (cost=0.00..81003.12 rows=246 width=0) (actual time=45.781..1203.818 rows=337 loops=1)
  Filter: (keyword_id = 12828)
  Rows Removed by Filter: 4523593
Planning time: 4.286 ms
Execution time: 1204.098 ms
