Hash Join  (cost=157922.56..245029.88 rows=44928 width=0) (actual time=2965.723..4778.076 rows=31679 loops=1)
  Hash Cond: (mk.movie_id = t.id)
  ->  Seq Scan on movie_keyword mk  (cost=0.00..69693.30 rows=4523930 width=4) (actual time=0.013..1042.805 rows=4523930 loops=1)
  ->  Hash  (cost=157608.67..157608.67 rows=25111 width=8) (actual time=2902.009..2902.009 rows=15010 loops=1)
        Buckets: 32768  Batches: 1  Memory Usage: 843kB
        ->  Hash Join  (cost=92883.59..157608.67 rows=25111 width=8) (actual time=2106.769..2895.991 rows=15010 loops=1)
              Hash Cond: (mc.movie_id = t.id)
              ->  Seq Scan on movie_companies mc  (cost=0.00..57926.93 rows=41208 width=4) (actual time=334.623..873.467 rows=17551 loops=1)
                    Filter: ((company_id < 19) AND (company_type_id = 2))
                    Rows Removed by Filter: 2591578
              ->  Hash  (cost=67604.59..67604.59 rows=1540800 width=4) (actual time=1770.520..1770.520 rows=1543264 loops=1)
                    Buckets: 131072  Batches: 32  Memory Usage: 2722kB
                    ->  Seq Scan on title t  (cost=0.00..67604.59 rows=1540800 width=4) (actual time=0.028..1291.980 rows=1543264 loops=1)
                          Filter: (kind_id = 7)
                          Rows Removed by Filter: 985048
Planning time: 1.276 ms
Execution time: 4782.273 ms
