Hash Join  (cost=195799.80..258473.42 rows=27721 width=0) (actual time=4001.253..5012.043 rows=26667 loops=1)
  Hash Cond: (mc.movie_id = t.id)
  ->  Seq Scan on movie_companies mc  (cost=0.00..57926.93 rows=1191860 width=4) (actual time=409.875..1107.126 rows=1272480 loops=1)
        Filter: ((company_id > 137) AND (company_type_id > 1))
        Rows Removed by Filter: 1336649
  ->  Hash  (cost=195064.66..195064.66 rows=58811 width=8) (actual time=3571.261..3571.261 rows=58448 loops=1)
        Buckets: 65536  Batches: 1  Memory Usage: 2796kB
        ->  Hash Join  (cost=102767.86..195064.66 rows=58811 width=8) (actual time=2088.599..3548.986 rows=58448 loops=1)
              Hash Cond: (mk.movie_id = t.id)
              ->  Seq Scan on movie_keyword mk  (cost=0.00..81003.12 rows=58811 width=4) (actual time=0.337..1214.810 rows=58448 loops=1)
                    Filter: (keyword_id = 16264)
                    Rows Removed by Filter: 4465482
              ->  Hash  (cost=61283.27..61283.27 rows=2528527 width=4) (actual time=1883.501..1883.501 rows=2528312 loops=1)
                    Buckets: 131072  Batches: 64  Memory Usage: 2425kB
                    ->  Seq Scan on title t  (cost=0.00..61283.27 rows=2528527 width=4) (actual time=0.028..1041.261 rows=2528312 loops=1)
Planning time: 1.188 ms
Execution time: 5016.118 ms
