Hash Join  (cost=190022.97..1282606.51 rows=5721934 width=0) (actual time=3943.260..37933.571 rows=19695225 loops=1)
  Hash Cond: (ci.movie_id = t.id)
  ->  Seq Scan on cast_info ci  (cost=0.00..614943.12 rows=36225612 width=4) (actual time=0.012..13014.698 rows=36244344 loops=1)
  ->  Hash  (cost=183469.62..183469.62 rows=399388 width=8) (actual time=3941.878..3941.878 rows=550177 loops=1)
        Buckets: 131072  Batches: 8  Memory Usage: 3723kB
        ->  Hash Join  (cost=80874.21..183469.62 rows=399388 width=8) (actual time=1482.005..3783.069 rows=550177 loops=1)
              Hash Cond: (mk.movie_id = t.id)
              ->  Seq Scan on movie_keyword mk  (cost=0.00..81003.12 rows=1248640 width=4) (actual time=0.021..1451.243 rows=1260915 loops=1)
                    Filter: (keyword_id > 14219)
                    Rows Removed by Filter: 3263015
              ->  Hash  (cost=67604.59..67604.59 rows=808770 width=4) (actual time=1480.758..1480.758 rows=812704 loops=1)
                    Buckets: 131072  Batches: 16  Memory Usage: 2819kB
                    ->  Seq Scan on title t  (cost=0.00..67604.59 rows=808770 width=4) (actual time=0.020..1214.873 rows=812704 loops=1)
                          Filter: (production_year < 1995)
                          Rows Removed by Filter: 1715608
Planning time: 1.194 ms
Execution time: 40155.876 ms
