Seq Scan on cast_info ci  (cost=0.00..796071.18 rows=131 width=0) (actual time=3338.701..12927.939 rows=1 loops=1)
  Filter: ((role_id > 4) AND (person_id = 458088))
  Rows Removed by Filter: 36244343
Planning time: 0.406 ms
Execution time: 12928.041 ms
