Hash Join  (cost=968564.66..1122802.44 rows=2645874 width=0) (actual time=19147.404..23646.800 rows=3622135 loops=1)
  Hash Cond: (mk.movie_id = t.id)
  ->  Seq Scan on movie_keyword mk  (cost=0.00..69693.30 rows=4523930 width=4) (actual time=0.021..1480.909 rows=4523930 loops=1)
  ->  Hash  (cost=944302.17..944302.17 rows=1478839 width=8) (actual time=19146.500..19146.500 rows=1455329 loops=1)
        Buckets: 131072  Batches: 32  Memory Usage: 2792kB
        ->  Hash Join  (cost=102767.86..944302.17 rows=1478839 width=8) (actual time=7305.325..18737.594 rows=1455329 loops=1)
              Hash Cond: (ci.movie_id = t.id)
              ->  Seq Scan on cast_info ci  (cost=0.00..796071.18 rows=1478839 width=4) (actual time=5340.835..14707.047 rows=1455329 loops=1)
                    Filter: ((person_id > 511149) AND (role_id = 8))
                    Rows Removed by Filter: 34789015
              ->  Hash  (cost=61283.27..61283.27 rows=2528527 width=4) (actual time=1963.194..1963.194 rows=2528312 loops=1)
                    Buckets: 131072  Batches: 64  Memory Usage: 2415kB
                    ->  Seq Scan on title t  (cost=0.00..61283.27 rows=2528527 width=4) (actual time=0.019..1137.372 rows=2528312 loops=1)
Planning time: 1.136 ms
Execution time: 24046.190 ms
