Hash Join  (cost=800838.32..1289153.04 rows=797379 width=0) (actual time=15111.062..27588.777 rows=3216374 loops=1)
  Hash Cond: (mi.movie_id = t.id)
  ->  Seq Scan on movie_info mi  (cost=0.00..309384.22 rows=14739122 width=4) (actual time=0.011..6145.167 rows=14835720 loops=1)
  ->  Hash  (cost=798593.42..798593.42 rows=136792 width=8) (actual time=15110.229..15110.229 rows=141265 loops=1)
        Buckets: 131072  Batches: 2  Memory Usage: 3794kB
        ->  Hash Join  (cost=83810.17..798593.42 rows=136792 width=8) (actual time=10639.824..15061.863 rows=141265 loops=1)
              Hash Cond: (ci.movie_id = t.id)
              ->  Seq Scan on cast_info ci  (cost=0.00..705507.15 rows=350181 width=4) (actual time=9023.566..13060.514 rows=316118 loops=1)
                    Filter: (role_id > 10)
                    Rows Removed by Filter: 35928226
              ->  Hash  (cost=67604.59..67604.59 rows=987727 width=4) (actual time=1615.265..1615.265 rows=985048 loops=1)
                    Buckets: 131072  Batches: 16  Memory Usage: 3188kB
                    ->  Seq Scan on title t  (cost=0.00..67604.59 rows=987727 width=4) (actual time=0.026..1312.211 rows=985048 loops=1)
                          Filter: (kind_id < 7)
                          Rows Removed by Filter: 1543264
Planning time: 1.233 ms
Execution time: 27985.389 ms
