Hash Join  (cost=69090.10..145427.69 rows=93407 width=0) (actual time=1158.664..3059.989 rows=194257 loops=1)
  Hash Cond: (mc.movie_id = t.id)
  ->  Seq Scan on movie_companies mc  (cost=0.00..44881.29 rows=2609129 width=4) (actual time=0.016..962.467 rows=2609129 loops=1)
  ->  Hash  (cost=67604.59..67604.59 rows=90521 width=4) (actual time=1123.814..1123.814 rows=90852 loops=1)
        Buckets: 131072  Batches: 2  Memory Usage: 2626kB
        ->  Seq Scan on title t  (cost=0.00..67604.59 rows=90521 width=4) (actual time=0.032..1089.798 rows=90852 loops=1)
              Filter: (kind_id = 2)
              Rows Removed by Filter: 2437460
Planning time: 1.248 ms
Execution time: 3083.917 ms
