Seq Scan on cast_info ci  (cost=0.00..705507.15 rows=34642547 width=0) (actual time=0.018..14193.363 rows=34650906 loops=1)
  Filter: (person_id < 3746358)
  Rows Removed by Filter: 1593438
Planning time: 0.343 ms
Execution time: 18461.750 ms
