Seq Scan on movie_keyword mk  (cost=0.00..81003.12 rows=3622097 width=0) (actual time=0.024..1539.469 rows=3623171 loops=1)
  Filter: (keyword_id < 20491)
  Rows Removed by Filter: 900759
Planning time: 0.229 ms
Execution time: 2002.838 ms
