Hash Join  (cost=150141.44..523248.99 rows=196043 width=0) (actual time=3778.501..10418.426 rows=696346 loops=1)
  Hash Cond: (mi.movie_id = t.id)
  ->  Seq Scan on movie_info mi  (cost=0.00..346232.03 rows=2073893 width=4) (actual time=463.395..5983.500 rows=2091068 loops=1)
        Filter: (info_type_id < 3)
        Rows Removed by Filter: 12744652
  ->  Hash  (cost=146219.70..146219.70 rows=239019 width=8) (actual time=3313.973..3313.973 rows=404414 loops=1)
        Buckets: 131072 (originally 131072)  Batches: 8 (originally 4)  Memory Usage: 3073kB
        ->  Hash Join  (cost=74823.14..146219.70 rows=239019 width=8) (actual time=1343.069..3184.444 rows=404414 loops=1)
              Hash Cond: (mc.movie_id = t.id)
              ->  Seq Scan on movie_companies mc  (cost=0.00..51404.11 rows=1373669 width=4) (actual time=0.032..1007.122 rows=1360386 loops=1)
                    Filter: (company_id < 11689)
                    Rows Removed by Filter: 1248743
              ->  Hash  (cost=67604.59..67604.59 rows=439964 width=4) (actual time=1342.088..1342.088 rows=437515 loops=1)
                    Buckets: 131072  Batches: 8  Memory Usage: 2944kB
                    ->  Seq Scan on title t  (cost=0.00..67604.59 rows=439964 width=4) (actual time=0.018..1201.283 rows=437515 loops=1)
                          Filter: (production_year < 1975)
                          Rows Removed by Filter: 2090797
Planning time: 1.234 ms
Execution time: 10486.471 ms
