Hash Join  (cost=168983.46..632090.57 rows=1488910 width=0) (actual time=4407.329..14723.813 rows=1586891 loops=1)
  Hash Cond: (mi.movie_id = t.id)
  ->  Seq Scan on movie_info mi  (cost=0.00..346232.03 rows=8673596 width=4) (actual time=0.021..6636.294 rows=8786582 loops=1)
        Filter: (info_type_id < 13)
        Rows Removed by Filter: 6049138
  ->  Hash  (cost=161861.87..161861.87 rows=434047 width=8) (actual time=3639.000..3639.000 rows=269535 loops=1)
        Buckets: 131072  Batches: 8  Memory Usage: 2349kB
        ->  Hash Join  (cost=80827.88..161861.87 rows=434047 width=8) (actual time=1337.162..3547.894 rows=269535 loops=1)
              Hash Cond: (mc.movie_id = t.id)
              ->  Seq Scan on movie_companies mc  (cost=0.00..44881.29 rows=2609129 width=4) (actual time=0.015..933.814 rows=2609129 loops=1)
              ->  Hash  (cost=73925.90..73925.90 rows=420638 width=4) (actual time=1335.285..1335.285 rows=301535 loops=1)
                    Buckets: 131072  Batches: 8  Memory Usage: 2337kB
                    ->  Seq Scan on title t  (cost=0.00..73925.90 rows=420638 width=4) (actual time=0.025..1234.041 rows=301535 loops=1)
                          Filter: ((production_year < 1990) AND (kind_id = 7))
                          Rows Removed by Filter: 2226777
Planning time: 2.082 ms
Execution time: 14912.846 ms
