Hash Join  (cost=101779.47..156550.53 rows=10554 width=0) (actual time=2232.760..3218.595 rows=76193 loops=1)
  Hash Cond: (mc.movie_id = t.id)
  ->  Seq Scan on movie_companies mc  (cost=0.00..44881.29 rows=2609129 width=4) (actual time=0.017..575.300 rows=2609129 loops=1)
  ->  Hash  (cost=101651.62..101651.62 rows=10228 width=8) (actual time=1989.269..1989.269 rows=26098 loops=1)
        Buckets: 32768 (originally 16384)  Batches: 1 (originally 1)  Memory Usage: 1276kB
        ->  Hash Join  (cost=74621.78..101651.62 rows=10228 width=8) (actual time=1346.808..1979.315 rows=26098 loops=1)
              Hash Cond: (mi_idx.movie_id = t.id)
              ->  Seq Scan on movie_info_idx mi_idx  (cost=0.00..25185.44 rows=464566 width=4) (actual time=0.019..462.142 rows=459925 loops=1)
                    Filter: (info_type_id = 101)
                    Rows Removed by Filter: 920110
              ->  Hash  (cost=73925.90..73925.90 rows=55670 width=4) (actual time=1346.420..1346.420 rows=60828 loops=1)
                    Buckets: 65536  Batches: 1  Memory Usage: 2651kB
                    ->  Seq Scan on title t  (cost=0.00..73925.90 rows=55670 width=4) (actual time=245.712..1322.337 rows=60828 loops=1)
                          Filter: ((production_year < 2007) AND (kind_id = 2))
                          Rows Removed by Filter: 2467484
Planning time: 0.986 ms
Execution time: 3228.789 ms
