Nested Loop  (cost=0.43..796925.39 rows=101 width=0) (actual time=168.756..10875.212 rows=637 loops=1)
  ->  Seq Scan on cast_info ci  (cost=0.00..796071.18 rows=101 width=4) (actual time=168.685..10840.883 rows=637 loops=1)
        Filter: ((person_id = 2638879) AND (role_id = 2))
        Rows Removed by Filter: 36243707
  ->  Index Only Scan using title_pkey on title t  (cost=0.43..8.45 rows=1 width=4) (actual time=0.053..0.053 rows=1 loops=637)
        Index Cond: (id = ci.movie_id)
        Heap Fetches: 637
Planning time: 0.732 ms
Execution time: 10875.432 ms
