Seq Scan on movie_companies mc  (cost=0.00..51404.11 rows=104 width=0) (actual time=131.295..860.397 rows=37 loops=1)
  Filter: (company_id = 8444)
  Rows Removed by Filter: 2609092
Planning time: 0.348 ms
Execution time: 860.503 ms
