Hash Join  (cost=74287.83..440631.53 rows=168777 width=0) (actual time=1247.463..8986.333 rows=267505 loops=1)
  Hash Cond: (mi.movie_id = t.id)
  ->  Seq Scan on movie_info mi  (cost=0.00..309384.22 rows=14739122 width=4) (actual time=0.030..3949.562 rows=14835720 loops=1)
  ->  Hash  (cost=73925.90..73925.90 rows=28954 width=4) (actual time=1226.595..1226.595 rows=29710 loops=1)
        Buckets: 32768  Batches: 1  Memory Usage: 1301kB
        ->  Seq Scan on title t  (cost=0.00..73925.90 rows=28954 width=4) (actual time=0.026..1213.760 rows=29710 loops=1)
              Filter: ((production_year < 1995) AND (kind_id = 2))
              Rows Removed by Filter: 2498602
Planning time: 0.785 ms
Execution time: 9022.409 ms
