Hash Join  (cost=140613.61..1098381.58 rows=1512326 width=0) (actual time=2973.366..26590.657 rows=1706713 loops=1)
  Hash Cond: (ci.movie_id = t.id)
  ->  Seq Scan on cast_info ci  (cost=0.00..796071.18 rows=12573737 width=4) (actual time=0.014..17875.160 rows=12670688 loops=1)
        Filter: ((person_id < 3974927) AND (role_id < 2))
        Rows Removed by Filter: 23573656
  ->  Hash  (cost=135624.07..135624.07 rows=304123 width=8) (actual time=2972.582..2972.582 rows=175310 loops=1)
        Buckets: 131072  Batches: 4  Memory Usage: 2731kB
        ->  Hash Join  (cost=94973.51..135624.07 rows=304123 width=8) (actual time=1836.463..2909.880 rows=175310 loops=1)
              Hash Cond: (mi_idx.movie_id = t.id)
              ->  Seq Scan on movie_info_idx mi_idx  (cost=0.00..25185.44 rows=460978 width=4) (actual time=0.019..503.649 rows=459925 loops=1)
                    Filter: (info_type_id = 99)
                    Rows Removed by Filter: 920110
              ->  Hash  (cost=67604.59..67604.59 rows=1668154 width=4) (actual time=1834.811..1834.811 rows=1674098 loops=1)
                    Buckets: 131072  Batches: 32  Memory Usage: 2869kB
                    ->  Seq Scan on title t  (cost=0.00..67604.59 rows=1668154 width=4) (actual time=0.014..1281.245 rows=1674098 loops=1)
                          Filter: (kind_id > 3)
                          Rows Removed by Filter: 854214
Planning time: 1.180 ms
Execution time: 26802.334 ms
