Seq Scan on movie_keyword mk  (cost=0.00..81003.12 rows=2401028 width=0) (actual time=0.019..1437.881 rows=2397127 loops=1)
  Filter: (keyword_id > 3919)
  Rows Removed by Filter: 2126803
Planning time: 0.296 ms
Execution time: 1745.679 ms
