Seq Scan on cast_info ci  (cost=0.00..796071.18 rows=2053765 width=0) (actual time=5160.418..11114.939 rows=1241622 loops=1)
  Filter: ((person_id < 432507) AND (role_id > 2))
  Rows Removed by Filter: 35002722
Planning time: 0.334 ms
Execution time: 11265.697 ms
