Hash Join  (cost=170024.68..1001737.86 rows=141981 width=0) (actual time=3306.489..17742.948 rows=84743 loops=1)
  Hash Cond: (ci.movie_id = t.id)
  ->  Seq Scan on cast_info ci  (cost=0.00..796071.18 rows=9125916 width=4) (actual time=0.029..13511.776 rows=3890370 loops=1)
        Filter: ((person_id < 1382816) AND (role_id > 1))
        Rows Removed by Filter: 32353974
  ->  Hash  (cost=169532.94..169532.94 rows=39339 width=8) (actual time=3306.043..3306.043 rows=21299 loops=1)
        Buckets: 65536  Batches: 1  Memory Usage: 1344kB
        ->  Hash Join  (cost=75458.68..169532.94 rows=39339 width=8) (actual time=1336.714..3298.541 rows=21299 loops=1)
              Hash Cond: (mk.movie_id = t.id)
              ->  Seq Scan on movie_keyword mk  (cost=0.00..81003.12 rows=1064732 width=4) (actual time=0.027..1380.523 rows=1074487 loops=1)
                    Filter: (keyword_id > 16441)
                    Rows Removed by Filter: 3449443
              ->  Hash  (cost=73925.90..73925.90 rows=93422 width=4) (actual time=1335.935..1335.935 rows=100754 loops=1)
                    Buckets: 131072  Batches: 2  Memory Usage: 2808kB
                    ->  Seq Scan on title t  (cost=0.00..73925.90 rows=93422 width=4) (actual time=0.021..1294.685 rows=100754 loops=1)
                          Filter: ((kind_id > 1) AND (production_year = 2008))
                          Rows Removed by Filter: 2427558
Planning time: 1.406 ms
Execution time: 17754.967 ms
