Hash Join  (cost=92883.59..1050569.02 rows=5014998 width=0) (actual time=1779.237..24818.267 rows=6100053 loops=1)
  Hash Cond: (ci.movie_id = t.id)
  ->  Seq Scan on cast_info ci  (cost=0.00..796071.18 rows=8229854 width=4) (actual time=0.016..13471.732 rows=10662811 loops=1)
        Filter: ((person_id < 1458595) AND (role_id < 3))
        Rows Removed by Filter: 25581533
  ->  Hash  (cost=67604.59..67604.59 rows=1540800 width=4) (actual time=1778.357..1778.357 rows=1543264 loops=1)
        Buckets: 131072  Batches: 32  Memory Usage: 2722kB
        ->  Seq Scan on title t  (cost=0.00..67604.59 rows=1540800 width=4) (actual time=0.018..1286.719 rows=1543264 loops=1)
              Filter: (kind_id = 7)
              Rows Removed by Filter: 985048
Planning time: 0.741 ms
Execution time: 25566.480 ms
