Seq Scan on movie_keyword mk  (cost=0.00..81003.12 rows=246 width=0) (actual time=8.909..1225.999 rows=190 loops=1)
  Filter: (keyword_id = 16938)
  Rows Removed by Filter: 4523740
Planning time: 0.326 ms
Execution time: 1226.183 ms
