Seq Scan on movie_keyword mk  (cost=0.00..81003.12 rows=1462810 width=0) (actual time=0.025..1473.367 rows=1474973 loops=1)
  Filter: (keyword_id > 11165)
  Rows Removed by Filter: 3048957
Planning time: 0.298 ms
Execution time: 1660.345 ms
