Hash Join  (cost=197984.25..662750.29 rows=1466090 width=0) (actual time=4248.394..26120.408 rows=47130455 loops=1)
  Hash Cond: (mi.movie_id = t.id)
  ->  Seq Scan on movie_info mi  (cost=0.00..346232.03 rows=8841901 width=4) (actual time=0.005..6481.358 rows=8950757 loops=1)
        Filter: (info_type_id > 6)
        Rows Removed by Filter: 5884963
  ->  Hash  (cost=191105.51..191105.51 rows=419259 width=8) (actual time=4189.242..4189.242 rows=951097 loops=1)
        Buckets: 131072 (originally 131072)  Batches: 16 (originally 8)  Memory Usage: 3475kB
        ->  Hash Join  (cost=88933.67..191105.51 rows=419259 width=8) (actual time=1492.007..3905.175 rows=951097 loops=1)
              Hash Cond: (mk.movie_id = t.id)
              ->  Seq Scan on movie_keyword mk  (cost=0.00..81003.12 rows=1158967 width=4) (actual time=0.024..1427.085 rows=1172065 loops=1)
                    Filter: (keyword_id > 15901)
                    Rows Removed by Filter: 3351865
              ->  Hash  (cost=73925.90..73925.90 rows=914701 width=4) (actual time=1491.131..1491.131 rows=854849 loops=1)
                    Buckets: 131072  Batches: 16  Memory Usage: 2914kB
                    ->  Seq Scan on title t  (cost=0.00..73925.90 rows=914701 width=4) (actual time=0.027..1219.552 rows=854849 loops=1)
                          Filter: ((kind_id < 7) AND (production_year > 1932))
                          Rows Removed by Filter: 1673463
Planning time: 1.090 ms
Execution time: 31219.251 ms
