Hash Join  (cost=73981.92..100916.86 rows=2446 width=0) (actual time=697.268..713.523 rows=3 loops=1)
  Hash Cond: (mi_idx.movie_id = t.id)
  ->  Seq Scan on movie_info_idx mi_idx  (cost=0.00..21735.35 rows=1380035 width=4) (actual time=0.021..115.330 rows=1380035 loops=1)
  ->  Hash  (cost=73925.90..73925.90 rows=4481 width=4) (actual time=475.030..475.030 rows=1 loops=1)
        Buckets: 8192  Batches: 1  Memory Usage: 65kB
        ->  Seq Scan on title t  (cost=0.00..73925.90 rows=4481 width=4) (actual time=283.664..475.019 rows=1 loops=1)
              Filter: ((production_year < 1935) AND (kind_id = 2))
              Rows Removed by Filter: 2528311
Planning time: 0.730 ms
Execution time: 713.589 ms
