Seq Scan on cast_info ci  (cost=0.00..705507.15 rows=500 width=0) (actual time=7873.530..9958.335 rows=39 loops=1)
  Filter: (person_id = 150633)
  Rows Removed by Filter: 36244305
Planning time: 0.387 ms
Execution time: 9958.453 ms
