Seq Scan on movie_keyword mk  (cost=0.00..81003.12 rows=2660690 width=0) (actual time=0.015..1483.781 rows=2654110 loops=1)
  Filter: (keyword_id < 7364)
  Rows Removed by Filter: 1869820
Planning time: 1.127 ms
Execution time: 1811.244 ms
