Hash Join  (cost=180570.91..704549.46 rows=4139763 width=0) (actual time=4110.761..20361.832 rows=12293278 loops=1)
  Hash Cond: (mi.movie_id = t.id)
  ->  Seq Scan on movie_info mi  (cost=0.00..309384.22 rows=14739122 width=4) (actual time=0.023..5735.249 rows=14835720 loops=1)
  ->  Hash  (cost=168918.60..168918.60 rows=710185 width=8) (actual time=4109.901..4109.901 rows=820903 loops=1)
        Buckets: 131072  Batches: 16  Memory Usage: 3043kB
        ->  Hash Join  (cost=89762.59..168918.60 rows=710185 width=8) (actual time=1916.980..3889.589 rows=820903 loops=1)
              Hash Cond: (mc.movie_id = t.id)
              ->  Seq Scan on movie_companies mc  (cost=0.00..51404.11 rows=1329612 width=4) (actual time=0.020..888.072 rows=1334883 loops=1)
                    Filter: (company_type_id > 1)
                    Rows Removed by Filter: 1274246
              ->  Hash  (cost=67604.59..67604.59 rows=1350560 width=4) (actual time=1916.207..1916.207 rows=1348293 loops=1)
                    Buckets: 131072  Batches: 32  Memory Usage: 2505kB
                    ->  Seq Scan on title t  (cost=0.00..67604.59 rows=1350560 width=4) (actual time=0.014..1138.769 rows=1348293 loops=1)
                          Filter: (production_year < 2005)
                          Rows Removed by Filter: 1180019
Planning time: 1.227 ms
Execution time: 21731.999 ms
