Hash Join  (cost=221315.28..265409.72 rows=373096 width=0) (actual time=4332.997..5810.131 rows=1403193 loops=1)
  Hash Cond: (mi_idx.movie_id = t.id)
  ->  Seq Scan on movie_info_idx mi_idx  (cost=0.00..21735.35 rows=1380035 width=4) (actual time=0.014..466.416 rows=1380035 loops=1)
  ->  Hash  (cost=210099.37..210099.37 rows=683593 width=8) (actual time=4331.888..4331.888 rows=681653 loops=1)
        Buckets: 131072  Batches: 16  Memory Usage: 2716kB
        ->  Hash Join  (cost=102767.86..210099.37 rows=683593 width=8) (actual time=1868.758..4137.934 rows=681653 loops=1)
              Hash Cond: (mk.movie_id = t.id)
              ->  Seq Scan on movie_keyword mk  (cost=0.00..81003.12 rows=683593 width=4) (actual time=0.029..1319.339 rows=681653 loops=1)
                    Filter: (keyword_id < 562)
                    Rows Removed by Filter: 3842277
              ->  Hash  (cost=61283.27..61283.27 rows=2528527 width=4) (actual time=1867.200..1867.200 rows=2528312 loops=1)
                    Buckets: 131072  Batches: 64  Memory Usage: 2425kB
                    ->  Seq Scan on title t  (cost=0.00..61283.27 rows=2528527 width=4) (actual time=0.012..1023.050 rows=2528312 loops=1)
Planning time: 1.176 ms
Execution time: 5968.680 ms
