Hash Join  (cost=117484.79..1062184.49 rows=730037 width=0) (actual time=2437.189..25604.267 rows=3439042 loops=1)
  Hash Cond: (ci.movie_id = t.id)
  ->  Seq Scan on cast_info ci  (cost=0.00..705507.15 rows=20024311 width=4) (actual time=0.024..14142.140 rows=20122661 loops=1)
        Filter: (role_id < 3)
        Rows Removed by Filter: 16121683
  ->  Hash  (cost=115971.49..115971.49 rows=92184 width=8) (actual time=2436.228..2436.228 rows=202617 loops=1)
        Buckets: 131072 (originally 131072)  Batches: 4 (originally 2)  Memory Usage: 3073kB
        ->  Hash Join  (cost=76697.17..115971.49 rows=92184 width=8) (actual time=1310.282..2371.809 rows=202617 loops=1)
              Hash Cond: (mi_idx.movie_id = t.id)
              ->  Seq Scan on movie_info_idx mi_idx  (cost=0.00..21735.35 rows=1380035 width=4) (actual time=0.014..422.426 rows=1380035 loops=1)
              ->  Hash  (cost=73925.90..73925.90 rows=168901 width=4) (actual time=1309.462..1309.462 rows=269915 loops=1)
                    Buckets: 131072  Batches: 4  Memory Usage: 3401kB
                    ->  Seq Scan on title t  (cost=0.00..73925.90 rows=168901 width=4) (actual time=0.023..1217.818 rows=269915 loops=1)
                          Filter: ((kind_id < 7) AND (production_year < 1974))
                          Rows Removed by Filter: 2258397
Planning time: 1.183 ms
Execution time: 26020.331 ms
