Nested Loop  (cost=0.43..83071.67 rows=246 width=0) (actual time=19.404..1357.589 rows=69 loops=1)
  ->  Seq Scan on movie_keyword mk  (cost=0.00..81003.12 rows=246 width=4) (actual time=19.328..1354.310 rows=69 loops=1)
        Filter: (keyword_id = 5433)
        Rows Removed by Filter: 4523861
  ->  Index Only Scan using title_pkey on title t  (cost=0.43..8.40 rows=1 width=4) (actual time=0.041..0.042 rows=1 loops=69)
        Index Cond: (id = mk.movie_id)
        Heap Fetches: 69
Planning time: 0.805 ms
Execution time: 1357.724 ms
