Hash Join  (cost=102767.86..1045881.37 rows=5700328 width=0) (actual time=1965.982..26826.583 rows=11606362 loops=1)
  Hash Cond: (ci.movie_id = t.id)
  ->  Seq Scan on cast_info ci  (cost=0.00..796071.18 rows=5700328 width=4) (actual time=0.026..15061.577 rows=11606362 loops=1)
        Filter: ((person_id < 1594661) AND (role_id = 1))
        Rows Removed by Filter: 24637982
  ->  Hash  (cost=61283.27..61283.27 rows=2528527 width=4) (actual time=1964.972..1964.972 rows=2528312 loops=1)
        Buckets: 131072  Batches: 64  Memory Usage: 2415kB
        ->  Seq Scan on title t  (cost=0.00..61283.27 rows=2528527 width=4) (actual time=0.014..1110.178 rows=2528312 loops=1)
Planning time: 0.773 ms
Execution time: 28089.181 ms
