Seq Scan on movie_keyword mk  (cost=0.00..81003.12 rows=246 width=0) (actual time=63.197..1268.704 rows=26 loops=1)
  Filter: (keyword_id = 18313)
  Rows Removed by Filter: 4523904
Planning time: 0.316 ms
Execution time: 1268.816 ms
