Hash Join  (cost=637586.34..1886800.97 rows=16971179 width=0) (actual time=14364.223..39106.358 rows=8670604 loops=1)
  Hash Cond: (ci.movie_id = t.id)
  ->  Seq Scan on cast_info ci  (cost=0.00..796071.18 rows=15296665 width=4) (actual time=0.036..16042.745 rows=10815500 loops=1)
        Filter: ((person_id < 2404186) AND (role_id > 1))
        Rows Removed by Filter: 25428844
  ->  Hash  (cost=591560.80..591560.80 rows=2805323 width=8) (actual time=14362.202..14362.202 rows=1043249 loops=1)
        Buckets: 131072  Batches: 64  Memory Usage: 1654kB
        ->  Hash Join  (cost=81821.64..591560.80 rows=2805323 width=8) (actual time=1680.996..14050.967 rows=1043249 loops=1)
              Hash Cond: (mi.movie_id = t.id)
              ->  Seq Scan on movie_info mi  (cost=0.00..309384.22 rows=14739122 width=4) (actual time=0.011..5948.992 rows=14835720 loops=1)
              ->  Hash  (cost=73925.90..73925.90 rows=481259 width=4) (actual time=1312.234..1312.234 rows=518327 loops=1)
                    Buckets: 131072  Batches: 8  Memory Usage: 3307kB
                    ->  Seq Scan on title t  (cost=0.00..73925.90 rows=481259 width=4) (actual time=0.016..1142.343 rows=518327 loops=1)
                          Filter: ((production_year > 2007) AND (kind_id = 7))
                          Rows Removed by Filter: 2009985
Planning time: 1.207 ms
Execution time: 40096.596 ms
