Hash Join  (cost=102767.86..1675267.66 rows=35620348 width=0) (actual time=1922.014..48068.932 rows=35740422 loops=1)
  Hash Cond: (ci.movie_id = t.id)
  ->  Seq Scan on cast_info ci  (cost=0.00..705507.15 rows=35620348 width=4) (actual time=0.026..17139.955 rows=35740422 loops=1)
        Filter: (person_id > 56000)
        Rows Removed by Filter: 503922
  ->  Hash  (cost=61283.27..61283.27 rows=2528527 width=4) (actual time=1921.013..1921.013 rows=2528312 loops=1)
        Buckets: 131072  Batches: 64  Memory Usage: 2415kB
        ->  Seq Scan on title t  (cost=0.00..61283.27 rows=2528527 width=4) (actual time=0.014..1054.296 rows=2528312 loops=1)
Planning time: 0.853 ms
Execution time: 52173.787 ms
