Hash Join  (cost=82606.92..125254.27 rows=288787 width=0) (actual time=1495.551..2839.419 rows=643158 loops=1)
  Hash Cond: (mi_idx.movie_id = t.id)
  ->  Seq Scan on movie_info_idx mi_idx  (cost=0.00..21735.35 rows=1380035 width=4) (actual time=0.014..481.996 rows=1380035 loops=1)
  ->  Hash  (cost=73925.90..73925.90 rows=529121 width=4) (actual time=1494.746..1494.746 rows=594471 loops=1)
        Buckets: 131072  Batches: 8  Memory Usage: 3653kB
        ->  Seq Scan on title t  (cost=0.00..73925.90 rows=529121 width=4) (actual time=0.021..1304.997 rows=594471 loops=1)
              Filter: ((kind_id < 4) AND (production_year < 2007))
              Rows Removed by Filter: 1933841
Planning time: 14.868 ms
Execution time: 2918.264 ms
