Hash Join  (cost=1018504.83..4128805.72 rows=156630216 width=0) (actual time=25523.248..147954.102 rows=338577272 loops=1)
  Hash Cond: (ci.movie_id = t.id)
  ->  Seq Scan on cast_info ci  (cost=0.00..705507.15 rows=26870239 width=4) (actual time=0.028..16283.422 rows=27033496 loops=1)
        Filter: (person_id > 905527)
        Rows Removed by Filter: 9210848
  ->  Hash  (cost=776690.81..776690.81 rows=14739122 width=8) (actual time=25521.541..25521.541 rows=14835720 loops=1)
        Buckets: 131072  Batches: 256  Memory Usage: 3268kB
        ->  Hash Join  (cost=102767.86..776690.81 rows=14739122 width=8) (actual time=1961.102..21219.153 rows=14835720 loops=1)
              Hash Cond: (mi.movie_id = t.id)
              ->  Seq Scan on movie_info mi  (cost=0.00..309384.22 rows=14739122 width=4) (actual time=0.020..6376.234 rows=14835720 loops=1)
              ->  Hash  (cost=61283.27..61283.27 rows=2528527 width=4) (actual time=1959.041..1959.041 rows=2528312 loops=1)
                    Buckets: 131072  Batches: 64  Memory Usage: 2425kB
                    ->  Seq Scan on title t  (cost=0.00..61283.27 rows=2528527 width=4) (actual time=0.012..1097.231 rows=2528312 loops=1)
Planning time: 1.201 ms
Execution time: 185445.470 ms
