Hash Join  (cost=90606.68..218797.05 rows=1115027 width=0) (actual time=2287.025..5018.846 rows=238804 loops=1)
  Hash Cond: (mk.movie_id = t.id)
  ->  Seq Scan on movie_keyword mk  (cost=0.00..81003.12 rows=2773061 width=4) (actual time=0.021..1657.781 rows=2768227 loops=1)
        Filter: (keyword_id < 7904)
        Rows Removed by Filter: 1755703
  ->  Hash  (cost=73925.90..73925.90 rows=1016702 width=4) (actual time=1643.232..1643.232 rows=960113 loops=1)
        Buckets: 131072  Batches: 16  Memory Usage: 3141kB
        ->  Seq Scan on title t  (cost=0.00..73925.90 rows=1016702 width=4) (actual time=0.012..1344.533 rows=960113 loops=1)
              Filter: ((production_year < 2008) AND (kind_id = 7))
              Rows Removed by Filter: 1568199
Planning time: 0.718 ms
Execution time: 5046.738 ms
