Hash Join  (cost=606734.11..1635093.44 rows=8924060 width=0) (actual time=17676.860..60363.069 rows=55447454 loops=1)
  Hash Cond: (ci.movie_id = t.id)
  ->  Seq Scan on cast_info ci  (cost=0.00..705507.15 rows=12726058 width=4) (actual time=0.014..15027.113 rows=12670688 loops=1)
        Filter: (role_id = 1)
        Rows Removed by Filter: 23573656
  ->  Hash  (cost=577643.21..577643.21 rows=1773112 width=8) (actual time=17674.839..17674.839 rows=4721288 loops=1)
        Buckets: 131072 (originally 131072)  Batches: 64 (originally 32)  Memory Usage: 3963kB
        ->  Hash Join  (cost=78917.17..577643.21 rows=1773112 width=8) (actual time=1370.672..16241.480 rows=4721288 loops=1)
              Hash Cond: (mi.movie_id = t.id)
              ->  Seq Scan on movie_info mi  (cost=0.00..309384.22 rows=14739122 width=4) (actual time=0.027..6096.231 rows=14835720 loops=1)
              ->  Hash  (cost=73925.90..73925.90 rows=304181 width=4) (actual time=1369.657..1369.657 rows=422218 loops=1)
                    Buckets: 131072 (originally 131072)  Batches: 8 (originally 4)  Memory Usage: 3073kB
                    ->  Seq Scan on title t  (cost=0.00..73925.90 rows=304181 width=4) (actual time=0.019..1222.481 rows=422218 loops=1)
                          Filter: ((kind_id < 7) AND (production_year < 1994))
                          Rows Removed by Filter: 2106094
Planning time: 1.302 ms
Execution time: 66392.021 ms
