Seq Scan on movie_companies mc  (cost=0.00..57926.93 rows=1194 width=0) (actual time=5.707..959.478 rows=1172 loops=1)
  Filter: ((company_type_id < 2) AND (company_id = 114))
  Rows Removed by Filter: 2607957
Planning time: 0.389 ms
Execution time: 959.818 ms
