Hash Join  (cost=68173.50..127281.57 rows=5410 width=0) (actual time=1064.033..2183.482 rows=6078 loops=1)
  Hash Cond: (mc.movie_id = t.id)
  ->  Seq Scan on movie_companies mc  (cost=0.00..57926.93 rows=300543 width=4) (actual time=0.025..960.932 rows=594363 loops=1)
        Filter: ((company_id > 68682) AND (company_type_id > 1))
        Rows Removed by Filter: 2014766
  ->  Hash  (cost=67604.59..67604.59 rows=45513 width=4) (actual time=1046.016..1046.016 rows=42820 loops=1)
        Buckets: 65536  Batches: 1  Memory Usage: 2018kB
        ->  Seq Scan on title t  (cost=0.00..67604.59 rows=45513 width=4) (actual time=45.293..1028.873 rows=42820 loops=1)
              Filter: (production_year < 1913)
              Rows Removed by Filter: 2485492
Planning time: 0.755 ms
Execution time: 2184.669 ms
