Seq Scan on movie_keyword mk  (cost=0.00..81003.12 rows=939962 width=0) (actual time=0.025..1431.000 rows=950465 loops=1)
  Filter: (keyword_id > 19974)
  Rows Removed by Filter: 3573465
Planning time: 0.309 ms
Execution time: 1551.341 ms
