Seq Scan on cast_info ci  (cost=0.00..705507.15 rows=500 width=0) (actual time=2940.249..9244.299 rows=77 loops=1)
  Filter: (person_id = 3180271)
  Rows Removed by Filter: 36244267
Planning time: 0.373 ms
Execution time: 9244.411 ms
