Seq Scan on cast_info ci  (cost=0.00..705507.15 rows=14237119 width=0) (actual time=1601.258..11035.917 rows=14395130 loops=1)
  Filter: (person_id > 2221890)
  Rows Removed by Filter: 21849214
Planning time: 0.334 ms
Execution time: 12716.278 ms
