Seq Scan on cast_info ci  (cost=0.00..705507.15 rows=6714152 width=0) (actual time=0.026..11377.383 rows=6795890 loops=1)
  Filter: (person_id > 2982433)
  Rows Removed by Filter: 29448454
Planning time: 0.348 ms
Execution time: 12235.035 ms
