Hash Join  (cost=102767.86..1279639.18 rows=19178595 width=0) (actual time=1939.671..32805.948 rows=19070470 loops=1)
  Hash Cond: (ci.movie_id = t.id)
  ->  Seq Scan on cast_info ci  (cost=0.00..705507.15 rows=19178595 width=4) (actual time=0.223..14193.771 rows=19070470 loops=1)
        Filter: (person_id < 1904403)
        Rows Removed by Filter: 17173874
  ->  Hash  (cost=61283.27..61283.27 rows=2528527 width=4) (actual time=1938.178..1938.178 rows=2528312 loops=1)
        Buckets: 131072  Batches: 64  Memory Usage: 2415kB
        ->  Seq Scan on title t  (cost=0.00..61283.27 rows=2528527 width=4) (actual time=0.015..1077.597 rows=2528312 loops=1)
Planning time: 0.779 ms
Execution time: 34840.232 ms
