Hash Join  (cost=212382.95..720978.08 rows=2698020 width=0) (actual time=4215.004..21251.169 rows=18207847 loops=1)
  Hash Cond: (mi.movie_id = t.id)
  ->  Seq Scan on movie_info mi  (cost=0.00..309384.22 rows=14739122 width=4) (actual time=0.019..6063.988 rows=14835720 loops=1)
  ->  Hash  (cost=204788.31..204788.31 rows=462851 width=8) (actual time=4214.174..4214.174 rows=472545 loops=1)
        Buckets: 131072  Batches: 8  Memory Usage: 3394kB
        ->  Hash Join  (cost=102767.86..204788.31 rows=462851 width=8) (actual time=1882.638..4071.099 rows=472545 loops=1)
              Hash Cond: (mk.movie_id = t.id)
              ->  Seq Scan on movie_keyword mk  (cost=0.00..81003.12 rows=462851 width=4) (actual time=0.023..1421.569 rows=472545 loops=1)
                    Filter: (keyword_id < 359)
                    Rows Removed by Filter: 4051385
              ->  Hash  (cost=61283.27..61283.27 rows=2528527 width=4) (actual time=1880.555..1880.555 rows=2528312 loops=1)
                    Buckets: 131072  Batches: 64  Memory Usage: 2425kB
                    ->  Seq Scan on title t  (cost=0.00..61283.27 rows=2528527 width=4) (actual time=0.023..1017.225 rows=2528312 loops=1)
Planning time: 3.915 ms
Execution time: 23281.024 ms
