Hash Join  (cost=82955.72..874537.17 rows=1329603 width=0) (actual time=4302.170..17132.443 rows=1895890 loops=1)
  Hash Cond: (ci.movie_id = t.id)
  ->  Seq Scan on cast_info ci  (cost=0.00..705507.15 rows=6108339 width=4) (actual time=2894.216..11930.878 rows=6180555 loops=1)
        Filter: (person_id > 3032685)
        Rows Removed by Filter: 30063789
  ->  Hash  (cost=73925.90..73925.90 rows=550385 width=4) (actual time=1406.594..1406.594 rows=602403 loops=1)
        Buckets: 131072  Batches: 8  Memory Usage: 3672kB
        ->  Seq Scan on title t  (cost=0.00..73925.90 rows=550385 width=4) (actual time=184.042..1214.675 rows=602403 loops=1)
              Filter: ((production_year > 2006) AND (kind_id = 7))
              Rows Removed by Filter: 1925909
Planning time: 0.811 ms
Execution time: 17352.687 ms
