Seq Scan on movie_keyword mk  (cost=0.00..81003.12 rows=2748964 width=0) (actual time=0.025..1508.189 rows=2742728 loops=1)
  Filter: (keyword_id > 2885)
  Rows Removed by Filter: 1781202
Planning time: 0.360 ms
Execution time: 1853.051 ms
