Hash Join  (cost=102767.86..281437.63 rows=3648286 width=0) (actual time=1826.806..6385.426 rows=3638414 loops=1)
  Hash Cond: (mk.movie_id = t.id)
  ->  Seq Scan on movie_keyword mk  (cost=0.00..81003.12 rows=3648286 width=4) (actual time=0.014..1696.281 rows=3638414 loops=1)
        Filter: (keyword_id > 835)
        Rows Removed by Filter: 885516
  ->  Hash  (cost=61283.27..61283.27 rows=2528527 width=4) (actual time=1825.542..1825.542 rows=2528312 loops=1)
        Buckets: 131072  Batches: 64  Memory Usage: 2425kB
        ->  Seq Scan on title t  (cost=0.00..61283.27 rows=2528527 width=4) (actual time=0.021..981.025 rows=2528312 loops=1)
Planning time: 0.734 ms
Execution time: 6784.366 ms
