Hash Join  (cost=156649.15..1045271.86 rows=2487529 width=0) (actual time=3335.403..24961.467 rows=5105483 loops=1)
  Hash Cond: (ci.movie_id = t.id)
  ->  Seq Scan on cast_info ci  (cost=0.00..705507.15 rows=13528339 width=4) (actual time=0.012..13239.849 rows=13680105 loops=1)
        Filter: (person_id > 2301978)
        Rows Removed by Filter: 22564239
  ->  Hash  (cost=149020.47..149020.47 rows=464934 width=8) (actual time=3334.622..3334.622 rows=460185 loops=1)
        Buckets: 131072  Batches: 8  Memory Usage: 3276kB
        ->  Hash Join  (cost=102767.86..149020.47 rows=464934 width=8) (actual time=1870.136..3189.805 rows=460185 loops=1)
              Hash Cond: (mi_idx.movie_id = t.id)
              ->  Seq Scan on movie_info_idx mi_idx  (cost=0.00..25185.44 rows=464934 width=4) (actual time=0.012..488.748 rows=460185 loops=1)
                    Filter: (info_type_id > 100)
                    Rows Removed by Filter: 919850
              ->  Hash  (cost=61283.27..61283.27 rows=2528527 width=4) (actual time=1868.789..1868.789 rows=2528312 loops=1)
                    Buckets: 131072  Batches: 64  Memory Usage: 2415kB
                    ->  Seq Scan on title t  (cost=0.00..61283.27 rows=2528527 width=4) (actual time=0.028..1017.919 rows=2528312 loops=1)
Planning time: 1.151 ms
Execution time: 25557.599 ms
