Seq Scan on movie_keyword mk  (cost=0.00..81003.12 rows=2202623 width=0) (actual time=0.016..1440.492 rows=2200115 loops=1)
  Filter: (keyword_id > 5074)
  Rows Removed by Filter: 2323815
Planning time: 0.315 ms
Execution time: 1712.438 ms
