Seq Scan on cast_info ci  (cost=0.00..796071.18 rows=1625033 width=0) (actual time=2111.677..13589.369 rows=1318060 loops=1)
  Filter: ((person_id < 2164998) AND (role_id = 4))
  Rows Removed by Filter: 34926284
Planning time: 0.433 ms
Execution time: 13756.519 ms
