Seq Scan on movie_companies mc  (cost=0.00..57926.93 rows=53 width=0) (actual time=2.022..775.160 rows=299 loops=1)
  Filter: ((company_id = 74077) AND (company_type_id = 2))
  Rows Removed by Filter: 2608830
Planning time: 0.396 ms
Execution time: 775.332 ms
