Hash Join  (cost=103947.06..183266.37 rows=517298 width=0) (actual time=2561.699..3702.517 rows=245121 loops=1)
  Hash Cond: (mc.movie_id = t.id)
  ->  Seq Scan on movie_companies mc  (cost=0.00..57926.93 rows=590478 width=4) (actual time=504.155..976.867 rows=329316 loops=1)
        Filter: ((company_id > 12117) AND (company_type_id = 1))
        Rows Removed by Filter: 2279813
  ->  Hash  (cost=67604.59..67604.59 rows=2215158 width=4) (actual time=2056.097..2056.097 rows=2203697 loops=1)
        Buckets: 131072  Batches: 32  Memory Usage: 3448kB
        ->  Seq Scan on title t  (cost=0.00..67604.59 rows=2215158 width=4) (actual time=0.025..1356.519 rows=2203697 loops=1)
              Filter: (production_year > 1960)
              Rows Removed by Filter: 324615
Planning time: 12.360 ms
Execution time: 3733.330 ms
