Seq Scan on movie_keyword mk  (cost=0.00..81003.12 rows=813855 width=0) (actual time=0.024..1386.501 rows=817656 loops=1)
  Filter: (keyword_id > 22382)
  Rows Removed by Filter: 3706274
Planning time: 0.210 ms
Execution time: 1489.297 ms
