Hash Join  (cost=798853.77..825764.70 rows=45 width=0) (actual time=13346.286..13766.805 rows=42 loops=1)
  Hash Cond: (mi_idx.movie_id = t.id)
  ->  Seq Scan on movie_info_idx mi_idx  (cost=0.00..21735.35 rows=1380035 width=4) (actual time=0.020..217.724 rows=1380035 loops=1)
  ->  Hash  (cost=798852.73..798852.73 rows=83 width=8) (actual time=13314.419..13314.419 rows=25 loops=1)
        Buckets: 1024  Batches: 1  Memory Usage: 9kB
        ->  Nested Loop  (cost=0.43..798852.73 rows=83 width=8) (actual time=12958.791..13314.353 rows=25 loops=1)
              ->  Seq Scan on cast_info ci  (cost=0.00..796071.18 rows=332 width=4) (actual time=12958.574..13310.968 rows=71 loops=1)
                    Filter: ((role_id < 4) AND (person_id = 1764985))
                    Rows Removed by Filter: 36244273
              ->  Index Scan using title_pkey on title t  (cost=0.43..8.37 rows=1 width=4) (actual time=0.046..0.046 rows=0 loops=71)
                    Index Cond: (id = ci.movie_id)
                    Filter: ((production_year > 1914) AND (kind_id = 1))
                    Rows Removed by Filter: 1
Planning time: 0.852 ms
Execution time: 13766.930 ms
