Hash Join  (cost=69484.36..198486.53 rows=179271 width=0) (actual time=1117.525..4511.750 rows=430780 loops=1)
  Hash Cond: (mk.movie_id = t.id)
  ->  Seq Scan on movie_keyword mk  (cost=0.00..81003.12 rows=3957421 width=4) (actual time=0.015..1811.515 rows=3961174 loops=1)
        Filter: (keyword_id < 32618)
        Rows Removed by Filter: 562756
  ->  Hash  (cost=67604.59..67604.59 rows=114542 width=4) (actual time=1116.768..1116.768 rows=118234 loops=1)
        Buckets: 131072  Batches: 2  Memory Usage: 3107kB
        ->  Seq Scan on title t  (cost=0.00..67604.59 rows=114542 width=4) (actual time=348.439..1063.099 rows=118234 loops=1)
              Filter: (kind_id = 4)
              Rows Removed by Filter: 2410078
Planning time: 0.702 ms
Execution time: 4565.324 ms
