Hash Join  (cost=139597.14..1051561.68 rows=1771484 width=0) (actual time=8929.548..20930.460 rows=2900945 loops=1)
  Hash Cond: (ci.movie_id = t.id)
  ->  Seq Scan on cast_info ci  (cost=0.00..796071.18 rows=8308937 width=4) (actual time=5611.995..14932.312 rows=3620196 loops=1)
        Filter: ((person_id > 1233760) AND (role_id < 2))
        Rows Removed by Filter: 32624148
  ->  Hash  (cost=130752.54..130752.54 rows=539088 width=8) (actual time=3316.554..3316.554 rows=954317 loops=1)
        Buckets: 131072 (originally 131072)  Batches: 16 (originally 8)  Memory Usage: 3354kB
        ->  Hash Join  (cost=83810.17..130752.54 rows=539088 width=8) (actual time=1505.810..3019.420 rows=954317 loops=1)
              Hash Cond: (mi_idx.movie_id = t.id)
              ->  Seq Scan on movie_info_idx mi_idx  (cost=0.00..21735.35 rows=1380035 width=4) (actual time=0.017..417.533 rows=1380035 loops=1)
              ->  Hash  (cost=67604.59..67604.59 rows=987727 width=4) (actual time=1504.650..1504.650 rows=985048 loops=1)
                    Buckets: 131072  Batches: 16  Memory Usage: 3188kB
                    ->  Seq Scan on title t  (cost=0.00..67604.59 rows=987727 width=4) (actual time=0.028..1200.907 rows=985048 loops=1)
                          Filter: (kind_id < 7)
                          Rows Removed by Filter: 1543264
Planning time: 2.374 ms
Execution time: 21287.829 ms
