Hash Join  (cost=150010.56..277428.51 rows=444491 width=0) (actual time=2822.736..8056.484 rows=10539565 loops=1)
  Hash Cond: (mk.movie_id = t.id)
  ->  Seq Scan on movie_keyword mk  (cost=0.00..69693.30 rows=4523930 width=4) (actual time=0.014..1323.409 rows=4523930 loops=1)
  ->  Hash  (cost=145934.11..145934.11 rows=248436 width=8) (actual time=2821.945..2821.945 rows=238667 loops=1)
        Buckets: 131072  Batches: 4  Memory Usage: 3382kB
        ->  Hash Join  (cost=78556.72..145934.11 rows=248436 width=8) (actual time=1215.693..2756.098 rows=238667 loops=1)
              Hash Cond: (mc.movie_id = t.id)
              ->  Seq Scan on movie_companies mc  (cost=0.00..51404.11 rows=941044 width=4) (actual time=0.006..941.316 rows=941194 loops=1)
                    Filter: (company_id < 3503)
                    Rows Removed by Filter: 1667935
              ->  Hash  (cost=67604.59..67604.59 rows=667531 width=4) (actual time=1214.959..1214.959 rows=662825 loops=1)
                    Buckets: 131072  Batches: 16  Memory Usage: 2476kB
                    ->  Seq Scan on title t  (cost=0.00..67604.59 rows=667531 width=4) (actual time=0.022..1017.606 rows=662825 loops=1)
                          Filter: (kind_id = 1)
                          Rows Removed by Filter: 1865487
Planning time: 1.097 ms
Execution time: 9233.566 ms
