Hash Join  (cost=89762.59..940464.93 rows=4421138 width=0) (actual time=1778.090..20793.004 rows=4572437 loops=1)
  Hash Cond: (ci.movie_id = t.id)
  ->  Seq Scan on cast_info ci  (cost=0.00..705507.15 rows=8277283 width=4) (actual time=207.652..12435.614 rows=8167604 loops=1)
        Filter: (person_id < 798531)
        Rows Removed by Filter: 28076740
  ->  Hash  (cost=67604.59..67604.59 rows=1350560 width=4) (actual time=1569.555..1569.555 rows=1348293 loops=1)
        Buckets: 131072  Batches: 32  Memory Usage: 2505kB
        ->  Seq Scan on title t  (cost=0.00..67604.59 rows=1350560 width=4) (actual time=0.134..1134.764 rows=1348293 loops=1)
              Filter: (production_year < 2005)
              Rows Removed by Filter: 1180019
Planning time: 0.745 ms
Execution time: 21329.868 ms
