Hash Join  (cost=95465.71..656929.23 rows=7652860 width=0) (actual time=1848.248..16516.206 rows=3452731 loops=1)
  Hash Cond: (mi.movie_id = t.id)
  ->  Seq Scan on movie_info mi  (cost=0.00..309384.22 rows=14739122 width=4) (actual time=0.017..5985.403 rows=14835720 loops=1)
  ->  Hash  (cost=73925.90..73925.90 rows=1312864 width=4) (actual time=1834.377..1834.377 rows=1391524 loops=1)
        Buckets: 131072  Batches: 32  Memory Usage: 2561kB
        ->  Seq Scan on title t  (cost=0.00..73925.90 rows=1312864 width=4) (actual time=0.024..1375.464 rows=1391524 loops=1)
              Filter: ((production_year > 1965) AND (kind_id = 7))
              Rows Removed by Filter: 1136788
Planning time: 0.755 ms
Execution time: 16875.445 ms
