Hash Join  (cost=214786.58..778591.94 rows=7872344 width=0) (actual time=4479.453..19422.374 rows=5003231 loops=1)
  Hash Cond: (mi.movie_id = t.id)
  ->  Seq Scan on movie_info mi  (cost=0.00..309384.22 rows=14739122 width=4) (actual time=0.021..6077.538 rows=14835720 loops=1)
  ->  Hash  (cost=192629.11..192629.11 rows=1350517 width=8) (actual time=4474.939..4474.939 rows=585255 loops=1)
        Buckets: 131072  Batches: 32  Memory Usage: 1733kB
        ->  Hash Join  (cost=94973.51..192629.11 rows=1350517 width=8) (actual time=1788.296..4303.157 rows=585255 loops=1)
              Hash Cond: (mc.movie_id = t.id)
              ->  Seq Scan on movie_companies mc  (cost=0.00..51404.11 rows=2047064 width=4) (actual time=0.023..1080.062 rows=2051160 loops=1)
                    Filter: (company_id > 591)
                    Rows Removed by Filter: 557969
              ->  Hash  (cost=67604.59..67604.59 rows=1668154 width=4) (actual time=1786.358..1786.358 rows=1674098 loops=1)
                    Buckets: 131072  Batches: 32  Memory Usage: 2869kB
                    ->  Seq Scan on title t  (cost=0.00..67604.59 rows=1668154 width=4) (actual time=0.016..1241.479 rows=1674098 loops=1)
                          Filter: (kind_id > 3)
                          Rows Removed by Filter: 854214
Planning time: 1.179 ms
Execution time: 19995.834 ms
