Hash Join  (cost=922467.99..963342.61 rows=185414 width=0) (actual time=18076.798..19270.288 rows=441387 loops=1)
  Hash Cond: (mi_idx.movie_id = t.id)
  ->  Seq Scan on movie_info_idx mi_idx  (cost=0.00..21735.35 rows=1380035 width=4) (actual time=2.258..435.451 rows=1380035 loops=1)
  ->  Hash  (cost=916893.49..916893.49 rows=339720 width=8) (actual time=18073.583..18073.583 rows=312760 loops=1)
        Buckets: 131072  Batches: 8  Memory Usage: 2552kB
        ->  Hash Join  (cost=102767.86..916893.49 rows=339720 width=8) (actual time=15176.356..17985.671 rows=312760 loops=1)
              Hash Cond: (ci.movie_id = t.id)
              ->  Seq Scan on cast_info ci  (cost=0.00..796071.18 rows=339720 width=4) (actual time=12821.892..14989.694 rows=312760 loops=1)
                    Filter: ((person_id > 99505) AND (role_id > 10))
                    Rows Removed by Filter: 35931584
              ->  Hash  (cost=61283.27..61283.27 rows=2528527 width=4) (actual time=2353.414..2353.414 rows=2528312 loops=1)
                    Buckets: 131072  Batches: 64  Memory Usage: 2415kB
                    ->  Seq Scan on title t  (cost=0.00..61283.27 rows=2528527 width=4) (actual time=0.027..1005.627 rows=2528312 loops=1)
Planning time: 1.182 ms
Execution time: 19323.136 ms
