Hash Join  (cost=85727.72..153965.72 rows=6365 width=134) (actual time=1773.723..2623.959 rows=25 loops=1)
  Hash Cond: (mc.movie_id = t.id)
  ->  Seq Scan on movie_companies mc  (cost=0.00..57926.93 rows=24110 width=40) (actual time=188.874..881.672 rows=5188 loops=1)
        Filter: ((company_type_id > 1) AND (company_id = 19))
        Rows Removed by Filter: 2603941
  ->  Hash  (cost=67604.59..67604.59 rows=667531 width=94) (actual time=1380.499..1380.499 rows=662825 loops=1)
        Buckets: 32768  Batches: 32  Memory Usage: 2489kB
        ->  Seq Scan on title t  (cost=0.00..67604.59 rows=667531 width=94) (actual time=210.188..1132.365 rows=662825 loops=1)
              Filter: (kind_id = 1)
              Rows Removed by Filter: 1865487
Planning time: 0.921 ms
Execution time: 2624.079 ms
