Hash Join  (cost=76718.65..202431.19 rows=304550 width=0) (actual time=1084.885..4497.328 rows=1312760 loops=1)
  Hash Cond: (mk.movie_id = t.id)
  ->  Seq Scan on movie_keyword mk  (cost=0.00..69693.30 rows=4523930 width=4) (actual time=0.023..1313.396 rows=4523930 loops=1)
  ->  Hash  (cost=73925.90..73925.90 rows=170220 width=4) (actual time=1084.115..1084.115 rows=305766 loops=1)
        Buckets: 131072  Batches: 4  Memory Usage: 3720kB
        ->  Seq Scan on title t  (cost=0.00..73925.90 rows=170220 width=4) (actual time=399.253..972.974 rows=305766 loops=1)
              Filter: ((kind_id < 2) AND (production_year < 1988))
              Rows Removed by Filter: 2222546
Planning time: 0.718 ms
Execution time: 4660.755 ms
