Hash Join  (cost=82423.69..600408.75 rows=3970417 width=0) (actual time=1417.120..13963.671 rows=3120145 loops=1)
  Hash Cond: (mi.movie_id = t.id)
  ->  Seq Scan on movie_info mi  (cost=0.00..346232.03 rows=11115165 width=4) (actual time=0.016..6486.577 rows=11210743 loops=1)
        Filter: (info_type_id > 3)
        Rows Removed by Filter: 3624977
  ->  Hash  (cost=67604.59..67604.59 rows=903208 width=4) (actual time=1416.119..1416.119 rows=904491 loops=1)
        Buckets: 131072  Batches: 16  Memory Usage: 3017kB
        ->  Seq Scan on title t  (cost=0.00..67604.59 rows=903208 width=4) (actual time=0.023..1111.327 rows=904491 loops=1)
              Filter: (production_year > 2006)
              Rows Removed by Filter: 1623821
Planning time: 0.774 ms
Execution time: 14294.445 ms
