Hash Join  (cost=296642.66..806649.63 rows=6572951 width=0) (actual time=6493.997..17377.074 rows=12332067 loops=1)
  Hash Cond: (mi.movie_id = t.id)
  ->  Seq Scan on movie_info mi  (cost=0.00..346232.03 rows=6231111 width=4) (actual time=516.586..5485.101 rows=6223494 loops=1)
        Filter: (info_type_id > 8)
        Rows Removed by Filter: 8612226
  ->  Hash  (cost=252883.14..252883.14 rows=2667242 width=8) (actual time=5975.592..5975.592 rows=1487603 loops=1)
        Buckets: 131072  Batches: 64  Memory Usage: 1942kB
        ->  Hash Join  (cost=98384.68..252883.14 rows=2667242 width=8) (actual time=1863.167..5549.733 rows=1487603 loops=1)
              Hash Cond: (mk.movie_id = t.id)
              ->  Seq Scan on movie_keyword mk  (cost=0.00..69693.30 rows=4523930 width=4) (actual time=0.026..1184.308 rows=4523930 loops=1)
              ->  Hash  (cost=73925.90..73925.90 rows=1490782 width=4) (actual time=1862.180..1862.180 rows=1610602 loops=1)
                    Buckets: 131072  Batches: 32  Memory Usage: 2807kB
                    ->  Seq Scan on title t  (cost=0.00..73925.90 rows=1490782 width=4) (actual time=0.016..1340.900 rows=1610602 loops=1)
                          Filter: ((kind_id > 1) AND (production_year > 1974))
                          Rows Removed by Filter: 917710
Planning time: 1.188 ms
Execution time: 18790.336 ms
