Nested Loop  (cost=0.43..52283.69 rows=104 width=0) (actual time=69.106..868.914 rows=296 loops=1)
  ->  Seq Scan on movie_companies mc  (cost=0.00..51404.11 rows=104 width=4) (actual time=68.982..839.491 rows=296 loops=1)
        Filter: (company_id = 1723)
        Rows Removed by Filter: 2608833
  ->  Index Only Scan using title_pkey on title t  (cost=0.43..8.45 rows=1 width=4) (actual time=0.097..0.098 rows=1 loops=296)
        Index Cond: (id = mc.movie_id)
        Heap Fetches: 296
Planning time: 0.866 ms
Execution time: 869.080 ms
