Hash Join  (cost=134644.36..161568.44 rows=1360 width=0) (actual time=1593.860..2162.184 rows=3717 loops=1)
  Hash Cond: (mi_idx.movie_id = t.id)
  ->  Seq Scan on movie_info_idx mi_idx  (cost=0.00..21735.35 rows=1380035 width=4) (actual time=0.021..306.491 rows=1380035 loops=1)
  ->  Hash  (cost=134613.22..134613.22 rows=2491 width=8) (actual time=1591.225..1591.225 rows=1505 loops=1)
        Buckets: 4096  Batches: 1  Memory Usage: 91kB
        ->  Hash Join  (cost=75533.21..134613.22 rows=2491 width=8) (actual time=1002.798..1590.594 rows=1505 loops=1)
              Hash Cond: (mc.movie_id = t.id)
              ->  Seq Scan on movie_companies mc  (cost=0.00..57926.93 rows=64313 width=4) (actual time=0.033..468.675 rows=111266 loops=1)
                    Filter: ((company_id < 27) AND (company_type_id = 1))
                    Rows Removed by Filter: 2497863
              ->  Hash  (cost=73925.90..73925.90 rows=97944 width=4) (actual time=1001.923..1001.923 rows=106247 loops=1)
                    Buckets: 131072  Batches: 2  Memory Usage: 2890kB
                    ->  Seq Scan on title t  (cost=0.00..73925.90 rows=97944 width=4) (actual time=0.018..963.922 rows=106247 loops=1)
                          Filter: ((kind_id = 7) AND (production_year = 2011))
                          Rows Removed by Filter: 2422065
Planning time: 1.210 ms
Execution time: 2162.814 ms
