Hash Join  (cost=236777.86..681883.93 rows=1996893 width=0) (actual time=7378.034..21010.641 rows=25288691 loops=1)
  Hash Cond: (mi.movie_id = t.id)
  ->  Seq Scan on movie_info mi  (cost=0.00..346232.03 rows=5897221 width=4) (actual time=1181.540..5632.699 rows=5884963 loops=1)
        Filter: (info_type_id < 7)
        Rows Removed by Filter: 8950757
  ->  Hash  (cost=222730.36..222730.36 rows=856200 width=8) (actual time=6102.906..6102.906 rows=1624798 loops=1)
        Buckets: 131072 (originally 131072)  Batches: 32 (originally 16)  Memory Usage: 3073kB
        ->  Hash Join  (cost=82337.76..222730.36 rows=856200 width=8) (actual time=1357.600..5243.321 rows=1624798 loops=1)
              Hash Cond: (mk.movie_id = t.id)
              ->  Seq Scan on movie_keyword mk  (cost=0.00..81003.12 rows=4222529 width=4) (actual time=0.032..1663.448 rows=4227505 loops=1)
                    Filter: (keyword_id < 54236)
                    Rows Removed by Filter: 296425
              ->  Hash  (cost=73925.90..73925.90 rows=512708 width=4) (actual time=1356.862..1356.862 rows=382109 loops=1)
                    Buckets: 131072  Batches: 8  Memory Usage: 2718kB
                    ->  Seq Scan on title t  (cost=0.00..73925.90 rows=512708 width=4) (actual time=0.020..1093.815 rows=382109 loops=1)
                          Filter: ((production_year > 1980) AND (kind_id = 1))
                          Rows Removed by Filter: 2146203
Planning time: 2.945 ms
Execution time: 24070.878 ms
