Seq Scan on movie_keyword mk  (cost=0.00..81003.12 rows=624808 width=0) (actual time=0.014..1289.986 rows=628230 loops=1)
  Filter: (keyword_id > 29220)
  Rows Removed by Filter: 3895700
Planning time: 0.224 ms
Execution time: 1368.782 ms
