Hash Join  (cost=28267.61..380312.81 rows=43 width=0) (actual time=1976.027..5631.180 rows=267 loops=1)
  Hash Cond: (mi.movie_id = t.id)
  ->  Seq Scan on movie_info mi  (cost=0.00..346232.03 rows=1550064 width=4) (actual time=1572.999..5069.731 rows=1533909 loops=1)
        Filter: (info_type_id = 3)
        Rows Removed by Filter: 13301811
  ->  Hash  (cost=28266.72..28266.72 rows=71 width=8) (actual time=344.487..344.487 rows=103 loops=1)
        Buckets: 1024  Batches: 1  Memory Usage: 13kB
        ->  Nested Loop  (cost=0.43..28266.72 rows=71 width=8) (actual time=101.745..344.433 rows=103 loops=1)
              ->  Seq Scan on movie_info_idx mi_idx  (cost=0.00..25185.44 rows=368 width=4) (actual time=101.634..339.442 rows=260 loops=1)
                    Filter: (info_type_id > 101)
                    Rows Removed by Filter: 1379775
              ->  Index Scan using title_pkey on title t  (cost=0.43..8.36 rows=1 width=4) (actual time=0.018..0.019 rows=0 loops=260)
                    Index Cond: (id = mi_idx.movie_id)
                    Filter: (production_year < 1978)
                    Rows Removed by Filter: 1
Planning time: 1.335 ms
Execution time: 5631.402 ms
