Hash Join  (cost=181502.39..254267.43 rows=107049 width=0) (actual time=3387.998..4719.557 rows=23162 loops=1)
  Hash Cond: (mc.movie_id = t.id)
  ->  Seq Scan on movie_companies mc  (cost=0.00..51404.11 rows=1700915 width=4) (actual time=0.016..1010.333 rows=1702049 loops=1)
        Filter: (company_id > 2980)
        Rows Removed by Filter: 907080
  ->  Hash  (cost=178891.19..178891.19 rows=159136 width=8) (actual time=3037.601..3037.601 rows=28409 loops=1)
        Buckets: 131072  Batches: 4  Memory Usage: 1302kB
        ->  Hash Join  (cost=87428.23..178891.19 rows=159136 width=8) (actual time=2139.106..3028.646 rows=28409 loops=1)
              Hash Cond: (mk.movie_id = t.id)
              ->  Seq Scan on movie_keyword mk  (cost=0.00..81003.12 rows=488927 width=4) (actual time=0.014..1303.512 rows=483965 loops=1)
                    Filter: (keyword_id > 37065)
                    Rows Removed by Filter: 4039965
              ->  Hash  (cost=73925.90..73925.90 rows=822986 width=4) (actual time=1384.107..1384.107 rows=738761 loops=1)
                    Buckets: 131072  Batches: 16  Memory Usage: 2654kB
                    ->  Seq Scan on title t  (cost=0.00..73925.90 rows=822986 width=4) (actual time=0.012..1148.637 rows=738761 loops=1)
                          Filter: ((production_year < 2005) AND (kind_id = 7))
                          Rows Removed by Filter: 1789551
Planning time: 1.113 ms
Execution time: 4723.091 ms
