Hash Join  (cost=299304.90..978341.45 rows=15218382 width=0) (actual time=6563.067..56853.413 rows=141892058 loops=1)
  Hash Cond: (mi.movie_id = t.id)
  ->  Seq Scan on movie_info mi  (cost=0.00..309384.22 rows=14739122 width=4) (actual time=0.015..5557.197 rows=14835720 loops=1)
  ->  Hash  (cost=256471.59..256471.59 rows=2610745 width=8) (actual time=6561.689..6561.689 rows=2597028 loops=1)
        Buckets: 131072  Batches: 64  Memory Usage: 2710kB
        ->  Hash Join  (cost=102767.86..256471.59 rows=2610745 width=8) (actual time=1816.365..5777.475 rows=2597028 loops=1)
              Hash Cond: (mk.movie_id = t.id)
              ->  Seq Scan on movie_keyword mk  (cost=0.00..81003.12 rows=2610745 width=4) (actual time=0.018..1528.380 rows=2597028 loops=1)
                    Filter: (keyword_id > 3311)
                    Rows Removed by Filter: 1926902
              ->  Hash  (cost=61283.27..61283.27 rows=2528527 width=4) (actual time=1814.243..1814.243 rows=2528312 loops=1)
                    Buckets: 131072  Batches: 64  Memory Usage: 2425kB
                    ->  Seq Scan on title t  (cost=0.00..61283.27 rows=2528527 width=4) (actual time=0.016..962.025 rows=2528312 loops=1)
Planning time: 0.688 ms
Execution time: 73700.076 ms
