Seq Scan on movie_companies mc  (cost=0.00..51404.11 rows=117917 width=0) (actual time=53.571..789.972 rows=117726 loops=1)
  Filter: (company_id > 147599)
  Rows Removed by Filter: 2491403
Planning time: 0.338 ms
Execution time: 804.941 ms
