Hash Join  (cost=102215.90..857358.11 rows=435303 width=0) (actual time=1544.307..20725.073 rows=1256364 loops=1)
  Hash Cond: (ci.movie_id = t.id)
  ->  Seq Scan on cast_info ci  (cost=0.00..614943.12 rows=36225612 width=4) (actual time=0.012..8026.447 rows=36244344 loops=1)
  ->  Hash  (cost=101836.10..101836.10 rows=30384 width=8) (actual time=1544.060..1544.060 rows=78294 loops=1)
        Buckets: 131072 (originally 32768)  Batches: 1 (originally 1)  Memory Usage: 4083kB
        ->  Hash Join  (cost=74621.78..101836.10 rows=30384 width=8) (actual time=1023.358..1517.262 rows=78294 loops=1)
              Hash Cond: (mi_idx.movie_id = t.id)
              ->  Seq Scan on movie_info_idx mi_idx  (cost=0.00..21735.35 rows=1380035 width=4) (actual time=0.018..199.001 rows=1380035 loops=1)
              ->  Hash  (cost=73925.90..73925.90 rows=55670 width=4) (actual time=1023.015..1023.015 rows=60828 loops=1)
                    Buckets: 65536  Batches: 1  Memory Usage: 2651kB
                    ->  Seq Scan on title t  (cost=0.00..73925.90 rows=55670 width=4) (actual time=0.033..997.711 rows=60828 loops=1)
                          Filter: ((production_year < 2007) AND (kind_id = 2))
                          Rows Removed by Filter: 2467484
Planning time: 1.220 ms
Execution time: 20899.849 ms
