Hash Join  (cost=102767.86..183642.87 rows=814209 width=0) (actual time=1721.147..3786.760 rows=806015 loops=1)
  Hash Cond: (mc.movie_id = t.id)
  ->  Seq Scan on movie_companies mc  (cost=0.00..51404.11 rows=814209 width=4) (actual time=0.017..860.498 rows=806015 loops=1)
        Filter: (company_id < 1828)
        Rows Removed by Filter: 1803114
  ->  Hash  (cost=61283.27..61283.27 rows=2528527 width=4) (actual time=1719.158..1719.158 rows=2528312 loops=1)
        Buckets: 131072  Batches: 64  Memory Usage: 2415kB
        ->  Seq Scan on title t  (cost=0.00..61283.27 rows=2528527 width=4) (actual time=0.020..882.689 rows=2528312 loops=1)
Planning time: 0.739 ms
Execution time: 3880.784 ms
