Seq Scan on cast_info ci  (cost=0.00..796071.18 rows=2117743 width=0) (actual time=8058.777..13267.606 rows=2701595 loops=1)
  Filter: ((person_id > 1671787) AND (role_id = 3))
  Rows Removed by Filter: 33542749
Planning time: 0.402 ms
Execution time: 13608.610 ms
