Seq Scan on movie_keyword mk  (cost=0.00..81003.12 rows=246 width=0) (actual time=3.073..1204.795 rows=537 loops=1)
  Filter: (keyword_id = 181)
  Rows Removed by Filter: 4523393
Planning time: 0.371 ms
Execution time: 1205.135 ms
