Hash Join  (cost=127129.18..205647.10 rows=251540 width=0) (actual time=2324.939..4264.418 rows=352665 loops=1)
  Hash Cond: (mc.movie_id = t.id)
  ->  Seq Scan on movie_companies mc  (cost=0.00..44881.29 rows=2609129 width=4) (actual time=0.012..815.427 rows=2609129 loops=1)
  ->  Hash  (cost=123129.06..123129.06 rows=243769 width=8) (actual time=2324.172..2324.172 rows=140361 loops=1)
        Buckets: 131072  Batches: 4  Memory Usage: 2404kB
        ->  Hash Join  (cost=81253.89..123129.06 rows=243769 width=8) (actual time=1206.887..2283.525 rows=140361 loops=1)
              Hash Cond: (mi_idx.movie_id = t.id)
              ->  Seq Scan on movie_info_idx mi_idx  (cost=0.00..21735.35 rows=1380035 width=4) (actual time=0.009..432.581 rows=1380035 loops=1)
              ->  Hash  (cost=73925.90..73925.90 rows=446639 width=4) (actual time=1206.040..1206.040 rows=306970 loops=1)
                    Buckets: 131072  Batches: 8  Memory Usage: 2364kB
                    ->  Seq Scan on title t  (cost=0.00..73925.90 rows=446639 width=4) (actual time=0.024..1099.767 rows=306970 loops=1)
                          Filter: ((kind_id > 1) AND (production_year < 1986))
                          Rows Removed by Filter: 2221342
Planning time: 1.137 ms
Execution time: 4311.309 ms
