Seq Scan on cast_info ci  (cost=0.00..705507.15 rows=500 width=0) (actual time=2290.571..10283.153 rows=54 loops=1)
  Filter: (person_id = 649688)
  Rows Removed by Filter: 36244290
Planning time: 0.362 ms
Execution time: 10283.241 ms
