Hash Join  (cost=89762.59..168918.60 rows=710185 width=0) (actual time=2010.640..3748.814 rows=820903 loops=1)
  Hash Cond: (mc.movie_id = t.id)
  ->  Seq Scan on movie_companies mc  (cost=0.00..51404.11 rows=1329612 width=4) (actual time=389.282..972.782 rows=1334883 loops=1)
        Filter: (company_type_id = 2)
        Rows Removed by Filter: 1274246
  ->  Hash  (cost=67604.59..67604.59 rows=1350560 width=4) (actual time=1620.110..1620.110 rows=1348293 loops=1)
        Buckets: 131072  Batches: 32  Memory Usage: 2505kB
        ->  Seq Scan on title t  (cost=0.00..67604.59 rows=1350560 width=4) (actual time=0.017..1199.092 rows=1348293 loops=1)
              Filter: (production_year < 2005)
              Rows Removed by Filter: 1180019
Planning time: 0.756 ms
Execution time: 3851.263 ms
