Nested Loop  (cost=0.43..83072.29 rows=35 width=0) (actual time=163.854..1106.120 rows=12 loops=1)
  ->  Seq Scan on movie_keyword mk  (cost=0.00..81003.12 rows=246 width=4) (actual time=30.213..1104.471 rows=40 loops=1)
        Filter: (keyword_id = 7676)
        Rows Removed by Filter: 4523890
  ->  Index Scan using title_pkey on title t  (cost=0.43..8.40 rows=1 width=4) (actual time=0.037..0.037 rows=0 loops=40)
        Index Cond: (id = mk.movie_id)
        Filter: (production_year < 1969)
        Rows Removed by Filter: 1
Planning time: 0.490 ms
Execution time: 1106.196 ms
