Hash Join  (cost=127172.84..1142438.29 rows=1166957 width=0) (actual time=2681.442..24867.687 rows=1464708 loops=1)
  Hash Cond: (ci.movie_id = t.id)
  ->  Seq Scan on cast_info ci  (cost=0.00..796071.18 rows=17892179 width=4) (actual time=0.012..15820.845 rows=14930606 loops=1)
        Filter: ((person_id < 2824574) AND (role_id > 1))
        Rows Removed by Filter: 21313738
  ->  Hash  (cost=124466.40..124466.40 rows=164915 width=8) (actual time=2680.614..2680.614 rows=82780 loops=1)
        Buckets: 131072  Batches: 4  Memory Usage: 1825kB
        ->  Hash Join  (cost=88767.14..124466.40 rows=164915 width=8) (actual time=1909.561..2649.951 rows=82780 loops=1)
              Hash Cond: (mi_idx.movie_id = t.id)
              ->  Seq Scan on movie_info_idx mi_idx  (cost=0.00..25185.44 rows=460978 width=4) (actual time=0.017..450.381 rows=459925 loops=1)
                    Filter: (info_type_id = 99)
                    Rows Removed by Filter: 920110
              ->  Hash  (cost=73925.90..73925.90 rows=904579 width=4) (actual time=1756.928..1756.928 rows=992072 loops=1)
                    Buckets: 131072  Batches: 16  Memory Usage: 3212kB
                    ->  Seq Scan on title t  (cost=0.00..73925.90 rows=904579 width=4) (actual time=0.035..1208.546 rows=992072 loops=1)
                          Filter: ((production_year > 1998) AND (kind_id = 7))
                          Rows Removed by Filter: 1536240
Planning time: 1.196 ms
Execution time: 25052.586 ms
