Seq Scan on movie_companies mc  (cost=0.00..57926.93 rows=343051 width=0) (actual time=0.025..609.332 rows=189016 loops=1)
  Filter: ((company_id < 1020) AND (company_type_id = 2))
  Rows Removed by Filter: 2420113
Planning time: 0.353 ms
Execution time: 623.297 ms
