Seq Scan on cast_info ci  (cost=0.00..705507.15 rows=15644555 width=0) (actual time=0.016..9089.311 rows=15528897 loops=1)
  Filter: (person_id < 1531885)
  Rows Removed by Filter: 20715447
Planning time: 1.561 ms
Execution time: 10984.754 ms
