Hash Join  (cost=71089.54..1136152.18 rows=3042948 width=0) (actual time=1229.883..29958.334 rows=2065380 loops=1)
  Hash Cond: (ci.movie_id = t.id)
  ->  Seq Scan on cast_info ci  (cost=0.00..614943.12 rows=36225612 width=4) (actual time=0.025..11478.678 rows=36244344 loops=1)
  ->  Hash  (cost=67604.59..67604.59 rows=212396 width=4) (actual time=1228.994..1228.994 rows=211624 loops=1)
        Buckets: 131072  Batches: 4  Memory Usage: 2883kB
        ->  Seq Scan on title t  (cost=0.00..67604.59 rows=212396 width=4) (actual time=0.056..1157.560 rows=211624 loops=1)
              Filter: (production_year < 1957)
              Rows Removed by Filter: 2316688
Planning time: 0.697 ms
Execution time: 30208.294 ms
