Hash Join  (cost=120364.77..188349.82 rows=72046 width=0) (actual time=2630.815..4330.892 rows=564831 loops=1)
  Hash Cond: (mc.movie_id = t.id)
  ->  Seq Scan on movie_companies mc  (cost=0.00..51404.11 rows=1325194 width=4) (actual time=0.021..933.952 rows=1314558 loops=1)
        Filter: (company_id < 11361)
        Rows Removed by Filter: 1294571
  ->  Hash  (cost=118109.43..118109.43 rows=137467 width=8) (actual time=2629.906..2629.906 rows=319116 loops=1)
        Buckets: 131072 (originally 131072)  Batches: 8 (originally 2)  Memory Usage: 3073kB
        ->  Hash Join  (cost=78058.28..118109.43 rows=137467 width=8) (actual time=1300.627..2541.369 rows=319116 loops=1)
              Hash Cond: (mi_idx.movie_id = t.id)
              ->  Seq Scan on movie_info_idx mi_idx  (cost=0.00..21735.35 rows=1380035 width=4) (actual time=0.014..530.673 rows=1380035 loops=1)
              ->  Hash  (cost=73925.90..73925.90 rows=251870 width=4) (actual time=1299.667..1299.667 rows=365623 loops=1)
                    Buckets: 131072 (originally 131072)  Batches: 8 (originally 4)  Memory Usage: 3073kB
                    ->  Seq Scan on title t  (cost=0.00..73925.90 rows=251870 width=4) (actual time=0.028..1173.749 rows=365623 loops=1)
                          Filter: ((kind_id < 7) AND (production_year < 1988))
                          Rows Removed by Filter: 2162689
Planning time: 1.165 ms
Execution time: 4399.624 ms
