Seq Scan on movie_companies mc  (cost=0.00..51404.11 rows=104 width=0) (actual time=389.230..812.110 rows=62 loops=1)
  Filter: (company_id = 71040)
  Rows Removed by Filter: 2609067
Planning time: 0.331 ms
Execution time: 812.198 ms
