Hash Join  (cost=125875.28..204112.81 rows=231201 width=0) (actual time=2665.626..4910.707 rows=1770228 loops=1)
  Hash Cond: (mc.movie_id = t.id)
  ->  Seq Scan on movie_companies mc  (cost=0.00..44881.29 rows=2609129 width=4) (actual time=0.020..791.142 rows=2609129 loops=1)
  ->  Hash  (cost=122198.54..122198.54 rows=224059 width=8) (actual time=2664.672..2664.672 rows=478281 loops=1)
        Buckets: 131072 (originally 131072)  Batches: 8 (originally 4)  Memory Usage: 3374kB
        ->  Hash Join  (cost=80661.47..122198.54 rows=224059 width=8) (actual time=1245.105..2515.790 rows=478281 loops=1)
              Hash Cond: (mi_idx.movie_id = t.id)
              ->  Seq Scan on movie_info_idx mi_idx  (cost=0.00..21735.35 rows=1380035 width=4) (actual time=0.008..417.463 rows=1380035 loops=1)
              ->  Hash  (cost=73925.90..73925.90 rows=410525 width=4) (actual time=1244.137..1244.137 rows=456146 loops=1)
                    Buckets: 131072  Batches: 8  Memory Usage: 3040kB
                    ->  Seq Scan on title t  (cost=0.00..73925.90 rows=410525 width=4) (actual time=0.010..1103.503 rows=456146 loops=1)
                          Filter: ((production_year < 2007) AND (kind_id = 1))
                          Rows Removed by Filter: 2072166
Planning time: 1.114 ms
Execution time: 5068.601 ms
