Hash Join  (cost=156649.15..260022.11 rows=281989 width=0) (actual time=3189.307..5615.052 rows=1174418 loops=1)
  Hash Cond: (mk.movie_id = t.id)
  ->  Seq Scan on movie_keyword mk  (cost=0.00..81003.12 rows=1533585 width=4) (actual time=0.009..1419.235 rows=1544143 loops=1)
        Filter: (keyword_id < 2276)
        Rows Removed by Filter: 2979787
  ->  Hash  (cost=149020.47..149020.47 rows=464934 width=8) (actual time=3188.303..3188.303 rows=460185 loops=1)
        Buckets: 131072  Batches: 8  Memory Usage: 3286kB
        ->  Hash Join  (cost=102767.86..149020.47 rows=464934 width=8) (actual time=1818.632..3041.985 rows=460185 loops=1)
              Hash Cond: (mi_idx.movie_id = t.id)
              ->  Seq Scan on movie_info_idx mi_idx  (cost=0.00..25185.44 rows=464934 width=4) (actual time=0.023..432.157 rows=460185 loops=1)
                    Filter: (info_type_id > 100)
                    Rows Removed by Filter: 919850
              ->  Hash  (cost=61283.27..61283.27 rows=2528527 width=4) (actual time=1817.610..1817.610 rows=2528312 loops=1)
                    Buckets: 131072  Batches: 64  Memory Usage: 2415kB
                    ->  Seq Scan on title t  (cost=0.00..61283.27 rows=2528527 width=4) (actual time=0.013..984.274 rows=2528312 loops=1)
Planning time: 1.118 ms
Execution time: 5751.375 ms
