Nested Loop  (cost=0.43..709671.90 rows=500 width=0) (actual time=3331.214..9673.852 rows=250 loops=1)
  ->  Seq Scan on cast_info ci  (cost=0.00..705507.15 rows=500 width=4) (actual time=3331.067..9670.345 rows=250 loops=1)
        Filter: (person_id = 661223)
        Rows Removed by Filter: 36244094
  ->  Index Only Scan using title_pkey on title t  (cost=0.43..8.32 rows=1 width=4) (actual time=0.013..0.013 rows=1 loops=250)
        Index Cond: (id = ci.movie_id)
        Heap Fetches: 250
Planning time: 0.785 ms
Execution time: 9674.027 ms
