Nested Loop  (cost=0.43..709671.90 rows=500 width=0) (actual time=793.299..8364.838 rows=163 loops=1)
  ->  Seq Scan on cast_info ci  (cost=0.00..705507.15 rows=500 width=4) (actual time=793.209..8362.314 rows=163 loops=1)
        Filter: (person_id = 101922)
        Rows Removed by Filter: 36244181
  ->  Index Only Scan using title_pkey on title t  (cost=0.43..8.32 rows=1 width=4) (actual time=0.014..0.014 rows=1 loops=163)
        Index Cond: (id = ci.movie_id)
        Heap Fetches: 163
Planning time: 0.720 ms
Execution time: 8364.960 ms
