Hash Join  (cost=145414.09..278994.65 rows=950352 width=0) (actual time=2929.098..6405.914 rows=1415700 loops=1)
  Hash Cond: (mk.movie_id = t.id)
  ->  Seq Scan on movie_keyword mk  (cost=0.00..69693.30 rows=4523930 width=4) (actual time=0.017..1279.781 rows=4523930 loops=1)
  ->  Hash  (cost=136699.43..136699.43 rows=531173 width=8) (actual time=2927.929..2927.929 rows=380133 loops=1)
        Buckets: 131072  Batches: 8  Memory Usage: 2884kB
        ->  Hash Join  (cost=89893.22..136699.43 rows=531173 width=8) (actual time=1470.846..2810.616 rows=380133 loops=1)
              Hash Cond: (mi_idx.movie_id = t.id)
              ->  Seq Scan on movie_info_idx mi_idx  (cost=0.00..21735.35 rows=1380035 width=4) (actual time=0.016..412.164 rows=1380035 loops=1)
              ->  Hash  (cost=73925.90..73925.90 rows=973225 width=4) (actual time=1469.271..1469.271 rows=1057588 loops=1)
                    Buckets: 131072  Batches: 16  Memory Usage: 3355kB
                    ->  Seq Scan on title t  (cost=0.00..73925.90 rows=973225 width=4) (actual time=0.031..1136.155 rows=1057588 loops=1)
                          Filter: ((kind_id > 1) AND (production_year > 2001))
                          Rows Removed by Filter: 1470724
Planning time: 1.228 ms
Execution time: 6573.655 ms
