Hash Join  (cost=858475.44..3740687.85 rows=140262714 width=0) (actual time=20635.426..131875.756 rows=312084595 loops=1)
  Hash Cond: (ci.movie_id = t.id)
  ->  Seq Scan on cast_info ci  (cost=0.00..614943.12 rows=36225612 width=4) (actual time=0.015..12172.824 rows=36244344 loops=1)
  ->  Hash  (cost=697853.22..697853.22 rows=9790257 width=8) (actual time=20633.182..20633.182 rows=8632174 loops=1)
        Buckets: 131072  Batches: 128  Memory Usage: 3650kB
        ->  Hash Join  (cost=95159.82..697853.22 rows=9790257 width=8) (actual time=1743.150..18023.623 rows=8632174 loops=1)
              Hash Cond: (mi.movie_id = t.id)
              ->  Seq Scan on movie_info mi  (cost=0.00..309384.22 rows=14739122 width=4) (actual time=0.023..5180.216 rows=14835720 loops=1)
              ->  Hash  (cost=67604.59..67604.59 rows=1679539 width=4) (actual time=1742.173..1742.173 rows=1673541 loops=1)
                    Buckets: 131072  Batches: 32  Memory Usage: 2874kB
                    ->  Seq Scan on title t  (cost=0.00..67604.59 rows=1679539 width=4) (actual time=0.023..1173.310 rows=1673541 loops=1)
                          Filter: (production_year > 1993)
                          Rows Removed by Filter: 854771
Planning time: 7.758 ms
Execution time: 165282.735 ms
