Hash Join  (cost=74450.53..101441.15 rows=7652 width=0) (actual time=990.737..1311.788 rows=7534 loops=1)
  Hash Cond: (mi_idx.movie_id = t.id)
  ->  Seq Scan on movie_info_idx mi_idx  (cost=0.00..25185.44 rows=460978 width=4) (actual time=0.013..248.394 rows=459925 loops=1)
        Filter: (info_type_id < 100)
        Rows Removed by Filter: 920110
  ->  Hash  (cost=73925.90..73925.90 rows=41970 width=4) (actual time=990.155..990.155 rows=20854 loops=1)
        Buckets: 65536  Batches: 1  Memory Usage: 1246kB
        ->  Seq Scan on title t  (cost=0.00..73925.90 rows=41970 width=4) (actual time=149.369..981.813 rows=20854 loops=1)
              Filter: ((production_year < 1998) AND (kind_id = 4))
              Rows Removed by Filter: 2507458
Planning time: 0.754 ms
Execution time: 1312.904 ms
