Hash Join  (cost=151844.62..1226053.20 rows=3933241 width=0) (actual time=3432.967..36010.381 rows=18153299 loops=1)
  Hash Cond: (ci.movie_id = t.id)
  ->  Seq Scan on cast_info ci  (cost=0.00..614943.12 rows=36225612 width=4) (actual time=0.023..11791.028 rows=36244344 loops=1)
  ->  Hash  (cost=147339.90..147339.90 rows=274538 width=8) (actual time=3431.754..3431.754 rows=649231 loops=1)
        Buckets: 131072 (originally 131072)  Batches: 16 (originally 4)  Memory Usage: 3073kB
        ->  Hash Join  (cost=78556.72..147339.90 rows=274538 width=8) (actual time=1234.887..3225.142 rows=649231 loops=1)
              Hash Cond: (mc.movie_id = t.id)
              ->  Seq Scan on movie_companies mc  (cost=0.00..51404.11 rows=1039915 width=4) (actual time=0.015..875.530 rows=1048805 loops=1)
                    Filter: (company_id > 14993)
                    Rows Removed by Filter: 1560324
              ->  Hash  (cost=67604.59..67604.59 rows=667531 width=4) (actual time=1234.071..1234.071 rows=662825 loops=1)
                    Buckets: 131072  Batches: 16  Memory Usage: 2476kB
                    ->  Seq Scan on title t  (cost=0.00..67604.59 rows=667531 width=4) (actual time=0.011..1030.910 rows=662825 loops=1)
                          Filter: (kind_id = 1)
                          Rows Removed by Filter: 1865487
Planning time: 1.117 ms
Execution time: 37930.420 ms
