Hash Join  (cost=88295.76..1307705.63 rows=18067970 width=0) (actual time=1655.145..39494.693 rows=19558226 loops=1)
  Hash Cond: (ci.movie_id = t.id)
  ->  Seq Scan on cast_info ci  (cost=0.00..614943.12 rows=36225612 width=4) (actual time=0.022..13114.459 rows=36244344 loops=1)
  ->  Hash  (cost=67604.59..67604.59 rows=1261134 width=4) (actual time=1653.939..1653.939 rows=1260295 loops=1)
        Buckets: 131072  Batches: 32  Memory Usage: 2413kB
        ->  Seq Scan on title t  (cost=0.00..67604.59 rows=1261134 width=4) (actual time=0.025..1223.932 rows=1260295 loops=1)
              Filter: (production_year > 2002)
              Rows Removed by Filter: 1268017
Planning time: 24.161 ms
Execution time: 41688.879 ms
