Hash Join  (cost=201365.34..1263228.35 rows=2731484 width=0) (actual time=3713.011..34336.365 rows=9826830 loops=1)
  Hash Cond: (ci.movie_id = t.id)
  ->  Seq Scan on cast_info ci  (cost=0.00..614943.12 rows=36225612 width=4) (actual time=0.011..11731.000 rows=36244344 loops=1)
  ->  Hash  (cost=198237.14..198237.14 rows=190656 width=8) (actual time=3712.050..3712.050 rows=193327 loops=1)
        Buckets: 131072  Batches: 4  Memory Usage: 2922kB
        ->  Hash Join  (cost=102767.86..198237.14 rows=190656 width=8) (actual time=1830.924..3652.335 rows=193327 loops=1)
              Hash Cond: (mk.movie_id = t.id)
              ->  Seq Scan on movie_keyword mk  (cost=0.00..81003.12 rows=190656 width=4) (actual time=0.014..1259.328 rows=193327 loops=1)
                    Filter: (keyword_id > 70021)
                    Rows Removed by Filter: 4330603
              ->  Hash  (cost=61283.27..61283.27 rows=2528527 width=4) (actual time=1829.652..1829.652 rows=2528312 loops=1)
                    Buckets: 131072  Batches: 64  Memory Usage: 2425kB
                    ->  Seq Scan on title t  (cost=0.00..61283.27 rows=2528527 width=4) (actual time=0.023..961.545 rows=2528312 loops=1)
Planning time: 1.169 ms
Execution time: 35419.927 ms
