Hash Join  (cost=257931.80..1130575.94 rows=5736257 width=0) (actual time=6550.836..24179.703 rows=14597865 loops=1)
  Hash Cond: (ci.movie_id = t.id)
  ->  Seq Scan on cast_info ci  (cost=0.00..705507.15 rows=8015886 width=4) (actual time=1028.132..11655.304 rows=7898061 loops=1)
        Filter: (person_id < 770002)
        Rows Removed by Filter: 28346283
  ->  Hash  (cost=228244.77..228244.77 rows=1809442 width=8) (actual time=5521.652..5521.652 rows=1253091 loops=1)
        Buckets: 131072  Batches: 32  Memory Usage: 2608kB
        ->  Hash Join  (cost=84197.31..228244.77 rows=1809442 width=8) (actual time=1469.572..5177.801 rows=1253091 loops=1)
              Hash Cond: (mk.movie_id = t.id)
              ->  Seq Scan on movie_keyword mk  (cost=0.00..69693.30 rows=4523930 width=4) (actual time=0.027..1369.814 rows=4523930 loops=1)
              ->  Hash  (cost=67604.59..67604.59 rows=1011338 width=4) (actual time=1468.726..1468.726 rows=1012920 loops=1)
                    Buckets: 131072  Batches: 16  Memory Usage: 3257kB
                    ->  Seq Scan on title t  (cost=0.00..67604.59 rows=1011338 width=4) (actual time=0.023..1131.173 rows=1012920 loops=1)
                          Filter: (production_year > 2005)
                          Rows Removed by Filter: 1515392
Planning time: 2.216 ms
Execution time: 25586.406 ms
