Hash Join  (cost=426916.06..514237.13 rows=66303 width=0) (actual time=6426.578..8186.212 rows=114745 loops=1)
  Hash Cond: (mk.movie_id = t.id)
  ->  Seq Scan on movie_keyword mk  (cost=0.00..69693.30 rows=4523930 width=4) (actual time=0.013..878.309 rows=4523930 loops=1)
  ->  Hash  (cost=426452.84..426452.84 rows=37058 width=8) (actual time=6425.509..6425.509 rows=67600 loops=1)
        Buckets: 131072 (originally 65536)  Batches: 1 (originally 1)  Memory Usage: 3665kB
        ->  Hash Join  (cost=74794.72..426452.84 rows=37058 width=8) (actual time=1718.805..6396.025 rows=67600 loops=1)
              Hash Cond: (mi.movie_id = t.id)
              ->  Seq Scan on movie_info mi  (cost=0.00..346232.03 rows=1348138 width=4) (actual time=638.849..4932.022 rows=1298989 loops=1)
                    Filter: (info_type_id = 4)
                    Rows Removed by Filter: 13536731
              ->  Hash  (cost=73925.90..73925.90 rows=69505 width=4) (actual time=1079.285..1079.285 rows=69431 loops=1)
                    Buckets: 131072  Batches: 1  Memory Usage: 3465kB
                    ->  Seq Scan on title t  (cost=0.00..73925.90 rows=69505 width=4) (actual time=0.136..1051.804 rows=69431 loops=1)
                          Filter: ((kind_id < 3) AND (production_year > 2011))
                          Rows Removed by Filter: 2458881
Planning time: 1.463 ms
Execution time: 8201.539 ms
