Hash Join  (cost=107928.35..170361.33 rows=1341445 width=0) (actual time=2297.758..4423.054 rows=1379855 loops=1)
  Hash Cond: (mi_idx.movie_id = t.id)
  ->  Seq Scan on movie_info_idx mi_idx  (cost=0.00..21735.35 rows=1380035 width=4) (actual time=0.017..400.061 rows=1380035 loops=1)
  ->  Hash  (cost=67604.59..67604.59 rows=2457821 width=4) (actual time=2295.962..2295.962 rows=2456218 loops=1)
        Buckets: 131072  Batches: 64  Memory Usage: 2375kB
        ->  Seq Scan on title t  (cost=0.00..67604.59 rows=2457821 width=4) (actual time=0.018..1460.083 rows=2456218 loops=1)
              Filter: (production_year > 0)
              Rows Removed by Filter: 72094
Planning time: 0.715 ms
Execution time: 4595.280 ms
