Seq Scan on title t  (cost=0.00..73925.90 rows=12394 width=0) (actual time=47.567..1003.530 rows=7075 loops=1)
  Filter: ((kind_id = 1) AND (production_year = 1998))
  Rows Removed by Filter: 2521237
Planning time: 0.382 ms
Execution time: 1005.050 ms
