Hash Join  (cost=82004.01..121531.40 rows=178949 width=0) (actual time=1253.383..2418.221 rows=406154 loops=1)
  Hash Cond: (mi_idx.movie_id = t.id)
  ->  Seq Scan on movie_info_idx mi_idx  (cost=0.00..25185.44 rows=919057 width=4) (actual time=0.017..527.499 rows=920110 loops=1)
        Filter: (info_type_id > 99)
        Rows Removed by Filter: 459925
  ->  Hash  (cost=73925.90..73925.90 rows=492328 width=4) (actual time=1252.565..1252.565 rows=570276 loops=1)
        Buckets: 131072  Batches: 8  Memory Usage: 3545kB
        ->  Seq Scan on title t  (cost=0.00..73925.90 rows=492328 width=4) (actual time=0.022..1073.255 rows=570276 loops=1)
              Filter: ((kind_id < 4) AND (production_year < 2006))
              Rows Removed by Filter: 1958036
Planning time: 0.729 ms
Execution time: 2469.456 ms
