Seq Scan on cast_info ci  (cost=0.00..796071.18 rows=276 width=0) (actual time=12149.598..13039.390 rows=6 loops=1)
  Filter: ((role_id < 3) AND (person_id = 1357941))
  Rows Removed by Filter: 36244338
Planning time: 0.377 ms
Execution time: 13039.553 ms
