Hash Join  (cost=77374.35..442228.00 rows=19772 width=0) (actual time=831.985..6778.617 rows=71624 loops=1)
  Hash Cond: (mi.movie_id = t.id)
  ->  Seq Scan on movie_info mi  (cost=0.00..309384.22 rows=14739122 width=4) (actual time=0.022..3277.076 rows=14835720 loops=1)
  ->  Hash  (cost=77331.95..77331.95 rows=3392 width=8) (actual time=831.796..831.796 rows=3430 loops=1)
        Buckets: 4096  Batches: 1  Memory Usage: 166kB
        ->  Nested Loop  (cost=0.43..77331.95 rows=3392 width=8) (actual time=236.313..830.014 rows=3430 loops=1)
              ->  Seq Scan on movie_companies mc  (cost=0.00..51404.11 rows=3392 width=4) (actual time=236.245..752.757 rows=3430 loops=1)
                    Filter: (company_id = 428)
                    Rows Removed by Filter: 2605699
              ->  Index Only Scan using title_pkey on title t  (cost=0.43..7.63 rows=1 width=4) (actual time=0.021..0.022 rows=1 loops=3430)
                    Index Cond: (id = mc.movie_id)
                    Heap Fetches: 3430
Planning time: 2.410 ms
Execution time: 6789.442 ms
