Hash Join  (cost=260676.04..729159.10 rows=3999196 width=0) (actual time=6427.862..13665.504 rows=986196 loops=1)
  Hash Cond: (mi.movie_id = t.id)
  ->  Seq Scan on movie_info mi  (cost=0.00..346232.03 rows=5897221 width=4) (actual time=1170.003..5605.193 rows=5884963 loops=1)
        Filter: (info_type_id < 7)
        Rows Removed by Filter: 8950757
  ->  Hash  (cost=232543.06..232543.06 rows=1714718 width=8) (actual time=5254.290..5254.290 rows=425562 loops=1)
        Buckets: 131072  Batches: 32  Memory Usage: 1568kB
        ->  Hash Join  (cost=89649.84..232543.06 rows=1714718 width=8) (actual time=3489.438..5122.076 rows=425562 loops=1)
              Hash Cond: (mk.movie_id = t.id)
              ->  Seq Scan on movie_keyword mk  (cost=0.00..69693.30 rows=4523930 width=4) (actual time=0.016..1339.175 rows=4523930 loops=1)
              ->  Hash  (cost=73925.90..73925.90 rows=958395 width=4) (actual time=1555.532..1555.532 rows=1050192 loops=1)
                    Buckets: 131072  Batches: 16  Memory Usage: 3346kB
                    ->  Seq Scan on title t  (cost=0.00..73925.90 rows=958395 width=4) (actual time=0.028..1223.890 rows=1050192 loops=1)
                          Filter: ((production_year > 1996) AND (kind_id = 7))
                          Rows Removed by Filter: 1478120
Planning time: 1.182 ms
Execution time: 13771.594 ms
