Seq Scan on movie_keyword mk  (cost=0.00..81003.12 rows=3461191 width=0) (actual time=0.020..1325.689 rows=3455845 loops=1)
  Filter: (keyword_id > 1070)
  Rows Removed by Filter: 1068085
Planning time: 0.250 ms
Execution time: 1739.075 ms
