Hash Join  (cost=83074.74..833899.15 rows=3524 width=0) (actual time=1114.714..16371.703 rows=28375 loops=1)
  Hash Cond: (ci.movie_id = t.id)
  ->  Seq Scan on cast_info ci  (cost=0.00..614943.12 rows=36225612 width=4) (actual time=0.023..8073.559 rows=36244344 loops=1)
  ->  Hash  (cost=83071.67..83071.67 rows=246 width=8) (actual time=1113.076..1113.076 rows=553 loops=1)
        Buckets: 1024  Batches: 1  Memory Usage: 30kB
        ->  Nested Loop  (cost=0.43..83071.67 rows=246 width=8) (actual time=0.259..1112.627 rows=553 loops=1)
              ->  Seq Scan on movie_keyword mk  (cost=0.00..81003.12 rows=246 width=4) (actual time=0.209..1095.568 rows=553 loops=1)
                    Filter: (keyword_id = 4001)
                    Rows Removed by Filter: 4523377
              ->  Index Only Scan using title_pkey on title t  (cost=0.43..8.40 rows=1 width=4) (actual time=0.029..0.029 rows=1 loops=553)
                    Index Cond: (id = mk.movie_id)
                    Heap Fetches: 553
Planning time: 1.157 ms
Execution time: 16379.299 ms
