Hash Join  (cost=103457.34..469034.97 rows=92168 width=0) (actual time=1803.952..8808.441 rows=269945 loops=1)
  Hash Cond: (mi.movie_id = t.id)
  ->  Seq Scan on movie_info mi  (cost=0.00..309384.22 rows=14739122 width=4) (actual time=0.018..3733.399 rows=14835720 loops=1)
  ->  Hash  (cost=103259.69..103259.69 rows=15812 width=8) (actual time=1684.299..1684.299 rows=14932 loops=1)
        Buckets: 16384  Batches: 1  Memory Usage: 712kB
        ->  Hash Join  (cost=74469.67..103259.69 rows=15812 width=8) (actual time=995.767..1678.749 rows=14932 loops=1)
              Hash Cond: (mi_idx.movie_id = t.id)
              ->  Seq Scan on movie_info_idx mi_idx  (cost=0.00..25185.44 rows=919057 width=4) (actual time=0.022..473.249 rows=920110 loops=1)
                    Filter: (info_type_id > 99)
                    Rows Removed by Filter: 459925
              ->  Hash  (cost=73925.90..73925.90 rows=43501 width=4) (actual time=995.335..995.335 rows=39560 loops=1)
                    Buckets: 65536  Batches: 1  Memory Usage: 1903kB
                    ->  Seq Scan on title t  (cost=0.00..73925.90 rows=43501 width=4) (actual time=0.028..980.060 rows=39560 loops=1)
                          Filter: ((kind_id = 1) AND (production_year = 2012))
                          Rows Removed by Filter: 2488752
Planning time: 1.235 ms
Execution time: 8847.739 ms
