Hash Join  (cost=104131.46..901155.89 rows=3373292 width=0) (actual time=2198.161..16762.676 rows=3356136 loops=1)
  Hash Cond: (ci.movie_id = t.id)
  ->  Seq Scan on cast_info ci  (cost=0.00..705507.15 rows=3831072 width=4) (actual time=280.273..10557.026 rows=3706228 loops=1)
        Filter: (person_id < 355487)
        Rows Removed by Filter: 32538116
  ->  Hash  (cost=67604.59..67604.59 rows=2226390 width=4) (actual time=1873.923..1873.923 rows=2224569 loops=1)
        Buckets: 131072  Batches: 32  Memory Usage: 3463kB
        ->  Seq Scan on title t  (cost=0.00..67604.59 rows=2226390 width=4) (actual time=0.021..1157.507 rows=2224569 loops=1)
              Filter: (production_year < 2012)
              Rows Removed by Filter: 303743
Planning time: 0.749 ms
Execution time: 17153.345 ms
