Seq Scan on cast_info ci  (cost=0.00..705507.15 rows=18754635 width=0) (actual time=1769.817..11439.375 rows=18894310 loops=1)
  Filter: (person_id > 1714738)
  Rows Removed by Filter: 17350034
Planning time: 0.353 ms
Execution time: 13768.263 ms
