Hash Join  (cost=727437.99..2863586.30 rows=85268603 width=0) (actual time=14435.066..66872.158 rows=70926105 loops=1)
  Hash Cond: (ci.movie_id = t.id)
  ->  Seq Scan on cast_info ci  (cost=0.00..614943.12 rows=36225612 width=4) (actual time=0.017..12474.980 rows=36244344 loops=1)
  ->  Hash  (cost=629792.74..629792.74 rows=5951700 width=8) (actual time=14433.325..14433.325 rows=3069642 loops=1)
        Buckets: 131072  Batches: 128  Memory Usage: 1934kB
        ->  Hash Join  (cost=92883.59..629792.74 rows=5951700 width=8) (actual time=1563.121..13548.697 rows=3069642 loops=1)
              Hash Cond: (mi.movie_id = t.id)
              ->  Seq Scan on movie_info mi  (cost=0.00..346232.03 rows=9767026 width=4) (actual time=0.017..6096.450 rows=9911754 loops=1)
                    Filter: (info_type_id > 4)
                    Rows Removed by Filter: 4923966
              ->  Hash  (cost=67604.59..67604.59 rows=1540800 width=4) (actual time=1561.961..1561.961 rows=1543264 loops=1)
                    Buckets: 131072  Batches: 32  Memory Usage: 2728kB
                    ->  Seq Scan on title t  (cost=0.00..67604.59 rows=1540800 width=4) (actual time=0.012..1060.347 rows=1543264 loops=1)
                          Filter: (kind_id = 7)
                          Rows Removed by Filter: 985048
Planning time: 1.174 ms
Execution time: 75090.838 ms
