Hash Join  (cost=101429.69..188201.40 rows=11367 width=0) (actual time=1759.334..3467.617 rows=26949 loops=1)
  Hash Cond: (mk.movie_id = t.id)
  ->  Seq Scan on movie_keyword mk  (cost=0.00..69693.30 rows=4523930 width=4) (actual time=0.019..890.999 rows=4523930 loops=1)
  ->  Hash  (cost=101350.27..101350.27 rows=6353 width=8) (actual time=1758.202..1758.202 rows=6274 loops=1)
        Buckets: 8192  Batches: 1  Memory Usage: 310kB
        ->  Hash Join  (cost=74357.80..101350.27 rows=6353 width=8) (actual time=1205.940..1755.432 rows=6274 loops=1)
              Hash Cond: (mi_idx.movie_id = t.id)
              ->  Seq Scan on movie_info_idx mi_idx  (cost=0.00..25185.44 rows=464934 width=4) (actual time=0.014..422.445 rows=460185 loops=1)
                    Filter: (info_type_id > 100)
                    Rows Removed by Filter: 919850
              ->  Hash  (cost=73925.90..73925.90 rows=34552 width=4) (actual time=1204.947..1204.947 rows=39508 loops=1)
                    Buckets: 65536  Batches: 1  Memory Usage: 1901kB
                    ->  Seq Scan on title t  (cost=0.00..73925.90 rows=34552 width=4) (actual time=0.019..1188.114 rows=39508 loops=1)
                          Filter: ((kind_id > 1) AND (production_year = 1998))
                          Rows Removed by Filter: 2488804
Planning time: 1.221 ms
Execution time: 3471.554 ms
