Seq Scan on movie_companies mc  (cost=0.00..57926.93 rows=960914 width=0) (actual time=294.703..1060.658 rows=650416 loops=1)
  Filter: ((company_id < 41003) AND (company_type_id = 2))
  Rows Removed by Filter: 1958713
Planning time: 0.429 ms
Execution time: 1143.770 ms
