Hash Join  (cost=198052.15..1005136.09 rows=1514035 width=0) (actual time=11475.051..23308.148 rows=9643512 loops=1)
  Hash Cond: (ci.movie_id = t.id)
  ->  Seq Scan on cast_info ci  (cost=0.00..705507.15 rows=7298253 width=4) (actual time=6953.687..12525.732 rows=7451973 loops=1)
        Filter: (role_id = 2)
        Rows Removed by Filter: 28792371
  ->  Hash  (cost=189445.32..189445.32 rows=524547 width=8) (actual time=4519.980..4519.980 rows=1194534 loops=1)
        Buckets: 131072 (originally 131072)  Batches: 16 (originally 8)  Memory Usage: 3975kB
        ->  Hash Join  (cost=83810.17..189445.32 rows=524547 width=8) (actual time=1453.404..3898.662 rows=1194534 loops=1)
              Hash Cond: (mk.movie_id = t.id)
              ->  Seq Scan on movie_keyword mk  (cost=0.00..81003.12 rows=1342812 width=4) (actual time=0.042..1290.710 rows=1361887 loops=1)
                    Filter: (keyword_id < 1775)
                    Rows Removed by Filter: 3162043
              ->  Hash  (cost=67604.59..67604.59 rows=987727 width=4) (actual time=1452.519..1452.519 rows=985048 loops=1)
                    Buckets: 131072  Batches: 16  Memory Usage: 3197kB
                    ->  Seq Scan on title t  (cost=0.00..67604.59 rows=987727 width=4) (actual time=0.026..1128.650 rows=985048 loops=1)
                          Filter: (kind_id < 7)
                          Rows Removed by Filter: 1543264
Planning time: 1.084 ms
Execution time: 24423.263 ms
