Seq Scan on cast_info ci  (cost=0.00..796071.18 rows=1963934 width=0) (actual time=2814.384..9827.579 rows=1183187 loops=1)
  Filter: ((person_id < 410549) AND (role_id > 2))
  Rows Removed by Filter: 35061157
Planning time: 0.373 ms
Execution time: 9981.211 ms
