Seq Scan on cast_info ci  (cost=0.00..705507.15 rows=500 width=0) (actual time=3878.980..10822.819 rows=2 loops=1)
  Filter: (person_id = 2301056)
  Rows Removed by Filter: 36244342
Planning time: 1.363 ms
Execution time: 10822.924 ms
