Hash Join  (cost=131073.70..219014.79 rows=128306 width=0) (actual time=2419.927..4180.559 rows=91844 loops=1)
  Hash Cond: (mk.movie_id = t.id)
  ->  Seq Scan on movie_keyword mk  (cost=0.00..69693.30 rows=4523930 width=4) (actual time=0.019..932.481 rows=4523930 loops=1)
  ->  Hash  (cost=130177.28..130177.28 rows=71713 width=8) (actual time=2402.232..2402.232 rows=29247 loops=1)
        Buckets: 131072  Batches: 1  Memory Usage: 2167kB
        ->  Hash Join  (cost=74794.63..130177.28 rows=71713 width=8) (actual time=1178.560..2391.028 rows=29247 loops=1)
              Hash Cond: (mc.movie_id = t.id)
              ->  Seq Scan on movie_companies mc  (cost=0.00..44881.29 rows=2609129 width=4) (actual time=0.019..517.257 rows=2609129 loops=1)
              ->  Hash  (cost=73925.90..73925.90 rows=69498 width=4) (actual time=1177.078..1177.078 rows=84506 loops=1)
                    Buckets: 131072  Batches: 1  Memory Usage: 3995kB
                    ->  Seq Scan on title t  (cost=0.00..73925.90 rows=69498 width=4) (actual time=0.033..1141.685 rows=84506 loops=1)
                          Filter: ((kind_id > 4) AND (production_year = 2007))
                          Rows Removed by Filter: 2443806
Planning time: 1.148 ms
Execution time: 4192.581 ms
