Hash Join  (cost=88195.18..1056254.87 rows=3865293 width=0) (actual time=3555.998..24209.079 rows=5038141 loops=1)
  Hash Cond: (ci.movie_id = t.id)
  ->  Seq Scan on cast_info ci  (cost=0.00..796071.18 rows=11237754 width=4) (actual time=2105.521..15592.228 rows=12670688 loops=1)
        Filter: ((person_id < 3275525) AND (role_id = 1))
        Rows Removed by Filter: 23573656
  ->  Hash  (cost=73925.90..73925.90 rows=869702 width=4) (actual time=1449.332..1449.332 rows=896788 loops=1)
        Buckets: 131072  Batches: 16  Memory Usage: 2998kB
        ->  Seq Scan on title t  (cost=0.00..73925.90 rows=869702 width=4) (actual time=0.037..1169.270 rows=896788 loops=1)
              Filter: ((kind_id < 7) AND (production_year < 2012))
              Rows Removed by Filter: 1631524
Planning time: 0.749 ms
Execution time: 24701.550 ms
