Hash Join  (cost=139597.14..978812.47 rows=638885 width=0) (actual time=4377.546..19555.984 rows=4902343 loops=1)
  Hash Cond: (ci.movie_id = t.id)
  ->  Seq Scan on cast_info ci  (cost=0.00..796071.18 rows=2996615 width=4) (actual time=1287.582..11753.862 rows=6605950 loops=1)
        Filter: ((person_id > 2551008) AND (role_id > 4))
        Rows Removed by Filter: 29638394
  ->  Hash  (cost=130752.54..130752.54 rows=539088 width=8) (actual time=3088.662..3088.662 rows=954317 loops=1)
        Buckets: 131072 (originally 131072)  Batches: 16 (originally 8)  Memory Usage: 3354kB
        ->  Hash Join  (cost=83810.17..130752.54 rows=539088 width=8) (actual time=1326.778..2797.854 rows=954317 loops=1)
              Hash Cond: (mi_idx.movie_id = t.id)
              ->  Seq Scan on movie_info_idx mi_idx  (cost=0.00..21735.35 rows=1380035 width=4) (actual time=0.024..413.036 rows=1380035 loops=1)
              ->  Hash  (cost=67604.59..67604.59 rows=987727 width=4) (actual time=1325.862..1325.862 rows=985048 loops=1)
                    Buckets: 131072  Batches: 16  Memory Usage: 3188kB
                    ->  Seq Scan on title t  (cost=0.00..67604.59 rows=987727 width=4) (actual time=0.029..1026.887 rows=985048 loops=1)
                          Filter: (kind_id < 7)
                          Rows Removed by Filter: 1543264
Planning time: 1.201 ms
Execution time: 20166.442 ms
