Seq Scan on movie_keyword mk  (cost=0.00..81003.12 rows=3442655 width=0) (actual time=0.023..1460.991 rows=3436584 loops=1)
  Filter: (keyword_id > 1109)
  Rows Removed by Filter: 1087346
Planning time: 0.421 ms
Execution time: 1888.983 ms
