Seq Scan on movie_keyword mk  (cost=0.00..81003.12 rows=498112 width=0) (actual time=0.025..1212.010 rows=492121 loops=1)
  Filter: (keyword_id > 36615)
  Rows Removed by Filter: 4031809
Planning time: 0.310 ms
Execution time: 1277.870 ms
