Seq Scan on movie_companies mc  (cost=0.00..57926.93 rows=285335 width=0) (actual time=0.012..793.917 rows=564616 loops=1)
  Filter: ((company_id > 71525) AND (company_type_id > 1))
  Rows Removed by Filter: 2044513
Planning time: 0.331 ms
Execution time: 854.294 ms
