Hash Join  (cost=101207.50..162367.19 rows=1449 width=0) (actual time=1902.855..2823.349 rows=15774 loops=1)
  Hash Cond: (mc.movie_id = t.id)
  ->  Seq Scan on movie_companies mc  (cost=0.00..57926.93 rows=858204 width=4) (actual time=253.061..969.579 rows=1172055 loops=1)
        Filter: ((company_id < 23893) AND (company_type_id < 2))
        Rows Removed by Filter: 1437074
  ->  Hash  (cost=101154.13..101154.13 rows=4269 width=8) (actual time=1649.596..1649.596 rows=9608 loops=1)
        Buckets: 16384 (originally 8192)  Batches: 1 (originally 1)  Memory Usage: 504kB
        ->  Hash Join  (cost=74223.04..101154.13 rows=4269 width=8) (actual time=1105.696..1645.254 rows=9608 loops=1)
              Hash Cond: (mi_idx.movie_id = t.id)
              ->  Seq Scan on movie_info_idx mi_idx  (cost=0.00..25185.44 rows=454124 width=4) (actual time=0.028..423.230 rows=459925 loops=1)
                    Filter: (info_type_id = 100)
                    Rows Removed by Filter: 920110
              ->  Hash  (cost=73925.90..73925.90 rows=23771 width=4) (actual time=1105.368..1105.368 rows=20633 loops=1)
                    Buckets: 32768  Batches: 1  Memory Usage: 982kB
                    ->  Seq Scan on title t  (cost=0.00..73925.90 rows=23771 width=4) (actual time=0.041..1096.757 rows=20633 loops=1)
                          Filter: ((kind_id < 7) AND (production_year = 2002))
                          Rows Removed by Filter: 2507679
Planning time: 1.211 ms
Execution time: 2825.992 ms
