Hash Join  (cost=214146.54..742383.69 rows=2812232 width=0) (actual time=5365.599..34174.776 rows=73458299 loops=1)
  Hash Cond: (mi.movie_id = t.id)
  ->  Seq Scan on movie_info mi  (cost=0.00..309384.22 rows=14739122 width=4) (actual time=0.014..5286.398 rows=14835720 loops=1)
  ->  Hash  (cost=206230.99..206230.99 rows=482444 width=8) (actual time=5364.745..5364.745 rows=1554249 loops=1)
        Buckets: 131072 (originally 131072)  Batches: 32 (originally 8)  Memory Usage: 3073kB
        ->  Hash Join  (cost=78350.52..206230.99 rows=482444 width=8) (actual time=1119.303..4871.906 rows=1554249 loops=1)
              Hash Cond: (mk.movie_id = t.id)
              ->  Seq Scan on movie_keyword mk  (cost=0.00..69693.30 rows=4523930 width=4) (actual time=0.039..1323.061 rows=4523930 loops=1)
              ->  Hash  (cost=73925.90..73925.90 rows=269649 width=4) (actual time=1118.165..1118.165 rows=382611 loops=1)
                    Buckets: 131072 (originally 131072)  Batches: 8 (originally 4)  Memory Usage: 3073kB
                    ->  Seq Scan on title t  (cost=0.00..73925.90 rows=269649 width=4) (actual time=0.027..980.022 rows=382611 loops=1)
                          Filter: ((kind_id < 7) AND (production_year < 1990))
                          Rows Removed by Filter: 2145701
Planning time: 1.051 ms
Execution time: 42287.362 ms
