Seq Scan on movie_keyword mk  (cost=0.00..81003.12 rows=246 width=0) (actual time=74.691..1240.924 rows=21 loops=1)
  Filter: (keyword_id = 47981)
  Rows Removed by Filter: 4523909
Planning time: 0.371 ms
Execution time: 1241.027 ms
