Hash Join  (cost=152361.66..905465.89 rows=231506 width=0) (actual time=1004.231..19518.527 rows=831101 loops=1)
  Hash Cond: (ci.movie_id = t.id)
  ->  Seq Scan on cast_info ci  (cost=0.00..614943.12 rows=36225612 width=4) (actual time=0.025..8132.274 rows=36244344 loops=1)
  ->  Hash  (cost=152159.68..152159.68 rows=16159 width=8) (actual time=1004.072..1004.072 rows=30460 loops=1)
        Buckets: 32768 (originally 16384)  Batches: 1 (originally 1)  Memory Usage: 1446kB
        ->  Nested Loop  (cost=0.43..152159.68 rows=16159 width=8) (actual time=247.069..990.393 rows=30460 loops=1)
              ->  Seq Scan on movie_companies mc  (cost=0.00..57926.93 rows=16159 width=4) (actual time=246.963..795.714 rows=30460 loops=1)
                    Filter: ((company_id > 207340) AND (company_type_id = 2))
                    Rows Removed by Filter: 2578669
              ->  Index Only Scan using title_pkey on title t  (cost=0.43..5.82 rows=1 width=4) (actual time=0.006..0.006 rows=1 loops=30460)
                    Index Cond: (id = mc.movie_id)
                    Heap Fetches: 30460
Planning time: 1.124 ms
Execution time: 19640.900 ms
