Hash Join  (cost=102767.86..202324.90 rows=360487 width=0) (actual time=1805.107..3640.318 rows=358340 loops=1)
  Hash Cond: (mk.movie_id = t.id)
  ->  Seq Scan on movie_keyword mk  (cost=0.00..81003.12 rows=360487 width=4) (actual time=0.047..1138.881 rows=358340 loops=1)
        Filter: (keyword_id > 46671)
        Rows Removed by Filter: 4165590
  ->  Hash  (cost=61283.27..61283.27 rows=2528527 width=4) (actual time=1802.986..1802.986 rows=2528312 loops=1)
        Buckets: 131072  Batches: 64  Memory Usage: 2425kB
        ->  Seq Scan on title t  (cost=0.00..61283.27 rows=2528527 width=4) (actual time=0.020..977.019 rows=2528312 loops=1)
Planning time: 0.762 ms
Execution time: 3683.633 ms
