Hash Join  (cost=128600.64..929110.70 rows=2664 width=0) (actual time=1948.520..18523.849 rows=64700 loops=1)
  Hash Cond: (ci.movie_id = t.id)
  ->  Seq Scan on cast_info ci  (cost=0.00..705507.15 rows=25327006 width=4) (actual time=0.082..11577.280 rows=25338626 loops=1)
        Filter: (person_id < 2615860)
        Rows Removed by Filter: 10905718
  ->  Hash  (cost=128597.31..128597.31 rows=266 width=8) (actual time=1948.286..1948.286 rows=6315 loops=1)
        Buckets: 8192 (originally 1024)  Batches: 1 (originally 1)  Memory Usage: 311kB
        ->  Hash Join  (cost=73929.13..128597.31 rows=266 width=8) (actual time=903.379..1945.479 rows=6315 loops=1)
              Hash Cond: (mc.movie_id = t.id)
              ->  Seq Scan on movie_companies mc  (cost=0.00..44881.29 rows=2609129 width=4) (actual time=0.021..526.511 rows=2609129 loops=1)
              ->  Hash  (cost=73925.90..73925.90 rows=258 width=4) (actual time=901.593..901.593 rows=3378 loops=1)
                    Buckets: 4096 (originally 1024)  Batches: 1 (originally 1)  Memory Usage: 151kB
                    ->  Seq Scan on title t  (cost=0.00..73925.90 rows=258 width=4) (actual time=0.294..900.005 rows=3378 loops=1)
                          Filter: ((kind_id < 7) AND (production_year > 2013))
                          Rows Removed by Filter: 2524934
Planning time: 1.134 ms
Execution time: 18535.367 ms
