Hash Join  (cost=67697.55..94625.21 rows=1356 width=0) (actual time=1075.085..1621.879 rows=280 loops=1)
  Hash Cond: (mi_idx.movie_id = t.id)
  ->  Seq Scan on movie_info_idx mi_idx  (cost=0.00..25185.44 rows=460978 width=4) (actual time=0.034..459.335 rows=459925 loops=1)
        Filter: (info_type_id = 99)
        Rows Removed by Filter: 920110
  ->  Hash  (cost=67604.59..67604.59 rows=7437 width=4) (actual time=1074.621..1074.621 rows=7770 loops=1)
        Buckets: 8192  Batches: 1  Memory Usage: 338kB
        ->  Seq Scan on title t  (cost=0.00..67604.59 rows=7437 width=4) (actual time=678.936..1071.228 rows=7770 loops=1)
              Filter: (production_year = 1912)
              Rows Removed by Filter: 2520542
Planning time: 0.976 ms
Execution time: 1622.065 ms
