Hash Join  (cost=83810.17..237123.58 rows=1728553 width=0) (actual time=1572.145..6559.183 rows=3781511 loops=1)
  Hash Cond: (mk.movie_id = t.id)
  ->  Seq Scan on movie_keyword mk  (cost=0.00..81003.12 rows=4425001 width=4) (actual time=0.024..1677.811 rows=4426972 loops=1)
        Filter: (keyword_id < 83108)
        Rows Removed by Filter: 96958
  ->  Hash  (cost=67604.59..67604.59 rows=987727 width=4) (actual time=1570.807..1570.807 rows=985048 loops=1)
        Buckets: 131072  Batches: 16  Memory Usage: 3197kB
        ->  Seq Scan on title t  (cost=0.00..67604.59 rows=987727 width=4) (actual time=0.011..1261.702 rows=985048 loops=1)
              Filter: (kind_id < 7)
              Rows Removed by Filter: 1543264
Planning time: 0.671 ms
Execution time: 6987.863 ms
