Hash Join  (cost=75482.18..143308.71 rows=29933 width=0) (actual time=1296.733..2680.922 rows=163380 loops=1)
  Hash Cond: (mc.movie_id = t.id)
  ->  Seq Scan on movie_companies mc  (cost=0.00..57926.93 rows=798204 width=4) (actual time=117.696..1045.181 rows=1015769 loops=1)
        Filter: ((company_id > 5977) AND (company_type_id > 1))
        Rows Removed by Filter: 1593360
  ->  Hash  (cost=73925.90..73925.90 rows=94822 width=4) (actual time=1177.449..1177.449 rows=194973 loops=1)
        Buckets: 131072 (originally 131072)  Batches: 4 (originally 2)  Memory Usage: 3073kB
        ->  Seq Scan on title t  (cost=0.00..73925.90 rows=94822 width=4) (actual time=0.030..1107.763 rows=194973 loops=1)
              Filter: ((kind_id < 7) AND (production_year < 1960))
              Rows Removed by Filter: 2333339
Planning time: 0.755 ms
Execution time: 2695.408 ms
