Seq Scan on movie_keyword mk  (cost=0.00..81003.12 rows=246 width=0) (actual time=1.771..1121.720 rows=200 loops=1)
  Filter: (keyword_id = 5929)
  Rows Removed by Filter: 4523730
Planning time: 0.327 ms
Execution time: 1121.921 ms
