Seq Scan on cast_info ci  (cost=0.00..796071.18 rows=5339829 width=0) (actual time=8052.896..13300.668 rows=7311866 loops=1)
  Filter: ((person_id > 1549287) AND (role_id > 4))
  Rows Removed by Filter: 28932478
Planning time: 0.318 ms
Execution time: 14220.288 ms
