Hash Join  (cost=74666.71..905667.81 rows=738219 width=0) (actual time=1136.099..26052.822 rows=1113830 loops=1)
  Hash Cond: (ci.movie_id = t.id)
  ->  Seq Scan on cast_info ci  (cost=0.00..705507.15 rows=31496471 width=4) (actual time=194.208..12362.257 rows=31617533 loops=1)
        Filter: (person_id > 447580)
        Rows Removed by Filter: 4626811
  ->  Hash  (cost=73925.90..73925.90 rows=59264 width=4) (actual time=941.337..941.337 rows=155122 loops=1)
        Buckets: 131072 (originally 65536)  Batches: 2 (originally 1)  Memory Usage: 3750kB
        ->  Seq Scan on title t  (cost=0.00..73925.90 rows=59264 width=4) (actual time=13.900..815.300 rows=155122 loops=1)
              Filter: ((kind_id < 7) AND (production_year < 1947))
              Rows Removed by Filter: 2373190
Planning time: 0.722 ms
Execution time: 26185.652 ms
