Hash Join  (cost=216439.81..717012.15 rows=2371244 width=0) (actual time=4260.540..15731.812 rows=1165873 loops=1)
  Hash Cond: (mi.movie_id = t.id)
  ->  Seq Scan on movie_info mi  (cost=0.00..346232.03 rows=11115165 width=4) (actual time=0.017..5800.741 rows=11210743 loops=1)
        Filter: (info_type_id > 3)
        Rows Removed by Filter: 3624977
  ->  Hash  (cost=207589.05..207589.05 rows=539421 width=8) (actual time=4232.349..4232.349 rows=129137 loops=1)
        Buckets: 131072  Batches: 8  Memory Usage: 1667kB
        ->  Hash Join  (cost=80549.28..207589.05 rows=539421 width=8) (actual time=1898.794..4193.574 rows=129137 loops=1)
              Hash Cond: (mk.movie_id = t.id)
              ->  Seq Scan on movie_keyword mk  (cost=0.00..81003.12 rows=3378516 width=4) (actual time=0.015..1649.836 rows=3362497 loops=1)
                    Filter: (keyword_id < 16128)
                    Rows Removed by Filter: 1161433
              ->  Hash  (cost=73925.90..73925.90 rows=403710 width=4) (actual time=1140.455..1140.455 rows=434218 loops=1)
                    Buckets: 131072  Batches: 8  Memory Usage: 2941kB
                    ->  Seq Scan on title t  (cost=0.00..73925.90 rows=403710 width=4) (actual time=0.025..999.861 rows=434218 loops=1)
                          Filter: ((production_year > 2008) AND (kind_id = 7))
                          Rows Removed by Filter: 2094094
Planning time: 1.061 ms
Execution time: 15878.156 ms
