Hash Join  (cost=156209.36..1241265.44 rows=5079029 width=0) (actual time=3318.479..34385.410 rows=10554253 loops=1)
  Hash Cond: (ci.movie_id = t.id)
  ->  Seq Scan on cast_info ci  (cost=0.00..705507.15 rows=28279637 width=4) (actual time=0.027..14323.967 rows=28418959 loops=1)
        Filter: (person_id > 762418)
        Rows Removed by Filter: 7825385
  ->  Hash  (cost=148758.81..148758.81 rows=454124 width=8) (actual time=3317.674..3317.674 rows=459925 loops=1)
        Buckets: 131072  Batches: 8  Memory Usage: 3275kB
        ->  Hash Join  (cost=102767.86..148758.81 rows=454124 width=8) (actual time=1882.785..3170.626 rows=459925 loops=1)
              Hash Cond: (mi_idx.movie_id = t.id)
              ->  Seq Scan on movie_info_idx mi_idx  (cost=0.00..25185.44 rows=454124 width=4) (actual time=0.022..413.896 rows=459925 loops=1)
                    Filter: (info_type_id = 100)
                    Rows Removed by Filter: 920110
              ->  Hash  (cost=61283.27..61283.27 rows=2528527 width=4) (actual time=1881.889..1881.889 rows=2528312 loops=1)
                    Buckets: 131072  Batches: 64  Memory Usage: 2415kB
                    ->  Seq Scan on title t  (cost=0.00..61283.27 rows=2528527 width=4) (actual time=0.018..1031.338 rows=2528312 loops=1)
Planning time: 1.146 ms
Execution time: 35563.680 ms
