Hash Join  (cost=762539.04..1973898.81 rows=22913671 width=0) (actual time=21806.387..64150.682 rows=102088628 loops=1)
  Hash Cond: (ci.movie_id = t.id)
  ->  Seq Scan on cast_info ci  (cost=0.00..796071.18 rows=7721351 width=4) (actual time=5497.375..15112.007 rows=8507174 loops=1)
        Filter: ((person_id > 638984) AND (role_id > 4))
        Rows Removed by Filter: 27737170
  ->  Hash  (cost=639433.19..639433.19 rows=7503588 width=8) (actual time=16306.364..16306.364 rows=7548855 loops=1)
        Buckets: 131072  Batches: 128  Memory Usage: 3325kB
        ->  Hash Join  (cost=102767.86..639433.19 rows=7503588 width=8) (actual time=1967.349..14248.471 rows=7548855 loops=1)
              Hash Cond: (mi.movie_id = t.id)
              ->  Seq Scan on movie_info mi  (cost=0.00..346232.03 rows=7503588 width=4) (actual time=196.416..5703.206 rows=7548855 loops=1)
                    Filter: (info_type_id > 7)
                    Rows Removed by Filter: 7286865
              ->  Hash  (cost=61283.27..61283.27 rows=2528527 width=4) (actual time=1770.183..1770.183 rows=2528312 loops=1)
                    Buckets: 131072  Batches: 64  Memory Usage: 2425kB
                    ->  Seq Scan on title t  (cost=0.00..61283.27 rows=2528527 width=4) (actual time=0.033..904.371 rows=2528312 loops=1)
Planning time: 1.096 ms
Execution time: 75402.408 ms
