Hash Join  (cost=136662.72..526280.19 rows=598171 width=0) (actual time=4704.257..9405.967 rows=1097520 loops=1)
  Hash Cond: (mi.movie_id = t.id)
  ->  Seq Scan on movie_info mi  (cost=0.00..346232.03 rows=3068194 width=4) (actual time=1872.007..5056.575 rows=3036719 loops=1)
        Filter: (info_type_id = 16)
        Rows Removed by Filter: 11799001
  ->  Hash  (cost=128574.75..128574.75 rows=492958 width=8) (actual time=2831.176..2831.176 rows=369173 loops=1)
        Buckets: 131072  Batches: 8  Memory Usage: 2817kB
        ->  Hash Join  (cost=82423.69..128574.75 rows=492958 width=8) (actual time=1404.137..2714.178 rows=369173 loops=1)
              Hash Cond: (mi_idx.movie_id = t.id)
              ->  Seq Scan on movie_info_idx mi_idx  (cost=0.00..21735.35 rows=1380035 width=4) (actual time=0.022..420.111 rows=1380035 loops=1)
              ->  Hash  (cost=67604.59..67604.59 rows=903208 width=4) (actual time=1401.051..1401.051 rows=904491 loops=1)
                    Buckets: 131072  Batches: 16  Memory Usage: 3010kB
                    ->  Seq Scan on title t  (cost=0.00..67604.59 rows=903208 width=4) (actual time=0.036..1118.866 rows=904491 loops=1)
                          Filter: (production_year > 2006)
                          Rows Removed by Filter: 1623821
Planning time: 1.188 ms
Execution time: 9516.680 ms
