Seq Scan on movie_companies mc  (cost=0.00..57926.93 rows=1084345 width=0) (actual time=193.474..1115.075 rows=1211024 loops=1)
  Filter: ((company_id > 420) AND (company_type_id = 2))
  Rows Removed by Filter: 1398105
Planning time: 0.331 ms
Execution time: 1271.980 ms
