Seq Scan on cast_info ci  (cost=0.00..796071.18 rows=15051070 width=0) (actual time=1975.625..13799.689 rows=13505333 loops=1)
  Filter: ((person_id < 3555797) AND (role_id > 2))
  Rows Removed by Filter: 22739011
Planning time: 0.386 ms
Execution time: 15256.221 ms
