Hash Join  (cost=102767.86..211574.31 rows=744943 width=0) (actual time=1806.044..4771.122 rows=750555 loops=1)
  Hash Cond: (mk.movie_id = t.id)
  ->  Seq Scan on movie_keyword mk  (cost=0.00..81003.12 rows=744943 width=4) (actual time=0.018..1258.359 rows=750555 loops=1)
        Filter: (keyword_id < 683)
        Rows Removed by Filter: 3773375
  ->  Hash  (cost=61283.27..61283.27 rows=2528527 width=4) (actual time=1804.753..1804.753 rows=2528312 loops=1)
        Buckets: 131072  Batches: 64  Memory Usage: 2425kB
        ->  Seq Scan on title t  (cost=0.00..61283.27 rows=2528527 width=4) (actual time=0.018..938.551 rows=2528312 loops=1)
Planning time: 0.655 ms
Execution time: 4862.659 ms
