Seq Scan on movie_companies mc  (cost=0.00..51404.11 rows=661136 width=0) (actual time=0.024..904.711 rows=654930 loops=1)
  Filter: (company_id < 913)
  Rows Removed by Filter: 1954199
Planning time: 0.341 ms
Execution time: 991.676 ms
