Hash Join  (cost=169943.15..521351.74 rows=12104 width=0) (actual time=5039.474..7805.080 rows=3804 loops=1)
  Hash Cond: (mi.movie_id = t.id)
  ->  Seq Scan on movie_info mi  (cost=0.00..346232.03 rows=1348138 width=4) (actual time=1801.315..4665.052 rows=1298989 loops=1)
        Filter: (info_type_id = 4)
        Rows Removed by Filter: 13536731
  ->  Hash  (cost=169659.38..169659.38 rows=22702 width=8) (actual time=2934.676..2934.676 rows=3350 loops=1)
        Buckets: 32768  Batches: 1  Memory Usage: 387kB
        ->  Hash Join  (cost=84832.42..169659.38 rows=22702 width=8) (actual time=1559.856..2933.201 rows=3350 loops=1)
              Hash Cond: (mk.movie_id = t.id)
              ->  Seq Scan on movie_keyword mk  (cost=0.00..81003.12 rows=86351 width=4) (actual time=0.036..1216.628 rows=84332 loops=1)
                    Filter: (keyword_id > 86497)
                    Rows Removed by Filter: 4439598
              ->  Hash  (cost=73925.90..73925.90 rows=664761 width=4) (actual time=1546.113..1546.113 rows=704326 loops=1)
                    Buckets: 131072  Batches: 16  Memory Usage: 2581kB
                    ->  Seq Scan on title t  (cost=0.00..73925.90 rows=664761 width=4) (actual time=0.024..1298.616 rows=704326 loops=1)
                          Filter: ((kind_id > 1) AND (production_year > 2006))
                          Rows Removed by Filter: 1823986
Planning time: 1.159 ms
Execution time: 7805.935 ms
