Hash Join  (cost=444265.01..1432468.92 rows=1139177 width=0) (actual time=10390.594..33577.780 rows=12353596 loops=1)
  Hash Cond: (ci.movie_id = t.id)
  ->  Seq Scan on cast_info ci  (cost=0.00..796071.18 rows=15569051 width=4) (actual time=3501.564..16312.232 rows=15743481 loops=1)
        Filter: ((person_id > 133604) AND (role_id > 2))
        Rows Removed by Filter: 20500863
  ->  Hash  (cost=441229.37..441229.37 rows=185011 width=8) (actual time=6888.188..6888.188 rows=428566 loops=1)
        Buckets: 131072 (originally 131072)  Batches: 8 (originally 4)  Memory Usage: 3106kB
        ->  Hash Join  (cost=83810.17..441229.37 rows=185011 width=8) (actual time=4348.188..6754.232 rows=428566 loops=1)
              Hash Cond: (mi.movie_id = t.id)
              ->  Seq Scan on movie_info mi  (cost=0.00..346232.03 rows=473617 width=4) (actual time=2986.305..4843.580 rows=486554 loops=1)
                    Filter: (info_type_id = 5)
                    Rows Removed by Filter: 14349166
              ->  Hash  (cost=67604.59..67604.59 rows=987727 width=4) (actual time=1360.644..1360.644 rows=985048 loops=1)
                    Buckets: 131072  Batches: 16  Memory Usage: 3197kB
                    ->  Seq Scan on title t  (cost=0.00..67604.59 rows=987727 width=4) (actual time=0.029..1034.459 rows=985048 loops=1)
                          Filter: (kind_id < 7)
                          Rows Removed by Filter: 1543264
Planning time: 1.104 ms
Execution time: 34999.570 ms
