Hash Join  (cost=123385.82..186912.40 rows=85625 width=0) (actual time=2612.346..4083.697 rows=533408 loops=1)
  Hash Cond: (mc.movie_id = t.id)
  ->  Seq Scan on movie_companies mc  (cost=0.00..51404.11 rows=892325 width=4) (actual time=0.019..828.565 rows=899702 loops=1)
        Filter: (company_id > 21451)
        Rows Removed by Filter: 1709427
  ->  Hash  (cost=119404.94..119404.94 rows=242631 width=8) (actual time=2611.513..2611.513 rows=420020 loops=1)
        Buckets: 131072 (originally 131072)  Batches: 8 (originally 4)  Memory Usage: 3079kB
        ->  Hash Join  (cost=78556.72..119404.94 rows=242631 width=8) (actual time=1444.521..2480.084 rows=420020 loops=1)
              Hash Cond: (mi_idx.movie_id = t.id)
              ->  Seq Scan on movie_info_idx mi_idx  (cost=0.00..25185.44 rows=919057 width=4) (actual time=0.026..570.810 rows=920110 loops=1)
                    Filter: (info_type_id > 99)
                    Rows Removed by Filter: 459925
              ->  Hash  (cost=67604.59..67604.59 rows=667531 width=4) (actual time=1238.571..1238.571 rows=662825 loops=1)
                    Buckets: 131072  Batches: 16  Memory Usage: 2476kB
                    ->  Seq Scan on title t  (cost=0.00..67604.59 rows=667531 width=4) (actual time=0.012..1024.851 rows=662825 loops=1)
                          Filter: (kind_id = 1)
                          Rows Removed by Filter: 1865487
Planning time: 1.114 ms
Execution time: 4148.826 ms
