Hash Join  (cost=842372.82..3523987.19 rows=123089883 width=0) (actual time=18443.981..120763.043 rows=228891540 loops=1)
  Hash Cond: (ci.movie_id = t.id)
  ->  Seq Scan on cast_info ci  (cost=0.00..705507.15 rows=32843592 width=4) (actual time=0.022..15714.449 rows=32974245 loops=1)
        Filter: (person_id > 315514)
        Rows Removed by Filter: 3270099
  ->  Hash  (cost=686901.94..686901.94 rows=9476311 width=8) (actual time=18440.963..18440.963 rows=9565151 loops=1)
        Buckets: 131072  Batches: 128  Memory Usage: 3919kB
        ->  Hash Join  (cost=102767.86..686901.94 rows=9476311 width=8) (actual time=1786.113..15804.239 rows=9565151 loops=1)
              Hash Cond: (mi.movie_id = t.id)
              ->  Seq Scan on movie_info mi  (cost=0.00..346232.03 rows=9476311 width=4) (actual time=0.021..5843.515 rows=9565151 loops=1)
                    Filter: (info_type_id < 16)
                    Rows Removed by Filter: 5270569
              ->  Hash  (cost=61283.27..61283.27 rows=2528527 width=4) (actual time=1784.900..1784.900 rows=2528312 loops=1)
                    Buckets: 131072  Batches: 64  Memory Usage: 2425kB
                    ->  Seq Scan on title t  (cost=0.00..61283.27 rows=2528527 width=4) (actual time=0.030..909.274 rows=2528312 loops=1)
Planning time: 1.145 ms
Execution time: 146738.556 ms
