Hash Join  (cost=131520.27..211019.48 rows=322769 width=0) (actual time=2535.906..5050.216 rows=518172 loops=1)
  Hash Cond: (mc.movie_id = t.id)
  ->  Seq Scan on movie_companies mc  (cost=0.00..44881.29 rows=2609129 width=4) (actual time=0.024..795.004 rows=2609129 loops=1)
  ->  Hash  (cost=126388.29..126388.29 rows=312798 width=8) (actual time=2534.908..2534.908 rows=220596 loops=1)
        Buckets: 131072  Batches: 8  Memory Usage: 2104kB
        ->  Hash Join  (cost=83328.83..126388.29 rows=312798 width=8) (actual time=1320.354..2468.487 rows=220596 loops=1)
              Hash Cond: (mi_idx.movie_id = t.id)
              ->  Seq Scan on movie_info_idx mi_idx  (cost=0.00..21735.35 rows=1380035 width=4) (actual time=0.015..417.060 rows=1380035 loops=1)
              ->  Hash  (cost=73925.90..73925.90 rows=573114 width=4) (actual time=1319.480..1319.480 rows=446387 loops=1)
                    Buckets: 131072  Batches: 8  Memory Usage: 2976kB
                    ->  Seq Scan on title t  (cost=0.00..73925.90 rows=573114 width=4) (actual time=0.021..1176.644 rows=446387 loops=1)
                          Filter: ((kind_id > 1) AND (production_year < 1994))
                          Rows Removed by Filter: 2081925
Planning time: 1.155 ms
Execution time: 5109.205 ms
