Seq Scan on movie_companies mc  (cost=0.00..51404.11 rows=104 width=0) (actual time=16.060..694.182 rows=91 loops=1)
  Filter: (company_id = 88907)
  Rows Removed by Filter: 2609038
Planning time: 0.339 ms
Execution time: 694.267 ms
