Hash Join  (cost=83074.74..109986.57 rows=134 width=0) (actual time=1249.650..1695.858 rows=141 loops=1)
  Hash Cond: (mi_idx.movie_id = t.id)
  ->  Seq Scan on movie_info_idx mi_idx  (cost=0.00..21735.35 rows=1380035 width=4) (actual time=0.019..294.712 rows=1380035 loops=1)
  ->  Hash  (cost=83071.67..83071.67 rows=246 width=8) (actual time=1154.493..1154.493 rows=51 loops=1)
        Buckets: 1024  Batches: 1  Memory Usage: 10kB
        ->  Nested Loop  (cost=0.43..83071.67 rows=246 width=8) (actual time=1.700..1154.415 rows=51 loops=1)
              ->  Seq Scan on movie_keyword mk  (cost=0.00..81003.12 rows=246 width=4) (actual time=1.625..1152.480 rows=51 loops=1)
                    Filter: (keyword_id = 32914)
                    Rows Removed by Filter: 4523879
              ->  Index Only Scan using title_pkey on title t  (cost=0.43..8.40 rows=1 width=4) (actual time=0.032..0.033 rows=1 loops=51)
                    Index Cond: (id = mk.movie_id)
                    Heap Fetches: 51
Planning time: 1.090 ms
Execution time: 1695.989 ms
