Seq Scan on cast_info ci  (cost=0.00..796071.18 rows=128741 width=0) (actual time=1110.080..11015.194 rows=236762 loops=1)
  Filter: ((person_id > 2325851) AND (role_id > 10))
  Rows Removed by Filter: 36007582
Planning time: 0.318 ms
Execution time: 11044.847 ms
