Seq Scan on movie_keyword mk  (cost=0.00..81003.12 rows=1841853 width=0) (actual time=0.014..1004.492 rows=1853155 loops=1)
  Filter: (keyword_id < 3082)
  Rows Removed by Filter: 2670775
Planning time: 0.320 ms
Execution time: 1179.015 ms
