Seq Scan on movie_companies mc  (cost=0.00..51404.11 rows=178652 width=0) (actual time=153.166..736.354 rows=179393 loops=1)
  Filter: (company_id > 120531)
  Rows Removed by Filter: 2429736
Planning time: 0.326 ms
Execution time: 759.335 ms
