Hash Join  (cost=73962.22..825167.57 rows=41619 width=0) (actual time=1050.618..16844.159 rows=145947 loops=1)
  Hash Cond: (ci.movie_id = t.id)
  ->  Seq Scan on cast_info ci  (cost=0.00..614943.12 rows=36225612 width=4) (actual time=0.018..7606.024 rows=36244344 loops=1)
  ->  Hash  (cost=73925.90..73925.90 rows=2905 width=4) (actual time=1050.195..1050.195 rows=8319 loops=1)
        Buckets: 16384 (originally 4096)  Batches: 1 (originally 1)  Memory Usage: 421kB
        ->  Seq Scan on title t  (cost=0.00..73925.90 rows=2905 width=4) (actual time=0.148..1046.514 rows=8319 loops=1)
              Filter: ((kind_id < 7) AND (production_year = 1988))
              Rows Removed by Filter: 2519993
Planning time: 0.733 ms
Execution time: 16872.713 ms
