Seq Scan on movie_companies mc  (cost=0.00..51404.11 rows=104 width=0) (actual time=26.030..684.094 rows=102 loops=1)
  Filter: (company_id = 102051)
  Rows Removed by Filter: 2609027
Planning time: 0.350 ms
Execution time: 684.203 ms
