Nested Loop  (cost=0.43..709673.15 rows=23 width=0) (actual time=7982.409..10054.564 rows=1 loops=1)
  ->  Seq Scan on cast_info ci  (cost=0.00..705507.15 rows=500 width=4) (actual time=1448.306..10038.947 rows=329 loops=1)
        Filter: (person_id = 1511096)
        Rows Removed by Filter: 36244015
  ->  Index Scan using title_pkey on title t  (cost=0.43..8.32 rows=1 width=4) (actual time=0.047..0.047 rows=0 loops=329)
        Index Cond: (id = ci.movie_id)
        Filter: (kind_id = 4)
        Rows Removed by Filter: 1
Planning time: 0.764 ms
Execution time: 10054.683 ms
