Hash Join  (cost=157084.01..520215.72 rows=128122 width=0) (actual time=5101.974..8860.398 rows=270394 loops=1)
  Hash Cond: (mi.movie_id = t.id)
  ->  Seq Scan on movie_info mi  (cost=0.00..346232.03 rows=1264125 width=4) (actual time=1973.962..4760.648 rows=1288928 loops=1)
        Filter: (info_type_id = 2)
        Rows Removed by Filter: 13546792
  ->  Hash  (cost=152878.61..152878.61 rows=256272 width=8) (actual time=2796.410..2796.410 rows=272651 loops=1)
        Buckets: 131072  Batches: 4  Memory Usage: 3694kB
        ->  Hash Join  (cost=78556.72..152878.61 rows=256272 width=8) (actual time=1089.259..2706.728 rows=272651 loops=1)
              Hash Cond: (mc.movie_id = t.id)
              ->  Seq Scan on movie_companies mc  (cost=0.00..57926.93 rows=970728 width=4) (actual time=0.036..1084.023 rows=662393 loops=1)
                    Filter: ((company_id < 44013) AND (company_type_id = 2))
                    Rows Removed by Filter: 1946736
              ->  Hash  (cost=67604.59..67604.59 rows=667531 width=4) (actual time=1088.370..1088.370 rows=662825 loops=1)
                    Buckets: 131072  Batches: 16  Memory Usage: 2476kB
                    ->  Seq Scan on title t  (cost=0.00..67604.59 rows=667531 width=4) (actual time=0.016..885.062 rows=662825 loops=1)
                          Filter: (kind_id = 1)
                          Rows Removed by Filter: 1865487
Planning time: 1.128 ms
Execution time: 8894.875 ms
