Hash Join  (cost=165040.61..932641.76 rows=2123723 width=219) (actual time=4089.622..27464.803 rows=13638164 loops=1)
  Hash Cond: (mi.movie_id = t.id)
  ->  Seq Scan on movie_info mi  (cost=0.00..309384.22 rows=14739122 width=75) (actual time=0.012..6824.016 rows=14835720 loops=1)
  ->  Hash  (cost=153014.50..153014.50 rows=364329 width=144) (actual time=4088.800..4088.800 rows=629900 loops=1)
        Buckets: 32768  Batches: 32  Memory Usage: 2762kB
        ->  Hash Join  (cost=85727.72..153014.50 rows=364329 width=144) (actual time=1729.174..3693.848 rows=629900 loops=1)
              Hash Cond: (mi_idx.movie_id = t.id)
              ->  Seq Scan on movie_info_idx mi_idx  (cost=0.00..21735.35 rows=1380035 width=50) (actual time=0.016..760.343 rows=1380035 loops=1)
              ->  Hash  (cost=67604.59..67604.59 rows=667531 width=94) (actual time=1728.723..1728.723 rows=662825 loops=1)
                    Buckets: 32768  Batches: 32  Memory Usage: 2489kB
                    ->  Seq Scan on title t  (cost=0.00..67604.59 rows=667531 width=94) (actual time=635.063..1458.166 rows=662825 loops=1)
                          Filter: (kind_id = 1)
                          Rows Removed by Filter: 1865487
Planning time: 1.431 ms
Execution time: 28203.538 ms
