Hash Join  (cost=469909.86..1447897.45 rows=2401081 width=0) (actual time=7214.328..30532.354 rows=1713089 loops=1)
  Hash Cond: (ci.movie_id = t.id)
  ->  Seq Scan on cast_info ci  (cost=0.00..796071.18 rows=13504694 width=4) (actual time=0.014..15614.056 rows=16482870 loops=1)
        Filter: ((person_id < 2036425) AND (role_id < 4))
        Rows Removed by Filter: 19761474
  ->  Hash  (cost=462533.33..462533.33 rows=449562 width=8) (actual time=7213.413..7213.413 rows=167714 loops=1)
        Buckets: 131072  Batches: 8  Memory Usage: 1833kB
        ->  Hash Join  (cost=96957.05..462533.33 rows=449562 width=8) (actual time=1660.445..7163.506 rows=167714 loops=1)
              Hash Cond: (mi.movie_id = t.id)
              ->  Seq Scan on movie_info mi  (cost=0.00..346232.03 rows=809768 width=4) (actual time=0.018..4859.458 rows=802140 loops=1)
                    Filter: (info_type_id < 2)
                    Rows Removed by Filter: 14033580
              ->  Hash  (cost=73925.90..73925.90 rows=1403772 width=4) (actual time=1659.486..1659.486 rows=1477664 loops=1)
                    Buckets: 131072  Batches: 32  Memory Usage: 2656kB
                    ->  Seq Scan on title t  (cost=0.00..73925.90 rows=1403772 width=4) (actual time=0.012..1202.482 rows=1477664 loops=1)
                          Filter: ((production_year > 1948) AND (kind_id = 7))
                          Rows Removed by Filter: 1050648
Planning time: 0.838 ms
Execution time: 30744.135 ms
