Seq Scan on cast_info ci  (cost=0.00..705507.15 rows=500 width=0) (actual time=879.205..9545.373 rows=41 loops=1)
  Filter: (person_id = 1189652)
  Rows Removed by Filter: 36244303
Planning time: 0.335 ms
Execution time: 9545.493 ms
