Hash Join  (cost=197208.80..1075831.58 rows=240011 width=0) (actual time=4005.800..18467.200 rows=588638 loops=1)
  Hash Cond: (ci.movie_id = t.id)
  ->  Seq Scan on cast_info ci  (cost=0.00..796071.18 rows=6902266 width=4) (actual time=0.034..11628.822 rows=4284763 loops=1)
        Filter: ((person_id < 1507792) AND (role_id > 2))
        Rows Removed by Filter: 31959581
  ->  Hash  (cost=195765.75..195765.75 rows=87924 width=8) (actual time=4004.993..4004.993 rows=85938 loops=1)
        Buckets: 131072  Batches: 2  Memory Usage: 2707kB
        ->  Hash Join  (cost=102767.86..195765.75 rows=87924 width=8) (actual time=1859.198..3976.775 rows=85938 loops=1)
              Hash Cond: (mk.movie_id = t.id)
              ->  Seq Scan on movie_keyword mk  (cost=0.00..81003.12 rows=87924 width=4) (actual time=103.266..1169.928 rows=85938 loops=1)
                    Filter: (keyword_id > 86073)
                    Rows Removed by Filter: 4437992
              ->  Hash  (cost=61283.27..61283.27 rows=2528527 width=4) (actual time=1753.431..1753.431 rows=2528312 loops=1)
                    Buckets: 131072  Batches: 64  Memory Usage: 2425kB
                    ->  Seq Scan on title t  (cost=0.00..61283.27 rows=2528527 width=4) (actual time=0.023..870.890 rows=2528312 loops=1)
Planning time: 1.117 ms
Execution time: 18529.180 ms
