Seq Scan on cast_info ci  (cost=0.00..796071.18 rows=653337 width=0) (actual time=6512.130..10905.520 rows=210706 loops=1)
  Filter: ((person_id < 480235) AND (role_id > 9))
  Rows Removed by Filter: 36033638
Planning time: 0.385 ms
Execution time: 10929.277 ms
