Hash Join  (cost=220106.08..1378642.73 rows=12142253 width=0) (actual time=4268.607..33531.816 rows=7079342 loops=1)
  Hash Cond: (ci.movie_id = t.id)
  ->  Seq Scan on cast_info ci  (cost=0.00..614943.12 rows=36225612 width=4) (actual time=0.018..12286.819 rows=36244344 loops=1)
  ->  Hash  (cost=206201.06..206201.06 rows=847522 width=8) (actual time=4267.420..4267.420 rows=219829 loops=1)
        Buckets: 131072  Batches: 16  Memory Usage: 1569kB
        ->  Hash Join  (cost=92883.59..206201.06 rows=847522 width=8) (actual time=3150.431..4200.291 rows=219829 loops=1)
              Hash Cond: (mk.movie_id = t.id)
              ->  Seq Scan on movie_keyword mk  (cost=0.00..81003.12 rows=1390825 width=4) (actual time=0.028..1557.540 rows=1406191 loops=1)
                    Filter: (keyword_id > 11902)
                    Rows Removed by Filter: 3117739
              ->  Hash  (cost=67604.59..67604.59 rows=1540800 width=4) (actual time=1707.812..1707.812 rows=1543264 loops=1)
                    Buckets: 131072  Batches: 32  Memory Usage: 2728kB
                    ->  Seq Scan on title t  (cost=0.00..67604.59 rows=1540800 width=4) (actual time=143.399..1211.615 rows=1543264 loops=1)
                          Filter: (kind_id = 7)
                          Rows Removed by Filter: 985048
Planning time: 1.179 ms
Execution time: 34321.123 ms
