Hash Join  (cost=434280.91..1192935.19 rows=786505 width=0) (actual time=6565.619..31549.849 rows=4822754 loops=1)
  Hash Cond: (ci.movie_id = t.id)
  ->  Seq Scan on cast_info ci  (cost=0.00..614943.12 rows=36225612 width=4) (actual time=0.020..8611.202 rows=36244344 loops=1)
  ->  Hash  (cost=433594.69..433594.69 rows=54898 width=8) (actual time=6564.617..6564.617 rows=122011 loops=1)
        Buckets: 131072 (originally 65536)  Batches: 2 (originally 1)  Memory Usage: 3424kB
        ->  Hash Join  (cost=76718.65..433594.69 rows=54898 width=8) (actual time=5087.835..6516.733 rows=122011 loops=1)
              Hash Cond: (mi.movie_id = t.id)
              ->  Seq Scan on movie_info mi  (cost=0.00..346232.03 rows=815474 width=4) (actual time=3753.389..4713.892 rows=872224 loops=1)
                    Filter: (info_type_id > 97)
                    Rows Removed by Filter: 13963496
              ->  Hash  (cost=73925.90..73925.90 rows=170220 width=4) (actual time=1333.524..1333.524 rows=305766 loops=1)
                    Buckets: 131072  Batches: 4  Memory Usage: 3720kB
                    ->  Seq Scan on title t  (cost=0.00..73925.90 rows=170220 width=4) (actual time=392.329..1231.756 rows=305766 loops=1)
                          Filter: ((production_year < 1988) AND (kind_id = 1))
                          Rows Removed by Filter: 2222546
Planning time: 1.200 ms
Execution time: 32107.972 ms
