Seq Scan on cast_info ci  (cost=0.00..796071.18 rows=324 width=0) (actual time=193.169..12928.821 rows=108 loops=1)
  Filter: ((role_id > 1) AND (person_id = 2595989))
  Rows Removed by Filter: 36244236
Planning time: 0.359 ms
Execution time: 12928.926 ms
