Hash Join  (cost=136950.75..268216.20 rows=583756 width=0) (actual time=2656.978..5839.267 rows=414303 loops=1)
  Hash Cond: (mk.movie_id = t.id)
  ->  Seq Scan on movie_keyword mk  (cost=0.00..81003.12 rows=3707404 width=4) (actual time=0.014..1619.951 rows=3700134 loops=1)
        Filter: (keyword_id < 22294)
        Rows Removed by Filter: 823796
  ->  Hash  (cost=130418.08..130418.08 rows=398134 width=8) (actual time=2653.977..2653.977 rows=223092 loops=1)
        Buckets: 131072  Batches: 8  Memory Usage: 2128kB
        ->  Hash Join  (cost=85894.26..130418.08 rows=398134 width=8) (actual time=1632.524..2583.773 rows=223092 loops=1)
              Hash Cond: (mi_idx.movie_id = t.id)
              ->  Seq Scan on movie_info_idx mi_idx  (cost=0.00..21735.35 rows=1380035 width=4) (actual time=0.027..396.307 rows=1380035 loops=1)
              ->  Hash  (cost=73925.90..73925.90 rows=729468 width=4) (actual time=1398.973..1398.973 rows=638430 loops=1)
                    Buckets: 131072  Batches: 16  Memory Usage: 2425kB
                    ->  Seq Scan on title t  (cost=0.00..73925.90 rows=729468 width=4) (actual time=125.685..1198.099 rows=638430 loops=1)
                          Filter: ((production_year < 2003) AND (kind_id = 7))
                          Rows Removed by Filter: 1889882
Planning time: 1.180 ms
Execution time: 5885.721 ms
