Hash Join  (cost=190230.21..1079116.05 rows=5707468 width=0) (actual time=5378.837..25687.138 rows=12167969 loops=1)
  Hash Cond: (ci.movie_id = t.id)
  ->  Seq Scan on cast_info ci  (cost=0.00..705507.15 rows=10457334 width=4) (actual time=492.299..11466.386 rows=10282308 loops=1)
        Filter: (person_id < 1011107)
        Rows Removed by Filter: 25962036
  ->  Hash  (cost=167588.78..167588.78 rows=1380035 width=8) (actual time=4885.216..4885.216 rows=1380035 loops=1)
        Buckets: 131072  Batches: 32  Memory Usage: 2708kB
        ->  Hash Join  (cost=102767.86..167588.78 rows=1380035 width=8) (actual time=1817.654..4482.313 rows=1380035 loops=1)
              Hash Cond: (mi_idx.movie_id = t.id)
              ->  Seq Scan on movie_info_idx mi_idx  (cost=0.00..21735.35 rows=1380035 width=4) (actual time=0.018..480.096 rows=1380035 loops=1)
              ->  Hash  (cost=61283.27..61283.27 rows=2528527 width=4) (actual time=1816.064..1816.064 rows=2528312 loops=1)
                    Buckets: 131072  Batches: 64  Memory Usage: 2415kB
                    ->  Seq Scan on title t  (cost=0.00..61283.27 rows=2528527 width=4) (actual time=0.028..984.914 rows=2528312 loops=1)
Planning time: 1.153 ms
Execution time: 27016.064 ms
