Seq Scan on movie_keyword mk  (cost=0.00..81003.12 rows=3212522 width=0) (actual time=0.024..904.296 rows=3203486 loops=1)
  Filter: (keyword_id > 1731)
  Rows Removed by Filter: 1320444
Planning time: 0.293 ms
Execution time: 1188.738 ms
