Hash Join  (cost=147820.49..1212031.03 rows=2959938 width=0) (actual time=2803.848..31737.306 rows=5143181 loops=1)
  Hash Cond: (ci.movie_id = t.id)
  ->  Seq Scan on cast_info ci  (cost=0.00..614943.12 rows=36225612 width=4) (actual time=0.017..11997.978 rows=36244344 loops=1)
  ->  Hash  (cost=144429.96..144429.96 rows=206602 width=8) (actual time=2803.023..2803.023 rows=176197 loops=1)
        Buckets: 131072  Batches: 4  Memory Usage: 2758kB
        ->  Hash Join  (cost=74050.79..144429.96 rows=206602 width=8) (actual time=1069.201..2746.698 rows=176197 loops=1)
              Hash Cond: (mc.movie_id = t.id)
              ->  Seq Scan on movie_companies mc  (cost=0.00..51404.11 rows=1329612 width=4) (actual time=0.025..928.992 rows=1334883 loops=1)
                    Filter: (company_type_id = 2)
                    Rows Removed by Filter: 1274246
              ->  Hash  (cost=67604.59..67604.59 rows=392896 width=4) (actual time=1068.157..1068.157 rows=391666 loops=1)
                    Buckets: 131072  Batches: 8  Memory Usage: 2753kB
                    ->  Seq Scan on title t  (cost=0.00..67604.59 rows=392896 width=4) (actual time=0.029..936.730 rows=391666 loops=1)
                          Filter: (production_year > 2010)
                          Rows Removed by Filter: 2136646
Planning time: 1.175 ms
Execution time: 32384.223 ms
