Seq Scan on movie_keyword mk  (cost=0.00..81003.12 rows=771328 width=0) (actual time=0.011..1042.670 rows=779502 loops=1)
  Filter: (keyword_id > 24180)
  Rows Removed by Filter: 3744428
Planning time: 0.299 ms
Execution time: 1128.287 ms
