Hash Join  (cost=73983.02..100918.44 rows=2494 width=0) (actual time=1013.575..1602.777 rows=2415 loops=1)
  Hash Cond: (mi_idx.movie_id = t.id)
  ->  Seq Scan on movie_info_idx mi_idx  (cost=0.00..21735.35 rows=1380035 width=4) (actual time=0.024..301.374 rows=1380035 loops=1)
  ->  Hash  (cost=73925.90..73925.90 rows=4569 width=4) (actual time=1013.458..1013.458 rows=6682 loops=1)
        Buckets: 8192  Batches: 1  Memory Usage: 299kB
        ->  Seq Scan on title t  (cost=0.00..73925.90 rows=4569 width=4) (actual time=0.061..1010.246 rows=6682 loops=1)
              Filter: ((kind_id > 4) AND (production_year = 1959))
              Rows Removed by Filter: 2521630
Planning time: 0.734 ms
Execution time: 1603.188 ms
