Hash Join  (cost=85449.15..1006873.26 rows=2374877 width=0) (actual time=4650.380..24033.199 rows=3279451 loops=1)
  Hash Cond: (ci.movie_id = t.id)
  ->  Seq Scan on cast_info ci  (cost=0.00..796071.18 rows=8549907 width=4) (actual time=3358.683..14226.239 rows=12670688 loops=1)
        Filter: ((person_id < 2493013) AND (role_id = 1))
        Rows Removed by Filter: 23573656
  ->  Hash  (cost=73925.90..73925.90 rows=702340 width=4) (actual time=1290.625..1290.625 rows=603836 loops=1)
        Buckets: 131072  Batches: 16  Memory Usage: 2349kB
        ->  Seq Scan on title t  (cost=0.00..73925.90 rows=702340 width=4) (actual time=0.034..1096.041 rows=603836 loops=1)
              Filter: ((kind_id < 7) AND (production_year > 1988))
              Rows Removed by Filter: 1924476
Planning time: 0.828 ms
Execution time: 24444.185 ms
