Hash Join  (cost=798789.81..853456.64 rows=131 width=0) (actual time=12611.560..13593.543 rows=53 loops=1)
  Hash Cond: (mc.movie_id = t.id)
  ->  Seq Scan on movie_companies mc  (cost=0.00..44881.29 rows=2609129 width=4) (actual time=0.024..571.617 rows=2609129 loops=1)
  ->  Hash  (cost=798788.22..798788.22 rows=127 width=8) (actual time=12563.231..12563.231 rows=25 loops=1)
        Buckets: 1024  Batches: 1  Memory Usage: 9kB
        ->  Nested Loop  (cost=0.43..798788.22 rows=127 width=8) (actual time=10074.722..12563.204 rows=25 loops=1)
              ->  Seq Scan on cast_info ci  (cost=0.00..796071.18 rows=324 width=4) (actual time=10074.645..12562.352 rows=40 loops=1)
                    Filter: ((role_id > 1) AND (person_id = 2009942))
                    Rows Removed by Filter: 36244304
              ->  Index Scan using title_pkey on title t  (cost=0.43..8.38 rows=1 width=4) (actual time=0.020..0.020 rows=1 loops=40)
                    Index Cond: (id = ci.movie_id)
                    Filter: (kind_id < 7)
                    Rows Removed by Filter: 0
Planning time: 1.513 ms
Execution time: 13593.703 ms
