Hash Join  (cost=263115.61..431247.24 rows=3256073 width=0) (actual time=6722.024..15678.943 rows=24209743 loops=1)
  Hash Cond: (mk.movie_id = t.id)
  ->  Seq Scan on movie_keyword mk  (cost=0.00..81003.12 rows=3155485 width=4) (actual time=0.034..1536.124 rows=3138413 loops=1)
        Filter: (keyword_id < 12049)
        Rows Removed by Filter: 1385517
  ->  Hash  (cost=220309.49..220309.49 rows=2609129 width=8) (actual time=6720.614..6720.614 rows=2609129 loops=1)
        Buckets: 131072  Batches: 64  Memory Usage: 2691kB
        ->  Hash Join  (cost=102767.86..220309.49 rows=2609129 width=8) (actual time=1913.900..5914.218 rows=2609129 loops=1)
              Hash Cond: (mc.movie_id = t.id)
              ->  Seq Scan on movie_companies mc  (cost=0.00..44881.29 rows=2609129 width=4) (actual time=0.005..835.119 rows=2609129 loops=1)
              ->  Hash  (cost=61283.27..61283.27 rows=2528527 width=4) (actual time=1912.905..1912.905 rows=2528312 loops=1)
                    Buckets: 131072  Batches: 64  Memory Usage: 2415kB
                    ->  Seq Scan on title t  (cost=0.00..61283.27 rows=2528527 width=4) (actual time=0.018..1080.772 rows=2528312 loops=1)
Planning time: 1.139 ms
Execution time: 18228.213 ms
