Seq Scan on cast_info ci  (cost=0.00..705507.15 rows=500 width=0) (actual time=4929.568..8742.567 rows=47 loops=1)
  Filter: (person_id = 3993517)
  Rows Removed by Filter: 36244297
Planning time: 0.403 ms
Execution time: 8742.649 ms
