Hash Join  (cost=76746.21..1135843.92 rows=2462255 width=0) (actual time=1418.595..29287.238 rows=3218426 loops=1)
  Hash Cond: (ci.movie_id = t.id)
  ->  Seq Scan on cast_info ci  (cost=0.00..614943.12 rows=36225612 width=4) (actual time=0.023..11761.304 rows=36244344 loops=1)
  ->  Hash  (cost=73925.90..73925.90 rows=171864 width=4) (actual time=1417.753..1417.753 rows=275829 loops=1)
        Buckets: 131072  Batches: 4  Memory Usage: 3453kB
        ->  Seq Scan on title t  (cost=0.00..73925.90 rows=171864 width=4) (actual time=0.018..1112.685 rows=275829 loops=1)
              Filter: ((kind_id < 7) AND (production_year < 1975))
              Rows Removed by Filter: 2252483
Planning time: 1.011 ms
Execution time: 29669.849 ms
