Seq Scan on cast_info ci  (cost=0.00..705507.15 rows=5386220 width=0) (actual time=0.021..10215.882 rows=5301121 loops=1)
  Filter: (person_id < 512448)
  Rows Removed by Filter: 30943223
Planning time: 0.311 ms
Execution time: 10905.835 ms
