Hash Join  (cost=655788.40..2333503.17 rows=49458053 width=0) (actual time=15370.212..110455.745 rows=264326781 loops=1)
  Hash Cond: (ci.movie_id = t.id)
  ->  Seq Scan on cast_info ci  (cost=0.00..614943.12 rows=36225612 width=4) (actual time=0.015..11965.805 rows=36244344 loops=1)
  ->  Hash  (cost=599151.60..599151.60 rows=3452144 width=8) (actual time=15366.982..15366.982 rows=5355358 loops=1)
        Buckets: 131072 (originally 131072)  Batches: 128 (originally 64)  Memory Usage: 3073kB
        ->  Hash Join  (cost=86810.27..599151.60 rows=3452144 width=8) (actual time=1346.687..13968.829 rows=5355358 loops=1)
              Hash Cond: (mi.movie_id = t.id)
              ->  Seq Scan on movie_info mi  (cost=0.00..346232.03 rows=11115165 width=4) (actual time=0.025..5996.682 rows=11210743 loops=1)
                    Filter: (info_type_id > 3)
                    Rows Removed by Filter: 3624977
              ->  Hash  (cost=73925.90..73925.90 rows=785309 width=4) (actual time=1345.949..1345.949 rows=695753 loops=1)
                    Buckets: 131072  Batches: 16  Memory Usage: 2562kB
                    ->  Seq Scan on title t  (cost=0.00..73925.90 rows=785309 width=4) (actual time=0.019..1117.667 rows=695753 loops=1)
                          Filter: ((kind_id < 7) AND (production_year > 1975))
                          Rows Removed by Filter: 1832559
Planning time: 1.135 ms
Execution time: 137750.423 ms
