Seq Scan on movie_keyword mk  (cost=0.00..81003.12 rows=246 width=0) (actual time=4.147..654.719 rows=364 loops=1)
  Filter: (keyword_id = 2578)
  Rows Removed by Filter: 4523566
Planning time: 0.407 ms
Execution time: 654.893 ms
