Hash Join  (cost=69002.72..554108.71 rows=496706 width=0) (actual time=1128.288..11945.266 rows=466862 loops=1)
  Hash Cond: (mi.movie_id = t.id)
  ->  Seq Scan on movie_info mi  (cost=0.00..309384.22 rows=14739122 width=4) (actual time=0.010..5481.685 rows=14835720 loops=1)
  ->  Hash  (cost=67604.59..67604.59 rows=85211 width=4) (actual time=1127.570..1127.570 rows=84593 loops=1)
        Buckets: 131072  Batches: 2  Memory Usage: 2524kB
        ->  Seq Scan on title t  (cost=0.00..67604.59 rows=85211 width=4) (actual time=0.005..1093.503 rows=84593 loops=1)
              Filter: (production_year = 2004)
              Rows Removed by Filter: 2443719
Planning time: 0.712 ms
Execution time: 12009.426 ms
