Seq Scan on cast_info ci  (cost=0.00..705507.15 rows=21058529 width=0) (actual time=0.022..11225.974 rows=20932937 loops=1)
  Filter: (person_id < 2110167)
  Rows Removed by Filter: 15311407
Planning time: 2.261 ms
Execution time: 13749.651 ms
