Hash Join  (cost=171522.90..547659.28 rows=401226 width=0) (actual time=4081.786..10944.762 rows=2071034 loops=1)
  Hash Cond: (mi.movie_id = t.id)
  ->  Seq Scan on movie_info mi  (cost=0.00..346232.03 rows=2073893 width=4) (actual time=0.013..5113.212 rows=2091068 loops=1)
        Filter: (info_type_id < 3)
        Rows Removed by Filter: 12744652
  ->  Hash  (cost=163497.12..163497.12 rows=489182 width=8) (actual time=4080.982..4080.982 rows=1071583 loops=1)
        Buckets: 131072 (originally 131072)  Batches: 16 (originally 8)  Memory Usage: 3715kB
        ->  Hash Join  (cost=81703.78..163497.12 rows=489182 width=8) (actual time=1600.964..3742.555 rows=1071583 loops=1)
              Hash Cond: (mc.movie_id = t.id)
              ->  Seq Scan on movie_companies mc  (cost=0.00..44881.29 rows=2609129 width=4) (actual time=0.018..769.086 rows=2609129 loops=1)
              ->  Hash  (cost=73925.90..73925.90 rows=474070 width=4) (actual time=1331.671..1331.671 rows=496025 loops=1)
                    Buckets: 131072  Batches: 8  Memory Usage: 3214kB
                    ->  Seq Scan on title t  (cost=0.00..73925.90 rows=474070 width=4) (actual time=0.021..1172.634 rows=496025 loops=1)
                          Filter: ((production_year < 2009) AND (kind_id = 1))
                          Rows Removed by Filter: 2032287
Planning time: 9.539 ms
Execution time: 11188.698 ms
