Hash Join  (cost=83810.17..163248.41 rows=445734 width=0) (actual time=1296.745..3397.495 rows=895442 loops=1)
  Hash Cond: (mc.movie_id = t.id)
  ->  Seq Scan on movie_companies mc  (cost=0.00..57926.93 rows=1141055 width=4) (actual time=0.022..1115.469 rows=1249163 loops=1)
        Filter: ((company_id > 197) AND (company_type_id > 1))
        Rows Removed by Filter: 1359966
  ->  Hash  (cost=67604.59..67604.59 rows=987727 width=4) (actual time=1295.121..1295.121 rows=985048 loops=1)
        Buckets: 131072  Batches: 16  Memory Usage: 3188kB
        ->  Seq Scan on title t  (cost=0.00..67604.59 rows=987727 width=4) (actual time=0.015..996.860 rows=985048 loops=1)
              Filter: (kind_id < 7)
              Rows Removed by Filter: 1543264
Planning time: 0.727 ms
Execution time: 3497.347 ms
