Hash Join  (cost=914022.76..1038751.39 rows=223759 width=0) (actual time=14138.871..16959.134 rows=588372 loops=1)
  Hash Cond: (mk.movie_id = t.id)
  ->  Seq Scan on movie_keyword mk  (cost=0.00..69693.30 rows=4523930 width=4) (actual time=0.008..1335.477 rows=4523930 loops=1)
  ->  Hash  (cost=911970.46..911970.46 rows=125064 width=8) (actual time=14138.094..14138.094 rows=50717 loops=1)
        Buckets: 131072  Batches: 2  Memory Usage: 2024kB
        ->  Hash Join  (cost=104131.46..911970.46 rows=125064 width=8) (actual time=5245.872..14119.959 rows=50717 loops=1)
              Hash Cond: (ci.movie_id = t.id)
              ->  Seq Scan on cast_info ci  (cost=0.00..796071.18 rows=142036 width=4) (actual time=2581.066..11028.113 rows=56616 loops=1)
                    Filter: ((person_id < 1438962) AND (role_id > 10))
                    Rows Removed by Filter: 36187728
              ->  Hash  (cost=67604.59..67604.59 rows=2226390 width=4) (actual time=2663.162..2663.162 rows=2224569 loops=1)
                    Buckets: 131072  Batches: 32  Memory Usage: 3463kB
                    ->  Seq Scan on title t  (cost=0.00..67604.59 rows=2226390 width=4) (actual time=0.024..1339.843 rows=2224569 loops=1)
                          Filter: (production_year < 2012)
                          Rows Removed by Filter: 303743
Planning time: 0.745 ms
Execution time: 17033.831 ms
