Hash Join  (cost=73990.99..155266.80 rows=149 width=0) (actual time=1112.769..2303.765 rows=67 loops=1)
  Hash Cond: (mk.movie_id = t.id)
  ->  Seq Scan on movie_keyword mk  (cost=0.00..81003.12 rows=72319 width=4) (actual time=0.028..1193.143 rows=75008 loops=1)
        Filter: (keyword_id < 70)
        Rows Removed by Filter: 4448922
  ->  Hash  (cost=73925.90..73925.90 rows=5207 width=4) (actual time=1089.005..1089.005 rows=9146 loops=1)
        Buckets: 16384 (originally 8192)  Batches: 1 (originally 1)  Memory Usage: 450kB
        ->  Seq Scan on title t  (cost=0.00..73925.90 rows=5207 width=4) (actual time=0.144..1084.352 rows=9146 loops=1)
              Filter: ((kind_id > 2) AND (production_year = 1968))
              Rows Removed by Filter: 2519166
Planning time: 0.724 ms
Execution time: 2303.952 ms
