Hash Join  (cost=83074.45..434362.91 rows=92 width=0) (actual time=3421.548..5976.981 rows=1733 loops=1)
  Hash Cond: (mi.movie_id = t.id)
  ->  Seq Scan on movie_info mi  (cost=0.00..346232.03 rows=1348138 width=4) (actual time=2165.038..4556.424 rows=1298989 loops=1)
        Filter: (info_type_id = 4)
        Rows Removed by Filter: 13536731
  ->  Hash  (cost=83072.29..83072.29 rows=173 width=8) (actual time=1255.241..1255.241 rows=1279 loops=1)
        Buckets: 2048 (originally 1024)  Batches: 1 (originally 1)  Memory Usage: 66kB
        ->  Nested Loop  (cost=0.43..83072.29 rows=173 width=8) (actual time=0.482..1254.445 rows=1279 loops=1)
              ->  Seq Scan on movie_keyword mk  (cost=0.00..81003.12 rows=246 width=4) (actual time=0.395..904.409 rows=2121 loops=1)
                    Filter: (keyword_id = 1661)
                    Rows Removed by Filter: 4521809
              ->  Index Scan using title_pkey on title t  (cost=0.43..8.40 rows=1 width=4) (actual time=0.164..0.164 rows=1 loops=2121)
                    Index Cond: (id = mk.movie_id)
                    Filter: (production_year > 1989)
                    Rows Removed by Filter: 0
Planning time: 1.376 ms
Execution time: 5977.456 ms
