Hash Join  (cost=461240.02..1361774.05 rows=476580 width=0) (actual time=12007.456..27715.893 rows=1489144 loops=1)
  Hash Cond: (ci.movie_id = t.id)
  ->  Seq Scan on cast_info ci  (cost=0.00..796071.18 rows=6463207 width=4) (actual time=2940.165..14731.677 rows=7451973 loops=1)
        Filter: ((person_id < 3291548) AND (role_id = 2))
        Rows Removed by Filter: 28792371
  ->  Hash  (cost=458180.43..458180.43 rows=186447 width=8) (actual time=9065.942..9065.942 rows=327104 loops=1)
        Buckets: 131072 (originally 131072)  Batches: 8 (originally 4)  Memory Usage: 3073kB
        ->  Hash Join  (cost=74547.77..458180.43 rows=186447 width=8) (actual time=1075.863..8554.265 rows=327104 loops=1)
              Hash Cond: (mi.movie_id = t.id)
              ->  Seq Scan on movie_info mi  (cost=0.00..346232.03 rows=9476311 width=4) (actual time=175.642..5362.202 rows=9565151 loops=1)
                    Filter: (info_type_id < 16)
                    Rows Removed by Filter: 5270569
              ->  Hash  (cost=73925.90..73925.90 rows=49749 width=4) (actual time=899.513..899.513 rows=44012 loops=1)
                    Buckets: 65536  Batches: 1  Memory Usage: 2060kB
                    ->  Seq Scan on title t  (cost=0.00..73925.90 rows=49749 width=4) (actual time=0.046..882.663 rows=44012 loops=1)
                          Filter: ((kind_id < 7) AND (production_year = 2009))
                          Rows Removed by Filter: 2484300
Planning time: 5.026 ms
Execution time: 27894.074 ms
