Hash Join  (cost=122102.27..1023648.53 rows=820926 width=0) (actual time=4745.638..24607.175 rows=2955086 loops=1)
  Hash Cond: (ci.movie_id = t.id)
  ->  Seq Scan on cast_info ci  (cost=0.00..705507.15 rows=16201301 width=4) (actual time=2393.231..13804.944 rows=16121683 loops=1)
        Filter: (role_id > 2)
        Rows Removed by Filter: 20122661
  ->  Hash  (cost=119999.76..119999.76 rows=128121 width=8) (actual time=2351.622..2351.622 rows=260586 loops=1)
        Buckets: 131072 (originally 131072)  Batches: 4 (originally 2)  Memory Usage: 3575kB
        ->  Hash Join  (cost=85456.44..119999.76 rows=128121 width=8) (actual time=1378.140..2263.446 rows=260586 loops=1)
              Hash Cond: (mi_idx.movie_id = t.id)
              ->  Seq Scan on movie_info_idx mi_idx  (cost=0.00..25185.44 rows=460978 width=4) (actual time=0.019..444.682 rows=459925 loops=1)
                    Filter: (info_type_id = 99)
                    Rows Removed by Filter: 920110
              ->  Hash  (cost=73925.90..73925.90 rows=702763 width=4) (actual time=1377.231..1377.231 rows=726953 loops=1)
                    Buckets: 131072  Batches: 16  Memory Usage: 2621kB
                    ->  Seq Scan on title t  (cost=0.00..73925.90 rows=702763 width=4) (actual time=0.019..1154.191 rows=726953 loops=1)
                          Filter: ((kind_id < 4) AND (production_year < 2011))
                          Rows Removed by Filter: 1801359
Planning time: 1.071 ms
Execution time: 24962.579 ms
