Seq Scan on cast_info ci  (cost=0.00..796071.18 rows=1403204 width=0) (actual time=0.028..10728.553 rows=3386062 loops=1)
  Filter: ((person_id > 2506807) AND (role_id = 10))
  Rows Removed by Filter: 32858282
Planning time: 0.397 ms
Execution time: 11156.780 ms
