Seq Scan on movie_companies mc  (cost=0.00..51404.11 rows=104 width=0) (actual time=160.586..845.601 rows=3 loops=1)
  Filter: (company_id = 53844)
  Rows Removed by Filter: 2609126
Planning time: 0.356 ms
Execution time: 845.686 ms
