Hash Join  (cost=75818.69..157990.28 rows=516607 width=0) (actual time=1104.172..3223.697 rows=820656 loops=1)
  Hash Cond: (mc.movie_id = t.id)
  ->  Seq Scan on movie_companies mc  (cost=0.00..44881.29 rows=2609129 width=4) (actual time=0.019..808.327 rows=2609129 loops=1)
  ->  Hash  (cost=67604.59..67604.59 rows=500648 width=4) (actual time=1103.013..1103.013 rows=494029 loops=1)
        Buckets: 131072  Batches: 8  Memory Usage: 3188kB
        ->  Seq Scan on title t  (cost=0.00..67604.59 rows=500648 width=4) (actual time=0.026..952.429 rows=494029 loops=1)
              Filter: (production_year < 1979)
              Rows Removed by Filter: 2034283
Planning time: 0.730 ms
Execution time: 3297.031 ms
