Hash Join  (cost=709673.38..736583.96 rows=10 width=0) (actual time=9579.370..9773.850 rows=6 loops=1)
  Hash Cond: (mi_idx.movie_id = t.id)
  ->  Seq Scan on movie_info_idx mi_idx  (cost=0.00..21735.35 rows=1380035 width=4) (actual time=0.011..243.011 rows=1380035 loops=1)
  ->  Hash  (cost=709673.15..709673.15 rows=18 width=8) (actual time=9270.978..9270.978 rows=2 loops=1)
        Buckets: 1024  Batches: 1  Memory Usage: 9kB
        ->  Nested Loop  (cost=0.43..709673.15 rows=18 width=8) (actual time=4222.493..9270.964 rows=2 loops=1)
              ->  Seq Scan on cast_info ci  (cost=0.00..705507.15 rows=500 width=4) (actual time=4220.260..9267.545 rows=234 loops=1)
                    Filter: (person_id = 226888)
                    Rows Removed by Filter: 36244110
              ->  Index Scan using title_pkey on title t  (cost=0.43..8.32 rows=1 width=4) (actual time=0.014..0.014 rows=0 loops=234)
                    Index Cond: (id = ci.movie_id)
                    Filter: (kind_id = 2)
                    Rows Removed by Filter: 1
Planning time: 1.122 ms
Execution time: 9774.002 ms
