Hash Join  (cost=470029.45..620475.73 rows=478059 width=0) (actual time=10340.085..14712.316 rows=4436283 loops=1)
  Hash Cond: (mk.movie_id = t.id)
  ->  Seq Scan on movie_keyword mk  (cost=0.00..69693.30 rows=4523930 width=4) (actual time=0.023..1398.124 rows=4523930 loops=1)
  ->  Hash  (cost=465645.47..465645.47 rows=267198 width=8) (actual time=10339.250..10339.250 rows=254268 loops=1)
        Buckets: 131072  Batches: 4  Memory Usage: 3504kB
        ->  Hash Join  (cost=68257.79..465645.47 rows=267198 width=8) (actual time=1024.860..10225.879 rows=254268 loops=1)
              Hash Cond: (mi.movie_id = t.id)
              ->  Seq Scan on movie_info mi  (cost=0.00..346232.03 rows=12928982 width=4) (actual time=0.017..5916.798 rows=12970088 loops=1)
                    Filter: (info_type_id < 18)
                    Rows Removed by Filter: 1865632
              ->  Hash  (cost=67604.59..67604.59 rows=52256 width=4) (actual time=1024.394..1024.394 rows=53013 loops=1)
                    Buckets: 65536  Batches: 1  Memory Usage: 2376kB
                    ->  Seq Scan on title t  (cost=0.00..67604.59 rows=52256 width=4) (actual time=0.018..1001.579 rows=53013 loops=1)
                          Filter: (production_year = 2000)
                          Rows Removed by Filter: 2475299
Planning time: 1.141 ms
Execution time: 15258.767 ms
