Hash Join  (cost=144059.98..214832.40 rows=258012 width=0) (actual time=3032.430..5907.989 rows=1851444 loops=1)
  Hash Cond: (mc.movie_id = t.id)
  ->  Seq Scan on movie_companies mc  (cost=0.00..51404.11 rows=1279517 width=4) (actual time=0.015..933.235 rows=1274246 loops=1)
        Filter: (company_type_id = 1)
        Rows Removed by Filter: 1334883
  ->  Hash  (cost=135694.58..135694.58 rows=509872 width=8) (actual time=3031.622..3031.622 rows=947744 loops=1)
        Buckets: 131072 (originally 131072)  Batches: 16 (originally 8)  Memory Usage: 3340kB
        ->  Hash Join  (cost=89253.38..135694.58 rows=509872 width=8) (actual time=1446.021..2782.130 rows=947744 loops=1)
              Hash Cond: (mi_idx.movie_id = t.id)
              ->  Seq Scan on movie_info_idx mi_idx  (cost=0.00..21735.35 rows=1380035 width=4) (actual time=0.023..342.987 rows=1380035 loops=1)
              ->  Hash  (cost=73925.90..73925.90 rows=934198 width=4) (actual time=1444.760..1444.760 rows=950693 loops=1)
                    Buckets: 131072  Batches: 16  Memory Usage: 3114kB
                    ->  Seq Scan on title t  (cost=0.00..73925.90 rows=934198 width=4) (actual time=0.020..1153.825 rows=950693 loops=1)
                          Filter: ((kind_id < 7) AND (production_year < 2013))
                          Rows Removed by Filter: 1577619
Planning time: 1.133 ms
Execution time: 6139.496 ms
