Hash Join  (cost=156649.15..1296215.57 rows=5930672 width=0) (actual time=3460.757..38434.889 rows=12155495 loops=1)
  Hash Cond: (ci.movie_id = t.id)
  ->  Seq Scan on cast_info ci  (cost=0.00..705507.15 rows=32253747 width=4) (actual time=303.368..15546.444 rows=32395991 loops=1)
        Filter: (person_id > 368690)
        Rows Removed by Filter: 3848353
  ->  Hash  (cost=149020.47..149020.47 rows=464934 width=8) (actual time=3156.492..3156.492 rows=460185 loops=1)
        Buckets: 131072  Batches: 8  Memory Usage: 3276kB
        ->  Hash Join  (cost=102767.86..149020.47 rows=464934 width=8) (actual time=1764.104..3023.207 rows=460185 loops=1)
              Hash Cond: (mi_idx.movie_id = t.id)
              ->  Seq Scan on movie_info_idx mi_idx  (cost=0.00..25185.44 rows=464934 width=4) (actual time=0.043..472.532 rows=460185 loops=1)
                    Filter: (info_type_id > 100)
                    Rows Removed by Filter: 919850
              ->  Hash  (cost=61283.27..61283.27 rows=2528527 width=4) (actual time=1763.124..1763.124 rows=2528312 loops=1)
                    Buckets: 131072  Batches: 64  Memory Usage: 2415kB
                    ->  Seq Scan on title t  (cost=0.00..61283.27 rows=2528527 width=4) (actual time=0.016..940.572 rows=2528312 loops=1)
Planning time: 1.151 ms
Execution time: 39948.744 ms
