Seq Scan on movie_keyword mk  (cost=0.00..81003.12 rows=246 width=0) (actual time=14.689..1188.111 rows=71 loops=1)
  Filter: (keyword_id = 74590)
  Rows Removed by Filter: 4523859
Planning time: 0.414 ms
Execution time: 1188.266 ms
