Hash Join  (cost=69928.56..175300.01 rows=110004 width=0) (actual time=1076.895..3179.303 rows=81683 loops=1)
  Hash Cond: (mk.movie_id = t.id)
  ->  Seq Scan on movie_keyword mk  (cost=0.00..81003.12 rows=1964343 width=4) (actual time=0.021..1433.900 rows=1970539 loops=1)
        Filter: (keyword_id > 6427)
        Rows Removed by Filter: 2553391
  ->  Hash  (cost=67604.59..67604.59 rows=141598 width=4) (actual time=1075.415..1075.415 rows=141703 loops=1)
        Buckets: 131072  Batches: 2  Memory Usage: 3517kB
        ->  Seq Scan on title t  (cost=0.00..67604.59 rows=141598 width=4) (actual time=0.040..1020.428 rows=141703 loops=1)
              Filter: (production_year = 2010)
              Rows Removed by Filter: 2386609
Planning time: 0.782 ms
Execution time: 3190.854 ms
