Hash Join  (cost=107998.09..462966.98 rows=50706 width=0) (actual time=3705.047..7238.913 rows=108982 loops=1)
  Hash Cond: (mi.movie_id = t.id)
  ->  Seq Scan on movie_info mi  (cost=0.00..346232.03 rows=2194617 width=4) (actual time=1802.243..4886.524 rows=2233850 loops=1)
        Filter: (info_type_id > 16)
        Rows Removed by Filter: 12601870
  ->  Hash  (cost=107267.82..107267.82 rows=58421 width=8) (actual time=1889.566..1889.566 rows=41372 loops=1)
        Buckets: 65536  Batches: 1  Memory Usage: 2129kB
        ->  Hash Join  (cost=70241.71..107267.82 rows=58421 width=8) (actual time=1007.280..1875.471 rows=41372 loops=1)
              Hash Cond: (mi_idx.movie_id = t.id)
              ->  Seq Scan on movie_info_idx mi_idx  (cost=0.00..25185.44 rows=919057 width=4) (actual time=0.022..469.092 rows=920110 loops=1)
                    Filter: (info_type_id > 99)
                    Rows Removed by Filter: 459925
              ->  Hash  (cost=67604.59..67604.59 rows=160730 width=4) (actual time=1006.405..1006.405 rows=160017 loops=1)
                    Buckets: 131072  Batches: 4  Memory Usage: 2436kB
                    ->  Seq Scan on title t  (cost=0.00..67604.59 rows=160730 width=4) (actual time=0.027..951.700 rows=160017 loops=1)
                          Filter: (production_year = 2011)
                          Rows Removed by Filter: 2368295
Planning time: 1.202 ms
Execution time: 7254.253 ms
