Hash Join  (cost=320987.28..823554.81 rows=6931000 width=0) (actual time=6756.311..16589.624 rows=8146098 loops=1)
  Hash Cond: (mi.movie_id = t.id)
  ->  Seq Scan on movie_info mi  (cost=0.00..346232.03 rows=5263441 width=4) (actual time=438.558..5842.301 rows=5270569 loops=1)
        Filter: (info_type_id > 15)
        Rows Removed by Filter: 9565151
  ->  Hash  (cost=266360.12..266360.12 rows=3329613 width=8) (actual time=6315.874..6315.874 rows=1637255 loops=1)
        Buckets: 131072  Batches: 64  Memory Usage: 2032kB
        ->  Hash Join  (cost=98137.04..266360.12 rows=3329613 width=8) (actual time=1751.758..5831.230 rows=1637255 loops=1)
              Hash Cond: (mk.movie_id = t.id)
              ->  Seq Scan on movie_keyword mk  (cost=0.00..69693.30 rows=4523930 width=4) (actual time=0.039..1369.060 rows=4523930 loops=1)
              ->  Hash  (cost=67604.59..67604.59 rows=1860996 width=4) (actual time=1750.683..1750.683 rows=1865487 loops=1)
                    Buckets: 131072  Batches: 32  Memory Usage: 3085kB
                    ->  Seq Scan on title t  (cost=0.00..67604.59 rows=1860996 width=4) (actual time=0.021..1141.603 rows=1865487 loops=1)
                          Filter: (kind_id > 1)
                          Rows Removed by Filter: 662825
Planning time: 1.091 ms
Execution time: 17440.390 ms
