Hash Join  (cost=180828.42..212796.52 rows=46200 width=0) (actual time=3069.224..3774.169 rows=57360 loops=1)
  Hash Cond: (mi_idx.movie_id = t.id)
  ->  Seq Scan on movie_info_idx mi_idx  (cost=0.00..25185.44 rows=460978 width=4) (actual time=0.020..474.564 rows=459925 loops=1)
        Filter: (info_type_id < 100)
        Rows Removed by Filter: 920110
  ->  Hash  (cost=176670.75..176670.75 rows=253413 width=8) (actual time=3068.565..3068.565 rows=133867 loops=1)
        Buckets: 131072  Batches: 4  Memory Usage: 2337kB
        ->  Hash Join  (cost=102767.86..176670.75 rows=253413 width=8) (actual time=1784.717..3028.149 rows=133867 loops=1)
              Hash Cond: (mc.movie_id = t.id)
              ->  Seq Scan on movie_companies mc  (cost=0.00..57926.93 rows=253413 width=4) (actual time=0.031..755.847 rows=133867 loops=1)
                    Filter: ((company_id < 438) AND (company_type_id > 1))
                    Rows Removed by Filter: 2475262
              ->  Hash  (cost=61283.27..61283.27 rows=2528527 width=4) (actual time=1783.613..1783.613 rows=2528312 loops=1)
                    Buckets: 131072  Batches: 64  Memory Usage: 2415kB
                    ->  Seq Scan on title t  (cost=0.00..61283.27 rows=2528527 width=4) (actual time=0.015..945.251 rows=2528312 loops=1)
Planning time: 0.749 ms
Execution time: 3782.200 ms
