Seq Scan on movie_info mi  (cost=0.00..346232.03 rows=13814033 width=0) (actual time=224.002..6651.654 rows=13856997 loops=1)
  Filter: (info_type_id < 91)
  Rows Removed by Filter: 978723
Planning time: 0.316 ms
Execution time: 8389.572 ms
