Seq Scan on movie_companies mc  (cost=0.00..57926.93 rows=251257 width=0) (actual time=0.034..452.543 rows=375853 loops=1)
  Filter: ((company_id < 474) AND (company_type_id < 2))
  Rows Removed by Filter: 2233276
Planning time: 0.346 ms
Execution time: 482.473 ms
