Nested Loop  (cost=0.43..52283.95 rows=42 width=0) (actual time=0.256..692.126 rows=105 loops=1)
  ->  Seq Scan on movie_companies mc  (cost=0.00..51404.11 rows=104 width=4) (actual time=0.211..684.493 rows=258 loops=1)
        Filter: (company_id = 1715)
        Rows Removed by Filter: 2608871
  ->  Index Scan using title_pkey on title t  (cost=0.43..8.45 rows=1 width=4) (actual time=0.028..0.029 rows=0 loops=258)
        Index Cond: (id = mc.movie_id)
        Filter: (production_year > 2005)
        Rows Removed by Filter: 1
Planning time: 2.953 ms
Execution time: 692.277 ms
