Hash Join  (cost=138333.22..636126.65 rows=1685752 width=0) (actual time=2739.512..15333.886 rows=3758427 loops=1)
  Hash Cond: (mi.movie_id = t.id)
  ->  Seq Scan on movie_info mi  (cost=0.00..309384.22 rows=14739122 width=4) (actual time=0.020..5209.530 rows=14835720 loops=1)
  ->  Hash  (cost=133588.30..133588.30 rows=289194 width=8) (actual time=2738.443..2738.443 rows=261986 loops=1)
        Buckets: 131072  Batches: 4  Memory Usage: 3583kB
        ->  Hash Join  (cost=93408.25..133588.30 rows=289194 width=8) (actual time=1618.648..2649.316 rows=261986 loops=1)
              Hash Cond: (mi_idx.movie_id = t.id)
              ->  Seq Scan on movie_info_idx mi_idx  (cost=0.00..25185.44 rows=464934 width=4) (actual time=0.029..417.579 rows=460185 loops=1)
                    Filter: (info_type_id > 100)
                    Rows Removed by Filter: 919850
              ->  Hash  (cost=67604.59..67604.59 rows=1572773 width=4) (actual time=1617.770..1617.770 rows=1570568 loops=1)
                    Buckets: 131072  Batches: 32  Memory Usage: 2751kB
                    ->  Seq Scan on title t  (cost=0.00..67604.59 rows=1572773 width=4) (actual time=0.013..1120.589 rows=1570568 loops=1)
                          Filter: (production_year > 1996)
                          Rows Removed by Filter: 957744
Planning time: 1.213 ms
Execution time: 15699.266 ms
