Hash Join  (cost=95093.87..960931.49 rows=47677 width=0) (actual time=2691.392..18551.424 rows=113741 loops=1)
  Hash Cond: (ci.movie_id = t.id)
  ->  Seq Scan on cast_info ci  (cost=0.00..796071.18 rows=18477255 width=4) (actual time=1285.208..14392.988 rows=15815471 loops=1)
        Filter: ((person_id < 2901748) AND (role_id > 1))
        Rows Removed by Filter: 20428873
  ->  Hash  (cost=95012.32..95012.32 rows=6524 width=8) (actual time=1405.814..1405.814 rows=8229 loops=1)
        Buckets: 16384 (originally 8192)  Batches: 1 (originally 1)  Memory Usage: 450kB
        ->  Hash Join  (cost=68058.67..95012.32 rows=6524 width=8) (actual time=854.154..1402.158 rows=8229 loops=1)
              Hash Cond: (mi_idx.movie_id = t.id)
              ->  Seq Scan on movie_info_idx mi_idx  (cost=0.00..25185.44 rows=454124 width=4) (actual time=0.032..420.755 rows=459925 loops=1)
                    Filter: (info_type_id = 100)
                    Rows Removed by Filter: 920110
              ->  Hash  (cost=67604.59..67604.59 rows=36327 width=4) (actual time=853.824..853.824 rows=36509 loops=1)
                    Buckets: 65536  Batches: 1  Memory Usage: 1796kB
                    ->  Seq Scan on title t  (cost=0.00..67604.59 rows=36327 width=4) (actual time=0.022..838.083 rows=36509 loops=1)
                          Filter: (production_year = 1996)
                          Rows Removed by Filter: 2491803
Planning time: 1.018 ms
Execution time: 18571.663 ms
