Hash Join  (cost=73950.44..161988.44 rows=1453 width=0) (actual time=784.355..2041.237 rows=1272 loops=1)
  Hash Cond: (mk.movie_id = t.id)
  ->  Seq Scan on movie_keyword mk  (cost=0.00..81003.12 rows=1872091 width=4) (actual time=0.021..1050.363 rows=1880718 loops=1)
        Filter: (keyword_id > 7281)
        Rows Removed by Filter: 2643212
  ->  Hash  (cost=73925.90..73925.90 rows=1963 width=4) (actual time=751.758..751.758 rows=2614 loops=1)
        Buckets: 4096 (originally 2048)  Batches: 1 (originally 1)  Memory Usage: 124kB
        ->  Seq Scan on title t  (cost=0.00..73925.90 rows=1963 width=4) (actual time=258.533..750.496 rows=2614 loops=1)
              Filter: ((kind_id = 1) AND (production_year = 1923))
              Rows Removed by Filter: 2525698
Planning time: 0.773 ms
Execution time: 2041.608 ms
