Hash Join  (cost=74458.52..101601.55 rows=23255 width=0) (actual time=1128.137..1727.799 rows=22761 loops=1)
  Hash Cond: (mi_idx.movie_id = t.id)
  ->  Seq Scan on movie_info_idx mi_idx  (cost=0.00..21735.35 rows=1380035 width=4) (actual time=0.020..247.270 rows=1380035 loops=1)
  ->  Hash  (cost=73925.90..73925.90 rows=42609 width=4) (actual time=1127.665..1127.665 rows=50164 loops=1)
        Buckets: 65536  Batches: 1  Memory Usage: 2276kB
        ->  Seq Scan on title t  (cost=0.00..73925.90 rows=42609 width=4) (actual time=0.014..1106.357 rows=50164 loops=1)
              Filter: ((kind_id > 2) AND (production_year = 2002))
              Rows Removed by Filter: 2478148
Planning time: 0.758 ms
Execution time: 1731.107 ms
