Seq Scan on movie_keyword mk  (cost=0.00..81003.12 rows=246 width=0) (actual time=28.644..1252.143 rows=23 loops=1)
  Filter: (keyword_id = 18640)
  Rows Removed by Filter: 4523907
Planning time: 0.397 ms
Execution time: 1252.256 ms
