Hash Join  (cost=84497.07..163236.34 rows=330367 width=0) (actual time=1477.599..2980.501 rows=516041 loops=1)
  Hash Cond: (mc.movie_id = t.id)
  ->  Seq Scan on movie_companies mc  (cost=0.00..57926.93 rows=1296446 width=4) (actual time=343.440..1066.275 rows=1327562 loops=1)
        Filter: ((company_id > 6) AND (company_type_id > 1))
        Rows Removed by Filter: 1281567
  ->  Hash  (cost=73925.90..73925.90 rows=644333 width=4) (actual time=1133.311..1133.311 rows=544419 loops=1)
        Buckets: 131072  Batches: 16  Memory Usage: 2215kB
        ->  Seq Scan on title t  (cost=0.00..73925.90 rows=644333 width=4) (actual time=0.060..961.327 rows=544419 loops=1)
              Filter: ((kind_id < 7) AND (production_year > 1994))
              Rows Removed by Filter: 1983893
Planning time: 0.750 ms
Execution time: 3031.633 ms
