Seq Scan on movie_companies mc  (cost=0.00..51404.11 rows=491123 width=0) (actual time=0.019..808.762 rows=487355 loops=1)
  Filter: (company_id < 426)
  Rows Removed by Filter: 2121774
Planning time: 0.244 ms
Execution time: 873.920 ms
