Seq Scan on cast_info ci  (cost=0.00..796071.18 rows=324 width=0) (actual time=3536.581..11407.605 rows=52 loops=1)
  Filter: ((role_id > 1) AND (person_id = 1369073))
  Rows Removed by Filter: 36244292
Planning time: 0.379 ms
Execution time: 11407.738 ms
