Hash Join  (cost=95162.59..245380.02 rows=2315839 width=0) (actual time=2893.629..6051.036 rows=572596 loops=1)
  Hash Cond: (mk.movie_id = t.id)
  ->  Seq Scan on movie_keyword mk  (cost=0.00..69693.30 rows=4523930 width=4) (actual time=0.015..1305.288 rows=4523930 loops=1)
  ->  Hash  (cost=73925.90..73925.90 rows=1294375 width=4) (actual time=1841.963..1841.963 rows=1374286 loops=1)
        Buckets: 131072  Batches: 32  Memory Usage: 2543kB
        ->  Seq Scan on title t  (cost=0.00..73925.90 rows=1294375 width=4) (actual time=0.026..1391.312 rows=1374286 loops=1)
              Filter: ((production_year > 1967) AND (kind_id = 7))
              Rows Removed by Filter: 1154026
Planning time: 0.761 ms
Execution time: 6118.602 ms
