Hash Join  (cost=73982.55..129961.03 rows=2176 width=0) (actual time=1787.416..2018.436 rows=1623 loops=1)
  Hash Cond: (mc.movie_id = t.id)
  ->  Seq Scan on movie_companies mc  (cost=0.00..51404.11 rows=1214027 width=4) (actual time=0.013..747.353 rows=1223869 loops=1)
        Filter: (company_id > 11961)
        Rows Removed by Filter: 1385260
  ->  Hash  (cost=73925.90..73925.90 rows=4532 width=4) (actual time=1020.135..1020.135 rows=12643 loops=1)
        Buckets: 16384 (originally 8192)  Batches: 1 (originally 1)  Memory Usage: 573kB
        ->  Seq Scan on title t  (cost=0.00..73925.90 rows=4532 width=4) (actual time=265.019..1014.210 rows=12643 loops=1)
              Filter: ((kind_id = 7) AND (production_year = 1989))
              Rows Removed by Filter: 2515669
Planning time: 1.915 ms
Execution time: 2018.886 ms
