Hash Join  (cost=152656.09..1198206.02 rows=1143476 width=0) (actual time=2859.925..26889.097 rows=1123786 loops=1)
  Hash Cond: (ci.movie_id = t.id)
  ->  Seq Scan on cast_info ci  (cost=0.00..614943.12 rows=36225612 width=4) (actual time=0.015..11668.855 rows=36244344 loops=1)
  ->  Hash  (cost=151346.42..151346.42 rows=79814 width=8) (actual time=2859.150..2859.150 rows=28869 loops=1)
        Buckets: 131072  Batches: 2  Memory Usage: 1589kB
        ->  Hash Join  (cost=75195.76..151346.42 rows=79814 width=8) (actual time=1641.331..2849.276 rows=28869 loops=1)
              Hash Cond: (mc.movie_id = t.id)
              ->  Seq Scan on movie_companies mc  (cost=0.00..44881.29 rows=2609129 width=4) (actual time=0.030..775.345 rows=2609129 loops=1)
              ->  Hash  (cost=73925.90..73925.90 rows=77348 width=4) (actual time=1166.151..1166.151 rows=84109 loops=1)
                    Buckets: 131072  Batches: 2  Memory Usage: 2509kB
                    ->  Seq Scan on title t  (cost=0.00..73925.90 rows=77348 width=4) (actual time=0.027..1134.426 rows=84109 loops=1)
                          Filter: ((kind_id = 7) AND (production_year = 2008))
                          Rows Removed by Filter: 2444203
Planning time: 1.221 ms
Execution time: 27034.295 ms
