Seq Scan on movie_keyword mk  (cost=0.00..81003.12 rows=7841 width=0) (actual time=0.220..1230.321 rows=7419 loops=1)
  Filter: (keyword_id = 373)
  Rows Removed by Filter: 4516511
Planning time: 0.362 ms
Execution time: 1232.065 ms
