Hash Join  (cost=74730.49..133299.66 rows=45547 width=0) (actual time=920.615..2226.658 rows=36066 loops=1)
  Hash Cond: (mc.movie_id = t.id)
  ->  Seq Scan on movie_companies mc  (cost=0.00..51404.11 rows=1789222 width=4) (actual time=0.016..852.208 rows=1780587 loops=1)
        Filter: (company_id < 27510)
        Rows Removed by Filter: 828542
  ->  Hash  (cost=73925.90..73925.90 rows=64367 width=4) (actual time=920.232..920.232 rows=53905 loops=1)
        Buckets: 65536  Batches: 1  Memory Usage: 2408kB
        ->  Seq Scan on title t  (cost=0.00..73925.90 rows=64367 width=4) (actual time=0.031..899.005 rows=53905 loops=1)
              Filter: ((kind_id < 7) AND (production_year = 2012))
              Rows Removed by Filter: 2474407
Planning time: 0.808 ms
Execution time: 2232.546 ms
