Hash Join  (cost=190230.21..330648.05 rows=1732323 width=0) (actual time=4392.086..9174.388 rows=7365258 loops=1)
  Hash Cond: (mk.movie_id = t.id)
  ->  Seq Scan on movie_keyword mk  (cost=0.00..81003.12 rows=3173996 width=4) (actual time=0.014..1591.203 rows=3163016 loops=1)
        Filter: (keyword_id < 12334)
        Rows Removed by Filter: 1360914
  ->  Hash  (cost=167588.78..167588.78 rows=1380035 width=8) (actual time=4390.800..4390.800 rows=1380035 loops=1)
        Buckets: 131072  Batches: 32  Memory Usage: 2726kB
        ->  Hash Join  (cost=102767.86..167588.78 rows=1380035 width=8) (actual time=2041.316..3989.969 rows=1380035 loops=1)
              Hash Cond: (mi_idx.movie_id = t.id)
              ->  Seq Scan on movie_info_idx mi_idx  (cost=0.00..21735.35 rows=1380035 width=4) (actual time=0.017..446.343 rows=1380035 loops=1)
              ->  Hash  (cost=61283.27..61283.27 rows=2528527 width=4) (actual time=2039.384..2039.384 rows=2528312 loops=1)
                    Buckets: 131072  Batches: 64  Memory Usage: 2415kB
                    ->  Seq Scan on title t  (cost=0.00..61283.27 rows=2528527 width=4) (actual time=0.014..1180.456 rows=2528312 loops=1)
Planning time: 1.129 ms
Execution time: 9972.927 ms
