Hash Join  (cost=105876.77..1528280.41 rows=33420546 width=0) (actual time=1888.346..42159.109 rows=35019813 loops=1)
  Hash Cond: (ci.movie_id = t.id)
  ->  Seq Scan on cast_info ci  (cost=0.00..614943.12 rows=36225612 width=4) (actual time=0.016..12376.216 rows=36244344 loops=1)
  ->  Hash  (cost=67604.59..67604.59 rows=2332735 width=4) (actual time=1887.528..1887.528 rows=2325893 loops=1)
        Buckets: 131072  Batches: 32  Memory Usage: 3582kB
        ->  Seq Scan on title t  (cost=0.00..67604.59 rows=2332735 width=4) (actual time=0.005..1164.471 rows=2325893 loops=1)
              Filter: (production_year > 1935)
              Rows Removed by Filter: 202419
Planning time: 0.719 ms
Execution time: 45842.443 ms
