Hash Join  (cost=87053.47..173485.30 rows=825631 width=0) (actual time=1332.994..4137.695 rows=1331765 loops=1)
  Hash Cond: (mc.movie_id = t.id)
  ->  Seq Scan on movie_companies mc  (cost=0.00..44881.29 rows=2609129 width=4) (actual time=0.021..838.531 rows=2609129 loops=1)
  ->  Hash  (cost=73925.90..73925.90 rows=800125 width=4) (actual time=1332.016..1332.016 rows=713741 loops=1)
        Buckets: 131072  Batches: 16  Memory Usage: 2592kB
        ->  Seq Scan on title t  (cost=0.00..73925.90 rows=800125 width=4) (actual time=0.015..1109.401 rows=713741 loops=1)
              Filter: ((kind_id < 7) AND (production_year > 1972))
              Rows Removed by Filter: 1814571
Planning time: 0.716 ms
Execution time: 4283.426 ms
