Nested Loop  (cost=25190.47..106244.60 rows=1 width=0) (actual time=461.826..1499.560 rows=3 loops=1)
  ->  Hash Join  (cost=25190.04..106236.22 rows=1 width=8) (actual time=461.765..1499.300 rows=5 loops=1)
        Hash Cond: (mk.movie_id = mi_idx.movie_id)
        ->  Seq Scan on movie_keyword mk  (cost=0.00..81003.12 rows=246 width=4) (actual time=3.354..1134.697 rows=299 loops=1)
              Filter: (keyword_id = 14410)
              Rows Removed by Filter: 4523631
        ->  Hash  (cost=25185.44..25185.44 rows=368 width=4) (actual time=364.318..364.318 rows=260 loops=1)
              Buckets: 1024  Batches: 1  Memory Usage: 18kB
              ->  Seq Scan on movie_info_idx mi_idx  (cost=0.00..25185.44 rows=368 width=4) (actual time=240.315..364.235 rows=260 loops=1)
                    Filter: (info_type_id > 101)
                    Rows Removed by Filter: 1379775
  ->  Index Scan using title_pkey on title t  (cost=0.43..8.36 rows=1 width=4) (actual time=0.044..0.044 rows=1 loops=5)
        Index Cond: (id = mi_idx.movie_id)
        Filter: (production_year > 1951)
        Rows Removed by Filter: 0
Planning time: 1.177 ms
Execution time: 1499.668 ms
