Hash Join  (cost=71799.10..98719.01 rows=943 width=0) (actual time=940.867..1302.273 rows=3 loops=1)
  Hash Cond: (mi_idx.movie_id = t.id)
  ->  Seq Scan on movie_info_idx mi_idx  (cost=0.00..21735.35 rows=1380035 width=4) (actual time=0.012..249.549 rows=1380035 loops=1)
  ->  Hash  (cost=71777.49..71777.49 rows=1728 width=8) (actual time=782.188..782.188 rows=2 loops=1)
        Buckets: 2048  Batches: 1  Memory Usage: 17kB
        ->  Nested Loop  (cost=0.43..71777.49 rows=1728 width=8) (actual time=376.433..782.179 rows=2 loops=1)
              ->  Seq Scan on movie_companies mc  (cost=0.00..57926.93 rows=1728 width=4) (actual time=376.349..782.047 rows=2 loops=1)
                    Filter: ((company_id = 428) AND (company_type_id = 2))
                    Rows Removed by Filter: 2609127
              ->  Index Only Scan using title_pkey on title t  (cost=0.43..8.01 rows=1 width=4) (actual time=0.055..0.056 rows=1 loops=2)
                    Index Cond: (id = mc.movie_id)
                    Heap Fetches: 2
Planning time: 0.818 ms
Execution time: 1302.343 ms
