Seq Scan on cast_info ci  (cost=0.00..705507.15 rows=17938314 width=0) (actual time=236.503..10796.752 rows=18067590 loops=1)
  Filter: (person_id > 1804641)
  Rows Removed by Filter: 18176754
Planning time: 0.306 ms
Execution time: 12996.067 ms
