Hash Join  (cost=74228.76..101202.24 rows=4455 width=0) (actual time=1028.356..1561.393 rows=2122 loops=1)
  Hash Cond: (mi_idx.movie_id = t.id)
  ->  Seq Scan on movie_info_idx mi_idx  (cost=0.00..25185.44 rows=464934 width=4) (actual time=0.022..446.356 rows=460185 loops=1)
        Filter: (info_type_id > 100)
        Rows Removed by Filter: 919850
  ->  Hash  (cost=73925.90..73925.90 rows=24228 width=4) (actual time=982.420..982.420 rows=21082 loops=1)
        Buckets: 32768  Batches: 1  Memory Usage: 998kB
        ->  Seq Scan on title t  (cost=0.00..73925.90 rows=24228 width=4) (actual time=73.835..974.547 rows=21082 loops=1)
              Filter: ((production_year > 2009) AND (kind_id = 4))
              Rows Removed by Filter: 2507230
Planning time: 0.890 ms
Execution time: 1561.955 ms
