Hash Join  (cost=270019.37..1626838.22 rows=27036167 width=0) (actual time=5759.453..56229.589 rows=88446294 loops=1)
  Hash Cond: (ci.movie_id = t.id)
  ->  Seq Scan on cast_info ci  (cost=0.00..614943.12 rows=36225612 width=4) (actual time=0.018..11822.079 rows=36244344 loops=1)
  ->  Hash  (cost=239058.50..239058.50 rows=1887109 width=8) (actual time=5758.107..5758.107 rows=1899092 loops=1)
        Buckets: 131072  Batches: 32  Memory Usage: 3330kB
        ->  Hash Join  (cost=102767.86..239058.50 rows=1887109 width=8) (actual time=1842.974..5198.921 rows=1899092 loops=1)
              Hash Cond: (mk.movie_id = t.id)
              ->  Seq Scan on movie_keyword mk  (cost=0.00..81003.12 rows=1887109 width=4) (actual time=0.019..1477.129 rows=1899092 loops=1)
                    Filter: (keyword_id < 3254)
                    Rows Removed by Filter: 2624838
              ->  Hash  (cost=61283.27..61283.27 rows=2528527 width=4) (actual time=1841.217..1841.217 rows=2528312 loops=1)
                    Buckets: 131072  Batches: 64  Memory Usage: 2425kB
                    ->  Seq Scan on title t  (cost=0.00..61283.27 rows=2528527 width=4) (actual time=0.012..980.071 rows=2528312 loops=1)
Planning time: 0.884 ms
Execution time: 65519.556 ms
