Hash Join  (cost=156487.41..1141352.47 rows=3780298 width=0) (actual time=2985.211..29789.446 rows=7589929 loops=1)
  Hash Cond: (ci.movie_id = t.id)
  ->  Seq Scan on cast_info ci  (cost=0.00..705507.15 rows=20735447 width=4) (actual time=0.026..13514.555 rows=20882151 loops=1)
        Filter: (person_id > 1514050)
        Rows Removed by Filter: 15362193
  ->  Hash  (cost=148924.19..148924.19 rows=460978 width=8) (actual time=2984.448..2984.448 rows=459925 loops=1)
        Buckets: 131072  Batches: 8  Memory Usage: 3275kB
        ->  Hash Join  (cost=102767.86..148924.19 rows=460978 width=8) (actual time=1723.640..2867.802 rows=459925 loops=1)
              Hash Cond: (mi_idx.movie_id = t.id)
              ->  Seq Scan on movie_info_idx mi_idx  (cost=0.00..25185.44 rows=460978 width=4) (actual time=0.009..451.536 rows=459925 loops=1)
                    Filter: (info_type_id < 100)
                    Rows Removed by Filter: 920110
              ->  Hash  (cost=61283.27..61283.27 rows=2528527 width=4) (actual time=1721.768..1721.768 rows=2528312 loops=1)
                    Buckets: 131072  Batches: 64  Memory Usage: 2415kB
                    ->  Seq Scan on title t  (cost=0.00..61283.27 rows=2528527 width=4) (actual time=0.015..866.350 rows=2528312 loops=1)
Planning time: 1.236 ms
Execution time: 30716.025 ms
