Seq Scan on movie_companies mc  (cost=0.00..57926.93 rows=397900 width=0) (actual time=0.030..866.402 rows=571531 loops=1)
  Filter: ((company_id < 1803) AND (company_type_id < 2))
  Rows Removed by Filter: 2037598
Planning time: 0.325 ms
Execution time: 943.073 ms
