Hash Join  (cost=88872.62..124608.60 rows=166088 width=0) (actual time=2335.469..3217.386 rows=96104 loops=1)
  Hash Cond: (mi_idx.movie_id = t.id)
  ->  Seq Scan on movie_info_idx mi_idx  (cost=0.00..25185.44 rows=460978 width=4) (actual time=0.019..451.844 rows=459925 loops=1)
        Filter: (info_type_id = 99)
        Rows Removed by Filter: 920110
  ->  Hash  (cost=73925.90..73925.90 rows=911017 width=4) (actual time=2334.567..2334.567 rows=1014366 loops=1)
        Buckets: 131072  Batches: 16  Memory Usage: 3262kB
        ->  Seq Scan on title t  (cost=0.00..73925.90 rows=911017 width=4) (actual time=0.021..1287.104 rows=1014366 loops=1)
              Filter: ((kind_id > 3) AND (production_year > 2000))
              Rows Removed by Filter: 1513946
Planning time: 0.840 ms
Execution time: 3230.195 ms
