Seq Scan on title t  (cost=0.00..73925.90 rows=636869 width=0) (actual time=0.021..1197.168 rows=604590 loops=1)
  Filter: ((production_year > 1913) AND (kind_id = 1))
  Rows Removed by Filter: 1923722
Planning time: 0.355 ms
Execution time: 1271.981 ms
