Seq Scan on cast_info ci  (cost=0.00..705507.15 rows=4537276 width=0) (actual time=0.023..10198.954 rows=4567063 loops=1)
  Filter: (person_id > 3229113)
  Rows Removed by Filter: 31677281
Planning time: 0.318 ms
Execution time: 10802.230 ms
