Hash Join  (cost=299355.01..1683083.61 rows=29148387 width=0) (actual time=5876.869..37046.692 rows=16416970 loops=1)
  Hash Cond: (ci.movie_id = t.id)
  ->  Seq Scan on cast_info ci  (cost=0.00..705507.15 rows=26735454 width=4) (actual time=60.711..14562.998 rows=26932295 loops=1)
        Filter: (person_id > 917148)
        Rows Removed by Filter: 9312049
  ->  Hash  (cost=254126.86..254126.86 rows=2756732 width=8) (actual time=5814.176..5814.176 rows=645461 loops=1)
        Buckets: 131072  Batches: 64  Memory Usage: 1402kB
        ->  Hash Join  (cost=92883.59..254126.86 rows=2756732 width=8) (actual time=3174.716..5613.873 rows=645461 loops=1)
              Hash Cond: (mk.movie_id = t.id)
              ->  Seq Scan on movie_keyword mk  (cost=0.00..69693.30 rows=4523930 width=4) (actual time=0.019..1354.361 rows=4523930 loops=1)
              ->  Hash  (cost=67604.59..67604.59 rows=1540800 width=4) (actual time=1521.266..1521.266 rows=1543264 loops=1)
                    Buckets: 131072  Batches: 32  Memory Usage: 2728kB
                    ->  Seq Scan on title t  (cost=0.00..67604.59 rows=1540800 width=4) (actual time=0.024..1022.231 rows=1543264 loops=1)
                          Filter: (kind_id = 7)
                          Rows Removed by Filter: 985048
Planning time: 0.885 ms
Execution time: 38816.532 ms
