Hash Join  (cost=102767.86..199252.52 rows=1191860 width=0) (actual time=1996.149..4179.225 rows=1272480 loops=1)
  Hash Cond: (mc.movie_id = t.id)
  ->  Seq Scan on movie_companies mc  (cost=0.00..57926.93 rows=1191860 width=4) (actual time=280.525..1125.135 rows=1272480 loops=1)
        Filter: ((company_id > 137) AND (company_type_id = 2))
        Rows Removed by Filter: 1336649
  ->  Hash  (cost=61283.27..61283.27 rows=2528527 width=4) (actual time=1714.361..1714.361 rows=2528312 loops=1)
        Buckets: 131072  Batches: 64  Memory Usage: 2415kB
        ->  Seq Scan on title t  (cost=0.00..61283.27 rows=2528527 width=4) (actual time=0.014..894.897 rows=2528312 loops=1)
Planning time: 0.724 ms
Execution time: 4318.074 ms
