Seq Scan on title t  (cost=0.00..73925.90 rows=1730850 width=0) (actual time=0.026..1166.685 rows=1799904 loops=1)
  Filter: ((kind_id > 1) AND (production_year > 1927))
  Rows Removed by Filter: 728408
Planning time: 0.304 ms
Execution time: 1399.277 ms
