Seq Scan on movie_keyword mk  (cost=0.00..81003.12 rows=246 width=0) (actual time=4.218..1214.596 rows=247 loops=1)
  Filter: (keyword_id = 14873)
  Rows Removed by Filter: 4523683
Planning time: 0.336 ms
Execution time: 1214.820 ms
