Hash Join  (cost=78439.73..566360.02 rows=1209340 width=0) (actual time=1176.677..11977.563 rows=510270 loops=1)
  Hash Cond: (mi.movie_id = t.id)
  ->  Seq Scan on movie_info mi  (cost=0.00..346232.03 rows=11115165 width=4) (actual time=0.025..5936.865 rows=11210743 loops=1)
        Filter: (info_type_id > 3)
        Rows Removed by Filter: 3624977
  ->  Hash  (cost=73925.90..73925.90 rows=275106 width=4) (actual time=1175.654..1175.654 rows=279471 loops=1)
        Buckets: 131072  Batches: 4  Memory Usage: 3503kB
        ->  Seq Scan on title t  (cost=0.00..73925.90 rows=275106 width=4) (actual time=0.017..1078.012 rows=279471 loops=1)
              Filter: ((kind_id > 2) AND (production_year > 2010))
              Rows Removed by Filter: 2248841
Planning time: 0.741 ms
Execution time: 12035.168 ms
