Hash Join  (cost=87053.47..453469.59 rows=366493 width=0) (actual time=3050.561..7864.418 rows=871220 loops=1)
  Hash Cond: (mi.movie_id = t.id)
  ->  Seq Scan on movie_info mi  (cost=0.00..346232.03 rows=1158179 width=4) (actual time=1665.968..5612.355 rows=1204709 loops=1)
        Filter: (info_type_id > 18)
        Rows Removed by Filter: 13631011
  ->  Hash  (cost=73925.90..73925.90 rows=800125 width=4) (actual time=1339.649..1339.649 rows=713741 loops=1)
        Buckets: 131072  Batches: 16  Memory Usage: 2601kB
        ->  Seq Scan on title t  (cost=0.00..73925.90 rows=800125 width=4) (actual time=0.031..1102.252 rows=713741 loops=1)
              Filter: ((kind_id < 7) AND (production_year > 1972))
              Rows Removed by Filter: 1814571
Planning time: 0.765 ms
Execution time: 7967.984 ms
