Seq Scan on movie_companies mc  (cost=0.00..51404.11 rows=104 width=0) (actual time=35.055..801.975 rows=617 loops=1)
  Filter: (company_id = 2346)
  Rows Removed by Filter: 2608512
Planning time: 0.257 ms
Execution time: 802.216 ms
