Hash Join  (cost=190230.21..332626.86 rows=1795794 width=0) (actual time=4112.999..9028.136 rows=7646787 loops=1)
  Hash Cond: (mk.movie_id = t.id)
  ->  Seq Scan on movie_keyword mk  (cost=0.00..81003.12 rows=3290288 width=4) (actual time=0.016..1608.526 rows=3277695 loops=1)
        Filter: (keyword_id < 14503)
        Rows Removed by Filter: 1246235
  ->  Hash  (cost=167588.78..167588.78 rows=1380035 width=8) (actual time=4111.479..4111.479 rows=1380035 loops=1)
        Buckets: 131072  Batches: 32  Memory Usage: 2726kB
        ->  Hash Join  (cost=102767.86..167588.78 rows=1380035 width=8) (actual time=1822.529..3719.471 rows=1380035 loops=1)
              Hash Cond: (mi_idx.movie_id = t.id)
              ->  Seq Scan on movie_info_idx mi_idx  (cost=0.00..21735.35 rows=1380035 width=4) (actual time=0.021..447.177 rows=1380035 loops=1)
              ->  Hash  (cost=61283.27..61283.27 rows=2528527 width=4) (actual time=1820.847..1820.847 rows=2528312 loops=1)
                    Buckets: 131072  Batches: 64  Memory Usage: 2415kB
                    ->  Seq Scan on title t  (cost=0.00..61283.27 rows=2528527 width=4) (actual time=0.013..1009.131 rows=2528312 loops=1)
Planning time: 0.749 ms
Execution time: 9848.620 ms
