Hash Join  (cost=136320.65..887810.96 rows=70115 width=0) (actual time=11480.618..16859.831 rows=1 loops=1)
  Hash Cond: (ci.movie_id = t.id)
  ->  Seq Scan on cast_info ci  (cost=0.00..614943.12 rows=36225612 width=4) (actual time=0.026..7975.666 rows=36244344 loops=1)
  ->  Hash  (cost=136259.47..136259.47 rows=4894 width=8) (actual time=2036.966..2036.966 rows=1 loops=1)
        Buckets: 8192  Batches: 1  Memory Usage: 65kB
        ->  Hash Join  (cost=74063.35..136259.47 rows=4894 width=8) (actual time=2011.728..2036.918 rows=1 loops=1)
              Hash Cond: (mc.movie_id = t.id)
              ->  Seq Scan on movie_companies mc  (cost=0.00..57926.93 rows=1125398 width=4) (actual time=0.034..1032.154 rows=929396 loops=1)
                    Filter: ((company_id < 81600) AND (company_type_id > 1))
                    Rows Removed by Filter: 1679733
              ->  Hash  (cost=73925.90..73925.90 rows=10996 width=4) (actual time=873.239..873.239 rows=2 loops=1)
                    Buckets: 16384  Batches: 1  Memory Usage: 129kB
                    ->  Seq Scan on title t  (cost=0.00..73925.90 rows=10996 width=4) (actual time=291.398..873.220 rows=2 loops=1)
                          Filter: ((production_year < 1960) AND (kind_id = 4))
                          Rows Removed by Filter: 2528310
Planning time: 1.164 ms
Execution time: 16859.972 ms
