Hash Join  (cost=69460.45..889122.64 rows=423541 width=0) (actual time=7485.401..18263.959 rows=505028 loops=1)
  Hash Cond: (ci.movie_id = t.id)
  ->  Seq Scan on cast_info ci  (cost=0.00..705507.15 rows=9468168 width=4) (actual time=6332.050..13069.178 rows=9384703 loops=1)
        Filter: (role_id > 4)
        Rows Removed by Filter: 26859641
  ->  Hash  (cost=67604.59..67604.59 rows=113109 width=4) (actual time=1152.207..1152.207 rows=119565 loops=1)
        Buckets: 131072  Batches: 2  Memory Usage: 3115kB
        ->  Seq Scan on title t  (cost=0.00..67604.59 rows=113109 width=4) (actual time=0.033..1106.085 rows=119565 loops=1)
              Filter: (production_year = 2007)
              Rows Removed by Filter: 2408747
Planning time: 1.270 ms
Execution time: 18331.461 ms
