Hash Join  (cost=269500.95..888696.22 rows=11336743 width=0) (actual time=6873.258..50503.336 rows=135689291 loops=1)
  Hash Cond: (mi.movie_id = t.id)
  ->  Seq Scan on movie_info mi  (cost=0.00..309384.22 rows=14739122 width=4) (actual time=0.014..5277.075 rows=14835720 loops=1)
  ->  Hash  (cost=237592.43..237592.43 rows=1944842 width=8) (actual time=6872.167..6872.167 rows=2450938 loops=1)
        Buckets: 131072 (originally 131072)  Batches: 64 (originally 32)  Memory Usage: 4015kB
        ->  Hash Join  (cost=89762.59..237592.43 rows=1944842 width=8) (actual time=1527.394..6187.009 rows=2450938 loops=1)
              Hash Cond: (mk.movie_id = t.id)
              ->  Seq Scan on movie_keyword mk  (cost=0.00..81003.12 rows=3641145 width=4) (actual time=0.019..1687.812 rows=3632196 loops=1)
                    Filter: (keyword_id > 843)
                    Rows Removed by Filter: 891734
              ->  Hash  (cost=67604.59..67604.59 rows=1350560 width=4) (actual time=1526.014..1526.014 rows=1348293 loops=1)
                    Buckets: 131072  Batches: 32  Memory Usage: 2513kB
                    ->  Seq Scan on title t  (cost=0.00..67604.59 rows=1350560 width=4) (actual time=0.025..1078.526 rows=1348293 loops=1)
                          Filter: (production_year < 2005)
                          Rows Removed by Filter: 1180019
Planning time: 3.324 ms
Execution time: 64852.497 ms
