Seq Scan on title t  (cost=0.00..73925.90 rows=565203 width=0) (actual time=0.023..1178.528 rows=641785 loops=1)
  Filter: ((kind_id < 7) AND (production_year < 2006))
  Rows Removed by Filter: 1886527
Planning time: 0.348 ms
Execution time: 1268.329 ms
