Seq Scan on movie_companies mc  (cost=0.00..57926.93 rows=356838 width=0) (actual time=385.582..905.698 rows=509588 loops=1)
  Filter: ((company_id < 1402) AND (company_type_id = 1))
  Rows Removed by Filter: 2099541
Planning time: 0.427 ms
Execution time: 968.759 ms
