Hash Join  (cost=957088.01..4460683.33 rows=187527691 width=0) (actual time=22262.981..156155.896 rows=420378491 loops=1)
  Hash Cond: (ci.movie_id = t.id)
  ->  Seq Scan on cast_info ci  (cost=0.00..614943.12 rows=36225612 width=4) (actual time=0.013..12730.522 rows=36244344 loops=1)
  ->  Hash  (cost=742340.44..742340.44 rows=13089326 width=8) (actual time=22261.428..22261.428 rows=12357365 loops=1)
        Buckets: 131072  Batches: 256  Memory Usage: 2866kB
        ->  Hash Join  (cost=104445.35..742340.44 rows=13089326 width=8) (actual time=1954.677..18632.583 rows=12357365 loops=1)
              Hash Cond: (mi.movie_id = t.id)
              ->  Seq Scan on movie_info mi  (cost=0.00..309384.22 rows=14739122 width=4) (actual time=0.010..5474.180 rows=14835720 loops=1)
              ->  Hash  (cost=67604.59..67604.59 rows=2245501 width=4) (actual time=1953.368..1953.368 rows=2235103 loops=1)
                    Buckets: 131072  Batches: 32  Memory Usage: 3492kB
                    ->  Seq Scan on title t  (cost=0.00..67604.59 rows=2245501 width=4) (actual time=0.025..1236.715 rows=2235103 loops=1)
                          Filter: (production_year > 1957)
                          Rows Removed by Filter: 293209
Planning time: 1.237 ms
Execution time: 200232.828 ms
