Hash Join  (cost=73962.22..100881.62 rows=530 width=0) (actual time=986.013..1494.738 rows=3035 loops=1)
  Hash Cond: (mi_idx.movie_id = t.id)
  ->  Seq Scan on movie_info_idx mi_idx  (cost=0.00..25185.44 rows=460978 width=4) (actual time=0.027..414.329 rows=459925 loops=1)
        Filter: (info_type_id = 99)
        Rows Removed by Filter: 920110
  ->  Hash  (cost=73925.90..73925.90 rows=2905 width=4) (actual time=985.354..985.354 rows=7329 loops=1)
        Buckets: 8192 (originally 4096)  Batches: 1 (originally 1)  Memory Usage: 322kB
        ->  Seq Scan on title t  (cost=0.00..73925.90 rows=2905 width=4) (actual time=0.044..981.703 rows=7329 loops=1)
              Filter: ((kind_id < 7) AND (production_year = 1984))
              Rows Removed by Filter: 2520983
Planning time: 0.803 ms
Execution time: 1495.551 ms
