Hash Join  (cost=157398.43..677057.77 rows=3735040 width=0) (actual time=3900.880..18423.630 rows=3953926 loops=1)
  Hash Cond: (mi.movie_id = t.id)
  ->  Seq Scan on movie_info mi  (cost=0.00..309384.22 rows=14739122 width=4) (actual time=0.018..5281.954 rows=14835720 loops=1)
  ->  Hash  (cost=146886.01..146886.01 rows=640754 width=8) (actual time=3899.923..3899.923 rows=424718 loops=1)
        Buckets: 131072  Batches: 16  Memory Usage: 2073kB
        ->  Hash Join  (cost=96651.52..146886.01 rows=640754 width=8) (actual time=2394.815..3772.787 rows=424718 loops=1)
              Hash Cond: (mi_idx.movie_id = t.id)
              ->  Seq Scan on movie_info_idx mi_idx  (cost=0.00..25185.44 rows=915101 width=4) (actual time=0.027..494.446 rows=919850 loops=1)
                    Filter: (info_type_id < 101)
                    Rows Removed by Filter: 460185
              ->  Hash  (cost=67604.59..67604.59 rows=1770475 width=4) (actual time=2393.504..2393.504 rows=1774635 loops=1)
                    Buckets: 131072  Batches: 32  Memory Usage: 2978kB
                    ->  Seq Scan on title t  (cost=0.00..67604.59 rows=1770475 width=4) (actual time=0.021..1112.105 rows=1774635 loops=1)
                          Filter: (kind_id > 2)
                          Rows Removed by Filter: 753677
Planning time: 1.136 ms
Execution time: 18907.783 ms
