Hash Join  (cost=122535.74..928470.66 rows=7919 width=0) (actual time=7086.650..13665.748 rows=38 loops=1)
  Hash Cond: (ci.movie_id = t.id)
  ->  Seq Scan on cast_info ci  (cost=0.00..796071.18 rows=2609215 width=4) (actual time=4754.486..11595.246 rows=2230 loops=1)
        Filter: ((person_id < 1275251) AND (role_id = 2))
        Rows Removed by Filter: 36242114
  ->  Hash  (cost=122439.81..122439.81 rows=7674 width=8) (actual time=2068.732..2068.732 rows=19485 loops=1)
        Buckets: 32768 (originally 8192)  Batches: 1 (originally 1)  Memory Usage: 1018kB
        ->  Hash Join  (cost=67697.55..122439.81 rows=7674 width=8) (actual time=909.721..2060.626 rows=19485 loops=1)
              Hash Cond: (mc.movie_id = t.id)
              ->  Seq Scan on movie_companies mc  (cost=0.00..44881.29 rows=2609129 width=4) (actual time=0.027..555.474 rows=2609129 loops=1)
              ->  Hash  (cost=67604.59..67604.59 rows=7437 width=4) (actual time=909.533..909.533 rows=14770 loops=1)
                    Buckets: 16384 (originally 8192)  Batches: 1 (originally 1)  Memory Usage: 648kB
                    ->  Seq Scan on title t  (cost=0.00..67604.59 rows=7437 width=4) (actual time=0.080..902.754 rows=14770 loops=1)
                          Filter: (production_year = 1982)
                          Rows Removed by Filter: 2513542
Planning time: 1.277 ms
Execution time: 13666.115 ms
