Hash Join  (cost=135528.75..887408.04 rows=109012 width=0) (actual time=2143.930..16624.285 rows=103834 loops=1)
  Hash Cond: (ci.movie_id = t.id)
  ->  Seq Scan on cast_info ci  (cost=0.00..614943.12 rows=36225612 width=4) (actual time=0.023..7223.153 rows=36244344 loops=1)
  ->  Hash  (cost=135433.64..135433.64 rows=7609 width=8) (actual time=2143.642..2143.642 rows=3998 loops=1)
        Buckets: 8192  Batches: 1  Memory Usage: 221kB
        ->  Hash Join  (cost=74205.53..135433.64 rows=7609 width=8) (actual time=1031.358..2141.708 rows=3998 loops=1)
              Hash Cond: (mc.movie_id = t.id)
              ->  Seq Scan on movie_companies mc  (cost=0.00..57926.93 rows=860023 width=4) (actual time=0.384..983.736 rows=542784 loops=1)
                    Filter: ((company_id < 19529) AND (company_type_id = 2))
                    Rows Removed by Filter: 2066345
              ->  Hash  (cost=73925.90..73925.90 rows=22370 width=4) (actual time=1030.796..1030.796 rows=22427 loops=1)
                    Buckets: 32768  Batches: 1  Memory Usage: 1045kB
                    ->  Seq Scan on title t  (cost=0.00..73925.90 rows=22370 width=4) (actual time=0.050..1021.319 rows=22427 loops=1)
                          Filter: ((kind_id < 4) AND (production_year = 2013))
                          Rows Removed by Filter: 2505885
Planning time: 1.257 ms
Execution time: 16643.450 ms
