Seq Scan on movie_companies mc  (cost=0.00..57926.93 rows=845701 width=0) (actual time=0.025..852.371 rows=1055635 loops=1)
  Filter: ((company_id > 3686) AND (company_type_id > 1))
  Rows Removed by Filter: 1553494
Planning time: 0.337 ms
Execution time: 976.057 ms
