Seq Scan on cast_info ci  (cost=0.00..796071.18 rows=15812570 width=0) (actual time=3173.640..15376.635 rows=15219194 loops=1)
  Filter: ((person_id < 3888651) AND (role_id > 2))
  Rows Removed by Filter: 21025150
Planning time: 0.368 ms
Execution time: 17256.395 ms
