Hash Join  (cost=143772.54..222783.05 rows=287299 width=0) (actual time=2854.851..4808.941 rows=369638 loops=1)
  Hash Cond: (mc.movie_id = t.id)
  ->  Seq Scan on movie_companies mc  (cost=0.00..44881.29 rows=2609129 width=4) (actual time=0.025..796.960 rows=2609129 loops=1)
  ->  Hash  (cost=139204.24..139204.24 rows=278424 width=8) (actual time=2854.103..2854.103 rows=175257 loops=1)
        Buckets: 131072  Batches: 4  Memory Usage: 2730kB
        ->  Hash Join  (cost=99359.94..139204.24 rows=278424 width=8) (actual time=1806.683..2800.980 rows=175257 loops=1)
              Hash Cond: (mi_idx.movie_id = t.id)
              ->  Seq Scan on movie_info_idx mi_idx  (cost=0.00..25185.44 rows=454124 width=4) (actual time=0.022..457.813 rows=459925 loops=1)
                    Filter: (info_type_id = 100)
                    Rows Removed by Filter: 920110
              ->  Hash  (cost=73925.90..73925.90 rows=1550243 width=4) (actual time=1804.531..1804.531 rows=1608791 loops=1)
                    Buckets: 131072  Batches: 32  Memory Usage: 2797kB
                    ->  Seq Scan on title t  (cost=0.00..73925.90 rows=1550243 width=4) (actual time=0.023..1292.680 rows=1608791 loops=1)
                          Filter: ((kind_id > 3) AND (production_year > 1928))
                          Rows Removed by Filter: 919521
Planning time: 1.246 ms
Execution time: 4856.021 ms
