Hash Join  (cost=122535.74..951731.30 rows=26593 width=0) (actual time=5523.902..18845.014 rows=214306 loops=1)
  Hash Cond: (ci.movie_id = t.id)
  ->  Seq Scan on cast_info ci  (cost=0.00..796071.18 rows=8762254 width=4) (actual time=3498.962..14230.479 rows=12670688 loops=1)
        Filter: ((person_id < 2573213) AND (role_id = 1))
        Rows Removed by Filter: 23573656
  ->  Hash  (cost=122439.81..122439.81 rows=7674 width=8) (actual time=2024.529..2024.529 rows=19485 loops=1)
        Buckets: 32768 (originally 8192)  Batches: 1 (originally 1)  Memory Usage: 1018kB
        ->  Hash Join  (cost=67697.55..122439.81 rows=7674 width=8) (actual time=887.868..2016.832 rows=19485 loops=1)
              Hash Cond: (mc.movie_id = t.id)
              ->  Seq Scan on movie_companies mc  (cost=0.00..44881.29 rows=2609129 width=4) (actual time=0.027..535.274 rows=2609129 loops=1)
              ->  Hash  (cost=67604.59..67604.59 rows=7437 width=4) (actual time=887.752..887.752 rows=14770 loops=1)
                    Buckets: 16384 (originally 8192)  Batches: 1 (originally 1)  Memory Usage: 648kB
                    ->  Seq Scan on title t  (cost=0.00..67604.59 rows=7437 width=4) (actual time=0.057..881.357 rows=14770 loops=1)
                          Filter: (production_year = 1982)
                          Rows Removed by Filter: 2513542
Planning time: 1.270 ms
Execution time: 18875.632 ms
