Seq Scan on cast_info ci  (cost=0.00..705507.15 rows=500 width=0) (actual time=1348.604..9360.261 rows=97 loops=1)
  Filter: (person_id = 3540243)
  Rows Removed by Filter: 36244247
Planning time: 0.382 ms
Execution time: 9360.346 ms
