Seq Scan on movie_keyword mk  (cost=0.00..81003.12 rows=3314793 width=0) (actual time=0.020..1455.218 rows=3305250 loops=1)
  Filter: (keyword_id < 14972)
  Rows Removed by Filter: 1218680
Planning time: 0.338 ms
Execution time: 1878.293 ms
