Seq Scan on movie_keyword mk  (cost=0.00..81003.12 rows=2674923 width=0) (actual time=0.020..1598.448 rows=2668927 loops=1)
  Filter: (keyword_id < 7462)
  Rows Removed by Filter: 1855003
Planning time: 0.305 ms
Execution time: 1942.767 ms
