Seq Scan on cast_info ci  (cost=0.00..705507.15 rows=6516436 width=0) (actual time=1722.668..11168.667 rows=6429241 loops=1)
  Filter: (person_id < 620748)
  Rows Removed by Filter: 29815103
Planning time: 0.326 ms
Execution time: 11970.596 ms
