Hash Join  (cost=115573.05..480300.91 rows=7194 width=0) (actual time=1450.504..8944.698 rows=244407 loops=1)
  Hash Cond: (mi.movie_id = t.id)
  ->  Seq Scan on movie_info mi  (cost=0.00..309384.22 rows=14739122 width=4) (actual time=0.013..4491.924 rows=14835720 loops=1)
  ->  Hash  (cost=115557.62..115557.62 rows=1234 width=8) (actual time=1409.787..1409.787 rows=3142 loops=1)
        Buckets: 4096 (originally 2048)  Batches: 1 (originally 1)  Memory Usage: 155kB
        ->  Nested Loop  (cost=0.43..115557.62 rows=1234 width=8) (actual time=0.527..1407.683 rows=3142 loops=1)
              ->  Seq Scan on movie_keyword mk  (cost=0.00..81003.12 rows=4675 width=4) (actual time=0.474..1274.167 rows=4400 loops=1)
                    Filter: (keyword_id = 7637)
                    Rows Removed by Filter: 4519530
              ->  Index Scan using title_pkey on title t  (cost=0.43..7.38 rows=1 width=4) (actual time=0.029..0.030 rows=1 loops=4400)
                    Index Cond: (id = mk.movie_id)
                    Filter: (kind_id = 1)
                    Rows Removed by Filter: 0
Planning time: 1.096 ms
Execution time: 8979.326 ms
