Seq Scan on movie_companies mc  (cost=0.00..51404.11 rows=104 width=0) (actual time=289.128..866.019 rows=16 loops=1)
  Filter: (company_id = 16766)
  Rows Removed by Filter: 2609113
Planning time: 0.350 ms
Execution time: 866.105 ms
