Seq Scan on movie_keyword mk  (cost=0.00..81003.12 rows=123521 width=0) (actual time=16.991..1343.610 rows=120432 loops=1)
  Filter: (keyword_id > 77970)
  Rows Removed by Filter: 4403498
Planning time: 0.303 ms
Execution time: 1359.959 ms
