Seq Scan on cast_info ci  (cost=0.00..705507.15 rows=500 width=0) (actual time=10463.065..11031.502 rows=1 loops=1)
  Filter: (person_id = 1689938)
  Rows Removed by Filter: 36244343
Planning time: 0.331 ms
Execution time: 11031.571 ms
