Seq Scan on movie_keyword mk  (cost=0.00..81003.12 rows=246 width=0) (actual time=2.136..1284.509 rows=923 loops=1)
  Filter: (keyword_id = 8654)
  Rows Removed by Filter: 4523007
Planning time: 2.138 ms
Execution time: 1284.937 ms
