Hash Join  (cost=190230.21..310373.73 rows=1082187 width=0) (actual time=4559.211..8814.157 rows=4590215 loops=1)
  Hash Cond: (mk.movie_id = t.id)
  ->  Seq Scan on movie_keyword mk  (cost=0.00..81003.12 rows=1982805 width=4) (actual time=0.020..1654.415 rows=1988234 loops=1)
        Filter: (keyword_id > 6314)
        Rows Removed by Filter: 2535696
  ->  Hash  (cost=167588.78..167588.78 rows=1380035 width=8) (actual time=4557.857..4557.857 rows=1380035 loops=1)
        Buckets: 131072  Batches: 32  Memory Usage: 2726kB
        ->  Hash Join  (cost=102767.86..167588.78 rows=1380035 width=8) (actual time=2199.459..4160.284 rows=1380035 loops=1)
              Hash Cond: (mi_idx.movie_id = t.id)
              ->  Seq Scan on movie_info_idx mi_idx  (cost=0.00..21735.35 rows=1380035 width=4) (actual time=0.023..482.569 rows=1380035 loops=1)
              ->  Hash  (cost=61283.27..61283.27 rows=2528527 width=4) (actual time=2197.739..2197.739 rows=2528312 loops=1)
                    Buckets: 131072  Batches: 64  Memory Usage: 2415kB
                    ->  Seq Scan on title t  (cost=0.00..61283.27 rows=2528527 width=4) (actual time=0.023..1069.929 rows=2528312 loops=1)
Planning time: 1.161 ms
Execution time: 9333.185 ms
