Hash Join  (cost=102767.86..949630.83 rows=1700295 width=0) (actual time=1975.195..16664.300 rows=1178636 loops=1)
  Hash Cond: (ci.movie_id = t.id)
  ->  Seq Scan on cast_info ci  (cost=0.00..796071.18 rows=1700295 width=4) (actual time=0.024..13405.052 rows=1178636 loops=1)
        Filter: ((person_id < 1505238) AND (role_id = 3))
        Rows Removed by Filter: 35065708
  ->  Hash  (cost=61283.27..61283.27 rows=2528527 width=4) (actual time=1973.353..1973.353 rows=2528312 loops=1)
        Buckets: 131072  Batches: 64  Memory Usage: 2415kB
        ->  Seq Scan on title t  (cost=0.00..61283.27 rows=2528527 width=4) (actual time=0.015..1110.094 rows=2528312 loops=1)
Planning time: 0.637 ms
Execution time: 16801.273 ms
