Hash Join  (cost=445437.15..1288813.22 rows=693037 width=0) (actual time=14390.419..28132.353 rows=471324 loops=1)
  Hash Cond: (ci.movie_id = t.id)
  ->  Seq Scan on cast_info ci  (cost=0.00..705507.15 rows=7298253 width=4) (actual time=4478.538..13923.277 rows=7451973 loops=1)
        Filter: (role_id = 2)
        Rows Removed by Filter: 28792371
  ->  Hash  (cost=441497.80..441497.80 rows=240108 width=8) (actual time=9910.640..9910.640 rows=103678 loops=1)
        Buckets: 131072  Batches: 4  Memory Usage: 2060kB
        ->  Hash Join  (cost=74440.79..441497.80 rows=240108 width=8) (actual time=1469.477..9867.101 rows=103678 loops=1)
              Hash Cond: (mi.movie_id = t.id)
              ->  Seq Scan on movie_info mi  (cost=0.00..309384.22 rows=14739122 width=4) (actual time=0.020..4597.440 rows=14835720 loops=1)
              ->  Hash  (cost=73925.90..73925.90 rows=41191 width=4) (actual time=1248.789..1248.789 rows=43851 loops=1)
                    Buckets: 65536  Batches: 1  Memory Usage: 2054kB
                    ->  Seq Scan on title t  (cost=0.00..73925.90 rows=41191 width=4) (actual time=59.704..1230.448 rows=43851 loops=1)
                          Filter: ((kind_id = 7) AND (production_year = 2003))
                          Rows Removed by Filter: 2484461
Planning time: 1.170 ms
Execution time: 28182.674 ms
