Hash Join  (cost=170847.21..212729.26 rows=244157 width=0) (actual time=4731.750..5429.134 rows=429384 loops=1)
  Hash Cond: (mi_idx.movie_id = t.id)
  ->  Seq Scan on movie_info_idx mi_idx  (cost=0.00..21735.35 rows=1380035 width=4) (actual time=0.028..489.232 rows=1380035 loops=1)
  ->  Hash  (cost=163507.35..163507.35 rows=447349 width=8) (actual time=4208.430..4208.430 rows=276839 loops=1)
        Buckets: 131072  Batches: 8  Memory Usage: 2356kB
        ->  Hash Join  (cost=90991.69..163507.35 rows=447349 width=8) (actual time=1715.419..4125.924 rows=276839 loops=1)
              Hash Cond: (mc.movie_id = t.id)
              ->  Seq Scan on movie_companies mc  (cost=0.00..51404.11 rows=1087480 width=4) (actual time=0.016..923.940 rows=1081882 loops=1)
                    Filter: (company_id < 6941)
                    Rows Removed by Filter: 1527247
              ->  Hash  (cost=73925.90..73925.90 rows=1040143 width=4) (actual time=1714.480..1714.480 rows=1134228 loops=1)
                    Buckets: 131072  Batches: 16  Memory Usage: 3525kB
                    ->  Seq Scan on title t  (cost=0.00..73925.90 rows=1040143 width=4) (actual time=287.383..1357.236 rows=1134228 loops=1)
                          Filter: ((production_year > 1992) AND (kind_id = 7))
                          Rows Removed by Filter: 1394084
Planning time: 14.778 ms
Execution time: 5486.237 ms
