Seq Scan on movie_companies mc  (cost=0.00..51404.11 rows=230675 width=0) (actual time=517.606..817.424 rows=232222 loops=1)
  Filter: (company_id > 104876)
  Rows Removed by Filter: 2376907
Planning time: 2.414 ms
Execution time: 847.019 ms
