Seq Scan on cast_info ci  (cost=0.00..796071.18 rows=17061385 width=0) (actual time=1453.212..16986.177 rows=20122661 loops=1)
  Filter: ((person_id < 3112723) AND (role_id < 3))
  Rows Removed by Filter: 16121683
Planning time: 0.256 ms
Execution time: 19405.080 ms
