Hash Join  (cost=133304.41..1217267.62 rows=4882801 width=0) (actual time=2633.695..33547.495 rows=5518215 loops=1)
  Hash Cond: (ci.movie_id = t.id)
  ->  Seq Scan on cast_info ci  (cost=0.00..614943.12 rows=36225612 width=4) (actual time=0.019..13672.871 rows=36244344 loops=1)
  ->  Hash  (cost=127712.19..127712.19 rows=340817 width=8) (actual time=2632.920..2632.920 rows=187647 loops=1)
        Buckets: 131072  Batches: 8  Memory Usage: 1949kB
        ->  Hash Join  (cost=84171.54..127712.19 rows=340817 width=8) (actual time=1668.835..2580.115 rows=187647 loops=1)
              Hash Cond: (mi_idx.movie_id = t.id)
              ->  Seq Scan on movie_info_idx mi_idx  (cost=0.00..21735.35 rows=1380035 width=4) (actual time=0.012..432.152 rows=1380035 loops=1)
              ->  Hash  (cost=73925.90..73925.90 rows=624451 width=4) (actual time=1429.425..1429.425 rows=521141 loops=1)
                    Buckets: 131072  Batches: 16  Memory Usage: 2168kB
                    ->  Seq Scan on title t  (cost=0.00..73925.90 rows=624451 width=4) (actual time=278.254..1264.273 rows=521141 loops=1)
                          Filter: ((production_year < 2000) AND (kind_id = 7))
                          Rows Removed by Filter: 2007171
Planning time: 0.770 ms
Execution time: 34224.477 ms
