Hash Join  (cost=117998.92..604041.72 rows=584488 width=0) (actual time=2523.055..15385.743 rows=4268548 loops=1)
  Hash Cond: (mi.movie_id = t.id)
  ->  Seq Scan on movie_info mi  (cost=0.00..309384.22 rows=14739122 width=4) (actual time=0.020..5929.971 rows=14835720 loops=1)
  ->  Hash  (cost=116353.55..116353.55 rows=100270 width=8) (actual time=2522.202..2522.202 rows=223694 loops=1)
        Buckets: 131072 (originally 131072)  Batches: 4 (originally 2)  Memory Usage: 3228kB
        ->  Hash Join  (cost=76940.37..116353.55 rows=100270 width=8) (actual time=1369.107..2452.347 rows=223694 loops=1)
              Hash Cond: (mi_idx.movie_id = t.id)
              ->  Seq Scan on movie_info_idx mi_idx  (cost=0.00..21735.35 rows=1380035 width=4) (actual time=0.025..451.048 rows=1380035 loops=1)
              ->  Hash  (cost=73925.90..73925.90 rows=183717 width=4) (actual time=1367.914..1367.914 rows=288223 loops=1)
                    Buckets: 131072  Batches: 4  Memory Usage: 3562kB
                    ->  Seq Scan on title t  (cost=0.00..73925.90 rows=183717 width=4) (actual time=0.026..1266.549 rows=288223 loops=1)
                          Filter: ((kind_id < 7) AND (production_year < 1977))
                          Rows Removed by Filter: 2240089
Planning time: 1.112 ms
Execution time: 15845.389 ms
