Hash Join  (cost=83810.17..153257.20 rows=193425 width=0) (actual time=1525.637..3613.898 rows=615449 loops=1)
  Hash Cond: (mc.movie_id = t.id)
  ->  Seq Scan on movie_companies mc  (cost=0.00..57926.93 rows=495157 width=4) (actual time=0.027..1086.427 rows=812126 loops=1)
        Filter: ((company_id > 17292) AND (company_type_id > 1))
        Rows Removed by Filter: 1797003
  ->  Hash  (cost=67604.59..67604.59 rows=987727 width=4) (actual time=1524.738..1524.738 rows=985048 loops=1)
        Buckets: 131072  Batches: 16  Memory Usage: 3188kB
        ->  Seq Scan on title t  (cost=0.00..67604.59 rows=987727 width=4) (actual time=0.026..1228.954 rows=985048 loops=1)
              Filter: (kind_id < 7)
              Rows Removed by Filter: 1543264
Planning time: 0.721 ms
Execution time: 3678.301 ms
