Seq Scan on movie_keyword mk  (cost=0.00..81003.12 rows=246 width=0) (actual time=860.329..1227.127 rows=4 loops=1)
  Filter: (keyword_id = 118465)
  Rows Removed by Filter: 4523926
Planning time: 0.334 ms
Execution time: 1227.210 ms
