Seq Scan on cast_info ci  (cost=0.00..796071.18 rows=960556 width=0) (actual time=3424.231..11837.035 rows=2902756 loops=1)
  Filter: ((person_id > 3517507) AND (role_id > 3))
  Rows Removed by Filter: 33341588
Planning time: 0.338 ms
Execution time: 12202.921 ms
