Hash Join  (cost=274752.59..897630.52 rows=11681910 width=0) (actual time=6355.036..42394.589 rows=97866695 loops=1)
  Hash Cond: (mi.movie_id = t.id)
  ->  Seq Scan on movie_info mi  (cost=0.00..309384.22 rows=14739122 width=4) (actual time=0.025..6197.483 rows=14835720 loops=1)
  ->  Hash  (cost=241872.89..241872.89 rows=2004056 width=8) (actual time=6353.678..6353.678 rows=2008924 loops=1)
        Buckets: 131072  Batches: 32  Memory Usage: 3540kB
        ->  Hash Join  (cost=102767.86..241872.89 rows=2004056 width=8) (actual time=2096.278..5609.987 rows=2008924 loops=1)
              Hash Cond: (mk.movie_id = t.id)
              ->  Seq Scan on movie_keyword mk  (cost=0.00..81003.12 rows=2004056 width=4) (actual time=0.022..1643.881 rows=2008924 loops=1)
                    Filter: (keyword_id < 3576)
                    Rows Removed by Filter: 2515006
              ->  Hash  (cost=61283.27..61283.27 rows=2528527 width=4) (actual time=2095.468..2095.468 rows=2528312 loops=1)
                    Buckets: 131072  Batches: 64  Memory Usage: 2425kB
                    ->  Seq Scan on title t  (cost=0.00..61283.27 rows=2528527 width=4) (actual time=0.022..1226.415 rows=2528312 loops=1)
Planning time: 1.140 ms
Execution time: 53142.492 ms
