Hash Join  (cost=75288.02..199099.51 rows=148445 width=0) (actual time=1182.268..4394.258 rows=646420 loops=1)
  Hash Cond: (mk.movie_id = t.id)
  ->  Seq Scan on movie_keyword mk  (cost=0.00..69693.30 rows=4523930 width=4) (actual time=0.008..1344.936 rows=4523930 loops=1)
  ->  Hash  (cost=73925.90..73925.90 rows=82969 width=4) (actual time=1181.531..1181.531 rows=183816 loops=1)
        Buckets: 131072 (originally 131072)  Batches: 4 (originally 2)  Memory Usage: 3073kB
        ->  Seq Scan on title t  (cost=0.00..73925.90 rows=82969 width=4) (actual time=0.017..1106.657 rows=183816 loops=1)
              Filter: ((kind_id < 7) AND (production_year < 1957))
              Rows Removed by Filter: 2344496
Planning time: 1.764 ms
Execution time: 4476.703 ms
