Seq Scan on cast_info ci  (cost=0.00..705507.15 rows=17945131 width=0) (actual time=3519.983..12565.229 rows=18077511 loops=1)
  Filter: (person_id > 1803772)
  Rows Removed by Filter: 18166833
Planning time: 0.338 ms
Execution time: 14777.664 ms
