Hash Join  (cost=146017.87..631328.92 rows=515913 width=0) (actual time=2761.224..15570.225 rows=5936156 loops=1)
  Hash Cond: (mi.movie_id = t.id)
  ->  Seq Scan on movie_info mi  (cost=0.00..309384.22 rows=14739122 width=4) (actual time=0.013..6251.467 rows=14835720 loops=1)
  ->  Hash  (cost=144565.54..144565.54 rows=88506 width=8) (actual time=2760.454..2760.454 rows=93566 loops=1)
        Buckets: 131072  Batches: 2  Memory Usage: 2832kB
        ->  Hash Join  (cost=76796.18..144565.54 rows=88506 width=8) (actual time=1237.068..2736.753 rows=93566 loops=1)
              Hash Cond: (mc.movie_id = t.id)
              ->  Seq Scan on movie_companies mc  (cost=0.00..51404.11 rows=1279517 width=4) (actual time=0.040..990.773 rows=1274246 loops=1)
                    Filter: (company_type_id = 1)
                    Rows Removed by Filter: 1334883
              ->  Hash  (cost=73925.90..73925.90 rows=174902 width=4) (actual time=1236.228..1236.228 rows=160286 loops=1)
                    Buckets: 131072  Batches: 4  Memory Usage: 2435kB
                    ->  Seq Scan on title t  (cost=0.00..73925.90 rows=174902 width=4) (actual time=499.809..1183.417 rows=160286 loops=1)
                          Filter: ((production_year > 2008) AND (kind_id = 1))
                          Rows Removed by Filter: 2368026
Planning time: 6.498 ms
Execution time: 16281.475 ms
