Hash Join  (cost=169134.34..553284.76 rows=238221 width=0) (actual time=3340.903..13640.615 rows=3274496 loops=1)
  Hash Cond: (mi.movie_id = t.id)
  ->  Seq Scan on movie_info mi  (cost=0.00..346232.03 rows=9476311 width=4) (actual time=0.026..6083.777 rows=9565151 loops=1)
        Filter: (info_type_id < 16)
        Rows Removed by Filter: 5270569
  ->  Hash  (cost=168339.79..168339.79 rows=63564 width=8) (actual time=3340.357..3340.357 rows=112632 loops=1)
        Buckets: 131072 (originally 65536)  Batches: 2 (originally 1)  Memory Usage: 3226kB
        ->  Hash Join  (cost=74545.71..168339.79 rows=63564 width=8) (actual time=1172.142..3298.739 rows=112632 loops=1)
              Hash Cond: (mk.movie_id = t.id)
              ->  Seq Scan on movie_keyword mk  (cost=0.00..81003.12 rows=3241418 width=4) (actual time=0.015..1551.963 rows=3230982 loops=1)
                    Filter: (keyword_id < 13666)
                    Rows Removed by Filter: 1292948
              ->  Hash  (cost=73925.90..73925.90 rows=49584 width=4) (actual time=1171.721..1171.721 rows=38752 loops=1)
                    Buckets: 65536  Batches: 1  Memory Usage: 1875kB
                    ->  Seq Scan on title t  (cost=0.00..73925.90 rows=49584 width=4) (actual time=0.171..1154.800 rows=38752 loops=1)
                          Filter: ((kind_id < 7) AND (production_year = 2008))
                          Rows Removed by Filter: 2489560
Planning time: 1.280 ms
Execution time: 14045.668 ms
