Hash Join  (cost=1383572.53..2795857.80 rows=68398041 width=0) (actual time=22732.180..58550.721 rows=73259493 loops=1)
  Hash Cond: (mi.movie_id = t.id)
  ->  Seq Scan on movie_info mi  (cost=0.00..309384.22 rows=14739122 width=4) (actual time=0.017..6108.342 rows=14835720 loops=1)
  ->  Hash  (cost=1191063.71..1191063.71 rows=11733826 width=8) (actual time=22729.531..22729.531 rows=5283128 loops=1)
        Buckets: 131072  Batches: 256  Memory Usage: 1905kB
        ->  Hash Join  (cost=102767.86..1191063.71 rows=11733826 width=8) (actual time=2222.350..21248.631 rows=5283128 loops=1)
              Hash Cond: (ci.movie_id = t.id)
              ->  Seq Scan on cast_info ci  (cost=0.00..796071.18 rows=11733826 width=4) (actual time=3.773..14098.689 rows=5283128 loops=1)
                    Filter: ((person_id < 1780187) AND (role_id > 1))
                    Rows Removed by Filter: 30961216
              ->  Hash  (cost=61283.27..61283.27 rows=2528527 width=4) (actual time=2105.111..2105.111 rows=2528312 loops=1)
                    Buckets: 131072  Batches: 64  Memory Usage: 2415kB
                    ->  Seq Scan on title t  (cost=0.00..61283.27 rows=2528527 width=4) (actual time=0.016..1256.787 rows=2528312 loops=1)
Planning time: 1.264 ms
Execution time: 66731.506 ms
