Hash Join  (cost=74467.58..874780.93 rows=18540 width=0) (actual time=7021.010..13000.929 rows=31561 loops=1)
  Hash Cond: (ci.movie_id = t.id)
  ->  Seq Scan on cast_info ci  (cost=0.00..796071.18 rows=1081805 width=4) (actual time=5947.479..11392.104 rows=2156062 loops=1)
        Filter: ((person_id < 291101) AND (role_id = 1))
        Rows Removed by Filter: 34088282
  ->  Hash  (cost=73925.90..73925.90 rows=43334 width=4) (actual time=1069.679..1069.679 rows=35836 loops=1)
        Buckets: 65536  Batches: 1  Memory Usage: 1772kB
        ->  Seq Scan on title t  (cost=0.00..73925.90 rows=43334 width=4) (actual time=0.041..1054.754 rows=35836 loops=1)
              Filter: ((kind_id < 4) AND (production_year = 2009))
              Rows Removed by Filter: 2492476
Planning time: 0.775 ms
Execution time: 13008.340 ms
