Seq Scan on cast_info ci  (cost=0.00..796071.18 rows=17849988 width=0) (actual time=6425.703..16282.701 rows=16828089 loops=1)
  Filter: ((person_id > 901248) AND (role_id < 4))
  Rows Removed by Filter: 19416255
Planning time: 0.337 ms
Execution time: 18338.168 ms
