Seq Scan on movie_companies mc  (cost=0.00..57926.93 rows=51 width=0) (actual time=33.325..863.290 rows=226 loops=1)
  Filter: ((company_type_id < 2) AND (company_id = 4419))
  Rows Removed by Filter: 2608903
Planning time: 0.371 ms
Execution time: 863.462 ms
