Hash Join  (cost=156487.41..1067722.61 rows=2777465 width=0) (actual time=3341.777..26455.035 rows=5930743 loops=1)
  Hash Cond: (ci.movie_id = t.id)
  ->  Seq Scan on cast_info ci  (cost=0.00..705507.15 rows=15234774 width=4) (actual time=0.023..13705.641 rows=15110319 loops=1)
        Filter: (person_id < 1490742)
        Rows Removed by Filter: 21134025
  ->  Hash  (cost=148924.19..148924.19 rows=460978 width=8) (actual time=3340.970..3340.970 rows=459925 loops=1)
        Buckets: 131072  Batches: 8  Memory Usage: 3275kB
        ->  Hash Join  (cost=102767.86..148924.19 rows=460978 width=8) (actual time=1938.210..3207.717 rows=459925 loops=1)
              Hash Cond: (mi_idx.movie_id = t.id)
              ->  Seq Scan on movie_info_idx mi_idx  (cost=0.00..25185.44 rows=460978 width=4) (actual time=0.020..495.434 rows=459925 loops=1)
                    Filter: (info_type_id < 100)
                    Rows Removed by Filter: 920110
              ->  Hash  (cost=61283.27..61283.27 rows=2528527 width=4) (actual time=1936.543..1936.543 rows=2528312 loops=1)
                    Buckets: 131072  Batches: 64  Memory Usage: 2415kB
                    ->  Seq Scan on title t  (cost=0.00..61283.27 rows=2528527 width=4) (actual time=0.021..1095.075 rows=2528312 loops=1)
Planning time: 1.227 ms
Execution time: 27176.913 ms
