Hash Join  (cost=217510.36..603715.70 rows=1006650 width=0) (actual time=5151.832..12756.509 rows=4273102 loops=1)
  Hash Cond: (mi.movie_id = t.id)
  ->  Seq Scan on movie_info mi  (cost=0.00..346232.03 rows=2194617 width=4) (actual time=0.013..5079.067 rows=2233850 loops=1)
        Filter: (info_type_id > 16)
        Rows Removed by Filter: 12601870
  ->  Hash  (cost=198481.72..198481.72 rows=1159811 width=8) (actual time=5150.799..5150.799 rows=1265703 loops=1)
        Buckets: 131072 (originally 131072)  Batches: 32 (originally 16)  Memory Usage: 3073kB
        ->  Hash Join  (cost=102767.86..198481.72 rows=1159811 width=8) (actual time=1959.012..4761.755 rows=1265703 loops=1)
              Hash Cond: (mc.movie_id = t.id)
              ->  Seq Scan on movie_companies mc  (cost=0.00..57926.93 rows=1159811 width=4) (actual time=13.561..1343.395 rows=1265703 loops=1)
                    Filter: ((company_id > 161) AND (company_type_id > 1))
                    Rows Removed by Filter: 1343426
              ->  Hash  (cost=61283.27..61283.27 rows=2528527 width=4) (actual time=1943.765..1943.765 rows=2528312 loops=1)
                    Buckets: 131072  Batches: 64  Memory Usage: 2415kB
                    ->  Seq Scan on title t  (cost=0.00..61283.27 rows=2528527 width=4) (actual time=0.020..1094.838 rows=2528312 loops=1)
Planning time: 1.182 ms
Execution time: 13278.759 ms
