Hash Join  (cost=262725.29..867118.45 rows=9949533 width=0) (actual time=5730.501..40287.145 rows=93163444 loops=1)
  Hash Cond: (mi.movie_id = t.id)
  ->  Seq Scan on movie_info mi  (cost=0.00..309384.22 rows=14739122 width=4) (actual time=0.024..6233.131 rows=14835720 loops=1)
  ->  Hash  (cost=234721.51..234721.51 rows=1706863 width=8) (actual time=5729.005..5729.005 rows=1713487 loops=1)
        Buckets: 131072  Batches: 32  Memory Usage: 3184kB
        ->  Hash Join  (cost=102767.86..234721.51 rows=1706863 width=8) (actual time=1930.363..5222.465 rows=1713487 loops=1)
              Hash Cond: (mk.movie_id = t.id)
              ->  Seq Scan on movie_keyword mk  (cost=0.00..81003.12 rows=1706863 width=4) (actual time=0.034..1561.699 rows=1713487 loops=1)
                    Filter: (keyword_id > 8319)
                    Rows Removed by Filter: 2810443
              ->  Hash  (cost=61283.27..61283.27 rows=2528527 width=4) (actual time=1928.632..1928.632 rows=2528312 loops=1)
                    Buckets: 131072  Batches: 64  Memory Usage: 2425kB
                    ->  Seq Scan on title t  (cost=0.00..61283.27 rows=2528527 width=4) (actual time=0.024..1052.754 rows=2528312 loops=1)
Planning time: 0.823 ms
Execution time: 50695.954 ms
