Seq Scan on cast_info ci  (cost=0.00..796071.18 rows=176 width=0) (actual time=6314.510..13270.643 rows=314 loops=1)
  Filter: ((role_id < 2) AND (person_id = 1682831))
  Rows Removed by Filter: 36244030
Planning time: 2.975 ms
Execution time: 13270.791 ms
