Hash Join  (cost=365418.15..1969699.94 rows=41051651 width=0) (actual time=8629.679..73087.612 rows=135859019 loops=1)
  Hash Cond: (ci.movie_id = t.id)
  ->  Seq Scan on cast_info ci  (cost=0.00..796071.18 rows=22944698 width=4) (actual time=0.017..18854.898 rows=23386022 loops=1)
        Filter: ((person_id > 77473) AND (role_id > 1))
        Rows Removed by Filter: 12858322
  ->  Hash  (cost=291197.02..291197.02 rows=4523930 width=8) (actual time=8628.043..8628.043 rows=4523930 loops=1)
        Buckets: 131072  Batches: 64  Memory Usage: 3816kB
        ->  Hash Join  (cost=102767.86..291197.02 rows=4523930 width=8) (actual time=1934.094..7245.303 rows=4523930 loops=1)
              Hash Cond: (mk.movie_id = t.id)
              ->  Seq Scan on movie_keyword mk  (cost=0.00..69693.30 rows=4523930 width=4) (actual time=0.020..1446.420 rows=4523930 loops=1)
              ->  Hash  (cost=61283.27..61283.27 rows=2528527 width=4) (actual time=1932.308..1932.308 rows=2528312 loops=1)
                    Buckets: 131072  Batches: 64  Memory Usage: 2425kB
                    ->  Seq Scan on title t  (cost=0.00..61283.27 rows=2528527 width=4) (actual time=0.012..1059.231 rows=2528312 loops=1)
Planning time: 1.152 ms
Execution time: 88819.826 ms
