Hash Join  (cost=70241.71..206023.71 rows=282185 width=0) (actual time=1119.851..4693.743 rows=144777 loops=1)
  Hash Cond: (mk.movie_id = t.id)
  ->  Seq Scan on movie_keyword mk  (cost=0.00..81003.12 rows=4439205 width=4) (actual time=0.010..1894.776 rows=4441016 loops=1)
        Filter: (keyword_id < 86935)
        Rows Removed by Filter: 82914
  ->  Hash  (cost=67604.59..67604.59 rows=160730 width=4) (actual time=1117.154..1117.154 rows=160017 loops=1)
        Buckets: 131072  Batches: 4  Memory Usage: 2442kB
        ->  Seq Scan on title t  (cost=0.00..67604.59 rows=160730 width=4) (actual time=0.027..1053.966 rows=160017 loops=1)
              Filter: (production_year = 2011)
              Rows Removed by Filter: 2368295
Planning time: 3.024 ms
Execution time: 4712.538 ms
