Hash Join  (cost=74393.28..830539.23 rows=535678 width=0) (actual time=1205.591..21942.233 rows=578768 loops=1)
  Hash Cond: (ci.movie_id = t.id)
  ->  Seq Scan on cast_info ci  (cost=0.00..614943.12 rows=36225612 width=4) (actual time=0.024..9405.307 rows=36244344 loops=1)
  ->  Hash  (cost=73925.90..73925.90 rows=37390 width=4) (actual time=1205.078..1205.078 rows=42387 loops=1)
        Buckets: 65536  Batches: 1  Memory Usage: 2003kB
        ->  Seq Scan on title t  (cost=0.00..73925.90 rows=37390 width=4) (actual time=0.226..1187.484 rows=42387 loops=1)
              Filter: ((kind_id > 4) AND (production_year = 2002))
              Rows Removed by Filter: 2485925
Planning time: 0.759 ms
Execution time: 22024.270 ms
