Hash Join  (cost=52284.99..79196.04 rows=57 width=0) (actual time=873.819..1396.824 rows=1443 loops=1)
  Hash Cond: (mi_idx.movie_id = t.id)
  ->  Seq Scan on movie_info_idx mi_idx  (cost=0.00..21735.35 rows=1380035 width=4) (actual time=0.027..280.336 rows=1380035 loops=1)
  ->  Hash  (cost=52283.69..52283.69 rows=104 width=8) (actual time=856.917..856.917 rows=488 loops=1)
        Buckets: 1024  Batches: 1  Memory Usage: 28kB
        ->  Nested Loop  (cost=0.43..52283.69 rows=104 width=8) (actual time=87.191..856.668 rows=488 loops=1)
              ->  Seq Scan on movie_companies mc  (cost=0.00..51404.11 rows=104 width=4) (actual time=87.074..847.152 rows=488 loops=1)
                    Filter: (company_id = 7457)
                    Rows Removed by Filter: 2608641
              ->  Index Only Scan using title_pkey on title t  (cost=0.43..8.45 rows=1 width=4) (actual time=0.018..0.019 rows=1 loops=488)
                    Index Cond: (id = mc.movie_id)
                    Heap Fetches: 488
Planning time: 1.167 ms
Execution time: 1397.133 ms
