Seq Scan on movie_keyword mk  (cost=0.00..81003.12 rows=1058417 width=0) (actual time=0.018..1402.108 rows=1060883 loops=1)
  Filter: (keyword_id > 16529)
  Rows Removed by Filter: 3463047
Planning time: 0.298 ms
Execution time: 1534.760 ms
