Hash Join  (cost=190230.21..349154.18 rows=2325781 width=0) (actual time=4079.879..10513.974 rows=9813195 loops=1)
  Hash Cond: (mk.movie_id = t.id)
  ->  Seq Scan on movie_keyword mk  (cost=0.00..81003.12 rows=4261341 width=4) (actual time=0.014..1759.567 rows=4261487 loops=1)
        Filter: (keyword_id < 59192)
        Rows Removed by Filter: 262443
  ->  Hash  (cost=167588.78..167588.78 rows=1380035 width=8) (actual time=4078.415..4078.415 rows=1380035 loops=1)
        Buckets: 131072  Batches: 32  Memory Usage: 2726kB
        ->  Hash Join  (cost=102767.86..167588.78 rows=1380035 width=8) (actual time=1802.563..3724.364 rows=1380035 loops=1)
              Hash Cond: (mi_idx.movie_id = t.id)
              ->  Seq Scan on movie_info_idx mi_idx  (cost=0.00..21735.35 rows=1380035 width=4) (actual time=0.020..506.072 rows=1380035 loops=1)
              ->  Hash  (cost=61283.27..61283.27 rows=2528527 width=4) (actual time=1801.113..1801.113 rows=2528312 loops=1)
                    Buckets: 131072  Batches: 64  Memory Usage: 2415kB
                    ->  Seq Scan on title t  (cost=0.00..61283.27 rows=2528527 width=4) (actual time=0.019..974.874 rows=2528312 loops=1)
Planning time: 1.132 ms
Execution time: 11639.769 ms
