Seq Scan on movie_keyword mk  (cost=0.00..81003.12 rows=3036610 width=0) (actual time=0.022..1461.341 rows=3021411 loops=1)
  Filter: (keyword_id < 10793)
  Rows Removed by Filter: 1502519
Planning time: 0.316 ms
Execution time: 1819.039 ms
