Hash Join  (cost=98137.04..165468.91 rows=315823 width=0) (actual time=1808.475..3275.762 rows=380756 loops=1)
  Hash Cond: (mc.movie_id = t.id)
  ->  Seq Scan on movie_companies mc  (cost=0.00..51404.11 rows=429107 width=4) (actual time=0.441..838.746 rows=428721 loops=1)
        Filter: (company_id < 303)
        Rows Removed by Filter: 2180408
  ->  Hash  (cost=67604.59..67604.59 rows=1860996 width=4) (actual time=1806.435..1806.435 rows=1865487 loops=1)
        Buckets: 131072  Batches: 32  Memory Usage: 3079kB
        ->  Seq Scan on title t  (cost=0.00..67604.59 rows=1860996 width=4) (actual time=0.023..1241.052 rows=1865487 loops=1)
              Filter: (kind_id > 1)
              Rows Removed by Filter: 662825
Planning time: 0.762 ms
Execution time: 3315.570 ms
