Hash Join  (cost=569528.01..1702049.25 rows=4706483 width=0) (actual time=12864.080..42438.336 rows=13874484 loops=1)
  Hash Cond: (ci.movie_id = t.id)
  ->  Seq Scan on cast_info ci  (cost=0.00..796071.18 rows=16083819 width=4) (actual time=0.021..16963.728 rows=20407414 loops=1)
        Filter: ((person_id > 1113932) AND (role_id > 1))
        Rows Removed by Filter: 15836930
  ->  Hash  (cost=557388.20..557388.20 rows=739904 width=8) (actual time=12862.385..12862.385 rows=633134 loops=1)
        Buckets: 131072  Batches: 16  Memory Usage: 2536kB
        ->  Hash Join  (cost=69687.24..557388.20 rows=739904 width=8) (actual time=1262.085..12599.565 rows=633134 loops=1)
              Hash Cond: (mi.movie_id = t.id)
              ->  Seq Scan on movie_info mi  (cost=0.00..309384.22 rows=14739122 width=4) (actual time=0.031..5900.180 rows=14835720 loops=1)
              ->  Hash  (cost=67604.59..67604.59 rows=126932 width=4) (actual time=1261.277..1261.277 rows=122861 loops=1)
                    Buckets: 131072  Batches: 2  Memory Usage: 3197kB
                    ->  Seq Scan on title t  (cost=0.00..67604.59 rows=126932 width=4) (actual time=0.025..1213.714 rows=122861 loops=1)
                          Filter: (production_year = 2008)
                          Rows Removed by Filter: 2405451
Planning time: 11.426 ms
Execution time: 43900.910 ms
