Hash Join  (cost=263115.61..1675631.67 rows=29491012 width=0) (actual time=6290.898..54050.676 rows=60346285 loops=1)
  Hash Cond: (ci.movie_id = t.id)
  ->  Seq Scan on cast_info ci  (cost=0.00..705507.15 rows=28579967 width=4) (actual time=0.010..16352.057 rows=28564237 loops=1)
        Filter: (person_id < 2908386)
        Rows Removed by Filter: 7680107
  ->  Hash  (cost=220309.49..220309.49 rows=2609129 width=8) (actual time=6290.212..6290.212 rows=2609129 loops=1)
        Buckets: 131072  Batches: 64  Memory Usage: 2610kB
        ->  Hash Join  (cost=102767.86..220309.49 rows=2609129 width=8) (actual time=1933.181..5522.715 rows=2609129 loops=1)
              Hash Cond: (mc.movie_id = t.id)
              ->  Seq Scan on movie_companies mc  (cost=0.00..44881.29 rows=2609129 width=4) (actual time=0.015..907.493 rows=2609129 loops=1)
              ->  Hash  (cost=61283.27..61283.27 rows=2528527 width=4) (actual time=1931.696..1931.696 rows=2528312 loops=1)
                    Buckets: 131072  Batches: 64  Memory Usage: 2415kB
                    ->  Seq Scan on title t  (cost=0.00..61283.27 rows=2528527 width=4) (actual time=0.018..1077.807 rows=2528312 loops=1)
Planning time: 0.769 ms
Execution time: 60718.204 ms
