Seq Scan on cast_info ci  (cost=0.00..705507.15 rows=500 width=0) (actual time=3884.485..11626.752 rows=803 loops=1)
  Filter: (person_id = 812227)
  Rows Removed by Filter: 36243541
Planning time: 0.368 ms
Execution time: 11626.967 ms
