Hash Join  (cost=95415.26..865155.20 rows=131560 width=0) (actual time=3068.567..15244.587 rows=351725 loops=1)
  Hash Cond: (ci.movie_id = t.id)
  ->  Seq Scan on cast_info ci  (cost=0.00..705507.15 rows=16777914 width=4) (actual time=1865.984..10547.134 rows=16893137 loops=1)
        Filter: (person_id > 1936077)
        Rows Removed by Filter: 19351207
  ->  Hash  (cost=95167.43..95167.43 rows=19827 width=8) (actual time=1202.059..1202.059 rows=24689 loops=1)
        Buckets: 32768  Batches: 1  Memory Usage: 1221kB
        ->  Hash Join  (cost=68058.67..95167.43 rows=19827 width=8) (actual time=652.174..1194.361 rows=24689 loops=1)
              Hash Cond: (mi_idx.movie_id = t.id)
              ->  Seq Scan on movie_info_idx mi_idx  (cost=0.00..21735.35 rows=1380035 width=4) (actual time=0.033..256.540 rows=1380035 loops=1)
              ->  Hash  (cost=67604.59..67604.59 rows=36327 width=4) (actual time=651.589..651.589 rows=36509 loops=1)
                    Buckets: 65536  Batches: 1  Memory Usage: 1796kB
                    ->  Seq Scan on title t  (cost=0.00..67604.59 rows=36327 width=4) (actual time=0.051..639.242 rows=36509 loops=1)
                          Filter: (production_year = 1996)
                          Rows Removed by Filter: 2491803
Planning time: 1.172 ms
Execution time: 15285.688 ms
