Hash Join  (cost=153382.14..180331.53 rows=3892 width=0) (actual time=2638.801..3185.645 rows=4078 loops=1)
  Hash Cond: (mi_idx.movie_id = t.id)
  ->  Seq Scan on movie_info_idx mi_idx  (cost=0.00..21735.35 rows=1380035 width=4) (actual time=0.022..288.349 rows=1380035 loops=1)
  ->  Hash  (cost=153293.02..153293.02 rows=7130 width=8) (actual time=2638.594..2638.594 rows=2583 loops=1)
        Buckets: 8192  Batches: 1  Memory Usage: 165kB
        ->  Hash Join  (cost=70308.29..153293.02 rows=7130 width=8) (actual time=1254.264..2637.464 rows=2583 loops=1)
              Hash Cond: (mk.movie_id = t.id)
              ->  Seq Scan on movie_keyword mk  (cost=0.00..81003.12 rows=109414 width=4) (actual time=0.030..1310.316 rows=121921 loops=1)
                    Filter: (keyword_id < 117)
                    Rows Removed by Filter: 4402009
              ->  Hash  (cost=67604.59..67604.59 rows=164776 width=4) (actual time=1248.908..1248.908 rows=164307 loops=1)
                    Buckets: 131072  Batches: 4  Memory Usage: 2488kB
                    ->  Seq Scan on title t  (cost=0.00..67604.59 rows=164776 width=4) (actual time=0.021..1179.484 rows=164307 loops=1)
                          Filter: (production_year = 2012)
                          Rows Removed by Filter: 2364005
Planning time: 1.925 ms
Execution time: 3186.400 ms
