Hash Join  (cost=190230.21..333193.62 rows=1813977 width=0) (actual time=4312.742..9515.656 rows=7788370 loops=1)
  Hash Cond: (mk.movie_id = t.id)
  ->  Seq Scan on movie_keyword mk  (cost=0.00..81003.12 rows=3323604 width=4) (actual time=0.025..1746.802 rows=3322365 loops=1)
        Filter: (keyword_id > 1489)
        Rows Removed by Filter: 1201565
  ->  Hash  (cost=167588.78..167588.78 rows=1380035 width=8) (actual time=4312.001..4312.001 rows=1380035 loops=1)
        Buckets: 131072  Batches: 32  Memory Usage: 2726kB
        ->  Hash Join  (cost=102767.86..167588.78 rows=1380035 width=8) (actual time=1935.046..3906.812 rows=1380035 loops=1)
              Hash Cond: (mi_idx.movie_id = t.id)
              ->  Seq Scan on movie_info_idx mi_idx  (cost=0.00..21735.35 rows=1380035 width=4) (actual time=0.025..502.754 rows=1380035 loops=1)
              ->  Hash  (cost=61283.27..61283.27 rows=2528527 width=4) (actual time=1933.680..1933.680 rows=2528312 loops=1)
                    Buckets: 131072  Batches: 64  Memory Usage: 2415kB
                    ->  Seq Scan on title t  (cost=0.00..61283.27 rows=2528527 width=4) (actual time=0.018..1072.847 rows=2528312 loops=1)
Planning time: 1.065 ms
Execution time: 10390.941 ms
