Hash Join  (cost=847744.27..3447746.38 rows=121606777 width=0) (actual time=19814.493..77322.401 rows=86538634 loops=1)
  Hash Cond: (ci.movie_id = t.id)
  ->  Seq Scan on cast_info ci  (cost=0.00..614943.12 rows=36225612 width=4) (actual time=0.016..14044.526 rows=36244344 loops=1)
  ->  Hash  (cost=708486.22..708486.22 rows=8488084 width=8) (actual time=19811.686..19811.686 rows=3794298 loops=1)
        Buckets: 131072  Batches: 128  Memory Usage: 2148kB
        ->  Hash Join  (cost=92883.59..708486.22 rows=8488084 width=8) (actual time=1785.379..18128.334 rows=3794298 loops=1)
              Hash Cond: (mi.movie_id = t.id)
              ->  Seq Scan on movie_info mi  (cost=0.00..346232.03 rows=13929354 width=4) (actual time=0.020..7429.314 rows=14033580 loops=1)
                    Filter: (info_type_id > 1)
                    Rows Removed by Filter: 802140
              ->  Hash  (cost=67604.59..67604.59 rows=1540800 width=4) (actual time=1784.286..1784.286 rows=1543264 loops=1)
                    Buckets: 131072  Batches: 32  Memory Usage: 2728kB
                    ->  Seq Scan on title t  (cost=0.00..67604.59 rows=1540800 width=4) (actual time=0.014..1265.524 rows=1543264 loops=1)
                          Filter: (kind_id = 7)
                          Rows Removed by Filter: 985048
Planning time: 1.568 ms
Execution time: 87042.503 ms
