Hash Join  (cost=138388.45..275233.46 rows=681800 width=0) (actual time=4178.616..6655.673 rows=498402 loops=1)
  Hash Cond: (mk.movie_id = t.id)
  ->  Seq Scan on movie_keyword mk  (cost=0.00..81003.12 rows=4097571 width=4) (actual time=0.017..1881.977 rows=4103264 loops=1)
        Filter: (keyword_id < 41460)
        Rows Removed by Filter: 420666
  ->  Hash  (cost=131485.39..131485.39 rows=420725 width=8) (actual time=3014.661..3014.661 rows=236601 loops=1)
        Buckets: 131072  Batches: 8  Memory Usage: 2191kB
        ->  Hash Join  (cost=86573.65..131485.39 rows=420725 width=8) (actual time=1804.498..2951.956 rows=236601 loops=1)
              Hash Cond: (mi_idx.movie_id = t.id)
              ->  Seq Scan on movie_info_idx mi_idx  (cost=0.00..21735.35 rows=1380035 width=4) (actual time=0.013..443.998 rows=1380035 loops=1)
              ->  Hash  (cost=73925.90..73925.90 rows=770860 width=4) (actual time=1779.112..1779.112 rows=682281 loops=1)
                    Buckets: 131072  Batches: 16  Memory Usage: 2522kB
                    ->  Seq Scan on title t  (cost=0.00..73925.90 rows=770860 width=4) (actual time=0.027..1301.164 rows=682281 loops=1)
                          Filter: ((production_year < 2004) AND (kind_id = 7))
                          Rows Removed by Filter: 1846031
Planning time: 1.159 ms
Execution time: 6714.001 ms
