Hash Join  (cost=156209.36..1041782.03 rows=1179464 width=0) (actual time=12672.707..24748.337 rows=2355544 loops=1)
  Hash Cond: (ci.movie_id = t.id)
  ->  Seq Scan on cast_info ci  (cost=0.00..796071.18 rows=6567161 width=4) (actual time=9238.725..17025.521 rows=7451973 loops=1)
        Filter: ((person_id < 3400263) AND (role_id = 2))
        Rows Removed by Filter: 28792371
  ->  Hash  (cost=148758.81..148758.81 rows=454124 width=8) (actual time=3432.934..3432.934 rows=459925 loops=1)
        Buckets: 131072  Batches: 8  Memory Usage: 3275kB
        ->  Hash Join  (cost=102767.86..148758.81 rows=454124 width=8) (actual time=2069.908..3307.758 rows=459925 loops=1)
              Hash Cond: (mi_idx.movie_id = t.id)
              ->  Seq Scan on movie_info_idx mi_idx  (cost=0.00..25185.44 rows=454124 width=4) (actual time=0.043..513.180 rows=459925 loops=1)
                    Filter: (info_type_id = 100)
                    Rows Removed by Filter: 920110
              ->  Hash  (cost=61283.27..61283.27 rows=2528527 width=4) (actual time=2068.721..2068.721 rows=2528312 loops=1)
                    Buckets: 131072  Batches: 64  Memory Usage: 2415kB
                    ->  Seq Scan on title t  (cost=0.00..61283.27 rows=2528527 width=4) (actual time=0.022..1201.904 rows=2528312 loops=1)
Planning time: 6.255 ms
Execution time: 25012.468 ms
