Hash Join  (cost=145466.82..184254.51 rows=63821 width=0) (actual time=2937.096..3800.554 rows=198626 loops=1)
  Hash Cond: (mi_idx.movie_id = t.id)
  ->  Seq Scan on movie_info_idx mi_idx  (cost=0.00..21735.35 rows=1380035 width=4) (actual time=0.019..415.121 rows=1380035 loops=1)
  ->  Hash  (cost=143548.14..143548.14 rows=116934 width=8) (actual time=2936.381..2936.381 rows=78095 loops=1)
        Buckets: 131072  Batches: 2  Memory Usage: 2558kB
        ->  Hash Join  (cost=82257.13..143548.14 rows=116934 width=8) (actual time=1281.677..2910.448 rows=78095 loops=1)
              Hash Cond: (mc.movie_id = t.id)
              ->  Seq Scan on movie_companies mc  (cost=0.00..51404.11 rows=582283 width=4) (actual time=0.026..768.795 rows=577109 loops=1)
                    Filter: (company_id < 639)
                    Rows Removed by Filter: 2032020
              ->  Hash  (cost=73925.90..73925.90 rows=507778 width=4) (actual time=1280.831..1280.831 rows=524129 loops=1)
                    Buckets: 131072  Batches: 8  Memory Usage: 3340kB
                    ->  Seq Scan on title t  (cost=0.00..73925.90 rows=507778 width=4) (actual time=569.034..1128.885 rows=524129 loops=1)
                          Filter: ((production_year < 2010) AND (kind_id = 1))
                          Rows Removed by Filter: 2004183
Planning time: 1.165 ms
Execution time: 3823.652 ms
