Seq Scan on cast_info ci  (cost=0.00..796071.18 rows=4635741 width=0) (actual time=1298.075..12544.447 rows=5982752 loops=1)
  Filter: ((person_id < 810994) AND (role_id < 3))
  Rows Removed by Filter: 30261592
Planning time: 0.363 ms
Execution time: 13273.060 ms
