Hash Join  (cost=1005410.44..1185149.08 rows=4274770 width=0) (actual time=21393.960..38900.934 rows=49953529 loops=1)
  Hash Cond: (mk.movie_id = t.id)
  ->  Seq Scan on movie_keyword mk  (cost=0.00..69693.30 rows=4523930 width=4) (actual time=0.014..1546.659 rows=4523930 loops=1)
  ->  Hash  (cost=966210.61..966210.61 rows=2389266 width=8) (actual time=21392.632..21392.632 rows=5872072 loops=1)
        Buckets: 131072 (originally 131072)  Batches: 64 (originally 32)  Memory Usage: 4637kB
        ->  Hash Join  (cost=102767.86..966210.61 rows=2389266 width=8) (actual time=10351.642..19785.439 rows=5872072 loops=1)
              Hash Cond: (ci.movie_id = t.id)
              ->  Seq Scan on cast_info ci  (cost=0.00..796071.18 rows=2389266 width=4) (actual time=8390.370..12834.104 rows=5872072 loops=1)
                    Filter: ((person_id > 2703975) AND (role_id > 5))
                    Rows Removed by Filter: 30372272
              ->  Hash  (cost=61283.27..61283.27 rows=2528527 width=4) (actual time=1959.542..1959.542 rows=2528312 loops=1)
                    Buckets: 131072  Batches: 64  Memory Usage: 2415kB
                    ->  Seq Scan on title t  (cost=0.00..61283.27 rows=2528527 width=4) (actual time=0.019..1097.854 rows=2528312 loops=1)
Planning time: 1.194 ms
Execution time: 45017.151 ms
