Seq Scan on movie_keyword mk  (cost=0.00..81003.12 rows=3113791 width=0) (actual time=0.018..1358.159 rows=3101526 loops=1)
  Filter: (keyword_id < 11717)
  Rows Removed by Filter: 1422404
Planning time: 0.340 ms
Execution time: 1749.189 ms
