Hash Join  (cost=190230.21..936354.18 rows=1129513 width=0) (actual time=7149.778..17453.457 rows=2362718 loops=1)
  Hash Cond: (ci.movie_id = t.id)
  ->  Seq Scan on cast_info ci  (cost=0.00..705507.15 rows=2069515 width=4) (actual time=782.245..11418.344 rows=2013619 loops=1)
        Filter: (person_id < 197305)
        Rows Removed by Filter: 34230725
  ->  Hash  (cost=167588.78..167588.78 rows=1380035 width=8) (actual time=4192.436..4192.436 rows=1380035 loops=1)
        Buckets: 131072  Batches: 32  Memory Usage: 2708kB
        ->  Hash Join  (cost=102767.86..167588.78 rows=1380035 width=8) (actual time=1861.826..3779.531 rows=1380035 loops=1)
              Hash Cond: (mi_idx.movie_id = t.id)
              ->  Seq Scan on movie_info_idx mi_idx  (cost=0.00..21735.35 rows=1380035 width=4) (actual time=0.033..418.977 rows=1380035 loops=1)
              ->  Hash  (cost=61283.27..61283.27 rows=2528527 width=4) (actual time=1860.799..1860.799 rows=2528312 loops=1)
                    Buckets: 131072  Batches: 64  Memory Usage: 2415kB
                    ->  Seq Scan on title t  (cost=0.00..61283.27 rows=2528527 width=4) (actual time=0.022..1031.385 rows=2528312 loops=1)
Planning time: 2.534 ms
Execution time: 17726.591 ms
