Hash Join  (cost=135053.00..499795.55 rows=8662 width=0) (actual time=2480.220..9819.815 rows=19538 loops=1)
  Hash Cond: (mi.movie_id = t.id)
  ->  Seq Scan on movie_info mi  (cost=0.00..309384.22 rows=14739122 width=4) (actual time=0.013..4540.465 rows=14835720 loops=1)
  ->  Hash  (cost=135034.43..135034.43 rows=1486 width=8) (actual time=2305.046..2305.046 rows=2212 loops=1)
        Buckets: 4096 (originally 2048)  Batches: 1 (originally 1)  Memory Usage: 119kB
        ->  Hash Join  (cost=73982.55..135034.43 rows=1486 width=8) (actual time=1032.026..2304.030 rows=2212 loops=1)
              Hash Cond: (mc.movie_id = t.id)
              ->  Seq Scan on movie_companies mc  (cost=0.00..57926.93 rows=829354 width=4) (actual time=0.020..1089.377 rows=1041359 loops=1)
                    Filter: ((company_id > 4437) AND (company_type_id > 1))
                    Rows Removed by Filter: 1567770
              ->  Hash  (cost=73925.90..73925.90 rows=4532 width=4) (actual time=1029.353..1029.353 rows=8488 loops=1)
                    Buckets: 16384 (originally 8192)  Batches: 1 (originally 1)  Memory Usage: 427kB
                    ->  Seq Scan on title t  (cost=0.00..73925.90 rows=4532 width=4) (actual time=0.380..1025.224 rows=8488 loops=1)
                          Filter: ((kind_id = 7) AND (production_year = 1969))
                          Rows Removed by Filter: 2519824
Planning time: 1.175 ms
Execution time: 9822.951 ms
