Hash Join  (cost=70218.80..559933.37 rows=928564 width=0) (actual time=1119.624..14028.643 rows=1916109 loops=1)
  Hash Cond: (mi.movie_id = t.id)
  ->  Seq Scan on movie_info mi  (cost=0.00..309384.22 rows=14739122 width=4) (actual time=0.022..6073.294 rows=14835720 loops=1)
  ->  Hash  (cost=67604.59..67604.59 rows=159297 width=4) (actual time=1118.726..1118.726 rows=164184 loops=1)
        Buckets: 131072  Batches: 4  Memory Usage: 2470kB
        ->  Seq Scan on title t  (cost=0.00..67604.59 rows=159297 width=4) (actual time=0.031..1060.742 rows=164184 loops=1)
              Filter: (production_year < 1950)
              Rows Removed by Filter: 2364128
Planning time: 0.753 ms
Execution time: 14228.489 ms
