Seq Scan on cast_info ci  (cost=0.00..705507.15 rows=24432443 width=0) (actual time=0.022..12622.046 rows=24384714 loops=1)
  Filter: (person_id < 2503513)
  Rows Removed by Filter: 11859630
Planning time: 0.348 ms
Execution time: 15640.727 ms
