Nested Loop  (cost=0.43..796747.98 rows=21 width=0) (actual time=479.975..13494.574 rows=1 loops=1)
  ->  Seq Scan on cast_info ci  (cost=0.00..796071.18 rows=80 width=4) (actual time=479.899..13494.217 rows=15 loops=1)
        Filter: ((role_id > 8) AND (person_id = 2819303))
        Rows Removed by Filter: 36244329
  ->  Index Scan using title_pkey on title t  (cost=0.43..8.45 rows=1 width=4) (actual time=0.022..0.022 rows=0 loops=15)
        Index Cond: (id = ci.movie_id)
        Filter: (kind_id = 1)
        Rows Removed by Filter: 1
Planning time: 1.427 ms
Execution time: 13494.678 ms
