Seq Scan on movie_keyword mk  (cost=0.00..81003.12 rows=246 width=0) (actual time=8.563..1288.004 rows=243 loops=1)
  Filter: (keyword_id = 375)
  Rows Removed by Filter: 4523687
Planning time: 0.362 ms
Execution time: 1288.244 ms
