Nested Loop  (cost=0.43..797556.14 rows=26 width=0) (actual time=2881.426..9075.329 rows=20 loops=1)
  ->  Seq Scan on cast_info ci  (cost=0.00..796071.18 rows=176 width=4) (actual time=2881.347..9073.984 rows=52 loops=1)
        Filter: ((person_id = 1204994) AND (role_id = 1))
        Rows Removed by Filter: 36244292
  ->  Index Scan using title_pkey on title t  (cost=0.43..8.43 rows=1 width=4) (actual time=0.025..0.025 rows=0 loops=52)
        Index Cond: (id = ci.movie_id)
        Filter: (production_year < 1970)
        Rows Removed by Filter: 1
Planning time: 0.811 ms
Execution time: 9075.437 ms
