Hash Join  (cost=79177.02..165900.42 rows=6536 width=0) (actual time=913.452..2735.755 rows=7366 loops=1)
  Hash Cond: (mk.movie_id = t.id)
  ->  Seq Scan on movie_keyword mk  (cost=0.00..69693.30 rows=4523930 width=4) (actual time=0.032..1022.767 rows=4523930 loops=1)
  ->  Hash  (cost=79131.36..79131.36 rows=3653 width=8) (actual time=903.791..903.791 rows=2945 loops=1)
        Buckets: 4096  Batches: 1  Memory Usage: 148kB
        ->  Nested Loop  (cost=0.43..79131.36 rows=3653 width=8) (actual time=0.255..902.054 rows=2945 loops=1)
              ->  Seq Scan on movie_companies mc  (cost=0.00..51404.11 rows=3653 width=4) (actual time=0.192..787.855 rows=2945 loops=1)
                    Filter: (company_id = 133)
                    Rows Removed by Filter: 2606184
              ->  Index Only Scan using title_pkey on title t  (cost=0.43..7.58 rows=1 width=4) (actual time=0.038..0.038 rows=1 loops=2945)
                    Index Cond: (id = mc.movie_id)
                    Heap Fetches: 2945
Planning time: 1.156 ms
Execution time: 2736.988 ms
