Seq Scan on movie_keyword mk  (cost=0.00..81003.12 rows=246 width=0) (actual time=417.663..1239.374 rows=2 loops=1)
  Filter: (keyword_id = 35463)
  Rows Removed by Filter: 4523928
Planning time: 0.390 ms
Execution time: 1239.465 ms
