Seq Scan on cast_info ci  (cost=0.00..705507.15 rows=17887933 width=0) (actual time=0.023..12479.507 rows=17739976 loops=1)
  Filter: (person_id < 1756781)
  Rows Removed by Filter: 18504368
Planning time: 0.360 ms
Execution time: 14676.017 ms
