Seq Scan on movie_companies mc  (cost=0.00..51404.11 rows=492831 width=0) (actual time=0.024..918.437 rows=495015 loops=1)
  Filter: (company_id > 74447)
  Rows Removed by Filter: 2114114
Planning time: 0.353 ms
Execution time: 982.126 ms
