Hash Join  (cost=361262.91..1209660.93 rows=6549012 width=0) (actual time=18538.963..27460.004 rows=14472521 loops=1)
  Hash Cond: (ci.movie_id = t.id)
  ->  Seq Scan on cast_info ci  (cost=0.00..705507.15 rows=3998100 width=4) (actual time=10160.185..13012.169 rows=4008037 loops=1)
        Filter: (role_id = 3)
        Rows Removed by Filter: 32236307
  ->  Hash  (cost=293311.33..293311.33 rows=4141806 width=8) (actual time=8377.519..8377.519 rows=4144251 loops=1)
        Buckets: 131072  Batches: 64  Memory Usage: 3574kB
        ->  Hash Join  (cost=102767.86..293311.33 rows=4141806 width=8) (actual time=1936.402..7189.954 rows=4144251 loops=1)
              Hash Cond: (mk.movie_id = t.id)
              ->  Seq Scan on movie_keyword mk  (cost=0.00..81003.12 rows=4141806 width=4) (actual time=0.029..1800.508 rows=4144251 loops=1)
                    Filter: (keyword_id < 44953)
                    Rows Removed by Filter: 379679
              ->  Hash  (cost=61283.27..61283.27 rows=2528527 width=4) (actual time=1934.313..1934.313 rows=2528312 loops=1)
                    Buckets: 131072  Batches: 64  Memory Usage: 2425kB
                    ->  Seq Scan on title t  (cost=0.00..61283.27 rows=2528527 width=4) (actual time=0.016..1044.290 rows=2528312 loops=1)
Planning time: 1.126 ms
Execution time: 29073.900 ms
