Seq Scan on cast_info ci  (cost=0.00..705507.15 rows=11202314 width=0) (actual time=0.017..11930.302 rows=11196543 loops=1)
  Filter: (person_id > 2582335)
  Rows Removed by Filter: 25047801
Planning time: 0.337 ms
Execution time: 13283.238 ms
