Seq Scan on movie_keyword mk  (cost=0.00..81003.12 rows=246 width=0) (actual time=3.386..1300.247 rows=749 loops=1)
  Filter: (keyword_id = 606)
  Rows Removed by Filter: 4523181
Planning time: 0.367 ms
Execution time: 1300.643 ms
