Hash Join  (cost=74509.97..441889.55 rows=272366 width=0) (actual time=1221.253..9847.412 rows=79541 loops=1)
  Hash Cond: (mi.movie_id = t.id)
  ->  Seq Scan on movie_info mi  (cost=0.00..309384.22 rows=14739122 width=4) (actual time=0.019..4574.408 rows=14835720 loops=1)
  ->  Hash  (cost=73925.90..73925.90 rows=46725 width=4) (actual time=1220.869..1220.869 rows=43011 loops=1)
        Buckets: 65536  Batches: 1  Memory Usage: 2025kB
        ->  Seq Scan on title t  (cost=0.00..73925.90 rows=46725 width=4) (actual time=0.130..1203.068 rows=43011 loops=1)
              Filter: ((kind_id > 2) AND (production_year > 2012))
              Rows Removed by Filter: 2485301
Planning time: 1.515 ms
Execution time: 9860.626 ms
