Nested Loop  (cost=0.43..83072.29 rows=150 width=0) (actual time=759.609..1384.749 rows=69 loops=1)
  ->  Seq Scan on movie_keyword mk  (cost=0.00..81003.12 rows=246 width=4) (actual time=2.326..1296.092 rows=1635 loops=1)
        Filter: (keyword_id = 5599)
        Rows Removed by Filter: 4522295
  ->  Index Scan using title_pkey on title t  (cost=0.43..8.40 rows=1 width=4) (actual time=0.053..0.053 rows=0 loops=1635)
        Index Cond: (id = mk.movie_id)
        Filter: (kind_id = 7)
        Rows Removed by Filter: 1
Planning time: 0.761 ms
Execution time: 1384.868 ms
