Hash Join  (cost=83113.43..1072912.80 rows=3078878 width=0) (actual time=1204.115..26906.808 rows=3334883 loops=1)
  Hash Cond: (ci.movie_id = t.id)
  ->  Seq Scan on cast_info ci  (cost=0.00..796071.18 rows=13902775 width=4) (actual time=10.302..16314.685 rows=17002256 loops=1)
        Filter: ((person_id < 2100134) AND (role_id < 4))
        Rows Removed by Filter: 19242088
  ->  Hash  (cost=73925.90..73925.90 rows=559962 width=4) (actual time=1179.097..1179.097 rows=477167 loops=1)
        Buckets: 131072  Batches: 8  Memory Usage: 3118kB
        ->  Seq Scan on title t  (cost=0.00..73925.90 rows=559962 width=4) (actual time=0.031..1046.009 rows=477167 loops=1)
              Filter: ((kind_id < 7) AND (production_year > 1999))
              Rows Removed by Filter: 2051145
Planning time: 0.789 ms
Execution time: 27308.628 ms
