Hash Join  (cost=52284.99..416946.98 rows=606 width=0) (actual time=877.837..7900.952 rows=657 loops=1)
  Hash Cond: (mi.movie_id = t.id)
  ->  Seq Scan on movie_info mi  (cost=0.00..309384.22 rows=14739122 width=4) (actual time=0.014..4385.354 rows=14835720 loops=1)
  ->  Hash  (cost=52283.69..52283.69 rows=104 width=8) (actual time=870.879..870.879 rows=183 loops=1)
        Buckets: 1024  Batches: 1  Memory Usage: 16kB
        ->  Nested Loop  (cost=0.43..52283.69 rows=104 width=8) (actual time=106.441..870.757 rows=183 loops=1)
              ->  Seq Scan on movie_companies mc  (cost=0.00..51404.11 rows=104 width=4) (actual time=106.334..866.619 rows=183 loops=1)
                    Filter: (company_id = 4101)
                    Rows Removed by Filter: 2608946
              ->  Index Only Scan using title_pkey on title t  (cost=0.43..8.45 rows=1 width=4) (actual time=0.021..0.021 rows=1 loops=183)
                    Index Cond: (id = mc.movie_id)
                    Heap Fetches: 183
Planning time: 1.238 ms
Execution time: 7901.346 ms
