Hash Join  (cost=85113.64..215760.25 rows=888486 width=0) (actual time=1569.471..5232.621 rows=407403 loops=1)
  Hash Cond: (mk.movie_id = t.id)
  ->  Seq Scan on movie_keyword mk  (cost=0.00..81003.12 rows=3294566 width=4) (actual time=0.022..1801.414 rows=3283051 loops=1)
        Filter: (keyword_id < 14584)
        Rows Removed by Filter: 1240879
  ->  Hash  (cost=73925.90..73925.90 rows=681899 width=4) (actual time=1567.754..1567.754 rows=565062 loops=1)
        Buckets: 131072  Batches: 16  Memory Usage: 2272kB
        ->  Seq Scan on title t  (cost=0.00..73925.90 rows=681899 width=4) (actual time=0.021..1373.564 rows=565062 loops=1)
              Filter: ((kind_id > 1) AND (production_year < 1998))
              Rows Removed by Filter: 1963250
Planning time: 0.708 ms
Execution time: 5280.710 ms
