Seq Scan on cast_info ci  (cost=0.00..796071.18 rows=2833086 width=0) (actual time=10355.088..14393.731 rows=1657673 loops=1)
  Filter: ((person_id < 2652758) AND (role_id = 3))
  Rows Removed by Filter: 34586671
Planning time: 0.414 ms
Execution time: 14596.947 ms
