Seq Scan on movie_keyword mk  (cost=0.00..81003.12 rows=3924089 width=0) (actual time=0.009..1623.279 rows=3922426 loops=1)
  Filter: (keyword_id < 30590)
  Rows Removed by Filter: 601504
Planning time: 0.323 ms
Execution time: 2106.443 ms
