Hash Join  (cost=164263.53..519046.86 rows=32148 width=0) (actual time=4740.271..9797.677 rows=1654918 loops=1)
  Hash Cond: (mi.movie_id = t.id)
  ->  Seq Scan on movie_info mi  (cost=0.00..346232.03 rows=2194617 width=4) (actual time=1571.779..5792.971 rows=2233850 loops=1)
        Filter: (info_type_id > 16)
        Rows Removed by Filter: 12601870
  ->  Hash  (cost=163800.53..163800.53 rows=37040 width=8) (actual time=3153.882..3153.882 rows=71311 loops=1)
        Buckets: 131072 (originally 65536)  Batches: 1 (originally 1)  Memory Usage: 3810kB
        ->  Hash Join  (cost=74478.21..163800.53 rows=37040 width=8) (actual time=1195.738..3126.800 rows=71311 loops=1)
              Hash Cond: (mk.movie_id = t.id)
              ->  Seq Scan on movie_keyword mk  (cost=0.00..81003.12 rows=2119680 width=4) (actual time=0.028..1554.328 rows=2115927 loops=1)
                    Filter: (keyword_id > 5620)
                    Rows Removed by Filter: 2408003
              ->  Hash  (cost=73925.90..73925.90 rows=44184 width=4) (actual time=1195.184..1195.184 rows=35489 loops=1)
                    Buckets: 65536  Batches: 1  Memory Usage: 1760kB
                    ->  Seq Scan on title t  (cost=0.00..73925.90 rows=44184 width=4) (actual time=0.038..1180.378 rows=35489 loops=1)
                          Filter: ((kind_id < 7) AND (production_year = 2007))
                          Rows Removed by Filter: 2492823
Planning time: 1.223 ms
Execution time: 10007.082 ms
