Hash Join  (cost=74406.67..135348.96 rows=37181 width=0) (actual time=1269.048..2854.139 rows=26342 loops=1)
  Hash Cond: (mc.movie_id = t.id)
  ->  Seq Scan on movie_companies mc  (cost=0.00..51404.11 rows=2444365 width=4) (actual time=0.028..1009.841 rows=2445746 loops=1)
        Filter: (company_id < 126431)
        Rows Removed by Filter: 163383
  ->  Hash  (cost=73925.90..73925.90 rows=38461 width=4) (actual time=1268.035..1268.035 rows=44913 loops=1)
        Buckets: 65536  Batches: 1  Memory Usage: 2091kB
        ->  Seq Scan on title t  (cost=0.00..73925.90 rows=38461 width=4) (actual time=0.054..1248.524 rows=44913 loops=1)
              Filter: ((kind_id > 1) AND (production_year = 2000))
              Rows Removed by Filter: 2483399
Planning time: 0.739 ms
Execution time: 2858.304 ms
