Hash Join  (cost=160787.58..1019151.99 rows=83045 width=0) (actual time=3030.953..24477.382 rows=484394 loops=1)
  Hash Cond: (ci.movie_id = t.id)
  ->  Seq Scan on cast_info ci  (cost=0.00..705507.15 rows=30405364 width=4) (actual time=0.024..15200.296 rows=30511650 loops=1)
        Filter: (role_id < 9)
        Rows Removed by Filter: 5732694
  ->  Hash  (cost=160701.25..160701.25 rows=6906 width=8) (actual time=3030.542..3030.542 rows=32264 loops=1)
        Buckets: 32768 (originally 8192)  Batches: 1 (originally 1)  Memory Usage: 1517kB
        ->  Hash Join  (cost=73974.15..160701.25 rows=6906 width=8) (actual time=1124.129..3019.356 rows=32264 loops=1)
              Hash Cond: (mk.movie_id = t.id)
              ->  Seq Scan on movie_keyword mk  (cost=0.00..69693.30 rows=4523930 width=4) (actual time=0.018..1074.142 rows=4523930 loops=1)
              ->  Hash  (cost=73925.90..73925.90 rows=3860 width=4) (actual time=1123.796..1123.796 rows=7727 loops=1)
                    Buckets: 8192 (originally 4096)  Batches: 1 (originally 1)  Memory Usage: 336kB
                    ->  Seq Scan on title t  (cost=0.00..73925.90 rows=3860 width=4) (actual time=522.188..1120.326 rows=7727 loops=1)
                          Filter: ((kind_id = 4) AND (production_year = 2004))
                          Rows Removed by Filter: 2520585
Planning time: 1.784 ms
Execution time: 24540.850 ms
