Nested Loop  (cost=0.43..83071.67 rows=246 width=0) (actual time=0.848..1355.318 rows=900 loops=1)
  ->  Seq Scan on movie_keyword mk  (cost=0.00..81003.12 rows=246 width=4) (actual time=0.784..1304.325 rows=900 loops=1)
        Filter: (keyword_id = 2447)
        Rows Removed by Filter: 4523030
  ->  Index Only Scan using title_pkey on title t  (cost=0.43..8.40 rows=1 width=4) (actual time=0.055..0.055 rows=1 loops=900)
        Index Cond: (id = mk.movie_id)
        Heap Fetches: 900
Planning time: 0.758 ms
Execution time: 1355.720 ms
