Hash Join  (cost=95185.49..461462.79 rows=30738 width=0) (actual time=1852.917..8237.026 rows=117459 loops=1)
  Hash Cond: (mi.movie_id = t.id)
  ->  Seq Scan on movie_info mi  (cost=0.00..346232.03 rows=5263441 width=4) (actual time=90.139..5537.672 rows=5270569 loops=1)
        Filter: (info_type_id > 15)
        Rows Removed by Filter: 9565151
  ->  Hash  (cost=95000.92..95000.92 rows=14766 width=8) (actual time=1703.219..1703.219 rows=19681 loops=1)
        Buckets: 32768 (originally 16384)  Batches: 1 (originally 1)  Memory Usage: 1025kB
        ->  Hash Join  (cost=67942.77..95000.92 rows=14766 width=8) (actual time=1029.420..1695.806 rows=19681 loops=1)
              Hash Cond: (mi_idx.movie_id = t.id)
              ->  Seq Scan on movie_info_idx mi_idx  (cost=0.00..21735.35 rows=1380035 width=4) (actual time=0.026..326.095 rows=1380035 loops=1)
              ->  Hash  (cost=67604.59..67604.59 rows=27055 width=4) (actual time=1029.209..1029.209 rows=26775 loops=1)
                    Buckets: 32768  Batches: 1  Memory Usage: 1198kB
                    ->  Seq Scan on title t  (cost=0.00..67604.59 rows=27055 width=4) (actual time=0.022..1017.599 rows=26775 loops=1)
                          Filter: (production_year = 1993)
                          Rows Removed by Filter: 2501537
Planning time: 1.170 ms
Execution time: 8253.058 ms
