Seq Scan on movie_companies mc  (cost=0.00..57926.93 rows=751412 width=0) (actual time=0.020..999.370 rows=1032528 loops=1)
  Filter: ((company_id < 14229) AND (company_type_id = 1))
  Rows Removed by Filter: 1576601
Planning time: 0.372 ms
Execution time: 1128.153 ms
