Seq Scan on movie_keyword mk  (cost=0.00..81003.12 rows=1598186 width=0) (actual time=0.011..1515.218 rows=1610683 loops=1)
  Filter: (keyword_id > 9420)
  Rows Removed by Filter: 2913247
Planning time: 0.303 ms
Execution time: 1723.073 ms
