Hash Join  (cost=160526.42..1309697.25 rows=7814333 width=0) (actual time=3285.568..36972.783 rows=10856979 loops=1)
  Hash Cond: (ci.movie_id = t.id)
  ->  Seq Scan on cast_info ci  (cost=0.00..796071.18 rows=23495826 width=4) (actual time=0.010..19316.115 rows=23564501 loops=1)
        Filter: ((person_id < 4060447) AND (role_id > 1))
        Rows Removed by Filter: 12679843
  ->  Hash  (cost=146729.58..146729.58 rows=840947 width=8) (actual time=3284.110..3284.110 rows=425718 loops=1)
        Buckets: 131072  Batches: 16  Memory Usage: 2062kB
        ->  Hash Join  (cost=92883.59..146729.58 rows=840947 width=8) (actual time=1667.196..3150.809 rows=425718 loops=1)
              Hash Cond: (mi_idx.movie_id = t.id)
              ->  Seq Scan on movie_info_idx mi_idx  (cost=0.00..21735.35 rows=1380035 width=4) (actual time=0.022..451.417 rows=1380035 loops=1)
              ->  Hash  (cost=67604.59..67604.59 rows=1540800 width=4) (actual time=1666.567..1666.567 rows=1543264 loops=1)
                    Buckets: 131072  Batches: 32  Memory Usage: 2722kB
                    ->  Seq Scan on title t  (cost=0.00..67604.59 rows=1540800 width=4) (actual time=0.011..1175.361 rows=1543264 loops=1)
                          Filter: (kind_id = 7)
                          Rows Removed by Filter: 985048
Planning time: 0.785 ms
Execution time: 38264.152 ms
