Hash Join  (cost=116625.88..952507.40 rows=744305 width=0) (actual time=3106.441..19643.280 rows=1749620 loops=1)
  Hash Cond: (ci.movie_id = t.id)
  ->  Seq Scan on cast_info ci  (cost=0.00..705507.15 rows=10571547 width=4) (actual time=280.969..12853.630 rows=10405487 loops=1)
        Filter: (person_id < 1022088)
        Rows Removed by Filter: 25838857
  ->  Hash  (cost=113704.57..113704.57 rows=178025 width=8) (actual time=2403.578..2403.578 rows=189650 loops=1)
        Buckets: 131072  Batches: 4  Memory Usage: 2873kB
        ->  Hash Join  (cost=72956.84..113704.57 rows=178025 width=8) (actual time=1172.633..2342.940 rows=189650 loops=1)
              Hash Cond: (mi_idx.movie_id = t.id)
              ->  Seq Scan on movie_info_idx mi_idx  (cost=0.00..21735.35 rows=1380035 width=4) (actual time=0.027..479.867 rows=1380035 loops=1)
              ->  Hash  (cost=67604.59..67604.59 rows=326180 width=4) (actual time=1169.292..1169.292 rows=323245 loops=1)
                    Buckets: 131072  Batches: 8  Memory Usage: 2437kB
                    ->  Seq Scan on title t  (cost=0.00..67604.59 rows=326180 width=4) (actual time=0.019..1062.310 rows=323245 loops=1)
                          Filter: (production_year < 1967)
                          Rows Removed by Filter: 2205067
Planning time: 7.528 ms
Execution time: 19823.038 ms
