Seq Scan on cast_info ci  (cost=0.00..796071.18 rows=2135967 width=0) (actual time=0.013..13470.687 rows=688903 loops=1)
  Filter: ((person_id < 1759000) AND (role_id = 10))
  Rows Removed by Filter: 35555441
Planning time: 0.378 ms
Execution time: 13555.464 ms
