Hash Join  (cost=190230.21..276091.25 rows=932019 width=0) (actual time=4593.280..7406.753 rows=2551974 loops=1)
  Hash Cond: (mc.movie_id = t.id)
  ->  Seq Scan on movie_companies mc  (cost=0.00..51404.11 rows=1707663 width=4) (actual time=0.020..1080.315 rows=1709988 loops=1)
        Filter: (company_id > 2853)
        Rows Removed by Filter: 899141
  ->  Hash  (cost=167588.78..167588.78 rows=1380035 width=8) (actual time=4589.472..4589.472 rows=1380035 loops=1)
        Buckets: 131072  Batches: 32  Memory Usage: 2708kB
        ->  Hash Join  (cost=102767.86..167588.78 rows=1380035 width=8) (actual time=2181.819..4180.724 rows=1380035 loops=1)
              Hash Cond: (mi_idx.movie_id = t.id)
              ->  Seq Scan on movie_info_idx mi_idx  (cost=0.00..21735.35 rows=1380035 width=4) (actual time=0.018..478.078 rows=1380035 loops=1)
              ->  Hash  (cost=61283.27..61283.27 rows=2528527 width=4) (actual time=2180.241..2180.241 rows=2528312 loops=1)
                    Buckets: 131072  Batches: 64  Memory Usage: 2415kB
                    ->  Seq Scan on title t  (cost=0.00..61283.27 rows=2528527 width=4) (actual time=0.013..1331.110 rows=2528312 loops=1)
Planning time: 2.438 ms
Execution time: 7715.125 ms
