Seq Scan on cast_info ci  (cost=0.00..796071.18 rows=1383148 width=0) (actual time=0.075..13379.977 rows=1237749 loops=1)
  Filter: ((person_id < 1808789) AND (role_id = 4))
  Rows Removed by Filter: 35006595
Planning time: 0.279 ms
Execution time: 13511.871 ms
