Hash Join  (cost=102767.86..1321447.19 rows=20916073 width=0) (actual time=1878.812..34013.507 rows=20794242 loops=1)
  Hash Cond: (ci.movie_id = t.id)
  ->  Seq Scan on cast_info ci  (cost=0.00..705507.15 rows=20916073 width=4) (actual time=0.018..14993.061 rows=20794242 loops=1)
        Filter: (person_id < 2094840)
        Rows Removed by Filter: 15450102
  ->  Hash  (cost=61283.27..61283.27 rows=2528527 width=4) (actual time=1876.666..1876.666 rows=2528312 loops=1)
        Buckets: 131072  Batches: 64  Memory Usage: 2415kB
        ->  Seq Scan on title t  (cost=0.00..61283.27 rows=2528527 width=4) (actual time=0.008..1038.875 rows=2528312 loops=1)
Planning time: 0.787 ms
Execution time: 36204.911 ms
