Hash Join  (cost=147974.42..274845.95 rows=399649 width=0) (actual time=3188.611..7579.592 rows=4255936 loops=1)
  Hash Cond: (mk.movie_id = t.id)
  ->  Seq Scan on movie_keyword mk  (cost=0.00..69693.30 rows=4523930 width=4) (actual time=0.023..1556.631 rows=4523930 loops=1)
  ->  Hash  (cost=144309.26..144309.26 rows=223373 width=8) (actual time=3187.604..3187.604 rows=326938 loops=1)
        Buckets: 131072 (originally 131072)  Batches: 8 (originally 4)  Memory Usage: 3073kB
        ->  Hash Join  (cost=76440.79..144309.26 rows=223373 width=8) (actual time=1422.735..3082.535 rows=326938 loops=1)
              Hash Cond: (mc.movie_id = t.id)
              ->  Seq Scan on movie_companies mc  (cost=0.00..51404.11 rows=1048702 width=4) (actual time=0.010..985.349 rows=1046772 loops=1)
                    Filter: (company_id < 6087)
                    Rows Removed by Filter: 1562357
              ->  Hash  (cost=67604.59..67604.59 rows=538576 width=4) (actual time=1421.812..1421.812 rows=538190 loops=1)
                    Buckets: 131072  Batches: 8  Memory Usage: 3380kB
                    ->  Seq Scan on title t  (cost=0.00..67604.59 rows=538576 width=4) (actual time=0.022..1251.253 rows=538190 loops=1)
                          Filter: (production_year < 1982)
                          Rows Removed by Filter: 1990122
Planning time: 2.347 ms
Execution time: 8028.527 ms
