Hash Join  (cost=70241.71..140469.19 rows=60825 width=0) (actual time=1094.825..2659.086 rows=30100 loops=1)
  Hash Cond: (mc.movie_id = t.id)
  ->  Seq Scan on movie_companies mc  (cost=0.00..57926.93 rows=956877 width=4) (actual time=0.022..1131.589 rows=645095 loops=1)
        Filter: ((company_id < 39534) AND (company_type_id > 1))
        Rows Removed by Filter: 1964034
  ->  Hash  (cost=67604.59..67604.59 rows=160730 width=4) (actual time=1093.983..1093.983 rows=160017 loops=1)
        Buckets: 131072  Batches: 4  Memory Usage: 2436kB
        ->  Seq Scan on title t  (cost=0.00..67604.59 rows=160730 width=4) (actual time=0.029..1036.815 rows=160017 loops=1)
              Filter: (production_year = 2011)
              Rows Removed by Filter: 2368295
Planning time: 0.764 ms
Execution time: 2663.504 ms
