Hash Join  (cost=67330.48..415339.41 rows=84 width=0) (actual time=1916.456..6375.772 rows=21 loops=1)
  Hash Cond: (mi.movie_id = t.id)
  ->  Seq Scan on movie_info mi  (cost=0.00..346232.03 rows=473617 width=4) (actual time=985.947..5465.019 rows=486554 loops=1)
        Filter: (info_type_id = 5)
        Rows Removed by Filter: 14349166
  ->  Hash  (cost=67324.85..67324.85 rows=450 width=8) (actual time=847.422..847.422 rows=22 loops=1)
        Buckets: 1024  Batches: 1  Memory Usage: 9kB
        ->  Nested Loop  (cost=0.43..67324.85 rows=450 width=8) (actual time=0.175..847.362 rows=22 loops=1)
              ->  Seq Scan on movie_companies mc  (cost=0.00..57926.93 rows=1152 width=4) (actual time=0.137..846.429 rows=22 loops=1)
                    Filter: ((company_type_id > 1) AND (company_id = 1461))
                    Rows Removed by Filter: 2609107
              ->  Index Scan using title_pkey on title t  (cost=0.43..8.15 rows=1 width=4) (actual time=0.037..0.037 rows=1 loops=22)
                    Index Cond: (id = mc.movie_id)
                    Filter: (kind_id < 7)
Planning time: 1.252 ms
Execution time: 6375.929 ms
