Hash Join  (cost=180200.61..702141.37 rows=3948783 width=0) (actual time=4979.226..19565.731 rows=3121135 loops=1)
  Hash Cond: (mi.movie_id = t.id)
  ->  Seq Scan on movie_info mi  (cost=0.00..309384.22 rows=14739122 width=4) (actual time=0.011..6170.534 rows=14835720 loops=1)
  ->  Hash  (cost=169085.84..169085.84 rows=677422 width=8) (actual time=4656.777..4656.777 rows=361231 loops=1)
        Buckets: 131072  Batches: 16  Memory Usage: 1906kB
        ->  Hash Join  (cost=84697.09..169085.84 rows=677422 width=8) (actual time=2429.956..4543.972 rows=361231 loops=1)
              Hash Cond: (mc.movie_id = t.id)
              ->  Seq Scan on movie_companies mc  (cost=0.00..44881.29 rows=2609129 width=4) (actual time=0.015..964.166 rows=2609129 loops=1)
              ->  Hash  (cost=73925.90..73925.90 rows=656495 width=4) (actual time=2207.123..2207.123 rows=556797 loops=1)
                    Buckets: 131072  Batches: 16  Memory Usage: 2246kB
                    ->  Seq Scan on title t  (cost=0.00..73925.90 rows=656495 width=4) (actual time=0.012..1229.653 rows=556797 loops=1)
                          Filter: ((production_year < 2001) AND (kind_id = 7))
                          Rows Removed by Filter: 1971515
Planning time: 1.231 ms
Execution time: 19914.736 ms
