Hash Join  (cost=100908.38..187594.80 rows=2838 width=0) (actual time=1656.674..3542.991 rows=88223 loops=1)
  Hash Cond: (mk.movie_id = t.id)
  ->  Seq Scan on movie_keyword mk  (cost=0.00..69693.30 rows=4523930 width=4) (actual time=0.013..1053.703 rows=4523930 loops=1)
  ->  Hash  (cost=100888.56..100888.56 rows=1586 width=8) (actual time=1654.352..1654.352 rows=7871 loops=1)
        Buckets: 8192 (originally 2048)  Batches: 1 (originally 1)  Memory Usage: 372kB
        ->  Hash Join  (cost=73962.22..100888.56 rows=1586 width=8) (actual time=1108.271..1651.565 rows=7871 loops=1)
              Hash Cond: (mi_idx.movie_id = t.id)
              ->  Seq Scan on movie_info_idx mi_idx  (cost=0.00..21735.35 rows=1380035 width=4) (actual time=0.016..269.025 rows=1380035 loops=1)
              ->  Hash  (cost=73925.90..73925.90 rows=2905 width=4) (actual time=1108.087..1108.087 rows=6650 loops=1)
                    Buckets: 8192 (originally 4096)  Batches: 1 (originally 1)  Memory Usage: 298kB
                    ->  Seq Scan on title t  (cost=0.00..73925.90 rows=2905 width=4) (actual time=0.196..1102.707 rows=6650 loops=1)
                          Filter: ((kind_id < 7) AND (production_year = 1981))
                          Rows Removed by Filter: 2521662
Planning time: 1.155 ms
Execution time: 3554.094 ms
