Hash Join  (cost=69002.72..999430.15 rows=379556 width=0) (actual time=1016.909..24196.048 rows=589365 loops=1)
  Hash Cond: (ci.movie_id = t.id)
  ->  Seq Scan on cast_info ci  (cost=0.00..796071.18 rows=11262850 width=4) (actual time=0.015..15976.292 rows=17489703 loops=1)
        Filter: ((person_id > 1869382) AND (role_id > 1))
        Rows Removed by Filter: 18754641
  ->  Hash  (cost=67604.59..67604.59 rows=85211 width=4) (actual time=1016.229..1016.229 rows=84593 loops=1)
        Buckets: 131072  Batches: 2  Memory Usage: 2518kB
        ->  Seq Scan on title t  (cost=0.00..67604.59 rows=85211 width=4) (actual time=0.018..984.402 rows=84593 loops=1)
              Filter: (production_year = 2004)
              Rows Removed by Filter: 2443719
Planning time: 0.840 ms
Execution time: 24275.461 ms
