Seq Scan on movie_companies mc  (cost=0.00..57926.93 rows=991237 width=0) (actual time=0.016..1229.836 rows=690662 loops=1)
  Filter: ((company_id < 50728) AND (company_type_id > 1))
  Rows Removed by Filter: 1918467
Planning time: 0.310 ms
Execution time: 1316.617 ms
