Hash Join  (cost=322367.24..1914841.53 rows=45568210 width=0) (actual time=7715.998..74933.535 rows=152297392 loops=1)
  Hash Cond: (ci.movie_id = t.id)
  ->  Seq Scan on cast_info ci  (cost=0.00..614943.12 rows=36225612 width=4) (actual time=0.011..13919.007 rows=36244344 loops=1)
  ->  Hash  (cost=270184.30..270184.30 rows=3180635 width=8) (actual time=7714.640..7714.640 rows=3169977 loops=1)
        Buckets: 131072  Batches: 64  Memory Usage: 2977kB
        ->  Hash Join  (cost=102767.86..270184.30 rows=3180635 width=8) (actual time=2314.313..6748.168 rows=3169977 loops=1)
              Hash Cond: (mk.movie_id = t.id)
              ->  Seq Scan on movie_keyword mk  (cost=0.00..81003.12 rows=3180635 width=4) (actual time=0.016..1639.883 rows=3169977 loops=1)
                    Filter: (keyword_id < 12457)
                    Rows Removed by Filter: 1353953
              ->  Hash  (cost=61283.27..61283.27 rows=2528527 width=4) (actual time=2312.972..2312.972 rows=2528312 loops=1)
                    Buckets: 131072  Batches: 64  Memory Usage: 2425kB
                    ->  Seq Scan on title t  (cost=0.00..61283.27 rows=2528527 width=4) (actual time=0.019..1111.026 rows=2528312 loops=1)
Planning time: 0.731 ms
Execution time: 91247.525 ms
