Seq Scan on movie_keyword mk  (cost=0.00..81003.12 rows=246 width=0) (actual time=27.475..1170.350 rows=135 loops=1)
  Filter: (keyword_id = 18779)
  Rows Removed by Filter: 4523795
Planning time: 6.470 ms
Execution time: 1170.540 ms
