Hash Join  (cost=100586.94..272065.16 rows=3596827 width=0) (actual time=1956.550..6655.750 rows=3355850 loops=1)
  Hash Cond: (mk.movie_id = t.id)
  ->  Seq Scan on movie_keyword mk  (cost=0.00..69693.30 rows=4523930 width=4) (actual time=0.022..1450.236 rows=4523930 loops=1)
  ->  Hash  (cost=67604.59..67604.59 rows=2010348 width=4) (actual time=1955.059..1955.059 rows=2004649 loops=1)
        Buckets: 131072  Batches: 32  Memory Usage: 3241kB
        ->  Seq Scan on title t  (cost=0.00..67604.59 rows=2010348 width=4) (actual time=0.012..1293.870 rows=2004649 loops=1)
              Filter: (production_year > 1975)
              Rows Removed by Filter: 523663
Planning time: 0.727 ms
Execution time: 7053.709 ms
