Hash Join  (cost=69390.36..202368.63 rows=117623 width=106) (actual time=1344.993..4768.919 rows=38625 loops=1)
  Hash Cond: (mk.movie_id = t.id)
  ->  Seq Scan on movie_keyword mk  (cost=0.00..69693.30 rows=4523930 width=12) (actual time=0.023..1247.258 rows=4523930 loops=1)
  ->  Hash  (cost=67604.59..67604.59 rows=65742 width=94) (actual time=1343.794..1343.794 rows=63827 loops=1)
        Buckets: 32768  Batches: 4  Memory Usage: 2048kB
        ->  Seq Scan on title t  (cost=0.00..67604.59 rows=65742 width=94) (actual time=0.018..1311.591 rows=63827 loops=1)
              Filter: (production_year = 2013)
              Rows Removed by Filter: 2464485
Planning time: 0.774 ms
Execution time: 4771.666 ms
