Seq Scan on movie_keyword mk  (cost=0.00..81003.12 rows=246 width=0) (actual time=1.833..1197.445 rows=1080 loops=1)
  Filter: (keyword_id = 804)
  Rows Removed by Filter: 4522850
Planning time: 0.352 ms
Execution time: 1197.876 ms
