Hash Join  (cost=150592.51..1239811.53 rows=5394487 width=0) (actual time=3572.780..37298.273 rows=12134910 loops=1)
  Hash Cond: (ci.movie_id = t.id)
  ->  Seq Scan on cast_info ci  (cost=0.00..614943.12 rows=36225612 width=4) (actual time=0.014..12906.431 rows=36244344 loops=1)
  ->  Hash  (cost=144414.86..144414.86 rows=376532 width=8) (actual time=3571.553..3571.553 rows=416027 loops=1)
        Buckets: 131072  Batches: 8  Memory Usage: 3062kB
        ->  Hash Join  (cost=101489.21..144414.86 rows=376532 width=8) (actual time=2183.400..3446.401 rows=416027 loops=1)
              Hash Cond: (mi_idx.movie_id = t.id)
              ->  Seq Scan on movie_info_idx mi_idx  (cost=0.00..25185.44 rows=460978 width=4) (actual time=0.016..509.124 rows=459925 loops=1)
                    Filter: (info_type_id = 99)
                    Rows Removed by Filter: 920110
              ->  Hash  (cost=67604.59..67604.59 rows=2065330 width=4) (actual time=2182.261..2182.261 rows=2064552 loops=1)
                    Buckets: 131072  Batches: 32  Memory Usage: 3289kB
                    ->  Seq Scan on title t  (cost=0.00..67604.59 rows=2065330 width=4) (actual time=0.014..1496.392 rows=2064552 loops=1)
                          Filter: (production_year < 2011)
                          Rows Removed by Filter: 463760
Planning time: 1.243 ms
Execution time: 38765.388 ms
