Nested Loop  (cost=0.43..58375.31 rows=49 width=0) (actual time=725.612..914.371 rows=2 loops=1)
  ->  Seq Scan on movie_companies mc  (cost=0.00..57926.93 rows=53 width=4) (actual time=725.563..914.277 rows=2 loops=1)
        Filter: ((company_id = 702) AND (company_type_id = 2))
        Rows Removed by Filter: 2609127
  ->  Index Scan using title_pkey on title t  (cost=0.43..8.45 rows=1 width=4) (actual time=0.038..0.039 rows=1 loops=2)
        Index Cond: (id = mc.movie_id)
        Filter: (production_year > 1924)
Planning time: 0.768 ms
Execution time: 914.465 ms
