Seq Scan on cast_info ci  (cost=0.00..705507.15 rows=22397482 width=0) (actual time=0.019..13155.361 rows=22243423 loops=1)
  Filter: (person_id < 2266497)
  Rows Removed by Filter: 14000921
Planning time: 0.243 ms
Execution time: 15981.133 ms
