Hash Join  (cost=221392.80..761565.64 rows=3930798 width=0) (actual time=5475.359..34965.953 rows=67284653 loops=1)
  Hash Cond: (mi.movie_id = t.id)
  ->  Seq Scan on movie_info mi  (cost=0.00..309384.22 rows=14739122 width=4) (actual time=0.010..6165.761 rows=14835720 loops=1)
  ->  Hash  (cost=210328.59..210328.59 rows=674337 width=8) (actual time=5474.433..5474.433 rows=891898 loops=1)
        Buckets: 131072  Batches: 16  Memory Usage: 3397kB
        ->  Hash Join  (cost=80110.18..210328.59 rows=674337 width=8) (actual time=1887.611..5225.403 rows=891898 loops=1)
              Hash Cond: (mk.movie_id = t.id)
              ->  Seq Scan on movie_keyword mk  (cost=0.00..69693.30 rows=4523930 width=4) (actual time=0.025..1365.819 rows=4523930 loops=1)
              ->  Hash  (cost=73925.90..73925.90 rows=376902 width=4) (actual time=1886.912..1886.912 rows=300122 loops=1)
                    Buckets: 131072  Batches: 8  Memory Usage: 2346kB
                    ->  Seq Scan on title t  (cost=0.00..73925.90 rows=376902 width=4) (actual time=0.029..1094.383 rows=300122 loops=1)
                          Filter: ((kind_id < 4) AND (production_year > 2004))
                          Rows Removed by Filter: 2228190
Planning time: 1.605 ms
Execution time: 42240.862 ms
