Hash Join  (cost=102767.86..171241.81 rows=298821 width=0) (actual time=1950.012..3952.074 rows=292877 loops=1)
  Hash Cond: (mc.movie_id = t.id)
  ->  Seq Scan on movie_companies mc  (cost=0.00..51404.11 rows=298821 width=4) (actual time=0.024..836.806 rows=292877 loops=1)
        Filter: (company_id < 160)
        Rows Removed by Filter: 2316252
  ->  Hash  (cost=61283.27..61283.27 rows=2528527 width=4) (actual time=1948.894..1948.894 rows=2528312 loops=1)
        Buckets: 131072  Batches: 64  Memory Usage: 2415kB
        ->  Seq Scan on title t  (cost=0.00..61283.27 rows=2528527 width=4) (actual time=0.018..1093.173 rows=2528312 loops=1)
Planning time: 3.697 ms
Execution time: 3983.677 ms
