Hash Join  (cost=161784.19..879731.73 rows=38805 width=0) (actual time=5565.970..16211.958 rows=361725 loops=1)
  Hash Cond: (ci.movie_id = t.id)
  ->  Seq Scan on cast_info ci  (cost=0.00..705507.15 rows=2410470 width=4) (actual time=197.490..11649.926 rows=2352194 loops=1)
        Filter: (person_id < 228813)
        Rows Removed by Filter: 33892150
  ->  Hash  (cost=161275.38..161275.38 rows=40705 width=8) (actual time=2992.682..2992.682 rows=101621 loops=1)
        Buckets: 131072 (originally 65536)  Batches: 2 (originally 1)  Memory Usage: 3073kB
        ->  Hash Join  (cost=74210.29..161275.38 rows=40705 width=8) (actual time=1132.973..2956.111 rows=101621 loops=1)
              Hash Cond: (mk.movie_id = t.id)
              ->  Seq Scan on movie_keyword mk  (cost=0.00..69693.30 rows=4523930 width=4) (actual time=0.024..946.080 rows=4523930 loops=1)
              ->  Hash  (cost=73925.90..73925.90 rows=22751 width=4) (actual time=1132.625..1132.625 rows=18892 loops=1)
                    Buckets: 32768  Batches: 1  Memory Usage: 921kB
                    ->  Seq Scan on title t  (cost=0.00..73925.90 rows=22751 width=4) (actual time=0.031..1124.034 rows=18892 loops=1)
                          Filter: ((kind_id < 7) AND (production_year = 2001))
                          Rows Removed by Filter: 2509420
Planning time: 1.115 ms
Execution time: 16256.020 ms
