Seq Scan on movie_keyword mk  (cost=0.00..81003.12 rows=1659405 width=0) (actual time=0.030..1227.761 rows=1672284 loops=1)
  Filter: (keyword_id < 2562)
  Rows Removed by Filter: 2851646
Planning time: 0.318 ms
Execution time: 1414.588 ms
