Seq Scan on movie_keyword mk  (cost=0.00..81003.12 rows=989854 width=0) (actual time=0.023..1361.651 rows=999286 loops=1)
  Filter: (keyword_id > 18573)
  Rows Removed by Filter: 3524644
Planning time: 0.295 ms
Execution time: 1489.310 ms
