Hash Join  (cost=197642.75..334225.51 rows=1196772 width=0) (actual time=3878.348..9497.606 rows=10294663 loops=1)
  Hash Cond: (mk.movie_id = t.id)
  ->  Seq Scan on movie_keyword mk  (cost=0.00..69693.30 rows=4523930 width=4) (actual time=0.020..1343.372 rows=4523930 loops=1)
  ->  Hash  (cost=186668.47..186668.47 rows=668903 width=8) (actual time=3877.464..3877.464 rows=443036 loops=1)
        Buckets: 131072  Batches: 16  Memory Usage: 2143kB
        ->  Hash Join  (cost=102767.86..186668.47 rows=668903 width=8) (actual time=2087.611..3756.154 rows=443036 loops=1)
              Hash Cond: (mc.movie_id = t.id)
              ->  Seq Scan on movie_companies mc  (cost=0.00..57926.93 rows=668903 width=4) (actual time=149.456..1126.656 rows=443036 loops=1)
                    Filter: ((company_id > 11141) AND (company_type_id < 2))
                    Rows Removed by Filter: 2166093
              ->  Hash  (cost=61283.27..61283.27 rows=2528527 width=4) (actual time=1937.203..1937.203 rows=2528312 loops=1)
                    Buckets: 131072  Batches: 64  Memory Usage: 2415kB
                    ->  Seq Scan on title t  (cost=0.00..61283.27 rows=2528527 width=4) (actual time=0.023..1116.235 rows=2528312 loops=1)
Planning time: 1.105 ms
Execution time: 10703.639 ms
