Seq Scan on cast_info ci  (cost=0.00..705507.15 rows=33611990 width=0) (actual time=0.014..12932.251 rows=33672032 loops=1)
  Filter: (person_id > 247753)
  Rows Removed by Filter: 2572312
Planning time: 1.327 ms
Execution time: 16971.908 ms
