Seq Scan on movie_keyword mk  (cost=0.00..81003.12 rows=1184112 width=0) (actual time=0.023..1359.031 rows=1194616 loops=1)
  Filter: (keyword_id > 15465)
  Rows Removed by Filter: 3329314
Planning time: 0.314 ms
Execution time: 1508.985 ms
