Hash Join  (cost=135434.64..889275.36 rows=61085 width=0) (actual time=3665.636..18162.504 rows=71304 loops=1)
  Hash Cond: (ci.movie_id = t.id)
  ->  Seq Scan on cast_info ci  (cost=0.00..705507.15 rows=12726058 width=4) (actual time=1266.691..13602.028 rows=12670688 loops=1)
        Filter: (role_id < 2)
        Rows Removed by Filter: 23573656
  ->  Hash  (cost=135282.93..135282.93 rows=12137 width=8) (actual time=2398.661..2398.661 rows=6905 loops=1)
        Buckets: 16384  Batches: 1  Memory Usage: 398kB
        ->  Hash Join  (cost=74440.79..135282.93 rows=12137 width=8) (actual time=1979.809..2396.161 rows=6905 loops=1)
              Hash Cond: (mc.movie_id = t.id)
              ->  Seq Scan on movie_companies mc  (cost=0.00..57926.93 rows=745022 width=4) (actual time=0.022..1010.296 rows=1022174 loops=1)
                    Filter: ((company_id < 14048) AND (company_type_id = 1))
                    Rows Removed by Filter: 1586955
              ->  Hash  (cost=73925.90..73925.90 rows=41191 width=4) (actual time=1148.760..1148.760 rows=43851 loops=1)
                    Buckets: 65536  Batches: 1  Memory Usage: 2054kB
                    ->  Seq Scan on title t  (cost=0.00..73925.90 rows=41191 width=4) (actual time=0.029..1130.485 rows=43851 loops=1)
                          Filter: ((kind_id = 7) AND (production_year = 2003))
                          Rows Removed by Filter: 2484461
Planning time: 1.159 ms
Execution time: 18173.969 ms
