Seq Scan on cast_info ci  (cost=0.00..705507.15 rows=22787205 width=0) (actual time=0.015..12835.776 rows=22660535 loops=1)
  Filter: (person_id < 2312745)
  Rows Removed by Filter: 13583809
Planning time: 0.327 ms
Execution time: 15652.113 ms
