Hash Join  (cost=365418.15..2137295.92 rows=54457583 width=0) (actual time=8347.788..81685.657 rows=180206622 loops=1)
  Hash Cond: (ci.movie_id = t.id)
  ->  Seq Scan on cast_info ci  (cost=0.00..705507.15 rows=30437577 width=4) (actual time=0.022..16702.923 rows=30538219 loops=1)
        Filter: (person_id > 552359)
        Rows Removed by Filter: 5706125
  ->  Hash  (cost=291197.02..291197.02 rows=4523930 width=8) (actual time=8345.615..8345.615 rows=4523930 loops=1)
        Buckets: 131072  Batches: 64  Memory Usage: 3816kB
        ->  Hash Join  (cost=102767.86..291197.02 rows=4523930 width=8) (actual time=1985.659..7059.297 rows=4523930 loops=1)
              Hash Cond: (mk.movie_id = t.id)
              ->  Seq Scan on movie_keyword mk  (cost=0.00..69693.30 rows=4523930 width=4) (actual time=0.013..1378.145 rows=4523930 loops=1)
              ->  Hash  (cost=61283.27..61283.27 rows=2528527 width=4) (actual time=1984.018..1984.018 rows=2528312 loops=1)
                    Buckets: 131072  Batches: 64  Memory Usage: 2425kB
                    ->  Seq Scan on title t  (cost=0.00..61283.27 rows=2528527 width=4) (actual time=0.009..1107.215 rows=2528312 loops=1)
Planning time: 1.120 ms
Execution time: 100708.193 ms
