Seq Scan on movie_companies mc  (cost=0.00..57926.93 rows=286029 width=0) (actual time=0.035..905.090 rows=144517 loops=1)
  Filter: ((company_id < 588) AND (company_type_id > 1))
  Rows Removed by Filter: 2464612
Planning time: 0.315 ms
Execution time: 923.590 ms
