Hash Join  (cost=263115.61..464162.05 rows=4649167 width=0) (actual time=6710.261..18602.902 rows=34696735 loops=1)
  Hash Cond: (mk.movie_id = t.id)
  ->  Seq Scan on movie_keyword mk  (cost=0.00..81003.12 rows=4505544 width=4) (actual time=0.015..1871.052 rows=4508701 loops=1)
        Filter: (keyword_id < 120955)
        Rows Removed by Filter: 15229
  ->  Hash  (cost=220309.49..220309.49 rows=2609129 width=8) (actual time=6706.262..6706.262 rows=2609129 loops=1)
        Buckets: 131072  Batches: 64  Memory Usage: 2691kB
        ->  Hash Join  (cost=102767.86..220309.49 rows=2609129 width=8) (actual time=1910.284..5265.966 rows=2609129 loops=1)
              Hash Cond: (mc.movie_id = t.id)
              ->  Seq Scan on movie_companies mc  (cost=0.00..44881.29 rows=2609129 width=4) (actual time=0.018..864.123 rows=2609129 loops=1)
              ->  Hash  (cost=61283.27..61283.27 rows=2528527 width=4) (actual time=1909.451..1909.451 rows=2528312 loops=1)
                    Buckets: 131072  Batches: 64  Memory Usage: 2415kB
                    ->  Seq Scan on title t  (cost=0.00..61283.27 rows=2528527 width=4) (actual time=0.011..1075.503 rows=2528312 loops=1)
Planning time: 1.173 ms
Execution time: 22226.279 ms
