Hash Join  (cost=86810.27..939174.13 rows=3044492 width=0) (actual time=3506.656..20645.931 rows=3292463 loops=1)
  Hash Cond: (ci.movie_id = t.id)
  ->  Seq Scan on cast_info ci  (cost=0.00..705507.15 rows=9802612 width=4) (actual time=1817.444..12860.864 rows=9775975 loops=1)
        Filter: (person_id > 2732811)
        Rows Removed by Filter: 26468369
  ->  Hash  (cost=73925.90..73925.90 rows=785309 width=4) (actual time=1688.416..1688.416 rows=695753 loops=1)
        Buckets: 131072  Batches: 16  Memory Usage: 2553kB
        ->  Seq Scan on title t  (cost=0.00..73925.90 rows=785309 width=4) (actual time=0.021..1163.789 rows=695753 loops=1)
              Filter: ((kind_id < 7) AND (production_year > 1975))
              Rows Removed by Filter: 1832559
Planning time: 0.654 ms
Execution time: 21040.387 ms
