Hash Join  (cost=80110.18..1169384.21 rows=5399786 width=0) (actual time=1354.989..30531.803 rows=5049029 loops=1)
  Hash Cond: (ci.movie_id = t.id)
  ->  Seq Scan on cast_info ci  (cost=0.00..614943.12 rows=36225612 width=4) (actual time=0.019..12869.898 rows=36244344 loops=1)
  ->  Hash  (cost=73925.90..73925.90 rows=376902 width=4) (actual time=1353.919..1353.919 rows=300122 loops=1)
        Buckets: 131072  Batches: 8  Memory Usage: 2339kB
        ->  Seq Scan on title t  (cost=0.00..73925.90 rows=376902 width=4) (actual time=0.028..1258.361 rows=300122 loops=1)
              Filter: ((kind_id < 4) AND (production_year > 2004))
              Rows Removed by Filter: 2228190
Planning time: 0.732 ms
Execution time: 31076.065 ms
