Hash Join  (cost=154532.77..279453.25 rows=239545 width=0) (actual time=2895.501..5513.466 rows=293290 loops=1)
  Hash Cond: (mk.movie_id = t.id)
  ->  Seq Scan on movie_keyword mk  (cost=0.00..69693.30 rows=4523930 width=4) (actual time=0.013..1338.227 rows=4523930 loops=1)
  ->  Hash  (cost=152336.18..152336.18 rows=133887 width=8) (actual time=2888.561..2888.561 rows=154036 loops=1)
        Buckets: 131072  Batches: 2  Memory Usage: 4035kB
        ->  Hash Join  (cost=84466.26..152336.18 rows=133887 width=8) (actual time=1662.005..2839.291 rows=154036 loops=1)
              Hash Cond: (mc.movie_id = t.id)
              ->  Seq Scan on movie_companies mc  (cost=0.00..57926.93 rows=526965 width=4) (actual time=274.706..1006.882 rows=736740 loops=1)
                    Filter: ((company_id < 6626) AND (company_type_id = 1))
                    Rows Removed by Filter: 1872389
              ->  Hash  (cost=73925.90..73925.90 rows=642428 width=4) (actual time=1386.236..1386.236 rows=516249 loops=1)
                    Buckets: 131072  Batches: 16  Memory Usage: 2158kB
                    ->  Seq Scan on title t  (cost=0.00..73925.90 rows=642428 width=4) (actual time=0.028..1219.654 rows=516249 loops=1)
                          Filter: ((kind_id > 3) AND (production_year < 1999))
                          Rows Removed by Filter: 2012063
Planning time: 1.176 ms
Execution time: 5545.617 ms
