Hash Join  (cost=76405.93..565611.96 rows=880910 width=0) (actual time=1322.655..15058.932 rows=2903359 loops=1)
  Hash Cond: (mi.movie_id = t.id)
  ->  Seq Scan on movie_info mi  (cost=0.00..309384.22 rows=14739122 width=4) (actual time=0.015..6348.259 rows=14835720 loops=1)
  ->  Hash  (cost=73925.90..73925.90 rows=151122 width=4) (actual time=1321.718..1321.718 rows=251875 loops=1)
        Buckets: 131072 (originally 131072)  Batches: 4 (originally 2)  Memory Usage: 3245kB
        ->  Seq Scan on title t  (cost=0.00..73925.90 rows=151122 width=4) (actual time=0.122..1226.755 rows=251875 loops=1)
              Filter: ((kind_id < 7) AND (production_year < 1971))
              Rows Removed by Filter: 2276437
Planning time: 0.707 ms
Execution time: 15397.302 ms
