Hash Join  (cost=83074.71..136122.60 rows=25 width=0) (actual time=1883.547..2223.280 rows=1 loops=1)
  Hash Cond: (mc.movie_id = t.id)
  ->  Seq Scan on movie_companies mc  (cost=0.00..51404.11 rows=438273 width=4) (actual time=0.022..838.767 rows=439315 loops=1)
        Filter: (company_id < 329)
        Rows Removed by Filter: 2169814
  ->  Hash  (cost=83072.90..83072.90 rows=145 width=8) (actual time=1323.072..1323.072 rows=4 loops=1)
        Buckets: 1024  Batches: 1  Memory Usage: 9kB
        ->  Nested Loop  (cost=0.43..83072.90 rows=145 width=8) (actual time=582.277..1323.056 rows=4 loops=1)
              ->  Seq Scan on movie_keyword mk  (cost=0.00..81003.12 rows=246 width=4) (actual time=0.438..1305.255 rows=563 loops=1)
                    Filter: (keyword_id = 20337)
                    Rows Removed by Filter: 4523367
              ->  Index Scan using title_pkey on title t  (cost=0.43..8.40 rows=1 width=4) (actual time=0.030..0.030 rows=0 loops=563)
                    Index Cond: (id = mk.movie_id)
                    Filter: ((production_year > 1900) AND (kind_id = 7))
                    Rows Removed by Filter: 1
Planning time: 1.219 ms
Execution time: 2223.403 ms
