Seq Scan on cast_info ci  (cost=0.00..705507.15 rows=22288786 width=0) (actual time=0.009..12908.534 rows=22329329 loops=1)
  Filter: (person_id > 1371364)
  Rows Removed by Filter: 13915015
Planning time: 0.342 ms
Execution time: 15663.897 ms
