Hash Join  (cost=87247.62..226949.20 rows=1452754 width=0) (actual time=1533.445..6388.405 rows=2966272 loops=1)
  Hash Cond: (mk.movie_id = t.id)
  ->  Seq Scan on movie_keyword mk  (cost=0.00..69693.30 rows=4523930 width=4) (actual time=0.015..1523.275 rows=4523930 loops=1)
  ->  Hash  (cost=73925.90..73925.90 rows=811977 width=4) (actual time=1531.762..1531.762 rows=725903 loops=1)
        Buckets: 131072  Batches: 16  Memory Usage: 2630kB
        ->  Seq Scan on title t  (cost=0.00..73925.90 rows=811977 width=4) (actual time=0.030..1290.584 rows=725903 loops=1)
              Filter: ((kind_id < 7) AND (production_year > 1970))
              Rows Removed by Filter: 1802409
Planning time: 0.722 ms
Execution time: 6733.278 ms
