Hash Join  (cost=180752.60..672031.66 rows=1075216 width=0) (actual time=3717.337..23066.588 rows=26107647 loops=1)
  Hash Cond: (mi.movie_id = t.id)
  ->  Seq Scan on movie_info mi  (cost=0.00..309384.22 rows=14739122 width=4) (actual time=0.015..5933.361 rows=14835720 loops=1)
  ->  Hash  (cost=177725.91..177725.91 rows=184455 width=8) (actual time=3716.669..3716.669 rows=567504 loops=1)
        Buckets: 131072 (originally 131072)  Batches: 8 (originally 4)  Memory Usage: 3904kB
        ->  Hash Join  (cost=82033.88..177725.91 rows=184455 width=8) (actual time=1397.402..3548.061 rows=567504 loops=1)
              Hash Cond: (mk.movie_id = t.id)
              ->  Seq Scan on movie_keyword mk  (cost=0.00..81003.12 rows=943829 width=4) (actual time=0.040..1445.408 rows=946324 loops=1)
                    Filter: (keyword_id < 889)
                    Rows Removed by Filter: 3577606
              ->  Hash  (cost=73925.90..73925.90 rows=494158 width=4) (actual time=1396.582..1396.582 rows=581419 loops=1)
                    Buckets: 131072  Batches: 8  Memory Usage: 3600kB
                    ->  Seq Scan on title t  (cost=0.00..73925.90 rows=494158 width=4) (actual time=0.016..1195.419 rows=581419 loops=1)
                          Filter: ((kind_id < 7) AND (production_year < 2004))
                          Rows Removed by Filter: 1946893
Planning time: 1.182 ms
Execution time: 25820.061 ms
