Hash Join  (cost=98137.04..905133.90 rows=3437627 width=0) (actual time=12660.666..19031.976 rows=3544053 loops=1)
  Hash Cond: (ci.movie_id = t.id)
  ->  Seq Scan on cast_info ci  (cost=0.00..705507.15 rows=4670689 width=4) (actual time=10691.707..13545.493 rows=4639136 loops=1)
        Filter: (role_id > 9)
        Rows Removed by Filter: 31605208
  ->  Hash  (cost=67604.59..67604.59 rows=1860996 width=4) (actual time=1967.218..1967.218 rows=1865487 loops=1)
        Buckets: 131072  Batches: 32  Memory Usage: 3079kB
        ->  Seq Scan on title t  (cost=0.00..67604.59 rows=1860996 width=4) (actual time=0.020..1378.502 rows=1865487 loops=1)
              Filter: (kind_id > 1)
              Rows Removed by Filter: 662825
Planning time: 2.325 ms
Execution time: 19436.632 ms
