Seq Scan on movie_companies mc  (cost=0.00..51404.11 rows=104 width=0) (actual time=186.620..753.884 rows=1 loops=1)
  Filter: (company_id = 204637)
  Rows Removed by Filter: 2609128
Planning time: 0.347 ms
Execution time: 753.953 ms
