Seq Scan on movie_keyword mk  (cost=0.00..81003.12 rows=839809 width=0) (actual time=0.027..1274.642 rows=846092 loops=1)
  Filter: (keyword_id > 21710)
  Rows Removed by Filter: 3677838
Planning time: 0.330 ms
Execution time: 1379.498 ms
