Hash Join  (cost=243319.60..819610.16 rows=7315772 width=0) (actual time=6939.387..66231.349 rows=199204844 loops=1)
  Hash Cond: (mi.movie_id = t.id)
  ->  Seq Scan on movie_info mi  (cost=0.00..309384.22 rows=14739122 width=4) (actual time=0.026..6405.013 rows=14835720 loops=1)
  ->  Hash  (cost=222728.65..222728.65 rows=1255036 width=8) (actual time=6937.540..6937.540 rows=3357259 loops=1)
        Buckets: 131072 (originally 131072)  Batches: 64 (originally 32)  Memory Usage: 3184kB
        ->  Hash Join  (cost=85435.26..222728.65 rows=1255036 width=8) (actual time=1540.621..5961.126 rows=3357259 loops=1)
              Hash Cond: (mk.movie_id = t.id)
              ->  Seq Scan on movie_keyword mk  (cost=0.00..69693.30 rows=4523930 width=4) (actual time=0.024..1491.162 rows=4523930 loops=1)
              ->  Hash  (cost=73925.90..73925.90 rows=701468 width=4) (actual time=1539.733..1539.733 rows=749931 loops=1)
                    Buckets: 131072  Batches: 16  Memory Usage: 2682kB
                    ->  Seq Scan on title t  (cost=0.00..73925.90 rows=701468 width=4) (actual time=0.010..1297.006 rows=749931 loops=1)
                          Filter: ((kind_id < 7) AND (production_year < 2009))
                          Rows Removed by Filter: 1778381
Planning time: 1.203 ms
Execution time: 86485.138 ms
