Hash Join  (cost=183169.16..260765.57 rows=184690 width=0) (actual time=3335.923..6479.757 rows=1769902 loops=1)
  Hash Cond: (mc.movie_id = t.id)
  ->  Seq Scan on movie_companies mc  (cost=0.00..44881.29 rows=2609129 width=4) (actual time=0.012..1024.600 rows=2609129 loops=1)
  ->  Hash  (cost=180231.86..180231.86 rows=178984 width=8) (actual time=3335.187..3335.187 rows=226434 loops=1)
        Buckets: 131072  Batches: 4  Memory Usage: 3255kB
        ->  Hash Join  (cost=88359.31..180231.86 rows=178984 width=8) (actual time=1604.433..3270.794 rows=226434 loops=1)
              Hash Cond: (mk.movie_id = t.id)
              ->  Seq Scan on movie_keyword mk  (cost=0.00..81003.12 rows=357755 width=4) (actual time=0.022..1232.999 rows=355421 loops=1)
                    Filter: (keyword_id > 46981)
                    Rows Removed by Filter: 4168509
              ->  Hash  (cost=67604.59..67604.59 rows=1265018 width=4) (actual time=1603.617..1603.617 rows=1263700 loops=1)
                    Buckets: 131072  Batches: 32  Memory Usage: 2418kB
                    ->  Seq Scan on title t  (cost=0.00..67604.59 rows=1265018 width=4) (actual time=0.020..1174.067 rows=1263700 loops=1)
                          Filter: (production_year < 2004)
                          Rows Removed by Filter: 1264612
Planning time: 1.110 ms
Execution time: 6684.526 ms
