Hash Join  (cost=69484.36..859754.14 rows=317871 width=0) (actual time=2009.385..16276.050 rows=263743 loops=1)
  Hash Cond: (ci.movie_id = t.id)
  ->  Seq Scan on cast_info ci  (cost=0.00..705507.15 rows=7017045 width=4) (actual time=970.461..12162.820 rows=6954665 loops=1)
        Filter: (person_id < 672131)
        Rows Removed by Filter: 29289679
  ->  Hash  (cost=67604.59..67604.59 rows=114542 width=4) (actual time=1035.633..1035.633 rows=118234 loops=1)
        Buckets: 131072  Batches: 2  Memory Usage: 3101kB
        ->  Seq Scan on title t  (cost=0.00..67604.59 rows=114542 width=4) (actual time=0.021..994.541 rows=118234 loops=1)
              Filter: (kind_id = 4)
              Rows Removed by Filter: 2410078
Planning time: 0.722 ms
Execution time: 16314.226 ms
