Seq Scan on movie_keyword mk  (cost=0.00..81003.12 rows=271591 width=0) (actual time=0.033..1361.605 rows=271648 loops=1)
  Filter: (keyword_id > 58085)
  Rows Removed by Filter: 4252282
Planning time: 0.316 ms
Execution time: 1397.849 ms
