Hash Join  (cost=169554.62..673254.46 rows=2239291 width=0) (actual time=4134.462..23364.287 rows=28933246 loops=1)
  Hash Cond: (mi.movie_id = t.id)
  ->  Seq Scan on movie_info mi  (cost=0.00..309384.22 rows=14739122 width=4) (actual time=0.029..6236.123 rows=14835720 loops=1)
  ->  Hash  (cost=163251.68..163251.68 rows=384155 width=8) (actual time=4133.509..4133.509 rows=437565 loops=1)
        Buckets: 131072  Batches: 8  Memory Usage: 3207kB
        ->  Hash Join  (cost=81319.76..163251.68 rows=384155 width=8) (actual time=1457.275..3991.679 rows=437565 loops=1)
              Hash Cond: (mc.movie_id = t.id)
              ->  Seq Scan on movie_companies mc  (cost=0.00..51404.11 rows=2155538 width=4) (actual time=0.020..1120.415 rows=2152134 loops=1)
                    Filter: (company_id < 76800)
                    Rows Removed by Filter: 456995
              ->  Hash  (cost=73925.90..73925.90 rows=450628 width=4) (actual time=1406.944..1406.944 rows=325089 loops=1)
                    Buckets: 131072  Batches: 8  Memory Usage: 2458kB
                    ->  Seq Scan on title t  (cost=0.00..73925.90 rows=450628 width=4) (actual time=405.442..1306.859 rows=325089 loops=1)
                          Filter: ((production_year > 1992) AND (kind_id = 1))
                          Rows Removed by Filter: 2203223
Planning time: 1.119 ms
Execution time: 26619.556 ms
