Hash Join  (cost=58358.90..809155.38 rows=731 width=0) (actual time=946.220..16294.380 rows=1131 loops=1)
  Hash Cond: (ci.movie_id = t.id)
  ->  Seq Scan on cast_info ci  (cost=0.00..614943.12 rows=36225612 width=4) (actual time=0.020..8605.867 rows=36244344 loops=1)
  ->  Hash  (cost=58358.27..58358.27 rows=51 width=8) (actual time=929.731..929.731 rows=38 loops=1)
        Buckets: 1024  Batches: 1  Memory Usage: 10kB
        ->  Nested Loop  (cost=0.43..58358.27 rows=51 width=8) (actual time=9.373..929.687 rows=38 loops=1)
              ->  Seq Scan on movie_companies mc  (cost=0.00..57926.93 rows=51 width=4) (actual time=9.278..928.294 rows=38 loops=1)
                    Filter: ((company_type_id < 2) AND (company_id = 22507))
                    Rows Removed by Filter: 2609091
              ->  Index Only Scan using title_pkey on title t  (cost=0.43..8.45 rows=1 width=4) (actual time=0.032..0.033 rows=1 loops=38)
                    Index Cond: (id = mc.movie_id)
                    Heap Fetches: 38
Planning time: 1.125 ms
Execution time: 16295.234 ms
