Nested Loop  (cost=0.43..115545.94 rows=4675 width=0) (actual time=0.694..879.163 rows=5058 loops=1)
  ->  Seq Scan on movie_keyword mk  (cost=0.00..81003.12 rows=4675 width=4) (actual time=0.629..804.156 rows=5058 loops=1)
        Filter: (keyword_id = 1633)
        Rows Removed by Filter: 4518872
  ->  Index Only Scan using title_pkey on title t  (cost=0.43..7.38 rows=1 width=4) (actual time=0.014..0.014 rows=1 loops=5058)
        Index Cond: (id = mk.movie_id)
        Heap Fetches: 5058
Planning time: 0.697 ms
Execution time: 880.391 ms
