Hash Join  (cost=799385.30..854054.91 rows=409 width=0) (actual time=13631.989..14622.525 rows=3 loops=1)
  Hash Cond: (mc.movie_id = t.id)
  ->  Seq Scan on movie_companies mc  (cost=0.00..44881.29 rows=2609129 width=4) (actual time=0.016..582.005 rows=2609129 loops=1)
  ->  Hash  (cost=799380.35..799380.35 rows=396 width=8) (actual time=13619.294..13619.294 rows=6 loops=1)
        Buckets: 1024  Batches: 1  Memory Usage: 9kB
        ->  Nested Loop  (cost=0.43..799380.35 rows=396 width=8) (actual time=8634.100..13619.262 rows=6 loops=1)
              ->  Seq Scan on cast_info ci  (cost=0.00..796071.18 rows=396 width=4) (actual time=8633.941..13619.016 rows=6 loops=1)
                    Filter: ((role_id < 8) AND (person_id = 2441394))
                    Rows Removed by Filter: 36244338
              ->  Index Only Scan using title_pkey on title t  (cost=0.43..8.35 rows=1 width=4) (actual time=0.027..0.027 rows=1 loops=6)
                    Index Cond: (id = ci.movie_id)
                    Heap Fetches: 6
Planning time: 0.978 ms
Execution time: 14622.617 ms
