Hash Join  (cost=79273.71..190916.11 rows=294500 width=0) (actual time=2553.639..3905.392 rows=71387 loops=1)
  Hash Cond: (mk.movie_id = t.id)
  ->  Seq Scan on movie_keyword mk  (cost=0.00..81003.12 rows=2284876 width=4) (actual time=0.026..1591.054 rows=2290817 loops=1)
        Filter: (keyword_id > 4595)
        Rows Removed by Filter: 2233113
  ->  Hash  (cost=73925.90..73925.90 rows=325904 width=4) (actual time=1319.844..1319.844 rows=349534 loops=1)
        Buckets: 131072  Batches: 8  Memory Usage: 2572kB
        ->  Seq Scan on title t  (cost=0.00..73925.90 rows=325904 width=4) (actual time=0.016..1203.078 rows=349534 loops=1)
              Filter: ((production_year > 2009) AND (kind_id = 7))
              Rows Removed by Filter: 2178778
Planning time: 0.754 ms
Execution time: 3913.950 ms
