Hash Join  (cost=73982.55..825421.01 rows=64929 width=0) (actual time=869.646..34668.439 rows=28684 loops=1)
  Hash Cond: (ci.movie_id = t.id)
  ->  Seq Scan on cast_info ci  (cost=0.00..614943.12 rows=36225612 width=4) (actual time=0.023..24293.432 rows=36244344 loops=1)
  ->  Hash  (cost=73925.90..73925.90 rows=4532 width=4) (actual time=868.052..868.052 rows=3662 loops=1)
        Buckets: 8192  Batches: 1  Memory Usage: 193kB
        ->  Seq Scan on title t  (cost=0.00..73925.90 rows=4532 width=4) (actual time=3.510..866.179 rows=3662 loops=1)
              Filter: ((kind_id = 7) AND (production_year = 1953))
              Rows Removed by Filter: 2524650
Planning time: 0.835 ms
Execution time: 34674.694 ms
