Hash Join  (cost=198447.47..1390212.80 rows=15376917 width=0) (actual time=5026.974..39678.144 rows=15909960 loops=1)
  Hash Cond: (ci.movie_id = t.id)
  ->  Seq Scan on cast_info ci  (cost=0.00..614943.12 rows=36225612 width=4) (actual time=0.017..12747.340 rows=36244344 loops=1)
  ->  Hash  (cost=180838.22..180838.22 rows=1073300 width=8) (actual time=5025.882..5025.882 rows=416149 loops=1)
        Buckets: 131072  Batches: 16  Memory Usage: 2017kB
        ->  Hash Join  (cost=90991.69..180838.22 rows=1073300 width=8) (actual time=1729.048..4819.275 rows=416149 loops=1)
              Hash Cond: (mc.movie_id = t.id)
              ->  Seq Scan on movie_companies mc  (cost=0.00..44881.29 rows=2609129 width=4) (actual time=0.026..922.038 rows=2609129 loops=1)
              ->  Hash  (cost=73925.90..73925.90 rows=1040143 width=4) (actual time=1690.096..1690.096 rows=1134228 loops=1)
                    Buckets: 131072  Batches: 16  Memory Usage: 3525kB
                    ->  Seq Scan on title t  (cost=0.00..73925.90 rows=1040143 width=4) (actual time=291.197..1338.641 rows=1134228 loops=1)
                          Filter: ((production_year > 1992) AND (kind_id = 7))
                          Rows Removed by Filter: 1394084
Planning time: 1.126 ms
Execution time: 41333.354 ms
