Nested Loop  (cost=0.43..709671.90 rows=500 width=0) (actual time=2882.116..10826.546 rows=97 loops=1)
  ->  Seq Scan on cast_info ci  (cost=0.00..705507.15 rows=500 width=4) (actual time=2881.931..10812.634 rows=97 loops=1)
        Filter: (person_id = 1913495)
        Rows Removed by Filter: 36244247
  ->  Index Only Scan using title_pkey on title t  (cost=0.43..8.32 rows=1 width=4) (actual time=0.141..0.142 rows=1 loops=97)
        Index Cond: (id = ci.movie_id)
        Heap Fetches: 97
Planning time: 0.709 ms
Execution time: 10826.642 ms
