Hash Join  (cost=98137.04..179146.23 rows=576906 width=0) (actual time=2196.572..3610.068 rows=339890 loops=1)
  Hash Cond: (mc.movie_id = t.id)
  ->  Seq Scan on movie_companies mc  (cost=0.00..57926.93 rows=783839 width=4) (actual time=293.833..1070.142 rows=489126 loops=1)
        Filter: ((company_id < 14328) AND (company_type_id > 1))
        Rows Removed by Filter: 2120003
  ->  Hash  (cost=67604.59..67604.59 rows=1860996 width=4) (actual time=1901.806..1901.806 rows=1865487 loops=1)
        Buckets: 131072  Batches: 32  Memory Usage: 3079kB
        ->  Seq Scan on title t  (cost=0.00..67604.59 rows=1860996 width=4) (actual time=0.034..1298.360 rows=1865487 loops=1)
              Filter: (kind_id > 1)
              Rows Removed by Filter: 662825
Planning time: 1.241 ms
Execution time: 3648.994 ms
