Hash Join  (cost=269854.32..1244599.09 rows=9853531 width=0) (actual time=5453.033..27201.177 rows=4378465 loops=1)
  Hash Cond: (ci.movie_id = t.id)
  ->  Seq Scan on cast_info ci  (cost=0.00..705507.15 rows=12726058 width=4) (actual time=0.028..14372.186 rows=12670688 loops=1)
        Filter: (role_id = 1)
        Rows Removed by Filter: 23573656
  ->  Hash  (cost=237733.97..237733.97 rows=1957788 width=8) (actual time=5449.800..5449.800 rows=458671 loops=1)
        Buckets: 131072  Batches: 32  Memory Usage: 1570kB
        ->  Hash Join  (cost=91879.05..237733.97 rows=1957788 width=8) (actual time=2769.941..5314.510 rows=458671 loops=1)
              Hash Cond: (mk.movie_id = t.id)
              ->  Seq Scan on movie_keyword mk  (cost=0.00..69693.30 rows=4523930 width=4) (actual time=0.012..1529.501 rows=4523930 loops=1)
              ->  Hash  (cost=73925.90..73925.90 rows=1094252 width=4) (actual time=1621.369..1621.369 rows=1044222 loops=1)
                    Buckets: 131072  Batches: 16  Memory Usage: 3325kB
                    ->  Seq Scan on title t  (cost=0.00..73925.90 rows=1094252 width=4) (actual time=0.023..1283.916 rows=1044222 loops=1)
                          Filter: ((production_year < 2009) AND (kind_id = 7))
                          Rows Removed by Filter: 1484090
Planning time: 1.234 ms
Execution time: 27725.788 ms
