Hash Join  (cost=124941.53..251507.99 rows=374642 width=0) (actual time=3219.083..5490.565 rows=229977 loops=1)
  Hash Cond: (mk.movie_id = t.id)
  ->  Seq Scan on movie_keyword mk  (cost=0.00..69693.30 rows=4523930 width=4) (actual time=0.013..1423.593 rows=4523930 loops=1)
  ->  Hash  (cost=121506.08..121506.08 rows=209396 width=8) (actual time=2382.492..2382.492 rows=96441 loops=1)
        Buckets: 131072  Batches: 4  Memory Usage: 1980kB
        ->  Hash Join  (cost=80220.64..121506.08 rows=209396 width=8) (actual time=1290.398..2352.131 rows=96441 loops=1)
              Hash Cond: (mi_idx.movie_id = t.id)
              ->  Seq Scan on movie_info_idx mi_idx  (cost=0.00..21735.35 rows=1380035 width=4) (actual time=0.039..429.939 rows=1380035 loops=1)
              ->  Hash  (cost=73925.90..73925.90 rows=383659 width=4) (actual time=1289.645..1289.645 rows=265354 loops=1)
                    Buckets: 131072  Batches: 8  Memory Usage: 2178kB
                    ->  Seq Scan on title t  (cost=0.00..73925.90 rows=383659 width=4) (actual time=0.015..1202.752 rows=265354 loops=1)
                          Filter: ((production_year < 1987) AND (kind_id = 7))
                          Rows Removed by Filter: 2262958
Planning time: 0.813 ms
Execution time: 5519.082 ms
