Hash Join  (cost=130386.76..217072.13 rows=2734 width=0) (actual time=2261.959..4080.395 rows=24288 loops=1)
  Hash Cond: (mk.movie_id = t.id)
  ->  Seq Scan on movie_keyword mk  (cost=0.00..69693.30 rows=4523930 width=4) (actual time=0.021..1011.256 rows=4523930 loops=1)
  ->  Hash  (cost=130367.65..130367.65 rows=1528 width=8) (actual time=2260.785..2260.785 rows=2438 loops=1)
        Buckets: 4096 (originally 2048)  Batches: 1 (originally 1)  Memory Usage: 128kB
        ->  Hash Join  (cost=73962.22..130367.65 rows=1528 width=8) (actual time=1150.297..2259.550 rows=2438 loops=1)
              Hash Cond: (mc.movie_id = t.id)
              ->  Seq Scan on movie_companies mc  (cost=0.00..51404.11 rows=1329612 width=4) (actual time=0.028..916.431 rows=1334883 loops=1)
                    Filter: (company_type_id = 2)
                    Rows Removed by Filter: 1274246
              ->  Hash  (cost=73925.90..73925.90 rows=2905 width=4) (actual time=1150.039..1150.039 rows=2493 loops=1)
                    Buckets: 4096  Batches: 1  Memory Usage: 120kB
                    ->  Seq Scan on title t  (cost=0.00..73925.90 rows=2905 width=4) (actual time=536.920..1148.670 rows=2493 loops=1)
                          Filter: ((kind_id < 7) AND (production_year = 1934))
                          Rows Removed by Filter: 2525819
Planning time: 1.634 ms
Execution time: 4083.893 ms
