Hash Join  (cost=602057.82..2100204.29 rows=23161725 width=0) (actual time=15364.282..52288.306 rows=11875454 loops=1)
  Hash Cond: (ci.movie_id = t.id)
  ->  Seq Scan on cast_info ci  (cost=0.00..614943.12 rows=36225612 width=4) (actual time=0.023..12805.705 rows=36244344 loops=1)
  ->  Hash  (cost=575533.38..575533.38 rows=1616675 width=8) (actual time=15363.272..15363.272 rows=800464 loops=1)
        Buckets: 131072  Batches: 32  Memory Usage: 1937kB
        ->  Hash Join  (cost=78476.71..575533.38 rows=1616675 width=8) (actual time=1343.174..14487.396 rows=800464 loops=1)
              Hash Cond: (mi.movie_id = t.id)
              ->  Seq Scan on movie_info mi  (cost=0.00..309384.22 rows=14739122 width=4) (actual time=0.017..5957.028 rows=14835720 loops=1)
              ->  Hash  (cost=73925.90..73925.90 rows=277344 width=4) (actual time=1141.353..1141.353 rows=169544 loops=1)
                    Buckets: 131072  Batches: 4  Memory Usage: 2519kB
                    ->  Seq Scan on title t  (cost=0.00..73925.90 rows=277344 width=4) (actual time=0.013..1080.958 rows=169544 loops=1)
                          Filter: ((production_year < 1976) AND (kind_id = 7))
                          Rows Removed by Filter: 2358768
Planning time: 1.190 ms
Execution time: 53579.048 ms
