Hash Join  (cost=909881.08..1048473.88 rows=433393 width=0) (actual time=18686.454..21991.939 rows=1192440 loops=1)
  Hash Cond: (mk.movie_id = t.id)
  ->  Seq Scan on movie_keyword mk  (cost=0.00..69693.30 rows=4523930 width=4) (actual time=0.021..1357.491 rows=4523930 loops=1)
  ->  Hash  (cost=905906.17..905906.17 rows=242233 width=8) (actual time=18684.419..18684.419 rows=154533 loops=1)
        Buckets: 131072  Batches: 4  Memory Usage: 2547kB
        ->  Hash Join  (cost=74806.43..905906.17 rows=242233 width=8) (actual time=1235.918..18592.102 rows=154533 loops=1)
              Hash Cond: (ci.movie_id = t.id)
              ->  Seq Scan on cast_info ci  (cost=0.00..796071.18 rows=8694995 width=4) (actual time=0.028..14072.803 rows=11492826 loops=1)
                    Filter: ((person_id > 1647349) AND (role_id > 2))
                    Rows Removed by Filter: 24751518
              ->  Hash  (cost=73925.90..73925.90 rows=70442 width=4) (actual time=1234.866..1234.866 rows=71472 loops=1)
                    Buckets: 131072  Batches: 1  Memory Usage: 3537kB
                    ->  Seq Scan on title t  (cost=0.00..73925.90 rows=70442 width=4) (actual time=0.026..1209.682 rows=71472 loops=1)
                          Filter: ((production_year < 2007) AND (kind_id = 4))
                          Rows Removed by Filter: 2456840
Planning time: 1.749 ms
Execution time: 22135.156 ms
