Hash Join  (cost=90260.67..154100.36 rows=16586 width=0) (actual time=2526.963..2937.986 rows=36633 loops=1)
  Hash Cond: (mc.movie_id = t.id)
  ->  Seq Scan on movie_companies mc  (cost=0.00..57926.93 rows=30371 width=4) (actual time=734.401..861.461 rows=58604 loops=1)
        Filter: ((company_id > 184852) AND (company_type_id = 2))
        Rows Removed by Filter: 2550525
  ->  Hash  (cost=67604.59..67604.59 rows=1380887 width=4) (actual time=1791.438..1791.438 rows=1381453 loops=1)
        Buckets: 131072  Batches: 32  Memory Usage: 2543kB
        ->  Seq Scan on title t  (cost=0.00..67604.59 rows=1380887 width=4) (actual time=0.039..1341.337 rows=1381453 loops=1)
              Filter: (production_year > 2000)
              Rows Removed by Filter: 1146859
Planning time: 0.749 ms
Execution time: 2942.806 ms
