Hash Join  (cost=185706.12..317136.58 rows=747745 width=0) (actual time=3976.104..7695.894 rows=3452769 loops=1)
  Hash Cond: (mk.movie_id = t.id)
  ->  Seq Scan on movie_keyword mk  (cost=0.00..81003.12 rows=3533570 width=4) (actual time=0.024..1680.259 rows=3526101 loops=1)
        Filter: (keyword_id > 947)
        Rows Removed by Filter: 997829
  ->  Hash  (cost=176926.79..176926.79 rows=535066 width=8) (actual time=3975.186..3975.186 rows=533412 loops=1)
        Buckets: 131072  Batches: 8  Memory Usage: 3646kB
        ->  Hash Join  (cost=102767.86..176926.79 rows=535066 width=8) (actual time=2007.290..3804.203 rows=533412 loops=1)
              Hash Cond: (mc.movie_id = t.id)
              ->  Seq Scan on movie_companies mc  (cost=0.00..51404.11 rows=535066 width=4) (actual time=0.030..925.974 rows=533412 loops=1)
                    Filter: (company_id < 521)
                    Rows Removed by Filter: 2075717
              ->  Hash  (cost=61283.27..61283.27 rows=2528527 width=4) (actual time=2005.679..2005.679 rows=2528312 loops=1)
                    Buckets: 131072  Batches: 64  Memory Usage: 2415kB
                    ->  Seq Scan on title t  (cost=0.00..61283.27 rows=2528527 width=4) (actual time=0.021..1082.154 rows=2528312 loops=1)
Planning time: 1.168 ms
Execution time: 8012.417 ms
