Hash Join  (cost=67697.55..122439.81 rows=7674 width=0) (actual time=1110.389..2247.148 rows=11762 loops=1)
  Hash Cond: (mc.movie_id = t.id)
  ->  Seq Scan on movie_companies mc  (cost=0.00..44881.29 rows=2609129 width=4) (actual time=0.021..618.446 rows=2609129 loops=1)
  ->  Hash  (cost=67604.59..67604.59 rows=7437 width=4) (actual time=1110.171..1110.171 rows=5945 loops=1)
        Buckets: 8192  Batches: 1  Memory Usage: 274kB
        ->  Seq Scan on title t  (cost=0.00..67604.59 rows=7437 width=4) (actual time=0.017..1107.334 rows=5945 loops=1)
              Filter: (production_year = 1911)
              Rows Removed by Filter: 2522367
Planning time: 0.739 ms
Execution time: 2249.315 ms
