Hash Join  (cost=73957.54..100889.75 rows=465 width=0) (actual time=1028.078..1531.356 rows=2693 loops=1)
  Hash Cond: (mi_idx.movie_id = t.id)
  ->  Seq Scan on movie_info_idx mi_idx  (cost=0.00..25185.44 rows=464566 width=4) (actual time=0.021..414.305 rows=459925 loops=1)
        Filter: (info_type_id = 101)
        Rows Removed by Filter: 920110
  ->  Hash  (cost=73925.90..73925.90 rows=2531 width=4) (actual time=1027.930..1027.930 rows=6497 loops=1)
        Buckets: 8192 (originally 4096)  Batches: 1 (originally 1)  Memory Usage: 293kB
        ->  Seq Scan on title t  (cost=0.00..73925.90 rows=2531 width=4) (actual time=0.475..1024.676 rows=6497 loops=1)
              Filter: ((kind_id < 4) AND (production_year = 1982))
              Rows Removed by Filter: 2521815
Planning time: 0.719 ms
Execution time: 1532.064 ms
