Hash Join  (cost=227855.17..389879.55 rows=2820843 width=0) (actual time=5161.792..14691.589 rows=25418146 loops=1)
  Hash Cond: (mk.movie_id = t.id)
  ->  Seq Scan on movie_keyword mk  (cost=0.00..69693.30 rows=4523930 width=4) (actual time=0.019..1413.689 rows=4523930 loops=1)
  ->  Hash  (cost=201988.26..201988.26 rows=1576633 width=8) (actual time=5159.892..5159.892 rows=1568502 loops=1)
        Buckets: 131072  Batches: 32  Memory Usage: 2976kB
        ->  Hash Join  (cost=102767.86..201988.26 rows=1576633 width=8) (actual time=1984.113..4690.331 rows=1568502 loops=1)
              Hash Cond: (mc.movie_id = t.id)
              ->  Seq Scan on movie_companies mc  (cost=0.00..51404.11 rows=1576633 width=4) (actual time=0.024..991.959 rows=1568502 loops=1)
                    Filter: (company_id < 15203)
                    Rows Removed by Filter: 1040627
              ->  Hash  (cost=61283.27..61283.27 rows=2528527 width=4) (actual time=1982.578..1982.578 rows=2528312 loops=1)
                    Buckets: 131072  Batches: 64  Memory Usage: 2415kB
                    ->  Seq Scan on title t  (cost=0.00..61283.27 rows=2528527 width=4) (actual time=0.012..1156.618 rows=2528312 loops=1)
Planning time: 1.097 ms
Execution time: 17532.410 ms
