Hash Join  (cost=102767.86..181714.36 rows=734055 width=0) (actual time=5741.814..10421.168 rows=726951 loops=1)
  Hash Cond: (mc.movie_id = t.id)
  ->  Seq Scan on movie_companies mc  (cost=0.00..51404.11 rows=734055 width=4) (actual time=0.035..2914.647 rows=726951 loops=1)
        Filter: (company_id < 1427)
        Rows Removed by Filter: 1882178
  ->  Hash  (cost=61283.27..61283.27 rows=2528527 width=4) (actual time=5722.689..5722.689 rows=2528312 loops=1)
        Buckets: 131072  Batches: 64  Memory Usage: 2415kB
        ->  Seq Scan on title t  (cost=0.00..61283.27 rows=2528527 width=4) (actual time=0.032..4521.079 rows=2528312 loops=1)
Planning time: 5.446 ms
Execution time: 10516.260 ms
