Nested Loop  (cost=0.43..709671.90 rows=500 width=0) (actual time=379.606..11005.926 rows=1291 loops=1)
  ->  Seq Scan on cast_info ci  (cost=0.00..705507.15 rows=500 width=4) (actual time=379.531..10967.032 rows=1291 loops=1)
        Filter: (person_id = 211025)
        Rows Removed by Filter: 36243053
  ->  Index Only Scan using title_pkey on title t  (cost=0.43..8.32 rows=1 width=4) (actual time=0.029..0.029 rows=1 loops=1291)
        Index Cond: (id = ci.movie_id)
        Heap Fetches: 1291
Planning time: 0.708 ms
Execution time: 11006.288 ms
