Hash Join  (cost=52284.99..79173.59 rows=19 width=0) (actual time=884.377..1392.163 rows=85 loops=1)
  Hash Cond: (mi_idx.movie_id = t.id)
  ->  Seq Scan on movie_info_idx mi_idx  (cost=0.00..25185.44 rows=454124 width=4) (actual time=0.019..471.664 rows=459925 loops=1)
        Filter: (info_type_id = 100)
        Rows Removed by Filter: 920110
  ->  Hash  (cost=52283.69..52283.69 rows=104 width=8) (actual time=859.391..859.391 rows=160 loops=1)
        Buckets: 1024  Batches: 1  Memory Usage: 15kB
        ->  Nested Loop  (cost=0.43..52283.69 rows=104 width=8) (actual time=6.962..859.254 rows=160 loops=1)
              ->  Seq Scan on movie_companies mc  (cost=0.00..51404.11 rows=104 width=4) (actual time=6.884..849.048 rows=160 loops=1)
                    Filter: (company_id = 3401)
                    Rows Removed by Filter: 2608969
              ->  Index Only Scan using title_pkey on title t  (cost=0.43..8.45 rows=1 width=4) (actual time=0.061..0.061 rows=1 loops=160)
                    Index Cond: (id = mc.movie_id)
                    Heap Fetches: 160
Planning time: 3.248 ms
Execution time: 1392.274 ms
