Seq Scan on movie_keyword mk  (cost=0.00..81003.12 rows=3314742 width=0) (actual time=0.017..1498.339 rows=3305143 loops=1)
  Filter: (keyword_id < 14971)
  Rows Removed by Filter: 1218787
Planning time: 0.282 ms
Execution time: 1910.109 ms
