Seq Scan on cast_info ci  (cost=0.00..705507.15 rows=14690395 width=0) (actual time=0.129..11917.435 rows=14858149 loops=1)
  Filter: (person_id > 2166471)
  Rows Removed by Filter: 21386195
Planning time: 0.322 ms
Execution time: 13702.540 ms
