Hash Join  (cost=106498.88..168116.15 rows=1293875 width=0) (actual time=2713.017..4658.723 rows=1363001 loops=1)
  Hash Cond: (mi_idx.movie_id = t.id)
  ->  Seq Scan on movie_info_idx mi_idx  (cost=0.00..21735.35 rows=1380035 width=4) (actual time=0.027..457.527 rows=1380035 loops=1)
  ->  Hash  (cost=67604.59..67604.59 rows=2370663 width=4) (actual time=2711.945..2711.945 rows=2366946 loops=1)
        Buckets: 131072  Batches: 32  Memory Usage: 3627kB
        ->  Seq Scan on title t  (cost=0.00..67604.59 rows=2370663 width=4) (actual time=0.017..1293.627 rows=2366946 loops=1)
              Filter: (production_year > 1920)
              Rows Removed by Filter: 161366
Planning time: 0.742 ms
Execution time: 4835.205 ms
