Hash Join  (cost=83810.17..230534.10 rows=1562149 width=0) (actual time=1410.547..6042.121 rows=3427569 loops=1)
  Hash Cond: (mk.movie_id = t.id)
  ->  Seq Scan on movie_keyword mk  (cost=0.00..81003.12 rows=3999015 width=4) (actual time=0.018..1854.283 rows=4008807 loops=1)
        Filter: (keyword_id < 35169)
        Rows Removed by Filter: 515123
  ->  Hash  (cost=67604.59..67604.59 rows=987727 width=4) (actual time=1409.453..1409.453 rows=985048 loops=1)
        Buckets: 131072  Batches: 16  Memory Usage: 3197kB
        ->  Seq Scan on title t  (cost=0.00..67604.59 rows=987727 width=4) (actual time=0.010..1110.974 rows=985048 loops=1)
              Filter: (kind_id < 7)
              Rows Removed by Filter: 1543264
Planning time: 0.480 ms
Execution time: 6448.440 ms
