Seq Scan on movie_keyword mk  (cost=0.00..81003.12 rows=246 width=0) (actual time=0.906..1578.421 rows=258 loops=1)
  Filter: (keyword_id = 2388)
  Rows Removed by Filter: 4523672
Planning time: 1.346 ms
Execution time: 1578.668 ms
