Seq Scan on movie_companies mc  (cost=0.00..57926.93 rows=361596 width=0) (actual time=373.665..872.481 rows=48597 loops=1)
  Filter: ((company_id > 38436) AND (company_type_id = 1))
  Rows Removed by Filter: 2560532
Planning time: 0.424 ms
Execution time: 879.267 ms
