Hash Join  (cost=175027.18..250503.86 rows=333844 width=0) (actual time=3852.785..6027.932 rows=1504255 loops=1)
  Hash Cond: (mc.movie_id = t.id)
  ->  Seq Scan on movie_companies mc  (cost=0.00..57926.93 rows=918479 width=4) (actual time=103.820..1212.748 rows=1226167 loops=1)
        Filter: ((company_id < 38647) AND (company_type_id = 1))
        Rows Removed by Filter: 1382962
  ->  Hash  (cost=159947.97..159947.97 rows=919057 width=8) (actual time=3748.256..3748.256 rows=920110 loops=1)
        Buckets: 131072  Batches: 16  Memory Usage: 3269kB
        ->  Hash Join  (cost=102767.86..159947.97 rows=919057 width=8) (actual time=1838.930..3484.394 rows=920110 loops=1)
              Hash Cond: (mi_idx.movie_id = t.id)
              ->  Seq Scan on movie_info_idx mi_idx  (cost=0.00..25185.44 rows=919057 width=4) (actual time=2.228..508.091 rows=920110 loops=1)
                    Filter: (info_type_id > 99)
                    Rows Removed by Filter: 459925
              ->  Hash  (cost=61283.27..61283.27 rows=2528527 width=4) (actual time=1835.210..1835.210 rows=2528312 loops=1)
                    Buckets: 131072  Batches: 64  Memory Usage: 2415kB
                    ->  Seq Scan on title t  (cost=0.00..61283.27 rows=2528527 width=4) (actual time=0.022..1028.776 rows=2528312 loops=1)
Planning time: 2.331 ms
Execution time: 6197.625 ms
