Hash Join  (cost=220472.95..807811.75 rows=7009227 width=0) (actual time=5345.548..29781.256 rows=42445172 loops=1)
  Hash Cond: (mi.movie_id = t.id)
  ->  Seq Scan on movie_info mi  (cost=0.00..346232.03 rows=14373737 width=4) (actual time=0.022..7732.335 rows=14407069 loops=1)
        Filter: (info_type_id < 105)
        Rows Removed by Filter: 428651
  ->  Hash  (cost=200243.27..200243.27 rows=1233014 width=8) (actual time=5344.401..5344.401 rows=1274246 loops=1)
        Buckets: 131072  Batches: 32  Memory Usage: 2633kB
        ->  Hash Join  (cost=102767.86..200243.27 rows=1233014 width=8) (actual time=2402.192..4969.534 rows=1274246 loops=1)
              Hash Cond: (mc.movie_id = t.id)
              ->  Seq Scan on movie_companies mc  (cost=0.00..57926.93 rows=1233014 width=4) (actual time=121.420..1242.750 rows=1274246 loops=1)
                    Filter: ((company_id < 160394) AND (company_type_id = 1))
                    Rows Removed by Filter: 1334883
              ->  Hash  (cost=61283.27..61283.27 rows=2528527 width=4) (actual time=2279.512..2279.512 rows=2528312 loops=1)
                    Buckets: 131072  Batches: 64  Memory Usage: 2415kB
                    ->  Seq Scan on title t  (cost=0.00..61283.27 rows=2528527 width=4) (actual time=0.020..1169.384 rows=2528312 loops=1)
Planning time: 1.219 ms
Execution time: 34141.083 ms
