Nested Loop  (cost=0.43..709671.90 rows=500 width=0) (actual time=55.966..10922.605 rows=388 loops=1)
  ->  Seq Scan on cast_info ci  (cost=0.00..705507.15 rows=500 width=4) (actual time=55.852..10917.175 rows=388 loops=1)
        Filter: (person_id = 2288062)
        Rows Removed by Filter: 36243956
  ->  Index Only Scan using title_pkey on title t  (cost=0.43..8.32 rows=1 width=4) (actual time=0.013..0.013 rows=1 loops=388)
        Index Cond: (id = ci.movie_id)
        Heap Fetches: 388
Planning time: 0.745 ms
Execution time: 10922.767 ms
