Seq Scan on movie_companies mc  (cost=0.00..51404.11 rows=94508 width=0) (actual time=436.043..737.234 rows=94979 loops=1)
  Filter: (company_id > 160602)
  Rows Removed by Filter: 2514150
Planning time: 0.383 ms
Execution time: 749.256 ms
