Seq Scan on movie_companies mc  (cost=0.00..57926.93 rows=51 width=0) (actual time=0.405..960.330 rows=882 loops=1)
  Filter: ((company_type_id < 2) AND (company_id = 14059))
  Rows Removed by Filter: 2608247
Planning time: 0.390 ms
Execution time: 960.649 ms
