Seq Scan on movie_keyword mk  (cost=0.00..81003.12 rows=2528921 width=0) (actual time=0.026..1634.596 rows=2519869 loops=1)
  Filter: (keyword_id < 6243)
  Rows Removed by Filter: 2004061
Planning time: 0.295 ms
Execution time: 1955.762 ms
