Hash Join  (cost=102767.86..222025.78 rows=2409342 width=0) (actual time=1937.104..5485.110 rows=2410989 loops=1)
  Hash Cond: (mc.movie_id = t.id)
  ->  Seq Scan on movie_companies mc  (cost=0.00..51404.11 rows=2409342 width=4) (actual time=0.020..1107.831 rows=2410989 loops=1)
        Filter: (company_id > 56)
        Rows Removed by Filter: 198140
  ->  Hash  (cost=61283.27..61283.27 rows=2528527 width=4) (actual time=1936.146..1936.146 rows=2528312 loops=1)
        Buckets: 131072  Batches: 64  Memory Usage: 2415kB
        ->  Seq Scan on title t  (cost=0.00..61283.27 rows=2528527 width=4) (actual time=0.025..1097.358 rows=2528312 loops=1)
Planning time: 0.772 ms
Execution time: 5777.405 ms
