Seq Scan on cast_info ci  (cost=0.00..705507.15 rows=23906554 width=0) (actual time=0.027..12817.955 rows=23831966 loops=1)
  Filter: (person_id < 2443402)
  Rows Removed by Filter: 12412378
Planning time: 9.594 ms
Execution time: 15760.512 ms
