Hash Join  (cost=133029.70..883843.80 rows=2488 width=0) (actual time=1336.681..17484.474 rows=18220 loops=1)
  Hash Cond: (ci.movie_id = t.id)
  ->  Seq Scan on cast_info ci  (cost=0.00..614943.12 rows=36225612 width=4) (actual time=0.028..9197.352 rows=36244344 loops=1)
  ->  Hash  (cost=133027.52..133027.52 rows=174 width=8) (actual time=1334.220..1334.220 rows=261 loops=1)
        Buckets: 1024  Batches: 1  Memory Usage: 19kB
        ->  Nested Loop  (cost=0.43..133027.52 rows=174 width=8) (actual time=3.913..1333.878 rows=261 loops=1)
              ->  Seq Scan on movie_keyword mk  (cost=0.00..81003.12 rows=7540 width=4) (actual time=0.108..1114.629 rows=7668 loops=1)
                    Filter: (keyword_id = 231)
                    Rows Removed by Filter: 4516262
              ->  Index Scan using title_pkey on title t  (cost=0.43..6.89 rows=1 width=4) (actual time=0.028..0.028 rows=0 loops=7668)
                    Index Cond: (id = mk.movie_id)
                    Filter: (production_year = 2001)
                    Rows Removed by Filter: 1
Planning time: 2.401 ms
Execution time: 17489.893 ms
