Hash Join  (cost=123338.08..201007.98 rows=190038 width=0) (actual time=2406.143..4267.162 rows=203697 loops=1)
  Hash Cond: (mc.movie_id = t.id)
  ->  Seq Scan on movie_companies mc  (cost=0.00..44881.29 rows=2609129 width=4) (actual time=0.016..811.062 rows=2609129 loops=1)
  ->  Hash  (cost=120315.99..120315.99 rows=184167 width=8) (actual time=2404.980..2404.980 rows=81249 loops=1)
        Buckets: 131072  Batches: 4  Memory Usage: 1817kB
        ->  Hash Join  (cost=79462.84..120315.99 rows=184167 width=8) (actual time=1308.293..2377.558 rows=81249 loops=1)
              Hash Cond: (mi_idx.movie_id = t.id)
              ->  Seq Scan on movie_info_idx mi_idx  (cost=0.00..21735.35 rows=1380035 width=4) (actual time=0.025..434.507 rows=1380035 loops=1)
              ->  Hash  (cost=73925.90..73925.90 rows=337435 width=4) (actual time=1304.665..1304.665 rows=225506 loops=1)
                    Buckets: 131072  Batches: 8  Memory Usage: 2004kB
                    ->  Seq Scan on title t  (cost=0.00..73925.90 rows=337435 width=4) (actual time=0.019..1230.611 rows=225506 loops=1)
                          Filter: ((production_year < 1983) AND (kind_id = 7))
                          Rows Removed by Filter: 2302806
Planning time: 1.215 ms
Execution time: 4292.546 ms
