Hash Join  (cost=330638.65..1055095.03 rows=19475165 width=0) (actual time=8009.432..64899.748 rows=193788967 loops=1)
  Hash Cond: (mi.movie_id = t.id)
  ->  Seq Scan on movie_info mi  (cost=0.00..309384.22 rows=14739122 width=4) (actual time=0.026..6400.131 rows=14835720 loops=1)
  ->  Hash  (cost=275825.09..275825.09 rows=3341005 width=8) (actual time=8006.692..8006.692 rows=3514759 loops=1)
        Buckets: 131072  Batches: 64  Memory Usage: 3265kB
        ->  Hash Join  (cost=106394.85..275825.09 rows=3341005 width=8) (actual time=2254.186..6957.134 rows=3514759 loops=1)
              Hash Cond: (mk.movie_id = t.id)
              ->  Seq Scan on movie_keyword mk  (cost=0.00..81003.12 rows=3573013 width=4) (actual time=0.019..1724.156 rows=3570111 loops=1)
                    Filter: (keyword_id > 889)
                    Rows Removed by Filter: 953819
              ->  Hash  (cost=67604.59..67604.59 rows=2364341 width=4) (actual time=2253.469..2253.469 rows=2360253 loops=1)
                    Buckets: 131072  Batches: 32  Memory Usage: 3629kB
                    ->  Seq Scan on title t  (cost=0.00..67604.59 rows=2364341 width=4) (actual time=0.019..1474.124 rows=2360253 loops=1)
                          Filter: (production_year > 1922)
                          Rows Removed by Filter: 168059
Planning time: 1.119 ms
Execution time: 85285.518 ms
