Seq Scan on movie_keyword mk  (cost=0.00..81003.12 rows=2799349 width=0) (actual time=0.023..1449.962 rows=2796514 loops=1)
  Filter: (keyword_id > 2809)
  Rows Removed by Filter: 1727416
Planning time: 0.319 ms
Execution time: 1796.348 ms
