Hash Join  (cost=339294.18..1098215.16 rows=20978434 width=0) (actual time=8451.096..60399.421 rows=184977674 loops=1)
  Hash Cond: (mi.movie_id = t.id)
  ->  Seq Scan on movie_info mi  (cost=0.00..309384.22 rows=14739122 width=4) (actual time=0.011..6187.195 rows=14835720 loops=1)
  ->  Hash  (cost=280249.01..280249.01 rows=3598894 width=8) (actual time=8449.258..8449.258 rows=3605668 loops=1)
        Buckets: 131072  Batches: 64  Memory Usage: 3329kB
        ->  Hash Join  (cost=102767.86..280249.01 rows=3598894 width=8) (actual time=2004.158..7335.127 rows=3605668 loops=1)
              Hash Cond: (mk.movie_id = t.id)
              ->  Seq Scan on movie_keyword mk  (cost=0.00..81003.12 rows=3598894 width=4) (actual time=0.025..1854.872 rows=3605668 loops=1)
                    Filter: (keyword_id < 20330)
                    Rows Removed by Filter: 918262
              ->  Hash  (cost=61283.27..61283.27 rows=2528527 width=4) (actual time=2002.272..2002.272 rows=2528312 loops=1)
                    Buckets: 131072  Batches: 64  Memory Usage: 2425kB
                    ->  Seq Scan on title t  (cost=0.00..61283.27 rows=2528527 width=4) (actual time=0.020..1160.405 rows=2528312 loops=1)
Planning time: 1.124 ms
Execution time: 79463.923 ms
