Hash Join  (cost=102767.86..1126984.07 rows=9070833 width=0) (actual time=2686.525..22340.153 rows=5306184 loops=1)
  Hash Cond: (ci.movie_id = t.id)
  ->  Seq Scan on cast_info ci  (cost=0.00..796071.18 rows=9070833 width=4) (actual time=759.014..14990.651 rows=5306184 loops=1)
        Filter: ((person_id > 1006061) AND (role_id = 1))
        Rows Removed by Filter: 30938160
  ->  Hash  (cost=61283.27..61283.27 rows=2528527 width=4) (actual time=1926.116..1926.116 rows=2528312 loops=1)
        Buckets: 131072  Batches: 64  Memory Usage: 2415kB
        ->  Seq Scan on title t  (cost=0.00..61283.27 rows=2528527 width=4) (actual time=0.020..1066.553 rows=2528312 loops=1)
Planning time: 0.764 ms
Execution time: 22952.749 ms
