Seq Scan on movie_companies mc  (cost=0.00..51404.11 rows=1824665 width=0) (actual time=0.024..757.309 rows=1836673 loops=1)
  Filter: (company_id > 1663)
  Rows Removed by Filter: 772456
Planning time: 0.347 ms
Execution time: 951.678 ms
