Hash Join  (cost=828968.19..1396911.61 rows=1150264 width=0) (actual time=21564.674..32347.019 rows=4559825 loops=1)
  Hash Cond: (mi.movie_id = t.id)
  ->  Seq Scan on movie_info mi  (cost=0.00..346232.03 rows=7503588 width=4) (actual time=296.125..6550.668 rows=7548855 loops=1)
        Filter: (info_type_id > 7)
        Rows Removed by Filter: 7286865
  ->  Hash  (cost=822608.05..822608.05 rows=387611 width=8) (actual time=21266.573..21266.573 rows=426371 loops=1)
        Buckets: 131072  Batches: 8  Memory Usage: 3111kB
        ->  Hash Join  (cost=67942.77..822608.05 rows=387611 width=8) (actual time=1079.268..20625.939 rows=426371 loops=1)
              Hash Cond: (ci.movie_id = t.id)
              ->  Seq Scan on cast_info ci  (cost=0.00..614943.12 rows=36225612 width=4) (actual time=0.016..8812.208 rows=36244344 loops=1)
              ->  Hash  (cost=67604.59..67604.59 rows=27055 width=4) (actual time=1078.604..1078.604 rows=26775 loops=1)
                    Buckets: 32768  Batches: 1  Memory Usage: 1198kB
                    ->  Seq Scan on title t  (cost=0.00..67604.59 rows=27055 width=4) (actual time=0.131..1066.776 rows=26775 loops=1)
                          Filter: (production_year = 1993)
                          Rows Removed by Filter: 2501537
Planning time: 1.281 ms
Execution time: 32892.105 ms
