Hash Join  (cost=709678.25..765882.61 rows=207 width=0) (actual time=33471.775..36046.243 rows=82 loops=1)
  Hash Cond: (mc.movie_id = t.id)
  ->  Seq Scan on movie_companies mc  (cost=0.00..51404.11 rows=1279517 width=4) (actual time=0.025..2807.181 rows=1274246 loops=1)
        Filter: (company_type_id < 2)
        Rows Removed by Filter: 1334883
  ->  Hash  (cost=709673.15..709673.15 rows=408 width=8) (actual time=32972.385..32972.385 rows=23 loops=1)
        Buckets: 1024  Batches: 1  Memory Usage: 9kB
        ->  Nested Loop  (cost=0.43..709673.15 rows=408 width=8) (actual time=28605.575..32972.353 rows=23 loops=1)
              ->  Seq Scan on cast_info ci  (cost=0.00..705507.15 rows=500 width=4) (actual time=28605.507..32967.746 rows=23 loops=1)
                    Filter: (person_id = 1843431)
                    Rows Removed by Filter: 36244321
              ->  Index Scan using title_pkey on title t  (cost=0.43..8.32 rows=1 width=4) (actual time=0.198..0.199 rows=1 loops=23)
                    Index Cond: (id = ci.movie_id)
                    Filter: (production_year < 2011)
Planning time: 1.230 ms
Execution time: 36046.386 ms
