Hash Join  (cost=87344.71..649464.05 rows=4649481 width=0) (actual time=1441.135..17973.791 rows=7587613 loops=1)
  Hash Cond: (mi.movie_id = t.id)
  ->  Seq Scan on movie_info mi  (cost=0.00..346232.03 rows=14373737 width=4) (actual time=0.013..7422.198 rows=14407069 loops=1)
        Filter: (info_type_id < 105)
        Rows Removed by Filter: 428651
  ->  Hash  (cost=73925.90..73925.90 rows=817904 width=4) (actual time=1439.944..1439.944 rows=732135 loops=1)
        Buckets: 131072  Batches: 16  Memory Usage: 2644kB
        ->  Seq Scan on title t  (cost=0.00..73925.90 rows=817904 width=4) (actual time=0.012..1216.611 rows=732135 loops=1)
              Filter: ((kind_id < 7) AND (production_year > 1969))
              Rows Removed by Filter: 1796177
Planning time: 0.836 ms
Execution time: 18819.688 ms
