Hash Join  (cost=100960.39..519117.70 rows=2467032 width=0) (actual time=1968.448..10203.042 rows=2533131 loops=1)
  Hash Cond: (mi.movie_id = t.id)
  ->  Seq Scan on movie_info mi  (cost=0.00..346232.03 rows=3068194 width=4) (actual time=0.012..5045.050 rows=3036719 loops=1)
        Filter: (info_type_id = 16)
        Rows Removed by Filter: 11799001
  ->  Hash  (cost=67604.59..67604.59 rows=2033104 width=4) (actual time=1966.641..1966.641 rows=2032439 loops=1)
        Buckets: 131072  Batches: 32  Memory Usage: 3270kB
        ->  Seq Scan on title t  (cost=0.00..67604.59 rows=2033104 width=4) (actual time=0.016..1300.287 rows=2032439 loops=1)
              Filter: (production_year > 1973)
              Rows Removed by Filter: 495873
Planning time: 0.898 ms
Execution time: 10485.939 ms
