Hash Join  (cost=908856.96..1405747.06 rows=1601117 width=0) (actual time=13850.439..25848.938 rows=1407976 loops=1)
  Hash Cond: (mi.movie_id = t.id)
  ->  Seq Scan on movie_info mi  (cost=0.00..309384.22 rows=14739122 width=4) (actual time=0.017..5897.456 rows=14835720 loops=1)
  ->  Hash  (cost=904350.52..904350.52 rows=274675 width=8) (actual time=13849.538..13849.538 rows=215416 loops=1)
        Buckets: 131072  Batches: 4  Memory Usage: 3134kB
        ->  Hash Join  (cost=94206.67..904350.52 rows=274675 width=8) (actual time=5108.171..13793.083 rows=215416 loops=1)
              Hash Cond: (ci.movie_id = t.id)
              ->  Seq Scan on cast_info ci  (cost=0.00..796071.18 rows=561847 width=4) (actual time=3220.766..11502.688 rows=374906 loops=1)
                    Filter: ((person_id < 482479) AND (role_id = 3))
                    Rows Removed by Filter: 35869438
              ->  Hash  (cost=73925.90..73925.90 rows=1236141 width=4) (actual time=1886.514..1886.514 rows=1353520 loops=1)
                    Buckets: 131072  Batches: 32  Memory Usage: 2519kB
                    ->  Seq Scan on title t  (cost=0.00..73925.90 rows=1236141 width=4) (actual time=0.031..1450.305 rows=1353520 loops=1)
                          Filter: ((kind_id > 1) AND (production_year > 1993))
                          Rows Removed by Filter: 1174792
Planning time: 2.214 ms
Execution time: 26003.397 ms
