Seq Scan on cast_info ci  (cost=0.00..705507.15 rows=27810751 width=0) (actual time=0.017..13441.891 rows=27860144 loops=1)
  Filter: (person_id < 2845509)
  Rows Removed by Filter: 8384200
Planning time: 0.223 ms
Execution time: 16910.590 ms
