Hash Join  (cost=58375.85..85290.05 rows=10 width=0) (actual time=1030.790..1550.088 rows=164 loops=1)
  Hash Cond: (mi_idx.movie_id = t.id)
  ->  Seq Scan on movie_info_idx mi_idx  (cost=0.00..25185.44 rows=460978 width=4) (actual time=0.014..462.196 rows=459925 loops=1)
        Filter: (info_type_id = 99)
        Rows Removed by Filter: 920110
  ->  Hash  (cost=58375.18..58375.18 rows=53 width=8) (actual time=1022.914..1022.914 rows=213 loops=1)
        Buckets: 1024  Batches: 1  Memory Usage: 17kB
        ->  Nested Loop  (cost=0.43..58375.18 rows=53 width=8) (actual time=275.062..1022.744 rows=213 loops=1)
              ->  Seq Scan on movie_companies mc  (cost=0.00..57926.93 rows=53 width=4) (actual time=274.992..1009.742 rows=213 loops=1)
                    Filter: ((company_type_id > 1) AND (company_id = 5763))
                    Rows Removed by Filter: 2608916
              ->  Index Only Scan using title_pkey on title t  (cost=0.43..8.45 rows=1 width=4) (actual time=0.059..0.059 rows=1 loops=213)
                    Index Cond: (id = mc.movie_id)
                    Heap Fetches: 213
Planning time: 0.830 ms
Execution time: 1550.266 ms
