Hash Join  (cost=171007.28..676825.46 rows=2437825 width=0) (actual time=3915.908..17196.003 rows=1828156 loops=1)
  Hash Cond: (mi.movie_id = t.id)
  ->  Seq Scan on movie_info mi  (cost=0.00..309384.22 rows=14739122 width=4) (actual time=0.014..6068.437 rows=14835720 loops=1)
  ->  Hash  (cost=164145.61..164145.61 rows=418214 width=8) (actual time=3915.029..3915.029 rows=195314 loops=1)
        Buckets: 131072  Batches: 8  Memory Usage: 1985kB
        ->  Hash Join  (cost=82117.83..164145.61 rows=418214 width=8) (actual time=1726.513..3854.419 rows=195314 loops=1)
              Hash Cond: (mc.movie_id = t.id)
              ->  Seq Scan on movie_companies mc  (cost=0.00..51404.11 rows=2118006 width=4) (actual time=0.016..1096.178 rows=2120611 loops=1)
                    Filter: (company_id > 426)
                    Rows Removed by Filter: 488518
              ->  Hash  (cost=73925.90..73925.90 rows=499274 width=4) (actual time=1725.589..1725.589 rows=361662 loops=1)
                    Buckets: 131072  Batches: 8  Memory Usage: 2602kB
                    ->  Seq Scan on title t  (cost=0.00..73925.90 rows=499274 width=4) (actual time=0.029..1361.922 rows=361662 loops=1)
                          Filter: ((kind_id > 2) AND (production_year < 1991))
                          Rows Removed by Filter: 2166650
Planning time: 7.719 ms
Execution time: 17443.292 ms
