Hash Join  (cost=74823.14..145712.87 rows=147054 width=0) (actual time=1363.525..2630.203 rows=224654 loops=1)
  Hash Cond: (mc.movie_id = t.id)
  ->  Seq Scan on movie_companies mc  (cost=0.00..57926.93 rows=845135 width=4) (actual time=159.379..993.890 rows=649182 loops=1)
        Filter: ((company_id > 2640) AND (company_type_id < 2))
        Rows Removed by Filter: 1959947
  ->  Hash  (cost=67604.59..67604.59 rows=439964 width=4) (actual time=1202.861..1202.861 rows=437515 loops=1)
        Buckets: 131072  Batches: 8  Memory Usage: 2944kB
        ->  Seq Scan on title t  (cost=0.00..67604.59 rows=439964 width=4) (actual time=0.026..1066.277 rows=437515 loops=1)
              Filter: (production_year < 1975)
              Rows Removed by Filter: 2090797
Planning time: 0.730 ms
Execution time: 2658.534 ms
