Hash Join  (cost=263115.61..1175446.65 rows=4489021 width=0) (actual time=11323.385..30783.020 rows=19287586 loops=1)
  Hash Cond: (ci.movie_id = t.id)
  ->  Seq Scan on cast_info ci  (cost=0.00..796071.18 rows=4350345 width=4) (actual time=5180.095..13910.857 rows=8890748 loops=1)
        Filter: ((person_id < 1212397) AND (role_id = 1))
        Rows Removed by Filter: 27353596
  ->  Hash  (cost=220309.49..220309.49 rows=2609129 width=8) (actual time=6141.915..6141.915 rows=2609129 loops=1)
        Buckets: 131072  Batches: 64  Memory Usage: 2610kB
        ->  Hash Join  (cost=102767.86..220309.49 rows=2609129 width=8) (actual time=1784.508..5435.393 rows=2609129 loops=1)
              Hash Cond: (mc.movie_id = t.id)
              ->  Seq Scan on movie_companies mc  (cost=0.00..44881.29 rows=2609129 width=4) (actual time=0.047..891.919 rows=2609129 loops=1)
              ->  Hash  (cost=61283.27..61283.27 rows=2528527 width=4) (actual time=1783.402..1783.402 rows=2528312 loops=1)
                    Buckets: 131072  Batches: 64  Memory Usage: 2415kB
                    ->  Seq Scan on title t  (cost=0.00..61283.27 rows=2528527 width=4) (actual time=0.030..975.529 rows=2528312 loops=1)
Planning time: 1.083 ms
Execution time: 32846.818 ms
