Seq Scan on movie_keyword mk  (cost=0.00..81003.12 rows=21171 width=0) (actual time=0.020..1345.997 rows=17799 loops=1)
  Filter: (keyword_id > 118957)
  Rows Removed by Filter: 4506131
Planning time: 0.321 ms
Execution time: 1348.991 ms
