Seq Scan on cast_info ci  (cost=0.00..705507.15 rows=9117132 width=0) (actual time=11523.059..34687.847 rows=9121915 loops=1)
  Filter: (person_id > 2786455)
  Rows Removed by Filter: 27122429
Planning time: 7.126 ms
Execution time: 36322.948 ms
