Hash Join  (cost=73931.97..130136.72 rows=245 width=0) (actual time=1499.890..2236.804 rows=110 loops=1)
  Hash Cond: (mc.movie_id = t.id)
  ->  Seq Scan on movie_companies mc  (cost=0.00..51404.11 rows=1279517 width=4) (actual time=303.615..867.030 rows=1274246 loops=1)
        Filter: (company_type_id = 1)
        Rows Removed by Filter: 1334883
  ->  Hash  (cost=73925.90..73925.90 rows=485 width=4) (actual time=1194.065..1194.065 rows=298 loops=1)
        Buckets: 1024  Batches: 1  Memory Usage: 19kB
        ->  Seq Scan on title t  (cost=0.00..73925.90 rows=485 width=4) (actual time=6.067..1193.678 rows=298 loops=1)
              Filter: ((kind_id > 1) AND (production_year > 2013))
              Rows Removed by Filter: 2528014
Planning time: 0.754 ms
Execution time: 2236.943 ms
