Hash Join  (cost=315765.79..903643.02 rows=10551732 width=0) (actual time=8087.838..47188.020 rows=130079253 loops=1)
  Hash Cond: (mi.movie_id = t.id)
  ->  Seq Scan on movie_info mi  (cost=0.00..346232.03 rows=8841901 width=4) (actual time=0.024..6588.872 rows=8950757 loops=1)
        Filter: (info_type_id > 6)
        Rows Removed by Filter: 5884963
  ->  Hash  (cost=266259.18..266259.18 rows=3017489 width=8) (actual time=8085.993..8085.993 rows=3003274 loops=1)
        Buckets: 131072  Batches: 64  Memory Usage: 2966kB
        ->  Hash Join  (cost=102767.86..266259.18 rows=3017489 width=8) (actual time=2560.173..6848.349 rows=3003274 loops=1)
              Hash Cond: (mk.movie_id = t.id)
              ->  Seq Scan on movie_keyword mk  (cost=0.00..81003.12 rows=3017489 width=4) (actual time=0.023..1654.799 rows=3003274 loops=1)
                    Filter: (keyword_id > 2199)
                    Rows Removed by Filter: 1520656
              ->  Hash  (cost=61283.27..61283.27 rows=2528527 width=4) (actual time=2557.846..2557.846 rows=2528312 loops=1)
                    Buckets: 131072  Batches: 64  Memory Usage: 2425kB
                    ->  Seq Scan on title t  (cost=0.00..61283.27 rows=2528527 width=4) (actual time=0.020..1082.879 rows=2528312 loops=1)
Planning time: 1.044 ms
Execution time: 60457.371 ms
