Hash Join  (cost=74050.79..875480.74 rows=45286 width=0) (actual time=4219.334..16587.948 rows=46685 loops=1)
  Hash Cond: (ci.movie_id = t.id)
  ->  Seq Scan on cast_info ci  (cost=0.00..796071.18 rows=291443 width=4) (actual time=2965.399..15102.234 rows=291897 loops=1)
        Filter: ((person_id > 578182) AND (role_id > 10))
        Rows Removed by Filter: 35952447
  ->  Hash  (cost=67604.59..67604.59 rows=392896 width=4) (actual time=1253.076..1253.076 rows=391666 loops=1)
        Buckets: 131072  Batches: 8  Memory Usage: 2753kB
        ->  Seq Scan on title t  (cost=0.00..67604.59 rows=392896 width=4) (actual time=0.041..1117.734 rows=391666 loops=1)
              Filter: (production_year > 2010)
              Rows Removed by Filter: 2136646
Planning time: 0.705 ms
Execution time: 16594.000 ms
