Seq Scan on movie_keyword mk  (cost=0.00..81003.12 rows=246 width=0) (actual time=21.934..1324.482 rows=225 loops=1)
  Filter: (keyword_id = 14017)
  Rows Removed by Filter: 4523705
Planning time: 0.344 ms
Execution time: 1324.734 ms
