Seq Scan on title t  (cost=0.00..67604.59 rows=629603 width=94) (actual time=0.021..1400.049 rows=622851 loops=1)
  Filter: (production_year < 1987)
  Rows Removed by Filter: 1905461
Planning time: 0.505 ms
Execution time: 1448.279 ms
