Hash Join  (cost=220802.42..777804.77 rows=7234742 width=0) (actual time=4850.331..29058.492 rows=47090473 loops=1)
  Hash Cond: (mi.movie_id = t.id)
  ->  Seq Scan on movie_info mi  (cost=0.00..309384.22 rows=14739122 width=4) (actual time=0.018..6352.239 rows=14835720 loops=1)
  ->  Hash  (cost=200439.24..200439.24 rows=1241135 width=8) (actual time=4849.114..4849.114 rows=1209113 loops=1)
        Buckets: 131072  Batches: 32  Memory Usage: 2555kB
        ->  Hash Join  (cost=102767.86..200439.24 rows=1241135 width=8) (actual time=2531.816..4529.319 rows=1209113 loops=1)
              Hash Cond: (mc.movie_id = t.id)
              ->  Seq Scan on movie_companies mc  (cost=0.00..57926.93 rows=1241135 width=4) (actual time=507.449..1215.037 rows=1209113 loops=1)
                    Filter: ((company_id > 12) AND (company_type_id < 2))
                    Rows Removed by Filter: 1400016
              ->  Hash  (cost=61283.27..61283.27 rows=2528527 width=4) (actual time=2023.515..2023.515 rows=2528312 loops=1)
                    Buckets: 131072  Batches: 64  Memory Usage: 2415kB
                    ->  Seq Scan on title t  (cost=0.00..61283.27 rows=2528527 width=4) (actual time=0.021..1181.337 rows=2528312 loops=1)
Planning time: 3.280 ms
Execution time: 34140.393 ms
