Seq Scan on cast_info ci  (cost=0.00..796071.18 rows=4255781 width=0) (actual time=1505.954..14483.298 rows=7449311 loops=1)
  Filter: ((person_id > 1478321) AND (role_id = 2))
  Rows Removed by Filter: 28795033
Planning time: 0.286 ms
Execution time: 15431.212 ms
