Hash Join  (cost=599641.76..2085891.62 rows=22003657 width=0) (actual time=13989.088..47779.587 rows=10752062 loops=1)
  Hash Cond: (ci.movie_id = t.id)
  ->  Seq Scan on cast_info ci  (cost=0.00..614943.12 rows=36225612 width=4) (actual time=0.022..13345.042 rows=36244344 loops=1)
  ->  Hash  (cost=574443.72..574443.72 rows=1535843 width=8) (actual time=13984.996..13984.996 rows=742977 loops=1)
        Buckets: 131072  Batches: 32  Memory Usage: 1883kB
        ->  Hash Join  (cost=78249.37..574443.72 rows=1535843 width=8) (actual time=1462.601..13117.769 rows=742977 loops=1)
              Hash Cond: (mi.movie_id = t.id)
              ->  Seq Scan on movie_info mi  (cost=0.00..309384.22 rows=14739122 width=4) (actual time=0.025..6023.079 rows=14835720 loops=1)
              ->  Hash  (cost=73925.90..73925.90 rows=263477 width=4) (actual time=1249.080..1249.080 rows=153864 loops=1)
                    Buckets: 131072  Batches: 4  Memory Usage: 2382kB
                    ->  Seq Scan on title t  (cost=0.00..73925.90 rows=263477 width=4) (actual time=341.282..1189.431 rows=153864 loops=1)
                          Filter: ((production_year < 1974) AND (kind_id = 7))
                          Rows Removed by Filter: 2374448
Planning time: 6.462 ms
Execution time: 48895.329 ms
