Seq Scan on movie_keyword mk  (cost=0.00..81003.12 rows=3087321 width=0) (actual time=0.017..1570.758 rows=3068778 loops=1)
  Filter: (keyword_id > 2048)
  Rows Removed by Filter: 1455152
Planning time: 0.244 ms
Execution time: 1945.476 ms
