Hash Join  (cost=182339.93..1069123.57 rows=1744022 width=0) (actual time=14720.220..46528.153 rows=800258 loops=1)
  Hash Cond: (ci.movie_id = t.id)
  ->  Seq Scan on cast_info ci  (cost=0.00..796071.18 rows=6092331 width=4) (actual time=3097.689..33919.856 rows=760711 loops=1)
        Filter: ((person_id > 2602539) AND (role_id < 3))
        Rows Removed by Filter: 35483633
  ->  Hash  (cost=170464.07..170464.07 rows=723829 width=8) (actual time=11621.247..11621.247 rows=1537006 loops=1)
        Buckets: 131072 (originally 131072)  Batches: 32 (originally 16)  Memory Usage: 3073kB
        ->  Hash Join  (cost=85435.26..170464.07 rows=723829 width=8) (actual time=4517.188..11035.076 rows=1537006 loops=1)
              Hash Cond: (mc.movie_id = t.id)
              ->  Seq Scan on movie_companies mc  (cost=0.00..44881.29 rows=2609129 width=4) (actual time=0.021..3710.800 rows=2609129 loops=1)
              ->  Hash  (cost=73925.90..73925.90 rows=701468 width=4) (actual time=4516.405..4516.405 rows=749931 loops=1)
                    Buckets: 131072  Batches: 16  Memory Usage: 2673kB
                    ->  Seq Scan on title t  (cost=0.00..73925.90 rows=701468 width=4) (actual time=0.018..3928.720 rows=749931 loops=1)
                          Filter: ((kind_id < 7) AND (production_year < 2009))
                          Rows Removed by Filter: 1778381
Planning time: 1.202 ms
Execution time: 46647.696 ms
