Seq Scan on title t  (cost=0.00..73925.90 rows=103725 width=0) (actual time=149.352..1048.686 rows=98992 loops=1)
  Filter: ((kind_id < 2) AND (production_year > 2010))
  Rows Removed by Filter: 2429320
Planning time: 0.300 ms
Execution time: 1063.319 ms
