Seq Scan on movie_companies mc  (cost=0.00..51404.11 rows=1762115 width=0) (actual time=0.023..1035.536 rows=1753176 loops=1)
  Filter: (company_id < 24666)
  Rows Removed by Filter: 855953
Planning time: 0.310 ms
Execution time: 1247.989 ms
