Hash Join  (cost=196043.17..1322468.69 rows=9016335 width=0) (actual time=4018.262..41146.442 rows=10437807 loops=1)
  Hash Cond: (ci.movie_id = t.id)
  ->  Seq Scan on cast_info ci  (cost=0.00..614943.12 rows=36225612 width=4) (actual time=0.017..13353.640 rows=36244344 loops=1)
  ->  Hash  (cost=185717.49..185717.49 rows=629335 width=8) (actual time=4016.911..4016.911 rows=399354 loops=1)
        Buckets: 131072  Batches: 16  Memory Usage: 1992kB
        ->  Hash Join  (cost=102767.86..185717.49 rows=629335 width=8) (actual time=2479.979..3901.339 rows=399354 loops=1)
              Hash Cond: (mc.movie_id = t.id)
              ->  Seq Scan on movie_companies mc  (cost=0.00..57926.93 rows=629335 width=4) (actual time=239.478..935.351 rows=399354 loops=1)
                    Filter: ((company_id < 11141) AND (company_type_id > 1))
                    Rows Removed by Filter: 2209775
              ->  Hash  (cost=61283.27..61283.27 rows=2528527 width=4) (actual time=2239.385..2239.385 rows=2528312 loops=1)
                    Buckets: 131072  Batches: 64  Memory Usage: 2415kB
                    ->  Seq Scan on title t  (cost=0.00..61283.27 rows=2528527 width=4) (actual time=0.016..1103.390 rows=2528312 loops=1)
Planning time: 1.133 ms
Execution time: 42412.176 ms
