Nested Loop  (cost=72397.51..919526.57 rows=7044 width=0) (actual time=1822.354..16677.670 rows=36370 loops=1)
  ->  Hash Join  (cost=72397.08..890779.99 rows=47661 width=8) (actual time=1821.627..13731.521 rows=211498 loops=1)
        Hash Cond: (ci.movie_id = mc.movie_id)
        ->  Seq Scan on cast_info ci  (cost=0.00..796071.18 rows=37806 width=4) (actual time=503.443..11975.072 rows=198991 loops=1)
              Filter: ((person_id > 3332975) AND (role_id > 10))
              Rows Removed by Filter: 36045353
        ->  Hash  (cost=51404.11..51404.11 rows=1279517 width=4) (actual time=1317.064..1317.064 rows=1274246 loops=1)
              Buckets: 131072  Batches: 32  Memory Usage: 2400kB
              ->  Seq Scan on movie_companies mc  (cost=0.00..51404.11 rows=1279517 width=4) (actual time=0.040..935.604 rows=1274246 loops=1)
                    Filter: (company_type_id < 2)
                    Rows Removed by Filter: 1334883
  ->  Index Scan using title_pkey on title t  (cost=0.43..0.59 rows=1 width=4) (actual time=0.013..0.014 rows=0 loops=211498)
        Index Cond: (id = mc.movie_id)
        Filter: ((kind_id > 1) AND (production_year < 2004))
        Rows Removed by Filter: 1
Planning time: 1.210 ms
Execution time: 16686.220 ms
