Hash Join  (cost=87734.02..123132.47 rows=154751 width=0) (actual time=1588.137..2501.512 rows=268266 loops=1)
  Hash Cond: (mi_idx.movie_id = t.id)
  ->  Seq Scan on movie_info_idx mi_idx  (cost=0.00..25185.44 rows=464934 width=4) (actual time=0.017..465.974 rows=460185 loops=1)
        Filter: (info_type_id > 100)
        Rows Removed by Filter: 919850
  ->  Hash  (cost=73925.90..73925.90 rows=841609 width=4) (actual time=1587.571..1587.571 rows=755160 loops=1)
        Buckets: 131072  Batches: 16  Memory Usage: 2686kB
        ->  Seq Scan on title t  (cost=0.00..73925.90 rows=841609 width=4) (actual time=0.017..1350.626 rows=755160 loops=1)
              Filter: ((kind_id < 7) AND (production_year > 1965))
              Rows Removed by Filter: 1773152
Planning time: 0.485 ms
Execution time: 2535.384 ms
