Hash Join  (cost=191954.08..652554.46 rows=2701811 width=0) (actual time=5711.007..19555.118 rows=18845752 loops=1)
  Hash Cond: (mi.movie_id = t.id)
  ->  Seq Scan on movie_info mi  (cost=0.00..346232.03 rows=7235534 width=4) (actual time=562.152..6354.477 rows=7286865 loops=1)
        Filter: (info_type_id < 8)
        Rows Removed by Filter: 7548855
  ->  Hash  (cost=176462.90..176462.90 rows=944174 width=8) (actual time=5144.347..5144.347 rows=1843020 loops=1)
        Buckets: 131072 (originally 131072)  Batches: 32 (originally 16)  Memory Usage: 3345kB
        ->  Hash Join  (cost=83810.17..176462.90 rows=944174 width=8) (actual time=1523.880..4574.860 rows=1843020 loops=1)
              Hash Cond: (mc.movie_id = t.id)
              ->  Seq Scan on movie_companies mc  (cost=0.00..51404.11 rows=2417033 width=4) (actual time=0.031..1085.357 rows=2417919 loops=1)
                    Filter: (company_id > 49)
                    Rows Removed by Filter: 191210
              ->  Hash  (cost=67604.59..67604.59 rows=987727 width=4) (actual time=1523.063..1523.063 rows=985048 loops=1)
                    Buckets: 131072  Batches: 16  Memory Usage: 3188kB
                    ->  Seq Scan on title t  (cost=0.00..67604.59 rows=987727 width=4) (actual time=0.021..1215.478 rows=985048 loops=1)
                          Filter: (kind_id < 7)
                          Rows Removed by Filter: 1543264
Planning time: 1.181 ms
Execution time: 21503.941 ms
