Seq Scan on cast_info ci  (cost=0.00..796071.18 rows=16168081 width=0) (actual time=1544.428..16508.738 rows=20435719 loops=1)
  Filter: ((person_id > 1101539) AND (role_id > 1))
  Rows Removed by Filter: 15808625
Planning time: 7.053 ms
Execution time: 18983.571 ms
