Hash Join  (cost=140729.87..220140.57 rows=316317 width=0) (actual time=3869.442..6246.486 rows=1046344 loops=1)
  Hash Cond: (mc.movie_id = t.id)
  ->  Seq Scan on movie_companies mc  (cost=0.00..44881.29 rows=2609129 width=4) (actual time=0.022..944.857 rows=2609129 loops=1)
  ->  Hash  (cost=135700.04..135700.04 rows=306546 width=8) (actual time=3868.558..3868.558 rows=356160 loops=1)
        Buckets: 131072  Batches: 8  Memory Usage: 2772kB
        ->  Hash Join  (cost=94978.31..135700.04 rows=306546 width=8) (actual time=2594.517..3758.085 rows=356160 loops=1)
              Hash Cond: (mi_idx.movie_id = t.id)
              ->  Seq Scan on movie_info_idx mi_idx  (cost=0.00..25185.44 rows=464566 width=4) (actual time=0.019..518.995 rows=459925 loops=1)
                    Filter: (info_type_id = 101)
                    Rows Removed by Filter: 920110
              ->  Hash  (cost=67604.59..67604.59 rows=1668458 width=4) (actual time=2593.196..2593.196 rows=1671292 loops=1)
                    Buckets: 131072  Batches: 32  Memory Usage: 2858kB
                    ->  Seq Scan on title t  (cost=0.00..67604.59 rows=1668458 width=4) (actual time=0.022..1298.775 rows=1671292 loops=1)
                          Filter: (production_year < 2008)
                          Rows Removed by Filter: 857020
Planning time: 1.142 ms
Execution time: 6361.440 ms
