Hash Join  (cost=73983.02..100918.97 rows=839 width=0) (actual time=899.114..1470.413 rows=1957 loops=1)
  Hash Cond: (mi_idx.movie_id = t.id)
  ->  Seq Scan on movie_info_idx mi_idx  (cost=0.00..25185.44 rows=464566 width=4) (actual time=0.022..458.415 rows=459925 loops=1)
        Filter: (info_type_id = 101)
        Rows Removed by Filter: 920110
  ->  Hash  (cost=73925.90..73925.90 rows=4569 width=4) (actual time=897.919..897.919 rows=14710 loops=1)
        Buckets: 16384 (originally 8192)  Batches: 1 (originally 1)  Memory Usage: 646kB
        ->  Seq Scan on title t  (cost=0.00..73925.90 rows=4569 width=4) (actual time=0.059..892.124 rows=14710 loops=1)
              Filter: ((kind_id > 4) AND (production_year = 1991))
              Rows Removed by Filter: 2513602
Planning time: 0.741 ms
Execution time: 1470.947 ms
