Nested Loop  (cost=0.43..52284.21 rows=27 width=0) (actual time=366.185..878.051 rows=1 loops=1)
  ->  Seq Scan on movie_companies mc  (cost=0.00..51404.11 rows=104 width=4) (actual time=366.089..877.953 rows=1 loops=1)
        Filter: (company_id = 131480)
        Rows Removed by Filter: 2609128
  ->  Index Scan using title_pkey on title t  (cost=0.43..8.45 rows=1 width=4) (actual time=0.089..0.091 rows=1 loops=1)
        Index Cond: (id = mc.movie_id)
        Filter: ((kind_id < 7) AND (production_year < 2008))
Planning time: 0.638 ms
Execution time: 878.146 ms
