Seq Scan on movie_keyword mk  (cost=0.00..81003.12 rows=246 width=0) (actual time=5.759..1211.269 rows=14 loops=1)
  Filter: (keyword_id = 8958)
  Rows Removed by Filter: 4523916
Planning time: 0.378 ms
Execution time: 1211.369 ms
