Hash Join  (cost=912276.30..1302159.52 rows=618247 width=0) (actual time=17945.817..22009.735 rows=1670911 loops=1)
  Hash Cond: (mi.movie_id = t.id)
  ->  Seq Scan on movie_info mi  (cost=0.00..346232.03 rows=3068194 width=4) (actual time=3261.118..5728.993 rows=3036719 loops=1)
        Filter: (info_type_id = 16)
        Rows Removed by Filter: 11799001
  ->  Hash  (cost=903916.51..903916.51 rows=509503 width=8) (actual time=14683.633..14683.633 rows=158869 loops=1)
        Buckets: 131072  Batches: 8  Memory Usage: 1820kB
        ->  Hash Join  (cost=83810.17..903916.51 rows=509503 width=8) (actual time=8448.907..14637.633 rows=158869 loops=1)
              Hash Cond: (ci.movie_id = t.id)
              ->  Seq Scan on cast_info ci  (cost=0.00..796071.18 rows=1304300 width=4) (actual time=6971.190..12744.734 rows=427557 loops=1)
                    Filter: ((person_id < 976035) AND (role_id > 9))
                    Rows Removed by Filter: 35816787
              ->  Hash  (cost=67604.59..67604.59 rows=987727 width=4) (actual time=1475.925..1475.925 rows=985048 loops=1)
                    Buckets: 131072  Batches: 16  Memory Usage: 3188kB
                    ->  Seq Scan on title t  (cost=0.00..67604.59 rows=987727 width=4) (actual time=0.014..1173.588 rows=985048 loops=1)
                          Filter: (kind_id < 7)
                          Rows Removed by Filter: 1543264
Planning time: 1.179 ms
Execution time: 22190.050 ms
