Hash Join  (cost=102767.86..269253.02 rows=3141910 width=0) (actual time=2646.258..6950.298 rows=3125741 loops=1)
  Hash Cond: (mk.movie_id = t.id)
  ->  Seq Scan on movie_keyword mk  (cost=0.00..81003.12 rows=3141910 width=4) (actual time=0.031..1707.910 rows=3125741 loops=1)
        Filter: (keyword_id < 11985)
        Rows Removed by Filter: 1398189
  ->  Hash  (cost=61283.27..61283.27 rows=2528527 width=4) (actual time=2643.802..2643.802 rows=2528312 loops=1)
        Buckets: 131072  Batches: 64  Memory Usage: 2425kB
        ->  Seq Scan on title t  (cost=0.00..61283.27 rows=2528527 width=4) (actual time=0.016..1095.665 rows=2528312 loops=1)
Planning time: 0.743 ms
Execution time: 7288.818 ms
