Seq Scan on movie_keyword mk  (cost=0.00..81003.12 rows=3310579 width=0) (actual time=0.023..1567.175 rows=3301597 loops=1)
  Filter: (keyword_id < 14889)
  Rows Removed by Filter: 1222333
Planning time: 0.335 ms
Execution time: 1981.797 ms
