Seq Scan on movie_keyword mk  (cost=0.00..81003.12 rows=1951272 width=0) (actual time=0.025..4432.608 rows=1959362 loops=1)
  Filter: (keyword_id > 6507)
  Rows Removed by Filter: 2564568
Planning time: 0.300 ms
Execution time: 4805.185 ms
