Hash Join  (cost=205477.31..1282293.17 rows=4187069 width=0) (actual time=4021.456..36726.581 rows=12851503 loops=1)
  Hash Cond: (ci.movie_id = t.id)
  ->  Seq Scan on cast_info ci  (cost=0.00..614943.12 rows=36225612 width=4) (actual time=0.023..13538.198 rows=36244344 loops=1)
  ->  Hash  (cost=200682.13..200682.13 rows=292255 width=8) (actual time=4020.768..4020.768 rows=311486 loops=1)
        Buckets: 131072  Batches: 4  Memory Usage: 4083kB
        ->  Hash Join  (cost=102767.86..200682.13 rows=292255 width=8) (actual time=1888.065..3924.844 rows=311486 loops=1)
              Hash Cond: (mk.movie_id = t.id)
              ->  Seq Scan on movie_keyword mk  (cost=0.00..81003.12 rows=292255 width=4) (actual time=0.027..1371.143 rows=311486 loops=1)
                    Filter: (keyword_id < 249)
                    Rows Removed by Filter: 4212444
              ->  Hash  (cost=61283.27..61283.27 rows=2528527 width=4) (actual time=1884.856..1884.856 rows=2528312 loops=1)
                    Buckets: 131072  Batches: 64  Memory Usage: 2425kB
                    ->  Seq Scan on title t  (cost=0.00..61283.27 rows=2528527 width=4) (actual time=0.025..1043.376 rows=2528312 loops=1)
Planning time: 1.223 ms
Execution time: 38126.207 ms
