Seq Scan on cast_info ci  (cost=0.00..796071.18 rows=18513686 width=0) (actual time=3251.437..15918.567 rows=15861734 loops=1)
  Filter: ((person_id < 2905613) AND (role_id > 1))
  Rows Removed by Filter: 20382610
Planning time: 0.360 ms
Execution time: 17872.164 ms
