Hash Join  (cost=190230.21..1186001.21 rows=9134874 width=0) (actual time=9270.314..32299.160 rows=18426966 loops=1)
  Hash Cond: (ci.movie_id = t.id)
  ->  Seq Scan on cast_info ci  (cost=0.00..705507.15 rows=16737094 width=4) (actual time=4148.749..14048.756 rows=16853227 loops=1)
        Filter: (person_id > 1940512)
        Rows Removed by Filter: 19391117
  ->  Hash  (cost=167588.78..167588.78 rows=1380035 width=8) (actual time=5120.073..5120.073 rows=1380035 loops=1)
        Buckets: 131072  Batches: 32  Memory Usage: 2708kB
        ->  Hash Join  (cost=102767.86..167588.78 rows=1380035 width=8) (actual time=2639.544..4713.263 rows=1380035 loops=1)
              Hash Cond: (mi_idx.movie_id = t.id)
              ->  Seq Scan on movie_info_idx mi_idx  (cost=0.00..21735.35 rows=1380035 width=4) (actual time=0.023..511.453 rows=1380035 loops=1)
              ->  Hash  (cost=61283.27..61283.27 rows=2528527 width=4) (actual time=2634.595..2634.595 rows=2528312 loops=1)
                    Buckets: 131072  Batches: 64  Memory Usage: 2415kB
                    ->  Seq Scan on title t  (cost=0.00..61283.27 rows=2528527 width=4) (actual time=0.017..1102.371 rows=2528312 loops=1)
Planning time: 1.227 ms
Execution time: 34183.748 ms
