Hash Join  (cost=161784.19..986612.99 rows=89701 width=0) (actual time=5603.657..20383.088 rows=2121206 loops=1)
  Hash Cond: (ci.movie_id = t.id)
  ->  Seq Scan on cast_info ci  (cost=0.00..796071.18 rows=5572119 width=4) (actual time=2464.806..14294.637 rows=7428793 loops=1)
        Filter: ((person_id > 1460407) AND (role_id > 4))
        Rows Removed by Filter: 28815551
  ->  Hash  (cost=161275.38..161275.38 rows=40705 width=8) (actual time=3138.170..3138.170 rows=101621 loops=1)
        Buckets: 131072 (originally 65536)  Batches: 2 (originally 1)  Memory Usage: 3073kB
        ->  Hash Join  (cost=74210.29..161275.38 rows=40705 width=8) (actual time=1199.996..3100.603 rows=101621 loops=1)
              Hash Cond: (mk.movie_id = t.id)
              ->  Seq Scan on movie_keyword mk  (cost=0.00..69693.30 rows=4523930 width=4) (actual time=0.033..1005.928 rows=4523930 loops=1)
              ->  Hash  (cost=73925.90..73925.90 rows=22751 width=4) (actual time=1199.758..1199.758 rows=18892 loops=1)
                    Buckets: 32768  Batches: 1  Memory Usage: 921kB
                    ->  Seq Scan on title t  (cost=0.00..73925.90 rows=22751 width=4) (actual time=0.256..1191.153 rows=18892 loops=1)
                          Filter: ((kind_id < 7) AND (production_year = 2001))
                          Rows Removed by Filter: 2509420
Planning time: 0.777 ms
Execution time: 20610.927 ms
