Seq Scan on movie_keyword mk  (cost=0.00..81003.12 rows=2832107 width=0) (actual time=0.019..1533.086 rows=2822788 loops=1)
  Filter: (keyword_id < 8455)
  Rows Removed by Filter: 1701142
Planning time: 0.352 ms
Execution time: 1873.014 ms
