Hash Join  (cost=109434.47..202087.92 rows=79325 width=0) (actual time=1992.962..4035.853 rows=254896 loops=1)
  Hash Cond: (mk.movie_id = t.id)
  ->  Seq Scan on movie_keyword mk  (cost=0.00..81003.12 rows=2895220 width=4) (actual time=0.025..1516.579 rows=2883733 loops=1)
        Filter: (keyword_id < 9023)
        Rows Removed by Filter: 1640197
  ->  Hash  (cost=108568.50..108568.50 rows=69278 width=8) (actual time=1992.248..1992.248 rows=58600 loops=1)
        Buckets: 131072  Batches: 1  Memory Usage: 3314kB
        ->  Hash Join  (cost=69687.24..108568.50 rows=69278 width=8) (actual time=1043.237..1972.909 rows=58600 loops=1)
              Hash Cond: (mi_idx.movie_id = t.id)
              ->  Seq Scan on movie_info_idx mi_idx  (cost=0.00..21735.35 rows=1380035 width=4) (actual time=0.008..447.081 rows=1380035 loops=1)
              ->  Hash  (cost=67604.59..67604.59 rows=126932 width=4) (actual time=1042.254..1042.254 rows=122861 loops=1)
                    Buckets: 131072  Batches: 2  Memory Usage: 3191kB
                    ->  Seq Scan on title t  (cost=0.00..67604.59 rows=126932 width=4) (actual time=0.013..992.774 rows=122861 loops=1)
                          Filter: (production_year = 2008)
                          Rows Removed by Filter: 2405451
Planning time: 3.725 ms
Execution time: 4068.571 ms
