Hash Join  (cost=191057.41..753013.72 rows=7699036 width=0) (actual time=4393.342..22417.619 rows=20765207 loops=1)
  Hash Cond: (mi.movie_id = t.id)
  ->  Seq Scan on movie_info mi  (cost=0.00..309384.22 rows=14739122 width=4) (actual time=0.019..5927.372 rows=14835720 loops=1)
  ->  Hash  (cost=169387.58..169387.58 rows=1320786 width=8) (actual time=4392.231..4392.231 rows=1368353 loops=1)
        Buckets: 131072  Batches: 32  Memory Usage: 2711kB
        ->  Hash Join  (cost=107308.20..169387.58 rows=1320786 width=8) (actual time=2063.014..3996.153 rows=1368353 loops=1)
              Hash Cond: (mi_idx.movie_id = t.id)
              ->  Seq Scan on movie_info_idx mi_idx  (cost=0.00..21735.35 rows=1380035 width=4) (actual time=0.019..484.518 rows=1380035 loops=1)
              ->  Hash  (cost=67604.59..67604.59 rows=2419969 width=4) (actual time=2061.779..2061.779 rows=2413398 loops=1)
                    Buckets: 131072  Batches: 32  Memory Usage: 3676kB
                    ->  Seq Scan on title t  (cost=0.00..67604.59 rows=2419969 width=4) (actual time=0.026..1302.009 rows=2413398 loops=1)
                          Filter: (production_year > 1912)
                          Rows Removed by Filter: 114914
Planning time: 1.196 ms
Execution time: 24629.473 ms
