Hash Join  (cost=83810.17..1264122.67 rows=9605729 width=0) (actual time=1617.761..35007.688 rows=9977592 loops=1)
  Hash Cond: (ci.movie_id = t.id)
  ->  Seq Scan on cast_info ci  (cost=0.00..796071.18 rows=24590141 width=4) (actual time=0.024..18620.741 rows=24034912 loops=1)
        Filter: ((person_id > 663301) AND (role_id < 9))
        Rows Removed by Filter: 12209432
  ->  Hash  (cost=67604.59..67604.59 rows=987727 width=4) (actual time=1616.663..1616.663 rows=985048 loops=1)
        Buckets: 131072  Batches: 16  Memory Usage: 3188kB
        ->  Seq Scan on title t  (cost=0.00..67604.59 rows=987727 width=4) (actual time=0.022..1308.617 rows=985048 loops=1)
              Filter: (kind_id < 7)
              Rows Removed by Filter: 1543264
Planning time: 0.804 ms
Execution time: 36070.317 ms
