Seq Scan on movie_keyword mk  (cost=0.00..81003.12 rows=3982650 width=0) (actual time=0.021..4563.997 rows=3982530 loops=1)
  Filter: (keyword_id > 382)
  Rows Removed by Filter: 541400
Planning time: 0.362 ms
Execution time: 5259.570 ms
