Hash Join  (cost=136440.33..490904.55 rows=238 width=0) (actual time=1461.547..7475.323 rows=3797 loops=1)
  Hash Cond: (mi.movie_id = t.id)
  ->  Seq Scan on movie_info mi  (cost=0.00..346232.03 rows=2194617 width=4) (actual time=36.877..5747.237 rows=2233850 loops=1)
        Filter: (info_type_id > 16)
        Rows Removed by Filter: 12601870
  ->  Hash  (cost=136436.90..136436.90 rows=274 width=8) (actual time=1410.738..1410.738 rows=232 loops=1)
        Buckets: 1024  Batches: 1  Memory Usage: 18kB
        ->  Nested Loop  (cost=0.43..136436.90 rows=274 width=8) (actual time=15.293..1410.433 rows=232 loops=1)
              ->  Seq Scan on movie_keyword mk  (cost=0.00..81003.12 rows=8143 width=4) (actual time=0.111..1193.934 rows=8397 loops=1)
                    Filter: (keyword_id = 348)
                    Rows Removed by Filter: 4515533
              ->  Index Scan using title_pkey on title t  (cost=0.43..6.80 rows=1 width=4) (actual time=0.025..0.025 rows=0 loops=8397)
                    Index Cond: (id = mk.movie_id)
                    Filter: (production_year = 2004)
                    Rows Removed by Filter: 1
Planning time: 1.098 ms
Execution time: 7476.133 ms
