Seq Scan on movie_companies mc  (cost=0.00..51404.11 rows=2020234 width=0) (actual time=0.021..995.996 rows=2013142 loops=1)
  Filter: (company_id < 68902)
  Rows Removed by Filter: 595987
Planning time: 0.735 ms
Execution time: 1250.871 ms
