Seq Scan on movie_keyword mk  (cost=0.00..81003.12 rows=246 width=0) (actual time=42.476..1230.364 rows=142 loops=1)
  Filter: (keyword_id = 7789)
  Rows Removed by Filter: 4523788
Planning time: 0.310 ms
Execution time: 1230.555 ms
