Hash Join  (cost=149812.70..275480.65 rows=300891 width=0) (actual time=3034.359..6988.750 rows=3693522 loops=1)
  Hash Cond: (mk.movie_id = t.id)
  ->  Seq Scan on movie_keyword mk  (cost=0.00..69693.30 rows=4523930 width=4) (actual time=0.023..1485.031 rows=4523930 loops=1)
  ->  Hash  (cost=147053.52..147053.52 rows=168175 width=8) (actual time=3033.294..3033.294 rows=364592 loops=1)
        Buckets: 131072 (originally 131072)  Batches: 8 (originally 4)  Memory Usage: 3073kB
        ->  Hash Join  (cost=82606.92..147053.52 rows=168175 width=8) (actual time=1382.101..2919.157 rows=364592 loops=1)
              Hash Cond: (mc.movie_id = t.id)
              ->  Seq Scan on movie_companies mc  (cost=0.00..51404.11 rows=803663 width=4) (actual time=30.618..962.803 rows=809797 loops=1)
                    Filter: (company_id > 29231)
                    Rows Removed by Filter: 1799332
              ->  Hash  (cost=73925.90..73925.90 rows=529121 width=4) (actual time=1350.601..1350.601 rows=594471 loops=1)
                    Buckets: 131072  Batches: 8  Memory Usage: 3653kB
                    ->  Seq Scan on title t  (cost=0.00..73925.90 rows=529121 width=4) (actual time=0.028..1168.783 rows=594471 loops=1)
                          Filter: ((kind_id < 4) AND (production_year < 2007))
                          Rows Removed by Filter: 1933841
Planning time: 1.193 ms
Execution time: 7353.907 ms
