Seq Scan on cast_info ci  (cost=0.00..796071.18 rows=4721087 width=0) (actual time=0.025..11463.496 rows=2908333 loops=1)
  Filter: ((person_id < 1020613) AND (role_id > 2))
  Rows Removed by Filter: 33336011
Planning time: 3.321 ms
Execution time: 11755.935 ms
