Seq Scan on movie_companies mc  (cost=0.00..57926.93 rows=226974 width=0) (actual time=0.042..861.070 rows=450254 loops=1)
  Filter: ((company_id > 77331) AND (company_type_id = 2))
  Rows Removed by Filter: 2158875
Planning time: 0.419 ms
Execution time: 918.213 ms
