Seq Scan on movie_companies mc  (cost=0.00..51404.11 rows=104 width=0) (actual time=402.732..856.950 rows=35 loops=1)
  Filter: (company_id = 88902)
  Rows Removed by Filter: 2609094
Planning time: 0.404 ms
Execution time: 857.030 ms
