Hash Join  (cost=164950.27..254222.45 rows=814765 width=0) (actual time=3521.770..5988.509 rows=1063365 loops=1)
  Hash Cond: (mc.movie_id = t.id)
  ->  Seq Scan on movie_companies mc  (cost=0.00..51404.11 rows=2262776 width=4) (actual time=0.020..1128.358 rows=2258547 loops=1)
        Filter: (company_id < 88206)
        Rows Removed by Filter: 350582
  ->  Hash  (cost=150012.59..150012.59 rows=910455 width=8) (actual time=3520.100..3520.100 rows=525930 loops=1)
        Buckets: 131072  Batches: 16  Memory Usage: 2312kB
        ->  Hash Join  (cost=94973.51..150012.59 rows=910455 width=8) (actual time=1839.203..3368.767 rows=525930 loops=1)
              Hash Cond: (mi_idx.movie_id = t.id)
              ->  Seq Scan on movie_info_idx mi_idx  (cost=0.00..21735.35 rows=1380035 width=4) (actual time=0.024..459.735 rows=1380035 loops=1)
              ->  Hash  (cost=67604.59..67604.59 rows=1668154 width=4) (actual time=1837.891..1837.891 rows=1674098 loops=1)
                    Buckets: 131072  Batches: 32  Memory Usage: 2869kB
                    ->  Seq Scan on title t  (cost=0.00..67604.59 rows=1668154 width=4) (actual time=0.022..1289.415 rows=1674098 loops=1)
                          Filter: (kind_id > 3)
                          Rows Removed by Filter: 854214
Planning time: 1.166 ms
Execution time: 6112.260 ms
