Nested Loop  (cost=0.43..83071.67 rows=246 width=0) (actual time=1.315..4068.213 rows=2312 loops=1)
  ->  Seq Scan on movie_keyword mk  (cost=0.00..81003.12 rows=246 width=4) (actual time=1.254..3585.061 rows=2312 loops=1)
        Filter: (keyword_id = 479)
        Rows Removed by Filter: 4521618
  ->  Index Only Scan using title_pkey on title t  (cost=0.43..8.40 rows=1 width=4) (actual time=0.207..0.208 rows=1 loops=2312)
        Index Cond: (id = mk.movie_id)
        Heap Fetches: 2312
Planning time: 0.749 ms
Execution time: 4069.192 ms
