Nested Loop  (cost=0.43..709671.90 rows=500 width=0) (actual time=2818.602..9641.083 rows=61 loops=1)
  ->  Seq Scan on cast_info ci  (cost=0.00..705507.15 rows=500 width=4) (actual time=2818.426..9637.385 rows=61 loops=1)
        Filter: (person_id = 2481991)
        Rows Removed by Filter: 36244283
  ->  Index Only Scan using title_pkey on title t  (cost=0.43..8.32 rows=1 width=4) (actual time=0.058..0.059 rows=1 loops=61)
        Index Cond: (id = ci.movie_id)
        Heap Fetches: 61
Planning time: 0.739 ms
Execution time: 9641.173 ms
