Seq Scan on title t  (cost=0.00..73925.90 rows=4532 width=0) (actual time=0.102..1168.757 rows=2915 loops=1)
  Filter: ((kind_id = 7) AND (production_year = 1951))
  Rows Removed by Filter: 2525397
Planning time: 3.391 ms
Execution time: 1171.456 ms
