Hash Join  (cost=74500.48..429361.28 rows=39896 width=0) (actual time=2851.375..7102.078 rows=49166 loops=1)
  Hash Cond: (mi.movie_id = t.id)
  ->  Seq Scan on movie_info mi  (cost=0.00..346232.03 rows=2194617 width=4) (actual time=1496.158..5350.037 rows=2233850 loops=1)
        Filter: (info_type_id > 16)
        Rows Removed by Filter: 12601870
  ->  Hash  (cost=73925.90..73925.90 rows=45966 width=4) (actual time=1200.420..1200.420 rows=59574 loops=1)
        Buckets: 65536  Batches: 1  Memory Usage: 2607kB
        ->  Seq Scan on title t  (cost=0.00..73925.90 rows=45966 width=4) (actual time=0.050..1177.507 rows=59574 loops=1)
              Filter: ((production_year < 2002) AND (kind_id = 3))
              Rows Removed by Filter: 2468738
Planning time: 0.564 ms
Execution time: 7109.816 ms
