Seq Scan on cast_info ci  (cost=0.00..705507.15 rows=500 width=0) (actual time=4910.015..11033.627 rows=159 loops=1)
  Filter: (person_id = 3046707)
  Rows Removed by Filter: 36244185
Planning time: 0.362 ms
Execution time: 11033.720 ms
