Hash Join  (cost=83072.30..109982.79 rows=1 width=0) (actual time=1414.151..1678.700 rows=122 loops=1)
  Hash Cond: (mi_idx.movie_id = t.id)
  ->  Seq Scan on movie_info_idx mi_idx  (cost=0.00..21735.35 rows=1380035 width=4) (actual time=0.020..136.464 rows=1380035 loops=1)
  ->  Hash  (cost=83072.29..83072.29 rows=1 width=8) (actual time=1395.729..1395.729 rows=46 loops=1)
        Buckets: 1024  Batches: 1  Memory Usage: 10kB
        ->  Nested Loop  (cost=0.43..83072.29 rows=1 width=8) (actual time=1.989..1395.656 rows=46 loops=1)
              ->  Seq Scan on movie_keyword mk  (cost=0.00..81003.12 rows=246 width=4) (actual time=0.189..1225.724 rows=4600 loops=1)
                    Filter: (keyword_id = 110)
                    Rows Removed by Filter: 4519330
              ->  Index Scan using title_pkey on title t  (cost=0.43..8.40 rows=1 width=4) (actual time=0.036..0.036 rows=0 loops=4600)
                    Index Cond: (id = mk.movie_id)
                    Filter: (production_year = 1984)
                    Rows Removed by Filter: 1
Planning time: 1.178 ms
Execution time: 1678.821 ms
