Hash Join  (cost=93408.25..175310.69 rows=795874 width=0) (actual time=1931.034..4073.939 rows=629960 loops=1)
  Hash Cond: (mc.movie_id = t.id)
  ->  Seq Scan on movie_companies mc  (cost=0.00..51404.11 rows=1279517 width=4) (actual time=0.025..1068.153 rows=1274246 loops=1)
        Filter: (company_type_id < 2)
        Rows Removed by Filter: 1334883
  ->  Hash  (cost=67604.59..67604.59 rows=1572773 width=4) (actual time=1930.217..1930.217 rows=1570568 loops=1)
        Buckets: 131072  Batches: 32  Memory Usage: 2751kB
        ->  Seq Scan on title t  (cost=0.00..67604.59 rows=1572773 width=4) (actual time=0.019..1420.930 rows=1570568 loops=1)
              Filter: (production_year > 1996)
              Rows Removed by Filter: 957744
Planning time: 0.800 ms
Execution time: 4152.175 ms
