Seq Scan on cast_info ci  (cost=0.00..796071.18 rows=6446163 width=0) (actual time=6483.311..15924.497 rows=7450814 loops=1)
  Filter: ((person_id > 394003) AND (role_id = 2))
  Rows Removed by Filter: 28793530
Planning time: 0.378 ms
Execution time: 16842.492 ms
