Seq Scan on movie_companies mc  (cost=0.00..57926.93 rows=51 width=0) (actual time=90.154..737.290 rows=3 loops=1)
  Filter: ((company_id = 24012) AND (company_type_id = 1))
  Rows Removed by Filter: 2609126
Planning time: 0.419 ms
Execution time: 737.380 ms
