Hash Join  (cost=176637.99..242384.72 rows=57684 width=0) (actual time=3784.363..5592.027 rows=1087832 loops=1)
  Hash Cond: (mc.movie_id = t.id)
  ->  Seq Scan on movie_companies mc  (cost=0.00..51404.11 rows=1147408 width=4) (actual time=0.017..966.744 rows=1155215 loops=1)
        Filter: (company_id > 13015)
        Rows Removed by Filter: 1453914
  ->  Hash  (cost=174552.01..174552.01 rows=127118 width=8) (actual time=3783.559..3783.559 rows=284661 loops=1)
        Buckets: 131072 (originally 131072)  Batches: 4 (originally 2)  Memory Usage: 3814kB
        ->  Hash Join  (cost=83718.12..174552.01 rows=127118 width=8) (actual time=1258.985..3695.671 rows=284661 loops=1)
              Hash Cond: (mk.movie_id = t.id)
              ->  Seq Scan on movie_keyword mk  (cost=0.00..81003.12 rows=538558 width=4) (actual time=0.021..1358.618 rows=531576 loops=1)
                    Filter: (keyword_id > 34356)
                    Rows Removed by Filter: 3992354
              ->  Hash  (cost=73925.90..73925.90 rows=596817 width=4) (actual time=1258.272..1258.272 rows=479112 loops=1)
                    Buckets: 131072  Batches: 8  Memory Usage: 3151kB
                    ->  Seq Scan on title t  (cost=0.00..73925.90 rows=596817 width=4) (actual time=268.659..1108.152 rows=479112 loops=1)
                          Filter: ((production_year > 1955) AND (kind_id = 1))
                          Rows Removed by Filter: 2049200
Planning time: 1.220 ms
Execution time: 5723.643 ms
