Hash Join  (cost=102767.86..169904.39 rows=243226 width=0) (actual time=1892.396..3367.178 rows=245755 loops=1)
  Hash Cond: (mc.movie_id = t.id)
  ->  Seq Scan on movie_companies mc  (cost=0.00..51404.11 rows=243226 width=4) (actual time=0.020..853.739 rows=245755 loops=1)
        Filter: (company_id > 101903)
        Rows Removed by Filter: 2363374
  ->  Hash  (cost=61283.27..61283.27 rows=2528527 width=4) (actual time=1891.773..1891.773 rows=2528312 loops=1)
        Buckets: 131072  Batches: 64  Memory Usage: 2415kB
        ->  Seq Scan on title t  (cost=0.00..61283.27 rows=2528527 width=4) (actual time=0.017..1083.391 rows=2528312 loops=1)
Planning time: 4.033 ms
Execution time: 3398.455 ms
