Hash Join  (cost=83134.59..126083.32 rows=306325 width=0) (actual time=1444.593..2690.644 rows=468411 loops=1)
  Hash Cond: (mi_idx.movie_id = t.id)
  ->  Seq Scan on movie_info_idx mi_idx  (cost=0.00..21735.35 rows=1380035 width=4) (actual time=0.033..441.148 rows=1380035 loops=1)
  ->  Hash  (cost=73925.90..73925.90 rows=561255 width=4) (actual time=1443.668..1443.668 rows=433035 loops=1)
        Buckets: 131072  Batches: 8  Memory Usage: 2927kB
        ->  Seq Scan on title t  (cost=0.00..73925.90 rows=561255 width=4) (actual time=0.016..1304.708 rows=433035 loops=1)
              Filter: ((kind_id < 4) AND (production_year > 1994))
              Rows Removed by Filter: 2095277
Planning time: 0.742 ms
Execution time: 2748.164 ms
