Hash Join  (cost=152397.52..277092.98 rows=221043 width=0) (actual time=3173.165..5500.992 rows=155726 loops=1)
  Hash Cond: (mk.movie_id = t.id)
  ->  Seq Scan on movie_keyword mk  (cost=0.00..69693.30 rows=4523930 width=4) (actual time=0.017..1350.439 rows=4523930 loops=1)
  ->  Hash  (cost=150370.19..150370.19 rows=123546 width=8) (actual time=2871.685..2871.685 rows=60733 loops=1)
        Buckets: 131072  Batches: 2  Memory Usage: 2219kB
        ->  Hash Join  (cost=81821.64..150370.19 rows=123546 width=8) (actual time=2014.350..2850.988 rows=60733 loops=1)
              Hash Cond: (mc.movie_id = t.id)
              ->  Seq Scan on movie_companies mc  (cost=0.00..57926.93 rows=649108 width=4) (actual time=0.025..1015.845 rows=902741 loops=1)
                    Filter: ((company_id > 11385) AND (company_type_id = 2))
                    Rows Removed by Filter: 1706388
              ->  Hash  (cost=73925.90..73925.90 rows=481259 width=4) (actual time=1305.959..1305.959 rows=518327 loops=1)
                    Buckets: 131072  Batches: 8  Memory Usage: 3301kB
                    ->  Seq Scan on title t  (cost=0.00..73925.90 rows=481259 width=4) (actual time=190.960..1143.644 rows=518327 loops=1)
                          Filter: ((production_year > 2007) AND (kind_id = 7))
                          Rows Removed by Filter: 2009985
Planning time: 1.225 ms
Execution time: 5520.793 ms
