Hash Join  (cost=187174.02..562111.67 rows=229582 width=0) (actual time=3615.487..10177.686 rows=232089 loops=1)
  Hash Cond: (mi.movie_id = t.id)
  ->  Seq Scan on movie_info mi  (cost=0.00..346232.03 rows=2194617 width=4) (actual time=0.020..5683.324 rows=2233850 loops=1)
        Filter: (info_type_id > 16)
        Rows Removed by Filter: 12601870
  ->  Hash  (cost=182833.62..182833.62 rows=264512 width=8) (actual time=3614.548..3614.548 rows=110766 loops=1)
        Buckets: 131072  Batches: 4  Memory Usage: 2087kB
        ->  Hash Join  (cost=82871.37..182833.62 rows=264512 width=8) (actual time=1417.397..3582.507 rows=110766 loops=1)
              Hash Cond: (mk.movie_id = t.id)
              ->  Seq Scan on movie_keyword mk  (cost=0.00..81003.12 rows=1226670 width=4) (actual time=0.025..1327.549 rows=1236529 loops=1)
                    Filter: (keyword_id > 14635)
                    Rows Removed by Filter: 3287401
              ->  Hash  (cost=73925.90..73925.90 rows=545237 width=4) (actual time=1416.530..1416.530 rows=418129 loops=1)
                    Buckets: 131072  Batches: 8  Memory Usage: 2857kB
                    ->  Seq Scan on title t  (cost=0.00..73925.90 rows=545237 width=4) (actual time=0.014..1274.539 rows=418129 loops=1)
                          Filter: ((kind_id > 2) AND (production_year < 1994))
                          Rows Removed by Filter: 2110183
Planning time: 1.176 ms
Execution time: 10203.015 ms
