Hash Join  (cost=569512.71..1514436.86 rows=2490124 width=0) (actual time=16305.099..35107.797 rows=8523404 loops=1)
  Hash Cond: (ci.movie_id = t.id)
  ->  Seq Scan on cast_info ci  (cost=0.00..705507.15 rows=11927074 width=4) (actual time=2777.199..13225.554 rows=11998962 loops=1)
        Filter: (person_id > 2488640)
        Rows Removed by Filter: 24245382
  ->  Hash  (cost=560850.91..560850.91 rows=527904 width=8) (actual time=13526.445..13526.445 rows=742951 loops=1)
        Buckets: 131072 (originally 131072)  Batches: 16 (originally 8)  Memory Usage: 3073kB
        ->  Hash Join  (cost=75411.94..560850.91 rows=527904 width=8) (actual time=1200.515..13256.389 rows=742951 loops=1)
              Hash Cond: (mi.movie_id = t.id)
              ->  Seq Scan on movie_info mi  (cost=0.00..309384.22 rows=14739122 width=4) (actual time=0.018..5916.290 rows=14835720 loops=1)
              ->  Hash  (cost=73925.90..73925.90 rows=90563 width=4) (actual time=1198.201..1198.201 rows=80990 loops=1)
                    Buckets: 131072  Batches: 2  Memory Usage: 2456kB
                    ->  Seq Scan on title t  (cost=0.00..73925.90 rows=90563 width=4) (actual time=0.025..1166.733 rows=80990 loops=1)
                          Filter: ((kind_id < 7) AND (production_year > 2011))
                          Rows Removed by Filter: 2447322
Planning time: 1.242 ms
Execution time: 36079.166 ms
