Hash Join  (cost=162910.07..237739.26 rows=461904 width=0) (actual time=3664.070..5663.839 rows=1071008 loops=1)
  Hash Cond: (mc.movie_id = t.id)
  ->  Seq Scan on movie_companies mc  (cost=0.00..51404.11 rows=1329612 width=4) (actual time=0.014..952.936 rows=1334883 loops=1)
        Filter: (company_type_id = 2)
        Rows Removed by Filter: 1274246
  ->  Hash  (cost=148498.02..148498.02 rows=878404 width=8) (actual time=3663.215..3663.215 rows=810457 loops=1)
        Buckets: 131072  Batches: 16  Memory Usage: 3002kB
        ->  Hash Join  (cost=94009.45..148498.02 rows=878404 width=8) (actual time=1811.726..3428.036 rows=810457 loops=1)
              Hash Cond: (mi_idx.movie_id = t.id)
              ->  Seq Scan on movie_info_idx mi_idx  (cost=0.00..21735.35 rows=1380035 width=4) (actual time=0.021..459.375 rows=1380035 loops=1)
              ->  Hash  (cost=67604.59..67604.59 rows=1609429 width=4) (actual time=1810.606..1810.606 rows=1607077 loops=1)
                    Buckets: 131072  Batches: 32  Memory Usage: 2791kB
                    ->  Seq Scan on title t  (cost=0.00..67604.59 rows=1609429 width=4) (actual time=0.021..1298.222 rows=1607077 loops=1)
                          Filter: (production_year > 1995)
                          Rows Removed by Filter: 921235
Planning time: 1.174 ms
Execution time: 5800.693 ms
