Seq Scan on cast_info ci  (cost=0.00..705507.15 rows=500 width=0) (actual time=2260.797..11152.962 rows=194 loops=1)
  Filter: (person_id = 546395)
  Rows Removed by Filter: 36244150
Planning time: 0.393 ms
Execution time: 11153.065 ms
