Hash Join  (cost=74141.35..434210.25 rows=24703 width=0) (actual time=1161.897..7105.234 rows=35739 loops=1)
  Hash Cond: (mi.movie_id = t.id)
  ->  Seq Scan on movie_info mi  (cost=0.00..346232.03 rows=3623957 width=4) (actual time=42.418..5333.082 rows=3624977 loops=1)
        Filter: (info_type_id < 4)
        Rows Removed by Filter: 11210743
  ->  Hash  (cost=73925.90..73925.90 rows=17236 width=4) (actual time=1119.037..1119.037 rows=12281 loops=1)
        Buckets: 32768  Batches: 1  Memory Usage: 688kB
        ->  Seq Scan on title t  (cost=0.00..73925.90 rows=17236 width=4) (actual time=0.160..1113.231 rows=12281 loops=1)
              Filter: ((kind_id < 4) AND (production_year = 1999))
              Rows Removed by Filter: 2516031
Planning time: 0.758 ms
Execution time: 7110.853 ms
