Hash Join  (cost=74251.74..129186.25 rows=26898 width=0) (actual time=3290.055..7207.973 rows=40318 loops=1)
  Hash Cond: (mc.movie_id = t.id)
  ->  Seq Scan on movie_companies mc  (cost=0.00..44881.29 rows=2609129 width=4) (actual time=0.022..2888.728 rows=2609129 loops=1)
  ->  Hash  (cost=73925.90..73925.90 rows=26067 width=4) (actual time=3289.831..3289.831 rows=27085 loops=1)
        Buckets: 32768  Batches: 1  Memory Usage: 1209kB
        ->  Seq Scan on title t  (cost=0.00..73925.90 rows=26067 width=4) (actual time=4.200..3277.787 rows=27085 loops=1)
              Filter: ((kind_id < 7) AND (production_year > 2012))
              Rows Removed by Filter: 2501227
Planning time: 2.299 ms
Execution time: 7216.570 ms
