Hash Join  (cost=174595.88..634510.17 rows=372310 width=0) (actual time=4218.521..15782.809 rows=2023798 loops=1)
  Hash Cond: (mi.movie_id = t.id)
  ->  Seq Scan on movie_info mi  (cost=0.00..346232.03 rows=9476311 width=4) (actual time=158.642..6615.969 rows=9565151 loops=1)
        Filter: (info_type_id < 16)
        Rows Removed by Filter: 5270569
  ->  Hash  (cost=172965.10..172965.10 rows=99342 width=8) (actual time=3957.474..3957.474 rows=196038 loops=1)
        Buckets: 131072 (originally 131072)  Batches: 4 (originally 2)  Memory Usage: 3073kB
        ->  Hash Join  (cost=102767.86..172965.10 rows=99342 width=8) (actual time=2788.198..3887.354 rows=196038 loops=1)
              Hash Cond: (mc.movie_id = t.id)
              ->  Seq Scan on movie_companies mc  (cost=0.00..57926.93 rows=99342 width=4) (actual time=320.140..829.928 rows=196038 loops=1)
                    Filter: ((company_id > 114720) AND (company_type_id > 1))
                    Rows Removed by Filter: 2413091
              ->  Hash  (cost=61283.27..61283.27 rows=2528527 width=4) (actual time=2466.874..2466.874 rows=2528312 loops=1)
                    Buckets: 131072  Batches: 64  Memory Usage: 2415kB
                    ->  Seq Scan on title t  (cost=0.00..61283.27 rows=2528527 width=4) (actual time=0.022..1038.685 rows=2528312 loops=1)
Planning time: 1.221 ms
Execution time: 16022.349 ms
