Hash Join  (cost=329803.51..833230.47 rows=7003343 width=0) (actual time=16602.702..64580.658 rows=89881070 loops=1)
  Hash Cond: (mi.movie_id = t.id)
  ->  Seq Scan on movie_info mi  (cost=0.00..346232.03 rows=5263441 width=4) (actual time=0.025..19919.675 rows=5270569 loops=1)
        Filter: (info_type_id > 15)
        Rows Removed by Filter: 9565151
  ->  Hash  (cost=274605.93..274605.93 rows=3364366 width=8) (actual time=16601.552..16601.552 rows=3350434 loops=1)
        Buckets: 131072  Batches: 64  Memory Usage: 3171kB
        ->  Hash Join  (cost=102767.86..274605.93 rows=3364366 width=8) (actual time=6036.627..15199.983 rows=3350434 loops=1)
              Hash Cond: (mk.movie_id = t.id)
              ->  Seq Scan on movie_keyword mk  (cost=0.00..81003.12 rows=3364366 width=4) (actual time=0.022..5156.454 rows=3350434 loops=1)
                    Filter: (keyword_id < 15891)
                    Rows Removed by Filter: 1173496
              ->  Hash  (cost=61283.27..61283.27 rows=2528527 width=4) (actual time=5733.284..5733.284 rows=2528312 loops=1)
                    Buckets: 131072  Batches: 64  Memory Usage: 2425kB
                    ->  Seq Scan on title t  (cost=0.00..61283.27 rows=2528527 width=4) (actual time=0.012..3831.949 rows=2528312 loops=1)
Planning time: 1.057 ms
Execution time: 76632.544 ms
