Nested Loop  (cost=0.43..118482.36 rows=1523 width=0) (actual time=2.798..1488.735 rows=4422 loops=1)
  ->  Seq Scan on movie_keyword mk  (cost=0.00..81003.12 rows=5127 width=4) (actual time=2.749..1307.433 rows=4958 loops=1)
        Filter: (keyword_id = 2632)
        Rows Removed by Filter: 4518972
  ->  Index Scan using title_pkey on title t  (cost=0.43..7.30 rows=1 width=4) (actual time=0.035..0.036 rows=1 loops=4958)
        Index Cond: (id = mk.movie_id)
        Filter: ((kind_id < 7) AND (production_year < 2010))
        Rows Removed by Filter: 0
Planning time: 2.764 ms
Execution time: 1490.109 ms
