Nested Loop  (cost=0.43..709673.15 rows=22 width=0) (actual time=4958.253..11188.932 rows=104 loops=1)
  ->  Seq Scan on cast_info ci  (cost=0.00..705507.15 rows=500 width=4) (actual time=1545.563..11174.361 rows=756 loops=1)
        Filter: (person_id = 1446257)
        Rows Removed by Filter: 36243588
  ->  Index Scan using title_pkey on title t  (cost=0.43..8.32 rows=1 width=4) (actual time=0.019..0.019 rows=0 loops=756)
        Index Cond: (id = ci.movie_id)
        Filter: (production_year = 2007)
        Rows Removed by Filter: 1
Planning time: 6.002 ms
Execution time: 11189.054 ms
