Hash Join  (cost=73926.21..824718.81 rows=344 width=0) (actual time=1154.170..16380.319 rows=623 loops=1)
  Hash Cond: (ci.movie_id = t.id)
  ->  Seq Scan on cast_info ci  (cost=0.00..614943.12 rows=36225612 width=4) (actual time=0.022..8651.889 rows=36244344 loops=1)
  ->  Hash  (cost=73925.90..73925.90 rows=24 width=4) (actual time=1065.374..1065.374 rows=86 loops=1)
        Buckets: 1024  Batches: 1  Memory Usage: 12kB
        ->  Seq Scan on title t  (cost=0.00..73925.90 rows=24 width=4) (actual time=64.168..1065.243 rows=86 loops=1)
              Filter: ((production_year > 2013) AND (kind_id = 2))
              Rows Removed by Filter: 2528226
Planning time: 8.330 ms
Execution time: 16380.847 ms
