Seq Scan on movie_companies mc  (cost=0.00..51404.11 rows=104 width=0) (actual time=4.175..730.114 rows=68 loops=1)
  Filter: (company_id = 1738)
  Rows Removed by Filter: 2609061
Planning time: 1.966 ms
Execution time: 730.209 ms
