Seq Scan on movie_keyword mk  (cost=0.00..81003.12 rows=4311945 width=0) (actual time=0.018..1151.674 rows=4297070 loops=1)
  Filter: (keyword_id > 184)
  Rows Removed by Filter: 226860
Planning time: 0.266 ms
Execution time: 1559.575 ms
