Seq Scan on cast_info ci  (cost=0.00..796071.18 rows=119308 width=0) (actual time=223.587..10171.701 rows=37754 loops=1)
  Filter: ((person_id < 18023) AND (role_id > 1))
  Rows Removed by Filter: 36206590
Planning time: 0.361 ms
Execution time: 10176.529 ms
