Hash Join  (cost=102767.86..257076.46 rows=2635906 width=0) (actual time=1929.211..5873.639 rows=2623167 loops=1)
  Hash Cond: (mk.movie_id = t.id)
  ->  Seq Scan on movie_keyword mk  (cost=0.00..81003.12 rows=2635906 width=4) (actual time=0.022..1730.413 rows=2623167 loops=1)
        Filter: (keyword_id > 3256)
        Rows Removed by Filter: 1900763
  ->  Hash  (cost=61283.27..61283.27 rows=2528527 width=4) (actual time=1927.842..1927.842 rows=2528312 loops=1)
        Buckets: 131072  Batches: 64  Memory Usage: 2425kB
        ->  Seq Scan on title t  (cost=0.00..61283.27 rows=2528527 width=4) (actual time=0.023..1080.260 rows=2528312 loops=1)
Planning time: 0.777 ms
Execution time: 6161.932 ms
