Hash Join  (cost=83302.54..155464.31 rows=196221 width=0) (actual time=3236.826..6926.847 rows=389421 loops=1)
  Hash Cond: (mc.movie_id = t.id)
  ->  Seq Scan on movie_companies mc  (cost=0.00..57926.93 rows=868167 width=4) (actual time=0.015..2800.772 rows=1071266 loops=1)
        Filter: ((company_id > 2929) AND (company_type_id = 2))
        Rows Removed by Filter: 1537863
  ->  Hash  (cost=73925.90..73925.90 rows=571491 width=4) (actual time=3235.750..3235.750 rows=441519 loops=1)
        Buckets: 131072  Batches: 8  Memory Usage: 2966kB
        ->  Seq Scan on title t  (cost=0.00..73925.90 rows=571491 width=4) (actual time=0.018..2912.037 rows=441519 loops=1)
              Filter: ((kind_id < 4) AND (production_year > 1993))
              Rows Removed by Filter: 2086793
Planning time: 0.878 ms
Execution time: 6980.123 ms
