Hash Join  (cost=510374.62..591574.77 rows=752770 width=0) (actual time=9358.864..11940.311 rows=1577358 loops=1)
  Hash Cond: (mc.movie_id = t.id)
  ->  Seq Scan on movie_companies mc  (cost=0.00..51404.11 rows=1495821 width=4) (actual time=0.023..1109.889 rows=1499208 loops=1)
        Filter: (company_id > 7749)
        Rows Removed by Filter: 1109921
  ->  Hash  (cost=489497.65..489497.65 rows=1272478 width=8) (actual time=9357.976..9357.976 rows=1325361 loops=1)
        Buckets: 131072  Batches: 32  Memory Usage: 2635kB
        ->  Hash Join  (cost=102767.86..489497.65 rows=1272478 width=8) (actual time=2166.449..8967.523 rows=1325361 loops=1)
              Hash Cond: (mi.movie_id = t.id)
              ->  Seq Scan on movie_info mi  (cost=0.00..346232.03 rows=1272478 width=4) (actual time=209.531..5448.170 rows=1325361 loops=1)
                    Filter: (info_type_id = 8)
                    Rows Removed by Filter: 13510359
              ->  Hash  (cost=61283.27..61283.27 rows=2528527 width=4) (actual time=1955.570..1955.570 rows=2528312 loops=1)
                    Buckets: 131072  Batches: 64  Memory Usage: 2425kB
                    ->  Seq Scan on title t  (cost=0.00..61283.27 rows=2528527 width=4) (actual time=0.023..1105.618 rows=2528312 loops=1)
Planning time: 1.172 ms
Execution time: 12126.514 ms
