Hash Join  (cost=981117.79..1147771.75 rows=3200801 width=0) (actual time=17206.040..28505.501 rows=34334474 loops=1)
  Hash Cond: (mk.movie_id = t.id)
  ->  Seq Scan on movie_keyword mk  (cost=0.00..69693.30 rows=4523930 width=4) (actual time=0.019..1446.761 rows=4523930 loops=1)
  ->  Hash  (cost=951766.29..951766.29 rows=1789000 width=8) (actual time=17204.242..17204.242 rows=2804794 loops=1)
        Buckets: 131072 (originally 131072)  Batches: 64 (originally 32)  Memory Usage: 3073kB
        ->  Hash Join  (cost=102767.86..951766.29 rows=1789000 width=8) (actual time=8776.020..16357.299 rows=2804794 loops=1)
              Hash Cond: (ci.movie_id = t.id)
              ->  Seq Scan on cast_info ci  (cost=0.00..796071.18 rows=1789000 width=4) (actual time=6927.085..11590.072 rows=2804794 loops=1)
                    Filter: ((person_id > 3530400) AND (role_id > 1))
                    Rows Removed by Filter: 33439550
              ->  Hash  (cost=61283.27..61283.27 rows=2528527 width=4) (actual time=1847.737..1847.737 rows=2528312 loops=1)
                    Buckets: 131072  Batches: 64  Memory Usage: 2415kB
                    ->  Seq Scan on title t  (cost=0.00..61283.27 rows=2528527 width=4) (actual time=0.023..999.470 rows=2528312 loops=1)
Planning time: 1.166 ms
Execution time: 32195.619 ms
