Seq Scan on cast_info ci  (cost=0.00..796071.18 rows=5385605 width=0) (actual time=6007.605..12786.383 rows=10949715 loops=1)
  Filter: ((person_id < 1498883) AND (role_id = 1))
  Rows Removed by Filter: 25294629
Planning time: 0.359 ms
Execution time: 14040.767 ms
