Hash Join  (cost=156173.97..285505.67 rows=601566 width=0) (actual time=3469.398..9665.961 rows=15455642 loops=1)
  Hash Cond: (mk.movie_id = t.id)
  ->  Seq Scan on movie_keyword mk  (cost=0.00..69693.30 rows=4523930 width=4) (actual time=0.021..1357.234 rows=4523930 loops=1)
  ->  Hash  (cost=150657.11..150657.11 rows=336229 width=8) (actual time=3468.164..3468.164 rows=414831 loops=1)
        Buckets: 131072  Batches: 8  Memory Usage: 3095kB
        ->  Hash Join  (cost=78556.72..150657.11 rows=336229 width=8) (actual time=1460.037..3334.720 rows=414831 loops=1)
              Hash Cond: (mc.movie_id = t.id)
              ->  Seq Scan on movie_companies mc  (cost=0.00..51404.11 rows=1273596 width=4) (actual time=0.022..1012.547 rows=1263574 loops=1)
                    Filter: (company_id < 11203)
                    Rows Removed by Filter: 1345555
              ->  Hash  (cost=67604.59..67604.59 rows=667531 width=4) (actual time=1458.860..1458.860 rows=662825 loops=1)
                    Buckets: 131072  Batches: 16  Memory Usage: 2476kB
                    ->  Seq Scan on title t  (cost=0.00..67604.59 rows=667531 width=4) (actual time=448.216..1259.180 rows=662825 loops=1)
                          Filter: (kind_id = 1)
                          Rows Removed by Filter: 1865487
Planning time: 1.069 ms
Execution time: 11129.775 ms
