Hash Join  (cost=102617.88..467335.37 rows=6155 width=0) (actual time=2236.471..8257.217 rows=3610 loops=1)
  Hash Cond: (mi.movie_id = t.id)
  ->  Seq Scan on movie_info mi  (cost=0.00..309384.22 rows=14739122 width=4) (actual time=0.020..3926.954 rows=14835720 loops=1)
  ->  Hash  (cost=102604.68..102604.68 rows=1056 width=8) (actual time=1696.206..1696.206 rows=430 loops=1)
        Buckets: 2048  Batches: 1  Memory Usage: 33kB
        ->  Hash Join  (cost=73962.22..102604.68 rows=1056 width=8) (actual time=1113.293..1695.904 rows=430 loops=1)
              Hash Cond: (mi_idx.movie_id = t.id)
              ->  Seq Scan on movie_info_idx mi_idx  (cost=0.00..25185.44 rows=919057 width=4) (actual time=0.028..441.326 rows=920110 loops=1)
                    Filter: (info_type_id > 99)
                    Rows Removed by Filter: 459925
              ->  Hash  (cost=73925.90..73925.90 rows=2905 width=4) (actual time=1112.215..1112.215 rows=1740 loops=1)
                    Buckets: 4096  Batches: 1  Memory Usage: 94kB
                    ->  Seq Scan on title t  (cost=0.00..73925.90 rows=2905 width=4) (actual time=307.246..1111.196 rows=1740 loops=1)
                          Filter: ((kind_id < 7) AND (production_year = 1898))
                          Rows Removed by Filter: 2526572
Planning time: 1.175 ms
Execution time: 8258.157 ms
