Hash Join  (cost=84466.26..1123904.53 rows=5970580 width=0) (actual time=2084.296..28900.895 rows=3984200 loops=1)
  Hash Cond: (ci.movie_id = t.id)
  ->  Seq Scan on cast_info ci  (cost=0.00..705507.15 rows=23499554 width=4) (actual time=542.657..16144.613 rows=23573656 loops=1)
        Filter: (role_id > 1)
        Rows Removed by Filter: 12670688
  ->  Hash  (cost=73925.90..73925.90 rows=642428 width=4) (actual time=1540.595..1540.595 rows=516249 loops=1)
        Buckets: 131072  Batches: 16  Memory Usage: 2158kB
        ->  Seq Scan on title t  (cost=0.00..73925.90 rows=642428 width=4) (actual time=0.022..1374.210 rows=516249 loops=1)
              Filter: ((kind_id > 3) AND (production_year < 1999))
              Rows Removed by Filter: 2012063
Planning time: 0.718 ms
Execution time: 29332.697 ms
