Hash Join  (cost=139597.14..983125.02 rows=706033 width=0) (actual time=5754.062..19978.839 rows=1037242 loops=1)
  Hash Cond: (ci.movie_id = t.id)
  ->  Seq Scan on cast_info ci  (cost=0.00..796071.18 rows=3311565 width=4) (actual time=2033.904..15218.418 rows=1285255 loops=1)
        Filter: ((person_id < 2841880) AND (role_id = 10))
        Rows Removed by Filter: 34959089
  ->  Hash  (cost=130752.54..130752.54 rows=539088 width=8) (actual time=3718.792..3718.792 rows=954317 loops=1)
        Buckets: 131072 (originally 131072)  Batches: 16 (originally 8)  Memory Usage: 3354kB
        ->  Hash Join  (cost=83810.17..130752.54 rows=539088 width=8) (actual time=1502.089..3418.751 rows=954317 loops=1)
              Hash Cond: (mi_idx.movie_id = t.id)
              ->  Seq Scan on movie_info_idx mi_idx  (cost=0.00..21735.35 rows=1380035 width=4) (actual time=0.030..505.817 rows=1380035 loops=1)
              ->  Hash  (cost=67604.59..67604.59 rows=987727 width=4) (actual time=1501.009..1501.009 rows=985048 loops=1)
                    Buckets: 131072  Batches: 16  Memory Usage: 3188kB
                    ->  Seq Scan on title t  (cost=0.00..67604.59 rows=987727 width=4) (actual time=0.031..1193.396 rows=985048 loops=1)
                          Filter: (kind_id < 7)
                          Rows Removed by Filter: 1543264
Planning time: 0.767 ms
Execution time: 20101.300 ms
