Seq Scan on movie_keyword mk  (cost=0.00..81003.12 rows=246 width=0) (actual time=6.001..1251.479 rows=929 loops=1)
  Filter: (keyword_id = 8937)
  Rows Removed by Filter: 4523001
Planning time: 0.425 ms
Execution time: 1251.940 ms
