Seq Scan on movie_companies mc  (cost=0.00..51404.11 rows=104 width=0) (actual time=92.863..865.309 rows=2 loops=1)
  Filter: (company_id = 108279)
  Rows Removed by Filter: 2609127
Planning time: 0.330 ms
Execution time: 865.381 ms
