Hash Join  (cost=799382.49..854048.15 rows=13 width=0) (actual time=11893.587..12752.213 rows=615 loops=1)
  Hash Cond: (mc.movie_id = t.id)
  ->  Seq Scan on movie_companies mc  (cost=0.00..44881.29 rows=2609129 width=4) (actual time=0.027..517.432 rows=2609129 loops=1)
  ->  Hash  (cost=799382.33..799382.33 rows=13 width=8) (actual time=11840.881..11840.881 rows=137 loops=1)
        Buckets: 1024  Batches: 1  Memory Usage: 14kB
        ->  Nested Loop  (cost=0.43..799382.33 rows=13 width=8) (actual time=1314.669..11840.792 rows=137 loops=1)
              ->  Seq Scan on cast_info ci  (cost=0.00..796071.18 rows=396 width=4) (actual time=1313.507..11816.552 rows=3820 loops=1)
                    Filter: ((role_id < 8) AND (person_id = 1423339))
                    Rows Removed by Filter: 36240524
              ->  Index Scan using title_pkey on title t  (cost=0.43..8.35 rows=1 width=4) (actual time=0.006..0.006 rows=0 loops=3820)
                    Index Cond: (id = ci.movie_id)
                    Filter: ((kind_id > 1) AND (production_year = 2007))
                    Rows Removed by Filter: 1
Planning time: 1.158 ms
Execution time: 12752.396 ms
