Hash Join  (cost=102767.86..189746.52 rows=796783 width=0) (actual time=1921.725..3774.296 rows=497983 loops=1)
  Hash Cond: (mc.movie_id = t.id)
  ->  Seq Scan on movie_companies mc  (cost=0.00..57926.93 rows=796783 width=4) (actual time=0.024..1030.663 rows=497983 loops=1)
        Filter: ((company_id < 14840) AND (company_type_id = 2))
        Rows Removed by Filter: 2111146
  ->  Hash  (cost=61283.27..61283.27 rows=2528527 width=4) (actual time=1920.882..1920.882 rows=2528312 loops=1)
        Buckets: 131072  Batches: 64  Memory Usage: 2415kB
        ->  Seq Scan on title t  (cost=0.00..61283.27 rows=2528527 width=4) (actual time=0.018..1078.091 rows=2528312 loops=1)
Planning time: 0.698 ms
Execution time: 3835.808 ms
