Seq Scan on movie_keyword mk  (cost=0.00..81003.12 rows=2885380 width=0) (actual time=0.018..1575.707 rows=2876419 loops=1)
  Filter: (keyword_id < 8926)
  Rows Removed by Filter: 1647511
Planning time: 0.314 ms
Execution time: 1943.851 ms
