Hash Join  (cost=893330.40..1017990.29 rows=218086 width=0) (actual time=12063.207..15180.530 rows=1554585 loops=1)
  Hash Cond: (mk.movie_id = t.id)
  ->  Seq Scan on movie_keyword mk  (cost=0.00..69693.30 rows=4523930 width=4) (actual time=0.016..1517.540 rows=4523930 loops=1)
  ->  Hash  (cost=891329.73..891329.73 rows=121893 width=8) (actual time=12062.285..12062.285 rows=80390 loops=1)
        Buckets: 131072  Batches: 2  Memory Usage: 2612kB
        ->  Hash Join  (cost=77718.01..891329.73 rows=121893 width=8) (actual time=1505.664..12036.194 rows=80390 loops=1)
              Hash Cond: (ci.movie_id = t.id)
              ->  Seq Scan on cast_info ci  (cost=0.00..796071.18 rows=1333498 width=4) (actual time=312.600..9972.456 rows=2101792 loops=1)
                    Filter: ((person_id > 3651822) AND (role_id > 1))
                    Rows Removed by Filter: 34142552
              ->  Hash  (cost=73925.90..73925.90 rows=231128 width=4) (actual time=966.406..966.406 rows=341868 loops=1)
                    Buckets: 131072  Batches: 4  Memory Usage: 4031kB
                    ->  Seq Scan on title t  (cost=0.00..73925.90 rows=231128 width=4) (actual time=0.055..769.803 rows=341868 loops=1)
                          Filter: ((kind_id < 7) AND (production_year < 1985))
                          Rows Removed by Filter: 2186444
Planning time: 1.206 ms
Execution time: 15349.323 ms
