Hash Join  (cost=83891.93..892838.76 rows=180660 width=0) (actual time=1542.937..13741.992 rows=383092 loops=1)
  Hash Cond: (ci.movie_id = t.id)
  ->  Seq Scan on cast_info ci  (cost=0.00..796071.18 rows=752014 width=4) (actual time=0.015..11201.248 rows=1703167 loops=1)
        Filter: ((person_id > 3724284) AND (role_id > 2))
        Rows Removed by Filter: 34541177
  ->  Hash  (cost=73925.90..73925.90 rows=607442 width=4) (actual time=1541.839..1541.839 rows=675690 loops=1)
        Buckets: 131072  Batches: 8  Memory Usage: 4012kB
        ->  Seq Scan on title t  (cost=0.00..73925.90 rows=607442 width=4) (actual time=0.010..1329.974 rows=675690 loops=1)
              Filter: ((kind_id < 7) AND (production_year < 2007))
              Rows Removed by Filter: 1852622
Planning time: 0.782 ms
Execution time: 13785.730 ms
