Hash Join  (cost=888423.91..1053931.02 rows=3106716 width=0) (actual time=43826.458..52788.670 rows=4525370 loops=1)
  Hash Cond: (mk.movie_id = t.id)
  ->  Seq Scan on movie_keyword mk  (cost=0.00..69693.30 rows=4523930 width=4) (actual time=0.012..4639.093 rows=4523930 loops=1)
  ->  Hash  (cost=859935.74..859935.74 rows=1736414 width=8) (actual time=43825.087..43825.087 rows=1703543 loops=1)
        Buckets: 131072  Batches: 32  Memory Usage: 3094kB
        ->  Hash Join  (cost=102767.86..859935.74 rows=1736414 width=8) (actual time=24516.179..43198.212 rows=1703543 loops=1)
              Hash Cond: (ci.movie_id = t.id)
              ->  Seq Scan on cast_info ci  (cost=0.00..705507.15 rows=1736414 width=4) (actual time=19476.841..35852.197 rows=1703543 loops=1)
                    Filter: (role_id = 8)
                    Rows Removed by Filter: 34540801
              ->  Hash  (cost=61283.27..61283.27 rows=2528527 width=4) (actual time=5037.927..5037.927 rows=2528312 loops=1)
                    Buckets: 131072  Batches: 64  Memory Usage: 2415kB
                    ->  Seq Scan on title t  (cost=0.00..61283.27 rows=2528527 width=4) (actual time=0.027..3792.829 rows=2528312 loops=1)
Planning time: 1.139 ms
Execution time: 53430.135 ms
