Hash Join  (cost=129928.86..308150.29 rows=2313188 width=106) (actual time=3349.812..8883.406 rows=2311083 loops=1)
  Hash Cond: (mk.movie_id = t.id)
  ->  Seq Scan on movie_keyword mk  (cost=0.00..81003.12 rows=2313188 width=12) (actual time=0.018..2012.831 rows=2311083 loops=1)
        Filter: (keyword_id > 4472)
        Rows Removed by Filter: 2212847
  ->  Hash  (cost=61283.27..61283.27 rows=2528527 width=94) (actual time=3346.836..3346.836 rows=2528312 loops=1)
        Buckets: 32768  Batches: 128  Memory Usage: 2470kB
        ->  Seq Scan on title t  (cost=0.00..61283.27 rows=2528527 width=94) (actual time=0.017..1484.486 rows=2528312 loops=1)
Planning time: 0.870 ms
Execution time: 9011.200 ms
