Hash Join  (cost=187017.16..721950.95 rows=5526990 width=0) (actual time=4510.477..21914.181 rows=15801035 loops=1)
  Hash Cond: (mi.movie_id = t.id)
  ->  Seq Scan on movie_info mi  (cost=0.00..346232.03 rows=11115165 width=4) (actual time=0.019..6885.447 rows=11210743 loops=1)
        Filter: (info_type_id > 3)
        Rows Removed by Filter: 3624977
  ->  Hash  (cost=166388.86..166388.86 rows=1257304 width=8) (actual time=4509.237..4509.237 rows=1300273 loops=1)
        Buckets: 131072  Batches: 32  Memory Usage: 2631kB
        ->  Hash Join  (cost=105399.30..166388.86 rows=1257304 width=8) (actual time=2191.347..4117.797 rows=1300273 loops=1)
              Hash Cond: (mi_idx.movie_id = t.id)
              ->  Seq Scan on movie_info_idx mi_idx  (cost=0.00..21735.35 rows=1380035 width=4) (actual time=0.021..483.988 rows=1380035 loops=1)
              ->  Hash  (cost=67604.59..67604.59 rows=2303657 width=4) (actual time=2189.855..2189.855 rows=2295881 loops=1)
                    Buckets: 131072  Batches: 32  Memory Usage: 3550kB
                    ->  Seq Scan on title t  (cost=0.00..67604.59 rows=2303657 width=4) (actual time=0.020..1452.482 rows=2295881 loops=1)
                          Filter: (production_year > 1948)
                          Rows Removed by Filter: 232431
Planning time: 1.157 ms
Execution time: 23707.442 ms
