Hash Join  (cost=116547.16..171212.70 rows=1 width=0) (actual time=1704.633..2548.075 rows=26 loops=1)
  Hash Cond: (mc.movie_id = t.id)
  ->  Seq Scan on movie_companies mc  (cost=0.00..44881.29 rows=2609129 width=4) (actual time=0.016..703.940 rows=2609129 loops=1)
  ->  Hash  (cost=116547.15..116547.15 rows=1 width=8) (actual time=1383.799..1383.799 rows=10 loops=1)
        Buckets: 1024  Batches: 1  Memory Usage: 9kB
        ->  Nested Loop  (cost=0.43..116547.15 rows=1 width=8) (actual time=43.931..1383.775 rows=10 loops=1)
              ->  Seq Scan on movie_keyword mk  (cost=0.00..81003.12 rows=4826 width=4) (actual time=0.106..1234.237 rows=4626 loops=1)
                    Filter: (keyword_id = 465)
                    Rows Removed by Filter: 4519304
              ->  Index Scan using title_pkey on title t  (cost=0.43..7.36 rows=1 width=4) (actual time=0.032..0.032 rows=0 loops=4626)
                    Index Cond: (id = mk.movie_id)
                    Filter: ((kind_id < 7) AND (production_year > 2013))
                    Rows Removed by Filter: 1
Planning time: 1.599 ms
Execution time: 2548.230 ms
