Seq Scan on movie_companies mc  (cost=0.00..57926.93 rows=1192448 width=0) (actual time=0.018..1171.756 rows=1274246 loops=1)
  Filter: ((company_id < 121001) AND (company_type_id = 1))
  Rows Removed by Filter: 1334883
Planning time: 0.374 ms
Execution time: 1332.499 ms
