Hash Join  (cost=571229.13..1806265.82 rows=6063651 width=0) (actual time=11946.408..38962.520 rows=3272179 loops=1)
  Hash Cond: (ci.movie_id = t.id)
  ->  Seq Scan on cast_info ci  (cost=0.00..705507.15 rows=26195408 width=4) (actual time=0.014..14653.140 rows=26420568 loops=1)
        Filter: (person_id > 966393)
        Rows Removed by Filter: 9823776
  ->  Hash  (cost=561625.91..561625.91 rows=585297 width=8) (actual time=11945.354..11945.354 rows=181424 loops=1)
        Buckets: 131072  Batches: 8  Memory Usage: 1914kB
        ->  Hash Join  (cost=75574.02..561625.91 rows=585297 width=8) (actual time=1538.051..11877.995 rows=181424 loops=1)
              Hash Cond: (mi.movie_id = t.id)
              ->  Seq Scan on movie_info mi  (cost=0.00..309384.22 rows=14739122 width=4) (actual time=0.024..5479.494 rows=14835720 loops=1)
              ->  Hash  (cost=73925.90..73925.90 rows=100409 width=4) (actual time=1095.637..1095.637 rows=110402 loops=1)
                    Buckets: 131072  Batches: 2  Memory Usage: 2970kB
                    ->  Seq Scan on title t  (cost=0.00..73925.90 rows=100409 width=4) (actual time=0.020..1051.377 rows=110402 loops=1)
                          Filter: ((kind_id = 7) AND (production_year = 2012))
                          Rows Removed by Filter: 2417910
Planning time: 1.206 ms
Execution time: 39332.071 ms
