Seq Scan on movie_companies mc  (cost=0.00..57926.93 rows=879616 width=0) (actual time=293.379..1025.259 rows=1192916 loops=1)
  Filter: ((company_id < 28061) AND (company_type_id < 2))
  Rows Removed by Filter: 1416213
Planning time: 0.311 ms
Execution time: 1171.505 ms
