Hash Join  (cost=69283.60..183151.09 rows=109774 width=0) (actual time=1114.971..3574.362 rows=163857 loops=1)
  Hash Cond: (mk.movie_id = t.id)
  ->  Seq Scan on movie_keyword mk  (cost=0.00..81003.12 rows=2712701 width=4) (actual time=0.015..1550.983 rows=2710234 loops=1)
        Filter: (keyword_id < 7661)
        Rows Removed by Filter: 1813696
  ->  Hash  (cost=67604.59..67604.59 rows=102321 width=4) (actual time=1114.310..1114.310 rows=100537 loops=1)
        Buckets: 131072  Batches: 2  Memory Usage: 2803kB
        ->  Seq Scan on title t  (cost=0.00..67604.59 rows=102321 width=4) (actual time=216.083..1079.061 rows=100537 loops=1)
              Filter: (kind_id = 3)
              Rows Removed by Filter: 2427775
Planning time: 0.743 ms
Execution time: 3595.127 ms
