Hash Join  (cost=83060.47..116822.16 rows=102375 width=0) (actual time=1379.811..2173.606 rows=158266 loops=1)
  Hash Cond: (mi_idx.movie_id = t.id)
  ->  Seq Scan on movie_info_idx mi_idx  (cost=0.00..25185.44 rows=464934 width=4) (actual time=0.024..462.372 rows=460185 loops=1)
        Filter: (info_type_id > 100)
        Rows Removed by Filter: 919850
  ->  Hash  (cost=73925.90..73925.90 rows=556765 width=4) (actual time=1378.751..1378.751 rows=434157 loops=1)
        Buckets: 131072  Batches: 8  Memory Usage: 2944kB
        ->  Seq Scan on title t  (cost=0.00..73925.90 rows=556765 width=4) (actual time=0.038..1230.283 rows=434157 loops=1)
              Filter: ((production_year > 1968) AND (kind_id = 1))
              Rows Removed by Filter: 2094155
Planning time: 0.990 ms
Execution time: 2192.576 ms
