Hash Join  (cost=105192.26..779569.15 rows=13222202 width=0) (actual time=5751.544..44110.974 rows=12570034 loops=1)
  Hash Cond: (mi.movie_id = t.id)
  ->  Seq Scan on movie_info mi  (cost=0.00..346232.03 rows=14592968 width=4) (actual time=0.014..23406.540 rows=14637966 loops=1)
        Filter: (info_type_id < 107)
        Rows Removed by Filter: 197754
  ->  Hash  (cost=67604.59..67604.59 rows=2291014 width=4) (actual time=5750.751..5750.751 rows=2281608 loops=1)
        Buckets: 131072  Batches: 32  Memory Usage: 3544kB
        ->  Seq Scan on title t  (cost=0.00..67604.59 rows=2291014 width=4) (actual time=0.020..4662.894 rows=2281608 loops=1)
              Filter: (production_year > 1951)
              Rows Removed by Filter: 246704
Planning time: 0.760 ms
Execution time: 45858.679 ms
