Hash Join  (cost=139731.45..1185869.30 rows=1200669 width=0) (actual time=2730.885..28922.013 rows=2590907 loops=1)
  Hash Cond: (ci.movie_id = t.id)
  ->  Seq Scan on cast_info ci  (cost=0.00..614943.12 rows=36225612 width=4) (actual time=0.013..12817.132 rows=36244344 loops=1)
  ->  Hash  (cost=138355.87..138355.87 rows=83806 width=8) (actual time=2730.066..2730.066 rows=60848 loops=1)
        Buckets: 131072  Batches: 2  Memory Usage: 2200kB
        ->  Hash Join  (cost=70241.71..138355.87 rows=83806 width=8) (actual time=1109.489..2708.142 rows=60848 loops=1)
              Hash Cond: (mc.movie_id = t.id)
              ->  Seq Scan on movie_companies mc  (cost=0.00..51404.11 rows=1318397 width=4) (actual time=0.018..1029.486 rows=1308373 loops=1)
                    Filter: (company_id < 11339)
                    Rows Removed by Filter: 1300756
              ->  Hash  (cost=67604.59..67604.59 rows=160730 width=4) (actual time=1108.131..1108.131 rows=160017 loops=1)
                    Buckets: 131072  Batches: 4  Memory Usage: 2436kB
                    ->  Seq Scan on title t  (cost=0.00..67604.59 rows=160730 width=4) (actual time=0.009..1051.172 rows=160017 loops=1)
                          Filter: (production_year = 2011)
                          Rows Removed by Filter: 2368295
Planning time: 1.086 ms
Execution time: 29248.419 ms
