Hash Join  (cost=101451.10..459353.14 rows=16429 width=0) (actual time=2159.628..7749.109 rows=12129 loops=1)
  Hash Cond: (mi.movie_id = t.id)
  ->  Seq Scan on movie_info mi  (cost=0.00..346232.03 rows=3068194 width=4) (actual time=299.934..5373.204 rows=3036719 loops=1)
        Filter: (info_type_id = 16)
        Rows Removed by Filter: 11799001
  ->  Hash  (cost=101281.86..101281.86 rows=13539 width=8) (actual time=1856.497..1856.497 rows=9561 loops=1)
        Buckets: 16384  Batches: 1  Memory Usage: 502kB
        ->  Hash Join  (cost=74235.99..101281.86 rows=13539 width=8) (actual time=1211.129..1853.136 rows=9561 loops=1)
              Hash Cond: (mi_idx.movie_id = t.id)
              ->  Seq Scan on movie_info_idx mi_idx  (cost=0.00..21735.35 rows=1380035 width=4) (actual time=0.020..312.917 rows=1380035 loops=1)
              ->  Hash  (cost=73925.90..73925.90 rows=24807 width=4) (actual time=1210.784..1210.784 rows=25986 loops=1)
                    Buckets: 32768  Batches: 1  Memory Usage: 1170kB
                    ->  Seq Scan on title t  (cost=0.00..73925.90 rows=24807 width=4) (actual time=0.029..1199.199 rows=25986 loops=1)
                          Filter: ((kind_id = 7) AND (production_year = 1997))
                          Rows Removed by Filter: 2502326
Planning time: 1.233 ms
Execution time: 7750.954 ms
