Nested Loop  (cost=63037.45..860460.65 rows=22 width=0) (actual time=5313.858..14629.470 rows=64 loops=1)
  ->  Hash Join  (cost=63037.02..860404.74 rows=54 width=8) (actual time=5313.710..14623.964 rows=64 loops=1)
        Hash Cond: (ci.movie_id = mc.movie_id)
        ->  Seq Scan on cast_info ci  (cost=0.00..796071.18 rows=176 width=4) (actual time=4005.824..13229.151 rows=101 loops=1)
              Filter: ((role_id < 2) AND (person_id = 124129))
              Rows Removed by Filter: 36244243
        ->  Hash  (cost=57926.93..57926.93 rows=311447 width=4) (actual time=1307.244..1307.244 rows=607258 loops=1)
              Buckets: 131072  Batches: 8  Memory Usage: 3704kB
              ->  Seq Scan on movie_companies mc  (cost=0.00..57926.93 rows=311447 width=4) (actual time=0.029..968.274 rows=607258 loops=1)
                    Filter: ((company_id > 63406) AND (company_type_id > 1))
                    Rows Removed by Filter: 2001871
  ->  Index Only Scan using title_pkey on title t  (cost=0.43..1.03 rows=1 width=4) (actual time=0.083..0.084 rows=1 loops=64)
        Index Cond: (id = mc.movie_id)
        Heap Fetches: 64
Planning time: 1.207 ms
Execution time: 14629.582 ms
