Hash Join  (cost=95911.42..1199771.86 rows=9509098 width=0) (actual time=1993.040..30104.696 rows=9204752 loops=1)
  Hash Cond: (ci.movie_id = t.id)
  ->  Seq Scan on cast_info ci  (cost=0.00..796071.18 rows=17942743 width=4) (actual time=0.028..17178.427 rows=15012395 loops=1)
        Filter: ((person_id < 2831299) AND (role_id > 1))
        Rows Removed by Filter: 21231949
  ->  Hash  (cost=73925.90..73925.90 rows=1340041 width=4) (actual time=1991.438..1991.438 rows=1462700 loops=1)
        Buckets: 131072  Batches: 32  Memory Usage: 2640kB
        ->  Seq Scan on title t  (cost=0.00..73925.90 rows=1340041 width=4) (actual time=0.023..1514.558 rows=1462700 loops=1)
              Filter: ((kind_id > 1) AND (production_year > 1987))
              Rows Removed by Filter: 1065612
Planning time: 0.759 ms
Execution time: 31084.804 ms
