Hash Join  (cost=69928.56..151113.18 rows=135005 width=0) (actual time=1123.423..3065.485 rows=108638 loops=1)
  Hash Cond: (mc.movie_id = t.id)
  ->  Seq Scan on movie_companies mc  (cost=0.00..51404.11 rows=2410789 width=4) (actual time=0.023..1082.743 rows=2412549 loops=1)
        Filter: (company_id > 52)
        Rows Removed by Filter: 196580
  ->  Hash  (cost=67604.59..67604.59 rows=141598 width=4) (actual time=1122.578..1122.578 rows=141703 loops=1)
        Buckets: 131072  Batches: 2  Memory Usage: 3511kB
        ->  Seq Scan on title t  (cost=0.00..67604.59 rows=141598 width=4) (actual time=0.015..1068.405 rows=141703 loops=1)
              Filter: (production_year = 2010)
              Rows Removed by Filter: 2386609
Planning time: 1.488 ms
Execution time: 3079.121 ms
