Seq Scan on movie_companies mc  (cost=0.00..57926.93 rows=786567 width=0) (actual time=0.018..2933.433 rows=491861 loops=1)
  Filter: ((company_id < 14423) AND (company_type_id = 2))
  Rows Removed by Filter: 2117268
Planning time: 2.379 ms
Execution time: 3007.948 ms
