Seq Scan on cast_info ci  (cost=0.00..705507.15 rows=2933381 width=0) (actual time=699.496..10520.531 rows=2872872 loops=1)
  Filter: (person_id < 278749)
  Rows Removed by Filter: 33371472
Planning time: 0.337 ms
Execution time: 10875.901 ms
