Seq Scan on cast_info ci  (cost=0.00..705507.15 rows=4943416 width=0) (actual time=638.397..11338.840 rows=4822121 loops=1)
  Filter: (person_id < 468405)
  Rows Removed by Filter: 31422223
Planning time: 0.304 ms
Execution time: 11941.047 ms
