Hash Join  (cost=442902.89..1301572.54 rows=558179 width=0) (actual time=10918.341..23514.691 rows=341373 loops=1)
  Hash Cond: (ci.movie_id = t.id)
  ->  Seq Scan on cast_info ci  (cost=0.00..705507.15 rows=12726058 width=4) (actual time=5120.642..13285.874 rows=12670688 loops=1)
        Filter: (role_id = 1)
        Rows Removed by Filter: 23573656
  ->  Hash  (cost=441082.59..441082.59 rows=110904 width=8) (actual time=5796.589..5796.589 rows=55647 loops=1)
        Buckets: 131072  Batches: 2  Memory Usage: 2109kB
        ->  Hash Join  (cost=77339.01..441082.59 rows=110904 width=8) (actual time=2568.302..5777.269 rows=55647 loops=1)
              Hash Cond: (mi.movie_id = t.id)
              ->  Seq Scan on movie_info mi  (cost=0.00..346232.03 rows=1348138 width=4) (actual time=1364.966..4012.520 rows=1298989 loops=1)
                    Filter: (info_type_id = 4)
                    Rows Removed by Filter: 13536731
              ->  Hash  (cost=73925.90..73925.90 rows=208008 width=4) (actual time=1202.303..1202.303 rows=104154 loops=1)
                    Buckets: 131072  Batches: 4  Memory Usage: 1942kB
                    ->  Seq Scan on title t  (cost=0.00..73925.90 rows=208008 width=4) (actual time=0.025..1163.773 rows=104154 loops=1)
                          Filter: ((production_year < 1968) AND (kind_id = 7))
                          Rows Removed by Filter: 2424158
Planning time: 0.799 ms
Execution time: 23558.465 ms
