Hash Join  (cost=445644.57..1391252.31 rows=1244899 width=0) (actual time=13008.883..30591.140 rows=4057776 loops=1)
  Hash Cond: (ci.movie_id = t.id)
  ->  Seq Scan on cast_info ci  (cost=0.00..705507.15 rows=12726058 width=4) (actual time=3166.920..14179.641 rows=12670688 loops=1)
        Filter: (role_id < 2)
        Rows Removed by Filter: 23573656
  ->  Hash  (cost=441585.72..441585.72 rows=247348 width=8) (actual time=9840.618..9840.618 rows=408280 loops=1)
        Buckets: 131072 (originally 131072)  Batches: 8 (originally 4)  Memory Usage: 3073kB
        ->  Hash Join  (cost=74456.32..441585.72 rows=247348 width=8) (actual time=1128.782..9665.171 rows=408280 loops=1)
              Hash Cond: (mi.movie_id = t.id)
              ->  Seq Scan on movie_info mi  (cost=0.00..309384.22 rows=14739122 width=4) (actual time=0.023..4535.761 rows=14835720 loops=1)
              ->  Hash  (cost=73925.90..73925.90 rows=42433 width=4) (actual time=1128.307..1128.307 rows=37411 loops=1)
                    Buckets: 65536  Batches: 1  Memory Usage: 1828kB
                    ->  Seq Scan on title t  (cost=0.00..73925.90 rows=42433 width=4) (actual time=51.170..1112.113 rows=37411 loops=1)
                          Filter: ((kind_id = 1) AND (production_year = 2011))
                          Rows Removed by Filter: 2490901
Planning time: 1.032 ms
Execution time: 31074.349 ms
