Hash Join  (cost=102767.86..269574.17 rows=3155273 width=0) (actual time=1969.755..6717.604 rows=3138259 loops=1)
  Hash Cond: (mk.movie_id = t.id)
  ->  Seq Scan on movie_keyword mk  (cost=0.00..81003.12 rows=3155273 width=4) (actual time=0.014..1819.200 rows=3138259 loops=1)
        Filter: (keyword_id < 12047)
        Rows Removed by Filter: 1385671
  ->  Hash  (cost=61283.27..61283.27 rows=2528527 width=4) (actual time=1968.492..1968.492 rows=2528312 loops=1)
        Buckets: 131072  Batches: 64  Memory Usage: 2425kB
        ->  Seq Scan on title t  (cost=0.00..61283.27 rows=2528527 width=4) (actual time=0.011..1080.248 rows=2528312 loops=1)
Planning time: 0.762 ms
Execution time: 7084.206 ms
