Nested Loop  (cost=0.43..83072.29 rows=6 width=0) (actual time=6.752..1260.556 rows=18 loops=1)
  ->  Seq Scan on movie_keyword mk  (cost=0.00..81003.12 rows=246 width=4) (actual time=1.268..1237.504 rows=757 loops=1)
        Filter: (keyword_id = 4350)
        Rows Removed by Filter: 4523173
  ->  Index Scan using title_pkey on title t  (cost=0.43..8.40 rows=1 width=4) (actual time=0.029..0.029 rows=0 loops=757)
        Index Cond: (id = mk.movie_id)
        Filter: (production_year > 2012)
        Rows Removed by Filter: 1
Planning time: 0.808 ms
Execution time: 1260.679 ms
