Hash Join  (cost=102767.86..290751.74 rows=4035370 width=0) (actual time=1884.325..7011.726 rows=4040113 loops=1)
  Hash Cond: (mk.movie_id = t.id)
  ->  Seq Scan on movie_keyword mk  (cost=0.00..81003.12 rows=4035370 width=4) (actual time=0.024..1764.545 rows=4040113 loops=1)
        Filter: (keyword_id < 37083)
        Rows Removed by Filter: 483817
  ->  Hash  (cost=61283.27..61283.27 rows=2528527 width=4) (actual time=1882.438..1882.438 rows=2528312 loops=1)
        Buckets: 131072  Batches: 64  Memory Usage: 2425kB
        ->  Seq Scan on title t  (cost=0.00..61283.27 rows=2528527 width=4) (actual time=0.016..1047.546 rows=2528312 loops=1)
Planning time: 0.699 ms
Execution time: 7495.306 ms
