Hash Join  (cost=102767.86..1195566.28 rows=11920938 width=0) (actual time=7866.886..61655.018 rows=12670688 loops=1)
  Hash Cond: (ci.movie_id = t.id)
  ->  Seq Scan on cast_info ci  (cost=0.00..796071.18 rows=11920938 width=4) (actual time=2380.349..42694.524 rows=12670688 loops=1)
        Filter: ((person_id < 3606233) AND (role_id < 2))
        Rows Removed by Filter: 23573656
  ->  Hash  (cost=61283.27..61283.27 rows=2528527 width=4) (actual time=5485.306..5485.306 rows=2528312 loops=1)
        Buckets: 131072  Batches: 64  Memory Usage: 2415kB
        ->  Seq Scan on title t  (cost=0.00..61283.27 rows=2528527 width=4) (actual time=0.022..4344.883 rows=2528312 loops=1)
Planning time: 6.205 ms
Execution time: 63448.680 ms
