Hash Join  (cost=102767.86..997470.06 rows=3688432 width=0) (actual time=3761.093..15536.514 rows=1628206 loops=1)
  Hash Cond: (ci.movie_id = t.id)
  ->  Seq Scan on cast_info ci  (cost=0.00..796071.18 rows=3688432 width=4) (actual time=1799.553..11239.818 rows=1628206 loops=1)
        Filter: ((person_id > 3275905) AND (role_id < 10))
        Rows Removed by Filter: 34616138
  ->  Hash  (cost=61283.27..61283.27 rows=2528527 width=4) (actual time=1959.555..1959.555 rows=2528312 loops=1)
        Buckets: 131072  Batches: 64  Memory Usage: 2415kB
        ->  Seq Scan on title t  (cost=0.00..61283.27 rows=2528527 width=4) (actual time=0.024..1127.556 rows=2528312 loops=1)
Planning time: 0.789 ms
Execution time: 15720.289 ms
