Hash Join  (cost=58375.85..156068.57 rows=93 width=0) (actual time=2270.016..3133.261 rows=2 loops=1)
  Hash Cond: (mk.movie_id = t.id)
  ->  Seq Scan on movie_keyword mk  (cost=0.00..81003.12 rows=4450313 width=4) (actual time=0.013..1634.538 rows=4450444 loops=1)
        Filter: (keyword_id < 89928)
        Rows Removed by Filter: 73486
  ->  Hash  (cost=58375.18..58375.18 rows=53 width=8) (actual time=903.755..903.755 rows=2 loops=1)
        Buckets: 1024  Batches: 1  Memory Usage: 9kB
        ->  Nested Loop  (cost=0.43..58375.18 rows=53 width=8) (actual time=351.020..903.746 rows=2 loops=1)
              ->  Seq Scan on movie_companies mc  (cost=0.00..57926.93 rows=53 width=4) (actual time=350.773..903.439 rows=2 loops=1)
                    Filter: ((company_id = 134505) AND (company_type_id = 2))
                    Rows Removed by Filter: 2609127
              ->  Index Only Scan using title_pkey on title t  (cost=0.43..8.45 rows=1 width=4) (actual time=0.141..0.142 rows=1 loops=2)
                    Index Cond: (id = mc.movie_id)
                    Heap Fetches: 2
Planning time: 2.511 ms
Execution time: 3133.401 ms
