Hash Join  (cost=83072.91..109983.40 rows=1 width=0) (actual time=1355.190..1958.521 rows=6 loops=1)
  Hash Cond: (mi_idx.movie_id = t.id)
  ->  Seq Scan on movie_info_idx mi_idx  (cost=0.00..21735.35 rows=1380035 width=4) (actual time=0.013..378.951 rows=1380035 loops=1)
  ->  Hash  (cost=83072.90..83072.90 rows=1 width=8) (actual time=1323.836..1323.836 rows=2 loops=1)
        Buckets: 1024  Batches: 1  Memory Usage: 9kB
        ->  Nested Loop  (cost=0.43..83072.90 rows=1 width=8) (actual time=246.349..1323.824 rows=2 loops=1)
              ->  Seq Scan on movie_keyword mk  (cost=0.00..81003.12 rows=246 width=4) (actual time=28.758..1296.648 rows=274 loops=1)
                    Filter: (keyword_id = 1548)
                    Rows Removed by Filter: 4523656
              ->  Index Scan using title_pkey on title t  (cost=0.43..8.40 rows=1 width=4) (actual time=0.097..0.097 rows=0 loops=274)
                    Index Cond: (id = mk.movie_id)
                    Filter: ((kind_id < 7) AND (production_year = 1993))
                    Rows Removed by Filter: 1
Planning time: 0.892 ms
Execution time: 1958.659 ms
