Seq Scan on movie_keyword mk  (cost=0.00..81003.12 rows=246 width=0) (actual time=9.255..1236.023 rows=503 loops=1)
  Filter: (keyword_id = 3001)
  Rows Removed by Filter: 4523427
Planning time: 0.412 ms
Execution time: 1236.356 ms
