Seq Scan on movie_keyword mk  (cost=0.00..81003.12 rows=3009646 width=0) (actual time=0.023..1657.063 rows=2994056 loops=1)
  Filter: (keyword_id > 2217)
  Rows Removed by Filter: 1529874
Planning time: 0.319 ms
Execution time: 2028.031 ms
