Hash Join  (cost=84240.62..1210571.72 rows=9007194 width=0) (actual time=1435.475..35087.985 rows=8776617 loops=1)
  Hash Cond: (ci.movie_id = t.id)
  ->  Seq Scan on cast_info ci  (cost=0.00..614943.12 rows=36225612 width=4) (actual time=0.022..13737.536 rows=36244344 loops=1)
  ->  Hash  (cost=73925.90..73925.90 rows=628697 width=4) (actual time=1434.214..1434.214 rows=532584 loops=1)
        Buckets: 131072  Batches: 16  Memory Usage: 2188kB
        ->  Seq Scan on title t  (cost=0.00..73925.90 rows=628697 width=4) (actual time=0.007..1263.506 rows=532584 loops=1)
              Filter: ((kind_id < 7) AND (production_year > 1995))
              Rows Removed by Filter: 1995728
Planning time: 3.016 ms
Execution time: 36174.006 ms
