Hash Join  (cost=76656.98..108176.90 rows=30598 width=0) (actual time=1921.293..2391.336 rows=6704 loops=1)
  Hash Cond: (mi_idx.movie_id = t.id)
  ->  Seq Scan on movie_info_idx mi_idx  (cost=0.00..25185.44 rows=464934 width=4) (actual time=0.021..522.954 rows=460185 loops=1)
        Filter: (info_type_id > 100)
        Rows Removed by Filter: 919850
  ->  Hash  (cost=73925.90..73925.90 rows=166406 width=4) (actual time=1060.472..1060.472 rows=66078 loops=1)
        Buckets: 131072  Batches: 4  Memory Usage: 1604kB
        ->  Seq Scan on title t  (cost=0.00..73925.90 rows=166406 width=4) (actual time=209.697..1036.269 rows=66078 loops=1)
              Filter: ((production_year < 1963) AND (kind_id = 7))
              Rows Removed by Filter: 2462234
Planning time: 0.797 ms
Execution time: 2392.259 ms
