Hash Join  (cost=893602.75..1595901.46 rows=1858386 width=0) (actual time=23182.916..36953.275 rows=5173542 loops=1)
  Hash Cond: (mi.movie_id = t.id)
  ->  Seq Scan on movie_info mi  (cost=0.00..309384.22 rows=14739122 width=4) (actual time=0.018..5850.438 rows=14835720 loops=1)
  ->  Hash  (cost=888371.62..888371.62 rows=318810 width=8) (actual time=23181.664..23181.664 rows=357135 loops=1)
        Buckets: 131072  Batches: 8  Memory Usage: 2765kB
        ->  Hash Join  (cost=67942.77..888371.62 rows=318810 width=8) (actual time=1004.466..22668.654 rows=357135 loops=1)
              Hash Cond: (ci.movie_id = t.id)
              ->  Seq Scan on cast_info ci  (cost=0.00..705507.15 rows=29795626 width=4) (actual time=0.027..13523.151 rows=29719857 loops=1)
                    Filter: (person_id < 3005042)
                    Rows Removed by Filter: 6524487
              ->  Hash  (cost=67604.59..67604.59 rows=27055 width=4) (actual time=1004.050..1004.050 rows=26775 loops=1)
                    Buckets: 32768  Batches: 1  Memory Usage: 1198kB
                    ->  Seq Scan on title t  (cost=0.00..67604.59 rows=27055 width=4) (actual time=0.136..992.264 rows=26775 loops=1)
                          Filter: (production_year = 1993)
                          Rows Removed by Filter: 2501537
Planning time: 1.636 ms
Execution time: 37546.105 ms
