Hash Join  (cost=244056.15..874719.29 rows=12411531 width=0) (actual time=5416.083..32337.049 rows=54145570 loops=1)
  Hash Cond: (mi.movie_id = t.id)
  ->  Seq Scan on movie_info mi  (cost=0.00..309384.22 rows=14739122 width=4) (actual time=0.010..6108.275 rows=14835720 loops=1)
  ->  Hash  (cost=209122.85..209122.85 rows=2129224 width=8) (actual time=5414.668..5414.668 rows=1890516 loops=1)
        Buckets: 131072  Batches: 32  Memory Usage: 3376kB
        ->  Hash Join  (cost=101458.67..209122.85 rows=2129224 width=8) (actual time=1895.254..4933.796 rows=1890516 loops=1)
              Hash Cond: (mc.movie_id = t.id)
              ->  Seq Scan on movie_companies mc  (cost=0.00..44881.29 rows=2609129 width=4) (actual time=0.017..990.516 rows=2609129 loops=1)
              ->  Hash  (cost=67604.59..67604.59 rows=2063447 width=4) (actual time=1894.383..1894.383 rows=2060346 loops=1)
                    Buckets: 131072  Batches: 32  Memory Usage: 3293kB
                    ->  Seq Scan on title t  (cost=0.00..67604.59 rows=2063447 width=4) (actual time=0.017..1259.661 rows=2060346 loops=1)
                          Filter: (production_year > 1971)
                          Rows Removed by Filter: 467966
Planning time: 1.132 ms
Execution time: 38035.690 ms
