Hash Join  (cost=93093.72..218860.65 rows=1254125 width=0) (actual time=1932.089..4815.445 rows=299062 loops=1)
  Hash Cond: (mk.movie_id = t.id)
  ->  Seq Scan on movie_keyword mk  (cost=0.00..81003.12 rows=2041109 width=4) (actual time=0.012..1639.513 rows=2043591 loops=1)
        Filter: (keyword_id < 3653)
        Rows Removed by Filter: 2480339
  ->  Hash  (cost=67604.59..67604.59 rows=1553611 width=4) (actual time=1904.480..1904.480 rows=1555864 loops=1)
        Buckets: 131072  Batches: 32  Memory Usage: 2740kB
        ->  Seq Scan on title t  (cost=0.00..67604.59 rows=1553611 width=4) (actual time=0.013..1401.609 rows=1555864 loops=1)
              Filter: (kind_id > 4)
              Rows Removed by Filter: 972448
Planning time: 0.704 ms
Execution time: 4849.666 ms
