Hash Join  (cost=102767.86..1408619.76 rows=24538877 width=0) (actual time=2231.818..37169.624 rows=24503986 loops=1)
  Hash Cond: (ci.movie_id = t.id)
  ->  Seq Scan on cast_info ci  (cost=0.00..705507.15 rows=24538877 width=4) (actual time=0.014..15144.043 rows=24503986 loops=1)
        Filter: (person_id < 2518374)
        Rows Removed by Filter: 11740358
  ->  Hash  (cost=61283.27..61283.27 rows=2528527 width=4) (actual time=2231.125..2231.125 rows=2528312 loops=1)
        Buckets: 131072  Batches: 64  Memory Usage: 2415kB
        ->  Seq Scan on title t  (cost=0.00..61283.27 rows=2528527 width=4) (actual time=0.019..1096.383 rows=2528312 loops=1)
Planning time: 0.735 ms
Execution time: 39963.412 ms
