Nested Loop  (cost=0.43..709674.40 rows=34 width=0) (actual time=1145.897..10552.225 rows=44 loops=1)
  ->  Seq Scan on cast_info ci  (cost=0.00..705507.15 rows=500 width=4) (actual time=1145.776..10531.271 rows=888 loops=1)
        Filter: (person_id = 1381652)
        Rows Removed by Filter: 36243456
  ->  Index Scan using title_pkey on title t  (cost=0.43..8.32 rows=1 width=4) (actual time=0.023..0.023 rows=0 loops=888)
        Index Cond: (id = ci.movie_id)
        Filter: ((kind_id > 1) AND (production_year > 2011))
        Rows Removed by Filter: 1
Planning time: 0.923 ms
Execution time: 10552.375 ms
