Hash Join  (cost=28270.40..867414.32 rows=5184 width=0) (actual time=1080.605..51599.757 rows=30622 loops=1)
  Hash Cond: (ci.movie_id = t.id)
  ->  Seq Scan on cast_info ci  (cost=0.00..705507.15 rows=35622648 width=4) (actual time=0.012..42369.923 rows=35620937 loops=1)
        Filter: (person_id < 3940321)
        Rows Removed by Filter: 623407
  ->  Hash  (cost=28265.80..28265.80 rows=368 width=8) (actual time=1062.624..1062.624 rows=260 loops=1)
        Buckets: 1024  Batches: 1  Memory Usage: 19kB
        ->  Nested Loop  (cost=0.43..28265.80 rows=368 width=8) (actual time=96.414..1062.517 rows=260 loops=1)
              ->  Seq Scan on movie_info_idx mi_idx  (cost=0.00..25185.44 rows=368 width=4) (actual time=96.324..1023.171 rows=260 loops=1)
                    Filter: (info_type_id > 101)
                    Rows Removed by Filter: 1379775
              ->  Index Only Scan using title_pkey on title t  (cost=0.43..8.36 rows=1 width=4) (actual time=0.150..0.151 rows=1 loops=260)
                    Index Cond: (id = mi_idx.movie_id)
                    Heap Fetches: 260
Planning time: 1.078 ms
Execution time: 51611.829 ms
