Hash Join  (cost=67697.55..432786.99 rows=43351 width=0) (actual time=1013.445..8099.241 rows=36985 loops=1)
  Hash Cond: (mi.movie_id = t.id)
  ->  Seq Scan on movie_info mi  (cost=0.00..309384.22 rows=14739122 width=4) (actual time=0.018..4210.544 rows=14835720 loops=1)
  ->  Hash  (cost=67604.59..67604.59 rows=7437 width=4) (actual time=1012.811..1012.811 rows=3613 loops=1)
        Buckets: 8192  Batches: 1  Memory Usage: 192kB
        ->  Seq Scan on title t  (cost=0.00..67604.59 rows=7437 width=4) (actual time=471.351..1011.018 rows=3613 loops=1)
              Filter: (production_year = 1919)
              Rows Removed by Filter: 2524699
Planning time: 0.763 ms
Execution time: 8109.287 ms
