Hash Join  (cost=92883.59..926801.28 rows=1025832 width=0) (actual time=9935.852..18802.053 rows=797273 loops=1)
  Hash Cond: (ci.movie_id = t.id)
  ->  Seq Scan on cast_info ci  (cost=0.00..796071.18 rows=1683439 width=4) (actual time=8256.625..15767.669 rows=1703543 loops=1)
        Filter: ((person_id < 3842564) AND (role_id = 8))
        Rows Removed by Filter: 34540801
  ->  Hash  (cost=67604.59..67604.59 rows=1540800 width=4) (actual time=1677.753..1677.753 rows=1543264 loops=1)
        Buckets: 131072  Batches: 32  Memory Usage: 2722kB
        ->  Seq Scan on title t  (cost=0.00..67604.59 rows=1540800 width=4) (actual time=0.028..1168.157 rows=1543264 loops=1)
              Filter: (kind_id = 7)
              Rows Removed by Filter: 985048
Planning time: 0.772 ms
Execution time: 18899.246 ms
