Hash Join  (cost=94699.36..459591.89 rows=23660 width=0) (actual time=1587.847..8370.977 rows=23362 loops=1)
  Hash Cond: (mi.movie_id = t.id)
  ->  Seq Scan on movie_info mi  (cost=0.00..309384.22 rows=14739122 width=4) (actual time=0.016..4095.739 rows=14835720 loops=1)
  ->  Hash  (cost=94648.62..94648.62 rows=4059 width=8) (actual time=1586.976..1586.976 rows=1273 loops=1)
        Buckets: 4096  Batches: 1  Memory Usage: 82kB
        ->  Hash Join  (cost=67697.55..94648.62 rows=4059 width=8) (actual time=990.715..1586.295 rows=1273 loops=1)
              Hash Cond: (mi_idx.movie_id = t.id)
              ->  Seq Scan on movie_info_idx mi_idx  (cost=0.00..21735.35 rows=1380035 width=4) (actual time=0.024..322.217 rows=1380035 loops=1)
              ->  Hash  (cost=67604.59..67604.59 rows=7437 width=4) (actual time=990.456..990.456 rows=2915 loops=1)
                    Buckets: 8192  Batches: 1  Memory Usage: 167kB
                    ->  Seq Scan on title t  (cost=0.00..67604.59 rows=7437 width=4) (actual time=0.084..988.905 rows=2915 loops=1)
                          Filter: (production_year = 1927)
                          Rows Removed by Filter: 2525397
Planning time: 1.123 ms
Execution time: 8374.853 ms
