Hash Join  (cost=197801.01..234340.31 rows=37123 width=0) (actual time=4332.824..5270.910 rows=162864 loops=1)
  Hash Cond: (mi_idx.movie_id = t.id)
  ->  Seq Scan on movie_info_idx mi_idx  (cost=0.00..25185.44 rows=915101 width=4) (actual time=0.019..547.170 rows=919850 loops=1)
        Filter: (info_type_id < 101)
        Rows Removed by Filter: 460185
  ->  Hash  (cost=196117.83..196117.83 rows=102575 width=8) (actual time=4332.047..4332.047 rows=116602 loops=1)
        Buckets: 131072  Batches: 2  Memory Usage: 3328kB
        ->  Hash Join  (cost=102767.86..196117.83 rows=102575 width=8) (actual time=2500.294..4295.041 rows=116602 loops=1)
              Hash Cond: (mk.movie_id = t.id)
              ->  Seq Scan on movie_keyword mk  (cost=0.00..81003.12 rows=102575 width=4) (actual time=0.031..1304.693 rows=116602 loops=1)
                    Filter: (keyword_id < 113)
                    Rows Removed by Filter: 4407328
              ->  Hash  (cost=61283.27..61283.27 rows=2528527 width=4) (actual time=2497.207..2497.207 rows=2528312 loops=1)
                    Buckets: 131072  Batches: 64  Memory Usage: 2425kB
                    ->  Seq Scan on title t  (cost=0.00..61283.27 rows=2528527 width=4) (actual time=0.021..1076.081 rows=2528312 loops=1)
Planning time: 1.101 ms
Execution time: 5292.322 ms
