Hash Join  (cost=78556.72..177222.53 rows=279810 width=0) (actual time=1399.153..3594.052 rows=653952 loops=1)
  Hash Cond: (mk.movie_id = t.id)
  ->  Seq Scan on movie_keyword mk  (cost=0.00..81003.12 rows=1059887 width=4) (actual time=0.016..1409.219 rows=1064484 loops=1)
        Filter: (keyword_id < 1064)
        Rows Removed by Filter: 3459446
  ->  Hash  (cost=67604.59..67604.59 rows=667531 width=4) (actual time=1398.221..1398.221 rows=662825 loops=1)
        Buckets: 131072  Batches: 16  Memory Usage: 2486kB
        ->  Seq Scan on title t  (cost=0.00..67604.59 rows=667531 width=4) (actual time=62.329..1178.200 rows=662825 loops=1)
              Filter: (kind_id = 1)
              Rows Removed by Filter: 1865487
Planning time: 0.745 ms
Execution time: 3675.170 ms
