Hash Join  (cost=162611.86..692266.97 rows=4671815 width=0) (actual time=3830.950..18041.947 rows=6211908 loops=1)
  Hash Cond: (mi.movie_id = t.id)
  ->  Seq Scan on movie_info mi  (cost=0.00..309384.22 rows=14739122 width=4) (actual time=0.019..6028.950 rows=14835720 loops=1)
  ->  Hash  (cost=149462.61..149462.61 rows=801460 width=8) (actual time=3829.485..3829.485 rows=662838 loops=1)
        Buckets: 131072  Batches: 16  Memory Usage: 2667kB
        ->  Hash Join  (cost=98018.53..149462.61 rows=801460 width=8) (actual time=2030.000..3624.952 rows=662838 loops=1)
              Hash Cond: (mi_idx.movie_id = t.id)
              ->  Seq Scan on movie_info_idx mi_idx  (cost=0.00..21735.35 rows=1380035 width=4) (actual time=0.027..466.765 rows=1380035 loops=1)
              ->  Hash  (cost=73925.90..73925.90 rows=1468450 width=4) (actual time=2028.391..2028.391 rows=1591292 loops=1)
                    Buckets: 131072  Batches: 32  Memory Usage: 2782kB
                    ->  Seq Scan on title t  (cost=0.00..73925.90 rows=1468450 width=4) (actual time=0.022..1509.345 rows=1591292 loops=1)
                          Filter: ((kind_id > 1) AND (production_year > 1976))
                          Rows Removed by Filter: 937020
Planning time: 1.216 ms
Execution time: 18720.906 ms
