Hash Join  (cost=78249.37..146812.95 rows=133328 width=0) (actual time=1224.806..2919.517 rows=74534 loops=1)
  Hash Cond: (mc.movie_id = t.id)
  ->  Seq Scan on movie_companies mc  (cost=0.00..51404.11 rows=1279517 width=4) (actual time=0.027..1010.187 rows=1274246 loops=1)
        Filter: (company_type_id = 1)
        Rows Removed by Filter: 1334883
  ->  Hash  (cost=73925.90..73925.90 rows=263477 width=4) (actual time=1223.812..1223.812 rows=153864 loops=1)
        Buckets: 131072  Batches: 4  Memory Usage: 2376kB
        ->  Seq Scan on title t  (cost=0.00..73925.90 rows=263477 width=4) (actual time=0.025..1171.122 rows=153864 loops=1)
              Filter: ((production_year < 1974) AND (kind_id = 7))
              Rows Removed by Filter: 2374448
Planning time: 0.823 ms
Execution time: 2929.832 ms
