Nested Loop  (cost=0.43..796274.22 rows=9 width=0) (actual time=3902.606..9933.877 rows=8 loops=1)
  ->  Seq Scan on cast_info ci  (cost=0.00..796071.18 rows=24 width=4) (actual time=3902.459..9933.537 rows=8 loops=1)
        Filter: ((person_id = 699831) AND (role_id = 8))
        Rows Removed by Filter: 36244336
  ->  Index Scan using title_pkey on title t  (cost=0.43..8.45 rows=1 width=4) (actual time=0.032..0.033 rows=1 loops=8)
        Index Cond: (id = ci.movie_id)
        Filter: (kind_id < 7)
Planning time: 0.542 ms
Execution time: 9933.976 ms
