Seq Scan on cast_info ci  (cost=0.00..796071.18 rows=360992 width=0) (actual time=5370.334..11588.570 rows=666071 loops=1)
  Filter: ((person_id < 94523) AND (role_id = 1))
  Rows Removed by Filter: 35578273
Planning time: 0.382 ms
Execution time: 11671.088 ms
