Hash Join  (cost=83073.05..465933.78 rows=237 width=0) (actual time=3784.638..25427.629 rows=443 loops=1)
  Hash Cond: (mi.movie_id = t.id)
  ->  Seq Scan on movie_info mi  (cost=0.00..346232.03 rows=9767026 width=4) (actual time=0.021..19890.730 rows=9911754 loops=1)
        Filter: (info_type_id > 4)
        Rows Removed by Filter: 4923966
  ->  Hash  (cost=83072.29..83072.29 rows=61 width=8) (actual time=3779.852..3779.852 rows=9 loops=1)
        Buckets: 1024  Batches: 1  Memory Usage: 9kB
        ->  Nested Loop  (cost=0.43..83072.29 rows=61 width=8) (actual time=8.877..3779.829 rows=9 loops=1)
              ->  Seq Scan on movie_keyword mk  (cost=0.00..81003.12 rows=246 width=4) (actual time=8.828..3774.100 rows=18 loops=1)
                    Filter: (keyword_id = 37397)
                    Rows Removed by Filter: 4523912
              ->  Index Scan using title_pkey on title t  (cost=0.43..8.40 rows=1 width=4) (actual time=0.312..0.312 rows=0 loops=18)
                    Index Cond: (id = mk.movie_id)
                    Filter: (production_year < 1987)
                    Rows Removed by Filter: 0
Planning time: 9.806 ms
Execution time: 25427.905 ms
