Seq Scan on title t  (cost=0.00..73925.90 rows=508703 width=0) (actual time=0.022..1176.672 rows=377920 loops=1)
  Filter: ((production_year > 1981) AND (kind_id = 1))
  Rows Removed by Filter: 2150392
Planning time: 0.349 ms
Execution time: 1224.851 ms
