Nested Loop  (cost=0.43..105060.53 rows=23 width=0) (actual time=1337.856..1490.831 rows=4 loops=1)
  ->  Seq Scan on movie_companies mc  (cost=0.00..51404.11 rows=7827 width=4) (actual time=0.030..686.782 rows=6686 loops=1)
        Filter: (company_id = 302)
        Rows Removed by Filter: 2602443
  ->  Index Scan using title_pkey on title t  (cost=0.43..6.85 rows=1 width=4) (actual time=0.120..0.120 rows=0 loops=6686)
        Index Cond: (id = mc.movie_id)
        Filter: (production_year = 1933)
        Rows Removed by Filter: 1
Planning time: 0.709 ms
Execution time: 1490.934 ms
