Hash Join  (cost=94699.36..846070.04 rows=58152 width=0) (actual time=1562.205..17781.042 rows=100155 loops=1)
  Hash Cond: (ci.movie_id = t.id)
  ->  Seq Scan on cast_info ci  (cost=0.00..614943.12 rows=36225612 width=4) (actual time=0.014..8960.851 rows=36244344 loops=1)
  ->  Hash  (cost=94648.62..94648.62 rows=4059 width=8) (actual time=1558.473..1558.473 rows=2985 loops=1)
        Buckets: 4096  Batches: 1  Memory Usage: 149kB
        ->  Hash Join  (cost=67697.55..94648.62 rows=4059 width=8) (actual time=1026.521..1557.209 rows=2985 loops=1)
              Hash Cond: (mi_idx.movie_id = t.id)
              ->  Seq Scan on movie_info_idx mi_idx  (cost=0.00..21735.35 rows=1380035 width=4) (actual time=0.021..330.124 rows=1380035 loops=1)
              ->  Hash  (cost=67604.59..67604.59 rows=7437 width=4) (actual time=965.625..965.625 rows=2483 loops=1)
                    Buckets: 8192  Batches: 1  Memory Usage: 152kB
                    ->  Seq Scan on title t  (cost=0.00..67604.59 rows=7437 width=4) (actual time=68.638..964.237 rows=2483 loops=1)
                          Filter: (production_year = 1939)
                          Rows Removed by Filter: 2525829
Planning time: 2.506 ms
Execution time: 17797.031 ms
