Hash Join  (cost=952639.50..1499949.19 rows=6326376 width=0) (actual time=17513.112..36091.995 rows=11052249 loops=1)
  Hash Cond: (mi.movie_id = t.id)
  ->  Seq Scan on movie_info mi  (cost=0.00..309384.22 rows=14739122 width=4) (actual time=0.009..6524.395 rows=14835720 loops=1)
  ->  Hash  (cost=934833.21..934833.21 rows=1085303 width=8) (actual time=17511.893..17511.893 rows=1401360 loops=1)
        Buckets: 131072 (originally 131072)  Batches: 32 (originally 16)  Memory Usage: 3073kB
        ->  Hash Join  (cost=102767.86..934833.21 rows=1085303 width=8) (actual time=5605.547..17090.565 rows=1401360 loops=1)
              Hash Cond: (ci.movie_id = t.id)
              ->  Seq Scan on cast_info ci  (cost=0.00..796071.18 rows=1085303 width=4) (actual time=3561.754..12113.432 rows=1401360 loops=1)
                    Filter: ((person_id > 2206280) AND (role_id = 4))
                    Rows Removed by Filter: 34842984
              ->  Hash  (cost=61283.27..61283.27 rows=2528527 width=4) (actual time=2041.458..2041.458 rows=2528312 loops=1)
                    Buckets: 131072  Batches: 64  Memory Usage: 2415kB
                    ->  Seq Scan on title t  (cost=0.00..61283.27 rows=2528527 width=4) (actual time=0.023..1158.798 rows=2528312 loops=1)
Planning time: 1.237 ms
Execution time: 37351.536 ms
