Hash Join  (cost=1018504.83..3128666.64 rows=83847361 width=0) (actual time=25499.713..107508.830 rows=209044345 loops=1)
  Hash Cond: (ci.movie_id = t.id)
  ->  Seq Scan on cast_info ci  (cost=0.00..796071.18 rows=14384189 width=4) (actual time=0.014..17571.815 rows=15022764 loops=1)
        Filter: ((person_id > 377620) AND (role_id > 2))
        Rows Removed by Filter: 21221580
  ->  Hash  (cost=776690.81..776690.81 rows=14739122 width=8) (actual time=25497.501..25497.501 rows=14835720 loops=1)
        Buckets: 131072  Batches: 256  Memory Usage: 3268kB
        ->  Hash Join  (cost=102767.86..776690.81 rows=14739122 width=8) (actual time=1998.336..21624.294 rows=14835720 loops=1)
              Hash Cond: (mi.movie_id = t.id)
              ->  Seq Scan on movie_info mi  (cost=0.00..309384.22 rows=14739122 width=4) (actual time=0.032..6427.950 rows=14835720 loops=1)
              ->  Hash  (cost=61283.27..61283.27 rows=2528527 width=4) (actual time=1995.859..1995.859 rows=2528312 loops=1)
                    Buckets: 131072  Batches: 64  Memory Usage: 2425kB
                    ->  Seq Scan on title t  (cost=0.00..61283.27 rows=2528527 width=4) (actual time=0.011..1108.777 rows=2528312 loops=1)
Planning time: 1.236 ms
Execution time: 129889.558 ms
