Hash Join  (cost=82400.67..458868.45 rows=423666 width=0) (actual time=1603.529..8504.053 rows=766678 loops=1)
  Hash Cond: (mi.movie_id = t.id)
  ->  Seq Scan on movie_info mi  (cost=0.00..346232.03 rows=2073893 width=4) (actual time=144.416..5440.455 rows=2091068 loops=1)
        Filter: (info_type_id < 3)
        Rows Removed by Filter: 12744652
  ->  Hash  (cost=73925.90..73925.90 rows=516541 width=4) (actual time=1457.609..1457.609 rows=440918 loops=1)
        Buckets: 131072  Batches: 8  Memory Usage: 2967kB
        ->  Seq Scan on title t  (cost=0.00..73925.90 rows=516541 width=4) (actual time=0.029..1308.622 rows=440918 loops=1)
              Filter: ((kind_id < 7) AND (production_year > 2001))
              Rows Removed by Filter: 2087394
Planning time: 0.735 ms
Execution time: 8597.741 ms
