Seq Scan on cast_info ci  (cost=0.00..705507.15 rows=500 width=0) (actual time=6339.714..10421.237 rows=2 loops=1)
  Filter: (person_id = 1560137)
  Rows Removed by Filter: 36244342
Planning time: 1.478 ms
Execution time: 10421.352 ms
