Hash Join  (cost=198997.21..1325751.64 rows=9048326 width=0) (actual time=4961.216..40988.229 rows=21800124 loops=1)
  Hash Cond: (ci.movie_id = t.id)
  ->  Seq Scan on cast_info ci  (cost=0.00..614943.12 rows=36225612 width=4) (actual time=0.024..13274.367 rows=36244344 loops=1)
  ->  Hash  (cost=188634.61..188634.61 rows=631568 width=8) (actual time=4960.193..4960.193 rows=832751 loops=1)
        Buckets: 131072  Batches: 16  Memory Usage: 3057kB
        ->  Hash Join  (cost=106498.88..188634.61 rows=631568 width=8) (actual time=2574.334..4717.191 rows=832751 loops=1)
              Hash Cond: (mc.movie_id = t.id)
              ->  Seq Scan on movie_companies mc  (cost=0.00..57926.93 rows=673624 width=4) (actual time=117.061..1083.770 rows=917173 loops=1)
                    Filter: ((company_id > 11214) AND (company_type_id = 2))
                    Rows Removed by Filter: 1691956
              ->  Hash  (cost=67604.59..67604.59 rows=2370663 width=4) (actual time=2456.438..2456.438 rows=2366946 loops=1)
                    Buckets: 131072  Batches: 32  Memory Usage: 3627kB
                    ->  Seq Scan on title t  (cost=0.00..67604.59 rows=2370663 width=4) (actual time=0.031..1419.546 rows=2366946 loops=1)
                          Filter: (production_year > 1920)
                          Rows Removed by Filter: 161366
Planning time: 1.186 ms
Execution time: 43267.848 ms
