Seq Scan on movie_companies mc  (cost=0.00..51404.11 rows=414143 width=0) (actual time=0.027..793.073 rows=414124 loops=1)
  Filter: (company_id < 284)
  Rows Removed by Filter: 2195005
Planning time: 0.339 ms
Execution time: 846.143 ms
