Hash Join  (cost=67697.55..910638.06 rows=36475 width=0) (actual time=3831.705..53768.869 rows=116 loops=1)
  Hash Cond: (ci.movie_id = t.id)
  ->  Seq Scan on cast_info ci  (cost=0.00..796071.18 rows=12401222 width=4) (actual time=0.020..47020.123 rows=12670688 loops=1)
        Filter: ((person_id < 3877768) AND (role_id < 2))
        Rows Removed by Filter: 23573656
  ->  Hash  (cost=67604.59..67604.59 rows=7437 width=4) (actual time=3607.328..3607.328 rows=1309 loops=1)
        Buckets: 8192  Batches: 1  Memory Usage: 111kB
        ->  Seq Scan on title t  (cost=0.00..67604.59 rows=7437 width=4) (actual time=0.044..3606.478 rows=1309 loops=1)
              Filter: (production_year = 1897)
              Rows Removed by Filter: 2527003
Planning time: 0.744 ms
Execution time: 53769.041 ms
