Hash Join  (cost=110878.98..1044761.02 rows=400461 width=0) (actual time=8088.661..22593.449 rows=480079 loops=1)
  Hash Cond: (ci.movie_id = t.id)
  ->  Seq Scan on cast_info ci  (cost=0.00..796071.18 rows=11542735 width=4) (actual time=5910.526..16711.673 rows=10326839 loops=1)
        Filter: ((person_id > 314241) AND (role_id < 2))
        Rows Removed by Filter: 25917505
  ->  Hash  (cost=109439.43..109439.43 rows=87724 width=8) (actual time=2176.965..2176.965 rows=62055 loops=1)
        Buckets: 131072  Batches: 2  Memory Usage: 2230kB
        ->  Hash Join  (cost=70241.71..109439.43 rows=87724 width=8) (actual time=1143.095..2157.168 rows=62055 loops=1)
              Hash Cond: (mi_idx.movie_id = t.id)
              ->  Seq Scan on movie_info_idx mi_idx  (cost=0.00..21735.35 rows=1380035 width=4) (actual time=0.017..464.226 rows=1380035 loops=1)
              ->  Hash  (cost=67604.59..67604.59 rows=160730 width=4) (actual time=1142.142..1142.142 rows=160017 loops=1)
                    Buckets: 131072  Batches: 4  Memory Usage: 2436kB
                    ->  Seq Scan on title t  (cost=0.00..67604.59 rows=160730 width=4) (actual time=0.021..1083.932 rows=160017 loops=1)
                          Filter: (production_year = 2011)
                          Rows Removed by Filter: 2368295
Planning time: 1.183 ms
Execution time: 22655.384 ms
