Seq Scan on movie_companies mc  (cost=0.00..57926.93 rows=611175 width=0) (actual time=431.259..968.562 rows=395035 loops=1)
  Filter: ((company_id < 10584) AND (company_type_id = 2))
  Rows Removed by Filter: 2214094
Planning time: 12.692 ms
Execution time: 1016.541 ms
