Hash Join  (cost=75494.03..143148.53 rows=50234 width=0) (actual time=1217.280..2546.554 rows=125 loops=1)
  Hash Cond: (mc.movie_id = t.id)
  ->  Seq Scan on movie_companies mc  (cost=0.00..51404.11 rows=1329612 width=4) (actual time=126.606..1032.540 rows=1334883 loops=1)
        Filter: (company_type_id = 2)
        Rows Removed by Filter: 1274246
  ->  Hash  (cost=73925.90..73925.90 rows=95530 width=4) (actual time=1084.250..1084.250 rows=776 loops=1)
        Buckets: 131072  Batches: 2  Memory Usage: 1038kB
        ->  Seq Scan on title t  (cost=0.00..73925.90 rows=95530 width=4) (actual time=227.190..1083.694 rows=776 loops=1)
              Filter: ((production_year < 1949) AND (kind_id = 7))
              Rows Removed by Filter: 2527536
Planning time: 0.745 ms
Execution time: 2546.667 ms
