Seq Scan on movie_keyword mk  (cost=0.00..81003.12 rows=164060 width=0) (actual time=0.026..1259.572 rows=158932 loops=1)
  Filter: (keyword_id > 72935)
  Rows Removed by Filter: 4364998
Planning time: 0.299 ms
Execution time: 1281.675 ms
