Hash Join  (cost=102767.86..184316.08 rows=842222 width=0) (actual time=1907.170..3939.112 rows=835954 loops=1)
  Hash Cond: (mc.movie_id = t.id)
  ->  Seq Scan on movie_companies mc  (cost=0.00..51404.11 rows=842222 width=4) (actual time=0.032..1022.265 rows=835954 loops=1)
        Filter: (company_id < 2164)
        Rows Removed by Filter: 1773175
  ->  Hash  (cost=61283.27..61283.27 rows=2528527 width=4) (actual time=1906.365..1906.365 rows=2528312 loops=1)
        Buckets: 131072  Batches: 64  Memory Usage: 2415kB
        ->  Seq Scan on title t  (cost=0.00..61283.27 rows=2528527 width=4) (actual time=0.020..1075.793 rows=2528312 loops=1)
Planning time: 0.840 ms
Execution time: 4027.997 ms
