Hash Join  (cost=83810.17..1201925.60 rows=10322112 width=0) (actual time=3810.500..75089.882 rows=10721168 loops=1)
  Hash Cond: (ci.movie_id = t.id)
  ->  Seq Scan on cast_info ci  (cost=0.00..705507.15 rows=26424042 width=4) (actual time=0.019..48869.225 rows=26635165 loops=1)
        Filter: (person_id > 944496)
        Rows Removed by Filter: 9609179
  ->  Hash  (cost=67604.59..67604.59 rows=987727 width=4) (actual time=3808.808..3808.808 rows=985048 loops=1)
        Buckets: 131072  Batches: 16  Memory Usage: 3188kB
        ->  Seq Scan on title t  (cost=0.00..67604.59 rows=987727 width=4) (actual time=0.019..3399.759 rows=985048 loops=1)
              Filter: (kind_id < 7)
              Rows Removed by Filter: 1543264
Planning time: 0.749 ms
Execution time: 76627.416 ms
