Seq Scan on movie_keyword mk  (cost=0.00..81003.12 rows=3290552 width=0) (actual time=0.022..1522.956 rows=3277979 loops=1)
  Filter: (keyword_id < 14508)
  Rows Removed by Filter: 1245951
Planning time: 0.215 ms
Execution time: 1936.079 ms
