Hash Join  (cost=178926.81..673600.93 rows=1393422 width=0) (actual time=3562.181..16940.386 rows=4496216 loops=1)
  Hash Cond: (mi.movie_id = t.id)
  ->  Seq Scan on movie_info mi  (cost=0.00..309384.22 rows=14739122 width=4) (actual time=0.011..6281.706 rows=14835720 loops=1)
  ->  Hash  (cost=175004.76..175004.76 rows=239044 width=8) (actual time=3561.395..3561.395 rows=123173 loops=1)
        Buckets: 131072  Batches: 4  Memory Usage: 2229kB
        ->  Hash Join  (cost=78473.92..175004.76 rows=239044 width=8) (actual time=1453.769..3521.869 rows=123173 loops=1)
              Hash Cond: (mk.movie_id = t.id)
              ->  Seq Scan on movie_keyword mk  (cost=0.00..81003.12 rows=912338 width=4) (actual time=0.025..1508.519 rows=920332 loops=1)
                    Filter: (keyword_id < 870)
                    Rows Removed by Filter: 3603598
              ->  Hash  (cost=67604.59..67604.59 rows=662507 width=4) (actual time=1451.465..1451.465 rows=662065 loops=1)
                    Buckets: 131072  Batches: 16  Memory Usage: 2488kB
                    ->  Seq Scan on title t  (cost=0.00..67604.59 rows=662507 width=4) (actual time=0.014..1230.481 rows=662065 loops=1)
                          Filter: (production_year > 2008)
                          Rows Removed by Filter: 1866247
Planning time: 1.218 ms
Execution time: 17485.135 ms
