Hash Join  (cost=70308.29..183832.57 rows=170068 width=0) (actual time=1182.169..3800.749 rows=64132 loops=1)
  Hash Cond: (mk.movie_id = t.id)
  ->  Seq Scan on movie_keyword mk  (cost=0.00..81003.12 rows=2609728 width=4) (actual time=0.017..1649.529 rows=2595188 loops=1)
        Filter: (keyword_id > 3314)
        Rows Removed by Filter: 1928742
  ->  Hash  (cost=67604.59..67604.59 rows=164776 width=4) (actual time=1175.724..1175.724 rows=164307 loops=1)
        Buckets: 131072  Batches: 4  Memory Usage: 2488kB
        ->  Seq Scan on title t  (cost=0.00..67604.59 rows=164776 width=4) (actual time=0.022..1116.502 rows=164307 loops=1)
              Filter: (production_year = 2012)
              Rows Removed by Filter: 2364005
Planning time: 3.025 ms
Execution time: 3809.287 ms
