Seq Scan on movie_keyword mk  (cost=0.00..81003.12 rows=2749751 width=0) (actual time=0.023..1467.851 rows=2743045 loops=1)
  Filter: (keyword_id > 2883)
  Rows Removed by Filter: 1780885
Planning time: 0.315 ms
Execution time: 1803.973 ms
