Hash Join  (cost=156487.41..1184621.61 rows=4369620 width=0) (actual time=3375.846..33557.916 rows=8847509 loops=1)
  Hash Cond: (ci.movie_id = t.id)
  ->  Seq Scan on cast_info ci  (cost=0.00..705507.15 rows=23967959 width=4) (actual time=0.019..15721.782 rows=24077590 loops=1)
        Filter: (person_id > 1198382)
        Rows Removed by Filter: 12166754
  ->  Hash  (cost=148924.19..148924.19 rows=460978 width=8) (actual time=3375.049..3375.049 rows=459925 loops=1)
        Buckets: 131072  Batches: 8  Memory Usage: 3275kB
        ->  Hash Join  (cost=102767.86..148924.19 rows=460978 width=8) (actual time=1921.908..3246.081 rows=459925 loops=1)
              Hash Cond: (mi_idx.movie_id = t.id)
              ->  Seq Scan on movie_info_idx mi_idx  (cost=0.00..25185.44 rows=460978 width=4) (actual time=0.030..538.952 rows=459925 loops=1)
                    Filter: (info_type_id < 100)
                    Rows Removed by Filter: 920110
              ->  Hash  (cost=61283.27..61283.27 rows=2528527 width=4) (actual time=1919.607..1919.607 rows=2528312 loops=1)
                    Buckets: 131072  Batches: 64  Memory Usage: 2415kB
                    ->  Seq Scan on title t  (cost=0.00..61283.27 rows=2528527 width=4) (actual time=0.009..1078.816 rows=2528312 loops=1)
Planning time: 1.214 ms
Execution time: 34608.249 ms
