Hash Join  (cost=307004.74..1490458.53 rows=20577913 width=0) (actual time=7623.972..53290.251 rows=71689733 loops=1)
  Hash Cond: (ci.movie_id = t.id)
  ->  Seq Scan on cast_info ci  (cost=0.00..705507.15 rows=18575922 width=4) (actual time=0.020..14027.533 rows=18473858 loops=1)
        Filter: (person_id < 1837973)
        Rows Removed by Filter: 17770486
  ->  Hash  (cost=261049.80..261049.80 rows=2801035 width=8) (actual time=7621.789..7621.789 rows=2797536 loops=1)
        Buckets: 131072  Batches: 64  Memory Usage: 2755kB
        ->  Hash Join  (cost=102767.86..261049.80 rows=2801035 width=8) (actual time=2661.619..6791.694 rows=2797536 loops=1)
              Hash Cond: (mk.movie_id = t.id)
              ->  Seq Scan on movie_keyword mk  (cost=0.00..81003.12 rows=2801035 width=4) (actual time=0.022..1588.271 rows=2797536 loops=1)
                    Filter: (keyword_id > 2799)
                    Rows Removed by Filter: 1726394
              ->  Hash  (cost=61283.27..61283.27 rows=2528527 width=4) (actual time=2660.827..2660.827 rows=2528312 loops=1)
                    Buckets: 131072  Batches: 64  Memory Usage: 2425kB
                    ->  Seq Scan on title t  (cost=0.00..61283.27 rows=2528527 width=4) (actual time=0.022..1179.434 rows=2528312 loops=1)
Planning time: 1.109 ms
Execution time: 61443.614 ms
