Hash Join  (cost=102767.86..1179589.56 rows=11257017 width=0) (actual time=4523.016..30003.851 rows=12670688 loops=1)
  Hash Cond: (ci.movie_id = t.id)
  ->  Seq Scan on cast_info ci  (cost=0.00..796071.18 rows=11257017 width=4) (actual time=2572.994..17369.057 rows=12670688 loops=1)
        Filter: ((person_id < 3285104) AND (role_id = 1))
        Rows Removed by Filter: 23573656
  ->  Hash  (cost=61283.27..61283.27 rows=2528527 width=4) (actual time=1948.555..1948.555 rows=2528312 loops=1)
        Buckets: 131072  Batches: 64  Memory Usage: 2415kB
        ->  Seq Scan on title t  (cost=0.00..61283.27 rows=2528527 width=4) (actual time=0.015..1093.312 rows=2528312 loops=1)
Planning time: 0.829 ms
Execution time: 31500.262 ms
