Seq Scan on movie_keyword mk  (cost=0.00..81003.12 rows=246 width=0) (actual time=53.082..1270.146 rows=103 loops=1)
  Filter: (keyword_id = 27958)
  Rows Removed by Filter: 4523827
Planning time: 0.362 ms
Execution time: 1270.318 ms
