Seq Scan on movie_companies mc  (cost=0.00..57926.93 rows=685046 width=0) (actual time=188.209..1062.389 rows=925288 loops=1)
  Filter: ((company_id > 11165) AND (company_type_id > 1))
  Rows Removed by Filter: 1683841
Planning time: 0.360 ms
Execution time: 1176.756 ms
