Hash Join  (cost=73962.22..102589.79 rows=1051 width=0) (actual time=1196.738..1670.452 rows=2074 loops=1)
  Hash Cond: (mi_idx.movie_id = t.id)
  ->  Seq Scan on movie_info_idx mi_idx  (cost=0.00..25185.44 rows=915101 width=4) (actual time=0.016..472.569 rows=919850 loops=1)
        Filter: (info_type_id < 101)
        Rows Removed by Filter: 460185
  ->  Hash  (cost=73925.90..73925.90 rows=2905 width=4) (actual time=1053.573..1053.573 rows=2177 loops=1)
        Buckets: 4096  Batches: 1  Memory Usage: 109kB
        ->  Seq Scan on title t  (cost=0.00..73925.90 rows=2905 width=4) (actual time=631.055..1052.396 rows=2177 loops=1)
              Filter: ((kind_id < 7) AND (production_year = 1942))
              Rows Removed by Filter: 2526135
Planning time: 0.790 ms
Execution time: 1670.870 ms
