Hash Join  (cost=160526.42..1156153.44 rows=4384363 width=0) (actual time=3430.898..28796.371 rows=7560735 loops=1)
  Hash Cond: (ci.movie_id = t.id)
  ->  Seq Scan on cast_info ci  (cost=0.00..796071.18 rows=13182728 width=4) (actual time=0.022..16165.044 rows=14249728 loops=1)
        Filter: ((person_id > 645539) AND (role_id > 2))
        Rows Removed by Filter: 21994616
  ->  Hash  (cost=146729.58..146729.58 rows=840947 width=8) (actual time=3429.769..3429.769 rows=425718 loops=1)
        Buckets: 131072  Batches: 16  Memory Usage: 2062kB
        ->  Hash Join  (cost=92883.59..146729.58 rows=840947 width=8) (actual time=1819.108..3303.517 rows=425718 loops=1)
              Hash Cond: (mi_idx.movie_id = t.id)
              ->  Seq Scan on movie_info_idx mi_idx  (cost=0.00..21735.35 rows=1380035 width=4) (actual time=0.008..443.925 rows=1380035 loops=1)
              ->  Hash  (cost=67604.59..67604.59 rows=1540800 width=4) (actual time=1818.066..1818.066 rows=1543264 loops=1)
                    Buckets: 131072  Batches: 32  Memory Usage: 2722kB
                    ->  Seq Scan on title t  (cost=0.00..67604.59 rows=1540800 width=4) (actual time=0.015..1306.543 rows=1543264 loops=1)
                          Filter: (kind_id = 7)
                          Rows Removed by Filter: 985048
Planning time: 1.137 ms
Execution time: 29712.266 ms
