Hash Join  (cost=84697.09..171120.87 rows=595118 width=0) (actual time=1604.269..3734.209 rows=361231 loops=1)
  Hash Cond: (mc.movie_id = t.id)
  ->  Seq Scan on movie_companies mc  (cost=0.00..51404.11 rows=2292129 width=4) (actual time=0.016..1117.853 rows=2292418 loops=1)
        Filter: (company_id < 91836)
        Rows Removed by Filter: 316711
  ->  Hash  (cost=73925.90..73925.90 rows=656495 width=4) (actual time=1379.812..1379.812 rows=556797 loops=1)
        Buckets: 131072  Batches: 16  Memory Usage: 2246kB
        ->  Seq Scan on title t  (cost=0.00..73925.90 rows=656495 width=4) (actual time=0.015..1201.778 rows=556797 loops=1)
              Filter: ((production_year < 2001) AND (kind_id = 7))
              Rows Removed by Filter: 1971515
Planning time: 3.970 ms
Execution time: 3779.208 ms
