Seq Scan on movie_keyword mk  (cost=0.00..81003.12 rows=4199105 width=0) (actual time=0.020..1664.345 rows=4201856 loops=1)
  Filter: (keyword_id < 50858)
  Rows Removed by Filter: 322074
Planning time: 0.306 ms
Execution time: 2188.923 ms
