Seq Scan on movie_companies mc  (cost=0.00..57926.93 rows=941708 width=0) (actual time=0.021..1009.330 rows=1241858 loops=1)
  Filter: ((company_id < 46378) AND (company_type_id < 2))
  Rows Removed by Filter: 1367271
Planning time: 0.332 ms
Execution time: 1167.084 ms
