Nested Loop  (cost=0.43..65411.81 rows=366 width=0) (actual time=11.328..2306.221 rows=529 loops=1)
  ->  Seq Scan on movie_companies mc  (cost=0.00..57926.93 rows=910 width=4) (actual time=0.024..1927.728 rows=3969 loops=1)
        Filter: ((company_id < 6) AND (company_type_id < 2))
        Rows Removed by Filter: 2605160
  ->  Index Scan using title_pkey on title t  (cost=0.43..8.22 rows=1 width=4) (actual time=0.095..0.095 rows=0 loops=3969)
        Index Cond: (id = mc.movie_id)
        Filter: ((production_year < 2008) AND (kind_id = 7))
        Rows Removed by Filter: 1
Planning time: 0.833 ms
Execution time: 2306.468 ms
