Hash Join  (cost=166613.55..1259043.67 rows=5706995 width=0) (actual time=3523.516..38727.848 rows=21637993 loops=1)
  Hash Cond: (ci.movie_id = t.id)
  ->  Seq Scan on cast_info ci  (cost=0.00..614943.12 rows=36225612 width=4) (actual time=0.014..12999.976 rows=36244344 loops=1)
  ->  Hash  (cost=160077.24..160077.24 rows=398345 width=8) (actual time=3522.501..3522.501 rows=502389 loops=1)
        Buckets: 131072  Batches: 8  Memory Usage: 3453kB
        ->  Hash Join  (cost=86372.90..160077.24 rows=398345 width=8) (actual time=1376.463..3364.921 rows=502389 loops=1)
              Hash Cond: (mc.movie_id = t.id)
              ->  Seq Scan on movie_companies mc  (cost=0.00..51404.11 rows=1327672 width=4) (actual time=0.020..1030.947 rows=1317791 loops=1)
                    Filter: (company_id < 11373)
                    Rows Removed by Filter: 1291338
              ->  Hash  (cost=73925.90..73925.90 rows=758640 width=4) (actual time=1375.580..1375.580 rows=663849 loops=1)
                    Buckets: 131072  Batches: 16  Memory Usage: 2483kB
                    ->  Seq Scan on title t  (cost=0.00..73925.90 rows=758640 width=4) (actual time=0.023..1166.021 rows=663849 loops=1)
                          Filter: ((kind_id < 7) AND (production_year > 1980))
                          Rows Removed by Filter: 1864463
Planning time: 1.250 ms
Execution time: 41161.974 ms
