Hash Join  (cost=200466.10..1044335.37 rows=380518 width=0) (actual time=4625.748..22263.767 rows=2885451 loops=1)
  Hash Cond: (ci.movie_id = t.id)
  ->  Seq Scan on cast_info ci  (cost=0.00..796071.18 rows=3345783 width=4) (actual time=298.038..13422.557 rows=7708038 loops=1)
        Filter: ((person_id > 2721730) AND (role_id > 3))
        Rows Removed by Filter: 28536306
  ->  Hash  (cost=195747.46..195747.46 rows=287571 width=8) (actual time=4325.876..4325.876 rows=147733 loops=1)
        Buckets: 131072  Batches: 4  Memory Usage: 2540kB
        ->  Hash Join  (cost=70241.71..195747.46 rows=287571 width=8) (actual time=1074.889..4279.505 rows=147733 loops=1)
              Hash Cond: (mk.movie_id = t.id)
              ->  Seq Scan on movie_keyword mk  (cost=0.00..69693.30 rows=4523930 width=4) (actual time=0.038..1482.782 rows=4523930 loops=1)
              ->  Hash  (cost=67604.59..67604.59 rows=160730 width=4) (actual time=1073.633..1073.633 rows=160017 loops=1)
                    Buckets: 131072  Batches: 4  Memory Usage: 2442kB
                    ->  Seq Scan on title t  (cost=0.00..67604.59 rows=160730 width=4) (actual time=0.018..1014.502 rows=160017 loops=1)
                          Filter: (production_year = 2011)
                          Rows Removed by Filter: 2368295
Planning time: 1.284 ms
Execution time: 22599.597 ms
