Seq Scan on movie_keyword mk  (cost=0.00..81003.12 rows=2074007 width=0) (actual time=0.024..1369.498 rows=2085166 loops=1)
  Filter: (keyword_id < 3719)
  Rows Removed by Filter: 2438764
Planning time: 0.328 ms
Execution time: 1624.173 ms
