Seq Scan on cast_info ci  (cost=0.00..796071.18 rows=2444790 width=0) (actual time=6454.938..12569.603 rows=1794757 loops=1)
  Filter: ((person_id > 2466321) AND (role_id = 2))
  Rows Removed by Filter: 34449587
Planning time: 0.411 ms
Execution time: 12774.091 ms
