Nested Loop  (cost=0.43..83071.67 rows=246 width=0) (actual time=0.844..1250.388 rows=553 loops=1)
  ->  Seq Scan on movie_keyword mk  (cost=0.00..81003.12 rows=246 width=4) (actual time=0.803..1219.024 rows=553 loops=1)
        Filter: (keyword_id = 4001)
        Rows Removed by Filter: 4523377
  ->  Index Only Scan using title_pkey on title t  (cost=0.43..8.40 rows=1 width=4) (actual time=0.054..0.055 rows=1 loops=553)
        Index Cond: (id = mk.movie_id)
        Heap Fetches: 553
Planning time: 2.279 ms
Execution time: 1250.734 ms
