Hash Join  (cost=82433.88..115976.32 rows=95350 width=0) (actual time=1289.711..2131.169 rows=140993 loops=1)
  Hash Cond: (mi_idx.movie_id = t.id)
  ->  Seq Scan on movie_info_idx mi_idx  (cost=0.00..25185.44 rows=464934 width=4) (actual time=0.020..522.797 rows=460185 loops=1)
        Filter: (info_type_id > 100)
        Rows Removed by Filter: 919850
  ->  Hash  (cost=73925.90..73925.90 rows=518558 width=4) (actual time=1288.795..1288.795 rows=395282 loops=1)
        Buckets: 131072  Batches: 8  Memory Usage: 2770kB
        ->  Seq Scan on title t  (cost=0.00..73925.90 rows=518558 width=4) (actual time=0.024..1161.783 rows=395282 loops=1)
              Filter: ((kind_id < 3) AND (production_year > 1991))
              Rows Removed by Filter: 2133030
Planning time: 0.818 ms
Execution time: 2155.744 ms
