Nested Loop  (cost=0.43..113567.77 rows=4373 width=0) (actual time=0.938..1421.035 rows=4246 loops=1)
  ->  Seq Scan on movie_keyword mk  (cost=0.00..81003.12 rows=4373 width=4) (actual time=0.888..1272.791 rows=4246 loops=1)
        Filter: (keyword_id = 7281)
        Rows Removed by Filter: 4519684
  ->  Index Only Scan using title_pkey on title t  (cost=0.43..7.44 rows=1 width=4) (actual time=0.034..0.034 rows=1 loops=4246)
        Index Cond: (id = mk.movie_id)
        Heap Fetches: 4246
Planning time: 0.770 ms
Execution time: 1422.270 ms
