Hash Join  (cost=222472.00..656364.46 rows=1513986 width=0) (actual time=17045.716..33196.955 rows=369664 loops=1)
  Hash Cond: (mi.movie_id = t.id)
  ->  Seq Scan on movie_info mi  (cost=0.00..346232.03 rows=5445713 width=4) (actual time=5070.697..17133.736 rows=5410520 loops=1)
        Filter: (info_type_id < 6)
        Rows Removed by Filter: 9425200
  ->  Hash  (cost=210938.91..210938.91 rows=702967 width=8) (actual time=11861.791..11861.791 rows=139743 loops=1)
        Buckets: 131072  Batches: 16  Memory Usage: 1355kB
        ->  Hash Join  (cost=80372.21..210938.91 rows=702967 width=8) (actual time=3315.827..11808.034 rows=139743 loops=1)
              Hash Cond: (mk.movie_id = t.id)
              ->  Seq Scan on movie_keyword mk  (cost=0.00..69693.30 rows=4523930 width=4) (actual time=0.026..4993.656 rows=4523930 loops=1)
              ->  Hash  (cost=73925.90..73925.90 rows=392904 width=4) (actual time=3312.448..3312.448 rows=277350 loops=1)
                    Buckets: 131072  Batches: 8  Memory Usage: 2237kB
                    ->  Seq Scan on title t  (cost=0.00..73925.90 rows=392904 width=4) (actual time=0.044..3201.688 rows=277350 loops=1)
                          Filter: ((production_year < 1988) AND (kind_id = 7))
                          Rows Removed by Filter: 2250962
Planning time: 1.268 ms
Execution time: 33262.792 ms
