Hash Join  (cost=709677.90..736590.45 rows=207 width=0) (actual time=10637.102..11200.959 rows=1206 loops=1)
  Hash Cond: (mi_idx.movie_id = t.id)
  ->  Seq Scan on movie_info_idx mi_idx  (cost=0.00..21735.35 rows=1380035 width=4) (actual time=0.013..349.318 rows=1380035 loops=1)
  ->  Hash  (cost=709673.15..709673.15 rows=380 width=8) (actual time=10606.922..10606.922 rows=579 loops=1)
        Buckets: 1024  Batches: 1  Memory Usage: 31kB
        ->  Nested Loop  (cost=0.43..709673.15 rows=380 width=8) (actual time=6759.892..10606.637 rows=579 loops=1)
              ->  Seq Scan on cast_info ci  (cost=0.00..705507.15 rows=500 width=4) (actual time=6759.822..10594.732 rows=688 loops=1)
                    Filter: (person_id = 3036832)
                    Rows Removed by Filter: 36243656
              ->  Index Scan using title_pkey on title t  (cost=0.43..8.32 rows=1 width=4) (actual time=0.016..0.017 rows=1 loops=688)
                    Index Cond: (id = ci.movie_id)
                    Filter: (production_year < 2010)
                    Rows Removed by Filter: 0
Planning time: 1.341 ms
Execution time: 11201.198 ms
