Seq Scan on movie_keyword mk  (cost=0.00..81003.12 rows=246 width=0) (actual time=7.206..1220.701 rows=320 loops=1)
  Filter: (keyword_id = 5718)
  Rows Removed by Filter: 4523610
Planning time: 0.379 ms
Execution time: 1220.956 ms
