Seq Scan on movie_keyword mk  (cost=0.00..81003.12 rows=3375471 width=0) (actual time=0.025..1611.674 rows=3359027 loops=1)
  Filter: (keyword_id < 16077)
  Rows Removed by Filter: 1164903
Planning time: 0.310 ms
Execution time: 2021.924 ms
