Hash Join  (cost=91959.31..1010363.33 rows=3924323 width=0) (actual time=1770.146..26451.570 rows=7171303 loops=1)
  Hash Cond: (ci.movie_id = t.id)
  ->  Seq Scan on cast_info ci  (cost=0.00..796071.18 rows=6684430 width=4) (actual time=0.010..15206.929 rows=12670688 loops=1)
        Filter: ((person_id < 1886774) AND (role_id = 1))
        Rows Removed by Filter: 23573656
  ->  Hash  (cost=67604.59..67604.59 rows=1484458 width=4) (actual time=1769.336..1769.336 rows=1485030 loops=1)
        Buckets: 131072  Batches: 32  Memory Usage: 2655kB
        ->  Seq Scan on title t  (cost=0.00..67604.59 rows=1484458 width=4) (actual time=0.017..1283.731 rows=1485030 loops=1)
              Filter: (production_year > 1998)
              Rows Removed by Filter: 1043282
Planning time: 0.799 ms
Execution time: 27293.542 ms
