Seq Scan on cast_info ci  (cost=0.00..796071.18 rows=10638479 width=0) (actual time=0.026..13248.820 rows=4536367 loops=1)
  Filter: ((person_id < 1610019) AND (role_id > 1))
  Rows Removed by Filter: 31707977
Planning time: 6.583 ms
Execution time: 13781.431 ms
