Seq Scan on cast_info ci  (cost=0.00..796071.18 rows=1101659 width=0) (actual time=10166.460..12782.627 rows=1017287 loops=1)
  Filter: ((person_id < 1429711) AND (role_id = 4))
  Rows Removed by Filter: 35227057
Planning time: 0.411 ms
Execution time: 12910.291 ms
