Seq Scan on movie_keyword mk  (cost=0.00..81003.12 rows=1275830 width=0) (actual time=0.024..1239.370 rows=1283485 loops=1)
  Filter: (keyword_id > 13773)
  Rows Removed by Filter: 3240445
Planning time: 0.309 ms
Execution time: 1420.548 ms
