Seq Scan on movie_keyword mk  (cost=0.00..81003.12 rows=2919055 width=0) (actual time=0.018..1586.167 rows=2907284 loops=1)
  Filter: (keyword_id < 9333)
  Rows Removed by Filter: 1616646
Planning time: 0.313 ms
Execution time: 1952.355 ms
