Hash Join  (cost=83075.27..451427.45 rows=558 width=0) (actual time=1556.771..7989.266 rows=786 loops=1)
  Hash Cond: (mi.movie_id = t.id)
  ->  Seq Scan on movie_info mi  (cost=0.00..346232.03 rows=5897221 width=4) (actual time=342.866..5979.280 rows=5884963 loops=1)
        Filter: (info_type_id < 7)
        Rows Removed by Filter: 8950757
  ->  Hash  (cost=83072.29..83072.29 rows=239 width=8) (actual time=1212.271..1212.271 rows=92 loops=1)
        Buckets: 1024  Batches: 1  Memory Usage: 12kB
        ->  Nested Loop  (cost=0.43..83072.29 rows=239 width=8) (actual time=25.008..1212.118 rows=92 loops=1)
              ->  Seq Scan on movie_keyword mk  (cost=0.00..81003.12 rows=246 width=4) (actual time=24.938..1203.377 rows=92 loops=1)
                    Filter: (keyword_id = 7031)
                    Rows Removed by Filter: 4523838
              ->  Index Scan using title_pkey on title t  (cost=0.43..8.40 rows=1 width=4) (actual time=0.089..0.090 rows=1 loops=92)
                    Index Cond: (id = mk.movie_id)
                    Filter: (production_year > 0)
Planning time: 1.343 ms
Execution time: 7989.709 ms
