Hash Join  (cost=74851.90..102166.71 rows=40432 width=0) (actual time=1092.605..1817.421 rows=96522 loops=1)
  Hash Cond: (mi_idx.movie_id = t.id)
  ->  Seq Scan on movie_info_idx mi_idx  (cost=0.00..21735.35 rows=1380035 width=4) (actual time=0.027..126.322 rows=1380035 loops=1)
  ->  Hash  (cost=73925.90..73925.90 rows=74080 width=4) (actual time=1060.265..1060.265 rows=173895 loops=1)
        Buckets: 131072 (originally 131072)  Batches: 2 (originally 1)  Memory Usage: 4084kB
        ->  Seq Scan on title t  (cost=0.00..73925.90 rows=74080 width=4) (actual time=0.503..993.537 rows=173895 loops=1)
              Filter: ((kind_id < 7) AND (production_year < 1954))
              Rows Removed by Filter: 2354417
Planning time: 0.756 ms
Execution time: 1824.718 ms
