Hash Join  (cost=176364.83..942077.56 rows=1054152 width=0) (actual time=7175.481..19746.276 rows=3027863 loops=1)
  Hash Cond: (ci.movie_id = t.id)
  ->  Seq Scan on cast_info ci  (cost=0.00..705507.15 rows=4074151 width=4) (actual time=2191.636..11170.463 rows=3953493 loops=1)
        Filter: (person_id < 378807)
        Rows Removed by Filter: 32290851
  ->  Hash  (cost=165630.89..165630.89 rows=654235 width=8) (actual time=4675.932..4675.932 rows=960461 loops=1)
        Buckets: 131072  Batches: 16  Memory Usage: 3376kB
        ->  Hash Join  (cost=80874.21..165630.89 rows=654235 width=8) (actual time=1401.683..4421.994 rows=960461 loops=1)
              Hash Cond: (mc.movie_id = t.id)
              ->  Seq Scan on movie_companies mc  (cost=0.00..51404.11 rows=2045390 width=4) (actual time=0.021..1107.094 rows=2040656 loops=1)
                    Filter: (company_id < 71419)
                    Rows Removed by Filter: 568473
              ->  Hash  (cost=67604.59..67604.59 rows=808770 width=4) (actual time=1400.762..1400.762 rows=812704 loops=1)
                    Buckets: 131072  Batches: 16  Memory Usage: 2812kB
                    ->  Seq Scan on title t  (cost=0.00..67604.59 rows=808770 width=4) (actual time=0.020..1146.597 rows=812704 loops=1)
                          Filter: (production_year < 1995)
                          Rows Removed by Filter: 1715608
Planning time: 1.216 ms
Execution time: 20112.072 ms
