Hash Join  (cost=178093.28..546351.44 rows=371462 width=0) (actual time=12775.726..31005.570 rows=1592675 loops=1)
  Hash Cond: (mi.movie_id = t.id)
  ->  Seq Scan on movie_info mi  (cost=0.00..346232.03 rows=1348138 width=4) (actual time=959.086..17057.435 rows=1298989 loops=1)
        Filter: (info_type_id = 4)
        Rows Removed by Filter: 13536731
  ->  Hash  (cost=166662.50..166662.50 rows=696702 width=8) (actual time=11815.712..11815.712 rows=1484377 loops=1)
        Buckets: 131072 (originally 131072)  Batches: 32 (originally 16)  Memory Usage: 3073kB
        ->  Hash Join  (cost=83810.17..166662.50 rows=696702 width=8) (actual time=4642.335..11239.658 rows=1484377 loops=1)
              Hash Cond: (mc.movie_id = t.id)
              ->  Seq Scan on movie_companies mc  (cost=0.00..51404.11 rows=1783519 width=4) (actual time=9.799..4026.632 rows=1790490 loops=1)
                    Filter: (company_id > 1926)
                    Rows Removed by Filter: 818639
              ->  Hash  (cost=67604.59..67604.59 rows=987727 width=4) (actual time=4631.480..4631.480 rows=985048 loops=1)
                    Buckets: 131072  Batches: 16  Memory Usage: 3188kB
                    ->  Seq Scan on title t  (cost=0.00..67604.59 rows=987727 width=4) (actual time=0.026..4177.536 rows=985048 loops=1)
                          Filter: (kind_id < 7)
                          Rows Removed by Filter: 1543264
Planning time: 1.167 ms
Execution time: 31295.089 ms
