Hash Join  (cost=261572.88..862681.61 rows=9641691 width=0) (actual time=6487.411..20153.642 rows=4623231 loops=1)
  Hash Cond: (mi.movie_id = t.id)
  ->  Seq Scan on movie_info mi  (cost=0.00..309384.22 rows=14739122 width=4) (actual time=0.017..5857.918 rows=14835720 loops=1)
  ->  Hash  (cost=234435.23..234435.23 rows=1654052 width=8) (actual time=6081.847..6081.847 rows=439900 loops=1)
        Buckets: 131072  Batches: 32  Memory Usage: 1562kB
        ->  Hash Join  (cost=96957.05..234435.23 rows=1654052 width=8) (actual time=3032.090..5944.065 rows=439900 loops=1)
              Hash Cond: (mk.movie_id = t.id)
              ->  Seq Scan on movie_keyword mk  (cost=0.00..81003.12 rows=2979341 width=4) (actual time=0.018..1715.497 rows=2969686 loops=1)
                    Filter: (keyword_id > 2298)
                    Rows Removed by Filter: 1554244
              ->  Hash  (cost=73925.90..73925.90 rows=1403772 width=4) (actual time=1882.349..1882.349 rows=1477664 loops=1)
                    Buckets: 131072  Batches: 32  Memory Usage: 2656kB
                    ->  Seq Scan on title t  (cost=0.00..73925.90 rows=1403772 width=4) (actual time=0.015..1409.948 rows=1477664 loops=1)
                          Filter: ((production_year > 1948) AND (kind_id = 7))
                          Rows Removed by Filter: 1050648
Planning time: 1.186 ms
Execution time: 20692.498 ms
