Seq Scan on movie_keyword mk  (cost=0.00..81003.12 rows=3295618 width=12) (actual time=0.023..1707.314 rows=3288574 loops=1)
  Filter: (keyword_id > 1570)
  Rows Removed by Filter: 1235356
Planning time: 0.309 ms
Execution time: 1903.564 ms
