Seq Scan on movie_companies mc  (cost=0.00..57926.93 rows=395491 width=0) (actual time=215.329..856.887 rows=228977 loops=1)
  Filter: ((company_id < 1604) AND (company_type_id > 1))
  Rows Removed by Filter: 2380152
Planning time: 0.392 ms
Execution time: 884.763 ms
