Seq Scan on movie_keyword mk  (cost=0.00..81003.12 rows=3248787 width=0) (actual time=0.025..1488.734 rows=3241018 loops=1)
  Filter: (keyword_id < 13784)
  Rows Removed by Filter: 1282912
Planning time: 0.340 ms
Execution time: 1894.519 ms
