Seq Scan on cast_info ci  (cost=0.00..796071.18 rows=276 width=0) (actual time=9153.694..13274.035 rows=1262 loops=1)
  Filter: ((role_id < 3) AND (person_id = 2570022))
  Rows Removed by Filter: 36243082
Planning time: 0.391 ms
Execution time: 13274.297 ms
