Hash Join  (cost=78556.72..886644.29 rows=174859 width=0) (actual time=1390.577..13496.358 rows=56049 loops=1)
  Hash Cond: (ci.movie_id = t.id)
  ->  Seq Scan on cast_info ci  (cost=0.00..796071.18 rows=662345 width=4) (actual time=49.395..11916.054 rows=214113 loops=1)
        Filter: ((person_id < 528276) AND (role_id = 10))
        Rows Removed by Filter: 36030231
  ->  Hash  (cost=67604.59..67604.59 rows=667531 width=4) (actual time=1339.909..1339.909 rows=662825 loops=1)
        Buckets: 131072  Batches: 16  Memory Usage: 2476kB
        ->  Seq Scan on title t  (cost=0.00..67604.59 rows=667531 width=4) (actual time=4.369..1126.738 rows=662825 loops=1)
              Filter: (kind_id = 1)
              Rows Removed by Filter: 1865487
Planning time: 0.866 ms
Execution time: 13503.810 ms
