Hash Join  (cost=70241.71..130597.96 rows=9382 width=0) (actual time=1382.000..1966.940 rows=15827 loops=1)
  Hash Cond: (mc.movie_id = t.id)
  ->  Seq Scan on movie_companies mc  (cost=0.00..57926.93 rows=147599 width=4) (actual time=413.787..845.177 rows=297104 loops=1)
        Filter: ((company_id > 94745) AND (company_type_id = 2))
        Rows Removed by Filter: 2312025
  ->  Hash  (cost=67604.59..67604.59 rows=160730 width=4) (actual time=967.030..967.030 rows=160017 loops=1)
        Buckets: 131072  Batches: 4  Memory Usage: 2436kB
        ->  Seq Scan on title t  (cost=0.00..67604.59 rows=160730 width=4) (actual time=0.028..908.969 rows=160017 loops=1)
              Filter: (production_year = 2011)
              Rows Removed by Filter: 2368295
Planning time: 15.782 ms
Execution time: 1969.634 ms
