Hash Join  (cost=96651.52..156574.17 rows=56621 width=0) (actual time=1822.010..3031.875 rows=76801 loops=1)
  Hash Cond: (mc.movie_id = t.id)
  ->  Seq Scan on movie_companies mc  (cost=0.00..51404.11 rows=80864 width=4) (actual time=1.088..814.769 rows=84071 loops=1)
        Filter: (company_id < 19)
        Rows Removed by Filter: 2525058
  ->  Hash  (cost=67604.59..67604.59 rows=1770475 width=4) (actual time=1818.441..1818.441 rows=1774635 loops=1)
        Buckets: 131072  Batches: 32  Memory Usage: 2978kB
        ->  Seq Scan on title t  (cost=0.00..67604.59 rows=1770475 width=4) (actual time=0.023..1247.752 rows=1774635 loops=1)
              Filter: (kind_id > 2)
              Rows Removed by Filter: 753677
Planning time: 0.706 ms
Execution time: 3041.641 ms
