Hash Join  (cost=88876.46..625360.01 rows=5311763 width=0) (actual time=1449.169..17613.638 rows=9402290 loops=1)
  Hash Cond: (mi.movie_id = t.id)
  ->  Seq Scan on movie_info mi  (cost=0.00..309384.22 rows=14739122 width=4) (actual time=0.015..5688.460 rows=14835720 loops=1)
  ->  Hash  (cost=73925.90..73925.90 rows=911244 width=4) (actual time=1448.005..1448.005 rows=847457 loops=1)
        Buckets: 131072  Batches: 16  Memory Usage: 2897kB
        ->  Seq Scan on title t  (cost=0.00..73925.90 rows=911244 width=4) (actual time=0.027..1169.949 rows=847457 loops=1)
              Filter: ((kind_id < 7) AND (production_year > 1935))
              Rows Removed by Filter: 1680855
Planning time: 0.810 ms
Execution time: 18568.259 ms
