Hash Join  (cost=462446.95..584440.30 rows=340910 width=0) (actual time=27334.824..30692.264 rows=173739 loops=1)
  Hash Cond: (mk.movie_id = t.id)
  ->  Seq Scan on movie_keyword mk  (cost=0.00..81003.12 rows=3157899 width=4) (actual time=0.014..4559.955 rows=3142273 loops=1)
        Filter: (keyword_id > 1834)
        Rows Removed by Filter: 1381657
  ->  Hash  (cost=457967.88..457967.88 rows=272966 width=8) (actual time=23854.725..23854.725 rows=56147 loops=1)
        Buckets: 131072  Batches: 4  Memory Usage: 1569kB
        ->  Hash Join  (cost=97835.13..457967.88 rows=272966 width=8) (actual time=22409.218..23834.577 rows=56147 loops=1)
              Hash Cond: (mi.movie_id = t.id)
              ->  Seq Scan on movie_info mi  (cost=0.00..346232.03 rows=473617 width=4) (actual time=0.015..17388.220 rows=486554 loops=1)
                    Filter: (info_type_id = 5)
                    Rows Removed by Filter: 14349166
              ->  Hash  (cost=73925.90..73925.90 rows=1457298 width=4) (actual time=5877.433..5877.433 rows=1438183 loops=1)
                    Buckets: 131072  Batches: 32  Memory Usage: 2610kB
                    ->  Seq Scan on title t  (cost=0.00..73925.90 rows=1457298 width=4) (actual time=0.014..5048.793 rows=1438183 loops=1)
                          Filter: ((production_year < 2013) AND (kind_id = 7))
                          Rows Removed by Filter: 1090129
Planning time: 1.167 ms
Execution time: 30721.232 ms
