Seq Scan on cast_info ci  (cost=0.00..705507.15 rows=61835 width=0) (actual time=4361.517..9770.199 rows=80177 loops=1)
  Filter: (person_id > 4049292)
  Rows Removed by Filter: 36164167
Planning time: 0.332 ms
Execution time: 9780.021 ms
