Seq Scan on movie_keyword mk  (cost=0.00..81003.12 rows=1660320 width=0) (actual time=0.020..1278.018 rows=1673772 loops=1)
  Filter: (keyword_id < 2565)
  Rows Removed by Filter: 2850158
Planning time: 0.321 ms
Execution time: 1486.596 ms
