Seq Scan on movie_companies mc  (cost=0.00..57926.93 rows=144874 width=0) (actual time=4.740..757.507 rows=286343 loops=1)
  Filter: ((company_id > 95210) AND (company_type_id = 2))
  Rows Removed by Filter: 2322786
Planning time: 0.372 ms
Execution time: 795.401 ms
