Hash Join  (cost=84374.77..603792.65 rows=3712395 width=0) (actual time=1431.042..15431.081 rows=7713640 loops=1)
  Hash Cond: (mi.movie_id = t.id)
  ->  Seq Scan on movie_info mi  (cost=0.00..309384.22 rows=14739122 width=4) (actual time=0.012..5304.916 rows=14835720 loops=1)
  ->  Hash  (cost=73925.90..73925.90 rows=636869 width=4) (actual time=1420.914..1420.914 rows=604590 loops=1)
        Buckets: 131072  Batches: 16  Memory Usage: 2358kB
        ->  Seq Scan on title t  (cost=0.00..73925.90 rows=636869 width=4) (actual time=0.028..1225.383 rows=604590 loops=1)
              Filter: ((production_year > 1913) AND (kind_id = 1))
              Rows Removed by Filter: 1923722
Planning time: 0.969 ms
Execution time: 16265.286 ms
