Hash Join  (cost=127837.36..246682.62 rows=204006 width=0) (actual time=2378.306..5068.688 rows=388063 loops=1)
  Hash Cond: (mk.movie_id = t.id)
  ->  Seq Scan on movie_keyword mk  (cost=0.00..81003.12 rows=3038953 width=4) (actual time=0.017..1478.665 rows=3022983 loops=1)
        Filter: (keyword_id < 10825)
        Rows Removed by Filter: 1500947
  ->  Hash  (cost=125051.60..125051.60 rows=169741 width=8) (actual time=2374.500..2374.500 rows=141787 loops=1)
        Buckets: 131072  Batches: 4  Memory Usage: 2423kB
        ->  Hash Join  (cost=89201.08..125051.60 rows=169741 width=8) (actual time=1453.077..2327.993 rows=141787 loops=1)
              Hash Cond: (mi_idx.movie_id = t.id)
              ->  Seq Scan on movie_info_idx mi_idx  (cost=0.00..25185.44 rows=460978 width=4) (actual time=0.027..468.988 rows=459925 loops=1)
                    Filter: (info_type_id = 99)
                    Rows Removed by Filter: 920110
              ->  Hash  (cost=73925.90..73925.90 rows=931054 width=4) (actual time=1451.976..1451.976 rows=852178 loops=1)
                    Buckets: 131072  Batches: 16  Memory Usage: 2899kB
                    ->  Seq Scan on title t  (cost=0.00..73925.90 rows=931054 width=4) (actual time=0.020..1175.049 rows=852178 loops=1)
                          Filter: ((kind_id > 1) AND (production_year < 2004))
                          Rows Removed by Filter: 1676134
Planning time: 1.218 ms
Execution time: 5118.605 ms
