Hash Join  (cost=74148.97..101156.85 rows=9740 width=0) (actual time=933.066..1448.382 rows=16269 loops=1)
  Hash Cond: (mi_idx.movie_id = t.id)
  ->  Seq Scan on movie_info_idx mi_idx  (cost=0.00..21735.35 rows=1380035 width=4) (actual time=0.023..238.114 rows=1380035 loops=1)
  ->  Hash  (cost=73925.90..73925.90 rows=17845 width=4) (actual time=932.828..932.828 rows=10782 loops=1)
        Buckets: 32768  Batches: 1  Memory Usage: 636kB
        ->  Seq Scan on title t  (cost=0.00..73925.90 rows=17845 width=4) (actual time=371.639..928.382 rows=10782 loops=1)
              Filter: ((kind_id = 1) AND (production_year = 2003))
              Rows Removed by Filter: 2517530
Planning time: 0.783 ms
Execution time: 1450.830 ms
