Nested Loop  (cost=44377.22..139376.82 rows=801 width=0) (actual time=1021.774..2402.147 rows=2421 loops=1)
  ->  Hash Join  (cost=44376.79..131702.18 rows=12999 width=8) (actual time=1010.854..2328.342 rows=5410 loops=1)
        Hash Cond: (mk.movie_id = mi_idx.movie_id)
        ->  Seq Scan on movie_keyword mk  (cost=0.00..81003.12 rows=4373 width=4) (actual time=0.211..1166.014 rows=4246 loops=1)
              Filter: (keyword_id = 7281)
              Rows Removed by Filter: 4519684
        ->  Hash  (cost=21735.35..21735.35 rows=1380035 width=4) (actual time=974.367..974.367 rows=1380035 loops=1)
              Buckets: 131072  Batches: 32  Memory Usage: 2556kB
              ->  Seq Scan on movie_info_idx mi_idx  (cost=0.00..21735.35 rows=1380035 width=4) (actual time=0.025..508.025 rows=1380035 loops=1)
  ->  Index Scan using title_pkey on title t  (cost=0.43..0.58 rows=1 width=4) (actual time=0.013..0.013 rows=0 loops=5410)
        Index Cond: (id = mi_idx.movie_id)
        Filter: (production_year < 1996)
        Rows Removed by Filter: 1
Planning time: 1.166 ms
Execution time: 2402.740 ms
