Hash Join  (cost=547692.12..1535281.47 rows=11045491 width=0) (actual time=9918.571..39580.776 rows=42358855 loops=1)
  Hash Cond: (ci.movie_id = t.id)
  ->  Seq Scan on cast_info ci  (cost=0.00..705507.15 rows=12726058 width=4) (actual time=0.016..13512.154 rows=12670688 loops=1)
        Filter: (role_id < 2)
        Rows Removed by Filter: 23573656
  ->  Hash  (cost=511686.41..511686.41 rows=2194617 width=8) (actual time=9917.569..9917.569 rows=2233850 loops=1)
        Buckets: 131072  Batches: 32  Memory Usage: 3598kB
        ->  Hash Join  (cost=102767.86..511686.41 rows=2194617 width=8) (actual time=3216.873..9191.050 rows=2233850 loops=1)
              Hash Cond: (mi.movie_id = t.id)
              ->  Seq Scan on movie_info mi  (cost=0.00..346232.03 rows=2194617 width=4) (actual time=1567.750..4918.747 rows=2233850 loops=1)
                    Filter: (info_type_id > 16)
                    Rows Removed by Filter: 12601870
              ->  Hash  (cost=61283.27..61283.27 rows=2528527 width=4) (actual time=1639.274..1639.274 rows=2528312 loops=1)
                    Buckets: 131072  Batches: 64  Memory Usage: 2425kB
                    ->  Seq Scan on title t  (cost=0.00..61283.27 rows=2528527 width=4) (actual time=0.038..848.218 rows=2528312 loops=1)
Planning time: 1.206 ms
Execution time: 43848.281 ms
