Hash Join  (cost=83217.65..116979.19 rows=103243 width=0) (actual time=1352.017..2102.667 rows=66529 loops=1)
  Hash Cond: (mi_idx.movie_id = t.id)
  ->  Seq Scan on movie_info_idx mi_idx  (cost=0.00..25185.44 rows=460978 width=4) (actual time=0.021..457.329 rows=459925 loops=1)
        Filter: (info_type_id = 99)
        Rows Removed by Filter: 920110
  ->  Hash  (cost=73925.90..73925.90 rows=566300 width=4) (actual time=1350.957..1350.957 rows=441368 loops=1)
        Buckets: 131072  Batches: 8  Memory Usage: 2954kB
        ->  Seq Scan on title t  (cost=0.00..73925.90 rows=566300 width=4) (actual time=0.014..1206.234 rows=441368 loops=1)
              Filter: ((kind_id > 2) AND (production_year < 1995))
              Rows Removed by Filter: 2086944
Planning time: 0.792 ms
Execution time: 2110.591 ms
