Seq Scan on movie_companies mc  (cost=0.00..51404.11 rows=1904159 width=0) (actual time=0.026..809.183 rows=1898924 loops=1)
  Filter: (company_id < 43903)
  Rows Removed by Filter: 710205
Planning time: 0.338 ms
Execution time: 1050.317 ms
