Seq Scan on movie_companies mc  (cost=0.00..51404.11 rows=1734201 width=0) (actual time=0.016..3201.377 rows=1727305 loops=1)
  Filter: (company_id < 22745)
  Rows Removed by Filter: 881824
Planning time: 0.321 ms
Execution time: 3494.221 ms
