Seq Scan on movie_companies mc  (cost=0.00..57926.93 rows=1049070 width=0) (actual time=366.267..1003.582 rows=779698 loops=1)
  Filter: ((company_id < 71756) AND (company_type_id > 1))
  Rows Removed by Filter: 1829431
Planning time: 0.354 ms
Execution time: 1103.642 ms
