Hash Join  (cost=102767.86..208725.01 rows=626463 width=0) (actual time=1784.405..4589.885 rows=629536 loops=1)
  Hash Cond: (mk.movie_id = t.id)
  ->  Seq Scan on movie_keyword mk  (cost=0.00..81003.12 rows=626463 width=4) (actual time=0.028..1194.463 rows=629536 loops=1)
        Filter: (keyword_id > 29159)
        Rows Removed by Filter: 3894394
  ->  Hash  (cost=61283.27..61283.27 rows=2528527 width=4) (actual time=1781.417..1781.417 rows=2528312 loops=1)
        Buckets: 131072  Batches: 64  Memory Usage: 2425kB
        ->  Seq Scan on title t  (cost=0.00..61283.27 rows=2528527 width=4) (actual time=0.012..895.544 rows=2528312 loops=1)
Planning time: 0.717 ms
Execution time: 4663.779 ms
