Nested Loop  (cost=32636.42..740203.24 rows=84 width=0) (actual time=11149.538..11167.851 rows=2 loops=1)
  Join Filter: (ci.movie_id = t.id)
  ->  Hash Join  (cost=32635.99..740010.88 rows=224 width=8) (actual time=11149.425..11167.681 rows=2 loops=1)
        Hash Cond: (ci.movie_id = mi_idx.movie_id)
        ->  Seq Scan on cast_info ci  (cost=0.00..705507.15 rows=500 width=4) (actual time=8381.581..10521.631 rows=454 loops=1)
              Filter: (person_id = 78214)
              Rows Removed by Filter: 36243890
        ->  Hash  (cost=25185.44..25185.44 rows=454124 width=4) (actual time=579.359..579.359 rows=459925 loops=1)
              Buckets: 131072  Batches: 8  Memory Usage: 3050kB
              ->  Seq Scan on movie_info_idx mi_idx  (cost=0.00..25185.44 rows=454124 width=4) (actual time=0.032..443.424 rows=459925 loops=1)
                    Filter: (info_type_id = 100)
                    Rows Removed by Filter: 920110
  ->  Index Scan using title_pkey on title t  (cost=0.43..0.85 rows=1 width=4) (actual time=0.062..0.062 rows=1 loops=2)
        Index Cond: (id = mi_idx.movie_id)
        Filter: (production_year > 1920)
Planning time: 0.981 ms
Execution time: 11168.193 ms
