Hash Join  (cost=83074.74..447745.01 rows=1434 width=0) (actual time=1070.739..6840.248 rows=7400 loops=1)
  Hash Cond: (mi.movie_id = t.id)
  ->  Seq Scan on movie_info mi  (cost=0.00..309384.22 rows=14739122 width=4) (actual time=0.015..3213.364 rows=14835720 loops=1)
  ->  Hash  (cost=83071.67..83071.67 rows=246 width=8) (actual time=1070.625..1070.625 rows=401 loops=1)
        Buckets: 1024  Batches: 1  Memory Usage: 24kB
        ->  Nested Loop  (cost=0.43..83071.67 rows=246 width=8) (actual time=8.956..1070.347 rows=401 loops=1)
              ->  Seq Scan on movie_keyword mk  (cost=0.00..81003.12 rows=246 width=4) (actual time=8.881..1060.177 rows=401 loops=1)
                    Filter: (keyword_id = 2451)
                    Rows Removed by Filter: 4523529
              ->  Index Only Scan using title_pkey on title t  (cost=0.43..8.40 rows=1 width=4) (actual time=0.023..0.024 rows=1 loops=401)
                    Index Cond: (id = mk.movie_id)
                    Heap Fetches: 401
Planning time: 1.192 ms
Execution time: 6844.040 ms
