Hash Join  (cost=100944.53..851877.82 rows=14409 width=0) (actual time=1545.332..15205.870 rows=38934 loops=1)
  Hash Cond: (ci.movie_id = t.id)
  ->  Seq Scan on cast_info ci  (cost=0.00..614943.12 rows=36225612 width=4) (actual time=0.020..6489.416 rows=36244344 loops=1)
  ->  Hash  (cost=100931.95..100931.95 rows=1006 width=8) (actual time=1544.943..1544.943 rows=1863 loops=1)
        Buckets: 2048 (originally 1024)  Batches: 1 (originally 1)  Memory Usage: 89kB
        ->  Hash Join  (cost=73994.33..100931.95 rows=1006 width=8) (actual time=1071.088..1544.041 rows=1863 loops=1)
              Hash Cond: (mi_idx.movie_id = t.id)
              ->  Seq Scan on movie_info_idx mi_idx  (cost=0.00..25185.44 rows=464566 width=4) (actual time=0.015..377.997 rows=459925 loops=1)
                    Filter: (info_type_id = 101)
                    Rows Removed by Filter: 920110
              ->  Hash  (cost=73925.90..73925.90 rows=5474 width=4) (actual time=1069.802..1069.802 rows=9919 loops=1)
                    Buckets: 16384 (originally 8192)  Batches: 1 (originally 1)  Memory Usage: 477kB
                    ->  Seq Scan on title t  (cost=0.00..73925.90 rows=5474 width=4) (actual time=0.415..1064.966 rows=9919 loops=1)
                          Filter: ((kind_id > 1) AND (production_year = 1966))
                          Rows Removed by Filter: 2518393
Planning time: 1.148 ms
Execution time: 15216.066 ms
