Hash Join  (cost=83810.17..951935.87 rows=1722136 width=0) (actual time=15028.531..56800.622 rows=3859344 loops=1)
  Hash Cond: (ci.movie_id = t.id)
  ->  Seq Scan on cast_info ci  (cost=0.00..796071.18 rows=4408575 width=4) (actual time=10137.696..43113.052 rows=9027691 loops=1)
        Filter: ((person_id < 1230957) AND (role_id = 1))
        Rows Removed by Filter: 27216653
  ->  Hash  (cost=67604.59..67604.59 rows=987727 width=4) (actual time=4889.282..4889.282 rows=985048 loops=1)
        Buckets: 131072  Batches: 16  Memory Usage: 3188kB
        ->  Seq Scan on title t  (cost=0.00..67604.59 rows=987727 width=4) (actual time=0.023..4115.308 rows=985048 loops=1)
              Filter: (kind_id < 7)
              Rows Removed by Filter: 1543264
Planning time: 68.713 ms
Execution time: 57323.952 ms
