Hash Join  (cost=854412.43..942207.37 rows=924541 width=0) (actual time=13640.458..16367.198 rows=1785222 loops=1)
  Hash Cond: (mc.movie_id = t.id)
  ->  Seq Scan on movie_companies mc  (cost=0.00..44881.29 rows=2609129 width=4) (actual time=0.018..736.862 rows=2609129 loops=1)
  ->  Hash  (cost=839712.68..839712.68 rows=895980 width=8) (actual time=13639.619..13639.619 rows=898389 loops=1)
        Buckets: 131072  Batches: 16  Memory Usage: 3213kB
        ->  Hash Join  (cost=102767.86..839712.68 rows=895980 width=8) (actual time=5196.054..13410.045 rows=898389 loops=1)
              Hash Cond: (ci.movie_id = t.id)
              ->  Seq Scan on cast_info ci  (cost=0.00..705507.15 rows=895980 width=4) (actual time=3204.757..10202.191 rows=898389 loops=1)
                    Filter: (role_id = 5)
                    Rows Removed by Filter: 35345955
              ->  Hash  (cost=61283.27..61283.27 rows=2528527 width=4) (actual time=1990.361..1990.361 rows=2528312 loops=1)
                    Buckets: 131072  Batches: 64  Memory Usage: 2415kB
                    ->  Seq Scan on title t  (cost=0.00..61283.27 rows=2528527 width=4) (actual time=0.015..934.051 rows=2528312 loops=1)
Planning time: 1.158 ms
Execution time: 16596.130 ms
