Hash Join  (cost=432103.61..1203333.73 rows=201680 width=0) (actual time=6243.302..21534.967 rows=167198 loops=1)
  Hash Cond: (ci.movie_id = t.id)
  ->  Seq Scan on cast_info ci  (cost=0.00..705507.15 rows=16988309 width=4) (actual time=27.307..11271.008 rows=16861760 loops=1)
        Filter: (person_id < 1666895)
        Rows Removed by Filter: 19382584
  ->  Hash  (cost=431728.39..431728.39 rows=30018 width=8) (actual time=6215.657..6215.657 rows=17376 loops=1)
        Buckets: 32768  Batches: 1  Memory Usage: 935kB
        ->  Hash Join  (cost=75464.55..431728.39 rows=30018 width=8) (actual time=4078.314..6210.101 rows=17376 loops=1)
              Hash Cond: (mi.movie_id = t.id)
              ->  Seq Scan on movie_info mi  (cost=0.00..346232.03 rows=809768 width=4) (actual time=2964.595..4816.602 rows=802140 loops=1)
                    Filter: (info_type_id < 2)
                    Rows Removed by Filter: 14033580
              ->  Hash  (cost=73925.90..73925.90 rows=93732 width=4) (actual time=1112.713..1112.713 rows=100592 loops=1)
                    Buckets: 131072  Batches: 2  Memory Usage: 2797kB
                    ->  Seq Scan on title t  (cost=0.00..73925.90 rows=93732 width=4) (actual time=0.040..1072.381 rows=100592 loops=1)
                          Filter: ((kind_id > 1) AND (production_year = 2009))
                          Rows Removed by Filter: 2427720
Planning time: 1.189 ms
Execution time: 21562.552 ms
