Seq Scan on movie_keyword mk  (cost=0.00..81003.12 rows=324005 width=0) (actual time=0.031..1316.489 rows=343974 loops=1)
  Filter: (keyword_id < 286)
  Rows Removed by Filter: 4179956
Planning time: 0.705 ms
Execution time: 1361.419 ms
