Seq Scan on movie_companies mc  (cost=0.00..57926.93 rows=1207514 width=0) (actual time=0.025..1069.259 rows=1092819 loops=1)
  Filter: ((company_id < 102633) AND (company_type_id = 2))
  Rows Removed by Filter: 1516310
Planning time: 0.338 ms
Execution time: 1206.966 ms
