Seq Scan on cast_info ci  (cost=0.00..705507.15 rows=18607167 width=0) (actual time=0.014..10146.634 rows=18498969 loops=1)
  Filter: (person_id < 1840677)
  Rows Removed by Filter: 17745375
Planning time: 0.355 ms
Execution time: 12337.851 ms
