Hash Join  (cost=838816.78..1369453.02 rows=1746079 width=0) (actual time=21697.173..30946.677 rows=3044177 loops=1)
  Hash Cond: (mi.movie_id = t.id)
  ->  Seq Scan on movie_info mi  (cost=0.00..346232.03 rows=5897221 width=4) (actual time=1.236..5074.181 rows=5884963 loops=1)
        Filter: (info_type_id < 7)
        Rows Removed by Filter: 8950757
  ->  Hash  (cost=826533.54..826533.54 rows=748659 width=8) (actual time=21676.614..21676.614 rows=759384 loops=1)
        Buckets: 131072  Batches: 16  Memory Usage: 2919kB
        ->  Hash Join  (cost=68257.79..826533.54 rows=748659 width=8) (actual time=973.548..20324.415 rows=759384 loops=1)
              Hash Cond: (ci.movie_id = t.id)
              ->  Seq Scan on cast_info ci  (cost=0.00..614943.12 rows=36225612 width=4) (actual time=0.014..8160.246 rows=36244344 loops=1)
              ->  Hash  (cost=67604.59..67604.59 rows=52256 width=4) (actual time=973.151..973.151 rows=53013 loops=1)
                    Buckets: 65536  Batches: 1  Memory Usage: 2376kB
                    ->  Seq Scan on title t  (cost=0.00..67604.59 rows=52256 width=4) (actual time=0.017..951.198 rows=53013 loops=1)
                          Filter: (production_year = 2000)
                          Rows Removed by Filter: 2475299
Planning time: 1.651 ms
Execution time: 31309.212 ms
