Seq Scan on movie_keyword mk  (cost=0.00..81003.12 rows=3848271 width=0) (actual time=0.029..1438.271 rows=3844697 loops=1)
  Filter: (keyword_id < 27573)
  Rows Removed by Filter: 679233
Planning time: 0.338 ms
Execution time: 1921.140 ms
