Seq Scan on title t  (cost=0.00..73925.90 rows=2735 width=0) (actual time=195.745..919.613 rows=3368 loops=1)
  Filter: ((kind_id = 3) AND (production_year = 2003))
  Rows Removed by Filter: 2524944
Planning time: 2.059 ms
Execution time: 920.556 ms
