Hash Join  (cost=289962.19..932507.72 rows=13525168 width=0) (actual time=5930.519..19163.050 rows=5925332 loops=1)
  Hash Cond: (mi.movie_id = t.id)
  ->  Seq Scan on movie_info mi  (cost=0.00..309384.22 rows=14739122 width=4) (actual time=0.015..5263.518 rows=14835720 loops=1)
  ->  Hash  (cost=251894.80..251894.80 rows=2320271 width=8) (actual time=5572.208..5572.208 rows=564204 loops=1)
        Buckets: 131072  Batches: 32  Memory Usage: 1708kB
        ->  Hash Join  (cost=92883.59..251894.80 rows=2320271 width=8) (actual time=2433.878..5390.451 rows=564204 loops=1)
              Hash Cond: (mk.movie_id = t.id)
              ->  Seq Scan on movie_keyword mk  (cost=0.00..81003.12 rows=3807676 width=4) (actual time=0.017..1633.176 rows=3808083 loops=1)
                    Filter: (keyword_id > 613)
                    Rows Removed by Filter: 715847
              ->  Hash  (cost=67604.59..67604.59 rows=1540800 width=4) (actual time=1624.339..1624.339 rows=1543264 loops=1)
                    Buckets: 131072  Batches: 32  Memory Usage: 2728kB
                    ->  Seq Scan on title t  (cost=0.00..67604.59 rows=1540800 width=4) (actual time=0.013..1108.007 rows=1543264 loops=1)
                          Filter: (kind_id = 7)
                          Rows Removed by Filter: 985048
Planning time: 1.147 ms
Execution time: 19853.184 ms
