Hash Join  (cost=101882.40..162503.74 rows=3214 width=0) (actual time=6103.235..7664.820 rows=4597 loops=1)
  Hash Cond: (mc.movie_id = t.id)
  ->  Seq Scan on movie_companies mc  (cost=0.00..57926.93 rows=709936 width=4) (actual time=1126.881..2559.227 rows=445937 loops=1)
        Filter: ((company_id < 11930) AND (company_type_id = 2))
        Rows Removed by Filter: 2163192
  ->  Hash  (cost=101739.32..101739.32 rows=11447 width=8) (actual time=4973.255..4973.255 rows=12655 loops=1)
        Buckets: 16384  Batches: 1  Memory Usage: 623kB
        ->  Hash Join  (cost=74710.74..101739.32 rows=11447 width=8) (actual time=3072.814..4967.036 rows=12655 loops=1)
              Hash Cond: (mi_idx.movie_id = t.id)
              ->  Seq Scan on movie_info_idx mi_idx  (cost=0.00..25185.44 rows=460978 width=4) (actual time=0.024..1654.984 rows=459925 loops=1)
                    Filter: (info_type_id = 99)
                    Rows Removed by Filter: 920110
              ->  Hash  (cost=73925.90..73925.90 rows=62787 width=4) (actual time=3072.393..3072.393 rows=53770 loops=1)
                    Buckets: 65536  Batches: 1  Memory Usage: 2403kB
                    ->  Seq Scan on title t  (cost=0.00..73925.90 rows=62787 width=4) (actual time=0.028..3050.591 rows=53770 loops=1)
                          Filter: ((kind_id < 7) AND (production_year = 2011))
                          Rows Removed by Filter: 2474542
Planning time: 14.280 ms
Execution time: 7665.964 ms
