Hash Join  (cost=92883.59..263379.04 rows=2690397 width=0) (actual time=2313.728..5786.239 rows=626527 loops=1)
  Hash Cond: (mk.movie_id = t.id)
  ->  Seq Scan on movie_keyword mk  (cost=0.00..81003.12 rows=4415071 width=4) (actual time=0.026..1769.461 rows=4402019 loops=1)
        Filter: (keyword_id > 115)
        Rows Removed by Filter: 121911
  ->  Hash  (cost=67604.59..67604.59 rows=1540800 width=4) (actual time=1664.484..1664.484 rows=1543264 loops=1)
        Buckets: 131072  Batches: 32  Memory Usage: 2728kB
        ->  Seq Scan on title t  (cost=0.00..67604.59 rows=1540800 width=4) (actual time=0.014..1195.605 rows=1543264 loops=1)
              Filter: (kind_id = 7)
              Rows Removed by Filter: 985048
Planning time: 0.743 ms
Execution time: 5860.311 ms
