Seq Scan on cast_info ci  (cost=0.00..705507.15 rows=500 width=0) (actual time=1312.932..9629.717 rows=160 loops=1)
  Filter: (person_id = 2567051)
  Rows Removed by Filter: 36244184
Planning time: 0.325 ms
Execution time: 9629.830 ms
