Seq Scan on movie_keyword mk  (cost=0.00..81003.12 rows=4368219 width=0) (actual time=0.023..1471.114 rows=4371117 loops=1)
  Filter: (keyword_id < 73574)
  Rows Removed by Filter: 152813
Planning time: 0.302 ms
Execution time: 2041.308 ms
