Hash Join  (cost=151037.17..225249.96 rows=227905 width=0) (actual time=3169.983..4641.789 rows=161300 loops=1)
  Hash Cond: (mc.movie_id = t.id)
  ->  Seq Scan on movie_companies mc  (cost=0.00..57926.93 rows=1020479 width=4) (actual time=0.017..1106.947 rows=730230 loops=1)
        Filter: ((company_id < 64490) AND (company_type_id > 1))
        Rows Removed by Filter: 1878899
  ->  Hash  (cost=141772.44..141772.44 rows=564699 width=8) (actual time=3168.411..3168.411 rows=294920 loops=1)
        Buckets: 131072  Batches: 8  Memory Usage: 2464kB
        ->  Hash Join  (cost=93093.72..141772.44 rows=564699 width=8) (actual time=1734.237..3076.380 rows=294920 loops=1)
              Hash Cond: (mi_idx.movie_id = t.id)
              ->  Seq Scan on movie_info_idx mi_idx  (cost=0.00..25185.44 rows=919057 width=4) (actual time=0.016..534.440 rows=920110 loops=1)
                    Filter: (info_type_id > 99)
                    Rows Removed by Filter: 459925
              ->  Hash  (cost=67604.59..67604.59 rows=1553611 width=4) (actual time=1727.647..1727.647 rows=1555864 loops=1)
                    Buckets: 131072  Batches: 32  Memory Usage: 2734kB
                    ->  Seq Scan on title t  (cost=0.00..67604.59 rows=1553611 width=4) (actual time=0.022..1237.442 rows=1555864 loops=1)
                          Filter: (kind_id > 4)
                          Rows Removed by Filter: 972448
Planning time: 1.154 ms
Execution time: 4656.985 ms
