Seq Scan on movie_companies mc  (cost=0.00..57926.93 rows=53 width=0) (actual time=27.474..825.313 rows=13 loops=1)
  Filter: ((company_type_id > 1) AND (company_id = 98434))
  Rows Removed by Filter: 2609116
Planning time: 0.329 ms
Execution time: 825.407 ms
