Hash Join  (cost=73982.55..100879.10 rows=814 width=0) (actual time=1174.599..1541.932 rows=1011 loops=1)
  Hash Cond: (mi_idx.movie_id = t.id)
  ->  Seq Scan on movie_info_idx mi_idx  (cost=0.00..25185.44 rows=454124 width=4) (actual time=0.017..430.485 rows=459925 loops=1)
        Filter: (info_type_id = 100)
        Rows Removed by Filter: 920110
  ->  Hash  (cost=73925.90..73925.90 rows=4532 width=4) (actual time=1023.687..1023.687 rows=6454 loops=1)
        Buckets: 8192  Batches: 1  Memory Usage: 291kB
        ->  Seq Scan on title t  (cost=0.00..73925.90 rows=4532 width=4) (actual time=0.197..1020.334 rows=6454 loops=1)
              Filter: ((kind_id = 7) AND (production_year = 1964))
              Rows Removed by Filter: 2521858
Planning time: 0.769 ms
Execution time: 1542.187 ms
