Hash Join  (cost=71214.36..102991.52 rows=40105 width=0) (actual time=1091.964..1805.544 rows=39904 loops=1)
  Hash Cond: (mi_idx.movie_id = t.id)
  ->  Seq Scan on movie_info_idx mi_idx  (cost=0.00..25185.44 rows=460978 width=4) (actual time=0.034..468.002 rows=459925 loops=1)
        Filter: (info_type_id = 99)
        Rows Removed by Filter: 920110
  ->  Hash  (cost=67604.59..67604.59 rows=219982 width=4) (actual time=1091.118..1091.118 rows=221115 loops=1)
        Buckets: 131072  Batches: 4  Memory Usage: 2967kB
        ->  Seq Scan on title t  (cost=0.00..67604.59 rows=219982 width=4) (actual time=0.021..1015.847 rows=221115 loops=1)
              Filter: (production_year < 1958)
              Rows Removed by Filter: 2307197
Planning time: 0.697 ms
Execution time: 1811.261 ms
