Hash Join  (cost=52284.99..803089.06 rows=1490 width=0) (actual time=753.717..15428.394 rows=6076 loops=1)
  Hash Cond: (ci.movie_id = t.id)
  ->  Seq Scan on cast_info ci  (cost=0.00..614943.12 rows=36225612 width=4) (actual time=0.019..7736.252 rows=36244344 loops=1)
  ->  Hash  (cost=52283.69..52283.69 rows=104 width=8) (actual time=751.544..751.544 rows=66 loops=1)
        Buckets: 1024  Batches: 1  Memory Usage: 11kB
        ->  Nested Loop  (cost=0.43..52283.69 rows=104 width=8) (actual time=56.973..751.467 rows=66 loops=1)
              ->  Seq Scan on movie_companies mc  (cost=0.00..51404.11 rows=104 width=4) (actual time=56.885..743.895 rows=66 loops=1)
                    Filter: (company_id = 10277)
                    Rows Removed by Filter: 2609063
              ->  Index Only Scan using title_pkey on title t  (cost=0.43..8.45 rows=1 width=4) (actual time=0.111..0.111 rows=1 loops=66)
                    Index Cond: (id = mc.movie_id)
                    Heap Fetches: 66
Planning time: 1.172 ms
Execution time: 15430.640 ms
