Seq Scan on movie_keyword mk  (cost=0.00..81003.12 rows=2740806 width=0) (actual time=0.020..1425.647 rows=2730787 loops=1)
  Filter: (keyword_id > 2895)
  Rows Removed by Filter: 1793143
Planning time: 0.317 ms
Execution time: 1769.989 ms
