Hash Join  (cost=105067.44..213519.67 rows=766000 width=0) (actual time=2713.938..5011.325 rows=732001 loops=1)
  Hash Cond: (mk.movie_id = t.id)
  ->  Seq Scan on movie_keyword mk  (cost=0.00..81003.12 rows=848221 width=4) (actual time=0.014..1374.405 rows=854482 loops=1)
        Filter: (keyword_id > 21499)
        Rows Removed by Filter: 3669448
  ->  Hash  (cost=67604.59..67604.59 rows=2283428 width=4) (actual time=2711.923..2711.923 rows=2275262 loops=1)
        Buckets: 131072  Batches: 32  Memory Usage: 3536kB
        ->  Seq Scan on title t  (cost=0.00..67604.59 rows=2283428 width=4) (actual time=0.023..1239.294 rows=2275262 loops=1)
              Filter: (production_year > 1952)
              Rows Removed by Filter: 253050
Planning time: 0.722 ms
Execution time: 5094.399 ms
