Hash Join  (cost=213412.04..1360643.14 rows=6633698 width=0) (actual time=4209.571..42584.995 rows=32326025 loops=1)
  Hash Cond: (ci.movie_id = t.id)
  ->  Seq Scan on cast_info ci  (cost=0.00..614943.12 rows=36225612 width=4) (actual time=0.013..12117.990 rows=36244344 loops=1)
  ->  Hash  (cost=205815.18..205815.18 rows=463028 width=8) (actual time=4208.685..4208.685 rows=507228 loops=1)
        Buckets: 131072  Batches: 8  Memory Usage: 3415kB
        ->  Hash Join  (cost=78171.87..205815.18 rows=463028 width=8) (actual time=1057.145..4062.091 rows=507228 loops=1)
              Hash Cond: (mk.movie_id = t.id)
              ->  Seq Scan on movie_keyword mk  (cost=0.00..69693.30 rows=4523930 width=4) (actual time=0.014..1212.292 rows=4523930 loops=1)
              ->  Hash  (cost=73925.90..73925.90 rows=258797 width=4) (actual time=1056.311..1056.311 rows=227847 loops=1)
                    Buckets: 131072  Batches: 4  Memory Usage: 3038kB
                    ->  Seq Scan on title t  (cost=0.00..73925.90 rows=258797 width=4) (actual time=0.026..977.385 rows=227847 loops=1)
                          Filter: ((kind_id < 7) AND (production_year > 2008))
                          Rows Removed by Filter: 2300465
Planning time: 1.171 ms
Execution time: 45856.631 ms
