Hash Join  (cost=92883.59..1453639.19 rows=20925373 width=0) (actual time=1519.248..40514.616 rows=20369491 loops=1)
  Hash Cond: (ci.movie_id = t.id)
  ->  Seq Scan on cast_info ci  (cost=0.00..705507.15 rows=34339544 width=4) (actual time=0.027..15279.362 rows=34421892 loops=1)
        Filter: (person_id > 180279)
        Rows Removed by Filter: 1822452
  ->  Hash  (cost=67604.59..67604.59 rows=1540800 width=4) (actual time=1518.444..1518.444 rows=1543264 loops=1)
        Buckets: 131072  Batches: 32  Memory Usage: 2722kB
        ->  Seq Scan on title t  (cost=0.00..67604.59 rows=1540800 width=4) (actual time=132.288..1030.325 rows=1543264 loops=1)
              Filter: (kind_id = 7)
              Rows Removed by Filter: 985048
Planning time: 0.733 ms
Execution time: 42779.431 ms
