Hash Join  (cost=173647.53..1093374.41 rows=1881172 width=0) (actual time=3697.456..23094.733 rows=8913895 loops=1)
  Hash Cond: (ci.movie_id = t.id)
  ->  Seq Scan on cast_info ci  (cost=0.00..796071.18 rows=8886662 width=4) (actual time=0.025..12910.325 rows=9842418 loops=1)
        Filter: ((person_id < 1023647) AND (role_id < 9))
        Rows Removed by Filter: 26401926
  ->  Hash  (cost=164865.89..164865.89 rows=535251 width=8) (actual time=3696.654..3696.654 rows=738146 loops=1)
        Buckets: 131072 (originally 131072)  Batches: 16 (originally 8)  Memory Usage: 3073kB
        ->  Hash Join  (cost=82436.85..164865.89 rows=535251 width=8) (actual time=1193.610..3470.636 rows=738146 loops=1)
              Hash Cond: (mc.movie_id = t.id)
              ->  Seq Scan on movie_companies mc  (cost=0.00..44881.29 rows=2609129 width=4) (actual time=0.012..762.173 rows=2609129 loops=1)
              ->  Hash  (cost=73925.90..73925.90 rows=518716 width=4) (actual time=1192.742..1192.742 rows=390957 loops=1)
                    Buckets: 131072  Batches: 8  Memory Usage: 2749kB
                    ->  Seq Scan on title t  (cost=0.00..73925.90 rows=518716 width=4) (actual time=0.016..1072.354 rows=390957 loops=1)
                          Filter: ((production_year > 1978) AND (kind_id = 1))
                          Rows Removed by Filter: 2137355
Planning time: 1.199 ms
Execution time: 23925.200 ms
