Hash Join  (cost=67697.55..821301.72 rows=37430 width=0) (actual time=8366.038..43424.599 rows=75146 loops=1)
  Hash Cond: (ci.movie_id = t.id)
  ->  Seq Scan on cast_info ci  (cost=0.00..705507.15 rows=12726058 width=4) (actual time=5671.120..36969.514 rows=12670688 loops=1)
        Filter: (role_id = 1)
        Rows Removed by Filter: 23573656
  ->  Hash  (cost=67604.59..67604.59 rows=7437 width=4) (actual time=2694.749..2694.749 rows=13063 loops=1)
        Buckets: 16384 (originally 8192)  Batches: 1 (originally 1)  Memory Usage: 588kB
        ->  Seq Scan on title t  (cost=0.00..67604.59 rows=7437 width=4) (actual time=0.115..2688.079 rows=13063 loops=1)
              Filter: (production_year = 1965)
              Rows Removed by Filter: 2515249
Planning time: 0.734 ms
Execution time: 43447.368 ms
