Hash Join  (cost=143192.06..230577.79 rows=72770 width=0) (actual time=2582.881..4279.011 rows=40689 loops=1)
  Hash Cond: (mk.movie_id = t.id)
  ->  Seq Scan on movie_keyword mk  (cost=0.00..69693.30 rows=4523930 width=4) (actual time=0.040..842.357 rows=4523930 loops=1)
  ->  Hash  (cost=142683.64..142683.64 rows=40673 width=8) (actual time=2576.819..2576.819 rows=15075 loops=1)
        Buckets: 65536  Batches: 1  Memory Usage: 1101kB
        ->  Hash Join  (cost=75195.76..142683.64 rows=40673 width=8) (actual time=1280.159..2571.490 rows=15075 loops=1)
              Hash Cond: (mc.movie_id = t.id)
              ->  Seq Scan on movie_companies mc  (cost=0.00..51404.11 rows=1329612 width=4) (actual time=41.357..846.357 rows=1334883 loops=1)
                    Filter: (company_type_id = 2)
                    Rows Removed by Filter: 1274246
              ->  Hash  (cost=73925.90..73925.90 rows=77348 width=4) (actual time=1236.894..1236.894 rows=84109 loops=1)
                    Buckets: 131072  Batches: 2  Memory Usage: 2509kB
                    ->  Seq Scan on title t  (cost=0.00..73925.90 rows=77348 width=4) (actual time=77.352..1205.268 rows=84109 loops=1)
                          Filter: ((kind_id = 7) AND (production_year = 2008))
                          Rows Removed by Filter: 2444203
Planning time: 1.094 ms
Execution time: 4284.715 ms
