Hash Join  (cost=28267.93..114927.71 rows=174 width=0) (actual time=435.882..1700.071 rows=39250 loops=1)
  Hash Cond: (mk.movie_id = t.id)
  ->  Seq Scan on movie_keyword mk  (cost=0.00..69693.30 rows=4523930 width=4) (actual time=0.012..664.743 rows=4523930 loops=1)
  ->  Hash  (cost=28266.72..28266.72 rows=97 width=8) (actual time=432.424..432.424 rows=260 loops=1)
        Buckets: 1024  Batches: 1  Memory Usage: 19kB
        ->  Nested Loop  (cost=0.43..28266.72 rows=97 width=8) (actual time=140.050..432.320 rows=260 loops=1)
              ->  Seq Scan on movie_info_idx mi_idx  (cost=0.00..25185.44 rows=368 width=4) (actual time=139.993..426.282 rows=260 loops=1)
                    Filter: (info_type_id > 101)
                    Rows Removed by Filter: 1379775
              ->  Index Scan using title_pkey on title t  (cost=0.43..8.36 rows=1 width=4) (actual time=0.022..0.023 rows=1 loops=260)
                    Index Cond: (id = mi_idx.movie_id)
                    Filter: (kind_id < 2)
Planning time: 1.136 ms
Execution time: 1704.044 ms
