Seq Scan on movie_companies mc  (cost=0.00..57926.93 rows=51 width=0) (actual time=452.434..815.421 rows=150 loops=1)
  Filter: ((company_id = 14499) AND (company_type_id = 1))
  Rows Removed by Filter: 2608979
Planning time: 0.345 ms
Execution time: 815.560 ms
