Nested Loop  (cost=0.43..58375.18 rows=53 width=0) (actual time=2.042..795.278 rows=75 loops=1)
  ->  Seq Scan on movie_companies mc  (cost=0.00..57926.93 rows=53 width=4) (actual time=1.981..792.325 rows=75 loops=1)
        Filter: ((company_id = 102) AND (company_type_id = 2))
        Rows Removed by Filter: 2609054
  ->  Index Only Scan using title_pkey on title t  (cost=0.43..8.45 rows=1 width=4) (actual time=0.037..0.037 rows=1 loops=75)
        Index Cond: (id = mc.movie_id)
        Heap Fetches: 75
Planning time: 0.650 ms
Execution time: 795.359 ms
