Hash Join  (cost=58358.56..86975.67 rows=5 width=0) (actual time=930.391..1360.072 rows=76 loops=1)
  Hash Cond: (mi_idx.movie_id = t.id)
  ->  Seq Scan on movie_info_idx mi_idx  (cost=0.00..25185.44 rows=915101 width=4) (actual time=0.020..462.195 rows=919850 loops=1)
        Filter: (info_type_id < 101)
        Rows Removed by Filter: 460185
  ->  Hash  (cost=58358.39..58358.39 rows=13 width=8) (actual time=767.988..767.988 rows=38 loops=1)
        Buckets: 1024  Batches: 1  Memory Usage: 10kB
        ->  Nested Loop  (cost=0.43..58358.39 rows=13 width=8) (actual time=248.286..767.942 rows=38 loops=1)
              ->  Seq Scan on movie_companies mc  (cost=0.00..57926.93 rows=51 width=4) (actual time=101.738..754.499 rows=849 loops=1)
                    Filter: ((company_type_id = 1) AND (company_id = 513))
                    Rows Removed by Filter: 2608280
              ->  Index Scan using title_pkey on title t  (cost=0.43..8.45 rows=1 width=4) (actual time=0.015..0.015 rows=0 loops=849)
                    Index Cond: (id = mc.movie_id)
                    Filter: (kind_id = 1)
                    Rows Removed by Filter: 1
Planning time: 1.127 ms
Execution time: 1360.212 ms
