Seq Scan on cast_info ci  (cost=0.00..705507.15 rows=11768064 width=0) (actual time=0.017..11000.463 rows=11671069 loops=1)
  Filter: (person_id < 1146848)
  Rows Removed by Filter: 24573275
Planning time: 0.224 ms
Execution time: 12469.795 ms
