Hash Join  (cost=69687.24..197377.11 rows=192190 width=0) (actual time=1409.698..4301.993 rows=172624 loops=1)
  Hash Cond: (mk.movie_id = t.id)
  ->  Seq Scan on movie_keyword mk  (cost=0.00..81003.12 rows=3828493 width=4) (actual time=0.021..1656.761 rows=3831419 loops=1)
        Filter: (keyword_id > 571)
        Rows Removed by Filter: 692511
  ->  Hash  (cost=67604.59..67604.59 rows=126932 width=4) (actual time=1168.218..1168.218 rows=122861 loops=1)
        Buckets: 131072  Batches: 2  Memory Usage: 3197kB
        ->  Seq Scan on title t  (cost=0.00..67604.59 rows=126932 width=4) (actual time=0.034..1099.613 rows=122861 loops=1)
              Filter: (production_year = 2008)
              Rows Removed by Filter: 2405451
Planning time: 4.840 ms
Execution time: 4325.187 ms
