Hash Join  (cost=102767.86..1057311.92 rows=6175316 width=0) (actual time=9646.673..24071.315 rows=7450676 loops=1)
  Hash Cond: (ci.movie_id = t.id)
  ->  Seq Scan on cast_info ci  (cost=0.00..796071.18 rows=6175316 width=4) (actual time=7888.499..14668.875 rows=7450676 loops=1)
        Filter: ((person_id > 530430) AND (role_id = 2))
        Rows Removed by Filter: 28793668
  ->  Hash  (cost=61283.27..61283.27 rows=2528527 width=4) (actual time=1756.819..1756.819 rows=2528312 loops=1)
        Buckets: 131072  Batches: 64  Memory Usage: 2415kB
        ->  Seq Scan on title t  (cost=0.00..61283.27 rows=2528527 width=4) (actual time=0.023..945.712 rows=2528312 loops=1)
Planning time: 2.949 ms
Execution time: 24864.178 ms
