Hash Join  (cost=98347.17..1085115.15 rows=6719686 width=0) (actual time=1683.373..19353.931 rows=3726867 loops=1)
  Hash Cond: (ci.movie_id = t.id)
  ->  Seq Scan on cast_info ci  (cost=0.00..796071.18 rows=9067587 width=4) (actual time=0.027..14363.747 rows=4697400 loops=1)
        Filter: ((person_id < 2771778) AND (role_id > 3))
        Rows Removed by Filter: 31546944
  ->  Hash  (cost=67604.59..67604.59 rows=1873807 width=4) (actual time=1681.922..1681.922 rows=1871198 loops=1)
        Buckets: 131072  Batches: 32  Memory Usage: 3088kB
        ->  Seq Scan on title t  (cost=0.00..67604.59 rows=1873807 width=4) (actual time=0.025..1088.044 rows=1871198 loops=1)
              Filter: (production_year > 1984)
              Rows Removed by Filter: 657114
Planning time: 0.752 ms
Execution time: 19686.074 ms
