Seq Scan on movie_keyword mk  (cost=0.00..81003.12 rows=246 width=0) (actual time=4.588..1174.053 rows=898 loops=1)
  Filter: (keyword_id = 1527)
  Rows Removed by Filter: 4523032
Planning time: 1.074 ms
Execution time: 1174.419 ms
