Seq Scan on cast_info ci  (cost=0.00..705507.15 rows=4668814 width=0) (actual time=0.024..10544.623 rows=4565535 loops=1)
  Filter: (person_id < 440942)
  Rows Removed by Filter: 31678809
Planning time: 0.352 ms
Execution time: 11114.294 ms
