Hash Join  (cost=121645.09..246368.05 rows=223292 width=0) (actual time=2204.465..5416.094 rows=1751120 loops=1)
  Hash Cond: (mk.movie_id = t.id)
  ->  Seq Scan on movie_keyword mk  (cost=0.00..69693.30 rows=4523930 width=4) (actual time=0.014..1301.971 rows=4523930 loops=1)
  ->  Hash  (cost=119597.05..119597.05 rows=124803 width=8) (actual time=2203.476..2203.476 rows=200326 loops=1)
        Buckets: 131072 (originally 131072)  Batches: 4 (originally 2)  Memory Usage: 3073kB
        ->  Hash Join  (cost=85157.92..119597.05 rows=124803 width=8) (actual time=1246.699..2128.397 rows=200326 loops=1)
              Hash Cond: (mi_idx.movie_id = t.id)
              ->  Seq Scan on movie_info_idx mi_idx  (cost=0.00..25185.44 rows=460978 width=4) (actual time=0.029..492.447 rows=459925 loops=1)
                    Filter: (info_type_id = 99)
                    Rows Removed by Filter: 920110
              ->  Hash  (cost=73925.90..73925.90 rows=684561 width=4) (actual time=1244.003..1244.003 rows=585759 loops=1)
                    Buckets: 131072  Batches: 16  Memory Usage: 2308kB
                    ->  Seq Scan on title t  (cost=0.00..73925.90 rows=684561 width=4) (actual time=0.024..1056.573 rows=585759 loops=1)
                          Filter: ((kind_id < 7) AND (production_year > 1990))
                          Rows Removed by Filter: 1942553
Planning time: 1.084 ms
Execution time: 5591.949 ms
