Seq Scan on cast_info ci  (cost=0.00..796071.18 rows=104 width=0) (actual time=12205.865..12246.880 rows=1 loops=1)
  Filter: ((role_id > 7) AND (person_id = 1079005))
  Rows Removed by Filter: 36244343
Planning time: 2.224 ms
Execution time: 12246.980 ms
