Hash Join  (cost=168218.68..535788.59 rows=291398 width=0) (actual time=3245.087..9752.367 rows=31865 loops=1)
  Hash Cond: (mi.movie_id = t.id)
  ->  Seq Scan on movie_info mi  (cost=0.00..309384.22 rows=14739122 width=4) (actual time=0.024..3683.324 rows=14835720 loops=1)
  ->  Hash  (cost=167593.81..167593.81 rows=49990 width=8) (actual time=2949.497..2949.497 rows=5549 loops=1)
        Buckets: 65536  Batches: 1  Memory Usage: 729kB
        ->  Hash Join  (cost=74434.21..167593.81 rows=49990 width=8) (actual time=1166.888..2947.127 rows=5549 loops=1)
              Hash Cond: (mk.movie_id = t.id)
              ->  Seq Scan on movie_keyword mk  (cost=0.00..81003.12 rows=3108421 width=4) (actual time=0.012..1394.748 rows=3094797 loops=1)
                    Filter: (keyword_id < 11663)
                    Rows Removed by Filter: 1429133
              ->  Hash  (cost=73925.90..73925.90 rows=40664 width=4) (actual time=1017.839..1017.839 rows=40257 loops=1)
                    Buckets: 65536  Batches: 1  Memory Usage: 1928kB
                    ->  Seq Scan on title t  (cost=0.00..73925.90 rows=40664 width=4) (actual time=0.024..1001.319 rows=40257 loops=1)
                          Filter: ((production_year > 2012) AND (kind_id = 7))
                          Rows Removed by Filter: 2488055
Planning time: 1.069 ms
Execution time: 9758.941 ms
