Hash Join  (cost=189850.30..325319.75 rows=1105341 width=0) (actual time=4219.963..8687.378 rows=4500535 loops=1)
  Hash Cond: (mk.movie_id = t.id)
  ->  Seq Scan on movie_keyword mk  (cost=0.00..69693.30 rows=4523930 width=4) (actual time=0.024..1351.436 rows=4523930 loops=1)
  ->  Hash  (cost=179713.80..179713.80 rows=617800 width=8) (actual time=4218.988..4218.988 rows=607152 loops=1)
        Buckets: 131072  Batches: 16  Memory Usage: 2531kB
        ->  Hash Join  (cost=104445.35..179713.80 rows=617800 width=8) (actual time=2384.292..4035.919 rows=607152 loops=1)
              Hash Cond: (mc.movie_id = t.id)
              ->  Seq Scan on movie_companies mc  (cost=0.00..51404.11 rows=695668 width=4) (actual time=109.849..823.564 rows=701173 loops=1)
                    Filter: (company_id > 45328)
                    Rows Removed by Filter: 1907956
              ->  Hash  (cost=67604.59..67604.59 rows=2245501 width=4) (actual time=2273.185..2273.185 rows=2235103 loops=1)
                    Buckets: 131072  Batches: 32  Memory Usage: 3482kB
                    ->  Seq Scan on title t  (cost=0.00..67604.59 rows=2245501 width=4) (actual time=0.024..1282.112 rows=2235103 loops=1)
                          Filter: (production_year > 1957)
                          Rows Removed by Filter: 293209
Planning time: 1.068 ms
Execution time: 9224.988 ms
