Hash Join  (cost=74573.39..101766.58 rows=28271 width=0) (actual time=1331.821..1621.966 rows=72093 loops=1)
  Hash Cond: (mi_idx.movie_id = t.id)
  ->  Seq Scan on movie_info_idx mi_idx  (cost=0.00..21735.35 rows=1380035 width=4) (actual time=0.014..280.923 rows=1380035 loops=1)
  ->  Hash  (cost=73925.90..73925.90 rows=51799 width=4) (actual time=968.307..968.307 rows=56736 loops=1)
        Buckets: 65536  Batches: 1  Memory Usage: 2507kB
        ->  Seq Scan on title t  (cost=0.00..73925.90 rows=51799 width=4) (actual time=0.022..946.095 rows=56736 loops=1)
              Filter: ((production_year < 2006) AND (kind_id = 2))
              Rows Removed by Filter: 2471576
Planning time: 0.758 ms
Execution time: 1631.354 ms
