Seq Scan on movie_keyword mk  (cost=0.00..81003.12 rows=246 width=0) (actual time=0.836..1089.695 rows=539 loops=1)
  Filter: (keyword_id = 248)
  Rows Removed by Filter: 4523391
Planning time: 0.353 ms
Execution time: 1089.949 ms
