Seq Scan on movie_companies mc  (cost=0.00..57926.93 rows=53 width=0) (actual time=7.806..814.950 rows=77 loops=1)
  Filter: ((company_id = 32) AND (company_type_id = 2))
  Rows Removed by Filter: 2609052
Planning time: 0.389 ms
Execution time: 815.069 ms
