Hash Join  (cost=93873.33..142951.45 rows=663564 width=0) (actual time=5605.767..7636.287 rows=363807 loops=1)
  Hash Cond: (mi_idx.movie_id = t.id)
  ->  Seq Scan on movie_info_idx mi_idx  (cost=0.00..21735.35 rows=1380035 width=4) (actual time=0.013..1429.744 rows=1380035 loops=1)
  ->  Hash  (cost=73925.90..73925.90 rows=1215794 width=4) (actual time=5078.452..5078.452 rows=1301100 loops=1)
        Buckets: 131072  Batches: 16  Memory Usage: 3892kB
        ->  Seq Scan on title t  (cost=0.00..73925.90 rows=1215794 width=4) (actual time=0.017..4508.752 rows=1301100 loops=1)
              Filter: ((production_year > 1976) AND (kind_id = 7))
              Rows Removed by Filter: 1227212
Planning time: 0.800 ms
Execution time: 7682.327 ms
