Hash Join  (cost=58375.56..85304.54 rows=4 width=0) (actual time=2628.090..3635.029 rows=66 loops=1)
  Hash Cond: (mi_idx.movie_id = t.id)
  ->  Seq Scan on movie_info_idx mi_idx  (cost=0.00..25185.44 rows=464934 width=4) (actual time=0.032..1281.248 rows=460185 loops=1)
        Filter: (info_type_id > 100)
        Rows Removed by Filter: 919850
  ->  Hash  (cost=58375.31..58375.31 rows=20 width=8) (actual time=2267.983..2267.983 rows=86 loops=1)
        Buckets: 1024  Batches: 1  Memory Usage: 12kB
        ->  Nested Loop  (cost=0.43..58375.31 rows=20 width=8) (actual time=1374.801..2267.921 rows=86 loops=1)
              ->  Seq Scan on movie_companies mc  (cost=0.00..57926.93 rows=53 width=4) (actual time=1352.811..2226.829 rows=338 loops=1)
                    Filter: ((company_type_id > 1) AND (company_id = 70900))
                    Rows Removed by Filter: 2608791
              ->  Index Scan using title_pkey on title t  (cost=0.43..8.45 rows=1 width=4) (actual time=0.121..0.121 rows=0 loops=338)
                    Index Cond: (id = mc.movie_id)
                    Filter: (production_year < 1999)
                    Rows Removed by Filter: 1
Planning time: 1.193 ms
Execution time: 3635.191 ms
