Hash Join  (cost=94699.36..846070.04 rows=58152 width=0) (actual time=1701.498..17569.528 rows=104928 loops=1)
  Hash Cond: (ci.movie_id = t.id)
  ->  Seq Scan on cast_info ci  (cost=0.00..614943.12 rows=36225612 width=4) (actual time=0.009..8313.527 rows=36244344 loops=1)
  ->  Hash  (cost=94648.62..94648.62 rows=4059 width=8) (actual time=1701.324..1701.324 rows=3219 loops=1)
        Buckets: 4096  Batches: 1  Memory Usage: 158kB
        ->  Hash Join  (cost=67697.55..94648.62 rows=4059 width=8) (actual time=1135.404..1699.990 rows=3219 loops=1)
              Hash Cond: (mi_idx.movie_id = t.id)
              ->  Seq Scan on movie_info_idx mi_idx  (cost=0.00..21735.35 rows=1380035 width=4) (actual time=0.005..300.273 rows=1380035 loops=1)
              ->  Hash  (cost=67604.59..67604.59 rows=7437 width=4) (actual time=1135.327..1135.327 rows=2730 loops=1)
                    Buckets: 8192  Batches: 1  Memory Usage: 160kB
                    ->  Seq Scan on title t  (cost=0.00..67604.59 rows=7437 width=4) (actual time=17.703..1133.861 rows=2730 loops=1)
                          Filter: (production_year = 1938)
                          Rows Removed by Filter: 2525582
Planning time: 0.698 ms
Execution time: 17585.936 ms
