Seq Scan on movie_keyword mk  (cost=0.00..81003.12 rows=246 width=0) (actual time=19.816..1209.043 rows=132 loops=1)
  Filter: (keyword_id = 164)
  Rows Removed by Filter: 4523798
Planning time: 0.351 ms
Execution time: 1209.231 ms
