Hash Join  (cost=83073.23..137739.02 rows=26 width=0) (actual time=1327.775..2279.840 rows=16 loops=1)
  Hash Cond: (mc.movie_id = t.id)
  ->  Seq Scan on movie_companies mc  (cost=0.00..44881.29 rows=2609129 width=4) (actual time=0.015..659.691 rows=2609129 loops=1)
  ->  Hash  (cost=83072.90..83072.90 rows=26 width=8) (actual time=1159.195..1159.195 rows=9 loops=1)
        Buckets: 1024  Batches: 1  Memory Usage: 9kB
        ->  Nested Loop  (cost=0.43..83072.90 rows=26 width=8) (actual time=687.460..1159.179 rows=9 loops=1)
              ->  Seq Scan on movie_keyword mk  (cost=0.00..81003.12 rows=246 width=4) (actual time=0.729..1140.791 rows=519 loops=1)
                    Filter: (keyword_id = 2587)
                    Rows Removed by Filter: 4523411
              ->  Index Scan using title_pkey on title t  (cost=0.43..8.40 rows=1 width=4) (actual time=0.034..0.034 rows=0 loops=519)
                    Index Cond: (id = mk.movie_id)
                    Filter: ((production_year < 1974) AND (kind_id = 7))
                    Rows Removed by Filter: 1
Planning time: 0.770 ms
Execution time: 2279.969 ms
