Hash Join  (cost=442935.22..567366.20 rows=199294 width=0) (actual time=7305.462..10457.681 rows=433745 loops=1)
  Hash Cond: (mk.movie_id = t.id)
  ->  Seq Scan on movie_keyword mk  (cost=0.00..69693.30 rows=4523930 width=4) (actual time=0.013..1320.842 rows=4523930 loops=1)
  ->  Hash  (cost=441106.85..441106.85 rows=111390 width=8) (actual time=7304.451..7304.451 rows=182149 loops=1)
        Buckets: 131072 (originally 131072)  Batches: 4 (originally 2)  Memory Usage: 3073kB
        ->  Hash Join  (cost=77354.40..441106.85 rows=111390 width=8) (actual time=4790.026..7240.341 rows=182149 loops=1)
              Hash Cond: (mi.movie_id = t.id)
              ->  Seq Scan on movie_info mi  (cost=0.00..346232.03 rows=1348138 width=4) (actual time=3122.288..4916.493 rows=1298989 loops=1)
                    Filter: (info_type_id = 4)
                    Rows Removed by Filter: 13536731
              ->  Hash  (cost=73925.90..73925.90 rows=208920 width=4) (actual time=1666.957..1666.957 rows=183835 loops=1)
                    Buckets: 131072  Batches: 4  Memory Usage: 2655kB
                    ->  Seq Scan on title t  (cost=0.00..73925.90 rows=208920 width=4) (actual time=0.031..1107.981 rows=183835 loops=1)
                          Filter: ((kind_id < 7) AND (production_year > 2009))
                          Rows Removed by Filter: 2344477
Planning time: 1.100 ms
Execution time: 10509.767 ms
