Seq Scan on movie_companies mc  (cost=0.00..57926.93 rows=1418 width=0) (actual time=450.362..827.019 rows=1961 loops=1)
  Filter: ((company_type_id > 1) AND (company_id = 13543))
  Rows Removed by Filter: 2607168
Planning time: 1.739 ms
Execution time: 827.475 ms
