Hash Join  (cost=131412.52..627585.58 rows=1533911 width=0) (actual time=3185.775..14388.225 rows=983716 loops=1)
  Hash Cond: (mi.movie_id = t.id)
  ->  Seq Scan on movie_info mi  (cost=0.00..309384.22 rows=14739122 width=4) (actual time=0.016..5017.857 rows=14835720 loops=1)
  ->  Hash  (cost=127095.19..127095.19 rows=263146 width=8) (actual time=3098.891..3098.891 rows=125978 loops=1)
        Buckets: 131072  Batches: 4  Memory Usage: 2243kB
        ->  Hash Join  (cost=85855.67..127095.19 rows=263146 width=8) (actual time=1484.313..3056.906 rows=125978 loops=1)
              Hash Cond: (mi_idx.movie_id = t.id)
              ->  Seq Scan on movie_info_idx mi_idx  (cost=0.00..25185.44 rows=915101 width=4) (actual time=0.028..507.104 rows=919850 loops=1)
                    Filter: (info_type_id < 101)
                    Rows Removed by Filter: 460185
              ->  Hash  (cost=73925.90..73925.90 rows=727101 width=4) (actual time=1483.257..1483.257 rows=796159 loops=1)
                    Buckets: 131072  Batches: 16  Memory Usage: 2780kB
                    ->  Seq Scan on title t  (cost=0.00..73925.90 rows=727101 width=4) (actual time=0.021..1234.896 rows=796159 loops=1)
                          Filter: ((production_year > 2003) AND (kind_id = 7))
                          Rows Removed by Filter: 1732153
Planning time: 1.173 ms
Execution time: 14503.077 ms
