Seq Scan on movie_keyword mk  (cost=0.00..81003.12 rows=891139 width=0) (actual time=0.027..1258.502 rows=897326 loops=1)
  Filter: (keyword_id > 20581)
  Rows Removed by Filter: 3626604
Planning time: 0.334 ms
Execution time: 1369.431 ms
