Seq Scan on movie_companies mc  (cost=0.00..57926.93 rows=337451 width=0) (actual time=111.711..957.210 rows=642491 loops=1)
  Filter: ((company_id > 51063) AND (company_type_id = 2))
  Rows Removed by Filter: 1966638
Planning time: 2.499 ms
Execution time: 1035.500 ms
