Seq Scan on title t  (cost=0.00..73925.90 rows=2905 width=0) (actual time=0.382..949.647 rows=6548 loops=1)
  Filter: ((kind_id < 7) AND (production_year = 1979))
  Rows Removed by Filter: 2521764
Planning time: 0.363 ms
Execution time: 951.273 ms
