Seq Scan on movie_info mi  (cost=0.00..346232.03 rows=13606982 width=0) (actual time=0.016..5394.775 rows=13648562 loops=1)
  Filter: (info_type_id < 42)
  Rows Removed by Filter: 1187158
Planning time: 0.471 ms
Execution time: 6938.938 ms
