Hash Join  (cost=102767.86..177877.56 rows=574621 width=0) (actual time=1861.766..3577.104 rows=577207 loops=1)
  Hash Cond: (mc.movie_id = t.id)
  ->  Seq Scan on movie_companies mc  (cost=0.00..51404.11 rows=574621 width=4) (actual time=0.024..815.989 rows=577207 loops=1)
        Filter: (company_id > 71105)
        Rows Removed by Filter: 2031922
  ->  Hash  (cost=61283.27..61283.27 rows=2528527 width=4) (actual time=1860.857..1860.857 rows=2528312 loops=1)
        Buckets: 131072  Batches: 64  Memory Usage: 2415kB
        ->  Seq Scan on title t  (cost=0.00..61283.27 rows=2528527 width=4) (actual time=0.021..1009.583 rows=2528312 loops=1)
Planning time: 0.644 ms
Execution time: 3645.299 ms
