Seq Scan on cast_info ci  (cost=0.00..796071.18 rows=2957188 width=0) (actual time=4250.487..34497.899 rows=4591878 loops=1)
  Filter: ((person_id > 3225879) AND (role_id > 1))
  Rows Removed by Filter: 31652466
Planning time: 0.316 ms
Execution time: 35317.895 ms
