Hash Join  (cost=74703.74..136614.56 rows=24535 width=0) (actual time=1033.239..2578.283 rows=190659 loops=1)
  Hash Cond: (mc.movie_id = t.id)
  ->  Seq Scan on movie_companies mc  (cost=0.00..57926.93 rows=996941 width=4) (actual time=0.027..964.090 rows=1274246 loops=1)
        Filter: ((company_id < 71059) AND (company_type_id = 1))
        Rows Removed by Filter: 1334883
  ->  Hash  (cost=73925.90..73925.90 rows=62227 width=4) (actual time=1032.789..1032.789 rows=162212 loops=1)
        Buckets: 131072 (originally 65536)  Batches: 2 (originally 1)  Memory Usage: 3877kB
        ->  Seq Scan on title t  (cost=0.00..73925.90 rows=62227 width=4) (actual time=0.022..970.906 rows=162212 loops=1)
              Filter: ((kind_id < 7) AND (production_year < 1950))
              Rows Removed by Filter: 2366100
Planning time: 0.727 ms
Execution time: 2602.677 ms
