Seq Scan on title t  (cost=0.00..67604.59 rows=7437 width=0) (actual time=546.291..957.916 rows=2800 loops=1)
  Filter: (production_year = 1929)
  Rows Removed by Filter: 2525512
Planning time: 2.603 ms
Execution time: 958.721 ms
