Hash Join  (cost=85280.32..222903.65 rows=1411243 width=0) (actual time=1443.806..5448.263 rows=1862456 loops=1)
  Hash Cond: (mk.movie_id = t.id)
  ->  Seq Scan on movie_keyword mk  (cost=0.00..81003.12 rows=3312204 width=4) (actual time=0.026..1609.637 rows=3303073 loops=1)
        Filter: (keyword_id < 14921)
        Rows Removed by Filter: 1220857
  ->  Hash  (cost=67604.59..67604.59 rows=1077339 width=4) (actual time=1442.636..1442.636 rows=1074765 loops=1)
        Buckets: 131072  Batches: 16  Memory Usage: 3396kB
        ->  Seq Scan on title t  (cost=0.00..67604.59 rows=1077339 width=4) (actual time=0.009..1086.895 rows=1074765 loops=1)
              Filter: (production_year < 2001)
              Rows Removed by Filter: 1453547
Planning time: 0.706 ms
Execution time: 5674.481 ms
