Hash Join  (cost=102767.86..197572.25 rows=1393125 width=0) (actual time=1745.941..4069.845 rows=1379962 loops=1)
  Hash Cond: (mc.movie_id = t.id)
  ->  Seq Scan on movie_companies mc  (cost=0.00..51404.11 rows=1393125 width=4) (actual time=0.028..919.948 rows=1379962 loops=1)
        Filter: (company_id < 11930)
        Rows Removed by Filter: 1229167
  ->  Hash  (cost=61283.27..61283.27 rows=2528527 width=4) (actual time=1744.147..1744.147 rows=2528312 loops=1)
        Buckets: 131072  Batches: 64  Memory Usage: 2415kB
        ->  Seq Scan on title t  (cost=0.00..61283.27 rows=2528527 width=4) (actual time=0.014..937.205 rows=2528312 loops=1)
Planning time: 0.728 ms
Execution time: 4212.157 ms
