Hash Join  (cost=70241.71..139354.13 rows=88999 width=0) (actual time=1013.510..2591.598 rows=66638 loops=1)
  Hash Cond: (mc.movie_id = t.id)
  ->  Seq Scan on movie_companies mc  (cost=0.00..51404.11 rows=1400085 width=4) (actual time=0.025..961.813 rows=1409029 loops=1)
        Filter: (company_id > 10859)
        Rows Removed by Filter: 1200100
  ->  Hash  (cost=67604.59..67604.59 rows=160730 width=4) (actual time=1012.452..1012.452 rows=160017 loops=1)
        Buckets: 131072  Batches: 4  Memory Usage: 2436kB
        ->  Seq Scan on title t  (cost=0.00..67604.59 rows=160730 width=4) (actual time=0.021..958.265 rows=160017 loops=1)
              Filter: (production_year = 2011)
              Rows Removed by Filter: 2368295
Planning time: 0.687 ms
Execution time: 2600.898 ms
