Hash Join  (cost=130174.54..484212.43 rows=2876 width=0) (actual time=4672.520..7501.112 rows=13881 loops=1)
  Hash Cond: (mi.movie_id = t.id)
  ->  Seq Scan on movie_info mi  (cost=0.00..346232.03 rows=2073893 width=4) (actual time=2551.217..5019.525 rows=2091068 loops=1)
        Filter: (info_type_id < 3)
        Rows Removed by Filter: 12744652
  ->  Hash  (cost=130130.71..130130.71 rows=3507 width=8) (actual time=2120.479..2120.479 rows=6634 loops=1)
        Buckets: 8192 (originally 4096)  Batches: 1 (originally 1)  Memory Usage: 324kB
        ->  Hash Join  (cost=67697.55..130130.71 rows=3507 width=8) (actual time=992.999..2117.511 rows=6634 loops=1)
              Hash Cond: (mc.movie_id = t.id)
              ->  Seq Scan on movie_companies mc  (cost=0.00..57926.93 rows=1192307 width=4) (actual time=106.434..1014.869 rows=1131906 loops=1)
                    Filter: ((company_id > 34) AND (company_type_id < 2))
                    Rows Removed by Filter: 1477223
              ->  Hash  (cost=67604.59..67604.59 rows=7437 width=4) (actual time=885.734..885.734 rows=13711 loops=1)
                    Buckets: 16384 (originally 8192)  Batches: 1 (originally 1)  Memory Usage: 611kB
                    ->  Seq Scan on title t  (cost=0.00..67604.59 rows=7437 width=4) (actual time=0.056..879.337 rows=13711 loops=1)
                          Filter: (production_year = 1966)
                          Rows Removed by Filter: 2514601
Planning time: 1.272 ms
Execution time: 7503.605 ms
