Hash Join  (cost=278066.38..1677291.80 rows=31164231 width=0) (actual time=6092.256..40553.550 rows=19894492 loops=1)
  Hash Cond: (ci.movie_id = t.id)
  ->  Seq Scan on cast_info ci  (cost=0.00..614943.12 rows=36225612 width=4) (actual time=0.010..11877.391 rows=36244344 loops=1)
  ->  Hash  (cost=242377.82..242377.82 rows=2175245 width=8) (actual time=6090.660..6090.660 rows=539667 loops=1)
        Buckets: 131072  Batches: 32  Memory Usage: 1693kB
        ->  Hash Join  (cost=93873.33..242377.82 rows=2175245 width=8) (actual time=3354.831..5221.605 rows=539667 loops=1)
              Hash Cond: (mk.movie_id = t.id)
              ->  Seq Scan on movie_keyword mk  (cost=0.00..69693.30 rows=4523930 width=4) (actual time=0.018..1284.339 rows=4523930 loops=1)
              ->  Hash  (cost=73925.90..73925.90 rows=1215794 width=4) (actual time=1733.536..1733.536 rows=1301100 loops=1)
                    Buckets: 131072  Batches: 16  Memory Usage: 3898kB
                    ->  Seq Scan on title t  (cost=0.00..73925.90 rows=1215794 width=4) (actual time=0.027..1336.159 rows=1301100 loops=1)
                          Filter: ((production_year > 1976) AND (kind_id = 7))
                          Rows Removed by Filter: 1227212
Planning time: 1.165 ms
Execution time: 42960.577 ms
