Hash Join  (cost=1001106.94..1641333.19 rows=13307842 width=0) (actual time=17263.233..35755.177 rows=17265738 loops=1)
  Hash Cond: (mi.movie_id = t.id)
  ->  Seq Scan on movie_info mi  (cost=0.00..309384.22 rows=14739122 width=4) (actual time=0.017..5292.795 rows=14835720 loops=1)
  ->  Hash  (cost=963651.59..963651.59 rows=2282988 width=8) (actual time=17262.209..17262.209 rows=1467175 loops=1)
        Buckets: 131072  Batches: 32  Memory Usage: 2813kB
        ->  Hash Join  (cost=102767.86..963651.59 rows=2282988 width=8) (actual time=12020.016..16792.576 rows=1467175 loops=1)
              Hash Cond: (ci.movie_id = t.id)
              ->  Seq Scan on cast_info ci  (cost=0.00..796071.18 rows=2282988 width=4) (actual time=9984.876..13068.725 rows=1467175 loops=1)
                    Filter: ((person_id < 2071592) AND (role_id = 3))
                    Rows Removed by Filter: 34777169
              ->  Hash  (cost=61283.27..61283.27 rows=2528527 width=4) (actual time=2034.030..2034.030 rows=2528312 loops=1)
                    Buckets: 131072  Batches: 64  Memory Usage: 2415kB
                    ->  Seq Scan on title t  (cost=0.00..61283.27 rows=2528527 width=4) (actual time=0.024..946.693 rows=2528312 loops=1)
Planning time: 0.767 ms
Execution time: 37773.695 ms
