Seq Scan on movie_companies mc  (cost=0.00..51404.11 rows=2330562 width=40) (actual time=0.016..1363.298 rows=2328055 loops=1)
  Filter: (company_id < 95839)
  Rows Removed by Filter: 281074
Planning time: 0.352 ms
Execution time: 1525.457 ms
