Hash Join  (cost=434774.49..461742.26 rows=5729 width=219) (actual time=7030.826..7731.910 rows=20035 loops=1)
  Hash Cond: (mi_idx.movie_id = t.id)
  ->  Seq Scan on movie_info_idx mi_idx  (cost=0.00..21735.35 rows=1380035 width=50) (actual time=0.019..392.879 rows=1380035 loops=1)
  ->  Hash  (cost=434643.29..434643.29 rows=10496 width=169) (actual time=7030.480..7030.480 rows=9608 loops=1)
        Buckets: 16384  Batches: 1  Memory Usage: 1715kB
        ->  Hash Join  (cost=68710.45..434643.29 rows=10496 width=169) (actual time=5906.527..7021.816 rows=9608 loops=1)
              Hash Cond: (mi.movie_id = t.id)
              ->  Seq Scan on movie_info mi  (cost=0.00..346232.03 rows=651960 width=75) (actual time=4304.654..5150.692 rows=660923 loops=1)
                    Filter: (info_type_id = 18)
                    Rows Removed by Filter: 14174797
              ->  Hash  (cost=67604.59..67604.59 rows=40709 width=94) (actual time=1596.284..1596.284 rows=38955 loops=1)
                    Buckets: 32768  Batches: 2  Memory Usage: 2467kB
                    ->  Seq Scan on title t  (cost=0.00..67604.59 rows=40709 width=94) (actual time=0.038..1310.252 rows=38955 loops=1)
                          Filter: (production_year = 1997)
                          Rows Removed by Filter: 2489357
Planning time: 1.480 ms
Execution time: 7733.634 ms
