Hash Join  (cost=709678.15..796345.14 rows=895 width=0) (actual time=11283.420..12243.137 rows=57 loops=1)
  Hash Cond: (mk.movie_id = t.id)
  ->  Seq Scan on movie_keyword mk  (cost=0.00..69693.30 rows=4523930 width=4) (actual time=0.009..889.759 rows=4523930 loops=1)
  ->  Hash  (cost=709671.90..709671.90 rows=500 width=8) (actual time=10556.466..10556.466 rows=427 loops=1)
        Buckets: 1024  Batches: 1  Memory Usage: 25kB
        ->  Nested Loop  (cost=0.43..709671.90 rows=500 width=8) (actual time=2130.357..10556.251 rows=427 loops=1)
              ->  Seq Scan on cast_info ci  (cost=0.00..705507.15 rows=500 width=4) (actual time=2130.240..10547.730 rows=427 loops=1)
                    Filter: (person_id = 2114414)
                    Rows Removed by Filter: 36243917
              ->  Index Only Scan using title_pkey on title t  (cost=0.43..8.32 rows=1 width=4) (actual time=0.019..0.019 rows=1 loops=427)
                    Index Cond: (id = ci.movie_id)
                    Heap Fetches: 427
Planning time: 1.175 ms
Execution time: 12243.225 ms
