Hash Join  (cost=174865.45..539758.41 rows=359594 width=0) (actual time=5912.245..9853.309 rows=1542920 loops=1)
  Hash Cond: (mi.movie_id = t.id)
  ->  Seq Scan on movie_info mi  (cost=0.00..346232.03 rows=993599 width=4) (actual time=1964.716..4862.401 rows=1046316 loops=1)
        Filter: (info_type_id > 78)
        Rows Removed by Filter: 13789404
  ->  Hash  (cost=159851.69..159851.69 rows=915101 width=8) (actual time=3944.288..3944.288 rows=919850 loops=1)
        Buckets: 131072  Batches: 16  Memory Usage: 3282kB
        ->  Hash Join  (cost=102767.86..159851.69 rows=915101 width=8) (actual time=1708.920..3659.212 rows=919850 loops=1)
              Hash Cond: (mi_idx.movie_id = t.id)
              ->  Seq Scan on movie_info_idx mi_idx  (cost=0.00..25185.44 rows=915101 width=4) (actual time=0.025..504.046 rows=919850 loops=1)
                    Filter: (info_type_id < 101)
                    Rows Removed by Filter: 460185
              ->  Hash  (cost=61283.27..61283.27 rows=2528527 width=4) (actual time=1708.147..1708.147 rows=2528312 loops=1)
                    Buckets: 131072  Batches: 64  Memory Usage: 2415kB
                    ->  Seq Scan on title t  (cost=0.00..61283.27 rows=2528527 width=4) (actual time=0.017..892.727 rows=2528312 loops=1)
Planning time: 1.143 ms
Execution time: 10031.092 ms
