Hash Join  (cost=77354.40..203911.35 rows=373791 width=0) (actual time=4044.547..10956.432 rows=342697 loops=1)
  Hash Cond: (mk.movie_id = t.id)
  ->  Seq Scan on movie_keyword mk  (cost=0.00..69693.30 rows=4523930 width=4) (actual time=0.015..4696.012 rows=4523930 loops=1)
  ->  Hash  (cost=73925.90..73925.90 rows=208920 width=4) (actual time=4043.661..4043.661 rows=183835 loops=1)
        Buckets: 131072  Batches: 4  Memory Usage: 2655kB
        ->  Seq Scan on title t  (cost=0.00..73925.90 rows=208920 width=4) (actual time=0.029..3962.758 rows=183835 loops=1)
              Filter: ((kind_id < 7) AND (production_year > 2009))
              Rows Removed by Filter: 2344477
Planning time: 5.859 ms
Execution time: 11019.232 ms
