Seq Scan on movie_keyword mk  (cost=0.00..81003.12 rows=1591904 width=0) (actual time=0.018..1356.691 rows=1599596 loops=1)
  Filter: (keyword_id < 2470)
  Rows Removed by Filter: 2924334
Planning time: 0.311 ms
Execution time: 1562.065 ms
