Nested Loop  (cost=0.43..83071.67 rows=246 width=0) (actual time=25.697..1157.503 rows=25 loops=1)
  ->  Seq Scan on movie_keyword mk  (cost=0.00..81003.12 rows=246 width=4) (actual time=25.613..1156.252 rows=25 loops=1)
        Filter: (keyword_id = 71289)
        Rows Removed by Filter: 4523905
  ->  Index Only Scan using title_pkey on title t  (cost=0.43..8.40 rows=1 width=4) (actual time=0.043..0.044 rows=1 loops=25)
        Index Cond: (id = mk.movie_id)
        Heap Fetches: 25
Planning time: 0.685 ms
Execution time: 1157.587 ms
