Seq Scan on movie_keyword mk  (cost=0.00..81003.12 rows=3298191 width=0) (actual time=0.017..1483.325 rows=3289316 loops=1)
  Filter: (keyword_id > 1561)
  Rows Removed by Filter: 1234614
Planning time: 0.327 ms
Execution time: 1914.990 ms
