Hash Join  (cost=102767.86..212470.60 rows=782130 width=0) (actual time=1746.836..3916.459 rows=789338 loops=1)
  Hash Cond: (mk.movie_id = t.id)
  ->  Seq Scan on movie_keyword mk  (cost=0.00..81003.12 rows=782130 width=4) (actual time=0.016..1327.202 rows=789338 loops=1)
        Filter: (keyword_id > 23775)
        Rows Removed by Filter: 3734592
  ->  Hash  (cost=61283.27..61283.27 rows=2528527 width=4) (actual time=1744.592..1744.592 rows=2528312 loops=1)
        Buckets: 131072  Batches: 64  Memory Usage: 2425kB
        ->  Seq Scan on title t  (cost=0.00..61283.27 rows=2528527 width=4) (actual time=0.021..899.790 rows=2528312 loops=1)
Planning time: 0.658 ms
Execution time: 3990.547 ms
