Seq Scan on cast_info ci  (cost=0.00..796071.18 rows=356557 width=0) (actual time=9635.623..10817.228 rows=320370 loops=1)
  Filter: ((person_id < 446861) AND (role_id = 4))
  Rows Removed by Filter: 35923974
Planning time: 0.393 ms
Execution time: 10853.354 ms
