Seq Scan on movie_keyword mk  (cost=0.00..81003.12 rows=3470967 width=0) (actual time=0.021..1389.933 rows=3464440 loops=1)
  Filter: (keyword_id < 16605)
  Rows Removed by Filter: 1059490
Planning time: 0.331 ms
Execution time: 1824.977 ms
