Hash Join  (cost=102767.86..186131.10 rows=646542 width=0) (actual time=5589.643..10374.665 rows=881489 loops=1)
  Hash Cond: (mc.movie_id = t.id)
  ->  Seq Scan on movie_companies mc  (cost=0.00..57926.93 rows=646542 width=4) (actual time=0.018..3479.387 rows=881489 loops=1)
        Filter: ((company_id < 11339) AND (company_type_id = 1))
        Rows Removed by Filter: 1727640
  ->  Hash  (cost=61283.27..61283.27 rows=2528527 width=4) (actual time=5588.238..5588.238 rows=2528312 loops=1)
        Buckets: 131072  Batches: 64  Memory Usage: 2415kB
        ->  Seq Scan on title t  (cost=0.00..61283.27 rows=2528527 width=4) (actual time=0.018..4519.068 rows=2528312 loops=1)
Planning time: 12.128 ms
Execution time: 10491.064 ms
