Hash Join  (cost=102767.86..198340.84 rows=194945 width=0) (actual time=1878.102..3578.900 rows=197943 loops=1)
  Hash Cond: (mk.movie_id = t.id)
  ->  Seq Scan on movie_keyword mk  (cost=0.00..81003.12 rows=194945 width=4) (actual time=0.011..1193.719 rows=197943 loops=1)
        Filter: (keyword_id > 69201)
        Rows Removed by Filter: 4325987
  ->  Hash  (cost=61283.27..61283.27 rows=2528527 width=4) (actual time=1874.897..1874.897 rows=2528312 loops=1)
        Buckets: 131072  Batches: 64  Memory Usage: 2425kB
        ->  Seq Scan on title t  (cost=0.00..61283.27 rows=2528527 width=4) (actual time=0.008..1014.431 rows=2528312 loops=1)
Planning time: 0.771 ms
Execution time: 3600.466 ms
