Seq Scan on movie_companies mc  (cost=0.00..57926.93 rows=786856 width=0) (actual time=278.175..941.419 rows=571621 loops=1)
  Filter: ((company_id > 4861) AND (company_type_id < 2))
  Rows Removed by Filter: 2037508
Planning time: 0.309 ms
Execution time: 1012.024 ms
