Hash Join  (cost=102767.86..914978.91 rows=260177 width=0) (actual time=9309.281..16042.297 rows=88606 loops=1)
  Hash Cond: (ci.movie_id = t.id)
  ->  Seq Scan on cast_info ci  (cost=0.00..796071.18 rows=260177 width=4) (actual time=7110.250..13369.458 rows=88606 loops=1)
        Filter: ((person_id < 2771587) AND (role_id > 10))
        Rows Removed by Filter: 36155738
  ->  Hash  (cost=61283.27..61283.27 rows=2528527 width=4) (actual time=2197.381..2197.381 rows=2528312 loops=1)
        Buckets: 131072  Batches: 64  Memory Usage: 2415kB
        ->  Seq Scan on title t  (cost=0.00..61283.27 rows=2528527 width=4) (actual time=0.016..1051.500 rows=2528312 loops=1)
Planning time: 0.812 ms
Execution time: 16053.737 ms
