Hash Join  (cost=74788.19..130165.54 rows=71182 width=0) (actual time=1212.839..2462.573 rows=162932 loops=1)
  Hash Cond: (mc.movie_id = t.id)
  ->  Seq Scan on movie_companies mc  (cost=0.00..44881.29 rows=2609129 width=4) (actual time=0.016..535.328 rows=2609129 loops=1)
  ->  Hash  (cost=73925.90..73925.90 rows=68983 width=4) (actual time=1212.204..1212.204 rows=74804 loops=1)
        Buckets: 131072  Batches: 1  Memory Usage: 3654kB
        ->  Seq Scan on title t  (cost=0.00..73925.90 rows=68983 width=4) (actual time=208.382..1182.355 rows=74804 loops=1)
              Filter: ((production_year > 1981) AND (kind_id = 2))
              Rows Removed by Filter: 2453508
Planning time: 0.921 ms
Execution time: 2483.434 ms
