Hash Join  (cost=433643.78..1212807.39 rows=440866 width=0) (actual time=6963.972..23753.583 rows=1874376 loops=1)
  Hash Cond: (ci.movie_id = t.id)
  ->  Seq Scan on cast_info ci  (cost=0.00..705507.15 rows=18466081 width=4) (actual time=0.008..11087.215 rows=18631459 loops=1)
        Filter: (person_id > 1743364)
        Rows Removed by Filter: 17612885
  ->  Hash  (cost=432889.19..432889.19 rows=60367 width=8) (actual time=6963.582..6963.582 rows=71099 loops=1)
        Buckets: 131072 (originally 65536)  Batches: 1 (originally 1)  Memory Usage: 3802kB
        ->  Hash Join  (cost=74547.77..432889.19 rows=60367 width=8) (actual time=4922.750..6934.431 rows=71099 loops=1)
              Hash Cond: (mi.movie_id = t.id)
              ->  Seq Scan on movie_info mi  (cost=0.00..346232.03 rows=3068194 width=4) (actual time=3882.605..5163.029 rows=3036719 loops=1)
                    Filter: (info_type_id = 16)
                    Rows Removed by Filter: 11799001
              ->  Hash  (cost=73925.90..73925.90 rows=49749 width=4) (actual time=1039.494..1039.494 rows=44012 loops=1)
                    Buckets: 65536  Batches: 1  Memory Usage: 2060kB
                    ->  Seq Scan on title t  (cost=0.00..73925.90 rows=49749 width=4) (actual time=0.035..1021.590 rows=44012 loops=1)
                          Filter: ((kind_id < 7) AND (production_year = 2009))
                          Rows Removed by Filter: 2484300
Planning time: 1.136 ms
Execution time: 23997.219 ms
