Hash Join  (cost=423232.88..1174112.16 rows=9005 width=0) (actual time=5446.056..20268.398 rows=61609 loops=1)
  Hash Cond: (ci.movie_id = t.id)
  ->  Seq Scan on cast_info ci  (cost=0.00..614943.12 rows=36225612 width=4) (actual time=0.018..7316.217 rows=36244344 loops=1)
  ->  Hash  (cost=423225.02..423225.02 rows=629 width=8) (actual time=5445.730..5445.730 rows=3003 loops=1)
        Buckets: 4096 (originally 1024)  Batches: 1 (originally 1)  Memory Usage: 150kB
        ->  Hash Join  (cost=73950.44..423225.02 rows=629 width=8) (actual time=3459.199..5444.259 rows=3003 loops=1)
              Hash Cond: (mi.movie_id = t.id)
              ->  Seq Scan on movie_info mi  (cost=0.00..346232.03 rows=809669 width=4) (actual time=2469.162..4420.344 rows=802140 loops=1)
                    Filter: (info_type_id = 1)
                    Rows Removed by Filter: 14033580
              ->  Hash  (cost=73925.90..73925.90 rows=1963 width=4) (actual time=887.309..887.309 rows=4053 loops=1)
                    Buckets: 4096 (originally 2048)  Batches: 1 (originally 1)  Memory Usage: 175kB
                    ->  Seq Scan on title t  (cost=0.00..73925.90 rows=1963 width=4) (actual time=0.074..885.411 rows=4053 loops=1)
                          Filter: ((kind_id = 1) AND (production_year = 1967))
                          Rows Removed by Filter: 2524259
Planning time: 4.372 ms
Execution time: 20280.221 ms
