Hash Join  (cost=76796.18..495979.98 rows=407920 width=0) (actual time=2087.647..9755.120 rows=872773 loops=1)
  Hash Cond: (mi.movie_id = t.id)
  ->  Seq Scan on movie_info mi  (cost=0.00..346232.03 rows=5897221 width=4) (actual time=871.424..5451.671 rows=5884963 loops=1)
        Filter: (info_type_id < 7)
        Rows Removed by Filter: 8950757
  ->  Hash  (cost=73925.90..73925.90 rows=174902 width=4) (actual time=1116.524..1116.524 rows=160286 loops=1)
        Buckets: 131072  Batches: 4  Memory Usage: 2441kB
        ->  Seq Scan on title t  (cost=0.00..73925.90 rows=174902 width=4) (actual time=188.616..1060.569 rows=160286 loops=1)
              Filter: ((production_year > 2008) AND (kind_id = 1))
              Rows Removed by Filter: 2368026
Planning time: 0.703 ms
Execution time: 9870.109 ms
