Hash Join  (cost=75195.76..447777.93 rows=67134 width=0) (actual time=1518.669..6966.420 rows=15650 loops=1)
  Hash Cond: (mi.movie_id = t.id)
  ->  Seq Scan on movie_info mi  (cost=0.00..346232.03 rows=2194617 width=4) (actual time=341.718..5057.395 rows=2233850 loops=1)
        Filter: (info_type_id > 16)
        Rows Removed by Filter: 12601870
  ->  Hash  (cost=73925.90..73925.90 rows=77348 width=4) (actual time=1139.306..1139.306 rows=84109 loops=1)
        Buckets: 131072  Batches: 2  Memory Usage: 2515kB
        ->  Seq Scan on title t  (cost=0.00..73925.90 rows=77348 width=4) (actual time=258.454..1103.970 rows=84109 loops=1)
              Filter: ((kind_id = 7) AND (production_year = 2008))
              Rows Removed by Filter: 2444203
Planning time: 0.764 ms
Execution time: 6968.933 ms
