Hash Join  (cost=99161.12..1456513.26 rows=24003237 width=0) (actual time=1824.219..44819.044 rows=24373487 loops=1)
  Hash Cond: (ci.movie_id = t.id)
  ->  Seq Scan on cast_info ci  (cost=0.00..705507.15 rows=31554923 width=4) (actual time=0.008..15773.400 rows=31605208 loops=1)
        Filter: (role_id < 10)
        Rows Removed by Filter: 4639136
  ->  Hash  (cost=67604.59..67604.59 rows=1923403 width=4) (actual time=1822.727..1822.727 rows=1922849 loops=1)
        Buckets: 131072  Batches: 32  Memory Usage: 3132kB
        ->  Seq Scan on title t  (cost=0.00..67604.59 rows=1923403 width=4) (actual time=0.022..1203.034 rows=1922849 loops=1)
              Filter: (production_year < 2010)
              Rows Removed by Filter: 605463
Planning time: 5.291 ms
Execution time: 47542.863 ms
