Hash Join  (cost=198183.05..736284.56 rows=1251073 width=0) (actual time=3694.885..18157.477 rows=10474250 loops=1)
  Hash Cond: (mi.movie_id = t.id)
  ->  Seq Scan on movie_info mi  (cost=0.00..346232.03 rows=13929354 width=4) (actual time=0.017..6325.272 rows=14033580 loops=1)
        Filter: (info_type_id > 1)
        Rows Removed by Filter: 802140
  ->  Hash  (cost=194456.28..194456.28 rows=227101 width=8) (actual time=3694.086..3694.086 rows=202128 loops=1)
        Buckets: 131072  Batches: 4  Memory Usage: 2989kB
        ->  Hash Join  (cost=69687.24..194456.28 rows=227101 width=8) (actual time=924.907..3631.870 rows=202128 loops=1)
              Hash Cond: (mk.movie_id = t.id)
              ->  Seq Scan on movie_keyword mk  (cost=0.00..69693.30 rows=4523930 width=4) (actual time=0.024..1359.773 rows=4523930 loops=1)
              ->  Hash  (cost=67604.59..67604.59 rows=126932 width=4) (actual time=923.881..923.881 rows=122861 loops=1)
                    Buckets: 131072  Batches: 2  Memory Usage: 3197kB
                    ->  Seq Scan on title t  (cost=0.00..67604.59 rows=126932 width=4) (actual time=0.020..831.672 rows=122861 loops=1)
                          Filter: (production_year = 2008)
                          Rows Removed by Filter: 2405451
Planning time: 1.076 ms
Execution time: 19408.466 ms
