Hash Join  (cost=423159.25..510188.75 rows=37146 width=0) (actual time=5554.132..7659.458 rows=1537018 loops=1)
  Hash Cond: (mk.movie_id = t.id)
  ->  Seq Scan on movie_keyword mk  (cost=0.00..69693.30 rows=4523930 width=4) (actual time=0.019..926.500 rows=4523930 loops=1)
  ->  Hash  (cost=422899.73..422899.73 rows=20762 width=8) (actual time=5552.434..5552.434 rows=24741 loops=1)
        Buckets: 32768  Batches: 1  Memory Usage: 1223kB
        ->  Hash Join  (cost=69002.72..422899.73 rows=20762 width=8) (actual time=4870.758..5544.434 rows=24741 loops=1)
              Hash Cond: (mi.movie_id = t.id)
              ->  Seq Scan on movie_info mi  (cost=0.00..346232.03 rows=616095 width=4) (actual time=3859.999..4386.568 rows=598457 loops=1)
                    Filter: (info_type_id = 15)
                    Rows Removed by Filter: 14237263
              ->  Hash  (cost=67604.59..67604.59 rows=85211 width=4) (actual time=953.225..953.225 rows=84593 loops=1)
                    Buckets: 131072  Batches: 2  Memory Usage: 2524kB
                    ->  Seq Scan on title t  (cost=0.00..67604.59 rows=85211 width=4) (actual time=0.038..919.592 rows=84593 loops=1)
                          Filter: (production_year = 2004)
                          Rows Removed by Filter: 2443719
Planning time: 1.135 ms
Execution time: 7849.605 ms
