Seq Scan on movie_keyword mk  (cost=0.00..81003.12 rows=3322661 width=0) (actual time=0.026..915.503 rows=3313597 loops=1)
  Filter: (keyword_id < 15127)
  Rows Removed by Filter: 1210333
Planning time: 1.640 ms
Execution time: 1195.414 ms
