Hash Join  (cost=133285.85..220350.06 rows=40617 width=0) (actual time=6855.398..11707.826 rows=55231 loops=1)
  Hash Cond: (mk.movie_id = t.id)
  ->  Seq Scan on movie_keyword mk  (cost=0.00..69693.30 rows=4523930 width=4) (actual time=0.018..3702.186 rows=4523930 loops=1)
  ->  Hash  (cost=133002.08..133002.08 rows=22702 width=8) (actual time=6855.046..6855.046 rows=9546 loops=1)
        Buckets: 32768  Batches: 1  Memory Usage: 629kB
        ->  Hash Join  (cost=76444.38..133002.08 rows=22702 width=8) (actual time=3719.018..6850.913 rows=9546 loops=1)
              Hash Cond: (mc.movie_id = t.id)
              ->  Seq Scan on movie_companies mc  (cost=0.00..51404.11 rows=374017 width=4) (actual time=0.019..2604.924 rows=373640 loops=1)
                    Filter: (company_id < 213)
                    Rows Removed by Filter: 2235489
              ->  Hash  (cost=73925.90..73925.90 rows=153478 width=4) (actual time=3718.005..3718.005 rows=134760 loops=1)
                    Buckets: 131072  Batches: 4  Memory Usage: 2216kB
                    ->  Seq Scan on title t  (cost=0.00..73925.90 rows=153478 width=4) (actual time=0.018..3554.958 rows=134760 loops=1)
                          Filter: ((kind_id < 7) AND (production_year > 2010))
                          Rows Removed by Filter: 2393552
Planning time: 3.625 ms
Execution time: 11719.277 ms
