Hash Join  (cost=96027.47..1080439.72 rows=8631322 width=0) (actual time=1550.361..26260.786 rows=9299914 loops=1)
  Hash Cond: (ci.movie_id = t.id)
  ->  Seq Scan on cast_info ci  (cost=0.00..705507.15 rows=16201301 width=4) (actual time=0.013..13458.308 rows=16121683 loops=1)
        Filter: (role_id > 2)
        Rows Removed by Filter: 20122661
  ->  Hash  (cost=73925.90..73925.90 rows=1347085 width=4) (actual time=1549.492..1549.492 rows=1424794 loops=1)
        Buckets: 131072  Batches: 32  Memory Usage: 2590kB
        ->  Seq Scan on title t  (cost=0.00..73925.90 rows=1347085 width=4) (actual time=0.014..1103.836 rows=1424794 loops=1)
              Filter: ((kind_id > 4) AND (production_year > 1962))
              Rows Removed by Filter: 1103518
Planning time: 0.716 ms
Execution time: 27366.525 ms
