Hash Join  (cost=156269.05..507574.14 rows=1755 width=0) (actual time=3830.342..7589.903 rows=3115 loops=1)
  Hash Cond: (mi.movie_id = t.id)
  ->  Seq Scan on movie_info mi  (cost=0.00..346232.03 rows=1348138 width=4) (actual time=1300.231..5080.752 rows=1298989 loops=1)
        Filter: (info_type_id = 4)
        Rows Removed by Filter: 13536731
  ->  Hash  (cost=156227.90..156227.90 rows=3292 width=8) (actual time=2300.525..2300.525 rows=2314 loops=1)
        Buckets: 4096  Batches: 1  Memory Usage: 123kB
        ->  Hash Join  (cost=74456.32..156227.90 rows=3292 width=8) (actual time=1033.533..2299.326 rows=2314 loops=1)
              Hash Cond: (mk.movie_id = t.id)
              ->  Seq Scan on movie_keyword mk  (cost=0.00..81003.12 rows=196142 width=4) (actual time=0.062..1206.337 rows=212018 loops=1)
                    Filter: (keyword_id < 141)
                    Rows Removed by Filter: 4311912
              ->  Hash  (cost=73925.90..73925.90 rows=42433 width=4) (actual time=1032.037..1032.037 rows=37411 loops=1)
                    Buckets: 65536  Batches: 1  Memory Usage: 1828kB
                    ->  Seq Scan on title t  (cost=0.00..73925.90 rows=42433 width=4) (actual time=0.023..1017.220 rows=37411 loops=1)
                          Filter: ((kind_id = 1) AND (production_year = 2011))
                          Rows Removed by Filter: 2490901
Planning time: 0.894 ms
Execution time: 7590.794 ms
