Hash Join  (cost=83073.91..447734.56 rows=474 width=0) (actual time=1234.768..7626.673 rows=143259 loops=1)
  Hash Cond: (mi.movie_id = t.id)
  ->  Seq Scan on movie_info mi  (cost=0.00..309384.22 rows=14739122 width=4) (actual time=0.023..3534.385 rows=14835720 loops=1)
  ->  Hash  (cost=83072.90..83072.90 rows=81 width=8) (actual time=1234.238..1234.238 rows=2620 loops=1)
        Buckets: 4096 (originally 1024)  Batches: 1 (originally 1)  Memory Usage: 135kB
        ->  Nested Loop  (cost=0.43..83072.90 rows=81 width=8) (actual time=0.690..1232.423 rows=2620 loops=1)
              ->  Seq Scan on movie_keyword mk  (cost=0.00..81003.12 rows=246 width=4) (actual time=0.650..1141.879 rows=3040 loops=1)
                    Filter: (keyword_id = 580)
                    Rows Removed by Filter: 4520890
              ->  Index Scan using title_pkey on title t  (cost=0.43..8.40 rows=1 width=4) (actual time=0.028..0.029 rows=1 loops=3040)
                    Index Cond: (id = mk.movie_id)
                    Filter: ((kind_id < 4) AND (production_year > 0))
                    Rows Removed by Filter: 0
Planning time: 1.229 ms
Execution time: 7648.087 ms
