Hash Join  (cost=254684.96..849697.03 rows=9070323 width=0) (actual time=6793.538..70344.120 rows=223429149 loops=1)
  Hash Cond: (mi.movie_id = t.id)
  ->  Seq Scan on movie_info mi  (cost=0.00..309384.22 rows=14739122 width=4) (actual time=0.011..5497.563 rows=14835720 loops=1)
  ->  Hash  (cost=229155.55..229155.55 rows=1556033 width=8) (actual time=6791.913..6791.913 rows=3752349 loops=1)
        Buckets: 131072 (originally 131072)  Batches: 64 (originally 32)  Memory Usage: 3443kB
        ->  Hash Join  (cost=88195.18..229155.55 rows=1556033 width=8) (actual time=1284.231..5830.636 rows=3752349 loops=1)
              Hash Cond: (mk.movie_id = t.id)
              ->  Seq Scan on movie_keyword mk  (cost=0.00..69693.30 rows=4523930 width=4) (actual time=0.019..1358.297 rows=4523930 loops=1)
              ->  Hash  (cost=73925.90..73925.90 rows=869702 width=4) (actual time=1283.320..1283.320 rows=896788 loops=1)
                    Buckets: 131072  Batches: 16  Memory Usage: 3007kB
                    ->  Seq Scan on title t  (cost=0.00..73925.90 rows=869702 width=4) (actual time=0.015..1008.773 rows=896788 loops=1)
                          Filter: ((kind_id < 7) AND (production_year < 2012))
                          Rows Removed by Filter: 1631524
Planning time: 1.155 ms
Execution time: 93739.492 ms
