Hash Join  (cost=165685.95..636490.78 rows=1358563 width=0) (actual time=3223.586..13696.179 rows=1531319 loops=1)
  Hash Cond: (mi.movie_id = t.id)
  ->  Seq Scan on movie_info mi  (cost=0.00..346232.03 rows=9476311 width=4) (actual time=0.015..5880.975 rows=9565151 loops=1)
        Filter: (info_type_id < 16)
        Rows Removed by Filter: 5270569
  ->  Hash  (cost=159737.70..159737.70 rows=362500 width=8) (actual time=3222.169..3222.169 rows=230587 loops=1)
        Buckets: 131072  Batches: 8  Memory Usage: 2154kB
        ->  Hash Join  (cost=79690.18..159737.70 rows=362500 width=8) (actual time=1393.490..3148.734 rows=230587 loops=1)
              Hash Cond: (mc.movie_id = t.id)
              ->  Seq Scan on movie_companies mc  (cost=0.00..44881.29 rows=2609129 width=4) (actual time=0.014..787.382 rows=2609129 loops=1)
              ->  Hash  (cost=73925.90..73925.90 rows=351302 width=4) (actual time=1135.738..1135.738 rows=233910 loops=1)
                    Buckets: 131072  Batches: 8  Memory Usage: 2039kB
                    ->  Seq Scan on title t  (cost=0.00..73925.90 rows=351302 width=4) (actual time=0.030..1052.172 rows=233910 loops=1)
                          Filter: ((production_year < 1984) AND (kind_id = 7))
                          Rows Removed by Filter: 2294402
Planning time: 1.169 ms
Execution time: 13870.537 ms
