Hash Join  (cost=122216.39..209113.84 rows=23941 width=0) (actual time=1898.255..3627.823 rows=157134 loops=1)
  Hash Cond: (mk.movie_id = t.id)
  ->  Seq Scan on movie_keyword mk  (cost=0.00..69693.30 rows=4523930 width=4) (actual time=0.029..843.051 rows=4523930 loops=1)
  ->  Hash  (cost=122049.13..122049.13 rows=13381 width=8) (actual time=1897.891..1897.891 rows=12004 loops=1)
        Buckets: 16384  Batches: 1  Memory Usage: 597kB
        ->  Hash Join  (cost=68332.59..122049.13 rows=13381 width=8) (actual time=971.691..1892.693 rows=12004 loops=1)
              Hash Cond: (mc.movie_id = t.id)
              ->  Seq Scan on movie_companies mc  (cost=0.00..51404.11 rows=580965 width=4) (actual time=0.013..749.873 rows=576960 loops=1)
                    Filter: (company_id < 634)
                    Rows Removed by Filter: 2032169
              ->  Hash  (cost=67604.59..67604.59 rows=58240 width=4) (actual time=971.197..971.197 rows=58590 loops=1)
                    Buckets: 65536  Batches: 1  Memory Usage: 2572kB
                    ->  Seq Scan on title t  (cost=0.00..67604.59 rows=58240 width=4) (actual time=0.030..947.114 rows=58590 loops=1)
                          Filter: (production_year = 2001)
                          Rows Removed by Filter: 2469722
Planning time: 1.065 ms
Execution time: 3648.349 ms
