Hash Join  (cost=251585.94..1547600.05 rows=21117088 width=0) (actual time=6650.650..74417.223 rows=164890918 loops=1)
  Hash Cond: (ci.movie_id = t.id)
  ->  Seq Scan on cast_info ci  (cost=0.00..614943.12 rows=36225612 width=4) (actual time=0.011..11962.552 rows=36244344 loops=1)
  ->  Hash  (cost=227403.43..227403.43 rows=1473961 width=8) (actual time=6649.181..6649.181 rows=3014402 loops=1)
        Buckets: 131072 (originally 131072)  Batches: 64 (originally 32)  Memory Usage: 3073kB
        ->  Hash Join  (cost=87442.78..227403.43 rows=1473961 width=8) (actual time=1446.321..5727.488 rows=3014402 loops=1)
              Hash Cond: (mk.movie_id = t.id)
              ->  Seq Scan on movie_keyword mk  (cost=0.00..69693.30 rows=4523930 width=4) (actual time=0.016..1323.886 rows=4523930 loops=1)
              ->  Hash  (cost=73925.90..73925.90 rows=823830 width=4) (actual time=1445.356..1445.356 rows=737996 loops=1)
                    Buckets: 131072  Batches: 16  Memory Usage: 2657kB
                    ->  Seq Scan on title t  (cost=0.00..73925.90 rows=823830 width=4) (actual time=0.015..1127.961 rows=737996 loops=1)
                          Filter: ((kind_id < 7) AND (production_year > 1968))
                          Rows Removed by Filter: 1790316
Planning time: 0.695 ms
Execution time: 92401.815 ms
