Hash Join  (cost=74131.99..797465.18 rows=30466 width=0) (actual time=5502.536..35075.301 rows=34281 loops=1)
  Hash Cond: (ci.movie_id = t.id)
  ->  Seq Scan on cast_info ci  (cost=0.00..705507.15 rows=4672368 width=4) (actual time=2524.068..30600.401 rows=4569598 loops=1)
        Filter: (person_id < 441333)
        Rows Removed by Filter: 31674746
  ->  Hash  (cost=73925.90..73925.90 rows=16487 width=4) (actual time=2976.387..2976.387 rows=16247 loops=1)
        Buckets: 32768  Batches: 1  Memory Usage: 828kB
        ->  Seq Scan on title t  (cost=0.00..73925.90 rows=16487 width=4) (actual time=0.055..2968.557 rows=16247 loops=1)
              Filter: ((kind_id = 7) AND (production_year = 1993))
              Rows Removed by Filter: 2512065
Planning time: 0.709 ms
Execution time: 35081.270 ms
