Seq Scan on cast_info ci  (cost=0.00..796071.18 rows=16140540 width=0) (actual time=0.023..13868.624 rows=12238582 loops=1)
  Filter: ((person_id < 2566337) AND (role_id > 1))
  Rows Removed by Filter: 24005762
Planning time: 0.367 ms
Execution time: 15240.753 ms
