Seq Scan on movie_keyword mk  (cost=0.00..81003.12 rows=4051577 width=0) (actual time=0.017..1213.810 rows=4055316 loops=1)
  Filter: (keyword_id < 37954)
  Rows Removed by Filter: 468614
Planning time: 0.295 ms
Execution time: 1639.172 ms
