Seq Scan on movie_companies mc  (cost=0.00..57926.93 rows=876375 width=0) (actual time=348.996..977.067 rows=1076552 loops=1)
  Filter: ((company_id > 2690) AND (company_type_id > 1))
  Rows Removed by Filter: 1532577
Planning time: 0.312 ms
Execution time: 1112.811 ms
