Hash Join  (cost=217947.33..1382848.88 rows=8353839 width=0) (actual time=4311.200..30701.476 rows=5755736 loops=1)
  Hash Cond: (ci.movie_id = t.id)
  ->  Seq Scan on cast_info ci  (cost=0.00..614943.12 rows=36225612 width=4) (actual time=0.019..11576.668 rows=36244344 loops=1)
  ->  Hash  (cost=208380.67..208380.67 rows=583093 width=8) (actual time=4310.232..4310.232 rows=133181 loops=1)
        Buckets: 131072  Batches: 8  Memory Usage: 1703kB
        ->  Hash Join  (cost=79273.71..208380.67 rows=583093 width=8) (actual time=3028.422..4266.878 rows=133181 loops=1)
              Hash Cond: (mk.movie_id = t.id)
              ->  Seq Scan on movie_keyword mk  (cost=0.00..69693.30 rows=4523930 width=4) (actual time=0.017..1275.798 rows=4523930 loops=1)
              ->  Hash  (cost=73925.90..73925.90 rows=325904 width=4) (actual time=1091.111..1091.111 rows=349534 loops=1)
                    Buckets: 131072  Batches: 8  Memory Usage: 2572kB
                    ->  Seq Scan on title t  (cost=0.00..73925.90 rows=325904 width=4) (actual time=0.020..975.079 rows=349534 loops=1)
                          Filter: ((production_year > 2009) AND (kind_id = 7))
                          Rows Removed by Filter: 2178778
Planning time: 7.688 ms
Execution time: 31252.602 ms
