Hash Join  (cost=103336.91..190243.98 rows=24903 width=0) (actual time=1772.966..3410.771 rows=64104 loops=1)
  Hash Cond: (mk.movie_id = t.id)
  ->  Seq Scan on movie_keyword mk  (cost=0.00..69693.30 rows=4523930 width=4) (actual time=0.013..794.307 rows=4523930 loops=1)
  ->  Hash  (cost=103162.92..103162.92 rows=13919 width=8) (actual time=1772.710..1772.710 rows=14628 loops=1)
        Buckets: 16384  Batches: 1  Memory Usage: 700kB
        ->  Hash Join  (cost=74406.67..103162.92 rows=13919 width=8) (actual time=1094.890..1767.053 rows=14628 loops=1)
              Hash Cond: (mi_idx.movie_id = t.id)
              ->  Seq Scan on movie_info_idx mi_idx  (cost=0.00..25185.44 rows=915101 width=4) (actual time=0.015..454.318 rows=919850 loops=1)
                    Filter: (info_type_id < 101)
                    Rows Removed by Filter: 460185
              ->  Hash  (cost=73925.90..73925.90 rows=38461 width=4) (actual time=1094.477..1094.477 rows=44913 loops=1)
                    Buckets: 65536  Batches: 1  Memory Usage: 2091kB
                    ->  Seq Scan on title t  (cost=0.00..73925.90 rows=38461 width=4) (actual time=0.065..1075.869 rows=44913 loops=1)
                          Filter: ((kind_id > 1) AND (production_year = 2000))
                          Rows Removed by Filter: 2483399
Planning time: 1.151 ms
Execution time: 3419.562 ms
