Hash Join  (cost=135867.91..629720.71 rows=1316385 width=0) (actual time=2692.176..13809.233 rows=1025576 loops=1)
  Hash Cond: (mi.movie_id = t.id)
  ->  Seq Scan on movie_info mi  (cost=0.00..309384.22 rows=14739122 width=4) (actual time=0.006..4832.107 rows=14835720 loops=1)
  ->  Hash  (cost=132162.05..132162.05 rows=225829 width=8) (actual time=2690.541..2690.541 rows=125961 loops=1)
        Buckets: 131072  Batches: 4  Memory Usage: 2257kB
        ->  Hash Join  (cost=94555.35..132162.05 rows=225829 width=8) (actual time=1868.031..2644.422 rows=125961 loops=1)
              Hash Cond: (mi_idx.movie_id = t.id)
              ->  Seq Scan on movie_info_idx mi_idx  (cost=0.00..25185.44 rows=454124 width=4) (actual time=0.007..436.606 rows=459925 loops=1)
                    Filter: (info_type_id = 100)
                    Rows Removed by Filter: 920110
              ->  Hash  (cost=73925.90..73925.90 rows=1257396 width=4) (actual time=1682.467..1682.467 rows=1340616 loops=1)
                    Buckets: 131072  Batches: 32  Memory Usage: 2502kB
                    ->  Seq Scan on title t  (cost=0.00..73925.90 rows=1257396 width=4) (actual time=0.012..1245.944 rows=1340616 loops=1)
                          Filter: ((production_year > 1971) AND (kind_id = 7))
                          Rows Removed by Filter: 1187696
Planning time: 0.715 ms
Execution time: 13928.524 ms
