Hash Join  (cost=106353.25..223616.88 rows=1139880 width=0) (actual time=2133.851..4746.157 rows=1198794 loops=1)
  Hash Cond: (mk.movie_id = t.id)
  ->  Seq Scan on movie_keyword mk  (cost=0.00..81003.12 rows=1220341 width=4) (actual time=0.022..1286.563 rows=1228876 loops=1)
        Filter: (keyword_id < 1559)
        Rows Removed by Filter: 3295054
  ->  Hash  (cost=67604.59..67604.59 rows=2361813 width=4) (actual time=2132.683..2132.683 rows=2357639 loops=1)
        Buckets: 131072  Batches: 32  Memory Usage: 3627kB
        ->  Seq Scan on title t  (cost=0.00..67604.59 rows=2361813 width=4) (actual time=0.016..1337.207 rows=2357639 loops=1)
              Filter: (production_year > 1923)
              Rows Removed by Filter: 170673
Planning time: 0.740 ms
Execution time: 4889.727 ms
