Hash Join  (cost=161284.95..1234391.31 rows=3825920 width=0) (actual time=3258.292..35116.094 rows=12323050 loops=1)
  Hash Cond: (ci.movie_id = t.id)
  ->  Seq Scan on cast_info ci  (cost=0.00..614943.12 rows=36225612 width=4) (actual time=0.015..11862.467 rows=36244344 loops=1)
  ->  Hash  (cost=156902.86..156902.86 rows=267047 width=8) (actual time=3257.358..3257.358 rows=343195 loops=1)
        Buckets: 131072 (originally 131072)  Batches: 8 (originally 4)  Memory Usage: 3073kB
        ->  Hash Join  (cost=78171.87..156902.86 rows=267047 width=8) (actual time=1221.699..3162.813 rows=343195 loops=1)
              Hash Cond: (mc.movie_id = t.id)
              ->  Seq Scan on movie_companies mc  (cost=0.00..44881.29 rows=2609129 width=4) (actual time=0.023..816.896 rows=2609129 loops=1)
              ->  Hash  (cost=73925.90..73925.90 rows=258797 width=4) (actual time=1220.907..1220.907 rows=227847 loops=1)
                    Buckets: 131072  Batches: 4  Memory Usage: 3032kB
                    ->  Seq Scan on title t  (cost=0.00..73925.90 rows=258797 width=4) (actual time=0.013..1139.568 rows=227847 loops=1)
                          Filter: ((kind_id < 7) AND (production_year > 2008))
                          Rows Removed by Filter: 2300465
Planning time: 0.985 ms
Execution time: 36407.680 ms
