Hash Join  (cost=474386.37..587616.40 rows=356097 width=0) (actual time=6848.965..12542.143 rows=10161380 loops=1)
  Hash Cond: (mk.movie_id = t.id)
  ->  Seq Scan on movie_keyword mk  (cost=0.00..81003.12 rows=2349582 width=4) (actual time=0.019..1440.435 rows=2347599 loops=1)
        Filter: (keyword_id > 4259)
        Rows Removed by Filter: 2176331
  ->  Hash  (cost=468099.16..468099.16 rows=383217 width=8) (actual time=6846.749..6846.749 rows=368218 loops=1)
        Buckets: 131072  Batches: 8  Memory Usage: 2908kB
        ->  Hash Join  (cost=102767.86..468099.16 rows=383217 width=8) (actual time=5003.072..6731.601 rows=368218 loops=1)
              Hash Cond: (mi.movie_id = t.id)
              ->  Seq Scan on movie_info mi  (cost=0.00..346232.03 rows=383217 width=4) (actual time=3170.987..4178.064 rows=368218 loops=1)
                    Filter: (info_type_id = 17)
                    Rows Removed by Filter: 14467502
              ->  Hash  (cost=61283.27..61283.27 rows=2528527 width=4) (actual time=1821.217..1821.217 rows=2528312 loops=1)
                    Buckets: 131072  Batches: 64  Memory Usage: 2425kB
                    ->  Seq Scan on title t  (cost=0.00..61283.27 rows=2528527 width=4) (actual time=0.026..955.869 rows=2528312 loops=1)
Planning time: 1.119 ms
Execution time: 13628.697 ms
