Hash Join  (cost=58375.44..409626.19 rows=5 width=0) (actual time=7544.581..18627.266 rows=700 loops=1)
  Hash Cond: (mi.movie_id = t.id)
  ->  Seq Scan on movie_info mi  (cost=0.00..346232.03 rows=1338312 width=4) (actual time=4618.299..15931.885 rows=1401902 loops=1)
        Filter: (info_type_id = 7)
        Rows Removed by Filter: 13433818
  ->  Hash  (cost=58375.31..58375.31 rows=10 width=8) (actual time=2388.024..2388.024 rows=183 loops=1)
        Buckets: 1024  Batches: 1  Memory Usage: 16kB
        ->  Nested Loop  (cost=0.43..58375.31 rows=10 width=8) (actual time=137.669..2387.864 rows=183 loops=1)
              ->  Seq Scan on movie_companies mc  (cost=0.00..57926.93 rows=53 width=4) (actual time=137.540..2353.013 rows=183 loops=1)
                    Filter: ((company_id = 17641) AND (company_type_id = 2))
                    Rows Removed by Filter: 2608946
              ->  Index Scan using title_pkey on title t  (cost=0.43..8.45 rows=1 width=4) (actual time=0.188..0.188 rows=1 loops=183)
                    Index Cond: (id = mc.movie_id)
                    Filter: (production_year < 1978)
Planning time: 1.145 ms
Execution time: 18627.568 ms
