Hash Join  (cost=190230.21..1061846.47 rows=2249569 width=0) (actual time=10086.476..20333.005 rows=6061444 loops=1)
  Hash Cond: (ci.movie_id = t.id)
  ->  Seq Scan on cast_info ci  (cost=0.00..796071.18 rows=4121704 width=4) (actual time=37.127..11676.777 rows=5328154 loops=1)
        Filter: ((person_id < 714766) AND (role_id < 3))
        Rows Removed by Filter: 30916190
  ->  Hash  (cost=167588.78..167588.78 rows=1380035 width=8) (actual time=4165.052..4165.052 rows=1380035 loops=1)
        Buckets: 131072  Batches: 32  Memory Usage: 2708kB
        ->  Hash Join  (cost=102767.86..167588.78 rows=1380035 width=8) (actual time=1898.762..3784.578 rows=1380035 loops=1)
              Hash Cond: (mi_idx.movie_id = t.id)
              ->  Seq Scan on movie_info_idx mi_idx  (cost=0.00..21735.35 rows=1380035 width=4) (actual time=0.020..440.953 rows=1380035 loops=1)
              ->  Hash  (cost=61283.27..61283.27 rows=2528527 width=4) (actual time=1897.395..1897.395 rows=2528312 loops=1)
                    Buckets: 131072  Batches: 64  Memory Usage: 2415kB
                    ->  Seq Scan on title t  (cost=0.00..61283.27 rows=2528527 width=4) (actual time=0.018..1074.556 rows=2528312 loops=1)
Planning time: 1.114 ms
Execution time: 21001.864 ms
