Hash Join  (cost=102767.86..199374.16 rows=1467950 width=0) (actual time=1843.850..4358.113 rows=1471629 loops=1)
  Hash Cond: (mc.movie_id = t.id)
  ->  Seq Scan on movie_companies mc  (cost=0.00..51404.11 rows=1467950 width=4) (actual time=0.020..930.762 rows=1471629 loops=1)
        Filter: (company_id > 8494)
        Rows Removed by Filter: 1137500
  ->  Hash  (cost=61283.27..61283.27 rows=2528527 width=4) (actual time=1842.937..1842.937 rows=2528312 loops=1)
        Buckets: 131072  Batches: 64  Memory Usage: 2415kB
        ->  Seq Scan on title t  (cost=0.00..61283.27 rows=2528527 width=4) (actual time=0.016..994.476 rows=2528312 loops=1)
Planning time: 0.698 ms
Execution time: 4532.050 ms
