Hash Join  (cost=102767.86..191035.22 rows=850365 width=0) (actual time=1835.503..3634.187 rows=535747 loops=1)
  Hash Cond: (mc.movie_id = t.id)
  ->  Seq Scan on movie_companies mc  (cost=0.00..57926.93 rows=850365 width=4) (actual time=0.031..991.719 rows=535747 loops=1)
        Filter: ((company_id < 18631) AND (company_type_id = 2))
        Rows Removed by Filter: 2073382
  ->  Hash  (cost=61283.27..61283.27 rows=2528527 width=4) (actual time=1833.874..1833.874 rows=2528312 loops=1)
        Buckets: 131072  Batches: 64  Memory Usage: 2415kB
        ->  Seq Scan on title t  (cost=0.00..61283.27 rows=2528527 width=4) (actual time=0.020..925.741 rows=2528312 loops=1)
Planning time: 0.754 ms
Execution time: 3696.470 ms
