Seq Scan on cast_info ci  (cost=0.00..796071.18 rows=382 width=0) (actual time=7037.813..13169.281 rows=444 loops=1)
  Filter: ((role_id < 6) AND (person_id = 538951))
  Rows Removed by Filter: 36243900
Planning time: 0.944 ms
Execution time: 13173.585 ms
