Nested Loop  (cost=0.43..111570.07 rows=4072 width=0) (actual time=1.247..4162.163 rows=2908 loops=1)
  ->  Seq Scan on movie_keyword mk  (cost=0.00..81003.12 rows=4072 width=4) (actual time=1.200..3790.691 rows=2908 loops=1)
        Filter: (keyword_id = 20330)
        Rows Removed by Filter: 4521022
  ->  Index Only Scan using title_pkey on title t  (cost=0.43..7.50 rows=1 width=4) (actual time=0.126..0.127 rows=1 loops=2908)
        Index Cond: (id = mk.movie_id)
        Heap Fetches: 2908
Planning time: 0.804 ms
Execution time: 4163.158 ms
