Seq Scan on movie_keyword mk  (cost=0.00..81003.12 rows=1544322 width=0) (actual time=0.020..1309.783 rows=1552994 loops=1)
  Filter: (keyword_id < 2297)
  Rows Removed by Filter: 2970936
Planning time: 0.223 ms
Execution time: 1504.389 ms
