Hash Join  (cost=709678.15..1069507.18 rows=717 width=0) (actual time=11802.697..14307.395 rows=44 loops=1)
  Hash Cond: (mi.movie_id = t.id)
  ->  Seq Scan on movie_info mi  (cost=0.00..346232.03 rows=3623957 width=4) (actual time=0.024..5048.273 rows=3624977 loops=1)
        Filter: (info_type_id < 4)
        Rows Removed by Filter: 11210743
  ->  Hash  (cost=709671.90..709671.90 rows=500 width=8) (actual time=8778.674..8778.674 rows=22 loops=1)
        Buckets: 1024  Batches: 1  Memory Usage: 9kB
        ->  Nested Loop  (cost=0.43..709671.90 rows=500 width=8) (actual time=711.422..8778.630 rows=22 loops=1)
              ->  Seq Scan on cast_info ci  (cost=0.00..705507.15 rows=500 width=4) (actual time=711.312..8778.005 rows=22 loops=1)
                    Filter: (person_id = 1919451)
                    Rows Removed by Filter: 36244322
              ->  Index Only Scan using title_pkey on title t  (cost=0.43..8.32 rows=1 width=4) (actual time=0.025..0.026 rows=1 loops=22)
                    Index Cond: (id = ci.movie_id)
                    Heap Fetches: 22
Planning time: 1.166 ms
Execution time: 14307.561 ms
