Hash Join  (cost=131880.61..626773.75 rows=1413920 width=0) (actual time=2682.668..16398.639 rows=4708401 loops=1)
  Hash Cond: (mi.movie_id = t.id)
  ->  Seq Scan on movie_info mi  (cost=0.00..309384.22 rows=14739122 width=4) (actual time=0.013..5577.741 rows=14835720 loops=1)
  ->  Hash  (cost=127900.60..127900.60 rows=242561 width=8) (actual time=2681.883..2681.883 rows=297009 loops=1)
        Buckets: 131072  Batches: 4  Memory Usage: 3938kB
        ->  Hash Join  (cost=89762.59..127900.60 rows=242561 width=8) (actual time=1554.108..2584.141 rows=297009 loops=1)
              Hash Cond: (mi_idx.movie_id = t.id)
              ->  Seq Scan on movie_info_idx mi_idx  (cost=0.00..25185.44 rows=454124 width=4) (actual time=0.016..441.623 rows=459925 loops=1)
                    Filter: (info_type_id = 100)
                    Rows Removed by Filter: 920110
              ->  Hash  (cost=67604.59..67604.59 rows=1350560 width=4) (actual time=1552.492..1552.492 rows=1348293 loops=1)
                    Buckets: 131072  Batches: 32  Memory Usage: 2505kB
                    ->  Seq Scan on title t  (cost=0.00..67604.59 rows=1350560 width=4) (actual time=0.016..1109.183 rows=1348293 loops=1)
                          Filter: (production_year < 2005)
                          Rows Removed by Filter: 1180019
Planning time: 1.110 ms
Execution time: 16985.872 ms
