Seq Scan on movie_keyword mk  (cost=0.00..81003.12 rows=2491670 width=0) (actual time=0.027..1202.114 rows=2484672 loops=1)
  Filter: (keyword_id < 6039)
  Rows Removed by Filter: 2039258
Planning time: 0.308 ms
Execution time: 1486.075 ms
