Hash Join  (cost=843586.41..1054182.12 rows=1237681 width=0) (actual time=20183.211..25091.232 rows=3404378 loops=1)
  Hash Cond: (mk.movie_id = t.id)
  ->  Seq Scan on movie_keyword mk  (cost=0.00..69693.30 rows=4523930 width=4) (actual time=0.022..1372.824 rows=4523930 loops=1)
  ->  Hash  (cost=832236.31..832236.31 rows=691768 width=8) (actual time=20180.203..20180.203 rows=762568 loops=1)
        Buckets: 131072  Batches: 16  Memory Usage: 2811kB
        ->  Hash Join  (cost=74529.47..832236.31 rows=691768 width=8) (actual time=946.540..18654.958 rows=762568 loops=1)
              Hash Cond: (ci.movie_id = t.id)
              ->  Seq Scan on cast_info ci  (cost=0.00..614943.12 rows=36225612 width=4) (actual time=0.007..7618.407 rows=36244344 loops=1)
              ->  Hash  (cost=73925.90..73925.90 rows=48285 width=4) (actual time=946.127..946.127 rows=34476 loops=1)
                    Buckets: 65536  Batches: 1  Memory Usage: 1725kB
                    ->  Seq Scan on title t  (cost=0.00..73925.90 rows=48285 width=4) (actual time=414.670..932.820 rows=34476 loops=1)
                          Filter: ((production_year > 2003) AND (kind_id = 3))
                          Rows Removed by Filter: 2493836
Planning time: 1.181 ms
Execution time: 25529.768 ms
