Hash Join  (cost=88359.31..248118.30 rows=2229248 width=0) (actual time=1595.106..6076.404 rows=2876695 loops=1)
  Hash Cond: (mk.movie_id = t.id)
  ->  Seq Scan on movie_keyword mk  (cost=0.00..81003.12 rows=4455836 width=4) (actual time=0.016..1696.243 rows=4457462 loops=1)
        Filter: (keyword_id < 92530)
        Rows Removed by Filter: 66468
  ->  Hash  (cost=67604.59..67604.59 rows=1265018 width=4) (actual time=1594.240..1594.240 rows=1263700 loops=1)
        Buckets: 131072  Batches: 32  Memory Usage: 2418kB
        ->  Seq Scan on title t  (cost=0.00..67604.59 rows=1265018 width=4) (actual time=0.008..1162.021 rows=1263700 loops=1)
              Filter: (production_year < 2004)
              Rows Removed by Filter: 1264612
Planning time: 0.527 ms
Execution time: 6402.079 ms
