Hash Join  (cost=102767.86..223718.59 rows=2479669 width=0) (actual time=1893.675..5363.155 rows=2480475 loops=1)
  Hash Cond: (mc.movie_id = t.id)
  ->  Seq Scan on movie_companies mc  (cost=0.00..51404.11 rows=2479669 width=4) (actual time=0.023..1160.015 rows=2480475 loops=1)
        Filter: (company_id < 141906)
        Rows Removed by Filter: 128654
  ->  Hash  (cost=61283.27..61283.27 rows=2528527 width=4) (actual time=1892.295..1892.295 rows=2528312 loops=1)
        Buckets: 131072  Batches: 64  Memory Usage: 2415kB
        ->  Seq Scan on title t  (cost=0.00..61283.27 rows=2528527 width=4) (actual time=0.009..1047.734 rows=2528312 loops=1)
Planning time: 0.714 ms
Execution time: 5649.303 ms
