Seq Scan on movie_companies mc  (cost=0.00..57926.93 rows=445032 width=0) (actual time=543.177..806.396 rows=129370 loops=1)
  Filter: ((company_id > 20392) AND (company_type_id < 2))
  Rows Removed by Filter: 2479759
Planning time: 0.307 ms
Execution time: 823.477 ms
