Seq Scan on cast_info ci  (cost=0.00..796071.18 rows=420 width=0) (actual time=9388.664..11731.311 rows=135 loops=1)
  Filter: ((role_id < 9) AND (person_id = 2153992))
  Rows Removed by Filter: 36244209
Planning time: 0.251 ms
Execution time: 11731.452 ms
