Seq Scan on movie_keyword mk  (cost=0.00..81003.12 rows=2575705 width=0) (actual time=0.018..1442.959 rows=2566634 loops=1)
  Filter: (keyword_id < 6538)
  Rows Removed by Filter: 1957296
Planning time: 0.218 ms
Execution time: 1767.783 ms
