Hash Join  (cost=102767.86..251383.82 rows=2399313 width=0) (actual time=1854.021..5526.202 rows=2400187 loops=1)
  Hash Cond: (mk.movie_id = t.id)
  ->  Seq Scan on movie_keyword mk  (cost=0.00..81003.12 rows=2399313 width=4) (actual time=0.020..1466.127 rows=2400187 loops=1)
        Filter: (keyword_id < 5591)
        Rows Removed by Filter: 2123743
  ->  Hash  (cost=61283.27..61283.27 rows=2528527 width=4) (actual time=1851.014..1851.014 rows=2528312 loops=1)
        Buckets: 131072  Batches: 64  Memory Usage: 2425kB
        ->  Seq Scan on title t  (cost=0.00..61283.27 rows=2528527 width=4) (actual time=0.021..976.651 rows=2528312 loops=1)
Planning time: 0.714 ms
Execution time: 5816.572 ms
