Seq Scan on movie_companies mc  (cost=0.00..57926.93 rows=263029 width=0) (actual time=0.027..952.517 rows=138709 loops=1)
  Filter: ((company_id < 475) AND (company_type_id > 1))
  Rows Removed by Filter: 2470420
Planning time: 0.334 ms
Execution time: 970.686 ms
