Hash Join  (cost=73994.33..128716.33 rows=5648 width=0) (actual time=1234.845..2464.259 rows=12984 loops=1)
  Hash Cond: (mc.movie_id = t.id)
  ->  Seq Scan on movie_companies mc  (cost=0.00..44881.29 rows=2609129 width=4) (actual time=0.026..631.519 rows=2609129 loops=1)
  ->  Hash  (cost=73925.90..73925.90 rows=5474 width=4) (actual time=1234.323..1234.323 rows=14797 loops=1)
        Buckets: 16384 (originally 8192)  Batches: 1 (originally 1)  Memory Usage: 649kB
        ->  Seq Scan on title t  (cost=0.00..73925.90 rows=5474 width=4) (actual time=0.083..1226.985 rows=14797 loops=1)
              Filter: ((kind_id > 1) AND (production_year = 1986))
              Rows Removed by Filter: 2513515
Planning time: 0.737 ms
Execution time: 2466.521 ms
