Hash Join  (cost=215148.74..343309.05 rows=1172696 width=0) (actual time=4199.920..7886.735 rows=3014895 loops=1)
  Hash Cond: (mk.movie_id = t.id)
  ->  Seq Scan on movie_keyword mk  (cost=0.00..81003.12 rows=2692060 width=4) (actual time=0.025..1550.317 rows=2685942 loops=1)
        Filter: (keyword_id < 7580)
        Rows Removed by Filter: 1837988
  ->  Hash  (cost=197077.50..197077.50 rows=1101459 width=8) (actual time=4199.144..4199.144 rows=882820 loops=1)
        Buckets: 131072  Batches: 16  Memory Usage: 3177kB
        ->  Hash Join  (cost=102767.86..197077.50 rows=1101459 width=8) (actual time=1800.156..3944.785 rows=882820 loops=1)
              Hash Cond: (mc.movie_id = t.id)
              ->  Seq Scan on movie_companies mc  (cost=0.00..57926.93 rows=1101459 width=4) (actual time=0.020..1023.658 rows=882820 loops=1)
                    Filter: ((company_id < 77181) AND (company_type_id > 1))
                    Rows Removed by Filter: 1726309
              ->  Hash  (cost=61283.27..61283.27 rows=2528527 width=4) (actual time=1798.388..1798.388 rows=2528312 loops=1)
                    Buckets: 131072  Batches: 64  Memory Usage: 2415kB
                    ->  Seq Scan on title t  (cost=0.00..61283.27 rows=2528527 width=4) (actual time=0.018..941.878 rows=2528312 loops=1)
Planning time: 1.110 ms
Execution time: 8264.022 ms
