Nested Loop  (cost=0.43..709671.90 rows=500 width=0) (actual time=3219.325..10004.687 rows=7 loops=1)
  ->  Seq Scan on cast_info ci  (cost=0.00..705507.15 rows=500 width=4) (actual time=3219.138..10004.349 rows=7 loops=1)
        Filter: (person_id = 3616623)
        Rows Removed by Filter: 36244337
  ->  Index Only Scan using title_pkey on title t  (cost=0.43..8.32 rows=1 width=4) (actual time=0.036..0.036 rows=1 loops=7)
        Index Cond: (id = ci.movie_id)
        Heap Fetches: 7
Planning time: 0.510 ms
Execution time: 10004.747 ms
