Seq Scan on movie_companies mc  (cost=0.00..57926.93 rows=865985 width=0) (actual time=73.326..947.322 rows=681340 loops=1)
  Filter: ((company_id > 2179) AND (company_type_id = 1))
  Rows Removed by Filter: 1927789
Planning time: 0.390 ms
Execution time: 1027.494 ms
