Seq Scan on movie_keyword mk  (cost=0.00..81003.12 rows=995089 width=0) (actual time=0.021..1278.335 rows=1004848 loops=1)
  Filter: (keyword_id > 18357)
  Rows Removed by Filter: 3519082
Planning time: 0.284 ms
Execution time: 1406.577 ms
