Hash Join  (cost=83074.74..139278.29 rows=124 width=0) (actual time=1295.328..2207.083 rows=70 loops=1)
  Hash Cond: (mc.movie_id = t.id)
  ->  Seq Scan on movie_companies mc  (cost=0.00..51404.11 rows=1279517 width=4) (actual time=0.020..869.872 rows=1274246 loops=1)
        Filter: (company_type_id < 2)
        Rows Removed by Filter: 1334883
  ->  Hash  (cost=83071.67..83071.67 rows=246 width=8) (actual time=1159.723..1159.723 rows=8 loops=1)
        Buckets: 1024  Batches: 1  Memory Usage: 9kB
        ->  Nested Loop  (cost=0.43..83071.67 rows=246 width=8) (actual time=16.709..1159.688 rows=8 loops=1)
              ->  Seq Scan on movie_keyword mk  (cost=0.00..81003.12 rows=246 width=4) (actual time=16.632..1159.249 rows=8 loops=1)
                    Filter: (keyword_id = 51853)
                    Rows Removed by Filter: 4523922
              ->  Index Only Scan using title_pkey on title t  (cost=0.43..8.40 rows=1 width=4) (actual time=0.044..0.045 rows=1 loops=8)
                    Index Cond: (id = mk.movie_id)
                    Heap Fetches: 8
Planning time: 1.006 ms
Execution time: 2207.201 ms
