Hash Join  (cost=86573.65..131485.39 rows=420725 width=0) (actual time=5251.687..7515.715 rows=236601 loops=1)
  Hash Cond: (mi_idx.movie_id = t.id)
  ->  Seq Scan on movie_info_idx mi_idx  (cost=0.00..21735.35 rows=1380035 width=4) (actual time=0.027..1439.767 rows=1380035 loops=1)
  ->  Hash  (cost=73925.90..73925.90 rows=770860 width=4) (actual time=5052.021..5052.021 rows=682281 loops=1)
        Buckets: 131072  Batches: 16  Memory Usage: 2522kB
        ->  Seq Scan on title t  (cost=0.00..73925.90 rows=770860 width=4) (actual time=0.018..4404.059 rows=682281 loops=1)
              Filter: ((production_year < 2004) AND (kind_id = 7))
              Rows Removed by Filter: 1846031
Planning time: 0.702 ms
Execution time: 7559.062 ms
