Hash Join  (cost=154733.70..240604.73 rows=21617 width=0) (actual time=3056.033..4527.697 rows=116425 loops=1)
  Hash Cond: (mk.movie_id = t.id)
  ->  Seq Scan on movie_keyword mk  (cost=0.00..81003.12 rows=349264 width=4) (actual time=0.028..1236.834 rows=363692 loops=1)
        Filter: (keyword_id < 335)
        Rows Removed by Filter: 4160238
  ->  Hash  (cost=152165.48..152165.48 rows=156497 width=8) (actual time=3055.292..3055.292 rows=272271 loops=1)
        Buckets: 131072  Batches: 4  Memory Usage: 3687kB
        ->  Hash Join  (cost=84197.31..152165.48 rows=156497 width=8) (actual time=1481.814..2978.914 rows=272271 loops=1)
              Hash Cond: (mc.movie_id = t.id)
              ->  Seq Scan on movie_companies mc  (cost=0.00..57926.93 rows=391271 width=4) (actual time=0.019..926.921 rows=712134 loops=1)
                    Filter: ((company_id > 33559) AND (company_type_id > 1))
                    Rows Removed by Filter: 1896995
              ->  Hash  (cost=67604.59..67604.59 rows=1011338 width=4) (actual time=1480.403..1480.403 rows=1012920 loops=1)
                    Buckets: 131072  Batches: 16  Memory Usage: 3250kB
                    ->  Seq Scan on title t  (cost=0.00..67604.59 rows=1011338 width=4) (actual time=0.020..1164.369 rows=1012920 loops=1)
                          Filter: (production_year > 2005)
                          Rows Removed by Filter: 1515392
Planning time: 1.149 ms
Execution time: 4543.853 ms
