Seq Scan on cast_info ci  (cost=0.00..796071.18 rows=1383267 width=0) (actual time=3255.697..10557.205 rows=3153043 loops=1)
  Filter: ((person_id > 3481058) AND (role_id > 2))
  Rows Removed by Filter: 33091301
Planning time: 2.639 ms
Execution time: 10958.348 ms
