Seq Scan on movie_keyword mk  (cost=0.00..81003.12 rows=246 width=0) (actual time=22.263..1164.154 rows=99 loops=1)
  Filter: (keyword_id = 40283)
  Rows Removed by Filter: 4523831
Planning time: 0.327 ms
Execution time: 1164.304 ms
