Seq Scan on cast_info ci  (cost=0.00..705507.15 rows=11787803 width=0) (actual time=35.105..11098.096 rows=11855956 loops=1)
  Filter: (person_id > 2504109)
  Rows Removed by Filter: 24388388
Planning time: 0.267 ms
Execution time: 12611.346 ms
