Hash Join  (cost=123133.70..195814.55 rows=81878 width=0) (actual time=2732.304..4130.990 rows=331240 loops=1)
  Hash Cond: (mc.movie_id = t.id)
  ->  Seq Scan on movie_companies mc  (cost=0.00..57926.93 rows=1144037 width=4) (actual time=252.882..1056.425 rows=967212 loops=1)
        Filter: ((company_id < 85904) AND (company_type_id = 2))
        Rows Removed by Filter: 1641917
  ->  Hash  (cost=120164.64..120164.64 rows=180965 width=8) (actual time=2478.435..2478.435 rows=420076 loops=1)
        Buckets: 131072 (originally 131072)  Batches: 8 (originally 4)  Memory Usage: 3085kB
        ->  Hash Join  (cost=79366.51..120164.64 rows=180965 width=8) (actual time=1229.653..2368.293 rows=420076 loops=1)
              Hash Cond: (mi_idx.movie_id = t.id)
              ->  Seq Scan on movie_info_idx mi_idx  (cost=0.00..21735.35 rows=1380035 width=4) (actual time=0.033..401.003 rows=1380035 loops=1)
              ->  Hash  (cost=73925.90..73925.90 rows=331568 width=4) (actual time=1228.781..1228.781 rows=445194 loops=1)
                    Buckets: 131072  Batches: 8  Memory Usage: 2992kB
                    ->  Seq Scan on title t  (cost=0.00..73925.90 rows=331568 width=4) (actual time=0.069..1087.386 rows=445194 loops=1)
                          Filter: ((kind_id < 7) AND (production_year < 1996))
                          Rows Removed by Filter: 2083118
Planning time: 2.175 ms
Execution time: 4173.569 ms
