Seq Scan on movie_companies mc  (cost=0.00..57926.93 rows=250354 width=0) (actual time=0.024..983.444 rows=372845 loops=1)
  Filter: ((company_id < 466) AND (company_type_id = 1))
  Rows Removed by Filter: 2236284
Planning time: 0.378 ms
Execution time: 1030.033 ms
