Hash Join  (cost=102767.86..196052.68 rows=1058824 width=0) (actual time=1758.906..4043.177 rows=1194202 loops=1)
  Hash Cond: (mc.movie_id = t.id)
  ->  Seq Scan on movie_companies mc  (cost=0.00..57926.93 rows=1058824 width=4) (actual time=0.021..1043.496 rows=1194202 loops=1)
        Filter: ((company_id > 506) AND (company_type_id = 2))
        Rows Removed by Filter: 1414927
  ->  Hash  (cost=61283.27..61283.27 rows=2528527 width=4) (actual time=1758.184..1758.184 rows=2528312 loops=1)
        Buckets: 131072  Batches: 64  Memory Usage: 2415kB
        ->  Seq Scan on title t  (cost=0.00..61283.27 rows=2528527 width=4) (actual time=0.017..914.561 rows=2528312 loops=1)
Planning time: 0.483 ms
Execution time: 4170.167 ms
