Hash Join  (cost=229313.75..1145827.19 rows=4449800 width=0) (actual time=7103.369..36881.627 rows=48180931 loops=1)
  Hash Cond: (ci.movie_id = t.id)
  ->  Seq Scan on cast_info ci  (cost=0.00..705507.15 rows=12726058 width=4) (actual time=1124.479..12557.574 rows=12670688 loops=1)
        Filter: (role_id = 1)
        Rows Removed by Filter: 23573656
  ->  Hash  (cost=214808.18..214808.18 rows=884126 width=8) (actual time=5976.963..5976.963 rows=2610685 loops=1)
        Buckets: 131072 (originally 131072)  Batches: 64 (originally 16)  Memory Usage: 3073kB
        ->  Hash Join  (cost=82033.88..214808.18 rows=884126 width=8) (actual time=1270.553..5206.789 rows=2610685 loops=1)
              Hash Cond: (mk.movie_id = t.id)
              ->  Seq Scan on movie_keyword mk  (cost=0.00..69693.30 rows=4523930 width=4) (actual time=0.017..1296.230 rows=4523930 loops=1)
              ->  Hash  (cost=73925.90..73925.90 rows=494158 width=4) (actual time=1269.696..1269.696 rows=581419 loops=1)
                    Buckets: 131072  Batches: 8  Memory Usage: 3600kB
                    ->  Seq Scan on title t  (cost=0.00..73925.90 rows=494158 width=4) (actual time=0.016..1084.182 rows=581419 loops=1)
                          Filter: ((kind_id < 7) AND (production_year < 2004))
                          Rows Removed by Filter: 1946893
Planning time: 1.197 ms
Execution time: 42074.619 ms
