Hash Join  (cost=85692.35..223327.43 rows=1283104 width=0) (actual time=4306.186..12573.969 rows=2446076 loops=1)
  Hash Cond: (mk.movie_id = t.id)
  ->  Seq Scan on movie_keyword mk  (cost=0.00..69693.30 rows=4523930 width=4) (actual time=0.027..4721.837 rows=4523930 loops=1)
  ->  Hash  (cost=73925.90..73925.90 rows=717156 width=4) (actual time=4305.425..4305.425 rows=620281 loops=1)
        Buckets: 131072  Batches: 16  Memory Usage: 2394kB
        ->  Seq Scan on title t  (cost=0.00..73925.90 rows=717156 width=4) (actual time=0.025..4046.255 rows=620281 loops=1)
              Filter: ((kind_id < 7) AND (production_year > 1986))
              Rows Removed by Filter: 1908031
Planning time: 2.163 ms
Execution time: 12912.053 ms
