Hash Join  (cost=250627.27..1567543.11 rows=23151770 width=0) (actual time=5886.981..50158.734 rows=62522812 loops=1)
  Hash Cond: (ci.movie_id = t.id)
  ->  Seq Scan on cast_info ci  (cost=0.00..614943.12 rows=36225612 width=4) (actual time=0.026..11493.931 rows=36244344 loops=1)
  ->  Hash  (cost=224114.52..224114.52 rows=1615980 width=8) (actual time=5885.189..5885.189 rows=1069450 loops=1)
        Buckets: 131072  Batches: 32  Memory Usage: 2392kB
        ->  Hash Join  (cost=82423.69..224114.52 rows=1615980 width=8) (actual time=1934.830..5553.536 rows=1069450 loops=1)
              Hash Cond: (mk.movie_id = t.id)
              ->  Seq Scan on movie_keyword mk  (cost=0.00..69693.30 rows=4523930 width=4) (actual time=0.015..1268.352 rows=4523930 loops=1)
              ->  Hash  (cost=67604.59..67604.59 rows=903208 width=4) (actual time=1933.274..1933.274 rows=904491 loops=1)
                    Buckets: 131072  Batches: 16  Memory Usage: 3017kB
                    ->  Seq Scan on title t  (cost=0.00..67604.59 rows=903208 width=4) (actual time=0.024..1004.403 rows=904491 loops=1)
                          Filter: (production_year > 2006)
                          Rows Removed by Filter: 1623821
Planning time: 2.024 ms
Execution time: 56301.113 ms
