Hash Join  (cost=791165.19..1158347.05 rows=252594 width=0) (actual time=13436.196..20721.981 rows=75133 loops=1)
  Hash Cond: (mi.movie_id = t.id)
  ->  Seq Scan on movie_info mi  (cost=0.00..309384.22 rows=14739122 width=4) (actual time=0.013..3557.490 rows=14835720 loops=1)
  ->  Hash  (cost=790623.52..790623.52 rows=43333 width=8) (actual time=13415.167..13415.167 rows=31973 loops=1)
        Buckets: 65536  Batches: 1  Memory Usage: 1761kB
        ->  Hash Join  (cost=74426.67..790623.52 rows=43333 width=8) (actual time=8938.515..13401.301 rows=31973 loops=1)
              Hash Cond: (ci.movie_id = t.id)
              ->  Seq Scan on cast_info ci  (cost=0.00..705507.15 rows=2735034 width=4) (actual time=7831.128..11623.848 rows=2728943 loops=1)
                    Filter: (role_id = 4)
                    Rows Removed by Filter: 33515401
              ->  Hash  (cost=73925.90..73925.90 rows=40061 width=4) (actual time=1106.449..1106.449 rows=40120 loops=1)
                    Buckets: 65536  Batches: 1  Memory Usage: 1923kB
                    ->  Seq Scan on title t  (cost=0.00..73925.90 rows=40061 width=4) (actual time=48.310..1089.623 rows=40120 loops=1)
                          Filter: ((kind_id = 7) AND (production_year = 2013))
                          Rows Removed by Filter: 2488192
Planning time: 1.157 ms
Execution time: 20732.656 ms
