Hash Join  (cost=190230.21..1186588.76 rows=6249628 width=0) (actual time=9973.164..28610.018 rows=11520870 loops=1)
  Hash Cond: (ci.movie_id = t.id)
  ->  Seq Scan on cast_info ci  (cost=0.00..796071.18 rows=11450690 width=4) (actual time=5652.510..15571.777 rows=10138721 loops=1)
        Filter: ((person_id > 336828) AND (role_id = 1))
        Rows Removed by Filter: 26105623
  ->  Hash  (cost=167588.78..167588.78 rows=1380035 width=8) (actual time=4319.248..4319.248 rows=1380035 loops=1)
        Buckets: 131072  Batches: 32  Memory Usage: 2708kB
        ->  Hash Join  (cost=102767.86..167588.78 rows=1380035 width=8) (actual time=1839.301..3886.638 rows=1380035 loops=1)
              Hash Cond: (mi_idx.movie_id = t.id)
              ->  Seq Scan on movie_info_idx mi_idx  (cost=0.00..21735.35 rows=1380035 width=4) (actual time=0.007..440.032 rows=1380035 loops=1)
              ->  Hash  (cost=61283.27..61283.27 rows=2528527 width=4) (actual time=1838.369..1838.369 rows=2528312 loops=1)
                    Buckets: 131072  Batches: 64  Memory Usage: 2415kB
                    ->  Seq Scan on title t  (cost=0.00..61283.27 rows=2528527 width=4) (actual time=0.011..988.155 rows=2528312 loops=1)
Planning time: 1.107 ms
Execution time: 30049.759 ms
