Hash Join  (cost=175953.78..664026.86 rows=774715 width=0) (actual time=3716.704..12564.850 rows=636215 loops=1)
  Hash Cond: (mi.movie_id = t.id)
  ->  Seq Scan on movie_info mi  (cost=0.00..309384.22 rows=14739122 width=4) (actual time=0.018..4157.572 rows=14835720 loops=1)
  ->  Hash  (cost=173772.48..173772.48 rows=132904 width=8) (actual time=3714.846..3714.846 rows=59966 loops=1)
        Buckets: 131072  Batches: 2  Memory Usage: 2206kB
        ->  Hash Join  (cost=102767.86..173772.48 rows=132904 width=8) (actual time=2730.022..3692.298 rows=59966 loops=1)
              Hash Cond: (mc.movie_id = t.id)
              ->  Seq Scan on movie_companies mc  (cost=0.00..57926.93 rows=132904 width=4) (actual time=202.238..736.074 rows=59966 loops=1)
                    Filter: ((company_id < 127) AND (company_type_id = 2))
                    Rows Removed by Filter: 2549163
              ->  Hash  (cost=61283.27..61283.27 rows=2528527 width=4) (actual time=2526.476..2526.476 rows=2528312 loops=1)
                    Buckets: 131072  Batches: 64  Memory Usage: 2415kB
                    ->  Seq Scan on title t  (cost=0.00..61283.27 rows=2528527 width=4) (actual time=0.015..936.607 rows=2528312 loops=1)
Planning time: 0.779 ms
Execution time: 12638.807 ms
