Seq Scan on movie_keyword mk  (cost=0.00..81003.12 rows=2130574 width=0) (actual time=0.013..1241.869 rows=2130130 loops=1)
  Filter: (keyword_id > 5556)
  Rows Removed by Filter: 2393800
Planning time: 0.347 ms
Execution time: 1505.471 ms
