Seq Scan on movie_keyword mk  (cost=0.00..81003.12 rows=1658490 width=0) (actual time=0.026..1297.552 rows=1669895 loops=1)
  Filter: (keyword_id < 2559)
  Rows Removed by Filter: 2854035
Planning time: 0.321 ms
Execution time: 1510.819 ms
