Hash Join  (cost=218330.15..753457.98 rows=3457999 width=0) (actual time=5424.238..38282.390 rows=93855885 loops=1)
  Hash Cond: (mi.movie_id = t.id)
  ->  Seq Scan on movie_info mi  (cost=0.00..309384.22 rows=14739122 width=4) (actual time=0.015..5343.050 rows=14835720 loops=1)
  ->  Hash  (cost=208596.81..208596.81 rows=593227 width=8) (actual time=5423.267..5423.267 rows=1872457 loops=1)
        Buckets: 131072 (originally 131072)  Batches: 32 (originally 8)  Memory Usage: 3359kB
        ->  Hash Join  (cost=79366.51..208596.81 rows=593227 width=8) (actual time=1147.073..4865.077 rows=1872457 loops=1)
              Hash Cond: (mk.movie_id = t.id)
              ->  Seq Scan on movie_keyword mk  (cost=0.00..69693.30 rows=4523930 width=4) (actual time=0.019..1327.393 rows=4523930 loops=1)
              ->  Hash  (cost=73925.90..73925.90 rows=331568 width=4) (actual time=1145.312..1145.312 rows=445194 loops=1)
                    Buckets: 131072  Batches: 8  Memory Usage: 2999kB
                    ->  Seq Scan on title t  (cost=0.00..73925.90 rows=331568 width=4) (actual time=0.034..1007.625 rows=445194 loops=1)
                          Filter: ((kind_id < 7) AND (production_year < 1996))
                          Rows Removed by Filter: 2083118
Planning time: 1.221 ms
Execution time: 47716.567 ms
