Seq Scan on cast_info ci  (cost=0.00..796071.18 rows=1246229 width=0) (actual time=17415.041..34681.912 rows=3335431 loops=1)
  Filter: ((person_id > 2664151) AND (role_id = 10))
  Rows Removed by Filter: 32908913
Planning time: 0.373 ms
Execution time: 35289.752 ms
