Seq Scan on movie_keyword mk  (cost=0.00..81003.12 rows=625300 width=12) (actual time=0.017..1553.642 rows=621177 loops=1)
  Filter: (keyword_id < 479)
  Rows Removed by Filter: 3902753
Planning time: 1.753 ms
Execution time: 1593.097 ms
