Seq Scan on cast_info ci  (cost=0.00..796071.18 rows=175103 width=0) (actual time=1392.151..12838.032 rows=244040 loops=1)
  Filter: ((person_id > 1783162) AND (role_id > 10))
  Rows Removed by Filter: 36000304
Planning time: 0.331 ms
Execution time: 12866.818 ms
