Hash Join  (cost=149390.61..274577.81 rows=261417 width=0) (actual time=2804.390..6590.989 rows=1967800 loops=1)
  Hash Cond: (mk.movie_id = t.id)
  ->  Seq Scan on movie_keyword mk  (cost=0.00..69693.30 rows=4523930 width=4) (actual time=0.019..1276.794 rows=4523930 loops=1)
  ->  Hash  (cost=146993.21..146993.21 rows=146112 width=8) (actual time=2801.824..2801.824 rows=292856 loops=1)
        Buckets: 131072 (originally 131072)  Batches: 4 (originally 2)  Memory Usage: 3885kB
        ->  Hash Join  (cost=69928.56..146993.21 rows=146112 width=8) (actual time=1026.714..2710.113 rows=292856 loops=1)
              Hash Cond: (mc.movie_id = t.id)
              ->  Seq Scan on movie_companies mc  (cost=0.00..44881.29 rows=2609129 width=4) (actual time=0.023..727.087 rows=2609129 loops=1)
              ->  Hash  (cost=67604.59..67604.59 rows=141598 width=4) (actual time=1020.855..1020.855 rows=143333 loops=1)
                    Buckets: 131072  Batches: 2  Memory Usage: 3541kB
                    ->  Seq Scan on title t  (cost=0.00..67604.59 rows=141598 width=4) (actual time=22.216..971.022 rows=143333 loops=1)
                          Filter: (production_year < 1941)
                          Rows Removed by Filter: 2384979
Planning time: 1.118 ms
Execution time: 6830.996 ms
