Hash Join  (cost=85595.27..129948.54 rows=388179 width=0) (actual time=2015.450..3184.711 rows=635171 loops=1)
  Hash Cond: (mi_idx.movie_id = t.id)
  ->  Seq Scan on movie_info_idx mi_idx  (cost=0.00..21735.35 rows=1380035 width=4) (actual time=0.013..382.562 rows=1380035 loops=1)
  ->  Hash  (cost=73925.90..73925.90 rows=711229 width=4) (actual time=2014.526..2014.526 rows=612155 loops=1)
        Buckets: 131072  Batches: 16  Memory Usage: 2368kB
        ->  Seq Scan on title t  (cost=0.00..73925.90 rows=711229 width=4) (actual time=0.012..1116.891 rows=612155 loops=1)
              Filter: ((kind_id < 7) AND (production_year > 1987))
              Rows Removed by Filter: 1916157
Planning time: 0.734 ms
Execution time: 3249.884 ms
