Hash Join  (cost=211896.57..716625.53 rows=4430777 width=0) (actual time=5424.155..19375.325 rows=13610850 loops=1)
  Hash Cond: (mi.movie_id = t.id)
  ->  Seq Scan on movie_info mi  (cost=0.00..346232.03 rows=9476311 width=4) (actual time=674.727..6012.769 rows=9565151 loops=1)
        Filter: (info_type_id < 16)
        Rows Removed by Filter: 5270569
  ->  Hash  (cost=192499.48..192499.48 rows=1182247 width=8) (actual time=4748.220..4748.220 rows=1193595 loops=1)
        Buckets: 131072  Batches: 16  Memory Usage: 3972kB
        ->  Hash Join  (cost=102767.86..192499.48 rows=1182247 width=8) (actual time=1801.921..4346.859 rows=1193595 loops=1)
              Hash Cond: (mc.movie_id = t.id)
              ->  Seq Scan on movie_companies mc  (cost=0.00..51404.11 rows=1182247 width=4) (actual time=0.031..852.353 rows=1193595 loops=1)
                    Filter: (company_id > 12453)
                    Rows Removed by Filter: 1415534
              ->  Hash  (cost=61283.27..61283.27 rows=2528527 width=4) (actual time=1800.434..1800.434 rows=2528312 loops=1)
                    Buckets: 131072  Batches: 64  Memory Usage: 2415kB
                    ->  Seq Scan on title t  (cost=0.00..61283.27 rows=2528527 width=4) (actual time=0.016..976.806 rows=2528312 loops=1)
Planning time: 1.188 ms
Execution time: 20979.602 ms
