Hash Join  (cost=83810.17..188003.25 rows=488115 width=0) (actual time=1497.713..3933.329 rows=1110221 loops=1)
  Hash Cond: (mk.movie_id = t.id)
  ->  Seq Scan on movie_keyword mk  (cost=0.00..81003.12 rows=1249548 width=4) (actual time=0.017..1376.223 rows=1265640 loops=1)
        Filter: (keyword_id < 1617)
        Rows Removed by Filter: 3258290
  ->  Hash  (cost=67604.59..67604.59 rows=987727 width=4) (actual time=1496.339..1496.339 rows=985048 loops=1)
        Buckets: 131072  Batches: 16  Memory Usage: 3197kB
        ->  Seq Scan on title t  (cost=0.00..67604.59 rows=987727 width=4) (actual time=0.018..1166.774 rows=985048 loops=1)
              Filter: (kind_id < 7)
              Rows Removed by Filter: 1543264
Planning time: 0.775 ms
Execution time: 4068.530 ms
