Hash Join  (cost=87180.69..576597.92 rows=4014917 width=0) (actual time=3623.677..14237.958 rows=3135079 loops=1)
  Hash Cond: (mi.movie_id = t.id)
  ->  Seq Scan on movie_info mi  (cost=0.00..346232.03 rows=8508011 width=4) (actual time=1788.509..6053.882 rows=8612226 loops=1)
        Filter: (info_type_id < 9)
        Rows Removed by Filter: 6223494
  ->  Hash  (cost=67604.59..67604.59 rows=1193208 width=4) (actual time=1833.805..1833.805 rows=1192518 loops=1)
        Buckets: 131072  Batches: 16  Memory Usage: 3653kB
        ->  Seq Scan on title t  (cost=0.00..67604.59 rows=1193208 width=4) (actual time=0.030..1203.122 rows=1192518 loops=1)
              Filter: (production_year > 2003)
              Rows Removed by Filter: 1335794
Planning time: 0.721 ms
Execution time: 14613.818 ms
