Hash Join  (cost=156269.70..520961.01 rows=3539 width=0) (actual time=2422.778..8704.854 rows=1546 loops=1)
  Hash Cond: (mi.movie_id = t.id)
  ->  Seq Scan on movie_info mi  (cost=0.00..309384.22 rows=14739122 width=4) (actual time=0.024..3795.290 rows=14835720 loops=1)
  ->  Hash  (cost=156262.11..156262.11 rows=607 width=8) (actual time=2345.930..2345.930 rows=161 loops=1)
        Buckets: 1024  Batches: 1  Memory Usage: 15kB
        ->  Hash Join  (cost=73982.55..156262.11 rows=607 width=8) (actual time=1923.559..2345.779 rows=161 loops=1)
              Hash Cond: (mk.movie_id = t.id)
              ->  Seq Scan on movie_keyword mk  (cost=0.00..81003.12 rows=338764 width=4) (actual time=0.018..1222.365 rows=335929 loops=1)
                    Filter: (keyword_id > 49136)
                    Rows Removed by Filter: 4188001
              ->  Hash  (cost=73925.90..73925.90 rows=4532 width=4) (actual time=1053.703..1053.703 rows=11588 loops=1)
                    Buckets: 16384 (originally 8192)  Batches: 1 (originally 1)  Memory Usage: 536kB
                    ->  Seq Scan on title t  (cost=0.00..73925.90 rows=4532 width=4) (actual time=0.034..1048.199 rows=11588 loops=1)
                          Filter: ((kind_id = 7) AND (production_year = 1986))
                          Rows Removed by Filter: 2516724
Planning time: 1.333 ms
Execution time: 8705.343 ms
