Seq Scan on movie_keyword mk  (cost=0.00..81003.12 rows=857134 width=0) (actual time=0.026..1175.170 rows=865989 loops=1)
  Filter: (keyword_id > 21292)
  Rows Removed by Filter: 3657941
Planning time: 0.324 ms
Execution time: 1284.476 ms
