Hash Join  (cost=188138.13..215284.85 rows=23624 width=0) (actual time=3170.504..3784.616 rows=25221 loops=1)
  Hash Cond: (mi_idx.movie_id = t.id)
  ->  Seq Scan on movie_info_idx mi_idx  (cost=0.00..21735.35 rows=1380035 width=4) (actual time=0.018..296.928 rows=1380035 loops=1)
  ->  Hash  (cost=187597.07..187597.07 rows=43285 width=8) (actual time=3170.009..3170.009 rows=51102 loops=1)
        Buckets: 65536  Batches: 1  Memory Usage: 2509kB
        ->  Hash Join  (cost=98137.04..187597.07 rows=43285 width=8) (actual time=1711.546..3150.138 rows=51102 loops=1)
              Hash Cond: (mk.movie_id = t.id)
              ->  Seq Scan on movie_keyword mk  (cost=0.00..81003.12 rows=58811 width=4) (actual time=0.050..1073.333 rows=58448 loops=1)
                    Filter: (keyword_id = 16264)
                    Rows Removed by Filter: 4465482
              ->  Hash  (cost=67604.59..67604.59 rows=1860996 width=4) (actual time=1709.922..1709.922 rows=1865487 loops=1)
                    Buckets: 131072  Batches: 32  Memory Usage: 3085kB
                    ->  Seq Scan on title t  (cost=0.00..67604.59 rows=1860996 width=4) (actual time=0.018..1115.449 rows=1865487 loops=1)
                          Filter: (kind_id > 1)
                          Rows Removed by Filter: 662825
Planning time: 0.753 ms
Execution time: 3788.395 ms
