Hash Join  (cost=1022535.37..1785001.09 rows=19584018 width=0) (actual time=24858.823..66462.255 rows=114058824 loops=1)
  Hash Cond: (mi.movie_id = t.id)
  ->  Seq Scan on movie_info mi  (cost=0.00..309384.22 rows=14739122 width=4) (actual time=0.013..5396.140 rows=14835720 loops=1)
  ->  Hash  (cost=967415.38..967415.38 rows=3359679 width=8) (actual time=24857.339..24857.339 rows=3811955 loops=1)
        Buckets: 131072  Batches: 64  Memory Usage: 3485kB
        ->  Hash Join  (cost=78556.72..967415.38 rows=3359679 width=8) (actual time=2907.444..22933.099 rows=3811955 loops=1)
              Hash Cond: (ci.movie_id = t.id)
              ->  Seq Scan on cast_info ci  (cost=0.00..705507.15 rows=12726058 width=4) (actual time=1782.578..12379.430 rows=12670688 loops=1)
                    Filter: (role_id = 1)
                    Rows Removed by Filter: 23573656
              ->  Hash  (cost=67604.59..67604.59 rows=667531 width=4) (actual time=1123.859..1123.859 rows=662825 loops=1)
                    Buckets: 131072  Batches: 16  Memory Usage: 2476kB
                    ->  Seq Scan on title t  (cost=0.00..67604.59 rows=667531 width=4) (actual time=0.038..844.719 rows=662825 loops=1)
                          Filter: (kind_id = 1)
                          Rows Removed by Filter: 1865487
Planning time: 1.218 ms
Execution time: 78826.433 ms
