Seq Scan on movie_keyword mk  (cost=0.00..81003.12 rows=590280 width=0) (actual time=0.024..3938.933 rows=597043 loops=1)
  Filter: (keyword_id < 438)
  Rows Removed by Filter: 3926887
Planning time: 0.341 ms
Execution time: 4098.892 ms
