Hash Join  (cost=74006.08..825584.78 rows=30955 width=0) (actual time=514.263..15063.741 rows=28616 loops=1)
  Hash Cond: (ci.movie_id = t.id)
  ->  Seq Scan on cast_info ci  (cost=0.00..705507.15 rows=12203201 width=4) (actual time=0.017..12322.119 rows=12113646 loops=1)
        Filter: (role_id > 3)
        Rows Removed by Filter: 24130698
  ->  Hash  (cost=73925.90..73925.90 rows=6414 width=4) (actual time=513.909..513.909 rows=7736 loops=1)
        Buckets: 8192  Batches: 1  Memory Usage: 336kB
        ->  Seq Scan on title t  (cost=0.00..73925.90 rows=6414 width=4) (actual time=14.640..511.293 rows=7736 loops=1)
              Filter: ((kind_id = 4) AND (production_year = 2010))
              Rows Removed by Filter: 2520576
Planning time: 0.733 ms
Execution time: 15069.703 ms
