Hash Join  (cost=73930.93..135811.95 rows=168 width=0) (actual time=1509.029..2085.614 rows=9 loops=1)
  Hash Cond: (mc.movie_id = t.id)
  ->  Seq Scan on movie_companies mc  (cost=0.00..57926.93 rows=1053976 width=4) (actual time=0.028..981.984 rows=1193785 loops=1)
        Filter: ((company_id > 530) AND (company_type_id = 2))
        Rows Removed by Filter: 1415344
  ->  Hash  (cost=73925.90..73925.90 rows=402 width=4) (actual time=929.224..929.224 rows=137 loops=1)
        Buckets: 1024  Batches: 1  Memory Usage: 13kB
        ->  Seq Scan on title t  (cost=0.00..73925.90 rows=402 width=4) (actual time=41.873..929.073 rows=137 loops=1)
              Filter: ((production_year > 2013) AND (kind_id = 7))
              Rows Removed by Filter: 2528175
Planning time: 0.684 ms
Execution time: 2085.705 ms
