Hash Join  (cost=467813.85..611988.60 rows=1043261 width=0) (actual time=7927.362..14189.640 rows=8415451 loops=1)
  Hash Cond: (mk.movie_id = t.id)
  ->  Seq Scan on movie_keyword mk  (cost=0.00..81003.12 rows=4356538 width=4) (actual time=0.023..1659.358 rows=4361792 loops=1)
        Filter: (keyword_id < 72680)
        Rows Removed by Filter: 162138
  ->  Hash  (cost=457879.01..457879.01 rows=605507 width=8) (actual time=7925.975..7925.975 rows=1519569 loops=1)
        Buckets: 131072 (originally 131072)  Batches: 32 (originally 8)  Memory Usage: 3073kB
        ->  Hash Join  (cost=83810.17..457879.01 rows=605507 width=8) (actual time=3605.394..7399.830 rows=1519569 loops=1)
              Hash Cond: (mi.movie_id = t.id)
              ->  Seq Scan on movie_info mi  (cost=0.00..346232.03 rows=1550064 width=4) (actual time=2358.234..4573.110 rows=1533909 loops=1)
                    Filter: (info_type_id = 3)
                    Rows Removed by Filter: 13301811
              ->  Hash  (cost=67604.59..67604.59 rows=987727 width=4) (actual time=1246.175..1246.175 rows=985048 loops=1)
                    Buckets: 131072  Batches: 16  Memory Usage: 3197kB
                    ->  Seq Scan on title t  (cost=0.00..67604.59 rows=987727 width=4) (actual time=0.028..931.392 rows=985048 loops=1)
                          Filter: (kind_id < 7)
                          Rows Removed by Filter: 1543264
Planning time: 1.055 ms
Execution time: 15203.630 ms
