Hash Join  (cost=108042.00..472886.68 rows=18875 width=0) (actual time=890.420..6673.718 rows=11970 loops=1)
  Hash Cond: (mi.movie_id = t.id)
  ->  Seq Scan on movie_info mi  (cost=0.00..309384.22 rows=14739122 width=4) (actual time=0.009..3280.963 rows=14835720 loops=1)
  ->  Hash  (cost=108001.52..108001.52 rows=3238 width=8) (actual time=808.883..808.883 rows=1636 loops=1)
        Buckets: 4096  Batches: 1  Memory Usage: 96kB
        ->  Nested Loop  (cost=0.43..108001.52 rows=3238 width=8) (actual time=61.817..808.034 rows=1636 loops=1)
              ->  Seq Scan on movie_companies mc  (cost=0.00..51404.11 rows=8349 width=4) (actual time=8.288..682.648 rows=9025 loops=1)
                    Filter: (company_id = 225)
                    Rows Removed by Filter: 2600104
              ->  Index Scan using title_pkey on title t  (cost=0.43..6.77 rows=1 width=4) (actual time=0.013..0.013 rows=0 loops=9025)
                    Index Cond: (id = mc.movie_id)
                    Filter: ((production_year > 1995) AND (kind_id = 7))
                    Rows Removed by Filter: 1
Planning time: 1.271 ms
Execution time: 6675.541 ms
