Seq Scan on movie_keyword mk  (cost=0.00..81003.12 rows=4422804 width=0) (actual time=0.023..1407.654 rows=4424803 loops=1)
  Filter: (keyword_id < 82516)
  Rows Removed by Filter: 99127
Planning time: 0.320 ms
Execution time: 1945.076 ms
