Hash Join  (cost=325215.15..1892874.93 rows=40571036 width=0) (actual time=8516.416..68539.316 rows=115121141 loops=1)
  Hash Cond: (ci.movie_id = t.id)
  ->  Seq Scan on cast_info ci  (cost=0.00..705507.15 rows=31554923 width=4) (actual time=0.016..15900.409 rows=31605208 loops=1)
        Filter: (role_id < 10)
        Rows Removed by Filter: 4639136
  ->  Hash  (cost=271877.68..271877.68 rows=3250997 width=8) (actual time=8514.335..8514.335 rows=3241573 loops=1)
        Buckets: 131072  Batches: 64  Memory Usage: 3025kB
        ->  Hash Join  (cost=102767.86..271877.68 rows=3250997 width=8) (actual time=2447.167..7467.435 rows=3241573 loops=1)
              Hash Cond: (mk.movie_id = t.id)
              ->  Seq Scan on movie_keyword mk  (cost=0.00..81003.12 rows=3250997 width=4) (actual time=0.014..1564.013 rows=3241573 loops=1)
                    Filter: (keyword_id > 1657)
                    Rows Removed by Filter: 1282357
              ->  Hash  (cost=61283.27..61283.27 rows=2528527 width=4) (actual time=2446.200..2446.200 rows=2528312 loops=1)
                    Buckets: 131072  Batches: 64  Memory Usage: 2425kB
                    ->  Seq Scan on title t  (cost=0.00..61283.27 rows=2528527 width=4) (actual time=0.021..830.067 rows=2528312 loops=1)
Planning time: 1.132 ms
Execution time: 81196.349 ms
