Hash Join  (cost=173270.31..689758.71 rows=3437848 width=0) (actual time=3659.729..18651.743 rows=12062003 loops=1)
  Hash Cond: (mi.movie_id = t.id)
  ->  Seq Scan on movie_info mi  (cost=0.00..309384.22 rows=14739122 width=4) (actual time=0.027..5101.325 rows=14835720 loops=1)
  ->  Hash  (cost=163594.18..163594.18 rows=589770 width=8) (actual time=3658.859..3658.859 rows=464947 loops=1)
        Buckets: 131072  Batches: 8  Memory Usage: 3271kB
        ->  Hash Join  (cost=87180.69..163594.18 rows=589770 width=8) (actual time=1472.075..3521.315 rows=464947 loops=1)
              Hash Cond: (mc.movie_id = t.id)
              ->  Seq Scan on movie_companies mc  (cost=0.00..51404.11 rows=1249782 width=4) (actual time=0.023..848.560 rows=1240921 loops=1)
                    Filter: (company_id < 11147)
                    Rows Removed by Filter: 1368208
              ->  Hash  (cost=67604.59..67604.59 rows=1193208 width=4) (actual time=1471.187..1471.187 rows=1192518 loops=1)
                    Buckets: 131072  Batches: 16  Memory Usage: 3646kB
                    ->  Seq Scan on title t  (cost=0.00..67604.59 rows=1193208 width=4) (actual time=0.022..1099.762 rows=1192518 loops=1)
                          Filter: (production_year > 2003)
                          Rows Removed by Filter: 1335794
Planning time: 8.253 ms
Execution time: 19996.120 ms
