Nested Loop  (cost=0.43..52284.21 rows=31 width=0) (actual time=97.174..416.943 rows=116 loops=1)
  ->  Seq Scan on movie_companies mc  (cost=0.00..51404.11 rows=104 width=4) (actual time=97.104..409.301 rows=673 loops=1)
        Filter: (company_id = 8434)
        Rows Removed by Filter: 2608456
  ->  Index Scan using title_pkey on title t  (cost=0.43..8.45 rows=1 width=4) (actual time=0.011..0.011 rows=0 loops=673)
        Index Cond: (id = mc.movie_id)
        Filter: ((kind_id < 7) AND (production_year > 1982))
        Rows Removed by Filter: 1
Planning time: 0.746 ms
Execution time: 417.084 ms
