Hash Join  (cost=175027.18..1334129.98 rows=10762804 width=0) (actual time=3653.445..40283.918 rows=21904111 loops=1)
  Hash Cond: (ci.movie_id = t.id)
  ->  Seq Scan on cast_info ci  (cost=0.00..705507.15 rows=29610829 width=4) (actual time=0.020..14877.030 rows=29544027 loops=1)
        Filter: (person_id < 2990339)
        Rows Removed by Filter: 6700317
  ->  Hash  (cost=159947.97..159947.97 rows=919057 width=8) (actual time=3652.560..3652.560 rows=920110 loops=1)
        Buckets: 131072  Batches: 16  Memory Usage: 3269kB
        ->  Hash Join  (cost=102767.86..159947.97 rows=919057 width=8) (actual time=1720.022..3378.453 rows=920110 loops=1)
              Hash Cond: (mi_idx.movie_id = t.id)
              ->  Seq Scan on movie_info_idx mi_idx  (cost=0.00..25185.44 rows=919057 width=4) (actual time=0.020..507.955 rows=920110 loops=1)
                    Filter: (info_type_id > 99)
                    Rows Removed by Filter: 459925
              ->  Hash  (cost=61283.27..61283.27 rows=2528527 width=4) (actual time=1718.970..1718.970 rows=2528312 loops=1)
                    Buckets: 131072  Batches: 64  Memory Usage: 2415kB
                    ->  Seq Scan on title t  (cost=0.00..61283.27 rows=2528527 width=4) (actual time=0.025..893.487 rows=2528312 loops=1)
Planning time: 0.819 ms
Execution time: 42663.542 ms
