Hash Join  (cost=58375.56..809166.02 rows=129 width=0) (actual time=1699.807..16813.463 rows=34 loops=1)
  Hash Cond: (ci.movie_id = t.id)
  ->  Seq Scan on cast_info ci  (cost=0.00..614943.12 rows=36225612 width=4) (actual time=0.015..9077.643 rows=36244344 loops=1)
  ->  Hash  (cost=58375.45..58375.45 rows=9 width=8) (actual time=929.567..929.567 rows=6 loops=1)
        Buckets: 1024  Batches: 1  Memory Usage: 9kB
        ->  Nested Loop  (cost=0.43..58375.45 rows=9 width=8) (actual time=188.120..929.547 rows=6 loops=1)
              ->  Seq Scan on movie_companies mc  (cost=0.00..57926.93 rows=53 width=4) (actual time=188.049..911.280 rows=771 loops=1)
                    Filter: ((company_type_id > 1) AND (company_id = 71884))
                    Rows Removed by Filter: 2608358
              ->  Index Scan using title_pkey on title t  (cost=0.43..8.45 rows=1 width=4) (actual time=0.023..0.023 rows=0 loops=771)
                    Index Cond: (id = mc.movie_id)
                    Filter: ((kind_id < 7) AND (production_year > 2004))
                    Rows Removed by Filter: 1
Planning time: 1.190 ms
Execution time: 16813.658 ms
