Hash Join  (cost=78204.40..574229.38 rows=1520005 width=0) (actual time=1177.746..14060.997 rows=4201962 loops=1)
  Hash Cond: (mi.movie_id = t.id)
  ->  Seq Scan on movie_info mi  (cost=0.00..309384.22 rows=14739122 width=4) (actual time=0.015..4985.031 rows=14835720 loops=1)
  ->  Hash  (cost=73925.90..73925.90 rows=260760 width=4) (actual time=1176.744..1176.744 rows=373942 loops=1)
        Buckets: 131072 (originally 131072)  Batches: 8 (originally 4)  Memory Usage: 3073kB
        ->  Seq Scan on title t  (cost=0.00..73925.90 rows=260760 width=4) (actual time=0.017..1049.511 rows=373942 loops=1)
              Filter: ((kind_id < 7) AND (production_year < 1989))
              Rows Removed by Filter: 2154370
Planning time: 7.102 ms
Execution time: 14527.065 ms
