Seq Scan on cast_info ci  (cost=0.00..796071.18 rows=963168 width=0) (actual time=2224.510..10668.680 rows=310129 loops=1)
  Filter: ((person_id < 776496) AND (role_id = 10))
  Rows Removed by Filter: 35934215
Planning time: 0.471 ms
Execution time: 10709.410 ms
