Hash Join  (cost=102767.86..188169.61 rows=1002316 width=0) (actual time=5147.522..10494.359 rows=1004669 loops=1)
  Hash Cond: (mc.movie_id = t.id)
  ->  Seq Scan on movie_companies mc  (cost=0.00..51404.11 rows=1002316 width=4) (actual time=0.017..3235.764 rows=1004669 loops=1)
        Filter: (company_id < 4789)
        Rows Removed by Filter: 1604460
  ->  Hash  (cost=61283.27..61283.27 rows=2528527 width=4) (actual time=5145.106..5145.106 rows=2528312 loops=1)
        Buckets: 131072  Batches: 64  Memory Usage: 2415kB
        ->  Seq Scan on title t  (cost=0.00..61283.27 rows=2528527 width=4) (actual time=0.010..3891.817 rows=2528312 loops=1)
Planning time: 0.708 ms
Execution time: 10633.426 ms
