Hash Join  (cost=435034.71..462289.61 rows=34442 width=0) (actual time=7212.260..8088.955 rows=175503 loops=1)
  Hash Cond: (mi_idx.movie_id = t.id)
  ->  Seq Scan on movie_info_idx mi_idx  (cost=0.00..21735.35 rows=1380035 width=4) (actual time=0.025..307.670 rows=1380035 loops=1)
  ->  Hash  (cost=434245.90..434245.90 rows=63105 width=8) (actual time=7211.788..7211.788 rows=113532 loops=1)
        Buckets: 131072 (originally 65536)  Batches: 2 (originally 1)  Memory Usage: 3241kB
        ->  Hash Join  (cost=81615.04..434245.90 rows=63105 width=8) (actual time=3139.492..7172.877 rows=113532 loops=1)
              Hash Cond: (mi.movie_id = t.id)
              ->  Seq Scan on movie_info mi  (cost=0.00..346232.03 rows=340474 width=4) (actual time=1607.552..5482.194 rows=328857 loops=1)
                    Filter: (info_type_id = 98)
                    Rows Removed by Filter: 14506863
              ->  Hash  (cost=73925.90..73925.90 rows=468651 width=4) (actual time=1398.972..1398.972 rows=340746 loops=1)
                    Buckets: 131072  Batches: 8  Memory Usage: 2534kB
                    ->  Seq Scan on title t  (cost=0.00..73925.90 rows=468651 width=4) (actual time=336.153..1294.343 rows=340746 loops=1)
                          Filter: ((production_year > 1989) AND (kind_id = 1))
                          Rows Removed by Filter: 2187566
Planning time: 3.050 ms
Execution time: 8110.885 ms
