Hash Join  (cost=122591.23..251950.44 rows=265550 width=0) (actual time=3138.580..7208.798 rows=3907076 loops=1)
  Hash Cond: (mk.movie_id = t.id)
  ->  Seq Scan on movie_keyword mk  (cost=0.00..81003.12 rows=3894022 width=4) (actual time=0.022..1598.858 rows=3883666 loops=1)
        Filter: (keyword_id < 29032)
        Rows Removed by Filter: 640264
  ->  Hash  (cost=119761.85..119761.85 rows=172431 width=8) (actual time=3137.875..3137.875 rows=404651 loops=1)
        Buckets: 131072 (originally 131072)  Batches: 8 (originally 4)  Memory Usage: 3073kB
        ->  Hash Join  (cost=79110.05..119761.85 rows=172431 width=8) (actual time=1809.296..3011.518 rows=404651 loops=1)
              Hash Cond: (mi_idx.movie_id = t.id)
              ->  Seq Scan on movie_info_idx mi_idx  (cost=0.00..21735.35 rows=1380035 width=4) (actual time=0.016..401.332 rows=1380035 loops=1)
              ->  Hash  (cost=73925.90..73925.90 rows=315932 width=4) (actual time=1808.466..1808.466 rows=433359 loops=1)
                    Buckets: 131072  Batches: 8  Memory Usage: 2939kB
                    ->  Seq Scan on title t  (cost=0.00..73925.90 rows=315932 width=4) (actual time=0.028..962.730 rows=433359 loops=1)
                          Filter: ((kind_id < 7) AND (production_year < 1995))
                          Rows Removed by Filter: 2094953
Planning time: 1.198 ms
Execution time: 7657.508 ms
