Hash Join  (cost=73982.55..102616.02 rows=1640 width=0) (actual time=1047.387..1651.843 rows=270 loops=1)
  Hash Cond: (mi_idx.movie_id = t.id)
  ->  Seq Scan on movie_info_idx mi_idx  (cost=0.00..25185.44 rows=915101 width=4) (actual time=0.023..474.497 rows=919850 loops=1)
        Filter: (info_type_id < 101)
        Rows Removed by Filter: 460185
  ->  Hash  (cost=73925.90..73925.90 rows=4532 width=4) (actual time=1041.687..1041.687 rows=2043 loops=1)
        Buckets: 8192  Batches: 1  Memory Usage: 136kB
        ->  Seq Scan on title t  (cost=0.00..73925.90 rows=4532 width=4) (actual time=1.713..1040.510 rows=2043 loops=1)
              Filter: ((kind_id = 7) AND (production_year = 1950))
              Rows Removed by Filter: 2526269
Planning time: 0.775 ms
Execution time: 1651.963 ms
