Hash Join  (cost=957517.42..2912740.96 rows=72389184 width=0) (actual time=25222.508..106090.217 rows=205375147 loops=1)
  Hash Cond: (ci.movie_id = t.id)
  ->  Seq Scan on cast_info ci  (cost=0.00..796071.18 rows=15355918 width=4) (actual time=0.021..17539.036 rows=20122661 loops=1)
        Filter: ((person_id < 2843287) AND (role_id < 3))
        Rows Removed by Filter: 16121683
  ->  Hash  (cost=761959.12..761959.12 rows=11919704 width=8) (actual time=25216.119..25216.119 rows=12869802 loops=1)
        Buckets: 131072  Batches: 256  Memory Usage: 2976kB
        ->  Hash Join  (cost=101489.21..761959.12 rows=11919704 width=8) (actual time=2153.647..21842.793 rows=12869802 loops=1)
              Hash Cond: (mi.movie_id = t.id)
              ->  Seq Scan on movie_info mi  (cost=0.00..346232.03 rows=14592968 width=4) (actual time=0.018..7620.074 rows=14637966 loops=1)
                    Filter: (info_type_id < 107)
                    Rows Removed by Filter: 197754
              ->  Hash  (cost=67604.59..67604.59 rows=2065330 width=4) (actual time=2152.632..2152.632 rows=2064552 loops=1)
                    Buckets: 131072  Batches: 32  Memory Usage: 3298kB
                    ->  Seq Scan on title t  (cost=0.00..67604.59 rows=2065330 width=4) (actual time=0.014..1441.554 rows=2064552 loops=1)
                          Filter: (production_year < 2011)
                          Rows Removed by Filter: 463760
Planning time: 1.254 ms
Execution time: 127734.162 ms
