Seq Scan on movie_keyword mk  (cost=0.00..81003.12 rows=3546108 width=0) (actual time=0.026..1620.597 rows=3542226 loops=1)
  Filter: (keyword_id < 18889)
  Rows Removed by Filter: 981704
Planning time: 0.302 ms
Execution time: 2068.698 ms
