Seq Scan on movie_keyword mk  (cost=0.00..81003.12 rows=2324678 width=0) (actual time=0.017..1095.215 rows=2326449 loops=1)
  Filter: (keyword_id < 5095)
  Rows Removed by Filter: 2197481
Planning time: 0.343 ms
Execution time: 1328.332 ms
