Seq Scan on movie_keyword mk  (cost=0.00..81003.12 rows=246 width=0) (actual time=2.394..1237.175 rows=1228 loops=1)
  Filter: (keyword_id = 925)
  Rows Removed by Filter: 4522702
Planning time: 0.354 ms
Execution time: 1237.612 ms
