Hash Join  (cost=28270.40..87509.64 rows=304 width=0) (actual time=1066.313..4332.451 rows=8097 loops=1)
  Hash Cond: (mc.movie_id = t.id)
  ->  Seq Scan on movie_companies mc  (cost=0.00..51404.11 rows=2088556 width=4) (actual time=0.017..2855.647 rows=2083738 loops=1)
        Filter: (company_id < 73011)
        Rows Removed by Filter: 525391
  ->  Hash  (cost=28265.80..28265.80 rows=368 width=8) (actual time=1061.111..1061.111 rows=260 loops=1)
        Buckets: 1024  Batches: 1  Memory Usage: 19kB
        ->  Nested Loop  (cost=0.43..28265.80 rows=368 width=8) (actual time=1024.736..1060.981 rows=260 loops=1)
              ->  Seq Scan on movie_info_idx mi_idx  (cost=0.00..25185.44 rows=368 width=4) (actual time=1024.633..1035.960 rows=260 loops=1)
                    Filter: (info_type_id > 101)
                    Rows Removed by Filter: 1379775
              ->  Index Only Scan using title_pkey on title t  (cost=0.43..8.36 rows=1 width=4) (actual time=0.095..0.095 rows=1 loops=260)
                    Index Cond: (id = mi_idx.movie_id)
                    Heap Fetches: 260
Planning time: 1.121 ms
Execution time: 4333.713 ms
