Hash Join  (cost=162550.79..512214.60 rows=17199 width=0) (actual time=5669.441..8361.924 rows=39199 loops=1)
  Hash Cond: (mi.movie_id = t.id)
  ->  Seq Scan on movie_info mi  (cost=0.00..346232.03 rows=651960 width=4) (actual time=2363.874..4922.626 rows=660923 loops=1)
        Filter: (info_type_id = 18)
        Rows Removed by Filter: 14174797
  ->  Hash  (cost=161717.00..161717.00 rows=66703 width=8) (actual time=3304.704..3304.704 rows=46659 loops=1)
        Buckets: 131072  Batches: 1  Memory Usage: 2847kB
        ->  Hash Join  (cost=74391.93..161717.00 rows=66703 width=8) (actual time=1334.036..3288.430 rows=46659 loops=1)
              Hash Cond: (mk.movie_id = t.id)
              ->  Seq Scan on movie_keyword mk  (cost=0.00..69693.30 rows=4523930 width=4) (actual time=0.024..1070.318 rows=4523930 loops=1)
              ->  Hash  (cost=73925.90..73925.90 rows=37282 width=4) (actual time=1333.228..1333.228 rows=42986 loops=1)
                    Buckets: 65536  Batches: 1  Memory Usage: 2024kB
                    ->  Seq Scan on title t  (cost=0.00..73925.90 rows=37282 width=4) (actual time=0.024..1315.342 rows=42986 loops=1)
                          Filter: ((kind_id > 1) AND (production_year = 1999))
                          Rows Removed by Filter: 2485326
Planning time: 1.192 ms
Execution time: 8367.259 ms
