Seq Scan on movie_keyword mk  (cost=0.00..81003.12 rows=2903600 width=0) (actual time=0.019..1459.308 rows=2894760 loops=1)
  Filter: (keyword_id < 9132)
  Rows Removed by Filter: 1629170
Planning time: 0.308 ms
Execution time: 1816.974 ms
