Hash Join  (cost=95415.26..469347.90 rows=56736 width=0) (actual time=2031.242..8893.041 rows=139633 loops=1)
  Hash Cond: (mi.movie_id = t.id)
  ->  Seq Scan on movie_info mi  (cost=0.00..346232.03 rows=7235534 width=4) (actual time=406.868..5876.748 rows=7286865 loops=1)
        Filter: (info_type_id < 8)
        Rows Removed by Filter: 7548855
  ->  Hash  (cost=95167.43..95167.43 rows=19827 width=8) (actual time=1619.066..1619.066 rows=24689 loops=1)
        Buckets: 32768  Batches: 1  Memory Usage: 1221kB
        ->  Hash Join  (cost=68058.67..95167.43 rows=19827 width=8) (actual time=955.688..1610.358 rows=24689 loops=1)
              Hash Cond: (mi_idx.movie_id = t.id)
              ->  Seq Scan on movie_info_idx mi_idx  (cost=0.00..21735.35 rows=1380035 width=4) (actual time=0.033..325.731 rows=1380035 loops=1)
              ->  Hash  (cost=67604.59..67604.59 rows=36327 width=4) (actual time=955.265..955.265 rows=36509 loops=1)
                    Buckets: 65536  Batches: 1  Memory Usage: 1796kB
                    ->  Seq Scan on title t  (cost=0.00..67604.59 rows=36327 width=4) (actual time=0.054..938.911 rows=36509 loops=1)
                          Filter: (production_year = 1996)
                          Rows Removed by Filter: 2491803
Planning time: 1.162 ms
Execution time: 8912.105 ms
