Hash Join  (cost=100843.84..851656.50 rows=2353 width=0) (actual time=1508.112..15209.917 rows=25575 loops=1)
  Hash Cond: (ci.movie_id = t.id)
  ->  Seq Scan on cast_info ci  (cost=0.00..614943.12 rows=36225612 width=4) (actual time=0.019..7225.397 rows=36244344 loops=1)
  ->  Hash  (cost=100841.79..100841.79 rows=164 width=8) (actual time=1507.757..1507.757 rows=963 loops=1)
        Buckets: 1024  Batches: 1  Memory Usage: 46kB
        ->  Hash Join  (cost=73929.67..100841.79 rows=164 width=8) (actual time=1137.372..1507.344 rows=963 loops=1)
              Hash Cond: (mi_idx.movie_id = t.id)
              ->  Seq Scan on movie_info_idx mi_idx  (cost=0.00..21735.35 rows=1380035 width=4) (actual time=0.020..284.873 rows=1380035 loops=1)
              ->  Hash  (cost=73925.90..73925.90 rows=301 width=4) (actual time=954.416..954.416 rows=1089 loops=1)
                    Buckets: 2048 (originally 1024)  Batches: 1 (originally 1)  Memory Usage: 55kB
                    ->  Seq Scan on title t  (cost=0.00..73925.90 rows=301 width=4) (actual time=2.100..953.758 rows=1089 loops=1)
                          Filter: ((kind_id = 3) AND (production_year = 1977))
                          Rows Removed by Filter: 2527223
Planning time: 1.199 ms
Execution time: 15214.622 ms
