Seq Scan on movie_keyword mk  (cost=0.00..81003.12 rows=3305340 width=0) (actual time=0.026..1633.888 rows=3295787 loops=1)
  Filter: (keyword_id < 14788)
  Rows Removed by Filter: 1228143
Planning time: 0.307 ms
Execution time: 2057.215 ms
