Hash Join  (cost=473675.79..608478.30 rows=1050648 width=0) (actual time=8988.041..11278.441 rows=192597 loops=1)
  Hash Cond: (mk.movie_id = t.id)
  ->  Seq Scan on movie_keyword mk  (cost=0.00..69693.30 rows=4523930 width=4) (actual time=0.014..1447.165 rows=4523930 loops=1)
  ->  Hash  (cost=464041.40..464041.40 rows=587231 width=8) (actual time=8103.987..8103.987 rows=66021 loops=1)
        Buckets: 131072  Batches: 8  Memory Usage: 1344kB
        ->  Hash Join  (cost=92128.39..464041.40 rows=587231 width=8) (actual time=2335.908..8081.049 rows=66021 loops=1)
              Hash Cond: (mi.movie_id = t.id)
              ->  Seq Scan on movie_info mi  (cost=0.00..346232.03 rows=1338312 width=4) (actual time=408.485..5273.696 rows=1401902 loops=1)
                    Filter: (info_type_id = 7)
                    Rows Removed by Filter: 13433818
              ->  Hash  (cost=73925.90..73925.90 rows=1109479 width=4) (actual time=1926.262..1926.262 rows=1201090 loops=1)
                    Buckets: 131072  Batches: 16  Memory Usage: 3680kB
                    ->  Seq Scan on title t  (cost=0.00..73925.90 rows=1109479 width=4) (actual time=0.045..1389.763 rows=1201090 loops=1)
                          Filter: ((production_year > 1987) AND (kind_id = 7))
                          Rows Removed by Filter: 1327222
Planning time: 1.198 ms
Execution time: 11298.846 ms
