Seq Scan on cast_info ci  (cost=0.00..705507.15 rows=500 width=0) (actual time=3945.039..10395.238 rows=619 loops=1)
  Filter: (person_id = 2861355)
  Rows Removed by Filter: 36243725
Planning time: 0.361 ms
Execution time: 10395.425 ms
