Hash Join  (cost=163628.03..694277.16 rows=4764918 width=0) (actual time=8583.438..38273.315 rows=3632421 loops=1)
  Hash Cond: (mi.movie_id = t.id)
  ->  Seq Scan on movie_info mi  (cost=0.00..309384.22 rows=14739122 width=4) (actual time=0.014..19234.427 rows=14835720 loops=1)
  ->  Hash  (cost=150216.13..150216.13 rows=817432 width=8) (actual time=8349.499..8349.499 rows=425568 loops=1)
        Buckets: 131072  Batches: 16  Memory Usage: 2068kB
        ->  Hash Join  (cost=98498.33..150216.13 rows=817432 width=8) (actual time=5549.938..8210.211 rows=425568 loops=1)
              Hash Cond: (mi_idx.movie_id = t.id)
              ->  Seq Scan on movie_info_idx mi_idx  (cost=0.00..21735.35 rows=1380035 width=4) (actual time=0.015..1479.137 rows=1380035 loops=1)
              ->  Hash  (cost=73925.90..73925.90 rows=1497714 width=4) (actual time=5548.927..5548.927 rows=1478440 loops=1)
                    Buckets: 131072  Batches: 32  Memory Usage: 2651kB
                    ->  Seq Scan on title t  (cost=0.00..73925.90 rows=1497714 width=4) (actual time=0.015..4853.957 rows=1478440 loops=1)
                          Filter: ((production_year > 0) AND (kind_id = 7))
                          Rows Removed by Filter: 1049872
Planning time: 19.382 ms
Execution time: 38789.531 ms
