Seq Scan on movie_keyword mk  (cost=0.00..81003.12 rows=1415609 width=0) (actual time=0.026..1437.223 rows=1429133 loops=1)
  Filter: (keyword_id > 11662)
  Rows Removed by Filter: 3094797
Planning time: 0.296 ms
Execution time: 1615.334 ms
