Hash Join  (cost=68237.77..417668.65 rows=16222 width=0) (actual time=5016.603..6325.078 rows=14102 loops=1)
  Hash Cond: (mi.movie_id = t.id)
  ->  Seq Scan on movie_info mi  (cost=0.00..346232.03 rows=809768 width=4) (actual time=3962.191..5039.518 rows=802140 loops=1)
        Filter: (info_type_id < 2)
        Rows Removed by Filter: 14033580
  ->  Hash  (cost=67604.59..67604.59 rows=50655 width=4) (actual time=1053.697..1053.697 rows=50564 loops=1)
        Buckets: 65536  Batches: 1  Memory Usage: 2290kB
        ->  Seq Scan on title t  (cost=0.00..67604.59 rows=50655 width=4) (actual time=0.044..1031.625 rows=50564 loops=1)
              Filter: (production_year = 1999)
              Rows Removed by Filter: 2477748
Planning time: 0.536 ms
Execution time: 6327.341 ms
