Hash Join  (cost=78556.72..203062.35 rows=760126 width=0) (actual time=1721.605..5051.939 rows=1824229 loops=1)
  Hash Cond: (mk.movie_id = t.id)
  ->  Seq Scan on movie_keyword mk  (cost=0.00..81003.12 rows=2879264 width=4) (actual time=0.025..1717.711 rows=2866746 loops=1)
        Filter: (keyword_id > 2529)
        Rows Removed by Filter: 1657184
  ->  Hash  (cost=67604.59..67604.59 rows=667531 width=4) (actual time=1293.996..1293.996 rows=662825 loops=1)
        Buckets: 131072  Batches: 16  Memory Usage: 2486kB
        ->  Seq Scan on title t  (cost=0.00..67604.59 rows=667531 width=4) (actual time=104.005..1090.536 rows=662825 loops=1)
              Filter: (kind_id = 1)
              Rows Removed by Filter: 1865487
Planning time: 0.512 ms
Execution time: 5272.633 ms
