Hash Join  (cost=72707.20..210293.09 rows=532352 width=0) (actual time=1255.224..5115.212 rows=783194 loops=1)
  Hash Cond: (mk.movie_id = t.id)
  ->  Seq Scan on movie_keyword mk  (cost=0.00..81003.12 rows=4328065 width=4) (actual time=0.013..1829.853 rows=4311912 loops=1)
        Filter: (keyword_id > 140)
        Rows Removed by Filter: 212018
  ->  Hash  (cost=67604.59..67604.59 rows=311009 width=4) (actual time=1254.400..1254.400 rows=309534 loops=1)
        Buckets: 131072  Batches: 8  Memory Usage: 2384kB
        ->  Seq Scan on title t  (cost=0.00..67604.59 rows=311009 width=4) (actual time=0.016..1142.591 rows=309534 loops=1)
              Filter: (production_year < 1966)
              Rows Removed by Filter: 2218778
Planning time: 0.697 ms
Execution time: 5214.055 ms
