Hash Join  (cost=102767.86..176415.61 rows=242758 width=0) (actual time=2258.248..3606.769 rows=479617 loops=1)
  Hash Cond: (mc.movie_id = t.id)
  ->  Seq Scan on movie_companies mc  (cost=0.00..57926.93 rows=242758 width=4) (actual time=305.521..984.154 rows=479617 loops=1)
        Filter: ((company_id > 75299) AND (company_type_id > 1))
        Rows Removed by Filter: 2129512
  ->  Hash  (cost=61283.27..61283.27 rows=2528527 width=4) (actual time=1950.534..1950.534 rows=2528312 loops=1)
        Buckets: 131072  Batches: 64  Memory Usage: 2415kB
        ->  Seq Scan on title t  (cost=0.00..61283.27 rows=2528527 width=4) (actual time=0.020..1107.987 rows=2528312 loops=1)
Planning time: 0.751 ms
Execution time: 3651.234 ms
