Seq Scan on title t  (cost=0.00..73925.90 rows=1286494 width=0) (actual time=0.019..3964.564 rows=1370082 loops=1)
  Filter: ((kind_id > 4) AND (production_year > 1969))
  Rows Removed by Filter: 1158230
Planning time: 0.349 ms
Execution time: 4173.316 ms
