Hash Join  (cost=101210.02..172957.52 rows=225358 width=0) (actual time=1999.348..3725.028 rows=415161 loops=1)
  Hash Cond: (mc.movie_id = t.id)
  ->  Seq Scan on movie_companies mc  (cost=0.00..57926.93 rows=278197 width=4) (actual time=0.024..982.283 rows=550618 loops=1)
        Filter: ((company_id > 71869) AND (company_type_id = 2))
        Rows Removed by Filter: 2058511
  ->  Hash  (cost=67604.59..67604.59 rows=2048275 width=4) (actual time=1997.812..1997.812 rows=2046723 loops=1)
        Buckets: 131072  Batches: 32  Memory Usage: 3276kB
        ->  Seq Scan on title t  (cost=0.00..67604.59 rows=2048275 width=4) (actual time=0.030..1323.142 rows=2046723 loops=1)
              Filter: (production_year > 1972)
              Rows Removed by Filter: 481589
Planning time: 0.796 ms
Execution time: 3774.842 ms
