Hash Join  (cost=190230.21..1291175.27 rows=12507446 width=0) (actual time=4453.166..38224.464 rows=25851009 loops=1)
  Hash Cond: (ci.movie_id = t.id)
  ->  Seq Scan on cast_info ci  (cost=0.00..705507.15 rows=22916387 width=4) (actual time=0.021..14881.548 rows=22792560 loops=1)
        Filter: (person_id < 2326910)
        Rows Removed by Filter: 13451784
  ->  Hash  (cost=167588.78..167588.78 rows=1380035 width=8) (actual time=4452.096..4452.096 rows=1380035 loops=1)
        Buckets: 131072  Batches: 32  Memory Usage: 2708kB
        ->  Hash Join  (cost=102767.86..167588.78 rows=1380035 width=8) (actual time=2022.081..4036.205 rows=1380035 loops=1)
              Hash Cond: (mi_idx.movie_id = t.id)
              ->  Seq Scan on movie_info_idx mi_idx  (cost=0.00..21735.35 rows=1380035 width=4) (actual time=0.020..480.858 rows=1380035 loops=1)
              ->  Hash  (cost=61283.27..61283.27 rows=2528527 width=4) (actual time=2020.609..2020.609 rows=2528312 loops=1)
                    Buckets: 131072  Batches: 64  Memory Usage: 2415kB
                    ->  Seq Scan on title t  (cost=0.00..61283.27 rows=2528527 width=4) (actual time=0.019..1164.523 rows=2528312 loops=1)
Planning time: 1.162 ms
Execution time: 41101.280 ms
