Seq Scan on cast_info ci  (cost=0.00..705507.15 rows=500 width=0) (actual time=423.053..10889.770 rows=10 loops=1)
  Filter: (person_id = 1985866)
  Rows Removed by Filter: 36244334
Planning time: 0.402 ms
Execution time: 10889.856 ms
