Seq Scan on movie_keyword mk  (cost=0.00..81003.12 rows=246 width=0) (actual time=0.338..1283.412 rows=668 loops=1)
  Filter: (keyword_id = 28588)
  Rows Removed by Filter: 4523262
Planning time: 0.331 ms
Execution time: 1283.764 ms
