Hash Join  (cost=99161.12..1221065.00 rows=15232117 width=0) (actual time=2867.318..32126.892 rows=15935689 loops=1)
  Hash Cond: (ci.movie_id = t.id)
  ->  Seq Scan on cast_info ci  (cost=0.00..705507.15 rows=20024311 width=4) (actual time=689.810..14771.840 rows=20122661 loops=1)
        Filter: (role_id < 3)
        Rows Removed by Filter: 16121683
  ->  Hash  (cost=67604.59..67604.59 rows=1923403 width=4) (actual time=2176.703..2176.703 rows=1922849 loops=1)
        Buckets: 131072  Batches: 32  Memory Usage: 3132kB
        ->  Seq Scan on title t  (cost=0.00..67604.59 rows=1923403 width=4) (actual time=0.020..1339.520 rows=1922849 loops=1)
              Filter: (production_year < 2010)
              Rows Removed by Filter: 605463
Planning time: 7.485 ms
Execution time: 33937.923 ms
