Nested Loop  (cost=0.43..83072.29 rows=100 width=0) (actual time=0.893..1217.958 rows=1082 loops=1)
  ->  Seq Scan on movie_keyword mk  (cost=0.00..81003.12 rows=246 width=4) (actual time=0.750..1143.433 rows=2237 loops=1)
        Filter: (keyword_id = 1941)
        Rows Removed by Filter: 4521693
  ->  Index Scan using title_pkey on title t  (cost=0.43..8.40 rows=1 width=4) (actual time=0.032..0.032 rows=0 loops=2237)
        Index Cond: (id = mk.movie_id)
        Filter: (production_year < 2000)
        Rows Removed by Filter: 1
Planning time: 0.770 ms
Execution time: 1218.477 ms
