Hash Join  (cost=306392.64..1341958.84 rows=14021419 width=0) (actual time=7130.888..41201.496 rows=49138453 loops=1)
  Hash Cond: (ci.movie_id = t.id)
  ->  Seq Scan on cast_info ci  (cost=0.00..705507.15 rows=12726058 width=4) (actual time=0.020..14562.874 rows=12670688 loops=1)
        Filter: (role_id = 1)
        Rows Removed by Filter: 23573656
  ->  Hash  (cost=260685.87..260685.87 rows=2785901 width=8) (actual time=7128.690..7128.690 rows=2777135 loops=1)
        Buckets: 131072  Batches: 64  Memory Usage: 2742kB
        ->  Hash Join  (cost=102767.86..260685.87 rows=2785901 width=8) (actual time=1943.456..6366.688 rows=2777135 loops=1)
              Hash Cond: (mk.movie_id = t.id)
              ->  Seq Scan on movie_keyword mk  (cost=0.00..81003.12 rows=2785901 width=4) (actual time=0.025..1699.242 rows=2777135 loops=1)
                    Filter: (keyword_id > 2849)
                    Rows Removed by Filter: 1746795
              ->  Hash  (cost=61283.27..61283.27 rows=2528527 width=4) (actual time=1941.282..1941.282 rows=2528312 loops=1)
                    Buckets: 131072  Batches: 64  Memory Usage: 2425kB
                    ->  Seq Scan on title t  (cost=0.00..61283.27 rows=2528527 width=4) (actual time=0.019..1093.044 rows=2528312 loops=1)
Planning time: 1.525 ms
Execution time: 47082.839 ms
