Hash Join  (cost=68363.15..95604.84 rows=33121 width=0) (actual time=1108.176..1692.969 rows=12906 loops=1)
  Hash Cond: (mi_idx.movie_id = t.id)
  ->  Seq Scan on movie_info_idx mi_idx  (cost=0.00..21735.35 rows=1380035 width=4) (actual time=0.023..296.009 rows=1380035 loops=1)
  ->  Hash  (cost=67604.59..67604.59 rows=60685 width=4) (actual time=1061.722..1061.722 rows=59847 loops=1)
        Buckets: 65536  Batches: 1  Memory Usage: 2616kB
        ->  Seq Scan on title t  (cost=0.00..67604.59 rows=60685 width=4) (actual time=0.020..1038.841 rows=59847 loops=1)
              Filter: (production_year < 1915)
              Rows Removed by Filter: 2468465
Planning time: 0.575 ms
Execution time: 1695.134 ms
