Seq Scan on cast_info ci  (cost=0.00..705507.15 rows=19443821 width=0) (actual time=1865.489..12447.931 rows=19605796 loops=1)
  Filter: (person_id > 1647144)
  Rows Removed by Filter: 16638548
Planning time: 0.336 ms
Execution time: 14876.400 ms
