Seq Scan on movie_keyword mk  (cost=0.00..81003.12 rows=3242730 width=0) (actual time=0.018..1577.407 rows=3230475 loops=1)
  Filter: (keyword_id > 1679)
  Rows Removed by Filter: 1293455
Planning time: 0.240 ms
Execution time: 1984.381 ms
