Hash Join  (cost=101132.57..188198.48 rows=40787 width=0) (actual time=1871.014..3776.826 rows=136323 loops=1)
  Hash Cond: (mk.movie_id = t.id)
  ->  Seq Scan on movie_keyword mk  (cost=0.00..69693.30 rows=4523930 width=4) (actual time=0.021..1013.958 rows=4523930 loops=1)
  ->  Hash  (cost=100847.61..100847.61 rows=22797 width=8) (actual time=1870.681..1870.681 rows=19531 loops=1)
        Buckets: 32768  Batches: 1  Memory Usage: 1019kB
        ->  Hash Join  (cost=69687.24..100847.61 rows=22797 width=8) (actual time=1162.346..1862.813 rows=19531 loops=1)
              Hash Cond: (mi_idx.movie_id = t.id)
              ->  Seq Scan on movie_info_idx mi_idx  (cost=0.00..25185.44 rows=454124 width=4) (actual time=0.014..501.006 rows=459925 loops=1)
                    Filter: (info_type_id = 100)
                    Rows Removed by Filter: 920110
              ->  Hash  (cost=67604.59..67604.59 rows=126932 width=4) (actual time=1161.609..1161.609 rows=122861 loops=1)
                    Buckets: 131072  Batches: 2  Memory Usage: 3191kB
                    ->  Seq Scan on title t  (cost=0.00..67604.59 rows=126932 width=4) (actual time=0.020..1117.300 rows=122861 loops=1)
                          Filter: (production_year = 2008)
                          Rows Removed by Filter: 2405451
Planning time: 8.497 ms
Execution time: 3794.640 ms
