Hash Join  (cost=73962.22..134839.45 rows=901 width=0) (actual time=1156.534..2351.793 rows=1767 loops=1)
  Hash Cond: (mc.movie_id = t.id)
  ->  Seq Scan on movie_companies mc  (cost=0.00..57926.93 rows=784343 width=4) (actual time=0.025..1010.139 rows=1081440 loops=1)
        Filter: ((company_id < 16040) AND (company_type_id = 1))
        Rows Removed by Filter: 1527689
  ->  Hash  (cost=73925.90..73925.90 rows=2905 width=4) (actual time=1155.469..1155.469 rows=2614 loops=1)
        Buckets: 4096  Batches: 1  Memory Usage: 124kB
        ->  Seq Scan on title t  (cost=0.00..73925.90 rows=2905 width=4) (actual time=53.705..1153.817 rows=2614 loops=1)
              Filter: ((kind_id < 7) AND (production_year = 1923))
              Rows Removed by Filter: 2525698
Planning time: 0.782 ms
Execution time: 2352.256 ms
