Hash Join  (cost=1127549.74..2017380.77 rows=31520650 width=0) (actual time=27443.823..62485.951 rows=75890700 loops=1)
  Hash Cond: (mi.movie_id = t.id)
  ->  Seq Scan on movie_info mi  (cost=0.00..309384.22 rows=14739122 width=4) (actual time=0.020..6744.137 rows=14835720 loops=1)
  ->  Hash  (cost=1038833.82..1038833.82 rows=5407433 width=8) (actual time=27441.427..27441.427 rows=7451973 loops=1)
        Buckets: 131072  Batches: 128  Memory Usage: 3317kB
        ->  Hash Join  (cost=102767.86..1038833.82 rows=5407433 width=8) (actual time=10861.362..25421.409 rows=7451973 loops=1)
              Hash Cond: (ci.movie_id = t.id)
              ->  Seq Scan on cast_info ci  (cost=0.00..796071.18 rows=5407433 width=4) (actual time=8357.790..15961.097 rows=7451973 loops=1)
                    Filter: ((person_id < 2765971) AND (role_id = 2))
                    Rows Removed by Filter: 28792371
              ->  Hash  (cost=61283.27..61283.27 rows=2528527 width=4) (actual time=2502.257..2502.257 rows=2528312 loops=1)
                    Buckets: 131072  Batches: 64  Memory Usage: 2415kB
                    ->  Seq Scan on title t  (cost=0.00..61283.27 rows=2528527 width=4) (actual time=0.025..1061.485 rows=2528312 loops=1)
Planning time: 1.178 ms
Execution time: 70368.507 ms
