Nested Loop  (cost=0.43..83072.29 rows=96 width=0) (actual time=318.485..1289.493 rows=5 loops=1)
  ->  Seq Scan on movie_keyword mk  (cost=0.00..81003.12 rows=246 width=4) (actual time=318.434..1289.279 rows=5 loops=1)
        Filter: (keyword_id = 73715)
        Rows Removed by Filter: 4523925
  ->  Index Scan using title_pkey on title t  (cost=0.43..8.40 rows=1 width=4) (actual time=0.038..0.038 rows=1 loops=5)
        Index Cond: (id = mk.movie_id)
        Filter: (kind_id < 7)
Planning time: 0.706 ms
Execution time: 1289.605 ms
