Hash Join  (cost=79601.51..209144.02 rows=618848 width=0) (actual time=1313.316..4910.017 rows=1938482 loops=1)
  Hash Cond: (mk.movie_id = t.id)
  ->  Seq Scan on movie_keyword mk  (cost=0.00..69693.30 rows=4523930 width=4) (actual time=0.024..1318.405 rows=4523930 loops=1)
  ->  Hash  (cost=73925.90..73925.90 rows=345888 width=4) (actual time=1312.513..1312.513 rows=457402 loops=1)
        Buckets: 131072  Batches: 8  Memory Usage: 3054kB
        ->  Seq Scan on title t  (cost=0.00..73925.90 rows=345888 width=4) (actual time=0.029..1156.985 rows=457402 loops=1)
              Filter: ((kind_id < 7) AND (production_year < 1997))
              Rows Removed by Filter: 2070910
Planning time: 0.823 ms
Execution time: 5141.584 ms
