Hash Join  (cost=177718.13..539856.74 rows=72411 width=0) (actual time=3005.427..8554.327 rows=17076 loops=1)
  Hash Cond: (mi.movie_id = t.id)
  ->  Seq Scan on movie_info mi  (cost=0.00..346232.03 rows=1264125 width=4) (actual time=71.878..5183.919 rows=1288928 loops=1)
        Filter: (info_type_id = 2)
        Rows Removed by Filter: 13546792
  ->  Hash  (cost=175341.66..175341.66 rows=144838 width=8) (actual time=2932.646..2932.646 rows=23959 loops=1)
        Buckets: 131072  Batches: 2  Memory Usage: 1494kB
        ->  Hash Join  (cost=79993.30..175341.66 rows=144838 width=8) (actual time=1127.172..2924.571 rows=23959 loops=1)
              Hash Cond: (mk.movie_id = t.id)
              ->  Seq Scan on movie_keyword mk  (cost=0.00..81003.12 rows=990360 width=4) (actual time=0.029..1354.749 rows=997167 loops=1)
                    Filter: (keyword_id < 947)
                    Rows Removed by Filter: 3526763
              ->  Hash  (cost=73925.90..73925.90 rows=369792 width=4) (actual time=1126.086..1126.086 rows=253766 loops=1)
                    Buckets: 131072  Batches: 8  Memory Usage: 2133kB
                    ->  Seq Scan on title t  (cost=0.00..73925.90 rows=369792 width=4) (actual time=0.029..1040.705 rows=253766 loops=1)
                          Filter: ((production_year < 1986) AND (kind_id = 7))
                          Rows Removed by Filter: 2274546
Planning time: 1.173 ms
Execution time: 8556.924 ms
