Hash Join  (cost=82131.75..223434.93 rows=1584214 width=0) (actual time=1536.712..5801.759 rows=2148405 loops=1)
  Hash Cond: (mk.movie_id = t.id)
  ->  Seq Scan on movie_keyword mk  (cost=0.00..69693.30 rows=4523930 width=4) (actual time=0.023..1497.361 rows=4523930 loops=1)
  ->  Hash  (cost=67604.59..67604.59 rows=885453 width=4) (actual time=1535.815..1535.815 rows=885650 loops=1)
        Buckets: 131072  Batches: 16  Memory Usage: 2979kB
        ->  Seq Scan on title t  (cost=0.00..67604.59 rows=885453 width=4) (actual time=0.022..1244.509 rows=885650 loops=1)
              Filter: (production_year < 1997)
              Rows Removed by Filter: 1642662
Planning time: 0.791 ms
Execution time: 6042.674 ms
