Hash Join  (cost=157087.54..264081.38 rows=239563 width=0) (actual time=4376.532..7759.086 rows=2467597 loops=1)
  Hash Cond: (mk.movie_id = t.id)
  ->  Seq Scan on movie_keyword mk  (cost=0.00..81003.12 rows=1934690 width=4) (actual time=0.019..1644.219 rows=1944078 loops=1)
        Filter: (keyword_id > 6717)
        Rows Removed by Filter: 2579852
  ->  Hash  (cost=151949.85..151949.85 rows=313095 width=8) (actual time=4375.498..4375.498 rows=561739 loops=1)
        Buckets: 131072  Batches: 8  Memory Usage: 3769kB
        ->  Hash Join  (cost=72583.38..151949.85 rows=313095 width=8) (actual time=1342.105..4197.803 rows=561739 loops=1)
              Hash Cond: (mc.movie_id = t.id)
              ->  Seq Scan on movie_companies mc  (cost=0.00..44881.29 rows=2609129 width=4) (actual time=0.016..882.635 rows=2609129 loops=1)
              ->  Hash  (cost=67604.59..67604.59 rows=303423 width=4) (actual time=1341.430..1341.430 rows=296471 loops=1)
                    Buckets: 131072  Batches: 4  Memory Usage: 3625kB
                    ->  Seq Scan on title t  (cost=0.00..67604.59 rows=303423 width=4) (actual time=0.026..1242.100 rows=296471 loops=1)
                          Filter: (production_year < 1965)
                          Rows Removed by Filter: 2231841
Planning time: 1.167 ms
Execution time: 8036.303 ms
