Seq Scan on cast_info ci  (cost=0.00..705507.15 rows=8119499 width=0) (actual time=344.582..11915.459 rows=7991595 loops=1)
  Filter: (person_id < 781480)
  Rows Removed by Filter: 28252749
Planning time: 0.341 ms
Execution time: 12935.151 ms
