Hash Join  (cost=263115.61..456681.40 rows=4332503 width=0) (actual time=12762.278..31075.796 rows=32192861 loops=1)
  Hash Cond: (mk.movie_id = t.id)
  ->  Seq Scan on movie_keyword mk  (cost=0.00..81003.12 rows=4198662 width=4) (actual time=0.013..5781.001 rows=4201485 loops=1)
        Filter: (keyword_id < 50794)
        Rows Removed by Filter: 322445
  ->  Hash  (cost=220309.49..220309.49 rows=2609129 width=8) (actual time=12759.899..12759.899 rows=2609129 loops=1)
        Buckets: 131072  Batches: 64  Memory Usage: 2691kB
        ->  Hash Join  (cost=102767.86..220309.49 rows=2609129 width=8) (actual time=4975.533..10970.901 rows=2609129 loops=1)
              Hash Cond: (mc.movie_id = t.id)
              ->  Seq Scan on movie_companies mc  (cost=0.00..44881.29 rows=2609129 width=4) (actual time=0.014..2848.278 rows=2609129 loops=1)
              ->  Hash  (cost=61283.27..61283.27 rows=2528527 width=4) (actual time=4974.632..4974.632 rows=2528312 loops=1)
                    Buckets: 131072  Batches: 64  Memory Usage: 2415kB
                    ->  Seq Scan on title t  (cost=0.00..61283.27 rows=2528527 width=4) (actual time=0.022..3218.187 rows=2528312 loops=1)
Planning time: 1.151 ms
Execution time: 35517.244 ms
