Hash Join  (cost=164551.15..971282.06 rows=24658 width=0) (actual time=12466.928..19241.771 rows=1084304 loops=1)
  Hash Cond: (ci.movie_id = t.id)
  ->  Seq Scan on cast_info ci  (cost=0.00..796071.18 rows=2776842 width=4) (actual time=8458.769..12964.175 rows=5620047 loops=1)
        Filter: ((person_id < 757916) AND (role_id < 2))
        Rows Removed by Filter: 30624297
  ->  Hash  (cost=164270.48..164270.48 rows=22453 width=8) (actual time=4007.734..4007.734 rows=129352 loops=1)
        Buckets: 131072 (originally 32768)  Batches: 2 (originally 1)  Memory Usage: 3576kB
        ->  Hash Join  (cost=75405.37..164270.48 rows=22453 width=8) (actual time=1400.036..3963.029 rows=129352 loops=1)
              Hash Cond: (mk.movie_id = t.id)
              ->  Seq Scan on movie_keyword mk  (cost=0.00..81003.12 rows=629990 width=4) (actual time=0.029..1428.268 rows=640368 loops=1)
                    Filter: (keyword_id > 29029)
                    Rows Removed by Filter: 3883562
              ->  Hash  (cost=73925.90..73925.90 rows=90117 width=4) (actual time=1399.281..1399.281 rows=217597 loops=1)
                    Buckets: 131072 (originally 131072)  Batches: 4 (originally 2)  Memory Usage: 3073kB
                    ->  Seq Scan on title t  (cost=0.00..73925.90 rows=90117 width=4) (actual time=0.022..1317.846 rows=217597 loops=1)
                          Filter: ((production_year < 1968) AND (kind_id = 1))
                          Rows Removed by Filter: 2310715
Planning time: 1.240 ms
Execution time: 19363.244 ms
