Seq Scan on cast_info ci  (cost=0.00..796071.18 rows=5163858 width=0) (actual time=3831.364..13004.420 rows=2177948 loops=1)
  Filter: ((person_id < 763974) AND (role_id > 1))
  Rows Removed by Filter: 34066396
Planning time: 0.355 ms
Execution time: 13278.848 ms
