Hash Join  (cost=201803.54..1303441.49 rows=6603385 width=0) (actual time=4970.479..51600.878 rows=65168274 loops=1)
  Hash Cond: (ci.movie_id = t.id)
  ->  Seq Scan on cast_info ci  (cost=0.00..614943.12 rows=36225612 width=4) (actual time=0.012..13627.998 rows=36244344 loops=1)
  ->  Hash  (cost=194241.14..194241.14 rows=460912 width=8) (actual time=4969.441..4969.441 rows=964954 loops=1)
        Buckets: 131072 (originally 131072)  Batches: 16 (originally 8)  Memory Usage: 3417kB
        ->  Hash Join  (cost=83718.12..194241.14 rows=460912 width=8) (actual time=1380.887..4664.737 rows=964954 loops=1)
              Hash Cond: (mk.movie_id = t.id)
              ->  Seq Scan on movie_keyword mk  (cost=0.00..81003.12 rows=1952742 width=4) (actual time=0.024..1619.414 rows=1961308 loops=1)
                    Filter: (keyword_id > 6498)
                    Rows Removed by Filter: 2562622
              ->  Hash  (cost=73925.90..73925.90 rows=596817 width=4) (actual time=1380.195..1380.195 rows=479112 loops=1)
                    Buckets: 131072  Batches: 8  Memory Usage: 3151kB
                    ->  Seq Scan on title t  (cost=0.00..73925.90 rows=596817 width=4) (actual time=0.022..1223.636 rows=479112 loops=1)
                          Filter: ((production_year > 1955) AND (kind_id = 1))
                          Rows Removed by Filter: 2049200
Planning time: 1.146 ms
Execution time: 58727.451 ms
