Nested Loop  (cost=44377.22..139970.83 rows=1555 width=0) (actual time=934.313..2609.454 rows=327 loops=1)
  ->  Hash Join  (cost=44376.79..131766.01 rows=13897 width=8) (actual time=934.258..2446.011 rows=11620 loops=1)
        Hash Cond: (mk.movie_id = mi_idx.movie_id)
        ->  Seq Scan on movie_keyword mk  (cost=0.00..81003.12 rows=4675 width=4) (actual time=0.029..1308.755 rows=4400 loops=1)
              Filter: (keyword_id = 7637)
              Rows Removed by Filter: 4519530
        ->  Hash  (cost=21735.35..21735.35 rows=1380035 width=4) (actual time=909.894..909.894 rows=1380035 loops=1)
              Buckets: 131072  Batches: 32  Memory Usage: 2556kB
              ->  Seq Scan on movie_info_idx mi_idx  (cost=0.00..21735.35 rows=1380035 width=4) (actual time=0.015..461.761 rows=1380035 loops=1)
  ->  Index Scan using title_pkey on title t  (cost=0.43..0.58 rows=1 width=4) (actual time=0.014..0.014 rows=0 loops=11620)
        Index Cond: (id = mi_idx.movie_id)
        Filter: (kind_id = 7)
        Rows Removed by Filter: 1
Planning time: 0.766 ms
Execution time: 2609.651 ms
