Hash Join  (cost=139597.14..269742.97 rows=732276 width=0) (actual time=3652.141..8870.276 rows=7131217 loops=1)
  Hash Cond: (mk.movie_id = t.id)
  ->  Seq Scan on movie_keyword mk  (cost=0.00..81003.12 rows=3434653 width=4) (actual time=0.017..1942.185 rows=3429799 loops=1)
        Filter: (keyword_id > 1116)
        Rows Removed by Filter: 1094131
  ->  Hash  (cost=130752.54..130752.54 rows=539088 width=8) (actual time=3651.311..3651.311 rows=954317 loops=1)
        Buckets: 131072 (originally 131072)  Batches: 16 (originally 8)  Memory Usage: 3370kB
        ->  Hash Join  (cost=83810.17..130752.54 rows=539088 width=8) (actual time=1777.973..3347.908 rows=954317 loops=1)
              Hash Cond: (mi_idx.movie_id = t.id)
              ->  Seq Scan on movie_info_idx mi_idx  (cost=0.00..21735.35 rows=1380035 width=4) (actual time=0.015..488.351 rows=1380035 loops=1)
              ->  Hash  (cost=67604.59..67604.59 rows=987727 width=4) (actual time=1776.267..1776.267 rows=985048 loops=1)
                    Buckets: 131072  Batches: 16  Memory Usage: 3188kB
                    ->  Seq Scan on title t  (cost=0.00..67604.59 rows=987727 width=4) (actual time=0.016..1193.222 rows=985048 loops=1)
                          Filter: (kind_id < 7)
                          Rows Removed by Filter: 1543264
Planning time: 1.146 ms
Execution time: 9694.196 ms
