Hash Join  (cost=195799.80..579772.08 rows=220409 width=0) (actual time=3680.690..12483.273 rows=313976 loops=1)
  Hash Cond: (mi.movie_id = t.id)
  ->  Seq Scan on movie_info mi  (cost=0.00..346232.03 rows=9476311 width=4) (actual time=0.014..6212.200 rows=9565151 loops=1)
        Filter: (info_type_id < 16)
        Rows Removed by Filter: 5270569
  ->  Hash  (cost=195064.66..195064.66 rows=58811 width=8) (actual time=3680.261..3680.261 rows=58448 loops=1)
        Buckets: 65536  Batches: 1  Memory Usage: 2796kB
        ->  Hash Join  (cost=102767.86..195064.66 rows=58811 width=8) (actual time=1940.842..3658.286 rows=58448 loops=1)
              Hash Cond: (mk.movie_id = t.id)
              ->  Seq Scan on movie_keyword mk  (cost=0.00..81003.12 rows=58811 width=4) (actual time=0.064..1248.762 rows=58448 loops=1)
                    Filter: (keyword_id = 16264)
                    Rows Removed by Filter: 4465482
              ->  Hash  (cost=61283.27..61283.27 rows=2528527 width=4) (actual time=1938.555..1938.555 rows=2528312 loops=1)
                    Buckets: 131072  Batches: 64  Memory Usage: 2425kB
                    ->  Seq Scan on title t  (cost=0.00..61283.27 rows=2528527 width=4) (actual time=0.005..1079.800 rows=2528312 loops=1)
Planning time: 1.159 ms
Execution time: 12526.495 ms
