Hash Join  (cost=102767.86..190947.70 rows=846702 width=0) (actual time=1859.973..3827.757 rows=653841 loops=1)
  Hash Cond: (mc.movie_id = t.id)
  ->  Seq Scan on movie_companies mc  (cost=0.00..57926.93 rows=846702 width=4) (actual time=0.246..1026.406 rows=653841 loops=1)
        Filter: ((company_id > 2596) AND (company_type_id = 1))
        Rows Removed by Filter: 1955288
  ->  Hash  (cost=61283.27..61283.27 rows=2528527 width=4) (actual time=1858.391..1858.391 rows=2528312 loops=1)
        Buckets: 131072  Batches: 64  Memory Usage: 2415kB
        ->  Seq Scan on title t  (cost=0.00..61283.27 rows=2528527 width=4) (actual time=0.010..1022.775 rows=2528312 loops=1)
Planning time: 0.713 ms
Execution time: 3902.097 ms
