Hash Join  (cost=73994.33..102646.13 rows=1990 width=0) (actual time=1290.428..1855.914 rows=600 loops=1)
  Hash Cond: (mi_idx.movie_id = t.id)
  ->  Seq Scan on movie_info_idx mi_idx  (cost=0.00..25185.44 rows=919057 width=4) (actual time=0.025..441.129 rows=920110 loops=1)
        Filter: (info_type_id > 99)
        Rows Removed by Filter: 459925
  ->  Hash  (cost=73925.90..73925.90 rows=5474 width=4) (actual time=1277.247..1277.247 rows=3689 loops=1)
        Buckets: 8192  Batches: 1  Memory Usage: 194kB
        ->  Seq Scan on title t  (cost=0.00..73925.90 rows=5474 width=4) (actual time=0.278..1275.145 rows=3689 loops=1)
              Filter: ((kind_id > 1) AND (production_year = 1952))
              Rows Removed by Filter: 2524623
Planning time: 1.583 ms
Execution time: 1856.143 ms
