Hash Join  (cost=134594.83..1081303.51 rows=1033625 width=0) (actual time=3216.031..25549.759 rows=1220927 loops=1)
  Hash Cond: (ci.movie_id = t.id)
  ->  Seq Scan on cast_info ci  (cost=0.00..796071.18 rows=12060872 width=4) (actual time=0.025..17111.191 rows=12670688 loops=1)
        Filter: ((person_id < 3681443) AND (role_id = 1))
        Rows Removed by Filter: 23573656
  ->  Hash  (cost=131039.13..131039.13 rows=216696 width=8) (actual time=3215.135..3215.135 rows=120164 loops=1)
        Buckets: 131072  Batches: 4  Memory Usage: 2196kB
        ->  Hash Join  (cost=93721.77..131039.13 rows=216696 width=8) (actual time=2121.271..3176.866 rows=120164 loops=1)
              Hash Cond: (mi_idx.movie_id = t.id)
              ->  Seq Scan on movie_info_idx mi_idx  (cost=0.00..25185.44 rows=454124 width=4) (actual time=0.020..490.957 rows=459925 loops=1)
                    Filter: (info_type_id = 100)
                    Rows Removed by Filter: 920110
              ->  Hash  (cost=73925.90..73925.90 rows=1206549 width=4) (actual time=1822.499..1822.499 rows=1293155 loops=1)
                    Buckets: 131072  Batches: 16  Memory Usage: 3876kB
                    ->  Seq Scan on title t  (cost=0.00..73925.90 rows=1206549 width=4) (actual time=0.014..1423.491 rows=1293155 loops=1)
                          Filter: ((production_year > 1977) AND (kind_id = 7))
                          Rows Removed by Filter: 1235157
Planning time: 1.686 ms
Execution time: 25688.771 ms
