Hash Join  (cost=351747.25..1818436.51 rows=38515445 width=0) (actual time=12548.645..68297.160 rows=132207661 loops=1)
  Hash Cond: (ci.movie_id = t.id)
  ->  Seq Scan on cast_info ci  (cost=0.00..705507.15 rows=23499554 width=4) (actual time=3099.111..15181.616 rows=23573656 loops=1)
        Filter: (role_id > 1)
        Rows Removed by Filter: 12670688
  ->  Hash  (cost=283755.48..283755.48 rows=4144221 width=8) (actual time=9448.400..9448.400 rows=4140747 loops=1)
        Buckets: 131072  Batches: 64  Memory Usage: 3560kB
        ->  Hash Join  (cost=105607.32..283755.48 rows=4144221 width=8) (actual time=2433.419..8166.892 rows=4140747 loops=1)
              Hash Cond: (mk.movie_id = t.id)
              ->  Seq Scan on movie_keyword mk  (cost=0.00..69693.30 rows=4523930 width=4) (actual time=0.019..1390.490 rows=4523930 loops=1)
              ->  Hash  (cost=67604.59..67604.59 rows=2316299 width=4) (actual time=2432.604..2432.604 rows=2310679 loops=1)
                    Buckets: 131072  Batches: 32  Memory Usage: 3575kB
                    ->  Seq Scan on title t  (cost=0.00..67604.59 rows=2316299 width=4) (actual time=0.023..1434.888 rows=2310679 loops=1)
                          Filter: (production_year > 1941)
                          Rows Removed by Filter: 217633
Planning time: 0.757 ms
Execution time: 83027.136 ms
