Hash Join  (cost=143190.76..182299.94 rows=82570 width=0) (actual time=3274.939..4224.137 rows=212362 loops=1)
  Hash Cond: (mi_idx.movie_id = t.id)
  ->  Seq Scan on movie_info_idx mi_idx  (cost=0.00..21735.35 rows=1380035 width=4) (actual time=0.025..424.551 rows=1380035 loops=1)
  ->  Hash  (cost=140708.67..140708.67 rows=151287 width=8) (actual time=3274.174..3274.174 rows=84726 loops=1)
        Buckets: 131072  Batches: 2  Memory Usage: 2686kB
        ->  Hash Join  (cost=78556.72..140708.67 rows=151287 width=8) (actual time=1418.172..3251.286 rows=84726 loops=1)
              Hash Cond: (mc.movie_id = t.id)
              ->  Seq Scan on movie_companies mc  (cost=0.00..51404.11 rows=573058 width=4) (actual time=0.025..836.529 rows=572445 loops=1)
                    Filter: (company_id < 604)
                    Rows Removed by Filter: 2036684
              ->  Hash  (cost=67604.59..67604.59 rows=667531 width=4) (actual time=1417.187..1417.187 rows=662825 loops=1)
                    Buckets: 131072  Batches: 16  Memory Usage: 2476kB
                    ->  Seq Scan on title t  (cost=0.00..67604.59 rows=667531 width=4) (actual time=91.101..1223.029 rows=662825 loops=1)
                          Filter: (kind_id = 1)
                          Rows Removed by Filter: 1865487
Planning time: 1.227 ms
Execution time: 4252.045 ms
