Seq Scan on cast_info ci  (cost=0.00..705507.15 rows=500 width=0) (actual time=1268.167..8131.133 rows=14 loops=1)
  Filter: (person_id = 2229798)
  Rows Removed by Filter: 36244330
Planning time: 0.370 ms
Execution time: 8131.238 ms
