Hash Join  (cost=76243.83..870767.11 rows=407768 width=0) (actual time=3512.542..48982.025 rows=459108 loops=1)
  Hash Cond: (ci.movie_id = t.id)
  ->  Seq Scan on cast_info ci  (cost=0.00..705507.15 rows=7298253 width=4) (actual time=0.020..40523.501 rows=7451973 loops=1)
        Filter: (role_id = 2)
        Rows Removed by Filter: 28792371
  ->  Hash  (cost=73925.90..73925.90 rows=141274 width=4) (actual time=3511.746..3511.746 rows=150659 loops=1)
        Buckets: 131072  Batches: 2  Memory Usage: 3673kB
        ->  Seq Scan on title t  (cost=0.00..73925.90 rows=141274 width=4) (actual time=1059.168..3446.560 rows=150659 loops=1)
              Filter: ((production_year > 2011) AND (kind_id = 7))
              Rows Removed by Filter: 2377653
Planning time: 0.715 ms
Execution time: 49047.033 ms
