Hash Join  (cost=98137.04..174467.90 rows=406225 width=0) (actual time=1942.796..3747.316 rows=507129 loops=1)
  Hash Cond: (mc.movie_id = t.id)
  ->  Seq Scan on movie_companies mc  (cost=0.00..57926.93 rows=551936 width=4) (actual time=0.022..996.101 rows=761271 loops=1)
        Filter: ((company_id < 7939) AND (company_type_id = 1))
        Rows Removed by Filter: 1847858
  ->  Hash  (cost=67604.59..67604.59 rows=1860996 width=4) (actual time=1941.461..1941.461 rows=1865487 loops=1)
        Buckets: 131072  Batches: 32  Memory Usage: 3079kB
        ->  Seq Scan on title t  (cost=0.00..67604.59 rows=1860996 width=4) (actual time=0.035..1316.716 rows=1865487 loops=1)
              Filter: (kind_id > 1)
              Rows Removed by Filter: 662825
Planning time: 0.918 ms
Execution time: 3801.896 ms
