Hash Join  (cost=575535.54..1979461.93 rows=27213920 width=0) (actual time=14148.035..62121.281 rows=52338294 loops=1)
  Hash Cond: (ci.movie_id = t.id)
  ->  Seq Scan on cast_info ci  (cost=0.00..614943.12 rows=36225612 width=4) (actual time=0.011..13558.654 rows=36244344 loops=1)
  ->  Hash  (cost=544371.59..544371.59 rows=1899516 width=8) (actual time=14145.129..14145.129 rows=3288828 loops=1)
        Buckets: 131072 (originally 131072)  Batches: 64 (originally 32)  Memory Usage: 3073kB
        ->  Hash Join  (cost=76690.42..544371.59 rows=1899516 width=8) (actual time=2099.743..13136.435 rows=3288828 loops=1)
              Hash Cond: (mi.movie_id = t.id)
              ->  Seq Scan on movie_info mi  (cost=0.00..346232.03 rows=8673596 width=4) (actual time=702.625..6323.855 rows=8786582 loops=1)
                    Filter: (info_type_id < 13)
                    Rows Removed by Filter: 6049138
              ->  Hash  (cost=67604.59..67604.59 rows=553747 width=4) (actual time=1395.647..1395.647 rows=552960 loops=1)
                    Buckets: 131072  Batches: 8  Memory Usage: 3452kB
                    ->  Seq Scan on title t  (cost=0.00..67604.59 rows=553747 width=4) (actual time=0.019..1211.257 rows=552960 loops=1)
                          Filter: (production_year < 1983)
                          Rows Removed by Filter: 1975352
Planning time: 0.815 ms
Execution time: 68044.597 ms
