Hash Join  (cost=709674.99..1074333.66 rows=274 width=0) (actual time=12485.970..18057.443 rows=9 loops=1)
  Hash Cond: (mi.movie_id = t.id)
  ->  Seq Scan on movie_info mi  (cost=0.00..309384.22 rows=14739122 width=4) (actual time=0.012..4377.562 rows=14835720 loops=1)
  ->  Hash  (cost=709674.40..709674.40 rows=47 width=8) (actual time=11088.998..11088.998 rows=9 loops=1)
        Buckets: 1024  Batches: 1  Memory Usage: 9kB
        ->  Nested Loop  (cost=0.43..709674.40 rows=47 width=8) (actual time=462.545..11088.984 rows=9 loops=1)
              ->  Seq Scan on cast_info ci  (cost=0.00..705507.15 rows=500 width=4) (actual time=455.720..11077.839 rows=98 loops=1)
                    Filter: (person_id = 164131)
                    Rows Removed by Filter: 36244246
              ->  Index Scan using title_pkey on title t  (cost=0.43..8.32 rows=1 width=4) (actual time=0.113..0.113 rows=0 loops=98)
                    Index Cond: (id = ci.movie_id)
                    Filter: ((production_year > 2010) AND (kind_id = 7))
                    Rows Removed by Filter: 1
Planning time: 1.219 ms
Execution time: 18058.633 ms
