Hash Join  (cost=106834.07..472530.85 rows=104087 width=0) (actual time=2077.122..9593.983 rows=57576 loops=1)
  Hash Cond: (mi.movie_id = t.id)
  ->  Seq Scan on movie_info mi  (cost=0.00..309384.22 rows=14739122 width=4) (actual time=0.021..4334.403 rows=14835720 loops=1)
  ->  Hash  (cost=106610.87..106610.87 rows=17856 width=8) (actual time=2076.886..2076.886 rows=8028 loops=1)
        Buckets: 32768  Batches: 1  Memory Usage: 570kB
        ->  Hash Join  (cost=75533.21..106610.87 rows=17856 width=8) (actual time=1348.674..2074.451 rows=8028 loops=1)
              Hash Cond: (mi_idx.movie_id = t.id)
              ->  Seq Scan on movie_info_idx mi_idx  (cost=0.00..25185.44 rows=460978 width=4) (actual time=0.015..286.872 rows=459925 loops=1)
                    Filter: (info_type_id = 99)
                    Rows Removed by Filter: 920110
              ->  Hash  (cost=73925.90..73925.90 rows=97944 width=4) (actual time=1176.853..1176.853 rows=106247 loops=1)
                    Buckets: 131072  Batches: 2  Memory Usage: 2890kB
                    ->  Seq Scan on title t  (cost=0.00..73925.90 rows=97944 width=4) (actual time=0.019..1138.412 rows=106247 loops=1)
                          Filter: ((kind_id = 7) AND (production_year = 2011))
                          Rows Removed by Filter: 2422065
Planning time: 1.318 ms
Execution time: 9602.861 ms
