Seq Scan on movie_keyword mk  (cost=0.00..81003.12 rows=246 width=0) (actual time=34.376..1218.699 rows=73 loops=1)
  Filter: (keyword_id = 13205)
  Rows Removed by Filter: 4523857
Planning time: 0.333 ms
Execution time: 1218.844 ms
