Hash Join  (cost=159095.76..508421.03 rows=5662 width=0) (actual time=3882.341..8038.090 rows=19136 loops=1)
  Hash Cond: (mi.movie_id = t.id)
  ->  Seq Scan on movie_info mi  (cost=0.00..346232.03 rows=809768 width=4) (actual time=1142.006..5256.118 rows=802140 loops=1)
        Filter: (info_type_id < 2)
        Rows Removed by Filter: 14033580
  ->  Hash  (cost=158874.79..158874.79 rows=17678 width=8) (actual time=2614.839..2614.839 rows=22312 loops=1)
        Buckets: 32768  Batches: 1  Memory Usage: 1128kB
        ->  Hash Join  (cost=74603.76..158874.79 rows=17678 width=8) (actual time=1206.041..2606.259 rows=22312 loops=1)
              Hash Cond: (mk.movie_id = t.id)
              ->  Seq Scan on movie_keyword mk  (cost=0.00..81003.12 rows=824300 width=4) (actual time=0.049..1272.137 rows=832954 loops=1)
                    Filter: (keyword_id > 22099)
                    Rows Removed by Filter: 3690976
              ->  Hash  (cost=73925.90..73925.90 rows=54228 width=4) (actual time=1172.042..1172.042 rows=39342 loops=1)
                    Buckets: 65536  Batches: 1  Memory Usage: 1896kB
                    ->  Seq Scan on title t  (cost=0.00..73925.90 rows=54228 width=4) (actual time=318.797..1156.038 rows=39342 loops=1)
                          Filter: ((production_year < 2003) AND (kind_id = 4))
                          Rows Removed by Filter: 2488970
Planning time: 1.160 ms
Execution time: 8041.052 ms
