Hash Join  (cost=256748.72..852792.03 rows=9166947 width=0) (actual time=7528.913..64009.828 rows=210300194 loops=1)
  Hash Cond: (mi.movie_id = t.id)
  ->  Seq Scan on movie_info mi  (cost=0.00..309384.22 rows=14739122 width=4) (actual time=0.019..6041.887 rows=14835720 loops=1)
  ->  Hash  (cost=230947.11..230947.11 rows=1572609 width=8) (actual time=7527.156..7527.156 rows=3436735 loops=1)
        Buckets: 131072 (originally 131072)  Batches: 64 (originally 32)  Memory Usage: 3242kB
        ->  Hash Join  (cost=83810.17..230947.11 rows=1572609 width=8) (actual time=1366.320..6299.645 rows=3436735 loops=1)
              Hash Cond: (mk.movie_id = t.id)
              ->  Seq Scan on movie_keyword mk  (cost=0.00..81003.12 rows=4025792 width=4) (actual time=0.019..1781.792 rows=4021945 loops=1)
                    Filter: (keyword_id > 359)
                    Rows Removed by Filter: 501985
              ->  Hash  (cost=67604.59..67604.59 rows=987727 width=4) (actual time=1365.275..1365.275 rows=985048 loops=1)
                    Buckets: 131072  Batches: 16  Memory Usage: 3197kB
                    ->  Seq Scan on title t  (cost=0.00..67604.59 rows=987727 width=4) (actual time=0.022..1049.137 rows=985048 loops=1)
                          Filter: (kind_id < 7)
                          Rows Removed by Filter: 1543264
Planning time: 0.790 ms
Execution time: 85325.210 ms
