Nested Loop  (cost=0.43..58375.18 rows=53 width=0) (actual time=258.806..891.327 rows=7 loops=1)
  ->  Seq Scan on movie_companies mc  (cost=0.00..57926.93 rows=53 width=4) (actual time=258.691..890.819 rows=7 loops=1)
        Filter: ((company_id = 10414) AND (company_type_id = 2))
        Rows Removed by Filter: 2609122
  ->  Index Only Scan using title_pkey on title t  (cost=0.43..8.45 rows=1 width=4) (actual time=0.062..0.063 rows=1 loops=7)
        Index Cond: (id = mc.movie_id)
        Heap Fetches: 7
Planning time: 0.751 ms
Execution time: 891.399 ms
