Hash Join  (cost=474506.92..609606.95 rows=1075000 width=0) (actual time=23098.539..32406.703 rows=877040 loops=1)
  Hash Cond: (mk.movie_id = t.id)
  ->  Seq Scan on movie_keyword mk  (cost=0.00..69693.30 rows=4523930 width=4) (actual time=0.015..5340.882 rows=4523930 loops=1)
  ->  Hash  (cost=464648.39..464648.39 rows=600842 width=8) (actual time=23097.517..23097.517 rows=367770 loops=1)
        Buckets: 131072  Batches: 8  Memory Usage: 2821kB
        ->  Hash Join  (cost=92415.43..464648.39 rows=600842 width=8) (actual time=9687.491..22959.922 rows=367770 loops=1)
              Hash Cond: (mi.movie_id = t.id)
              ->  Seq Scan on movie_info mi  (cost=0.00..346232.03 rows=1348138 width=4) (actual time=3627.891..15713.703 rows=1298989 loops=1)
                    Filter: (info_type_id = 4)
                    Rows Removed by Filter: 13536731
              ->  Hash  (cost=73925.90..73925.90 rows=1126922 width=4) (actual time=6058.478..6058.478 rows=1238638 loops=1)
                    Buckets: 131072  Batches: 16  Memory Usage: 3760kB
                    ->  Seq Scan on title t  (cost=0.00..73925.90 rows=1126922 width=4) (actual time=0.030..5133.596 rows=1238638 loops=1)
                          Filter: ((kind_id > 2) AND (production_year > 1995))
                          Rows Removed by Filter: 1289674
Planning time: 1.073 ms
Execution time: 32552.463 ms
