Seq Scan on movie_keyword mk  (cost=0.00..81003.12 rows=246 width=0) (actual time=3.506..1235.447 rows=87 loops=1)
  Filter: (keyword_id = 17791)
  Rows Removed by Filter: 4523843
Planning time: 0.342 ms
Execution time: 1235.588 ms
