Seq Scan on movie_companies mc  (cost=0.00..57926.93 rows=1115647 width=0) (actual time=0.030..1038.769 rows=910722 loops=1)
  Filter: ((company_id < 79765) AND (company_type_id > 1))
  Rows Removed by Filter: 1698407
Planning time: 1.133 ms
Execution time: 1146.465 ms
