Seq Scan on movie_keyword mk  (cost=0.00..81003.12 rows=246 width=0) (actual time=31.725..1111.949 rows=8 loops=1)
  Filter: (keyword_id = 23528)
  Rows Removed by Filter: 4523922
Planning time: 0.345 ms
Execution time: 1112.042 ms
