Hash Join  (cost=961888.05..1112529.18 rows=2350610 width=0) (actual time=18054.797..22787.355 rows=4095088 loops=1)
  Hash Cond: (mk.movie_id = t.id)
  ->  Seq Scan on movie_keyword mk  (cost=0.00..69693.30 rows=4523930 width=4) (actual time=0.021..1453.595 rows=4523930 loops=1)
  ->  Hash  (cost=940332.43..940332.43 rows=1313809 width=8) (actual time=18053.800..18053.800 rows=1477763 loops=1)
        Buckets: 131072  Batches: 32  Memory Usage: 2817kB
        ->  Hash Join  (cost=102767.86..940332.43 rows=1313809 width=8) (actual time=10585.760..17591.046 rows=1477763 loops=1)
              Hash Cond: (ci.movie_id = t.id)
              ->  Seq Scan on cast_info ci  (cost=0.00..796071.18 rows=1313809 width=4) (actual time=8645.686..13992.119 rows=1477763 loops=1)
                    Filter: ((person_id > 1865000) AND (role_id = 4))
                    Rows Removed by Filter: 34766581
              ->  Hash  (cost=61283.27..61283.27 rows=2528527 width=4) (actual time=1937.832..1937.832 rows=2528312 loops=1)
                    Buckets: 131072  Batches: 64  Memory Usage: 2415kB
                    ->  Seq Scan on title t  (cost=0.00..61283.27 rows=2528527 width=4) (actual time=0.017..1082.448 rows=2528312 loops=1)
Planning time: 1.127 ms
Execution time: 23285.748 ms
