Seq Scan on cast_info ci  (cost=0.00..796071.18 rows=19928429 width=0) (actual time=0.013..16465.970 rows=17996173 loops=1)
  Filter: ((person_id < 3094700) AND (role_id > 1))
  Rows Removed by Filter: 18248171
Planning time: 0.381 ms
Execution time: 18715.922 ms
