Hash Join  (cost=102767.86..189710.87 rows=1066394 width=0) (actual time=1874.854..4250.040 rows=1078104 loops=1)
  Hash Cond: (mc.movie_id = t.id)
  ->  Seq Scan on movie_companies mc  (cost=0.00..51404.11 rows=1066394 width=4) (actual time=0.031..992.027 rows=1078104 loops=1)
        Filter: (company_id > 14405)
        Rows Removed by Filter: 1531025
  ->  Hash  (cost=61283.27..61283.27 rows=2528527 width=4) (actual time=1873.238..1873.238 rows=2528312 loops=1)
        Buckets: 131072  Batches: 64  Memory Usage: 2415kB
        ->  Seq Scan on title t  (cost=0.00..61283.27 rows=2528527 width=4) (actual time=0.010..1053.052 rows=2528312 loops=1)
Planning time: 0.695 ms
Execution time: 4375.336 ms
