Seq Scan on movie_companies mc  (cost=0.00..51404.11 rows=525861 width=0) (actual time=138.883..931.504 rows=529695 loops=1)
  Filter: (company_id > 72745)
  Rows Removed by Filter: 2079434
Planning time: 0.345 ms
Execution time: 997.595 ms
