Hash Join  (cost=101472.76..156282.91 rows=14463 width=0) (actual time=1747.332..2784.101 rows=20481 loops=1)
  Hash Cond: (mc.movie_id = t.id)
  ->  Seq Scan on movie_companies mc  (cost=0.00..44881.29 rows=2609129 width=4) (actual time=0.014..527.147 rows=2609129 loops=1)
  ->  Hash  (cost=101297.56..101297.56 rows=14016 width=8) (actual time=1746.812..1746.812 rows=6540 loops=1)
        Buckets: 16384  Batches: 1  Memory Usage: 384kB
        ->  Hash Join  (cost=74246.92..101297.56 rows=14016 width=8) (actual time=1121.494..1744.122 rows=6540 loops=1)
              Hash Cond: (mi_idx.movie_id = t.id)
              ->  Seq Scan on movie_info_idx mi_idx  (cost=0.00..21735.35 rows=1380035 width=4) (actual time=0.005..312.179 rows=1380035 loops=1)
              ->  Hash  (cost=73925.90..73925.90 rows=25681 width=4) (actual time=1120.928..1120.928 rows=23707 loops=1)
                    Buckets: 32768  Batches: 1  Memory Usage: 1090kB
                    ->  Seq Scan on title t  (cost=0.00..73925.90 rows=25681 width=4) (actual time=0.153..1110.966 rows=23707 loops=1)
                          Filter: ((kind_id < 7) AND (production_year = 2013))
                          Rows Removed by Filter: 2504605
Planning time: 0.751 ms
Execution time: 2787.119 ms
