Hash Join  (cost=655144.14..2284260.93 rows=40319161 width=0) (actual time=15537.161..54032.748 rows=30020923 loops=1)
  Hash Cond: (ci.movie_id = t.id)
  ->  Seq Scan on cast_info ci  (cost=0.00..614943.12 rows=36225612 width=4) (actual time=0.019..13643.753 rows=36244344 loops=1)
  ->  Hash  (cost=608971.97..608971.97 rows=2814254 width=8) (actual time=15535.645..15535.645 rows=1140827 loops=1)
        Buckets: 131072  Batches: 64  Memory Usage: 1706kB
        ->  Hash Join  (cost=82955.72..608971.97 rows=2814254 width=8) (actual time=2095.538..15087.645 rows=1140827 loops=1)
              Hash Cond: (mi.movie_id = t.id)
              ->  Seq Scan on movie_info mi  (cost=0.00..346232.03 rows=12928982 width=4) (actual time=0.074..7360.328 rows=12970088 loops=1)
                    Filter: (info_type_id < 18)
                    Rows Removed by Filter: 1865632
              ->  Hash  (cost=73925.90..73925.90 rows=550385 width=4) (actual time=1469.415..1469.415 rows=602403 loops=1)
                    Buckets: 131072  Batches: 8  Memory Usage: 3678kB
                    ->  Seq Scan on title t  (cost=0.00..73925.90 rows=550385 width=4) (actual time=0.020..1269.343 rows=602403 loops=1)
                          Filter: ((production_year > 2006) AND (kind_id = 7))
                          Rows Removed by Filter: 1925909
Planning time: 1.169 ms
Execution time: 57253.401 ms
