Seq Scan on cast_info ci  (cost=0.00..705507.15 rows=13444719 width=0) (actual time=0.020..10303.814 rows=13410020 loops=1)
  Filter: (person_id < 1322213)
  Rows Removed by Filter: 22834324
Planning time: 0.289 ms
Execution time: 11909.260 ms
