Hash Join  (cost=156209.36..1155520.31 rows=2708632 width=0) (actual time=3363.358..30671.753 rows=6180982 loops=1)
  Hash Cond: (ci.movie_id = t.id)
  ->  Seq Scan on cast_info ci  (cost=0.00..796071.18 rows=15081453 width=4) (actual time=0.028..18230.775 rows=15425644 loops=1)
        Filter: ((person_id > 237757) AND (role_id > 2))
        Rows Removed by Filter: 20818700
  ->  Hash  (cost=148758.81..148758.81 rows=454124 width=8) (actual time=3358.559..3358.559 rows=459925 loops=1)
        Buckets: 131072  Batches: 8  Memory Usage: 3275kB
        ->  Hash Join  (cost=102767.86..148758.81 rows=454124 width=8) (actual time=1917.475..3223.990 rows=459925 loops=1)
              Hash Cond: (mi_idx.movie_id = t.id)
              ->  Seq Scan on movie_info_idx mi_idx  (cost=0.00..25185.44 rows=454124 width=4) (actual time=0.031..522.336 rows=459925 loops=1)
                    Filter: (info_type_id = 100)
                    Rows Removed by Filter: 920110
              ->  Hash  (cost=61283.27..61283.27 rows=2528527 width=4) (actual time=1915.986..1915.986 rows=2528312 loops=1)
                    Buckets: 131072  Batches: 64  Memory Usage: 2415kB
                    ->  Seq Scan on title t  (cost=0.00..61283.27 rows=2528527 width=4) (actual time=0.021..1085.038 rows=2528312 loops=1)
Planning time: 1.177 ms
Execution time: 31365.591 ms
