Seq Scan on movie_companies mc  (cost=0.00..57926.93 rows=53 width=0) (actual time=545.527..2428.504 rows=11 loops=1)
  Filter: ((company_type_id > 1) AND (company_id = 8175))
  Rows Removed by Filter: 2609118
Planning time: 0.311 ms
Execution time: 2428.597 ms
