Hash Join  (cost=798791.46..827424.54 rows=118 width=0) (actual time=14907.829..15355.693 rows=14 loops=1)
  Hash Cond: (mi_idx.movie_id = t.id)
  ->  Seq Scan on movie_info_idx mi_idx  (cost=0.00..25185.44 rows=919057 width=4) (actual time=0.024..484.156 rows=920110 loops=1)
        Filter: (info_type_id > 99)
        Rows Removed by Filter: 459925
  ->  Hash  (cost=798787.41..798787.41 rows=324 width=8) (actual time=14743.532..14743.532 rows=12 loops=1)
        Buckets: 1024  Batches: 1  Memory Usage: 9kB
        ->  Nested Loop  (cost=0.43..798787.41 rows=324 width=8) (actual time=6511.859..14743.471 rows=12 loops=1)
              ->  Seq Scan on cast_info ci  (cost=0.00..796071.18 rows=324 width=4) (actual time=6511.708..14742.992 rows=12 loops=1)
                    Filter: ((role_id > 1) AND (person_id = 1430915))
                    Rows Removed by Filter: 36244332
              ->  Index Only Scan using title_pkey on title t  (cost=0.43..8.37 rows=1 width=4) (actual time=0.028..0.028 rows=1 loops=12)
                    Index Cond: (id = ci.movie_id)
                    Heap Fetches: 12
Planning time: 1.178 ms
Execution time: 15355.839 ms
