Hash Join  (cost=443511.05..608067.77 rows=659762 width=0) (actual time=10018.885..16456.972 rows=9653064 loops=1)
  Hash Cond: (mk.movie_id = t.id)
  ->  Seq Scan on movie_keyword mk  (cost=0.00..81003.12 rows=4233797 width=4) (actual time=0.026..1920.867 rows=4213440 loops=1)
        Filter: (keyword_id > 245)
        Rows Removed by Filter: 310490
  ->  Hash  (cost=437045.72..437045.72 rows=394026 width=8) (actual time=10014.277..10014.277 rows=395214 loops=1)
        Buckets: 131072  Batches: 8  Memory Usage: 3091kB
        ->  Hash Join  (cost=68449.54..437045.72 rows=394026 width=8) (actual time=1053.186..9821.111 rows=395214 loops=1)
              Hash Cond: (mi.movie_id = t.id)
              ->  Seq Scan on movie_info mi  (cost=0.00..309384.22 rows=14739122 width=4) (actual time=0.023..4515.199 rows=14835720 loops=1)
              ->  Hash  (cost=67604.59..67604.59 rows=67596 width=4) (actual time=1052.293..1052.293 rows=67777 loops=1)
                    Buckets: 131072  Batches: 1  Memory Usage: 3407kB
                    ->  Seq Scan on title t  (cost=0.00..67604.59 rows=67596 width=4) (actual time=0.025..1024.271 rows=67777 loops=1)
                          Filter: (production_year = 2003)
                          Rows Removed by Filter: 2460535
Planning time: 1.161 ms
Execution time: 17495.959 ms
