Seq Scan on movie_companies mc  (cost=0.00..51404.11 rows=104 width=0) (actual time=439.918..923.992 rows=100 loops=1)
  Filter: (company_id = 78198)
  Rows Removed by Filter: 2609029
Planning time: 0.366 ms
Execution time: 924.094 ms
