Hash Join  (cost=187275.23..649507.13 rows=582270 width=0) (actual time=3560.605..14780.475 rows=212557 loops=1)
  Hash Cond: (mi.movie_id = t.id)
  ->  Seq Scan on movie_info mi  (cost=0.00..346232.03 rows=9476311 width=4) (actual time=0.025..7144.228 rows=9565151 loops=1)
        Filter: (info_type_id < 16)
        Rows Removed by Filter: 5270569
  ->  Hash  (cost=184726.17..184726.17 rows=155365 width=8) (actual time=3407.120..3407.120 rows=40372 loops=1)
        Buckets: 131072  Batches: 4  Memory Usage: 1436kB
        ->  Hash Join  (cost=92883.59..184726.17 rows=155365 width=8) (actual time=2215.619..3393.544 rows=40372 loops=1)
              Hash Cond: (mk.movie_id = t.id)
              ->  Seq Scan on movie_keyword mk  (cost=0.00..81003.12 rows=254961 width=4) (actual time=0.030..1337.116 rows=272446 loops=1)
                    Filter: (keyword_id < 231)
                    Rows Removed by Filter: 4251484
              ->  Hash  (cost=67604.59..67604.59 rows=1540800 width=4) (actual time=1678.534..1678.534 rows=1543264 loops=1)
                    Buckets: 131072  Batches: 32  Memory Usage: 2728kB
                    ->  Seq Scan on title t  (cost=0.00..67604.59 rows=1540800 width=4) (actual time=0.016..1175.782 rows=1543264 loops=1)
                          Filter: (kind_id = 7)
                          Rows Removed by Filter: 985048
Planning time: 1.214 ms
Execution time: 14807.167 ms
