Hash Join  (cost=74115.73..101057.52 rows=2769 width=0) (actual time=1196.997..1767.861 rows=4674 loops=1)
  Hash Cond: (mi_idx.movie_id = t.id)
  ->  Seq Scan on movie_info_idx mi_idx  (cost=0.00..25185.44 rows=460978 width=4) (actual time=0.026..464.168 rows=459925 loops=1)
        Filter: (info_type_id < 100)
        Rows Removed by Filter: 920110
  ->  Hash  (cost=73925.90..73925.90 rows=15186 width=4) (actual time=1196.823..1196.823 rows=9845 loops=1)
        Buckets: 16384  Batches: 1  Memory Usage: 475kB
        ->  Seq Scan on title t  (cost=0.00..73925.90 rows=15186 width=4) (actual time=0.220..1191.935 rows=9845 loops=1)
              Filter: ((kind_id < 3) AND (production_year = 1999))
              Rows Removed by Filter: 2518467
Planning time: 0.759 ms
Execution time: 1768.902 ms
