Hash Join  (cost=357201.76..1143648.09 rows=23558170 width=0) (actual time=8181.378..65541.538 rows=208527232 loops=1)
  Hash Cond: (mi.movie_id = t.id)
  ->  Seq Scan on movie_info mi  (cost=0.00..309384.22 rows=14739122 width=4) (actual time=0.005..6223.307 rows=14835720 loops=1)
  ->  Hash  (cost=290896.59..290896.59 rows=4041453 width=8) (actual time=8180.077..8180.077 rows=4045750 loops=1)
        Buckets: 131072  Batches: 64  Memory Usage: 3593kB
        ->  Hash Join  (cost=102767.86..290896.59 rows=4041453 width=8) (actual time=2012.881..7042.677 rows=4045750 loops=1)
              Hash Cond: (mk.movie_id = t.id)
              ->  Seq Scan on movie_keyword mk  (cost=0.00..81003.12 rows=4041453 width=4) (actual time=0.024..1767.208 rows=4045750 loops=1)
                    Filter: (keyword_id < 37381)
                    Rows Removed by Filter: 478180
              ->  Hash  (cost=61283.27..61283.27 rows=2528527 width=4) (actual time=2011.997..2011.997 rows=2528312 loops=1)
                    Buckets: 131072  Batches: 64  Memory Usage: 2425kB
                    ->  Seq Scan on title t  (cost=0.00..61283.27 rows=2528527 width=4) (actual time=0.010..1147.827 rows=2528312 loops=1)
Planning time: 1.746 ms
Execution time: 87186.779 ms
