Seq Scan on movie_companies mc  (cost=0.00..51404.11 rows=104 width=0) (actual time=1.616..815.216 rows=277 loops=1)
  Filter: (company_id = 863)
  Rows Removed by Filter: 2608852
Planning time: 0.449 ms
Execution time: 815.366 ms
