Seq Scan on cast_info ci  (cost=0.00..705507.15 rows=11623810 width=0) (actual time=556.267..36202.119 rows=11525686 loops=1)
  Filter: (person_id < 1134424)
  Rows Removed by Filter: 24718658
Planning time: 1.677 ms
Execution time: 38108.044 ms
