Hash Join  (cost=156487.41..291541.14 rows=711617 width=0) (actual time=3423.798..8397.542 rows=2978880 loops=1)
  Hash Cond: (mk.movie_id = t.id)
  ->  Seq Scan on movie_keyword mk  (cost=0.00..81003.12 rows=3903315 width=4) (actual time=0.024..1783.209 rows=3903659 loops=1)
        Filter: (keyword_id < 29406)
        Rows Removed by Filter: 620271
  ->  Hash  (cost=148924.19..148924.19 rows=460978 width=8) (actual time=3422.874..3422.874 rows=459925 loops=1)
        Buckets: 131072  Batches: 8  Memory Usage: 3284kB
        ->  Hash Join  (cost=102767.86..148924.19 rows=460978 width=8) (actual time=1978.895..3273.979 rows=459925 loops=1)
              Hash Cond: (mi_idx.movie_id = t.id)
              ->  Seq Scan on movie_info_idx mi_idx  (cost=0.00..25185.44 rows=460978 width=4) (actual time=0.037..489.983 rows=459925 loops=1)
                    Filter: (info_type_id = 99)
                    Rows Removed by Filter: 920110
              ->  Hash  (cost=61283.27..61283.27 rows=2528527 width=4) (actual time=1976.969..1976.969 rows=2528312 loops=1)
                    Buckets: 131072  Batches: 64  Memory Usage: 2415kB
                    ->  Seq Scan on title t  (cost=0.00..61283.27 rows=2528527 width=4) (actual time=0.022..1129.384 rows=2528312 loops=1)
Planning time: 1.161 ms
Execution time: 8789.537 ms
