Seq Scan on movie_companies mc  (cost=0.00..57926.93 rows=51 width=0) (actual time=335.994..673.108 rows=73 loops=1)
  Filter: ((company_id = 610) AND (company_type_id = 1))
  Rows Removed by Filter: 2609056
Planning time: 0.398 ms
Execution time: 673.228 ms
