Hash Join  (cost=184895.55..314611.88 rows=633129 width=0) (actual time=4878.813..9320.859 rows=4444714 loops=1)
  Hash Cond: (mk.movie_id = t.id)
  ->  Seq Scan on movie_keyword mk  (cost=0.00..69693.30 rows=4523930 width=4) (actual time=0.013..1348.549 rows=4523930 loops=1)
  ->  Hash  (cost=179089.18..179089.18 rows=353870 width=8) (actual time=4877.056..4877.056 rows=666412 loops=1)
        Buckets: 131072 (originally 131072)  Batches: 16 (originally 8)  Memory Usage: 3073kB
        ->  Hash Join  (cost=102767.86..179089.18 rows=353870 width=8) (actual time=1978.999..4658.924 rows=666412 loops=1)
              Hash Cond: (mc.movie_id = t.id)
              ->  Seq Scan on movie_companies mc  (cost=0.00..57926.93 rows=353870 width=4) (actual time=0.027..877.977 rows=666412 loops=1)
                    Filter: ((company_id > 45522) AND (company_type_id = 2))
                    Rows Removed by Filter: 1942717
              ->  Hash  (cost=61283.27..61283.27 rows=2528527 width=4) (actual time=1977.851..1977.851 rows=2528312 loops=1)
                    Buckets: 131072  Batches: 64  Memory Usage: 2415kB
                    ->  Seq Scan on title t  (cost=0.00..61283.27 rows=2528527 width=4) (actual time=0.012..1120.967 rows=2528312 loops=1)
Planning time: 10.731 ms
Execution time: 9763.515 ms
