Seq Scan on cast_info ci  (cost=0.00..705507.15 rows=500 width=0) (actual time=9410.115..10242.539 rows=15 loops=1)
  Filter: (person_id = 1747529)
  Rows Removed by Filter: 36244329
Planning time: 2.355 ms
Execution time: 10242.648 ms
