Hash Join  (cost=729005.54..2434279.69 rows=55773650 width=0) (actual time=15757.609..57469.419 rows=51777124 loops=1)
  Hash Cond: (ci.movie_id = t.id)
  ->  Seq Scan on cast_info ci  (cost=0.00..705507.15 rows=23499554 width=4) (actual time=0.018..16109.461 rows=23573656 loops=1)
        Filter: (role_id > 1)
        Rows Removed by Filter: 12670688
  ->  Hash  (cost=630547.73..630547.73 rows=6001185 width=8) (actual time=15755.943..15755.943 rows=3141006 loops=1)
        Buckets: 131072  Batches: 128  Memory Usage: 1959kB
        ->  Hash Join  (cost=93093.72..630547.73 rows=6001185 width=8) (actual time=2486.490..14784.549 rows=3141006 loops=1)
              Hash Cond: (mi.movie_id = t.id)
              ->  Seq Scan on movie_info mi  (cost=0.00..346232.03 rows=9767026 width=4) (actual time=680.977..6803.683 rows=9911754 loops=1)
                    Filter: (info_type_id > 4)
                    Rows Removed by Filter: 4923966
              ->  Hash  (cost=67604.59..67604.59 rows=1553611 width=4) (actual time=1804.554..1804.554 rows=1555864 loops=1)
                    Buckets: 131072  Batches: 32  Memory Usage: 2740kB
                    ->  Seq Scan on title t  (cost=0.00..67604.59 rows=1553611 width=4) (actual time=0.039..1274.867 rows=1555864 loops=1)
                          Filter: (kind_id > 4)
                          Rows Removed by Filter: 972448
Planning time: 1.158 ms
Execution time: 63040.821 ms
