Seq Scan on movie_keyword mk  (cost=0.00..81003.12 rows=2220863 width=0) (actual time=0.023..1432.478 rows=2211611 loops=1)
  Filter: (keyword_id > 4966)
  Rows Removed by Filter: 2312319
Planning time: 0.305 ms
Execution time: 1710.514 ms
