Seq Scan on movie_companies mc  (cost=0.00..57926.93 rows=383742 width=0) (actual time=249.896..897.057 rows=702798 loops=1)
  Filter: ((company_id > 35769) AND (company_type_id = 2))
  Rows Removed by Filter: 1906331
Planning time: 0.363 ms
Execution time: 992.585 ms
