Hash Join  (cost=74301.05..129276.27 rows=30969 width=0) (actual time=1069.973..2396.474 rows=33870 loops=1)
  Hash Cond: (mc.movie_id = t.id)
  ->  Seq Scan on movie_companies mc  (cost=0.00..44881.29 rows=2609129 width=4) (actual time=0.018..638.736 rows=2609129 loops=1)
  ->  Hash  (cost=73925.90..73925.90 rows=30012 width=4) (actual time=1069.736..1069.736 rows=28831 loops=1)
        Buckets: 32768  Batches: 1  Memory Usage: 1270kB
        ->  Seq Scan on title t  (cost=0.00..73925.90 rows=30012 width=4) (actual time=13.729..1058.475 rows=28831 loops=1)
              Filter: ((production_year > 2008) AND (kind_id = 4))
              Rows Removed by Filter: 2499481
Planning time: 7.676 ms
Execution time: 2401.717 ms
