Hash Join  (cost=171161.04..321103.93 rows=1425958 width=0) (actual time=3951.725..10017.079 rows=6716634 loops=1)
  Hash Cond: (mk.movie_id = t.id)
  ->  Seq Scan on movie_keyword mk  (cost=0.00..81003.12 rows=4455515 width=4) (actual time=0.021..1880.250 rows=4451961 loops=1)
        Filter: (keyword_id > 62)
        Rows Removed by Filter: 71969
  ->  Hash  (cost=157883.57..157883.57 rows=809238 width=8) (actual time=3950.806..3950.806 rows=873674 loops=1)
        Buckets: 131072  Batches: 16  Memory Usage: 3174kB
        ->  Hash Join  (cost=104131.46..157883.57 rows=809238 width=8) (actual time=2145.124..3711.836 rows=873674 loops=1)
              Hash Cond: (mi_idx.movie_id = t.id)
              ->  Seq Scan on movie_info_idx mi_idx  (cost=0.00..25185.44 rows=919057 width=4) (actual time=0.022..520.963 rows=920110 loops=1)
                    Filter: (info_type_id > 99)
                    Rows Removed by Filter: 459925
              ->  Hash  (cost=67604.59..67604.59 rows=2226390 width=4) (actual time=2143.895..2143.895 rows=2224569 loops=1)
                    Buckets: 131072  Batches: 32  Memory Usage: 3463kB
                    ->  Seq Scan on title t  (cost=0.00..67604.59 rows=2226390 width=4) (actual time=0.021..1427.549 rows=2224569 loops=1)
                          Filter: (production_year < 2012)
                          Rows Removed by Filter: 303743
Planning time: 1.160 ms
Execution time: 10744.238 ms
