Hash Join  (cost=106271.04..218107.79 rows=2431882 width=0) (actual time=2039.246..5323.207 rows=2387642 loops=1)
  Hash Cond: (mc.movie_id = t.id)
  ->  Seq Scan on movie_companies mc  (cost=0.00..44881.29 rows=2609129 width=4) (actual time=0.027..839.949 rows=2609129 loops=1)
  ->  Hash  (cost=67604.59..67604.59 rows=2356756 width=4) (actual time=2037.844..2037.844 rows=2352238 loops=1)
        Buckets: 131072  Batches: 32  Memory Usage: 3612kB
        ->  Seq Scan on title t  (cost=0.00..67604.59 rows=2356756 width=4) (actual time=0.020..1279.001 rows=2352238 loops=1)
              Filter: (production_year > 1925)
              Rows Removed by Filter: 176074
Planning time: 4.368 ms
Execution time: 5614.851 ms
