Nested Loop  (cost=0.43..83071.67 rows=246 width=0) (actual time=4.310..1301.654 rows=387 loops=1)
  ->  Seq Scan on movie_keyword mk  (cost=0.00..81003.12 rows=246 width=4) (actual time=4.237..1275.915 rows=387 loops=1)
        Filter: (keyword_id = 3549)
        Rows Removed by Filter: 4523543
  ->  Index Only Scan using title_pkey on title t  (cost=0.43..8.40 rows=1 width=4) (actual time=0.064..0.064 rows=1 loops=387)
        Index Cond: (id = mk.movie_id)
        Heap Fetches: 387
Planning time: 0.734 ms
Execution time: 1301.920 ms
