Seq Scan on movie_keyword mk  (cost=0.00..81003.12 rows=246 width=0) (actual time=14.069..1421.898 rows=126 loops=1)
  Filter: (keyword_id = 19927)
  Rows Removed by Filter: 4523804
Planning time: 0.349 ms
Execution time: 1422.077 ms
