Hash Join  (cost=83074.74..143945.97 rows=246 width=0) (actual time=1210.530..2608.177 rows=2888 loops=1)
  Hash Cond: (mc.movie_id = t.id)
  ->  Seq Scan on movie_companies mc  (cost=0.00..51404.11 rows=2523907 width=4) (actual time=0.315..1038.723 rows=2523870 loops=1)
        Filter: (company_id < 166677)
        Rows Removed by Filter: 85259
  ->  Hash  (cost=83071.67..83071.67 rows=246 width=8) (actual time=1207.681..1207.681 rows=253 loops=1)
        Buckets: 1024  Batches: 1  Memory Usage: 18kB
        ->  Nested Loop  (cost=0.43..83071.67 rows=246 width=8) (actual time=12.618..1207.408 rows=253 loops=1)
              ->  Seq Scan on movie_keyword mk  (cost=0.00..81003.12 rows=246 width=4) (actual time=12.503..1197.384 rows=253 loops=1)
                    Filter: (keyword_id = 2964)
                    Rows Removed by Filter: 4523677
              ->  Index Only Scan using title_pkey on title t  (cost=0.43..8.40 rows=1 width=4) (actual time=0.036..0.036 rows=1 loops=253)
                    Index Cond: (id = mk.movie_id)
                    Heap Fetches: 253
Planning time: 1.122 ms
Execution time: 2608.803 ms
