Hash Join  (cost=154654.97..952632.47 rows=190631 width=0) (actual time=2859.188..19846.735 rows=709764 loops=1)
  Hash Cond: (ci.movie_id = t.id)
  ->  Seq Scan on cast_info ci  (cost=0.00..614943.12 rows=36225612 width=4) (actual time=0.017..8727.327 rows=36244344 loops=1)
  ->  Hash  (cost=154488.65..154488.65 rows=13306 width=8) (actual time=2858.234..2858.234 rows=19725 loops=1)
        Buckets: 32768 (originally 16384)  Batches: 1 (originally 1)  Memory Usage: 1027kB
        ->  Hash Join  (cost=67697.55..154488.65 rows=13306 width=8) (actual time=1099.075..2850.834 rows=19725 loops=1)
              Hash Cond: (mk.movie_id = t.id)
              ->  Seq Scan on movie_keyword mk  (cost=0.00..69693.30 rows=4523930 width=4) (actual time=0.012..921.990 rows=4523930 loops=1)
              ->  Hash  (cost=67604.59..67604.59 rows=7437 width=4) (actual time=1098.798..1098.798 rows=5663 loops=1)
                    Buckets: 8192  Batches: 1  Memory Usage: 264kB
                    ->  Seq Scan on title t  (cost=0.00..67604.59 rows=7437 width=4) (actual time=0.086..1095.682 rows=5663 loops=1)
                          Filter: (production_year = 1951)
                          Rows Removed by Filter: 2522649
Planning time: 1.090 ms
Execution time: 19940.094 ms
