Seq Scan on movie_keyword mk  (cost=0.00..81003.12 rows=20629 width=0) (actual time=2399.311..3698.593 rows=17289 loops=1)
  Filter: (keyword_id > 119346)
  Rows Removed by Filter: 4506641
Planning time: 0.280 ms
Execution time: 3701.676 ms
