Hash Join  (cost=900167.51..1024350.73 rows=179019 width=0) (actual time=15937.861..17600.542 rows=86027 loops=1)
  Hash Cond: (mk.movie_id = t.id)
  ->  Seq Scan on movie_keyword mk  (cost=0.00..69693.30 rows=4523930 width=4) (actual time=0.028..1352.899 rows=4523930 loops=1)
  ->  Hash  (cost=898525.78..898525.78 rows=100058 width=8) (actual time=14936.259..14936.259 rows=37295 loops=1)
        Buckets: 131072  Batches: 2  Memory Usage: 1757kB
        ->  Hash Join  (cost=94252.23..898525.78 rows=100058 width=8) (actual time=10991.631..14924.364 rows=37295 loops=1)
              Hash Cond: (ci.movie_id = t.id)
              ->  Seq Scan on cast_info ci  (cost=0.00..796071.18 rows=204211 width=4) (actual time=8922.330..12620.220 rows=76623 loops=1)
                    Filter: ((person_id < 2117351) AND (role_id > 10))
                    Rows Removed by Filter: 36167721
              ->  Hash  (cost=73925.90..73925.90 rows=1238906 width=4) (actual time=2068.207..2068.207 rows=1324576 loops=1)
                    Buckets: 131072  Batches: 32  Memory Usage: 2484kB
                    ->  Seq Scan on title t  (cost=0.00..73925.90 rows=1238906 width=4) (actual time=118.572..1305.752 rows=1324576 loops=1)
                          Filter: ((production_year > 1973) AND (kind_id = 7))
                          Rows Removed by Filter: 1203736
Planning time: 7.962 ms
Execution time: 17611.866 ms
