Hash Join  (cost=84240.62..603150.14 rows=3664759 width=0) (actual time=3806.531..35271.582 rows=5864832 loops=1)
  Hash Cond: (mi.movie_id = t.id)
  ->  Seq Scan on movie_info mi  (cost=0.00..309384.22 rows=14739122 width=4) (actual time=0.020..21184.106 rows=14835720 loops=1)
  ->  Hash  (cost=73925.90..73925.90 rows=628697 width=4) (actual time=3768.107..3768.107 rows=532584 loops=1)
        Buckets: 131072  Batches: 16  Memory Usage: 2196kB
        ->  Seq Scan on title t  (cost=0.00..73925.90 rows=628697 width=4) (actual time=0.025..3531.184 rows=532584 loops=1)
              Filter: ((kind_id < 7) AND (production_year > 1995))
              Rows Removed by Filter: 1995728
Planning time: 12.487 ms
Execution time: 35972.122 ms
