Seq Scan on movie_keyword mk  (cost=0.00..81003.12 rows=1277953 width=0) (actual time=0.018..1402.458 rows=1287040 loops=1)
  Filter: (keyword_id > 13739)
  Rows Removed by Filter: 3236890
Planning time: 0.326 ms
Execution time: 1563.288 ms
