Seq Scan on movie_keyword mk  (cost=0.00..81003.12 rows=3727642 width=0) (actual time=0.014..1561.659 rows=3726831 loops=1)
  Filter: (keyword_id > 766)
  Rows Removed by Filter: 797099
Planning time: 0.273 ms
Execution time: 2014.265 ms
