Hash Join  (cost=101489.21..197867.91 rows=284441 width=0) (actual time=2035.305..4088.273 rows=340559 loops=1)
  Hash Cond: (mk.movie_id = t.id)
  ->  Seq Scan on movie_keyword mk  (cost=0.00..81003.12 rows=348233 width=4) (actual time=0.013..1432.783 rows=362095 loops=1)
        Filter: (keyword_id < 333)
        Rows Removed by Filter: 4161835
  ->  Hash  (cost=67604.59..67604.59 rows=2065330 width=4) (actual time=2033.680..2033.680 rows=2064552 loops=1)
        Buckets: 131072  Batches: 32  Memory Usage: 3298kB
        ->  Seq Scan on title t  (cost=0.00..67604.59 rows=2065330 width=4) (actual time=0.012..1369.203 rows=2064552 loops=1)
              Filter: (production_year < 2011)
              Rows Removed by Filter: 463760
Planning time: 0.729 ms
Execution time: 4129.817 ms
