Hash Join  (cost=94699.36..459591.89 rows=23660 width=0) (actual time=1802.555..8259.845 rows=8610 loops=1)
  Hash Cond: (mi.movie_id = t.id)
  ->  Seq Scan on movie_info mi  (cost=0.00..309384.22 rows=14739122 width=4) (actual time=0.014..4058.554 rows=14835720 loops=1)
  ->  Hash  (cost=94648.62..94648.62 rows=4059 width=8) (actual time=1715.124..1715.124 rows=558 loops=1)
        Buckets: 4096  Batches: 1  Memory Usage: 54kB
        ->  Hash Join  (cost=67697.55..94648.62 rows=4059 width=8) (actual time=1098.195..1714.812 rows=558 loops=1)
              Hash Cond: (mi_idx.movie_id = t.id)
              ->  Seq Scan on movie_info_idx mi_idx  (cost=0.00..21735.35 rows=1380035 width=4) (actual time=0.012..340.655 rows=1380035 loops=1)
              ->  Hash  (cost=67604.59..67604.59 rows=7437 width=4) (actual time=1097.986..1097.986 rows=3781 loops=1)
                    Buckets: 8192  Batches: 1  Memory Usage: 197kB
                    ->  Seq Scan on title t  (cost=0.00..67604.59 rows=7437 width=4) (actual time=215.697..1096.135 rows=3781 loops=1)
                          Filter: (production_year = 1918)
                          Rows Removed by Filter: 2524531
Planning time: 1.188 ms
Execution time: 8261.506 ms
