Seq Scan on movie_companies mc  (cost=0.00..51404.11 rows=628568 width=0) (actual time=0.016..848.576 rows=623088 loops=1)
  Filter: (company_id < 789)
  Rows Removed by Filter: 1986041
Planning time: 0.299 ms
Execution time: 931.808 ms
