Hash Join  (cost=102767.86..1585158.18 rows=31875518 width=0) (actual time=1934.865..45228.602 rows=31845001 loops=1)
  Hash Cond: (ci.movie_id = t.id)
  ->  Seq Scan on cast_info ci  (cost=0.00..705507.15 rows=31875518 width=4) (actual time=0.019..16879.858 rows=31845001 loops=1)
        Filter: (person_id < 3257452)
        Rows Removed by Filter: 4399343
  ->  Hash  (cost=61283.27..61283.27 rows=2528527 width=4) (actual time=1934.036..1934.036 rows=2528312 loops=1)
        Buckets: 131072  Batches: 64  Memory Usage: 2415kB
        ->  Seq Scan on title t  (cost=0.00..61283.27 rows=2528527 width=4) (actual time=0.018..1072.233 rows=2528312 loops=1)
Planning time: 0.757 ms
Execution time: 48782.492 ms
