Seq Scan on cast_info ci  (cost=0.00..796071.18 rows=16185567 width=0) (actual time=0.015..17325.790 rows=16073912 loops=1)
  Filter: ((person_id < 4054593) AND (role_id > 2))
  Rows Removed by Filter: 20170432
Planning time: 0.330 ms
Execution time: 19317.889 ms
