Hash Join  (cost=297111.36..980433.12 rows=15620005 width=0) (actual time=7193.877..22334.599 rows=6612772 loops=1)
  Hash Cond: (mi.movie_id = t.id)
  ->  Seq Scan on movie_info mi  (cost=0.00..309384.22 rows=14739122 width=4) (actual time=0.019..6414.841 rows=14835720 loops=1)
  ->  Hash  (cost=253147.81..253147.81 rows=2679644 width=8) (actual time=6882.775..6882.775 rows=635485 loops=1)
        Buckets: 131072  Batches: 64  Memory Usage: 1403kB
        ->  Hash Join  (cost=98498.33..253147.81 rows=2679644 width=8) (actual time=3763.870..6686.686 rows=635485 loops=1)
              Hash Cond: (mk.movie_id = t.id)
              ->  Seq Scan on movie_keyword mk  (cost=0.00..69693.30 rows=4523930 width=4) (actual time=0.023..1289.681 rows=4523930 loops=1)
              ->  Hash  (cost=73925.90..73925.90 rows=1497714 width=4) (actual time=2073.055..2073.055 rows=1478440 loops=1)
                    Buckets: 131072  Batches: 32  Memory Usage: 2656kB
                    ->  Seq Scan on title t  (cost=0.00..73925.90 rows=1497714 width=4) (actual time=0.023..1571.652 rows=1478440 loops=1)
                          Filter: ((production_year > 0) AND (kind_id = 7))
                          Rows Removed by Filter: 1049872
Planning time: 1.179 ms
Execution time: 23078.287 ms
