Nested Loop  (cost=0.43..796984.86 rows=2 width=0) (actual time=10380.365..13460.586 rows=1 loops=1)
  ->  Seq Scan on cast_info ci  (cost=0.00..796071.18 rows=108 width=4) (actual time=10378.947..13453.425 rows=210 loops=1)
        Filter: ((role_id > 6) AND (person_id = 3502946))
        Rows Removed by Filter: 36244134
  ->  Index Scan using title_pkey on title t  (cost=0.43..8.45 rows=1 width=4) (actual time=0.033..0.033 rows=0 loops=210)
        Index Cond: (id = ci.movie_id)
        Filter: (production_year = 1996)
        Rows Removed by Filter: 1
Planning time: 0.782 ms
Execution time: 13460.703 ms
