Hash Join  (cost=92883.59..1020193.63 rows=4035973 width=0) (actual time=1888.401..20824.938 rows=4513737 loops=1)
  Hash Cond: (ci.movie_id = t.id)
  ->  Seq Scan on cast_info ci  (cost=0.00..796071.18 rows=6623226 width=4) (actual time=164.540..13389.998 rows=7795896 loops=1)
        Filter: ((person_id < 961629) AND (role_id < 4))
        Rows Removed by Filter: 28448448
  ->  Hash  (cost=67604.59..67604.59 rows=1540800 width=4) (actual time=1722.640..1722.640 rows=1543264 loops=1)
        Buckets: 131072  Batches: 32  Memory Usage: 2722kB
        ->  Seq Scan on title t  (cost=0.00..67604.59 rows=1540800 width=4) (actual time=0.025..1236.055 rows=1543264 loops=1)
              Filter: (kind_id = 7)
              Rows Removed by Filter: 985048
Planning time: 0.495 ms
Execution time: 21337.642 ms
