Hash Join  (cost=526665.84..690207.74 rows=2945395 width=0) (actual time=11064.651..13603.527 rows=1298132 loops=1)
  Hash Cond: (mk.movie_id = t.id)
  ->  Seq Scan on movie_keyword mk  (cost=0.00..69693.30 rows=4523930 width=4) (actual time=0.018..1393.294 rows=4523930 loops=1)
  ->  Hash  (cost=499656.74..499656.74 rows=1646248 width=8) (actual time=9772.868..9772.868 rows=1480966 loops=1)
        Buckets: 131072  Batches: 32  Memory Usage: 2829kB
        ->  Hash Join  (cost=96184.51..499656.74 rows=1646248 width=8) (actual time=5447.782..9379.343 rows=1480966 loops=1)
              Hash Cond: (mi.movie_id = t.id)
              ->  Seq Scan on movie_info mi  (cost=0.00..346232.03 rows=3068194 width=4) (actual time=3601.242..5518.686 rows=3036719 loops=1)
                    Filter: (info_type_id = 16)
                    Rows Removed by Filter: 11799001
              ->  Hash  (cost=73925.90..73925.90 rows=1356688 width=4) (actual time=1844.878..1844.878 rows=1327781 loops=1)
                    Buckets: 131072  Batches: 32  Memory Usage: 2485kB
                    ->  Seq Scan on title t  (cost=0.00..73925.90 rows=1356688 width=4) (actual time=395.485..1401.697 rows=1327781 loops=1)
                          Filter: ((production_year < 2012) AND (kind_id = 7))
                          Rows Removed by Filter: 1200531
Planning time: 1.152 ms
Execution time: 13754.352 ms
