Hash Join  (cost=114570.55..472908.08 rows=59978 width=0) (actual time=6306.840..8440.472 rows=113060 loops=1)
  Hash Cond: (mi.movie_id = t.id)
  ->  Seq Scan on movie_info mi  (cost=0.00..346232.03 rows=3068194 width=4) (actual time=4052.725..5505.709 rows=3036719 loops=1)
        Filter: (info_type_id = 16)
        Rows Removed by Filter: 11799001
  ->  Hash  (cost=113952.70..113952.70 rows=49428 width=8) (actual time=2253.559..2253.559 rows=38610 loops=1)
        Buckets: 65536  Batches: 1  Memory Usage: 2021kB
        ->  Hash Join  (cost=75411.94..113952.70 rows=49428 width=8) (actual time=1331.359..2241.200 rows=38610 loops=1)
              Hash Cond: (mi_idx.movie_id = t.id)
              ->  Seq Scan on movie_info_idx mi_idx  (cost=0.00..21735.35 rows=1380035 width=4) (actual time=0.022..469.132 rows=1380035 loops=1)
              ->  Hash  (cost=73925.90..73925.90 rows=90563 width=4) (actual time=1330.167..1330.167 rows=80990 loops=1)
                    Buckets: 131072  Batches: 2  Memory Usage: 2450kB
                    ->  Seq Scan on title t  (cost=0.00..73925.90 rows=90563 width=4) (actual time=0.074..1299.269 rows=80990 loops=1)
                          Filter: ((kind_id < 7) AND (production_year > 2011))
                          Rows Removed by Filter: 2447322
Planning time: 1.146 ms
Execution time: 8455.713 ms
