Hash Join  (cost=78556.72..1006282.59 rows=2398751 width=0) (actual time=4522.368..42474.677 rows=1603728 loops=1)
  Hash Cond: (ci.movie_id = t.id)
  ->  Seq Scan on cast_info ci  (cost=0.00..796071.18 rows=9086180 width=4) (actual time=1517.846..35814.748 rows=5331982 loops=1)
        Filter: ((person_id > 1001861) AND (role_id = 1))
        Rows Removed by Filter: 30912362
  ->  Hash  (cost=67604.59..67604.59 rows=667531 width=4) (actual time=2927.379..2927.379 rows=662825 loops=1)
        Buckets: 131072  Batches: 16  Memory Usage: 2476kB
        ->  Seq Scan on title t  (cost=0.00..67604.59 rows=667531 width=4) (actual time=420.732..2626.166 rows=662825 loops=1)
              Filter: (kind_id = 1)
              Rows Removed by Filter: 1865487
Planning time: 0.749 ms
Execution time: 42673.422 ms
