Hash Join  (cost=176145.07..569731.73 rows=428279 width=0) (actual time=5302.237..11032.080 rows=653045 loops=1)
  Hash Cond: (mi.movie_id = t.id)
  ->  Seq Scan on movie_info mi  (cost=0.00..346232.03 rows=3623957 width=4) (actual time=1828.398..5743.967 rows=3624977 loops=1)
        Filter: (info_type_id < 4)
        Rows Removed by Filter: 11210743
  ->  Hash  (cost=171241.81..171241.81 rows=298821 width=8) (actual time=3472.916..3472.916 rows=292877 loops=1)
        Buckets: 131072  Batches: 4  Memory Usage: 3896kB
        ->  Hash Join  (cost=102767.86..171241.81 rows=298821 width=8) (actual time=1932.716..3384.795 rows=292877 loops=1)
              Hash Cond: (mc.movie_id = t.id)
              ->  Seq Scan on movie_companies mc  (cost=0.00..51404.11 rows=298821 width=4) (actual time=0.024..821.697 rows=292877 loops=1)
                    Filter: (company_id < 160)
                    Rows Removed by Filter: 2316252
              ->  Hash  (cost=61283.27..61283.27 rows=2528527 width=4) (actual time=1931.136..1931.136 rows=2528312 loops=1)
                    Buckets: 131072  Batches: 64  Memory Usage: 2415kB
                    ->  Seq Scan on title t  (cost=0.00..61283.27 rows=2528527 width=4) (actual time=0.014..1102.549 rows=2528312 loops=1)
Planning time: 1.223 ms
Execution time: 11112.759 ms
