Seq Scan on movie_companies mc  (cost=0.00..51404.11 rows=104 width=0) (actual time=1.369..782.129 rows=327 loops=1)
  Filter: (company_id = 3665)
  Rows Removed by Filter: 2608802
Planning time: 4.352 ms
Execution time: 782.311 ms
