Hash Join  (cost=75930.94..114768.17 rows=66675 width=0) (actual time=1235.311..2150.066 rows=1197 loops=1)
  Hash Cond: (mi_idx.movie_id = t.id)
  ->  Seq Scan on movie_info_idx mi_idx  (cost=0.00..21735.35 rows=1380035 width=4) (actual time=0.019..495.238 rows=1380035 loops=1)
  ->  Hash  (cost=73925.90..73925.90 rows=122163 width=4) (actual time=1223.308..1223.308 rows=7500 loops=1)
        Buckets: 131072  Batches: 2  Memory Usage: 1158kB
        ->  Seq Scan on title t  (cost=0.00..73925.90 rows=122163 width=4) (actual time=0.362..1219.480 rows=7500 loops=1)
              Filter: ((kind_id > 2) AND (production_year < 1952))
              Rows Removed by Filter: 2520812
Planning time: 0.722 ms
Execution time: 2150.365 ms
