Hash Join  (cost=72956.84..436711.05 rows=163072 width=0) (actual time=4187.299..7389.084 rows=270433 loops=1)
  Hash Cond: (mi.movie_id = t.id)
  ->  Seq Scan on movie_info mi  (cost=0.00..346232.03 rows=1264125 width=4) (actual time=2972.247..5394.253 rows=1288928 loops=1)
        Filter: (info_type_id = 2)
        Rows Removed by Filter: 13546792
  ->  Hash  (cost=67604.59..67604.59 rows=326180 width=4) (actual time=1213.771..1213.771 rows=323245 loops=1)
        Buckets: 131072  Batches: 8  Memory Usage: 2443kB
        ->  Seq Scan on title t  (cost=0.00..67604.59 rows=326180 width=4) (actual time=0.025..1103.783 rows=323245 loops=1)
              Filter: (production_year < 1967)
              Rows Removed by Filter: 2205067
Planning time: 0.750 ms
Execution time: 7423.179 ms
