Hash Join  (cost=88767.14..447861.60 rows=220408 width=0) (actual time=2009.012..7947.712 rows=133039 loops=1)
  Hash Cond: (mi.movie_id = t.id)
  ->  Seq Scan on movie_info mi  (cost=0.00..346232.03 rows=616095 width=4) (actual time=385.910..5622.116 rows=598457 loops=1)
        Filter: (info_type_id = 15)
        Rows Removed by Filter: 14237263
  ->  Hash  (cost=73925.90..73925.90 rows=904579 width=4) (actual time=1580.942..1580.942 rows=992072 loops=1)
        Buckets: 131072  Batches: 16  Memory Usage: 3217kB
        ->  Seq Scan on title t  (cost=0.00..73925.90 rows=904579 width=4) (actual time=0.042..1262.356 rows=992072 loops=1)
              Filter: ((production_year > 1998) AND (kind_id = 7))
              Rows Removed by Filter: 1536240
Planning time: 0.753 ms
Execution time: 7963.323 ms
