Seq Scan on movie_companies mc  (cost=0.00..57926.93 rows=716601 width=0) (actual time=0.025..1009.531 rows=449332 loops=1)
  Filter: ((company_id < 12135) AND (company_type_id = 2))
  Rows Removed by Filter: 2159797
Planning time: 1.636 ms
Execution time: 1062.806 ms
