Nested Loop  (cost=0.43..65688.00 rows=9 width=0) (actual time=653.099..924.147 rows=7 loops=1)
  ->  Seq Scan on movie_companies mc  (cost=0.00..57926.93 rows=945 width=4) (actual time=10.440..892.674 rows=743 loops=1)
        Filter: ((company_id < 6) AND (company_type_id > 1))
        Rows Removed by Filter: 2608386
  ->  Index Scan using title_pkey on title t  (cost=0.43..8.20 rows=1 width=4) (actual time=0.042..0.042 rows=0 loops=743)
        Index Cond: (id = mc.movie_id)
        Filter: ((kind_id = 7) AND (production_year = 1997))
        Rows Removed by Filter: 1
Planning time: 0.847 ms
Execution time: 924.254 ms
