Seq Scan on movie_keyword mk  (cost=0.00..81003.12 rows=1165713 width=0) (actual time=0.020..1492.873 rows=1180546 loops=1)
  Filter: (keyword_id > 15788)
  Rows Removed by Filter: 3343384
Planning time: 0.209 ms
Execution time: 1640.568 ms
