Hash Join  (cost=84240.62..211399.81 rows=773388 width=0) (actual time=4457.251..11505.759 rows=1347851 loops=1)
  Hash Cond: (mk.movie_id = t.id)
  ->  Seq Scan on movie_keyword mk  (cost=0.00..81003.12 rows=3110451 width=4) (actual time=0.039..4410.373 rows=3091855 loops=1)
        Filter: (keyword_id > 1969)
        Rows Removed by Filter: 1432075
  ->  Hash  (cost=73925.90..73925.90 rows=628697 width=4) (actual time=4447.129..4447.129 rows=532584 loops=1)
        Buckets: 131072  Batches: 16  Memory Usage: 2196kB
        ->  Seq Scan on title t  (cost=0.00..73925.90 rows=628697 width=4) (actual time=0.027..3583.012 rows=532584 loops=1)
              Filter: ((kind_id < 7) AND (production_year > 1995))
              Rows Removed by Filter: 1995728
Planning time: 1.011 ms
Execution time: 11667.111 ms
