Hash Join  (cost=70241.71..198116.69 rows=240978 width=0) (actual time=1233.135..4455.505 rows=120625 loops=1)
  Hash Cond: (mk.movie_id = t.id)
  ->  Seq Scan on movie_keyword mk  (cost=0.00..81003.12 rows=3790952 width=4) (actual time=0.015..1803.886 rows=3783137 loops=1)
        Filter: (keyword_id < 25357)
        Rows Removed by Filter: 740793
  ->  Hash  (cost=67604.59..67604.59 rows=160730 width=4) (actual time=1230.672..1230.672 rows=160017 loops=1)
        Buckets: 131072  Batches: 4  Memory Usage: 2442kB
        ->  Seq Scan on title t  (cost=0.00..67604.59 rows=160730 width=4) (actual time=0.005..1168.304 rows=160017 loops=1)
              Filter: (production_year = 2011)
              Rows Removed by Filter: 2368295
Planning time: 0.517 ms
Execution time: 4471.429 ms
