Seq Scan on cast_info ci  (cost=0.00..796071.18 rows=1325907 width=0) (actual time=229.365..12054.790 rows=663410 loops=1)
  Filter: ((person_id < 533545) AND (role_id > 5))
  Rows Removed by Filter: 35580934
Planning time: 0.334 ms
Execution time: 12136.460 ms
