Seq Scan on movie_keyword mk  (cost=0.00..81003.12 rows=3204949 width=0) (actual time=0.014..1566.659 rows=3190838 loops=1)
  Filter: (keyword_id < 12925)
  Rows Removed by Filter: 1333092
Planning time: 0.320 ms
Execution time: 1950.095 ms
