Hash Join  (cost=95809.99..446957.34 rows=14353 width=0) (actual time=6292.200..7695.427 rows=32689 loops=1)
  Hash Cond: (mi.movie_id = t.id)
  ->  Seq Scan on movie_info mi  (cost=0.00..346232.03 rows=1272478 width=4) (actual time=4522.237..5629.170 rows=1325361 loops=1)
        Filter: (info_type_id = 8)
        Rows Removed by Filter: 13510359
  ->  Hash  (cost=95453.48..95453.48 rows=28521 width=8) (actual time=1769.467..1769.467 rows=34547 loops=1)
        Buckets: 65536 (originally 32768)  Batches: 1 (originally 1)  Memory Usage: 1862kB
        ->  Hash Join  (cost=68257.79..95453.48 rows=28521 width=8) (actual time=1076.728..1757.686 rows=34547 loops=1)
              Hash Cond: (mi_idx.movie_id = t.id)
              ->  Seq Scan on movie_info_idx mi_idx  (cost=0.00..21735.35 rows=1380035 width=4) (actual time=0.027..346.607 rows=1380035 loops=1)
              ->  Hash  (cost=67604.59..67604.59 rows=52256 width=4) (actual time=1076.341..1076.341 rows=53013 loops=1)
                    Buckets: 65536  Batches: 1  Memory Usage: 2376kB
                    ->  Seq Scan on title t  (cost=0.00..67604.59 rows=52256 width=4) (actual time=0.068..1054.372 rows=53013 loops=1)
                          Filter: (production_year = 2000)
                          Rows Removed by Filter: 2475299
Planning time: 0.965 ms
Execution time: 7700.478 ms
