Hash Join  (cost=75458.68..1028444.68 rows=484750 width=0) (actual time=1241.234..20823.409 rows=423358 loops=1)
  Hash Cond: (ci.movie_id = t.id)
  ->  Seq Scan on cast_info ci  (cost=0.00..796071.18 rows=13120086 width=4) (actual time=0.025..16083.989 rows=9151247 loops=1)
        Filter: ((person_id < 2968157) AND (role_id > 2))
        Rows Removed by Filter: 27093097
  ->  Hash  (cost=73925.90..73925.90 rows=93422 width=4) (actual time=1240.434..1240.434 rows=100754 loops=1)
        Buckets: 131072  Batches: 2  Memory Usage: 2802kB
        ->  Seq Scan on title t  (cost=0.00..73925.90 rows=93422 width=4) (actual time=0.023..1203.018 rows=100754 loops=1)
              Filter: ((kind_id > 1) AND (production_year = 2008))
              Rows Removed by Filter: 2427558
Planning time: 0.800 ms
Execution time: 20878.629 ms
