Hash Join  (cost=201578.71..279848.25 rows=163879 width=0) (actual time=4037.249..6441.655 rows=1592221 loops=1)
  Hash Cond: (mc.movie_id = t.id)
  ->  Seq Scan on movie_companies mc  (cost=0.00..51404.11 rows=2115372 width=4) (actual time=0.012..1148.992 rows=2113159 loops=1)
        Filter: (company_id < 74404)
        Rows Removed by Filter: 495970
  ->  Hash  (cost=198364.13..198364.13 rows=195886 width=8) (actual time=4036.473..4036.473 rows=198734 loops=1)
        Buckets: 131072  Batches: 4  Memory Usage: 2974kB
        ->  Hash Join  (cost=102767.86..198364.13 rows=195886 width=8) (actual time=2007.013..3974.537 rows=198734 loops=1)
              Hash Cond: (mk.movie_id = t.id)
              ->  Seq Scan on movie_keyword mk  (cost=0.00..81003.12 rows=195886 width=4) (actual time=0.030..1382.697 rows=198734 loops=1)
                    Filter: (keyword_id > 69021)
                    Rows Removed by Filter: 4325196
              ->  Hash  (cost=61283.27..61283.27 rows=2528527 width=4) (actual time=2004.944..2004.944 rows=2528312 loops=1)
                    Buckets: 131072  Batches: 64  Memory Usage: 2425kB
                    ->  Seq Scan on title t  (cost=0.00..61283.27 rows=2528527 width=4) (actual time=0.009..1128.538 rows=2528312 loops=1)
Planning time: 1.760 ms
Execution time: 6621.484 ms
