Hash Join  (cost=52284.46..803079.50 rows=587 width=0) (actual time=1030.868..16485.908 rows=306 loops=1)
  Hash Cond: (ci.movie_id = t.id)
  ->  Seq Scan on cast_info ci  (cost=0.00..614943.12 rows=36225612 width=4) (actual time=0.017..8979.136 rows=36244344 loops=1)
  ->  Hash  (cost=52283.95..52283.95 rows=41 width=8) (actual time=809.218..809.218 rows=44 loops=1)
        Buckets: 1024  Batches: 1  Memory Usage: 10kB
        ->  Nested Loop  (cost=0.43..52283.95 rows=41 width=8) (actual time=13.017..809.151 rows=44 loops=1)
              ->  Seq Scan on movie_companies mc  (cost=0.00..51404.11 rows=104 width=4) (actual time=12.964..807.379 rows=44 loops=1)
                    Filter: (company_id = 15685)
                    Rows Removed by Filter: 2609085
              ->  Index Scan using title_pkey on title t  (cost=0.43..8.45 rows=1 width=4) (actual time=0.035..0.036 rows=1 loops=44)
                    Index Cond: (id = mc.movie_id)
                    Filter: (kind_id < 7)
Planning time: 0.762 ms
Execution time: 16486.143 ms
