Nested Loop  (cost=0.43..75760.88 rows=2260 width=0) (actual time=551.989..901.536 rows=1127 loops=1)
  ->  Seq Scan on movie_companies mc  (cost=0.00..57926.93 rows=2260 width=4) (actual time=551.902..884.342 rows=1127 loops=1)
        Filter: ((company_id = 240) AND (company_type_id = 2))
        Rows Removed by Filter: 2608002
  ->  Index Only Scan using title_pkey on title t  (cost=0.43..7.88 rows=1 width=4) (actual time=0.014..0.015 rows=1 loops=1127)
        Index Cond: (id = mc.movie_id)
        Heap Fetches: 1127
Planning time: 0.682 ms
Execution time: 901.908 ms
