Hash Join  (cost=225000.33..789208.29 rows=6939512 width=0) (actual time=5168.909..20323.445 rows=9392718 loops=1)
  Hash Cond: (mi.movie_id = t.id)
  ->  Seq Scan on movie_info mi  (cost=0.00..346232.03 rows=11115165 width=4) (actual time=118.988..7117.035 rows=11210743 loops=1)
        Filter: (info_type_id > 3)
        Rows Removed by Filter: 3624977
  ->  Hash  (cost=199100.44..199100.44 rows=1578631 width=8) (actual time=5049.070..5049.070 rows=1099780 loops=1)
        Buckets: 131072  Batches: 32  Memory Usage: 2358kB
        ->  Hash Join  (cost=99026.19..199100.44 rows=1578631 width=8) (actual time=2079.849..4761.654 rows=1099780 loops=1)
              Hash Cond: (mc.movie_id = t.id)
              ->  Seq Scan on movie_companies mc  (cost=0.00..44881.29 rows=2609129 width=4) (actual time=0.031..941.913 rows=2609129 loops=1)
              ->  Hash  (cost=73925.90..73925.90 rows=1529863 width=4) (actual time=2078.460..2078.460 rows=1649539 loops=1)
                    Buckets: 131072  Batches: 32  Memory Usage: 2844kB
                    ->  Seq Scan on title t  (cost=0.00..73925.90 rows=1529863 width=4) (actual time=0.050..1552.561 rows=1649539 loops=1)
                          Filter: ((kind_id > 1) AND (production_year > 1970))
                          Rows Removed by Filter: 878773
Planning time: 1.494 ms
Execution time: 21230.203 ms
