Hash Join  (cost=101252.11..155963.06 rows=4544 width=0) (actual time=1865.438..3010.082 rows=6526 loops=1)
  Hash Cond: (mc.movie_id = t.id)
  ->  Seq Scan on movie_companies mc  (cost=0.00..44881.29 rows=2609129 width=4) (actual time=0.020..637.886 rows=2609129 loops=1)
  ->  Hash  (cost=101197.07..101197.07 rows=4403 width=8) (actual time=1864.004..1864.004 rows=3797 loops=1)
        Buckets: 8192  Batches: 1  Memory Usage: 213kB
        ->  Hash Join  (cost=74225.48..101197.07 rows=4403 width=8) (actual time=1248.947..1862.180 rows=3797 loops=1)
              Hash Cond: (mi_idx.movie_id = t.id)
              ->  Seq Scan on movie_info_idx mi_idx  (cost=0.00..25185.44 rows=464566 width=4) (actual time=0.016..478.595 rows=459925 loops=1)
                    Filter: (info_type_id = 101)
                    Rows Removed by Filter: 920110
              ->  Hash  (cost=73925.90..73925.90 rows=23966 width=4) (actual time=1248.571..1248.571 rows=26890 loops=1)
                    Buckets: 32768  Batches: 1  Memory Usage: 1202kB
                    ->  Seq Scan on title t  (cost=0.00..73925.90 rows=23966 width=4) (actual time=0.017..1236.513 rows=26890 loops=1)
                          Filter: ((kind_id > 3) AND (production_year = 1996))
                          Rows Removed by Filter: 2501422
Planning time: 1.215 ms
Execution time: 3011.425 ms
