Hash Join  (cost=101925.74..459807.11 rows=14362 width=0) (actual time=4913.467..7733.138 rows=32403 loops=1)
  Hash Cond: (mi.movie_id = t.id)
  ->  Seq Scan on movie_info mi  (cost=0.00..346232.03 rows=3068194 width=4) (actual time=3143.956..5382.918 rows=3036719 loops=1)
        Filter: (info_type_id = 16)
        Rows Removed by Filter: 11799001
  ->  Hash  (cost=101777.79..101777.79 rows=11836 width=8) (actual time=1769.305..1769.305 rows=10693 loops=1)
        Buckets: 16384  Batches: 1  Memory Usage: 546kB
        ->  Hash Join  (cost=74730.49..101777.79 rows=11836 width=8) (actual time=1147.018..1764.189 rows=10693 loops=1)
              Hash Cond: (mi_idx.movie_id = t.id)
              ->  Seq Scan on movie_info_idx mi_idx  (cost=0.00..25185.44 rows=464934 width=4) (actual time=0.026..454.586 rows=460185 loops=1)
                    Filter: (info_type_id > 100)
                    Rows Removed by Filter: 919850
              ->  Hash  (cost=73925.90..73925.90 rows=64367 width=4) (actual time=1146.567..1146.567 rows=53905 loops=1)
                    Buckets: 65536  Batches: 1  Memory Usage: 2408kB
                    ->  Seq Scan on title t  (cost=0.00..73925.90 rows=64367 width=4) (actual time=0.065..1125.011 rows=53905 loops=1)
                          Filter: ((kind_id < 7) AND (production_year = 2012))
                          Rows Removed by Filter: 2474407
Planning time: 1.167 ms
Execution time: 7738.232 ms
