Seq Scan on movie_companies mc  (cost=0.00..51404.11 rows=2472310 width=0) (actual time=0.015..1080.654 rows=2473230 loops=1)
  Filter: (company_id < 138332)
  Rows Removed by Filter: 135899
Planning time: 0.230 ms
Execution time: 1391.324 ms
