Hash Join  (cost=261266.61..1210757.25 rows=8106747 width=0) (actual time=5815.806..35553.116 rows=35874648 loops=1)
  Hash Cond: (ci.movie_id = t.id)
  ->  Seq Scan on cast_info ci  (cost=0.00..705507.15 rows=12203201 width=4) (actual time=0.019..13813.990 rows=12113646 loops=1)
        Filter: (role_id > 3)
        Rows Removed by Filter: 24130698
  ->  Hash  (cost=233707.94..233707.94 rows=1679734 width=8) (actual time=5814.851..5814.851 rows=1902522 loops=1)
        Buckets: 131072  Batches: 32  Memory Usage: 3339kB
        ->  Hash Join  (cost=101489.21..233707.94 rows=1679734 width=8) (actual time=2048.387..5307.926 rows=1902522 loops=1)
              Hash Cond: (mk.movie_id = t.id)
              ->  Seq Scan on movie_keyword mk  (cost=0.00..81003.12 rows=2056452 width=4) (actual time=0.024..1480.711 rows=2059176 loops=1)
                    Filter: (keyword_id > 5922)
                    Rows Removed by Filter: 2464754
              ->  Hash  (cost=67604.59..67604.59 rows=2065330 width=4) (actual time=2047.140..2047.140 rows=2064552 loops=1)
                    Buckets: 131072  Batches: 32  Memory Usage: 3298kB
                    ->  Seq Scan on title t  (cost=0.00..67604.59 rows=2065330 width=4) (actual time=0.025..1351.148 rows=2064552 loops=1)
                          Filter: (production_year < 2011)
                          Rows Removed by Filter: 463760
Planning time: 0.984 ms
Execution time: 39592.560 ms
