Hash Join  (cost=170583.98..675361.77 rows=2340286 width=0) (actual time=3906.626..22295.625 rows=19122061 loops=1)
  Hash Cond: (mi.movie_id = t.id)
  ->  Seq Scan on movie_info mi  (cost=0.00..309384.22 rows=14739122 width=4) (actual time=0.015..6064.507 rows=14835720 loops=1)
  ->  Hash  (cost=163996.47..163996.47 rows=401481 width=8) (actual time=3897.709..3897.709 rows=526513 loops=1)
        Buckets: 131072  Batches: 8  Memory Usage: 3588kB
        ->  Hash Join  (cost=81573.24..163996.47 rows=401481 width=8) (actual time=1382.253..3744.022 rows=526513 loops=1)
              Hash Cond: (mc.movie_id = t.id)
              ->  Seq Scan on movie_companies mc  (cost=0.00..51404.11 rows=2177948 width=4) (actual time=0.032..1153.818 rows=2172872 loops=1)
                    Filter: (company_id < 78611)
                    Rows Removed by Filter: 436257
              ->  Hash  (cost=73925.90..73925.90 rows=466107 width=4) (actual time=1381.652..1381.652 rows=396359 loops=1)
                    Buckets: 131072  Batches: 8  Memory Usage: 2762kB
                    ->  Seq Scan on title t  (cost=0.00..73925.90 rows=466107 width=4) (actual time=0.019..1256.348 rows=396359 loops=1)
                          Filter: ((kind_id < 7) AND (production_year > 2003))
                          Rows Removed by Filter: 2131953
Planning time: 1.183 ms
Execution time: 24502.571 ms
