Hash Join  (cost=897436.11..936007.17 rows=51158 width=0) (actual time=14353.314..15507.895 rows=387737 loops=1)
  Hash Cond: (mi_idx.movie_id = t.id)
  ->  Seq Scan on movie_info_idx mi_idx  (cost=0.00..21735.35 rows=1380035 width=4) (actual time=0.023..457.419 rows=1380035 loops=1)
  ->  Hash  (cost=895897.46..895897.46 rows=93732 width=8) (actual time=14352.534..14352.534 rows=303215 loops=1)
        Buckets: 131072 (originally 131072)  Batches: 4 (originally 2)  Memory Usage: 3980kB
        ->  Hash Join  (cost=91342.70..895897.46 rows=93732 width=8) (actual time=5803.251..14254.329 rows=303215 loops=1)
              Hash Cond: (ci.movie_id = t.id)
              ->  Seq Scan on cast_info ci  (cost=0.00..796071.18 rows=163802 width=4) (actual time=4010.165..11869.198 rows=533159 loops=1)
                    Filter: ((person_id > 2989708) AND (role_id = 5))
                    Rows Removed by Filter: 35711185
              ->  Hash  (cost=67604.59..67604.59 rows=1446889 width=4) (actual time=1791.770..1791.770 rows=1443298 loops=1)
                    Buckets: 131072  Batches: 32  Memory Usage: 2608kB
                    ->  Seq Scan on title t  (cost=0.00..67604.59 rows=1446889 width=4) (actual time=0.021..1323.642 rows=1443298 loops=1)
                          Filter: (production_year < 2006)
                          Rows Removed by Filter: 1085014
Planning time: 1.202 ms
Execution time: 15551.586 ms
