Hash Join  (cost=547692.12..1722203.81 rows=18594266 width=0) (actual time=10281.121..55683.782 rows=71810382 loops=1)
  Hash Cond: (ci.movie_id = t.id)
  ->  Seq Scan on cast_info ci  (cost=0.00..705507.15 rows=21423375 width=4) (actual time=0.072..14782.241 rows=21539085 loops=1)
        Filter: (person_id > 1449898)
        Rows Removed by Filter: 14705259
  ->  Hash  (cost=511686.41..511686.41 rows=2194617 width=8) (actual time=10279.955..10279.955 rows=2233850 loops=1)
        Buckets: 131072  Batches: 32  Memory Usage: 3598kB
        ->  Hash Join  (cost=102767.86..511686.41 rows=2194617 width=8) (actual time=1958.467..9673.757 rows=2233850 loops=1)
              Hash Cond: (mi.movie_id = t.id)
              ->  Seq Scan on movie_info mi  (cost=0.00..346232.03 rows=2194617 width=4) (actual time=0.015..5542.163 rows=2233850 loops=1)
                    Filter: (info_type_id > 16)
                    Rows Removed by Filter: 12601870
              ->  Hash  (cost=61283.27..61283.27 rows=2528527 width=4) (actual time=1956.738..1956.738 rows=2528312 loops=1)
                    Buckets: 131072  Batches: 64  Memory Usage: 2425kB
                    ->  Seq Scan on title t  (cost=0.00..61283.27 rows=2528527 width=4) (actual time=0.007..1062.955 rows=2528312 loops=1)
Planning time: 0.781 ms
Execution time: 63183.806 ms
