Hash Join  (cost=132963.89..199060.92 rows=145338 width=0) (actual time=2993.227..4720.087 rows=769980 loops=1)
  Hash Cond: (mc.movie_id = t.id)
  ->  Seq Scan on movie_companies mc  (cost=0.00..51404.11 rows=1023611 width=4) (actual time=0.007..945.275 rows=1023646 loops=1)
        Filter: (company_id < 5476)
        Rows Removed by Filter: 1585483
  ->  Hash  (cost=127073.22..127073.22 rows=359014 width=8) (actual time=2992.420..2992.420 rows=636298 loops=1)
        Buckets: 131072 (originally 131072)  Batches: 16 (originally 8)  Memory Usage: 3073kB
        ->  Hash Join  (cost=83810.17..127073.22 rows=359014 width=8) (actual time=1612.150..2829.311 rows=636298 loops=1)
              Hash Cond: (mi_idx.movie_id = t.id)
              ->  Seq Scan on movie_info_idx mi_idx  (cost=0.00..25185.44 rows=919057 width=4) (actual time=0.010..512.885 rows=920110 loops=1)
                    Filter: (info_type_id > 99)
                    Rows Removed by Filter: 459925
              ->  Hash  (cost=67604.59..67604.59 rows=987727 width=4) (actual time=1611.306..1611.306 rows=985048 loops=1)
                    Buckets: 131072  Batches: 16  Memory Usage: 3188kB
                    ->  Seq Scan on title t  (cost=0.00..67604.59 rows=987727 width=4) (actual time=0.031..1314.617 rows=985048 loops=1)
                          Filter: (kind_id < 7)
                          Rows Removed by Filter: 1543264
Planning time: 1.095 ms
Execution time: 4814.645 ms
