Hash Join  (cost=196678.39..726629.15 rows=4699483 width=0) (actual time=4920.926..22324.864 rows=12925292 loops=1)
  Hash Cond: (mi.movie_id = t.id)
  ->  Seq Scan on movie_info mi  (cost=0.00..309384.22 rows=14739122 width=4) (actual time=0.013..5959.048 rows=14835720 loops=1)
  ->  Hash  (cost=183450.82..183450.82 rows=806206 width=8) (actual time=4919.946..4919.946 rows=813000 loops=1)
        Buckets: 131072  Batches: 16  Memory Usage: 3033kB
        ->  Hash Join  (cost=102767.86..183450.82 rows=806206 width=8) (actual time=2652.889..4681.631 rows=813000 loops=1)
              Hash Cond: (mc.movie_id = t.id)
              ->  Seq Scan on movie_companies mc  (cost=0.00..51404.11 rows=806206 width=4) (actual time=3.537..975.622 rows=813000 loops=1)
                    Filter: (company_id > 28916)
                    Rows Removed by Filter: 1796129
              ->  Hash  (cost=61283.27..61283.27 rows=2528527 width=4) (actual time=2647.887..2647.887 rows=2528312 loops=1)
                    Buckets: 131072  Batches: 64  Memory Usage: 2415kB
                    ->  Seq Scan on title t  (cost=0.00..61283.27 rows=2528527 width=4) (actual time=0.016..1131.217 rows=2528312 loops=1)
Planning time: 1.171 ms
Execution time: 23852.438 ms
