Nested Loop  (cost=0.43..709671.90 rows=500 width=0) (actual time=450.389..9250.048 rows=55 loops=1)
  ->  Seq Scan on cast_info ci  (cost=0.00..705507.15 rows=500 width=4) (actual time=450.298..9248.045 rows=55 loops=1)
        Filter: (person_id = 1633755)
        Rows Removed by Filter: 36244289
  ->  Index Only Scan using title_pkey on title t  (cost=0.43..8.32 rows=1 width=4) (actual time=0.035..0.035 rows=1 loops=55)
        Index Cond: (id = ci.movie_id)
        Heap Fetches: 55
Planning time: 0.745 ms
Execution time: 9250.138 ms
