Hash Join  (cost=113580.03..201454.10 rows=121604 width=0) (actual time=2252.313..5037.753 rows=953258 loops=1)
  Hash Cond: (mk.movie_id = t.id)
  ->  Seq Scan on movie_keyword mk  (cost=0.00..69693.30 rows=4523930 width=4) (actual time=0.018..1093.558 rows=4523930 loops=1)
  ->  Hash  (cost=112730.44..112730.44 rows=67967 width=8) (actual time=2251.572..2251.572 rows=90772 loops=1)
        Buckets: 131072 (originally 131072)  Batches: 2 (originally 1)  Memory Usage: 3073kB
        ->  Hash Join  (cost=80135.37..112730.44 rows=67967 width=8) (actual time=1571.917..2213.885 rows=90772 loops=1)
              Hash Cond: (mi_idx.movie_id = t.id)
              ->  Seq Scan on movie_info_idx mi_idx  (cost=0.00..25185.44 rows=454124 width=4) (actual time=0.025..500.557 rows=459925 loops=1)
                    Filter: (info_type_id = 100)
                    Rows Removed by Filter: 920110
              ->  Hash  (cost=73925.90..73925.90 rows=378437 width=4) (actual time=1419.999..1419.999 rows=282115 loops=1)
                    Buckets: 131072  Batches: 8  Memory Usage: 2266kB
                    ->  Seq Scan on title t  (cost=0.00..73925.90 rows=378437 width=4) (actual time=9.534..1318.382 rows=282115 loops=1)
                          Filter: ((production_year > 1999) AND (kind_id = 1))
                          Rows Removed by Filter: 2246197
Planning time: 1.414 ms
Execution time: 5161.445 ms
