Hash Join  (cost=203446.21..1272874.74 rows=3467937 width=0) (actual time=3936.743..35760.811 rows=10011547 loops=1)
  Hash Cond: (ci.movie_id = t.id)
  ->  Seq Scan on cast_info ci  (cost=0.00..614943.12 rows=36225612 width=4) (actual time=0.021..12697.673 rows=36244344 loops=1)
  ->  Hash  (cost=199474.46..199474.46 rows=242060 width=8) (actual time=3935.924..3935.924 rows=256327 loops=1)
        Buckets: 131072  Batches: 4  Memory Usage: 3543kB
        ->  Hash Join  (cost=102767.86..199474.46 rows=242060 width=8) (actual time=1965.499..3854.037 rows=256327 loops=1)
              Hash Cond: (mk.movie_id = t.id)
              ->  Seq Scan on movie_keyword mk  (cost=0.00..81003.12 rows=242060 width=4) (actual time=0.018..1203.983 rows=256327 loops=1)
                    Filter: (keyword_id < 228)
                    Rows Removed by Filter: 4267603
              ->  Hash  (cost=61283.27..61283.27 rows=2528527 width=4) (actual time=1964.162..1964.162 rows=2528312 loops=1)
                    Buckets: 131072  Batches: 64  Memory Usage: 2425kB
                    ->  Seq Scan on title t  (cost=0.00..61283.27 rows=2528527 width=4) (actual time=0.009..1096.357 rows=2528312 loops=1)
Planning time: 1.097 ms
Execution time: 36979.863 ms
