Hash Join  (cost=102767.86..270647.13 rows=3199886 width=0) (actual time=2024.436..6225.260 rows=3183145 loops=1)
  Hash Cond: (mk.movie_id = t.id)
  ->  Seq Scan on movie_keyword mk  (cost=0.00..81003.12 rows=3199886 width=4) (actual time=0.031..1666.597 rows=3183145 loops=1)
        Filter: (keyword_id > 1748)
        Rows Removed by Filter: 1340785
  ->  Hash  (cost=61283.27..61283.27 rows=2528527 width=4) (actual time=2021.615..2021.615 rows=2528312 loops=1)
        Buckets: 131072  Batches: 64  Memory Usage: 2425kB
        ->  Seq Scan on title t  (cost=0.00..61283.27 rows=2528527 width=4) (actual time=0.016..1136.159 rows=2528312 loops=1)
Planning time: 1.170 ms
Execution time: 6561.383 ms
