Seq Scan on movie_companies mc  (cost=0.00..57926.93 rows=790273 width=0) (actual time=0.022..1002.957 rows=495008 loops=1)
  Filter: ((company_id < 14539) AND (company_type_id = 2))
  Rows Removed by Filter: 2114121
Planning time: 2.535 ms
Execution time: 1063.880 ms
