Seq Scan on movie_keyword mk  (cost=0.00..81003.12 rows=345638 width=0) (actual time=0.028..2742.818 rows=343939 loops=1)
  Filter: (keyword_id > 48356)
  Rows Removed by Filter: 4179991
Planning time: 0.245 ms
Execution time: 2790.916 ms
