Hash Join  (cost=74118.09..171983.36 rows=26906 width=0) (actual time=1124.962..3306.163 rows=60243 loops=1)
  Hash Cond: (mk.movie_id = t.id)
  ->  Seq Scan on movie_keyword mk  (cost=0.00..81003.12 rows=4424823 width=4) (actual time=0.025..1474.465 rows=4426812 loops=1)
        Filter: (keyword_id < 83060)
        Rows Removed by Filter: 97118
  ->  Hash  (cost=73925.90..73925.90 rows=15375 width=4) (actual time=1124.573..1124.573 rows=8740 loops=1)
        Buckets: 16384  Batches: 1  Memory Usage: 436kB
        ->  Seq Scan on title t  (cost=0.00..73925.90 rows=15375 width=4) (actual time=64.928..1120.538 rows=8740 loops=1)
              Filter: ((kind_id = 1) AND (production_year = 2001))
              Rows Removed by Filter: 2519572
Planning time: 1.244 ms
Execution time: 3314.336 ms
