Hash Join  (cost=218716.33..302577.15 rows=639130 width=0) (actual time=9136.092..14827.707 rows=5015149 loops=1)
  Hash Cond: (mc.movie_id = t.id)
  ->  Seq Scan on movie_companies mc  (cost=0.00..44881.29 rows=2609129 width=4) (actual time=0.018..2868.221 rows=2609129 loops=1)
  ->  Hash  (cost=208554.01..208554.01 rows=619386 width=8) (actual time=9135.131..9135.131 rows=618896 loops=1)
        Buckets: 131072  Batches: 16  Memory Usage: 2573kB
        ->  Hash Join  (cost=102767.86..208554.01 rows=619386 width=8) (actual time=4261.567..8934.336 rows=618896 loops=1)
              Hash Cond: (mk.movie_id = t.id)
              ->  Seq Scan on movie_keyword mk  (cost=0.00..81003.12 rows=619386 width=4) (actual time=0.021..3382.616 rows=618896 loops=1)
                    Filter: (keyword_id > 29476)
                    Rows Removed by Filter: 3905034
              ->  Hash  (cost=61283.27..61283.27 rows=2528527 width=4) (actual time=4260.487..4260.487 rows=2528312 loops=1)
                    Buckets: 131072  Batches: 64  Memory Usage: 2425kB
                    ->  Seq Scan on title t  (cost=0.00..61283.27 rows=2528527 width=4) (actual time=0.011..3084.950 rows=2528312 loops=1)
Planning time: 1.059 ms
Execution time: 15443.401 ms
