Hash Join  (cost=158219.17..522932.81 rows=5771 width=0) (actual time=2356.298..9855.093 rows=217434 loops=1)
  Hash Cond: (mi.movie_id = t.id)
  ->  Seq Scan on movie_info mi  (cost=0.00..309384.22 rows=14739122 width=4) (actual time=0.011..4617.110 rows=14835720 loops=1)
  ->  Hash  (cost=158206.80..158206.80 rows=990 width=8) (actual time=2355.083..2355.083 rows=3499 loops=1)
        Buckets: 4096 (originally 1024)  Batches: 1 (originally 1)  Memory Usage: 169kB
        ->  Hash Join  (cost=73962.22..158206.80 rows=990 width=8) (actual time=892.810..2353.522 rows=3499 loops=1)
              Hash Cond: (mk.movie_id = t.id)
              ->  Seq Scan on movie_keyword mk  (cost=0.00..81003.12 rows=861748 width=4) (actual time=0.022..1318.763 rows=868668 loops=1)
                    Filter: (keyword_id > 21190)
                    Rows Removed by Filter: 3655262
              ->  Hash  (cost=73925.90..73925.90 rows=2905 width=4) (actual time=890.745..890.745 rows=4962 loops=1)
                    Buckets: 8192 (originally 4096)  Batches: 1 (originally 1)  Memory Usage: 239kB
                    ->  Seq Scan on title t  (cost=0.00..73925.90 rows=2905 width=4) (actual time=5.011..888.405 rows=4962 loops=1)
                          Filter: ((kind_id < 7) AND (production_year = 1964))
                          Rows Removed by Filter: 2523350
Planning time: 1.160 ms
Execution time: 9883.524 ms
