Hash Join  (cost=460883.61..1176864.28 rows=57231 width=0) (actual time=9367.612..20641.427 rows=1334341 loops=1)
  Hash Cond: (ci.movie_id = t.id)
  ->  Seq Scan on cast_info ci  (cost=0.00..705507.15 rows=2640322 width=4) (actual time=1504.399..11599.210 rows=2682155 loops=1)
        Filter: (person_id > 3546449)
        Rows Removed by Filter: 33562189
  ->  Hash  (cost=460198.51..460198.51 rows=54808 width=8) (actual time=7862.737..7862.737 rows=50267 loops=1)
        Buckets: 65536  Batches: 1  Memory Usage: 2476kB
        ->  Hash Join  (cost=102767.86..460198.51 rows=54808 width=8) (actual time=3617.999..7846.160 rows=50267 loops=1)
              Hash Cond: (mi.movie_id = t.id)
              ->  Seq Scan on movie_info mi  (cost=0.00..346232.03 rows=54808 width=4) (actual time=1567.173..5380.248 rows=50267 loops=1)
                    Filter: (info_type_id > 107)
                    Rows Removed by Filter: 14785453
              ->  Hash  (cost=61283.27..61283.27 rows=2528527 width=4) (actual time=2014.652..2014.652 rows=2528312 loops=1)
                    Buckets: 131072  Batches: 64  Memory Usage: 2425kB
                    ->  Seq Scan on title t  (cost=0.00..61283.27 rows=2528527 width=4) (actual time=0.035..1137.887 rows=2528312 loops=1)
Planning time: 5.010 ms
Execution time: 20802.814 ms
