Seq Scan on movie_companies mc  (cost=0.00..51404.11 rows=104 width=0) (actual time=4.006..724.806 rows=2004 loops=1)
  Filter: (company_id = 1583)
  Rows Removed by Filter: 2607125
Planning time: 0.380 ms
Execution time: 725.179 ms
