Hash Join  (cost=240410.74..1329533.97 rows=10738675 width=0) (actual time=5106.197..40653.000 rows=31836583 loops=1)
  Hash Cond: (ci.movie_id = t.id)
  ->  Seq Scan on cast_info ci  (cost=0.00..705507.15 rows=23499554 width=4) (actual time=0.005..16352.713 rows=23573656 loops=1)
        Filter: (role_id > 1)
        Rows Removed by Filter: 12670688
  ->  Hash  (cost=221453.37..221453.37 rows=1155470 width=8) (actual time=5105.318..5105.318 rows=1159861 loops=1)
        Buckets: 131072  Batches: 16  Memory Usage: 3891kB
        ->  Hash Join  (cost=102767.86..221453.37 rows=1155470 width=8) (actual time=2051.884..4777.715 rows=1159861 loops=1)
              Hash Cond: (mk.movie_id = t.id)
              ->  Seq Scan on movie_keyword mk  (cost=0.00..81003.12 rows=1155470 width=4) (actual time=0.031..1446.562 rows=1159861 loops=1)
                    Filter: (keyword_id < 1382)
                    Rows Removed by Filter: 3364069
              ->  Hash  (cost=61283.27..61283.27 rows=2528527 width=4) (actual time=2050.189..2050.189 rows=2528312 loops=1)
                    Buckets: 131072  Batches: 64  Memory Usage: 2425kB
                    ->  Seq Scan on title t  (cost=0.00..61283.27 rows=2528527 width=4) (actual time=0.024..1163.593 rows=2528312 loops=1)
Planning time: 6.427 ms
Execution time: 44029.050 ms
