Hash Join  (cost=89299.55..214650.71 rows=1220218 width=0) (actual time=1672.570..5449.561 rows=949239 loops=1)
  Hash Cond: (mk.movie_id = t.id)
  ->  Seq Scan on movie_keyword mk  (cost=0.00..81003.12 rows=2333294 width=4) (actual time=0.025..1524.204 rows=2332909 loops=1)
        Filter: (keyword_id > 4333)
        Rows Removed by Filter: 2191021
  ->  Hash  (cost=67604.59..67604.59 rows=1322317 width=4) (actual time=1670.673..1670.673 rows=1322863 loops=1)
        Buckets: 131072  Batches: 32  Memory Usage: 2489kB
        ->  Seq Scan on title t  (cost=0.00..67604.59 rows=1322317 width=4) (actual time=0.013..1185.675 rows=1322863 loops=1)
              Filter: (production_year > 2001)
              Rows Removed by Filter: 1205449
Planning time: 0.765 ms
Execution time: 5562.267 ms
