Seq Scan on cast_info ci  (cost=0.00..705507.15 rows=13298814 width=42) (actual time=0.032..12906.922 rows=13268418 loops=1)
  Filter: (person_id < 1308097)
  Rows Removed by Filter: 22975926
Planning time: 3.754 ms
Execution time: 13614.183 ms
