Seq Scan on cast_info ci  (cost=0.00..796071.18 rows=1542525 width=0) (actual time=0.017..11795.602 rows=3072605 loops=1)
  Filter: ((person_id < 410507) AND (role_id < 2))
  Rows Removed by Filter: 33171739
Planning time: 0.315 ms
Execution time: 12175.476 ms
