Hash Join  (cost=87180.69..1233407.00 rows=12638597 width=0) (actual time=1678.929..35581.860 rows=13030257 loops=1)
  Hash Cond: (ci.movie_id = t.id)
  ->  Seq Scan on cast_info ci  (cost=0.00..705507.15 rows=26782451 width=4) (actual time=0.031..15591.633 rows=26807356 loops=1)
        Filter: (person_id < 2761611)
        Rows Removed by Filter: 9436988
  ->  Hash  (cost=67604.59..67604.59 rows=1193208 width=4) (actual time=1677.915..1677.915 rows=1192518 loops=1)
        Buckets: 131072  Batches: 16  Memory Usage: 3646kB
        ->  Seq Scan on title t  (cost=0.00..67604.59 rows=1193208 width=4) (actual time=0.023..1304.308 rows=1192518 loops=1)
              Filter: (production_year > 2003)
              Rows Removed by Filter: 1335794
Planning time: 2.438 ms
Execution time: 36902.332 ms
