Nested Loop  (cost=0.43..797556.14 rows=79 width=0) (actual time=13294.035..13437.090 rows=67 loops=1)
  ->  Seq Scan on cast_info ci  (cost=0.00..796071.18 rows=176 width=4) (actual time=13293.908..13424.991 rows=186 loops=1)
        Filter: ((role_id < 2) AND (person_id = 1308318))
        Rows Removed by Filter: 36244158
  ->  Index Scan using title_pkey on title t  (cost=0.43..8.43 rows=1 width=4) (actual time=0.064..0.064 rows=0 loops=186)
        Index Cond: (id = ci.movie_id)
        Filter: (production_year < 2002)
        Rows Removed by Filter: 1
Planning time: 0.737 ms
Execution time: 13437.206 ms
