Hash Join  (cost=74040.98..826149.07 rows=131892 width=0) (actual time=1259.633..18517.942 rows=147000 loops=1)
  Hash Cond: (ci.movie_id = t.id)
  ->  Seq Scan on cast_info ci  (cost=0.00..614943.12 rows=36225612 width=4) (actual time=0.012..9200.811 rows=36244344 loops=1)
  ->  Hash  (cost=73925.90..73925.90 rows=9206 width=4) (actual time=1259.309..1259.309 rows=7999 loops=1)
        Buckets: 16384  Batches: 1  Memory Usage: 410kB
        ->  Seq Scan on title t  (cost=0.00..73925.90 rows=9206 width=4) (actual time=0.211..1255.347 rows=7999 loops=1)
              Filter: ((kind_id < 4) AND (production_year = 1993))
              Rows Removed by Filter: 2520313
Planning time: 1.458 ms
Execution time: 18548.213 ms
