Hash Join  (cost=77312.52..1123892.19 rows=4177513 width=0) (actual time=3280.224..31780.498 rows=4802157 loops=1)
  Hash Cond: (ci.movie_id = t.id)
  ->  Seq Scan on cast_info ci  (cost=0.00..796071.18 rows=17852629 width=4) (actual time=1275.024..17733.038 rows=21394964 loops=1)
        Filter: ((person_id < 2475147) AND (role_id < 5))
        Rows Removed by Filter: 14849380
  ->  Hash  (cost=67604.59..67604.59 rows=591675 width=4) (actual time=2003.999..2003.999 rows=585020 loops=1)
        Buckets: 131072  Batches: 8  Memory Usage: 3586kB
        ->  Seq Scan on title t  (cost=0.00..67604.59 rows=591675 width=4) (actual time=0.039..1134.066 rows=585020 loops=1)
              Filter: (production_year < 1985)
              Rows Removed by Filter: 1943292
Planning time: 0.799 ms
Execution time: 32309.005 ms
