Seq Scan on movie_keyword mk  (cost=0.00..81003.12 rows=3105181 width=0) (actual time=0.026..1515.704 rows=3089170 loops=1)
  Filter: (keyword_id > 1987)
  Rows Removed by Filter: 1434760
Planning time: 0.324 ms
Execution time: 1911.750 ms
