Hash Join  (cost=102767.86..788422.23 rows=13695283 width=0) (actual time=1959.291..21825.489 rows=13733400 loops=1)
  Hash Cond: (mi.movie_id = t.id)
  ->  Seq Scan on movie_info mi  (cost=0.00..346232.03 rows=13695283 width=4) (actual time=0.024..7424.218 rows=13733400 loops=1)
        Filter: (info_type_id < 66)
        Rows Removed by Filter: 1102320
  ->  Hash  (cost=61283.27..61283.27 rows=2528527 width=4) (actual time=1957.667..1957.667 rows=2528312 loops=1)
        Buckets: 131072  Batches: 64  Memory Usage: 2425kB
        ->  Seq Scan on title t  (cost=0.00..61283.27 rows=2528527 width=4) (actual time=0.016..1108.406 rows=2528312 loops=1)
Planning time: 0.673 ms
Execution time: 23295.023 ms
