Hash Join  (cost=102767.86..215263.84 rows=898268 width=0) (actual time=1894.037..4462.322 rows=899496 loops=1)
  Hash Cond: (mk.movie_id = t.id)
  ->  Seq Scan on movie_keyword mk  (cost=0.00..81003.12 rows=898268 width=4) (actual time=0.029..1454.484 rows=899496 loops=1)
        Filter: (keyword_id > 20521)
        Rows Removed by Filter: 3624434
  ->  Hash  (cost=61283.27..61283.27 rows=2528527 width=4) (actual time=1892.439..1892.439 rows=2528312 loops=1)
        Buckets: 131072  Batches: 64  Memory Usage: 2425kB
        ->  Seq Scan on title t  (cost=0.00..61283.27 rows=2528527 width=4) (actual time=0.014..1060.293 rows=2528312 loops=1)
Planning time: 0.726 ms
Execution time: 4568.127 ms
