Hash Join  (cost=709678.15..736591.36 rows=273 width=0) (actual time=11265.608..11617.245 rows=12 loops=1)
  Hash Cond: (mi_idx.movie_id = t.id)
  ->  Seq Scan on movie_info_idx mi_idx  (cost=0.00..21735.35 rows=1380035 width=4) (actual time=0.024..340.654 rows=1380035 loops=1)
  ->  Hash  (cost=709671.90..709671.90 rows=500 width=8) (actual time=11028.520..11028.520 rows=8 loops=1)
        Buckets: 1024  Batches: 1  Memory Usage: 9kB
        ->  Nested Loop  (cost=0.43..709671.90 rows=500 width=8) (actual time=3939.449..11028.490 rows=8 loops=1)
              ->  Seq Scan on cast_info ci  (cost=0.00..705507.15 rows=500 width=4) (actual time=3939.256..11028.140 rows=8 loops=1)
                    Filter: (person_id = 1235490)
                    Rows Removed by Filter: 36244336
              ->  Index Only Scan using title_pkey on title t  (cost=0.43..8.32 rows=1 width=4) (actual time=0.030..0.030 rows=1 loops=8)
                    Index Cond: (id = ci.movie_id)
                    Heap Fetches: 8
Planning time: 1.192 ms
Execution time: 11617.353 ms
