Hash Join  (cost=78556.72..184152.24 rows=408617 width=0) (actual time=1499.783..4196.877 rows=969753 loops=1)
  Hash Cond: (mk.movie_id = t.id)
  ->  Seq Scan on movie_keyword mk  (cost=0.00..81003.12 rows=1547791 width=4) (actual time=0.034..1628.434 rows=1561921 loops=1)
        Filter: (keyword_id > 10054)
        Rows Removed by Filter: 2962009
  ->  Hash  (cost=67604.59..67604.59 rows=667531 width=4) (actual time=1498.845..1498.845 rows=662825 loops=1)
        Buckets: 131072  Batches: 16  Memory Usage: 2486kB
        ->  Seq Scan on title t  (cost=0.00..67604.59 rows=667531 width=4) (actual time=558.306..1288.319 rows=662825 loops=1)
              Filter: (kind_id = 1)
              Rows Removed by Filter: 1865487
Planning time: 0.691 ms
Execution time: 4316.892 ms
