Hash Join  (cost=80355.62..210900.30 rows=701165 width=0) (actual time=1543.046..4693.926 rows=1165343 loops=1)
  Hash Cond: (mk.movie_id = t.id)
  ->  Seq Scan on movie_keyword mk  (cost=0.00..69693.30 rows=4523930 width=4) (actual time=0.019..1363.909 rows=4523930 loops=1)
  ->  Hash  (cost=73925.90..73925.90 rows=391897 width=4) (actual time=1237.563..1237.563 rows=289693 loops=1)
        Buckets: 131072  Batches: 8  Memory Usage: 2309kB
        ->  Seq Scan on title t  (cost=0.00..73925.90 rows=391897 width=4) (actual time=490.880..1144.141 rows=289693 loops=1)
              Filter: ((kind_id < 2) AND (production_year > 1998))
              Rows Removed by Filter: 2238619
Planning time: 0.700 ms
Execution time: 4831.685 ms
