Hash Join  (cost=102767.86..933058.19 rows=1011517 width=0) (actual time=11243.682..17474.084 rows=3042496 loops=1)
  Hash Cond: (ci.movie_id = t.id)
  ->  Seq Scan on cast_info ci  (cost=0.00..796071.18 rows=1011517 width=4) (actual time=9200.808..12144.282 rows=3042496 loops=1)
        Filter: ((person_id > 2839719) AND (role_id = 10))
        Rows Removed by Filter: 33201848
  ->  Hash  (cost=61283.27..61283.27 rows=2528527 width=4) (actual time=2040.906..2040.906 rows=2528312 loops=1)
        Buckets: 131072  Batches: 64  Memory Usage: 2415kB
        ->  Seq Scan on title t  (cost=0.00..61283.27 rows=2528527 width=4) (actual time=0.029..1186.538 rows=2528312 loops=1)
Planning time: 1.623 ms
Execution time: 17789.856 ms
