Hash Join  (cost=102767.86..822470.88 rows=179438 width=0) (actual time=3045.336..13825.092 rows=143109 loops=1)
  Hash Cond: (ci.movie_id = t.id)
  ->  Seq Scan on cast_info ci  (cost=0.00..705507.15 rows=179438 width=4) (actual time=1135.910..11416.447 rows=143109 loops=1)
        Filter: (person_id < 17579)
        Rows Removed by Filter: 36101235
  ->  Hash  (cost=61283.27..61283.27 rows=2528527 width=4) (actual time=1907.069..1907.069 rows=2528312 loops=1)
        Buckets: 131072  Batches: 64  Memory Usage: 2415kB
        ->  Seq Scan on title t  (cost=0.00..61283.27 rows=2528527 width=4) (actual time=0.023..1075.247 rows=2528312 loops=1)
Planning time: 0.852 ms
Execution time: 13841.892 ms
