Hash Join  (cost=102767.86..911153.41 rows=101192 width=0) (actual time=7445.130..14553.377 rows=40830 loops=1)
  Hash Cond: (ci.movie_id = t.id)
  ->  Seq Scan on cast_info ci  (cost=0.00..796071.18 rows=101192 width=4) (actual time=5513.503..12170.192 rows=40830 loops=1)
        Filter: ((person_id < 1012148) AND (role_id > 10))
        Rows Removed by Filter: 36203514
  ->  Hash  (cost=61283.27..61283.27 rows=2528527 width=4) (actual time=1929.341..1929.341 rows=2528312 loops=1)
        Buckets: 131072  Batches: 64  Memory Usage: 2415kB
        ->  Seq Scan on title t  (cost=0.00..61283.27 rows=2528527 width=4) (actual time=0.015..1107.635 rows=2528312 loops=1)
Planning time: 0.795 ms
Execution time: 14558.885 ms
