Hash Join  (cost=74019.21..439110.22 rows=43509 width=0) (actual time=1083.092..8524.251 rows=39804 loops=1)
  Hash Cond: (mi.movie_id = t.id)
  ->  Seq Scan on movie_info mi  (cost=0.00..309384.22 rows=14739122 width=4) (actual time=0.008..4390.398 rows=14835720 loops=1)
  ->  Hash  (cost=73925.90..73925.90 rows=7464 width=4) (actual time=1082.671..1082.671 rows=5186 loops=1)
        Buckets: 8192  Batches: 1  Memory Usage: 247kB
        ->  Seq Scan on title t  (cost=0.00..73925.90 rows=7464 width=4) (actual time=214.952..1080.394 rows=5186 loops=1)
              Filter: ((kind_id = 4) AND (production_year = 2012))
              Rows Removed by Filter: 2523126
Planning time: 0.792 ms
Execution time: 8531.829 ms
