Hash Join  (cost=286496.60..853405.73 rows=8989156 width=0) (actual time=6816.846..18901.669 rows=3739655 loops=1)
  Hash Cond: (mi.movie_id = t.id)
  ->  Seq Scan on movie_info mi  (cost=0.00..346232.03 rows=9476311 width=4) (actual time=230.217..6639.630 rows=9565151 loops=1)
        Filter: (info_type_id < 16)
        Rows Removed by Filter: 5270569
  ->  Hash  (cost=247144.84..247144.84 rows=2398541 width=8) (actual time=6582.355..6582.355 rows=594081 loops=1)
        Buckets: 131072  Batches: 32  Memory Usage: 1752kB
        ->  Hash Join  (cost=95920.39..247144.84 rows=2398541 width=8) (actual time=4084.830..6394.753 rows=594081 loops=1)
              Hash Cond: (mk.movie_id = t.id)
              ->  Seq Scan on movie_keyword mk  (cost=0.00..69693.30 rows=4523930 width=4) (actual time=0.030..1552.402 rows=4523930 loops=1)
              ->  Hash  (cost=73925.90..73925.90 rows=1340599 width=4) (actual time=1864.634..1864.634 rows=1418280 loops=1)
                    Buckets: 131072  Batches: 32  Memory Usage: 2590kB
                    ->  Seq Scan on title t  (cost=0.00..73925.90 rows=1340599 width=4) (actual time=0.020..1389.181 rows=1418280 loops=1)
                          Filter: ((production_year > 1961) AND (kind_id = 7))
                          Rows Removed by Filter: 1110032
Planning time: 1.211 ms
Execution time: 19335.343 ms
