Seq Scan on movie_keyword mk  (cost=0.00..81003.12 rows=246 width=0) (actual time=0.460..1274.342 rows=1395 loops=1)
  Filter: (keyword_id = 6239)
  Rows Removed by Filter: 4522535
Planning time: 0.369 ms
Execution time: 1274.851 ms
