Seq Scan on cast_info ci  (cost=0.00..796071.18 rows=11283612 width=0) (actual time=0.019..13865.569 rows=8973954 loops=1)
  Filter: ((person_id > 2219694) AND (role_id < 8))
  Rows Removed by Filter: 27270390
Planning time: 0.382 ms
Execution time: 14965.256 ms
