Hash Join  (cost=83073.36..447731.45 rows=216 width=0) (actual time=1297.986..8449.451 rows=3350 loops=1)
  Hash Cond: (mi.movie_id = t.id)
  ->  Seq Scan on movie_info mi  (cost=0.00..309384.22 rows=14739122 width=4) (actual time=0.018..4462.808 rows=14835720 loops=1)
  ->  Hash  (cost=83072.90..83072.90 rows=37 width=8) (actual time=1295.848..1295.848 rows=110 loops=1)
        Buckets: 1024  Batches: 1  Memory Usage: 13kB
        ->  Nested Loop  (cost=0.43..83072.90 rows=37 width=8) (actual time=5.478..1295.695 rows=110 loops=1)
              ->  Seq Scan on movie_keyword mk  (cost=0.00..81003.12 rows=246 width=4) (actual time=5.443..1282.440 rows=249 loops=1)
                    Filter: (keyword_id = 2648)
                    Rows Removed by Filter: 4523681
              ->  Index Scan using title_pkey on title t  (cost=0.43..8.40 rows=1 width=4) (actual time=0.050..0.050 rows=0 loops=249)
                    Index Cond: (id = mk.movie_id)
                    Filter: ((kind_id < 7) AND (production_year < 1999))
                    Rows Removed by Filter: 1
Planning time: 1.268 ms
Execution time: 8450.515 ms
