Hash Join  (cost=102767.86..1514370.77 rows=28933647 width=0) (actual time=3400.983..41854.056 rows=28996701 loops=1)
  Hash Cond: (ci.movie_id = t.id)
  ->  Seq Scan on cast_info ci  (cost=0.00..705507.15 rows=28933647 width=4) (actual time=1525.648..16097.114 rows=28996701 loops=1)
        Filter: (person_id > 699882)
        Rows Removed by Filter: 7247643
  ->  Hash  (cost=61283.27..61283.27 rows=2528527 width=4) (actual time=1873.301..1873.301 rows=2528312 loops=1)
        Buckets: 131072  Batches: 64  Memory Usage: 2415kB
        ->  Seq Scan on title t  (cost=0.00..61283.27 rows=2528527 width=4) (actual time=0.022..1041.999 rows=2528312 loops=1)
Planning time: 2.146 ms
Execution time: 45216.679 ms
