Hash Join  (cost=569919.59..1867985.06 rows=25152212 width=0) (actual time=13312.933..54705.447 rows=53271971 loops=1)
  Hash Cond: (ci.movie_id = t.id)
  ->  Seq Scan on cast_info ci  (cost=0.00..705507.15 rows=23499554 width=4) (actual time=2396.293..15044.081 rows=23573656 loops=1)
        Filter: (role_id > 1)
        Rows Removed by Filter: 12670688
  ->  Hash  (cost=525518.20..525518.20 rows=2706351 width=8) (actual time=10914.982..10914.982 rows=2749865 loops=1)
        Buckets: 131072  Batches: 64  Memory Usage: 2696kB
        ->  Hash Join  (cost=104196.70..525518.20 rows=2706351 width=8) (actual time=2175.466..9438.925 rows=2749865 loops=1)
              Hash Cond: (mi.movie_id = t.id)
              ->  Seq Scan on movie_info mi  (cost=0.00..346232.03 rows=3068194 width=4) (actual time=0.031..4469.369 rows=3036719 loops=1)
                    Filter: (info_type_id = 16)
                    Rows Removed by Filter: 11799001
              ->  Hash  (cost=67604.59..67604.59 rows=2230329 width=4) (actual time=2174.653..2174.653 rows=2225335 loops=1)
                    Buckets: 131072  Batches: 32  Memory Usage: 3481kB
                    ->  Seq Scan on title t  (cost=0.00..67604.59 rows=2230329 width=4) (actual time=0.022..1431.889 rows=2225335 loops=1)
                          Filter: (production_year > 1958)
                          Rows Removed by Filter: 302977
Planning time: 1.185 ms
Execution time: 61344.714 ms
