Seq Scan on movie_companies mc  (cost=0.00..51404.11 rows=104 width=0) (actual time=4.924..857.117 rows=24 loops=1)
  Filter: (company_id = 80194)
  Rows Removed by Filter: 2609105
Planning time: 0.359 ms
Execution time: 857.201 ms
