Seq Scan on cast_info ci  (cost=0.00..796071.18 rows=22382 width=0) (actual time=787.211..11187.705 rows=8015 loops=1)
  Filter: ((person_id < 220294) AND (role_id > 10))
  Rows Removed by Filter: 36236329
Planning time: 0.287 ms
Execution time: 11188.732 ms
