Hash Join  (cost=171912.09..292662.38 rows=242923 width=0) (actual time=3531.133..6565.740 rows=1152086 loops=1)
  Hash Cond: (mk.movie_id = t.id)
  ->  Seq Scan on movie_keyword mk  (cost=0.00..81003.12 rows=3161850 width=4) (actual time=0.036..1692.193 rows=3145598 loops=1)
        Filter: (keyword_id < 12109)
        Rows Removed by Filter: 1378332
  ->  Hash  (cost=168724.78..168724.78 rows=194265 width=8) (actual time=3435.210..3435.210 rows=195257 loops=1)
        Buckets: 131072  Batches: 4  Memory Usage: 2947kB
        ->  Hash Join  (cost=102767.86..168724.78 rows=194265 width=8) (actual time=2160.563..3374.599 rows=195257 loops=1)
              Hash Cond: (mc.movie_id = t.id)
              ->  Seq Scan on movie_companies mc  (cost=0.00..51404.11 rows=194265 width=4) (actual time=255.271..878.259 rows=195257 loops=1)
                    Filter: (company_id > 114956)
                    Rows Removed by Filter: 2413872
              ->  Hash  (cost=61283.27..61283.27 rows=2528527 width=4) (actual time=1904.408..1904.408 rows=2528312 loops=1)
                    Buckets: 131072  Batches: 64  Memory Usage: 2415kB
                    ->  Seq Scan on title t  (cost=0.00..61283.27 rows=2528527 width=4) (actual time=0.025..1007.563 rows=2528312 loops=1)
Planning time: 1.074 ms
Execution time: 6701.502 ms
