Hash Join  (cost=101517.52..467651.37 rows=147791 width=0) (actual time=2319.770..9239.947 rows=323178 loops=1)
  Hash Cond: (mi.movie_id = t.id)
  ->  Seq Scan on movie_info mi  (cost=0.00..309384.22 rows=14739122 width=4) (actual time=0.021..4046.517 rows=14835720 loops=1)
  ->  Hash  (cost=101200.60..101200.60 rows=25354 width=8) (actual time=1675.781..1675.781 rows=18281 loops=1)
        Buckets: 32768  Batches: 1  Memory Usage: 971kB
        ->  Hash Join  (cost=69886.95..101200.60 rows=25354 width=8) (actual time=982.739..1668.443 rows=18281 loops=1)
              Hash Cond: (mi_idx.movie_id = t.id)
              ->  Seq Scan on movie_info_idx mi_idx  (cost=0.00..25185.44 rows=460978 width=4) (actual time=0.023..480.027 rows=459925 loops=1)
                    Filter: (info_type_id < 100)
                    Rows Removed by Filter: 920110
              ->  Hash  (cost=67604.59..67604.59 rows=139069 width=4) (actual time=981.933..981.933 rows=141131 loops=1)
                    Buckets: 131072  Batches: 2  Memory Usage: 3502kB
                    ->  Seq Scan on title t  (cost=0.00..67604.59 rows=139069 width=4) (actual time=7.655..932.511 rows=141131 loops=1)
                          Filter: (production_year < 1940)
                          Rows Removed by Filter: 2387181
Planning time: 1.154 ms
Execution time: 9285.179 ms
