Hash Join  (cost=58375.85..867338.46 rows=72 width=0) (actual time=13649.847..14809.442 rows=2 loops=1)
  Hash Cond: (ci.movie_id = t.id)
  ->  Seq Scan on cast_info ci  (cost=0.00..796071.18 rows=3437525 width=4) (actual time=0.021..12806.594 rows=7712109 loops=1)
        Filter: ((person_id > 2905595) AND (role_id > 2))
        Rows Removed by Filter: 28532235
  ->  Hash  (cost=58375.18..58375.18 rows=53 width=8) (actual time=944.838..944.838 rows=16 loops=1)
        Buckets: 1024  Batches: 1  Memory Usage: 9kB
        ->  Nested Loop  (cost=0.43..58375.18 rows=53 width=8) (actual time=334.983..944.827 rows=16 loops=1)
              ->  Seq Scan on movie_companies mc  (cost=0.00..57926.93 rows=53 width=4) (actual time=334.873..944.501 rows=16 loops=1)
                    Filter: ((company_type_id > 1) AND (company_id = 78082))
                    Rows Removed by Filter: 2609113
              ->  Index Only Scan using title_pkey on title t  (cost=0.43..8.45 rows=1 width=4) (actual time=0.018..0.019 rows=1 loops=16)
                    Index Cond: (id = mc.movie_id)
                    Heap Fetches: 16
Planning time: 2.773 ms
Execution time: 14809.572 ms
