Hash Join  (cost=174865.45..280141.70 rows=493384 width=0) (actual time=3933.635..6621.268 rows=2048676 loops=1)
  Hash Cond: (mk.movie_id = t.id)
  ->  Seq Scan on movie_keyword mk  (cost=0.00..81003.12 rows=1363276 width=4) (actual time=0.031..1455.116 rows=1376739 loops=1)
        Filter: (keyword_id < 1827)
        Rows Removed by Filter: 3147191
  ->  Hash  (cost=159851.69..159851.69 rows=915101 width=8) (actual time=3932.513..3932.513 rows=919850 loops=1)
        Buckets: 131072  Batches: 16  Memory Usage: 3282kB
        ->  Hash Join  (cost=102767.86..159851.69 rows=915101 width=8) (actual time=1940.679..3649.100 rows=919850 loops=1)
              Hash Cond: (mi_idx.movie_id = t.id)
              ->  Seq Scan on movie_info_idx mi_idx  (cost=0.00..25185.44 rows=915101 width=4) (actual time=0.027..539.698 rows=919850 loops=1)
                    Filter: (info_type_id < 101)
                    Rows Removed by Filter: 460185
              ->  Hash  (cost=61283.27..61283.27 rows=2528527 width=4) (actual time=1938.653..1938.653 rows=2528312 loops=1)
                    Buckets: 131072  Batches: 64  Memory Usage: 2415kB
                    ->  Seq Scan on title t  (cost=0.00..61283.27 rows=2528527 width=4) (actual time=0.010..1093.594 rows=2528312 loops=1)
Planning time: 1.075 ms
Execution time: 6851.899 ms
