Hash Join  (cost=174865.45..907712.22 rows=566487 width=0) (actual time=3983.259..16371.917 rows=1153420 loops=1)
  Hash Cond: (ci.movie_id = t.id)
  ->  Seq Scan on cast_info ci  (cost=0.00..705507.15 rows=1565268 width=4) (actual time=103.260..11312.170 rows=1487241 loops=1)
        Filter: (person_id < 149452)
        Rows Removed by Filter: 34757103
  ->  Hash  (cost=159851.69..159851.69 rows=915101 width=8) (actual time=3878.774..3878.774 rows=919850 loops=1)
        Buckets: 131072  Batches: 16  Memory Usage: 3269kB
        ->  Hash Join  (cost=102767.86..159851.69 rows=915101 width=8) (actual time=1890.386..3604.548 rows=919850 loops=1)
              Hash Cond: (mi_idx.movie_id = t.id)
              ->  Seq Scan on movie_info_idx mi_idx  (cost=0.00..25185.44 rows=915101 width=4) (actual time=0.036..543.310 rows=919850 loops=1)
                    Filter: (info_type_id < 101)
                    Rows Removed by Filter: 460185
              ->  Hash  (cost=61283.27..61283.27 rows=2528527 width=4) (actual time=1889.490..1889.490 rows=2528312 loops=1)
                    Buckets: 131072  Batches: 64  Memory Usage: 2415kB
                    ->  Seq Scan on title t  (cost=0.00..61283.27 rows=2528527 width=4) (actual time=0.026..1068.671 rows=2528312 loops=1)
Planning time: 1.968 ms
Execution time: 16507.514 ms
