Hash Join  (cost=156487.41..231082.62 rows=202467 width=0) (actual time=3603.316..5291.734 rows=770661 loops=1)
  Hash Cond: (mc.movie_id = t.id)
  ->  Seq Scan on movie_companies mc  (cost=0.00..57926.93 rows=1110561 width=4) (actual time=290.519..1160.414 rows=1274246 loops=1)
        Filter: ((company_id < 88442) AND (company_type_id < 2))
        Rows Removed by Filter: 1334883
  ->  Hash  (cost=148924.19..148924.19 rows=460978 width=8) (actual time=3312.086..3312.086 rows=459925 loops=1)
        Buckets: 131072  Batches: 8  Memory Usage: 3275kB
        ->  Hash Join  (cost=102767.86..148924.19 rows=460978 width=8) (actual time=1901.438..3183.781 rows=459925 loops=1)
              Hash Cond: (mi_idx.movie_id = t.id)
              ->  Seq Scan on movie_info_idx mi_idx  (cost=0.00..25185.44 rows=460978 width=4) (actual time=0.027..484.232 rows=459925 loops=1)
                    Filter: (info_type_id = 99)
                    Rows Removed by Filter: 920110
              ->  Hash  (cost=61283.27..61283.27 rows=2528527 width=4) (actual time=1899.455..1899.455 rows=2528312 loops=1)
                    Buckets: 131072  Batches: 64  Memory Usage: 2415kB
                    ->  Seq Scan on title t  (cost=0.00..61283.27 rows=2528527 width=4) (actual time=0.018..1061.708 rows=2528312 loops=1)
Planning time: 0.951 ms
Execution time: 5376.811 ms
