Hash Join  (cost=220208.64..381553.23 rows=2765064 width=0) (actual time=5659.501..8360.351 rows=1552542 loops=1)
  Hash Cond: (mk.movie_id = t.id)
  ->  Seq Scan on movie_keyword mk  (cost=0.00..69693.30 rows=4523930 width=4) (actual time=0.012..1405.383 rows=4523930 loops=1)
  ->  Hash  (cost=194853.42..194853.42 rows=1545457 width=8) (actual time=4648.322..4648.322 rows=704352 loops=1)
        Buckets: 131072  Batches: 32  Memory Usage: 1863kB
        ->  Hash Join  (cost=98498.33..194853.42 rows=1545457 width=8) (actual time=1937.045..4440.516 rows=704352 loops=1)
              Hash Cond: (mc.movie_id = t.id)
              ->  Seq Scan on movie_companies mc  (cost=0.00..44881.29 rows=2609129 width=4) (actual time=0.023..904.170 rows=2609129 loops=1)
              ->  Hash  (cost=73925.90..73925.90 rows=1497714 width=4) (actual time=1828.270..1828.270 rows=1478440 loops=1)
                    Buckets: 131072  Batches: 32  Memory Usage: 2651kB
                    ->  Seq Scan on title t  (cost=0.00..73925.90 rows=1497714 width=4) (actual time=228.394..1393.667 rows=1478440 loops=1)
                          Filter: ((production_year > 0) AND (kind_id = 7))
                          Rows Removed by Filter: 1049872
Planning time: 1.028 ms
Execution time: 8544.225 ms
