Nested Loop  (cost=32814.54..90901.69 rows=895 width=0) (actual time=788.863..1684.295 rows=1952 loops=1)
  Join Filter: (mc.movie_id = t.id)
  ->  Hash Join  (cost=32814.11..86973.85 rows=4637 width=8) (actual time=788.771..1622.657 rows=1952 loops=1)
        Hash Cond: (mc.movie_id = mi_idx.movie_id)
        ->  Seq Scan on movie_companies mc  (cost=0.00..51404.11 rows=4870 width=4) (actual time=3.764..847.348 rows=5148 loops=1)
              Filter: (company_id = 1427)
              Rows Removed by Filter: 2603981
        ->  Hash  (cost=25185.44..25185.44 rows=464934 width=4) (actual time=688.686..688.686 rows=460185 loops=1)
              Buckets: 131072  Batches: 8  Memory Usage: 3051kB
              ->  Seq Scan on movie_info_idx mi_idx  (cost=0.00..25185.44 rows=464934 width=4) (actual time=0.021..541.389 rows=460185 loops=1)
                    Filter: (info_type_id > 100)
                    Rows Removed by Filter: 919850
  ->  Index Only Scan using title_pkey on title t  (cost=0.43..0.83 rows=1 width=4) (actual time=0.030..0.031 rows=1 loops=1952)
        Index Cond: (id = mi_idx.movie_id)
        Heap Fetches: 1952
Planning time: 2.932 ms
Execution time: 1685.400 ms
