Seq Scan on movie_keyword mk  (cost=0.00..81003.12 rows=4290145 width=0) (actual time=0.028..1616.772 rows=4289571 loops=1)
  Filter: (keyword_id < 62740)
  Rows Removed by Filter: 234359
Planning time: 0.295 ms
Execution time: 2149.473 ms
