Hash Join  (cost=73994.33..433894.64 rows=7845 width=0) (actual time=2831.579..6222.798 rows=8881 loops=1)
  Hash Cond: (mi.movie_id = t.id)
  ->  Seq Scan on movie_info mi  (cost=0.00..346232.03 rows=3623957 width=4) (actual time=1767.359..4655.876 rows=3624977 loops=1)
        Filter: (info_type_id < 4)
        Rows Removed by Filter: 11210743
  ->  Hash  (cost=73925.90..73925.90 rows=5474 width=4) (actual time=1062.665..1062.665 rows=6970 loops=1)
        Buckets: 8192  Batches: 1  Memory Usage: 310kB
        ->  Seq Scan on title t  (cost=0.00..73925.90 rows=5474 width=4) (actual time=0.047..1059.142 rows=6970 loops=1)
              Filter: ((kind_id > 1) AND (production_year = 1962))
              Rows Removed by Filter: 2521342
Planning time: 0.719 ms
Execution time: 6224.294 ms
