Seq Scan on movie_companies mc  (cost=0.00..51404.11 rows=346577 width=0) (actual time=494.821..863.742 rows=350868 loops=1)
  Filter: (company_id > 88177)
  Rows Removed by Filter: 2258261
Planning time: 0.332 ms
Execution time: 904.854 ms
