Seq Scan on movie_keyword mk  (cost=0.00..81003.12 rows=246 width=0) (actual time=3.438..1231.712 rows=595 loops=1)
  Filter: (keyword_id = 3857)
  Rows Removed by Filter: 4523335
Planning time: 1.259 ms
Execution time: 1232.059 ms
