Hash Join  (cost=92883.59..165824.75 rows=289874 width=0) (actual time=2478.492..3564.233 rows=195695 loops=1)
  Hash Cond: (mc.movie_id = t.id)
  ->  Seq Scan on movie_companies mc  (cost=0.00..57926.93 rows=475698 width=4) (actual time=0.031..1000.529 rows=796556 loops=1)
        Filter: ((company_id > 18947) AND (company_type_id > 1))
        Rows Removed by Filter: 1812573
  ->  Hash  (cost=67604.59..67604.59 rows=1540800 width=4) (actual time=1828.981..1828.981 rows=1543264 loops=1)
        Buckets: 131072  Batches: 32  Memory Usage: 2722kB
        ->  Seq Scan on title t  (cost=0.00..67604.59 rows=1540800 width=4) (actual time=254.274..1343.408 rows=1543264 loops=1)
              Filter: (kind_id = 7)
              Rows Removed by Filter: 985048
Planning time: 0.748 ms
Execution time: 3587.114 ms
