Seq Scan on movie_companies mc  (cost=0.00..51404.11 rows=104 width=0) (actual time=35.335..888.396 rows=229 loops=1)
  Filter: (company_id = 15)
  Rows Removed by Filter: 2608900
Planning time: 0.349 ms
Execution time: 888.534 ms
