Hash Join  (cost=156487.41..1103050.84 rows=2025147 width=0) (actual time=10004.870..27534.152 rows=5126222 loops=1)
  Hash Cond: (ci.movie_id = t.id)
  ->  Seq Scan on cast_info ci  (cost=0.00..796071.18 rows=11108207 width=4) (actual time=6593.194..16657.130 rows=12967579 loops=1)
        Filter: ((person_id > 1110013) AND (role_id > 2))
        Rows Removed by Filter: 23276765
  ->  Hash  (cost=148924.19..148924.19 rows=460978 width=8) (actual time=3410.831..3410.831 rows=459925 loops=1)
        Buckets: 131072  Batches: 8  Memory Usage: 3275kB
        ->  Hash Join  (cost=102767.86..148924.19 rows=460978 width=8) (actual time=1919.498..3276.306 rows=459925 loops=1)
              Hash Cond: (mi_idx.movie_id = t.id)
              ->  Seq Scan on movie_info_idx mi_idx  (cost=0.00..25185.44 rows=460978 width=4) (actual time=0.024..551.574 rows=459925 loops=1)
                    Filter: (info_type_id = 99)
                    Rows Removed by Filter: 920110
              ->  Hash  (cost=61283.27..61283.27 rows=2528527 width=4) (actual time=1918.680..1918.680 rows=2528312 loops=1)
                    Buckets: 131072  Batches: 64  Memory Usage: 2415kB
                    ->  Seq Scan on title t  (cost=0.00..61283.27 rows=2528527 width=4) (actual time=0.023..1087.663 rows=2528312 loops=1)
Planning time: 1.223 ms
Execution time: 28109.049 ms
