Hash Join  (cost=1030902.34..1800782.04 rows=20278816 width=0) (actual time=24489.997..65211.654 rows=118930239 loops=1)
  Hash Cond: (mi.movie_id = t.id)
  ->  Seq Scan on movie_info mi  (cost=0.00..309384.22 rows=14739122 width=4) (actual time=0.018..6138.091 rows=14835720 loops=1)
  ->  Hash  (cost=973826.43..973826.43 rows=3478873 width=8) (actual time=24489.208..24489.208 rows=3714913 loops=1)
        Buckets: 131072  Batches: 64  Memory Usage: 3374kB
        ->  Hash Join  (cost=78556.72..973826.43 rows=3478873 width=8) (actual time=1315.005..23344.299 rows=3714913 loops=1)
              Hash Cond: (ci.movie_id = t.id)
              ->  Seq Scan on cast_info ci  (cost=0.00..705507.15 rows=13177553 width=4) (actual time=0.014..12886.807 rows=13299346 loops=1)
                    Filter: (person_id > 2342640)
                    Rows Removed by Filter: 22944998
              ->  Hash  (cost=67604.59..67604.59 rows=667531 width=4) (actual time=1313.287..1313.287 rows=662825 loops=1)
                    Buckets: 131072  Batches: 16  Memory Usage: 2476kB
                    ->  Seq Scan on title t  (cost=0.00..67604.59 rows=667531 width=4) (actual time=306.102..1106.352 rows=662825 loops=1)
                          Filter: (kind_id = 1)
                          Rows Removed by Filter: 1865487
Planning time: 0.980 ms
Execution time: 77297.864 ms
