Hash Join  (cost=76915.85..872781.45 rows=526000 width=0) (actual time=2415.606..18330.867 rows=823545 loops=1)
  Hash Cond: (ci.movie_id = t.id)
  ->  Seq Scan on cast_info ci  (cost=0.00..705507.15 rows=7298253 width=4) (actual time=1248.054..13085.528 rows=7451973 loops=1)
        Filter: (role_id = 2)
        Rows Removed by Filter: 28792371
  ->  Hash  (cost=73925.90..73925.90 rows=182236 width=4) (actual time=1166.530..1166.530 rows=315565 loops=1)
        Buckets: 131072  Batches: 4  Memory Usage: 3798kB
        ->  Seq Scan on title t  (cost=0.00..73925.90 rows=182236 width=4) (actual time=59.549..1061.115 rows=315565 loops=1)
              Filter: ((production_year < 1990) AND (kind_id = 1))
              Rows Removed by Filter: 2212747
Planning time: 0.703 ms
Execution time: 18424.689 ms
