Hash Join  (cost=102767.86..183064.92 rows=790212 width=0) (actual time=1964.898..3958.077 rows=797395 loops=1)
  Hash Cond: (mc.movie_id = t.id)
  ->  Seq Scan on movie_companies mc  (cost=0.00..51404.11 rows=790212 width=4) (actual time=0.030..966.068 rows=797395 loops=1)
        Filter: (company_id > 30787)
        Rows Removed by Filter: 1811734
  ->  Hash  (cost=61283.27..61283.27 rows=2528527 width=4) (actual time=1963.275..1963.275 rows=2528312 loops=1)
        Buckets: 131072  Batches: 64  Memory Usage: 2415kB
        ->  Seq Scan on title t  (cost=0.00..61283.27 rows=2528527 width=4) (actual time=0.021..1113.596 rows=2528312 loops=1)
Planning time: 0.739 ms
Execution time: 4049.230 ms
