Hash Join  (cost=52284.08..416940.59 rows=58 width=0) (actual time=1514.458..8238.718 rows=9 loops=1)
  Hash Cond: (mi.movie_id = t.id)
  ->  Seq Scan on movie_info mi  (cost=0.00..309384.22 rows=14739122 width=4) (actual time=0.020..4792.718 rows=14835720 loops=1)
  ->  Hash  (cost=52283.95..52283.95 rows=10 width=8) (actual time=760.878..760.878 rows=1 loops=1)
        Buckets: 1024  Batches: 1  Memory Usage: 9kB
        ->  Nested Loop  (cost=0.43..52283.95 rows=10 width=8) (actual time=605.702..760.861 rows=1 loops=1)
              ->  Seq Scan on movie_companies mc  (cost=0.00..51404.11 rows=104 width=4) (actual time=116.238..760.048 rows=24 loops=1)
                    Filter: (company_id = 72303)
                    Rows Removed by Filter: 2609105
              ->  Index Scan using title_pkey on title t  (cost=0.43..8.45 rows=1 width=4) (actual time=0.031..0.031 rows=0 loops=24)
                    Index Cond: (id = mc.movie_id)
                    Filter: (production_year > 2011)
                    Rows Removed by Filter: 1
Planning time: 3.538 ms
Execution time: 8238.923 ms
