Nested Loop  (cost=0.43..116547.15 rows=2241 width=0) (actual time=0.915..1417.132 rows=347 loops=1)
  ->  Seq Scan on movie_keyword mk  (cost=0.00..81003.12 rows=4826 width=4) (actual time=0.242..1229.982 rows=5449 loops=1)
        Filter: (keyword_id = 1559)
        Rows Removed by Filter: 4518481
  ->  Index Scan using title_pkey on title t  (cost=0.43..7.36 rows=1 width=4) (actual time=0.034..0.034 rows=0 loops=5449)
        Index Cond: (id = mk.movie_id)
        Filter: ((production_year > 1981) AND (kind_id = 7))
        Rows Removed by Filter: 1
Planning time: 0.678 ms
Execution time: 1417.345 ms
