Seq Scan on movie_keyword mk  (cost=0.00..81003.12 rows=231102 width=0) (actual time=0.036..1266.576 rows=242825 loops=1)
  Filter: (keyword_id < 204)
  Rows Removed by Filter: 4281105
Planning time: 0.340 ms
Execution time: 1298.964 ms
