Hash Join  (cost=52285.15..416946.68 rows=560 width=0) (actual time=849.560..8317.527 rows=59362 loops=1)
  Hash Cond: (mi.movie_id = t.id)
  ->  Seq Scan on movie_info mi  (cost=0.00..309384.22 rows=14739122 width=4) (actual time=0.027..4676.479 rows=14835720 loops=1)
  ->  Hash  (cost=52283.95..52283.95 rows=96 width=8) (actual time=847.760..847.760 rows=379 loops=1)
        Buckets: 1024  Batches: 1  Memory Usage: 23kB
        ->  Nested Loop  (cost=0.43..52283.95 rows=96 width=8) (actual time=0.759..847.467 rows=379 loops=1)
              ->  Seq Scan on movie_companies mc  (cost=0.00..51404.11 rows=104 width=4) (actual time=0.713..827.010 rows=380 loops=1)
                    Filter: (company_id = 2165)
                    Rows Removed by Filter: 2608749
              ->  Index Scan using title_pkey on title t  (cost=0.43..8.45 rows=1 width=4) (actual time=0.052..0.052 rows=1 loops=380)
                    Index Cond: (id = mc.movie_id)
                    Filter: (production_year > 1930)
                    Rows Removed by Filter: 0
Planning time: 1.260 ms
Execution time: 8326.384 ms
