Hash Join  (cost=28270.40..112238.07 rows=115 width=0) (actual time=457.436..1792.838 rows=8303 loops=1)
  Hash Cond: (mk.movie_id = t.id)
  ->  Seq Scan on movie_keyword mk  (cost=0.00..81003.12 rows=790238 width=4) (actual time=0.016..1249.773 rows=794642 loops=1)
        Filter: (keyword_id > 23419)
        Rows Removed by Filter: 3729288
  ->  Hash  (cost=28265.80..28265.80 rows=368 width=8) (actual time=428.668..428.668 rows=260 loops=1)
        Buckets: 1024  Batches: 1  Memory Usage: 19kB
        ->  Nested Loop  (cost=0.43..28265.80 rows=368 width=8) (actual time=179.447..428.569 rows=260 loops=1)
              ->  Seq Scan on movie_info_idx mi_idx  (cost=0.00..25185.44 rows=368 width=4) (actual time=179.374..422.144 rows=260 loops=1)
                    Filter: (info_type_id > 101)
                    Rows Removed by Filter: 1379775
              ->  Index Only Scan using title_pkey on title t  (cost=0.43..8.36 rows=1 width=4) (actual time=0.024..0.024 rows=1 loops=260)
                    Index Cond: (id = mi_idx.movie_id)
                    Heap Fetches: 260
Planning time: 1.183 ms
Execution time: 1794.029 ms
