Hash Join  (cost=74691.39..162445.09 rows=109566 width=0) (actual time=1295.236..3794.149 rows=497405 loops=1)
  Hash Cond: (mk.movie_id = t.id)
  ->  Seq Scan on movie_keyword mk  (cost=0.00..69693.30 rows=4523930 width=4) (actual time=0.019..987.029 rows=4523930 loops=1)
  ->  Hash  (cost=73925.90..73925.90 rows=61239 width=4) (actual time=1291.315..1291.315 rows=159561 loops=1)
        Buckets: 131072 (originally 65536)  Batches: 2 (originally 1)  Memory Usage: 3830kB
        ->  Seq Scan on title t  (cost=0.00..73925.90 rows=61239 width=4) (actual time=4.766..1231.952 rows=159561 loops=1)
              Filter: ((kind_id < 7) AND (production_year < 1949))
              Rows Removed by Filter: 2368751
Planning time: 0.716 ms
Execution time: 3854.400 ms
