Hash Join  (cost=538595.19..1877718.54 rows=25313613 width=0) (actual time=11350.692..61155.168 rows=64096588 loops=1)
  Hash Cond: (ci.movie_id = t.id)
  ->  Seq Scan on cast_info ci  (cost=0.00..614943.12 rows=36225612 width=4) (actual time=0.023..13407.898 rows=36244344 loops=1)
  ->  Hash  (cost=509607.24..509607.24 rows=1766876 width=8) (actual time=11349.367..11349.367 rows=1887749 loops=1)
        Buckets: 131072  Batches: 32  Memory Usage: 3232kB
        ->  Hash Join  (cost=81530.55..509607.24 rows=1766876 width=8) (actual time=1460.800..10794.660 rows=1887749 loops=1)
              Hash Cond: (mi.movie_id = t.id)
              ->  Seq Scan on movie_info mi  (cost=0.00..346232.03 rows=5263441 width=4) (actual time=0.019..5980.432 rows=5270569 loops=1)
                    Filter: (info_type_id > 15)
                    Rows Removed by Filter: 9565151
              ->  Hash  (cost=67604.59..67604.59 rows=848797 width=4) (actual time=1460.018..1460.018 rows=849141 loops=1)
                    Buckets: 131072  Batches: 16  Memory Usage: 2900kB
                    ->  Seq Scan on title t  (cost=0.00..67604.59 rows=848797 width=4) (actual time=0.013..1174.142 rows=849141 loops=1)
                          Filter: (production_year < 1996)
                          Rows Removed by Filter: 1679171
Planning time: 1.170 ms
Execution time: 68455.485 ms
