Hash Join  (cost=428005.59..455279.23 rows=36316 width=0) (actual time=6906.933..7539.123 rows=135674 loops=1)
  Hash Cond: (mi_idx.movie_id = t.id)
  ->  Seq Scan on movie_info_idx mi_idx  (cost=0.00..21735.35 rows=1380035 width=4) (actual time=0.033..305.037 rows=1380035 loops=1)
  ->  Hash  (cost=427173.86..427173.86 rows=66538 width=8) (actual time=6903.668..6903.668 rows=49288 loops=1)
        Buckets: 131072  Batches: 1  Memory Usage: 2950kB
        ->  Hash Join  (cost=72085.10..427173.86 rows=66538 width=8) (actual time=5475.016..6886.726 rows=49288 loops=1)
              Hash Cond: (mi.movie_id = t.id)
              ->  Seq Scan on movie_info mi  (cost=0.00..346232.03 rows=616095 width=4) (actual time=4184.604..5364.269 rows=598457 loops=1)
                    Filter: (info_type_id = 15)
                    Rows Removed by Filter: 14237263
              ->  Hash  (cost=67604.59..67604.59 rows=273081 width=4) (actual time=1243.006..1243.006 rows=273902 loops=1)
                    Buckets: 131072  Batches: 4  Memory Usage: 3434kB
                    ->  Seq Scan on title t  (cost=0.00..67604.59 rows=273081 width=4) (actual time=0.034..1147.797 rows=273902 loops=1)
                          Filter: (production_year < 1963)
                          Rows Removed by Filter: 2254410
Planning time: 1.228 ms
Execution time: 7556.096 ms
