Hash Join  (cost=83810.17..169844.78 rows=777023 width=0) (actual time=1509.016..4240.198 rows=1622741 loops=1)
  Hash Cond: (mc.movie_id = t.id)
  ->  Seq Scan on movie_companies mc  (cost=0.00..51404.11 rows=1989137 width=4) (actual time=0.022..1092.534 rows=1991618 loops=1)
        Filter: (company_id > 756)
        Rows Removed by Filter: 617511
  ->  Hash  (cost=67604.59..67604.59 rows=987727 width=4) (actual time=1508.249..1508.249 rows=985048 loops=1)
        Buckets: 131072  Batches: 16  Memory Usage: 3188kB
        ->  Seq Scan on title t  (cost=0.00..67604.59 rows=987727 width=4) (actual time=0.015..1242.791 rows=985048 loops=1)
              Filter: (kind_id < 7)
              Rows Removed by Filter: 1543264
Planning time: 0.708 ms
Execution time: 4435.494 ms
