Hash Join  (cost=195766.99..331339.35 rows=1113832 width=0) (actual time=4350.856..9100.325 rows=6078419 loops=1)
  Hash Cond: (mk.movie_id = t.id)
  ->  Seq Scan on movie_keyword mk  (cost=0.00..69693.30 rows=4523930 width=4) (actual time=0.026..1427.567 rows=4523930 loops=1)
  ->  Hash  (cost=185553.17..185553.17 rows=622546 width=8) (actual time=4350.148..4350.148 rows=889887 loops=1)
        Buckets: 131072  Batches: 16  Memory Usage: 3217kB
        ->  Hash Join  (cost=102767.86..185553.17 rows=622546 width=8) (actual time=2171.343..4082.151 rows=889887 loops=1)
              Hash Cond: (mc.movie_id = t.id)
              ->  Seq Scan on movie_companies mc  (cost=0.00..57926.93 rows=622546 width=4) (actual time=309.696..1064.941 rows=889887 loops=1)
                    Filter: ((company_id > 11856) AND (company_type_id > 1))
                    Rows Removed by Filter: 1719242
              ->  Hash  (cost=61283.27..61283.27 rows=2528527 width=4) (actual time=1860.530..1860.530 rows=2528312 loops=1)
                    Buckets: 131072  Batches: 64  Memory Usage: 2415kB
                    ->  Seq Scan on title t  (cost=0.00..61283.27 rows=2528527 width=4) (actual time=0.031..1045.944 rows=2528312 loops=1)
Planning time: 5.391 ms
Execution time: 9766.580 ms
