Seq Scan on movie_companies mc  (cost=0.00..57926.93 rows=53 width=0) (actual time=130.644..1013.820 rows=832 loops=1)
  Filter: ((company_type_id > 1) AND (company_id = 14326))
  Rows Removed by Filter: 2608297
Planning time: 0.434 ms
Execution time: 1014.097 ms
