Hash Join  (cost=624074.01..1837090.84 rows=17101367 width=0) (actual time=14699.507..41367.169 rows=13179699 loops=1)
  Hash Cond: (ci.movie_id = t.id)
  ->  Seq Scan on cast_info ci  (cost=0.00..705507.15 rows=18374897 width=4) (actual time=0.029..14044.756 rows=18541382 loops=1)
        Filter: (person_id > 1752892)
        Rows Removed by Filter: 17702962
  ->  Hash  (cost=585465.01..585465.01 rows=2353280 width=8) (actual time=14697.999..14697.999 rows=855757 loops=1)
        Buckets: 131072  Batches: 32  Memory Usage: 2051kB
        ->  Hash Join  (cost=80549.28..585465.01 rows=2353280 width=8) (actual time=1360.859..14426.624 rows=855757 loops=1)
              Hash Cond: (mi.movie_id = t.id)
              ->  Seq Scan on movie_info mi  (cost=0.00..309384.22 rows=14739122 width=4) (actual time=0.023..6255.984 rows=14835720 loops=1)
              ->  Hash  (cost=73925.90..73925.90 rows=403710 width=4) (actual time=1359.676..1359.676 rows=434218 loops=1)
                    Buckets: 131072  Batches: 8  Memory Usage: 2941kB
                    ->  Seq Scan on title t  (cost=0.00..73925.90 rows=403710 width=4) (actual time=0.031..1220.586 rows=434218 loops=1)
                          Filter: ((production_year > 2008) AND (kind_id = 7))
                          Rows Removed by Filter: 2094094
Planning time: 1.148 ms
Execution time: 42616.001 ms
