Seq Scan on movie_companies mc  (cost=0.00..57926.93 rows=924682 width=0) (actual time=240.604..993.702 rows=770146 loops=1)
  Filter: ((company_id > 1371) AND (company_type_id < 2))
  Rows Removed by Filter: 1838983
Planning time: 0.324 ms
Execution time: 1084.501 ms
