Seq Scan on cast_info ci  (cost=0.00..796071.18 rows=2409607 width=0) (actual time=10055.395..12733.179 rows=775506 loops=1)
  Filter: ((person_id < 2017329) AND (role_id = 10))
  Rows Removed by Filter: 35468838
Planning time: 0.432 ms
Execution time: 12829.544 ms
