Seq Scan on movie_keyword mk  (cost=0.00..81003.12 rows=2886866 width=0) (actual time=0.031..1057.663 rows=2876806 loops=1)
  Filter: (keyword_id > 2504)
  Rows Removed by Filter: 1647124
Planning time: 0.315 ms
Execution time: 1352.877 ms
