Hash Join  (cost=52284.99..803089.06 rows=1490 width=0) (actual time=1331.751..17218.917 rows=2207 loops=1)
  Hash Cond: (ci.movie_id = t.id)
  ->  Seq Scan on cast_info ci  (cost=0.00..614943.12 rows=36225612 width=4) (actual time=0.021..9404.223 rows=36244344 loops=1)
  ->  Hash  (cost=52283.69..52283.69 rows=104 width=8) (actual time=875.693..875.693 rows=164 loops=1)
        Buckets: 1024  Batches: 1  Memory Usage: 15kB
        ->  Nested Loop  (cost=0.43..52283.69 rows=104 width=8) (actual time=0.091..875.555 rows=164 loops=1)
              ->  Seq Scan on movie_companies mc  (cost=0.00..51404.11 rows=104 width=4) (actual time=0.033..867.928 rows=164 loops=1)
                    Filter: (company_id = 12299)
                    Rows Removed by Filter: 2608965
              ->  Index Only Scan using title_pkey on title t  (cost=0.43..8.45 rows=1 width=4) (actual time=0.044..0.045 rows=1 loops=164)
                    Index Cond: (id = mc.movie_id)
                    Heap Fetches: 164
Planning time: 2.268 ms
Execution time: 17219.753 ms
