Hash Join  (cost=122282.48..1180751.02 rows=2401041 width=0) (actual time=2346.244..29465.859 rows=1348152 loops=1)
  Hash Cond: (ci.movie_id = t.id)
  ->  Seq Scan on cast_info ci  (cost=0.00..614943.12 rows=36225612 width=4) (actual time=0.020..13322.415 rows=36244344 loops=1)
  ->  Hash  (cost=119532.60..119532.60 rows=167591 width=8) (actual time=2344.972..2344.972 rows=68787 loops=1)
        Buckets: 131072  Batches: 4  Memory Usage: 1699kB
        ->  Hash Join  (cost=78964.21..119532.60 rows=167591 width=8) (actual time=1323.787..2322.023 rows=68787 loops=1)
              Hash Cond: (mi_idx.movie_id = t.id)
              ->  Seq Scan on movie_info_idx mi_idx  (cost=0.00..21735.35 rows=1380035 width=4) (actual time=0.021..407.993 rows=1380035 loops=1)
              ->  Hash  (cost=73925.90..73925.90 rows=307064 width=4) (actual time=1322.440..1322.440 rows=169596 loops=1)
                    Buckets: 131072  Batches: 8  Memory Usage: 1767kB
                    ->  Seq Scan on title t  (cost=0.00..73925.90 rows=307064 width=4) (actual time=0.029..1268.477 rows=169596 loops=1)
                          Filter: ((kind_id > 1) AND (production_year < 1973))
                          Rows Removed by Filter: 2358716
Planning time: 1.036 ms
Execution time: 29612.534 ms
