Seq Scan on movie_keyword mk  (cost=0.00..81003.12 rows=3698710 width=0) (actual time=0.029..1589.428 rows=3697062 loops=1)
  Filter: (keyword_id > 791)
  Rows Removed by Filter: 826868
Planning time: 0.322 ms
Execution time: 2035.795 ms
