Hash Join  (cost=79930.86..139206.61 rows=100909 width=0) (actual time=1440.702..3236.705 rows=176925 loops=1)
  Hash Cond: (mc.movie_id = t.id)
  ->  Seq Scan on movie_companies mc  (cost=0.00..51404.11 rows=339613 width=4) (actual time=0.099..884.087 rows=334457 loops=1)
        Filter: (company_id < 166)
        Rows Removed by Filter: 2274672
  ->  Hash  (cost=67604.59..67604.59 rows=751302 width=4) (actual time=1438.994..1438.994 rows=755902 loops=1)
        Buckets: 131072  Batches: 16  Memory Usage: 2685kB
        ->  Seq Scan on title t  (cost=0.00..67604.59 rows=751302 width=4) (actual time=0.021..1194.953 rows=755902 loops=1)
              Filter: (production_year < 1993)
              Rows Removed by Filter: 1772410
Planning time: 0.812 ms
Execution time: 3254.232 ms
