Seq Scan on movie_keyword mk  (cost=0.00..81003.12 rows=2938206 width=0) (actual time=0.025..1589.356 rows=2924280 loops=1)
  Filter: (keyword_id < 9583)
  Rows Removed by Filter: 1599650
Planning time: 0.280 ms
Execution time: 1971.981 ms
