Hash Join  (cost=306696.31..1865393.83 rows=42280238 width=0) (actual time=7133.579..72580.766 rows=142140832 loops=1)
  Hash Cond: (ci.movie_id = t.id)
  ->  Seq Scan on cast_info ci  (cost=0.00..614943.12 rows=36225612 width=4) (actual time=0.023..13863.924 rows=36244344 loops=1)
  ->  Hash  (cost=258279.11..258279.11 rows=2951136 width=8) (actual time=7132.154..7132.154 rows=2500886 loops=1)
        Buckets: 131072  Batches: 64  Memory Usage: 2534kB
        ->  Hash Join  (cost=94666.80..258279.11 rows=2951136 width=8) (actual time=2160.364..6499.172 rows=2500886 loops=1)
              Hash Cond: (mk.movie_id = t.id)
              ->  Seq Scan on movie_keyword mk  (cost=0.00..69693.30 rows=4523930 width=4) (actual time=0.026..1608.531 rows=4523930 loops=1)
              ->  Hash  (cost=67604.59..67604.59 rows=1649457 width=4) (actual time=2158.992..2158.992 rows=1643514 loops=1)
                    Buckets: 131072  Batches: 32  Memory Usage: 2839kB
                    ->  Seq Scan on title t  (cost=0.00..67604.59 rows=1649457 width=4) (actual time=0.027..1347.743 rows=1643514 loops=1)
                          Filter: (production_year > 1994)
                          Rows Removed by Filter: 884798
Planning time: 1.703 ms
Execution time: 88028.659 ms
