Hash Join  (cost=52284.46..894172.69 rows=198 width=0) (actual time=2442.095..14984.464 rows=111 loops=1)
  Hash Cond: (ci.movie_id = t.id)
  ->  Seq Scan on cast_info ci  (cost=0.00..796071.18 rows=12217352 width=4) (actual time=12.018..13444.272 rows=6050822 loops=1)
        Filter: ((person_id < 1866052) AND (role_id > 1))
        Rows Removed by Filter: 30193522
  ->  Hash  (cost=52283.95..52283.95 rows=41 width=8) (actual time=768.488..768.488 rows=22 loops=1)
        Buckets: 1024  Batches: 1  Memory Usage: 9kB
        ->  Nested Loop  (cost=0.43..52283.95 rows=41 width=8) (actual time=248.968..768.459 rows=22 loops=1)
              ->  Seq Scan on movie_companies mc  (cost=0.00..51404.11 rows=104 width=4) (actual time=248.897..756.437 rows=315 loops=1)
                    Filter: (company_id = 78866)
                    Rows Removed by Filter: 2608814
              ->  Index Scan using title_pkey on title t  (cost=0.43..8.45 rows=1 width=4) (actual time=0.038..0.038 rows=0 loops=315)
                    Index Cond: (id = mc.movie_id)
                    Filter: (kind_id < 7)
                    Rows Removed by Filter: 1
Planning time: 0.996 ms
Execution time: 14984.667 ms
