Seq Scan on movie_companies mc  (cost=0.00..57926.93 rows=53 width=0) (actual time=369.632..734.109 rows=9 loops=1)
  Filter: ((company_id = 127528) AND (company_type_id = 2))
  Rows Removed by Filter: 2609120
Planning time: 0.445 ms
Execution time: 734.201 ms
