Hash Join  (cost=442745.08..1246668.44 rows=22833 width=0) (actual time=10879.668..21634.717 rows=104084 loops=1)
  Hash Cond: (ci.movie_id = t.id)
  ->  Seq Scan on cast_info ci  (cost=0.00..796071.18 rows=395983 width=4) (actual time=1454.168..11603.187 rows=1522421 loops=1)
        Filter: ((person_id > 3761614) AND (role_id > 4))
        Rows Removed by Filter: 34721923
  ->  Hash  (cost=440352.53..440352.53 rows=145804 width=8) (actual time=9422.794..9422.794 rows=77111 loops=1)
        Buckets: 131072  Batches: 2  Memory Usage: 2524kB
        ->  Hash Join  (cost=74238.57..440352.53 rows=145804 width=8) (actual time=1128.847..9383.045 rows=77111 loops=1)
              Hash Cond: (mi.movie_id = t.id)
              ->  Seq Scan on movie_info mi  (cost=0.00..309384.22 rows=14739122 width=4) (actual time=0.027..4407.508 rows=14835720 loops=1)
              ->  Hash  (cost=73925.90..73925.90 rows=25013 width=4) (actual time=1127.722..1127.722 rows=26270 loops=1)
                    Buckets: 32768  Batches: 1  Memory Usage: 1180kB
                    ->  Seq Scan on title t  (cost=0.00..73925.90 rows=25013 width=4) (actual time=0.039..1116.070 rows=26270 loops=1)
                          Filter: ((kind_id > 4) AND (production_year = 1997))
                          Rows Removed by Filter: 2502042
Planning time: 2.194 ms
Execution time: 21648.559 ms
