Hash Join  (cost=128753.29..956879.14 rows=15730 width=0) (actual time=7827.987..20266.293 rows=57394 loops=1)
  Hash Cond: (ci.movie_id = t.id)
  ->  Seq Scan on cast_info ci  (cost=0.00..796071.18 rows=8505967 width=4) (actual time=5311.392..15508.744 rows=12670688 loops=1)
        Filter: ((person_id < 2479925) AND (role_id = 1))
        Rows Removed by Filter: 23573656
  ->  Hash  (cost=128694.84..128694.84 rows=4676 width=8) (actual time=2514.205..2514.205 rows=6361 loops=1)
        Buckets: 8192  Batches: 1  Memory Usage: 313kB
        ->  Hash Join  (cost=73982.55..128694.84 rows=4676 width=8) (actual time=1510.183..2511.716 rows=6361 loops=1)
              Hash Cond: (mc.movie_id = t.id)
              ->  Seq Scan on movie_companies mc  (cost=0.00..44881.29 rows=2609129 width=4) (actual time=0.027..689.817 rows=2609129 loops=1)
              ->  Hash  (cost=73925.90..73925.90 rows=4532 width=4) (actual time=1248.585..1248.585 rows=12643 loops=1)
                    Buckets: 16384 (originally 8192)  Batches: 1 (originally 1)  Memory Usage: 573kB
                    ->  Seq Scan on title t  (cost=0.00..73925.90 rows=4532 width=4) (actual time=0.086..1242.636 rows=12643 loops=1)
                          Filter: ((kind_id = 7) AND (production_year = 1989))
                          Rows Removed by Filter: 2515669
Planning time: 1.363 ms
Execution time: 20275.613 ms
