Hash Join  (cost=546571.04..1525119.88 rows=3258073 width=0) (actual time=12970.489..35902.650 rows=12264082 loops=1)
  Hash Cond: (ci.movie_id = t.id)
  ->  Seq Scan on cast_info ci  (cost=0.00..705507.15 rows=15568394 width=4) (actual time=1515.566..12933.038 rows=15687668 loops=1)
        Filter: (person_id > 2068678)
        Rows Removed by Filter: 20556676
  ->  Hash  (cost=537888.58..537888.58 rows=529157 width=8) (actual time=11453.822..11453.822 rows=972250 loops=1)
        Buckets: 131072 (originally 131072)  Batches: 16 (originally 8)  Memory Usage: 3385kB
        ->  Hash Join  (cost=76242.82..537888.58 rows=529157 width=8) (actual time=1179.577..11139.691 rows=972250 loops=1)
              Hash Cond: (mi.movie_id = t.id)
              ->  Seq Scan on movie_info mi  (cost=0.00..346232.03 rows=9476311 width=4) (actual time=0.025..6371.537 rows=9565151 loops=1)
                    Filter: (info_type_id < 16)
                    Rows Removed by Filter: 5270569
              ->  Hash  (cost=73925.90..73925.90 rows=141193 width=4) (actual time=1071.688..1071.688 rows=132182 loops=1)
                    Buckets: 131072  Batches: 2  Memory Usage: 3346kB
                    ->  Seq Scan on title t  (cost=0.00..73925.90 rows=141193 width=4) (actual time=108.327..1026.131 rows=132182 loops=1)
                          Filter: ((production_year > 2009) AND (kind_id = 1))
                          Rows Removed by Filter: 2396130
Planning time: 1.253 ms
Execution time: 37237.557 ms
