Seq Scan on movie_keyword mk  (cost=0.00..81003.12 rows=4075244 width=0) (actual time=0.020..1496.455 rows=4076128 loops=1)
  Filter: (keyword_id < 39645)
  Rows Removed by Filter: 447802
Planning time: 1.083 ms
Execution time: 2004.016 ms
