Hash Join  (cost=196574.08..698863.81 rows=2107083 width=0) (actual time=4436.307..29783.613 rows=56472861 loops=1)
  Hash Cond: (mi.movie_id = t.id)
  ->  Seq Scan on movie_info mi  (cost=0.00..309384.22 rows=14739122 width=4) (actual time=0.016..5990.616 rows=14835720 loops=1)
  ->  Hash  (cost=190642.66..190642.66 rows=361474 width=8) (actual time=4435.339..4435.339 rows=1100022 loops=1)
        Buckets: 131072 (originally 131072)  Batches: 16 (originally 8)  Memory Usage: 3826kB
        ->  Hash Join  (cost=81598.21..190642.66 rows=361474 width=8) (actual time=1411.435..4148.545 rows=1100022 loops=1)
              Hash Cond: (mk.movie_id = t.id)
              ->  Seq Scan on movie_keyword mk  (cost=0.00..81003.12 rows=1954557 width=4) (actual time=0.014..1602.694 rows=1964384 loops=1)
                    Filter: (keyword_id < 3434)
                    Rows Removed by Filter: 2559546
              ->  Hash  (cost=73925.90..73925.90 rows=467624 width=4) (actual time=1410.634..1410.634 rows=557493 loops=1)
                    Buckets: 131072  Batches: 8  Memory Usage: 3493kB
                    ->  Seq Scan on title t  (cost=0.00..73925.90 rows=467624 width=4) (actual time=0.027..1231.852 rows=557493 loops=1)
                          Filter: ((kind_id < 7) AND (production_year < 2003))
                          Rows Removed by Filter: 1970819
Planning time: 1.163 ms
Execution time: 35796.061 ms
