Seq Scan on movie_keyword mk  (cost=0.00..81003.12 rows=246 width=0) (actual time=10.070..1281.919 rows=164 loops=1)
  Filter: (keyword_id = 7807)
  Rows Removed by Filter: 4523766
Planning time: 0.402 ms
Execution time: 1282.146 ms
