Hash Join  (cost=122047.97..253031.91 rows=207900 width=0) (actual time=2285.748..5250.027 rows=175169 loops=1)
  Hash Cond: (mk.movie_id = t.id)
  ->  Seq Scan on movie_keyword mk  (cost=0.00..81003.12 rows=4099418 width=4) (actual time=0.019..1747.617 rows=4087742 loops=1)
        Filter: (keyword_id > 335)
        Rows Removed by Filter: 436188
  ->  Hash  (cost=119944.06..119944.06 rows=128233 width=8) (actual time=2280.891..2280.891 rows=72862 loops=1)
        Buckets: 131072  Batches: 2  Memory Usage: 2460kB
        ->  Hash Join  (cost=85377.17..119944.06 rows=128233 width=8) (actual time=1458.691..2245.506 rows=72862 loops=1)
              Hash Cond: (mi_idx.movie_id = t.id)
              ->  Seq Scan on movie_info_idx mi_idx  (cost=0.00..25185.44 rows=464566 width=4) (actual time=0.027..461.539 rows=459925 loops=1)
                    Filter: (info_type_id = 101)
                    Rows Removed by Filter: 920110
              ->  Hash  (cost=73925.90..73925.90 rows=697941 width=4) (actual time=1456.931..1456.931 rows=604056 loops=1)
                    Buckets: 131072  Batches: 16  Memory Usage: 2349kB
                    ->  Seq Scan on title t  (cost=0.00..73925.90 rows=697941 width=4) (actual time=0.023..1262.480 rows=604056 loops=1)
                          Filter: ((kind_id > 4) AND (production_year < 2002))
                          Rows Removed by Filter: 1924256
Planning time: 2.934 ms
Execution time: 5272.080 ms
