Seq Scan on movie_keyword mk  (cost=0.00..81003.12 rows=246 width=0) (actual time=16.934..1232.475 rows=96 loops=1)
  Filter: (keyword_id = 17929)
  Rows Removed by Filter: 4523834
Planning time: 0.379 ms
Execution time: 1232.753 ms
