Hash Join  (cost=483239.32..1584710.08 rows=2179060 width=0) (actual time=8510.925..33395.107 rows=1057332 loops=1)
  Hash Cond: (ci.movie_id = t.id)
  ->  Seq Scan on cast_info ci  (cost=0.00..614943.12 rows=36225612 width=4) (actual time=0.027..12357.132 rows=36244344 loops=1)
  ->  Hash  (cost=480743.11..480743.11 rows=152097 width=8) (actual time=8509.805..8509.805 rows=36451 loops=1)
        Buckets: 131072  Batches: 2  Memory Usage: 1742kB
        ->  Hash Join  (cost=75195.76..480743.11 rows=152097 width=8) (actual time=2003.591..8496.443 rows=36451 loops=1)
              Hash Cond: (mi.movie_id = t.id)
              ->  Seq Scan on movie_info mi  (cost=0.00..346232.03 rows=4972096 width=4) (actual time=0.022..5659.763 rows=4923966 loops=1)
                    Filter: (info_type_id < 5)
                    Rows Removed by Filter: 9911754
              ->  Hash  (cost=73925.90..73925.90 rows=77348 width=4) (actual time=1149.675..1149.675 rows=84109 loops=1)
                    Buckets: 131072  Batches: 2  Memory Usage: 2515kB
                    ->  Seq Scan on title t  (cost=0.00..73925.90 rows=77348 width=4) (actual time=0.024..1116.041 rows=84109 loops=1)
                          Filter: ((kind_id = 7) AND (production_year = 2008))
                          Rows Removed by Filter: 2444203
Planning time: 1.300 ms
Execution time: 33533.661 ms
