Hash Join  (cost=345671.01..1366281.33 rows=10597339 width=0) (actual time=8554.213..46924.253 rows=76040331 loops=1)
  Hash Cond: (ci.movie_id = t.id)
  ->  Seq Scan on cast_info ci  (cost=0.00..796071.18 rows=6726899 width=4) (actual time=0.025..15719.652 rows=12670688 loops=1)
        Filter: ((person_id < 1900842) AND (role_id = 1))
        Rows Removed by Filter: 23573656
  ->  Hash  (cost=280319.01..280319.01 rows=3983360 width=8) (actual time=8552.019..8552.019 rows=4348171 loops=1)
        Buckets: 131072  Batches: 64  Memory Usage: 3716kB
        ->  Hash Join  (cost=104131.46..280319.01 rows=3983360 width=8) (actual time=2284.073..7176.915 rows=4348171 loops=1)
              Hash Cond: (mk.movie_id = t.id)
              ->  Seq Scan on movie_keyword mk  (cost=0.00..69693.30 rows=4523930 width=4) (actual time=0.007..1410.817 rows=4523930 loops=1)
              ->  Hash  (cost=67604.59..67604.59 rows=2226390 width=4) (actual time=2282.397..2282.397 rows=2224569 loops=1)
                    Buckets: 131072  Batches: 32  Memory Usage: 3472kB
                    ->  Seq Scan on title t  (cost=0.00..67604.59 rows=2226390 width=4) (actual time=0.014..1550.418 rows=2224569 loops=1)
                          Filter: (production_year < 2012)
                          Rows Removed by Filter: 303743
Planning time: 1.164 ms
Execution time: 54388.300 ms
