Hash Join  (cost=153922.47..280354.88 rows=363637 width=0) (actual time=3358.821..7371.304 rows=3775235 loops=1)
  Hash Cond: (mk.movie_id = t.id)
  ->  Seq Scan on movie_keyword mk  (cost=0.00..69693.30 rows=4523930 width=4) (actual time=0.022..1425.382 rows=4523930 loops=1)
  ->  Hash  (cost=150587.91..150587.91 rows=203245 width=8) (actual time=3358.094..3358.094 rows=486726 loops=1)
        Buckets: 131072 (originally 131072)  Batches: 8 (originally 4)  Memory Usage: 3426kB
        ->  Hash Join  (cost=80267.30..150587.91 rows=203245 width=8) (actual time=1318.954..3200.761 rows=486726 loops=1)
              Hash Cond: (mc.movie_id = t.id)
              ->  Seq Scan on movie_companies mc  (cost=0.00..51404.11 rows=1329612 width=4) (actual time=0.025..1021.656 rows=1334883 loops=1)
                    Filter: (company_type_id > 1)
                    Rows Removed by Filter: 1274246
              ->  Hash  (cost=73925.90..73925.90 rows=386512 width=4) (actual time=1318.050..1318.050 rows=494694 loops=1)
                    Buckets: 131072  Batches: 8  Memory Usage: 3209kB
                    ->  Seq Scan on title t  (cost=0.00..73925.90 rows=386512 width=4) (actual time=0.033..1171.028 rows=494694 loops=1)
                          Filter: ((kind_id < 4) AND (production_year < 2002))
                          Rows Removed by Filter: 2033618
Planning time: 1.160 ms
Execution time: 7762.798 ms
