Hash Join  (cost=106809.92..753669.30 rows=13929455 width=0) (actual time=2256.942..19603.597 rows=13972943 loops=1)
  Hash Cond: (mi.movie_id = t.id)
  ->  Seq Scan on movie_info mi  (cost=0.00..309384.22 rows=14739122 width=4) (actual time=0.013..5920.069 rows=14835720 loops=1)
  ->  Hash  (cost=67604.59..67604.59 rows=2389627 width=4) (actual time=2256.002..2256.002 rows=2382866 loops=1)
        Buckets: 131072  Batches: 32  Memory Usage: 3653kB
        ->  Seq Scan on title t  (cost=0.00..67604.59 rows=2389627 width=4) (actual time=0.018..1477.474 rows=2382866 loops=1)
              Filter: (production_year > 1916)
              Rows Removed by Filter: 145446
Planning time: 0.702 ms
Execution time: 21025.580 ms
