Nested Loop  (cost=0.43..797957.66 rows=224 width=0) (actual time=8824.979..13661.329 rows=9 loops=1)
  ->  Seq Scan on cast_info ci  (cost=0.00..796071.18 rows=224 width=4) (actual time=8824.794..13661.022 rows=9 loops=1)
        Filter: ((role_id > 2) AND (person_id = 441216))
        Rows Removed by Filter: 36244335
  ->  Index Only Scan using title_pkey on title t  (cost=0.43..8.41 rows=1 width=4) (actual time=0.024..0.024 rows=1 loops=9)
        Index Cond: (id = ci.movie_id)
        Heap Fetches: 9
Planning time: 0.840 ms
Execution time: 13661.437 ms
