Nested Loop  (cost=0.43..709673.15 rows=307 width=0) (actual time=9891.702..10836.667 rows=237 loops=1)
  ->  Seq Scan on cast_info ci  (cost=0.00..705507.15 rows=500 width=4) (actual time=9891.549..10818.881 rows=237 loops=1)
        Filter: (person_id = 1314103)
        Rows Removed by Filter: 36244107
  ->  Index Scan using title_pkey on title t  (cost=0.43..8.32 rows=1 width=4) (actual time=0.074..0.074 rows=1 loops=237)
        Index Cond: (id = ci.movie_id)
        Filter: (production_year < 2007)
Planning time: 0.832 ms
Execution time: 10836.845 ms
