Hash Join  (cost=74246.92..871332.98 rows=2676 width=0) (actual time=15017.303..15455.752 rows=1694 loops=1)
  Hash Cond: (ci.movie_id = t.id)
  ->  Seq Scan on cast_info ci  (cost=0.00..796071.18 rows=263500 width=4) (actual time=13897.404..14312.687 rows=89782 loops=1)
        Filter: ((person_id < 2798026) AND (role_id > 10))
        Rows Removed by Filter: 36154562
  ->  Hash  (cost=73925.90..73925.90 rows=25681 width=4) (actual time=1119.600..1119.600 rows=23707 loops=1)
        Buckets: 32768  Batches: 1  Memory Usage: 1090kB
        ->  Seq Scan on title t  (cost=0.00..73925.90 rows=25681 width=4) (actual time=0.053..1109.424 rows=23707 loops=1)
              Filter: ((kind_id < 7) AND (production_year = 2013))
              Rows Removed by Filter: 2504605
Planning time: 0.753 ms
Execution time: 15456.157 ms
