Hash Join  (cost=28267.22..82933.15 rows=41 width=0) (actual time=503.063..1554.129 rows=2002 loops=1)
  Hash Cond: (mc.movie_id = t.id)
  ->  Seq Scan on movie_companies mc  (cost=0.00..44881.29 rows=2609129 width=4) (actual time=0.014..694.115 rows=2609129 loops=1)
  ->  Hash  (cost=28266.72..28266.72 rows=40 width=8) (actual time=416.020..416.020 rows=68 loops=1)
        Buckets: 1024  Batches: 1  Memory Usage: 11kB
        ->  Nested Loop  (cost=0.43..28266.72 rows=40 width=8) (actual time=39.394..415.978 rows=68 loops=1)
              ->  Seq Scan on movie_info_idx mi_idx  (cost=0.00..25185.44 rows=368 width=4) (actual time=39.177..407.766 rows=260 loops=1)
                    Filter: (info_type_id > 101)
                    Rows Removed by Filter: 1379775
              ->  Index Scan using title_pkey on title t  (cost=0.43..8.36 rows=1 width=4) (actual time=0.031..0.031 rows=0 loops=260)
                    Index Cond: (id = mi_idx.movie_id)
                    Filter: (production_year < 1963)
                    Rows Removed by Filter: 1
Planning time: 1.228 ms
Execution time: 1554.577 ms
