Hash Join  (cost=247181.78..705933.49 rows=3165656 width=0) (actual time=6942.041..22878.766 rows=32984010 loops=1)
  Hash Cond: (mi.movie_id = t.id)
  ->  Seq Scan on movie_info mi  (cost=0.00..346232.03 rows=5897221 width=4) (actual time=715.909..6181.012 rows=5884963 loops=1)
        Filter: (info_type_id < 7)
        Rows Removed by Filter: 8950757
  ->  Hash  (cost=224912.20..224912.20 rows=1357326 width=8) (actual time=6224.883..6224.883 rows=2667057 loops=1)
        Buckets: 131072 (originally 131072)  Batches: 64 (originally 32)  Memory Usage: 3073kB
        ->  Hash Join  (cost=86372.90..224912.20 rows=1357326 width=8) (actual time=1424.920..5465.873 rows=2667057 loops=1)
              Hash Cond: (mk.movie_id = t.id)
              ->  Seq Scan on movie_keyword mk  (cost=0.00..69693.30 rows=4523930 width=4) (actual time=0.031..1341.273 rows=4523930 loops=1)
              ->  Hash  (cost=73925.90..73925.90 rows=758640 width=4) (actual time=1423.916..1423.916 rows=663849 loops=1)
                    Buckets: 131072  Batches: 16  Memory Usage: 2491kB
                    ->  Seq Scan on title t  (cost=0.00..73925.90 rows=758640 width=4) (actual time=0.023..1201.699 rows=663849 loops=1)
                          Filter: ((kind_id < 7) AND (production_year > 1980))
                          Rows Removed by Filter: 1864463
Planning time: 1.156 ms
Execution time: 26321.117 ms
