Seq Scan on movie_companies mc  (cost=0.00..57926.93 rows=53 width=0) (actual time=115.456..966.380 rows=4 loops=1)
  Filter: ((company_type_id > 1) AND (company_id = 522))
  Rows Removed by Filter: 2609125
Planning time: 1.019 ms
Execution time: 966.481 ms
