Nested Loop  (cost=0.43..110562.79 rows=800 width=0) (actual time=0.255..1397.943 rows=731 loops=1)
  ->  Seq Scan on movie_keyword mk  (cost=0.00..81003.12 rows=3921 width=4) (actual time=0.222..1262.426 rows=3195 loops=1)
        Filter: (keyword_id = 438)
        Rows Removed by Filter: 4520735
  ->  Index Scan using title_pkey on title t  (cost=0.43..7.53 rows=1 width=4) (actual time=0.041..0.042 rows=0 loops=3195)
        Index Cond: (id = mk.movie_id)
        Filter: (production_year < 1980)
        Rows Removed by Filter: 1
Planning time: 0.770 ms
Execution time: 1398.368 ms
