Hash Join  (cost=443511.05..613246.43 rows=701431 width=0) (actual time=10120.357..15837.196 rows=10157463 loops=1)
  Hash Cond: (mk.movie_id = t.id)
  ->  Seq Scan on movie_keyword mk  (cost=0.00..81003.12 rows=4501194 width=4) (actual time=0.014..1762.068 rows=4504616 loops=1)
        Filter: (keyword_id < 117834)
        Rows Removed by Filter: 19314
  ->  Hash  (cost=437045.72..437045.72 rows=394026 width=8) (actual time=10117.812..10117.812 rows=395214 loops=1)
        Buckets: 131072  Batches: 8  Memory Usage: 3091kB
        ->  Hash Join  (cost=68449.54..437045.72 rows=394026 width=8) (actual time=1130.006..9948.112 rows=395214 loops=1)
              Hash Cond: (mi.movie_id = t.id)
              ->  Seq Scan on movie_info mi  (cost=0.00..309384.22 rows=14739122 width=4) (actual time=0.011..4463.489 rows=14835720 loops=1)
              ->  Hash  (cost=67604.59..67604.59 rows=67596 width=4) (actual time=1129.344..1129.344 rows=67777 loops=1)
                    Buckets: 131072  Batches: 1  Memory Usage: 3407kB
                    ->  Seq Scan on title t  (cost=0.00..67604.59 rows=67596 width=4) (actual time=0.026..1101.417 rows=67777 loops=1)
                          Filter: (production_year = 2003)
                          Rows Removed by Filter: 2460535
Planning time: 1.129 ms
Execution time: 16990.299 ms
