Hash Join  (cost=263115.61..1743203.00 rows=32350796 width=0) (actual time=5876.693..56652.289 rows=69618133 loops=1)
  Hash Cond: (ci.movie_id = t.id)
  ->  Seq Scan on cast_info ci  (cost=0.00..705507.15 rows=31351405 width=4) (actual time=0.008..16990.911 rows=31485586 loops=1)
        Filter: (person_id > 461793)
        Rows Removed by Filter: 4758758
  ->  Hash  (cost=220309.49..220309.49 rows=2609129 width=8) (actual time=5873.741..5873.741 rows=2609129 loops=1)
        Buckets: 131072  Batches: 64  Memory Usage: 2610kB
        ->  Hash Join  (cost=102767.86..220309.49 rows=2609129 width=8) (actual time=1847.919..5211.949 rows=2609129 loops=1)
              Hash Cond: (mc.movie_id = t.id)
              ->  Seq Scan on movie_companies mc  (cost=0.00..44881.29 rows=2609129 width=4) (actual time=0.016..933.847 rows=2609129 loops=1)
              ->  Hash  (cost=61283.27..61283.27 rows=2528527 width=4) (actual time=1847.122..1847.122 rows=2528312 loops=1)
                    Buckets: 131072  Batches: 64  Memory Usage: 2415kB
                    ->  Seq Scan on title t  (cost=0.00..61283.27 rows=2528527 width=4) (actual time=0.021..1026.412 rows=2528312 loops=1)
Planning time: 1.186 ms
Execution time: 64011.068 ms
