Seq Scan on movie_companies mc  (cost=0.00..51404.11 rows=104 width=0) (actual time=21.952..808.363 rows=147 loops=1)
  Filter: (company_id = 79214)
  Rows Removed by Filter: 2608982
Planning time: 0.841 ms
Execution time: 808.496 ms
