Hash Join  (cost=1421241.38..2909844.82 rows=73823868 width=0) (actual time=41510.316..122904.301 rows=235219881 loops=1)
  Hash Cond: (mi.movie_id = t.id)
  ->  Seq Scan on movie_info mi  (cost=0.00..309384.22 rows=14739122 width=4) (actual time=0.021..5907.251 rows=14835720 loops=1)
  ->  Hash  (cost=1213461.40..1213461.40 rows=12664638 width=8) (actual time=41507.817..41507.817 rows=18967143 loops=1)
        Buckets: 131072  Batches: 256  Memory Usage: 3962kB
        ->  Hash Join  (cost=102767.86..1213461.40 rows=12664638 width=8) (actual time=1907.292..35366.980 rows=18967143 loops=1)
              Hash Cond: (ci.movie_id = t.id)
              ->  Seq Scan on cast_info ci  (cost=0.00..796071.18 rows=12664638 width=4) (actual time=0.088..16793.563 rows=18967143 loops=1)
                    Filter: ((person_id > 1639325) AND (role_id > 1))
                    Rows Removed by Filter: 17277201
              ->  Hash  (cost=61283.27..61283.27 rows=2528527 width=4) (actual time=1906.003..1906.003 rows=2528312 loops=1)
                    Buckets: 131072  Batches: 64  Memory Usage: 2415kB
                    ->  Seq Scan on title t  (cost=0.00..61283.27 rows=2528527 width=4) (actual time=0.020..1080.002 rows=2528312 loops=1)
Planning time: 1.167 ms
Execution time: 149807.990 ms
