Seq Scan on cast_info ci  (cost=0.00..796071.18 rows=11829896 width=0) (actual time=2.587..14212.005 rows=13547647 loops=1)
  Filter: ((person_id < 1514840) AND (role_id < 6))
  Rows Removed by Filter: 22696697
Planning time: 0.314 ms
Execution time: 15862.188 ms
