Hash Join  (cost=440020.25..1425581.59 rows=836213 width=0) (actual time=9581.401..35851.216 rows=635225 loops=1)
  Hash Cond: (ci.movie_id = t.id)
  ->  Seq Scan on cast_info ci  (cost=0.00..614943.12 rows=36225612 width=4) (actual time=0.020..9034.657 rows=36244344 loops=1)
  ->  Hash  (cost=439290.66..439290.66 rows=58367 width=8) (actual time=9565.916..9565.916 rows=361662 loops=1)
        Buckets: 131072 (originally 65536)  Batches: 8 (originally 1)  Memory Usage: 3073kB
        ->  Hash Join  (cost=74051.07..439290.66 rows=58367 width=8) (actual time=1128.630..9413.527 rows=361662 loops=1)
              Hash Cond: (mi.movie_id = t.id)
              ->  Seq Scan on movie_info mi  (cost=0.00..309384.22 rows=14739122 width=4) (actual time=0.019..4486.059 rows=14835720 loops=1)
              ->  Hash  (cost=73925.90..73925.90 rows=10013 width=4) (actual time=1119.857..1119.857 rows=35049 loops=1)
                    Buckets: 65536 (originally 16384)  Batches: 1 (originally 1)  Memory Usage: 1745kB
                    ->  Seq Scan on title t  (cost=0.00..73925.90 rows=10013 width=4) (actual time=0.037..1105.804 rows=35049 loops=1)
                          Filter: ((production_year < 1912) AND (kind_id = 1))
                          Rows Removed by Filter: 2493263
Planning time: 1.234 ms
Execution time: 35929.131 ms
