Seq Scan on movie_keyword mk  (cost=0.00..81003.12 rows=2418379 width=0) (actual time=0.016..1552.227 rows=2418779 loops=1)
  Filter: (keyword_id < 5703)
  Rows Removed by Filter: 2105151
Planning time: 0.349 ms
Execution time: 1852.176 ms
