Hash Join  (cost=81720.25..169761.36 rows=756585 width=0) (actual time=1484.703..4189.663 rows=1566332 loops=1)
  Hash Cond: (mc.movie_id = t.id)
  ->  Seq Scan on movie_companies mc  (cost=0.00..51404.11 rows=2223507 width=4) (actual time=0.024..1123.601 rows=2221628 loops=1)
        Filter: (company_id > 226)
        Rows Removed by Filter: 387501
  ->  Hash  (cost=67604.59..67604.59 rows=860373 width=4) (actual time=1483.894..1483.894 rows=854214 loops=1)
        Buckets: 131072  Batches: 16  Memory Usage: 2897kB
        ->  Seq Scan on title t  (cost=0.00..67604.59 rows=860373 width=4) (actual time=0.024..1207.507 rows=854214 loops=1)
              Filter: (kind_id < 4)
              Rows Removed by Filter: 1674098
Planning time: 0.772 ms
Execution time: 4361.776 ms
