Hash Join  (cost=81890.82..591890.28 rows=2829654 width=0) (actual time=1436.272..14711.156 rows=1412612 loops=1)
  Hash Cond: (mi.movie_id = t.id)
  ->  Seq Scan on movie_info mi  (cost=0.00..309384.22 rows=14739122 width=4) (actual time=0.010..6220.189 rows=14835720 loops=1)
  ->  Hash  (cost=73925.90..73925.90 rows=485433 width=4) (actual time=1435.304..1435.304 rows=341070 loops=1)
        Buckets: 131072  Batches: 8  Memory Usage: 2519kB
        ->  Seq Scan on title t  (cost=0.00..73925.90 rows=485433 width=4) (actual time=0.019..1318.073 rows=341070 loops=1)
              Filter: ((kind_id > 3) AND (production_year < 1992))
              Rows Removed by Filter: 2187242
Planning time: 0.791 ms
Execution time: 14877.331 ms
