Hash Join  (cost=102767.86..196854.46 rows=1092164 width=0) (actual time=1886.629..4506.544 rows=1274246 loops=1)
  Hash Cond: (mc.movie_id = t.id)
  ->  Seq Scan on movie_companies mc  (cost=0.00..57926.93 rows=1092164 width=4) (actual time=0.017..1224.725 rows=1274246 loops=1)
        Filter: ((company_id < 83622) AND (company_type_id < 2))
        Rows Removed by Filter: 1334883
  ->  Hash  (cost=61283.27..61283.27 rows=2528527 width=4) (actual time=1885.423..1885.423 rows=2528312 loops=1)
        Buckets: 131072  Batches: 64  Memory Usage: 2415kB
        ->  Seq Scan on title t  (cost=0.00..61283.27 rows=2528527 width=4) (actual time=0.008..1067.413 rows=2528312 loops=1)
Planning time: 0.564 ms
Execution time: 4655.344 ms
