Hash Join  (cost=154550.04..528044.32 rows=12900 width=0) (actual time=2232.457..9427.492 rows=156075 loops=1)
  Hash Cond: (mi.movie_id = t.id)
  ->  Seq Scan on movie_info mi  (cost=0.00..346232.03 rows=7235534 width=4) (actual time=0.026..5973.583 rows=7286865 loops=1)
        Filter: (info_type_id < 8)
        Rows Removed by Filter: 7548855
  ->  Hash  (cost=154493.69..154493.69 rows=4508 width=8) (actual time=2232.227..2232.227 rows=11461 loops=1)
        Buckets: 16384 (originally 8192)  Batches: 1 (originally 1)  Memory Usage: 576kB
        ->  Hash Join  (cost=67697.55..154493.69 rows=4508 width=8) (actual time=884.493..2228.095 rows=11461 loops=1)
              Hash Cond: (mk.movie_id = t.id)
              ->  Seq Scan on movie_keyword mk  (cost=0.00..81003.12 rows=1532783 width=4) (actual time=0.017..1109.367 rows=1540940 loops=1)
                    Filter: (keyword_id < 2273)
                    Rows Removed by Filter: 2982990
              ->  Hash  (cost=67604.59..67604.59 rows=7437 width=4) (actual time=884.080..884.080 rows=13994 loops=1)
                    Buckets: 16384 (originally 8192)  Batches: 1 (originally 1)  Memory Usage: 620kB
                    ->  Seq Scan on title t  (cost=0.00..67604.59 rows=7437 width=4) (actual time=0.175..877.889 rows=13994 loops=1)
                          Filter: (production_year = 1976)
                          Rows Removed by Filter: 2514318
Planning time: 1.221 ms
Execution time: 9447.692 ms
