Hash Join  (cost=249958.95..1641463.12 rows=30412599 width=0) (actual time=5996.779..56043.506 rows=67646836 loops=1)
  Hash Cond: (ci.movie_id = t.id)
  ->  Seq Scan on cast_info ci  (cost=0.00..614943.12 rows=36225612 width=4) (actual time=0.008..13591.267 rows=36244344 loops=1)
  ->  Hash  (cost=215131.18..215131.18 rows=2122782 width=8) (actual time=5995.492..5995.492 rows=2119035 loops=1)
        Buckets: 131072  Batches: 32  Memory Usage: 3570kB
        ->  Hash Join  (cost=102767.86..215131.18 rows=2122782 width=8) (actual time=2016.495..5392.568 rows=2119035 loops=1)
              Hash Cond: (mc.movie_id = t.id)
              ->  Seq Scan on movie_companies mc  (cost=0.00..51404.11 rows=2122782 width=4) (actual time=0.019..1097.935 rows=2119035 loops=1)
                    Filter: (company_id < 74748)
                    Rows Removed by Filter: 490094
              ->  Hash  (cost=61283.27..61283.27 rows=2528527 width=4) (actual time=2015.425..2015.425 rows=2528312 loops=1)
                    Buckets: 131072  Batches: 64  Memory Usage: 2415kB
                    ->  Seq Scan on title t  (cost=0.00..61283.27 rows=2528527 width=4) (actual time=0.040..1143.046 rows=2528312 loops=1)
Planning time: 0.970 ms
Execution time: 63047.656 ms
