Seq Scan on movie_keyword mk  (cost=0.00..81003.12 rows=187193 width=0) (actual time=0.031..1341.221 rows=191248 loops=1)
  Filter: (keyword_id > 70683)
  Rows Removed by Filter: 4332682
Planning time: 0.344 ms
Execution time: 1367.646 ms
