Hash Join  (cost=78670.55..500965.45 rows=674429 width=0) (actual time=1979.001..10135.661 rows=225396 loops=1)
  Hash Cond: (mi.movie_id = t.id)
  ->  Seq Scan on movie_info mi  (cost=0.00..346232.03 rows=5897221 width=4) (actual time=734.181..6093.703 rows=5884963 loops=1)
        Filter: (info_type_id < 7)
        Rows Removed by Filter: 8950757
  ->  Hash  (cost=73925.90..73925.90 rows=289172 width=4) (actual time=1242.487..1242.487 rows=292674 loops=1)
        Buckets: 131072  Batches: 4  Memory Usage: 3623kB
        ->  Seq Scan on title t  (cost=0.00..73925.90 rows=289172 width=4) (actual time=0.040..1143.376 rows=292674 loops=1)
              Filter: ((kind_id > 1) AND (production_year > 2010))
              Rows Removed by Filter: 2235638
Planning time: 0.811 ms
Execution time: 10166.230 ms
