Nested Loop  (cost=0.43..68324.54 rows=1280 width=0) (actual time=534.404..872.189 rows=2 loops=1)
  ->  Seq Scan on movie_companies mc  (cost=0.00..57926.93 rows=1280 width=4) (actual time=534.317..872.042 rows=2 loops=1)
        Filter: ((company_type_id < 2) AND (company_id = 9749))
        Rows Removed by Filter: 2609127
  ->  Index Only Scan using title_pkey on title t  (cost=0.43..8.11 rows=1 width=4) (actual time=0.064..0.065 rows=1 loops=2)
        Index Cond: (id = mc.movie_id)
        Heap Fetches: 2
Planning time: 0.605 ms
Execution time: 872.239 ms
