Seq Scan on movie_keyword mk  (cost=0.00..81003.12 rows=3972440 width=0) (actual time=0.018..1753.706 rows=3975669 loops=1)
  Filter: (keyword_id < 33575)
  Rows Removed by Filter: 548261
Planning time: 0.300 ms
Execution time: 2257.524 ms
