Hash Join  (cost=73962.22..467834.36 rows=14551 width=169) (actual time=1533.758..12094.946 rows=53530 loops=1)
  Hash Cond: (mi.movie_id = t.id)
  ->  Seq Scan on movie_info mi  (cost=0.00..346232.03 rows=12665229 width=75) (actual time=0.021..8167.737 rows=12744652 loops=1)
        Filter: (info_type_id > 2)
        Rows Removed by Filter: 2091068
  ->  Hash  (cost=73925.90..73925.90 rows=2905 width=94) (actual time=1532.600..1532.600 rows=5878 loops=1)
        Buckets: 8192 (originally 4096)  Batches: 1 (originally 1)  Memory Usage: 710kB
        ->  Seq Scan on title t  (cost=0.00..73925.90 rows=2905 width=94) (actual time=0.134..1529.000 rows=5878 loops=1)
              Filter: ((kind_id < 7) AND (production_year = 1973))
              Rows Removed by Filter: 2522434
Planning time: 0.985 ms
Execution time: 12098.834 ms
