Seq Scan on movie_keyword mk  (cost=0.00..81003.12 rows=246 width=0) (actual time=1.855..3325.998 rows=636 loops=1)
  Filter: (keyword_id = 29320)
  Rows Removed by Filter: 4523294
Planning time: 0.371 ms
Execution time: 3326.335 ms
