Hash Join  (cost=86713.18..574769.73 rows=2920936 width=0) (actual time=1420.187..14355.500 rows=5067011 loops=1)
  Hash Cond: (mi.movie_id = t.id)
  ->  Seq Scan on movie_info mi  (cost=0.00..346232.03 rows=9476311 width=4) (actual time=0.028..6552.721 rows=9565151 loops=1)
        Filter: (info_type_id < 16)
        Rows Removed by Filter: 5270569
  ->  Hash  (cost=73925.90..73925.90 rows=779382 width=4) (actual time=1418.138..1418.138 rows=689555 loops=1)
        Buckets: 131072  Batches: 16  Memory Usage: 2549kB
        ->  Seq Scan on title t  (cost=0.00..73925.90 rows=779382 width=4) (actual time=0.008..1202.398 rows=689555 loops=1)
              Filter: ((kind_id < 7) AND (production_year > 1976))
              Rows Removed by Filter: 1838757
Planning time: 0.855 ms
Execution time: 14947.409 ms
