Hash Join  (cost=122535.74..217801.73 rows=11451 width=0) (actual time=1985.231..3885.902 rows=126738 loops=1)
  Hash Cond: (mk.movie_id = t.id)
  ->  Seq Scan on movie_keyword mk  (cost=0.00..81003.12 rows=3772894 width=4) (actual time=0.027..1341.163 rows=3766126 loops=1)
        Filter: (keyword_id < 24707)
        Rows Removed by Filter: 757804
  ->  Hash  (cost=122439.81..122439.81 rows=7674 width=8) (actual time=1984.864..1984.864 rows=7181 loops=1)
        Buckets: 8192  Batches: 1  Memory Usage: 345kB
        ->  Hash Join  (cost=67697.55..122439.81 rows=7674 width=8) (actual time=913.690..1981.813 rows=7181 loops=1)
              Hash Cond: (mc.movie_id = t.id)
              ->  Seq Scan on movie_companies mc  (cost=0.00..44881.29 rows=2609129 width=4) (actual time=0.020..568.033 rows=2609129 loops=1)
              ->  Hash  (cost=67604.59..67604.59 rows=7437 width=4) (actual time=913.502..913.502 rows=2467 loops=1)
                    Buckets: 8192  Batches: 1  Memory Usage: 151kB
                    ->  Seq Scan on title t  (cost=0.00..67604.59 rows=7437 width=4) (actual time=0.215..912.238 rows=2467 loops=1)
                          Filter: (production_year = 1935)
                          Rows Removed by Filter: 2525845
Planning time: 1.242 ms
Execution time: 3905.247 ms
