Hash Join  (cost=450533.43..528855.04 rows=237309 width=0) (actual time=7978.543..9828.588 rows=609090 loops=1)
  Hash Cond: (mc.movie_id = t.id)
  ->  Seq Scan on movie_companies mc  (cost=0.00..44881.29 rows=2609129 width=4) (actual time=0.019..895.987 rows=2609129 loops=1)
  ->  Hash  (cost=446759.71..446759.71 rows=229978 width=8) (actual time=7672.005..7672.005 rows=252310 loops=1)
        Buckets: 131072  Batches: 4  Memory Usage: 3492kB
        ->  Hash Join  (cost=81055.23..446759.71 rows=229978 width=8) (actual time=3786.757..7602.810 rows=252310 loops=1)
              Hash Cond: (mi.movie_id = t.id)
              ->  Seq Scan on movie_info mi  (cost=0.00..346232.03 rows=1338312 width=4) (actual time=2488.712..5636.022 rows=1401902 loops=1)
                    Filter: (info_type_id = 7)
                    Rows Removed by Filter: 13433818
              ->  Hash  (cost=73925.90..73925.90 rows=434506 width=4) (actual time=1296.986..1296.986 rows=315167 loops=1)
                    Buckets: 131072  Batches: 8  Memory Usage: 2403kB
                    ->  Seq Scan on title t  (cost=0.00..73925.90 rows=434506 width=4) (actual time=38.221..1190.687 rows=315167 loops=1)
                          Filter: ((production_year < 1991) AND (kind_id = 7))
                          Rows Removed by Filter: 2213145
Planning time: 1.113 ms
Execution time: 9905.008 ms
