Hash Join  (cost=58375.85..446292.07 rows=233 width=0) (actual time=968.280..8295.093 rows=6257 loops=1)
  Hash Cond: (mi.movie_id = t.id)
  ->  Seq Scan on movie_info mi  (cost=0.00..346232.03 rows=11115165 width=4) (actual time=0.023..5905.379 rows=11210743 loops=1)
        Filter: (info_type_id > 3)
        Rows Removed by Filter: 3624977
  ->  Hash  (cost=58375.18..58375.18 rows=53 width=8) (actual time=943.634..943.634 rows=114 loops=1)
        Buckets: 1024  Batches: 1  Memory Usage: 13kB
        ->  Nested Loop  (cost=0.43..58375.18 rows=53 width=8) (actual time=9.083..943.535 rows=114 loops=1)
              ->  Seq Scan on movie_companies mc  (cost=0.00..57926.93 rows=53 width=4) (actual time=9.003..938.880 rows=114 loops=1)
                    Filter: ((company_type_id > 1) AND (company_id = 14876))
                    Rows Removed by Filter: 2609015
              ->  Index Only Scan using title_pkey on title t  (cost=0.43..8.45 rows=1 width=4) (actual time=0.038..0.039 rows=1 loops=114)
                    Index Cond: (id = mc.movie_id)
                    Heap Fetches: 114
Planning time: 1.120 ms
Execution time: 8296.281 ms
