Hash Join  (cost=94666.80..154155.93 rows=55309 width=0) (actual time=1813.424..3291.246 rows=58341 loops=1)
  Hash Cond: (mc.movie_id = t.id)
  ->  Seq Scan on movie_companies mc  (cost=0.00..51404.11 rows=84785 width=4) (actual time=144.575..690.200 rows=84799 loops=1)
        Filter: (company_id > 166963)
        Rows Removed by Filter: 2524330
  ->  Hash  (cost=67604.59..67604.59 rows=1649457 width=4) (actual time=1667.969..1667.969 rows=1643514 loops=1)
        Buckets: 131072  Batches: 32  Memory Usage: 2831kB
        ->  Seq Scan on title t  (cost=0.00..67604.59 rows=1649457 width=4) (actual time=0.032..1150.178 rows=1643514 loops=1)
              Filter: (production_year > 1994)
              Rows Removed by Filter: 884798
Planning time: 1.425 ms
Execution time: 3298.768 ms
