Seq Scan on movie_keyword mk  (cost=0.00..81003.12 rows=1155470 width=0) (actual time=0.011..1514.804 rows=1159861 loops=1)
  Filter: (keyword_id < 1382)
  Rows Removed by Filter: 3364069
Planning time: 0.324 ms
Execution time: 1661.269 ms
