Hash Join  (cost=73982.55..421946.98 rows=824 width=0) (actual time=1615.741..6957.967 rows=394 loops=1)
  Hash Cond: (mi.movie_id = t.id)
  ->  Seq Scan on movie_info mi  (cost=0.00..346232.03 rows=459776 width=4) (actual time=315.968..5656.831 rows=526764 loops=1)
        Filter: (info_type_id > 102)
        Rows Removed by Filter: 14308956
  ->  Hash  (cost=73925.90..73925.90 rows=4532 width=4) (actual time=1200.691..1200.691 rows=14325 loops=1)
        Buckets: 16384 (originally 8192)  Batches: 1 (originally 1)  Memory Usage: 632kB
        ->  Seq Scan on title t  (cost=0.00..73925.90 rows=4532 width=4) (actual time=81.893..1193.437 rows=14325 loops=1)
              Filter: ((kind_id = 7) AND (production_year = 1991))
              Rows Removed by Filter: 2513987
Planning time: 2.034 ms
Execution time: 6958.219 ms
