Hash Join  (cost=68257.79..122233.13 rows=13430 width=0) (actual time=1010.851..2174.107 rows=11581 loops=1)
  Hash Cond: (mc.movie_id = t.id)
  ->  Seq Scan on movie_companies mc  (cost=0.00..51404.11 rows=649848 width=4) (actual time=0.024..968.204 rows=654767 loops=1)
        Filter: (company_id > 53687)
        Rows Removed by Filter: 1954362
  ->  Hash  (cost=67604.59..67604.59 rows=52256 width=4) (actual time=1010.355..1010.355 rows=53013 loops=1)
        Buckets: 65536  Batches: 1  Memory Usage: 2376kB
        ->  Seq Scan on title t  (cost=0.00..67604.59 rows=52256 width=4) (actual time=0.018..987.878 rows=53013 loops=1)
              Filter: (production_year = 2000)
              Rows Removed by Filter: 2475299
Planning time: 0.712 ms
Execution time: 2176.202 ms
