Hash Join  (cost=162075.57..519719.76 rows=43906 width=0) (actual time=2956.803..9052.744 rows=142638 loops=1)
  Hash Cond: (mi.movie_id = t.id)
  ->  Seq Scan on movie_info mi  (cost=0.00..346232.03 rows=2194617 width=4) (actual time=0.011..5620.691 rows=2233850 loops=1)
        Filter: (info_type_id > 16)
        Rows Removed by Filter: 12601870
  ->  Hash  (cost=161443.24..161443.24 rows=50587 width=8) (actual time=2956.374..2956.374 rows=35034 loops=1)
        Buckets: 65536  Batches: 1  Memory Usage: 1881kB
        ->  Hash Join  (cost=74279.33..161443.24 rows=50587 width=8) (actual time=2034.890..2944.792 rows=35034 loops=1)
              Hash Cond: (mk.movie_id = t.id)
              ->  Seq Scan on movie_keyword mk  (cost=0.00..69693.30 rows=4523930 width=4) (actual time=0.019..1014.691 rows=4523930 loops=1)
              ->  Hash  (cost=73925.90..73925.90 rows=28274 width=4) (actual time=1045.560..1045.560 rows=25769 loops=1)
                    Buckets: 32768  Batches: 1  Memory Usage: 1162kB
                    ->  Seq Scan on title t  (cost=0.00..73925.90 rows=28274 width=4) (actual time=6.444..1034.659 rows=25769 loops=1)
                          Filter: ((production_year > 2007) AND (kind_id = 2))
                          Rows Removed by Filter: 2502543
Planning time: 1.141 ms
Execution time: 9071.540 ms
