Hash Join  (cost=83074.74..109963.59 rows=44 width=0) (actual time=1199.405..1712.094 rows=13 loops=1)
  Hash Cond: (mi_idx.movie_id = t.id)
  ->  Seq Scan on movie_info_idx mi_idx  (cost=0.00..25185.44 rows=454124 width=4) (actual time=0.015..466.949 rows=459925 loops=1)
        Filter: (info_type_id = 100)
        Rows Removed by Filter: 920110
  ->  Hash  (cost=83071.67..83071.67 rows=246 width=8) (actual time=1186.725..1186.725 rows=21 loops=1)
        Buckets: 1024  Batches: 1  Memory Usage: 9kB
        ->  Nested Loop  (cost=0.43..83071.67 rows=246 width=8) (actual time=44.920..1186.692 rows=21 loops=1)
              ->  Seq Scan on movie_keyword mk  (cost=0.00..81003.12 rows=246 width=4) (actual time=44.828..1185.601 rows=21 loops=1)
                    Filter: (keyword_id = 32129)
                    Rows Removed by Filter: 4523909
              ->  Index Only Scan using title_pkey on title t  (cost=0.43..8.40 rows=1 width=4) (actual time=0.044..0.045 rows=1 loops=21)
                    Index Cond: (id = mk.movie_id)
                    Heap Fetches: 21
Planning time: 1.135 ms
Execution time: 1712.204 ms
