Nested Loop  (cost=0.43..83072.90 rows=127 width=0) (actual time=41.892..1227.104 rows=276 loops=1)
  ->  Seq Scan on movie_keyword mk  (cost=0.00..81003.12 rows=246 width=4) (actual time=1.080..1202.114 rows=853 loops=1)
        Filter: (keyword_id = 8712)
        Rows Removed by Filter: 4523077
  ->  Index Scan using title_pkey on title t  (cost=0.43..8.40 rows=1 width=4) (actual time=0.028..0.028 rows=0 loops=853)
        Index Cond: (id = mk.movie_id)
        Filter: ((kind_id > 1) AND (production_year > 1989))
        Rows Removed by Filter: 1
Planning time: 0.554 ms
Execution time: 1227.338 ms
