Hash Join  (cost=102767.86..1601682.90 rows=32562209 width=0) (actual time=1934.591..45158.001 rows=32558340 loops=1)
  Hash Cond: (ci.movie_id = t.id)
  ->  Seq Scan on cast_info ci  (cost=0.00..705507.15 rows=32562209 width=4) (actual time=0.021..16836.960 rows=32558340 loops=1)
        Filter: (person_id < 3392021)
        Rows Removed by Filter: 3686004
  ->  Hash  (cost=61283.27..61283.27 rows=2528527 width=4) (actual time=1932.744..1932.744 rows=2528312 loops=1)
        Buckets: 131072  Batches: 64  Memory Usage: 2415kB
        ->  Seq Scan on title t  (cost=0.00..61283.27 rows=2528527 width=4) (actual time=0.016..1111.890 rows=2528312 loops=1)
Planning time: 0.699 ms
Execution time: 49001.820 ms
