Hash Join  (cost=199053.78..344046.76 rows=1366737 width=0) (actual time=4471.241..9624.192 rows=7116423 loops=1)
  Hash Cond: (mk.movie_id = t.id)
  ->  Seq Scan on movie_keyword mk  (cost=0.00..81003.12 rows=4064929 width=4) (actual time=0.091..1708.852 rows=4068337 loops=1)
        Filter: (keyword_id < 38908)
        Rows Removed by Filter: 455593
  ->  Hash  (cost=185105.80..185105.80 rows=850158 width=8) (actual time=4466.408..4466.408 rows=879198 loops=1)
        Buckets: 131072  Batches: 16  Memory Usage: 3208kB
        ->  Hash Join  (cost=104131.46..185105.80 rows=850158 width=8) (actual time=2071.435..4197.520 rows=879198 loops=1)
              Hash Cond: (mc.movie_id = t.id)
              ->  Seq Scan on movie_companies mc  (cost=0.00..51404.11 rows=965530 width=4) (actual time=0.019..923.335 rows=975828 loops=1)
                    Filter: (company_id > 17497)
                    Rows Removed by Filter: 1633301
              ->  Hash  (cost=67604.59..67604.59 rows=2226390 width=4) (actual time=2070.447..2070.447 rows=2224569 loops=1)
                    Buckets: 131072  Batches: 32  Memory Usage: 3463kB
                    ->  Seq Scan on title t  (cost=0.00..67604.59 rows=2226390 width=4) (actual time=0.012..1360.205 rows=2224569 loops=1)
                          Filter: (production_year < 2012)
                          Rows Removed by Filter: 303743
Planning time: 1.166 ms
Execution time: 10414.865 ms
