Seq Scan on movie_keyword mk  (cost=0.00..81003.12 rows=246 width=0) (actual time=16.424..1243.436 rows=749 loops=1)
  Filter: (keyword_id = 10161)
  Rows Removed by Filter: 4523181
Planning time: 0.378 ms
Execution time: 1243.840 ms
