Hash Join  (cost=96223.51..245948.31 rows=2012325 width=0) (actual time=2136.614..5709.413 rows=522748 loops=1)
  Hash Cond: (mk.movie_id = t.id)
  ->  Seq Scan on movie_keyword mk  (cost=0.00..81003.12 rows=3743847 width=4) (actual time=0.011..1731.006 rows=3739494 loops=1)
        Filter: (keyword_id > 748)
        Rows Removed by Filter: 784436
  ->  Hash  (cost=73925.90..73925.90 rows=1359088 width=4) (actual time=2047.362..2047.362 rows=1438695 loops=1)
        Buckets: 131072  Batches: 32  Memory Usage: 2613kB
        ->  Seq Scan on title t  (cost=0.00..73925.90 rows=1359088 width=4) (actual time=285.905..1554.386 rows=1438695 loops=1)
              Filter: ((production_year > 1958) AND (kind_id = 7))
              Rows Removed by Filter: 1089617
Planning time: 0.684 ms
Execution time: 5765.182 ms
