Hash Join  (cost=210454.40..294090.00 rows=622807 width=0) (actual time=3936.268..6061.812 rows=290584 loops=1)
  Hash Cond: (mc.movie_id = t.id)
  ->  Seq Scan on movie_companies mc  (cost=0.00..44881.29 rows=2609129 width=4) (actual time=0.014..910.786 rows=2609129 loops=1)
  ->  Hash  (cost=200551.82..200551.82 rows=603567 width=8) (actual time=3934.749..3934.749 rows=129874 loops=1)
        Buckets: 131072  Batches: 8  Memory Usage: 1656kB
        ->  Hash Join  (cost=94574.69..200551.82 rows=603567 width=8) (actual time=2545.324..3898.841 rows=129874 loops=1)
              Hash Cond: (mk.movie_id = t.id)
              ->  Seq Scan on movie_keyword mk  (cost=0.00..81003.12 rows=1212621 width=4) (actual time=0.028..1454.379 rows=1216095 loops=1)
                    Filter: (keyword_id < 1532)
                    Rows Removed by Filter: 3307835
              ->  Hash  (cost=73925.90..73925.90 rows=1258543 width=4) (actual time=1686.683..1686.683 rows=1221534 loops=1)
                    Buckets: 131072  Batches: 32  Memory Usage: 2369kB
                    ->  Seq Scan on title t  (cost=0.00..73925.90 rows=1258543 width=4) (actual time=0.022..1277.025 rows=1221534 loops=1)
                          Filter: ((production_year < 2011) AND (kind_id = 7))
                          Rows Removed by Filter: 1306778
Planning time: 1.757 ms
Execution time: 6098.361 ms
