Seq Scan on movie_keyword mk  (cost=0.00..81003.12 rows=3786982 width=0) (actual time=0.018..1121.801 rows=3779121 loops=1)
  Filter: (keyword_id < 25187)
  Rows Removed by Filter: 744809
Planning time: 0.310 ms
Execution time: 1509.814 ms
