Seq Scan on movie_companies mc  (cost=0.00..51404.11 rows=1002837 width=0) (actual time=0.020..920.812 rows=1004852 loops=1)
  Filter: (company_id < 4803)
  Rows Removed by Filter: 1604277
Planning time: 0.307 ms
Execution time: 1046.805 ms
