Hash Join  (cost=74213.78..129116.94 rows=23764 width=0) (actual time=1101.682..2639.203 rows=163305 loops=1)
  Hash Cond: (mc.movie_id = t.id)
  ->  Seq Scan on movie_companies mc  (cost=0.00..44881.29 rows=2609129 width=4) (actual time=0.010..708.010 rows=2609129 loops=1)
  ->  Hash  (cost=73925.90..73925.90 rows=23030 width=4) (actual time=1101.469..1101.469 rows=85258 loops=1)
        Buckets: 131072 (originally 32768)  Batches: 1 (originally 1)  Memory Usage: 4022kB
        ->  Seq Scan on title t  (cost=0.00..73925.90 rows=23030 width=4) (actual time=233.564..1067.969 rows=85258 loops=1)
              Filter: ((production_year < 1920) AND (kind_id = 1))
              Rows Removed by Filter: 2443054
Planning time: 0.749 ms
Execution time: 2661.693 ms
