Hash Join  (cost=196851.33..685357.70 rows=815345 width=0) (actual time=3953.681..16885.616 rows=8692665 loops=1)
  Hash Cond: (mi.movie_id = t.id)
  ->  Seq Scan on movie_info mi  (cost=0.00..309384.22 rows=14739122 width=4) (actual time=0.018..5829.955 rows=14835720 loops=1)
  ->  Hash  (cost=194555.91..194555.91 rows=139874 width=8) (actual time=3952.818..3952.818 rows=145479 loops=1)
        Buckets: 131072  Batches: 2  Memory Usage: 3884kB
        ->  Hash Join  (cost=69179.59..194555.91 rows=139874 width=8) (actual time=1062.405..3902.446 rows=145479 loops=1)
              Hash Cond: (mk.movie_id = t.id)
              ->  Seq Scan on movie_keyword mk  (cost=0.00..81003.12 rows=3684121 width=4) (actual time=0.017..1715.970 rows=3677636 loops=1)
                    Filter: (keyword_id < 21710)
                    Rows Removed by Filter: 846294
              ->  Hash  (cost=67604.59..67604.59 rows=96000 width=4) (actual time=1061.428..1061.428 rows=95005 loops=1)
                    Buckets: 131072  Batches: 2  Memory Usage: 2722kB
                    ->  Seq Scan on title t  (cost=0.00..67604.59 rows=96000 width=4) (actual time=0.026..1023.548 rows=95005 loops=1)
                          Filter: (production_year = 2005)
                          Rows Removed by Filter: 2433307
Planning time: 1.030 ms
Execution time: 17909.524 ms
