Hash Join  (cost=489937.46..1663408.90 rows=11336970 width=0) (actual time=7758.915..39747.706 rows=270986 loops=1)
  Hash Cond: (ci.movie_id = t.id)
  ->  Seq Scan on cast_info ci  (cost=0.00..705507.15 rows=30348434 width=4) (actual time=0.016..15902.208 rows=30455234 loops=1)
        Filter: (person_id > 560780)
        Rows Removed by Filter: 5789110
  ->  Hash  (cost=474440.50..474440.50 rows=944557 width=8) (actual time=7757.137..7757.137 rows=14340 loops=1)
        Buckets: 131072  Batches: 16  Memory Usage: 1059kB
        ->  Hash Join  (cost=92883.59..474440.50 rows=944557 width=8) (actual time=3849.186..7751.287 rows=14340 loops=1)
              Hash Cond: (mi.movie_id = t.id)
              ->  Seq Scan on movie_info mi  (cost=0.00..346232.03 rows=1550064 width=4) (actual time=2114.082..5072.959 rows=1533909 loops=1)
                    Filter: (info_type_id = 3)
                    Rows Removed by Filter: 13301811
              ->  Hash  (cost=67604.59..67604.59 rows=1540800 width=4) (actual time=1732.450..1732.450 rows=1543264 loops=1)
                    Buckets: 131072  Batches: 32  Memory Usage: 2728kB
                    ->  Seq Scan on title t  (cost=0.00..67604.59 rows=1540800 width=4) (actual time=0.027..1185.941 rows=1543264 loops=1)
                          Filter: (kind_id = 7)
                          Rows Removed by Filter: 985048
Planning time: 2.068 ms
Execution time: 39786.591 ms
