Hash Join  (cost=102767.86..956282.95 rows=5740427 width=0) (actual time=2792.886..19106.769 rows=5656532 loops=1)
  Hash Cond: (ci.movie_id = t.id)
  ->  Seq Scan on cast_info ci  (cost=0.00..705507.15 rows=5740427 width=4) (actual time=932.497..12282.710 rows=5656532 loops=1)
        Filter: (person_id < 547315)
        Rows Removed by Filter: 30587812
  ->  Hash  (cost=61283.27..61283.27 rows=2528527 width=4) (actual time=1832.130..1832.130 rows=2528312 loops=1)
        Buckets: 131072  Batches: 64  Memory Usage: 2415kB
        ->  Seq Scan on title t  (cost=0.00..61283.27 rows=2528527 width=4) (actual time=0.023..996.843 rows=2528312 loops=1)
Planning time: 0.770 ms
Execution time: 19790.267 ms
