Seq Scan on movie_companies mc  (cost=0.00..57926.93 rows=1263848 width=0) (actual time=340.876..1167.650 rows=1274246 loops=1)
  Filter: ((company_id < 207129) AND (company_type_id < 2))
  Rows Removed by Filter: 1334883
Planning time: 0.298 ms
Execution time: 1324.146 ms
