Seq Scan on movie_keyword mk  (cost=0.00..81003.12 rows=246 width=0) (actual time=8.494..1260.049 rows=278 loops=1)
  Filter: (keyword_id = 3373)
  Rows Removed by Filter: 4523652
Planning time: 0.352 ms
Execution time: 1260.299 ms
