Hash Join  (cost=202262.86..698936.69 rows=737199 width=0) (actual time=4185.609..15510.322 rows=977958 loops=1)
  Hash Cond: (mi.movie_id = t.id)
  ->  Seq Scan on movie_info mi  (cost=0.00..346232.03 rows=11115165 width=4) (actual time=0.014..6795.255 rows=11210743 loops=1)
        Filter: (info_type_id > 3)
        Rows Removed by Filter: 3624977
  ->  Hash  (cost=199510.60..199510.60 rows=167701 width=8) (actual time=4184.353..4184.353 rows=87088 loops=1)
        Buckets: 131072  Batches: 4  Memory Usage: 1826kB
        ->  Hash Join  (cost=75464.55..199510.60 rows=167701 width=8) (actual time=1430.364..4154.260 rows=87088 loops=1)
              Hash Cond: (mk.movie_id = t.id)
              ->  Seq Scan on movie_keyword mk  (cost=0.00..69693.30 rows=4523930 width=4) (actual time=0.014..1371.202 rows=4523930 loops=1)
              ->  Hash  (cost=73925.90..73925.90 rows=93732 width=4) (actual time=1429.387..1429.387 rows=100592 loops=1)
                    Buckets: 131072  Batches: 2  Memory Usage: 2797kB
                    ->  Seq Scan on title t  (cost=0.00..73925.90 rows=93732 width=4) (actual time=0.025..1132.616 rows=100592 loops=1)
                          Filter: ((kind_id > 1) AND (production_year = 2009))
                          Rows Removed by Filter: 2427720
Planning time: 1.141 ms
Execution time: 15629.851 ms
