Hash Join  (cost=365418.15..1566431.18 rows=20110432 width=0) (actual time=8535.060..54246.652 rows=90079341 loops=1)
  Hash Cond: (ci.movie_id = t.id)
  ->  Seq Scan on cast_info ci  (cost=0.00..796071.18 rows=11240176 width=4) (actual time=0.014..15813.375 rows=14992256 loops=1)
        Filter: ((person_id < 2032808) AND (role_id < 3))
        Rows Removed by Filter: 21252088
  ->  Hash  (cost=291197.02..291197.02 rows=4523930 width=8) (actual time=8533.924..8533.924 rows=4523930 loops=1)
        Buckets: 131072  Batches: 64  Memory Usage: 3816kB
        ->  Hash Join  (cost=102767.86..291197.02 rows=4523930 width=8) (actual time=1965.205..7234.790 rows=4523930 loops=1)
              Hash Cond: (mk.movie_id = t.id)
              ->  Seq Scan on movie_keyword mk  (cost=0.00..69693.30 rows=4523930 width=4) (actual time=0.020..1418.621 rows=4523930 loops=1)
              ->  Hash  (cost=61283.27..61283.27 rows=2528527 width=4) (actual time=1962.990..1962.990 rows=2528312 loops=1)
                    Buckets: 131072  Batches: 64  Memory Usage: 2425kB
                    ->  Seq Scan on title t  (cost=0.00..61283.27 rows=2528527 width=4) (actual time=0.023..1088.829 rows=2528312 loops=1)
Planning time: 1.860 ms
Execution time: 64509.449 ms
