Seq Scan on movie_companies mc  (cost=0.00..57926.93 rows=699614 width=0) (actual time=1.344..1039.335 rows=485579 loops=1)
  Filter: ((company_id > 10077) AND (company_type_id = 1))
  Rows Removed by Filter: 2123550
Planning time: 0.385 ms
Execution time: 1101.542 ms
