Hash Join  (cost=70135.59..559535.38 rows=899086 width=0) (actual time=1134.118..13837.891 rows=1839492 loops=1)
  Hash Cond: (mi.movie_id = t.id)
  ->  Seq Scan on movie_info mi  (cost=0.00..309384.22 rows=14739122 width=4) (actual time=0.024..6227.631 rows=14835720 loops=1)
  ->  Hash  (cost=67604.59..67604.59 rows=154240 width=4) (actual time=1130.128..1130.128 rows=157497 loops=1)
        Buckets: 131072  Batches: 4  Memory Usage: 2411kB
        ->  Seq Scan on title t  (cost=0.00..67604.59 rows=154240 width=4) (actual time=8.020..1076.247 rows=157497 loops=1)
              Filter: (production_year < 1948)
              Rows Removed by Filter: 2370815
Planning time: 0.840 ms
Execution time: 14068.954 ms
