Hash Join  (cost=846980.45..1433803.95 rows=1396206 width=0) (actual time=19533.649..34543.404 rows=7811583 loops=1)
  Hash Cond: (mi.movie_id = t.id)
  ->  Seq Scan on movie_info mi  (cost=0.00..309384.22 rows=14739122 width=4) (actual time=0.014..5842.006 rows=14835720 loops=1)
  ->  Hash  (cost=843050.43..843050.43 rows=239522 width=8) (actual time=19380.519..19380.519 rows=302287 loops=1)
        Buckets: 131072  Batches: 4  Memory Usage: 3955kB
        ->  Hash Join  (cost=74393.18..843050.43 rows=239522 width=8) (actual time=1230.488..18703.885 rows=302287 loops=1)
              Hash Cond: (ci.movie_id = t.id)
              ->  Seq Scan on cast_info ci  (cost=0.00..705507.15 rows=16201301 width=4) (actual time=0.028..13593.060 rows=16121683 loops=1)
                    Filter: (role_id > 2)
                    Rows Removed by Filter: 20122661
              ->  Hash  (cost=73925.90..73925.90 rows=37382 width=4) (actual time=1230.006..1230.006 rows=33190 loops=1)
                    Buckets: 65536  Batches: 1  Memory Usage: 1679kB
                    ->  Seq Scan on title t  (cost=0.00..73925.90 rows=37382 width=4) (actual time=709.089..1208.795 rows=33190 loops=1)
                          Filter: ((kind_id = 1) AND (production_year = 2010))
                          Rows Removed by Filter: 2495122
Planning time: 1.135 ms
Execution time: 35307.357 ms
