Hash Join  (cost=155946.67..506957.66 rows=716 width=0) (actual time=7141.703..8043.307 rows=13 loops=1)
  Hash Cond: (mi.movie_id = t.id)
  ->  Seq Scan on movie_info mi  (cost=0.00..346232.03 rows=1272478 width=4) (actual time=4406.559..5410.763 rows=1325361 loops=1)
        Filter: (info_type_id = 8)
        Rows Removed by Filter: 13510359
  ->  Hash  (cost=155928.87..155928.87 rows=1424 width=8) (actual time=2511.015..2511.015 rows=13 loops=1)
        Buckets: 2048  Batches: 1  Memory Usage: 17kB
        ->  Hash Join  (cost=74690.97..155928.87 rows=1424 width=8) (actual time=1201.067..2510.948 rows=13 loops=1)
              Hash Cond: (mk.movie_id = t.id)
              ->  Seq Scan on movie_keyword mk  (cost=0.00..81003.12 rows=58811 width=4) (actual time=0.058..1300.478 rows=58448 loops=1)
                    Filter: (keyword_id = 16264)
                    Rows Removed by Filter: 4465482
              ->  Hash  (cost=73925.90..73925.90 rows=61205 width=4) (actual time=1186.307..1186.307 rows=61581 loops=1)
                    Buckets: 65536  Batches: 1  Memory Usage: 2677kB
                    ->  Seq Scan on title t  (cost=0.00..73925.90 rows=61205 width=4) (actual time=437.071..1161.902 rows=61581 loops=1)
                          Filter: ((production_year > 2011) AND (kind_id = 1))
                          Rows Removed by Filter: 2466731
Planning time: 1.166 ms
Execution time: 8043.516 ms
