Hash Join  (cost=73994.33..128716.33 rows=5648 width=0) (actual time=1344.006..2534.325 rows=10222 loops=1)
  Hash Cond: (mc.movie_id = t.id)
  ->  Seq Scan on movie_companies mc  (cost=0.00..44881.29 rows=2609129 width=4) (actual time=0.024..633.206 rows=2609129 loops=1)
  ->  Hash  (cost=73925.90..73925.90 rows=5474 width=4) (actual time=1343.850..1343.850 rows=10047 loops=1)
        Buckets: 16384 (originally 8192)  Batches: 1 (originally 1)  Memory Usage: 482kB
        ->  Seq Scan on title t  (cost=0.00..73925.90 rows=5474 width=4) (actual time=0.056..1338.794 rows=10047 loops=1)
              Filter: ((kind_id > 1) AND (production_year = 1969))
              Rows Removed by Filter: 2518265
Planning time: 3.336 ms
Execution time: 2536.166 ms
