Hash Join  (cost=83810.17..177479.62 rows=969823 width=0) (actual time=1446.842..4561.405 rows=1766038 loops=1)
  Hash Cond: (mc.movie_id = t.id)
  ->  Seq Scan on movie_companies mc  (cost=0.00..51404.11 rows=2482694 width=4) (actual time=0.028..1210.109 rows=2483346 loops=1)
        Filter: (company_id < 143375)
        Rows Removed by Filter: 125783
  ->  Hash  (cost=67604.59..67604.59 rows=987727 width=4) (actual time=1445.907..1445.907 rows=985048 loops=1)
        Buckets: 131072  Batches: 16  Memory Usage: 3188kB
        ->  Seq Scan on title t  (cost=0.00..67604.59 rows=987727 width=4) (actual time=0.026..1143.931 rows=985048 loops=1)
              Filter: (kind_id < 7)
              Rows Removed by Filter: 1543264
Planning time: 0.744 ms
Execution time: 4779.042 ms
