Hash Join  (cost=845628.01..1057855.03 rows=1371612 width=0) (actual time=23558.860..27581.409 rows=4374324 loops=1)
  Hash Cond: (mk.movie_id = t.id)
  ->  Seq Scan on movie_keyword mk  (cost=0.00..69693.30 rows=4523930 width=4) (actual time=0.012..1321.304 rows=4523930 loops=1)
  ->  Hash  (cost=833050.20..833050.20 rows=766625 width=8) (actual time=23171.933..23171.933 rows=895247 loops=1)
        Buckets: 131072  Batches: 16  Memory Usage: 3158kB
        ->  Hash Join  (cost=74594.78..833050.20 rows=766625 width=8) (actual time=1309.135..22231.295 rows=895247 loops=1)
              Hash Cond: (ci.movie_id = t.id)
              ->  Seq Scan on cast_info ci  (cost=0.00..614943.12 rows=36225612 width=4) (actual time=0.026..9762.294 rows=36244344 loops=1)
              ->  Hash  (cost=73925.90..73925.90 rows=53510 width=4) (actual time=1308.776..1308.776 rows=40884 loops=1)
                    Buckets: 65536  Batches: 1  Memory Usage: 1950kB
                    ->  Seq Scan on title t  (cost=0.00..73925.90 rows=53510 width=4) (actual time=410.014..1292.578 rows=40884 loops=1)
                          Filter: ((production_year > 2001) AND (kind_id = 3))
                          Rows Removed by Filter: 2487428
Planning time: 1.122 ms
Execution time: 28117.771 ms
