Hash Join  (cost=102767.86..300621.64 rows=4445579 width=0) (actual time=2579.714..7799.556 rows=4442397 loops=1)
  Hash Cond: (mk.movie_id = t.id)
  ->  Seq Scan on movie_keyword mk  (cost=0.00..81003.12 rows=4445579 width=4) (actual time=0.031..1796.765 rows=4442397 loops=1)
        Filter: (keyword_id > 70)
        Rows Removed by Filter: 81533
  ->  Hash  (cost=61283.27..61283.27 rows=2528527 width=4) (actual time=2578.035..2578.035 rows=2528312 loops=1)
        Buckets: 131072  Batches: 64  Memory Usage: 2425kB
        ->  Seq Scan on title t  (cost=0.00..61283.27 rows=2528527 width=4) (actual time=0.018..1039.178 rows=2528312 loops=1)
Planning time: 0.896 ms
Execution time: 8301.501 ms
