Hash Join  (cost=192066.73..1271266.67 rows=4419179 width=0) (actual time=4660.427..41949.588 rows=15845047 loops=1)
  Hash Cond: (ci.movie_id = t.id)
  ->  Seq Scan on cast_info ci  (cost=0.00..614943.12 rows=36225612 width=4) (actual time=0.015..13303.075 rows=36244344 loops=1)
  ->  Hash  (cost=187006.03..187006.03 rows=308456 width=8) (actual time=4658.444..4658.444 rows=477455 loops=1)
        Buckets: 131072  Batches: 8  Memory Usage: 3379kB
        ->  Hash Join  (cost=72707.20..187006.03 rows=308456 width=8) (actual time=1238.267..4533.609 rows=477455 loops=1)
              Hash Cond: (mk.movie_id = t.id)
              ->  Seq Scan on movie_keyword mk  (cost=0.00..81003.12 rows=2507772 width=4) (actual time=0.020..1556.485 rows=2502815 loops=1)
                    Filter: (keyword_id > 3617)
                    Rows Removed by Filter: 2021115
              ->  Hash  (cost=67604.59..67604.59 rows=311009 width=4) (actual time=1236.190..1236.190 rows=309534 loops=1)
                    Buckets: 131072  Batches: 8  Memory Usage: 2384kB
                    ->  Seq Scan on title t  (cost=0.00..67604.59 rows=311009 width=4) (actual time=0.021..1126.792 rows=309534 loops=1)
                          Filter: (production_year < 1966)
                          Rows Removed by Filter: 2218778
Planning time: 1.162 ms
Execution time: 43736.910 ms
