Hash Join  (cost=171541.27..1011772.82 rows=186723 width=0) (actual time=3496.111..19061.936 rows=68696 loops=1)
  Hash Cond: (ci.movie_id = t.id)
  ->  Seq Scan on cast_info ci  (cost=0.00..796071.18 rows=8458627 width=4) (actual time=0.019..14466.545 rows=5059023 loops=1)
        Filter: ((person_id < 1874941) AND (role_id > 2))
        Rows Removed by Filter: 31185321
  ->  Hash  (cost=170843.56..170843.56 rows=55817 width=8) (actual time=3492.965..3492.965 rows=11556 loops=1)
        Buckets: 65536  Batches: 1  Memory Usage: 964kB
        ->  Hash Join  (cost=74369.53..170843.56 rows=55817 width=8) (actual time=2904.174..3488.405 rows=11556 loops=1)
              Hash Cond: (mk.movie_id = t.id)
              ->  Seq Scan on movie_keyword mk  (cost=0.00..81003.12 rows=3976730 width=4) (actual time=0.030..1670.333 rows=3976424 loops=1)
                    Filter: (keyword_id > 393)
                    Rows Removed by Filter: 547506
              ->  Hash  (cost=73925.90..73925.90 rows=35490 width=4) (actual time=1172.130..1172.130 rows=39698 loops=1)
                    Buckets: 65536  Batches: 1  Memory Usage: 1908kB
                    ->  Seq Scan on title t  (cost=0.00..73925.90 rows=35490 width=4) (actual time=84.862..1155.348 rows=39698 loops=1)
                          Filter: ((kind_id = 7) AND (production_year = 2001))
                          Rows Removed by Filter: 2488614
Planning time: 1.247 ms
Execution time: 19071.591 ms
