Seq Scan on movie_companies mc  (cost=0.00..57926.93 rows=998102 width=0) (actual time=0.010..1217.159 rows=856810 loops=1)
  Filter: ((company_id > 607) AND (company_type_id < 2))
  Rows Removed by Filter: 1752319
Planning time: 0.226 ms
Execution time: 1325.376 ms
