Seq Scan on cast_info ci  (cost=0.00..796071.18 rows=9639629 width=0) (actual time=3754.928..14389.043 rows=15024638 loops=1)
  Filter: ((person_id > 2144943) AND (role_id > 1))
  Rows Removed by Filter: 21219706
Planning time: 0.348 ms
Execution time: 16230.302 ms
