Hash Join  (cost=81530.55..1107621.88 rows=5100834 width=0) (actual time=2301.329..24917.041 rows=3925064 loops=1)
  Hash Cond: (ci.movie_id = t.id)
  ->  Seq Scan on cast_info ci  (cost=0.00..796071.18 rows=15195148 width=4) (actual time=889.261..16161.691 rows=13523788 loops=1)
        Filter: ((person_id > 1309319) AND (role_id < 4))
        Rows Removed by Filter: 22720556
  ->  Hash  (cost=67604.59..67604.59 rows=848797 width=4) (actual time=1410.904..1410.904 rows=849141 loops=1)
        Buckets: 131072  Batches: 16  Memory Usage: 2892kB
        ->  Seq Scan on title t  (cost=0.00..67604.59 rows=848797 width=4) (actual time=0.026..1147.584 rows=849141 loops=1)
              Filter: (production_year < 1996)
              Rows Removed by Filter: 1679171
Planning time: 0.861 ms
Execution time: 25340.084 ms
