Hash Join  (cost=131232.64..202188.03 rows=174978 width=0) (actual time=2757.733..4742.461 rows=839075 loops=1)
  Hash Cond: (mc.movie_id = t.id)
  ->  Seq Scan on movie_companies mc  (cost=0.00..51404.11 rows=1435332 width=4) (actual time=0.016..1110.849 rows=1426444 loops=1)
        Filter: (company_id < 12591)
        Rows Removed by Filter: 1182685
  ->  Hash  (cost=126174.56..126174.56 rows=308247 width=8) (actual time=2756.896..2756.896 rows=484623 loops=1)
        Buckets: 131072  Batches: 8  Memory Usage: 3400kB
        ->  Hash Join  (cost=83192.60..126174.56 rows=308247 width=8) (actual time=1391.041..2632.461 rows=484623 loops=1)
              Hash Cond: (mi_idx.movie_id = t.id)
              ->  Seq Scan on movie_info_idx mi_idx  (cost=0.00..21735.35 rows=1380035 width=4) (actual time=0.016..500.316 rows=1380035 loops=1)
              ->  Hash  (cost=73925.90..73925.90 rows=564776 width=4) (actual time=1390.290..1390.290 rows=442767 loops=1)
                    Buckets: 131072  Batches: 8  Memory Usage: 2984kB
                    ->  Seq Scan on title t  (cost=0.00..73925.90 rows=564776 width=4) (actual time=0.016..1249.606 rows=442767 loops=1)
                          Filter: ((production_year > 1966) AND (kind_id = 1))
                          Rows Removed by Filter: 2085545
Planning time: 1.145 ms
Execution time: 4832.992 ms
