Hash Join  (cost=78556.72..133520.58 rows=17672 width=0) (actual time=1470.124..2267.200 rows=2401 loops=1)
  Hash Cond: (mc.movie_id = t.id)
  ->  Seq Scan on movie_companies mc  (cost=0.00..51404.11 rows=66938 width=4) (actual time=0.368..846.473 rows=69928 loops=1)
        Filter: (company_id < 11)
        Rows Removed by Filter: 2539201
  ->  Hash  (cost=67604.59..67604.59 rows=667531 width=4) (actual time=1278.326..1278.326 rows=662825 loops=1)
        Buckets: 131072  Batches: 16  Memory Usage: 2476kB
        ->  Seq Scan on title t  (cost=0.00..67604.59 rows=667531 width=4) (actual time=39.100..1082.506 rows=662825 loops=1)
              Filter: (kind_id < 2)
              Rows Removed by Filter: 1865487
Planning time: 0.749 ms
Execution time: 2267.638 ms
