Hash Join  (cost=222930.22..1040328.46 rows=2422565 width=0) (actual time=7586.496..21719.598 rows=1350270 loops=1)
  Hash Cond: (ci.movie_id = t.id)
  ->  Seq Scan on cast_info ci  (cost=0.00..705507.15 rows=7298253 width=4) (actual time=3061.204..13756.239 rows=7451973 loops=1)
        Filter: (role_id = 2)
        Rows Removed by Filter: 28792371
  ->  Hash  (cost=209159.81..209159.81 rows=839313 width=8) (actual time=4524.386..4524.386 rows=206985 loops=1)
        Buckets: 131072  Batches: 16  Memory Usage: 1537kB
        ->  Hash Join  (cost=88257.79..209159.81 rows=839313 width=8) (actual time=1672.845..4472.210 rows=206985 loops=1)
              Hash Cond: (mk.movie_id = t.id)
              ->  Seq Scan on movie_keyword mk  (cost=0.00..81003.12 rows=2429536 width=4) (actual time=0.033..1639.942 rows=2431753 loops=1)
                    Filter: (keyword_id < 5765)
                    Rows Removed by Filter: 2092177
              ->  Hash  (cost=73925.90..73925.90 rows=873511 width=4) (actual time=1671.838..1671.838 rows=957299 loops=1)
                    Buckets: 131072  Batches: 16  Memory Usage: 3140kB
                    ->  Seq Scan on title t  (cost=0.00..73925.90 rows=873511 width=4) (actual time=0.017..1369.972 rows=957299 loops=1)
                          Filter: ((production_year > 1999) AND (kind_id = 7))
                          Rows Removed by Filter: 1571013
Planning time: 0.985 ms
Execution time: 21870.733 ms
