Hash Join  (cost=709673.24..1074329.57 rows=41 width=0) (actual time=11634.954..18096.973 rows=24 loops=1)
  Hash Cond: (mi.movie_id = t.id)
  ->  Seq Scan on movie_info mi  (cost=0.00..309384.22 rows=14739122 width=4) (actual time=0.012..4427.608 rows=14835720 loops=1)
  ->  Hash  (cost=709673.15..709673.15 rows=7 width=8) (actual time=11033.283..11033.283 rows=14 loops=1)
        Buckets: 1024  Batches: 1  Memory Usage: 9kB
        ->  Nested Loop  (cost=0.43..709673.15 rows=7 width=8) (actual time=673.082..11033.234 rows=14 loops=1)
              ->  Seq Scan on cast_info ci  (cost=0.00..705507.15 rows=500 width=4) (actual time=672.399..11026.760 rows=385 loops=1)
                    Filter: (person_id = 2790297)
                    Rows Removed by Filter: 36243959
              ->  Index Scan using title_pkey on title t  (cost=0.43..8.32 rows=1 width=4) (actual time=0.016..0.016 rows=0 loops=385)
                    Index Cond: (id = ci.movie_id)
                    Filter: (production_year = 1996)
                    Rows Removed by Filter: 1
Planning time: 1.219 ms
Execution time: 18097.117 ms
