Hash Join  (cost=157171.43..521887.63 rows=6025 width=0) (actual time=2784.614..9889.074 rows=13976 loops=1)
  Hash Cond: (mi.movie_id = t.id)
  ->  Seq Scan on movie_info mi  (cost=0.00..309384.22 rows=14739122 width=4) (actual time=0.010..4578.162 rows=14835720 loops=1)
  ->  Hash  (cost=157158.51..157158.51 rows=1034 width=8) (actual time=2627.782..2627.782 rows=705 loops=1)
        Buckets: 2048  Batches: 1  Memory Usage: 44kB
        ->  Hash Join  (cost=73982.55..157158.51 rows=1034 width=8) (actual time=1291.920..2627.501 rows=705 loops=1)
              Hash Cond: (mk.movie_id = t.id)
              ->  Seq Scan on movie_keyword mk  (cost=0.00..81003.12 rows=576663 width=4) (actual time=0.012..1305.797 rows=574420 loops=1)
                    Filter: (keyword_id > 31971)
                    Rows Removed by Filter: 3949510
              ->  Hash  (cost=73925.90..73925.90 rows=4532 width=4) (actual time=1215.906..1215.906 rows=8818 loops=1)
                    Buckets: 16384 (originally 8192)  Batches: 1 (originally 1)  Memory Usage: 439kB
                    ->  Seq Scan on title t  (cost=0.00..73925.90 rows=4532 width=4) (actual time=0.032..1211.543 rows=8818 loops=1)
                          Filter: ((kind_id = 7) AND (production_year = 1967))
                          Rows Removed by Filter: 2519494
Planning time: 1.236 ms
Execution time: 9891.311 ms
