Hash Join  (cost=102767.86..1549538.50 rows=30395169 width=0) (actual time=1934.446..43522.994 rows=30500930 loops=1)
  Hash Cond: (ci.movie_id = t.id)
  ->  Seq Scan on cast_info ci  (cost=0.00..705507.15 rows=30395169 width=4) (actual time=0.008..16061.134 rows=30500930 loops=1)
        Filter: (person_id > 556852)
        Rows Removed by Filter: 5743414
  ->  Hash  (cost=61283.27..61283.27 rows=2528527 width=4) (actual time=1933.594..1933.594 rows=2528312 loops=1)
        Buckets: 131072  Batches: 64  Memory Usage: 2415kB
        ->  Seq Scan on title t  (cost=0.00..61283.27 rows=2528527 width=4) (actual time=0.019..1093.384 rows=2528312 loops=1)
Planning time: 0.538 ms
Execution time: 46835.819 ms
