Seq Scan on cast_info ci  (cost=0.00..796071.18 rows=8657254 width=0) (actual time=0.019..14254.733 rows=12670688 loops=1)
  Filter: ((person_id < 2533781) AND (role_id = 1))
  Rows Removed by Filter: 23573656
Planning time: 0.375 ms
Execution time: 15726.788 ms
