Hash Join  (cost=102767.86..920097.39 rows=472883 width=0) (actual time=5252.822..14191.627 rows=158671 loops=1)
  Hash Cond: (ci.movie_id = t.id)
  ->  Seq Scan on cast_info ci  (cost=0.00..796071.18 rows=472883 width=4) (actual time=3378.175..11855.013 rows=158671 loops=1)
        Filter: ((person_id < 66121) AND (role_id > 1))
        Rows Removed by Filter: 36085673
  ->  Hash  (cost=61283.27..61283.27 rows=2528527 width=4) (actual time=1831.759..1831.759 rows=2528312 loops=1)
        Buckets: 131072  Batches: 64  Memory Usage: 2415kB
        ->  Seq Scan on title t  (cost=0.00..61283.27 rows=2528527 width=4) (actual time=0.016..1035.187 rows=2528312 loops=1)
Planning time: 0.817 ms
Execution time: 14210.064 ms
