Hash Join  (cost=156487.41..255626.63 rows=222481 width=0) (actual time=3331.418..5848.572 rows=898426 loops=1)
  Hash Cond: (mk.movie_id = t.id)
  ->  Seq Scan on movie_keyword mk  (cost=0.00..81003.12 rows=1220341 width=4) (actual time=0.011..1382.118 rows=1228876 loops=1)
        Filter: (keyword_id < 1559)
        Rows Removed by Filter: 3295054
  ->  Hash  (cost=148924.19..148924.19 rows=460978 width=8) (actual time=3330.638..3330.638 rows=459925 loops=1)
        Buckets: 131072  Batches: 8  Memory Usage: 3284kB
        ->  Hash Join  (cost=102767.86..148924.19 rows=460978 width=8) (actual time=1904.922..3189.953 rows=459925 loops=1)
              Hash Cond: (mi_idx.movie_id = t.id)
              ->  Seq Scan on movie_info_idx mi_idx  (cost=0.00..25185.44 rows=460978 width=4) (actual time=0.018..463.186 rows=459925 loops=1)
                    Filter: (info_type_id < 100)
                    Rows Removed by Filter: 920110
              ->  Hash  (cost=61283.27..61283.27 rows=2528527 width=4) (actual time=1903.245..1903.245 rows=2528312 loops=1)
                    Buckets: 131072  Batches: 64  Memory Usage: 2415kB
                    ->  Seq Scan on title t  (cost=0.00..61283.27 rows=2528527 width=4) (actual time=0.022..1065.804 rows=2528312 loops=1)
Planning time: 0.966 ms
Execution time: 5955.839 ms
