Hash Join  (cost=67697.55..152652.47 rows=3075 width=0) (actual time=1080.563..2634.009 rows=3811 loops=1)
  Hash Cond: (mk.movie_id = t.id)
  ->  Seq Scan on movie_keyword mk  (cost=0.00..81003.12 rows=1045611 width=4) (actual time=0.016..1383.215 rows=1045795 loops=1)
        Filter: (keyword_id < 1043)
        Rows Removed by Filter: 3478135
  ->  Hash  (cost=67604.59..67604.59 rows=7437 width=4) (actual time=1078.342..1078.342 rows=1960 loops=1)
        Buckets: 8192  Batches: 1  Memory Usage: 133kB
        ->  Seq Scan on title t  (cost=0.00..67604.59 rows=7437 width=4) (actual time=590.672..1077.267 rows=1960 loops=1)
              Filter: (production_year = 1943)
              Rows Removed by Filter: 2526352
Planning time: 0.491 ms
Execution time: 2634.773 ms
