Hash Join  (cost=101495.65..188286.05 rows=13236 width=0) (actual time=2724.573..3335.435 rows=10661 loops=1)
  Hash Cond: (mk.movie_id = t.id)
  ->  Seq Scan on movie_keyword mk  (cost=0.00..69693.30 rows=4523930 width=4) (actual time=0.023..926.601 rows=4523930 loops=1)
  ->  Hash  (cost=101403.17..101403.17 rows=7398 width=8) (actual time=1622.309..1622.309 rows=4503 loops=1)
        Buckets: 8192  Batches: 1  Memory Usage: 240kB
        ->  Hash Join  (cost=74440.79..101403.17 rows=7398 width=8) (actual time=1091.488..1620.502 rows=4503 loops=1)
              Hash Cond: (mi_idx.movie_id = t.id)
              ->  Seq Scan on movie_info_idx mi_idx  (cost=0.00..25185.44 rows=454124 width=4) (actual time=0.026..431.204 rows=459925 loops=1)
                    Filter: (info_type_id = 100)
                    Rows Removed by Filter: 920110
              ->  Hash  (cost=73925.90..73925.90 rows=41191 width=4) (actual time=1056.101..1056.101 rows=43851 loops=1)
                    Buckets: 65536  Batches: 1  Memory Usage: 2054kB
                    ->  Seq Scan on title t  (cost=0.00..73925.90 rows=41191 width=4) (actual time=297.242..1038.852 rows=43851 loops=1)
                          Filter: ((kind_id = 7) AND (production_year = 2003))
                          Rows Removed by Filter: 2484461
Planning time: 1.128 ms
Execution time: 3337.092 ms
