Hash Join  (cost=158901.52..974960.86 rows=3896 width=0) (actual time=2724.719..16383.419 rows=1999 loops=1)
  Hash Cond: (ci.movie_id = t.id)
  ->  Seq Scan on cast_info ci  (cost=0.00..796071.18 rows=5319788 width=4) (actual time=10.511..13205.197 rows=3174468 loops=1)
        Filter: ((person_id < 1548914) AND (role_id > 3))
        Rows Removed by Filter: 33069876
  ->  Hash  (cost=158878.37..158878.37 rows=1852 width=8) (actual time=2694.553..2694.553 rows=1138 loops=1)
        Buckets: 2048  Batches: 1  Memory Usage: 61kB
        ->  Hash Join  (cost=73982.55..158878.37 rows=1852 width=8) (actual time=2369.766..2694.047 rows=1138 loops=1)
              Hash Cond: (mk.movie_id = t.id)
              ->  Seq Scan on movie_keyword mk  (cost=0.00..81003.12 rows=1033111 width=4) (actual time=0.024..1445.109 rows=1038441 loops=1)
                    Filter: (keyword_id > 17082)
                    Rows Removed by Filter: 3485489
              ->  Hash  (cost=73925.90..73925.90 rows=4532 width=4) (actual time=1065.671..1065.671 rows=6999 loops=1)
                    Buckets: 8192  Batches: 1  Memory Usage: 311kB
                    ->  Seq Scan on title t  (cost=0.00..73925.90 rows=4532 width=4) (actual time=0.052..1062.047 rows=6999 loops=1)
                          Filter: ((kind_id = 7) AND (production_year = 1960))
                          Rows Removed by Filter: 2521313
Planning time: 1.122 ms
Execution time: 16383.986 ms
