Hash Join  (cost=102767.86..261152.62 rows=2805270 width=0) (actual time=1924.242..6087.607 rows=2795405 loops=1)
  Hash Cond: (mk.movie_id = t.id)
  ->  Seq Scan on movie_keyword mk  (cost=0.00..81003.12 rows=2805270 width=4) (actual time=0.026..1740.730 rows=2795405 loops=1)
        Filter: (keyword_id < 8192)
        Rows Removed by Filter: 1728525
  ->  Hash  (cost=61283.27..61283.27 rows=2528527 width=4) (actual time=1922.494..1922.494 rows=2528312 loops=1)
        Buckets: 131072  Batches: 64  Memory Usage: 2425kB
        ->  Seq Scan on title t  (cost=0.00..61283.27 rows=2528527 width=4) (actual time=0.015..1111.349 rows=2528312 loops=1)
Planning time: 0.751 ms
Execution time: 6418.495 ms
