Hash Join  (cost=83810.17..194885.90 rows=661925 width=0) (actual time=1467.651..4535.733 rows=1490443 loops=1)
  Hash Cond: (mk.movie_id = t.id)
  ->  Seq Scan on movie_keyword mk  (cost=0.00..81003.12 rows=1694493 width=4) (actual time=0.019..1481.123 rows=1703013 loops=1)
        Filter: (keyword_id < 2661)
        Rows Removed by Filter: 2820917
  ->  Hash  (cost=67604.59..67604.59 rows=987727 width=4) (actual time=1466.855..1466.855 rows=985048 loops=1)
        Buckets: 131072  Batches: 16  Memory Usage: 3197kB
        ->  Seq Scan on title t  (cost=0.00..67604.59 rows=987727 width=4) (actual time=0.022..1163.475 rows=985048 loops=1)
              Filter: (kind_id < 7)
              Rows Removed by Filter: 1543264
Planning time: 0.759 ms
Execution time: 4718.223 ms
