Seq Scan on movie_keyword mk  (cost=0.00..81003.12 rows=2129723 width=0) (actual time=0.009..1476.726 rows=2128366 loops=1)
  Filter: (keyword_id > 5561)
  Rows Removed by Filter: 2395564
Planning time: 0.214 ms
Execution time: 1746.882 ms
