Seq Scan on cast_info ci  (cost=0.00..796071.18 rows=912076 width=0) (actual time=6860.469..13911.389 rows=806393 loops=1)
  Filter: ((person_id < 1886810) AND (role_id = 8))
  Rows Removed by Filter: 35437951
Planning time: 1.613 ms
Execution time: 14014.912 ms
