Hash Join  (cost=83074.74..827095.54 rows=999 width=0) (actual time=1448.642..14115.453 rows=49233 loops=1)
  Hash Cond: (ci.movie_id = t.id)
  ->  Seq Scan on cast_info ci  (cost=0.00..705507.15 rows=10267641 width=4) (actual time=0.032..10745.602 rows=10100370 loops=1)
        Filter: (person_id < 993052)
        Rows Removed by Filter: 26143974
  ->  Hash  (cost=83071.67..83071.67 rows=246 width=8) (actual time=1448.397..1448.397 rows=4023 loops=1)
        Buckets: 4096 (originally 1024)  Batches: 1 (originally 1)  Memory Usage: 190kB
        ->  Nested Loop  (cost=0.43..83071.67 rows=246 width=8) (actual time=0.848..1445.723 rows=4023 loops=1)
              ->  Seq Scan on movie_keyword mk  (cost=0.00..81003.12 rows=246 width=4) (actual time=0.789..1287.932 rows=4023 loops=1)
                    Filter: (keyword_id = 782)
                    Rows Removed by Filter: 4519907
              ->  Index Only Scan using title_pkey on title t  (cost=0.43..8.40 rows=1 width=4) (actual time=0.038..0.038 rows=1 loops=4023)
                    Index Cond: (id = mk.movie_id)
                    Heap Fetches: 4023
Planning time: 2.595 ms
Execution time: 14124.784 ms
