Seq Scan on cast_info ci  (cost=0.00..796071.18 rows=247382 width=0) (actual time=255.600..11411.423 rows=235562 loops=1)
  Filter: ((person_id < 489240) AND (role_id = 8))
  Rows Removed by Filter: 36008782
Planning time: 0.402 ms
Execution time: 11441.790 ms
