Hash Join  (cost=516734.15..677116.06 rows=2685996 width=0) (actual time=9731.075..24487.278 rows=55541151 loops=1)
  Hash Cond: (mk.movie_id = t.id)
  ->  Seq Scan on movie_keyword mk  (cost=0.00..69693.30 rows=4523930 width=4) (actual time=0.017..1492.047 rows=4523930 loops=1)
  ->  Hash  (cost=492103.35..492103.35 rows=1501264 width=8) (actual time=9728.169..9728.169 rows=1429379 loops=1)
        Buckets: 131072  Batches: 32  Memory Usage: 2763kB
        ->  Hash Join  (cost=95982.60..492103.35 rows=1501264 width=8) (actual time=2700.164..9301.009 rows=1429379 loops=1)
              Hash Cond: (mi.movie_id = t.id)
              ->  Seq Scan on movie_info mi  (cost=0.00..346232.03 rows=2194617 width=4) (actual time=801.175..5502.228 rows=2233850 loops=1)
                    Filter: (info_type_id > 16)
                    Rows Removed by Filter: 12601870
              ->  Hash  (cost=67604.59..67604.59 rows=1729681 width=4) (actual time=1882.999..1882.999 rows=1725233 loops=1)
                    Buckets: 131072  Batches: 32  Memory Usage: 2931kB
                    ->  Seq Scan on title t  (cost=0.00..67604.59 rows=1729681 width=4) (actual time=0.047..1323.384 rows=1725233 loops=1)
                          Filter: (production_year > 1991)
                          Rows Removed by Filter: 803079
Planning time: 1.159 ms
Execution time: 30171.965 ms
