Hash Join  (cost=83810.17..162092.70 rows=416565 width=0) (actual time=1393.963..3360.484 rows=838605 loops=1)
  Hash Cond: (mc.movie_id = t.id)
  ->  Seq Scan on movie_companies mc  (cost=0.00..57926.93 rows=1066383 width=4) (actual time=0.597..1157.899 rows=942161 loops=1)
        Filter: ((company_id > 312) AND (company_type_id < 2))
        Rows Removed by Filter: 1666968
  ->  Hash  (cost=67604.59..67604.59 rows=987727 width=4) (actual time=1392.418..1392.418 rows=985048 loops=1)
        Buckets: 131072  Batches: 16  Memory Usage: 3188kB
        ->  Seq Scan on title t  (cost=0.00..67604.59 rows=987727 width=4) (actual time=0.019..1094.960 rows=985048 loops=1)
              Filter: (kind_id < 7)
              Rows Removed by Filter: 1543264
Planning time: 0.737 ms
Execution time: 3445.657 ms
