Hash Join  (cost=687170.98..2154229.56 rows=36406160 width=0) (actual time=19409.887..84393.634 rows=134236148 loops=1)
  Hash Cond: (ci.movie_id = t.id)
  ->  Seq Scan on cast_info ci  (cost=0.00..796071.18 rows=17274379 width=4) (actual time=2973.545..17836.134 rows=20927770 loops=1)
        Filter: ((person_id > 926711) AND (role_id > 1))
        Rows Removed by Filter: 15316574
  ->  Hash  (cost=599742.35..599742.35 rows=5328930 width=8) (actual time=16435.144..16435.144 rows=5853300 loops=1)
        Buckets: 131072  Batches: 128  Memory Usage: 2790kB
        ->  Hash Join  (cost=97066.09..599742.35 rows=5328930 width=8) (actual time=1960.378..14345.823 rows=5853300 loops=1)
              Hash Cond: (mi.movie_id = t.id)
              ->  Seq Scan on movie_info mi  (cost=0.00..346232.03 rows=7503588 width=4) (actual time=0.020..6410.046 rows=7548855 loops=1)
                    Filter: (info_type_id > 7)
                    Rows Removed by Filter: 7286865
              ->  Hash  (cost=67604.59..67604.59 rows=1795720 width=4) (actual time=1959.342..1959.342 rows=1794153 loops=1)
                    Buckets: 131072  Batches: 32  Memory Usage: 3001kB
                    ->  Seq Scan on title t  (cost=0.00..67604.59 rows=1795720 width=4) (actual time=0.013..1355.012 rows=1794153 loops=1)
                          Filter: (production_year < 2009)
                          Rows Removed by Filter: 734159
Planning time: 9.477 ms
Execution time: 99507.363 ms
