Hash Join  (cost=185646.60..228336.51 rows=291243 width=0) (actual time=3700.582..5064.117 rows=742153 loops=1)
  Hash Cond: (mi_idx.movie_id = t.id)
  ->  Seq Scan on movie_info_idx mi_idx  (cost=0.00..21735.35 rows=1380035 width=4) (actual time=0.028..474.411 rows=1380035 loops=1)
  ->  Hash  (cost=176891.33..176891.33 rows=533622 width=8) (actual time=3699.607..3699.607 rows=536425 loops=1)
        Buckets: 131072  Batches: 8  Memory Usage: 3654kB
        ->  Hash Join  (cost=102767.86..176891.33 rows=533622 width=8) (actual time=1945.210..3537.936 rows=536425 loops=1)
              Hash Cond: (mc.movie_id = t.id)
              ->  Seq Scan on movie_companies mc  (cost=0.00..51404.11 rows=533622 width=4) (actual time=150.833..868.052 rows=536425 loops=1)
                    Filter: (company_id > 72356)
                    Rows Removed by Filter: 2072704
              ->  Hash  (cost=61283.27..61283.27 rows=2528527 width=4) (actual time=1791.488..1791.488 rows=2528312 loops=1)
                    Buckets: 131072  Batches: 64  Memory Usage: 2415kB
                    ->  Seq Scan on title t  (cost=0.00..61283.27 rows=2528527 width=4) (actual time=0.021..983.375 rows=2528312 loops=1)
Planning time: 1.517 ms
Execution time: 5154.117 ms
