Hash Join  (cost=917812.60..1310047.64 rows=322118 width=0) (actual time=16604.420..23521.147 rows=184654 loops=1)
  Hash Cond: (mi.movie_id = t.id)
  ->  Seq Scan on movie_info mi  (cost=0.00..346232.03 rows=3623957 width=4) (actual time=335.515..5858.367 rows=3624977 loops=1)
        Filter: (info_type_id < 4)
        Rows Removed by Filter: 11210743
  ->  Hash  (cost=914125.22..914125.22 rows=224750 width=8) (actual time=16268.047..16268.047 rows=79798 loops=1)
        Buckets: 131072  Batches: 4  Memory Usage: 1809kB
        ->  Hash Join  (cost=102767.86..914125.22 rows=224750 width=8) (actual time=13217.207..16239.797 rows=79798 loops=1)
              Hash Cond: (ci.movie_id = t.id)
              ->  Seq Scan on cast_info ci  (cost=0.00..796071.18 rows=224750 width=4) (actual time=11238.639..13765.318 rows=79798 loops=1)
                    Filter: ((person_id < 2365567) AND (role_id > 10))
                    Rows Removed by Filter: 36164546
              ->  Hash  (cost=61283.27..61283.27 rows=2528527 width=4) (actual time=1976.987..1976.987 rows=2528312 loops=1)
                    Buckets: 131072  Batches: 64  Memory Usage: 2415kB
                    ->  Seq Scan on title t  (cost=0.00..61283.27 rows=2528527 width=4) (actual time=0.020..1127.907 rows=2528312 loops=1)
Planning time: 2.847 ms
Execution time: 23542.141 ms
