Seq Scan on movie_companies mc  (cost=0.00..51404.11 rows=436981 width=0) (actual time=0.026..925.634 rows=438037 loops=1)
  Filter: (company_id < 323)
  Rows Removed by Filter: 2171092
Planning time: 0.338 ms
Execution time: 983.043 ms
