Seq Scan on title t  (cost=0.00..73925.90 rows=494685 width=0) (actual time=6.696..1249.775 rows=364663 loops=1)
  Filter: ((production_year > 1984) AND (kind_id = 1))
  Rows Removed by Filter: 2163649
Planning time: 0.359 ms
Execution time: 1295.920 ms
