Seq Scan on movie_companies mc  (cost=0.00..57926.93 rows=484893 width=0) (actual time=0.020..941.237 rows=693854 loops=1)
  Filter: ((company_id < 4599) AND (company_type_id = 1))
  Rows Removed by Filter: 1915275
Planning time: 0.398 ms
Execution time: 1029.808 ms
