Seq Scan on title t  (cost=0.00..73925.90 rows=5474 width=0) (actual time=0.129..1149.052 rows=5700 loops=1)
  Filter: ((kind_id > 1) AND (production_year = 1956))
  Rows Removed by Filter: 2522612
Planning time: 0.324 ms
Execution time: 1150.594 ms
