Hash Join  (cost=192201.98..273329.16 rows=440867 width=0) (actual time=3725.610..6263.995 rows=2274261 loops=1)
  Hash Cond: (mc.movie_id = t.id)
  ->  Seq Scan on movie_companies mc  (cost=0.00..44881.29 rows=2609129 width=4) (actual time=0.019..983.638 rows=2609129 loops=1)
  ->  Hash  (cost=185192.39..185192.39 rows=427247 width=8) (actual time=3724.032..3724.032 rows=269753 loops=1)
        Buckets: 131072  Batches: 8  Memory Usage: 2311kB
        ->  Hash Join  (cost=78473.92..185192.39 rows=427247 width=8) (actual time=1406.353..3657.618 rows=269753 loops=1)
              Hash Cond: (mk.movie_id = t.id)
              ->  Seq Scan on movie_keyword mk  (cost=0.00..81003.12 rows=1630633 width=4) (actual time=0.031..1446.396 rows=1642045 loops=1)
                    Filter: (keyword_id > 8998)
                    Rows Removed by Filter: 2881885
              ->  Hash  (cost=67604.59..67604.59 rows=662507 width=4) (actual time=1405.110..1405.110 rows=662065 loops=1)
                    Buckets: 131072  Batches: 16  Memory Usage: 2488kB
                    ->  Seq Scan on title t  (cost=0.00..67604.59 rows=662507 width=4) (actual time=0.013..1178.689 rows=662065 loops=1)
                          Filter: (production_year > 2008)
                          Rows Removed by Filter: 1866247
Planning time: 1.181 ms
Execution time: 6494.302 ms
