Hash Join  (cost=52284.22..138942.28 rows=2 width=0) (actual time=1931.368..2685.928 rows=50 loops=1)
  Hash Cond: (mk.movie_id = t.id)
  ->  Seq Scan on movie_keyword mk  (cost=0.00..69693.30 rows=4523930 width=4) (actual time=0.022..1028.183 rows=4523930 loops=1)
  ->  Hash  (cost=52284.21..52284.21 rows=1 width=8) (actual time=901.842..901.842 rows=1 loops=1)
        Buckets: 1024  Batches: 1  Memory Usage: 9kB
        ->  Nested Loop  (cost=0.43..52284.21 rows=1 width=8) (actual time=544.887..901.833 rows=1 loops=1)
              ->  Seq Scan on movie_companies mc  (cost=0.00..51404.11 rows=104 width=4) (actual time=57.814..860.613 rows=1683 loops=1)
                    Filter: (company_id = 480)
                    Rows Removed by Filter: 2607446
              ->  Index Scan using title_pkey on title t  (cost=0.43..8.45 rows=1 width=4) (actual time=0.024..0.024 rows=0 loops=1683)
                    Index Cond: (id = mc.movie_id)
                    Filter: ((kind_id > 1) AND (production_year = 1972))
                    Rows Removed by Filter: 1
Planning time: 1.199 ms
Execution time: 2686.101 ms
