Seq Scan on movie_keyword mk  (cost=0.00..81003.12 rows=583151 width=0) (actual time=0.020..1313.535 rows=586790 loops=1)
  Filter: (keyword_id < 423)
  Rows Removed by Filter: 3937140
Planning time: 0.382 ms
Execution time: 1389.092 ms
