Seq Scan on cast_info ci  (cost=0.00..705507.15 rows=26095662 width=0) (actual time=0.014..13190.243 rows=26083744 loops=1)
  Filter: (person_id < 2700029)
  Rows Removed by Filter: 10160600
Planning time: 0.321 ms
Execution time: 16399.453 ms
