Hash Join  (cost=106895.01..860306.83 rows=262261 width=0) (actual time=2613.278..18827.992 rows=306593 loops=1)
  Hash Cond: (ci.movie_id = t.id)
  ->  Seq Scan on cast_info ci  (cost=0.00..614943.12 rows=36225612 width=4) (actual time=0.011..8580.740 rows=36244344 loops=1)
  ->  Hash  (cost=106666.18..106666.18 rows=18306 width=8) (actual time=2613.032..2613.032 rows=7531 loops=1)
        Buckets: 32768  Batches: 1  Memory Usage: 551kB
        ->  Hash Join  (cost=75574.02..106666.18 rows=18306 width=8) (actual time=1904.670..2609.705 rows=7531 loops=1)
              Hash Cond: (mi_idx.movie_id = t.id)
              ->  Seq Scan on movie_info_idx mi_idx  (cost=0.00..25185.44 rows=460978 width=4) (actual time=0.019..515.230 rows=459925 loops=1)
                    Filter: (info_type_id < 100)
                    Rows Removed by Filter: 920110
              ->  Hash  (cost=73925.90..73925.90 rows=100409 width=4) (actual time=1903.913..1903.913 rows=110402 loops=1)
                    Buckets: 131072  Batches: 2  Memory Usage: 2964kB
                    ->  Seq Scan on title t  (cost=0.00..73925.90 rows=100409 width=4) (actual time=0.028..1262.041 rows=110402 loops=1)
                          Filter: ((kind_id = 7) AND (production_year = 2012))
                          Rows Removed by Filter: 2417910
Planning time: 1.305 ms
Execution time: 18872.925 ms
