Seq Scan on movie_companies mc  (cost=0.00..57926.93 rows=860063 width=0) (actual time=57.170..1015.927 rows=1173446 loops=1)
  Filter: ((company_id < 24135) AND (company_type_id = 1))
  Rows Removed by Filter: 1435683
Planning time: 0.379 ms
Execution time: 1160.748 ms
