Seq Scan on movie_keyword mk  (cost=0.00..81003.12 rows=235513 width=0) (actual time=0.014..1331.496 rows=235985 loops=1)
  Filter: (keyword_id > 62527)
  Rows Removed by Filter: 4287945
Planning time: 0.365 ms
Execution time: 1362.819 ms
