Seq Scan on cast_info ci  (cost=0.00..796071.18 rows=1848343 width=0) (actual time=7919.616..10770.215 rows=1598 loops=1)
  Filter: ((person_id < 889443) AND (role_id = 2))
  Rows Removed by Filter: 36242746
Planning time: 0.395 ms
Execution time: 10770.700 ms
