Hash Join  (cost=102767.86..272332.81 rows=3269897 width=0) (actual time=1859.370..6155.766 rows=3258277 loops=1)
  Hash Cond: (mk.movie_id = t.id)
  ->  Seq Scan on movie_keyword mk  (cost=0.00..81003.12 rows=3269897 width=4) (actual time=0.023..1712.559 rows=3258277 loops=1)
        Filter: (keyword_id < 14122)
        Rows Removed by Filter: 1265653
  ->  Hash  (cost=61283.27..61283.27 rows=2528527 width=4) (actual time=1856.836..1856.836 rows=2528312 loops=1)
        Buckets: 131072  Batches: 64  Memory Usage: 2425kB
        ->  Seq Scan on title t  (cost=0.00..61283.27 rows=2528527 width=4) (actual time=0.013..1035.559 rows=2528312 loops=1)
Planning time: 0.759 ms
Execution time: 6489.423 ms
