Hash Join  (cost=89338.33..515203.97 rows=1847225 width=0) (actual time=1663.410..11810.285 rows=3798222 loops=1)
  Hash Cond: (mi.movie_id = t.id)
  ->  Seq Scan on movie_info mi  (cost=0.00..346232.03 rows=4972096 width=4) (actual time=92.396..6217.779 rows=4923966 loops=1)
        Filter: (info_type_id < 5)
        Rows Removed by Filter: 9911754
  ->  Hash  (cost=73925.90..73925.90 rows=939394 width=4) (actual time=1570.130..1570.130 rows=917932 loops=1)
        Buckets: 131072  Batches: 16  Memory Usage: 3050kB
        ->  Seq Scan on title t  (cost=0.00..73925.90 rows=939394 width=4) (actual time=0.030..1278.541 rows=917932 loops=1)
              Filter: ((kind_id < 7) AND (production_year > 1914))
              Rows Removed by Filter: 1610380
Planning time: 0.771 ms
Execution time: 12265.755 ms
