Hash Join  (cost=156632.57..1076154.46 rows=1667775 width=0) (actual time=7463.757..27358.725 rows=5251689 loops=1)
  Hash Cond: (ci.movie_id = t.id)
  ->  Seq Scan on cast_info ci  (cost=0.00..796071.18 rows=9077322 width=4) (actual time=3623.602..15161.187 rows=14174211 loops=1)
        Filter: ((person_id > 2247820) AND (role_id > 1))
        Rows Removed by Filter: 22070133
  ->  Hash  (cost=149010.49..149010.49 rows=464566 width=8) (actual time=3839.180..3839.180 rows=459925 loops=1)
        Buckets: 131072  Batches: 8  Memory Usage: 3275kB
        ->  Hash Join  (cost=102767.86..149010.49 rows=464566 width=8) (actual time=2031.554..3703.426 rows=459925 loops=1)
              Hash Cond: (mi_idx.movie_id = t.id)
              ->  Seq Scan on movie_info_idx mi_idx  (cost=0.00..25185.44 rows=464566 width=4) (actual time=0.029..552.607 rows=459925 loops=1)
                    Filter: (info_type_id = 101)
                    Rows Removed by Filter: 920110
              ->  Hash  (cost=61283.27..61283.27 rows=2528527 width=4) (actual time=2030.128..2030.128 rows=2528312 loops=1)
                    Buckets: 131072  Batches: 64  Memory Usage: 2415kB
                    ->  Seq Scan on title t  (cost=0.00..61283.27 rows=2528527 width=4) (actual time=0.021..1161.111 rows=2528312 loops=1)
Planning time: 1.357 ms
Execution time: 27977.282 ms
