Hash Join  (cost=101871.54..188730.77 rows=20119 width=0) (actual time=1726.210..3698.131 rows=48382 loops=1)
  Hash Cond: (mk.movie_id = t.id)
  ->  Seq Scan on movie_keyword mk  (cost=0.00..69693.30 rows=4523930 width=4) (actual time=0.005..1107.682 rows=4523930 loops=1)
  ->  Hash  (cost=101730.98..101730.98 rows=11245 width=8) (actual time=1725.227..1725.227 rows=8951 loops=1)
        Buckets: 16384  Batches: 1  Memory Usage: 478kB
        ->  Hash Join  (cost=74690.97..101730.98 rows=11245 width=8) (actual time=1123.476..1721.262 rows=8951 loops=1)
              Hash Cond: (mi_idx.movie_id = t.id)
              ->  Seq Scan on movie_info_idx mi_idx  (cost=0.00..25185.44 rows=464566 width=4) (actual time=0.032..434.564 rows=459925 loops=1)
                    Filter: (info_type_id = 101)
                    Rows Removed by Filter: 920110
              ->  Hash  (cost=73925.90..73925.90 rows=61205 width=4) (actual time=1123.123..1123.123 rows=61581 loops=1)
                    Buckets: 65536  Batches: 1  Memory Usage: 2677kB
                    ->  Seq Scan on title t  (cost=0.00..73925.90 rows=61205 width=4) (actual time=4.534..1099.873 rows=61581 loops=1)
                          Filter: ((production_year > 2011) AND (kind_id = 1))
                          Rows Removed by Filter: 2466731
Planning time: 1.390 ms
Execution time: 3705.250 ms
