Hash Join  (cost=83074.74..833899.15 rows=3524 width=0) (actual time=1168.697..17285.067 rows=140510 loops=1)
  Hash Cond: (ci.movie_id = t.id)
  ->  Seq Scan on cast_info ci  (cost=0.00..614943.12 rows=36225612 width=4) (actual time=0.034..8404.545 rows=36244344 loops=1)
  ->  Hash  (cost=83071.67..83071.67 rows=246 width=8) (actual time=1168.607..1168.607 rows=4059 loops=1)
        Buckets: 4096 (originally 1024)  Batches: 1 (originally 1)  Memory Usage: 191kB
        ->  Nested Loop  (cost=0.43..83071.67 rows=246 width=8) (actual time=0.079..1166.492 rows=4059 loops=1)
              ->  Seq Scan on movie_keyword mk  (cost=0.00..81003.12 rows=246 width=4) (actual time=0.019..1020.299 rows=4059 loops=1)
                    Filter: (keyword_id = 648)
                    Rows Removed by Filter: 4519871
              ->  Index Only Scan using title_pkey on title t  (cost=0.43..8.40 rows=1 width=4) (actual time=0.035..0.035 rows=1 loops=4059)
                    Index Cond: (id = mk.movie_id)
                    Heap Fetches: 4059
Planning time: 1.154 ms
Execution time: 17311.111 ms
