Hash Join  (cost=709678.15..1092555.83 rows=1931 width=0) (actual time=11372.459..18458.567 rows=53 loops=1)
  Hash Cond: (mi.movie_id = t.id)
  ->  Seq Scan on movie_info mi  (cost=0.00..346232.03 rows=9767026 width=4) (actual time=0.004..6211.508 rows=9911754 loops=1)
        Filter: (info_type_id > 4)
        Rows Removed by Filter: 4923966
  ->  Hash  (cost=709671.90..709671.90 rows=500 width=8) (actual time=10905.008..10905.008 rows=4 loops=1)
        Buckets: 1024  Batches: 1  Memory Usage: 9kB
        ->  Nested Loop  (cost=0.43..709671.90 rows=500 width=8) (actual time=2675.122..10904.962 rows=4 loops=1)
              ->  Seq Scan on cast_info ci  (cost=0.00..705507.15 rows=500 width=4) (actual time=2674.933..10904.677 rows=4 loops=1)
                    Filter: (person_id = 2704815)
                    Rows Removed by Filter: 36244340
              ->  Index Only Scan using title_pkey on title t  (cost=0.43..8.32 rows=1 width=4) (actual time=0.047..0.048 rows=1 loops=4)
                    Index Cond: (id = ci.movie_id)
                    Heap Fetches: 4
Planning time: 0.834 ms
Execution time: 18464.202 ms
