Seq Scan on movie_companies mc  (cost=0.00..51404.11 rows=2398343 width=0) (actual time=0.024..1023.726 rows=2397293 loops=1)
  Filter: (company_id < 110036)
  Rows Removed by Filter: 211836
Planning time: 0.330 ms
Execution time: 1326.541 ms
