Hash Join  (cost=187291.42..646467.92 rows=2313802 width=0) (actual time=4129.567..15127.333 rows=1878969 loops=1)
  Hash Cond: (mi.movie_id = t.id)
  ->  Seq Scan on movie_info mi  (cost=0.00..346232.03 rows=7503588 width=4) (actual time=307.932..6889.034 rows=7548855 loops=1)
        Filter: (info_type_id > 7)
        Rows Removed by Filter: 7286865
  ->  Hash  (cost=174499.23..174499.23 rows=779695 width=8) (actual time=3820.569..3820.569 rows=316839 loops=1)
        Buckets: 131072  Batches: 16  Memory Usage: 1789kB
        ->  Hash Join  (cost=92883.59..174499.23 rows=779695 width=8) (actual time=2232.913..3721.752 rows=316839 loops=1)
              Hash Cond: (mc.movie_id = t.id)
              ->  Seq Scan on movie_companies mc  (cost=0.00..51404.11 rows=1279517 width=4) (actual time=0.023..1042.412 rows=1274246 loops=1)
                    Filter: (company_type_id = 1)
                    Rows Removed by Filter: 1334883
              ->  Hash  (cost=67604.59..67604.59 rows=1540800 width=4) (actual time=1694.977..1694.977 rows=1543264 loops=1)
                    Buckets: 131072  Batches: 32  Memory Usage: 2722kB
                    ->  Seq Scan on title t  (cost=0.00..67604.59 rows=1540800 width=4) (actual time=0.019..1208.052 rows=1543264 loops=1)
                          Filter: (kind_id = 7)
                          Rows Removed by Filter: 985048
Planning time: 1.227 ms
Execution time: 15380.130 ms
