Seq Scan on title t  (cost=0.00..73925.90 rows=25546 width=0) (actual time=0.527..886.121 rows=16319 loops=1)
  Filter: ((kind_id < 3) AND (production_year = 2004))
  Rows Removed by Filter: 2511993
Planning time: 0.320 ms
Execution time: 890.144 ms
