Hash Join  (cost=80408.18..584786.80 rows=2302869 width=0) (actual time=1747.156..16059.009 rows=3513726 loops=1)
  Hash Cond: (mi.movie_id = t.id)
  ->  Seq Scan on movie_info mi  (cost=0.00..309384.22 rows=14739122 width=4) (actual time=0.020..6097.500 rows=14835720 loops=1)
  ->  Hash  (cost=73925.90..73925.90 rows=395062 width=4) (actual time=1746.230..1746.230 rows=335993 loops=1)
        Buckets: 131072  Batches: 8  Memory Usage: 2498kB
        ->  Seq Scan on title t  (cost=0.00..73925.90 rows=395062 width=4) (actual time=0.024..1291.628 rows=335993 loops=1)
              Filter: ((kind_id < 7) AND (production_year > 2005))
              Rows Removed by Filter: 2192319
Planning time: 1.651 ms
Execution time: 16501.217 ms
