Hash Join  (cost=154654.97..952164.52 rows=1498 width=0) (actual time=3608.739..17016.224 rows=10 loops=1)
  Hash Cond: (ci.movie_id = t.id)
  ->  Seq Scan on cast_info ci  (cost=0.00..796071.18 rows=284677 width=4) (actual time=693.295..14124.904 rows=99083 loops=1)
        Filter: ((person_id < 2977457) AND (role_id > 10))
        Rows Removed by Filter: 36145261
  ->  Hash  (cost=154488.65..154488.65 rows=13306 width=8) (actual time=2873.936..2873.936 rows=5236 loops=1)
        Buckets: 16384  Batches: 1  Memory Usage: 333kB
        ->  Hash Join  (cost=67697.55..154488.65 rows=13306 width=8) (actual time=1064.195..2871.756 rows=5236 loops=1)
              Hash Cond: (mk.movie_id = t.id)
              ->  Seq Scan on movie_keyword mk  (cost=0.00..69693.30 rows=4523930 width=4) (actual time=0.018..1050.018 rows=4523930 loops=1)
              ->  Hash  (cost=67604.59..67604.59 rows=7437 width=4) (actual time=1008.406..1008.406 rows=7670 loops=1)
                    Buckets: 8192  Batches: 1  Memory Usage: 334kB
                    ->  Seq Scan on title t  (cost=0.00..67604.59 rows=7437 width=4) (actual time=319.658..1004.963 rows=7670 loops=1)
                          Filter: (production_year = 1915)
                          Rows Removed by Filter: 2520642
Planning time: 4.159 ms
Execution time: 17016.398 ms
