Seq Scan on title t  (cost=0.00..73925.90 rows=777269 width=0) (actual time=0.017..1292.389 rows=690703 loops=1)
  Filter: ((kind_id > 4) AND (production_year < 2004))
  Rows Removed by Filter: 1837609
Planning time: 0.349 ms
Execution time: 1381.179 ms
