Nested Loop  (cost=0.43..83071.67 rows=246 width=0) (actual time=6.391..1246.194 rows=1045 loops=1)
  ->  Seq Scan on movie_keyword mk  (cost=0.00..81003.12 rows=246 width=4) (actual time=5.022..1200.577 rows=1045 loops=1)
        Filter: (keyword_id = 3987)
        Rows Removed by Filter: 4522885
  ->  Index Only Scan using title_pkey on title t  (cost=0.43..8.40 rows=1 width=4) (actual time=0.042..0.042 rows=1 loops=1045)
        Index Cond: (id = mk.movie_id)
        Heap Fetches: 1045
Planning time: 0.692 ms
Execution time: 1246.672 ms
