Hash Join  (cost=152999.03..277661.72 rows=186570 width=0) (actual time=2629.470..5641.612 rows=559925 loops=1)
  Hash Cond: (mk.movie_id = t.id)
  ->  Seq Scan on movie_keyword mk  (cost=0.00..81003.12 rows=3569831 width=4) (actual time=0.017..1815.579 rows=3565962 loops=1)
        Filter: (keyword_id > 895)
        Rows Removed by Filter: 957968
  ->  Hash  (cost=150830.18..150830.18 rows=132148 width=8) (actual time=2628.677..2628.677 rows=91131 loops=1)
        Buckets: 131072  Batches: 2  Memory Usage: 2813kB
        ->  Hash Join  (cost=83810.17..150830.18 rows=132148 width=8) (actual time=1853.791..2598.887 rows=91131 loops=1)
              Hash Cond: (mc.movie_id = t.id)
              ->  Seq Scan on movie_companies mc  (cost=0.00..57926.93 rows=338291 width=4) (actual time=414.279..902.034 rows=185839 loops=1)
                    Filter: ((company_id < 937) AND (company_type_id > 1))
                    Rows Removed by Filter: 2423290
              ->  Hash  (cost=67604.59..67604.59 rows=987727 width=4) (actual time=1438.683..1438.683 rows=985048 loops=1)
                    Buckets: 131072  Batches: 16  Memory Usage: 3188kB
                    ->  Seq Scan on title t  (cost=0.00..67604.59 rows=987727 width=4) (actual time=0.024..1138.974 rows=985048 loops=1)
                          Filter: (kind_id < 7)
                          Rows Removed by Filter: 1543264
Planning time: 1.186 ms
Execution time: 5711.976 ms
