Hash Join  (cost=804511.93..937267.24 rows=91628 width=148) (actual time=14589.573..17722.889 rows=21347 loops=1)
  Hash Cond: (mk.movie_id = t.id)
  ->  Seq Scan on movie_keyword mk  (cost=0.00..69693.30 rows=4523930 width=12) (actual time=0.018..1436.904 rows=4523930 loops=1)
  ->  Hash  (cost=802870.76..802870.76 rows=51213 width=136) (actual time=14372.530..14372.530 rows=35407 loops=1)
        Buckets: 32768  Batches: 4  Memory Usage: 1476kB
        ->  Hash Join  (cost=83965.30..802870.76 rows=51213 width=136) (actual time=12263.573..14349.275 rows=35407 loops=1)
              Hash Cond: (ci.movie_id = t.id)
              ->  Seq Scan on cast_info ci  (cost=0.00..705507.15 rows=350181 width=42) (actual time=10729.792..12606.183 rows=316118 loops=1)
                    Filter: (role_id > 10)
                    Rows Removed by Filter: 35928226
              ->  Hash  (cost=73925.90..73925.90 rows=369792 width=94) (actual time=1532.952..1532.952 rows=253766 loops=1)
                    Buckets: 32768  Batches: 16  Memory Usage: 2084kB
                    ->  Seq Scan on title t  (cost=0.00..73925.90 rows=369792 width=94) (actual time=0.033..1419.077 rows=253766 loops=1)
                          Filter: ((production_year < 1986) AND (kind_id = 7))
                          Rows Removed by Filter: 2274546
Planning time: 1.449 ms
Execution time: 17724.475 ms
