Seq Scan on movie_keyword mk  (cost=0.00..81003.12 rows=3947524 width=0) (actual time=0.020..1847.284 rows=3944971 loops=1)
  Filter: (keyword_id > 410)
  Rows Removed by Filter: 578959
Planning time: 0.319 ms
Execution time: 2336.600 ms
