Hash Join  (cost=228255.10..390494.55 rows=2838450 width=0) (actual time=5218.105..13390.934 rows=20101017 loops=1)
  Hash Cond: (mk.movie_id = t.id)
  ->  Seq Scan on movie_keyword mk  (cost=0.00..69693.30 rows=4523930 width=4) (actual time=0.021..1535.868 rows=4523930 loops=1)
  ->  Hash  (cost=202226.17..202226.17 rows=1586474 width=8) (actual time=5216.538..5216.538 rows=1586244 loops=1)
        Buckets: 131072  Batches: 32  Memory Usage: 3008kB
        ->  Hash Join  (cost=102767.86..202226.17 rows=1586474 width=8) (actual time=1929.841..4760.381 rows=1586244 loops=1)
              Hash Cond: (mc.movie_id = t.id)
              ->  Seq Scan on movie_companies mc  (cost=0.00..51404.11 rows=1586474 width=4) (actual time=0.018..1122.431 rows=1586244 loops=1)
                    Filter: (company_id > 5451)
                    Rows Removed by Filter: 1022885
              ->  Hash  (cost=61283.27..61283.27 rows=2528527 width=4) (actual time=1928.689..1928.689 rows=2528312 loops=1)
                    Buckets: 131072  Batches: 64  Memory Usage: 2415kB
                    ->  Seq Scan on title t  (cost=0.00..61283.27 rows=2528527 width=4) (actual time=0.020..1113.873 rows=2528312 loops=1)
Planning time: 1.224 ms
Execution time: 15548.264 ms
