Hash Join  (cost=251763.89..884801.71 rows=12634099 width=0) (actual time=5989.558..33574.927 rows=59986667 loops=1)
  Hash Cond: (mi.movie_id = t.id)
  ->  Seq Scan on movie_info mi  (cost=0.00..309384.22 rows=14739122 width=4) (actual time=0.012..6286.556 rows=14835720 loops=1)
  ->  Hash  (cost=216204.32..216204.32 rows=2167406 width=8) (actual time=5988.120..5988.120 rows=2162865 loops=1)
        Buckets: 131072  Batches: 32  Memory Usage: 3703kB
        ->  Hash Join  (cost=102767.86..216204.32 rows=2167406 width=8) (actual time=2058.843..5374.117 rows=2162865 loops=1)
              Hash Cond: (mc.movie_id = t.id)
              ->  Seq Scan on movie_companies mc  (cost=0.00..51404.11 rows=2167406 width=4) (actual time=0.028..1140.328 rows=2162865 loops=1)
                    Filter: (company_id < 77569)
                    Rows Removed by Filter: 446264
              ->  Hash  (cost=61283.27..61283.27 rows=2528527 width=4) (actual time=2056.788..2056.788 rows=2528312 loops=1)
                    Buckets: 131072  Batches: 64  Memory Usage: 2415kB
                    ->  Seq Scan on title t  (cost=0.00..61283.27 rows=2528527 width=4) (actual time=0.010..1090.167 rows=2528312 loops=1)
Planning time: 1.176 ms
Execution time: 39963.468 ms
