Nested Loop  (cost=0.43..797556.58 rows=61 width=0) (actual time=3721.919..11556.938 rows=4 loops=1)
  ->  Seq Scan on cast_info ci  (cost=0.00..796071.18 rows=176 width=4) (actual time=3717.250..11518.535 rows=1084 loops=1)
        Filter: ((role_id < 2) AND (person_id = 334739))
        Rows Removed by Filter: 36243260
  ->  Index Scan using title_pkey on title t  (cost=0.43..8.43 rows=1 width=4) (actual time=0.035..0.035 rows=0 loops=1084)
        Index Cond: (id = ci.movie_id)
        Filter: ((production_year < 2006) AND (kind_id = 7))
        Rows Removed by Filter: 1
Planning time: 0.613 ms
Execution time: 11557.016 ms
