Hash Join  (cost=69460.45..891595.84 rows=95430 width=0) (actual time=4915.308..15492.886 rows=214397 loops=1)
  Hash Cond: (ci.movie_id = t.id)
  ->  Seq Scan on cast_info ci  (cost=0.00..796071.18 rows=2133310 width=4) (actual time=3107.720..11978.386 rows=3615605 loops=1)
        Filter: ((person_id > 1811196) AND (role_id = 10))
        Rows Removed by Filter: 32628739
  ->  Hash  (cost=67604.59..67604.59 rows=113109 width=4) (actual time=1192.177..1192.177 rows=119565 loops=1)
        Buckets: 131072  Batches: 2  Memory Usage: 3115kB
        ->  Seq Scan on title t  (cost=0.00..67604.59 rows=113109 width=4) (actual time=0.036..1032.565 rows=119565 loops=1)
              Filter: (production_year = 2007)
              Rows Removed by Filter: 2408747
Planning time: 0.822 ms
Execution time: 15521.446 ms
