Hash Join  (cost=115837.60..484611.17 rows=411767 width=0) (actual time=2366.524..9945.336 rows=57666 loops=1)
  Hash Cond: (mi.movie_id = t.id)
  ->  Seq Scan on movie_info mi  (cost=0.00..309384.22 rows=14739122 width=4) (actual time=0.016..4438.582 rows=14835720 loops=1)
  ->  Hash  (cost=114954.61..114954.61 rows=70639 width=8) (actual time=2100.885..2100.885 rows=5889 loops=1)
        Buckets: 131072  Batches: 1  Memory Usage: 1255kB
        ->  Hash Join  (cost=76049.74..114954.61 rows=70639 width=8) (actual time=1198.383..2097.570 rows=5889 loops=1)
              Hash Cond: (mi_idx.movie_id = t.id)
              ->  Seq Scan on movie_info_idx mi_idx  (cost=0.00..21735.35 rows=1380035 width=4) (actual time=0.018..473.239 rows=1380035 loops=1)
              ->  Hash  (cost=73925.90..73925.90 rows=129427 width=4) (actual time=1196.789..1196.789 rows=27808 loops=1)
                    Buckets: 131072  Batches: 2  Memory Usage: 1513kB
                    ->  Seq Scan on title t  (cost=0.00..73925.90 rows=129427 width=4) (actual time=0.031..1108.194 rows=27808 loops=1)
                          Filter: ((production_year < 1957) AND (kind_id = 7))
                          Rows Removed by Filter: 2500504
Planning time: 1.240 ms
Execution time: 9953.614 ms
