Hash Join  (cost=102767.86..179355.65 rows=364976 width=0) (actual time=2293.791..3777.981 rows=520065 loops=1)
  Hash Cond: (mc.movie_id = t.id)
  ->  Seq Scan on movie_companies mc  (cost=0.00..57926.93 rows=364976 width=4) (actual time=364.048..968.029 rows=520065 loops=1)
        Filter: ((company_id < 1451) AND (company_type_id = 1))
        Rows Removed by Filter: 2089064
  ->  Hash  (cost=61283.27..61283.27 rows=2528527 width=4) (actual time=1928.418..1928.418 rows=2528312 loops=1)
        Buckets: 131072  Batches: 64  Memory Usage: 2415kB
        ->  Seq Scan on title t  (cost=0.00..61283.27 rows=2528527 width=4) (actual time=0.021..1082.070 rows=2528312 loops=1)
Planning time: 0.752 ms
Execution time: 3842.355 ms
