Seq Scan on cast_info ci  (cost=0.00..705507.15 rows=500 width=0) (actual time=1283.450..10807.439 rows=190 loops=1)
  Filter: (person_id = 2908015)
  Rows Removed by Filter: 36244154
Planning time: 0.391 ms
Execution time: 10807.558 ms
