Seq Scan on movie_keyword mk  (cost=0.00..81003.12 rows=234634 width=0) (actual time=0.026..1363.422 rows=249747 loops=1)
  Filter: (keyword_id < 214)
  Rows Removed by Filter: 4274183
Planning time: 0.331 ms
Execution time: 1396.951 ms
