Hash Join  (cost=218715.12..1451314.49 rows=19351921 width=0) (actual time=4837.950..47649.611 rows=37612447 loops=1)
  Hash Cond: (ci.movie_id = t.id)
  ->  Seq Scan on cast_info ci  (cost=0.00..614943.12 rows=36225612 width=4) (actual time=0.010..13321.917 rows=36244344 loops=1)
  ->  Hash  (cost=196553.71..196553.71 rows=1350753 width=8) (actual time=4836.615..4836.615 rows=1359783 loops=1)
        Buckets: 131072  Batches: 32  Memory Usage: 2677kB
        ->  Hash Join  (cost=102767.86..196553.71 rows=1350753 width=8) (actual time=1848.204..4413.178 rows=1359783 loops=1)
              Hash Cond: (mc.movie_id = t.id)
              ->  Seq Scan on movie_companies mc  (cost=0.00..51404.11 rows=1350753 width=4) (actual time=0.019..952.527 rows=1359783 loops=1)
                    Filter: (company_id > 11149)
                    Rows Removed by Filter: 1249346
              ->  Hash  (cost=61283.27..61283.27 rows=2528527 width=4) (actual time=1847.259..1847.259 rows=2528312 loops=1)
                    Buckets: 131072  Batches: 64  Memory Usage: 2415kB
                    ->  Seq Scan on title t  (cost=0.00..61283.27 rows=2528527 width=4) (actual time=0.017..1011.517 rows=2528312 loops=1)
Planning time: 1.112 ms
Execution time: 51811.723 ms
