Nested Loop  (cost=72397.51..178999.12 rows=3069 width=0) (actual time=2385.590..3703.446 rows=4516 loops=1)
  ->  Hash Join  (cost=72397.08..163096.40 rows=26476 width=8) (actual time=1335.935..3212.718 rows=62404 loops=1)
        Hash Cond: (mk.movie_id = mc.movie_id)
        ->  Seq Scan on movie_keyword mk  (cost=0.00..81003.12 rows=9953 width=4) (actual time=0.065..1367.740 rows=10799 loops=1)
              Filter: (keyword_id = 347)
              Rows Removed by Filter: 4513131
        ->  Hash  (cost=51404.11..51404.11 rows=1279517 width=4) (actual time=1331.409..1331.409 rows=1274246 loops=1)
              Buckets: 131072  Batches: 32  Memory Usage: 2474kB
              ->  Seq Scan on movie_companies mc  (cost=0.00..51404.11 rows=1279517 width=4) (actual time=157.828..958.091 rows=1274246 loops=1)
                    Filter: (company_type_id < 2)
                    Rows Removed by Filter: 1334883
  ->  Index Scan using title_pkey on title t  (cost=0.43..0.59 rows=1 width=4) (actual time=0.007..0.008 rows=0 loops=62404)
        Index Cond: (id = mc.movie_id)
        Filter: (kind_id = 7)
        Rows Removed by Filter: 1
Planning time: 1.165 ms
Execution time: 3704.500 ms
