Seq Scan on cast_info ci  (cost=0.00..796071.18 rows=382774 width=0) (actual time=8326.620..11953.267 rows=365928 loops=1)
  Filter: ((person_id > 3154638) AND (role_id = 4))
  Rows Removed by Filter: 35878416
Planning time: 0.409 ms
Execution time: 12000.257 ms
