Seq Scan on movie_companies mc  (cost=0.00..51404.11 rows=1747048 width=0) (actual time=0.021..952.012 rows=1739798 loops=1)
  Filter: (company_id < 23704)
  Rows Removed by Filter: 869331
Planning time: 4.749 ms
Execution time: 1164.940 ms
