Hash Join  (cost=244782.69..1617467.22 rows=28580635 width=0) (actual time=5662.807..56242.414 rows=60920259 loops=1)
  Hash Cond: (ci.movie_id = t.id)
  ->  Seq Scan on cast_info ci  (cost=0.00..614943.12 rows=36225612 width=4) (actual time=0.017..13261.041 rows=36244344 loops=1)
  ->  Hash  (cost=212053.29..212053.29 rows=1994912 width=8) (actual time=5662.024..5662.024 rows=1997625 loops=1)
        Buckets: 131072  Batches: 32  Memory Usage: 3440kB
        ->  Hash Join  (cost=102767.86..212053.29 rows=1994912 width=8) (actual time=1875.887..5072.700 rows=1997625 loops=1)
              Hash Cond: (mc.movie_id = t.id)
              ->  Seq Scan on movie_companies mc  (cost=0.00..51404.11 rows=1994912 width=4) (actual time=0.024..1119.328 rows=1997625 loops=1)
                    Filter: (company_id > 724)
                    Rows Removed by Filter: 611504
              ->  Hash  (cost=61283.27..61283.27 rows=2528527 width=4) (actual time=1873.892..1873.892 rows=2528312 loops=1)
                    Buckets: 131072  Batches: 64  Memory Usage: 2415kB
                    ->  Seq Scan on title t  (cost=0.00..61283.27 rows=2528527 width=4) (actual time=0.025..1031.146 rows=2528312 loops=1)
Planning time: 17.291 ms
Execution time: 63273.864 ms
