Hash Join  (cost=98137.04..276093.39 rows=3272058 width=0) (actual time=1846.364..6316.558 rows=1626714 loops=1)
  Hash Cond: (mk.movie_id = t.id)
  ->  Seq Scan on movie_keyword mk  (cost=0.00..81003.12 rows=4445730 width=4) (actual time=0.014..1731.993 rows=4446807 loops=1)
        Filter: (keyword_id < 88693)
        Rows Removed by Filter: 77123
  ->  Hash  (cost=67604.59..67604.59 rows=1860996 width=4) (actual time=1844.629..1844.629 rows=1865487 loops=1)
        Buckets: 131072  Batches: 32  Memory Usage: 3085kB
        ->  Seq Scan on title t  (cost=0.00..67604.59 rows=1860996 width=4) (actual time=0.018..1240.178 rows=1865487 loops=1)
              Filter: (kind_id > 1)
              Rows Removed by Filter: 662825
Planning time: 0.785 ms
Execution time: 6515.875 ms
