Seq Scan on cast_info ci  (cost=0.00..796071.18 rows=13809200 width=0) (actual time=0.016..14773.316 rows=16884886 loops=1)
  Filter: ((person_id < 2085143) AND (role_id < 4))
  Rows Removed by Filter: 19359458
Planning time: 0.361 ms
Execution time: 16802.993 ms
