Hash Join  (cost=102767.86..482898.08 rows=998166 width=0) (actual time=4535.657..8478.540 rows=1052885 loops=1)
  Hash Cond: (mi.movie_id = t.id)
  ->  Seq Scan on movie_info mi  (cost=0.00..346232.03 rows=998166 width=4) (actual time=2522.755..5260.492 rows=1052885 loops=1)
        Filter: (info_type_id > 77)
        Rows Removed by Filter: 13782835
  ->  Hash  (cost=61283.27..61283.27 rows=2528527 width=4) (actual time=2010.187..2010.187 rows=2528312 loops=1)
        Buckets: 131072  Batches: 64  Memory Usage: 2425kB
        ->  Seq Scan on title t  (cost=0.00..61283.27 rows=2528527 width=4) (actual time=0.032..1152.490 rows=2528312 loops=1)
Planning time: 1.105 ms
Execution time: 8596.813 ms
