Nested Loop  (cost=0.43..709671.90 rows=500 width=0) (actual time=1947.525..12329.234 rows=504 loops=1)
  ->  Seq Scan on cast_info ci  (cost=0.00..705507.15 rows=500 width=4) (actual time=1947.386..10909.425 rows=504 loops=1)
        Filter: (person_id = 3691072)
        Rows Removed by Filter: 36243840
  ->  Index Only Scan using title_pkey on title t  (cost=0.43..8.32 rows=1 width=4) (actual time=2.816..2.816 rows=1 loops=504)
        Index Cond: (id = ci.movie_id)
        Heap Fetches: 504
Planning time: 0.775 ms
Execution time: 12329.424 ms
