Hash Join  (cost=131905.17..884844.78 rows=215045 width=0) (actual time=2211.683..20847.284 rows=765536 loops=1)
  Hash Cond: (ci.movie_id = t.id)
  ->  Seq Scan on cast_info ci  (cost=0.00..614943.12 rows=36225612 width=4) (actual time=0.012..8639.532 rows=36244344 loops=1)
  ->  Hash  (cost=131717.54..131717.54 rows=15010 width=8) (actual time=2211.507..2211.507 rows=26233 loops=1)
        Buckets: 32768 (originally 16384)  Batches: 1 (originally 1)  Memory Usage: 1281kB
        ->  Hash Join  (cost=69687.24..131717.54 rows=15010 width=8) (actual time=1347.612..2201.271 rows=26233 loops=1)
              Hash Cond: (mc.movie_id = t.id)
              ->  Seq Scan on movie_companies mc  (cost=0.00..57926.93 rows=299006 width=4) (actual time=364.988..970.447 rows=592493 loops=1)
                    Filter: ((company_id > 69447) AND (company_type_id = 2))
                    Rows Removed by Filter: 2016636
              ->  Hash  (cost=67604.59..67604.59 rows=126932 width=4) (actual time=981.300..981.300 rows=122861 loops=1)
                    Buckets: 131072  Batches: 2  Memory Usage: 3191kB
                    ->  Seq Scan on title t  (cost=0.00..67604.59 rows=126932 width=4) (actual time=0.043..936.412 rows=122861 loops=1)
                          Filter: (production_year = 2008)
                          Rows Removed by Filter: 2405451
Planning time: 1.000 ms
Execution time: 20958.082 ms
