Hash Join  (cost=77838.49..117764.38 rows=130141 width=0) (actual time=1226.189..2107.191 rows=151616 loops=1)
  Hash Cond: (mi_idx.movie_id = t.id)
  ->  Seq Scan on movie_info_idx mi_idx  (cost=0.00..21735.35 rows=1380035 width=4) (actual time=0.023..419.672 rows=1380035 loops=1)
  ->  Hash  (cost=73925.90..73925.90 rows=238447 width=4) (actual time=1068.114..1068.114 rows=200165 loops=1)
        Buckets: 131072  Batches: 4  Memory Usage: 2784kB
        ->  Seq Scan on title t  (cost=0.00..73925.90 rows=238447 width=4) (actual time=0.017..1001.139 rows=200165 loops=1)
              Filter: ((kind_id < 2) AND (production_year > 2006))
              Rows Removed by Filter: 2328147
Planning time: 0.693 ms
Execution time: 2125.918 ms
