Seq Scan on title t  (cost=0.00..73925.90 rows=889020 width=0) (actual time=0.032..1120.928 rows=803883 loops=1)
  Filter: ((kind_id < 7) AND (production_year > 1953))
  Rows Removed by Filter: 1724429
Planning time: 0.319 ms
Execution time: 1238.949 ms
