Hash Join  (cost=171751.15..538285.28 rows=187821 width=0) (actual time=3447.046..11039.208 rows=71435 loops=1)
  Hash Cond: (mi.movie_id = t.id)
  ->  Seq Scan on movie_info mi  (cost=0.00..309384.22 rows=14739122 width=4) (actual time=0.012..4388.509 rows=14835720 loops=1)
  ->  Hash  (cost=171348.38..171348.38 rows=32221 width=8) (actual time=3437.449..3437.449 rows=6578 loops=1)
        Buckets: 32768  Batches: 1  Memory Usage: 513kB
        ->  Hash Join  (cost=102767.86..171348.38 rows=32221 width=8) (actual time=1978.929..3434.444 rows=6578 loops=1)
              Hash Cond: (mc.movie_id = t.id)
              ->  Seq Scan on movie_companies mc  (cost=0.00..57926.93 rows=32221 width=4) (actual time=1.284..1054.311 rows=6578 loops=1)
                    Filter: ((company_type_id > 1) AND (company_id = 6))
                    Rows Removed by Filter: 2602551
              ->  Hash  (cost=61283.27..61283.27 rows=2528527 width=4) (actual time=1971.537..1971.537 rows=2528312 loops=1)
                    Buckets: 131072  Batches: 64  Memory Usage: 2415kB
                    ->  Seq Scan on title t  (cost=0.00..61283.27 rows=2528527 width=4) (actual time=0.017..1146.140 rows=2528312 loops=1)
Planning time: 1.229 ms
Execution time: 11049.609 ms
