Hash Join  (cost=456211.90..530372.24 rows=113318 width=0) (actual time=7527.244..8622.570 rows=70491 loops=1)
  Hash Cond: (mc.movie_id = t.id)
  ->  Seq Scan on movie_companies mc  (cost=0.00..57926.93 rows=1226995 width=4) (actual time=539.531..1165.536 rows=1131843 loops=1)
        Filter: ((company_id < 112561) AND (company_type_id > 1))
        Rows Removed by Filter: 1477286
  ->  Hash  (cost=452379.90..452379.90 rows=233520 width=8) (actual time=6986.818..6986.818 rows=57481 loops=1)
        Buckets: 131072  Batches: 4  Memory Usage: 1575kB
        ->  Hash Join  (cost=92883.59..452379.90 rows=233520 width=8) (actual time=6316.268..6967.256 rows=57481 loops=1)
              Hash Cond: (mi.movie_id = t.id)
              ->  Seq Scan on movie_info mi  (cost=0.00..346232.03 rows=383217 width=4) (actual time=0.035..4720.085 rows=368218 loops=1)
                    Filter: (info_type_id = 17)
                    Rows Removed by Filter: 14467502
              ->  Hash  (cost=67604.59..67604.59 rows=1540800 width=4) (actual time=1736.353..1736.353 rows=1543264 loops=1)
                    Buckets: 131072  Batches: 32  Memory Usage: 2728kB
                    ->  Seq Scan on title t  (cost=0.00..67604.59 rows=1540800 width=4) (actual time=0.020..1214.240 rows=1543264 loops=1)
                          Filter: (kind_id = 7)
                          Rows Removed by Filter: 985048
Planning time: 3.429 ms
Execution time: 8631.933 ms
