Hash Join  (cost=163635.62..303459.00 rows=1462734 width=0) (actual time=3688.436..7562.078 rows=2354826 loops=1)
  Hash Cond: (mk.movie_id = t.id)
  ->  Seq Scan on movie_keyword mk  (cost=0.00..69693.30 rows=4523930 width=4) (actual time=0.853..1367.550 rows=4523930 loops=1)
  ->  Hash  (cost=150222.19..150222.19 rows=817555 width=8) (actual time=3686.006..3686.006 rows=598230 loops=1)
        Buckets: 131072  Batches: 16  Memory Usage: 2500kB
        ->  Hash Join  (cost=98502.15..150222.19 rows=817555 width=8) (actual time=1957.775..3506.822 rows=598230 loops=1)
              Hash Cond: (mi_idx.movie_id = t.id)
              ->  Seq Scan on movie_info_idx mi_idx  (cost=0.00..21735.35 rows=1380035 width=4) (actual time=0.023..463.874 rows=1380035 loops=1)
              ->  Hash  (cost=73925.90..73925.90 rows=1497940 width=4) (actual time=1956.291..1956.291 rows=1605687 loops=1)
                    Buckets: 131072  Batches: 32  Memory Usage: 2793kB
                    ->  Seq Scan on title t  (cost=0.00..73925.90 rows=1497940 width=4) (actual time=0.030..1442.523 rows=1605687 loops=1)
                          Filter: ((kind_id > 2) AND (production_year > 1966))
                          Rows Removed by Filter: 922625
Planning time: 1.113 ms
Execution time: 7835.459 ms
