Hash Join  (cost=111875.26..918403.02 rows=9880 width=0) (actual time=11196.674..14320.222 rows=19972 loops=1)
  Hash Cond: (ci.movie_id = t.id)
  ->  Seq Scan on cast_info ci  (cost=0.00..796071.18 rows=2762073 width=4) (actual time=10143.597..12650.203 rows=3259942 loops=1)
        Filter: ((person_id > 2280472) AND (role_id = 2))
        Rows Removed by Filter: 32984402
  ->  Hash  (cost=111762.20..111762.20 rows=9045 width=8) (actual time=1051.971..1051.971 rows=9466 loops=1)
        Buckets: 16384  Batches: 1  Memory Usage: 498kB
        ->  Nested Loop  (cost=0.43..111762.20 rows=9045 width=8) (actual time=11.783..1046.943 rows=9466 loops=1)
              ->  Seq Scan on movie_companies mc  (cost=0.00..51404.11 rows=9045 width=4) (actual time=11.693..806.960 rows=9466 loops=1)
                    Filter: (company_id = 1451)
                    Rows Removed by Filter: 2599663
              ->  Index Only Scan using title_pkey on title t  (cost=0.43..6.66 rows=1 width=4) (actual time=0.024..0.025 rows=1 loops=9466)
                    Index Cond: (id = mc.movie_id)
                    Heap Fetches: 9466
Planning time: 0.807 ms
Execution time: 14323.630 ms
