Hash Join  (cost=95982.60..701794.85 rows=10082542 width=0) (actual time=3027.178..38664.191 rows=8947388 loops=1)
  Hash Cond: (mi.movie_id = t.id)
  ->  Seq Scan on movie_info mi  (cost=0.00..309384.22 rows=14739122 width=4) (actual time=0.023..20799.672 rows=14835720 loops=1)
  ->  Hash  (cost=67604.59..67604.59 rows=1729681 width=4) (actual time=3023.927..3023.927 rows=1725233 loops=1)
        Buckets: 131072  Batches: 32  Memory Usage: 2931kB
        ->  Seq Scan on title t  (cost=0.00..67604.59 rows=1729681 width=4) (actual time=0.026..2387.992 rows=1725233 loops=1)
              Filter: (production_year > 1991)
              Rows Removed by Filter: 803079
Planning time: 0.765 ms
Execution time: 39925.382 ms
