Hash Join  (cost=167024.67..661831.84 rows=1405824 width=0) (actual time=2831.269..15369.051 rows=112053 loops=1)
  Hash Cond: (mi.movie_id = t.id)
  ->  Seq Scan on movie_info mi  (cost=0.00..309384.22 rows=14739122 width=4) (actual time=0.013..5691.707 rows=14835720 loops=1)
  ->  Hash  (cost=163067.02..163067.02 rows=241172 width=8) (actual time=2829.987..2829.987 rows=9552 loops=1)
        Buckets: 131072  Batches: 4  Memory Usage: 1129kB
        ->  Hash Join  (cost=92027.78..163067.02 rows=241172 width=8) (actual time=2175.119..2825.496 rows=9552 loops=1)
              Hash Cond: (mc.movie_id = t.id)
              ->  Seq Scan on movie_companies mc  (cost=0.00..57926.93 rows=552690 width=4) (actual time=548.187..899.923 rows=273168 loops=1)
                    Filter: ((company_id > 13411) AND (company_type_id = 1))
                    Rows Removed by Filter: 2335961
              ->  Hash  (cost=73925.90..73925.90 rows=1103350 width=4) (actual time=1625.603..1625.603 rows=1054846 loops=1)
                    Buckets: 131072  Batches: 16  Memory Usage: 3343kB
                    ->  Seq Scan on title t  (cost=0.00..73925.90 rows=1103350 width=4) (actual time=0.041..1294.349 rows=1054846 loops=1)
                          Filter: ((kind_id > 4) AND (production_year < 2009))
                          Rows Removed by Filter: 1473466
Planning time: 1.216 ms
Execution time: 15384.383 ms
