Seq Scan on cast_info ci  (cost=0.00..705507.15 rows=6960459 width=0) (actual time=0.017..10272.263 rows=7028949 loops=1)
  Filter: (person_id > 2962328)
  Rows Removed by Filter: 29215395
Planning time: 1.522 ms
Execution time: 11167.310 ms
