Hash Join  (cost=81498.39..590012.21 rows=2690489 width=0) (actual time=1349.746..15969.489 rows=6254640 loops=1)
  Hash Cond: (mi.movie_id = t.id)
  ->  Seq Scan on movie_info mi  (cost=0.00..309384.22 rows=14739122 width=4) (actual time=0.014..5654.843 rows=14835720 loops=1)
  ->  Hash  (cost=73925.90..73925.90 rows=461559 width=4) (actual time=1348.933..1348.933 rows=549480 loops=1)
        Buckets: 131072  Batches: 8  Memory Usage: 3458kB
        ->  Seq Scan on title t  (cost=0.00..73925.90 rows=461559 width=4) (actual time=0.020..1176.094 rows=549480 loops=1)
              Filter: ((kind_id < 6) AND (production_year < 2003))
              Rows Removed by Filter: 1978832
Planning time: 0.837 ms
Execution time: 16659.831 ms
