Seq Scan on cast_info ci  (cost=0.00..796071.18 rows=324 width=0) (actual time=10919.760..13093.547 rows=53 loops=1)
  Filter: ((role_id > 1) AND (person_id = 3814442))
  Rows Removed by Filter: 36244291
Planning time: 0.356 ms
Execution time: 13093.669 ms
