Hash Join  (cost=142378.84..245062.87 rows=280814 width=0) (actual time=2860.638..5020.914 rows=454830 loops=1)
  Hash Cond: (mk.movie_id = t.id)
  ->  Seq Scan on movie_keyword mk  (cost=0.00..81003.12 rows=1468737 width=4) (actual time=0.025..1351.528 rows=1485967 loops=1)
        Filter: (keyword_id < 2127)
        Rows Removed by Filter: 3037963
  ->  Hash  (cost=134446.85..134446.85 rows=483439 width=8) (actual time=2858.767..2858.767 rows=363402 loops=1)
        Buckets: 131072  Batches: 8  Memory Usage: 2818kB
        ->  Hash Join  (cost=88458.98..134446.85 rows=483439 width=8) (actual time=1468.269..2740.302 rows=363402 loops=1)
              Hash Cond: (mi_idx.movie_id = t.id)
              ->  Seq Scan on movie_info_idx mi_idx  (cost=0.00..21735.35 rows=1380035 width=4) (actual time=0.016..385.590 rows=1380035 loops=1)
              ->  Hash  (cost=73925.90..73925.90 rows=885766 width=4) (actual time=1466.903..1466.903 rows=802336 loops=1)
                    Buckets: 131072  Batches: 16  Memory Usage: 2788kB
                    ->  Seq Scan on title t  (cost=0.00..73925.90 rows=885766 width=4) (actual time=0.017..1222.033 rows=802336 loops=1)
                          Filter: ((kind_id > 2) AND (production_year < 2004))
                          Rows Removed by Filter: 1725976
Planning time: 1.277 ms
Execution time: 5080.265 ms
