Hash Join  (cost=83074.62..109986.12 rows=102 width=0) (actual time=1198.135..1746.126 rows=2982 loops=1)
  Hash Cond: (mi_idx.movie_id = t.id)
  ->  Seq Scan on movie_info_idx mi_idx  (cost=0.00..21735.35 rows=1380035 width=4) (actual time=0.015..277.788 rows=1380035 loops=1)
  ->  Hash  (cost=83072.29..83072.29 rows=187 width=8) (actual time=1197.871..1197.871 rows=1019 loops=1)
        Buckets: 1024  Batches: 1  Memory Usage: 48kB
        ->  Nested Loop  (cost=0.43..83072.29 rows=187 width=8) (actual time=2.714..1197.138 rows=1019 loops=1)
              ->  Seq Scan on movie_keyword mk  (cost=0.00..81003.12 rows=246 width=4) (actual time=2.681..1167.111 rows=1088 loops=1)
                    Filter: (keyword_id = 217)
                    Rows Removed by Filter: 4522842
              ->  Index Scan using title_pkey on title t  (cost=0.43..8.40 rows=1 width=4) (actual time=0.026..0.026 rows=1 loops=1088)
                    Index Cond: (id = mk.movie_id)
                    Filter: (production_year < 2010)
                    Rows Removed by Filter: 0
Planning time: 1.158 ms
Execution time: 1746.867 ms
