Hash Join  (cost=797960.46..890182.95 rows=265 width=0) (actual time=13047.954..14558.215 rows=436 loops=1)
  Hash Cond: (mk.movie_id = t.id)
  ->  Seq Scan on movie_keyword mk  (cost=0.00..81003.12 rows=2991124 width=4) (actual time=0.014..1409.721 rows=2977312 loops=1)
        Filter: (keyword_id < 10210)
        Rows Removed by Filter: 1546618
  ->  Hash  (cost=797957.66..797957.66 rows=224 width=8) (actual time=12732.532..12732.532 rows=120 loops=1)
        Buckets: 1024  Batches: 1  Memory Usage: 13kB
        ->  Nested Loop  (cost=0.43..797957.66 rows=224 width=8) (actual time=2683.782..12732.450 rows=120 loops=1)
              ->  Seq Scan on cast_info ci  (cost=0.00..796071.18 rows=224 width=4) (actual time=2683.665..12729.472 rows=120 loops=1)
                    Filter: ((role_id > 2) AND (person_id = 631945))
                    Rows Removed by Filter: 36244224
              ->  Index Only Scan using title_pkey on title t  (cost=0.43..8.41 rows=1 width=4) (actual time=0.023..0.024 rows=1 loops=120)
                    Index Cond: (id = ci.movie_id)
                    Heap Fetches: 120
Planning time: 1.250 ms
Execution time: 14558.422 ms
