Hash Join  (cost=98137.04..266577.89 rows=2924929 width=0) (actual time=1788.931..5870.383 rows=1469226 loops=1)
  Hash Cond: (mk.movie_id = t.id)
  ->  Seq Scan on movie_keyword mk  (cost=0.00..81003.12 rows=3974088 width=4) (actual time=0.020..1750.061 rows=3977484 loops=1)
        Filter: (keyword_id < 33680)
        Rows Removed by Filter: 546446
  ->  Hash  (cost=67604.59..67604.59 rows=1860996 width=4) (actual time=1787.956..1787.956 rows=1865487 loops=1)
        Buckets: 131072  Batches: 32  Memory Usage: 3085kB
        ->  Seq Scan on title t  (cost=0.00..67604.59 rows=1860996 width=4) (actual time=0.015..1158.921 rows=1865487 loops=1)
              Filter: (kind_id > 1)
              Rows Removed by Filter: 662825
Planning time: 0.776 ms
Execution time: 6022.349 ms
