Hash Join  (cost=95545.94..460854.09 rows=65224 width=0) (actual time=1585.474..9013.175 rows=215806 loops=1)
  Hash Cond: (mi.movie_id = t.id)
  ->  Seq Scan on movie_info mi  (cost=0.00..309384.22 rows=14739122 width=4) (actual time=0.016..4029.923 rows=14835720 loops=1)
  ->  Hash  (cost=95406.08..95406.08 rows=11189 width=8) (actual time=1584.908..1584.908 rows=13845 loops=1)
        Buckets: 16384  Batches: 1  Memory Usage: 669kB
        ->  Hash Join  (cost=68365.25..95406.08 rows=11189 width=8) (actual time=1015.427..1579.082 rows=13845 loops=1)
              Hash Cond: (mi_idx.movie_id = t.id)
              ->  Seq Scan on movie_info_idx mi_idx  (cost=0.00..25185.44 rows=464934 width=4) (actual time=0.029..415.065 rows=460185 loops=1)
                    Filter: (info_type_id > 100)
                    Rows Removed by Filter: 919850
              ->  Hash  (cost=67604.59..67604.59 rows=60853 width=4) (actual time=1015.067..1015.067 rows=62568 loops=1)
                    Buckets: 65536  Batches: 1  Memory Usage: 2712kB
                    ->  Seq Scan on title t  (cost=0.00..67604.59 rows=60853 width=4) (actual time=0.015..988.873 rows=62568 loops=1)
                          Filter: (production_year = 2002)
                          Rows Removed by Filter: 2465744
Planning time: 1.661 ms
Execution time: 9046.776 ms
