Hash Join  (cost=102767.86..194762.90 rows=1005299 width=0) (actual time=1679.756..4051.671 rows=1158904 loops=1)
  Hash Cond: (mc.movie_id = t.id)
  ->  Seq Scan on movie_companies mc  (cost=0.00..57926.93 rows=1005299 width=4) (actual time=0.016..1003.485 rows=1158904 loops=1)
        Filter: ((company_id > 834) AND (company_type_id = 2))
        Rows Removed by Filter: 1450225
  ->  Hash  (cost=61283.27..61283.27 rows=2528527 width=4) (actual time=1678.698..1678.698 rows=2528312 loops=1)
        Buckets: 131072  Batches: 64  Memory Usage: 2415kB
        ->  Seq Scan on title t  (cost=0.00..61283.27 rows=2528527 width=4) (actual time=0.013..827.604 rows=2528312 loops=1)
Planning time: 0.702 ms
Execution time: 4197.858 ms
