Nested Loop  (cost=0.43..797555.70 rows=176 width=0) (actual time=3832.445..8590.586 rows=1 loops=1)
  ->  Seq Scan on cast_info ci  (cost=0.00..796071.18 rows=176 width=4) (actual time=3832.283..8590.419 rows=1 loops=1)
        Filter: ((person_id = 173204) AND (role_id = 1))
        Rows Removed by Filter: 36244343
  ->  Index Only Scan using title_pkey on title t  (cost=0.43..8.42 rows=1 width=4) (actual time=0.095..0.096 rows=1 loops=1)
        Index Cond: (id = ci.movie_id)
        Heap Fetches: 1
Planning time: 0.790 ms
Execution time: 8590.662 ms
