Hash Join  (cost=83072.91..109961.33 rows=1 width=0) (actual time=1158.578..1562.896 rows=3 loops=1)
  Hash Cond: (mi_idx.movie_id = t.id)
  ->  Seq Scan on movie_info_idx mi_idx  (cost=0.00..25185.44 rows=454124 width=4) (actual time=0.028..394.570 rows=459925 loops=1)
        Filter: (info_type_id = 100)
        Rows Removed by Filter: 920110
  ->  Hash  (cost=83072.90..83072.90 rows=1 width=8) (actual time=1103.650..1103.650 rows=5 loops=1)
        Buckets: 1024  Batches: 1  Memory Usage: 9kB
        ->  Nested Loop  (cost=0.43..83072.90 rows=1 width=8) (actual time=648.501..1103.624 rows=5 loops=1)
              ->  Seq Scan on movie_keyword mk  (cost=0.00..81003.12 rows=246 width=4) (actual time=0.231..1071.292 rows=1366 loops=1)
                    Filter: (keyword_id = 1301)
                    Rows Removed by Filter: 4522564
              ->  Index Scan using title_pkey on title t  (cost=0.43..8.40 rows=1 width=4) (actual time=0.023..0.023 rows=0 loops=1366)
                    Index Cond: (id = mk.movie_id)
                    Filter: ((kind_id > 1) AND (production_year = 1989))
                    Rows Removed by Filter: 1
Planning time: 1.199 ms
Execution time: 1563.054 ms
