Hash Join  (cost=251805.02..726265.10 rows=4947849 width=0) (actual time=7866.871..18983.200 rows=14599809 loops=1)
  Hash Cond: (mi.movie_id = t.id)
  ->  Seq Scan on movie_info mi  (cost=0.00..346232.03 rows=5445713 width=4) (actual time=1371.695..5390.319 rows=5410520 loops=1)
        Filter: (info_type_id < 6)
        Rows Removed by Filter: 9425200
  ->  Hash  (cost=214113.01..214113.01 rows=2297361 width=8) (actual time=6494.295..6494.295 rows=2416390 loops=1)
        Buckets: 131072  Batches: 32  Memory Usage: 4024kB
        ->  Hash Join  (cost=104131.46..214113.01 rows=2297361 width=8) (actual time=2027.117..5371.450 rows=2416390 loops=1)
              Hash Cond: (mc.movie_id = t.id)
              ->  Seq Scan on movie_companies mc  (cost=0.00..44881.29 rows=2609129 width=4) (actual time=0.022..808.064 rows=2609129 loops=1)
              ->  Hash  (cost=67604.59..67604.59 rows=2226390 width=4) (actual time=2026.370..2026.370 rows=2224569 loops=1)
                    Buckets: 131072  Batches: 32  Memory Usage: 3463kB
                    ->  Seq Scan on title t  (cost=0.00..67604.59 rows=2226390 width=4) (actual time=0.017..1187.423 rows=2224569 loops=1)
                          Filter: (production_year < 2012)
                          Rows Removed by Filter: 303743
Planning time: 1.184 ms
Execution time: 20749.979 ms
