Hash Join  (cost=310116.05..1350674.07 rows=14484701 width=0) (actual time=6533.460..40446.820 rows=49935714 loops=1)
  Hash Cond: (ci.movie_id = t.id)
  ->  Seq Scan on cast_info ci  (cost=0.00..705507.15 rows=12726058 width=4) (actual time=0.016..13521.674 rows=12670688 loops=1)
        Filter: (role_id = 1)
        Rows Removed by Filter: 23573656
  ->  Hash  (cost=262899.67..262899.67 rows=2877950 width=8) (actual time=6531.537..6531.537 rows=2872196 loops=1)
        Buckets: 131072  Batches: 64  Memory Usage: 2795kB
        ->  Hash Join  (cost=102767.86..262899.67 rows=2877950 width=8) (actual time=1792.933..5810.493 rows=2872196 loops=1)
              Hash Cond: (mk.movie_id = t.id)
              ->  Seq Scan on movie_keyword mk  (cost=0.00..81003.12 rows=2877950 width=4) (actual time=0.015..1626.917 rows=2872196 loops=1)
                    Filter: (keyword_id < 8859)
                    Rows Removed by Filter: 1651734
              ->  Hash  (cost=61283.27..61283.27 rows=2528527 width=4) (actual time=1790.442..1790.442 rows=2528312 loops=1)
                    Buckets: 131072  Batches: 64  Memory Usage: 2425kB
                    ->  Seq Scan on title t  (cost=0.00..61283.27 rows=2528527 width=4) (actual time=0.025..919.661 rows=2528312 loops=1)
Planning time: 1.047 ms
Execution time: 46031.106 ms
