Hash Join  (cost=102767.86..170877.36 rows=283655 width=0) (actual time=1519.815..3439.039 rows=278880 loops=1)
  Hash Cond: (mc.movie_id = t.id)
  ->  Seq Scan on movie_companies mc  (cost=0.00..51404.11 rows=283655 width=4) (actual time=0.018..809.397 rows=278880 loops=1)
        Filter: (company_id < 150)
        Rows Removed by Filter: 2330249
  ->  Hash  (cost=61283.27..61283.27 rows=2528527 width=4) (actual time=1516.391..1516.391 rows=2528312 loops=1)
        Buckets: 131072  Batches: 64  Memory Usage: 2415kB
        ->  Seq Scan on title t  (cost=0.00..61283.27 rows=2528527 width=4) (actual time=0.014..784.840 rows=2528312 loops=1)
Planning time: 1.594 ms
Execution time: 3474.968 ms
