Hash Join  (cost=67697.55..151613.76 rows=2267 width=0) (actual time=894.444..2176.557 rows=1570 loops=1)
  Hash Cond: (mk.movie_id = t.id)
  ->  Seq Scan on movie_keyword mk  (cost=0.00..81003.12 rows=770777 width=4) (actual time=0.020..1170.993 rows=771771 loops=1)
        Filter: (keyword_id < 731)
        Rows Removed by Filter: 3752159
  ->  Hash  (cost=67604.59..67604.59 rows=7437 width=4) (actual time=859.684..859.684 rows=7670 loops=1)
        Buckets: 8192  Batches: 1  Memory Usage: 334kB
        ->  Seq Scan on title t  (cost=0.00..67604.59 rows=7437 width=4) (actual time=0.022..856.596 rows=7670 loops=1)
              Filter: (production_year = 1915)
              Rows Removed by Filter: 2520642
Planning time: 0.805 ms
Execution time: 2176.988 ms
