Hash Join  (cost=245508.70..759178.11 rows=4949904 width=0) (actual time=4780.894..28551.733 rows=61540029 loops=1)
  Hash Cond: (mi.movie_id = t.id)
  ->  Seq Scan on movie_info mi  (cost=0.00..346232.03 rows=9767026 width=4) (actual time=0.023..6158.823 rows=9911754 loops=1)
        Filter: (info_type_id > 4)
        Rows Removed by Filter: 4923966
  ->  Hash  (cost=224484.56..224484.56 rows=1281451 width=8) (actual time=4779.833..4779.833 rows=1291842 loops=1)
        Buckets: 131072  Batches: 32  Memory Usage: 2673kB
        ->  Hash Join  (cost=102767.86..224484.56 rows=1281451 width=8) (actual time=1816.971..4448.726 rows=1291842 loops=1)
              Hash Cond: (mk.movie_id = t.id)
              ->  Seq Scan on movie_keyword mk  (cost=0.00..81003.12 rows=1281451 width=4) (actual time=0.025..1343.543 rows=1291842 loops=1)
                    Filter: (keyword_id > 13683)
                    Rows Removed by Filter: 3232088
              ->  Hash  (cost=61283.27..61283.27 rows=2528527 width=4) (actual time=1813.446..1813.446 rows=2528312 loops=1)
                    Buckets: 131072  Batches: 64  Memory Usage: 2425kB
                    ->  Seq Scan on title t  (cost=0.00..61283.27 rows=2528527 width=4) (actual time=0.009..970.041 rows=2528312 loops=1)
Planning time: 1.179 ms
Execution time: 34869.299 ms
