Seq Scan on title t  (cost=0.00..73925.90 rows=770860 width=0) (actual time=0.017..3531.923 rows=682281 loops=1)
  Filter: ((production_year < 2004) AND (kind_id = 7))
  Rows Removed by Filter: 1846031
Planning time: 0.357 ms
Execution time: 3649.001 ms
