Hash Join  (cost=186450.17..1191879.67 rows=1685515 width=0) (actual time=3317.169..26950.950 rows=9036434 loops=1)
  Hash Cond: (ci.movie_id = t.id)
  ->  Seq Scan on cast_info ci  (cost=0.00..796071.18 rows=16561909 width=4) (actual time=0.040..15248.736 rows=12871463 loops=1)
        Filter: ((person_id < 2637939) AND (role_id > 1))
        Rows Removed by Filter: 23372881
  ->  Hash  (cost=182227.54..182227.54 rows=257330 width=8) (actual time=3316.345..3316.345 rows=434128 loops=1)
        Buckets: 131072 (originally 131072)  Batches: 8 (originally 4)  Memory Usage: 3189kB
        ->  Hash Join  (cost=84005.63..182227.54 rows=257330 width=8) (actual time=1168.634..3192.155 rows=434128 loops=1)
              Hash Cond: (mk.movie_id = t.id)
              ->  Seq Scan on movie_keyword mk  (cost=0.00..81003.12 rows=1059063 width=4) (actual time=0.019..1355.059 rows=1062030 loops=1)
                    Filter: (keyword_id > 16520)
                    Rows Removed by Filter: 3461900
              ->  Hash  (cost=73925.90..73925.90 rows=614378 width=4) (actual time=1167.835..1167.835 rows=520376 loops=1)
                    Buckets: 131072  Batches: 16  Memory Usage: 2170kB
                    ->  Seq Scan on title t  (cost=0.00..73925.90 rows=614378 width=4) (actual time=0.013..997.557 rows=520376 loops=1)
                          Filter: ((kind_id < 7) AND (production_year > 1996))
                          Rows Removed by Filter: 2007936
Planning time: 1.156 ms
Execution time: 28042.418 ms
