Hash Join  (cost=709678.15..1074363.23 rows=2915 width=0) (actual time=9850.072..16597.211 rows=961 loops=1)
  Hash Cond: (mi.movie_id = t.id)
  ->  Seq Scan on movie_info mi  (cost=0.00..309384.22 rows=14739122 width=4) (actual time=0.014..4117.653 rows=14835720 loops=1)
  ->  Hash  (cost=709671.90..709671.90 rows=500 width=8) (actual time=9787.141..9787.141 rows=78 loops=1)
        Buckets: 1024  Batches: 1  Memory Usage: 12kB
        ->  Nested Loop  (cost=0.43..709671.90 rows=500 width=8) (actual time=5482.579..9787.091 rows=78 loops=1)
              ->  Seq Scan on cast_info ci  (cost=0.00..705507.15 rows=500 width=4) (actual time=5482.459..9785.830 rows=78 loops=1)
                    Filter: (person_id = 3332027)
                    Rows Removed by Filter: 36244266
              ->  Index Only Scan using title_pkey on title t  (cost=0.43..8.32 rows=1 width=4) (actual time=0.015..0.015 rows=1 loops=78)
                    Index Cond: (id = ci.movie_id)
                    Heap Fetches: 78
Planning time: 1.199 ms
Execution time: 16597.556 ms
