Hash Join  (cost=74334.23..809686.84 rows=99395 width=0) (actual time=1979.475..13838.333 rows=80834 loops=1)
  Hash Cond: (ci.movie_id = t.id)
  ->  Seq Scan on cast_info ci  (cost=0.00..705507.15 rows=7693735 width=4) (actual time=920.239..10793.424 rows=7592192 loops=1)
        Filter: (person_id < 736239)
        Rows Removed by Filter: 28652152
  ->  Hash  (cost=73925.90..73925.90 rows=32666 width=4) (actual time=1055.869..1055.869 rows=22974 loops=1)
        Buckets: 32768  Batches: 1  Memory Usage: 1064kB
        ->  Seq Scan on title t  (cost=0.00..73925.90 rows=32666 width=4) (actual time=0.678..1045.753 rows=22974 loops=1)
              Filter: ((kind_id < 4) AND (production_year = 2005))
              Rows Removed by Filter: 2505338
Planning time: 1.956 ms
Execution time: 13852.090 ms
