Hash Join  (cost=75600.72..458947.96 rows=123849 width=0) (actual time=3192.161..7353.970 rows=96864 loops=1)
  Hash Cond: (mi.movie_id = t.id)
  ->  Seq Scan on movie_info mi  (cost=0.00..346232.03 rows=3068194 width=4) (actual time=799.733..5065.971 rows=3036719 loops=1)
        Filter: (info_type_id = 16)
        Rows Removed by Filter: 11799001
  ->  Hash  (cost=73925.90..73925.90 rows=102065 width=4) (actual time=1143.246..1143.246 rows=117918 loops=1)
        Buckets: 131072  Batches: 2  Memory Usage: 3101kB
        ->  Seq Scan on title t  (cost=0.00..73925.90 rows=102065 width=4) (actual time=0.025..1100.551 rows=117918 loops=1)
              Filter: ((production_year > 1956) AND (kind_id = 4))
              Rows Removed by Filter: 2410394
Planning time: 0.789 ms
Execution time: 7367.256 ms
