Hash Join  (cost=82732.15..431308.52 rows=3808 width=0) (actual time=4804.293..6063.098 rows=5845 loops=1)
  Hash Cond: (mi.movie_id = t.id)
  ->  Seq Scan on movie_info mi  (cost=0.00..346232.03 rows=17937 width=4) (actual time=3610.239..4798.102 rows=18539 loops=1)
        Filter: (info_type_id = 90)
        Rows Removed by Filter: 14817181
  ->  Hash  (cost=73925.90..73925.90 rows=536740 width=4) (actual time=1188.632..1188.632 rows=412270 loops=1)
        Buckets: 131072  Batches: 8  Memory Usage: 2852kB
        ->  Seq Scan on title t  (cost=0.00..73925.90 rows=536740 width=4) (actual time=0.030..1063.051 rows=412270 loops=1)
              Filter: ((production_year > 1973) AND (kind_id = 1))
              Rows Removed by Filter: 2116042
Planning time: 0.773 ms
Execution time: 6064.124 ms
