Seq Scan on movie_keyword mk  (cost=0.00..81003.12 rows=246 width=0) (actual time=3.755..1152.772 rows=147 loops=1)
  Filter: (keyword_id = 2111)
  Rows Removed by Filter: 4523783
Planning time: 0.240 ms
Execution time: 1152.943 ms
