Hash Join  (cost=80562.70..192475.60 rows=591737 width=0) (actual time=1330.771..4483.621 rows=390462 loops=1)
  Hash Cond: (mk.movie_id = t.id)
  ->  Seq Scan on movie_keyword mk  (cost=0.00..81003.12 rows=1894507 width=4) (actual time=0.025..1451.765 rows=1900465 loops=1)
        Filter: (keyword_id > 7105)
        Rows Removed by Filter: 2623465
  ->  Hash  (cost=67604.59..67604.59 rows=789769 width=4) (actual time=1328.607..1328.607 rows=784926 loops=1)
        Buckets: 131072  Batches: 16  Memory Usage: 2756kB
        ->  Seq Scan on title t  (cost=0.00..67604.59 rows=789769 width=4) (actual time=0.013..1064.241 rows=784926 loops=1)
              Filter: (production_year > 2007)
              Rows Removed by Filter: 1743386
Planning time: 0.751 ms
Execution time: 4533.811 ms
