Hash Join  (cost=102454.22..283262.59 rows=3623719 width=0) (actual time=2295.769..6960.709 rows=3446996 loops=1)
  Hash Cond: (mk.movie_id = t.id)
  ->  Seq Scan on movie_keyword mk  (cost=0.00..81003.12 rows=4313609 width=4) (actual time=0.017..1634.410 rows=4298306 loops=1)
        Filter: (keyword_id > 178)
        Rows Removed by Filter: 225624
  ->  Hash  (cost=67604.59..67604.59 rows=2124131 width=4) (actual time=2294.946..2294.946 rows=2118372 loops=1)
        Buckets: 131072  Batches: 32  Memory Usage: 3365kB
        ->  Seq Scan on title t  (cost=0.00..67604.59 rows=2124131 width=4) (actual time=0.009..1318.881 rows=2118372 loops=1)
              Filter: (production_year > 1967)
              Rows Removed by Filter: 409940
Planning time: 0.714 ms
Execution time: 7346.657 ms
