Hash Join  (cost=102767.86..185143.78 rows=605476 width=0) (actual time=1809.526..3932.034 rows=881918 loops=1)
  Hash Cond: (mc.movie_id = t.id)
  ->  Seq Scan on movie_companies mc  (cost=0.00..57926.93 rows=605476 width=4) (actual time=0.025..1006.128 rows=881918 loops=1)
        Filter: ((company_id > 12363) AND (company_type_id > 1))
        Rows Removed by Filter: 1727211
  ->  Hash  (cost=61283.27..61283.27 rows=2528527 width=4) (actual time=1807.504..1807.504 rows=2528312 loops=1)
        Buckets: 131072  Batches: 64  Memory Usage: 2415kB
        ->  Seq Scan on title t  (cost=0.00..61283.27 rows=2528527 width=4) (actual time=0.014..946.376 rows=2528312 loops=1)
Planning time: 0.685 ms
Execution time: 4039.617 ms
