Hash Join  (cost=74173.24..130667.45 rows=10405 width=0) (actual time=1112.794..2040.924 rows=15626 loops=1)
  Hash Cond: (mc.movie_id = t.id)
  ->  Seq Scan on movie_companies mc  (cost=0.00..51404.11 rows=1329612 width=4) (actual time=31.680..705.242 rows=1334883 loops=1)
        Filter: (company_type_id = 2)
        Rows Removed by Filter: 1274246
  ->  Hash  (cost=73925.90..73925.90 rows=19787 width=4) (actual time=1080.693..1080.693 rows=15791 loops=1)
        Buckets: 32768  Batches: 1  Memory Usage: 812kB
        ->  Seq Scan on title t  (cost=0.00..73925.90 rows=19787 width=4) (actual time=0.964..1073.958 rows=15791 loops=1)
              Filter: ((kind_id < 7) AND (production_year = 1999))
              Rows Removed by Filter: 2512521
Planning time: 0.607 ms
Execution time: 2043.628 ms
