Hash Join  (cost=75859.28..1112194.44 rows=928728 width=0) (actual time=947.462..24369.660 rows=937444 loops=1)
  Hash Cond: (ci.movie_id = t.id)
  ->  Seq Scan on cast_info ci  (cost=0.00..796071.18 rows=19936454 width=4) (actual time=0.012..16127.454 rows=18008975 loops=1)
        Filter: ((person_id < 3096239) AND (role_id > 1))
        Rows Removed by Filter: 18235369
  ->  Hash  (cost=73925.90..73925.90 rows=117790 width=4) (actual time=946.528..946.528 rows=112195 loops=1)
        Buckets: 131072  Batches: 2  Memory Usage: 2994kB
        ->  Seq Scan on title t  (cost=0.00..73925.90 rows=117790 width=4) (actual time=0.068..907.236 rows=112195 loops=1)
              Filter: ((kind_id < 3) AND (production_year > 2010))
              Rows Removed by Filter: 2416117
Planning time: 2.951 ms
Execution time: 24496.994 ms
