Seq Scan on title t  (cost=0.00..73925.90 rows=299880 width=0) (actual time=0.022..3215.836 rows=391036 loops=1)
  Filter: ((production_year < 2002) AND (kind_id = 1))
  Rows Removed by Filter: 2137276
Planning time: 0.360 ms
Execution time: 3289.462 ms
