Hash Join  (cost=190230.21..315032.89 rows=1231626 width=0) (actual time=4063.011..8183.079 rows=5156523 loops=1)
  Hash Cond: (mk.movie_id = t.id)
  ->  Seq Scan on movie_keyword mk  (cost=0.00..81003.12 rows=2256610 width=4) (actual time=0.035..1510.149 rows=2260589 loops=1)
        Filter: (keyword_id < 4691)
        Rows Removed by Filter: 2263341
  ->  Hash  (cost=167588.78..167588.78 rows=1380035 width=8) (actual time=4058.674..4058.674 rows=1380035 loops=1)
        Buckets: 131072  Batches: 32  Memory Usage: 2726kB
        ->  Hash Join  (cost=102767.86..167588.78 rows=1380035 width=8) (actual time=1753.870..3651.771 rows=1380035 loops=1)
              Hash Cond: (mi_idx.movie_id = t.id)
              ->  Seq Scan on movie_info_idx mi_idx  (cost=0.00..21735.35 rows=1380035 width=4) (actual time=0.022..430.971 rows=1380035 loops=1)
              ->  Hash  (cost=61283.27..61283.27 rows=2528527 width=4) (actual time=1752.780..1752.780 rows=2528312 loops=1)
                    Buckets: 131072  Batches: 64  Memory Usage: 2415kB
                    ->  Seq Scan on title t  (cost=0.00..61283.27 rows=2528527 width=4) (actual time=0.011..958.342 rows=2528312 loops=1)
Planning time: 1.101 ms
Execution time: 8832.153 ms
