Seq Scan on movie_companies mc  (cost=0.00..57926.93 rows=316095 width=0) (actual time=50.057..786.421 rows=613475 loops=1)
  Filter: ((company_id > 61228) AND (company_type_id = 2))
  Rows Removed by Filter: 1995654
Planning time: 0.361 ms
Execution time: 860.409 ms
