Hash Join  (cost=73962.22..455839.28 rows=10887 width=0) (actual time=1034.064..8163.831 rows=27766 loops=1)
  Hash Cond: (mi.movie_id = t.id)
  ->  Seq Scan on movie_info mi  (cost=0.00..346232.03 rows=9476311 width=4) (actual time=0.020..5590.591 rows=9565151 loops=1)
        Filter: (info_type_id < 16)
        Rows Removed by Filter: 5270569
  ->  Hash  (cost=73925.90..73925.90 rows=2905 width=4) (actual time=1032.221..1032.221 rows=3178 loops=1)
        Buckets: 4096  Batches: 1  Memory Usage: 144kB
        ->  Seq Scan on title t  (cost=0.00..73925.90 rows=2905 width=4) (actual time=1.885..1030.550 rows=3178 loops=1)
              Filter: ((kind_id < 7) AND (production_year = 1954))
              Rows Removed by Filter: 2525134
Planning time: 0.728 ms
Execution time: 8169.138 ms
