Hash Join  (cost=133498.20..499490.40 rows=133627 width=0) (actual time=3073.652..9447.921 rows=1731511 loops=1)
  Hash Cond: (mi.movie_id = t.id)
  ->  Seq Scan on movie_info mi  (cost=0.00..309384.22 rows=14739122 width=4) (actual time=0.028..3610.730 rows=14835720 loops=1)
  ->  Hash  (cost=133211.65..133211.65 rows=22924 width=8) (actual time=2357.282..2357.282 rows=25957 loops=1)
        Buckets: 32768  Batches: 1  Memory Usage: 1270kB
        ->  Hash Join  (cost=74299.17..133211.65 rows=22924 width=8) (actual time=939.181..2347.427 rows=25957 loops=1)
              Hash Cond: (mc.movie_id = t.id)
              ->  Seq Scan on movie_companies mc  (cost=0.00..51404.11 rows=1941101 width=4) (actual time=0.013..999.876 rows=1936263 loops=1)
                    Filter: (company_id < 49984)
                    Rows Removed by Filter: 672866
              ->  Hash  (cost=73925.90..73925.90 rows=29861 width=4) (actual time=938.954..938.954 rows=17772 loops=1)
                    Buckets: 32768  Batches: 1  Memory Usage: 881kB
                    ->  Seq Scan on title t  (cost=0.00..73925.90 rows=29861 width=4) (actual time=0.391..931.559 rows=17772 loops=1)
                          Filter: ((kind_id = 1) AND (production_year = 2007))
                          Rows Removed by Filter: 2510540
Planning time: 1.131 ms
Execution time: 9654.300 ms
