Seq Scan on movie_keyword mk  (cost=0.00..81003.12 rows=3293616 width=0) (actual time=0.012..1310.867 rows=3284375 loops=1)
  Filter: (keyword_id > 1577)
  Rows Removed by Filter: 1239555
Planning time: 0.320 ms
Execution time: 1687.063 ms
