Hash Join  (cost=215833.08..323813.13 rows=669014 width=0) (actual time=5318.072..9953.853 rows=6909297 loops=1)
  Hash Cond: (mk.movie_id = t.id)
  ->  Seq Scan on movie_keyword mk  (cost=0.00..81003.12 rows=1322076 width=4) (actual time=0.020..1443.596 rows=1336681 loops=1)
        Filter: (keyword_id < 1743)
        Rows Removed by Filter: 3187249
  ->  Hash  (cost=194840.12..194840.12 rows=1279517 width=8) (actual time=5316.846..5316.846 rows=1274246 loops=1)
        Buckets: 131072  Batches: 32  Memory Usage: 2633kB
        ->  Hash Join  (cost=102767.86..194840.12 rows=1279517 width=8) (actual time=2490.279..4926.146 rows=1274246 loops=1)
              Hash Cond: (mc.movie_id = t.id)
              ->  Seq Scan on movie_companies mc  (cost=0.00..51404.11 rows=1279517 width=4) (actual time=0.016..924.695 rows=1274246 loops=1)
                    Filter: (company_type_id < 2)
                    Rows Removed by Filter: 1334883
              ->  Hash  (cost=61283.27..61283.27 rows=2528527 width=4) (actual time=2488.852..2488.852 rows=2528312 loops=1)
                    Buckets: 131072  Batches: 64  Memory Usage: 2415kB
                    ->  Seq Scan on title t  (cost=0.00..61283.27 rows=2528527 width=4) (actual time=0.008..931.202 rows=2528312 loops=1)
Planning time: 1.143 ms
Execution time: 10796.884 ms
