Seq Scan on movie_keyword mk  (cost=0.00..81003.12 rows=246 width=0) (actual time=0.423..1174.921 rows=1938 loops=1)
  Filter: (keyword_id = 1878)
  Rows Removed by Filter: 4521992
Planning time: 0.351 ms
Execution time: 1175.600 ms
