Hash Join  (cost=74093.07..136330.73 rows=5995 width=0) (actual time=3966.748..6950.321 rows=4611 loops=1)
  Hash Cond: (mc.movie_id = t.id)
  ->  Seq Scan on movie_companies mc  (cost=0.00..57926.93 rows=1133540 width=4) (actual time=0.011..3447.876 rows=945429 loops=1)
        Filter: ((company_id < 83328) AND (company_type_id > 1))
        Rows Removed by Filter: 1663700
  ->  Hash  (cost=73925.90..73925.90 rows=13373 width=4) (actual time=3213.603..3213.603 rows=7578 loops=1)
        Buckets: 16384  Batches: 1  Memory Usage: 395kB
        ->  Seq Scan on title t  (cost=0.00..73925.90 rows=13373 width=4) (actual time=539.750..3210.056 rows=7578 loops=1)
              Filter: ((kind_id = 1) AND (production_year = 1999))
              Rows Removed by Filter: 2520734
Planning time: 9.347 ms
Execution time: 6951.258 ms
