Seq Scan on cast_info ci  (cost=0.00..705507.15 rows=500 width=0) (actual time=4509.562..9500.351 rows=214 loops=1)
  Filter: (person_id = 1872051)
  Rows Removed by Filter: 36244130
Planning time: 0.754 ms
Execution time: 9500.480 ms
