Hash Join  (cost=189632.99..1050053.84 rows=1560447 width=0) (actual time=12648.688..20065.404 rows=4155527 loops=1)
  Hash Cond: (ci.movie_id = t.id)
  ->  Seq Scan on cast_info ci  (cost=0.00..796071.18 rows=3871254 width=4) (actual time=6865.764..11899.060 rows=1917605 loops=1)
        Filter: ((person_id < 1607267) AND (role_id > 5))
        Rows Removed by Filter: 34326739
  ->  Hash  (cost=172910.83..172910.83 rows=1019213 width=8) (actual time=5781.523..5781.523 rows=1891821 loops=1)
        Buckets: 131072 (originally 131072)  Batches: 32 (originally 16)  Memory Usage: 3321kB
        ->  Hash Join  (cost=83810.17..172910.83 rows=1019213 width=8) (actual time=1854.981..5088.523 rows=1891821 loops=1)
              Hash Cond: (mc.movie_id = t.id)
              ->  Seq Scan on movie_companies mc  (cost=0.00..44881.29 rows=2609129 width=4) (actual time=0.021..770.451 rows=2609129 loops=1)
              ->  Hash  (cost=67604.59..67604.59 rows=987727 width=4) (actual time=1854.289..1854.289 rows=985048 loops=1)
                    Buckets: 131072  Batches: 16  Memory Usage: 3188kB
                    ->  Seq Scan on title t  (cost=0.00..67604.59 rows=987727 width=4) (actual time=0.024..1084.373 rows=985048 loops=1)
                          Filter: (kind_id < 7)
                          Rows Removed by Filter: 1543264
Planning time: 1.157 ms
Execution time: 20548.991 ms
