Hash Join  (cost=260792.35..1592690.98 rows=24610251 width=0) (actual time=7069.375..85656.760 rows=193809763 loops=1)
  Hash Cond: (ci.movie_id = t.id)
  ->  Seq Scan on cast_info ci  (cost=0.00..614943.12 rows=36225612 width=4) (actual time=0.017..12241.133 rows=36244344 loops=1)
  ->  Hash  (cost=232609.09..232609.09 rows=1717781 width=8) (actual time=7067.059..7067.059 rows=3864487 loops=1)
        Buckets: 131072 (originally 131072)  Batches: 64 (originally 32)  Memory Usage: 3424kB
        ->  Hash Join  (cost=89678.24..232609.09 rows=1717781 width=8) (actual time=1397.918..5917.840 rows=3864487 loops=1)
              Hash Cond: (mk.movie_id = t.id)
              ->  Seq Scan on movie_keyword mk  (cost=0.00..69693.30 rows=4523930 width=4) (actual time=0.014..1307.635 rows=4523930 loops=1)
              ->  Hash  (cost=73925.90..73925.90 rows=960107 width=4) (actual time=1397.064..1397.064 rows=977778 loops=1)
                    Buckets: 131072  Batches: 16  Memory Usage: 3181kB
                    ->  Seq Scan on title t  (cost=0.00..73925.90 rows=960107 width=4) (actual time=0.026..1082.101 rows=977778 loops=1)
                          Filter: ((kind_id < 7) AND (production_year > 0))
                          Rows Removed by Filter: 1550534
Planning time: 1.143 ms
Execution time: 106138.723 ms
