Seq Scan on movie_companies mc  (cost=0.00..57926.93 rows=1094986 width=0) (actual time=0.026..985.286 rows=870349 loops=1)
  Filter: ((company_id < 76358) AND (company_type_id = 2))
  Rows Removed by Filter: 1738780
Planning time: 0.367 ms
Execution time: 1094.714 ms
