Nested Loop  (cost=0.43..83072.90 rows=10 width=0) (actual time=456.392..1150.688 rows=2 loops=1)
  ->  Seq Scan on movie_keyword mk  (cost=0.00..81003.12 rows=246 width=4) (actual time=1.003..1139.691 rows=440 loops=1)
        Filter: (keyword_id = 7556)
        Rows Removed by Filter: 4523490
  ->  Index Scan using title_pkey on title t  (cost=0.43..8.40 rows=1 width=4) (actual time=0.023..0.023 rows=0 loops=440)
        Index Cond: (id = mk.movie_id)
        Filter: ((kind_id = 7) AND (production_year = 2011))
        Rows Removed by Filter: 1
Planning time: 0.716 ms
Execution time: 1150.826 ms
