Hash Join  (cost=73950.44..455104.90 rows=7215 width=0) (actual time=4851.988..26328.789 rows=64123 loops=1)
  Hash Cond: (mi.movie_id = t.id)
  ->  Seq Scan on movie_info mi  (cost=0.00..346232.03 rows=9293409 width=4) (actual time=1257.389..20544.849 rows=9425200 loops=1)
        Filter: (info_type_id > 5)
        Rows Removed by Filter: 5410520
  ->  Hash  (cost=73925.90..73925.90 rows=1963 width=4) (actual time=3195.237..3195.237 rows=8125 loops=1)
        Buckets: 8192 (originally 2048)  Batches: 1 (originally 1)  Memory Usage: 350kB
        ->  Seq Scan on title t  (cost=0.00..73925.90 rows=1963 width=4) (actual time=0.044..3188.687 rows=8125 loops=1)
              Filter: ((kind_id = 1) AND (production_year = 1914))
              Rows Removed by Filter: 2520187
Planning time: 2.746 ms
Execution time: 26352.802 ms
