Hash Join  (cost=102091.72..194573.98 rows=34671 width=0) (actual time=1765.265..3594.902 rows=60617 loops=1)
  Hash Cond: (mk.movie_id = t.id)
  ->  Seq Scan on movie_keyword mk  (cost=0.00..81003.12 rows=2968646 width=4) (actual time=0.018..1339.804 rows=2951016 loops=1)
        Filter: (keyword_id < 9976)
        Rows Removed by Filter: 1572914
  ->  Hash  (cost=101722.58..101722.58 rows=29531 width=8) (actual time=1764.424..1764.424 rows=20683 loops=1)
        Buckets: 32768  Batches: 1  Memory Usage: 1064kB
        ->  Hash Join  (cost=70241.71..101722.58 rows=29531 width=8) (actual time=1041.956..1755.866 rows=20683 loops=1)
              Hash Cond: (mi_idx.movie_id = t.id)
              ->  Seq Scan on movie_info_idx mi_idx  (cost=0.00..25185.44 rows=464566 width=4) (actual time=0.024..480.299 rows=459925 loops=1)
                    Filter: (info_type_id = 101)
                    Rows Removed by Filter: 920110
              ->  Hash  (cost=67604.59..67604.59 rows=160730 width=4) (actual time=1041.141..1041.141 rows=160017 loops=1)
                    Buckets: 131072  Batches: 4  Memory Usage: 2436kB
                    ->  Seq Scan on title t  (cost=0.00..67604.59 rows=160730 width=4) (actual time=0.018..982.272 rows=160017 loops=1)
                          Filter: (production_year = 2011)
                          Rows Removed by Filter: 2368295
Planning time: 1.075 ms
Execution time: 3603.317 ms
