Seq Scan on cast_info ci  (cost=0.00..796071.18 rows=15687342 width=0) (actual time=0.022..15527.969 rows=15840281 loops=1)
  Filter: ((person_id > 106722) AND (role_id > 2))
  Rows Removed by Filter: 20404063
Planning time: 0.346 ms
Execution time: 17491.961 ms
