Hash Join  (cost=67697.55..421767.67 rows=6100 width=0) (actual time=1931.289..5674.933 rows=2738 loops=1)
  Hash Cond: (mi.movie_id = t.id)
  ->  Seq Scan on movie_info mi  (cost=0.00..346232.03 rows=2073893 width=4) (actual time=788.232..4436.292 rows=2091068 loops=1)
        Filter: (info_type_id < 3)
        Rows Removed by Filter: 12744652
  ->  Hash  (cost=67604.59..67604.59 rows=7437 width=4) (actual time=933.116..933.116 rows=2618 loops=1)
        Buckets: 8192  Batches: 1  Memory Usage: 157kB
        ->  Seq Scan on title t  (cost=0.00..67604.59 rows=7437 width=4) (actual time=0.243..931.653 rows=2618 loops=1)
              Filter: (production_year = 1903)
              Rows Removed by Filter: 2525694
Planning time: 0.734 ms
Execution time: 5675.515 ms
