Seq Scan on movie_keyword mk  (cost=0.00..81003.12 rows=849195 width=0) (actual time=0.024..1178.662 rows=853464 loops=1)
  Filter: (keyword_id < 815)
  Rows Removed by Filter: 3670466
Planning time: 0.321 ms
Execution time: 1289.320 ms
