Seq Scan on movie_keyword mk  (cost=0.00..81003.12 rows=3512813 width=0) (actual time=0.026..1440.445 rows=3505444 loops=1)
  Filter: (keyword_id < 17704)
  Rows Removed by Filter: 1018486
Planning time: 0.312 ms
Execution time: 1899.730 ms
