Hash Join  (cost=102767.86..181844.02 rows=739449 width=0) (actual time=1797.723..3609.066 rows=732405 loops=1)
  Hash Cond: (mc.movie_id = t.id)
  ->  Seq Scan on movie_companies mc  (cost=0.00..51404.11 rows=739449 width=4) (actual time=0.065..842.946 rows=732405 loops=1)
        Filter: (company_id < 1431)
        Rows Removed by Filter: 1876724
  ->  Hash  (cost=61283.27..61283.27 rows=2528527 width=4) (actual time=1796.751..1796.751 rows=2528312 loops=1)
        Buckets: 131072  Batches: 64  Memory Usage: 2415kB
        ->  Seq Scan on title t  (cost=0.00..61283.27 rows=2528527 width=4) (actual time=0.021..941.984 rows=2528312 loops=1)
Planning time: 0.714 ms
Execution time: 3695.720 ms
