Seq Scan on title t  (cost=0.00..73925.90 rows=10502 width=0) (actual time=276.304..854.454 rows=6334 loops=1)
  Filter: ((production_year > 2011) AND (kind_id = 4))
  Rows Removed by Filter: 2521978
Planning time: 0.370 ms
Execution time: 855.776 ms
