Hash Join  (cost=83073.49..144682.21 rows=37 width=0) (actual time=1155.885..2207.786 rows=59 loops=1)
  Hash Cond: (mc.movie_id = t.id)
  ->  Seq Scan on movie_companies mc  (cost=0.00..57926.93 rows=981712 width=4) (actual time=0.036..958.785 rows=838456 loops=1)
        Filter: ((company_id > 699) AND (company_type_id = 1))
        Rows Removed by Filter: 1770673
  ->  Hash  (cost=83072.29..83072.29 rows=96 width=8) (actual time=1138.667..1138.667 rows=9 loops=1)
        Buckets: 1024  Batches: 1  Memory Usage: 9kB
        ->  Nested Loop  (cost=0.43..83072.29 rows=96 width=8) (actual time=7.178..1138.646 rows=9 loops=1)
              ->  Seq Scan on movie_keyword mk  (cost=0.00..81003.12 rows=246 width=4) (actual time=7.120..1138.173 rows=9 loops=1)
                    Filter: (keyword_id = 85739)
                    Rows Removed by Filter: 4523921
              ->  Index Scan using title_pkey on title t  (cost=0.43..8.40 rows=1 width=4) (actual time=0.044..0.045 rows=1 loops=9)
                    Index Cond: (id = mk.movie_id)
                    Filter: (kind_id < 7)
Planning time: 1.216 ms
Execution time: 2207.952 ms
