Hash Join  (cost=980211.55..1717449.13 rows=16594440 width=0) (actual time=19990.925..41322.363 rows=27055462 loops=1)
  Hash Cond: (mi.movie_id = t.id)
  ->  Seq Scan on movie_info mi  (cost=0.00..346232.03 rows=13929354 width=4) (actual time=0.028..6979.377 rows=14033580 loops=1)
        Filter: (info_type_id > 1)
        Rows Removed by Filter: 802140
  ->  Hash  (cost=930790.71..930790.71 rows=3012307 width=8) (actual time=19989.437..19989.437 rows=2874067 loops=1)
        Buckets: 131072  Batches: 64  Memory Usage: 2818kB
        ->  Hash Join  (cost=80562.70..930790.71 rows=3012307 width=8) (actual time=1377.188..19071.066 rows=2874067 loops=1)
              Hash Cond: (ci.movie_id = t.id)
              ->  Seq Scan on cast_info ci  (cost=0.00..705507.15 rows=9644211 width=4) (actual time=0.012..11980.172 rows=9456968 loops=1)
                    Filter: (person_id < 930982)
                    Rows Removed by Filter: 26787376
              ->  Hash  (cost=67604.59..67604.59 rows=789769 width=4) (actual time=1376.241..1376.241 rows=784926 loops=1)
                    Buckets: 131072  Batches: 16  Memory Usage: 2749kB
                    ->  Seq Scan on title t  (cost=0.00..67604.59 rows=789769 width=4) (actual time=0.023..1125.782 rows=784926 loops=1)
                          Filter: (production_year > 2007)
                          Rows Removed by Filter: 1743386
Planning time: 1.110 ms
Execution time: 44247.718 ms
