Hash Join  (cost=67608.71..416151.89 rows=80 width=0) (actual time=4379.515..5631.211 rows=2 loops=1)
  Hash Cond: (mi.movie_id = t.id)
  ->  Seq Scan on movie_info mi  (cost=0.00..346232.03 rows=616095 width=4) (actual time=3200.148..4681.982 rows=598457 loops=1)
        Filter: (info_type_id = 15)
        Rows Removed by Filter: 14237263
  ->  Hash  (cost=67604.59..67604.59 rows=330 width=4) (actual time=871.839..871.839 rows=438 loops=1)
        Buckets: 1024  Batches: 1  Memory Usage: 24kB
        ->  Seq Scan on title t  (cost=0.00..67604.59 rows=330 width=4) (actual time=0.485..871.545 rows=438 loops=1)
              Filter: (production_year > 2014)
              Rows Removed by Filter: 2527874
Planning time: 0.928 ms
Execution time: 5631.305 ms
