Hash Join  (cost=137708.86..246751.70 rows=325207 width=0) (actual time=3201.020..6721.085 rows=3866354 loops=1)
  Hash Cond: (mk.movie_id = t.id)
  ->  Seq Scan on movie_keyword mk  (cost=0.00..81003.12 rows=2005237 width=4) (actual time=0.023..1502.845 rows=2011561 loops=1)
        Filter: (keyword_id < 3580)
        Rows Removed by Filter: 2512369
  ->  Hash  (cost=130980.94..130980.94 rows=410074 width=8) (actual time=3199.217..3199.217 rows=838326 loops=1)
        Buckets: 131072 (originally 131072)  Batches: 16 (originally 8)  Memory Usage: 3092kB
        ->  Hash Join  (cost=86252.72..130980.94 rows=410074 width=8) (actual time=1474.264..2942.058 rows=838326 loops=1)
              Hash Cond: (mi_idx.movie_id = t.id)
              ->  Seq Scan on movie_info_idx mi_idx  (cost=0.00..21735.35 rows=1380035 width=4) (actual time=0.012..464.931 rows=1380035 loops=1)
              ->  Hash  (cost=73925.90..73925.90 rows=751345 width=4) (actual time=1473.294..1473.294 rows=793943 loops=1)
                    Buckets: 131072  Batches: 16  Memory Usage: 2771kB
                    ->  Seq Scan on title t  (cost=0.00..73925.90 rows=751345 width=4) (actual time=0.022..1229.734 rows=793943 loops=1)
                          Filter: ((kind_id < 7) AND (production_year < 2010))
                          Rows Removed by Filter: 1734369
Planning time: 1.174 ms
Execution time: 7143.241 ms
