Hash Join  (cost=195487.74..1343615.06 rows=11128916 width=0) (actual time=4271.340..39710.943 rows=24826142 loops=1)
  Hash Cond: (ci.movie_id = t.id)
  ->  Seq Scan on cast_info ci  (cost=0.00..614943.12 rows=36225612 width=4) (actual time=0.006..11871.223 rows=36244344 loops=1)
  ->  Hash  (cost=182742.84..182742.84 rows=776792 width=8) (actual time=4270.468..4270.468 rows=767253 loops=1)
        Buckets: 131072  Batches: 16  Memory Usage: 2890kB
        ->  Hash Join  (cost=102767.86..182742.84 rows=776792 width=8) (actual time=1879.985..3755.221 rows=767253 loops=1)
              Hash Cond: (mc.movie_id = t.id)
              ->  Seq Scan on movie_companies mc  (cost=0.00..51404.11 rows=776792 width=4) (actual time=0.026..803.748 rows=767253 loops=1)
                    Filter: (company_id < 1609)
                    Rows Removed by Filter: 1841876
              ->  Hash  (cost=61283.27..61283.27 rows=2528527 width=4) (actual time=1878.533..1878.533 rows=2528312 loops=1)
                    Buckets: 131072  Batches: 64  Memory Usage: 2415kB
                    ->  Seq Scan on title t  (cost=0.00..61283.27 rows=2528527 width=4) (actual time=0.011..1060.372 rows=2528312 loops=1)
Planning time: 1.115 ms
Execution time: 42358.747 ms
