Seq Scan on movie_companies mc  (cost=0.00..51404.11 rows=1575043 width=0) (actual time=0.012..892.851 rows=1577115 loops=1)
  Filter: (company_id > 5750)
  Rows Removed by Filter: 1032014
Planning time: 0.319 ms
Execution time: 1087.863 ms
