Seq Scan on movie_companies mc  (cost=0.00..51404.11 rows=104 width=0) (actual time=9.320..726.067 rows=184 loops=1)
  Filter: (company_id = 12564)
  Rows Removed by Filter: 2608945
Planning time: 0.325 ms
Execution time: 726.184 ms
