Hash Join  (cost=94537.60..1304759.19 rows=15021938 width=0) (actual time=6067.197..86109.462 rows=17072189 loops=1)
  Hash Cond: (ci.movie_id = t.id)
  ->  Seq Scan on cast_info ci  (cost=0.00..705507.15 rows=30234416 width=4) (actual time=0.012..52205.296 rows=30348597 loops=1)
        Filter: (person_id > 570987)
        Rows Removed by Filter: 5895747
  ->  Hash  (cost=73925.90..73925.90 rows=1256296 width=4) (actual time=6066.169..6066.169 rows=1375227 loops=1)
        Buckets: 131072  Batches: 32  Memory Usage: 2542kB
        ->  Seq Scan on title t  (cost=0.00..73925.90 rows=1256296 width=4) (actual time=0.012..5169.580 rows=1375227 loops=1)
              Filter: ((kind_id > 1) AND (production_year > 1992))
              Rows Removed by Filter: 1153085
Planning time: 0.831 ms
Execution time: 88654.029 ms
