Hash Join  (cost=92125.69..228941.76 rows=890128 width=106) (actual time=1840.899..5338.492 rows=595484 loops=1)
  Hash Cond: (mk.movie_id = t.id)
  ->  Seq Scan on movie_keyword mk  (cost=0.00..81003.12 rows=2491910 width=12) (actual time=0.019..1922.419 rows=2487830 loops=1)
        Filter: (keyword_id > 3636)
        Rows Removed by Filter: 2036100
  ->  Hash  (cost=67604.59..67604.59 rows=903208 width=94) (actual time=1836.592..1836.592 rows=904491 loops=1)
        Buckets: 32768  Batches: 32  Memory Usage: 3455kB
        ->  Seq Scan on title t  (cost=0.00..67604.59 rows=903208 width=94) (actual time=0.014..1437.126 rows=904491 loops=1)
              Filter: (production_year > 2006)
              Rows Removed by Filter: 1623821
Planning time: 0.919 ms
Execution time: 5369.785 ms
