Seq Scan on movie_companies mc  (cost=0.00..51404.11 rows=4436 width=0) (actual time=10.225..2443.574 rows=3996 loops=1)
  Filter: (company_id = 150)
  Rows Removed by Filter: 2605133
Planning time: 0.306 ms
Execution time: 2444.200 ms
