Hash Join  (cost=74291.13..132939.68 rows=2157 width=0) (actual time=1158.593..1993.190 rows=1052 loops=1)
  Hash Cond: (mc.movie_id = t.id)
  ->  Seq Scan on movie_companies mc  (cost=0.00..57926.93 rows=186679 width=4) (actual time=0.048..805.214 rows=84660 loops=1)
        Filter: ((company_id < 192) AND (company_type_id > 1))
        Rows Removed by Filter: 2524469
  ->  Hash  (cost=73925.90..73925.90 rows=29218 width=4) (actual time=1158.352..1158.352 rows=30850 loops=1)
        Buckets: 32768  Batches: 1  Memory Usage: 1341kB
        ->  Seq Scan on title t  (cost=0.00..73925.90 rows=29218 width=4) (actual time=0.206..1144.446 rows=30850 loops=1)
              Filter: ((kind_id > 1) AND (production_year = 1995))
              Rows Removed by Filter: 2497462
Planning time: 0.729 ms
Execution time: 1993.577 ms
