Hash Join  (cost=96147.73..247674.28 rows=2423351 width=0) (actual time=2561.816..5720.400 rows=604445 loops=1)
  Hash Cond: (mk.movie_id = t.id)
  ->  Seq Scan on movie_keyword mk  (cost=0.00..69693.30 rows=4523930 width=4) (actual time=0.027..1231.068 rows=4523930 loops=1)
  ->  Hash  (cost=73925.90..73925.90 rows=1354466 width=4) (actual time=1978.162..1978.162 rows=1432013 loops=1)
        Buckets: 131072  Batches: 32  Memory Usage: 2605kB
        ->  Seq Scan on title t  (cost=0.00..73925.90 rows=1354466 width=4) (actual time=321.498..1287.551 rows=1432013 loops=1)
              Filter: ((production_year > 1959) AND (kind_id = 7))
              Rows Removed by Filter: 1096299
Planning time: 0.753 ms
Execution time: 5783.737 ms
