Hash Join  (cost=111047.42..198353.35 rows=31163 width=0) (actual time=2019.260..3875.748 rows=537503 loops=1)
  Hash Cond: (mk.movie_id = t.id)
  ->  Seq Scan on movie_keyword mk  (cost=0.00..81003.12 rows=1597648 width=4) (actual time=0.015..1080.024 rows=1610136 loops=1)
        Filter: (keyword_id > 9427)
        Rows Removed by Filter: 2913794
  ->  Hash  (cost=110430.91..110430.91 rows=49321 width=8) (actual time=2018.733..2018.733 rows=119107 loops=1)
        Buckets: 131072 (originally 65536)  Batches: 2 (originally 1)  Memory Usage: 3352kB
        ->  Hash Join  (cost=78364.59..110430.91 rows=49321 width=8) (actual time=1275.289..1970.781 rows=119107 loops=1)
              Hash Cond: (mi_idx.movie_id = t.id)
              ->  Seq Scan on movie_info_idx mi_idx  (cost=0.00..25185.44 rows=460978 width=4) (actual time=0.017..464.496 rows=459925 loops=1)
                    Filter: (info_type_id = 99)
                    Rows Removed by Filter: 920110
              ->  Hash  (cost=73925.90..73925.90 rows=270535 width=4) (actual time=1151.420..1151.420 rows=374196 loops=1)
                    Buckets: 131072 (originally 131072)  Batches: 8 (originally 4)  Memory Usage: 3073kB
                    ->  Seq Scan on title t  (cost=0.00..73925.90 rows=270535 width=4) (actual time=0.008..1026.716 rows=374196 loops=1)
                          Filter: ((kind_id < 2) AND (production_year < 2000))
                          Rows Removed by Filter: 2154116
Planning time: 1.162 ms
Execution time: 3935.891 ms
