Seq Scan on movie_keyword mk  (cost=0.00..81003.12 rows=246 width=0) (actual time=0.751..1083.610 rows=709 loops=1)
  Filter: (keyword_id = 7356)
  Rows Removed by Filter: 4523221
Planning time: 0.388 ms
Execution time: 1083.950 ms
