Hash Join  (cost=134870.58..888069.94 rows=241019 width=0) (actual time=2202.686..17852.988 rows=1217515 loops=1)
  Hash Cond: (ci.movie_id = t.id)
  ->  Seq Scan on cast_info ci  (cost=0.00..614943.12 rows=36225612 width=4) (actual time=0.008..7226.737 rows=36244344 loops=1)
  ->  Hash  (cost=134660.29..134660.29 rows=16823 width=8) (actual time=2202.087..2202.087 rows=21442 loops=1)
        Buckets: 32768  Batches: 1  Memory Usage: 1094kB
        ->  Hash Join  (cost=74148.97..134660.29 rows=16823 width=8) (actual time=926.008..2193.901 rows=21442 loops=1)
              Hash Cond: (mc.movie_id = t.id)
              ->  Seq Scan on movie_companies mc  (cost=0.00..51404.11 rows=2383729 width=4) (actual time=0.015..955.930 rows=2382300 loops=1)
                    Filter: (company_id < 106202)
                    Rows Removed by Filter: 226829
              ->  Hash  (cost=73925.90..73925.90 rows=17845 width=4) (actual time=814.721..814.721 rows=10782 loops=1)
                    Buckets: 32768  Batches: 1  Memory Usage: 636kB
                    ->  Seq Scan on title t  (cost=0.00..73925.90 rows=17845 width=4) (actual time=234.643..810.612 rows=10782 loops=1)
                          Filter: ((kind_id = 1) AND (production_year = 2003))
                          Rows Removed by Filter: 2517530
Planning time: 3.815 ms
Execution time: 18012.240 ms
