Seq Scan on cast_info ci  (cost=0.00..705507.15 rows=500 width=0) (actual time=885.913..9778.234 rows=194 loops=1)
  Filter: (person_id = 1885015)
  Rows Removed by Filter: 36244150
Planning time: 0.325 ms
Execution time: 9778.335 ms
