Seq Scan on movie_keyword mk  (cost=0.00..81003.12 rows=246 width=0) (actual time=9.956..1145.688 rows=335 loops=1)
  Filter: (keyword_id = 3307)
  Rows Removed by Filter: 4523595
Planning time: 0.373 ms
Execution time: 1145.935 ms
