Seq Scan on movie_companies mc  (cost=0.00..51404.11 rows=104 width=0) (actual time=79.381..796.024 rows=4 loops=1)
  Filter: (company_id = 41023)
  Rows Removed by Filter: 2609125
Planning time: 0.450 ms
Execution time: 796.100 ms
