Hash Join  (cost=173934.21..1083628.01 rows=5293091 width=0) (actual time=3824.764..26521.591 rows=10462285 loops=1)
  Hash Cond: (ci.movie_id = t.id)
  ->  Seq Scan on cast_info ci  (cost=0.00..705507.15 rows=12726058 width=4) (actual time=0.025..13103.288 rows=12670688 loops=1)
        Filter: (role_id = 1)
        Rows Removed by Filter: 23573656
  ->  Hash  (cost=156679.23..156679.23 rows=1051679 width=8) (actual time=3823.819..3823.819 rows=1040410 loops=1)
        Buckets: 131072  Batches: 16  Memory Usage: 3574kB
        ->  Hash Join  (cost=99217.91..156679.23 rows=1051679 width=8) (actual time=1782.265..3502.696 rows=1040410 loops=1)
              Hash Cond: (mi_idx.movie_id = t.id)
              ->  Seq Scan on movie_info_idx mi_idx  (cost=0.00..21735.35 rows=1380035 width=4) (actual time=0.015..411.434 rows=1380035 loops=1)
              ->  Hash  (cost=67604.59..67604.59 rows=1926906 width=4) (actual time=1781.282..1781.282 rows=1918028 loops=1)
                    Buckets: 131072  Batches: 32  Memory Usage: 3139kB
                    ->  Seq Scan on title t  (cost=0.00..67604.59 rows=1926906 width=4) (actual time=0.019..1153.038 rows=1918028 loops=1)
                          Filter: (production_year > 1981)
                          Rows Removed by Filter: 610284
Planning time: 1.146 ms
Execution time: 27707.927 ms
