Hash Join  (cost=798792.02..1163465.67 rows=1772 width=0) (actual time=13299.556..19576.655 rows=582 loops=1)
  Hash Cond: (mi.movie_id = t.id)
  ->  Seq Scan on movie_info mi  (cost=0.00..309384.22 rows=14739122 width=4) (actual time=0.010..3827.101 rows=14835720 loops=1)
  ->  Hash  (cost=798788.22..798788.22 rows=304 width=8) (actual time=13099.243..13099.243 rows=66 loops=1)
        Buckets: 1024  Batches: 1  Memory Usage: 11kB
        ->  Nested Loop  (cost=0.43..798788.22 rows=304 width=8) (actual time=9171.301..13099.131 rows=66 loops=1)
              ->  Seq Scan on cast_info ci  (cost=0.00..796071.18 rows=324 width=4) (actual time=9171.197..13097.899 rows=66 loops=1)
                    Filter: ((role_id > 1) AND (person_id = 274387))
                    Rows Removed by Filter: 36244278
              ->  Index Scan using title_pkey on title t  (cost=0.43..8.38 rows=1 width=4) (actual time=0.016..0.017 rows=1 loops=66)
                    Index Cond: (id = ci.movie_id)
                    Filter: (production_year > 1919)
Planning time: 2.195 ms
Execution time: 19577.028 ms
