Hash Join  (cost=95192.49..899526.22 rows=75439 width=0) (actual time=1431.903..18728.181 rows=170090 loops=1)
  Hash Cond: (ci.movie_id = t.id)
  ->  Seq Scan on cast_info ci  (cost=0.00..705507.15 rows=26152577 width=4) (actual time=0.026..11689.703 rows=26372724 loops=1)
        Filter: (person_id > 971202)
        Rows Removed by Filter: 9871620
  ->  Hash  (cost=95101.31..95101.31 rows=7294 width=8) (actual time=1431.392..1431.392 rows=7816 loops=1)
        Buckets: 8192  Batches: 1  Memory Usage: 370kB
        ->  Hash Join  (cost=68100.81..95101.31 rows=7294 width=8) (actual time=888.557..1427.989 rows=7816 loops=1)
              Hash Cond: (mi_idx.movie_id = t.id)
              ->  Seq Scan on movie_info_idx mi_idx  (cost=0.00..25185.44 rows=464566 width=4) (actual time=0.013..407.464 rows=459925 loops=1)
                    Filter: (info_type_id = 101)
                    Rows Removed by Filter: 920110
              ->  Hash  (cost=67604.59..67604.59 rows=39698 width=4) (actual time=888.204..888.204 rows=36437 loops=1)
                    Buckets: 65536  Batches: 1  Memory Usage: 1793kB
                    ->  Seq Scan on title t  (cost=0.00..67604.59 rows=39698 width=4) (actual time=0.034..872.732 rows=36437 loops=1)
                          Filter: (production_year = 1995)
                          Rows Removed by Filter: 2491875
Planning time: 0.806 ms
Execution time: 18758.376 ms
