Hash Join  (cost=58375.58..145033.99 rows=38 width=0) (actual time=1436.649..2383.884 rows=4 loops=1)
  Hash Cond: (mk.movie_id = t.id)
  ->  Seq Scan on movie_keyword mk  (cost=0.00..69693.30 rows=4523930 width=4) (actual time=0.022..858.349 rows=4523930 loops=1)
  ->  Hash  (cost=58375.31..58375.31 rows=21 width=8) (actual time=761.687..761.687 rows=1 loops=1)
        Buckets: 1024  Batches: 1  Memory Usage: 9kB
        ->  Nested Loop  (cost=0.43..58375.31 rows=21 width=8) (actual time=414.488..761.679 rows=1 loops=1)
              ->  Seq Scan on movie_companies mc  (cost=0.00..57926.93 rows=53 width=4) (actual time=414.426..761.615 rows=1 loops=1)
                    Filter: ((company_id = 11811) AND (company_type_id = 2))
                    Rows Removed by Filter: 2609128
              ->  Index Scan using title_pkey on title t  (cost=0.43..8.45 rows=1 width=4) (actual time=0.053..0.054 rows=1 loops=1)
                    Index Cond: (id = mc.movie_id)
                    Filter: (kind_id < 7)
Planning time: 1.538 ms
Execution time: 2384.033 ms
