Hash Join  (cost=932211.48..975340.45 rows=316849 width=0) (actual time=13635.019..15433.962 rows=400304 loops=1)
  Hash Cond: (mi_idx.movie_id = t.id)
  ->  Seq Scan on movie_info_idx mi_idx  (cost=0.00..21735.35 rows=1380035 width=4) (actual time=0.018..430.168 rows=1380035 loops=1)
  ->  Hash  (cost=922686.76..922686.76 rows=580537 width=8) (actual time=13633.801..13633.801 rows=337033 loops=1)
        Buckets: 131072  Batches: 8  Memory Usage: 2665kB
        ->  Hash Join  (cost=102767.86..922686.76 rows=580537 width=8) (actual time=5950.094..13545.482 rows=337033 loops=1)
              Hash Cond: (ci.movie_id = t.id)
              ->  Seq Scan on cast_info ci  (cost=0.00..796071.18 rows=580537 width=4) (actual time=3288.089..10289.076 rows=337033 loops=1)
                    Filter: ((person_id < 122214) AND (role_id > 2))
                    Rows Removed by Filter: 35907311
              ->  Hash  (cost=61283.27..61283.27 rows=2528527 width=4) (actual time=2660.892..2660.892 rows=2528312 loops=1)
                    Buckets: 131072  Batches: 64  Memory Usage: 2415kB
                    ->  Seq Scan on title t  (cost=0.00..61283.27 rows=2528527 width=4) (actual time=0.019..1087.321 rows=2528312 loops=1)
Planning time: 1.154 ms
Execution time: 15483.374 ms
