Hash Join  (cost=68449.54..417156.62 rows=16470 width=0) (actual time=3617.988..6020.818 rows=23038 loops=1)
  Hash Cond: (mi.movie_id = t.id)
  ->  Seq Scan on movie_info mi  (cost=0.00..346232.03 rows=616095 width=4) (actual time=2770.723..5068.246 rows=598457 loops=1)
        Filter: (info_type_id = 15)
        Rows Removed by Filter: 14237263
  ->  Hash  (cost=67604.59..67604.59 rows=67596 width=4) (actual time=841.759..841.759 rows=67777 loops=1)
        Buckets: 131072  Batches: 1  Memory Usage: 3407kB
        ->  Seq Scan on title t  (cost=0.00..67604.59 rows=67596 width=4) (actual time=0.027..814.703 rows=67777 loops=1)
              Filter: (production_year = 2003)
              Rows Removed by Filter: 2460535
Planning time: 0.826 ms
Execution time: 6024.178 ms
