Hash Join  (cost=102767.86..200471.95 rows=1513599 width=0) (actual time=5501.330..11708.335 rows=1499154 loops=1)
  Hash Cond: (mc.movie_id = t.id)
  ->  Seq Scan on movie_companies mc  (cost=0.00..51404.11 rows=1513599 width=4) (actual time=0.012..3894.046 rows=1499154 loops=1)
        Filter: (company_id < 14002)
        Rows Removed by Filter: 1109975
  ->  Hash  (cost=61283.27..61283.27 rows=2528527 width=4) (actual time=5500.234..5500.234 rows=2528312 loops=1)
        Buckets: 131072  Batches: 64  Memory Usage: 2415kB
        ->  Seq Scan on title t  (cost=0.00..61283.27 rows=2528527 width=4) (actual time=0.011..4260.485 rows=2528312 loops=1)
Planning time: 0.654 ms
Execution time: 11906.243 ms
