Hash Join  (cost=139396.02..504319.33 rows=26738 width=0) (actual time=2034.499..7969.211 rows=7106 loops=1)
  Hash Cond: (mi.movie_id = t.id)
  ->  Seq Scan on movie_info mi  (cost=0.00..309384.22 rows=14739122 width=4) (actual time=0.013..3257.152 rows=14835720 loops=1)
  ->  Hash  (cost=139338.68..139338.68 rows=4587 width=8) (actual time=2030.605..2030.605 rows=464 loops=1)
        Buckets: 8192  Batches: 1  Memory Usage: 83kB
        ->  Hash Join  (cost=78556.72..139338.68 rows=4587 width=8) (actual time=1160.534..2030.284 rows=464 loops=1)
              Hash Cond: (mc.movie_id = t.id)
              ->  Seq Scan on movie_companies mc  (cost=0.00..57926.93 rows=17374 width=4) (actual time=0.656..790.098 rows=619 loops=1)
                    Filter: ((company_type_id > 1) AND (company_id = 160))
                    Rows Removed by Filter: 2608510
              ->  Hash  (cost=67604.59..67604.59 rows=667531 width=4) (actual time=1142.285..1142.285 rows=662834 loops=1)
                    Buckets: 131072  Batches: 16  Memory Usage: 2478kB
                    ->  Seq Scan on title t  (cost=0.00..67604.59 rows=667531 width=4) (actual time=0.021..943.902 rows=662834 loops=1)
                          Filter: (production_year < 1989)
                          Rows Removed by Filter: 1865478
Planning time: 1.258 ms
Execution time: 7971.007 ms
