Seq Scan on movie_companies mc  (cost=0.00..57926.93 rows=51 width=0) (actual time=653.254..759.260 rows=4 loops=1)
  Filter: ((company_id = 52642) AND (company_type_id = 1))
  Rows Removed by Filter: 2609125
Planning time: 0.364 ms
Execution time: 759.343 ms
