Hash Join  (cost=654268.88..1687083.50 rows=16510022 width=0) (actual time=11945.308..31281.915 rows=8426983 loops=1)
  Hash Cond: (ci.movie_id = t.id)
  ->  Seq Scan on cast_info ci  (cost=0.00..705507.15 rows=9468168 width=4) (actual time=0.020..12476.220 rows=9384703 loops=1)
        Filter: (role_id > 4)
        Rows Removed by Filter: 26859641
  ->  Hash  (cost=581931.21..581931.21 rows=4409093 width=8) (actual time=11942.910..11942.910 rows=1388733 loops=1)
        Buckets: 131072  Batches: 64  Memory Usage: 1847kB
        ->  Hash Join  (cost=92883.59..581931.21 rows=4409093 width=8) (actual time=1685.457..11496.210 rows=1388733 loops=1)
              Hash Cond: (mi.movie_id = t.id)
              ->  Seq Scan on movie_info mi  (cost=0.00..346232.03 rows=7235534 width=4) (actual time=145.953..5656.403 rows=7286865 loops=1)
                    Filter: (info_type_id < 8)
                    Rows Removed by Filter: 7548855
              ->  Hash  (cost=67604.59..67604.59 rows=1540800 width=4) (actual time=1536.414..1536.414 rows=1543264 loops=1)
                    Buckets: 131072  Batches: 32  Memory Usage: 2728kB
                    ->  Seq Scan on title t  (cost=0.00..67604.59 rows=1540800 width=4) (actual time=298.657..1049.987 rows=1543264 loops=1)
                          Filter: (kind_id = 7)
                          Rows Removed by Filter: 985048
Planning time: 1.175 ms
Execution time: 32284.787 ms
