Nested Loop  (cost=0.43..83072.29 rows=213 width=0) (actual time=6.375..4025.061 rows=1969 loops=1)
  ->  Seq Scan on movie_keyword mk  (cost=0.00..81003.12 rows=246 width=4) (actual time=6.328..3364.955 rows=3193 loops=1)
        Filter: (keyword_id = 3511)
        Rows Removed by Filter: 4520737
  ->  Index Scan using title_pkey on title t  (cost=0.43..8.40 rows=1 width=4) (actual time=0.205..0.206 rows=1 loops=3193)
        Index Cond: (id = mk.movie_id)
        Filter: (production_year > 1962)
        Rows Removed by Filter: 0
Planning time: 6.940 ms
Execution time: 4032.669 ms
