Hash Join  (cost=447983.67..534837.26 rows=19555 width=0) (actual time=5971.006..6686.755 rows=2410 loops=1)
  Hash Cond: (mk.movie_id = t.id)
  ->  Seq Scan on movie_keyword mk  (cost=0.00..69693.30 rows=4523930 width=4) (actual time=0.015..819.076 rows=4523930 loops=1)
  ->  Hash  (cost=447847.04..447847.04 rows=10930 width=8) (actual time=5079.531..5079.531 rows=314 loops=1)
        Buckets: 16384  Batches: 1  Memory Usage: 141kB
        ->  Nested Loop  (cost=0.43..447847.04 rows=10930 width=8) (actual time=1441.280..5079.128 rows=314 loops=1)
              ->  Seq Scan on movie_info mi  (cost=0.00..346232.03 rows=17937 width=4) (actual time=1441.029..4534.496 rows=68025 loops=1)
                    Filter: (info_type_id = 94)
                    Rows Removed by Filter: 14767695
              ->  Index Scan using title_pkey on title t  (cost=0.43..5.66 rows=1 width=4) (actual time=0.008..0.008 rows=0 loops=68025)
                    Index Cond: (id = mi.movie_id)
                    Filter: (kind_id = 7)
                    Rows Removed by Filter: 1
Planning time: 1.200 ms
Execution time: 6687.297 ms
