Hash Join  (cost=67718.38..864995.94 rows=1147 width=0) (actual time=1655.336..11618.216 rows=487 loops=1)
  Hash Cond: (ci.movie_id = t.id)
  ->  Seq Scan on cast_info ci  (cost=0.00..796071.18 rows=318643 width=4) (actual time=754.943..10628.205 rows=501800 loops=1)
        Filter: ((person_id > 2987726) AND (role_id = 8))
        Rows Removed by Filter: 35742544
  ->  Hash  (cost=67604.59..67604.59 rows=9103 width=4) (actual time=892.569..892.569 rows=7688 loops=1)
        Buckets: 16384  Batches: 1  Memory Usage: 399kB
        ->  Seq Scan on title t  (cost=0.00..67604.59 rows=9103 width=4) (actual time=0.063..889.162 rows=7688 loops=1)
              Filter: (production_year < 1901)
              Rows Removed by Filter: 2520624
Planning time: 0.805 ms
Execution time: 11618.474 ms
