Hash Join  (cost=83074.74..109986.57 rows=134 width=0) (actual time=1098.380..1621.304 rows=654 loops=1)
  Hash Cond: (mi_idx.movie_id = t.id)
  ->  Seq Scan on movie_info_idx mi_idx  (cost=0.00..21735.35 rows=1380035 width=4) (actual time=0.019..280.348 rows=1380035 loops=1)
  ->  Hash  (cost=83071.67..83071.67 rows=246 width=8) (actual time=1086.079..1086.079 rows=250 loops=1)
        Buckets: 1024  Batches: 1  Memory Usage: 18kB
        ->  Nested Loop  (cost=0.43..83071.67 rows=246 width=8) (actual time=5.286..1085.819 rows=250 loops=1)
              ->  Seq Scan on movie_keyword mk  (cost=0.00..81003.12 rows=246 width=4) (actual time=5.229..1065.859 rows=250 loops=1)
                    Filter: (keyword_id = 399)
                    Rows Removed by Filter: 4523680
              ->  Index Only Scan using title_pkey on title t  (cost=0.43..8.40 rows=1 width=4) (actual time=0.077..0.077 rows=1 loops=250)
                    Index Cond: (id = mk.movie_id)
                    Heap Fetches: 250
Planning time: 1.066 ms
Execution time: 1621.534 ms
