Seq Scan on movie_companies mc  (cost=0.00..57926.93 rows=1174600 width=0) (actual time=0.020..748.468 rows=1274246 loops=1)
  Filter: ((company_id < 109190) AND (company_type_id < 2))
  Rows Removed by Filter: 1334883
Planning time: 0.336 ms
Execution time: 880.924 ms
