Hash Join  (cost=92883.59..211127.52 rows=1006293 width=0) (actual time=2633.260..4061.953 rows=208336 loops=1)
  Hash Cond: (mk.movie_id = t.id)
  ->  Seq Scan on movie_keyword mk  (cost=0.00..81003.12 rows=1651375 width=4) (actual time=0.011..1385.536 rows=1663280 loops=1)
        Filter: (keyword_id < 2551)
        Rows Removed by Filter: 2860650
  ->  Hash  (cost=67604.59..67604.59 rows=1540800 width=4) (actual time=1562.305..1562.305 rows=1543264 loops=1)
        Buckets: 131072  Batches: 32  Memory Usage: 2728kB
        ->  Seq Scan on title t  (cost=0.00..67604.59 rows=1540800 width=4) (actual time=0.016..1058.395 rows=1543264 loops=1)
              Filter: (kind_id = 7)
              Rows Removed by Filter: 985048
Planning time: 0.493 ms
Execution time: 4087.629 ms
