Seq Scan on movie_companies mc  (cost=0.00..57926.93 rows=53 width=0) (actual time=9.448..804.068 rows=244 loops=1)
  Filter: ((company_type_id > 1) AND (company_id = 3296))
  Rows Removed by Filter: 2608885
Planning time: 0.353 ms
Execution time: 804.248 ms
