Hash Join  (cost=100338.29..722663.60 rows=11630148 width=0) (actual time=1769.880..18279.718 rows=10667049 loops=1)
  Hash Cond: (mi.movie_id = t.id)
  ->  Seq Scan on movie_info mi  (cost=0.00..309384.22 rows=14739122 width=4) (actual time=0.008..5385.400 rows=14835720 loops=1)
  ->  Hash  (cost=67604.59..67604.59 rows=1995176 width=4) (actual time=1768.857..1768.857 rows=1990655 loops=1)
        Buckets: 131072  Batches: 32  Memory Usage: 3227kB
        ->  Seq Scan on title t  (cost=0.00..67604.59 rows=1995176 width=4) (actual time=0.009..1108.449 rows=1990655 loops=1)
              Filter: (production_year > 1976)
              Rows Removed by Filter: 537657
Planning time: 0.706 ms
Execution time: 19557.186 ms
