Hash Join  (cost=221550.82..761984.83 rows=3955316 width=0) (actual time=5675.112..48911.810 rows=141427713 loops=1)
  Hash Cond: (mi.movie_id = t.id)
  ->  Seq Scan on movie_info mi  (cost=0.00..309384.22 rows=14739122 width=4) (actual time=0.022..5453.559 rows=14835720 loops=1)
  ->  Hash  (cost=210418.04..210418.04 rows=678543 width=8) (actual time=5673.871..5673.871 rows=2144447 loops=1)
        Buckets: 131072 (originally 131072)  Batches: 32 (originally 16)  Memory Usage: 3655kB
        ->  Hash Join  (cost=80148.57..210418.04 rows=678543 width=8) (actual time=1197.702..5019.321 rows=2144447 loops=1)
              Hash Cond: (mk.movie_id = t.id)
              ->  Seq Scan on movie_keyword mk  (cost=0.00..69693.30 rows=4523930 width=4) (actual time=0.012..1303.849 rows=4523930 loops=1)
              ->  Hash  (cost=73925.90..73925.90 rows=379253 width=4) (actual time=1196.689..1196.689 rows=461364 loops=1)
                    Buckets: 131072  Batches: 8  Memory Usage: 3071kB
                    ->  Seq Scan on title t  (cost=0.00..73925.90 rows=379253 width=4) (actual time=0.023..1033.513 rows=461364 loops=1)
                          Filter: ((kind_id < 3) AND (production_year < 2004))
                          Rows Removed by Filter: 2066948
Planning time: 1.093 ms
Execution time: 63652.446 ms
