Hash Join  (cost=102392.25..195811.50 rows=43307 width=0) (actual time=1573.582..3225.110 rows=152341 loops=1)
  Hash Cond: (mk.movie_id = t.id)
  ->  Seq Scan on movie_keyword mk  (cost=0.00..81003.12 rows=3195480 width=4) (actual time=0.015..1166.990 rows=3180009 loops=1)
        Filter: (keyword_id < 12732)
        Rows Removed by Filter: 1343921
  ->  Hash  (cost=101963.90..101963.90 rows=34268 width=8) (actual time=1571.573..1571.573 rows=37971 loops=1)
        Buckets: 65536  Batches: 1  Memory Usage: 1996kB
        ->  Hash Join  (cost=74710.74..101963.90 rows=34268 width=8) (actual time=925.490..1558.512 rows=37971 loops=1)
              Hash Cond: (mi_idx.movie_id = t.id)
              ->  Seq Scan on movie_info_idx mi_idx  (cost=0.00..21735.35 rows=1380035 width=4) (actual time=0.018..289.743 rows=1380035 loops=1)
              ->  Hash  (cost=73925.90..73925.90 rows=62787 width=4) (actual time=925.138..925.138 rows=53770 loops=1)
                    Buckets: 65536  Batches: 1  Memory Usage: 2403kB
                    ->  Seq Scan on title t  (cost=0.00..73925.90 rows=62787 width=4) (actual time=0.021..905.489 rows=53770 loops=1)
                          Filter: ((kind_id < 7) AND (production_year = 2011))
                          Rows Removed by Filter: 2474542
Planning time: 1.123 ms
Execution time: 3242.387 ms
