Hash Join  (cost=102767.86..1659988.44 rows=34985319 width=0) (actual time=2445.425..51070.230 rows=34978905 loops=1)
  Hash Cond: (ci.movie_id = t.id)
  ->  Seq Scan on cast_info ci  (cost=0.00..705507.15 rows=34985319 width=4) (actual time=0.024..15951.164 rows=34978905 loops=1)
        Filter: (person_id < 3816890)
        Rows Removed by Filter: 1265439
  ->  Hash  (cost=61283.27..61283.27 rows=2528527 width=4) (actual time=2443.548..2443.548 rows=2528312 loops=1)
        Buckets: 131072  Batches: 64  Memory Usage: 2415kB
        ->  Seq Scan on title t  (cost=0.00..61283.27 rows=2528527 width=4) (actual time=0.016..809.060 rows=2528312 loops=1)
Planning time: 0.743 ms
Execution time: 55233.193 ms
