Hash Join  (cost=73929.67..796220.91 rows=533 width=0) (actual time=3189.266..10725.815 rows=2955 loops=1)
  Hash Cond: (ci.movie_id = t.id)
  ->  Seq Scan on cast_info ci  (cost=0.00..705507.15 rows=4474337 width=4) (actual time=1897.855..9065.323 rows=4348226 loops=1)
        Filter: (person_id < 419543)
        Rows Removed by Filter: 31896118
  ->  Hash  (cost=73925.90..73925.90 rows=301 width=4) (actual time=899.748..899.748 rows=1276 loops=1)
        Buckets: 2048 (originally 1024)  Batches: 1 (originally 1)  Memory Usage: 61kB
        ->  Seq Scan on title t  (cost=0.00..73925.90 rows=301 width=4) (actual time=0.088..899.012 rows=1276 loops=1)
              Filter: ((kind_id = 3) AND (production_year = 1984))
              Rows Removed by Filter: 2527036
Planning time: 0.733 ms
Execution time: 10726.653 ms
