Hash Join  (cost=83810.17..195382.10 rows=674487 width=0) (actual time=1457.268..4090.185 rows=1463980 loops=1)
  Hash Cond: (mk.movie_id = t.id)
  ->  Seq Scan on movie_keyword mk  (cost=0.00..81003.12 rows=1726649 width=4) (actual time=0.016..1305.884 rows=1736227 loops=1)
        Filter: (keyword_id > 8106)
        Rows Removed by Filter: 2787703
  ->  Hash  (cost=67604.59..67604.59 rows=987727 width=4) (actual time=1456.453..1456.453 rows=985048 loops=1)
        Buckets: 131072  Batches: 16  Memory Usage: 3197kB
        ->  Seq Scan on title t  (cost=0.00..67604.59 rows=987727 width=4) (actual time=0.023..1134.245 rows=985048 loops=1)
              Filter: (kind_id < 7)
              Rows Removed by Filter: 1543264
Planning time: 0.673 ms
Execution time: 4267.047 ms
