Hash Join  (cost=80562.70..166847.67 rows=814945 width=0) (actual time=4318.259..9801.218 rows=630339 loops=1)
  Hash Cond: (mc.movie_id = t.id)
  ->  Seq Scan on movie_companies mc  (cost=0.00..44881.29 rows=2609129 width=4) (actual time=0.020..3410.754 rows=2609129 loops=1)
  ->  Hash  (cost=67604.59..67604.59 rows=789769 width=4) (actual time=4316.850..4316.850 rows=784926 loops=1)
        Buckets: 131072  Batches: 16  Memory Usage: 2749kB
        ->  Seq Scan on title t  (cost=0.00..67604.59 rows=789769 width=4) (actual time=0.024..3684.535 rows=784926 loops=1)
              Filter: (production_year > 2007)
              Rows Removed by Filter: 1743386
Planning time: 0.734 ms
Execution time: 9910.798 ms
