Hash Join  (cost=323985.81..1922349.68 rows=46141567 width=0) (actual time=7892.801..75161.729 rows=157714834 loops=1)
  Hash Cond: (ci.movie_id = t.id)
  ->  Seq Scan on cast_info ci  (cost=0.00..614943.12 rows=36225612 width=4) (actual time=0.010..12028.352 rows=36244344 loops=1)
  ->  Hash  (cost=271146.63..271146.63 rows=3220655 width=8) (actual time=7892.028..7892.028 rows=3211796 loops=1)
        Buckets: 131072  Batches: 64  Memory Usage: 3005kB
        ->  Hash Join  (cost=102767.86..271146.63 rows=3220655 width=8) (actual time=1795.858..6948.822 rows=3211796 loops=1)
              Hash Cond: (mk.movie_id = t.id)
              ->  Seq Scan on movie_keyword mk  (cost=0.00..81003.12 rows=3220655 width=4) (actual time=0.019..1667.503 rows=3211796 loops=1)
                    Filter: (keyword_id > 1717)
                    Rows Removed by Filter: 1312134
              ->  Hash  (cost=61283.27..61283.27 rows=2528527 width=4) (actual time=1794.226..1794.226 rows=2528312 loops=1)
                    Buckets: 131072  Batches: 64  Memory Usage: 2425kB
                    ->  Seq Scan on title t  (cost=0.00..61283.27 rows=2528527 width=4) (actual time=0.009..943.635 rows=2528312 loops=1)
Planning time: 0.727 ms
Execution time: 92127.005 ms
