Hash Join  (cost=102767.86..180551.18 rows=685736 width=0) (actual time=2545.508..4223.175 rows=691376 loops=1)
  Hash Cond: (mc.movie_id = t.id)
  ->  Seq Scan on movie_companies mc  (cost=0.00..51404.11 rows=685736 width=4) (actual time=0.024..778.872 rows=691376 loops=1)
        Filter: (company_id > 46856)
        Rows Removed by Filter: 1917753
  ->  Hash  (cost=61283.27..61283.27 rows=2528527 width=4) (actual time=2543.466..2543.466 rows=2528312 loops=1)
        Buckets: 131072  Batches: 64  Memory Usage: 2415kB
        ->  Seq Scan on title t  (cost=0.00..61283.27 rows=2528527 width=4) (actual time=0.021..962.111 rows=2528312 loops=1)
Planning time: 0.667 ms
Execution time: 4327.363 ms
