Seq Scan on cast_info ci  (cost=0.00..705507.15 rows=6618843 width=0) (actual time=0.018..10458.601 rows=6703944 loops=1)
  Filter: (person_id > 2990016)
  Rows Removed by Filter: 29540400
Planning time: 0.287 ms
Execution time: 11311.303 ms
