Seq Scan on cast_info ci  (cost=0.00..705507.15 rows=500 width=0) (actual time=576.965..9610.243 rows=15 loops=1)
  Filter: (person_id = 3009212)
  Rows Removed by Filter: 36244329
Planning time: 0.350 ms
Execution time: 9610.333 ms
