Hash Join  (cost=28268.89..114930.04 rows=311 width=0) (actual time=1253.809..6160.527 rows=28285 loops=1)
  Hash Cond: (mk.movie_id = t.id)
  ->  Seq Scan on movie_keyword mk  (cost=0.00..69693.30 rows=4523930 width=4) (actual time=0.023..3790.327 rows=4523930 loops=1)
  ->  Hash  (cost=28266.72..28266.72 rows=174 width=8) (actual time=1253.633..1253.633 rows=196 loops=1)
        Buckets: 1024  Batches: 1  Memory Usage: 16kB
        ->  Nested Loop  (cost=0.43..28266.72 rows=174 width=8) (actual time=919.553..1253.527 rows=196 loops=1)
              ->  Seq Scan on movie_info_idx mi_idx  (cost=0.00..25185.44 rows=368 width=4) (actual time=919.485..1228.317 rows=260 loops=1)
                    Filter: (info_type_id > 101)
                    Rows Removed by Filter: 1379775
              ->  Index Scan using title_pkey on title t  (cost=0.43..8.36 rows=1 width=4) (actual time=0.096..0.096 rows=1 loops=260)
                    Index Cond: (id = mi_idx.movie_id)
                    Filter: (production_year < 2003)
                    Rows Removed by Filter: 0
Planning time: 8.759 ms
Execution time: 6164.392 ms
