Seq Scan on movie_keyword mk  (cost=0.00..81003.12 rows=3280677 width=0) (actual time=0.026..1449.616 rows=3267717 loops=1)
  Filter: (keyword_id < 14321)
  Rows Removed by Filter: 1256213
Planning time: 0.295 ms
Execution time: 1867.532 ms
