Seq Scan on movie_keyword mk  (cost=0.00..81003.12 rows=438269 width=0) (actual time=0.014..1214.468 rows=434028 loops=1)
  Filter: (keyword_id > 40405)
  Rows Removed by Filter: 4089902
Planning time: 0.295 ms
Execution time: 1273.183 ms
