Seq Scan on title t  (cost=0.00..73925.90 rows=21027 width=0) (actual time=347.937..972.948 rows=77864 loops=1)
  Filter: ((production_year < 1918) AND (kind_id = 1))
  Rows Removed by Filter: 2450448
Planning time: 0.405 ms
Execution time: 983.723 ms
