Hash Join  (cost=104131.46..198073.35 rows=172705 width=0) (actual time=1927.524..3674.824 rows=205323 loops=1)
  Hash Cond: (mk.movie_id = t.id)
  ->  Seq Scan on movie_keyword mk  (cost=0.00..81003.12 rows=196142 width=4) (actual time=0.030..1183.862 rows=212018 loops=1)
        Filter: (keyword_id < 141)
        Rows Removed by Filter: 4311912
  ->  Hash  (cost=67604.59..67604.59 rows=2226390 width=4) (actual time=1926.099..1926.099 rows=2224569 loops=1)
        Buckets: 131072  Batches: 32  Memory Usage: 3472kB
        ->  Seq Scan on title t  (cost=0.00..67604.59 rows=2226390 width=4) (actual time=0.018..1186.087 rows=2224569 loops=1)
              Filter: (production_year < 2012)
              Rows Removed by Filter: 303743
Planning time: 0.689 ms
Execution time: 3700.719 ms
