Hash Join  (cost=102767.86..961886.19 rows=2209548 width=0) (actual time=1741.351..15231.708 rows=714885 loops=1)
  Hash Cond: (ci.movie_id = t.id)
  ->  Seq Scan on cast_info ci  (cost=0.00..796071.18 rows=2209548 width=4) (actual time=25.354..12529.255 rows=714885 loops=1)
        Filter: ((person_id < 1832361) AND (role_id = 10))
        Rows Removed by Filter: 35529459
  ->  Hash  (cost=61283.27..61283.27 rows=2528527 width=4) (actual time=1714.858..1714.858 rows=2528312 loops=1)
        Buckets: 131072  Batches: 64  Memory Usage: 2415kB
        ->  Seq Scan on title t  (cost=0.00..61283.27 rows=2528527 width=4) (actual time=0.020..881.445 rows=2528312 loops=1)
Planning time: 0.807 ms
Execution time: 15320.669 ms
