Hash Join  (cost=74019.21..840759.48 rows=47825 width=0) (actual time=877.702..15725.748 rows=25171 loops=1)
  Hash Cond: (ci.movie_id = t.id)
  ->  Seq Scan on cast_info ci  (cost=0.00..705507.15 rows=16201301 width=4) (actual time=0.011..12253.323 rows=16121683 loops=1)
        Filter: (role_id > 2)
        Rows Removed by Filter: 20122661
  ->  Hash  (cost=73925.90..73925.90 rows=7464 width=4) (actual time=875.727..875.727 rows=5186 loops=1)
        Buckets: 8192  Batches: 1  Memory Usage: 247kB
        ->  Seq Scan on title t  (cost=0.00..73925.90 rows=7464 width=4) (actual time=265.030..873.327 rows=5186 loops=1)
              Filter: ((kind_id = 4) AND (production_year = 2012))
              Rows Removed by Filter: 2523126
Planning time: 0.795 ms
Execution time: 15731.341 ms
