Hash Join  (cost=74672.54..899129.91 rows=168220 width=0) (actual time=1226.964..15548.750 rows=149241 loops=1)
  Hash Cond: (ci.movie_id = t.id)
  ->  Seq Scan on cast_info ci  (cost=0.00..796071.18 rows=7121063 width=4) (actual time=173.207..12045.119 rows=8088461 loops=1)
        Filter: ((person_id < 903101) AND (role_id < 6))
        Rows Removed by Filter: 28155883
  ->  Hash  (cost=73925.90..73925.90 rows=59731 width=4) (actual time=1053.342..1053.342 rows=64886 loops=1)
        Buckets: 65536  Batches: 1  Memory Usage: 2794kB
        ->  Seq Scan on title t  (cost=0.00..73925.90 rows=59731 width=4) (actual time=0.024..1026.352 rows=64886 loops=1)
              Filter: ((production_year < 2008) AND (kind_id = 2))
              Rows Removed by Filter: 2463426
Planning time: 0.747 ms
Execution time: 15571.538 ms
