Hash Join  (cost=83073.49..142271.10 rows=13 width=0) (actual time=1355.107..1971.670 rows=3 loops=1)
  Hash Cond: (mc.movie_id = t.id)
  ->  Seq Scan on movie_companies mc  (cost=0.00..57926.93 rows=338813 width=4) (actual time=163.533..793.014 rows=32978 loops=1)
        Filter: ((company_id > 46063) AND (company_type_id < 2))
        Rows Removed by Filter: 2576151
  ->  Hash  (cost=83072.29..83072.29 rows=96 width=8) (actual time=1173.723..1173.723 rows=20 loops=1)
        Buckets: 1024  Batches: 1  Memory Usage: 9kB
        ->  Nested Loop  (cost=0.43..83072.29 rows=96 width=8) (actual time=191.779..1173.652 rows=20 loops=1)
              ->  Seq Scan on movie_keyword mk  (cost=0.00..81003.12 rows=246 width=4) (actual time=191.716..1172.251 rows=25 loops=1)
                    Filter: (keyword_id = 15071)
                    Rows Removed by Filter: 4523905
              ->  Index Scan using title_pkey on title t  (cost=0.43..8.40 rows=1 width=4) (actual time=0.047..0.048 rows=1 loops=25)
                    Index Cond: (id = mk.movie_id)
                    Filter: (kind_id < 7)
                    Rows Removed by Filter: 0
Planning time: 0.872 ms
Execution time: 1971.800 ms
