Hash Join  (cost=75199.97..153400.37 rows=68498 width=0) (actual time=1621.884..3066.671 rows=34651 loops=1)
  Hash Cond: (mc.movie_id = t.id)
  ->  Seq Scan on movie_companies mc  (cost=0.00..51404.11 rows=2231815 width=4) (actual time=0.021..961.710 rows=2228514 loops=1)
        Filter: (company_id < 84203)
        Rows Removed by Filter: 380615
  ->  Hash  (cost=73925.90..73925.90 rows=77605 width=4) (actual time=1111.548..1111.548 rows=84684 loops=1)
        Buckets: 131072  Batches: 2  Memory Usage: 2512kB
        ->  Seq Scan on title t  (cost=0.00..73925.90 rows=77605 width=4) (actual time=0.014..1080.090 rows=84684 loops=1)
              Filter: ((kind_id = 7) AND (production_year = 2009))
              Rows Removed by Filter: 2443628
Planning time: 0.710 ms
Execution time: 3071.571 ms
