Hash Join  (cost=130197.59..494939.21 rows=8569 width=0) (actual time=1573.898..7564.152 rows=52864 loops=1)
  Hash Cond: (mi.movie_id = t.id)
  ->  Seq Scan on movie_info mi  (cost=0.00..309384.22 rows=14739122 width=4) (actual time=0.012..3526.723 rows=14835720 loops=1)
  ->  Hash  (cost=130179.22..130179.22 rows=1470 width=8) (actual time=1290.489..1290.489 rows=4210 loops=1)
        Buckets: 8192 (originally 2048)  Batches: 1 (originally 1)  Memory Usage: 229kB
        ->  Hash Join  (cost=73962.22..130179.22 rows=1470 width=8) (actual time=474.080..1288.844 rows=4210 loops=1)
              Hash Cond: (mc.movie_id = t.id)
              ->  Seq Scan on movie_companies mc  (cost=0.00..51404.11 rows=1279517 width=4) (actual time=0.012..634.828 rows=1274246 loops=1)
                    Filter: (company_type_id < 2)
                    Rows Removed by Filter: 1334883
              ->  Hash  (cost=73925.90..73925.90 rows=2905 width=4) (actual time=473.826..473.826 rows=4597 loops=1)
                    Buckets: 8192 (originally 4096)  Batches: 1 (originally 1)  Memory Usage: 226kB
                    ->  Seq Scan on title t  (cost=0.00..73925.90 rows=2905 width=4) (actual time=133.837..472.520 rows=4597 loops=1)
                          Filter: ((kind_id < 7) AND (production_year = 1910))
                          Rows Removed by Filter: 2523715
Planning time: 1.368 ms
Execution time: 7572.019 ms
