Hash Join  (cost=159615.74..911610.21 rows=120524 width=0) (actual time=2391.412..17511.261 rows=515159 loops=1)
  Hash Cond: (ci.movie_id = t.id)
  ->  Seq Scan on cast_info ci  (cost=0.00..614943.12 rows=36225612 width=4) (actual time=0.020..7596.486 rows=36244344 loops=1)
  ->  Hash  (cost=159510.57..159510.57 rows=8413 width=8) (actual time=2390.168..2390.168 rows=12013 loops=1)
        Buckets: 16384  Batches: 1  Memory Usage: 598kB
        ->  Hash Join  (cost=67697.55..159510.57 rows=8413 width=8) (actual time=926.311..2386.699 rows=12013 loops=1)
              Hash Cond: (mk.movie_id = t.id)
              ->  Seq Scan on movie_keyword mk  (cost=0.00..81003.12 rows=2860205 width=4) (actual time=0.014..1152.319 rows=2849631 loops=1)
                    Filter: (keyword_id < 8699)
                    Rows Removed by Filter: 1674299
              ->  Hash  (cost=67604.59..67604.59 rows=7437 width=4) (actual time=872.978..872.978 rows=1831 loops=1)
                    Buckets: 8192  Batches: 1  Memory Usage: 129kB
                    ->  Seq Scan on title t  (cost=0.00..67604.59 rows=7437 width=4) (actual time=88.084..871.995 rows=1831 loops=1)
                          Filter: (production_year = 1944)
                          Rows Removed by Filter: 2526481
Planning time: 1.072 ms
Execution time: 17583.575 ms
