Nested Loop  (cost=0.43..58358.27 rows=51 width=0) (actual time=445.035..2849.126 rows=104 loops=1)
  ->  Seq Scan on movie_companies mc  (cost=0.00..57926.93 rows=51 width=4) (actual time=442.743..2828.902 rows=104 loops=1)
        Filter: ((company_type_id < 2) AND (company_id = 13278))
        Rows Removed by Filter: 2609025
  ->  Index Only Scan using title_pkey on title t  (cost=0.43..8.45 rows=1 width=4) (actual time=0.190..0.191 rows=1 loops=104)
        Index Cond: (id = mc.movie_id)
        Heap Fetches: 104
Planning time: 0.672 ms
Execution time: 2849.275 ms
