Hash Join  (cost=796926.65..886865.98 rows=95 width=0) (actual time=9389.308..10649.811 rows=266 loops=1)
  Hash Cond: (mk.movie_id = t.id)
  ->  Seq Scan on movie_keyword mk  (cost=0.00..81003.12 rows=2382736 width=4) (actual time=0.020..1087.691 rows=2377076 loops=1)
        Filter: (keyword_id > 4030)
        Rows Removed by Filter: 2146854
  ->  Hash  (cost=796925.39..796925.39 rows=101 width=8) (actual time=9280.508..9280.508 rows=405 loops=1)
        Buckets: 1024  Batches: 1  Memory Usage: 24kB
        ->  Nested Loop  (cost=0.43..796925.39 rows=101 width=8) (actual time=127.161..9280.353 rows=405 loops=1)
              ->  Seq Scan on cast_info ci  (cost=0.00..796071.18 rows=101 width=4) (actual time=127.053..9274.546 rows=405 loops=1)
                    Filter: ((person_id = 2046545) AND (role_id = 2))
                    Rows Removed by Filter: 36243939
              ->  Index Only Scan using title_pkey on title t  (cost=0.43..8.45 rows=1 width=4) (actual time=0.013..0.014 rows=1 loops=405)
                    Index Cond: (id = ci.movie_id)
                    Heap Fetches: 405
Planning time: 2.806 ms
Execution time: 10649.946 ms
