Hash Join  (cost=83072.95..833862.69 rows=60 width=0) (actual time=1271.030..15617.218 rows=6433 loops=1)
  Hash Cond: (ci.movie_id = t.id)
  ->  Seq Scan on cast_info ci  (cost=0.00..614943.12 rows=36225612 width=4) (actual time=0.023..7504.014 rows=36244344 loops=1)
  ->  Hash  (cost=83072.90..83072.90 rows=4 width=8) (actual time=1240.813..1240.813 rows=62 loops=1)
        Buckets: 1024  Batches: 1  Memory Usage: 11kB
        ->  Nested Loop  (cost=0.43..83072.90 rows=4 width=8) (actual time=0.208..1240.658 rows=62 loops=1)
              ->  Seq Scan on movie_keyword mk  (cost=0.00..81003.12 rows=246 width=4) (actual time=0.173..1129.311 rows=2401 loops=1)
                    Filter: (keyword_id = 1586)
                    Rows Removed by Filter: 4521529
              ->  Index Scan using title_pkey on title t  (cost=0.43..8.40 rows=1 width=4) (actual time=0.046..0.046 rows=0 loops=2401)
                    Index Cond: (id = mk.movie_id)
                    Filter: ((kind_id < 4) AND (production_year = 2008))
                    Rows Removed by Filter: 1
Planning time: 1.108 ms
Execution time: 15619.725 ms
