Hash Join  (cost=80042.24..1130678.34 rows=7045163 width=0) (actual time=1204.100..30040.234 rows=7192109 loops=1)
  Hash Cond: (ci.movie_id = t.id)
  ->  Seq Scan on cast_info ci  (cost=0.00..705507.15 rows=23499554 width=4) (actual time=0.019..13432.652 rows=23573656 loops=1)
        Filter: (role_id > 1)
        Rows Removed by Filter: 12670688
  ->  Hash  (cost=67604.59..67604.59 rows=758052 width=4) (actual time=1200.129..1200.129 rows=753677 loops=1)
        Buckets: 131072  Batches: 16  Memory Usage: 2677kB
        ->  Seq Scan on title t  (cost=0.00..67604.59 rows=758052 width=4) (actual time=0.016..961.184 rows=753677 loops=1)
              Filter: (kind_id < 3)
              Rows Removed by Filter: 1774635
Planning time: 0.658 ms
Execution time: 30862.037 ms
