Hash Join  (cost=430050.84..517515.21 rows=80634 width=0) (actual time=7330.805..8058.743 rows=33436 loops=1)
  Hash Cond: (mk.movie_id = t.id)
  ->  Seq Scan on movie_keyword mk  (cost=0.00..69693.30 rows=4523930 width=4) (actual time=0.020..882.271 rows=4523930 loops=1)
  ->  Hash  (cost=429487.49..429487.49 rows=45068 width=8) (actual time=6340.103..6340.103 rows=9727 loops=1)
        Buckets: 65536  Batches: 1  Memory Usage: 892kB
        ->  Hash Join  (cost=74574.97..429487.49 rows=45068 width=8) (actual time=1627.938..6335.728 rows=9727 loops=1)
              Hash Cond: (mi.movie_id = t.id)
              ->  Seq Scan on movie_info mi  (cost=0.00..346232.03 rows=2194617 width=4) (actual time=961.338..5200.008 rows=2233850 loops=1)
                    Filter: (info_type_id > 16)
                    Rows Removed by Filter: 12601870
              ->  Hash  (cost=73925.90..73925.90 rows=51925 width=4) (actual time=634.638..634.638 rows=56480 loops=1)
                    Buckets: 65536  Batches: 1  Memory Usage: 2498kB
                    ->  Seq Scan on title t  (cost=0.00..73925.90 rows=51925 width=4) (actual time=0.038..617.959 rows=56480 loops=1)
                          Filter: ((kind_id = 7) AND (production_year = 2004))
                          Rows Removed by Filter: 2471832
Planning time: 1.149 ms
Execution time: 8063.500 ms
