Nested Loop  (cost=0.43..797069.17 rows=118 width=0) (actual time=4201.477..11549.278 rows=16 loops=1)
  ->  Seq Scan on cast_info ci  (cost=0.00..796071.18 rows=118 width=4) (actual time=4201.283..11548.781 rows=16 loops=1)
        Filter: ((role_id > 5) AND (person_id = 3557994))
        Rows Removed by Filter: 36244328
  ->  Index Only Scan using title_pkey on title t  (cost=0.43..8.45 rows=1 width=4) (actual time=0.025..0.026 rows=1 loops=16)
        Index Cond: (id = ci.movie_id)
        Heap Fetches: 16
Planning time: 0.798 ms
Execution time: 11549.369 ms
