Hash Join  (cost=130236.45..478919.23 rows=591 width=0) (actual time=5752.624..7452.923 rows=1445 loops=1)
  Hash Cond: (mi.movie_id = t.id)
  ->  Seq Scan on movie_info mi  (cost=0.00..346232.03 rows=651960 width=4) (actual time=3686.804..5286.459 rows=660923 loops=1)
        Filter: (info_type_id = 18)
        Rows Removed by Filter: 14174797
  ->  Hash  (cost=130207.79..130207.79 rows=2293 width=8) (actual time=2063.983..2063.983 rows=2446 loops=1)
        Buckets: 4096  Batches: 1  Memory Usage: 128kB
        ->  Hash Join  (cost=73982.55..130207.79 rows=2293 width=8) (actual time=1524.179..2062.918 rows=2446 loops=1)
              Hash Cond: (mc.movie_id = t.id)
              ->  Seq Scan on movie_companies mc  (cost=0.00..51404.11 rows=1279517 width=4) (actual time=0.026..803.398 rows=1274246 loops=1)
                    Filter: (company_type_id = 1)
                    Rows Removed by Filter: 1334883
              ->  Hash  (cost=73925.90..73925.90 rows=4532 width=4) (actual time=1016.539..1016.539 rows=14325 loops=1)
                    Buckets: 16384 (originally 8192)  Batches: 1 (originally 1)  Memory Usage: 632kB
                    ->  Seq Scan on title t  (cost=0.00..73925.90 rows=4532 width=4) (actual time=257.777..1009.639 rows=14325 loops=1)
                          Filter: ((kind_id = 7) AND (production_year = 1991))
                          Rows Removed by Filter: 2513987
Planning time: 3.177 ms
Execution time: 7453.409 ms
