Nested Loop  (cost=0.43..709671.90 rows=500 width=0) (actual time=22802.963..32061.071 rows=9 loops=1)
  ->  Seq Scan on cast_info ci  (cost=0.00..705507.15 rows=500 width=4) (actual time=22802.794..32060.622 rows=9 loops=1)
        Filter: (person_id = 2527555)
        Rows Removed by Filter: 36244335
  ->  Index Only Scan using title_pkey on title t  (cost=0.43..8.32 rows=1 width=4) (actual time=0.037..0.037 rows=1 loops=9)
        Index Cond: (id = ci.movie_id)
        Heap Fetches: 9
Planning time: 0.659 ms
Execution time: 32061.151 ms
