Seq Scan on cast_info ci  (cost=0.00..796071.18 rows=224 width=0) (actual time=12669.846..12935.285 rows=18 loops=1)
  Filter: ((role_id > 2) AND (person_id = 3951755))
  Rows Removed by Filter: 36244326
Planning time: 0.322 ms
Execution time: 12935.376 ms
