Hash Join  (cost=69179.59..894833.51 rows=92854 width=0) (actual time=2461.300..16563.738 rows=95814 loops=1)
  Hash Cond: (ci.movie_id = t.id)
  ->  Seq Scan on cast_info ci  (cost=0.00..796071.18 rows=2445654 width=4) (actual time=1494.162..14533.741 rows=2728943 loops=1)
        Filter: ((person_id < 3351608) AND (role_id = 4))
        Rows Removed by Filter: 33515401
  ->  Hash  (cost=67604.59..67604.59 rows=96000 width=4) (actual time=966.117..966.117 rows=95005 loops=1)
        Buckets: 131072  Batches: 2  Memory Usage: 2716kB
        ->  Seq Scan on title t  (cost=0.00..67604.59 rows=96000 width=4) (actual time=0.029..930.101 rows=95005 loops=1)
              Filter: (production_year = 2005)
              Rows Removed by Filter: 2433307
Planning time: 13.540 ms
Execution time: 16577.729 ms
