Seq Scan on movie_keyword mk  (cost=0.00..81003.12 rows=246 width=0) (actual time=17.105..1197.420 rows=205 loops=1)
  Filter: (keyword_id = 727)
  Rows Removed by Filter: 4523725
Planning time: 2.649 ms
Execution time: 1197.644 ms
