Hash Join  (cost=1082411.04..1884443.14 rows=25018846 width=0) (actual time=19191.205..48349.015 rows=50420926 loops=1)
  Hash Cond: (mi.movie_id = t.id)
  ->  Seq Scan on movie_info mi  (cost=0.00..309384.22 rows=14739122 width=4) (actual time=0.013..5256.585 rows=14835720 loops=1)
  ->  Hash  (cost=1011994.61..1011994.61 rows=4292035 width=8) (actual time=19189.671..19189.671 rows=2062416 loops=1)
        Buckets: 131072  Batches: 64  Memory Usage: 2342kB
        ->  Hash Join  (cost=102767.86..1011994.61 rows=4292035 width=8) (actual time=5073.131..18478.142 rows=2062416 loops=1)
              Hash Cond: (ci.movie_id = t.id)
              ->  Seq Scan on cast_info ci  (cost=0.00..796071.18 rows=4292035 width=4) (actual time=3218.299..13875.218 rows=2062416 loops=1)
                    Filter: ((person_id < 3504621) AND (role_id > 9))
                    Rows Removed by Filter: 34181928
              ->  Hash  (cost=61283.27..61283.27 rows=2528527 width=4) (actual time=1853.001..1853.001 rows=2528312 loops=1)
                    Buckets: 131072  Batches: 64  Memory Usage: 2415kB
                    ->  Seq Scan on title t  (cost=0.00..61283.27 rows=2528527 width=4) (actual time=0.020..1024.070 rows=2528312 loops=1)
Planning time: 1.167 ms
Execution time: 54187.969 ms
