Seq Scan on movie_companies mc  (cost=0.00..51404.11 rows=104 width=0) (actual time=17.160..761.513 rows=117 loops=1)
  Filter: (company_id = 7026)
  Rows Removed by Filter: 2609012
Planning time: 0.431 ms
Execution time: 761.643 ms
