Hash Join  (cost=137134.57..890598.54 rows=267481 width=0) (actual time=2030.018..17687.961 rows=167360 loops=1)
  Hash Cond: (ci.movie_id = t.id)
  ->  Seq Scan on cast_info ci  (cost=0.00..614943.12 rows=36225612 width=4) (actual time=0.025..8034.556 rows=36244344 loops=1)
  ->  Hash  (cost=136901.19..136901.19 rows=18670 width=8) (actual time=2029.359..2029.359 rows=4590 loops=1)
        Buckets: 32768  Batches: 1  Memory Usage: 436kB
        ->  Hash Join  (cost=74434.21..136901.19 rows=18670 width=8) (actual time=1659.260..2027.104 rows=4590 loops=1)
              Hash Cond: (mc.movie_id = t.id)
              ->  Seq Scan on movie_companies mc  (cost=0.00..57926.93 rows=1160894 width=4) (actual time=0.028..773.150 rows=1274246 loops=1)
                    Filter: ((company_id < 102153) AND (company_type_id < 2))
                    Rows Removed by Filter: 1334883
              ->  Hash  (cost=73925.90..73925.90 rows=40664 width=4) (actual time=999.690..999.690 rows=40257 loops=1)
                    Buckets: 65536  Batches: 1  Memory Usage: 1928kB
                    ->  Seq Scan on title t  (cost=0.00..73925.90 rows=40664 width=4) (actual time=0.017..983.503 rows=40257 loops=1)
                          Filter: ((production_year > 2012) AND (kind_id = 7))
                          Rows Removed by Filter: 2488055
Planning time: 11.572 ms
Execution time: 17713.453 ms
