Hash Join  (cost=119900.15..253779.56 rows=223165 width=0) (actual time=2495.164..5824.044 rows=1315189 loops=1)
  Hash Cond: (mk.movie_id = t.id)
  ->  Seq Scan on movie_keyword mk  (cost=0.00..81003.12 rows=4335905 width=4) (actual time=0.021..1669.189 rows=4332345 loops=1)
        Filter: (keyword_id < 70524)
        Rows Removed by Filter: 191585
  ->  Hash  (cost=117764.38..117764.38 rows=130141 width=8) (actual time=2205.504..2205.504 rows=151616 loops=1)
        Buckets: 131072  Batches: 2  Memory Usage: 3982kB
        ->  Hash Join  (cost=77838.49..117764.38 rows=130141 width=8) (actual time=1405.193..2158.885 rows=151616 loops=1)
              Hash Cond: (mi_idx.movie_id = t.id)
              ->  Seq Scan on movie_info_idx mi_idx  (cost=0.00..21735.35 rows=1380035 width=4) (actual time=0.027..393.093 rows=1380035 loops=1)
              ->  Hash  (cost=73925.90..73925.90 rows=238447 width=4) (actual time=1167.158..1167.158 rows=200165 loops=1)
                    Buckets: 131072  Batches: 4  Memory Usage: 2784kB
                    ->  Seq Scan on title t  (cost=0.00..73925.90 rows=238447 width=4) (actual time=10.995..1104.534 rows=200165 loops=1)
                          Filter: ((production_year > 2006) AND (kind_id = 1))
                          Rows Removed by Filter: 2328147
Planning time: 1.518 ms
Execution time: 5991.527 ms
