Seq Scan on movie_keyword mk  (cost=0.00..81003.12 rows=246 width=0) (actual time=5.383..1127.058 rows=70 loops=1)
  Filter: (keyword_id = 13157)
  Rows Removed by Filter: 4523860
Planning time: 0.345 ms
Execution time: 1127.201 ms
