Hash Join  (cost=190230.21..1390852.02 rows=15703778 width=0) (actual time=4137.559..44958.990 rows=31983015 loops=1)
  Hash Cond: (ci.movie_id = t.id)
  ->  Seq Scan on cast_info ci  (cost=0.00..705507.15 rows=28772767 width=4) (actual time=0.023..14463.081 rows=28737039 loops=1)
        Filter: (person_id < 2921453)
        Rows Removed by Filter: 7507305
  ->  Hash  (cost=167588.78..167588.78 rows=1380035 width=8) (actual time=4136.714..4136.714 rows=1380035 loops=1)
        Buckets: 131072  Batches: 32  Memory Usage: 2708kB
        ->  Hash Join  (cost=102767.86..167588.78 rows=1380035 width=8) (actual time=1773.474..3729.496 rows=1380035 loops=1)
              Hash Cond: (mi_idx.movie_id = t.id)
              ->  Seq Scan on movie_info_idx mi_idx  (cost=0.00..21735.35 rows=1380035 width=4) (actual time=0.025..422.809 rows=1380035 loops=1)
              ->  Hash  (cost=61283.27..61283.27 rows=2528527 width=4) (actual time=1771.878..1771.878 rows=2528312 loops=1)
                    Buckets: 131072  Batches: 64  Memory Usage: 2415kB
                    ->  Seq Scan on title t  (cost=0.00..61283.27 rows=2528527 width=4) (actual time=0.009..912.772 rows=2528312 loops=1)
Planning time: 1.094 ms
Execution time: 48444.267 ms
