Hash Join  (cost=75458.62..958799.92 rows=269082 width=0) (actual time=3348.977..18310.560 rows=389813 loops=1)
  Hash Cond: (ci.movie_id = t.id)
  ->  Seq Scan on cast_info ci  (cost=0.00..796071.18 rows=7283281 width=4) (actual time=1866.203..14153.767 rows=7445979 loops=1)
        Filter: ((person_id > 246377) AND (role_id > 6))
        Rows Removed by Filter: 28798365
  ->  Hash  (cost=73925.90..73925.90 rows=93417 width=4) (actual time=1358.524..1358.524 rows=100804 loops=1)
        Buckets: 131072  Batches: 2  Memory Usage: 2798kB
        ->  Seq Scan on title t  (cost=0.00..73925.90 rows=93417 width=4) (actual time=0.041..869.895 rows=100804 loops=1)
              Filter: ((kind_id > 3) AND (production_year = 2010))
              Rows Removed by Filter: 2427508
Planning time: 0.748 ms
Execution time: 18356.311 ms
