Hash Join  (cost=96356.06..262212.86 rows=3135385 width=0) (actual time=5591.230..14187.288 rows=2742670 loops=1)
  Hash Cond: (mk.movie_id = t.id)
  ->  Seq Scan on movie_keyword mk  (cost=0.00..69693.30 rows=4523930 width=4) (actual time=0.024..4782.748 rows=4523930 loops=1)
  ->  Hash  (cost=67604.59..67604.59 rows=1752438 width=4) (actual time=5581.642..5581.642 rows=1749032 loops=1)
        Buckets: 131072  Batches: 32  Memory Usage: 2958kB
        ->  Seq Scan on title t  (cost=0.00..67604.59 rows=1752438 width=4) (actual time=0.015..4557.126 rows=1749032 loops=1)
              Filter: (production_year > 1990)
              Rows Removed by Filter: 779280
Planning time: 2.942 ms
Execution time: 14555.770 ms
