Hash Join  (cost=198302.26..1010649.20 rows=1977634 width=0) (actual time=4895.329..21112.077 rows=3858011 loops=1)
  Hash Cond: (ci.movie_id = t.id)
  ->  Seq Scan on cast_info ci  (cost=0.00..705507.15 rows=7298253 width=4) (actual time=616.212..12055.834 rows=7451973 loops=1)
        Filter: (role_id = 2)
        Rows Removed by Filter: 28792371
  ->  Hash  (cost=187060.71..187060.71 rows=685164 width=8) (actual time=4278.212..4278.212 rows=925891 loops=1)
        Buckets: 131072  Batches: 16  Memory Usage: 3287kB
        ->  Hash Join  (cost=102767.86..187060.71 rows=685164 width=8) (actual time=1758.580..4000.283 rows=925891 loops=1)
              Hash Cond: (mc.movie_id = t.id)
              ->  Seq Scan on movie_companies mc  (cost=0.00..57926.93 rows=685164 width=4) (actual time=0.034..1050.976 rows=925891 loops=1)
                    Filter: ((company_id > 11164) AND (company_type_id = 2))
                    Rows Removed by Filter: 1683238
              ->  Hash  (cost=61283.27..61283.27 rows=2528527 width=4) (actual time=1757.035..1757.035 rows=2528312 loops=1)
                    Buckets: 131072  Batches: 64  Memory Usage: 2415kB
                    ->  Seq Scan on title t  (cost=0.00..61283.27 rows=2528527 width=4) (actual time=0.016..904.906 rows=2528312 loops=1)
Planning time: 1.199 ms
Execution time: 21543.562 ms
