Seq Scan on cast_info ci  (cost=0.00..705507.15 rows=15517961 width=0) (actual time=0.015..11287.493 rows=15390823 loops=1)
  Filter: (person_id < 1517261)
  Rows Removed by Filter: 20853521
Planning time: 0.309 ms
Execution time: 13250.677 ms
