Hash Join  (cost=195364.02..1089824.25 rows=439519 width=0) (actual time=4529.030..23844.192 rows=2731164 loops=1)
  Hash Cond: (ci.movie_id = t.id)
  ->  Seq Scan on cast_info ci  (cost=0.00..796071.18 rows=7289569 width=4) (actual time=641.852..14893.041 rows=12670688 loops=1)
        Filter: ((person_id < 2078271) AND (role_id = 1))
        Rows Removed by Filter: 23573656
  ->  Hash  (cost=192862.32..192862.32 rows=152456 width=8) (actual time=3886.079..3886.079 rows=154184 loops=1)
        Buckets: 131072  Batches: 2  Memory Usage: 3998kB
        ->  Hash Join  (cost=69002.72..192862.32 rows=152456 width=8) (actual time=1178.672..3836.175 rows=154184 loops=1)
              Hash Cond: (mk.movie_id = t.id)
              ->  Seq Scan on movie_keyword mk  (cost=0.00..69693.30 rows=4523930 width=4) (actual time=0.026..1277.755 rows=4523930 loops=1)
              ->  Hash  (cost=67604.59..67604.59 rows=85211 width=4) (actual time=1177.729..1177.729 rows=84593 loops=1)
                    Buckets: 131072  Batches: 2  Memory Usage: 2524kB
                    ->  Seq Scan on title t  (cost=0.00..67604.59 rows=85211 width=4) (actual time=0.023..985.302 rows=84593 loops=1)
                          Filter: (production_year = 2004)
                          Rows Removed by Filter: 2443719
Planning time: 1.151 ms
Execution time: 24171.936 ms
