Hash Join  (cost=159748.31..654090.97 rows=1362373 width=0) (actual time=3035.569..14777.521 rows=1326573 loops=1)
  Hash Cond: (mi.movie_id = t.id)
  ->  Seq Scan on movie_info mi  (cost=0.00..309384.22 rows=14739122 width=4) (actual time=0.016..5349.868 rows=14835720 loops=1)
  ->  Hash  (cost=155913.83..155913.83 rows=233718 width=8) (actual time=2939.897..2939.897 rows=144900 loops=1)
        Buckets: 131072  Batches: 4  Memory Usage: 2443kB
        ->  Hash Join  (cost=77642.13..155913.83 rows=233718 width=8) (actual time=1031.837..2896.743 rows=144900 loops=1)
              Hash Cond: (mc.movie_id = t.id)
              ->  Seq Scan on movie_companies mc  (cost=0.00..44881.29 rows=2609129 width=4) (actual time=0.020..846.072 rows=2609129 loops=1)
              ->  Hash  (cost=73925.90..73925.90 rows=226498 width=4) (actual time=1030.898..1030.898 rows=120787 loops=1)
                    Buckets: 131072  Batches: 4  Memory Usage: 2083kB
                    ->  Seq Scan on title t  (cost=0.00..73925.90 rows=226498 width=4) (actual time=0.018..988.484 rows=120787 loops=1)
                          Filter: ((production_year < 1970) AND (kind_id = 7))
                          Rows Removed by Filter: 2407525
Planning time: 2.363 ms
Execution time: 14942.125 ms
