Hash Join  (cost=269096.05..1063041.64 rows=2983995 width=0) (actual time=10367.888..20373.388 rows=2958617 loops=1)
  Hash Cond: (ci.movie_id = t.id)
  ->  Seq Scan on cast_info ci  (cost=0.00..705507.15 rows=3998100 width=4) (actual time=4900.875..12186.748 rows=4008037 loops=1)
        Filter: (role_id = 3)
        Rows Removed by Filter: 32236307
  ->  Hash  (cost=238134.38..238134.38 rows=1887174 width=8) (actual time=5465.768..5465.768 rows=923166 loops=1)
        Buckets: 131072  Batches: 32  Memory Usage: 2152kB
        ->  Hash Join  (cost=98137.04..238134.38 rows=1887174 width=8) (actual time=1748.940..5178.541 rows=923166 loops=1)
              Hash Cond: (mk.movie_id = t.id)
              ->  Seq Scan on movie_keyword mk  (cost=0.00..81003.12 rows=2564095 width=4) (actual time=2.272..1525.271 rows=2555088 loops=1)
                    Filter: (keyword_id > 3434)
                    Rows Removed by Filter: 1968842
              ->  Hash  (cost=67604.59..67604.59 rows=1860996 width=4) (actual time=1745.598..1745.598 rows=1865487 loops=1)
                    Buckets: 131072  Batches: 32  Memory Usage: 3085kB
                    ->  Seq Scan on title t  (cost=0.00..67604.59 rows=1860996 width=4) (actual time=0.019..1147.783 rows=1865487 loops=1)
                          Filter: (kind_id > 1)
                          Rows Removed by Filter: 662825
Planning time: 1.117 ms
Execution time: 20734.506 ms
