Hash Join  (cost=77934.62..121523.40 rows=343629 width=0) (actual time=1085.658..2222.975 rows=404622 loops=1)
  Hash Cond: (mi_idx.movie_id = t.id)
  ->  Seq Scan on movie_info_idx mi_idx  (cost=0.00..21735.35 rows=1380035 width=4) (actual time=0.021..358.271 rows=1380035 loops=1)
  ->  Hash  (cost=67604.59..67604.59 rows=629603 width=4) (actual time=1084.293..1084.293 rows=622851 loops=1)
        Buckets: 131072  Batches: 16  Memory Usage: 2387kB
        ->  Seq Scan on title t  (cost=0.00..67604.59 rows=629603 width=4) (actual time=0.019..894.149 rows=622851 loops=1)
              Filter: (production_year < 1987)
              Rows Removed by Filter: 1905461
Planning time: 0.576 ms
Execution time: 2270.418 ms
