Seq Scan on cast_info ci  (cost=0.00..796071.18 rows=80 width=0) (actual time=8467.438..12009.123 rows=3 loops=1)
  Filter: ((role_id > 8) AND (person_id = 2251297))
  Rows Removed by Filter: 36244341
Planning time: 0.346 ms
Execution time: 12009.222 ms
