Hash Join  (cost=67697.55..130358.56 rows=3684 width=0) (actual time=841.117..2148.645 rows=7560 loops=1)
  Hash Cond: (mc.movie_id = t.id)
  ->  Seq Scan on movie_companies mc  (cost=0.00..57926.93 rows=1252595 width=4) (actual time=0.018..1073.340 rows=1274246 loops=1)
        Filter: ((company_id < 188505) AND (company_type_id < 2))
        Rows Removed by Filter: 1334883
  ->  Hash  (cost=67604.59..67604.59 rows=7437 width=4) (actual time=840.859..840.859 rows=11153 loops=1)
        Buckets: 16384 (originally 8192)  Batches: 1 (originally 1)  Memory Usage: 521kB
        ->  Seq Scan on title t  (cost=0.00..67604.59 rows=7437 width=4) (actual time=0.027..835.527 rows=11153 loops=1)
              Filter: (production_year = 1963)
              Rows Removed by Filter: 2517159
Planning time: 2.034 ms
Execution time: 2150.043 ms
