Hash Join  (cost=190230.21..310366.29 rows=1081983 width=0) (actual time=3924.596..7697.646 rows=4512533 loops=1)
  Hash Cond: (mk.movie_id = t.id)
  ->  Seq Scan on movie_keyword mk  (cost=0.00..81003.12 rows=1982431 width=4) (actual time=0.021..1508.872 rows=1982648 loops=1)
        Filter: (keyword_id < 3505)
        Rows Removed by Filter: 2541282
  ->  Hash  (cost=167588.78..167588.78 rows=1380035 width=8) (actual time=3923.758..3923.758 rows=1380035 loops=1)
        Buckets: 131072  Batches: 32  Memory Usage: 2726kB
        ->  Hash Join  (cost=102767.86..167588.78 rows=1380035 width=8) (actual time=1670.616..3506.321 rows=1380035 loops=1)
              Hash Cond: (mi_idx.movie_id = t.id)
              ->  Seq Scan on movie_info_idx mi_idx  (cost=0.00..21735.35 rows=1380035 width=4) (actual time=0.029..374.326 rows=1380035 loops=1)
              ->  Hash  (cost=61283.27..61283.27 rows=2528527 width=4) (actual time=1669.590..1669.590 rows=2528312 loops=1)
                    Buckets: 131072  Batches: 64  Memory Usage: 2415kB
                    ->  Seq Scan on title t  (cost=0.00..61283.27 rows=2528527 width=4) (actual time=0.018..837.190 rows=2528312 loops=1)
Planning time: 1.137 ms
Execution time: 8237.007 ms
