Seq Scan on cast_info ci  (cost=0.00..705507.15 rows=500 width=0) (actual time=6894.544..10115.632 rows=1 loops=1)
  Filter: (person_id = 161093)
  Rows Removed by Filter: 36244343
Planning time: 0.248 ms
Execution time: 10115.692 ms
