Seq Scan on movie_keyword mk  (cost=0.00..81003.12 rows=246 width=0) (actual time=19.499..1012.174 rows=143 loops=1)
  Filter: (keyword_id = 15075)
  Rows Removed by Filter: 4523787
Planning time: 0.230 ms
Execution time: 1012.338 ms
