Seq Scan on movie_keyword mk  (cost=0.00..81003.12 rows=3316620 width=0) (actual time=0.025..1554.580 rows=3307568 loops=1)
  Filter: (keyword_id < 15008)
  Rows Removed by Filter: 1216362
Planning time: 0.297 ms
Execution time: 1969.059 ms
