Seq Scan on cast_info ci  (cost=0.00..705507.15 rows=6038 width=0) (actual time=8810.649..9783.148 rows=3356 loops=1)
  Filter: (person_id = 1322213)
  Rows Removed by Filter: 36240988
Planning time: 0.360 ms
Execution time: 9783.712 ms
