Seq Scan on movie_keyword mk  (cost=0.00..81003.12 rows=4004233 width=0) (actual time=0.026..1444.505 rows=4012747 loops=1)
  Filter: (keyword_id < 35480)
  Rows Removed by Filter: 511183
Planning time: 0.767 ms
Execution time: 1935.675 ms
