Seq Scan on movie_keyword mk  (cost=0.00..81003.12 rows=6786 width=0) (actual time=0.027..3639.941 rows=5733 loops=1)
  Filter: (keyword_id = 249)
  Rows Removed by Filter: 4518197
Planning time: 0.310 ms
Execution time: 3641.644 ms
