Hash Join  (cost=102767.86..240332.94 rows=1940059 width=0) (actual time=1831.530..5358.756 rows=1948707 loops=1)
  Hash Cond: (mk.movie_id = t.id)
  ->  Seq Scan on movie_keyword mk  (cost=0.00..81003.12 rows=1940059 width=4) (actual time=0.025..1462.312 rows=1948707 loops=1)
        Filter: (keyword_id > 6646)
        Rows Removed by Filter: 2575223
  ->  Hash  (cost=61283.27..61283.27 rows=2528527 width=4) (actual time=1829.998..1829.998 rows=2528312 loops=1)
        Buckets: 131072  Batches: 64  Memory Usage: 2425kB
        ->  Seq Scan on title t  (cost=0.00..61283.27 rows=2528527 width=4) (actual time=0.019..947.769 rows=2528312 loops=1)
Planning time: 0.701 ms
Execution time: 5588.640 ms
