Hash Join  (cost=685561.18..2486984.57 rows=52684513 width=0) (actual time=20133.052..124686.942 rows=310370860 loops=1)
  Hash Cond: (ci.movie_id = t.id)
  ->  Seq Scan on cast_info ci  (cost=0.00..614943.12 rows=36225612 width=4) (actual time=0.026..12056.398 rows=36244344 loops=1)
  ->  Hash  (cost=625229.32..625229.32 rows=3677349 width=8) (actual time=20130.186..20130.186 rows=7858009 loops=1)
        Buckets: 131072 (originally 131072)  Batches: 128 (originally 64)  Memory Usage: 3433kB
        ->  Hash Join  (cost=78556.72..625229.32 rows=3677349 width=8) (actual time=1228.618..16982.761 rows=7858009 loops=1)
              Hash Cond: (mi.movie_id = t.id)
              ->  Seq Scan on movie_info mi  (cost=0.00..346232.03 rows=13929354 width=4) (actual time=0.021..6291.449 rows=14033580 loops=1)
                    Filter: (info_type_id > 1)
                    Rows Removed by Filter: 802140
              ->  Hash  (cost=67604.59..67604.59 rows=667531 width=4) (actual time=1227.691..1227.691 rows=662825 loops=1)
                    Buckets: 131072  Batches: 16  Memory Usage: 2485kB
                    ->  Seq Scan on title t  (cost=0.00..67604.59 rows=667531 width=4) (actual time=0.020..1004.978 rows=662825 loops=1)
                          Filter: (kind_id = 1)
                          Rows Removed by Filter: 1865487
Planning time: 1.159 ms
Execution time: 156234.438 ms
