Hash Join  (cost=197259.35..331675.80 rows=935610 width=0) (actual time=3651.108..7147.308 rows=1747354 loops=1)
  Hash Cond: (mk.movie_id = t.id)
  ->  Seq Scan on movie_keyword mk  (cost=0.00..81003.12 rows=3587526 width=4) (actual time=0.009..1545.686 rows=3580349 loops=1)
        Filter: (keyword_id > 875)
        Rows Removed by Filter: 943581
  ->  Hash  (cost=186440.50..186440.50 rows=659428 width=8) (actual time=3649.731..3649.731 rows=419974 loops=1)
        Buckets: 131072  Batches: 16  Memory Usage: 2050kB
        ->  Hash Join  (cost=102767.86..186440.50 rows=659428 width=8) (actual time=1878.129..3528.292 rows=419974 loops=1)
              Hash Cond: (mc.movie_id = t.id)
              ->  Seq Scan on movie_companies mc  (cost=0.00..57926.93 rows=659428 width=4) (actual time=0.166..935.594 rows=419974 loops=1)
                    Filter: ((company_id < 11244) AND (company_type_id > 1))
                    Rows Removed by Filter: 2189155
              ->  Hash  (cost=61283.27..61283.27 rows=2528527 width=4) (actual time=1877.023..1877.023 rows=2528312 loops=1)
                    Buckets: 131072  Batches: 64  Memory Usage: 2415kB
                    ->  Seq Scan on title t  (cost=0.00..61283.27 rows=2528527 width=4) (actual time=0.016..1051.469 rows=2528312 loops=1)
Planning time: 1.117 ms
Execution time: 7353.159 ms
