Seq Scan on movie_keyword mk  (cost=0.00..81003.12 rows=152718 width=0) (actual time=0.118..1141.376 rows=151060 loops=1)
  Filter: (keyword_id > 73803)
  Rows Removed by Filter: 4372870
Planning time: 1.120 ms
Execution time: 1161.936 ms
