Seq Scan on cast_info ci  (cost=0.00..796071.18 rows=2729274 width=0) (actual time=9601.714..14291.197 rows=2723571 loops=1)
  Filter: ((person_id > 7956) AND (role_id = 4))
  Rows Removed by Filter: 33520773
Planning time: 0.372 ms
Execution time: 14635.500 ms
