Hash Join  (cost=78988.28..141805.08 rows=35151 width=0) (actual time=1605.570..2027.633 rows=668 loops=1)
  Hash Cond: (mc.movie_id = t.id)
  ->  Seq Scan on movie_companies mc  (cost=0.00..57926.93 rows=288096 width=4) (actual time=440.379..826.872 rows=1714 loops=1)
        Filter: ((company_id > 69263) AND (company_type_id < 2))
        Rows Removed by Filter: 2607415
  ->  Hash  (cost=73925.90..73925.90 rows=308510 width=4) (actual time=1164.296..1164.296 rows=266599 loops=1)
        Buckets: 131072  Batches: 8  Memory Usage: 2191kB
        ->  Seq Scan on title t  (cost=0.00..73925.90 rows=308510 width=4) (actual time=0.047..1077.043 rows=266599 loops=1)
              Filter: ((kind_id < 7) AND (production_year > 2007))
              Rows Removed by Filter: 2261713
Planning time: 0.719 ms
Execution time: 2027.784 ms
