Seq Scan on movie_keyword mk  (cost=0.00..81003.12 rows=1023776 width=0) (actual time=0.015..1342.022 rows=1027689 loops=1)
  Filter: (keyword_id > 17346)
  Rows Removed by Filter: 3496241
Planning time: 0.265 ms
Execution time: 1474.933 ms
