Seq Scan on movie_keyword mk  (cost=0.00..81003.12 rows=246 width=0) (actual time=6.113..1191.281 rows=159 loops=1)
  Filter: (keyword_id = 24686)
  Rows Removed by Filter: 4523771
Planning time: 0.334 ms
Execution time: 1191.437 ms
