Seq Scan on cast_info ci  (cost=0.00..796071.18 rows=5698372 width=0) (actual time=6849.556..14225.192 rows=7450523 loops=1)
  Filter: ((person_id > 761897) AND (role_id = 2))
  Rows Removed by Filter: 28793821
Planning time: 0.354 ms
Execution time: 15157.433 ms
