Hash Join  (cost=90886.84..235209.10 rows=837122 width=106) (actual time=2324.073..5727.397 rows=359614 loops=1)
  Hash Cond: (mk.movie_id = t.id)
  ->  Seq Scan on movie_keyword mk  (cost=0.00..81003.12 rows=3388243 width=12) (actual time=0.017..1809.940 rows=3378865 loops=1)
        Filter: (keyword_id > 1302)
        Rows Removed by Filter: 1145065
  ->  Hash  (cost=73925.90..73925.90 rows=624715 width=94) (actual time=2322.127..2322.127 rows=501928 loops=1)
        Buckets: 32768  Batches: 32  Memory Usage: 2064kB
        ->  Seq Scan on title t  (cost=0.00..73925.90 rows=624715 width=94) (actual time=0.028..1738.158 rows=501928 loops=1)
              Filter: ((kind_id > 1) AND (production_year < 1996))
              Rows Removed by Filter: 2026384
Planning time: 1.050 ms
Execution time: 5746.131 ms
