Seq Scan on movie_keyword mk  (cost=0.00..81003.12 rows=4150598 width=0) (actual time=0.025..1475.438 rows=4152506 loops=1)
  Filter: (keyword_id < 45549)
  Rows Removed by Filter: 371424
Planning time: 0.325 ms
Execution time: 1999.465 ms
