Hash Join  (cost=102767.86..1225338.32 rows=16921927 width=0) (actual time=4932.435..67243.366 rows=16787726 loops=1)
  Hash Cond: (ci.movie_id = t.id)
  ->  Seq Scan on cast_info ci  (cost=0.00..705507.15 rows=16921927 width=4) (actual time=0.101..42202.142 rows=16787726 loops=1)
        Filter: (person_id < 1660998)
        Rows Removed by Filter: 19456618
  ->  Hash  (cost=61283.27..61283.27 rows=2528527 width=4) (actual time=4931.117..4931.117 rows=2528312 loops=1)
        Buckets: 131072  Batches: 64  Memory Usage: 2415kB
        ->  Seq Scan on title t  (cost=0.00..61283.27 rows=2528527 width=4) (actual time=0.014..3774.147 rows=2528312 loops=1)
Planning time: 0.699 ms
Execution time: 69659.283 ms
