Hash Join  (cost=812788.19..852134.52 rows=96384 width=0) (actual time=13607.691..14227.879 rows=176739 loops=1)
  Hash Cond: (mi_idx.movie_id = t.id)
  ->  Seq Scan on movie_info_idx mi_idx  (cost=0.00..21735.35 rows=1380035 width=4) (actual time=0.015..454.148 rows=1380035 loops=1)
  ->  Hash  (cost=809890.73..809890.73 rows=176597 width=8) (actual time=13224.336..13224.336 rows=155870 loops=1)
        Buckets: 131072  Batches: 4  Memory Usage: 2548kB
        ->  Hash Join  (cost=92883.59..809890.73 rows=176597 width=8) (actual time=11622.228..13181.102 rows=155870 loops=1)
              Hash Cond: (ci.movie_id = t.id)
              ->  Seq Scan on cast_info ci  (cost=0.00..705507.15 rows=289805 width=4) (actual time=10078.578..10719.307 rows=276403 loops=1)
                    Filter: (role_id = 7)
                    Rows Removed by Filter: 35967941
              ->  Hash  (cost=67604.59..67604.59 rows=1540800 width=4) (actual time=1541.994..1541.994 rows=1543264 loops=1)
                    Buckets: 131072  Batches: 32  Memory Usage: 2722kB
                    ->  Seq Scan on title t  (cost=0.00..67604.59 rows=1540800 width=4) (actual time=0.041..1071.834 rows=1543264 loops=1)
                          Filter: (kind_id = 7)
                          Rows Removed by Filter: 985048
Planning time: 1.116 ms
Execution time: 14246.160 ms
