Hash Join  (cost=78556.72..144137.12 rows=93762 width=0) (actual time=1787.229..3042.536 rows=95980 loops=1)
  Hash Cond: (mc.movie_id = t.id)
  ->  Seq Scan on movie_companies mc  (cost=0.00..57926.93 rows=355158 width=4) (actual time=269.788..872.429 rows=505860 loops=1)
        Filter: ((company_id < 1376) AND (company_type_id = 1))
        Rows Removed by Filter: 2103269
  ->  Hash  (cost=67604.59..67604.59 rows=667531 width=4) (actual time=1210.735..1210.735 rows=662825 loops=1)
        Buckets: 131072  Batches: 16  Memory Usage: 2476kB
        ->  Seq Scan on title t  (cost=0.00..67604.59 rows=667531 width=4) (actual time=0.024..1014.736 rows=662825 loops=1)
              Filter: (kind_id = 1)
              Rows Removed by Filter: 1865487
Planning time: 0.723 ms
Execution time: 3055.370 ms
