Hash Join  (cost=81466.28..120746.53 rows=167035 width=0) (actual time=1135.973..2209.937 rows=384637 loops=1)
  Hash Cond: (mi_idx.movie_id = t.id)
  ->  Seq Scan on movie_info_idx mi_idx  (cost=0.00..25185.44 rows=919057 width=4) (actual time=0.010..455.887 rows=920110 loops=1)
        Filter: (info_type_id > 99)
        Rows Removed by Filter: 459925
  ->  Hash  (cost=73925.90..73925.90 rows=459550 width=4) (actual time=1135.176..1135.176 rows=547302 loops=1)
        Buckets: 131072  Batches: 8  Memory Usage: 3441kB
        ->  Seq Scan on title t  (cost=0.00..73925.90 rows=459550 width=4) (actual time=0.012..960.513 rows=547302 loops=1)
              Filter: ((kind_id < 4) AND (production_year < 2005))
              Rows Removed by Filter: 1981010
Planning time: 0.572 ms
Execution time: 2257.879 ms
