Hash Join  (cost=130573.23..495553.14 rows=32398 width=0) (actual time=2008.474..7777.776 rows=194967 loops=1)
  Hash Cond: (mi.movie_id = t.id)
  ->  Seq Scan on movie_info mi  (cost=0.00..309384.22 rows=14739122 width=4) (actual time=0.009..2976.036 rows=14835720 loops=1)
  ->  Hash  (cost=130503.76..130503.76 rows=5558 width=8) (actual time=2008.221..2008.221 rows=9642 loops=1)
        Buckets: 16384 (originally 8192)  Batches: 1 (originally 1)  Memory Usage: 505kB
        ->  Hash Join  (cost=74058.02..130503.76 rows=5558 width=8) (actual time=1015.864..2004.308 rows=9642 loops=1)
              Hash Cond: (mc.movie_id = t.id)
              ->  Seq Scan on movie_companies mc  (cost=0.00..51404.11 rows=1329612 width=4) (actual time=68.667..827.711 rows=1334883 loops=1)
                    Filter: (company_type_id = 2)
                    Rows Removed by Filter: 1274246
              ->  Hash  (cost=73925.90..73925.90 rows=10569 width=4) (actual time=946.911..946.911 rows=10528 loops=1)
                    Buckets: 16384  Batches: 1  Memory Usage: 499kB
                    ->  Seq Scan on title t  (cost=0.00..73925.90 rows=10569 width=4) (actual time=0.046..941.789 rows=10528 loops=1)
                          Filter: ((kind_id < 7) AND (production_year = 1993))
                          Rows Removed by Filter: 2517784
Planning time: 1.134 ms
Execution time: 7805.301 ms
