Hash Join  (cost=92659.85..141045.32 rows=623198 width=0) (actual time=1598.238..3006.908 rows=337734 loops=1)
  Hash Cond: (mi_idx.movie_id = t.id)
  ->  Seq Scan on movie_info_idx mi_idx  (cost=0.00..21735.35 rows=1380035 width=4) (actual time=0.014..492.302 rows=1380035 loops=1)
  ->  Hash  (cost=73925.90..73925.90 rows=1141836 width=4) (actual time=1597.228..1597.228 rows=1235288 loops=1)
        Buckets: 131072  Batches: 16  Memory Usage: 3750kB
        ->  Seq Scan on title t  (cost=0.00..73925.90 rows=1141836 width=4) (actual time=0.019..1228.444 rows=1235288 loops=1)
              Filter: ((production_year > 1984) AND (kind_id = 7))
              Rows Removed by Filter: 1293024
Planning time: 0.726 ms
Execution time: 3047.070 ms
