Hash Join  (cost=83810.17..170119.93 rows=36512 width=0) (actual time=1333.023..2792.851 rows=85678 loops=1)
  Hash Cond: (mk.movie_id = t.id)
  ->  Seq Scan on movie_keyword mk  (cost=0.00..81003.12 rows=93469 width=4) (actual time=0.034..1208.877 rows=102400 loops=1)
        Filter: (keyword_id < 103)
        Rows Removed by Filter: 4421530
  ->  Hash  (cost=67604.59..67604.59 rows=987727 width=4) (actual time=1332.224..1332.224 rows=985048 loops=1)
        Buckets: 131072  Batches: 16  Memory Usage: 3197kB
        ->  Seq Scan on title t  (cost=0.00..67604.59 rows=987727 width=4) (actual time=0.024..998.579 rows=985048 loops=1)
              Filter: (kind_id < 7)
              Rows Removed by Filter: 1543264
Planning time: 0.667 ms
Execution time: 2804.990 ms
