Hash Join  (cost=70467.44..109794.14 rows=95222 width=0) (actual time=1016.737..1998.263 rows=90503 loops=1)
  Hash Cond: (mi_idx.movie_id = t.id)
  ->  Seq Scan on movie_info_idx mi_idx  (cost=0.00..21735.35 rows=1380035 width=4) (actual time=0.035..395.289 rows=1380035 loops=1)
  ->  Hash  (cost=67604.59..67604.59 rows=174468 width=4) (actual time=1015.898..1015.898 rows=174610 loops=1)
        Buckets: 131072  Batches: 4  Memory Usage: 2557kB
        ->  Seq Scan on title t  (cost=0.00..67604.59 rows=174468 width=4) (actual time=0.116..956.387 rows=174610 loops=1)
              Filter: (production_year < 1952)
              Rows Removed by Filter: 2353702
Planning time: 0.774 ms
Execution time: 2010.824 ms
