Seq Scan on movie_companies mc  (cost=0.00..57926.93 rows=632817 width=0) (actual time=144.135..952.652 rows=894923 loops=1)
  Filter: ((company_id > 11617) AND (company_type_id = 2))
  Rows Removed by Filter: 1714206
Planning time: 0.380 ms
Execution time: 1055.284 ms
