Seq Scan on movie_companies mc  (cost=0.00..57926.93 rows=1450 width=0) (actual time=5.680..723.701 rows=2434 loops=1)
  Filter: ((company_id = 137) AND (company_type_id = 1))
  Rows Removed by Filter: 2606695
Planning time: 0.376 ms
Execution time: 724.150 ms
