Hash Join  (cost=150729.99..1086494.25 rows=2630029 width=0) (actual time=3307.438..28260.321 rows=6194506 loops=1)
  Hash Cond: (ci.movie_id = t.id)
  ->  Seq Scan on cast_info ci  (cost=0.00..705507.15 rows=17511160 width=4) (actual time=0.015..12750.287 rows=17390089 loops=1)
        Filter: (person_id < 1718828)
        Rows Removed by Filter: 18854255
  ->  Hash  (cost=144498.95..144498.95 rows=379763 width=8) (actual time=3306.734..3306.734 rows=416275 loops=1)
        Buckets: 131072  Batches: 8  Memory Usage: 3063kB
        ->  Hash Join  (cost=101489.21..144498.95 rows=379763 width=8) (actual time=1927.195..3175.422 rows=416275 loops=1)
              Hash Cond: (mi_idx.movie_id = t.id)
              ->  Seq Scan on movie_info_idx mi_idx  (cost=0.00..25185.44 rows=464934 width=4) (actual time=0.017..481.566 rows=460185 loops=1)
                    Filter: (info_type_id > 100)
                    Rows Removed by Filter: 919850
              ->  Hash  (cost=67604.59..67604.59 rows=2065330 width=4) (actual time=1925.698..1925.698 rows=2064552 loops=1)
                    Buckets: 131072  Batches: 32  Memory Usage: 3289kB
                    ->  Seq Scan on title t  (cost=0.00..67604.59 rows=2065330 width=4) (actual time=0.022..1265.192 rows=2064552 loops=1)
                          Filter: (production_year < 2011)
                          Rows Removed by Filter: 463760
Planning time: 0.978 ms
Execution time: 29026.670 ms
