Hash Join  (cost=73982.55..100917.78 rows=2474 width=0) (actual time=4038.419..5001.562 rows=2988 loops=1)
  Hash Cond: (mi_idx.movie_id = t.id)
  ->  Seq Scan on movie_info_idx mi_idx  (cost=0.00..21735.35 rows=1380035 width=4) (actual time=0.021..1208.064 rows=1380035 loops=1)
  ->  Hash  (cost=73925.90..73925.90 rows=4532 width=4) (actual time=3377.397..3377.397 rows=7796 loops=1)
        Buckets: 8192  Batches: 1  Memory Usage: 339kB
        ->  Seq Scan on title t  (cost=0.00..73925.90 rows=4532 width=4) (actual time=0.241..3370.119 rows=7796 loops=1)
              Filter: ((kind_id = 7) AND (production_year = 1976))
              Rows Removed by Filter: 2520516
Planning time: 1.776 ms
Execution time: 5002.062 ms
