Hash Join  (cost=78556.72..1023301.55 rows=2715095 width=0) (actual time=1183.989..24032.889 rows=3811955 loops=1)
  Hash Cond: (ci.movie_id = t.id)
  ->  Seq Scan on cast_info ci  (cost=0.00..796071.18 rows=10284453 width=4) (actual time=0.028..15673.352 rows=12670688 loops=1)
        Filter: ((person_id < 2963171) AND (role_id = 1))
        Rows Removed by Filter: 23573656
  ->  Hash  (cost=67604.59..67604.59 rows=667531 width=4) (actual time=1183.014..1183.014 rows=662825 loops=1)
        Buckets: 131072  Batches: 16  Memory Usage: 2476kB
        ->  Seq Scan on title t  (cost=0.00..67604.59 rows=667531 width=4) (actual time=350.369..983.571 rows=662825 loops=1)
              Filter: (kind_id = 1)
              Rows Removed by Filter: 1865487
Planning time: 0.781 ms
Execution time: 24465.853 ms
