Hash Join  (cost=575041.25..2040020.22 rows=33157072 width=0) (actual time=12748.532..58883.359 rows=65448886 loops=1)
  Hash Cond: (ci.movie_id = t.id)
  ->  Seq Scan on cast_info ci  (cost=0.00..614943.12 rows=36225612 width=4) (actual time=0.026..12235.748 rows=36244344 loops=1)
  ->  Hash  (cost=537070.94..537070.94 rows=2314345 width=8) (actual time=12747.158..12747.158 rows=3606658 loops=1)
        Buckets: 131072 (originally 131072)  Batches: 64 (originally 32)  Memory Usage: 3238kB
        ->  Hash Join  (cost=80874.21..537070.94 rows=2314345 width=8) (actual time=3260.332..11840.862 rows=3606658 loops=1)
              Hash Cond: (mi.movie_id = t.id)
              ->  Seq Scan on movie_info mi  (cost=0.00..346232.03 rows=7235534 width=4) (actual time=1621.982..5823.214 rows=7286865 loops=1)
                    Filter: (info_type_id < 8)
                    Rows Removed by Filter: 7548855
              ->  Hash  (cost=67604.59..67604.59 rows=808770 width=4) (actual time=1637.459..1637.459 rows=812704 loops=1)
                    Buckets: 131072  Batches: 16  Memory Usage: 2819kB
                    ->  Seq Scan on title t  (cost=0.00..67604.59 rows=808770 width=4) (actual time=0.029..1084.125 rows=812704 loops=1)
                          Filter: (production_year < 1995)
                          Rows Removed by Filter: 1715608
Planning time: 1.194 ms
Execution time: 65642.323 ms
