Hash Join  (cost=90717.09..235028.34 rows=1831121 width=0) (actual time=2421.117..5143.206 rows=454977 loops=1)
  Hash Cond: (mk.movie_id = t.id)
  ->  Seq Scan on movie_keyword mk  (cost=0.00..69693.30 rows=4523930 width=4) (actual time=0.017..1293.501 rows=4523930 loops=1)
  ->  Hash  (cost=73925.90..73925.90 rows=1023455 width=4) (actual time=1676.181..1676.181 rows=1117981 loops=1)
        Buckets: 131072  Batches: 16  Memory Usage: 3495kB
        ->  Seq Scan on title t  (cost=0.00..73925.90 rows=1023455 width=4) (actual time=263.464..1320.398 rows=1117981 loops=1)
              Filter: ((production_year > 1993) AND (kind_id = 7))
              Rows Removed by Filter: 1410331
Planning time: 0.723 ms
Execution time: 5195.143 ms
