Hash Join  (cost=365418.15..1447835.63 rows=18654778 width=0) (actual time=13489.124..42587.439 rows=64892502 loops=1)
  Hash Cond: (ci.movie_id = t.id)
  ->  Seq Scan on cast_info ci  (cost=0.00..705507.15 rows=10426578 width=4) (actual time=4648.024..11007.865 rows=10435340 loops=1)
        Filter: (person_id > 2666555)
        Rows Removed by Filter: 25809004
  ->  Hash  (cost=291197.02..291197.02 rows=4523930 width=8) (actual time=8838.709..8838.709 rows=4523930 loops=1)
        Buckets: 131072  Batches: 64  Memory Usage: 3816kB
        ->  Hash Join  (cost=102767.86..291197.02 rows=4523930 width=8) (actual time=1858.039..7509.803 rows=4523930 loops=1)
              Hash Cond: (mk.movie_id = t.id)
              ->  Seq Scan on movie_keyword mk  (cost=0.00..69693.30 rows=4523930 width=4) (actual time=0.032..1365.350 rows=4523930 loops=1)
              ->  Hash  (cost=61283.27..61283.27 rows=2528527 width=4) (actual time=1849.412..1849.412 rows=2528312 loops=1)
                    Buckets: 131072  Batches: 64  Memory Usage: 2425kB
                    ->  Seq Scan on title t  (cost=0.00..61283.27 rows=2528527 width=4) (actual time=0.021..998.172 rows=2528312 loops=1)
Planning time: 1.087 ms
Execution time: 49482.588 ms
