Seq Scan on movie_keyword mk  (cost=0.00..81003.12 rows=2591090 width=0) (actual time=0.023..1489.896 rows=2575886 loops=1)
  Filter: (keyword_id > 3369)
  Rows Removed by Filter: 1948044
Planning time: 0.310 ms
Execution time: 1817.936 ms
