Hash Join  (cost=812686.42..1303736.91 rows=1053756 width=0) (actual time=12066.597..23495.889 rows=611504 loops=1)
  Hash Cond: (mi.movie_id = t.id)
  ->  Seq Scan on movie_info mi  (cost=0.00..309384.22 rows=14739122 width=4) (actual time=0.007..5270.419 rows=14835720 loops=1)
  ->  Hash  (cost=809719.74..809719.74 rows=180774 width=8) (actual time=12065.865..12065.865 rows=131948 loops=1)
        Buckets: 131072  Batches: 4  Memory Usage: 2316kB
        ->  Hash Join  (cost=93315.44..809719.74 rows=180774 width=8) (actual time=2876.900..12018.713 rows=131948 loops=1)
              Hash Cond: (ci.movie_id = t.id)
              ->  Seq Scan on cast_info ci  (cost=0.00..705507.15 rows=386776 width=4) (actual time=1194.404..9192.176 rows=327470 loops=1)
                    Filter: (person_id < 37777)
                    Rows Removed by Filter: 35916874
              ->  Hash  (cost=73925.90..73925.90 rows=1181803 width=4) (actual time=1681.712..1681.712 rows=1139957 loops=1)
                    Buckets: 131072  Batches: 16  Memory Usage: 3528kB
                    ->  Seq Scan on title t  (cost=0.00..73925.90 rows=1181803 width=4) (actual time=0.016..1329.900 rows=1139957 loops=1)
                          Filter: ((kind_id > 4) AND (production_year < 2010))
                          Rows Removed by Filter: 1388355
Planning time: 0.975 ms
Execution time: 23569.628 ms
