Hash Join  (cost=102767.86..1491397.89 rows=27979008 width=0) (actual time=1729.843..44888.492 rows=28037245 loops=1)
  Hash Cond: (ci.movie_id = t.id)
  ->  Seq Scan on cast_info ci  (cost=0.00..705507.15 rows=27979008 width=4) (actual time=0.020..14660.631 rows=28037245 loops=1)
        Filter: (person_id < 2861632)
        Rows Removed by Filter: 8207099
  ->  Hash  (cost=61283.27..61283.27 rows=2528527 width=4) (actual time=1728.106..1728.106 rows=2528312 loops=1)
        Buckets: 131072  Batches: 64  Memory Usage: 2415kB
        ->  Seq Scan on title t  (cost=0.00..61283.27 rows=2528527 width=4) (actual time=0.006..888.872 rows=2528312 loops=1)
Planning time: 0.765 ms
Execution time: 48283.605 ms
