Hash Join  (cost=477978.59..559742.11 rows=487000 width=0) (actual time=22477.751..30010.314 rows=7466769 loops=1)
  Hash Cond: (mc.movie_id = t.id)
  ->  Seq Scan on movie_companies mc  (cost=0.00..44881.29 rows=2609129 width=4) (actual time=0.202..3308.263 rows=2609129 loops=1)
  ->  Hash  (cost=470235.15..470235.15 rows=471955 width=8) (actual time=22476.193..22476.193 rows=543367 loops=1)
        Buckets: 131072  Batches: 8  Memory Usage: 3673kB
        ->  Hash Join  (cost=102767.86..470235.15 rows=471955 width=8) (actual time=9862.180..22285.966 rows=543367 loops=1)
              Hash Cond: (mi.movie_id = t.id)
              ->  Seq Scan on movie_info mi  (cost=0.00..346232.03 rows=471955 width=4) (actual time=4301.352..15693.886 rows=543367 loops=1)
                    Filter: (info_type_id > 98)
                    Rows Removed by Filter: 14292353
              ->  Hash  (cost=61283.27..61283.27 rows=2528527 width=4) (actual time=5518.499..5518.499 rows=2528312 loops=1)
                    Buckets: 131072  Batches: 64  Memory Usage: 2425kB
                    ->  Seq Scan on title t  (cost=0.00..61283.27 rows=2528527 width=4) (actual time=0.015..4351.282 rows=2528312 loops=1)
Planning time: 2.624 ms
Execution time: 31156.483 ms
