Hash Join  (cost=75963.92..143880.96 rows=65289 width=0) (actual time=1563.042..2801.078 rows=243766 loops=1)
  Hash Cond: (mc.movie_id = t.id)
  ->  Seq Scan on movie_companies mc  (cost=0.00..51404.11 rows=1329612 width=4) (actual time=0.013..883.827 rows=1334883 loops=1)
        Filter: (company_type_id > 1)
        Rows Removed by Filter: 1274246
  ->  Hash  (cost=73925.90..73925.90 rows=124161 width=4) (actual time=1310.686..1310.686 rows=256948 loops=1)
        Buckets: 131072 (originally 131072)  Batches: 4 (originally 2)  Memory Usage: 3284kB
        ->  Seq Scan on title t  (cost=0.00..73925.90 rows=124161 width=4) (actual time=128.736..955.184 rows=256948 loops=1)
              Filter: ((production_year < 1977) AND (kind_id = 1))
              Rows Removed by Filter: 2271364
Planning time: 0.796 ms
Execution time: 2821.706 ms
