Seq Scan on movie_companies mc  (cost=0.00..51404.11 rows=2337220 width=0) (actual time=0.014..989.996 rows=2335546 loops=1)
  Filter: (company_id < 96883)
  Rows Removed by Filter: 273583
Planning time: 0.339 ms
Execution time: 1281.843 ms
