Hash Join  (cost=77037.46..144938.42 rows=95966 width=0) (actual time=1199.828..2777.651 rows=329212 loops=1)
  Hash Cond: (mc.movie_id = t.id)
  ->  Seq Scan on movie_companies mc  (cost=0.00..51404.11 rows=1279517 width=4) (actual time=0.024..888.363 rows=1274246 loops=1)
        Filter: (company_type_id = 1)
        Rows Removed by Filter: 1334883
  ->  Hash  (cost=73925.90..73925.90 rows=189644 width=4) (actual time=1198.889..1198.889 rows=294316 loops=1)
        Buckets: 131072  Batches: 4  Memory Usage: 3615kB
        ->  Seq Scan on title t  (cost=0.00..73925.90 rows=189644 width=4) (actual time=0.023..1102.041 rows=294316 loops=1)
              Filter: ((kind_id < 7) AND (production_year < 1978))
              Rows Removed by Filter: 2233996
Planning time: 0.784 ms
Execution time: 2820.225 ms
