Seq Scan on movie_companies mc  (cost=0.00..57926.93 rows=177916 width=0) (actual time=254.023..757.136 rows=354055 loops=1)
  Filter: ((company_id > 87847) AND (company_type_id = 2))
  Rows Removed by Filter: 2255074
Planning time: 3.104 ms
Execution time: 801.381 ms
