Hash Join  (cost=228609.07..997378.93 rows=1365884 width=0) (actual time=5925.304..20201.608 rows=3153257 loops=1)
  Hash Cond: (ci.movie_id = t.id)
  ->  Seq Scan on cast_info ci  (cost=0.00..705507.15 rows=3998100 width=4) (actual time=1069.947..11872.622 rows=4008037 loops=1)
        Filter: (role_id = 3)
        Rows Removed by Filter: 32236307
  ->  Hash  (cost=214436.20..214436.20 rows=863829 width=8) (actual time=4854.437..4854.437 rows=873404 loops=1)
        Buckets: 131072  Batches: 16  Memory Usage: 3199kB
        ->  Hash Join  (cost=102767.86..214436.20 rows=863829 width=8) (actual time=2378.773..4635.854 rows=873404 loops=1)
              Hash Cond: (mk.movie_id = t.id)
              ->  Seq Scan on movie_keyword mk  (cost=0.00..81003.12 rows=863829 width=4) (actual time=0.021..1277.980 rows=873404 loops=1)
                    Filter: (keyword_id > 21144)
                    Rows Removed by Filter: 3650526
              ->  Hash  (cost=61283.27..61283.27 rows=2528527 width=4) (actual time=2377.089..2377.089 rows=2528312 loops=1)
                    Buckets: 131072  Batches: 64  Memory Usage: 2425kB
                    ->  Seq Scan on title t  (cost=0.00..61283.27 rows=2528527 width=4) (actual time=0.016..948.336 rows=2528312 loops=1)
Planning time: 1.220 ms
Execution time: 20574.605 ms
