Seq Scan on movie_keyword mk  (cost=0.00..81003.12 rows=246 width=0) (actual time=0.358..1140.977 rows=1854 loops=1)
  Filter: (keyword_id = 903)
  Rows Removed by Filter: 4522076
Planning time: 0.361 ms
Execution time: 1141.645 ms
