Hash Join  (cost=83074.74..833899.15 rows=3524 width=0) (actual time=1209.641..16232.599 rows=5423 loops=1)
  Hash Cond: (ci.movie_id = t.id)
  ->  Seq Scan on cast_info ci  (cost=0.00..614943.12 rows=36225612 width=4) (actual time=0.013..8061.327 rows=36244344 loops=1)
  ->  Hash  (cost=83071.67..83071.67 rows=246 width=8) (actual time=1199.633..1199.633 rows=175 loops=1)
        Buckets: 1024  Batches: 1  Memory Usage: 15kB
        ->  Nested Loop  (cost=0.43..83071.67 rows=246 width=8) (actual time=5.842..1199.419 rows=175 loops=1)
              ->  Seq Scan on movie_keyword mk  (cost=0.00..81003.12 rows=246 width=4) (actual time=5.753..1192.693 rows=175 loops=1)
                    Filter: (keyword_id = 17018)
                    Rows Removed by Filter: 4523755
              ->  Index Only Scan using title_pkey on title t  (cost=0.43..8.40 rows=1 width=4) (actual time=0.035..0.036 rows=1 loops=175)
                    Index Cond: (id = mk.movie_id)
                    Heap Fetches: 175
Planning time: 1.130 ms
Execution time: 16235.183 ms
