Hash Join  (cost=216430.91..651537.07 rows=2358723 width=0) (actual time=4999.846..17778.962 rows=22222676 loops=1)
  Hash Cond: (mi.movie_id = t.id)
  ->  Seq Scan on movie_info mi  (cost=0.00..346232.03 rows=5263441 width=4) (actual time=560.947..5153.476 rows=5270569 loops=1)
        Filter: (info_type_id > 15)
        Rows Removed by Filter: 9565151
  ->  Hash  (cost=197839.94..197839.94 rows=1133117 width=8) (actual time=4434.528..4434.528 rows=1049862 loops=1)
        Buckets: 131072  Batches: 16  Memory Usage: 3643kB
        ->  Hash Join  (cost=102767.86..197839.94 rows=1133117 width=8) (actual time=1881.576..4112.621 rows=1049862 loops=1)
              Hash Cond: (mc.movie_id = t.id)
              ->  Seq Scan on movie_companies mc  (cost=0.00..57926.93 rows=1133117 width=4) (actual time=73.545..1051.097 rows=1049862 loops=1)
                    Filter: ((company_id > 159) AND (company_type_id < 2))
                    Rows Removed by Filter: 1559267
              ->  Hash  (cost=61283.27..61283.27 rows=2528527 width=4) (actual time=1806.843..1806.843 rows=2528312 loops=1)
                    Buckets: 131072  Batches: 64  Memory Usage: 2415kB
                    ->  Seq Scan on title t  (cost=0.00..61283.27 rows=2528527 width=4) (actual time=0.021..955.936 rows=2528312 loops=1)
Planning time: 1.225 ms
Execution time: 20440.490 ms
