Seq Scan on cast_info ci  (cost=0.00..705507.15 rows=22868792 width=0) (actual time=2495.736..11511.772 rows=22925081 loops=1)
  Filter: (person_id > 1313709)
  Rows Removed by Filter: 13319263
Planning time: 0.302 ms
Execution time: 14425.047 ms
