Nested Loop  (cost=0.43..58358.27 rows=51 width=0) (actual time=13.109..685.059 rows=16 loops=1)
  ->  Seq Scan on movie_companies mc  (cost=0.00..57926.93 rows=51 width=4) (actual time=13.013..684.536 rows=16 loops=1)
        Filter: ((company_id = 1291) AND (company_type_id = 1))
        Rows Removed by Filter: 2609113
  ->  Index Only Scan using title_pkey on title t  (cost=0.43..8.45 rows=1 width=4) (actual time=0.030..0.030 rows=1 loops=16)
        Index Cond: (id = mc.movie_id)
        Heap Fetches: 16
Planning time: 0.719 ms
Execution time: 685.133 ms
