Hash Join  (cost=83072.37..434359.95 rows=4 width=0) (actual time=4080.850..5774.850 rows=3 loops=1)
  Hash Cond: (mi.movie_id = t.id)
  ->  Seq Scan on movie_info mi  (cost=0.00..346232.03 rows=1348138 width=4) (actual time=2675.343..4428.772 rows=1298989 loops=1)
        Filter: (info_type_id = 4)
        Rows Removed by Filter: 13536731
  ->  Hash  (cost=83072.29..83072.29 rows=7 width=8) (actual time=1168.988..1168.988 rows=3 loops=1)
        Buckets: 1024  Batches: 1  Memory Usage: 9kB
        ->  Nested Loop  (cost=0.43..83072.29 rows=7 width=8) (actual time=343.126..1168.965 rows=3 loops=1)
              ->  Seq Scan on movie_keyword mk  (cost=0.00..81003.12 rows=246 width=4) (actual time=33.663..1166.464 rows=63 loops=1)
                    Filter: (keyword_id = 38804)
                    Rows Removed by Filter: 4523867
              ->  Index Scan using title_pkey on title t  (cost=0.43..8.40 rows=1 width=4) (actual time=0.036..0.036 rows=0 loops=63)
                    Index Cond: (id = mk.movie_id)
                    Filter: (production_year = 2003)
                    Rows Removed by Filter: 1
Planning time: 1.140 ms
Execution time: 5774.983 ms
