Seq Scan on cast_info ci  (cost=0.00..796071.18 rows=1007707 width=0) (actual time=1101.964..10000.179 rows=2293616 loops=1)
  Filter: ((person_id > 3613891) AND (role_id > 2))
  Rows Removed by Filter: 33950728
Planning time: 0.426 ms
Execution time: 10278.128 ms
