Seq Scan on cast_info ci  (cost=0.00..796071.18 rows=4648675 width=0) (actual time=0.024..12736.130 rows=7012618 loops=1)
  Filter: ((person_id > 1822612) AND (role_id > 4))
  Rows Removed by Filter: 29231726
Planning time: 0.412 ms
Execution time: 13594.297 ms
