Hash Join  (cost=102767.86..294658.24 rows=4197739 width=0) (actual time=1815.828..7059.554 rows=4200500 loops=1)
  Hash Cond: (mk.movie_id = t.id)
  ->  Seq Scan on movie_keyword mk  (cost=0.00..81003.12 rows=4197739 width=4) (actual time=0.028..1628.388 rows=4200500 loops=1)
        Filter: (keyword_id < 50661)
        Rows Removed by Filter: 323430
  ->  Hash  (cost=61283.27..61283.27 rows=2528527 width=4) (actual time=1814.034..1814.034 rows=2528312 loops=1)
        Buckets: 131072  Batches: 64  Memory Usage: 2425kB
        ->  Seq Scan on title t  (cost=0.00..61283.27 rows=2528527 width=4) (actual time=0.016..936.852 rows=2528312 loops=1)
Planning time: 0.675 ms
Execution time: 7548.107 ms
