Seq Scan on movie_companies mc  (cost=0.00..57926.93 rows=53 width=0) (actual time=874.694..881.029 rows=3 loops=1)
  Filter: ((company_type_id > 1) AND (company_id = 16449))
  Rows Removed by Filter: 2609126
Planning time: 0.448 ms
Execution time: 881.130 ms
