Hash Join  (cost=323352.62..1919412.05 rows=45917224 width=0) (actual time=7512.823..71809.628 rows=153379319 loops=1)
  Hash Cond: (ci.movie_id = t.id)
  ->  Seq Scan on cast_info ci  (cost=0.00..614943.12 rows=36225612 width=4) (actual time=0.023..12035.347 rows=36244344 loops=1)
  ->  Hash  (cost=270770.17..270770.17 rows=3204996 width=8) (actual time=7511.108..7511.108 rows=3190886 loops=1)
        Buckets: 131072  Batches: 64  Memory Usage: 2989kB
        ->  Hash Join  (cost=102767.86..270770.17 rows=3204996 width=8) (actual time=1797.557..6066.597 rows=3190886 loops=1)
              Hash Cond: (mk.movie_id = t.id)
              ->  Seq Scan on movie_keyword mk  (cost=0.00..81003.12 rows=3204996 width=4) (actual time=0.019..1588.295 rows=3190886 loops=1)
                    Filter: (keyword_id < 12926)
                    Rows Removed by Filter: 1333044
              ->  Hash  (cost=61283.27..61283.27 rows=2528527 width=4) (actual time=1796.425..1796.425 rows=2528312 loops=1)
                    Buckets: 131072  Batches: 64  Memory Usage: 2425kB
                    ->  Seq Scan on title t  (cost=0.00..61283.27 rows=2528527 width=4) (actual time=0.005..930.039 rows=2528312 loops=1)
Planning time: 1.112 ms
Execution time: 87352.352 ms
