Seq Scan on cast_info ci  (cost=0.00..796071.18 rows=2037755 width=0) (actual time=4310.072..10771.061 rows=3189932 loops=1)
  Filter: ((person_id > 3473761) AND (role_id > 1))
  Rows Removed by Filter: 33054412
Planning time: 0.224 ms
Execution time: 11175.137 ms
