Seq Scan on cast_info ci  (cost=0.00..796071.18 rows=396 width=0) (actual time=3471.647..12499.826 rows=18 loops=1)
  Filter: ((role_id < 8) AND (person_id = 1361608))
  Rows Removed by Filter: 36244326
Planning time: 0.449 ms
Execution time: 12499.961 ms
