Seq Scan on cast_info ci  (cost=0.00..705507.15 rows=33573935 width=0) (actual time=0.029..12418.851 rows=33551610 loops=1)
  Filter: (person_id < 3544898)
  Rows Removed by Filter: 2692734
Planning time: 0.368 ms
Execution time: 16581.344 ms
