Hash Join  (cost=190230.21..1043015.69 rows=1645758 width=0) (actual time=15853.259..20668.188 rows=3692868 loops=1)
  Hash Cond: (ci.movie_id = t.id)
  ->  Seq Scan on cast_info ci  (cost=0.00..796071.18 rows=3015390 width=4) (actual time=11842.900..13975.231 rows=3333875 loops=1)
        Filter: ((person_id > 864663) AND (role_id = 3))
        Rows Removed by Filter: 32910469
  ->  Hash  (cost=167588.78..167588.78 rows=1380035 width=8) (actual time=4009.471..4009.471 rows=1380035 loops=1)
        Buckets: 131072  Batches: 32  Memory Usage: 2708kB
        ->  Hash Join  (cost=102767.86..167588.78 rows=1380035 width=8) (actual time=1764.881..3637.267 rows=1380035 loops=1)
              Hash Cond: (mi_idx.movie_id = t.id)
              ->  Seq Scan on movie_info_idx mi_idx  (cost=0.00..21735.35 rows=1380035 width=4) (actual time=0.026..440.445 rows=1380035 loops=1)
              ->  Hash  (cost=61283.27..61283.27 rows=2528527 width=4) (actual time=1763.001..1763.001 rows=2528312 loops=1)
                    Buckets: 131072  Batches: 64  Memory Usage: 2415kB
                    ->  Seq Scan on title t  (cost=0.00..61283.27 rows=2528527 width=4) (actual time=0.017..932.698 rows=2528312 loops=1)
Planning time: 1.185 ms
Execution time: 21070.275 ms
