Hash Join  (cost=80493.69..585197.82 rows=2333420 width=0) (actual time=1336.989..15293.169 rows=5625365 loops=1)
  Hash Cond: (mi.movie_id = t.id)
  ->  Seq Scan on movie_info mi  (cost=0.00..309384.22 rows=14739122 width=4) (actual time=0.024..5470.634 rows=14835720 loops=1)
  ->  Hash  (cost=73925.90..73925.90 rows=400303 width=4) (actual time=1336.120..1336.120 rows=500611 loops=1)
        Buckets: 131072  Batches: 8  Memory Usage: 3244kB
        ->  Seq Scan on title t  (cost=0.00..73925.90 rows=400303 width=4) (actual time=0.023..1176.091 rows=500611 loops=1)
              Filter: ((kind_id < 7) AND (production_year < 2000))
              Rows Removed by Filter: 2027701
Planning time: 0.887 ms
Execution time: 15910.491 ms
