Seq Scan on cast_info ci  (cost=0.00..796071.18 rows=6848375 width=0) (actual time=3243.548..12752.185 rows=699028 loops=1)
  Filter: ((person_id > 1642158) AND (role_id < 2))
  Rows Removed by Filter: 35545316
Planning time: 1.598 ms
Execution time: 12839.177 ms
