Hash Join  (cost=111950.79..166912.60 rows=29629 width=0) (actual time=2088.951..3281.118 rows=64452 loops=1)
  Hash Cond: (mc.movie_id = t.id)
  ->  Seq Scan on movie_companies mc  (cost=0.00..44881.29 rows=2609129 width=4) (actual time=0.014..569.801 rows=2609129 loops=1)
  ->  Hash  (cost=111591.86..111591.86 rows=28714 width=8) (actual time=2088.483..2088.483 rows=26048 loops=1)
        Buckets: 32768  Batches: 1  Memory Usage: 1274kB
        ->  Hash Join  (cost=75227.65..111591.86 rows=28714 width=8) (actual time=1231.768..2079.285 rows=26048 loops=1)
              Hash Cond: (mi_idx.movie_id = t.id)
              ->  Seq Scan on movie_info_idx mi_idx  (cost=0.00..25185.44 rows=915101 width=4) (actual time=0.014..508.563 rows=919850 loops=1)
                    Filter: (info_type_id < 101)
                    Rows Removed by Filter: 460185
              ->  Hash  (cost=73925.90..73925.90 rows=79340 width=4) (actual time=1231.128..1231.128 rows=92312 loops=1)
                    Buckets: 131072  Batches: 2  Memory Usage: 2648kB
                    ->  Seq Scan on title t  (cost=0.00..73925.90 rows=79340 width=4) (actual time=0.012..1196.208 rows=92312 loops=1)
                          Filter: ((kind_id > 1) AND (production_year = 2006))
                          Rows Removed by Filter: 2436000
Planning time: 1.143 ms
Execution time: 3290.572 ms
