Seq Scan on cast_info ci  (cost=0.00..705507.15 rows=18155008 width=0) (actual time=0.021..11283.454 rows=18308513 loops=1)
  Filter: (person_id > 1777942)
  Rows Removed by Filter: 17935831
Planning time: 0.327 ms
Execution time: 13471.700 ms
