Hash Join  (cost=102767.86..1312348.50 rows=20537938 width=0) (actual time=1743.664..32166.042 rows=20668333 loops=1)
  Hash Cond: (ci.movie_id = t.id)
  ->  Seq Scan on cast_info ci  (cost=0.00..705507.15 rows=20537938 width=4) (actual time=0.024..13354.208 rows=20668333 loops=1)
        Filter: (person_id > 1536866)
        Rows Removed by Filter: 15576011
  ->  Hash  (cost=61283.27..61283.27 rows=2528527 width=4) (actual time=1742.649..1742.649 rows=2528312 loops=1)
        Buckets: 131072  Batches: 64  Memory Usage: 2415kB
        ->  Seq Scan on title t  (cost=0.00..61283.27 rows=2528527 width=4) (actual time=0.016..902.845 rows=2528312 loops=1)
Planning time: 0.737 ms
Execution time: 34622.521 ms
