Hash Join  (cost=182138.19..222495.13 rows=155245 width=0) (actual time=3841.170..5615.679 rows=1829299 loops=1)
  Hash Cond: (mi_idx.movie_id = t.id)
  ->  Seq Scan on movie_info_idx mi_idx  (cost=0.00..21735.35 rows=1380035 width=4) (actual time=0.025..485.987 rows=1380035 loops=1)
  ->  Hash  (cost=177470.66..177470.66 rows=284443 width=8) (actual time=3840.134..3840.134 rows=697112 loops=1)
        Buckets: 131072 (originally 131072)  Batches: 16 (originally 4)  Memory Usage: 3073kB
        ->  Hash Join  (cost=78556.72..177470.66 rows=284443 width=8) (actual time=1476.456..3635.832 rows=697112 loops=1)
              Hash Cond: (mk.movie_id = t.id)
              ->  Seq Scan on movie_keyword mk  (cost=0.00..81003.12 rows=1077434 width=4) (actual time=0.017..1362.156 rows=1088237 loops=1)
                    Filter: (keyword_id > 16264)
                    Rows Removed by Filter: 3435693
              ->  Hash  (cost=67604.59..67604.59 rows=667531 width=4) (actual time=1475.810..1475.810 rows=662825 loops=1)
                    Buckets: 131072  Batches: 16  Memory Usage: 2486kB
                    ->  Seq Scan on title t  (cost=0.00..67604.59 rows=667531 width=4) (actual time=291.857..1266.138 rows=662825 loops=1)
                          Filter: (kind_id = 1)
                          Rows Removed by Filter: 1865487
Planning time: 1.221 ms
Execution time: 5821.719 ms
