Hash Join  (cost=69928.56..166641.70 rows=70007 width=0) (actual time=1130.883..3042.894 rows=53632 loops=1)
  Hash Cond: (mk.movie_id = t.id)
  ->  Seq Scan on movie_keyword mk  (cost=0.00..81003.12 rows=1250119 width=4) (actual time=0.027..1472.436 rows=1261831 loops=1)
        Filter: (keyword_id > 14191)
        Rows Removed by Filter: 3262099
  ->  Hash  (cost=67604.59..67604.59 rows=141598 width=4) (actual time=1129.284..1129.284 rows=141703 loops=1)
        Buckets: 131072  Batches: 2  Memory Usage: 3517kB
        ->  Seq Scan on title t  (cost=0.00..67604.59 rows=141598 width=4) (actual time=0.022..1073.977 rows=141703 loops=1)
              Filter: (production_year = 2010)
              Rows Removed by Filter: 2386609
Planning time: 0.884 ms
Execution time: 3050.193 ms
