Hash Join  (cost=102767.86..278144.37 rows=3511470 width=0) (actual time=3853.379..10515.057 rows=3504139 loops=1)
  Hash Cond: (mk.movie_id = t.id)
  ->  Seq Scan on movie_keyword mk  (cost=0.00..81003.12 rows=3511470 width=4) (actual time=0.026..3738.552 rows=3504139 loops=1)
        Filter: (keyword_id < 17666)
        Rows Removed by Filter: 1019791
  ->  Hash  (cost=61283.27..61283.27 rows=2528527 width=4) (actual time=3850.332..3850.332 rows=2528312 loops=1)
        Buckets: 131072  Batches: 64  Memory Usage: 2425kB
        ->  Seq Scan on title t  (cost=0.00..61283.27 rows=2528527 width=4) (actual time=0.021..2918.659 rows=2528312 loops=1)
Planning time: 0.515 ms
Execution time: 10899.341 ms
