Hash Join  (cost=70716.09..102318.92 rows=34573 width=0) (actual time=1199.026..1932.472 rows=32978 loops=1)
  Hash Cond: (mi_idx.movie_id = t.id)
  ->  Seq Scan on movie_info_idx mi_idx  (cost=0.00..25185.44 rows=460978 width=4) (actual time=0.027..489.800 rows=459925 loops=1)
        Filter: (info_type_id < 100)
        Rows Removed by Filter: 920110
  ->  Hash  (cost=67604.59..67604.59 rows=189640 width=4) (actual time=1198.315..1198.315 rows=187790 loops=1)
        Buckets: 131072  Batches: 4  Memory Usage: 2673kB
        ->  Seq Scan on title t  (cost=0.00..67604.59 rows=189640 width=4) (actual time=0.053..1137.614 rows=187790 loops=1)
              Filter: (production_year < 1954)
              Rows Removed by Filter: 2340522
Planning time: 0.755 ms
Execution time: 1937.387 ms
