Hash Join  (cost=308351.91..912488.39 rows=10948254 width=0) (actual time=7623.826..52089.761 rows=139761004 loops=1)
  Hash Cond: (mi.movie_id = t.id)
  ->  Seq Scan on movie_info mi  (cost=0.00..346232.03 rows=9767026 width=4) (actual time=603.240..7320.757 rows=9911754 loops=1)
        Filter: (info_type_id > 4)
        Rows Removed by Filter: 4923966
  ->  Hash  (cost=261850.81..261850.81 rows=2834328 width=8) (actual time=7013.730..7013.730 rows=2827081 loops=1)
        Buckets: 131072  Batches: 64  Memory Usage: 2852kB
        ->  Hash Join  (cost=102767.86..261850.81 rows=2834328 width=8) (actual time=1946.327..6194.597 rows=2827081 loops=1)
              Hash Cond: (mk.movie_id = t.id)
              ->  Seq Scan on movie_keyword mk  (cost=0.00..81003.12 rows=2834328 width=4) (actual time=0.031..1714.365 rows=2827081 loops=1)
                    Filter: (keyword_id > 2632)
                    Rows Removed by Filter: 1696849
              ->  Hash  (cost=61283.27..61283.27 rows=2528527 width=4) (actual time=1944.265..1944.265 rows=2528312 loops=1)
                    Buckets: 131072  Batches: 64  Memory Usage: 2425kB
                    ->  Seq Scan on title t  (cost=0.00..61283.27 rows=2528527 width=4) (actual time=0.017..1069.851 rows=2528312 loops=1)
Planning time: 2.337 ms
Execution time: 67904.939 ms
