Hash Join  (cost=306683.64..1206352.97 rows=8061910 width=0) (actual time=14171.231..29376.073 rows=22122766 loops=1)
  Hash Cond: (ci.movie_id = t.id)
  ->  Seq Scan on cast_info ci  (cost=0.00..705507.15 rows=7298253 width=4) (actual time=7238.744..13533.313 rows=7451973 loops=1)
        Filter: (role_id = 2)
        Rows Removed by Filter: 28792371
  ->  Hash  (cost=260858.87..260858.87 rows=2793101 width=8) (actual time=6931.108..6931.108 rows=2782237 loops=1)
        Buckets: 131072  Batches: 64  Memory Usage: 2739kB
        ->  Hash Join  (cost=102767.86..260858.87 rows=2793101 width=8) (actual time=1977.694..6152.180 rows=2782237 loops=1)
              Hash Cond: (mk.movie_id = t.id)
              ->  Seq Scan on movie_keyword mk  (cost=0.00..81003.12 rows=2793101 width=4) (actual time=0.031..1733.097 rows=2782237 loops=1)
                    Filter: (keyword_id < 8061)
                    Rows Removed by Filter: 1741693
              ->  Hash  (cost=61283.27..61283.27 rows=2528527 width=4) (actual time=1976.709..1976.709 rows=2528312 loops=1)
                    Buckets: 131072  Batches: 64  Memory Usage: 2425kB
                    ->  Seq Scan on title t  (cost=0.00..61283.27 rows=2528527 width=4) (actual time=0.018..1107.026 rows=2528312 loops=1)
Planning time: 1.169 ms
Execution time: 31732.177 ms
