Hash Join  (cost=976032.09..4618184.30 rows=196607686 width=0) (actual time=24758.528..176774.920 rows=453806378 loops=1)
  Hash Cond: (ci.movie_id = t.id)
  ->  Seq Scan on cast_info ci  (cost=0.00..614943.12 rows=36225612 width=4) (actual time=0.019..13573.764 rows=36244344 loops=1)
  ->  Hash  (cost=750887.29..750887.29 rows=13723104 width=8) (actual time=24756.786..24756.786 rows=13628313 loops=1)
        Buckets: 131072  Batches: 256  Memory Usage: 3071kB
        ->  Hash Join  (cost=106229.42..750887.29 rows=13723104 width=8) (actual time=2174.594..20744.779 rows=13628313 loops=1)
              Hash Cond: (mi.movie_id = t.id)
              ->  Seq Scan on movie_info mi  (cost=0.00..309384.22 rows=14739122 width=4) (actual time=0.026..6130.984 rows=14835720 loops=1)
              ->  Hash  (cost=67604.59..67604.59 rows=2354227 width=4) (actual time=2173.051..2173.051 rows=2349391 loops=1)
                    Buckets: 131072  Batches: 32  Memory Usage: 3619kB
                    ->  Seq Scan on title t  (cost=0.00..67604.59 rows=2354227 width=4) (actual time=0.023..1393.011 rows=2349391 loops=1)
                          Filter: (production_year > 1926)
                          Rows Removed by Filter: 178921
Planning time: 1.211 ms
Execution time: 227391.140 ms
