Hash Join  (cost=799164.61..896525.32 rows=636 width=0) (actual time=14583.276..16772.666 rows=1459 loops=1)
  Hash Cond: (mk.movie_id = t.id)
  ->  Seq Scan on movie_keyword mk  (cost=0.00..81003.12 rows=4360326 width=4) (actual time=0.019..1601.194 rows=4346368 loops=1)
        Filter: (keyword_id > 121)
        Rows Removed by Filter: 177562
  ->  Hash  (cost=799160.00..799160.00 rows=369 width=8) (actual time=14538.467..14538.467 rows=320 loops=1)
        Buckets: 1024  Batches: 1  Memory Usage: 21kB
        ->  Nested Loop  (cost=0.43..799160.00 rows=369 width=8) (actual time=5917.448..14538.304 rows=320 loops=1)
              ->  Seq Scan on cast_info ci  (cost=0.00..796071.18 rows=369 width=4) (actual time=5917.225..14527.054 rows=320 loops=1)
                    Filter: ((role_id < 5) AND (person_id = 1919455))
                    Rows Removed by Filter: 36244024
              ->  Index Only Scan using title_pkey on title t  (cost=0.43..8.36 rows=1 width=4) (actual time=0.034..0.034 rows=1 loops=320)
                    Index Cond: (id = ci.movie_id)
                    Heap Fetches: 320
Planning time: 1.198 ms
Execution time: 16773.220 ms
