Hash Join  (cost=270217.54..901229.81 rows=12444242 width=0) (actual time=10388.558..56807.551 rows=83859505 loops=1)
  Hash Cond: (mi.movie_id = t.id)
  ->  Seq Scan on movie_info mi  (cost=0.00..309384.22 rows=14739122 width=4) (actual time=0.019..17712.037 rows=14835720 loops=1)
  ->  Hash  (cost=235192.09..235192.09 rows=2134836 width=8) (actual time=10385.687..10385.687 rows=1582474 loops=1)
        Buckets: 131072  Batches: 32  Memory Usage: 3088kB
        ->  Hash Join  (cost=87180.69..235192.09 rows=2134836 width=8) (actual time=3808.306..9916.708 rows=1582474 loops=1)
              Hash Cond: (mk.movie_id = t.id)
              ->  Seq Scan on movie_keyword mk  (cost=0.00..69693.30 rows=4523930 width=4) (actual time=0.029..3399.787 rows=4523930 loops=1)
              ->  Hash  (cost=67604.59..67604.59 rows=1193208 width=4) (actual time=3807.019..3807.019 rows=1192518 loops=1)
                    Buckets: 131072  Batches: 16  Memory Usage: 3654kB
                    ->  Seq Scan on title t  (cost=0.00..67604.59 rows=1193208 width=4) (actual time=0.020..3358.989 rows=1192518 loops=1)
                          Filter: (production_year > 2003)
                          Rows Removed by Filter: 1335794
Planning time: 1.029 ms
Execution time: 66986.326 ms
