Seq Scan on movie_companies mc  (cost=0.00..57926.93 rows=51 width=0) (actual time=252.194..960.034 rows=58 loops=1)
  Filter: ((company_type_id < 2) AND (company_id = 3111))
  Rows Removed by Filter: 2609071
Planning time: 0.419 ms
Execution time: 960.147 ms
