Hash Join  (cost=73962.22..135858.16 rows=1212 width=0) (actual time=1098.469..2337.273 rows=5003 loops=1)
  Hash Cond: (mc.movie_id = t.id)
  ->  Seq Scan on movie_companies mc  (cost=0.00..57926.93 rows=1055170 width=4) (actual time=0.026..1033.677 rows=1193869 loops=1)
        Filter: ((company_id > 521) AND (company_type_id > 1))
        Rows Removed by Filter: 1415260
  ->  Hash  (cost=73925.90..73925.90 rows=2905 width=4) (actual time=1098.156..1098.156 rows=5989 loops=1)
        Buckets: 8192 (originally 4096)  Batches: 1 (originally 1)  Memory Usage: 275kB
        ->  Seq Scan on title t  (cost=0.00..73925.90 rows=2905 width=4) (actual time=1.024..1095.107 rows=5989 loops=1)
              Filter: ((kind_id < 7) AND (production_year = 1972))
              Rows Removed by Filter: 2522323
Planning time: 0.756 ms
Execution time: 2338.331 ms
