Hash Join  (cost=130327.90..482374.23 rows=157 width=0) (actual time=5047.587..7678.552 rows=1148 loops=1)
  Hash Cond: (mi.movie_id = t.id)
  ->  Seq Scan on movie_info mi  (cost=0.00..346232.03 rows=1550064 width=4) (actual time=2927.188..5410.038 rows=1533909 loops=1)
        Filter: (info_type_id = 3)
        Rows Removed by Filter: 13301811
  ->  Hash  (cost=130324.70..130324.70 rows=256 width=8) (actual time=2047.684..2047.684 rows=538 loops=1)
        Buckets: 1024  Batches: 1  Memory Usage: 30kB
        ->  Hash Join  (cost=73931.98..130324.70 rows=256 width=8) (actual time=973.500..2047.376 rows=538 loops=1)
              Hash Cond: (mc.movie_id = t.id)
              ->  Seq Scan on movie_companies mc  (cost=0.00..51404.11 rows=1329612 width=4) (actual time=0.031..880.935 rows=1334883 loops=1)
                    Filter: (company_type_id = 2)
                    Rows Removed by Filter: 1274246
              ->  Hash  (cost=73925.90..73925.90 rows=486 width=4) (actual time=971.731..971.731 rows=448 loops=1)
                    Buckets: 1024  Batches: 1  Memory Usage: 24kB
                    ->  Seq Scan on title t  (cost=0.00..73925.90 rows=486 width=4) (actual time=0.438..971.384 rows=448 loops=1)
                          Filter: ((kind_id = 6) AND (production_year = 2005))
                          Rows Removed by Filter: 2527864
Planning time: 1.264 ms
Execution time: 7678.907 ms
