Seq Scan on cast_info ci  (cost=0.00..796071.18 rows=637160 width=0) (actual time=8115.956..11149.607 rows=863 loops=1)
  Filter: ((person_id < 297420) AND (role_id = 2))
  Rows Removed by Filter: 36243481
Planning time: 0.426 ms
Execution time: 11149.849 ms
