Hash Join  (cost=94176.46..1309634.59 rows=17683297 width=0) (actual time=1883.953..41741.716 rows=19353157 loops=1)
  Hash Cond: (ci.movie_id = t.id)
  ->  Seq Scan on cast_info ci  (cost=0.00..614943.12 rows=36225612 width=4) (actual time=0.025..12799.312 rows=36244344 loops=1)
  ->  Hash  (cost=73925.90..73925.90 rows=1234284 width=4) (actual time=1882.487..1882.487 rows=1316754 loops=1)
        Buckets: 131072  Batches: 32  Memory Usage: 2476kB
        ->  Seq Scan on title t  (cost=0.00..73925.90 rows=1234284 width=4) (actual time=264.991..1459.228 rows=1316754 loops=1)
              Filter: ((production_year > 1974) AND (kind_id = 7))
              Rows Removed by Filter: 1211558
Planning time: 1.450 ms
Execution time: 43926.107 ms
