Hash Join  (cost=67697.55..94625.21 rows=1356 width=0) (actual time=1078.072..1624.699 rows=6142 loops=1)
  Hash Cond: (mi_idx.movie_id = t.id)
  ->  Seq Scan on movie_info_idx mi_idx  (cost=0.00..25185.44 rows=460978 width=4) (actual time=0.023..427.375 rows=459925 loops=1)
        Filter: (info_type_id < 100)
        Rows Removed by Filter: 920110
  ->  Hash  (cost=67604.59..67604.59 rows=7437 width=4) (actual time=1077.510..1077.510 rows=24917 loops=1)
        Buckets: 32768 (originally 8192)  Batches: 1 (originally 1)  Memory Usage: 1132kB
        ->  Seq Scan on title t  (cost=0.00..67604.59 rows=7437 width=4) (actual time=0.071..1063.284 rows=24917 loops=1)
              Filter: (production_year = 1992)
              Rows Removed by Filter: 2503395
Planning time: 0.789 ms
Execution time: 1626.119 ms
