Hash Join  (cost=156632.57..258062.70 rows=255176 width=0) (actual time=3159.562..5501.540 rows=1047522 loops=1)
  Hash Cond: (mk.movie_id = t.id)
  ->  Seq Scan on movie_keyword mk  (cost=0.00..81003.12 rows=1388866 width=4) (actual time=0.021..1365.269 rows=1403060 loops=1)
        Filter: (keyword_id < 1907)
        Rows Removed by Filter: 3120870
  ->  Hash  (cost=149010.49..149010.49 rows=464566 width=8) (actual time=3158.935..3158.935 rows=459925 loops=1)
        Buckets: 131072  Batches: 8  Memory Usage: 3284kB
        ->  Hash Join  (cost=102767.86..149010.49 rows=464566 width=8) (actual time=1885.407..3042.653 rows=459925 loops=1)
              Hash Cond: (mi_idx.movie_id = t.id)
              ->  Seq Scan on movie_info_idx mi_idx  (cost=0.00..25185.44 rows=464566 width=4) (actual time=0.028..494.009 rows=459925 loops=1)
                    Filter: (info_type_id = 101)
                    Rows Removed by Filter: 920110
              ->  Hash  (cost=61283.27..61283.27 rows=2528527 width=4) (actual time=1884.150..1884.150 rows=2528312 loops=1)
                    Buckets: 131072  Batches: 64  Memory Usage: 2415kB
                    ->  Seq Scan on title t  (cost=0.00..61283.27 rows=2528527 width=4) (actual time=0.024..1008.119 rows=2528312 loops=1)
Planning time: 0.757 ms
Execution time: 5633.408 ms
