Hash Join  (cost=225417.04..751113.78 rows=4300782 width=0) (actual time=6074.994..49544.655 rows=143261708 loops=1)
  Hash Cond: (mi.movie_id = t.id)
  ->  Seq Scan on movie_info mi  (cost=0.00..309384.22 rows=14739122 width=4) (actual time=0.012..5877.772 rows=14835720 loops=1)
  ->  Hash  (cost=213311.44..213311.44 rows=737808 width=8) (actual time=6073.558..6073.558 rows=2052066 loops=1)
        Buckets: 131072 (originally 131072)  Batches: 32 (originally 16)  Memory Usage: 3597kB
        ->  Hash Join  (cost=82758.37..213311.44 rows=737808 width=8) (actual time=1356.099..5181.320 rows=2052066 loops=1)
              Hash Cond: (mk.movie_id = t.id)
              ->  Seq Scan on movie_keyword mk  (cost=0.00..81003.12 rows=3465298 width=4) (actual time=0.022..1802.537 rows=3462359 loops=1)
                    Filter: (keyword_id < 16526)
                    Rows Removed by Filter: 1061571
              ->  Hash  (cost=73925.90..73925.90 rows=538357 width=4) (actual time=1349.154..1349.154 rows=564943 loops=1)
                    Buckets: 131072  Batches: 8  Memory Usage: 3527kB
                    ->  Seq Scan on title t  (cost=0.00..73925.90 rows=538357 width=4) (actual time=0.021..1166.114 rows=564943 loops=1)
                          Filter: ((kind_id < 3) AND (production_year < 2009))
                          Rows Removed by Filter: 1963369
Planning time: 5.807 ms
Execution time: 64604.136 ms
