Seq Scan on movie_keyword mk  (cost=0.00..81003.12 rows=972622 width=0) (actual time=0.030..1414.508 rows=973894 loops=1)
  Filter: (keyword_id < 914)
  Rows Removed by Filter: 3550036
Planning time: 0.358 ms
Execution time: 1541.105 ms
