Hash Join  (cost=76940.37..116353.55 rows=100270 width=0) (actual time=1356.133..2452.639 rows=223694 loops=1)
  Hash Cond: (mi_idx.movie_id = t.id)
  ->  Seq Scan on movie_info_idx mi_idx  (cost=0.00..21735.35 rows=1380035 width=4) (actual time=0.027..468.577 rows=1380035 loops=1)
  ->  Hash  (cost=73925.90..73925.90 rows=183717 width=4) (actual time=1354.918..1354.918 rows=288223 loops=1)
        Buckets: 131072  Batches: 4  Memory Usage: 3562kB
        ->  Seq Scan on title t  (cost=0.00..73925.90 rows=183717 width=4) (actual time=0.017..1258.824 rows=288223 loops=1)
              Filter: ((kind_id < 7) AND (production_year < 1977))
              Rows Removed by Filter: 2240089
Planning time: 2.025 ms
Execution time: 2479.838 ms
