Hash Join  (cost=220733.48..305303.33 rows=690532 width=0) (actual time=4267.324..7302.338 rows=4006448 loops=1)
  Hash Cond: (mc.movie_id = t.id)
  ->  Seq Scan on movie_companies mc  (cost=0.00..44881.29 rows=2609129 width=4) (actual time=0.021..856.678 rows=2609129 loops=1)
  ->  Hash  (cost=209753.48..209753.48 rows=669200 width=8) (actual time=4266.157..4266.157 rows=669665 loops=1)
        Buckets: 131072  Batches: 16  Memory Usage: 2685kB
        ->  Hash Join  (cost=102767.86..209753.48 rows=669200 width=8) (actual time=1816.551..4099.497 rows=669665 loops=1)
              Hash Cond: (mk.movie_id = t.id)
              ->  Seq Scan on movie_keyword mk  (cost=0.00..81003.12 rows=669200 width=4) (actual time=0.009..1409.474 rows=669665 loops=1)
                    Filter: (keyword_id < 527)
                    Rows Removed by Filter: 3854265
              ->  Hash  (cost=61283.27..61283.27 rows=2528527 width=4) (actual time=1814.157..1814.157 rows=2528312 loops=1)
                    Buckets: 131072  Batches: 64  Memory Usage: 2425kB
                    ->  Seq Scan on title t  (cost=0.00..61283.27 rows=2528527 width=4) (actual time=0.015..976.013 rows=2528312 loops=1)
Planning time: 1.215 ms
Execution time: 7725.672 ms
