Seq Scan on movie_companies mc  (cost=0.00..57926.93 rows=630958 width=0) (actual time=8.060..1035.652 rows=390194 loops=1)
  Filter: ((company_id > 11348) AND (company_type_id = 1))
  Rows Removed by Filter: 2218935
Planning time: 0.378 ms
Execution time: 1085.827 ms
