Nested Loop  (cost=0.43..83072.29 rows=96 width=0) (actual time=0.731..1222.527 rows=272 loops=1)
  ->  Seq Scan on movie_keyword mk  (cost=0.00..81003.12 rows=246 width=4) (actual time=0.696..1212.731 rows=339 loops=1)
        Filter: (keyword_id = 8782)
        Rows Removed by Filter: 4523591
  ->  Index Scan using title_pkey on title t  (cost=0.43..8.40 rows=1 width=4) (actual time=0.026..0.027 rows=1 loops=339)
        Index Cond: (id = mk.movie_id)
        Filter: (kind_id < 7)
        Rows Removed by Filter: 0
Planning time: 3.343 ms
Execution time: 1222.758 ms
