Hash Join  (cost=69263.21..419842.45 rows=404 width=0) (actual time=1593.308..6664.123 rows=3751 loops=1)
  Hash Cond: (mi.movie_id = t.id)
  ->  Seq Scan on movie_info mi  (cost=0.00..346232.03 rows=1158179 width=4) (actual time=666.000..5646.592 rows=1204709 loops=1)
        Filter: (info_type_id > 18)
        Rows Removed by Filter: 13631011
  ->  Hash  (cost=69252.17..69252.17 rows=883 width=8) (actual time=833.428..833.428 rows=1106 loops=1)
        Buckets: 2048 (originally 1024)  Batches: 1 (originally 1)  Memory Usage: 60kB
        ->  Nested Loop  (cost=0.43..69252.17 rows=883 width=8) (actual time=4.156..832.699 rows=1106 loops=1)
              ->  Seq Scan on movie_companies mc  (cost=0.00..51404.11 rows=2261 width=4) (actual time=4.093..782.173 rows=2106 loops=1)
                    Filter: (company_id = 554)
                    Rows Removed by Filter: 2607023
              ->  Index Scan using title_pkey on title t  (cost=0.43..7.88 rows=1 width=4) (actual time=0.023..0.023 rows=1 loops=2106)
                    Index Cond: (id = mc.movie_id)
                    Filter: (kind_id < 7)
                    Rows Removed by Filter: 0
Planning time: 1.199 ms
Execution time: 6664.927 ms
