Hash Join  (cost=102767.86..225220.93 rows=2542090 width=0) (actual time=1877.280..5462.058 rows=2543151 loops=1)
  Hash Cond: (mc.movie_id = t.id)
  ->  Seq Scan on movie_companies mc  (cost=0.00..51404.11 rows=2542090 width=4) (actual time=0.021..1201.387 rows=2543151 loops=1)
        Filter: (company_id < 179455)
        Rows Removed by Filter: 65978
  ->  Hash  (cost=61283.27..61283.27 rows=2528527 width=4) (actual time=1875.946..1875.946 rows=2528312 loops=1)
        Buckets: 131072  Batches: 64  Memory Usage: 2415kB
        ->  Seq Scan on title t  (cost=0.00..61283.27 rows=2528527 width=4) (actual time=0.019..1028.182 rows=2528312 loops=1)
Planning time: 1.214 ms
Execution time: 5758.656 ms
