Hash Join  (cost=133019.79..992563.59 rows=641329 width=0) (actual time=8427.931..17352.066 rows=609726 loops=1)
  Hash Cond: (ci.movie_id = t.id)
  ->  Seq Scan on cast_info ci  (cost=0.00..796071.18 rows=4821158 width=4) (actual time=5669.936..13232.713 rows=2877526 loops=1)
        Filter: ((person_id < 1402875) AND (role_id > 3))
        Rows Removed by Filter: 33366818
  ->  Hash  (cost=127501.36..127501.36 rows=336354 width=8) (actual time=2755.545..2755.545 rows=155637 loops=1)
        Buckets: 131072  Batches: 8  Memory Usage: 1778kB
        ->  Hash Join  (cost=84037.34..127501.36 rows=336354 width=8) (actual time=1464.905..2707.774 rows=155637 loops=1)
              Hash Cond: (mi_idx.movie_id = t.id)
              ->  Seq Scan on movie_info_idx mi_idx  (cost=0.00..21735.35 rows=1380035 width=4) (actual time=0.022..435.129 rows=1380035 loops=1)
              ->  Hash  (cost=73925.90..73925.90 rows=616275 width=4) (actual time=1463.741..1463.741 rows=676927 loops=1)
                    Buckets: 131072  Batches: 16  Memory Usage: 2516kB
                    ->  Seq Scan on title t  (cost=0.00..73925.90 rows=616275 width=4) (actual time=0.035..1239.634 rows=676927 loops=1)
                          Filter: ((production_year > 2005) AND (kind_id = 7))
                          Rows Removed by Filter: 1851385
Planning time: 1.284 ms
Execution time: 17421.066 ms
