Hash Join  (cost=71408.55..191816.91 rows=282857 width=0) (actual time=1285.734..4198.548 rows=105682 loops=1)
  Hash Cond: (mk.movie_id = t.id)
  ->  Seq Scan on movie_keyword mk  (cost=0.00..81003.12 rows=3084978 width=4) (actual time=0.026..1662.041 rows=3065485 loops=1)
        Filter: (keyword_id > 2056)
        Rows Removed by Filter: 1458445
  ->  Hash  (cost=67604.59..67604.59 rows=231837 width=4) (actual time=1284.606..1284.606 rows=231649 loops=1)
        Buckets: 131072  Batches: 4  Memory Usage: 3082kB
        ->  Seq Scan on title t  (cost=0.00..67604.59 rows=231837 width=4) (actual time=0.020..1185.279 rows=231649 loops=1)
              Filter: (production_year > 2011)
              Rows Removed by Filter: 2296663
Planning time: 0.714 ms
Execution time: 4212.522 ms
