Hash Join  (cost=223384.84..766054.44 rows=2859968 width=0) (actual time=5242.065..16884.587 rows=1166708 loops=1)
  Hash Cond: (mi.movie_id = t.id)
  ->  Seq Scan on movie_info mi  (cost=0.00..346232.03 rows=12928982 width=4) (actual time=0.015..6811.836 rows=12970088 loops=1)
        Filter: (info_type_id < 18)
        Rows Removed by Filter: 1865632
  ->  Hash  (cost=214208.27..214208.27 rows=559325 width=8) (actual time=4340.075..4340.075 rows=107525 loops=1)
        Buckets: 131072  Batches: 8  Memory Usage: 1521kB
        ->  Hash Join  (cost=79690.18..214208.27 rows=559325 width=8) (actual time=1145.674..4309.691 rows=107525 loops=1)
              Hash Cond: (mk.movie_id = t.id)
              ->  Seq Scan on movie_keyword mk  (cost=0.00..81003.12 rows=4025792 width=4) (actual time=0.021..1646.282 rows=4021945 loops=1)
                    Filter: (keyword_id > 359)
                    Rows Removed by Filter: 501985
              ->  Hash  (cost=73925.90..73925.90 rows=351302 width=4) (actual time=1102.907..1102.907 rows=233910 loops=1)
                    Buckets: 131072  Batches: 8  Memory Usage: 2045kB
                    ->  Seq Scan on title t  (cost=0.00..73925.90 rows=351302 width=4) (actual time=0.058..1024.778 rows=233910 loops=1)
                          Filter: ((production_year < 1984) AND (kind_id = 7))
                          Rows Removed by Filter: 2294402
Planning time: 1.735 ms
Execution time: 17018.377 ms
