Hash Join  (cost=180772.47..220487.95 rows=117900 width=0) (actual time=4339.836..5694.764 rows=1153038 loops=1)
  Hash Cond: (mi_idx.movie_id = t.id)
  ->  Seq Scan on movie_info_idx mi_idx  (cost=0.00..21735.35 rows=1380035 width=4) (actual time=0.015..451.086 rows=1380035 loops=1)
  ->  Hash  (cost=177228.23..177228.23 rows=216019 width=8) (actual time=4339.056..4339.056 rows=478391 loops=1)
        Buckets: 131072 (originally 131072)  Batches: 8 (originally 4)  Memory Usage: 3386kB
        ->  Hash Join  (cost=83810.17..177228.23 rows=216019 width=8) (actual time=1521.460..4188.043 rows=478391 loops=1)
              Hash Cond: (mk.movie_id = t.id)
              ->  Seq Scan on movie_keyword mk  (cost=0.00..81003.12 rows=552997 width=4) (actual time=0.013..1426.149 rows=550712 loops=1)
                    Filter: (keyword_id > 33479)
                    Rows Removed by Filter: 3973218
              ->  Hash  (cost=67604.59..67604.59 rows=987727 width=4) (actual time=1520.619..1520.619 rows=985048 loops=1)
                    Buckets: 131072  Batches: 16  Memory Usage: 3197kB
                    ->  Seq Scan on title t  (cost=0.00..67604.59 rows=987727 width=4) (actual time=0.014..1195.972 rows=985048 loops=1)
                          Filter: (kind_id < 7)
                          Rows Removed by Filter: 1543264
Planning time: 0.792 ms
Execution time: 5826.353 ms
