Seq Scan on movie_keyword mk  (cost=0.00..81003.12 rows=541394 width=0) (actual time=17.762..1287.547 rows=537674 loops=1)
  Filter: (keyword_id > 34187)
  Rows Removed by Filter: 3986256
Planning time: 0.293 ms
Execution time: 1358.021 ms
