Seq Scan on movie_companies mc  (cost=0.00..51404.11 rows=104 width=0) (actual time=38.732..835.985 rows=12 loops=1)
  Filter: (company_id = 22241)
  Rows Removed by Filter: 2609117
Planning time: 0.401 ms
Execution time: 836.073 ms
