Hash Join  (cost=155075.81..647518.05 rows=3022086 width=0) (actual time=3519.974..17694.841 rows=7396367 loops=1)
  Hash Cond: (mi.movie_id = t.id)
  ->  Seq Scan on movie_info mi  (cost=0.00..346232.03 rows=9767026 width=4) (actual time=73.985..6963.785 rows=9911754 loops=1)
        Filter: (info_type_id > 4)
        Rows Removed by Filter: 4923966
  ->  Hash  (cost=142239.18..142239.18 rows=782370 width=8) (actual time=3445.149..3445.149 rows=698563 loops=1)
        Buckets: 131072  Batches: 16  Memory Usage: 2733kB
        ->  Hash Join  (cost=91123.00..142239.18 rows=782370 width=8) (actual time=1615.821..3228.053 rows=698563 loops=1)
              Hash Cond: (mi_idx.movie_id = t.id)
              ->  Seq Scan on movie_info_idx mi_idx  (cost=0.00..21735.35 rows=1380035 width=4) (actual time=0.024..503.620 rows=1380035 loops=1)
              ->  Hash  (cost=67604.59..67604.59 rows=1433473 width=4) (actual time=1614.997..1614.997 rows=1434466 loops=1)
                    Buckets: 131072  Batches: 32  Memory Usage: 2600kB
                    ->  Seq Scan on title t  (cost=0.00..67604.59 rows=1433473 width=4) (actual time=0.031..1174.915 rows=1434466 loops=1)
                          Filter: (production_year > 1999)
                          Rows Removed by Filter: 1093846
Planning time: 1.123 ms
Execution time: 18631.908 ms
