Hash Join  (cost=66239.96..158995.55 rows=2295 width=0) (actual time=863.390..2905.310 rows=11532 loops=1)
  Hash Cond: (mk.movie_id = t.id)
  ->  Seq Scan on movie_keyword mk  (cost=0.00..81003.12 rows=3127870 width=4) (actual time=0.025..1565.882 rows=3113795 loops=1)
        Filter: (keyword_id > 1930)
        Rows Removed by Filter: 1410135
  ->  Hash  (cost=66216.77..66216.77 rows=1855 width=8) (actual time=863.235..863.235 rows=4712 loops=1)
        Buckets: 8192 (originally 2048)  Batches: 1 (originally 1)  Memory Usage: 249kB
        ->  Nested Loop  (cost=0.43..66216.77 rows=1855 width=8) (actual time=0.982..860.648 rows=4712 loops=1)
              ->  Seq Scan on movie_companies mc  (cost=0.00..51404.11 rows=1855 width=4) (actual time=0.248..738.842 rows=4712 loops=1)
                    Filter: (company_id < 6)
                    Rows Removed by Filter: 2604417
              ->  Index Only Scan using title_pkey on title t  (cost=0.43..7.98 rows=1 width=4) (actual time=0.025..0.025 rows=1 loops=4712)
                    Index Cond: (id = mc.movie_id)
                    Heap Fetches: 4712
Planning time: 1.102 ms
Execution time: 2907.058 ms
