Hash Join  (cost=83073.28..447730.95 rows=175 width=0) (actual time=1372.148..8259.593 rows=1301 loops=1)
  Hash Cond: (mi.movie_id = t.id)
  ->  Seq Scan on movie_info mi  (cost=0.00..309384.22 rows=14739122 width=4) (actual time=0.020..4322.308 rows=14835720 loops=1)
  ->  Hash  (cost=83072.90..83072.90 rows=30 width=8) (actual time=1278.613..1278.613 rows=51 loops=1)
        Buckets: 1024  Batches: 1  Memory Usage: 10kB
        ->  Nested Loop  (cost=0.43..83072.90 rows=30 width=8) (actual time=1.265..1278.525 rows=51 loops=1)
              ->  Seq Scan on movie_keyword mk  (cost=0.00..81003.12 rows=246 width=4) (actual time=0.976..1247.702 rows=558 loops=1)
                    Filter: (keyword_id = 3405)
                    Rows Removed by Filter: 4523372
              ->  Index Scan using title_pkey on title t  (cost=0.43..8.40 rows=1 width=4) (actual time=0.054..0.054 rows=0 loops=558)
                    Index Cond: (id = mk.movie_id)
                    Filter: ((kind_id < 7) AND (production_year > 2007))
                    Rows Removed by Filter: 1
Planning time: 1.167 ms
Execution time: 8260.240 ms
