Hash Join  (cost=277441.67..929441.93 rows=11889776 width=0) (actual time=12331.705..38815.938 rows=4903547 loops=1)
  Hash Cond: (mi.movie_id = t.id)
  ->  Seq Scan on movie_info mi  (cost=0.00..346232.03 rows=13926693 width=4) (actual time=0.027..18410.340 rows=13963496 loops=1)
        Filter: (info_type_id < 98)
        Rows Removed by Filter: 872224
  ->  Hash  (cost=242024.85..242024.85 rows=2158705 width=8) (actual time=11683.893..11683.893 rows=534961 loops=1)
        Buckets: 131072  Batches: 32  Memory Usage: 1697kB
        ->  Hash Join  (cost=93721.77..242024.85 rows=2158705 width=8) (actual time=6948.993..11511.567 rows=534961 loops=1)
              Hash Cond: (mk.movie_id = t.id)
              ->  Seq Scan on movie_keyword mk  (cost=0.00..69693.30 rows=4523930 width=4) (actual time=0.019..3990.794 rows=4523930 loops=1)
              ->  Hash  (cost=73925.90..73925.90 rows=1206549 width=4) (actual time=4699.779..4699.779 rows=1293155 loops=1)
                    Buckets: 131072  Batches: 16  Memory Usage: 3882kB
                    ->  Seq Scan on title t  (cost=0.00..73925.90 rows=1206549 width=4) (actual time=412.596..4244.748 rows=1293155 loops=1)
                          Filter: ((production_year > 1977) AND (kind_id = 7))
                          Rows Removed by Filter: 1235157
Planning time: 1.192 ms
Execution time: 39461.312 ms
