Seq Scan on movie_companies mc  (cost=0.00..51404.11 rows=104 width=0) (actual time=0.136..839.289 rows=547 loops=1)
  Filter: (company_id = 966)
  Rows Removed by Filter: 2608582
Planning time: 0.343 ms
Execution time: 839.511 ms
