Hash Join  (cost=200823.85..561734.44 rows=239394 width=0) (actual time=7621.196..10344.995 rows=284886 loops=1)
  Hash Cond: (mi.movie_id = t.id)
  ->  Seq Scan on movie_info mi  (cost=0.00..346232.03 rows=809768 width=4) (actual time=3473.513..5583.275 rows=802140 loops=1)
        Filter: (info_type_id < 2)
        Rows Removed by Filter: 14033580
  ->  Hash  (cost=188559.91..188559.91 rows=747515 width=8) (actual time=4146.830..4146.830 rows=466699 loops=1)
        Buckets: 131072  Batches: 16  Memory Usage: 2164kB
        ->  Hash Join  (cost=102767.86..188559.91 rows=747515 width=8) (actual time=2347.652..3997.024 rows=466699 loops=1)
              Hash Cond: (mc.movie_id = t.id)
              ->  Seq Scan on movie_companies mc  (cost=0.00..57926.93 rows=747515 width=4) (actual time=176.507..1020.203 rows=466699 loops=1)
                    Filter: ((company_id < 13108) AND (company_type_id > 1))
                    Rows Removed by Filter: 2142430
              ->  Hash  (cost=61283.27..61283.27 rows=2528527 width=4) (actual time=2169.903..2169.903 rows=2528312 loops=1)
                    Buckets: 131072  Batches: 64  Memory Usage: 2415kB
                    ->  Seq Scan on title t  (cost=0.00..61283.27 rows=2528527 width=4) (actual time=0.038..1071.526 rows=2528312 loops=1)
Planning time: 0.785 ms
Execution time: 10377.378 ms
