Seq Scan on movie_companies mc  (cost=0.00..51404.11 rows=104 width=0) (actual time=130.511..823.209 rows=100 loops=1)
  Filter: (company_id = 71220)
  Rows Removed by Filter: 2609029
Planning time: 0.387 ms
Execution time: 823.313 ms
