Seq Scan on movie_companies mc  (cost=0.00..57926.93 rows=948121 width=0) (actual time=0.021..992.746 rows=795594 loops=1)
  Filter: ((company_id > 1043) AND (company_type_id = 1))
  Rows Removed by Filter: 1813535
Planning time: 0.370 ms
Execution time: 1089.739 ms
