Hash Join  (cost=211655.10..1145533.76 rows=3868363 width=0) (actual time=5061.959..38266.938 rows=43330531 loops=1)
  Hash Cond: (ci.movie_id = t.id)
  ->  Seq Scan on cast_info ci  (cost=0.00..705507.15 rows=16201301 width=4) (actual time=0.026..15692.612 rows=16121683 loops=1)
        Filter: (role_id > 2)
        Rows Removed by Filter: 20122661
  ->  Hash  (cost=201749.43..201749.43 rows=603733 width=8) (actual time=5060.684..5060.684 rows=1537283 loops=1)
        Buckets: 131072 (originally 131072)  Batches: 32 (originally 8)  Memory Usage: 3073kB
        ->  Hash Join  (cost=84284.84..201749.43 rows=603733 width=8) (actual time=1701.915..4639.916 rows=1537283 loops=1)
              Hash Cond: (mk.movie_id = t.id)
              ->  Seq Scan on movie_keyword mk  (cost=0.00..81003.12 rows=2417903 width=4) (actual time=0.020..1576.306 rows=2410878 loops=1)
                    Filter: (keyword_id > 3842)
                    Rows Removed by Filter: 2113052
              ->  Hash  (cost=73925.90..73925.90 rows=631355 width=4) (actual time=1551.306..1551.306 rows=634290 loops=1)
                    Buckets: 131072  Batches: 16  Memory Usage: 2425kB
                    ->  Seq Scan on title t  (cost=0.00..73925.90 rows=631355 width=4) (actual time=268.646..1349.639 rows=634290 loops=1)
                          Filter: ((production_year < 2013) AND (kind_id = 1))
                          Rows Removed by Filter: 1894022
Planning time: 1.325 ms
Execution time: 42912.799 ms
