Hash Join  (cost=81703.78..1054497.40 rows=2439916 width=0) (actual time=1488.234..21012.383 rows=1963757 loops=1)
  Hash Cond: (ci.movie_id = t.id)
  ->  Seq Scan on cast_info ci  (cost=0.00..796071.18 rows=13013676 width=4) (actual time=0.023..13923.212 rows=10992503 loops=1)
        Filter: ((person_id > 1629323) AND (role_id < 4))
        Rows Removed by Filter: 25251841
  ->  Hash  (cost=73925.90..73925.90 rows=474070 width=4) (actual time=1487.106..1487.106 rows=496025 loops=1)
        Buckets: 131072  Batches: 8  Memory Usage: 3214kB
        ->  Seq Scan on title t  (cost=0.00..73925.90 rows=474070 width=4) (actual time=166.598..1338.473 rows=496025 loops=1)
              Filter: ((production_year < 2009) AND (kind_id = 1))
              Rows Removed by Filter: 2032287
Planning time: 0.787 ms
Execution time: 21222.706 ms
