Hash Join  (cost=83074.74..110004.13 rows=45 width=0) (actual time=1415.262..1849.430 rows=4 loops=1)
  Hash Cond: (mi_idx.movie_id = t.id)
  ->  Seq Scan on movie_info_idx mi_idx  (cost=0.00..25185.44 rows=464934 width=4) (actual time=0.027..466.561 rows=460185 loops=1)
        Filter: (info_type_id > 100)
        Rows Removed by Filter: 919850
  ->  Hash  (cost=83071.67..83071.67 rows=246 width=8) (actual time=1315.056..1315.056 rows=4 loops=1)
        Buckets: 1024  Batches: 1  Memory Usage: 9kB
        ->  Nested Loop  (cost=0.43..83071.67 rows=246 width=8) (actual time=1214.715..1315.048 rows=4 loops=1)
              ->  Seq Scan on movie_keyword mk  (cost=0.00..81003.12 rows=246 width=4) (actual time=1214.627..1314.863 rows=4 loops=1)
                    Filter: (keyword_id = 39507)
                    Rows Removed by Filter: 4523926
              ->  Index Only Scan using title_pkey on title t  (cost=0.43..8.40 rows=1 width=4) (actual time=0.036..0.037 rows=1 loops=4)
                    Index Cond: (id = mk.movie_id)
                    Heap Fetches: 4
Planning time: 1.168 ms
Execution time: 1849.555 ms
