Seq Scan on movie_companies mc  (cost=0.00..51404.11 rows=1794581 width=0) (actual time=0.014..945.132 rows=1802305 loops=1)
  Filter: (company_id > 1831)
  Rows Removed by Filter: 806824
Planning time: 0.335 ms
Execution time: 1164.015 ms
