Nested Loop  (cost=0.43..58358.39 rows=31 width=0) (actual time=553.292..852.356 rows=23 loops=1)
  ->  Seq Scan on movie_companies mc  (cost=0.00..57926.93 rows=51 width=4) (actual time=0.487..837.830 rows=457 loops=1)
        Filter: ((company_id = 2164) AND (company_type_id = 1))
        Rows Removed by Filter: 2608672
  ->  Index Scan using title_pkey on title t  (cost=0.43..8.45 rows=1 width=4) (actual time=0.031..0.031 rows=0 loops=457)
        Index Cond: (id = mc.movie_id)
        Filter: (kind_id = 7)
        Rows Removed by Filter: 1
Planning time: 0.778 ms
Execution time: 852.480 ms
