Nested Loop  (cost=0.43..83071.67 rows=246 width=0) (actual time=0.649..1272.826 rows=217 loops=1)
  ->  Seq Scan on movie_keyword mk  (cost=0.00..81003.12 rows=246 width=4) (actual time=0.607..1252.837 rows=217 loops=1)
        Filter: (keyword_id = 7566)
        Rows Removed by Filter: 4523713
  ->  Index Only Scan using title_pkey on title t  (cost=0.43..8.40 rows=1 width=4) (actual time=0.089..0.089 rows=1 loops=217)
        Index Cond: (id = mk.movie_id)
        Heap Fetches: 217
Planning time: 0.502 ms
Execution time: 1273.003 ms
