Seq Scan on movie_companies mc  (cost=0.00..51404.11 rows=546931 width=0) (actual time=353.956..882.114 rows=550937 loops=1)
  Filter: (company_id > 71844)
  Rows Removed by Filter: 2058192
Planning time: 2.467 ms
Execution time: 956.467 ms
