Hash Join  (cost=78628.27..576259.85 rows=1670566 width=0) (actual time=1455.093..13495.995 rows=828524 loops=1)
  Hash Cond: (mi.movie_id = t.id)
  ->  Seq Scan on movie_info mi  (cost=0.00..309384.22 rows=14739122 width=4) (actual time=0.010..6116.353 rows=14835720 loops=1)
  ->  Hash  (cost=73925.90..73925.90 rows=286589 width=4) (actual time=1241.684..1241.684 rows=177340 loops=1)
        Buckets: 131072  Batches: 4  Memory Usage: 2587kB
        ->  Seq Scan on title t  (cost=0.00..73925.90 rows=286589 width=4) (actual time=0.020..1180.030 rows=177340 loops=1)
              Filter: ((production_year < 1977) AND (kind_id = 7))
              Rows Removed by Filter: 2350972
Planning time: 0.832 ms
Execution time: 13597.551 ms
