Seq Scan on movie_keyword mk  (cost=0.00..81003.12 rows=3011825 width=0) (actual time=0.020..1630.827 rows=2999504 loops=1)
  Filter: (keyword_id > 2212)
  Rows Removed by Filter: 1524426
Planning time: 0.372 ms
Execution time: 2003.657 ms
