Hash Join  (cost=89472.60..177178.23 rows=73401 width=0) (actual time=2111.750..3078.155 rows=23299 loops=1)
  Hash Cond: (mk.movie_id = t.id)
  ->  Seq Scan on movie_keyword mk  (cost=0.00..81003.12 rows=195865 width=4) (actual time=0.028..1242.343 rows=208584 loops=1)
        Filter: (keyword_id < 140)
        Rows Removed by Filter: 4315346
  ->  Hash  (cost=73925.90..73925.90 rows=947576 width=4) (actual time=1572.859..1572.859 rows=876037 loops=1)
        Buckets: 131072  Batches: 16  Memory Usage: 2955kB
        ->  Seq Scan on title t  (cost=0.00..73925.90 rows=947576 width=4) (actual time=174.253..1287.947 rows=876037 loops=1)
              Filter: ((production_year < 2007) AND (kind_id = 7))
              Rows Removed by Filter: 1652275
Planning time: 0.628 ms
Execution time: 3081.166 ms
