Seq Scan on cast_info ci  (cost=0.00..796071.18 rows=294816 width=0) (actual time=12032.494..15029.531 rows=293873 loops=1)
  Filter: ((person_id > 545934) AND (role_id > 10))
  Rows Removed by Filter: 35950471
Planning time: 0.419 ms
Execution time: 15059.041 ms
