Hash Join  (cost=101368.66..821960.48 rows=9179 width=0) (actual time=2162.267..15113.011 rows=20472 loops=1)
  Hash Cond: (ci.movie_id = t.id)
  ->  Seq Scan on cast_info ci  (cost=0.00..705507.15 rows=3998100 width=4) (actual time=255.600..12571.832 rows=4008037 loops=1)
        Filter: (role_id = 3)
        Rows Removed by Filter: 32236307
  ->  Hash  (cost=101296.10..101296.10 rows=5805 width=8) (actual time=1903.940..1903.940 rows=3626 loops=1)
        Buckets: 8192  Batches: 1  Memory Usage: 206kB
        ->  Hash Join  (cost=74323.94..101296.10 rows=5805 width=8) (actual time=1307.989..1902.329 rows=3626 loops=1)
              Hash Cond: (mi_idx.movie_id = t.id)
              ->  Seq Scan on movie_info_idx mi_idx  (cost=0.00..25185.44 rows=460978 width=4) (actual time=0.022..461.863 rows=459925 loops=1)
                    Filter: (info_type_id < 100)
                    Rows Removed by Filter: 920110
              ->  Hash  (cost=73925.90..73925.90 rows=31843 width=4) (actual time=1307.511..1307.511 rows=35656 loops=1)
                    Buckets: 65536 (originally 32768)  Batches: 1 (originally 1)  Memory Usage: 1766kB
                    ->  Seq Scan on title t  (cost=0.00..73925.90 rows=31843 width=4) (actual time=333.702..1290.664 rows=35656 loops=1)
                          Filter: ((kind_id = 7) AND (production_year = 2000))
                          Rows Removed by Filter: 2492656
Planning time: 1.164 ms
Execution time: 15116.312 ms
