Hash Join  (cost=433328.88..1232326.68 rows=4931 width=0) (actual time=23207.458..24269.630 rows=19405 loops=1)
  Hash Cond: (ci.movie_id = t.id)
  ->  Seq Scan on cast_info ci  (cost=0.00..796071.18 rows=287730 width=4) (actual time=14672.522..15615.112 rows=290670 loops=1)
        Filter: ((person_id > 614469) AND (role_id > 10))
        Rows Removed by Filter: 35953674
  ->  Hash  (cost=432786.99..432786.99 rows=43351 width=8) (actual time=8534.104..8534.104 rows=92611 loops=1)
        Buckets: 131072 (originally 65536)  Batches: 2 (originally 1)  Memory Usage: 3073kB
        ->  Hash Join  (cost=67697.55..432786.99 rows=43351 width=8) (actual time=1147.026..8487.470 rows=92611 loops=1)
              Hash Cond: (mi.movie_id = t.id)
              ->  Seq Scan on movie_info mi  (cost=0.00..309384.22 rows=14739122 width=4) (actual time=0.045..4055.213 rows=14835720 loops=1)
              ->  Hash  (cost=67604.59..67604.59 rows=7437 width=4) (actual time=1145.996..1145.996 rows=13994 loops=1)
                    Buckets: 16384 (originally 8192)  Batches: 1 (originally 1)  Memory Usage: 620kB
                    ->  Seq Scan on title t  (cost=0.00..67604.59 rows=7437 width=4) (actual time=0.081..1139.274 rows=13994 loops=1)
                          Filter: (production_year = 1976)
                          Rows Removed by Filter: 2514318
Planning time: 11.113 ms
Execution time: 24272.727 ms
