Seq Scan on cast_info ci  (cost=0.00..705507.15 rows=500 width=0) (actual time=3800.461..11102.592 rows=139 loops=1)
  Filter: (person_id = 2647878)
  Rows Removed by Filter: 36244205
Planning time: 0.431 ms
Execution time: 11102.728 ms
