Hash Join  (cost=102767.86..1179583.18 rows=11256747 width=0) (actual time=3332.063..34267.929 rows=17476801 loops=1)
  Hash Cond: (ci.movie_id = t.id)
  ->  Seq Scan on cast_info ci  (cost=0.00..796071.18 rows=11256747 width=4) (actual time=1404.031..16469.877 rows=17476801 loops=1)
        Filter: ((person_id > 1870432) AND (role_id > 1))
        Rows Removed by Filter: 18767543
  ->  Hash  (cost=61283.27..61283.27 rows=2528527 width=4) (actual time=1926.118..1926.118 rows=2528312 loops=1)
        Buckets: 131072  Batches: 64  Memory Usage: 2415kB
        ->  Seq Scan on title t  (cost=0.00..61283.27 rows=2528527 width=4) (actual time=0.016..1088.157 rows=2528312 loops=1)
Planning time: 0.794 ms
Execution time: 36305.794 ms
