Hash Join  (cost=78473.92..147904.99 rows=164696 width=0) (actual time=1539.840..3078.620 rows=212196 loops=1)
  Hash Cond: (mc.movie_id = t.id)
  ->  Seq Scan on movie_companies mc  (cost=0.00..57926.93 rows=628578 width=4) (actual time=112.044..1122.546 rows=891887 loops=1)
        Filter: ((company_id > 11713) AND (company_type_id > 1))
        Rows Removed by Filter: 1717242
  ->  Hash  (cost=67604.59..67604.59 rows=662507 width=4) (actual time=1426.893..1426.893 rows=662065 loops=1)
        Buckets: 131072  Batches: 16  Memory Usage: 2481kB
        ->  Seq Scan on title t  (cost=0.00..67604.59 rows=662507 width=4) (actual time=0.020..1207.956 rows=662065 loops=1)
              Filter: (production_year > 2008)
              Rows Removed by Filter: 1866247
Planning time: 0.811 ms
Execution time: 3100.750 ms
