Hash Join  (cost=117182.35..1188518.87 rows=1061347 width=0) (actual time=2949.217..34050.531 rows=5792002 loops=1)
  Hash Cond: (ci.movie_id = t.id)
  ->  Seq Scan on cast_info ci  (cost=0.00..705507.15 rows=30691698 width=4) (actual time=0.023..16383.067 rows=30634715 loops=1)
        Filter: (person_id < 3091109)
        Rows Removed by Filter: 5609629
  ->  Hash  (cost=115747.36..115747.36 rows=87439 width=8) (actual time=2948.334..2948.334 rows=249969 loops=1)
        Buckets: 131072 (originally 131072)  Batches: 4 (originally 2)  Memory Usage: 3476kB
        ->  Hash Join  (cost=76554.49..115747.36 rows=87439 width=8) (actual time=2083.052..2883.178 rows=249969 loops=1)
              Hash Cond: (mi_idx.movie_id = t.id)
              ->  Seq Scan on movie_info_idx mi_idx  (cost=0.00..21735.35 rows=1380035 width=4) (actual time=0.023..423.891 rows=1380035 loops=1)
              ->  Hash  (cost=73925.90..73925.90 rows=160207 width=4) (actual time=1859.235..1859.235 rows=296441 loops=1)
                    Buckets: 131072  Batches: 4  Memory Usage: 3632kB
                    ->  Seq Scan on title t  (cost=0.00..73925.90 rows=160207 width=4) (actual time=0.015..1128.531 rows=296441 loops=1)
                          Filter: ((production_year < 1986) AND (kind_id = 1))
                          Rows Removed by Filter: 2231871
Planning time: 1.128 ms
Execution time: 34746.236 ms
