Nested Loop  (cost=0.43..709671.90 rows=500 width=0) (actual time=2565.500..11627.604 rows=203 loops=1)
  ->  Seq Scan on cast_info ci  (cost=0.00..705507.15 rows=500 width=4) (actual time=2565.338..11619.939 rows=203 loops=1)
        Filter: (person_id = 2350496)
        Rows Removed by Filter: 36244141
  ->  Index Only Scan using title_pkey on title t  (cost=0.43..8.32 rows=1 width=4) (actual time=0.036..0.037 rows=1 loops=203)
        Index Cond: (id = ci.movie_id)
        Heap Fetches: 203
Planning time: 0.816 ms
Execution time: 11627.734 ms
