Hash Join  (cost=83072.40..109986.52 rows=2 width=0) (actual time=1565.676..1840.064 rows=3 loops=1)
  Hash Cond: (mi_idx.movie_id = t.id)
  ->  Seq Scan on movie_info_idx mi_idx  (cost=0.00..25185.44 rows=460978 width=4) (actual time=0.469..473.146 rows=459925 loops=1)
        Filter: (info_type_id = 99)
        Rows Removed by Filter: 920110
  ->  Hash  (cost=83072.29..83072.29 rows=9 width=8) (actual time=1304.596..1304.596 rows=4 loops=1)
        Buckets: 1024  Batches: 1  Memory Usage: 9kB
        ->  Nested Loop  (cost=0.43..83072.29 rows=9 width=8) (actual time=513.597..1304.572 rows=4 loops=1)
              ->  Seq Scan on movie_keyword mk  (cost=0.00..81003.12 rows=246 width=4) (actual time=57.187..1293.774 rows=102 loops=1)
                    Filter: (keyword_id = 30483)
                    Rows Removed by Filter: 4523828
              ->  Index Scan using title_pkey on title t  (cost=0.43..8.40 rows=1 width=4) (actual time=0.102..0.102 rows=0 loops=102)
                    Index Cond: (id = mk.movie_id)
                    Filter: (production_year = 2005)
                    Rows Removed by Filter: 1
Planning time: 1.714 ms
Execution time: 1840.192 ms
