Hash Join  (cost=69687.24..186012.18 rows=144907 width=0) (actual time=1182.974..3774.266 rows=125980 loops=1)
  Hash Cond: (mk.movie_id = t.id)
  ->  Seq Scan on movie_keyword mk  (cost=0.00..81003.12 rows=2886600 width=4) (actual time=0.021..1662.777 rows=2877533 loops=1)
        Filter: (keyword_id < 8937)
        Rows Removed by Filter: 1646397
  ->  Hash  (cost=67604.59..67604.59 rows=126932 width=4) (actual time=1181.738..1181.738 rows=122861 loops=1)
        Buckets: 131072  Batches: 2  Memory Usage: 3197kB
        ->  Seq Scan on title t  (cost=0.00..67604.59 rows=126932 width=4) (actual time=0.031..1131.595 rows=122861 loops=1)
              Filter: (production_year = 2008)
              Rows Removed by Filter: 2405451
Planning time: 0.733 ms
Execution time: 3791.174 ms
