Seq Scan on title t  (cost=0.00..73925.90 rows=85549 width=0) (actual time=0.017..1273.398 rows=90655 loops=1)
  Filter: ((production_year > 1916) AND (kind_id = 2))
  Rows Removed by Filter: 2437657
Planning time: 0.256 ms
Execution time: 1287.112 ms
