Hash Join  (cost=70308.29..947417.61 rows=912110 width=0) (actual time=1225.172..21221.208 rows=833639 loops=1)
  Hash Cond: (ci.movie_id = t.id)
  ->  Seq Scan on cast_info ci  (cost=0.00..705507.15 rows=13996553 width=4) (actual time=0.015..13968.768 rows=13974097 loops=1)
        Filter: (person_id < 1376936)
        Rows Removed by Filter: 22270247
  ->  Hash  (cost=67604.59..67604.59 rows=164776 width=4) (actual time=1224.376..1224.376 rows=164307 loops=1)
        Buckets: 131072  Batches: 4  Memory Usage: 2482kB
        ->  Seq Scan on title t  (cost=0.00..67604.59 rows=164776 width=4) (actual time=0.020..1167.190 rows=164307 loops=1)
              Filter: (production_year = 2012)
              Rows Removed by Filter: 2364005
Planning time: 0.858 ms
Execution time: 21326.100 ms
