Nested Loop  (cost=0.43..58375.45 rows=13 width=0) (actual time=478.252..853.829 rows=1 loops=1)
  ->  Seq Scan on movie_companies mc  (cost=0.00..57926.93 rows=53 width=4) (actual time=478.174..853.748 rows=1 loops=1)
        Filter: ((company_id = 55750) AND (company_type_id = 2))
        Rows Removed by Filter: 2609128
  ->  Index Scan using title_pkey on title t  (cost=0.43..8.45 rows=1 width=4) (actual time=0.063..0.064 rows=1 loops=1)
        Index Cond: (id = mc.movie_id)
        Filter: ((production_year < 2013) AND (kind_id = 1))
Planning time: 0.741 ms
Execution time: 853.921 ms
