Hash Join  (cost=156209.36..290049.18 rows=686493 width=0) (actual time=3958.774..8745.362 rows=2975894 loops=1)
  Hash Cond: (mk.movie_id = t.id)
  ->  Seq Scan on movie_keyword mk  (cost=0.00..81003.12 rows=3822338 width=4) (actual time=0.022..1723.346 rows=3818977 loops=1)
        Filter: (keyword_id > 586)
        Rows Removed by Filter: 704953
  ->  Hash  (cost=148758.81..148758.81 rows=454124 width=8) (actual time=3957.887..3957.887 rows=459925 loops=1)
        Buckets: 131072  Batches: 8  Memory Usage: 3284kB
        ->  Hash Join  (cost=102767.86..148758.81 rows=454124 width=8) (actual time=2441.929..3810.788 rows=459925 loops=1)
              Hash Cond: (mi_idx.movie_id = t.id)
              ->  Seq Scan on movie_info_idx mi_idx  (cost=0.00..25185.44 rows=454124 width=4) (actual time=0.022..535.762 rows=459925 loops=1)
                    Filter: (info_type_id = 100)
                    Rows Removed by Filter: 920110
              ->  Hash  (cost=61283.27..61283.27 rows=2528527 width=4) (actual time=2439.933..2439.933 rows=2528312 loops=1)
                    Buckets: 131072  Batches: 64  Memory Usage: 2415kB
                    ->  Seq Scan on title t  (cost=0.00..61283.27 rows=2528527 width=4) (actual time=0.021..993.322 rows=2528312 loops=1)
Planning time: 1.131 ms
Execution time: 9105.595 ms
