Hash Join  (cost=184522.45..1279076.44 rows=3133394 width=0) (actual time=3998.883..38418.767 rows=8583005 loops=1)
  Hash Cond: (ci.movie_id = t.id)
  ->  Seq Scan on cast_info ci  (cost=0.00..796071.18 rows=22988231 width=4) (actual time=0.014..17595.562 rows=22387844 loops=1)
        Filter: ((person_id > 947456) AND (role_id < 10))
        Rows Removed by Filter: 13856500
  ->  Hash  (cost=178867.34..178867.34 rows=344649 width=8) (actual time=3997.997..3997.997 rows=494237 loops=1)
        Buckets: 131072  Batches: 8  Memory Usage: 3428kB
        ->  Hash Join  (cost=102767.86..178867.34 rows=344649 width=8) (actual time=2031.703..3851.221 rows=494237 loops=1)
              Hash Cond: (mc.movie_id = t.id)
              ->  Seq Scan on movie_companies mc  (cost=0.00..57926.93 rows=344649 width=4) (actual time=0.026..981.784 rows=494237 loops=1)
                    Filter: ((company_id < 1284) AND (company_type_id < 2))
                    Rows Removed by Filter: 2114892
              ->  Hash  (cost=61283.27..61283.27 rows=2528527 width=4) (actual time=2029.722..2029.722 rows=2528312 loops=1)
                    Buckets: 131072  Batches: 64  Memory Usage: 2415kB
                    ->  Seq Scan on title t  (cost=0.00..61283.27 rows=2528527 width=4) (actual time=0.012..1196.117 rows=2528312 loops=1)
Planning time: 1.180 ms
Execution time: 39390.248 ms
