Hash Join  (cost=83074.74..110004.13 rows=45 width=0) (actual time=1343.523..1876.293 rows=542 loops=1)
  Hash Cond: (mi_idx.movie_id = t.id)
  ->  Seq Scan on movie_info_idx mi_idx  (cost=0.00..25185.44 rows=464934 width=4) (actual time=0.025..466.142 rows=460185 loops=1)
        Filter: (info_type_id > 100)
        Rows Removed by Filter: 919850
  ->  Hash  (cost=83071.67..83071.67 rows=246 width=8) (actual time=1342.496..1342.496 rows=565 loops=1)
        Buckets: 1024  Batches: 1  Memory Usage: 31kB
        ->  Nested Loop  (cost=0.43..83071.67 rows=246 width=8) (actual time=18.866..1342.004 rows=565 loops=1)
              ->  Seq Scan on movie_keyword mk  (cost=0.00..81003.12 rows=246 width=4) (actual time=18.773..1306.496 rows=565 loops=1)
                    Filter: (keyword_id = 2562)
                    Rows Removed by Filter: 4523365
              ->  Index Only Scan using title_pkey on title t  (cost=0.43..8.40 rows=1 width=4) (actual time=0.060..0.061 rows=1 loops=565)
                    Index Cond: (id = mk.movie_id)
                    Heap Fetches: 565
Planning time: 1.179 ms
Execution time: 1876.574 ms
