Seq Scan on title t  (cost=0.00..73925.90 rows=68925 width=0) (actual time=0.034..3007.165 rows=84076 loops=1)
  Filter: ((kind_id = 7) AND (production_year = 2007))
  Rows Removed by Filter: 2444236
Planning time: 0.374 ms
Execution time: 3023.829 ms
