Hash Join  (cost=462336.16..1564457.73 rows=6650437 width=0) (actual time=8541.973..42053.470 rows=16643344 loops=1)
  Hash Cond: (ci.movie_id = t.id)
  ->  Seq Scan on cast_info ci  (cost=0.00..614943.12 rows=36225612 width=4) (actual time=0.023..13312.695 rows=36244344 loops=1)
  ->  Hash  (cost=454719.70..454719.70 rows=464197 width=8) (actual time=8541.104..8541.104 rows=349817 loops=1)
        Buckets: 131072  Batches: 8  Memory Usage: 2720kB
        ->  Hash Join  (cost=76379.89..454719.70 rows=464197 width=8) (actual time=1739.514..8421.647 rows=349817 loops=1)
              Hash Cond: (mi.movie_id = t.id)
              ->  Seq Scan on movie_info mi  (cost=0.00..346232.03 rows=2194617 width=4) (actual time=287.807..5752.293 rows=2233850 loops=1)
                    Filter: (info_type_id > 16)
                    Rows Removed by Filter: 12601870
              ->  Hash  (cost=67604.59..67604.59 rows=534824 width=4) (actual time=1426.528..1426.528 rows=533369 loops=1)
                    Buckets: 131072  Batches: 8  Memory Usage: 3376kB
                    ->  Seq Scan on title t  (cost=0.00..67604.59 rows=534824 width=4) (actual time=0.025..1247.034 rows=533369 loops=1)
                          Filter: (production_year > 2009)
                          Rows Removed by Filter: 1994943
Planning time: 1.245 ms
Execution time: 43901.541 ms
