Hash Join  (cost=73948.96..160639.98 rows=3299 width=0) (actual time=988.652..2733.018 rows=12085 loops=1)
  Hash Cond: (mk.movie_id = t.id)
  ->  Seq Scan on movie_keyword mk  (cost=0.00..69693.30 rows=4523930 width=4) (actual time=0.022..957.601 rows=4523930 loops=1)
  ->  Hash  (cost=73925.90..73925.90 rows=1844 width=4) (actual time=988.308..988.308 rows=2300 loops=1)
        Buckets: 4096 (originally 2048)  Batches: 1 (originally 1)  Memory Usage: 113kB
        ->  Seq Scan on title t  (cost=0.00..73925.90 rows=1844 width=4) (actual time=219.889..987.099 rows=2300 loops=1)
              Filter: ((kind_id = 4) AND (production_year = 1997))
              Rows Removed by Filter: 2526012
Planning time: 1.911 ms
Execution time: 2734.911 ms
