Hash Join  (cost=103767.46..451815.38 rows=3983 width=0) (actual time=4997.408..7084.788 rows=4300 loops=1)
  Hash Cond: (mi.movie_id = t.id)
  ->  Seq Scan on movie_info mi  (cost=0.00..346232.03 rows=473617 width=4) (actual time=3236.382..5242.538 rows=486554 loops=1)
        Filter: (info_type_id = 5)
        Rows Removed by Filter: 14349166
  ->  Hash  (cost=103501.67..103501.67 rows=21263 width=8) (actual time=1757.194..1757.194 rows=12140 loops=1)
        Buckets: 32768  Batches: 1  Memory Usage: 731kB
        ->  Hash Join  (cost=74657.14..103501.67 rows=21263 width=8) (actual time=1375.066..1752.906 rows=12140 loops=1)
              Hash Cond: (mi_idx.movie_id = t.id)
              ->  Seq Scan on movie_info_idx mi_idx  (cost=0.00..25185.44 rows=919057 width=4) (actual time=0.043..468.161 rows=920110 loops=1)
                    Filter: (info_type_id > 99)
                    Rows Removed by Filter: 459925
              ->  Hash  (cost=73925.90..73925.90 rows=58499 width=4) (actual time=1053.886..1053.886 rows=62752 loops=1)
                    Buckets: 65536  Batches: 1  Memory Usage: 2719kB
                    ->  Seq Scan on title t  (cost=0.00..73925.90 rows=58499 width=4) (actual time=67.570..1030.475 rows=62752 loops=1)
                          Filter: ((kind_id = 7) AND (production_year = 2005))
                          Rows Removed by Filter: 2465560
Planning time: 1.527 ms
Execution time: 7085.737 ms
