Seq Scan on movie_keyword mk  (cost=0.00..81003.12 rows=1822873 width=0) (actual time=0.016..1428.949 rows=1828715 loops=1)
  Filter: (keyword_id < 3009)
  Rows Removed by Filter: 2695215
Planning time: 0.325 ms
Execution time: 1657.157 ms
