Seq Scan on movie_keyword mk  (cost=0.00..81003.12 rows=246 width=0) (actual time=237.162..1131.085 rows=8 loops=1)
  Filter: (keyword_id = 65541)
  Rows Removed by Filter: 4523922
Planning time: 0.363 ms
Execution time: 1131.177 ms
