Nested Loop  (cost=58740.31..84239.55 rows=2 width=0) (actual time=1112.042..1342.410 rows=25 loops=1)
  ->  Hash Join  (cost=58739.88..84086.81 rows=49 width=8) (actual time=1111.469..1340.699 rows=89 loops=1)
        Hash Cond: (mi_idx.movie_id = mc.movie_id)
        ->  Seq Scan on movie_info_idx mi_idx  (cost=0.00..25185.44 rows=368 width=4) (actual time=152.124..366.437 rows=260 loops=1)
              Filter: (info_type_id > 101)
              Rows Removed by Filter: 1379775
        ->  Hash  (cost=57926.93..57926.93 rows=65036 width=4) (actual time=958.886..958.886 rows=126865 loops=1)
              Buckets: 131072 (originally 65536)  Batches: 2 (originally 1)  Memory Usage: 3262kB
              ->  Seq Scan on movie_companies mc  (cost=0.00..57926.93 rows=65036 width=4) (actual time=0.035..912.363 rows=126865 loops=1)
                    Filter: ((company_id > 142799) AND (company_type_id = 2))
                    Rows Removed by Filter: 2482264
  ->  Index Scan using title_pkey on title t  (cost=0.43..3.11 rows=1 width=4) (actual time=0.018..0.018 rows=0 loops=89)
        Index Cond: (id = mc.movie_id)
        Filter: ((kind_id < 7) AND (production_year > 2003))
        Rows Removed by Filter: 1
Planning time: 1.157 ms
Execution time: 1342.555 ms
