Seq Scan on cast_info ci  (cost=0.00..796071.18 rows=16109661 width=0) (actual time=616.438..16432.944 rows=15889367 loops=1)
  Filter: ((person_id < 4020838) AND (role_id > 2))
  Rows Removed by Filter: 20354977
Planning time: 0.394 ms
Execution time: 18333.357 ms
