Nested Loop  (cost=0.43..84407.76 rows=42 width=0) (actual time=457.471..917.540 rows=16 loops=1)
  ->  Seq Scan on movie_companies mc  (cost=0.00..51404.11 rows=4436 width=4) (actual time=8.651..805.262 rows=3996 loops=1)
        Filter: (company_id = 150)
        Rows Removed by Filter: 2605133
  ->  Index Scan using title_pkey on title t  (cost=0.43..7.43 rows=1 width=4) (actual time=0.028..0.028 rows=0 loops=3996)
        Index Cond: (id = mc.movie_id)
        Filter: ((kind_id < 7) AND (production_year = 2002))
        Rows Removed by Filter: 1
Planning time: 1.348 ms
Execution time: 917.688 ms
