Hash Join  (cost=353624.61..2140519.19 rows=60086231 width=0) (actual time=8781.871..88605.083 rows=213412481 loops=1)
  Hash Cond: (ci.movie_id = t.id)
  ->  Seq Scan on cast_info ci  (cost=0.00..614943.12 rows=36225612 width=4) (actual time=0.021..13341.029 rows=36244344 loops=1)
  ->  Hash  (cost=284816.80..284816.80 rows=4193985 width=8) (actual time=8780.574..8780.574 rows=4368169 loops=1)
        Buckets: 131072  Batches: 64  Memory Usage: 3715kB
        ->  Hash Join  (cost=106063.00..284816.80 rows=4193985 width=8) (actual time=2227.750..7487.069 rows=4368169 loops=1)
              Hash Cond: (mk.movie_id = t.id)
              ->  Seq Scan on movie_keyword mk  (cost=0.00..69693.30 rows=4523930 width=4) (actual time=0.014..1340.906 rows=4523930 loops=1)
              ->  Hash  (cost=67604.59..67604.59 rows=2344113 width=4) (actual time=2226.821..2226.821 rows=2335853 loops=1)
                    Buckets: 131072  Batches: 32  Memory Usage: 3603kB
                    ->  Seq Scan on title t  (cost=0.00..67604.59 rows=2344113 width=4) (actual time=0.023..1449.982 rows=2335853 loops=1)
                          Filter: (production_year > 1931)
                          Rows Removed by Filter: 192459
Planning time: 1.131 ms
Execution time: 110646.097 ms
