Hash Join  (cost=136493.63..228586.53 rows=15052 width=0) (actual time=2223.447..4169.595 rows=19412 loops=1)
  Hash Cond: (mk.movie_id = t.id)
  ->  Seq Scan on movie_keyword mk  (cost=0.00..81003.12 rows=2917133 width=4) (actual time=0.017..1504.665 rows=2904911 loops=1)
        Filter: (keyword_id < 9308)
        Rows Removed by Filter: 1619019
  ->  Hash  (cost=136330.54..136330.54 rows=13047 width=8) (actual time=2219.493..2219.493 rows=4227 loops=1)
        Buckets: 16384  Batches: 1  Memory Usage: 294kB
        ->  Hash Join  (cost=74316.78..136330.54 rows=13047 width=8) (actual time=1328.896..2217.560 rows=4227 loops=1)
              Hash Cond: (mc.movie_id = t.id)
              ->  Seq Scan on movie_companies mc  (cost=0.00..57926.93 rows=1055029 width=4) (actual time=121.702..1036.166 rows=931908 loops=1)
                    Filter: ((company_id > 380) AND (company_type_id < 2))
                    Rows Removed by Filter: 1677221
              ->  Hash  (cost=73925.90..73925.90 rows=31270 width=4) (actual time=1023.471..1023.471 rows=4968 loops=1)
                    Buckets: 32768  Batches: 1  Memory Usage: 431kB
                    ->  Seq Scan on title t  (cost=0.00..73925.90 rows=31270 width=4) (actual time=0.126..1021.349 rows=4968 loops=1)
                          Filter: ((production_year < 1990) AND (kind_id = 4))
                          Rows Removed by Filter: 2523344
Planning time: 1.104 ms
Execution time: 4172.499 ms
