Hash Join  (cost=83072.93..874845.53 rows=14 width=0) (actual time=1317.885..17558.190 rows=69 loops=1)
  Hash Cond: (ci.movie_id = t.id)
  ->  Seq Scan on cast_info ci  (cost=0.00..705507.15 rows=23004072 width=4) (actual time=0.013..12712.606 rows=23061762 loops=1)
        Filter: (person_id > 1301176)
        Rows Removed by Filter: 13182582
  ->  Hash  (cost=83072.90..83072.90 rows=2 width=8) (actual time=1200.199..1200.199 rows=2 loops=1)
        Buckets: 1024  Batches: 1  Memory Usage: 9kB
        ->  Nested Loop  (cost=0.43..83072.90 rows=2 width=8) (actual time=188.214..1200.189 rows=2 loops=1)
              ->  Seq Scan on movie_keyword mk  (cost=0.00..81003.12 rows=246 width=4) (actual time=4.080..1190.691 rows=240 loops=1)
                    Filter: (keyword_id = 7453)
                    Rows Removed by Filter: 4523690
              ->  Index Scan using title_pkey on title t  (cost=0.43..8.40 rows=1 width=4) (actual time=0.037..0.037 rows=0 loops=240)
                    Index Cond: (id = mk.movie_id)
                    Filter: ((kind_id < 7) AND (production_year = 1995))
                    Rows Removed by Filter: 1
Planning time: 1.146 ms
Execution time: 17558.423 ms
