Hash Join  (cost=91790.21..1285840.63 rows=15599326 width=0) (actual time=1799.170..38203.873 rows=13932992 loops=1)
  Hash Cond: (ci.movie_id = t.id)
  ->  Seq Scan on cast_info ci  (cost=0.00..614943.12 rows=36225612 width=4) (actual time=0.018..12885.448 rows=36244344 loops=1)
  ->  Hash  (cost=73925.90..73925.90 rows=1088824 width=4) (actual time=1798.158..1798.158 rows=1034753 loops=1)
        Buckets: 131072  Batches: 16  Memory Usage: 3303kB
        ->  Seq Scan on title t  (cost=0.00..73925.90 rows=1088824 width=4) (actual time=0.026..1467.512 rows=1034753 loops=1)
              Filter: ((kind_id > 2) AND (production_year < 2007))
              Rows Removed by Filter: 1493559
Planning time: 0.761 ms
Execution time: 39783.493 ms
