Hash Join  (cost=491644.87..1216185.55 rows=344183 width=0) (actual time=10040.173..19705.881 rows=438644 loops=1)
  Hash Cond: (ci.movie_id = t.id)
  ->  Seq Scan on cast_info ci  (cost=0.00..705507.15 rows=1074855 width=4) (actual time=2243.744..11169.586 rows=953248 loops=1)
        Filter: (person_id < 98752)
        Rows Removed by Filter: 35291096
  ->  Hash  (cost=478361.00..478361.00 rows=809669 width=8) (actual time=7792.637..7792.637 rows=802140 loops=1)
        Buckets: 131072  Batches: 16  Memory Usage: 2973kB
        ->  Hash Join  (cost=102767.86..478361.00 rows=809669 width=8) (actual time=3605.089..7548.981 rows=802140 loops=1)
              Hash Cond: (mi.movie_id = t.id)
              ->  Seq Scan on movie_info mi  (cost=0.00..346232.03 rows=809669 width=4) (actual time=1777.296..4615.704 rows=802140 loops=1)
                    Filter: (info_type_id = 1)
                    Rows Removed by Filter: 14033580
              ->  Hash  (cost=61283.27..61283.27 rows=2528527 width=4) (actual time=1826.775..1826.775 rows=2528312 loops=1)
                    Buckets: 131072  Batches: 64  Memory Usage: 2425kB
                    ->  Seq Scan on title t  (cost=0.00..61283.27 rows=2528527 width=4) (actual time=0.026..1000.285 rows=2528312 loops=1)
Planning time: 1.095 ms
Execution time: 19760.869 ms
