Hash Join  (cost=83073.49..833876.40 rows=1377 width=0) (actual time=1304.403..16966.225 rows=541 loops=1)
  Hash Cond: (ci.movie_id = t.id)
  ->  Seq Scan on cast_info ci  (cost=0.00..614943.12 rows=36225612 width=4) (actual time=0.012..9010.993 rows=36244344 loops=1)
  ->  Hash  (cost=83072.29..83072.29 rows=96 width=8) (actual time=1304.211..1304.211 rows=18 loops=1)
        Buckets: 1024  Batches: 1  Memory Usage: 9kB
        ->  Nested Loop  (cost=0.43..83072.29 rows=96 width=8) (actual time=346.592..1304.175 rows=18 loops=1)
              ->  Seq Scan on movie_keyword mk  (cost=0.00..81003.12 rows=246 width=4) (actual time=346.465..1303.332 rows=18 loops=1)
                    Filter: (keyword_id = 84323)
                    Rows Removed by Filter: 4523912
              ->  Index Scan using title_pkey on title t  (cost=0.43..8.40 rows=1 width=4) (actual time=0.041..0.042 rows=1 loops=18)
                    Index Cond: (id = mk.movie_id)
                    Filter: (kind_id < 7)
Planning time: 1.134 ms
Execution time: 16966.818 ms
