Hash Join  (cost=796536.74..883195.16 rows=38 width=0) (actual time=11071.766..12628.099 rows=155 loops=1)
  Hash Cond: (mk.movie_id = t.id)
  ->  Seq Scan on movie_keyword mk  (cost=0.00..69693.30 rows=4523930 width=4) (actual time=0.019..1011.588 rows=4523930 loops=1)
  ->  Hash  (cost=796536.48..796536.48 rows=21 width=8) (actual time=10851.031..10851.031 rows=5 loops=1)
        Buckets: 1024  Batches: 1  Memory Usage: 9kB
        ->  Nested Loop  (cost=0.43..796536.48 rows=21 width=8) (actual time=2374.491..10850.987 rows=5 loops=1)
              ->  Seq Scan on cast_info ci  (cost=0.00..796071.18 rows=55 width=4) (actual time=2374.360..10848.760 rows=60 loops=1)
                    Filter: ((person_id = 2894990) AND (role_id = 3))
                    Rows Removed by Filter: 36244284
              ->  Index Scan using title_pkey on title t  (cost=0.43..8.45 rows=1 width=4) (actual time=0.036..0.036 rows=0 loops=60)
                    Index Cond: (id = ci.movie_id)
                    Filter: (kind_id < 7)
                    Rows Removed by Filter: 1
Planning time: 0.744 ms
Execution time: 12628.211 ms
