Hash Join  (cost=83074.74..833899.15 rows=3524 width=0) (actual time=1215.583..16567.751 rows=9508 loops=1)
  Hash Cond: (ci.movie_id = t.id)
  ->  Seq Scan on cast_info ci  (cost=0.00..614943.12 rows=36225612 width=4) (actual time=0.019..8692.997 rows=36244344 loops=1)
  ->  Hash  (cost=83071.67..83071.67 rows=246 width=8) (actual time=1214.886..1214.886 rows=218 loops=1)
        Buckets: 1024  Batches: 1  Memory Usage: 17kB
        ->  Nested Loop  (cost=0.43..83071.67 rows=246 width=8) (actual time=27.859..1214.651 rows=218 loops=1)
              ->  Seq Scan on movie_keyword mk  (cost=0.00..81003.12 rows=246 width=4) (actual time=27.780..1204.476 rows=218 loops=1)
                    Filter: (keyword_id = 3417)
                    Rows Removed by Filter: 4523712
              ->  Index Only Scan using title_pkey on title t  (cost=0.43..8.40 rows=1 width=4) (actual time=0.043..0.044 rows=1 loops=218)
                    Index Cond: (id = mk.movie_id)
                    Heap Fetches: 218
Planning time: 1.107 ms
Execution time: 16571.209 ms
