Hash Join  (cost=227607.56..1135447.41 rows=2849310 width=0) (actual time=5827.277..33326.223 rows=34730086 loops=1)
  Hash Cond: (ci.movie_id = t.id)
  ->  Seq Scan on cast_info ci  (cost=0.00..796071.18 rows=6846555 width=4) (actual time=0.025..15382.189 rows=7622943 loops=1)
        Filter: ((person_id > 699929) AND (role_id > 5))
        Rows Removed by Filter: 28621401
  ->  Hash  (cost=210342.95..210342.95 rows=1052289 width=8) (actual time=5826.084..5826.084 rows=2325196 loops=1)
        Buckets: 131072 (originally 131072)  Batches: 32 (originally 16)  Memory Usage: 3850kB
        ->  Hash Join  (cost=83810.17..210342.95 rows=1052289 width=8) (actual time=1440.875..5153.933 rows=2325196 loops=1)
              Hash Cond: (mk.movie_id = t.id)
              ->  Seq Scan on movie_keyword mk  (cost=0.00..81003.12 rows=2693803 width=4) (actual time=0.024..1698.687 rows=2687815 loops=1)
                    Filter: (keyword_id < 7592)
                    Rows Removed by Filter: 1836115
              ->  Hash  (cost=67604.59..67604.59 rows=987727 width=4) (actual time=1440.058..1440.058 rows=985048 loops=1)
                    Buckets: 131072  Batches: 16  Memory Usage: 3197kB
                    ->  Seq Scan on title t  (cost=0.00..67604.59 rows=987727 width=4) (actual time=0.027..1155.222 rows=985048 loops=1)
                          Filter: (kind_id < 7)
                          Rows Removed by Filter: 1543264
Planning time: 1.994 ms
Execution time: 37078.675 ms
