Hash Join  (cost=83074.62..464849.82 rows=701 width=0) (actual time=1392.334..7902.765 rows=51280 loops=1)
  Hash Cond: (mi.movie_id = t.id)
  ->  Seq Scan on movie_info mi  (cost=0.00..346232.03 rows=9476311 width=4) (actual time=0.024..5059.058 rows=9565151 loops=1)
        Filter: (info_type_id < 16)
        Rows Removed by Filter: 5270569
  ->  Hash  (cost=83072.29..83072.29 rows=187 width=8) (actual time=1391.789..1391.789 rows=2733 loops=1)
        Buckets: 4096 (originally 1024)  Batches: 1 (originally 1)  Memory Usage: 139kB
        ->  Nested Loop  (cost=0.43..83072.29 rows=187 width=8) (actual time=0.267..1389.846 rows=2733 loops=1)
              ->  Seq Scan on movie_keyword mk  (cost=0.00..81003.12 rows=246 width=4) (actual time=0.224..1307.974 rows=2783 loops=1)
                    Filter: (keyword_id = 1037)
                    Rows Removed by Filter: 4521147
              ->  Index Scan using title_pkey on title t  (cost=0.43..8.40 rows=1 width=4) (actual time=0.028..0.028 rows=1 loops=2783)
                    Index Cond: (id = mk.movie_id)
                    Filter: (production_year < 2010)
                    Rows Removed by Filter: 0
Planning time: 1.236 ms
Execution time: 7910.751 ms
