Hash Join  (cost=228454.04..825666.35 rows=9276548 width=0) (actual time=5436.600..29833.556 rows=49047566 loops=1)
  Hash Cond: (mi.movie_id = t.id)
  ->  Seq Scan on movie_info mi  (cost=0.00..309384.22 rows=14739122 width=4) (actual time=0.014..6185.280 rows=14835720 loops=1)
  ->  Hash  (cost=202344.40..202344.40 rows=1591411 width=8) (actual time=5435.460..5435.460 rows=1581903 loops=1)
        Buckets: 131072  Batches: 32  Memory Usage: 2995kB
        ->  Hash Join  (cost=102767.86..202344.40 rows=1591411 width=8) (actual time=1925.747..4932.410 rows=1581903 loops=1)
              Hash Cond: (mc.movie_id = t.id)
              ->  Seq Scan on movie_companies mc  (cost=0.00..51404.11 rows=1591411 width=4) (actual time=0.013..1197.229 rows=1581903 loops=1)
                    Filter: (company_id < 15706)
                    Rows Removed by Filter: 1027226
              ->  Hash  (cost=61283.27..61283.27 rows=2528527 width=4) (actual time=1924.685..1924.685 rows=2528312 loops=1)
                    Buckets: 131072  Batches: 64  Memory Usage: 2415kB
                    ->  Seq Scan on title t  (cost=0.00..61283.27 rows=2528527 width=4) (actual time=0.006..1065.851 rows=2528312 loops=1)
Planning time: 1.125 ms
Execution time: 34879.756 ms
