Seq Scan on movie_keyword mk  (cost=0.00..81003.12 rows=3046949 width=0) (actual time=0.025..1412.687 rows=3031423 loops=1)
  Filter: (keyword_id > 2133)
  Rows Removed by Filter: 1492507
Planning time: 0.313 ms
Execution time: 1783.902 ms
