Hash Join  (cost=420663.33..507633.04 rows=31167 width=0) (actual time=6697.564..8560.020 rows=1064700 loops=1)
  Hash Cond: (mk.movie_id = t.id)
  ->  Seq Scan on movie_keyword mk  (cost=0.00..69693.30 rows=4523930 width=4) (actual time=0.012..876.892 rows=4523930 loops=1)
  ->  Hash  (cost=420445.58..420445.58 rows=17420 width=8) (actual time=6690.201..6690.201 rows=14255 loops=1)
        Buckets: 32768  Batches: 1  Memory Usage: 813kB
        ->  Hash Join  (cost=70241.71..420445.58 rows=17420 width=8) (actual time=5531.084..6686.115 rows=14255 loops=1)
              Hash Cond: (mi.movie_id = t.id)
              ->  Seq Scan on movie_info mi  (cost=0.00..346232.03 rows=274038 width=4) (actual time=4007.217..5300.476 rows=306788 loops=1)
                    Filter: (info_type_id > 105)
                    Rows Removed by Filter: 14528932
              ->  Hash  (cost=67604.59..67604.59 rows=160730 width=4) (actual time=1256.865..1256.865 rows=160017 loops=1)
                    Buckets: 131072  Batches: 4  Memory Usage: 2442kB
                    ->  Seq Scan on title t  (cost=0.00..67604.59 rows=160730 width=4) (actual time=0.022..1198.113 rows=160017 loops=1)
                          Filter: (production_year = 2011)
                          Rows Removed by Filter: 2368295
Planning time: 1.177 ms
Execution time: 8688.108 ms
