Nested Loop  (cost=0.43..52284.21 rows=58 width=0) (actual time=115.313..795.208 rows=29 loops=1)
  ->  Seq Scan on movie_companies mc  (cost=0.00..51404.11 rows=104 width=4) (actual time=115.260..770.445 rows=791 loops=1)
        Filter: (company_id = 2962)
        Rows Removed by Filter: 2608338
  ->  Index Scan using title_pkey on title t  (cost=0.43..8.45 rows=1 width=4) (actual time=0.031..0.031 rows=0 loops=791)
        Index Cond: (id = mc.movie_id)
        Filter: ((kind_id > 1) AND (production_year < 2010))
        Rows Removed by Filter: 1
Planning time: 0.754 ms
Execution time: 795.322 ms
