Seq Scan on cast_info ci  (cost=0.00..796071.18 rows=332 width=0) (actual time=13789.845..14318.344 rows=15 loops=1)
  Filter: ((role_id < 4) AND (person_id = 297134))
  Rows Removed by Filter: 36244329
Planning time: 0.314 ms
Execution time: 14318.445 ms
