Nested Loop  (cost=0.43..100910.34 rows=6014 width=0) (actual time=3.429..836.653 rows=6008 loops=1)
  ->  Seq Scan on movie_companies mc  (cost=0.00..57926.93 rows=6014 width=4) (actual time=3.380..725.233 rows=6008 loops=1)
        Filter: ((company_id = 846) AND (company_type_id = 1))
        Rows Removed by Filter: 2603121
  ->  Index Only Scan using title_pkey on title t  (cost=0.43..7.14 rows=1 width=4) (actual time=0.018..0.018 rows=1 loops=6008)
        Index Cond: (id = mc.movie_id)
        Heap Fetches: 6008
Planning time: 1.897 ms
Execution time: 838.159 ms
