Hash Join  (cost=98137.04..177116.25 rows=502831 width=0) (actual time=2313.229..3405.283 rows=87321 loops=1)
  Hash Cond: (mc.movie_id = t.id)
  ->  Seq Scan on movie_companies mc  (cost=0.00..57926.93 rows=683194 width=4) (actual time=407.229..956.378 rows=468994 loops=1)
        Filter: ((company_id > 11055) AND (company_type_id = 1))
        Rows Removed by Filter: 2140135
  ->  Hash  (cost=67604.59..67604.59 rows=1860996 width=4) (actual time=1905.130..1905.130 rows=1865487 loops=1)
        Buckets: 131072  Batches: 32  Memory Usage: 3079kB
        ->  Seq Scan on title t  (cost=0.00..67604.59 rows=1860996 width=4) (actual time=0.033..1324.128 rows=1865487 loops=1)
              Filter: (kind_id > 1)
              Rows Removed by Filter: 662825
Planning time: 0.735 ms
Execution time: 3414.914 ms
