Seq Scan on movie_keyword mk  (cost=0.00..81003.12 rows=246 width=0) (actual time=4.307..1272.783 rows=373 loops=1)
  Filter: (keyword_id = 8062)
  Rows Removed by Filter: 4523557
Planning time: 0.362 ms
Execution time: 1273.092 ms
