Seq Scan on cast_info ci  (cost=0.00..705507.15 rows=500 width=0) (actual time=1232.549..10894.668 rows=31 loops=1)
  Filter: (person_id = 419257)
  Rows Removed by Filter: 36244313
Planning time: 2.228 ms
Execution time: 10894.769 ms
