Hash Join  (cost=102767.86..253151.01 rows=2472740 width=0) (actual time=1977.253..5709.746 rows=2464294 loops=1)
  Hash Cond: (mk.movie_id = t.id)
  ->  Seq Scan on movie_keyword mk  (cost=0.00..81003.12 rows=2472740 width=4) (actual time=0.025..1648.613 rows=2464294 loops=1)
        Filter: (keyword_id > 3661)
        Rows Removed by Filter: 2059636
  ->  Hash  (cost=61283.27..61283.27 rows=2528527 width=4) (actual time=1976.225..1976.225 rows=2528312 loops=1)
        Buckets: 131072  Batches: 64  Memory Usage: 2425kB
        ->  Seq Scan on title t  (cost=0.00..61283.27 rows=2528527 width=4) (actual time=0.011..1115.158 rows=2528312 loops=1)
Planning time: 0.694 ms
Execution time: 5971.244 ms
