Seq Scan on movie_keyword mk  (cost=0.00..81003.12 rows=4016102 width=0) (actual time=0.026..1649.111 rows=4024855 loops=1)
  Filter: (keyword_id < 36139)
  Rows Removed by Filter: 499075
Planning time: 6.227 ms
Execution time: 2152.318 ms
