Hash Join  (cost=74617.32..165201.50 rows=52810 width=0) (actual time=801.643..2684.022 rows=64710 loops=1)
  Hash Cond: (mk.movie_id = t.id)
  ->  Seq Scan on movie_keyword mk  (cost=0.00..81003.12 rows=2414123 width=4) (actual time=0.014..1452.242 rows=2414347 loops=1)
        Filter: (keyword_id < 5678)
        Rows Removed by Filter: 2109583
  ->  Hash  (cost=73925.90..73925.90 rows=55313 width=4) (actual time=801.240..801.240 rows=49075 loops=1)
        Buckets: 65536  Batches: 1  Memory Usage: 2238kB
        ->  Seq Scan on title t  (cost=0.00..73925.90 rows=55313 width=4) (actual time=0.044..781.517 rows=49075 loops=1)
              Filter: ((kind_id < 7) AND (production_year = 2010))
              Rows Removed by Filter: 2479237
Planning time: 0.488 ms
Execution time: 2692.728 ms
