Hash Join  (cost=199590.97..338131.24 rows=1565565 width=0) (actual time=4793.745..11197.271 rows=14477249 loops=1)
  Hash Cond: (mk.movie_id = t.id)
  ->  Seq Scan on movie_keyword mk  (cost=0.00..81003.12 rows=3204666 width=4) (actual time=0.019..1667.896 rows=3190646 loops=1)
        Filter: (keyword_id < 12919)
        Rows Removed by Filter: 1333284
  ->  Hash  (cost=179324.30..179324.30 rows=1235253 width=8) (actual time=4791.482..4791.482 rows=1526120 loops=1)
        Buckets: 131072  Batches: 32  Memory Usage: 2900kB
        ->  Hash Join  (cost=87245.25..179324.30 rows=1235253 width=8) (actual time=1647.537..4380.453 rows=1526120 loops=1)
              Hash Cond: (mc.movie_id = t.id)
              ->  Seq Scan on movie_companies mc  (cost=0.00..44881.29 rows=2609129 width=4) (actual time=0.020..845.110 rows=2609129 loops=1)
              ->  Hash  (cost=67604.59..67604.59 rows=1197093 width=4) (actual time=1646.625..1646.625 rows=1195923 loops=1)
                    Buckets: 131072  Batches: 16  Memory Usage: 3653kB
                    ->  Seq Scan on title t  (cost=0.00..67604.59 rows=1197093 width=4) (actual time=0.020..1268.983 rows=1195923 loops=1)
                          Filter: (production_year < 2003)
                          Rows Removed by Filter: 1332389
Planning time: 1.073 ms
Execution time: 12755.759 ms
