Seq Scan on movie_keyword mk  (cost=0.00..81003.12 rows=2990164 width=0) (actual time=0.026..1479.995 rows=2975737 loops=1)
  Filter: (keyword_id < 10200)
  Rows Removed by Filter: 1548193
Planning time: 0.299 ms
Execution time: 1849.554 ms
