Hash Join  (cost=84618.84..207073.28 rows=709184 width=0) (actual time=1567.345..4947.374 rows=1907449 loops=1)
  Hash Cond: (mk.movie_id = t.id)
  ->  Seq Scan on movie_keyword mk  (cost=0.00..81003.12 rows=2751325 width=4) (actual time=0.013..1741.201 rows=2743825 loops=1)
        Filter: (keyword_id > 2879)
        Rows Removed by Filter: 1780105
  ->  Hash  (cost=73925.90..73925.90 rows=651755 width=4) (actual time=1566.225..1566.225 rows=711179 loops=1)
        Buckets: 131072  Batches: 16  Memory Usage: 2598kB
        ->  Seq Scan on title t  (cost=0.00..73925.90 rows=651755 width=4) (actual time=0.044..1336.100 rows=711179 loops=1)
              Filter: ((kind_id < 7) AND (production_year < 2008))
              Rows Removed by Filter: 1817133
Planning time: 0.824 ms
Execution time: 5137.264 ms
