Hash Join  (cost=224347.12..1414193.67 rows=10782139 width=0) (actual time=4605.010..34534.335 rows=3142058 loops=1)
  Hash Cond: (ci.movie_id = t.id)
  ->  Seq Scan on cast_info ci  (cost=0.00..614943.12 rows=36225612 width=4) (actual time=0.024..13414.422 rows=36244344 loops=1)
  ->  Hash  (cost=211999.79..211999.79 rows=752587 width=8) (actual time=4601.048..4601.048 rows=149499 loops=1)
        Buckets: 131072  Batches: 16  Memory Usage: 1370kB
        ->  Hash Join  (cost=80827.88..211999.79 rows=752587 width=8) (actual time=3154.855..4564.400 rows=149499 loops=1)
              Hash Cond: (mk.movie_id = t.id)
              ->  Seq Scan on movie_keyword mk  (cost=0.00..69693.30 rows=4523930 width=4) (actual time=0.019..1415.694 rows=4523930 loops=1)
              ->  Hash  (cost=73925.90..73925.90 rows=420638 width=4) (actual time=1416.556..1416.556 rows=301535 loops=1)
                    Buckets: 131072  Batches: 8  Memory Usage: 2343kB
                    ->  Seq Scan on title t  (cost=0.00..73925.90 rows=420638 width=4) (actual time=258.140..1311.442 rows=301535 loops=1)
                          Filter: ((production_year < 1990) AND (kind_id = 7))
                          Rows Removed by Filter: 2226777
Planning time: 1.145 ms
Execution time: 34896.153 ms
