Seq Scan on movie_companies mc  (cost=0.00..51404.11 rows=482492 width=0) (actual time=324.658..782.088 rows=485849 loops=1)
  Filter: (company_id > 74927)
  Rows Removed by Filter: 2123280
Planning time: 0.622 ms
Execution time: 839.749 ms
