Hash Join  (cost=709676.72..736588.77 rows=156 width=0) (actual time=11231.775..11524.289 rows=78 loops=1)
  Hash Cond: (mi_idx.movie_id = t.id)
  ->  Seq Scan on movie_info_idx mi_idx  (cost=0.00..21735.35 rows=1380035 width=4) (actual time=0.012..272.845 rows=1380035 loops=1)
  ->  Hash  (cost=709673.15..709673.15 rows=286 width=8) (actual time=11002.012..11002.012 rows=26 loops=1)
        Buckets: 1024  Batches: 1  Memory Usage: 10kB
        ->  Nested Loop  (cost=0.43..709673.15 rows=286 width=8) (actual time=2037.478..11001.974 rows=26 loops=1)
              ->  Seq Scan on cast_info ci  (cost=0.00..705507.15 rows=500 width=4) (actual time=2037.401..11001.162 rows=27 loops=1)
                    Filter: (person_id = 2919799)
                    Rows Removed by Filter: 36244317
              ->  Index Scan using title_pkey on title t  (cost=0.43..8.32 rows=1 width=4) (actual time=0.027..0.027 rows=1 loops=27)
                    Index Cond: (id = ci.movie_id)
                    Filter: (production_year < 2006)
                    Rows Removed by Filter: 0
Planning time: 1.299 ms
Execution time: 11524.445 ms
