Hash Join  (cost=108064.14..194871.56 rows=14938 width=0) (actual time=1010.801..2975.548 rows=23437 loops=1)
  Hash Cond: (mk.movie_id = t.id)
  ->  Seq Scan on movie_keyword mk  (cost=0.00..69693.30 rows=4523930 width=4) (actual time=0.018..1121.549 rows=4523930 loops=1)
  ->  Hash  (cost=107959.78..107959.78 rows=8349 width=8) (actual time=1010.218..1010.218 rows=9025 loops=1)
        Buckets: 16384  Batches: 1  Memory Usage: 481kB
        ->  Nested Loop  (cost=0.43..107959.78 rows=8349 width=8) (actual time=0.140..1005.548 rows=9025 loops=1)
              ->  Seq Scan on movie_companies mc  (cost=0.00..51404.11 rows=8349 width=4) (actual time=0.053..780.105 rows=9025 loops=1)
                    Filter: (company_id = 225)
                    Rows Removed by Filter: 2600104
              ->  Index Only Scan using title_pkey on title t  (cost=0.43..6.76 rows=1 width=4) (actual time=0.024..0.024 rows=1 loops=9025)
                    Index Cond: (id = mc.movie_id)
                    Heap Fetches: 9025
Planning time: 1.093 ms
Execution time: 2978.934 ms
