Hash Join  (cost=102767.86..1208074.46 rows=16204520 width=0) (actual time=5408.359..30192.911 rows=16358503 loops=1)
  Hash Cond: (ci.movie_id = t.id)
  ->  Seq Scan on cast_info ci  (cost=0.00..705507.15 rows=16204520 width=4) (actual time=3479.980..13421.202 rows=16358503 loops=1)
        Filter: (person_id > 1996733)
        Rows Removed by Filter: 19885841
  ->  Hash  (cost=61283.27..61283.27 rows=2528527 width=4) (actual time=1927.288..1927.288 rows=2528312 loops=1)
        Buckets: 131072  Batches: 64  Memory Usage: 2415kB
        ->  Seq Scan on title t  (cost=0.00..61283.27 rows=2528527 width=4) (actual time=0.019..1093.726 rows=2528312 loops=1)
Planning time: 0.836 ms
Execution time: 32040.608 ms
