Hash Join  (cost=138157.29..225255.93 rows=44060 width=0) (actual time=2356.579..4348.016 rows=701689 loops=1)
  Hash Cond: (mk.movie_id = t.id)
  ->  Seq Scan on movie_keyword mk  (cost=0.00..69693.30 rows=4523930 width=4) (actual time=0.017..948.101 rows=4523930 loops=1)
  ->  Hash  (cost=137849.46..137849.46 rows=24626 width=8) (actual time=2356.355..2356.355 rows=66219 loops=1)
        Buckets: 131072 (originally 32768)  Batches: 1 (originally 1)  Memory Usage: 3611kB
        ->  Hash Join  (cost=82758.37..137849.46 rows=24626 width=8) (actual time=1419.226..2334.988 rows=66219 loops=1)
              Hash Cond: (mc.movie_id = t.id)
              ->  Seq Scan on movie_companies mc  (cost=0.00..51404.11 rows=115660 width=4) (actual time=71.007..834.235 rows=115537 loops=1)
                    Filter: (company_id > 148782)
                    Rows Removed by Filter: 2493592
              ->  Hash  (cost=73925.90..73925.90 rows=538357 width=4) (actual time=1347.271..1347.271 rows=564943 loops=1)
                    Buckets: 131072  Batches: 8  Memory Usage: 3519kB
                    ->  Seq Scan on title t  (cost=0.00..73925.90 rows=538357 width=4) (actual time=0.036..1172.629 rows=564943 loops=1)
                          Filter: ((kind_id < 3) AND (production_year < 2009))
                          Rows Removed by Filter: 1963369
Planning time: 1.119 ms
Execution time: 4440.966 ms
