Nested Loop  (cost=0.43..83071.67 rows=246 width=0) (actual time=104.182..1250.778 rows=25 loops=1)
  ->  Seq Scan on movie_keyword mk  (cost=0.00..81003.12 rows=246 width=4) (actual time=104.084..1246.835 rows=25 loops=1)
        Filter: (keyword_id = 33930)
        Rows Removed by Filter: 4523905
  ->  Index Only Scan using title_pkey on title t  (cost=0.43..8.40 rows=1 width=4) (actual time=0.154..0.155 rows=1 loops=25)
        Index Cond: (id = mk.movie_id)
        Heap Fetches: 25
Planning time: 0.787 ms
Execution time: 1250.857 ms
