Hash Join  (cost=79775.76..591702.65 rows=1785926 width=0) (actual time=1530.605..16772.633 rows=4815054 loops=1)
  Hash Cond: (mi.movie_id = t.id)
  ->  Seq Scan on movie_info mi  (cost=0.00..346232.03 rows=12665229 width=4) (actual time=0.030..6858.142 rows=12744652 loops=1)
        Filter: (info_type_id > 2)
        Rows Removed by Filter: 2091068
  ->  Hash  (cost=73925.90..73925.90 rows=356548 width=4) (actual time=1405.219..1405.219 rows=424572 loops=1)
        Buckets: 131072  Batches: 8  Memory Usage: 2906kB
        ->  Seq Scan on title t  (cost=0.00..73925.90 rows=356548 width=4) (actual time=256.551..1268.508 rows=424572 loops=1)
              Filter: ((production_year < 2005) AND (kind_id = 1))
              Rows Removed by Filter: 2103740
Planning time: 0.754 ms
Execution time: 17372.027 ms
