Seq Scan on movie_companies mc  (cost=0.00..57926.93 rows=1046103 width=0) (actual time=0.026..1034.134 rows=774402 loops=1)
  Filter: ((company_id < 71613) AND (company_type_id = 2))
  Rows Removed by Filter: 1834727
Planning time: 0.375 ms
Execution time: 1131.538 ms
