Seq Scan on movie_companies mc  (cost=0.00..57926.93 rows=408017 width=0) (actual time=0.020..828.157 rows=89887 loops=1)
  Filter: ((company_id > 26142) AND (company_type_id = 1))
  Rows Removed by Filter: 2519242
Planning time: 0.389 ms
Execution time: 840.181 ms
