Nested Loop  (cost=0.43..58358.27 rows=51 width=0) (actual time=0.222..779.046 rows=814 loops=1)
  ->  Seq Scan on movie_companies mc  (cost=0.00..57926.93 rows=51 width=4) (actual time=0.174..768.506 rows=814 loops=1)
        Filter: ((company_id = 15193) AND (company_type_id = 1))
        Rows Removed by Filter: 2608315
  ->  Index Only Scan using title_pkey on title t  (cost=0.43..8.45 rows=1 width=4) (actual time=0.012..0.012 rows=1 loops=814)
        Index Cond: (id = mc.movie_id)
        Heap Fetches: 814
Planning time: 0.713 ms
Execution time: 779.306 ms
