Hash Join  (cost=170244.82..244464.76 rows=452564 width=0) (actual time=3760.962..5500.798 rows=858270 loops=1)
  Hash Cond: (mc.movie_id = t.id)
  ->  Seq Scan on movie_companies mc  (cost=0.00..51404.11 rows=1279517 width=4) (actual time=0.018..963.461 rows=1274246 loops=1)
        Filter: (company_type_id < 2)
        Rows Removed by Filter: 1334883
  ->  Hash  (cost=155571.60..155571.60 rows=894338 width=8) (actual time=3759.924..3759.924 rows=707346 loops=1)
        Buckets: 131072  Batches: 16  Memory Usage: 2767kB
        ->  Hash Join  (cost=100809.69..155571.60 rows=894338 width=8) (actual time=2010.205..3573.073 rows=707346 loops=1)
              Hash Cond: (mi_idx.movie_id = t.id)
              ->  Seq Scan on movie_info_idx mi_idx  (cost=0.00..21735.35 rows=1380035 width=4) (actual time=0.020..481.860 rows=1380035 loops=1)
              ->  Hash  (cost=73925.90..73925.90 rows=1638623 width=4) (actual time=2008.747..2008.747 rows=1629839 loops=1)
                    Buckets: 131072  Batches: 32  Memory Usage: 2813kB
                    ->  Seq Scan on title t  (cost=0.00..73925.90 rows=1638623 width=4) (actual time=0.026..1477.163 rows=1629839 loops=1)
                          Filter: ((kind_id > 1) AND (production_year < 2012))
                          Rows Removed by Filter: 898473
Planning time: 1.925 ms
Execution time: 5577.692 ms
