Hash Join  (cost=146924.46..1262395.13 rows=7949949 width=0) (actual time=3054.536..35991.508 rows=10216806 loops=1)
  Hash Cond: (ci.movie_id = t.id)
  ->  Seq Scan on cast_info ci  (cost=0.00..614943.12 rows=36225612 width=4) (actual time=0.019..13174.429 rows=36244344 loops=1)
  ->  Hash  (cost=137820.18..137820.18 rows=554902 width=8) (actual time=3053.552..3053.552 rows=309714 loops=1)
        Buckets: 131072  Batches: 8  Memory Usage: 2537kB
        ->  Hash Join  (cost=90606.68..137820.18 rows=554902 width=8) (actual time=1616.861..2959.247 rows=309714 loops=1)
              Hash Cond: (mi_idx.movie_id = t.id)
              ->  Seq Scan on movie_info_idx mi_idx  (cost=0.00..21735.35 rows=1380035 width=4) (actual time=0.028..477.043 rows=1380035 loops=1)
              ->  Hash  (cost=73925.90..73925.90 rows=1016702 width=4) (actual time=1614.167..1614.167 rows=960113 loops=1)
                    Buckets: 131072  Batches: 16  Memory Usage: 3135kB
                    ->  Seq Scan on title t  (cost=0.00..73925.90 rows=1016702 width=4) (actual time=0.012..1319.672 rows=960113 loops=1)
                          Filter: ((production_year < 2008) AND (kind_id = 7))
                          Rows Removed by Filter: 1568199
Planning time: 1.219 ms
Execution time: 37211.459 ms
