Hash Join  (cost=312637.45..992648.32 rows=14587576 width=0) (actual time=7536.144..46517.046 rows=100339496 loops=1)
  Hash Cond: (mi.movie_id = t.id)
  ->  Seq Scan on movie_info mi  (cost=0.00..346232.03 rows=12545135 width=4) (actual time=0.025..7504.719 rows=12601870 loops=1)
        Filter: (info_type_id < 17)
        Rows Removed by Filter: 2233850
  ->  Hash  (cost=264399.07..264399.07 rows=2940190 width=8) (actual time=7534.534..7534.534 rows=2929220 loops=1)
        Buckets: 131072  Batches: 64  Memory Usage: 2920kB
        ->  Hash Join  (cost=102767.86..264399.07 rows=2940190 width=8) (actual time=2243.418..6636.219 rows=2929220 loops=1)
              Hash Cond: (mk.movie_id = t.id)
              ->  Seq Scan on movie_keyword mk  (cost=0.00..81003.12 rows=2940190 width=4) (actual time=0.781..1674.248 rows=2929220 loops=1)
                    Filter: (keyword_id > 2441)
                    Rows Removed by Filter: 1594710
              ->  Hash  (cost=61283.27..61283.27 rows=2528527 width=4) (actual time=2240.985..2240.985 rows=2528312 loops=1)
                    Buckets: 131072  Batches: 64  Memory Usage: 2425kB
                    ->  Seq Scan on title t  (cost=0.00..61283.27 rows=2528527 width=4) (actual time=0.028..1087.706 rows=2528312 loops=1)
Planning time: 1.104 ms
Execution time: 58170.770 ms
