Hash Join  (cost=98137.04..164684.01 rows=49188 width=0) (actual time=1908.027..2983.023 rows=23448 loops=1)
  Hash Cond: (mc.movie_id = t.id)
  ->  Seq Scan on movie_companies mc  (cost=0.00..57926.93 rows=66831 width=4) (actual time=0.085..818.216 rows=23541 loops=1)
        Filter: ((company_id < 27) AND (company_type_id > 1))
        Rows Removed by Filter: 2585588
  ->  Hash  (cost=67604.59..67604.59 rows=1860996 width=4) (actual time=1902.167..1902.167 rows=1865487 loops=1)
        Buckets: 131072  Batches: 32  Memory Usage: 3079kB
        ->  Seq Scan on title t  (cost=0.00..67604.59 rows=1860996 width=4) (actual time=0.016..1293.548 rows=1865487 loops=1)
              Filter: (kind_id > 1)
              Rows Removed by Filter: 662825
Planning time: 0.747 ms
Execution time: 2985.365 ms
