Seq Scan on movie_keyword mk  (cost=0.00..81003.12 rows=3988124 width=0) (actual time=0.026..1684.375 rows=3997072 loops=1)
  Filter: (keyword_id < 34520)
  Rows Removed by Filter: 526858
Planning time: 0.336 ms
Execution time: 2194.944 ms
