Hash Join  (cost=209917.40..765110.51 rows=7065219 width=0) (actual time=5159.400..21394.015 rows=5460619 loops=1)
  Hash Cond: (mi.movie_id = t.id)
  ->  Seq Scan on movie_info mi  (cost=0.00..309384.22 rows=14739122 width=4) (actual time=0.018..5480.537 rows=14835720 loops=1)
  ->  Hash  (cost=190031.73..190031.73 rows=1212053 width=8) (actual time=5158.387..5158.387 rows=587105 loops=1)
        Buckets: 131072  Batches: 16  Memory Usage: 2465kB
        ->  Hash Join  (cost=98137.04..190031.73 rows=1212053 width=8) (actual time=2608.657..4973.694 rows=587105 loops=1)
              Hash Cond: (mc.movie_id = t.id)
              ->  Seq Scan on movie_companies mc  (cost=0.00..51404.11 rows=1646811 width=4) (actual time=0.036..965.103 rows=1644385 loops=1)
                    Filter: (company_id > 3973)
                    Rows Removed by Filter: 964744
              ->  Hash  (cost=67604.59..67604.59 rows=1860996 width=4) (actual time=2607.207..2607.207 rows=1865487 loops=1)
                    Buckets: 131072  Batches: 32  Memory Usage: 3079kB
                    ->  Seq Scan on title t  (cost=0.00..67604.59 rows=1860996 width=4) (actual time=0.021..1275.558 rows=1865487 loops=1)
                          Filter: (kind_id > 1)
                          Rows Removed by Filter: 662825
Planning time: 1.155 ms
Execution time: 22015.084 ms
