Seq Scan on cast_info ci  (cost=0.00..705507.15 rows=500 width=0) (actual time=531.084..10638.558 rows=476 loops=1)
  Filter: (person_id = 1651441)
  Rows Removed by Filter: 36243868
Planning time: 0.791 ms
Execution time: 10638.732 ms
