Hash Join  (cost=69283.60..137311.97 rows=32799 width=0) (actual time=1315.587..2343.397 rows=17291 loops=1)
  Hash Cond: (mc.movie_id = t.id)
  ->  Seq Scan on movie_companies mc  (cost=0.00..57926.93 rows=810518 width=4) (actual time=151.154..1080.519 rows=600211 loops=1)
        Filter: ((company_id > 3831) AND (company_type_id < 2))
        Rows Removed by Filter: 2008918
  ->  Hash  (cost=67604.59..67604.59 rows=102321 width=4) (actual time=1035.738..1035.738 rows=100537 loops=1)
        Buckets: 131072  Batches: 2  Memory Usage: 2797kB
        ->  Seq Scan on title t  (cost=0.00..67604.59 rows=102321 width=4) (actual time=0.029..1001.747 rows=100537 loops=1)
              Filter: (kind_id = 3)
              Rows Removed by Filter: 2427775
Planning time: 0.802 ms
Execution time: 2345.997 ms
