Seq Scan on movie_keyword mk  (cost=0.00..81003.12 rows=3843357 width=0) (actual time=0.016..1553.855 rows=3836617 loops=1)
  Filter: (keyword_id < 27410)
  Rows Removed by Filter: 687313
Planning time: 0.353 ms
Execution time: 2023.792 ms
