Hash Join  (cost=354943.13..1137918.06 rows=23232829 width=0) (actual time=8320.759..67233.915 rows=205774690 loops=1)
  Hash Cond: (mi.movie_id = t.id)
  ->  Seq Scan on movie_info mi  (cost=0.00..309384.22 rows=14739122 width=4) (actual time=0.019..6194.361 rows=14835720 loops=1)
  ->  Hash  (cost=289553.63..289553.63 rows=3985640 width=8) (actual time=8319.047..8319.047 rows=3993295 loops=1)
        Buckets: 131072  Batches: 64  Memory Usage: 3562kB
        ->  Hash Join  (cost=102767.86..289553.63 rows=3985640 width=8) (actual time=1876.130..7131.945 rows=3993295 loops=1)
              Hash Cond: (mk.movie_id = t.id)
              ->  Seq Scan on movie_keyword mk  (cost=0.00..81003.12 rows=3985640 width=4) (actual time=0.022..1822.198 rows=3993295 loops=1)
                    Filter: (keyword_id < 34372)
                    Rows Removed by Filter: 530635
              ->  Hash  (cost=61283.27..61283.27 rows=2528527 width=4) (actual time=1873.956..1873.956 rows=2528312 loops=1)
                    Buckets: 131072  Batches: 64  Memory Usage: 2425kB
                    ->  Seq Scan on title t  (cost=0.00..61283.27 rows=2528527 width=4) (actual time=0.014..1001.650 rows=2528312 loops=1)
Planning time: 0.727 ms
Execution time: 89749.479 ms
