Seq Scan on movie_companies mc  (cost=0.00..51404.11 rows=87909 width=0) (actual time=309.803..546.414 rows=88039 loops=1)
  Filter: (company_id > 164919)
  Rows Removed by Filter: 2521090
Planning time: 0.347 ms
Execution time: 552.870 ms
