Seq Scan on movie_keyword mk  (cost=0.00..81003.12 rows=1591341 width=0) (actual time=0.022..1287.746 rows=1598610 loops=1)
  Filter: (keyword_id < 2468)
  Rows Removed by Filter: 2925320
Planning time: 0.293 ms
Execution time: 1486.503 ms
