Seq Scan on movie_keyword mk  (cost=0.00..81003.12 rows=246 width=0) (actual time=2.107..1275.231 rows=606 loops=1)
  Filter: (keyword_id = 6141)
  Rows Removed by Filter: 4523324
Planning time: 0.386 ms
Execution time: 1275.579 ms
