Seq Scan on movie_companies mc  (cost=0.00..57926.93 rows=1109 width=0) (actual time=39.255..845.807 rows=4 loops=1)
  Filter: ((company_id = 6893) AND (company_type_id = 1))
  Rows Removed by Filter: 2609125
Planning time: 0.394 ms
Execution time: 845.895 ms
