Seq Scan on movie_keyword mk  (cost=0.00..81003.12 rows=246 width=0) (actual time=0.205..1274.730 rows=536 loops=1)
  Filter: (keyword_id = 1759)
  Rows Removed by Filter: 4523394
Planning time: 0.349 ms
Execution time: 1275.077 ms
