Hash Join  (cost=452910.04..578647.91 rows=306583 width=0) (actual time=7980.066..11314.975 rows=651006 loops=1)
  Hash Cond: (mk.movie_id = t.id)
  ->  Seq Scan on movie_keyword mk  (cost=0.00..69693.30 rows=4523930 width=4) (actual time=0.014..1448.467 rows=4523930 loops=1)
  ->  Hash  (cost=450098.09..450098.09 rows=171356 width=8) (actual time=7976.576..7976.576 rows=313489 loops=1)
        Buckets: 131072 (originally 131072)  Batches: 8 (originally 4)  Memory Usage: 3073kB
        ->  Hash Join  (cost=77354.40..450098.09 rows=171356 width=8) (actual time=1233.712..7865.541 rows=313489 loops=1)
              Hash Cond: (mi.movie_id = t.id)
              ->  Seq Scan on movie_info mi  (cost=0.00..346232.03 rows=2073893 width=4) (actual time=8.270..5591.429 rows=2091068 loops=1)
                    Filter: (info_type_id < 3)
                    Rows Removed by Filter: 12744652
              ->  Hash  (cost=73925.90..73925.90 rows=208920 width=4) (actual time=1224.814..1224.814 rows=183835 loops=1)
                    Buckets: 131072  Batches: 4  Memory Usage: 2655kB
                    ->  Seq Scan on title t  (cost=0.00..73925.90 rows=208920 width=4) (actual time=0.008..1159.949 rows=183835 loops=1)
                          Filter: ((kind_id < 7) AND (production_year > 2009))
                          Rows Removed by Filter: 2344477
Planning time: 1.156 ms
Execution time: 11387.557 ms
