Seq Scan on movie_companies mc  (cost=0.00..51404.11 rows=2696 width=0) (actual time=0.122..826.777 rows=2760 loops=1)
  Filter: (company_id = 31)
  Rows Removed by Filter: 2606369
Planning time: 0.400 ms
Execution time: 827.359 ms
