Seq Scan on movie_keyword mk  (cost=0.00..81003.12 rows=246 width=0) (actual time=184.310..1263.908 rows=17 loops=1)
  Filter: (keyword_id = 48264)
  Rows Removed by Filter: 4523913
Planning time: 0.338 ms
Execution time: 1264.007 ms
