Seq Scan on movie_companies mc  (cost=0.00..57926.93 rows=51 width=0) (actual time=518.855..935.439 rows=1047 loops=1)
  Filter: ((company_type_id < 2) AND (company_id = 11145))
  Rows Removed by Filter: 2608082
Planning time: 0.264 ms
Execution time: 935.734 ms
