Hash Join  (cost=121363.92..872474.58 rows=32145 width=0) (actual time=1288.961..17003.179 rows=25015 loops=1)
  Hash Cond: (ci.movie_id = t.id)
  ->  Seq Scan on cast_info ci  (cost=0.00..614943.12 rows=36225612 width=4) (actual time=0.006..8725.850 rows=36244344 loops=1)
  ->  Hash  (cost=121335.87..121335.87 rows=2244 width=8) (actual time=1286.855..1286.855 rows=841 loops=1)
        Buckets: 4096  Batches: 1  Memory Usage: 65kB
        ->  Nested Loop  (cost=0.43..121335.87 rows=2244 width=8) (actual time=578.462..1286.377 rows=841 loops=1)
              ->  Seq Scan on movie_keyword mk  (cost=0.00..81003.12 rows=5580 width=4) (actual time=0.497..1157.733 rows=4889 loops=1)
                    Filter: (keyword_id = 1962)
                    Rows Removed by Filter: 4519041
              ->  Index Scan using title_pkey on title t  (cost=0.43..7.22 rows=1 width=4) (actual time=0.025..0.026 rows=0 loops=4889)
                    Index Cond: (id = mk.movie_id)
                    Filter: ((production_year < 2008) AND (kind_id = 7))
                    Rows Removed by Filter: 1
Planning time: 2.426 ms
Execution time: 17008.986 ms
