Hash Join  (cost=73931.68..160597.99 rows=827 width=0) (actual time=1217.812..2895.506 rows=45 loops=1)
  Hash Cond: (mk.movie_id = t.id)
  ->  Seq Scan on movie_keyword mk  (cost=0.00..69693.30 rows=4523930 width=4) (actual time=0.016..1018.593 rows=4523930 loops=1)
  ->  Hash  (cost=73925.90..73925.90 rows=462 width=4) (actual time=1097.631..1097.631 rows=212 loops=1)
        Buckets: 1024  Batches: 1  Memory Usage: 16kB
        ->  Seq Scan on title t  (cost=0.00..73925.90 rows=462 width=4) (actual time=1.210..1097.373 rows=212 loops=1)
              Filter: ((kind_id > 2) AND (production_year > 2013))
              Rows Removed by Filter: 2528100
Planning time: 0.532 ms
Execution time: 2895.597 ms
