Hash Join  (cost=155775.70..1213158.64 rows=2295377 width=0) (actual time=3180.403..30228.257 rows=34888 loops=1)
  Hash Cond: (ci.movie_id = t.id)
  ->  Seq Scan on cast_info ci  (cost=0.00..614943.12 rows=36225612 width=4) (actual time=0.023..13497.297 rows=36244344 loops=1)
  ->  Hash  (cost=153147.00..153147.00 rows=160216 width=8) (actual time=3157.711..3157.711 rows=1661 loops=1)
        Buckets: 131072  Batches: 4  Memory Usage: 1042kB
        ->  Hash Join  (cost=82955.72..153147.00 rows=160216 width=8) (actual time=2114.665..3156.079 rows=1661 loops=1)
              Hash Cond: (mc.movie_id = t.id)
              ->  Seq Scan on movie_companies mc  (cost=0.00..57926.93 rows=736050 width=4) (actual time=367.406..1096.220 rows=521248 loops=1)
                    Filter: ((company_id > 7575) AND (company_type_id < 2))
                    Rows Removed by Filter: 2087881
              ->  Hash  (cost=73925.90..73925.90 rows=550385 width=4) (actual time=1746.283..1746.283 rows=602403 loops=1)
                    Buckets: 131072  Batches: 8  Memory Usage: 3672kB
                    ->  Seq Scan on title t  (cost=0.00..73925.90 rows=550385 width=4) (actual time=0.029..1270.822 rows=602403 loops=1)
                          Filter: ((production_year > 2006) AND (kind_id = 7))
                          Rows Removed by Filter: 1925909
Planning time: 5.673 ms
Execution time: 30235.980 ms
