Hash Join  (cost=102767.86..284073.66 rows=3757826 width=0) (actual time=1905.506..6786.344 rows=3750168 loops=1)
  Hash Cond: (mk.movie_id = t.id)
  ->  Seq Scan on movie_keyword mk  (cost=0.00..81003.12 rows=3757826 width=4) (actual time=0.025..1744.888 rows=3750168 loops=1)
        Filter: (keyword_id < 24358)
        Rows Removed by Filter: 773762
  ->  Hash  (cost=61283.27..61283.27 rows=2528527 width=4) (actual time=1902.790..1902.790 rows=2528312 loops=1)
        Buckets: 131072  Batches: 64  Memory Usage: 2425kB
        ->  Seq Scan on title t  (cost=0.00..61283.27 rows=2528527 width=4) (actual time=0.028..1031.767 rows=2528312 loops=1)
Planning time: 0.779 ms
Execution time: 7221.901 ms
