Hash Join  (cost=94420.17..194347.76 rows=461926 width=134) (actual time=2369.785..4884.969 rows=905690 loops=1)
  Hash Cond: (mc.movie_id = t.id)
  ->  Seq Scan on movie_companies mc  (cost=0.00..57926.93 rows=1182505 width=40) (actual time=283.829..1492.892 rows=1270636 loops=1)
        Filter: ((company_id > 152) AND (company_type_id > 1))
        Rows Removed by Filter: 1338493
  ->  Hash  (cost=67604.59..67604.59 rows=987727 width=94) (actual time=2085.130..2085.130 rows=985048 loops=1)
        Buckets: 32768  Batches: 64  Memory Usage: 1938kB
        ->  Seq Scan on title t  (cost=0.00..67604.59 rows=987727 width=94) (actual time=0.028..1665.790 rows=985048 loops=1)
              Filter: (kind_id < 7)
              Rows Removed by Filter: 1543264
Planning time: 0.996 ms
Execution time: 4933.793 ms
