Hash Join  (cost=893139.53..1381148.33 rows=768688 width=0) (actual time=14127.266..25446.893 rows=1056467 loops=1)
  Hash Cond: (mi.movie_id = t.id)
  ->  Seq Scan on movie_info mi  (cost=0.00..309384.22 rows=14739122 width=4) (actual time=0.021..5798.997 rows=14835720 loops=1)
  ->  Hash  (cost=890975.15..890975.15 rows=131870 width=8) (actual time=14126.501..14126.501 rows=105439 loops=1)
        Buckets: 131072  Batches: 2  Memory Usage: 3082kB
        ->  Hash Join  (cost=85777.42..890975.15 rows=131870 width=8) (actual time=11340.102..14090.865 rows=105439 loops=1)
              Hash Cond: (ci.movie_id = t.id)
              ->  Seq Scan on cast_info ci  (cost=0.00..796071.18 rows=301026 width=4) (actual time=9056.657..11477.350 rows=205917 loops=1)
                    Filter: ((person_id < 257762) AND (role_id = 3))
                    Rows Removed by Filter: 36038427
              ->  Hash  (cost=67604.59..67604.59 rows=1107667 width=4) (actual time=2282.628..2282.628 rows=1107925 loops=1)
                    Buckets: 131072  Batches: 16  Memory Usage: 3460kB
                    ->  Seq Scan on title t  (cost=0.00..67604.59 rows=1107667 width=4) (actual time=0.012..1337.436 rows=1107925 loops=1)
                          Filter: (production_year > 2004)
                          Rows Removed by Filter: 1420387
Planning time: 1.186 ms
Execution time: 25577.132 ms
