Seq Scan on cast_info ci  (cost=0.00..796071.18 rows=141009 width=0) (actual time=6549.127..12931.457 rows=56383 loops=1)
  Filter: ((person_id < 1429285) AND (role_id > 10))
  Rows Removed by Filter: 36187961
Planning time: 0.252 ms
Execution time: 12938.527 ms
