Hash Join  (cost=94206.67..131864.39 rows=227116 width=0) (actual time=1903.423..2908.801 rows=176454 loops=1)
  Hash Cond: (mi_idx.movie_id = t.id)
  ->  Seq Scan on movie_info_idx mi_idx  (cost=0.00..25185.44 rows=464566 width=4) (actual time=0.010..539.249 rows=459925 loops=1)
        Filter: (info_type_id = 101)
        Rows Removed by Filter: 920110
  ->  Hash  (cost=73925.90..73925.90 rows=1236141 width=4) (actual time=1897.762..1897.762 rows=1353520 loops=1)
        Buckets: 131072  Batches: 32  Memory Usage: 2519kB
        ->  Seq Scan on title t  (cost=0.00..73925.90 rows=1236141 width=4) (actual time=0.018..1452.693 rows=1353520 loops=1)
              Filter: ((kind_id > 1) AND (production_year > 1993))
              Rows Removed by Filter: 1174792
Planning time: 0.544 ms
Execution time: 2926.941 ms
