Hash Join  (cost=81466.28..155875.39 rows=199463 width=0) (actual time=1396.360..3094.561 rows=341820 loops=1)
  Hash Cond: (mc.movie_id = t.id)
  ->  Seq Scan on movie_companies mc  (cost=0.00..57926.93 rows=1097479 width=4) (actual time=0.018..1132.431 rows=876279 loops=1)
        Filter: ((company_id < 76675) AND (company_type_id = 2))
        Rows Removed by Filter: 1732850
  ->  Hash  (cost=73925.90..73925.90 rows=459550 width=4) (actual time=1395.669..1395.669 rows=547302 loops=1)
        Buckets: 131072  Batches: 8  Memory Usage: 3441kB
        ->  Seq Scan on title t  (cost=0.00..73925.90 rows=459550 width=4) (actual time=0.022..1221.018 rows=547302 loops=1)
              Filter: ((kind_id < 4) AND (production_year < 2005))
              Rows Removed by Filter: 1981010
Planning time: 0.802 ms
Execution time: 3127.096 ms
