Seq Scan on movie_companies mc  (cost=0.00..57926.93 rows=1077373 width=0) (actual time=133.739..834.527 rows=1203149 loops=1)
  Filter: ((company_id > 428) AND (company_type_id > 1))
  Rows Removed by Filter: 1405980
Planning time: 0.248 ms
Execution time: 968.317 ms
