Hash Join  (cost=489816.72..631657.57 rows=1628281 width=0) (actual time=9139.189..13295.914 rows=3119885 loops=1)
  Hash Cond: (mk.movie_id = t.id)
  ->  Seq Scan on movie_keyword mk  (cost=0.00..69693.30 rows=4523930 width=4) (actual time=0.021..1389.698 rows=4523930 loops=1)
  ->  Hash  (cost=474884.68..474884.68 rows=910083 width=8) (actual time=9138.456..9138.456 rows=797073 loops=1)
        Buckets: 131072  Batches: 16  Memory Usage: 2967kB
        ->  Hash Join  (cost=95609.14..474884.68 rows=910083 width=8) (actual time=4753.363..8887.653 rows=797073 loops=1)
              Hash Cond: (mi.movie_id = t.id)
              ->  Seq Scan on movie_info mi  (cost=0.00..346232.03 rows=1348138 width=4) (actual time=2619.857..5518.256 rows=1298989 loops=1)
                    Filter: (info_type_id = 4)
                    Rows Removed by Filter: 13536731
              ->  Hash  (cost=67604.59..67604.59 rows=1706924 width=4) (actual time=2132.602..2132.602 rows=1700316 loops=1)
                    Buckets: 131072  Batches: 32  Memory Usage: 2903kB
                    ->  Seq Scan on title t  (cost=0.00..67604.59 rows=1706924 width=4) (actual time=0.030..1338.667 rows=1700316 loops=1)
                          Filter: (production_year > 1992)
                          Rows Removed by Filter: 827996
Planning time: 1.181 ms
Execution time: 13656.404 ms
