Seq Scan on movie_companies mc  (cost=0.00..51404.11 rows=273331 width=0) (actual time=0.024..842.319 rows=274676 loops=1)
  Filter: (company_id > 96660)
  Rows Removed by Filter: 2334453
Planning time: 0.353 ms
Execution time: 875.140 ms
