Hash Join  (cost=73982.55..874890.99 rows=2301 width=0) (actual time=6797.261..12318.810 rows=8305 loops=1)
  Hash Cond: (ci.movie_id = t.id)
  ->  Seq Scan on cast_info ci  (cost=0.00..796071.18 rows=1283800 width=4) (actual time=6131.447..11205.136 rows=2549144 loops=1)
        Filter: ((person_id < 339073) AND (role_id = 1))
        Rows Removed by Filter: 33695200
  ->  Hash  (cost=73925.90..73925.90 rows=4532 width=4) (actual time=665.372..665.372 rows=6454 loops=1)
        Buckets: 8192  Batches: 1  Memory Usage: 291kB
        ->  Seq Scan on title t  (cost=0.00..73925.90 rows=4532 width=4) (actual time=0.338..663.252 rows=6454 loops=1)
              Filter: ((kind_id = 7) AND (production_year = 1964))
              Rows Removed by Filter: 2521858
Planning time: 3.547 ms
Execution time: 12320.266 ms
