Hash Join  (cost=501185.73..650308.97 rows=2226020 width=0) (actual time=9232.387..21171.471 rows=40913615 loops=1)
  Hash Cond: (mk.movie_id = t.id)
  ->  Seq Scan on movie_keyword mk  (cost=0.00..69693.30 rows=4523930 width=4) (actual time=0.016..1554.854 rows=4523930 loops=1)
  ->  Hash  (cost=480772.57..480772.57 rows=1244173 width=8) (actual time=9228.578..9228.578 rows=1137133 loops=1)
        Buckets: 131072  Batches: 32  Memory Usage: 2432kB
        ->  Hash Join  (cost=91123.00..480772.57 rows=1244173 width=8) (actual time=1976.608..8908.031 rows=1137133 loops=1)
              Hash Cond: (mi.movie_id = t.id)
              ->  Seq Scan on movie_info mi  (cost=0.00..346232.03 rows=2194617 width=4) (actual time=256.286..5562.036 rows=2233850 loops=1)
                    Filter: (info_type_id > 16)
                    Rows Removed by Filter: 12601870
              ->  Hash  (cost=67604.59..67604.59 rows=1433473 width=4) (actual time=1719.488..1719.488 rows=1434466 loops=1)
                    Buckets: 131072  Batches: 32  Memory Usage: 2607kB
                    ->  Seq Scan on title t  (cost=0.00..67604.59 rows=1433473 width=4) (actual time=0.026..1229.363 rows=1434466 loops=1)
                          Filter: (production_year > 1999)
                          Rows Removed by Filter: 1093846
Planning time: 1.110 ms
Execution time: 25477.010 ms
