Hash Join  (cost=137413.28..209711.01 rows=116347 width=0) (actual time=3435.739..4647.124 rows=87172 loops=1)
  Hash Cond: (mc.movie_id = t.id)
  ->  Seq Scan on movie_companies mc  (cost=0.00..57926.93 rows=1047286 width=4) (actual time=0.014..1109.687 rows=776403 loops=1)
        Filter: ((company_id < 71670) AND (company_type_id = 2))
        Rows Removed by Filter: 1832726
  ->  Hash  (cost=132803.96..132803.96 rows=280905 width=8) (actual time=2651.608..2651.608 rows=141906 loops=1)
        Buckets: 131072  Batches: 4  Memory Usage: 2407kB
        ->  Hash Join  (cost=92883.59..132803.96 rows=280905 width=8) (actual time=1969.861..2603.804 rows=141906 loops=1)
              Hash Cond: (mi_idx.movie_id = t.id)
              ->  Seq Scan on movie_info_idx mi_idx  (cost=0.00..25185.44 rows=460978 width=4) (actual time=0.016..499.239 rows=459925 loops=1)
                    Filter: (info_type_id < 100)
                    Rows Removed by Filter: 920110
              ->  Hash  (cost=67604.59..67604.59 rows=1540800 width=4) (actual time=1576.664..1576.664 rows=1543264 loops=1)
                    Buckets: 131072  Batches: 32  Memory Usage: 2722kB
                    ->  Seq Scan on title t  (cost=0.00..67604.59 rows=1540800 width=4) (actual time=349.841..1105.387 rows=1543264 loops=1)
                          Filter: (kind_id = 7)
                          Rows Removed by Filter: 985048
Planning time: 0.744 ms
Execution time: 4658.633 ms
