Hash Join  (cost=961607.89..1112098.09 rows=2338216 width=0) (actual time=20541.040..33732.682 rows=41427563 loops=1)
  Hash Cond: (mk.movie_id = t.id)
  ->  Seq Scan on movie_keyword mk  (cost=0.00..69693.30 rows=4523930 width=4) (actual time=0.017..1501.536 rows=4523930 loops=1)
  ->  Hash  (cost=940165.87..940165.87 rows=1306882 width=8) (actual time=20539.167..20539.167 rows=4733027 loops=1)
        Buckets: 131072 (originally 131072)  Batches: 64 (originally 32)  Memory Usage: 3942kB
        ->  Hash Join  (cost=102767.86..940165.87 rows=1306882 width=8) (actual time=8714.479..19152.810 rows=4733027 loops=1)
              Hash Cond: (ci.movie_id = t.id)
              ->  Seq Scan on cast_info ci  (cost=0.00..796071.18 rows=1306882 width=4) (actual time=6729.438..12628.932 rows=4733027 loops=1)
                    Filter: ((person_id > 3164809) AND (role_id > 4))
                    Rows Removed by Filter: 31511317
              ->  Hash  (cost=61283.27..61283.27 rows=2528527 width=4) (actual time=1984.359..1984.359 rows=2528312 loops=1)
                    Buckets: 131072  Batches: 64  Memory Usage: 2415kB
                    ->  Seq Scan on title t  (cost=0.00..61283.27 rows=2528527 width=4) (actual time=0.006..1153.257 rows=2528312 loops=1)
Planning time: 0.991 ms
Execution time: 38027.510 ms
