Hash Join  (cost=680834.94..2157019.00 rows=32221090 width=0) (actual time=22344.126..51259.796 rows=22703464 loops=1)
  Hash Cond: (ci.movie_id = t.id)
  ->  Seq Scan on cast_info ci  (cost=0.00..796071.18 rows=19160092 width=4) (actual time=6738.694..18946.559 rows=20122661 loops=1)
        Filter: ((person_id < 3750759) AND (role_id < 3))
        Rows Removed by Filter: 16121683
  ->  Hash  (cost=611071.85..611071.85 rows=4252167 width=8) (actual time=15603.388..15603.388 rows=2152654 loops=1)
        Buckets: 131072  Batches: 64  Memory Usage: 2295kB
        ->  Hash Join  (cost=85894.26..611071.85 rows=4252167 width=8) (actual time=1515.422..14977.656 rows=2152654 loops=1)
              Hash Cond: (mi.movie_id = t.id)
              ->  Seq Scan on movie_info mi  (cost=0.00..309384.22 rows=14739122 width=4) (actual time=0.030..5898.263 rows=14835720 loops=1)
              ->  Hash  (cost=73925.90..73925.90 rows=729468 width=4) (actual time=1514.553..1514.553 rows=638430 loops=1)
                    Buckets: 131072  Batches: 16  Memory Usage: 2431kB
                    ->  Seq Scan on title t  (cost=0.00..73925.90 rows=729468 width=4) (actual time=0.025..1298.664 rows=638430 loops=1)
                          Filter: ((production_year < 2003) AND (kind_id = 7))
                          Rows Removed by Filter: 1889882
Planning time: 1.235 ms
Execution time: 53919.858 ms
