Hash Join  (cost=80609.54..910981.15 rows=399973 width=0) (actual time=1967.715..13390.136 rows=309470 loops=1)
  Hash Cond: (ci.movie_id = t.id)
  ->  Seq Scan on cast_info ci  (cost=0.00..796071.18 rows=2482853 width=4) (actual time=739.291..11262.132 rows=1515581 loops=1)
        Filter: ((person_id < 528075) AND (role_id > 2))
        Rows Removed by Filter: 34728763
  ->  Hash  (cost=73925.90..73925.90 rows=407331 width=4) (actual time=1227.289..1227.289 rows=510138 loops=1)
        Buckets: 131072  Batches: 8  Memory Usage: 3279kB
        ->  Seq Scan on title t  (cost=0.00..73925.90 rows=407331 width=4) (actual time=0.018..1067.995 rows=510138 loops=1)
              Filter: ((kind_id < 4) AND (production_year < 2003))
              Rows Removed by Filter: 2018174
Planning time: 0.816 ms
Execution time: 13430.017 ms
