Hash Join  (cost=102767.86..919457.10 rows=446281 width=0) (actual time=3495.575..14428.301 rows=299487 loops=1)
  Hash Cond: (ci.movie_id = t.id)
  ->  Seq Scan on cast_info ci  (cost=0.00..796071.18 rows=446281 width=4) (actual time=1620.240..11929.381 rows=299487 loops=1)
        Filter: ((person_id < 375721) AND (role_id = 3))
        Rows Removed by Filter: 35944857
  ->  Hash  (cost=61283.27..61283.27 rows=2528527 width=4) (actual time=1874.058..1874.058 rows=2528312 loops=1)
        Buckets: 131072  Batches: 64  Memory Usage: 2415kB
        ->  Seq Scan on title t  (cost=0.00..61283.27 rows=2528527 width=4) (actual time=0.025..1056.403 rows=2528312 loops=1)
Planning time: 0.515 ms
Execution time: 14461.924 ms
