Hash Join  (cost=83074.51..447737.96 rows=750 width=0) (actual time=1463.569..8231.138 rows=9083 loops=1)
  Hash Cond: (mi.movie_id = t.id)
  ->  Seq Scan on movie_info mi  (cost=0.00..309384.22 rows=14739122 width=4) (actual time=0.019..4036.430 rows=14835720 loops=1)
  ->  Hash  (cost=83072.90..83072.90 rows=129 width=8) (actual time=1457.353..1457.353 rows=558 loops=1)
        Buckets: 1024  Batches: 1  Memory Usage: 30kB
        ->  Nested Loop  (cost=0.43..83072.90 rows=129 width=8) (actual time=1.174..1456.870 rows=558 loops=1)
              ->  Seq Scan on movie_keyword mk  (cost=0.00..81003.12 rows=246 width=4) (actual time=0.519..1359.327 rows=2535 loops=1)
                    Filter: (keyword_id = 1078)
                    Rows Removed by Filter: 4521395
              ->  Index Scan using title_pkey on title t  (cost=0.43..8.40 rows=1 width=4) (actual time=0.037..0.038 rows=0 loops=2535)
                    Index Cond: (id = mk.movie_id)
                    Filter: ((kind_id > 1) AND (production_year < 2009))
                    Rows Removed by Filter: 1
Planning time: 2.063 ms
Execution time: 8233.183 ms
