Hash Join  (cost=102767.86..1230617.12 rows=13377605 width=0) (actual time=4390.195..31301.731 rows=14384463 loops=1)
  Hash Cond: (ci.movie_id = t.id)
  ->  Seq Scan on cast_info ci  (cost=0.00..796071.18 rows=13377605 width=4) (actual time=2458.599..17305.681 rows=14384463 loops=1)
        Filter: ((person_id > 598675) AND (role_id > 2))
        Rows Removed by Filter: 21859881
  ->  Hash  (cost=61283.27..61283.27 rows=2528527 width=4) (actual time=1930.386..1930.386 rows=2528312 loops=1)
        Buckets: 131072  Batches: 64  Memory Usage: 2415kB
        ->  Seq Scan on title t  (cost=0.00..61283.27 rows=2528527 width=4) (actual time=0.021..1046.790 rows=2528312 loops=1)
Planning time: 0.807 ms
Execution time: 32970.389 ms
