Seq Scan on cast_info ci  (cost=0.00..796071.18 rows=10429469 width=0) (actual time=2208.510..13686.876 rows=7693880 loops=1)
  Filter: ((person_id > 1703224) AND (role_id < 3))
  Rows Removed by Filter: 28550464
Planning time: 0.370 ms
Execution time: 14597.842 ms
