Hash Join  (cost=342457.75..1106242.76 rows=21434337 width=0) (actual time=7882.345..63666.076 rows=188107653 loops=1)
  Hash Cond: (mi.movie_id = t.id)
  ->  Seq Scan on movie_info mi  (cost=0.00..309384.22 rows=14739122 width=4) (actual time=0.015..6392.931 rows=14835720 loops=1)
  ->  Hash  (cost=282129.94..282129.94 rows=3677105 width=8) (actual time=7880.913..7880.913 rows=3670275 loops=1)
        Buckets: 131072  Batches: 64  Memory Usage: 3372kB
        ->  Hash Join  (cost=102767.86..282129.94 rows=3677105 width=8) (actual time=1933.475..6766.033 rows=3670275 loops=1)
              Hash Cond: (mk.movie_id = t.id)
              ->  Seq Scan on movie_keyword mk  (cost=0.00..81003.12 rows=3677105 width=4) (actual time=0.026..1656.049 rows=3670275 loops=1)
                    Filter: (keyword_id < 21534)
                    Rows Removed by Filter: 853655
              ->  Hash  (cost=61283.27..61283.27 rows=2528527 width=4) (actual time=1931.491..1931.491 rows=2528312 loops=1)
                    Buckets: 131072  Batches: 64  Memory Usage: 2425kB
                    ->  Seq Scan on title t  (cost=0.00..61283.27 rows=2528527 width=4) (actual time=0.009..1062.650 rows=2528312 loops=1)
Planning time: 1.111 ms
Execution time: 83575.370 ms
