Hash Join  (cost=79462.84..950418.79 rows=1698308 width=0) (actual time=8067.370..22971.320 rows=1175647 loops=1)
  Hash Cond: (ci.movie_id = t.id)
  ->  Seq Scan on cast_info ci  (cost=0.00..705507.15 rows=12726058 width=4) (actual time=6116.273..14493.635 rows=12670688 loops=1)
        Filter: (role_id = 1)
        Rows Removed by Filter: 23573656
  ->  Hash  (cost=73925.90..73925.90 rows=337435 width=4) (actual time=1950.107..1950.107 rows=225506 loops=1)
        Buckets: 131072  Batches: 8  Memory Usage: 2004kB
        ->  Seq Scan on title t  (cost=0.00..73925.90 rows=337435 width=4) (actual time=0.026..1216.443 rows=225506 loops=1)
              Filter: ((production_year < 1983) AND (kind_id = 7))
              Rows Removed by Filter: 2302806
Planning time: 0.796 ms
Execution time: 23125.526 ms
