Hash Join  (cost=81598.21..215386.23 rows=702644 width=0) (actual time=1412.458..5786.821 rows=2073126 loops=1)
  Hash Cond: (mk.movie_id = t.id)
  ->  Seq Scan on movie_keyword mk  (cost=0.00..81003.12 rows=3799322 width=4) (actual time=0.025..1632.701 rows=3805143 loops=1)
        Filter: (keyword_id > 634)
        Rows Removed by Filter: 718787
  ->  Hash  (cost=73925.90..73925.90 rows=467624 width=4) (actual time=1411.572..1411.572 rows=557493 loops=1)
        Buckets: 131072  Batches: 8  Memory Usage: 3493kB
        ->  Seq Scan on title t  (cost=0.00..73925.90 rows=467624 width=4) (actual time=0.020..1235.444 rows=557493 loops=1)
              Filter: ((kind_id < 7) AND (production_year < 2003))
              Rows Removed by Filter: 1970819
Planning time: 0.980 ms
Execution time: 6024.221 ms
