Hash Join  (cost=74093.07..826798.15 rows=191592 width=0) (actual time=733.247..17933.478 rows=152162 loops=1)
  Hash Cond: (ci.movie_id = t.id)
  ->  Seq Scan on cast_info ci  (cost=0.00..614943.12 rows=36225612 width=4) (actual time=0.022..8947.825 rows=36244344 loops=1)
  ->  Hash  (cost=73925.90..73925.90 rows=13373 width=4) (actual time=732.258..732.258 rows=7578 loops=1)
        Buckets: 16384  Batches: 1  Memory Usage: 395kB
        ->  Seq Scan on title t  (cost=0.00..73925.90 rows=13373 width=4) (actual time=0.039..728.655 rows=7578 loops=1)
              Filter: ((kind_id < 2) AND (production_year = 1999))
              Rows Removed by Filter: 2520734
Planning time: 0.735 ms
Execution time: 17962.448 ms
