Seq Scan on cast_info ci  (cost=0.00..705507.15 rows=15281043 width=0) (actual time=0.023..11942.993 rows=15160895 loops=1)
  Filter: (person_id < 1495058)
  Rows Removed by Filter: 21083449
Planning time: 0.252 ms
Execution time: 13823.440 ms
