Hash Join  (cost=86534.07..121453.22 rows=140105 width=0) (actual time=1534.230..2431.800 rows=67492 loops=1)
  Hash Cond: (mi_idx.movie_id = t.id)
  ->  Seq Scan on movie_info_idx mi_idx  (cost=0.00..25185.44 rows=460978 width=4) (actual time=0.022..493.311 rows=459925 loops=1)
        Filter: (info_type_id < 100)
        Rows Removed by Filter: 920110
  ->  Hash  (cost=73925.90..73925.90 rows=768493 width=4) (actual time=1533.319..1533.319 rows=840010 loops=1)
        Buckets: 131072  Batches: 16  Memory Usage: 2877kB
        ->  Seq Scan on title t  (cost=0.00..73925.90 rows=768493 width=4) (actual time=0.020..1266.272 rows=840010 loops=1)
              Filter: ((production_year > 2002) AND (kind_id = 7))
              Rows Removed by Filter: 1688302
Planning time: 1.712 ms
Execution time: 2440.617 ms
