Hash Join  (cost=102767.86..1636003.16 rows=33988563 width=0) (actual time=1880.880..48802.728 rows=33968136 loops=1)
  Hash Cond: (ci.movie_id = t.id)
  ->  Seq Scan on cast_info ci  (cost=0.00..705507.15 rows=33988563 width=4) (actual time=0.017..16698.828 rows=33968136 loops=1)
        Filter: (person_id < 3617093)
        Rows Removed by Filter: 2276208
  ->  Hash  (cost=61283.27..61283.27 rows=2528527 width=4) (actual time=1880.052..1880.052 rows=2528312 loops=1)
        Buckets: 131072  Batches: 64  Memory Usage: 2415kB
        ->  Seq Scan on title t  (cost=0.00..61283.27 rows=2528527 width=4) (actual time=0.027..1043.722 rows=2528312 loops=1)
Planning time: 0.679 ms
Execution time: 52447.366 ms
