Seq Scan on movie_keyword mk  (cost=0.00..81003.12 rows=246 width=0) (actual time=438.385..1189.559 rows=5 loops=1)
  Filter: (keyword_id = 57954)
  Rows Removed by Filter: 4523925
Planning time: 0.329 ms
Execution time: 1189.659 ms
