Hash Join  (cost=84197.31..218339.00 rows=1264140 width=0) (actual time=1485.973..4502.051 rows=853239 loops=1)
  Hash Cond: (mk.movie_id = t.id)
  ->  Seq Scan on movie_keyword mk  (cost=0.00..81003.12 rows=3160577 width=4) (actual time=0.019..1535.352 rows=3143530 loops=1)
        Filter: (keyword_id < 12097)
        Rows Removed by Filter: 1380400
  ->  Hash  (cost=67604.59..67604.59 rows=1011338 width=4) (actual time=1484.596..1484.596 rows=1012920 loops=1)
        Buckets: 131072  Batches: 16  Memory Usage: 3257kB
        ->  Seq Scan on title t  (cost=0.00..67604.59 rows=1011338 width=4) (actual time=0.021..1143.332 rows=1012920 loops=1)
              Filter: (production_year > 2005)
              Rows Removed by Filter: 1515392
Planning time: 0.657 ms
Execution time: 4573.104 ms
