Hash Join  (cost=156649.15..286075.39 rows=639467 width=0) (actual time=3338.422..7115.694 rows=2739463 loops=1)
  Hash Cond: (mk.movie_id = t.id)
  ->  Seq Scan on movie_keyword mk  (cost=0.00..81003.12 rows=3477720 width=4) (actual time=0.022..1679.926 rows=3475695 loops=1)
        Filter: (keyword_id > 1044)
        Rows Removed by Filter: 1048235
  ->  Hash  (cost=149020.47..149020.47 rows=464934 width=8) (actual time=3337.338..3337.338 rows=460185 loops=1)
        Buckets: 131072  Batches: 8  Memory Usage: 3286kB
        ->  Hash Join  (cost=102767.86..149020.47 rows=464934 width=8) (actual time=1869.624..3196.295 rows=460185 loops=1)
              Hash Cond: (mi_idx.movie_id = t.id)
              ->  Seq Scan on movie_info_idx mi_idx  (cost=0.00..25185.44 rows=464934 width=4) (actual time=0.025..493.831 rows=460185 loops=1)
                    Filter: (info_type_id > 100)
                    Rows Removed by Filter: 919850
              ->  Hash  (cost=61283.27..61283.27 rows=2528527 width=4) (actual time=1867.679..1867.679 rows=2528312 loops=1)
                    Buckets: 131072  Batches: 64  Memory Usage: 2415kB
                    ->  Seq Scan on title t  (cost=0.00..61283.27 rows=2528527 width=4) (actual time=0.019..1039.243 rows=2528312 loops=1)
Planning time: 1.029 ms
Execution time: 7427.129 ms
