Hash Join  (cost=190230.21..1110289.14 rows=3802941 width=0) (actual time=15833.657..26506.725 rows=7070281 loops=1)
  Hash Cond: (ci.movie_id = t.id)
  ->  Seq Scan on cast_info ci  (cost=0.00..796071.18 rows=6967822 width=4) (actual time=11595.812..16439.962 rows=7451775 loops=1)
        Filter: ((person_id > 156211) AND (role_id = 2))
        Rows Removed by Filter: 28792569
  ->  Hash  (cost=167588.78..167588.78 rows=1380035 width=8) (actual time=4236.856..4236.856 rows=1380035 loops=1)
        Buckets: 131072  Batches: 32  Memory Usage: 2708kB
        ->  Hash Join  (cost=102767.86..167588.78 rows=1380035 width=8) (actual time=2022.719..3885.164 rows=1380035 loops=1)
              Hash Cond: (mi_idx.movie_id = t.id)
              ->  Seq Scan on movie_info_idx mi_idx  (cost=0.00..21735.35 rows=1380035 width=4) (actual time=0.011..457.460 rows=1380035 loops=1)
              ->  Hash  (cost=61283.27..61283.27 rows=2528527 width=4) (actual time=2020.660..2020.660 rows=2528312 loops=1)
                    Buckets: 131072  Batches: 64  Memory Usage: 2415kB
                    ->  Seq Scan on title t  (cost=0.00..61283.27 rows=2528527 width=4) (actual time=0.017..1184.129 rows=2528312 loops=1)
Planning time: 1.103 ms
Execution time: 27323.420 ms
