Hash Join  (cost=94973.51..190645.25 rows=277016 width=0) (actual time=1844.293..3660.853 rows=89760 loops=1)
  Hash Cond: (mk.movie_id = t.id)
  ->  Seq Scan on movie_keyword mk  (cost=0.00..81003.12 rows=419890 width=4) (actual time=0.031..1357.335 rows=411603 loops=1)
        Filter: (keyword_id > 42033)
        Rows Removed by Filter: 4112327
  ->  Hash  (cost=67604.59..67604.59 rows=1668154 width=4) (actual time=1841.426..1841.426 rows=1674098 loops=1)
        Buckets: 131072  Batches: 32  Memory Usage: 2875kB
        ->  Seq Scan on title t  (cost=0.00..67604.59 rows=1668154 width=4) (actual time=0.021..1293.671 rows=1674098 loops=1)
              Filter: (kind_id > 3)
              Rows Removed by Filter: 854214
Planning time: 0.697 ms
Execution time: 3671.062 ms
