Hash Join  (cost=132029.36..631788.86 rows=1869957 width=0) (actual time=2887.809..18643.703 rows=13161664 loops=1)
  Hash Cond: (mi.movie_id = t.id)
  ->  Seq Scan on movie_info mi  (cost=0.00..309384.22 rows=14739122 width=4) (actual time=0.010..6052.154 rows=14835720 loops=1)
  ->  Hash  (cost=126765.42..126765.42 rows=320795 width=8) (actual time=2886.976..2886.976 rows=603038 loops=1)
        Buckets: 131072  Batches: 8  Memory Usage: 3993kB
        ->  Hash Join  (cost=83568.99..126765.42 rows=320795 width=8) (actual time=1393.500..2701.946 rows=603038 loops=1)
              Hash Cond: (mi_idx.movie_id = t.id)
              ->  Seq Scan on movie_info_idx mi_idx  (cost=0.00..21735.35 rows=1380035 width=4) (actual time=0.025..413.629 rows=1380035 loops=1)
              ->  Hash  (cost=73925.90..73925.90 rows=587767 width=4) (actual time=1392.589..1392.589 rows=594730 loops=1)
                    Buckets: 131072  Batches: 8  Memory Usage: 3648kB
                    ->  Seq Scan on title t  (cost=0.00..73925.90 rows=587767 width=4) (actual time=0.028..1210.536 rows=594730 loops=1)
                          Filter: ((kind_id < 2) AND (production_year < 2012))
                          Rows Removed by Filter: 1933582
Planning time: 1.124 ms
Execution time: 20079.981 ms
