Hash Join  (cost=183300.56..1021190.77 rows=372865 width=0) (actual time=15109.358..20492.223 rows=1396546 loops=1)
  Hash Cond: (ci.movie_id = t.id)
  ->  Seq Scan on cast_info ci  (cost=0.00..796071.18 rows=3194502 width=4) (actual time=11346.995..14566.091 rows=4153745 loops=1)
        Filter: ((person_id > 1115803) AND (role_id > 9))
        Rows Removed by Filter: 32090599
  ->  Hash  (cost=178458.41..178458.41 rows=295132 width=8) (actual time=3761.267..3761.267 rows=407940 loops=1)
        Buckets: 131072 (originally 131072)  Batches: 8 (originally 4)  Memory Usage: 3073kB
        ->  Hash Join  (cost=80380.17..178458.41 rows=295132 width=8) (actual time=1451.407..3630.939 rows=407940 loops=1)
              Hash Cond: (mk.movie_id = t.id)
              ->  Seq Scan on movie_keyword mk  (cost=0.00..81003.12 rows=958343 width=4) (actual time=0.034..1451.346 rows=960985 loops=1)
                    Filter: (keyword_id < 903)
                    Rows Removed by Filter: 3562945
              ->  Hash  (cost=67604.59..67604.59 rows=778687 width=4) (actual time=1450.438..1450.438 rows=782677 loops=1)
                    Buckets: 131072  Batches: 16  Memory Usage: 2751kB
                    ->  Seq Scan on title t  (cost=0.00..67604.59 rows=778687 width=4) (actual time=0.025..1191.612 rows=782677 loops=1)
                          Filter: (production_year < 1994)
                          Rows Removed by Filter: 1745635
Planning time: 5.484 ms
Execution time: 20655.206 ms
