Hash Join  (cost=190728.12..1251982.86 rows=2672260 width=0) (actual time=3783.930..31247.740 rows=6072429 loops=1)
  Hash Cond: (ci.movie_id = t.id)
  ->  Seq Scan on cast_info ci  (cost=0.00..614943.12 rows=36225612 width=4) (actual time=0.022..13114.418 rows=36244344 loops=1)
  ->  Hash  (cost=187667.60..187667.60 rows=186522 width=8) (actual time=3783.115..3783.115 rows=99397 loops=1)
        Buckets: 131072  Batches: 4  Memory Usage: 2048kB
        ->  Hash Join  (cost=70241.71..187667.60 rows=186522 width=8) (actual time=1086.796..3756.568 rows=99397 loops=1)
              Hash Cond: (mk.movie_id = t.id)
              ->  Seq Scan on movie_keyword mk  (cost=0.00..81003.12 rows=2934278 width=4) (actual time=0.020..1670.425 rows=2925469 loops=1)
                    Filter: (keyword_id > 2462)
                    Rows Removed by Filter: 1598461
              ->  Hash  (cost=67604.59..67604.59 rows=160730 width=4) (actual time=1084.945..1084.945 rows=160017 loops=1)
                    Buckets: 131072  Batches: 4  Memory Usage: 2442kB
                    ->  Seq Scan on title t  (cost=0.00..67604.59 rows=160730 width=4) (actual time=0.030..1025.949 rows=160017 loops=1)
                          Filter: (production_year = 2011)
                          Rows Removed by Filter: 2368295
Planning time: 1.153 ms
Execution time: 31880.331 ms
