Hash Join  (cost=168239.39..945525.61 rows=243935 width=0) (actual time=3245.039..18044.977 rows=512771 loops=1)
  Hash Cond: (ci.movie_id = t.id)
  ->  Seq Scan on cast_info ci  (cost=0.00..705507.15 rows=5961794 width=4) (actual time=0.034..12386.753 rows=6023819 loops=1)
        Filter: (person_id > 3045536)
        Rows Removed by Filter: 30220525
  ->  Hash  (cost=166541.16..166541.16 rows=103458 width=8) (actual time=3244.194..3244.194 rows=104058 loops=1)
        Buckets: 131072  Batches: 2  Memory Usage: 3067kB
        ->  Hash Join  (cost=102767.86..166541.16 rows=103458 width=8) (actual time=2498.405..3211.722 rows=104058 loops=1)
              Hash Cond: (mc.movie_id = t.id)
              ->  Seq Scan on movie_companies mc  (cost=0.00..51404.11 rows=103458 width=4) (actual time=582.268..840.311 rows=104058 loops=1)
                    Filter: (company_id > 155176)
                    Rows Removed by Filter: 2505071
              ->  Hash  (cost=61283.27..61283.27 rows=2528527 width=4) (actual time=1914.659..1914.659 rows=2528312 loops=1)
                    Buckets: 131072  Batches: 64  Memory Usage: 2415kB
                    ->  Seq Scan on title t  (cost=0.00..61283.27 rows=2528527 width=4) (actual time=0.025..1073.343 rows=2528312 loops=1)
Planning time: 1.194 ms
Execution time: 18112.106 ms
