Hash Join  (cost=270777.60..921421.26 rows=10999379 width=0) (actual time=6026.234..39537.112 rows=86077482 loops=1)
  Hash Cond: (mi.movie_id = t.id)
  ->  Seq Scan on movie_info mi  (cost=0.00..346232.03 rows=14592968 width=4) (actual time=0.020..7570.335 rows=14637966 loops=1)
        Filter: (info_type_id < 107)
        Rows Removed by Filter: 197754
  ->  Hash  (cost=239509.29..239509.29 rows=1905865 width=8) (actual time=6025.233..6025.233 rows=1914203 loops=1)
        Buckets: 131072  Batches: 32  Memory Usage: 3428kB
        ->  Hash Join  (cost=102767.86..239509.29 rows=1905865 width=8) (actual time=2006.382..5488.169 rows=1914203 loops=1)
              Hash Cond: (mk.movie_id = t.id)
              ->  Seq Scan on movie_keyword mk  (cost=0.00..81003.12 rows=1905865 width=4) (actual time=0.020..1647.754 rows=1914203 loops=1)
                    Filter: (keyword_id < 3295)
                    Rows Removed by Filter: 2609727
              ->  Hash  (cost=61283.27..61283.27 rows=2528527 width=4) (actual time=2003.974..2003.974 rows=2528312 loops=1)
                    Buckets: 131072  Batches: 64  Memory Usage: 2425kB
                    ->  Seq Scan on title t  (cost=0.00..61283.27 rows=2528527 width=4) (actual time=0.025..1131.329 rows=2528312 loops=1)
Planning time: 1.159 ms
Execution time: 48746.744 ms
