Seq Scan on cast_info ci  (cost=0.00..796071.18 rows=131 width=0) (actual time=11515.587..13424.531 rows=8 loops=1)
  Filter: ((role_id > 4) AND (person_id = 2400056))
  Rows Removed by Filter: 36244336
Planning time: 0.467 ms
Execution time: 13424.664 ms
