Hash Join  (cost=165776.46..532860.75 rows=242836 width=0) (actual time=3435.984..12496.032 rows=600293 loops=1)
  Hash Cond: (mi.movie_id = t.id)
  ->  Seq Scan on movie_info mi  (cost=0.00..309384.22 rows=14739122 width=4) (actual time=0.012..4892.044 rows=14835720 loops=1)
  ->  Hash  (cost=165255.72..165255.72 rows=41659 width=8) (actual time=3435.547..3435.547 rows=46454 loops=1)
        Buckets: 65536  Batches: 1  Memory Usage: 2327kB
        ->  Hash Join  (cost=104131.46..165255.72 rows=41659 width=8) (actual time=2228.406..3420.830 rows=46454 loops=1)
              Hash Cond: (mc.movie_id = t.id)
              ->  Seq Scan on movie_companies mc  (cost=0.00..51404.11 rows=47312 width=4) (actual time=15.319..880.630 rows=47252 loops=1)
                    Filter: (company_id = 19)
                    Rows Removed by Filter: 2561877
              ->  Hash  (cost=67604.59..67604.59 rows=2226390 width=4) (actual time=2210.985..2210.985 rows=2224569 loops=1)
                    Buckets: 131072  Batches: 32  Memory Usage: 3463kB
                    ->  Seq Scan on title t  (cost=0.00..67604.59 rows=2226390 width=4) (actual time=0.020..1506.188 rows=2224569 loops=1)
                          Filter: (production_year < 2012)
                          Rows Removed by Filter: 303743
Planning time: 1.185 ms
Execution time: 12579.069 ms
