Nested Loop  (cost=0.43..52283.69 rows=104 width=0) (actual time=0.264..713.737 rows=571 loops=1)
  ->  Seq Scan on movie_companies mc  (cost=0.00..51404.11 rows=104 width=4) (actual time=0.214..691.766 rows=571 loops=1)
        Filter: (company_id = 120)
        Rows Removed by Filter: 2608558
  ->  Index Only Scan using title_pkey on title t  (cost=0.43..8.45 rows=1 width=4) (actual time=0.037..0.037 rows=1 loops=571)
        Index Cond: (id = mc.movie_id)
        Heap Fetches: 571
Planning time: 0.736 ms
Execution time: 713.994 ms
