Hash Join  (cost=769259.35..856090.22 rows=17283 width=0) (actual time=10835.772..12475.033 rows=225 loops=1)
  Hash Cond: (mk.movie_id = t.id)
  ->  Seq Scan on movie_keyword mk  (cost=0.00..69693.30 rows=4523930 width=4) (actual time=0.023..919.657 rows=4523930 loops=1)
  ->  Hash  (cost=769138.60..769138.60 rows=9660 width=8) (actual time=10788.063..10788.063 rows=4703 loops=1)
        Buckets: 16384  Batches: 1  Memory Usage: 312kB
        ->  Nested Loop  (cost=0.43..769138.60 rows=9660 width=8) (actual time=4652.314..10785.733 rows=4703 loops=1)
              ->  Seq Scan on cast_info ci  (cost=0.00..705507.15 rows=9660 width=4) (actual time=4652.170..10711.937 rows=4703 loops=1)
                    Filter: (person_id = 559241)
                    Rows Removed by Filter: 36239641
              ->  Index Only Scan using title_pkey on title t  (cost=0.43..6.58 rows=1 width=4) (actual time=0.015..0.015 rows=1 loops=4703)
                    Index Cond: (id = ci.movie_id)
                    Heap Fetches: 4703
Planning time: 1.103 ms
Execution time: 12475.207 ms
