Hash Join  (cost=928837.23..1528750.25 rows=10564708 width=0) (actual time=18399.588..37040.608 rows=17497917 loops=1)
  Hash Cond: (mi.movie_id = t.id)
  ->  Seq Scan on movie_info mi  (cost=0.00..346232.03 rows=9767026 width=4) (actual time=192.480..7269.333 rows=9911754 loops=1)
        Filter: (info_type_id > 4)
        Rows Removed by Filter: 4923966
  ->  Hash  (cost=883965.31..883965.31 rows=2735034 width=8) (actual time=18205.811..18205.811 rows=2728943 loops=1)
        Buckets: 131072  Batches: 64  Memory Usage: 2692kB
        ->  Hash Join  (cost=102767.86..883965.31 rows=2735034 width=8) (actual time=11619.325..17391.799 rows=2728943 loops=1)
              Hash Cond: (ci.movie_id = t.id)
              ->  Seq Scan on cast_info ci  (cost=0.00..705507.15 rows=2735034 width=4) (actual time=9559.773..12059.288 rows=2728943 loops=1)
                    Filter: (role_id = 4)
                    Rows Removed by Filter: 33515401
              ->  Hash  (cost=61283.27..61283.27 rows=2528527 width=4) (actual time=2057.367..2057.367 rows=2528312 loops=1)
                    Buckets: 131072  Batches: 64  Memory Usage: 2415kB
                    ->  Seq Scan on title t  (cost=0.00..61283.27 rows=2528527 width=4) (actual time=0.012..1231.085 rows=2528312 loops=1)
Planning time: 1.169 ms
Execution time: 38968.357 ms
