Seq Scan on cast_info ci  (cost=0.00..796071.18 rows=188682 width=0) (actual time=7233.268..11174.041 rows=584215 loops=1)
  Filter: ((person_id > 3949077) AND (role_id > 3))
  Rows Removed by Filter: 35660129
Planning time: 0.388 ms
Execution time: 11249.414 ms
