Seq Scan on cast_info ci  (cost=0.00..796071.18 rows=15210059 width=0) (actual time=1155.326..16135.790 rows=15508727 loops=1)
  Filter: ((person_id > 211398) AND (role_id > 2))
  Rows Removed by Filter: 20735617
Planning time: 0.424 ms
Execution time: 18091.293 ms
