Hash Join  (cost=160582.39..289285.03 rows=549960 width=0) (actual time=3666.217..11586.344 rows=19510061 loops=1)
  Hash Cond: (mk.movie_id = t.id)
  ->  Seq Scan on movie_keyword mk  (cost=0.00..69693.30 rows=4523930 width=4) (actual time=0.023..1423.982 rows=4523930 loops=1)
  ->  Hash  (cost=155539.08..155539.08 rows=307385 width=8) (actual time=3664.455..3664.455 rows=730521 loops=1)
        Buckets: 131072 (originally 131072)  Batches: 16 (originally 8)  Memory Usage: 3073kB
        ->  Hash Join  (cost=83891.93..155539.08 rows=307385 width=8) (actual time=1435.379..3429.219 rows=730521 loops=1)
              Hash Cond: (mc.movie_id = t.id)
              ->  Seq Scan on movie_companies mc  (cost=0.00..51404.11 rows=1279517 width=4) (actual time=0.014..1002.850 rows=1274246 loops=1)
                    Filter: (company_type_id = 1)
                    Rows Removed by Filter: 1334883
              ->  Hash  (cost=73925.90..73925.90 rows=607442 width=4) (actual time=1434.536..1434.536 rows=675690 loops=1)
                    Buckets: 131072  Batches: 8  Memory Usage: 4012kB
                    ->  Seq Scan on title t  (cost=0.00..73925.90 rows=607442 width=4) (actual time=0.022..1207.941 rows=675690 loops=1)
                          Filter: ((kind_id < 7) AND (production_year < 2007))
                          Rows Removed by Filter: 1852622
Planning time: 1.144 ms
Execution time: 13831.041 ms
