Hash Join  (cost=102767.86..205394.12 rows=488070 width=0) (actual time=2620.018..4765.040 rows=482826 loops=1)
  Hash Cond: (mk.movie_id = t.id)
  ->  Seq Scan on movie_keyword mk  (cost=0.00..81003.12 rows=488070 width=4) (actual time=0.024..1405.468 rows=482826 loops=1)
        Filter: (keyword_id > 37107)
        Rows Removed by Filter: 4041104
  ->  Hash  (cost=61283.27..61283.27 rows=2528527 width=4) (actual time=2616.561..2616.561 rows=2528312 loops=1)
        Buckets: 131072  Batches: 64  Memory Usage: 2425kB
        ->  Seq Scan on title t  (cost=0.00..61283.27 rows=2528527 width=4) (actual time=0.015..1083.049 rows=2528312 loops=1)
Planning time: 2.773 ms
Execution time: 4820.743 ms
