Nested Loop  (cost=44377.22..147323.93 rows=4609 width=0) (actual time=952.819..2721.963 rows=17043 loops=1)
  ->  Hash Join  (cost=44376.79..132565.82 rows=25103 width=8) (actual time=952.760..2503.973 rows=17043 loops=1)
        Hash Cond: (mk.movie_id = mi_idx.movie_id)
        ->  Seq Scan on movie_keyword mk  (cost=0.00..81003.12 rows=8445 width=4) (actual time=0.163..1324.785 rows=7552 loops=1)
              Filter: (keyword_id = 910)
              Rows Removed by Filter: 4516378
        ->  Hash  (cost=21735.35..21735.35 rows=1380035 width=4) (actual time=948.819..948.819 rows=1380035 loops=1)
              Buckets: 131072  Batches: 32  Memory Usage: 2556kB
              ->  Seq Scan on movie_info_idx mi_idx  (cost=0.00..21735.35 rows=1380035 width=4) (actual time=0.021..504.786 rows=1380035 loops=1)
  ->  Index Only Scan using title_pkey on title t  (cost=0.43..0.58 rows=1 width=4) (actual time=0.012..0.012 rows=1 loops=17043)
        Index Cond: (id = mi_idx.movie_id)
        Heap Fetches: 17043
Planning time: 1.089 ms
Execution time: 2725.078 ms
