Nested Loop  (cost=0.43..83072.29 rows=96 width=0) (actual time=44.206..1354.589 rows=665 loops=1)
  ->  Seq Scan on movie_keyword mk  (cost=0.00..81003.12 rows=246 width=4) (actual time=23.114..1328.384 rows=769 loops=1)
        Filter: (keyword_id = 2088)
        Rows Removed by Filter: 4523161
  ->  Index Scan using title_pkey on title t  (cost=0.43..8.40 rows=1 width=4) (actual time=0.032..0.033 rows=1 loops=769)
        Index Cond: (id = mk.movie_id)
        Filter: (kind_id < 7)
        Rows Removed by Filter: 0
Planning time: 0.680 ms
Execution time: 1354.966 ms
