Hash Join  (cost=74148.97..101110.72 rows=3281 width=0) (actual time=1041.956..1247.351 rows=5429 loops=1)
  Hash Cond: (mi_idx.movie_id = t.id)
  ->  Seq Scan on movie_info_idx mi_idx  (cost=0.00..25185.44 rows=464934 width=4) (actual time=0.031..178.727 rows=460185 loops=1)
        Filter: (info_type_id > 100)
        Rows Removed by Filter: 919850
  ->  Hash  (cost=73925.90..73925.90 rows=17845 width=4) (actual time=1021.829..1021.829 rows=10782 loops=1)
        Buckets: 32768  Batches: 1  Memory Usage: 636kB
        ->  Seq Scan on title t  (cost=0.00..73925.90 rows=17845 width=4) (actual time=153.632..1017.028 rows=10782 loops=1)
              Filter: ((kind_id < 2) AND (production_year = 2003))
              Rows Removed by Filter: 2517530
Planning time: 0.759 ms
Execution time: 1248.052 ms
