Seq Scan on movie_keyword mk  (cost=0.00..81003.12 rows=2772665 width=0) (actual time=0.015..1241.111 rows=2768023 loops=1)
  Filter: (keyword_id < 7902)
  Rows Removed by Filter: 1755907
Planning time: 0.335 ms
Execution time: 1536.138 ms
