Hash Join  (cost=81025.55..162230.93 rows=446485 width=0) (actual time=1283.544..3570.762 rows=629582 loops=1)
  Hash Cond: (mc.movie_id = t.id)
  ->  Seq Scan on movie_companies mc  (cost=0.00..44881.29 rows=2609129 width=4) (actual time=0.012..885.392 rows=2609129 loops=1)
  ->  Hash  (cost=73925.90..73925.90 rows=432692 width=4) (actual time=1282.766..1282.766 rows=368246 loops=1)
        Buckets: 131072  Batches: 8  Memory Usage: 2639kB
        ->  Seq Scan on title t  (cost=0.00..73925.90 rows=432692 width=4) (actual time=0.061..1168.754 rows=368246 loops=1)
              Filter: ((kind_id < 7) AND (production_year > 2004))
              Rows Removed by Filter: 2160066
Planning time: 0.766 ms
Execution time: 3646.355 ms
