Hash Join  (cost=424051.38..1145998.45 rows=23801 width=0) (actual time=10465.856..19225.112 rows=53935 loops=1)
  Hash Cond: (ci.movie_id = t.id)
  ->  Seq Scan on cast_info ci  (cost=0.00..705507.15 rows=4320508 width=4) (actual time=4327.602..12032.421 rows=4323018 loops=1)
        Filter: (role_id = 10)
        Rows Removed by Filter: 31921326
  ->  Hash  (cost=423877.25..423877.25 rows=13930 width=8) (actual time=6137.956..6137.956 rows=32313 loops=1)
        Buckets: 32768 (originally 16384)  Batches: 1 (originally 1)  Memory Usage: 1519kB
        ->  Hash Join  (cost=74469.67..423877.25 rows=13930 width=8) (actual time=3392.569..6125.688 rows=32313 loops=1)
              Hash Cond: (mi.movie_id = t.id)
              ->  Seq Scan on movie_info mi  (cost=0.00..346232.03 rows=809669 width=4) (actual time=2159.424..4697.266 rows=802140 loops=1)
                    Filter: (info_type_id = 1)
                    Rows Removed by Filter: 14033580
              ->  Hash  (cost=73925.90..73925.90 rows=43501 width=4) (actual time=1221.797..1221.797 rows=39560 loops=1)
                    Buckets: 65536  Batches: 1  Memory Usage: 1903kB
                    ->  Seq Scan on title t  (cost=0.00..73925.90 rows=43501 width=4) (actual time=0.022..1206.766 rows=39560 loops=1)
                          Filter: ((kind_id = 1) AND (production_year = 2012))
                          Rows Removed by Filter: 2488752
Planning time: 2.982 ms
Execution time: 19234.917 ms
