Seq Scan on cast_info ci  (cost=0.00..796071.18 rows=16946596 width=0) (actual time=0.011..16720.148 rows=20797544 loops=1)
  Filter: ((person_id > 974418) AND (role_id > 1))
  Rows Removed by Filter: 15446800
Planning time: 0.364 ms
Execution time: 19274.408 ms
