Hash Join  (cost=101071.93..466030.28 rows=30240 width=0) (actual time=1716.543..9001.628 rows=51378 loops=1)
  Hash Cond: (mi.movie_id = t.id)
  ->  Seq Scan on movie_info mi  (cost=0.00..309384.22 rows=14739122 width=4) (actual time=0.024..4553.581 rows=14835720 loops=1)
  ->  Hash  (cost=101007.08..101007.08 rows=5188 width=8) (actual time=1603.130..1603.130 rows=3543 loops=1)
        Buckets: 8192  Batches: 1  Memory Usage: 203kB
        ->  Hash Join  (cost=74044.72..101007.08 rows=5188 width=8) (actual time=1319.053..1601.748 rows=3543 loops=1)
              Hash Cond: (mi_idx.movie_id = t.id)
              ->  Seq Scan on movie_info_idx mi_idx  (cost=0.00..21735.35 rows=1380035 width=4) (actual time=0.019..294.828 rows=1380035 loops=1)
              ->  Hash  (cost=73925.90..73925.90 rows=9505 width=4) (actual time=1042.872..1042.872 rows=3906 loops=1)
                    Buckets: 16384  Batches: 1  Memory Usage: 266kB
                    ->  Seq Scan on title t  (cost=0.00..73925.90 rows=9505 width=4) (actual time=0.069..1040.572 rows=3906 loops=1)
                          Filter: ((production_year < 1962) AND (kind_id = 2))
                          Rows Removed by Filter: 2524406
Planning time: 1.161 ms
Execution time: 9009.313 ms
