Nested Loop  (cost=0.43..709673.15 rows=305 width=0) (actual time=7994.323..11299.904 rows=109 loops=1)
  ->  Seq Scan on cast_info ci  (cost=0.00..705507.15 rows=500 width=4) (actual time=7992.942..11296.767 rows=140 loops=1)
        Filter: (person_id = 1444071)
        Rows Removed by Filter: 36244204
  ->  Index Scan using title_pkey on title t  (cost=0.43..8.32 rows=1 width=4) (actual time=0.021..0.021 rows=1 loops=140)
        Index Cond: (id = ci.movie_id)
        Filter: (kind_id = 7)
        Rows Removed by Filter: 0
Planning time: 0.765 ms
Execution time: 11300.049 ms
