Seq Scan on cast_info ci  (cost=0.00..796071.18 rows=9658508 width=0) (actual time=6836.764..14694.783 rows=12074716 loops=1)
  Filter: ((person_id > 1433423) AND (role_id > 2))
  Rows Removed by Filter: 24169628
Planning time: 0.370 ms
Execution time: 16143.663 ms
