Seq Scan on movie_companies mc  (cost=0.00..57926.93 rows=1280 width=0) (actual time=269.301..897.104 rows=1006 loops=1)
  Filter: ((company_id = 2805) AND (company_type_id = 1))
  Rows Removed by Filter: 2608123
Planning time: 0.394 ms
Execution time: 897.420 ms
