Hash Join  (cost=69484.36..100657.29 rows=20882 width=0) (actual time=1110.713..1806.336 rows=27850 loops=1)
  Hash Cond: (mi_idx.movie_id = t.id)
  ->  Seq Scan on movie_info_idx mi_idx  (cost=0.00..25185.44 rows=460978 width=4) (actual time=0.022..488.120 rows=459925 loops=1)
        Filter: (info_type_id = 99)
        Rows Removed by Filter: 920110
  ->  Hash  (cost=67604.59..67604.59 rows=114542 width=4) (actual time=1109.906..1109.906 rows=118234 loops=1)
        Buckets: 131072  Batches: 2  Memory Usage: 3101kB
        ->  Seq Scan on title t  (cost=0.00..67604.59 rows=114542 width=4) (actual time=490.876..1067.029 rows=118234 loops=1)
              Filter: (kind_id = 4)
              Rows Removed by Filter: 2410078
Planning time: 0.777 ms
Execution time: 1810.652 ms
