Hash Join  (cost=181972.06..222307.69 rows=154015 width=0) (actual time=3487.122..4591.637 rows=371592 loops=1)
  Hash Cond: (mi_idx.movie_id = t.id)
  ->  Seq Scan on movie_info_idx mi_idx  (cost=0.00..21735.35 rows=1380035 width=4) (actual time=0.029..480.156 rows=1380035 loops=1)
  ->  Hash  (cost=177341.70..177341.70 rows=282189 width=8) (actual time=3486.212..3486.212 rows=179350 loops=1)
        Buckets: 131072  Batches: 4  Memory Usage: 2751kB
        ->  Hash Join  (cost=78473.92..177341.70 rows=282189 width=8) (actual time=1444.498..3447.024 rows=179350 loops=1)
              Hash Cond: (mk.movie_id = t.id)
              ->  Seq Scan on movie_keyword mk  (cost=0.00..81003.12 rows=1077003 width=4) (actual time=0.022..1469.436 rows=1086771 loops=1)
                    Filter: (keyword_id > 16270)
                    Rows Removed by Filter: 3437159
              ->  Hash  (cost=67604.59..67604.59 rows=662507 width=4) (actual time=1441.465..1441.465 rows=662065 loops=1)
                    Buckets: 131072  Batches: 16  Memory Usage: 2488kB
                    ->  Seq Scan on title t  (cost=0.00..67604.59 rows=662507 width=4) (actual time=0.024..1223.177 rows=662065 loops=1)
                          Filter: (production_year > 2008)
                          Rows Removed by Filter: 1866247
Planning time: 1.117 ms
Execution time: 4636.104 ms
