Hash Join  (cost=74173.24..168215.52 rows=26654 width=0) (actual time=1240.760..3329.113 rows=64391 loops=1)
  Hash Cond: (mk.movie_id = t.id)
  ->  Seq Scan on movie_keyword mk  (cost=0.00..81003.12 rows=3406031 width=4) (actual time=0.010..1549.649 rows=3398380 loops=1)
        Filter: (keyword_id > 1215)
        Rows Removed by Filter: 1125550
  ->  Hash  (cost=73925.90..73925.90 rows=19787 width=4) (actual time=1237.940..1237.940 rows=15791 loops=1)
        Buckets: 32768  Batches: 1  Memory Usage: 812kB
        ->  Seq Scan on title t  (cost=0.00..73925.90 rows=19787 width=4) (actual time=0.309..1230.693 rows=15791 loops=1)
              Filter: ((kind_id < 7) AND (production_year = 1999))
              Rows Removed by Filter: 2512521
Planning time: 0.570 ms
Execution time: 3337.755 ms
