Hash Join  (cost=102767.86..175379.72 rows=199688 width=0) (actual time=1824.749..3447.915 rows=397462 loops=1)
  Hash Cond: (mc.movie_id = t.id)
  ->  Seq Scan on movie_companies mc  (cost=0.00..57926.93 rows=199688 width=4) (actual time=0.015..906.991 rows=397462 loops=1)
        Filter: ((company_id > 82560) AND (company_type_id = 2))
        Rows Removed by Filter: 2211667
  ->  Hash  (cost=61283.27..61283.27 rows=2528527 width=4) (actual time=1823.455..1823.455 rows=2528312 loops=1)
        Buckets: 131072  Batches: 64  Memory Usage: 2415kB
        ->  Seq Scan on title t  (cost=0.00..61283.27 rows=2528527 width=4) (actual time=0.006..1027.544 rows=2528312 loops=1)
Planning time: 0.792 ms
Execution time: 3493.645 ms
