Seq Scan on cast_info ci  (cost=0.00..796071.18 rows=25287010 width=0) (actual time=922.061..16208.817 rows=27410048 loops=1)
  Filter: ((person_id < 2942907) AND (role_id < 10))
  Rows Removed by Filter: 8834296
Planning time: 0.418 ms
Execution time: 19448.423 ms
