Seq Scan on cast_info ci  (cost=0.00..796071.18 rows=324 width=0) (actual time=2180.334..13735.622 rows=59 loops=1)
  Filter: ((role_id > 1) AND (person_id = 59371))
  Rows Removed by Filter: 36244285
Planning time: 0.403 ms
Execution time: 13735.732 ms
