Hash Join  (cost=88511.65..240782.21 rows=1580808 width=0) (actual time=1474.340..6074.674 rows=3248811 loops=1)
  Hash Cond: (mk.movie_id = t.id)
  ->  Seq Scan on movie_keyword mk  (cost=0.00..81003.12 rows=4496093 width=4) (actual time=0.013..1849.291 rows=4499233 loops=1)
        Filter: (keyword_id > 15)
        Rows Removed by Filter: 24697
  ->  Hash  (cost=73925.90..73925.90 rows=889020 width=4) (actual time=1473.495..1473.495 rows=803883 loops=1)
        Buckets: 131072  Batches: 16  Memory Usage: 2801kB
        ->  Seq Scan on title t  (cost=0.00..73925.90 rows=889020 width=4) (actual time=0.010..1212.363 rows=803883 loops=1)
              Filter: ((kind_id < 7) AND (production_year > 1953))
              Rows Removed by Filter: 1724429
Planning time: 0.542 ms
Execution time: 6421.797 ms
