Hash Join  (cost=104131.46..1510883.30 rows=31896966 width=0) (actual time=2144.877..43898.508 rows=32378458 loops=1)
  Hash Cond: (ci.movie_id = t.id)
  ->  Seq Scan on cast_info ci  (cost=0.00..614943.12 rows=36225612 width=4) (actual time=0.020..13435.249 rows=36244344 loops=1)
  ->  Hash  (cost=67604.59..67604.59 rows=2226390 width=4) (actual time=2144.057..2144.057 rows=2224569 loops=1)
        Buckets: 131072  Batches: 32  Memory Usage: 3463kB
        ->  Seq Scan on title t  (cost=0.00..67604.59 rows=2226390 width=4) (actual time=0.017..1424.970 rows=2224569 loops=1)
              Filter: (production_year < 2012)
              Rows Removed by Filter: 303743
Planning time: 0.705 ms
Execution time: 47416.983 ms
