Seq Scan on cast_info ci  (cost=0.00..705507.15 rows=500 width=0) (actual time=9125.145..11339.724 rows=200 loops=1)
  Filter: (person_id = 1686251)
  Rows Removed by Filter: 36244144
Planning time: 0.398 ms
Execution time: 11339.831 ms
