Hash Join  (cost=238718.16..647165.54 rows=1596052 width=0) (actual time=7092.232..13999.245 rows=4294942 loops=1)
  Hash Cond: (mi.movie_id = t.id)
  ->  Seq Scan on movie_info mi  (cost=0.00..346232.03 rows=3623957 width=4) (actual time=2219.423..5957.816 rows=3624977 loops=1)
        Filter: (info_type_id < 4)
        Rows Removed by Filter: 11210743
  ->  Hash  (cost=220447.08..220447.08 rows=1113606 width=8) (actual time=4869.033..4869.033 rows=1120420 loops=1)
        Buckets: 131072  Batches: 16  Memory Usage: 3870kB
        ->  Hash Join  (cost=102767.86..220447.08 rows=1113606 width=8) (actual time=1842.365..4564.025 rows=1120420 loops=1)
              Hash Cond: (mk.movie_id = t.id)
              ->  Seq Scan on movie_keyword mk  (cost=0.00..81003.12 rows=1113606 width=4) (actual time=0.041..1500.379 rows=1120420 loops=1)
                    Filter: (keyword_id < 1194)
                    Rows Removed by Filter: 3403510
              ->  Hash  (cost=61283.27..61283.27 rows=2528527 width=4) (actual time=1841.422..1841.422 rows=2528312 loops=1)
                    Buckets: 131072  Batches: 64  Memory Usage: 2425kB
                    ->  Seq Scan on title t  (cost=0.00..61283.27 rows=2528527 width=4) (actual time=0.020..984.268 rows=2528312 loops=1)
Planning time: 1.198 ms
Execution time: 14511.781 ms
