Hash Join  (cost=110700.34..173336.77 rows=22111 width=0) (actual time=2656.356..3152.482 rows=22368 loops=1)
  Hash Cond: (mc.movie_id = t.id)
  ->  Seq Scan on movie_companies mc  (cost=0.00..57926.93 rows=1196904 width=4) (actual time=0.035..1099.657 rows=1070461 loops=1)
        Filter: ((company_id < 98685) AND (company_type_id = 2))
        Rows Removed by Filter: 1538668
  ->  Hash  (cost=110116.46..110116.46 rows=46710 width=8) (actual time=1840.639..1840.639 rows=16707 loops=1)
        Buckets: 65536  Batches: 1  Memory Usage: 1165kB
        ->  Hash Join  (cost=78097.80..110116.46 rows=46710 width=8) (actual time=1306.459..1833.560 rows=16707 loops=1)
              Hash Cond: (mi_idx.movie_id = t.id)
              ->  Seq Scan on movie_info_idx mi_idx  (cost=0.00..25185.44 rows=464566 width=4) (actual time=0.021..490.362 rows=459925 loops=1)
                    Filter: (info_type_id = 101)
                    Rows Removed by Filter: 920110
              ->  Hash  (cost=73925.90..73925.90 rows=254232 width=4) (actual time=1119.301..1119.301 rows=145458 loops=1)
                    Buckets: 131072  Batches: 4  Memory Usage: 2301kB
                    ->  Seq Scan on title t  (cost=0.00..73925.90 rows=254232 width=4) (actual time=90.863..1069.321 rows=145458 loops=1)
                          Filter: ((production_year < 1973) AND (kind_id = 7))
                          Rows Removed by Filter: 2382854
Planning time: 1.208 ms
Execution time: 3155.283 ms
