Hash Join  (cost=797958.38..888678.09 rows=13 width=0) (actual time=13474.516..14062.846 rows=1 loops=1)
  Hash Cond: (mk.movie_id = t.id)
  ->  Seq Scan on movie_keyword mk  (cost=0.00..81003.12 rows=2591055 width=4) (actual time=0.022..1550.583 rows=2581122 loops=1)
        Filter: (keyword_id < 6741)
        Rows Removed by Filter: 1942808
  ->  Hash  (cost=797958.22..797958.22 rows=13 width=8) (actual time=12171.330..12171.330 rows=8 loops=1)
        Buckets: 1024  Batches: 1  Memory Usage: 9kB
        ->  Nested Loop  (cost=0.43..797958.22 rows=13 width=8) (actual time=8501.971..12171.310 rows=8 loops=1)
              ->  Seq Scan on cast_info ci  (cost=0.00..796071.18 rows=224 width=4) (actual time=8501.542..12170.627 rows=54 loops=1)
                    Filter: ((role_id > 2) AND (person_id = 3021928))
                    Rows Removed by Filter: 36244290
              ->  Index Scan using title_pkey on title t  (cost=0.43..8.41 rows=1 width=4) (actual time=0.012..0.012 rows=0 loops=54)
                    Index Cond: (id = ci.movie_id)
                    Filter: (production_year = 2010)
                    Rows Removed by Filter: 1
Planning time: 1.224 ms
Execution time: 14062.978 ms
