Hash Join  (cost=797557.00..1162216.95 rows=402 width=0) (actual time=12699.963..19556.446 rows=421 loops=1)
  Hash Cond: (mi.movie_id = t.id)
  ->  Seq Scan on movie_info mi  (cost=0.00..309384.22 rows=14739122 width=4) (actual time=0.009..4421.064 rows=14835720 loops=1)
  ->  Hash  (cost=797556.14..797556.14 rows=69 width=8) (actual time=12497.088..12497.088 rows=7 loops=1)
        Buckets: 1024  Batches: 1  Memory Usage: 9kB
        ->  Nested Loop  (cost=0.43..797556.14 rows=69 width=8) (actual time=6146.060..12497.066 rows=7 loops=1)
              ->  Seq Scan on cast_info ci  (cost=0.00..796071.18 rows=176 width=4) (actual time=6145.989..12496.797 rows=9 loops=1)
                    Filter: ((role_id < 2) AND (person_id = 466988))
                    Rows Removed by Filter: 36244335
              ->  Index Scan using title_pkey on title t  (cost=0.43..8.43 rows=1 width=4) (actual time=0.025..0.026 rows=1 loops=9)
                    Index Cond: (id = ci.movie_id)
                    Filter: (kind_id < 7)
                    Rows Removed by Filter: 0
Planning time: 3.212 ms
Execution time: 19556.700 ms
