Seq Scan on movie_companies mc  (cost=0.00..51404.11 rows=2607645 width=0) (actual time=0.028..1032.448 rows=2604417 loops=1)
  Filter: (company_id > 5)
  Rows Removed by Filter: 4712
Planning time: 0.329 ms
Execution time: 1353.116 ms
