Hash Join  (cost=618679.31..2237705.66 rows=48152920 width=0) (actual time=14356.722..59576.603 rows=50654839 loops=1)
  Hash Cond: (ci.movie_id = t.id)
  ->  Seq Scan on cast_info ci  (cost=0.00..614943.12 rows=36225612 width=4) (actual time=0.008..13617.601 rows=36244344 loops=1)
  ->  Hash  (cost=563536.23..563536.23 rows=3361046 width=8) (actual time=14355.551..14355.551 rows=2074490 loops=1)
        Buckets: 131072  Batches: 64  Memory Usage: 2275kB
        ->  Hash Join  (cost=92508.29..563536.23 rows=3361046 width=8) (actual time=3322.659..13744.000 rows=2074490 loops=1)
              Hash Cond: (mi.movie_id = t.id)
              ->  Seq Scan on movie_info mi  (cost=0.00..346232.03 rows=7503588 width=4) (actual time=0.028..6369.874 rows=7548855 loops=1)
                    Filter: (info_type_id > 7)
                    Rows Removed by Filter: 7286865
              ->  Hash  (cost=73925.90..73925.90 rows=1132591 width=4) (actual time=2509.541..2509.541 rows=1224674 loops=1)
                    Buckets: 131072  Batches: 16  Memory Usage: 3733kB
                    ->  Seq Scan on title t  (cost=0.00..73925.90 rows=1132591 width=4) (actual time=0.019..1406.346 rows=1224674 loops=1)
                          Filter: ((production_year > 1985) AND (kind_id = 7))
                          Rows Removed by Filter: 1303638
Planning time: 1.142 ms
Execution time: 65225.164 ms
