Hash Join  (cost=76590.05..108080.86 rows=29825 width=0) (actual time=1272.425..1953.245 rows=12150 loops=1)
  Hash Cond: (mi_idx.movie_id = t.id)
  ->  Seq Scan on movie_info_idx mi_idx  (cost=0.00..25185.44 rows=464566 width=4) (actual time=0.032..457.715 rows=459925 loops=1)
        Filter: (info_type_id = 101)
        Rows Removed by Filter: 920110
  ->  Hash  (cost=73925.90..73925.90 rows=162332 width=4) (actual time=1271.198..1271.198 rows=162218 loops=1)
        Buckets: 131072  Batches: 4  Memory Usage: 2463kB
        ->  Seq Scan on title t  (cost=0.00..73925.90 rows=162332 width=4) (actual time=0.011..1214.589 rows=162218 loops=1)
              Filter: ((kind_id > 2) AND (production_year > 2011))
              Rows Removed by Filter: 2366094
Planning time: 0.552 ms
Execution time: 1955.324 ms
