Seq Scan on cast_info ci  (cost=0.00..796071.18 rows=205202 width=0) (actual time=6894.621..13617.915 rows=258502 loops=1)
  Filter: ((person_id > 1469619) AND (role_id > 10))
  Rows Removed by Filter: 35985842
Planning time: 0.366 ms
Execution time: 13650.054 ms
