Seq Scan on movie_companies mc  (cost=0.00..51404.11 rows=256976 width=0) (actual time=326.411..791.831 rows=260280 loops=1)
  Filter: (company_id > 99329)
  Rows Removed by Filter: 2348849
Planning time: 0.339 ms
Execution time: 823.148 ms
