Hash Join  (cost=203457.76..1082832.63 rows=1003443 width=0) (actual time=11037.899..27583.520 rows=16315694 loops=1)
  Hash Cond: (ci.movie_id = t.id)
  ->  Seq Scan on cast_info ci  (cost=0.00..705507.15 rows=12726058 width=4) (actual time=6697.469..14130.539 rows=12670688 loops=1)
        Filter: (role_id = 1)
        Rows Removed by Filter: 23573656
  ->  Hash  (cost=200186.60..200186.60 rows=199373 width=8) (actual time=4338.650..4338.650 rows=860142 loops=1)
        Buckets: 131072 (originally 131072)  Batches: 16 (originally 4)  Memory Usage: 3197kB
        ->  Hash Join  (cost=75754.83..200186.60 rows=199373 width=8) (actual time=1190.984..4153.069 rows=860142 loops=1)
              Hash Cond: (mk.movie_id = t.id)
              ->  Seq Scan on movie_keyword mk  (cost=0.00..69693.30 rows=4523930 width=4) (actual time=0.019..1326.583 rows=4523930 loops=1)
              ->  Hash  (cost=73925.90..73925.90 rows=111434 width=4) (actual time=1190.239..1190.239 rows=234287 loops=1)
                    Buckets: 131072 (originally 131072)  Batches: 4 (originally 2)  Memory Usage: 3090kB
                    ->  Seq Scan on title t  (cost=0.00..73925.90 rows=111434 width=4) (actual time=0.065..1101.937 rows=234287 loops=1)
                          Filter: ((kind_id < 3) AND (production_year < 1970))
                          Rows Removed by Filter: 2294025
Planning time: 1.275 ms
Execution time: 29231.144 ms
