Seq Scan on movie_companies mc  (cost=0.00..57926.93 rows=406933 width=0) (actual time=0.017..884.851 rows=582851 loops=1)
  Filter: ((company_id < 1986) AND (company_type_id < 2))
  Rows Removed by Filter: 2026278
Planning time: 0.345 ms
Execution time: 960.849 ms
