Nested Loop  (cost=0.43..133027.52 rows=4595 width=0) (actual time=0.910..1395.081 rows=150 loops=1)
  ->  Seq Scan on movie_keyword mk  (cost=0.00..81003.12 rows=7540 width=4) (actual time=0.606..1182.946 rows=7692 loops=1)
        Filter: (keyword_id = 186)
        Rows Removed by Filter: 4516238
  ->  Index Scan using title_pkey on title t  (cost=0.43..6.89 rows=1 width=4) (actual time=0.027..0.027 rows=0 loops=7692)
        Index Cond: (id = mk.movie_id)
        Filter: (kind_id = 7)
        Rows Removed by Filter: 1
Planning time: 0.810 ms
Execution time: 1395.276 ms
