Hash Join  (cost=492674.69..635091.97 rows=1675624 width=0) (actual time=9096.846..12644.042 rows=1433012 loops=1)
  Hash Cond: (mk.movie_id = t.id)
  ->  Seq Scan on movie_keyword mk  (cost=0.00..69693.30 rows=4523930 width=4) (actual time=0.018..1402.826 rows=4523930 loops=1)
  ->  Hash  (cost=477308.89..477308.89 rows=936544 width=8) (actual time=9095.737..9095.737 rows=620011 loops=1)
        Buckets: 131072  Batches: 16  Memory Usage: 2543kB
        ->  Hash Join  (cost=98137.04..477308.89 rows=936544 width=8) (actual time=6204.309..8885.952 rows=620011 loops=1)
              Hash Cond: (mi.movie_id = t.id)
              ->  Seq Scan on movie_info mi  (cost=0.00..346232.03 rows=1272478 width=4) (actual time=4289.990..5449.292 rows=1325361 loops=1)
                    Filter: (info_type_id = 8)
                    Rows Removed by Filter: 13510359
              ->  Hash  (cost=67604.59..67604.59 rows=1860996 width=4) (actual time=1913.373..1913.373 rows=1865487 loops=1)
                    Buckets: 131072  Batches: 32  Memory Usage: 3085kB
                    ->  Seq Scan on title t  (cost=0.00..67604.59 rows=1860996 width=4) (actual time=0.029..1292.160 rows=1865487 loops=1)
                          Filter: (kind_id > 1)
                          Rows Removed by Filter: 662825
Planning time: 1.163 ms
Execution time: 12782.971 ms
