Seq Scan on movie_keyword mk  (cost=0.00..81003.12 rows=1792569 width=0) (actual time=0.026..1469.369 rows=1801821 loops=1)
  Filter: (keyword_id < 2919)
  Rows Removed by Filter: 2722109
Planning time: 0.336 ms
Execution time: 1701.334 ms
