Seq Scan on movie_keyword mk  (cost=0.00..81003.12 rows=935533 width=0) (actual time=0.015..1344.597 rows=943329 loops=1)
  Filter: (keyword_id > 20103)
  Rows Removed by Filter: 3580601
Planning time: 0.678 ms
Execution time: 1462.979 ms
