Seq Scan on movie_companies mc  (cost=0.00..51404.11 rows=104 width=0) (actual time=2.249..780.738 rows=354 loops=1)
  Filter: (company_id = 938)
  Rows Removed by Filter: 2608775
Planning time: 0.402 ms
Execution time: 780.904 ms
