Hash Join  (cost=299355.01..1644973.90 rows=27484092 width=0) (actual time=5840.145..35875.027 rows=14086719 loops=1)
  Hash Cond: (ci.movie_id = t.id)
  ->  Seq Scan on cast_info ci  (cost=0.00..705507.15 rows=25208932 width=4) (actual time=0.014..15386.868 rows=25233147 loops=1)
        Filter: (person_id < 2603064)
        Rows Removed by Filter: 11011197
  ->  Hash  (cost=254126.86..254126.86 rows=2756732 width=8) (actual time=5823.812..5823.812 rows=645461 loops=1)
        Buckets: 131072  Batches: 64  Memory Usage: 1402kB
        ->  Hash Join  (cost=92883.59..254126.86 rows=2756732 width=8) (actual time=3388.116..5637.226 rows=645461 loops=1)
              Hash Cond: (mk.movie_id = t.id)
              ->  Seq Scan on movie_keyword mk  (cost=0.00..69693.30 rows=4523930 width=4) (actual time=0.016..1516.021 rows=4523930 loops=1)
              ->  Hash  (cost=67604.59..67604.59 rows=1540800 width=4) (actual time=1814.434..1814.434 rows=1543264 loops=1)
                    Buckets: 131072  Batches: 32  Memory Usage: 2728kB
                    ->  Seq Scan on title t  (cost=0.00..67604.59 rows=1540800 width=4) (actual time=0.017..1324.791 rows=1543264 loops=1)
                          Filter: (kind_id = 7)
                          Rows Removed by Filter: 985048
Planning time: 3.446 ms
Execution time: 37422.803 ms
