Hash Join  (cost=231128.50..1298039.07 rows=8607009 width=0) (actual time=6625.211..39999.543 rows=28314322 loops=1)
  Hash Cond: (ci.movie_id = t.id)
  ->  Seq Scan on cast_info ci  (cost=0.00..705507.15 rows=23499554 width=4) (actual time=1934.573..15945.841 rows=23573656 loops=1)
        Filter: (role_id > 1)
        Rows Removed by Filter: 12670688
  ->  Hash  (cost=215934.19..215934.19 rows=926105 width=8) (actual time=4689.617..4689.617 rows=926811 loops=1)
        Buckets: 131072  Batches: 16  Memory Usage: 3334kB
        ->  Hash Join  (cost=102767.86..215934.19 rows=926105 width=8) (actual time=1983.558..4449.848 rows=926811 loops=1)
              Hash Cond: (mk.movie_id = t.id)
              ->  Seq Scan on movie_keyword mk  (cost=0.00..81003.12 rows=926105 width=4) (actual time=0.031..1401.569 rows=926811 loops=1)
                    Filter: (keyword_id > 20321)
                    Rows Removed by Filter: 3597119
              ->  Hash  (cost=61283.27..61283.27 rows=2528527 width=4) (actual time=1981.085..1981.085 rows=2528312 loops=1)
                    Buckets: 131072  Batches: 64  Memory Usage: 2425kB
                    ->  Seq Scan on title t  (cost=0.00..61283.27 rows=2528527 width=4) (actual time=0.017..1121.566 rows=2528312 loops=1)
Planning time: 1.161 ms
Execution time: 43055.908 ms
