Hash Join  (cost=112888.44..168204.65 rows=65069 width=0) (actual time=2637.688..4506.094 rows=490316 loops=1)
  Hash Cond: (mc.movie_id = t.id)
  ->  Seq Scan on movie_companies mc  (cost=0.00..44881.29 rows=2609129 width=4) (actual time=0.022..668.868 rows=2609129 loops=1)
  ->  Hash  (cost=112100.20..112100.20 rows=63059 width=8) (actual time=2637.056..2637.056 rows=145352 loops=1)
        Buckets: 131072 (originally 65536)  Batches: 2 (originally 1)  Memory Usage: 3868kB
        ->  Hash Join  (cost=79601.51..112100.20 rows=63059 width=8) (actual time=1240.010..2594.408 rows=145352 loops=1)
              Hash Cond: (mi_idx.movie_id = t.id)
              ->  Seq Scan on movie_info_idx mi_idx  (cost=0.00..25185.44 rows=460978 width=4) (actual time=0.017..485.611 rows=459925 loops=1)
                    Filter: (info_type_id < 100)
                    Rows Removed by Filter: 920110
              ->  Hash  (cost=73925.90..73925.90 rows=345888 width=4) (actual time=1239.184..1239.184 rows=457402 loops=1)
                    Buckets: 131072  Batches: 8  Memory Usage: 3047kB
                    ->  Seq Scan on title t  (cost=0.00..73925.90 rows=345888 width=4) (actual time=0.018..1090.427 rows=457402 loops=1)
                          Filter: ((kind_id < 7) AND (production_year < 1997))
                          Rows Removed by Filter: 2070910
Planning time: 1.200 ms
Execution time: 4568.205 ms
