Seq Scan on cast_info ci  (cost=0.00..796071.18 rows=6812564 width=0) (actual time=7196.272..14837.743 rows=8896013 loops=1)
  Filter: ((person_id > 1572304) AND (role_id > 3))
  Rows Removed by Filter: 27348331
Planning time: 0.335 ms
Execution time: 15946.618 ms
