Hash Join  (cost=225348.93..1191400.75 rows=4992014 width=0) (actual time=5127.625..39546.870 rows=57296757 loops=1)
  Hash Cond: (ci.movie_id = t.id)
  ->  Seq Scan on cast_info ci  (cost=0.00..705507.15 rows=16201301 width=4) (actual time=0.012..14125.291 rows=16121683 loops=1)
        Filter: (role_id > 2)
        Rows Removed by Filter: 20122661
  ->  Hash  (cost=212566.17..212566.17 rows=779101 width=8) (actual time=5125.820..5125.820 rows=1341449 loops=1)
        Buckets: 131072 (originally 131072)  Batches: 32 (originally 16)  Memory Usage: 3073kB
        ->  Hash Join  (cost=81071.12..212566.17 rows=779101 width=8) (actual time=1291.787..4784.337 rows=1341449 loops=1)
              Hash Cond: (mk.movie_id = t.id)
              ->  Seq Scan on movie_keyword mk  (cost=0.00..69693.30 rows=4523930 width=4) (actual time=0.013..1436.868 rows=4523930 loops=1)
              ->  Hash  (cost=73925.90..73925.90 rows=435457 width=4) (actual time=1290.525..1290.525 rows=314685 loops=1)
                    Buckets: 131072  Batches: 8  Memory Usage: 2419kB
                    ->  Seq Scan on title t  (cost=0.00..73925.90 rows=435457 width=4) (actual time=326.235..1200.086 rows=314685 loops=1)
                          Filter: ((production_year > 1994) AND (kind_id = 1))
                          Rows Removed by Filter: 2213627
Planning time: 1.232 ms
Execution time: 45440.778 ms
