Hash Join  (cost=128551.33..889601.72 rows=454734 width=0) (actual time=10452.290..17090.944 rows=1287627 loops=1)
  Hash Cond: (ci.movie_id = t.id)
  ->  Seq Scan on cast_info ci  (cost=0.00..705507.15 rows=4320508 width=4) (actual time=7612.972..12186.025 rows=4323018 loops=1)
        Filter: (role_id = 10)
        Rows Removed by Filter: 31921326
  ->  Hash  (cost=124184.73..124184.73 rows=266128 width=8) (actual time=2838.255..2838.255 rows=147537 loops=1)
        Buckets: 131072  Batches: 4  Memory Usage: 2447kB
        ->  Hash Join  (cost=81925.97..124184.73 rows=266128 width=8) (actual time=1576.143..2792.117 rows=147537 loops=1)
              Hash Cond: (mi_idx.movie_id = t.id)
              ->  Seq Scan on movie_info_idx mi_idx  (cost=0.00..21735.35 rows=1380035 width=4) (actual time=0.020..480.316 rows=1380035 loops=1)
              ->  Hash  (cost=73925.90..73925.90 rows=487605 width=4) (actual time=1574.458..1574.458 rows=501779 loops=1)
                    Buckets: 131072  Batches: 8  Memory Usage: 3231kB
                    ->  Seq Scan on title t  (cost=0.00..73925.90 rows=487605 width=4) (actual time=0.017..1410.649 rows=501779 loops=1)
                          Filter: ((kind_id > 1) AND (production_year > 2008))
                          Rows Removed by Filter: 2026533
Planning time: 1.196 ms
Execution time: 17237.326 ms
