Hash Join  (cost=149065.84..919055.82 rows=356555 width=0) (actual time=2816.415..18964.395 rows=216603 loops=1)
  Hash Cond: (ci.movie_id = t.id)
  ->  Seq Scan on cast_info ci  (cost=0.00..705507.15 rows=16244607 width=4) (actual time=0.051..12291.327 rows=16117033 loops=1)
        Filter: (person_id < 1596384)
        Rows Removed by Filter: 20127311
  ->  Hash  (cost=148372.10..148372.10 rows=55499 width=8) (actual time=2815.299..2815.299 rows=16492 loops=1)
        Buckets: 65536  Batches: 1  Memory Usage: 1157kB
        ->  Hash Join  (cost=75199.97..148372.10 rows=55499 width=8) (actual time=1443.138..2808.552 rows=16492 loops=1)
              Hash Cond: (mc.movie_id = t.id)
              ->  Seq Scan on movie_companies mc  (cost=0.00..51404.11 rows=1808275 width=4) (actual time=0.014..1062.785 rows=1817627 loops=1)
                    Filter: (company_id > 1710)
                    Rows Removed by Filter: 791502
              ->  Hash  (cost=73925.90..73925.90 rows=77605 width=4) (actual time=1120.950..1120.950 rows=84684 loops=1)
                    Buckets: 131072  Batches: 2  Memory Usage: 2512kB
                    ->  Seq Scan on title t  (cost=0.00..73925.90 rows=77605 width=4) (actual time=102.245..1091.314 rows=84684 loops=1)
                          Filter: ((kind_id = 7) AND (production_year = 2009))
                          Rows Removed by Filter: 2443628
Planning time: 2.450 ms
Execution time: 18995.093 ms
