Nested Loop  (cost=44377.22..111017.45 rows=752 width=0) (actual time=897.299..1921.806 rows=105 loops=1)
  Join Filter: (mc.movie_id = t.id)
  ->  Hash Join  (cost=44376.79..102274.51 rows=14746 width=8) (actual time=897.238..1920.208 rows=105 loops=1)
        Hash Cond: (mc.movie_id = mi_idx.movie_id)
        ->  Seq Scan on movie_companies mc  (cost=0.00..51404.11 rows=5218 width=4) (actual time=0.420..828.340 rows=4481 loops=1)
              Filter: (company_id = 11373)
              Rows Removed by Filter: 2604648
        ->  Hash  (cost=21735.35..21735.35 rows=1380035 width=4) (actual time=888.425..888.425 rows=1380035 loops=1)
              Buckets: 131072  Batches: 32  Memory Usage: 2540kB
              ->  Seq Scan on movie_info_idx mi_idx  (cost=0.00..21735.35 rows=1380035 width=4) (actual time=0.015..435.025 rows=1380035 loops=1)
  ->  Index Scan using title_pkey on title t  (cost=0.43..0.58 rows=1 width=4) (actual time=0.013..0.013 rows=1 loops=105)
        Index Cond: (id = mi_idx.movie_id)
        Filter: (kind_id < 2)
Planning time: 1.218 ms
Execution time: 1921.959 ms
