Hash Join  (cost=156632.57..962122.66 rows=104238 width=0) (actual time=7981.078..17339.103 rows=1246278 loops=1)
  Hash Cond: (ci.movie_id = t.id)
  ->  Seq Scan on cast_info ci  (cost=0.00..796071.18 rows=567342 width=4) (actual time=4616.624..12036.447 rows=2449944 loops=1)
        Filter: ((person_id > 3585273) AND (role_id > 5))
        Rows Removed by Filter: 33794400
  ->  Hash  (cost=149010.49..149010.49 rows=464566 width=8) (actual time=3363.446..3363.446 rows=459925 loops=1)
        Buckets: 131072  Batches: 8  Memory Usage: 3275kB
        ->  Hash Join  (cost=102767.86..149010.49 rows=464566 width=8) (actual time=1950.147..3232.641 rows=459925 loops=1)
              Hash Cond: (mi_idx.movie_id = t.id)
              ->  Seq Scan on movie_info_idx mi_idx  (cost=0.00..25185.44 rows=464566 width=4) (actual time=0.025..535.606 rows=459925 loops=1)
                    Filter: (info_type_id = 101)
                    Rows Removed by Filter: 920110
              ->  Hash  (cost=61283.27..61283.27 rows=2528527 width=4) (actual time=1949.380..1949.380 rows=2528312 loops=1)
                    Buckets: 131072  Batches: 64  Memory Usage: 2415kB
                    ->  Seq Scan on title t  (cost=0.00..61283.27 rows=2528527 width=4) (actual time=0.014..1119.364 rows=2528312 loops=1)
Planning time: 1.268 ms
Execution time: 17487.184 ms
