Hash Join  (cost=248771.78..1071819.74 rows=688256 width=0) (actual time=16600.298..21637.023 rows=1000215 loops=1)
  Hash Cond: (ci.movie_id = t.id)
  ->  Seq Scan on cast_info ci  (cost=0.00..796071.18 rows=1277659 width=4) (actual time=11120.874..15295.087 rows=938673 loops=1)
        Filter: ((person_id < 2752006) AND (role_id = 8))
        Rows Removed by Filter: 35305671
  ->  Hash  (cost=226424.78..226424.78 rows=1362080 width=8) (actual time=5477.708..5477.708 rows=1376157 loops=1)
        Buckets: 131072  Batches: 32  Memory Usage: 2696kB
        ->  Hash Join  (cost=102767.86..226424.78 rows=1362080 width=8) (actual time=2101.791..5090.034 rows=1376157 loops=1)
              Hash Cond: (mk.movie_id = t.id)
              ->  Seq Scan on movie_keyword mk  (cost=0.00..81003.12 rows=1362080 width=4) (actual time=0.034..1570.320 rows=1376157 loops=1)
                    Filter: (keyword_id > 12109)
                    Rows Removed by Filter: 3147773
              ->  Hash  (cost=61283.27..61283.27 rows=2528527 width=4) (actual time=2098.022..2098.022 rows=2528312 loops=1)
                    Buckets: 131072  Batches: 64  Memory Usage: 2425kB
                    ->  Seq Scan on title t  (cost=0.00..61283.27 rows=2528527 width=4) (actual time=0.009..1251.606 rows=2528312 loops=1)
Planning time: 1.559 ms
Execution time: 21746.921 ms
