Seq Scan on movie_keyword mk  (cost=0.00..81003.12 rows=3255283 width=0) (actual time=0.014..1203.605 rows=3246851 loops=1)
  Filter: (keyword_id < 13888)
  Rows Removed by Filter: 1277079
Planning time: 0.320 ms
Execution time: 1537.831 ms
