Hash Join  (cost=489489.40..1653165.52 rows=12642500 width=0) (actual time=8596.434..39672.934 rows=8422683 loops=1)
  Hash Cond: (ci.movie_id = t.id)
  ->  Seq Scan on cast_info ci  (cost=0.00..614943.12 rows=36225612 width=4) (actual time=0.012..13293.162 rows=36244344 loops=1)
  ->  Hash  (cost=475010.91..475010.91 rows=882439 width=8) (actual time=8594.327..8594.327 rows=276449 loops=1)
        Buckets: 131072  Batches: 16  Memory Usage: 1689kB
        ->  Hash Join  (cost=90606.68..475010.91 rows=882439 width=8) (actual time=1614.054..8517.558 rows=276449 loops=1)
              Hash Cond: (mi.movie_id = t.id)
              ->  Seq Scan on movie_info mi  (cost=0.00..346232.03 rows=2194617 width=4) (actual time=0.017..5714.124 rows=2233850 loops=1)
                    Filter: (info_type_id > 16)
                    Rows Removed by Filter: 12601870
              ->  Hash  (cost=73925.90..73925.90 rows=1016702 width=4) (actual time=1586.398..1586.398 rows=960113 loops=1)
                    Buckets: 131072  Batches: 16  Memory Usage: 3141kB
                    ->  Seq Scan on title t  (cost=0.00..73925.90 rows=1016702 width=4) (actual time=0.010..1279.745 rows=960113 loops=1)
                          Filter: ((production_year < 2008) AND (kind_id = 7))
                          Rows Removed by Filter: 1568199
Planning time: 0.771 ms
Execution time: 40630.631 ms
