Hash Join  (cost=178741.37..1020155.04 rows=1139190 width=0) (actual time=13432.151..20500.470 rows=2204179 loops=1)
  Hash Cond: (ci.movie_id = t.id)
  ->  Seq Scan on cast_info ci  (cost=0.00..796071.18 rows=2555359 width=4) (actual time=9163.375..14141.770 rows=2559205 loops=1)
        Filter: ((person_id > 225878) AND (role_id = 4))
        Rows Removed by Filter: 33685139
  ->  Hash  (cost=160247.02..160247.02 rows=1127228 width=8) (actual time=4267.609..4267.609 rows=1248329 loops=1)
        Buckets: 131072 (originally 131072)  Batches: 32 (originally 16)  Memory Usage: 4076kB
        ->  Hash Join  (cost=101489.21..160247.02 rows=1127228 width=8) (actual time=2009.777..3916.878 rows=1248329 loops=1)
              Hash Cond: (mi_idx.movie_id = t.id)
              ->  Seq Scan on movie_info_idx mi_idx  (cost=0.00..21735.35 rows=1380035 width=4) (actual time=0.030..526.931 rows=1380035 loops=1)
              ->  Hash  (cost=67604.59..67604.59 rows=2065330 width=4) (actual time=2008.856..2008.856 rows=2064552 loops=1)
                    Buckets: 131072  Batches: 32  Memory Usage: 3289kB
                    ->  Seq Scan on title t  (cost=0.00..67604.59 rows=2065330 width=4) (actual time=0.021..1345.521 rows=2064552 loops=1)
                          Filter: (production_year < 2011)
                          Rows Removed by Filter: 463760
Planning time: 1.731 ms
Execution time: 20759.379 ms
