Hash Join  (cost=162156.83..300486.19 rows=563301 width=0) (actual time=3287.454..7912.100 rows=3685247 loops=1)
  Hash Cond: (mk.movie_id = t.id)
  ->  Seq Scan on movie_keyword mk  (cost=0.00..81003.12 rows=4360326 width=4) (actual time=0.017..1981.032 rows=4346368 loops=1)
        Filter: (keyword_id > 121)
        Rows Removed by Filter: 177562
  ->  Hash  (cost=156797.64..156797.64 rows=326655 width=8) (actual time=3286.395..3286.395 rows=414312 loops=1)
        Buckets: 131072  Batches: 8  Memory Usage: 3066kB
        ->  Hash Join  (cost=80042.24..156797.64 rows=326655 width=8) (actual time=1379.470..3163.610 rows=414312 loops=1)
              Hash Cond: (mc.movie_id = t.id)
              ->  Seq Scan on movie_companies mc  (cost=0.00..57926.93 rows=1089578 width=4) (actual time=0.028..1127.462 rows=860029 loops=1)
                    Filter: ((company_id < 75654) AND (company_type_id = 2))
                    Rows Removed by Filter: 1749100
              ->  Hash  (cost=67604.59..67604.59 rows=758052 width=4) (actual time=1377.656..1377.656 rows=753677 loops=1)
                    Buckets: 131072  Batches: 16  Memory Usage: 2677kB
                    ->  Seq Scan on title t  (cost=0.00..67604.59 rows=758052 width=4) (actual time=0.027..1147.667 rows=753677 loops=1)
                          Filter: (kind_id < 3)
                          Rows Removed by Filter: 1774635
Planning time: 1.293 ms
Execution time: 8337.215 ms
