Hash Join  (cost=78556.72..878368.81 rows=21025 width=0) (actual time=1494.316..12474.778 rows=13164 loops=1)
  Hash Cond: (ci.movie_id = t.id)
  ->  Seq Scan on cast_info ci  (cost=0.00..796071.18 rows=79641 width=4) (actual time=61.094..10811.856 rows=36385 loops=1)
        Filter: ((person_id < 17444) AND (role_id > 2))
        Rows Removed by Filter: 36207959
  ->  Hash  (cost=67604.59..67604.59 rows=667531 width=4) (actual time=1432.152..1432.152 rows=662825 loops=1)
        Buckets: 131072  Batches: 16  Memory Usage: 2476kB
        ->  Seq Scan on title t  (cost=0.00..67604.59 rows=667531 width=4) (actual time=0.034..1124.404 rows=662825 loops=1)
              Filter: (kind_id = 1)
              Rows Removed by Filter: 1865487
Planning time: 0.785 ms
Execution time: 12476.630 ms
