Hash Join  (cost=122535.74..889289.47 rows=49170 width=0) (actual time=4718.712..17448.424 rows=54539 loops=1)
  Hash Cond: (ci.movie_id = t.id)
  ->  Seq Scan on cast_info ci  (cost=0.00..705507.15 rows=16201301 width=4) (actual time=2905.978..13116.125 rows=16121683 loops=1)
        Filter: (role_id > 2)
        Rows Removed by Filter: 20122661
  ->  Hash  (cost=122439.81..122439.81 rows=7674 width=8) (actual time=1806.115..1806.115 rows=6468 loops=1)
        Buckets: 8192  Batches: 1  Memory Usage: 317kB
        ->  Hash Join  (cost=67697.55..122439.81 rows=7674 width=8) (actual time=681.694..1803.319 rows=6468 loops=1)
              Hash Cond: (mc.movie_id = t.id)
              ->  Seq Scan on movie_companies mc  (cost=0.00..44881.29 rows=2609129 width=4) (actual time=0.023..636.872 rows=2609129 loops=1)
              ->  Hash  (cost=67604.59..67604.59 rows=7437 width=4) (actual time=681.421..681.421 rows=2181 loops=1)
                    Buckets: 8192  Batches: 1  Memory Usage: 141kB
                    ->  Seq Scan on title t  (cost=0.00..67604.59 rows=7437 width=4) (actual time=220.855..680.348 rows=2181 loops=1)
                          Filter: (production_year = 1942)
                          Rows Removed by Filter: 2526131
Planning time: 1.147 ms
Execution time: 17455.793 ms
