Hash Join  (cost=70218.80..195693.91 rows=285007 width=0) (actual time=1092.291..4230.518 rows=518296 loops=1)
  Hash Cond: (mk.movie_id = t.id)
  ->  Seq Scan on movie_keyword mk  (cost=0.00..69693.30 rows=4523930 width=4) (actual time=0.021..1395.488 rows=4523930 loops=1)
  ->  Hash  (cost=67604.59..67604.59 rows=159297 width=4) (actual time=1091.240..1091.240 rows=164184 loops=1)
        Buckets: 131072  Batches: 4  Memory Usage: 2471kB
        ->  Seq Scan on title t  (cost=0.00..67604.59 rows=159297 width=4) (actual time=0.021..1035.072 rows=164184 loops=1)
              Filter: (production_year < 1950)
              Rows Removed by Filter: 2364128
Planning time: 0.778 ms
Execution time: 4291.342 ms
