Seq Scan on title t  (cost=0.00..67604.59 rows=667531 width=94) (actual time=0.012..1223.833 rows=662825 loops=1)
  Filter: (kind_id = 1)
  Rows Removed by Filter: 1865487
Planning time: 0.512 ms
Execution time: 1266.206 ms
