Hash Join  (cost=113491.69..200404.18 rows=25445 width=156) (actual time=3730.495..4421.253 rows=20045 loops=1)
  Hash Cond: (mk.movie_id = t.id)
  ->  Seq Scan on movie_keyword mk  (cost=0.00..69693.30 rows=4523930 width=12) (actual time=0.012..1097.977 rows=4523930 loops=1)
  ->  Hash  (cost=113313.92..113313.92 rows=14222 width=144) (actual time=2499.396..2499.396 rows=6329 loops=1)
        Buckets: 16384  Batches: 1  Memory Usage: 1001kB
        ->  Hash Join  (cost=76026.76..113313.92 rows=14222 width=144) (actual time=2104.851..2494.682 rows=6329 loops=1)
              Hash Cond: (mi_idx.movie_id = t.id)
              ->  Seq Scan on movie_info_idx mi_idx  (cost=0.00..25185.44 rows=464934 width=50) (actual time=0.016..489.205 rows=460185 loops=1)
                    Filter: (info_type_id > 100)
                    Rows Removed by Filter: 919850
              ->  Hash  (cost=73925.90..73925.90 rows=77348 width=94) (actual time=1518.058..1518.058 rows=84109 loops=1)
                    Buckets: 32768  Batches: 4  Memory Usage: 2635kB
                    ->  Seq Scan on title t  (cost=0.00..73925.90 rows=77348 width=94) (actual time=373.039..1479.230 rows=84109 loops=1)
                          Filter: ((kind_id = 7) AND (production_year = 2008))
                          Rows Removed by Filter: 2444203
Planning time: 9.801 ms
Execution time: 4423.162 ms
