Seq Scan on movie_companies mc  (cost=0.00..51404.11 rows=104 width=0) (actual time=131.295..855.829 rows=6 loops=1)
  Filter: (company_id = 16036)
  Rows Removed by Filter: 2609123
Planning time: 0.358 ms
Execution time: 855.902 ms
