Hash Join  (cost=160526.42..959415.92 rows=2012628 width=0) (actual time=4892.288..19331.590 rows=2930637 loops=1)
  Hash Cond: (ci.movie_id = t.id)
  ->  Seq Scan on cast_info ci  (cost=0.00..705507.15 rows=6051489 width=4) (actual time=1491.711..12343.003 rows=6124513 loops=1)
        Filter: (person_id > 3037627)
        Rows Removed by Filter: 30119831
  ->  Hash  (cost=146729.58..146729.58 rows=840947 width=8) (actual time=3399.416..3399.416 rows=425718 loops=1)
        Buckets: 131072  Batches: 16  Memory Usage: 2062kB
        ->  Hash Join  (cost=92883.59..146729.58 rows=840947 width=8) (actual time=2213.815..3281.847 rows=425718 loops=1)
              Hash Cond: (mi_idx.movie_id = t.id)
              ->  Seq Scan on movie_info_idx mi_idx  (cost=0.00..21735.35 rows=1380035 width=4) (actual time=0.031..506.140 rows=1380035 loops=1)
              ->  Hash  (cost=67604.59..67604.59 rows=1540800 width=4) (actual time=1775.526..1775.526 rows=1543264 loops=1)
                    Buckets: 131072  Batches: 32  Memory Usage: 2722kB
                    ->  Seq Scan on title t  (cost=0.00..67604.59 rows=1540800 width=4) (actual time=0.029..1272.099 rows=1543264 loops=1)
                          Filter: (kind_id = 7)
                          Rows Removed by Filter: 985048
Planning time: 1.193 ms
Execution time: 19627.120 ms
