Hash Join  (cost=76725.80..499878.43 rows=420493 width=0) (actual time=1276.765..10474.886 rows=229346 loops=1)
  Hash Cond: (mi.movie_id = t.id)
  ->  Seq Scan on movie_info mi  (cost=0.00..346232.03 rows=6231111 width=4) (actual time=0.013..6644.909 rows=6223494 loops=1)
        Filter: (info_type_id > 8)
        Rows Removed by Filter: 8612226
  ->  Hash  (cost=73925.90..73925.90 rows=170632 width=4) (actual time=1275.893..1275.893 rows=170068 loops=1)
        Buckets: 131072  Batches: 4  Memory Usage: 2540kB
        ->  Seq Scan on title t  (cost=0.00..73925.90 rows=170632 width=4) (actual time=0.013..1212.579 rows=170068 loops=1)
              Filter: ((kind_id > 1) AND (production_year > 2011))
              Rows Removed by Filter: 2358244
Planning time: 0.713 ms
Execution time: 10503.499 ms
