Hash Join  (cost=73702.75..438828.77 rows=196732 width=0) (actual time=3845.587..7013.796 rows=821818 loops=1)
  Hash Cond: (mi.movie_id = t.id)
  ->  Seq Scan on movie_info mi  (cost=0.00..346232.03 rows=1338312 width=4) (actual time=2664.790..4972.924 rows=1401902 loops=1)
        Filter: (info_type_id = 7)
        Rows Removed by Filter: 13433818
  ->  Hash  (cost=67604.59..67604.59 rows=371693 width=4) (actual time=1179.741..1179.741 rows=366430 loops=1)
        Buckets: 131072  Batches: 8  Memory Usage: 2633kB
        ->  Seq Scan on title t  (cost=0.00..67604.59 rows=371693 width=4) (actual time=0.046..1056.229 rows=366430 loops=1)
              Filter: (production_year < 1970)
              Rows Removed by Filter: 2161882
Planning time: 0.850 ms
Execution time: 7111.826 ms
