Seq Scan on cast_info ci  (cost=0.00..796071.18 rows=865275 width=0) (actual time=3298.542..11538.258 rows=283372 loops=1)
  Filter: ((person_id < 696147) AND (role_id = 10))
  Rows Removed by Filter: 35960972
Planning time: 0.390 ms
Execution time: 11574.945 ms
