Hash Join  (cost=80549.28..585465.01 rows=2353280 width=0) (actual time=1599.987..14057.070 rows=855757 loops=1)
  Hash Cond: (mi.movie_id = t.id)
  ->  Seq Scan on movie_info mi  (cost=0.00..309384.22 rows=14739122 width=4) (actual time=0.012..5772.542 rows=14835720 loops=1)
  ->  Hash  (cost=73925.90..73925.90 rows=403710 width=4) (actual time=1494.891..1494.891 rows=434218 loops=1)
        Buckets: 131072  Batches: 8  Memory Usage: 2941kB
        ->  Seq Scan on title t  (cost=0.00..73925.90 rows=403710 width=4) (actual time=0.021..1145.809 rows=434218 loops=1)
              Filter: ((production_year > 2008) AND (kind_id = 7))
              Rows Removed by Filter: 2094094
Planning time: 0.755 ms
Execution time: 14162.387 ms
