Seq Scan on movie_companies mc  (cost=0.00..57926.93 rows=754218 width=0) (actual time=0.023..1008.798 rows=469795 loops=1)
  Filter: ((company_id < 13366) AND (company_type_id = 2))
  Rows Removed by Filter: 2139334
Planning time: 0.387 ms
Execution time: 1070.553 ms
