Hash Join  (cost=906075.01..1034928.08 rows=562303 width=0) (actual time=15381.579..19386.312 rows=3018600 loops=1)
  Hash Cond: (mk.movie_id = t.id)
  ->  Seq Scan on movie_keyword mk  (cost=0.00..69693.30 rows=4523930 width=4) (actual time=0.020..1389.778 rows=4523930 loops=1)
  ->  Hash  (cost=900918.46..900918.46 rows=314284 width=8) (actual time=15380.507..15380.507 rows=469139 loops=1)
        Buckets: 131072  Batches: 8  Memory Usage: 3314kB
        ->  Hash Join  (cost=87162.74..900918.46 rows=314284 width=8) (actual time=9070.656..15227.098 rows=469139 loops=1)
              Hash Cond: (ci.movie_id = t.id)
              ->  Seq Scan on cast_info ci  (cost=0.00..796071.18 rows=984987 width=4) (actual time=7582.073..12774.098 rows=1365347 loops=1)
                    Filter: ((person_id > 2358203) AND (role_id = 4))
                    Rows Removed by Filter: 34878997
              ->  Hash  (cost=73925.90..73925.90 rows=806787 width=4) (actual time=1487.367..1487.367 rows=843018 loops=1)
                    Buckets: 131072  Batches: 16  Memory Usage: 2879kB
                    ->  Seq Scan on title t  (cost=0.00..73925.90 rows=806787 width=4) (actual time=0.019..1230.509 rows=843018 loops=1)
                          Filter: ((kind_id < 7) AND (production_year < 2011))
                          Rows Removed by Filter: 1685294
Planning time: 1.184 ms
Execution time: 19753.101 ms
