Seq Scan on movie_companies mc  (cost=0.00..51404.11 rows=424458 width=0) (actual time=388.982..912.752 rows=428606 loops=1)
  Filter: (company_id > 79300)
  Rows Removed by Filter: 2180523
Planning time: 0.305 ms
Execution time: 965.873 ms
