Nested Loop  (cost=0.43..709671.90 rows=500 width=0) (actual time=450.768..11253.969 rows=843 loops=1)
  ->  Seq Scan on cast_info ci  (cost=0.00..705507.15 rows=500 width=4) (actual time=450.692..11243.105 rows=843 loops=1)
        Filter: (person_id = 422093)
        Rows Removed by Filter: 36243501
  ->  Index Only Scan using title_pkey on title t  (cost=0.43..8.32 rows=1 width=4) (actual time=0.012..0.012 rows=1 loops=843)
        Index Cond: (id = ci.movie_id)
        Heap Fetches: 843
Planning time: 0.755 ms
Execution time: 11254.219 ms
