Hash Join  (cost=75859.28..562992.35 rows=686614 width=0) (actual time=1243.382..12093.610 rows=1103950 loops=1)
  Hash Cond: (mi.movie_id = t.id)
  ->  Seq Scan on movie_info mi  (cost=0.00..309384.22 rows=14739122 width=4) (actual time=0.006..5002.538 rows=14835720 loops=1)
  ->  Hash  (cost=73925.90..73925.90 rows=117790 width=4) (actual time=1242.618..1242.618 rows=112195 loops=1)
        Buckets: 131072  Batches: 2  Memory Usage: 3000kB
        ->  Seq Scan on title t  (cost=0.00..73925.90 rows=117790 width=4) (actual time=0.016..1198.517 rows=112195 loops=1)
              Filter: ((kind_id < 3) AND (production_year > 2010))
              Rows Removed by Filter: 2416117
Planning time: 0.762 ms
Execution time: 12222.191 ms
