Hash Join  (cost=156649.15..218919.15 rows=124132 width=0) (actual time=3252.967..4607.065 rows=313438 loops=1)
  Hash Cond: (mc.movie_id = t.id)
  ->  Seq Scan on movie_companies mc  (cost=0.00..51404.11 rows=675086 width=4) (actual time=0.008..900.982 rows=680771 loops=1)
        Filter: (company_id > 48680)
        Rows Removed by Filter: 1928358
  ->  Hash  (cost=149020.47..149020.47 rows=464934 width=8) (actual time=3252.339..3252.339 rows=460185 loops=1)
        Buckets: 131072  Batches: 8  Memory Usage: 3276kB
        ->  Hash Join  (cost=102767.86..149020.47 rows=464934 width=8) (actual time=1781.193..3107.034 rows=460185 loops=1)
              Hash Cond: (mi_idx.movie_id = t.id)
              ->  Seq Scan on movie_info_idx mi_idx  (cost=0.00..25185.44 rows=464934 width=4) (actual time=0.015..493.139 rows=460185 loops=1)
                    Filter: (info_type_id > 100)
                    Rows Removed by Filter: 919850
              ->  Hash  (cost=61283.27..61283.27 rows=2528527 width=4) (actual time=1779.764..1779.764 rows=2528312 loops=1)
                    Buckets: 131072  Batches: 64  Memory Usage: 2415kB
                    ->  Seq Scan on title t  (cost=0.00..61283.27 rows=2528527 width=4) (actual time=7.136..958.476 rows=2528312 loops=1)
Planning time: 0.758 ms
Execution time: 4639.554 ms
