Seq Scan on movie_companies mc  (cost=0.00..57926.93 rows=581928 width=0) (actual time=0.026..1024.964 rows=867067 loops=1)
  Filter: ((company_id > 13114) AND (company_type_id > 1))
  Rows Removed by Filter: 1742062
Planning time: 0.319 ms
Execution time: 1130.491 ms
