Hash Join  (cost=96184.51..499656.74 rows=1646248 width=0) (actual time=3183.429..10630.521 rows=1480966 loops=1)
  Hash Cond: (mi.movie_id = t.id)
  ->  Seq Scan on movie_info mi  (cost=0.00..346232.03 rows=3068194 width=4) (actual time=1396.190..5432.126 rows=3036719 loops=1)
        Filter: (info_type_id = 16)
        Rows Removed by Filter: 11799001
  ->  Hash  (cost=73925.90..73925.90 rows=1356688 width=4) (actual time=1785.730..1785.730 rows=1327781 loops=1)
        Buckets: 131072  Batches: 32  Memory Usage: 2485kB
        ->  Seq Scan on title t  (cost=0.00..73925.90 rows=1356688 width=4) (actual time=0.029..1346.466 rows=1327781 loops=1)
              Filter: ((production_year < 2012) AND (kind_id = 7))
              Rows Removed by Filter: 1200531
Planning time: 0.542 ms
Execution time: 10783.203 ms
