Seq Scan on movie_keyword mk  (cost=0.00..81003.12 rows=2701057 width=0) (actual time=0.014..1134.633 rows=2692831 loops=1)
  Filter: (keyword_id > 3009)
  Rows Removed by Filter: 1831099
Planning time: 0.248 ms
Execution time: 1415.450 ms
