Seq Scan on movie_companies mc  (cost=0.00..57926.93 rows=537938 width=0) (actual time=0.022..982.147 rows=746328 loops=1)
  Filter: ((company_id < 7229) AND (company_type_id < 2))
  Rows Removed by Filter: 1862801
Planning time: 0.297 ms
Execution time: 1076.854 ms
