Hash Join  (cost=102767.86..298032.51 rows=4337940 width=0) (actual time=2020.377..7457.827 rows=4333737 loops=1)
  Hash Cond: (mk.movie_id = t.id)
  ->  Seq Scan on movie_keyword mk  (cost=0.00..81003.12 rows=4337940 width=4) (actual time=0.010..1954.201 rows=4333737 loops=1)
        Filter: (keyword_id < 70913)
        Rows Removed by Filter: 190193
  ->  Hash  (cost=61283.27..61283.27 rows=2528527 width=4) (actual time=2017.891..2017.891 rows=2528312 loops=1)
        Buckets: 131072  Batches: 64  Memory Usage: 2425kB
        ->  Seq Scan on title t  (cost=0.00..61283.27 rows=2528527 width=4) (actual time=0.017..1139.969 rows=2528312 loops=1)
Planning time: 0.672 ms
Execution time: 7943.135 ms
