Hash Join  (cost=936242.36..1465538.31 rows=4638102 width=0) (actual time=13966.224..29472.643 rows=9594924 loops=1)
  Hash Cond: (mi.movie_id = t.id)
  ->  Seq Scan on movie_info mi  (cost=0.00..309384.22 rows=14739122 width=4) (actual time=0.014..5834.629 rows=14835720 loops=1)
  ->  Hash  (cost=923187.41..923187.41 rows=795676 width=8) (actual time=13965.352..13965.352 rows=339733 loops=1)
        Buckets: 131072  Batches: 16  Memory Usage: 1870kB
        ->  Hash Join  (cost=87150.54..923187.41 rows=795676 width=8) (actual time=2192.603..13868.884 rows=339733 loops=1)
              Hash Cond: (ci.movie_id = t.id)
              ->  Seq Scan on cast_info ci  (cost=0.00..796071.18 rows=2495982 width=4) (actual time=668.838..11496.863 rows=1041366 loops=1)
                    Filter: ((person_id < 357113) AND (role_id > 1))
                    Rows Removed by Filter: 35202978
              ->  Hash  (cost=73925.90..73925.90 rows=806051 width=4) (actual time=1508.474..1508.474 rows=719730 loops=1)
                    Buckets: 131072  Batches: 16  Memory Usage: 2606kB
                    ->  Seq Scan on title t  (cost=0.00..73925.90 rows=806051 width=4) (actual time=0.032..1283.304 rows=719730 loops=1)
                          Filter: ((kind_id < 7) AND (production_year > 1971))
                          Rows Removed by Filter: 1808582
Planning time: 1.243 ms
Execution time: 30602.474 ms
