Hash Join  (cost=154654.97..878233.79 rows=18822 width=0) (actual time=3694.278..15094.959 rows=86880 loops=1)
  Hash Cond: (ci.movie_id = t.id)
  ->  Seq Scan on cast_info ci  (cost=0.00..705507.15 rows=3576689 width=4) (actual time=1121.821..11776.859 rows=3454233 loops=1)
        Filter: (person_id < 331802)
        Rows Removed by Filter: 32790111
  ->  Hash  (cost=154488.65..154488.65 rows=13306 width=8) (actual time=2571.601..2571.601 rows=19797 loops=1)
        Buckets: 32768 (originally 16384)  Batches: 1 (originally 1)  Memory Usage: 1030kB
        ->  Hash Join  (cost=67697.55..154488.65 rows=13306 width=8) (actual time=865.015..2564.403 rows=19797 loops=1)
              Hash Cond: (mk.movie_id = t.id)
              ->  Seq Scan on movie_keyword mk  (cost=0.00..69693.30 rows=4523930 width=4) (actual time=0.015..841.737 rows=4523930 loops=1)
              ->  Hash  (cost=67604.59..67604.59 rows=7437 width=4) (actual time=864.555..864.555 rows=7199 loops=1)
                    Buckets: 8192  Batches: 1  Memory Usage: 318kB
                    ->  Seq Scan on title t  (cost=0.00..67604.59 rows=7437 width=4) (actual time=0.036..860.912 rows=7199 loops=1)
                          Filter: (production_year = 1954)
                          Rows Removed by Filter: 2521113
Planning time: 1.227 ms
Execution time: 15106.556 ms
