Seq Scan on movie_companies mc  (cost=0.00..51404.11 rows=482966 width=0) (actual time=235.224..880.273 rows=486203 loops=1)
  Filter: (company_id > 74905)
  Rows Removed by Filter: 2122926
Planning time: 0.308 ms
Execution time: 944.458 ms
