Hash Join  (cost=165698.08..292121.05 rows=362793 width=0) (actual time=3739.135..6895.155 rows=719271 loops=1)
  Hash Cond: (mk.movie_id = t.id)
  ->  Seq Scan on movie_keyword mk  (cost=0.00..69693.30 rows=4523930 width=4) (actual time=0.012..1328.691 rows=4523930 loops=1)
  ->  Hash  (cost=162370.42..162370.42 rows=202773 width=8) (actual time=3738.197..3738.197 rows=249660 loops=1)
        Buckets: 131072  Batches: 4  Memory Usage: 3467kB
        ->  Hash Join  (cost=98137.04..162370.42 rows=202773 width=8) (actual time=1915.969..3664.160 rows=249660 loops=1)
              Hash Cond: (mc.movie_id = t.id)
              ->  Seq Scan on movie_companies mc  (cost=0.00..51404.11 rows=275507 width=4) (actual time=0.023..933.470 rows=271432 loops=1)
                    Filter: (company_id < 145)
                    Rows Removed by Filter: 2337697
              ->  Hash  (cost=67604.59..67604.59 rows=1860996 width=4) (actual time=1914.274..1914.274 rows=1865487 loops=1)
                    Buckets: 131072  Batches: 32  Memory Usage: 3079kB
                    ->  Seq Scan on title t  (cost=0.00..67604.59 rows=1860996 width=4) (actual time=0.020..1305.186 rows=1865487 loops=1)
                          Filter: (kind_id > 1)
                          Rows Removed by Filter: 662825
Planning time: 1.154 ms
Execution time: 6981.607 ms
