Hash Join  (cost=70308.29..142210.89 rows=71118 width=0) (actual time=1145.323..2819.329 rows=45850 loops=1)
  Hash Cond: (mc.movie_id = t.id)
  ->  Seq Scan on movie_companies mc  (cost=0.00..57926.93 rows=1091330 width=4) (actual time=32.988..1155.673 rows=1274246 loops=1)
        Filter: ((company_id < 83438) AND (company_type_id < 2))
        Rows Removed by Filter: 1334883
  ->  Hash  (cost=67604.59..67604.59 rows=164776 width=4) (actual time=1111.525..1111.525 rows=164307 loops=1)
        Buckets: 131072  Batches: 4  Memory Usage: 2482kB
        ->  Seq Scan on title t  (cost=0.00..67604.59 rows=164776 width=4) (actual time=0.026..1052.526 rows=164307 loops=1)
              Filter: (production_year = 2012)
              Rows Removed by Filter: 2364005
Planning time: 0.736 ms
Execution time: 2826.222 ms
