Seq Scan on movie_keyword mk  (cost=0.00..81003.12 rows=4329090 width=0) (actual time=0.021..1655.550 rows=4326106 loops=1)
  Filter: (keyword_id < 69221)
  Rows Removed by Filter: 197824
Planning time: 0.280 ms
Execution time: 2201.848 ms
