Seq Scan on movie_keyword mk  (cost=0.00..81003.12 rows=566520 width=0) (actual time=0.025..1263.749 rows=567281 loops=1)
  Filter: (keyword_id < 402)
  Rows Removed by Filter: 3956649
Planning time: 0.311 ms
Execution time: 1336.597 ms
