Hash Join  (cost=169379.39..939655.04 rows=1529959 width=0) (actual time=4510.664..19188.850 rows=3664400 loops=1)
  Hash Cond: (ci.movie_id = t.id)
  ->  Seq Scan on cast_info ci  (cost=0.00..705507.15 rows=3947175 width=4) (actual time=422.198..11621.795 rows=3820417 loops=1)
        Filter: (person_id < 366271)
        Rows Removed by Filter: 32423927
  ->  Hash  (cost=153299.40..153299.40 rows=980079 width=8) (actual time=4087.405..4087.405 rows=1127306 loops=1)
        Buckets: 131072  Batches: 16  Memory Usage: 3788kB
        ->  Hash Join  (cost=97066.09..153299.40 rows=980079 width=8) (actual time=1939.433..3743.427 rows=1127306 loops=1)
              Hash Cond: (mi_idx.movie_id = t.id)
              ->  Seq Scan on movie_info_idx mi_idx  (cost=0.00..21735.35 rows=1380035 width=4) (actual time=0.019..455.098 rows=1380035 loops=1)
              ->  Hash  (cost=67604.59..67604.59 rows=1795720 width=4) (actual time=1938.680..1938.680 rows=1794153 loops=1)
                    Buckets: 131072  Batches: 32  Memory Usage: 2992kB
                    ->  Seq Scan on title t  (cost=0.00..67604.59 rows=1795720 width=4) (actual time=0.022..1354.276 rows=1794153 loops=1)
                          Filter: (production_year < 2009)
                          Rows Removed by Filter: 734159
Planning time: 1.299 ms
Execution time: 19640.135 ms
