Hash Join  (cost=78230.90..147413.88 rows=137982 width=0) (actual time=1329.859..2788.275 rows=93342 loops=1)
  Hash Cond: (mc.movie_id = t.id)
  ->  Seq Scan on movie_companies mc  (cost=0.00..51404.11 rows=1329612 width=4) (actual time=0.010..946.937 rows=1334883 loops=1)
        Filter: (company_type_id = 2)
        Rows Removed by Filter: 1274246
  ->  Hash  (cost=73925.90..73925.90 rows=262400 width=4) (actual time=1328.924..1328.924 rows=129927 loops=1)
        Buckets: 131072  Batches: 4  Memory Usage: 2165kB
        ->  Seq Scan on title t  (cost=0.00..73925.90 rows=262400 width=4) (actual time=0.015..1282.765 rows=129927 loops=1)
              Filter: ((kind_id > 1) AND (production_year < 1969))
              Rows Removed by Filter: 2398385
Planning time: 0.838 ms
Execution time: 2796.535 ms
