Hash Join  (cost=129138.49..497548.25 rows=6316 width=0) (actual time=3689.740..9081.744 rows=75051 loops=1)
  Hash Cond: (mi.movie_id = t.id)
  ->  Seq Scan on movie_info mi  (cost=0.00..346232.03 rows=5897221 width=4) (actual time=1370.903..5816.041 rows=5884963 loops=1)
        Filter: (info_type_id < 7)
        Rows Removed by Filter: 8950757
  ->  Hash  (cost=129104.64..129104.64 rows=2708 width=8) (actual time=2291.723..2291.723 rows=7174 loops=1)
        Buckets: 8192 (originally 4096)  Batches: 1 (originally 1)  Memory Usage: 345kB
        ->  Hash Join  (cost=67697.55..129104.64 rows=2708 width=8) (actual time=1102.489..2288.672 rows=7174 loops=1)
              Hash Cond: (mc.movie_id = t.id)
              ->  Seq Scan on movie_companies mc  (cost=0.00..57926.93 rows=920820 width=4) (actual time=0.031..1025.524 rows=760056 loops=1)
                    Filter: ((company_id > 1407) AND (company_type_id = 1))
                    Rows Removed by Filter: 1849073
              ->  Hash  (cost=67604.59..67604.59 rows=7437 width=4) (actual time=1102.162..1102.162 rows=19861 loops=1)
                    Buckets: 32768 (originally 8192)  Batches: 1 (originally 1)  Memory Usage: 955kB
                    ->  Seq Scan on title t  (cost=0.00..67604.59 rows=7437 width=4) (actual time=0.046..1092.495 rows=19861 loops=1)
                          Filter: (production_year = 1988)
                          Rows Removed by Filter: 2508451
Planning time: 1.251 ms
Execution time: 9092.642 ms
