Seq Scan on cast_info ci  (cost=0.00..705507.15 rows=26899244 width=0) (actual time=977.246..13062.762 rows=27063640 loops=1)
  Filter: (person_id > 902909)
  Rows Removed by Filter: 9180704
Planning time: 0.308 ms
Execution time: 16372.440 ms
