Seq Scan on movie_keyword mk  (cost=0.00..81003.12 rows=246 width=0) (actual time=0.389..1284.726 rows=46 loops=1)
  Filter: (keyword_id = 6843)
  Rows Removed by Filter: 4523884
Planning time: 0.344 ms
Execution time: 1284.847 ms
