Hash Join  (cost=98864.94..712793.29 rows=8359543 width=0) (actual time=1938.170..19404.629 rows=5593890 loops=1)
  Hash Cond: (mi.movie_id = t.id)
  ->  Seq Scan on movie_info mi  (cost=0.00..346232.03 rows=13905379 width=4) (actual time=0.011..7218.956 rows=13949798 loops=1)
        Filter: (info_type_id < 97)
        Rows Removed by Filter: 885922
  ->  Hash  (cost=73925.90..73925.90 rows=1520083 width=4) (actual time=1936.998..1936.998 rows=1507233 loops=1)
        Buckets: 131072  Batches: 32  Memory Usage: 2686kB
        ->  Seq Scan on title t  (cost=0.00..73925.90 rows=1520083 width=4) (actual time=0.012..1439.013 rows=1507233 loops=1)
              Filter: ((kind_id > 1) AND (production_year < 2011))
              Rows Removed by Filter: 1021079
Planning time: 0.793 ms
Execution time: 20038.286 ms
