Hash Join  (cost=79362.67..111777.84 rows=60407 width=0) (actual time=1296.859..2148.356 rows=147151 loops=1)
  Hash Cond: (mi_idx.movie_id = t.id)
  ->  Seq Scan on movie_info_idx mi_idx  (cost=0.00..25185.44 rows=460978 width=4) (actual time=0.014..464.877 rows=459925 loops=1)
        Filter: (info_type_id = 99)
        Rows Removed by Filter: 920110
  ->  Hash  (cost=73925.90..73925.90 rows=331341 width=4) (actual time=1295.830..1295.830 rows=454939 loops=1)
        Buckets: 131072  Batches: 8  Memory Usage: 3032kB
        ->  Seq Scan on title t  (cost=0.00..73925.90 rows=331341 width=4) (actual time=0.049..1154.487 rows=454939 loops=1)
              Filter: ((kind_id < 4) AND (production_year < 1999))
              Rows Removed by Filter: 2073373
Planning time: 0.775 ms
Execution time: 2167.138 ms
