Seq Scan on movie_keyword mk  (cost=0.00..81003.12 rows=246 width=0) (actual time=0.269..1345.096 rows=1089 loops=1)
  Filter: (keyword_id = 3993)
  Rows Removed by Filter: 4522841
Planning time: 0.351 ms
Execution time: 1345.619 ms
