Hash Join  (cost=97651.38..148885.57 rows=789271 width=0) (actual time=2347.828..3902.299 rows=651786 loops=1)
  Hash Cond: (mi_idx.movie_id = t.id)
  ->  Seq Scan on movie_info_idx mi_idx  (cost=0.00..21735.35 rows=1380035 width=4) (actual time=0.014..492.292 rows=1380035 loops=1)
  ->  Hash  (cost=73925.90..73925.90 rows=1446118 width=4) (actual time=2346.880..2346.880 rows=1571232 loops=1)
        Buckets: 131072  Batches: 32  Memory Usage: 2761kB
        ->  Seq Scan on title t  (cost=0.00..73925.90 rows=1446118 width=4) (actual time=0.026..1505.268 rows=1571232 loops=1)
              Filter: ((kind_id > 1) AND (production_year > 1978))
              Rows Removed by Filter: 957080
Planning time: 0.747 ms
Execution time: 3978.983 ms
