Seq Scan on movie_keyword mk  (cost=0.00..81003.12 rows=1969571 width=0) (actual time=0.031..1518.623 rows=1978035 loops=1)
  Filter: (keyword_id > 6395)
  Rows Removed by Filter: 2545895
Planning time: 0.328 ms
Execution time: 1758.337 ms
