Seq Scan on title t  (cost=0.00..73925.90 rows=1691769 width=0) (actual time=0.008..1352.915 rows=1794788 loops=1)
  Filter: ((kind_id > 1) AND (production_year > 1950))
  Rows Removed by Filter: 733524
Planning time: 0.244 ms
Execution time: 1573.225 ms
