Seq Scan on cast_info ci  (cost=0.00..796071.18 rows=26323854 width=0) (actual time=0.019..17424.780 rows=26210018 loops=1)
  Filter: ((person_id > 281581) AND (role_id < 8))
  Rows Removed by Filter: 10034326
Planning time: 0.302 ms
Execution time: 20539.248 ms
