Seq Scan on movie_companies mc  (cost=0.00..51404.11 rows=199329 width=0) (actual time=0.030..884.956 rows=200792 loops=1)
  Filter: (company_id > 113188)
  Rows Removed by Filter: 2408337
Planning time: 0.321 ms
Execution time: 909.455 ms
