Hash Join  (cost=96735.51..663014.18 rows=8104175 width=0) (actual time=1982.092..17115.676 rows=5114541 loops=1)
  Hash Cond: (mi.movie_id = t.id)
  ->  Seq Scan on movie_info mi  (cost=0.00..309384.22 rows=14739122 width=4) (actual time=0.010..6378.205 rows=14835720 loops=1)
  ->  Hash  (cost=73925.90..73925.90 rows=1390288 width=4) (actual time=1981.196..1981.196 rows=1518592 loops=1)
        Buckets: 131072  Batches: 32  Memory Usage: 2709kB
        ->  Seq Scan on title t  (cost=0.00..73925.90 rows=1390288 width=4) (actual time=0.014..1459.227 rows=1518592 loops=1)
              Filter: ((kind_id > 1) AND (production_year > 1983))
              Rows Removed by Filter: 1009720
Planning time: 0.745 ms
Execution time: 17640.538 ms
