Hash Join  (cost=76746.21..1131862.00 rows=1937332 width=0) (actual time=1224.776..30132.419 rows=2681976 loops=1)
  Hash Cond: (ci.movie_id = t.id)
  ->  Seq Scan on cast_info ci  (cost=0.00..705507.15 rows=28502752 width=4) (actual time=0.067..15628.554 rows=28500547 loops=1)
        Filter: (person_id < 2903072)
        Rows Removed by Filter: 7743797
  ->  Hash  (cost=73925.90..73925.90 rows=171864 width=4) (actual time=1221.822..1221.822 rows=275829 loops=1)
        Buckets: 131072  Batches: 4  Memory Usage: 3453kB
        ->  Seq Scan on title t  (cost=0.00..73925.90 rows=171864 width=4) (actual time=0.010..1132.804 rows=275829 loops=1)
              Filter: ((kind_id < 7) AND (production_year < 1975))
              Rows Removed by Filter: 2252483
Planning time: 0.606 ms
Execution time: 30448.309 ms
