Nested Loop  (cost=32636.42..399122.73 rows=3221 width=0) (actual time=2161.171..6994.801 rows=26578 loops=1)
  Join Filter: (mi.movie_id = t.id)
  ->  Hash Join  (cost=32635.99..384098.45 rows=17546 width=8) (actual time=2161.033..6369.330 rows=26578 loops=1)
        Hash Cond: (mi.movie_id = mi_idx.movie_id)
        ->  Seq Scan on movie_info mi  (cost=0.00..346232.03 rows=17937 width=4) (actual time=1486.386..5583.760 rows=36985 loops=1)
              Filter: (info_type_id = 104)
              Rows Removed by Filter: 14798735
        ->  Hash  (cost=25185.44..25185.44 rows=454124 width=4) (actual time=673.902..673.902 rows=459925 loops=1)
              Buckets: 131072  Batches: 8  Memory Usage: 3059kB
              ->  Seq Scan on movie_info_idx mi_idx  (cost=0.00..25185.44 rows=454124 width=4) (actual time=0.034..525.991 rows=459925 loops=1)
                    Filter: (info_type_id = 100)
                    Rows Removed by Filter: 920110
  ->  Index Only Scan using title_pkey on title t  (cost=0.43..0.84 rows=1 width=4) (actual time=0.023..0.023 rows=1 loops=26578)
        Index Cond: (id = mi_idx.movie_id)
        Heap Fetches: 26578
Planning time: 8.224 ms
Execution time: 7000.888 ms
