Nested Loop  (cost=0.43..709674.40 rows=172 width=0) (actual time=4121.590..10870.640 rows=3 loops=1)
  ->  Seq Scan on cast_info ci  (cost=0.00..705507.15 rows=500 width=4) (actual time=4121.497..10869.580 rows=66 loops=1)
        Filter: (person_id = 2051860)
        Rows Removed by Filter: 36244278
  ->  Index Scan using title_pkey on title t  (cost=0.43..8.32 rows=1 width=4) (actual time=0.015..0.015 rows=0 loops=66)
        Index Cond: (id = ci.movie_id)
        Filter: ((kind_id < 7) AND (production_year < 2012))
        Rows Removed by Filter: 1
Planning time: 0.816 ms
Execution time: 10871.468 ms
