Hash Join  (cost=219197.63..1074522.16 rows=1746143 width=0) (actual time=5499.348..18203.142 rows=1010755 loops=1)
  Hash Cond: (ci.movie_id = t.id)
  ->  Seq Scan on cast_info ci  (cost=0.00..796071.18 rows=2776983 width=4) (actual time=992.843..12372.904 rows=893173 loops=1)
        Filter: ((person_id < 2369568) AND (role_id = 10))
        Rows Removed by Filter: 35351171
  ->  Hash  (cost=193112.68..193112.68 rows=1589916 width=8) (actual time=4505.420..4505.420 rows=717308 loops=1)
        Buckets: 131072  Batches: 32  Memory Usage: 1871kB
        ->  Hash Join  (cost=92883.59..193112.68 rows=1589916 width=8) (actual time=1693.237..4320.890 rows=717308 loops=1)
              Hash Cond: (mc.movie_id = t.id)
              ->  Seq Scan on movie_companies mc  (cost=0.00..44881.29 rows=2609129 width=4) (actual time=0.034..1049.325 rows=2609129 loops=1)
              ->  Hash  (cost=67604.59..67604.59 rows=1540800 width=4) (actual time=1692.242..1692.242 rows=1543264 loops=1)
                    Buckets: 131072  Batches: 32  Memory Usage: 2722kB
                    ->  Seq Scan on title t  (cost=0.00..67604.59 rows=1540800 width=4) (actual time=0.022..1192.711 rows=1543264 loops=1)
                          Filter: (kind_id = 7)
                          Rows Removed by Filter: 985048
Planning time: 1.119 ms
Execution time: 18324.927 ms
