Nested Loop  (cost=0.43..797555.70 rows=176 width=0) (actual time=4453.914..10987.608 rows=118 loops=1)
  ->  Seq Scan on cast_info ci  (cost=0.00..796071.18 rows=176 width=4) (actual time=4453.835..10986.858 rows=118 loops=1)
        Filter: ((person_id = 83397) AND (role_id = 1))
        Rows Removed by Filter: 36244226
  ->  Index Only Scan using title_pkey on title t  (cost=0.43..8.42 rows=1 width=4) (actual time=0.005..0.006 rows=1 loops=118)
        Index Cond: (id = ci.movie_id)
        Heap Fetches: 118
Planning time: 3.212 ms
Execution time: 10987.695 ms
