Seq Scan on cast_info ci  (cost=0.00..705507.15 rows=500 width=0) (actual time=3624.775..10875.402 rows=466 loops=1)
  Filter: (person_id = 946776)
  Rows Removed by Filter: 36243878
Planning time: 0.349 ms
Execution time: 10875.595 ms
