Seq Scan on cast_info ci  (cost=0.00..705507.15 rows=500 width=0) (actual time=4643.888..11245.879 rows=4 loops=1)
  Filter: (person_id = 2309837)
  Rows Removed by Filter: 36244340
Planning time: 0.404 ms
Execution time: 11245.987 ms
