Hash Join  (cost=102558.56..469425.54 rows=221105 width=0) (actual time=1516.371..8750.489 rows=184359 loops=1)
  Hash Cond: (mi.movie_id = t.id)
  ->  Seq Scan on movie_info mi  (cost=0.00..309384.22 rows=14739122 width=4) (actual time=0.003..4142.920 rows=14835720 loops=1)
  ->  Hash  (cost=102084.42..102084.42 rows=37931 width=8) (actual time=1515.275..1515.275 rows=20313 loops=1)
        Buckets: 65536  Batches: 1  Memory Usage: 1306kB
        ->  Hash Join  (cost=74794.63..102084.42 rows=37931 width=8) (actual time=1160.700..1509.934 rows=20313 loops=1)
              Hash Cond: (mi_idx.movie_id = t.id)
              ->  Seq Scan on movie_info_idx mi_idx  (cost=0.00..21735.35 rows=1380035 width=4) (actual time=0.023..134.227 rows=1380035 loops=1)
              ->  Hash  (cost=73925.90..73925.90 rows=69498 width=4) (actual time=1159.994..1159.994 rows=84506 loops=1)
                    Buckets: 131072  Batches: 1  Memory Usage: 3995kB
                    ->  Seq Scan on title t  (cost=0.00..73925.90 rows=69498 width=4) (actual time=0.032..1126.806 rows=84506 loops=1)
                          Filter: ((kind_id > 4) AND (production_year = 2007))
                          Rows Removed by Filter: 2443806
Planning time: 1.170 ms
Execution time: 8774.232 ms
