Seq Scan on title t  (cost=0.00..73925.90 rows=1384371 width=0) (actual time=0.017..1349.258 rows=1463066 loops=1)
  Filter: ((kind_id > 4) AND (production_year > 1956))
  Rows Removed by Filter: 1065246
Planning time: 0.304 ms
Execution time: 1532.057 ms
