Seq Scan on cast_info ci  (cost=0.00..796071.18 rows=131599 width=0) (actual time=7229.022..12077.673 rows=122908 loops=1)
  Filter: ((person_id < 166317) AND (role_id = 4))
  Rows Removed by Filter: 36121436
Planning time: 0.459 ms
Execution time: 12093.505 ms
