Hash Join  (cost=139599.66..1238127.21 rows=6300644 width=0) (actual time=3130.614..35633.861 rows=8790075 loops=1)
  Hash Cond: (ci.movie_id = t.id)
  ->  Seq Scan on cast_info ci  (cost=0.00..614943.12 rows=36225612 width=4) (actual time=0.018..13433.469 rows=36244344 loops=1)
  ->  Hash  (cost=132384.40..132384.40 rows=439781 width=8) (actual time=3129.923..3129.923 rows=215175 loops=1)
        Buckets: 131072  Batches: 8  Memory Usage: 2066kB
        ->  Hash Join  (cost=87146.10..132384.40 rows=439781 width=8) (actual time=2192.187..3067.604 rows=215175 loops=1)
              Hash Cond: (mi_idx.movie_id = t.id)
              ->  Seq Scan on movie_info_idx mi_idx  (cost=0.00..21735.35 rows=1380035 width=4) (actual time=0.036..486.393 rows=1380035 loops=1)
              ->  Hash  (cost=73925.90..73925.90 rows=805776 width=4) (actual time=1782.786..1782.786 rows=881945 loops=1)
                    Buckets: 131072  Batches: 16  Memory Usage: 2970kB
                    ->  Seq Scan on title t  (cost=0.00..73925.90 rows=805776 width=4) (actual time=0.013..1503.420 rows=881945 loops=1)
                          Filter: ((production_year > 2001) AND (kind_id = 7))
                          Rows Removed by Filter: 1646367
Planning time: 1.183 ms
Execution time: 36617.532 ms
