Seq Scan on movie_keyword mk  (cost=0.00..81003.12 rows=3231232 width=0) (actual time=0.022..1548.786 rows=3219868 loops=1)
  Filter: (keyword_id < 13483)
  Rows Removed by Filter: 1304062
Planning time: 0.313 ms
Execution time: 1950.963 ms
