Hash Join  (cost=67697.55..414067.66 rows=107 width=0) (actual time=1914.500..5977.916 rows=123 loops=1)
  Hash Cond: (mi.movie_id = t.id)
  ->  Seq Scan on movie_info mi  (cost=0.00..346232.03 rows=36538 width=4) (actual time=1152.205..5242.637 rows=32053 loops=1)
        Filter: (info_type_id > 108)
        Rows Removed by Filter: 14803667
  ->  Hash  (cost=67604.59..67604.59 rows=7437 width=4) (actual time=728.643..728.643 rows=10517 loops=1)
        Buckets: 16384 (originally 8192)  Batches: 1 (originally 1)  Memory Usage: 498kB
        ->  Seq Scan on title t  (cost=0.00..67604.59 rows=7437 width=4) (actual time=0.077..723.674 rows=10517 loops=1)
              Filter: (production_year = 1959)
              Rows Removed by Filter: 2517795
Planning time: 1.071 ms
Execution time: 5978.179 ms
