Seq Scan on cast_info ci  (cost=0.00..705507.15 rows=8828365 width=0) (actual time=100.044..11702.823 rows=8711999 loops=1)
  Filter: (person_id < 857898)
  Rows Removed by Filter: 27532345
Planning time: 0.303 ms
Execution time: 12804.139 ms
