Hash Join  (cost=71408.55..203174.45 rows=366307 width=0) (actual time=1405.071..4755.207 rows=129603 loops=1)
  Hash Cond: (mk.movie_id = t.id)
  ->  Seq Scan on movie_keyword mk  (cost=0.00..81003.12 rows=3995121 width=4) (actual time=0.018..1868.169 rows=4005878 loops=1)
        Filter: (keyword_id < 34937)
        Rows Removed by Filter: 518052
  ->  Hash  (cost=67604.59..67604.59 rows=231837 width=4) (actual time=1403.985..1403.985 rows=231649 loops=1)
        Buckets: 131072  Batches: 4  Memory Usage: 3082kB
        ->  Seq Scan on title t  (cost=0.00..67604.59 rows=231837 width=4) (actual time=0.017..1320.686 rows=231649 loops=1)
              Filter: (production_year > 2011)
              Rows Removed by Filter: 2296663
Planning time: 0.701 ms
Execution time: 4771.205 ms
