Hash Join  (cost=299355.01..1450194.61 rows=18977862 width=0) (actual time=5826.400..30808.490 rows=10987336 loops=1)
  Hash Cond: (ci.movie_id = t.id)
  ->  Seq Scan on cast_info ci  (cost=0.00..705507.15 rows=17406855 width=4) (actual time=0.023..13962.386 rows=17534042 loops=1)
        Filter: (person_id > 1864396)
        Rows Removed by Filter: 18710302
  ->  Hash  (cost=254126.86..254126.86 rows=2756732 width=8) (actual time=5825.204..5825.204 rows=645461 loops=1)
        Buckets: 131072  Batches: 64  Memory Usage: 1402kB
        ->  Hash Join  (cost=92883.59..254126.86 rows=2756732 width=8) (actual time=3411.713..5630.334 rows=645461 loops=1)
              Hash Cond: (mk.movie_id = t.id)
              ->  Seq Scan on movie_keyword mk  (cost=0.00..69693.30 rows=4523930 width=4) (actual time=8.161..1397.047 rows=4523930 loops=1)
              ->  Hash  (cost=67604.59..67604.59 rows=1540800 width=4) (actual time=1851.961..1851.961 rows=1543264 loops=1)
                    Buckets: 131072  Batches: 32  Memory Usage: 2728kB
                    ->  Seq Scan on title t  (cost=0.00..67604.59 rows=1540800 width=4) (actual time=0.032..1350.014 rows=1543264 loops=1)
                          Filter: (kind_id = 7)
                          Rows Removed by Filter: 985048
Planning time: 1.129 ms
Execution time: 32116.993 ms
