Hash Join  (cost=101096.09..895258.16 rows=53159 width=0) (actual time=3751.684..20576.506 rows=167526 loops=1)
  Hash Cond: (ci.movie_id = t.id)
  ->  Seq Scan on cast_info ci  (cost=0.00..705507.15 rows=23499554 width=4) (actual time=2136.168..14895.538 rows=23573656 loops=1)
        Filter: (role_id > 1)
        Rows Removed by Filter: 12670688
  ->  Hash  (cost=101024.59..101024.59 rows=5720 width=8) (actual time=1615.169..1615.169 rows=7646 loops=1)
        Buckets: 8192  Batches: 1  Memory Usage: 363kB
        ->  Hash Join  (cost=74056.90..101024.59 rows=5720 width=8) (actual time=1143.860..1612.294 rows=7646 loops=1)
              Hash Cond: (mi_idx.movie_id = t.id)
              ->  Seq Scan on movie_info_idx mi_idx  (cost=0.00..21735.35 rows=1380035 width=4) (actual time=0.018..316.324 rows=1380035 loops=1)
              ->  Hash  (cost=73925.90..73925.90 rows=10480 width=4) (actual time=1012.754..1012.754 rows=5587 loops=1)
                    Buckets: 16384  Batches: 1  Memory Usage: 325kB
                    ->  Seq Scan on title t  (cost=0.00..73925.90 rows=10480 width=4) (actual time=294.857..1009.960 rows=5587 loops=1)
                          Filter: ((kind_id = 1) AND (production_year = 1995))
                          Rows Removed by Filter: 2522725
Planning time: 1.158 ms
Execution time: 20602.676 ms
