Nested Loop  (cost=0.43..115557.62 rows=1234 width=0) (actual time=234.369..1572.751 rows=3274 loops=1)
  ->  Seq Scan on movie_keyword mk  (cost=0.00..81003.12 rows=4675 width=4) (actual time=1.135..1352.979 rows=4910 loops=1)
        Filter: (keyword_id = 1116)
        Rows Removed by Filter: 4519020
  ->  Index Scan using title_pkey on title t  (cost=0.43..7.38 rows=1 width=4) (actual time=0.044..0.044 rows=1 loops=4910)
        Index Cond: (id = mk.movie_id)
        Filter: (kind_id = 1)
        Rows Removed by Filter: 0
Planning time: 0.774 ms
Execution time: 1573.861 ms
