Seq Scan on cast_info ci  (cost=0.00..705507.15 rows=7616431 width=0) (actual time=23.281..10948.936 rows=7523464 loops=1)
  Filter: (person_id < 729242)
  Rows Removed by Filter: 28720880
Planning time: 1.249 ms
Execution time: 11752.982 ms
