Seq Scan on cast_info ci  (cost=0.00..796071.18 rows=224 width=0) (actual time=13548.516..13696.336 rows=1 loops=1)
  Filter: ((role_id > 2) AND (person_id = 1973565))
  Rows Removed by Filter: 36244343
Planning time: 0.366 ms
Execution time: 13696.462 ms
