Nested Loop  (cost=0.43..709671.90 rows=500 width=0) (actual time=9505.247..10060.658 rows=61 loops=1)
  ->  Seq Scan on cast_info ci  (cost=0.00..705507.15 rows=500 width=4) (actual time=9505.084..10059.621 rows=61 loops=1)
        Filter: (person_id = 1385847)
        Rows Removed by Filter: 36244283
  ->  Index Only Scan using title_pkey on title t  (cost=0.43..8.32 rows=1 width=4) (actual time=0.015..0.015 rows=1 loops=61)
        Index Cond: (id = ci.movie_id)
        Heap Fetches: 61
Planning time: 0.777 ms
Execution time: 10060.740 ms
