Hash Join  (cost=902349.84..1387590.33 rows=509256 width=0) (actual time=15512.807..27881.883 rows=2609684 loops=1)
  Hash Cond: (mi.movie_id = t.id)
  ->  Seq Scan on movie_info mi  (cost=0.00..309384.22 rows=14739122 width=4) (actual time=0.008..6130.125 rows=14835720 loops=1)
  ->  Hash  (cost=900915.79..900915.79 rows=87364 width=8) (actual time=15512.153..15512.153 rows=152557 loops=1)
        Buckets: 131072  Batches: 2  Memory Usage: 4004kB
        ->  Hash Join  (cost=75411.94..900915.79 rows=87364 width=8) (actual time=3007.786..15449.727 rows=152557 loops=1)
              Hash Cond: (ci.movie_id = t.id)
              ->  Seq Scan on cast_info ci  (cost=0.00..796071.18 rows=2439207 width=4) (actual time=1864.350..12446.924 rows=4955241 loops=1)
                    Filter: ((person_id < 664789) AND (role_id = 1))
                    Rows Removed by Filter: 31289103
              ->  Hash  (cost=73925.90..73925.90 rows=90563 width=4) (actual time=1142.679..1142.679 rows=80990 loops=1)
                    Buckets: 131072  Batches: 2  Memory Usage: 2450kB
                    ->  Seq Scan on title t  (cost=0.00..73925.90 rows=90563 width=4) (actual time=0.022..1112.398 rows=80990 loops=1)
                          Filter: ((kind_id < 7) AND (production_year > 2011))
                          Rows Removed by Filter: 2447322
Planning time: 1.080 ms
Execution time: 28197.972 ms
