Hash Join  (cost=78249.37..448336.63 rows=188685 width=0) (actual time=3725.193..9083.064 rows=71771 loops=1)
  Hash Cond: (mi.movie_id = t.id)
  ->  Seq Scan on movie_info mi  (cost=0.00..346232.03 rows=1810770 width=4) (actual time=1587.846..5544.699 rows=1865632 loops=1)
        Filter: (info_type_id > 17)
        Rows Removed by Filter: 12970088
  ->  Hash  (cost=73925.90..73925.90 rows=263477 width=4) (actual time=2055.687..2055.687 rows=153864 loops=1)
        Buckets: 131072  Batches: 4  Memory Usage: 2382kB
        ->  Seq Scan on title t  (cost=0.00..73925.90 rows=263477 width=4) (actual time=0.037..1179.884 rows=153864 loops=1)
              Filter: ((production_year < 1974) AND (kind_id = 7))
              Rows Removed by Filter: 2374448
Planning time: 0.697 ms
Execution time: 9092.690 ms
