Hash Join  (cost=156632.57..261274.36 rows=299229 width=0) (actual time=3878.816..6792.556 rows=1243338 loops=1)
  Hash Cond: (mk.movie_id = t.id)
  ->  Seq Scan on movie_keyword mk  (cost=0.00..81003.12 rows=1628633 width=4) (actual time=0.025..1386.056 rows=1639918 loops=1)
        Filter: (keyword_id > 9024)
        Rows Removed by Filter: 2884012
  ->  Hash  (cost=149010.49..149010.49 rows=464566 width=8) (actual time=3877.959..3877.959 rows=459925 loops=1)
        Buckets: 131072  Batches: 8  Memory Usage: 3284kB
        ->  Hash Join  (cost=102767.86..149010.49 rows=464566 width=8) (actual time=2491.146..3743.589 rows=459925 loops=1)
              Hash Cond: (mi_idx.movie_id = t.id)
              ->  Seq Scan on movie_info_idx mi_idx  (cost=0.00..25185.44 rows=464566 width=4) (actual time=0.009..458.684 rows=459925 loops=1)
                    Filter: (info_type_id = 101)
                    Rows Removed by Filter: 920110
              ->  Hash  (cost=61283.27..61283.27 rows=2528527 width=4) (actual time=2489.768..2489.768 rows=2528312 loops=1)
                    Buckets: 131072  Batches: 64  Memory Usage: 2415kB
                    ->  Seq Scan on title t  (cost=0.00..61283.27 rows=2528527 width=4) (actual time=0.026..988.256 rows=2528312 loops=1)
Planning time: 1.098 ms
Execution time: 6916.989 ms
