Hash Join  (cost=150145.48..1273068.65 rows=8675404 width=0) (actual time=3113.997..36052.816 rows=12606627 loops=1)
  Hash Cond: (ci.movie_id = t.id)
  ->  Seq Scan on cast_info ci  (cost=0.00..614943.12 rows=36225612 width=4) (actual time=0.020..12913.711 rows=36244344 loops=1)
  ->  Hash  (cost=140210.25..140210.25 rows=605538 width=8) (actual time=3113.011..3113.011 rows=324600 loops=1)
        Buckets: 131072  Batches: 8  Memory Usage: 2603kB
        ->  Hash Join  (cost=92128.39..140210.25 rows=605538 width=8) (actual time=2192.021..3024.175 rows=324600 loops=1)
              Hash Cond: (mi_idx.movie_id = t.id)
              ->  Seq Scan on movie_info_idx mi_idx  (cost=0.00..21735.35 rows=1380035 width=4) (actual time=0.020..466.930 rows=1380035 loops=1)
              ->  Hash  (cost=73925.90..73925.90 rows=1109479 width=4) (actual time=1690.482..1690.482 rows=1201090 loops=1)
                    Buckets: 131072  Batches: 16  Memory Usage: 3674kB
                    ->  Seq Scan on title t  (cost=0.00..73925.90 rows=1109479 width=4) (actual time=0.018..1332.441 rows=1201090 loops=1)
                          Filter: ((production_year > 1987) AND (kind_id = 7))
                          Rows Removed by Filter: 1327222
Planning time: 1.146 ms
Execution time: 37521.867 ms
