Hash Join  (cost=95274.31..182080.81 rows=14846 width=0) (actual time=1675.975..3365.969 rows=6037 loops=1)
  Hash Cond: (mk.movie_id = t.id)
  ->  Seq Scan on movie_keyword mk  (cost=0.00..69693.30 rows=4523930 width=4) (actual time=0.012..894.958 rows=4523930 loops=1)
  ->  Hash  (cost=95170.58..95170.58 rows=8298 width=8) (actual time=1673.898..1673.898 rows=3834 loops=1)
        Buckets: 16384  Batches: 1  Memory Usage: 278kB
        ->  Hash Join  (cost=68173.50..95170.58 rows=8298 width=8) (actual time=1052.354..1671.965 rows=3834 loops=1)
              Hash Cond: (mi_idx.movie_id = t.id)
              ->  Seq Scan on movie_info_idx mi_idx  (cost=0.00..25185.44 rows=460978 width=4) (actual time=0.021..484.946 rows=459925 loops=1)
                    Filter: (info_type_id = 99)
                    Rows Removed by Filter: 920110
              ->  Hash  (cost=67604.59..67604.59 rows=45513 width=4) (actual time=1050.285..1050.285 rows=42820 loops=1)
                    Buckets: 65536  Batches: 1  Memory Usage: 2018kB
                    ->  Seq Scan on title t  (cost=0.00..67604.59 rows=45513 width=4) (actual time=0.022..1034.045 rows=42820 loops=1)
                          Filter: (production_year < 1913)
                          Rows Removed by Filter: 2485492
Planning time: 1.089 ms
Execution time: 3367.209 ms
