Hash Join  (cost=78556.72..135752.42 rows=59145 width=0) (actual time=1848.199..2784.322 rows=19449 loops=1)
  Hash Cond: (mc.movie_id = t.id)
  ->  Seq Scan on movie_companies mc  (cost=0.00..51404.11 rows=224035 width=4) (actual time=0.024..868.320 rows=223883 loops=1)
        Filter: (company_id < 82)
        Rows Removed by Filter: 2385246
  ->  Hash  (cost=67604.59..67604.59 rows=667531 width=4) (actual time=1696.333..1696.333 rows=662825 loops=1)
        Buckets: 131072  Batches: 16  Memory Usage: 2476kB
        ->  Seq Scan on title t  (cost=0.00..67604.59 rows=667531 width=4) (actual time=415.698..953.804 rows=662825 loops=1)
              Filter: (kind_id = 1)
              Rows Removed by Filter: 1865487
Planning time: 0.735 ms
Execution time: 2786.817 ms
