Hash Join  (cost=78414.48..142534.37 rows=43841 width=0) (actual time=1299.640..2323.315 rows=37523 loops=1)
  Hash Cond: (mc.movie_id = t.id)
  ->  Seq Scan on movie_companies mc  (cost=0.00..57926.93 rows=405212 width=4) (actual time=0.029..902.693 rows=230392 loops=1)
        Filter: ((company_id < 1705) AND (company_type_id = 2))
        Rows Removed by Filter: 2378737
  ->  Hash  (cost=73925.90..73925.90 rows=273566 width=4) (actual time=1298.496..1298.496 rows=139974 loops=1)
        Buckets: 131072  Batches: 4  Memory Usage: 2253kB
        ->  Seq Scan on title t  (cost=0.00..73925.90 rows=273566 width=4) (actual time=0.047..1250.123 rows=139974 loops=1)
              Filter: ((kind_id > 1) AND (production_year < 1970))
              Rows Removed by Filter: 2388338
Planning time: 0.773 ms
Execution time: 2328.343 ms
