Hash Join  (cost=82581.58..502716.61 rows=1098210 width=0) (actual time=2054.481..10786.370 rows=1996392 loops=1)
  Hash Cond: (mi.movie_id = t.id)
  ->  Seq Scan on movie_info mi  (cost=0.00..346232.03 rows=5263441 width=4) (actual time=627.984..6282.071 rows=5270569 loops=1)
        Filter: (info_type_id > 15)
        Rows Removed by Filter: 9565151
  ->  Hash  (cost=73925.90..73925.90 rows=527574 width=4) (actual time=1425.391..1425.391 rows=609532 loops=1)
        Buckets: 131072  Batches: 8  Memory Usage: 3724kB
        ->  Seq Scan on title t  (cost=0.00..73925.90 rows=527574 width=4) (actual time=0.048..1223.425 rows=609532 loops=1)
              Filter: ((kind_id < 7) AND (production_year < 2005))
              Rows Removed by Filter: 1918780
Planning time: 5.359 ms
Execution time: 11021.782 ms
