Nested Loop  (cost=0.43..83072.90 rows=15 width=0) (actual time=12.762..1371.504 rows=38 loops=1)
  ->  Seq Scan on movie_keyword mk  (cost=0.00..81003.12 rows=246 width=4) (actual time=1.953..1300.230 rows=870 loops=1)
        Filter: (keyword_id = 6224)
        Rows Removed by Filter: 4523060
  ->  Index Scan using title_pkey on title t  (cost=0.43..8.40 rows=1 width=4) (actual time=0.081..0.081 rows=0 loops=870)
        Index Cond: (id = mk.movie_id)
        Filter: ((kind_id < 7) AND (production_year > 2010))
        Rows Removed by Filter: 1
Planning time: 0.734 ms
Execution time: 1371.651 ms
