Hash Join  (cost=174865.45..1030832.80 rows=1342580 width=0) (actual time=5946.990..23104.694 rows=5712796 loops=1)
  Hash Cond: (ci.movie_id = t.id)
  ->  Seq Scan on cast_info ci  (cost=0.00..796071.18 rows=3709700 width=4) (actual time=2093.156..13701.006 rows=7485172 loops=1)
        Filter: ((person_id < 1020970) AND (role_id < 2))
        Rows Removed by Filter: 28759172
  ->  Hash  (cost=159851.69..159851.69 rows=915101 width=8) (actual time=3852.858..3852.858 rows=919850 loops=1)
        Buckets: 131072  Batches: 16  Memory Usage: 3269kB
        ->  Hash Join  (cost=102767.86..159851.69 rows=915101 width=8) (actual time=1899.818..3583.996 rows=919850 loops=1)
              Hash Cond: (mi_idx.movie_id = t.id)
              ->  Seq Scan on movie_info_idx mi_idx  (cost=0.00..25185.44 rows=915101 width=4) (actual time=0.022..548.742 rows=919850 loops=1)
                    Filter: (info_type_id < 101)
                    Rows Removed by Filter: 460185
              ->  Hash  (cost=61283.27..61283.27 rows=2528527 width=4) (actual time=1899.040..1899.040 rows=2528312 loops=1)
                    Buckets: 131072  Batches: 64  Memory Usage: 2415kB
                    ->  Seq Scan on title t  (cost=0.00..61283.27 rows=2528527 width=4) (actual time=0.015..1074.171 rows=2528312 loops=1)
Planning time: 0.870 ms
Execution time: 23765.332 ms
