Nested Loop  (cost=0.43..83072.90 rows=4 width=0) (actual time=51.781..1156.957 rows=12 loops=1)
  ->  Seq Scan on movie_keyword mk  (cost=0.00..81003.12 rows=246 width=4) (actual time=0.881..1132.084 rows=716 loops=1)
        Filter: (keyword_id = 6431)
        Rows Removed by Filter: 4523214
  ->  Index Scan using title_pkey on title t  (cost=0.43..8.40 rows=1 width=4) (actual time=0.033..0.033 rows=0 loops=716)
        Index Cond: (id = mk.movie_id)
        Filter: ((kind_id < 4) AND (production_year = 2006))
        Rows Removed by Filter: 1
Planning time: 0.852 ms
Execution time: 1157.071 ms
