Hash Join  (cost=74260.10..425690.20 rows=14255 width=0) (actual time=4295.024..7356.602 rows=13944 loops=1)
  Hash Cond: (mi.movie_id = t.id)
  ->  Seq Scan on movie_info mi  (cost=0.00..346232.03 rows=1348138 width=4) (actual time=3035.638..5770.498 rows=1298989 loops=1)
        Filter: (info_type_id = 4)
        Rows Removed by Filter: 13536731
  ->  Hash  (cost=73925.90..73925.90 rows=26736 width=4) (actual time=1258.526..1258.526 rows=30647 loops=1)
        Buckets: 32768  Batches: 1  Memory Usage: 1334kB
        ->  Seq Scan on title t  (cost=0.00..73925.90 rows=26736 width=4) (actual time=1.935..1244.940 rows=30647 loops=1)
              Filter: ((kind_id > 1) AND (production_year = 1996))
              Rows Removed by Filter: 2497665
Planning time: 0.811 ms
Execution time: 7358.998 ms
