Hash Join  (cost=102767.86..170570.01 rows=270895 width=0) (actual time=1855.778..3366.491 rows=266330 loops=1)
  Hash Cond: (mc.movie_id = t.id)
  ->  Seq Scan on movie_companies mc  (cost=0.00..51404.11 rows=270895 width=4) (actual time=0.057..850.328 rows=266330 loops=1)
        Filter: (company_id < 139)
        Rows Removed by Filter: 2342799
  ->  Hash  (cost=61283.27..61283.27 rows=2528527 width=4) (actual time=1849.285..1849.285 rows=2528312 loops=1)
        Buckets: 131072  Batches: 64  Memory Usage: 2415kB
        ->  Seq Scan on title t  (cost=0.00..61283.27 rows=2528527 width=4) (actual time=0.014..1013.960 rows=2528312 loops=1)
Planning time: 1.794 ms
Execution time: 3398.530 ms
