Hash Join  (cost=101715.84..159794.52 rows=304 width=0) (actual time=1934.299..2602.247 rows=810 loops=1)
  Hash Cond: (mc.movie_id = t.id)
  ->  Seq Scan on movie_companies mc  (cost=0.00..57926.93 rows=39655 width=4) (actual time=75.973..731.115 rows=66520 loops=1)
        Filter: ((company_id < 19) AND (company_type_id = 1))
        Rows Removed by Filter: 2542609
  ->  Hash  (cost=101473.71..101473.71 rows=19370 width=8) (actual time=1855.936..1855.936 rows=11868 loops=1)
        Buckets: 32768  Batches: 1  Memory Usage: 720kB
        ->  Hash Join  (cost=74369.53..101473.71 rows=19370 width=8) (actual time=1283.381..1852.016 rows=11868 loops=1)
              Hash Cond: (mi_idx.movie_id = t.id)
              ->  Seq Scan on movie_info_idx mi_idx  (cost=0.00..21735.35 rows=1380035 width=4) (actual time=0.013..248.300 rows=1380035 loops=1)
              ->  Hash  (cost=73925.90..73925.90 rows=35490 width=4) (actual time=1282.515..1282.515 rows=39698 loops=1)
                    Buckets: 65536  Batches: 1  Memory Usage: 1908kB
                    ->  Seq Scan on title t  (cost=0.00..73925.90 rows=35490 width=4) (actual time=168.836..1265.709 rows=39698 loops=1)
                          Filter: ((kind_id = 7) AND (production_year = 2001))
                          Rows Removed by Filter: 2488614
Planning time: 1.184 ms
Execution time: 2602.652 ms
