Hash Join  (cost=83074.74..109963.59 rows=44 width=0) (actual time=1370.199..1869.054 rows=66 loops=1)
  Hash Cond: (mi_idx.movie_id = t.id)
  ->  Seq Scan on movie_info_idx mi_idx  (cost=0.00..25185.44 rows=454124 width=4) (actual time=0.027..438.428 rows=459925 loops=1)
        Filter: (info_type_id = 100)
        Rows Removed by Filter: 920110
  ->  Hash  (cost=83071.67..83071.67 rows=246 width=8) (actual time=1366.269..1366.269 rows=85 loops=1)
        Buckets: 1024  Batches: 1  Memory Usage: 12kB
        ->  Nested Loop  (cost=0.43..83071.67 rows=246 width=8) (actual time=17.361..1366.143 rows=85 loops=1)
              ->  Seq Scan on movie_keyword mk  (cost=0.00..81003.12 rows=246 width=4) (actual time=17.238..1356.946 rows=85 loops=1)
                    Filter: (keyword_id = 16973)
                    Rows Removed by Filter: 4523845
              ->  Index Only Scan using title_pkey on title t  (cost=0.43..8.40 rows=1 width=4) (actual time=0.102..0.103 rows=1 loops=85)
                    Index Cond: (id = mk.movie_id)
                    Heap Fetches: 85
Planning time: 3.816 ms
Execution time: 1869.215 ms
