Hash Join  (cost=155586.11..572758.24 rows=235653 width=0) (actual time=3082.760..12852.063 rows=1640980 loops=1)
  Hash Cond: (mi.movie_id = t.id)
  ->  Seq Scan on movie_info mi  (cost=0.00..346232.03 rows=5897221 width=4) (actual time=6.646..6393.623 rows=5884963 loops=1)
        Filter: (info_type_id < 7)
        Rows Removed by Filter: 8950757
  ->  Hash  (cost=153928.11..153928.11 rows=101040 width=8) (actual time=3075.054..3075.054 rows=173559 loops=1)
        Buckets: 131072 (originally 131072)  Batches: 4 (originally 2)  Memory Usage: 3073kB
        ->  Hash Join  (cost=88195.18..153928.11 rows=101040 width=8) (actual time=1767.963..3016.494 rows=173559 loops=1)
              Hash Cond: (mc.movie_id = t.id)
              ->  Seq Scan on movie_companies mc  (cost=0.00..57926.93 rows=293758 width=4) (actual time=306.017..984.596 rows=430573 loops=1)
                    Filter: ((company_id < 687) AND (company_type_id < 2))
                    Rows Removed by Filter: 2178556
              ->  Hash  (cost=73925.90..73925.90 rows=869702 width=4) (actual time=1461.123..1461.123 rows=896788 loops=1)
                    Buckets: 131072  Batches: 16  Memory Usage: 2998kB
                    ->  Seq Scan on title t  (cost=0.00..73925.90 rows=869702 width=4) (actual time=0.089..1186.258 rows=896788 loops=1)
                          Filter: ((kind_id < 7) AND (production_year < 2012))
                          Rows Removed by Filter: 1631524
Planning time: 2.904 ms
Execution time: 13049.331 ms
