Hash Join  (cost=177107.13..662692.43 rows=541636 width=0) (actual time=3582.415..16523.532 rows=2331496 loops=1)
  Hash Cond: (mi.movie_id = t.id)
  ->  Seq Scan on movie_info mi  (cost=0.00..309384.22 rows=14739122 width=4) (actual time=0.015..5923.236 rows=14835720 loops=1)
  ->  Hash  (cost=175582.64..175582.64 rows=92919 width=8) (actual time=3581.504..3581.504 rows=221291 loops=1)
        Buckets: 131072 (originally 131072)  Batches: 4 (originally 2)  Memory Usage: 3171kB
        ->  Hash Join  (cost=69484.36..175582.64 rows=92919 width=8) (actual time=1209.116..3501.795 rows=221291 loops=1)
              Hash Cond: (mk.movie_id = t.id)
              ->  Seq Scan on movie_keyword mk  (cost=0.00..81003.12 rows=2051190 width=4) (actual time=0.027..1553.963 rows=2058733 loops=1)
                    Filter: (keyword_id < 3661)
                    Rows Removed by Filter: 2465197
              ->  Hash  (cost=67604.59..67604.59 rows=114542 width=4) (actual time=1208.419..1208.419 rows=118234 loops=1)
                    Buckets: 131072  Batches: 2  Memory Usage: 3107kB
                    ->  Seq Scan on title t  (cost=0.00..67604.59 rows=114542 width=4) (actual time=0.026..1166.820 rows=118234 loops=1)
                          Filter: (kind_id = 4)
                          Rows Removed by Filter: 2410078
Planning time: 9.354 ms
Execution time: 16794.980 ms
