Seq Scan on cast_info ci  (cost=0.00..796071.18 rows=2726501 width=0) (actual time=4402.378..11680.150 rows=5529592 loops=1)
  Filter: ((person_id < 743157) AND (role_id = 1))
  Rows Removed by Filter: 30714752
Planning time: 0.358 ms
Execution time: 12368.152 ms
