Seq Scan on movie_keyword mk  (cost=0.00..81003.12 rows=4511632 width=0) (actual time=0.024..1681.826 rows=4514196 loops=1)
  Filter: (keyword_id < 125322)
  Rows Removed by Filter: 9734
Planning time: 1.091 ms
Execution time: 2229.606 ms
