Hash Join  (cost=852245.73..1613611.58 rows=5160319 width=0) (actual time=24788.820..40079.621 rows=7383420 loops=1)
  Hash Cond: (mi.movie_id = t.id)
  ->  Seq Scan on movie_info mi  (cost=0.00..346232.03 rows=12928982 width=4) (actual time=0.015..7211.575 rows=12970088 loops=1)
        Filter: (info_type_id < 18)
        Rows Removed by Filter: 1865632
  ->  Hash  (cost=835687.66..835687.66 rows=1009206 width=8) (actual time=24610.291..24610.291 rows=843321 loops=1)
        Buckets: 131072  Batches: 16  Memory Usage: 3105kB
        ->  Hash Join  (cost=74806.43..835687.66 rows=1009206 width=8) (actual time=1364.654..22632.559 rows=843321 loops=1)
              Hash Cond: (ci.movie_id = t.id)
              ->  Seq Scan on cast_info ci  (cost=0.00..614943.12 rows=36225612 width=4) (actual time=0.012..9279.049 rows=36244344 loops=1)
              ->  Hash  (cost=73925.90..73925.90 rows=70442 width=4) (actual time=1363.574..1363.574 rows=71472 loops=1)
                    Buckets: 131072  Batches: 1  Memory Usage: 3537kB
                    ->  Seq Scan on title t  (cost=0.00..73925.90 rows=70442 width=4) (actual time=0.036..1335.370 rows=71472 loops=1)
                          Filter: ((production_year < 2007) AND (kind_id = 4))
                          Rows Removed by Filter: 2456840
Planning time: 1.197 ms
Execution time: 40895.087 ms
