Hash Join  (cost=799707.63..1164388.92 rows=2536 width=0) (actual time=15011.140..21406.767 rows=259 loops=1)
  Hash Cond: (mi.movie_id = t.id)
  ->  Seq Scan on movie_info mi  (cost=0.00..309384.22 rows=14739122 width=4) (actual time=0.009..4363.864 rows=14835720 loops=1)
  ->  Hash  (cost=799702.19..799702.19 rows=435 width=8) (actual time=14359.952..14359.952 rows=37 loops=1)
        Buckets: 1024  Batches: 1  Memory Usage: 10kB
        ->  Nested Loop  (cost=0.43..799702.19 rows=435 width=8) (actual time=8118.363..14359.915 rows=37 loops=1)
              ->  Seq Scan on cast_info ci  (cost=0.00..796071.18 rows=435 width=4) (actual time=8118.264..14358.948 rows=37 loops=1)
                    Filter: ((role_id < 10) AND (person_id = 3122923))
                    Rows Removed by Filter: 36244307
              ->  Index Only Scan using title_pkey on title t  (cost=0.43..8.34 rows=1 width=4) (actual time=0.023..0.024 rows=1 loops=37)
                    Index Cond: (id = ci.movie_id)
                    Heap Fetches: 37
Planning time: 1.352 ms
Execution time: 21406.991 ms
