Hash Join  (cost=100891.64..198827.82 rows=2171 width=0) (actual time=1683.172..3975.929 rows=48215 loops=1)
  Hash Cond: (mk.movie_id = t.id)
  ->  Seq Scan on movie_keyword mk  (cost=0.00..81003.12 rows=4509691 width=4) (actual time=0.008..1659.803 rows=4509566 loops=1)
        Filter: (keyword_id > 1)
        Rows Removed by Filter: 14364
  ->  Hash  (cost=100876.43..100876.43 rows=1217 width=8) (actual time=1664.017..1664.017 rows=3853 loops=1)
        Buckets: 4096 (originally 2048)  Batches: 1 (originally 1)  Memory Usage: 183kB
        ->  Hash Join  (cost=73953.78..100876.43 rows=1217 width=8) (actual time=1046.433..1662.339 rows=3853 loops=1)
              Hash Cond: (mi_idx.movie_id = t.id)
              ->  Seq Scan on movie_info_idx mi_idx  (cost=0.00..21735.35 rows=1380035 width=4) (actual time=0.014..345.919 rows=1380035 loops=1)
              ->  Hash  (cost=73925.90..73925.90 rows=2230 width=4) (actual time=1046.092..1046.092 rows=3068 loops=1)
                    Buckets: 4096  Batches: 1  Memory Usage: 140kB
                    ->  Seq Scan on title t  (cost=0.00..73925.90 rows=2230 width=4) (actual time=1.482..1044.369 rows=3068 loops=1)
                          Filter: ((kind_id < 3) AND (production_year = 1955))
                          Rows Removed by Filter: 2525244
Planning time: 2.469 ms
Execution time: 3982.248 ms
