Hash Join  (cost=82778.48..125523.84 rows=294488 width=0) (actual time=1498.462..2392.233 rows=157866 loops=1)
  Hash Cond: (mi_idx.movie_id = t.id)
  ->  Seq Scan on movie_info_idx mi_idx  (cost=0.00..21735.35 rows=1380035 width=4) (actual time=0.015..445.207 rows=1380035 loops=1)
  ->  Hash  (cost=73925.90..73925.90 rows=539566 width=4) (actual time=1262.579..1262.579 rows=428248 loops=1)
        Buckets: 131072  Batches: 8  Memory Usage: 2890kB
        ->  Seq Scan on title t  (cost=0.00..73925.90 rows=539566 width=4) (actual time=0.012..1126.534 rows=428248 loops=1)
              Filter: ((production_year < 1997) AND (kind_id = 7))
              Rows Removed by Filter: 2100064
Planning time: 0.754 ms
Execution time: 2409.137 ms
