Hash Join  (cost=122535.74..487639.00 rows=44733 width=0) (actual time=2270.127..9661.544 rows=244800 loops=1)
  Hash Cond: (mi.movie_id = t.id)
  ->  Seq Scan on movie_info mi  (cost=0.00..309384.22 rows=14739122 width=4) (actual time=0.021..4219.663 rows=14835720 loops=1)
  ->  Hash  (cost=122439.81..122439.81 rows=7674 width=8) (actual time=2269.877..2269.877 rows=11682 loops=1)
        Buckets: 16384 (originally 8192)  Batches: 1 (originally 1)  Memory Usage: 585kB
        ->  Hash Join  (cost=67697.55..122439.81 rows=7674 width=8) (actual time=1089.257..2264.548 rows=11682 loops=1)
              Hash Cond: (mc.movie_id = t.id)
              ->  Seq Scan on movie_companies mc  (cost=0.00..44881.29 rows=2609129 width=4) (actual time=0.008..622.032 rows=2609129 loops=1)
              ->  Hash  (cost=67604.59..67604.59 rows=7437 width=4) (actual time=1089.198..1089.198 rows=6834 loops=1)
                    Buckets: 8192  Batches: 1  Memory Usage: 305kB
                    ->  Seq Scan on title t  (cost=0.00..67604.59 rows=7437 width=4) (actual time=0.119..1085.607 rows=6834 loops=1)
                          Filter: (production_year = 1953)
                          Rows Removed by Filter: 2521478
Planning time: 1.220 ms
Execution time: 9692.410 ms
