Hash Join  (cost=69283.60..890943.52 rows=85174 width=0) (actual time=5718.664..13051.985 rows=51912 loops=1)
  Hash Cond: (ci.movie_id = t.id)
  ->  Seq Scan on cast_info ci  (cost=0.00..796071.18 rows=2104799 width=4) (actual time=4606.563..11416.751 rows=1278231 loops=1)
        Filter: ((person_id < 445063) AND (role_id > 2))
        Rows Removed by Filter: 34966113
  ->  Hash  (cost=67604.59..67604.59 rows=102321 width=4) (actual time=1098.472..1098.472 rows=100537 loops=1)
        Buckets: 131072  Batches: 2  Memory Usage: 2797kB
        ->  Seq Scan on title t  (cost=0.00..67604.59 rows=102321 width=4) (actual time=420.514..1062.910 rows=100537 loops=1)
              Filter: (kind_id = 3)
              Rows Removed by Filter: 2427775
Planning time: 10.173 ms
Execution time: 13060.076 ms
