Hash Join  (cost=100836.57..233952.81 rows=1700324 width=0) (actual time=1908.342..5515.339 rows=1574247 loops=1)
  Hash Cond: (mk.movie_id = t.id)
  ->  Seq Scan on movie_keyword mk  (cost=0.00..81003.12 rows=2122574 width=4) (actual time=0.026..1577.895 rows=2118705 loops=1)
        Filter: (keyword_id > 5603)
        Rows Removed by Filter: 2405225
  ->  Hash  (cost=67604.59..67604.59 rows=2025519 width=4) (actual time=1907.270..1907.270 rows=2018703 loops=1)
        Buckets: 131072  Batches: 32  Memory Usage: 3256kB
        ->  Seq Scan on title t  (cost=0.00..67604.59 rows=2025519 width=4) (actual time=0.011..1232.242 rows=2018703 loops=1)
              Filter: (production_year > 1974)
              Rows Removed by Filter: 509609
Planning time: 0.870 ms
Execution time: 5704.728 ms
