Seq Scan on cast_info ci  (cost=0.00..705507.15 rows=32024257 width=0) (actual time=0.051..12646.069 rows=31994089 loops=1)
  Filter: (person_id < 3281675)
  Rows Removed by Filter: 4250255
Planning time: 0.355 ms
Execution time: 16480.323 ms
