Hash Join  (cost=158385.53..1300369.16 rows=10530842 width=0) (actual time=3506.298..38629.166 rows=16914414 loops=1)
  Hash Cond: (ci.movie_id = t.id)
  ->  Seq Scan on cast_info ci  (cost=0.00..614943.12 rows=36225612 width=4) (actual time=0.015..13503.069 rows=36244344 loops=1)
  ->  Hash  (cost=146325.44..146325.44 rows=735047 width=8) (actual time=3505.403..3505.403 rows=541659 loops=1)
        Buckets: 131072  Batches: 16  Memory Usage: 2360kB
        ->  Hash Join  (cost=96021.49..146325.44 rows=735047 width=8) (actual time=1975.986..3361.771 rows=541659 loops=1)
              Hash Cond: (mi_idx.movie_id = t.id)
              ->  Seq Scan on movie_info_idx mi_idx  (cost=0.00..21735.35 rows=1380035 width=4) (actual time=0.008..445.686 rows=1380035 loops=1)
              ->  Hash  (cost=73925.90..73925.90 rows=1346767 width=4) (actual time=1974.679..1974.679 rows=1325688 loops=1)
                    Buckets: 131072  Batches: 32  Memory Usage: 2479kB
                    ->  Seq Scan on title t  (cost=0.00..73925.90 rows=1346767 width=4) (actual time=0.017..1522.450 rows=1325688 loops=1)
                          Filter: ((kind_id > 2) AND (production_year < 2010))
                          Rows Removed by Filter: 1202624
Planning time: 0.661 ms
Execution time: 40559.751 ms
