Hash Join  (cost=125377.19..880932.59 rows=476623 width=0) (actual time=2328.351..20538.547 rows=655827 loops=1)
  Hash Cond: (ci.movie_id = t.id)
  ->  Seq Scan on cast_info ci  (cost=0.00..614943.12 rows=36225612 width=4) (actual time=0.020..9048.568 rows=36244344 loops=1)
  ->  Hash  (cost=124961.34..124961.34 rows=33268 width=8) (actual time=2327.885..2327.885 rows=15892 loops=1)
        Buckets: 65536  Batches: 1  Memory Usage: 1133kB
        ->  Hash Join  (cost=68426.36..124961.34 rows=33268 width=8) (actual time=1040.060..2320.747 rows=15892 loops=1)
              Hash Cond: (mc.movie_id = t.id)
              ->  Seq Scan on movie_companies mc  (cost=0.00..51404.11 rows=1279517 width=4) (actual time=0.024..962.070 rows=1274246 loops=1)
                    Filter: (company_type_id = 1)
                    Rows Removed by Filter: 1334883
              ->  Hash  (cost=67604.59..67604.59 rows=65742 width=4) (actual time=1039.111..1039.111 rows=63827 loops=1)
                    Buckets: 131072  Batches: 1  Memory Usage: 3268kB
                    ->  Seq Scan on title t  (cost=0.00..67604.59 rows=65742 width=4) (actual time=0.027..1011.756 rows=63827 loops=1)
                          Filter: (production_year = 2013)
                          Rows Removed by Filter: 2464485
Planning time: 1.302 ms
Execution time: 20631.328 ms
