Hash Join  (cost=102767.86..205869.85 rows=507869 width=0) (actual time=1952.845..4122.686 rows=499085 loops=1)
  Hash Cond: (mk.movie_id = t.id)
  ->  Seq Scan on movie_keyword mk  (cost=0.00..81003.12 rows=507869 width=4) (actual time=0.014..1387.809 rows=499085 loops=1)
        Filter: (keyword_id > 36137)
        Rows Removed by Filter: 4024845
  ->  Hash  (cost=61283.27..61283.27 rows=2528527 width=4) (actual time=1950.786..1950.786 rows=2528312 loops=1)
        Buckets: 131072  Batches: 64  Memory Usage: 2425kB
        ->  Seq Scan on title t  (cost=0.00..61283.27 rows=2528527 width=4) (actual time=0.007..1102.225 rows=2528312 loops=1)
Planning time: 0.707 ms
Execution time: 4182.874 ms
