Hash Join  (cost=102767.86..194519.88 rows=995144 width=0) (actual time=2031.249..4494.739 rows=1151862 loops=1)
  Hash Cond: (mc.movie_id = t.id)
  ->  Seq Scan on movie_companies mc  (cost=0.00..57926.93 rows=995144 width=4) (actual time=0.026..1206.083 rows=1151862 loops=1)
        Filter: ((company_id > 878) AND (company_type_id = 2))
        Rows Removed by Filter: 1457267
  ->  Hash  (cost=61283.27..61283.27 rows=2528527 width=4) (actual time=2030.308..2030.308 rows=2528312 loops=1)
        Buckets: 131072  Batches: 64  Memory Usage: 2415kB
        ->  Seq Scan on title t  (cost=0.00..61283.27 rows=2528527 width=4) (actual time=0.024..1182.142 rows=2528312 loops=1)
Planning time: 6.344 ms
Execution time: 4617.533 ms
