Hash Join  (cost=75867.62..132375.94 rows=18049 width=0) (actual time=1103.174..2128.241 rows=6064 loops=1)
  Hash Cond: (mc.movie_id = t.id)
  ->  Seq Scan on movie_companies mc  (cost=0.00..51404.11 rows=385792 width=4) (actual time=0.011..873.318 rows=390696 loops=1)
        Filter: (company_id > 83216)
        Rows Removed by Filter: 2218433
  ->  Hash  (cost=73925.90..73925.90 rows=118297 width=4) (actual time=1102.409..1102.409 rows=122606 loops=1)
        Buckets: 131072  Batches: 2  Memory Usage: 3179kB
        ->  Seq Scan on title t  (cost=0.00..73925.90 rows=118297 width=4) (actual time=0.009..1057.660 rows=122606 loops=1)
              Filter: ((kind_id > 1) AND (production_year = 2011))
              Rows Removed by Filter: 2405706
Planning time: 0.521 ms
Execution time: 2129.510 ms
