Hash Join  (cost=68332.59..126961.15 rows=4060 width=0) (actual time=874.478..1100.563 rows=6830 loops=1)
  Hash Cond: (mc.movie_id = t.id)
  ->  Seq Scan on movie_companies mc  (cost=0.00..57926.93 rows=176273 width=4) (actual time=443.763..616.688 rows=350078 loops=1)
        Filter: ((company_id > 88264) AND (company_type_id = 2))
        Rows Removed by Filter: 2259051
  ->  Hash  (cost=67604.59..67604.59 rows=58240 width=4) (actual time=430.060..430.060 rows=58590 loops=1)
        Buckets: 65536  Batches: 1  Memory Usage: 2572kB
        ->  Seq Scan on title t  (cost=0.00..67604.59 rows=58240 width=4) (actual time=0.021..415.975 rows=58590 loops=1)
              Filter: (production_year = 2001)
              Rows Removed by Filter: 2469722
Planning time: 0.791 ms
Execution time: 1101.394 ms
