Hash Join  (cost=926070.90..1062363.52 rows=1172958 width=0) (actual time=18607.631..20439.992 rows=314649 loops=1)
  Hash Cond: (mk.movie_id = t.id)
  ->  Seq Scan on movie_keyword mk  (cost=0.00..69693.30 rows=4523930 width=4) (actual time=0.015..1398.321 rows=4523930 loops=1)
  ->  Hash  (cost=915314.99..915314.99 rows=655593 width=8) (actual time=17048.691..17048.691 rows=383796 loops=1)
        Buckets: 131072  Batches: 16  Memory Usage: 1959kB
        ->  Hash Join  (cost=92883.59..915314.99 rows=655593 width=8) (actual time=5084.234..16941.848 rows=383796 loops=1)
              Hash Cond: (ci.movie_id = t.id)
              ->  Seq Scan on cast_info ci  (cost=0.00..796071.18 rows=1075859 width=4) (actual time=3439.880..14540.941 rows=841163 loops=1)
                    Filter: ((person_id < 2272099) AND (role_id = 8))
                    Rows Removed by Filter: 35403181
              ->  Hash  (cost=67604.59..67604.59 rows=1540800 width=4) (actual time=1642.518..1642.518 rows=1543264 loops=1)
                    Buckets: 131072  Batches: 32  Memory Usage: 2722kB
                    ->  Seq Scan on title t  (cost=0.00..67604.59 rows=1540800 width=4) (actual time=0.025..1156.322 rows=1543264 loops=1)
                          Filter: (kind_id = 7)
                          Rows Removed by Filter: 985048
Planning time: 4.145 ms
Execution time: 20476.183 ms
