Hash Join  (cost=244889.73..647835.89 rows=405066 width=209) (actual time=9030.340..11209.547 rows=250073 loops=1)
  Hash Cond: (mi.movie_id = t.id)
  ->  Seq Scan on movie_info mi  (cost=0.00..346232.03 rows=1264125 width=75) (actual time=3872.600..5174.235 rows=1288928 loops=1)
        Filter: (info_type_id = 2)
        Rows Removed by Filter: 13546792
  ->  Hash  (cost=218936.97..218936.97 rows=810221 width=134) (actual time=5156.105..5156.105 rows=400469 loops=1)
        Buckets: 32768  Batches: 64  Memory Usage: 1125kB
        ->  Hash Join  (cost=109435.59..218936.97 rows=810221 width=134) (actual time=2217.092..4891.589 rows=400469 loops=1)
              Hash Cond: (mc.movie_id = t.id)
              ->  Seq Scan on movie_companies mc  (cost=0.00..51404.11 rows=1329612 width=40) (actual time=98.228..903.490 rows=1334883 loops=1)
                    Filter: (company_type_id = 2)
                    Rows Removed by Filter: 1274246
              ->  Hash  (cost=67604.59..67604.59 rows=1540800 width=94) (actual time=2117.991..2117.991 rows=1543264 loops=1)
                    Buckets: 32768  Batches: 64  Memory Usage: 3011kB
                    ->  Seq Scan on title t  (cost=0.00..67604.59 rows=1540800 width=94) (actual time=82.283..1484.178 rows=1543264 loops=1)
                          Filter: (kind_id = 7)
                          Rows Removed by Filter: 985048
Planning time: 1.791 ms
Execution time: 11224.304 ms
