Hash Join  (cost=92703.08..842500.33 rows=1120222 width=0) (actual time=3669.610..16171.937 rows=1040922 loops=1)
  Hash Cond: (ci.movie_id = t.id)
  ->  Seq Scan on cast_info ci  (cost=0.00..705507.15 rows=2474902 width=4) (actual time=1798.578..12352.180 rows=2418153 loops=1)
        Filter: (person_id < 234978)
        Rows Removed by Filter: 33826191
  ->  Hash  (cost=73925.90..73925.90 rows=1144494 width=4) (actual time=1870.027..1870.027 rows=1095581 loops=1)
        Buckets: 131072  Batches: 16  Memory Usage: 3437kB
        ->  Seq Scan on title t  (cost=0.00..73925.90 rows=1144494 width=4) (actual time=0.056..1511.983 rows=1095581 loops=1)
              Filter: ((kind_id > 1) AND (production_year < 2007))
              Rows Removed by Filter: 1432731
Planning time: 0.753 ms
Execution time: 16291.630 ms
