Seq Scan on movie_companies mc  (cost=0.00..57926.93 rows=383099 width=0) (actual time=319.525..940.682 rows=542047 loops=1)
  Filter: ((company_id < 1640) AND (company_type_id < 2))
  Rows Removed by Filter: 2067082
Planning time: 0.389 ms
Execution time: 1010.523 ms
