Hash Join  (cost=102767.86..1052127.15 rows=9723578 width=0) (actual time=2020.660..23051.735 rows=9540550 loops=1)
  Hash Cond: (ci.movie_id = t.id)
  ->  Seq Scan on cast_info ci  (cost=0.00..705507.15 rows=9723578 width=4) (actual time=26.154..12526.864 rows=9540550 loops=1)
        Filter: (person_id < 938070)
        Rows Removed by Filter: 26703794
  ->  Hash  (cost=61283.27..61283.27 rows=2528527 width=4) (actual time=1993.397..1993.397 rows=2528312 loops=1)
        Buckets: 131072  Batches: 64  Memory Usage: 2415kB
        ->  Seq Scan on title t  (cost=0.00..61283.27 rows=2528527 width=4) (actual time=0.031..1135.446 rows=2528312 loops=1)
Planning time: 3.417 ms
Execution time: 24193.254 ms
