Seq Scan on movie_keyword mk  (cost=0.00..81003.12 rows=246 width=0) (actual time=10.172..1251.249 rows=396 loops=1)
  Filter: (keyword_id = 2951)
  Rows Removed by Filter: 4523534
Planning time: 0.341 ms
Execution time: 1251.513 ms
