Hash Join  (cost=945698.26..991507.06 rows=473031 width=0) (actual time=15982.598..17251.188 rows=840327 loops=1)
  Hash Cond: (mi_idx.movie_id = t.id)
  ->  Seq Scan on movie_info_idx mi_idx  (cost=0.00..21735.35 rows=1380035 width=4) (actual time=0.020..430.445 rows=1380035 loops=1)
  ->  Hash  (cost=931478.56..931478.56 rows=866696 width=8) (actual time=15981.510..15981.510 rows=629786 loops=1)
        Buckets: 131072  Batches: 16  Memory Usage: 2545kB
        ->  Hash Join  (cost=105565.72..931478.56 rows=866696 width=8) (actual time=7834.255..15784.942 rows=629786 loops=1)
              Hash Cond: (ci.movie_id = t.id)
              ->  Seq Scan on cast_info ci  (cost=0.00..796071.18 rows=947140 width=4) (actual time=5600.258..12563.232 rows=651939 loops=1)
                    Filter: ((person_id < 831270) AND (role_id = 3))
                    Rows Removed by Filter: 35592405
              ->  Hash  (cost=67604.59..67604.59 rows=2313771 width=4) (actual time=2233.143..2233.143 rows=2308498 loops=1)
                    Buckets: 131072  Batches: 32  Memory Usage: 3564kB
                    ->  Seq Scan on title t  (cost=0.00..67604.59 rows=2313771 width=4) (actual time=0.030..1503.062 rows=2308498 loops=1)
                          Filter: (production_year > 1942)
                          Rows Removed by Filter: 219814
Planning time: 4.834 ms
Execution time: 17332.699 ms
