Hash Join  (cost=98137.04..236182.09 rows=1815939 width=0) (actual time=1993.038..5317.064 rows=876641 loops=1)
  Hash Cond: (mk.movie_id = t.id)
  ->  Seq Scan on movie_keyword mk  (cost=0.00..81003.12 rows=2467308 width=4) (actual time=0.014..1658.081 rows=2459956 loops=1)
        Filter: (keyword_id > 3662)
        Rows Removed by Filter: 2063974
  ->  Hash  (cost=67604.59..67604.59 rows=1860996 width=4) (actual time=1990.619..1990.619 rows=1865487 loops=1)
        Buckets: 131072  Batches: 32  Memory Usage: 3085kB
        ->  Seq Scan on title t  (cost=0.00..67604.59 rows=1860996 width=4) (actual time=0.021..1369.384 rows=1865487 loops=1)
              Filter: (kind_id > 1)
              Rows Removed by Filter: 662825
Planning time: 0.774 ms
Execution time: 5419.533 ms
