Hash Join  (cost=917733.87..1024066.00 rows=173143 width=0) (actual time=14474.790..16839.815 rows=330852 loops=1)
  Hash Cond: (mk.movie_id = t.id)
  ->  Seq Scan on movie_keyword mk  (cost=0.00..81003.12 rows=1965486 width=4) (actual time=0.025..1500.104 rows=1974953 loops=1)
        Filter: (keyword_id > 6420)
        Rows Removed by Filter: 2548977
  ->  Hash  (cost=914078.59..914078.59 rows=222742 width=8) (actual time=14473.805..14473.805 rows=207848 loops=1)
        Buckets: 131072  Batches: 4  Memory Usage: 3069kB
        ->  Hash Join  (cost=102767.86..914078.59 rows=222742 width=8) (actual time=10045.713..14405.680 rows=207848 loops=1)
              Hash Cond: (ci.movie_id = t.id)
              ->  Seq Scan on cast_info ci  (cost=0.00..796071.18 rows=222742 width=4) (actual time=7871.763..11650.950 rows=207848 loops=1)
                    Filter: ((person_id < 280466) AND (role_id = 4))
                    Rows Removed by Filter: 36036496
              ->  Hash  (cost=61283.27..61283.27 rows=2528527 width=4) (actual time=2172.029..2172.029 rows=2528312 loops=1)
                    Buckets: 131072  Batches: 64  Memory Usage: 2415kB
                    ->  Seq Scan on title t  (cost=0.00..61283.27 rows=2528527 width=4) (actual time=0.018..1218.171 rows=2528312 loops=1)
Planning time: 1.202 ms
Execution time: 16883.191 ms
