Hash Join  (cost=262727.57..863866.11 rows=9644470 width=0) (actual time=5907.008..42081.994 rows=96327082 loops=1)
  Hash Cond: (mi.movie_id = t.id)
  ->  Seq Scan on movie_info mi  (cost=0.00..309384.22 rows=14739122 width=4) (actual time=0.023..6013.189 rows=14835720 loops=1)
  ->  Hash  (cost=235581.96..235581.96 rows=1654529 width=8) (actual time=5905.389..5905.389 rows=1727230 loops=1)
        Buckets: 131072  Batches: 32  Memory Usage: 3205kB
        ->  Hash Join  (cost=105979.79..235581.96 rows=1654529 width=8) (actual time=2192.799..5448.158 rows=1727230 loops=1)
              Hash Cond: (mk.movie_id = t.id)
              ->  Seq Scan on movie_keyword mk  (cost=0.00..81003.12 rows=1788551 width=4) (actual time=0.010..1605.174 rows=1796812 loops=1)
                    Filter: (keyword_id > 7762)
                    Rows Removed by Filter: 2727118
              ->  Hash  (cost=67604.59..67604.59 rows=2339056 width=4) (actual time=2191.827..2191.827 rows=2330853 loops=1)
                    Buckets: 131072  Batches: 32  Memory Usage: 3597kB
                    ->  Seq Scan on title t  (cost=0.00..67604.59 rows=2339056 width=4) (actual time=0.017..1438.631 rows=2330853 loops=1)
                          Filter: (production_year > 1933)
                          Rows Removed by Filter: 197459
Planning time: 1.181 ms
Execution time: 51935.733 ms
