Hash Join  (cost=100378.93..833752.20 rows=49766 width=0) (actual time=3282.517..15905.763 rows=100813 loops=1)
  Hash Cond: (ci.movie_id = t.id)
  ->  Seq Scan on cast_info ci  (cost=0.00..705507.15 rows=7298253 width=4) (actual time=1394.819..12383.912 rows=7451973 loops=1)
        Filter: (role_id = 2)
        Rows Removed by Filter: 28792371
  ->  Hash  (cost=100163.41..100163.41 rows=17242 width=8) (actual time=1887.276..1887.276 rows=19289 loops=1)
        Buckets: 32768  Batches: 1  Memory Usage: 1010kB
        ->  Hash Join  (cost=69179.59..100163.41 rows=17242 width=8) (actual time=1178.418..1879.691 rows=19289 loops=1)
              Hash Cond: (mi_idx.movie_id = t.id)
              ->  Seq Scan on movie_info_idx mi_idx  (cost=0.00..25185.44 rows=454124 width=4) (actual time=0.039..511.622 rows=459925 loops=1)
                    Filter: (info_type_id = 100)
                    Rows Removed by Filter: 920110
              ->  Hash  (cost=67604.59..67604.59 rows=96000 width=4) (actual time=1177.604..1177.604 rows=95005 loops=1)
                    Buckets: 131072  Batches: 2  Memory Usage: 2716kB
                    ->  Seq Scan on title t  (cost=0.00..67604.59 rows=96000 width=4) (actual time=0.029..1141.114 rows=95005 loops=1)
                          Filter: (production_year = 2005)
                          Rows Removed by Filter: 2433307
Planning time: 1.188 ms
Execution time: 15926.127 ms
