Hash Join  (cost=258836.51..1607756.75 rows=26267310 width=0) (actual time=6387.720..60453.515 rows=95708822 loops=1)
  Hash Cond: (ci.movie_id = t.id)
  ->  Seq Scan on cast_info ci  (cost=0.00..614943.12 rows=36225612 width=4) (actual time=0.015..13220.327 rows=36244344 loops=1)
  ->  Hash  (cost=228756.47..228756.47 rows=1833443 width=8) (actual time=6386.326..6386.326 rows=2420800 loops=1)
        Buckets: 131072 (originally 131072)  Batches: 64 (originally 32)  Memory Usage: 3917kB
        ->  Hash Join  (cost=84417.00..228756.47 rows=1833443 width=8) (actual time=1527.025..5686.450 rows=2420800 loops=1)
              Hash Cond: (mk.movie_id = t.id)
              ->  Seq Scan on movie_keyword mk  (cost=0.00..69693.30 rows=4523930 width=4) (actual time=0.031..1385.256 rows=4523930 loops=1)
              ->  Hash  (cost=67604.59..67604.59 rows=1024753 width=4) (actual time=1526.089..1526.089 rows=1021752 loops=1)
                    Buckets: 131072  Batches: 16  Memory Usage: 3281kB
                    ->  Seq Scan on title t  (cost=0.00..67604.59 rows=1024753 width=4) (actual time=0.013..1166.899 rows=1021752 loops=1)
                          Filter: (production_year < 2000)
                          Rows Removed by Filter: 1506560
Planning time: 1.163 ms
Execution time: 70312.961 ms
