Hash Join  (cost=211854.74..736318.64 rows=2458608 width=0) (actual time=4838.281..17749.037 rows=907811 loops=1)
  Hash Cond: (mi.movie_id = t.id)
  ->  Seq Scan on movie_info mi  (cost=0.00..309384.22 rows=14739122 width=4) (actual time=0.018..6154.989 rows=14835720 loops=1)
  ->  Hash  (cost=204934.51..204934.51 rows=421779 width=8) (actual time=4836.913..4836.913 rows=72660 loops=1)
        Buckets: 131072  Batches: 8  Memory Usage: 1359kB
        ->  Hash Join  (cost=77793.68..204934.51 rows=421779 width=8) (actual time=3164.837..4811.293 rows=72660 loops=1)
              Hash Cond: (mk.movie_id = t.id)
              ->  Seq Scan on movie_keyword mk  (cost=0.00..69693.30 rows=4523930 width=4) (actual time=0.013..1479.498 rows=4523930 loops=1)
              ->  Hash  (cost=73925.90..73925.90 rows=235742 width=4) (actual time=1553.987..1553.987 rows=129555 loops=1)
                    Buckets: 131072  Batches: 4  Memory Usage: 2166kB
                    ->  Seq Scan on title t  (cost=0.00..73925.90 rows=235742 width=4) (actual time=0.017..1155.718 rows=129555 loops=1)
                          Filter: ((production_year < 1971) AND (kind_id = 7))
                          Rows Removed by Filter: 2398757
Planning time: 1.192 ms
Execution time: 17865.743 ms
