Nested Loop  (cost=0.43..83072.29 rows=116 width=0) (actual time=132.309..1279.718 rows=5 loops=1)
  ->  Seq Scan on movie_keyword mk  (cost=0.00..81003.12 rows=246 width=4) (actual time=74.489..1278.676 rows=21 loops=1)
        Filter: (keyword_id = 17697)
        Rows Removed by Filter: 4523909
  ->  Index Scan using title_pkey on title t  (cost=0.43..8.40 rows=1 width=4) (actual time=0.044..0.044 rows=0 loops=21)
        Index Cond: (id = mk.movie_id)
        Filter: (production_year > 2003)
        Rows Removed by Filter: 1
Planning time: 0.731 ms
Execution time: 1279.828 ms
