Hash Join  (cost=75199.97..165971.57 rows=24470 width=0) (actual time=2371.581..2943.617 rows=8769 loops=1)
  Hash Cond: (mk.movie_id = t.id)
  ->  Seq Scan on movie_keyword mk  (cost=0.00..81003.12 rows=797275 width=4) (actual time=0.015..1435.608 rows=799847 loops=1)
        Filter: (keyword_id > 23110)
        Rows Removed by Filter: 3724083
  ->  Hash  (cost=73925.90..73925.90 rows=77605 width=4) (actual time=1240.574..1240.574 rows=84684 loops=1)
        Buckets: 131072  Batches: 2  Memory Usage: 2518kB
        ->  Seq Scan on title t  (cost=0.00..73925.90 rows=77605 width=4) (actual time=84.126..1207.054 rows=84684 loops=1)
              Filter: ((kind_id = 7) AND (production_year = 2009))
              Rows Removed by Filter: 2443628
Planning time: 0.741 ms
Execution time: 2944.878 ms
