Seq Scan on cast_info ci  (cost=0.00..796071.18 rows=122449 width=0) (actual time=11470.988..12935.342 rows=236066 loops=1)
  Filter: ((person_id > 2401637) AND (role_id > 10))
  Rows Removed by Filter: 36008278
Planning time: 0.375 ms
Execution time: 12964.250 ms
