Hash Join  (cost=119598.42..609015.70 rows=900736 width=0) (actual time=2707.783..16514.441 rows=5361781 loops=1)
  Hash Cond: (mi.movie_id = t.id)
  ->  Seq Scan on movie_info mi  (cost=0.00..309384.22 rows=14739122 width=4) (actual time=0.010..6172.181 rows=14835720 loops=1)
  ->  Hash  (cost=117062.88..117062.88 rows=154523 width=8) (actual time=2707.078..2707.078 rows=284615 loops=1)
        Buckets: 131072  Batches: 4  Memory Usage: 3818kB
        ->  Hash Join  (cost=81720.25..117062.88 rows=154523 width=8) (actual time=1703.301..2617.398 rows=284615 loops=1)
              Hash Cond: (mi_idx.movie_id = t.id)
              ->  Seq Scan on movie_info_idx mi_idx  (cost=0.00..25185.44 rows=454124 width=4) (actual time=0.023..437.943 rows=459925 loops=1)
                    Filter: (info_type_id = 100)
                    Rows Removed by Filter: 920110
              ->  Hash  (cost=67604.59..67604.59 rows=860373 width=4) (actual time=1701.493..1701.493 rows=854214 loops=1)
                    Buckets: 131072  Batches: 16  Memory Usage: 2897kB
                    ->  Seq Scan on title t  (cost=0.00..67604.59 rows=860373 width=4) (actual time=0.019..1153.297 rows=854214 loops=1)
                          Filter: (kind_id < 4)
                          Rows Removed by Filter: 1674098
Planning time: 3.486 ms
Execution time: 17093.859 ms
