Seq Scan on cast_info ci  (cost=0.00..705507.15 rows=16460921 width=0) (actual time=0.021..11836.616 rows=16597353 loops=1)
  Filter: (person_id > 1969206)
  Rows Removed by Filter: 19646991
Planning time: 0.339 ms
Execution time: 13913.267 ms
