Hash Join  (cost=219232.79..1333474.82 rows=11774424 width=0) (actual time=4970.893..40898.940 rows=31372291 loops=1)
  Hash Cond: (ci.movie_id = t.id)
  ->  Seq Scan on cast_info ci  (cost=0.00..705507.15 rows=24760436 width=4) (actual time=0.022..15146.525 rows=24772233 loops=1)
        Filter: (person_id < 2551008)
        Rows Removed by Filter: 11472111
  ->  Hash  (cost=199505.79..199505.79 rows=1202400 width=8) (actual time=4969.538..4969.538 rows=1274246 loops=1)
        Buckets: 131072 (originally 131072)  Batches: 32 (originally 16)  Memory Usage: 3073kB
        ->  Hash Join  (cost=102767.86..199505.79 rows=1202400 width=8) (actual time=2303.041..4602.253 rows=1274246 loops=1)
              Hash Cond: (mc.movie_id = t.id)
              ->  Seq Scan on movie_companies mc  (cost=0.00..57926.93 rows=1202400 width=4) (actual time=412.113..1234.534 rows=1274246 loops=1)
                    Filter: ((company_id < 129595) AND (company_type_id = 1))
                    Rows Removed by Filter: 1334883
              ->  Hash  (cost=61283.27..61283.27 rows=2528527 width=4) (actual time=1889.693..1889.693 rows=2528312 loops=1)
                    Buckets: 131072  Batches: 64  Memory Usage: 2415kB
                    ->  Seq Scan on title t  (cost=0.00..61283.27 rows=2528527 width=4) (actual time=0.019..1038.921 rows=2528312 loops=1)
Planning time: 1.217 ms
Execution time: 44423.253 ms
