Hash Join  (cost=104131.46..268705.56 rows=3049645 width=0) (actual time=2061.883..6863.714 rows=3326173 loops=1)
  Hash Cond: (mk.movie_id = t.id)
  ->  Seq Scan on movie_keyword mk  (cost=0.00..81003.12 rows=3463504 width=4) (actual time=0.024..1718.460 rows=3455780 loops=1)
        Filter: (keyword_id < 16501)
        Rows Removed by Filter: 1068150
  ->  Hash  (cost=67604.59..67604.59 rows=2226390 width=4) (actual time=2061.178..2061.178 rows=2224569 loops=1)
        Buckets: 131072  Batches: 32  Memory Usage: 3472kB
        ->  Seq Scan on title t  (cost=0.00..67604.59 rows=2226390 width=4) (actual time=0.018..1336.912 rows=2224569 loops=1)
              Filter: (production_year < 2012)
              Rows Removed by Filter: 303743
Planning time: 0.797 ms
Execution time: 7286.969 ms
