Hash Join  (cost=177657.85..668352.44 rows=1020466 width=0) (actual time=3511.552..17571.465 rows=5145888 loops=1)
  Hash Cond: (mi.movie_id = t.id)
  ->  Seq Scan on movie_info mi  (cost=0.00..309384.22 rows=14739122 width=4) (actual time=0.025..6092.015 rows=14835720 loops=1)
  ->  Hash  (cost=174785.57..174785.57 rows=175063 width=8) (actual time=3510.770..3510.770 rows=273198 loops=1)
        Buckets: 131072  Batches: 4  Memory Usage: 3703kB
        ->  Hash Join  (cost=102767.86..174785.57 rows=175063 width=8) (actual time=1930.052..3424.124 rows=273198 loops=1)
              Hash Cond: (mc.movie_id = t.id)
              ->  Seq Scan on movie_companies mc  (cost=0.00..57926.93 rows=175063 width=4) (actual time=0.030..849.807 rows=273198 loops=1)
                    Filter: ((company_id < 168) AND (company_type_id < 2))
                    Rows Removed by Filter: 2335931
              ->  Hash  (cost=61283.27..61283.27 rows=2528527 width=4) (actual time=1928.804..1928.804 rows=2528312 loops=1)
                    Buckets: 131072  Batches: 64  Memory Usage: 2415kB
                    ->  Seq Scan on title t  (cost=0.00..61283.27 rows=2528527 width=4) (actual time=0.019..1114.133 rows=2528312 loops=1)
Planning time: 4.230 ms
Execution time: 18177.284 ms
