Hash Join  (cost=114663.39..482291.48 rows=297218 width=0) (actual time=2093.492..10061.495 rows=313575 loops=1)
  Hash Cond: (mi.movie_id = t.id)
  ->  Seq Scan on movie_info mi  (cost=0.00..309384.22 rows=14739122 width=4) (actual time=0.020..4312.026 rows=14835720 loops=1)
  ->  Hash  (cost=114026.04..114026.04 rows=50988 width=8) (actual time=2092.670..2092.670 rows=33996 loops=1)
        Buckets: 65536  Batches: 1  Memory Usage: 1840kB
        ->  Hash Join  (cost=75458.68..114026.04 rows=50988 width=8) (actual time=1169.968..2080.398 rows=33996 loops=1)
              Hash Cond: (mi_idx.movie_id = t.id)
              ->  Seq Scan on movie_info_idx mi_idx  (cost=0.00..21735.35 rows=1380035 width=4) (actual time=0.026..445.537 rows=1380035 loops=1)
              ->  Hash  (cost=73925.90..73925.90 rows=93422 width=4) (actual time=1169.144..1169.144 rows=100754 loops=1)
                    Buckets: 131072  Batches: 2  Memory Usage: 2802kB
                    ->  Seq Scan on title t  (cost=0.00..73925.90 rows=93422 width=4) (actual time=0.027..1130.882 rows=100754 loops=1)
                          Filter: ((kind_id > 1) AND (production_year = 2008))
                          Rows Removed by Filter: 2427558
Planning time: 1.176 ms
Execution time: 10105.422 ms
