Seq Scan on movie_keyword mk  (cost=0.00..81003.12 rows=2793390 width=0) (actual time=0.021..1507.987 rows=2783080 loops=1)
  Filter: (keyword_id > 2843)
  Rows Removed by Filter: 1740850
Planning time: 0.328 ms
Execution time: 1857.386 ms
