Seq Scan on cast_info ci  (cost=0.00..705507.15 rows=500 width=0) (actual time=4027.418..9314.355 rows=1 loops=1)
  Filter: (person_id = 1752362)
  Rows Removed by Filter: 36244343
Planning time: 0.374 ms
Execution time: 9314.463 ms
