Seq Scan on movie_keyword mk  (cost=0.00..81003.12 rows=246 width=0) (actual time=3.173..1326.481 rows=114 loops=1)
  Filter: (keyword_id = 9472)
  Rows Removed by Filter: 4523816
Planning time: 0.332 ms
Execution time: 1326.657 ms
