Hash Join  (cost=146730.98..1056267.85 rows=2020675 width=0) (actual time=3776.374..20725.364 rows=2687776 loops=1)
  Hash Cond: (ci.movie_id = t.id)
  ->  Seq Scan on cast_info ci  (cost=0.00..796071.18 rows=7845587 width=4) (actual time=0.026..12980.564 rows=4862839 loops=1)
        Filter: ((person_id < 1722017) AND (role_id > 2))
        Rows Removed by Filter: 31381505
  ->  Hash  (cost=136046.53..136046.53 rows=651236 width=8) (actual time=3774.218..3774.218 rows=539725 loops=1)
        Buckets: 131072  Batches: 16  Memory Usage: 2333kB
        ->  Hash Join  (cost=87180.69..136046.53 rows=651236 width=8) (actual time=2158.821..3615.496 rows=539725 loops=1)
              Hash Cond: (mi_idx.movie_id = t.id)
              ->  Seq Scan on movie_info_idx mi_idx  (cost=0.00..21735.35 rows=1380035 width=4) (actual time=0.025..466.609 rows=1380035 loops=1)
              ->  Hash  (cost=67604.59..67604.59 rows=1193208 width=4) (actual time=2157.616..2157.616 rows=1192518 loops=1)
                    Buckets: 131072  Batches: 16  Memory Usage: 3646kB
                    ->  Seq Scan on title t  (cost=0.00..67604.59 rows=1193208 width=4) (actual time=6.586..1316.926 rows=1192518 loops=1)
                          Filter: (production_year > 2003)
                          Rows Removed by Filter: 1335794
Planning time: 1.207 ms
Execution time: 21083.193 ms
