Seq Scan on movie_keyword mk  (cost=0.00..81003.12 rows=246 width=0) (actual time=3.058..1206.712 rows=117 loops=1)
  Filter: (keyword_id = 5377)
  Rows Removed by Filter: 4523813
Planning time: 5.387 ms
Execution time: 1206.878 ms
