Seq Scan on movie_keyword mk  (cost=0.00..81003.12 rows=2977484 width=0) (actual time=0.024..1588.183 rows=2962482 loops=1)
  Filter: (keyword_id < 10068)
  Rows Removed by Filter: 1561448
Planning time: 0.344 ms
Execution time: 1962.900 ms
