Seq Scan on movie_companies mc  (cost=0.00..51404.11 rows=104 width=0) (actual time=55.910..819.972 rows=17 loops=1)
  Filter: (company_id = 6999)
  Rows Removed by Filter: 2609112
Planning time: 0.353 ms
Execution time: 820.055 ms
