Hash Join  (cost=73952.40..157452.83 rows=11513 width=0) (actual time=1143.463..2517.346 rows=1400 loops=1)
  Hash Cond: (mk.movie_id = t.id)
  ->  Seq Scan on movie_keyword mk  (cost=0.00..81003.12 rows=75248 width=4) (actual time=0.035..1278.344 rows=72496 loops=1)
        Filter: (keyword_id = 335)
        Rows Removed by Filter: 4451434
  ->  Hash  (cost=67604.59..67604.59 rows=386865 width=4) (actual time=1135.409..1135.409 rows=381430 loops=1)
        Buckets: 131072  Batches: 8  Memory Usage: 2699kB
        ->  Seq Scan on title t  (cost=0.00..67604.59 rows=386865 width=4) (actual time=0.017..1008.438 rows=381430 loops=1)
              Filter: (production_year < 1971)
              Rows Removed by Filter: 2146882
Planning time: 0.774 ms
Execution time: 2517.751 ms
