Hash Join  (cost=75342.47..182378.06 rows=73654 width=0) (actual time=2339.379..3708.716 rows=24239 loops=1)
  Hash Cond: (mk.movie_id = t.id)
  ->  Seq Scan on movie_keyword mk  (cost=0.00..81003.12 rows=2158381 width=4) (actual time=0.025..1707.253 rows=2156573 loops=1)
        Filter: (keyword_id > 5360)
        Rows Removed by Filter: 2367357
  ->  Hash  (cost=73925.90..73925.90 rows=86285 width=4) (actual time=1328.038..1328.038 rows=92628 loops=1)
        Buckets: 131072  Batches: 2  Memory Usage: 2659kB
        ->  Seq Scan on title t  (cost=0.00..73925.90 rows=86285 width=4) (actual time=260.056..1291.477 rows=92628 loops=1)
              Filter: ((kind_id = 7) AND (production_year = 2010))
              Rows Removed by Filter: 2435684
Planning time: 0.767 ms
Execution time: 3711.959 ms
