Hash Join  (cost=166594.43..286980.68 rows=170081 width=0) (actual time=3264.493..6607.021 rows=541836 loops=1)
  Hash Cond: (mk.movie_id = t.id)
  ->  Seq Scan on movie_keyword mk  (cost=0.00..81003.12 rows=3213684 width=4) (actual time=0.025..1744.575 rows=3204681 loops=1)
        Filter: (keyword_id > 1729)
        Rows Removed by Filter: 1319249
  ->  Hash  (cost=164398.68..164398.68 rows=133820 width=8) (actual time=3263.646..3263.646 rows=158089 loops=1)
        Buckets: 131072 (originally 131072)  Batches: 4 (originally 2)  Memory Usage: 3073kB
        ->  Hash Join  (cost=101489.21..164398.68 rows=133820 width=8) (actual time=1989.447..3203.547 rows=158089 loops=1)
              Hash Cond: (mc.movie_id = t.id)
              ->  Seq Scan on movie_companies mc  (cost=0.00..51404.11 rows=163832 width=4) (actual time=0.471..707.161 rows=167708 loops=1)
                    Filter: (company_id < 34)
                    Rows Removed by Filter: 2441421
              ->  Hash  (cost=67604.59..67604.59 rows=2065330 width=4) (actual time=1986.468..1986.468 rows=2064552 loops=1)
                    Buckets: 131072  Batches: 32  Memory Usage: 3289kB
                    ->  Seq Scan on title t  (cost=0.00..67604.59 rows=2065330 width=4) (actual time=0.015..1284.930 rows=2064552 loops=1)
                          Filter: (production_year < 2011)
                          Rows Removed by Filter: 463760
Planning time: 1.218 ms
Execution time: 6673.256 ms
