Hash Join  (cost=67697.55..425525.54 rows=9024 width=0) (actual time=916.805..7202.529 rows=15883 loops=1)
  Hash Cond: (mi.movie_id = t.id)
  ->  Seq Scan on movie_info mi  (cost=0.00..346232.03 rows=3068194 width=4) (actual time=0.020..5655.339 rows=3036719 loops=1)
        Filter: (info_type_id = 16)
        Rows Removed by Filter: 11799001
  ->  Hash  (cost=67604.59..67604.59 rows=7437 width=4) (actual time=915.024..915.024 rows=14038 loops=1)
        Buckets: 16384 (originally 8192)  Batches: 1 (originally 1)  Memory Usage: 622kB
        ->  Seq Scan on title t  (cost=0.00..67604.59 rows=7437 width=4) (actual time=0.129..908.808 rows=14038 loops=1)
              Filter: (production_year = 1977)
              Rows Removed by Filter: 2514274
Planning time: 0.836 ms
Execution time: 7205.402 ms
