Hash Join  (cost=58375.91..423034.00 rows=216 width=0) (actual time=988.087..7827.494 rows=185 loops=1)
  Hash Cond: (mi.movie_id = t.id)
  ->  Seq Scan on movie_info mi  (cost=0.00..309384.22 rows=14739122 width=4) (actual time=0.020..4218.131 rows=14835720 loops=1)
  ->  Hash  (cost=58375.45..58375.45 rows=37 width=8) (actual time=962.825..962.825 rows=74 loops=1)
        Buckets: 1024  Batches: 1  Memory Usage: 11kB
        ->  Nested Loop  (cost=0.43..58375.45 rows=37 width=8) (actual time=731.085..962.775 rows=74 loops=1)
              ->  Seq Scan on movie_companies mc  (cost=0.00..57926.93 rows=53 width=4) (actual time=185.876..959.462 rows=81 loops=1)
                    Filter: ((company_type_id > 1) AND (company_id = 77311))
                    Rows Removed by Filter: 2609048
              ->  Index Scan using title_pkey on title t  (cost=0.43..8.45 rows=1 width=4) (actual time=0.039..0.040 rows=1 loops=81)
                    Index Cond: (id = mc.movie_id)
                    Filter: ((kind_id > 1) AND (production_year > 1916))
                    Rows Removed by Filter: 0
Planning time: 3.714 ms
Execution time: 7827.713 ms
