Hash Join  (cost=130777.50..220240.48 rows=52829 width=0) (actual time=2522.620..4293.678 rows=385467 loops=1)
  Hash Cond: (mk.movie_id = t.id)
  ->  Seq Scan on movie_keyword mk  (cost=0.00..81003.12 rows=2115084 width=4) (actual time=0.027..1445.048 rows=2113262 loops=1)
        Filter: (keyword_id > 5647)
        Rows Removed by Filter: 2410668
  ->  Hash  (cost=129988.05..129988.05 rows=63156 width=8) (actual time=2379.011..2379.011 rows=76139 loops=1)
        Buckets: 131072 (originally 65536)  Batches: 1 (originally 1)  Memory Usage: 3999kB
        ->  Hash Join  (cost=74690.97..129988.05 rows=63156 width=8) (actual time=1016.746..2349.418 rows=76139 loops=1)
              Hash Cond: (mc.movie_id = t.id)
              ->  Seq Scan on movie_companies mc  (cost=0.00..44881.29 rows=2609129 width=4) (actual time=0.012..609.318 rows=2609129 loops=1)
              ->  Hash  (cost=73925.90..73925.90 rows=61205 width=4) (actual time=980.469..980.469 rows=61581 loops=1)
                    Buckets: 65536  Batches: 1  Memory Usage: 2677kB
                    ->  Seq Scan on title t  (cost=0.00..73925.90 rows=61205 width=4) (actual time=0.020..957.442 rows=61581 loops=1)
                          Filter: ((production_year > 2011) AND (kind_id = 1))
                          Rows Removed by Filter: 2466731
Planning time: 1.143 ms
Execution time: 4343.725 ms
