Hash Join  (cost=102035.39..856607.97 rows=378347 width=0) (actual time=1902.537..18702.797 rows=356577 loops=1)
  Hash Cond: (ci.movie_id = t.id)
  ->  Seq Scan on cast_info ci  (cost=0.00..614943.12 rows=36225612 width=4) (actual time=0.012..8619.471 rows=36244344 loops=1)
  ->  Hash  (cost=101705.29..101705.29 rows=26408 width=8) (actual time=1899.883..1899.883 rows=10347 loops=1)
        Buckets: 32768  Batches: 1  Memory Usage: 661kB
        ->  Hash Join  (cost=74530.73..101705.29 rows=26408 width=8) (actual time=1228.161..1895.757 rows=10347 loops=1)
              Hash Cond: (mi_idx.movie_id = t.id)
              ->  Seq Scan on movie_info_idx mi_idx  (cost=0.00..21735.35 rows=1380035 width=4) (actual time=0.018..320.857 rows=1380035 loops=1)
              ->  Hash  (cost=73925.90..73925.90 rows=48386 width=4) (actual time=1227.467..1227.467 rows=45023 loops=1)
                    Buckets: 65536  Batches: 1  Memory Usage: 2095kB
                    ->  Seq Scan on title t  (cost=0.00..73925.90 rows=48386 width=4) (actual time=0.029..1208.695 rows=45023 loops=1)
                          Filter: ((kind_id > 1) AND (production_year = 2013))
                          Rows Removed by Filter: 2483289
Planning time: 1.190 ms
Execution time: 18754.225 ms
