Hash Join  (cost=192918.16..237735.00 rows=415236 width=0) (actual time=4175.988..4804.461 rows=458721 loops=1)
  Hash Cond: (mi_idx.movie_id = t.id)
  ->  Seq Scan on movie_info_idx mi_idx  (cost=0.00..21735.35 rows=1380035 width=4) (actual time=0.022..452.267 rows=1380035 loops=1)
  ->  Hash  (cost=180436.12..180436.12 rows=760803 width=8) (actual time=3744.114..3744.114 rows=316839 loops=1)
        Buckets: 131072  Batches: 16  Memory Usage: 1784kB
        ->  Hash Join  (cost=92883.59..180436.12 rows=760803 width=8) (actual time=2455.135..3661.992 rows=316839 loops=1)
              Hash Cond: (mc.movie_id = t.id)
              ->  Seq Scan on movie_companies mc  (cost=0.00..57926.93 rows=1248514 width=4) (actual time=0.022..1225.047 rows=1274246 loops=1)
                    Filter: ((company_id < 182211) AND (company_type_id < 2))
                    Rows Removed by Filter: 1334883
              ->  Hash  (cost=67604.59..67604.59 rows=1540800 width=4) (actual time=1559.636..1559.636 rows=1543264 loops=1)
                    Buckets: 131072  Batches: 32  Memory Usage: 2722kB
                    ->  Seq Scan on title t  (cost=0.00..67604.59 rows=1540800 width=4) (actual time=0.018..1093.147 rows=1543264 loops=1)
                          Filter: (kind_id = 7)
                          Rows Removed by Filter: 985048
Planning time: 1.315 ms
Execution time: 4842.590 ms
