Nested Loop  (cost=87687.83..503407.02 rows=18509 width=0) (actual time=6294.282..8335.376 rows=121046 loops=1)
  ->  Hash Join  (cost=87687.40..453057.22 rows=95636 width=8) (actual time=6294.204..7557.738 rows=121046 loops=1)
        Hash Cond: (mi.movie_id = mc.movie_id)
        ->  Seq Scan on movie_info mi  (cost=0.00..346232.03 rows=17937 width=4) (actual time=4474.692..5239.130 rows=6620 loops=1)
              Filter: (info_type_id = 81)
              Rows Removed by Filter: 14829100
        ->  Hash  (cost=44881.29..44881.29 rows=2609129 width=4) (actual time=1816.410..1816.410 rows=2609129 loops=1)
              Buckets: 131072  Batches: 64  Memory Usage: 2532kB
              ->  Seq Scan on movie_companies mc  (cost=0.00..44881.29 rows=2609129 width=4) (actual time=0.026..974.568 rows=2609129 loops=1)
  ->  Index Only Scan using title_pkey on title t  (cost=0.43..0.52 rows=1 width=4) (actual time=0.006..0.006 rows=1 loops=121046)
        Index Cond: (id = mc.movie_id)
        Heap Fetches: 121046
Planning time: 1.134 ms
Execution time: 8355.182 ms
