Nested Loop  (cost=0.43..83072.90 rows=57 width=0) (actual time=314.337..1213.861 rows=47 loops=1)
  ->  Seq Scan on movie_keyword mk  (cost=0.00..81003.12 rows=246 width=4) (actual time=63.382..1210.921 rows=64 loops=1)
        Filter: (keyword_id = 12453)
        Rows Removed by Filter: 4523866
  ->  Index Scan using title_pkey on title t  (cost=0.43..8.40 rows=1 width=4) (actual time=0.040..0.040 rows=1 loops=64)
        Index Cond: (id = mk.movie_id)
        Filter: ((production_year > 1961) AND (kind_id = 1))
        Rows Removed by Filter: 0
Planning time: 0.836 ms
Execution time: 1214.059 ms
