Hash Join  (cost=82634.05..446764.24 rows=243099 width=0) (actual time=2746.307..7594.111 rows=743076 loops=1)
  Hash Cond: (mi.movie_id = t.id)
  ->  Seq Scan on movie_info mi  (cost=0.00..346232.03 rows=1158179 width=4) (actual time=1326.477..5101.712 rows=1204709 loops=1)
        Filter: (info_type_id > 18)
        Rows Removed by Filter: 13631011
  ->  Hash  (cost=73925.90..73925.90 rows=530732 width=4) (actual time=1363.359..1363.359 rows=403730 loops=1)
        Buckets: 131072  Batches: 8  Memory Usage: 2815kB
        ->  Seq Scan on title t  (cost=0.00..73925.90 rows=530732 width=4) (actual time=0.023..1218.092 rows=403730 loops=1)
              Filter: ((production_year > 1975) AND (kind_id = 1))
              Rows Removed by Filter: 2124582
Planning time: 0.654 ms
Execution time: 7681.391 ms
