Nested Loop  (cost=0.43..798851.07 rows=332 width=0) (actual time=4725.602..12194.285 rows=117 loops=1)
  ->  Seq Scan on cast_info ci  (cost=0.00..796071.18 rows=332 width=4) (actual time=4725.477..12192.071 rows=117 loops=1)
        Filter: ((role_id < 4) AND (person_id = 702107))
        Rows Removed by Filter: 36244227
  ->  Index Only Scan using title_pkey on title t  (cost=0.43..8.36 rows=1 width=4) (actual time=0.018..0.018 rows=1 loops=117)
        Index Cond: (id = ci.movie_id)
        Heap Fetches: 117
Planning time: 0.793 ms
Execution time: 12194.404 ms
