Hash Join  (cost=796952.06..884633.03 rows=73 width=0) (actual time=14405.236..14458.200 rows=1 loops=1)
  Hash Cond: (mk.movie_id = t.id)
  ->  Seq Scan on movie_keyword mk  (cost=0.00..81003.12 rows=1780565 width=4) (actual time=0.021..1430.596 rows=1780712 loops=1)
        Filter: (keyword_id > 7776)
        Rows Removed by Filter: 2743218
  ->  Hash  (cost=796950.76..796950.76 rows=104 width=8) (actual time=12785.345..12785.345 rows=1 loops=1)
        Buckets: 1024  Batches: 1  Memory Usage: 9kB
        ->  Nested Loop  (cost=0.43..796950.76 rows=104 width=8) (actual time=3004.640..12785.332 rows=1 loops=1)
              ->  Seq Scan on cast_info ci  (cost=0.00..796071.18 rows=104 width=4) (actual time=3004.525..12785.212 rows=1 loops=1)
                    Filter: ((role_id > 7) AND (person_id = 3472599))
                    Rows Removed by Filter: 36244343
              ->  Index Only Scan using title_pkey on title t  (cost=0.43..8.45 rows=1 width=4) (actual time=0.088..0.089 rows=1 loops=1)
                    Index Cond: (id = ci.movie_id)
                    Heap Fetches: 1
Planning time: 1.126 ms
Execution time: 14458.361 ms
