Hash Join  (cost=177359.85..332163.03 rows=1906383 width=0) (actual time=4331.980..10134.484 rows=7487341 loops=1)
  Hash Cond: (mk.movie_id = t.id)
  ->  Seq Scan on movie_keyword mk  (cost=0.00..81003.12 rows=4360326 width=4) (actual time=0.028..1914.987 rows=4346368 loops=1)
        Filter: (keyword_id > 121)
        Rows Removed by Filter: 177562
  ->  Hash  (cost=159222.10..159222.10 rows=1105500 width=8) (actual time=4331.270..4331.270 rows=1114326 loops=1)
        Buckets: 131072  Batches: 16  Memory Usage: 3768kB
        ->  Hash Join  (cost=100836.57..159222.10 rows=1105500 width=8) (actual time=2308.422..3989.902 rows=1114326 loops=1)
              Hash Cond: (mi_idx.movie_id = t.id)
              ->  Seq Scan on movie_info_idx mi_idx  (cost=0.00..21735.35 rows=1380035 width=4) (actual time=0.018..383.479 rows=1380035 loops=1)
              ->  Hash  (cost=67604.59..67604.59 rows=2025519 width=4) (actual time=2307.079..2307.079 rows=2018703 loops=1)
                    Buckets: 131072  Batches: 32  Memory Usage: 3247kB
                    ->  Seq Scan on title t  (cost=0.00..67604.59 rows=2025519 width=4) (actual time=0.018..1443.969 rows=2018703 loops=1)
                          Filter: (production_year > 1974)
                          Rows Removed by Filter: 509609
Planning time: 1.080 ms
Execution time: 10970.739 ms
