Hash Join  (cost=95642.88..850122.95 rows=125022 width=0) (actual time=8783.753..16858.152 rows=19482 loops=1)
  Hash Cond: (ci.movie_id = t.id)
  ->  Seq Scan on cast_info ci  (cost=0.00..705507.15 rows=12726058 width=4) (actual time=7329.798..13278.009 rows=12670688 loops=1)
        Filter: (role_id = 1)
        Rows Removed by Filter: 23573656
  ->  Hash  (cost=95332.38..95332.38 rows=24840 width=8) (actual time=1450.227..1450.227 rows=11502 loops=1)
        Buckets: 32768  Batches: 1  Memory Usage: 706kB
        ->  Hash Join  (cost=68173.50..95332.38 rows=24840 width=8) (actual time=995.685..1446.190 rows=11502 loops=1)
              Hash Cond: (mi_idx.movie_id = t.id)
              ->  Seq Scan on movie_info_idx mi_idx  (cost=0.00..21735.35 rows=1380035 width=4) (actual time=0.016..273.600 rows=1380035 loops=1)
              ->  Hash  (cost=67604.59..67604.59 rows=45513 width=4) (actual time=844.217..844.217 rows=42820 loops=1)
                    Buckets: 65536  Batches: 1  Memory Usage: 2018kB
                    ->  Seq Scan on title t  (cost=0.00..67604.59 rows=45513 width=4) (actual time=165.396..829.301 rows=42820 loops=1)
                          Filter: (production_year < 1913)
                          Rows Removed by Filter: 2485492
Planning time: 3.226 ms
Execution time: 16861.657 ms
