Seq Scan on cast_info ci  (cost=0.00..796071.18 rows=8722896 width=0) (actual time=1.939..12492.508 rows=9382242 loops=1)
  Filter: ((person_id < 964578) AND (role_id < 10))
  Rows Removed by Filter: 26862102
Planning time: 0.361 ms
Execution time: 13689.004 ms
