Seq Scan on cast_info ci  (cost=0.00..796071.18 rows=5913866 width=0) (actual time=5346.571..12042.688 rows=3648772 loops=1)
  Filter: ((person_id < 1301341) AND (role_id > 2))
  Rows Removed by Filter: 32595572
Planning time: 0.350 ms
Execution time: 12499.852 ms
