Seq Scan on cast_info ci  (cost=0.00..796071.18 rows=420 width=0) (actual time=6006.532..14486.535 rows=187 loops=1)
  Filter: ((role_id < 9) AND (person_id = 1515870))
  Rows Removed by Filter: 36244157
Planning time: 0.397 ms
Execution time: 14486.689 ms
