Seq Scan on cast_info ci  (cost=0.00..796071.18 rows=1145732 width=0) (actual time=0.030..12229.879 rows=1060405 loops=1)
  Filter: ((person_id < 1485190) AND (role_id = 4))
  Rows Removed by Filter: 35183939
Planning time: 0.428 ms
Execution time: 12356.680 ms
