Hash Join  (cost=365418.15..1382957.27 rows=10582799 width=0) (actual time=9137.224..42192.499 rows=66097820 loops=1)
  Hash Cond: (ci.movie_id = t.id)
  ->  Seq Scan on cast_info ci  (cost=0.00..796071.18 rows=5914966 width=4) (actual time=1264.590..13295.755 rows=10546208 loops=1)
        Filter: ((person_id > 2336912) AND (role_id > 2))
        Rows Removed by Filter: 25698136
  ->  Hash  (cost=291197.02..291197.02 rows=4523930 width=8) (actual time=7870.694..7870.694 rows=4523930 loops=1)
        Buckets: 131072  Batches: 64  Memory Usage: 3816kB
        ->  Hash Join  (cost=102767.86..291197.02 rows=4523930 width=8) (actual time=1878.341..6719.738 rows=4523930 loops=1)
              Hash Cond: (mk.movie_id = t.id)
              ->  Seq Scan on movie_keyword mk  (cost=0.00..69693.30 rows=4523930 width=4) (actual time=0.011..1350.248 rows=4523930 loops=1)
              ->  Hash  (cost=61283.27..61283.27 rows=2528527 width=4) (actual time=1877.585..1877.585 rows=2528312 loops=1)
                    Buckets: 131072  Batches: 64  Memory Usage: 2425kB
                    ->  Seq Scan on title t  (cost=0.00..61283.27 rows=2528527 width=4) (actual time=0.028..1007.831 rows=2528312 loops=1)
Planning time: 1.144 ms
Execution time: 49234.766 ms
