Hash Join  (cost=244346.87..1512150.01 rows=18370889 width=0) (actual time=5395.172..38424.244 rows=14035751 loops=1)
  Hash Cond: (ci.movie_id = t.id)
  ->  Seq Scan on cast_info ci  (cost=0.00..614943.12 rows=36225612 width=4) (actual time=0.024..11983.769 rows=36244344 loops=1)
  ->  Hash  (cost=223309.40..223309.40 rows=1282278 width=8) (actual time=5392.637..5392.637 rows=607420 loops=1)
        Buckets: 131072  Batches: 32  Memory Usage: 1713kB
        ->  Hash Join  (cost=85684.58..223309.40 rows=1282278 width=8) (actual time=1572.462..5205.322 rows=607420 loops=1)
              Hash Cond: (mk.movie_id = t.id)
              ->  Seq Scan on movie_keyword mk  (cost=0.00..69693.30 rows=4523930 width=4) (actual time=0.014..1388.423 rows=4523930 loops=1)
              ->  Hash  (cost=73925.90..73925.90 rows=716694 width=4) (actual time=1567.582..1567.582 rows=604570 loops=1)
                    Buckets: 131072  Batches: 16  Memory Usage: 2362kB
                    ->  Seq Scan on title t  (cost=0.00..73925.90 rows=716694 width=4) (actual time=0.020..1358.061 rows=604570 loops=1)
                          Filter: ((kind_id > 1) AND (production_year < 1999))
                          Rows Removed by Filter: 1923742
Planning time: 1.251 ms
Execution time: 39930.662 ms
