Hash Join  (cost=461741.11..543861.81 rows=512918 width=0) (actual time=8566.152..11560.181 rows=2228542 loops=1)
  Hash Cond: (mc.movie_id = t.id)
  ->  Seq Scan on movie_companies mc  (cost=0.00..44881.29 rows=2609129 width=4) (actual time=0.024..926.036 rows=2609129 loops=1)
  ->  Hash  (cost=453585.71..453585.71 rows=497072 width=8) (actual time=8565.202..8565.202 rows=1038977 loops=1)
        Buckets: 131072 (originally 131072)  Batches: 16 (originally 8)  Memory Usage: 3560kB
        ->  Hash Join  (cost=83810.17..453585.71 rows=497072 width=8) (actual time=5113.849..8251.632 rows=1038977 loops=1)
              Hash Cond: (mi.movie_id = t.id)
              ->  Seq Scan on movie_info mi  (cost=0.00..346232.03 rows=1272478 width=4) (actual time=3591.273..5550.998 rows=1325361 loops=1)
                    Filter: (info_type_id = 8)
                    Rows Removed by Filter: 13510359
              ->  Hash  (cost=67604.59..67604.59 rows=987727 width=4) (actual time=1521.672..1521.672 rows=985048 loops=1)
                    Buckets: 131072  Batches: 16  Memory Usage: 3197kB
                    ->  Seq Scan on title t  (cost=0.00..67604.59 rows=987727 width=4) (actual time=0.041..1207.531 rows=985048 loops=1)
                          Filter: (kind_id < 7)
                          Rows Removed by Filter: 1543264
Planning time: 1.145 ms
Execution time: 11824.879 ms
