Nested Loop  (cost=0.43..138936.83 rows=5238 width=0) (actual time=745.936..1262.297 rows=232 loops=1)
  ->  Seq Scan on movie_keyword mk  (cost=0.00..81003.12 rows=8595 width=4) (actual time=25.560..1092.576 rows=7873 loops=1)
        Filter: (keyword_id = 3)
        Rows Removed by Filter: 4516057
  ->  Index Scan using title_pkey on title t  (cost=0.43..6.73 rows=1 width=4) (actual time=0.021..0.021 rows=0 loops=7873)
        Index Cond: (id = mk.movie_id)
        Filter: (kind_id = 7)
        Rows Removed by Filter: 1
Planning time: 1.588 ms
Execution time: 1262.507 ms
