Seq Scan on movie_keyword mk  (cost=0.00..81003.12 rows=2143120 width=0) (actual time=0.028..1420.788 rows=2151268 loops=1)
  Filter: (keyword_id < 4043)
  Rows Removed by Filter: 2372662
Planning time: 0.342 ms
Execution time: 1690.747 ms
