Hash Join  (cost=108632.59..194590.33 rows=27558 width=0) (actual time=1861.373..3602.461 rows=146103 loops=1)
  Hash Cond: (mk.movie_id = t.id)
  ->  Seq Scan on movie_keyword mk  (cost=0.00..81003.12 rows=1247742 width=4) (actual time=0.015..1313.515 rows=1260183 loops=1)
        Filter: (keyword_id > 14236)
        Rows Removed by Filter: 3263747
  ->  Hash  (cost=107934.53..107934.53 rows=55845 width=8) (actual time=1860.821..1860.821 rows=111147 loops=1)
        Buckets: 131072 (originally 65536)  Batches: 2 (originally 1)  Memory Usage: 3195kB
        ->  Hash Join  (cost=69283.60..107934.53 rows=55845 width=8) (actual time=1210.184..1823.143 rows=111147 loops=1)
              Hash Cond: (mi_idx.movie_id = t.id)
              ->  Seq Scan on movie_info_idx mi_idx  (cost=0.00..21735.35 rows=1380035 width=4) (actual time=0.027..355.181 rows=1380035 loops=1)
              ->  Hash  (cost=67604.59..67604.59 rows=102321 width=4) (actual time=983.369..983.369 rows=100537 loops=1)
                    Buckets: 131072  Batches: 2  Memory Usage: 2797kB
                    ->  Seq Scan on title t  (cost=0.00..67604.59 rows=102321 width=4) (actual time=0.016..948.226 rows=100537 loops=1)
                          Filter: (kind_id = 3)
                          Rows Removed by Filter: 2427775
Planning time: 1.166 ms
Execution time: 3622.103 ms
