Seq Scan on movie_keyword mk  (cost=0.00..81003.12 rows=444082 width=0) (actual time=0.026..952.409 rows=441742 loops=1)
  Filter: (keyword_id > 39974)
  Rows Removed by Filter: 4082188
Planning time: 0.308 ms
Execution time: 1001.293 ms
