Hash Join  (cost=245024.30..1490454.75 rows=20601033 width=0) (actual time=5139.988..48156.277 rows=68659835 loops=1)
  Hash Cond: (ci.movie_id = t.id)
  ->  Seq Scan on cast_info ci  (cost=0.00..614943.12 rows=36225612 width=4) (actual time=0.018..12401.637 rows=36244344 loops=1)
  ->  Hash  (cost=221433.05..221433.05 rows=1437940 width=8) (actual time=5138.509..5138.509 rows=1158364 loops=1)
        Buckets: 131072  Batches: 32  Memory Usage: 2462kB
        ->  Hash Join  (cost=91123.00..221433.05 rows=1437940 width=8) (actual time=1527.165..4776.202 rows=1158364 loops=1)
              Hash Cond: (mk.movie_id = t.id)
              ->  Seq Scan on movie_keyword mk  (cost=0.00..81003.12 rows=2536407 width=4) (actual time=0.021..1504.621 rows=2529548 loops=1)
                    Filter: (keyword_id > 3521)
                    Rows Removed by Filter: 1994382
              ->  Hash  (cost=67604.59..67604.59 rows=1433473 width=4) (actual time=1524.411..1524.411 rows=1434466 loops=1)
                    Buckets: 131072  Batches: 32  Memory Usage: 2608kB
                    ->  Seq Scan on title t  (cost=0.00..67604.59 rows=1433473 width=4) (actual time=0.022..1044.498 rows=1434466 loops=1)
                          Filter: (production_year > 1999)
                          Rows Removed by Filter: 1093846
Planning time: 2.180 ms
Execution time: 55061.238 ms
