Hash Join  (cost=129477.47..216593.50 rows=45799 width=0) (actual time=2328.381..4038.279 rows=18447 loops=1)
  Hash Cond: (mk.movie_id = t.id)
  ->  Seq Scan on movie_keyword mk  (cost=0.00..69693.30 rows=4523930 width=4) (actual time=0.020..894.548 rows=4523930 loops=1)
  ->  Hash  (cost=129157.50..129157.50 rows=25598 width=8) (actual time=2327.063..2327.063 rows=10544 loops=1)
        Buckets: 32768  Batches: 1  Memory Usage: 668kB
        ->  Hash Join  (cost=74235.99..129157.50 rows=25598 width=8) (actual time=1460.999..2322.511 rows=10544 loops=1)
              Hash Cond: (mc.movie_id = t.id)
              ->  Seq Scan on movie_companies mc  (cost=0.00..44881.29 rows=2609129 width=4) (actual time=0.019..626.241 rows=2609129 loops=1)
              ->  Hash  (cost=73925.90..73925.90 rows=24807 width=4) (actual time=1042.380..1042.380 rows=25986 loops=1)
                    Buckets: 32768  Batches: 1  Memory Usage: 1170kB
                    ->  Seq Scan on title t  (cost=0.00..73925.90 rows=24807 width=4) (actual time=0.017..1031.040 rows=25986 loops=1)
                          Filter: ((kind_id = 7) AND (production_year = 1997))
                          Rows Removed by Filter: 2502326
Planning time: 1.172 ms
Execution time: 4041.055 ms
