Hash Join  (cost=92883.59..187235.75 rows=236198 width=0) (actual time=1651.992..3267.077 rows=40266 loops=1)
  Hash Cond: (mk.movie_id = t.id)
  ->  Seq Scan on movie_keyword mk  (cost=0.00..81003.12 rows=387612 width=4) (actual time=0.025..1186.483 rows=385234 loops=1)
        Filter: (keyword_id > 44581)
        Rows Removed by Filter: 4138696
  ->  Hash  (cost=67604.59..67604.59 rows=1540800 width=4) (actual time=1651.142..1651.142 rows=1543264 loops=1)
        Buckets: 131072  Batches: 32  Memory Usage: 2728kB
        ->  Seq Scan on title t  (cost=0.00..67604.59 rows=1540800 width=4) (actual time=0.014..1139.675 rows=1543264 loops=1)
              Filter: (kind_id = 7)
              Rows Removed by Filter: 985048
Planning time: 0.741 ms
Execution time: 3271.786 ms
