Seq Scan on movie_companies mc  (cost=0.00..57926.93 rows=483968 width=0) (actual time=61.343..983.116 rows=693235 loops=1)
  Filter: ((company_id < 4556) AND (company_type_id < 2))
  Rows Removed by Filter: 1915894
Planning time: 0.313 ms
Execution time: 1070.902 ms
