Seq Scan on movie_companies mc  (cost=0.00..57926.93 rows=505654 width=0) (actual time=0.025..863.041 rows=299235 loops=1)
  Filter: ((company_id < 4625) AND (company_type_id = 2))
  Rows Removed by Filter: 2309894
Planning time: 0.371 ms
Execution time: 902.694 ms
