Seq Scan on movie_companies mc  (cost=0.00..51404.11 rows=1906117 width=0) (actual time=0.033..861.769 rows=1902010 loops=1)
  Filter: (company_id < 44201)
  Rows Removed by Filter: 707119
Planning time: 0.369 ms
Execution time: 1110.789 ms
