Hash Join  (cost=201713.69..709471.59 rows=892909 width=0) (actual time=4220.483..16202.283 rows=5759453 loops=1)
  Hash Cond: (mi.movie_id = t.id)
  ->  Seq Scan on movie_info mi  (cost=0.00..309384.22 rows=14739122 width=4) (actual time=0.010..5409.739 rows=14835720 loops=1)
  ->  Hash  (cost=199199.94..199199.94 rows=153180 width=8) (actual time=4016.383..4016.383 rows=180586 loops=1)
        Buckets: 131072  Batches: 4  Memory Usage: 2810kB
        ->  Hash Join  (cost=75331.10..199199.94 rows=153180 width=8) (actual time=1313.100..3966.859 rows=180586 loops=1)
              Hash Cond: (mk.movie_id = t.id)
              ->  Seq Scan on movie_keyword mk  (cost=0.00..69693.30 rows=4523930 width=4) (actual time=0.027..1320.149 rows=4523930 loops=1)
              ->  Hash  (cost=73925.90..73925.90 rows=85616 width=4) (actual time=1312.410..1312.410 rows=88345 loops=1)
                    Buckets: 131072  Batches: 2  Memory Usage: 2587kB
                    ->  Seq Scan on title t  (cost=0.00..73925.90 rows=85616 width=4) (actual time=331.035..1277.432 rows=88345 loops=1)
                          Filter: ((production_year < 2013) AND (kind_id = 2))
                          Rows Removed by Filter: 2439967
Planning time: 1.119 ms
Execution time: 16816.949 ms
