Hash Join  (cost=167342.55..926355.74 rows=53239 width=0) (actual time=2689.673..15686.868 rows=34242 loops=1)
  Hash Cond: (ci.movie_id = t.id)
  ->  Seq Scan on cast_info ci  (cost=0.00..705507.15 rows=14126316 width=4) (actual time=0.007..10451.091 rows=14288119 loops=1)
        Filter: (person_id > 2233664)
        Rows Removed by Filter: 21956225
  ->  Hash  (cost=167223.43..167223.43 rows=9529 width=8) (actual time=2676.643..2676.643 rows=6052 loops=1)
        Buckets: 16384  Batches: 1  Memory Usage: 365kB
        ->  Hash Join  (cost=74019.21..167223.43 rows=9529 width=8) (actual time=864.739..2674.022 rows=6052 loops=1)
              Hash Cond: (mk.movie_id = t.id)
              ->  Seq Scan on movie_keyword mk  (cost=0.00..81003.12 rows=3228217 width=4) (actual time=0.009..1357.398 rows=3213821 loops=1)
                    Filter: (keyword_id < 13419)
                    Rows Removed by Filter: 1310109
              ->  Hash  (cost=73925.90..73925.90 rows=7464 width=4) (actual time=849.717..849.717 rows=5186 loops=1)
                    Buckets: 8192  Batches: 1  Memory Usage: 247kB
                    ->  Seq Scan on title t  (cost=0.00..73925.90 rows=7464 width=4) (actual time=0.096..847.805 rows=5186 loops=1)
                          Filter: ((kind_id = 4) AND (production_year = 2012))
                          Rows Removed by Filter: 2523126
Planning time: 0.854 ms
Execution time: 15692.191 ms
