Hash Join  (cost=198850.13..240282.26 rows=217965 width=0) (actual time=4519.671..5258.049 rows=168096 loops=1)
  Hash Cond: (mi_idx.movie_id = t.id)
  ->  Seq Scan on movie_info_idx mi_idx  (cost=0.00..21735.35 rows=1380035 width=4) (actual time=0.016..434.197 rows=1380035 loops=1)
  ->  Hash  (cost=192298.14..192298.14 rows=399359 width=8) (actual time=4248.033..4248.033 rows=107071 loops=1)
        Buckets: 131072  Batches: 8  Memory Usage: 1550kB
        ->  Hash Join  (cost=92883.59..192298.14 rows=399359 width=8) (actual time=1654.886..4214.255 rows=107071 loops=1)
              Hash Cond: (mk.movie_id = t.id)
              ->  Seq Scan on movie_keyword mk  (cost=0.00..81003.12 rows=655368 width=4) (actual time=0.009..1356.469 rows=664012 loops=1)
                    Filter: (keyword_id > 28277)
                    Rows Removed by Filter: 3859918
              ->  Hash  (cost=67604.59..67604.59 rows=1540800 width=4) (actual time=1653.686..1653.686 rows=1543264 loops=1)
                    Buckets: 131072  Batches: 32  Memory Usage: 2728kB
                    ->  Seq Scan on title t  (cost=0.00..67604.59 rows=1540800 width=4) (actual time=0.023..1139.750 rows=1543264 loops=1)
                          Filter: (kind_id = 7)
                          Rows Removed by Filter: 985048
Planning time: 0.967 ms
Execution time: 5275.561 ms
