Hash Join  (cost=147027.23..217019.30 rows=184391 width=0) (actual time=3032.154..5684.619 rows=494636 loops=1)
  Hash Cond: (mc.movie_id = t.id)
  ->  Seq Scan on movie_companies mc  (cost=0.00..51404.11 rows=1329612 width=4) (actual time=0.032..992.226 rows=1334883 loops=1)
        Filter: (company_type_id > 1)
        Rows Removed by Filter: 1274246
  ->  Hash  (cost=141274.02..141274.02 rows=350657 width=8) (actual time=3031.354..3031.354 rows=395802 loops=1)
        Buckets: 131072  Batches: 8  Memory Usage: 2963kB
        ->  Hash Join  (cost=99161.12..141274.02 rows=350657 width=8) (actual time=1858.762..2922.851 rows=395802 loops=1)
              Hash Cond: (mi_idx.movie_id = t.id)
              ->  Seq Scan on movie_info_idx mi_idx  (cost=0.00..25185.44 rows=460978 width=4) (actual time=0.015..427.304 rows=459925 loops=1)
                    Filter: (info_type_id = 99)
                    Rows Removed by Filter: 920110
              ->  Hash  (cost=67604.59..67604.59 rows=1923403 width=4) (actual time=1857.340..1857.340 rows=1922849 loops=1)
                    Buckets: 131072  Batches: 32  Memory Usage: 3132kB
                    ->  Seq Scan on title t  (cost=0.00..67604.59 rows=1923403 width=4) (actual time=0.012..1234.259 rows=1922849 loops=1)
                          Filter: (production_year < 2010)
                          Rows Removed by Filter: 605463
Planning time: 1.119 ms
Execution time: 5751.023 ms
