Nested Loop  (cost=0.43..58375.31 rows=14 width=0) (actual time=13.920..800.243 rows=104 loops=1)
  ->  Seq Scan on movie_companies mc  (cost=0.00..57926.93 rows=53 width=4) (actual time=13.843..790.212 rows=136 loops=1)
        Filter: ((company_type_id > 1) AND (company_id = 56759))
        Rows Removed by Filter: 2608993
  ->  Index Scan using title_pkey on title t  (cost=0.43..8.45 rows=1 width=4) (actual time=0.072..0.072 rows=1 loops=136)
        Index Cond: (id = mc.movie_id)
        Filter: (kind_id = 1)
        Rows Removed by Filter: 0
Planning time: 0.654 ms
Execution time: 800.376 ms
