Hash Join  (cost=525703.96..1835604.66 rows=22468854 width=0) (actual time=9284.202..40522.924 rows=9212384 loops=1)
  Hash Cond: (ci.movie_id = t.id)
  ->  Seq Scan on cast_info ci  (cost=0.00..614943.12 rows=36225612 width=4) (actual time=0.022..11881.046 rows=36244344 loops=1)
  ->  Hash  (cost=499973.05..499973.05 rows=1568313 width=8) (actual time=9282.523..9282.523 rows=442050 loops=1)
        Buckets: 131072  Batches: 32  Memory Usage: 1551kB
        ->  Hash Join  (cost=91879.05..499973.05 rows=1568313 width=8) (actual time=1818.161..9146.623 rows=442050 loops=1)
              Hash Cond: (mi.movie_id = t.id)
              ->  Seq Scan on movie_info mi  (cost=0.00..346232.03 rows=3623957 width=4) (actual time=167.808..4535.623 rows=3624977 loops=1)
                    Filter: (info_type_id < 4)
                    Rows Removed by Filter: 11210743
              ->  Hash  (cost=73925.90..73925.90 rows=1094252 width=4) (actual time=1649.241..1649.241 rows=1044222 loops=1)
                    Buckets: 131072  Batches: 16  Memory Usage: 3325kB
                    ->  Seq Scan on title t  (cost=0.00..73925.90 rows=1094252 width=4) (actual time=74.549..1307.536 rows=1044222 loops=1)
                          Filter: ((production_year < 2009) AND (kind_id = 7))
                          Rows Removed by Filter: 1484090
Planning time: 1.190 ms
Execution time: 41628.171 ms
