Hash Join  (cost=81821.64..214314.16 rows=861048 width=0) (actual time=2713.767..5039.256 rows=218755 loops=1)
  Hash Cond: (mk.movie_id = t.id)
  ->  Seq Scan on movie_keyword mk  (cost=0.00..69693.30 rows=4523930 width=4) (actual time=0.024..1465.271 rows=4523930 loops=1)
  ->  Hash  (cost=73925.90..73925.90 rows=481259 width=4) (actual time=1407.590..1407.590 rows=518327 loops=1)
        Buckets: 131072  Batches: 8  Memory Usage: 3307kB
        ->  Seq Scan on title t  (cost=0.00..73925.90 rows=481259 width=4) (actual time=0.018..1236.406 rows=518327 loops=1)
              Filter: ((production_year > 2007) AND (kind_id = 7))
              Rows Removed by Filter: 2009985
Planning time: 0.749 ms
Execution time: 5065.753 ms
