Seq Scan on cast_info ci  (cost=0.00..705507.15 rows=8444871 width=0) (actual time=933.027..10734.720 rows=8333906 loops=1)
  Filter: (person_id < 816012)
  Rows Removed by Filter: 27910438
Planning time: 0.356 ms
Execution time: 11815.293 ms
