Hash Join  (cost=52284.99..149635.93 rows=179 width=0) (actual time=890.789..2875.717 rows=44 loops=1)
  Hash Cond: (mk.movie_id = t.id)
  ->  Seq Scan on movie_keyword mk  (cost=0.00..81003.12 rows=4358940 width=4) (actual time=0.017..1578.072 rows=4345258 loops=1)
        Filter: (keyword_id > 126)
        Rows Removed by Filter: 178672
  ->  Hash  (cost=52283.69..52283.69 rows=104 width=8) (actual time=688.854..688.854 rows=100 loops=1)
        Buckets: 1024  Batches: 1  Memory Usage: 12kB
        ->  Nested Loop  (cost=0.43..52283.69 rows=104 width=8) (actual time=1.870..688.754 rows=100 loops=1)
              ->  Seq Scan on movie_companies mc  (cost=0.00..51404.11 rows=104 width=4) (actual time=1.810..683.413 rows=100 loops=1)
                    Filter: (company_id = 93965)
                    Rows Removed by Filter: 2609029
              ->  Index Only Scan using title_pkey on title t  (cost=0.43..8.45 rows=1 width=4) (actual time=0.051..0.051 rows=1 loops=100)
                    Index Cond: (id = mc.movie_id)
                    Heap Fetches: 100
Planning time: 2.110 ms
Execution time: 2875.836 ms
