Hash Join  (cost=103698.42..279310.58 rows=3936121 width=0) (actual time=1895.259..6339.700 rows=3738158 loops=1)
  Hash Cond: (mk.movie_id = t.id)
  ->  Seq Scan on movie_keyword mk  (cost=0.00..69693.30 rows=4523930 width=4) (actual time=0.011..1271.649 rows=4523930 loops=1)
  ->  Hash  (cost=67604.59..67604.59 rows=2199987 width=4) (actual time=1894.389..1894.389 rows=2192624 loops=1)
        Buckets: 131072  Batches: 32  Memory Usage: 3445kB
        ->  Seq Scan on title t  (cost=0.00..67604.59 rows=2199987 width=4) (actual time=0.012..1201.512 rows=2192624 loops=1)
              Filter: (production_year > 1961)
              Rows Removed by Filter: 335688
Planning time: 0.713 ms
Execution time: 6758.022 ms
