Hash Join  (cost=709678.15..796345.14 rows=895 width=0) (actual time=10497.594..11649.531 rows=13 loops=1)
  Hash Cond: (mk.movie_id = t.id)
  ->  Seq Scan on movie_keyword mk  (cost=0.00..69693.30 rows=4523930 width=4) (actual time=0.017..880.583 rows=4523930 loops=1)
  ->  Hash  (cost=709671.90..709671.90 rows=500 width=8) (actual time=9980.314..9980.314 rows=65 loops=1)
        Buckets: 1024  Batches: 1  Memory Usage: 11kB
        ->  Nested Loop  (cost=0.43..709671.90 rows=500 width=8) (actual time=2422.495..9980.245 rows=65 loops=1)
              ->  Seq Scan on cast_info ci  (cost=0.00..705507.15 rows=500 width=4) (actual time=2422.377..9979.092 rows=65 loops=1)
                    Filter: (person_id = 921368)
                    Rows Removed by Filter: 36244279
              ->  Index Only Scan using title_pkey on title t  (cost=0.43..8.32 rows=1 width=4) (actual time=0.015..0.016 rows=1 loops=65)
                    Index Cond: (id = ci.movie_id)
                    Heap Fetches: 65
Planning time: 1.105 ms
Execution time: 11649.622 ms
