Seq Scan on movie_companies mc  (cost=0.00..57926.93 rows=53 width=0) (actual time=449.316..792.083 rows=1 loops=1)
  Filter: ((company_type_id > 1) AND (company_id = 159830))
  Rows Removed by Filter: 2609128
Planning time: 3.285 ms
Execution time: 792.184 ms
