Seq Scan on movie_keyword mk  (cost=0.00..81003.12 rows=4289691 width=0) (actual time=0.024..1612.709 rows=4289190 loops=1)
  Filter: (keyword_id < 62684)
  Rows Removed by Filter: 234740
Planning time: 0.300 ms
Execution time: 2159.790 ms
