Seq Scan on cast_info ci  (cost=0.00..705507.15 rows=500 width=0) (actual time=356.202..8683.397 rows=1539 loops=1)
  Filter: (person_id = 977903)
  Rows Removed by Filter: 36242805
Planning time: 0.346 ms
Execution time: 8683.726 ms
