Hash Join  (cost=856491.93..3533330.71 rows=121349973 width=0) (actual time=17386.482..79639.289 rows=88311065 loops=1)
  Hash Cond: (ci.movie_id = t.id)
  ->  Seq Scan on cast_info ci  (cost=0.00..705507.15 rows=31554923 width=4) (actual time=0.016..16384.851 rows=31605208 loops=1)
        Filter: (role_id < 10)
        Rows Removed by Filter: 4639136
  ->  Hash  (cost=696959.27..696959.27 rows=9723893 width=8) (actual time=17384.783..17384.783 rows=4961386 loops=1)
        Buckets: 131072  Batches: 128  Memory Usage: 2533kB
        ->  Hash Join  (cost=94973.51..696959.27 rows=9723893 width=8) (actual time=1696.170..15895.274 rows=4961386 loops=1)
              Hash Cond: (mi.movie_id = t.id)
              ->  Seq Scan on movie_info mi  (cost=0.00..309384.22 rows=14739122 width=4) (actual time=0.019..5098.558 rows=14835720 loops=1)
              ->  Hash  (cost=67604.59..67604.59 rows=1668154 width=4) (actual time=1694.768..1694.768 rows=1674098 loops=1)
                    Buckets: 131072  Batches: 32  Memory Usage: 2875kB
                    ->  Seq Scan on title t  (cost=0.00..67604.59 rows=1668154 width=4) (actual time=0.012..1132.626 rows=1674098 loops=1)
                          Filter: (kind_id > 3)
                          Rows Removed by Filter: 854214
Planning time: 1.413 ms
Execution time: 89516.176 ms
