Hash Join  (cost=185434.30..226565.82 rows=200403 width=0) (actual time=3115.794..4204.584 rows=271204 loops=1)
  Hash Cond: (mi_idx.movie_id = t.id)
  ->  Seq Scan on movie_info_idx mi_idx  (cost=0.00..21735.35 rows=1380035 width=4) (actual time=0.023..409.125 rows=1380035 loops=1)
  ->  Hash  (cost=179409.52..179409.52 rows=367183 width=8) (actual time=3114.982..3114.982 rows=206884 loops=1)
        Buckets: 131072  Batches: 8  Memory Usage: 2045kB
        ->  Hash Join  (cost=102767.86..179409.52 rows=367183 width=8) (actual time=1910.830..3056.257 rows=206884 loops=1)
              Hash Cond: (mc.movie_id = t.id)
              ->  Seq Scan on movie_companies mc  (cost=0.00..57926.93 rows=367183 width=4) (actual time=267.886..850.944 rows=206884 loops=1)
                    Filter: ((company_id < 1348) AND (company_type_id = 2))
                    Rows Removed by Filter: 2402245
              ->  Hash  (cost=61283.27..61283.27 rows=2528527 width=4) (actual time=1641.615..1641.615 rows=2528312 loops=1)
                    Buckets: 131072  Batches: 64  Memory Usage: 2415kB
                    ->  Seq Scan on title t  (cost=0.00..61283.27 rows=2528527 width=4) (actual time=0.024..810.003 rows=2528312 loops=1)
Planning time: 1.053 ms
Execution time: 4238.446 ms
