Nested Loop  (cost=0.43..83071.67 rows=246 width=0) (actual time=1.326..1102.108 rows=234 loops=1)
  ->  Seq Scan on movie_keyword mk  (cost=0.00..81003.12 rows=246 width=4) (actual time=1.268..1096.096 rows=234 loops=1)
        Filter: (keyword_id = 8506)
        Rows Removed by Filter: 4523696
  ->  Index Only Scan using title_pkey on title t  (cost=0.43..8.40 rows=1 width=4) (actual time=0.023..0.023 rows=1 loops=234)
        Index Cond: (id = mk.movie_id)
        Heap Fetches: 234
Planning time: 0.731 ms
Execution time: 1102.287 ms
