Hash Join  (cost=431657.38..518760.02 rows=44461 width=0) (actual time=7093.111..7742.150 rows=21353 loops=1)
  Hash Cond: (mk.movie_id = t.id)
  ->  Seq Scan on movie_keyword mk  (cost=0.00..69693.30 rows=4523930 width=4) (actual time=0.018..895.980 rows=4523930 loops=1)
  ->  Hash  (cost=431346.75..431346.75 rows=24850 width=8) (actual time=5994.502..5994.502 rows=8328 loops=1)
        Buckets: 32768  Batches: 1  Memory Usage: 582kB
        ->  Hash Join  (cost=75199.97..431346.75 rows=24850 width=8) (actual time=3085.868..5990.787 rows=8328 loops=1)
              Hash Cond: (mi.movie_id = t.id)
              ->  Seq Scan on movie_info mi  (cost=0.00..346232.03 rows=809669 width=4) (actual time=2049.301..4650.334 rows=802140 loops=1)
                    Filter: (info_type_id = 1)
                    Rows Removed by Filter: 14033580
              ->  Hash  (cost=73925.90..73925.90 rows=77605 width=4) (actual time=1035.740..1035.740 rows=84684 loops=1)
                    Buckets: 131072  Batches: 2  Memory Usage: 2518kB
                    ->  Seq Scan on title t  (cost=0.00..73925.90 rows=77605 width=4) (actual time=0.034..1002.615 rows=84684 loops=1)
                          Filter: ((kind_id = 7) AND (production_year = 2009))
                          Rows Removed by Filter: 2443628
Planning time: 1.136 ms
Execution time: 7745.313 ms
