Hash Join  (cost=69374.09..896119.03 rows=107573 width=0) (actual time=9151.718..13291.680 rows=103286 loops=1)
  Hash Cond: (ci.movie_id = t.id)
  ->  Seq Scan on cast_info ci  (cost=0.00..796071.18 rows=2523208 width=4) (actual time=7956.718..11233.125 rows=2175811 loops=1)
        Filter: ((person_id > 2418187) AND (role_id = 2))
        Rows Removed by Filter: 34068533
  ->  Hash  (cost=67604.59..67604.59 rows=107800 width=4) (actual time=1193.952..1193.952 rows=108429 loops=1)
        Buckets: 131072  Batches: 2  Memory Usage: 2931kB
        ->  Seq Scan on title t  (cost=0.00..67604.59 rows=107800 width=4) (actual time=0.030..1096.153 rows=108429 loops=1)
              Filter: (production_year = 2006)
              Rows Removed by Filter: 2419883
Planning time: 0.713 ms
Execution time: 13306.315 ms
