Hash Join  (cost=301833.03..1819629.02 rows=38298580 width=0) (actual time=6322.534..64223.117 rows=129232498 loops=1)
  Hash Cond: (ci.movie_id = t.id)
  ->  Seq Scan on cast_info ci  (cost=0.00..614943.12 rows=36225612 width=4) (actual time=0.019..11947.781 rows=36244344 loops=1)
  ->  Hash  (cost=257974.79..257974.79 rows=2673219 width=8) (actual time=6320.088..6320.088 rows=2662588 loops=1)
        Buckets: 131072  Batches: 64  Memory Usage: 2672kB
        ->  Hash Join  (cost=102767.86..257974.79 rows=2673219 width=8) (actual time=1699.084..5586.568 rows=2662588 loops=1)
              Hash Cond: (mk.movie_id = t.id)
              ->  Seq Scan on movie_keyword mk  (cost=0.00..81003.12 rows=2673219 width=4) (actual time=0.026..1555.388 rows=2662588 loops=1)
                    Filter: (keyword_id > 3120)
                    Rows Removed by Filter: 1861342
              ->  Hash  (cost=61283.27..61283.27 rows=2528527 width=4) (actual time=1696.694..1696.694 rows=2528312 loops=1)
                    Buckets: 131072  Batches: 64  Memory Usage: 2425kB
                    ->  Seq Scan on title t  (cost=0.00..61283.27 rows=2528527 width=4) (actual time=0.028..845.525 rows=2528312 loops=1)
Planning time: 1.128 ms
Execution time: 77107.044 ms
