Hash Join  (cost=190755.30..633591.97 rows=2433907 width=0) (actual time=4116.936..13301.691 rows=4903894 loops=1)
  Hash Cond: (mi.movie_id = t.id)
  ->  Seq Scan on movie_info mi  (cost=0.00..346232.03 rows=5897221 width=4) (actual time=0.019..5187.787 rows=5884963 loops=1)
        Filter: (info_type_id < 7)
        Rows Removed by Filter: 8950757
  ->  Hash  (cost=173633.60..173633.60 rows=1043576 width=8) (actual time=4115.957..4115.957 rows=829639 loops=1)
        Buckets: 131072  Batches: 16  Memory Usage: 3043kB
        ->  Hash Join  (cost=84197.31..173633.60 rows=1043576 width=8) (actual time=1400.417..3859.057 rows=829639 loops=1)
              Hash Cond: (mc.movie_id = t.id)
              ->  Seq Scan on movie_companies mc  (cost=0.00..44881.29 rows=2609129 width=4) (actual time=0.024..772.132 rows=2609129 loops=1)
              ->  Hash  (cost=67604.59..67604.59 rows=1011338 width=4) (actual time=1399.413..1399.413 rows=1012920 loops=1)
                    Buckets: 131072  Batches: 16  Memory Usage: 3250kB
                    ->  Seq Scan on title t  (cost=0.00..67604.59 rows=1011338 width=4) (actual time=0.015..1079.321 rows=1012920 loops=1)
                          Filter: (production_year > 2005)
                          Rows Removed by Filter: 1515392
Planning time: 1.150 ms
Execution time: 13826.999 ms
