Hash Join  (cost=180689.04..318390.29 rows=1028885 width=0) (actual time=4132.080..12546.328 rows=17844580 loops=1)
  Hash Cond: (mk.movie_id = t.id)
  ->  Seq Scan on movie_keyword mk  (cost=0.00..81003.12 rows=3781140 width=4) (actual time=0.015..1742.452 rows=3775753 loops=1)
        Filter: (keyword_id > 679)
        Rows Removed by Filter: 748177
  ->  Hash  (cost=169400.57..169400.57 rows=688037 width=8) (actual time=4131.213..4131.213 rows=1042050 loops=1)
        Buckets: 131072  Batches: 16  Memory Usage: 3615kB
        ->  Hash Join  (cost=84865.68..169400.57 rows=688037 width=8) (actual time=1390.529..3836.973 rows=1042050 loops=1)
              Hash Cond: (mc.movie_id = t.id)
              ->  Seq Scan on movie_companies mc  (cost=0.00..44881.29 rows=2609129 width=4) (actual time=0.009..845.207 rows=2609129 loops=1)
              ->  Hash  (cost=73925.90..73925.90 rows=666782 width=4) (actual time=1389.605..1389.605 rows=566088 loops=1)
                    Buckets: 131072  Batches: 16  Memory Usage: 2264kB
                    ->  Seq Scan on title t  (cost=0.00..73925.90 rows=666782 width=4) (actual time=0.028..1221.128 rows=566088 loops=1)
                          Filter: ((kind_id < 7) AND (production_year > 1992))
                          Rows Removed by Filter: 1962224
Planning time: 1.207 ms
Execution time: 14738.506 ms
