Hash Join  (cost=225026.20..1201459.78 rows=5538653 width=0) (actual time=5781.116..32011.963 rows=21234596 loops=1)
  Hash Cond: (ci.movie_id = t.id)
  ->  Seq Scan on cast_info ci  (cost=0.00..796071.18 rows=9294775 width=4) (actual time=898.705..13951.072 rows=14482322 loops=1)
        Filter: ((person_id > 2212147) AND (role_id > 1))
        Rows Removed by Filter: 21762022
  ->  Hash  (cost=200306.19..200306.19 rows=1506721 width=8) (actual time=4881.109..4881.109 rows=1494064 loops=1)
        Buckets: 131072  Batches: 32  Memory Usage: 2812kB
        ->  Hash Join  (cost=102767.86..200306.19 rows=1506721 width=8) (actual time=1743.516..4432.591 rows=1494064 loops=1)
              Hash Cond: (mc.movie_id = t.id)
              ->  Seq Scan on movie_companies mc  (cost=0.00..51404.11 rows=1506721 width=4) (actual time=0.013..1010.188 rows=1494064 loops=1)
                    Filter: (company_id < 13865)
                    Rows Removed by Filter: 1115065
              ->  Hash  (cost=61283.27..61283.27 rows=2528527 width=4) (actual time=1742.062..1742.062 rows=2528312 loops=1)
                    Buckets: 131072  Batches: 64  Memory Usage: 2415kB
                    ->  Seq Scan on title t  (cost=0.00..61283.27 rows=2528527 width=4) (actual time=0.010..898.517 rows=2528312 loops=1)
Planning time: 1.060 ms
Execution time: 34490.302 ms
