Seq Scan on movie_companies mc  (cost=0.00..57926.93 rows=8487 width=0) (actual time=0.015..794.122 rows=15373 loops=1)
  Filter: ((company_id > 220487) AND (company_type_id = 2))
  Rows Removed by Filter: 2593756
Planning time: 1.363 ms
Execution time: 796.175 ms
