Hash Join  (cost=180104.30..316828.09 rows=1208276 width=0) (actual time=4410.434..14696.335 rows=28817051 loops=1)
  Hash Cond: (mk.movie_id = t.id)
  ->  Seq Scan on movie_keyword mk  (cost=0.00..69693.30 rows=4523930 width=4) (actual time=0.016..1447.019 rows=4523930 loops=1)
  ->  Hash  (cost=169023.63..169023.63 rows=675333 width=8) (actual time=4409.164..4409.164 rows=1454690 loops=1)
        Buckets: 131072 (originally 131072)  Batches: 32 (originally 16)  Memory Usage: 3073kB
        ->  Hash Join  (cost=84663.78..169023.63 rows=675333 width=8) (actual time=1440.457..4014.157 rows=1454690 loops=1)
              Hash Cond: (mc.movie_id = t.id)
              ->  Seq Scan on movie_companies mc  (cost=0.00..44881.29 rows=2609129 width=4) (actual time=0.019..874.186 rows=2609129 loops=1)
              ->  Hash  (cost=73925.90..73925.90 rows=654470 width=4) (actual time=1439.538..1439.538 rows=686054 loops=1)
                    Buckets: 131072  Batches: 16  Memory Usage: 2531kB
                    ->  Seq Scan on title t  (cost=0.00..73925.90 rows=654470 width=4) (actual time=0.023..1229.336 rows=686054 loops=1)
                          Filter: ((kind_id < 4) AND (production_year < 2010))
                          Rows Removed by Filter: 1842258
Planning time: 1.124 ms
Execution time: 17993.501 ms
