Hash Join  (cost=124833.16..877464.75 rows=184242 width=0) (actual time=1991.382..18529.655 rows=343623 loops=1)
  Hash Cond: (ci.movie_id = t.id)
  ->  Seq Scan on cast_info ci  (cost=0.00..614943.12 rows=36225612 width=4) (actual time=0.013..7787.103 rows=36244344 loops=1)
  ->  Hash  (cost=124672.41..124672.41 rows=12860 width=8) (actual time=1991.060..1991.060 rows=12551 loops=1)
        Buckets: 16384  Batches: 1  Memory Usage: 619kB
        ->  Hash Join  (cost=69928.56..124672.41 rows=12860 width=8) (actual time=1085.824..1986.267 rows=12551 loops=1)
              Hash Cond: (mc.movie_id = t.id)
              ->  Seq Scan on movie_companies mc  (cost=0.00..51404.11 rows=229636 width=4) (actual time=0.029..784.041 rows=231120 loops=1)
                    Filter: (company_id > 105137)
                    Rows Removed by Filter: 2378009
              ->  Hash  (cost=67604.59..67604.59 rows=141598 width=4) (actual time=1084.973..1084.973 rows=141703 loops=1)
                    Buckets: 131072  Batches: 2  Memory Usage: 3511kB
                    ->  Seq Scan on title t  (cost=0.00..67604.59 rows=141598 width=4) (actual time=0.024..1032.696 rows=141703 loops=1)
                          Filter: (production_year = 2010)
                          Rows Removed by Filter: 2386609
Planning time: 1.097 ms
Execution time: 18587.490 ms
