Hash Join  (cost=102767.86..181751.44 rows=464532 width=0) (actual time=1934.483..3194.630 rows=264906 loops=1)
  Hash Cond: (mc.movie_id = t.id)
  ->  Seq Scan on movie_companies mc  (cost=0.00..57926.93 rows=464532 width=4) (actual time=143.669..837.006 rows=264906 loops=1)
        Filter: ((company_id < 3043) AND (company_type_id = 2))
        Rows Removed by Filter: 2344223
  ->  Hash  (cost=61283.27..61283.27 rows=2528527 width=4) (actual time=1789.436..1789.436 rows=2528312 loops=1)
        Buckets: 131072  Batches: 64  Memory Usage: 2415kB
        ->  Seq Scan on title t  (cost=0.00..61283.27 rows=2528527 width=4) (actual time=0.030..982.878 rows=2528312 loops=1)
Planning time: 0.689 ms
Execution time: 3225.486 ms
