Hash Join  (cost=854138.88..2705539.12 rows=63949968 width=0) (actual time=23301.155..108422.150 rows=209004015 loops=1)
  Hash Cond: (ci.movie_id = t.id)
  ->  Seq Scan on cast_info ci  (cost=0.00..796071.18 rows=16555625 width=4) (actual time=2030.926..18139.992 rows=20624703 loops=1)
        Filter: ((person_id > 1034589) AND (role_id > 1))
        Rows Removed by Filter: 15619641
  ->  Hash  (cost=693898.06..693898.06 rows=9767026 width=8) (actual time=21268.653..21268.653 rows=9911754 loops=1)
        Buckets: 131072 (originally 131072)  Batches: 256 (originally 128)  Memory Usage: 4036kB
        ->  Hash Join  (cost=102767.86..693898.06 rows=9767026 width=8) (actual time=1835.437..18488.828 rows=9911754 loops=1)
              Hash Cond: (mi.movie_id = t.id)
              ->  Seq Scan on movie_info mi  (cost=0.00..346232.03 rows=9767026 width=4) (actual time=0.040..7145.912 rows=9911754 loops=1)
                    Filter: (info_type_id > 4)
                    Rows Removed by Filter: 4923966
              ->  Hash  (cost=61283.27..61283.27 rows=2528527 width=4) (actual time=1834.187..1834.187 rows=2528312 loops=1)
                    Buckets: 131072  Batches: 64  Memory Usage: 2425kB
                    ->  Seq Scan on title t  (cost=0.00..61283.27 rows=2528527 width=4) (actual time=0.020..982.401 rows=2528312 loops=1)
Planning time: 1.110 ms
Execution time: 131513.296 ms
