Nested Loop  (cost=0.43..709674.40 rows=1 width=0) (actual time=7053.248..10222.545 rows=25 loops=1)
  ->  Seq Scan on cast_info ci  (cost=0.00..705507.15 rows=500 width=4) (actual time=2515.637..10219.214 rows=224 loops=1)
        Filter: (person_id = 41117)
        Rows Removed by Filter: 36244120
  ->  Index Scan using title_pkey on title t  (cost=0.43..8.32 rows=1 width=4) (actual time=0.014..0.014 rows=0 loops=224)
        Index Cond: (id = ci.movie_id)
        Filter: ((kind_id = 7) AND (production_year = 1978))
        Rows Removed by Filter: 1
Planning time: 0.857 ms
Execution time: 10222.647 ms
