Hash Join  (cost=365418.15..1552652.35 rows=24097733 width=0) (actual time=12173.582..46281.393 rows=80529162 loops=1)
  Hash Cond: (ci.movie_id = t.id)
  ->  Seq Scan on cast_info ci  (cost=0.00..705507.15 rows=13468769 width=4) (actual time=4069.925..12171.139 rows=13616033 loops=1)
        Filter: (person_id > 2309110)
        Rows Removed by Filter: 22628311
  ->  Hash  (cost=291197.02..291197.02 rows=4523930 width=8) (actual time=8101.044..8101.044 rows=4523930 loops=1)
        Buckets: 131072  Batches: 64  Memory Usage: 3816kB
        ->  Hash Join  (cost=102767.86..291197.02 rows=4523930 width=8) (actual time=1903.149..6850.293 rows=4523930 loops=1)
              Hash Cond: (mk.movie_id = t.id)
              ->  Seq Scan on movie_keyword mk  (cost=0.00..69693.30 rows=4523930 width=4) (actual time=0.030..1297.625 rows=4523930 loops=1)
              ->  Hash  (cost=61283.27..61283.27 rows=2528527 width=4) (actual time=1901.772..1901.772 rows=2528312 loops=1)
                    Buckets: 131072  Batches: 64  Memory Usage: 2425kB
                    ->  Seq Scan on title t  (cost=0.00..61283.27 rows=2528527 width=4) (actual time=0.017..1054.255 rows=2528312 loops=1)
Planning time: 1.261 ms
Execution time: 54965.411 ms
