Hash Join  (cost=422398.35..509068.97 rows=1258 width=0) (actual time=6800.148..7932.314 rows=85 loops=1)
  Hash Cond: (mk.movie_id = t.id)
  ->  Seq Scan on movie_keyword mk  (cost=0.00..69693.30 rows=4523930 width=4) (actual time=0.013..901.573 rows=4523930 loops=1)
  ->  Hash  (cost=422389.56..422389.56 rows=703 width=8) (actual time=6261.840..6261.840 rows=12 loops=1)
        Buckets: 1024  Batches: 1  Memory Usage: 9kB
        ->  Hash Join  (cost=75553.24..422389.56 rows=703 width=8) (actual time=5395.432..6261.766 rows=12 loops=1)
              Hash Cond: (mi.movie_id = t.id)
              ->  Seq Scan on movie_info mi  (cost=0.00..346232.03 rows=17937 width=4) (actual time=3504.150..4577.200 rows=109034 loops=1)
                    Filter: (info_type_id = 106)
                    Rows Removed by Filter: 14726686
              ->  Hash  (cost=73925.90..73925.90 rows=99147 width=4) (actual time=1119.216..1119.216 rows=104093 loops=1)
                    Buckets: 131072  Batches: 2  Memory Usage: 2861kB
                    ->  Seq Scan on title t  (cost=0.00..73925.90 rows=99147 width=4) (actual time=0.095..966.794 rows=104093 loops=1)
                          Filter: ((kind_id > 2) AND (production_year = 2010))
                          Rows Removed by Filter: 2424219
Planning time: 1.142 ms
Execution time: 7932.556 ms
