Seq Scan on cast_info ci  (cost=0.00..796071.18 rows=131822 width=0) (actual time=2612.716..11248.202 rows=52051 loops=1)
  Filter: ((person_id < 1339224) AND (role_id > 10))
  Rows Removed by Filter: 36192293
Planning time: 1.879 ms
Execution time: 11256.184 ms
