Hash Join  (cost=372633.82..1047002.90 rows=16575373 width=0) (actual time=9088.008..45150.317 rows=111597601 loops=1)
  Hash Cond: (mi.movie_id = t.id)
  ->  Seq Scan on movie_info mi  (cost=0.00..346232.03 rows=9476311 width=4) (actual time=102.857..6177.486 rows=9565151 loops=1)
        Filter: (info_type_id < 16)
        Rows Removed by Filter: 5270569
  ->  Hash  (cost=300072.54..300072.54 rows=4422742 width=8) (actual time=8984.005..8984.005 rows=4412394 loops=1)
        Buckets: 131072  Batches: 64  Memory Usage: 3821kB
        ->  Hash Join  (cost=102767.86..300072.54 rows=4422742 width=8) (actual time=1829.377..7628.402 rows=4412394 loops=1)
              Hash Cond: (mk.movie_id = t.id)
              ->  Seq Scan on movie_keyword mk  (cost=0.00..81003.12 rows=4422742 width=4) (actual time=0.018..1721.983 rows=4412394 loops=1)
                    Filter: (keyword_id > 108)
                    Rows Removed by Filter: 111536
              ->  Hash  (cost=61283.27..61283.27 rows=2528527 width=4) (actual time=1826.870..1826.870 rows=2528312 loops=1)
                    Buckets: 131072  Batches: 64  Memory Usage: 2425kB
                    ->  Seq Scan on title t  (cost=0.00..61283.27 rows=2528527 width=4) (actual time=0.031..951.651 rows=2528312 loops=1)
Planning time: 1.131 ms
Execution time: 56997.332 ms
