Nested Loop  (cost=0.43..83072.29 rows=201 width=0) (actual time=1.637..1232.806 rows=221 loops=1)
  ->  Seq Scan on movie_keyword mk  (cost=0.00..81003.12 rows=246 width=4) (actual time=1.601..1218.765 rows=231 loops=1)
        Filter: (keyword_id = 11136)
        Rows Removed by Filter: 4523699
  ->  Index Scan using title_pkey on title t  (cost=0.43..8.40 rows=1 width=4) (actual time=0.058..0.058 rows=1 loops=231)
        Index Cond: (id = mk.movie_id)
        Filter: (production_year < 2011)
        Rows Removed by Filter: 0
Planning time: 0.739 ms
Execution time: 1233.013 ms
