Hash Join  (cost=67697.55..94625.21 rows=1356 width=0) (actual time=760.358..1277.160 rows=2196 loops=1)
  Hash Cond: (mi_idx.movie_id = t.id)
  ->  Seq Scan on movie_info_idx mi_idx  (cost=0.00..25185.44 rows=460978 width=4) (actual time=0.029..421.848 rows=459925 loops=1)
        Filter: (info_type_id < 100)
        Rows Removed by Filter: 920110
  ->  Hash  (cost=67604.59..67604.59 rows=7437 width=4) (actual time=760.131..760.131 rows=10517 loops=1)
        Buckets: 16384 (originally 8192)  Batches: 1 (originally 1)  Memory Usage: 498kB
        ->  Seq Scan on title t  (cost=0.00..67604.59 rows=7437 width=4) (actual time=0.133..755.449 rows=10517 loops=1)
              Filter: (production_year = 1959)
              Rows Removed by Filter: 2517795
Planning time: 0.781 ms
Execution time: 1277.720 ms
