Hash Join  (cost=75636.60..1124778.55 rows=1493078 width=0) (actual time=1173.463..26762.832 rows=1725295 loops=1)
  Hash Cond: (ci.movie_id = t.id)
  ->  Seq Scan on cast_info ci  (cost=0.00..614943.12 rows=36225612 width=4) (actual time=0.012..12062.164 rows=36244344 loops=1)
  ->  Hash  (cost=73925.90..73925.90 rows=104216 width=4) (actual time=1172.655..1172.655 rows=108513 loops=1)
        Buckets: 131072  Batches: 2  Memory Usage: 2931kB
        ->  Seq Scan on title t  (cost=0.00..73925.90 rows=104216 width=4) (actual time=0.029..1133.419 rows=108513 loops=1)
              Filter: ((kind_id > 1) AND (production_year = 2010))
              Rows Removed by Filter: 2419799
Planning time: 0.765 ms
Execution time: 26984.808 ms
