Hash Join  (cost=74323.94..883480.57 rows=42517 width=0) (actual time=5982.928..14804.300 rows=19078 loops=1)
  Hash Cond: (ci.movie_id = t.id)
  ->  Seq Scan on cast_info ci  (cost=0.00..796071.18 rows=3376073 width=4) (actual time=4934.958..13387.586 rows=1367565 loops=1)
        Filter: ((person_id < 2888743) AND (role_id = 10))
        Rows Removed by Filter: 34876779
  ->  Hash  (cost=73925.90..73925.90 rows=31843 width=4) (actual time=1047.525..1047.525 rows=35656 loops=1)
        Buckets: 65536 (originally 32768)  Batches: 1 (originally 1)  Memory Usage: 1766kB
        ->  Seq Scan on title t  (cost=0.00..73925.90 rows=31843 width=4) (actual time=0.033..1032.092 rows=35656 loops=1)
              Filter: ((kind_id = 7) AND (production_year = 2000))
              Rows Removed by Filter: 2492656
Planning time: 0.813 ms
Execution time: 14807.267 ms
