Seq Scan on cast_info ci  (cost=0.00..705507.15 rows=500 width=0) (actual time=4264.006..9069.516 rows=1 loops=1)
  Filter: (person_id = 638464)
  Rows Removed by Filter: 36244343
Planning time: 0.354 ms
Execution time: 9069.626 ms
