Seq Scan on movie_companies mc  (cost=0.00..57926.93 rows=51 width=0) (actual time=119.493..748.523 rows=1 loops=1)
  Filter: ((company_type_id < 2) AND (company_id = 55729))
  Rows Removed by Filter: 2609128
Planning time: 0.358 ms
Execution time: 748.609 ms
