Hash Join  (cost=95637.05..189948.32 rows=1175801 width=0) (actual time=1879.266..5095.170 rows=849087 loops=1)
  Hash Cond: (mc.movie_id = t.id)
  ->  Seq Scan on movie_companies mc  (cost=0.00..51404.11 rows=2246704 width=4) (actual time=0.019..974.452 rows=2243792 loops=1)
        Filter: (company_id < 86128)
        Rows Removed by Filter: 365337
  ->  Hash  (cost=73925.90..73925.90 rows=1323292 width=4) (actual time=1878.392..1878.392 rows=1447699 loops=1)
        Buckets: 131072  Batches: 32  Memory Usage: 2623kB
        ->  Seq Scan on title t  (cost=0.00..73925.90 rows=1323292 width=4) (actual time=0.016..1407.106 rows=1447699 loops=1)
              Filter: ((kind_id > 1) AND (production_year > 1988))
              Rows Removed by Filter: 1080613
Planning time: 0.715 ms
Execution time: 5195.546 ms
