Seq Scan on movie_keyword mk  (cost=0.00..81003.12 rows=3568239 width=0) (actual time=0.016..1433.531 rows=3565284 loops=1)
  Filter: (keyword_id > 898)
  Rows Removed by Filter: 958646
Planning time: 0.390 ms
Execution time: 1871.313 ms
