Seq Scan on title t  (cost=0.00..73925.90 rows=674975 width=94) (actual time=0.013..1179.226 rows=739679 loops=1)
  Filter: ((production_year > 2004) AND (kind_id = 7))
  Rows Removed by Filter: 1788633
Planning time: 0.420 ms
Execution time: 1218.595 ms
