Nested Loop  (cost=0.43..52283.69 rows=104 width=0) (actual time=118.215..756.517 rows=324 loops=1)
  ->  Seq Scan on movie_companies mc  (cost=0.00..51404.11 rows=104 width=4) (actual time=118.124..741.738 rows=324 loops=1)
        Filter: (company_id = 47350)
        Rows Removed by Filter: 2608805
  ->  Index Only Scan using title_pkey on title t  (cost=0.43..8.45 rows=1 width=4) (actual time=0.044..0.045 rows=1 loops=324)
        Index Cond: (id = mc.movie_id)
        Heap Fetches: 324
Planning time: 0.703 ms
Execution time: 756.665 ms
