Hash Join  (cost=83074.74..440815.49 rows=299 width=0) (actual time=2369.787..6229.197 rows=6721 loops=1)
  Hash Cond: (mi.movie_id = t.id)
  ->  Seq Scan on movie_info mi  (cost=0.00..346232.03 rows=3068194 width=4) (actual time=1230.382..4609.674 rows=3036719 loops=1)
        Filter: (info_type_id = 16)
        Rows Removed by Filter: 11799001
  ->  Hash  (cost=83071.67..83071.67 rows=246 width=8) (actual time=1135.283..1135.283 rows=984 loops=1)
        Buckets: 1024  Batches: 1  Memory Usage: 47kB
        ->  Nested Loop  (cost=0.43..83071.67 rows=246 width=8) (actual time=0.311..1134.535 rows=984 loops=1)
              ->  Seq Scan on movie_keyword mk  (cost=0.00..81003.12 rows=246 width=4) (actual time=0.227..1103.546 rows=984 loops=1)
                    Filter: (keyword_id = 2000)
                    Rows Removed by Filter: 4522946
              ->  Index Only Scan using title_pkey on title t  (cost=0.43..8.40 rows=1 width=4) (actual time=0.030..0.030 rows=1 loops=984)
                    Index Cond: (id = mk.movie_id)
                    Heap Fetches: 984
Planning time: 1.531 ms
Execution time: 6230.319 ms
