Hash Join  (cost=106723.00..472371.75 rows=99281 width=0) (actual time=1751.022..8409.769 rows=104525 loops=1)
  Hash Cond: (mi.movie_id = t.id)
  ->  Seq Scan on movie_info mi  (cost=0.00..309384.22 rows=14739122 width=4) (actual time=0.013..3463.911 rows=14835720 loops=1)
  ->  Hash  (cost=106510.10..106510.10 rows=17032 width=8) (actual time=1750.181..1750.181 rows=11332 loops=1)
        Buckets: 32768  Batches: 1  Memory Usage: 699kB
        ->  Hash Join  (cost=75458.68..106510.10 rows=17032 width=8) (actual time=1100.021..1745.710 rows=11332 loops=1)
              Hash Cond: (mi_idx.movie_id = t.id)
              ->  Seq Scan on movie_info_idx mi_idx  (cost=0.00..25185.44 rows=460978 width=4) (actual time=0.034..463.208 rows=459925 loops=1)
                    Filter: (info_type_id < 100)
                    Rows Removed by Filter: 920110
              ->  Hash  (cost=73925.90..73925.90 rows=93422 width=4) (actual time=1099.103..1099.103 rows=100754 loops=1)
                    Buckets: 131072  Batches: 2  Memory Usage: 2802kB
                    ->  Seq Scan on title t  (cost=0.00..73925.90 rows=93422 width=4) (actual time=0.018..1062.811 rows=100754 loops=1)
                          Filter: ((kind_id > 1) AND (production_year = 2008))
                          Rows Removed by Filter: 2427558
Planning time: 1.077 ms
Execution time: 8426.469 ms
