Hash Join  (cost=136008.49..266366.85 rows=685832 width=0) (actual time=2683.626..7273.199 rows=5506559 loops=1)
  Hash Cond: (mk.movie_id = t.id)
  ->  Seq Scan on movie_keyword mk  (cost=0.00..69693.30 rows=4523930 width=4) (actual time=0.025..1267.122 rows=4523930 loops=1)
  ->  Hash  (cost=129718.91..129718.91 rows=383327 width=8) (actual time=2682.751..2682.751 rows=624051 loops=1)
        Buckets: 131072  Batches: 8  Memory Usage: 4097kB
        ->  Hash Join  (cost=85449.15..129718.91 rows=383327 width=8) (actual time=1260.687..2502.946 rows=624051 loops=1)
              Hash Cond: (mi_idx.movie_id = t.id)
              ->  Seq Scan on movie_info_idx mi_idx  (cost=0.00..21735.35 rows=1380035 width=4) (actual time=0.013..382.523 rows=1380035 loops=1)
              ->  Hash  (cost=73925.90..73925.90 rows=702340 width=4) (actual time=1259.628..1259.628 rows=603836 loops=1)
                    Buckets: 131072  Batches: 16  Memory Usage: 2349kB
                    ->  Seq Scan on title t  (cost=0.00..73925.90 rows=702340 width=4) (actual time=0.019..1072.025 rows=603836 loops=1)
                          Filter: ((kind_id < 7) AND (production_year > 1988))
                          Rows Removed by Filter: 1924476
Planning time: 3.737 ms
Execution time: 7952.923 ms
