Seq Scan on movie_keyword mk  (cost=0.00..81003.12 rows=2683243 width=0) (actual time=0.010..1405.410 rows=2674145 loops=1)
  Filter: (keyword_id > 3077)
  Rows Removed by Filter: 1849785
Planning time: 0.358 ms
Execution time: 1752.679 ms
