Hash Join  (cost=133926.53..851542.43 rows=3825 width=0) (actual time=2065.039..13268.647 rows=10513 loops=1)
  Hash Cond: (ci.movie_id = t.id)
  ->  Seq Scan on cast_info ci  (cost=0.00..705507.15 rows=3218802 width=4) (actual time=620.533..11182.444 rows=3112537 loops=1)
        Filter: (person_id < 301430)
        Rows Removed by Filter: 33131807
  ->  Hash  (cost=133888.98..133888.98 rows=3004 width=8) (actual time=1443.920..1443.920 rows=7584 loops=1)
        Buckets: 8192 (originally 4096)  Batches: 1 (originally 1)  Memory Usage: 361kB
        ->  Nested Loop  (cost=0.43..133888.98 rows=3004 width=8) (actual time=0.448..1439.437 rows=7584 loops=1)
              ->  Seq Scan on movie_keyword mk  (cost=0.00..81003.12 rows=7691 width=4) (actual time=0.356..1244.763 rows=7640 loops=1)
                    Filter: (keyword_id = 3660)
                    Rows Removed by Filter: 4516290
              ->  Index Scan using title_pkey on title t  (cost=0.43..6.87 rows=1 width=4) (actual time=0.024..0.025 rows=1 loops=7640)
                    Index Cond: (id = mk.movie_id)
                    Filter: (kind_id < 7)
                    Rows Removed by Filter: 0
Planning time: 1.103 ms
Execution time: 13270.789 ms
