Seq Scan on cast_info ci  (cost=0.00..796071.18 rows=169359 width=0) (actual time=1802.453..12849.007 rows=243178 loops=1)
  Filter: ((person_id > 1851778) AND (role_id > 10))
  Rows Removed by Filter: 36001166
Planning time: 0.336 ms
Execution time: 12879.052 ms
