Hash Join  (cost=83074.74..137742.81 rows=254 width=0) (actual time=1095.914..2140.180 rows=1404 loops=1)
  Hash Cond: (mc.movie_id = t.id)
  ->  Seq Scan on movie_companies mc  (cost=0.00..44881.29 rows=2609129 width=4) (actual time=0.017..573.793 rows=2609129 loops=1)
  ->  Hash  (cost=83071.67..83071.67 rows=246 width=8) (actual time=1086.213..1086.213 rows=146 loops=1)
        Buckets: 1024  Batches: 1  Memory Usage: 14kB
        ->  Nested Loop  (cost=0.43..83071.67 rows=246 width=8) (actual time=5.913..1086.028 rows=146 loops=1)
              ->  Seq Scan on movie_keyword mk  (cost=0.00..81003.12 rows=246 width=4) (actual time=5.848..1077.336 rows=146 loops=1)
                    Filter: (keyword_id = 5684)
                    Rows Removed by Filter: 4523784
              ->  Index Only Scan using title_pkey on title t  (cost=0.43..8.40 rows=1 width=4) (actual time=0.056..0.056 rows=1 loops=146)
                    Index Cond: (id = mk.movie_id)
                    Heap Fetches: 146
Planning time: 1.080 ms
Execution time: 2140.567 ms
