Hash Join  (cost=71463.00..103371.61 rows=43205 width=0) (actual time=965.206..1710.772 rows=41959 loops=1)
  Hash Cond: (mi_idx.movie_id = t.id)
  ->  Seq Scan on movie_info_idx mi_idx  (cost=0.00..25185.44 rows=464566 width=4) (actual time=0.025..491.854 rows=459925 loops=1)
        Filter: (info_type_id = 101)
        Rows Removed by Filter: 920110
  ->  Hash  (cost=67604.59..67604.59 rows=235153 width=4) (actual time=963.928..963.928 rows=230883 loops=1)
        Buckets: 131072  Batches: 4  Memory Usage: 3052kB
        ->  Seq Scan on title t  (cost=0.00..67604.59 rows=235153 width=4) (actual time=0.026..879.191 rows=230883 loops=1)
              Filter: (production_year < 1959)
              Rows Removed by Filter: 2297429
Planning time: 0.710 ms
Execution time: 1716.683 ms
