Hash Join  (cost=83810.17..170487.77 rows=793298 width=0) (actual time=1316.902..3961.830 rows=1642175 loops=1)
  Hash Cond: (mc.movie_id = t.id)
  ->  Seq Scan on movie_companies mc  (cost=0.00..51404.11 rows=2030800 width=4) (actual time=0.024..1011.134 rows=2033356 loops=1)
        Filter: (company_id > 624)
        Rows Removed by Filter: 575773
  ->  Hash  (cost=67604.59..67604.59 rows=987727 width=4) (actual time=1316.001..1316.001 rows=985048 loops=1)
        Buckets: 131072  Batches: 16  Memory Usage: 3188kB
        ->  Seq Scan on title t  (cost=0.00..67604.59 rows=987727 width=4) (actual time=0.023..1009.649 rows=985048 loops=1)
              Filter: (kind_id < 7)
              Rows Removed by Filter: 1543264
Planning time: 0.720 ms
Execution time: 4130.908 ms
