Seq Scan on movie_companies mc  (cost=0.00..57926.93 rows=1275352 width=0) (actual time=0.025..1062.689 rows=1274246 loops=1)
  Filter: ((company_id < 227580) AND (company_type_id < 2))
  Rows Removed by Filter: 1334883
Planning time: 0.314 ms
Execution time: 1231.038 ms
