Seq Scan on cast_info ci  (cost=0.00..796071.18 rows=17192668 width=0) (actual time=0.019..15053.908 rows=21652465 loops=1)
  Filter: ((person_id < 2680824) AND (role_id < 4))
  Rows Removed by Filter: 14591879
Planning time: 0.240 ms
Execution time: 17744.275 ms
