Hash Join  (cost=28270.40..117864.99 rows=333 width=0) (actual time=425.550..1815.678 rows=22762 loops=1)
  Hash Cond: (mk.movie_id = t.id)
  ->  Seq Scan on movie_keyword mk  (cost=0.00..81003.12 rows=2290170 width=4) (actual time=0.011..1108.338 rows=2297811 loops=1)
        Filter: (keyword_id > 4572)
        Rows Removed by Filter: 2226119
  ->  Hash  (cost=28265.80..28265.80 rows=368 width=8) (actual time=423.637..423.637 rows=260 loops=1)
        Buckets: 1024  Batches: 1  Memory Usage: 19kB
        ->  Nested Loop  (cost=0.43..28265.80 rows=368 width=8) (actual time=236.997..423.510 rows=260 loops=1)
              ->  Seq Scan on movie_info_idx mi_idx  (cost=0.00..25185.44 rows=368 width=4) (actual time=236.896..408.408 rows=260 loops=1)
                    Filter: (info_type_id > 101)
                    Rows Removed by Filter: 1379775
              ->  Index Only Scan using title_pkey on title t  (cost=0.43..8.36 rows=1 width=4) (actual time=0.057..0.057 rows=1 loops=260)
                    Index Cond: (id = mi_idx.movie_id)
                    Heap Fetches: 260
Planning time: 1.216 ms
Execution time: 1818.362 ms
