Hash Join  (cost=102767.86..179070.51 rows=353090 width=0) (actual time=1766.423..3440.118 rows=499184 loops=1)
  Hash Cond: (mc.movie_id = t.id)
  ->  Seq Scan on movie_companies mc  (cost=0.00..57926.93 rows=353090 width=4) (actual time=9.787..878.958 rows=499184 loops=1)
        Filter: ((company_id < 1344) AND (company_type_id < 2))
        Rows Removed by Filter: 2109945
  ->  Hash  (cost=61283.27..61283.27 rows=2528527 width=4) (actual time=1755.257..1755.257 rows=2528312 loops=1)
        Buckets: 131072  Batches: 64  Memory Usage: 2415kB
        ->  Seq Scan on title t  (cost=0.00..61283.27 rows=2528527 width=4) (actual time=0.028..913.738 rows=2528312 loops=1)
Planning time: 0.699 ms
Execution time: 3500.531 ms
