Hash Join  (cost=238664.05..789673.92 rows=4946505 width=0) (actual time=4866.872..17320.396 rows=2146002 loops=1)
  Hash Cond: (mi.movie_id = t.id)
  ->  Seq Scan on movie_info mi  (cost=0.00..309384.22 rows=14739122 width=4) (actual time=0.015..5559.571 rows=14835720 loops=1)
  ->  Hash  (cost=224741.76..224741.76 rows=848583 width=8) (actual time=4865.468..4865.468 rows=215276 loops=1)
        Buckets: 131072  Batches: 16  Memory Usage: 1562kB
        ->  Hash Join  (cost=81821.64..224741.76 rows=848583 width=8) (actual time=2548.747..4796.941 rows=215276 loops=1)
              Hash Cond: (mk.movie_id = t.id)
              ->  Seq Scan on movie_keyword mk  (cost=0.00..81003.12 rows=4458443 width=4) (actual time=0.015..1627.418 rows=4456385 loops=1)
                    Filter: (keyword_id > 56)
                    Rows Removed by Filter: 67545
              ->  Hash  (cost=73925.90..73925.90 rows=481259 width=4) (actual time=1256.498..1256.498 rows=518327 loops=1)
                    Buckets: 131072  Batches: 8  Memory Usage: 3307kB
                    ->  Seq Scan on title t  (cost=0.00..73925.90 rows=481259 width=4) (actual time=0.023..1084.858 rows=518327 loops=1)
                          Filter: ((production_year > 2007) AND (kind_id = 7))
                          Rows Removed by Filter: 2009985
Planning time: 1.156 ms
Execution time: 17566.186 ms
