Hash Join  (cost=889244.15..1358090.84 rows=4030356 width=0) (actual time=19046.681..28807.355 rows=8724082 loops=1)
  Hash Cond: (mi.movie_id = t.id)
  ->  Seq Scan on movie_info mi  (cost=0.00..346232.03 rows=5897221 width=4) (actual time=1487.664..5582.228 rows=5884963 loops=1)
        Filter: (info_type_id < 7)
        Rows Removed by Filter: 8950757
  ->  Hash  (cost=860892.16..860892.16 rows=1728079 width=8) (actual time=17548.412..17548.412 rows=2343139 loops=1)
        Buckets: 131072  Batches: 32  Memory Usage: 3871kB
        ->  Hash Join  (cost=84197.31..860892.16 rows=1728079 width=8) (actual time=3712.029..16859.553 rows=2343139 loops=1)
              Hash Cond: (ci.movie_id = t.id)
              ->  Seq Scan on cast_info ci  (cost=0.00..705507.15 rows=4320508 width=4) (actual time=2277.752..12471.224 rows=4323018 loops=1)
                    Filter: (role_id = 10)
                    Rows Removed by Filter: 31921326
              ->  Hash  (cost=67604.59..67604.59 rows=1011338 width=4) (actual time=1433.437..1433.437 rows=1012920 loops=1)
                    Buckets: 131072  Batches: 16  Memory Usage: 3250kB
                    ->  Seq Scan on title t  (cost=0.00..67604.59 rows=1011338 width=4) (actual time=0.046..1108.729 rows=1012920 loops=1)
                          Filter: (production_year > 2005)
                          Rows Removed by Filter: 1515392
Planning time: 1.146 ms
Execution time: 29740.639 ms
