Hash Join  (cost=470999.67..606486.72 rows=1106802 width=0) (actual time=7493.668..21270.888 rows=41322097 loops=1)
  Hash Cond: (mk.movie_id = t.id)
  ->  Seq Scan on movie_keyword mk  (cost=0.00..69693.30 rows=4523930 width=4) (actual time=0.019..1274.376 rows=4523930 loops=1)
  ->  Hash  (cost=460849.95..460849.95 rows=618617 width=8) (actual time=7492.690..7492.690 rows=752593 loops=1)
        Buckets: 131072  Batches: 16  Memory Usage: 2832kB
        ->  Hash Join  (cost=89762.59..460849.95 rows=618617 width=8) (actual time=3908.990..7262.315 rows=752593 loops=1)
              Hash Cond: (mi.movie_id = t.id)
              ->  Seq Scan on movie_info mi  (cost=0.00..346232.03 rows=1158179 width=4) (actual time=2268.786..4591.987 rows=1204709 loops=1)
                    Filter: (info_type_id > 18)
                    Rows Removed by Filter: 13631011
              ->  Hash  (cost=67604.59..67604.59 rows=1350560 width=4) (actual time=1635.076..1635.076 rows=1348293 loops=1)
                    Buckets: 131072  Batches: 32  Memory Usage: 2514kB
                    ->  Seq Scan on title t  (cost=0.00..67604.59 rows=1350560 width=4) (actual time=0.016..1181.381 rows=1348293 loops=1)
                          Filter: (production_year < 2005)
                          Rows Removed by Filter: 1180019
Planning time: 1.072 ms
Execution time: 25907.896 ms
