Hash Join  (cost=76243.83..140047.43 rows=24543 width=0) (actual time=1787.379..2164.122 rows=11143 loops=1)
  Hash Cond: (mc.movie_id = t.id)
  ->  Seq Scan on movie_companies mc  (cost=0.00..57926.93 rows=439264 width=4) (actual time=0.018..885.657 rows=251080 loops=1)
        Filter: ((company_id < 2451) AND (company_type_id = 2))
        Rows Removed by Filter: 2358049
  ->  Hash  (cost=73925.90..73925.90 rows=141274 width=4) (actual time=1162.267..1162.267 rows=150659 loops=1)
        Buckets: 131072  Batches: 2  Memory Usage: 3673kB
        ->  Seq Scan on title t  (cost=0.00..73925.90 rows=141274 width=4) (actual time=0.014..1108.274 rows=150659 loops=1)
              Filter: ((production_year > 2011) AND (kind_id = 7))
              Rows Removed by Filter: 2377653
Planning time: 0.779 ms
Execution time: 2165.629 ms
