Seq Scan on movie_keyword mk  (cost=0.00..81003.12 rows=1903120 width=0) (actual time=0.057..1058.531 rows=1912466 loops=1)
  Filter: (keyword_id < 3289)
  Rows Removed by Filter: 2611464
Planning time: 0.275 ms
Execution time: 1259.032 ms
