Seq Scan on movie_companies mc  (cost=0.00..57926.93 rows=991321 width=0) (actual time=0.032..1016.238 rows=1148963 loops=1)
  Filter: ((company_id > 937) AND (company_type_id > 1))
  Rows Removed by Filter: 1460166
Planning time: 7.946 ms
Execution time: 1156.990 ms
