Seq Scan on cast_info ci  (cost=0.00..796071.18 rows=299428 width=0) (actual time=2505.506..10508.184 rows=797000 loops=1)
  Filter: ((person_id > 2762168) AND (role_id = 9))
  Rows Removed by Filter: 35447344
Planning time: 0.356 ms
Execution time: 10594.363 ms
