Seq Scan on cast_info ci  (cost=0.00..796071.18 rows=708569 width=0) (actual time=4846.350..12782.237 rows=335481 loops=1)
  Filter: ((person_id < 2913091) AND (role_id = 5))
  Rows Removed by Filter: 35908863
Planning time: 0.380 ms
Execution time: 12825.680 ms
