Hash Join  (cost=105316.09..166258.05 rows=1254544 width=0) (actual time=1981.043..3664.930 rows=1293197 loops=1)
  Hash Cond: (mi_idx.movie_id = t.id)
  ->  Seq Scan on movie_info_idx mi_idx  (cost=0.00..21735.35 rows=1380035 width=4) (actual time=0.021..421.339 rows=1380035 loops=1)
  ->  Hash  (cost=67604.59..67604.59 rows=2298600 width=4) (actual time=1980.133..1980.133 rows=2287271 loops=1)
        Buckets: 131072  Batches: 32  Memory Usage: 3541kB
        ->  Seq Scan on title t  (cost=0.00..67604.59 rows=2298600 width=4) (actual time=0.016..1260.007 rows=2287271 loops=1)
              Filter: (production_year > 1950)
              Rows Removed by Filter: 241041
Planning time: 0.779 ms
Execution time: 3791.539 ms
