Seq Scan on movie_companies mc  (cost=0.00..57926.93 rows=833576 width=0) (actual time=0.017..971.683 rows=1044162 loops=1)
  Filter: ((company_id > 4242) AND (company_type_id > 1))
  Rows Removed by Filter: 1564967
Planning time: 0.328 ms
Execution time: 1100.084 ms
