Hash Join  (cost=73957.54..825109.32 rows=36261 width=0) (actual time=1006.325..16378.795 rows=92089 loops=1)
  Hash Cond: (ci.movie_id = t.id)
  ->  Seq Scan on cast_info ci  (cost=0.00..614943.12 rows=36225612 width=4) (actual time=0.017..7626.282 rows=36244344 loops=1)
  ->  Hash  (cost=73925.90..73925.90 rows=2531 width=4) (actual time=1006.241..1006.241 rows=5824 loops=1)
        Buckets: 8192 (originally 4096)  Batches: 1 (originally 1)  Memory Usage: 269kB
        ->  Seq Scan on title t  (cost=0.00..73925.90 rows=2531 width=4) (actual time=0.045..1003.097 rows=5824 loops=1)
              Filter: ((kind_id < 4) AND (production_year = 1973))
              Rows Removed by Filter: 2522488
Planning time: 0.474 ms
Execution time: 16397.487 ms
