Hash Join  (cost=170081.03..678365.76 rows=2668980 width=0) (actual time=4348.644..25886.270 rows=34631492 loops=1)
  Hash Cond: (mi.movie_id = t.id)
  ->  Seq Scan on movie_info mi  (cost=0.00..309384.22 rows=14739122 width=4) (actual time=0.022..5323.367 rows=14835720 loops=1)
  ->  Hash  (cost=162568.67..162568.67 rows=457869 width=8) (actual time=4347.543..4347.543 rows=1094599 loops=1)
        Buckets: 131072 (originally 131072)  Batches: 16 (originally 8)  Memory Usage: 3772kB
        ->  Hash Join  (cost=81206.46..162568.67 rows=457869 width=8) (actual time=1242.744..3720.799 rows=1094599 loops=1)
              Hash Cond: (mc.movie_id = t.id)
              ->  Seq Scan on movie_companies mc  (cost=0.00..44881.29 rows=2609129 width=4) (actual time=0.018..826.021 rows=2609129 loops=1)
              ->  Hash  (cost=73925.90..73925.90 rows=443724 width=4) (actual time=1241.724..1241.724 rows=536860 loops=1)
                    Buckets: 131072  Batches: 8  Memory Usage: 3395kB
                    ->  Seq Scan on title t  (cost=0.00..73925.90 rows=443724 width=4) (actual time=0.018..1072.020 rows=536860 loops=1)
                          Filter: ((kind_id < 7) AND (production_year < 2002))
                          Rows Removed by Filter: 1991452
Planning time: 2.712 ms
Execution time: 30046.800 ms
