Nested Loop  (cost=72397.51..168045.43 rows=2366 width=0) (actual time=1442.806..3072.146 rows=29790 loops=1)
  ->  Hash Join  (cost=72397.08..160606.87 rows=12436 width=8) (actual time=1442.716..2838.762 rows=29790 loops=1)
        Hash Cond: (mk.movie_id = mc.movie_id)
        ->  Seq Scan on movie_keyword mk  (cost=0.00..81003.12 rows=4675 width=4) (actual time=0.194..1194.470 rows=4400 loops=1)
              Filter: (keyword_id = 7637)
              Rows Removed by Filter: 4519530
        ->  Hash  (cost=51404.11..51404.11 rows=1279517 width=4) (actual time=1419.451..1419.451 rows=1274246 loops=1)
              Buckets: 131072  Batches: 32  Memory Usage: 2474kB
              ->  Seq Scan on movie_companies mc  (cost=0.00..51404.11 rows=1279517 width=4) (actual time=0.016..1004.736 rows=1274246 loops=1)
                    Filter: (company_type_id = 1)
                    Rows Removed by Filter: 1334883
  ->  Index Only Scan using title_pkey on title t  (cost=0.43..0.59 rows=1 width=4) (actual time=0.007..0.007 rows=1 loops=29790)
        Index Cond: (id = mc.movie_id)
        Heap Fetches: 29790
Planning time: 1.063 ms
Execution time: 3077.358 ms
