Hash Join  (cost=74119.74..426259.57 rows=9506 width=0) (actual time=3339.789..7409.698 rows=14499 loops=1)
  Hash Cond: (mi.movie_id = t.id)
  ->  Seq Scan on movie_info mi  (cost=0.00..346232.03 rows=1550064 width=4) (actual time=2132.299..5915.022 rows=1533909 loops=1)
        Filter: (info_type_id = 3)
        Rows Removed by Filter: 13301811
  ->  Hash  (cost=73925.90..73925.90 rows=15507 width=4) (actual time=1207.074..1207.074 rows=11835 loops=1)
        Buckets: 16384  Batches: 1  Memory Usage: 545kB
        ->  Seq Scan on title t  (cost=0.00..73925.90 rows=15507 width=4) (actual time=0.212..1201.411 rows=11835 loops=1)
              Filter: ((kind_id < 7) AND (production_year = 1995))
              Rows Removed by Filter: 2516477
Planning time: 4.138 ms
Execution time: 7412.161 ms
