Hash Join  (cost=74730.49..884973.85 rows=665790 width=0) (actual time=3160.893..19768.187 rows=603713 loops=1)
  Hash Cond: (ci.movie_id = t.id)
  ->  Seq Scan on cast_info ci  (cost=0.00..705507.15 rows=26154215 width=4) (actual time=2000.659..11097.167 rows=26374515 loops=1)
        Filter: (person_id > 971018)
        Rows Removed by Filter: 9869829
  ->  Hash  (cost=73925.90..73925.90 rows=64367 width=4) (actual time=1159.340..1159.340 rows=53905 loops=1)
        Buckets: 65536  Batches: 1  Memory Usage: 2408kB
        ->  Seq Scan on title t  (cost=0.00..73925.90 rows=64367 width=4) (actual time=0.035..1137.588 rows=53905 loops=1)
              Filter: ((kind_id < 7) AND (production_year = 2012))
              Rows Removed by Filter: 2474407
Planning time: 0.727 ms
Execution time: 19851.633 ms
