Hash Join  (cost=92401.34..140639.00 rows=614618 width=0) (actual time=1952.263..3271.919 rows=384609 loops=1)
  Hash Cond: (mi_idx.movie_id = t.id)
  ->  Seq Scan on movie_info_idx mi_idx  (cost=0.00..21735.35 rows=1380035 width=4) (actual time=0.021..385.400 rows=1380035 loops=1)
  ->  Hash  (cost=73925.90..73925.90 rows=1126115 width=4) (actual time=1951.193..1951.193 rows=1250798 loops=1)
        Buckets: 131072  Batches: 16  Memory Usage: 3784kB
        ->  Seq Scan on title t  (cost=0.00..73925.90 rows=1126115 width=4) (actual time=0.029..1243.736 rows=1250798 loops=1)
              Filter: ((kind_id > 3) AND (production_year > 1992))
              Rows Removed by Filter: 1277514
Planning time: 0.749 ms
Execution time: 3320.607 ms
