Seq Scan on movie_keyword mk  (cost=0.00..81003.12 rows=1183858 width=0) (actual time=0.021..1305.775 rows=1194217 loops=1)
  Filter: (keyword_id > 15470)
  Rows Removed by Filter: 3329713
Planning time: 0.294 ms
Execution time: 1459.947 ms
