Hash Join  (cost=102767.86..279974.28 rows=3587526 width=0) (actual time=1812.997..6132.224 rows=3580349 loops=1)
  Hash Cond: (mk.movie_id = t.id)
  ->  Seq Scan on movie_keyword mk  (cost=0.00..81003.12 rows=3587526 width=4) (actual time=0.024..1610.410 rows=3580349 loops=1)
        Filter: (keyword_id > 875)
        Rows Removed by Filter: 943581
  ->  Hash  (cost=61283.27..61283.27 rows=2528527 width=4) (actual time=1812.298..1812.298 rows=2528312 loops=1)
        Buckets: 131072  Batches: 64  Memory Usage: 2425kB
        ->  Seq Scan on title t  (cost=0.00..61283.27 rows=2528527 width=4) (actual time=0.017..928.807 rows=2528312 loops=1)
Planning time: 0.632 ms
Execution time: 6499.314 ms
