Hash Join  (cost=83074.23..142821.05 rows=20 width=0) (actual time=998.232..1809.774 rows=3 loops=1)
  Hash Cond: (mc.movie_id = t.id)
  ->  Seq Scan on movie_companies mc  (cost=0.00..57926.93 rows=485252 width=4) (actual time=0.017..773.847 rows=802981 loops=1)
        Filter: ((company_id > 18090) AND (company_type_id = 2))
        Rows Removed by Filter: 1806148
  ->  Hash  (cost=83072.90..83072.90 rows=106 width=8) (actual time=953.814..953.814 rows=72 loops=1)
        Buckets: 1024  Batches: 1  Memory Usage: 11kB
        ->  Nested Loop  (cost=0.43..83072.90 rows=106 width=8) (actual time=212.078..953.760 rows=72 loops=1)
              ->  Seq Scan on movie_keyword mk  (cost=0.00..81003.12 rows=246 width=4) (actual time=2.473..944.368 rows=368 loops=1)
                    Filter: (keyword_id = 5450)
                    Rows Removed by Filter: 4523562
              ->  Index Scan using title_pkey on title t  (cost=0.43..8.40 rows=1 width=4) (actual time=0.024..0.024 rows=0 loops=368)
                    Index Cond: (id = mk.movie_id)
                    Filter: ((production_year < 2009) AND (kind_id = 7))
                    Rows Removed by Filter: 1
Planning time: 1.593 ms
Execution time: 1809.924 ms
