Seq Scan on movie_keyword mk  (cost=0.00..81003.12 rows=3037095 width=0) (actual time=0.025..1502.295 rows=3026603 loops=1)
  Filter: (keyword_id > 2154)
  Rows Removed by Filter: 1497327
Planning time: 0.291 ms
Execution time: 1883.077 ms
