Seq Scan on movie_companies mc  (cost=0.00..51404.11 rows=104 width=0) (actual time=212.941..749.640 rows=178 loops=1)
  Filter: (company_id = 9558)
  Rows Removed by Filter: 2608951
Planning time: 1.649 ms
Execution time: 749.787 ms
