Seq Scan on movie_companies mc  (cost=0.00..57926.93 rows=1258287 width=0) (actual time=0.023..921.505 rows=1195794 loops=1)
  Filter: ((company_id < 136805) AND (company_type_id > 1))
  Rows Removed by Filter: 1413335
Planning time: 0.237 ms
Execution time: 1059.899 ms
