Hash Join  (cost=432473.57..520270.77 rows=113916 width=0) (actual time=5747.225..9831.835 rows=202453 loops=1)
  Hash Cond: (mk.movie_id = t.id)
  ->  Seq Scan on movie_keyword mk  (cost=0.00..69693.30 rows=4523930 width=4) (actual time=0.014..3118.507 rows=4523930 loops=1)
  ->  Hash  (cost=431677.69..431677.69 rows=63670 width=8) (actual time=5746.860..5746.860 rows=60558 loops=1)
        Buckets: 65536  Batches: 1  Memory Usage: 2878kB
        ->  Hash Join  (cost=69694.50..431677.69 rows=63670 width=8) (actual time=1540.917..5724.105 rows=60558 loops=1)
              Hash Cond: (mi.movie_id = t.id)
              ->  Seq Scan on movie_info mi  (cost=0.00..346232.03 rows=1264125 width=4) (actual time=549.597..4138.370 rows=1288928 loops=1)
                    Filter: (info_type_id = 2)
                    Rows Removed by Filter: 13546792
              ->  Hash  (cost=67604.59..67604.59 rows=127353 width=4) (actual time=990.353..990.353 rows=128696 loops=1)
                    Buckets: 131072  Batches: 2  Memory Usage: 3290kB
                    ->  Seq Scan on title t  (cost=0.00..67604.59 rows=127353 width=4) (actual time=0.026..939.955 rows=128696 loops=1)
                          Filter: (production_year = 2009)
                          Rows Removed by Filter: 2399616
Planning time: 2.153 ms
Execution time: 9860.703 ms
