Hash Join  (cost=190230.21..1045146.45 rows=1714087 width=0) (actual time=4169.821..17642.997 rows=1657835 loops=1)
  Hash Cond: (ci.movie_id = t.id)
  ->  Seq Scan on cast_info ci  (cost=0.00..796071.18 rows=3140584 width=4) (actual time=156.843..10909.152 rows=1311700 loops=1)
        Filter: ((person_id < 458654) AND (role_id > 1))
        Rows Removed by Filter: 34932644
  ->  Hash  (cost=167588.78..167588.78 rows=1380035 width=8) (actual time=4011.206..4011.206 rows=1380035 loops=1)
        Buckets: 131072  Batches: 32  Memory Usage: 2708kB
        ->  Hash Join  (cost=102767.86..167588.78 rows=1380035 width=8) (actual time=1666.909..3604.535 rows=1380035 loops=1)
              Hash Cond: (mi_idx.movie_id = t.id)
              ->  Seq Scan on movie_info_idx mi_idx  (cost=0.00..21735.35 rows=1380035 width=4) (actual time=0.024..395.604 rows=1380035 loops=1)
              ->  Hash  (cost=61283.27..61283.27 rows=2528527 width=4) (actual time=1666.058..1666.058 rows=2528312 loops=1)
                    Buckets: 131072  Batches: 64  Memory Usage: 2415kB
                    ->  Seq Scan on title t  (cost=0.00..61283.27 rows=2528527 width=4) (actual time=0.021..834.934 rows=2528312 loops=1)
Planning time: 1.097 ms
Execution time: 17851.987 ms
