Seq Scan on movie_companies mc  (cost=0.00..57926.93 rows=1153918 width=0) (actual time=283.988..1039.527 rows=1274246 loops=1)
  Filter: ((company_id < 99490) AND (company_type_id < 2))
  Rows Removed by Filter: 1334883
Planning time: 0.361 ms
Execution time: 1198.825 ms
