Seq Scan on cast_info ci  (cost=0.00..705507.15 rows=24860511 width=0) (actual time=0.021..11505.359 rows=24961903 loops=1)
  Filter: (person_id > 1107762)
  Rows Removed by Filter: 11282441
Planning time: 0.262 ms
Execution time: 14584.066 ms
