Seq Scan on movie_keyword mk  (cost=0.00..81003.12 rows=3429690 width=0) (actual time=0.027..1546.161 rows=3422051 loops=1)
  Filter: (keyword_id > 1131)
  Rows Removed by Filter: 1101879
Planning time: 0.304 ms
Execution time: 1988.579 ms
