Hash Join  (cost=199174.77..1058998.07 rows=455199 width=0) (actual time=8783.042..17129.299 rows=882764 loops=1)
  Hash Cond: (ci.movie_id = t.id)
  ->  Seq Scan on cast_info ci  (cost=0.00..796071.18 rows=4543224 width=4) (actual time=4427.260..11353.638 rows=2793504 loops=1)
        Filter: ((person_id < 980799) AND (role_id > 2))
        Rows Removed by Filter: 33450840
  ->  Hash  (cost=195018.01..195018.01 rows=253341 width=8) (actual time=4354.745..4354.745 rows=176344 loops=1)
        Buckets: 131072  Batches: 4  Memory Usage: 2694kB
        ->  Hash Join  (cost=69928.56..195018.01 rows=253341 width=8) (actual time=1108.571..3861.036 rows=176344 loops=1)
              Hash Cond: (mk.movie_id = t.id)
              ->  Seq Scan on movie_keyword mk  (cost=0.00..69693.30 rows=4523930 width=4) (actual time=0.026..1246.593 rows=4523930 loops=1)
              ->  Hash  (cost=67604.59..67604.59 rows=141598 width=4) (actual time=1106.726..1106.726 rows=141703 loops=1)
                    Buckets: 131072  Batches: 2  Memory Usage: 3517kB
                    ->  Seq Scan on title t  (cost=0.00..67604.59 rows=141598 width=4) (actual time=0.025..1052.601 rows=141703 loops=1)
                          Filter: (production_year = 2010)
                          Rows Removed by Filter: 2386609
Planning time: 1.104 ms
Execution time: 17243.330 ms
