Seq Scan on cast_info ci  (cost=0.00..705507.15 rows=4583056 width=0) (actual time=0.026..10007.732 rows=4617885 loops=1)
  Filter: (person_id > 3222182)
  Rows Removed by Filter: 31626459
Planning time: 0.309 ms
Execution time: 10594.843 ms
