Seq Scan on title t  (cost=0.00..73925.90 rows=7143 width=0) (actual time=255.551..963.805 rows=5068 loops=1)
  Filter: ((kind_id = 1) AND (production_year = 1993))
  Rows Removed by Filter: 2523244
Planning time: 0.378 ms
Execution time: 965.091 ms
