Hash Join  (cost=74934.79..826160.07 rows=43611 width=0) (actual time=694.343..16343.687 rows=178607 loops=1)
  Hash Cond: (ci.movie_id = t.id)
  ->  Seq Scan on cast_info ci  (cost=0.00..614943.12 rows=36225612 width=4) (actual time=0.013..7784.634 rows=36244344 loops=1)
  ->  Hash  (cost=74896.74..74896.74 rows=3044 width=8) (actual time=693.809..693.809 rows=3053 loops=1)
        Buckets: 4096  Batches: 1  Memory Usage: 152kB
        ->  Nested Loop  (cost=0.43..74896.74 rows=3044 width=8) (actual time=76.962..692.334 rows=3053 loops=1)
              ->  Seq Scan on movie_companies mc  (cost=0.00..51404.11 rows=3044 width=4) (actual time=76.873..649.081 rows=3053 loops=1)
                    Filter: (company_id = 531)
                    Rows Removed by Filter: 2606076
              ->  Index Only Scan using title_pkey on title t  (cost=0.43..7.71 rows=1 width=4) (actual time=0.013..0.013 rows=1 loops=3053)
                    Index Cond: (id = mc.movie_id)
                    Heap Fetches: 3053
Planning time: 1.083 ms
Execution time: 16373.576 ms
