Hash Join  (cost=160823.02..958055.81 rows=116168 width=0) (actual time=2778.279..15989.883 rows=54687 loops=1)
  Hash Cond: (ci.movie_id = t.id)
  ->  Seq Scan on cast_info ci  (cost=0.00..614943.12 rows=36225612 width=4) (actual time=0.013..6696.605 rows=36244344 loops=1)
  ->  Hash  (cost=160721.67..160721.67 rows=8108 width=8) (actual time=2773.876..2773.876 rows=2591 loops=1)
        Buckets: 8192  Batches: 1  Memory Usage: 166kB
        ->  Hash Join  (cost=73982.55..160721.67 rows=8108 width=8) (actual time=2196.950..2772.893 rows=2591 loops=1)
              Hash Cond: (mk.movie_id = t.id)
              ->  Seq Scan on movie_keyword mk  (cost=0.00..69693.30 rows=4523930 width=4) (actual time=0.018..956.470 rows=4523930 loops=1)
              ->  Hash  (cost=73925.90..73925.90 rows=4532 width=4) (actual time=987.207..987.207 rows=8378 loops=1)
                    Buckets: 16384 (originally 8192)  Batches: 1 (originally 1)  Memory Usage: 423kB
                    ->  Seq Scan on title t  (cost=0.00..73925.90 rows=4532 width=4) (actual time=274.876..983.144 rows=8378 loops=1)
                          Filter: ((kind_id = 7) AND (production_year = 1979))
                          Rows Removed by Filter: 2519934
Planning time: 1.098 ms
Execution time: 15998.037 ms
