Hash Join  (cost=85280.32..122026.27 rows=197939 width=0) (actual time=1378.070..2332.875 rows=238551 loops=1)
  Hash Cond: (mi_idx.movie_id = t.id)
  ->  Seq Scan on movie_info_idx mi_idx  (cost=0.00..25185.44 rows=464566 width=4) (actual time=0.019..433.697 rows=459925 loops=1)
        Filter: (info_type_id = 101)
        Rows Removed by Filter: 920110
  ->  Hash  (cost=67604.59..67604.59 rows=1077339 width=4) (actual time=1376.894..1376.894 rows=1074765 loops=1)
        Buckets: 131072  Batches: 16  Memory Usage: 3388kB
        ->  Seq Scan on title t  (cost=0.00..67604.59 rows=1077339 width=4) (actual time=0.021..1039.132 rows=1074765 loops=1)
              Filter: (production_year < 2001)
              Rows Removed by Filter: 1453547
Planning time: 4.633 ms
Execution time: 2364.383 ms
