Hash Join  (cost=128841.76..226795.11 rows=12830 width=0) (actual time=2296.906..4476.951 rows=18667 loops=1)
  Hash Cond: (mk.movie_id = t.id)
  ->  Seq Scan on movie_keyword mk  (cost=0.00..81003.12 rows=4485846 width=4) (actual time=0.024..1459.282 rows=4493824 loops=1)
        Filter: (keyword_id > 36)
        Rows Removed by Filter: 30106
  ->  Hash  (cost=128751.36..128751.36 rows=7232 width=8) (actual time=2295.799..2295.799 rows=47411 loops=1)
        Buckets: 65536 (originally 8192)  Batches: 1 (originally 1)  Memory Usage: 2364kB
        ->  Hash Join  (cost=74013.52..128751.36 rows=7232 width=8) (actual time=1051.304..2277.470 rows=47411 loops=1)
              Hash Cond: (mc.movie_id = t.id)
              ->  Seq Scan on movie_companies mc  (cost=0.00..44881.29 rows=2609129 width=4) (actual time=0.013..577.092 rows=2609129 loops=1)
              ->  Hash  (cost=73925.90..73925.90 rows=7009 width=4) (actual time=1051.178..1051.178 rows=24507 loops=1)
                    Buckets: 32768 (originally 8192)  Batches: 1 (originally 1)  Memory Usage: 1118kB
                    ->  Seq Scan on title t  (cost=0.00..73925.90 rows=7009 width=4) (actual time=0.010..1041.622 rows=24507 loops=1)
                          Filter: ((production_year < 1910) AND (kind_id = 1))
                          Rows Removed by Filter: 2503805
Planning time: 1.110 ms
Execution time: 4480.137 ms
