Hash Join  (cost=180257.54..1383464.64 rows=16490696 width=0) (actual time=4621.712..46390.507 rows=35888788 loops=1)
  Hash Cond: (ci.movie_id = t.id)
  ->  Seq Scan on cast_info ci  (cost=0.00..614943.12 rows=36225612 width=4) (actual time=0.014..11564.209 rows=36244344 loops=1)
  ->  Hash  (cost=161372.52..161372.52 rows=1151041 width=8) (actual time=4620.000..4620.000 rows=1170442 loops=1)
        Buckets: 131072  Batches: 16  Memory Usage: 3889kB
        ->  Hash Join  (cost=102205.59..161372.52 rows=1151041 width=8) (actual time=2466.136..4266.090 rows=1170442 loops=1)
              Hash Cond: (mi_idx.movie_id = t.id)
              ->  Seq Scan on movie_info_idx mi_idx  (cost=0.00..21735.35 rows=1380035 width=4) (actual time=0.019..408.107 rows=1380035 loops=1)
              ->  Hash  (cost=67604.59..67604.59 rows=2108960 width=4) (actual time=2464.861..2464.861 rows=2104137 loops=1)
                    Buckets: 131072  Batches: 32  Memory Usage: 3341kB
                    ->  Seq Scan on title t  (cost=0.00..67604.59 rows=2108960 width=4) (actual time=0.017..1134.831 rows=2104137 loops=1)
                          Filter: (production_year > 1968)
                          Rows Removed by Filter: 424175
Planning time: 1.081 ms
Execution time: 50226.611 ms
