Hash Join  (cost=210980.37..319557.96 rows=602630 width=0) (actual time=4836.474..8954.306 rows=9176939 loops=1)
  Hash Cond: (mk.movie_id = t.id)
  ->  Seq Scan on movie_keyword mk  (cost=0.00..81003.12 rows=1526178 width=4) (actual time=0.011..1483.233 rows=1542079 loops=1)
        Filter: (keyword_id > 10279)
        Rows Removed by Filter: 2981851
  ->  Hash  (cost=194599.12..194599.12 rows=998420 width=8) (actual time=4835.753..4835.753 rows=1274246 loops=1)
        Buckets: 131072 (originally 131072)  Batches: 32 (originally 16)  Memory Usage: 3073kB
        ->  Hash Join  (cost=102767.86..194599.12 rows=998420 width=8) (actual time=2271.409..4478.335 rows=1274246 loops=1)
              Hash Cond: (mc.movie_id = t.id)
              ->  Seq Scan on movie_companies mc  (cost=0.00..57926.93 rows=998420 width=4) (actual time=302.841..1133.668 rows=1274246 loops=1)
                    Filter: ((company_id < 71146) AND (company_type_id < 2))
                    Rows Removed by Filter: 1334883
              ->  Hash  (cost=61283.27..61283.27 rows=2528527 width=4) (actual time=1967.264..1967.264 rows=2528312 loops=1)
                    Buckets: 131072  Batches: 64  Memory Usage: 2415kB
                    ->  Seq Scan on title t  (cost=0.00..61283.27 rows=2528527 width=4) (actual time=0.018..1134.103 rows=2528312 loops=1)
Planning time: 0.755 ms
Execution time: 9844.483 ms
