Hash Join  (cost=183540.13..317817.20 rows=1007503 width=0) (actual time=3307.049..6366.638 rows=179980 loops=1)
  Hash Cond: (mk.movie_id = t.id)
  ->  Seq Scan on movie_keyword mk  (cost=0.00..69693.30 rows=4523930 width=4) (actual time=0.016..1343.889 rows=4523930 loops=1)
  ->  Hash  (cost=174301.18..174301.18 rows=563116 width=8) (actual time=3306.005..3306.005 rows=41992 loops=1)
        Buckets: 131072  Batches: 8  Memory Usage: 1228kB
        ->  Hash Join  (cost=92883.59..174301.18 rows=563116 width=8) (actual time=1638.874..3290.290 rows=41992 loops=1)
              Hash Cond: (mc.movie_id = t.id)
              ->  Seq Scan on movie_companies mc  (cost=0.00..57926.93 rows=924100 width=4) (actual time=0.053..1008.594 rows=766821 loops=1)
                    Filter: ((company_id > 1380) AND (company_type_id < 2))
                    Rows Removed by Filter: 1842308
              ->  Hash  (cost=67604.59..67604.59 rows=1540800 width=4) (actual time=1637.161..1637.161 rows=1543264 loops=1)
                    Buckets: 131072  Batches: 32  Memory Usage: 2722kB
                    ->  Seq Scan on title t  (cost=0.00..67604.59 rows=1540800 width=4) (actual time=0.023..1148.640 rows=1543264 loops=1)
                          Filter: (kind_id = 7)
                          Rows Removed by Filter: 985048
Planning time: 1.083 ms
Execution time: 6383.953 ms
