Nested Loop  (cost=0.43..83072.90 rows=30 width=0) (actual time=0.485..960.460 rows=959 loops=1)
  ->  Seq Scan on movie_keyword mk  (cost=0.00..81003.12 rows=246 width=4) (actual time=0.356..849.961 rows=5252 loops=1)
        Filter: (keyword_id = 3311)
        Rows Removed by Filter: 4518678
  ->  Index Scan using title_pkey on title t  (cost=0.43..8.40 rows=1 width=4) (actual time=0.020..0.021 rows=0 loops=5252)
        Index Cond: (id = mk.movie_id)
        Filter: ((kind_id < 7) AND (production_year > 2007))
        Rows Removed by Filter: 1
Planning time: 1.599 ms
Execution time: 960.873 ms
