Hash Join  (cost=458185.67..1383759.73 rows=1104643 width=0) (actual time=6443.840..24548.090 rows=548551 loops=1)
  Hash Cond: (ci.movie_id = t.id)
  ->  Seq Scan on cast_info ci  (cost=0.00..796071.18 rows=10151854 width=4) (actual time=0.016..14609.519 rows=7424754 loops=1)
        Filter: ((person_id > 703484) AND (role_id = 1))
        Rows Removed by Filter: 28819590
  ->  Hash  (cost=453671.49..453671.49 rows=275134 width=8) (actual time=6442.722..6442.722 rows=127537 loops=1)
        Buckets: 131072  Batches: 4  Memory Usage: 2271kB
        ->  Hash Join  (cost=92883.59..453671.49 rows=275134 width=8) (actual time=3160.317..6404.178 rows=127537 loops=1)
              Hash Cond: (mi.movie_id = t.id)
              ->  Seq Scan on movie_info mi  (cost=0.00..346232.03 rows=451508 width=4) (actual time=1499.906..4249.959 rows=474443 loops=1)
                    Filter: (info_type_id = 6)
                    Rows Removed by Filter: 14361277
              ->  Hash  (cost=67604.59..67604.59 rows=1540800 width=4) (actual time=1659.205..1659.205 rows=1543264 loops=1)
                    Buckets: 131072  Batches: 32  Memory Usage: 2728kB
                    ->  Seq Scan on title t  (cost=0.00..67604.59 rows=1540800 width=4) (actual time=27.676..1171.155 rows=1543264 loops=1)
                          Filter: (kind_id = 7)
                          Rows Removed by Filter: 985048
Planning time: 1.148 ms
Execution time: 24616.043 ms
