Seq Scan on cast_info ci  (cost=0.00..705507.15 rows=6295755 width=0) (actual time=0.055..9409.352 rows=6194001 loops=1)
  Filter: (person_id < 597339)
  Rows Removed by Filter: 30050343
Planning time: 5.177 ms
Execution time: 10139.252 ms
