Hash Join  (cost=78556.72..163789.44 rows=580329 width=0) (actual time=1204.616..3513.193 rows=1011505 loops=1)
  Hash Cond: (mc.movie_id = t.id)
  ->  Seq Scan on movie_companies mc  (cost=0.00..51404.11 rows=2198217 width=4) (actual time=0.017..944.757 rows=2195276 loops=1)
        Filter: (company_id < 80624)
        Rows Removed by Filter: 413853
  ->  Hash  (cost=67604.59..67604.59 rows=667531 width=4) (actual time=1203.716..1203.716 rows=662825 loops=1)
        Buckets: 131072  Batches: 16  Memory Usage: 2476kB
        ->  Seq Scan on title t  (cost=0.00..67604.59 rows=667531 width=4) (actual time=0.072..993.698 rows=662825 loops=1)
              Filter: (kind_id = 1)
              Rows Removed by Filter: 1865487
Planning time: 0.712 ms
Execution time: 3625.254 ms
