Hash Join  (cost=155752.28..280959.18 rows=262986 width=0) (actual time=3528.418..6180.935 rows=99793 loops=1)
  Hash Cond: (mk.movie_id = t.id)
  ->  Seq Scan on movie_keyword mk  (cost=0.00..69693.30 rows=4523930 width=4) (actual time=0.019..1288.812 rows=4523930 loops=1)
  ->  Hash  (cost=153339.92..153339.92 rows=146989 width=8) (actual time=3502.447..3502.447 rows=59977 loops=1)
        Buckets: 131072  Batches: 2  Memory Usage: 2200kB
        ->  Hash Join  (cost=76263.51..153339.92 rows=146989 width=8) (actual time=1699.195..3479.889 rows=59977 loops=1)
              Hash Cond: (mc.movie_id = t.id)
              ->  Seq Scan on movie_companies mc  (cost=0.00..44881.29 rows=2609129 width=4) (actual time=0.009..825.498 rows=2609129 loops=1)
              ->  Hash  (cost=73925.90..73925.90 rows=142448 width=4) (actual time=1333.021..1333.021 rows=151188 loops=1)
                    Buckets: 131072  Batches: 2  Memory Usage: 3682kB
                    ->  Seq Scan on title t  (cost=0.00..73925.90 rows=142448 width=4) (actual time=0.011..1209.893 rows=151188 loops=1)
                          Filter: ((kind_id > 4) AND (production_year > 2011))
                          Rows Removed by Filter: 2377124
Planning time: 1.148 ms
Execution time: 6194.589 ms
