Seq Scan on movie_keyword mk  (cost=0.00..81003.12 rows=246 width=0) (actual time=43.367..1174.206 rows=16 loops=1)
  Filter: (keyword_id = 71547)
  Rows Removed by Filter: 4523914
Planning time: 0.324 ms
Execution time: 1174.304 ms
