Hash Join  (cost=80129.01..164039.04 rows=16361 width=0) (actual time=1128.945..2523.063 rows=26213 loops=1)
  Hash Cond: (mk.movie_id = t.id)
  ->  Seq Scan on movie_keyword mk  (cost=0.00..81003.12 rows=109414 width=4) (actual time=0.022..1280.367 rows=121921 loops=1)
        Filter: (keyword_id < 117)
        Rows Removed by Filter: 4402009
  ->  Hash  (cost=73925.90..73925.90 rows=378088 width=4) (actual time=1126.999..1126.999 rows=299442 loops=1)
        Buckets: 131072  Batches: 8  Memory Usage: 2347kB
        ->  Seq Scan on title t  (cost=0.00..73925.90 rows=378088 width=4) (actual time=0.014..1025.384 rows=299442 loops=1)
              Filter: ((kind_id < 3) AND (production_year > 2002))
              Rows Removed by Filter: 2228870
Planning time: 0.693 ms
Execution time: 2527.124 ms
