Nested Loop  (cost=0.43..83071.67 rows=246 width=0) (actual time=2.482..1104.324 rows=211 loops=1)
  ->  Seq Scan on movie_keyword mk  (cost=0.00..81003.12 rows=246 width=4) (actual time=2.426..1089.772 rows=211 loops=1)
        Filter: (keyword_id = 3308)
        Rows Removed by Filter: 4523719
  ->  Index Only Scan using title_pkey on title t  (cost=0.43..8.40 rows=1 width=4) (actual time=0.065..0.066 rows=1 loops=211)
        Index Cond: (id = mk.movie_id)
        Heap Fetches: 211
Planning time: 0.552 ms
Execution time: 1104.516 ms
