Hash Join  (cost=198078.64..684690.45 rows=637789 width=0) (actual time=3475.511..14971.518 rows=4986335 loops=1)
  Hash Cond: (mi.movie_id = t.id)
  ->  Seq Scan on movie_info mi  (cost=0.00..309384.22 rows=14739122 width=4) (actual time=0.017..4871.811 rows=14835720 loops=1)
  ->  Hash  (cost=196282.96..196282.96 rows=109414 width=8) (actual time=3474.723..3474.723 rows=121921 loops=1)
        Buckets: 131072  Batches: 2  Memory Usage: 3440kB
        ->  Hash Join  (cost=102767.86..196282.96 rows=109414 width=8) (actual time=1803.820..3436.928 rows=121921 loops=1)
              Hash Cond: (mk.movie_id = t.id)
              ->  Seq Scan on movie_keyword mk  (cost=0.00..81003.12 rows=109414 width=4) (actual time=0.021..1187.494 rows=121921 loops=1)
                    Filter: (keyword_id < 117)
                    Rows Removed by Filter: 4402009
              ->  Hash  (cost=61283.27..61283.27 rows=2528527 width=4) (actual time=1802.579..1802.579 rows=2528312 loops=1)
                    Buckets: 131072  Batches: 64  Memory Usage: 2425kB
                    ->  Seq Scan on title t  (cost=0.00..61283.27 rows=2528527 width=4) (actual time=0.017..922.426 rows=2528312 loops=1)
Planning time: 1.167 ms
Execution time: 15575.229 ms
