Seq Scan on cast_info ci  (cost=0.00..796071.18 rows=176 width=0) (actual time=3086.854..11540.582 rows=1 loops=1)
  Filter: ((role_id < 2) AND (person_id = 1229585))
  Rows Removed by Filter: 36244343
Planning time: 0.391 ms
Execution time: 11540.718 ms
