Hash Join  (cost=191762.79..1000407.03 rows=223065 width=0) (actual time=1576.569..20643.565 rows=679599 loops=1)
  Hash Cond: (ci.movie_id = t.id)
  ->  Seq Scan on cast_info ci  (cost=0.00..705507.15 rows=26908383 width=4) (actual time=0.013..12245.646 rows=26938836 loops=1)
        Filter: (person_id < 2771096)
        Rows Removed by Filter: 9305508
  ->  Hash  (cost=191500.78..191500.78 rows=20961 width=8) (actual time=1576.358..1576.358 rows=19528 loops=1)
        Buckets: 32768  Batches: 1  Memory Usage: 1019kB
        ->  Nested Loop  (cost=0.43..191500.78 rows=20961 width=8) (actual time=0.091..1565.391 rows=19528 loops=1)
              ->  Seq Scan on movie_keyword mk  (cost=0.00..81003.12 rows=20961 width=4) (actual time=0.045..1139.249 rows=19528 loops=1)
                    Filter: (keyword_id = 137)
                    Rows Removed by Filter: 4504402
              ->  Index Only Scan using title_pkey on title t  (cost=0.43..5.26 rows=1 width=4) (actual time=0.021..0.021 rows=1 loops=19528)
                    Index Cond: (id = mk.movie_id)
                    Heap Fetches: 19528
Planning time: 0.757 ms
Execution time: 20743.879 ms
