Hash Join  (cost=73964.04..100891.17 rows=1665 width=0) (actual time=988.219..1500.333 rows=4707 loops=1)
  Hash Cond: (mi_idx.movie_id = t.id)
  ->  Seq Scan on movie_info_idx mi_idx  (cost=0.00..21735.35 rows=1380035 width=4) (actual time=0.021..237.469 rows=1380035 loops=1)
  ->  Hash  (cost=73925.90..73925.90 rows=3051 width=4) (actual time=988.061..988.061 rows=3269 loops=1)
        Buckets: 4096  Batches: 1  Memory Usage: 147kB
        ->  Seq Scan on title t  (cost=0.00..73925.90 rows=3051 width=4) (actual time=0.099..986.312 rows=3269 loops=1)
              Filter: ((kind_id = 2) AND (production_year = 2004))
              Rows Removed by Filter: 2525043
Planning time: 0.777 ms
Execution time: 1501.118 ms
