Hash Join  (cost=524365.31..686777.55 rows=2852629 width=0) (actual time=10378.850..27619.163 rows=66074498 loops=1)
  Hash Cond: (mk.movie_id = t.id)
  ->  Seq Scan on movie_keyword mk  (cost=0.00..69693.30 rows=4523930 width=4) (actual time=0.008..1424.113 rows=4523930 loops=1)
  ->  Hash  (cost=498206.33..498206.33 rows=1594399 width=8) (actual time=10377.269..10377.269 rows=1729854 loops=1)
        Buckets: 131072  Batches: 32  Memory Usage: 3093kB
        ->  Hash Join  (cost=104131.46..498206.33 rows=1594399 width=8) (actual time=3389.727..9873.149 rows=1729854 loops=1)
              Hash Cond: (mi.movie_id = t.id)
              ->  Seq Scan on movie_info mi  (cost=0.00..346232.03 rows=1810770 width=4) (actual time=1257.448..5915.264 rows=1865632 loops=1)
                    Filter: (info_type_id > 17)
                    Rows Removed by Filter: 12970088
              ->  Hash  (cost=67604.59..67604.59 rows=2226390 width=4) (actual time=2129.774..2129.774 rows=2224569 loops=1)
                    Buckets: 131072  Batches: 32  Memory Usage: 3472kB
                    ->  Seq Scan on title t  (cost=0.00..67604.59 rows=2226390 width=4) (actual time=0.020..1425.301 rows=2224569 loops=1)
                          Filter: (production_year < 2012)
                          Rows Removed by Filter: 303743
Planning time: 1.092 ms
Execution time: 34674.482 ms
