Hash Join  (cost=510374.62..1437875.67 rows=3834888 width=0) (actual time=13827.822..30888.671 rows=7154497 loops=1)
  Hash Cond: (ci.movie_id = t.id)
  ->  Seq Scan on cast_info ci  (cost=0.00..796071.18 rows=7620263 width=4) (actual time=4566.417..13863.248 rows=11028991 loops=1)
        Filter: ((person_id > 1905393) AND (role_id > 2))
        Rows Removed by Filter: 25215353
  ->  Hash  (cost=489497.65..489497.65 rows=1272478 width=8) (actual time=9260.605..9260.605 rows=1325361 loops=1)
        Buckets: 131072  Batches: 32  Memory Usage: 2635kB
        ->  Hash Join  (cost=102767.86..489497.65 rows=1272478 width=8) (actual time=2127.169..8892.082 rows=1325361 loops=1)
              Hash Cond: (mi.movie_id = t.id)
              ->  Seq Scan on movie_info mi  (cost=0.00..346232.03 rows=1272478 width=4) (actual time=0.027..5297.135 rows=1325361 loops=1)
                    Filter: (info_type_id = 8)
                    Rows Removed by Filter: 13510359
              ->  Hash  (cost=61283.27..61283.27 rows=2528527 width=4) (actual time=2125.506..2125.506 rows=2528312 loops=1)
                    Buckets: 131072  Batches: 64  Memory Usage: 2425kB
                    ->  Seq Scan on title t  (cost=0.00..61283.27 rows=2528527 width=4) (actual time=0.015..1059.462 rows=2528312 loops=1)
Planning time: 1.125 ms
Execution time: 31725.185 ms
