Seq Scan on movie_keyword mk  (cost=0.00..81003.12 rows=374955 width=0) (actual time=0.027..1109.760 rows=372642 loops=1)
  Filter: (keyword_id > 45439)
  Rows Removed by Filter: 4151288
Planning time: 0.260 ms
Execution time: 1157.815 ms
