Hash Join  (cost=709678.15..768917.46 rows=413 width=0) (actual time=9898.340..11063.085 rows=131 loops=1)
  Hash Cond: (mc.movie_id = t.id)
  ->  Seq Scan on movie_companies mc  (cost=0.00..51404.11 rows=2088285 width=4) (actual time=0.017..880.160 rows=2087321 loops=1)
        Filter: (company_id > 475)
        Rows Removed by Filter: 521808
  ->  Hash  (cost=709671.90..709671.90 rows=500 width=8) (actual time=9897.350..9897.350 rows=78 loops=1)
        Buckets: 1024  Batches: 1  Memory Usage: 12kB
        ->  Nested Loop  (cost=0.43..709671.90 rows=500 width=8) (actual time=4504.950..9897.293 rows=78 loops=1)
              ->  Seq Scan on cast_info ci  (cost=0.00..705507.15 rows=500 width=4) (actual time=4504.822..9895.652 rows=78 loops=1)
                    Filter: (person_id = 1956590)
                    Rows Removed by Filter: 36244266
              ->  Index Only Scan using title_pkey on title t  (cost=0.43..8.32 rows=1 width=4) (actual time=0.019..0.020 rows=1 loops=78)
                    Index Cond: (id = ci.movie_id)
                    Heap Fetches: 78
Planning time: 1.181 ms
Execution time: 11063.256 ms
