Hash Join  (cost=58375.85..85290.05 rows=10 width=0) (actual time=772.170..1142.947 rows=61 loops=1)
  Hash Cond: (mi_idx.movie_id = t.id)
  ->  Seq Scan on movie_info_idx mi_idx  (cost=0.00..25185.44 rows=460978 width=4) (actual time=0.024..383.705 rows=459925 loops=1)
        Filter: (info_type_id = 99)
        Rows Removed by Filter: 920110
  ->  Hash  (cost=58375.18..58375.18 rows=53 width=8) (actual time=698.746..698.746 rows=62 loops=1)
        Buckets: 1024  Batches: 1  Memory Usage: 11kB
        ->  Nested Loop  (cost=0.43..58375.18 rows=53 width=8) (actual time=214.672..698.676 rows=62 loops=1)
              ->  Seq Scan on movie_companies mc  (cost=0.00..57926.93 rows=53 width=4) (actual time=214.584..696.795 rows=62 loops=1)
                    Filter: ((company_id = 19869) AND (company_type_id = 2))
                    Rows Removed by Filter: 2609067
              ->  Index Only Scan using title_pkey on title t  (cost=0.43..8.45 rows=1 width=4) (actual time=0.027..0.028 rows=1 loops=62)
                    Index Cond: (id = mc.movie_id)
                    Heap Fetches: 62
Planning time: 1.175 ms
Execution time: 1143.100 ms
