Hash Join  (cost=83074.74..437538.72 rows=214 width=0) (actual time=1235.430..6663.404 rows=3703 loops=1)
  Hash Cond: (mi.movie_id = t.id)
  ->  Seq Scan on movie_info mi  (cost=0.00..346232.03 rows=2194617 width=4) (actual time=0.016..5112.910 rows=2233850 loops=1)
        Filter: (info_type_id > 16)
        Rows Removed by Filter: 12601870
  ->  Hash  (cost=83071.67..83071.67 rows=246 width=8) (actual time=1232.268..1232.268 rows=138 loops=1)
        Buckets: 1024  Batches: 1  Memory Usage: 14kB
        ->  Nested Loop  (cost=0.43..83071.67 rows=246 width=8) (actual time=12.610..1232.069 rows=138 loops=1)
              ->  Seq Scan on movie_keyword mk  (cost=0.00..81003.12 rows=246 width=4) (actual time=12.520..1223.827 rows=138 loops=1)
                    Filter: (keyword_id = 3200)
                    Rows Removed by Filter: 4523792
              ->  Index Only Scan using title_pkey on title t  (cost=0.43..8.40 rows=1 width=4) (actual time=0.055..0.056 rows=1 loops=138)
                    Index Cond: (id = mk.movie_id)
                    Heap Fetches: 138
Planning time: 1.108 ms
Execution time: 6664.193 ms
