Hash Join  (cost=102767.86..1185725.04 rows=11512000 width=0) (actual time=2055.906..32481.324 rows=15413535 loops=1)
  Hash Cond: (ci.movie_id = t.id)
  ->  Seq Scan on cast_info ci  (cost=0.00..796071.18 rows=11512000 width=4) (actual time=398.263..14749.369 rows=15413535 loops=1)
        Filter: ((person_id < 2085347) AND (role_id < 3))
        Rows Removed by Filter: 20830809
  ->  Hash  (cost=61283.27..61283.27 rows=2528527 width=4) (actual time=1656.580..1656.580 rows=2528312 loops=1)
        Buckets: 131072  Batches: 64  Memory Usage: 2415kB
        ->  Seq Scan on title t  (cost=0.00..61283.27 rows=2528527 width=4) (actual time=0.034..824.624 rows=2528312 loops=1)
Planning time: 3.191 ms
Execution time: 34363.833 ms
