Hash Join  (cost=542808.31..1550867.06 rows=11492333 width=0) (actual time=10642.429..36433.703 rows=14811281 loops=1)
  Hash Cond: (ci.movie_id = t.id)
  ->  Seq Scan on cast_info ci  (cost=0.00..705507.15 rows=14011655 width=4) (actual time=0.018..13343.219 rows=14191036 loops=1)
        Filter: (person_id > 2245848)
        Rows Removed by Filter: 22053308
  ->  Hash  (cost=508782.64..508782.64 rows=2073893 width=8) (actual time=10641.313..10641.313 rows=2091068 loops=1)
        Buckets: 131072  Batches: 32  Memory Usage: 3553kB
        ->  Hash Join  (cost=102767.86..508782.64 rows=2073893 width=8) (actual time=2208.725..10052.385 rows=2091068 loops=1)
              Hash Cond: (mi.movie_id = t.id)
              ->  Seq Scan on movie_info mi  (cost=0.00..346232.03 rows=2073893 width=4) (actual time=316.333..5744.674 rows=2091068 loops=1)
                    Filter: (info_type_id < 3)
                    Rows Removed by Filter: 12744652
              ->  Hash  (cost=61283.27..61283.27 rows=2528527 width=4) (actual time=1891.340..1891.340 rows=2528312 loops=1)
                    Buckets: 131072  Batches: 64  Memory Usage: 2425kB
                    ->  Seq Scan on title t  (cost=0.00..61283.27 rows=2528527 width=4) (actual time=0.027..1021.814 rows=2528312 loops=1)
Planning time: 1.096 ms
Execution time: 38230.068 ms
