Hash Join  (cost=163061.55..979451.71 rows=2333756 width=0) (actual time=9040.671..20559.609 rows=2631834 loops=1)
  Hash Cond: (ci.movie_id = t.id)
  ->  Seq Scan on cast_info ci  (cost=0.00..705507.15 rows=7298253 width=4) (actual time=5331.459..12780.412 rows=7451973 loops=1)
        Filter: (role_id = 2)
        Rows Removed by Filter: 28792371
  ->  Hash  (cost=149795.74..149795.74 rows=808545 width=8) (actual time=3708.090..3708.090 rows=518445 loops=1)
        Buckets: 131072  Batches: 16  Memory Usage: 2294kB
        ->  Hash Join  (cost=98230.80..149795.74 rows=808545 width=8) (actual time=2070.766..3551.988 rows=518445 loops=1)
              Hash Cond: (mi_idx.movie_id = t.id)
              ->  Seq Scan on movie_info_idx mi_idx  (cost=0.00..21735.35 rows=1380035 width=4) (actual time=0.024..442.685 rows=1380035 loops=1)
              ->  Hash  (cost=73925.90..73925.90 rows=1481432 width=4) (actual time=2069.441..2069.441 rows=1575139 loops=1)
                    Buckets: 131072  Batches: 32  Memory Usage: 2760kB
                    ->  Seq Scan on title t  (cost=0.00..73925.90 rows=1481432 width=4) (actual time=0.028..1580.891 rows=1575139 loops=1)
                          Filter: ((kind_id > 3) AND (production_year > 1957))
                          Rows Removed by Filter: 953173
Planning time: 1.244 ms
Execution time: 20816.949 ms
