Hash Join  (cost=168666.78..311788.54 rows=1733472 width=0) (actual time=3763.622..8614.493 rows=6241700 loops=1)
  Hash Cond: (mk.movie_id = t.id)
  ->  Seq Scan on movie_keyword mk  (cost=0.00..69693.30 rows=4523930 width=4) (actual time=0.023..1319.157 rows=4523930 loops=1)
  ->  Hash  (cost=152770.82..152770.82 rows=968877 width=8) (actual time=3762.174..3762.174 rows=927541 loops=1)
        Buckets: 131072  Batches: 16  Memory Usage: 3306kB
        ->  Hash Join  (cost=96729.52..152770.82 rows=968877 width=8) (actual time=1813.960..3487.108 rows=927541 loops=1)
              Hash Cond: (mi_idx.movie_id = t.id)
              ->  Seq Scan on movie_info_idx mi_idx  (cost=0.00..21735.35 rows=1380035 width=4) (actual time=0.020..482.455 rows=1380035 loops=1)
              ->  Hash  (cost=67604.59..67604.59 rows=1775195 width=4) (actual time=1813.154..1813.154 rows=1772072 loops=1)
                    Buckets: 131072  Batches: 32  Memory Usage: 2976kB
                    ->  Seq Scan on title t  (cost=0.00..67604.59 rows=1775195 width=4) (actual time=0.019..1256.338 rows=1772072 loops=1)
                          Filter: (production_year > 1989)
                          Rows Removed by Filter: 756240
Planning time: 1.051 ms
Execution time: 9344.667 ms
