Hash Join  (cost=101846.64..142689.57 rows=310260 width=0) (actual time=1942.225..3590.540 rows=249960 loops=1)
  Hash Cond: (mi_idx.movie_id = t.id)
  ->  Seq Scan on movie_info_idx mi_idx  (cost=0.00..25185.44 rows=460978 width=4) (actual time=0.028..471.947 rows=459925 loops=1)
        Filter: (info_type_id < 100)
        Rows Removed by Filter: 920110
  ->  Hash  (cost=73925.90..73925.90 rows=1701819 width=4) (actual time=1941.244..1941.244 rows=1799540 loops=1)
        Buckets: 131072  Batches: 32  Memory Usage: 3006kB
        ->  Seq Scan on title t  (cost=0.00..73925.90 rows=1701819 width=4) (actual time=0.033..1349.764 rows=1799540 loops=1)
              Filter: ((kind_id > 1) AND (production_year > 1943))
              Rows Removed by Filter: 728772
Planning time: 0.739 ms
Execution time: 3624.498 ms
