Hash Join  (cost=468277.48..1536988.95 rows=5190394 width=0) (actual time=7587.718..36861.466 rows=6026531 loops=1)
  Hash Cond: (ci.movie_id = t.id)
  ->  Seq Scan on cast_info ci  (cost=0.00..705507.15 rows=26757444 width=4) (actual time=0.012..15359.543 rows=26859641 loops=1)
        Filter: (role_id < 5)
        Rows Removed by Filter: 9384703
  ->  Hash  (cost=460230.45..460230.45 rows=490482 width=8) (actual time=7586.747..7586.747 rows=445900 loops=1)
        Buckets: 131072  Batches: 8  Memory Usage: 3205kB
        ->  Hash Join  (cost=92735.26..460230.45 rows=490482 width=8) (actual time=3155.486..7468.190 rows=445900 loops=1)
              Hash Cond: (mi.movie_id = t.id)
              ->  Seq Scan on movie_info mi  (cost=0.00..346232.03 rows=809669 width=4) (actual time=1505.674..5067.262 rows=802140 loops=1)
                    Filter: (info_type_id = 1)
                    Rows Removed by Filter: 14033580
              ->  Hash  (cost=67604.59..67604.59 rows=1531734 width=4) (actual time=1648.877..1648.877 rows=1531613 loops=1)
                    Buckets: 131072  Batches: 32  Memory Usage: 2716kB
                    ->  Seq Scan on title t  (cost=0.00..67604.59 rows=1531734 width=4) (actual time=0.032..1133.880 rows=1531613 loops=1)
                          Filter: (production_year > 1997)
                          Rows Removed by Filter: 996699
Planning time: 1.036 ms
Execution time: 37551.827 ms
