Seq Scan on movie_companies mc  (cost=0.00..57926.93 rows=695171 width=0) (actual time=371.516..793.846 rows=439798 loops=1)
  Filter: ((company_id < 11582) AND (company_type_id = 2))
  Rows Removed by Filter: 2169331
Planning time: 0.411 ms
Execution time: 846.734 ms
