Hash Join  (cost=297181.53..1798061.49 rows=36651876 width=0) (actual time=7236.994..67467.415 rows=120054494 loops=1)
  Hash Cond: (ci.movie_id = t.id)
  ->  Seq Scan on cast_info ci  (cost=0.00..614943.12 rows=36225612 width=4) (actual time=0.019..11873.436 rows=36244344 loops=1)
  ->  Hash  (cost=255209.03..255209.03 rows=2558280 width=8) (actual time=7235.531..7235.531 rows=2548473 loops=1)
        Buckets: 131072  Batches: 64  Memory Usage: 2596kB
        ->  Hash Join  (cost=102767.86..255209.03 rows=2558280 width=8) (actual time=2000.494..6508.208 rows=2548473 loops=1)
              Hash Cond: (mk.movie_id = t.id)
              ->  Seq Scan on movie_keyword mk  (cost=0.00..81003.12 rows=2558280 width=4) (actual time=0.011..1609.230 rows=2548473 loops=1)
                    Filter: (keyword_id < 6419)
                    Rows Removed by Filter: 1975457
              ->  Hash  (cost=61283.27..61283.27 rows=2528527 width=4) (actual time=1774.469..1774.469 rows=2528312 loops=1)
                    Buckets: 131072  Batches: 64  Memory Usage: 2425kB
                    ->  Seq Scan on title t  (cost=0.00..61283.27 rows=2528527 width=4) (actual time=0.012..915.995 rows=2528312 loops=1)
Planning time: 0.795 ms
Execution time: 80081.292 ms
