Hash Join  (cost=305124.22..1829143.15 rows=38904379 width=0) (actual time=7597.557..75053.229 rows=151725534 loops=1)
  Hash Cond: (ci.movie_id = t.id)
  ->  Seq Scan on cast_info ci  (cost=0.00..614943.12 rows=36225612 width=4) (actual time=0.022..13507.576 rows=36244344 loops=1)
  ->  Hash  (cost=260572.43..260572.43 rows=2715503 width=8) (actual time=7595.483..7595.483 rows=3161764 loops=1)
        Buckets: 131072  Batches: 64  Memory Usage: 2960kB
        ->  Hash Join  (cost=99161.12..260572.43 rows=2715503 width=8) (actual time=2166.585..6720.808 rows=3161764 loops=1)
              Hash Cond: (mk.movie_id = t.id)
              ->  Seq Scan on movie_keyword mk  (cost=0.00..81003.12 rows=3569831 width=4) (actual time=0.010..1814.801 rows=3565962 loops=1)
                    Filter: (keyword_id > 895)
                    Rows Removed by Filter: 957968
              ->  Hash  (cost=67604.59..67604.59 rows=1923403 width=4) (actual time=2165.643..2165.643 rows=1922849 loops=1)
                    Buckets: 131072  Batches: 32  Memory Usage: 3141kB
                    ->  Seq Scan on title t  (cost=0.00..67604.59 rows=1923403 width=4) (actual time=0.025..1271.816 rows=1922849 loops=1)
                          Filter: (production_year < 2010)
                          Rows Removed by Filter: 605463
Planning time: 1.131 ms
Execution time: 91481.892 ms
