Hash Join  (cost=247897.95..1478981.37 rows=19204326 width=0) (actual time=5287.091..49998.937 rows=60968927 loops=1)
  Hash Cond: (ci.movie_id = t.id)
  ->  Seq Scan on cast_info ci  (cost=0.00..614943.12 rows=36225612 width=4) (actual time=0.013..11885.620 rows=36244344 loops=1)
  ->  Hash  (cost=225905.31..225905.31 rows=1340451 width=8) (actual time=5285.502..5285.502 rows=1358763 loops=1)
        Buckets: 131072  Batches: 32  Memory Usage: 2675kB
        ->  Hash Join  (cost=102767.86..225905.31 rows=1340451 width=8) (actual time=1894.604..4883.312 rows=1358763 loops=1)
              Hash Cond: (mk.movie_id = t.id)
              ->  Seq Scan on movie_keyword mk  (cost=0.00..81003.12 rows=1340451 width=4) (actual time=0.022..1498.759 rows=1358763 loops=1)
                    Filter: (keyword_id < 1769)
                    Rows Removed by Filter: 3165167
              ->  Hash  (cost=61283.27..61283.27 rows=2528527 width=4) (actual time=1893.567..1893.567 rows=2528312 loops=1)
                    Buckets: 131072  Batches: 64  Memory Usage: 2425kB
                    ->  Seq Scan on title t  (cost=0.00..61283.27 rows=2528527 width=4) (actual time=0.014..1008.582 rows=2528312 loops=1)
Planning time: 1.093 ms
Execution time: 56445.123 ms
