Seq Scan on movie_companies mc  (cost=0.00..57926.93 rows=483001 width=0) (actual time=0.033..880.564 rows=691346 loops=1)
  Filter: ((company_id < 4511) AND (company_type_id < 2))
  Rows Removed by Filter: 1917783
Planning time: 2.972 ms
Execution time: 970.337 ms
