Seq Scan on movie_companies mc  (cost=0.00..57926.93 rows=53 width=0) (actual time=0.278..706.746 rows=598 loops=1)
  Filter: ((company_id = 11856) AND (company_type_id = 2))
  Rows Removed by Filter: 2608531
Planning time: 0.334 ms
Execution time: 706.949 ms
