Seq Scan on movie_keyword mk  (cost=0.00..81003.12 rows=814925 width=0) (actual time=0.027..1192.200 rows=821090 loops=1)
  Filter: (keyword_id > 22335)
  Rows Removed by Filter: 3702840
Planning time: 0.303 ms
Execution time: 1300.288 ms
