Hash Join  (cost=103947.06..210494.47 rows=685876 width=0) (actual time=1948.719..4241.162 rows=645619 loops=1)
  Hash Cond: (mk.movie_id = t.id)
  ->  Seq Scan on movie_keyword mk  (cost=0.00..81003.12 rows=782904 width=4) (actual time=0.018..1339.480 rows=790168 loops=1)
        Filter: (keyword_id > 23741)
        Rows Removed by Filter: 3733762
  ->  Hash  (cost=67604.59..67604.59 rows=2215158 width=4) (actual time=1947.169..1947.169 rows=2203697 loops=1)
        Buckets: 131072  Batches: 32  Memory Usage: 3457kB
        ->  Seq Scan on title t  (cost=0.00..67604.59 rows=2215158 width=4) (actual time=0.017..1230.237 rows=2203697 loops=1)
              Filter: (production_year > 1960)
              Rows Removed by Filter: 324615
Planning time: 0.738 ms
Execution time: 4322.490 ms
