Hash Join  (cost=115536.53..875723.19 rows=939745 width=0) (actual time=1716.669..16461.191 rows=49578 loops=1)
  Hash Cond: (ci.movie_id = t.id)
  ->  Seq Scan on cast_info ci  (cost=0.00..614943.12 rows=36225612 width=4) (actual time=0.021..6844.555 rows=36244344 loops=1)
  ->  Hash  (cost=114716.60..114716.60 rows=65594 width=8) (actual time=1714.593..1714.593 rows=3129 loops=1)
        Buckets: 131072  Batches: 1  Memory Usage: 1147kB
        ->  Hash Join  (cost=75898.18..114716.60 rows=65594 width=8) (actual time=1027.081..1713.189 rows=3129 loops=1)
              Hash Cond: (mi_idx.movie_id = t.id)
              ->  Seq Scan on movie_info_idx mi_idx  (cost=0.00..21735.35 rows=1380035 width=4) (actual time=0.026..413.312 rows=1380035 loops=1)
              ->  Hash  (cost=73925.90..73925.90 rows=120182 width=4) (actual time=895.717..895.717 rows=17916 loops=1)
                    Buckets: 131072  Batches: 2  Memory Usage: 1340kB
                    ->  Seq Scan on title t  (cost=0.00..73925.90 rows=120182 width=4) (actual time=104.918..888.076 rows=17916 loops=1)
                          Filter: ((production_year < 1955) AND (kind_id = 7))
                          Rows Removed by Filter: 2510396
Planning time: 1.203 ms
Execution time: 16468.562 ms
