Seq Scan on movie_keyword mk  (cost=0.00..81003.12 rows=246 width=0) (actual time=12.374..1120.046 rows=27 loops=1)
  Filter: (keyword_id = 33727)
  Rows Removed by Filter: 4523903
Planning time: 0.327 ms
Execution time: 1120.174 ms
