Seq Scan on movie_companies mc  (cost=0.00..51404.11 rows=2309845 width=0) (actual time=0.022..911.472 rows=2306998 loops=1)
  Filter: (company_id < 93906)
  Rows Removed by Filter: 302131
Planning time: 0.277 ms
Execution time: 1212.029 ms
