Hash Join  (cost=83073.82..136693.21 rows=29 width=0) (actual time=1119.567..2025.522 rows=107 loops=1)
  Hash Cond: (mc.movie_id = t.id)
  ->  Seq Scan on movie_companies mc  (cost=0.00..51404.11 rows=590663 width=4) (actual time=0.026..855.807 rows=588002 loops=1)
        Filter: (company_id < 673)
        Rows Removed by Filter: 2021127
  ->  Hash  (cost=83072.29..83072.29 rows=123 width=8) (actual time=1085.508..1085.508 rows=121 loops=1)
        Buckets: 1024  Batches: 1  Memory Usage: 13kB
        ->  Nested Loop  (cost=0.43..83072.29 rows=123 width=8) (actual time=7.514..1085.358 rows=121 loops=1)
              ->  Seq Scan on movie_keyword mk  (cost=0.00..81003.12 rows=246 width=4) (actual time=5.757..1074.580 rows=218 loops=1)
                    Filter: (keyword_id = 11426)
                    Rows Removed by Filter: 4523712
              ->  Index Scan using title_pkey on title t  (cost=0.43..8.40 rows=1 width=4) (actual time=0.047..0.047 rows=1 loops=218)
                    Index Cond: (id = mk.movie_id)
                    Filter: (production_year < 2004)
                    Rows Removed by Filter: 0
Planning time: 1.231 ms
Execution time: 2025.734 ms
