Seq Scan on movie_companies mc  (cost=0.00..51404.11 rows=809229 width=40) (actual time=0.017..405.072 rows=803816 loops=1)
  Filter: (company_id < 1784)
  Rows Removed by Filter: 1805313
Planning time: 4.780 ms
Execution time: 434.340 ms
