Hash Join  (cost=85435.26..962975.88 rows=1523406 width=0) (actual time=2116.019..16916.629 rows=937220 loops=1)
  Hash Cond: (ci.movie_id = t.id)
  ->  Seq Scan on cast_info ci  (cost=0.00..796071.18 rows=5491302 width=4) (actual time=720.110..13351.887 rows=2536048 loops=1)
        Filter: ((person_id < 2104941) AND (role_id > 4))
        Rows Removed by Filter: 33708296
  ->  Hash  (cost=73925.90..73925.90 rows=701468 width=4) (actual time=1395.061..1395.061 rows=749931 loops=1)
        Buckets: 131072  Batches: 16  Memory Usage: 2673kB
        ->  Seq Scan on title t  (cost=0.00..73925.90 rows=701468 width=4) (actual time=0.027..1146.191 rows=749931 loops=1)
              Filter: ((kind_id < 7) AND (production_year < 2009))
              Rows Removed by Filter: 1778381
Planning time: 0.998 ms
Execution time: 17035.054 ms
