Hash Join  (cost=122214.35..189571.16 rows=65251 width=0) (actual time=2313.376..3837.368 rows=427868 loops=1)
  Hash Cond: (mc.movie_id = t.id)
  ->  Seq Scan on movie_companies mc  (cost=0.00..51404.11 rows=1279517 width=4) (actual time=40.754..906.151 rows=1274246 loops=1)
        Filter: (company_type_id < 2)
        Rows Removed by Filter: 1334883
  ->  Hash  (cost=120098.52..120098.52 rows=128946 width=8) (actual time=2271.804..2271.804 rows=224036 loops=1)
        Buckets: 131072 (originally 131072)  Batches: 4 (originally 2)  Memory Usage: 3216kB
        ->  Hash Join  (cost=85529.96..120098.52 rows=128946 width=8) (actual time=1365.351..2194.804 rows=224036 loops=1)
              Hash Cond: (mi_idx.movie_id = t.id)
              ->  Seq Scan on movie_info_idx mi_idx  (cost=0.00..25185.44 rows=460978 width=4) (actual time=0.028..431.139 rows=459925 loops=1)
                    Filter: (info_type_id = 99)
                    Rows Removed by Filter: 920110
              ->  Hash  (cost=73925.90..73925.90 rows=707284 width=4) (actual time=1364.653..1364.653 rows=595567 loops=1)
                    Buckets: 131072  Batches: 16  Memory Usage: 2331kB
                    ->  Seq Scan on title t  (cost=0.00..73925.90 rows=707284 width=4) (actual time=0.024..1173.935 rows=595567 loops=1)
                          Filter: ((kind_id < 4) AND (production_year > 1970))
                          Rows Removed by Filter: 1932745
Planning time: 1.094 ms
Execution time: 3888.582 ms
