Hash Join  (cost=440068.20..1159315.93 rows=6540 width=0) (actual time=12057.428..17391.553 rows=40557 loops=1)
  Hash Cond: (ci.movie_id = t.id)
  ->  Seq Scan on cast_info ci  (cost=0.00..705507.15 rows=2735034 width=4) (actual time=6048.009..11055.037 rows=2728943 loops=1)
        Filter: (role_id = 4)
        Rows Removed by Filter: 33515401
  ->  Hash  (cost=439992.62..439992.62 rows=6047 width=8) (actual time=6009.091..6009.091 rows=18585 loops=1)
        Buckets: 32768 (originally 8192)  Batches: 1 (originally 1)  Memory Usage: 982kB
        ->  Hash Join  (cost=73962.22..439992.62 rows=6047 width=8) (actual time=929.954..6002.056 rows=18585 loops=1)
              Hash Cond: (mi.movie_id = t.id)
              ->  Seq Scan on movie_info mi  (cost=0.00..346232.03 rows=5263441 width=4) (actual time=148.168..4495.159 rows=5270569 loops=1)
                    Filter: (info_type_id > 15)
                    Rows Removed by Filter: 9565151
              ->  Hash  (cost=73925.90..73925.90 rows=2905 width=4) (actual time=781.093..781.093 rows=6173 loops=1)
                    Buckets: 8192 (originally 4096)  Batches: 1 (originally 1)  Memory Usage: 282kB
                    ->  Seq Scan on title t  (cost=0.00..73925.90 rows=2905 width=4) (actual time=1.414..778.465 rows=6173 loops=1)
                          Filter: ((kind_id < 7) AND (production_year = 1971))
                          Rows Removed by Filter: 2522139
Planning time: 0.792 ms
Execution time: 17395.580 ms
