Hash Join  (cost=98137.04..187239.14 rows=30189 width=0) (actual time=1764.257..3562.585 rows=21480 loops=1)
  Hash Cond: (mk.movie_id = t.id)
  ->  Seq Scan on movie_keyword mk  (cost=0.00..81003.12 rows=41017 width=4) (actual time=2.020..1223.272 rows=41840 loops=1)
        Filter: (keyword_id = 117)
        Rows Removed by Filter: 4482090
  ->  Hash  (cost=67604.59..67604.59 rows=1860996 width=4) (actual time=1761.352..1761.352 rows=1865487 loops=1)
        Buckets: 131072  Batches: 32  Memory Usage: 3085kB
        ->  Seq Scan on title t  (cost=0.00..67604.59 rows=1860996 width=4) (actual time=0.016..1141.909 rows=1865487 loops=1)
              Filter: (kind_id > 1)
              Rows Removed by Filter: 662825
Planning time: 1.367 ms
Execution time: 3565.103 ms
