Nested Loop  (cost=0.43..58358.27 rows=51 width=0) (actual time=323.560..723.691 rows=11 loops=1)
  ->  Seq Scan on movie_companies mc  (cost=0.00..57926.93 rows=51 width=4) (actual time=323.454..723.085 rows=11 loops=1)
        Filter: ((company_type_id < 2) AND (company_id = 7979))
        Rows Removed by Filter: 2609118
  ->  Index Only Scan using title_pkey on title t  (cost=0.43..8.45 rows=1 width=4) (actual time=0.048..0.049 rows=1 loops=11)
        Index Cond: (id = mc.movie_id)
        Heap Fetches: 11
Planning time: 0.752 ms
Execution time: 723.773 ms
