Hash Join  (cost=101202.55..188004.89 rows=14430 width=0) (actual time=1701.553..3252.511 rows=6 loops=1)
  Hash Cond: (mk.movie_id = t.id)
  ->  Seq Scan on movie_keyword mk  (cost=0.00..69693.30 rows=4523930 width=4) (actual time=0.019..914.813 rows=4523930 loops=1)
  ->  Hash  (cost=101101.74..101101.74 rows=8065 width=8) (actual time=1538.101..1538.101 rows=9 loops=1)
        Buckets: 8192  Batches: 1  Memory Usage: 65kB
        ->  Hash Join  (cost=74110.60..101101.74 rows=8065 width=8) (actual time=1077.385..1538.084 rows=9 loops=1)
              Hash Cond: (mi_idx.movie_id = t.id)
              ->  Seq Scan on movie_info_idx mi_idx  (cost=0.00..21735.35 rows=1380035 width=4) (actual time=0.030..246.413 rows=1380035 loops=1)
              ->  Hash  (cost=73925.90..73925.90 rows=14776 width=4) (actual time=1036.491..1036.491 rows=7 loops=1)
                    Buckets: 16384  Batches: 1  Memory Usage: 129kB
                    ->  Seq Scan on title t  (cost=0.00..73925.90 rows=14776 width=4) (actual time=659.034..1036.471 rows=7 loops=1)
                          Filter: ((production_year < 1967) AND (kind_id = 4))
                          Rows Removed by Filter: 2528305
Planning time: 1.092 ms
Execution time: 3252.650 ms
