Seq Scan on movie_info mi  (cost=0.00..346232.03 rows=14282391 width=0) (actual time=0.018..6578.954 rows=14308956 loops=1)
  Filter: (info_type_id < 103)
  Rows Removed by Filter: 526764
Planning time: 1.369 ms
Execution time: 8366.499 ms
