Seq Scan on cast_info ci  (cost=0.00..796071.18 rows=8246797 width=0) (actual time=4505.099..12222.325 rows=4319532 loops=1)
  Filter: ((person_id > 2137424) AND (role_id < 3))
  Rows Removed by Filter: 31924812
Planning time: 0.309 ms
Execution time: 12753.177 ms
