Seq Scan on movie_companies mc  (cost=0.00..51404.11 rows=1221636 width=0) (actual time=0.020..881.019 rows=1233169 loops=1)
  Filter: (company_id > 11856)
  Rows Removed by Filter: 1375960
Planning time: 0.293 ms
Execution time: 1035.808 ms
