Seq Scan on cast_info ci  (cost=0.00..796071.18 rows=10051300 width=0) (actual time=0.021..14536.833 rows=5996295 loops=1)
  Filter: ((person_id < 3008529) AND (role_id > 3))
  Rows Removed by Filter: 30248049
Planning time: 0.334 ms
Execution time: 15285.839 ms
