Seq Scan on cast_info ci  (cost=0.00..705507.15 rows=500 width=0) (actual time=820.300..8820.338 rows=50 loops=1)
  Filter: (person_id = 1385565)
  Rows Removed by Filter: 36244294
Planning time: 0.350 ms
Execution time: 8820.426 ms
