Hash Join  (cost=118520.81..173239.24 rows=5290 width=0) (actual time=1352.178..2281.774 rows=12690 loops=1)
  Hash Cond: (mc.movie_id = t.id)
  ->  Seq Scan on movie_companies mc  (cost=0.00..44881.29 rows=2609129 width=4) (actual time=0.011..470.829 rows=2609129 loops=1)
  ->  Hash  (cost=118456.73..118456.73 rows=5127 width=8) (actual time=1351.964..1351.964 rows=4958 loops=1)
        Buckets: 8192  Batches: 1  Memory Usage: 258kB
        ->  Nested Loop  (cost=0.43..118456.73 rows=5127 width=8) (actual time=0.179..1349.044 rows=4958 loops=1)
              ->  Seq Scan on movie_keyword mk  (cost=0.00..81003.12 rows=5127 width=4) (actual time=0.111..1184.444 rows=4958 loops=1)
                    Filter: (keyword_id = 2632)
                    Rows Removed by Filter: 4518972
              ->  Index Only Scan using title_pkey on title t  (cost=0.43..7.30 rows=1 width=4) (actual time=0.032..0.032 rows=1 loops=4958)
                    Index Cond: (id = mk.movie_id)
                    Heap Fetches: 4958
Planning time: 1.144 ms
Execution time: 2283.943 ms
