Hash Join  (cost=877540.75..973416.61 rows=61882 width=0) (actual time=13335.022..15633.778 rows=247864 loops=1)
  Hash Cond: (mk.movie_id = t.id)
  ->  Seq Scan on movie_keyword mk  (cost=0.00..81003.12 rows=3801042 width=4) (actual time=0.016..1616.811 rows=3796588 loops=1)
        Filter: (keyword_id < 25789)
        Rows Removed by Filter: 727342
  ->  Hash  (cost=877026.19..877026.19 rows=41165 width=8) (actual time=13334.508..13334.508 rows=17179 loops=1)
        Buckets: 65536  Batches: 1  Memory Usage: 1184kB
        ->  Hash Join  (cost=69460.45..877026.19 rows=41165 width=8) (actual time=5952.471..13326.176 rows=17179 loops=1)
              Hash Cond: (ci.movie_id = t.id)
              ->  Seq Scan on cast_info ci  (cost=0.00..796071.18 rows=920243 width=4) (actual time=4633.489..11871.186 rows=297136 loops=1)
                    Filter: ((person_id < 738240) AND (role_id = 10))
                    Rows Removed by Filter: 35947208
              ->  Hash  (cost=67604.59..67604.59 rows=113109 width=4) (actual time=1318.102..1318.102 rows=119565 loops=1)
                    Buckets: 131072  Batches: 2  Memory Usage: 3115kB
                    ->  Seq Scan on title t  (cost=0.00..67604.59 rows=113109 width=4) (actual time=0.035..983.211 rows=119565 loops=1)
                          Filter: (production_year = 2007)
                          Rows Removed by Filter: 2408747
Planning time: 8.567 ms
Execution time: 15664.464 ms
