Seq Scan on movie_companies mc  (cost=0.00..57926.93 rows=831653 width=0) (actual time=75.719..937.802 rows=627094 loops=1)
  Filter: ((company_id > 3075) AND (company_type_id < 2))
  Rows Removed by Filter: 1982035
Planning time: 0.228 ms
Execution time: 1019.221 ms
