Hash Join  (cost=422304.63..1253363.20 rows=23657 width=0) (actual time=10034.966..21501.554 rows=217713 loops=1)
  Hash Cond: (ci.movie_id = t.id)
  ->  Seq Scan on cast_info ci  (cost=0.00..796071.18 rows=9266886 width=4) (actual time=3414.055..13780.167 rows=5731700 loops=1)
        Filter: ((person_id > 948533) AND (role_id = 1))
        Rows Removed by Filter: 30512644
  ->  Hash  (cost=422223.94..422223.94 rows=6455 width=8) (actual time=6620.492..6620.492 rows=22493 loops=1)
        Buckets: 32768 (originally 8192)  Batches: 1 (originally 1)  Memory Usage: 1135kB
        ->  Hash Join  (cost=67697.55..422223.94 rows=6455 width=8) (actual time=2912.911..6611.404 rows=22493 loops=1)
              Hash Cond: (mi.movie_id = t.id)
              ->  Seq Scan on movie_info mi  (cost=0.00..346232.03 rows=2194617 width=4) (actual time=1891.763..5201.137 rows=2233850 loops=1)
                    Filter: (info_type_id > 16)
                    Rows Removed by Filter: 12601870
              ->  Hash  (cost=67604.59..67604.59 rows=7437 width=4) (actual time=978.166..978.166 rows=18391 loops=1)
                    Buckets: 32768 (originally 8192)  Batches: 1 (originally 1)  Memory Usage: 903kB
                    ->  Seq Scan on title t  (cost=0.00..67604.59 rows=7437 width=4) (actual time=0.106..969.632 rows=18391 loops=1)
                          Filter: (production_year = 1985)
                          Rows Removed by Filter: 2509921
Planning time: 0.802 ms
Execution time: 21534.415 ms
