Hash Join  (cost=73997.78..100896.51 rows=1033 width=0) (actual time=935.110..1412.295 rows=1453 loops=1)
  Hash Cond: (mi_idx.movie_id = t.id)
  ->  Seq Scan on movie_info_idx mi_idx  (cost=0.00..25185.44 rows=454124 width=4) (actual time=0.012..387.490 rows=459925 loops=1)
        Filter: (info_type_id = 100)
        Rows Removed by Filter: 920110
  ->  Hash  (cost=73925.90..73925.90 rows=5750 width=4) (actual time=934.997..934.997 rows=8526 loops=1)
        Buckets: 16384 (originally 8192)  Batches: 1 (originally 1)  Memory Usage: 428kB
        ->  Seq Scan on title t  (cost=0.00..73925.90 rows=5750 width=4) (actual time=0.061..931.129 rows=8526 loops=1)
              Filter: ((kind_id = 4) AND (production_year = 2008))
              Rows Removed by Filter: 2519786
Planning time: 0.812 ms
Execution time: 1412.791 ms
