Hash Join  (cost=73962.22..102589.79 rows=1051 width=0) (actual time=1025.810..1645.972 rows=622 loops=1)
  Hash Cond: (mi_idx.movie_id = t.id)
  ->  Seq Scan on movie_info_idx mi_idx  (cost=0.00..25185.44 rows=915101 width=4) (actual time=0.024..474.788 rows=919850 loops=1)
        Filter: (info_type_id < 101)
        Rows Removed by Filter: 460185
  ->  Hash  (cost=73925.90..73925.90 rows=2905 width=4) (actual time=1024.976..1024.976 rows=2615 loops=1)
        Buckets: 4096  Batches: 1  Memory Usage: 124kB
        ->  Seq Scan on title t  (cost=0.00..73925.90 rows=2905 width=4) (actual time=0.202..1023.688 rows=2615 loops=1)
              Filter: ((kind_id < 7) AND (production_year = 1924))
              Rows Removed by Filter: 2525697
Planning time: 0.737 ms
Execution time: 1646.200 ms
