Hash Join  (cost=52284.28..79194.90 rows=14 width=0) (actual time=702.376..1203.264 rows=396 loops=1)
  Hash Cond: (mi_idx.movie_id = t.id)
  ->  Seq Scan on movie_info_idx mi_idx  (cost=0.00..21735.35 rows=1380035 width=4) (actual time=0.023..259.327 rows=1380035 loops=1)
  ->  Hash  (cost=52283.95..52283.95 rows=26 width=8) (actual time=688.860..688.860 rows=132 loops=1)
        Buckets: 1024  Batches: 1  Memory Usage: 14kB
        ->  Nested Loop  (cost=0.43..52283.95 rows=26 width=8) (actual time=54.871..688.766 rows=132 loops=1)
              ->  Seq Scan on movie_companies mc  (cost=0.00..51404.11 rows=104 width=4) (actual time=54.797..686.050 rows=132 loops=1)
                    Filter: (company_id = 2829)
                    Rows Removed by Filter: 2608997
              ->  Index Scan using title_pkey on title t  (cost=0.43..8.45 rows=1 width=4) (actual time=0.019..0.019 rows=1 loops=132)
                    Index Cond: (id = mc.movie_id)
                    Filter: (production_year < 1987)
Planning time: 1.151 ms
Execution time: 1203.517 ms
