Hash Join  (cost=101026.54..162504.27 rows=1561 width=0) (actual time=1322.043..1593.939 rows=81 loops=1)
  Hash Cond: (mc.movie_id = t.id)
  ->  Seq Scan on movie_companies mc  (cost=0.00..57926.93 rows=942716 width=4) (actual time=307.530..611.810 rows=1111026 loops=1)
        Filter: ((company_id > 1479) AND (company_type_id = 2))
        Rows Removed by Filter: 1498103
  ->  Hash  (cost=100974.19..100974.19 rows=4188 width=8) (actual time=909.629..909.629 rows=225 loops=1)
        Buckets: 8192  Batches: 1  Memory Usage: 73kB
        ->  Hash Join  (cost=74021.83..100974.19 rows=4188 width=8) (actual time=680.213..909.484 rows=225 loops=1)
              Hash Cond: (mi_idx.movie_id = t.id)
              ->  Seq Scan on movie_info_idx mi_idx  (cost=0.00..21735.35 rows=1380035 width=4) (actual time=0.018..112.161 rows=1380035 loops=1)
              ->  Hash  (cost=73925.90..73925.90 rows=7674 width=4) (actual time=679.558..679.558 rows=907 loops=1)
                    Buckets: 8192  Batches: 1  Memory Usage: 96kB
                    ->  Seq Scan on title t  (cost=0.00..73925.90 rows=7674 width=4) (actual time=503.148..679.136 rows=907 loops=1)
                          Filter: ((production_year < 1954) AND (kind_id = 3))
                          Rows Removed by Filter: 2527405
Planning time: 1.234 ms
Execution time: 1594.058 ms
