Hash Join  (cost=74805.17..835671.92 rows=1007759 width=0) (actual time=1035.409..20393.699 rows=776153 loops=1)
  Hash Cond: (ci.movie_id = t.id)
  ->  Seq Scan on cast_info ci  (cost=0.00..614943.12 rows=36225612 width=4) (actual time=0.017..7820.778 rows=36244344 loops=1)
  ->  Hash  (cost=73925.90..73925.90 rows=70341 width=4) (actual time=1034.710..1034.710 rows=77074 loops=1)
        Buckets: 131072  Batches: 1  Memory Usage: 3734kB
        ->  Seq Scan on title t  (cost=0.00..73925.90 rows=70341 width=4) (actual time=0.028..1003.919 rows=77074 loops=1)
              Filter: ((production_year > 1978) AND (kind_id = 2))
              Rows Removed by Filter: 2451238
Planning time: 2.877 ms
Execution time: 20508.850 ms
