Seq Scan on movie_keyword mk  (cost=0.00..81003.12 rows=2824116 width=0) (actual time=0.026..1454.808 rows=2812165 loops=1)
  Filter: (keyword_id < 8386)
  Rows Removed by Filter: 1711765
Planning time: 0.279 ms
Execution time: 1807.990 ms
