Hash Join  (cost=424192.35..1178963.64 rows=398217 width=0) (actual time=6242.927..22618.783 rows=1099093 loops=1)
  Hash Cond: (ci.movie_id = t.id)
  ->  Seq Scan on cast_info ci  (cost=0.00..614943.12 rows=36225612 width=4) (actual time=0.021..7106.455 rows=36244344 loops=1)
  ->  Hash  (cost=423844.91..423844.91 rows=27795 width=8) (actual time=6242.531..6242.531 rows=30243 loops=1)
        Buckets: 32768  Batches: 1  Memory Usage: 1438kB
        ->  Hash Join  (cost=69374.09..423844.91 rows=27795 width=8) (actual time=1268.250..6231.170 rows=30243 loops=1)
              Hash Cond: (mi.movie_id = t.id)
              ->  Seq Scan on movie_info mi  (cost=0.00..346232.03 rows=651960 width=4) (actual time=300.356..5000.751 rows=660923 loops=1)
                    Filter: (info_type_id = 18)
                    Rows Removed by Filter: 14174797
              ->  Hash  (cost=67604.59..67604.59 rows=107800 width=4) (actual time=966.809..966.809 rows=108429 loops=1)
                    Buckets: 131072  Batches: 2  Memory Usage: 2938kB
                    ->  Seq Scan on title t  (cost=0.00..67604.59 rows=107800 width=4) (actual time=0.027..925.319 rows=108429 loops=1)
                          Filter: (production_year = 2006)
                          Rows Removed by Filter: 2419883
Planning time: 1.171 ms
Execution time: 22765.335 ms
