Hash Join  (cost=83074.25..447739.33 rows=913 width=0) (actual time=1389.576..7981.093 rows=108660 loops=1)
  Hash Cond: (mi.movie_id = t.id)
  ->  Seq Scan on movie_info mi  (cost=0.00..309384.22 rows=14739122 width=4) (actual time=0.013..3629.133 rows=14835720 loops=1)
  ->  Hash  (cost=83072.29..83072.29 rows=157 width=8) (actual time=1389.512..1389.512 rows=1476 loops=1)
        Buckets: 2048 (originally 1024)  Batches: 1 (originally 1)  Memory Usage: 74kB
        ->  Nested Loop  (cost=0.43..83072.29 rows=157 width=8) (actual time=0.354..1388.319 rows=1476 loops=1)
              ->  Seq Scan on movie_keyword mk  (cost=0.00..81003.12 rows=246 width=4) (actual time=0.133..1284.864 rows=2682 loops=1)
                    Filter: (keyword_id = 261)
                    Rows Removed by Filter: 4521248
              ->  Index Scan using title_pkey on title t  (cost=0.43..8.40 rows=1 width=4) (actual time=0.037..0.038 rows=1 loops=2682)
                    Index Cond: (id = mk.movie_id)
                    Filter: (production_year > 1995)
                    Rows Removed by Filter: 0
Planning time: 1.185 ms
Execution time: 7997.760 ms
