Hash Join  (cost=75574.02..132434.72 rows=16811 width=0) (actual time=1328.960..2233.781 rows=4755 loops=1)
  Hash Cond: (mc.movie_id = t.id)
  ->  Seq Scan on movie_companies mc  (cost=0.00..51404.11 rows=423327 width=4) (actual time=68.232..805.025 rows=427905 loops=1)
        Filter: (company_id > 79416)
        Rows Removed by Filter: 2181224
  ->  Hash  (cost=73925.90..73925.90 rows=100409 width=4) (actual time=1259.770..1259.770 rows=110402 loops=1)
        Buckets: 131072  Batches: 2  Memory Usage: 2964kB
        ->  Seq Scan on title t  (cost=0.00..73925.90 rows=100409 width=4) (actual time=0.033..1219.153 rows=110402 loops=1)
              Filter: ((kind_id = 7) AND (production_year = 2012))
              Rows Removed by Filter: 2417910
Planning time: 0.528 ms
Execution time: 2234.742 ms
