Hash Join  (cost=798791.46..825703.71 rows=177 width=0) (actual time=13321.531..13827.627 rows=3 loops=1)
  Hash Cond: (mi_idx.movie_id = t.id)
  ->  Seq Scan on movie_info_idx mi_idx  (cost=0.00..21735.35 rows=1380035 width=4) (actual time=0.023..319.626 rows=1380035 loops=1)
  ->  Hash  (cost=798787.41..798787.41 rows=324 width=8) (actual time=13265.770..13265.770 rows=28 loops=1)
        Buckets: 1024  Batches: 1  Memory Usage: 10kB
        ->  Nested Loop  (cost=0.43..798787.41 rows=324 width=8) (actual time=2686.666..13265.703 rows=28 loops=1)
              ->  Seq Scan on cast_info ci  (cost=0.00..796071.18 rows=324 width=4) (actual time=2686.549..13265.045 rows=28 loops=1)
                    Filter: ((role_id > 1) AND (person_id = 3315143))
                    Rows Removed by Filter: 36244316
              ->  Index Only Scan using title_pkey on title t  (cost=0.43..8.37 rows=1 width=4) (actual time=0.020..0.021 rows=1 loops=28)
                    Index Cond: (id = ci.movie_id)
                    Heap Fetches: 28
Planning time: 1.207 ms
Execution time: 13827.750 ms
