Seq Scan on movie_keyword mk  (cost=0.00..81003.12 rows=3924500 width=0) (actual time=0.019..1429.318 rows=3919269 loops=1)
  Filter: (keyword_id > 449)
  Rows Removed by Filter: 604661
Planning time: 0.326 ms
Execution time: 1910.286 ms
