Nested Loop  (cost=0.43..797488.04 rows=168 width=0) (actual time=6536.883..12532.413 rows=1 loops=1)
  ->  Seq Scan on cast_info ci  (cost=0.00..796071.18 rows=168 width=4) (actual time=6536.724..12532.249 rows=1 loops=1)
        Filter: ((role_id > 3) AND (person_id = 3650446))
        Rows Removed by Filter: 36244343
  ->  Index Only Scan using title_pkey on title t  (cost=0.43..8.42 rows=1 width=4) (actual time=0.093..0.094 rows=1 loops=1)
        Index Cond: (id = ci.movie_id)
        Heap Fetches: 1
Planning time: 0.665 ms
Execution time: 12532.483 ms
