Hash Join  (cost=428431.33..1189195.08 rows=997452 width=0) (actual time=5969.496..28827.691 rows=3230484 loops=1)
  Hash Cond: (ci.movie_id = t.id)
  ->  Seq Scan on cast_info ci  (cost=0.00..614943.12 rows=36225612 width=4) (actual time=0.017..8011.128 rows=36244344 loops=1)
  ->  Hash  (cost=427561.06..427561.06 rows=69622 width=8) (actual time=5968.603..5968.603 rows=86841 loops=1)
        Buckets: 131072 (originally 131072)  Batches: 2 (originally 1)  Memory Usage: 3073kB
        ->  Hash Join  (cost=73702.75..427561.06 rows=69622 width=8) (actual time=1856.173..5935.423 rows=86841 loops=1)
              Hash Cond: (mi.movie_id = t.id)
              ->  Seq Scan on movie_info mi  (cost=0.00..346232.03 rows=473617 width=4) (actual time=771.139..4559.671 rows=486554 loops=1)
                    Filter: (info_type_id = 5)
                    Rows Removed by Filter: 14349166
              ->  Hash  (cost=67604.59..67604.59 rows=371693 width=4) (actual time=1077.752..1077.752 rows=366430 loops=1)
                    Buckets: 131072  Batches: 8  Memory Usage: 2633kB
                    ->  Seq Scan on title t  (cost=0.00..67604.59 rows=371693 width=4) (actual time=0.029..957.337 rows=366430 loops=1)
                          Filter: (production_year < 1970)
                          Rows Removed by Filter: 2161882
Planning time: 1.178 ms
Execution time: 29195.715 ms
