Hash Join  (cost=279704.21..745946.25 rows=4426381 width=0) (actual time=6114.023..25872.441 rows=52925496 loops=1)
  Hash Cond: (mi.movie_id = t.id)
  ->  Seq Scan on movie_info mi  (cost=0.00..346232.03 rows=5263441 width=4) (actual time=84.340..5444.878 rows=5270569 loops=1)
        Filter: (info_type_id > 15)
        Rows Removed by Filter: 9565151
  ->  Hash  (cost=244817.11..244817.11 rows=2126408 width=8) (actual time=5957.767..5957.767 rows=2131251 loops=1)
        Buckets: 131072  Batches: 32  Memory Usage: 3691kB
        ->  Hash Join  (cost=102767.86..244817.11 rows=2126408 width=8) (actual time=1815.980..5284.205 rows=2131251 loops=1)
              Hash Cond: (mk.movie_id = t.id)
              ->  Seq Scan on movie_keyword mk  (cost=0.00..81003.12 rows=2126408 width=4) (actual time=0.023..1358.381 rows=2131251 loops=1)
                    Filter: (keyword_id < 3935)
                    Rows Removed by Filter: 2392679
              ->  Hash  (cost=61283.27..61283.27 rows=2528527 width=4) (actual time=1813.656..1813.656 rows=2528312 loops=1)
                    Buckets: 131072  Batches: 64  Memory Usage: 2425kB
                    ->  Seq Scan on title t  (cost=0.00..61283.27 rows=2528527 width=4) (actual time=0.012..976.936 rows=2528312 loops=1)
Planning time: 1.371 ms
Execution time: 31725.840 ms
