Hash Join  (cost=301240.15..778922.14 rows=5133136 width=0) (actual time=7067.337..17945.235 rows=11412050 loops=1)
  Hash Cond: (mi.movie_id = t.id)
  ->  Seq Scan on movie_info mi  (cost=0.00..346232.03 rows=4972096 width=4) (actual time=371.519..5923.208 rows=4923966 loops=1)
        Filter: (info_type_id < 5)
        Rows Removed by Filter: 9911754
  ->  Hash  (cost=258412.86..258412.86 rows=2610423 width=8) (actual time=6692.977..6692.977 rows=2293473 loops=1)
        Buckets: 131072  Batches: 64  Memory Usage: 2518kB
        ->  Hash Join  (cost=96729.52..258412.86 rows=2610423 width=8) (actual time=1870.269..6049.804 rows=2293473 loops=1)
              Hash Cond: (mk.movie_id = t.id)
              ->  Seq Scan on movie_keyword mk  (cost=0.00..81003.12 rows=3718197 width=4) (actual time=0.615..1672.318 rows=3715618 loops=1)
                    Filter: (keyword_id > 782)
                    Rows Removed by Filter: 808312
              ->  Hash  (cost=67604.59..67604.59 rows=1775195 width=4) (actual time=1867.784..1867.784 rows=1772072 loops=1)
                    Buckets: 131072  Batches: 32  Memory Usage: 2984kB
                    ->  Seq Scan on title t  (cost=0.00..67604.59 rows=1775195 width=4) (actual time=0.017..1285.996 rows=1772072 loops=1)
                          Filter: (production_year > 1989)
                          Rows Removed by Filter: 756240
Planning time: 4.009 ms
Execution time: 19164.753 ms
