Hash Join  (cost=98018.53..193957.65 rows=1515260 width=0) (actual time=1806.763..6554.550 rows=1046344 loops=1)
  Hash Cond: (mc.movie_id = t.id)
  ->  Seq Scan on movie_companies mc  (cost=0.00..44881.29 rows=2609129 width=4) (actual time=0.022..820.219 rows=2609129 loops=1)
  ->  Hash  (cost=73925.90..73925.90 rows=1468450 width=4) (actual time=1805.615..1805.615 rows=1591292 loops=1)
        Buckets: 131072  Batches: 32  Memory Usage: 2782kB
        ->  Seq Scan on title t  (cost=0.00..73925.90 rows=1468450 width=4) (actual time=0.022..1277.036 rows=1591292 loops=1)
              Filter: ((kind_id > 1) AND (production_year > 1976))
              Rows Removed by Filter: 937020
Planning time: 0.728 ms
Execution time: 6660.715 ms
