Hash Join  (cost=365418.15..2302199.29 rows=63020810 width=0) (actual time=8304.991..89551.935 rows=210561598 loops=1)
  Hash Cond: (ci.movie_id = t.id)
  ->  Seq Scan on cast_info ci  (cost=0.00..705507.15 rows=35223759 width=4) (actual time=0.028..15987.402 rows=35369289 loops=1)
        Filter: (person_id > 91883)
        Rows Removed by Filter: 875055
  ->  Hash  (cost=291197.02..291197.02 rows=4523930 width=8) (actual time=8303.053..8303.053 rows=4523930 loops=1)
        Buckets: 131072  Batches: 64  Memory Usage: 3816kB
        ->  Hash Join  (cost=102767.86..291197.02 rows=4523930 width=8) (actual time=1903.126..6994.662 rows=4523930 loops=1)
              Hash Cond: (mk.movie_id = t.id)
              ->  Seq Scan on movie_keyword mk  (cost=0.00..69693.30 rows=4523930 width=4) (actual time=0.027..1347.589 rows=4523930 loops=1)
              ->  Hash  (cost=61283.27..61283.27 rows=2528527 width=4) (actual time=1901.871..1901.871 rows=2528312 loops=1)
                    Buckets: 131072  Batches: 64  Memory Usage: 2425kB
                    ->  Seq Scan on title t  (cost=0.00..61283.27 rows=2528527 width=4) (actual time=0.031..1041.917 rows=2528312 loops=1)
Planning time: 7.087 ms
Execution time: 111296.965 ms
