Hash Join  (cost=102767.86..241290.11 rows=1979885 width=0) (actual time=2330.984..5827.338 rows=1979943 loops=1)
  Hash Cond: (mk.movie_id = t.id)
  ->  Seq Scan on movie_keyword mk  (cost=0.00..81003.12 rows=1979885 width=4) (actual time=0.018..1566.955 rows=1979943 loops=1)
        Filter: (keyword_id < 3497)
        Rows Removed by Filter: 2543987
  ->  Hash  (cost=61283.27..61283.27 rows=2528527 width=4) (actual time=2330.198..2330.198 rows=2528312 loops=1)
        Buckets: 131072  Batches: 64  Memory Usage: 2425kB
        ->  Seq Scan on title t  (cost=0.00..61283.27 rows=2528527 width=4) (actual time=0.020..831.948 rows=2528312 loops=1)
Planning time: 0.515 ms
Execution time: 6054.851 ms
