Hash Join  (cost=102767.86..298298.85 rows=4349038 width=0) (actual time=2205.099..7690.158 rows=4352803 loops=1)
  Hash Cond: (mk.movie_id = t.id)
  ->  Seq Scan on movie_keyword mk  (cost=0.00..81003.12 rows=4349038 width=4) (actual time=0.021..1730.771 rows=4352803 loops=1)
        Filter: (keyword_id < 72106)
        Rows Removed by Filter: 171127
  ->  Hash  (cost=61283.27..61283.27 rows=2528527 width=4) (actual time=2203.418..2203.418 rows=2528312 loops=1)
        Buckets: 131072  Batches: 64  Memory Usage: 2425kB
        ->  Seq Scan on title t  (cost=0.00..61283.27 rows=2528527 width=4) (actual time=0.024..931.108 rows=2528312 loops=1)
Planning time: 0.686 ms
Execution time: 8230.831 ms
