Hash Join  (cost=58375.56..410420.39 rows=6 width=0) (actual time=4256.975..5277.773 rows=1469 loops=1)
  Hash Cond: (mi.movie_id = t.id)
  ->  Seq Scan on movie_info mi  (cost=0.00..346232.03 rows=1550064 width=4) (actual time=3435.398..4280.545 rows=1533909 loops=1)
        Filter: (info_type_id = 3)
        Rows Removed by Filter: 13301811
  ->  Hash  (cost=58375.45..58375.45 rows=9 width=8) (actual time=762.265..762.265 rows=706 loops=1)
        Buckets: 1024  Batches: 1  Memory Usage: 36kB
        ->  Nested Loop  (cost=0.43..58375.45 rows=9 width=8) (actual time=1.782..761.884 rows=706 loops=1)
              ->  Seq Scan on movie_companies mc  (cost=0.00..57926.93 rows=53 width=4) (actual time=1.730..743.147 rows=706 loops=1)
                    Filter: ((company_type_id > 1) AND (company_id = 14060))
                    Rows Removed by Filter: 2608423
              ->  Index Scan using title_pkey on title t  (cost=0.43..8.45 rows=1 width=4) (actual time=0.025..0.026 rows=1 loops=706)
                    Index Cond: (id = mc.movie_id)
                    Filter: ((kind_id < 7) AND (production_year < 2002))
Planning time: 1.257 ms
Execution time: 5278.192 ms
