Hash Join  (cost=74165.24..439937.27 rows=111610 width=0) (actual time=961.500..7629.465 rows=127192 loops=1)
  Hash Cond: (mi.movie_id = t.id)
  ->  Seq Scan on movie_info mi  (cost=0.00..309384.22 rows=14739122 width=4) (actual time=0.021..3507.619 rows=14835720 loops=1)
  ->  Hash  (cost=73925.90..73925.90 rows=19147 width=4) (actual time=890.462..890.462 rows=17623 loops=1)
        Buckets: 32768  Batches: 1  Memory Usage: 876kB
        ->  Seq Scan on title t  (cost=0.00..73925.90 rows=19147 width=4) (actual time=0.024..883.121 rows=17623 loops=1)
              Filter: ((production_year > 2009) AND (kind_id = 2))
              Rows Removed by Filter: 2510689
Planning time: 0.747 ms
Execution time: 7647.807 ms
