Hash Join  (cost=92883.59..179906.66 rows=954009 width=0) (actual time=1742.607..3637.546 rows=519611 loops=1)
  Hash Cond: (mc.movie_id = t.id)
  ->  Seq Scan on movie_companies mc  (cost=0.00..51404.11 rows=1565575 width=4) (actual time=0.031..1022.127 rows=1555004 loops=1)
        Filter: (company_id < 14890)
        Rows Removed by Filter: 1054125
  ->  Hash  (cost=67604.59..67604.59 rows=1540800 width=4) (actual time=1474.274..1474.274 rows=1543264 loops=1)
        Buckets: 131072  Batches: 32  Memory Usage: 2722kB
        ->  Seq Scan on title t  (cost=0.00..67604.59 rows=1540800 width=4) (actual time=0.020..997.223 rows=1543264 loops=1)
              Filter: (kind_id = 7)
              Rows Removed by Filter: 985048
Planning time: 0.835 ms
Execution time: 3697.771 ms
