Hash Join  (cost=97151.21..143571.56 rows=512329 width=0) (actual time=1822.603..3160.163 rows=424580 loops=1)
  Hash Cond: (mi_idx.movie_id = t.id)
  ->  Seq Scan on movie_info_idx mi_idx  (cost=0.00..25185.44 rows=915101 width=4) (actual time=0.017..520.634 rows=919850 loops=1)
        Filter: (info_type_id < 101)
        Rows Removed by Filter: 460185
  ->  Hash  (cost=73925.90..73925.90 rows=1415624 width=4) (actual time=1819.373..1819.373 rows=1398720 loops=1)
        Buckets: 131072  Batches: 32  Memory Usage: 2560kB
        ->  Seq Scan on title t  (cost=0.00..73925.90 rows=1415624 width=4) (actual time=0.026..1357.232 rows=1398720 loops=1)
              Filter: ((kind_id > 1) AND (production_year < 2010))
              Rows Removed by Filter: 1129592
Planning time: 0.696 ms
Execution time: 3212.759 ms
