Hash Join  (cost=96651.52..201886.71 rows=611876 width=0) (actual time=1714.097..4057.220 rows=290286 loops=1)
  Hash Cond: (mk.movie_id = t.id)
  ->  Seq Scan on movie_keyword mk  (cost=0.00..81003.12 rows=873859 width=4) (actual time=0.021..1297.662 rows=880189 loops=1)
        Filter: (keyword_id < 833)
        Rows Removed by Filter: 3643741
  ->  Hash  (cost=67604.59..67604.59 rows=1770475 width=4) (actual time=1712.825..1712.825 rows=1774635 loops=1)
        Buckets: 131072  Batches: 32  Memory Usage: 2984kB
        ->  Seq Scan on title t  (cost=0.00..67604.59 rows=1770475 width=4) (actual time=0.030..1125.875 rows=1774635 loops=1)
              Filter: (kind_id > 2)
              Rows Removed by Filter: 753677
Planning time: 0.722 ms
Execution time: 4091.779 ms
