Hash Join  (cost=102767.86..1124011.67 rows=8947239 width=0) (actual time=1722.042..18023.373 rows=3823783 loops=1)
  Hash Cond: (ci.movie_id = t.id)
  ->  Seq Scan on cast_info ci  (cost=0.00..796071.18 rows=8947239 width=4) (actual time=7.454..12504.109 rows=3823783 loops=1)
        Filter: ((person_id < 1356253) AND (role_id > 1))
        Rows Removed by Filter: 32420561
  ->  Hash  (cost=61283.27..61283.27 rows=2528527 width=4) (actual time=1648.911..1648.911 rows=2528312 loops=1)
        Buckets: 131072  Batches: 64  Memory Usage: 2415kB
        ->  Seq Scan on title t  (cost=0.00..61283.27 rows=2528527 width=4) (actual time=0.017..864.058 rows=2528312 loops=1)
Planning time: 0.750 ms
Execution time: 18509.902 ms
