Seq Scan on movie_companies mc  (cost=0.00..57926.93 rows=256739 width=0) (actual time=25.101..792.849 rows=507044 loops=1)
  Filter: ((company_id > 73915) AND (company_type_id > 1))
  Rows Removed by Filter: 2102085
Planning time: 0.319 ms
Execution time: 858.384 ms
