Hash Join  (cost=460665.94..499155.04 rows=130903 width=0) (actual time=7936.767..8994.941 rows=573062 loops=1)
  Hash Cond: (mi_idx.movie_id = t.id)
  ->  Seq Scan on movie_info_idx mi_idx  (cost=0.00..25185.44 rows=915101 width=4) (actual time=0.022..475.151 rows=919850 loops=1)
        Filter: (info_type_id < 101)
        Rows Removed by Filter: 460185
  ->  Hash  (cost=454731.69..454731.69 rows=361700 width=8) (actual time=7935.822..7935.822 rows=304631 loops=1)
        Buckets: 131072  Batches: 8  Memory Usage: 2535kB
        ->  Hash Join  (cost=91959.31..454731.69 rows=361700 width=8) (actual time=6607.247..7844.231 rows=304631 loops=1)
              Hash Cond: (mi.movie_id = t.id)
              ->  Seq Scan on movie_info mi  (cost=0.00..346232.03 rows=616095 width=4) (actual time=4510.627..5204.521 rows=598457 loops=1)
                    Filter: (info_type_id = 15)
                    Rows Removed by Filter: 14237263
              ->  Hash  (cost=67604.59..67604.59 rows=1484458 width=4) (actual time=2029.124..2029.124 rows=1485030 loops=1)
                    Buckets: 131072  Batches: 32  Memory Usage: 2663kB
                    ->  Seq Scan on title t  (cost=0.00..67604.59 rows=1484458 width=4) (actual time=0.027..1282.607 rows=1485030 loops=1)
                          Filter: (production_year > 1998)
                          Rows Removed by Filter: 1043282
Planning time: 1.164 ms
Execution time: 9068.262 ms
