Hash Join  (cost=90717.09..137993.45 rows=558588 width=0) (actual time=1710.383..2793.348 rows=291498 loops=1)
  Hash Cond: (mi_idx.movie_id = t.id)
  ->  Seq Scan on movie_info_idx mi_idx  (cost=0.00..21735.35 rows=1380035 width=4) (actual time=0.016..468.370 rows=1380035 loops=1)
  ->  Hash  (cost=73925.90..73925.90 rows=1023455 width=4) (actual time=1482.661..1482.661 rows=1117981 loops=1)
        Buckets: 131072  Batches: 16  Memory Usage: 3489kB
        ->  Seq Scan on title t  (cost=0.00..73925.90 rows=1023455 width=4) (actual time=337.906..1137.988 rows=1117981 loops=1)
              Filter: ((production_year > 1993) AND (kind_id = 7))
              Rows Removed by Filter: 1410331
Planning time: 0.697 ms
Execution time: 2824.865 ms
