Hash Join  (cost=444753.87..1453982.64 rows=972276 width=0) (actual time=14783.893..30050.987 rows=681376 loops=1)
  Hash Cond: (ci.movie_id = t.id)
  ->  Seq Scan on cast_info ci  (cost=0.00..796071.18 rows=11373383 width=4) (actual time=5851.398..15686.941 rows=12670688 loops=1)
        Filter: ((person_id < 3347400) AND (role_id = 1))
        Rows Removed by Filter: 23573656
  ->  Hash  (cost=441206.92..441206.92 rows=216156 width=8) (actual time=8931.538..8931.538 rows=96983 loops=1)
        Buckets: 131072  Batches: 4  Memory Usage: 1953kB
        ->  Hash Join  (cost=74389.43..441206.92 rows=216156 width=8) (actual time=1087.907..8891.168 rows=96983 loops=1)
              Hash Cond: (mi.movie_id = t.id)
              ->  Seq Scan on movie_info mi  (cost=0.00..309384.22 rows=14739122 width=4) (actual time=0.016..3799.815 rows=14835720 loops=1)
              ->  Hash  (cost=73925.90..73925.90 rows=37082 width=4) (actual time=1087.086..1087.086 rows=41935 loops=1)
                    Buckets: 65536  Batches: 1  Memory Usage: 1987kB
                    ->  Seq Scan on title t  (cost=0.00..73925.90 rows=37082 width=4) (actual time=0.028..1069.793 rows=41935 loops=1)
                          Filter: ((kind_id = 7) AND (production_year = 2002))
                          Rows Removed by Filter: 2486377
Planning time: 1.831 ms
Execution time: 30138.459 ms
