Seq Scan on cast_info ci  (cost=0.00..796071.18 rows=3870045 width=0) (actual time=7041.551..14482.871 rows=4008037 loops=1)
  Filter: ((person_id < 3832098) AND (role_id = 3))
  Rows Removed by Filter: 32236307
Planning time: 0.382 ms
Execution time: 14980.669 ms
