Seq Scan on movie_keyword mk  (cost=0.00..81003.12 rows=246 width=0) (actual time=9.089..1161.780 rows=16 loops=1)
  Filter: (keyword_id = 15697)
  Rows Removed by Filter: 4523914
Planning time: 0.401 ms
Execution time: 1161.881 ms
