Seq Scan on movie_companies mc  (cost=0.00..57926.93 rows=53 width=0) (actual time=489.474..890.332 rows=23 loops=1)
  Filter: ((company_type_id > 1) AND (company_id = 11453))
  Rows Removed by Filter: 2609106
Planning time: 0.321 ms
Execution time: 890.424 ms
