Hash Join  (cost=190230.21..1445360.45 rows=14547604 width=0) (actual time=4114.449..43297.851 rows=27593153 loops=1)
  Hash Cond: (ci.movie_id = t.id)
  ->  Seq Scan on cast_info ci  (cost=0.00..796071.18 rows=26654404 width=4) (actual time=0.028..17859.645 rows=26293719 loops=1)
        Filter: ((person_id > 535947) AND (role_id < 10))
        Rows Removed by Filter: 9950625
  ->  Hash  (cost=167588.78..167588.78 rows=1380035 width=8) (actual time=4112.644..4112.644 rows=1380035 loops=1)
        Buckets: 131072  Batches: 32  Memory Usage: 2708kB
        ->  Hash Join  (cost=102767.86..167588.78 rows=1380035 width=8) (actual time=1840.166..3721.507 rows=1380035 loops=1)
              Hash Cond: (mi_idx.movie_id = t.id)
              ->  Seq Scan on movie_info_idx mi_idx  (cost=0.00..21735.35 rows=1380035 width=4) (actual time=0.016..407.745 rows=1380035 loops=1)
              ->  Hash  (cost=61283.27..61283.27 rows=2528527 width=4) (actual time=1839.080..1839.080 rows=2528312 loops=1)
                    Buckets: 131072  Batches: 64  Memory Usage: 2415kB
                    ->  Seq Scan on title t  (cost=0.00..61283.27 rows=2528527 width=4) (actual time=0.022..995.004 rows=2528312 loops=1)
Planning time: 2.023 ms
Execution time: 46507.149 ms
