Nested Loop  (cost=0.43..83072.90 rows=6 width=0) (actual time=13.119..1170.795 rows=3 loops=1)
  ->  Seq Scan on movie_keyword mk  (cost=0.00..81003.12 rows=246 width=4) (actual time=1.677..1159.480 rows=210 loops=1)
        Filter: (keyword_id = 28455)
        Rows Removed by Filter: 4523720
  ->  Index Scan using title_pkey on title t  (cost=0.43..8.40 rows=1 width=4) (actual time=0.052..0.052 rows=0 loops=210)
        Index Cond: (id = mk.movie_id)
        Filter: ((kind_id < 7) AND (production_year = 2012))
        Rows Removed by Filter: 1
Planning time: 0.748 ms
Execution time: 1170.889 ms
