Seq Scan on cast_info ci  (cost=0.00..705507.15 rows=32153367 width=0) (actual time=0.023..12700.425 rows=32292371 loops=1)
  Filter: (person_id > 378603)
  Rows Removed by Filter: 3951973
Planning time: 0.377 ms
Execution time: 16742.685 ms
