Hash Join  (cost=102767.86..1659241.93 rows=34954272 width=0) (actual time=1837.031..47041.235 rows=34945725 loops=1)
  Hash Cond: (ci.movie_id = t.id)
  ->  Seq Scan on cast_info ci  (cost=0.00..705507.15 rows=34954272 width=4) (actual time=0.027..15735.702 rows=34945725 loops=1)
        Filter: (person_id < 3810990)
        Rows Removed by Filter: 1298619
  ->  Hash  (cost=61283.27..61283.27 rows=2528527 width=4) (actual time=1835.402..1835.402 rows=2528312 loops=1)
        Buckets: 131072  Batches: 64  Memory Usage: 2415kB
        ->  Seq Scan on title t  (cost=0.00..61283.27 rows=2528527 width=4) (actual time=0.018..1001.687 rows=2528312 loops=1)
Planning time: 0.834 ms
Execution time: 51052.247 ms
