Hash Join  (cost=219962.69..1114684.40 rows=4451154 width=0) (actual time=4286.546..27144.522 rows=19576551 loops=1)
  Hash Cond: (ci.movie_id = t.id)
  ->  Seq Scan on cast_info ci  (cost=0.00..705507.15 rows=12203201 width=4) (actual time=0.021..12967.100 rows=12113646 loops=1)
        Filter: (role_id > 3)
        Rows Removed by Filter: 24130698
  ->  Hash  (cost=204831.09..204831.09 rows=922288 width=8) (actual time=4285.325..4285.325 rows=718525 loops=1)
        Buckets: 131072  Batches: 16  Memory Usage: 2851kB
        ->  Hash Join  (cost=88295.76..204831.09 rows=922288 width=8) (actual time=1424.041..4090.873 rows=718525 loops=1)
              Hash Cond: (mk.movie_id = t.id)
              ->  Seq Scan on movie_keyword mk  (cost=0.00..81003.12 rows=1849153 width=4) (actual time=0.024..1447.635 rows=1855003 loops=1)
                    Filter: (keyword_id > 7461)
                    Rows Removed by Filter: 2668927
              ->  Hash  (cost=67604.59..67604.59 rows=1261134 width=4) (actual time=1422.209..1422.209 rows=1260295 loops=1)
                    Buckets: 131072  Batches: 32  Memory Usage: 2421kB
                    ->  Seq Scan on title t  (cost=0.00..67604.59 rows=1261134 width=4) (actual time=0.033..1019.883 rows=1260295 loops=1)
                          Filter: (production_year > 2002)
                          Rows Removed by Filter: 1268017
Planning time: 1.144 ms
Execution time: 29272.431 ms
