Hash Join  (cost=150383.79..284521.90 rows=996107 width=0) (actual time=3143.305..7732.398 rows=3307015 loops=1)
  Hash Cond: (mk.movie_id = t.id)
  ->  Seq Scan on movie_keyword mk  (cost=0.00..69693.30 rows=4523930 width=4) (actual time=0.023..1313.248 rows=4523930 loops=1)
  ->  Hash  (cost=141249.46..141249.46 rows=556747 width=8) (actual time=3142.343..3142.343 rows=505877 loops=1)
        Buckets: 131072  Batches: 8  Memory Usage: 3507kB
        ->  Hash Join  (cost=92735.26..141249.46 rows=556747 width=8) (actual time=1585.108..2980.852 rows=505877 loops=1)
              Hash Cond: (mi_idx.movie_id = t.id)
              ->  Seq Scan on movie_info_idx mi_idx  (cost=0.00..25185.44 rows=919057 width=4) (actual time=0.019..509.053 rows=920110 loops=1)
                    Filter: (info_type_id > 99)
                    Rows Removed by Filter: 459925
              ->  Hash  (cost=67604.59..67604.59 rows=1531734 width=4) (actual time=1584.339..1584.339 rows=1531613 loops=1)
                    Buckets: 131072  Batches: 32  Memory Usage: 2708kB
                    ->  Seq Scan on title t  (cost=0.00..67604.59 rows=1531734 width=4) (actual time=0.024..1095.803 rows=1531613 loops=1)
                          Filter: (production_year > 1997)
                          Rows Removed by Filter: 996699
Planning time: 1.264 ms
Execution time: 8104.095 ms
