Hash Join  (cost=182702.89..223202.23 rows=163586 width=0) (actual time=3729.437..4033.701 rows=11175 loops=1)
  Hash Cond: (mi_idx.movie_id = t.id)
  ->  Seq Scan on movie_info_idx mi_idx  (cost=0.00..21735.35 rows=1380035 width=4) (actual time=0.025..369.626 rows=1380035 loops=1)
  ->  Hash  (cost=177785.32..177785.32 rows=299725 width=8) (actual time=3215.710..3215.710 rows=8370 loops=1)
        Buckets: 131072  Batches: 4  Memory Usage: 1107kB
        ->  Hash Join  (cost=102767.86..177785.32 rows=299725 width=8) (actual time=2251.402..3211.262 rows=8370 loops=1)
              Hash Cond: (mc.movie_id = t.id)
              ->  Seq Scan on movie_companies mc  (cost=0.00..57926.93 rows=299725 width=4) (actual time=201.613..765.913 rows=8370 loops=1)
                    Filter: ((company_id > 63400) AND (company_type_id < 2))
                    Rows Removed by Filter: 2600759
              ->  Hash  (cost=61283.27..61283.27 rows=2528527 width=4) (actual time=2045.932..2045.932 rows=2528312 loops=1)
                    Buckets: 131072  Batches: 64  Memory Usage: 2415kB
                    ->  Seq Scan on title t  (cost=0.00..61283.27 rows=2528527 width=4) (actual time=0.026..961.321 rows=2528312 loops=1)
Planning time: 1.209 ms
Execution time: 4035.260 ms
