Hash Join  (cost=151082.01..1105979.43 rows=455587 width=0) (actual time=3144.893..26151.925 rows=1080824 loops=1)
  Hash Cond: (ci.movie_id = t.id)
  ->  Seq Scan on cast_info ci  (cost=0.00..796071.18 rows=13312899 width=4) (actual time=0.025..16766.705 rows=14342381 loops=1)
        Filter: ((person_id > 614233) AND (role_id > 2))
        Rows Removed by Filter: 21901963
  ->  Hash  (cost=149661.39..149661.39 rows=86530 width=8) (actual time=3143.717..3143.717 rows=177473 loops=1)
        Buckets: 131072 (originally 131072)  Batches: 4 (originally 2)  Memory Usage: 3073kB
        ->  Hash Join  (cost=69090.10..149661.39 rows=86530 width=8) (actual time=1053.457..3077.896 rows=177473 loops=1)
              Hash Cond: (mc.movie_id = t.id)
              ->  Seq Scan on movie_companies mc  (cost=0.00..51404.11 rows=2417033 width=4) (actual time=0.018..1081.676 rows=2417919 loops=1)
                    Filter: (company_id > 49)
                    Rows Removed by Filter: 191210
              ->  Hash  (cost=67604.59..67604.59 rows=90521 width=4) (actual time=1052.633..1052.633 rows=90852 loops=1)
                    Buckets: 131072  Batches: 2  Memory Usage: 2626kB
                    ->  Seq Scan on title t  (cost=0.00..67604.59 rows=90521 width=4) (actual time=0.032..1018.324 rows=90852 loops=1)
                          Filter: (kind_id = 2)
                          Rows Removed by Filter: 2437460
Planning time: 1.206 ms
Execution time: 26289.719 ms
