Hash Join  (cost=280765.41..1639842.92 rows=25569449 width=0) (actual time=6020.337..39458.758 rows=12224589 loops=1)
  Hash Cond: (ci.movie_id = t.id)
  ->  Seq Scan on cast_info ci  (cost=0.00..705507.15 rows=30405364 width=4) (actual time=0.023..15394.945 rows=30511650 loops=1)
        Filter: (role_id < 9)
        Rows Removed by Filter: 5732694
  ->  Hash  (cost=245878.79..245878.79 rows=2126370 width=8) (actual time=6018.929..6018.929 rows=472649 loops=1)
        Buckets: 131072  Batches: 32  Memory Usage: 1592kB
        ->  Hash Join  (cost=92883.59..245878.79 rows=2126370 width=8) (actual time=3425.214..5879.285 rows=472649 loops=1)
              Hash Cond: (mk.movie_id = t.id)
              ->  Seq Scan on movie_keyword mk  (cost=0.00..81003.12 rows=3489475 width=4) (actual time=0.023..1589.856 rows=3483809 loops=1)
                    Filter: (keyword_id < 17044)
                    Rows Removed by Filter: 1040121
              ->  Hash  (cost=67604.59..67604.59 rows=1540800 width=4) (actual time=2351.783..2351.783 rows=1543264 loops=1)
                    Buckets: 131072  Batches: 32  Memory Usage: 2728kB
                    ->  Seq Scan on title t  (cost=0.00..67604.59 rows=1540800 width=4) (actual time=0.027..1143.806 rows=1543264 loops=1)
                          Filter: (kind_id = 7)
                          Rows Removed by Filter: 985048
Planning time: 1.224 ms
Execution time: 40945.436 ms
