Seq Scan on cast_info ci  (cost=0.00..705507.15 rows=7673638 width=0) (actual time=763.548..10128.445 rows=7579387 loops=1)
  Filter: (person_id < 734420)
  Rows Removed by Filter: 28664957
Planning time: 0.331 ms
Execution time: 11060.992 ms
