Hash Join  (cost=468181.47..596900.47 rows=551296 width=0) (actual time=7686.129..13759.463 rows=14183561 loops=1)
  Hash Cond: (mk.movie_id = t.id)
  ->  Seq Scan on movie_keyword mk  (cost=0.00..69693.30 rows=4523930 width=4) (actual time=0.026..1330.720 rows=4523930 loops=1)
  ->  Hash  (cost=463125.82..463125.82 rows=308132 width=8) (actual time=7679.091..7679.091 rows=264934 loops=1)
        Buckets: 131072  Batches: 8  Memory Usage: 2384kB
        ->  Hash Join  (cost=100960.39..463125.82 rows=308132 width=8) (actual time=2695.364..7596.425 rows=264934 loops=1)
              Hash Cond: (mi.movie_id = t.id)
              ->  Seq Scan on movie_info mi  (cost=0.00..346232.03 rows=383217 width=4) (actual time=803.096..4928.501 rows=368218 loops=1)
                    Filter: (info_type_id = 17)
                    Rows Removed by Filter: 14467502
              ->  Hash  (cost=67604.59..67604.59 rows=2033104 width=4) (actual time=1877.181..1877.181 rows=2032439 loops=1)
                    Buckets: 131072  Batches: 32  Memory Usage: 3270kB
                    ->  Seq Scan on title t  (cost=0.00..67604.59 rows=2033104 width=4) (actual time=0.021..1224.163 rows=2032439 loops=1)
                          Filter: (production_year > 1973)
                          Rows Removed by Filter: 495873
Planning time: 1.225 ms
Execution time: 15125.740 ms
