Seq Scan on cast_info ci  (cost=0.00..705507.15 rows=31269897 width=0) (actual time=341.029..12706.378 rows=31410501 loops=1)
  Filter: (person_id > 469580)
  Rows Removed by Filter: 4833843
Planning time: 0.350 ms
Execution time: 16581.565 ms
