Hash Join  (cost=74323.94..169149.11 rows=44910 width=0) (actual time=2668.766..3047.682 rows=10658 loops=1)
  Hash Cond: (mk.movie_id = t.id)
  ->  Seq Scan on movie_keyword mk  (cost=0.00..81003.12 rows=3566118 width=4) (actual time=0.021..1419.613 rows=3562945 loops=1)
        Filter: (keyword_id > 902)
        Rows Removed by Filter: 960985
  ->  Hash  (cost=73925.90..73925.90 rows=31843 width=4) (actual time=1083.114..1083.114 rows=35656 loops=1)
        Buckets: 65536 (originally 32768)  Batches: 1 (originally 1)  Memory Usage: 1766kB
        ->  Seq Scan on title t  (cost=0.00..73925.90 rows=31843 width=4) (actual time=0.010..1067.281 rows=35656 loops=1)
              Filter: ((kind_id = 7) AND (production_year = 2000))
              Rows Removed by Filter: 2492656
Planning time: 0.878 ms
Execution time: 3049.049 ms
