Hash Join  (cost=658142.07..2150570.89 rows=40985601 width=0) (actual time=15127.378..73306.015 rows=111203967 loops=1)
  Hash Cond: (ci.movie_id = t.id)
  ->  Seq Scan on cast_info ci  (cost=0.00..705507.15 rows=23499554 width=4) (actual time=0.015..16197.103 rows=23573656 loops=1)
        Filter: (role_id > 1)
        Rows Removed by Filter: 12670688
  ->  Hash  (cost=585789.99..585789.99 rows=4410007 width=8) (actual time=15125.641..15125.641 rows=3796445 loops=1)
        Buckets: 131072  Batches: 64  Memory Usage: 3315kB
        ->  Hash Join  (cost=88295.76..585789.99 rows=4410007 width=8) (actual time=2647.267..14052.308 rows=3796445 loops=1)
              Hash Cond: (mi.movie_id = t.id)
              ->  Seq Scan on movie_info mi  (cost=0.00..346232.03 rows=8841901 width=4) (actual time=607.622..6354.810 rows=8950757 loops=1)
                    Filter: (info_type_id > 6)
                    Rows Removed by Filter: 5884963
              ->  Hash  (cost=67604.59..67604.59 rows=1261134 width=4) (actual time=2038.775..2038.775 rows=1260295 loops=1)
                    Buckets: 131072  Batches: 32  Memory Usage: 2420kB
                    ->  Seq Scan on title t  (cost=0.00..67604.59 rows=1261134 width=4) (actual time=0.030..1245.040 rows=1260295 loops=1)
                          Filter: (production_year > 2002)
                          Rows Removed by Filter: 1268017
Planning time: 1.596 ms
Execution time: 86032.811 ms
