Hash Join  (cost=177440.27..1242360.22 rows=943283 width=0) (actual time=2992.317..27406.396 rows=391535 loops=1)
  Hash Cond: (ci.movie_id = t.id)
  ->  Seq Scan on cast_info ci  (cost=0.00..796071.18 rows=22399994 width=4) (actual time=0.019..16916.798 rows=23115360 loops=1)
        Filter: ((person_id > 161602) AND (role_id > 1))
        Rows Removed by Filter: 13128984
  ->  Hash  (cost=175693.30..175693.30 rows=106478 width=8) (actual time=2991.536..2991.536 rows=26467 loops=1)
        Buckets: 131072  Batches: 2  Memory Usage: 1546kB
        ->  Hash Join  (cost=86573.65..175693.30 rows=106478 width=8) (actual time=1701.885..2980.997 rows=26467 loops=1)
              Hash Cond: (mk.movie_id = t.id)
              ->  Seq Scan on movie_keyword mk  (cost=0.00..81003.12 rows=349264 width=4) (actual time=0.403..1251.445 rows=363692 loops=1)
                    Filter: (keyword_id < 335)
                    Rows Removed by Filter: 4160238
              ->  Hash  (cost=73925.90..73925.90 rows=770860 width=4) (actual time=1431.032..1431.032 rows=682281 loops=1)
                    Buckets: 131072  Batches: 16  Memory Usage: 2528kB
                    ->  Seq Scan on title t  (cost=0.00..73925.90 rows=770860 width=4) (actual time=0.018..1209.940 rows=682281 loops=1)
                          Filter: ((production_year < 2004) AND (kind_id = 7))
                          Rows Removed by Filter: 1846031
Planning time: 1.210 ms
Execution time: 27459.966 ms
