Hash Join  (cost=28268.73..82935.91 rows=166 width=0) (actual time=388.519..1344.172 rows=1590 loops=1)
  Hash Cond: (mc.movie_id = t.id)
  ->  Seq Scan on movie_companies mc  (cost=0.00..44881.29 rows=2609129 width=4) (actual time=0.012..519.775 rows=2609129 loops=1)
  ->  Hash  (cost=28266.72..28266.72 rows=161 width=8) (actual time=371.565..371.565 rows=49 loops=1)
        Buckets: 1024  Batches: 1  Memory Usage: 10kB
        ->  Nested Loop  (cost=0.43..28266.72 rows=161 width=8) (actual time=222.749..371.519 rows=49 loops=1)
              ->  Seq Scan on movie_info_idx mi_idx  (cost=0.00..25185.44 rows=368 width=4) (actual time=222.591..367.274 rows=260 loops=1)
                    Filter: (info_type_id > 101)
                    Rows Removed by Filter: 1379775
              ->  Index Scan using title_pkey on title t  (cost=0.43..8.36 rows=1 width=4) (actual time=0.016..0.016 rows=0 loops=260)
                    Index Cond: (id = mi_idx.movie_id)
                    Filter: (production_year > 2004)
                    Rows Removed by Filter: 1
Planning time: 1.177 ms
Execution time: 1344.532 ms
