Hash Join  (cost=174403.47..996598.16 rows=446799 width=0) (actual time=9895.672..21239.970 rows=1230421 loops=1)
  Hash Cond: (ci.movie_id = t.id)
  ->  Seq Scan on cast_info ci  (cost=0.00..796071.18 rows=1640137 width=4) (actual time=5395.881..15357.010 rows=1613039 loops=1)
        Filter: ((person_id > 191456) AND (role_id = 8))
        Rows Removed by Filter: 34631305
  ->  Hash  (cost=163102.35..163102.35 rows=688810 width=8) (actual time=4498.252..4498.252 rows=1307690 loops=1)
        Buckets: 131072 (originally 131072)  Batches: 32 (originally 16)  Memory Usage: 3073kB
        ->  Hash Join  (cost=78556.72..163102.35 rows=688810 width=8) (actual time=1441.213..4083.019 rows=1307690 loops=1)
              Hash Cond: (mc.movie_id = t.id)
              ->  Seq Scan on movie_companies mc  (cost=0.00..44881.29 rows=2609129 width=4) (actual time=0.025..862.132 rows=2609129 loops=1)
              ->  Hash  (cost=67604.59..67604.59 rows=667531 width=4) (actual time=1337.209..1337.209 rows=662825 loops=1)
                    Buckets: 131072  Batches: 16  Memory Usage: 2476kB
                    ->  Seq Scan on title t  (cost=0.00..67604.59 rows=667531 width=4) (actual time=0.024..1132.942 rows=662825 loops=1)
                          Filter: (kind_id = 1)
                          Rows Removed by Filter: 1865487
Planning time: 0.782 ms
Execution time: 21391.778 ms
