Hash Join  (cost=71711.64..1142356.13 rows=3586333 width=0) (actual time=1266.214..31374.203 rows=2564474 loops=1)
  Hash Cond: (ci.movie_id = t.id)
  ->  Seq Scan on cast_info ci  (cost=0.00..614943.12 rows=36225612 width=4) (actual time=0.020..12897.929 rows=36244344 loops=1)
  ->  Hash  (cost=67604.59..67604.59 rows=250324 width=4) (actual time=1265.475..1265.475 rows=252521 loops=1)
        Buckets: 131072  Batches: 4  Memory Usage: 3244kB
        ->  Seq Scan on title t  (cost=0.00..67604.59 rows=250324 width=4) (actual time=0.031..1180.374 rows=252521 loops=1)
              Filter: (production_year < 1961)
              Rows Removed by Filter: 2275791
Planning time: 0.714 ms
Execution time: 31672.872 ms
