Hash Join  (cost=102767.86..196552.81 rows=1079632 width=0) (actual time=2213.792..4708.195 rows=1203201 loops=1)
  Hash Cond: (mc.movie_id = t.id)
  ->  Seq Scan on movie_companies mc  (cost=0.00..57926.93 rows=1079632 width=4) (actual time=0.024..1179.531 rows=1203201 loops=1)
        Filter: ((company_id > 424) AND (company_type_id = 2))
        Rows Removed by Filter: 1405928
  ->  Hash  (cost=61283.27..61283.27 rows=2528527 width=4) (actual time=2212.073..2212.073 rows=2528312 loops=1)
        Buckets: 131072  Batches: 64  Memory Usage: 2415kB
        ->  Seq Scan on title t  (cost=0.00..61283.27 rows=2528527 width=4) (actual time=0.021..1018.932 rows=2528312 loops=1)
Planning time: 0.787 ms
Execution time: 4843.043 ms
