Seq Scan on movie_keyword mk  (cost=0.00..81003.12 rows=246 width=0) (actual time=9.094..1166.230 rows=200 loops=1)
  Filter: (keyword_id = 16213)
  Rows Removed by Filter: 4523730
Planning time: 0.405 ms
Execution time: 1166.413 ms
