Hash Join  (cost=210770.66..773694.04 rows=7789646 width=0) (actual time=4557.724..24917.656 rows=32341105 loops=1)
  Hash Cond: (mi.movie_id = t.id)
  ->  Seq Scan on movie_info mi  (cost=0.00..309384.22 rows=14739122 width=4) (actual time=0.015..5479.409 rows=14835720 loops=1)
  ->  Hash  (cost=188845.53..188845.53 rows=1336330 width=8) (actual time=4556.554..4556.554 rows=1132634 loops=1)
        Buckets: 131072  Batches: 32  Memory Usage: 2436kB
        ->  Hash Join  (cost=91959.31..188845.53 rows=1336330 width=8) (actual time=1658.925..4272.239 rows=1132634 loops=1)
              Hash Cond: (mc.movie_id = t.id)
              ->  Seq Scan on movie_companies mc  (cost=0.00..51404.11 rows=2276215 width=4) (actual time=0.020..1065.362 rows=2280116 loops=1)
                    Filter: (company_id > 160)
                    Rows Removed by Filter: 329013
              ->  Hash  (cost=67604.59..67604.59 rows=1484458 width=4) (actual time=1657.462..1657.462 rows=1485030 loops=1)
                    Buckets: 131072  Batches: 32  Memory Usage: 2655kB
                    ->  Seq Scan on title t  (cost=0.00..67604.59 rows=1484458 width=4) (actual time=0.014..1172.140 rows=1485030 loops=1)
                          Filter: (production_year > 1998)
                          Rows Removed by Filter: 1043282
Planning time: 1.221 ms
Execution time: 28353.769 ms
