Hash Join  (cost=82863.28..116549.71 rows=100087 width=0) (actual time=1347.782..2206.531 rows=152715 loops=1)
  Hash Cond: (mi_idx.movie_id = t.id)
  ->  Seq Scan on movie_info_idx mi_idx  (cost=0.00..25185.44 rows=464566 width=4) (actual time=0.021..496.615 rows=459925 loops=1)
        Filter: (info_type_id = 101)
        Rows Removed by Filter: 920110
  ->  Hash  (cost=73925.90..73925.90 rows=544750 width=4) (actual time=1346.962..1346.962 rows=420664 loops=1)
        Buckets: 131072  Batches: 8  Memory Usage: 2882kB
        ->  Seq Scan on title t  (cost=0.00..73925.90 rows=544750 width=4) (actual time=624.771..1218.031 rows=420664 loops=1)
              Filter: ((production_year > 1971) AND (kind_id = 1))
              Rows Removed by Filter: 2107648
Planning time: 0.732 ms
Execution time: 2225.574 ms
