Hash Join  (cost=141257.78..273283.41 rows=822659 width=0) (actual time=3361.746..7937.748 rows=4762537 loops=1)
  Hash Cond: (mk.movie_id = t.id)
  ->  Seq Scan on movie_keyword mk  (cost=0.00..69693.30 rows=4523930 width=4) (actual time=0.022..1436.392 rows=4523930 loops=1)
  ->  Hash  (cost=133713.24..133713.24 rows=459803 width=8) (actual time=3360.929..3360.929 rows=560155 loops=1)
        Buckets: 131072  Batches: 8  Memory Usage: 3787kB
        ->  Hash Join  (cost=88359.31..133713.24 rows=459803 width=8) (actual time=1733.242..3180.679 rows=560155 loops=1)
              Hash Cond: (mi_idx.movie_id = t.id)
              ->  Seq Scan on movie_info_idx mi_idx  (cost=0.00..25185.44 rows=919057 width=4) (actual time=0.021..562.914 rows=920110 loops=1)
                    Filter: (info_type_id > 99)
                    Rows Removed by Filter: 459925
              ->  Hash  (cost=67604.59..67604.59 rows=1265018 width=4) (actual time=1732.488..1732.488 rows=1263700 loops=1)
                    Buckets: 131072  Batches: 32  Memory Usage: 2410kB
                    ->  Seq Scan on title t  (cost=0.00..67604.59 rows=1265018 width=4) (actual time=0.017..1310.946 rows=1263700 loops=1)
                          Filter: (production_year < 2004)
                          Rows Removed by Filter: 1264612
Planning time: 1.086 ms
Execution time: 8510.605 ms
