Hash Join  (cost=120115.59..244579.83 rows=202021 width=0) (actual time=2413.736..5969.801 rows=1524289 loops=1)
  Hash Cond: (mk.movie_id = t.id)
  ->  Seq Scan on movie_keyword mk  (cost=0.00..69693.30 rows=4523930 width=4) (actual time=0.014..1484.850 rows=4523930 loops=1)
  ->  Hash  (cost=118262.16..118262.16 rows=112914 width=8) (actual time=2412.902..2412.902 rows=178038 loops=1)
        Buckets: 131072 (originally 131072)  Batches: 4 (originally 2)  Memory Usage: 3073kB
        ->  Hash Join  (cost=84240.62..118262.16 rows=112914 width=8) (actual time=1464.410..2346.917 rows=178038 loops=1)
              Hash Cond: (mi_idx.movie_id = t.id)
              ->  Seq Scan on movie_info_idx mi_idx  (cost=0.00..25185.44 rows=454124 width=4) (actual time=0.026..512.837 rows=459925 loops=1)
                    Filter: (info_type_id = 100)
                    Rows Removed by Filter: 920110
              ->  Hash  (cost=73925.90..73925.90 rows=628697 width=4) (actual time=1463.508..1463.508 rows=532584 loops=1)
                    Buckets: 131072  Batches: 16  Memory Usage: 2188kB
                    ->  Seq Scan on title t  (cost=0.00..73925.90 rows=628697 width=4) (actual time=0.022..1297.921 rows=532584 loops=1)
                          Filter: ((kind_id < 7) AND (production_year > 1995))
                          Rows Removed by Filter: 1995728
Planning time: 1.120 ms
Execution time: 6150.980 ms
