Hash Join  (cost=91132.79..181101.55 rows=1082223 width=0) (actual time=1857.511..4496.935 rows=434817 loops=1)
  Hash Cond: (mc.movie_id = t.id)
  ->  Seq Scan on movie_companies mc  (cost=0.00..44881.29 rows=2609129 width=4) (actual time=0.025..915.107 rows=2609129 loops=1)
  ->  Hash  (cost=73925.90..73925.90 rows=1048791 width=4) (actual time=1856.216..1856.216 rows=1142131 loops=1)
        Buckets: 131072  Batches: 16  Memory Usage: 3543kB
        ->  Seq Scan on title t  (cost=0.00..73925.90 rows=1048791 width=4) (actual time=0.013..1495.548 rows=1142131 loops=1)
              Filter: ((kind_id > 4) AND (production_year > 1992))
              Rows Removed by Filter: 1386181
Planning time: 0.793 ms
Execution time: 4539.333 ms
