Hash Join  (cost=94978.31..898838.85 rows=43201 width=0) (actual time=7852.801..13844.010 rows=222889 loops=1)
  Hash Cond: (ci.movie_id = t.id)
  ->  Seq Scan on cast_info ci  (cost=0.00..796071.18 rows=65470 width=4) (actual time=5903.493..11351.555 rows=409072 loops=1)
        Filter: ((person_id > 3951359) AND (role_id = 10))
        Rows Removed by Filter: 35835272
  ->  Hash  (cost=67604.59..67604.59 rows=1668458 width=4) (actual time=1947.770..1947.770 rows=1671292 loops=1)
        Buckets: 131072  Batches: 32  Memory Usage: 2858kB
        ->  Seq Scan on title t  (cost=0.00..67604.59 rows=1668458 width=4) (actual time=0.026..1409.083 rows=1671292 loops=1)
              Filter: (production_year < 2008)
              Rows Removed by Filter: 857020
Planning time: 3.495 ms
Execution time: 13870.538 ms
