Nested Loop  (cost=0.43..52283.69 rows=104 width=0) (actual time=54.410..899.476 rows=1592 loops=1)
  ->  Seq Scan on movie_companies mc  (cost=0.00..51404.11 rows=104 width=4) (actual time=54.322..841.387 rows=1592 loops=1)
        Filter: (company_id = 689)
        Rows Removed by Filter: 2607537
  ->  Index Only Scan using title_pkey on title t  (cost=0.43..8.45 rows=1 width=4) (actual time=0.035..0.036 rows=1 loops=1592)
        Index Cond: (id = mc.movie_id)
        Heap Fetches: 1592
Planning time: 0.701 ms
Execution time: 899.978 ms
