Hash Join  (cost=141953.15..651412.48 rows=2779040 width=0) (actual time=2911.103..16406.898 rows=1842810 loops=1)
  Hash Cond: (mi.movie_id = t.id)
  ->  Seq Scan on movie_info mi  (cost=0.00..309384.22 rows=14739122 width=4) (actual time=0.019..5724.582 rows=14835720 loops=1)
  ->  Hash  (cost=134130.77..134130.77 rows=476750 width=8) (actual time=2890.093..2890.093 rows=237921 loops=1)
        Buckets: 131072  Batches: 8  Memory Usage: 2182kB
        ->  Hash Join  (cost=88257.79..134130.77 rows=476750 width=8) (actual time=1745.284..2820.016 rows=237921 loops=1)
              Hash Cond: (mi_idx.movie_id = t.id)
              ->  Seq Scan on movie_info_idx mi_idx  (cost=0.00..21735.35 rows=1380035 width=4) (actual time=0.021..470.248 rows=1380035 loops=1)
              ->  Hash  (cost=73925.90..73925.90 rows=873511 width=4) (actual time=1522.663..1522.663 rows=957299 loops=1)
                    Buckets: 131072  Batches: 16  Memory Usage: 3134kB
                    ->  Seq Scan on title t  (cost=0.00..73925.90 rows=873511 width=4) (actual time=0.024..1229.057 rows=957299 loops=1)
                          Filter: ((production_year > 1999) AND (kind_id = 7))
                          Rows Removed by Filter: 1571013
Planning time: 1.178 ms
Execution time: 16608.577 ms
