Hash Join  (cost=97066.09..914179.07 rows=500152 width=0) (actual time=6357.850..13396.491 rows=296063 loops=1)
  Hash Cond: (ci.movie_id = t.id)
  ->  Seq Scan on cast_info ci  (cost=0.00..796071.18 rows=704257 width=4) (actual time=4372.676..10812.374 rows=420279 loops=1)
        Filter: ((person_id < 150378) AND (role_id > 2))
        Rows Removed by Filter: 35824065
  ->  Hash  (cost=67604.59..67604.59 rows=1795720 width=4) (actual time=1984.116..1984.116 rows=1794153 loops=1)
        Buckets: 131072  Batches: 32  Memory Usage: 2992kB
        ->  Seq Scan on title t  (cost=0.00..67604.59 rows=1795720 width=4) (actual time=0.029..1361.762 rows=1794153 loops=1)
              Filter: (production_year < 2009)
              Rows Removed by Filter: 734159
Planning time: 3.384 ms
Execution time: 13433.806 ms
