Hash Join  (cost=154009.14..208788.32 rows=11366 width=0) (actual time=2929.363..4142.763 rows=40736 loops=1)
  Hash Cond: (mc.movie_id = t.id)
  ->  Seq Scan on movie_companies mc  (cost=0.00..44881.29 rows=2609129 width=4) (actual time=0.020..688.159 rows=2609129 loops=1)
  ->  Hash  (cost=153871.45..153871.45 rows=11015 width=8) (actual time=2929.045..2929.045 rows=5457 loops=1)
        Buckets: 16384  Batches: 1  Memory Usage: 342kB
        ->  Hash Join  (cost=69928.56..153871.45 rows=11015 width=8) (actual time=1113.036..2926.900 rows=5457 loops=1)
              Hash Cond: (mk.movie_id = t.id)
              ->  Seq Scan on movie_keyword mk  (cost=0.00..81003.12 rows=196696 width=4) (actual time=0.025..1402.617 rows=216760 loops=1)
                    Filter: (keyword_id < 143)
                    Rows Removed by Filter: 4307170
              ->  Hash  (cost=67604.59..67604.59 rows=141598 width=4) (actual time=1112.247..1112.247 rows=141703 loops=1)
                    Buckets: 131072  Batches: 2  Memory Usage: 3517kB
                    ->  Seq Scan on title t  (cost=0.00..67604.59 rows=141598 width=4) (actual time=0.028..1055.070 rows=141703 loops=1)
                          Filter: (production_year = 2010)
                          Rows Removed by Filter: 2386609
Planning time: 3.343 ms
Execution time: 4148.455 ms
