Hash Join  (cost=216772.71..749334.78 rows=3217522 width=0) (actual time=4875.151..26314.374 rows=39674522 loops=1)
  Hash Cond: (mi.movie_id = t.id)
  ->  Seq Scan on movie_info mi  (cost=0.00..309384.22 rows=14739122 width=4) (actual time=0.007..6199.003 rows=14835720 loops=1)
  ->  Hash  (cost=207716.05..207716.05 rows=551973 width=8) (actual time=4871.711..4871.711 rows=667415 loops=1)
        Buckets: 131072 (originally 131072)  Batches: 16 (originally 8)  Memory Usage: 3073kB
        ->  Hash Join  (cost=78988.28..207716.05 rows=551973 width=8) (actual time=1307.948..4687.462 rows=667415 loops=1)
              Hash Cond: (mk.movie_id = t.id)
              ->  Seq Scan on movie_keyword mk  (cost=0.00..69693.30 rows=4523930 width=4) (actual time=0.016..1499.469 rows=4523930 loops=1)
              ->  Hash  (cost=73925.90..73925.90 rows=308510 width=4) (actual time=1306.510..1306.510 rows=266599 loops=1)
                    Buckets: 131072  Batches: 8  Memory Usage: 2198kB
                    ->  Seq Scan on title t  (cost=0.00..73925.90 rows=308510 width=4) (actual time=0.048..1219.699 rows=266599 loops=1)
                          Filter: ((kind_id < 7) AND (production_year > 2007))
                          Rows Removed by Filter: 2261713
Planning time: 1.135 ms
Execution time: 30552.656 ms
