Seq Scan on movie_companies mc  (cost=0.00..57926.93 rows=1166043 width=0) (actual time=335.276..1077.089 rows=1008327 loops=1)
  Filter: ((company_id < 91361) AND (company_type_id = 2))
  Rows Removed by Filter: 1600802
Planning time: 0.303 ms
Execution time: 1179.759 ms
