Hash Join  (cost=85435.26..205132.62 rows=695710 width=0) (actual time=1565.865..4855.073 rows=1831982 loops=1)
  Hash Cond: (mk.movie_id = t.id)
  ->  Seq Scan on movie_keyword mk  (cost=0.00..81003.12 rows=2507772 width=4) (actual time=0.021..1626.676 rows=2502815 loops=1)
        Filter: (keyword_id > 3617)
        Rows Removed by Filter: 2021115
  ->  Hash  (cost=73925.90..73925.90 rows=701468 width=4) (actual time=1565.039..1565.039 rows=749931 loops=1)
        Buckets: 131072  Batches: 16  Memory Usage: 2682kB
        ->  Seq Scan on title t  (cost=0.00..73925.90 rows=701468 width=4) (actual time=0.026..1316.822 rows=749931 loops=1)
              Filter: ((kind_id < 7) AND (production_year < 2009))
              Rows Removed by Filter: 1778381
Planning time: 1.484 ms
Execution time: 5062.735 ms
