Hash Join  (cost=79690.18..209350.56 rows=628534 width=0) (actual time=2253.617..4699.117 rows=120025 loops=1)
  Hash Cond: (mk.movie_id = t.id)
  ->  Seq Scan on movie_keyword mk  (cost=0.00..69693.30 rows=4523930 width=4) (actual time=0.019..1578.186 rows=4523930 loops=1)
  ->  Hash  (cost=73925.90..73925.90 rows=351302 width=4) (actual time=1269.469..1269.469 rows=233910 loops=1)
        Buckets: 131072  Batches: 8  Memory Usage: 2045kB
        ->  Seq Scan on title t  (cost=0.00..73925.90 rows=351302 width=4) (actual time=76.537..1188.453 rows=233910 loops=1)
              Filter: ((production_year < 1984) AND (kind_id = 7))
              Rows Removed by Filter: 2294402
Planning time: 0.783 ms
Execution time: 4713.863 ms
