Seq Scan on cast_info ci  (cost=0.00..796071.18 rows=13674491 width=0) (actual time=0.052..14818.639 rows=16037397 loops=1)
  Filter: ((person_id < 1830910) AND (role_id < 5))
  Rows Removed by Filter: 20206947
Planning time: 0.365 ms
Execution time: 16721.274 ms
