Seq Scan on movie_keyword mk  (cost=0.00..81003.12 rows=621036 width=0) (actual time=0.017..1367.264 rows=620636 loops=1)
  Filter: (keyword_id > 29382)
  Rows Removed by Filter: 3903294
Planning time: 0.335 ms
Execution time: 1446.466 ms
