Nested Loop  (cost=0.43..132162.07 rows=3319 width=0) (actual time=0.108..1511.467 rows=6090 loops=1)
  ->  Seq Scan on movie_keyword mk  (cost=0.00..81003.12 rows=7389 width=4) (actual time=0.044..1248.330 rows=9638 loops=1)
        Filter: (keyword_id = 236)
        Rows Removed by Filter: 4514292
  ->  Index Scan using title_pkey on title t  (cost=0.43..6.91 rows=1 width=4) (actual time=0.026..0.027 rows=1 loops=9638)
        Index Cond: (id = mk.movie_id)
        Filter: (production_year < 2002)
        Rows Removed by Filter: 0
Planning time: 0.762 ms
Execution time: 1513.376 ms
