Seq Scan on movie_companies mc  (cost=0.00..51404.11 rows=104 width=0) (actual time=581.236..698.831 rows=1 loops=1)
  Filter: (company_id = 100344)
  Rows Removed by Filter: 2609128
Planning time: 0.825 ms
Execution time: 698.903 ms
