Hash Join  (cost=378589.61..1496652.31 rows=8190207 width=176) (actual time=9574.075..51739.780 rows=29013168 loops=1)
  Hash Cond: (ci.movie_id = t.id)
  ->  Seq Scan on cast_info ci  (cost=0.00..796071.18 rows=7937193 width=42) (actual time=0.024..16599.375 rows=12319509 loops=1)
        Filter: ((person_id > 2453800) AND (role_id > 1))
        Rows Removed by Filter: 23924835
  ->  Hash  (cost=295015.49..295015.49 rows=2609129 width=134) (actual time=9571.427..9571.427 rows=2609129 loops=1)
        Buckets: 32768  Batches: 128  Memory Usage: 3084kB
        ->  Hash Join  (cost=129928.86..295015.49 rows=2609129 width=134) (actual time=2399.882..7954.290 rows=2609129 loops=1)
              Hash Cond: (mc.movie_id = t.id)
              ->  Seq Scan on movie_companies mc  (cost=0.00..44881.29 rows=2609129 width=40) (actual time=0.017..956.244 rows=2609129 loops=1)
              ->  Hash  (cost=61283.27..61283.27 rows=2528527 width=94) (actual time=2398.477..2398.477 rows=2528312 loops=1)
                    Buckets: 32768  Batches: 128  Memory Usage: 2453kB
                    ->  Seq Scan on title t  (cost=0.00..61283.27 rows=2528527 width=94) (actual time=0.004..1124.009 rows=2528312 loops=1)
Planning time: 1.477 ms
Execution time: 53384.437 ms
