Hash Join  (cost=102767.86..271650.46 rows=3241568 width=0) (actual time=2005.668..6539.780 rows=3227858 loops=1)
  Hash Cond: (mk.movie_id = t.id)
  ->  Seq Scan on movie_keyword mk  (cost=0.00..81003.12 rows=3241568 width=4) (actual time=0.026..1709.596 rows=3227858 loops=1)
        Filter: (keyword_id > 1681)
        Rows Removed by Filter: 1296072
  ->  Hash  (cost=61283.27..61283.27 rows=2528527 width=4) (actual time=2004.165..2004.165 rows=2528312 loops=1)
        Buckets: 131072  Batches: 64  Memory Usage: 2425kB
        ->  Seq Scan on title t  (cost=0.00..61283.27 rows=2528527 width=4) (actual time=0.020..1120.683 rows=2528312 loops=1)
Planning time: 0.747 ms
Execution time: 6928.984 ms
