Seq Scan on movie_companies mc  (cost=0.00..57926.93 rows=2516 width=0) (actual time=0.168..819.307 rows=4496 loops=1)
  Filter: ((company_id = 52) AND (company_type_id = 1))
  Rows Removed by Filter: 2604633
Planning time: 0.407 ms
Execution time: 820.214 ms
