Hash Join  (cost=165780.19..972595.88 rows=51064 width=0) (actual time=15006.149..19654.789 rows=98660 loops=1)
  Hash Cond: (ci.movie_id = t.id)
  ->  Seq Scan on cast_info ci  (cost=0.00..796071.18 rows=2729033 width=4) (actual time=11982.579..15843.036 rows=2723411 loops=1)
        Filter: ((person_id > 8272) AND (role_id = 4))
        Rows Removed by Filter: 33520933
  ->  Hash  (cost=165188.79..165188.79 rows=47312 width=8) (actual time=3022.986..3022.986 rows=47252 loops=1)
        Buckets: 65536  Batches: 1  Memory Usage: 2358kB
        ->  Hash Join  (cost=102767.86..165188.79 rows=47312 width=8) (actual time=1810.462..3007.065 rows=47252 loops=1)
              Hash Cond: (mc.movie_id = t.id)
              ->  Seq Scan on movie_companies mc  (cost=0.00..51404.11 rows=47312 width=4) (actual time=0.412..741.690 rows=47252 loops=1)
                    Filter: (company_id = 19)
                    Rows Removed by Filter: 2561877
              ->  Hash  (cost=61283.27..61283.27 rows=2528527 width=4) (actual time=1809.058..1809.058 rows=2528312 loops=1)
                    Buckets: 131072  Batches: 64  Memory Usage: 2415kB
                    ->  Seq Scan on title t  (cost=0.00..61283.27 rows=2528527 width=4) (actual time=0.017..1020.373 rows=2528312 loops=1)
Planning time: 2.782 ms
Execution time: 19668.511 ms
