Nested Loop  (cost=0.43..709673.15 rows=355 width=0) (actual time=554.933..9366.432 rows=1 loops=1)
  ->  Seq Scan on cast_info ci  (cost=0.00..705507.15 rows=500 width=4) (actual time=554.871..9366.230 rows=5 loops=1)
        Filter: (person_id = 2711638)
        Rows Removed by Filter: 36244339
  ->  Index Scan using title_pkey on title t  (cost=0.43..8.32 rows=1 width=4) (actual time=0.036..0.037 rows=0 loops=5)
        Index Cond: (id = ci.movie_id)
        Filter: (production_year < 2009)
        Rows Removed by Filter: 1
Planning time: 0.793 ms
Execution time: 9366.552 ms
