Seq Scan on cast_info ci  (cost=0.00..705507.15 rows=20876191 width=0) (actual time=0.021..12804.615 rows=20754429 loops=1)
  Filter: (person_id < 2090549)
  Rows Removed by Filter: 15489915
Planning time: 0.370 ms
Execution time: 15419.651 ms
