Seq Scan on cast_info ci  (cost=0.00..705507.15 rows=31605637 width=0) (actual time=0.017..13481.162 rows=31732821 loops=1)
  Filter: (person_id > 435568)
  Rows Removed by Filter: 4511523
Planning time: 0.353 ms
Execution time: 17322.456 ms
