Hash Join  (cost=69928.56..1095811.31 rows=1059060 width=0) (actual time=2865.020..24870.044 rows=1115356 loops=1)
  Hash Cond: (ci.movie_id = t.id)
  ->  Seq Scan on cast_info ci  (cost=0.00..796071.18 rows=18911726 width=4) (actual time=1240.671..16189.522 rows=17738608 loops=1)
        Filter: ((person_id > 1116046) AND (role_id < 6))
        Rows Removed by Filter: 18505736
  ->  Hash  (cost=67604.59..67604.59 rows=141598 width=4) (actual time=1097.750..1097.750 rows=141703 loops=1)
        Buckets: 131072  Batches: 2  Memory Usage: 3511kB
        ->  Seq Scan on title t  (cost=0.00..67604.59 rows=141598 width=4) (actual time=0.029..911.888 rows=141703 loops=1)
              Filter: (production_year = 2010)
              Rows Removed by Filter: 2386609
Planning time: 0.789 ms
Execution time: 25003.504 ms
