Hash Join  (cost=102767.86..180752.23 rows=694047 width=0) (actual time=1882.137..3626.930 rows=684605 loops=1)
  Hash Cond: (mc.movie_id = t.id)
  ->  Seq Scan on movie_companies mc  (cost=0.00..51404.11 rows=694047 width=4) (actual time=0.028..920.736 rows=684605 loops=1)
        Filter: (company_id < 1210)
        Rows Removed by Filter: 1924524
  ->  Hash  (cost=61283.27..61283.27 rows=2528527 width=4) (actual time=1880.598..1880.598 rows=2528312 loops=1)
        Buckets: 131072  Batches: 64  Memory Usage: 2415kB
        ->  Seq Scan on title t  (cost=0.00..61283.27 rows=2528527 width=4) (actual time=0.021..1047.542 rows=2528312 loops=1)
Planning time: 0.756 ms
Execution time: 3692.043 ms
