Hash Join  (cost=122535.74..215528.90 rows=9626 width=0) (actual time=2294.684..4506.241 rows=291828 loops=1)
  Hash Cond: (mk.movie_id = t.id)
  ->  Seq Scan on movie_keyword mk  (cost=0.00..81003.12 rows=3171673 width=4) (actual time=0.018..1629.205 rows=3155572 loops=1)
        Filter: (keyword_id > 1799)
        Rows Removed by Filter: 1368358
  ->  Hash  (cost=122439.81..122439.81 rows=7674 width=8) (actual time=2294.445..2294.445 rows=25001 loops=1)
        Buckets: 32768 (originally 8192)  Batches: 1 (originally 1)  Memory Usage: 1233kB
        ->  Hash Join  (cost=67697.55..122439.81 rows=7674 width=8) (actual time=916.208..2283.929 rows=25001 loops=1)
              Hash Cond: (mc.movie_id = t.id)
              ->  Seq Scan on movie_companies mc  (cost=0.00..44881.29 rows=2609129 width=4) (actual time=0.020..699.205 rows=2609129 loops=1)
              ->  Hash  (cost=67604.59..67604.59 rows=7437 width=4) (actual time=916.048..916.048 rows=24917 loops=1)
                    Buckets: 32768 (originally 8192)  Batches: 1 (originally 1)  Memory Usage: 1132kB
                    ->  Seq Scan on title t  (cost=0.00..67604.59 rows=7437 width=4) (actual time=0.024..904.274 rows=24917 loops=1)
                          Filter: (production_year = 1992)
                          Rows Removed by Filter: 2503395
Planning time: 1.193 ms
Execution time: 4543.898 ms
