Hash Join  (cost=159612.09..961562.25 rows=1061856 width=0) (actual time=7801.592..21508.746 rows=1952748 loops=1)
  Hash Cond: (ci.movie_id = t.id)
  ->  Seq Scan on cast_info ci  (cost=0.00..705507.15 rows=7298253 width=4) (actual time=4193.245..13611.817 rows=7451973 loops=1)
        Filter: (role_id = 2)
        Rows Removed by Filter: 28792371
  ->  Hash  (cost=153575.51..153575.51 rows=367887 width=8) (actual time=3607.118..3607.118 rows=638424 loops=1)
        Buckets: 131072 (originally 131072)  Batches: 16 (originally 8)  Memory Usage: 3073kB
        ->  Hash Join  (cost=73454.11..153575.51 rows=367887 width=8) (actual time=1224.445..3434.834 rows=638424 loops=1)
              Hash Cond: (mc.movie_id = t.id)
              ->  Seq Scan on movie_companies mc  (cost=0.00..44881.29 rows=2609129 width=4) (actual time=0.020..894.034 rows=2609129 loops=1)
              ->  Hash  (cost=67604.59..67604.59 rows=356522 width=4) (actual time=1223.714..1223.714 rows=352081 loops=1)
                    Buckets: 131072  Batches: 8  Memory Usage: 2565kB
                    ->  Seq Scan on title t  (cost=0.00..67604.59 rows=356522 width=4) (actual time=0.027..1106.675 rows=352081 loops=1)
                          Filter: (production_year < 1969)
                          Rows Removed by Filter: 2176231
Planning time: 1.164 ms
Execution time: 21743.962 ms
