Seq Scan on movie_companies mc  (cost=0.00..51404.11 rows=104 width=0) (actual time=11.446..836.366 rows=87 loops=1)
  Filter: (company_id = 5298)
  Rows Removed by Filter: 2609042
Planning time: 0.385 ms
Execution time: 836.478 ms
