Hash Join  (cost=85285.53..1266258.19 rows=9052159 width=0) (actual time=1498.594..37483.371 rows=10045925 loops=1)
  Hash Cond: (ci.movie_id = t.id)
  ->  Seq Scan on cast_info ci  (cost=0.00..705507.15 rows=33058378 width=4) (actual time=0.011..16892.129 rows=33176118 loops=1)
        Filter: (person_id > 297799)
        Rows Removed by Filter: 3068226
  ->  Hash  (cost=73925.90..73925.90 rows=692370 width=4) (actual time=1497.883..1497.883 rows=739307 loops=1)
        Buckets: 131072  Batches: 16  Memory Usage: 2649kB
        ->  Seq Scan on title t  (cost=0.00..73925.90 rows=692370 width=4) (actual time=0.064..1263.954 rows=739307 loops=1)
              Filter: ((kind_id < 6) AND (production_year < 2009))
              Rows Removed by Filter: 1789005
Planning time: 0.760 ms
Execution time: 38727.330 ms
