Hash Join  (cost=83074.74..833899.15 rows=3524 width=0) (actual time=1755.382..18375.654 rows=122529 loops=1)
  Hash Cond: (ci.movie_id = t.id)
  ->  Seq Scan on cast_info ci  (cost=0.00..614943.12 rows=36225612 width=4) (actual time=0.022..8953.528 rows=36244344 loops=1)
  ->  Hash  (cost=83071.67..83071.67 rows=246 width=8) (actual time=1755.242..1755.242 rows=2269 loops=1)
        Buckets: 4096 (originally 1024)  Batches: 1 (originally 1)  Memory Usage: 121kB
        ->  Nested Loop  (cost=0.43..83071.67 rows=246 width=8) (actual time=1.070..1753.583 rows=2269 loops=1)
              ->  Seq Scan on movie_keyword mk  (cost=0.00..81003.12 rows=246 width=4) (actual time=1.018..1306.325 rows=2269 loops=1)
                    Filter: (keyword_id = 1657)
                    Rows Removed by Filter: 4521661
              ->  Index Only Scan using title_pkey on title t  (cost=0.43..8.40 rows=1 width=4) (actual time=0.196..0.196 rows=1 loops=2269)
                    Index Cond: (id = mk.movie_id)
                    Heap Fetches: 2269
Planning time: 1.190 ms
Execution time: 18400.046 ms
