Hash Join  (cost=197457.23..1224505.35 rows=5014620 width=0) (actual time=4427.625..28028.031 rows=7987216 loops=1)
  Hash Cond: (ci.movie_id = t.id)
  ->  Seq Scan on cast_info ci  (cost=0.00..796071.18 rows=15360464 width=4) (actual time=0.031..14944.594 rows=10914684 loops=1)
        Filter: ((person_id < 2415573) AND (role_id > 1))
        Rows Removed by Filter: 25329660
  ->  Hash  (cost=183913.86..183913.86 rows=825470 width=8) (actual time=4426.852..4426.852 rows=817737 loops=1)
        Buckets: 131072  Batches: 16  Memory Usage: 3010kB
        ->  Hash Join  (cost=102767.86..183913.86 rows=825470 width=8) (actual time=1725.778..4174.493 rows=817737 loops=1)
              Hash Cond: (mc.movie_id = t.id)
              ->  Seq Scan on movie_companies mc  (cost=0.00..51404.11 rows=825470 width=4) (actual time=0.013..815.867 rows=817737 loops=1)
                    Filter: (company_id < 1924)
                    Rows Removed by Filter: 1791392
              ->  Hash  (cost=61283.27..61283.27 rows=2528527 width=4) (actual time=1724.633..1724.633 rows=2528312 loops=1)
                    Buckets: 131072  Batches: 64  Memory Usage: 2415kB
                    ->  Seq Scan on title t  (cost=0.00..61283.27 rows=2528527 width=4) (actual time=0.007..845.514 rows=2528312 loops=1)
Planning time: 0.779 ms
Execution time: 28922.348 ms
