Hash Join  (cost=141487.68..952011.25 rows=13661 width=0) (actual time=5909.559..16661.512 rows=76321 loops=1)
  Hash Cond: (ci.movie_id = t.id)
  ->  Seq Scan on cast_info ci  (cost=0.00..796071.18 rows=3817541 width=4) (actual time=4315.894..13651.766 rows=7449166 loops=1)
        Filter: ((person_id > 1694981) AND (role_id = 2))
        Rows Removed by Filter: 28795178
  ->  Hash  (cost=141374.58..141374.58 rows=9048 width=8) (actual time=1593.448..1593.448 rows=9234 loops=1)
        Buckets: 16384  Batches: 1  Memory Usage: 489kB
        ->  Nested Loop  (cost=0.43..141374.58 rows=9048 width=8) (actual time=0.163..1588.299 rows=9234 loops=1)
              ->  Seq Scan on movie_keyword mk  (cost=0.00..81003.12 rows=9048 width=4) (actual time=0.094..1313.180 rows=9234 loops=1)
                    Filter: (keyword_id = 784)
                    Rows Removed by Filter: 4514696
              ->  Index Only Scan using title_pkey on title t  (cost=0.43..6.66 rows=1 width=4) (actual time=0.029..0.029 rows=1 loops=9234)
                    Index Cond: (id = mk.movie_id)
                    Heap Fetches: 9234
Planning time: 1.179 ms
Execution time: 16674.249 ms
