Seq Scan on cast_info ci  (cost=0.00..705507.15 rows=500 width=0) (actual time=206.597..10677.523 rows=47 loops=1)
  Filter: (person_id = 151630)
  Rows Removed by Filter: 36244297
Planning time: 0.389 ms
Execution time: 10677.659 ms
