Hash Join  (cost=75464.55..437249.08 rows=47171 width=0) (actual time=2453.836..7660.845 rows=32162 loops=1)
  Hash Cond: (mi.movie_id = t.id)
  ->  Seq Scan on movie_info mi  (cost=0.00..346232.03 rows=1272478 width=4) (actual time=963.031..5632.315 rows=1325361 loops=1)
        Filter: (info_type_id = 8)
        Rows Removed by Filter: 13510359
  ->  Hash  (cost=73925.90..73925.90 rows=93732 width=4) (actual time=1489.854..1489.854 rows=100592 loops=1)
        Buckets: 131072  Batches: 2  Memory Usage: 2797kB
        ->  Seq Scan on title t  (cost=0.00..73925.90 rows=93732 width=4) (actual time=0.028..1445.848 rows=100592 loops=1)
              Filter: ((kind_id > 1) AND (production_year = 2009))
              Rows Removed by Filter: 2427720
Planning time: 0.885 ms
Execution time: 7665.198 ms
