Hash Join  (cost=171840.89..538016.91 rows=294420 width=0) (actual time=4869.768..11233.221 rows=1491499 loops=1)
  Hash Cond: (mi.movie_id = t.id)
  ->  Seq Scan on movie_info mi  (cost=0.00..346232.03 rows=1272478 width=4) (actual time=441.779..5541.815 rows=1325361 loops=1)
        Filter: (info_type_id = 8)
        Rows Removed by Filter: 13510359
  ->  Hash  (cost=162241.91..162241.91 rows=585038 width=8) (actual time=4427.047..4427.047 rows=1277592 loops=1)
        Buckets: 131072 (originally 131072)  Batches: 16 (originally 8)  Memory Usage: 4193kB
        ->  Hash Join  (cost=83810.17..162241.91 rows=585038 width=8) (actual time=1626.848..4018.512 rows=1277592 loops=1)
              Hash Cond: (mc.movie_id = t.id)
              ->  Seq Scan on movie_companies mc  (cost=0.00..51404.11 rows=1497666 width=4) (actual time=0.030..953.555 rows=1501315 loops=1)
                    Filter: (company_id > 7686)
                    Rows Removed by Filter: 1107814
              ->  Hash  (cost=67604.59..67604.59 rows=987727 width=4) (actual time=1625.673..1625.673 rows=985048 loops=1)
                    Buckets: 131072  Batches: 16  Memory Usage: 3188kB
                    ->  Seq Scan on title t  (cost=0.00..67604.59 rows=987727 width=4) (actual time=0.022..1093.174 rows=985048 loops=1)
                          Filter: (kind_id < 7)
                          Rows Removed by Filter: 1543264
Planning time: 1.136 ms
Execution time: 11399.455 ms
