Hash Join  (cost=140722.80..220132.93 rows=316260 width=0) (actual time=2882.685..5657.222 rows=369694 loops=1)
  Hash Cond: (mc.movie_id = t.id)
  ->  Seq Scan on movie_companies mc  (cost=0.00..44881.29 rows=2609129 width=4) (actual time=0.015..970.012 rows=2609129 loops=1)
  ->  Hash  (cost=135693.68..135693.68 rows=306490 width=8) (actual time=2881.656..2881.656 rows=175310 loops=1)
        Buckets: 131072  Batches: 8  Memory Usage: 1881kB
        ->  Hash Join  (cost=94973.51..135693.68 rows=306490 width=8) (actual time=1772.402..2829.507 rows=175310 loops=1)
              Hash Cond: (mi_idx.movie_id = t.id)
              ->  Seq Scan on movie_info_idx mi_idx  (cost=0.00..25185.44 rows=464566 width=4) (actual time=0.029..507.425 rows=459925 loops=1)
                    Filter: (info_type_id = 101)
                    Rows Removed by Filter: 920110
              ->  Hash  (cost=67604.59..67604.59 rows=1668154 width=4) (actual time=1769.312..1769.312 rows=1674098 loops=1)
                    Buckets: 131072  Batches: 32  Memory Usage: 2869kB
                    ->  Seq Scan on title t  (cost=0.00..67604.59 rows=1668154 width=4) (actual time=0.024..1237.593 rows=1674098 loops=1)
                          Filter: (kind_id > 3)
                          Rows Removed by Filter: 854214
Planning time: 1.111 ms
Execution time: 5705.578 ms
