Hash Join  (cost=233319.44..707085.98 rows=4246189 width=0) (actual time=5531.331..18565.832 rows=6472138 loops=1)
  Hash Cond: (mi.movie_id = t.id)
  ->  Seq Scan on movie_info mi  (cost=0.00..346232.03 rows=6103325 width=4) (actual time=0.019..6255.839 rows=6083429 loops=1)
        Filter: (info_type_id > 9)
        Rows Removed by Filter: 8752291
  ->  Hash  (cost=204458.19..204458.19 rows=1759140 width=8) (actual time=5528.468..5528.468 rows=1286878 loops=1)
        Buckets: 131072  Batches: 32  Memory Usage: 2580kB
        ->  Hash Join  (cost=101895.85..204458.19 rows=1759140 width=8) (actual time=2167.090..5142.745 rows=1286878 loops=1)
              Hash Cond: (mc.movie_id = t.id)
              ->  Seq Scan on movie_companies mc  (cost=0.00..44881.29 rows=2609129 width=4) (actual time=0.009..956.337 rows=2609129 loops=1)
              ->  Hash  (cost=73925.90..73925.90 rows=1704796 width=4) (actual time=2166.140..2166.140 rows=1799550 loops=1)
                    Buckets: 131072  Batches: 32  Memory Usage: 3006kB
                    ->  Seq Scan on title t  (cost=0.00..73925.90 rows=1704796 width=4) (actual time=0.010..1575.957 rows=1799550 loops=1)
                          Filter: ((kind_id > 1) AND (production_year > 1941))
                          Rows Removed by Filter: 728762
Planning time: 1.154 ms
Execution time: 19305.064 ms
