Seq Scan on movie_keyword mk  (cost=0.00..81003.12 rows=1195838 width=0) (actual time=0.016..1377.557 rows=1204846 loops=1)
  Filter: (keyword_id > 15234)
  Rows Removed by Filter: 3319084
Planning time: 0.170 ms
Execution time: 1530.717 ms
