Nested Loop  (cost=0.43..83071.67 rows=246 width=0) (actual time=4.010..1313.641 rows=1176 loops=1)
  ->  Seq Scan on movie_keyword mk  (cost=0.00..81003.12 rows=246 width=4) (actual time=3.938..1252.528 rows=1176 loops=1)
        Filter: (keyword_id = 5169)
        Rows Removed by Filter: 4522754
  ->  Index Only Scan using title_pkey on title t  (cost=0.43..8.40 rows=1 width=4) (actual time=0.050..0.051 rows=1 loops=1176)
        Index Cond: (id = mk.movie_id)
        Heap Fetches: 1176
Planning time: 0.782 ms
Execution time: 1314.168 ms
