Nested Loop  (cost=0.43..58375.18 rows=53 width=0) (actual time=284.199..740.947 rows=182 loops=1)
  ->  Seq Scan on movie_companies mc  (cost=0.00..57926.93 rows=53 width=4) (actual time=284.117..737.073 rows=182 loops=1)
        Filter: ((company_id = 5) AND (company_type_id = 2))
        Rows Removed by Filter: 2608947
  ->  Index Only Scan using title_pkey on title t  (cost=0.43..8.45 rows=1 width=4) (actual time=0.019..0.020 rows=1 loops=182)
        Index Cond: (id = mc.movie_id)
        Heap Fetches: 182
Planning time: 0.755 ms
Execution time: 741.078 ms
