Seq Scan on cast_info ci  (cost=0.00..796071.18 rows=6384134 width=0) (actual time=9927.301..15267.521 rows=7451973 loops=1)
  Filter: ((person_id < 3229106) AND (role_id = 2))
  Rows Removed by Filter: 28792371
Planning time: 0.402 ms
Execution time: 16046.435 ms
