Hash Join  (cost=102767.86..241452.63 rows=1986563 width=0) (actual time=1913.577..5423.143 rows=1992308 loops=1)
  Hash Cond: (mk.movie_id = t.id)
  ->  Seq Scan on movie_keyword mk  (cost=0.00..81003.12 rows=1986563 width=4) (actual time=0.018..1679.359 rows=1992308 loops=1)
        Filter: (keyword_id > 6291)
        Rows Removed by Filter: 2531622
  ->  Hash  (cost=61283.27..61283.27 rows=2528527 width=4) (actual time=1911.302..1911.302 rows=2528312 loops=1)
        Buckets: 131072  Batches: 64  Memory Usage: 2425kB
        ->  Seq Scan on title t  (cost=0.00..61283.27 rows=2528527 width=4) (actual time=0.010..1062.053 rows=2528312 loops=1)
Planning time: 1.939 ms
Execution time: 5649.802 ms
