Hash Join  (cost=196815.15..272977.57 rows=80690 width=0) (actual time=3812.260..5611.549 rows=788860 loops=1)
  Hash Cond: (mc.movie_id = t.id)
  ->  Seq Scan on movie_companies mc  (cost=0.00..44881.29 rows=2609129 width=4) (actual time=0.016..882.577 rows=2609129 loops=1)
  ->  Hash  (cost=195531.68..195531.68 rows=78197 width=8) (actual time=3676.639..3676.639 rows=77106 loops=1)
        Buckets: 131072  Batches: 2  Memory Usage: 2531kB
        ->  Hash Join  (cost=102767.86..195531.68 rows=78197 width=8) (actual time=1864.131..3651.741 rows=77106 loops=1)
              Hash Cond: (mk.movie_id = t.id)
              ->  Seq Scan on movie_keyword mk  (cost=0.00..81003.12 rows=78197 width=4) (actual time=0.038..1345.514 rows=77106 loops=1)
                    Filter: (keyword_id > 88694)
                    Rows Removed by Filter: 4446824
              ->  Hash  (cost=61283.27..61283.27 rows=2528527 width=4) (actual time=1862.279..1862.279 rows=2528312 loops=1)
                    Buckets: 131072  Batches: 64  Memory Usage: 2425kB
                    ->  Seq Scan on title t  (cost=0.00..61283.27 rows=2528527 width=4) (actual time=0.022..1011.247 rows=2528312 loops=1)
Planning time: 1.233 ms
Execution time: 5694.953 ms
