Seq Scan on movie_companies mc  (cost=0.00..57926.93 rows=51 width=0) (actual time=58.290..866.045 rows=139 loops=1)
  Filter: ((company_type_id < 2) AND (company_id = 12837))
  Rows Removed by Filter: 2608990
Planning time: 0.377 ms
Execution time: 866.197 ms
