Seq Scan on movie_companies mc  (cost=0.00..51404.11 rows=104 width=0) (actual time=419.061..831.386 rows=137 loops=1)
  Filter: (company_id = 8355)
  Rows Removed by Filter: 2608992
Planning time: 2.585 ms
Execution time: 831.535 ms
