Hash Join  (cost=100994.46..852063.85 rows=28024 width=0) (actual time=1620.876..17989.214 rows=109597 loops=1)
  Hash Cond: (ci.movie_id = t.id)
  ->  Seq Scan on cast_info ci  (cost=0.00..614943.12 rows=36225612 width=4) (actual time=0.013..8444.805 rows=36244344 loops=1)
  ->  Hash  (cost=100970.01..100970.01 rows=1956 width=8) (actual time=1620.733..1620.733 rows=3510 loops=1)
        Buckets: 4096 (originally 2048)  Batches: 1 (originally 1)  Memory Usage: 170kB
        ->  Hash Join  (cost=74062.04..100970.01 rows=1956 width=8) (actual time=1087.780..1616.843 rows=3510 loops=1)
              Hash Cond: (mi_idx.movie_id = t.id)
              ->  Seq Scan on movie_info_idx mi_idx  (cost=0.00..25185.44 rows=454124 width=4) (actual time=0.021..437.856 rows=459925 loops=1)
                    Filter: (info_type_id = 100)
                    Rows Removed by Filter: 920110
              ->  Hash  (cost=73925.90..73925.90 rows=10891 width=4) (actual time=1087.632..1087.632 rows=7563 loops=1)
                    Buckets: 16384  Batches: 1  Memory Usage: 394kB
                    ->  Seq Scan on title t  (cost=0.00..73925.90 rows=10891 width=4) (actual time=0.090..1083.674 rows=7563 loops=1)
                          Filter: ((kind_id < 3) AND (production_year = 1996))
                          Rows Removed by Filter: 2520749
Planning time: 1.205 ms
Execution time: 18012.739 ms
