Seq Scan on movie_companies mc  (cost=0.00..57926.93 rows=1100934 width=0) (actual time=0.027..1135.276 rows=1274246 loops=1)
  Filter: ((company_id < 85904) AND (company_type_id < 2))
  Rows Removed by Filter: 1334883
Planning time: 0.339 ms
Execution time: 1294.399 ms
