Seq Scan on movie_keyword mk  (cost=0.00..81003.12 rows=246 width=0) (actual time=3.677..491.414 rows=56 loops=1)
  Filter: (keyword_id = 8913)
  Rows Removed by Filter: 4523874
Planning time: 0.239 ms
Execution time: 491.510 ms
