Hash Join  (cost=124136.56..520564.11 rows=270092 width=0) (actual time=2647.347..12460.838 rows=1598746 loops=1)
  Hash Cond: (mi.movie_id = t.id)
  ->  Seq Scan on movie_info mi  (cost=0.00..346232.03 rows=12665229 width=4) (actual time=0.009..6578.048 rows=12744652 loops=1)
        Filter: (info_type_id > 2)
        Rows Removed by Filter: 2091068
  ->  Hash  (cost=123462.53..123462.53 rows=53922 width=8) (actual time=2646.877..2646.877 rows=46894 loops=1)
        Buckets: 65536  Batches: 1  Memory Usage: 2344kB
        ->  Hash Join  (cost=68257.79..123462.53 rows=53922 width=8) (actual time=1140.028..2628.572 rows=46894 loops=1)
              Hash Cond: (mc.movie_id = t.id)
              ->  Seq Scan on movie_companies mc  (cost=0.00..44881.29 rows=2609129 width=4) (actual time=0.008..744.275 rows=2609129 loops=1)
              ->  Hash  (cost=67604.59..67604.59 rows=52256 width=4) (actual time=1139.684..1139.684 rows=53013 loops=1)
                    Buckets: 65536  Batches: 1  Memory Usage: 2376kB
                    ->  Seq Scan on title t  (cost=0.00..67604.59 rows=52256 width=4) (actual time=0.020..1117.567 rows=53013 loops=1)
                          Filter: (production_year = 2000)
                          Rows Removed by Filter: 2475299
Planning time: 5.516 ms
Execution time: 12667.012 ms
