Hash Join  (cost=69928.56..124620.37 rows=12625 width=0) (actual time=1198.139..2164.394 rows=12360 loops=1)
  Hash Cond: (mc.movie_id = t.id)
  ->  Seq Scan on movie_companies mc  (cost=0.00..51404.11 rows=225452 width=4) (actual time=0.030..858.794 rows=226890 loops=1)
        Filter: (company_id > 106189)
        Rows Removed by Filter: 2382239
  ->  Hash  (cost=67604.59..67604.59 rows=141598 width=4) (actual time=1197.250..1197.250 rows=141703 loops=1)
        Buckets: 131072  Batches: 2  Memory Usage: 3511kB
        ->  Seq Scan on title t  (cost=0.00..67604.59 rows=141598 width=4) (actual time=0.021..1145.175 rows=141703 loops=1)
              Filter: (production_year = 2010)
              Rows Removed by Filter: 2386609
Planning time: 0.764 ms
Execution time: 2166.636 ms
