Hash Join  (cost=96147.73..146523.70 rows=739249 width=0) (actual time=2469.322..3380.023 rows=413859 loops=1)
  Hash Cond: (mi_idx.movie_id = t.id)
  ->  Seq Scan on movie_info_idx mi_idx  (cost=0.00..21735.35 rows=1380035 width=4) (actual time=0.024..427.271 rows=1380035 loops=1)
  ->  Hash  (cost=73925.90..73925.90 rows=1354466 width=4) (actual time=1997.265..1997.265 rows=1432013 loops=1)
        Buckets: 131072  Batches: 32  Memory Usage: 2599kB
        ->  Seq Scan on title t  (cost=0.00..73925.90 rows=1354466 width=4) (actual time=0.046..1519.116 rows=1432013 loops=1)
              Filter: ((production_year > 1959) AND (kind_id = 7))
              Rows Removed by Filter: 1096299
Planning time: 0.813 ms
Execution time: 3428.075 ms
