Hash Join  (cost=166624.26..193779.54 rows=24480 width=0) (actual time=3064.755..3536.642 rows=165751 loops=1)
  Hash Cond: (mi_idx.movie_id = t.id)
  ->  Seq Scan on movie_info_idx mi_idx  (cost=0.00..21735.35 rows=1380035 width=4) (actual time=0.015..290.770 rows=1380035 loops=1)
  ->  Hash  (cost=166063.59..166063.59 rows=44853 width=8) (actual time=2876.321..2876.321 rows=66260 loops=1)
        Buckets: 131072 (originally 65536)  Batches: 1 (originally 1)  Memory Usage: 3613kB
        ->  Hash Join  (cost=79930.86..166063.59 rows=44853 width=8) (actual time=1376.245..2853.034 rows=66260 loops=1)
              Hash Cond: (mk.movie_id = t.id)
              ->  Seq Scan on movie_keyword mk  (cost=0.00..81003.12 rows=150954 width=4) (actual time=0.028..1259.339 rows=149803 loops=1)
                    Filter: (keyword_id > 73938)
                    Rows Removed by Filter: 4374127
              ->  Hash  (cost=67604.59..67604.59 rows=751302 width=4) (actual time=1375.422..1375.422 rows=755902 loops=1)
                    Buckets: 131072  Batches: 16  Memory Usage: 2692kB
                    ->  Seq Scan on title t  (cost=0.00..67604.59 rows=751302 width=4) (actual time=0.021..1118.682 rows=755902 loops=1)
                          Filter: (production_year < 1993)
                          Rows Removed by Filter: 1772410
Planning time: 3.922 ms
Execution time: 3559.884 ms
