Seq Scan on cast_info ci  (cost=0.00..705507.15 rows=28367466 width=0) (actual time=0.027..12750.062 rows=28399538 loops=1)
  Filter: (person_id < 2893526)
  Rows Removed by Filter: 7844806
Planning time: 0.300 ms
Execution time: 16175.873 ms
