Seq Scan on movie_keyword mk  (cost=0.00..81003.12 rows=753472 width=0) (actual time=0.020..1384.127 rows=761383 loops=1)
  Filter: (keyword_id > 24624)
  Rows Removed by Filter: 3762547
Planning time: 0.318 ms
Execution time: 1480.662 ms
