Seq Scan on movie_companies mc  (cost=0.00..51404.11 rows=836708 width=0) (actual time=0.020..864.808 rows=832428 loops=1)
  Filter: (company_id < 2085)
  Rows Removed by Filter: 1776701
Planning time: 0.367 ms
Execution time: 967.674 ms
