Hash Join  (cost=67697.55..819552.20 rows=106548 width=0) (actual time=1048.785..17722.167 rows=27126 loops=1)
  Hash Cond: (ci.movie_id = t.id)
  ->  Seq Scan on cast_info ci  (cost=0.00..614943.12 rows=36225612 width=4) (actual time=0.007..9217.506 rows=36244344 loops=1)
  ->  Hash  (cost=67604.59..67604.59 rows=7437 width=4) (actual time=1045.909..1045.909 rows=2773 loops=1)
        Buckets: 8192  Batches: 1  Memory Usage: 162kB
        ->  Seq Scan on title t  (cost=0.00..67604.59 rows=7437 width=4) (actual time=387.152..1044.493 rows=2773 loops=1)
              Filter: (production_year = 1928)
              Rows Removed by Filter: 2525539
Planning time: 0.656 ms
Execution time: 17728.394 ms
