Hash Join  (cost=101436.75..159884.82 rows=717 width=0) (actual time=2070.785..2681.956 rows=1821 loops=1)
  Hash Cond: (mc.movie_id = t.id)
  ->  Seq Scan on movie_companies mc  (cost=0.00..57926.93 rows=137057 width=4) (actual time=350.726..912.014 rows=271344 loops=1)
        Filter: ((company_id > 97347) AND (company_type_id > 1))
        Rows Removed by Filter: 2337785
  ->  Hash  (cost=101271.47..101271.47 rows=13223 width=8) (actual time=1719.867..1719.867 rows=6366 loops=1)
        Buckets: 16384  Batches: 1  Memory Usage: 377kB
        ->  Hash Join  (cost=74228.76..101271.47 rows=13223 width=8) (actual time=1094.001..1717.339 rows=6366 loops=1)
              Hash Cond: (mi_idx.movie_id = t.id)
              ->  Seq Scan on movie_info_idx mi_idx  (cost=0.00..21735.35 rows=1380035 width=4) (actual time=0.015..307.254 rows=1380035 loops=1)
              ->  Hash  (cost=73925.90..73925.90 rows=24228 width=4) (actual time=1093.422..1093.422 rows=21082 loops=1)
                    Buckets: 32768  Batches: 1  Memory Usage: 998kB
                    ->  Seq Scan on title t  (cost=0.00..73925.90 rows=24228 width=4) (actual time=220.176..1084.139 rows=21082 loops=1)
                          Filter: ((production_year > 2009) AND (kind_id = 4))
                          Rows Removed by Filter: 2507230
Planning time: 0.911 ms
Execution time: 2682.413 ms
