Hash Join  (cost=102767.86..1262346.51 rows=18459908 width=0) (actual time=2128.157..31358.837 rows=18361098 loops=1)
  Hash Cond: (ci.movie_id = t.id)
  ->  Seq Scan on cast_info ci  (cost=0.00..705507.15 rows=18459908 width=4) (actual time=0.014..14210.284 rows=18361098 loops=1)
        Filter: (person_id < 1824902)
        Rows Removed by Filter: 17883246
  ->  Hash  (cost=61283.27..61283.27 rows=2528527 width=4) (actual time=2126.201..2126.201 rows=2528312 loops=1)
        Buckets: 131072  Batches: 64  Memory Usage: 2415kB
        ->  Seq Scan on title t  (cost=0.00..61283.27 rows=2528527 width=4) (actual time=0.014..1263.222 rows=2528312 loops=1)
Planning time: 0.566 ms
Execution time: 33346.606 ms
