Seq Scan on movie_keyword mk  (cost=0.00..81003.12 rows=246 width=0) (actual time=1.747..1350.495 rows=1109 loops=1)
  Filter: (keyword_id = 310)
  Rows Removed by Filter: 4522821
Planning time: 0.347 ms
Execution time: 1350.937 ms
