Seq Scan on cast_info ci  (cost=0.00..705507.15 rows=500 width=0) (actual time=3023.672..9765.019 rows=1450 loops=1)
  Filter: (person_id = 1214709)
  Rows Removed by Filter: 36242894
Planning time: 0.382 ms
Execution time: 9765.344 ms
