Hash Join  (cost=131622.73..252349.80 rows=472414 width=0) (actual time=3094.976..7720.522 rows=5071688 loops=1)
  Hash Cond: (mk.movie_id = t.id)
  ->  Seq Scan on movie_keyword mk  (cost=0.00..81003.12 rows=2887147 width=4) (actual time=0.008..1681.515 rows=2876843 loops=1)
        Filter: (keyword_id > 2503)
        Rows Removed by Filter: 1647087
  ->  Hash  (cost=124834.06..124834.06 rows=413734 width=8) (actual time=3094.022..3094.022 rows=742958 loops=1)
        Buckets: 131072 (originally 131072)  Batches: 16 (originally 8)  Memory Usage: 3073kB
        ->  Hash Join  (cost=80042.24..124834.06 rows=413734 width=8) (actual time=1485.415..2878.009 rows=742958 loops=1)
              Hash Cond: (mi_idx.movie_id = t.id)
              ->  Seq Scan on movie_info_idx mi_idx  (cost=0.00..21735.35 rows=1380035 width=4) (actual time=0.016..453.169 rows=1380035 loops=1)
              ->  Hash  (cost=67604.59..67604.59 rows=758052 width=4) (actual time=1484.541..1484.541 rows=753677 loops=1)
                    Buckets: 131072  Batches: 16  Memory Usage: 2677kB
                    ->  Seq Scan on title t  (cost=0.00..67604.59 rows=758052 width=4) (actual time=0.020..1238.213 rows=753677 loops=1)
                          Filter: (kind_id < 3)
                          Rows Removed by Filter: 1774635
Planning time: 0.736 ms
Execution time: 8227.582 ms
