Hash Join  (cost=102767.86..251201.31 rows=2391774 width=0) (actual time=1916.802..5627.250 rows=2387154 loops=1)
  Hash Cond: (mk.movie_id = t.id)
  ->  Seq Scan on movie_keyword mk  (cost=0.00..81003.12 rows=2391774 width=4) (actual time=0.019..1576.867 rows=2387154 loops=1)
        Filter: (keyword_id > 3969)
        Rows Removed by Filter: 2136776
  ->  Hash  (cost=61283.27..61283.27 rows=2528527 width=4) (actual time=1914.004..1914.004 rows=2528312 loops=1)
        Buckets: 131072  Batches: 64  Memory Usage: 2425kB
        ->  Seq Scan on title t  (cost=0.00..61283.27 rows=2528527 width=4) (actual time=0.017..1066.071 rows=2528312 loops=1)
Planning time: 0.714 ms
Execution time: 5886.204 ms
