Hash Join  (cost=99841.01..182830.04 rows=902550 width=0) (actual time=1936.698..4138.314 rows=799765 loops=1)
  Hash Cond: (mc.movie_id = t.id)
  ->  Seq Scan on movie_companies mc  (cost=0.00..51404.11 rows=1161483 width=4) (actual time=0.031..988.026 rows=1170278 loops=1)
        Filter: (company_id > 12808)
        Rows Removed by Filter: 1438851
  ->  Hash  (cost=67604.59..67604.59 rows=1964834 width=4) (actual time=1935.601..1935.601 rows=1962189 loops=1)
        Buckets: 131072  Batches: 32  Memory Usage: 3187kB
        ->  Seq Scan on title t  (cost=0.00..67604.59 rows=1964834 width=4) (actual time=0.010..1304.921 rows=1962189 loops=1)
              Filter: (production_year > 1978)
              Rows Removed by Filter: 566123
Planning time: 0.774 ms
Execution time: 4232.718 ms
