Hash Join  (cost=58375.62..145033.91 rows=25 width=0) (actual time=1142.773..2712.212 rows=6 loops=1)
  Hash Cond: (mk.movie_id = t.id)
  ->  Seq Scan on movie_keyword mk  (cost=0.00..69693.30 rows=4523930 width=4) (actual time=0.022..1041.120 rows=4523930 loops=1)
  ->  Hash  (cost=58375.45..58375.45 rows=14 width=8) (actual time=902.660..902.660 rows=2 loops=1)
        Buckets: 1024  Batches: 1  Memory Usage: 9kB
        ->  Nested Loop  (cost=0.43..58375.45 rows=14 width=8) (actual time=9.726..902.652 rows=2 loops=1)
              ->  Seq Scan on movie_companies mc  (cost=0.00..57926.93 rows=53 width=4) (actual time=9.653..902.515 rows=2 loops=1)
                    Filter: ((company_type_id > 1) AND (company_id = 187033))
                    Rows Removed by Filter: 2609127
              ->  Index Scan using title_pkey on title t  (cost=0.43..8.45 rows=1 width=4) (actual time=0.062..0.064 rows=1 loops=2)
                    Index Cond: (id = mc.movie_id)
                    Filter: ((kind_id < 7) AND (production_year < 2008))
Planning time: 1.108 ms
Execution time: 2712.364 ms
