Seq Scan on movie_companies mc  (cost=0.00..57926.93 rows=1188447 width=0) (actual time=244.592..1072.045 rows=1055666 loops=1)
  Filter: ((company_id < 96083) AND (company_type_id > 1))
  Rows Removed by Filter: 1553463
Planning time: 0.330 ms
Execution time: 1201.754 ms
