Hash Join  (cost=73962.22..825167.57 rows=41619 width=0) (actual time=1150.454..18150.294 rows=90736 loops=1)
  Hash Cond: (ci.movie_id = t.id)
  ->  Seq Scan on cast_info ci  (cost=0.00..614943.12 rows=36225612 width=4) (actual time=0.019..8728.772 rows=36244344 loops=1)
  ->  Hash  (cost=73925.90..73925.90 rows=2905 width=4) (actual time=1150.236..1150.236 rows=6196 loops=1)
        Buckets: 8192 (originally 4096)  Batches: 1 (originally 1)  Memory Usage: 282kB
        ->  Seq Scan on title t  (cost=0.00..73925.90 rows=2905 width=4) (actual time=0.369..1147.081 rows=6196 loops=1)
              Filter: ((kind_id < 7) AND (production_year = 1975))
              Rows Removed by Filter: 2522116
Planning time: 0.744 ms
Execution time: 18168.948 ms
