Hash Join  (cost=260145.02..672046.87 rows=1993785 width=0) (actual time=7165.636..15635.993 rows=13676884 loops=1)
  Hash Cond: (mi.movie_id = t.id)
  ->  Seq Scan on movie_info mi  (cost=0.00..346232.03 rows=3068194 width=4) (actual time=1624.642..5753.176 rows=3036719 loops=1)
        Filter: (info_type_id = 16)
        Rows Removed by Filter: 11799001
  ->  Hash  (cost=233187.31..233187.31 rows=1643097 width=8) (actual time=5505.745..5505.745 rows=1650521 loops=1)
        Buckets: 131072  Batches: 32  Memory Usage: 3110kB
        ->  Hash Join  (cost=102767.86..233187.31 rows=1643097 width=8) (actual time=1968.640..5074.114 rows=1650521 loops=1)
              Hash Cond: (mk.movie_id = t.id)
              ->  Seq Scan on movie_keyword mk  (cost=0.00..81003.12 rows=1643097 width=4) (actual time=0.023..1544.141 rows=1650521 loops=1)
                    Filter: (keyword_id > 8885)
                    Rows Removed by Filter: 2873409
              ->  Hash  (cost=61283.27..61283.27 rows=2528527 width=4) (actual time=1966.900..1966.900 rows=2528312 loops=1)
                    Buckets: 131072  Batches: 64  Memory Usage: 2425kB
                    ->  Seq Scan on title t  (cost=0.00..61283.27 rows=2528527 width=4) (actual time=0.016..1125.134 rows=2528312 loops=1)
Planning time: 1.443 ms
Execution time: 16944.381 ms
