Seq Scan on movie_companies mc  (cost=0.00..51404.11 rows=104 width=0) (actual time=175.863..751.429 rows=7 loops=1)
  Filter: (company_id = 26701)
  Rows Removed by Filter: 2609122
Planning time: 0.341 ms
Execution time: 751.497 ms
