Hash Join  (cost=133580.69..226704.69 rows=118946 width=0) (actual time=2824.742..4758.542 rows=346684 loops=1)
  Hash Cond: (mk.movie_id = t.id)
  ->  Seq Scan on movie_keyword mk  (cost=0.00..81003.12 rows=821709 width=4) (actual time=0.036..1455.779 rows=830420 loops=1)
        Filter: (keyword_id > 22164)
        Rows Removed by Filter: 3693510
  ->  Hash  (cost=127575.52..127575.52 rows=366014 width=8) (actual time=2823.917..2823.917 rows=287134 loops=1)
        Buckets: 131072  Batches: 8  Memory Usage: 2426kB
        ->  Hash Join  (cost=84197.31..127575.52 rows=366014 width=8) (actual time=1529.206..2742.528 rows=287134 loops=1)
              Hash Cond: (mi_idx.movie_id = t.id)
              ->  Seq Scan on movie_info_idx mi_idx  (cost=0.00..25185.44 rows=915101 width=4) (actual time=0.009..541.430 rows=919850 loops=1)
                    Filter: (info_type_id < 101)
                    Rows Removed by Filter: 460185
              ->  Hash  (cost=67604.59..67604.59 rows=1011338 width=4) (actual time=1528.155..1528.155 rows=1012920 loops=1)
                    Buckets: 131072  Batches: 16  Memory Usage: 3250kB
                    ->  Seq Scan on title t  (cost=0.00..67604.59 rows=1011338 width=4) (actual time=0.012..1208.429 rows=1012920 loops=1)
                          Filter: (production_year > 2005)
                          Rows Removed by Filter: 1515392
Planning time: 0.763 ms
Execution time: 4799.861 ms
