Hash Join  (cost=109376.61..919996.53 rows=97770 width=0) (actual time=11048.893..17649.455 rows=11919 loops=1)
  Hash Cond: (ci.movie_id = t.id)
  ->  Seq Scan on cast_info ci  (cost=0.00..796071.18 rows=3618941 width=4) (actual time=9202.562..14863.261 rows=4095327 loops=1)
        Filter: ((person_id > 561327) AND (role_id = 10))
        Rows Removed by Filter: 32149017
  ->  Hash  (cost=108522.71..108522.71 rows=68312 width=8) (actual time=1842.552..1842.552 rows=39210 loops=1)
        Buckets: 131072  Batches: 1  Memory Usage: 2556kB
        ->  Hash Join  (cost=69658.11..108522.71 rows=68312 width=8) (actual time=1077.507..1830.427 rows=39210 loops=1)
              Hash Cond: (mi_idx.movie_id = t.id)
              ->  Seq Scan on movie_info_idx mi_idx  (cost=0.00..21735.35 rows=1380035 width=4) (actual time=0.026..335.015 rows=1380035 loops=1)
              ->  Hash  (cost=67604.59..67604.59 rows=125162 width=4) (actual time=1076.734..1076.734 rows=127858 loops=1)
                    Buckets: 131072  Batches: 2  Memory Usage: 3267kB
                    ->  Seq Scan on title t  (cost=0.00..67604.59 rows=125162 width=4) (actual time=0.019..1031.084 rows=127858 loops=1)
                          Filter: (production_year < 1935)
                          Rows Removed by Filter: 2400454
Planning time: 2.885 ms
Execution time: 17652.006 ms
