Hash Join  (cost=799351.42..1164030.20 rows=2285 width=0) (actual time=15272.470..21964.579 rows=128 loops=1)
  Hash Cond: (mi.movie_id = t.id)
  ->  Seq Scan on movie_info mi  (cost=0.00..309384.22 rows=14739122 width=4) (actual time=0.011..4338.353 rows=14835720 loops=1)
  ->  Hash  (cost=799346.52..799346.52 rows=392 width=8) (actual time=15019.589..15019.589 rows=52 loops=1)
        Buckets: 1024  Batches: 1  Memory Usage: 11kB
        ->  Nested Loop  (cost=0.43..799346.52 rows=392 width=8) (actual time=9661.066..15019.547 rows=52 loops=1)
              ->  Seq Scan on cast_info ci  (cost=0.00..796071.18 rows=392 width=4) (actual time=9660.955..15018.629 rows=52 loops=1)
                    Filter: ((role_id < 7) AND (person_id = 651335))
                    Rows Removed by Filter: 36244292
              ->  Index Only Scan using title_pkey on title t  (cost=0.43..8.35 rows=1 width=4) (actual time=0.016..0.016 rows=1 loops=52)
                    Index Cond: (id = ci.movie_id)
                    Heap Fetches: 52
Planning time: 1.222 ms
Execution time: 21964.749 ms
