Nested Loop  (cost=0.43..83071.67 rows=246 width=0) (actual time=0.602..1198.664 rows=267 loops=1)
  ->  Seq Scan on movie_keyword mk  (cost=0.00..81003.12 rows=246 width=4) (actual time=0.549..1189.527 rows=267 loops=1)
        Filter: (keyword_id = 11823)
        Rows Removed by Filter: 4523663
  ->  Index Only Scan using title_pkey on title t  (cost=0.43..8.40 rows=1 width=4) (actual time=0.031..0.032 rows=1 loops=267)
        Index Cond: (id = mk.movie_id)
        Heap Fetches: 267
Planning time: 0.673 ms
Execution time: 1198.887 ms
