Hash Join  (cost=82400.67..901234.22 rows=311474 width=0) (actual time=5632.824..16179.320 rows=565058 loops=1)
  Hash Cond: (ci.movie_id = t.id)
  ->  Seq Scan on cast_info ci  (cost=0.00..796071.18 rows=1524701 width=4) (actual time=4289.945..13433.396 rows=2469674 loops=1)
        Filter: ((person_id > 2268063) AND (role_id = 3))
        Rows Removed by Filter: 33774670
  ->  Hash  (cost=73925.90..73925.90 rows=516541 width=4) (actual time=1342.115..1342.115 rows=440918 loops=1)
        Buckets: 131072  Batches: 8  Memory Usage: 2960kB
        ->  Seq Scan on title t  (cost=0.00..73925.90 rows=516541 width=4) (actual time=0.024..1202.187 rows=440918 loops=1)
              Filter: ((kind_id < 7) AND (production_year > 2001))
              Rows Removed by Filter: 2087394
Planning time: 0.842 ms
Execution time: 16250.206 ms
