Seq Scan on movie_companies mc  (cost=0.00..57926.93 rows=53 width=0) (actual time=412.658..805.084 rows=204 loops=1)
  Filter: ((company_id = 72343) AND (company_type_id = 2))
  Rows Removed by Filter: 2608925
Planning time: 0.396 ms
Execution time: 805.208 ms
