Hash Join  (cost=67697.55..120837.24 rows=1351 width=0) (actual time=1184.066..2104.807 rows=4462 loops=1)
  Hash Cond: (mc.movie_id = t.id)
  ->  Seq Scan on movie_companies mc  (cost=0.00..51404.11 rows=459217 width=4) (actual time=0.101..806.061 rows=455205 loops=1)
        Filter: (company_id < 385)
        Rows Removed by Filter: 2153924
  ->  Hash  (cost=67604.59..67604.59 rows=7437 width=4) (actual time=1183.826..1183.826 rows=14770 loops=1)
        Buckets: 16384 (originally 8192)  Batches: 1 (originally 1)  Memory Usage: 648kB
        ->  Seq Scan on title t  (cost=0.00..67604.59 rows=7437 width=4) (actual time=0.051..1176.815 rows=14770 loops=1)
              Filter: (production_year = 1982)
              Rows Removed by Filter: 2513542
Planning time: 0.718 ms
Execution time: 2105.794 ms
