Seq Scan on cast_info ci  (cost=0.00..796071.18 rows=3561410 width=0) (actual time=0.025..14971.340 rows=1348186 loops=1)
  Filter: ((person_id < 2828069) AND (role_id > 9))
  Rows Removed by Filter: 34896158
Planning time: 0.348 ms
Execution time: 15145.317 ms
