Hash Join  (cost=88716.22..134850.77 rows=492007 width=0) (actual time=1463.280..2916.334 rows=880282 loops=1)
  Hash Cond: (mi_idx.movie_id = t.id)
  ->  Seq Scan on movie_info_idx mi_idx  (cost=0.00..21735.35 rows=1380035 width=4) (actual time=0.009..438.267 rows=1380035 loops=1)
  ->  Hash  (cost=73925.90..73925.90 rows=901465 width=4) (actual time=1462.196..1462.196 rows=822656 loops=1)
        Buckets: 131072  Batches: 16  Memory Usage: 2832kB
        ->  Seq Scan on title t  (cost=0.00..73925.90 rows=901465 width=4) (actual time=0.023..1201.479 rows=822656 loops=1)
              Filter: ((kind_id < 7) AND (production_year > 1946))
              Rows Removed by Filter: 1705656
Planning time: 2.049 ms
Execution time: 3022.517 ms
