Seq Scan on movie_companies mc  (cost=0.00..57926.93 rows=1070043 width=0) (actual time=406.548..1093.062 rows=1198453 loops=1)
  Filter: ((company_id > 461) AND (company_type_id = 2))
  Rows Removed by Filter: 1410676
Planning time: 0.372 ms
Execution time: 1245.560 ms
