Seq Scan on cast_info ci  (cost=0.00..705507.15 rows=500 width=0) (actual time=2574.777..10406.571 rows=1962 loops=1)
  Filter: (person_id = 3226146)
  Rows Removed by Filter: 36242382
Planning time: 0.383 ms
Execution time: 10406.878 ms
