Hash Join  (cost=183418.33..694905.42 rows=2969116 width=0) (actual time=4281.095..17982.187 rows=3698680 loops=1)
  Hash Cond: (mi.movie_id = t.id)
  ->  Seq Scan on movie_info mi  (cost=0.00..309384.22 rows=14739122 width=4) (actual time=0.017..6078.871 rows=14835720 loops=1)
  ->  Hash  (cost=175061.36..175061.36 rows=509358 width=8) (actual time=4279.836..4279.836 rows=384631 loops=1)
        Buckets: 131072  Batches: 8  Memory Usage: 2907kB
        ->  Hash Join  (cost=95609.53..175061.36 rows=509358 width=8) (actual time=2017.532..4161.144 rows=384631 loops=1)
              Hash Cond: (mc.movie_id = t.id)
              ->  Seq Scan on movie_companies mc  (cost=0.00..57926.93 rows=974483 width=4) (actual time=0.010..1278.317 rows=1138096 loops=1)
                    Filter: ((company_id > 1236) AND (company_type_id = 2))
                    Rows Removed by Filter: 1471033
              ->  Hash  (cost=73925.90..73925.90 rows=1321650 width=4) (actual time=2015.343..2015.343 rows=1298128 loops=1)
                    Buckets: 131072  Batches: 32  Memory Usage: 2450kB
                    ->  Seq Scan on title t  (cost=0.00..73925.90 rows=1321650 width=4) (actual time=0.041..1592.303 rows=1298128 loops=1)
                          Filter: ((kind_id > 1) AND (production_year < 2009))
                          Rows Removed by Filter: 1230184
Planning time: 1.141 ms
Execution time: 18418.023 ms
