Seq Scan on cast_info ci  (cost=0.00..796071.18 rows=5920400 width=0) (actual time=3009.495..11996.234 rows=494466 loops=1)
  Filter: ((person_id > 2636247) AND (role_id < 3))
  Rows Removed by Filter: 35749878
Planning time: 0.368 ms
Execution time: 12056.265 ms
