Hash Join  (cost=80549.28..122022.15 rows=220339 width=0) (actual time=1824.916..2425.948 rows=96867 loops=1)
  Hash Cond: (mi_idx.movie_id = t.id)
  ->  Seq Scan on movie_info_idx mi_idx  (cost=0.00..21735.35 rows=1380035 width=4) (actual time=0.007..458.711 rows=1380035 loops=1)
  ->  Hash  (cost=73925.90..73925.90 rows=403710 width=4) (actual time=1318.463..1318.463 rows=434218 loops=1)
        Buckets: 131072  Batches: 8  Memory Usage: 2935kB
        ->  Seq Scan on title t  (cost=0.00..73925.90 rows=403710 width=4) (actual time=0.023..1171.929 rows=434218 loops=1)
              Filter: ((production_year > 2008) AND (kind_id = 7))
              Rows Removed by Filter: 2094094
Planning time: 0.773 ms
Execution time: 2437.120 ms
