Hash Join  (cost=229114.95..773521.15 rows=4798856 width=0) (actual time=4942.254..30914.960 rows=50626448 loops=1)
  Hash Cond: (mi.movie_id = t.id)
  ->  Seq Scan on movie_info mi  (cost=0.00..346232.03 rows=12665229 width=4) (actual time=0.012..7787.908 rows=12744652 loops=1)
        Filter: (info_type_id > 2)
        Rows Removed by Filter: 2091068
  ->  Hash  (cost=213396.21..213396.21 rows=958059 width=8) (actual time=4941.389..4941.389 rows=1141547 loops=1)
        Buckets: 131072  Batches: 16  Memory Usage: 3913kB
        ->  Hash Join  (cost=99161.12..213396.21 rows=958059 width=8) (actual time=1901.671..4635.982 rows=1141547 loops=1)
              Hash Cond: (mk.movie_id = t.id)
              ->  Seq Scan on movie_keyword mk  (cost=0.00..81003.12 rows=1259475 width=4) (actual time=0.016..1532.854 rows=1271637 loops=1)
                    Filter: (keyword_id < 1633)
                    Rows Removed by Filter: 3252293
              ->  Hash  (cost=67604.59..67604.59 rows=1923403 width=4) (actual time=1898.438..1898.438 rows=1922849 loops=1)
                    Buckets: 131072  Batches: 32  Memory Usage: 3141kB
                    ->  Seq Scan on title t  (cost=0.00..67604.59 rows=1923403 width=4) (actual time=0.018..1272.481 rows=1922849 loops=1)
                          Filter: (production_year < 2010)
                          Rows Removed by Filter: 605463
Planning time: 1.152 ms
Execution time: 36785.138 ms
