Hash Join  (cost=526678.59..1494315.11 rows=3939457 width=0) (actual time=11571.862..37441.163 rows=7692983 loops=1)
  Hash Cond: (ci.movie_id = t.id)
  ->  Seq Scan on cast_info ci  (cost=0.00..796071.18 rows=10012360 width=4) (actual time=0.239..15914.565 rows=15569123 loops=1)
        Filter: ((person_id > 2081735) AND (role_id > 1))
        Rows Removed by Filter: 20675221
  ->  Hash  (cost=510355.69..510355.69 rows=994872 width=8) (actual time=11570.427..11570.427 rows=617797 loops=1)
        Buckets: 131072  Batches: 16  Memory Usage: 2517kB
        ->  Hash Join  (cost=80549.28..510355.69 rows=994872 width=8) (actual time=1758.429..11385.011 rows=617797 loops=1)
              Hash Cond: (mi.movie_id = t.id)
              ->  Seq Scan on movie_info mi  (cost=0.00..346232.03 rows=6231111 width=4) (actual time=469.773..6416.571 rows=6223494 loops=1)
                    Filter: (info_type_id > 8)
                    Rows Removed by Filter: 8612226
              ->  Hash  (cost=73925.90..73925.90 rows=403710 width=4) (actual time=1287.758..1287.758 rows=434218 loops=1)
                    Buckets: 131072  Batches: 8  Memory Usage: 2941kB
                    ->  Seq Scan on title t  (cost=0.00..73925.90 rows=403710 width=4) (actual time=0.035..1149.216 rows=434218 loops=1)
                          Filter: ((production_year > 2008) AND (kind_id = 7))
                          Rows Removed by Filter: 2094094
Planning time: 1.221 ms
Execution time: 38336.265 ms
