Hash Join  (cost=178668.28..694496.70 rows=3375949 width=0) (actual time=3842.905..18399.208 rows=5415738 loops=1)
  Hash Cond: (mi.movie_id = t.id)
  ->  Seq Scan on movie_info mi  (cost=0.00..309384.22 rows=14739122 width=4) (actual time=0.012..6348.448 rows=14835720 loops=1)
  ->  Hash  (cost=169165.89..169165.89 rows=579151 width=8) (actual time=3842.135..3842.135 rows=410780 loops=1)
        Buckets: 131072  Batches: 8  Memory Usage: 3036kB
        ->  Hash Join  (cost=92703.08..169165.89 rows=579151 width=8) (actual time=2148.992..3724.670 rows=410780 loops=1)
              Hash Cond: (mc.movie_id = t.id)
              ->  Seq Scan on movie_companies mc  (cost=0.00..51404.11 rows=1279517 width=4) (actual time=292.425..963.948 rows=1274246 loops=1)
                    Filter: (company_type_id = 1)
                    Rows Removed by Filter: 1334883
              ->  Hash  (cost=73925.90..73925.90 rows=1144494 width=4) (actual time=1855.528..1855.528 rows=1095581 loops=1)
                    Buckets: 131072  Batches: 16  Memory Usage: 3437kB
                    ->  Seq Scan on title t  (cost=0.00..73925.90 rows=1144494 width=4) (actual time=0.031..1508.621 rows=1095581 loops=1)
                          Filter: ((kind_id > 1) AND (production_year < 2007))
                          Rows Removed by Filter: 1432731
Planning time: 1.144 ms
Execution time: 19033.614 ms
