Hash Join  (cost=263115.61..1156378.05 rows=3681980 width=0) (actual time=13710.467..23234.141 rows=5676109 loops=1)
  Hash Cond: (ci.movie_id = t.id)
  ->  Seq Scan on cast_info ci  (cost=0.00..796071.18 rows=3568235 width=4) (actual time=7659.798..14888.932 rows=1359262 loops=1)
        Filter: ((person_id < 2832766) AND (role_id > 9))
        Rows Removed by Filter: 34885082
  ->  Hash  (cost=220309.49..220309.49 rows=2609129 width=8) (actual time=6049.430..6049.430 rows=2609129 loops=1)
        Buckets: 131072  Batches: 64  Memory Usage: 2610kB
        ->  Hash Join  (cost=102767.86..220309.49 rows=2609129 width=8) (actual time=2010.612..5388.753 rows=2609129 loops=1)
              Hash Cond: (mc.movie_id = t.id)
              ->  Seq Scan on movie_companies mc  (cost=0.00..44881.29 rows=2609129 width=4) (actual time=0.025..956.691 rows=2609129 loops=1)
              ->  Hash  (cost=61283.27..61283.27 rows=2528527 width=4) (actual time=2009.848..2009.848 rows=2528312 loops=1)
                    Buckets: 131072  Batches: 64  Memory Usage: 2415kB
                    ->  Seq Scan on title t  (cost=0.00..61283.27 rows=2528527 width=4) (actual time=0.012..1198.602 rows=2528312 loops=1)
Planning time: 1.191 ms
Execution time: 23833.005 ms
