Seq Scan on cast_info ci  (cost=0.00..796071.18 rows=4441662 width=0) (actual time=4721.648..13325.017 rows=3777991 loops=1)
  Filter: ((person_id < 2228068) AND (role_id = 2))
  Rows Removed by Filter: 32466353
Planning time: 0.384 ms
Execution time: 13788.179 ms
