Hash Join  (cost=83074.74..447745.01 rows=1434 width=0) (actual time=1366.102..7769.669 rows=288 loops=1)
  Hash Cond: (mi.movie_id = t.id)
  ->  Seq Scan on movie_info mi  (cost=0.00..309384.22 rows=14739122 width=4) (actual time=0.014..3819.739 rows=14835720 loops=1)
  ->  Hash  (cost=83071.67..83071.67 rows=246 width=8) (actual time=1334.238..1334.238 rows=5 loops=1)
        Buckets: 1024  Batches: 1  Memory Usage: 9kB
        ->  Nested Loop  (cost=0.43..83071.67 rows=246 width=8) (actual time=212.439..1334.202 rows=5 loops=1)
              ->  Seq Scan on movie_keyword mk  (cost=0.00..81003.12 rows=246 width=4) (actual time=212.348..1333.882 rows=5 loops=1)
                    Filter: (keyword_id = 47876)
                    Rows Removed by Filter: 4523925
              ->  Index Only Scan using title_pkey on title t  (cost=0.43..8.40 rows=1 width=4) (actual time=0.051..0.052 rows=1 loops=5)
                    Index Cond: (id = mk.movie_id)
                    Heap Fetches: 5
Planning time: 1.096 ms
Execution time: 7769.886 ms
