Seq Scan on movie_companies mc  (cost=0.00..57926.93 rows=53 width=0) (actual time=336.451..812.441 rows=1541 loops=1)
  Filter: ((company_type_id > 1) AND (company_id = 7563))
  Rows Removed by Filter: 2607588
Planning time: 0.260 ms
Execution time: 812.716 ms
