Hash Join  (cost=190230.21..349470.35 rows=2335868 width=0) (actual time=4356.782..10736.125 rows=9855082 loops=1)
  Hash Cond: (mk.movie_id = t.id)
  ->  Seq Scan on movie_keyword mk  (cost=0.00..81003.12 rows=4279823 width=4) (actual time=0.026..1898.944 rows=4281024 loops=1)
        Filter: (keyword_id < 61468)
        Rows Removed by Filter: 242906
  ->  Hash  (cost=167588.78..167588.78 rows=1380035 width=8) (actual time=4355.339..4355.339 rows=1380035 loops=1)
        Buckets: 131072  Batches: 32  Memory Usage: 2726kB
        ->  Hash Join  (cost=102767.86..167588.78 rows=1380035 width=8) (actual time=2042.342..3970.532 rows=1380035 loops=1)
              Hash Cond: (mi_idx.movie_id = t.id)
              ->  Seq Scan on movie_info_idx mi_idx  (cost=0.00..21735.35 rows=1380035 width=4) (actual time=0.022..452.545 rows=1380035 loops=1)
              ->  Hash  (cost=61283.27..61283.27 rows=2528527 width=4) (actual time=2040.483..2040.483 rows=2528312 loops=1)
                    Buckets: 131072  Batches: 64  Memory Usage: 2415kB
                    ->  Seq Scan on title t  (cost=0.00..61283.27 rows=2528527 width=4) (actual time=0.009..1200.640 rows=2528312 loops=1)
Planning time: 1.836 ms
Execution time: 11908.416 ms
