Hash Join  (cost=172328.00..210832.77 rows=47329 width=0) (actual time=3264.915..4333.091 rows=355540 loops=1)
  Hash Cond: (mi_idx.movie_id = t.id)
  ->  Seq Scan on movie_info_idx mi_idx  (cost=0.00..21735.35 rows=1380035 width=4) (actual time=0.027..525.523 rows=1380035 loops=1)
  ->  Hash  (cost=170905.02..170905.02 rows=86718 width=8) (actual time=3242.086..3242.086 rows=143777 loops=1)
        Buckets: 131072  Batches: 2  Memory Usage: 3821kB
        ->  Hash Join  (cost=81928.94..170905.02 rows=86718 width=8) (actual time=1501.425..3202.812 rows=143777 loops=1)
              Hash Cond: (mk.movie_id = t.id)
              ->  Seq Scan on movie_keyword mk  (cost=0.00..81003.12 rows=449540 width=4) (actual time=0.015..1414.592 rows=448592 loops=1)
                    Filter: (keyword_id > 39584)
                    Rows Removed by Filter: 4075338
              ->  Hash  (cost=73925.90..73925.90 rows=487763 width=4) (actual time=1500.725..1500.725 rows=380204 loops=1)
                    Buckets: 131072  Batches: 8  Memory Usage: 2701kB
                    ->  Seq Scan on title t  (cost=0.00..73925.90 rows=487763 width=4) (actual time=0.012..1369.719 rows=380204 loops=1)
                          Filter: ((kind_id < 4) AND (production_year > 1999))
                          Rows Removed by Filter: 2148108
Planning time: 1.143 ms
Execution time: 4379.703 ms
