Seq Scan on movie_companies mc  (cost=0.00..51404.11 rows=104 width=0) (actual time=127.824..856.768 rows=16 loops=1)
  Filter: (company_id = 33659)
  Rows Removed by Filter: 2609113
Planning time: 0.365 ms
Execution time: 856.858 ms
