Hash Join  (cost=73994.33..438969.35 rows=31909 width=0) (actual time=1182.243..8985.794 rows=45070 loops=1)
  Hash Cond: (mi.movie_id = t.id)
  ->  Seq Scan on movie_info mi  (cost=0.00..309384.22 rows=14739122 width=4) (actual time=0.011..4532.842 rows=14835720 loops=1)
  ->  Hash  (cost=73925.90..73925.90 rows=5474 width=4) (actual time=1182.132..1182.132 rows=10147 loops=1)
        Buckets: 16384 (originally 8192)  Batches: 1 (originally 1)  Memory Usage: 485kB
        ->  Seq Scan on title t  (cost=0.00..73925.90 rows=5474 width=4) (actual time=0.051..1176.869 rows=10147 loops=1)
              Filter: ((kind_id > 1) AND (production_year = 1978))
              Rows Removed by Filter: 2518165
Planning time: 0.793 ms
Execution time: 8993.869 ms
