Hash Join  (cost=901743.28..978823.26 rows=147245 width=0) (actual time=15983.861..17500.021 rows=87742 loops=1)
  Hash Cond: (mc.movie_id = t.id)
  ->  Seq Scan on movie_companies mc  (cost=0.00..44881.29 rows=2609129 width=4) (actual time=0.012..905.335 rows=2609129 loops=1)
  ->  Hash  (cost=899401.58..899401.58 rows=142696 width=8) (actual time=15718.669..15718.669 rows=41931 loops=1)
        Buckets: 131072  Batches: 2  Memory Usage: 1842kB
        ->  Hash Join  (cost=92883.59..899401.58 rows=142696 width=8) (actual time=14856.014..15701.713 rows=41931 loops=1)
              Hash Cond: (ci.movie_id = t.id)
              ->  Seq Scan on cast_info ci  (cost=0.00..796071.18 rows=234171 width=4) (actual time=13085.222..13601.629 rows=81314 loops=1)
                    Filter: ((person_id < 2481225) AND (role_id > 10))
                    Rows Removed by Filter: 36163030
              ->  Hash  (cost=67604.59..67604.59 rows=1540800 width=4) (actual time=1769.329..1769.329 rows=1543264 loops=1)
                    Buckets: 131072  Batches: 32  Memory Usage: 2722kB
                    ->  Seq Scan on title t  (cost=0.00..67604.59 rows=1540800 width=4) (actual time=109.905..1248.195 rows=1543264 loops=1)
                          Filter: (kind_id = 7)
                          Rows Removed by Filter: 985048
Planning time: 0.787 ms
Execution time: 17510.927 ms
