Seq Scan on movie_keyword mk  (cost=0.00..81003.12 rows=246 width=0) (actual time=23.842..1329.584 rows=1787 loops=1)
  Filter: (keyword_id = 21711)
  Rows Removed by Filter: 4522143
Planning time: 2.537 ms
Execution time: 1330.247 ms
