Hash Join  (cost=836450.46..1343208.38 rows=799209 width=0) (actual time=14388.105..25424.356 rows=562610 loops=1)
  Hash Cond: (mi.movie_id = t.id)
  ->  Seq Scan on movie_info mi  (cost=0.00..309384.22 rows=14739122 width=4) (actual time=0.019..5808.615 rows=14835720 loops=1)
  ->  Hash  (cost=834200.63..834200.63 rows=137106 width=8) (actual time=14024.203..14024.203 rows=147358 loops=1)
        Buckets: 131072  Batches: 2  Memory Usage: 3933kB
        ->  Hash Join  (cost=75195.76..834200.63 rows=137106 width=8) (actual time=2598.501..13958.828 rows=147358 loops=1)
              Hash Cond: (ci.movie_id = t.id)
              ->  Seq Scan on cast_info ci  (cost=0.00..705507.15 rows=4482044 width=4) (actual time=723.776..10442.159 rows=4357219 loops=1)
                    Filter: (person_id < 420391)
                    Rows Removed by Filter: 31887125
              ->  Hash  (cost=73925.90..73925.90 rows=77348 width=4) (actual time=1873.898..1873.898 rows=84109 loops=1)
                    Buckets: 131072  Batches: 2  Memory Usage: 2509kB
                    ->  Seq Scan on title t  (cost=0.00..73925.90 rows=77348 width=4) (actual time=118.013..1218.803 rows=84109 loops=1)
                          Filter: ((kind_id = 7) AND (production_year = 2008))
                          Rows Removed by Filter: 2444203
Planning time: 1.208 ms
Execution time: 25491.415 ms
