Hash Join  (cost=96997.87..664269.23 rows=8197144 width=0) (actual time=1884.521..16641.504 rows=3937221 loops=1)
  Hash Cond: (mi.movie_id = t.id)
  ->  Seq Scan on movie_info mi  (cost=0.00..309384.22 rows=14739122 width=4) (actual time=0.013..5678.885 rows=14835720 loops=1)
  ->  Hash  (cost=73925.90..73925.90 rows=1406237 width=4) (actual time=1883.721..1883.721 rows=1478356 loops=1)
        Buckets: 131072  Batches: 32  Memory Usage: 2656kB
        ->  Seq Scan on title t  (cost=0.00..73925.90 rows=1406237 width=4) (actual time=0.009..1389.151 rows=1478356 loops=1)
              Filter: ((production_year > 1946) AND (kind_id = 7))
              Rows Removed by Filter: 1049956
Planning time: 0.597 ms
Execution time: 17115.154 ms
