Hash Join  (cost=102614.81..189290.78 rows=1793 width=0) (actual time=1706.421..3462.623 rows=21942 loops=1)
  Hash Cond: (mk.movie_id = t.id)
  ->  Seq Scan on movie_keyword mk  (cost=0.00..69693.30 rows=4523930 width=4) (actual time=0.025..998.952 rows=4523930 loops=1)
  ->  Hash  (cost=102602.29..102602.29 rows=1002 width=8) (actual time=1663.982..1663.982 rows=3126 loops=1)
        Buckets: 4096 (originally 1024)  Batches: 1 (originally 1)  Memory Usage: 155kB
        ->  Hash Join  (cost=73960.37..102602.29 rows=1002 width=8) (actual time=1204.209..1662.481 rows=3126 loops=1)
              Hash Cond: (mi_idx.movie_id = t.id)
              ->  Seq Scan on movie_info_idx mi_idx  (cost=0.00..25185.44 rows=919057 width=4) (actual time=0.021..452.932 rows=920110 loops=1)
                    Filter: (info_type_id > 99)
                    Rows Removed by Filter: 459925
              ->  Hash  (cost=73925.90..73925.90 rows=2757 width=4) (actual time=1047.457..1047.457 rows=4737 loops=1)
                    Buckets: 8192 (originally 4096)  Batches: 1 (originally 1)  Memory Usage: 231kB
                    ->  Seq Scan on title t  (cost=0.00..73925.90 rows=2757 width=4) (actual time=0.070..1045.192 rows=4737 loops=1)
                          Filter: ((kind_id = 4) AND (production_year = 2002))
                          Rows Removed by Filter: 2523575
Planning time: 1.131 ms
Execution time: 3465.614 ms
