Nested Loop  (cost=0.43..83072.29 rows=181 width=0) (actual time=12.692..1265.028 rows=286 loops=1)
  ->  Seq Scan on movie_keyword mk  (cost=0.00..81003.12 rows=246 width=4) (actual time=3.475..1212.433 rows=1523 loops=1)
        Filter: (keyword_id = 370)
        Rows Removed by Filter: 4522407
  ->  Index Scan using title_pkey on title t  (cost=0.43..8.40 rows=1 width=4) (actual time=0.033..0.033 rows=0 loops=1523)
        Index Cond: (id = mk.movie_id)
        Filter: (kind_id > 1)
        Rows Removed by Filter: 1
Planning time: 0.753 ms
Execution time: 1265.322 ms
