Hash Join  (cost=1018504.83..3692960.15 rows=121502720 width=0) (actual time=25571.113..133257.950 rows=275031248 loops=1)
  Hash Cond: (ci.movie_id = t.id)
  ->  Seq Scan on cast_info ci  (cost=0.00..796071.18 rows=20844044 width=4) (actual time=1377.030..18130.194 rows=23573706 loops=1)
        Filter: ((person_id < 2561004) AND (role_id < 9))
        Rows Removed by Filter: 12670638
  ->  Hash  (cost=776690.81..776690.81 rows=14739122 width=8) (actual time=24192.737..24192.737 rows=14835720 loops=1)
        Buckets: 131072  Batches: 256  Memory Usage: 3268kB
        ->  Hash Join  (cost=102767.86..776690.81 rows=14739122 width=8) (actual time=1895.521..20124.233 rows=14835720 loops=1)
              Hash Cond: (mi.movie_id = t.id)
              ->  Seq Scan on movie_info mi  (cost=0.00..309384.22 rows=14739122 width=4) (actual time=0.052..5833.889 rows=14835720 loops=1)
              ->  Hash  (cost=61283.27..61283.27 rows=2528527 width=4) (actual time=1893.933..1893.933 rows=2528312 loops=1)
                    Buckets: 131072  Batches: 64  Memory Usage: 2425kB
                    ->  Seq Scan on title t  (cost=0.00..61283.27 rows=2528527 width=4) (actual time=0.023..1019.524 rows=2528312 loops=1)
Planning time: 1.169 ms
Execution time: 162685.019 ms
