Seq Scan on cast_info ci  (cost=0.00..796071.18 rows=20366421 width=0) (actual time=0.009..16947.108 rows=18708721 loops=1)
  Filter: ((person_id < 3188037) AND (role_id > 1))
  Rows Removed by Filter: 17535623
Planning time: 0.243 ms
Execution time: 19274.433 ms
