Seq Scan on cast_info ci  (cost=0.00..705507.15 rows=500 width=0) (actual time=93.639..10128.798 rows=665 loops=1)
  Filter: (person_id = 1811644)
  Rows Removed by Filter: 36243679
Planning time: 0.360 ms
Execution time: 10128.993 ms
