Hash Join  (cost=816483.73..1310478.09 rows=1329643 width=0) (actual time=11902.208..26876.860 rows=10944828 loops=1)
  Hash Cond: (mi.movie_id = t.id)
  ->  Seq Scan on movie_info mi  (cost=0.00..309384.22 rows=14739122 width=4) (actual time=0.008..6136.093 rows=14835720 loops=1)
  ->  Hash  (cost=812740.45..812740.45 rows=228103 width=8) (actual time=11901.288..11901.288 rows=219973 loops=1)
        Buckets: 131072  Batches: 4  Memory Usage: 3117kB
        ->  Hash Join  (cost=78171.87..812740.45 rows=228103 width=8) (actual time=3075.613..11823.787 rows=219973 loops=1)
              Hash Cond: (ci.movie_id = t.id)
              ->  Seq Scan on cast_info ci  (cost=0.00..705507.15 rows=2228640 width=4) (actual time=1773.324..9302.471 rows=2267381 loops=1)
                    Filter: (person_id > 3618760)
                    Rows Removed by Filter: 33976963
              ->  Hash  (cost=73925.90..73925.90 rows=258797 width=4) (actual time=1301.372..1301.372 rows=227847 loops=1)
                    Buckets: 131072  Batches: 4  Memory Usage: 3032kB
                    ->  Seq Scan on title t  (cost=0.00..73925.90 rows=258797 width=4) (actual time=0.025..1128.814 rows=227847 loops=1)
                          Filter: ((kind_id < 7) AND (production_year > 2008))
                          Rows Removed by Filter: 2300465
Planning time: 1.261 ms
Execution time: 28071.927 ms
