Seq Scan on cast_info ci  (cost=0.00..705507.15 rows=28326743 width=0) (actual time=1373.949..13387.249 rows=28465777 loops=1)
  Filter: (person_id > 757308)
  Rows Removed by Filter: 7778567
Planning time: 0.323 ms
Execution time: 16915.375 ms
