Hash Join  (cost=69002.72..564849.70 rows=422769 width=0) (actual time=1210.782..13619.976 rows=390570 loops=1)
  Hash Cond: (mi.movie_id = t.id)
  ->  Seq Scan on movie_info mi  (cost=0.00..346232.03 rows=12545135 width=4) (actual time=0.021..7068.552 rows=12601870 loops=1)
        Filter: (info_type_id < 17)
        Rows Removed by Filter: 2233850
  ->  Hash  (cost=67604.59..67604.59 rows=85211 width=4) (actual time=1209.838..1209.838 rows=84593 loops=1)
        Buckets: 131072  Batches: 2  Memory Usage: 2524kB
        ->  Seq Scan on title t  (cost=0.00..67604.59 rows=85211 width=4) (actual time=0.010..1174.377 rows=84593 loops=1)
              Filter: (production_year = 2004)
              Rows Removed by Filter: 2443719
Planning time: 0.769 ms
Execution time: 13673.937 ms
