Seq Scan on cast_info ci  (cost=0.00..796071.18 rows=6714060 width=0) (actual time=10060.506..15875.877 rows=7451531 loops=1)
  Filter: ((person_id > 275316) AND (role_id = 2))
  Rows Removed by Filter: 28792813
Planning time: 0.360 ms
Execution time: 16803.929 ms
