Nested Loop  (cost=0.43..447847.04 rows=16252 width=0) (actual time=2644.339..6125.040 rows=108722 loops=1)
  ->  Seq Scan on movie_info mi  (cost=0.00..346232.03 rows=17937 width=4) (actual time=2587.674..5428.920 rows=109034 loops=1)
        Filter: (info_type_id = 106)
        Rows Removed by Filter: 14726686
  ->  Index Scan using title_pkey on title t  (cost=0.43..5.66 rows=1 width=4) (actual time=0.006..0.006 rows=1 loops=109034)
        Index Cond: (id = mi.movie_id)
        Filter: (production_year > 1951)
        Rows Removed by Filter: 0
Planning time: 0.781 ms
Execution time: 6142.912 ms
