Hash Join  (cost=189137.96..323059.08 rows=978309 width=0) (actual time=4150.921..7892.237 rows=1750348 loops=1)
  Hash Cond: (mk.movie_id = t.id)
  ->  Seq Scan on movie_keyword mk  (cost=0.00..69693.30 rows=4523930 width=4) (actual time=0.029..1457.053 rows=4523930 loops=1)
  ->  Hash  (cost=180166.97..180166.97 rows=546799 width=8) (actual time=4150.001..4150.001 rows=295328 loops=1)
        Buckets: 131072  Batches: 8  Memory Usage: 2476kB
        ->  Hash Join  (cost=100089.65..180166.97 rows=546799 width=8) (actual time=2312.698..4070.805 rows=295328 loops=1)
              Hash Cond: (mc.movie_id = t.id)
              ->  Seq Scan on movie_companies mc  (cost=0.00..57926.93 rows=698279 width=4) (actual time=228.682..1113.010 rows=440679 loops=1)
                    Filter: ((company_id < 11649) AND (company_type_id = 2))
                    Rows Removed by Filter: 2168450
              ->  Hash  (cost=67604.59..67604.59 rows=1980005 width=4) (actual time=2083.111..2083.111 rows=1976617 loops=1)
                    Buckets: 131072  Batches: 32  Memory Usage: 3203kB
                    ->  Seq Scan on title t  (cost=0.00..67604.59 rows=1980005 width=4) (actual time=0.026..1449.188 rows=1976617 loops=1)
                          Filter: (production_year > 1977)
                          Rows Removed by Filter: 551695
Planning time: 1.107 ms
Execution time: 8105.955 ms
