Hash Join  (cost=100908.38..155590.28 rows=1636 width=0) (actual time=1504.865..2603.255 rows=1392 loops=1)
  Hash Cond: (mc.movie_id = t.id)
  ->  Seq Scan on movie_companies mc  (cost=0.00..44881.29 rows=2609129 width=4) (actual time=0.011..612.812 rows=2609129 loops=1)
  ->  Hash  (cost=100888.56..100888.56 rows=1586 width=8) (actual time=1503.977..1503.977 rows=633 loops=1)
        Buckets: 2048  Batches: 1  Memory Usage: 41kB
        ->  Hash Join  (cost=73962.22..100888.56 rows=1586 width=8) (actual time=978.924..1503.645 rows=633 loops=1)
              Hash Cond: (mi_idx.movie_id = t.id)
              ->  Seq Scan on movie_info_idx mi_idx  (cost=0.00..21735.35 rows=1380035 width=4) (actual time=0.013..259.587 rows=1380035 loops=1)
              ->  Hash  (cost=73925.90..73925.90 rows=2905 width=4) (actual time=978.797..978.797 rows=1815 loops=1)
                    Buckets: 4096  Batches: 1  Memory Usage: 96kB
                    ->  Seq Scan on title t  (cost=0.00..73925.90 rows=2905 width=4) (actual time=281.585..977.754 rows=1815 loops=1)
                          Filter: ((kind_id < 7) AND (production_year = 1900))
                          Rows Removed by Filter: 2526497
Planning time: 0.722 ms
Execution time: 2603.604 ms
