Hash Join  (cost=275020.36..899036.73 rows=11788656 width=0) (actual time=5890.842..22470.903 rows=14680456 loops=1)
  Hash Cond: (mi.movie_id = t.id)
  ->  Seq Scan on movie_info mi  (cost=0.00..309384.22 rows=14739122 width=4) (actual time=0.010..6212.406 rows=14835720 loops=1)
  ->  Hash  (cost=241840.76..241840.76 rows=2022368 width=8) (actual time=5889.265..5889.265 rows=994454 loops=1)
        Buckets: 131072  Batches: 32  Memory Usage: 2258kB
        ->  Hash Join  (cost=98137.04..241840.76 rows=2022368 width=8) (actual time=2159.305..5603.287 rows=994454 loops=1)
              Hash Cond: (mk.movie_id = t.id)
              ->  Seq Scan on movie_keyword mk  (cost=0.00..81003.12 rows=2747783 width=4) (actual time=0.024..1657.624 rows=2738812 loops=1)
                    Filter: (keyword_id > 2888)
                    Rows Removed by Filter: 1785118
              ->  Hash  (cost=67604.59..67604.59 rows=1860996 width=4) (actual time=2157.092..2157.092 rows=1865487 loops=1)
                    Buckets: 131072  Batches: 32  Memory Usage: 3085kB
                    ->  Seq Scan on title t  (cost=0.00..67604.59 rows=1860996 width=4) (actual time=0.022..1291.031 rows=1865487 loops=1)
                          Filter: (kind_id > 1)
                          Rows Removed by Filter: 662825
Planning time: 1.186 ms
Execution time: 24046.012 ms
