Hash Join  (cost=150421.31..1200506.68 rows=1865760 width=0) (actual time=2968.186..30098.168 rows=2905191 loops=1)
  Hash Cond: (ci.movie_id = t.id)
  ->  Seq Scan on cast_info ci  (cost=0.00..705507.15 rows=28130834 width=4) (actual time=0.015..15850.996 rows=28188676 loops=1)
        Filter: (person_id < 2874831)
        Rows Removed by Filter: 8055668
  ->  Hash  (cost=147669.02..147669.02 rows=167703 width=8) (actual time=2967.263..2967.263 rows=90233 loops=1)
        Buckets: 131072  Batches: 4  Memory Usage: 1897kB
        ->  Hash Join  (cost=74050.79..147669.02 rows=167703 width=8) (actual time=1403.720..2942.801 rows=90233 loops=1)
              Hash Cond: (mc.movie_id = t.id)
              ->  Seq Scan on movie_companies mc  (cost=0.00..57926.93 rows=1079271 width=4) (actual time=0.026..1089.779 rows=961111 loops=1)
                    Filter: ((company_id > 258) AND (company_type_id < 2))
                    Rows Removed by Filter: 1648018
              ->  Hash  (cost=67604.59..67604.59 rows=392896 width=4) (actual time=1402.915..1402.915 rows=391666 loops=1)
                    Buckets: 131072  Batches: 8  Memory Usage: 2753kB
                    ->  Seq Scan on title t  (cost=0.00..67604.59 rows=392896 width=4) (actual time=0.015..1270.976 rows=391666 loops=1)
                          Filter: (production_year > 2010)
                          Rows Removed by Filter: 2136646
Planning time: 1.230 ms
Execution time: 30413.948 ms
