Hash Join  (cost=74357.80..167985.64 rows=44387 width=0) (actual time=1327.358..3435.548 rows=28286 loops=1)
  Hash Cond: (mk.movie_id = t.id)
  ->  Seq Scan on movie_keyword mk  (cost=0.00..81003.12 rows=3248225 width=4) (actual time=0.020..1584.296 rows=3240453 loops=1)
        Filter: (keyword_id < 13775)
        Rows Removed by Filter: 1283477
  ->  Hash  (cost=73925.90..73925.90 rows=34552 width=4) (actual time=1326.308..1326.308 rows=39508 loops=1)
        Buckets: 65536  Batches: 1  Memory Usage: 1901kB
        ->  Seq Scan on title t  (cost=0.00..73925.90 rows=34552 width=4) (actual time=0.018..1309.394 rows=39508 loops=1)
              Filter: ((kind_id > 1) AND (production_year = 1998))
              Rows Removed by Filter: 2488804
Planning time: 0.730 ms
Execution time: 3439.588 ms
