Hash Join  (cost=148598.05..1080945.76 rows=3724069 width=0) (actual time=8725.648..28406.112 rows=6607548 loops=1)
  Hash Cond: (ci.movie_id = t.id)
  ->  Seq Scan on cast_info ci  (cost=0.00..705507.15 rows=16201301 width=4) (actual time=5386.116..14900.415 rows=16121683 loops=1)
        Filter: (role_id > 2)
        Rows Removed by Filter: 20122661
  ->  Hash  (cost=139061.89..139061.89 rows=581213 width=8) (actual time=3338.410..3338.410 rows=493329 loops=1)
        Buckets: 131072  Batches: 8  Memory Usage: 3448kB
        ->  Hash Join  (cost=91397.28..139061.89 rows=581213 width=8) (actual time=1799.222..3212.483 rows=493329 loops=1)
              Hash Cond: (mi_idx.movie_id = t.id)
              ->  Seq Scan on movie_info_idx mi_idx  (cost=0.00..21735.35 rows=1380035 width=4) (actual time=0.038..527.547 rows=1380035 loops=1)
              ->  Hash  (cost=73925.90..73925.90 rows=1064910 width=4) (actual time=1798.418..1798.418 rows=1003269 loops=1)
                    Buckets: 131072  Batches: 16  Memory Usage: 3233kB
                    ->  Seq Scan on title t  (cost=0.00..73925.90 rows=1064910 width=4) (actual time=0.026..1478.249 rows=1003269 loops=1)
                          Filter: ((kind_id > 1) AND (production_year < 2006))
                          Rows Removed by Filter: 1525043
Planning time: 1.188 ms
Execution time: 29159.570 ms
