Hash Join  (cost=290364.59..1471540.77 rows=5828294 width=176) (actual time=14888.373..41951.660 rows=10024591 loops=1)
  Hash Cond: (ci.movie_id = t.id)
  ->  Seq Scan on cast_info ci  (cost=0.00..796071.18 rows=14385350 width=42) (actual time=7498.503..18560.742 rows=12024190 loops=1)
        Filter: ((person_id < 3306296) AND (role_id > 2))
        Rows Removed by Filter: 24220154
  ->  Hash  (cost=257550.02..257550.02 rows=1024445 width=134) (actual time=7388.271..7388.271 rows=1169544 loops=1)
        Buckets: 32768  Batches: 64  Memory Usage: 2618kB
        ->  Hash Join  (cost=129928.86..257550.02 rows=1024445 width=134) (actual time=3075.892..6709.820 rows=1169544 loops=1)
              Hash Cond: (mc.movie_id = t.id)
              ->  Seq Scan on movie_companies mc  (cost=0.00..57926.93 rows=1024445 width=40) (actual time=175.391..1322.012 rows=1169544 loops=1)
                    Filter: ((company_id > 686) AND (company_type_id > 1))
                    Rows Removed by Filter: 1439585
              ->  Hash  (cost=61283.27..61283.27 rows=2528527 width=94) (actual time=2899.593..2899.593 rows=2528312 loops=1)
                    Buckets: 32768  Batches: 128  Memory Usage: 2453kB
                    ->  Seq Scan on title t  (cost=0.00..61283.27 rows=2528527 width=94) (actual time=0.034..1143.563 rows=2528312 loops=1)
Planning time: 1.529 ms
Execution time: 42492.417 ms
