Seq Scan on movie_keyword mk  (cost=0.00..81003.12 rows=2224112 width=0) (actual time=0.022..1468.301 rows=2217834 loops=1)
  Filter: (keyword_id > 4947)
  Rows Removed by Filter: 2306096
Planning time: 0.297 ms
Execution time: 1738.219 ms
