Seq Scan on cast_info ci  (cost=0.00..796071.18 rows=382 width=0) (actual time=5430.350..14795.268 rows=148 loops=1)
  Filter: ((role_id < 6) AND (person_id = 1973201))
  Rows Removed by Filter: 36244196
Planning time: 0.294 ms
Execution time: 14795.386 ms
