Seq Scan on movie_companies mc  (cost=0.00..57926.93 rows=53 width=0) (actual time=140.242..834.776 rows=1 loops=1)
  Filter: ((company_id = 160009) AND (company_type_id = 2))
  Rows Removed by Filter: 2609128
Planning time: 0.354 ms
Execution time: 834.864 ms
