Hash Join  (cost=84832.42..559393.14 rows=2329225 width=0) (actual time=1529.455..12449.009 rows=943906 loops=1)
  Hash Cond: (mi.movie_id = t.id)
  ->  Seq Scan on movie_info mi  (cost=0.00..346232.03 rows=8859586 width=4) (actual time=0.023..6487.269 rows=8966694 loops=1)
        Filter: (info_type_id < 15)
        Rows Removed by Filter: 5869026
  ->  Hash  (cost=73925.90..73925.90 rows=664761 width=4) (actual time=1522.888..1522.888 rows=704326 loops=1)
        Buckets: 131072  Batches: 16  Memory Usage: 2581kB
        ->  Seq Scan on title t  (cost=0.00..73925.90 rows=664761 width=4) (actual time=0.025..1288.148 rows=704326 loops=1)
              Filter: ((kind_id > 1) AND (production_year > 2006))
              Rows Removed by Filter: 1823986
Planning time: 0.817 ms
Execution time: 12551.224 ms
