Nested Loop  (cost=0.43..113589.64 rows=1660 width=0) (actual time=0.058..1493.850 rows=3965 loops=1)
  ->  Seq Scan on movie_keyword mk  (cost=0.00..81003.12 rows=4373 width=4) (actual time=0.018..1332.929 rows=4246 loops=1)
        Filter: (keyword_id = 7281)
        Rows Removed by Filter: 4519684
  ->  Index Scan using title_pkey on title t  (cost=0.43..7.44 rows=1 width=4) (actual time=0.036..0.037 rows=1 loops=4246)
        Index Cond: (id = mk.movie_id)
        Filter: ((kind_id < 7) AND (production_year > 0))
        Rows Removed by Filter: 0
Planning time: 0.783 ms
Execution time: 1495.156 ms
