Seq Scan on cast_info ci  (cost=0.00..796071.18 rows=3903300 width=0) (actual time=0.012..15005.049 rows=1777456 loops=1)
  Filter: ((person_id < 3046492) AND (role_id > 9))
  Rows Removed by Filter: 34466888
Planning time: 0.253 ms
Execution time: 15229.464 ms
