Hash Join  (cost=58358.61..85269.18 rows=9 width=0) (actual time=884.312..1448.343 rows=105 loops=1)
  Hash Cond: (mi_idx.movie_id = t.id)
  ->  Seq Scan on movie_info_idx mi_idx  (cost=0.00..21735.35 rows=1380035 width=4) (actual time=0.021..340.804 rows=1380035 loops=1)
  ->  Hash  (cost=58358.39..58358.39 rows=17 width=8) (actual time=871.281..871.281 rows=36 loops=1)
        Buckets: 1024  Batches: 1  Memory Usage: 10kB
        ->  Nested Loop  (cost=0.43..58358.39 rows=17 width=8) (actual time=9.036..871.236 rows=36 loops=1)
              ->  Seq Scan on movie_companies mc  (cost=0.00..57926.93 rows=51 width=4) (actual time=8.995..869.993 rows=36 loops=1)
                    Filter: ((company_id = 17235) AND (company_type_id = 1))
                    Rows Removed by Filter: 2609093
              ->  Index Scan using title_pkey on title t  (cost=0.43..8.45 rows=1 width=4) (actual time=0.031..0.031 rows=1 loops=36)
                    Index Cond: (id = mc.movie_id)
                    Filter: (kind_id < 4)
Planning time: 1.137 ms
Execution time: 1448.540 ms
