Hash Join  (cost=73994.33..440078.21 rows=11395 width=0) (actual time=2933.850..7802.237 rows=17276 loops=1)
  Hash Cond: (mi.movie_id = t.id)
  ->  Seq Scan on movie_info mi  (cost=0.00..346232.03 rows=5263441 width=4) (actual time=1798.273..5692.201 rows=5270569 loops=1)
        Filter: (info_type_id > 15)
        Rows Removed by Filter: 9565151
  ->  Hash  (cost=73925.90..73925.90 rows=5474 width=4) (actual time=1133.769..1133.769 rows=11034 loops=1)
        Buckets: 16384 (originally 8192)  Batches: 1 (originally 1)  Memory Usage: 516kB
        ->  Seq Scan on title t  (cost=0.00..73925.90 rows=5474 width=4) (actual time=0.073..1128.002 rows=11034 loops=1)
              Filter: ((kind_id > 1) AND (production_year = 1983))
              Rows Removed by Filter: 2517278
Planning time: 0.752 ms
Execution time: 7805.284 ms
