Seq Scan on movie_keyword mk  (cost=0.00..81003.12 rows=2377402 width=0) (actual time=0.017..1519.621 rows=2369544 loops=1)
  Filter: (keyword_id > 4066)
  Rows Removed by Filter: 2154386
Planning time: 0.396 ms
Execution time: 1821.910 ms
