Seq Scan on movie_keyword mk  (cost=0.00..81003.12 rows=2327406 width=0) (actual time=0.029..1556.864 rows=2328545 loops=1)
  Filter: (keyword_id < 5112)
  Rows Removed by Filter: 2195385
Planning time: 2.911 ms
Execution time: 1847.248 ms
