Seq Scan on movie_companies mc  (cost=0.00..51404.11 rows=1040798 width=0) (actual time=0.027..911.953 rows=1049655 loops=1)
  Filter: (company_id > 14968)
  Rows Removed by Filter: 1559474
Planning time: 0.547 ms
Execution time: 1047.415 ms
