Hash Join  (cost=88674.12..131206.38 rows=325320 width=0) (actual time=1561.852..2828.823 rows=580952 loops=1)
  Hash Cond: (mi_idx.movie_id = t.id)
  ->  Seq Scan on movie_info_idx mi_idx  (cost=0.00..25185.44 rows=915101 width=4) (actual time=0.031..540.722 rows=919850 loops=1)
        Filter: (info_type_id < 101)
        Rows Removed by Filter: 460185
  ->  Hash  (cost=73925.90..73925.90 rows=898897 width=4) (actual time=1561.066..1561.066 rows=815566 loops=1)
        Buckets: 131072  Batches: 16  Memory Usage: 2818kB
        ->  Seq Scan on title t  (cost=0.00..73925.90 rows=898897 width=4) (actual time=0.030..1302.351 rows=815566 loops=1)
              Filter: ((kind_id < 7) AND (production_year > 1949))
              Rows Removed by Filter: 1712746
Planning time: 0.688 ms
Execution time: 2897.577 ms
