Hash Join  (cost=83074.31..833886.69 rows=2326 width=0) (actual time=1396.152..16588.156 rows=96 loops=1)
  Hash Cond: (ci.movie_id = t.id)
  ->  Seq Scan on cast_info ci  (cost=0.00..614943.12 rows=36225612 width=4) (actual time=0.018..8500.173 rows=36244344 loops=1)
  ->  Hash  (cost=83072.29..83072.29 rows=162 width=8) (actual time=1380.323..1380.323 rows=4 loops=1)
        Buckets: 1024  Batches: 1  Memory Usage: 9kB
        ->  Nested Loop  (cost=0.43..83072.29 rows=162 width=8) (actual time=50.234..1380.307 rows=4 loops=1)
              ->  Seq Scan on movie_keyword mk  (cost=0.00..81003.12 rows=246 width=4) (actual time=50.175..1380.039 rows=5 loops=1)
                    Filter: (keyword_id = 15944)
                    Rows Removed by Filter: 4523925
              ->  Index Scan using title_pkey on title t  (cost=0.43..8.40 rows=1 width=4) (actual time=0.046..0.047 rows=1 loops=5)
                    Index Cond: (id = mk.movie_id)
                    Filter: (production_year < 2008)
                    Rows Removed by Filter: 0
Planning time: 1.146 ms
Execution time: 16588.370 ms
