Hash Join  (cost=167876.85..256532.82 rows=986946 width=0) (actual time=4688.253..7816.543 rows=2597382 loops=1)
  Hash Cond: (mc.movie_id = t.id)
  ->  Seq Scan on movie_companies mc  (cost=0.00..44881.29 rows=2609129 width=4) (actual time=0.027..999.086 rows=2609129 loops=1)
  ->  Hash  (cost=152184.15..152184.15 rows=956456 width=8) (actual time=4687.038..4687.038 rows=910578 loops=1)
        Buckets: 131072  Batches: 16  Memory Usage: 3249kB
        ->  Hash Join  (cost=96356.06..152184.15 rows=956456 width=8) (actual time=2877.640..4450.541 rows=910578 loops=1)
              Hash Cond: (mi_idx.movie_id = t.id)
              ->  Seq Scan on movie_info_idx mi_idx  (cost=0.00..21735.35 rows=1380035 width=4) (actual time=0.019..420.730 rows=1380035 loops=1)
              ->  Hash  (cost=67604.59..67604.59 rows=1752438 width=4) (actual time=2876.287..2876.287 rows=1749032 loops=1)
                    Buckets: 131072  Batches: 32  Memory Usage: 2950kB
                    ->  Seq Scan on title t  (cost=0.00..67604.59 rows=1752438 width=4) (actual time=0.023..1377.772 rows=1749032 loops=1)
                          Filter: (production_year > 1990)
                          Rows Removed by Filter: 779280
Planning time: 1.090 ms
Execution time: 8115.331 ms
