Seq Scan on movie_companies mc  (cost=0.00..51404.11 rows=8349 width=0) (actual time=0.742..773.034 rows=9025 loops=1)
  Filter: (company_id = 225)
  Rows Removed by Filter: 2600104
Planning time: 0.363 ms
Execution time: 774.608 ms
