Hash Join  (cost=454911.21..533474.42 rows=242094 width=0) (actual time=7992.619..10261.811 rows=689462 loops=1)
  Hash Cond: (mc.movie_id = t.id)
  ->  Seq Scan on movie_companies mc  (cost=0.00..51404.11 rows=2037904 width=4) (actual time=0.020..1103.518 rows=2034800 loops=1)
        Filter: (company_id < 71203)
        Rows Removed by Filter: 574329
  ->  Hash  (cost=449982.48..449982.48 rows=300379 width=8) (actual time=7991.973..7991.973 rows=453837 loops=1)
        Buckets: 131072 (originally 131072)  Batches: 8 (originally 4)  Memory Usage: 3249kB
        ->  Hash Join  (cost=83783.19..449982.48 rows=300379 width=8) (actual time=3912.840..7855.807 rows=453837 loops=1)
              Hash Cond: (mi.movie_id = t.id)
              ->  Seq Scan on movie_info mi  (cost=0.00..346232.03 rows=1264125 width=4) (actual time=2113.230..5501.045 rows=1288928 loops=1)
                    Filter: (info_type_id = 2)
                    Rows Removed by Filter: 13546792
              ->  Hash  (cost=73925.90..73925.90 rows=600823 width=4) (actual time=1496.543..1496.543 rows=484625 loops=1)
                    Buckets: 131072  Batches: 8  Memory Usage: 3176kB
                    ->  Seq Scan on title t  (cost=0.00..73925.90 rows=600823 width=4) (actual time=0.035..1344.526 rows=484625 loops=1)
                          Filter: ((production_year > 1953) AND (kind_id = 1))
                          Rows Removed by Filter: 2043687
Planning time: 0.805 ms
Execution time: 10349.398 ms
