Hash Join  (cost=219828.21..785361.32 rows=8034318 width=0) (actual time=5077.019..28942.760 rows=39765753 loops=1)
  Hash Cond: (mi.movie_id = t.id)
  ->  Seq Scan on movie_info mi  (cost=0.00..309384.22 rows=14739122 width=4) (actual time=0.022..5834.887 rows=14835720 loops=1)
  ->  Hash  (cost=197215.41..197215.41 rows=1378304 width=8) (actual time=5075.404..5075.404 rows=1365644 loops=1)
        Buckets: 131072  Batches: 32  Memory Usage: 2724kB
        ->  Hash Join  (cost=102767.86..197215.41 rows=1378304 width=8) (actual time=1962.694..4666.417 rows=1365644 loops=1)
              Hash Cond: (mc.movie_id = t.id)
              ->  Seq Scan on movie_companies mc  (cost=0.00..51404.11 rows=1378304 width=4) (actual time=0.031..1112.993 rows=1365644 loops=1)
                    Filter: (company_id < 11745)
                    Rows Removed by Filter: 1243485
              ->  Hash  (cost=61283.27..61283.27 rows=2528527 width=4) (actual time=1961.011..1961.011 rows=2528312 loops=1)
                    Buckets: 131072  Batches: 64  Memory Usage: 2415kB
                    ->  Seq Scan on title t  (cost=0.00..61283.27 rows=2528527 width=4) (actual time=0.015..1125.540 rows=2528312 loops=1)
Planning time: 1.160 ms
Execution time: 33259.936 ms
