Seq Scan on cast_info ci  (cost=0.00..796071.18 rows=12040940 width=0) (actual time=1254.025..14685.298 rows=6828068 loops=1)
  Filter: ((person_id < 2772210) AND (role_id > 2))
  Rows Removed by Filter: 29416276
Planning time: 0.272 ms
Execution time: 15513.209 ms
