Seq Scan on movie_companies mc  (cost=0.00..51404.11 rows=2022892 width=0) (actual time=0.055..3923.199 rows=2027261 loops=1)
  Filter: (company_id > 654)
  Rows Removed by Filter: 581868
Planning time: 0.337 ms
Execution time: 4176.098 ms
