Hash Join  (cost=78171.87..903620.42 rows=230675 width=0) (actual time=4486.725..14956.150 rows=333572 loops=1)
  Hash Cond: (ci.movie_id = t.id)
  ->  Seq Scan on cast_info ci  (cost=0.00..796071.18 rows=2253766 width=4) (actual time=3135.483..11976.005 rows=3472771 loops=1)
        Filter: ((person_id > 3428172) AND (role_id > 1))
        Rows Removed by Filter: 32771573
  ->  Hash  (cost=73925.90..73925.90 rows=258797 width=4) (actual time=1350.043..1350.043 rows=227847 loops=1)
        Buckets: 131072  Batches: 4  Memory Usage: 3032kB
        ->  Seq Scan on title t  (cost=0.00..73925.90 rows=258797 width=4) (actual time=0.042..1271.813 rows=227847 loops=1)
              Filter: ((kind_id < 7) AND (production_year > 2008))
              Rows Removed by Filter: 2300465
Planning time: 0.798 ms
Execution time: 15000.104 ms
