Hash Join  (cost=229166.32..827472.10 rows=9378995 width=0) (actual time=5102.039..31395.004 rows=49573956 loops=1)
  Hash Cond: (mi.movie_id = t.id)
  ->  Seq Scan on movie_info mi  (cost=0.00..309384.22 rows=14739122 width=4) (actual time=0.007..5899.054 rows=14835720 loops=1)
  ->  Hash  (cost=202767.99..202767.99 rows=1608986 width=8) (actual time=5101.313..5101.313 rows=1600263 loops=1)
        Buckets: 131072  Batches: 32  Memory Usage: 3019kB
        ->  Hash Join  (cost=102767.86..202767.99 rows=1608986 width=8) (actual time=1916.962..4632.400 rows=1600263 loops=1)
              Hash Cond: (mc.movie_id = t.id)
              ->  Seq Scan on movie_companies mc  (cost=0.00..51404.11 rows=1608986 width=4) (actual time=0.021..1035.068 rows=1600263 loops=1)
                    Filter: (company_id < 16396)
                    Rows Removed by Filter: 1008866
              ->  Hash  (cost=61283.27..61283.27 rows=2528527 width=4) (actual time=1915.680..1915.680 rows=2528312 loops=1)
                    Buckets: 131072  Batches: 64  Memory Usage: 2415kB
                    ->  Seq Scan on title t  (cost=0.00..61283.27 rows=2528527 width=4) (actual time=0.012..1084.593 rows=2528312 loops=1)
Planning time: 0.740 ms
Execution time: 36972.551 ms
