Hash Join  (cost=89544.76..232298.34 rows=1703255 width=0) (actual time=1627.094..6390.248 rows=3857712 loops=1)
  Hash Cond: (mk.movie_id = t.id)
  ->  Seq Scan on movie_keyword mk  (cost=0.00..69693.30 rows=4523930 width=4) (actual time=0.007..1387.782 rows=4523930 loops=1)
  ->  Hash  (cost=73925.90..73925.90 rows=951988 width=4) (actual time=1626.271..1626.271 rows=956688 loops=1)
        Buckets: 131072  Batches: 16  Memory Usage: 3135kB
        ->  Seq Scan on title t  (cost=0.00..73925.90 rows=951988 width=4) (actual time=0.066..1313.380 rows=956688 loops=1)
              Filter: ((kind_id < 7) AND (production_year > 1908))
              Rows Removed by Filter: 1571624
Planning time: 0.739 ms
Execution time: 6853.013 ms
