Hash Join  (cost=67697.55..415379.56 rows=1128 width=0) (actual time=4159.678..6272.406 rows=28 loops=1)
  Hash Cond: (mi.movie_id = t.id)
  ->  Seq Scan on movie_info mi  (cost=0.00..346232.03 rows=383654 width=4) (actual time=3063.692..5178.151 rows=428651 loops=1)
        Filter: (info_type_id > 104)
        Rows Removed by Filter: 14407069
  ->  Hash  (cost=67604.59..67604.59 rows=7437 width=4) (actual time=1024.332..1024.332 rows=8125 loops=1)
        Buckets: 8192  Batches: 1  Memory Usage: 350kB
        ->  Seq Scan on title t  (cost=0.00..67604.59 rows=7437 width=4) (actual time=50.058..1020.913 rows=8125 loops=1)
              Filter: (production_year = 1914)
              Rows Removed by Filter: 2520187
Planning time: 0.817 ms
Execution time: 6272.549 ms
