Hash Join  (cost=76552.27..202043.48 rows=286317 width=0) (actual time=1205.273..4640.239 rows=1080043 loops=1)
  Hash Cond: (mk.movie_id = t.id)
  ->  Seq Scan on movie_keyword mk  (cost=0.00..69693.30 rows=4523930 width=4) (actual time=0.013..1407.034 rows=4523930 loops=1)
  ->  Hash  (cost=73925.90..73925.90 rows=160029 width=4) (actual time=1204.592..1204.592 rows=287750 loops=1)
        Buckets: 131072  Batches: 4  Memory Usage: 3564kB
        ->  Seq Scan on title t  (cost=0.00..73925.90 rows=160029 width=4) (actual time=0.072..1100.047 rows=287750 loops=1)
              Filter: ((kind_id < 4) AND (production_year < 1977))
              Rows Removed by Filter: 2240562
Planning time: 0.724 ms
Execution time: 4777.796 ms
