Hash Join  (cost=803441.38..3461845.82 rows=122884019 width=0) (actual time=19623.173..139248.185 rows=332705011 loops=1)
  Hash Cond: (ci.movie_id = t.id)
  ->  Seq Scan on cast_info ci  (cost=0.00..614943.12 rows=36225612 width=4) (actual time=0.019..13770.502 rows=36244344 loops=1)
  ->  Hash  (cost=662720.96..662720.96 rows=8577234 width=8) (actual time=19621.935..19621.935 rows=8916569 loops=1)
        Buckets: 131072  Batches: 128  Memory Usage: 3736kB
        ->  Hash Join  (cost=107847.09..662720.96 rows=8577234 width=8) (actual time=2084.487..17118.745 rows=8916569 loops=1)
              Hash Cond: (mi.movie_id = t.id)
              ->  Seq Scan on movie_info mi  (cost=0.00..346232.03 rows=8841901 width=4) (actual time=0.032..6390.719 rows=8950757 loops=1)
                    Filter: (info_type_id > 6)
                    Rows Removed by Filter: 5884963
              ->  Hash  (cost=67604.59..67604.59 rows=2452840 width=4) (actual time=2082.515..2082.515 rows=2453873 loops=1)
                    Buckets: 131072  Batches: 64  Memory Usage: 2383kB
                    ->  Seq Scan on title t  (cost=0.00..67604.59 rows=2452840 width=4) (actual time=0.036..1289.173 rows=2453873 loops=1)
                          Filter: (production_year > 1897)
                          Rows Removed by Filter: 74439
Planning time: 1.255 ms
Execution time: 175793.487 ms
