Hash Join  (cost=208192.47..1149321.76 rows=3730851 width=0) (actual time=8452.960..34727.143 rows=37703864 loops=1)
  Hash Cond: (ci.movie_id = t.id)
  ->  Seq Scan on cast_info ci  (cost=0.00..705507.15 rows=16963372 width=4) (actual time=3379.464..13761.495 rows=17085078 loops=1)
        Filter: (person_id > 1914329)
        Rows Removed by Filter: 19159266
  ->  Hash  (cost=199068.06..199068.06 rows=556113 width=8) (actual time=5072.449..5072.449 rows=1401205 loops=1)
        Buckets: 131072 (originally 131072)  Batches: 32 (originally 8)  Memory Usage: 3073kB
        ->  Hash Join  (cost=84284.84..199068.06 rows=556113 width=8) (actual time=1493.013..4714.776 rows=1401205 loops=1)
              Hash Cond: (mk.movie_id = t.id)
              ->  Seq Scan on movie_keyword mk  (cost=0.00..81003.12 rows=2227190 width=4) (actual time=0.039..1560.920 rows=2221265 loops=1)
                    Filter: (keyword_id > 4929)
                    Rows Removed by Filter: 2302665
              ->  Hash  (cost=73925.90..73925.90 rows=631355 width=4) (actual time=1491.947..1491.947 rows=634290 loops=1)
                    Buckets: 131072  Batches: 16  Memory Usage: 2425kB
                    ->  Seq Scan on title t  (cost=0.00..73925.90 rows=631355 width=4) (actual time=451.658..1285.586 rows=634290 loops=1)
                          Filter: ((production_year < 2013) AND (kind_id = 1))
                          Rows Removed by Filter: 1894022
Planning time: 1.191 ms
Execution time: 38533.932 ms
