Hash Join  (cost=83073.34..109961.89 rows=15 width=0) (actual time=1307.723..1812.560 rows=144 loops=1)
  Hash Cond: (mi_idx.movie_id = t.id)
  ->  Seq Scan on movie_info_idx mi_idx  (cost=0.00..25185.44 rows=454124 width=4) (actual time=0.019..441.700 rows=459925 loops=1)
        Filter: (info_type_id = 100)
        Rows Removed by Filter: 920110
  ->  Hash  (cost=83072.29..83072.29 rows=84 width=8) (actual time=1307.448..1307.448 rows=156 loops=1)
        Buckets: 1024  Batches: 1  Memory Usage: 15kB
        ->  Nested Loop  (cost=0.43..83072.29 rows=84 width=8) (actual time=3.819..1307.242 rows=156 loops=1)
              ->  Seq Scan on movie_keyword mk  (cost=0.00..81003.12 rows=246 width=4) (actual time=3.777..1296.221 rows=192 loops=1)
                    Filter: (keyword_id = 16458)
                    Rows Removed by Filter: 4523738
              ->  Index Scan using title_pkey on title t  (cost=0.43..8.40 rows=1 width=4) (actual time=0.053..0.054 rows=1 loops=192)
                    Index Cond: (id = mk.movie_id)
                    Filter: (kind_id < 4)
                    Rows Removed by Filter: 0
Planning time: 0.774 ms
Execution time: 1812.761 ms
