Hash Join  (cost=102767.86..1480226.45 rows=23750979 width=0) (actual time=2028.828..46141.634 rows=26859641 loops=1)
  Hash Cond: (ci.movie_id = t.id)
  ->  Seq Scan on cast_info ci  (cost=0.00..796071.18 rows=23750979 width=4) (actual time=0.014..19553.371 rows=26859641 loops=1)
        Filter: ((person_id < 3304567) AND (role_id < 5))
        Rows Removed by Filter: 9384703
  ->  Hash  (cost=61283.27..61283.27 rows=2528527 width=4) (actual time=2027.370..2027.370 rows=2528312 loops=1)
        Buckets: 131072  Batches: 64  Memory Usage: 2415kB
        ->  Seq Scan on title t  (cost=0.00..61283.27 rows=2528527 width=4) (actual time=0.012..1174.365 rows=2528312 loops=1)
Planning time: 0.663 ms
Execution time: 49251.097 ms
