Hash Join  (cost=185902.78..557033.00 rows=426045 width=0) (actual time=7442.751..10530.825 rows=339394 loops=1)
  Hash Cond: (mi.movie_id = t.id)
  ->  Seq Scan on movie_info mi  (cost=0.00..346232.03 rows=1550064 width=4) (actual time=3173.822..5392.994 rows=1533909 loops=1)
        Filter: (info_type_id = 3)
        Rows Removed by Filter: 13301811
  ->  Hash  (cost=174500.51..174500.51 rows=694982 width=8) (actual time=4267.974..4267.974 rows=515788 loops=1)
        Buckets: 131072  Batches: 16  Memory Usage: 2296kB
        ->  Hash Join  (cost=95609.53..174500.51 rows=694982 width=8) (actual time=2331.558..4081.076 rows=515788 loops=1)
              Hash Cond: (mc.movie_id = t.id)
              ->  Seq Scan on movie_companies mc  (cost=0.00..51404.11 rows=1329612 width=4) (actual time=312.834..999.333 rows=1334883 loops=1)
                    Filter: (company_type_id = 2)
                    Rows Removed by Filter: 1274246
              ->  Hash  (cost=73925.90..73925.90 rows=1321650 width=4) (actual time=2017.455..2017.455 rows=1298128 loops=1)
                    Buckets: 131072  Batches: 32  Memory Usage: 2450kB
                    ->  Seq Scan on title t  (cost=0.00..73925.90 rows=1321650 width=4) (actual time=0.023..1587.278 rows=1298128 loops=1)
                          Filter: ((kind_id > 1) AND (production_year < 2009))
                          Rows Removed by Filter: 1230184
Planning time: 5.077 ms
Execution time: 10574.189 ms
