Hash Join  (cost=852298.66..940761.22 rows=972905 width=0) (actual time=16975.226..19182.804 rows=595025 loops=1)
  Hash Cond: (mc.movie_id = t.id)
  ->  Seq Scan on movie_companies mc  (cost=0.00..44881.29 rows=2609129 width=4) (actual time=0.019..1045.995 rows=2609129 loops=1)
  ->  Hash  (cost=836829.05..836829.05 rows=942849 width=8) (actual time=16640.065..16640.065 rows=770047 loops=1)
        Buckets: 131072  Batches: 16  Memory Usage: 2892kB
        ->  Hash Join  (cost=96451.85..836829.05 rows=942849 width=8) (actual time=10541.138..16419.852 rows=770047 loops=1)
              Hash Cond: (ci.movie_id = t.id)
              ->  Seq Scan on cast_info ci  (cost=0.00..705507.15 rows=1736414 width=4) (actual time=8624.749..13193.807 rows=1703543 loops=1)
                    Filter: (role_id = 8)
                    Rows Removed by Filter: 34540801
              ->  Hash  (cost=73925.90..73925.90 rows=1372956 width=4) (actual time=1915.059..1915.059 rows=1450632 loops=1)
                    Buckets: 131072  Batches: 32  Memory Usage: 2620kB
                    ->  Seq Scan on title t  (cost=0.00..73925.90 rows=1372956 width=4) (actual time=0.036..1450.122 rows=1450632 loops=1)
                          Filter: ((production_year > 1956) AND (kind_id = 7))
                          Rows Removed by Filter: 1077680
Planning time: 1.147 ms
Execution time: 19251.729 ms
