Hash Join  (cost=102767.86..1515796.36 rows=28992945 width=0) (actual time=1956.102..42318.516 rows=28949537 loops=1)
  Hash Cond: (ci.movie_id = t.id)
  ->  Seq Scan on cast_info ci  (cost=0.00..705507.15 rows=28992945 width=4) (actual time=0.022..16382.879 rows=28949537 loops=1)
        Filter: (person_id < 2939821)
        Rows Removed by Filter: 7294807
  ->  Hash  (cost=61283.27..61283.27 rows=2528527 width=4) (actual time=1954.474..1954.474 rows=2528312 loops=1)
        Buckets: 131072  Batches: 64  Memory Usage: 2415kB
        ->  Seq Scan on title t  (cost=0.00..61283.27 rows=2528527 width=4) (actual time=0.010..1106.688 rows=2528312 loops=1)
Planning time: 0.742 ms
Execution time: 45614.946 ms
