Hash Join  (cost=334791.12..979051.61 rows=13848714 width=0) (actual time=8418.062..43924.573 rows=108300160 loops=1)
  Hash Cond: (mi.movie_id = t.id)
  ->  Seq Scan on movie_info mi  (cost=0.00..346232.03 rows=9476311 width=4) (actual time=409.344..6728.818 rows=9565151 loops=1)
        Filter: (info_type_id < 16)
        Rows Removed by Filter: 5270569
  ->  Hash  (cost=274166.14..274166.14 rows=3695198 width=8) (actual time=8007.436..8007.436 rows=4200438 loops=1)
        Buckets: 131072  Batches: 64  Memory Usage: 3690kB
        ->  Hash Join  (cost=101489.21..274166.14 rows=3695198 width=8) (actual time=2267.345..6936.177 rows=4200438 loops=1)
              Hash Cond: (mk.movie_id = t.id)
              ->  Seq Scan on movie_keyword mk  (cost=0.00..69693.30 rows=4523930 width=4) (actual time=0.038..1444.114 rows=4523930 loops=1)
              ->  Hash  (cost=67604.59..67604.59 rows=2065330 width=4) (actual time=2265.947..2265.947 rows=2064552 loops=1)
                    Buckets: 131072  Batches: 32  Memory Usage: 3298kB
                    ->  Seq Scan on title t  (cost=0.00..67604.59 rows=2065330 width=4) (actual time=0.020..1406.026 rows=2064552 loops=1)
                          Filter: (production_year < 2011)
                          Rows Removed by Filter: 463760
Planning time: 1.077 ms
Execution time: 55174.031 ms
