Hash Join  (cost=83074.38..109985.50 rows=64 width=0) (actual time=1300.445..1864.355 rows=18 loops=1)
  Hash Cond: (mi_idx.movie_id = t.id)
  ->  Seq Scan on movie_info_idx mi_idx  (cost=0.00..21735.35 rows=1380035 width=4) (actual time=0.012..336.686 rows=1380035 loops=1)
  ->  Hash  (cost=83072.90..83072.90 rows=118 width=8) (actual time=1291.232..1291.232 rows=6 loops=1)
        Buckets: 1024  Batches: 1  Memory Usage: 9kB
        ->  Nested Loop  (cost=0.43..83072.90 rows=118 width=8) (actual time=44.503..1291.217 rows=6 loops=1)
              ->  Seq Scan on movie_keyword mk  (cost=0.00..81003.12 rows=246 width=4) (actual time=44.437..1290.545 rows=13 loops=1)
                    Filter: (keyword_id = 30111)
                    Rows Removed by Filter: 4523917
              ->  Index Scan using title_pkey on title t  (cost=0.43..8.40 rows=1 width=4) (actual time=0.044..0.045 rows=0 loops=13)
                    Index Cond: (id = mk.movie_id)
                    Filter: ((kind_id > 1) AND (production_year > 1994))
                    Rows Removed by Filter: 1
Planning time: 0.931 ms
Execution time: 1864.491 ms
