Hash Join  (cost=174283.13..1044300.46 rows=2285931 width=0) (actual time=3997.920..23431.050 rows=4358024 loops=1)
  Hash Cond: (ci.movie_id = t.id)
  ->  Seq Scan on cast_info ci  (cost=0.00..705507.15 rows=12089298 width=4) (actual time=0.014..12714.672 rows=12002602 loops=1)
        Filter: (person_id < 1181555)
        Rows Removed by Filter: 24241742
  ->  Hash  (cost=166438.73..166438.73 rows=478112 width=8) (actual time=3996.870..3996.870 rows=535462 loops=1)
        Buckets: 131072  Batches: 8  Memory Usage: 3630kB
        ->  Hash Join  (cost=94072.72..166438.73 rows=478112 width=8) (actual time=2075.460..3847.103 rows=535462 loops=1)
              Hash Cond: (mc.movie_id = t.id)
              ->  Seq Scan on movie_companies mc  (cost=0.00..51404.11 rows=984474 width=4) (actual time=0.030..922.144 rows=985057 loops=1)
                    Filter: (company_id < 4501)
                    Rows Removed by Filter: 1624072
              ->  Hash  (cost=73925.90..73925.90 rows=1227985 width=4) (actual time=2073.900..2073.900 rows=1197374 loops=1)
                    Buckets: 131072  Batches: 32  Memory Usage: 2340kB
                    ->  Seq Scan on title t  (cost=0.00..73925.90 rows=1227985 width=4) (actual time=0.016..1411.957 rows=1197374 loops=1)
                          Filter: ((kind_id > 1) AND (production_year < 2008))
                          Rows Removed by Filter: 1330938
Planning time: 1.094 ms
Execution time: 23891.388 ms
