Hash Join  (cost=74124.68..169313.07 rows=23397 width=0) (actual time=1200.370..3397.143 rows=60597 loops=1)
  Hash Cond: (mk.movie_id = t.id)
  ->  Seq Scan on movie_keyword mk  (cost=0.00..81003.12 rows=3720346 width=4) (actual time=0.030..1615.809 rows=3714232 loops=1)
        Filter: (keyword_id < 22833)
        Rows Removed by Filter: 809698
  ->  Hash  (cost=73925.90..73925.90 rows=15902 width=4) (actual time=1198.523..1198.523 rows=12969 loops=1)
        Buckets: 16384  Batches: 1  Memory Usage: 584kB
        ->  Seq Scan on title t  (cost=0.00..73925.90 rows=15902 width=4) (actual time=0.037..1192.670 rows=12969 loops=1)
              Filter: ((kind_id < 7) AND (production_year = 1997))
              Rows Removed by Filter: 2515343
Planning time: 0.792 ms
Execution time: 3406.727 ms
