Seq Scan on movie_keyword mk  (cost=0.00..81003.12 rows=3588260 width=0) (actual time=0.021..1532.607 rows=3579596 loops=1)
  Filter: (keyword_id < 20099)
  Rows Removed by Filter: 944334
Planning time: 0.300 ms
Execution time: 1975.702 ms
