Seq Scan on movie_info mi  (cost=0.00..346232.03 rows=13791196 width=0) (actual time=234.617..5863.862 rows=13835328 loops=1)
  Filter: (info_type_id < 89)
  Rows Removed by Filter: 1000392
Planning time: 0.365 ms
Execution time: 7427.612 ms
