Seq Scan on movie_keyword mk  (cost=0.00..81003.12 rows=246 width=0) (actual time=38.603..1308.025 rows=61 loops=1)
  Filter: (keyword_id = 58089)
  Rows Removed by Filter: 4523869
Planning time: 0.346 ms
Execution time: 1308.159 ms
