Seq Scan on movie_keyword mk  (cost=0.00..81003.12 rows=3019921 width=0) (actual time=0.024..1010.956 rows=3001282 loops=1)
  Filter: (keyword_id < 10565)
  Rows Removed by Filter: 1522648
Planning time: 0.315 ms
Execution time: 1283.412 ms
