Seq Scan on movie_keyword mk  (cost=0.00..81003.12 rows=1311916 width=0) (actual time=0.020..1437.866 rows=1323433 loops=1)
  Filter: (keyword_id > 13075)
  Rows Removed by Filter: 3200497
Planning time: 0.316 ms
Execution time: 1607.383 ms
