Hash Join  (cost=73987.23..135564.72 rows=1879 width=0) (actual time=1296.953..2552.631 rows=3407 loops=1)
  Hash Cond: (mc.movie_id = t.id)
  ->  Seq Scan on movie_companies mc  (cost=0.00..57926.93 rows=968470 width=4) (actual time=0.027..1052.821 rows=1258371 loops=1)
        Filter: ((company_id < 57432) AND (company_type_id = 1))
        Rows Removed by Filter: 1350758
  ->  Hash  (cost=73925.90..73925.90 rows=4906 width=4) (actual time=1265.718..1265.718 rows=8030 loops=1)
        Buckets: 8192  Batches: 1  Memory Usage: 347kB
        ->  Seq Scan on title t  (cost=0.00..73925.90 rows=4906 width=4) (actual time=0.158..1261.683 rows=8030 loops=1)
              Filter: ((kind_id > 3) AND (production_year = 1975))
              Rows Removed by Filter: 2520282
Planning time: 0.697 ms
Execution time: 2553.257 ms
