Seq Scan on cast_info ci  (cost=0.00..796071.18 rows=14156440 width=0) (actual time=0.077..15544.118 rows=19586912 loops=1)
  Filter: ((person_id > 1411263) AND (role_id > 1))
  Rows Removed by Filter: 16657432
Planning time: 0.255 ms
Execution time: 17945.047 ms
