Seq Scan on movie_companies mc  (cost=0.00..57926.93 rows=53 width=0) (actual time=150.773..846.197 rows=15 loops=1)
  Filter: ((company_id = 13475) AND (company_type_id = 2))
  Rows Removed by Filter: 2609114
Planning time: 0.420 ms
Execution time: 846.294 ms
