Hash Join  (cost=69694.50..199336.40 rows=200946 width=0) (actual time=1085.455..3983.440 rows=181261 loops=1)
  Hash Cond: (mk.movie_id = t.id)
  ->  Seq Scan on movie_keyword mk  (cost=0.00..81003.12 rows=3989685 width=4) (actual time=0.014..1650.313 rows=3999194 loops=1)
        Filter: (keyword_id < 34613)
        Rows Removed by Filter: 524736
  ->  Hash  (cost=67604.59..67604.59 rows=127353 width=4) (actual time=1084.666..1084.666 rows=128696 loops=1)
        Buckets: 131072  Batches: 2  Memory Usage: 3290kB
        ->  Seq Scan on title t  (cost=0.00..67604.59 rows=127353 width=4) (actual time=0.014..1031.318 rows=128696 loops=1)
              Filter: (production_year = 2009)
              Rows Removed by Filter: 2399616
Planning time: 7.114 ms
Execution time: 4006.728 ms
