Seq Scan on movie_companies mc  (cost=0.00..57926.93 rows=607144 width=0) (actual time=19.153..1020.327 rows=882989 loops=1)
  Filter: ((company_id > 12313) AND (company_type_id = 2))
  Rows Removed by Filter: 1726140
Planning time: 0.471 ms
Execution time: 1130.541 ms
