Seq Scan on movie_keyword mk  (cost=0.00..81003.12 rows=215878 width=0) (actual time=0.016..1272.273 rows=217531 loops=1)
  Filter: (keyword_id > 65199)
  Rows Removed by Filter: 4306399
Planning time: 0.326 ms
Execution time: 1301.453 ms
