Hash Join  (cost=68449.54..129375.46 rows=19957 width=0) (actual time=1116.925..2450.159 rows=26991 loops=1)
  Hash Cond: (mc.movie_id = t.id)
  ->  Seq Scan on movie_companies mc  (cost=0.00..57926.93 rows=746512 width=4) (actual time=0.040..1089.708 rows=1024274 loops=1)
        Filter: ((company_id < 14060) AND (company_type_id < 2))
        Rows Removed by Filter: 1584855
  ->  Hash  (cost=67604.59..67604.59 rows=67596 width=4) (actual time=1116.172..1116.172 rows=67777 loops=1)
        Buckets: 131072  Batches: 1  Memory Usage: 3407kB
        ->  Seq Scan on title t  (cost=0.00..67604.59 rows=67596 width=4) (actual time=0.029..1083.521 rows=67777 loops=1)
              Filter: (production_year = 2003)
              Rows Removed by Filter: 2460535
Planning time: 0.962 ms
Execution time: 2454.289 ms
