Seq Scan on movie_keyword mk  (cost=0.00..81003.12 rows=2607017 width=0) (actual time=0.038..1483.279 rows=2590483 loops=1)
  Filter: (keyword_id > 3322)
  Rows Removed by Filter: 1933447
Planning time: 0.348 ms
Execution time: 1810.781 ms
