Hash Join  (cost=101266.11..466187.72 rows=26568 width=0) (actual time=1589.742..8984.279 rows=23991 loops=1)
  Hash Cond: (mi.movie_id = t.id)
  ->  Seq Scan on movie_info mi  (cost=0.00..309384.22 rows=14739122 width=4) (actual time=0.020..4457.328 rows=14835720 loops=1)
  ->  Hash  (cost=101209.13..101209.13 rows=4558 width=8) (actual time=1588.260..1588.260 rows=3187 loops=1)
        Buckets: 8192  Batches: 1  Memory Usage: 189kB
        ->  Hash Join  (cost=74235.99..101209.13 rows=4558 width=8) (actual time=1068.127..1586.910 rows=3187 loops=1)
              Hash Cond: (mi_idx.movie_id = t.id)
              ->  Seq Scan on movie_info_idx mi_idx  (cost=0.00..25185.44 rows=464566 width=4) (actual time=0.020..395.831 rows=459925 loops=1)
                    Filter: (info_type_id = 101)
                    Rows Removed by Filter: 920110
              ->  Hash  (cost=73925.90..73925.90 rows=24807 width=4) (actual time=1067.696..1067.696 rows=25986 loops=1)
                    Buckets: 32768  Batches: 1  Memory Usage: 1170kB
                    ->  Seq Scan on title t  (cost=0.00..73925.90 rows=24807 width=4) (actual time=0.035..1056.634 rows=25986 loops=1)
                          Filter: ((kind_id = 7) AND (production_year = 1997))
                          Rows Removed by Filter: 2502326
Planning time: 1.202 ms
Execution time: 8988.066 ms
