Hash Join  (cost=106590.21..858085.54 rows=70617 width=0) (actual time=994.083..18455.832 rows=294210 loops=1)
  Hash Cond: (ci.movie_id = t.id)
  ->  Seq Scan on cast_info ci  (cost=0.00..614943.12 rows=36225612 width=4) (actual time=0.015..9156.859 rows=36244344 loops=1)
  ->  Hash  (cost=106528.59..106528.59 rows=4929 width=8) (actual time=993.896..993.896 rows=7310 loops=1)
        Buckets: 8192  Batches: 1  Memory Usage: 350kB
        ->  Nested Loop  (cost=0.43..106528.59 rows=4929 width=8) (actual time=83.478..990.387 rows=7310 loops=1)
              ->  Seq Scan on movie_companies mc  (cost=0.00..51404.11 rows=8088 width=4) (actual time=6.267..789.929 rows=8235 loops=1)
                    Filter: (company_id = 424)
                    Rows Removed by Filter: 2600894
              ->  Index Scan using title_pkey on title t  (cost=0.43..6.81 rows=1 width=4) (actual time=0.023..0.024 rows=1 loops=8235)
                    Index Cond: (id = mc.movie_id)
                    Filter: (kind_id = 7)
                    Rows Removed by Filter: 0
Planning time: 1.433 ms
Execution time: 18498.869 ms
