Seq Scan on movie_keyword mk  (cost=0.00..81003.12 rows=2326876 width=0) (actual time=0.025..1434.224 rows=2326855 loops=1)
  Filter: (keyword_id > 4380)
  Rows Removed by Filter: 2197075
Planning time: 0.411 ms
Execution time: 1728.377 ms
