Hash Join  (cost=101251.06..466183.41 rows=27644 width=0) (actual time=1721.302..9495.985 rows=195114 loops=1)
  Hash Cond: (mi.movie_id = t.id)
  ->  Seq Scan on movie_info mi  (cost=0.00..309384.22 rows=14739122 width=4) (actual time=0.022..4474.726 rows=14835720 loops=1)
  ->  Hash  (cost=101191.79..101191.79 rows=4742 width=8) (actual time=1721.053..1721.053 rows=10597 loops=1)
        Buckets: 16384 (originally 8192)  Batches: 1 (originally 1)  Memory Usage: 542kB
        ->  Hash Join  (cost=74255.97..101191.79 rows=4742 width=8) (actual time=1139.283..1715.999 rows=10597 loops=1)
              Hash Cond: (mi_idx.movie_id = t.id)
              ->  Seq Scan on movie_info_idx mi_idx  (cost=0.00..25185.44 rows=454124 width=4) (actual time=0.025..443.558 rows=459925 loops=1)
                    Filter: (info_type_id = 100)
                    Rows Removed by Filter: 920110
              ->  Hash  (cost=73925.90..73925.90 rows=26405 width=4) (actual time=1138.744..1138.744 rows=23926 loops=1)
                    Buckets: 32768  Batches: 1  Memory Usage: 1098kB
                    ->  Seq Scan on title t  (cost=0.00..73925.90 rows=26405 width=4) (actual time=0.589..1128.539 rows=23926 loops=1)
                          Filter: ((kind_id < 7) AND (production_year = 2003))
                          Rows Removed by Filter: 2504386
Planning time: 1.193 ms
Execution time: 9525.572 ms
