Seq Scan on cast_info ci  (cost=0.00..705507.15 rows=27048630 width=0) (actual time=0.025..12294.988 rows=27205217 loops=1)
  Filter: (person_id > 889699)
  Rows Removed by Filter: 9039127
Planning time: 0.376 ms
Execution time: 15536.159 ms
