Hash Join  (cost=80549.28..181431.18 rows=222049 width=0) (actual time=2064.003..3378.242 rows=47514 loops=1)
  Hash Cond: (mk.movie_id = t.id)
  ->  Seq Scan on movie_keyword mk  (cost=0.00..81003.12 rows=1390743 width=4) (actual time=0.029..1461.182 rows=1405291 loops=1)
        Filter: (keyword_id < 1913)
        Rows Removed by Filter: 3118639
  ->  Hash  (cost=73925.90..73925.90 rows=403710 width=4) (actual time=1256.068..1256.068 rows=434218 loops=1)
        Buckets: 131072  Batches: 8  Memory Usage: 2941kB
        ->  Seq Scan on title t  (cost=0.00..73925.90 rows=403710 width=4) (actual time=0.028..1113.709 rows=434218 loops=1)
              Filter: ((production_year > 2008) AND (kind_id = 7))
              Rows Removed by Filter: 2094094
Planning time: 0.753 ms
Execution time: 3383.833 ms
