Hash Join  (cost=81912.65..168573.18 rows=249 width=0) (actual time=1009.214..2644.041 rows=1316 loops=1)
  Hash Cond: (mk.movie_id = t.id)
  ->  Seq Scan on movie_keyword mk  (cost=0.00..69693.30 rows=4523930 width=4) (actual time=0.008..939.954 rows=4523930 loops=1)
  ->  Hash  (cost=81910.91..81910.91 rows=139 width=8) (actual time=943.920..943.920 rows=285 loops=1)
        Buckets: 1024  Batches: 1  Memory Usage: 20kB
        ->  Nested Loop  (cost=0.43..81910.91 rows=139 width=8) (actual time=10.318..943.664 rows=285 loops=1)
              ->  Seq Scan on movie_companies mc  (cost=0.00..57926.93 rows=3113 width=4) (actual time=8.660..801.068 rows=5589 loops=1)
                    Filter: ((company_id = 93) AND (company_type_id = 1))
                    Rows Removed by Filter: 2603540
              ->  Index Scan using title_pkey on title t  (cost=0.43..7.69 rows=1 width=4) (actual time=0.025..0.025 rows=0 loops=5589)
                    Index Cond: (id = mc.movie_id)
                    Filter: (production_year = 2007)
                    Rows Removed by Filter: 1
Planning time: 0.787 ms
Execution time: 2644.371 ms
