Hash Join  (cost=101265.52..928088.59 rows=73820 width=0) (actual time=6270.750..16873.980 rows=96493 loops=1)
  Hash Cond: (ci.movie_id = t.id)
  ->  Seq Scan on cast_info ci  (cost=0.00..796071.18 rows=8003654 width=4) (actual time=4472.195..13802.248 rows=4929047 loops=1)
        Filter: ((person_id < 1757616) AND (role_id > 2))
        Rows Removed by Filter: 31315297
  ->  Hash  (cost=100974.01..100974.01 rows=23321 width=8) (actual time=1798.221..1798.221 rows=19531 loops=1)
        Buckets: 32768  Batches: 1  Memory Usage: 1019kB
        ->  Hash Join  (cost=69687.24..100974.01 rows=23321 width=8) (actual time=1124.134..1791.408 rows=19531 loops=1)
              Hash Cond: (mi_idx.movie_id = t.id)
              ->  Seq Scan on movie_info_idx mi_idx  (cost=0.00..25185.44 rows=464566 width=4) (actual time=0.031..481.955 rows=459925 loops=1)
                    Filter: (info_type_id = 101)
                    Rows Removed by Filter: 920110
              ->  Hash  (cost=67604.59..67604.59 rows=126932 width=4) (actual time=1123.341..1123.341 rows=122861 loops=1)
                    Buckets: 131072  Batches: 2  Memory Usage: 3191kB
                    ->  Seq Scan on title t  (cost=0.00..67604.59 rows=126932 width=4) (actual time=0.020..1078.187 rows=122861 loops=1)
                          Filter: (production_year = 2008)
                          Rows Removed by Filter: 2405451
Planning time: 0.960 ms
Execution time: 16889.844 ms
