Hash Join  (cost=76843.29..113998.42 rows=64623 width=0) (actual time=1378.368..2403.202 rows=144349 loops=1)
  Hash Cond: (mi_idx.movie_id = t.id)
  ->  Seq Scan on movie_info_idx mi_idx  (cost=0.00..25185.44 rows=919057 width=4) (actual time=0.023..550.099 rows=920110 loops=1)
        Filter: (info_type_id > 99)
        Rows Removed by Filter: 459925
  ->  Hash  (cost=73925.90..73925.90 rows=177791 width=4) (actual time=1377.532..1377.532 rows=282025 loops=1)
        Buckets: 131072  Batches: 4  Memory Usage: 3508kB
        ->  Seq Scan on title t  (cost=0.00..73925.90 rows=177791 width=4) (actual time=0.026..1279.437 rows=282025 loops=1)
              Filter: ((kind_id < 7) AND (production_year < 1976))
              Rows Removed by Filter: 2246287
Planning time: 0.625 ms
Execution time: 2423.173 ms
