Hash Join  (cost=123133.70..1183570.29 rows=2592646 width=0) (actual time=2686.455..33574.947 rows=10876936 loops=1)
  Hash Cond: (ci.movie_id = t.id)
  ->  Seq Scan on cast_info ci  (cost=0.00..614943.12 rows=36225612 width=4) (actual time=0.024..12984.172 rows=36244344 loops=1)
  ->  Hash  (cost=120164.64..120164.64 rows=180965 width=8) (actual time=2685.289..2685.289 rows=420076 loops=1)
        Buckets: 131072 (originally 131072)  Batches: 8 (originally 4)  Memory Usage: 3085kB
        ->  Hash Join  (cost=79366.51..120164.64 rows=180965 width=8) (actual time=1366.261..2557.875 rows=420076 loops=1)
              Hash Cond: (mi_idx.movie_id = t.id)
              ->  Seq Scan on movie_info_idx mi_idx  (cost=0.00..21735.35 rows=1380035 width=4) (actual time=0.024..436.045 rows=1380035 loops=1)
              ->  Hash  (cost=73925.90..73925.90 rows=331568 width=4) (actual time=1365.074..1365.074 rows=445194 loops=1)
                    Buckets: 131072  Batches: 8  Memory Usage: 2992kB
                    ->  Seq Scan on title t  (cost=0.00..73925.90 rows=331568 width=4) (actual time=0.029..1223.148 rows=445194 loops=1)
                          Filter: ((kind_id < 7) AND (production_year < 1996))
                          Rows Removed by Filter: 2083118
Planning time: 1.094 ms
Execution time: 34710.534 ms
