Hash Join  (cost=102767.86..1185537.73 rows=11504166 width=0) (actual time=1946.805..34889.313 rows=17850369 loops=1)
  Hash Cond: (ci.movie_id = t.id)
  ->  Seq Scan on cast_info ci  (cost=0.00..796071.18 rows=11504166 width=4) (actual time=0.017..16182.950 rows=17850369 loops=1)
        Filter: ((person_id > 1828453) AND (role_id > 1))
        Rows Removed by Filter: 18393975
  ->  Hash  (cost=61283.27..61283.27 rows=2528527 width=4) (actual time=1944.992..1944.992 rows=2528312 loops=1)
        Buckets: 131072  Batches: 64  Memory Usage: 2415kB
        ->  Seq Scan on title t  (cost=0.00..61283.27 rows=2528527 width=4) (actual time=0.015..1104.548 rows=2528312 loops=1)
Planning time: 3.559 ms
Execution time: 36977.761 ms
