Hash Join  (cost=882928.58..1367777.25 rows=472574 width=0) (actual time=16292.634..28382.961 rows=2510233 loops=1)
  Hash Cond: (mi.movie_id = t.id)
  ->  Seq Scan on movie_info mi  (cost=0.00..309384.22 rows=14739122 width=4) (actual time=0.010..5745.268 rows=14835720 loops=1)
  ->  Hash  (cost=881598.19..881598.19 rows=81071 width=8) (actual time=16291.832..16291.832 rows=102731 loops=1)
        Buckets: 131072  Batches: 2  Memory Usage: 3048kB
        ->  Hash Join  (cost=78556.72..881598.19 rows=81071 width=8) (actual time=15038.880..16253.870 rows=102731 loops=1)
              Hash Cond: (ci.movie_id = t.id)
              ->  Seq Scan on cast_info ci  (cost=0.00..796071.18 rows=307087 width=4) (actual time=13892.211..14814.982 rows=299973 loops=1)
                    Filter: ((person_id > 417751) AND (role_id > 10))
                    Rows Removed by Filter: 35944371
              ->  Hash  (cost=67604.59..67604.59 rows=667531 width=4) (actual time=1145.750..1145.750 rows=662825 loops=1)
                    Buckets: 131072  Batches: 16  Memory Usage: 2476kB
                    ->  Seq Scan on title t  (cost=0.00..67604.59 rows=667531 width=4) (actual time=0.019..945.233 rows=662825 loops=1)
                          Filter: (kind_id = 1)
                          Rows Removed by Filter: 1865487
Planning time: 13.275 ms
Execution time: 28715.170 ms
