Hash Join  (cost=106570.55..161399.98 rows=16391 width=0) (actual time=1832.789..3180.978 rows=52910 loops=1)
  Hash Cond: (mc.movie_id = t.id)
  ->  Seq Scan on movie_companies mc  (cost=0.00..44881.29 rows=2609129 width=4) (actual time=0.005..671.766 rows=2609129 loops=1)
  ->  Hash  (cost=106371.99..106371.99 rows=15885 width=8) (actual time=1832.646..1832.646 rows=25725 loops=1)
        Buckets: 32768 (originally 16384)  Batches: 1 (originally 1)  Memory Usage: 1261kB
        ->  Hash Join  (cost=75356.03..106371.99 rows=15885 width=8) (actual time=1206.753..1822.608 rows=25725 loops=1)
              Hash Cond: (mi_idx.movie_id = t.id)
              ->  Seq Scan on movie_info_idx mi_idx  (cost=0.00..25185.44 rows=460978 width=4) (actual time=0.027..434.605 rows=459925 loops=1)
                    Filter: (info_type_id = 99)
                    Rows Removed by Filter: 920110
              ->  Hash  (cost=73925.90..73925.90 rows=87130 width=4) (actual time=1205.964..1205.964 rows=96838 loops=1)
                    Buckets: 131072  Batches: 2  Memory Usage: 2720kB
                    ->  Seq Scan on title t  (cost=0.00..73925.90 rows=87130 width=4) (actual time=360.218..1175.124 rows=96838 loops=1)
                          Filter: ((production_year < 2010) AND (kind_id = 4))
                          Rows Removed by Filter: 2431474
Planning time: 1.171 ms
Execution time: 3188.955 ms
