Hash Join  (cost=74657.14..465142.60 rows=257156 width=0) (actual time=1348.399..9518.679 rows=129423 loops=1)
  Hash Cond: (mi.movie_id = t.id)
  ->  Seq Scan on movie_info mi  (cost=0.00..346232.03 rows=11115165 width=4) (actual time=197.568..5768.830 rows=11210743 loops=1)
        Filter: (info_type_id > 3)
        Rows Removed by Filter: 3624977
  ->  Hash  (cost=73925.90..73925.90 rows=58499 width=4) (actual time=1150.438..1150.438 rows=62752 loops=1)
        Buckets: 65536  Batches: 1  Memory Usage: 2719kB
        ->  Seq Scan on title t  (cost=0.00..73925.90 rows=58499 width=4) (actual time=0.030..1125.897 rows=62752 loops=1)
              Filter: ((kind_id = 7) AND (production_year = 2005))
              Rows Removed by Filter: 2465560
Planning time: 0.765 ms
Execution time: 9533.889 ms
