Hash Join  (cost=102767.86..179755.96 rows=652676 width=0) (actual time=1878.972..3627.977 rows=642798 loops=1)
  Hash Cond: (mc.movie_id = t.id)
  ->  Seq Scan on movie_companies mc  (cost=0.00..51404.11 rows=652676 width=4) (actual time=0.024..877.369 rows=642798 loops=1)
        Filter: (company_id < 857)
        Rows Removed by Filter: 1966331
  ->  Hash  (cost=61283.27..61283.27 rows=2528527 width=4) (actual time=1877.052..1877.052 rows=2528312 loops=1)
        Buckets: 131072  Batches: 64  Memory Usage: 2415kB
        ->  Seq Scan on title t  (cost=0.00..61283.27 rows=2528527 width=4) (actual time=0.018..1044.192 rows=2528312 loops=1)
Planning time: 0.829 ms
Execution time: 3698.302 ms
