Hash Join  (cost=52284.99..416946.98 rows=606 width=0) (actual time=1226.511..8082.462 rows=5497 loops=1)
  Hash Cond: (mi.movie_id = t.id)
  ->  Seq Scan on movie_info mi  (cost=0.00..309384.22 rows=14739122 width=4) (actual time=0.020..4393.835 rows=14835720 loops=1)
  ->  Hash  (cost=52283.69..52283.69 rows=104 width=8) (actual time=827.468..827.468 rows=826 loops=1)
        Buckets: 1024  Batches: 1  Memory Usage: 41kB
        ->  Nested Loop  (cost=0.43..52283.69 rows=104 width=8) (actual time=1.993..826.997 rows=826 loops=1)
              ->  Seq Scan on movie_companies mc  (cost=0.00..51404.11 rows=104 width=4) (actual time=1.928..810.501 rows=826 loops=1)
                    Filter: (company_id = 11663)
                    Rows Removed by Filter: 2608303
              ->  Index Only Scan using title_pkey on title t  (cost=0.43..8.45 rows=1 width=4) (actual time=0.019..0.019 rows=1 loops=826)
                    Index Cond: (id = mc.movie_id)
                    Heap Fetches: 826
Planning time: 6.492 ms
Execution time: 8083.613 ms
