Seq Scan on title t  (cost=0.00..67604.59 rows=2192401 width=0) (actual time=0.020..1248.822 rows=2182316 loops=1)
  Filter: (production_year > 1962)
  Rows Removed by Filter: 345996
Planning time: 0.315 ms
Execution time: 1548.903 ms
