Hash Join  (cost=102767.86..189246.60 rows=775988 width=0) (actual time=1825.876..4100.014 rows=1070394 loops=1)
  Hash Cond: (mc.movie_id = t.id)
  ->  Seq Scan on movie_companies mc  (cost=0.00..57926.93 rows=775988 width=4) (actual time=2.201..1100.911 rows=1070394 loops=1)
        Filter: ((company_id < 15365) AND (company_type_id < 2))
        Rows Removed by Filter: 1538735
  ->  Hash  (cost=61283.27..61283.27 rows=2528527 width=4) (actual time=1822.462..1822.462 rows=2528312 loops=1)
        Buckets: 131072  Batches: 64  Memory Usage: 2415kB
        ->  Seq Scan on title t  (cost=0.00..61283.27 rows=2528527 width=4) (actual time=0.013..973.449 rows=2528312 loops=1)
Planning time: 0.450 ms
Execution time: 4220.285 ms
