Hash Join  (cost=67697.55..436217.60 rows=17345 width=0) (actual time=1797.829..7372.612 rows=49629 loops=1)
  Hash Cond: (mi.movie_id = t.id)
  ->  Seq Scan on movie_info mi  (cost=0.00..346232.03 rows=5897221 width=4) (actual time=741.263..5047.836 rows=5884963 loops=1)
        Filter: (info_type_id < 7)
        Rows Removed by Filter: 8950757
  ->  Hash  (cost=67604.59..67604.59 rows=7437 width=4) (actual time=1053.040..1053.040 rows=19861 loops=1)
        Buckets: 32768 (originally 8192)  Batches: 1 (originally 1)  Memory Usage: 955kB
        ->  Seq Scan on title t  (cost=0.00..67604.59 rows=7437 width=4) (actual time=0.109..1043.380 rows=19861 loops=1)
              Filter: (production_year = 1988)
              Rows Removed by Filter: 2508451
Planning time: 0.725 ms
Execution time: 7381.201 ms
