Hash Join  (cost=128363.91..880442.19 rows=128912 width=0) (actual time=2177.315..16741.610 rows=99402 loops=1)
  Hash Cond: (ci.movie_id = t.id)
  ->  Seq Scan on cast_info ci  (cost=0.00..614943.12 rows=36225612 width=4) (actual time=0.024..7816.515 rows=36244344 loops=1)
  ->  Hash  (cost=128251.43..128251.43 rows=8998 width=8) (actual time=2176.483..2176.483 rows=3045 loops=1)
        Buckets: 16384  Batches: 1  Memory Usage: 247kB
        ->  Hash Join  (cost=74373.22..128251.43 rows=8998 width=8) (actual time=1130.735..2174.976 rows=3045 loops=1)
              Hash Cond: (mc.movie_id = t.id)
              ->  Seq Scan on movie_companies mc  (cost=0.00..51404.11 rows=635766 width=4) (actual time=0.036..886.617 rows=640430 loops=1)
                    Filter: (company_id > 57024)
                    Rows Removed by Filter: 1968699
              ->  Hash  (cost=73925.90..73925.90 rows=35785 width=4) (actual time=1128.341..1128.341 rows=40139 loops=1)
                    Buckets: 65536  Batches: 1  Memory Usage: 1924kB
                    ->  Seq Scan on title t  (cost=0.00..73925.90 rows=35785 width=4) (actual time=0.477..1111.457 rows=40139 loops=1)
                          Filter: ((kind_id > 4) AND (production_year = 2001))
                          Rows Removed by Filter: 2488173
Planning time: 1.122 ms
Execution time: 16757.259 ms
