Hash Join  (cost=102767.86..1132047.69 rows=9281271 width=0) (actual time=10247.723..20954.736 rows=5760395 loops=1)
  Hash Cond: (ci.movie_id = t.id)
  ->  Seq Scan on cast_info ci  (cost=0.00..796071.18 rows=9281271 width=4) (actual time=8394.671..14225.579 rows=5760395 loops=1)
        Filter: ((person_id > 944876) AND (role_id = 1))
        Rows Removed by Filter: 30483949
  ->  Hash  (cost=61283.27..61283.27 rows=2528527 width=4) (actual time=1851.743..1851.743 rows=2528312 loops=1)
        Buckets: 131072  Batches: 64  Memory Usage: 2415kB
        ->  Seq Scan on title t  (cost=0.00..61283.27 rows=2528527 width=4) (actual time=0.021..993.590 rows=2528312 loops=1)
Planning time: 0.691 ms
Execution time: 21595.562 ms
