Nested Loop  (cost=0.43..58375.18 rows=53 width=0) (actual time=109.124..771.289 rows=4 loops=1)
  ->  Seq Scan on movie_companies mc  (cost=0.00..57926.93 rows=53 width=4) (actual time=109.033..770.998 rows=4 loops=1)
        Filter: ((company_id = 28898) AND (company_type_id = 2))
        Rows Removed by Filter: 2609125
  ->  Index Only Scan using title_pkey on title t  (cost=0.43..8.45 rows=1 width=4) (actual time=0.064..0.065 rows=1 loops=4)
        Index Cond: (id = mc.movie_id)
        Heap Fetches: 4
Planning time: 0.775 ms
Execution time: 771.362 ms
