Seq Scan on movie_companies mc  (cost=0.00..51404.11 rows=104 width=0) (actual time=43.569..810.908 rows=87 loops=1)
  Filter: (company_id = 92884)
  Rows Removed by Filter: 2609042
Planning time: 0.368 ms
Execution time: 811.012 ms
