Hash Join  (cost=76379.89..1188896.03 rows=7662298 width=0) (actual time=1362.403..34641.880 rows=8212387 loops=1)
  Hash Cond: (ci.movie_id = t.id)
  ->  Seq Scan on cast_info ci  (cost=0.00..614943.12 rows=36225612 width=4) (actual time=0.023..13553.040 rows=36244344 loops=1)
  ->  Hash  (cost=67604.59..67604.59 rows=534824 width=4) (actual time=1360.939..1360.939 rows=533369 loops=1)
        Buckets: 131072  Batches: 8  Memory Usage: 3369kB
        ->  Seq Scan on title t  (cost=0.00..67604.59 rows=534824 width=4) (actual time=0.015..1192.023 rows=533369 loops=1)
              Filter: (production_year > 2009)
              Rows Removed by Filter: 1994943
Planning time: 0.858 ms
Execution time: 35605.802 ms
