Seq Scan on movie_keyword mk  (cost=0.00..81003.12 rows=110007 width=0) (actual time=0.020..1357.544 rows=109883 loops=1)
  Filter: (keyword_id > 80146)
  Rows Removed by Filter: 4414047
Planning time: 0.312 ms
Execution time: 1373.298 ms
