Hash Join  (cost=127028.94..233574.52 rows=188136 width=0) (actual time=2825.771..6155.268 rows=2618738 loops=1)
  Hash Cond: (mk.movie_id = t.id)
  ->  Seq Scan on movie_keyword mk  (cost=0.00..81003.12 rows=1964291 width=4) (actual time=0.022..1579.268 rows=1970461 loops=1)
        Filter: (keyword_id < 3448)
        Rows Removed by Filter: 2553469
  ->  Hash  (cost=123054.72..123054.72 rows=242178 width=8) (actual time=2824.817..2824.817 rows=542901 loops=1)
        Buckets: 131072 (originally 131072)  Batches: 8 (originally 4)  Memory Usage: 3697kB
        ->  Hash Join  (cost=81206.46..123054.72 rows=242178 width=8) (actual time=1379.858..2651.150 rows=542901 loops=1)
              Hash Cond: (mi_idx.movie_id = t.id)
              ->  Seq Scan on movie_info_idx mi_idx  (cost=0.00..21735.35 rows=1380035 width=4) (actual time=0.014..425.084 rows=1380035 loops=1)
              ->  Hash  (cost=73925.90..73925.90 rows=443724 width=4) (actual time=1379.125..1379.125 rows=536860 loops=1)
                    Buckets: 131072  Batches: 8  Memory Usage: 3395kB
                    ->  Seq Scan on title t  (cost=0.00..73925.90 rows=443724 width=4) (actual time=0.023..1215.716 rows=536860 loops=1)
                          Filter: ((kind_id < 7) AND (production_year < 2002))
                          Rows Removed by Filter: 1991452
Planning time: 1.130 ms
Execution time: 6458.274 ms
