Seq Scan on movie_keyword mk  (cost=0.00..81003.12 rows=1488198 width=0) (actual time=0.022..1442.482 rows=1502853 loops=1)
  Filter: (keyword_id > 10781)
  Rows Removed by Filter: 3021077
Planning time: 0.302 ms
Execution time: 1632.780 ms
