Seq Scan on cast_info ci  (cost=0.00..796071.18 rows=1129305 width=0) (actual time=6297.546..15962.122 rows=1086682 loops=1)
  Filter: ((person_id > 58314) AND (role_id = 9))
  Rows Removed by Filter: 35157662
Planning time: 0.383 ms
Execution time: 16089.876 ms
