Seq Scan on cast_info ci  (cost=0.00..796071.18 rows=1047366 width=0) (actual time=5614.535..13255.404 rows=973422 loops=1)
  Filter: ((person_id < 1364980) AND (role_id = 4))
  Rows Removed by Filter: 35270922
Planning time: 0.291 ms
Execution time: 13377.523 ms
