Hash Join  (cost=89678.24..978029.93 rows=2188549 width=0) (actual time=7721.107..23793.265 rows=5029628 loops=1)
  Hash Cond: (ci.movie_id = t.id)
  ->  Seq Scan on cast_info ci  (cost=0.00..796071.18 rows=5763738 width=4) (actual time=6071.144..14886.185 rows=11729612 loops=1)
        Filter: ((person_id < 1610699) AND (role_id = 1))
        Rows Removed by Filter: 24514732
  ->  Hash  (cost=73925.90..73925.90 rows=960107 width=4) (actual time=1649.126..1649.126 rows=977778 loops=1)
        Buckets: 131072  Batches: 16  Memory Usage: 3172kB
        ->  Seq Scan on title t  (cost=0.00..73925.90 rows=960107 width=4) (actual time=0.027..1206.194 rows=977778 loops=1)
              Filter: ((kind_id < 7) AND (production_year > 0))
              Rows Removed by Filter: 1550534
Planning time: 2.083 ms
Execution time: 24389.712 ms
