Nested Loop  (cost=0.43..113589.64 rows=1121 width=0) (actual time=8.826..1293.810 rows=8 loops=1)
  ->  Seq Scan on movie_keyword mk  (cost=0.00..81003.12 rows=4373 width=4) (actual time=8.753..1250.458 rows=4347 loops=1)
        Filter: (keyword_id = 18607)
        Rows Removed by Filter: 4519583
  ->  Index Scan using title_pkey on title t  (cost=0.43..7.44 rows=1 width=4) (actual time=0.010..0.010 rows=0 loops=4347)
        Index Cond: (id = mk.movie_id)
        Filter: ((kind_id < 3) AND (production_year > 1964))
        Rows Removed by Filter: 1
Planning time: 0.732 ms
Execution time: 1293.925 ms
