Seq Scan on movie_keyword mk  (cost=0.00..81003.12 rows=246 width=0) (actual time=19.209..1363.535 rows=117 loops=1)
  Filter: (keyword_id = 19509)
  Rows Removed by Filter: 4523813
Planning time: 0.330 ms
Execution time: 1363.670 ms
