Hash Join  (cost=102767.86..295218.62 rows=4221024 width=0) (actual time=2543.700..8460.863 rows=4224806 loops=1)
  Hash Cond: (mk.movie_id = t.id)
  ->  Seq Scan on movie_keyword mk  (cost=0.00..81003.12 rows=4221024 width=4) (actual time=0.020..1694.448 rows=4224806 loops=1)
        Filter: (keyword_id < 54019)
        Rows Removed by Filter: 299124
  ->  Hash  (cost=61283.27..61283.27 rows=2528527 width=4) (actual time=2542.181..2542.181 rows=2528312 loops=1)
        Buckets: 131072  Batches: 64  Memory Usage: 2425kB
        ->  Seq Scan on title t  (cost=0.00..61283.27 rows=2528527 width=4) (actual time=0.020..1069.421 rows=2528312 loops=1)
Planning time: 0.724 ms
Execution time: 8970.512 ms
