Hash Join  (cost=941792.44..1081609.64 rows=1462217 width=0) (actual time=18365.610..30030.475 rows=36513545 loops=1)
  Hash Cond: (mk.movie_id = t.id)
  ->  Seq Scan on movie_keyword mk  (cost=0.00..69693.30 rows=4523930 width=4) (actual time=0.025..1576.052 rows=4523930 loops=1)
  ->  Hash  (cost=928383.61..928383.61 rows=817266 width=8) (actual time=18353.476..18353.476 rows=2933971 loops=1)
        Buckets: 131072 (originally 131072)  Batches: 64 (originally 16)  Memory Usage: 3073kB
        ->  Hash Join  (cost=102767.86..928383.61 rows=817266 width=8) (actual time=9025.689..17463.374 rows=2933971 loops=1)
              Hash Cond: (ci.movie_id = t.id)
              ->  Seq Scan on cast_info ci  (cost=0.00..796071.18 rows=817266 width=4) (actual time=7047.113..12508.336 rows=2933971 loops=1)
                    Filter: ((person_id > 3012789) AND (role_id > 9))
                    Rows Removed by Filter: 33310373
              ->  Hash  (cost=61283.27..61283.27 rows=2528527 width=4) (actual time=1976.293..1976.293 rows=2528312 loops=1)
                    Buckets: 131072  Batches: 64  Memory Usage: 2415kB
                    ->  Seq Scan on title t  (cost=0.00..61283.27 rows=2528527 width=4) (actual time=0.026..1128.072 rows=2528312 loops=1)
Planning time: 7.222 ms
Execution time: 33933.821 ms
