Hash Join  (cost=190422.36..326629.10 rows=1165870 width=0) (actual time=4330.783..9092.440 rows=6264231 loops=1)
  Hash Cond: (mk.movie_id = t.id)
  ->  Seq Scan on movie_keyword mk  (cost=0.00..69693.30 rows=4523930 width=4) (actual time=0.031..1442.515 rows=4523930 loops=1)
  ->  Hash  (cost=179730.97..179730.97 rows=651631 width=8) (actual time=4328.551..4328.551 rows=642402 loops=1)
        Buckets: 131072  Batches: 16  Memory Usage: 2610kB
        ->  Hash Join  (cost=102767.86..179730.97 rows=651631 width=8) (actual time=2251.855..4137.475 rows=642402 loops=1)
              Hash Cond: (mc.movie_id = t.id)
              ->  Seq Scan on movie_companies mc  (cost=0.00..51404.11 rows=651631 width=4) (actual time=0.022..971.209 rows=642402 loops=1)
                    Filter: (company_id < 851)
                    Rows Removed by Filter: 1966727
              ->  Hash  (cost=61283.27..61283.27 rows=2528527 width=4) (actual time=2249.995..2249.995 rows=2528312 loops=1)
                    Buckets: 131072  Batches: 64  Memory Usage: 2415kB
                    ->  Seq Scan on title t  (cost=0.00..61283.27 rows=2528527 width=4) (actual time=0.015..1149.077 rows=2528312 loops=1)
Planning time: 1.608 ms
Execution time: 9779.861 ms
