Hash Join  (cost=85285.53..608155.63 rows=4035917 width=0) (actual time=1546.191..16589.260 rows=8478739 loops=1)
  Hash Cond: (mi.movie_id = t.id)
  ->  Seq Scan on movie_info mi  (cost=0.00..309384.22 rows=14739122 width=4) (actual time=0.024..6048.404 rows=14835720 loops=1)
  ->  Hash  (cost=73925.90..73925.90 rows=692370 width=4) (actual time=1545.351..1545.351 rows=739307 loops=1)
        Buckets: 131072  Batches: 16  Memory Usage: 2658kB
        ->  Seq Scan on title t  (cost=0.00..73925.90 rows=692370 width=4) (actual time=0.024..1301.955 rows=739307 loops=1)
              Filter: ((kind_id < 6) AND (production_year < 2009))
              Rows Removed by Filter: 1789005
Planning time: 0.654 ms
Execution time: 17473.165 ms
