Hash Join  (cost=95596.79..178634.59 rows=2540 width=0) (actual time=1684.861..3063.586 rows=1632 loops=1)
  Hash Cond: (mk.movie_id = t.id)
  ->  Seq Scan on movie_keyword mk  (cost=0.00..81003.12 rows=535806 width=4) (actual time=0.172..1283.181 rows=526523 loops=1)
        Filter: (keyword_id > 34520)
        Rows Removed by Filter: 3997407
  ->  Hash  (cost=95446.98..95446.98 rows=11985 width=8) (actual time=1683.715..1683.715 rows=4937 loops=1)
        Buckets: 16384  Batches: 1  Memory Usage: 321kB
        ->  Hash Join  (cost=68438.72..95446.98 rows=11985 width=8) (actual time=1095.291..1681.253 rows=4937 loops=1)
              Hash Cond: (mi_idx.movie_id = t.id)
              ->  Seq Scan on movie_info_idx mi_idx  (cost=0.00..25185.44 rows=454124 width=4) (actual time=0.024..446.966 rows=459925 loops=1)
                    Filter: (info_type_id = 100)
                    Rows Removed by Filter: 920110
              ->  Hash  (cost=67604.59..67604.59 rows=66731 width=4) (actual time=1094.559..1094.559 rows=67342 loops=1)
                    Buckets: 131072  Batches: 1  Memory Usage: 3392kB
                    ->  Seq Scan on title t  (cost=0.00..67604.59 rows=66731 width=4) (actual time=0.028..1066.496 rows=67342 loops=1)
                          Filter: (production_year > 2012)
                          Rows Removed by Filter: 2460970
Planning time: 1.163 ms
Execution time: 3064.198 ms
