Hash Join  (cost=647721.63..2370702.51 rows=45048466 width=0) (actual time=17863.809..108474.789 rows=192696359 loops=1)
  Hash Cond: (ci.movie_id = t.id)
  ->  Seq Scan on cast_info ci  (cost=0.00..614943.12 rows=36225612 width=4) (actual time=0.025..13560.200 rows=36244344 loops=1)
  ->  Hash  (cost=596134.17..596134.17 rows=3144357 width=8) (actual time=17851.937..17851.937 rows=5012603 loops=1)
        Buckets: 131072 (originally 131072)  Batches: 128 (originally 64)  Memory Usage: 4043kB
        ->  Hash Join  (cost=82776.67..596134.17 rows=3144357 width=8) (actual time=1427.258..16405.630 rows=5012603 loops=1)
              Hash Cond: (mi.movie_id = t.id)
              ->  Seq Scan on movie_info mi  (cost=0.00..309384.22 rows=14739122 width=4) (actual time=0.014..6011.536 rows=14835720 loops=1)
              ->  Hash  (cost=73925.90..73925.90 rows=539421 width=4) (actual time=1426.178..1426.178 rows=459810 loops=1)
                    Buckets: 131072  Batches: 8  Memory Usage: 3048kB
                    ->  Seq Scan on title t  (cost=0.00..73925.90 rows=539421 width=4) (actual time=0.032..1280.152 rows=459810 loops=1)
                          Filter: ((kind_id < 7) AND (production_year > 2000))
                          Rows Removed by Filter: 2068502
Planning time: 1.202 ms
Execution time: 129034.860 ms
