Hash Join  (cost=332836.25..1540113.07 rows=23701628 width=0) (actual time=7915.401..50338.520 rows=78344554 loops=1)
  Hash Cond: (ci.movie_id = t.id)
  ->  Seq Scan on cast_info ci  (cost=0.00..705507.15 rows=17896699 width=4) (actual time=0.042..14313.429 rows=17745417 loops=1)
        Filter: (person_id < 1757697)
        Rows Removed by Filter: 18498927
  ->  Hash  (cost=277896.83..277896.83 rows=3348674 width=8) (actual time=7913.816..7913.816 rows=3054232 loops=1)
        Buckets: 131072  Batches: 64  Memory Usage: 2875kB
        ->  Hash Join  (cost=98595.81..277896.83 rows=3348674 width=8) (actual time=1997.611..6863.672 rows=3054232 loops=1)
              Hash Cond: (mk.movie_id = t.id)
              ->  Seq Scan on movie_keyword mk  (cost=0.00..81003.12 rows=4482430 width=4) (actual time=0.023..1902.508 rows=4485181 loops=1)
                    Filter: (keyword_id > 43)
                    Rows Removed by Filter: 38749
              ->  Hash  (cost=67604.59..67604.59 rows=1888978 width=4) (actual time=1996.320..1996.320 rows=1887769 loops=1)
                    Buckets: 131072  Batches: 32  Memory Usage: 3114kB
                    ->  Seq Scan on title t  (cost=0.00..67604.59 rows=1888978 width=4) (actual time=0.012..1380.381 rows=1887769 loops=1)
                          Filter: (production_year > 1983)
                          Rows Removed by Filter: 640543
Planning time: 1.195 ms
Execution time: 58936.874 ms
