Hash Join  (cost=83074.74..109989.30 rows=45 width=0) (actual time=1254.121..1729.645 rows=68 loops=1)
  Hash Cond: (mi_idx.movie_id = t.id)
  ->  Seq Scan on movie_info_idx mi_idx  (cost=0.00..25185.44 rows=460978 width=4) (actual time=0.025..415.341 rows=459925 loops=1)
        Filter: (info_type_id < 100)
        Rows Removed by Filter: 920110
  ->  Hash  (cost=83071.67..83071.67 rows=246 width=8) (actual time=1250.621..1250.621 rows=148 loops=1)
        Buckets: 1024  Batches: 1  Memory Usage: 14kB
        ->  Nested Loop  (cost=0.43..83071.67 rows=246 width=8) (actual time=7.037..1250.456 rows=148 loops=1)
              ->  Seq Scan on movie_keyword mk  (cost=0.00..81003.12 rows=246 width=4) (actual time=6.967..1245.615 rows=148 loops=1)
                    Filter: (keyword_id = 5447)
                    Rows Removed by Filter: 4523782
              ->  Index Only Scan using title_pkey on title t  (cost=0.43..8.40 rows=1 width=4) (actual time=0.029..0.030 rows=1 loops=148)
                    Index Cond: (id = mk.movie_id)
                    Heap Fetches: 148
Planning time: 1.137 ms
Execution time: 1729.813 ms
