Hash Join  (cost=158394.02..655117.14 rows=1585419 width=0) (actual time=3907.941..16647.522 rows=1488255 loops=1)
  Hash Cond: (mi.movie_id = t.id)
  ->  Seq Scan on movie_info mi  (cost=0.00..309384.22 rows=14739122 width=4) (actual time=0.022..6128.870 rows=14835720 loops=1)
  ->  Hash  (cost=153931.24..153931.24 rows=271982 width=8) (actual time=2919.320..2919.320 rows=171235 loops=1)
        Buckets: 131072  Batches: 4  Memory Usage: 2706kB
        ->  Hash Join  (cost=82412.27..153931.24 rows=271982 width=8) (actual time=1697.527..2861.947 rows=171235 loops=1)
              Hash Cond: (mc.movie_id = t.id)
              ->  Seq Scan on movie_companies mc  (cost=0.00..51404.11 rows=1329612 width=4) (actual time=0.016..888.096 rows=1334883 loops=1)
                    Filter: (company_type_id > 1)
                    Rows Removed by Filter: 1274246
              ->  Hash  (cost=73925.90..73925.90 rows=517229 width=4) (actual time=1206.112..1206.112 rows=403947 loops=1)
                    Buckets: 131072  Batches: 8  Memory Usage: 2784kB
                    ->  Seq Scan on title t  (cost=0.00..73925.90 rows=517229 width=4) (actual time=0.017..1082.856 rows=403947 loops=1)
                          Filter: ((production_year < 1996) AND (kind_id = 7))
                          Rows Removed by Filter: 2124365
Planning time: 1.128 ms
Execution time: 16818.051 ms
