Seq Scan on movie_keyword mk  (cost=0.00..81003.12 rows=3603322 width=0) (actual time=0.018..1691.842 rows=3608992 loops=1)
  Filter: (keyword_id < 20333)
  Rows Removed by Filter: 914938
Planning time: 3.361 ms
Execution time: 2154.995 ms
