Seq Scan on cast_info ci  (cost=0.00..796071.18 rows=60 width=42) (actual time=9092.336..12420.464 rows=6 loops=1)
  Filter: ((person_id = 504055) AND (role_id = 10))
  Rows Removed by Filter: 36244338
Planning time: 5.202 ms
Execution time: 12420.515 ms
