Hash Join  (cost=28270.40..115956.94 rows=259 width=0) (actual time=427.181..2064.331 rows=17796 loops=1)
  Hash Cond: (mk.movie_id = t.id)
  ->  Seq Scan on movie_keyword mk  (cost=0.00..81003.12 rows=1781554 width=4) (actual time=0.025..1386.310 rows=1785988 loops=1)
        Filter: (keyword_id > 7771)
        Rows Removed by Filter: 2737942
  ->  Hash  (cost=28265.80..28265.80 rows=368 width=8) (actual time=426.851..426.851 rows=260 loops=1)
        Buckets: 1024  Batches: 1  Memory Usage: 19kB
        ->  Nested Loop  (cost=0.43..28265.80 rows=368 width=8) (actual time=193.886..426.733 rows=260 loops=1)
              ->  Seq Scan on movie_info_idx mi_idx  (cost=0.00..25185.44 rows=368 width=4) (actual time=193.792..421.448 rows=260 loops=1)
                    Filter: (info_type_id > 101)
                    Rows Removed by Filter: 1379775
              ->  Index Only Scan using title_pkey on title t  (cost=0.43..8.36 rows=1 width=4) (actual time=0.019..0.020 rows=1 loops=260)
                    Index Cond: (id = mi_idx.movie_id)
                    Heap Fetches: 260
Planning time: 1.176 ms
Execution time: 2066.716 ms
