Hash Join  (cost=831567.80..968888.07 rows=560283 width=0) (actual time=12816.765..17595.536 rows=3180312 loops=1)
  Hash Cond: (mk.movie_id = t.id)
  ->  Seq Scan on movie_keyword mk  (cost=0.00..81003.12 rows=4273951 width=4) (actual time=0.019..1851.417 rows=4255669 loops=1)
        Filter: (keyword_id > 229)
        Rows Removed by Filter: 268261
  ->  Hash  (cost=826129.41..826129.41 rows=331471 width=8) (actual time=12815.839..12815.839 rows=360297 loops=1)
        Buckets: 131072  Batches: 8  Memory Usage: 2776kB
        ->  Hash Join  (cost=102767.86..826129.41 rows=331471 width=8) (actual time=6392.830..12703.470 rows=360297 loops=1)
              Hash Cond: (ci.movie_id = t.id)
              ->  Seq Scan on cast_info ci  (cost=0.00..705507.15 rows=331471 width=4) (actual time=4370.443..9747.702 rows=360297 loops=1)
                    Filter: (person_id > 3995666)
                    Rows Removed by Filter: 35884047
              ->  Hash  (cost=61283.27..61283.27 rows=2528527 width=4) (actual time=2020.945..2020.945 rows=2528312 loops=1)
                    Buckets: 131072  Batches: 64  Memory Usage: 2415kB
                    ->  Seq Scan on title t  (cost=0.00..61283.27 rows=2528527 width=4) (actual time=0.019..1173.893 rows=2528312 loops=1)
Planning time: 1.245 ms
Execution time: 17990.213 ms
