Hash Join  (cost=74060.24..423363.32 rows=3442 width=0) (actual time=5921.726..6810.336 rows=4922 loops=1)
  Hash Cond: (mi.movie_id = t.id)
  ->  Seq Scan on movie_info mi  (cost=0.00..346232.03 rows=809768 width=4) (actual time=4848.628..5704.887 rows=802140 loops=1)
        Filter: (info_type_id < 2)
        Rows Removed by Filter: 14033580
  ->  Hash  (cost=73925.90..73925.90 rows=10747 width=4) (actual time=971.061..971.061 rows=6468 loops=1)
        Buckets: 16384  Batches: 1  Memory Usage: 356kB
        ->  Seq Scan on title t  (cost=0.00..73925.90 rows=10747 width=4) (actual time=210.645..968.042 rows=6468 loops=1)
              Filter: ((kind_id = 1) AND (production_year = 1997))
              Rows Removed by Filter: 2521844
Planning time: 0.760 ms
Execution time: 6811.330 ms
