Hash Join  (cost=78724.21..177677.46 rows=152812 width=0) (actual time=1246.731..3158.534 rows=228894 loops=1)
  Hash Cond: (mk.movie_id = t.id)
  ->  Seq Scan on movie_keyword mk  (cost=0.00..81003.12 rows=1321336 width=4) (actual time=0.024..1447.236 rows=1335770 loops=1)
        Filter: (keyword_id > 12875)
        Rows Removed by Filter: 3188160
  ->  Hash  (cost=73925.90..73925.90 rows=292424 width=4) (actual time=1115.213..1115.213 rows=231739 loops=1)
        Buckets: 131072  Batches: 4  Memory Usage: 3074kB
        ->  Seq Scan on title t  (cost=0.00..73925.90 rows=292424 width=4) (actual time=319.309..1035.731 rows=231739 loops=1)
              Filter: ((production_year > 2004) AND (kind_id = 1))
              Rows Removed by Filter: 2296573
Planning time: 0.771 ms
Execution time: 3187.482 ms
