Hash Join  (cost=74666.71..424124.76 rows=18977 width=0) (actual time=3140.172..6858.185 rows=43428 loops=1)
  Hash Cond: (mi.movie_id = t.id)
  ->  Seq Scan on movie_info mi  (cost=0.00..346232.03 rows=809669 width=4) (actual time=1893.883..5283.813 rows=802140 loops=1)
        Filter: (info_type_id = 1)
        Rows Removed by Filter: 14033580
  ->  Hash  (cost=73925.90..73925.90 rows=59264 width=4) (actual time=1230.615..1230.615 rows=155122 loops=1)
        Buckets: 131072 (originally 65536)  Batches: 2 (originally 1)  Memory Usage: 3750kB
        ->  Seq Scan on title t  (cost=0.00..73925.90 rows=59264 width=4) (actual time=4.220..1170.039 rows=155122 loops=1)
              Filter: ((kind_id < 7) AND (production_year < 1947))
              Rows Removed by Filter: 2373190
Planning time: 0.906 ms
Execution time: 6863.940 ms
