Hash Join  (cost=626453.45..2360084.17 rows=54901150 width=0) (actual time=13748.749..91813.730 rows=191675206 loops=1)
  Hash Cond: (ci.movie_id = t.id)
  ->  Seq Scan on cast_info ci  (cost=0.00..614943.12 rows=36225612 width=4) (actual time=0.019..13607.648 rows=36244344 loops=1)
  ->  Hash  (cost=563582.58..563582.58 rows=3832069 width=8) (actual time=13747.173..13747.173 rows=4216850 loops=1)
        Buckets: 131072  Batches: 64  Memory Usage: 3516kB
        ->  Hash Join  (cost=93117.31..563582.58 rows=3832069 width=8) (actual time=1802.091..12615.874 rows=4216850 loops=1)
              Hash Cond: (mi.movie_id = t.id)
              ->  Seq Scan on movie_info mi  (cost=0.00..346232.03 rows=6231111 width=4) (actual time=0.015..6387.684 rows=6223494 loops=1)
                    Filter: (info_type_id > 8)
                    Rows Removed by Filter: 8612226
              ->  Hash  (cost=67604.59..67604.59 rows=1555018 width=4) (actual time=1800.915..1800.915 rows=1551727 loops=1)
                    Buckets: 131072  Batches: 32  Memory Usage: 2737kB
                    ->  Seq Scan on title t  (cost=0.00..67604.59 rows=1555018 width=4) (actual time=0.017..1278.354 rows=1551727 loops=1)
                          Filter: (production_year < 2007)
                          Rows Removed by Filter: 976585
Planning time: 1.212 ms
Execution time: 111846.535 ms
