Hash Join  (cost=230181.20..722262.51 rows=4675962 width=0) (actual time=6704.097..19393.813 rows=14095171 loops=1)
  Hash Cond: (mi.movie_id = t.id)
  ->  Seq Scan on movie_info mi  (cost=0.00..346232.03 rows=7235534 width=4) (actual time=1552.725..6499.787 rows=7286865 loops=1)
        Filter: (info_type_id < 8)
        Rows Removed by Filter: 7548855
  ->  Hash  (cost=203371.45..203371.45 rows=1634060 width=8) (actual time=5148.780..5148.780 rows=1632495 loops=1)
        Buckets: 131072  Batches: 32  Memory Usage: 3059kB
        ->  Hash Join  (cost=102767.86..203371.45 rows=1634060 width=8) (actual time=1923.080..4686.767 rows=1632495 loops=1)
              Hash Cond: (mc.movie_id = t.id)
              ->  Seq Scan on movie_companies mc  (cost=0.00..51404.11 rows=1634060 width=4) (actual time=0.023..1021.114 rows=1632495 loops=1)
                    Filter: (company_id > 4283)
                    Rows Removed by Filter: 976634
              ->  Hash  (cost=61283.27..61283.27 rows=2528527 width=4) (actual time=1921.871..1921.871 rows=2528312 loops=1)
                    Buckets: 131072  Batches: 64  Memory Usage: 2415kB
                    ->  Seq Scan on title t  (cost=0.00..61283.27 rows=2528527 width=4) (actual time=0.028..1099.186 rows=2528312 loops=1)
Planning time: 1.278 ms
Execution time: 20983.589 ms
