Hash Join  (cost=282419.22..1376991.55 rows=15361535 width=0) (actual time=6659.135..41584.828 rows=51498338 loops=1)
  Hash Cond: (ci.movie_id = t.id)
  ->  Seq Scan on cast_info ci  (cost=0.00..705507.15 rows=17707766 width=4) (actual time=0.014..14238.317 rows=17560041 loops=1)
        Filter: (person_id < 1737955)
        Rows Removed by Filter: 18684303
  ->  Hash  (cost=246431.42..246431.42 rows=2193504 width=8) (actual time=6657.881..6657.881 rows=2194327 loops=1)
        Buckets: 131072  Batches: 32  Memory Usage: 3688kB
        ->  Hash Join  (cost=102767.86..246431.42 rows=2193504 width=8) (actual time=2020.737..6025.857 rows=2194327 loops=1)
              Hash Cond: (mk.movie_id = t.id)
              ->  Seq Scan on movie_keyword mk  (cost=0.00..81003.12 rows=2193504 width=4) (actual time=0.015..1636.953 rows=2194327 loops=1)
                    Filter: (keyword_id < 4354)
                    Rows Removed by Filter: 2329603
              ->  Hash  (cost=61283.27..61283.27 rows=2528527 width=4) (actual time=2019.659..2019.659 rows=2528312 loops=1)
                    Buckets: 131072  Batches: 64  Memory Usage: 2425kB
                    ->  Seq Scan on title t  (cost=0.00..61283.27 rows=2528527 width=4) (actual time=0.028..1163.035 rows=2528312 loops=1)
Planning time: 1.139 ms
Execution time: 46719.902 ms
