Nested Loop  (cost=0.43..709674.40 rows=161 width=0) (actual time=1334.038..10611.583 rows=88 loops=1)
  ->  Seq Scan on cast_info ci  (cost=0.00..705507.15 rows=500 width=4) (actual time=1333.958..10606.216 rows=174 loops=1)
        Filter: (person_id = 1581549)
        Rows Removed by Filter: 36244170
  ->  Index Scan using title_pkey on title t  (cost=0.43..8.32 rows=1 width=4) (actual time=0.030..0.030 rows=1 loops=174)
        Index Cond: (id = ci.movie_id)
        Filter: ((kind_id < 7) AND (production_year > 1970))
        Rows Removed by Filter: 0
Planning time: 0.729 ms
Execution time: 10611.728 ms
