Hash Join  (cost=101914.34..183338.04 rows=1027 width=0) (actual time=1732.260..2571.281 rows=2323 loops=1)
  Hash Cond: (mk.movie_id = t.id)
  ->  Seq Scan on movie_keyword mk  (cost=0.00..81003.12 rows=109414 width=4) (actual time=0.025..812.550 rows=121921 loops=1)
        Filter: (keyword_id < 117)
        Rows Removed by Filter: 4402009
  ->  Hash  (cost=101617.57..101617.57 rows=23742 width=8) (actual time=1730.319..1730.319 rows=22395 loops=1)
        Buckets: 32768  Batches: 1  Memory Usage: 1131kB
        ->  Hash Join  (cost=74469.67..101617.57 rows=23742 width=8) (actual time=1033.755..1722.172 rows=22395 loops=1)
              Hash Cond: (mi_idx.movie_id = t.id)
              ->  Seq Scan on movie_info_idx mi_idx  (cost=0.00..21735.35 rows=1380035 width=4) (actual time=0.023..349.564 rows=1380035 loops=1)
              ->  Hash  (cost=73925.90..73925.90 rows=43501 width=4) (actual time=1033.268..1033.268 rows=39560 loops=1)
                    Buckets: 65536  Batches: 1  Memory Usage: 1903kB
                    ->  Seq Scan on title t  (cost=0.00..73925.90 rows=43501 width=4) (actual time=125.421..1017.643 rows=39560 loops=1)
                          Filter: ((kind_id < 2) AND (production_year = 2012))
                          Rows Removed by Filter: 2488752
Planning time: 1.178 ms
Execution time: 2571.848 ms
