Seq Scan on title t  (cost=0.00..73925.90 rows=521529 width=0) (actual time=0.023..1109.650 rows=409307 loops=1)
  Filter: ((kind_id > 4) AND (production_year < 1996))
  Rows Removed by Filter: 2119005
Planning time: 0.367 ms
Execution time: 1163.652 ms
