Hash Join  (cost=79388.64..120199.25 rows=181713 width=0) (actual time=1270.096..2425.729 rows=231397 loops=1)
  Hash Cond: (mi_idx.movie_id = t.id)
  ->  Seq Scan on movie_info_idx mi_idx  (cost=0.00..21735.35 rows=1380035 width=4) (actual time=0.016..464.478 rows=1380035 loops=1)
  ->  Hash  (cost=73925.90..73925.90 rows=332939 width=4) (actual time=1269.311..1269.311 rows=255571 loops=1)
        Buckets: 131072  Batches: 8  Memory Usage: 2147kB
        ->  Seq Scan on title t  (cost=0.00..73925.90 rows=332939 width=4) (actual time=535.073..1191.668 rows=255571 loops=1)
              Filter: ((production_year > 2002) AND (kind_id = 1))
              Rows Removed by Filter: 2272741
Planning time: 0.594 ms
Execution time: 2454.704 ms
