Hash Join  (cost=163095.53..203714.12 rows=170511 width=0) (actual time=3298.880..5384.795 rows=1011280 loops=1)
  Hash Cond: (mi_idx.movie_id = t.id)
  ->  Seq Scan on movie_info_idx mi_idx  (cost=0.00..21735.35 rows=1380035 width=4) (actual time=0.021..452.294 rows=1380035 loops=1)
  ->  Hash  (cost=157969.36..157969.36 rows=312414 width=8) (actual time=3298.206..3298.206 rows=575275 loops=1)
        Buckets: 131072  Batches: 8  Memory Usage: 3831kB
        ->  Hash Join  (cost=83810.17..157969.36 rows=312414 width=8) (actual time=1443.246..3127.901 rows=575275 loops=1)
              Hash Cond: (mc.movie_id = t.id)
              ->  Seq Scan on movie_companies mc  (cost=0.00..57926.93 rows=799762 width=4) (actual time=0.027..1064.378 rows=586403 loops=1)
                    Filter: ((company_id > 4360) AND (company_type_id = 1))
                    Rows Removed by Filter: 2022726
              ->  Hash  (cost=67604.59..67604.59 rows=987727 width=4) (actual time=1442.453..1442.453 rows=985048 loops=1)
                    Buckets: 131072  Batches: 16  Memory Usage: 3188kB
                    ->  Seq Scan on title t  (cost=0.00..67604.59 rows=987727 width=4) (actual time=0.044..1137.191 rows=985048 loops=1)
                          Filter: (kind_id < 7)
                          Rows Removed by Filter: 1543264
Planning time: 1.152 ms
Execution time: 5508.451 ms
