Hash Join  (cost=299355.01..1229637.78 rows=9345846 width=0) (actual time=7175.543..24615.782 rows=6868693 loops=1)
  Hash Cond: (ci.movie_id = t.id)
  ->  Seq Scan on cast_info ci  (cost=0.00..705507.15 rows=8572187 width=4) (actual time=1710.811..13720.875 rows=8486314 loops=1)
        Filter: (role_id > 5)
        Rows Removed by Filter: 27758030
  ->  Hash  (cost=254126.86..254126.86 rows=2756732 width=8) (actual time=5461.306..5461.306 rows=645461 loops=1)
        Buckets: 131072  Batches: 64  Memory Usage: 1402kB
        ->  Hash Join  (cost=92883.59..254126.86 rows=2756732 width=8) (actual time=2543.604..5308.022 rows=645461 loops=1)
              Hash Cond: (mk.movie_id = t.id)
              ->  Seq Scan on movie_keyword mk  (cost=0.00..69693.30 rows=4523930 width=4) (actual time=0.027..1414.588 rows=4523930 loops=1)
              ->  Hash  (cost=67604.59..67604.59 rows=1540800 width=4) (actual time=1725.099..1725.099 rows=1543264 loops=1)
                    Buckets: 131072  Batches: 32  Memory Usage: 2728kB
                    ->  Seq Scan on title t  (cost=0.00..67604.59 rows=1540800 width=4) (actual time=0.026..1210.101 rows=1543264 loops=1)
                          Filter: (kind_id = 7)
                          Rows Removed by Filter: 985048
Planning time: 5.199 ms
Execution time: 25388.654 ms
