Hash Join  (cost=216439.11..1176334.97 rows=4073007 width=0) (actual time=4286.103..29770.235 rows=14194288 loops=1)
  Hash Cond: (ci.movie_id = t.id)
  ->  Seq Scan on cast_info ci  (cost=0.00..705507.15 rows=18288169 width=4) (actual time=0.022..13769.933 rows=18177719 loops=1)
        Filter: (person_id < 1804752)
        Rows Removed by Filter: 18066625
  ->  Hash  (cost=207199.93..207199.93 rows=563135 width=8) (actual time=4285.186..4285.186 rows=560299 loops=1)
        Buckets: 131072  Batches: 8  Memory Usage: 3790kB
        ->  Hash Join  (cost=102767.86..207199.93 rows=563135 width=8) (actual time=1906.424..4133.242 rows=560299 loops=1)
              Hash Cond: (mk.movie_id = t.id)
              ->  Seq Scan on movie_keyword mk  (cost=0.00..81003.12 rows=563135 width=4) (actual time=0.023..1355.229 rows=560299 loops=1)
                    Filter: (keyword_id > 32833)
                    Rows Removed by Filter: 3963631
              ->  Hash  (cost=61283.27..61283.27 rows=2528527 width=4) (actual time=1904.804..1904.804 rows=2528312 loops=1)
                    Buckets: 131072  Batches: 64  Memory Usage: 2425kB
                    ->  Seq Scan on title t  (cost=0.00..61283.27 rows=2528527 width=4) (actual time=0.020..1055.493 rows=2528312 loops=1)
Planning time: 1.141 ms
Execution time: 31248.006 ms
