Hash Join  (cost=709677.51..1074347.95 rows=1451 width=0) (actual time=13488.218..17763.071 rows=707 loops=1)
  Hash Cond: (mi.movie_id = t.id)
  ->  Seq Scan on movie_info mi  (cost=0.00..309384.22 rows=14739122 width=4) (actual time=0.011..3989.038 rows=14835720 loops=1)
  ->  Hash  (cost=709674.40..709674.40 rows=249 width=8) (actual time=10992.704..10992.704 rows=691 loops=1)
        Buckets: 1024  Batches: 1  Memory Usage: 35kB
        ->  Nested Loop  (cost=0.43..709674.40 rows=249 width=8) (actual time=4079.526..10992.388 rows=691 loops=1)
              ->  Seq Scan on cast_info ci  (cost=0.00..705507.15 rows=500 width=4) (actual time=4079.297..10975.974 rows=708 loops=1)
                    Filter: (person_id = 1751102)
                    Rows Removed by Filter: 36243636
              ->  Index Scan using title_pkey on title t  (cost=0.43..8.32 rows=1 width=4) (actual time=0.022..0.022 rows=1 loops=708)
                    Index Cond: (id = ci.movie_id)
                    Filter: ((production_year < 2011) AND (kind_id = 7))
                    Rows Removed by Filter: 0
Planning time: 0.767 ms
Execution time: 17763.275 ms
