Hash Join  (cost=67697.55..124150.13 rows=3929 width=0) (actual time=1175.102..2436.951 rows=10767 loops=1)
  Hash Cond: (mc.movie_id = t.id)
  ->  Seq Scan on movie_companies mc  (cost=0.00..51404.11 rows=1335782 width=4) (actual time=0.016..970.615 rows=1325898 loops=1)
        Filter: (company_id < 11387)
        Rows Removed by Filter: 1283231
  ->  Hash  (cost=67604.59..67604.59 rows=7437 width=4) (actual time=1174.858..1174.858 rows=15000 loops=1)
        Buckets: 16384 (originally 8192)  Batches: 1 (originally 1)  Memory Usage: 656kB
        ->  Seq Scan on title t  (cost=0.00..67604.59 rows=7437 width=4) (actual time=0.234..1167.490 rows=15000 loops=1)
              Filter: (production_year = 1970)
              Rows Removed by Filter: 2513312
Planning time: 0.839 ms
Execution time: 2442.246 ms
