Hash Join  (cost=123872.41..486436.62 rows=96272 width=0) (actual time=2797.612..8882.461 rows=242190 loops=1)
  Hash Cond: (mi.movie_id = t.id)
  ->  Seq Scan on movie_info mi  (cost=0.00..346232.03 rows=1264125 width=4) (actual time=19.358..5412.671 rows=1288928 loops=1)
        Filter: (info_type_id = 2)
        Rows Removed by Filter: 13546792
  ->  Hash  (cost=120712.33..120712.33 rows=192566 width=8) (actual time=2777.433..2777.433 rows=233750 loops=1)
        Buckets: 131072  Batches: 4  Memory Usage: 3303kB
        ->  Hash Join  (cost=79715.19..120712.33 rows=192566 width=8) (actual time=1353.962..2723.042 rows=233750 loops=1)
              Hash Cond: (mi_idx.movie_id = t.id)
              ->  Seq Scan on movie_info_idx mi_idx  (cost=0.00..21735.35 rows=1380035 width=4) (actual time=0.031..450.385 rows=1380035 loops=1)
              ->  Hash  (cost=73925.90..73925.90 rows=352823 width=4) (actual time=1352.890..1352.890 rows=302088 loops=1)
                    Buckets: 131072  Batches: 8  Memory Usage: 2342kB
                    ->  Seq Scan on title t  (cost=0.00..73925.90 rows=352823 width=4) (actual time=0.024..1254.103 rows=302088 loops=1)
                          Filter: ((kind_id < 7) AND (production_year > 2006))
                          Rows Removed by Filter: 2226224
Planning time: 1.178 ms
Execution time: 8912.356 ms
