Hash Join  (cost=73928.71..840205.08 rows=1435 width=0) (actual time=4628.304..16880.249 rows=25245 loops=1)
  Hash Cond: (ci.movie_id = t.id)
  ->  Seq Scan on cast_info ci  (cost=0.00..705507.15 rows=16201301 width=4) (actual time=3496.107..13181.350 rows=16121683 loops=1)
        Filter: (role_id > 2)
        Rows Removed by Filter: 20122661
  ->  Hash  (cost=73925.90..73925.90 rows=224 width=4) (actual time=1131.775..1131.775 rows=3358 loops=1)
        Buckets: 4096 (originally 1024)  Batches: 1 (originally 1)  Memory Usage: 151kB
        ->  Seq Scan on title t  (cost=0.00..73925.90 rows=224 width=4) (actual time=17.417..1129.833 rows=3358 loops=1)
              Filter: ((kind_id < 4) AND (production_year > 2013))
              Rows Removed by Filter: 2524954
Planning time: 0.750 ms
Execution time: 16886.139 ms
