Nested Loop  (cost=53556.83..135305.41 rows=13 width=0) (actual time=859.733..2117.874 rows=270 loops=1)
  ->  Hash Join  (cost=53556.40..135182.82 rows=67 width=8) (actual time=859.643..2108.258 rows=270 loops=1)
        Hash Cond: (mk.movie_id = mc.movie_id)
        ->  Seq Scan on movie_keyword mk  (cost=0.00..81003.12 rows=246 width=4) (actual time=1.950..1236.654 rows=2620 loops=1)
              Filter: (keyword_id = 1556)
              Rows Removed by Filter: 4521310
        ->  Hash  (cost=51404.11..51404.11 rows=131143 width=4) (actual time=853.159..853.159 rows=134807 loops=1)
              Buckets: 131072  Batches: 2  Memory Usage: 3401kB
              ->  Seq Scan on movie_companies mc  (cost=0.00..51404.11 rows=131143 width=4) (actual time=0.178..802.986 rows=134807 loops=1)
                    Filter: (company_id < 27)
                    Rows Removed by Filter: 2474322
  ->  Index Only Scan using title_pkey on title t  (cost=0.43..1.82 rows=1 width=4) (actual time=0.033..0.034 rows=1 loops=270)
        Index Cond: (id = mc.movie_id)
        Heap Fetches: 270
Planning time: 1.110 ms
Execution time: 2118.121 ms
