Hash Join  (cost=84618.84..438211.26 rows=87761 width=0) (actual time=2999.467..7231.274 rows=134863 loops=1)
  Hash Cond: (mi.movie_id = t.id)
  ->  Seq Scan on movie_info mi  (cost=0.00..346232.03 rows=340474 width=4) (actual time=1485.497..5431.699 rows=328857 loops=1)
        Filter: (info_type_id = 98)
        Rows Removed by Filter: 14506863
  ->  Hash  (cost=73925.90..73925.90 rows=651755 width=4) (actual time=1513.043..1513.043 rows=711179 loops=1)
        Buckets: 131072  Batches: 16  Memory Usage: 2599kB
        ->  Seq Scan on title t  (cost=0.00..73925.90 rows=651755 width=4) (actual time=7.818..1274.213 rows=711179 loops=1)
              Filter: ((kind_id < 7) AND (production_year < 2008))
              Rows Removed by Filter: 1817133
Planning time: 0.740 ms
Execution time: 7245.939 ms
