Hash Join  (cost=85894.26..224684.82 rows=1097005 width=0) (actual time=1484.457..4970.474 rows=249656 loops=1)
  Hash Cond: (mk.movie_id = t.id)
  ->  Seq Scan on movie_keyword mk  (cost=0.00..81003.12 rows=3802505 width=4) (actual time=0.020..1829.420 rows=3806210 loops=1)
        Filter: (keyword_id > 626)
        Rows Removed by Filter: 717720
  ->  Hash  (cost=73925.90..73925.90 rows=729468 width=4) (actual time=1483.167..1483.167 rows=638430 loops=1)
        Buckets: 131072  Batches: 16  Memory Usage: 2431kB
        ->  Seq Scan on title t  (cost=0.00..73925.90 rows=729468 width=4) (actual time=100.893..1268.961 rows=638430 loops=1)
              Filter: ((production_year < 2003) AND (kind_id = 7))
              Rows Removed by Filter: 1889882
Planning time: 0.784 ms
Execution time: 4995.819 ms
