Seq Scan on movie_keyword mk  (cost=0.00..81003.12 rows=202419 width=0) (actual time=0.015..1246.719 rows=204117 loops=1)
  Filter: (keyword_id > 67772)
  Rows Removed by Filter: 4319813
Planning time: 0.215 ms
Execution time: 1274.508 ms
