Hash Join  (cost=52284.46..146242.66 rows=56 width=0) (actual time=1555.988..2721.522 rows=9 loops=1)
  Hash Cond: (mk.movie_id = t.id)
  ->  Seq Scan on movie_keyword mk  (cost=0.00..81003.12 rows=3454537 width=4) (actual time=0.016..1539.311 rows=3443626 loops=1)
        Filter: (keyword_id > 1084)
        Rows Removed by Filter: 1080304
  ->  Hash  (cost=52283.95..52283.95 rows=41 width=8) (actual time=716.075..716.075 rows=3 loops=1)
        Buckets: 1024  Batches: 1  Memory Usage: 9kB
        ->  Nested Loop  (cost=0.43..52283.95 rows=41 width=8) (actual time=244.622..716.063 rows=3 loops=1)
              ->  Seq Scan on movie_companies mc  (cost=0.00..51404.11 rows=104 width=4) (actual time=244.559..715.887 rows=3 loops=1)
                    Filter: (company_id = 15184)
                    Rows Removed by Filter: 2609126
              ->  Index Scan using title_pkey on title t  (cost=0.43..8.45 rows=1 width=4) (actual time=0.049..0.051 rows=1 loops=3)
                    Index Cond: (id = mc.movie_id)
                    Filter: (kind_id < 7)
Planning time: 0.904 ms
Execution time: 2721.639 ms
