Hash Join  (cost=365418.15..1653683.56 rows=24641243 width=0) (actual time=8495.916..40150.508 rows=48479921 loops=1)
  Hash Cond: (ci.movie_id = t.id)
  ->  Seq Scan on cast_info ci  (cost=0.00..796071.18 rows=13772549 width=4) (actual time=0.025..14516.338 rows=8407363 loops=1)
        Filter: ((person_id < 2127838) AND (role_id > 1))
        Rows Removed by Filter: 27836981
  ->  Hash  (cost=291197.02..291197.02 rows=4523930 width=8) (actual time=8494.271..8494.271 rows=4523930 loops=1)
        Buckets: 131072  Batches: 64  Memory Usage: 3816kB
        ->  Hash Join  (cost=102767.86..291197.02 rows=4523930 width=8) (actual time=2095.972..7239.653 rows=4523930 loops=1)
              Hash Cond: (mk.movie_id = t.id)
              ->  Seq Scan on movie_keyword mk  (cost=0.00..69693.30 rows=4523930 width=4) (actual time=0.024..1437.727 rows=4523930 loops=1)
              ->  Hash  (cost=61283.27..61283.27 rows=2528527 width=4) (actual time=2094.888..2094.888 rows=2528312 loops=1)
                    Buckets: 131072  Batches: 64  Memory Usage: 2425kB
                    ->  Seq Scan on title t  (cost=0.00..61283.27 rows=2528527 width=4) (actual time=0.009..1206.250 rows=2528312 loops=1)
Planning time: 1.214 ms
Execution time: 44896.998 ms
