Seq Scan on movie_keyword mk  (cost=0.00..81003.12 rows=3055662 width=0) (actual time=0.023..1598.826 rows=3037963 loops=1)
  Filter: (keyword_id > 2126)
  Rows Removed by Filter: 1485967
Planning time: 0.268 ms
Execution time: 1971.976 ms
