Nested Loop  (cost=0.43..52283.95 rows=27 width=0) (actual time=32.611..814.462 rows=73 loops=1)
  ->  Seq Scan on movie_companies mc  (cost=0.00..51404.11 rows=104 width=4) (actual time=32.497..807.758 rows=73 loops=1)
        Filter: (company_id = 12387)
        Rows Removed by Filter: 2609056
  ->  Index Scan using title_pkey on title t  (cost=0.43..8.45 rows=1 width=4) (actual time=0.088..0.089 rows=1 loops=73)
        Index Cond: (id = mc.movie_id)
        Filter: (kind_id = 1)
Planning time: 0.673 ms
Execution time: 814.599 ms
