Hash Join  (cost=318265.84..1922056.84 rows=46669884 width=0) (actual time=7764.388..75437.020 rows=160137590 loops=1)
  Hash Cond: (ci.movie_id = t.id)
  ->  Seq Scan on cast_info ci  (cost=0.00..614943.12 rows=36225612 width=4) (actual time=0.013..13805.090 rows=36244344 loops=1)
  ->  Hash  (cost=264821.70..264821.70 rows=3257531 width=8) (actual time=7762.988..7762.988 rows=2897914 loops=1)
        Buckets: 131072  Batches: 64  Memory Usage: 2787kB
        ->  Hash Join  (cost=97476.44..264821.70 rows=3257531 width=8) (actual time=2184.885..6855.805 rows=2897914 loops=1)
              Hash Cond: (mk.movie_id = t.id)
              ->  Seq Scan on movie_keyword mk  (cost=0.00..69693.30 rows=4523930 width=4) (actual time=0.018..1437.800 rows=4523930 loops=1)
              ->  Hash  (cost=67604.59..67604.59 rows=1820708 width=4) (actual time=2183.659..2183.659 rows=1813245 loops=1)
                    Buckets: 131072  Batches: 32  Memory Usage: 3030kB
                    ->  Seq Scan on title t  (cost=0.00..67604.59 rows=1820708 width=4) (actual time=0.013..1302.638 rows=1813245 loops=1)
                          Filter: (production_year > 1987)
                          Rows Removed by Filter: 715067
Planning time: 1.168 ms
Execution time: 92242.031 ms
