Hash Join  (cost=452667.12..1274304.95 rows=385379 width=0) (actual time=9417.758..25118.863 rows=1026632 loops=1)
  Hash Cond: (ci.movie_id = t.id)
  ->  Seq Scan on cast_info ci  (cost=0.00..705507.15 rows=7298253 width=4) (actual time=0.013..12840.004 rows=7451973 loops=1)
        Filter: (role_id = 2)
        Rows Removed by Filter: 28792371
  ->  Hash  (cost=450476.15..450476.15 rows=133517 width=8) (actual time=9416.099..9416.099 rows=134320 loops=1)
        Buckets: 131072  Batches: 2  Memory Usage: 3645kB
        ->  Hash Join  (cost=68058.67..450476.15 rows=133517 width=8) (actual time=974.043..9352.816 rows=134320 loops=1)
              Hash Cond: (mi.movie_id = t.id)
              ->  Seq Scan on movie_info mi  (cost=0.00..346232.03 rows=9293409 width=4) (actual time=0.021..6270.888 rows=9425200 loops=1)
                    Filter: (info_type_id > 5)
                    Rows Removed by Filter: 5410520
              ->  Hash  (cost=67604.59..67604.59 rows=36327 width=4) (actual time=973.062..973.062 rows=36509 loops=1)
                    Buckets: 65536  Batches: 1  Memory Usage: 1796kB
                    ->  Seq Scan on title t  (cost=0.00..67604.59 rows=36327 width=4) (actual time=0.023..958.171 rows=36509 loops=1)
                          Filter: (production_year = 1996)
                          Rows Removed by Filter: 2491803
Planning time: 1.201 ms
Execution time: 25228.205 ms
