Hash Join  (cost=867211.62..3193137.94 rows=100568394 width=0) (actual time=21723.110..106091.852 rows=232180501 loops=1)
  Hash Cond: (ci.movie_id = t.id)
  ->  Seq Scan on cast_info ci  (cost=0.00..705507.15 rows=25220813 width=4) (actual time=0.019..15714.287 rows=25326305 loops=1)
        Filter: (person_id > 1072620)
        Rows Removed by Filter: 10918039
  ->  Hash  (cost=701794.85..701794.85 rows=10082542 width=8) (actual time=21719.253..21719.253 rows=8947388 loops=1)
        Buckets: 131072  Batches: 256  Memory Usage: 2370kB
        ->  Hash Join  (cost=95982.60..701794.85 rows=10082542 width=8) (actual time=1950.436..19068.600 rows=8947388 loops=1)
              Hash Cond: (mi.movie_id = t.id)
              ->  Seq Scan on movie_info mi  (cost=0.00..309384.22 rows=14739122 width=4) (actual time=0.011..6235.412 rows=14835720 loops=1)
              ->  Hash  (cost=67604.59..67604.59 rows=1729681 width=4) (actual time=1949.110..1949.110 rows=1725233 loops=1)
                    Buckets: 131072  Batches: 32  Memory Usage: 2931kB
                    ->  Seq Scan on title t  (cost=0.00..67604.59 rows=1729681 width=4) (actual time=0.023..1383.433 rows=1725233 loops=1)
                          Filter: (production_year > 1991)
                          Rows Removed by Filter: 803079
Planning time: 1.273 ms
Execution time: 130339.946 ms
