Seq Scan on movie_companies mc  (cost=0.00..57926.93 rows=53 width=0) (actual time=37.380..721.813 rows=197 loops=1)
  Filter: ((company_id = 125) AND (company_type_id = 2))
  Rows Removed by Filter: 2608932
Planning time: 0.408 ms
Execution time: 721.959 ms
