Nested Loop  (cost=0.43..52283.69 rows=104 width=0) (actual time=30.848..737.282 rows=100 loops=1)
  ->  Seq Scan on movie_companies mc  (cost=0.00..51404.11 rows=104 width=4) (actual time=30.765..735.848 rows=100 loops=1)
        Filter: (company_id = 71323)
        Rows Removed by Filter: 2609029
  ->  Index Only Scan using title_pkey on title t  (cost=0.43..8.45 rows=1 width=4) (actual time=0.013..0.014 rows=1 loops=100)
        Index Cond: (id = mc.movie_id)
        Heap Fetches: 100
Planning time: 0.725 ms
Execution time: 737.377 ms
