Hash Join  (cost=131436.10..225696.29 rows=33001 width=0) (actual time=2302.222..4377.464 rows=10257 loops=1)
  Hash Cond: (mk.movie_id = t.id)
  ->  Seq Scan on movie_keyword mk  (cost=0.00..81003.12 rows=3447214 width=4) (actual time=0.023..1549.194 rows=3437197 loops=1)
        Filter: (keyword_id < 16274)
        Rows Removed by Filter: 1086733
  ->  Hash  (cost=131133.52..131133.52 rows=24206 width=8) (actual time=2294.518..2294.518 rows=11500 loops=1)
        Buckets: 32768  Batches: 1  Memory Usage: 706kB
        ->  Hash Join  (cost=74501.30..131133.52 rows=24206 width=8) (actual time=1334.207..2289.991 rows=11500 loops=1)
              Hash Cond: (mc.movie_id = t.id)
              ->  Seq Scan on movie_companies mc  (cost=0.00..51404.11 rows=1329612 width=4) (actual time=175.552..828.966 rows=1334883 loops=1)
                    Filter: (company_type_id > 1)
                    Rows Removed by Filter: 1274246
              ->  Hash  (cost=73925.90..73925.90 rows=46032 width=4) (actual time=1158.328..1158.328 rows=42799 loops=1)
                    Buckets: 65536  Batches: 1  Memory Usage: 2017kB
                    ->  Seq Scan on title t  (cost=0.00..73925.90 rows=46032 width=4) (actual time=0.042..1140.512 rows=42799 loops=1)
                          Filter: ((kind_id > 2) AND (production_year = 2013))
                          Rows Removed by Filter: 2485513
Planning time: 1.162 ms
Execution time: 4379.199 ms
