Hash Join  (cost=797557.90..852225.24 rows=182 width=0) (actual time=10057.956..10918.882 rows=100 loops=1)
  Hash Cond: (mc.movie_id = t.id)
  ->  Seq Scan on movie_companies mc  (cost=0.00..44881.29 rows=2609129 width=4) (actual time=0.023..521.774 rows=2609129 loops=1)
  ->  Hash  (cost=797555.70..797555.70 rows=176 width=8) (actual time=9958.206..9958.206 rows=355 loops=1)
        Buckets: 1024  Batches: 1  Memory Usage: 22kB
        ->  Nested Loop  (cost=0.43..797555.70 rows=176 width=8) (actual time=4344.197..9958.025 rows=355 loops=1)
              ->  Seq Scan on cast_info ci  (cost=0.00..796071.18 rows=176 width=4) (actual time=4344.024..9953.308 rows=355 loops=1)
                    Filter: ((person_id = 1301252) AND (role_id = 1))
                    Rows Removed by Filter: 36243989
              ->  Index Only Scan using title_pkey on title t  (cost=0.43..8.42 rows=1 width=4) (actual time=0.012..0.012 rows=1 loops=355)
                    Index Cond: (id = ci.movie_id)
                    Heap Fetches: 355
Planning time: 1.277 ms
Execution time: 10919.045 ms
