Nested Loop  (cost=0.43..83072.29 rows=150 width=0) (actual time=151.062..1261.216 rows=38 loops=1)
  ->  Seq Scan on movie_keyword mk  (cost=0.00..81003.12 rows=246 width=4) (actual time=0.721..1249.671 rows=275 loops=1)
        Filter: (keyword_id = 10662)
        Rows Removed by Filter: 4523655
  ->  Index Scan using title_pkey on title t  (cost=0.43..8.40 rows=1 width=4) (actual time=0.039..0.040 rows=0 loops=275)
        Index Cond: (id = mk.movie_id)
        Filter: (kind_id = 7)
        Rows Removed by Filter: 1
Planning time: 4.507 ms
Execution time: 1261.337 ms
