Seq Scan on cast_info ci  (cost=0.00..796071.18 rows=5769587 width=0) (actual time=4047.574..13556.836 rows=11739268 loops=1)
  Filter: ((person_id < 1612273) AND (role_id < 2))
  Rows Removed by Filter: 24505076
Planning time: 0.357 ms
Execution time: 14956.106 ms
