Hash Join  (cost=67697.55..154724.59 rows=4688 width=0) (actual time=1050.003..2727.288 rows=11365 loops=1)
  Hash Cond: (mk.movie_id = t.id)
  ->  Seq Scan on movie_keyword mk  (cost=0.00..81003.12 rows=1593875 width=4) (actual time=0.028..1388.750 rows=1599897 loops=1)
        Filter: (keyword_id < 2477)
        Rows Removed by Filter: 2924033
  ->  Hash  (cost=67604.59..67604.59 rows=7437 width=4) (actual time=1049.459..1049.459 rows=14038 loops=1)
        Buckets: 16384 (originally 8192)  Batches: 1 (originally 1)  Memory Usage: 622kB
        ->  Seq Scan on title t  (cost=0.00..67604.59 rows=7437 width=4) (actual time=0.062..1042.584 rows=14038 loops=1)
              Filter: (production_year = 1977)
              Rows Removed by Filter: 2514274
Planning time: 0.724 ms
Execution time: 2729.233 ms
