Hash Join  (cost=160823.02..513789.52 rows=4292 width=0) (actual time=7177.324..8406.097 rows=2852 loops=1)
  Hash Cond: (mi.movie_id = t.id)
  ->  Seq Scan on movie_info mi  (cost=0.00..346232.03 rows=1338312 width=4) (actual time=4139.454..5168.075 rows=1401902 loops=1)
        Filter: (info_type_id = 7)
        Rows Removed by Filter: 13433818
  ->  Hash  (cost=160721.67..160721.67 rows=8108 width=8) (actual time=3035.920..3035.920 rows=3626 loops=1)
        Buckets: 8192  Batches: 1  Memory Usage: 206kB
        ->  Hash Join  (cost=73982.55..160721.67 rows=8108 width=8) (actual time=1121.419..3034.673 rows=3626 loops=1)
              Hash Cond: (mk.movie_id = t.id)
              ->  Seq Scan on movie_keyword mk  (cost=0.00..69693.30 rows=4523930 width=4) (actual time=0.029..1050.998 rows=4523930 loops=1)
              ->  Hash  (cost=73925.90..73925.90 rows=4532 width=4) (actual time=1120.887..1120.887 rows=9242 loops=1)
                    Buckets: 16384 (originally 8192)  Batches: 1 (originally 1)  Memory Usage: 453kB
                    ->  Seq Scan on title t  (cost=0.00..73925.90 rows=4532 width=4) (actual time=0.050..1116.368 rows=9242 loops=1)
                          Filter: ((kind_id = 7) AND (production_year = 1984))
                          Rows Removed by Filter: 2519070
Planning time: 1.181 ms
Execution time: 8406.742 ms
