Seq Scan on cast_info ci  (cost=0.00..705507.15 rows=500 width=0) (actual time=5005.507..10735.933 rows=68 loops=1)
  Filter: (person_id = 2289369)
  Rows Removed by Filter: 36244276
Planning time: 0.388 ms
Execution time: 10736.032 ms
