Hash Join  (cost=52284.99..137013.48 rows=41 width=0) (actual time=1264.057..2344.342 rows=472 loops=1)
  Hash Cond: (mk.movie_id = t.id)
  ->  Seq Scan on movie_keyword mk  (cost=0.00..81003.12 rows=993320 width=4) (actual time=0.008..1375.287 rows=1002497 loops=1)
        Filter: (keyword_id > 18430)
        Rows Removed by Filter: 3521433
  ->  Hash  (cost=52283.69..52283.69 rows=104 width=8) (actual time=821.747..821.747 rows=246 loops=1)
        Buckets: 1024  Batches: 1  Memory Usage: 18kB
        ->  Nested Loop  (cost=0.43..52283.69 rows=104 width=8) (actual time=1.714..821.629 rows=246 loops=1)
              ->  Seq Scan on movie_companies mc  (cost=0.00..51404.11 rows=104 width=4) (actual time=1.651..816.468 rows=246 loops=1)
                    Filter: (company_id = 71905)
                    Rows Removed by Filter: 2608883
              ->  Index Only Scan using title_pkey on title t  (cost=0.43..8.45 rows=1 width=4) (actual time=0.020..0.020 rows=1 loops=246)
                    Index Cond: (id = mc.movie_id)
                    Heap Fetches: 246
Planning time: 1.146 ms
Execution time: 2344.549 ms
