Hash Join  (cost=74406.67..101390.89 rows=7012 width=0) (actual time=1253.088..1848.645 rows=7314 loops=1)
  Hash Cond: (mi_idx.movie_id = t.id)
  ->  Seq Scan on movie_info_idx mi_idx  (cost=0.00..25185.44 rows=460978 width=4) (actual time=0.020..451.929 rows=459925 loops=1)
        Filter: (info_type_id = 99)
        Rows Removed by Filter: 920110
  ->  Hash  (cost=73925.90..73925.90 rows=38461 width=4) (actual time=1251.924..1251.924 rows=44913 loops=1)
        Buckets: 65536  Batches: 1  Memory Usage: 2091kB
        ->  Seq Scan on title t  (cost=0.00..73925.90 rows=38461 width=4) (actual time=0.068..1232.179 rows=44913 loops=1)
              Filter: ((kind_id > 1) AND (production_year = 2000))
              Rows Removed by Filter: 2483399
Planning time: 0.741 ms
Execution time: 1850.084 ms
