Hash Join  (cost=78556.72..796979.23 rows=191590 width=0) (actual time=1683.158..14640.293 rows=322228 loops=1)
  Hash Cond: (ci.movie_id = t.id)
  ->  Seq Scan on cast_info ci  (cost=0.00..705507.15 rows=725720 width=4) (actual time=475.119..12895.965 rows=773674 loops=1)
        Filter: (role_id = 6)
        Rows Removed by Filter: 35470670
  ->  Hash  (cost=67604.59..67604.59 rows=667531 width=4) (actual time=1207.221..1207.221 rows=662825 loops=1)
        Buckets: 131072  Batches: 16  Memory Usage: 2476kB
        ->  Seq Scan on title t  (cost=0.00..67604.59 rows=667531 width=4) (actual time=389.371..999.327 rows=662825 loops=1)
              Filter: (kind_id = 1)
              Rows Removed by Filter: 1865487
Planning time: 0.743 ms
Execution time: 14675.405 ms
