Hash Join  (cost=83074.74..464852.16 rows=922 width=0) (actual time=1682.427..8357.787 rows=12927 loops=1)
  Hash Cond: (mi.movie_id = t.id)
  ->  Seq Scan on movie_info mi  (cost=0.00..346232.03 rows=9476311 width=4) (actual time=395.044..5675.337 rows=9565151 loops=1)
        Filter: (info_type_id < 16)
        Rows Removed by Filter: 5270569
  ->  Hash  (cost=83071.67..83071.67 rows=246 width=8) (actual time=1285.973..1285.973 rows=443 loops=1)
        Buckets: 1024  Batches: 1  Memory Usage: 26kB
        ->  Nested Loop  (cost=0.43..83071.67 rows=246 width=8) (actual time=10.825..1285.507 rows=443 loops=1)
              ->  Seq Scan on movie_keyword mk  (cost=0.00..81003.12 rows=246 width=4) (actual time=10.722..1264.995 rows=443 loops=1)
                    Filter: (keyword_id = 6003)
                    Rows Removed by Filter: 4523487
              ->  Index Only Scan using title_pkey on title t  (cost=0.43..8.40 rows=1 width=4) (actual time=0.043..0.044 rows=1 loops=443)
                    Index Cond: (id = mk.movie_id)
                    Heap Fetches: 443
Planning time: 1.116 ms
Execution time: 8360.249 ms
