Seq Scan on cast_info ci  (cost=0.00..705507.15 rows=31463800 width=0) (actual time=0.022..13443.520 rows=31447500 loops=1)
  Filter: (person_id < 3197248)
  Rows Removed by Filter: 4796844
Planning time: 0.297 ms
Execution time: 17365.664 ms
