Hash Join  (cost=102767.86..211665.63 rows=748717 width=0) (actual time=1962.350..4212.749 rows=754788 loops=1)
  Hash Cond: (mk.movie_id = t.id)
  ->  Seq Scan on movie_keyword mk  (cost=0.00..81003.12 rows=748717 width=4) (actual time=0.012..1293.005 rows=754788 loops=1)
        Filter: (keyword_id > 24786)
        Rows Removed by Filter: 3769142
  ->  Hash  (cost=61283.27..61283.27 rows=2528527 width=4) (actual time=1961.502..1961.502 rows=2528312 loops=1)
        Buckets: 131072  Batches: 64  Memory Usage: 2425kB
        ->  Seq Scan on title t  (cost=0.00..61283.27 rows=2528527 width=4) (actual time=0.018..1089.121 rows=2528312 loops=1)
Planning time: 0.724 ms
Execution time: 4295.191 ms
