Nested Loop  (cost=44377.22..139936.09 rows=2552 width=0) (actual time=915.813..2571.340 rows=12898 loops=1)
  ->  Hash Join  (cost=44376.79..131766.01 rows=13897 width=8) (actual time=915.741..2366.095 rows=12898 loops=1)
        Hash Cond: (mk.movie_id = mi_idx.movie_id)
        ->  Seq Scan on movie_keyword mk  (cost=0.00..81003.12 rows=4675 width=4) (actual time=0.369..1245.836 rows=5058 loops=1)
              Filter: (keyword_id = 1633)
              Rows Removed by Filter: 4518872
        ->  Hash  (cost=21735.35..21735.35 rows=1380035 width=4) (actual time=909.140..909.140 rows=1380035 loops=1)
              Buckets: 131072  Batches: 32  Memory Usage: 2556kB
              ->  Seq Scan on movie_info_idx mi_idx  (cost=0.00..21735.35 rows=1380035 width=4) (actual time=0.025..455.395 rows=1380035 loops=1)
  ->  Index Only Scan using title_pkey on title t  (cost=0.43..0.58 rows=1 width=4) (actual time=0.015..0.015 rows=1 loops=12898)
        Index Cond: (id = mi_idx.movie_id)
        Heap Fetches: 12898
Planning time: 1.120 ms
Execution time: 2573.759 ms
