Hash Join  (cost=148651.02..510138.10 rows=100489 width=0) (actual time=4482.576..9828.403 rows=276477 loops=1)
  Hash Cond: (mi.movie_id = t.id)
  ->  Seq Scan on movie_info mi  (cost=0.00..346232.03 rows=1158179 width=4) (actual time=1184.232..5673.829 rows=1204709 loops=1)
        Filter: (info_type_id > 18)
        Rows Removed by Filter: 13631011
  ->  Hash  (cost=145051.69..145051.69 rows=219386 width=8) (actual time=3297.476..3297.476 rows=342259 loops=1)
        Buckets: 131072 (originally 131072)  Batches: 8 (originally 4)  Memory Usage: 3073kB
        ->  Hash Join  (cost=74449.67..145051.69 rows=219386 width=8) (actual time=1386.040..3176.618 rows=342259 loops=1)
              Hash Cond: (mc.movie_id = t.id)
              ->  Seq Scan on movie_companies mc  (cost=0.00..51404.11 rows=1329612 width=4) (actual time=0.028..978.085 rows=1334883 loops=1)
                    Filter: (company_type_id > 1)
                    Rows Removed by Filter: 1274246
              ->  Hash  (cost=67604.59..67604.59 rows=417207 width=4) (actual time=1385.186..1385.186 rows=409495 loops=1)
                    Buckets: 131072  Batches: 8  Memory Usage: 2821kB
                    ->  Seq Scan on title t  (cost=0.00..67604.59 rows=417207 width=4) (actual time=0.031..1256.289 rows=409495 loops=1)
                          Filter: (production_year < 1973)
                          Rows Removed by Filter: 2118817
Planning time: 1.164 ms
Execution time: 9863.287 ms
