Seq Scan on cast_info ci  (cost=0.00..705507.15 rows=16161872 width=0) (actual time=2830.963..10823.007 rows=16315562 loops=1)
  Filter: (person_id > 2001453)
  Rows Removed by Filter: 19928782
Planning time: 0.308 ms
Execution time: 12690.041 ms
