Seq Scan on movie_keyword mk  (cost=0.00..81003.12 rows=1262152 width=0) (actual time=0.016..1383.548 rows=1271603 loops=1)
  Filter: (keyword_id > 13992)
  Rows Removed by Filter: 3252327
Planning time: 0.319 ms
Execution time: 1544.201 ms
