Hash Join  (cost=74153.96..439873.35 rows=106347 width=0) (actual time=1186.002..8164.508 rows=190940 loops=1)
  Hash Cond: (mi.movie_id = t.id)
  ->  Seq Scan on movie_info mi  (cost=0.00..309384.22 rows=14739122 width=4) (actual time=0.016..3916.545 rows=14835720 loops=1)
  ->  Hash  (cost=73925.90..73925.90 rows=18244 width=4) (actual time=1185.767..1185.767 rows=12404 loops=1)
        Buckets: 32768  Batches: 1  Memory Usage: 693kB
        ->  Seq Scan on title t  (cost=0.00..73925.90 rows=18244 width=4) (actual time=0.066..1179.846 rows=12404 loops=1)
              Filter: ((kind_id < 3) AND (production_year = 2002))
              Rows Removed by Filter: 2515908
Planning time: 0.686 ms
Execution time: 8192.318 ms
