Hash Join  (cost=73205.47..1045000.55 rows=1823238 width=0) (actual time=1194.347..22374.477 rows=745572 loops=1)
  Hash Cond: (ci.movie_id = t.id)
  ->  Seq Scan on cast_info ci  (cost=0.00..796071.18 rows=13505471 width=4) (actual time=0.024..16566.337 rows=10023757 loops=1)
        Filter: ((person_id < 3039900) AND (role_id > 2))
        Rows Removed by Filter: 26220587
  ->  Hash  (cost=67604.59..67604.59 rows=341351 width=4) (actual time=1193.289..1193.289 rows=337846 loops=1)
        Buckets: 131072  Batches: 8  Memory Usage: 2501kB
        ->  Seq Scan on title t  (cost=0.00..67604.59 rows=341351 width=4) (actual time=0.021..1084.410 rows=337846 loops=1)
              Filter: (production_year < 1968)
              Rows Removed by Filter: 2190466
Planning time: 4.430 ms
Execution time: 22463.174 ms
