Hash Join  (cost=104131.46..187938.77 rows=699898 width=0) (actual time=2497.571..4143.988 rows=458915 loops=1)
  Hash Cond: (mc.movie_id = t.id)
  ->  Seq Scan on movie_companies mc  (cost=0.00..57926.93 rows=794879 width=4) (actual time=300.408..1095.838 rows=496795 loops=1)
        Filter: ((company_id < 14752) AND (company_type_id = 2))
        Rows Removed by Filter: 2112334
  ->  Hash  (cost=67604.59..67604.59 rows=2226390 width=4) (actual time=2196.011..2196.011 rows=2224569 loops=1)
        Buckets: 131072  Batches: 32  Memory Usage: 3463kB
        ->  Seq Scan on title t  (cost=0.00..67604.59 rows=2226390 width=4) (actual time=0.028..1471.931 rows=2224569 loops=1)
              Filter: (production_year < 2012)
              Rows Removed by Filter: 303743
Planning time: 0.756 ms
Execution time: 4198.917 ms
