Hash Join  (cost=459534.93..589391.64 rows=644667 width=0) (actual time=7242.557..12390.712 rows=6797885 loops=1)
  Hash Cond: (mk.movie_id = t.id)
  ->  Seq Scan on movie_keyword mk  (cost=0.00..69693.30 rows=4523930 width=4) (actual time=0.040..1444.215 rows=4523930 loops=1)
  ->  Hash  (cost=453622.95..453622.95 rows=360319 width=8) (actual time=7241.806..7241.806 rows=963829 loops=1)
        Buckets: 131072 (originally 131072)  Batches: 16 (originally 8)  Memory Usage: 3399kB
        ->  Hash Join  (cost=83568.99..453622.95 rows=360319 width=8) (actual time=2885.420..6961.572 rows=963829 loops=1)
              Hash Cond: (mi.movie_id = t.id)
              ->  Seq Scan on movie_info mi  (cost=0.00..346232.03 rows=1550064 width=4) (actual time=1296.100..4227.375 rows=1533909 loops=1)
                    Filter: (info_type_id = 3)
                    Rows Removed by Filter: 13301811
              ->  Hash  (cost=73925.90..73925.90 rows=587767 width=4) (actual time=1504.900..1504.900 rows=594730 loops=1)
                    Buckets: 131072  Batches: 8  Memory Usage: 3657kB
                    ->  Seq Scan on title t  (cost=0.00..73925.90 rows=587767 width=4) (actual time=601.196..1315.800 rows=594730 loops=1)
                          Filter: ((production_year < 2012) AND (kind_id = 1))
                          Rows Removed by Filter: 1933582
Planning time: 2.514 ms
Execution time: 13202.741 ms
