Hash Join  (cost=423878.93..1178616.56 rows=394844 width=0) (actual time=6502.204..24019.245 rows=2379377 loops=1)
  Hash Cond: (ci.movie_id = t.id)
  ->  Seq Scan on cast_info ci  (cost=0.00..614943.12 rows=36225612 width=4) (actual time=0.026..8772.360 rows=36244344 loops=1)
  ->  Hash  (cost=423534.43..423534.43 rows=27560 width=8) (actual time=6501.874..6501.874 rows=25943 loops=1)
        Buckets: 32768  Batches: 1  Memory Usage: 1270kB
        ->  Hash Join  (cost=69460.45..423534.43 rows=27560 width=8) (actual time=4963.839..6493.702 rows=25943 loops=1)
              Hash Cond: (mi.movie_id = t.id)
              ->  Seq Scan on movie_info mi  (cost=0.00..346232.03 rows=616095 width=4) (actual time=3873.796..5227.758 rows=598457 loops=1)
                    Filter: (info_type_id = 15)
                    Rows Removed by Filter: 14237263
              ->  Hash  (cost=67604.59..67604.59 rows=113109 width=4) (actual time=1059.165..1059.165 rows=119565 loops=1)
                    Buckets: 131072  Batches: 2  Memory Usage: 3121kB
                    ->  Seq Scan on title t  (cost=0.00..67604.59 rows=113109 width=4) (actual time=0.031..1013.173 rows=119565 loops=1)
                          Filter: (production_year = 2007)
                          Rows Removed by Filter: 2408747
Planning time: 3.726 ms
Execution time: 24317.484 ms
