Hash Join  (cost=257886.00..907211.40 rows=14160557 width=0) (actual time=6368.136..35642.542 rows=64831205 loops=1)
  Hash Cond: (mi.movie_id = t.id)
  ->  Seq Scan on movie_info mi  (cost=0.00..309384.22 rows=14739122 width=4) (actual time=0.013..5770.225 rows=14835720 loops=1)
  ->  Hash  (cost=218030.09..218030.09 rows=2429273 width=8) (actual time=6367.317..6367.317 rows=2382118 loops=1)
        Buckets: 131072  Batches: 32  Memory Usage: 3983kB
        ->  Hash Join  (cost=106229.42..218030.09 rows=2429273 width=8) (actual time=2198.753..5616.949 rows=2382118 loops=1)
              Hash Cond: (mc.movie_id = t.id)
              ->  Seq Scan on movie_companies mc  (cost=0.00..44881.29 rows=2609129 width=4) (actual time=0.011..880.271 rows=2609129 loops=1)
              ->  Hash  (cost=67604.59..67604.59 rows=2354227 width=4) (actual time=2197.437..2197.437 rows=2349391 loops=1)
                    Buckets: 131072  Batches: 32  Memory Usage: 3609kB
                    ->  Seq Scan on title t  (cost=0.00..67604.59 rows=2354227 width=4) (actual time=0.019..1438.172 rows=2349391 loops=1)
                          Filter: (production_year > 1926)
                          Rows Removed by Filter: 178921
Planning time: 1.140 ms
Execution time: 43010.430 ms
