Hash Join  (cost=102767.86..165962.63 rows=79425 width=0) (actual time=2024.248..3358.453 rows=79273 loops=1)
  Hash Cond: (mc.movie_id = t.id)
  ->  Seq Scan on movie_companies mc  (cost=0.00..51404.11 rows=79425 width=4) (actual time=0.024..837.354 rows=79273 loops=1)
        Filter: (company_id > 170517)
        Rows Removed by Filter: 2529856
  ->  Hash  (cost=61283.27..61283.27 rows=2528527 width=4) (actual time=2023.291..2023.291 rows=2528312 loops=1)
        Buckets: 131072  Batches: 64  Memory Usage: 2415kB
        ->  Seq Scan on title t  (cost=0.00..61283.27 rows=2528527 width=4) (actual time=0.019..1181.492 rows=2528312 loops=1)
Planning time: 0.752 ms
Execution time: 3367.582 ms
