Seq Scan on cast_info ci  (cost=0.00..796071.18 rows=3658882 width=0) (actual time=3603.301..11881.011 rows=1541300 loops=1)
  Filter: ((person_id < 536710) AND (role_id > 1))
  Rows Removed by Filter: 34703044
Planning time: 7.505 ms
Execution time: 12077.271 ms
