Seq Scan on movie_keyword mk  (cost=0.00..81003.12 rows=246 width=0) (actual time=8.318..1296.221 rows=57 loops=1)
  Filter: (keyword_id = 10040)
  Rows Removed by Filter: 4523873
Planning time: 0.360 ms
Execution time: 1296.357 ms
