Seq Scan on movie_companies mc  (cost=0.00..57926.93 rows=726394 width=0) (actual time=0.017..940.725 rows=1000265 loops=1)
  Filter: ((company_id < 13392) AND (company_type_id < 2))
  Rows Removed by Filter: 1608864
Planning time: 0.353 ms
Execution time: 1062.947 ms
