Hash Join  (cost=80493.69..161237.85 rows=413063 width=0) (actual time=1418.283..4010.915 rows=1016498 loops=1)
  Hash Cond: (mc.movie_id = t.id)
  ->  Seq Scan on movie_companies mc  (cost=0.00..44881.29 rows=2609129 width=4) (actual time=0.025..913.821 rows=2609129 loops=1)
  ->  Hash  (cost=73925.90..73925.90 rows=400303 width=4) (actual time=1417.500..1417.500 rows=500611 loops=1)
        Buckets: 131072  Batches: 8  Memory Usage: 3236kB
        ->  Seq Scan on title t  (cost=0.00..73925.90 rows=400303 width=4) (actual time=0.031..1258.695 rows=500611 loops=1)
              Filter: ((kind_id < 7) AND (production_year < 2000))
              Rows Removed by Filter: 2027701
Planning time: 0.768 ms
Execution time: 4140.756 ms
