Hash Join  (cost=881967.84..1248856.79 rows=223302 width=0) (actual time=13980.814..21210.700 rows=1072166 loops=1)
  Hash Cond: (mi.movie_id = t.id)
  ->  Seq Scan on movie_info mi  (cost=0.00..309384.22 rows=14739122 width=4) (actual time=0.012..3785.537 rows=14835720 loops=1)
  ->  Hash  (cost=881488.99..881488.99 rows=38308 width=8) (actual time=13979.674..13979.674 rows=29806 loops=1)
        Buckets: 65536  Batches: 1  Memory Usage: 1677kB
        ->  Hash Join  (cost=76113.69..881488.99 rows=38308 width=8) (actual time=5862.563..13957.256 rows=29806 loops=1)
              Hash Cond: (ci.movie_id = t.id)
              ->  Seq Scan on cast_info ci  (cost=0.00..796071.18 rows=726411 width=4) (actual time=4596.064..11520.879 rows=2677903 loops=1)
                    Filter: ((person_id > 3034213) AND (role_id = 10))
                    Rows Removed by Filter: 33566441
              ->  Hash  (cost=73925.90..73925.90 rows=133343 width=4) (actual time=1265.386..1265.386 rows=233692 loops=1)
                    Buckets: 131072 (originally 131072)  Batches: 4 (originally 2)  Memory Usage: 3079kB
                    ->  Seq Scan on title t  (cost=0.00..73925.90 rows=133343 width=4) (actual time=0.227..1123.532 rows=233692 loops=1)
                          Filter: ((kind_id < 7) AND (production_year < 1968))
                          Rows Removed by Filter: 2294620
Planning time: 1.250 ms
Execution time: 21338.162 ms
