Seq Scan on movie_keyword mk  (cost=0.00..81003.12 rows=246 width=0) (actual time=20.063..1321.826 rows=125 loops=1)
  Filter: (keyword_id = 4160)
  Rows Removed by Filter: 4523805
Planning time: 0.867 ms
Execution time: 1322.010 ms
