Hash Join  (cost=197758.17..1158474.62 rows=6397943 width=0) (actual time=4247.249..29563.595 rows=9323045 loops=1)
  Hash Cond: (ci.movie_id = t.id)
  ->  Seq Scan on cast_info ci  (cost=0.00..705507.15 rows=16201301 width=4) (actual time=0.016..14147.355 rows=16121683 loops=1)
        Filter: (role_id > 2)
        Rows Removed by Filter: 20122661
  ->  Hash  (cost=181375.63..181375.63 rows=998523 width=8) (actual time=4246.353..4246.353 rows=530664 loops=1)
        Buckets: 131072  Batches: 16  Memory Usage: 2298kB
        ->  Hash Join  (cost=93093.72..181375.63 rows=998523 width=8) (actual time=1746.618..4081.426 rows=530664 loops=1)
              Hash Cond: (mc.movie_id = t.id)
              ->  Seq Scan on movie_companies mc  (cost=0.00..51404.11 rows=1625112 width=4) (actual time=0.012..1063.810 rows=1613942 loops=1)
                    Filter: (company_id < 16879)
                    Rows Removed by Filter: 995187
              ->  Hash  (cost=67604.59..67604.59 rows=1553611 width=4) (actual time=1740.897..1740.897 rows=1555864 loops=1)
                    Buckets: 131072  Batches: 32  Memory Usage: 2734kB
                    ->  Seq Scan on title t  (cost=0.00..67604.59 rows=1553611 width=4) (actual time=0.006..1255.649 rows=1555864 loops=1)
                          Filter: (kind_id > 4)
                          Rows Removed by Filter: 972448
Planning time: 1.103 ms
Execution time: 30564.841 ms
