Seq Scan on cast_info ci  (cost=0.00..705507.15 rows=6032870 width=0) (actual time=597.462..11348.959 rows=6104157 loops=1)
  Filter: (person_id > 3039413)
  Rows Removed by Filter: 30140187
Planning time: 0.610 ms
Execution time: 12069.658 ms
