Hash Join  (cost=578164.50..1512183.68 rows=1776081 width=0) (actual time=12898.909..34027.876 rows=6138339 loops=1)
  Hash Cond: (ci.movie_id = t.id)
  ->  Seq Scan on cast_info ci  (cost=0.00..796071.18 rows=7107449 width=4) (actual time=0.010..15870.915 rows=8210614 loops=1)
        Filter: ((person_id > 875738) AND (role_id > 4))
        Rows Removed by Filter: 28033730
  ->  Hash  (cost=567797.32..567797.32 rows=631854 width=8) (actual time=12897.525..12897.525 rows=582270 loops=1)
        Buckets: 131072  Batches: 16  Memory Usage: 2445kB
        ->  Hash Join  (cost=69694.50..567797.32 rows=631854 width=8) (actual time=1168.504..12695.998 rows=582270 loops=1)
              Hash Cond: (mi.movie_id = t.id)
              ->  Seq Scan on movie_info mi  (cost=0.00..346232.03 rows=12545135 width=4) (actual time=0.010..6759.126 rows=12601870 loops=1)
                    Filter: (info_type_id < 17)
                    Rows Removed by Filter: 2233850
              ->  Hash  (cost=67604.59..67604.59 rows=127353 width=4) (actual time=1167.883..1167.883 rows=128696 loops=1)
                    Buckets: 131072  Batches: 2  Memory Usage: 3290kB
                    ->  Seq Scan on title t  (cost=0.00..67604.59 rows=127353 width=4) (actual time=0.016..1118.618 rows=128696 loops=1)
                          Filter: (production_year = 2009)
                          Rows Removed by Filter: 2399616
Planning time: 0.845 ms
Execution time: 34721.565 ms
