Seq Scan on cast_info ci  (cost=0.00..705507.15 rows=19359949 width=0) (actual time=0.011..12850.578 rows=19271246 loops=1)
  Filter: (person_id < 1925924)
  Rows Removed by Filter: 16973098
Planning time: 0.330 ms
Execution time: 15254.498 ms
