Hash Join  (cost=102767.86..182520.40 rows=496468 width=0) (actual time=2375.887..4302.913 rows=812550 loops=1)
  Hash Cond: (mc.movie_id = t.id)
  ->  Seq Scan on movie_companies mc  (cost=0.00..57926.93 rows=496468 width=4) (actual time=363.303..1175.200 rows=812550 loops=1)
        Filter: ((company_id > 17206) AND (company_type_id = 2))
        Rows Removed by Filter: 1796579
  ->  Hash  (cost=61283.27..61283.27 rows=2528527 width=4) (actual time=2011.318..2011.318 rows=2528312 loops=1)
        Buckets: 131072  Batches: 64  Memory Usage: 2415kB
        ->  Seq Scan on title t  (cost=0.00..61283.27 rows=2528527 width=4) (actual time=0.048..1163.526 rows=2528312 loops=1)
Planning time: 0.770 ms
Execution time: 4408.018 ms
