Seq Scan on title t  (cost=0.00..73925.90 rows=64083 width=0) (actual time=343.389..1201.071 rows=189170 loops=1)
  Filter: ((production_year < 1960) AND (kind_id = 1))
  Rows Removed by Filter: 2339142
Planning time: 0.363 ms
Execution time: 1224.429 ms
