Seq Scan on cast_info ci  (cost=0.00..705507.15 rows=500 width=0) (actual time=575.359..10896.166 rows=1 loops=1)
  Filter: (person_id = 62022)
  Rows Removed by Filter: 36244343
Planning time: 0.356 ms
Execution time: 10896.265 ms
