Hash Join  (cost=459315.93..537962.73 rows=260928 width=0) (actual time=8206.404..11034.455 rows=3399296 loops=1)
  Hash Cond: (mc.movie_id = t.id)
  ->  Seq Scan on movie_companies mc  (cost=0.00..44881.29 rows=2609129 width=4) (actual time=0.036..933.822 rows=2609129 loops=1)
  ->  Hash  (cost=455167.09..455167.09 rows=252867 width=8) (actual time=8205.557..8205.557 rows=297624 loops=1)
        Buckets: 131072  Batches: 4  Memory Usage: 3946kB
        ->  Hash Join  (cost=94978.31..455167.09 rows=252867 width=8) (actual time=3858.702..8121.129 rows=297624 loops=1)
              Hash Cond: (mi.movie_id = t.id)
              ->  Seq Scan on movie_info mi  (cost=0.00..346232.03 rows=383217 width=4) (actual time=1930.494..5403.045 rows=368218 loops=1)
                    Filter: (info_type_id = 17)
                    Rows Removed by Filter: 14467502
              ->  Hash  (cost=67604.59..67604.59 rows=1668458 width=4) (actual time=1890.996..1890.996 rows=1671292 loops=1)
                    Buckets: 131072  Batches: 32  Memory Usage: 2867kB
                    ->  Seq Scan on title t  (cost=0.00..67604.59 rows=1668458 width=4) (actual time=0.027..1336.850 rows=1671292 loops=1)
                          Filter: (production_year < 2008)
                          Rows Removed by Filter: 857020
Planning time: 2.157 ms
Execution time: 11435.480 ms
