Hash Join  (cost=70840.90..562914.34 rows=1149651 width=0) (actual time=1321.997..14537.091 rows=2197626 loops=1)
  Hash Cond: (mi.movie_id = t.id)
  ->  Seq Scan on movie_info mi  (cost=0.00..309384.22 rows=14739122 width=4) (actual time=0.009..6299.420 rows=14835720 loops=1)
  ->  Hash  (cost=67604.59..67604.59 rows=197225 width=4) (actual time=1320.989..1320.989 rows=194989 loops=1)
        Buckets: 131072  Batches: 4  Memory Usage: 2744kB
        ->  Seq Scan on title t  (cost=0.00..67604.59 rows=197225 width=4) (actual time=0.012..1251.114 rows=194989 loops=1)
              Filter: (production_year < 1955)
              Rows Removed by Filter: 2333323
Planning time: 0.724 ms
Execution time: 14799.532 ms
