Seq Scan on movie_keyword mk  (cost=0.00..81003.12 rows=246 width=0) (actual time=14.285..1334.750 rows=44 loops=1)
  Filter: (keyword_id = 10680)
  Rows Removed by Filter: 4523886
Planning time: 0.364 ms
Execution time: 1334.871 ms
