Hash Join  (cost=102767.86..1160540.16 rows=10465300 width=0) (actual time=2910.367..30958.095 rows=12670688 loops=1)
  Hash Cond: (ci.movie_id = t.id)
  ->  Seq Scan on cast_info ci  (cost=0.00..796071.18 rows=10465300 width=4) (actual time=1024.887..17509.517 rows=12670688 loops=1)
        Filter: ((person_id < 3004611) AND (role_id = 1))
        Rows Removed by Filter: 23573656
  ->  Hash  (cost=61283.27..61283.27 rows=2528527 width=4) (actual time=1884.267..1884.267 rows=2528312 loops=1)
        Buckets: 131072  Batches: 64  Memory Usage: 2415kB
        ->  Seq Scan on title t  (cost=0.00..61283.27 rows=2528527 width=4) (actual time=0.028..1061.583 rows=2528312 loops=1)
Planning time: 0.780 ms
Execution time: 32383.361 ms
