Seq Scan on cast_info ci  (cost=0.00..796071.18 rows=10254728 width=0) (actual time=5572.799..15449.496 rows=12670688 loops=1)
  Filter: ((person_id < 2956220) AND (role_id = 1))
  Rows Removed by Filter: 23573656
Planning time: 0.441 ms
Execution time: 16969.026 ms
