Nested Loop  (cost=0.43..709671.90 rows=500 width=0) (actual time=3817.205..10450.135 rows=304 loops=1)
  ->  Seq Scan on cast_info ci  (cost=0.00..705507.15 rows=500 width=4) (actual time=3817.077..10447.622 rows=304 loops=1)
        Filter: (person_id = 1754465)
        Rows Removed by Filter: 36244040
  ->  Index Only Scan using title_pkey on title t  (cost=0.43..8.32 rows=1 width=4) (actual time=0.007..0.007 rows=1 loops=304)
        Index Cond: (id = ci.movie_id)
        Heap Fetches: 304
Planning time: 0.735 ms
Execution time: 10450.269 ms
