Hash Join  (cost=85689.03..223319.78 rows=1282771 width=0) (actual time=1434.924..5827.274 rows=3029537 loops=1)
  Hash Cond: (mk.movie_id = t.id)
  ->  Seq Scan on movie_keyword mk  (cost=0.00..69693.30 rows=4523930 width=4) (actual time=0.016..1443.280 rows=4523930 loops=1)
  ->  Hash  (cost=73925.90..73925.90 rows=716970 width=4) (actual time=1433.932..1433.932 rows=722635 loops=1)
        Buckets: 131072  Batches: 16  Memory Usage: 2619kB
        ->  Seq Scan on title t  (cost=0.00..73925.90 rows=716970 width=4) (actual time=0.028..1203.492 rows=722635 loops=1)
              Filter: ((kind_id < 3) AND (production_year < 2013))
              Rows Removed by Filter: 1805677
Planning time: 0.792 ms
Execution time: 6144.205 ms
