Hash Join  (cost=102767.86..286329.27 rows=3851587 width=0) (actual time=1876.435..6820.609 rows=3847208 loops=1)
  Hash Cond: (mk.movie_id = t.id)
  ->  Seq Scan on movie_keyword mk  (cost=0.00..81003.12 rows=3851587 width=4) (actual time=0.021..1805.289 rows=3847208 loops=1)
        Filter: (keyword_id < 27683)
        Rows Removed by Filter: 676722
  ->  Hash  (cost=61283.27..61283.27 rows=2528527 width=4) (actual time=1873.874..1873.874 rows=2528312 loops=1)
        Buckets: 131072  Batches: 64  Memory Usage: 2425kB
        ->  Seq Scan on title t  (cost=0.00..61283.27 rows=2528527 width=4) (actual time=0.017..1028.671 rows=2528312 loops=1)
Planning time: 0.724 ms
Execution time: 7263.228 ms
