Hash Join  (cost=102767.86..175073.38 rows=458056 width=0) (actual time=1867.253..3468.234 rows=453765 loops=1)
  Hash Cond: (mc.movie_id = t.id)
  ->  Seq Scan on movie_companies mc  (cost=0.00..51404.11 rows=458056 width=4) (actual time=0.027..849.126 rows=453765 loops=1)
        Filter: (company_id < 381)
        Rows Removed by Filter: 2155364
  ->  Hash  (cost=61283.27..61283.27 rows=2528527 width=4) (actual time=1866.216..1866.216 rows=2528312 loops=1)
        Buckets: 131072  Batches: 64  Memory Usage: 2415kB
        ->  Seq Scan on title t  (cost=0.00..61283.27 rows=2528527 width=4) (actual time=0.016..1020.434 rows=2528312 loops=1)
Planning time: 2.580 ms
Execution time: 3517.793 ms
