Seq Scan on cast_info ci  (cost=0.00..705507.15 rows=2002953 width=0) (actual time=2667.023..10602.082 rows=1946318 loops=1)
  Filter: (person_id < 190917)
  Rows Removed by Filter: 34298026
Planning time: 0.295 ms
Execution time: 10842.498 ms
