Seq Scan on movie_companies mc  (cost=0.00..57926.93 rows=58351 width=0) (actual time=0.012..851.062 rows=114479 loops=1)
  Filter: ((company_id > 149388) AND (company_type_id = 2))
  Rows Removed by Filter: 2494650
Planning time: 0.367 ms
Execution time: 864.880 ms
