Seq Scan on movie_keyword mk  (cost=0.00..81003.12 rows=246 width=0) (actual time=0.132..1305.362 rows=440 loops=1)
  Filter: (keyword_id = 7556)
  Rows Removed by Filter: 4523490
Planning time: 0.343 ms
Execution time: 1305.669 ms
