Hash Join  (cost=208865.17..1405646.21 rows=15865187 width=0) (actual time=4516.941..50278.179 rows=38428787 loops=1)
  Hash Cond: (ci.movie_id = t.id)
  ->  Seq Scan on cast_info ci  (cost=0.00..614943.12 rows=36225612 width=4) (actual time=0.024..12810.403 rows=36244344 loops=1)
  ->  Hash  (cost=190696.91..190696.91 rows=1107381 width=8) (actual time=4516.103..4516.103 rows=1099037 loops=1)
        Buckets: 131072  Batches: 16  Memory Usage: 3682kB
        ->  Hash Join  (cost=102767.86..190696.91 rows=1107381 width=8) (actual time=1901.771..4178.676 rows=1099037 loops=1)
              Hash Cond: (mc.movie_id = t.id)
              ->  Seq Scan on movie_companies mc  (cost=0.00..51404.11 rows=1107381 width=4) (actual time=0.036..912.362 rows=1099037 loops=1)
                    Filter: (company_id < 7547)
                    Rows Removed by Filter: 1510092
              ->  Hash  (cost=61283.27..61283.27 rows=2528527 width=4) (actual time=1900.225..1900.225 rows=2528312 loops=1)
                    Buckets: 131072  Batches: 64  Memory Usage: 2415kB
                    ->  Seq Scan on title t  (cost=0.00..61283.27 rows=2528527 width=4) (actual time=0.012..1060.198 rows=2528312 loops=1)
Planning time: 2.755 ms
Execution time: 54737.900 ms
