Hash Join  (cost=231511.53..769507.91 rows=5453545 width=0) (actual time=5420.624..29225.274 rows=51131720 loops=1)
  Hash Cond: (mi.movie_id = t.id)
  ->  Seq Scan on movie_info mi  (cost=0.00..309384.22 rows=14739122 width=4) (actual time=0.019..5933.109 rows=14835720 loops=1)
  ->  Hash  (cost=216161.95..216161.95 rows=935567 width=8) (actual time=5419.235..5419.235 rows=943403 loops=1)
        Buckets: 131072  Batches: 16  Memory Usage: 3454kB
        ->  Hash Join  (cost=102767.86..216161.95 rows=935567 width=8) (actual time=2532.491..5144.574 rows=943403 loops=1)
              Hash Cond: (mk.movie_id = t.id)
              ->  Seq Scan on movie_keyword mk  (cost=0.00..81003.12 rows=935567 width=4) (actual time=0.017..1484.802 rows=943403 loops=1)
                    Filter: (keyword_id > 20102)
                    Rows Removed by Filter: 3580527
              ->  Hash  (cost=61283.27..61283.27 rows=2528527 width=4) (actual time=2531.602..2531.602 rows=2528312 loops=1)
                    Buckets: 131072  Batches: 64  Memory Usage: 2425kB
                    ->  Seq Scan on title t  (cost=0.00..61283.27 rows=2528527 width=4) (actual time=0.019..1113.652 rows=2528312 loops=1)
Planning time: 1.249 ms
Execution time: 34593.492 ms
