Seq Scan on movie_keyword mk  (cost=0.00..81003.12 rows=246 width=0) (actual time=2.456..1254.043 rows=245 loops=1)
  Filter: (keyword_id = 3504)
  Rows Removed by Filter: 4523685
Planning time: 0.335 ms
Execution time: 1254.284 ms
