Seq Scan on movie_keyword mk  (cost=0.00..81003.12 rows=1698656 width=0) (actual time=0.022..1468.362 rows=1709643 loops=1)
  Filter: (keyword_id > 8396)
  Rows Removed by Filter: 2814287
Planning time: 6.925 ms
Execution time: 1682.961 ms
