Hash Join  (cost=422708.77..1217200.97 rows=86172 width=0) (actual time=6497.004..24097.896 rows=26636 loops=1)
  Hash Cond: (ci.movie_id = t.id)
  ->  Seq Scan on cast_info ci  (cost=0.00..705507.15 rows=23499554 width=4) (actual time=0.018..14092.149 rows=23573656 loops=1)
        Filter: (role_id > 1)
        Rows Removed by Filter: 12670688
  ->  Hash  (cost=422592.87..422592.87 rows=9272 width=8) (actual time=6496.441..6496.441 rows=1209 loops=1)
        Buckets: 16384  Batches: 1  Memory Usage: 176kB
        ->  Hash Join  (cost=74574.97..422592.87 rows=9272 width=8) (actual time=5036.390..6495.740 rows=1209 loops=1)
              Hash Cond: (mi.movie_id = t.id)
              ->  Seq Scan on movie_info mi  (cost=0.00..346232.03 rows=451508 width=4) (actual time=3771.955..5102.746 rows=474443 loops=1)
                    Filter: (info_type_id = 6)
                    Rows Removed by Filter: 14361277
              ->  Hash  (cost=73925.90..73925.90 rows=51925 width=4) (actual time=1262.668..1262.668 rows=56480 loops=1)
                    Buckets: 65536  Batches: 1  Memory Usage: 2498kB
                    ->  Seq Scan on title t  (cost=0.00..73925.90 rows=51925 width=4) (actual time=0.042..1239.007 rows=56480 loops=1)
                          Filter: ((kind_id = 7) AND (production_year = 2004))
                          Rows Removed by Filter: 2471832
Planning time: 1.175 ms
Execution time: 24103.654 ms
