Hash Join  (cost=129928.86..640962.04 rows=3068194 width=169) (actual time=6352.300..15007.401 rows=3036719 loops=1)
  Hash Cond: (mi.movie_id = t.id)
  ->  Seq Scan on movie_info mi  (cost=0.00..346232.03 rows=3068194 width=75) (actual time=3511.917..7403.650 rows=3036719 loops=1)
        Filter: (info_type_id = 16)
        Rows Removed by Filter: 11799001
  ->  Hash  (cost=61283.27..61283.27 rows=2528527 width=94) (actual time=2838.168..2838.168 rows=2528312 loops=1)
        Buckets: 32768  Batches: 128  Memory Usage: 2470kB
        ->  Seq Scan on title t  (cost=0.00..61283.27 rows=2528527 width=94) (actual time=0.034..1237.206 rows=2528312 loops=1)
Planning time: 0.981 ms
Execution time: 15171.548 ms
