Seq Scan on title t  (cost=0.00..73925.90 rows=495659 width=0) (actual time=0.024..1266.762 rows=357996 loops=1)
  Filter: ((kind_id > 3) AND (production_year < 1993))
  Rows Removed by Filter: 2170316
Planning time: 0.355 ms
Execution time: 1313.425 ms
