Seq Scan on movie_keyword mk  (cost=0.00..81003.12 rows=246 width=0) (actual time=41.477..829.899 rows=67 loops=1)
  Filter: (keyword_id = 32482)
  Rows Removed by Filter: 4523863
Planning time: 3.316 ms
Execution time: 830.052 ms
