Hash Join  (cost=158987.30..973440.49 rows=65087 width=0) (actual time=8964.768..18176.527 rows=264751 loops=1)
  Hash Cond: (ci.movie_id = t.id)
  ->  Seq Scan on cast_info ci  (cost=0.00..796071.18 rows=4728304 width=4) (actual time=6295.657..13394.612 rows=9704381 loops=1)
        Filter: ((person_id < 1323054) AND (role_id < 2))
        Rows Removed by Filter: 26539963
  ->  Hash  (cost=158552.22..158552.22 rows=34806 width=8) (actual time=2668.625..2668.625 rows=20255 loops=1)
        Buckets: 65536  Batches: 1  Memory Usage: 1304kB
        ->  Hash Join  (cost=70241.71..158552.22 rows=34806 width=8) (actual time=1089.963..2660.935 rows=20255 loops=1)
              Hash Cond: (mk.movie_id = t.id)
              ->  Seq Scan on movie_keyword mk  (cost=0.00..81003.12 rows=547553 width=4) (actual time=0.038..1326.036 rows=543153 loops=1)
                    Filter: (keyword_id > 33820)
                    Rows Removed by Filter: 3980777
              ->  Hash  (cost=67604.59..67604.59 rows=160730 width=4) (actual time=1088.018..1088.018 rows=160017 loops=1)
                    Buckets: 131072  Batches: 4  Memory Usage: 2442kB
                    ->  Seq Scan on title t  (cost=0.00..67604.59 rows=160730 width=4) (actual time=0.027..1028.164 rows=160017 loops=1)
                          Filter: (production_year = 2011)
                          Rows Removed by Filter: 2368295
Planning time: 1.175 ms
Execution time: 18211.997 ms
