Hash Join  (cost=128672.07..215464.54 rows=13444 width=0) (actual time=2073.900..3907.653 rows=78743 loops=1)
  Hash Cond: (mk.movie_id = t.id)
  ->  Seq Scan on movie_keyword mk  (cost=0.00..69693.30 rows=4523930 width=4) (actual time=0.051..995.378 rows=4523930 loops=1)
  ->  Hash  (cost=128578.14..128578.14 rows=7514 width=8) (actual time=2073.078..2073.078 rows=9111 loops=1)
        Buckets: 16384 (originally 8192)  Batches: 1 (originally 1)  Memory Usage: 484kB
        ->  Hash Join  (cost=67942.77..128578.14 rows=7514 width=8) (actual time=1226.299..2068.989 rows=9111 loops=1)
              Hash Cond: (mc.movie_id = t.id)
              ->  Seq Scan on movie_companies mc  (cost=0.00..57926.93 rows=702211 width=4) (actual time=322.947..928.308 rows=935587 loops=1)
                    Filter: ((company_id > 11137) AND (company_type_id = 2))
                    Rows Removed by Filter: 1673542
              ->  Hash  (cost=67604.59..67604.59 rows=27055 width=4) (actual time=902.689..902.689 rows=26775 loops=1)
                    Buckets: 32768  Batches: 1  Memory Usage: 1198kB
                    ->  Seq Scan on title t  (cost=0.00..67604.59 rows=27055 width=4) (actual time=0.074..891.019 rows=26775 loops=1)
                          Filter: (production_year = 1993)
                          Rows Removed by Filter: 2501537
Planning time: 1.126 ms
Execution time: 3918.140 ms
