Hash Join  (cost=1188468.00..2208774.60 rows=40295426 width=0) (actual time=17356.595..33309.270 rows=11043459 loops=1)
  Hash Cond: (mi.movie_id = t.id)
  ->  Seq Scan on movie_info mi  (cost=0.00..309384.22 rows=14739122 width=4) (actual time=0.023..6333.533 rows=14835720 loops=1)
  ->  Hash  (cost=1075055.45..1075055.45 rows=6912764 width=8) (actual time=17352.218..17352.218 rows=836219 loops=1)
        Buckets: 131072  Batches: 128  Memory Usage: 1298kB
        ->  Hash Join  (cost=102767.86..1075055.45 rows=6912764 width=8) (actual time=11255.356..17068.522 rows=836219 loops=1)
              Hash Cond: (ci.movie_id = t.id)
              ->  Seq Scan on cast_info ci  (cost=0.00..796071.18 rows=6912764 width=4) (actual time=9353.863..13815.291 rows=836219 loops=1)
                    Filter: ((person_id > 1624082) AND (role_id = 1))
                    Rows Removed by Filter: 35408125
              ->  Hash  (cost=61283.27..61283.27 rows=2528527 width=4) (actual time=1899.774..1899.774 rows=2528312 loops=1)
                    Buckets: 131072  Batches: 64  Memory Usage: 2415kB
                    ->  Seq Scan on title t  (cost=0.00..61283.27 rows=2528527 width=4) (actual time=0.022..1037.364 rows=2528312 loops=1)
Planning time: 1.190 ms
Execution time: 34469.824 ms
