Nested Loop  (cost=0.43..156738.40 rows=12064 width=0) (actual time=0.086..1462.094 rows=13753 loops=1)
  ->  Seq Scan on movie_keyword mk  (cost=0.00..81003.12 rows=12064 width=4) (actual time=0.032..1148.473 rows=13753 loops=1)
        Filter: (keyword_id = 121)
        Rows Removed by Filter: 4510177
  ->  Index Only Scan using title_pkey on title t  (cost=0.43..6.27 rows=1 width=4) (actual time=0.022..0.022 rows=1 loops=13753)
        Index Cond: (id = mk.movie_id)
        Heap Fetches: 13753
Planning time: 0.485 ms
Execution time: 1465.719 ms
