Hash Join  (cost=52284.99..759105.46 rows=14 width=0) (actual time=9553.281..14109.890 rows=1134 loops=1)
  Hash Cond: (ci.movie_id = t.id)
  ->  Seq Scan on cast_info ci  (cost=0.00..705507.15 rows=350181 width=4) (actual time=8670.765..13178.280 rows=316118 loops=1)
        Filter: (role_id > 10)
        Rows Removed by Filter: 35928226
  ->  Hash  (cost=52283.69..52283.69 rows=104 width=8) (actual time=882.301..882.301 rows=1438 loops=1)
        Buckets: 2048 (originally 1024)  Batches: 1 (originally 1)  Memory Usage: 73kB
        ->  Nested Loop  (cost=0.43..52283.69 rows=104 width=8) (actual time=1.429..881.583 rows=1438 loops=1)
              ->  Seq Scan on movie_companies mc  (cost=0.00..51404.11 rows=104 width=4) (actual time=1.363..862.404 rows=1438 loops=1)
                    Filter: (company_id = 10999)
                    Rows Removed by Filter: 2607691
              ->  Index Only Scan using title_pkey on title t  (cost=0.43..8.45 rows=1 width=4) (actual time=0.012..0.013 rows=1 loops=1438)
                    Index Cond: (id = mc.movie_id)
                    Heap Fetches: 1438
Planning time: 1.231 ms
Execution time: 14110.165 ms
