Seq Scan on movie_companies mc  (cost=0.00..57926.93 rows=369130 width=0) (actual time=302.424..951.048 rows=209584 loops=1)
  Filter: ((company_id < 1377) AND (company_type_id > 1))
  Rows Removed by Filter: 2399545
Planning time: 0.309 ms
Execution time: 977.059 ms
