Seq Scan on movie_companies mc  (cost=0.00..57926.93 rows=738245 width=0) (actual time=329.136..957.830 rows=524959 loops=1)
  Filter: ((company_id > 7436) AND (company_type_id = 1))
  Rows Removed by Filter: 2084170
Planning time: 0.368 ms
Execution time: 1031.091 ms
