Hash Join  (cost=211903.76..755229.78 rows=5953009 width=0) (actual time=4995.218..23306.329 rows=17552128 loops=1)
  Hash Cond: (mi.movie_id = t.id)
  ->  Seq Scan on movie_info mi  (cost=0.00..309384.22 rows=14739122 width=4) (actual time=0.020..6036.282 rows=14835720 loops=1)
  ->  Hash  (cost=195148.12..195148.12 rows=1021251 width=8) (actual time=4994.419..4994.419 rows=1165502 loops=1)
        Buckets: 131072  Batches: 16  Memory Usage: 3877kB
        ->  Hash Join  (cost=102767.86..195148.12 rows=1021251 width=8) (actual time=2035.875..4634.665 rows=1165502 loops=1)
              Hash Cond: (mc.movie_id = t.id)
              ->  Seq Scan on movie_companies mc  (cost=0.00..57926.93 rows=1021251 width=4) (actual time=0.016..1224.430 rows=1165502 loops=1)
                    Filter: ((company_id > 687) AND (company_type_id > 1))
                    Rows Removed by Filter: 1443627
              ->  Hash  (cost=61283.27..61283.27 rows=2528527 width=4) (actual time=2033.812..2033.812 rows=2528312 loops=1)
                    Buckets: 131072  Batches: 64  Memory Usage: 2415kB
                    ->  Seq Scan on title t  (cost=0.00..61283.27 rows=2528527 width=4) (actual time=0.022..1159.825 rows=2528312 loops=1)
Planning time: 1.170 ms
Execution time: 25239.449 ms
