Hash Join  (cost=74207.10..828219.22 rows=322295 width=0) (actual time=1042.848..18732.573 rows=249501 loops=1)
  Hash Cond: (ci.movie_id = t.id)
  ->  Seq Scan on cast_info ci  (cost=0.00..614943.12 rows=36225612 width=4) (actual time=0.014..9166.834 rows=36244344 loops=1)
  ->  Hash  (cost=73925.90..73925.90 rows=22496 width=4) (actual time=1042.573..1042.573 rows=13050 loops=1)
        Buckets: 32768  Batches: 1  Memory Usage: 715kB
        ->  Seq Scan on title t  (cost=0.00..73925.90 rows=22496 width=4) (actual time=0.040..1037.088 rows=13050 loops=1)
              Filter: ((kind_id = 1) AND (production_year = 2004))
              Rows Removed by Filter: 2515262
Planning time: 1.569 ms
Execution time: 18776.510 ms
