Hash Join  (cost=885395.29..972967.04 rows=91372 width=0) (actual time=15026.962..17101.041 rows=833575 loops=1)
  Hash Cond: (mk.movie_id = t.id)
  ->  Seq Scan on movie_keyword mk  (cost=0.00..69693.30 rows=4523930 width=4) (actual time=0.021..970.156 rows=4523930 loops=1)
  ->  Hash  (cost=884756.91..884756.91 rows=51070 width=8) (actual time=15026.472..15026.472 rows=70013 loops=1)
        Buckets: 131072 (originally 65536)  Batches: 1 (originally 1)  Memory Usage: 3759kB
        ->  Hash Join  (cost=83329.13..884756.91 rows=51070 width=8) (actual time=13188.464..14999.971 rows=70013 loops=1)
              Hash Cond: (ci.movie_id = t.id)
              ->  Seq Scan on cast_info ci  (cost=0.00..796071.18 rows=225307 width=4) (actual time=11834.207..13406.451 rows=266159 loops=1)
                    Filter: ((person_id > 1272004) AND (role_id > 10))
                    Rows Removed by Filter: 35978185
              ->  Hash  (cost=73925.90..73925.90 rows=573138 width=4) (actual time=1353.369..1353.369 rows=447610 loops=1)
                    Buckets: 131072  Batches: 8  Memory Usage: 3000kB
                    ->  Seq Scan on title t  (cost=0.00..73925.90 rows=573138 width=4) (actual time=0.021..1202.204 rows=447610 loops=1)
                          Filter: ((kind_id < 3) AND (production_year > 1982))
                          Rows Removed by Filter: 2080702
Planning time: 1.212 ms
Execution time: 17206.955 ms
