Hash Join  (cost=92883.59..900217.62 rows=168954 width=0) (actual time=3652.247..13742.153 rows=212300 loops=1)
  Hash Cond: (ci.movie_id = t.id)
  ->  Seq Scan on cast_info ci  (cost=0.00..796071.18 rows=277262 width=4) (actual time=1930.283..11486.457 rows=417793 loops=1)
        Filter: ((person_id > 3062559) AND (role_id = 8))
        Rows Removed by Filter: 35826551
  ->  Hash  (cost=67604.59..67604.59 rows=1540800 width=4) (actual time=1720.321..1720.321 rows=1543264 loops=1)
        Buckets: 131072  Batches: 32  Memory Usage: 2722kB
        ->  Seq Scan on title t  (cost=0.00..67604.59 rows=1540800 width=4) (actual time=0.025..1218.463 rows=1543264 loops=1)
              Filter: (kind_id = 7)
              Rows Removed by Filter: 985048
Planning time: 0.844 ms
Execution time: 13768.080 ms
