Hash Join  (cost=1035144.92..1742759.30 rows=17896665 width=0) (actual time=24140.536..66841.567 rows=111515527 loops=1)
  Hash Cond: (mi.movie_id = t.id)
  ->  Seq Scan on movie_info mi  (cost=0.00..309384.22 rows=14739122 width=4) (actual time=0.022..6685.807 rows=14835720 loops=1)
  ->  Hash  (cost=984773.29..984773.29 rows=3070210 width=8) (actual time=24138.775..24138.775 rows=6561510 loops=1)
        Buckets: 131072 (originally 131072)  Batches: 128 (originally 64)  Memory Usage: 3073kB
        ->  Hash Join  (cost=107928.35..984773.29 rows=3070210 width=8) (actual time=9148.329..21915.846 rows=6561510 loops=1)
              Hash Cond: (ci.movie_id = t.id)
              ->  Seq Scan on cast_info ci  (cost=0.00..796071.18 rows=3158533 width=4) (actual time=6120.068..12972.109 rows=6651485 loops=1)
                    Filter: ((person_id > 2471939) AND (role_id > 4))
                    Rows Removed by Filter: 29592859
              ->  Hash  (cost=67604.59..67604.59 rows=2457821 width=4) (actual time=3027.233..3027.233 rows=2456218 loops=1)
                    Buckets: 131072  Batches: 64  Memory Usage: 2375kB
                    ->  Seq Scan on title t  (cost=0.00..67604.59 rows=2457821 width=4) (actual time=0.030..1475.798 rows=2456218 loops=1)
                          Filter: (production_year > 0)
                          Rows Removed by Filter: 72094
Planning time: 1.213 ms
Execution time: 78864.324 ms
