Hash Join  (cost=77624.77..1177000.44 rows=2813256 width=0) (actual time=1127.752..34348.065 rows=2813559 loops=1)
  Hash Cond: (ci.movie_id = t.id)
  ->  Seq Scan on cast_info ci  (cost=0.00..705507.15 rows=31554923 width=4) (actual time=0.023..16580.948 rows=31605208 loops=1)
        Filter: (role_id < 10)
        Rows Removed by Filter: 4639136
  ->  Hash  (cost=73925.90..73925.90 rows=225429 width=4) (actual time=1126.932..1126.932 rows=197206 loops=1)
        Buckets: 131072  Batches: 4  Memory Usage: 2762kB
        ->  Seq Scan on title t  (cost=0.00..73925.90 rows=225429 width=4) (actual time=0.026..1060.537 rows=197206 loops=1)
              Filter: ((kind_id < 4) AND (production_year > 2008))
              Rows Removed by Filter: 2331106
Planning time: 0.790 ms
Execution time: 34660.664 ms
