Hash Join  (cost=308908.59..987029.59 rows=14265729 width=0) (actual time=7474.580..55185.870 rows=148727001 loops=1)
  Hash Cond: (mi.movie_id = t.id)
  ->  Seq Scan on movie_info mi  (cost=0.00..346232.03 rows=12665229 width=4) (actual time=0.019..7930.013 rows=12744652 loops=1)
        Filter: (info_type_id > 2)
        Rows Removed by Filter: 2091068
  ->  Hash  (cost=262181.89..262181.89 rows=2848056 width=8) (actual time=7473.379..7473.379 rows=2838017 loops=1)
        Buckets: 131072  Batches: 64  Memory Usage: 2860kB
        ->  Hash Join  (cost=102767.86..262181.89 rows=2848056 width=8) (actual time=2272.936..6487.849 rows=2838017 loops=1)
              Hash Cond: (mk.movie_id = t.id)
              ->  Seq Scan on movie_keyword mk  (cost=0.00..81003.12 rows=2848056 width=4) (actual time=0.014..1801.251 rows=2838017 loops=1)
                    Filter: (keyword_id > 2616)
                    Rows Removed by Filter: 1685913
              ->  Hash  (cost=61283.27..61283.27 rows=2528527 width=4) (actual time=2269.768..2269.768 rows=2528312 loops=1)
                    Buckets: 131072  Batches: 64  Memory Usage: 2425kB
                    ->  Seq Scan on title t  (cost=0.00..61283.27 rows=2528527 width=4) (actual time=0.018..1137.427 rows=2528312 loops=1)
Planning time: 1.161 ms
Execution time: 71630.548 ms
