Hash Join  (cost=222461.88..386319.94 rows=2971311 width=0) (actual time=5010.346..12719.788 rows=20257679 loops=1)
  Hash Cond: (mk.movie_id = t.id)
  ->  Seq Scan on movie_keyword mk  (cost=0.00..69693.30 rows=4523930 width=4) (actual time=0.012..1561.786 rows=4523930 loops=1)
  ->  Hash  (cost=195214.71..195214.71 rows=1660733 width=8) (actual time=5007.302..5007.302 rows=1369982 loops=1)
        Buckets: 131072  Batches: 32  Memory Usage: 2744kB
        ->  Hash Join  (cost=94009.45..195214.71 rows=1660733 width=8) (actual time=1895.290..4650.455 rows=1369982 loops=1)
              Hash Cond: (mc.movie_id = t.id)
              ->  Seq Scan on movie_companies mc  (cost=0.00..44881.29 rows=2609129 width=4) (actual time=0.011..942.065 rows=2609129 loops=1)
              ->  Hash  (cost=67604.59..67604.59 rows=1609429 width=4) (actual time=1893.818..1893.818 rows=1607077 loops=1)
                    Buckets: 131072  Batches: 32  Memory Usage: 2791kB
                    ->  Seq Scan on title t  (cost=0.00..67604.59 rows=1609429 width=4) (actual time=0.025..1373.606 rows=1607077 loops=1)
                          Filter: (production_year > 1995)
                          Rows Removed by Filter: 921235
Planning time: 1.185 ms
Execution time: 14671.082 ms
