Hash Join  (cost=102767.86..173852.77 rows=136245 width=0) (actual time=2192.867..3213.584 rows=61665 loops=1)
  Hash Cond: (mc.movie_id = t.id)
  ->  Seq Scan on movie_companies mc  (cost=0.00..57926.93 rows=136245 width=4) (actual time=243.562..817.241 rows=61665 loops=1)
        Filter: ((company_id < 137) AND (company_type_id = 2))
        Rows Removed by Filter: 2547464
  ->  Hash  (cost=61283.27..61283.27 rows=2528527 width=4) (actual time=1947.966..1947.966 rows=2528312 loops=1)
        Buckets: 131072  Batches: 64  Memory Usage: 2415kB
        ->  Seq Scan on title t  (cost=0.00..61283.27 rows=2528527 width=4) (actual time=0.033..1143.545 rows=2528312 loops=1)
Planning time: 0.765 ms
Execution time: 3220.861 ms
