Hash Join  (cost=467813.85..1590732.57 rows=8674953 width=0) (actual time=9413.639..51770.968 rows=25715064 loops=1)
  Hash Cond: (ci.movie_id = t.id)
  ->  Seq Scan on cast_info ci  (cost=0.00..614943.12 rows=36225612 width=4) (actual time=0.010..13102.608 rows=36244344 loops=1)
  ->  Hash  (cost=457879.01..457879.01 rows=605507 width=8) (actual time=9412.601..9412.601 rows=1519569 loops=1)
        Buckets: 131072 (originally 131072)  Batches: 32 (originally 8)  Memory Usage: 3073kB
        ->  Hash Join  (cost=83810.17..457879.01 rows=605507 width=8) (actual time=3893.068..8953.365 rows=1519569 loops=1)
              Hash Cond: (mi.movie_id = t.id)
              ->  Seq Scan on movie_info mi  (cost=0.00..346232.03 rows=1550064 width=4) (actual time=1828.127..5511.583 rows=1533909 loops=1)
                    Filter: (info_type_id = 3)
                    Rows Removed by Filter: 13301811
              ->  Hash  (cost=67604.59..67604.59 rows=987727 width=4) (actual time=2063.943..2063.943 rows=985048 loops=1)
                    Buckets: 131072  Batches: 16  Memory Usage: 3197kB
                    ->  Seq Scan on title t  (cost=0.00..67604.59 rows=987727 width=4) (actual time=0.044..1140.254 rows=985048 loops=1)
                          Filter: (kind_id < 7)
                          Rows Removed by Filter: 1543264
Planning time: 0.812 ms
Execution time: 54609.436 ms
