Hash Join  (cost=68438.72..823917.52 rows=328561 width=0) (actual time=938.795..17410.597 rows=315504 loops=1)
  Hash Cond: (ci.movie_id = t.id)
  ->  Seq Scan on cast_info ci  (cost=0.00..705507.15 rows=12449610 width=4) (actual time=0.019..12493.172 rows=12371354 loops=1)
        Filter: (person_id < 1219749)
        Rows Removed by Filter: 23872990
  ->  Hash  (cost=67604.59..67604.59 rows=66731 width=4) (actual time=938.077..938.077 rows=67342 loops=1)
        Buckets: 131072  Batches: 1  Memory Usage: 3392kB
        ->  Seq Scan on title t  (cost=0.00..67604.59 rows=66731 width=4) (actual time=0.024..910.240 rows=67342 loops=1)
              Filter: (production_year > 2012)
              Rows Removed by Filter: 2460970
Planning time: 0.864 ms
Execution time: 17457.532 ms
