Hash Join  (cost=157722.16..184696.45 rows=6382 width=0) (actual time=2618.030..3182.382 rows=1275 loops=1)
  Hash Cond: (mi_idx.movie_id = t.id)
  ->  Seq Scan on movie_info_idx mi_idx  (cost=0.00..21735.35 rows=1380035 width=4) (actual time=0.023..318.177 rows=1380035 loops=1)
  ->  Hash  (cost=157576.01..157576.01 rows=11692 width=8) (actual time=2613.167..2613.167 rows=3699 loops=1)
        Buckets: 16384  Batches: 1  Memory Usage: 273kB
        ->  Hash Join  (cost=74050.79..157576.01 rows=11692 width=8) (actual time=1316.910..2611.722 rows=3699 loops=1)
              Hash Cond: (mk.movie_id = t.id)
              ->  Seq Scan on movie_keyword mk  (cost=0.00..81003.12 rows=75248 width=4) (actual time=0.099..1194.785 rows=72496 loops=1)
                    Filter: (keyword_id = 335)
                    Rows Removed by Filter: 4451434
              ->  Hash  (cost=67604.59..67604.59 rows=392896 width=4) (actual time=1314.692..1314.692 rows=391666 loops=1)
                    Buckets: 131072  Batches: 8  Memory Usage: 2759kB
                    ->  Seq Scan on title t  (cost=0.00..67604.59 rows=392896 width=4) (actual time=0.011..1180.302 rows=391666 loops=1)
                          Filter: (production_year > 2010)
                          Rows Removed by Filter: 2136646
Planning time: 1.201 ms
Execution time: 3182.760 ms
