Hash Join  (cost=98024.21..237111.11 rows=1750406 width=0) (actual time=2409.559..5855.797 rows=697498 loops=1)
  Hash Cond: (mk.movie_id = t.id)
  ->  Seq Scan on movie_keyword mk  (cost=0.00..81003.12 rows=3013260 width=4) (actual time=0.020..1655.009 rows=2993790 loops=1)
        Filter: (keyword_id < 10474)
        Rows Removed by Filter: 1530140
  ->  Hash  (cost=73925.90..73925.90 rows=1468824 width=4) (actual time=2407.675..2407.675 rows=1451272 loops=1)
        Buckets: 131072  Batches: 32  Memory Usage: 2624kB
        ->  Seq Scan on title t  (cost=0.00..73925.90 rows=1468824 width=4) (actual time=0.028..1563.127 rows=1451272 loops=1)
              Filter: ((kind_id > 3) AND (production_year < 2012))
              Rows Removed by Filter: 1077040
Planning time: 0.806 ms
Execution time: 5942.537 ms
