Hash Join  (cost=74449.67..1050686.62 rows=2229571 width=0) (actual time=1386.666..24632.709 rows=2372310 loops=1)
  Hash Cond: (ci.movie_id = t.id)
  ->  Seq Scan on cast_info ci  (cost=0.00..796071.18 rows=13512549 width=4) (actual time=155.830..15120.326 rows=14723929 loops=1)
        Filter: ((person_id < 1516647) AND (role_id < 10))
        Rows Removed by Filter: 21520415
  ->  Hash  (cost=67604.59..67604.59 rows=417207 width=4) (actual time=1229.842..1229.842 rows=409495 loops=1)
        Buckets: 131072  Batches: 8  Memory Usage: 2821kB
        ->  Seq Scan on title t  (cost=0.00..67604.59 rows=417207 width=4) (actual time=0.013..1100.635 rows=409495 loops=1)
              Filter: (production_year < 1973)
              Rows Removed by Filter: 2118817
Planning time: 0.804 ms
Execution time: 24890.859 ms
