Hash Join  (cost=83810.17..1208693.25 rows=10493014 width=0) (actual time=1481.059..33007.222 rows=11039688 loops=1)
  Hash Cond: (ci.movie_id = t.id)
  ->  Seq Scan on cast_info ci  (cost=0.00..705507.15 rows=26861542 width=4) (actual time=0.014..15361.833 rows=26894457 loops=1)
        Filter: (person_id < 2767568)
        Rows Removed by Filter: 9349887
  ->  Hash  (cost=67604.59..67604.59 rows=987727 width=4) (actual time=1480.053..1480.053 rows=985048 loops=1)
        Buckets: 131072  Batches: 16  Memory Usage: 3188kB
        ->  Seq Scan on title t  (cost=0.00..67604.59 rows=987727 width=4) (actual time=0.012..1178.302 rows=985048 loops=1)
              Filter: (kind_id < 7)
              Rows Removed by Filter: 1543264
Planning time: 0.813 ms
Execution time: 34187.568 ms
