Hash Join  (cost=220614.74..741864.47 rows=3884080 width=0) (actual time=5021.722..24180.934 rows=25666612 loops=1)
  Hash Cond: (mi.movie_id = t.id)
  ->  Seq Scan on movie_info mi  (cost=0.00..309384.22 rows=14739122 width=4) (actual time=0.021..6097.696 rows=14835720 loops=1)
  ->  Hash  (cost=209682.72..209682.72 rows=666322 width=8) (actual time=5020.813..5020.813 rows=665815 loops=1)
        Buckets: 131072  Batches: 16  Memory Usage: 2720kB
        ->  Hash Join  (cost=102767.86..209682.72 rows=666322 width=8) (actual time=2517.613..4815.058 rows=665815 loops=1)
              Hash Cond: (mk.movie_id = t.id)
              ->  Seq Scan on movie_keyword mk  (cost=0.00..81003.12 rows=666322 width=4) (actual time=0.025..1315.668 rows=665815 loops=1)
                    Filter: (keyword_id < 520)
                    Rows Removed by Filter: 3858115
              ->  Hash  (cost=61283.27..61283.27 rows=2528527 width=4) (actual time=2516.498..2516.498 rows=2528312 loops=1)
                    Buckets: 131072  Batches: 64  Memory Usage: 2425kB
                    ->  Seq Scan on title t  (cost=0.00..61283.27 rows=2528527 width=4) (actual time=0.013..1048.749 rows=2528312 loops=1)
Planning time: 1.220 ms
Execution time: 27082.406 ms
