Seq Scan on movie_companies mc  (cost=0.00..57926.93 rows=1261757 width=0) (actual time=311.201..1082.018 rows=1202572 loops=1)
  Filter: ((company_id < 140112) AND (company_type_id = 2))
  Rows Removed by Filter: 1406557
Planning time: 0.360 ms
Execution time: 1233.075 ms
