Seq Scan on movie_keyword mk  (cost=0.00..81003.12 rows=246 width=0) (actual time=7.845..1282.920 rows=77 loops=1)
  Filter: (keyword_id = 24718)
  Rows Removed by Filter: 4523853
Planning time: 0.377 ms
Execution time: 1283.088 ms
