Hash Join  (cost=102767.86..1143002.58 rows=9736464 width=0) (actual time=2668.921..22632.535 rows=6611142 loops=1)
  Hash Cond: (ci.movie_id = t.id)
  ->  Seq Scan on cast_info ci  (cost=0.00..796071.18 rows=9736464 width=4) (actual time=863.793..15121.099 rows=6611142 loops=1)
        Filter: ((person_id > 823297) AND (role_id = 1))
        Rows Removed by Filter: 29633202
  ->  Hash  (cost=61283.27..61283.27 rows=2528527 width=4) (actual time=1804.037..1804.037 rows=2528312 loops=1)
        Buckets: 131072  Batches: 64  Memory Usage: 2415kB
        ->  Seq Scan on title t  (cost=0.00..61283.27 rows=2528527 width=4) (actual time=0.012..960.646 rows=2528312 loops=1)
Planning time: 0.738 ms
Execution time: 23369.256 ms
