Hash Join  (cost=98137.04..946563.91 rows=1644906 width=0) (actual time=5643.473..19131.649 rows=2841306 loops=1)
  Hash Cond: (ci.movie_id = t.id)
  ->  Seq Scan on cast_info ci  (cost=0.00..796071.18 rows=2234926 width=4) (actual time=3698.269..14198.357 rows=3647534 loops=1)
        Filter: ((person_id > 1716340) AND (role_id = 10))
        Rows Removed by Filter: 32596810
  ->  Hash  (cost=67604.59..67604.59 rows=1860996 width=4) (actual time=1943.528..1943.528 rows=1865487 loops=1)
        Buckets: 131072  Batches: 32  Memory Usage: 3079kB
        ->  Seq Scan on title t  (cost=0.00..67604.59 rows=1860996 width=4) (actual time=0.038..1319.740 rows=1865487 loops=1)
              Filter: (kind_id > 1)
              Rows Removed by Filter: 662825
Planning time: 0.538 ms
Execution time: 19462.926 ms
