Hash Join  (cost=67697.55..125635.25 rows=5085 width=0) (actual time=910.254..2146.548 rows=16772 loops=1)
  Hash Cond: (mc.movie_id = t.id)
  ->  Seq Scan on movie_companies mc  (cost=0.00..51404.11 rows=1728730 width=4) (actual time=0.023..871.487 rows=1721482 loops=1)
        Filter: (company_id < 22328)
        Rows Removed by Filter: 887647
  ->  Hash  (cost=67604.59..67604.59 rows=7437 width=4) (actual time=909.873..909.873 rows=21312 loops=1)
        Buckets: 32768 (originally 8192)  Batches: 1 (originally 1)  Memory Usage: 1006kB
        ->  Seq Scan on title t  (cost=0.00..67604.59 rows=7437 width=4) (actual time=0.038..899.431 rows=21312 loops=1)
              Filter: (production_year = 1989)
              Rows Removed by Filter: 2507000
Planning time: 0.796 ms
Execution time: 2149.389 ms
