Seq Scan on movie_companies mc  (cost=0.00..51404.11 rows=1422837 width=0) (actual time=78.910..916.039 rows=1428273 loops=1)
  Filter: (company_id > 10212)
  Rows Removed by Filter: 1180856
Planning time: 0.303 ms
Execution time: 1097.570 ms
