Seq Scan on movie_companies mc  (cost=0.00..57926.93 rows=319560 width=0) (actual time=0.025..869.390 rows=460527 loops=1)
  Filter: ((company_id < 851) AND (company_type_id < 2))
  Rows Removed by Filter: 2148602
Planning time: 0.356 ms
Execution time: 928.591 ms
