Hash Join  (cost=230570.70..319275.63 rows=802372 width=0) (actual time=4780.605..8406.117 rows=5524795 loops=1)
  Hash Cond: (mc.movie_id = t.id)
  ->  Seq Scan on movie_companies mc  (cost=0.00..51404.11 rows=2223758 width=4) (actual time=0.010..1113.702 rows=2223482 loops=1)
        Filter: (company_id > 225)
        Rows Removed by Filter: 385647
  ->  Hash  (cost=215602.48..215602.48 rows=912338 width=8) (actual time=4779.525..4779.525 rows=920332 loops=1)
        Buckets: 131072  Batches: 16  Memory Usage: 3298kB
        ->  Hash Join  (cost=102767.86..215602.48 rows=912338 width=8) (actual time=1984.959..4532.252 rows=920332 loops=1)
              Hash Cond: (mk.movie_id = t.id)
              ->  Seq Scan on movie_keyword mk  (cost=0.00..81003.12 rows=912338 width=4) (actual time=0.024..1445.247 rows=920332 loops=1)
                    Filter: (keyword_id < 870)
                    Rows Removed by Filter: 3603598
              ->  Hash  (cost=61283.27..61283.27 rows=2528527 width=4) (actual time=1983.537..1983.537 rows=2528312 loops=1)
                    Buckets: 131072  Batches: 64  Memory Usage: 2425kB
                    ->  Seq Scan on title t  (cost=0.00..61283.27 rows=2528527 width=4) (actual time=0.027..1099.630 rows=2528312 loops=1)
Planning time: 1.171 ms
Execution time: 9051.882 ms
