Hash Join  (cost=97066.09..169235.92 rows=257734 width=0) (actual time=2802.601..4309.675 rows=493738 loops=1)
  Hash Cond: (mc.movie_id = t.id)
  ->  Seq Scan on movie_companies mc  (cost=0.00..57926.93 rows=362911 width=4) (actual time=272.148..982.165 rows=678437 loops=1)
        Filter: ((company_id > 42810) AND (company_type_id = 2))
        Rows Removed by Filter: 1930692
  ->  Hash  (cost=67604.59..67604.59 rows=1795720 width=4) (actual time=2529.217..2529.217 rows=1794153 loops=1)
        Buckets: 131072  Batches: 32  Memory Usage: 2992kB
        ->  Seq Scan on title t  (cost=0.00..67604.59 rows=1795720 width=4) (actual time=0.027..1337.101 rows=1794153 loops=1)
              Filter: (production_year < 2009)
              Rows Removed by Filter: 734159
Planning time: 0.789 ms
Execution time: 4368.354 ms
