Hash Join  (cost=102767.86..992668.10 rows=3488804 width=0) (actual time=9604.990..20430.413 rows=6996513 loops=1)
  Hash Cond: (ci.movie_id = t.id)
  ->  Seq Scan on cast_info ci  (cost=0.00..796071.18 rows=3488804 width=4) (actual time=7282.658..12075.572 rows=6996513 loops=1)
        Filter: ((person_id < 956082) AND (role_id = 1))
        Rows Removed by Filter: 29247831
  ->  Hash  (cost=61283.27..61283.27 rows=2528527 width=4) (actual time=2321.251..2321.251 rows=2528312 loops=1)
        Buckets: 131072  Batches: 64  Memory Usage: 2415kB
        ->  Seq Scan on title t  (cost=0.00..61283.27 rows=2528527 width=4) (actual time=0.019..1131.333 rows=2528312 loops=1)
Planning time: 0.831 ms
Execution time: 21240.471 ms
