Hash Join  (cost=217361.70..364565.18 rows=2068445 width=0) (actual time=5007.974..13943.962 rows=24875402 loops=1)
  Hash Cond: (mk.movie_id = t.id)
  ->  Seq Scan on movie_keyword mk  (cost=0.00..69693.30 rows=4523930 width=4) (actual time=0.024..1449.645 rows=4523930 loops=1)
  ->  Hash  (cost=198393.43..198393.43 rows=1156101 width=8) (actual time=5006.869..5006.869 rows=1083855 loops=1)
        Buckets: 131072  Batches: 16  Memory Usage: 3720kB
        ->  Hash Join  (cost=102767.86..198393.43 rows=1156101 width=8) (actual time=1910.530..4669.822 rows=1083855 loops=1)
              Hash Cond: (mc.movie_id = t.id)
              ->  Seq Scan on movie_companies mc  (cost=0.00..57926.93 rows=1156101 width=4) (actual time=0.022..1131.703 rows=1083855 loops=1)
                    Filter: ((company_id > 115) AND (company_type_id < 2))
                    Rows Removed by Filter: 1525274
              ->  Hash  (cost=61283.27..61283.27 rows=2528527 width=4) (actual time=1909.645..1909.645 rows=2528312 loops=1)
                    Buckets: 131072  Batches: 64  Memory Usage: 2415kB
                    ->  Seq Scan on title t  (cost=0.00..61283.27 rows=2528527 width=4) (actual time=0.019..1038.070 rows=2528312 loops=1)
Planning time: 1.137 ms
Execution time: 16586.862 ms
