Seq Scan on cast_info ci  (cost=0.00..705507.15 rows=15335165 width=0) (actual time=184.683..12360.531 rows=15215959 loops=1)
  Filter: (person_id < 1499318)
  Rows Removed by Filter: 21028385
Planning time: 0.316 ms
Execution time: 14240.222 ms
