Hash Join  (cost=147157.80..537827.64 rows=677807 width=0) (actual time=7734.465..9568.328 rows=615057 loops=1)
  Hash Cond: (mi.movie_id = t.id)
  ->  Seq Scan on movie_info mi  (cost=0.00..346232.03 rows=3068194 width=4) (actual time=0.013..5160.353 rows=3036719 loops=1)
        Filter: (info_type_id = 16)
        Rows Removed by Filter: 11799001
  ->  Hash  (cost=137993.45..137993.45 rows=558588 width=8) (actual time=3134.049..3134.049 rows=291498 loops=1)
        Buckets: 131072  Batches: 8  Memory Usage: 2450kB
        ->  Hash Join  (cost=90717.09..137993.45 rows=558588 width=8) (actual time=1782.849..3047.043 rows=291498 loops=1)
              Hash Cond: (mi_idx.movie_id = t.id)
              ->  Seq Scan on movie_info_idx mi_idx  (cost=0.00..21735.35 rows=1380035 width=4) (actual time=0.015..456.641 rows=1380035 loops=1)
              ->  Hash  (cost=73925.90..73925.90 rows=1023455 width=4) (actual time=1687.646..1687.646 rows=1117981 loops=1)
                    Buckets: 131072  Batches: 16  Memory Usage: 3489kB
                    ->  Seq Scan on title t  (cost=0.00..73925.90 rows=1023455 width=4) (actual time=0.029..1334.259 rows=1117981 loops=1)
                          Filter: ((production_year > 1993) AND (kind_id = 7))
                          Rows Removed by Filter: 1410331
Planning time: 1.284 ms
Execution time: 9616.846 ms
