Hash Join  (cost=131756.90..967954.40 rows=379865 width=0) (actual time=2689.095..16003.333 rows=1042 loops=1)
  Hash Cond: (ci.movie_id = t.id)
  ->  Seq Scan on cast_info ci  (cost=0.00..796071.18 rows=3034846 width=4) (actual time=3.389..13343.478 rows=2662 loops=1)
        Filter: ((person_id < 1475541) AND (role_id = 2))
        Rows Removed by Filter: 36241682
  ->  Hash  (cost=126563.77..126563.77 rows=316490 width=8) (actual time=2590.153..2590.153 rows=481644 loops=1)
        Buckets: 131072  Batches: 8  Memory Usage: 3385kB
        ->  Hash Join  (cost=83440.39..126563.77 rows=316490 width=8) (actual time=1312.479..2475.271 rows=481644 loops=1)
              Hash Cond: (mi_idx.movie_id = t.id)
              ->  Seq Scan on movie_info_idx mi_idx  (cost=0.00..21735.35 rows=1380035 width=4) (actual time=0.015..440.399 rows=1380035 loops=1)
              ->  Hash  (cost=73925.90..73925.90 rows=579879 width=4) (actual time=1311.587..1311.587 rows=492958 loops=1)
                    Buckets: 131072  Batches: 8  Memory Usage: 3188kB
                    ->  Seq Scan on title t  (cost=0.00..73925.90 rows=579879 width=4) (actual time=0.018..1157.677 rows=492958 loops=1)
                          Filter: ((kind_id < 7) AND (production_year > 1998))
                          Rows Removed by Filter: 2035354
Planning time: 1.304 ms
Execution time: 16004.337 ms
