Hash Join  (cost=200831.74..245525.98 rows=408076 width=0) (actual time=3915.546..5188.151 rows=585481 loops=1)
  Hash Cond: (mi_idx.movie_id = t.id)
  ->  Seq Scan on movie_info_idx mi_idx  (cost=0.00..21735.35 rows=1380035 width=4) (actual time=0.017..427.405 rows=1380035 loops=1)
  ->  Hash  (cost=188564.67..188564.67 rows=747685 width=8) (actual time=3914.538..3914.538 rows=466776 loops=1)
        Buckets: 131072  Batches: 16  Memory Usage: 2154kB
        ->  Hash Join  (cost=102767.86..188564.67 rows=747685 width=8) (actual time=1989.028..3776.175 rows=466776 loops=1)
              Hash Cond: (mc.movie_id = t.id)
              ->  Seq Scan on movie_companies mc  (cost=0.00..57926.93 rows=747685 width=4) (actual time=0.025..947.381 rows=466776 loops=1)
                    Filter: ((company_id < 13114) AND (company_type_id = 2))
                    Rows Removed by Filter: 2142353
              ->  Hash  (cost=61283.27..61283.27 rows=2528527 width=4) (actual time=1988.027..1988.027 rows=2528312 loops=1)
                    Buckets: 131072  Batches: 64  Memory Usage: 2415kB
                    ->  Seq Scan on title t  (cost=0.00..61283.27 rows=2528527 width=4) (actual time=0.011..1132.436 rows=2528312 loops=1)
Planning time: 1.144 ms
Execution time: 5262.128 ms
