Hash Join  (cost=80562.70..507180.65 rows=1644002 width=0) (actual time=2874.834..9676.964 rows=1517150 loops=1)
  Hash Cond: (mi.movie_id = t.id)
  ->  Seq Scan on movie_info mi  (cost=0.00..346232.03 rows=5263441 width=4) (actual time=1577.177..5461.282 rows=5270569 loops=1)
        Filter: (info_type_id > 15)
        Rows Removed by Filter: 9565151
  ->  Hash  (cost=67604.59..67604.59 rows=789769 width=4) (actual time=1296.539..1296.539 rows=784926 loops=1)
        Buckets: 131072  Batches: 16  Memory Usage: 2755kB
        ->  Seq Scan on title t  (cost=0.00..67604.59 rows=789769 width=4) (actual time=0.042..1039.147 rows=784926 loops=1)
              Filter: (production_year > 2007)
              Rows Removed by Filter: 1743386
Planning time: 0.755 ms
Execution time: 9842.313 ms
