Seq Scan on movie_companies mc  (cost=0.00..57926.93 rows=296087 width=0) (actual time=251.864..801.491 rows=587364 loops=1)
  Filter: ((company_id > 70900) AND (company_type_id > 1))
  Rows Removed by Filter: 2021765
Planning time: 0.297 ms
Execution time: 880.441 ms
