Hash Join  (cost=798855.22..885519.20 rows=594 width=0) (actual time=13315.281..14998.699 rows=1098 loops=1)
  Hash Cond: (mk.movie_id = t.id)
  ->  Seq Scan on movie_keyword mk  (cost=0.00..69693.30 rows=4523930 width=4) (actual time=0.020..954.154 rows=4523930 loops=1)
  ->  Hash  (cost=798851.07..798851.07 rows=332 width=8) (actual time=13278.153..13278.153 rows=257 loops=1)
        Buckets: 1024  Batches: 1  Memory Usage: 19kB
        ->  Nested Loop  (cost=0.43..798851.07 rows=332 width=8) (actual time=3115.173..13278.045 rows=257 loops=1)
              ->  Seq Scan on cast_info ci  (cost=0.00..796071.18 rows=332 width=4) (actual time=3114.974..13273.537 rows=257 loops=1)
                    Filter: ((role_id < 4) AND (person_id = 971650))
                    Rows Removed by Filter: 36244087
              ->  Index Only Scan using title_pkey on title t  (cost=0.43..8.36 rows=1 width=4) (actual time=0.017..0.017 rows=1 loops=257)
                    Index Cond: (id = ci.movie_id)
                    Heap Fetches: 257
Planning time: 1.209 ms
Execution time: 14999.008 ms
