Hash Join  (cost=513167.24..664263.28 rows=2388001 width=0) (actual time=9030.215..14251.134 rows=6888045 loops=1)
  Hash Cond: (mk.movie_id = t.id)
  ->  Seq Scan on movie_keyword mk  (cost=0.00..69693.30 rows=4523930 width=4) (actual time=0.010..1465.671 rows=4523930 loops=1)
  ->  Hash  (cost=491269.39..491269.39 rows=1334708 width=8) (actual time=9028.867..9028.867 rows=1199124 loops=1)
        Buckets: 131072  Batches: 32  Memory Usage: 2493kB
        ->  Hash Join  (cost=103324.96..491269.39 rows=1334708 width=8) (actual time=4123.644..8655.479 rows=1199124 loops=1)
              Hash Cond: (mi.movie_id = t.id)
              ->  Seq Scan on movie_info mi  (cost=0.00..346232.03 rows=1550064 width=4) (actual time=2065.826..5032.628 rows=1533909 loops=1)
                    Filter: (info_type_id = 3)
                    Rows Removed by Filter: 13301811
              ->  Hash  (cost=67604.59..67604.59 rows=2177230 width=4) (actual time=2056.899..2056.899 rows=2171163 loops=1)
                    Buckets: 131072  Batches: 32  Memory Usage: 3421kB
                    ->  Seq Scan on title t  (cost=0.00..67604.59 rows=2177230 width=4) (actual time=0.025..1336.041 rows=2171163 loops=1)
                          Filter: (production_year > 1963)
                          Rows Removed by Filter: 357149
Planning time: 1.173 ms
Execution time: 15049.078 ms
