Hash Join  (cost=73950.44..880039.62 rows=2070 width=0) (actual time=1488.020..14188.728 rows=163 loops=1)
  Hash Cond: (ci.movie_id = t.id)
  ->  Seq Scan on cast_info ci  (cost=0.00..796071.18 rows=2665946 width=4) (actual time=482.965..13044.201 rows=857745 loops=1)
        Filter: ((person_id < 2261221) AND (role_id = 10))
        Rows Removed by Filter: 35386599
  ->  Hash  (cost=73925.90..73925.90 rows=1963 width=4) (actual time=956.160..956.160 rows=7670 loops=1)
        Buckets: 8192 (originally 2048)  Batches: 1 (originally 1)  Memory Usage: 334kB
        ->  Seq Scan on title t  (cost=0.00..73925.90 rows=1963 width=4) (actual time=115.096..952.771 rows=7670 loops=1)
              Filter: ((kind_id = 1) AND (production_year = 1915))
              Rows Removed by Filter: 2520642
Planning time: 1.296 ms
Execution time: 14188.930 ms
