Hash Join  (cost=69460.45..872462.91 rows=24164 width=0) (actual time=2368.059..11379.824 rows=9896 loops=1)
  Hash Cond: (ci.movie_id = t.id)
  ->  Seq Scan on cast_info ci  (cost=0.00..796071.18 rows=540171 width=4) (actual time=1393.502..10310.429 rows=182997 loops=1)
        Filter: ((person_id < 313647) AND (role_id > 8))
        Rows Removed by Filter: 36061347
  ->  Hash  (cost=67604.59..67604.59 rows=113109 width=4) (actual time=973.543..973.543 rows=119565 loops=1)
        Buckets: 131072  Batches: 2  Memory Usage: 3115kB
        ->  Seq Scan on title t  (cost=0.00..67604.59 rows=113109 width=4) (actual time=0.025..925.136 rows=119565 loops=1)
              Filter: (production_year = 2007)
              Rows Removed by Filter: 2408747
Planning time: 0.757 ms
Execution time: 11381.585 ms
