Hash Join  (cost=161197.08..968472.54 rows=164672 width=0) (actual time=7306.414..21045.245 rows=1487123 loops=1)
  Hash Cond: (ci.movie_id = t.id)
  ->  Seq Scan on cast_info ci  (cost=0.00..705507.15 rows=20024311 width=4) (actual time=4455.404..13606.798 rows=20122661 loops=1)
        Filter: (role_id < 3)
        Rows Removed by Filter: 16121683
  ->  Hash  (cost=160937.16..160937.16 rows=20794 width=8) (actual time=2850.416..2850.416 rows=55637 loops=1)
        Buckets: 65536 (originally 32768)  Batches: 1 (originally 1)  Memory Usage: 2686kB
        ->  Hash Join  (cost=74071.18..160937.16 rows=20794 width=8) (actual time=1104.248..2831.284 rows=55637 loops=1)
              Hash Cond: (mk.movie_id = t.id)
              ->  Seq Scan on movie_keyword mk  (cost=0.00..69693.30 rows=4523930 width=4) (actual time=0.023..879.464 rows=4523930 loops=1)
              ->  Hash  (cost=73925.90..73925.90 rows=11622 width=4) (actual time=1104.029..1104.029 rows=11141 loops=1)
                    Buckets: 16384  Batches: 1  Memory Usage: 520kB
                    ->  Seq Scan on title t  (cost=0.00..73925.90 rows=11622 width=4) (actual time=0.244..1098.878 rows=11141 loops=1)
                          Filter: ((kind_id < 7) AND (production_year = 1994))
                          Rows Removed by Filter: 2517171
Planning time: 2.471 ms
Execution time: 21236.300 ms
