Hash Join  (cost=365418.15..2176004.30 rows=56467605 width=0) (actual time=8052.635..88976.501 rows=187337276 loops=1)
  Hash Cond: (ci.movie_id = t.id)
  ->  Seq Scan on cast_info ci  (cost=0.00..705507.15 rows=31561024 width=4) (actual time=0.015..16635.119 rows=31682862 loops=1)
        Filter: (person_id > 440477)
        Rows Removed by Filter: 4561482
  ->  Hash  (cost=291197.02..291197.02 rows=4523930 width=8) (actual time=8050.997..8050.997 rows=4523930 loops=1)
        Buckets: 131072  Batches: 64  Memory Usage: 3816kB
        ->  Hash Join  (cost=102767.86..291197.02 rows=4523930 width=8) (actual time=1943.484..6855.714 rows=4523930 loops=1)
              Hash Cond: (mk.movie_id = t.id)
              ->  Seq Scan on movie_keyword mk  (cost=0.00..69693.30 rows=4523930 width=4) (actual time=0.014..1349.348 rows=4523930 loops=1)
              ->  Hash  (cost=61283.27..61283.27 rows=2528527 width=4) (actual time=1942.343..1942.343 rows=2528312 loops=1)
                    Buckets: 131072  Batches: 64  Memory Usage: 2425kB
                    ->  Seq Scan on title t  (cost=0.00..61283.27 rows=2528527 width=4) (actual time=0.019..1091.477 rows=2528312 loops=1)
Planning time: 2.335 ms
Execution time: 109633.975 ms
