Seq Scan on cast_info ci  (cost=0.00..796071.18 rows=324 width=0) (actual time=4374.225..12886.865 rows=16 loops=1)
  Filter: ((role_id > 1) AND (person_id = 206153))
  Rows Removed by Filter: 36244328
Planning time: 1.386 ms
Execution time: 12886.974 ms
