Hash Join  (cost=709678.15..802046.96 rows=599 width=0) (actual time=9535.895..10744.448 rows=38 loops=1)
  Hash Cond: (mk.movie_id = t.id)
  ->  Seq Scan on movie_keyword mk  (cost=0.00..81003.12 rows=3029253 width=4) (actual time=0.018..1043.126 rows=3018123 loops=1)
        Filter: (keyword_id > 2172)
        Rows Removed by Filter: 1505807
  ->  Hash  (cost=709671.90..709671.90 rows=500 width=8) (actual time=9330.237..9330.237 rows=2708 loops=1)
        Buckets: 4096 (originally 1024)  Batches: 1 (originally 1)  Memory Usage: 138kB
        ->  Nested Loop  (cost=0.43..709671.90 rows=500 width=8) (actual time=5823.447..9329.548 rows=2708 loops=1)
              ->  Seq Scan on cast_info ci  (cost=0.00..705507.15 rows=500 width=4) (actual time=5823.362..9310.593 rows=2708 loops=1)
                    Filter: (person_id = 2069223)
                    Rows Removed by Filter: 36241636
              ->  Index Only Scan using title_pkey on title t  (cost=0.43..8.32 rows=1 width=4) (actual time=0.007..0.007 rows=1 loops=2708)
                    Index Cond: (id = ci.movie_id)
                    Heap Fetches: 2708
Planning time: 1.170 ms
Execution time: 10744.563 ms
