Hash Join  (cost=156487.41..222759.86 rows=89126 width=0) (actual time=3972.012..4801.447 rows=125401 loops=1)
  Hash Cond: (mc.movie_id = t.id)
  ->  Seq Scan on movie_companies mc  (cost=0.00..57926.93 rows=488867 width=4) (actual time=209.574..794.284 rows=283634 loops=1)
        Filter: ((company_id < 3900) AND (company_type_id > 1))
        Rows Removed by Filter: 2325495
  ->  Hash  (cost=148924.19..148924.19 rows=460978 width=8) (actual time=3761.573..3761.573 rows=459925 loops=1)
        Buckets: 131072  Batches: 8  Memory Usage: 3275kB
        ->  Hash Join  (cost=102767.86..148924.19 rows=460978 width=8) (actual time=2379.174..3618.993 rows=459925 loops=1)
              Hash Cond: (mi_idx.movie_id = t.id)
              ->  Seq Scan on movie_info_idx mi_idx  (cost=0.00..25185.44 rows=460978 width=4) (actual time=0.033..460.202 rows=459925 loops=1)
                    Filter: (info_type_id < 100)
                    Rows Removed by Filter: 920110
              ->  Hash  (cost=61283.27..61283.27 rows=2528527 width=4) (actual time=2378.241..2378.241 rows=2528312 loops=1)
                    Buckets: 131072  Batches: 64  Memory Usage: 2415kB
                    ->  Seq Scan on title t  (cost=0.00..61283.27 rows=2528527 width=4) (actual time=0.036..1011.749 rows=2528312 loops=1)
Planning time: 1.116 ms
Execution time: 4817.011 ms
