Seq Scan on movie_keyword mk  (cost=0.00..81003.12 rows=3239825 width=0) (actual time=0.010..1378.441 rows=3224947 loops=1)
  Filter: (keyword_id > 1684)
  Rows Removed by Filter: 1298983
Planning time: 0.286 ms
Execution time: 1778.090 ms
