Seq Scan on movie_companies mc  (cost=0.00..57926.93 rows=1150293 width=0) (actual time=154.023..1027.856 rows=978148 loops=1)
  Filter: ((company_id < 87491) AND (company_type_id > 1))
  Rows Removed by Filter: 1630981
Planning time: 0.330 ms
Execution time: 1154.347 ms
