Hash Join  (cost=116595.24..192757.78 rows=80701 width=0) (actual time=1845.988..3485.734 rows=20676 loops=1)
  Hash Cond: (mc.movie_id = t.id)
  ->  Seq Scan on movie_companies mc  (cost=0.00..44881.29 rows=2609129 width=4) (actual time=0.010..788.976 rows=2609129 loops=1)
  ->  Hash  (cost=115311.64..115311.64 rows=78208 width=8) (actual time=1843.391..1843.391 rows=9294 loops=1)
        Buckets: 131072  Batches: 2  Memory Usage: 1209kB
        ->  Hash Join  (cost=76277.08..115311.64 rows=78208 width=8) (actual time=959.395..1839.940 rows=9294 loops=1)
              Hash Cond: (mi_idx.movie_id = t.id)
              ->  Seq Scan on movie_info_idx mi_idx  (cost=0.00..21735.35 rows=1380035 width=4) (actual time=0.022..434.976 rows=1380035 loops=1)
              ->  Hash  (cost=73925.90..73925.90 rows=143294 width=4) (actual time=958.485..958.485 rows=39745 loops=1)
                    Buckets: 131072  Batches: 2  Memory Usage: 1721kB
                    ->  Seq Scan on title t  (cost=0.00..73925.90 rows=143294 width=4) (actual time=0.023..943.267 rows=39745 loops=1)
                          Filter: ((production_year < 1959) AND (kind_id = 7))
                          Rows Removed by Filter: 2488567
Planning time: 1.146 ms
Execution time: 3489.143 ms
