Hash Join  (cost=569528.01..1765278.69 rows=6876495 width=0) (actual time=11495.765..41830.302 rows=16011787 loops=1)
  Hash Cond: (ci.movie_id = t.id)
  ->  Seq Scan on cast_info ci  (cost=0.00..705507.15 rows=23499554 width=4) (actual time=0.026..14940.118 rows=23573656 loops=1)
        Filter: (role_id > 1)
        Rows Removed by Filter: 12670688
  ->  Hash  (cost=557388.20..557388.20 rows=739904 width=8) (actual time=11494.936..11494.936 rows=633134 loops=1)
        Buckets: 131072  Batches: 16  Memory Usage: 2536kB
        ->  Hash Join  (cost=69687.24..557388.20 rows=739904 width=8) (actual time=892.388..11274.298 rows=633134 loops=1)
              Hash Cond: (mi.movie_id = t.id)
              ->  Seq Scan on movie_info mi  (cost=0.00..309384.22 rows=14739122 width=4) (actual time=0.020..4906.644 rows=14835720 loops=1)
              ->  Hash  (cost=67604.59..67604.59 rows=126932 width=4) (actual time=891.570..891.570 rows=122861 loops=1)
                    Buckets: 131072  Batches: 2  Memory Usage: 3197kB
                    ->  Seq Scan on title t  (cost=0.00..67604.59 rows=126932 width=4) (actual time=0.028..846.709 rows=122861 loops=1)
                          Filter: (production_year = 2008)
                          Rows Removed by Filter: 2405451
Planning time: 5.744 ms
Execution time: 43779.153 ms
