Seq Scan on movie_keyword mk  (cost=0.00..81003.12 rows=2061502 width=0) (actual time=0.027..1303.343 rows=2078640 loops=1)
  Filter: (keyword_id < 3678)
  Rows Removed by Filter: 2445290
Planning time: 0.362 ms
Execution time: 1561.510 ms
