Seq Scan on cast_info ci  (cost=0.00..705507.15 rows=21969869 width=0) (actual time=0.154..11651.726 rows=21833554 loops=1)
  Filter: (person_id < 2219911)
  Rows Removed by Filter: 14410790
Planning time: 0.369 ms
Execution time: 14391.376 ms
