Hash Join  (cost=101266.48..895777.36 rows=88037 width=0) (actual time=1610.449..18764.715 rows=113736 loops=1)
  Hash Cond: (ci.movie_id = t.id)
  ->  Seq Scan on cast_info ci  (cost=0.00..705507.15 rows=23499554 width=4) (actual time=0.015..13503.987 rows=23573656 loops=1)
        Filter: (role_id > 1)
        Rows Removed by Filter: 12670688
  ->  Hash  (cost=101148.07..101148.07 rows=9473 width=8) (actual time=1608.538..1608.538 rows=4461 loops=1)
        Buckets: 16384  Batches: 1  Memory Usage: 303kB
        ->  Hash Join  (cost=74142.85..101148.07 rows=9473 width=8) (actual time=1016.514..1606.788 rows=4461 loops=1)
              Hash Cond: (mi_idx.movie_id = t.id)
              ->  Seq Scan on movie_info_idx mi_idx  (cost=0.00..21735.35 rows=1380035 width=4) (actual time=0.008..285.873 rows=1380035 loops=1)
              ->  Hash  (cost=73925.90..73925.90 rows=17356 width=4) (actual time=1016.179..1016.179 rows=18804 loops=1)
                    Buckets: 32768  Batches: 1  Memory Usage: 918kB
                    ->  Seq Scan on title t  (cost=0.00..73925.90 rows=17356 width=4) (actual time=0.028..1008.898 rows=18804 loops=1)
                          Filter: ((kind_id = 1) AND (production_year = 2013))
                          Rows Removed by Filter: 2509508
Planning time: 1.167 ms
Execution time: 18783.113 ms
