Nested Loop  (cost=0.43..83072.29 rows=129 width=0) (actual time=11.342..1199.963 rows=150 loops=1)
  ->  Seq Scan on movie_keyword mk  (cost=0.00..81003.12 rows=246 width=4) (actual time=1.941..1183.540 rows=434 loops=1)
        Filter: (keyword_id = 2750)
        Rows Removed by Filter: 4523496
  ->  Index Scan using title_pkey on title t  (cost=0.43..8.40 rows=1 width=4) (actual time=0.036..0.036 rows=0 loops=434)
        Index Cond: (id = mk.movie_id)
        Filter: (production_year > 2001)
        Rows Removed by Filter: 1
Planning time: 0.982 ms
Execution time: 1200.225 ms
