Hash Join  (cost=361135.31..2139881.88 rows=59293036 width=0) (actual time=8178.672..81744.276 rows=197199063 loops=1)
  Hash Cond: (ci.movie_id = t.id)
  ->  Seq Scan on cast_info ci  (cost=0.00..614943.12 rows=36225612 width=4) (actual time=0.020..12763.338 rows=36244344 loops=1)
  ->  Hash  (cost=293235.56..293235.56 rows=4138620 width=8) (actual time=8177.779..8177.779 rows=4140993 loops=1)
        Buckets: 131072  Batches: 64  Memory Usage: 3572kB
        ->  Hash Join  (cost=102767.86..293235.56 rows=4138620 width=8) (actual time=1895.426..7030.102 rows=4140993 loops=1)
              Hash Cond: (mk.movie_id = t.id)
              ->  Seq Scan on movie_keyword mk  (cost=0.00..81003.12 rows=4138620 width=4) (actual time=0.025..1739.789 rows=4140993 loops=1)
                    Filter: (keyword_id < 44737)
                    Rows Removed by Filter: 382937
              ->  Hash  (cost=61283.27..61283.27 rows=2528527 width=4) (actual time=1893.028..1893.028 rows=2528312 loops=1)
                    Buckets: 131072  Batches: 64  Memory Usage: 2425kB
                    ->  Seq Scan on title t  (cost=0.00..61283.27 rows=2528527 width=4) (actual time=0.014..1026.171 rows=2528312 loops=1)
Planning time: 2.315 ms
Execution time: 101689.381 ms
