Seq Scan on movie_keyword mk  (cost=0.00..81003.12 rows=3409711 width=0) (actual time=0.014..1534.285 rows=3402955 loops=1)
  Filter: (keyword_id > 1197)
  Rows Removed by Filter: 1120975
Planning time: 0.287 ms
Execution time: 1950.900 ms
