Seq Scan on movie_companies mc  (cost=0.00..57926.93 rows=497116 width=0) (actual time=0.031..819.099 rows=706025 loops=1)
  Filter: ((company_id < 5158) AND (company_type_id < 2))
  Rows Removed by Filter: 1903104
Planning time: 0.314 ms
Execution time: 903.742 ms
