Hash Join  (cost=75292.52..1017565.32 rows=654611 width=0) (actual time=1151.722..22485.349 rows=895896 loops=1)
  Hash Cond: (ci.movie_id = t.id)
  ->  Seq Scan on cast_info ci  (cost=0.00..705507.15 rows=19882544 width=4) (actual time=0.022..13328.130 rows=20029866 loops=1)
        Filter: (person_id > 1605693)
        Rows Removed by Filter: 16214478
  ->  Hash  (cost=73925.90..73925.90 rows=83249 width=4) (actual time=1150.953..1150.953 rows=101793 loops=1)
        Buckets: 131072  Batches: 2  Memory Usage: 2803kB
        ->  Seq Scan on title t  (cost=0.00..73925.90 rows=83249 width=4) (actual time=0.045..1112.573 rows=101793 loops=1)
              Filter: ((kind_id > 1) AND (production_year = 2007))
              Rows Removed by Filter: 2426519
Planning time: 0.832 ms
Execution time: 22604.324 ms
