Seq Scan on movie_companies mc  (cost=0.00..57926.93 rows=1195871 width=0) (actual time=0.012..1074.161 rows=1274246 loops=1)
  Filter: ((company_id < 123966) AND (company_type_id = 1))
  Rows Removed by Filter: 1334883
Planning time: 0.372 ms
Execution time: 1234.981 ms
