Seq Scan on cast_info ci  (cost=0.00..796071.18 rows=354152 width=0) (actual time=166.746..9599.358 rows=334761 loops=1)
  Filter: ((person_id < 708604) AND (role_id = 8))
  Rows Removed by Filter: 35909583
Planning time: 0.385 ms
Execution time: 9643.458 ms
