Seq Scan on movie_companies mc  (cost=0.00..51404.11 rows=2064418 width=0) (actual time=0.016..622.902 rows=2064329 loops=1)
  Filter: (company_id > 533)
  Rows Removed by Filter: 544800
Planning time: 0.313 ms
Execution time: 817.784 ms
