Hash Join  (cost=365418.15..1745442.83 rows=29406222 width=0) (actual time=8854.671..64751.477 rows=116886934 loops=1)
  Hash Cond: (ci.movie_id = t.id)
  ->  Seq Scan on cast_info ci  (cost=0.00..796071.18 rows=16435804 width=4) (actual time=0.015..16303.210 rows=20615457 loops=1)
        Filter: ((person_id < 2554636) AND (role_id < 4))
        Rows Removed by Filter: 15628887
  ->  Hash  (cost=291197.02..291197.02 rows=4523930 width=8) (actual time=8853.761..8853.761 rows=4523930 loops=1)
        Buckets: 131072  Batches: 64  Memory Usage: 3816kB
        ->  Hash Join  (cost=102767.86..291197.02 rows=4523930 width=8) (actual time=1799.286..6874.635 rows=4523930 loops=1)
              Hash Cond: (mk.movie_id = t.id)
              ->  Seq Scan on movie_keyword mk  (cost=0.00..69693.30 rows=4523930 width=4) (actual time=0.022..1426.482 rows=4523930 loops=1)
              ->  Hash  (cost=61283.27..61283.27 rows=2528527 width=4) (actual time=1797.121..1797.121 rows=2528312 loops=1)
                    Buckets: 131072  Batches: 64  Memory Usage: 2425kB
                    ->  Seq Scan on title t  (cost=0.00..61283.27 rows=2528527 width=4) (actual time=0.011..925.776 rows=2528312 loops=1)
Planning time: 0.793 ms
Execution time: 77660.683 ms
