Hash Join  (cost=83073.60..434077.70 rows=28 width=0) (actual time=2822.275..5864.367 rows=294 loops=1)
  Hash Cond: (mi.movie_id = t.id)
  ->  Seq Scan on movie_info mi  (cost=0.00..346232.03 rows=1272478 width=4) (actual time=1713.055..4568.353 rows=1325361 loops=1)
        Filter: (info_type_id = 8)
        Rows Removed by Filter: 13510359
  ->  Hash  (cost=83072.90..83072.90 rows=56 width=8) (actual time=1105.981..1105.981 rows=386 loops=1)
        Buckets: 1024  Batches: 1  Memory Usage: 24kB
        ->  Nested Loop  (cost=0.43..83072.90 rows=56 width=8) (actual time=3.710..1105.698 rows=386 loops=1)
              ->  Seq Scan on movie_keyword mk  (cost=0.00..81003.12 rows=246 width=4) (actual time=0.861..1074.655 rows=2017 loops=1)
                    Filter: (keyword_id = 905)
                    Rows Removed by Filter: 4521913
              ->  Index Scan using title_pkey on title t  (cost=0.43..8.40 rows=1 width=4) (actual time=0.015..0.015 rows=0 loops=2017)
                    Index Cond: (id = mk.movie_id)
                    Filter: ((kind_id > 1) AND (production_year < 1994))
                    Rows Removed by Filter: 1
Planning time: 1.194 ms
Execution time: 5864.593 ms
