Hash Join  (cost=100882.02..465564.82 rows=2690 width=0) (actual time=1594.920..8149.624 rows=41567 loops=1)
  Hash Cond: (mi.movie_id = t.id)
  ->  Seq Scan on movie_info mi  (cost=0.00..309384.22 rows=14739122 width=4) (actual time=0.023..3622.072 rows=14835720 loops=1)
  ->  Hash  (cost=100876.26..100876.26 rows=461 width=8) (actual time=1588.379..1588.379 rows=2401 loops=1)
        Buckets: 4096 (originally 1024)  Batches: 1 (originally 1)  Memory Usage: 126kB
        ->  Hash Join  (cost=73957.54..100876.26 rows=461 width=8) (actual time=991.761..1587.162 rows=2401 loops=1)
              Hash Cond: (mi_idx.movie_id = t.id)
              ->  Seq Scan on movie_info_idx mi_idx  (cost=0.00..25185.44 rows=460978 width=4) (actual time=0.013..506.089 rows=459925 loops=1)
                    Filter: (info_type_id < 100)
                    Rows Removed by Filter: 920110
              ->  Hash  (cost=73925.90..73925.90 rows=2531 width=4) (actual time=991.324..991.324 rows=6059 loops=1)
                    Buckets: 8192 (originally 4096)  Batches: 1 (originally 1)  Memory Usage: 278kB
                    ->  Seq Scan on title t  (cost=0.00..73925.90 rows=2531 width=4) (actual time=0.168..988.308 rows=6059 loops=1)
                          Filter: ((kind_id < 4) AND (production_year = 1976))
                          Rows Removed by Filter: 2522253
Planning time: 0.865 ms
Execution time: 8157.353 ms
