Hash Join  (cost=52284.24..143569.83 rows=2 width=0) (actual time=1338.619..2519.695 rows=24 loops=1)
  Hash Cond: (mk.movie_id = t.id)
  ->  Seq Scan on movie_keyword mk  (cost=0.00..81003.12 rows=2741987 width=4) (actual time=0.021..1416.011 rows=2732818 loops=1)
        Filter: (keyword_id > 2892)
        Rows Removed by Filter: 1791112
  ->  Hash  (cost=52284.21..52284.21 rows=2 width=8) (actual time=729.931..729.931 rows=23 loops=1)
        Buckets: 1024  Batches: 1  Memory Usage: 9kB
        ->  Nested Loop  (cost=0.43..52284.21 rows=2 width=8) (actual time=550.648..729.914 rows=23 loops=1)
              ->  Seq Scan on movie_companies mc  (cost=0.00..51404.11 rows=104 width=4) (actual time=7.130..690.461 rows=1503 loops=1)
                    Filter: (company_id = 1700)
                    Rows Removed by Filter: 2607626
              ->  Index Scan using title_pkey on title t  (cost=0.43..8.45 rows=1 width=4) (actual time=0.026..0.026 rows=0 loops=1503)
                    Index Cond: (id = mc.movie_id)
                    Filter: ((kind_id = 7) AND (production_year = 2003))
                    Rows Removed by Filter: 1
Planning time: 1.135 ms
Execution time: 2519.880 ms
