Hash Join  (cost=102767.86..191451.60 rows=867619 width=0) (actual time=2782.969..4291.932 rows=548520 loops=1)
  Hash Cond: (mc.movie_id = t.id)
  ->  Seq Scan on movie_companies mc  (cost=0.00..57926.93 rows=867619 width=4) (actual time=333.976..1022.146 rows=548520 loops=1)
        Filter: ((company_id < 20448) AND (company_type_id = 2))
        Rows Removed by Filter: 2060609
  ->  Hash  (cost=61283.27..61283.27 rows=2528527 width=4) (actual time=2447.801..2447.801 rows=2528312 loops=1)
        Buckets: 131072  Batches: 64  Memory Usage: 2415kB
        ->  Seq Scan on title t  (cost=0.00..61283.27 rows=2528527 width=4) (actual time=0.012..949.666 rows=2528312 loops=1)
Planning time: 0.669 ms
Execution time: 4354.993 ms
