Hash Join  (cost=96071.96..1328537.10 rows=19338898 width=0) (actual time=1680.652..39495.810 rows=20571698 loops=1)
  Hash Cond: (ci.movie_id = t.id)
  ->  Seq Scan on cast_info ci  (cost=0.00..614943.12 rows=36225612 width=4) (actual time=0.028..11939.851 rows=36244344 loops=1)
  ->  Hash  (cost=73925.90..73925.90 rows=1349844 width=4) (actual time=1679.344..1679.344 rows=1425014 loops=1)
        Buckets: 131072  Batches: 32  Memory Usage: 2591kB
        ->  Seq Scan on title t  (cost=0.00..73925.90 rows=1349844 width=4) (actual time=0.006..1256.526 rows=1425014 loops=1)
              Filter: ((production_year > 1960) AND (kind_id = 7))
              Rows Removed by Filter: 1103298
Planning time: 0.761 ms
Execution time: 41800.529 ms
