Seq Scan on movie_keyword mk  (cost=0.00..81003.12 rows=246 width=0) (actual time=207.657..1092.240 rows=2 loops=1)
  Filter: (keyword_id = 35785)
  Rows Removed by Filter: 4523928
Planning time: 0.382 ms
Execution time: 1092.320 ms
