Seq Scan on movie_info mi  (cost=0.00..346232.03 rows=17937 width=0) (actual time=1846.231..5095.026 rows=18539 loops=1)
  Filter: (info_type_id = 90)
  Rows Removed by Filter: 14817181
Planning time: 0.267 ms
Execution time: 5097.680 ms
