Hash Join  (cost=102767.86..200705.14 rows=1523272 width=0) (actual time=1790.519..4336.923 rows=1529398 loops=1)
  Hash Cond: (mc.movie_id = t.id)
  ->  Seq Scan on movie_companies mc  (cost=0.00..51404.11 rows=1523272 width=4) (actual time=0.007..974.911 rows=1529398 loops=1)
        Filter: (company_id > 6893)
        Rows Removed by Filter: 1079731
  ->  Hash  (cost=61283.27..61283.27 rows=2528527 width=4) (actual time=1788.892..1788.892 rows=2528312 loops=1)
        Buckets: 131072  Batches: 64  Memory Usage: 2415kB
        ->  Seq Scan on title t  (cost=0.00..61283.27 rows=2528527 width=4) (actual time=0.018..968.553 rows=2528312 loops=1)
Planning time: 0.471 ms
Execution time: 4509.614 ms
