Hash Join  (cost=175027.18..324382.26 rows=1548892 width=0) (actual time=3827.736..9097.619 rows=6554188 loops=1)
  Hash Cond: (mk.movie_id = t.id)
  ->  Seq Scan on movie_keyword mk  (cost=0.00..81003.12 rows=4261341 width=4) (actual time=0.022..1726.364 rows=4261487 loops=1)
        Filter: (keyword_id < 59192)
        Rows Removed by Filter: 262443
  ->  Hash  (cost=159947.97..159947.97 rows=919057 width=8) (actual time=3826.416..3826.416 rows=920110 loops=1)
        Buckets: 131072  Batches: 16  Memory Usage: 3283kB
        ->  Hash Join  (cost=102767.86..159947.97 rows=919057 width=8) (actual time=1808.381..3536.230 rows=920110 loops=1)
              Hash Cond: (mi_idx.movie_id = t.id)
              ->  Seq Scan on movie_info_idx mi_idx  (cost=0.00..25185.44 rows=919057 width=4) (actual time=0.014..553.370 rows=920110 loops=1)
                    Filter: (info_type_id > 99)
                    Rows Removed by Filter: 459925
              ->  Hash  (cost=61283.27..61283.27 rows=2528527 width=4) (actual time=1806.514..1806.514 rows=2528312 loops=1)
                    Buckets: 131072  Batches: 64  Memory Usage: 2415kB
                    ->  Seq Scan on title t  (cost=0.00..61283.27 rows=2528527 width=4) (actual time=0.019..979.287 rows=2528312 loops=1)
Planning time: 1.189 ms
Execution time: 9856.111 ms
