Hash Join  (cost=365418.15..1359621.63 rows=14073893 width=0) (actual time=7961.609..34788.307 rows=48690624 loops=1)
  Hash Cond: (ci.movie_id = t.id)
  ->  Seq Scan on cast_info ci  (cost=0.00..705507.15 rows=7866218 width=4) (actual time=0.015..11678.881 rows=7748861 loops=1)
        Filter: (person_id < 753766)
        Rows Removed by Filter: 28495483
  ->  Hash  (cost=291197.02..291197.02 rows=4523930 width=8) (actual time=7959.240..7959.240 rows=4523930 loops=1)
        Buckets: 131072  Batches: 64  Memory Usage: 3816kB
        ->  Hash Join  (cost=102767.86..291197.02 rows=4523930 width=8) (actual time=1760.192..6727.218 rows=4523930 loops=1)
              Hash Cond: (mk.movie_id = t.id)
              ->  Seq Scan on movie_keyword mk  (cost=0.00..69693.30 rows=4523930 width=4) (actual time=0.013..1344.060 rows=4523930 loops=1)
              ->  Hash  (cost=61283.27..61283.27 rows=2528527 width=4) (actual time=1759.330..1759.330 rows=2528312 loops=1)
                    Buckets: 131072  Batches: 64  Memory Usage: 2425kB
                    ->  Seq Scan on title t  (cost=0.00..61283.27 rows=2528527 width=4) (actual time=0.019..897.734 rows=2528312 loops=1)
Planning time: 3.152 ms
Execution time: 39911.724 ms
