Hash Join  (cost=463979.28..1467216.86 rows=3543217 width=0) (actual time=6876.458..31770.710 rows=3109828 loops=1)
  Hash Cond: (ci.movie_id = t.id)
  ->  Seq Scan on cast_info ci  (cost=0.00..705507.15 rows=22550994 width=4) (actual time=0.014..12985.459 rows=22597796 loops=1)
        Filter: (person_id > 1343358)
        Rows Removed by Filter: 13646548
  ->  Hash  (cost=457461.24..457461.24 rows=397283 width=8) (actual time=6875.463..6875.463 rows=167328 loops=1)
        Buckets: 131072  Batches: 8  Memory Usage: 1844kB
        ->  Hash Join  (cost=92883.59..457461.24 rows=397283 width=8) (actual time=3546.754..6829.024 rows=167328 loops=1)
              Hash Cond: (mi.movie_id = t.id)
              ->  Seq Scan on movie_info mi  (cost=0.00..346232.03 rows=651960 width=4) (actual time=1948.434..4632.243 rows=660923 loops=1)
                    Filter: (info_type_id = 18)
                    Rows Removed by Filter: 14174797
              ->  Hash  (cost=67604.59..67604.59 rows=1540800 width=4) (actual time=1597.313..1597.313 rows=1543264 loops=1)
                    Buckets: 131072  Batches: 32  Memory Usage: 2728kB
                    ->  Seq Scan on title t  (cost=0.00..67604.59 rows=1540800 width=4) (actual time=258.366..1109.134 rows=1543264 loops=1)
                          Filter: (kind_id = 7)
                          Rows Removed by Filter: 985048
Planning time: 2.753 ms
Execution time: 32138.896 ms
