Hash Join  (cost=240281.00..1096053.87 rows=3876239 width=0) (actual time=10335.096..19883.950 rows=1403915 loops=1)
  Hash Cond: (ci.movie_id = t.id)
  ->  Seq Scan on cast_info ci  (cost=0.00..705507.15 rows=8344466 width=4) (actual time=5637.240..11389.841 rows=8301590 loops=1)
        Filter: (person_id > 2852558)
        Rows Removed by Filter: 27942754
  ->  Hash  (cost=221009.85..221009.85 rows=1174572 width=8) (actual time=4696.160..4696.160 rows=257615 loops=1)
        Buckets: 131072  Batches: 16  Memory Usage: 1634kB
        ->  Hash Join  (cost=84697.09..221009.85 rows=1174572 width=8) (actual time=2147.451..4623.222 rows=257615 loops=1)
              Hash Cond: (mk.movie_id = t.id)
              ->  Seq Scan on movie_keyword mk  (cost=0.00..69693.30 rows=4523930 width=4) (actual time=0.029..1368.206 rows=4523930 loops=1)
              ->  Hash  (cost=73925.90..73925.90 rows=656495 width=4) (actual time=1326.255..1326.255 rows=556797 loops=1)
                    Buckets: 131072  Batches: 16  Memory Usage: 2252kB
                    ->  Seq Scan on title t  (cost=0.00..73925.90 rows=656495 width=4) (actual time=0.023..1137.661 rows=556797 loops=1)
                          Filter: ((production_year < 2001) AND (kind_id = 7))
                          Rows Removed by Filter: 1971515
Planning time: 1.177 ms
Execution time: 20031.503 ms
