Hash Join  (cost=216960.50..338552.20 rows=1016974 width=0) (actual time=5029.199..9923.953 rows=4054463 loops=1)
  Hash Cond: (mk.movie_id = t.id)
  ->  Seq Scan on movie_keyword mk  (cost=0.00..81003.12 rows=2243422 width=4) (actual time=0.016..1545.030 rows=2242990 loops=1)
        Filter: (keyword_id > 4834)
        Rows Removed by Filter: 2280940
  ->  Hash  (cost=198154.80..198154.80 rows=1146216 width=8) (actual time=5028.186..5028.186 rows=1255405 loops=1)
        Buckets: 131072 (originally 131072)  Batches: 32 (originally 16)  Memory Usage: 3073kB
        ->  Hash Join  (cost=102767.86..198154.80 rows=1146216 width=8) (actual time=2139.967..4639.524 rows=1255405 loops=1)
              Hash Cond: (mc.movie_id = t.id)
              ->  Seq Scan on movie_companies mc  (cost=0.00..57926.93 rows=1146216 width=4) (actual time=326.643..1234.053 rows=1255405 loops=1)
                    Filter: ((company_id > 178) AND (company_type_id > 1))
                    Rows Removed by Filter: 1353724
              ->  Hash  (cost=61283.27..61283.27 rows=2528527 width=4) (actual time=1812.069..1812.069 rows=2528312 loops=1)
                    Buckets: 131072  Batches: 64  Memory Usage: 2415kB
                    ->  Seq Scan on title t  (cost=0.00..61283.27 rows=2528527 width=4) (actual time=0.028..947.508 rows=2528312 loops=1)
Planning time: 0.731 ms
Execution time: 10359.374 ms
