Hash Join  (cost=75898.18..142418.28 rows=32073 width=0) (actual time=1688.052..2221.439 rows=9978 loops=1)
  Hash Cond: (mc.movie_id = t.id)
  ->  Seq Scan on movie_companies mc  (cost=0.00..57926.93 rows=674784 width=4) (actual time=0.024..992.974 rows=921217 loops=1)
        Filter: ((company_id < 11717) AND (company_type_id = 1))
        Rows Removed by Filter: 1687912
  ->  Hash  (cost=73925.90..73925.90 rows=120182 width=4) (actual time=925.656..925.656 rows=17916 loops=1)
        Buckets: 131072  Batches: 2  Memory Usage: 1340kB
        ->  Seq Scan on title t  (cost=0.00..73925.90 rows=120182 width=4) (actual time=95.878..917.953 rows=17916 loops=1)
              Filter: ((production_year < 1955) AND (kind_id = 7))
              Rows Removed by Filter: 2510396
Planning time: 0.713 ms
Execution time: 2222.878 ms
