Seq Scan on movie_keyword mk  (cost=0.00..81003.12 rows=246 width=0) (actual time=10.477..1135.242 rows=168 loops=1)
  Filter: (keyword_id = 10404)
  Rows Removed by Filter: 4523762
Planning time: 0.372 ms
Execution time: 1135.442 ms
