Hash Join  (cost=146448.82..999794.47 rows=175692 width=0) (actual time=3194.263..19551.821 rows=769407 loops=1)
  Hash Cond: (ci.movie_id = t.id)
  ->  Seq Scan on cast_info ci  (cost=0.00..796071.18 rows=4770015 width=4) (actual time=0.016..12085.603 rows=9791811 loops=1)
        Filter: ((person_id < 1333957) AND (role_id = 1))
        Rows Removed by Filter: 26452533
  ->  Hash  (cost=144920.67..144920.67 rows=93132 width=8) (actual time=3193.476..3193.476 rows=80519 loops=1)
        Buckets: 131072  Batches: 2  Memory Usage: 2586kB
        ->  Hash Join  (cost=76911.69..144920.67 rows=93132 width=8) (actual time=1679.742..3166.999 rows=80519 loops=1)
              Hash Cond: (mc.movie_id = t.id)
              ->  Seq Scan on movie_companies mc  (cost=0.00..51404.11 rows=1294011 width=4) (actual time=0.030..913.408 rows=1285741 loops=1)
                    Filter: (company_id < 11244)
                    Rows Removed by Filter: 1323388
              ->  Hash  (cost=73925.90..73925.90 rows=181983 width=4) (actual time=1678.953..1678.953 rows=161370 loops=1)
                    Buckets: 131072  Batches: 4  Memory Usage: 2449kB
                    ->  Seq Scan on title t  (cost=0.00..73925.90 rows=181983 width=4) (actual time=0.040..1123.357 rows=161370 loops=1)
                          Filter: ((kind_id < 4) AND (production_year > 2009))
                          Rows Removed by Filter: 2366942
Planning time: 1.240 ms
Execution time: 19654.114 ms
