Hash Join  (cost=95640.91..925094.68 rows=159024 width=0) (actual time=1531.199..21795.514 rows=392627 loops=1)
  Hash Cond: (ci.movie_id = t.id)
  ->  Seq Scan on cast_info ci  (cost=0.00..705507.15 rows=32628386 width=4) (actual time=0.015..12502.628 rows=32632076 loops=1)
        Filter: (person_id < 3407805)
        Rows Removed by Filter: 3612268
  ->  Hash  (cost=95486.87..95486.87 rows=12323 width=8) (actual time=1530.742..1530.742 rows=15100 loops=1)
        Buckets: 16384  Batches: 1  Memory Usage: 718kB
        ->  Hash Join  (cost=68449.54..95486.87 rows=12323 width=8) (actual time=947.656..1524.363 rows=15100 loops=1)
              Hash Cond: (mi_idx.movie_id = t.id)
              ->  Seq Scan on movie_info_idx mi_idx  (cost=0.00..25185.44 rows=460978 width=4) (actual time=0.014..436.665 rows=459925 loops=1)
                    Filter: (info_type_id < 100)
                    Rows Removed by Filter: 920110
              ->  Hash  (cost=67604.59..67604.59 rows=67596 width=4) (actual time=946.915..946.915 rows=67777 loops=1)
                    Buckets: 131072  Batches: 1  Memory Usage: 3407kB
                    ->  Seq Scan on title t  (cost=0.00..67604.59 rows=67596 width=4) (actual time=0.015..919.075 rows=67777 loops=1)
                          Filter: (production_year = 2003)
                          Rows Removed by Filter: 2460535
Planning time: 1.195 ms
Execution time: 21863.019 ms
