Nested Loop  (cost=0.43..83071.67 rows=246 width=0) (actual time=120.966..1217.786 rows=3 loops=1)
  ->  Seq Scan on movie_keyword mk  (cost=0.00..81003.12 rows=246 width=4) (actual time=120.867..1217.618 rows=3 loops=1)
        Filter: (keyword_id = 63693)
        Rows Removed by Filter: 4523927
  ->  Index Only Scan using title_pkey on title t  (cost=0.43..8.40 rows=1 width=4) (actual time=0.047..0.047 rows=1 loops=3)
        Index Cond: (id = mk.movie_id)
        Heap Fetches: 3
Planning time: 1.529 ms
Execution time: 1217.842 ms
