Seq Scan on movie_keyword mk  (cost=0.00..81003.12 rows=540639 width=0) (actual time=0.016..1291.420 rows=536648 loops=1)
  Filter: (keyword_id > 34232)
  Rows Removed by Filter: 3987282
Planning time: 0.311 ms
Execution time: 1361.373 ms
