Seq Scan on movie_keyword mk  (cost=0.00..81003.12 rows=4016061 width=0) (actual time=0.013..1396.931 rows=4024793 loops=1)
  Filter: (keyword_id < 36137)
  Rows Removed by Filter: 499137
Planning time: 0.333 ms
Execution time: 1900.553 ms
