Seq Scan on movie_keyword mk  (cost=0.00..81003.12 rows=1376354 width=0) (actual time=0.021..1367.586 rows=1384932 loops=1)
  Filter: (keyword_id < 1867)
  Rows Removed by Filter: 3138998
Planning time: 0.312 ms
Execution time: 1542.181 ms
