Hash Join  (cost=102767.86..978803.24 rows=2912628 width=0) (actual time=4229.790..16763.387 rows=936077 loops=1)
  Hash Cond: (ci.movie_id = t.id)
  ->  Seq Scan on cast_info ci  (cost=0.00..796071.18 rows=2912628 width=4) (actual time=2327.873..12653.133 rows=936077 loops=1)
        Filter: ((person_id < 2502258) AND (role_id = 10))
        Rows Removed by Filter: 35308267
  ->  Hash  (cost=61283.27..61283.27 rows=2528527 width=4) (actual time=1900.729..1900.729 rows=2528312 loops=1)
        Buckets: 131072  Batches: 64  Memory Usage: 2415kB
        ->  Seq Scan on title t  (cost=0.00..61283.27 rows=2528527 width=4) (actual time=0.015..1060.330 rows=2528312 loops=1)
Planning time: 0.721 ms
Execution time: 16874.721 ms
