Seq Scan on cast_info ci  (cost=0.00..705507.15 rows=5751395 width=0) (actual time=1354.871..10085.309 rows=5668272 loops=1)
  Filter: (person_id < 548477)
  Rows Removed by Filter: 30576072
Planning time: 0.305 ms
Execution time: 10805.464 ms
