Hash Join  (cost=97310.69..176291.69 rows=721270 width=0) (actual time=2206.102..3709.479 rows=314718 loops=1)
  Hash Cond: (mc.movie_id = t.id)
  ->  Seq Scan on movie_companies mc  (cost=0.00..51404.11 rows=1279517 width=4) (actual time=375.546..916.475 rows=1274246 loops=1)
        Filter: (company_type_id < 2)
        Rows Removed by Filter: 1334883
  ->  Hash  (cost=73925.90..73925.90 rows=1425343 width=4) (actual time=1828.895..1828.895 rows=1478437 loops=1)
        Buckets: 131072  Batches: 32  Memory Usage: 2651kB
        ->  Seq Scan on title t  (cost=0.00..73925.90 rows=1425343 width=4) (actual time=0.023..1369.401 rows=1478437 loops=1)
              Filter: ((production_year > 1933) AND (kind_id = 7))
              Rows Removed by Filter: 1049875
Planning time: 0.690 ms
Execution time: 3747.943 ms
