Hash Join  (cost=196400.36..253186.21 rows=39569 width=0) (actual time=3478.157..4644.160 rows=51856 loops=1)
  Hash Cond: (mc.movie_id = t.id)
  ->  Seq Scan on movie_companies mc  (cost=0.00..51404.11 rows=1329612 width=4) (actual time=0.019..840.511 rows=1334883 loops=1)
        Filter: (company_type_id > 1)
        Rows Removed by Filter: 1274246
  ->  Hash  (cost=195459.76..195459.76 rows=75248 width=8) (actual time=3477.437..3477.437 rows=72496 loops=1)
        Buckets: 131072  Batches: 1  Memory Usage: 3856kB
        ->  Hash Join  (cost=102767.86..195459.76 rows=75248 width=8) (actual time=1775.005..3450.449 rows=72496 loops=1)
              Hash Cond: (mk.movie_id = t.id)
              ->  Seq Scan on movie_keyword mk  (cost=0.00..81003.12 rows=75248 width=4) (actual time=0.050..1237.048 rows=72496 loops=1)
                    Filter: (keyword_id = 335)
                    Rows Removed by Filter: 4451434
              ->  Hash  (cost=61283.27..61283.27 rows=2528527 width=4) (actual time=1770.534..1770.534 rows=2528312 loops=1)
                    Buckets: 131072  Batches: 64  Memory Usage: 2425kB
                    ->  Seq Scan on title t  (cost=0.00..61283.27 rows=2528527 width=4) (actual time=0.018..900.948 rows=2528312 loops=1)
Planning time: 1.087 ms
Execution time: 4651.506 ms
