Hash Join  (cost=74050.79..185662.88 rows=344411 width=0) (actual time=1212.219..3780.725 rows=139205 loops=1)
  Hash Cond: (mk.movie_id = t.id)
  ->  Seq Scan on movie_keyword mk  (cost=0.00..81003.12 rows=2216496 width=4) (actual time=0.034..1556.794 rows=2214150 loops=1)
        Filter: (keyword_id < 4497)
        Rows Removed by Filter: 2309780
  ->  Hash  (cost=67604.59..67604.59 rows=392896 width=4) (actual time=1210.649..1210.649 rows=391666 loops=1)
        Buckets: 131072  Batches: 8  Memory Usage: 2759kB
        ->  Seq Scan on title t  (cost=0.00..67604.59 rows=392896 width=4) (actual time=0.019..1073.193 rows=391666 loops=1)
              Filter: (production_year > 2010)
              Rows Removed by Filter: 2136646
Planning time: 4.925 ms
Execution time: 3799.058 ms
