Seq Scan on movie_companies mc  (cost=0.00..57926.93 rows=50172 width=0) (actual time=129.533..739.086 rows=99176 loops=1)
  Filter: ((company_id > 158021) AND (company_type_id = 2))
  Rows Removed by Filter: 2509953
Planning time: 0.403 ms
Execution time: 751.356 ms
