Seq Scan on movie_companies mc  (cost=0.00..51404.11 rows=321041 width=0) (actual time=0.024..695.669 rows=326657 loops=1)
  Filter: (company_id > 91353)
  Rows Removed by Filter: 2282472
Planning time: 0.318 ms
Execution time: 734.526 ms
