Nested Loop  (cost=0.43..83072.29 rows=227 width=0) (actual time=8.292..1195.662 rows=594 loops=1)
  ->  Seq Scan on movie_keyword mk  (cost=0.00..81003.12 rows=246 width=4) (actual time=8.223..1158.778 rows=635 loops=1)
        Filter: (keyword_id = 17174)
        Rows Removed by Filter: 4523295
  ->  Index Scan using title_pkey on title t  (cost=0.43..8.40 rows=1 width=4) (actual time=0.056..0.057 rows=1 loops=635)
        Index Cond: (id = mk.movie_id)
        Filter: (production_year > 1936)
        Rows Removed by Filter: 0
Planning time: 1.065 ms
Execution time: 1196.026 ms
