Hash Join  (cost=73962.22..100888.56 rows=1586 width=0) (actual time=1017.380..1559.077 rows=411 loops=1)
  Hash Cond: (mi_idx.movie_id = t.id)
  ->  Seq Scan on movie_info_idx mi_idx  (cost=0.00..21735.35 rows=1380035 width=4) (actual time=0.024..270.507 rows=1380035 loops=1)
  ->  Hash  (cost=73925.90..73925.90 rows=2905 width=4) (actual time=1016.424..1016.424 rows=1799 loops=1)
        Buckets: 4096  Batches: 1  Memory Usage: 96kB
        ->  Seq Scan on title t  (cost=0.00..73925.90 rows=2905 width=4) (actual time=457.368..1015.463 rows=1799 loops=1)
              Filter: ((kind_id < 7) AND (production_year = 1902))
              Rows Removed by Filter: 2526513
Planning time: 0.711 ms
Execution time: 1559.264 ms
