Hash Join  (cost=107183.38..1210685.86 rows=16584732 width=0) (actual time=1922.481..31931.417 rows=17238372 loops=1)
  Hash Cond: (ci.movie_id = t.id)
  ->  Seq Scan on cast_info ci  (cost=0.00..705507.15 rows=17383203 width=4) (actual time=0.020..12825.493 rows=17511235 loops=1)
        Filter: (person_id > 1867036)
        Rows Removed by Filter: 18733109
  ->  Hash  (cost=67604.59..67604.59 rows=2412383 width=4) (actual time=1921.045..1921.045 rows=2404496 loops=1)
        Buckets: 131072  Batches: 32  Memory Usage: 3666kB
        ->  Seq Scan on title t  (cost=0.00..67604.59 rows=2412383 width=4) (actual time=0.011..1186.302 rows=2404496 loops=1)
              Filter: (production_year > 1913)
              Rows Removed by Filter: 123816
Planning time: 0.600 ms
Execution time: 33915.595 ms
