Hash Join  (cost=190957.93..271668.34 rows=410588 width=0) (actual time=4014.911..7885.857 rows=6465718 loops=1)
  Hash Cond: (mc.movie_id = t.id)
  ->  Seq Scan on movie_companies mc  (cost=0.00..44881.29 rows=2609129 width=4) (actual time=0.023..841.459 rows=2609129 loops=1)
  ->  Hash  (cost=184429.13..184429.13 rows=397904 width=8) (actual time=4013.450..4013.450 rows=896594 loops=1)
        Buckets: 131072 (originally 131072)  Batches: 16 (originally 8)  Memory Usage: 3238kB
        ->  Hash Join  (cost=83810.17..184429.13 rows=397904 width=8) (actual time=1485.116..3732.833 rows=896594 loops=1)
              Hash Cond: (mk.movie_id = t.id)
              ->  Seq Scan on movie_keyword mk  (cost=0.00..81003.12 rows=1018612 width=4) (actual time=0.026..1284.980 rows=1023509 loops=1)
                    Filter: (keyword_id < 998)
                    Rows Removed by Filter: 3500421
              ->  Hash  (cost=67604.59..67604.59 rows=987727 width=4) (actual time=1483.838..1483.838 rows=985048 loops=1)
                    Buckets: 131072  Batches: 16  Memory Usage: 3197kB
                    ->  Seq Scan on title t  (cost=0.00..67604.59 rows=987727 width=4) (actual time=0.030..1162.114 rows=985048 loops=1)
                          Filter: (kind_id < 7)
                          Rows Removed by Filter: 1543264
Planning time: 1.096 ms
Execution time: 8626.923 ms
