Hash Join  (cost=284716.96..1728587.22 rows=29904287 width=0) (actual time=6160.819..63620.222 rows=97725629 loops=1)
  Hash Cond: (ci.movie_id = t.id)
  ->  Seq Scan on cast_info ci  (cost=0.00..705507.15 rows=33602249 width=4) (actual time=0.007..16605.200 rows=33660659 loops=1)
        Filter: (person_id > 248746)
        Rows Removed by Filter: 2583685
  ->  Hash  (cost=247797.71..247797.71 rows=2250260 width=8) (actual time=6159.924..6159.924 rows=2253547 loops=1)
        Buckets: 131072  Batches: 32  Memory Usage: 3761kB
        ->  Hash Join  (cost=102767.86..247797.71 rows=2250260 width=8) (actual time=1902.325..5557.165 rows=2253547 loops=1)
              Hash Cond: (mk.movie_id = t.id)
              ->  Seq Scan on movie_keyword mk  (cost=0.00..81003.12 rows=2250260 width=4) (actual time=0.021..1625.096 rows=2253547 loops=1)
                    Filter: (keyword_id < 4653)
                    Rows Removed by Filter: 2270383
              ->  Hash  (cost=61283.27..61283.27 rows=2528527 width=4) (actual time=1900.762..1900.762 rows=2528312 loops=1)
                    Buckets: 131072  Batches: 64  Memory Usage: 2425kB
                    ->  Seq Scan on title t  (cost=0.00..61283.27 rows=2528527 width=4) (actual time=0.025..1045.852 rows=2528312 loops=1)
Planning time: 1.163 ms
Execution time: 74428.350 ms
