Hash Join  (cost=73982.55..964308.14 rows=44835 width=0) (actual time=1094.748..23130.642 rows=146462 loops=1)
  Hash Cond: (ci.movie_id = t.id)
  ->  Seq Scan on cast_info ci  (cost=0.00..796071.18 rows=25014948 width=4) (actual time=0.024..16966.529 rows=24822063 loops=1)
        Filter: ((person_id > 320548) AND (role_id < 6))
        Rows Removed by Filter: 11422281
  ->  Hash  (cost=73925.90..73925.90 rows=4532 width=4) (actual time=1094.501..1094.501 rows=14325 loops=1)
        Buckets: 16384 (originally 8192)  Batches: 1 (originally 1)  Memory Usage: 632kB
        ->  Seq Scan on title t  (cost=0.00..73925.90 rows=4532 width=4) (actual time=0.095..1088.072 rows=14325 loops=1)
              Filter: ((kind_id = 7) AND (production_year = 1991))
              Rows Removed by Filter: 2513987
Planning time: 2.215 ms
Execution time: 23153.833 ms
