Seq Scan on movie_keyword mk  (cost=0.00..81003.12 rows=246 width=0) (actual time=23.294..1305.206 rows=77 loops=1)
  Filter: (keyword_id = 72341)
  Rows Removed by Filter: 4523853
Planning time: 0.366 ms
Execution time: 1305.354 ms
