Hash Join  (cost=263115.61..1145688.16 rows=3229596 width=0) (actual time=6090.491..19641.400 rows=4115437 loops=1)
  Hash Cond: (ci.movie_id = t.id)
  ->  Seq Scan on cast_info ci  (cost=0.00..796071.18 rows=3129826 width=4) (actual time=0.058..11660.805 rows=1055997 loops=1)
        Filter: ((person_id < 1939613) AND (role_id > 8))
        Rows Removed by Filter: 35188347
  ->  Hash  (cost=220309.49..220309.49 rows=2609129 width=8) (actual time=6088.846..6088.846 rows=2609129 loops=1)
        Buckets: 131072  Batches: 64  Memory Usage: 2610kB
        ->  Hash Join  (cost=102767.86..220309.49 rows=2609129 width=8) (actual time=1838.041..5330.029 rows=2609129 loops=1)
              Hash Cond: (mc.movie_id = t.id)
              ->  Seq Scan on movie_companies mc  (cost=0.00..44881.29 rows=2609129 width=4) (actual time=0.020..878.541 rows=2609129 loops=1)
              ->  Hash  (cost=61283.27..61283.27 rows=2528527 width=4) (actual time=1836.976..1836.976 rows=2528312 loops=1)
                    Buckets: 131072  Batches: 64  Memory Usage: 2415kB
                    ->  Seq Scan on title t  (cost=0.00..61283.27 rows=2528527 width=4) (actual time=0.015..1015.317 rows=2528312 loops=1)
Planning time: 1.214 ms
Execution time: 20087.455 ms
