Hash Join  (cost=180570.91..1318895.61 rows=10174654 width=0) (actual time=3841.715..37822.173 rows=17956827 loops=1)
  Hash Cond: (ci.movie_id = t.id)
  ->  Seq Scan on cast_info ci  (cost=0.00..614943.12 rows=36225612 width=4) (actual time=0.016..11981.905 rows=36244344 loops=1)
  ->  Hash  (cost=168918.60..168918.60 rows=710185 width=8) (actual time=3840.616..3840.616 rows=820903 loops=1)
        Buckets: 131072  Batches: 16  Memory Usage: 3029kB
        ->  Hash Join  (cost=89762.59..168918.60 rows=710185 width=8) (actual time=1570.014..3595.636 rows=820903 loops=1)
              Hash Cond: (mc.movie_id = t.id)
              ->  Seq Scan on movie_companies mc  (cost=0.00..51404.11 rows=1329612 width=4) (actual time=0.033..880.198 rows=1334883 loops=1)
                    Filter: (company_type_id = 2)
                    Rows Removed by Filter: 1274246
              ->  Hash  (cost=67604.59..67604.59 rows=1350560 width=4) (actual time=1569.075..1569.075 rows=1348293 loops=1)
                    Buckets: 131072  Batches: 32  Memory Usage: 2505kB
                    ->  Seq Scan on title t  (cost=0.00..67604.59 rows=1350560 width=4) (actual time=0.017..1139.651 rows=1348293 loops=1)
                          Filter: (production_year < 2005)
                          Rows Removed by Filter: 1180019
Planning time: 9.424 ms
Execution time: 39772.229 ms
