Hash Join  (cost=259120.44..446889.38 rows=4101946 width=0) (actual time=6215.461..17067.373 rows=31916816 loops=1)
  Hash Cond: (mk.movie_id = t.id)
  ->  Seq Scan on movie_keyword mk  (cost=0.00..81003.12 rows=4415071 width=4) (actual time=0.018..1684.747 rows=4402019 loops=1)
        Filter: (keyword_id > 115)
        Rows Removed by Filter: 121911
  ->  Hash  (cost=220578.45..220578.45 rows=2349199 width=8) (actual time=6213.970..6213.970 rows=2345978 loops=1)
        Buckets: 131072  Batches: 32  Memory Usage: 3924kB
        ->  Hash Join  (cost=102767.86..220578.45 rows=2349199 width=8) (actual time=2071.916..5504.859 rows=2345978 loops=1)
              Hash Cond: (mc.movie_id = t.id)
              ->  Seq Scan on movie_companies mc  (cost=0.00..51404.11 rows=2349199 width=4) (actual time=0.013..1077.505 rows=2345978 loops=1)
                    Filter: (company_id < 98776)
                    Rows Removed by Filter: 263151
              ->  Hash  (cost=61283.27..61283.27 rows=2528527 width=4) (actual time=2070.771..2070.771 rows=2528312 loops=1)
                    Buckets: 131072  Batches: 64  Memory Usage: 2415kB
                    ->  Seq Scan on title t  (cost=0.00..61283.27 rows=2528527 width=4) (actual time=0.014..954.094 rows=2528312 loops=1)
Planning time: 0.716 ms
Execution time: 20598.631 ms
