Seq Scan on movie_keyword mk  (cost=0.00..81003.12 rows=246 width=0) (actual time=0.786..1222.661 rows=876 loops=1)
  Filter: (keyword_id = 1748)
  Rows Removed by Filter: 4523054
Planning time: 0.346 ms
Execution time: 1223.025 ms
