Seq Scan on cast_info ci  (cost=0.00..796071.18 rows=16523758 width=0) (actual time=3999.524..13179.391 rows=15110650 loops=1)
  Filter: ((person_id > 1500372) AND (role_id < 8))
  Rows Removed by Filter: 21133694
Planning time: 0.326 ms
Execution time: 15050.047 ms
