Hash Join  (cost=173460.72..659772.80 rows=609716 width=0) (actual time=2847.594..18296.614 rows=17303842 loops=1)
  Hash Cond: (mi.movie_id = t.id)
  ->  Seq Scan on movie_info mi  (cost=0.00..309384.22 rows=14739122 width=4) (actual time=0.019..5273.992 rows=14835720 loops=1)
  ->  Hash  (cost=171744.24..171744.24 rows=104598 width=8) (actual time=2846.806..2846.806 rows=186691 loops=1)
        Buckets: 131072 (originally 131072)  Batches: 4 (originally 2)  Memory Usage: 3073kB
        ->  Hash Join  (cost=80135.37..171744.24 rows=104598 width=8) (actual time=1123.986..2782.059 rows=186691 loops=1)
              Hash Cond: (mk.movie_id = t.id)
              ->  Seq Scan on movie_keyword mk  (cost=0.00..81003.12 rows=698872 width=4) (actual time=0.021..1252.966 rows=704059 loops=1)
                    Filter: (keyword_id > 26803)
                    Rows Removed by Filter: 3819871
              ->  Hash  (cost=73925.90..73925.90 rows=378437 width=4) (actual time=1123.187..1123.187 rows=282115 loops=1)
                    Buckets: 131072  Batches: 8  Memory Usage: 2273kB
                    ->  Seq Scan on title t  (cost=0.00..73925.90 rows=378437 width=4) (actual time=0.015..1031.014 rows=282115 loops=1)
                          Filter: ((production_year > 1999) AND (kind_id = 1))
                          Rows Removed by Filter: 2246197
Planning time: 1.091 ms
Execution time: 20406.734 ms
