Hash Join  (cost=114895.04..248816.19 rows=209569 width=0) (actual time=2027.935..5865.659 rows=2386223 loops=1)
  Hash Cond: (mk.movie_id = t.id)
  ->  Seq Scan on movie_keyword mk  (cost=0.00..81003.12 rows=4354225 width=4) (actual time=0.016..1689.729 rows=4358997 loops=1)
        Filter: (keyword_id < 72503)
        Rows Removed by Filter: 164933
  ->  Hash  (cost=112897.81..112897.81 rows=121698 width=8) (actual time=2026.607..2026.607 rows=209880 loops=1)
        Buckets: 131072 (originally 131072)  Batches: 4 (originally 2)  Memory Usage: 3084kB
        ->  Hash Join  (cost=78556.72..112897.81 rows=121698 width=8) (actual time=1091.991..1947.406 rows=209880 loops=1)
              Hash Cond: (mi_idx.movie_id = t.id)
              ->  Seq Scan on movie_info_idx mi_idx  (cost=0.00..25185.44 rows=460978 width=4) (actual time=0.026..438.800 rows=459925 loops=1)
                    Filter: (info_type_id < 100)
                    Rows Removed by Filter: 920110
              ->  Hash  (cost=67604.59..67604.59 rows=667531 width=4) (actual time=1091.185..1091.185 rows=662825 loops=1)
                    Buckets: 131072  Batches: 16  Memory Usage: 2476kB
                    ->  Seq Scan on title t  (cost=0.00..67604.59 rows=667531 width=4) (actual time=82.964..889.825 rows=662825 loops=1)
                          Filter: (kind_id = 1)
                          Rows Removed by Filter: 1865487
Planning time: 1.143 ms
Execution time: 6137.993 ms
