Hash Join  (cost=114169.44..917226.10 rows=30107 width=0) (actual time=11615.508..14702.852 rows=63063 loops=1)
  Hash Cond: (ci.movie_id = t.id)
  ->  Seq Scan on cast_info ci  (cost=0.00..796071.18 rows=1782509 width=4) (actual time=9443.360..11768.145 rows=3581983 loops=1)
        Filter: ((person_id < 480884) AND (role_id < 2))
        Rows Removed by Filter: 32662361
  ->  Hash  (cost=113635.59..113635.59 rows=42708 width=8) (actual time=2171.678..2171.678 rows=21321 loops=1)
        Buckets: 65536  Batches: 1  Memory Usage: 1345kB
        ->  Hash Join  (cost=75210.03..113635.59 rows=42708 width=8) (actual time=1244.315..2164.114 rows=21321 loops=1)
              Hash Cond: (mi_idx.movie_id = t.id)
              ->  Seq Scan on movie_info_idx mi_idx  (cost=0.00..21735.35 rows=1380035 width=4) (actual time=0.419..461.241 rows=1380035 loops=1)
              ->  Hash  (cost=73925.90..73925.90 rows=78250 width=4) (actual time=1242.813..1242.813 rows=85111 loops=1)
                    Buckets: 131072  Batches: 2  Memory Usage: 2520kB
                    ->  Seq Scan on title t  (cost=0.00..73925.90 rows=78250 width=4) (actual time=0.029..1209.705 rows=85111 loops=1)
                          Filter: ((kind_id > 4) AND (production_year = 2009))
                          Rows Removed by Filter: 2443201
Planning time: 2.034 ms
Execution time: 14711.720 ms
