Seq Scan on movie_companies mc  (cost=0.00..57926.93 rows=51 width=0) (actual time=2.332..863.373 rows=450 loops=1)
  Filter: ((company_type_id < 2) AND (company_id = 3094))
  Rows Removed by Filter: 2608679
Planning time: 0.354 ms
Execution time: 863.581 ms
