Seq Scan on movie_keyword mk  (cost=0.00..81003.12 rows=246 width=0) (actual time=0.577..1192.812 rows=1442 loops=1)
  Filter: (keyword_id = 13391)
  Rows Removed by Filter: 4522488
Planning time: 0.236 ms
Execution time: 1193.172 ms
