Hash Join  (cost=83810.17..147686.55 rows=52778 width=0) (actual time=2421.943..3214.676 rows=69978 loops=1)
  Hash Cond: (mc.movie_id = t.id)
  ->  Seq Scan on movie_companies mc  (cost=0.00..57926.93 rows=135109 width=4) (actual time=360.317..848.280 rows=207422 loops=1)
        Filter: ((company_id < 145) AND (company_type_id < 2))
        Rows Removed by Filter: 2401707
  ->  Hash  (cost=67604.59..67604.59 rows=987727 width=4) (actual time=2060.759..2060.759 rows=985048 loops=1)
        Buckets: 131072  Batches: 16  Memory Usage: 3188kB
        ->  Seq Scan on title t  (cost=0.00..67604.59 rows=987727 width=4) (actual time=0.026..1010.067 rows=985048 loops=1)
              Filter: (kind_id < 7)
              Rows Removed by Filter: 1543264
Planning time: 0.740 ms
Execution time: 3224.004 ms
