Seq Scan on movie_keyword mk  (cost=0.00..81003.12 rows=3971232 width=0) (actual time=0.016..1431.245 rows=3973595 loops=1)
  Filter: (keyword_id < 33498)
  Rows Removed by Filter: 550335
Planning time: 0.300 ms
Execution time: 1942.529 ms
