Hash Join  (cost=202741.64..1308383.75 rows=2585198 width=0) (actual time=3755.927..34690.922 rows=8413175 loops=1)
  Hash Cond: (ci.movie_id = t.id)
  ->  Seq Scan on cast_info ci  (cost=0.00..614943.12 rows=36225612 width=4) (actual time=0.026..12008.053 rows=36244344 loops=1)
  ->  Hash  (cost=199781.08..199781.08 rows=180445 width=8) (actual time=3754.812..3754.812 rows=455471 loops=1)
        Buckets: 131072 (originally 131072)  Batches: 8 (originally 4)  Memory Usage: 3243kB
        ->  Hash Join  (cost=75580.59..199781.08 rows=180445 width=8) (actual time=1160.405..3634.053 rows=455471 loops=1)
              Hash Cond: (mk.movie_id = t.id)
              ->  Seq Scan on movie_keyword mk  (cost=0.00..69693.30 rows=4523930 width=4) (actual time=0.030..1145.918 rows=4523930 loops=1)
              ->  Hash  (cost=73925.90..73925.90 rows=100855 width=4) (actual time=1159.465..1159.465 rows=111586 loops=1)
                    Buckets: 131072  Batches: 2  Memory Usage: 2988kB
                    ->  Seq Scan on title t  (cost=0.00..73925.90 rows=100855 width=4) (actual time=0.020..1120.134 rows=111586 loops=1)
                          Filter: ((production_year < 2012) AND (kind_id = 4))
                          Rows Removed by Filter: 2416726
Planning time: 4.162 ms
Execution time: 35688.366 ms
