Hash Join  (cost=67697.55..96341.54 rows=2692 width=0) (actual time=992.820..1569.610 rows=9772 loops=1)
  Hash Cond: (mi_idx.movie_id = t.id)
  ->  Seq Scan on movie_info_idx mi_idx  (cost=0.00..25185.44 rows=915101 width=4) (actual time=0.020..404.689 rows=919850 loops=1)
        Filter: (info_type_id < 101)
        Rows Removed by Filter: 460185
  ->  Hash  (cost=67604.59..67604.59 rows=7437 width=4) (actual time=992.295..992.295 rows=18391 loops=1)
        Buckets: 32768 (originally 8192)  Batches: 1 (originally 1)  Memory Usage: 903kB
        ->  Seq Scan on title t  (cost=0.00..67604.59 rows=7437 width=4) (actual time=0.694..983.160 rows=18391 loops=1)
              Filter: (production_year = 1985)
              Rows Removed by Filter: 2509921
Planning time: 0.533 ms
Execution time: 1571.235 ms
