Seq Scan on movie_keyword mk  (cost=0.00..81003.12 rows=246 width=0) (actual time=16.213..598.777 rows=355 loops=1)
  Filter: (keyword_id = 9647)
  Rows Removed by Filter: 4523575
Planning time: 0.326 ms
Execution time: 598.957 ms
