Hash Join  (cost=99467.55..480713.27 rows=1027913 width=0) (actual time=3552.135..7960.489 rows=460929 loops=1)
  Hash Cond: (mi.movie_id = t.id)
  ->  Seq Scan on movie_info mi  (cost=0.00..346232.03 rows=1338312 width=4) (actual time=1517.396..4799.007 rows=1401902 loops=1)
        Filter: (info_type_id = 7)
        Rows Removed by Filter: 13433818
  ->  Hash  (cost=67604.59..67604.59 rows=1942077 width=4) (actual time=2033.971..2033.971 rows=1932484 loops=1)
        Buckets: 131072  Batches: 32  Memory Usage: 3163kB
        ->  Seq Scan on title t  (cost=0.00..67604.59 rows=1942077 width=4) (actual time=0.040..1077.782 rows=1932484 loops=1)
              Filter: (production_year > 1980)
              Rows Removed by Filter: 595828
Planning time: 0.737 ms
Execution time: 8018.732 ms
