Seq Scan on movie_keyword mk  (cost=0.00..81003.12 rows=4475994 width=0) (actual time=0.025..1466.103 rows=4479548 loops=1)
  Filter: (keyword_id < 102361)
  Rows Removed by Filter: 44382
Planning time: 0.303 ms
Execution time: 2037.976 ms
