Hash Join  (cost=150546.25..245382.82 rows=140929 width=0) (actual time=3124.179..5883.467 rows=557133 loops=1)
  Hash Cond: (mk.movie_id = t.id)
  ->  Seq Scan on movie_keyword mk  (cost=0.00..81003.12 rows=947241 width=4) (actual time=0.018..1490.586 rows=961722 loops=1)
        Filter: (keyword_id > 19762)
        Rows Removed by Filter: 3562208
  ->  Hash  (cost=144373.89..144373.89 rows=376189 width=8) (actual time=3123.172..3123.172 rows=381086 loops=1)
        Buckets: 131072  Batches: 8  Memory Usage: 2899kB
        ->  Hash Join  (cost=101458.67..144373.89 rows=376189 width=8) (actual time=1823.647..3003.034 rows=381086 loops=1)
              Hash Cond: (mi_idx.movie_id = t.id)
              ->  Seq Scan on movie_info_idx mi_idx  (cost=0.00..25185.44 rows=460978 width=4) (actual time=0.021..441.654 rows=459925 loops=1)
                    Filter: (info_type_id < 100)
                    Rows Removed by Filter: 920110
              ->  Hash  (cost=67604.59..67604.59 rows=2063447 width=4) (actual time=1822.426..1822.426 rows=2060346 loops=1)
                    Buckets: 131072  Batches: 32  Memory Usage: 3293kB
                    ->  Seq Scan on title t  (cost=0.00..67604.59 rows=2063447 width=4) (actual time=0.024..1181.547 rows=2060346 loops=1)
                          Filter: (production_year > 1971)
                          Rows Removed by Filter: 467966
Planning time: 1.221 ms
Execution time: 5945.485 ms
