Hash Join  (cost=1321167.39..2776731.04 rows=72454080 width=0) (actual time=28329.031..87044.398 rows=162009099 loops=1)
  Hash Cond: (mi.movie_id = t.id)
  ->  Seq Scan on movie_info mi  (cost=0.00..309384.22 rows=14739122 width=4) (actual time=0.015..5242.746 rows=14835720 loops=1)
  ->  Hash  (cost=1117242.79..1117242.79 rows=12429648 width=8) (actual time=28325.204..28325.204 rows=12353039 loops=1)
        Buckets: 131072  Batches: 256  Memory Usage: 2986kB
        ->  Hash Join  (cost=102767.86..1117242.79 rows=12429648 width=8) (actual time=1761.933..24536.728 rows=12353039 loops=1)
              Hash Cond: (ci.movie_id = t.id)
              ->  Seq Scan on cast_info ci  (cost=0.00..705507.15 rows=12429648 width=4) (actual time=0.019..12269.980 rows=12353039 loops=1)
                    Filter: (person_id < 1217527)
                    Rows Removed by Filter: 23891305
              ->  Hash  (cost=61283.27..61283.27 rows=2528527 width=4) (actual time=1760.795..1760.795 rows=2528312 loops=1)
                    Buckets: 131072  Batches: 64  Memory Usage: 2415kB
                    ->  Seq Scan on title t  (cost=0.00..61283.27 rows=2528527 width=4) (actual time=0.022..911.922 rows=2528312 loops=1)
Planning time: 4.938 ms
Execution time: 104830.950 ms
