Hash Join  (cost=73994.33..884915.31 rows=60507 width=0) (actual time=2179.444..21378.920 rows=158876 loops=1)
  Hash Cond: (ci.movie_id = t.id)
  ->  Seq Scan on cast_info ci  (cost=0.00..705507.15 rows=27949003 width=4) (actual time=930.169..13312.787 rows=28077582 loops=1)
        Filter: (person_id > 798454)
        Rows Removed by Filter: 8166762
  ->  Hash  (cost=73925.90..73925.90 rows=5474 width=4) (actual time=1249.116..1249.116 rows=15001 loops=1)
        Buckets: 16384 (originally 8192)  Batches: 1 (originally 1)  Memory Usage: 656kB
        ->  Seq Scan on title t  (cost=0.00..73925.90 rows=5474 width=4) (actual time=0.039..1239.093 rows=15001 loops=1)
              Filter: ((kind_id > 1) AND (production_year = 1988))
              Rows Removed by Filter: 2513311
Planning time: 2.069 ms
Execution time: 21405.737 ms
