Seq Scan on cast_info ci  (cost=0.00..705507.15 rows=500 width=0) (actual time=338.301..9439.598 rows=62 loops=1)
  Filter: (person_id = 928639)
  Rows Removed by Filter: 36244282
Planning time: 0.358 ms
Execution time: 9439.691 ms
