Hash Join  (cost=102767.86..219130.27 rows=2289003 width=0) (actual time=1763.531..4886.129 rows=2287695 loops=1)
  Hash Cond: (mc.movie_id = t.id)
  ->  Seq Scan on movie_companies mc  (cost=0.00..51404.11 rows=2289003 width=4) (actual time=0.023..1002.373 rows=2287695 loops=1)
        Filter: (company_id < 91464)
        Rows Removed by Filter: 321434
  ->  Hash  (cost=61283.27..61283.27 rows=2528527 width=4) (actual time=1762.188..1762.188 rows=2528312 loops=1)
        Buckets: 131072  Batches: 64  Memory Usage: 2415kB
        ->  Seq Scan on title t  (cost=0.00..61283.27 rows=2528527 width=4) (actual time=0.017..912.205 rows=2528312 loops=1)
Planning time: 0.566 ms
Execution time: 5138.809 ms
