Seq Scan on cast_info ci  (cost=0.00..796071.18 rows=126008 width=0) (actual time=9470.072..11424.402 rows=241668 loops=1)
  Filter: ((person_id > 2049392) AND (role_id = 7))
  Rows Removed by Filter: 36002676
Planning time: 0.392 ms
Execution time: 11455.745 ms
