Hash Join  (cost=448026.41..535005.37 rows=32092 width=0) (actual time=5942.205..7856.411 rows=1162214 loops=1)
  Hash Cond: (mk.movie_id = t.id)
  ->  Seq Scan on movie_keyword mk  (cost=0.00..69693.30 rows=4523930 width=4) (actual time=0.017..887.007 rows=4523930 loops=1)
  ->  Hash  (cost=447802.20..447802.20 rows=17937 width=8) (actual time=5941.962..5941.962 rows=61128 loops=1)
        Buckets: 65536 (originally 32768)  Batches: 1 (originally 1)  Memory Usage: 2900kB
        ->  Nested Loop  (cost=0.43..447802.20 rows=17937 width=8) (actual time=76.976..5909.964 rows=61128 loops=1)
              ->  Seq Scan on movie_info mi  (cost=0.00..346232.03 rows=17937 width=4) (actual time=76.890..4769.627 rows=61128 loops=1)
                    Filter: (info_type_id = 103)
                    Rows Removed by Filter: 14774592
              ->  Index Only Scan using title_pkey on title t  (cost=0.43..5.65 rows=1 width=4) (actual time=0.018..0.018 rows=1 loops=61128)
                    Index Cond: (id = mi.movie_id)
                    Heap Fetches: 61128
Planning time: 1.092 ms
Execution time: 7988.607 ms
