Hash Join  (cost=106498.88..1167925.67 rows=14648101 width=0) (actual time=2224.413..28460.832 rows=15164326 loops=1)
  Hash Cond: (ci.movie_id = t.id)
  ->  Seq Scan on cast_info ci  (cost=0.00..705507.15 rows=15623528 width=4) (actual time=153.514..12534.366 rows=15508912 loops=1)
        Filter: (person_id < 1529456)
        Rows Removed by Filter: 20735432
  ->  Hash  (cost=67604.59..67604.59 rows=2370663 width=4) (actual time=2069.910..2069.910 rows=2366946 loops=1)
        Buckets: 131072  Batches: 32  Memory Usage: 3627kB
        ->  Seq Scan on title t  (cost=0.00..67604.59 rows=2370663 width=4) (actual time=0.025..1303.334 rows=2366946 loops=1)
              Filter: (production_year > 1920)
              Rows Removed by Filter: 161366
Planning time: 0.741 ms
Execution time: 30254.628 ms
