Nested Loop  (cost=0.43..798851.07 rows=332 width=0) (actual time=5647.228..12860.387 rows=202 loops=1)
  ->  Seq Scan on cast_info ci  (cost=0.00..796071.18 rows=332 width=4) (actual time=5647.070..12856.437 rows=202 loops=1)
        Filter: ((role_id < 4) AND (person_id = 1655031))
        Rows Removed by Filter: 36244142
  ->  Index Only Scan using title_pkey on title t  (cost=0.43..8.36 rows=1 width=4) (actual time=0.018..0.019 rows=1 loops=202)
        Index Cond: (id = ci.movie_id)
        Heap Fetches: 202
Planning time: 0.778 ms
Execution time: 12860.527 ms
