Seq Scan on cast_info ci  (cost=0.00..796071.18 rows=2530923 width=0) (actual time=3214.326..11901.262 rows=4634258 loops=1)
  Filter: ((person_id > 2049200) AND (role_id > 8))
  Rows Removed by Filter: 31610086
Planning time: 0.313 ms
Execution time: 12431.402 ms
