Nested Loop  (cost=0.43..83071.67 rows=246 width=0) (actual time=2.503..1219.735 rows=559 loops=1)
  ->  Seq Scan on movie_keyword mk  (cost=0.00..81003.12 rows=246 width=4) (actual time=2.454..1200.382 rows=559 loops=1)
        Filter: (keyword_id = 3325)
        Rows Removed by Filter: 4523371
  ->  Index Only Scan using title_pkey on title t  (cost=0.43..8.40 rows=1 width=4) (actual time=0.033..0.033 rows=1 loops=559)
        Index Cond: (id = mk.movie_id)
        Heap Fetches: 559
Planning time: 0.709 ms
Execution time: 1220.060 ms
