Seq Scan on movie_companies mc  (cost=0.00..51404.11 rows=1603004 width=0) (actual time=0.016..917.344 rows=1593738 loops=1)
  Filter: (company_id < 16191)
  Rows Removed by Filter: 1015391
Planning time: 0.298 ms
Execution time: 1124.535 ms
