Hash Join  (cost=958522.22..1107350.51 rows=2201825 width=0) (actual time=17645.479..22368.210 rows=3211995 loops=1)
  Hash Cond: (mk.movie_id = t.id)
  ->  Seq Scan on movie_keyword mk  (cost=0.00..69693.30 rows=4523930 width=4) (actual time=0.015..1538.187 rows=4523930 loops=1)
  ->  Hash  (cost=938331.10..938331.10 rows=1230650 width=8) (actual time=17643.847..17643.847 rows=878222 loops=1)
        Buckets: 131072  Batches: 32  Memory Usage: 2102kB
        ->  Hash Join  (cost=102767.86..938331.10 rows=1230650 width=8) (actual time=8723.325..17381.194 rows=878222 loops=1)
              Hash Cond: (ci.movie_id = t.id)
              ->  Seq Scan on cast_info ci  (cost=0.00..796071.18 rows=1230650 width=4) (actual time=6696.049..13896.431 rows=878222 loops=1)
                    Filter: ((person_id < 2653232) AND (role_id = 8))
                    Rows Removed by Filter: 35366122
              ->  Hash  (cost=61283.27..61283.27 rows=2528527 width=4) (actual time=2025.976..2025.976 rows=2528312 loops=1)
                    Buckets: 131072  Batches: 64  Memory Usage: 2415kB
                    ->  Seq Scan on title t  (cost=0.00..61283.27 rows=2528527 width=4) (actual time=0.028..1176.324 rows=2528312 loops=1)
Planning time: 1.148 ms
Execution time: 22755.652 ms
