Hash Join  (cost=183085.26..1325799.93 rows=10602050 width=0) (actual time=4357.000..47558.215 rows=43174775 loops=1)
  Hash Cond: (ci.movie_id = t.id)
  ->  Seq Scan on cast_info ci  (cost=0.00..614943.12 rows=36225612 width=4) (actual time=0.014..12115.764 rows=36244344 loops=1)
  ->  Hash  (cost=170944.05..170944.05 rows=740017 width=8) (actual time=4356.182..4356.182 rows=1150139 loops=1)
        Buckets: 131072  Batches: 16  Memory Usage: 3805kB
        ->  Hash Join  (cost=85692.35..170944.05 rows=740017 width=8) (actual time=1670.687..4072.797 rows=1150139 loops=1)
              Hash Cond: (mc.movie_id = t.id)
              ->  Seq Scan on movie_companies mc  (cost=0.00..44881.29 rows=2609129 width=4) (actual time=0.013..864.101 rows=2609129 loops=1)
              ->  Hash  (cost=73925.90..73925.90 rows=717156 width=4) (actual time=1669.575..1669.575 rows=620281 loops=1)
                    Buckets: 131072  Batches: 16  Memory Usage: 2386kB
                    ->  Seq Scan on title t  (cost=0.00..73925.90 rows=717156 width=4) (actual time=0.035..1138.047 rows=620281 loops=1)
                          Filter: ((kind_id < 7) AND (production_year > 1986))
                          Rows Removed by Filter: 1908031
Planning time: 1.120 ms
Execution time: 52134.767 ms
