Seq Scan on cast_info ci  (cost=0.00..796071.18 rows=15189457 width=0) (actual time=4311.678..12005.977 rows=13515288 loops=1)
  Filter: ((person_id > 1785330) AND (role_id < 9))
  Rows Removed by Filter: 22729056
Planning time: 0.321 ms
Execution time: 13592.700 ms
