Seq Scan on cast_info ci  (cost=0.00..796071.18 rows=7943596 width=0) (actual time=117.470..12198.242 rows=3376918 loops=1)
  Filter: ((person_id < 1197019) AND (role_id > 1))
  Rows Removed by Filter: 32867426
Planning time: 0.332 ms
Execution time: 12606.200 ms
