Hash Join  (cost=102767.86..213261.56 rows=815051 width=0) (actual time=2317.128..4961.316 rows=821567 loops=1)
  Hash Cond: (mk.movie_id = t.id)
  ->  Seq Scan on movie_keyword mk  (cost=0.00..81003.12 rows=815051 width=4) (actual time=0.036..1290.475 rows=821567 loops=1)
        Filter: (keyword_id > 22331)
        Rows Removed by Filter: 3702363
  ->  Hash  (cost=61283.27..61283.27 rows=2528527 width=4) (actual time=2316.173..2316.173 rows=2528312 loops=1)
        Buckets: 131072  Batches: 64  Memory Usage: 2425kB
        ->  Seq Scan on title t  (cost=0.00..61283.27 rows=2528527 width=4) (actual time=0.032..1003.502 rows=2528312 loops=1)
Planning time: 0.460 ms
Execution time: 5060.932 ms
