Hash Join  (cost=102767.86..255204.38 rows=2558117 width=0) (actual time=1648.454..6009.250 rows=2548384 loops=1)
  Hash Cond: (mk.movie_id = t.id)
  ->  Seq Scan on movie_keyword mk  (cost=0.00..81003.12 rows=2558117 width=4) (actual time=0.020..1324.795 rows=2548384 loops=1)
        Filter: (keyword_id < 6418)
        Rows Removed by Filter: 1975546
  ->  Hash  (cost=61283.27..61283.27 rows=2528527 width=4) (actual time=1647.128..1647.128 rows=2528312 loops=1)
        Buckets: 131072  Batches: 64  Memory Usage: 2425kB
        ->  Seq Scan on title t  (cost=0.00..61283.27 rows=2528527 width=4) (actual time=0.020..843.076 rows=2528312 loops=1)
Planning time: 0.689 ms
Execution time: 6286.542 ms
