Hash Join  (cost=83074.23..137740.84 rows=110 width=0) (actual time=1272.055..2054.610 rows=88 loops=1)
  Hash Cond: (mc.movie_id = t.id)
  ->  Seq Scan on movie_companies mc  (cost=0.00..44881.29 rows=2609129 width=4) (actual time=0.020..468.997 rows=2609129 loops=1)
  ->  Hash  (cost=83072.90..83072.90 rows=106 width=8) (actual time=1156.219..1156.219 rows=60 loops=1)
        Buckets: 1024  Batches: 1  Memory Usage: 11kB
        ->  Nested Loop  (cost=0.43..83072.90 rows=106 width=8) (actual time=378.219..1156.157 rows=60 loops=1)
              ->  Seq Scan on movie_keyword mk  (cost=0.00..81003.12 rows=246 width=4) (actual time=5.577..1130.064 rows=635 loops=1)
                    Filter: (keyword_id = 17174)
                    Rows Removed by Filter: 4523295
              ->  Index Scan using title_pkey on title t  (cost=0.43..8.40 rows=1 width=4) (actual time=0.040..0.040 rows=0 loops=635)
                    Index Cond: (id = mk.movie_id)
                    Filter: ((production_year < 2009) AND (kind_id = 7))
                    Rows Removed by Filter: 1
Planning time: 1.066 ms
Execution time: 2054.779 ms
