Hash Join  (cost=83073.49..109962.06 rows=17 width=0) (actual time=1078.132..1581.508 rows=336 loops=1)
  Hash Cond: (mi_idx.movie_id = t.id)
  ->  Seq Scan on movie_info_idx mi_idx  (cost=0.00..25185.44 rows=454124 width=4) (actual time=0.023..434.851 rows=459925 loops=1)
        Filter: (info_type_id = 100)
        Rows Removed by Filter: 920110
  ->  Hash  (cost=83072.29..83072.29 rows=96 width=8) (actual time=1077.968..1077.968 rows=414 loops=1)
        Buckets: 1024  Batches: 1  Memory Usage: 25kB
        ->  Nested Loop  (cost=0.43..83072.29 rows=96 width=8) (actual time=0.271..1077.660 rows=414 loops=1)
              ->  Seq Scan on movie_keyword mk  (cost=0.00..81003.12 rows=246 width=4) (actual time=0.227..1057.909 rows=432 loops=1)
                    Filter: (keyword_id = 13441)
                    Rows Removed by Filter: 4523498
              ->  Index Scan using title_pkey on title t  (cost=0.43..8.40 rows=1 width=4) (actual time=0.032..0.044 rows=1 loops=432)
                    Index Cond: (id = mk.movie_id)
                    Filter: (kind_id < 7)
                    Rows Removed by Filter: 0
Planning time: 1.589 ms
Execution time: 1581.776 ms
