Hash Join  (cost=127852.01..214540.76 rows=3072 width=0) (actual time=1972.486..3726.351 rows=20493 loops=1)
  Hash Cond: (mk.movie_id = t.id)
  ->  Seq Scan on movie_keyword mk  (cost=0.00..69693.30 rows=4523930 width=4) (actual time=0.015..906.892 rows=4523930 loops=1)
  ->  Hash  (cost=127830.54..127830.54 rows=1717 width=8) (actual time=1972.251..1972.251 rows=5610 loops=1)
        Buckets: 8192 (originally 2048)  Batches: 1 (originally 1)  Memory Usage: 284kB
        ->  Hash Join  (cost=67697.55..127830.54 rows=1717 width=8) (actual time=1151.669..1969.889 rows=5610 loops=1)
              Hash Cond: (mc.movie_id = t.id)
              ->  Seq Scan on movie_companies mc  (cost=0.00..57926.93 rows=583704 width=4) (actual time=285.182..934.481 rows=868681 loops=1)
                    Filter: ((company_id > 13051) AND (company_type_id = 2))
                    Rows Removed by Filter: 1740448
              ->  Hash  (cost=67604.59..67604.59 rows=7437 width=4) (actual time=866.334..866.334 rows=11073 loops=1)
                    Buckets: 16384 (originally 8192)  Batches: 1 (originally 1)  Memory Usage: 518kB
                    ->  Seq Scan on title t  (cost=0.00..67604.59 rows=7437 width=4) (actual time=0.030..861.019 rows=11073 loops=1)
                          Filter: (production_year = 1961)
                          Rows Removed by Filter: 2517239
Planning time: 1.155 ms
Execution time: 3729.437 ms
