Hash Join  (cost=194918.03..582261.40 rows=426162 width=0) (actual time=5948.864..9752.582 rows=267151 loops=1)
  Hash Cond: (mi.movie_id = t.id)
  ->  Seq Scan on movie_info mi  (cost=0.00..346232.03 rows=3068194 width=4) (actual time=2473.107..4871.954 rows=3036719 loops=1)
        Filter: (info_type_id = 16)
        Rows Removed by Filter: 11799001
  ->  Hash  (cost=189155.98..189155.98 rows=351204 width=8) (actual time=3474.314..3474.314 rows=193100 loops=1)
        Buckets: 131072  Batches: 8  Memory Usage: 1982kB
        ->  Hash Join  (cost=90547.80..189155.98 rows=351204 width=8) (actual time=1485.697..3416.813 rows=193100 loops=1)
              Hash Cond: (mk.movie_id = t.id)
              ->  Seq Scan on movie_keyword mk  (cost=0.00..81003.12 rows=876536 width=4) (actual time=0.036..1313.873 rows=885516 loops=1)
                    Filter: (keyword_id < 836)
                    Rows Removed by Filter: 3638414
              ->  Hash  (cost=73925.90..73925.90 rows=1013112 width=4) (actual time=1484.239..1484.239 rows=946533 loops=1)
                    Buckets: 131072  Batches: 16  Memory Usage: 3114kB
                    ->  Seq Scan on title t  (cost=0.00..73925.90 rows=1013112 width=4) (actual time=0.021..1175.702 rows=946533 loops=1)
                          Filter: ((kind_id > 2) AND (production_year < 2006))
                          Rows Removed by Filter: 1581779
Planning time: 1.186 ms
Execution time: 9786.788 ms
