Hash Join  (cost=77014.96..538358.03 rows=691877 width=0) (actual time=1520.110..13867.387 rows=2483466 loops=1)
  Hash Cond: (mi.movie_id = t.id)
  ->  Seq Scan on movie_info mi  (cost=0.00..346232.03 rows=9293409 width=4) (actual time=51.992..6607.714 rows=9425200 loops=1)
        Filter: (info_type_id > 5)
        Rows Removed by Filter: 5410520
  ->  Hash  (cost=73925.90..73925.90 rows=188244 width=4) (actual time=1287.502..1287.502 rows=321026 loops=1)
        Buckets: 131072  Batches: 4  Memory Usage: 3853kB
        ->  Seq Scan on title t  (cost=0.00..73925.90 rows=188244 width=4) (actual time=315.255..1194.817 rows=321026 loops=1)
              Filter: ((production_year < 1991) AND (kind_id = 1))
              Rows Removed by Filter: 2207286
Planning time: 0.795 ms
Execution time: 14188.624 ms
