Seq Scan on movie_keyword mk  (cost=0.00..81003.12 rows=4176728 width=0) (actual time=0.025..1389.188 rows=4161876 loops=1)
  Filter: (keyword_id > 331)
  Rows Removed by Filter: 362054
Planning time: 0.286 ms
Execution time: 1907.194 ms
