Hash Join  (cost=102767.86..213378.86 rows=2050024 width=0) (actual time=2003.407..5044.945 rows=2044817 loops=1)
  Hash Cond: (mc.movie_id = t.id)
  ->  Seq Scan on movie_companies mc  (cost=0.00..51404.11 rows=2050024 width=4) (actual time=0.017..995.921 rows=2044817 loops=1)
        Filter: (company_id < 71545)
        Rows Removed by Filter: 564312
  ->  Hash  (cost=61283.27..61283.27 rows=2528527 width=4) (actual time=2002.089..2002.089 rows=2528312 loops=1)
        Buckets: 131072  Batches: 64  Memory Usage: 2415kB
        ->  Seq Scan on title t  (cost=0.00..61283.27 rows=2528527 width=4) (actual time=0.020..918.497 rows=2528312 loops=1)
Planning time: 0.550 ms
Execution time: 5297.512 ms
