Hash Join  (cost=234427.15..1006474.33 rows=2197111 width=0) (actual time=7206.211..18869.318 rows=2395873 loops=1)
  Hash Cond: (ci.movie_id = t.id)
  ->  Seq Scan on cast_info ci  (cost=0.00..705507.15 rows=2892985 width=4) (actual time=1779.763..10819.243 rows=2841667 loops=1)
        Filter: (person_id < 274631)
        Rows Removed by Filter: 33402677
  ->  Hash  (cost=202921.16..202921.16 rows=1920319 width=8) (actual time=5399.398..5399.398 rows=1301439 loops=1)
        Buckets: 131072  Batches: 32  Memory Usage: 2584kB
        ->  Hash Join  (cost=98137.04..202921.16 rows=1920319 width=8) (actual time=1849.023..5003.661 rows=1301439 loops=1)
              Hash Cond: (mc.movie_id = t.id)
              ->  Seq Scan on movie_companies mc  (cost=0.00..44881.29 rows=2609129 width=4) (actual time=0.054..840.129 rows=2609129 loops=1)
              ->  Hash  (cost=67604.59..67604.59 rows=1860996 width=4) (actual time=1847.746..1847.746 rows=1865487 loops=1)
                    Buckets: 131072  Batches: 32  Memory Usage: 3079kB
                    ->  Seq Scan on title t  (cost=0.00..67604.59 rows=1860996 width=4) (actual time=0.026..1252.396 rows=1865487 loops=1)
                          Filter: (kind_id > 1)
                          Rows Removed by Filter: 662825
Planning time: 1.139 ms
Execution time: 19118.910 ms
