Seq Scan on movie_companies mc  (cost=0.00..57926.93 rows=1137541 width=0) (actual time=0.023..1056.057 rows=1274246 loops=1)
  Filter: ((company_id < 94756) AND (company_type_id = 1))
  Rows Removed by Filter: 1334883
Planning time: 0.339 ms
Execution time: 1219.536 ms
