Hash Join  (cost=85684.58..196152.45 rows=524953 width=0) (actual time=1539.024..4652.431 rows=247535 loops=1)
  Hash Cond: (mk.movie_id = t.id)
  ->  Seq Scan on movie_keyword mk  (cost=0.00..81003.12 rows=1852057 width=4) (actual time=0.009..1494.310 rows=1857184 loops=1)
        Filter: (keyword_id > 7441)
        Rows Removed by Filter: 2666746
  ->  Hash  (cost=73925.90..73925.90 rows=716694 width=4) (actual time=1536.852..1536.852 rows=604570 loops=1)
        Buckets: 131072  Batches: 16  Memory Usage: 2362kB
        ->  Seq Scan on title t  (cost=0.00..73925.90 rows=716694 width=4) (actual time=0.030..1332.219 rows=604570 loops=1)
              Filter: ((kind_id > 1) AND (production_year < 1999))
              Rows Removed by Filter: 1923742
Planning time: 0.709 ms
Execution time: 4684.252 ms
