Hash Join  (cost=204477.85..250015.80 rows=457247 width=0) (actual time=3536.942..4798.780 rows=645161 loops=1)
  Hash Cond: (mi_idx.movie_id = t.id)
  ->  Seq Scan on movie_info_idx mi_idx  (cost=0.00..21735.35 rows=1380035 width=4) (actual time=0.009..413.254 rows=1380035 loops=1)
  ->  Hash  (cost=190732.65..190732.65 rows=837776 width=8) (actual time=3535.979..3535.979 rows=527104 loops=1)
        Buckets: 131072  Batches: 16  Memory Usage: 2300kB
        ->  Hash Join  (cost=102767.86..190732.65 rows=837776 width=8) (actual time=1977.327..3389.650 rows=527104 loops=1)
              Hash Cond: (mc.movie_id = t.id)
              ->  Seq Scan on movie_companies mc  (cost=0.00..57926.93 rows=837776 width=4) (actual time=321.599..970.335 rows=527104 loops=1)
                    Filter: ((company_id < 17510) AND (company_type_id = 2))
                    Rows Removed by Filter: 2082025
              ->  Hash  (cost=61283.27..61283.27 rows=2528527 width=4) (actual time=1654.581..1654.581 rows=2528312 loops=1)
                    Buckets: 131072  Batches: 64  Memory Usage: 2415kB
                    ->  Seq Scan on title t  (cost=0.00..61283.27 rows=2528527 width=4) (actual time=0.019..849.461 rows=2528312 loops=1)
Planning time: 0.748 ms
Execution time: 4874.335 ms
