Hash Join  (cost=124878.63..490648.03 rows=111348 width=0) (actual time=2210.080..9544.241 rows=295739 loops=1)
  Hash Cond: (mi.movie_id = t.id)
  ->  Seq Scan on movie_info mi  (cost=0.00..309384.22 rows=14739122 width=4) (actual time=0.027..3863.301 rows=14835720 loops=1)
  ->  Hash  (cost=124639.85..124639.85 rows=19102 width=8) (actual time=2209.601..2209.601 rows=17466 loops=1)
        Buckets: 32768  Batches: 1  Memory Usage: 939kB
        ->  Hash Join  (cost=68058.67..124639.85 rows=19102 width=8) (actual time=1217.932..2202.800 rows=17466 loops=1)
              Hash Cond: (mc.movie_id = t.id)
              ->  Seq Scan on movie_companies mc  (cost=0.00..51404.11 rows=1329612 width=4) (actual time=167.701..865.291 rows=1334883 loops=1)
                    Filter: (company_type_id > 1)
                    Rows Removed by Filter: 1274246
              ->  Hash  (cost=67604.59..67604.59 rows=36327 width=4) (actual time=1048.919..1048.919 rows=36509 loops=1)
                    Buckets: 65536  Batches: 1  Memory Usage: 1796kB
                    ->  Seq Scan on title t  (cost=0.00..67604.59 rows=36327 width=4) (actual time=5.473..1033.379 rows=36509 loops=1)
                          Filter: (production_year = 1996)
                          Rows Removed by Filter: 2491803
Planning time: 1.163 ms
Execution time: 9586.979 ms
