Seq Scan on title t  (cost=0.00..73925.90 rows=49584 width=0) (actual time=0.546..1112.503 rows=38752 loops=1)
  Filter: ((kind_id < 7) AND (production_year = 2008))
  Rows Removed by Filter: 2489560
Planning time: 0.281 ms
Execution time: 1118.654 ms
