Hash Join  (cost=263115.61..1195153.26 rows=5323092 width=0) (actual time=12019.680..29747.655 rows=13351715 loops=1)
  Hash Cond: (ci.movie_id = t.id)
  ->  Seq Scan on cast_info ci  (cost=0.00..796071.18 rows=5158649 width=4) (actual time=5460.286..13369.005 rows=7450274 loops=1)
        Filter: ((person_id > 1025831) AND (role_id = 2))
        Rows Removed by Filter: 28794070
  ->  Hash  (cost=220309.49..220309.49 rows=2609129 width=8) (actual time=6558.033..6558.033 rows=2609129 loops=1)
        Buckets: 131072  Batches: 64  Memory Usage: 2610kB
        ->  Hash Join  (cost=102767.86..220309.49 rows=2609129 width=8) (actual time=1706.373..5740.021 rows=2609129 loops=1)
              Hash Cond: (mc.movie_id = t.id)
              ->  Seq Scan on movie_companies mc  (cost=0.00..44881.29 rows=2609129 width=4) (actual time=0.028..837.678 rows=2609129 loops=1)
              ->  Hash  (cost=61283.27..61283.27 rows=2528527 width=4) (actual time=1704.940..1704.940 rows=2528312 loops=1)
                    Buckets: 131072  Batches: 64  Memory Usage: 2415kB
                    ->  Seq Scan on title t  (cost=0.00..61283.27 rows=2528527 width=4) (actual time=0.022..874.527 rows=2528312 loops=1)
Planning time: 1.127 ms
Execution time: 31348.770 ms
