Hash Join  (cost=352600.24..1306409.54 rows=12027027 width=0) (actual time=12264.628..34161.468 rows=34790097 loops=1)
  Hash Cond: (ci.movie_id = t.id)
  ->  Seq Scan on cast_info ci  (cost=0.00..705507.15 rows=7298253 width=4) (actual time=4017.111..13228.126 rows=7451973 loops=1)
        Filter: (role_id = 2)
        Rows Removed by Filter: 28792371
  ->  Hash  (cost=284237.72..284237.72 rows=4166841 width=8) (actual time=8246.371..8246.371 rows=4264560 loops=1)
        Buckets: 131072  Batches: 64  Memory Usage: 3640kB
        ->  Hash Join  (cost=105814.36..284237.72 rows=4166841 width=8) (actual time=1934.628..6945.836 rows=4264560 loops=1)
              Hash Cond: (mk.movie_id = t.id)
              ->  Seq Scan on movie_keyword mk  (cost=0.00..69693.30 rows=4523930 width=4) (actual time=0.019..1283.930 rows=4523930 loops=1)
              ->  Hash  (cost=67604.59..67604.59 rows=2328942 width=4) (actual time=1933.347..1933.347 rows=2323095 loops=1)
                    Buckets: 131072  Batches: 32  Memory Usage: 3589kB
                    ->  Seq Scan on title t  (cost=0.00..67604.59 rows=2328942 width=4) (actual time=0.009..1172.231 rows=2323095 loops=1)
                          Filter: (production_year > 1936)
                          Rows Removed by Filter: 205217
Planning time: 1.129 ms
Execution time: 38021.824 ms
