Hash Join  (cost=709677.28..1074352.44 rows=1924 width=0) (actual time=10078.860..16762.523 rows=1551 loops=1)
  Hash Cond: (mi.movie_id = t.id)
  ->  Seq Scan on movie_info mi  (cost=0.00..309384.22 rows=14739122 width=4) (actual time=0.019..3899.574 rows=14835720 loops=1)
  ->  Hash  (cost=709673.15..709673.15 rows=330 width=8) (actual time=9962.921..9962.921 rows=1088 loops=1)
        Buckets: 2048 (originally 1024)  Batches: 1 (originally 1)  Memory Usage: 59kB
        ->  Nested Loop  (cost=0.43..709673.15 rows=330 width=8) (actual time=2317.758..9962.369 rows=1088 loops=1)
              ->  Seq Scan on cast_info ci  (cost=0.00..705507.15 rows=500 width=4) (actual time=2317.515..9926.116 rows=1110 loops=1)
                    Filter: (person_id = 930993)
                    Rows Removed by Filter: 36243234
              ->  Index Scan using title_pkey on title t  (cost=0.43..8.32 rows=1 width=4) (actual time=0.032..0.032 rows=1 loops=1110)
                    Index Cond: (id = ci.movie_id)
                    Filter: (kind_id > 3)
                    Rows Removed by Filter: 0
Planning time: 1.174 ms
Execution time: 16762.941 ms
