Seq Scan on cast_info ci  (cost=0.00..796071.18 rows=946515 width=0) (actual time=783.226..9887.876 rows=1185 loops=1)
  Filter: ((person_id < 444167) AND (role_id = 2))
  Rows Removed by Filter: 36243159
Planning time: 3.452 ms
Execution time: 9888.193 ms
