Seq Scan on movie_keyword mk  (cost=0.00..81003.12 rows=246 width=0) (actual time=13.119..1198.688 rows=8 loops=1)
  Filter: (keyword_id = 3527)
  Rows Removed by Filter: 4523922
Planning time: 0.358 ms
Execution time: 1198.778 ms
