Seq Scan on title t  (cost=0.00..73925.90 rows=4906 width=0) (actual time=242.963..1194.357 rows=1196 loops=1)
  Filter: ((kind_id > 3) AND (production_year = 1949))
  Rows Removed by Filter: 2527116
Planning time: 0.356 ms
Execution time: 1194.832 ms
