Hash Join  (cost=102767.86..182028.23 rows=747093 width=0) (actual time=1760.643..3536.587 rows=751739 loops=1)
  Hash Cond: (mc.movie_id = t.id)
  ->  Seq Scan on movie_companies mc  (cost=0.00..51404.11 rows=747093 width=4) (actual time=33.511..869.941 rows=751739 loops=1)
        Filter: (company_id > 36749)
        Rows Removed by Filter: 1857390
  ->  Hash  (cost=61283.27..61283.27 rows=2528527 width=4) (actual time=1724.963..1724.963 rows=2528312 loops=1)
        Buckets: 131072  Batches: 64  Memory Usage: 2415kB
        ->  Seq Scan on title t  (cost=0.00..61283.27 rows=2528527 width=4) (actual time=0.022..883.195 rows=2528312 loops=1)
Planning time: 0.732 ms
Execution time: 3617.804 ms
