Seq Scan on movie_companies mc  (cost=0.00..51404.11 rows=3131 width=0) (actual time=3.121..761.332 rows=3009 loops=1)
  Filter: (company_id = 1402)
  Rows Removed by Filter: 2606120
Planning time: 4.993 ms
Execution time: 762.028 ms
