Hash Join  (cost=89678.24..892905.58 rows=84180 width=0) (actual time=12297.257..14138.746 rows=38090 loops=1)
  Hash Cond: (ci.movie_id = t.id)
  ->  Seq Scan on cast_info ci  (cost=0.00..796071.18 rows=221695 width=4) (actual time=10874.738..12497.771 rows=79379 loops=1)
        Filter: ((person_id < 2329008) AND (role_id > 10))
        Rows Removed by Filter: 36164965
  ->  Hash  (cost=73925.90..73925.90 rows=960107 width=4) (actual time=1421.511..1421.511 rows=977778 loops=1)
        Buckets: 131072  Batches: 16  Memory Usage: 3172kB
        ->  Seq Scan on title t  (cost=0.00..73925.90 rows=960107 width=4) (actual time=0.042..1129.972 rows=977778 loops=1)
              Filter: ((kind_id < 7) AND (production_year > 0))
              Rows Removed by Filter: 1550534
Planning time: 0.560 ms
Execution time: 14143.674 ms
