Hash Join  (cost=192606.62..232432.61 rows=124351 width=0) (actual time=3604.983..4626.682 rows=425705 loops=1)
  Hash Cond: (mi_idx.movie_id = t.id)
  ->  Seq Scan on movie_info_idx mi_idx  (cost=0.00..21735.35 rows=1380035 width=4) (actual time=0.013..411.020 rows=1380035 loops=1)
  ->  Hash  (cost=188868.64..188868.64 rows=227839 width=8) (actual time=3603.958..3603.958 rows=191477 loops=1)
        Buckets: 131072  Batches: 4  Memory Usage: 2892kB
        ->  Hash Join  (cost=94666.80..188868.64 rows=227839 width=8) (actual time=1770.770..3544.654 rows=191477 loops=1)
              Hash Cond: (mk.movie_id = t.id)
              ->  Seq Scan on movie_keyword mk  (cost=0.00..81003.12 rows=349264 width=4) (actual time=0.033..1254.365 rows=363692 loops=1)
                    Filter: (keyword_id < 335)
                    Rows Removed by Filter: 4160238
              ->  Hash  (cost=67604.59..67604.59 rows=1649457 width=4) (actual time=1769.743..1769.743 rows=1643514 loops=1)
                    Buckets: 131072  Batches: 32  Memory Usage: 2839kB
                    ->  Seq Scan on title t  (cost=0.00..67604.59 rows=1649457 width=4) (actual time=0.019..1221.523 rows=1643514 loops=1)
                          Filter: (production_year > 1994)
                          Rows Removed by Filter: 884798
Planning time: 1.105 ms
Execution time: 4673.241 ms
