Hash Join  (cost=87146.10..155442.40 rows=155983 width=0) (actual time=1623.437..2581.644 rows=60306 loops=1)
  Hash Cond: (mc.movie_id = t.id)
  ->  Seq Scan on movie_companies mc  (cost=0.00..57926.93 rows=489475 width=4) (actual time=186.114..855.398 rows=285033 loops=1)
        Filter: ((company_id < 3929) AND (company_type_id = 2))
        Rows Removed by Filter: 2324096
  ->  Hash  (cost=73925.90..73925.90 rows=805776 width=4) (actual time=1436.146..1436.146 rows=881945 loops=1)
        Buckets: 131072  Batches: 16  Memory Usage: 2970kB
        ->  Seq Scan on title t  (cost=0.00..73925.90 rows=805776 width=4) (actual time=0.019..1161.771 rows=881945 loops=1)
              Filter: ((production_year > 2001) AND (kind_id = 7))
              Rows Removed by Filter: 1646367
Planning time: 0.507 ms
Execution time: 2589.061 ms
