Hash Join  (cost=774843.82..2598446.50 rows=65948231 width=0) (actual time=18972.576..56464.273 rows=51993215 loops=1)
  Hash Cond: (ci.movie_id = t.id)
  ->  Seq Scan on cast_info ci  (cost=0.00..705507.15 rows=22542514 width=4) (actual time=1059.695..13546.270 rows=22590000 loops=1)
        Filter: (person_id > 1344285)
        Rows Removed by Filter: 13654344
  ->  Hash  (cost=653482.60..653482.60 rows=7397217 width=8) (actual time=17910.359..17910.359 rows=3593473 loops=1)
        Buckets: 131072  Batches: 128  Memory Usage: 2087kB
        ->  Hash Join  (cost=94746.51..653482.60 rows=7397217 width=8) (actual time=2249.342..16870.390 rows=3593473 loops=1)
              Hash Cond: (mi.movie_id = t.id)
              ->  Seq Scan on movie_info mi  (cost=0.00..309384.22 rows=14739122 width=4) (actual time=0.043..5587.172 rows=14835720 loops=1)
              ->  Hash  (cost=73925.90..73925.90 rows=1269008 width=4) (actual time=2247.931..2247.931 rows=1233025 loops=1)
                    Buckets: 131072  Batches: 32  Memory Usage: 2381kB
                    ->  Seq Scan on title t  (cost=0.00..73925.90 rows=1269008 width=4) (actual time=0.027..1174.077 rows=1233025 loops=1)
                          Filter: ((kind_id > 4) AND (production_year < 2011))
                          Rows Removed by Filter: 1295287
Planning time: 1.175 ms
Execution time: 62204.446 ms
