Hash Join  (cost=131047.25..260358.46 rows=599918 width=0) (actual time=2831.506..6973.139 rows=3631524 loops=1)
  Hash Cond: (mk.movie_id = t.id)
  ->  Seq Scan on movie_keyword mk  (cost=0.00..69693.30 rows=4523930 width=4) (actual time=0.015..1330.500 rows=4523930 loops=1)
  ->  Hash  (cost=125545.90..125545.90 rows=335308 width=8) (actual time=2830.682..2830.682 rows=413944 loops=1)
        Buckets: 131072  Batches: 8  Memory Usage: 3061kB
        ->  Hash Join  (cost=82805.75..125545.90 rows=335308 width=8) (actual time=1326.659..2703.354 rows=413944 loops=1)
              Hash Cond: (mi_idx.movie_id = t.id)
              ->  Seq Scan on movie_info_idx mi_idx  (cost=0.00..25185.44 rows=915101 width=4) (actual time=0.024..407.492 rows=919850 loops=1)
                    Filter: (info_type_id < 101)
                    Rows Removed by Filter: 460185
              ->  Hash  (cost=67604.59..67604.59 rows=926493 width=4) (actual time=1325.499..1325.499 rows=924605 loops=1)
                    Buckets: 131072  Batches: 16  Memory Usage: 3056kB
                    ->  Seq Scan on title t  (cost=0.00..67604.59 rows=926493 width=4) (actual time=0.018..1031.782 rows=924605 loops=1)
                          Filter: (production_year < 1998)
                          Rows Removed by Filter: 1603707
Planning time: 1.248 ms
Execution time: 7411.122 ms
