Hash Join  (cost=112401.61..167417.53 rows=35039 width=0) (actual time=1987.913..3113.349 rows=56568 loops=1)
  Hash Cond: (mc.movie_id = t.id)
  ->  Seq Scan on movie_companies mc  (cost=0.00..44881.29 rows=2609129 width=4) (actual time=0.017..517.696 rows=2609129 loops=1)
  ->  Hash  (cost=111977.15..111977.15 rows=33957 width=8) (actual time=1987.232..1987.232 rows=22664 loops=1)
        Buckets: 65536  Batches: 1  Memory Usage: 1398kB
        ->  Hash Join  (cost=75458.68..111977.15 rows=33957 width=8) (actual time=1126.364..1978.723 rows=22664 loops=1)
              Hash Cond: (mi_idx.movie_id = t.id)
              ->  Seq Scan on movie_info_idx mi_idx  (cost=0.00..25185.44 rows=919057 width=4) (actual time=0.015..509.306 rows=920110 loops=1)
                    Filter: (info_type_id > 99)
                    Rows Removed by Filter: 459925
              ->  Hash  (cost=73925.90..73925.90 rows=93422 width=4) (actual time=1125.618..1125.618 rows=100754 loops=1)
                    Buckets: 131072  Batches: 2  Memory Usage: 2802kB
                    ->  Seq Scan on title t  (cost=0.00..73925.90 rows=93422 width=4) (actual time=0.025..1086.956 rows=100754 loops=1)
                          Filter: ((kind_id > 1) AND (production_year = 2008))
                          Rows Removed by Filter: 2427558
Planning time: 1.214 ms
Execution time: 3121.626 ms
