Seq Scan on movie_keyword mk  (cost=0.00..81003.12 rows=574906 width=0) (actual time=0.009..1470.072 rows=572977 loops=1)
  Filter: (keyword_id > 32083)
  Rows Removed by Filter: 3950953
Planning time: 0.228 ms
Execution time: 1548.873 ms
