Hash Join  (cost=1018504.83..3234690.35 rows=90922356 width=0) (actual time=25674.527..86121.745 rows=138866006 loops=1)
  Hash Cond: (ci.movie_id = t.id)
  ->  Seq Scan on cast_info ci  (cost=0.00..796071.18 rows=15597919 width=4) (actual time=0.023..15058.204 rows=11317050 loops=1)
        Filter: ((person_id < 2460624) AND (role_id > 1))
        Rows Removed by Filter: 24927294
  ->  Hash  (cost=776690.81..776690.81 rows=14739122 width=8) (actual time=25668.838..25668.838 rows=14835720 loops=1)
        Buckets: 131072  Batches: 256  Memory Usage: 3268kB
        ->  Hash Join  (cost=102767.86..776690.81 rows=14739122 width=8) (actual time=2597.622..21354.894 rows=14835720 loops=1)
              Hash Cond: (mi.movie_id = t.id)
              ->  Seq Scan on movie_info mi  (cost=0.00..309384.22 rows=14739122 width=4) (actual time=0.013..5968.664 rows=14835720 loops=1)
              ->  Hash  (cost=61283.27..61283.27 rows=2528527 width=4) (actual time=2595.411..2595.411 rows=2528312 loops=1)
                    Buckets: 131072  Batches: 64  Memory Usage: 2425kB
                    ->  Seq Scan on title t  (cost=0.00..61283.27 rows=2528527 width=4) (actual time=0.023..1040.199 rows=2528312 loops=1)
Planning time: 1.174 ms
Execution time: 101357.644 ms
