Hash Join  (cost=125192.68..251476.82 rows=351410 width=0) (actual time=2682.144..6158.665 rows=2058721 loops=1)
  Hash Cond: (mk.movie_id = t.id)
  ->  Seq Scan on movie_keyword mk  (cost=0.00..69693.30 rows=4523930 width=4) (actual time=0.013..1231.868 rows=4523930 loops=1)
  ->  Hash  (cost=121969.54..121969.54 rows=196411 width=8) (actual time=2681.473..2681.473 rows=238551 loops=1)
        Buckets: 131072  Batches: 4  Memory Usage: 3367kB
        ->  Hash Join  (cost=85280.32..121969.54 rows=196411 width=8) (actual time=1671.509..2607.303 rows=238551 loops=1)
              Hash Cond: (mi_idx.movie_id = t.id)
              ->  Seq Scan on movie_info_idx mi_idx  (cost=0.00..25185.44 rows=460978 width=4) (actual time=0.013..446.266 rows=459925 loops=1)
                    Filter: (info_type_id = 99)
                    Rows Removed by Filter: 920110
              ->  Hash  (cost=67604.59..67604.59 rows=1077339 width=4) (actual time=1670.519..1670.519 rows=1074765 loops=1)
                    Buckets: 131072  Batches: 16  Memory Usage: 3388kB
                    ->  Seq Scan on title t  (cost=0.00..67604.59 rows=1077339 width=4) (actual time=0.013..1103.426 rows=1074765 loops=1)
                          Filter: (production_year < 2001)
                          Rows Removed by Filter: 1453547
Planning time: 0.755 ms
Execution time: 6415.849 ms
