Hash Join  (cost=190230.21..1028587.91 rows=1183079 width=0) (actual time=12051.249..20433.856 rows=5587360 loops=1)
  Hash Cond: (ci.movie_id = t.id)
  ->  Seq Scan on cast_info ci  (cost=0.00..796071.18 rows=2167660 width=4) (actual time=7937.104..12956.675 rows=3628893 loops=1)
        Filter: ((person_id > 1775406) AND (role_id = 10))
        Rows Removed by Filter: 32615451
  ->  Hash  (cost=167588.78..167588.78 rows=1380035 width=8) (actual time=4112.949..4112.949 rows=1380035 loops=1)
        Buckets: 131072  Batches: 32  Memory Usage: 2708kB
        ->  Hash Join  (cost=102767.86..167588.78 rows=1380035 width=8) (actual time=1816.625..3725.332 rows=1380035 loops=1)
              Hash Cond: (mi_idx.movie_id = t.id)
              ->  Seq Scan on movie_info_idx mi_idx  (cost=0.00..21735.35 rows=1380035 width=4) (actual time=0.025..459.345 rows=1380035 loops=1)
              ->  Hash  (cost=61283.27..61283.27 rows=2528527 width=4) (actual time=1815.099..1815.099 rows=2528312 loops=1)
                    Buckets: 131072  Batches: 64  Memory Usage: 2415kB
                    ->  Seq Scan on title t  (cost=0.00..61283.27 rows=2528527 width=4) (actual time=0.017..981.026 rows=2528312 loops=1)
Planning time: 1.117 ms
Execution time: 21071.862 ms
