Seq Scan on movie_keyword mk  (cost=0.00..81003.12 rows=2285281 width=0) (actual time=0.023..1462.850 rows=2288195 loops=1)
  Filter: (keyword_id < 4862)
  Rows Removed by Filter: 2235735
Planning time: 0.286 ms
Execution time: 1756.266 ms
