Hash Join  (cost=363456.15..1159513.54 rows=24458876 width=0) (actual time=8015.087..74871.719 rows=216769697 loops=1)
  Hash Cond: (mi.movie_id = t.id)
  ->  Seq Scan on movie_info mi  (cost=0.00..309384.22 rows=14739122 width=4) (actual time=0.024..5431.474 rows=14835720 loops=1)
  ->  Hash  (cost=294615.51..294615.51 rows=4195971 width=8) (actual time=8012.072..8012.072 rows=4197825 loops=1)
        Buckets: 131072  Batches: 64  Memory Usage: 3688kB
        ->  Hash Join  (cost=102767.86..294615.51 rows=4195971 width=8) (actual time=1842.625..6863.094 rows=4197825 loops=1)
              Hash Cond: (mk.movie_id = t.id)
              ->  Seq Scan on movie_keyword mk  (cost=0.00..81003.12 rows=4195971 width=4) (actual time=0.020..1664.219 rows=4197825 loops=1)
                    Filter: (keyword_id < 50406)
                    Rows Removed by Filter: 326105
              ->  Hash  (cost=61283.27..61283.27 rows=2528527 width=4) (actual time=1840.662..1840.662 rows=2528312 loops=1)
                    Buckets: 131072  Batches: 64  Memory Usage: 2425kB
                    ->  Seq Scan on title t  (cost=0.00..61283.27 rows=2528527 width=4) (actual time=0.019..1021.066 rows=2528312 loops=1)
Planning time: 1.097 ms
Execution time: 98538.051 ms
