Hash Join  (cost=100552.07..910979.23 rows=5716824 width=169) (actual time=3373.187..21492.419 rows=2389063 loops=1)
  Hash Cond: (mi.movie_id = t.id)
  ->  Seq Scan on movie_info mi  (cost=0.00..309384.22 rows=14739122 width=75) (actual time=0.020..5410.165 rows=14835720 loops=1)
  ->  Hash  (cost=73925.90..73925.90 rows=980733 width=94) (actual time=3142.820..3142.820 rows=1074493 loops=1)
        Buckets: 32768  Batches: 64  Memory Usage: 2174kB
        ->  Seq Scan on title t  (cost=0.00..73925.90 rows=980733 width=94) (actual time=0.027..1764.040 rows=1074493 loops=1)
              Filter: ((production_year > 1995) AND (kind_id = 7))
              Rows Removed by Filter: 1453819
Planning time: 0.930 ms
Execution time: 21624.016 ms
