Seq Scan on movie_companies mc  (cost=0.00..57926.93 rows=254758 width=0) (actual time=13.272..950.126 rows=502601 loops=1)
  Filter: ((company_id > 74118) AND (company_type_id = 2))
  Rows Removed by Filter: 2106528
Planning time: 0.373 ms
Execution time: 1010.397 ms
