Hash Join  (cost=96390.27..183096.67 rows=4836 width=0) (actual time=1522.628..3235.737 rows=37020 loops=1)
  Hash Cond: (mk.movie_id = t.id)
  ->  Seq Scan on movie_keyword mk  (cost=0.00..69693.30 rows=4523930 width=4) (actual time=0.007..867.896 rows=4523930 loops=1)
  ->  Hash  (cost=96356.48..96356.48 rows=2703 width=8) (actual time=1521.970..1521.970 rows=6211 loops=1)
        Buckets: 8192 (originally 4096)  Batches: 1 (originally 1)  Memory Usage: 307kB
        ->  Hash Join  (cost=67697.55..96356.48 rows=2703 width=8) (actual time=897.064..1519.344 rows=6211 loops=1)
              Hash Cond: (mi_idx.movie_id = t.id)
              ->  Seq Scan on movie_info_idx mi_idx  (cost=0.00..25185.44 rows=919057 width=4) (actual time=0.015..452.265 rows=920110 loops=1)
                    Filter: (info_type_id > 99)
                    Rows Removed by Filter: 459925
              ->  Hash  (cost=67604.59..67604.59 rows=7437 width=4) (actual time=896.664..896.664 rows=13063 loops=1)
                    Buckets: 16384 (originally 8192)  Batches: 1 (originally 1)  Memory Usage: 588kB
                    ->  Seq Scan on title t  (cost=0.00..67604.59 rows=7437 width=4) (actual time=0.050..890.545 rows=13063 loops=1)
                          Filter: (production_year = 1965)
                          Rows Removed by Filter: 2515249
Planning time: 1.179 ms
Execution time: 3241.041 ms
