Hash Join  (cost=100985.51..187751.15 rows=10760 width=0) (actual time=885.863..2760.140 rows=167216 loops=1)
  Hash Cond: (mk.movie_id = t.id)
  ->  Seq Scan on movie_keyword mk  (cost=0.00..69693.30 rows=4523930 width=4) (actual time=0.019..1007.258 rows=4523930 loops=1)
  ->  Hash  (cost=100910.34..100910.34 rows=6014 width=8) (actual time=885.770..885.770 rows=6008 loops=1)
        Buckets: 8192  Batches: 1  Memory Usage: 299kB
        ->  Nested Loop  (cost=0.43..100910.34 rows=6014 width=8) (actual time=0.073..882.648 rows=6008 loops=1)
              ->  Seq Scan on movie_companies mc  (cost=0.00..57926.93 rows=6014 width=4) (actual time=0.032..746.943 rows=6008 loops=1)
                    Filter: ((company_id = 846) AND (company_type_id = 1))
                    Rows Removed by Filter: 2603121
              ->  Index Only Scan using title_pkey on title t  (cost=0.43..7.14 rows=1 width=4) (actual time=0.022..0.022 rows=1 loops=6008)
                    Index Cond: (id = mc.movie_id)
                    Heap Fetches: 6008
Planning time: 1.773 ms
Execution time: 2781.783 ms
