Seq Scan on movie_keyword mk  (cost=0.00..81003.12 rows=1488637 width=0) (actual time=0.024..1283.539 rows=1503766 loops=1)
  Filter: (keyword_id > 10775)
  Rows Removed by Filter: 3020164
Planning time: 0.320 ms
Execution time: 1466.941 ms
