Seq Scan on movie_companies mc  (cost=0.00..51404.11 rows=104 width=0) (actual time=403.501..732.511 rows=185 loops=1)
  Filter: (company_id = 89241)
  Rows Removed by Filter: 2608944
Planning time: 0.340 ms
Execution time: 732.594 ms
