Seq Scan on movie_keyword mk  (cost=0.00..81003.12 rows=2279185 width=0) (actual time=0.025..1311.536 rows=2278784 loops=1)
  Filter: (keyword_id > 4620)
  Rows Removed by Filter: 2245146
Planning time: 0.342 ms
Execution time: 1600.363 ms
