Hash Join  (cost=168019.51..649894.09 rows=3005043 width=0) (actual time=3729.963..14935.383 rows=4279434 loops=1)
  Hash Cond: (mi.movie_id = t.id)
  ->  Seq Scan on movie_info mi  (cost=0.00..346232.03 rows=8841901 width=4) (actual time=0.011..5916.849 rows=8950757 loops=1)
        Filter: (info_type_id > 6)
        Rows Removed by Filter: 5884963
  ->  Hash  (cost=153920.57..153920.57 rows=859355 width=8) (actual time=3729.147..3729.147 rows=705582 loops=1)
        Buckets: 131072  Batches: 16  Memory Usage: 2766kB
        ->  Hash Join  (cost=99758.49..153920.57 rows=859355 width=8) (actual time=1902.167..3513.184 rows=705582 loops=1)
              Hash Cond: (mi_idx.movie_id = t.id)
              ->  Seq Scan on movie_info_idx mi_idx  (cost=0.00..21735.35 rows=1380035 width=4) (actual time=0.022..450.144 rows=1380035 loops=1)
              ->  Hash  (cost=73925.90..73925.90 rows=1574527 width=4) (actual time=1900.514..1900.514 rows=1690206 loops=1)
                    Buckets: 131072  Batches: 32  Memory Usage: 2886kB
                    ->  Seq Scan on title t  (cost=0.00..73925.90 rows=1574527 width=4) (actual time=0.024..1351.631 rows=1690206 loops=1)
                          Filter: ((kind_id > 1) AND (production_year > 1966))
                          Rows Removed by Filter: 838106
Planning time: 1.211 ms
Execution time: 15406.564 ms
