Hash Join  (cost=102767.86..919421.01 rows=444798 width=0) (actual time=7946.321..12975.898 rows=176580 loops=1)
  Hash Cond: (ci.movie_id = t.id)
  ->  Seq Scan on cast_info ci  (cost=0.00..796071.18 rows=444798 width=4) (actual time=6169.012..10613.282 rows=176580 loops=1)
        Filter: ((person_id < 1378598) AND (role_id = 9))
        Rows Removed by Filter: 36067764
  ->  Hash  (cost=61283.27..61283.27 rows=2528527 width=4) (actual time=1775.669..1775.669 rows=2528312 loops=1)
        Buckets: 131072  Batches: 64  Memory Usage: 2415kB
        ->  Seq Scan on title t  (cost=0.00..61283.27 rows=2528527 width=4) (actual time=0.025..922.649 rows=2528312 loops=1)
Planning time: 0.736 ms
Execution time: 12998.548 ms
