Hash Join  (cost=100930.24..162289.00 rows=301 width=0) (actual time=816.958..1896.999 rows=591 loops=1)
  Hash Cond: (mc.movie_id = t.id)
  ->  Seq Scan on movie_companies mc  (cost=0.00..57926.93 rows=914351 width=4) (actual time=0.022..921.158 rows=1222613 loops=1)
        Filter: ((company_id < 37156) AND (company_type_id < 2))
        Rows Removed by Filter: 1386516
  ->  Hash  (cost=100919.82..100919.82 rows=833 width=8) (actual time=816.124..816.124 rows=479 loops=1)
        Buckets: 1024  Batches: 1  Memory Usage: 27kB
        ->  Hash Join  (cost=73982.55..100919.82 rows=833 width=8) (actual time=610.415..815.986 rows=479 loops=1)
              Hash Cond: (mi_idx.movie_id = t.id)
              ->  Seq Scan on movie_info_idx mi_idx  (cost=0.00..25185.44 rows=464934 width=4) (actual time=0.020..166.268 rows=460185 loops=1)
                    Filter: (info_type_id > 100)
                    Rows Removed by Filter: 919850
              ->  Hash  (cost=73925.90..73925.90 rows=4532 width=4) (actual time=607.285..607.285 rows=5845 loops=1)
                    Buckets: 8192  Batches: 1  Memory Usage: 270kB
                    ->  Seq Scan on title t  (cost=0.00..73925.90 rows=4532 width=4) (actual time=0.185..605.396 rows=5845 loops=1)
                          Filter: ((kind_id = 7) AND (production_year = 1957))
                          Rows Removed by Filter: 2522467
Planning time: 1.204 ms
Execution time: 1897.206 ms
