Seq Scan on movie_companies mc  (cost=0.00..57926.93 rows=744374 width=0) (actual time=0.026..994.800 rows=962341 loops=1)
  Filter: ((company_id > 8761) AND (company_type_id = 2))
  Rows Removed by Filter: 1646788
Planning time: 0.355 ms
Execution time: 1126.283 ms
