Hash Join  (cost=190066.81..592713.81 rows=1583825 width=0) (actual time=7312.718..13028.106 rows=3339157 loops=1)
  Hash Cond: (mi.movie_id = t.id)
  ->  Seq Scan on movie_info mi  (cost=0.00..346232.03 rows=3068194 width=4) (actual time=2550.601..5510.191 rows=3036719 loops=1)
        Filter: (info_type_id = 16)
        Rows Removed by Filter: 11799001
  ->  Hash  (cost=168652.25..168652.25 rows=1305245 width=8) (actual time=4760.451..4760.451 rows=1365044 loops=1)
        Buckets: 131072  Batches: 32  Memory Usage: 2709kB
        ->  Hash Join  (cost=106840.27..168652.25 rows=1305245 width=8) (actual time=2266.453..4335.712 rows=1365044 loops=1)
              Hash Cond: (mi_idx.movie_id = t.id)
              ->  Seq Scan on movie_info_idx mi_idx  (cost=0.00..21735.35 rows=1380035 width=4) (actual time=0.032..419.251 rows=1380035 loops=1)
              ->  Hash  (cost=67604.59..67604.59 rows=2391495 width=4) (actual time=2264.992..2264.992 rows=2388876 loops=1)
                    Buckets: 131072  Batches: 32  Memory Usage: 3646kB
                    ->  Seq Scan on title t  (cost=0.00..67604.59 rows=2391495 width=4) (actual time=0.040..1496.381 rows=2388876 loops=1)
                          Filter: (production_year < 2013)
                          Rows Removed by Filter: 139436
Planning time: 1.223 ms
Execution time: 13423.414 ms
