Hash Join  (cost=88359.31..192403.98 rows=546628 width=0) (actual time=1587.563..3888.686 rows=716253 loops=1)
  Hash Cond: (mk.movie_id = t.id)
  ->  Seq Scan on movie_keyword mk  (cost=0.00..81003.12 rows=1092604 width=4) (actual time=0.029..1322.642 rows=1096637 loops=1)
        Filter: (keyword_id < 1123)
        Rows Removed by Filter: 3427293
  ->  Hash  (cost=67604.59..67604.59 rows=1265018 width=4) (actual time=1585.627..1585.627 rows=1263700 loops=1)
        Buckets: 131072  Batches: 32  Memory Usage: 2418kB
        ->  Seq Scan on title t  (cost=0.00..67604.59 rows=1265018 width=4) (actual time=0.018..1156.255 rows=1263700 loops=1)
              Filter: (production_year < 2004)
              Rows Removed by Filter: 1264612
Planning time: 1.566 ms
Execution time: 3982.225 ms
