Nested Loop  (cost=0.43..709671.90 rows=500 width=0) (actual time=495.308..9898.982 rows=22 loops=1)
  ->  Seq Scan on cast_info ci  (cost=0.00..705507.15 rows=500 width=4) (actual time=495.244..9898.357 rows=22 loops=1)
        Filter: (person_id = 193118)
        Rows Removed by Filter: 36244322
  ->  Index Only Scan using title_pkey on title t  (cost=0.43..8.32 rows=1 width=4) (actual time=0.024..0.024 rows=1 loops=22)
        Index Cond: (id = ci.movie_id)
        Heap Fetches: 22
Planning time: 0.792 ms
Execution time: 9899.063 ms
