Hash Join  (cost=476972.45..519377.52 rows=274658 width=0) (actual time=8826.226..10288.877 rows=1611582 loops=1)
  Hash Cond: (mi_idx.movie_id = t.id)
  ->  Seq Scan on movie_info_idx mi_idx  (cost=0.00..21735.35 rows=1380035 width=4) (actual time=0.015..415.313 rows=1380035 loops=1)
  ->  Hash  (cost=468716.04..468716.04 rows=503233 width=8) (actual time=8825.178..8825.178 rows=563876 loops=1)
        Buckets: 131072  Batches: 8  Memory Usage: 3750kB
        ->  Hash Join  (cost=101489.21..468716.04 rows=503233 width=8) (actual time=5439.488..8612.627 rows=563876 loops=1)
              Hash Cond: (mi.movie_id = t.id)
              ->  Seq Scan on movie_info mi  (cost=0.00..346232.03 rows=616095 width=4) (actual time=2802.725..4586.477 rows=598457 loops=1)
                    Filter: (info_type_id = 15)
                    Rows Removed by Filter: 14237263
              ->  Hash  (cost=67604.59..67604.59 rows=2065330 width=4) (actual time=2599.519..2599.519 rows=2064552 loops=1)
                    Buckets: 131072  Batches: 32  Memory Usage: 3298kB
                    ->  Seq Scan on title t  (cost=0.00..67604.59 rows=2065330 width=4) (actual time=0.035..1228.924 rows=2064552 loops=1)
                          Filter: (production_year < 2011)
                          Rows Removed by Filter: 463760
Planning time: 1.560 ms
Execution time: 10484.477 ms
