Hash Join  (cost=167322.81..272261.88 rows=63571 width=0) (actual time=5158.489..6731.188 rows=125540 loops=1)
  Hash Cond: (mk.movie_id = t.id)
  ->  Seq Scan on movie_keyword mk  (cost=0.00..81003.12 rows=1987795 width=4) (actual time=0.021..947.686 rows=1993878 loops=1)
        Filter: (keyword_id > 6284)
        Rows Removed by Filter: 2530052
  ->  Hash  (cost=165996.01..165996.01 rows=80864 width=8) (actual time=5157.708..5157.708 rows=84071 loops=1)
        Buckets: 131072  Batches: 2  Memory Usage: 2668kB
        ->  Hash Join  (cost=102767.86..165996.01 rows=80864 width=8) (actual time=2517.672..5131.511 rows=84071 loops=1)
              Hash Cond: (mc.movie_id = t.id)
              ->  Seq Scan on movie_companies mc  (cost=0.00..51404.11 rows=80864 width=4) (actual time=0.078..731.796 rows=84071 loops=1)
                    Filter: (company_id < 19)
                    Rows Removed by Filter: 2525058
              ->  Hash  (cost=61283.27..61283.27 rows=2528527 width=4) (actual time=2516.481..2516.481 rows=2528312 loops=1)
                    Buckets: 131072  Batches: 64  Memory Usage: 2415kB
                    ->  Seq Scan on title t  (cost=0.00..61283.27 rows=2528527 width=4) (actual time=0.026..894.848 rows=2528312 loops=1)
Planning time: 1.205 ms
Execution time: 6743.949 ms
