Hash Join  (cost=84284.84..853002.90 rows=1078800 width=0) (actual time=4712.997..15800.176 rows=937827 loops=1)
  Hash Cond: (ci.movie_id = t.id)
  ->  Seq Scan on cast_info ci  (cost=0.00..705507.15 rows=4320508 width=4) (actual time=3507.813..12230.672 rows=4323018 loops=1)
        Filter: (role_id = 10)
        Rows Removed by Filter: 31921326
  ->  Hash  (cost=73925.90..73925.90 rows=631355 width=4) (actual time=1204.206..1204.206 rows=634290 loops=1)
        Buckets: 131072  Batches: 16  Memory Usage: 2416kB
        ->  Seq Scan on title t  (cost=0.00..73925.90 rows=631355 width=4) (actual time=0.022..1040.923 rows=634290 loops=1)
              Filter: ((production_year < 2013) AND (kind_id = 1))
              Rows Removed by Filter: 1894022
Planning time: 0.778 ms
Execution time: 15918.668 ms
