Seq Scan on movie_keyword mk  (cost=0.00..81003.12 rows=2969127 width=0) (actual time=0.021..1411.103 rows=2953623 loops=1)
  Filter: (keyword_id < 9981)
  Rows Removed by Filter: 1570307
Planning time: 0.290 ms
Execution time: 1775.072 ms
