Hash Join  (cost=195757.86..1298812.90 rows=2333278 width=0) (actual time=3990.539..30721.840 rows=530452 loops=1)
  Hash Cond: (ci.movie_id = t.id)
  ->  Seq Scan on cast_info ci  (cost=0.00..614943.12 rows=36225612 width=4) (actual time=0.024..11793.032 rows=36244344 loops=1)
  ->  Hash  (cost=193085.08..193085.08 rows=162862 width=8) (actual time=3983.163..3983.163 rows=47064 loops=1)
        Buckets: 131072  Batches: 4  Memory Usage: 1481kB
        ->  Hash Join  (cost=69098.42..193085.08 rows=162862 width=8) (actual time=1002.757..3965.782 rows=47064 loops=1)
              Hash Cond: (mk.movie_id = t.id)
              ->  Seq Scan on movie_keyword mk  (cost=0.00..69693.30 rows=4523930 width=4) (actual time=0.014..1255.792 rows=4523930 loops=1)
              ->  Hash  (cost=67604.59..67604.59 rows=91027 width=4) (actual time=946.100..946.100 rows=89272 loops=1)
                    Buckets: 131072  Batches: 2  Memory Usage: 2599kB
                    ->  Seq Scan on title t  (cost=0.00..67604.59 rows=91027 width=4) (actual time=118.644..913.454 rows=89272 loops=1)
                          Filter: (production_year < 1921)
                          Rows Removed by Filter: 2439040
Planning time: 1.121 ms
Execution time: 30790.871 ms
