Hash Join  (cost=210416.85..1305193.51 rows=5935450 width=0) (actual time=3985.613..37376.428 rows=19758654 loops=1)
  Hash Cond: (ci.movie_id = t.id)
  ->  Seq Scan on cast_info ci  (cost=0.00..614943.12 rows=36225612 width=4) (actual time=0.024..11504.157 rows=36244344 loops=1)
  ->  Hash  (cost=203619.21..203619.21 rows=414291 width=8) (actual time=3984.573..3984.573 rows=407074 loops=1)
        Buckets: 131072  Batches: 8  Memory Usage: 3037kB
        ->  Hash Join  (cost=102767.86..203619.21 rows=414291 width=8) (actual time=1779.131..3853.884 rows=407074 loops=1)
              Hash Cond: (mk.movie_id = t.id)
              ->  Seq Scan on movie_keyword mk  (cost=0.00..81003.12 rows=414291 width=4) (actual time=0.020..1302.726 rows=407074 loops=1)
                    Filter: (keyword_id > 42529)
                    Rows Removed by Filter: 4116856
              ->  Hash  (cost=61283.27..61283.27 rows=2528527 width=4) (actual time=1777.508..1777.508 rows=2528312 loops=1)
                    Buckets: 131072  Batches: 64  Memory Usage: 2425kB
                    ->  Seq Scan on title t  (cost=0.00..61283.27 rows=2528527 width=4) (actual time=0.015..909.063 rows=2528312 loops=1)
Planning time: 1.232 ms
Execution time: 39512.846 ms
