Seq Scan on title t  (cost=0.00..73925.90 rows=881060 width=0) (actual time=0.016..1311.889 rows=795183 loops=1)
  Filter: ((kind_id > 1) AND (production_year < 2003))
  Rows Removed by Filter: 1733129
Planning time: 0.392 ms
Execution time: 1417.973 ms
