Hash Join  (cost=100908.38..470546.16 rows=3907 width=0) (actual time=2655.721..7617.878 rows=1938 loops=1)
  Hash Cond: (mi.movie_id = t.id)
  ->  Seq Scan on movie_info mi  (cost=0.00..346232.03 rows=6231111 width=4) (actual time=302.710..5266.257 rows=6223494 loops=1)
        Filter: (info_type_id > 8)
        Rows Removed by Filter: 8612226
  ->  Hash  (cost=100888.56..100888.56 rows=1586 width=8) (actual time=1446.233..1446.233 rows=615 loops=1)
        Buckets: 2048  Batches: 1  Memory Usage: 41kB
        ->  Hash Join  (cost=73962.22..100888.56 rows=1586 width=8) (actual time=984.136..1445.893 rows=615 loops=1)
              Hash Cond: (mi_idx.movie_id = t.id)
              ->  Seq Scan on movie_info_idx mi_idx  (cost=0.00..21735.35 rows=1380035 width=4) (actual time=0.024..327.575 rows=1380035 loops=1)
              ->  Hash  (cost=73925.90..73925.90 rows=2905 width=4) (actual time=855.608..855.608 rows=2618 loops=1)
                    Buckets: 4096  Batches: 1  Memory Usage: 125kB
                    ->  Seq Scan on title t  (cost=0.00..73925.90 rows=2905 width=4) (actual time=0.292..854.284 rows=2618 loops=1)
                          Filter: ((kind_id < 7) AND (production_year = 1903))
                          Rows Removed by Filter: 2525694
Planning time: 1.179 ms
Execution time: 7618.397 ms
