Hash Join  (cost=510374.62..1392082.40 rows=2446173 width=0) (actual time=15471.051..26940.242 rows=3370903 loops=1)
  Hash Cond: (ci.movie_id = t.id)
  ->  Seq Scan on cast_info ci  (cost=0.00..796071.18 rows=4860763 width=4) (actual time=6459.331..13922.857 rows=5690981 loops=1)
        Filter: ((person_id < 2470379) AND (role_id = 2))
        Rows Removed by Filter: 30553363
  ->  Hash  (cost=489497.65..489497.65 rows=1272478 width=8) (actual time=9010.793..9010.793 rows=1325361 loops=1)
        Buckets: 131072  Batches: 32  Memory Usage: 2635kB
        ->  Hash Join  (cost=102767.86..489497.65 rows=1272478 width=8) (actual time=2838.138..8655.810 rows=1325361 loops=1)
              Hash Cond: (mi.movie_id = t.id)
              ->  Seq Scan on movie_info mi  (cost=0.00..346232.03 rows=1272478 width=4) (actual time=924.960..5309.978 rows=1325361 loops=1)
                    Filter: (info_type_id = 8)
                    Rows Removed by Filter: 13510359
              ->  Hash  (cost=61283.27..61283.27 rows=2528527 width=4) (actual time=1911.858..1911.858 rows=2528312 loops=1)
                    Buckets: 131072  Batches: 64  Memory Usage: 2425kB
                    ->  Seq Scan on title t  (cost=0.00..61283.27 rows=2528527 width=4) (actual time=0.022..1073.944 rows=2528312 loops=1)
Planning time: 1.579 ms
Execution time: 27299.287 ms
