Hash Join  (cost=229451.12..1090420.85 rows=1509755 width=0) (actual time=14294.662..31099.409 rows=36635570 loops=1)
  Hash Cond: (ci.movie_id = t.id)
  ->  Seq Scan on cast_info ci  (cost=0.00..796071.18 rows=3983199 width=4) (actual time=8170.490..13200.124 rows=5916997 loops=1)
        Filter: ((person_id > 1751350) AND (role_id > 6))
        Rows Removed by Filter: 30327347
  ->  Hash  (cost=213727.24..213727.24 rows=958390 width=8) (actual time=6122.890..6122.890 rows=2344253 loops=1)
        Buckets: 131072 (originally 131072)  Batches: 32 (originally 16)  Memory Usage: 3865kB
        ->  Hash Join  (cost=78556.72..213727.24 rows=958390 width=8) (actual time=1202.566..5458.931 rows=2344253 loops=1)
              Hash Cond: (mk.movie_id = t.id)
              ->  Seq Scan on movie_keyword mk  (cost=0.00..81003.12 rows=3630265 width=4) (actual time=0.031..1630.592 rows=3622528 loops=1)
                    Filter: (keyword_id > 851)
                    Rows Removed by Filter: 901402
              ->  Hash  (cost=67604.59..67604.59 rows=667531 width=4) (actual time=1201.654..1201.654 rows=662825 loops=1)
                    Buckets: 131072  Batches: 16  Memory Usage: 2486kB
                    ->  Seq Scan on title t  (cost=0.00..67604.59 rows=667531 width=4) (actual time=0.060..990.219 rows=662825 loops=1)
                          Filter: (kind_id = 1)
                          Rows Removed by Filter: 1865487
Planning time: 1.245 ms
Execution time: 35261.227 ms
