Hash Join  (cost=78556.72..886753.60 rows=176896 width=0) (actual time=1754.155..11830.809 rows=121336 loops=1)
  Hash Cond: (ci.movie_id = t.id)
  ->  Seq Scan on cast_info ci  (cost=0.00..796071.18 rows=670062 width=4) (actual time=604.079..10332.008 rows=399266 loops=1)
        Filter: ((person_id < 142869) AND (role_id > 2))
        Rows Removed by Filter: 35845078
  ->  Hash  (cost=67604.59..67604.59 rows=667531 width=4) (actual time=1149.306..1149.306 rows=662825 loops=1)
        Buckets: 131072  Batches: 16  Memory Usage: 2476kB
        ->  Seq Scan on title t  (cost=0.00..67604.59 rows=667531 width=4) (actual time=182.423..958.022 rows=662825 loops=1)
              Filter: (kind_id = 1)
              Rows Removed by Filter: 1865487
Planning time: 1.029 ms
Execution time: 11846.076 ms
