Hash Join  (cost=414419.24..1248486.57 rows=1157 width=0) (actual time=9174.423..20099.956 rows=270837 loops=1)
  Hash Cond: (ci.movie_id = t.id)
  ->  Seq Scan on cast_info ci  (cost=0.00..796071.18 rows=10129219 width=4) (actual time=4020.989..13526.435 rows=10892856 loops=1)
        Filter: ((person_id > 584706) AND (role_id > 3))
        Rows Removed by Filter: 25351488
  ->  Hash  (cost=414415.63..414415.63 rows=289 width=8) (actual time=5147.567..5147.567 rows=5168 loops=1)
        Buckets: 8192 (originally 1024)  Batches: 1 (originally 1)  Memory Usage: 266kB
        ->  Hash Join  (cost=68113.45..414415.63 rows=289 width=8) (actual time=1729.300..5145.618 rows=5168 loops=1)
              Hash Cond: (mi.movie_id = t.id)
              ->  Seq Scan on movie_info mi  (cost=0.00..346232.03 rows=17937 width=4) (actual time=796.515..4255.719 rows=147487 loops=1)
                    Filter: (info_type_id = 107)
                    Rows Removed by Filter: 14688233
              ->  Hash  (cost=67604.59..67604.59 rows=40709 width=4) (actual time=863.600..863.600 rows=38955 loops=1)
                    Buckets: 65536  Batches: 1  Memory Usage: 1882kB
                    ->  Seq Scan on title t  (cost=0.00..67604.59 rows=40709 width=4) (actual time=0.063..847.658 rows=38955 loops=1)
                          Filter: (production_year = 1997)
                          Rows Removed by Filter: 2489357
Planning time: 1.218 ms
Execution time: 20127.586 ms
