Hash Join  (cost=102767.86..178999.36 rows=621255 width=0) (actual time=1697.864..3447.184 rows=617743 loops=1)
  Hash Cond: (mc.movie_id = t.id)
  ->  Seq Scan on movie_companies mc  (cost=0.00..51404.11 rows=621255 width=4) (actual time=0.025..814.475 rows=617743 loops=1)
        Filter: (company_id < 763)
        Rows Removed by Filter: 1991386
  ->  Hash  (cost=61283.27..61283.27 rows=2528527 width=4) (actual time=1696.038..1696.038 rows=2528312 loops=1)
        Buckets: 131072  Batches: 64  Memory Usage: 2415kB
        ->  Seq Scan on title t  (cost=0.00..61283.27 rows=2528527 width=4) (actual time=0.025..873.446 rows=2528312 loops=1)
Planning time: 0.716 ms
Execution time: 3518.818 ms
