Nested Loop  (cost=0.43..83072.29 rows=150 width=0) (actual time=644.823..1313.320 rows=50 loops=1)
  ->  Seq Scan on movie_keyword mk  (cost=0.00..81003.12 rows=246 width=4) (actual time=0.159..1212.996 rows=4200 loops=1)
        Filter: (keyword_id = 1002)
        Rows Removed by Filter: 4519730
  ->  Index Scan using title_pkey on title t  (cost=0.43..8.40 rows=1 width=4) (actual time=0.023..0.023 rows=0 loops=4200)
        Index Cond: (id = mk.movie_id)
        Filter: (kind_id = 7)
        Rows Removed by Filter: 1
Planning time: 0.761 ms
Execution time: 1313.456 ms
