Hash Join  (cost=160526.42..1020098.62 rows=1345126 width=0) (actual time=10354.901..20651.682 rows=2199579 loops=1)
  Hash Cond: (ci.movie_id = t.id)
  ->  Seq Scan on cast_info ci  (cost=0.00..796071.18 rows=4044471 width=4) (actual time=7078.263..13102.697 rows=7449197 loops=1)
        Filter: ((person_id > 1587144) AND (role_id = 2))
        Rows Removed by Filter: 28795147
  ->  Hash  (cost=146729.58..146729.58 rows=840947 width=8) (actual time=3275.625..3275.625 rows=425718 loops=1)
        Buckets: 131072  Batches: 16  Memory Usage: 2062kB
        ->  Hash Join  (cost=92883.59..146729.58 rows=840947 width=8) (actual time=1714.146..3136.499 rows=425718 loops=1)
              Hash Cond: (mi_idx.movie_id = t.id)
              ->  Seq Scan on movie_info_idx mi_idx  (cost=0.00..21735.35 rows=1380035 width=4) (actual time=0.030..389.310 rows=1380035 loops=1)
              ->  Hash  (cost=67604.59..67604.59 rows=1540800 width=4) (actual time=1712.805..1712.805 rows=1543264 loops=1)
                    Buckets: 131072  Batches: 32  Memory Usage: 2722kB
                    ->  Seq Scan on title t  (cost=0.00..67604.59 rows=1540800 width=4) (actual time=0.023..1201.832 rows=1543264 loops=1)
                          Filter: (kind_id = 7)
                          Rows Removed by Filter: 985048
Planning time: 5.131 ms
Execution time: 20931.430 ms
