Hash Join  (cost=73950.44..100868.13 rows=358 width=0) (actual time=1065.751..1559.849 rows=1069 loops=1)
  Hash Cond: (mi_idx.movie_id = t.id)
  ->  Seq Scan on movie_info_idx mi_idx  (cost=0.00..25185.44 rows=460978 width=4) (actual time=0.028..420.403 rows=459925 loops=1)
        Filter: (info_type_id = 99)
        Rows Removed by Filter: 920110
  ->  Hash  (cost=73925.90..73925.90 rows=1963 width=4) (actual time=1065.415..1065.415 rows=2657 loops=1)
        Buckets: 4096 (originally 2048)  Batches: 1 (originally 1)  Memory Usage: 126kB
        ->  Seq Scan on title t  (cost=0.00..73925.90 rows=1963 width=4) (actual time=302.121..1062.962 rows=2657 loops=1)
              Filter: ((kind_id = 1) AND (production_year = 1952))
              Rows Removed by Filter: 2525655
Planning time: 0.722 ms
Execution time: 1560.199 ms
