Seq Scan on title t  (cost=0.00..73925.90 rows=65869 width=0) (actual time=259.325..960.372 rows=3 loops=1)
  Filter: ((production_year < 1928) AND (kind_id = 7))
  Rows Removed by Filter: 2528309
Planning time: 0.351 ms
Execution time: 960.484 ms
