Hash Join  (cost=78473.92..154059.11 rows=278388 width=0) (actual time=1249.455..2941.525 rows=168228 loops=1)
  Hash Cond: (mc.movie_id = t.id)
  ->  Seq Scan on movie_companies mc  (cost=0.00..57926.93 rows=1062498 width=4) (actual time=0.022..1111.426 rows=938336 loops=1)
        Filter: ((company_id > 329) AND (company_type_id = 1))
        Rows Removed by Filter: 1670793
  ->  Hash  (cost=67604.59..67604.59 rows=662507 width=4) (actual time=1248.616..1248.616 rows=662065 loops=1)
        Buckets: 131072  Batches: 16  Memory Usage: 2481kB
        ->  Seq Scan on title t  (cost=0.00..67604.59 rows=662507 width=4) (actual time=0.025..1031.584 rows=662065 loops=1)
              Filter: (production_year > 2008)
              Rows Removed by Filter: 1866247
Planning time: 0.719 ms
Execution time: 2963.767 ms
