Hash Join  (cost=201905.10..279856.69 rows=210507 width=0) (actual time=3458.876..5522.997 rows=1824203 loops=1)
  Hash Cond: (mc.movie_id = t.id)
  ->  Seq Scan on movie_companies mc  (cost=0.00..44881.29 rows=2609129 width=4) (actual time=0.022..750.888 rows=2609129 loops=1)
  ->  Hash  (cost=198558.05..198558.05 rows=204004 width=8) (actual time=3458.087..3458.087 rows=205080 loops=1)
        Buckets: 131072  Batches: 4  Memory Usage: 3035kB
        ->  Hash Join  (cost=102767.86..198558.05 rows=204004 width=8) (actual time=1754.145..3395.351 rows=205080 loops=1)
              Hash Cond: (mk.movie_id = t.id)
              ->  Seq Scan on movie_keyword mk  (cost=0.00..81003.12 rows=204004 width=4) (actual time=0.031..1061.070 rows=205080 loops=1)
                    Filter: (keyword_id > 67469)
                    Rows Removed by Filter: 4318850
              ->  Hash  (cost=61283.27..61283.27 rows=2528527 width=4) (actual time=1752.173..1752.173 rows=2528312 loops=1)
                    Buckets: 131072  Batches: 64  Memory Usage: 2425kB
                    ->  Seq Scan on title t  (cost=0.00..61283.27 rows=2528527 width=4) (actual time=0.026..912.239 rows=2528312 loops=1)
Planning time: 1.350 ms
Execution time: 5684.717 ms
