Hash Join  (cost=491650.71..1343292.45 rows=1136671 width=0) (actual time=8586.089..20649.669 rows=1932043 loops=1)
  Hash Cond: (ci.movie_id = t.id)
  ->  Seq Scan on cast_info ci  (cost=0.00..796071.18 rows=3549293 width=4) (actual time=845.399..10543.552 rows=4197715 loops=1)
        Filter: ((person_id < 508954) AND (role_id < 4))
        Rows Removed by Filter: 32046629
  ->  Hash  (cost=478364.61..478364.61 rows=809768 width=8) (actual time=7739.842..7739.842 rows=802140 loops=1)
        Buckets: 131072  Batches: 16  Memory Usage: 2973kB
        ->  Hash Join  (cost=102767.86..478364.61 rows=809768 width=8) (actual time=3377.056..7509.822 rows=802140 loops=1)
              Hash Cond: (mi.movie_id = t.id)
              ->  Seq Scan on movie_info mi  (cost=0.00..346232.03 rows=809768 width=4) (actual time=1472.856..4535.528 rows=802140 loops=1)
                    Filter: (info_type_id < 2)
                    Rows Removed by Filter: 14033580
              ->  Hash  (cost=61283.27..61283.27 rows=2528527 width=4) (actual time=1902.972..1902.972 rows=2528312 loops=1)
                    Buckets: 131072  Batches: 64  Memory Usage: 2425kB
                    ->  Seq Scan on title t  (cost=0.00..61283.27 rows=2528527 width=4) (actual time=0.030..1013.115 rows=2528312 loops=1)
Planning time: 1.053 ms
Execution time: 20827.442 ms
