Hash Join  (cost=165428.59..294142.58 rows=503899 width=0) (actual time=4516.096..10989.192 rows=12036550 loops=1)
  Hash Cond: (mk.movie_id = t.id)
  ->  Seq Scan on movie_keyword mk  (cost=0.00..81003.12 rows=3569831 width=4) (actual time=0.012..1519.338 rows=3565962 loops=1)
        Filter: (keyword_id > 895)
        Rows Removed by Filter: 957968
  ->  Hash  (cost=159572.17..159572.17 rows=356914 width=8) (actual time=4514.857..4514.857 rows=928236 loops=1)
        Buckets: 131072 (originally 131072)  Batches: 16 (originally 8)  Memory Usage: 3337kB
        ->  Hash Join  (cost=79601.51..159572.17 rows=356914 width=8) (actual time=1158.537..4269.341 rows=928236 loops=1)
              Hash Cond: (mc.movie_id = t.id)
              ->  Seq Scan on movie_companies mc  (cost=0.00..44881.29 rows=2609129 width=4) (actual time=0.027..782.025 rows=2609129 loops=1)
              ->  Hash  (cost=73925.90..73925.90 rows=345888 width=4) (actual time=1157.743..1157.743 rows=457402 loops=1)
                    Buckets: 131072  Batches: 8  Memory Usage: 3047kB
                    ->  Seq Scan on title t  (cost=0.00..73925.90 rows=345888 width=4) (actual time=0.031..1016.343 rows=457402 loops=1)
                          Filter: ((kind_id < 7) AND (production_year < 1997))
                          Rows Removed by Filter: 2070910
Planning time: 1.083 ms
Execution time: 12332.446 ms
