Seq Scan on movie_keyword mk  (cost=0.00..81003.12 rows=246 width=0) (actual time=42.886..1074.987 rows=12 loops=1)
  Filter: (keyword_id = 59431)
  Rows Removed by Filter: 4523918
Planning time: 0.342 ms
Execution time: 1075.082 ms
