Seq Scan on title t  (cost=0.00..73925.90 rows=337 width=0) (actual time=296.573..1063.105 rows=953 loops=1)
  Filter: ((kind_id = 4) AND (production_year = 1989))
  Rows Removed by Filter: 2527359
Planning time: 0.277 ms
Execution time: 1063.503 ms
