Hash Join  (cost=709678.15..1091465.08 rows=1874 width=0) (actual time=10939.423..17046.004 rows=867 loops=1)
  Hash Cond: (mi.movie_id = t.id)
  ->  Seq Scan on movie_info mi  (cost=0.00..346232.03 rows=9476311 width=4) (actual time=337.758..5585.440 rows=9565151 loops=1)
        Filter: (info_type_id < 16)
        Rows Removed by Filter: 5270569
  ->  Hash  (cost=709671.90..709671.90 rows=500 width=8) (actual time=10114.656..10114.656 rows=100 loops=1)
        Buckets: 1024  Batches: 1  Memory Usage: 12kB
        ->  Nested Loop  (cost=0.43..709671.90 rows=500 width=8) (actual time=1832.077..10114.530 rows=100 loops=1)
              ->  Seq Scan on cast_info ci  (cost=0.00..705507.15 rows=500 width=4) (actual time=1831.987..10112.961 rows=100 loops=1)
                    Filter: (person_id = 2746091)
                    Rows Removed by Filter: 36244244
              ->  Index Only Scan using title_pkey on title t  (cost=0.43..8.32 rows=1 width=4) (actual time=0.014..0.014 rows=1 loops=100)
                    Index Cond: (id = ci.movie_id)
                    Heap Fetches: 100
Planning time: 1.197 ms
Execution time: 17046.337 ms
