Hash Join  (cost=256442.27..903820.64 rows=13978053 width=0) (actual time=6324.830..35296.624 rows=63228094 loops=1)
  Hash Cond: (mi.movie_id = t.id)
  ->  Seq Scan on movie_info mi  (cost=0.00..309384.22 rows=14739122 width=4) (actual time=0.009..5421.435 rows=14835720 loops=1)
  ->  Hash  (cost=217099.72..217099.72 rows=2397964 width=8) (actual time=6323.513..6323.513 rows=2305527 loops=1)
        Buckets: 131072  Batches: 32  Memory Usage: 3890kB
        ->  Hash Join  (cost=105731.15..217099.72 rows=2397964 width=8) (actual time=2079.664..5653.312 rows=2305527 loops=1)
              Hash Cond: (mc.movie_id = t.id)
              ->  Seq Scan on movie_companies mc  (cost=0.00..44881.29 rows=2609129 width=4) (actual time=0.023..833.158 rows=2609129 loops=1)
              ->  Hash  (cost=67604.59..67604.59 rows=2323885 width=4) (actual time=2078.260..2078.260 rows=2317570 loops=1)
                    Buckets: 131072  Batches: 32  Memory Usage: 3574kB
                    ->  Seq Scan on title t  (cost=0.00..67604.59 rows=2323885 width=4) (actual time=0.024..1350.239 rows=2317570 loops=1)
                          Filter: (production_year > 1938)
                          Rows Removed by Filter: 210742
Planning time: 1.365 ms
Execution time: 42604.940 ms
