Hash Join  (cost=365418.15..1476074.72 rows=15418305 width=0) (actual time=8668.680..47067.537 rows=79615903 loops=1)
  Hash Cond: (ci.movie_id = t.id)
  ->  Seq Scan on cast_info ci  (cost=0.00..796071.18 rows=8617640 width=4) (actual time=160.891..13101.792 rows=13424971 loops=1)
        Filter: ((person_id > 2329873) AND (role_id > 1))
        Rows Removed by Filter: 22819373
  ->  Hash  (cost=291197.02..291197.02 rows=4523930 width=8) (actual time=8506.131..8506.131 rows=4523930 loops=1)
        Buckets: 131072  Batches: 64  Memory Usage: 3816kB
        ->  Hash Join  (cost=102767.86..291197.02 rows=4523930 width=8) (actual time=1789.141..7234.902 rows=4523930 loops=1)
              Hash Cond: (mk.movie_id = t.id)
              ->  Seq Scan on movie_keyword mk  (cost=0.00..69693.30 rows=4523930 width=4) (actual time=0.013..1464.577 rows=4523930 loops=1)
              ->  Hash  (cost=61283.27..61283.27 rows=2528527 width=4) (actual time=1787.050..1787.050 rows=2528312 loops=1)
                    Buckets: 131072  Batches: 64  Memory Usage: 2425kB
                    ->  Seq Scan on title t  (cost=0.00..61283.27 rows=2528527 width=4) (actual time=0.022..928.375 rows=2528312 loops=1)
Planning time: 1.238 ms
Execution time: 55569.108 ms
