Seq Scan on movie_companies mc  (cost=0.00..51404.11 rows=988191 width=0) (actual time=66.811..907.150 rows=997537 loops=1)
  Filter: (company_id > 16754)
  Rows Removed by Filter: 1611592
Planning time: 0.319 ms
Execution time: 1033.992 ms
