Hash Join  (cost=73929.23..438600.67 rows=1551 width=0) (actual time=977.153..8512.575 rows=6062 loops=1)
  Hash Cond: (mi.movie_id = t.id)
  ->  Seq Scan on movie_info mi  (cost=0.00..309384.22 rows=14739122 width=4) (actual time=0.021..4657.660 rows=14835720 loops=1)
  ->  Hash  (cost=73925.90..73925.90 rows=266 width=4) (actual time=975.830..975.830 rows=661 loops=1)
        Buckets: 1024  Batches: 1  Memory Usage: 32kB
        ->  Seq Scan on title t  (cost=0.00..73925.90 rows=266 width=4) (actual time=0.691..975.341 rows=661 loops=1)
              Filter: ((kind_id = 2) AND (production_year = 1972))
              Rows Removed by Filter: 2527651
Planning time: 0.742 ms
Execution time: 8513.988 ms
