Hash Join  (cost=1206920.38..2459124.57 rows=54262830 width=0) (actual time=24065.872..67615.799 rows=118336811 loops=1)
  Hash Cond: (mi.movie_id = t.id)
  ->  Seq Scan on movie_info mi  (cost=0.00..346232.03 rows=14282391 width=4) (actual time=0.014..6789.371 rows=14308956 loops=1)
        Filter: (info_type_id < 103)
        Rows Removed by Filter: 526764
  ->  Hash  (cost=1049312.05..1049312.05 rows=9606587 width=8) (actual time=24063.682..24063.682 rows=9573568 loops=1)
        Buckets: 131072  Batches: 128  Memory Usage: 3950kB
        ->  Hash Join  (cost=102767.86..1049312.05 rows=9606587 width=8) (actual time=1746.928..21493.276 rows=9573568 loops=1)
              Hash Cond: (ci.movie_id = t.id)
              ->  Seq Scan on cast_info ci  (cost=0.00..705507.15 rows=9606587 width=4) (actual time=0.016..11807.707 rows=9573568 loops=1)
                    Filter: (person_id > 2749302)
                    Rows Removed by Filter: 26670776
              ->  Hash  (cost=61283.27..61283.27 rows=2528527 width=4) (actual time=1745.182..1745.182 rows=2528312 loops=1)
                    Buckets: 131072  Batches: 64  Memory Usage: 2415kB
                    ->  Seq Scan on title t  (cost=0.00..61283.27 rows=2528527 width=4) (actual time=0.021..916.655 rows=2528312 loops=1)
Planning time: 1.142 ms
Execution time: 79633.630 ms
