Seq Scan on cast_info ci  (cost=0.00..796071.18 rows=3875014 width=0) (actual time=433.812..11680.251 rows=2301753 loops=1)
  Filter: ((person_id < 1121550) AND (role_id > 3))
  Rows Removed by Filter: 33942591
Planning time: 0.362 ms
Execution time: 11970.624 ms
