Hash Join  (cost=101489.21..276538.97 rows=3347275 width=0) (actual time=1965.333..6846.707 rows=3815800 loops=1)
  Hash Cond: (mk.movie_id = t.id)
  ->  Seq Scan on movie_keyword mk  (cost=0.00..81003.12 rows=4097977 width=4) (actual time=0.032..1649.888 rows=4103954 loops=1)
        Filter: (keyword_id < 41496)
        Rows Removed by Filter: 419976
  ->  Hash  (cost=67604.59..67604.59 rows=2065330 width=4) (actual time=1963.334..1963.334 rows=2064552 loops=1)
        Buckets: 131072  Batches: 32  Memory Usage: 3298kB
        ->  Seq Scan on title t  (cost=0.00..67604.59 rows=2065330 width=4) (actual time=0.020..1295.474 rows=2064552 loops=1)
              Filter: (production_year < 2011)
              Rows Removed by Filter: 463760
Planning time: 0.688 ms
Execution time: 7312.494 ms
