Seq Scan on title t  (cost=0.00..73925.90 rows=3885 width=0) (actual time=0.024..928.433 rows=3892 loops=1)
  Filter: ((kind_id = 3) AND (production_year = 2005))
  Rows Removed by Filter: 2524420
Planning time: 0.417 ms
Execution time: 929.451 ms
