Hash Join  (cost=76762.35..154271.34 rows=178346 width=0) (actual time=1173.802..3367.943 rows=635822 loops=1)
  Hash Cond: (mc.movie_id = t.id)
  ->  Seq Scan on movie_companies mc  (cost=0.00..44881.29 rows=2609129 width=4) (actual time=0.025..808.841 rows=2609129 loops=1)
  ->  Hash  (cost=73925.90..73925.90 rows=172836 width=4) (actual time=1172.909..1172.909 rows=304691 loops=1)
        Buckets: 131072  Batches: 4  Memory Usage: 3705kB
        ->  Seq Scan on title t  (cost=0.00..73925.90 rows=172836 width=4) (actual time=0.038..1074.811 rows=304691 loops=1)
              Filter: ((kind_id < 3) AND (production_year < 1984))
              Rows Removed by Filter: 2223621
Planning time: 0.731 ms
Execution time: 3444.893 ms
