Hash Join  (cost=263115.61..1210050.48 rows=5953550 width=0) (actual time=7550.954..31228.055 rows=22489304 loops=1)
  Hash Cond: (ci.movie_id = t.id)
  ->  Seq Scan on cast_info ci  (cost=0.00..796071.18 rows=5769631 width=4) (actual time=1340.302..12157.766 rows=8914685 loops=1)
        Filter: ((person_id > 2802994) AND (role_id > 1))
        Rows Removed by Filter: 27329659
  ->  Hash  (cost=220309.49..220309.49 rows=2609129 width=8) (actual time=6209.080..6209.080 rows=2609129 loops=1)
        Buckets: 131072  Batches: 64  Memory Usage: 2610kB
        ->  Hash Join  (cost=102767.86..220309.49 rows=2609129 width=8) (actual time=1875.538..5430.137 rows=2609129 loops=1)
              Hash Cond: (mc.movie_id = t.id)
              ->  Seq Scan on movie_companies mc  (cost=0.00..44881.29 rows=2609129 width=4) (actual time=0.028..905.639 rows=2609129 loops=1)
              ->  Hash  (cost=61283.27..61283.27 rows=2528527 width=4) (actual time=1874.210..1874.210 rows=2528312 loops=1)
                    Buckets: 131072  Batches: 64  Memory Usage: 2415kB
                    ->  Seq Scan on title t  (cost=0.00..61283.27 rows=2528527 width=4) (actual time=0.016..871.375 rows=2528312 loops=1)
Planning time: 1.243 ms
Execution time: 33912.666 ms
