Hash Join  (cost=52285.05..416944.89 rows=391 width=0) (actual time=979.297..6948.771 rows=146 loops=1)
  Hash Cond: (mi.movie_id = t.id)
  ->  Seq Scan on movie_info mi  (cost=0.00..309384.22 rows=14739122 width=4) (actual time=0.020..3475.809 rows=14835720 loops=1)
  ->  Hash  (cost=52284.21..52284.21 rows=67 width=8) (actual time=842.782..842.782 rows=8 loops=1)
        Buckets: 1024  Batches: 1  Memory Usage: 9kB
        ->  Nested Loop  (cost=0.43..52284.21 rows=67 width=8) (actual time=108.203..842.762 rows=8 loops=1)
              ->  Seq Scan on movie_companies mc  (cost=0.00..51404.11 rows=104 width=4) (actual time=24.432..836.831 rows=163 loops=1)
                    Filter: (company_id = 4589)
                    Rows Removed by Filter: 2608966
              ->  Index Scan using title_pkey on title t  (cost=0.43..8.45 rows=1 width=4) (actual time=0.034..0.034 rows=0 loops=163)
                    Index Cond: (id = mc.movie_id)
                    Filter: ((kind_id > 1) AND (production_year < 2012))
                    Rows Removed by Filter: 1
Planning time: 1.208 ms
Execution time: 6949.002 ms
