Hash Join  (cost=76259.21..1175815.76 rows=1824918 width=0) (actual time=1101.363..32357.162 rows=3250205 loops=1)
  Hash Cond: (ci.movie_id = t.id)
  ->  Seq Scan on cast_info ci  (cost=0.00..705507.15 rows=32453393 width=4) (actual time=0.014..15543.457 rows=32441862 loops=1)
        Filter: (person_id < 3366067)
        Rows Removed by Filter: 3802482
  ->  Hash  (cost=73925.90..73925.90 rows=142184 width=4) (actual time=1100.575..1100.575 rows=278391 loops=1)
        Buckets: 131072 (originally 131072)  Batches: 4 (originally 2)  Memory Usage: 3470kB
        ->  Seq Scan on title t  (cost=0.00..73925.90 rows=142184 width=4) (actual time=26.993..1000.960 rows=278391 loops=1)
              Filter: ((production_year < 1982) AND (kind_id = 1))
              Rows Removed by Filter: 2249921
Planning time: 0.839 ms
Execution time: 32748.394 ms
