Hash Join  (cost=200405.54..567941.00 rows=370964 width=0) (actual time=8519.374..10525.992 rows=950510 loops=1)
  Hash Cond: (mi.movie_id = t.id)
  ->  Seq Scan on movie_info mi  (cost=0.00..346232.03 rows=1272478 width=4) (actual time=3809.548..4750.380 rows=1325361 loops=1)
        Filter: (info_type_id = 8)
        Rows Removed by Filter: 13510359
  ->  Hash  (cost=188311.30..188311.30 rows=737139 width=8) (actual time=4708.774..4708.774 rows=957123 loops=1)
        Buckets: 131072  Batches: 16  Memory Usage: 3377kB
        ->  Hash Join  (cost=102767.86..188311.30 rows=737139 width=8) (actual time=2134.909..4420.652 rows=957123 loops=1)
              Hash Cond: (mc.movie_id = t.id)
              ->  Seq Scan on movie_companies mc  (cost=0.00..57926.93 rows=737139 width=4) (actual time=211.112..985.177 rows=957123 loops=1)
                    Filter: ((company_id > 9353) AND (company_type_id > 1))
                    Rows Removed by Filter: 1652006
              ->  Hash  (cost=61283.27..61283.27 rows=2528527 width=4) (actual time=1922.563..1922.563 rows=2528312 loops=1)
                    Buckets: 131072  Batches: 64  Memory Usage: 2415kB
                    ->  Seq Scan on title t  (cost=0.00..61283.27 rows=2528527 width=4) (actual time=0.025..1039.948 rows=2528312 loops=1)
Planning time: 1.149 ms
Execution time: 10634.081 ms
