Seq Scan on cast_info ci  (cost=0.00..705507.15 rows=7245 width=0) (actual time=527.391..9918.100 rows=4834 loops=1)
  Filter: (person_id = 298275)
  Rows Removed by Filter: 36239510
Planning time: 0.384 ms
Execution time: 9918.823 ms
