Hash Join  (cost=145887.73..269945.51 rows=168674 width=0) (actual time=2767.052..6803.589 rows=4259505 loops=1)
  Hash Cond: (mk.movie_id = t.id)
  ->  Seq Scan on movie_keyword mk  (cost=0.00..69693.30 rows=4523930 width=4) (actual time=0.024..1293.459 rows=4523930 loops=1)
  ->  Hash  (cost=144340.28..144340.28 rows=94276 width=8) (actual time=2766.141..2766.141 rows=188469 loops=1)
        Buckets: 131072 (originally 131072)  Batches: 4 (originally 2)  Memory Usage: 3073kB
        ->  Hash Join  (cost=77134.53..144340.28 rows=94276 width=8) (actual time=1122.924..2690.460 rows=188469 loops=1)
              Hash Cond: (mc.movie_id = t.id)
              ->  Seq Scan on movie_companies mc  (cost=0.00..51404.11 rows=1218900 width=4) (actual time=0.161..894.586 rows=1206226 loops=1)
                    Filter: (company_id < 11137)
                    Rows Removed by Filter: 1402903
              ->  Hash  (cost=73925.90..73925.90 rows=195570 width=4) (actual time=1121.971..1121.971 rows=300646 loops=1)
                    Buckets: 131072  Batches: 4  Memory Usage: 3670kB
                    ->  Seq Scan on title t  (cost=0.00..73925.90 rows=195570 width=4) (actual time=0.022..1025.835 rows=300646 loops=1)
                          Filter: ((kind_id < 7) AND (production_year < 1979))
                          Rows Removed by Filter: 2227666
Planning time: 1.253 ms
Execution time: 7274.579 ms
