Hash Join  (cost=160526.42..1036951.62 rows=1721571 width=0) (actual time=8176.942..20509.848 rows=2089275 loops=1)
  Hash Cond: (ci.movie_id = t.id)
  ->  Seq Scan on cast_info ci  (cost=0.00..796071.18 rows=5176351 width=4) (actual time=4978.652..13642.306 rows=7115795 loops=1)
        Filter: ((person_id < 2655274) AND (role_id = 2))
        Rows Removed by Filter: 29128549
  ->  Hash  (cost=146729.58..146729.58 rows=840947 width=8) (actual time=3193.736..3193.736 rows=425718 loops=1)
        Buckets: 131072  Batches: 16  Memory Usage: 2062kB
        ->  Hash Join  (cost=92883.59..146729.58 rows=840947 width=8) (actual time=1792.616..3064.710 rows=425718 loops=1)
              Hash Cond: (mi_idx.movie_id = t.id)
              ->  Seq Scan on movie_info_idx mi_idx  (cost=0.00..21735.35 rows=1380035 width=4) (actual time=0.031..421.938 rows=1380035 loops=1)
              ->  Hash  (cost=67604.59..67604.59 rows=1540800 width=4) (actual time=1608.446..1608.446 rows=1543264 loops=1)
                    Buckets: 131072  Batches: 32  Memory Usage: 2722kB
                    ->  Seq Scan on title t  (cost=0.00..67604.59 rows=1540800 width=4) (actual time=71.874..1114.258 rows=1543264 loops=1)
                          Filter: (kind_id = 7)
                          Rows Removed by Filter: 985048
Planning time: 1.072 ms
Execution time: 20728.178 ms
