Hash Join  (cost=167144.65..297738.74 rows=705205 width=0) (actual time=4556.424..12921.875 rows=21356202 loops=1)
  Hash Cond: (mk.movie_id = t.id)
  ->  Seq Scan on movie_keyword mk  (cost=0.00..69693.30 rows=4523930 width=4) (actual time=0.019..1396.447 rows=4523930 loops=1)
  ->  Hash  (cost=160677.72..160677.72 rows=394155 width=8) (actual time=4552.978..4552.978 rows=948271 loops=1)
        Buckets: 131072 (originally 131072)  Batches: 16 (originally 8)  Memory Usage: 3383kB
        ->  Hash Join  (cost=80193.64..160677.72 rows=394155 width=8) (actual time=1696.532..4273.818 rows=948271 loops=1)
              Hash Cond: (mc.movie_id = t.id)
              ->  Seq Scan on movie_companies mc  (cost=0.00..44881.29 rows=2609129 width=4) (actual time=0.021..1012.135 rows=2609129 loops=1)
              ->  Hash  (cost=73925.90..73925.90 rows=381979 width=4) (actual time=1463.501..1463.501 rows=440029 loops=1)
                    Buckets: 131072  Batches: 8  Memory Usage: 2968kB
                    ->  Seq Scan on title t  (cost=0.00..73925.90 rows=381979 width=4) (actual time=243.962..1327.237 rows=440029 loops=1)
                          Filter: ((production_year < 2006) AND (kind_id = 1))
                          Rows Removed by Filter: 2088283
Planning time: 1.123 ms
Execution time: 15437.347 ms
