Seq Scan on movie_keyword mk  (cost=0.00..81003.12 rows=55190 width=0) (actual time=0.034..1143.060 rows=51597 loops=1)
  Filter: (keyword_id > 98823)
  Rows Removed by Filter: 4472333
Planning time: 0.342 ms
Execution time: 1151.154 ms
