Seq Scan on movie_keyword mk  (cost=0.00..81003.12 rows=218540 width=0) (actual time=0.034..1133.356 rows=220188 loops=1)
  Filter: (keyword_id > 64690)
  Rows Removed by Filter: 4303742
Planning time: 0.339 ms
Execution time: 1162.798 ms
