Hash Join  (cost=70308.29..1011453.73 rows=770576 width=0) (actual time=970.296..21684.019 rows=814002 loops=1)
  Hash Cond: (ci.movie_id = t.id)
  ->  Seq Scan on cast_info ci  (cost=0.00..796071.18 rows=11824668 width=4) (actual time=0.033..16225.468 rows=10964897 loops=1)
        Filter: ((person_id < 3839049) AND (role_id > 3))
        Rows Removed by Filter: 25279447
  ->  Hash  (cost=67604.59..67604.59 rows=164776 width=4) (actual time=969.495..969.495 rows=164307 loops=1)
        Buckets: 131072  Batches: 4  Memory Usage: 2482kB
        ->  Seq Scan on title t  (cost=0.00..67604.59 rows=164776 width=4) (actual time=0.024..910.898 rows=164307 loops=1)
              Filter: (production_year = 2012)
              Rows Removed by Filter: 2364005
Planning time: 0.863 ms
Execution time: 21775.060 ms
