Seq Scan on movie_companies mc  (cost=0.00..51404.11 rows=1107480 width=0) (actual time=0.024..826.525 rows=1099279 loops=1)
  Filter: (company_id < 7550)
  Rows Removed by Filter: 1509850
Planning time: 0.324 ms
Execution time: 984.648 ms
