Seq Scan on movie_companies mc  (cost=0.00..57926.93 rows=384492 width=0) (actual time=181.897..872.617 rows=542433 loops=1)
  Filter: ((company_id < 1660) AND (company_type_id = 1))
  Rows Removed by Filter: 2066696
Planning time: 0.314 ms
Execution time: 941.247 ms
