Hash Join  (cost=374622.59..1030674.67 rows=15668816 width=0) (actual time=9871.544..41786.726 rows=84674404 loops=1)
  Hash Cond: (mi.movie_id = t.id)
  ->  Seq Scan on movie_info mi  (cost=0.00..346232.03 rows=8859586 width=4) (actual time=990.495..6137.552 rows=8966694 loops=1)
        Filter: (info_type_id < 15)
        Rows Removed by Filter: 5869026
  ->  Hash  (cost=301255.07..301255.07 rows=4471882 width=8) (actual time=8878.672..8878.672 rows=4475978 loops=1)
        Buckets: 131072  Batches: 64  Memory Usage: 3862kB
        ->  Hash Join  (cost=102767.86..301255.07 rows=4471882 width=8) (actual time=1912.981..7519.113 rows=4475978 loops=1)
              Hash Cond: (mk.movie_id = t.id)
              ->  Seq Scan on movie_keyword mk  (cost=0.00..81003.12 rows=4471882 width=4) (actual time=0.032..1843.095 rows=4475978 loops=1)
                    Filter: (keyword_id > 47)
                    Rows Removed by Filter: 47952
              ->  Hash  (cost=61283.27..61283.27 rows=2528527 width=4) (actual time=1909.570..1909.570 rows=2528312 loops=1)
                    Buckets: 131072  Batches: 64  Memory Usage: 2425kB
                    ->  Seq Scan on title t  (cost=0.00..61283.27 rows=2528527 width=4) (actual time=0.019..1025.408 rows=2528312 loops=1)
Planning time: 1.317 ms
Execution time: 51193.475 ms
