Hash Join  (cost=69596.70..200443.36 rows=196772 width=0) (actual time=1148.798..3809.391 rows=145949 loops=1)
  Hash Cond: (mk.movie_id = t.id)
  ->  Seq Scan on movie_keyword mk  (cost=0.00..81003.12 rows=4099418 width=4) (actual time=0.015..1482.481 rows=4087742 loops=1)
        Filter: (keyword_id > 335)
        Rows Removed by Filter: 436188
  ->  Hash  (cost=67604.59..67604.59 rows=121369 width=4) (actual time=1085.097..1085.097 rows=125365 loops=1)
        Buckets: 131072  Batches: 2  Memory Usage: 3228kB
        ->  Seq Scan on title t  (cost=0.00..67604.59 rows=121369 width=4) (actual time=23.226..1039.562 rows=125365 loops=1)
              Filter: (production_year < 1934)
              Rows Removed by Filter: 2402947
Planning time: 8.597 ms
Execution time: 3826.272 ms
