Hash Join  (cost=431659.86..520924.48 rows=5283 width=0) (actual time=5812.522..7936.902 rows=482727 loops=1)
  Hash Cond: (mk.movie_id = t.id)
  ->  Seq Scan on movie_keyword mk  (cost=0.00..81003.12 rows=2188979 width=4) (actual time=0.590..1337.250 rows=2189103 loops=1)
        Filter: (keyword_id > 5159)
        Rows Removed by Filter: 2334827
  ->  Hash  (cost=431583.57..431583.57 rows=6103 width=8) (actual time=5811.637..5811.637 rows=109870 loops=1)
        Buckets: 131072 (originally 8192)  Batches: 2 (originally 1)  Memory Usage: 3168kB
        ->  Hash Join  (cost=81720.25..431583.57 rows=6103 width=8) (actual time=1464.136..5773.235 rows=109870 loops=1)
              Hash Cond: (mi.movie_id = t.id)
              ->  Seq Scan on movie_info mi  (cost=0.00..346232.03 rows=17937 width=4) (actual time=68.740..4130.387 rows=121863 loops=1)
                    Filter: (info_type_id = 105)
                    Rows Removed by Filter: 14713857
              ->  Hash  (cost=67604.59..67604.59 rows=860373 width=4) (actual time=1392.156..1392.156 rows=854214 loops=1)
                    Buckets: 131072  Batches: 16  Memory Usage: 2906kB
                    ->  Seq Scan on title t  (cost=0.00..67604.59 rows=860373 width=4) (actual time=0.031..1100.376 rows=854214 loops=1)
                          Filter: (kind_id < 4)
                          Rows Removed by Filter: 1674098
Planning time: 1.225 ms
Execution time: 7998.618 ms
