Hash Join  (cost=68449.54..95728.95 rows=36893 width=0) (actual time=1107.022..1802.686 rows=45309 loops=1)
  Hash Cond: (mi_idx.movie_id = t.id)
  ->  Seq Scan on movie_info_idx mi_idx  (cost=0.00..21735.35 rows=1380035 width=4) (actual time=0.019..344.305 rows=1380035 loops=1)
  ->  Hash  (cost=67604.59..67604.59 rows=67596 width=4) (actual time=1106.323..1106.323 rows=67777 loops=1)
        Buckets: 131072  Batches: 1  Memory Usage: 3407kB
        ->  Seq Scan on title t  (cost=0.00..67604.59 rows=67596 width=4) (actual time=0.015..1078.253 rows=67777 loops=1)
              Filter: (production_year = 2003)
              Rows Removed by Filter: 2460535
Planning time: 0.767 ms
Execution time: 1809.339 ms
