Seq Scan on cast_info ci  (cost=0.00..796071.18 rows=176 width=0) (actual time=2985.511..9972.599 rows=1 loops=1)
  Filter: ((person_id = 44234) AND (role_id = 1))
  Rows Removed by Filter: 36244343
Planning time: 0.399 ms
Execution time: 9972.710 ms
