Hash Join  (cost=115229.85..171937.98 rows=31798 width=0) (actual time=2713.532..3813.968 rows=72684 loops=1)
  Hash Cond: (mc.movie_id = t.id)
  ->  Seq Scan on movie_companies mc  (cost=0.00..51404.11 rows=1329612 width=4) (actual time=0.013..915.772 rows=1334883 loops=1)
        Filter: (company_type_id = 2)
        Rows Removed by Filter: 1274246
  ->  Hash  (cost=114473.99..114473.99 rows=60469 width=8) (actual time=2424.485..2424.485 rows=83541 loops=1)
        Buckets: 131072 (originally 65536)  Batches: 2 (originally 1)  Memory Usage: 3073kB
        ->  Hash Join  (cost=75743.82..114473.99 rows=60469 width=8) (actual time=1231.397..2391.887 rows=83541 loops=1)
              Hash Cond: (mi_idx.movie_id = t.id)
              ->  Seq Scan on movie_info_idx mi_idx  (cost=0.00..21735.35 rows=1380035 width=4) (actual time=0.016..422.715 rows=1380035 loops=1)
              ->  Hash  (cost=73925.90..73925.90 rows=110793 width=4) (actual time=1139.192..1139.192 rows=117920 loops=1)
                    Buckets: 131072  Batches: 2  Memory Usage: 3095kB
                    ->  Seq Scan on title t  (cost=0.00..73925.90 rows=110793 width=4) (actual time=437.668..1097.080 rows=117920 loops=1)
                          Filter: ((production_year > 1903) AND (kind_id = 4))
                          Rows Removed by Filter: 2410392
Planning time: 1.231 ms
Execution time: 3823.035 ms
