Hash Join  (cost=67697.55..888525.35 rows=19266 width=0) (actual time=1074.694..18183.486 rows=9906 loops=1)
  Hash Cond: (ci.movie_id = t.id)
  ->  Seq Scan on cast_info ci  (cost=0.00..796071.18 rows=6550389 width=4) (actual time=0.023..15165.706 rows=12670688 loops=1)
        Filter: ((person_id < 1845068) AND (role_id = 1))
        Rows Removed by Filter: 23573656
  ->  Hash  (cost=67604.59..67604.59 rows=7437 width=4) (actual time=1071.444..1071.444 rows=2786 loops=1)
        Buckets: 8192  Batches: 1  Memory Usage: 162kB
        ->  Seq Scan on title t  (cost=0.00..67604.59 rows=7437 width=4) (actual time=0.156..1069.978 rows=2786 loops=1)
              Filter: (production_year = 1925)
              Rows Removed by Filter: 2525526
Planning time: 0.781 ms
Execution time: 18186.022 ms
