Hash Join  (cost=73994.33..474301.24 rows=31039 width=0) (actual time=980.554..9228.562 rows=61204 loops=1)
  Hash Cond: (mi.movie_id = t.id)
  ->  Seq Scan on movie_info mi  (cost=0.00..346232.03 rows=14337199 width=4) (actual time=0.023..5679.235 rows=14370084 loops=1)
        Filter: (info_type_id < 104)
        Rows Removed by Filter: 465636
  ->  Hash  (cost=73925.90..73925.90 rows=5474 width=4) (actual time=979.118..979.118 rows=13598 loops=1)
        Buckets: 16384 (originally 8192)  Batches: 1 (originally 1)  Memory Usage: 607kB
        ->  Seq Scan on title t  (cost=0.00..73925.90 rows=5474 width=4) (actual time=0.091..973.393 rows=13598 loops=1)
              Filter: ((kind_id > 1) AND (production_year = 1985))
              Rows Removed by Filter: 2514714
Planning time: 0.834 ms
Execution time: 9238.576 ms
