Hash Join  (cost=467076.66..1571864.38 rows=6909957 width=0) (actual time=7180.377..35921.015 rows=4553163 loops=1)
  Hash Cond: (ci.movie_id = t.id)
  ->  Seq Scan on cast_info ci  (cost=0.00..614943.12 rows=36225612 width=4) (actual time=0.018..11914.982 rows=36244344 loops=1)
  ->  Hash  (cost=459162.77..459162.77 rows=482311 width=8) (actual time=7179.382..7179.382 rows=188533 loops=1)
        Buckets: 131072  Batches: 8  Memory Usage: 1949kB
        ->  Hash Join  (cost=89649.84..459162.77 rows=482311 width=8) (actual time=4627.057..7117.580 rows=188533 loops=1)
              Hash Cond: (mi.movie_id = t.id)
              ->  Seq Scan on movie_info mi  (cost=0.00..346232.03 rows=1272478 width=4) (actual time=3122.159..4693.864 rows=1325361 loops=1)
                    Filter: (info_type_id = 8)
                    Rows Removed by Filter: 13510359
              ->  Hash  (cost=73925.90..73925.90 rows=958395 width=4) (actual time=1503.804..1503.804 rows=1050192 loops=1)
                    Buckets: 131072  Batches: 16  Memory Usage: 3346kB
                    ->  Seq Scan on title t  (cost=0.00..73925.90 rows=958395 width=4) (actual time=86.273..1167.085 rows=1050192 loops=1)
                          Filter: ((production_year > 1996) AND (kind_id = 7))
                          Rows Removed by Filter: 1478120
Planning time: 1.180 ms
Execution time: 36469.069 ms
