Seq Scan on cast_info ci  (cost=0.00..796071.18 rows=250855 width=0) (actual time=5320.041..13118.411 rows=276101 loops=1)
  Filter: ((person_id > 993885) AND (role_id > 10))
  Rows Removed by Filter: 35968243
Planning time: 0.317 ms
Execution time: 13150.348 ms
