Hash Join  (cost=92883.59..167180.54 rows=333586 width=0) (actual time=2169.860..3248.005 rows=313416 loops=1)
  Hash Cond: (mc.movie_id = t.id)
  ->  Seq Scan on movie_companies mc  (cost=0.00..57926.93 rows=547431 width=4) (actual time=0.018..1027.205 rows=758075 loops=1)
        Filter: ((company_id < 7851) AND (company_type_id < 2))
        Rows Removed by Filter: 1851054
  ->  Hash  (cost=67604.59..67604.59 rows=1540800 width=4) (actual time=1541.016..1541.016 rows=1543264 loops=1)
        Buckets: 131072  Batches: 32  Memory Usage: 2722kB
        ->  Seq Scan on title t  (cost=0.00..67604.59 rows=1540800 width=4) (actual time=0.013..1052.413 rows=1543264 loops=1)
              Filter: (kind_id = 7)
              Rows Removed by Filter: 985048
Planning time: 0.579 ms
Execution time: 3283.073 ms
