Hash Join  (cost=420882.54..1171724.42 rows=5277 width=0) (actual time=5879.717..21114.821 rows=35958 loops=1)
  Hash Cond: (ci.movie_id = t.id)
  ->  Seq Scan on cast_info ci  (cost=0.00..614943.12 rows=36225612 width=4) (actual time=0.014..7634.386 rows=36244344 loops=1)
  ->  Hash  (cost=420877.94..420877.94 rows=368 width=8) (actual time=5879.562..5879.562 rows=752 loops=1)
        Buckets: 1024  Batches: 1  Memory Usage: 38kB
        ->  Hash Join  (cost=74574.97..420877.94 rows=368 width=8) (actual time=2368.878..5879.313 rows=752 loops=1)
              Hash Cond: (mi.movie_id = t.id)
              ->  Seq Scan on movie_info mi  (cost=0.00..346232.03 rows=17937 width=4) (actual time=1106.163..4756.316 rows=61128 loops=1)
                    Filter: (info_type_id = 103)
                    Rows Removed by Filter: 14774592
              ->  Hash  (cost=73925.90..73925.90 rows=51925 width=4) (actual time=1101.867..1101.867 rows=56480 loops=1)
                    Buckets: 65536  Batches: 1  Memory Usage: 2498kB
                    ->  Seq Scan on title t  (cost=0.00..73925.90 rows=51925 width=4) (actual time=0.051..1079.192 rows=56480 loops=1)
                          Filter: ((kind_id = 7) AND (production_year = 2004))
                          Rows Removed by Filter: 2471832
Planning time: 4.537 ms
Execution time: 21121.743 ms
