Nested Loop  (cost=0.43..58375.18 rows=53 width=0) (actual time=149.795..768.228 rows=19 loops=1)
  ->  Seq Scan on movie_companies mc  (cost=0.00..57926.93 rows=53 width=4) (actual time=149.710..767.319 rows=19 loops=1)
        Filter: ((company_id = 103870) AND (company_type_id = 2))
        Rows Removed by Filter: 2609110
  ->  Index Only Scan using title_pkey on title t  (cost=0.43..8.45 rows=1 width=4) (actual time=0.041..0.042 rows=1 loops=19)
        Index Cond: (id = mc.movie_id)
        Heap Fetches: 19
Planning time: 0.785 ms
Execution time: 768.312 ms
