Hash Join  (cost=129989.92..871084.22 rows=8152 width=0) (actual time=2067.118..14826.793 rows=8355 loops=1)
  Hash Cond: (ci.movie_id = t.id)
  ->  Seq Scan on cast_info ci  (cost=0.00..705507.15 rows=9468168 width=4) (actual time=0.020..11397.573 rows=9384703 loops=1)
        Filter: (role_id > 4)
        Rows Removed by Filter: 26859641
  ->  Hash  (cost=129962.71..129962.71 rows=2177 width=8) (actual time=2057.896..2057.896 rows=1797 loops=1)
        Buckets: 4096  Batches: 1  Memory Usage: 103kB
        ->  Hash Join  (cost=73982.55..129962.71 rows=2177 width=8) (actual time=1398.843..2057.128 rows=1797 loops=1)
              Hash Cond: (mc.movie_id = t.id)
              ->  Seq Scan on movie_companies mc  (cost=0.00..51404.11 rows=1214473 width=4) (actual time=13.158..782.993 rows=1226466 loops=1)
                    Filter: (company_id > 11954)
                    Rows Removed by Filter: 1382663
              ->  Hash  (cost=73925.90..73925.90 rows=4532 width=4) (actual time=1048.561..1048.561 rows=8145 loops=1)
                    Buckets: 8192  Batches: 1  Memory Usage: 351kB
                    ->  Seq Scan on title t  (cost=0.00..73925.90 rows=4532 width=4) (actual time=0.126..1044.323 rows=8145 loops=1)
                          Filter: ((kind_id = 7) AND (production_year = 1968))
                          Rows Removed by Filter: 2520167
Planning time: 1.158 ms
Execution time: 14828.317 ms
