Hash Join  (cost=105357.69..220024.94 rows=2254028 width=0) (actual time=2138.627..5581.232 rows=2115923 loops=1)
  Hash Cond: (mc.movie_id = t.id)
  ->  Seq Scan on movie_companies mc  (cost=0.00..51404.11 rows=2476772 width=4) (actual time=0.024..1219.805 rows=2477541 loops=1)
        Filter: (company_id < 140499)
        Rows Removed by Filter: 131588
  ->  Hash  (cost=67604.59..67604.59 rows=2301128 width=4) (actual time=2137.932..2137.932 rows=2292034 loops=1)
        Buckets: 131072  Batches: 32  Memory Usage: 3546kB
        ->  Seq Scan on title t  (cost=0.00..67604.59 rows=2301128 width=4) (actual time=0.020..1419.633 rows=2292034 loops=1)
              Filter: (production_year > 1949)
              Rows Removed by Filter: 236278
Planning time: 0.737 ms
Execution time: 5831.068 ms
