Seq Scan on movie_keyword mk  (cost=0.00..81003.12 rows=246 width=0) (actual time=22.024..1125.140 rows=234 loops=1)
  Filter: (keyword_id = 16484)
  Rows Removed by Filter: 4523696
Planning time: 0.407 ms
Execution time: 1125.346 ms
