Seq Scan on movie_companies mc  (cost=0.00..51404.11 rows=104 width=0) (actual time=0.198..772.512 rows=403 loops=1)
  Filter: (company_id = 15192)
  Rows Removed by Filter: 2608726
Planning time: 3.700 ms
Execution time: 772.687 ms
