Hash Join  (cost=67697.55..880941.71 rows=13364 width=0) (actual time=902.073..10835.409 rows=34451 loops=1)
  Hash Cond: (ci.movie_id = t.id)
  ->  Seq Scan on cast_info ci  (cost=0.00..796071.18 rows=4543825 width=4) (actual time=66.567..8889.719 rows=5075516 loops=1)
        Filter: ((person_id < 547429) AND (role_id < 8))
        Rows Removed by Filter: 31168828
  ->  Hash  (cost=67604.59..67604.59 rows=7437 width=4) (actual time=835.135..835.135 rows=14456 loops=1)
        Buckets: 16384 (originally 8192)  Batches: 1 (originally 1)  Memory Usage: 637kB
        ->  Seq Scan on title t  (cost=0.00..67604.59 rows=7437 width=4) (actual time=0.175..828.684 rows=14456 loops=1)
              Filter: (production_year = 1981)
              Rows Removed by Filter: 2513856
Planning time: 0.767 ms
Execution time: 10841.401 ms
