Hash Join  (cost=52284.94..416945.48 rows=461 width=0) (actual time=1293.115..6693.795 rows=5 loops=1)
  Hash Cond: (mi.movie_id = t.id)
  ->  Seq Scan on movie_info mi  (cost=0.00..309384.22 rows=14739122 width=4) (actual time=0.016..3331.798 rows=14835720 loops=1)
  ->  Hash  (cost=52283.95..52283.95 rows=79 width=8) (actual time=703.800..703.800 rows=1 loops=1)
        Buckets: 1024  Batches: 1  Memory Usage: 9kB
        ->  Nested Loop  (cost=0.43..52283.95 rows=79 width=8) (actual time=225.695..703.784 rows=1 loops=1)
              ->  Seq Scan on movie_companies mc  (cost=0.00..51404.11 rows=104 width=4) (actual time=225.621..703.708 rows=1 loops=1)
                    Filter: (company_id = 132102)
                    Rows Removed by Filter: 2609128
              ->  Index Scan using title_pkey on title t  (cost=0.43..8.45 rows=1 width=4) (actual time=0.066..0.067 rows=1 loops=1)
                    Index Cond: (id = mc.movie_id)
                    Filter: (production_year > 1982)
Planning time: 1.255 ms
Execution time: 6693.980 ms
