Seq Scan on movie_keyword mk  (cost=0.00..81003.12 rows=246 width=0) (actual time=0.174..1207.738 rows=307 loops=1)
  Filter: (keyword_id = 13444)
  Rows Removed by Filter: 4523623
Planning time: 0.419 ms
Execution time: 1207.973 ms
