Seq Scan on cast_info ci  (cost=0.00..796071.18 rows=3723930 width=0) (actual time=0.023..11465.373 rows=4803206 loops=1)
  Filter: ((person_id < 644294) AND (role_id < 3))
  Rows Removed by Filter: 31441138
Planning time: 0.319 ms
Execution time: 12082.816 ms
