Hash Join  (cost=709678.15..736591.36 rows=273 width=0) (actual time=9781.519..10368.789 rows=1260 loops=1)
  Hash Cond: (mi_idx.movie_id = t.id)
  ->  Seq Scan on movie_info_idx mi_idx  (cost=0.00..21735.35 rows=1380035 width=4) (actual time=0.016..314.420 rows=1380035 loops=1)
  ->  Hash  (cost=709671.90..709671.90 rows=500 width=8) (actual time=9781.273..9781.273 rows=854 loops=1)
        Buckets: 1024  Batches: 1  Memory Usage: 42kB
        ->  Nested Loop  (cost=0.43..709671.90 rows=500 width=8) (actual time=96.420..9780.838 rows=854 loops=1)
              ->  Seq Scan on cast_info ci  (cost=0.00..705507.15 rows=500 width=4) (actual time=96.337..9766.898 rows=854 loops=1)
                    Filter: (person_id = 116288)
                    Rows Removed by Filter: 36243490
              ->  Index Only Scan using title_pkey on title t  (cost=0.43..8.32 rows=1 width=4) (actual time=0.015..0.016 rows=1 loops=854)
                    Index Cond: (id = ci.movie_id)
                    Heap Fetches: 854
Planning time: 1.222 ms
Execution time: 10369.111 ms
