Seq Scan on movie_companies mc  (cost=0.00..51404.11 rows=749951 width=0) (actual time=0.025..810.295 rows=754523 loops=1)
  Filter: (company_id > 36277)
  Rows Removed by Filter: 1854606
Planning time: 0.361 ms
Execution time: 903.934 ms
