Nested Loop  (cost=0.43..72427.01 rows=1453 width=0) (actual time=0.407..760.961 rows=1181 loops=1)
  ->  Seq Scan on movie_companies mc  (cost=0.00..51404.11 rows=2696 width=4) (actual time=0.319..699.396 rows=2760 loops=1)
        Filter: (company_id = 31)
        Rows Removed by Filter: 2606369
  ->  Index Scan using title_pkey on title t  (cost=0.43..7.79 rows=1 width=4) (actual time=0.022..0.022 rows=0 loops=2760)
        Index Cond: (id = mc.movie_id)
        Filter: ((kind_id > 3) AND (production_year < 2011))
        Rows Removed by Filter: 1
Planning time: 0.890 ms
Execution time: 761.366 ms
