Hash Join  (cost=304631.41..1832605.94 rows=39289434 width=0) (actual time=6788.186..70031.045 rows=133159443 loops=1)
  Hash Cond: (ci.movie_id = t.id)
  ->  Seq Scan on cast_info ci  (cost=0.00..614943.12 rows=36225612 width=4) (actual time=0.013..11859.248 rows=36244344 loops=1)
  ->  Hash  (cost=259638.66..259638.66 rows=2742380 width=8) (actual time=6785.375..6785.375 rows=2734006 loops=1)
        Buckets: 131072  Batches: 64  Memory Usage: 2717kB
        ->  Hash Join  (cost=102767.86..259638.66 rows=2742380 width=8) (actual time=1781.824..6028.610 rows=2734006 loops=1)
              Hash Cond: (mk.movie_id = t.id)
              ->  Seq Scan on movie_keyword mk  (cost=0.00..81003.12 rows=2742380 width=4) (actual time=0.017..1565.209 rows=2734006 loops=1)
                    Filter: (keyword_id > 2891)
                    Rows Removed by Filter: 1789924
              ->  Hash  (cost=61283.27..61283.27 rows=2528527 width=4) (actual time=1780.476..1780.476 rows=2528312 loops=1)
                    Buckets: 131072  Batches: 64  Memory Usage: 2425kB
                    ->  Seq Scan on title t  (cost=0.00..61283.27 rows=2528527 width=4) (actual time=0.025..908.523 rows=2528312 loops=1)
Planning time: 1.220 ms
Execution time: 85150.844 ms
