Hash Join  (cost=483507.14..623181.30 rows=1450512 width=0) (actual time=8355.239..12928.031 rows=5855791 loops=1)
  Hash Cond: (mk.movie_id = t.id)
  ->  Seq Scan on movie_keyword mk  (cost=0.00..69693.30 rows=4523930 width=4) (actual time=0.014..1336.574 rows=4523930 loops=1)
  ->  Hash  (cost=470206.09..470206.09 rows=810724 width=8) (actual time=8353.517..8353.517 rows=301797 loops=1)
        Buckets: 131072  Batches: 16  Memory Usage: 1780kB
        ->  Hash Join  (cost=92735.26..470206.09 rows=810724 width=8) (actual time=5346.577..8265.452 rows=301797 loops=1)
              Hash Cond: (mi.movie_id = t.id)
              ->  Seq Scan on movie_info mi  (cost=0.00..346232.03 rows=1338312 width=4) (actual time=3243.417..5212.015 rows=1401902 loops=1)
                    Filter: (info_type_id = 7)
                    Rows Removed by Filter: 13433818
              ->  Hash  (cost=67604.59..67604.59 rows=1531734 width=4) (actual time=2102.321..2102.321 rows=1531613 loops=1)
                    Buckets: 131072  Batches: 32  Memory Usage: 2716kB
                    ->  Seq Scan on title t  (cost=0.00..67604.59 rows=1531734 width=4) (actual time=0.034..1273.560 rows=1531613 loops=1)
                          Filter: (production_year > 1997)
                          Rows Removed by Filter: 996699
Planning time: 1.235 ms
Execution time: 13608.011 ms
