Hash Join  (cost=116097.92..219032.44 rows=116692 width=0) (actual time=2483.116..4629.608 rows=772117 loops=1)
  Hash Cond: (mk.movie_id = t.id)
  ->  Seq Scan on movie_keyword mk  (cost=0.00..81003.12 rows=1738260 width=4) (actual time=0.019..1419.530 rows=1749067 loops=1)
        Filter: (keyword_id > 7981)
        Rows Removed by Filter: 2774863
  ->  Hash  (cost=113312.12..113312.12 rows=169744 width=8) (actual time=2482.323..2482.323 rows=179467 loops=1)
        Buckets: 131072  Batches: 4  Memory Usage: 2780kB
        ->  Hash Join  (cost=72707.20..113312.12 rows=169744 width=8) (actual time=1377.517..2439.176 rows=179467 loops=1)
              Hash Cond: (mi_idx.movie_id = t.id)
              ->  Seq Scan on movie_info_idx mi_idx  (cost=0.00..21735.35 rows=1380035 width=4) (actual time=0.029..452.718 rows=1380035 loops=1)
              ->  Hash  (cost=67604.59..67604.59 rows=311009 width=4) (actual time=1376.703..1376.703 rows=309534 loops=1)
                    Buckets: 131072  Batches: 8  Memory Usage: 2378kB
                    ->  Seq Scan on title t  (cost=0.00..67604.59 rows=311009 width=4) (actual time=0.050..1091.368 rows=309534 loops=1)
                          Filter: (production_year < 1966)
                          Rows Removed by Filter: 2218778
Planning time: 1.252 ms
Execution time: 4692.804 ms
