Nested Loop  (cost=0.43..58375.31 rows=38 width=0) (actual time=278.018..770.196 rows=3 loops=1)
  ->  Seq Scan on movie_companies mc  (cost=0.00..57926.93 rows=53 width=4) (actual time=277.951..770.019 rows=3 loops=1)
        Filter: ((company_id = 144178) AND (company_type_id = 2))
        Rows Removed by Filter: 2609126
  ->  Index Scan using title_pkey on title t  (cost=0.43..8.45 rows=1 width=4) (actual time=0.050..0.051 rows=1 loops=3)
        Index Cond: (id = mc.movie_id)
        Filter: (production_year > 1988)
Planning time: 0.863 ms
Execution time: 770.289 ms
