Hash Join  (cost=709678.15..1074363.23 rows=2915 width=0) (actual time=10166.106..16899.805 rows=3256 loops=1)
  Hash Cond: (mi.movie_id = t.id)
  ->  Seq Scan on movie_info mi  (cost=0.00..309384.22 rows=14739122 width=4) (actual time=0.008..3974.516 rows=14835720 loops=1)
  ->  Hash  (cost=709671.90..709671.90 rows=500 width=8) (actual time=10154.614..10154.614 rows=254 loops=1)
        Buckets: 1024  Batches: 1  Memory Usage: 18kB
        ->  Nested Loop  (cost=0.43..709671.90 rows=500 width=8) (actual time=3338.063..10154.489 rows=254 loops=1)
              ->  Seq Scan on cast_info ci  (cost=0.00..705507.15 rows=500 width=4) (actual time=3337.936..10145.056 rows=254 loops=1)
                    Filter: (person_id = 2208247)
                    Rows Removed by Filter: 36244090
              ->  Index Only Scan using title_pkey on title t  (cost=0.43..8.32 rows=1 width=4) (actual time=0.036..0.036 rows=1 loops=254)
                    Index Cond: (id = ci.movie_id)
                    Heap Fetches: 254
Planning time: 1.148 ms
Execution time: 16900.838 ms
