Hash Join  (cost=206327.35..341140.51 rows=1309100 width=0) (actual time=4142.838..9488.633 rows=10643132 loops=1)
  Hash Cond: (mk.movie_id = t.id)
  ->  Seq Scan on movie_keyword mk  (cost=0.00..81003.12 rows=3168544 width=4) (actual time=0.025..1548.010 rows=3157571 loops=1)
        Filter: (keyword_id < 12233)
        Rows Removed by Filter: 1366359
  ->  Hash  (cost=189187.92..189187.92 rows=1044674 width=8) (actual time=4141.812..4141.812 rows=1042205 loops=1)
        Buckets: 131072  Batches: 16  Memory Usage: 3584kB
        ->  Hash Join  (cost=102767.86..189187.92 rows=1044674 width=8) (actual time=1886.360..3853.518 rows=1042205 loops=1)
              Hash Cond: (mc.movie_id = t.id)
              ->  Seq Scan on movie_companies mc  (cost=0.00..51404.11 rows=1044674 width=4) (actual time=0.014..804.147 rows=1042205 loops=1)
                    Filter: (company_id < 6012)
                    Rows Removed by Filter: 1566924
              ->  Hash  (cost=61283.27..61283.27 rows=2528527 width=4) (actual time=1885.566..1885.566 rows=2528312 loops=1)
                    Buckets: 131072  Batches: 64  Memory Usage: 2415kB
                    ->  Seq Scan on title t  (cost=0.00..61283.27 rows=2528527 width=4) (actual time=0.017..1034.978 rows=2528312 loops=1)
Planning time: 1.245 ms
Execution time: 10661.641 ms
