Hash Join  (cost=448675.71..1293323.95 rows=419703 width=0) (actual time=8157.981..23560.863 rows=1811159 loops=1)
  Hash Cond: (ci.movie_id = t.id)
  ->  Seq Scan on cast_info ci  (cost=0.00..796071.18 rows=3742408 width=4) (actual time=762.490..12254.053 rows=7543134 loops=1)
        Filter: ((person_id < 1028993) AND (role_id = 1))
        Rows Removed by Filter: 28701210
  ->  Hash  (cost=444023.10..444023.10 rows=283569 width=8) (actual time=7394.691..7394.691 rows=342410 loops=1)
        Buckets: 131072 (originally 131072)  Batches: 8 (originally 4)  Memory Usage: 3073kB
        ->  Hash Join  (cost=82131.75..444023.10 rows=283569 width=8) (actual time=1711.132..7285.037 rows=342410 loops=1)
              Hash Cond: (mi.movie_id = t.id)
              ->  Seq Scan on movie_info mi  (cost=0.00..346232.03 rows=809768 width=4) (actual time=280.243..5137.474 rows=802140 loops=1)
                    Filter: (info_type_id < 2)
                    Rows Removed by Filter: 14033580
              ->  Hash  (cost=67604.59..67604.59 rows=885453 width=4) (actual time=1429.876..1429.876 rows=885650 loops=1)
                    Buckets: 131072  Batches: 16  Memory Usage: 2979kB
                    ->  Seq Scan on title t  (cost=0.00..67604.59 rows=885453 width=4) (actual time=0.013..1133.956 rows=885650 loops=1)
                          Filter: (production_year < 1997)
                          Rows Removed by Filter: 1642662
Planning time: 1.219 ms
Execution time: 23761.682 ms
