Nested Loop  (cost=0.43..709673.15 rows=350 width=0) (actual time=4781.038..9747.781 rows=6 loops=1)
  ->  Seq Scan on cast_info ci  (cost=0.00..705507.15 rows=500 width=4) (actual time=4780.861..9746.614 rows=12 loops=1)
        Filter: (person_id = 102532)
        Rows Removed by Filter: 36244332
  ->  Index Scan using title_pkey on title t  (cost=0.43..8.32 rows=1 width=4) (actual time=0.084..0.085 rows=0 loops=12)
        Index Cond: (id = ci.movie_id)
        Filter: (kind_id > 2)
        Rows Removed by Filter: 0
Planning time: 0.688 ms
Execution time: 9747.877 ms
