Hash Join  (cost=102767.86..952461.46 rows=1817872 width=0) (actual time=12085.447..17917.047 rows=3671588 loops=1)
  Hash Cond: (ci.movie_id = t.id)
  ->  Seq Scan on cast_info ci  (cost=0.00..796071.18 rows=1817872 width=4) (actual time=10003.050..12385.414 rows=3671588 loops=1)
        Filter: ((person_id < 490656) AND (role_id = 1))
        Rows Removed by Filter: 32572756
  ->  Hash  (cost=61283.27..61283.27 rows=2528527 width=4) (actual time=2081.050..2081.050 rows=2528312 loops=1)
        Buckets: 131072  Batches: 64  Memory Usage: 2415kB
        ->  Seq Scan on title t  (cost=0.00..61283.27 rows=2528527 width=4) (actual time=0.014..988.333 rows=2528312 loops=1)
Planning time: 0.795 ms
Execution time: 18338.928 ms
