Hash Join  (cost=102767.86..220309.49 rows=2609129 width=0) (actual time=734.934..2354.325 rows=2609129 loops=1)
  Hash Cond: (mc.movie_id = t.id)
  ->  Seq Scan on movie_companies mc  (cost=0.00..44881.29 rows=2609129 width=4) (actual time=0.016..339.301 rows=2609129 loops=1)
  ->  Hash  (cost=61283.27..61283.27 rows=2528527 width=4) (actual time=734.008..734.008 rows=2528312 loops=1)
        Buckets: 131072  Batches: 64  Memory Usage: 2415kB
        ->  Seq Scan on title t  (cost=0.00..61283.27 rows=2528527 width=4) (actual time=0.010..371.216 rows=2528312 loops=1)
Planning time: 0.430 ms
Execution time: 2506.922 ms
