Seq Scan on title t  (cost=0.00..67604.59 rows=2391495 width=94) (actual time=0.024..443.016 rows=2388876 loops=1)
  Filter: (production_year < 2013)
  Rows Removed by Filter: 139436
Planning time: 0.444 ms
Execution time: 519.268 ms
