Hash Join  (cost=83074.16..143790.99 rows=147 width=0) (actual time=937.554..2268.932 rows=161 loops=1)
  Hash Cond: (mc.movie_id = t.id)
  ->  Seq Scan on movie_companies mc  (cost=0.00..51404.11 rows=2482999 width=4) (actual time=0.020..988.374 rows=2483607 loops=1)
        Filter: (company_id < 143523)
        Rows Removed by Filter: 125522
  ->  Hash  (cost=83072.29..83072.29 rows=150 width=8) (actual time=933.540..933.540 rows=64 loops=1)
        Buckets: 1024  Batches: 1  Memory Usage: 11kB
        ->  Nested Loop  (cost=0.43..83072.29 rows=150 width=8) (actual time=4.402..933.476 rows=64 loops=1)
              ->  Seq Scan on movie_keyword mk  (cost=0.00..81003.12 rows=246 width=4) (actual time=0.804..920.598 rows=344 loops=1)
                    Filter: (keyword_id = 5478)
                    Rows Removed by Filter: 4523586
              ->  Index Scan using title_pkey on title t  (cost=0.43..8.40 rows=1 width=4) (actual time=0.036..0.036 rows=0 loops=344)
                    Index Cond: (id = mk.movie_id)
                    Filter: (kind_id = 7)
                    Rows Removed by Filter: 1
Planning time: 1.138 ms
Execution time: 2269.119 ms
