Seq Scan on cast_info ci  (cost=0.00..705507.15 rows=21466535 width=0) (actual time=0.022..12576.065 rows=21320035 loops=1)
  Filter: (person_id < 2157749)
  Rows Removed by Filter: 14924309
Planning time: 0.310 ms
Execution time: 15212.721 ms
