Seq Scan on cast_info ci  (cost=0.00..705507.15 rows=33940653 width=0) (actual time=0.021..13847.919 rows=33913710 loops=1)
  Filter: (person_id < 3607595)
  Rows Removed by Filter: 2330634
Planning time: 0.348 ms
Execution time: 18020.238 ms
