Seq Scan on movie_companies mc  (cost=0.00..57926.93 rows=977331 width=0) (actual time=355.895..1022.850 rows=834164 loops=1)
  Filter: ((company_id > 735) AND (company_type_id < 2))
  Rows Removed by Filter: 1774965
Planning time: 0.233 ms
Execution time: 1128.762 ms
