Hash Join  (cost=81152.82..114192.95 rows=80303 width=0) (actual time=1390.447..2192.704 rows=166685 loops=1)
  Hash Cond: (mi_idx.movie_id = t.id)
  ->  Seq Scan on movie_info_idx mi_idx  (cost=0.00..25185.44 rows=460978 width=4) (actual time=0.024..427.904 rows=459925 loops=1)
        Filter: (info_type_id < 100)
        Rows Removed by Filter: 920110
  ->  Hash  (cost=73925.90..73925.90 rows=440473 width=4) (actual time=1389.504..1389.504 rows=473918 loops=1)
        Buckets: 131072  Batches: 8  Memory Usage: 3117kB
        ->  Seq Scan on title t  (cost=0.00..73925.90 rows=440473 width=4) (actual time=420.817..1247.134 rows=473918 loops=1)
              Filter: ((production_year < 2008) AND (kind_id = 1))
              Rows Removed by Filter: 2054394
Planning time: 0.764 ms
Execution time: 2215.285 ms
