Hash Join  (cost=114663.39..202233.69 rows=91226 width=0) (actual time=2180.778..3992.732 rows=132216 loops=1)
  Hash Cond: (mk.movie_id = t.id)
  ->  Seq Scan on movie_keyword mk  (cost=0.00..69693.30 rows=4523930 width=4) (actual time=0.026..958.248 rows=4523930 loops=1)
  ->  Hash  (cost=114026.04..114026.04 rows=50988 width=8) (actual time=2180.375..2180.375 rows=33996 loops=1)
        Buckets: 65536  Batches: 1  Memory Usage: 1840kB
        ->  Hash Join  (cost=75458.68..114026.04 rows=50988 width=8) (actual time=1272.987..2168.846 rows=33996 loops=1)
              Hash Cond: (mi_idx.movie_id = t.id)
              ->  Seq Scan on movie_info_idx mi_idx  (cost=0.00..21735.35 rows=1380035 width=4) (actual time=0.018..423.605 rows=1380035 loops=1)
              ->  Hash  (cost=73925.90..73925.90 rows=93422 width=4) (actual time=1271.929..1271.929 rows=100754 loops=1)
                    Buckets: 131072  Batches: 2  Memory Usage: 2802kB
                    ->  Seq Scan on title t  (cost=0.00..73925.90 rows=93422 width=4) (actual time=0.021..1233.480 rows=100754 loops=1)
                          Filter: ((kind_id > 1) AND (production_year = 2008))
                          Rows Removed by Filter: 2427558
Planning time: 1.156 ms
Execution time: 4009.594 ms
