Hash Join  (cost=156649.15..287353.96 rows=656989 width=0) (actual time=3550.306..7615.613 rows=2812717 loops=1)
  Hash Cond: (mk.movie_id = t.id)
  ->  Seq Scan on movie_keyword mk  (cost=0.00..81003.12 rows=3573013 width=4) (actual time=0.018..1767.714 rows=3570111 loops=1)
        Filter: (keyword_id > 889)
        Rows Removed by Filter: 953819
  ->  Hash  (cost=149020.47..149020.47 rows=464934 width=8) (actual time=3549.402..3549.402 rows=460185 loops=1)
        Buckets: 131072  Batches: 8  Memory Usage: 3286kB
        ->  Hash Join  (cost=102767.86..149020.47 rows=464934 width=8) (actual time=2020.867..3401.056 rows=460185 loops=1)
              Hash Cond: (mi_idx.movie_id = t.id)
              ->  Seq Scan on movie_info_idx mi_idx  (cost=0.00..25185.44 rows=464934 width=4) (actual time=0.021..521.520 rows=460185 loops=1)
                    Filter: (info_type_id > 100)
                    Rows Removed by Filter: 919850
              ->  Hash  (cost=61283.27..61283.27 rows=2528527 width=4) (actual time=2018.811..2018.811 rows=2528312 loops=1)
                    Buckets: 131072  Batches: 64  Memory Usage: 2415kB
                    ->  Seq Scan on title t  (cost=0.00..61283.27 rows=2528527 width=4) (actual time=0.021..1167.165 rows=2528312 loops=1)
Planning time: 0.808 ms
Execution time: 7963.067 ms
