Seq Scan on movie_companies mc  (cost=0.00..57926.93 rows=690596 width=0) (actual time=0.015..1008.453 rows=929952 loops=1)
  Filter: ((company_id > 11147) AND (company_type_id > 1))
  Rows Removed by Filter: 1679177
Planning time: 0.332 ms
Execution time: 1121.862 ms
