Hash Join  (cost=70241.71..196814.34 rows=234190 width=0) (actual time=1138.758..4226.721 rows=116459 loops=1)
  Hash Cond: (mk.movie_id = t.id)
  ->  Seq Scan on movie_keyword mk  (cost=0.00..81003.12 rows=3684161 width=4) (actual time=0.014..1705.512 rows=3677838 loops=1)
        Filter: (keyword_id < 21711)
        Rows Removed by Filter: 846092
  ->  Hash  (cost=67604.59..67604.59 rows=160730 width=4) (actual time=1138.064..1138.064 rows=160017 loops=1)
        Buckets: 131072  Batches: 4  Memory Usage: 2442kB
        ->  Seq Scan on title t  (cost=0.00..67604.59 rows=160730 width=4) (actual time=0.019..1078.804 rows=160017 loops=1)
              Filter: (production_year = 2011)
              Rows Removed by Filter: 2368295
Planning time: 0.522 ms
Execution time: 4242.227 ms
