Hash Join  (cost=88295.76..158504.63 rows=221646 width=0) (actual time=2036.204..3339.546 rows=359772 loops=1)
  Hash Cond: (mc.movie_id = t.id)
  ->  Seq Scan on movie_companies mc  (cost=0.00..57926.93 rows=444393 width=4) (actual time=406.474..1039.216 rows=770370 loops=1)
        Filter: ((company_id > 22965) AND (company_type_id = 2))
        Rows Removed by Filter: 1838759
  ->  Hash  (cost=67604.59..67604.59 rows=1261134 width=4) (actual time=1628.861..1628.861 rows=1260295 loops=1)
        Buckets: 131072  Batches: 32  Memory Usage: 2413kB
        ->  Seq Scan on title t  (cost=0.00..67604.59 rows=1261134 width=4) (actual time=0.024..1207.248 rows=1260295 loops=1)
              Filter: (production_year > 2002)
              Rows Removed by Filter: 1268017
Planning time: 0.805 ms
Execution time: 3381.709 ms
