Hash Join  (cost=139597.14..1040840.36 rows=1604558 width=0) (actual time=9337.610..25365.105 rows=7259693 loops=1)
  Hash Cond: (ci.movie_id = t.id)
  ->  Seq Scan on cast_info ci  (cost=0.00..796071.18 rows=7525988 width=4) (actual time=6079.040..14888.098 rows=11004494 loops=1)
        Filter: ((person_id > 1930408) AND (role_id > 2))
        Rows Removed by Filter: 25239850
  ->  Hash  (cost=130752.54..130752.54 rows=539088 width=8) (actual time=3257.683..3257.683 rows=954317 loops=1)
        Buckets: 131072 (originally 131072)  Batches: 16 (originally 8)  Memory Usage: 3354kB
        ->  Hash Join  (cost=83810.17..130752.54 rows=539088 width=8) (actual time=1390.847..2967.222 rows=954317 loops=1)
              Hash Cond: (mi_idx.movie_id = t.id)
              ->  Seq Scan on movie_info_idx mi_idx  (cost=0.00..21735.35 rows=1380035 width=4) (actual time=0.028..475.027 rows=1380035 loops=1)
              ->  Hash  (cost=67604.59..67604.59 rows=987727 width=4) (actual time=1389.518..1389.518 rows=985048 loops=1)
                    Buckets: 131072  Batches: 16  Memory Usage: 3188kB
                    ->  Seq Scan on title t  (cost=0.00..67604.59 rows=987727 width=4) (actual time=0.025..1071.387 rows=985048 loops=1)
                          Filter: (kind_id < 7)
                          Rows Removed by Filter: 1543264
Planning time: 1.135 ms
Execution time: 26156.680 ms
