Seq Scan on cast_info ci  (cost=0.00..705507.15 rows=25348635 width=0) (actual time=0.023..13661.591 rows=25361402 loops=1)
  Filter: (person_id < 2618204)
  Rows Removed by Filter: 10882942
Planning time: 2.452 ms
Execution time: 16864.102 ms
