Hash Join  (cost=74323.94..161551.70 rows=56972 width=0) (actual time=2391.645..3263.689 rows=12672 loops=1)
  Hash Cond: (mk.movie_id = t.id)
  ->  Seq Scan on movie_keyword mk  (cost=0.00..69693.30 rows=4523930 width=4) (actual time=0.017..1105.447 rows=4523930 loops=1)
  ->  Hash  (cost=73925.90..73925.90 rows=31843 width=4) (actual time=1319.968..1319.968 rows=35656 loops=1)
        Buckets: 65536 (originally 32768)  Batches: 1 (originally 1)  Memory Usage: 1766kB
        ->  Seq Scan on title t  (cost=0.00..73925.90 rows=31843 width=4) (actual time=150.976..1304.479 rows=35656 loops=1)
              Filter: ((kind_id = 7) AND (production_year = 2000))
              Rows Removed by Filter: 2492656
Planning time: 1.729 ms
Execution time: 3265.452 ms
