Seq Scan on movie_companies mc  (cost=0.00..57926.93 rows=53 width=0) (actual time=278.150..944.299 rows=93 loops=1)
  Filter: ((company_type_id > 1) AND (company_id = 71416))
  Rows Removed by Filter: 2609036
Planning time: 0.394 ms
Execution time: 944.426 ms
