Seq Scan on movie_keyword mk  (cost=0.00..81003.12 rows=3650012 width=0) (actual time=0.015..1541.635 rows=3642204 loops=1)
  Filter: (keyword_id < 20921)
  Rows Removed by Filter: 881726
Planning time: 0.234 ms
Execution time: 1998.564 ms
