Hash Join  (cost=837855.13..1587131.56 rows=2807777 width=0) (actual time=22017.109..38430.052 rows=15495142 loops=1)
  Hash Cond: (mi.movie_id = t.id)
  ->  Seq Scan on movie_info mi  (cost=0.00..309384.22 rows=14739122 width=4) (actual time=0.006..5984.297 rows=14835720 loops=1)
  ->  Hash  (cost=829952.13..829952.13 rows=481680 width=8) (actual time=21420.471..21420.471 rows=500909 loops=1)
        Buckets: 131072  Batches: 8  Memory Usage: 3550kB
        ->  Hash Join  (cost=74346.17..829952.13 rows=481680 width=8) (actual time=1105.670..21153.167 rows=500909 loops=1)
              Hash Cond: (ci.movie_id = t.id)
              ->  Seq Scan on cast_info ci  (cost=0.00..614943.12 rows=36225612 width=4) (actual time=0.019..9901.369 rows=36244344 loops=1)
              ->  Hash  (cost=73925.90..73925.90 rows=33621 width=4) (actual time=1105.282..1105.282 rows=28104 loops=1)
                    Buckets: 65536  Batches: 1  Memory Usage: 1501kB
                    ->  Seq Scan on title t  (cost=0.00..73925.90 rows=33621 width=4) (actual time=0.057..1094.185 rows=28104 loops=1)
                          Filter: ((kind_id = 1) AND (production_year = 2009))
                          Rows Removed by Filter: 2500208
Planning time: 1.212 ms
Execution time: 40039.790 ms
