Hash Join  (cost=149262.46..280385.12 rows=233923 width=0) (actual time=3214.724..7791.435 rows=4312503 loops=1)
  Hash Cond: (mk.movie_id = t.id)
  ->  Seq Scan on movie_keyword mk  (cost=0.00..81003.12 rows=4083280 width=4) (actual time=0.015..1917.811 rows=4070600 loops=1)
        Filter: (keyword_id > 347)
        Rows Removed by Filter: 453330
  ->  Hash  (cost=146885.79..146885.79 rows=144854 width=8) (actual time=3213.877..3213.877 rows=493244 loops=1)
        Buckets: 131072 (originally 131072)  Batches: 8 (originally 2)  Memory Usage: 3459kB
        ->  Hash Join  (cost=78556.72..146885.79 rows=144854 width=8) (actual time=1352.941..3039.495 rows=493244 loops=1)
              Hash Cond: (mc.movie_id = t.id)
              ->  Seq Scan on movie_companies mc  (cost=0.00..57926.93 rows=548690 width=4) (actual time=0.024..991.135 rows=847821 loops=1)
                    Filter: ((company_id > 14232) AND (company_type_id = 2))
                    Rows Removed by Filter: 1761308
              ->  Hash  (cost=67604.59..67604.59 rows=667531 width=4) (actual time=1352.182..1352.182 rows=662825 loops=1)
                    Buckets: 131072  Batches: 16  Memory Usage: 2476kB
                    ->  Seq Scan on title t  (cost=0.00..67604.59 rows=667531 width=4) (actual time=24.063..1153.500 rows=662825 loops=1)
                          Filter: (kind_id = 1)
                          Rows Removed by Filter: 1865487
Planning time: 1.989 ms
Execution time: 8267.577 ms
