Hash Join  (cost=133019.79..206761.70 rows=216908 width=0) (actual time=2650.900..4381.198 rows=273177 loops=1)
  Hash Cond: (mc.movie_id = t.id)
  ->  Seq Scan on movie_companies mc  (cost=0.00..51404.11 rows=1630593 width=4) (actual time=0.020..994.969 rows=1619319 loops=1)
        Filter: (company_id < 17062)
        Rows Removed by Filter: 989810
  ->  Hash  (cost=127501.36..127501.36 rows=336354 width=8) (actual time=2613.903..2613.903 rows=155637 loops=1)
        Buckets: 131072  Batches: 8  Memory Usage: 1778kB
        ->  Hash Join  (cost=84037.34..127501.36 rows=336354 width=8) (actual time=1601.415..2565.594 rows=155637 loops=1)
              Hash Cond: (mi_idx.movie_id = t.id)
              ->  Seq Scan on movie_info_idx mi_idx  (cost=0.00..21735.35 rows=1380035 width=4) (actual time=0.112..453.061 rows=1380035 loops=1)
              ->  Hash  (cost=73925.90..73925.90 rows=616275 width=4) (actual time=1336.835..1336.835 rows=676927 loops=1)
                    Buckets: 131072  Batches: 16  Memory Usage: 2516kB
                    ->  Seq Scan on title t  (cost=0.00..73925.90 rows=616275 width=4) (actual time=121.147..1122.345 rows=676927 loops=1)
                          Filter: ((production_year > 2005) AND (kind_id = 7))
                          Rows Removed by Filter: 1851385
Planning time: 1.179 ms
Execution time: 4415.422 ms
