Hash Join  (cost=94699.36..896817.29 rows=2577 width=0) (actual time=4412.528..14844.913 rows=6157 loops=1)
  Hash Cond: (ci.movie_id = t.id)
  ->  Seq Scan on cast_info ci  (cost=0.00..796071.18 rows=1605595 width=4) (actual time=2785.195..13030.157 rows=1101177 loops=1)
        Filter: ((person_id < 1425439) AND (role_id = 3))
        Rows Removed by Filter: 35143167
  ->  Hash  (cost=94648.62..94648.62 rows=4059 width=8) (actual time=1625.703..1625.703 rows=9368 loops=1)
        Buckets: 16384 (originally 4096)  Batches: 1 (originally 1)  Memory Usage: 494kB
        ->  Hash Join  (cost=67697.55..94648.62 rows=4059 width=8) (actual time=1042.411..1622.419 rows=9368 loops=1)
              Hash Cond: (mi_idx.movie_id = t.id)
              ->  Seq Scan on movie_info_idx mi_idx  (cost=0.00..21735.35 rows=1380035 width=4) (actual time=0.031..297.165 rows=1380035 loops=1)
              ->  Hash  (cost=67604.59..67604.59 rows=7437 width=4) (actual time=1042.276..1042.276 rows=14349 loops=1)
                    Buckets: 16384 (originally 8192)  Batches: 1 (originally 1)  Memory Usage: 633kB
                    ->  Seq Scan on title t  (cost=0.00..67604.59 rows=7437 width=4) (actual time=0.209..1035.340 rows=14349 loops=1)
                          Filter: (production_year = 1969)
                          Rows Removed by Filter: 2513963
Planning time: 1.100 ms
Execution time: 14846.098 ms
