Hash Join  (cost=450682.74..490581.71 rows=128548 width=0) (actual time=7968.305..8731.759 rows=110772 loops=1)
  Hash Cond: (mi_idx.movie_id = t.id)
  ->  Seq Scan on movie_info_idx mi_idx  (cost=0.00..21735.35 rows=1380035 width=4) (actual time=0.025..474.666 rows=1380035 loops=1)
  ->  Hash  (cost=446817.64..446817.64 rows=235528 width=8) (actual time=7721.723..7721.723 rows=109073 loops=1)
        Buckets: 131072  Batches: 4  Memory Usage: 2084kB
        ->  Hash Join  (cost=85994.08..446817.64 rows=235528 width=8) (actual time=5965.897..7684.484 rows=109073 loops=1)
              Hash Cond: (mi.movie_id = t.id)
              ->  Seq Scan on movie_info mi  (cost=0.00..346232.03 rows=809669 width=4) (actual time=4166.023..5354.728 rows=802140 loops=1)
                    Filter: (info_type_id = 1)
                    Rows Removed by Filter: 14033580
              ->  Hash  (cost=73925.90..73925.90 rows=735534 width=4) (actual time=1798.751..1798.751 rows=646443 loops=1)
                    Buckets: 131072  Batches: 16  Memory Usage: 2449kB
                    ->  Seq Scan on title t  (cost=0.00..73925.90 rows=735534 width=4) (actual time=0.032..1575.986 rows=646443 loops=1)
                          Filter: ((kind_id > 4) AND (production_year < 2003))
                          Rows Removed by Filter: 1881869
Planning time: 1.220 ms
Execution time: 8744.359 ms
