Hash Join  (cost=74809.10..162731.29 rows=126415 width=0) (actual time=1098.256..2944.034 rows=88088 loops=1)
  Hash Cond: (mk.movie_id = t.id)
  ->  Seq Scan on movie_keyword mk  (cost=0.00..69693.30 rows=4523930 width=4) (actual time=0.024..979.555 rows=4523930 loops=1)
  ->  Hash  (cost=73925.90..73925.90 rows=70656 width=4) (actual time=1097.283..1097.283 rows=79548 loops=1)
        Buckets: 131072  Batches: 1  Memory Usage: 3821kB
        ->  Seq Scan on title t  (cost=0.00..73925.90 rows=70656 width=4) (actual time=0.071..1066.745 rows=79548 loops=1)
              Filter: ((kind_id > 1) AND (production_year = 2005))
              Rows Removed by Filter: 2448764
Planning time: 0.750 ms
Execution time: 2956.484 ms
