Seq Scan on movie_keyword mk  (cost=0.00..81003.12 rows=2597860 width=0) (actual time=0.029..1465.519 rows=2586834 loops=1)
  Filter: (keyword_id < 6831)
  Rows Removed by Filter: 1937096
Planning time: 0.341 ms
Execution time: 1786.102 ms
