Hash Join  (cost=198461.41..731153.06 rows=4956373 width=0) (actual time=4233.072..23032.679 rows=22048449 loops=1)
  Hash Cond: (mi.movie_id = t.id)
  ->  Seq Scan on movie_info mi  (cost=0.00..309384.22 rows=14739122 width=4) (actual time=0.022..6200.390 rows=14835720 loops=1)
  ->  Hash  (cost=184510.96..184510.96 rows=850276 width=8) (actual time=4232.308..4232.308 rows=844154 loops=1)
        Buckets: 131072  Batches: 16  Memory Usage: 3113kB
        ->  Hash Join  (cost=102767.86..184510.96 rows=850276 width=8) (actual time=1913.223..3975.886 rows=844154 loops=1)
              Hash Cond: (mc.movie_id = t.id)
              ->  Seq Scan on movie_companies mc  (cost=0.00..51404.11 rows=850276 width=4) (actual time=0.028..950.588 rows=844154 loops=1)
                    Filter: (company_id < 2281)
                    Rows Removed by Filter: 1764975
              ->  Hash  (cost=61283.27..61283.27 rows=2528527 width=4) (actual time=1912.027..1912.027 rows=2528312 loops=1)
                    Buckets: 131072  Batches: 64  Memory Usage: 2415kB
                    ->  Seq Scan on title t  (cost=0.00..61283.27 rows=2528527 width=4) (actual time=0.015..1074.013 rows=2528312 loops=1)
Planning time: 7.991 ms
Execution time: 25396.696 ms
