Hash Join  (cost=102767.86..190740.11 rows=1109178 width=0) (actual time=2595.620..4969.609 rows=1104050 loops=1)
  Hash Cond: (mc.movie_id = t.id)
  ->  Seq Scan on movie_companies mc  (cost=0.00..51404.11 rows=1109178 width=4) (actual time=0.024..1093.573 rows=1104050 loops=1)
        Filter: (company_id < 7608)
        Rows Removed by Filter: 1505079
  ->  Hash  (cost=61283.27..61283.27 rows=2528527 width=4) (actual time=2594.257..2594.257 rows=2528312 loops=1)
        Buckets: 131072  Batches: 64  Memory Usage: 2415kB
        ->  Seq Scan on title t  (cost=0.00..61283.27 rows=2528527 width=4) (actual time=0.014..1035.296 rows=2528312 loops=1)
Planning time: 0.706 ms
Execution time: 5098.566 ms
