Hash Join  (cost=299355.01..1569747.02 rows=20243790 width=0) (actual time=6741.833..35160.232 rows=8852198 loops=1)
  Hash Cond: (ci.movie_id = t.id)
  ->  Seq Scan on cast_info ci  (cost=0.00..796071.18 rows=18567989 width=4) (actual time=991.594..18046.619 rows=18261521 loops=1)
        Filter: ((person_id > 249892) AND (role_id < 3))
        Rows Removed by Filter: 17982823
  ->  Hash  (cost=254126.86..254126.86 rows=2756732 width=8) (actual time=5747.665..5747.665 rows=645461 loops=1)
        Buckets: 131072  Batches: 64  Memory Usage: 1402kB
        ->  Hash Join  (cost=92883.59..254126.86 rows=2756732 width=8) (actual time=3511.061..5585.609 rows=645461 loops=1)
              Hash Cond: (mk.movie_id = t.id)
              ->  Seq Scan on movie_keyword mk  (cost=0.00..69693.30 rows=4523930 width=4) (actual time=0.022..1472.321 rows=4523930 loops=1)
              ->  Hash  (cost=67604.59..67604.59 rows=1540800 width=4) (actual time=1955.217..1955.217 rows=1543264 loops=1)
                    Buckets: 131072  Batches: 32  Memory Usage: 2728kB
                    ->  Seq Scan on title t  (cost=0.00..67604.59 rows=1540800 width=4) (actual time=0.023..1438.342 rows=1543264 loops=1)
                          Filter: (kind_id = 7)
                          Rows Removed by Filter: 985048
Planning time: 1.171 ms
Execution time: 36127.584 ms
