Seq Scan on cast_info ci  (cost=0.00..705507.15 rows=500 width=0) (actual time=3279.343..11157.333 rows=10 loops=1)
  Filter: (person_id = 2086587)
  Rows Removed by Filter: 36244334
Planning time: 0.375 ms
Execution time: 11157.459 ms
