Hash Join  (cost=202212.00..247225.52 rows=426704 width=0) (actual time=4001.354..5618.253 rows=979568 loops=1)
  Hash Cond: (mi_idx.movie_id = t.id)
  ->  Seq Scan on movie_info_idx mi_idx  (cost=0.00..21735.35 rows=1380035 width=4) (actual time=0.019..426.983 rows=1380035 loops=1)
  ->  Hash  (cost=189385.30..189385.30 rows=781816 width=8) (actual time=4000.574..4000.574 rows=566877 loops=1)
        Buckets: 131072  Batches: 16  Memory Usage: 2405kB
        ->  Hash Join  (cost=102767.86..189385.30 rows=781816 width=8) (actual time=1988.903..3854.599 rows=566877 loops=1)
              Hash Cond: (mc.movie_id = t.id)
              ->  Seq Scan on movie_companies mc  (cost=0.00..57926.93 rows=781816 width=4) (actual time=0.017..1076.574 rows=566877 loops=1)
                    Filter: ((company_id > 5197) AND (company_type_id = 1))
                    Rows Removed by Filter: 2042252
              ->  Hash  (cost=61283.27..61283.27 rows=2528527 width=4) (actual time=1988.064..1988.064 rows=2528312 loops=1)
                    Buckets: 131072  Batches: 64  Memory Usage: 2415kB
                    ->  Seq Scan on title t  (cost=0.00..61283.27 rows=2528527 width=4) (actual time=0.020..1154.158 rows=2528312 loops=1)
Planning time: 1.191 ms
Execution time: 5735.047 ms
