Seq Scan on movie_companies mc  (cost=0.00..57926.93 rows=91570 width=0) (actual time=0.327..793.672 rows=38351 loops=1)
  Filter: ((company_id < 39) AND (company_type_id = 2))
  Rows Removed by Filter: 2570778
Planning time: 0.381 ms
Execution time: 799.030 ms
