Seq Scan on movie_keyword mk  (cost=0.00..81003.12 rows=595152 width=0) (actual time=0.027..1319.920 rows=600579 loops=1)
  Filter: (keyword_id < 440)
  Rows Removed by Filter: 3923351
Planning time: 0.341 ms
Execution time: 1395.020 ms
