Seq Scan on cast_info ci  (cost=0.00..796071.18 rows=101 width=0) (actual time=8525.743..10807.455 rows=59 loops=1)
  Filter: ((person_id = 2666235) AND (role_id = 2))
  Rows Removed by Filter: 36244285
Planning time: 0.400 ms
Execution time: 10807.546 ms
