Seq Scan on movie_companies mc  (cost=0.00..57926.93 rows=433821 width=0) (actual time=349.446..540.982 rows=115972 loops=1)
  Filter: ((company_id > 22009) AND (company_type_id = 1))
  Rows Removed by Filter: 2493157
Planning time: 0.367 ms
Execution time: 549.158 ms
