Hash Join  (cost=102767.86..1383624.90 rows=23500055 width=0) (actual time=1960.087..36950.107 rows=23400373 loops=1)
  Hash Cond: (ci.movie_id = t.id)
  ->  Seq Scan on cast_info ci  (cost=0.00..705507.15 rows=23500055 width=4) (actual time=0.022..14956.199 rows=23400373 loops=1)
        Filter: (person_id < 2394873)
        Rows Removed by Filter: 12843971
  ->  Hash  (cost=61283.27..61283.27 rows=2528527 width=4) (actual time=1958.844..1958.844 rows=2528312 loops=1)
        Buckets: 131072  Batches: 64  Memory Usage: 2415kB
        ->  Seq Scan on title t  (cost=0.00..61283.27 rows=2528527 width=4) (actual time=0.010..1130.279 rows=2528312 loops=1)
Planning time: 0.764 ms
Execution time: 39659.569 ms
