Hash Join  (cost=152757.38..672779.96 rows=3769063 width=0) (actual time=3511.881..17413.781 rows=3857124 loops=1)
  Hash Cond: (mi.movie_id = t.id)
  ->  Seq Scan on movie_info mi  (cost=0.00..309384.22 rows=14739122 width=4) (actual time=0.008..5819.676 rows=14835720 loops=1)
  ->  Hash  (cost=142149.00..142149.00 rows=646591 width=8) (actual time=3511.015..3511.015 rows=416715 loops=1)
        Buckets: 131072  Batches: 16  Memory Usage: 2057kB
        ->  Hash Join  (cost=93362.60..142149.00 rows=646591 width=8) (actual time=1934.896..3377.895 rows=416715 loops=1)
              Hash Cond: (mi_idx.movie_id = t.id)
              ->  Seq Scan on movie_info_idx mi_idx  (cost=0.00..21735.35 rows=1380035 width=4) (actual time=0.016..497.538 rows=1380035 loops=1)
              ->  Hash  (cost=73925.90..73925.90 rows=1184696 width=4) (actual time=1934.093..1934.093 rows=1143935 loops=1)
                    Buckets: 131072  Batches: 16  Memory Usage: 3541kB
                    ->  Seq Scan on title t  (cost=0.00..73925.90 rows=1184696 width=4) (actual time=0.022..1441.698 rows=1143935 loops=1)
                          Filter: ((kind_id > 3) AND (production_year < 2009))
                          Rows Removed by Filter: 1384377
Planning time: 1.163 ms
Execution time: 17843.932 ms
