Seq Scan on movie_keyword mk  (cost=0.00..81003.12 rows=2283400 width=0) (actual time=0.020..1483.999 rows=2284352 loops=1)
  Filter: (keyword_id < 4851)
  Rows Removed by Filter: 2239578
Planning time: 0.335 ms
Execution time: 1778.878 ms
