Hash Join  (cost=95645.15..633761.16 rows=5819211 width=0) (actual time=3313.560..16416.337 rows=3094210 loops=1)
  Hash Cond: (mi.movie_id = t.id)
  ->  Seq Scan on movie_info mi  (cost=0.00..346232.03 rows=11115165 width=4) (actual time=0.024..6133.884 rows=11210743 loops=1)
        Filter: (info_type_id > 3)
        Rows Removed by Filter: 3624977
  ->  Hash  (cost=73925.90..73925.90 rows=1323780 width=4) (actual time=2937.606..2937.606 rows=1403956 loops=1)
        Buckets: 131072  Batches: 32  Memory Usage: 2573kB
        ->  Seq Scan on title t  (cost=0.00..73925.90 rows=1323780 width=4) (actual time=0.022..1477.421 rows=1403956 loops=1)
              Filter: ((kind_id > 4) AND (production_year > 1965))
              Rows Removed by Filter: 1124356
Planning time: 0.783 ms
Execution time: 16771.021 ms
