Hash Join  (cost=205515.70..252803.21 rows=559203 width=0) (actual time=4674.060..6308.857 rows=1479594 loops=1)
  Hash Cond: (mi_idx.movie_id = t.id)
  ->  Seq Scan on movie_info_idx mi_idx  (cost=0.00..21735.35 rows=1380035 width=4) (actual time=0.016..488.945 rows=1380035 loops=1)
  ->  Hash  (cost=188705.43..188705.43 rows=1024582 width=8) (actual time=4673.232..4673.232 rows=1034368 loops=1)
        Buckets: 131072  Batches: 16  Memory Usage: 3556kB
        ->  Hash Join  (cost=102767.86..188705.43 rows=1024582 width=8) (actual time=2024.573..4344.390 rows=1034368 loops=1)
              Hash Cond: (mc.movie_id = t.id)
              ->  Seq Scan on movie_companies mc  (cost=0.00..51404.11 rows=1024582 width=4) (actual time=0.015..974.928 rows=1034368 loops=1)
                    Filter: (company_id > 15427)
                    Rows Removed by Filter: 1574761
              ->  Hash  (cost=61283.27..61283.27 rows=2528527 width=4) (actual time=2022.859..2022.859 rows=2528312 loops=1)
                    Buckets: 131072  Batches: 64  Memory Usage: 2415kB
                    ->  Seq Scan on title t  (cost=0.00..61283.27 rows=2528527 width=4) (actual time=0.017..1114.139 rows=2528312 loops=1)
Planning time: 1.145 ms
Execution time: 6466.116 ms
