Hash Join  (cost=709678.15..1074363.23 rows=2915 width=0) (actual time=10896.544..17892.792 rows=6046 loops=1)
  Hash Cond: (mi.movie_id = t.id)
  ->  Seq Scan on movie_info mi  (cost=0.00..309384.22 rows=14739122 width=4) (actual time=0.010..4354.271 rows=14835720 loops=1)
  ->  Hash  (cost=709671.90..709671.90 rows=500 width=8) (actual time=10892.664..10892.664 rows=185 loops=1)
        Buckets: 1024  Batches: 1  Memory Usage: 16kB
        ->  Nested Loop  (cost=0.43..709671.90 rows=500 width=8) (actual time=3331.523..10892.564 rows=185 loops=1)
              ->  Seq Scan on cast_info ci  (cost=0.00..705507.15 rows=500 width=4) (actual time=3331.236..10887.933 rows=185 loops=1)
                    Filter: (person_id = 2013221)
                    Rows Removed by Filter: 36244159
              ->  Index Only Scan using title_pkey on title t  (cost=0.43..8.32 rows=1 width=4) (actual time=0.024..0.024 rows=1 loops=185)
                    Index Cond: (id = ci.movie_id)
                    Heap Fetches: 185
Planning time: 12.231 ms
Execution time: 17894.444 ms
