Seq Scan on movie_companies mc  (cost=0.00..51404.11 rows=729864 width=0) (actual time=0.018..909.468 rows=734268 loops=1)
  Filter: (company_id > 39824)
  Rows Removed by Filter: 1874861
Planning time: 0.335 ms
Execution time: 997.433 ms
