Hash Join  (cost=709677.60..1074354.28 rows=2075 width=0) (actual time=11379.751..18498.933 rows=111 loops=1)
  Hash Cond: (mi.movie_id = t.id)
  ->  Seq Scan on movie_info mi  (cost=0.00..309384.22 rows=14739122 width=4) (actual time=0.013..4581.250 rows=14835720 loops=1)
  ->  Hash  (cost=709673.15..709673.15 rows=356 width=8) (actual time=11258.485..11258.485 rows=31 loops=1)
        Buckets: 1024  Batches: 1  Memory Usage: 10kB
        ->  Nested Loop  (cost=0.43..709673.15 rows=356 width=8) (actual time=8323.014..11258.401 rows=31 loops=1)
              ->  Seq Scan on cast_info ci  (cost=0.00..705507.15 rows=500 width=4) (actual time=8322.865..11257.601 rows=31 loops=1)
                    Filter: (person_id = 284305)
                    Rows Removed by Filter: 36244313
              ->  Index Scan using title_pkey on title t  (cost=0.43..8.32 rows=1 width=4) (actual time=0.022..0.022 rows=1 loops=31)
                    Index Cond: (id = ci.movie_id)
                    Filter: (production_year > 1988)
Planning time: 1.201 ms
Execution time: 18499.136 ms
