Hash Join  (cost=119401.18..638820.39 rows=693468 width=0) (actual time=2950.926..18328.559 rows=6440474 loops=1)
  Hash Cond: (mi.movie_id = t.id)
  ->  Seq Scan on movie_info mi  (cost=0.00..346232.03 rows=14337199 width=4) (actual time=0.017..7468.391 rows=14370084 loops=1)
        Filter: (info_type_id < 104)
        Rows Removed by Filter: 465636
  ->  Hash  (cost=117394.42..117394.42 rows=122301 width=8) (actual time=2688.691..2688.691 rows=318859 loops=1)
        Buckets: 131072 (originally 131072)  Batches: 4 (originally 2)  Memory Usage: 4163kB
        ->  Hash Join  (cost=77602.93..117394.42 rows=122301 width=8) (actual time=1396.909..2583.179 rows=318859 loops=1)
              Hash Cond: (mi_idx.movie_id = t.id)
              ->  Seq Scan on movie_info_idx mi_idx  (cost=0.00..21735.35 rows=1380035 width=4) (actual time=0.028..470.241 rows=1380035 loops=1)
              ->  Hash  (cost=73925.90..73925.90 rows=224082 width=4) (actual time=1396.095..1396.095 rows=347213 loops=1)
                    Buckets: 131072  Batches: 4  Memory Usage: 4080kB
                    ->  Seq Scan on title t  (cost=0.00..73925.90 rows=224082 width=4) (actual time=0.025..1284.541 rows=347213 loops=1)
                          Filter: ((production_year < 1996) AND (kind_id = 1))
                          Rows Removed by Filter: 2181099
Planning time: 1.183 ms
Execution time: 19068.987 ms
