Hash Join  (cost=73982.55..846893.89 rows=32063 width=0) (actual time=1763.572..17457.729 rows=41988 loops=1)
  Hash Cond: (ci.movie_id = t.id)
  ->  Seq Scan on cast_info ci  (cost=0.00..705507.15 rows=17888947 width=4) (actual time=7.179..12608.510 rows=17740340 loops=1)
        Filter: (person_id < 1756887)
        Rows Removed by Filter: 18504004
  ->  Hash  (cost=73925.90..73925.90 rows=4532 width=4) (actual time=1095.972..1095.972 rows=5918 loops=1)
        Buckets: 8192  Batches: 1  Memory Usage: 273kB
        ->  Seq Scan on title t  (cost=0.00..73925.90 rows=4532 width=4) (actual time=81.828..1092.909 rows=5918 loops=1)
              Filter: ((kind_id = 7) AND (production_year = 1962))
              Rows Removed by Filter: 2522394
Planning time: 0.802 ms
Execution time: 17465.489 ms
