Seq Scan on cast_info ci  (cost=0.00..705507.15 rows=500 width=0) (actual time=1378.344..11159.478 rows=436 loops=1)
  Filter: (person_id = 2325028)
  Rows Removed by Filter: 36243908
Planning time: 0.386 ms
Execution time: 11159.616 ms
