Hash Join  (cost=263115.61..1262743.22 rows=8183662 width=0) (actual time=6304.893..31945.083 rows=22244436 loops=1)
  Hash Cond: (ci.movie_id = t.id)
  ->  Seq Scan on cast_info ci  (cost=0.00..796071.18 rows=7930850 width=4) (actual time=281.814..14030.230 rows=10311106 loops=1)
        Filter: ((person_id < 1405859) AND (role_id < 3))
        Rows Removed by Filter: 25933238
  ->  Hash  (cost=220309.49..220309.49 rows=2609129 width=8) (actual time=6021.869..6021.869 rows=2609129 loops=1)
        Buckets: 131072  Batches: 64  Memory Usage: 2610kB
        ->  Hash Join  (cost=102767.86..220309.49 rows=2609129 width=8) (actual time=1791.537..5365.743 rows=2609129 loops=1)
              Hash Cond: (mc.movie_id = t.id)
              ->  Seq Scan on movie_companies mc  (cost=0.00..44881.29 rows=2609129 width=4) (actual time=0.024..894.114 rows=2609129 loops=1)
              ->  Hash  (cost=61283.27..61283.27 rows=2528527 width=4) (actual time=1789.934..1789.934 rows=2528312 loops=1)
                    Buckets: 131072  Batches: 64  Memory Usage: 2415kB
                    ->  Seq Scan on title t  (cost=0.00..61283.27 rows=2528527 width=4) (actual time=0.015..949.957 rows=2528312 loops=1)
Planning time: 4.157 ms
Execution time: 34518.844 ms
