Hash Join  (cost=161717.46..526493.11 rows=11976 width=0) (actual time=2864.749..10033.293 rows=358977 loops=1)
  Hash Cond: (mi.movie_id = t.id)
  ->  Seq Scan on movie_info mi  (cost=0.00..309384.22 rows=14739122 width=4) (actual time=0.025..4011.773 rows=14835720 loops=1)
  ->  Hash  (cost=161691.78..161691.78 rows=2054 width=8) (actual time=2863.766..2863.766 rows=7756 loops=1)
        Buckets: 8192 (originally 4096)  Batches: 1 (originally 1)  Memory Usage: 367kB
        ->  Hash Join  (cost=73962.22..161691.78 rows=2054 width=8) (actual time=1215.211..2860.457 rows=7756 loops=1)
              Hash Cond: (mk.movie_id = t.id)
              ->  Seq Scan on movie_keyword mk  (cost=0.00..81003.12 rows=1788240 width=4) (actual time=0.018..1358.250 rows=1799341 loops=1)
                    Filter: (keyword_id < 2908)
                    Rows Removed by Filter: 2724589
              ->  Hash  (cost=73925.90..73925.90 rows=2905 width=4) (actual time=1215.144..1215.144 rows=5291 loops=1)
                    Buckets: 8192 (originally 4096)  Batches: 1 (originally 1)  Memory Usage: 251kB
                    ->  Seq Scan on title t  (cost=0.00..73925.90 rows=2905 width=4) (actual time=0.075..1212.285 rows=5291 loops=1)
                          Filter: ((kind_id < 7) AND (production_year = 1966))
                          Rows Removed by Filter: 2523021
Planning time: 4.958 ms
Execution time: 10080.727 ms
