Hash Join  (cost=83074.74..137742.81 rows=254 width=0) (actual time=1131.077..2249.460 rows=537 loops=1)
  Hash Cond: (mc.movie_id = t.id)
  ->  Seq Scan on movie_companies mc  (cost=0.00..44881.29 rows=2609129 width=4) (actual time=0.021..712.661 rows=2609129 loops=1)
  ->  Hash  (cost=83071.67..83071.67 rows=246 width=8) (actual time=1123.840..1123.840 rows=91 loops=1)
        Buckets: 1024  Batches: 1  Memory Usage: 12kB
        ->  Nested Loop  (cost=0.43..83071.67 rows=246 width=8) (actual time=14.727..1123.702 rows=91 loops=1)
              ->  Seq Scan on movie_keyword mk  (cost=0.00..81003.12 rows=246 width=4) (actual time=14.616..1119.909 rows=91 loops=1)
                    Filter: (keyword_id = 16111)
                    Rows Removed by Filter: 4523839
              ->  Index Only Scan using title_pkey on title t  (cost=0.43..8.40 rows=1 width=4) (actual time=0.036..0.037 rows=1 loops=91)
                    Index Cond: (id = mk.movie_id)
                    Heap Fetches: 91
Planning time: 1.131 ms
Execution time: 2249.718 ms
