Hash Join  (cost=100948.70..903128.11 rows=1589 width=0) (actual time=10889.325..15160.354 rows=3024 loops=1)
  Hash Cond: (ci.movie_id = t.id)
  ->  Seq Scan on cast_info ci  (cost=0.00..796071.18 rows=1624622 width=4) (actual time=9180.941..12955.521 rows=3455633 loops=1)
        Filter: ((person_id > 2290875) AND (role_id = 10))
        Rows Removed by Filter: 32788711
  ->  Hash  (cost=100917.78..100917.78 rows=2474 width=8) (actual time=1694.445..1694.445 rows=2715 loops=1)
        Buckets: 4096  Batches: 1  Memory Usage: 139kB
        ->  Hash Join  (cost=73982.55..100917.78 rows=2474 width=8) (actual time=1291.648..1693.417 rows=2715 loops=1)
              Hash Cond: (mi_idx.movie_id = t.id)
              ->  Seq Scan on movie_info_idx mi_idx  (cost=0.00..21735.35 rows=1380035 width=4) (actual time=0.026..260.338 rows=1380035 loops=1)
              ->  Hash  (cost=73925.90..73925.90 rows=4532 width=4) (actual time=1194.236..1194.236 rows=8488 loops=1)
                    Buckets: 16384 (originally 8192)  Batches: 1 (originally 1)  Memory Usage: 427kB
                    ->  Seq Scan on title t  (cost=0.00..73925.90 rows=4532 width=4) (actual time=172.105..1189.514 rows=8488 loops=1)
                          Filter: ((kind_id = 7) AND (production_year = 1969))
                          Rows Removed by Filter: 2519824
Planning time: 1.199 ms
Execution time: 15161.096 ms
