Seq Scan on cast_info ci  (cost=0.00..796071.18 rows=5743107 width=0) (actual time=8741.548..15374.080 rows=7451973 loops=1)
  Filter: ((person_id < 2903329) AND (role_id = 2))
  Rows Removed by Filter: 28792371
Planning time: 0.489 ms
Execution time: 16262.075 ms
