Seq Scan on cast_info ci  (cost=0.00..796071.18 rows=276 width=0) (actual time=7658.470..13086.282 rows=180 loops=1)
  Filter: ((role_id < 3) AND (person_id = 2278585))
  Rows Removed by Filter: 36244164
Planning time: 0.941 ms
Execution time: 13086.424 ms
