Hash Join  (cost=95454.94..461317.56 rows=120666 width=0) (actual time=1883.270..9086.043 rows=107109 loops=1)
  Hash Cond: (mi.movie_id = t.id)
  ->  Seq Scan on movie_info mi  (cost=0.00..309384.22 rows=14739122 width=4) (actual time=0.021..4349.178 rows=14835720 loops=1)
  ->  Hash  (cost=95196.18..95196.18 rows=20701 width=8) (actual time=1662.076..1662.076 rows=10662 loops=1)
        Buckets: 32768  Batches: 1  Memory Usage: 673kB
        ->  Hash Join  (cost=68078.69..95196.18 rows=20701 width=8) (actual time=1033.833..1658.105 rows=10662 loops=1)
              Hash Cond: (mi_idx.movie_id = t.id)
              ->  Seq Scan on movie_info_idx mi_idx  (cost=0.00..21735.35 rows=1380035 width=4) (actual time=0.008..307.162 rows=1380035 loops=1)
              ->  Hash  (cost=67604.59..67604.59 rows=37928 width=4) (actual time=1032.986..1032.986 rows=35050 loops=1)
                    Buckets: 65536  Batches: 1  Memory Usage: 1745kB
                    ->  Seq Scan on title t  (cost=0.00..67604.59 rows=37928 width=4) (actual time=0.015..1019.044 rows=35050 loops=1)
                          Filter: (production_year < 1912)
                          Rows Removed by Filter: 2493262
Planning time: 1.121 ms
Execution time: 9101.494 ms
