Hash Join  (cost=154960.23..1164036.23 rows=2144256 width=0) (actual time=5291.799..36128.736 rows=14962039 loops=1)
  Hash Cond: (ci.movie_id = t.id)
  ->  Seq Scan on cast_info ci  (cost=0.00..705507.15 rows=24324609 width=4) (actual time=0.027..14897.477 rows=24421554 loops=1)
        Filter: (person_id > 1161495)
        Rows Removed by Filter: 11822790
  ->  Hash  (cost=151303.06..151303.06 rows=222894 width=8) (actual time=5290.370..5290.370 rows=549725 loops=1)
        Buckets: 131072 (originally 131072)  Batches: 8 (originally 4)  Memory Usage: 3735kB
        ->  Hash Join  (cost=81152.82..151303.06 rows=222894 width=8) (actual time=3288.577..5120.029 rows=549725 loops=1)
              Hash Cond: (mc.movie_id = t.id)
              ->  Seq Scan on movie_companies mc  (cost=0.00..51404.11 rows=1279517 width=4) (actual time=0.017..995.563 rows=1274246 loops=1)
                    Filter: (company_type_id = 1)
                    Rows Removed by Filter: 1334883
              ->  Hash  (cost=73925.90..73925.90 rows=440473 width=4) (actual time=3287.764..3287.764 rows=473918 loops=1)
                    Buckets: 131072  Batches: 8  Memory Usage: 3117kB
                    ->  Seq Scan on title t  (cost=0.00..73925.90 rows=440473 width=4) (actual time=1887.087..3141.503 rows=473918 loops=1)
                          Filter: ((production_year < 2008) AND (kind_id = 1))
                          Rows Removed by Filter: 2054394
Planning time: 1.181 ms
Execution time: 37977.993 ms
