Seq Scan on cast_info ci  (cost=0.00..796071.18 rows=5837232 width=0) (actual time=8459.879..14581.448 rows=7561902 loops=1)
  Filter: ((person_id > 1367136) AND (role_id > 4))
  Rows Removed by Filter: 28682442
Planning time: 0.359 ms
Execution time: 15501.758 ms
