Nested Loop  (cost=0.43..83072.29 rows=11 width=0) (actual time=5.766..1386.563 rows=81 loops=1)
  ->  Seq Scan on movie_keyword mk  (cost=0.00..81003.12 rows=246 width=4) (actual time=2.538..1291.109 rows=1531 loops=1)
        Filter: (keyword_id = 3741)
        Rows Removed by Filter: 4522399
  ->  Index Scan using title_pkey on title t  (cost=0.43..8.40 rows=1 width=4) (actual time=0.061..0.061 rows=0 loops=1531)
        Index Cond: (id = mk.movie_id)
        Filter: (kind_id = 4)
        Rows Removed by Filter: 1
Planning time: 0.781 ms
Execution time: 1389.258 ms
