Seq Scan on movie_companies mc  (cost=0.00..57926.93 rows=53 width=0) (actual time=816.053..994.753 rows=56 loops=1)
  Filter: ((company_type_id > 1) AND (company_id = 77771))
  Rows Removed by Filter: 2609073
Planning time: 0.367 ms
Execution time: 994.849 ms
