Hash Join  (cost=100948.70..155639.76 rows=2552 width=0) (actual time=2141.706..2917.082 rows=7434 loops=1)
  Hash Cond: (mc.movie_id = t.id)
  ->  Seq Scan on movie_companies mc  (cost=0.00..44881.29 rows=2609129 width=4) (actual time=0.019..623.546 rows=2609129 loops=1)
  ->  Hash  (cost=100917.78..100917.78 rows=2474 width=8) (actual time=1808.412..1808.412 rows=2730 loops=1)
        Buckets: 4096  Batches: 1  Memory Usage: 139kB
        ->  Hash Join  (cost=73982.55..100917.78 rows=2474 width=8) (actual time=1557.853..1807.387 rows=2730 loops=1)
              Hash Cond: (mi_idx.movie_id = t.id)
              ->  Seq Scan on movie_info_idx mi_idx  (cost=0.00..21735.35 rows=1380035 width=4) (actual time=0.021..350.256 rows=1380035 loops=1)
              ->  Hash  (cost=73925.90..73925.90 rows=4532 width=4) (actual time=1183.006..1183.006 rows=5918 loops=1)
                    Buckets: 8192  Batches: 1  Memory Usage: 273kB
                    ->  Seq Scan on title t  (cost=0.00..73925.90 rows=4532 width=4) (actual time=0.394..1179.979 rows=5918 loops=1)
                          Filter: ((kind_id = 7) AND (production_year = 1962))
                          Rows Removed by Filter: 2522394
Planning time: 1.089 ms
Execution time: 2918.157 ms
