Hash Join  (cost=204951.62..655911.37 rows=1853549 width=0) (actual time=4912.455..18877.174 rows=21507644 loops=1)
  Hash Cond: (mi.movie_id = t.id)
  ->  Seq Scan on movie_info mi  (cost=0.00..346232.03 rows=7235534 width=4) (actual time=347.845..5723.471 rows=7286865 loops=1)
        Filter: (info_type_id < 8)
        Rows Removed by Filter: 7548855
  ->  Hash  (cost=194323.88..194323.88 rows=647740 width=8) (actual time=4553.193..4553.193 rows=1402009 loops=1)
        Buckets: 131072 (originally 131072)  Batches: 32 (originally 16)  Memory Usage: 3073kB
        ->  Hash Join  (cost=83810.17..194323.88 rows=647740 width=8) (actual time=1461.504..4199.597 rows=1402009 loops=1)
              Hash Cond: (mk.movie_id = t.id)
              ->  Seq Scan on movie_keyword mk  (cost=0.00..81003.12 rows=1658180 width=4) (actual time=0.025..1550.829 rows=1664255 loops=1)
                    Filter: (keyword_id > 8749)
                    Rows Removed by Filter: 2859675
              ->  Hash  (cost=67604.59..67604.59 rows=987727 width=4) (actual time=1459.977..1459.977 rows=985048 loops=1)
                    Buckets: 131072  Batches: 16  Memory Usage: 3197kB
                    ->  Seq Scan on title t  (cost=0.00..67604.59 rows=987727 width=4) (actual time=0.020..1142.720 rows=985048 loops=1)
                          Filter: (kind_id < 7)
                          Rows Removed by Filter: 1543264
Planning time: 1.112 ms
Execution time: 21269.539 ms
