Hash Join  (cost=83074.74..906943.56 rows=3070 width=0) (actual time=1217.963..20968.597 rows=4254 loops=1)
  Hash Cond: (ci.movie_id = t.id)
  ->  Seq Scan on cast_info ci  (cost=0.00..705507.15 rows=31554923 width=4) (actual time=0.016..15442.160 rows=31605208 loops=1)
        Filter: (role_id < 10)
        Rows Removed by Filter: 4639136
  ->  Hash  (cost=83071.67..83071.67 rows=246 width=8) (actual time=1212.670..1212.670 rows=111 loops=1)
        Buckets: 1024  Batches: 1  Memory Usage: 13kB
        ->  Nested Loop  (cost=0.43..83071.67 rows=246 width=8) (actual time=14.690..1212.512 rows=111 loops=1)
              ->  Seq Scan on movie_keyword mk  (cost=0.00..81003.12 rows=246 width=4) (actual time=14.589..1201.919 rows=111 loops=1)
                    Filter: (keyword_id = 3874)
                    Rows Removed by Filter: 4523819
              ->  Index Only Scan using title_pkey on title t  (cost=0.43..8.40 rows=1 width=4) (actual time=0.090..0.091 rows=1 loops=111)
                    Index Cond: (id = mk.movie_id)
                    Heap Fetches: 111
Planning time: 2.928 ms
Execution time: 20971.132 ms
