Hash Join  (cost=74369.27..161661.91 rows=63460 width=0) (actual time=1217.758..3109.926 rows=40972 loops=1)
  Hash Cond: (mk.movie_id = t.id)
  ->  Seq Scan on movie_keyword mk  (cost=0.00..69693.30 rows=4523930 width=4) (actual time=0.020..1047.634 rows=4523930 loops=1)
  ->  Hash  (cost=73925.90..73925.90 rows=35469 width=4) (actual time=1217.208..1217.208 rows=40719 loops=1)
        Buckets: 65536  Batches: 1  Memory Usage: 1944kB
        ->  Seq Scan on title t  (cost=0.00..73925.90 rows=35469 width=4) (actual time=0.112..1199.164 rows=40719 loops=1)
              Filter: ((kind_id > 2) AND (production_year = 1999))
              Rows Removed by Filter: 2487593
Planning time: 0.729 ms
Execution time: 3115.599 ms
