Hash Join  (cost=98195.79..149740.93 rows=807366 width=0) (actual time=1995.945..3373.414 rows=425568 loops=1)
  Hash Cond: (mi_idx.movie_id = t.id)
  ->  Seq Scan on movie_info_idx mi_idx  (cost=0.00..21735.35 rows=1380035 width=4) (actual time=0.026..473.453 rows=1380035 loops=1)
  ->  Hash  (cost=73925.90..73925.90 rows=1479271 width=4) (actual time=1927.978..1927.978 rows=1478439 loops=1)
        Buckets: 131072  Batches: 32  Memory Usage: 2651kB
        ->  Seq Scan on title t  (cost=0.00..73925.90 rows=1479271 width=4) (actual time=0.020..1457.713 rows=1478439 loops=1)
              Filter: ((production_year > 1911) AND (kind_id = 7))
              Rows Removed by Filter: 1049873
Planning time: 0.811 ms
Execution time: 3425.369 ms
