Hash Join  (cost=80830.47..161866.59 rows=434260 width=0) (actual time=1374.946..4573.080 rows=1053136 loops=1)
  Hash Cond: (mc.movie_id = t.id)
  ->  Seq Scan on movie_companies mc  (cost=0.00..44881.29 rows=2609129 width=4) (actual time=0.014..967.876 rows=2609129 loops=1)
  ->  Hash  (cost=73925.90..73925.90 rows=420845 width=4) (actual time=1374.029..1374.029 rows=517968 loops=1)
        Buckets: 131072  Batches: 8  Memory Usage: 3313kB
        ->  Seq Scan on title t  (cost=0.00..73925.90 rows=420845 width=4) (actual time=0.018..1205.118 rows=517968 loops=1)
              Filter: ((kind_id < 7) AND (production_year < 2001))
              Rows Removed by Filter: 2010344
Planning time: 0.769 ms
Execution time: 4702.030 ms
