Hash Join  (cost=156649.15..1116405.04 rows=3463542 width=0) (actual time=3480.085..30214.062 rows=7286031 loops=1)
  Hash Cond: (ci.movie_id = t.id)
  ->  Seq Scan on cast_info ci  (cost=0.00..705507.15 rows=18836352 width=4) (actual time=0.022..14035.938 rows=18727780 loops=1)
        Filter: (person_id < 1866360)
        Rows Removed by Filter: 17516564
  ->  Hash  (cost=149020.47..149020.47 rows=464934 width=8) (actual time=3479.245..3479.245 rows=460185 loops=1)
        Buckets: 131072  Batches: 8  Memory Usage: 3276kB
        ->  Hash Join  (cost=102767.86..149020.47 rows=464934 width=8) (actual time=2033.255..3343.661 rows=460185 loops=1)
              Hash Cond: (mi_idx.movie_id = t.id)
              ->  Seq Scan on movie_info_idx mi_idx  (cost=0.00..25185.44 rows=464934 width=4) (actual time=0.029..470.168 rows=460185 loops=1)
                    Filter: (info_type_id > 100)
                    Rows Removed by Filter: 919850
              ->  Hash  (cost=61283.27..61283.27 rows=2528527 width=4) (actual time=2031.714..2031.714 rows=2528312 loops=1)
                    Buckets: 131072  Batches: 64  Memory Usage: 2415kB
                    ->  Seq Scan on title t  (cost=0.00..61283.27 rows=2528527 width=4) (actual time=0.015..1183.357 rows=2528312 loops=1)
Planning time: 1.153 ms
Execution time: 31057.073 ms
