Hash Join  (cost=28268.58..118335.02 rows=142 width=0) (actual time=422.266..2199.452 rows=12309 loops=1)
  Hash Cond: (mk.movie_id = t.id)
  ->  Seq Scan on movie_keyword mk  (cost=0.00..81003.12 rows=2416506 width=4) (actual time=0.015..1453.166 rows=2417635 loops=1)
        Filter: (keyword_id < 5692)
        Rows Removed by Filter: 2106295
  ->  Hash  (cost=28266.72..28266.72 rows=149 width=8) (actual time=407.266..407.266 rows=181 loops=1)
        Buckets: 1024  Batches: 1  Memory Usage: 16kB
        ->  Nested Loop  (cost=0.43..28266.72 rows=149 width=8) (actual time=116.548..407.182 rows=181 loops=1)
              ->  Seq Scan on movie_info_idx mi_idx  (cost=0.00..25185.44 rows=368 width=4) (actual time=116.487..401.991 rows=260 loops=1)
                    Filter: (info_type_id > 101)
                    Rows Removed by Filter: 1379775
              ->  Index Scan using title_pkey on title t  (cost=0.43..8.36 rows=1 width=4) (actual time=0.019..0.019 rows=1 loops=260)
                    Index Cond: (id = mi_idx.movie_id)
                    Filter: (production_year < 2000)
                    Rows Removed by Filter: 0
Planning time: 1.198 ms
Execution time: 2201.176 ms
