Seq Scan on movie_keyword mk  (cost=0.00..81003.12 rows=2205352 width=0) (actual time=0.027..1412.051 rows=2204438 loops=1)
  Filter: (keyword_id > 5057)
  Rows Removed by Filter: 2319492
Planning time: 0.305 ms
Execution time: 1679.682 ms
