Hash Join  (cost=83074.74..891485.95 rows=320 width=0) (actual time=3038.533..15202.790 rows=1 loops=1)
  Hash Cond: (ci.movie_id = t.id)
  ->  Seq Scan on cast_info ci  (cost=0.00..796071.18 rows=3289820 width=4) (actual time=1386.026..13891.401 rows=2779 loops=1)
        Filter: ((person_id < 1604396) AND (role_id = 2))
        Rows Removed by Filter: 36241565
  ->  Hash  (cost=83071.67..83071.67 rows=246 width=8) (actual time=1310.372..1310.372 rows=240 loops=1)
        Buckets: 1024  Batches: 1  Memory Usage: 18kB
        ->  Nested Loop  (cost=0.43..83071.67 rows=246 width=8) (actual time=21.502..1310.108 rows=240 loops=1)
              ->  Seq Scan on movie_keyword mk  (cost=0.00..81003.12 rows=246 width=4) (actual time=21.425..1294.792 rows=240 loops=1)
                    Filter: (keyword_id = 7354)
                    Rows Removed by Filter: 4523690
              ->  Index Only Scan using title_pkey on title t  (cost=0.43..8.40 rows=1 width=4) (actual time=0.060..0.061 rows=1 loops=240)
                    Index Cond: (id = mk.movie_id)
                    Heap Fetches: 240
Planning time: 1.259 ms
Execution time: 15202.900 ms
