Hash Join  (cost=83810.17..175069.01 rows=908975 width=0) (actual time=1489.530..4348.697 rows=1792464 loops=1)
  Hash Cond: (mc.movie_id = t.id)
  ->  Seq Scan on movie_companies mc  (cost=0.00..51404.11 rows=2326925 width=4) (actual time=0.027..1138.433 rows=2331492 loops=1)
        Filter: (company_id > 145)
        Rows Removed by Filter: 277637
  ->  Hash  (cost=67604.59..67604.59 rows=987727 width=4) (actual time=1488.533..1488.533 rows=985048 loops=1)
        Buckets: 131072  Batches: 16  Memory Usage: 3188kB
        ->  Seq Scan on title t  (cost=0.00..67604.59 rows=987727 width=4) (actual time=0.023..1155.296 rows=985048 loops=1)
              Filter: (kind_id < 7)
              Rows Removed by Filter: 1543264
Planning time: 0.794 ms
Execution time: 4542.700 ms
