Hash Join  (cost=67697.55..862019.21 rows=69118 width=0) (actual time=1098.703..20870.382 rows=61389 loops=1)
  Hash Cond: (ci.movie_id = t.id)
  ->  Seq Scan on cast_info ci  (cost=0.00..705507.15 rows=23499554 width=4) (actual time=0.019..15323.201 rows=23573656 loops=1)
        Filter: (role_id > 1)
        Rows Removed by Filter: 12670688
  ->  Hash  (cost=67604.59..67604.59 rows=7437 width=4) (actual time=1097.741..1097.741 rows=9768 loops=1)
        Buckets: 16384 (originally 8192)  Batches: 1 (originally 1)  Memory Usage: 472kB
        ->  Seq Scan on title t  (cost=0.00..67604.59 rows=7437 width=4) (actual time=0.051..1092.768 rows=9768 loops=1)
              Filter: (production_year = 1958)
              Rows Removed by Filter: 2518544
Planning time: 0.774 ms
Execution time: 20881.972 ms
