Seq Scan on cast_info ci  (cost=0.00..796071.18 rows=151993 width=0) (actual time=4319.548..12861.149 rows=62088 loops=1)
  Filter: ((person_id < 1540997) AND (role_id > 10))
  Rows Removed by Filter: 36182256
Planning time: 0.338 ms
Execution time: 12868.538 ms
