Hash Join  (cost=1081514.51..1935370.43 rows=28149038 width=0) (actual time=26335.187..72232.993 rows=132354529 loops=1)
  Hash Cond: (mi.movie_id = t.id)
  ->  Seq Scan on movie_info mi  (cost=0.00..309384.22 rows=14739122 width=4) (actual time=0.009..6505.532 rows=14835720 loops=1)
  ->  Hash  (cost=1002287.69..1002287.69 rows=4829026 width=8) (actual time=26323.628..26323.628 rows=5163406 loops=1)
        Buckets: 131072 (originally 131072)  Batches: 128 (originally 64)  Memory Usage: 3073kB
        ->  Hash Join  (cost=88754.85..1002287.69 rows=4829026 width=8) (actual time=1526.954..24096.397 rows=5163406 loops=1)
              Hash Cond: (ci.movie_id = t.id)
              ->  Seq Scan on cast_info ci  (cost=0.00..705507.15 rows=13509446 width=4) (actual time=0.017..13736.541 rows=13465983 loops=1)
                    Filter: (person_id < 1327307)
                    Rows Removed by Filter: 22778361
              ->  Hash  (cost=73925.90..73925.90 rows=903836 width=4) (actual time=1525.658..1525.658 rows=830099 loops=1)
                    Buckets: 131072  Batches: 16  Memory Usage: 2849kB
                    ->  Seq Scan on title t  (cost=0.00..73925.90 rows=903836 width=4) (actual time=0.016..1267.094 rows=830099 loops=1)
                          Filter: ((kind_id < 7) AND (production_year > 1942))
                          Rows Removed by Filter: 1698213
Planning time: 6.670 ms
Execution time: 86304.202 ms
