Hash Join  (cost=160526.42..717429.29 rows=4632679 width=0) (actual time=3756.999..19717.092 rows=3464742 loops=1)
  Hash Cond: (mi.movie_id = t.id)
  ->  Seq Scan on movie_info mi  (cost=0.00..346232.03 rows=13929354 width=4) (actual time=0.013..7123.486 rows=14033580 loops=1)
        Filter: (info_type_id > 1)
        Rows Removed by Filter: 802140
  ->  Hash  (cost=146729.58..146729.58 rows=840947 width=8) (actual time=3723.424..3723.424 rows=425718 loops=1)
        Buckets: 131072  Batches: 16  Memory Usage: 2068kB
        ->  Hash Join  (cost=92883.59..146729.58 rows=840947 width=8) (actual time=2061.603..3593.933 rows=425718 loops=1)
              Hash Cond: (mi_idx.movie_id = t.id)
              ->  Seq Scan on movie_info_idx mi_idx  (cost=0.00..21735.35 rows=1380035 width=4) (actual time=0.032..412.624 rows=1380035 loops=1)
              ->  Hash  (cost=67604.59..67604.59 rows=1540800 width=4) (actual time=1843.953..1843.953 rows=1543264 loops=1)
                    Buckets: 131072  Batches: 32  Memory Usage: 2722kB
                    ->  Seq Scan on title t  (cost=0.00..67604.59 rows=1540800 width=4) (actual time=0.029..1341.924 rows=1543264 loops=1)
                          Filter: (kind_id = 7)
                          Rows Removed by Filter: 985048
Planning time: 1.245 ms
Execution time: 20131.690 ms
