Hash Join  (cost=74099.05..826872.76 rows=198454 width=0) (actual time=1028.509..17130.153 rows=201369 loops=1)
  Hash Cond: (ci.movie_id = t.id)
  ->  Seq Scan on cast_info ci  (cost=0.00..614943.12 rows=36225612 width=4) (actual time=0.025..7841.484 rows=36244344 loops=1)
  ->  Hash  (cost=73925.90..73925.90 rows=13852 width=4) (actual time=1028.216..1028.216 rows=10385 loops=1)
        Buckets: 16384  Batches: 1  Memory Usage: 494kB
        ->  Seq Scan on title t  (cost=0.00..73925.90 rows=13852 width=4) (actual time=0.595..1023.363 rows=10385 loops=1)
              Filter: ((kind_id < 4) AND (production_year = 1997))
              Rows Removed by Filter: 2517927
Planning time: 4.750 ms
Execution time: 17170.247 ms
