Seq Scan on movie_companies mc  (cost=0.00..57926.93 rows=51 width=0) (actual time=1.901..800.186 rows=1183 loops=1)
  Filter: ((company_id = 171) AND (company_type_id = 1))
  Rows Removed by Filter: 2607946
Planning time: 0.368 ms
Execution time: 800.496 ms
