Seq Scan on movie_companies mc  (cost=0.00..57926.93 rows=886833 width=0) (actual time=0.015..1030.620 rows=714123 loops=1)
  Filter: ((company_id > 1709) AND (company_type_id = 1))
  Rows Removed by Filter: 1895006
Planning time: 0.254 ms
Execution time: 1121.114 ms
