Seq Scan on movie_companies mc  (cost=0.00..51404.11 rows=743104 width=0) (actual time=232.871..945.415 rows=747692 loops=1)
  Filter: (company_id > 37408)
  Rows Removed by Filter: 1861437
Planning time: 0.321 ms
Execution time: 1038.105 ms
