Hash Join  (cost=75292.52..534540.68 rows=311997 width=0) (actual time=1203.697..11315.242 rows=177364 loops=1)
  Hash Cond: (mi.movie_id = t.id)
  ->  Seq Scan on movie_info mi  (cost=0.00..346232.03 rows=9476311 width=4) (actual time=0.015..6326.066 rows=9565151 loops=1)
        Filter: (info_type_id < 16)
        Rows Removed by Filter: 5270569
  ->  Hash  (cost=73925.90..73925.90 rows=83249 width=4) (actual time=1202.796..1202.796 rows=101793 loops=1)
        Buckets: 131072  Batches: 2  Memory Usage: 2809kB
        ->  Seq Scan on title t  (cost=0.00..73925.90 rows=83249 width=4) (actual time=0.030..1163.381 rows=101793 loops=1)
              Filter: ((kind_id > 1) AND (production_year = 2007))
              Rows Removed by Filter: 2426519
Planning time: 0.881 ms
Execution time: 11339.262 ms
