Hash Join  (cost=83074.55..833889.64 rows=2594 width=0) (actual time=1309.061..15762.627 rows=183 loops=1)
  Hash Cond: (ci.movie_id = t.id)
  ->  Seq Scan on cast_info ci  (cost=0.00..614943.12 rows=36225612 width=4) (actual time=0.013..8113.599 rows=36244344 loops=1)
  ->  Hash  (cost=83072.29..83072.29 rows=181 width=8) (actual time=1275.933..1275.933 rows=5 loops=1)
        Buckets: 1024  Batches: 1  Memory Usage: 9kB
        ->  Nested Loop  (cost=0.43..83072.29 rows=181 width=8) (actual time=11.619..1275.918 rows=5 loops=1)
              ->  Seq Scan on movie_keyword mk  (cost=0.00..81003.12 rows=246 width=4) (actual time=11.561..1275.039 rows=17 loops=1)
                    Filter: (keyword_id = 32605)
                    Rows Removed by Filter: 4523913
              ->  Index Scan using title_pkey on title t  (cost=0.43..8.40 rows=1 width=4) (actual time=0.046..0.046 rows=0 loops=17)
                    Index Cond: (id = mk.movie_id)
                    Filter: (kind_id > 1)
                    Rows Removed by Filter: 1
Planning time: 4.017 ms
Execution time: 15762.933 ms
