Seq Scan on movie_keyword mk  (cost=0.00..81003.12 rows=4374792 width=0) (actual time=0.024..1617.260 rows=4375678 loops=1)
  Filter: (keyword_id < 74077)
  Rows Removed by Filter: 148252
Planning time: 2.731 ms
Execution time: 2161.434 ms
