Seq Scan on cast_info ci  (cost=0.00..796071.18 rows=6084670 width=0) (actual time=0.016..13162.461 rows=9367417 loops=1)
  Filter: ((person_id > 2766384) AND (role_id > 1))
  Rows Removed by Filter: 26876927
Planning time: 1.236 ms
Execution time: 14337.200 ms
