Hash Join  (cost=73990.99..155199.56 rows=112 width=0) (actual time=1089.885..2364.660 rows=39 loops=1)
  Hash Cond: (mk.movie_id = t.id)
  ->  Seq Scan on movie_keyword mk  (cost=0.00..81003.12 rows=54487 width=4) (actual time=0.052..1289.917 rows=51698 loops=1)
        Filter: (keyword_id < 52)
        Rows Removed by Filter: 4472232
  ->  Hash  (cost=73925.90..73925.90 rows=5207 width=4) (actual time=1059.428..1059.428 rows=4939 loops=1)
        Buckets: 8192  Batches: 1  Memory Usage: 238kB
        ->  Seq Scan on title t  (cost=0.00..73925.90 rows=5207 width=4) (actual time=0.042..1055.391 rows=4939 loops=1)
              Filter: ((kind_id > 2) AND (production_year = 1955))
              Rows Removed by Filter: 2523373
Planning time: 0.716 ms
Execution time: 2364.779 ms
