Seq Scan on title t  (cost=0.00..67604.59 rows=182054 width=0) (actual time=0.025..1010.349 rows=180956 loops=1)
  Filter: (production_year < 1953)
  Rows Removed by Filter: 2347356
Planning time: 0.303 ms
Execution time: 1034.642 ms
