Seq Scan on cast_info ci  (cost=0.00..796071.18 rows=11063867 width=0) (actual time=10437.110..15392.463 rows=9327286 loops=1)
  Filter: ((person_id > 447844) AND (role_id = 1))
  Rows Removed by Filter: 26917058
Planning time: 3.119 ms
Execution time: 16531.588 ms
