Hash Join  (cost=83074.74..833899.15 rows=3524 width=0) (actual time=1347.167..17724.039 rows=76429 loops=1)
  Hash Cond: (ci.movie_id = t.id)
  ->  Seq Scan on cast_info ci  (cost=0.00..614943.12 rows=36225612 width=4) (actual time=0.019..9097.785 rows=36244344 loops=1)
  ->  Hash  (cost=83071.67..83071.67 rows=246 width=8) (actual time=1346.901..1346.901 rows=1191 loops=1)
        Buckets: 2048 (originally 1024)  Batches: 1 (originally 1)  Memory Usage: 63kB
        ->  Nested Loop  (cost=0.43..83071.67 rows=246 width=8) (actual time=0.153..1346.004 rows=1191 loops=1)
              ->  Seq Scan on movie_keyword mk  (cost=0.00..81003.12 rows=246 width=4) (actual time=0.090..1301.271 rows=1191 loops=1)
                    Filter: (keyword_id = 4226)
                    Rows Removed by Filter: 4522739
              ->  Index Only Scan using title_pkey on title t  (cost=0.43..8.40 rows=1 width=4) (actual time=0.036..0.036 rows=1 loops=1191)
                    Index Cond: (id = mk.movie_id)
                    Heap Fetches: 1191
Planning time: 1.198 ms
Execution time: 17741.103 ms
