Hash Join  (cost=426354.36..481398.40 rows=37852 width=0) (actual time=6256.705..7522.202 rows=112650 loops=1)
  Hash Cond: (mc.movie_id = t.id)
  ->  Seq Scan on movie_companies mc  (cost=0.00..44881.29 rows=2609129 width=4) (actual time=0.022..658.576 rows=2609129 loops=1)
  ->  Hash  (cost=425895.84..425895.84 rows=36682 width=8) (actual time=6110.898..6110.898 rows=74255 loops=1)
        Buckets: 131072 (originally 65536)  Batches: 1 (originally 1)  Memory Usage: 3925kB
        ->  Hash Join  (cost=69484.36..425895.84 rows=36682 width=8) (actual time=4375.292..6083.517 rows=74255 loops=1)
              Hash Cond: (mi.movie_id = t.id)
              ->  Seq Scan on movie_info mi  (cost=0.00..346232.03 rows=809768 width=4) (actual time=3261.413..4772.225 rows=802140 loops=1)
                    Filter: (info_type_id < 2)
                    Rows Removed by Filter: 14033580
              ->  Hash  (cost=67604.59..67604.59 rows=114542 width=4) (actual time=970.672..970.672 rows=118234 loops=1)
                    Buckets: 131072  Batches: 2  Memory Usage: 3107kB
                    ->  Seq Scan on title t  (cost=0.00..67604.59 rows=114542 width=4) (actual time=82.545..924.734 rows=118234 loops=1)
                          Filter: (kind_id = 4)
                          Rows Removed by Filter: 2410078
Planning time: 1.133 ms
Execution time: 7537.633 ms
