Seq Scan on movie_keyword mk  (cost=0.00..81003.12 rows=246 width=0) (actual time=53.124..1121.087 rows=63 loops=1)
  Filter: (keyword_id = 31762)
  Rows Removed by Filter: 4523867
Planning time: 0.373 ms
Execution time: 1121.242 ms
