Hash Join  (cost=91879.05..639745.39 rows=6378541 width=0) (actual time=1646.214..17106.076 rows=3081587 loops=1)
  Hash Cond: (mi.movie_id = t.id)
  ->  Seq Scan on movie_info mi  (cost=0.00..309384.22 rows=14739122 width=4) (actual time=0.016..6401.350 rows=14835720 loops=1)
  ->  Hash  (cost=73925.90..73925.90 rows=1094252 width=4) (actual time=1645.412..1645.412 rows=1044222 loops=1)
        Buckets: 131072  Batches: 16  Memory Usage: 3325kB
        ->  Seq Scan on title t  (cost=0.00..73925.90 rows=1094252 width=4) (actual time=22.503..1301.067 rows=1044222 loops=1)
              Filter: ((production_year < 2009) AND (kind_id = 7))
              Rows Removed by Filter: 1484090
Planning time: 0.737 ms
Execution time: 17506.671 ms
