Hash Join  (cost=920060.58..1048172.56 rows=501495 width=0) (actual time=13097.236..16028.974 rows=519 loops=1)
  Hash Cond: (mk.movie_id = t.id)
  ->  Seq Scan on movie_keyword mk  (cost=0.00..69693.30 rows=4523930 width=4) (actual time=0.017..1410.475 rows=4523930 loops=1)
  ->  Hash  (cost=915461.86..915461.86 rows=280297 width=8) (actual time=12995.395..12995.395 rows=170 loops=1)
        Buckets: 131072  Batches: 4  Memory Usage: 1032kB
        ->  Hash Join  (cost=102767.86..915461.86 rows=280297 width=8) (actual time=4166.751..12995.121 rows=170 loops=1)
              Hash Cond: (ci.movie_id = t.id)
              ->  Seq Scan on cast_info ci  (cost=0.00..796071.18 rows=280297 width=4) (actual time=1982.945..10256.486 rows=170 loops=1)
                    Filter: ((person_id < 131110) AND (role_id = 2))
                    Rows Removed by Filter: 36244174
              ->  Hash  (cost=61283.27..61283.27 rows=2528527 width=4) (actual time=2150.733..2150.733 rows=2528312 loops=1)
                    Buckets: 131072  Batches: 64  Memory Usage: 2415kB
                    ->  Seq Scan on title t  (cost=0.00..61283.27 rows=2528527 width=4) (actual time=0.014..898.330 rows=2528312 loops=1)
Planning time: 1.154 ms
Execution time: 16029.171 ms
