Hash Join  (cost=263115.61..429750.79 rows=3192770 width=0) (actual time=6267.338..14893.411 rows=23746895 loops=1)
  Hash Cond: (mk.movie_id = t.id)
  ->  Seq Scan on movie_keyword mk  (cost=0.00..81003.12 rows=3094138 width=4) (actual time=0.029..1722.287 rows=3081091 loops=1)
        Filter: (keyword_id < 11577)
        Rows Removed by Filter: 1442839
  ->  Hash  (cost=220309.49..220309.49 rows=2609129 width=8) (actual time=6266.210..6266.210 rows=2609129 loops=1)
        Buckets: 131072  Batches: 64  Memory Usage: 2691kB
        ->  Hash Join  (cost=102767.86..220309.49 rows=2609129 width=8) (actual time=2006.604..5508.642 rows=2609129 loops=1)
              Hash Cond: (mc.movie_id = t.id)
              ->  Seq Scan on movie_companies mc  (cost=0.00..44881.29 rows=2609129 width=4) (actual time=0.527..982.858 rows=2609129 loops=1)
              ->  Hash  (cost=61283.27..61283.27 rows=2528527 width=4) (actual time=2004.592..2004.592 rows=2528312 loops=1)
                    Buckets: 131072  Batches: 64  Memory Usage: 2415kB
                    ->  Seq Scan on title t  (cost=0.00..61283.27 rows=2528527 width=4) (actual time=0.022..1151.969 rows=2528312 loops=1)
Planning time: 1.114 ms
Execution time: 17390.948 ms
