Hash Join  (cost=156487.41..1137253.29 rows=2490989 width=0) (actual time=4261.874..30831.298 rows=6230961 loops=1)
  Hash Cond: (ci.movie_id = t.id)
  ->  Seq Scan on cast_info ci  (cost=0.00..796071.18 rows=13663415 width=4) (actual time=787.668..16369.408 rows=16700464 loops=1)
        Filter: ((person_id < 2063225) AND (role_id < 4))
        Rows Removed by Filter: 19543880
  ->  Hash  (cost=148924.19..148924.19 rows=460978 width=8) (actual time=3473.391..3473.391 rows=459925 loops=1)
        Buckets: 131072  Batches: 8  Memory Usage: 3275kB
        ->  Hash Join  (cost=102767.86..148924.19 rows=460978 width=8) (actual time=1974.218..3333.211 rows=459925 loops=1)
              Hash Cond: (mi_idx.movie_id = t.id)
              ->  Seq Scan on movie_info_idx mi_idx  (cost=0.00..25185.44 rows=460978 width=4) (actual time=0.024..512.784 rows=459925 loops=1)
                    Filter: (info_type_id = 99)
                    Rows Removed by Filter: 920110
              ->  Hash  (cost=61283.27..61283.27 rows=2528527 width=4) (actual time=1967.445..1967.445 rows=2528312 loops=1)
                    Buckets: 131072  Batches: 64  Memory Usage: 2415kB
                    ->  Seq Scan on title t  (cost=0.00..61283.27 rows=2528527 width=4) (actual time=0.022..1123.294 rows=2528312 loops=1)
Planning time: 1.405 ms
Execution time: 31538.837 ms
