Seq Scan on movie_companies mc  (cost=0.00..57926.93 rows=1036785 width=0) (actual time=0.030..1027.620 rows=756792 loops=1)
  Filter: ((company_id < 71105) AND (company_type_id > 1))
  Rows Removed by Filter: 1852337
Planning time: 0.326 ms
Execution time: 1129.939 ms
