Seq Scan on cast_info ci  (cost=0.00..796071.18 rows=9328946 width=0) (actual time=0.026..14051.352 rows=14538241 loops=1)
  Filter: ((person_id > 2205509) AND (role_id > 1))
  Rows Removed by Filter: 21706103
Planning time: 0.359 ms
Execution time: 15762.046 ms
