Nested Loop  (cost=0.43..58358.39 rows=27 width=0) (actual time=326.296..840.988 rows=19 loops=1)
  ->  Seq Scan on movie_companies mc  (cost=0.00..57926.93 rows=51 width=4) (actual time=265.832..836.055 rows=111 loops=1)
        Filter: ((company_id = 562) AND (company_type_id = 1))
        Rows Removed by Filter: 2609018
  ->  Index Scan using title_pkey on title t  (cost=0.43..8.45 rows=1 width=4) (actual time=0.042..0.042 rows=0 loops=111)
        Index Cond: (id = mc.movie_id)
        Filter: (production_year < 2005)
        Rows Removed by Filter: 1
Planning time: 0.780 ms
Execution time: 841.105 ms
