Seq Scan on movie_keyword mk  (cost=0.00..81003.12 rows=4107697 width=0) (actual time=0.023..1543.151 rows=4115589 loops=1)
  Filter: (keyword_id < 42357)
  Rows Removed by Filter: 408341
Planning time: 0.299 ms
Execution time: 2052.510 ms
