Hash Join  (cost=88444.12..866340.57 rows=3117053 width=169) (actual time=1648.456..20474.519 rows=5331608 loops=1)
  Hash Cond: (mi.movie_id = t.id)
  ->  Seq Scan on movie_info mi  (cost=0.00..309384.22 rows=14739122 width=75) (actual time=0.022..6255.150 rows=14835720 loops=1)
  ->  Hash  (cost=73925.90..73925.90 rows=534737 width=94) (actual time=1647.328..1647.328 rows=408101 loops=1)
        Buckets: 32768  Batches: 32  Memory Usage: 1639kB
        ->  Seq Scan on title t  (cost=0.00..73925.90 rows=534737 width=94) (actual time=676.888..1472.400 rows=408101 loops=1)
              Filter: ((production_year > 1974) AND (kind_id = 1))
              Rows Removed by Filter: 2120211
Planning time: 0.982 ms
Execution time: 20751.139 ms
