Hash Join  (cost=168092.55..1002689.07 rows=577502 width=0) (actual time=9148.095..18317.251 rows=841277 loops=1)
  Hash Cond: (ci.movie_id = t.id)
  ->  Seq Scan on cast_info ci  (cost=0.00..796071.18 rows=2645950 width=4) (actual time=5152.722..12900.606 rows=2723180 loops=1)
        Filter: ((person_id > 2347866) AND (role_id = 2))
        Rows Removed by Filter: 33521164
  ->  Hash  (cost=159038.14..159038.14 rows=551873 width=8) (actual time=3994.298..3994.298 rows=409251 loops=1)
        Buckets: 131072  Batches: 8  Memory Usage: 2999kB
        ->  Hash Join  (cost=76379.89..159038.14 rows=551873 width=8) (actual time=1517.633..3865.184 rows=409251 loops=1)
              Hash Cond: (mc.movie_id = t.id)
              ->  Seq Scan on movie_companies mc  (cost=0.00..44881.29 rows=2609129 width=4) (actual time=0.027..930.643 rows=2609129 loops=1)
              ->  Hash  (cost=67604.59..67604.59 rows=534824 width=4) (actual time=1516.822..1516.822 rows=533369 loops=1)
                    Buckets: 131072  Batches: 8  Memory Usage: 3369kB
                    ->  Seq Scan on title t  (cost=0.00..67604.59 rows=534824 width=4) (actual time=0.029..1343.328 rows=533369 loops=1)
                          Filter: (production_year > 2009)
                          Rows Removed by Filter: 1994943
Planning time: 0.807 ms
Execution time: 18413.457 ms
