Seq Scan on movie_companies mc  (cost=0.00..51404.11 rows=993466 width=0) (actual time=0.021..917.330 rows=1002970 loops=1)
  Filter: (company_id > 16596)
  Rows Removed by Filter: 1606159
Planning time: 0.308 ms
Execution time: 1041.615 ms
