Hash Join  (cost=148712.82..648483.84 rows=658239 width=0) (actual time=3350.081..15731.376 rows=2978299 loops=1)
  Hash Cond: (mi.movie_id = t.id)
  ->  Seq Scan on movie_info mi  (cost=0.00..346232.03 rows=12665229 width=4) (actual time=0.015..6868.762 rows=12744652 loops=1)
        Filter: (info_type_id > 2)
        Rows Removed by Filter: 2091068
  ->  Hash  (cost=146556.15..146556.15 rows=131413 width=8) (actual time=3345.254..3345.254 rows=115325 loops=1)
        Buckets: 131072  Batches: 2  Memory Usage: 3277kB
        ->  Hash Join  (cost=69694.50..146556.15 rows=131413 width=8) (actual time=1202.155..3303.647 rows=115325 loops=1)
              Hash Cond: (mc.movie_id = t.id)
              ->  Seq Scan on movie_companies mc  (cost=0.00..44881.29 rows=2609129 width=4) (actual time=0.023..935.670 rows=2609129 loops=1)
              ->  Hash  (cost=67604.59..67604.59 rows=127353 width=4) (actual time=1201.546..1201.546 rows=128696 loops=1)
                    Buckets: 131072  Batches: 2  Memory Usage: 3284kB
                    ->  Seq Scan on title t  (cost=0.00..67604.59 rows=127353 width=4) (actual time=0.012..1153.701 rows=128696 loops=1)
                          Filter: (production_year = 2009)
                          Rows Removed by Filter: 2399616
Planning time: 1.137 ms
Execution time: 16073.955 ms
