Hash Join  (cost=1018504.83..3307060.89 rows=101795007 width=0) (actual time=25144.080..107819.738 rows=219124098 loops=1)
  Hash Cond: (ci.movie_id = t.id)
  ->  Seq Scan on cast_info ci  (cost=0.00..705507.15 rows=17463145 width=4) (actual time=0.026..14298.999 rows=17587897 loops=1)
        Filter: (person_id > 1858113)
        Rows Removed by Filter: 18656447
  ->  Hash  (cost=776690.81..776690.81 rows=14739122 width=8) (actual time=25140.512..25140.512 rows=14835720 loops=1)
        Buckets: 131072  Batches: 256  Memory Usage: 3268kB
        ->  Hash Join  (cost=102767.86..776690.81 rows=14739122 width=8) (actual time=1814.455..20548.993 rows=14835720 loops=1)
              Hash Cond: (mi.movie_id = t.id)
              ->  Seq Scan on movie_info mi  (cost=0.00..309384.22 rows=14739122 width=4) (actual time=0.013..6334.432 rows=14835720 loops=1)
              ->  Hash  (cost=61283.27..61283.27 rows=2528527 width=4) (actual time=1813.087..1813.087 rows=2528312 loops=1)
                    Buckets: 131072  Batches: 64  Memory Usage: 2425kB
                    ->  Seq Scan on title t  (cost=0.00..61283.27 rows=2528527 width=4) (actual time=0.027..976.400 rows=2528312 loops=1)
Planning time: 1.257 ms
Execution time: 131873.271 ms
