Seq Scan on movie_companies mc  (cost=0.00..57926.93 rows=322464 width=0) (actual time=357.338..1107.143 rows=467626 loops=1)
  Filter: ((company_id < 885) AND (company_type_id < 2))
  Rows Removed by Filter: 2141503
Planning time: 0.361 ms
Execution time: 1173.611 ms
