Hash Join  (cost=139597.14..995790.74 rows=903203 width=0) (actual time=3381.015..22556.673 rows=5145537 loops=1)
  Hash Cond: (ci.movie_id = t.id)
  ->  Seq Scan on cast_info ci  (cost=0.00..796071.18 rows=4236368 width=4) (actual time=0.017..14102.975 rows=6916754 loops=1)
        Filter: ((person_id > 1996290) AND (role_id > 4))
        Rows Removed by Filter: 29327590
  ->  Hash  (cost=130752.54..130752.54 rows=539088 width=8) (actual time=3379.972..3379.972 rows=954317 loops=1)
        Buckets: 131072 (originally 131072)  Batches: 16 (originally 8)  Memory Usage: 3354kB
        ->  Hash Join  (cost=83810.17..130752.54 rows=539088 width=8) (actual time=1560.136..3094.577 rows=954317 loops=1)
              Hash Cond: (mi_idx.movie_id = t.id)
              ->  Seq Scan on movie_info_idx mi_idx  (cost=0.00..21735.35 rows=1380035 width=4) (actual time=0.030..432.603 rows=1380035 loops=1)
              ->  Hash  (cost=67604.59..67604.59 rows=987727 width=4) (actual time=1559.375..1559.375 rows=985048 loops=1)
                    Buckets: 131072  Batches: 16  Memory Usage: 3188kB
                    ->  Seq Scan on title t  (cost=0.00..67604.59 rows=987727 width=4) (actual time=0.028..1249.689 rows=985048 loops=1)
                          Filter: (kind_id < 7)
                          Rows Removed by Filter: 1543264
Planning time: 1.274 ms
Execution time: 23139.273 ms
