Seq Scan on cast_info ci  (cost=0.00..796071.18 rows=11624891 width=0) (actual time=0.012..14160.540 rows=9176459 loops=1)
  Filter: ((person_id > 1850614) AND (role_id < 4))
  Rows Removed by Filter: 27067885
Planning time: 0.229 ms
Execution time: 15279.057 ms
