Hash Join  (cost=102767.86..1473080.67 rows=23454008 width=0) (actual time=4747.424..42017.166 rows=23485032 loops=1)
  Hash Cond: (ci.movie_id = t.id)
  ->  Seq Scan on cast_info ci  (cost=0.00..796071.18 rows=23454008 width=4) (actual time=2873.626..20031.998 rows=23485032 loops=1)
        Filter: ((person_id < 4047626) AND (role_id > 1))
        Rows Removed by Filter: 12759312
  ->  Hash  (cost=61283.27..61283.27 rows=2528527 width=4) (actual time=1872.260..1872.260 rows=2528312 loops=1)
        Buckets: 131072  Batches: 64  Memory Usage: 2415kB
        ->  Seq Scan on title t  (cost=0.00..61283.27 rows=2528527 width=4) (actual time=0.026..1049.820 rows=2528312 loops=1)
Planning time: 0.761 ms
Execution time: 44428.560 ms
