Hash Join  (cost=80549.28..199231.13 rows=438011 width=0) (actual time=1962.357..4129.040 rows=99669 loops=1)
  Hash Cond: (mk.movie_id = t.id)
  ->  Seq Scan on movie_keyword mk  (cost=0.00..81003.12 rows=2743365 width=4) (actual time=0.020..1598.704 rows=2740935 loops=1)
        Filter: (keyword_id < 7776)
        Rows Removed by Filter: 1782995
  ->  Hash  (cost=73925.90..73925.90 rows=403710 width=4) (actual time=1408.833..1408.833 rows=434218 loops=1)
        Buckets: 131072  Batches: 8  Memory Usage: 2941kB
        ->  Seq Scan on title t  (cost=0.00..73925.90 rows=403710 width=4) (actual time=0.014..1263.193 rows=434218 loops=1)
              Filter: ((production_year > 2008) AND (kind_id = 7))
              Rows Removed by Filter: 2094094
Planning time: 0.762 ms
Execution time: 4139.025 ms
