Seq Scan on movie_keyword mk  (cost=0.00..81003.12 rows=246 width=0) (actual time=2.747..1226.330 rows=98 loops=1)
  Filter: (keyword_id = 7965)
  Rows Removed by Filter: 4523832
Planning time: 0.383 ms
Execution time: 1226.481 ms
