Hash Join  (cost=93093.72..956113.32 rows=1973219 width=0) (actual time=9525.538..19964.726 rows=3743196 loops=1)
  Hash Cond: (ci.movie_id = t.id)
  ->  Seq Scan on cast_info ci  (cost=0.00..796071.18 rows=3211446 width=4) (actual time=7672.597..13525.905 rows=6492117 loops=1)
        Filter: ((person_id < 886139) AND (role_id < 2))
        Rows Removed by Filter: 29752227
  ->  Hash  (cost=67604.59..67604.59 rows=1553611 width=4) (actual time=1851.742..1851.742 rows=1555864 loops=1)
        Buckets: 131072  Batches: 32  Memory Usage: 2734kB
        ->  Seq Scan on title t  (cost=0.00..67604.59 rows=1553611 width=4) (actual time=0.022..1368.355 rows=1555864 loops=1)
              Filter: (kind_id > 4)
              Rows Removed by Filter: 972448
Planning time: 1.230 ms
Execution time: 20360.556 ms
