Nested Loop  (cost=0.43..28266.72 rows=97 width=0) (actual time=75.077..407.422 rows=260 loops=1)
  ->  Seq Scan on movie_info_idx mi_idx  (cost=0.00..25185.44 rows=368 width=4) (actual time=75.000..403.230 rows=260 loops=1)
        Filter: (info_type_id > 101)
        Rows Removed by Filter: 1379775
  ->  Index Scan using title_pkey on title t  (cost=0.43..8.36 rows=1 width=4) (actual time=0.015..0.016 rows=1 loops=260)
        Index Cond: (id = mi_idx.movie_id)
        Filter: (kind_id = 1)
Planning time: 0.840 ms
Execution time: 407.563 ms
