Seq Scan on cast_info ci  (cost=0.00..705507.15 rows=10696833 width=0) (actual time=0.026..11479.392 rows=10538206 loops=1)
  Filter: (person_id < 1034392)
  Rows Removed by Filter: 25706138
Planning time: 6.046 ms
Execution time: 12803.622 ms
