Hash Join  (cost=83073.10..869023.15 rows=551 width=0) (actual time=1415.259..17297.996 rows=5002 loops=1)
  Hash Cond: (ci.movie_id = t.id)
  ->  Seq Scan on cast_info ci  (cost=0.00..705507.15 rows=21449970 width=4) (actual time=0.020..12373.378 rows=21566034 loops=1)
        Filter: (person_id > 1447216)
        Rows Removed by Filter: 14678310
  ->  Hash  (cost=83072.29..83072.29 rows=65 width=8) (actual time=1408.645..1408.645 rows=169 loops=1)
        Buckets: 1024  Batches: 1  Memory Usage: 15kB
        ->  Nested Loop  (cost=0.43..83072.29 rows=65 width=8) (actual time=3.625..1408.419 rows=169 loops=1)
              ->  Seq Scan on movie_keyword mk  (cost=0.00..81003.12 rows=246 width=4) (actual time=3.569..1394.950 rows=243 loops=1)
                    Filter: (keyword_id = 16980)
                    Rows Removed by Filter: 4523687
              ->  Index Scan using title_pkey on title t  (cost=0.43..8.40 rows=1 width=4) (actual time=0.052..0.053 rows=1 loops=243)
                    Index Cond: (id = mk.movie_id)
                    Filter: (kind_id = 1)
                    Rows Removed by Filter: 0
Planning time: 1.121 ms
Execution time: 17300.331 ms
