Seq Scan on cast_info ci  (cost=0.00..796071.18 rows=2718635 width=0) (actual time=10643.622..16105.241 rows=2715572 loops=1)
  Filter: ((person_id > 21321) AND (role_id = 4))
  Rows Removed by Filter: 33528772
Planning time: 0.402 ms
Execution time: 16429.937 ms
