Seq Scan on cast_info ci  (cost=0.00..705507.15 rows=500 width=0) (actual time=8228.821..9805.111 rows=297 loops=1)
  Filter: (person_id = 1210272)
  Rows Removed by Filter: 36244047
Planning time: 0.363 ms
Execution time: 9805.228 ms
