Hash Join  (cost=225270.24..377563.34 rows=2240396 width=0) (actual time=6116.381..14691.227 rows=20668571 loops=1)
  Hash Cond: (mk.movie_id = t.id)
  ->  Seq Scan on movie_keyword mk  (cost=0.00..81003.12 rows=3290403 width=4) (actual time=0.030..1667.743 rows=3274586 loops=1)
        Filter: (keyword_id > 1586)
        Rows Removed by Filter: 1249344
  ->  Hash  (cost=197023.69..197023.69 rows=1721644 width=8) (actual time=6115.458..6115.458 rows=1954214 loops=1)
        Buckets: 131072  Batches: 32  Memory Usage: 3445kB
        ->  Hash Join  (cost=94978.31..197023.69 rows=1721644 width=8) (actual time=1815.158..5574.022 rows=1954214 loops=1)
              Hash Cond: (mc.movie_id = t.id)
              ->  Seq Scan on movie_companies mc  (cost=0.00..44881.29 rows=2609129 width=4) (actual time=0.017..872.792 rows=2609129 loops=1)
              ->  Hash  (cost=67604.59..67604.59 rows=1668458 width=4) (actual time=1813.764..1813.764 rows=1671292 loops=1)
                    Buckets: 131072  Batches: 32  Memory Usage: 2858kB
                    ->  Seq Scan on title t  (cost=0.00..67604.59 rows=1668458 width=4) (actual time=0.015..1277.092 rows=1671292 loops=1)
                          Filter: (production_year < 2008)
                          Rows Removed by Filter: 857020
Planning time: 1.132 ms
Execution time: 17044.822 ms
