Hash Join  (cost=58375.49..424345.71 rows=29 width=0) (actual time=1149.204..7568.323 rows=3 loops=1)
  Hash Cond: (mi.movie_id = t.id)
  ->  Seq Scan on movie_info mi  (cost=0.00..346232.03 rows=5263441 width=4) (actual time=0.015..5872.838 rows=5270569 loops=1)
        Filter: (info_type_id > 15)
        Rows Removed by Filter: 9565151
  ->  Hash  (cost=58375.31..58375.31 rows=14 width=8) (actual time=972.748..972.748 rows=1 loops=1)
        Buckets: 1024  Batches: 1  Memory Usage: 9kB
        ->  Nested Loop  (cost=0.43..58375.31 rows=14 width=8) (actual time=683.929..972.740 rows=1 loops=1)
              ->  Seq Scan on movie_companies mc  (cost=0.00..57926.93 rows=53 width=4) (actual time=683.876..972.684 rows=1 loops=1)
                    Filter: ((company_type_id > 1) AND (company_id = 98613))
                    Rows Removed by Filter: 2609128
              ->  Index Scan using title_pkey on title t  (cost=0.43..8.45 rows=1 width=4) (actual time=0.046..0.047 rows=1 loops=1)
                    Index Cond: (id = mc.movie_id)
                    Filter: (kind_id = 1)
Planning time: 1.287 ms
Execution time: 7568.490 ms
