Hash Join  (cost=166786.95..297212.67 rows=691368 width=0) (actual time=3627.875..7024.017 rows=565087 loops=1)
  Hash Cond: (mk.movie_id = t.id)
  ->  Seq Scan on movie_keyword mk  (cost=0.00..69693.30 rows=4523930 width=4) (actual time=0.022..1488.425 rows=4523930 loops=1)
  ->  Hash  (cost=160446.69..160446.69 rows=386421 width=8) (actual time=3626.938..3626.938 rows=197589 loops=1)
        Buckets: 131072  Batches: 8  Memory Usage: 1988kB
        ->  Hash Join  (cost=80069.96..160446.69 rows=386421 width=8) (actual time=1241.573..3562.218 rows=197589 loops=1)
              Hash Cond: (mc.movie_id = t.id)
              ->  Seq Scan on movie_companies mc  (cost=0.00..44881.29 rows=2609129 width=4) (actual time=0.017..807.655 rows=2609129 loops=1)
              ->  Hash  (cost=73925.90..73925.90 rows=374484 width=4) (actual time=1240.645..1240.645 rows=383564 loops=1)
                    Buckets: 131072  Batches: 8  Memory Usage: 2714kB
                    ->  Seq Scan on title t  (cost=0.00..73925.90 rows=374484 width=4) (actual time=0.017..1122.716 rows=383564 loops=1)
                          Filter: ((kind_id > 2) AND (production_year > 2009))
                          Rows Removed by Filter: 2144748
Planning time: 1.154 ms
Execution time: 7086.337 ms
