Hash Join  (cost=188737.73..568761.28 rows=664542 width=0) (actual time=6779.743..10760.260 rows=433017 loops=1)
  Hash Cond: (mi.movie_id = t.id)
  ->  Seq Scan on movie_info mi  (cost=0.00..346232.03 rows=2073893 width=4) (actual time=2823.431..5663.799 rows=2091068 loops=1)
        Filter: (info_type_id < 3)
        Rows Removed by Filter: 12744652
  ->  Hash  (cost=175444.97..175444.97 rows=810221 width=8) (actual time=3955.030..3955.030 rows=400469 loops=1)
        Buckets: 131072  Batches: 16  Memory Usage: 1995kB
        ->  Hash Join  (cost=92883.59..175444.97 rows=810221 width=8) (actual time=2011.613..3831.348 rows=400469 loops=1)
              Hash Cond: (mc.movie_id = t.id)
              ->  Seq Scan on movie_companies mc  (cost=0.00..51404.11 rows=1329612 width=4) (actual time=284.701..1035.447 rows=1334883 loops=1)
                    Filter: (company_type_id = 2)
                    Rows Removed by Filter: 1274246
              ->  Hash  (cost=67604.59..67604.59 rows=1540800 width=4) (actual time=1725.663..1725.663 rows=1543264 loops=1)
                    Buckets: 131072  Batches: 32  Memory Usage: 2722kB
                    ->  Seq Scan on title t  (cost=0.00..67604.59 rows=1540800 width=4) (actual time=105.481..1229.333 rows=1543264 loops=1)
                          Filter: (kind_id = 7)
                          Rows Removed by Filter: 985048
Planning time: 1.175 ms
Execution time: 10812.956 ms
