Hash Join  (cost=96369.35..231839.10 rows=1565758 width=0) (actual time=1908.932..5742.765 rows=848521 loops=1)
  Hash Cond: (mk.movie_id = t.id)
  ->  Seq Scan on movie_keyword mk  (cost=0.00..81003.12 rows=2894143 width=4) (actual time=0.021..1686.407 rows=2883121 loops=1)
        Filter: (keyword_id < 9009)
        Rows Removed by Filter: 1640809
  ->  Hash  (cost=73925.90..73925.90 rows=1367956 width=4) (actual time=1907.623..1907.623 rows=1492937 loops=1)
        Buckets: 131072  Batches: 32  Memory Usage: 2681kB
        ->  Seq Scan on title t  (cost=0.00..73925.90 rows=1367956 width=4) (actual time=0.016..1403.209 rows=1492937 loops=1)
              Filter: ((kind_id > 1) AND (production_year > 1985))
              Rows Removed by Filter: 1035375
Planning time: 0.725 ms
Execution time: 5846.929 ms
