Seq Scan on cast_info ci  (cost=0.00..796071.18 rows=5358259 width=0) (actual time=1162.774..12402.353 rows=8221481 loops=1)
  Filter: ((person_id > 2860291) AND (role_id > 1))
  Rows Removed by Filter: 28022863
Planning time: 0.364 ms
Execution time: 13419.008 ms
