Seq Scan on movie_keyword mk  (cost=0.00..81003.12 rows=246 width=0) (actual time=0.101..1305.741 rows=1063 loops=1)
  Filter: (keyword_id = 2390)
  Rows Removed by Filter: 4522867
Planning time: 0.384 ms
Execution time: 1306.224 ms
