Hash Join  (cost=95011.03..132958.01 rows=236304 width=0) (actual time=2029.530..2723.030 rows=128284 loops=1)
  Hash Cond: (mi_idx.movie_id = t.id)
  ->  Seq Scan on movie_info_idx mi_idx  (cost=0.00..25185.44 rows=464934 width=4) (actual time=0.022..506.559 rows=460185 loops=1)
        Filter: (info_type_id > 100)
        Rows Removed by Filter: 919850
  ->  Hash  (cost=73925.90..73925.90 rows=1285130 width=4) (actual time=1758.577..1758.577 rows=1366141 loops=1)
        Buckets: 131072  Batches: 32  Memory Usage: 2529kB
        ->  Seq Scan on title t  (cost=0.00..73925.90 rows=1285130 width=4) (actual time=0.014..1339.805 rows=1366141 loops=1)
              Filter: ((production_year > 1968) AND (kind_id = 7))
              Rows Removed by Filter: 1162171
Planning time: 2.935 ms
Execution time: 2736.801 ms
