Seq Scan on movie_companies mc  (cost=0.00..57926.93 rows=512624 width=0) (actual time=0.041..991.893 rows=824475 loops=1)
  Filter: ((company_id > 16199) AND (company_type_id > 1))
  Rows Removed by Filter: 1784654
Planning time: 0.344 ms
Execution time: 1095.029 ms
