Seq Scan on movie_keyword mk  (cost=0.00..81003.12 rows=246 width=0) (actual time=4.078..1032.374 rows=186 loops=1)
  Filter: (keyword_id = 3984)
  Rows Removed by Filter: 4523744
Planning time: 0.380 ms
Execution time: 1032.571 ms
