Hash Join  (cost=101828.11..451131.22 rows=3445 width=0) (actual time=5839.051..7115.613 rows=1635 loops=1)
  Hash Cond: (mi.movie_id = t.id)
  ->  Seq Scan on movie_info mi  (cost=0.00..346232.03 rows=809768 width=4) (actual time=4256.465..5395.869 rows=802140 loops=1)
        Filter: (info_type_id < 2)
        Rows Removed by Filter: 14033580
  ->  Hash  (cost=101693.65..101693.65 rows=10757 width=8) (actual time=1582.293..1582.293 rows=6070 loops=1)
        Buckets: 16384  Batches: 1  Memory Usage: 366kB
        ->  Hash Join  (cost=74657.14..101693.65 rows=10757 width=8) (actual time=1388.363..1580.716 rows=6070 loops=1)
              Hash Cond: (mi_idx.movie_id = t.id)
              ->  Seq Scan on movie_info_idx mi_idx  (cost=0.00..25185.44 rows=464934 width=4) (actual time=0.022..261.029 rows=460185 loops=1)
                    Filter: (info_type_id > 100)
                    Rows Removed by Filter: 919850
              ->  Hash  (cost=73925.90..73925.90 rows=58499 width=4) (actual time=1211.562..1211.562 rows=62752 loops=1)
                    Buckets: 65536  Batches: 1  Memory Usage: 2719kB
                    ->  Seq Scan on title t  (cost=0.00..73925.90 rows=58499 width=4) (actual time=0.025..1186.345 rows=62752 loops=1)
                          Filter: ((kind_id = 7) AND (production_year = 2005))
                          Rows Removed by Filter: 2465560
Planning time: 1.171 ms
Execution time: 7116.063 ms
