Hash Join  (cost=160687.50..543972.05 rows=20473 width=0) (actual time=2398.986..9625.629 rows=887495 loops=1)
  Hash Cond: (mi.movie_id = t.id)
  ->  Seq Scan on movie_info mi  (cost=0.00..309384.22 rows=14739122 width=4) (actual time=0.013..4065.289 rows=14835720 loops=1)
  ->  Hash  (cost=160643.60..160643.60 rows=3512 width=8) (actual time=2398.250..2398.250 rows=16432 loops=1)
        Buckets: 32768 (originally 4096)  Batches: 1 (originally 1)  Memory Usage: 898kB
        ->  Hash Join  (cost=73950.44..160643.60 rows=3512 width=8) (actual time=967.148..2393.120 rows=16432 loops=1)
              Hash Cond: (mk.movie_id = t.id)
              ->  Seq Scan on movie_keyword mk  (cost=0.00..69693.30 rows=4523930 width=4) (actual time=0.012..743.141 rows=4523930 loops=1)
              ->  Hash  (cost=73925.90..73925.90 rows=1963 width=4) (actual time=966.350..966.350 rows=3792 loops=1)
                    Buckets: 4096 (originally 2048)  Batches: 1 (originally 1)  Memory Usage: 166kB
                    ->  Seq Scan on title t  (cost=0.00..73925.90 rows=1963 width=4) (actual time=331.860..964.398 rows=3792 loops=1)
                          Filter: ((kind_id = 1) AND (production_year = 1966))
                          Rows Removed by Filter: 2524520
Planning time: 1.147 ms
Execution time: 9743.285 ms
