Hash Join  (cost=112185.26..172114.95 rows=11521 width=0) (actual time=2657.877..3298.240 rows=96206 loops=1)
  Hash Cond: (mc.movie_id = t.id)
  ->  Seq Scan on movie_companies mc  (cost=0.00..57926.93 rows=503344 width=4) (actual time=317.676..949.107 rows=816850 loops=1)
        Filter: ((company_id > 16768) AND (company_type_id = 2))
        Rows Removed by Filter: 1792279
  ->  Hash  (cost=111461.81..111461.81 rows=57876 width=8) (actual time=2103.493..2103.493 rows=71691 loops=1)
        Buckets: 131072 (originally 65536)  Batches: 1 (originally 1)  Memory Usage: 3825kB
        ->  Hash Join  (cost=79094.49..111461.81 rows=57876 width=8) (actual time=1300.518..2076.411 rows=71691 loops=1)
              Hash Cond: (mi_idx.movie_id = t.id)
              ->  Seq Scan on movie_info_idx mi_idx  (cost=0.00..25185.44 rows=464566 width=4) (actual time=0.014..516.270 rows=459925 loops=1)
                    Filter: (info_type_id = 101)
                    Rows Removed by Filter: 920110
              ->  Hash  (cost=73925.90..73925.90 rows=315007 width=4) (actual time=1299.579..1299.579 rows=244789 loops=1)
                    Buckets: 131072  Batches: 8  Memory Usage: 2099kB
                    ->  Seq Scan on title t  (cost=0.00..73925.90 rows=315007 width=4) (actual time=0.019..1220.922 rows=244789 loops=1)
                          Filter: ((production_year > 2003) AND (kind_id = 1))
                          Rows Removed by Filter: 2283523
Planning time: 1.310 ms
Execution time: 3310.484 ms
