Seq Scan on movie_companies mc  (cost=0.00..57926.93 rows=51 width=0) (actual time=574.607..891.513 rows=82 loops=1)
  Filter: ((company_type_id < 2) AND (company_id = 12310))
  Rows Removed by Filter: 2609047
Planning time: 0.404 ms
Execution time: 891.653 ms
