Hash Join  (cost=102370.86..157385.12 rows=34874 width=0) (actual time=2042.303..3542.129 rows=244095 loops=1)
  Hash Cond: (mc.movie_id = t.id)
  ->  Seq Scan on movie_companies mc  (cost=0.00..44881.29 rows=2609129 width=4) (actual time=0.026..655.503 rows=2609129 loops=1)
  ->  Hash  (cost=101948.39..101948.39 rows=33797 width=8) (actual time=1871.106..1871.106 rows=83103 loops=1)
        Buckets: 131072 (originally 65536)  Batches: 2 (originally 1)  Memory Usage: 3073kB
        ->  Hash Join  (cost=74699.94..101948.39 rows=33797 width=8) (actual time=1145.620..1838.828 rows=83103 loops=1)
              Hash Cond: (mi_idx.movie_id = t.id)
              ->  Seq Scan on movie_info_idx mi_idx  (cost=0.00..21735.35 rows=1380035 width=4) (actual time=0.021..314.294 rows=1380035 loops=1)
              ->  Hash  (cost=73925.90..73925.90 rows=61923 width=4) (actual time=1145.266..1145.266 rows=65003 loops=1)
                    Buckets: 65536  Batches: 1  Memory Usage: 2798kB
                    ->  Seq Scan on title t  (cost=0.00..73925.90 rows=61923 width=4) (actual time=0.016..1119.837 rows=65003 loops=1)
                          Filter: ((production_year > 1991) AND (kind_id = 2))
                          Rows Removed by Filter: 2463309
Planning time: 1.208 ms
Execution time: 3568.546 ms
