Hash Join  (cost=95609.14..899814.12 rows=50544 width=0) (actual time=9788.447..12006.636 rows=86886 loops=1)
  Hash Cond: (ci.movie_id = t.id)
  ->  Seq Scan on cast_info ci  (cost=0.00..796071.18 rows=74873 width=4) (actual time=7914.314..9735.418 rows=124279 loops=1)
        Filter: ((person_id < 20918) AND (role_id < 2))
        Rows Removed by Filter: 36120065
  ->  Hash  (cost=67604.59..67604.59 rows=1706924 width=4) (actual time=1873.132..1873.132 rows=1700316 loops=1)
        Buckets: 131072  Batches: 32  Memory Usage: 2895kB
        ->  Seq Scan on title t  (cost=0.00..67604.59 rows=1706924 width=4) (actual time=0.019..1314.904 rows=1700316 loops=1)
              Filter: (production_year > 1992)
              Rows Removed by Filter: 827996
Planning time: 0.805 ms
Execution time: 12017.978 ms
