Hash Join  (cost=74255.97..163194.31 rows=21499 width=0) (actual time=1048.354..2841.989 rows=54539 loops=1)
  Hash Cond: (mk.movie_id = t.id)
  ->  Seq Scan on movie_keyword mk  (cost=0.00..81003.12 rows=2058727 width=4) (actual time=0.018..1419.915 rows=2060413 loops=1)
        Filter: (keyword_id > 5911)
        Rows Removed by Filter: 2463517
  ->  Hash  (cost=73925.90..73925.90 rows=26405 width=4) (actual time=1048.092..1048.092 rows=23926 loops=1)
        Buckets: 32768  Batches: 1  Memory Usage: 1098kB
        ->  Seq Scan on title t  (cost=0.00..73925.90 rows=26405 width=4) (actual time=1.547..1036.915 rows=23926 loops=1)
              Filter: ((kind_id < 7) AND (production_year = 2003))
              Rows Removed by Filter: 2504386
Planning time: 1.788 ms
Execution time: 2849.654 ms
