Seq Scan on movie_keyword mk  (cost=0.00..81003.12 rows=1074707 width=0) (actual time=0.020..1271.381 rows=1084514 loops=1)
  Filter: (keyword_id > 16302)
  Rows Removed by Filter: 3439416
Planning time: 0.200 ms
Execution time: 1410.562 ms
