Seq Scan on cast_info ci  (cost=0.00..796071.18 rows=6517958 width=0) (actual time=93.746..9940.206 rows=2763150 loops=1)
  Filter: ((person_id < 968360) AND (role_id > 1))
  Rows Removed by Filter: 33481194
Planning time: 0.376 ms
Execution time: 10236.714 ms
