Hash Join  (cost=1071218.17..1796076.88 rows=19512798 width=0) (actual time=22822.775..56493.146 rows=74184205 loops=1)
  Hash Cond: (mi.movie_id = t.id)
  ->  Seq Scan on movie_info mi  (cost=0.00..309384.22 rows=14739122 width=4) (actual time=0.013..5964.344 rows=14835720 loops=1)
  ->  Hash  (cost=1016297.90..1016297.90 rows=3347461 width=8) (actual time=22819.573..22819.573 rows=2918019 loops=1)
        Buckets: 131072  Batches: 64  Memory Usage: 2882kB
        ->  Hash Join  (cost=83810.17..1016297.90 rows=3347461 width=8) (actual time=3696.715..21670.746 rows=2918019 loops=1)
              Hash Cond: (ci.movie_id = t.id)
              ->  Seq Scan on cast_info ci  (cost=0.00..796071.18 rows=8569317 width=4) (actual time=2341.195..16103.937 rows=5944465 loops=1)
                    Filter: ((person_id < 3433110) AND (role_id > 4))
                    Rows Removed by Filter: 30299879
              ->  Hash  (cost=67604.59..67604.59 rows=987727 width=4) (actual time=1354.710..1354.710 rows=985048 loops=1)
                    Buckets: 131072  Batches: 16  Memory Usage: 3188kB
                    ->  Seq Scan on title t  (cost=0.00..67604.59 rows=987727 width=4) (actual time=0.029..1058.051 rows=985048 loops=1)
                          Filter: (kind_id < 7)
                          Rows Removed by Filter: 1543264
Planning time: 1.191 ms
Execution time: 64728.753 ms
