Hash Join  (cost=74288.34..161465.15 rows=51877 width=0) (actual time=1215.155..3139.747 rows=98801 loops=1)
  Hash Cond: (mk.movie_id = t.id)
  ->  Seq Scan on movie_keyword mk  (cost=0.00..69693.30 rows=4523930 width=4) (actual time=0.023..1051.816 rows=4523930 loops=1)
  ->  Hash  (cost=73925.90..73925.90 rows=28995 width=4) (actual time=1214.707..1214.707 rows=19956 loops=1)
        Buckets: 32768  Batches: 1  Memory Usage: 958kB
        ->  Seq Scan on title t  (cost=0.00..73925.90 rows=28995 width=4) (actual time=0.044..1205.665 rows=19956 loops=1)
              Filter: ((kind_id < 4) AND (production_year = 2004))
              Rows Removed by Filter: 2508356
Planning time: 0.745 ms
Execution time: 3152.425 ms
