Seq Scan on cast_info ci  (cost=0.00..796071.18 rows=276 width=0) (actual time=11866.927..14349.901 rows=7 loops=1)
  Filter: ((role_id < 3) AND (person_id = 1146791))
  Rows Removed by Filter: 36244337
Planning time: 0.391 ms
Execution time: 14350.008 ms
