Hash Join  (cost=245246.94..804352.70 rows=7431883 width=0) (actual time=5356.577..31570.408 rows=67458508 loops=1)
  Hash Cond: (mi.movie_id = t.id)
  ->  Seq Scan on movie_info mi  (cost=0.00..309384.22 rows=14739122 width=4) (actual time=0.016..5995.611 rows=14835720 loops=1)
  ->  Hash  (cost=224329.00..224329.00 rows=1274955 width=8) (actual time=5355.270..5355.270 rows=1281573 loops=1)
        Buckets: 131072  Batches: 32  Memory Usage: 2660kB
        ->  Hash Join  (cost=102767.86..224329.00 rows=1274955 width=8) (actual time=1792.223..4977.243 rows=1281573 loops=1)
              Hash Cond: (mk.movie_id = t.id)
              ->  Seq Scan on movie_keyword mk  (cost=0.00..81003.12 rows=1274955 width=4) (actual time=0.007..1534.583 rows=1281573 loops=1)
                    Filter: (keyword_id > 13787)
                    Rows Removed by Filter: 3242357
              ->  Hash  (cost=61283.27..61283.27 rows=2528527 width=4) (actual time=1790.866..1790.866 rows=2528312 loops=1)
                    Buckets: 131072  Batches: 64  Memory Usage: 2425kB
                    ->  Seq Scan on title t  (cost=0.00..61283.27 rows=2528527 width=4) (actual time=0.015..955.732 rows=2528312 loops=1)
Planning time: 0.746 ms
Execution time: 38284.402 ms
