Hash Join  (cost=447050.29..1320013.77 rows=433197 width=0) (actual time=11278.810..21182.950 rows=626079 loops=1)
  Hash Cond: (ci.movie_id = t.id)
  ->  Seq Scan on cast_info ci  (cost=0.00..796071.18 rows=6215820 width=4) (actual time=3852.084..12511.771 rows=2643329 loops=1)
        Filter: ((person_id < 925423) AND (role_id > 1))
        Rows Removed by Filter: 33601015
  ->  Hash  (cost=444158.54..444158.54 rows=176220 width=8) (actual time=7422.608..7422.608 rows=173888 loops=1)
        Buckets: 131072  Batches: 4  Memory Usage: 2711kB
        ->  Hash Join  (cost=79388.64..444158.54 rows=176220 width=8) (actual time=6120.169..7366.969 rows=173888 loops=1)
              Hash Cond: (mi.movie_id = t.id)
              ->  Seq Scan on movie_info mi  (cost=0.00..346232.03 rows=1338312 width=4) (actual time=4576.926..5373.432 rows=1401902 loops=1)
                    Filter: (info_type_id = 7)
                    Rows Removed by Filter: 13433818
              ->  Hash  (cost=73925.90..73925.90 rows=332939 width=4) (actual time=1298.080..1298.080 rows=255571 loops=1)
                    Buckets: 131072  Batches: 8  Memory Usage: 2153kB
                    ->  Seq Scan on title t  (cost=0.00..73925.90 rows=332939 width=4) (actual time=296.038..1212.562 rows=255571 loops=1)
                          Filter: ((production_year > 2002) AND (kind_id = 1))
                          Rows Removed by Filter: 2272741
Planning time: 1.188 ms
Execution time: 21252.282 ms
