Hash Join  (cost=67697.55..422223.94 rows=6455 width=0) (actual time=1574.151..6995.858 rows=11268 loops=1)
  Hash Cond: (mi.movie_id = t.id)
  ->  Seq Scan on movie_info mi  (cost=0.00..346232.03 rows=2194617 width=4) (actual time=493.807..5551.929 rows=2233850 loops=1)
        Filter: (info_type_id > 16)
        Rows Removed by Filter: 12601870
  ->  Hash  (cost=67604.59..67604.59 rows=7437 width=4) (actual time=1061.400..1061.400 rows=11121 loops=1)
        Buckets: 16384 (originally 8192)  Batches: 1 (originally 1)  Memory Usage: 519kB
        ->  Seq Scan on title t  (cost=0.00..67604.59 rows=7437 width=4) (actual time=0.026..1055.683 rows=11121 loops=1)
              Filter: (production_year = 1960)
              Rows Removed by Filter: 2517191
Planning time: 0.557 ms
Execution time: 6997.840 ms
