Hash Join  (cost=224542.93..750422.46 rows=4317958 width=0) (actual time=5157.414..37932.814 rows=83807857 loops=1)
  Hash Cond: (mi.movie_id = t.id)
  ->  Seq Scan on movie_info mi  (cost=0.00..309384.22 rows=14739122 width=4) (actual time=0.011..6184.348 rows=14835720 loops=1)
  ->  Hash  (cost=212389.49..212389.49 rows=740755 width=8) (actual time=5090.339..5090.339 rows=1234749 loops=1)
        Buckets: 131072 (originally 131072)  Batches: 32 (originally 16)  Memory Usage: 4146kB
        ->  Hash Join  (cost=83113.43..212389.49 rows=740755 width=8) (actual time=1294.688..4729.935 rows=1234749 loops=1)
              Hash Cond: (mk.movie_id = t.id)
              ->  Seq Scan on movie_keyword mk  (cost=0.00..81003.12 rows=3344903 width=4) (actual time=0.013..1690.654 rows=3334460 loops=1)
                    Filter: (keyword_id < 15565)
                    Rows Removed by Filter: 1189470
              ->  Hash  (cost=73925.90..73925.90 rows=559962 width=4) (actual time=1293.729..1293.729 rows=477167 loops=1)
                    Buckets: 131072  Batches: 8  Memory Usage: 3126kB
                    ->  Seq Scan on title t  (cost=0.00..73925.90 rows=559962 width=4) (actual time=0.009..1139.717 rows=477167 loops=1)
                          Filter: ((kind_id < 7) AND (production_year > 1999))
                          Rows Removed by Filter: 2051145
Planning time: 1.157 ms
Execution time: 46966.132 ms
