Nested Loop  (cost=0.43..83072.29 rows=6 width=0) (actual time=876.376..1300.508 rows=17 loops=1)
  ->  Seq Scan on movie_keyword mk  (cost=0.00..81003.12 rows=246 width=4) (actual time=0.560..1241.030 rows=1515 loops=1)
        Filter: (keyword_id = 18)
        Rows Removed by Filter: 4522415
  ->  Index Scan using title_pkey on title t  (cost=0.43..8.40 rows=1 width=4) (actual time=0.038..0.038 rows=0 loops=1515)
        Index Cond: (id = mk.movie_id)
        Filter: (production_year > 2012)
        Rows Removed by Filter: 1
Planning time: 0.734 ms
Execution time: 1300.607 ms
