Hash Join  (cost=148802.11..273518.76 rows=222761 width=0) (actual time=2848.253..6099.589 rows=1508278 loops=1)
  Hash Cond: (mk.movie_id = t.id)
  ->  Seq Scan on movie_keyword mk  (cost=0.00..69693.30 rows=4523930 width=4) (actual time=0.018..1410.026 rows=4523930 loops=1)
  ->  Hash  (cost=146758.79..146758.79 rows=124506 width=8) (actual time=2847.478..2847.478 rows=184215 loops=1)
        Buckets: 131072 (originally 131072)  Batches: 4 (originally 2)  Memory Usage: 3073kB
        ->  Hash Join  (cost=77810.57..146758.79 rows=124506 width=8) (actual time=1550.079..2784.195 rows=184215 loops=1)
              Hash Cond: (mc.movie_id = t.id)
              ->  Seq Scan on movie_companies mc  (cost=0.00..51404.11 rows=1329612 width=4) (actual time=380.132..975.636 rows=1334883 loops=1)
                    Filter: (company_type_id = 2)
                    Rows Removed by Filter: 1274246
              ->  Hash  (cost=73925.90..73925.90 rows=236773 width=4) (actual time=1169.142..1169.142 rows=208162 loops=1)
                    Buckets: 131072  Batches: 4  Memory Usage: 2857kB
                    ->  Seq Scan on title t  (cost=0.00..73925.90 rows=236773 width=4) (actual time=0.042..1101.717 rows=208162 loops=1)
                          Filter: ((kind_id < 3) AND (production_year > 2007))
                          Rows Removed by Filter: 2320150
Planning time: 1.132 ms
Execution time: 6255.478 ms
