Seq Scan on cast_info ci  (cost=0.00..705507.15 rows=16222988 width=0) (actual time=0.021..12668.122 rows=16098229 loops=1)
  Filter: (person_id < 1594340)
  Rows Removed by Filter: 20146115
Planning time: 0.294 ms
Execution time: 14708.516 ms
