Seq Scan on cast_info ci  (cost=0.00..796071.18 rows=101 width=0) (actual time=9063.093..10922.030 rows=488 loops=1)
  Filter: ((person_id = 2068390) AND (role_id = 2))
  Rows Removed by Filter: 36243856
Planning time: 0.385 ms
Execution time: 10922.182 ms
