Hash Join  (cost=83074.74..109986.57 rows=134 width=0) (actual time=1289.124..1873.297 rows=4745 loops=1)
  Hash Cond: (mi_idx.movie_id = t.id)
  ->  Seq Scan on movie_info_idx mi_idx  (cost=0.00..21735.35 rows=1380035 width=4) (actual time=0.024..322.355 rows=1380035 loops=1)
  ->  Hash  (cost=83071.67..83071.67 rows=246 width=8) (actual time=1288.820..1288.820 rows=1941 loops=1)
        Buckets: 2048 (originally 1024)  Batches: 1 (originally 1)  Memory Usage: 92kB
        ->  Nested Loop  (cost=0.43..83071.67 rows=246 width=8) (actual time=2.840..1287.510 rows=1941 loops=1)
              ->  Seq Scan on movie_keyword mk  (cost=0.00..81003.12 rows=246 width=4) (actual time=2.771..1212.641 rows=1941 loops=1)
                    Filter: (keyword_id = 1684)
                    Rows Removed by Filter: 4521989
              ->  Index Only Scan using title_pkey on title t  (cost=0.43..8.40 rows=1 width=4) (actual time=0.037..0.037 rows=1 loops=1941)
                    Index Cond: (id = mk.movie_id)
                    Heap Fetches: 1941
Planning time: 1.490 ms
Execution time: 1874.194 ms
