Seq Scan on movie_companies mc  (cost=0.00..57926.93 rows=250241 width=0) (actual time=366.389..858.862 rows=372031 loops=1)
  Filter: ((company_id < 465) AND (company_type_id = 1))
  Rows Removed by Filter: 2237098
Planning time: 0.399 ms
Execution time: 904.458 ms
