Hash Join  (cost=131333.61..210791.45 rows=319731 width=0) (actual time=2904.272..5707.974 rows=2352350 loops=1)
  Hash Cond: (mc.movie_id = t.id)
  ->  Seq Scan on movie_companies mc  (cost=0.00..44881.29 rows=2609129 width=4) (actual time=0.030..879.979 rows=2609129 loops=1)
  ->  Hash  (cost=126249.44..126249.44 rows=309854 width=8) (actual time=2903.101..2903.101 rows=676045 loops=1)
        Buckets: 131072 (originally 131072)  Batches: 16 (originally 8)  Memory Usage: 3073kB
        ->  Hash Join  (cost=83240.42..126249.44 rows=309854 width=8) (actual time=1345.273..2701.105 rows=676045 loops=1)
              Hash Cond: (mi_idx.movie_id = t.id)
              ->  Seq Scan on movie_info_idx mi_idx  (cost=0.00..21735.35 rows=1380035 width=4) (actual time=0.018..415.594 rows=1380035 loops=1)
              ->  Hash  (cost=73925.90..73925.90 rows=567721 width=4) (actual time=1344.329..1344.329 rows=620439 loops=1)
                    Buckets: 131072  Batches: 8  Memory Usage: 3764kB
                    ->  Seq Scan on title t  (cost=0.00..73925.90 rows=567721 width=4) (actual time=0.019..1148.335 rows=620439 loops=1)
                          Filter: ((kind_id < 4) AND (production_year < 2008))
                          Rows Removed by Filter: 1907873
Planning time: 1.156 ms
Execution time: 5991.790 ms
