Hash Join  (cost=52284.99..416946.98 rows=606 width=0) (actual time=886.171..8483.454 rows=5000 loops=1)
  Hash Cond: (mi.movie_id = t.id)
  ->  Seq Scan on movie_info mi  (cost=0.00..309384.22 rows=14739122 width=4) (actual time=0.015..4817.533 rows=14835720 loops=1)
  ->  Hash  (cost=52283.69..52283.69 rows=104 width=8) (actual time=866.908..866.908 rows=666 loops=1)
        Buckets: 1024  Batches: 1  Memory Usage: 35kB
        ->  Nested Loop  (cost=0.43..52283.69 rows=104 width=8) (actual time=98.654..866.485 rows=666 loops=1)
              ->  Seq Scan on movie_companies mc  (cost=0.00..51404.11 rows=104 width=4) (actual time=98.580..845.046 rows=666 loops=1)
                    Filter: (company_id = 11435)
                    Rows Removed by Filter: 2608463
              ->  Index Only Scan using title_pkey on title t  (cost=0.43..8.45 rows=1 width=4) (actual time=0.031..0.031 rows=1 loops=666)
                    Index Cond: (id = mc.movie_id)
                    Heap Fetches: 666
Planning time: 1.201 ms
Execution time: 8484.634 ms
