Seq Scan on movie_companies mc  (cost=0.00..57926.93 rows=515097 width=0) (actual time=153.413..1071.344 rows=826257 loops=1)
  Filter: ((company_id > 15996) AND (company_type_id > 1))
  Rows Removed by Filter: 1782872
Planning time: 0.367 ms
Execution time: 1174.969 ms
