Nested Loop  (cost=0.43..83071.67 rows=246 width=0) (actual time=2.625..1252.495 rows=81 loops=1)
  ->  Seq Scan on movie_keyword mk  (cost=0.00..81003.12 rows=246 width=4) (actual time=2.583..1249.565 rows=81 loops=1)
        Filter: (keyword_id = 16863)
        Rows Removed by Filter: 4523849
  ->  Index Only Scan using title_pkey on title t  (cost=0.43..8.40 rows=1 width=4) (actual time=0.032..0.032 rows=1 loops=81)
        Index Cond: (id = mk.movie_id)
        Heap Fetches: 81
Planning time: 0.487 ms
Execution time: 1252.619 ms
