Hash Join  (cost=139515.87..229918.88 rows=65405 width=0) (actual time=2870.739..4892.472 rows=510786 loops=1)
  Hash Cond: (mk.movie_id = t.id)
  ->  Seq Scan on movie_keyword mk  (cost=0.00..81003.12 rows=2332222 width=4) (actual time=0.021..1524.213 rows=2331204 loops=1)
        Filter: (keyword_id < 5142)
        Rows Removed by Filter: 2192726
  ->  Hash  (cost=138629.49..138629.49 rows=70910 width=8) (actual time=2869.960..2869.960 rows=53016 loops=1)
        Buckets: 131072  Batches: 1  Memory Usage: 3095kB
        ->  Hash Join  (cost=69687.24..138629.49 rows=70910 width=8) (actual time=1411.498..2851.304 rows=53016 loops=1)
              Hash Cond: (mc.movie_id = t.id)
              ->  Seq Scan on movie_companies mc  (cost=0.00..51404.11 rows=1412545 width=4) (actual time=0.022..928.469 rows=1402090 loops=1)
                    Filter: (company_id < 12234)
                    Rows Removed by Filter: 1207039
              ->  Hash  (cost=67604.59..67604.59 rows=126932 width=4) (actual time=1410.607..1410.607 rows=122861 loops=1)
                    Buckets: 131072  Batches: 2  Memory Usage: 3191kB
                    ->  Seq Scan on title t  (cost=0.00..67604.59 rows=126932 width=4) (actual time=0.026..1134.953 rows=122861 loops=1)
                          Filter: (production_year = 2008)
                          Rows Removed by Filter: 2405451
Planning time: 1.188 ms
Execution time: 4954.902 ms
