Nested Loop  (cost=0.43..83071.67 rows=246 width=0) (actual time=10.484..1256.382 rows=155 loops=1)
  ->  Seq Scan on movie_keyword mk  (cost=0.00..81003.12 rows=246 width=4) (actual time=10.404..1239.241 rows=155 loops=1)
        Filter: (keyword_id = 2793)
        Rows Removed by Filter: 4523775
  ->  Index Only Scan using title_pkey on title t  (cost=0.43..8.40 rows=1 width=4) (actual time=0.106..0.107 rows=1 loops=155)
        Index Cond: (id = mk.movie_id)
        Heap Fetches: 155
Planning time: 8.691 ms
Execution time: 1256.566 ms
