Hash Join  (cost=185820.02..1283925.72 rows=8646470 width=0) (actual time=5025.859..46061.979 rows=34763425 loops=1)
  Hash Cond: (ci.movie_id = t.id)
  ->  Seq Scan on cast_info ci  (cost=0.00..705507.15 rows=26194359 width=4) (actual time=0.028..15583.130 rows=26206621 loops=1)
        Filter: (person_id < 2711817)
        Rows Removed by Filter: 10037723
  ->  Hash  (cost=172126.04..172126.04 rows=834639 width=8) (actual time=5024.413..5024.413 rows=1506305 loops=1)
        Buckets: 131072 (originally 131072)  Batches: 32 (originally 16)  Memory Usage: 3073kB
        ->  Hash Join  (cost=83810.17..172126.04 rows=834639 width=8) (actual time=1970.085..4607.958 rows=1506305 loops=1)
              Hash Cond: (mc.movie_id = t.id)
              ->  Seq Scan on movie_companies mc  (cost=0.00..51404.11 rows=2136629 width=4) (actual time=0.022..1039.464 rows=2132629 loops=1)
                    Filter: (company_id < 75556)
                    Rows Removed by Filter: 476500
              ->  Hash  (cost=67604.59..67604.59 rows=987727 width=4) (actual time=1969.212..1969.212 rows=985048 loops=1)
                    Buckets: 131072  Batches: 16  Memory Usage: 3188kB
                    ->  Seq Scan on title t  (cost=0.00..67604.59 rows=987727 width=4) (actual time=0.016..1168.866 rows=985048 loops=1)
                          Filter: (kind_id < 7)
                          Rows Removed by Filter: 1543264
Planning time: 1.153 ms
Execution time: 49768.697 ms
