Seq Scan on movie_companies mc  (cost=0.00..51404.11 rows=279504 width=0) (actual time=0.014..810.805 rows=281959 loops=1)
  Filter: (company_id > 95692)
  Rows Removed by Filter: 2327170
Planning time: 0.316 ms
Execution time: 845.640 ms
