Seq Scan on movie_companies mc  (cost=0.00..51404.11 rows=1649444 width=0) (actual time=0.013..997.261 rows=1648103 loops=1)
  Filter: (company_id > 3909)
  Rows Removed by Filter: 961026
Planning time: 0.367 ms
Execution time: 1206.030 ms
