Seq Scan on movie_keyword mk  (cost=0.00..81003.12 rows=246 width=0) (actual time=32.850..1129.886 rows=134 loops=1)
  Filter: (keyword_id = 3073)
  Rows Removed by Filter: 4523796
Planning time: 0.368 ms
Execution time: 1130.053 ms
