Hash Join  (cost=170823.62..554184.71 rows=28128 width=0) (actual time=3443.500..11164.903 rows=624905 loops=1)
  Hash Cond: (mi.movie_id = t.id)
  ->  Seq Scan on movie_info mi  (cost=0.00..309384.22 rows=14739122 width=4) (actual time=0.021..4512.791 rows=14835720 loops=1)
  ->  Hash  (cost=170763.31..170763.31 rows=4825 width=8) (actual time=3442.561..3442.561 rows=15674 loops=1)
        Buckets: 16384 (originally 8192)  Batches: 1 (originally 1)  Memory Usage: 741kB
        ->  Hash Join  (cost=73962.22..170763.31 rows=4825 width=8) (actual time=1150.208..3436.482 rows=15674 loops=1)
              Hash Cond: (mk.movie_id = t.id)
              ->  Seq Scan on movie_keyword mk  (cost=0.00..81003.12 rows=4199925 width=4) (actual time=0.025..1648.485 rows=4178571 loops=1)
                    Filter: (keyword_id > 286)
                    Rows Removed by Filter: 345359
              ->  Hash  (cost=73925.90..73925.90 rows=2905 width=4) (actual time=1149.607..1149.607 rows=3646 loops=1)
                    Buckets: 4096  Batches: 1  Memory Usage: 161kB
                    ->  Seq Scan on title t  (cost=0.00..73925.90 rows=2905 width=4) (actual time=0.094..1147.723 rows=3646 loops=1)
                          Filter: ((kind_id < 7) AND (production_year = 1957))
                          Rows Removed by Filter: 2524666
Planning time: 1.016 ms
Execution time: 11245.062 ms
