Hash Join  (cost=102767.86..1079863.44 rows=10876211 width=0) (actual time=3136.725..24312.052 rows=10757754 loops=1)
  Hash Cond: (ci.movie_id = t.id)
  ->  Seq Scan on cast_info ci  (cost=0.00..705507.15 rows=10876211 width=4) (actual time=1150.271..13522.359 rows=10757754 loops=1)
        Filter: (person_id < 1055801)
        Rows Removed by Filter: 25486590
  ->  Hash  (cost=61283.27..61283.27 rows=2528527 width=4) (actual time=1951.819..1951.819 rows=2528312 loops=1)
        Buckets: 131072  Batches: 64  Memory Usage: 2415kB
        ->  Seq Scan on title t  (cost=0.00..61283.27 rows=2528527 width=4) (actual time=0.018..1113.811 rows=2528312 loops=1)
Planning time: 0.691 ms
Execution time: 25460.328 ms
