Seq Scan on cast_info ci  (cost=0.00..796071.18 rows=1033670 width=0) (actual time=5845.596..10560.044 rows=1605404 loops=1)
  Filter: ((person_id > 3744029) AND (role_id > 1))
  Rows Removed by Filter: 34638940
Planning time: 0.325 ms
Execution time: 10763.570 ms
