Hash Join  (cost=101441.11..898558.60 rows=723 width=0) (actual time=3475.137..16380.794 rows=647 loops=1)
  Hash Cond: (ci.movie_id = t.id)
  ->  Seq Scan on cast_info ci  (cost=0.00..796071.18 rows=277088 width=4) (actual time=1717.709..14563.000 rows=285564 loops=1)
        Filter: ((person_id > 724258) AND (role_id > 10))
        Rows Removed by Filter: 35958780
  ->  Hash  (cost=101358.60..101358.60 rows=6601 width=8) (actual time=1755.686..1755.686 rows=13649 loops=1)
        Buckets: 16384 (originally 8192)  Batches: 1 (originally 1)  Memory Usage: 662kB
        ->  Hash Join  (cost=74378.48..101358.60 rows=6601 width=8) (actual time=1495.172..1750.539 rows=13649 loops=1)
              Hash Cond: (mi_idx.movie_id = t.id)
              ->  Seq Scan on movie_info_idx mi_idx  (cost=0.00..25185.44 rows=460978 width=4) (actual time=0.048..460.099 rows=459925 loops=1)
                    Filter: (info_type_id = 99)
                    Rows Removed by Filter: 920110
              ->  Hash  (cost=73925.90..73925.90 rows=36206 width=4) (actual time=1157.246..1157.246 rows=33919 loops=1)
                    Buckets: 65536  Batches: 1  Memory Usage: 1705kB
                    ->  Seq Scan on title t  (cost=0.00..73925.90 rows=36206 width=4) (actual time=0.053..1143.198 rows=33919 loops=1)
                          Filter: ((production_year > 2005) AND (kind_id = 2))
                          Rows Removed by Filter: 2494393
Planning time: 1.416 ms
Execution time: 16381.549 ms
