Hash Join  (cost=73962.22..100888.56 rows=1586 width=0) (actual time=1245.751..1851.495 rows=7219 loops=1)
  Hash Cond: (mi_idx.movie_id = t.id)
  ->  Seq Scan on movie_info_idx mi_idx  (cost=0.00..21735.35 rows=1380035 width=4) (actual time=0.013..323.129 rows=1380035 loops=1)
  ->  Hash  (cost=73925.90..73925.90 rows=2905 width=4) (actual time=1245.664..1245.664 rows=6198 loops=1)
        Buckets: 8192 (originally 4096)  Batches: 1 (originally 1)  Memory Usage: 282kB
        ->  Seq Scan on title t  (cost=0.00..73925.90 rows=2905 width=4) (actual time=1.626..1242.453 rows=6198 loops=1)
              Filter: ((kind_id < 7) AND (production_year = 1976))
              Rows Removed by Filter: 2522114
Planning time: 0.786 ms
Execution time: 1852.793 ms
