Hash Join  (cost=87162.74..201728.35 rows=657686 width=0) (actual time=1574.005..4654.569 rows=1638073 loops=1)
  Hash Cond: (mk.movie_id = t.id)
  ->  Seq Scan on movie_keyword mk  (cost=0.00..81003.12 rows=2061234 width=4) (actual time=0.046..1588.103 rows=2062661 loops=1)
        Filter: (keyword_id > 5900)
        Rows Removed by Filter: 2461269
  ->  Hash  (cost=73925.90..73925.90 rows=806787 width=4) (actual time=1572.748..1572.748 rows=843018 loops=1)
        Buckets: 131072  Batches: 16  Memory Usage: 2888kB
        ->  Seq Scan on title t  (cost=0.00..73925.90 rows=806787 width=4) (actual time=0.027..1300.371 rows=843018 loops=1)
              Filter: ((kind_id < 7) AND (production_year < 2011))
              Rows Removed by Filter: 1685294
Planning time: 0.732 ms
Execution time: 4794.369 ms
