Seq Scan on movie_keyword mk  (cost=0.00..81003.12 rows=4282485 width=0) (actual time=0.021..1526.898 rows=4283356 loops=1)
  Filter: (keyword_id < 61796)
  Rows Removed by Filter: 240574
Planning time: 0.317 ms
Execution time: 2055.046 ms
