Hash Join  (cost=258173.68..1527323.11 rows=23174556 width=0) (actual time=5797.125..48018.542 rows=48557431 loops=1)
  Hash Cond: (ci.movie_id = t.id)
  ->  Seq Scan on cast_info ci  (cost=0.00..705507.15 rows=25194943 width=4) (actual time=0.018..15550.297 rows=25219787 loops=1)
        Filter: (person_id < 2601548)
        Rows Removed by Filter: 11024557
  ->  Hash  (cost=220015.64..220015.64 rows=2325764 width=8) (actual time=5795.718..5795.718 rows=2330249 loops=1)
        Buckets: 131072  Batches: 32  Memory Usage: 3838kB
        ->  Hash Join  (cost=102767.86..220015.64 rows=2325764 width=8) (actual time=1907.238..5175.241 rows=2330249 loops=1)
              Hash Cond: (mc.movie_id = t.id)
              ->  Seq Scan on movie_companies mc  (cost=0.00..51404.11 rows=2325764 width=4) (actual time=0.020..1063.067 rows=2330249 loops=1)
                    Filter: (company_id > 149)
                    Rows Removed by Filter: 278880
              ->  Hash  (cost=61283.27..61283.27 rows=2528527 width=4) (actual time=1906.222..1906.222 rows=2528312 loops=1)
                    Buckets: 131072  Batches: 64  Memory Usage: 2415kB
                    ->  Seq Scan on title t  (cost=0.00..61283.27 rows=2528527 width=4) (actual time=0.011..1094.181 rows=2528312 loops=1)
Planning time: 0.794 ms
Execution time: 53493.215 ms
