Hash Join  (cost=102767.86..923929.44 rows=632148 width=0) (actual time=2421.152..14021.646 rows=758661 loops=1)
  Hash Cond: (ci.movie_id = t.id)
  ->  Seq Scan on cast_info ci  (cost=0.00..796071.18 rows=632148 width=4) (actual time=421.382..10395.400 rows=758661 loops=1)
        Filter: ((person_id < 106100) AND (role_id < 3))
        Rows Removed by Filter: 35485683
  ->  Hash  (cost=61283.27..61283.27 rows=2528527 width=4) (actual time=1998.525..1998.525 rows=2528312 loops=1)
        Buckets: 131072  Batches: 64  Memory Usage: 2415kB
        ->  Seq Scan on title t  (cost=0.00..61283.27 rows=2528527 width=4) (actual time=0.025..1158.539 rows=2528312 loops=1)
Planning time: 0.798 ms
Execution time: 14107.163 ms
