Seq Scan on movie_keyword mk  (cost=0.00..81003.12 rows=327300 width=0) (actual time=0.018..1319.030 rows=325289 loops=1)
  Filter: (keyword_id > 50501)
  Rows Removed by Filter: 4198641
Planning time: 0.265 ms
Execution time: 1361.092 ms
