Hash Join  (cost=95656.52..464292.78 rows=28965 width=0) (actual time=2218.417..8691.876 rows=73800 loops=1)
  Hash Cond: (mi.movie_id = t.id)
  ->  Seq Scan on movie_info mi  (cost=0.00..346232.03 rows=5897221 width=4) (actual time=622.406..5884.796 rows=5884963 loops=1)
        Filter: (info_type_id < 7)
        Rows Removed by Filter: 8950757
  ->  Hash  (cost=95501.29..95501.29 rows=12419 width=8) (actual time=1595.146..1595.146 rows=15100 loops=1)
        Buckets: 16384  Batches: 1  Memory Usage: 718kB
        ->  Hash Join  (cost=68449.54..95501.29 rows=12419 width=8) (actual time=1008.530..1588.696 rows=15100 loops=1)
              Hash Cond: (mi_idx.movie_id = t.id)
              ->  Seq Scan on movie_info_idx mi_idx  (cost=0.00..25185.44 rows=464566 width=4) (actual time=0.025..438.185 rows=459925 loops=1)
                    Filter: (info_type_id = 101)
                    Rows Removed by Filter: 920110
              ->  Hash  (cost=67604.59..67604.59 rows=67596 width=4) (actual time=1007.804..1007.804 rows=67777 loops=1)
                    Buckets: 131072  Batches: 1  Memory Usage: 3407kB
                    ->  Seq Scan on title t  (cost=0.00..67604.59 rows=67596 width=4) (actual time=0.031..979.512 rows=67777 loops=1)
                          Filter: (production_year = 2003)
                          Rows Removed by Filter: 2460535
Planning time: 1.611 ms
Execution time: 8703.913 ms
