Seq Scan on movie_keyword mk  (cost=0.00..81003.12 rows=4051409 width=0) (actual time=0.025..1542.690 rows=4055271 loops=1)
  Filter: (keyword_id < 37942)
  Rows Removed by Filter: 468659
Planning time: 0.362 ms
Execution time: 2060.862 ms
