Hash Join  (cost=195311.83..1071941.70 rows=2224899 width=0) (actual time=11646.469..24325.203 rows=4212135 loops=1)
  Hash Cond: (ci.movie_id = t.id)
  ->  Seq Scan on cast_info ci  (cost=0.00..705507.15 rows=12726058 width=4) (actual time=7830.423..14216.306 rows=12670688 loops=1)
        Filter: (role_id = 1)
        Rows Removed by Filter: 23573656
  ->  Hash  (cost=188059.04..188059.04 rows=442063 width=8) (actual time=3815.001..3815.001 rows=232907 loops=1)
        Buckets: 131072  Batches: 8  Memory Usage: 2154kB
        ->  Hash Join  (cost=76379.89..188059.04 rows=442063 width=8) (actual time=1356.957..3756.746 rows=232907 loops=1)
              Hash Cond: (mk.movie_id = t.id)
              ->  Seq Scan on movie_keyword mk  (cost=0.00..81003.12 rows=2089973 width=4) (actual time=0.023..1486.648 rows=2088127 loops=1)
                    Filter: (keyword_id > 5783)
                    Rows Removed by Filter: 2435803
              ->  Hash  (cost=67604.59..67604.59 rows=534824 width=4) (actual time=1354.347..1354.347 rows=533369 loops=1)
                    Buckets: 131072  Batches: 8  Memory Usage: 3376kB
                    ->  Seq Scan on title t  (cost=0.00..67604.59 rows=534824 width=4) (actual time=0.017..1171.003 rows=533369 loops=1)
                          Filter: (production_year > 2009)
                          Rows Removed by Filter: 1994943
Planning time: 1.137 ms
Execution time: 24770.140 ms
