Nested Loop  (cost=0.43..83071.67 rows=246 width=0) (actual time=1.199..1235.037 rows=91 loops=1)
  ->  Seq Scan on movie_keyword mk  (cost=0.00..81003.12 rows=246 width=4) (actual time=1.160..1230.764 rows=91 loops=1)
        Filter: (keyword_id = 27432)
        Rows Removed by Filter: 4523839
  ->  Index Only Scan using title_pkey on title t  (cost=0.43..8.40 rows=1 width=4) (actual time=0.042..0.043 rows=1 loops=91)
        Index Cond: (id = mk.movie_id)
        Heap Fetches: 91
Planning time: 0.718 ms
Execution time: 1235.166 ms
