Hash Join  (cost=94858.47..188057.55 rows=1316556 width=0) (actual time=1794.554..4181.232 rows=559452 loops=1)
  Hash Cond: (mc.movie_id = t.id)
  ->  Seq Scan on movie_companies mc  (cost=0.00..44881.29 rows=2609129 width=4) (actual time=0.018..831.855 rows=2609129 loops=1)
  ->  Hash  (cost=73925.90..73925.90 rows=1275885 width=4) (actual time=1793.489..1793.489 rows=1357653 loops=1)
        Buckets: 131072  Batches: 32  Memory Usage: 2519kB
        ->  Seq Scan on title t  (cost=0.00..73925.90 rows=1275885 width=4) (actual time=7.857..1358.607 rows=1357653 loops=1)
              Filter: ((production_year > 1969) AND (kind_id = 7))
              Rows Removed by Filter: 1170659
Planning time: 0.632 ms
Execution time: 4238.656 ms
