Seq Scan on movie_companies mc  (cost=0.00..51404.11 rows=533522 width=0) (actual time=0.034..815.682 rows=536257 loops=1)
  Filter: (company_id > 72361)
  Rows Removed by Filter: 2072872
Planning time: 17.149 ms
Execution time: 881.482 ms
