Hash Join  (cost=353260.96..907509.12 rows=9719380 width=0) (actual time=8056.407..53241.035 rows=146590489 loops=1)
  Hash Cond: (mi.movie_id = t.id)
  ->  Seq Scan on movie_info mi  (cost=0.00..346232.03 rows=6231111 width=4) (actual time=0.030..6499.698 rows=6223494 loops=1)
        Filter: (info_type_id > 8)
        Rows Removed by Filter: 8612226
  ->  Hash  (cost=288553.54..288553.54 rows=3944034 width=8) (actual time=8053.355..8053.355 rows=3946434 loops=1)
        Buckets: 131072  Batches: 64  Memory Usage: 3535kB
        ->  Hash Join  (cost=102767.86..288553.54 rows=3944034 width=8) (actual time=2003.431..6935.668 rows=3946434 loops=1)
              Hash Cond: (mk.movie_id = t.id)
              ->  Seq Scan on movie_keyword mk  (cost=0.00..81003.12 rows=3944034 width=4) (actual time=0.019..1701.742 rows=3946434 loops=1)
                    Filter: (keyword_id < 31765)
                    Rows Removed by Filter: 577496
              ->  Hash  (cost=61283.27..61283.27 rows=2528527 width=4) (actual time=2001.516..2001.516 rows=2528312 loops=1)
                    Buckets: 131072  Batches: 64  Memory Usage: 2425kB
                    ->  Seq Scan on title t  (cost=0.00..61283.27 rows=2528527 width=4) (actual time=0.021..1116.165 rows=2528312 loops=1)
Planning time: 1.078 ms
Execution time: 69695.460 ms
