Hash Join  (cost=927468.80..1066407.94 rows=1390110 width=0) (actual time=16980.098..20740.435 rows=1734111 loops=1)
  Hash Cond: (mk.movie_id = t.id)
  ->  Seq Scan on movie_keyword mk  (cost=0.00..69693.30 rows=4523930 width=4) (actual time=0.014..1429.997 rows=4523930 loops=1)
  ->  Hash  (cost=914720.75..914720.75 rows=776964 width=8) (actual time=16978.858..16978.858 rows=622004 loops=1)
        Buckets: 131072  Batches: 16  Memory Usage: 2553kB
        ->  Hash Join  (cost=87180.69..914720.75 rows=776964 width=8) (actual time=8693.557..16772.863 rows=622004 loops=1)
              Hash Cond: (ci.movie_id = t.id)
              ->  Seq Scan on cast_info ci  (cost=0.00..796071.18 rows=1646464 width=4) (actual time=6948.287..13886.445 rows=1326780 loops=1)
                    Filter: ((person_id < 2200827) AND (role_id = 4))
                    Rows Removed by Filter: 34917564
              ->  Hash  (cost=67604.59..67604.59 rows=1193208 width=4) (actual time=1744.278..1744.278 rows=1192518 loops=1)
                    Buckets: 131072  Batches: 16  Memory Usage: 3646kB
                    ->  Seq Scan on title t  (cost=0.00..67604.59 rows=1193208 width=4) (actual time=0.030..1366.176 rows=1192518 loops=1)
                          Filter: (production_year > 2003)
                          Rows Removed by Filter: 1335794
Planning time: 1.138 ms
Execution time: 20930.114 ms
