Seq Scan on cast_info ci  (cost=0.00..705507.15 rows=3742217 width=0) (actual time=301.417..11174.107 rows=3626697 loops=1)
  Filter: (person_id < 347491)
  Rows Removed by Filter: 32617647
Planning time: 0.248 ms
Execution time: 11605.672 ms
