Hash Join  (cost=631047.24..2000453.23 rows=23849737 width=0) (actual time=18049.383..76002.162 rows=129760186 loops=1)
  Hash Cond: (ci.movie_id = t.id)
  ->  Seq Scan on cast_info ci  (cost=0.00..705507.15 rows=23314940 width=4) (actual time=0.034..14800.257 rows=23208607 loops=1)
        Filter: (person_id < 2373255)
        Rows Removed by Filter: 13035737
  ->  Hash  (cost=588611.65..588611.65 rows=2586527 width=8) (actual time=18042.450..18042.450 rows=6060962 loops=1)
        Buckets: 131072 (originally 131072)  Batches: 128 (originally 64)  Memory Usage: 3073kB
        ->  Hash Join  (cost=81206.46..588611.65 rows=2586527 width=8) (actual time=1357.188..15923.997 rows=6060962 loops=1)
              Hash Cond: (mi.movie_id = t.id)
              ->  Seq Scan on movie_info mi  (cost=0.00..309384.22 rows=14739122 width=4) (actual time=0.019..5881.831 rows=14835720 loops=1)
              ->  Hash  (cost=73925.90..73925.90 rows=443724 width=4) (actual time=1356.224..1356.224 rows=536860 loops=1)
                    Buckets: 131072  Batches: 8  Memory Usage: 3403kB
                    ->  Seq Scan on title t  (cost=0.00..73925.90 rows=443724 width=4) (actual time=0.026..1182.945 rows=536860 loops=1)
                          Filter: ((kind_id < 7) AND (production_year < 2002))
                          Rows Removed by Filter: 1991452
Planning time: 1.235 ms
Execution time: 89203.896 ms
