Nested Loop  (cost=0.43..52283.69 rows=104 width=0) (actual time=8.048..1470.839 rows=677 loops=1)
  ->  Seq Scan on movie_companies mc  (cost=0.00..51404.11 rows=104 width=4) (actual time=7.964..836.770 rows=677 loops=1)
        Filter: (company_id = 185)
        Rows Removed by Filter: 2608452
  ->  Index Only Scan using title_pkey on title t  (cost=0.43..8.45 rows=1 width=4) (actual time=0.935..0.935 rows=1 loops=677)
        Index Cond: (id = mc.movie_id)
        Heap Fetches: 677
Planning time: 0.796 ms
Execution time: 1471.133 ms
