Seq Scan on movie_companies mc  (cost=0.00..51404.11 rows=2609 width=0) (actual time=2.782..910.292 rows=2035 loops=1)
  Filter: (company_id = 9749)
  Rows Removed by Filter: 2607094
Planning time: 0.357 ms
Execution time: 910.573 ms
