Hash Join  (cost=83692.58..218670.64 rows=1065002 width=0) (actual time=2036.365..5297.234 rows=462260 loops=1)
  Hash Cond: (mk.movie_id = t.id)
  ->  Seq Scan on movie_keyword mk  (cost=0.00..69693.30 rows=4523930 width=4) (actual time=0.021..1334.897 rows=4523930 loops=1)
  ->  Hash  (cost=73925.90..73925.90 rows=595254 width=4) (actual time=2035.209..2035.209 rows=471078 loops=1)
        Buckets: 131072  Batches: 8  Memory Usage: 3092kB
        ->  Seq Scan on title t  (cost=0.00..73925.90 rows=595254 width=4) (actual time=0.026..1275.355 rows=471078 loops=1)
              Filter: ((kind_id > 1) AND (production_year < 1995))
              Rows Removed by Filter: 2057234
Planning time: 0.651 ms
Execution time: 5349.686 ms
