Hash Join  (cost=87180.69..194512.63 rows=627963 width=0) (actual time=1627.601..3973.011 rows=486377 loops=1)
  Hash Cond: (mk.movie_id = t.id)
  ->  Seq Scan on movie_keyword mk  (cost=0.00..81003.12 rows=1330717 width=4) (actual time=0.021..1464.297 rows=1345291 loops=1)
        Filter: (keyword_id > 12690)
        Rows Removed by Filter: 3178639
  ->  Hash  (cost=67604.59..67604.59 rows=1193208 width=4) (actual time=1626.342..1626.342 rows=1192518 loops=1)
        Buckets: 131072  Batches: 16  Memory Usage: 3654kB
        ->  Seq Scan on title t  (cost=0.00..67604.59 rows=1193208 width=4) (actual time=0.017..1236.080 rows=1192518 loops=1)
              Filter: (production_year > 2003)
              Rows Removed by Filter: 1335794
Planning time: 0.702 ms
Execution time: 4027.089 ms
