Seq Scan on title t  (cost=0.00..67604.59 rows=2154474 width=0) (actual time=0.025..1228.624 rows=2146684 loops=1)
  Filter: (production_year > 1965)
  Rows Removed by Filter: 381628
Planning time: 0.310 ms
Execution time: 1497.889 ms
