Hash Join  (cost=106809.16..902597.13 rows=168498 width=0) (actual time=4109.949..19425.755 rows=215319 loops=1)
  Hash Cond: (ci.movie_id = t.id)
  ->  Seq Scan on cast_info ci  (cost=0.00..705507.15 rows=23625569 width=4) (actual time=2172.626..12653.065 rows=23698136 loops=1)
        Filter: (person_id > 1236802)
        Rows Removed by Filter: 12546208
  ->  Hash  (cost=106583.75..106583.75 rows=18033 width=8) (actual time=1936.840..1936.840 rows=7531 loops=1)
        Buckets: 32768  Batches: 1  Memory Usage: 551kB
        ->  Hash Join  (cost=75574.02..106583.75 rows=18033 width=8) (actual time=1417.662..1933.543 rows=7531 loops=1)
              Hash Cond: (mi_idx.movie_id = t.id)
              ->  Seq Scan on movie_info_idx mi_idx  (cost=0.00..25185.44 rows=454124 width=4) (actual time=0.029..444.394 rows=459925 loops=1)
                    Filter: (info_type_id = 100)
                    Rows Removed by Filter: 920110
              ->  Hash  (cost=73925.90..73925.90 rows=100409 width=4) (actual time=1292.478..1292.478 rows=110402 loops=1)
                    Buckets: 131072  Batches: 2  Memory Usage: 2964kB
                    ->  Seq Scan on title t  (cost=0.00..73925.90 rows=100409 width=4) (actual time=0.023..1251.283 rows=110402 loops=1)
                          Filter: ((kind_id = 7) AND (production_year = 2012))
                          Rows Removed by Filter: 2417910
Planning time: 1.160 ms
Execution time: 19457.655 ms
