Hash Join  (cost=148598.05..664554.66 rows=3387969 width=0) (actual time=3270.043..17264.957 rows=5021082 loops=1)
  Hash Cond: (mi.movie_id = t.id)
  ->  Seq Scan on movie_info mi  (cost=0.00..309384.22 rows=14739122 width=4) (actual time=0.015..6390.909 rows=14835720 loops=1)
  ->  Hash  (cost=139061.89..139061.89 rows=581213 width=8) (actual time=3268.849..3268.849 rows=493329 loops=1)
        Buckets: 131072  Batches: 8  Memory Usage: 3456kB
        ->  Hash Join  (cost=91397.28..139061.89 rows=581213 width=8) (actual time=1747.283..3130.096 rows=493329 loops=1)
              Hash Cond: (mi_idx.movie_id = t.id)
              ->  Seq Scan on movie_info_idx mi_idx  (cost=0.00..21735.35 rows=1380035 width=4) (actual time=0.016..487.466 rows=1380035 loops=1)
              ->  Hash  (cost=73925.90..73925.90 rows=1064910 width=4) (actual time=1746.274..1746.274 rows=1003269 loops=1)
                    Buckets: 131072  Batches: 16  Memory Usage: 3233kB
                    ->  Seq Scan on title t  (cost=0.00..73925.90 rows=1064910 width=4) (actual time=0.023..1432.504 rows=1003269 loops=1)
                          Filter: ((kind_id > 1) AND (production_year < 2006))
                          Rows Removed by Filter: 1525043
Planning time: 1.135 ms
Execution time: 17829.197 ms
