Seq Scan on movie_companies mc  (cost=0.00..57926.93 rows=2687 width=0) (actual time=124.923..922.464 rows=5156 loops=1)
  Filter: ((company_type_id < 2) AND (company_id = 49))
  Rows Removed by Filter: 2603973
Planning time: 0.356 ms
Execution time: 923.401 ms
