Hash Join  (cost=133614.81..888450.43 rows=404645 width=0) (actual time=2697.735..20879.542 rows=490592 loops=1)
  Hash Cond: (ci.movie_id = t.id)
  ->  Seq Scan on cast_info ci  (cost=0.00..614943.12 rows=36225612 width=4) (actual time=0.026..9029.250 rows=36244344 loops=1)
  ->  Hash  (cost=133261.76..133261.76 rows=28244 width=8) (actual time=2697.367..2697.367 rows=18693 loops=1)
        Buckets: 32768  Batches: 1  Memory Usage: 987kB
        ->  Hash Join  (cost=74391.93..133261.76 rows=28244 width=8) (actual time=1252.355..2689.300 rows=18693 loops=1)
              Hash Cond: (mc.movie_id = t.id)
              ->  Seq Scan on movie_companies mc  (cost=0.00..51404.11 rows=1915541 width=4) (actual time=0.018..953.166 rows=1909469 loops=1)
                    Filter: (company_id < 45648)
                    Rows Removed by Filter: 699660
              ->  Hash  (cost=73925.90..73925.90 rows=37282 width=4) (actual time=1251.387..1251.387 rows=42986 loops=1)
                    Buckets: 65536  Batches: 1  Memory Usage: 2024kB
                    ->  Seq Scan on title t  (cost=0.00..73925.90 rows=37282 width=4) (actual time=0.024..1233.115 rows=42986 loops=1)
                          Filter: ((kind_id > 1) AND (production_year = 1999))
                          Rows Removed by Filter: 2485326
Planning time: 1.114 ms
Execution time: 20950.763 ms
