Hash Join  (cost=892591.11..2773490.52 rows=22805710 width=211) (actual time=21201.348..88715.551 rows=47987856 loops=1)
  Hash Cond: (ci.movie_id = t.id)
  ->  Seq Scan on cast_info ci  (cost=0.00..614943.12 rows=36225612 width=42) (actual time=0.012..13841.692 rows=36244344 loops=1)
  ->  Hash  (cost=833830.29..833830.29 rows=1591826 width=169) (actual time=21198.513..21198.513 rows=2834002 loops=1)
        Buckets: 32768  Batches: 128  Memory Usage: 3832kB
        ->  Hash Join  (cost=75019.10..833830.29 rows=1591826 width=169) (actual time=1486.846..18859.429 rows=2834002 loops=1)
              Hash Cond: (mi.movie_id = t.id)
              ->  Seq Scan on movie_info mi  (cost=0.00..309384.22 rows=14739122 width=75) (actual time=0.012..6475.811 rows=14835720 loops=1)
              ->  Hash  (cost=67604.59..67604.59 rows=273081 width=94) (actual time=1486.292..1486.292 rows=273902 loops=1)
                    Buckets: 32768  Batches: 16  Memory Usage: 2158kB
                    ->  Seq Scan on title t  (cost=0.00..67604.59 rows=273081 width=94) (actual time=0.023..1368.695 rows=273902 loops=1)
                          Filter: (production_year < 1963)
                          Rows Removed by Filter: 2254410
Planning time: 10.136 ms
Execution time: 91407.142 ms
