Hash Join  (cost=28270.40..125853.97 rows=643 width=0) (actual time=458.757..2845.603 rows=37813 loops=1)
  Hash Cond: (mk.movie_id = t.id)
  ->  Seq Scan on movie_keyword mk  (cost=0.00..81003.12 rows=4419739 width=4) (actual time=0.020..1776.630 rows=4421395 loops=1)
        Filter: (keyword_id < 81690)
        Rows Removed by Filter: 102535
  ->  Hash  (cost=28265.80..28265.80 rows=368 width=8) (actual time=458.669..458.669 rows=260 loops=1)
        Buckets: 1024  Batches: 1  Memory Usage: 19kB
        ->  Nested Loop  (cost=0.43..28265.80 rows=368 width=8) (actual time=108.248..458.550 rows=260 loops=1)
              ->  Seq Scan on movie_info_idx mi_idx  (cost=0.00..25185.44 rows=368 width=4) (actual time=108.146..452.813 rows=260 loops=1)
                    Filter: (info_type_id > 101)
                    Rows Removed by Filter: 1379775
              ->  Index Only Scan using title_pkey on title t  (cost=0.43..8.36 rows=1 width=4) (actual time=0.021..0.021 rows=1 loops=260)
                    Index Cond: (id = mi_idx.movie_id)
                    Heap Fetches: 260
Planning time: 1.090 ms
Execution time: 2850.557 ms
