Seq Scan on movie_keyword mk  (cost=0.00..81003.12 rows=246 width=0) (actual time=41.009..1351.333 rows=6 loops=1)
  Filter: (keyword_id = 75336)
  Rows Removed by Filter: 4523924
Planning time: 0.370 ms
Execution time: 1351.428 ms
