Hash Join  (cost=156632.57..224782.08 rows=115276 width=0) (actual time=3761.061..4929.681 rows=177529 loops=1)
  Hash Cond: (mc.movie_id = t.id)
  ->  Seq Scan on movie_companies mc  (cost=0.00..57926.93 rows=627419 width=4) (actual time=205.105..1028.071 rows=399296 loops=1)
        Filter: ((company_id < 11138) AND (company_type_id > 1))
        Rows Removed by Filter: 2209833
  ->  Hash  (cost=149010.49..149010.49 rows=464566 width=8) (actual time=3555.147..3555.147 rows=459925 loops=1)
        Buckets: 131072  Batches: 8  Memory Usage: 3275kB
        ->  Hash Join  (cost=102767.86..149010.49 rows=464566 width=8) (actual time=2035.951..3420.367 rows=459925 loops=1)
              Hash Cond: (mi_idx.movie_id = t.id)
              ->  Seq Scan on movie_info_idx mi_idx  (cost=0.00..25185.44 rows=464566 width=4) (actual time=0.019..517.309 rows=459925 loops=1)
                    Filter: (info_type_id = 101)
                    Rows Removed by Filter: 920110
              ->  Hash  (cost=61283.27..61283.27 rows=2528527 width=4) (actual time=2035.199..2035.199 rows=2528312 loops=1)
                    Buckets: 131072  Batches: 64  Memory Usage: 2415kB
                    ->  Seq Scan on title t  (cost=0.00..61283.27 rows=2528527 width=4) (actual time=0.034..1202.030 rows=2528312 loops=1)
Planning time: 0.786 ms
Execution time: 4952.317 ms
