Hash Join  (cost=105192.26..1240339.28 rows=13675019 width=0) (actual time=6375.373..31385.380 rows=12969428 loops=1)
  Hash Cond: (ci.movie_id = t.id)
  ->  Seq Scan on cast_info ci  (cost=0.00..796071.18 rows=15092730 width=4) (actual time=4207.339..17636.659 rows=13777534 loops=1)
        Filter: ((person_id > 865461) AND (role_id < 3))
        Rows Removed by Filter: 22466810
  ->  Hash  (cost=67604.59..67604.59 rows=2291014 width=4) (actual time=2167.103..2167.103 rows=2281608 loops=1)
        Buckets: 131072  Batches: 32  Memory Usage: 3535kB
        ->  Seq Scan on title t  (cost=0.00..67604.59 rows=2291014 width=4) (actual time=0.028..1466.977 rows=2281608 loops=1)
              Filter: (production_year > 1951)
              Rows Removed by Filter: 246704
Planning time: 0.735 ms
Execution time: 32855.635 ms
