Seq Scan on cast_info ci  (cost=0.00..705507.15 rows=15395236 width=0) (actual time=0.026..12057.330 rows=15527024 loops=1)
  Filter: (person_id > 2085783)
  Rows Removed by Filter: 20717320
Planning time: 0.375 ms
Execution time: 13931.289 ms
