Hash Join  (cost=180431.62..671131.05 rows=1020848 width=0) (actual time=3336.412..20709.173 rows=22751738 loops=1)
  Hash Cond: (mi.movie_id = t.id)
  ->  Seq Scan on movie_info mi  (cost=0.00..309384.22 rows=14739122 width=4) (actual time=0.020..6219.581 rows=14835720 loops=1)
  ->  Hash  (cost=177557.51..177557.51 rows=175129 width=8) (actual time=3335.637..3335.637 rows=281723 loops=1)
        Buckets: 131072  Batches: 4  Memory Usage: 3794kB
        ->  Hash Join  (cost=80560.63..177557.51 rows=175129 width=8) (actual time=1264.977..3250.542 rows=281723 loops=1)
              Hash Cond: (mk.movie_id = t.id)
              ->  Seq Scan on movie_keyword mk  (cost=0.00..81003.12 rows=1095058 width=4) (actual time=0.026..1397.966 rows=1102686 loops=1)
                    Filter: (keyword_id < 1135)
                    Rows Removed by Filter: 3421244
              ->  Hash  (cost=73925.90..73925.90 rows=404378 width=4) (actual time=1263.892..1263.892 rows=296768 loops=1)
                    Buckets: 131072  Batches: 8  Memory Usage: 2340kB
                    ->  Seq Scan on title t  (cost=0.00..73925.90 rows=404378 width=4) (actual time=0.020..1168.124 rows=296768 loops=1)
                          Filter: ((production_year > 1997) AND (kind_id = 1))
                          Rows Removed by Filter: 2231544
Planning time: 1.130 ms
Execution time: 23279.849 ms
