Seq Scan on movie_companies mc  (cost=0.00..51404.11 rows=231737 width=0) (actual time=0.059..801.964 rows=228537 loops=1)
  Filter: (company_id < 91)
  Rows Removed by Filter: 2380592
Planning time: 0.326 ms
Execution time: 830.491 ms
