Hash Join  (cost=83810.17..443986.82 rows=254677 width=0) (actual time=4457.609..7990.485 rows=493595 loops=1)
  Hash Cond: (mi.movie_id = t.id)
  ->  Seq Scan on movie_info mi  (cost=0.00..346232.03 rows=651960 width=4) (actual time=2780.785..5449.165 rows=660923 loops=1)
        Filter: (info_type_id = 18)
        Rows Removed by Filter: 14174797
  ->  Hash  (cost=67604.59..67604.59 rows=987727 width=4) (actual time=1675.928..1675.928 rows=985048 loops=1)
        Buckets: 131072  Batches: 16  Memory Usage: 3197kB
        ->  Seq Scan on title t  (cost=0.00..67604.59 rows=987727 width=4) (actual time=0.019..1358.969 rows=985048 loops=1)
              Filter: (kind_id < 7)
              Rows Removed by Filter: 1543264
Planning time: 1.888 ms
Execution time: 8050.629 ms
