Hash Join  (cost=102767.86..225661.89 rows=1330394 width=0) (actual time=2002.861..5252.235 rows=1344795 loops=1)
  Hash Cond: (mk.movie_id = t.id)
  ->  Seq Scan on movie_keyword mk  (cost=0.00..81003.12 rows=1330394 width=4) (actual time=0.025..1371.403 rows=1344795 loops=1)
        Filter: (keyword_id > 12696)
        Rows Removed by Filter: 3179135
  ->  Hash  (cost=61283.27..61283.27 rows=2528527 width=4) (actual time=2001.361..2001.361 rows=2528312 loops=1)
        Buckets: 131072  Batches: 64  Memory Usage: 2425kB
        ->  Seq Scan on title t  (cost=0.00..61283.27 rows=2528527 width=4) (actual time=0.023..1147.414 rows=2528312 loops=1)
Planning time: 0.758 ms
Execution time: 5391.845 ms
