Hash Join  (cost=355746.90..901347.39 rows=9341831 width=0) (actual time=8023.190..27452.695 rows=41688266 loops=1)
  Hash Cond: (mi.movie_id = t.id)
  ->  Seq Scan on movie_info mi  (cost=0.00..346232.03 rows=5897221 width=4) (actual time=0.014..5947.641 rows=5884963 loops=1)
        Filter: (info_type_id < 7)
        Rows Removed by Filter: 8950757
  ->  Hash  (cost=290031.68..290031.68 rows=4005458 width=8) (actual time=8021.313..8021.313 rows=4013493 loops=1)
        Buckets: 131072  Batches: 64  Memory Usage: 3573kB
        ->  Hash Join  (cost=102767.86..290031.68 rows=4005458 width=8) (actual time=1955.881..6959.809 rows=4013493 loops=1)
              Hash Cond: (mk.movie_id = t.id)
              ->  Seq Scan on movie_keyword mk  (cost=0.00..81003.12 rows=4005458 width=4) (actual time=0.010..1826.031 rows=4013493 loops=1)
                    Filter: (keyword_id < 35553)
                    Rows Removed by Filter: 510437
              ->  Hash  (cost=61283.27..61283.27 rows=2528527 width=4) (actual time=1955.137..1955.137 rows=2528312 loops=1)
                    Buckets: 131072  Batches: 64  Memory Usage: 2425kB
                    ->  Seq Scan on title t  (cost=0.00..61283.27 rows=2528527 width=4) (actual time=0.007..1090.157 rows=2528312 loops=1)
Planning time: 0.988 ms
Execution time: 32247.901 ms
