Hash Join  (cost=102767.86..191077.45 rows=1123168 width=0) (actual time=1982.280..4311.351 rows=1120860 loops=1)
  Hash Cond: (mc.movie_id = t.id)
  ->  Seq Scan on movie_companies mc  (cost=0.00..51404.11 rows=1123168 width=4) (actual time=0.027..1021.721 rows=1120860 loops=1)
        Filter: (company_id < 7860)
        Rows Removed by Filter: 1488269
  ->  Hash  (cost=61283.27..61283.27 rows=2528527 width=4) (actual time=1981.125..1981.125 rows=2528312 loops=1)
        Buckets: 131072  Batches: 64  Memory Usage: 2415kB
        ->  Seq Scan on title t  (cost=0.00..61283.27 rows=2528527 width=4) (actual time=0.016..1171.017 rows=2528312 loops=1)
Planning time: 0.694 ms
Execution time: 4447.292 ms
