Hash Join  (cost=102767.86..223262.22 rows=1230599 width=0) (actual time=1897.037..4778.386 rows=1239555 loops=1)
  Hash Cond: (mk.movie_id = t.id)
  ->  Seq Scan on movie_keyword mk  (cost=0.00..81003.12 rows=1230599 width=4) (actual time=0.016..1551.755 rows=1239555 loops=1)
        Filter: (keyword_id < 1578)
        Rows Removed by Filter: 3284375
  ->  Hash  (cost=61283.27..61283.27 rows=2528527 width=4) (actual time=1895.882..1895.882 rows=2528312 loops=1)
        Buckets: 131072  Batches: 64  Memory Usage: 2425kB
        ->  Seq Scan on title t  (cost=0.00..61283.27 rows=2528527 width=4) (actual time=0.015..1039.430 rows=2528312 loops=1)
Planning time: 0.717 ms
Execution time: 4915.820 ms
