Seq Scan on movie_companies mc  (cost=0.00..57926.93 rows=975434 width=0) (actual time=0.021..1134.532 rows=1263268 loops=1)
  Filter: ((company_id < 61278) AND (company_type_id < 2))
  Rows Removed by Filter: 1345861
Planning time: 5.495 ms
Execution time: 1292.585 ms
