Seq Scan on cast_info ci  (cost=0.00..705507.15 rows=500 width=0) (actual time=1439.229..10397.826 rows=38 loops=1)
  Filter: (person_id = 3060)
  Rows Removed by Filter: 36244306
Planning time: 0.350 ms
Execution time: 10397.902 ms
