Hash Join  (cost=169052.33..536307.82 rows=259957 width=0) (actual time=2521.655..14710.075 rows=7775500 loops=1)
  Hash Cond: (mi.movie_id = t.id)
  ->  Seq Scan on movie_info mi  (cost=0.00..309384.22 rows=14739122 width=4) (actual time=0.012..4566.160 rows=14835720 loops=1)
  ->  Hash  (cost=168494.88..168494.88 rows=44596 width=8) (actual time=2521.054..2521.054 rows=101042 loops=1)
        Buckets: 131072 (originally 65536)  Batches: 2 (originally 1)  Memory Usage: 3073kB
        ->  Hash Join  (cost=74341.98..168494.88 rows=44596 width=8) (actual time=1110.589..2440.522 rows=101042 loops=1)
              Hash Cond: (mk.movie_id = t.id)
              ->  Seq Scan on movie_keyword mk  (cost=0.00..81003.12 rows=3387685 width=4) (actual time=0.024..926.295 rows=3377245 loops=1)
                    Filter: (keyword_id < 16264)
                    Rows Removed by Filter: 1146685
              ->  Hash  (cost=73925.90..73925.90 rows=33286 width=4) (actual time=1110.094..1110.094 rows=28113 loops=1)
                    Buckets: 65536  Batches: 1  Memory Usage: 1501kB
                    ->  Seq Scan on title t  (cost=0.00..73925.90 rows=33286 width=4) (actual time=0.022..1098.208 rows=28113 loops=1)
                          Filter: ((kind_id < 7) AND (production_year = 2004))
                          Rows Removed by Filter: 2500199
Planning time: 1.894 ms
Execution time: 15539.610 ms
