Seq Scan on movie_companies mc  (cost=0.00..57926.93 rows=2216 width=0) (actual time=339.745..672.562 rows=2166 loops=1)
  Filter: ((company_type_id > 1) AND (company_id = 11149))
  Rows Removed by Filter: 2606963
Planning time: 0.291 ms
Execution time: 673.003 ms
