Hash Join  (cost=79462.84..580257.31 rows=1966954 width=0) (actual time=1587.272..15541.546 rows=995333 loops=1)
  Hash Cond: (mi.movie_id = t.id)
  ->  Seq Scan on movie_info mi  (cost=0.00..309384.22 rows=14739122 width=4) (actual time=0.034..5770.425 rows=14835720 loops=1)
  ->  Hash  (cost=73925.90..73925.90 rows=337435 width=4) (actual time=1405.239..1405.239 rows=225506 loops=1)
        Buckets: 131072  Batches: 8  Memory Usage: 2010kB
        ->  Seq Scan on title t  (cost=0.00..73925.90 rows=337435 width=4) (actual time=0.022..1327.706 rows=225506 loops=1)
              Filter: ((production_year < 1983) AND (kind_id = 7))
              Rows Removed by Filter: 2302806
Planning time: 0.758 ms
Execution time: 15662.984 ms
