Seq Scan on movie_keyword mk  (cost=0.00..81003.12 rows=3564996 width=0) (actual time=0.028..1529.255 rows=3554130 loops=1)
  Filter: (keyword_id < 19540)
  Rows Removed by Filter: 969800
Planning time: 0.307 ms
Execution time: 1980.102 ms
