Seq Scan on movie_companies mc  (cost=0.00..51404.11 rows=3218 width=0) (actual time=0.034..819.525 rows=3567 loops=1)
  Filter: (company_id = 46)
  Rows Removed by Filter: 2605562
Planning time: 1.817 ms
Execution time: 820.185 ms
