Hash Join  (cost=81460.08..152446.99 rows=241475 width=0) (actual time=1315.276..2992.525 rows=351131 loops=1)
  Hash Cond: (mc.movie_id = t.id)
  ->  Seq Scan on movie_companies mc  (cost=0.00..51404.11 rows=1329612 width=4) (actual time=32.104..945.615 rows=1334883 loops=1)
        Filter: (company_type_id > 1)
        Rows Removed by Filter: 1274246
  ->  Hash  (cost=73925.90..73925.90 rows=459214 width=4) (actual time=1282.321..1282.321 rows=352583 loops=1)
        Buckets: 131072  Batches: 8  Memory Usage: 2579kB
        ->  Seq Scan on title t  (cost=0.00..73925.90 rows=459214 width=4) (actual time=0.020..1169.523 rows=352583 loops=1)
              Filter: ((kind_id < 3) AND (production_year > 1997))
              Rows Removed by Filter: 2175729
Planning time: 0.769 ms
Execution time: 3036.095 ms
