Hash Join  (cost=107928.35..220957.62 rows=967334 width=0) (actual time=2353.173..4997.296 rows=999879 loops=1)
  Hash Cond: (mk.movie_id = t.id)
  ->  Seq Scan on movie_keyword mk  (cost=0.00..81003.12 rows=995162 width=4) (actual time=0.040..1475.591 rows=1005098 loops=1)
        Filter: (keyword_id > 18354)
        Rows Removed by Filter: 3518832
  ->  Hash  (cost=67604.59..67604.59 rows=2457821 width=4) (actual time=2352.076..2352.076 rows=2456218 loops=1)
        Buckets: 131072  Batches: 64  Memory Usage: 2385kB
        ->  Seq Scan on title t  (cost=0.00..67604.59 rows=2457821 width=4) (actual time=0.011..1521.731 rows=2456218 loops=1)
              Filter: (production_year > 0)
              Rows Removed by Filter: 72094
Planning time: 1.445 ms
Execution time: 5117.369 ms
