Hash Join  (cost=129803.39..481127.35 rows=7327 width=0) (actual time=2217.077..7526.013 rows=1492 loops=1)
  Hash Cond: (mi.movie_id = t.id)
  ->  Seq Scan on movie_info mi  (cost=0.00..346232.03 rows=1338312 width=4) (actual time=0.013..5273.246 rows=1401902 loops=1)
        Filter: (info_type_id = 7)
        Rows Removed by Filter: 13433818
  ->  Hash  (cost=129630.35..129630.35 rows=13843 width=8) (actual time=2072.277..2072.277 rows=1995 loops=1)
        Buckets: 16384  Batches: 1  Memory Usage: 206kB
        ->  Hash Join  (cost=74366.84..129630.35 rows=13843 width=8) (actual time=1004.354..2071.067 rows=1995 loops=1)
              Hash Cond: (mc.movie_id = t.id)
              ->  Seq Scan on movie_companies mc  (cost=0.00..51404.11 rows=992257 width=4) (actual time=0.018..863.877 rows=994842 loops=1)
                    Filter: (company_id < 4625)
                    Rows Removed by Filter: 1614287
              ->  Hash  (cost=73925.90..73925.90 rows=35275 width=4) (actual time=1004.032..1004.032 rows=11513 loops=1)
                    Buckets: 65536  Batches: 1  Memory Usage: 917kB
                    ->  Seq Scan on title t  (cost=0.00..73925.90 rows=35275 width=4) (actual time=389.146..999.029 rows=11513 loops=1)
                          Filter: ((production_year < 1994) AND (kind_id = 4))
                          Rows Removed by Filter: 2516799
Planning time: 0.814 ms
Execution time: 7526.521 ms
