Seq Scan on movie_companies mc  (cost=0.00..57926.93 rows=243346 width=0) (actual time=0.025..700.332 rows=122443 loops=1)
  Filter: ((company_id < 419) AND (company_type_id = 2))
  Rows Removed by Filter: 2486686
Planning time: 0.366 ms
Execution time: 716.426 ms
