Hash Join  (cost=89762.59..659819.76 rows=6905746 width=0) (actual time=1661.054..17789.360 rows=8199030 loops=1)
  Hash Cond: (mi.movie_id = t.id)
  ->  Seq Scan on movie_info mi  (cost=0.00..346232.03 rows=12928982 width=4) (actual time=0.016..7373.311 rows=12970088 loops=1)
        Filter: (info_type_id < 18)
        Rows Removed by Filter: 1865632
  ->  Hash  (cost=67604.59..67604.59 rows=1350560 width=4) (actual time=1660.218..1660.218 rows=1348293 loops=1)
        Buckets: 131072  Batches: 32  Memory Usage: 2514kB
        ->  Seq Scan on title t  (cost=0.00..67604.59 rows=1350560 width=4) (actual time=0.021..1236.391 rows=1348293 loops=1)
              Filter: (production_year < 2005)
              Rows Removed by Filter: 1180019
Planning time: 0.799 ms
Execution time: 18662.940 ms
