Hash Join  (cost=146467.56..1005836.01 rows=484319 width=0) (actual time=2930.030..22965.728 rows=2620092 loops=1)
  Hash Cond: (ci.movie_id = t.id)
  ->  Seq Scan on cast_info ci  (cost=0.00..705507.15 rows=12855761 width=4) (actual time=0.062..12943.415 rows=12973747 loops=1)
        Filter: (person_id > 2379760)
        Rows Removed by Filter: 23270597
  ->  Hash  (cost=144903.84..144903.84 rows=95258 width=8) (actual time=2928.678..2928.678 rows=370076 loops=1)
        Buckets: 131072 (originally 131072)  Batches: 4 (originally 2)  Memory Usage: 4675kB
        ->  Hash Join  (cost=77014.96..144903.84 rows=95258 width=8) (actual time=1823.239..2813.222 rows=370076 loops=1)
              Hash Cond: (mc.movie_id = t.id)
              ->  Seq Scan on movie_companies mc  (cost=0.00..51404.11 rows=1279517 width=4) (actual time=373.573..959.227 rows=1274246 loops=1)
                    Filter: (company_type_id = 1)
                    Rows Removed by Filter: 1334883
              ->  Hash  (cost=73925.90..73925.90 rows=188244 width=4) (actual time=1148.219..1148.219 rows=321026 loops=1)
                    Buckets: 131072  Batches: 4  Memory Usage: 3846kB
                    ->  Seq Scan on title t  (cost=0.00..73925.90 rows=188244 width=4) (actual time=17.690..1044.801 rows=321026 loops=1)
                          Filter: ((kind_id < 2) AND (production_year < 1991))
                          Rows Removed by Filter: 2207286
Planning time: 4.087 ms
Execution time: 23291.713 ms
