Nested Loop  (cost=0.43..58358.52 rows=10 width=0) (actual time=99.333..829.991 rows=1 loops=1)
  ->  Seq Scan on movie_companies mc  (cost=0.00..57926.93 rows=51 width=4) (actual time=99.266..829.923 rows=1 loops=1)
        Filter: ((company_id = 36931) AND (company_type_id = 1))
        Rows Removed by Filter: 2609128
  ->  Index Scan using title_pkey on title t  (cost=0.43..8.45 rows=1 width=4) (actual time=0.059..0.060 rows=1 loops=1)
        Index Cond: (id = mc.movie_id)
        Filter: ((kind_id < 7) AND (production_year < 2004))
Planning time: 0.786 ms
Execution time: 830.083 ms
