Hash Join  (cost=190230.21..349156.99 rows=2325829 width=0) (actual time=4967.681..11524.662 rows=9823661 loops=1)
  Hash Cond: (mk.movie_id = t.id)
  ->  Seq Scan on movie_keyword mk  (cost=0.00..81003.12 rows=4261429 width=4) (actual time=0.016..1704.871 rows=4243816 loops=1)
        Filter: (keyword_id > 231)
        Rows Removed by Filter: 280114
  ->  Hash  (cost=167588.78..167588.78 rows=1380035 width=8) (actual time=4966.832..4966.832 rows=1380035 loops=1)
        Buckets: 131072  Batches: 32  Memory Usage: 2726kB
        ->  Hash Join  (cost=102767.86..167588.78 rows=1380035 width=8) (actual time=2575.957..4542.918 rows=1380035 loops=1)
              Hash Cond: (mi_idx.movie_id = t.id)
              ->  Seq Scan on movie_info_idx mi_idx  (cost=0.00..21735.35 rows=1380035 width=4) (actual time=0.027..438.884 rows=1380035 loops=1)
              ->  Hash  (cost=61283.27..61283.27 rows=2528527 width=4) (actual time=2574.665..2574.665 rows=2528312 loops=1)
                    Buckets: 131072  Batches: 64  Memory Usage: 2415kB
                    ->  Seq Scan on title t  (cost=0.00..61283.27 rows=2528527 width=4) (actual time=0.025..1110.379 rows=2528312 loops=1)
Planning time: 1.144 ms
Execution time: 12656.263 ms
