Hash Join  (cost=476969.85..612728.93 rows=1129104 width=0) (actual time=9241.156..12702.305 rows=571587 loops=1)
  Hash Cond: (mk.movie_id = t.id)
  ->  Seq Scan on movie_keyword mk  (cost=0.00..69693.30 rows=4523930 width=4) (actual time=0.024..1498.860 rows=4523930 loops=1)
  ->  Hash  (cost=466615.33..466615.33 rows=631082 width=8) (actual time=9239.130..9239.130 rows=142411 loops=1)
        Buckets: 131072  Batches: 16  Memory Usage: 1373kB
        ->  Hash Join  (cost=85855.67..466615.33 rows=631082 width=8) (actual time=4041.928..9189.338 rows=142411 loops=1)
              Hash Cond: (mi.movie_id = t.id)
              ->  Seq Scan on movie_info mi  (cost=0.00..346232.03 rows=2194617 width=4) (actual time=0.019..5737.975 rows=2233850 loops=1)
                    Filter: (info_type_id > 16)
                    Rows Removed by Filter: 12601870
              ->  Hash  (cost=73925.90..73925.90 rows=727101 width=4) (actual time=1552.967..1552.967 rows=796159 loops=1)
                    Buckets: 131072  Batches: 16  Memory Usage: 2786kB
                    ->  Seq Scan on title t  (cost=0.00..73925.90 rows=727101 width=4) (actual time=0.021..1291.441 rows=796159 loops=1)
                          Filter: ((production_year > 2003) AND (kind_id = 7))
                          Rows Removed by Filter: 1732153
Planning time: 1.882 ms
Execution time: 12771.054 ms
