Hash Join  (cost=102767.86..185984.54 rows=911543 width=0) (actual time=2115.868..4238.020 rows=920195 loops=1)
  Hash Cond: (mc.movie_id = t.id)
  ->  Seq Scan on movie_companies mc  (cost=0.00..51404.11 rows=911543 width=4) (actual time=0.015..977.498 rows=920195 loops=1)
        Filter: (company_id > 20142)
        Rows Removed by Filter: 1688934
  ->  Hash  (cost=61283.27..61283.27 rows=2528527 width=4) (actual time=2114.462..2114.462 rows=2528312 loops=1)
        Buckets: 131072  Batches: 64  Memory Usage: 2415kB
        ->  Seq Scan on title t  (cost=0.00..61283.27 rows=2528527 width=4) (actual time=0.018..1014.992 rows=2528312 loops=1)
Planning time: 0.714 ms
Execution time: 4341.404 ms
