Hash Join  (cost=138065.72..943452.51 rows=55640 width=0) (actual time=2580.076..14884.077 rows=122610 loops=1)
  Hash Cond: (ci.movie_id = t.id)
  ->  Seq Scan on cast_info ci  (cost=0.00..796071.18 rows=2335791 width=4) (actual time=0.029..10765.733 rows=5284298 loops=1)
        Filter: ((person_id > 3132314) AND (role_id > 2))
        Rows Removed by Filter: 30960046
  ->  Hash  (cost=137312.83..137312.83 rows=60231 width=8) (actual time=2579.553..2579.553 rows=69964 loops=1)
        Buckets: 131072 (originally 65536)  Batches: 1 (originally 1)  Memory Usage: 3757kB
        ->  Hash Join  (cost=69484.36..137312.83 rows=60231 width=8) (actual time=1128.098..2553.844 rows=69964 loops=1)
              Hash Cond: (mc.movie_id = t.id)
              ->  Seq Scan on movie_companies mc  (cost=0.00..51404.11 rows=1329612 width=4) (actual time=0.014..1015.230 rows=1334883 loops=1)
                    Filter: (company_type_id = 2)
                    Rows Removed by Filter: 1274246
              ->  Hash  (cost=67604.59..67604.59 rows=114542 width=4) (actual time=1054.015..1054.015 rows=118234 loops=1)
                    Buckets: 131072  Batches: 2  Memory Usage: 3101kB
                    ->  Seq Scan on title t  (cost=0.00..67604.59 rows=114542 width=4) (actual time=263.311..1013.160 rows=118234 loops=1)
                          Filter: (kind_id = 4)
                          Rows Removed by Filter: 2410078
Planning time: 1.235 ms
Execution time: 14903.990 ms
