Hash Join  (cost=100948.70..465748.84 rows=14419 width=0) (actual time=2132.327..8981.299 rows=30084 loops=1)
  Hash Cond: (mi.movie_id = t.id)
  ->  Seq Scan on movie_info mi  (cost=0.00..309384.22 rows=14739122 width=4) (actual time=0.005..4357.699 rows=14835720 loops=1)
  ->  Hash  (cost=100917.78..100917.78 rows=2474 width=8) (actual time=1784.491..1784.491 rows=2736 loops=1)
        Buckets: 4096  Batches: 1  Memory Usage: 139kB
        ->  Hash Join  (cost=73982.55..100917.78 rows=2474 width=8) (actual time=1268.274..1783.467 rows=2736 loops=1)
              Hash Cond: (mi_idx.movie_id = t.id)
              ->  Seq Scan on movie_info_idx mi_idx  (cost=0.00..21735.35 rows=1380035 width=4) (actual time=0.015..345.707 rows=1380035 loops=1)
              ->  Hash  (cost=73925.90..73925.90 rows=4532 width=4) (actual time=1162.965..1162.965 rows=8406 loops=1)
                    Buckets: 16384 (originally 8192)  Batches: 1 (originally 1)  Memory Usage: 424kB
                    ->  Seq Scan on title t  (cost=0.00..73925.90 rows=4532 width=4) (actual time=0.126..1158.701 rows=8406 loops=1)
                          Filter: ((kind_id = 7) AND (production_year = 1973))
                          Rows Removed by Filter: 2519906
Planning time: 1.186 ms
Execution time: 8985.678 ms
