Hash Join  (cost=92883.59..452388.74 rows=233786 width=0) (actual time=2520.282..7349.750 rows=1733 loops=1)
  Hash Cond: (mi.movie_id = t.id)
  ->  Seq Scan on movie_info mi  (cost=0.00..346232.03 rows=383654 width=4) (actual time=628.580..5281.778 rows=428651 loops=1)
        Filter: (info_type_id > 104)
        Rows Removed by Filter: 14407069
  ->  Hash  (cost=67604.59..67604.59 rows=1540800 width=4) (actual time=1655.154..1655.154 rows=1543264 loops=1)
        Buckets: 131072  Batches: 32  Memory Usage: 2728kB
        ->  Seq Scan on title t  (cost=0.00..67604.59 rows=1540800 width=4) (actual time=0.030..1168.024 rows=1543264 loops=1)
              Filter: (kind_id = 7)
              Rows Removed by Filter: 985048
Planning time: 0.830 ms
Execution time: 7350.103 ms
