Hash Join  (cost=98864.94..232119.58 rows=1479031 width=0) (actual time=1989.552..5081.054 rows=807388 loops=1)
  Hash Cond: (mk.movie_id = t.id)
  ->  Seq Scan on movie_keyword mk  (cost=0.00..81003.12 rows=2460240 width=4) (actual time=0.022..1540.803 rows=2457320 loops=1)
        Filter: (keyword_id < 5890)
        Rows Removed by Filter: 2066610
  ->  Hash  (cost=73925.90..73925.90 rows=1520083 width=4) (actual time=1988.296..1988.296 rows=1507233 loops=1)
        Buckets: 131072  Batches: 32  Memory Usage: 2686kB
        ->  Seq Scan on title t  (cost=0.00..73925.90 rows=1520083 width=4) (actual time=0.008..1486.375 rows=1507233 loops=1)
              Filter: ((kind_id > 1) AND (production_year < 2011))
              Rows Removed by Filter: 1021079
Planning time: 0.789 ms
Execution time: 5171.312 ms
