Hash Join  (cost=75831.78..562862.25 rows=677054 width=0) (actual time=1289.446..14474.511 rows=2942710 loops=1)
  Hash Cond: (mi.movie_id = t.id)
  ->  Seq Scan on movie_info mi  (cost=0.00..309384.22 rows=14739122 width=4) (actual time=0.010..5953.688 rows=14835720 loops=1)
  ->  Hash  (cost=73925.90..73925.90 rows=116150 width=4) (actual time=1223.485..1223.485 rows=248210 loops=1)
        Buckets: 131072 (originally 131072)  Batches: 4 (originally 2)  Memory Usage: 3214kB
        ->  Seq Scan on title t  (cost=0.00..73925.90 rows=116150 width=4) (actual time=0.019..1133.392 rows=248210 loops=1)
              Filter: ((production_year < 1975) AND (kind_id = 1))
              Rows Removed by Filter: 2280102
Planning time: 0.780 ms
Execution time: 14829.596 ms
