Hash Join  (cost=83074.74..833899.15 rows=3524 width=0) (actual time=1328.096..17614.175 rows=90038 loops=1)
  Hash Cond: (ci.movie_id = t.id)
  ->  Seq Scan on cast_info ci  (cost=0.00..614943.12 rows=36225612 width=4) (actual time=0.023..8789.611 rows=36244344 loops=1)
  ->  Hash  (cost=83071.67..83071.67 rows=246 width=8) (actual time=1327.816..1327.816 rows=1515 loops=1)
        Buckets: 2048 (originally 1024)  Batches: 1 (originally 1)  Memory Usage: 76kB
        ->  Nested Loop  (cost=0.43..83071.67 rows=246 width=8) (actual time=1.233..1326.654 rows=1515 loops=1)
              ->  Seq Scan on movie_keyword mk  (cost=0.00..81003.12 rows=246 width=4) (actual time=1.185..1261.736 rows=1515 loops=1)
                    Filter: (keyword_id = 242)
                    Rows Removed by Filter: 4522415
              ->  Index Only Scan using title_pkey on title t  (cost=0.43..8.40 rows=1 width=4) (actual time=0.041..0.042 rows=1 loops=1515)
                    Index Cond: (id = mk.movie_id)
                    Heap Fetches: 1515
Planning time: 1.281 ms
Execution time: 17633.664 ms
