Seq Scan on cast_info ci  (cost=0.00..705507.15 rows=12866120 width=0) (actual time=0.019..11286.531 rows=12836096 loops=1)
  Filter: (person_id < 1266626)
  Rows Removed by Filter: 23408248
Planning time: 0.406 ms
Execution time: 12870.949 ms
