Hash Join  (cost=203450.49..663724.70 rows=2410773 width=0) (actual time=4640.447..15229.686 rows=3713104 loops=1)
  Hash Cond: (mi.movie_id = t.id)
  ->  Seq Scan on movie_info mi  (cost=0.00..346232.03 rows=7503588 width=4) (actual time=469.785..6530.574 rows=7548855 loops=1)
        Filter: (info_type_id > 7)
        Rows Removed by Filter: 7286865
  ->  Hash  (cost=190121.84..190121.84 rows=812372 width=8) (actual time=4169.804..4169.804 rows=507387 loops=1)
        Buckets: 131072  Batches: 16  Memory Usage: 2262kB
        ->  Hash Join  (cost=102767.86..190121.84 rows=812372 width=8) (actual time=2105.778..4012.369 rows=507387 loops=1)
              Hash Cond: (mc.movie_id = t.id)
              ->  Seq Scan on movie_companies mc  (cost=0.00..57926.93 rows=812372 width=4) (actual time=0.043..1048.076 rows=507387 loops=1)
                    Filter: ((company_id < 15820) AND (company_type_id = 2))
                    Rows Removed by Filter: 2101742
              ->  Hash  (cost=61283.27..61283.27 rows=2528527 width=4) (actual time=2103.740..2103.740 rows=2528312 loops=1)
                    Buckets: 131072  Batches: 64  Memory Usage: 2415kB
                    ->  Seq Scan on title t  (cost=0.00..61283.27 rows=2528527 width=4) (actual time=0.018..1247.188 rows=2528312 loops=1)
Planning time: 1.175 ms
Execution time: 15653.962 ms
