Seq Scan on movie_keyword mk  (cost=0.00..81003.12 rows=1569382 width=0) (actual time=0.018..1426.966 rows=1577364 loops=1)
  Filter: (keyword_id < 2390)
  Rows Removed by Filter: 2946566
Planning time: 0.349 ms
Execution time: 1616.819 ms
