Hash Join  (cost=81025.55..429188.53 rows=3069 width=0) (actual time=6043.258..6414.445 rows=6305 loops=1)
  Hash Cond: (mi.movie_id = t.id)
  ->  Seq Scan on movie_info mi  (cost=0.00..346232.03 rows=17937 width=4) (actual time=4575.912..5034.317 rows=30180 loops=1)
        Filter: (info_type_id = 110)
        Rows Removed by Filter: 14805540
  ->  Hash  (cost=73925.90..73925.90 rows=432692 width=4) (actual time=1309.294..1309.294 rows=368246 loops=1)
        Buckets: 131072  Batches: 8  Memory Usage: 2645kB
        ->  Seq Scan on title t  (cost=0.00..73925.90 rows=432692 width=4) (actual time=0.044..1183.288 rows=368246 loops=1)
              Filter: ((kind_id < 7) AND (production_year > 2004))
              Rows Removed by Filter: 2160066
Planning time: 0.751 ms
Execution time: 6415.348 ms
