Hash Join  (cost=128425.05..215099.75 rows=1666 width=0) (actual time=2197.579..3449.679 rows=20297 loops=1)
  Hash Cond: (mk.movie_id = t.id)
  ->  Seq Scan on movie_keyword mk  (cost=0.00..69693.30 rows=4523930 width=4) (actual time=0.014..667.973 rows=4523930 loops=1)
  ->  Hash  (cost=128413.42..128413.42 rows=931 width=8) (actual time=2197.470..2197.470 rows=2790 loops=1)
        Buckets: 4096 (originally 1024)  Batches: 1 (originally 1)  Memory Usage: 141kB
        ->  Hash Join  (cost=73962.22..128413.42 rows=931 width=8) (actual time=1326.083..2195.989 rows=2790 loops=1)
              Hash Cond: (mc.movie_id = t.id)
              ->  Seq Scan on movie_companies mc  (cost=0.00..51404.11 rows=810074 width=4) (actual time=116.815..851.160 rows=816876 loops=1)
                    Filter: (company_id > 28437)
                    Rows Removed by Filter: 1792253
              ->  Hash  (cost=73925.90..73925.90 rows=2905 width=4) (actual time=1208.479..1208.479 rows=4390 loops=1)
                    Buckets: 8192 (originally 4096)  Batches: 1 (originally 1)  Memory Usage: 219kB
                    ->  Seq Scan on title t  (cost=0.00..73925.90 rows=2905 width=4) (actual time=1.483..1205.999 rows=4390 loops=1)
                          Filter: ((kind_id < 7) AND (production_year = 1962))
                          Rows Removed by Filter: 2523922
Planning time: 1.036 ms
Execution time: 3451.745 ms
