Hash Join  (cost=468443.04..596915.26 rows=531018 width=0) (actual time=8822.877..13990.940 rows=11020627 loops=1)
  Hash Cond: (mk.movie_id = t.id)
  ->  Seq Scan on movie_keyword mk  (cost=0.00..69693.30 rows=4523930 width=4) (actual time=0.022..1388.188 rows=4523930 loops=1)
  ->  Hash  (cost=463573.06..463573.06 rows=296798 width=8) (actual time=8525.828..8525.828 rows=484778 loops=1)
        Buckets: 131072 (originally 131072)  Batches: 8 (originally 4)  Memory Usage: 3422kB
        ->  Hash Join  (cost=77939.33..463573.06 rows=296798 width=8) (actual time=4627.379..8379.818 rows=484778 loops=1)
              Hash Cond: (mi.movie_id = t.id)
              ->  Seq Scan on movie_info mi  (cost=0.00..346232.03 rows=3068194 width=4) (actual time=2081.360..5580.718 rows=3036719 loops=1)
                    Filter: (info_type_id = 16)
                    Rows Removed by Filter: 11799001
              ->  Hash  (cost=73925.90..73925.90 rows=244594 width=4) (actual time=1246.380..1246.380 rows=359543 loops=1)
                    Buckets: 131072 (originally 131072)  Batches: 8 (originally 4)  Memory Usage: 3073kB
                    ->  Seq Scan on title t  (cost=0.00..73925.90 rows=244594 width=4) (actual time=205.210..1124.608 rows=359543 loops=1)
                          Filter: ((production_year < 1998) AND (kind_id = 1))
                          Rows Removed by Filter: 2168769
Planning time: 1.217 ms
Execution time: 15161.209 ms
