Hash Join  (cost=272580.56..1249691.06 rows=6517066 width=0) (actual time=6074.108..36490.800 rows=33487589 loops=1)
  Hash Cond: (ci.movie_id = t.id)
  ->  Seq Scan on cast_info ci  (cost=0.00..796071.18 rows=8448733 width=4) (actual time=0.016..16060.544 rows=12670688 loops=1)
        Filter: ((person_id < 2461249) AND (role_id = 1))
        Rows Removed by Filter: 23573656
  ->  Hash  (cost=240581.31..240581.31 rows=1950420 width=8) (actual time=6072.765..6072.765 rows=1960683 loops=1)
        Buckets: 131072  Batches: 32  Memory Usage: 3401kB
        ->  Hash Join  (cost=102767.86..240581.31 rows=1950420 width=8) (actual time=1903.673..5505.575 rows=1960683 loops=1)
              Hash Cond: (mk.movie_id = t.id)
              ->  Seq Scan on movie_keyword mk  (cost=0.00..81003.12 rows=1950420 width=4) (actual time=0.016..1686.646 rows=1960683 loops=1)
                    Filter: (keyword_id < 3421)
                    Rows Removed by Filter: 2563247
              ->  Hash  (cost=61283.27..61283.27 rows=2528527 width=4) (actual time=1902.946..1902.946 rows=2528312 loops=1)
                    Buckets: 131072  Batches: 64  Memory Usage: 2425kB
                    ->  Seq Scan on title t  (cost=0.00..61283.27 rows=2528527 width=4) (actual time=0.019..1027.418 rows=2528312 loops=1)
Planning time: 2.234 ms
Execution time: 40101.198 ms
