Hash Join  (cost=785458.90..872922.61 rows=80567 width=0) (actual time=13964.519..15804.419 rows=121960 loops=1)
  Hash Cond: (mk.movie_id = t.id)
  ->  Seq Scan on movie_keyword mk  (cost=0.00..69693.30 rows=4523930 width=4) (actual time=0.018..942.283 rows=4523930 loops=1)
  ->  Hash  (cost=784896.02..784896.02 rows=45031 width=8) (actual time=13964.120..13964.120 rows=40197 loops=1)
        Buckets: 65536  Batches: 1  Memory Usage: 2083kB
        ->  Hash Join  (cost=74050.79..784896.02 rows=45031 width=8) (actual time=2844.645..13949.047 rows=40197 loops=1)
              Hash Cond: (ci.movie_id = t.id)
              ->  Seq Scan on cast_info ci  (cost=0.00..705507.15 rows=289805 width=4) (actual time=1537.990..12448.579 rows=276403 loops=1)
                    Filter: (role_id = 7)
                    Rows Removed by Filter: 35967941
              ->  Hash  (cost=67604.59..67604.59 rows=392896 width=4) (actual time=1305.940..1305.940 rows=391666 loops=1)
                    Buckets: 131072  Batches: 8  Memory Usage: 2753kB
                    ->  Seq Scan on title t  (cost=0.00..67604.59 rows=392896 width=4) (actual time=0.027..1177.104 rows=391666 loops=1)
                          Filter: (production_year > 2010)
                          Rows Removed by Filter: 2136646
Planning time: 4.285 ms
Execution time: 15820.365 ms
