Hash Join  (cost=74476.22..129596.02 rows=45428 width=0) (actual time=1239.416..2477.780 rows=15166 loops=1)
  Hash Cond: (mc.movie_id = t.id)
  ->  Seq Scan on movie_companies mc  (cost=0.00..44881.29 rows=2609129 width=4) (actual time=0.014..585.246 rows=2609129 loops=1)
  ->  Hash  (cost=73925.90..73925.90 rows=44025 width=4) (actual time=1238.793..1238.793 rows=41557 loops=1)
        Buckets: 65536  Batches: 1  Memory Usage: 1973kB
        ->  Seq Scan on title t  (cost=0.00..73925.90 rows=44025 width=4) (actual time=0.051..1216.375 rows=41557 loops=1)
              Filter: ((kind_id > 3) AND (production_year > 2012))
              Rows Removed by Filter: 2486755
Planning time: 0.761 ms
Execution time: 2480.098 ms
