Hash Join  (cost=197900.53..684237.64 rows=612018 width=0) (actual time=3710.839..16400.509 rows=7262259 loops=1)
  Hash Cond: (mi.movie_id = t.id)
  ->  Seq Scan on movie_info mi  (cost=0.00..309384.22 rows=14739122 width=4) (actual time=0.014..5930.017 rows=14835720 loops=1)
  ->  Hash  (cost=196177.12..196177.12 rows=104993 width=8) (actual time=3662.974..3662.974 rows=103398 loops=1)
        Buckets: 131072  Batches: 2  Memory Usage: 3057kB
        ->  Hash Join  (cost=102767.86..196177.12 rows=104993 width=8) (actual time=1963.574..3630.437 rows=103398 loops=1)
              Hash Cond: (mk.movie_id = t.id)
              ->  Seq Scan on movie_keyword mk  (cost=0.00..81003.12 rows=104993 width=4) (actual time=0.024..1190.015 rows=103398 loops=1)
                    Filter: (keyword_id > 81474)
                    Rows Removed by Filter: 4420532
              ->  Hash  (cost=61283.27..61283.27 rows=2528527 width=4) (actual time=1962.001..1962.001 rows=2528312 loops=1)
                    Buckets: 131072  Batches: 64  Memory Usage: 2425kB
                    ->  Seq Scan on title t  (cost=0.00..61283.27 rows=2528527 width=4) (actual time=0.023..1109.237 rows=2528312 loops=1)
Planning time: 3.873 ms
Execution time: 17279.758 ms
