Hash Join  (cost=81529.26..123561.85 rows=252911 width=0) (actual time=1395.367..2505.258 rows=148209 loops=1)
  Hash Cond: (mi_idx.movie_id = t.id)
  ->  Seq Scan on movie_info_idx mi_idx  (cost=0.00..21735.35 rows=1380035 width=4) (actual time=0.022..440.378 rows=1380035 loops=1)
  ->  Hash  (cost=73925.90..73925.90 rows=463388 width=4) (actual time=1394.351..1394.351 rows=321767 loops=1)
        Buckets: 131072  Batches: 8  Memory Usage: 2430kB
        ->  Seq Scan on title t  (cost=0.00..73925.90 rows=463388 width=4) (actual time=0.028..1285.547 rows=321767 loops=1)
              Filter: ((kind_id > 1) AND (production_year < 1987))
              Rows Removed by Filter: 2206545
Planning time: 0.739 ms
Execution time: 2524.116 ms
