Seq Scan on cast_info ci  (cost=0.00..705507.15 rows=23791609 width=0) (actual time=0.025..11917.593 rows=23708081 loops=1)
  Filter: (person_id < 2429092)
  Rows Removed by Filter: 12536263
Planning time: 0.349 ms
Execution time: 14794.714 ms
