Seq Scan on movie_keyword mk  (cost=0.00..81003.12 rows=1351014 width=0) (actual time=0.022..1252.371 rows=1362408 loops=1)
  Filter: (keyword_id > 12314)
  Rows Removed by Filter: 3161522
Planning time: 0.318 ms
Execution time: 1421.780 ms
