Hash Join  (cost=483811.61..1308325.38 rows=453146 width=0) (actual time=8739.089..20472.645 rows=1640902 loops=1)
  Hash Cond: (ci.movie_id = t.id)
  ->  Seq Scan on cast_info ci  (cost=0.00..796071.18 rows=1859766 width=4) (actual time=819.637..11296.644 rows=1120696 loops=1)
        Filter: ((person_id < 386399) AND (role_id > 2))
        Rows Removed by Filter: 35123648
  ->  Hash  (cost=473703.43..473703.43 rows=616095 width=8) (actual time=7918.091..7918.091 rows=598457 loops=1)
        Buckets: 131072  Batches: 16  Memory Usage: 2474kB
        ->  Hash Join  (cost=102767.86..473703.43 rows=616095 width=8) (actual time=4843.370..7752.950 rows=598457 loops=1)
              Hash Cond: (mi.movie_id = t.id)
              ->  Seq Scan on movie_info mi  (cost=0.00..346232.03 rows=616095 width=4) (actual time=2748.088..4830.097 rows=598457 loops=1)
                    Filter: (info_type_id = 15)
                    Rows Removed by Filter: 14237263
              ->  Hash  (cost=61283.27..61283.27 rows=2528527 width=4) (actual time=2052.444..2052.444 rows=2528312 loops=1)
                    Buckets: 131072  Batches: 64  Memory Usage: 2425kB
                    ->  Seq Scan on title t  (cost=0.00..61283.27 rows=2528527 width=4) (actual time=0.020..1184.203 rows=2528312 loops=1)
Planning time: 1.266 ms
Execution time: 20639.452 ms
