Hash Join  (cost=190230.21..1182546.73 rows=6120053 width=0) (actual time=4165.164..33600.639 rows=18976151 loops=1)
  Hash Cond: (ci.movie_id = t.id)
  ->  Seq Scan on cast_info ci  (cost=0.00..796071.18 rows=11213281 width=4) (actual time=0.029..15700.901 rows=17392727 loops=1)
        Filter: ((person_id > 1877911) AND (role_id > 1))
        Rows Removed by Filter: 18851617
  ->  Hash  (cost=167588.78..167588.78 rows=1380035 width=8) (actual time=4164.275..4164.275 rows=1380035 loops=1)
        Buckets: 131072  Batches: 32  Memory Usage: 2708kB
        ->  Hash Join  (cost=102767.86..167588.78 rows=1380035 width=8) (actual time=1917.911..3799.868 rows=1380035 loops=1)
              Hash Cond: (mi_idx.movie_id = t.id)
              ->  Seq Scan on movie_info_idx mi_idx  (cost=0.00..21735.35 rows=1380035 width=4) (actual time=0.014..449.133 rows=1380035 loops=1)
              ->  Hash  (cost=61283.27..61283.27 rows=2528527 width=4) (actual time=1916.565..1916.565 rows=2528312 loops=1)
                    Buckets: 131072  Batches: 64  Memory Usage: 2415kB
                    ->  Seq Scan on title t  (cost=0.00..61283.27 rows=2528527 width=4) (actual time=0.021..1055.316 rows=2528312 loops=1)
Planning time: 4.682 ms
Execution time: 35584.472 ms
