Hash Join  (cost=161850.93..510396.78 rows=346 width=0) (actual time=5308.718..8473.698 rows=20114 loops=1)
  Hash Cond: (mi.movie_id = t.id)
  ->  Seq Scan on movie_info mi  (cost=0.00..346232.03 rows=616095 width=4) (actual time=2120.555..5510.207 rows=598457 loops=1)
        Filter: (info_type_id = 15)
        Rows Removed by Filter: 14237263
  ->  Hash  (cost=161833.17..161833.17 rows=1421 width=8) (actual time=2865.801..2865.801 rows=6798 loops=1)
        Buckets: 8192 (originally 2048)  Batches: 1 (originally 1)  Memory Usage: 330kB
        ->  Hash Join  (cost=73950.44..161833.17 rows=1421 width=8) (actual time=1086.873..2862.634 rows=6798 loops=1)
              Hash Cond: (mk.movie_id = t.id)
              ->  Seq Scan on movie_keyword mk  (cost=0.00..81003.12 rows=1830772 width=4) (actual time=0.032..1494.772 rows=1839173 loops=1)
                    Filter: (keyword_id < 3039)
                    Rows Removed by Filter: 2684757
              ->  Hash  (cost=73925.90..73925.90 rows=1963 width=4) (actual time=1086.071..1086.071 rows=1954 loops=1)
                    Buckets: 2048  Batches: 1  Memory Usage: 85kB
                    ->  Seq Scan on title t  (cost=0.00..73925.90 rows=1963 width=4) (actual time=0.448..1084.983 rows=1954 loops=1)
                          Filter: ((kind_id = 1) AND (production_year = 1943))
                          Rows Removed by Filter: 2526358
Planning time: 0.819 ms
Execution time: 8476.619 ms
