Hash Join  (cost=437618.05..525081.98 rows=80589 width=0) (actual time=7222.295..9788.832 rows=252313 loops=1)
  Hash Cond: (mk.movie_id = t.id)
  ->  Seq Scan on movie_keyword mk  (cost=0.00..69693.30 rows=4523930 width=4) (actual time=0.021..1116.626 rows=4523930 loops=1)
  ->  Hash  (cost=437055.02..437055.02 rows=45043 width=8) (actual time=7221.157..7221.157 rows=90008 loops=1)
        Buckets: 131072 (originally 65536)  Batches: 2 (originally 1)  Memory Usage: 3073kB
        ->  Hash Join  (cost=75404.09..437055.02 rows=45043 width=8) (actual time=5845.454..7191.241 rows=90008 loops=1)
              Hash Cond: (mi.movie_id = t.id)
              ->  Seq Scan on movie_info mi  (cost=0.00..346232.03 rows=1264125 width=4) (actual time=4210.743..5371.556 rows=1288928 loops=1)
                    Filter: (info_type_id = 2)
                    Rows Removed by Filter: 13546792
              ->  Hash  (cost=73925.90..73925.90 rows=90095 width=4) (actual time=1301.078..1301.078 rows=95762 loops=1)
                    Buckets: 131072  Batches: 2  Memory Usage: 2718kB
                    ->  Seq Scan on title t  (cost=0.00..73925.90 rows=90095 width=4) (actual time=187.854..1264.693 rows=95762 loops=1)
                          Filter: ((production_year < 2012) AND (kind_id = 3))
                          Rows Removed by Filter: 2432550
Planning time: 1.065 ms
Execution time: 9821.392 ms
