Hash Join  (cost=204052.69..1300753.57 rows=1714771 width=0) (actual time=4020.252..31668.815 rows=5919582 loops=1)
  Hash Cond: (ci.movie_id = t.id)
  ->  Seq Scan on cast_info ci  (cost=0.00..614943.12 rows=36225612 width=4) (actual time=0.011..13202.539 rows=36244344 loops=1)
  ->  Hash  (cost=202088.57..202088.57 rows=119690 width=8) (actual time=4019.177..4019.177 rows=84921 loops=1)
        Buckets: 131072  Batches: 2  Memory Usage: 2631kB
        ->  Hash Join  (cost=75220.98..202088.57 rows=119690 width=8) (actual time=1088.377..3990.651 rows=84921 loops=1)
              Hash Cond: (mk.movie_id = t.id)
              ->  Seq Scan on movie_keyword mk  (cost=0.00..81003.12 rows=3836416 width=4) (actual time=0.051..1746.474 rows=3838851 loops=1)
                    Filter: (keyword_id > 562)
                    Rows Removed by Filter: 685079
              ->  Hash  (cost=73925.90..73925.90 rows=78886 width=4) (actual time=1086.536..1086.536 rows=74127 loops=1)
                    Buckets: 131072  Batches: 2  Memory Usage: 2334kB
                    ->  Seq Scan on title t  (cost=0.00..73925.90 rows=78886 width=4) (actual time=0.025..1057.471 rows=74127 loops=1)
                          Filter: ((kind_id < 4) AND (production_year > 2011))
                          Rows Removed by Filter: 2454185
Planning time: 1.142 ms
Execution time: 32401.047 ms
