Hash Join  (cost=123332.76..906362.32 rows=243124 width=0) (actual time=6480.357..20917.013 rows=560419 loops=1)
  Hash Cond: (ci.movie_id = t.id)
  ->  Seq Scan on cast_info ci  (cost=0.00..705507.15 rows=20024311 width=4) (actual time=4122.713..13990.016 rows=20122661 loops=1)
        Filter: (role_id < 3)
        Rows Removed by Filter: 16121683
  ->  Hash  (cost=122949.01..122949.01 rows=30700 width=8) (actual time=2357.079..2357.079 rows=28827 loops=1)
        Buckets: 32768  Batches: 1  Memory Usage: 1383kB
        ->  Hash Join  (cost=67976.49..122949.01 rows=30700 width=8) (actual time=1026.362..2345.851 rows=28827 loops=1)
              Hash Cond: (mc.movie_id = t.id)
              ->  Seq Scan on movie_companies mc  (cost=0.00..44881.29 rows=2609129 width=4) (actual time=0.021..642.296 rows=2609129 loops=1)
              ->  Hash  (cost=67604.59..67604.59 rows=29752 width=4) (actual time=1026.148..1026.148 rows=30027 loops=1)
                    Buckets: 32768  Batches: 1  Memory Usage: 1312kB
                    ->  Seq Scan on title t  (cost=0.00..67604.59 rows=29752 width=4) (actual time=0.083..1013.100 rows=30027 loops=1)
                          Filter: (production_year = 1994)
                          Rows Removed by Filter: 2498285
Planning time: 1.187 ms
Execution time: 20991.565 ms
