Seq Scan on cast_info ci  (cost=0.00..705507.15 rows=15334559 width=0) (actual time=0.029..12516.249 rows=15474050 loops=1)
  Filter: (person_id > 2092148)
  Rows Removed by Filter: 20770294
Planning time: 1.424 ms
Execution time: 14441.834 ms
