Seq Scan on movie_keyword mk  (cost=0.00..81003.12 rows=246 width=0) (actual time=1.398..1250.853 rows=3714 loops=1)
  Filter: (keyword_id = 3673)
  Rows Removed by Filter: 4520216
Planning time: 6.439 ms
Execution time: 1251.797 ms
