Seq Scan on movie_companies mc  (cost=0.00..51404.11 rows=104 width=0) (actual time=103.065..884.403 rows=12 loops=1)
  Filter: (company_id = 106259)
  Rows Removed by Filter: 2609117
Planning time: 0.405 ms
Execution time: 884.473 ms
