Hash Join  (cost=106988.21..472751.68 rows=110752 width=0) (actual time=2040.040..9870.479 rows=102199 loops=1)
  Hash Cond: (mi.movie_id = t.id)
  ->  Seq Scan on movie_info mi  (cost=0.00..309384.22 rows=14739122 width=4) (actual time=0.008..4490.325 rows=14835720 loops=1)
  ->  Hash  (cost=106750.71..106750.71 rows=19000 width=8) (actual time=2039.532..2039.532 rows=11384 loops=1)
        Buckets: 32768  Batches: 1  Memory Usage: 701kB
        ->  Hash Join  (cost=75636.60..106750.71 rows=19000 width=8) (actual time=1328.033..2034.665 rows=11384 loops=1)
              Hash Cond: (mi_idx.movie_id = t.id)
              ->  Seq Scan on movie_info_idx mi_idx  (cost=0.00..25185.44 rows=460978 width=4) (actual time=0.018..510.376 rows=459925 loops=1)
                    Filter: (info_type_id < 100)
                    Rows Removed by Filter: 920110
              ->  Hash  (cost=73925.90..73925.90 rows=104216 width=4) (actual time=1327.089..1327.089 rows=108513 loops=1)
                    Buckets: 131072  Batches: 2  Memory Usage: 2931kB
                    ->  Seq Scan on title t  (cost=0.00..73925.90 rows=104216 width=4) (actual time=0.011..1286.580 rows=108513 loops=1)
                          Filter: ((kind_id > 1) AND (production_year = 2010))
                          Rows Removed by Filter: 2419799
Planning time: 0.870 ms
Execution time: 9887.024 ms
