Seq Scan on cast_info ci  (cost=0.00..705507.15 rows=500 width=0) (actual time=4788.027..11340.820 rows=116 loops=1)
  Filter: (person_id = 308635)
  Rows Removed by Filter: 36244228
Planning time: 0.336 ms
Execution time: 11340.949 ms
