Seq Scan on cast_info ci  (cost=0.00..705507.15 rows=5827137 width=0) (actual time=875.072..10979.297 rows=5857979 loops=1)
  Filter: (person_id > 3058453)
  Rows Removed by Filter: 30386365
Planning time: 0.331 ms
Execution time: 11656.747 ms
