Seq Scan on cast_info ci  (cost=0.00..705507.15 rows=500 width=0) (actual time=88.418..11777.906 rows=250 loops=1)
  Filter: (person_id = 476973)
  Rows Removed by Filter: 36244094
Planning time: 0.368 ms
Execution time: 11778.051 ms
