Hash Join  (cost=450216.93..1531775.86 rows=4648773 width=0) (actual time=8433.683..40586.559 rows=6034363 loops=1)
  Hash Cond: (ci.movie_id = t.id)
  ->  Seq Scan on cast_info ci  (cost=0.00..614943.12 rows=36225612 width=4) (actual time=0.014..13564.072 rows=36244344 loops=1)
  ->  Hash  (cost=444892.90..444892.90 rows=324482 width=8) (actual time=8432.948..8432.948 rows=429085 loops=1)
        Buckets: 131072  Batches: 8  Memory Usage: 3124kB
        ->  Hash Join  (cost=78183.26..444892.90 rows=324482 width=8) (actual time=5483.220..8318.399 rows=429085 loops=1)
              Hash Cond: (mi.movie_id = t.id)
              ->  Seq Scan on movie_info mi  (cost=0.00..346232.03 rows=1272478 width=4) (actual time=3453.561..5456.840 rows=1325361 loops=1)
                    Filter: (info_type_id = 8)
                    Rows Removed by Filter: 13510359
              ->  Hash  (cost=67604.59..67604.59 rows=644774 width=4) (actual time=2028.442..2028.442 rows=642973 loops=1)
                    Buckets: 131072  Batches: 16  Memory Usage: 2439kB
                    ->  Seq Scan on title t  (cost=0.00..67604.59 rows=644774 width=4) (actual time=0.031..1140.349 rows=642973 loops=1)
                          Filter: (production_year < 1988)
                          Rows Removed by Filter: 1885339
Planning time: 1.154 ms
Execution time: 41257.795 ms
