Hash Join  (cost=58375.85..85286.62 rows=29 width=0) (actual time=1289.894..1411.379 rows=273 loops=1)
  Hash Cond: (mi_idx.movie_id = t.id)
  ->  Seq Scan on movie_info_idx mi_idx  (cost=0.00..21735.35 rows=1380035 width=4) (actual time=0.020..330.415 rows=1380035 loops=1)
  ->  Hash  (cost=58375.18..58375.18 rows=53 width=8) (actual time=833.252..833.252 rows=91 loops=1)
        Buckets: 1024  Batches: 1  Memory Usage: 12kB
        ->  Nested Loop  (cost=0.43..58375.18 rows=53 width=8) (actual time=569.599..833.201 rows=91 loops=1)
              ->  Seq Scan on movie_companies mc  (cost=0.00..57926.93 rows=53 width=4) (actual time=569.508..832.103 rows=91 loops=1)
                    Filter: ((company_id = 76245) AND (company_type_id = 2))
                    Rows Removed by Filter: 2609038
              ->  Index Only Scan using title_pkey on title t  (cost=0.43..8.45 rows=1 width=4) (actual time=0.011..0.011 rows=1 loops=91)
                    Index Cond: (id = mc.movie_id)
                    Heap Fetches: 91
Planning time: 1.234 ms
Execution time: 1411.508 ms
