Hash Join  (cost=85587.37..223082.95 rows=1271655 width=0) (actual time=1628.304..5204.894 rows=464349 loops=1)
  Hash Cond: (mk.movie_id = t.id)
  ->  Seq Scan on movie_keyword mk  (cost=0.00..69693.30 rows=4523930 width=4) (actual time=0.023..1478.181 rows=4523930 loops=1)
  ->  Hash  (cost=73925.90..73925.90 rows=710757 width=4) (actual time=1627.126..1627.126 rows=594428 loops=1)
        Buckets: 131072  Batches: 16  Memory Usage: 2336kB
        ->  Seq Scan on title t  (cost=0.00..73925.90 rows=710757 width=4) (actual time=0.025..1413.878 rows=594428 loops=1)
              Filter: ((kind_id > 3) AND (production_year < 2001))
              Rows Removed by Filter: 1933884
Planning time: 0.716 ms
Execution time: 5262.303 ms
