Nested Loop  (cost=0.43..83071.67 rows=246 width=0) (actual time=0.475..1281.742 rows=199 loops=1)
  ->  Seq Scan on movie_keyword mk  (cost=0.00..81003.12 rows=246 width=4) (actual time=0.433..1266.880 rows=199 loops=1)
        Filter: (keyword_id = 1435)
        Rows Removed by Filter: 4523731
  ->  Index Only Scan using title_pkey on title t  (cost=0.43..8.40 rows=1 width=4) (actual time=0.071..0.072 rows=1 loops=199)
        Index Cond: (id = mk.movie_id)
        Heap Fetches: 199
Planning time: 0.530 ms
Execution time: 1281.942 ms
