Seq Scan on title t  (cost=0.00..73925.90 rows=756326 width=0) (actual time=0.017..1265.498 rows=652454 loops=1)
  Filter: ((kind_id < 4) AND (production_year > 1959))
  Rows Removed by Filter: 1875858
Planning time: 2.951 ms
Execution time: 1347.306 ms
