Hash Join  (cost=99161.12..237269.68 rows=1847422 width=0) (actual time=2036.294..5656.311 rows=2140775 loops=1)
  Hash Cond: (mk.movie_id = t.id)
  ->  Seq Scan on movie_keyword mk  (cost=0.00..81003.12 rows=2428642 width=4) (actual time=0.019..1694.001 rows=2418208 loops=1)
        Filter: (keyword_id > 3793)
        Rows Removed by Filter: 2105722
  ->  Hash  (cost=67604.59..67604.59 rows=1923403 width=4) (actual time=2035.478..2035.478 rows=1922849 loops=1)
        Buckets: 131072  Batches: 32  Memory Usage: 3141kB
        ->  Seq Scan on title t  (cost=0.00..67604.59 rows=1923403 width=4) (actual time=0.019..1396.883 rows=1922849 loops=1)
              Filter: (production_year < 2010)
              Rows Removed by Filter: 605463
Planning time: 0.739 ms
Execution time: 5900.123 ms
