Hash Join  (cost=74341.98..792968.38 rows=44493 width=0) (actual time=1183.728..13356.940 rows=48148 loops=1)
  Hash Cond: (ci.movie_id = t.id)
  ->  Seq Scan on cast_info ci  (cost=0.00..705507.15 rows=3379818 width=4) (actual time=0.032..11233.960 rows=3378694 loops=1)
        Filter: (person_id > 3441409)
        Rows Removed by Filter: 32865650
  ->  Hash  (cost=73925.90..73925.90 rows=33286 width=4) (actual time=1183.235..1183.235 rows=28113 loops=1)
        Buckets: 65536  Batches: 1  Memory Usage: 1501kB
        ->  Seq Scan on title t  (cost=0.00..73925.90 rows=33286 width=4) (actual time=0.014..1170.969 rows=28113 loops=1)
              Filter: ((kind_id < 7) AND (production_year = 2004))
              Rows Removed by Filter: 2500199
Planning time: 0.865 ms
Execution time: 13365.271 ms
