Seq Scan on cast_info ci  (cost=0.00..796071.18 rows=29981317 width=0) (actual time=0.013..18417.756 rows=29944735 loops=1)
  Filter: ((person_id > 172553) AND (role_id < 10))
  Rows Removed by Filter: 6299609
Planning time: 0.253 ms
Execution time: 22112.754 ms
