Hash Join  (cost=138353.30..225590.74 rows=57940 width=0) (actual time=2598.752..4582.462 rows=227480 loops=1)
  Hash Cond: (mk.movie_id = t.id)
  ->  Seq Scan on movie_keyword mk  (cost=0.00..69693.30 rows=4523930 width=4) (actual time=0.029..1044.589 rows=4523930 loops=1)
  ->  Hash  (cost=137948.50..137948.50 rows=32384 width=8) (actual time=2598.264..2598.264 rows=61114 loops=1)
        Buckets: 65536 (originally 32768)  Batches: 1 (originally 1)  Memory Usage: 2900kB
        ->  Hash Join  (cost=75411.94..137948.50 rows=32384 width=8) (actual time=1239.505..2574.981 rows=61114 loops=1)
              Hash Cond: (mc.movie_id = t.id)
              ->  Seq Scan on movie_companies mc  (cost=0.00..51404.11 rows=904162 width=4) (actual time=92.013..1057.557 rows=913110 loops=1)
                    Filter: (company_id > 20597)
                    Rows Removed by Filter: 1696019
              ->  Hash  (cost=73925.90..73925.90 rows=90563 width=4) (actual time=1146.556..1146.556 rows=80990 loops=1)
                    Buckets: 131072  Batches: 2  Memory Usage: 2450kB
                    ->  Seq Scan on title t  (cost=0.00..73925.90 rows=90563 width=4) (actual time=0.040..1115.648 rows=80990 loops=1)
                          Filter: ((kind_id < 7) AND (production_year > 2011))
                          Rows Removed by Filter: 2447322
Planning time: 1.191 ms
Execution time: 4615.304 ms
