Nested Loop  (cost=0.43..709674.40 rows=173 width=0) (actual time=3769.883..9922.487 rows=12 loops=1)
  ->  Seq Scan on cast_info ci  (cost=0.00..705507.15 rows=500 width=4) (actual time=3769.758..9922.083 rows=16 loops=1)
        Filter: (person_id = 1484033)
        Rows Removed by Filter: 36244328
  ->  Index Scan using title_pkey on title t  (cost=0.43..8.32 rows=1 width=4) (actual time=0.022..0.022 rows=1 loops=16)
        Index Cond: (id = ci.movie_id)
        Filter: ((production_year > 1999) AND (kind_id = 7))
        Rows Removed by Filter: 0
Planning time: 0.988 ms
Execution time: 9922.598 ms
