Hash Join  (cost=74671.72..442805.59 rows=347795 width=0) (actual time=1052.622..8837.436 rows=222971 loops=1)
  Hash Cond: (mi.movie_id = t.id)
  ->  Seq Scan on movie_info mi  (cost=0.00..309384.22 rows=14739122 width=4) (actual time=0.009..3889.489 rows=14835720 loops=1)
  ->  Hash  (cost=73925.90..73925.90 rows=59665 width=4) (actual time=1052.280..1052.280 rows=68274 loops=1)
        Buckets: 131072 (originally 65536)  Batches: 1 (originally 1)  Memory Usage: 3425kB
        ->  Seq Scan on title t  (cost=0.00..73925.90 rows=59665 width=4) (actual time=0.072..1023.560 rows=68274 loops=1)
              Filter: ((kind_id > 2) AND (production_year = 2004))
              Rows Removed by Filter: 2460038
Planning time: 0.514 ms
Execution time: 8868.537 ms
