Hash Join  (cost=73950.44..100882.99 rows=361 width=0) (actual time=1128.816..1654.737 rows=1862 loops=1)
  Hash Cond: (mi_idx.movie_id = t.id)
  ->  Seq Scan on movie_info_idx mi_idx  (cost=0.00..25185.44 rows=464934 width=4) (actual time=0.024..445.057 rows=460185 loops=1)
        Filter: (info_type_id > 100)
        Rows Removed by Filter: 919850
  ->  Hash  (cost=73925.90..73925.90 rows=1963 width=4) (actual time=1128.736..1128.736 rows=4189 loops=1)
        Buckets: 8192 (originally 2048)  Batches: 1 (originally 1)  Memory Usage: 212kB
        ->  Seq Scan on title t  (cost=0.00..73925.90 rows=1963 width=4) (actual time=475.397..1126.691 rows=4189 loops=1)
              Filter: ((kind_id = 1) AND (production_year = 1981))
              Rows Removed by Filter: 2524123
Planning time: 0.777 ms
Execution time: 1655.246 ms
