Hash Join  (cost=98137.04..264990.11 rows=2866943 width=0) (actual time=1960.171..5973.597 rows=1372397 loops=1)
  Hash Cond: (mk.movie_id = t.id)
  ->  Seq Scan on movie_keyword mk  (cost=0.00..81003.12 rows=3895303 width=4) (actual time=0.017..1773.467 rows=3895751 loops=1)
        Filter: (keyword_id > 486)
        Rows Removed by Filter: 628179
  ->  Hash  (cost=67604.59..67604.59 rows=1860996 width=4) (actual time=1957.520..1957.520 rows=1865487 loops=1)
        Buckets: 131072  Batches: 32  Memory Usage: 3085kB
        ->  Seq Scan on title t  (cost=0.00..67604.59 rows=1860996 width=4) (actual time=0.020..1357.364 rows=1865487 loops=1)
              Filter: (kind_id > 1)
              Rows Removed by Filter: 662825
Planning time: 0.720 ms
Execution time: 6121.532 ms
