Hash Join  (cost=442594.51..520447.48 rows=203345 width=0) (actual time=7488.264..10019.413 rows=2276121 loops=1)
  Hash Cond: (mc.movie_id = t.id)
  ->  Seq Scan on movie_companies mc  (cost=0.00..44881.29 rows=2609129 width=4) (actual time=0.030..911.989 rows=2609129 loops=1)
  ->  Hash  (cost=439361.22..439361.22 rows=197063 width=8) (actual time=7487.426..7487.426 rows=228680 loops=1)
        Buckets: 131072  Batches: 4  Memory Usage: 3236kB
        ->  Hash Join  (cost=80874.21..439361.22 rows=197063 width=8) (actual time=1455.162..7419.905 rows=228680 loops=1)
              Hash Cond: (mi.movie_id = t.id)
              ->  Seq Scan on movie_info mi  (cost=0.00..346232.03 rows=616095 width=4) (actual time=0.017..5501.653 rows=598457 loops=1)
                    Filter: (info_type_id = 15)
                    Rows Removed by Filter: 14237263
              ->  Hash  (cost=67604.59..67604.59 rows=808770 width=4) (actual time=1454.140..1454.140 rows=812704 loops=1)
                    Buckets: 131072  Batches: 16  Memory Usage: 2819kB
                    ->  Seq Scan on title t  (cost=0.00..67604.59 rows=808770 width=4) (actual time=0.015..1179.620 rows=812704 loops=1)
                          Filter: (production_year < 1995)
                          Rows Removed by Filter: 1715608
Planning time: 1.170 ms
Execution time: 10305.789 ms
