Hash Join  (cost=58375.58..423032.72 rows=122 width=0) (actual time=1249.838..7867.126 rows=60 loops=1)
  Hash Cond: (mi.movie_id = t.id)
  ->  Seq Scan on movie_info mi  (cost=0.00..309384.22 rows=14739122 width=4) (actual time=0.020..4220.299 rows=14835720 loops=1)
  ->  Hash  (cost=58375.31..58375.31 rows=21 width=8) (actual time=1002.073..1002.073 rows=10 loops=1)
        Buckets: 1024  Batches: 1  Memory Usage: 9kB
        ->  Nested Loop  (cost=0.43..58375.31 rows=21 width=8) (actual time=317.358..1002.053 rows=10 loops=1)
              ->  Seq Scan on movie_companies mc  (cost=0.00..57926.93 rows=53 width=4) (actual time=317.290..1001.620 rows=10 loops=1)
                    Filter: ((company_type_id > 1) AND (company_id = 80925))
                    Rows Removed by Filter: 2609119
              ->  Index Scan using title_pkey on title t  (cost=0.43..8.45 rows=1 width=4) (actual time=0.037..0.038 rows=1 loops=10)
                    Index Cond: (id = mc.movie_id)
                    Filter: (kind_id < 7)
Planning time: 1.306 ms
Execution time: 7867.320 ms
