Hash Join  (cost=52284.99..402534.62 rows=44 width=0) (actual time=3903.058..6155.633 rows=123 loops=1)
  Hash Cond: (mi.movie_id = t.id)
  ->  Seq Scan on movie_info mi  (cost=0.00..346232.03 rows=1071243 width=4) (actual time=2924.780..5171.228 rows=1128585 loops=1)
        Filter: (info_type_id > 61)
        Rows Removed by Filter: 13707135
  ->  Hash  (cost=52283.69..52283.69 rows=104 width=8) (actual time=828.943..828.943 rows=37 loops=1)
        Buckets: 1024  Batches: 1  Memory Usage: 10kB
        ->  Nested Loop  (cost=0.43..52283.69 rows=104 width=8) (actual time=17.540..828.894 rows=37 loops=1)
              ->  Seq Scan on movie_companies mc  (cost=0.00..51404.11 rows=104 width=4) (actual time=17.406..827.393 rows=37 loops=1)
                    Filter: (company_id = 16322)
                    Rows Removed by Filter: 2609092
              ->  Index Only Scan using title_pkey on title t  (cost=0.43..8.45 rows=1 width=4) (actual time=0.034..0.035 rows=1 loops=37)
                    Index Cond: (id = mc.movie_id)
                    Heap Fetches: 37
Planning time: 1.139 ms
Execution time: 6155.786 ms
