Seq Scan on movie_keyword mk  (cost=0.00..81003.12 rows=3463791 width=0) (actual time=0.023..1551.577 rows=3460001 loops=1)
  Filter: (keyword_id < 16505)
  Rows Removed by Filter: 1063929
Planning time: 0.321 ms
Execution time: 2000.154 ms
