Hash Join  (cost=68257.79..152411.56 rows=16457 width=0) (actual time=1175.180..2673.640 rows=20272 loops=1)
  Hash Cond: (mk.movie_id = t.id)
  ->  Seq Scan on movie_keyword mk  (cost=0.00..81003.12 rows=796288 width=4) (actual time=0.039..1317.278 rows=795406 loops=1)
        Filter: (keyword_id < 766)
        Rows Removed by Filter: 3728524
  ->  Hash  (cost=67604.59..67604.59 rows=52256 width=4) (actual time=1174.773..1174.773 rows=53013 loops=1)
        Buckets: 65536  Batches: 1  Memory Usage: 2376kB
        ->  Seq Scan on title t  (cost=0.00..67604.59 rows=52256 width=4) (actual time=0.027..1152.202 rows=53013 loops=1)
              Filter: (production_year = 2000)
              Rows Removed by Filter: 2475299
Planning time: 0.732 ms
Execution time: 2676.996 ms
