Seq Scan on movie_keyword mk  (cost=0.00..81003.12 rows=246 width=0) (actual time=0.328..1264.084 rows=264 loops=1)
  Filter: (keyword_id = 7368)
  Rows Removed by Filter: 4523666
Planning time: 0.339 ms
Execution time: 1264.320 ms
