Seq Scan on cast_info ci  (cost=0.00..796071.18 rows=1824981 width=0) (actual time=6456.435..11705.153 rows=1579 loops=1)
  Filter: ((person_id < 878381) AND (role_id = 2))
  Rows Removed by Filter: 36242765
Planning time: 0.533 ms
Execution time: 11705.573 ms
