Hash Join  (cost=102767.86..300016.22 rows=4420384 width=0) (actual time=2070.153..7517.080 rows=4422138 loops=1)
  Hash Cond: (mk.movie_id = t.id)
  ->  Seq Scan on movie_keyword mk  (cost=0.00..81003.12 rows=4420384 width=4) (actual time=0.023..1893.143 rows=4422138 loops=1)
        Filter: (keyword_id < 81864)
        Rows Removed by Filter: 101792
  ->  Hash  (cost=61283.27..61283.27 rows=2528527 width=4) (actual time=2068.771..2068.771 rows=2528312 loops=1)
        Buckets: 131072  Batches: 64  Memory Usage: 2425kB
        ->  Seq Scan on title t  (cost=0.00..61283.27 rows=2528527 width=4) (actual time=0.014..1179.055 rows=2528312 loops=1)
Planning time: 0.736 ms
Execution time: 8018.383 ms
