Hash Join  (cost=213412.04..740441.39 rows=2699053 width=0) (actual time=4116.959..23325.743 rows=29462107 loops=1)
  Hash Cond: (mi.movie_id = t.id)
  ->  Seq Scan on movie_info mi  (cost=0.00..309384.22 rows=14739122 width=4) (actual time=0.022..6033.363 rows=14835720 loops=1)
  ->  Hash  (cost=205815.18..205815.18 rows=463028 width=8) (actual time=4115.994..4115.994 rows=507228 loops=1)
        Buckets: 131072  Batches: 8  Memory Usage: 3468kB
        ->  Hash Join  (cost=78171.87..205815.18 rows=463028 width=8) (actual time=1123.179..3967.178 rows=507228 loops=1)
              Hash Cond: (mk.movie_id = t.id)
              ->  Seq Scan on movie_keyword mk  (cost=0.00..69693.30 rows=4523930 width=4) (actual time=0.015..1172.736 rows=4523930 loops=1)
              ->  Hash  (cost=73925.90..73925.90 rows=258797 width=4) (actual time=1118.822..1118.822 rows=227847 loops=1)
                    Buckets: 131072  Batches: 4  Memory Usage: 3038kB
                    ->  Seq Scan on title t  (cost=0.00..73925.90 rows=258797 width=4) (actual time=0.012..1039.582 rows=227847 loops=1)
                          Filter: ((kind_id < 7) AND (production_year > 2008))
                          Rows Removed by Filter: 2300465
Planning time: 1.116 ms
Execution time: 26650.930 ms
