Hash Join  (cost=160526.42..268466.70 rows=528318 width=0) (actual time=5261.674..6045.671 rows=325476 loops=1)
  Hash Cond: (mk.movie_id = t.id)
  ->  Seq Scan on movie_keyword mk  (cost=0.00..81003.12 rows=1588526 width=4) (actual time=0.024..1558.745 rows=1597853 loops=1)
        Filter: (keyword_id < 2458)
        Rows Removed by Filter: 2926077
  ->  Hash  (cost=146729.58..146729.58 rows=840947 width=8) (actual time=3631.226..3631.226 rows=425718 loops=1)
        Buckets: 131072  Batches: 16  Memory Usage: 2068kB
        ->  Hash Join  (cost=92883.59..146729.58 rows=840947 width=8) (actual time=2433.668..3507.228 rows=425718 loops=1)
              Hash Cond: (mi_idx.movie_id = t.id)
              ->  Seq Scan on movie_info_idx mi_idx  (cost=0.00..21735.35 rows=1380035 width=4) (actual time=0.021..445.138 rows=1380035 loops=1)
              ->  Hash  (cost=67604.59..67604.59 rows=1540800 width=4) (actual time=2047.303..2047.303 rows=1543264 loops=1)
                    Buckets: 131072  Batches: 32  Memory Usage: 2722kB
                    ->  Seq Scan on title t  (cost=0.00..67604.59 rows=1540800 width=4) (actual time=0.023..1299.291 rows=1543264 loops=1)
                          Filter: (kind_id = 7)
                          Rows Removed by Filter: 985048
Planning time: 1.123 ms
Execution time: 6085.614 ms
