Hash Join  (cost=102767.86..176732.57 rows=255986 width=0) (actual time=2198.030..3661.297 rows=381604 loops=1)
  Hash Cond: (mc.movie_id = t.id)
  ->  Seq Scan on movie_companies mc  (cost=0.00..57926.93 rows=255986 width=4) (actual time=150.145..904.405 rows=381604 loops=1)
        Filter: ((company_id < 480) AND (company_type_id = 1))
        Rows Removed by Filter: 2227525
  ->  Hash  (cost=61283.27..61283.27 rows=2528527 width=4) (actual time=2046.507..2046.507 rows=2528312 loops=1)
        Buckets: 131072  Batches: 64  Memory Usage: 2415kB
        ->  Seq Scan on title t  (cost=0.00..61283.27 rows=2528527 width=4) (actual time=0.026..1171.980 rows=2528312 loops=1)
Planning time: 0.490 ms
Execution time: 3706.159 ms
