Hash Join  (cost=102454.22..503539.57 rows=1843624 width=0) (actual time=3363.374..9686.305 rows=1855814 loops=1)
  Hash Cond: (mi.movie_id = t.id)
  ->  Seq Scan on movie_info mi  (cost=0.00..346232.03 rows=2194617 width=4) (actual time=1262.005..5563.385 rows=2233850 loops=1)
        Filter: (info_type_id > 16)
        Rows Removed by Filter: 12601870
  ->  Hash  (cost=67604.59..67604.59 rows=2124131 width=4) (actual time=2100.465..2100.465 rows=2118372 loops=1)
        Buckets: 131072  Batches: 32  Memory Usage: 3365kB
        ->  Seq Scan on title t  (cost=0.00..67604.59 rows=2124131 width=4) (actual time=0.031..1385.928 rows=2118372 loops=1)
              Filter: (production_year > 1967)
              Rows Removed by Filter: 409940
Planning time: 0.784 ms
Execution time: 9913.629 ms
