Seq Scan on cast_info ci  (cost=0.00..796071.18 rows=2363839 width=0) (actual time=1546.794..12517.339 rows=1902 loops=1)
  Filter: ((person_id < 1144541) AND (role_id = 2))
  Rows Removed by Filter: 36242442
Planning time: 0.365 ms
Execution time: 12517.867 ms
