Hash Join  (cost=99208.77..260457.14 rows=2757142 width=0) (actual time=1925.984..5955.408 rows=1524337 loops=1)
  Hash Cond: (mk.movie_id = t.id)
  ->  Seq Scan on movie_keyword mk  (cost=0.00..69693.30 rows=4523930 width=4) (actual time=0.012..1387.803 rows=4523930 loops=1)
  ->  Hash  (cost=73925.90..73925.90 rows=1541029 width=4) (actual time=1924.652..1924.652 rows=1659933 loops=1)
        Buckets: 131072  Batches: 32  Memory Usage: 2860kB
        ->  Seq Scan on title t  (cost=0.00..73925.90 rows=1541029 width=4) (actual time=0.028..1371.781 rows=1659933 loops=1)
              Filter: ((kind_id > 1) AND (production_year > 1969))
              Rows Removed by Filter: 868379
Planning time: 0.749 ms
Execution time: 6128.178 ms
