Hash Join  (cost=275248.61..898888.26 rows=11753282 width=0) (actual time=6398.306..44678.085 rows=110590701 loops=1)
  Hash Cond: (mi.movie_id = t.id)
  ->  Seq Scan on movie_info mi  (cost=0.00..309384.22 rows=14739122 width=4) (actual time=0.015..5954.872 rows=14835720 loops=1)
  ->  Hash  (cost=242167.86..242167.86 rows=2016300 width=8) (actual time=6397.058..6397.058 rows=2020487 loops=1)
        Buckets: 131072  Batches: 32  Memory Usage: 3557kB
        ->  Hash Join  (cost=102767.86..242167.86 rows=2016300 width=8) (actual time=1951.224..5755.468 rows=2020487 loops=1)
              Hash Cond: (mk.movie_id = t.id)
              ->  Seq Scan on movie_keyword mk  (cost=0.00..81003.12 rows=2016300 width=4) (actual time=0.018..1520.584 rows=2020487 loops=1)
                    Filter: (keyword_id > 6122)
                    Rows Removed by Filter: 2503443
              ->  Hash  (cost=61283.27..61283.27 rows=2528527 width=4) (actual time=1949.326..1949.326 rows=2528312 loops=1)
                    Buckets: 131072  Batches: 64  Memory Usage: 2425kB
                    ->  Seq Scan on title t  (cost=0.00..61283.27 rows=2528527 width=4) (actual time=0.020..1068.919 rows=2528312 loops=1)
Planning time: 1.168 ms
Execution time: 55806.821 ms
