Hash Join  (cost=114668.79..482301.25 rows=297654 width=0) (actual time=2207.327..13087.853 rows=807306 loops=1)
  Hash Cond: (mi.movie_id = t.id)
  ->  Seq Scan on movie_info mi  (cost=0.00..309384.22 rows=14739122 width=4) (actual time=0.020..4518.358 rows=14835720 loops=1)
  ->  Hash  (cost=114030.50..114030.50 rows=51063 width=8) (actual time=2132.305..2132.305 rows=80094 loops=1)
        Buckets: 131072 (originally 65536)  Batches: 2 (originally 1)  Memory Usage: 3073kB
        ->  Hash Join  (cost=75461.39..114030.50 rows=51063 width=8) (actual time=1240.425..2103.324 rows=80094 loops=1)
              Hash Cond: (mi_idx.movie_id = t.id)
              ->  Seq Scan on movie_info_idx mi_idx  (cost=0.00..21735.35 rows=1380035 width=4) (actual time=0.017..405.992 rows=1380035 loops=1)
              ->  Hash  (cost=73925.90..73925.90 rows=93559 width=4) (actual time=1219.541..1219.541 rows=104574 loops=1)
                    Buckets: 131072  Batches: 2  Memory Usage: 2857kB
                    ->  Seq Scan on title t  (cost=0.00..73925.90 rows=93559 width=4) (actual time=0.016..1182.263 rows=104574 loops=1)
                          Filter: ((production_year < 2011) AND (kind_id = 4))
                          Rows Removed by Filter: 2423738
Planning time: 3.790 ms
Execution time: 13191.720 ms
