Seq Scan on cast_info ci  (cost=0.00..705507.15 rows=6344971 width=0) (actual time=0.029..11472.420 rows=6430716 loops=1)
  Filter: (person_id > 3012245)
  Rows Removed by Filter: 29813628
Planning time: 0.313 ms
Execution time: 12299.193 ms
