Hash Join  (cost=180220.74..1263093.07 rows=1403683 width=0) (actual time=3558.294..30875.226 rows=4266087 loops=1)
  Hash Cond: (ci.movie_id = t.id)
  ->  Seq Scan on cast_info ci  (cost=0.00..705507.15 rows=31384620 width=4) (actual time=0.024..15757.276 rows=31367431 loops=1)
        Filter: (person_id < 3186531)
        Rows Removed by Filter: 4876913
  ->  Hash  (cost=178365.13..178365.13 rows=113089 width=8) (actual time=3557.608..3557.608 rows=101053 loops=1)
        Buckets: 131072  Batches: 2  Memory Usage: 2991kB
        ->  Hash Join  (cost=69687.24..178365.13 rows=113089 width=8) (actual time=1152.217..3525.236 rows=101053 loops=1)
              Hash Cond: (mk.movie_id = t.id)
              ->  Seq Scan on movie_keyword mk  (cost=0.00..81003.12 rows=2252767 width=4) (actual time=0.014..1624.588 rows=2256092 loops=1)
                    Filter: (keyword_id < 4668)
                    Rows Removed by Filter: 2267838
              ->  Hash  (cost=67604.59..67604.59 rows=126932 width=4) (actual time=1150.759..1150.759 rows=122861 loops=1)
                    Buckets: 131072  Batches: 2  Memory Usage: 3197kB
                    ->  Seq Scan on title t  (cost=0.00..67604.59 rows=126932 width=4) (actual time=0.038..1102.785 rows=122861 loops=1)
                          Filter: (production_year = 2008)
                          Rows Removed by Filter: 2405451
Planning time: 1.179 ms
Execution time: 31343.768 ms
