Hash Join  (cost=121251.03..198454.52 rows=156196 width=0) (actual time=2251.710..4105.130 rows=150345 loops=1)
  Hash Cond: (mc.movie_id = t.id)
  ->  Seq Scan on movie_companies mc  (cost=0.00..44881.29 rows=2609129 width=4) (actual time=0.019..754.279 rows=2609129 loops=1)
  ->  Hash  (cost=118766.90..118766.90 rows=151371 width=8) (actual time=2250.704..2250.704 rows=58773 loops=1)
        Buckets: 131072  Batches: 2  Memory Usage: 2178kB
        ->  Hash Join  (cost=78476.71..118766.90 rows=151371 width=8) (actual time=1402.561..2231.595 rows=58773 loops=1)
              Hash Cond: (mi_idx.movie_id = t.id)
              ->  Seq Scan on movie_info_idx mi_idx  (cost=0.00..21735.35 rows=1380035 width=4) (actual time=0.020..463.289 rows=1380035 loops=1)
              ->  Hash  (cost=73925.90..73925.90 rows=277344 width=4) (actual time=1189.806..1189.806 rows=169544 loops=1)
                    Buckets: 131072  Batches: 4  Memory Usage: 2513kB
                    ->  Seq Scan on title t  (cost=0.00..73925.90 rows=277344 width=4) (actual time=212.140..1128.712 rows=169544 loops=1)
                          Filter: ((production_year < 1976) AND (kind_id = 7))
                          Rows Removed by Filter: 2358768
Planning time: 1.175 ms
Execution time: 4123.604 ms
