Hash Join  (cost=67697.55..819552.20 rows=106548 width=0) (actual time=1042.803..18894.534 rows=130964 loops=1)
  Hash Cond: (ci.movie_id = t.id)
  ->  Seq Scan on cast_info ci  (cost=0.00..614943.12 rows=36225612 width=4) (actual time=0.013..9145.185 rows=36244344 loops=1)
  ->  Hash  (cost=67604.59..67604.59 rows=7437 width=4) (actual time=1040.586..1040.586 rows=10308 loops=1)
        Buckets: 16384 (originally 8192)  Batches: 1 (originally 1)  Memory Usage: 491kB
        ->  Seq Scan on title t  (cost=0.00..67604.59 rows=7437 width=4) (actual time=0.120..1035.360 rows=10308 loops=1)
              Filter: (production_year = 1962)
              Rows Removed by Filter: 2518004
Planning time: 14.478 ms
Execution time: 18918.237 ms
