Seq Scan on movie_companies mc  (cost=0.00..57926.93 rows=581918 width=0) (actual time=105.740..991.941 rows=369926 loops=1)
  Filter: ((company_id < 8521) AND (company_type_id > 1))
  Rows Removed by Filter: 2239203
Planning time: 0.306 ms
Execution time: 1039.950 ms
