Nested Loop  (cost=59618.99..856211.58 rows=7 width=0) (actual time=13419.254..14780.752 rows=58 loops=1)
  ->  Hash Join  (cost=59618.56..856171.92 rows=18 width=8) (actual time=13419.147..14777.547 rows=58 loops=1)
        Hash Cond: (ci.movie_id = mc.movie_id)
        ->  Seq Scan on cast_info ci  (cost=0.00..796071.18 rows=176 width=4) (actual time=12584.174..13928.339 rows=328 loops=1)
              Filter: ((role_id = 1) AND (person_id = 479191))
              Rows Removed by Filter: 36244016
        ->  Hash  (cost=57926.93..57926.93 rows=103090 width=4) (actual time=834.079..834.079 rows=164475 loops=1)
              Buckets: 131072  Batches: 2  Memory Usage: 3924kB
              ->  Seq Scan on movie_companies mc  (cost=0.00..57926.93 rows=103090 width=4) (actual time=0.047..778.043 rows=164475 loops=1)
                    Filter: ((company_id < 69) AND (company_type_id = 1))
                    Rows Removed by Filter: 2444654
  ->  Index Only Scan using title_pkey on title t  (cost=0.43..2.19 rows=1 width=4) (actual time=0.053..0.054 rows=1 loops=58)
        Index Cond: (id = mc.movie_id)
        Heap Fetches: 58
Planning time: 1.198 ms
Execution time: 14780.851 ms
