Hash Join  (cost=95678.39..176848.86 rows=440 width=0) (actual time=1650.189..2880.290 rows=1565 loops=1)
  Hash Cond: (mk.movie_id = t.id)
  ->  Seq Scan on movie_keyword mk  (cost=0.00..81003.12 rows=43452 width=4) (actual time=0.061..1217.706 rows=38892 loops=1)
        Filter: (keyword_id < 47)
        Rows Removed by Filter: 4485038
  ->  Hash  (cost=95358.11..95358.11 rows=25622 width=8) (actual time=1647.350..1647.350 rows=28786 loops=1)
        Buckets: 32768  Batches: 1  Memory Usage: 1381kB
        ->  Hash Join  (cost=68191.41..95358.11 rows=25622 width=8) (actual time=972.593..1637.556 rows=28786 loops=1)
              Hash Cond: (mi_idx.movie_id = t.id)
              ->  Seq Scan on movie_info_idx mi_idx  (cost=0.00..21735.35 rows=1380035 width=4) (actual time=0.018..312.584 rows=1380035 loops=1)
              ->  Hash  (cost=67604.59..67604.59 rows=46946 width=4) (actual time=972.193..972.193 rows=46583 loops=1)
                    Buckets: 65536  Batches: 1  Memory Usage: 2150kB
                    ->  Seq Scan on title t  (cost=0.00..67604.59 rows=46946 width=4) (actual time=0.039..952.612 rows=46583 loops=1)
                          Filter: (production_year = 1998)
                          Rows Removed by Filter: 2481729
Planning time: 1.262 ms
Execution time: 2880.891 ms
