Seq Scan on movie_companies mc  (cost=0.00..57926.93 rows=197198 width=0) (actual time=395.316..930.181 rows=391972 loops=1)
  Filter: ((company_id > 83089) AND (company_type_id > 1))
  Rows Removed by Filter: 2217157
Planning time: 0.335 ms
Execution time: 981.038 ms
