Nested Loop  (cost=0.43..116535.08 rows=1158 width=0) (actual time=0.662..1262.006 rows=2679 loops=1)
  ->  Seq Scan on movie_keyword mk  (cost=0.00..81003.12 rows=4826 width=4) (actual time=0.086..1144.845 rows=5449 loops=1)
        Filter: (keyword_id = 1559)
        Rows Removed by Filter: 4518481
  ->  Index Scan using title_pkey on title t  (cost=0.43..7.35 rows=1 width=4) (actual time=0.021..0.021 rows=0 loops=5449)
        Index Cond: (id = mk.movie_id)
        Filter: (production_year < 1986)
        Rows Removed by Filter: 1
Planning time: 0.742 ms
Execution time: 1262.877 ms
