Hash Join  (cost=75464.55..106518.54 rows=17088 width=0) (actual time=1306.790..1971.402 rows=11483 loops=1)
  Hash Cond: (mi_idx.movie_id = t.id)
  ->  Seq Scan on movie_info_idx mi_idx  (cost=0.00..25185.44 rows=460978 width=4) (actual time=0.019..474.355 rows=459925 loops=1)
        Filter: (info_type_id < 100)
        Rows Removed by Filter: 920110
  ->  Hash  (cost=73925.90..73925.90 rows=93732 width=4) (actual time=1305.970..1305.970 rows=100592 loops=1)
        Buckets: 131072  Batches: 2  Memory Usage: 2791kB
        ->  Seq Scan on title t  (cost=0.00..73925.90 rows=93732 width=4) (actual time=0.026..1267.504 rows=100592 loops=1)
              Filter: ((kind_id > 1) AND (production_year = 2009))
              Rows Removed by Filter: 2427720
Planning time: 0.735 ms
Execution time: 1973.486 ms
