Seq Scan on movie_keyword mk  (cost=0.00..81003.12 rows=4121463 width=0) (actual time=0.025..1553.415 rows=4127108 loops=1)
  Filter: (keyword_id < 43574)
  Rows Removed by Filter: 396822
Planning time: 0.331 ms
Execution time: 2049.396 ms
