Hash Join  (cost=129930.85..846497.88 rows=43366 width=0) (actual time=10750.648..13896.419 rows=434345 loops=1)
  Hash Cond: (ci.movie_id = t.id)
  ->  Seq Scan on cast_info ci  (cost=0.00..705507.15 rows=2833659 width=4) (actual time=8388.916..10555.045 rows=2882743 loops=1)
        Filter: (person_id > 3520042)
        Rows Removed by Filter: 33361601
  ->  Hash  (cost=129447.15..129447.15 rows=38696 width=8) (actual time=2361.163..2361.163 rows=66078 loops=1)
        Buckets: 131072 (originally 65536)  Batches: 1 (originally 1)  Memory Usage: 3606kB
        ->  Hash Join  (cost=74394.67..129447.15 rows=38696 width=8) (actual time=1029.434..2335.579 rows=66078 loops=1)
              Hash Cond: (mc.movie_id = t.id)
              ->  Seq Scan on movie_companies mc  (cost=0.00..44881.29 rows=2609129 width=4) (actual time=0.018..656.554 rows=2609129 loops=1)
              ->  Hash  (cost=73925.90..73925.90 rows=37501 width=4) (actual time=1028.718..1028.718 rows=32253 loops=1)
                    Buckets: 65536  Batches: 1  Memory Usage: 1646kB
                    ->  Seq Scan on title t  (cost=0.00..73925.90 rows=37501 width=4) (actual time=0.046..1015.153 rows=32253 loops=1)
                          Filter: ((kind_id < 7) AND (production_year = 2005))
                          Rows Removed by Filter: 2496059
Planning time: 1.356 ms
Execution time: 13951.841 ms
