Seq Scan on movie_keyword mk  (cost=0.00..81003.12 rows=952514 width=0) (actual time=0.019..1411.737 rows=966715 loops=1)
  Filter: (keyword_id > 19727)
  Rows Removed by Filter: 3557215
Planning time: 0.292 ms
Execution time: 1536.867 ms
