Hash Join  (cost=181901.27..676398.60 rows=1376839 width=0) (actual time=3579.621..21776.800 rows=22965201 loops=1)
  Hash Cond: (mi.movie_id = t.id)
  ->  Seq Scan on movie_info mi  (cost=0.00..309384.22 rows=14739122 width=4) (actual time=0.013..6061.959 rows=14835720 loops=1)
  ->  Hash  (cost=178025.77..178025.77 rows=236200 width=8) (actual time=3578.760..3578.760 rows=537643 loops=1)
        Buckets: 131072 (originally 131072)  Batches: 8 (originally 4)  Memory Usage: 3720kB
        ->  Hash Join  (cost=83810.17..178025.77 rows=236200 width=8) (actual time=1492.021..3415.109 rows=537643 loops=1)
              Hash Cond: (mk.movie_id = t.id)
              ->  Seq Scan on movie_keyword mk  (cost=0.00..81003.12 rows=604658 width=4) (actual time=0.019..1300.100 rows=606746 loops=1)
                    Filter: (keyword_id < 460)
                    Rows Removed by Filter: 3917184
              ->  Hash  (cost=67604.59..67604.59 rows=987727 width=4) (actual time=1491.195..1491.195 rows=985048 loops=1)
                    Buckets: 131072  Batches: 16  Memory Usage: 3197kB
                    ->  Seq Scan on title t  (cost=0.00..67604.59 rows=987727 width=4) (actual time=0.011..1179.176 rows=985048 loops=1)
                          Filter: (kind_id < 7)
                          Rows Removed by Filter: 1543264
Planning time: 1.082 ms
Execution time: 24304.414 ms
