Seq Scan on movie_keyword mk  (cost=0.00..81003.12 rows=246 width=0) (actual time=2.485..997.851 rows=153 loops=1)
  Filter: (keyword_id = 13553)
  Rows Removed by Filter: 4523777
Planning time: 0.384 ms
Execution time: 998.034 ms
