Seq Scan on movie_companies mc  (cost=0.00..57926.93 rows=53 width=0) (actual time=39.109..842.901 rows=7 loops=1)
  Filter: ((company_id = 27205) AND (company_type_id = 2))
  Rows Removed by Filter: 2609122
Planning time: 0.405 ms
Execution time: 843.156 ms
