Hash Join  (cost=214666.51..743760.20 rows=2892484 width=0) (actual time=5403.115..17112.600 rows=1171031 loops=1)
  Hash Cond: (mi.movie_id = t.id)
  ->  Seq Scan on movie_info mi  (cost=0.00..309384.22 rows=14739122 width=4) (actual time=0.007..6231.595 rows=14835720 loops=1)
  ->  Hash  (cost=206524.86..206524.86 rows=496212 width=8) (actual time=4474.229..4474.229 rows=92470 loops=1)
        Buckets: 131072  Batches: 8  Memory Usage: 1442kB
        ->  Hash Join  (cost=78476.71..206524.86 rows=496212 width=8) (actual time=3059.544..4447.232 rows=92470 loops=1)
              Hash Cond: (mk.movie_id = t.id)
              ->  Seq Scan on movie_keyword mk  (cost=0.00..69693.30 rows=4523930 width=4) (actual time=0.028..1475.034 rows=4523930 loops=1)
              ->  Hash  (cost=73925.90..73925.90 rows=277344 width=4) (actual time=1303.660..1303.660 rows=169544 loops=1)
                    Buckets: 131072  Batches: 4  Memory Usage: 2519kB
                    ->  Seq Scan on title t  (cost=0.00..73925.90 rows=277344 width=4) (actual time=0.015..1239.251 rows=169544 loops=1)
                          Filter: ((production_year < 1976) AND (kind_id = 7))
                          Rows Removed by Filter: 2358768
Planning time: 1.105 ms
Execution time: 17239.500 ms
