Hash Join  (cost=709677.59..1074354.21 rows=2069 width=0) (actual time=11904.582..17009.032 rows=16 loops=1)
  Hash Cond: (mi.movie_id = t.id)
  ->  Seq Scan on movie_info mi  (cost=0.00..309384.22 rows=14739122 width=4) (actual time=0.023..3889.521 rows=14835720 loops=1)
  ->  Hash  (cost=709673.15..709673.15 rows=355 width=8) (actual time=10439.038..10439.038 rows=2 loops=1)
        Buckets: 1024  Batches: 1  Memory Usage: 9kB
        ->  Nested Loop  (cost=0.43..709673.15 rows=355 width=8) (actual time=3521.122..10439.019 rows=2 loops=1)
              ->  Seq Scan on cast_info ci  (cost=0.00..705507.15 rows=500 width=4) (actual time=3521.044..10438.905 rows=2 loops=1)
                    Filter: (person_id = 2886199)
                    Rows Removed by Filter: 36244342
              ->  Index Scan using title_pkey on title t  (cost=0.43..8.32 rows=1 width=4) (actual time=0.043..0.044 rows=1 loops=2)
                    Index Cond: (id = ci.movie_id)
                    Filter: (production_year < 2009)
Planning time: 7.978 ms
Execution time: 17009.235 ms
