Seq Scan on cast_info ci  (cost=0.00..796071.18 rows=9003931 width=0) (actual time=1748.832..14607.213 rows=5160716 loops=1)
  Filter: ((person_id > 1024371) AND (role_id = 1))
  Rows Removed by Filter: 31083628
Planning time: 0.429 ms
Execution time: 15140.775 ms
