Seq Scan on movie_companies mc  (cost=0.00..57926.93 rows=463778 width=0) (actual time=365.916..1080.535 rows=667118 loops=1)
  Filter: ((company_id < 3603) AND (company_type_id = 1))
  Rows Removed by Filter: 1942011
Planning time: 0.421 ms
Execution time: 1164.413 ms
