Hash Join  (cost=167085.93..248627.79 rows=645564 width=0) (actual time=4087.253..7051.893 rows=1640826 loops=1)
  Hash Cond: (mc.movie_id = t.id)
  ->  Seq Scan on movie_companies mc  (cost=0.00..51404.11 rows=1729093 width=4) (actual time=0.028..1169.365 rows=1734502 loops=1)
        Filter: (company_id > 2561)
        Rows Removed by Filter: 874627
  ->  Hash  (cost=151597.48..151597.48 rows=944036 width=8) (actual time=4086.124..4086.124 rows=893460 loops=1)
        Buckets: 131072  Batches: 16  Memory Usage: 3206kB
        ->  Hash Join  (cost=95982.60..151597.48 rows=944036 width=8) (actual time=2197.365..3833.377 rows=893460 loops=1)
              Hash Cond: (mi_idx.movie_id = t.id)
              ->  Seq Scan on movie_info_idx mi_idx  (cost=0.00..21735.35 rows=1380035 width=4) (actual time=0.016..462.803 rows=1380035 loops=1)
              ->  Hash  (cost=67604.59..67604.59 rows=1729681 width=4) (actual time=2196.474..2196.474 rows=1725233 loops=1)
                    Buckets: 131072  Batches: 32  Memory Usage: 2923kB
                    ->  Seq Scan on title t  (cost=0.00..67604.59 rows=1729681 width=4) (actual time=0.017..1267.105 rows=1725233 loops=1)
                          Filter: (production_year > 1991)
                          Rows Removed by Filter: 803079
Planning time: 1.200 ms
Execution time: 7228.748 ms
