Hash Join  (cost=102767.86..912158.02 rows=3906647 width=0) (actual time=3057.780..17592.769 rows=3957085 loops=1)
  Hash Cond: (ci.movie_id = t.id)
  ->  Seq Scan on cast_info ci  (cost=0.00..705507.15 rows=3906647 width=4) (actual time=1263.883..11191.123 rows=3957085 loops=1)
        Filter: (person_id > 3334004)
        Rows Removed by Filter: 32287259
  ->  Hash  (cost=61283.27..61283.27 rows=2528527 width=4) (actual time=1792.150..1792.150 rows=2528312 loops=1)
        Buckets: 131072  Batches: 64  Memory Usage: 2415kB
        ->  Seq Scan on title t  (cost=0.00..61283.27 rows=2528527 width=4) (actual time=0.017..983.805 rows=2528312 loops=1)
Planning time: 0.826 ms
Execution time: 18055.112 ms
