Hash Join  (cost=83074.74..833899.15 rows=3524 width=0) (actual time=1278.052..16843.760 rows=5218 loops=1)
  Hash Cond: (ci.movie_id = t.id)
  ->  Seq Scan on cast_info ci  (cost=0.00..614943.12 rows=36225612 width=4) (actual time=0.014..8898.787 rows=36244344 loops=1)
  ->  Hash  (cost=83071.67..83071.67 rows=246 width=8) (actual time=1264.093..1264.093 rows=92 loops=1)
        Buckets: 1024  Batches: 1  Memory Usage: 12kB
        ->  Nested Loop  (cost=0.43..83071.67 rows=246 width=8) (actual time=14.870..1263.961 rows=92 loops=1)
              ->  Seq Scan on movie_keyword mk  (cost=0.00..81003.12 rows=246 width=4) (actual time=14.765..1257.452 rows=92 loops=1)
                    Filter: (keyword_id = 14702)
                    Rows Removed by Filter: 4523838
              ->  Index Only Scan using title_pkey on title t  (cost=0.43..8.40 rows=1 width=4) (actual time=0.065..0.066 rows=1 loops=92)
                    Index Cond: (id = mk.movie_id)
                    Heap Fetches: 92
Planning time: 3.515 ms
Execution time: 16846.172 ms
