Hash Join  (cost=82272.69..153713.84 rows=267499 width=0) (actual time=1393.948..3105.474 rows=369126 loops=1)
  Hash Cond: (mc.movie_id = t.id)
  ->  Seq Scan on movie_companies mc  (cost=0.00..51404.11 rows=1329612 width=4) (actual time=0.016..973.967 rows=1334883 loops=1)
        Filter: (company_type_id = 2)
        Rows Removed by Filter: 1274246
  ->  Hash  (cost=73925.90..73925.90 rows=508703 width=4) (actual time=1392.985..1392.985 rows=377920 loops=1)
        Buckets: 131072  Batches: 8  Memory Usage: 2692kB
        ->  Seq Scan on title t  (cost=0.00..73925.90 rows=508703 width=4) (actual time=48.211..1276.607 rows=377920 loops=1)
              Filter: ((production_year > 1981) AND (kind_id = 1))
              Rows Removed by Filter: 2150392
Planning time: 0.786 ms
Execution time: 3148.302 ms
