Hash Join  (cost=169572.84..269607.07 rows=265390 width=0) (actual time=4448.483..7830.158 rows=4462462 loops=1)
  Hash Cond: (mk.movie_id = t.id)
  ->  Seq Scan on movie_keyword mk  (cost=0.00..81003.12 rows=1232321 width=4) (actual time=0.010..1481.349 rows=1244132 loops=1)
        Filter: (keyword_id > 14528)
        Rows Removed by Filter: 3279798
  ->  Hash  (cost=160638.12..160638.12 rows=544538 width=8) (actual time=4447.561..4447.561 rows=1206469 loops=1)
        Buckets: 131072 (originally 131072)  Batches: 16 (originally 8)  Memory Usage: 4026kB
        ->  Hash Join  (cost=83810.17..160638.12 rows=544538 width=8) (actual time=1596.011..4054.033 rows=1206469 loops=1)
              Hash Cond: (mc.movie_id = t.id)
              ->  Seq Scan on movie_companies mc  (cost=0.00..51404.11 rows=1393987 width=4) (actual time=0.024..1143.211 rows=1405529 loops=1)
                    Filter: (company_id > 11031)
                    Rows Removed by Filter: 1203600
              ->  Hash  (cost=67604.59..67604.59 rows=987727 width=4) (actual time=1595.138..1595.138 rows=985048 loops=1)
                    Buckets: 131072  Batches: 16  Memory Usage: 3188kB
                    ->  Seq Scan on title t  (cost=0.00..67604.59 rows=987727 width=4) (actual time=0.013..1256.748 rows=985048 loops=1)
                          Filter: (kind_id < 7)
                          Rows Removed by Filter: 1543264
Planning time: 1.907 ms
Execution time: 8394.118 ms
