Nested Loop  (cost=0.43..118469.54 rows=2003 width=0) (actual time=0.088..1405.789 rows=4470 loops=1)
  ->  Seq Scan on movie_keyword mk  (cost=0.00..81003.12 rows=5127 width=4) (actual time=0.029..1273.734 rows=4540 loops=1)
        Filter: (keyword_id = 2762)
        Rows Removed by Filter: 4519390
  ->  Index Scan using title_pkey on title t  (cost=0.43..7.30 rows=1 width=4) (actual time=0.028..0.028 rows=1 loops=4540)
        Index Cond: (id = mk.movie_id)
        Filter: (kind_id < 7)
        Rows Removed by Filter: 0
Planning time: 0.788 ms
Execution time: 1407.164 ms
