Seq Scan on movie_companies mc  (cost=0.00..51404.11 rows=2347747 width=0) (actual time=0.014..939.714 rows=2350065 loops=1)
  Filter: (company_id > 129)
  Rows Removed by Filter: 259064
Planning time: 0.335 ms
Execution time: 1233.125 ms
