Hash Join  (cost=190230.21..345096.07 rows=2195609 width=0) (actual time=4189.145..9865.868 rows=9262190 loops=1)
  Hash Cond: (mk.movie_id = t.id)
  ->  Seq Scan on movie_keyword mk  (cost=0.00..81003.12 rows=4022837 width=4) (actual time=0.014..1842.340 rows=4029431 loops=1)
        Filter: (keyword_id < 36469)
        Rows Removed by Filter: 494499
  ->  Hash  (cost=167588.78..167588.78 rows=1380035 width=8) (actual time=4187.898..4187.898 rows=1380035 loops=1)
        Buckets: 131072  Batches: 32  Memory Usage: 2726kB
        ->  Hash Join  (cost=102767.86..167588.78 rows=1380035 width=8) (actual time=1874.857..3785.735 rows=1380035 loops=1)
              Hash Cond: (mi_idx.movie_id = t.id)
              ->  Seq Scan on movie_info_idx mi_idx  (cost=0.00..21735.35 rows=1380035 width=4) (actual time=0.012..442.676 rows=1380035 loops=1)
              ->  Hash  (cost=61283.27..61283.27 rows=2528527 width=4) (actual time=1873.706..1873.706 rows=2528312 loops=1)
                    Buckets: 131072  Batches: 64  Memory Usage: 2415kB
                    ->  Seq Scan on title t  (cost=0.00..61283.27 rows=2528527 width=4) (actual time=0.020..1033.740 rows=2528312 loops=1)
Planning time: 2.983 ms
Execution time: 10808.034 ms
