Hash Join  (cost=94699.36..445723.61 rows=2043 width=0) (actual time=6258.974..7254.062 rows=15556 loops=1)
  Hash Cond: (mi.movie_id = t.id)
  ->  Seq Scan on movie_info mi  (cost=0.00..346232.03 rows=1272478 width=4) (actual time=4494.636..5254.421 rows=1325361 loops=1)
        Filter: (info_type_id = 8)
        Rows Removed by Filter: 13510359
  ->  Hash  (cost=94648.62..94648.62 rows=4059 width=8) (actual time=1763.880..1763.880 rows=16963 loops=1)
        Buckets: 32768 (originally 4096)  Batches: 1 (originally 1)  Memory Usage: 919kB
        ->  Hash Join  (cost=67697.55..94648.62 rows=4059 width=8) (actual time=1132.177..1757.768 rows=16963 loops=1)
              Hash Cond: (mi_idx.movie_id = t.id)
              ->  Seq Scan on movie_info_idx mi_idx  (cost=0.00..21735.35 rows=1380035 width=4) (actual time=0.026..306.804 rows=1380035 loops=1)
              ->  Hash  (cost=67604.59..67604.59 rows=7437 width=4) (actual time=1132.052..1132.052 rows=23040 loops=1)
                    Buckets: 32768 (originally 8192)  Batches: 1 (originally 1)  Memory Usage: 1066kB
                    ->  Seq Scan on title t  (cost=0.00..67604.59 rows=7437 width=4) (actual time=0.023..1121.736 rows=23040 loops=1)
                          Filter: (production_year = 1990)
                          Rows Removed by Filter: 2505272
Planning time: 1.436 ms
Execution time: 7256.570 ms
