Seq Scan on movie_keyword mk  (cost=0.00..81003.12 rows=246 width=0) (actual time=120.514..1249.566 rows=5 loops=1)
  Filter: (keyword_id = 59528)
  Rows Removed by Filter: 4523925
Planning time: 0.449 ms
Execution time: 1249.666 ms
