Seq Scan on cast_info ci  (cost=0.00..705507.15 rows=13210907 width=0) (actual time=2785.922..10400.604 rows=13339123 loops=1)
  Filter: (person_id > 2338681)
  Rows Removed by Filter: 22905221
Planning time: 0.562 ms
Execution time: 11864.941 ms
