Hash Join  (cost=995984.13..1170645.57 rows=3858049 width=0) (actual time=15031.057..19188.178 rows=2452773 loops=1)
  Hash Cond: (mk.movie_id = t.id)
  ->  Seq Scan on movie_keyword mk  (cost=0.00..69693.30 rows=4523930 width=4) (actual time=0.026..1501.096 rows=4523930 loops=1)
  ->  Hash  (cost=960605.74..960605.74 rows=2156351 width=8) (actual time=15030.208..15030.208 rows=489240 loops=1)
        Buckets: 131072  Batches: 32  Memory Usage: 1637kB
        ->  Hash Join  (cost=102767.86..960605.74 rows=2156351 width=8) (actual time=6496.052..14879.065 rows=489240 loops=1)
              Hash Cond: (ci.movie_id = t.id)
              ->  Seq Scan on cast_info ci  (cost=0.00..796071.18 rows=2156351 width=4) (actual time=4531.559..12106.248 rows=489240 loops=1)
                    Filter: ((person_id > 2637024) AND (role_id = 2))
                    Rows Removed by Filter: 35755104
              ->  Hash  (cost=61283.27..61283.27 rows=2528527 width=4) (actual time=1963.433..1963.433 rows=2528312 loops=1)
                    Buckets: 131072  Batches: 64  Memory Usage: 2415kB
                    ->  Seq Scan on title t  (cost=0.00..61283.27 rows=2528527 width=4) (actual time=0.017..1117.281 rows=2528312 loops=1)
Planning time: 4.440 ms
Execution time: 19481.755 ms
