Seq Scan on movie_keyword mk  (cost=0.00..81003.12 rows=3127907 width=0) (actual time=0.015..1574.549 rows=3113052 loops=1)
  Filter: (keyword_id < 11853)
  Rows Removed by Filter: 1410878
Planning time: 0.324 ms
Execution time: 1961.332 ms
