Seq Scan on title t  (cost=0.00..73925.90 rows=78355 width=0) (actual time=519.883..1106.461 rows=110641 loops=1)
  Filter: ((production_year > 1991) AND (kind_id = 4))
  Rows Removed by Filter: 2417671
Planning time: 0.348 ms
Execution time: 1120.967 ms
