Hash Join  (cost=198078.64..234669.68 rows=39598 width=0) (actual time=3955.074..4913.517 rows=171236 loops=1)
  Hash Cond: (mi_idx.movie_id = t.id)
  ->  Seq Scan on movie_info_idx mi_idx  (cost=0.00..25185.44 rows=915101 width=4) (actual time=0.020..578.273 rows=919850 loops=1)
        Filter: (info_type_id < 101)
        Rows Removed by Filter: 460185
  ->  Hash  (cost=196282.96..196282.96 rows=109414 width=8) (actual time=3954.147..3954.147 rows=121921 loops=1)
        Buckets: 131072  Batches: 2  Memory Usage: 3430kB
        ->  Hash Join  (cost=102767.86..196282.96 rows=109414 width=8) (actual time=1861.449..3911.572 rows=121921 loops=1)
              Hash Cond: (mk.movie_id = t.id)
              ->  Seq Scan on movie_keyword mk  (cost=0.00..81003.12 rows=109414 width=4) (actual time=0.072..1286.956 rows=121921 loops=1)
                    Filter: (keyword_id < 117)
                    Rows Removed by Filter: 4402009
              ->  Hash  (cost=61283.27..61283.27 rows=2528527 width=4) (actual time=1860.008..1860.008 rows=2528312 loops=1)
                    Buckets: 131072  Batches: 64  Memory Usage: 2425kB
                    ->  Seq Scan on title t  (cost=0.00..61283.27 rows=2528527 width=4) (actual time=0.015..1012.716 rows=2528312 loops=1)
Planning time: 1.202 ms
Execution time: 4935.600 ms
