Hash Join  (cost=365418.15..1956209.80 rows=40351064 width=0) (actual time=9809.605..67339.588 rows=118465571 loops=1)
  Hash Cond: (ci.movie_id = t.id)
  ->  Seq Scan on cast_info ci  (cost=0.00..796071.18 rows=22553124 width=4) (actual time=1213.826..19910.112 rows=22108306 loops=1)
        Filter: ((person_id < 3774193) AND (role_id > 1))
        Rows Removed by Filter: 14136038
  ->  Hash  (cost=291197.02..291197.02 rows=4523930 width=8) (actual time=8594.448..8594.448 rows=4523930 loops=1)
        Buckets: 131072  Batches: 64  Memory Usage: 3816kB
        ->  Hash Join  (cost=102767.86..291197.02 rows=4523930 width=8) (actual time=2154.039..7366.516 rows=4523930 loops=1)
              Hash Cond: (mk.movie_id = t.id)
              ->  Seq Scan on movie_keyword mk  (cost=0.00..69693.30 rows=4523930 width=4) (actual time=0.027..1589.718 rows=4523930 loops=1)
              ->  Hash  (cost=61283.27..61283.27 rows=2528527 width=4) (actual time=1896.902..1896.902 rows=2528312 loops=1)
                    Buckets: 131072  Batches: 64  Memory Usage: 2425kB
                    ->  Seq Scan on title t  (cost=0.00..61283.27 rows=2528527 width=4) (actual time=0.014..1053.730 rows=2528312 loops=1)
Planning time: 1.174 ms
Execution time: 79567.438 ms
