Hash Join  (cost=99942.07..510923.36 rows=1924130 width=0) (actual time=2609.856..10050.852 rows=1851517 loops=1)
  Hash Cond: (mi.movie_id = t.id)
  ->  Seq Scan on movie_info mi  (cost=0.00..346232.03 rows=3068194 width=4) (actual time=580.344..5753.344 rows=3036719 loops=1)
        Filter: (info_type_id = 16)
        Rows Removed by Filter: 11799001
  ->  Hash  (cost=73925.90..73925.90 rows=1585693 width=4) (actual time=2028.040..2028.040 rows=1700125 loops=1)
        Buckets: 131072  Batches: 32  Memory Usage: 2903kB
        ->  Seq Scan on title t  (cost=0.00..73925.90 rows=1585693 width=4) (actual time=0.037..1470.636 rows=1700125 loops=1)
              Filter: ((kind_id > 1) AND (production_year > 1965))
              Rows Removed by Filter: 828187
Planning time: 0.545 ms
Execution time: 10249.294 ms
