Seq Scan on movie_keyword mk  (cost=0.00..81003.12 rows=46871 width=0) (actual time=627.806..1327.367 rows=43377 loops=1)
  Filter: (keyword_id > 102880)
  Rows Removed by Filter: 4480553
Planning time: 0.642 ms
Execution time: 1334.068 ms
