Hash Join  (cost=150723.94..637116.11 rows=617224 width=0) (actual time=3178.980..16159.908 rows=2460385 loops=1)
  Hash Cond: (mi.movie_id = t.id)
  ->  Seq Scan on movie_info mi  (cost=0.00..309384.22 rows=14739122 width=4) (actual time=0.017..6425.782 rows=14835720 loops=1)
  ->  Hash  (cost=148986.37..148986.37 rows=105886 width=8) (actual time=3178.180..3178.180 rows=164089 loops=1)
        Buckets: 131072 (originally 131072)  Batches: 4 (originally 2)  Memory Usage: 3073kB
        ->  Hash Join  (cost=79366.51..148986.37 rows=105886 width=8) (actual time=1207.717..3118.480 rows=164089 loops=1)
              Hash Cond: (mc.movie_id = t.id)
              ->  Seq Scan on movie_companies mc  (cost=0.00..57926.93 rows=807485 width=4) (actual time=0.031..937.516 rows=503178 loops=1)
                    Filter: ((company_id < 15427) AND (company_type_id = 2))
                    Rows Removed by Filter: 2105951
              ->  Hash  (cost=73925.90..73925.90 rows=331568 width=4) (actual time=1206.862..1206.862 rows=445194 loops=1)
                    Buckets: 131072  Batches: 8  Memory Usage: 2992kB
                    ->  Seq Scan on title t  (cost=0.00..73925.90 rows=331568 width=4) (actual time=0.043..1070.125 rows=445194 loops=1)
                          Filter: ((kind_id < 7) AND (production_year < 1996))
                          Rows Removed by Filter: 2083118
Planning time: 1.179 ms
Execution time: 16445.435 ms
