Seq Scan on movie_companies mc  (cost=0.00..57926.93 rows=6867 width=0) (actual time=309.113..979.932 rows=12787 loops=1)
  Filter: ((company_type_id < 2) AND (company_id = 34))
  Rows Removed by Filter: 2596342
Planning time: 0.434 ms
Execution time: 982.128 ms
