Hash Join  (cost=174865.45..600158.38 rows=1799455 width=0) (actual time=5496.576..13412.459 rows=3414028 loops=1)
  Hash Cond: (mi.movie_id = t.id)
  ->  Seq Scan on movie_info mi  (cost=0.00..346232.03 rows=4972096 width=4) (actual time=1641.679..5985.529 rows=4923966 loops=1)
        Filter: (info_type_id < 5)
        Rows Removed by Filter: 9911754
  ->  Hash  (cost=159851.69..159851.69 rows=915101 width=8) (actual time=3854.040..3854.040 rows=919850 loops=1)
        Buckets: 131072  Batches: 16  Memory Usage: 3282kB
        ->  Hash Join  (cost=102767.86..159851.69 rows=915101 width=8) (actual time=1909.627..3586.800 rows=919850 loops=1)
              Hash Cond: (mi_idx.movie_id = t.id)
              ->  Seq Scan on movie_info_idx mi_idx  (cost=0.00..25185.44 rows=915101 width=4) (actual time=0.030..518.544 rows=919850 loops=1)
                    Filter: (info_type_id < 101)
                    Rows Removed by Filter: 460185
              ->  Hash  (cost=61283.27..61283.27 rows=2528527 width=4) (actual time=1908.455..1908.455 rows=2528312 loops=1)
                    Buckets: 131072  Batches: 64  Memory Usage: 2415kB
                    ->  Seq Scan on title t  (cost=0.00..61283.27 rows=2528527 width=4) (actual time=0.017..1061.884 rows=2528312 loops=1)
Planning time: 1.139 ms
Execution time: 13801.430 ms
