Hash Join  (cost=73963.69..126240.84 rows=277 width=0) (actual time=1487.847..1952.104 rows=17 loops=1)
  Hash Cond: (mc.movie_id = t.id)
  ->  Seq Scan on movie_companies mc  (cost=0.00..51404.11 rows=232070 width=4) (actual time=0.033..822.617 rows=229604 loops=1)
        Filter: (company_id < 92)
        Rows Removed by Filter: 2379525
  ->  Hash  (cost=73925.90..73925.90 rows=3023 width=4) (actual time=1091.282..1091.282 rows=1148 loops=1)
        Buckets: 4096  Batches: 1  Memory Usage: 73kB
        ->  Seq Scan on title t  (cost=0.00..73925.90 rows=3023 width=4) (actual time=675.792..1090.548 rows=1148 loops=1)
              Filter: ((production_year > 2012) AND (kind_id = 4))
              Rows Removed by Filter: 2527164
Planning time: 0.759 ms
Execution time: 1952.207 ms
