Hash Join  (cost=597598.86..2169621.82 rows=43577382 width=0) (actual time=12821.837..57772.195 rows=48387815 loops=1)
  Hash Cond: (ci.movie_id = t.id)
  ->  Seq Scan on cast_info ci  (cost=0.00..614943.12 rows=36225612 width=4) (actual time=0.013..13801.105 rows=36244344 loops=1)
  ->  Hash  (cost=547695.91..547695.91 rows=3041676 width=8) (actual time=12819.822..12819.822 rows=1995996 loops=1)
        Buckets: 131072  Batches: 64  Memory Usage: 2223kB
        ->  Hash Join  (cost=94176.46..547695.91 rows=3041676 width=8) (actual time=2485.186..11959.886 rows=1995996 loops=1)
              Hash Cond: (mi.movie_id = t.id)
              ->  Seq Scan on movie_info mi  (cost=0.00..346232.03 rows=6231111 width=4) (actual time=758.187..6395.601 rows=6223494 loops=1)
                    Filter: (info_type_id > 8)
                    Rows Removed by Filter: 8612226
              ->  Hash  (cost=73925.90..73925.90 rows=1234284 width=4) (actual time=1726.085..1726.085 rows=1316754 loops=1)
                    Buckets: 131072  Batches: 32  Memory Usage: 2482kB
                    ->  Seq Scan on title t  (cost=0.00..73925.90 rows=1234284 width=4) (actual time=250.218..1289.639 rows=1316754 loops=1)
                          Filter: ((production_year > 1974) AND (kind_id = 7))
                          Rows Removed by Filter: 1211558
Planning time: 1.141 ms
Execution time: 63173.888 ms
