Hash Join  (cost=193012.53..590048.42 rows=1159314 width=0) (actual time=5920.040..12164.325 rows=1279983 loops=1)
  Hash Cond: (mi.movie_id = t.id)
  ->  Seq Scan on movie_info mi  (cost=0.00..346232.03 rows=3068194 width=4) (actual time=1137.434..5540.827 rows=3036719 loops=1)
        Filter: (info_type_id = 16)
        Rows Removed by Filter: 11799001
  ->  Hash  (cost=177337.01..177337.01 rows=955401 width=8) (actual time=4781.373..4781.373 rows=548394 loops=1)
        Buckets: 131072  Batches: 16  Memory Usage: 2350kB
        ->  Hash Join  (cost=89116.48..177337.01 rows=955401 width=8) (actual time=2138.542..4610.552 rows=548394 loops=1)
              Hash Cond: (mc.movie_id = t.id)
              ->  Seq Scan on movie_companies mc  (cost=0.00..44881.29 rows=2609129 width=4) (actual time=0.028..878.153 rows=2609129 loops=1)
              ->  Hash  (cost=73925.90..73925.90 rows=925886 width=4) (actual time=2137.508..2137.508 rows=1011017 loops=1)
                    Buckets: 131072  Batches: 16  Memory Usage: 3254kB
                    ->  Seq Scan on title t  (cost=0.00..73925.90 rows=925886 width=4) (actual time=0.017..1401.609 rows=1011017 loops=1)
                          Filter: ((kind_id > 2) AND (production_year > 2001))
                          Rows Removed by Filter: 1517295
Planning time: 1.203 ms
Execution time: 12321.547 ms
