Hash Join  (cost=85544.64..145131.48 rows=105589 width=0) (actual time=1768.625..2951.396 rows=87571 loops=1)
  Hash Cond: (mc.movie_id = t.id)
  ->  Seq Scan on movie_companies mc  (cost=0.00..51404.11 rows=377022 width=4) (actual time=0.025..844.425 rows=376622 loops=1)
        Filter: (company_id < 225)
        Rows Removed by Filter: 2232507
  ->  Hash  (cost=73925.90..73925.90 rows=708139 width=4) (actual time=1767.077..1767.077 rows=762719 loops=1)
        Buckets: 131072  Batches: 16  Memory Usage: 2705kB
        ->  Seq Scan on title t  (cost=0.00..73925.90 rows=708139 width=4) (actual time=0.020..1516.629 rows=762719 loops=1)
              Filter: ((kind_id > 2) AND (production_year > 2005))
              Rows Removed by Filter: 1765593
Planning time: 0.752 ms
Execution time: 2962.780 ms
