Hash Join  (cost=102767.86..194408.01 rows=990475 width=0) (actual time=1973.715..4057.207 rows=849193 loops=1)
  Hash Cond: (mc.movie_id = t.id)
  ->  Seq Scan on movie_companies mc  (cost=0.00..57926.93 rows=990475 width=4) (actual time=0.028..1030.210 rows=849193 loops=1)
        Filter: ((company_id > 666) AND (company_type_id = 1))
        Rows Removed by Filter: 1759936
  ->  Hash  (cost=61283.27..61283.27 rows=2528527 width=4) (actual time=1971.904..1971.904 rows=2528312 loops=1)
        Buckets: 131072  Batches: 64  Memory Usage: 2415kB
        ->  Seq Scan on title t  (cost=0.00..61283.27 rows=2528527 width=4) (actual time=0.029..1109.699 rows=2528312 loops=1)
Planning time: 0.726 ms
Execution time: 4160.467 ms
