Hash Join  (cost=259914.99..1585900.41 rows=24034626 width=0) (actual time=6757.927..44056.792 rows=23793245 loops=1)
  Hash Cond: (ci.movie_id = t.id)
  ->  Seq Scan on cast_info ci  (cost=0.00..614943.12 rows=36225612 width=4) (actual time=0.013..13026.622 rows=36244344 loops=1)
  ->  Hash  (cost=232390.95..232390.95 rows=1677603 width=8) (actual time=6756.507..6756.507 rows=819888 loops=1)
        Buckets: 131072  Batches: 32  Memory Usage: 2024kB
        ->  Hash Join  (cost=98137.04..232390.95 rows=1677603 width=8) (actual time=2662.248..6487.789 rows=819888 loops=1)
              Hash Cond: (mk.movie_id = t.id)
              ->  Seq Scan on movie_keyword mk  (cost=0.00..81003.12 rows=2279352 width=4) (actual time=0.015..1574.404 rows=2279395 loops=1)
                    Filter: (keyword_id > 4619)
                    Rows Removed by Filter: 2244535
              ->  Hash  (cost=67604.59..67604.59 rows=1860996 width=4) (actual time=2661.454..2661.454 rows=1865487 loops=1)
                    Buckets: 131072  Batches: 32  Memory Usage: 3085kB
                    ->  Seq Scan on title t  (cost=0.00..67604.59 rows=1860996 width=4) (actual time=0.015..1381.846 rows=1865487 loops=1)
                          Filter: (kind_id > 1)
                          Rows Removed by Filter: 662825
Planning time: 1.514 ms
Execution time: 46824.161 ms
