Nested Loop  (cost=0.43..83071.67 rows=246 width=0) (actual time=1.357..1311.944 rows=696 loops=1)
  ->  Seq Scan on movie_keyword mk  (cost=0.00..81003.12 rows=246 width=4) (actual time=1.288..1286.858 rows=696 loops=1)
        Filter: (keyword_id = 5058)
        Rows Removed by Filter: 4523234
  ->  Index Only Scan using title_pkey on title t  (cost=0.43..8.40 rows=1 width=4) (actual time=0.034..0.034 rows=1 loops=696)
        Index Cond: (id = mk.movie_id)
        Heap Fetches: 696
Planning time: 0.734 ms
Execution time: 1312.285 ms
