Hash Join  (cost=92883.59..1090370.59 rows=6297792 width=0) (actual time=1780.385..28996.976 rows=9718437 loops=1)
  Hash Cond: (ci.movie_id = t.id)
  ->  Seq Scan on cast_info ci  (cost=0.00..796071.18 rows=10334980 width=4) (actual time=0.047..16079.765 rows=16060235 loops=1)
        Filter: ((person_id > 2028004) AND (role_id > 1))
        Rows Removed by Filter: 20184109
  ->  Hash  (cost=67604.59..67604.59 rows=1540800 width=4) (actual time=1779.475..1779.475 rows=1543264 loops=1)
        Buckets: 131072  Batches: 32  Memory Usage: 2722kB
        ->  Seq Scan on title t  (cost=0.00..67604.59 rows=1540800 width=4) (actual time=188.284..1293.451 rows=1543264 loops=1)
              Filter: (kind_id = 7)
              Rows Removed by Filter: 985048
Planning time: 0.819 ms
Execution time: 30059.992 ms
