Hash Join  (cost=96651.52..221903.02 rows=1319212 width=0) (actual time=1865.160..4884.853 rows=636189 loops=1)
  Hash Cond: (mk.movie_id = t.id)
  ->  Seq Scan on movie_keyword mk  (cost=0.00..81003.12 rows=1884050 width=4) (actual time=0.015..1654.889 rows=1889961 loops=1)
        Filter: (keyword_id > 7207)
        Rows Removed by Filter: 2633969
  ->  Hash  (cost=67604.59..67604.59 rows=1770475 width=4) (actual time=1862.694..1862.694 rows=1774635 loops=1)
        Buckets: 131072  Batches: 32  Memory Usage: 2984kB
        ->  Seq Scan on title t  (cost=0.00..67604.59 rows=1770475 width=4) (actual time=0.021..1289.514 rows=1774635 loops=1)
              Filter: (kind_id > 2)
              Rows Removed by Filter: 753677
Planning time: 0.688 ms
Execution time: 4963.529 ms
