Seq Scan on cast_info ci  (cost=0.00..796071.18 rows=239668 width=0) (actual time=5897.557..11282.114 rows=193401 loops=1)
  Filter: ((person_id < 1167610) AND (role_id = 6))
  Rows Removed by Filter: 36050943
Planning time: 0.406 ms
Execution time: 11306.505 ms
