Seq Scan on cast_info ci  (cost=0.00..796071.18 rows=13818914 width=0) (actual time=0.014..15928.690 rows=14672209 loops=1)
  Filter: ((person_id > 506341) AND (role_id > 2))
  Rows Removed by Filter: 21572135
Planning time: 0.350 ms
Execution time: 17710.307 ms
