Hash Join  (cost=122145.31..609973.83 rows=751858 width=0) (actual time=2562.194..17201.309 rows=4974271 loops=1)
  Hash Cond: (mi.movie_id = t.id)
  ->  Seq Scan on movie_info mi  (cost=0.00..309384.22 rows=14739122 width=4) (actual time=0.013..6083.326 rows=14835720 loops=1)
  ->  Hash  (cost=120029.03..120029.03 rows=128983 width=8) (actual time=2561.406..2561.406 rows=266357 loops=1)
        Buckets: 131072 (originally 131072)  Batches: 4 (originally 2)  Memory Usage: 3640kB
        ->  Hash Join  (cost=85435.26..120029.03 rows=128983 width=8) (actual time=1508.160..2469.384 rows=266357 loops=1)
              Hash Cond: (mi_idx.movie_id = t.id)
              ->  Seq Scan on movie_info_idx mi_idx  (cost=0.00..25185.44 rows=464934 width=4) (actual time=0.026..510.401 rows=460185 loops=1)
                    Filter: (info_type_id > 100)
                    Rows Removed by Filter: 919850
              ->  Hash  (cost=73925.90..73925.90 rows=701468 width=4) (actual time=1507.364..1507.364 rows=749931 loops=1)
                    Buckets: 131072  Batches: 16  Memory Usage: 2673kB
                    ->  Seq Scan on title t  (cost=0.00..73925.90 rows=701468 width=4) (actual time=0.019..1280.148 rows=749931 loops=1)
                          Filter: ((kind_id < 7) AND (production_year < 2009))
                          Rows Removed by Filter: 1778381
Planning time: 1.177 ms
Execution time: 17834.761 ms
