Hash Join  (cost=210302.01..1388587.75 rows=14064757 width=0) (actual time=4346.981..45339.594 rows=32597495 loops=1)
  Hash Cond: (ci.movie_id = t.id)
  ->  Seq Scan on cast_info ci  (cost=0.00..614943.12 rows=36225612 width=4) (actual time=0.025..13228.708 rows=36244344 loops=1)
  ->  Hash  (cost=194195.61..194195.61 rows=981712 width=8) (actual time=4345.910..4345.910 rows=838456 loops=1)
        Buckets: 131072  Batches: 16  Memory Usage: 3054kB
        ->  Hash Join  (cost=102767.86..194195.61 rows=981712 width=8) (actual time=1861.525..4100.485 rows=838456 loops=1)
              Hash Cond: (mc.movie_id = t.id)
              ->  Seq Scan on movie_companies mc  (cost=0.00..57926.93 rows=981712 width=4) (actual time=0.024..1136.840 rows=838456 loops=1)
                    Filter: ((company_id > 699) AND (company_type_id < 2))
                    Rows Removed by Filter: 1770673
              ->  Hash  (cost=61283.27..61283.27 rows=2528527 width=4) (actual time=1860.846..1860.846 rows=2528312 loops=1)
                    Buckets: 131072  Batches: 64  Memory Usage: 2415kB
                    ->  Seq Scan on title t  (cost=0.00..61283.27 rows=2528527 width=4) (actual time=0.018..1025.677 rows=2528312 loops=1)
Planning time: 1.376 ms
Execution time: 49051.461 ms
