Hash Join  (cost=82272.69..817191.71 rows=406427 width=0) (actual time=5065.895..13461.920 rows=438801 loops=1)
  Hash Cond: (ci.movie_id = t.id)
  ->  Seq Scan on cast_info ci  (cost=0.00..705507.15 rows=2020158 width=4) (actual time=3811.460..11029.104 rows=2060117 loops=1)
        Filter: (person_id > 3658305)
        Rows Removed by Filter: 34184227
  ->  Hash  (cost=73925.90..73925.90 rows=508703 width=4) (actual time=1253.507..1253.507 rows=377920 loops=1)
        Buckets: 131072  Batches: 8  Memory Usage: 2692kB
        ->  Seq Scan on title t  (cost=0.00..73925.90 rows=508703 width=4) (actual time=488.025..1138.416 rows=377920 loops=1)
              Filter: ((production_year > 1981) AND (kind_id = 1))
              Rows Removed by Filter: 2150392
Planning time: 0.652 ms
Execution time: 13516.068 ms
