Seq Scan on movie_keyword mk  (cost=0.00..81003.12 rows=1546158 width=0) (actual time=0.025..1541.197 rows=1560982 loops=1)
  Filter: (keyword_id > 10071)
  Rows Removed by Filter: 2962948
Planning time: 0.317 ms
Execution time: 1734.816 ms
