Seq Scan on cast_info ci  (cost=0.00..796071.18 rows=276 width=0) (actual time=10865.499..13147.926 rows=1 loops=1)
  Filter: ((role_id < 3) AND (person_id = 306061))
  Rows Removed by Filter: 36244343
Planning time: 0.416 ms
Execution time: 13148.031 ms
