Hash Join  (cost=78230.90..118380.53 rows=143214 width=0) (actual time=1348.992..2335.835 rows=53958 loops=1)
  Hash Cond: (mi_idx.movie_id = t.id)
  ->  Seq Scan on movie_info_idx mi_idx  (cost=0.00..21735.35 rows=1380035 width=4) (actual time=0.022..457.548 rows=1380035 loops=1)
  ->  Hash  (cost=73925.90..73925.90 rows=262400 width=4) (actual time=1345.506..1345.506 rows=129927 loops=1)
        Buckets: 131072  Batches: 4  Memory Usage: 2165kB
        ->  Seq Scan on title t  (cost=0.00..73925.90 rows=262400 width=4) (actual time=0.025..1291.033 rows=129927 loops=1)
              Filter: ((kind_id > 1) AND (production_year < 1969))
              Rows Removed by Filter: 2398385
Planning time: 0.735 ms
Execution time: 2342.439 ms
