Nested Loop  (cost=0.43..797555.70 rows=176 width=0) (actual time=2739.931..11237.394 rows=123 loops=1)
  ->  Seq Scan on cast_info ci  (cost=0.00..796071.18 rows=176 width=4) (actual time=2739.780..11235.361 rows=123 loops=1)
        Filter: ((person_id = 881623) AND (role_id = 1))
        Rows Removed by Filter: 36244221
  ->  Index Only Scan using title_pkey on title t  (cost=0.43..8.42 rows=1 width=4) (actual time=0.015..0.015 rows=1 loops=123)
        Index Cond: (id = ci.movie_id)
        Heap Fetches: 123
Planning time: 0.777 ms
Execution time: 11237.494 ms
