Hash Join  (cost=102767.86..203760.79 rows=1650266 width=0) (actual time=1982.046..4820.014 rows=1650013 loops=1)
  Hash Cond: (mc.movie_id = t.id)
  ->  Seq Scan on movie_companies mc  (cost=0.00..51404.11 rows=1650266 width=4) (actual time=0.030..1143.678 rows=1650013 loops=1)
        Filter: (company_id > 3889)
        Rows Removed by Filter: 959116
  ->  Hash  (cost=61283.27..61283.27 rows=2528527 width=4) (actual time=1981.113..1981.113 rows=2528312 loops=1)
        Buckets: 131072  Batches: 64  Memory Usage: 2415kB
        ->  Seq Scan on title t  (cost=0.00..61283.27 rows=2528527 width=4) (actual time=0.029..1161.995 rows=2528312 loops=1)
Planning time: 0.741 ms
Execution time: 5009.591 ms
