Seq Scan on movie_keyword mk  (cost=0.00..81003.12 rows=107999 width=0) (actual time=0.017..1206.521 rows=107403 loops=1)
  Filter: (keyword_id > 80664)
  Rows Removed by Filter: 4416527
Planning time: 0.271 ms
Execution time: 1221.595 ms
