Seq Scan on movie_companies mc  (cost=0.00..51404.11 rows=100773 width=0) (actual time=12.275..784.319 rows=101635 loops=1)
  Filter: (company_id > 156583)
  Rows Removed by Filter: 2507494
Planning time: 2.190 ms
Execution time: 797.709 ms
