Hash Join  (cost=80988.46..824457.97 rows=465599 width=0) (actual time=4714.733..15202.566 rows=579640 loops=1)
  Hash Cond: (ci.movie_id = t.id)
  ->  Seq Scan on cast_info ci  (cost=0.00..705507.15 rows=2735034 width=4) (actual time=3346.637..12296.382 rows=2728943 loops=1)
        Filter: (role_id = 4)
        Rows Removed by Filter: 33515401
  ->  Hash  (cost=73925.90..73925.90 rows=430444 width=4) (actual time=1366.968..1366.968 rows=527346 loops=1)
        Buckets: 131072  Batches: 8  Memory Usage: 3354kB
        ->  Seq Scan on title t  (cost=0.00..73925.90 rows=430444 width=4) (actual time=0.021..1198.487 rows=527346 loops=1)
              Filter: ((kind_id < 4) AND (production_year < 2004))
              Rows Removed by Filter: 2000966
Planning time: 0.775 ms
Execution time: 15272.543 ms
