Seq Scan on cast_info ci  (cost=0.00..705507.15 rows=7979326 width=0) (actual time=237.412..11811.250 rows=7860132 loops=1)
  Filter: (person_id < 766036)
  Rows Removed by Filter: 28384212
Planning time: 0.375 ms
Execution time: 12763.778 ms
