Hash Join  (cost=796172.82..850838.46 rows=12 width=0) (actual time=9370.929..10212.840 rows=11 loops=1)
  Hash Cond: (mc.movie_id = t.id)
  ->  Seq Scan on movie_companies mc  (cost=0.00..44881.29 rows=2609129 width=4) (actual time=0.028..626.079 rows=2609129 loops=1)
  ->  Hash  (cost=796172.67..796172.67 rows=12 width=8) (actual time=9113.034..9113.034 rows=10 loops=1)
        Buckets: 1024  Batches: 1  Memory Usage: 9kB
        ->  Nested Loop  (cost=0.43..796172.67 rows=12 width=8) (actual time=3208.371..9113.016 rows=10 loops=1)
              ->  Seq Scan on cast_info ci  (cost=0.00..796071.18 rows=12 width=4) (actual time=3208.236..9112.670 rows=10 loops=1)
                    Filter: ((person_id = 1247624) AND (role_id = 5))
                    Rows Removed by Filter: 36244334
              ->  Index Only Scan using title_pkey on title t  (cost=0.43..8.45 rows=1 width=4) (actual time=0.028..0.029 rows=1 loops=10)
                    Index Cond: (id = ci.movie_id)
                    Heap Fetches: 10
Planning time: 1.275 ms
Execution time: 10212.951 ms
