Hash Join  (cost=263115.61..1270872.77 rows=8527660 width=0) (actual time=6321.610..30840.768 rows=20052767 loops=1)
  Hash Cond: (ci.movie_id = t.id)
  ->  Seq Scan on cast_info ci  (cost=0.00..796071.18 rows=8264221 width=4) (actual time=0.016..13554.058 rows=9228696 loops=1)
        Filter: ((person_id < 1009684) AND (role_id < 8))
        Rows Removed by Filter: 27015648
  ->  Hash  (cost=220309.49..220309.49 rows=2609129 width=8) (actual time=6320.656..6320.656 rows=2609129 loops=1)
        Buckets: 131072  Batches: 64  Memory Usage: 2610kB
        ->  Hash Join  (cost=102767.86..220309.49 rows=2609129 width=8) (actual time=1917.393..5545.031 rows=2609129 loops=1)
              Hash Cond: (mc.movie_id = t.id)
              ->  Seq Scan on movie_companies mc  (cost=0.00..44881.29 rows=2609129 width=4) (actual time=0.023..1055.356 rows=2609129 loops=1)
              ->  Hash  (cost=61283.27..61283.27 rows=2528527 width=4) (actual time=1916.105..1916.105 rows=2528312 loops=1)
                    Buckets: 131072  Batches: 64  Memory Usage: 2415kB
                    ->  Seq Scan on title t  (cost=0.00..61283.27 rows=2528527 width=4) (actual time=0.020..1102.507 rows=2528312 loops=1)
Planning time: 1.144 ms
Execution time: 33221.213 ms
