Hash Join  (cost=831537.98..896704.74 rows=126735 width=0) (actual time=14370.109..15926.046 rows=330958 loops=1)
  Hash Cond: (mc.movie_id = t.id)
  ->  Seq Scan on movie_companies mc  (cost=0.00..51404.11 rows=968878 width=4) (actual time=0.016..977.488 rows=981292 loops=1)
        Filter: (company_id > 17385)
        Rows Removed by Filter: 1627837
  ->  Hash  (cost=826111.65..826111.65 rows=330747 width=8) (actual time=14369.298..14369.298 rows=359470 loops=1)
        Buckets: 131072  Batches: 8  Memory Usage: 2757kB
        ->  Hash Join  (cost=102767.86..826111.65 rows=330747 width=8) (actual time=2544.687..14262.713 rows=359470 loops=1)
              Hash Cond: (ci.movie_id = t.id)
              ->  Seq Scan on cast_info ci  (cost=0.00..705507.15 rows=330747 width=4) (actual time=572.867..11585.959 rows=359470 loops=1)
                    Filter: (person_id > 3995810)
                    Rows Removed by Filter: 35884874
              ->  Hash  (cost=61283.27..61283.27 rows=2528527 width=4) (actual time=1970.770..1970.770 rows=2528312 loops=1)
                    Buckets: 131072  Batches: 64  Memory Usage: 2415kB
                    ->  Seq Scan on title t  (cost=0.00..61283.27 rows=2528527 width=4) (actual time=0.023..1151.725 rows=2528312 loops=1)
Planning time: 1.199 ms
Execution time: 15966.392 ms
