Hash Join  (cost=209964.01..718572.51 rows=972665 width=0) (actual time=4248.684..15692.998 rows=206001 loops=1)
  Hash Cond: (mi.movie_id = t.id)
  ->  Seq Scan on movie_info mi  (cost=0.00..309384.22 rows=14739122 width=4) (actual time=0.009..6142.569 rows=14835720 loops=1)
  ->  Hash  (cost=207226.22..207226.22 rows=166863 width=8) (actual time=4241.564..4241.564 rows=29310 loops=1)
        Buckets: 131072  Batches: 4  Memory Usage: 1309kB
        ->  Hash Join  (cost=75574.02..207226.22 rows=166863 width=8) (actual time=2213.830..4231.079 rows=29310 loops=1)
              Hash Cond: (mk.movie_id = t.id)
              ->  Seq Scan on movie_keyword mk  (cost=0.00..81003.12 rows=4201987 width=4) (actual time=0.018..1698.248 rows=4183354 loops=1)
                    Filter: (keyword_id > 282)
                    Rows Removed by Filter: 340576
              ->  Hash  (cost=73925.90..73925.90 rows=100409 width=4) (actual time=1318.781..1318.781 rows=110402 loops=1)
                    Buckets: 131072  Batches: 2  Memory Usage: 2970kB
                    ->  Seq Scan on title t  (cost=0.00..73925.90 rows=100409 width=4) (actual time=340.709..1276.062 rows=110402 loops=1)
                          Filter: ((kind_id = 7) AND (production_year = 2012))
                          Rows Removed by Filter: 2417910
Planning time: 1.131 ms
Execution time: 15715.061 ms
