Hash Join  (cost=100840.70..465502.17 rows=553 width=0) (actual time=2019.948..8434.814 rows=39 loops=1)
  Hash Cond: (mi.movie_id = t.id)
  ->  Seq Scan on movie_info mi  (cost=0.00..309384.22 rows=14739122 width=4) (actual time=0.016..4149.966 rows=14835720 loops=1)
  ->  Hash  (cost=100839.51..100839.51 rows=95 width=8) (actual time=1759.431..1759.431 rows=3 loops=1)
        Buckets: 1024  Batches: 1  Memory Usage: 9kB
        ->  Hash Join  (cost=73928.08..100839.51 rows=95 width=8) (actual time=1724.796..1759.375 rows=3 loops=1)
              Hash Cond: (mi_idx.movie_id = t.id)
              ->  Seq Scan on movie_info_idx mi_idx  (cost=0.00..21735.35 rows=1380035 width=4) (actual time=0.023..308.501 rows=1380035 loops=1)
              ->  Hash  (cost=73925.90..73925.90 rows=174 width=4) (actual time=1179.394..1179.394 rows=3217 loops=1)
                    Buckets: 4096 (originally 1024)  Batches: 1 (originally 1)  Memory Usage: 146kB
                    ->  Seq Scan on title t  (cost=0.00..73925.90 rows=174 width=4) (actual time=0.656..1177.845 rows=3217 loops=1)
                          Filter: ((production_year > 2013) AND (kind_id = 1))
                          Rows Removed by Filter: 2525095
Planning time: 1.137 ms
Execution time: 8435.014 ms
