Hash Join  (cost=93843.90..162841.99 rows=185629 width=0) (actual time=2065.914..3379.919 rows=96199 loops=1)
  Hash Cond: (mc.movie_id = t.id)
  ->  Seq Scan on movie_companies mc  (cost=0.00..57926.93 rows=386629 width=4) (actual time=12.629..938.081 rows=223175 loops=1)
        Filter: ((company_id < 1475) AND (company_type_id = 2))
        Rows Removed by Filter: 2385954
  ->  Hash  (cost=73925.90..73925.90 rows=1214000 width=4) (actual time=2052.382..2052.382 rows=1328829 loops=1)
        Buckets: 131072  Batches: 16  Memory Usage: 3951kB
        ->  Seq Scan on title t  (cost=0.00..73925.90 rows=1214000 width=4) (actual time=0.024..1389.417 rows=1328829 loops=1)
              Filter: ((kind_id > 1) AND (production_year > 1994))
              Rows Removed by Filter: 1199483
Planning time: 0.734 ms
Execution time: 3391.549 ms
