Hash Join  (cost=125285.48..237512.26 rows=80615 width=0) (actual time=2814.207..5622.807 rows=50695 loops=1)
  Hash Cond: (mk.movie_id = t.id)
  ->  Seq Scan on movie_keyword mk  (cost=0.00..81003.12 rows=2604137 width=4) (actual time=0.018..1681.040 rows=2592293 loops=1)
        Filter: (keyword_id < 6914)
        Rows Removed by Filter: 1931637
  ->  Hash  (cost=124001.05..124001.05 rows=78274 width=8) (actual time=2811.906..2811.906 rows=142122 loops=1)
        Buckets: 131072  Batches: 2  Memory Usage: 3807kB
        ->  Hash Join  (cost=68552.79..124001.05 rows=78274 width=8) (actual time=1262.546..2755.919 rows=142122 loops=1)
              Hash Cond: (mc.movie_id = t.id)
              ->  Seq Scan on movie_companies mc  (cost=0.00..44881.29 rows=2609129 width=4) (actual time=0.026..695.406 rows=2609129 loops=1)
              ->  Hash  (cost=67604.59..67604.59 rows=75856 width=4) (actual time=1261.811..1261.811 rows=73352 loops=1)
                    Buckets: 131072  Batches: 1  Memory Usage: 3603kB
                    ->  Seq Scan on title t  (cost=0.00..67604.59 rows=75856 width=4) (actual time=0.022..1233.545 rows=73352 loops=1)
                          Filter: (production_year < 1917)
                          Rows Removed by Filter: 2454960
Planning time: 1.196 ms
Execution time: 5632.045 ms
