Hash Join  (cost=97725.07..205538.29 rows=710280 width=0) (actual time=1870.409..4329.188 rows=634036 loops=1)
  Hash Cond: (mk.movie_id = t.id)
  ->  Seq Scan on movie_keyword mk  (cost=0.00..81003.12 rows=978258 width=4) (actual time=0.017..1493.514 rows=982117 loops=1)
        Filter: (keyword_id > 18871)
        Rows Removed by Filter: 3541813
  ->  Hash  (cost=67604.59..67604.59 rows=1835879 width=4) (actual time=1869.071..1869.071 rows=1833367 loops=1)
        Buckets: 131072  Batches: 32  Memory Usage: 3053kB
        ->  Seq Scan on title t  (cost=0.00..67604.59 rows=1835879 width=4) (actual time=0.013..1271.681 rows=1833367 loops=1)
              Filter: (production_year > 1986)
              Rows Removed by Filter: 694945
Planning time: 3.038 ms
Execution time: 4406.937 ms
