Seq Scan on title t  (cost=0.00..67604.59 rows=9103 width=0) (actual time=0.089..1070.467 rows=7688 loops=1)
  Filter: (production_year < 1901)
  Rows Removed by Filter: 2520624
Planning time: 0.315 ms
Execution time: 1072.164 ms
