Hash Join  (cost=74346.17..813803.78 rows=116259 width=0) (actual time=5592.901..14719.201 rows=142491 loops=1)
  Hash Cond: (ci.movie_id = t.id)
  ->  Seq Scan on cast_info ci  (cost=0.00..705507.15 rows=8743432 width=4) (actual time=4812.218..11501.094 rows=8750188 loops=1)
        Filter: (person_id > 2815997)
        Rows Removed by Filter: 27494156
  ->  Hash  (cost=73925.90..73925.90 rows=33621 width=4) (actual time=780.205..780.205 rows=28104 loops=1)
        Buckets: 65536  Batches: 1  Memory Usage: 1501kB
        ->  Seq Scan on title t  (cost=0.00..73925.90 rows=33621 width=4) (actual time=83.050..770.726 rows=28104 loops=1)
              Filter: ((kind_id = 1) AND (production_year = 2009))
              Rows Removed by Filter: 2500208
Planning time: 0.534 ms
Execution time: 14742.295 ms
