Hash Join  (cost=75533.21..424356.53 rows=7156 width=0) (actual time=6232.404..6874.339 rows=1458 loops=1)
  Hash Cond: (mi.movie_id = t.id)
  ->  Seq Scan on movie_info mi  (cost=0.00..346232.03 rows=184730 width=4) (actual time=4816.938..5377.038 rows=180112 loops=1)
        Filter: (info_type_id = 13)
        Rows Removed by Filter: 14655608
  ->  Hash  (cost=73925.90..73925.90 rows=97944 width=4) (actual time=1400.198..1400.198 rows=106247 loops=1)
        Buckets: 131072  Batches: 2  Memory Usage: 2896kB
        ->  Seq Scan on title t  (cost=0.00..73925.90 rows=97944 width=4) (actual time=180.301..1357.419 rows=106247 loops=1)
              Filter: ((kind_id = 7) AND (production_year = 2011))
              Rows Removed by Filter: 2422065
Planning time: 0.771 ms
Execution time: 6874.630 ms
