Seq Scan on cast_info ci  (cost=0.00..796071.18 rows=18909447 width=0) (actual time=0.030..17842.539 rows=20122661 loops=1)
  Filter: ((person_id < 3658904) AND (role_id < 3))
  Rows Removed by Filter: 16121683
Planning time: 0.358 ms
Execution time: 20291.370 ms
