Seq Scan on movie_companies mc  (cost=0.00..57926.93 rows=500258 width=0) (actual time=79.597..1014.421 rows=292618 loops=1)
  Filter: ((company_id < 4437) AND (company_type_id > 1))
  Rows Removed by Filter: 2316511
Planning time: 0.392 ms
Execution time: 1054.093 ms
