Seq Scan on movie_keyword mk  (cost=0.00..81003.12 rows=246 width=0) (actual time=7.793..1224.202 rows=119 loops=1)
  Filter: (keyword_id = 14419)
  Rows Removed by Filter: 4523811
Planning time: 6.378 ms
Execution time: 1224.415 ms
