Hash Join  (cost=83074.74..109986.57 rows=134 width=0) (actual time=1375.871..1934.934 rows=13200 loops=1)
  Hash Cond: (mi_idx.movie_id = t.id)
  ->  Seq Scan on movie_info_idx mi_idx  (cost=0.00..21735.35 rows=1380035 width=4) (actual time=0.013..300.622 rows=1380035 loops=1)
  ->  Hash  (cost=83071.67..83071.67 rows=246 width=8) (actual time=1373.522..1373.522 rows=4655 loops=1)
        Buckets: 8192 (originally 1024)  Batches: 1 (originally 1)  Memory Usage: 246kB
        ->  Nested Loop  (cost=0.43..83071.67 rows=246 width=8) (actual time=0.111..1370.457 rows=4655 loops=1)
              ->  Seq Scan on movie_keyword mk  (cost=0.00..81003.12 rows=246 width=4) (actual time=0.067..1228.549 rows=4655 loops=1)
                    Filter: (keyword_id = 1515)
                    Rows Removed by Filter: 4519275
              ->  Index Only Scan using title_pkey on title t  (cost=0.43..8.40 rows=1 width=4) (actual time=0.029..0.030 rows=1 loops=4655)
                    Index Cond: (id = mk.movie_id)
                    Heap Fetches: 4655
Planning time: 0.952 ms
Execution time: 1936.829 ms
