Hash Join  (cost=797557.90..852225.24 rows=182 width=0) (actual time=11940.818..13147.848 rows=580 loops=1)
  Hash Cond: (mc.movie_id = t.id)
  ->  Seq Scan on movie_companies mc  (cost=0.00..44881.29 rows=2609129 width=4) (actual time=0.020..722.651 rows=2609129 loops=1)
  ->  Hash  (cost=797555.70..797555.70 rows=176 width=8) (actual time=11937.966..11937.966 rows=385 loops=1)
        Buckets: 1024  Batches: 1  Memory Usage: 24kB
        ->  Nested Loop  (cost=0.43..797555.70 rows=176 width=8) (actual time=4590.884..11937.861 rows=385 loops=1)
              ->  Seq Scan on cast_info ci  (cost=0.00..796071.18 rows=176 width=4) (actual time=4590.796..11933.986 rows=385 loops=1)
                    Filter: ((role_id < 2) AND (person_id = 1362114))
                    Rows Removed by Filter: 36243959
              ->  Index Only Scan using title_pkey on title t  (cost=0.43..8.42 rows=1 width=4) (actual time=0.009..0.010 rows=1 loops=385)
                    Index Cond: (id = ci.movie_id)
                    Heap Fetches: 385
Planning time: 1.215 ms
Execution time: 13148.080 ms
