Seq Scan on movie_keyword mk  (cost=0.00..81003.12 rows=430129 width=0) (actual time=0.020..1148.765 rows=425133 loops=1)
  Filter: (keyword_id > 41126)
  Rows Removed by Filter: 4098797
Planning time: 0.678 ms
Execution time: 1198.850 ms
