Seq Scan on movie_companies mc  (cost=0.00..57926.93 rows=989658 width=0) (actual time=0.349..1054.663 rows=1148598 loops=1)
  Filter: ((company_id > 966) AND (company_type_id > 1))
  Rows Removed by Filter: 1460531
Planning time: 0.378 ms
Execution time: 1201.414 ms
