Hash Join  (cost=941965.31..1066787.47 rows=890765 width=0) (actual time=16199.671..19810.701 rows=2241558 loops=1)
  Hash Cond: (mk.movie_id = t.id)
  ->  Seq Scan on movie_keyword mk  (cost=0.00..81003.12 rows=2741703 width=4) (actual time=0.017..1636.353 rows=2733297 loops=1)
        Filter: (keyword_id < 7768)
        Rows Removed by Filter: 1790633
  ->  Hash  (cost=928486.49..928486.49 rows=821505 width=8) (actual time=16198.496..16198.496 rows=1307289 loops=1)
        Buckets: 131072 (originally 131072)  Batches: 32 (originally 16)  Memory Usage: 3073kB
        ->  Hash Join  (cost=102767.86..928486.49 rows=821505 width=8) (actual time=2586.384..15834.959 rows=1307289 loops=1)
              Hash Cond: (ci.movie_id = t.id)
              ->  Seq Scan on cast_info ci  (cost=0.00..796071.18 rows=821505 width=4) (actual time=675.483..12249.514 rows=1307289 loops=1)
                    Filter: ((person_id > 2617783) AND (role_id = 4))
                    Rows Removed by Filter: 34937055
              ->  Hash  (cost=61283.27..61283.27 rows=2528527 width=4) (actual time=1908.404..1908.404 rows=2528312 loops=1)
                    Buckets: 131072  Batches: 64  Memory Usage: 2415kB
                    ->  Seq Scan on title t  (cost=0.00..61283.27 rows=2528527 width=4) (actual time=0.019..1076.732 rows=2528312 loops=1)
Planning time: 1.135 ms
Execution time: 20061.380 ms
