Hash Join  (cost=490750.44..635300.14 rows=1850667 width=0) (actual time=9014.601..13171.313 rows=3197300 loops=1)
  Hash Cond: (mk.movie_id = t.id)
  ->  Seq Scan on movie_keyword mk  (cost=0.00..69693.30 rows=4523930 width=4) (actual time=0.011..1417.018 rows=4523930 loops=1)
  ->  Hash  (cost=473779.69..473779.69 rows=1034380 width=8) (actual time=9013.364..9013.364 rows=922150 loops=1)
        Buckets: 131072  Batches: 16  Memory Usage: 3275kB
        ->  Hash Join  (cost=88295.76..473779.69 rows=1034380 width=8) (actual time=4114.710..8742.809 rows=922150 loops=1)
              Hash Cond: (mi.movie_id = t.id)
              ->  Seq Scan on movie_info mi  (cost=0.00..346232.03 rows=2073893 width=4) (actual time=2522.210..5650.994 rows=2091068 loops=1)
                    Filter: (info_type_id < 3)
                    Rows Removed by Filter: 12744652
              ->  Hash  (cost=67604.59..67604.59 rows=1261134 width=4) (actual time=1591.614..1591.614 rows=1260295 loops=1)
                    Buckets: 131072  Batches: 32  Memory Usage: 2420kB
                    ->  Seq Scan on title t  (cost=0.00..67604.59 rows=1261134 width=4) (actual time=0.023..1169.541 rows=1260295 loops=1)
                          Filter: (production_year > 2002)
                          Rows Removed by Filter: 1268017
Planning time: 0.757 ms
Execution time: 13530.217 ms
