Nested Loop  (cost=0.43..52283.69 rows=104 width=0) (actual time=207.784..700.132 rows=417 loops=1)
  ->  Seq Scan on movie_companies mc  (cost=0.00..51404.11 rows=104 width=4) (actual time=207.688..687.541 rows=417 loops=1)
        Filter: (company_id = 4657)
        Rows Removed by Filter: 2608712
  ->  Index Only Scan using title_pkey on title t  (cost=0.43..8.45 rows=1 width=4) (actual time=0.029..0.029 rows=1 loops=417)
        Index Cond: (id = mc.movie_id)
        Heap Fetches: 417
Planning time: 5.758 ms
Execution time: 700.333 ms
