Hash Join  (cost=161801.55..600743.98 rows=796215 width=0) (actual time=4889.157..17501.508 rows=7993176 loops=1)
  Hash Cond: (mi.movie_id = t.id)
  ->  Seq Scan on movie_info mi  (cost=0.00..346232.03 rows=7235534 width=4) (actual time=116.768..5957.729 rows=7286865 loops=1)
        Filter: (info_type_id < 8)
        Rows Removed by Filter: 7548855
  ->  Hash  (cost=157236.49..157236.49 rows=278245 width=8) (actual time=4732.112..4732.112 rows=782165 loops=1)
        Buckets: 131072 (originally 131072)  Batches: 8 (originally 4)  Memory Usage: 4898kB
        ->  Hash Join  (cost=78350.52..157236.49 rows=278245 width=8) (actual time=1274.721..4490.656 rows=782165 loops=1)
              Hash Cond: (mc.movie_id = t.id)
              ->  Seq Scan on movie_companies mc  (cost=0.00..44881.29 rows=2609129 width=4) (actual time=0.024..831.922 rows=2609129 loops=1)
              ->  Hash  (cost=73925.90..73925.90 rows=269649 width=4) (actual time=1273.670..1273.670 rows=382611 loops=1)
                    Buckets: 131072 (originally 131072)  Batches: 8 (originally 4)  Memory Usage: 3073kB
                    ->  Seq Scan on title t  (cost=0.00..73925.90 rows=269649 width=4) (actual time=0.027..1146.918 rows=382611 loops=1)
                          Filter: ((kind_id < 7) AND (production_year < 1990))
                          Rows Removed by Filter: 2145701
Planning time: 0.857 ms
Execution time: 18362.348 ms
