Hash Join  (cost=200496.99..596372.72 rows=252193 width=0) (actual time=4126.417..11947.497 rows=1228985 loops=1)
  Hash Cond: (mi.movie_id = t.id)
  ->  Seq Scan on movie_info mi  (cost=0.00..346232.03 rows=3623957 width=4) (actual time=0.014..5673.227 rows=3624977 loops=1)
        Filter: (info_type_id < 4)
        Rows Removed by Filter: 11210743
  ->  Hash  (cost=197609.47..197609.47 rows=175961 width=8) (actual time=4125.363..4125.363 rows=374210 loops=1)
        Buckets: 131072 (originally 131072)  Batches: 8 (originally 4)  Memory Usage: 3073kB
        ->  Hash Join  (cost=69484.36..197609.47 rows=175961 width=8) (actual time=1417.817..4019.260 rows=374210 loops=1)
              Hash Cond: (mk.movie_id = t.id)
              ->  Seq Scan on movie_keyword mk  (cost=0.00..81003.12 rows=3884367 width=4) (actual time=0.015..1729.441 rows=3882448 loops=1)
                    Filter: (keyword_id > 496)
                    Rows Removed by Filter: 641482
              ->  Hash  (cost=67604.59..67604.59 rows=114542 width=4) (actual time=1133.302..1133.302 rows=118234 loops=1)
                    Buckets: 131072  Batches: 2  Memory Usage: 3107kB
                    ->  Seq Scan on title t  (cost=0.00..67604.59 rows=114542 width=4) (actual time=540.635..1090.964 rows=118234 loops=1)
                          Filter: (kind_id = 4)
                          Rows Removed by Filter: 2410078
Planning time: 1.173 ms
Execution time: 12089.257 ms
