Hash Join  (cost=134069.52..637042.34 rows=2171191 width=0) (actual time=3185.961..18637.050 rows=7352826 loops=1)
  Hash Cond: (mi.movie_id = t.id)
  ->  Seq Scan on movie_info mi  (cost=0.00..309384.22 rows=14739122 width=4) (actual time=0.023..6260.378 rows=14835720 loops=1)
  ->  Hash  (cost=127958.62..127958.62 rows=372472 width=8) (actual time=3185.125..3185.125 rows=454255 loops=1)
        Buckets: 131072  Batches: 8  Memory Usage: 3264kB
        ->  Hash Join  (cost=84417.00..127958.62 rows=372472 width=8) (actual time=1765.820..3058.848 rows=454255 loops=1)
              Hash Cond: (mi_idx.movie_id = t.id)
              ->  Seq Scan on movie_info_idx mi_idx  (cost=0.00..25185.44 rows=919057 width=4) (actual time=0.029..536.522 rows=920110 loops=1)
                    Filter: (info_type_id > 99)
                    Rows Removed by Filter: 459925
              ->  Hash  (cost=67604.59..67604.59 rows=1024753 width=4) (actual time=1765.171..1765.171 rows=1021752 loops=1)
                    Buckets: 131072  Batches: 16  Memory Usage: 3274kB
                    ->  Seq Scan on title t  (cost=0.00..67604.59 rows=1024753 width=4) (actual time=0.012..1437.723 rows=1021752 loops=1)
                          Filter: (production_year < 2000)
                          Rows Removed by Filter: 1506560
Planning time: 1.185 ms
Execution time: 19512.094 ms
