Hash Join  (cost=226941.48..757913.38 rows=4795197 width=0) (actual time=4769.781..29593.594 rows=46044219 loops=1)
  Hash Cond: (mi.movie_id = t.id)
  ->  Seq Scan on movie_info mi  (cost=0.00..309384.22 rows=14739122 width=4) (actual time=0.024..6381.320 rows=14835720 loops=1)
  ->  Hash  (cost=213444.66..213444.66 rows=822626 width=8) (actual time=4768.711..4768.711 rows=831425 loops=1)
        Buckets: 131072  Batches: 16  Memory Usage: 3171kB
        ->  Hash Join  (cost=102767.86..213444.66 rows=822626 width=8) (actual time=2021.618..4523.794 rows=831425 loops=1)
              Hash Cond: (mk.movie_id = t.id)
              ->  Seq Scan on movie_keyword mk  (cost=0.00..81003.12 rows=822626 width=4) (actual time=0.014..1442.036 rows=831425 loops=1)
                    Filter: (keyword_id > 22141)
                    Rows Removed by Filter: 3692505
              ->  Hash  (cost=61283.27..61283.27 rows=2528527 width=4) (actual time=2020.137..2020.137 rows=2528312 loops=1)
                    Buckets: 131072  Batches: 64  Memory Usage: 2425kB
                    ->  Seq Scan on title t  (cost=0.00..61283.27 rows=2528527 width=4) (actual time=0.009..1135.061 rows=2528312 loops=1)
Planning time: 1.103 ms
Execution time: 34679.928 ms
