Seq Scan on movie_companies mc  (cost=0.00..51404.11 rows=104 width=0) (actual time=10.177..926.623 rows=45 loops=1)
  Filter: (company_id = 20707)
  Rows Removed by Filter: 2609084
Planning time: 0.397 ms
Execution time: 926.728 ms
