Hash Join  (cost=300250.61..497477.92 rows=2903636 width=146) (actual time=7424.027..22280.085 rows=19673399 loops=1)
  Hash Cond: (mk.movie_id = t.id)
  ->  Seq Scan on movie_keyword mk  (cost=0.00..69693.30 rows=4523930 width=12) (actual time=0.017..1602.375 rows=4523930 loops=1)
  ->  Hash  (cost=248266.26..248266.26 rows=1622908 width=134) (actual time=7421.693..7421.693 rows=1335947 loops=1)
        Buckets: 32768  Batches: 128  Memory Usage: 1796kB
        ->  Hash Join  (cost=110303.25..248266.26 rows=1622908 width=134) (actual time=2617.021..6536.657 rows=1335947 loops=1)
              Hash Cond: (mc.movie_id = t.id)
              ->  Seq Scan on movie_companies mc  (cost=0.00..44881.29 rows=2609129 width=40) (actual time=0.028..987.529 rows=2609129 loops=1)
              ->  Hash  (cost=67604.59..67604.59 rows=1572773 width=94) (actual time=2616.508..2616.508 rows=1570568 loops=1)
                    Buckets: 32768  Batches: 64  Memory Usage: 3018kB
                    ->  Seq Scan on title t  (cost=0.00..67604.59 rows=1572773 width=94) (actual time=0.011..1561.843 rows=1570568 loops=1)
                          Filter: (production_year > 1996)
                          Rows Removed by Filter: 957744
Planning time: 1.288 ms
Execution time: 23381.841 ms
