Nested Loop  (cost=0.43..83071.67 rows=246 width=0) (actual time=0.998..1370.823 rows=485 loops=1)
  ->  Seq Scan on movie_keyword mk  (cost=0.00..81003.12 rows=246 width=4) (actual time=0.946..1339.559 rows=485 loops=1)
        Filter: (keyword_id = 9857)
        Rows Removed by Filter: 4523445
  ->  Index Only Scan using title_pkey on title t  (cost=0.43..8.40 rows=1 width=4) (actual time=0.062..0.062 rows=1 loops=485)
        Index Cond: (id = mk.movie_id)
        Heap Fetches: 485
Planning time: 0.553 ms
Execution time: 1371.140 ms
