Hash Join  (cost=578347.62..1782193.99 rows=7653466 width=0) (actual time=14898.895..40393.410 rows=3985270 loops=1)
  Hash Cond: (ci.movie_id = t.id)
  ->  Seq Scan on cast_info ci  (cost=0.00..705507.15 rows=23499554 width=4) (actual time=2390.490..15268.504 rows=23573656 loops=1)
        Filter: (role_id > 1)
        Rows Removed by Filter: 12670688
  ->  Hash  (cost=564836.81..564836.81 rows=823505 width=8) (actual time=12507.066..12507.066 rows=241638 loops=1)
        Buckets: 131072  Batches: 16  Memory Usage: 1618kB
        ->  Hash Join  (cost=76243.83..564836.81 rows=823505 width=8) (actual time=1067.945..12422.285 rows=241638 loops=1)
              Hash Cond: (mi.movie_id = t.id)
              ->  Seq Scan on movie_info mi  (cost=0.00..309384.22 rows=14739122 width=4) (actual time=0.045..5667.949 rows=14835720 loops=1)
              ->  Hash  (cost=73925.90..73925.90 rows=141274 width=4) (actual time=1067.079..1067.079 rows=150659 loops=1)
                    Buckets: 131072  Batches: 2  Memory Usage: 3679kB
                    ->  Seq Scan on title t  (cost=0.00..73925.90 rows=141274 width=4) (actual time=0.022..1011.468 rows=150659 loops=1)
                          Filter: ((production_year > 2011) AND (kind_id = 7))
                          Rows Removed by Filter: 2377653
Planning time: 1.283 ms
Execution time: 40869.569 ms
