Hash Join  (cost=74334.23..871942.41 rows=5119 width=0) (actual time=4950.278..12725.292 rows=32763 loops=1)
  Hash Cond: (ci.movie_id = t.id)
  ->  Seq Scan on cast_info ci  (cost=0.00..796071.18 rows=396216 width=4) (actual time=3807.942..10953.811 rows=2430079 loops=1)
        Filter: ((person_id > 3447805) AND (role_id = 10))
        Rows Removed by Filter: 33814265
  ->  Hash  (cost=73925.90..73925.90 rows=32666 width=4) (actual time=1141.928..1141.928 rows=22974 loops=1)
        Buckets: 32768  Batches: 1  Memory Usage: 1064kB
        ->  Seq Scan on title t  (cost=0.00..73925.90 rows=32666 width=4) (actual time=0.037..1131.756 rows=22974 loops=1)
              Filter: ((kind_id < 4) AND (production_year = 2005))
              Rows Removed by Filter: 2505338
Planning time: 0.885 ms
Execution time: 12731.367 ms
