Seq Scan on cast_info ci  (cost=0.00..705507.15 rows=7180089 width=0) (actual time=0.057..11476.076 rows=7127655 loops=1)
  Filter: (person_id < 688589)
  Rows Removed by Filter: 29116689
Planning time: 0.394 ms
Execution time: 12370.641 ms
