Seq Scan on movie_keyword mk  (cost=0.00..81003.12 rows=246 width=0) (actual time=2.519..1183.740 rows=498 loops=1)
  Filter: (keyword_id = 10904)
  Rows Removed by Filter: 4523432
Planning time: 0.356 ms
Execution time: 1184.020 ms
