Hash Join  (cost=112602.08..868619.94 rows=522872 width=0) (actual time=2113.180..19947.937 rows=613186 loops=1)
  Hash Cond: (ci.movie_id = t.id)
  ->  Seq Scan on cast_info ci  (cost=0.00..614943.12 rows=36225612 width=4) (actual time=0.010..8905.066 rows=36244344 loops=1)
  ->  Hash  (cost=112145.88..112145.88 rows=36496 width=8) (actual time=2112.620..2112.620 rows=15062 loops=1)
        Buckets: 65536  Batches: 1  Memory Usage: 1101kB
        ->  Hash Join  (cost=75574.02..112145.88 rows=36496 width=8) (actual time=1225.727..2106.936 rows=15062 loops=1)
              Hash Cond: (mi_idx.movie_id = t.id)
              ->  Seq Scan on movie_info_idx mi_idx  (cost=0.00..25185.44 rows=919057 width=4) (actual time=0.015..563.280 rows=920110 loops=1)
                    Filter: (info_type_id > 99)
                    Rows Removed by Filter: 459925
              ->  Hash  (cost=73925.90..73925.90 rows=100409 width=4) (actual time=1224.840..1224.840 rows=110402 loops=1)
                    Buckets: 131072  Batches: 2  Memory Usage: 2964kB
                    ->  Seq Scan on title t  (cost=0.00..73925.90 rows=100409 width=4) (actual time=0.021..1184.786 rows=110402 loops=1)
                          Filter: ((kind_id = 7) AND (production_year = 2012))
                          Rows Removed by Filter: 2417910
Planning time: 2.182 ms
Execution time: 20031.800 ms
