Seq Scan on cast_info ci  (cost=0.00..796071.18 rows=1510608 width=0) (actual time=760.069..15041.511 rows=1434044 loops=1)
  Filter: ((person_id < 3204146) AND (role_id = 8))
  Rows Removed by Filter: 34810300
Planning time: 0.303 ms
Execution time: 15218.523 ms
