Seq Scan on movie_keyword mk  (cost=0.00..81003.12 rows=68415 width=0) (actual time=0.043..1141.763 rows=69147 loops=1)
  Filter: (keyword_id < 62)
  Rows Removed by Filter: 4454783
Planning time: 0.321 ms
Execution time: 1151.064 ms
