Nested Loop  (cost=0.43..83072.29 rows=65 width=0) (actual time=0.410..984.046 rows=65 loops=1)
  ->  Seq Scan on movie_keyword mk  (cost=0.00..81003.12 rows=246 width=4) (actual time=0.358..979.398 rows=112 loops=1)
        Filter: (keyword_id = 8188)
        Rows Removed by Filter: 4523818
  ->  Index Scan using title_pkey on title t  (cost=0.43..8.40 rows=1 width=4) (actual time=0.039..0.039 rows=1 loops=112)
        Index Cond: (id = mk.movie_id)
        Filter: (kind_id = 1)
        Rows Removed by Filter: 0
Planning time: 0.771 ms
Execution time: 984.178 ms
