Hash Join  (cost=270217.54..730475.46 rows=4197940 width=0) (actual time=6614.046..16174.657 rows=7548274 loops=1)
  Hash Cond: (mi.movie_id = t.id)
  ->  Seq Scan on movie_info mi  (cost=0.00..346232.03 rows=4972096 width=4) (actual time=687.826..5754.192 rows=4923966 loops=1)
        Filter: (info_type_id < 5)
        Rows Removed by Filter: 9911754
  ->  Hash  (cost=235192.09..235192.09 rows=2134836 width=8) (actual time=5925.333..5925.333 rows=1582474 loops=1)
        Buckets: 131072  Batches: 32  Memory Usage: 3088kB
        ->  Hash Join  (cost=87180.69..235192.09 rows=2134836 width=8) (actual time=1606.490..5485.056 rows=1582474 loops=1)
              Hash Cond: (mk.movie_id = t.id)
              ->  Seq Scan on movie_keyword mk  (cost=0.00..69693.30 rows=4523930 width=4) (actual time=0.018..1423.657 rows=4523930 loops=1)
              ->  Hash  (cost=67604.59..67604.59 rows=1193208 width=4) (actual time=1605.511..1605.511 rows=1192518 loops=1)
                    Buckets: 131072  Batches: 16  Memory Usage: 3654kB
                    ->  Seq Scan on title t  (cost=0.00..67604.59 rows=1193208 width=4) (actual time=0.019..1209.829 rows=1192518 loops=1)
                          Filter: (production_year > 2003)
                          Rows Removed by Filter: 1335794
Planning time: 1.115 ms
Execution time: 17033.740 ms
