Seq Scan on cast_info ci  (cost=0.00..796071.18 rows=324 width=0) (actual time=750.754..13670.760 rows=6 loops=1)
  Filter: ((role_id > 1) AND (person_id = 2040479))
  Rows Removed by Filter: 36244338
Planning time: 0.363 ms
Execution time: 13670.881 ms
