Seq Scan on movie_companies mc  (cost=0.00..51404.11 rows=1885962 width=0) (actual time=0.023..985.077 rows=1897477 loops=1)
  Filter: (company_id > 1368)
  Rows Removed by Filter: 711652
Planning time: 0.399 ms
Execution time: 1217.327 ms
