Hash Join  (cost=102767.86..174581.17 rows=166546 width=0) (actual time=1867.171..3379.223 rows=265105 loops=1)
  Hash Cond: (mc.movie_id = t.id)
  ->  Seq Scan on movie_companies mc  (cost=0.00..57926.93 rows=166546 width=4) (actual time=40.161..872.242 rows=265105 loops=1)
        Filter: ((company_id < 166) AND (company_type_id = 1))
        Rows Removed by Filter: 2344024
  ->  Hash  (cost=61283.27..61283.27 rows=2528527 width=4) (actual time=1825.627..1825.627 rows=2528312 loops=1)
        Buckets: 131072  Batches: 64  Memory Usage: 2415kB
        ->  Seq Scan on title t  (cost=0.00..61283.27 rows=2528527 width=4) (actual time=0.042..958.375 rows=2528312 loops=1)
Planning time: 0.799 ms
Execution time: 3412.985 ms
