Hash Join  (cost=174403.47..1092588.75 rows=2277106 width=0) (actual time=5046.536..25462.852 rows=8176881 loops=1)
  Hash Cond: (ci.movie_id = t.id)
  ->  Seq Scan on cast_info ci  (cost=0.00..796071.18 rows=8358942 width=4) (actual time=0.015..14416.144 rows=5087835 loops=1)
        Filter: ((person_id < 3274235) AND (role_id > 4))
        Rows Removed by Filter: 31156509
  ->  Hash  (cost=163102.35..163102.35 rows=688810 width=8) (actual time=5045.069..5045.069 rows=1307690 loops=1)
        Buckets: 131072 (originally 131072)  Batches: 32 (originally 16)  Memory Usage: 3073kB
        ->  Hash Join  (cost=78556.72..163102.35 rows=688810 width=8) (actual time=2230.490..4678.667 rows=1307690 loops=1)
              Hash Cond: (mc.movie_id = t.id)
              ->  Seq Scan on movie_companies mc  (cost=0.00..44881.29 rows=2609129 width=4) (actual time=0.026..1033.194 rows=2609129 loops=1)
              ->  Hash  (cost=67604.59..67604.59 rows=667531 width=4) (actual time=1449.589..1449.589 rows=662825 loops=1)
                    Buckets: 131072  Batches: 16  Memory Usage: 2476kB
                    ->  Seq Scan on title t  (cost=0.00..67604.59 rows=667531 width=4) (actual time=258.616..1236.828 rows=662825 loops=1)
                          Filter: (kind_id < 2)
                          Rows Removed by Filter: 1865487
Planning time: 8.962 ms
Execution time: 26400.990 ms
