Hash Join  (cost=75870.49..466168.12 rows=169876 width=0) (actual time=1281.978..8728.331 rows=626940 loops=1)
  Hash Cond: (mi.movie_id = t.id)
  ->  Seq Scan on movie_info mi  (cost=0.00..346232.03 rows=3623957 width=4) (actual time=41.014..5644.928 rows=3624977 loops=1)
        Filter: (info_type_id < 4)
        Rows Removed by Filter: 11210743
  ->  Hash  (cost=73925.90..73925.90 rows=118527 width=4) (actual time=1239.980..1239.980 rows=217379 loops=1)
        Buckets: 131072 (originally 131072)  Batches: 4 (originally 2)  Memory Usage: 3073kB
        ->  Seq Scan on title t  (cost=0.00..73925.90 rows=118527 width=4) (actual time=0.026..1156.706 rows=217379 loops=1)
              Filter: ((kind_id < 7) AND (production_year < 1965))
              Rows Removed by Filter: 2310933
Planning time: 0.812 ms
Execution time: 8815.554 ms
