Hash Join  (cost=150552.01..635861.03 rows=515709 width=0) (actual time=3351.425..15658.024 rows=4471568 loops=1)
  Hash Cond: (mi.movie_id = t.id)
  ->  Seq Scan on movie_info mi  (cost=0.00..309384.22 rows=14739122 width=4) (actual time=0.008..5730.190 rows=14835720 loops=1)
  ->  Hash  (cost=149100.12..149100.12 rows=88471 width=8) (actual time=3350.608..3350.608 rows=126125 loops=1)
        Buckets: 131072  Batches: 2  Memory Usage: 3504kB
        ->  Hash Join  (cost=83810.17..149100.12 rows=88471 width=8) (actual time=2330.606..3305.780 rows=126125 loops=1)
              Hash Cond: (mc.movie_id = t.id)
              ->  Seq Scan on movie_companies mc  (cost=0.00..57926.93 rows=226481 width=4) (actual time=307.441..880.705 rows=344709 loops=1)
                    Filter: ((company_id < 394) AND (company_type_id < 2))
                    Rows Removed by Filter: 2264420
              ->  Hash  (cost=67604.59..67604.59 rows=987727 width=4) (actual time=2022.336..2022.336 rows=985048 loops=1)
                    Buckets: 131072  Batches: 16  Memory Usage: 3188kB
                    ->  Seq Scan on title t  (cost=0.00..67604.59 rows=987727 width=4) (actual time=0.030..1189.055 rows=985048 loops=1)
                          Filter: (kind_id < 7)
                          Rows Removed by Filter: 1543264
Planning time: 0.928 ms
Execution time: 16225.410 ms
