Hash Join  (cost=128695.20..475622.15 rows=219 width=0) (actual time=7306.075..7656.178 rows=8955 loops=1)
  Hash Cond: (mi.movie_id = t.id)
  ->  Seq Scan on movie_info mi  (cost=0.00..346232.03 rows=184730 width=4) (actual time=5065.557..5406.761 rows=180112 loops=1)
        Filter: (info_type_id = 13)
        Rows Removed by Filter: 14655608
  ->  Hash  (cost=128657.72..128657.72 rows=2998 width=8) (actual time=2218.837..2218.837 rows=7313 loops=1)
        Buckets: 8192 (originally 4096)  Batches: 1 (originally 1)  Memory Usage: 350kB
        ->  Hash Join  (cost=73962.22..128657.72 rows=2998 width=8) (actual time=1041.535..2215.272 rows=7313 loops=1)
              Hash Cond: (mc.movie_id = t.id)
              ->  Seq Scan on movie_companies mc  (cost=0.00..44881.29 rows=2609129 width=4) (actual time=0.020..646.270 rows=2609129 loops=1)
              ->  Hash  (cost=73925.90..73925.90 rows=2905 width=4) (actual time=1039.401..1039.401 rows=3676 loops=1)
                    Buckets: 4096  Batches: 1  Memory Usage: 162kB
                    ->  Seq Scan on title t  (cost=0.00..73925.90 rows=2905 width=4) (actual time=0.639..1037.409 rows=3676 loops=1)
                          Filter: ((kind_id < 7) AND (production_year = 1958))
                          Rows Removed by Filter: 2524636
Planning time: 2.214 ms
Execution time: 7657.504 ms
