Hash Join  (cost=67697.55..883560.65 rows=15403 width=0) (actual time=2387.208..13413.949 rows=925 loops=1)
  Hash Cond: (ci.movie_id = t.id)
  ->  Seq Scan on cast_info ci  (cost=0.00..796071.18 rows=5236771 width=4) (actual time=1362.530..11860.236 rows=3210575 loops=1)
        Filter: ((person_id > 3040729) AND (role_id < 10))
        Rows Removed by Filter: 33033769
  ->  Hash  (cost=67604.59..67604.59 rows=7437 width=4) (actual time=973.569..973.569 rows=4597 loops=1)
        Buckets: 8192  Batches: 1  Memory Usage: 226kB
        ->  Seq Scan on title t  (cost=0.00..67604.59 rows=7437 width=4) (actual time=0.037..971.544 rows=4597 loops=1)
              Filter: (production_year = 1910)
              Rows Removed by Filter: 2523715
Planning time: 0.896 ms
Execution time: 13414.377 ms
