Hash Join  (cost=477978.59..1581241.63 rows=6761588 width=0) (actual time=7467.573..47956.045 rows=42237645 loops=1)
  Hash Cond: (ci.movie_id = t.id)
  ->  Seq Scan on cast_info ci  (cost=0.00..614943.12 rows=36225612 width=4) (actual time=0.027..13634.688 rows=36244344 loops=1)
  ->  Hash  (cost=470235.15..470235.15 rows=471955 width=8) (actual time=7466.701..7466.701 rows=543367 loops=1)
        Buckets: 131072  Batches: 8  Memory Usage: 3673kB
        ->  Hash Join  (cost=102767.86..470235.15 rows=471955 width=8) (actual time=4908.346..7298.482 rows=543367 loops=1)
              Hash Cond: (mi.movie_id = t.id)
              ->  Seq Scan on movie_info mi  (cost=0.00..346232.03 rows=471955 width=4) (actual time=3062.313..4287.144 rows=543367 loops=1)
                    Filter: (info_type_id > 98)
                    Rows Removed by Filter: 14292353
              ->  Hash  (cost=61283.27..61283.27 rows=2528527 width=4) (actual time=1842.799..1842.799 rows=2528312 loops=1)
                    Buckets: 131072  Batches: 64  Memory Usage: 2425kB
                    ->  Seq Scan on title t  (cost=0.00..61283.27 rows=2528527 width=4) (actual time=0.020..959.201 rows=2528312 loops=1)
Planning time: 1.229 ms
Execution time: 52278.797 ms
