Hash Join  (cost=179613.69..551440.02 rows=109219 width=0) (actual time=6022.931..10268.291 rows=107547 loops=1)
  Hash Cond: (mi.movie_id = t.id)
  ->  Seq Scan on movie_info mi  (cost=0.00..346232.03 rows=2073893 width=4) (actual time=1784.747..5276.089 rows=2091068 loops=1)
        Filter: (info_type_id < 3)
        Rows Removed by Filter: 12744652
  ->  Hash  (cost=177428.15..177428.15 rows=133163 width=8) (actual time=4237.165..4237.165 rows=64961 loops=1)
        Buckets: 131072  Batches: 2  Memory Usage: 2318kB
        ->  Hash Join  (cost=70241.71..177428.15 rows=133163 width=8) (actual time=1766.677..4214.110 rows=64961 loops=1)
              Hash Cond: (mk.movie_id = t.id)
              ->  Seq Scan on movie_keyword mk  (cost=0.00..81003.12 rows=2094850 width=4) (actual time=0.042..1663.218 rows=2102974 loops=1)
                    Filter: (keyword_id < 3791)
                    Rows Removed by Filter: 2420956
              ->  Hash  (cost=67604.59..67604.59 rows=160730 width=4) (actual time=1765.720..1765.720 rows=160017 loops=1)
                    Buckets: 131072  Batches: 4  Memory Usage: 2442kB
                    ->  Seq Scan on title t  (cost=0.00..67604.59 rows=160730 width=4) (actual time=0.029..1021.846 rows=160017 loops=1)
                          Filter: (production_year = 2011)
                          Rows Removed by Filter: 2368295
Planning time: 1.231 ms
Execution time: 10282.809 ms
