Hash Join  (cost=102767.86..195468.54 rows=1034569 width=0) (actual time=1832.878..4429.577 rows=1274246 loops=1)
  Hash Cond: (mc.movie_id = t.id)
  ->  Seq Scan on movie_companies mc  (cost=0.00..57926.93 rows=1034569 width=4) (actual time=0.020..1206.572 rows=1274246 loops=1)
        Filter: ((company_id < 74138) AND (company_type_id < 2))
        Rows Removed by Filter: 1334883
  ->  Hash  (cost=61283.27..61283.27 rows=2528527 width=4) (actual time=1831.620..1831.620 rows=2528312 loops=1)
        Buckets: 131072  Batches: 64  Memory Usage: 2415kB
        ->  Seq Scan on title t  (cost=0.00..61283.27 rows=2528527 width=4) (actual time=0.010..956.794 rows=2528312 loops=1)
Planning time: 0.773 ms
Execution time: 4572.637 ms
