Seq Scan on movie_companies mc  (cost=0.00..51404.11 rows=104 width=0) (actual time=410.042..743.816 rows=3 loops=1)
  Filter: (company_id = 95252)
  Rows Removed by Filter: 2609126
Planning time: 0.369 ms
Execution time: 743.887 ms
