Hash Join  (cost=69179.59..942427.49 rows=532090 width=0) (actual time=1167.312..18781.588 rows=560489 loops=1)
  Hash Cond: (ci.movie_id = t.id)
  ->  Seq Scan on cast_info ci  (cost=0.00..705507.15 rows=14014628 width=4) (actual time=0.024..12196.516 rows=14195244 loops=1)
        Filter: (person_id > 2245532)
        Rows Removed by Filter: 22049100
  ->  Hash  (cost=67604.59..67604.59 rows=96000 width=4) (actual time=1166.511..1166.511 rows=95005 loops=1)
        Buckets: 131072  Batches: 2  Memory Usage: 2716kB
        ->  Seq Scan on title t  (cost=0.00..67604.59 rows=96000 width=4) (actual time=0.020..1129.658 rows=95005 loops=1)
              Filter: (production_year = 2005)
              Rows Removed by Filter: 2433307
Planning time: 0.792 ms
Execution time: 18859.565 ms
