Hash Join  (cost=121599.94..244178.36 rows=208599 width=0) (actual time=2674.354..6948.380 rows=3112739 loops=1)
  Hash Cond: (mk.movie_id = t.id)
  ->  Seq Scan on movie_keyword mk  (cost=0.00..81003.12 rows=3362217 width=4) (actual time=0.019..1681.741 rows=3346045 loops=1)
        Filter: (keyword_id < 15855)
        Rows Removed by Filter: 1177885
  ->  Hash  (cost=119026.00..119026.00 rows=156875 width=8) (actual time=2673.020..2673.020 rows=364778 loops=1)
        Buckets: 131072 (originally 131072)  Batches: 8 (originally 4)  Memory Usage: 3073kB
        ->  Hash Join  (cost=78641.77..119026.00 rows=156875 width=8) (actual time=1326.261..2556.675 rows=364778 loops=1)
              Hash Cond: (mi_idx.movie_id = t.id)
              ->  Seq Scan on movie_info_idx mi_idx  (cost=0.00..21735.35 rows=1380035 width=4) (actual time=0.022..425.354 rows=1380035 loops=1)
              ->  Hash  (cost=73925.90..73925.90 rows=287429 width=4) (actual time=1325.594..1325.594 rows=401493 loops=1)
                    Buckets: 131072 (originally 131072)  Batches: 8 (originally 4)  Memory Usage: 3073kB
                    ->  Seq Scan on title t  (cost=0.00..73925.90 rows=287429 width=4) (actual time=0.061..1193.664 rows=401493 loops=1)
                          Filter: ((kind_id < 7) AND (production_year < 1992))
                          Rows Removed by Filter: 2126819
Planning time: 1.128 ms
Execution time: 7300.018 ms
