Hash Join  (cost=82863.28..193275.08 rows=428469 width=0) (actual time=1273.399..3922.922 rows=888746 loops=1)
  Hash Cond: (mk.movie_id = t.id)
  ->  Seq Scan on movie_keyword mk  (cost=0.00..81003.12 rows=1988796 width=4) (actual time=0.021..1517.965 rows=1995269 loops=1)
        Filter: (keyword_id < 3525)
        Rows Removed by Filter: 2528661
  ->  Hash  (cost=73925.90..73925.90 rows=544750 width=4) (actual time=1272.406..1272.406 rows=420664 loops=1)
        Buckets: 131072  Batches: 8  Memory Usage: 2891kB
        ->  Seq Scan on title t  (cost=0.00..73925.90 rows=544750 width=4) (actual time=0.024..1137.957 rows=420664 loops=1)
              Filter: ((production_year > 1971) AND (kind_id = 1))
              Rows Removed by Filter: 2107648
Planning time: 0.739 ms
Execution time: 4027.251 ms
