Hash Join  (cost=137425.50..503660.94 rows=157952 width=0) (actual time=2575.102..10210.843 rows=716349 loops=1)
  Hash Cond: (mi.movie_id = t.id)
  ->  Seq Scan on movie_info mi  (cost=0.00..309384.22 rows=14739122 width=4) (actual time=0.016..3964.358 rows=14835720 loops=1)
  ->  Hash  (cost=137086.78..137086.78 rows=27097 width=8) (actual time=2156.067..2156.067 rows=48936 loops=1)
        Buckets: 65536 (originally 32768)  Batches: 1 (originally 1)  Memory Usage: 2424kB
        ->  Hash Join  (cost=74690.97..137086.78 rows=27097 width=8) (actual time=1096.256..2139.890 rows=48936 loops=1)
              Hash Cond: (mc.movie_id = t.id)
              ->  Seq Scan on movie_companies mc  (cost=0.00..57926.93 rows=1119443 width=4) (actual time=0.013..915.919 rows=1237810 loops=1)
                    Filter: ((company_id > 276) AND (company_type_id = 2))
                    Rows Removed by Filter: 1371319
              ->  Hash  (cost=73925.90..73925.90 rows=61205 width=4) (actual time=926.951..926.951 rows=61581 loops=1)
                    Buckets: 65536  Batches: 1  Memory Usage: 2677kB
                    ->  Seq Scan on title t  (cost=0.00..73925.90 rows=61205 width=4) (actual time=286.367..904.056 rows=61581 loops=1)
                          Filter: ((production_year > 2011) AND (kind_id = 1))
                          Rows Removed by Filter: 2466731
Planning time: 1.266 ms
Execution time: 10309.234 ms
