Hash Join  (cost=107928.35..270469.48 rows=3103243 width=0) (actual time=2008.223..6411.941 rows=3156957 loops=1)
  Hash Cond: (mk.movie_id = t.id)
  ->  Seq Scan on movie_keyword mk  (cost=0.00..81003.12 rows=3192516 width=4) (actual time=0.026..1700.064 rows=3173306 loops=1)
        Filter: (keyword_id > 1756)
        Rows Removed by Filter: 1350624
  ->  Hash  (cost=67604.59..67604.59 rows=2457821 width=4) (actual time=2006.430..2006.430 rows=2456218 loops=1)
        Buckets: 131072  Batches: 64  Memory Usage: 2385kB
        ->  Seq Scan on title t  (cost=0.00..67604.59 rows=2457821 width=4) (actual time=0.022..1211.687 rows=2456218 loops=1)
              Filter: (production_year > 0)
              Rows Removed by Filter: 72094
Planning time: 0.737 ms
Execution time: 6789.194 ms
