Hash Join  (cost=102767.86..276965.42 rows=3462427 width=0) (actual time=1674.089..6035.801 rows=3453165 loops=1)
  Hash Cond: (mk.movie_id = t.id)
  ->  Seq Scan on movie_keyword mk  (cost=0.00..81003.12 rows=3462427 width=4) (actual time=0.023..1575.295 rows=3453165 loops=1)
        Filter: (keyword_id < 16486)
        Rows Removed by Filter: 1070765
  ->  Hash  (cost=61283.27..61283.27 rows=2528527 width=4) (actual time=1672.242..1672.242 rows=2528312 loops=1)
        Buckets: 131072  Batches: 64  Memory Usage: 2425kB
        ->  Seq Scan on title t  (cost=0.00..61283.27 rows=2528527 width=4) (actual time=0.020..814.328 rows=2528312 loops=1)
Planning time: 0.684 ms
Execution time: 6424.298 ms
