Hash Join  (cost=76444.38..144021.33 rows=77665 width=0) (actual time=1061.075..2518.902 rows=76756 loops=1)
  Hash Cond: (mc.movie_id = t.id)
  ->  Seq Scan on movie_companies mc  (cost=0.00..51404.11 rows=1279517 width=4) (actual time=0.025..912.405 rows=1274246 loops=1)
        Filter: (company_type_id < 2)
        Rows Removed by Filter: 1334883
  ->  Hash  (cost=73925.90..73925.90 rows=153478 width=4) (actual time=1060.157..1060.157 rows=134760 loops=1)
        Buckets: 131072  Batches: 4  Memory Usage: 2216kB
        ->  Seq Scan on title t  (cost=0.00..73925.90 rows=153478 width=4) (actual time=0.013..1014.301 rows=134760 loops=1)
              Filter: ((kind_id < 7) AND (production_year > 2010))
              Rows Removed by Filter: 2393552
Planning time: 0.767 ms
Execution time: 2529.594 ms
