Hash Join  (cost=709678.15..736591.36 rows=273 width=0) (actual time=10563.589..11009.145 rows=33 loops=1)
  Hash Cond: (mi_idx.movie_id = t.id)
  ->  Seq Scan on movie_info_idx mi_idx  (cost=0.00..21735.35 rows=1380035 width=4) (actual time=0.024..235.749 rows=1380035 loops=1)
  ->  Hash  (cost=709671.90..709671.90 rows=500 width=8) (actual time=10526.477..10526.477 rows=94 loops=1)
        Buckets: 1024  Batches: 1  Memory Usage: 12kB
        ->  Nested Loop  (cost=0.43..709671.90 rows=500 width=8) (actual time=10009.478..10526.403 rows=94 loops=1)
              ->  Seq Scan on cast_info ci  (cost=0.00..705507.15 rows=500 width=4) (actual time=10009.286..10524.919 rows=94 loops=1)
                    Filter: (person_id = 2399812)
                    Rows Removed by Filter: 36244250
              ->  Index Only Scan using title_pkey on title t  (cost=0.43..8.32 rows=1 width=4) (actual time=0.014..0.014 rows=1 loops=94)
                    Index Cond: (id = ci.movie_id)
                    Heap Fetches: 94
Planning time: 1.205 ms
Execution time: 11009.272 ms
