Hash Join  (cost=175027.18..273965.25 rows=343058 width=0) (actual time=3735.671..5998.761 rows=1360466 loops=1)
  Hash Cond: (mk.movie_id = t.id)
  ->  Seq Scan on movie_keyword mk  (cost=0.00..81003.12 rows=943829 width=4) (actual time=0.025..1271.269 rows=946324 loops=1)
        Filter: (keyword_id < 889)
        Rows Removed by Filter: 3577606
  ->  Hash  (cost=159947.97..159947.97 rows=919057 width=8) (actual time=3734.512..3734.512 rows=920110 loops=1)
        Buckets: 131072  Batches: 16  Memory Usage: 3283kB
        ->  Hash Join  (cost=102767.86..159947.97 rows=919057 width=8) (actual time=1820.217..3468.304 rows=920110 loops=1)
              Hash Cond: (mi_idx.movie_id = t.id)
              ->  Seq Scan on movie_info_idx mi_idx  (cost=0.00..25185.44 rows=919057 width=4) (actual time=0.017..537.113 rows=920110 loops=1)
                    Filter: (info_type_id > 99)
                    Rows Removed by Filter: 459925
              ->  Hash  (cost=61283.27..61283.27 rows=2528527 width=4) (actual time=1819.219..1819.219 rows=2528312 loops=1)
                    Buckets: 131072  Batches: 64  Memory Usage: 2415kB
                    ->  Seq Scan on title t  (cost=0.00..61283.27 rows=2528527 width=4) (actual time=0.021..970.627 rows=2528312 loops=1)
Planning time: 1.225 ms
Execution time: 6172.756 ms
