Seq Scan on movie_keyword mk  (cost=0.00..81003.12 rows=1258217 width=0) (actual time=0.024..1270.461 rows=1268699 loops=1)
  Filter: (keyword_id > 14055)
  Rows Removed by Filter: 3255231
Planning time: 0.330 ms
Execution time: 1432.073 ms
