Hash Join  (cost=74142.85..101148.07 rows=9473 width=0) (actual time=1068.774..1558.763 rows=4461 loops=1)
  Hash Cond: (mi_idx.movie_id = t.id)
  ->  Seq Scan on movie_info_idx mi_idx  (cost=0.00..21735.35 rows=1380035 width=4) (actual time=0.018..305.727 rows=1380035 loops=1)
  ->  Hash  (cost=73925.90..73925.90 rows=17356 width=4) (actual time=936.518..936.518 rows=18804 loops=1)
        Buckets: 32768  Batches: 1  Memory Usage: 918kB
        ->  Seq Scan on title t  (cost=0.00..73925.90 rows=17356 width=4) (actual time=0.027..929.388 rows=18804 loops=1)
              Filter: ((kind_id < 2) AND (production_year = 2013))
              Rows Removed by Filter: 2509508
Planning time: 0.753 ms
Execution time: 1559.615 ms
