Nested Loop  (cost=0.43..83072.29 rows=24 width=0) (actual time=66.173..1155.473 rows=6 loops=1)
  ->  Seq Scan on movie_keyword mk  (cost=0.00..81003.12 rows=246 width=4) (actual time=0.355..1125.718 rows=1529 loops=1)
        Filter: (keyword_id = 41)
        Rows Removed by Filter: 4522401
  ->  Index Scan using title_pkey on title t  (cost=0.43..8.40 rows=1 width=4) (actual time=0.019..0.019 rows=0 loops=1529)
        Index Cond: (id = mk.movie_id)
        Filter: (production_year < 1961)
        Rows Removed by Filter: 1
Planning time: 0.801 ms
Execution time: 1155.593 ms
