Hash Join  (cost=709677.75..1059500.14 rows=139 width=0) (actual time=10576.197..15108.441 rows=6 loops=1)
  Hash Cond: (mi.movie_id = t.id)
  ->  Seq Scan on movie_info mi  (cost=0.00..346232.03 rows=957060 width=4) (actual time=38.324..4909.602 rows=1007013 loops=1)
        Filter: (info_type_id > 87)
        Rows Removed by Filter: 13828707
  ->  Hash  (cost=709673.15..709673.15 rows=368 width=8) (actual time=10057.666..10057.666 rows=23 loops=1)
        Buckets: 1024  Batches: 1  Memory Usage: 9kB
        ->  Nested Loop  (cost=0.43..709673.15 rows=368 width=8) (actual time=6495.903..10057.634 rows=23 loops=1)
              ->  Seq Scan on cast_info ci  (cost=0.00..705507.15 rows=500 width=4) (actual time=4610.314..10053.970 rows=37 loops=1)
                    Filter: (person_id = 427273)
                    Rows Removed by Filter: 36244307
              ->  Index Scan using title_pkey on title t  (cost=0.43..8.32 rows=1 width=4) (actual time=0.096..0.096 rows=1 loops=37)
                    Index Cond: (id = ci.movie_id)
                    Filter: (kind_id > 1)
                    Rows Removed by Filter: 0
Planning time: 1.273 ms
Execution time: 15108.601 ms
