Hash Join  (cost=207899.73..1024476.66 rows=3227166 width=0) (actual time=4561.429..20678.350 rows=2888371 loops=1)
  Hash Cond: (ci.movie_id = t.id)
  ->  Seq Scan on cast_info ci  (cost=0.00..705507.15 rows=6382966 width=4) (actual time=0.023..12409.050 rows=6290226 loops=1)
        Filter: (person_id < 606448)
        Rows Removed by Filter: 29954118
  ->  Hash  (cost=186925.74..186925.74 rows=1278399 width=8) (actual time=4559.962..4559.962 rows=536063 loops=1)
        Buckets: 131072  Batches: 32  Memory Usage: 1662kB
        ->  Hash Join  (cost=94252.23..186925.74 rows=1278399 width=8) (actual time=1834.710..4397.046 rows=536063 loops=1)
              Hash Cond: (mc.movie_id = t.id)
              ->  Seq Scan on movie_companies mc  (cost=0.00..44881.29 rows=2609129 width=4) (actual time=0.025..947.759 rows=2609129 loops=1)
              ->  Hash  (cost=73925.90..73925.90 rows=1238906 width=4) (actual time=1790.746..1790.746 rows=1324576 loops=1)
                    Buckets: 131072  Batches: 32  Memory Usage: 2484kB
                    ->  Seq Scan on title t  (cost=0.00..73925.90 rows=1238906 width=4) (actual time=0.021..1372.289 rows=1324576 loops=1)
                          Filter: ((production_year > 1973) AND (kind_id = 7))
                          Rows Removed by Filter: 1203736
Planning time: 1.191 ms
Execution time: 21021.626 ms
