Hash Join  (cost=497983.09..645613.81 rows=2103568 width=0) (actual time=8446.492..12657.980 rows=3917328 loops=1)
  Hash Cond: (mk.movie_id = t.id)
  ->  Seq Scan on movie_keyword mk  (cost=0.00..69693.30 rows=4523930 width=4) (actual time=0.012..1263.708 rows=4523930 loops=1)
  ->  Hash  (cost=478693.44..478693.44 rows=1175732 width=8) (actual time=8445.693..8445.693 rows=1057639 loops=1)
        Buckets: 131072  Batches: 16  Memory Usage: 3601kB
        ->  Hash Join  (cost=91123.00..478693.44 rows=1175732 width=8) (actual time=1618.915..8113.149 rows=1057639 loops=1)
              Hash Cond: (mi.movie_id = t.id)
              ->  Seq Scan on movie_info mi  (cost=0.00..346232.03 rows=2073893 width=4) (actual time=0.011..4822.800 rows=2091068 loops=1)
                    Filter: (info_type_id < 3)
                    Rows Removed by Filter: 12744652
              ->  Hash  (cost=67604.59..67604.59 rows=1433473 width=4) (actual time=1617.562..1617.562 rows=1434466 loops=1)
                    Buckets: 131072  Batches: 32  Memory Usage: 2607kB
                    ->  Seq Scan on title t  (cost=0.00..67604.59 rows=1433473 width=4) (actual time=0.017..1145.646 rows=1434466 loops=1)
                          Filter: (production_year > 1999)
                          Rows Removed by Filter: 1093846
Planning time: 0.979 ms
Execution time: 13103.730 ms
