Seq Scan on cast_info ci  (cost=0.00..796071.18 rows=332 width=0) (actual time=3268.429..12997.838 rows=77 loops=1)
  Filter: ((role_id < 4) AND (person_id = 2544977))
  Rows Removed by Filter: 36244267
Planning time: 0.352 ms
Execution time: 12997.945 ms
