Seq Scan on cast_info ci  (cost=0.00..796071.18 rows=284690 width=0) (actual time=8267.861..10128.691 rows=468890 loops=1)
  Filter: ((person_id > 2224687) AND (role_id = 6))
  Rows Removed by Filter: 35775454
Planning time: 0.400 ms
Execution time: 10194.926 ms
