Hash Join  (cost=83074.74..435121.02 rows=151 width=0) (actual time=3530.050..5441.066 rows=586 loops=1)
  Hash Cond: (mi.movie_id = t.id)
  ->  Seq Scan on movie_info mi  (cost=0.00..346232.03 rows=1550064 width=4) (actual time=2368.892..4053.938 rows=1533909 loops=1)
        Filter: (info_type_id = 3)
        Rows Removed by Filter: 13301811
  ->  Hash  (cost=83071.67..83071.67 rows=246 width=8) (actual time=1140.570..1140.570 rows=293 loops=1)
        Buckets: 1024  Batches: 1  Memory Usage: 20kB
        ->  Nested Loop  (cost=0.43..83071.67 rows=246 width=8) (actual time=14.702..1140.289 rows=293 loops=1)
              ->  Seq Scan on movie_keyword mk  (cost=0.00..81003.12 rows=246 width=4) (actual time=14.594..1131.589 rows=293 loops=1)
                    Filter: (keyword_id = 1042)
                    Rows Removed by Filter: 4523637
              ->  Index Only Scan using title_pkey on title t  (cost=0.43..8.40 rows=1 width=4) (actual time=0.027..0.027 rows=1 loops=293)
                    Index Cond: (id = mk.movie_id)
                    Heap Fetches: 293
Planning time: 0.781 ms
Execution time: 5441.294 ms
