Nested Loop  (cost=0.43..83071.67 rows=246 width=0) (actual time=165.392..1167.505 rows=501 loops=1)
  ->  Seq Scan on movie_keyword mk  (cost=0.00..81003.12 rows=246 width=4) (actual time=165.315..1156.923 rows=501 loops=1)
        Filter: (keyword_id = 72106)
        Rows Removed by Filter: 4523429
  ->  Index Only Scan using title_pkey on title t  (cost=0.43..8.40 rows=1 width=4) (actual time=0.019..0.020 rows=1 loops=501)
        Index Cond: (id = mk.movie_id)
        Heap Fetches: 501
Planning time: 0.740 ms
Execution time: 1167.757 ms
