Hash Join  (cost=143303.68..244337.48 rows=187023 width=0) (actual time=3221.479..5657.207 rows=660612 loops=1)
  Hash Cond: (mk.movie_id = t.id)
  ->  Seq Scan on movie_keyword mk  (cost=0.00..81003.12 rows=1461185 width=4) (actual time=0.022..1610.253 rows=1470535 loops=1)
        Filter: (keyword_id > 11190)
        Rows Removed by Filter: 3053395
  ->  Hash  (cost=137993.22..137993.22 rows=323637 width=8) (actual time=3220.866..3220.866 rows=309140 loops=1)
        Buckets: 131072  Batches: 8  Memory Usage: 2545kB
        ->  Hash Join  (cost=96729.52..137993.22 rows=323637 width=8) (actual time=1993.519..3124.413 rows=309140 loops=1)
              Hash Cond: (mi_idx.movie_id = t.id)
              ->  Seq Scan on movie_info_idx mi_idx  (cost=0.00..25185.44 rows=460978 width=4) (actual time=0.014..456.614 rows=459925 loops=1)
                    Filter: (info_type_id < 100)
                    Rows Removed by Filter: 920110
              ->  Hash  (cost=67604.59..67604.59 rows=1775195 width=4) (actual time=1992.645..1992.645 rows=1772072 loops=1)
                    Buckets: 131072  Batches: 32  Memory Usage: 2976kB
                    ->  Seq Scan on title t  (cost=0.00..67604.59 rows=1775195 width=4) (actual time=0.014..1418.736 rows=1772072 loops=1)
                          Filter: (production_year > 1989)
                          Rows Removed by Filter: 756240
Planning time: 1.122 ms
Execution time: 5731.632 ms
