Seq Scan on movie_keyword mk  (cost=0.00..81003.12 rows=2669023 width=0) (actual time=0.007..1394.607 rows=2661055 loops=1)
  Filter: (keyword_id > 3138)
  Rows Removed by Filter: 1862875
Planning time: 0.236 ms
Execution time: 1746.777 ms
