Seq Scan on movie_keyword mk  (cost=0.00..81003.12 rows=246 width=0) (actual time=115.566..1121.282 rows=8 loops=1)
  Filter: (keyword_id = 36436)
  Rows Removed by Filter: 4523922
Planning time: 0.337 ms
Execution time: 1121.367 ms
