Seq Scan on cast_info ci  (cost=0.00..796071.18 rows=420 width=0) (actual time=11593.949..13251.925 rows=81 loops=1)
  Filter: ((role_id < 9) AND (person_id = 925102))
  Rows Removed by Filter: 36244263
Planning time: 0.385 ms
Execution time: 13252.059 ms
