Hash Join  (cost=93155.63..457769.06 rows=394936 width=0) (actual time=2270.143..7141.302 rows=108674 loops=1)
  Hash Cond: (mi.movie_id = t.id)
  ->  Seq Scan on movie_info mi  (cost=0.00..346232.03 rows=852012 width=4) (actual time=174.566..4529.198 rows=900340 loops=1)
        Filter: (info_type_id > 94)
        Rows Removed by Filter: 13935380
  ->  Hash  (cost=73925.90..73925.90 rows=1172058 width=4) (actual time=2029.447..2029.447 rows=1128906 loops=1)
        Buckets: 131072  Batches: 16  Memory Usage: 3509kB
        ->  Seq Scan on title t  (cost=0.00..73925.90 rows=1172058 width=4) (actual time=0.028..1074.230 rows=1128906 loops=1)
              Filter: ((production_year < 2010) AND (kind_id = 7))
              Rows Removed by Filter: 1399406
Planning time: 0.833 ms
Execution time: 7153.509 ms
