Seq Scan on movie_companies mc  (cost=0.00..51404.11 rows=104 width=0) (actual time=451.996..718.053 rows=362 loops=1)
  Filter: (company_id = 11255)
  Rows Removed by Filter: 2608767
Planning time: 3.230 ms
Execution time: 718.204 ms
