Hash Join  (cost=83074.74..437538.72 rows=214 width=0) (actual time=1191.775..6629.580 rows=38247 loops=1)
  Hash Cond: (mi.movie_id = t.id)
  ->  Seq Scan on movie_info mi  (cost=0.00..346232.03 rows=2194617 width=4) (actual time=31.311..5100.781 rows=2233850 loops=1)
        Filter: (info_type_id > 16)
        Rows Removed by Filter: 12601870
  ->  Hash  (cost=83071.67..83071.67 rows=246 width=8) (actual time=1159.946..1159.946 rows=2023 loops=1)
        Buckets: 2048 (originally 1024)  Batches: 1 (originally 1)  Memory Usage: 96kB
        ->  Nested Loop  (cost=0.43..83071.67 rows=246 width=8) (actual time=10.729..1158.439 rows=2023 loops=1)
              ->  Seq Scan on movie_keyword mk  (cost=0.00..81003.12 rows=246 width=4) (actual time=10.632..1112.425 rows=2023 loops=1)
                    Filter: (keyword_id = 1322)
                    Rows Removed by Filter: 4521907
              ->  Index Only Scan using title_pkey on title t  (cost=0.43..8.40 rows=1 width=4) (actual time=0.021..0.022 rows=1 loops=2023)
                    Index Cond: (id = mk.movie_id)
                    Heap Fetches: 2023
Planning time: 1.130 ms
Execution time: 6635.341 ms
