Hash Join  (cost=149555.38..236697.79 rows=48438 width=0) (actual time=2735.701..4561.726 rows=138226 loops=1)
  Hash Cond: (mk.movie_id = t.id)
  ->  Seq Scan on movie_keyword mk  (cost=0.00..69693.30 rows=4523930 width=4) (actual time=0.010..938.521 rows=4523930 loops=1)
  ->  Hash  (cost=149216.96..149216.96 rows=27073 width=8) (actual time=2735.193..2735.193 rows=42161 loops=1)
        Buckets: 65536 (originally 32768)  Batches: 1 (originally 1)  Memory Usage: 2159kB
        ->  Hash Join  (cost=91342.70..149216.96 rows=27073 width=8) (actual time=1678.594..2718.561 rows=42161 loops=1)
              Hash Cond: (mc.movie_id = t.id)
              ->  Seq Scan on movie_companies mc  (cost=0.00..51404.11 rows=47312 width=4) (actual time=0.086..777.352 rows=47252 loops=1)
                    Filter: (company_id = 19)
                    Rows Removed by Filter: 2561877
              ->  Hash  (cost=67604.59..67604.59 rows=1446889 width=4) (actual time=1676.592..1676.592 rows=1443298 loops=1)
                    Buckets: 131072  Batches: 32  Memory Usage: 2608kB
                    ->  Seq Scan on title t  (cost=0.00..67604.59 rows=1446889 width=4) (actual time=0.009..1196.381 rows=1443298 loops=1)
                          Filter: (production_year < 2006)
                          Rows Removed by Filter: 1085014
Planning time: 1.735 ms
Execution time: 4579.176 ms
