Hash Join  (cost=102767.86..923148.00 rows=4363384 width=0) (actual time=2449.651..17980.032 rows=4226465 loops=1)
  Hash Cond: (ci.movie_id = t.id)
  ->  Seq Scan on cast_info ci  (cost=0.00..705507.15 rows=4363384 width=4) (actual time=592.836..12238.537 rows=4226465 loops=1)
        Filter: (person_id < 407562)
        Rows Removed by Filter: 32017879
  ->  Hash  (cost=61283.27..61283.27 rows=2528527 width=4) (actual time=1855.812..1855.812 rows=2528312 loops=1)
        Buckets: 131072  Batches: 64  Memory Usage: 2415kB
        ->  Seq Scan on title t  (cost=0.00..61283.27 rows=2528527 width=4) (actual time=0.020..1057.396 rows=2528312 loops=1)
Planning time: 0.759 ms
Execution time: 18446.997 ms
