Hash Join  (cost=83073.49..447735.01 rows=560 width=0) (actual time=1242.447..7542.007 rows=122667 loops=1)
  Hash Cond: (mi.movie_id = t.id)
  ->  Seq Scan on movie_info mi  (cost=0.00..309384.22 rows=14739122 width=4) (actual time=0.012..3468.282 rows=14835720 loops=1)
  ->  Hash  (cost=83072.29..83072.29 rows=96 width=8) (actual time=1242.188..1242.188 rows=1635 loops=1)
        Buckets: 2048 (originally 1024)  Batches: 1 (originally 1)  Memory Usage: 80kB
        ->  Nested Loop  (cost=0.43..83072.29 rows=96 width=8) (actual time=12.863..1240.991 rows=1635 loops=1)
              ->  Seq Scan on movie_keyword mk  (cost=0.00..81003.12 rows=246 width=4) (actual time=12.783..1178.206 rows=2212 loops=1)
                    Filter: (keyword_id = 2560)
                    Rows Removed by Filter: 4521718
              ->  Index Scan using title_pkey on title t  (cost=0.43..8.40 rows=1 width=4) (actual time=0.027..0.027 rows=1 loops=2212)
                    Index Cond: (id = mk.movie_id)
                    Filter: (kind_id < 7)
                    Rows Removed by Filter: 0
Planning time: 1.212 ms
Execution time: 7559.993 ms
