Hash Join  (cost=196043.17..331764.00 rows=1125979 width=0) (actual time=3958.946..7836.943 rows=2145846 loops=1)
  Hash Cond: (mk.movie_id = t.id)
  ->  Seq Scan on movie_keyword mk  (cost=0.00..69693.30 rows=4523930 width=4) (actual time=0.013..1351.745 rows=4523930 loops=1)
  ->  Hash  (cost=185717.49..185717.49 rows=629335 width=8) (actual time=3957.712..3957.712 rows=399354 loops=1)
        Buckets: 131072  Batches: 16  Memory Usage: 2001kB
        ->  Hash Join  (cost=102767.86..185717.49 rows=629335 width=8) (actual time=1807.369..3831.057 rows=399354 loops=1)
              Hash Cond: (mc.movie_id = t.id)
              ->  Seq Scan on movie_companies mc  (cost=0.00..57926.93 rows=629335 width=4) (actual time=0.019..960.794 rows=399354 loops=1)
                    Filter: ((company_id < 11141) AND (company_type_id > 1))
                    Rows Removed by Filter: 2209775
              ->  Hash  (cost=61283.27..61283.27 rows=2528527 width=4) (actual time=1805.786..1805.786 rows=2528312 loops=1)
                    Buckets: 131072  Batches: 64  Memory Usage: 2415kB
                    ->  Seq Scan on title t  (cost=0.00..61283.27 rows=2528527 width=4) (actual time=0.009..958.680 rows=2528312 loops=1)
Planning time: 1.048 ms
Execution time: 8120.970 ms
