Seq Scan on cast_info ci  (cost=0.00..796071.18 rows=5376155 width=0) (actual time=0.023..11597.776 rows=2276065 loops=1)
  Filter: ((person_id < 799707) AND (role_id > 1))
  Rows Removed by Filter: 33968279
Planning time: 0.338 ms
Execution time: 11893.475 ms
