Seq Scan on movie_companies mc  (cost=0.00..51404.11 rows=2507894 width=0) (actual time=0.021..950.095 rows=2507110 loops=1)
  Filter: (company_id < 156341)
  Rows Removed by Filter: 102019
Planning time: 0.438 ms
Execution time: 1259.740 ms
