Seq Scan on cast_info ci  (cost=0.00..705507.15 rows=500 width=0) (actual time=3928.604..9618.250 rows=19 loops=1)
  Filter: (person_id = 2959006)
  Rows Removed by Filter: 36244325
Planning time: 0.359 ms
Execution time: 9618.339 ms
