Hash Join  (cost=102767.86..948429.29 rows=5414048 width=0) (actual time=1827.504..17222.939 rows=5330656 loops=1)
  Hash Cond: (ci.movie_id = t.id)
  ->  Seq Scan on cast_info ci  (cost=0.00..705507.15 rows=5414048 width=4) (actual time=112.688..10993.292 rows=5330656 loops=1)
        Filter: (person_id < 515315)
        Rows Removed by Filter: 30913688
  ->  Hash  (cost=61283.27..61283.27 rows=2528527 width=4) (actual time=1712.824..1712.824 rows=2528312 loops=1)
        Buckets: 131072  Batches: 64  Memory Usage: 2415kB
        ->  Seq Scan on title t  (cost=0.00..61283.27 rows=2528527 width=4) (actual time=0.025..887.785 rows=2528312 loops=1)
Planning time: 0.732 ms
Execution time: 17822.873 ms
