Hash Join  (cost=103574.60..487335.56 rows=1168925 width=0) (actual time=4914.770..8164.341 rows=1088989 loops=1)
  Hash Cond: (mi.movie_id = t.id)
  ->  Seq Scan on movie_info mi  (cost=0.00..346232.03 rows=1348138 width=4) (actual time=2982.162..4825.331 rows=1298989 loops=1)
        Filter: (info_type_id = 4)
        Rows Removed by Filter: 13536731
  ->  Hash  (cost=67604.59..67604.59 rows=2192401 width=4) (actual time=1931.437..1931.437 rows=2182316 loops=1)
        Buckets: 131072  Batches: 32  Memory Usage: 3434kB
        ->  Seq Scan on title t  (cost=0.00..67604.59 rows=2192401 width=4) (actual time=0.015..1219.948 rows=2182316 loops=1)
              Filter: (production_year > 1962)
              Rows Removed by Filter: 345996
Planning time: 0.766 ms
Execution time: 8298.054 ms
