Hash Join  (cost=102767.86..1005068.98 rows=4004181 width=0) (actual time=1855.121..21295.654 rows=8970856 loops=1)
  Hash Cond: (ci.movie_id = t.id)
  ->  Seq Scan on cast_info ci  (cost=0.00..796071.18 rows=4004181 width=4) (actual time=12.383..13081.429 rows=8970856 loops=1)
        Filter: ((person_id > 2799090) AND (role_id > 2))
        Rows Removed by Filter: 27273488
  ->  Hash  (cost=61283.27..61283.27 rows=2528527 width=4) (actual time=1841.569..1841.569 rows=2528312 loops=1)
        Buckets: 131072  Batches: 64  Memory Usage: 2415kB
        ->  Seq Scan on title t  (cost=0.00..61283.27 rows=2528527 width=4) (actual time=0.025..1016.563 rows=2528312 loops=1)
Planning time: 1.101 ms
Execution time: 22098.089 ms
