Hash Join  (cost=131774.52..887560.58 rows=499689 width=0) (actual time=2658.856..20790.979 rows=635044 loops=1)
  Hash Cond: (ci.movie_id = t.id)
  ->  Seq Scan on cast_info ci  (cost=0.00..614943.12 rows=36225612 width=4) (actual time=0.025..9427.443 rows=36244344 loops=1)
  ->  Hash  (cost=131338.55..131338.55 rows=34878 width=8) (actual time=2658.231..2658.231 rows=14242 loops=1)
        Buckets: 65536  Batches: 1  Memory Usage: 1069kB
        ->  Hash Join  (cost=74787.47..131338.55 rows=34878 width=8) (actual time=1479.640..2652.765 rows=14242 loops=1)
              Hash Cond: (mc.movie_id = t.id)
              ->  Seq Scan on movie_companies mc  (cost=0.00..51404.11 rows=1279517 width=4) (actual time=172.935..1022.936 rows=1274246 loops=1)
                    Filter: (company_type_id = 1)
                    Rows Removed by Filter: 1334883
              ->  Hash  (cost=73925.90..73925.90 rows=68925 width=4) (actual time=1305.942..1305.942 rows=84076 loops=1)
                    Buckets: 131072  Batches: 1  Memory Usage: 3980kB
                    ->  Seq Scan on title t  (cost=0.00..73925.90 rows=68925 width=4) (actual time=29.012..1266.830 rows=84076 loops=1)
                          Filter: ((kind_id = 7) AND (production_year = 2007))
                          Rows Removed by Filter: 2444236
Planning time: 2.554 ms
Execution time: 20880.162 ms
