Seq Scan on movie_keyword mk  (cost=0.00..81003.12 rows=2331109 width=0) (actual time=0.020..1407.390 rows=2330416 loops=1)
  Filter: (keyword_id > 4349)
  Rows Removed by Filter: 2193514
Planning time: 0.338 ms
Execution time: 1718.600 ms
