Hash Join  (cost=147036.49..273372.69 rows=355716 width=0) (actual time=2712.892..6090.707 rows=1505946 loops=1)
  Hash Cond: (mk.movie_id = t.id)
  ->  Seq Scan on movie_keyword mk  (cost=0.00..69693.30 rows=4523930 width=4) (actual time=0.009..1326.790 rows=4523930 loops=1)
  ->  Hash  (cost=143774.27..143774.27 rows=198818 width=8) (actual time=2711.158..2711.158 rows=118438 loops=1)
        Buckets: 131072  Batches: 4  Memory Usage: 2185kB
        ->  Hash Join  (cost=74050.79..143774.27 rows=198818 width=8) (actual time=1111.827..2669.293 rows=118438 loops=1)
              Hash Cond: (mc.movie_id = t.id)
              ->  Seq Scan on movie_companies mc  (cost=0.00..51404.11 rows=1279517 width=4) (actual time=0.008..875.619 rows=1274246 loops=1)
                    Filter: (company_type_id < 2)
                    Rows Removed by Filter: 1334883
              ->  Hash  (cost=67604.59..67604.59 rows=392896 width=4) (actual time=1111.082..1111.082 rows=391666 loops=1)
                    Buckets: 131072  Batches: 8  Memory Usage: 2753kB
                    ->  Seq Scan on title t  (cost=0.00..67604.59 rows=392896 width=4) (actual time=0.006..986.732 rows=391666 loops=1)
                          Filter: (production_year > 2010)
                          Rows Removed by Filter: 2136646
Planning time: 0.745 ms
Execution time: 6276.076 ms
