Hash Join  (cost=83421.83..599227.44 rows=3373868 width=0) (actual time=1236.821..15397.245 rows=5890975 loops=1)
  Hash Cond: (mi.movie_id = t.id)
  ->  Seq Scan on movie_info mi  (cost=0.00..309384.22 rows=14739122 width=4) (actual time=0.013..5370.420 rows=14835720 loops=1)
  ->  Hash  (cost=73925.90..73925.90 rows=578794 width=4) (actual time=1236.076..1236.076 rows=457365 loops=1)
        Buckets: 131072  Batches: 8  Memory Usage: 3055kB
        ->  Seq Scan on title t  (cost=0.00..73925.90 rows=578794 width=4) (actual time=143.146..1092.237 rows=457365 loops=1)
              Filter: ((production_year > 1962) AND (kind_id = 1))
              Rows Removed by Filter: 2070947
Planning time: 3.319 ms
Execution time: 16095.569 ms
