Hash Join  (cost=147368.37..513644.11 rows=129498 width=0) (actual time=3517.778..8417.622 rows=277834 loops=1)
  Hash Cond: (mi.movie_id = t.id)
  ->  Seq Scan on movie_info mi  (cost=0.00..346232.03 rows=1550064 width=4) (actual time=879.432..4792.255 rows=1533909 loops=1)
        Filter: (info_type_id = 3)
        Rows Removed by Filter: 13301811
  ->  Hash  (cost=143901.83..143901.83 rows=211243 width=8) (actual time=2637.503..2637.503 rows=205994 loops=1)
        Buckets: 131072  Batches: 4  Memory Usage: 3041kB
        ->  Hash Join  (cost=78473.92..143901.83 rows=211243 width=8) (actual time=1196.869..2569.641 rows=205994 loops=1)
              Hash Cond: (mc.movie_id = t.id)
              ->  Seq Scan on movie_companies mc  (cost=0.00..51404.11 rows=806230 width=4) (actual time=0.045..825.702 rows=813021 loops=1)
                    Filter: (company_id > 28913)
                    Rows Removed by Filter: 1796108
              ->  Hash  (cost=67604.59..67604.59 rows=662507 width=4) (actual time=1196.046..1196.046 rows=662065 loops=1)
                    Buckets: 131072  Batches: 16  Memory Usage: 2481kB
                    ->  Seq Scan on title t  (cost=0.00..67604.59 rows=662507 width=4) (actual time=0.021..993.456 rows=662065 loops=1)
                          Filter: (production_year > 2008)
                          Rows Removed by Filter: 1866247
Planning time: 1.879 ms
Execution time: 8451.397 ms
