Hash Join  (cost=80043.74..154262.61 rows=167794 width=0) (actual time=1662.976..2893.674 rows=116734 loops=1)
  Hash Cond: (mc.movie_id = t.id)
  ->  Seq Scan on movie_companies mc  (cost=0.00..57926.93 rows=1137864 width=4) (actual time=436.417..1095.622 rows=1247887 loops=1)
        Filter: ((company_id > 222) AND (company_type_id = 2))
        Rows Removed by Filter: 1361242
  ->  Hash  (cost=73925.90..73925.90 rows=372867 width=4) (actual time=1225.584..1225.584 rows=256191 loops=1)
        Buckets: 131072  Batches: 8  Memory Usage: 2139kB
        ->  Seq Scan on title t  (cost=0.00..73925.90 rows=372867 width=4) (actual time=0.028..1140.648 rows=256191 loops=1)
              Filter: ((kind_id > 4) AND (production_year < 1986))
              Rows Removed by Filter: 2272121
Planning time: 0.753 ms
Execution time: 2906.585 ms
