Seq Scan on movie_keyword mk  (cost=0.00..81003.12 rows=3347614 width=0) (actual time=0.019..1465.008 rows=3342904 loops=1)
  Filter: (keyword_id > 1398)
  Rows Removed by Filter: 1181026
Planning time: 0.340 ms
Execution time: 1879.769 ms
