Hash Join  (cost=102767.86..177563.81 rows=290524 width=0) (actual time=1903.718..2833.346 rows=3135 loops=1)
  Hash Cond: (mc.movie_id = t.id)
  ->  Seq Scan on movie_companies mc  (cost=0.00..57926.93 rows=290524 width=4) (actual time=229.379..757.963 rows=3135 loops=1)
        Filter: ((company_id > 68007) AND (company_type_id < 2))
        Rows Removed by Filter: 2605994
  ->  Hash  (cost=61283.27..61283.27 rows=2528527 width=4) (actual time=1673.530..1673.530 rows=2528312 loops=1)
        Buckets: 131072  Batches: 64  Memory Usage: 2415kB
        ->  Seq Scan on title t  (cost=0.00..61283.27 rows=2528527 width=4) (actual time=0.020..839.235 rows=2528312 loops=1)
Planning time: 0.726 ms
Execution time: 2833.888 ms
