Hash Join  (cost=102767.86..1354932.09 rows=18543942 width=0) (actual time=1809.078..37031.326 rows=20247580 loops=1)
  Hash Cond: (ci.movie_id = t.id)
  ->  Seq Scan on cast_info ci  (cost=0.00..796071.18 rows=18543942 width=4) (actual time=0.016..15259.332 rows=20247580 loops=1)
        Filter: ((person_id < 2135175) AND (role_id < 10))
        Rows Removed by Filter: 15996764
  ->  Hash  (cost=61283.27..61283.27 rows=2528527 width=4) (actual time=1807.724..1807.724 rows=2528312 loops=1)
        Buckets: 131072  Batches: 64  Memory Usage: 2415kB
        ->  Seq Scan on title t  (cost=0.00..61283.27 rows=2528527 width=4) (actual time=0.014..964.210 rows=2528312 loops=1)
Planning time: 0.760 ms
Execution time: 39295.782 ms
