Hash Join  (cost=52284.99..138944.89 rows=186 width=0) (actual time=1519.922..2390.556 rows=2 loops=1)
  Hash Cond: (mk.movie_id = t.id)
  ->  Seq Scan on movie_keyword mk  (cost=0.00..69693.30 rows=4523930 width=4) (actual time=0.007..824.958 rows=4523930 loops=1)
  ->  Hash  (cost=52283.69..52283.69 rows=104 width=8) (actual time=750.221..750.221 rows=38 loops=1)
        Buckets: 1024  Batches: 1  Memory Usage: 10kB
        ->  Nested Loop  (cost=0.43..52283.69 rows=104 width=8) (actual time=580.229..750.198 rows=38 loops=1)
              ->  Seq Scan on movie_companies mc  (cost=0.00..51404.11 rows=104 width=4) (actual time=580.107..738.047 rows=38 loops=1)
                    Filter: (company_id = 73995)
                    Rows Removed by Filter: 2609091
              ->  Index Only Scan using title_pkey on title t  (cost=0.43..8.45 rows=1 width=4) (actual time=0.317..0.318 rows=1 loops=38)
                    Index Cond: (id = mc.movie_id)
                    Heap Fetches: 38
Planning time: 1.056 ms
Execution time: 2390.637 ms
