Hash Join  (cost=79462.84..570367.06 rows=1483332 width=0) (actual time=1090.954..12677.317 rows=833031 loops=1)
  Hash Cond: (mi.movie_id = t.id)
  ->  Seq Scan on movie_info mi  (cost=0.00..346232.03 rows=11115165 width=4) (actual time=0.011..6292.784 rows=11210743 loops=1)
        Filter: (info_type_id > 3)
        Rows Removed by Filter: 3624977
  ->  Hash  (cost=73925.90..73925.90 rows=337435 width=4) (actual time=1028.306..1028.306 rows=225506 loops=1)
        Buckets: 131072  Batches: 8  Memory Usage: 2010kB
        ->  Seq Scan on title t  (cost=0.00..73925.90 rows=337435 width=4) (actual time=0.019..951.078 rows=225506 loops=1)
              Filter: ((production_year < 1983) AND (kind_id = 7))
              Rows Removed by Filter: 2302806
Planning time: 0.751 ms
Execution time: 12779.735 ms
