Hash Join  (cost=102767.86..179687.59 rows=378757 width=0) (actual time=2082.475..3702.031 rows=696798 loops=1)
  Hash Cond: (mc.movie_id = t.id)
  ->  Seq Scan on movie_companies mc  (cost=0.00..57926.93 rows=378757 width=4) (actual time=207.798..924.191 rows=696798 loops=1)
        Filter: ((company_id > 37385) AND (company_type_id > 1))
        Rows Removed by Filter: 1912331
  ->  Hash  (cost=61283.27..61283.27 rows=2528527 width=4) (actual time=1873.498..1873.498 rows=2528312 loops=1)
        Buckets: 131072  Batches: 64  Memory Usage: 2415kB
        ->  Seq Scan on title t  (cost=0.00..61283.27 rows=2528527 width=4) (actual time=0.010..1057.696 rows=2528312 loops=1)
Planning time: 6.576 ms
Execution time: 3779.217 ms
