Nested Loop  (cost=0.43..799580.38 rows=17 width=0) (actual time=6744.638..13596.710 rows=3 loops=1)
  ->  Seq Scan on cast_info ci  (cost=0.00..796071.18 rows=420 width=4) (actual time=6744.473..13593.056 rows=83 loops=1)
        Filter: ((role_id < 9) AND (person_id = 2968359))
        Rows Removed by Filter: 36244261
  ->  Index Scan using title_pkey on title t  (cost=0.43..8.35 rows=1 width=4) (actual time=0.043..0.043 rows=0 loops=83)
        Index Cond: (id = ci.movie_id)
        Filter: (kind_id = 3)
        Rows Removed by Filter: 1
Planning time: 0.740 ms
Execution time: 13596.820 ms
