Hash Join  (cost=171278.03..202861.69 rows=32810 width=0) (actual time=3165.971..4144.868 rows=83751 loops=1)
  Hash Cond: (mi_idx.movie_id = t.id)
  ->  Seq Scan on movie_info_idx mi_idx  (cost=0.00..25185.44 rows=464566 width=4) (actual time=0.015..420.123 rows=459925 loops=1)
        Filter: (info_type_id = 101)
        Rows Removed by Filter: 920110
  ->  Hash  (cost=168347.83..168347.83 rows=178576 width=8) (actual time=3165.105..3165.105 rows=180633 loops=1)
        Buckets: 131072  Batches: 4  Memory Usage: 2799kB
        ->  Hash Join  (cost=102767.86..168347.83 rows=178576 width=8) (actual time=1912.672..3114.359 rows=180633 loops=1)
              Hash Cond: (mc.movie_id = t.id)
              ->  Seq Scan on movie_companies mc  (cost=0.00..51404.11 rows=178576 width=4) (actual time=0.082..693.411 rows=180633 loops=1)
                    Filter: (company_id < 36)
                    Rows Removed by Filter: 2428496
              ->  Hash  (cost=61283.27..61283.27 rows=2528527 width=4) (actual time=1911.096..1911.096 rows=2528312 loops=1)
                    Buckets: 131072  Batches: 64  Memory Usage: 2415kB
                    ->  Seq Scan on title t  (cost=0.00..61283.27 rows=2528527 width=4) (actual time=0.019..1086.453 rows=2528312 loops=1)
Planning time: 1.094 ms
Execution time: 4156.522 ms
