Hash Join  (cost=93117.31..1252538.51 rows=14524318 width=0) (actual time=2024.142..33861.732 rows=14708885 loops=1)
  Hash Cond: (ci.movie_id = t.id)
  ->  Seq Scan on cast_info ci  (cost=0.00..705507.15 rows=23617173 width=4) (actual time=0.018..15391.615 rows=23520216 loops=1)
        Filter: (person_id < 2408433)
        Rows Removed by Filter: 12724128
  ->  Hash  (cost=67604.59..67604.59 rows=1555018 width=4) (actual time=2022.623..2022.623 rows=1551727 loops=1)
        Buckets: 131072  Batches: 32  Memory Usage: 2728kB
        ->  Seq Scan on title t  (cost=0.00..67604.59 rows=1555018 width=4) (actual time=0.026..1336.961 rows=1551727 loops=1)
              Filter: (production_year < 2007)
              Rows Removed by Filter: 976585
Planning time: 0.725 ms
Execution time: 35464.825 ms
