Hash Join  (cost=419074.30..1172503.73 rows=19957 width=0) (actual time=6866.032..20280.883 rows=45577 loops=1)
  Hash Cond: (ci.movie_id = t.id)
  ->  Seq Scan on cast_info ci  (cost=0.00..705507.15 rows=12726058 width=4) (actual time=1159.732..12352.031 rows=12670688 loops=1)
        Filter: (role_id = 1)
        Rows Removed by Filter: 23573656
  ->  Hash  (cost=419024.74..419024.74 rows=3965 width=8) (actual time=5705.760..5705.760 rows=6850 loops=1)
        Buckets: 8192 (originally 4096)  Batches: 1 (originally 1)  Memory Usage: 332kB
        ->  Hash Join  (cost=67697.55..419024.74 rows=3965 width=8) (actual time=3368.026..5702.484 rows=6850 loops=1)
              Hash Cond: (mi.movie_id = t.id)
              ->  Seq Scan on movie_info mi  (cost=0.00..346232.03 rows=1348138 width=4) (actual time=2512.108..4620.294 rows=1298989 loops=1)
                    Filter: (info_type_id = 4)
                    Rows Removed by Filter: 13536731
              ->  Hash  (cost=67604.59..67604.59 rows=7437 width=4) (actual time=854.829..854.829 rows=8007 loops=1)
                    Buckets: 8192  Batches: 1  Memory Usage: 346kB
                    ->  Seq Scan on title t  (cost=0.00..67604.59 rows=7437 width=4) (actual time=0.135..851.016 rows=8007 loops=1)
                          Filter: (production_year = 1955)
                          Rows Removed by Filter: 2520305
Planning time: 1.580 ms
Execution time: 20288.900 ms
