Hash Join  (cost=109482.42..865653.43 rows=538188 width=0) (actual time=2214.808..26435.270 rows=2094423 loops=1)
  Hash Cond: (ci.movie_id = t.id)
  ->  Seq Scan on cast_info ci  (cost=0.00..614943.12 rows=36225612 width=4) (actual time=0.016..8188.525 rows=36244344 loops=1)
  ->  Hash  (cost=109012.85..109012.85 rows=37565 width=8) (actual time=2214.356..2214.356 rows=84507 loops=1)
        Buckets: 131072 (originally 65536)  Batches: 2 (originally 1)  Memory Usage: 3073kB
        ->  Hash Join  (cost=77280.64..109012.85 rows=37565 width=8) (actual time=1136.511..2178.675 rows=84507 loops=1)
              Hash Cond: (mi_idx.movie_id = t.id)
              ->  Seq Scan on movie_info_idx mi_idx  (cost=0.00..25185.44 rows=464566 width=4) (actual time=0.022..433.986 rows=459925 loops=1)
                    Filter: (info_type_id = 101)
                    Rows Removed by Filter: 920110
              ->  Hash  (cost=73925.90..73925.90 rows=204459 width=4) (actual time=1135.640..1135.640 rows=313929 loops=1)
                    Buckets: 131072  Batches: 4  Memory Usage: 3786kB
                    ->  Seq Scan on title t  (cost=0.00..73925.90 rows=204459 width=4) (actual time=0.027..1026.999 rows=313929 loops=1)
                          Filter: ((kind_id < 7) AND (production_year < 1981))
                          Rows Removed by Filter: 2214383
Planning time: 1.296 ms
Execution time: 26705.033 ms
