Nested Loop  (cost=0.43..52283.69 rows=104 width=0) (actual time=7.626..665.554 rows=6 loops=1)
  ->  Seq Scan on movie_companies mc  (cost=0.00..51404.11 rows=104 width=4) (actual time=7.542..665.219 rows=6 loops=1)
        Filter: (company_id = 62606)
        Rows Removed by Filter: 2609123
  ->  Index Only Scan using title_pkey on title t  (cost=0.43..8.45 rows=1 width=4) (actual time=0.049..0.050 rows=1 loops=6)
        Index Cond: (id = mc.movie_id)
        Heap Fetches: 6
Planning time: 0.750 ms
Execution time: 665.625 ms
