Nested Loop  (cost=0.43..52283.69 rows=104 width=0) (actual time=8.760..810.159 rows=478 loops=1)
  ->  Seq Scan on movie_companies mc  (cost=0.00..51404.11 rows=104 width=4) (actual time=8.688..797.303 rows=478 loops=1)
        Filter: (company_id = 11204)
        Rows Removed by Filter: 2608651
  ->  Index Only Scan using title_pkey on title t  (cost=0.43..8.45 rows=1 width=4) (actual time=0.025..0.026 rows=1 loops=478)
        Index Cond: (id = mc.movie_id)
        Heap Fetches: 478
Planning time: 1.670 ms
Execution time: 810.379 ms
