Hash Join  (cost=52284.74..138943.91 rows=113 width=0) (actual time=2375.956..2431.737 rows=24 loops=1)
  Hash Cond: (mk.movie_id = t.id)
  ->  Seq Scan on movie_keyword mk  (cost=0.00..69693.30 rows=4523930 width=4) (actual time=0.024..927.312 rows=4523930 loops=1)
  ->  Hash  (cost=52283.95..52283.95 rows=63 width=8) (actual time=705.226..705.226 rows=73 loops=1)
        Buckets: 1024  Batches: 1  Memory Usage: 11kB
        ->  Nested Loop  (cost=0.43..52283.95 rows=63 width=8) (actual time=49.435..705.166 rows=73 loops=1)
              ->  Seq Scan on movie_companies mc  (cost=0.00..51404.11 rows=104 width=4) (actual time=4.486..699.058 rows=253 loops=1)
                    Filter: (company_id = 371)
                    Rows Removed by Filter: 2608876
              ->  Index Scan using title_pkey on title t  (cost=0.43..8.45 rows=1 width=4) (actual time=0.022..0.023 rows=0 loops=253)
                    Index Cond: (id = mc.movie_id)
                    Filter: (kind_id = 7)
                    Rows Removed by Filter: 1
Planning time: 1.128 ms
Execution time: 2431.913 ms
