Hash Join  (cost=440223.08..1579874.45 rows=2010050 width=0) (actual time=6451.742..37205.139 rows=2547582 loops=1)
  Hash Cond: (ci.movie_id = t.id)
  ->  Seq Scan on cast_info ci  (cost=0.00..705507.15 rows=35760996 width=4) (actual time=0.020..15380.980 rows=35754244 loops=1)
        Filter: (person_id < 3968588)
        Rows Removed by Filter: 490100
  ->  Hash  (cost=437890.54..437890.54 rows=142123 width=8) (actual time=6450.819..6450.819 rows=164015 loops=1)
        Buckets: 131072 (originally 131072)  Batches: 4 (originally 2)  Memory Usage: 3073kB
        ->  Hash Join  (cost=71408.55..437890.54 rows=142123 width=8) (actual time=1023.180..6390.989 rows=164015 loops=1)
              Hash Cond: (mi.movie_id = t.id)
              ->  Seq Scan on movie_info mi  (cost=0.00..346232.03 rows=1550064 width=4) (actual time=0.012..4628.019 rows=1533909 loops=1)
                    Filter: (info_type_id = 3)
                    Rows Removed by Filter: 13301811
              ->  Hash  (cost=67604.59..67604.59 rows=231837 width=4) (actual time=1022.309..1022.309 rows=231649 loops=1)
                    Buckets: 131072  Batches: 4  Memory Usage: 3082kB
                    ->  Seq Scan on title t  (cost=0.00..67604.59 rows=231837 width=4) (actual time=0.021..937.475 rows=231649 loops=1)
                          Filter: (production_year > 2011)
                          Rows Removed by Filter: 2296663
Planning time: 1.098 ms
Execution time: 37495.985 ms
