Seq Scan on movie_keyword mk  (cost=0.00..81003.12 rows=3828102 width=0) (actual time=0.011..1385.020 rows=3823187 loops=1)
  Filter: (keyword_id < 26904)
  Rows Removed by Filter: 700743
Planning time: 0.219 ms
Execution time: 1813.514 ms
