Hash Join  (cost=194927.72..330048.00 rows=1076725 width=0) (actual time=4328.371..9695.507 rows=6016016 loops=1)
  Hash Cond: (mk.movie_id = t.id)
  ->  Seq Scan on movie_keyword mk  (cost=0.00..69693.30 rows=4523930 width=4) (actual time=0.022..1341.752 rows=4523930 loops=1)
  ->  Hash  (cost=185054.14..185054.14 rows=601806 width=8) (actual time=4327.341..4327.341 rows=880031 loops=1)
        Buckets: 131072 (originally 131072)  Batches: 16 (originally 8)  Memory Usage: 3193kB
        ->  Hash Join  (cost=102767.86..185054.14 rows=601806 width=8) (actual time=2018.616..4052.903 rows=880031 loops=1)
              Hash Cond: (mc.movie_id = t.id)
              ->  Seq Scan on movie_companies mc  (cost=0.00..57926.93 rows=601806 width=4) (actual time=70.266..933.401 rows=880031 loops=1)
                    Filter: ((company_id > 12473) AND (company_type_id = 2))
                    Rows Removed by Filter: 1729098
              ->  Hash  (cost=61283.27..61283.27 rows=2528527 width=4) (actual time=1947.122..1947.122 rows=2528312 loops=1)
                    Buckets: 131072  Batches: 64  Memory Usage: 2415kB
                    ->  Seq Scan on title t  (cost=0.00..61283.27 rows=2528527 width=4) (actual time=0.016..1114.133 rows=2528312 loops=1)
Planning time: 1.112 ms
Execution time: 10330.739 ms
