Hash Join  (cost=83074.16..836311.58 rows=754 width=0) (actual time=1202.101..14924.234 rows=1127 loops=1)
  Hash Cond: (ci.movie_id = t.id)
  ->  Seq Scan on cast_info ci  (cost=0.00..705507.15 rows=12726058 width=4) (actual time=0.016..12107.268 rows=12670688 loops=1)
        Filter: (role_id = 1)
        Rows Removed by Filter: 23573656
  ->  Hash  (cost=83072.29..83072.29 rows=150 width=8) (actual time=1189.591..1189.591 rows=95 loops=1)
        Buckets: 1024  Batches: 1  Memory Usage: 12kB
        ->  Nested Loop  (cost=0.43..83072.29 rows=150 width=8) (actual time=54.938..1189.498 rows=95 loops=1)
              ->  Seq Scan on movie_keyword mk  (cost=0.00..81003.12 rows=246 width=4) (actual time=0.128..1161.273 rows=405 loops=1)
                    Filter: (keyword_id = 3175)
                    Rows Removed by Filter: 4523525
              ->  Index Scan using title_pkey on title t  (cost=0.43..8.40 rows=1 width=4) (actual time=0.068..0.068 rows=0 loops=405)
                    Index Cond: (id = mk.movie_id)
                    Filter: (kind_id = 7)
                    Rows Removed by Filter: 1
Planning time: 1.142 ms
Execution time: 14924.954 ms
