Hash Join  (cost=100972.04..182196.72 rows=70 width=0) (actual time=1669.751..2344.092 rows=177 loops=1)
  Hash Cond: (mk.movie_id = t.id)
  ->  Seq Scan on movie_keyword mk  (cost=0.00..81003.12 rows=58893 width=4) (actual time=0.029..671.490 rows=55623 loops=1)
        Filter: (keyword_id > 97017)
        Rows Removed by Filter: 4468307
  ->  Hash  (cost=100934.69..100934.69 rows=2988 width=8) (actual time=1664.744..1664.744 rows=10692 loops=1)
        Buckets: 16384 (originally 4096)  Batches: 1 (originally 1)  Memory Usage: 546kB
        ->  Hash Join  (cost=73994.33..100934.69 rows=2988 width=8) (actual time=1152.169..1661.259 rows=10692 loops=1)
              Hash Cond: (mi_idx.movie_id = t.id)
              ->  Seq Scan on movie_info_idx mi_idx  (cost=0.00..21735.35 rows=1380035 width=4) (actual time=0.026..231.164 rows=1380035 loops=1)
              ->  Hash  (cost=73925.90..73925.90 rows=5474 width=4) (actual time=1151.858..1151.858 rows=18793 loops=1)
                    Buckets: 32768 (originally 8192)  Batches: 1 (originally 1)  Memory Usage: 917kB
                    ->  Seq Scan on title t  (cost=0.00..73925.90 rows=5474 width=4) (actual time=0.129..1143.004 rows=18793 loops=1)
                          Filter: ((kind_id > 1) AND (production_year = 1991))
                          Rows Removed by Filter: 2509519
Planning time: 1.203 ms
Execution time: 2344.409 ms
