Seq Scan on cast_info ci  (cost=0.00..796071.18 rows=349424 width=0) (actual time=680.168..13289.485 rows=216650 loops=1)
  Filter: ((person_id < 4046023) AND (role_id > 10))
  Rows Removed by Filter: 36027694
Planning time: 0.363 ms
Execution time: 13317.183 ms
