Hash Join  (cost=174865.45..290755.75 rows=746411 width=0) (actual time=3678.809..7012.575 rows=3117342 loops=1)
  Hash Cond: (mk.movie_id = t.id)
  ->  Seq Scan on movie_keyword mk  (cost=0.00..81003.12 rows=2062417 width=4) (actual time=0.019..1498.932 rows=2080346 loops=1)
        Filter: (keyword_id < 3681)
        Rows Removed by Filter: 2443584
  ->  Hash  (cost=159851.69..159851.69 rows=915101 width=8) (actual time=3678.022..3678.022 rows=919850 loops=1)
        Buckets: 131072  Batches: 16  Memory Usage: 3282kB
        ->  Hash Join  (cost=102767.86..159851.69 rows=915101 width=8) (actual time=1770.160..3408.230 rows=919850 loops=1)
              Hash Cond: (mi_idx.movie_id = t.id)
              ->  Seq Scan on movie_info_idx mi_idx  (cost=0.00..25185.44 rows=915101 width=4) (actual time=0.024..494.616 rows=919850 loops=1)
                    Filter: (info_type_id < 101)
                    Rows Removed by Filter: 460185
              ->  Hash  (cost=61283.27..61283.27 rows=2528527 width=4) (actual time=1768.551..1768.551 rows=2528312 loops=1)
                    Buckets: 131072  Batches: 64  Memory Usage: 2415kB
                    ->  Seq Scan on title t  (cost=0.00..61283.27 rows=2528527 width=4) (actual time=0.021..909.720 rows=2528312 loops=1)
Planning time: 1.154 ms
Execution time: 7371.547 ms
