Seq Scan on cast_info ci  (cost=0.00..796071.18 rows=10315886 width=0) (actual time=7555.295..13151.307 rows=7778307 loops=1)
  Filter: ((person_id > 656585) AND (role_id = 1))
  Rows Removed by Filter: 28466037
Planning time: 1.590 ms
Execution time: 14129.254 ms
