Hash Join  (cost=242776.59..758529.28 rows=4560064 width=0) (actual time=5999.498..41594.156 rows=128230783 loops=1)
  Hash Cond: (mi.movie_id = t.id)
  ->  Seq Scan on movie_info mi  (cost=0.00..346232.03 rows=9293409 width=4) (actual time=0.015..5887.542 rows=9425200 loops=1)
        Filter: (info_type_id > 5)
        Rows Removed by Filter: 5410520
  ->  Hash  (cost=222420.97..222420.97 rows=1240690 width=8) (actual time=5998.045..5998.045 rows=2310238 loops=1)
        Buckets: 131072  Batches: 32  Memory Usage: 3908kB
        ->  Hash Join  (cost=85303.03..222420.97 rows=1240690 width=8) (actual time=1380.981..5344.459 rows=2310238 loops=1)
              Hash Cond: (mk.movie_id = t.id)
              ->  Seq Scan on movie_keyword mk  (cost=0.00..69693.30 rows=4523930 width=4) (actual time=0.011..1383.902 rows=4523930 loops=1)
              ->  Hash  (cost=73925.90..73925.90 rows=693450 width=4) (actual time=1379.946..1379.946 rows=595167 loops=1)
                    Buckets: 131072  Batches: 16  Memory Usage: 2338kB
                    ->  Seq Scan on title t  (cost=0.00..73925.90 rows=693450 width=4) (actual time=0.017..1181.064 rows=595167 loops=1)
                          Filter: ((kind_id < 7) AND (production_year > 1989))
                          Rows Removed by Filter: 1933145
Planning time: 1.126 ms
Execution time: 54204.278 ms
