Nested Loop  (cost=0.43..83071.67 rows=246 width=0) (actual time=0.152..1158.858 rows=2451 loops=1)
  ->  Seq Scan on movie_keyword mk  (cost=0.00..81003.12 rows=246 width=4) (actual time=0.097..1093.150 rows=2451 loops=1)
        Filter: (keyword_id = 2987)
        Rows Removed by Filter: 4521479
  ->  Index Only Scan using title_pkey on title t  (cost=0.43..8.40 rows=1 width=4) (actual time=0.026..0.026 rows=1 loops=2451)
        Index Cond: (id = mk.movie_id)
        Heap Fetches: 2451
Planning time: 0.766 ms
Execution time: 1159.658 ms
