Hash Join  (cost=281003.77..916485.62 rows=12863202 width=0) (actual time=6494.788..39727.943 rows=105475419 loops=1)
  Hash Cond: (mi.movie_id = t.id)
  ->  Seq Scan on movie_info mi  (cost=0.00..309384.22 rows=14739122 width=4) (actual time=0.016..5547.880 rows=14835720 loops=1)
  ->  Hash  (cost=244799.91..244799.91 rows=2206709 width=8) (actual time=6492.892..6492.892 rows=1795053 loops=1)
        Buckets: 131072  Batches: 32  Memory Usage: 3322kB
        ->  Hash Join  (cost=91123.00..244799.91 rows=2206709 width=8) (actual time=1673.411..5926.238 rows=1795053 loops=1)
              Hash Cond: (mk.movie_id = t.id)
              ->  Seq Scan on movie_keyword mk  (cost=0.00..81003.12 rows=3892451 width=4) (actual time=0.015..1705.575 rows=3892576 loops=1)
                    Filter: (keyword_id > 492)
                    Rows Removed by Filter: 631354
              ->  Hash  (cost=67604.59..67604.59 rows=1433473 width=4) (actual time=1672.633..1672.633 rows=1434466 loops=1)
                    Buckets: 131072  Batches: 32  Memory Usage: 2608kB
                    ->  Seq Scan on title t  (cost=0.00..67604.59 rows=1433473 width=4) (actual time=0.021..1197.051 rows=1434466 loops=1)
                          Filter: (production_year > 1999)
                          Rows Removed by Filter: 1093846
Planning time: 1.173 ms
Execution time: 50359.378 ms
