Hash Join  (cost=77474.80..109280.48 rows=39774 width=0) (actual time=1076.380..1789.326 rows=90050 loops=1)
  Hash Cond: (mi_idx.movie_id = t.id)
  ->  Seq Scan on movie_info_idx mi_idx  (cost=0.00..25185.44 rows=464934 width=4) (actual time=0.012..455.955 rows=460185 loops=1)
        Filter: (info_type_id > 100)
        Rows Removed by Filter: 919850
  ->  Hash  (cost=73925.90..73925.90 rows=216312 width=4) (actual time=1075.519..1075.519 rows=327454 loops=1)
        Buckets: 131072  Batches: 4  Memory Usage: 3902kB
        ->  Seq Scan on title t  (cost=0.00..73925.90 rows=216312 width=4) (actual time=0.078..968.492 rows=327454 loops=1)
              Filter: ((kind_id < 7) AND (production_year < 1983))
              Rows Removed by Filter: 2200858
Planning time: 5.994 ms
Execution time: 1798.595 ms
