Seq Scan on movie_companies mc  (cost=0.00..57926.93 rows=118947 width=0) (actual time=0.024..800.133 rows=184240 loops=1)
  Filter: ((company_id < 95) AND (company_type_id = 1))
  Rows Removed by Filter: 2424889
Planning time: 0.340 ms
Execution time: 824.347 ms
