Hash Join  (cost=83074.74..109986.57 rows=134 width=0) (actual time=1123.017..1741.816 rows=1850 loops=1)
  Hash Cond: (mi_idx.movie_id = t.id)
  ->  Seq Scan on movie_info_idx mi_idx  (cost=0.00..21735.35 rows=1380035 width=4) (actual time=0.010..363.442 rows=1380035 loops=1)
  ->  Hash  (cost=83071.67..83071.67 rows=246 width=8) (actual time=1115.347..1115.347 rows=602 loops=1)
        Buckets: 1024  Batches: 1  Memory Usage: 32kB
        ->  Nested Loop  (cost=0.43..83071.67 rows=246 width=8) (actual time=0.844..1114.946 rows=602 loops=1)
              ->  Seq Scan on movie_keyword mk  (cost=0.00..81003.12 rows=246 width=4) (actual time=0.790..1093.580 rows=602 loops=1)
                    Filter: (keyword_id = 1039)
                    Rows Removed by Filter: 4523328
              ->  Index Only Scan using title_pkey on title t  (cost=0.43..8.40 rows=1 width=4) (actual time=0.034..0.034 rows=1 loops=602)
                    Index Cond: (id = mk.movie_id)
                    Heap Fetches: 602
Planning time: 0.845 ms
Execution time: 1742.233 ms
