Hash Join  (cost=709678.15..797463.48 rows=357 width=0) (actual time=9774.873..11348.082 rows=23 loops=1)
  Hash Cond: (mk.movie_id = t.id)
  ->  Seq Scan on movie_keyword mk  (cost=0.00..81003.12 rows=1807636 width=4) (actual time=0.016..1337.891 rows=1806753 loops=1)
        Filter: (keyword_id > 7677)
        Rows Removed by Filter: 2717177
  ->  Hash  (cost=709671.90..709671.90 rows=500 width=8) (actual time=9760.005..9760.005 rows=70 loops=1)
        Buckets: 1024  Batches: 1  Memory Usage: 11kB
        ->  Nested Loop  (cost=0.43..709671.90 rows=500 width=8) (actual time=1018.095..9759.968 rows=70 loops=1)
              ->  Seq Scan on cast_info ci  (cost=0.00..705507.15 rows=500 width=4) (actual time=1018.005..9758.664 rows=70 loops=1)
                    Filter: (person_id = 3299286)
                    Rows Removed by Filter: 36244274
              ->  Index Only Scan using title_pkey on title t  (cost=0.43..8.32 rows=1 width=4) (actual time=0.017..0.017 rows=1 loops=70)
                    Index Cond: (id = ci.movie_id)
                    Heap Fetches: 70
Planning time: 1.174 ms
Execution time: 11348.187 ms
