Hash Join  (cost=69002.72..129245.34 rows=5613 width=0) (actual time=892.265..1759.653 rows=6497 loops=1)
  Hash Cond: (mc.movie_id = t.id)
  ->  Seq Scan on movie_companies mc  (cost=0.00..57926.93 rows=166546 width=4) (actual time=0.019..762.737 rows=265105 loops=1)
        Filter: ((company_id < 166) AND (company_type_id = 1))
        Rows Removed by Filter: 2344024
  ->  Hash  (cost=67604.59..67604.59 rows=85211 width=4) (actual time=890.986..890.986 rows=84593 loops=1)
        Buckets: 131072  Batches: 2  Memory Usage: 2518kB
        ->  Seq Scan on title t  (cost=0.00..67604.59 rows=85211 width=4) (actual time=0.020..859.330 rows=84593 loops=1)
              Filter: (production_year = 2004)
              Rows Removed by Filter: 2443719
Planning time: 0.714 ms
Execution time: 1761.016 ms
