Seq Scan on movie_info mi  (cost=0.00..346232.03 rows=1272478 width=75) (actual time=3383.561..4281.510 rows=1325361 loops=1)
  Filter: (info_type_id = 8)
  Rows Removed by Filter: 13510359
Planning time: 0.461 ms
Execution time: 4323.023 ms
