Hash Join  (cost=174865.45..1127541.76 rows=3648037 width=0) (actual time=4073.627..27631.300 rows=9878760 loops=1)
  Hash Cond: (ci.movie_id = t.id)
  ->  Seq Scan on cast_info ci  (cost=0.00..796071.18 rows=10079937 width=4) (actual time=0.013..13810.903 rows=13147029 loops=1)
        Filter: ((person_id < 1798029) AND (role_id < 3))
        Rows Removed by Filter: 23097315
  ->  Hash  (cost=159851.69..159851.69 rows=915101 width=8) (actual time=4072.807..4072.807 rows=919850 loops=1)
        Buckets: 131072  Batches: 16  Memory Usage: 3269kB
        ->  Hash Join  (cost=102767.86..159851.69 rows=915101 width=8) (actual time=1796.839..3779.315 rows=919850 loops=1)
              Hash Cond: (mi_idx.movie_id = t.id)
              ->  Seq Scan on movie_info_idx mi_idx  (cost=0.00..25185.44 rows=915101 width=4) (actual time=0.016..498.294 rows=919850 loops=1)
                    Filter: (info_type_id < 101)
                    Rows Removed by Filter: 460185
              ->  Hash  (cost=61283.27..61283.27 rows=2528527 width=4) (actual time=1795.526..1795.526 rows=2528312 loops=1)
                    Buckets: 131072  Batches: 64  Memory Usage: 2415kB
                    ->  Seq Scan on title t  (cost=0.00..61283.27 rows=2528527 width=4) (actual time=0.008..918.210 rows=2528312 loops=1)
Planning time: 1.111 ms
Execution time: 28854.694 ms
