Hash Join  (cost=78556.72..599881.92 rows=3891127 width=0) (actual time=1365.028..17210.919 rows=8301049 loops=1)
  Hash Cond: (mi.movie_id = t.id)
  ->  Seq Scan on movie_info mi  (cost=0.00..309384.22 rows=14739122 width=4) (actual time=0.009..6444.133 rows=14835720 loops=1)
  ->  Hash  (cost=67604.59..67604.59 rows=667531 width=4) (actual time=1264.957..1264.957 rows=662825 loops=1)
        Buckets: 131072  Batches: 16  Memory Usage: 2485kB
        ->  Seq Scan on title t  (cost=0.00..67604.59 rows=667531 width=4) (actual time=0.023..1046.144 rows=662825 loops=1)
              Filter: (kind_id < 2)
              Rows Removed by Filter: 1865487
Planning time: 3.709 ms
Execution time: 18113.369 ms
