Hash Join  (cost=709678.15..807360.99 rows=879 width=0) (actual time=11559.014..12039.018 rows=4 loops=1)
  Hash Cond: (mk.movie_id = t.id)
  ->  Seq Scan on movie_keyword mk  (cost=0.00..81003.12 rows=4445579 width=4) (actual time=0.024..1443.365 rows=4442397 loops=1)
        Filter: (keyword_id > 70)
        Rows Removed by Filter: 81533
  ->  Hash  (cost=709671.90..709671.90 rows=500 width=8) (actual time=9965.112..9965.112 rows=353 loops=1)
        Buckets: 1024  Batches: 1  Memory Usage: 22kB
        ->  Nested Loop  (cost=0.43..709671.90 rows=500 width=8) (actual time=5593.843..9964.921 rows=353 loops=1)
              ->  Seq Scan on cast_info ci  (cost=0.00..705507.15 rows=500 width=4) (actual time=5593.689..9960.642 rows=353 loops=1)
                    Filter: (person_id = 1823626)
                    Rows Removed by Filter: 36243991
              ->  Index Only Scan using title_pkey on title t  (cost=0.43..8.32 rows=1 width=4) (actual time=0.011..0.011 rows=1 loops=353)
                    Index Cond: (id = ci.movie_id)
                    Heap Fetches: 353
Planning time: 1.250 ms
Execution time: 12039.127 ms
