Hash Join  (cost=74427.74..449989.61 rows=119139 width=0) (actual time=1448.241..8450.934 rows=88124 loops=1)
  Hash Cond: (mi.movie_id = t.id)
  ->  Seq Scan on movie_info mi  (cost=0.00..346232.03 rows=7503588 width=4) (actual time=356.979..5599.165 rows=7548855 loops=1)
        Filter: (info_type_id > 7)
        Rows Removed by Filter: 7286865
  ->  Hash  (cost=73925.90..73925.90 rows=40147 width=4) (actual time=1090.575..1090.575 rows=47124 loops=1)
        Buckets: 65536  Batches: 1  Memory Usage: 2169kB
        ->  Seq Scan on title t  (cost=0.00..73925.90 rows=40147 width=4) (actual time=0.041..1070.223 rows=47124 loops=1)
              Filter: ((kind_id > 3) AND (production_year = 2002))
              Rows Removed by Filter: 2481188
Planning time: 0.801 ms
Execution time: 8464.032 ms
