Hash Join  (cost=76242.82..905733.39 rows=568632 width=0) (actual time=2541.263..16504.423 rows=767869 loops=1)
  Hash Cond: (ci.movie_id = t.id)
  ->  Seq Scan on cast_info ci  (cost=0.00..705507.15 rows=10183226 width=4) (actual time=1612.441..11362.981 rows=10209495 loops=1)
        Filter: (person_id > 2693666)
        Rows Removed by Filter: 26034849
  ->  Hash  (cost=73925.90..73925.90 rows=141193 width=4) (actual time=927.818..927.818 rows=132182 loops=1)
        Buckets: 131072  Batches: 2  Memory Usage: 3340kB
        ->  Seq Scan on title t  (cost=0.00..73925.90 rows=141193 width=4) (actual time=418.499..881.836 rows=132182 loops=1)
              Filter: ((production_year > 2009) AND (kind_id = 1))
              Rows Removed by Filter: 2396130
Planning time: 0.724 ms
Execution time: 16612.611 ms
