Hash Join  (cost=175012.11..975618.12 rows=30542 width=0) (actual time=8869.953..16880.507 rows=55179 loops=1)
  Hash Cond: (ci.movie_id = t.id)
  ->  Seq Scan on cast_info ci  (cost=0.00..796071.18 rows=268375 width=4) (actual time=5514.272..13362.453 rows=282326 loops=1)
        Filter: ((person_id > 818026) AND (role_id = 11))
        Rows Removed by Filter: 35962018
  ->  Hash  (cost=170290.14..170290.14 rows=287758 width=8) (actual time=3354.461..3354.461 rows=174356 loops=1)
        Buckets: 131072  Batches: 4  Memory Usage: 2722kB
        ->  Hash Join  (cost=98018.53..170290.14 rows=287758 width=8) (actual time=2162.879..3298.558 rows=174356 loops=1)
              Hash Cond: (mc.movie_id = t.id)
              ->  Seq Scan on movie_companies mc  (cost=0.00..57926.93 rows=495491 width=4) (actual time=166.753..839.519 rows=288682 loops=1)
                    Filter: ((company_id < 4216) AND (company_type_id = 2))
                    Rows Removed by Filter: 2320447
              ->  Hash  (cost=73925.90..73925.90 rows=1468450 width=4) (actual time=1995.300..1995.300 rows=1591292 loops=1)
                    Buckets: 131072  Batches: 32  Memory Usage: 2782kB
                    ->  Seq Scan on title t  (cost=0.00..73925.90 rows=1468450 width=4) (actual time=0.027..1491.144 rows=1591292 loops=1)
                          Filter: ((kind_id > 1) AND (production_year > 1976))
                          Rows Removed by Filter: 937020
Planning time: 2.677 ms
Execution time: 16888.310 ms
