Hash Join  (cost=180671.64..317663.29 rows=1230261 width=0) (actual time=4863.937..14383.071 rows=26327984 loops=1)
  Hash Cond: (mk.movie_id = t.id)
  ->  Seq Scan on movie_keyword mk  (cost=0.00..69693.30 rows=4523930 width=4) (actual time=0.009..1416.893 rows=4523930 loops=1)
  ->  Hash  (cost=169389.38..169389.38 rows=687621 width=8) (actual time=4862.817..4862.817 rows=1078653 loops=1)
        Buckets: 131072  Batches: 16  Memory Usage: 3726kB
        ->  Hash Join  (cost=84859.64..169389.38 rows=687621 width=8) (actual time=1330.096..4531.281 rows=1078653 loops=1)
              Hash Cond: (mc.movie_id = t.id)
              ->  Seq Scan on movie_companies mc  (cost=0.00..44881.29 rows=2609129 width=4) (actual time=0.026..827.130 rows=2609129 loops=1)
              ->  Hash  (cost=73925.90..73925.90 rows=666379 width=4) (actual time=1329.162..1329.162 rows=554685 loops=1)
                    Buckets: 131072  Batches: 16  Memory Usage: 2242kB
                    ->  Seq Scan on title t  (cost=0.00..73925.90 rows=666379 width=4) (actual time=0.017..1143.572 rows=554685 loops=1)
                          Filter: ((kind_id < 3) AND (production_year > 1959))
                          Rows Removed by Filter: 1973627
Planning time: 1.068 ms
Execution time: 17433.707 ms
