Hash Join  (cost=175828.45..310529.60 rows=1042311 width=0) (actual time=4258.309..7397.968 rows=462575 loops=1)
  Hash Cond: (mk.movie_id = t.id)
  ->  Seq Scan on movie_keyword mk  (cost=0.00..69693.30 rows=4523930 width=4) (actual time=0.019..1357.271 rows=4523930 loops=1)
  ->  Hash  (cost=166270.31..166270.31 rows=582571 width=8) (actual time=3536.891..3536.891 rows=330914 loops=1)
        Buckets: 131072  Batches: 8  Memory Usage: 2640kB
        ->  Hash Join  (cost=83189.08..166270.31 rows=582571 width=8) (actual time=1490.169..3435.724 rows=330914 loops=1)
              Hash Cond: (mc.movie_id = t.id)
              ->  Seq Scan on movie_companies mc  (cost=0.00..44881.29 rows=2609129 width=4) (actual time=0.017..851.216 rows=2609129 loops=1)
              ->  Hash  (cost=73925.90..73925.90 rows=564574 width=4) (actual time=1286.481..1286.481 rows=454234 loops=1)
                    Buckets: 131072  Batches: 8  Memory Usage: 3004kB
                    ->  Seq Scan on title t  (cost=0.00..73925.90 rows=564574 width=4) (actual time=0.029..1141.766 rows=454234 loops=1)
                          Filter: ((production_year < 1998) AND (kind_id = 7))
                          Rows Removed by Filter: 2074078
Planning time: 1.101 ms
Execution time: 7447.143 ms
