Seq Scan on cast_info ci  (cost=0.00..705507.15 rows=6262081 width=0) (actual time=0.026..9318.190 rows=6155750 loops=1)
  Filter: (person_id < 593880)
  Rows Removed by Filter: 30088594
Planning time: 0.315 ms
Execution time: 10074.745 ms
