Hash Join  (cost=173543.85..317646.12 rows=940861 width=0) (actual time=3694.162..10655.621 rows=14308277 loops=1)
  Hash Cond: (mk.movie_id = t.id)
  ->  Seq Scan on movie_keyword mk  (cost=0.00..81003.12 rows=4463343 width=4) (actual time=0.014..1701.574 rows=4466445 loops=1)
        Filter: (keyword_id < 96191)
        Rows Removed by Filter: 57485
  ->  Hash  (cost=164798.26..164798.26 rows=533007 width=8) (actual time=3693.222..3693.222 rows=785602 loops=1)
        Buckets: 131072 (originally 131072)  Batches: 16 (originally 8)  Memory Usage: 3073kB
        ->  Hash Join  (cost=82400.67..164798.26 rows=533007 width=8) (actual time=1224.972..3472.616 rows=785602 loops=1)
              Hash Cond: (mc.movie_id = t.id)
              ->  Seq Scan on movie_companies mc  (cost=0.00..44881.29 rows=2609129 width=4) (actual time=0.019..860.647 rows=2609129 loops=1)
              ->  Hash  (cost=73925.90..73925.90 rows=516541 width=4) (actual time=1223.983..1223.983 rows=440918 loops=1)
                    Buckets: 131072  Batches: 8  Memory Usage: 2960kB
                    ->  Seq Scan on title t  (cost=0.00..73925.90 rows=516541 width=4) (actual time=0.048..1082.144 rows=440918 loops=1)
                          Filter: ((kind_id < 7) AND (production_year > 2001))
                          Rows Removed by Filter: 2087394
Planning time: 1.160 ms
Execution time: 12186.408 ms
