Nested Loop  (cost=0.43..58375.31 rows=39 width=0) (actual time=191.376..456.973 rows=10 loops=1)
  ->  Seq Scan on movie_companies mc  (cost=0.00..57926.93 rows=53 width=4) (actual time=191.306..456.429 rows=10 loops=1)
        Filter: ((company_id = 6579) AND (company_type_id = 2))
        Rows Removed by Filter: 2609119
  ->  Index Scan using title_pkey on title t  (cost=0.43..8.45 rows=1 width=4) (actual time=0.050..0.051 rows=1 loops=10)
        Index Cond: (id = mc.movie_id)
        Filter: (kind_id > 1)
Planning time: 0.507 ms
Execution time: 457.064 ms
