Hash Join  (cost=83074.17..440813.76 rows=183 width=0) (actual time=3215.590..6502.913 rows=185 loops=1)
  Hash Cond: (mi.movie_id = t.id)
  ->  Seq Scan on movie_info mi  (cost=0.00..346232.03 rows=3068194 width=4) (actual time=2007.329..4900.011 rows=3036719 loops=1)
        Filter: (info_type_id = 16)
        Rows Removed by Filter: 11799001
  ->  Hash  (cost=83072.29..83072.29 rows=151 width=8) (actual time=1185.896..1185.896 rows=50 loops=1)
        Buckets: 1024  Batches: 1  Memory Usage: 10kB
        ->  Nested Loop  (cost=0.43..83072.29 rows=151 width=8) (actual time=787.923..1185.846 rows=50 loops=1)
              ->  Seq Scan on movie_keyword mk  (cost=0.00..81003.12 rows=246 width=4) (actual time=2.040..1175.085 rows=342 loops=1)
                    Filter: (keyword_id = 2408)
                    Rows Removed by Filter: 4523588
              ->  Index Scan using title_pkey on title t  (cost=0.43..8.40 rows=1 width=4) (actual time=0.029..0.029 rows=0 loops=342)
                    Index Cond: (id = mk.movie_id)
                    Filter: (kind_id > 4)
                    Rows Removed by Filter: 1
Planning time: 1.242 ms
Execution time: 6503.100 ms
