Seq Scan on cast_info ci  (cost=0.00..796071.18 rows=5173653 width=0) (actual time=1151.441..11853.413 rows=7951556 loops=1)
  Filter: ((person_id > 2884261) AND (role_id > 1))
  Rows Removed by Filter: 28292788
Planning time: 0.337 ms
Execution time: 12864.499 ms
