Hash Join  (cost=77061.58..932164.86 rows=357586 width=0) (actual time=1357.718..14475.503 rows=71821 loops=1)
  Hash Cond: (ci.movie_id = t.id)
  ->  Seq Scan on cast_info ci  (cost=0.00..796071.18 rows=4731530 width=4) (actual time=316.044..11524.447 rows=2916273 loops=1)
        Filter: ((person_id < 1022858) AND (role_id > 2))
        Rows Removed by Filter: 33328071
  ->  Hash  (cost=73925.90..73925.90 rows=191094 width=4) (actual time=1040.574..1040.574 rows=86918 loops=1)
        Buckets: 131072  Batches: 4  Memory Usage: 1786kB
        ->  Seq Scan on title t  (cost=0.00..73925.90 rows=191094 width=4) (actual time=0.018..1007.952 rows=86918 loops=1)
              Filter: ((kind_id > 4) AND (production_year < 1966))
              Rows Removed by Filter: 2441394
Planning time: 0.787 ms
Execution time: 14485.561 ms
