Hash Join  (cost=131780.34..623810.15 rows=1145587 width=0) (actual time=2426.780..13259.606 rows=975270 loops=1)
  Hash Cond: (mi.movie_id = t.id)
  ->  Seq Scan on movie_info mi  (cost=0.00..309384.22 rows=14739122 width=4) (actual time=0.020..4861.312 rows=14835720 loops=1)
  ->  Hash  (cost=128555.74..128555.74 rows=196528 width=8) (actual time=2423.325..2423.325 rows=109567 loops=1)
        Buckets: 131072  Batches: 4  Memory Usage: 2100kB
        ->  Hash Join  (cost=91879.05..128555.74 rows=196528 width=8) (actual time=1533.085..2389.228 rows=109567 loops=1)
              Hash Cond: (mi_idx.movie_id = t.id)
              ->  Seq Scan on movie_info_idx mi_idx  (cost=0.00..25185.44 rows=454124 width=4) (actual time=0.026..446.957 rows=459925 loops=1)
                    Filter: (info_type_id = 100)
                    Rows Removed by Filter: 920110
              ->  Hash  (cost=73925.90..73925.90 rows=1094252 width=4) (actual time=1532.026..1532.026 rows=1044222 loops=1)
                    Buckets: 131072  Batches: 16  Memory Usage: 3319kB
                    ->  Seq Scan on title t  (cost=0.00..73925.90 rows=1094252 width=4) (actual time=0.026..1205.282 rows=1044222 loops=1)
                          Filter: ((production_year < 2009) AND (kind_id = 7))
                          Rows Removed by Filter: 1484090
Planning time: 1.154 ms
Execution time: 13354.645 ms
