Hash Join  (cost=95678.39..470809.22 rows=76037 width=0) (actual time=1643.488..7933.390 rows=272942 loops=1)
  Hash Cond: (mi.movie_id = t.id)
  ->  Seq Scan on movie_info mi  (cost=0.00..346232.03 rows=7503588 width=4) (actual time=0.007..4789.230 rows=7548855 loops=1)
        Filter: (info_type_id > 7)
        Rows Removed by Filter: 7286865
  ->  Hash  (cost=95358.11..95358.11 rows=25622 width=8) (actual time=1638.477..1638.477 rows=28786 loops=1)
        Buckets: 32768  Batches: 1  Memory Usage: 1381kB
        ->  Hash Join  (cost=68191.41..95358.11 rows=25622 width=8) (actual time=1001.330..1628.205 rows=28786 loops=1)
              Hash Cond: (mi_idx.movie_id = t.id)
              ->  Seq Scan on movie_info_idx mi_idx  (cost=0.00..21735.35 rows=1380035 width=4) (actual time=0.014..290.270 rows=1380035 loops=1)
              ->  Hash  (cost=67604.59..67604.59 rows=46946 width=4) (actual time=1000.855..1000.855 rows=46583 loops=1)
                    Buckets: 65536  Batches: 1  Memory Usage: 2150kB
                    ->  Seq Scan on title t  (cost=0.00..67604.59 rows=46946 width=4) (actual time=0.020..981.428 rows=46583 loops=1)
                          Filter: (production_year = 1998)
                          Rows Removed by Filter: 2481729
Planning time: 3.900 ms
Execution time: 7967.060 ms
