Seq Scan on cast_info ci  (cost=0.00..796071.18 rows=12767596 width=0) (actual time=0.011..12903.316 rows=13944617 loops=1)
  Filter: ((person_id < 1436155) AND (role_id < 10))
  Rows Removed by Filter: 22299727
Planning time: 0.251 ms
Execution time: 14642.763 ms
