Seq Scan on movie_keyword mk  (cost=0.00..81003.12 rows=4155525 width=0) (actual time=0.026..1505.428 rows=4157023 loops=1)
  Filter: (keyword_id < 45883)
  Rows Removed by Filter: 366907
Planning time: 0.329 ms
Execution time: 2020.044 ms
