Hash Join  (cost=147886.68..1136101.31 rows=1054815 width=0) (actual time=2854.198..28442.315 rows=711808 loops=1)
  Hash Cond: (ci.movie_id = t.id)
  ->  Seq Scan on cast_info ci  (cost=0.00..705507.15 rows=23499554 width=4) (actual time=0.010..14869.236 rows=23573656 loops=1)
        Filter: (role_id > 1)
        Rows Removed by Filter: 12670688
  ->  Hash  (cost=146023.97..146023.97 rows=113497 width=8) (actual time=2852.197..2852.197 rows=213312 loops=1)
        Buckets: 131072 (originally 131072)  Batches: 4 (originally 2)  Memory Usage: 3096kB
        ->  Hash Join  (cost=69409.47..146023.97 rows=113497 width=8) (actual time=999.249..2782.034 rows=213312 loops=1)
              Hash Cond: (mc.movie_id = t.id)
              ->  Seq Scan on movie_companies mc  (cost=0.00..44881.29 rows=2609129 width=4) (actual time=0.014..827.885 rows=2609129 loops=1)
              ->  Hash  (cost=67604.59..67604.59 rows=109991 width=4) (actual time=959.537..959.537 rows=112515 loops=1)
                    Buckets: 131072  Batches: 2  Memory Usage: 2996kB
                    ->  Seq Scan on title t  (cost=0.00..67604.59 rows=109991 width=4) (actual time=0.015..915.412 rows=112515 loops=1)
                          Filter: (production_year < 1929)
                          Rows Removed by Filter: 2415797
Planning time: 1.230 ms
Execution time: 28523.373 ms
