Seq Scan on cast_info ci  (cost=0.00..705507.15 rows=1392818 width=0) (actual time=574.337..10166.075 rows=1312702 loops=1)
  Filter: (person_id < 131281)
  Rows Removed by Filter: 34931642
Planning time: 0.326 ms
Execution time: 10321.761 ms
