Hash Join  (cost=84121.39..127633.38 rows=339151 width=0) (actual time=1531.654..2724.484 rows=160365 loops=1)
  Hash Cond: (mi_idx.movie_id = t.id)
  ->  Seq Scan on movie_info_idx mi_idx  (cost=0.00..21735.35 rows=1380035 width=4) (actual time=0.018..427.012 rows=1380035 loops=1)
  ->  Hash  (cost=73925.90..73925.90 rows=621399 width=4) (actual time=1529.454..1529.454 rows=680061 loops=1)
        Buckets: 131072  Batches: 16  Memory Usage: 2524kB
        ->  Seq Scan on title t  (cost=0.00..73925.90 rows=621399 width=4) (actual time=0.027..1315.993 rows=680061 loops=1)
              Filter: ((kind_id > 4) AND (production_year > 2005))
              Rows Removed by Filter: 1848251
Planning time: 0.784 ms
Execution time: 2745.374 ms
