Hash Join  (cost=145237.38..228038.13 rows=308702 width=0) (actual time=3056.116..5285.407 rows=471547 loops=1)
  Hash Cond: (mc.movie_id = t.id)
  ->  Seq Scan on movie_companies mc  (cost=0.00..51404.11 rows=2335364 width=4) (actual time=0.013..1043.967 rows=2339077 loops=1)
        Filter: (company_id > 139)
        Rows Removed by Filter: 270052
  ->  Hash  (cost=139753.44..139753.44 rows=334235 width=8) (actual time=3055.344..3055.344 rows=250045 loops=1)
        Buckets: 131072  Batches: 8  Memory Usage: 2248kB
        ->  Hash Join  (cost=98137.04..139753.44 rows=334235 width=8) (actual time=1884.189..2981.574 rows=250045 loops=1)
              Hash Cond: (mi_idx.movie_id = t.id)
              ->  Seq Scan on movie_info_idx mi_idx  (cost=0.00..25185.44 rows=454124 width=4) (actual time=0.015..482.725 rows=459925 loops=1)
                    Filter: (info_type_id = 100)
                    Rows Removed by Filter: 920110
              ->  Hash  (cost=67604.59..67604.59 rows=1860996 width=4) (actual time=1882.791..1882.791 rows=1865487 loops=1)
                    Buckets: 131072  Batches: 32  Memory Usage: 3079kB
                    ->  Seq Scan on title t  (cost=0.00..67604.59 rows=1860996 width=4) (actual time=0.009..1282.364 rows=1865487 loops=1)
                          Filter: (kind_id > 1)
                          Rows Removed by Filter: 662825
Planning time: 0.719 ms
Execution time: 5343.852 ms
