Hash Join  (cost=449354.43..527581.60 rows=230464 width=0) (actual time=6287.384..8204.105 rows=175828 loops=1)
  Hash Cond: (mc.movie_id = t.id)
  ->  Seq Scan on movie_companies mc  (cost=0.00..44881.29 rows=2609129 width=4) (actual time=0.016..837.188 rows=2609129 loops=1)
  ->  Hash  (cost=445689.61..445689.61 rows=223345 width=8) (actual time=6286.318..6286.318 rows=69556 loops=1)
        Buckets: 131072  Batches: 4  Memory Usage: 1699kB
        ->  Hash Join  (cost=81925.97..445689.61 rows=223345 width=8) (actual time=3897.593..6262.152 rows=69556 loops=1)
              Hash Cond: (mi.movie_id = t.id)
              ->  Seq Scan on movie_info mi  (cost=0.00..346232.03 rows=1158179 width=4) (actual time=2208.479..4184.577 rows=1204709 loops=1)
                    Filter: (info_type_id > 18)
                    Rows Removed by Filter: 13631011
              ->  Hash  (cost=73925.90..73925.90 rows=487605 width=4) (actual time=1424.953..1424.953 rows=501779 loops=1)
                    Buckets: 131072  Batches: 8  Memory Usage: 3237kB
                    ->  Seq Scan on title t  (cost=0.00..73925.90 rows=487605 width=4) (actual time=0.037..1146.177 rows=501779 loops=1)
                          Filter: ((kind_id > 1) AND (production_year > 2008))
                          Rows Removed by Filter: 2026533
Planning time: 1.139 ms
Execution time: 8228.166 ms
