Seq Scan on movie_companies mc  (cost=0.00..51404.11 rows=2010620 width=0) (actual time=0.024..881.008 rows=2005128 loops=1)
  Filter: (company_id < 66463)
  Rows Removed by Filter: 604001
Planning time: 0.299 ms
Execution time: 1143.130 ms
