Hash Join  (cost=210641.42..576870.32 rows=254336 width=0) (actual time=6092.178..9854.939 rows=627583 loops=1)
  Hash Cond: (mi.movie_id = t.id)
  ->  Seq Scan on movie_info mi  (cost=0.00..346232.03 rows=1348138 width=4) (actual time=1729.101..4701.600 rows=1298989 loops=1)
        Filter: (info_type_id = 4)
        Rows Removed by Filter: 13536731
  ->  Hash  (cost=202814.62..202814.62 rows=477024 width=8) (actual time=4299.097..4299.097 rows=532363 loops=1)
        Buckets: 131072  Batches: 8  Memory Usage: 3718kB
        ->  Hash Join  (cost=101489.21..202814.62 rows=477024 width=8) (actual time=2127.488..4139.399 rows=532363 loops=1)
              Hash Cond: (mk.movie_id = t.id)
              ->  Seq Scan on movie_keyword mk  (cost=0.00..81003.12 rows=584008 width=4) (actual time=1.509..1223.653 rows=581746 loops=1)
                    Filter: (keyword_id > 31503)
                    Rows Removed by Filter: 3942184
              ->  Hash  (cost=67604.59..67604.59 rows=2065330 width=4) (actual time=2124.406..2124.406 rows=2064552 loops=1)
                    Buckets: 131072  Batches: 32  Memory Usage: 3298kB
                    ->  Seq Scan on title t  (cost=0.00..67604.59 rows=2065330 width=4) (actual time=0.013..1228.634 rows=2064552 loops=1)
                          Filter: (production_year < 2011)
                          Rows Removed by Filter: 463760
Planning time: 1.090 ms
Execution time: 9930.688 ms
