Seq Scan on movie_companies mc  (cost=0.00..51404.11 rows=1304088 width=0) (actual time=0.026..868.240 rows=1293892 loops=1)
  Filter: (company_id < 11264)
  Rows Removed by Filter: 1315237
Planning time: 0.310 ms
Execution time: 1033.490 ms
