Hash Join  (cost=187875.69..328274.78 rows=1510005 width=0) (actual time=4705.485..14130.875 rows=27223272 loops=1)
  Hash Cond: (mk.movie_id = t.id)
  ->  Seq Scan on movie_keyword mk  (cost=0.00..69693.30 rows=4523930 width=4) (actual time=0.022..1201.554 rows=4523930 loops=1)
  ->  Hash  (cost=174028.99..174028.99 rows=843976 width=8) (actual time=4704.488..4704.488 rows=1367908 loops=1)
        Buckets: 131072 (originally 131072)  Batches: 32 (originally 16)  Memory Usage: 3073kB
        ->  Hash Join  (cost=87344.71..174028.99 rows=843976 width=8) (actual time=1704.341..4279.462 rows=1367908 loops=1)
              Hash Cond: (mc.movie_id = t.id)
              ->  Seq Scan on movie_companies mc  (cost=0.00..44881.29 rows=2609129 width=4) (actual time=0.017..788.143 rows=2609129 loops=1)
              ->  Hash  (cost=73925.90..73925.90 rows=817904 width=4) (actual time=1702.994..1702.994 rows=732135 loops=1)
                    Buckets: 131072  Batches: 16  Memory Usage: 2635kB
                    ->  Seq Scan on title t  (cost=0.00..73925.90 rows=817904 width=4) (actual time=0.865..1168.216 rows=732135 loops=1)
                          Filter: ((kind_id < 7) AND (production_year > 1969))
                          Rows Removed by Filter: 1796177
Planning time: 1.212 ms
Execution time: 17118.613 ms
