Seq Scan on movie_companies mc  (cost=0.00..57926.93 rows=114959 width=0) (actual time=195.349..781.305 rows=227074 loops=1)
  Filter: ((company_id > 106155) AND (company_type_id > 1))
  Rows Removed by Filter: 2382055
Planning time: 0.307 ms
Execution time: 808.314 ms
