Nested Loop  (cost=0.43..798385.45 rows=276 width=0) (actual time=2870.583..12897.765 rows=1 loops=1)
  ->  Seq Scan on cast_info ci  (cost=0.00..796071.18 rows=276 width=4) (actual time=2870.440..12897.618 rows=1 loops=1)
        Filter: ((role_id < 3) AND (person_id = 323105))
        Rows Removed by Filter: 36244343
  ->  Index Only Scan using title_pkey on title t  (cost=0.43..8.38 rows=1 width=4) (actual time=0.079..0.080 rows=1 loops=1)
        Index Cond: (id = ci.movie_id)
        Heap Fetches: 1
Planning time: 0.742 ms
Execution time: 12897.839 ms
