Seq Scan on title t  (cost=0.00..73925.90 rows=424307 width=0) (actual time=0.025..567.152 rows=281315 loops=1)
  Filter: ((kind_id > 1) AND (production_year < 1984))
  Rows Removed by Filter: 2246997
Planning time: 0.395 ms
Execution time: 591.828 ms
