Hash Join  (cost=547692.12..1508505.79 rows=6306775 width=0) (actual time=10438.196..38171.119 rows=31886021 loops=1)
  Hash Cond: (ci.movie_id = t.id)
  ->  Seq Scan on cast_info ci  (cost=0.00..796071.18 rows=7266348 width=4) (actual time=346.038..12970.016 rows=9475927 loops=1)
        Filter: ((person_id < 1293712) AND (role_id < 3))
        Rows Removed by Filter: 26768417
  ->  Hash  (cost=511686.41..511686.41 rows=2194617 width=8) (actual time=10090.925..10090.925 rows=2233850 loops=1)
        Buckets: 131072  Batches: 32  Memory Usage: 3598kB
        ->  Hash Join  (cost=102767.86..511686.41 rows=2194617 width=8) (actual time=2922.534..9509.332 rows=2233850 loops=1)
              Hash Cond: (mi.movie_id = t.id)
              ->  Seq Scan on movie_info mi  (cost=0.00..346232.03 rows=2194617 width=4) (actual time=962.378..5030.556 rows=2233850 loops=1)
                    Filter: (info_type_id > 16)
                    Rows Removed by Filter: 12601870
              ->  Hash  (cost=61283.27..61283.27 rows=2528527 width=4) (actual time=1950.055..1950.055 rows=2528312 loops=1)
                    Buckets: 131072  Batches: 64  Memory Usage: 2425kB
                    ->  Seq Scan on title t  (cost=0.00..61283.27 rows=2528527 width=4) (actual time=0.026..1085.373 rows=2528312 loops=1)
Planning time: 2.806 ms
Execution time: 41727.875 ms
