Seq Scan on cast_info ci  (cost=0.00..705507.15 rows=17170959 width=0) (actual time=0.765..12437.309 rows=17040978 loops=1)
  Filter: (person_id < 1684386)
  Rows Removed by Filter: 19203366
Planning time: 0.323 ms
Execution time: 14562.581 ms
