Seq Scan on cast_info ci  (cost=0.00..796071.18 rows=1691465 width=0) (actual time=230.710..8823.038 rows=1985775 loops=1)
  Filter: ((person_id < 242232) AND (role_id < 4))
  Rows Removed by Filter: 34258569
Planning time: 0.401 ms
Execution time: 9073.845 ms
