Hash Join  (cost=263481.66..1704168.15 rows=35200331 width=0) (actual time=6122.982..56475.741 rows=76361569 loops=1)
  Hash Cond: (ci.movie_id = t.id)
  ->  Seq Scan on cast_info ci  (cost=0.00..614943.12 rows=36225612 width=4) (actual time=0.016..11993.259 rows=36244344 loops=1)
  ->  Hash  (cost=223171.62..223171.62 rows=2456963 width=8) (actual time=6121.499..6121.499 rows=2458260 loops=1)
        Buckets: 131072  Batches: 64  Memory Usage: 2514kB
        ->  Hash Join  (cost=102767.86..223171.62 rows=2456963 width=8) (actual time=1828.985..5381.789 rows=2458260 loops=1)
              Hash Cond: (mc.movie_id = t.id)
              ->  Seq Scan on movie_companies mc  (cost=0.00..51404.11 rows=2456963 width=4) (actual time=0.031..1063.722 rows=2458260 loops=1)
                    Filter: (company_id < 131711)
                    Rows Removed by Filter: 150869
              ->  Hash  (cost=61283.27..61283.27 rows=2528527 width=4) (actual time=1828.203..1828.203 rows=2528312 loops=1)
                    Buckets: 131072  Batches: 64  Memory Usage: 2415kB
                    ->  Seq Scan on title t  (cost=0.00..61283.27 rows=2528527 width=4) (actual time=0.015..996.148 rows=2528312 loops=1)
Planning time: 1.122 ms
Execution time: 64759.669 ms
