Seq Scan on movie_companies mc  (cost=0.00..57926.93 rows=358761 width=0) (actual time=139.501..817.378 rows=514190 loops=1)
  Filter: ((company_id < 1408) AND (company_type_id = 1))
  Rows Removed by Filter: 2094939
Planning time: 0.339 ms
Execution time: 884.513 ms
