Seq Scan on cast_info ci  (cost=0.00..796071.18 rows=9584745 width=0) (actual time=2768.418..13715.050 rows=12670688 loops=1)
  Filter: ((person_id < 2799958) AND (role_id = 1))
  Rows Removed by Filter: 23573656
Planning time: 0.377 ms
Execution time: 15111.559 ms
