Hash Join  (cost=75372.22..199295.60 rows=157634 width=0) (actual time=1168.182..3910.179 rows=245214 loops=1)
  Hash Cond: (mk.movie_id = t.id)
  ->  Seq Scan on movie_keyword mk  (cost=0.00..69693.30 rows=4523930 width=4) (actual time=0.022..1293.343 rows=4523930 loops=1)
  ->  Hash  (cost=73925.90..73925.90 rows=88105 width=4) (actual time=1167.022..1167.022 rows=95027 loops=1)
        Buckets: 131072  Batches: 2  Memory Usage: 2704kB
        ->  Seq Scan on title t  (cost=0.00..73925.90 rows=88105 width=4) (actual time=43.089..1131.300 rows=95027 loops=1)
              Filter: ((production_year > 1963) AND (kind_id = 3))
              Rows Removed by Filter: 2433285
Planning time: 0.700 ms
Execution time: 3942.913 ms
