Hash Join  (cost=875926.67..962985.43 rows=40072 width=0) (actual time=10604.790..12469.958 rows=76019 loops=1)
  Hash Cond: (mk.movie_id = t.id)
  ->  Seq Scan on movie_keyword mk  (cost=0.00..69693.30 rows=4523930 width=4) (actual time=0.028..996.980 rows=4523930 loops=1)
  ->  Hash  (cost=875646.71..875646.71 rows=22397 width=8) (actual time=10603.297..10603.297 rows=11091 loops=1)
        Buckets: 32768  Batches: 1  Memory Usage: 690kB
        ->  Hash Join  (cost=74469.67..875646.71 rows=22397 width=8) (actual time=1053.471..10598.789 rows=11091 loops=1)
              Hash Cond: (ci.movie_id = t.id)
              ->  Seq Scan on cast_info ci  (cost=0.00..796071.18 rows=1301837 width=4) (actual time=193.953..9596.074 rows=554311 loops=1)
                    Filter: ((person_id < 191290) AND (role_id > 1))
                    Rows Removed by Filter: 35690033
              ->  Hash  (cost=73925.90..73925.90 rows=43501 width=4) (actual time=859.153..859.153 rows=39560 loops=1)
                    Buckets: 65536  Batches: 1  Memory Usage: 1903kB
                    ->  Seq Scan on title t  (cost=0.00..73925.90 rows=43501 width=4) (actual time=32.585..844.258 rows=39560 loops=1)
                          Filter: ((kind_id = 1) AND (production_year = 2012))
                          Rows Removed by Filter: 2488752
Planning time: 1.116 ms
Execution time: 12480.261 ms
