Seq Scan on title t  (cost=0.00..67604.59 rows=5057 width=0) (actual time=0.246..920.771 rows=1036 loops=1)
  Filter: (production_year < 1897)
  Rows Removed by Filter: 2527276
Planning time: 0.329 ms
Execution time: 921.148 ms
