Hash Join  (cost=819301.41..3334439.67 rows=113345598 width=0) (actual time=20798.956..77067.220 rows=86278336 loops=1)
  Hash Cond: (ci.movie_id = t.id)
  ->  Seq Scan on cast_info ci  (cost=0.00..614943.12 rows=36225612 width=4) (actual time=0.013..12496.550 rows=36244344 loops=1)
  ->  Hash  (cost=689503.19..689503.19 rows=7911458 width=8) (actual time=20796.838..20796.838 rows=3769552 loops=1)
        Buckets: 131072  Batches: 128  Memory Usage: 2141kB
        ->  Hash Join  (cost=97487.51..689503.19 rows=7911458 width=8) (actual time=2744.740..18995.818 rows=3769552 loops=1)
              Hash Cond: (mi.movie_id = t.id)
              ->  Seq Scan on movie_info mi  (cost=0.00..346232.03 rows=13929354 width=4) (actual time=0.019..7002.056 rows=14033580 loops=1)
                    Filter: (info_type_id > 1)
                    Rows Removed by Filter: 802140
              ->  Hash  (cost=73925.90..73925.90 rows=1436128 width=4) (actual time=2426.092..2426.092 rows=1478437 loops=1)
                    Buckets: 131072  Batches: 32  Memory Usage: 2656kB
                    ->  Seq Scan on title t  (cost=0.00..73925.90 rows=1436128 width=4) (actual time=328.062..1317.813 rows=1478437 loops=1)
                          Filter: ((production_year > 1925) AND (kind_id = 7))
                          Rows Removed by Filter: 1049875
Planning time: 1.111 ms
Execution time: 87312.789 ms
