Hash Join  (cost=77354.40..432480.96 rows=53868 width=0) (actual time=4556.536..6496.882 rows=97884 loops=1)
  Hash Cond: (mi.movie_id = t.id)
  ->  Seq Scan on movie_info mi  (cost=0.00..346232.03 rows=651960 width=4) (actual time=3344.440..4932.726 rows=660923 loops=1)
        Filter: (info_type_id = 18)
        Rows Removed by Filter: 14174797
  ->  Hash  (cost=73925.90..73925.90 rows=208920 width=4) (actual time=1210.942..1210.942 rows=183835 loops=1)
        Buckets: 131072  Batches: 4  Memory Usage: 2655kB
        ->  Seq Scan on title t  (cost=0.00..73925.90 rows=208920 width=4) (actual time=0.051..1145.897 rows=183835 loops=1)
              Filter: ((kind_id < 7) AND (production_year > 2009))
              Rows Removed by Filter: 2344477
Planning time: 0.680 ms
Execution time: 6510.454 ms
