Hash Join  (cost=83810.17..236668.93 rows=1717091 width=0) (actual time=1694.410..6282.395 rows=3753635 loops=1)
  Hash Cond: (mk.movie_id = t.id)
  ->  Seq Scan on movie_keyword mk  (cost=0.00..81003.12 rows=4395658 width=4) (actual time=0.013..1718.298 rows=4399096 loops=1)
        Filter: (keyword_id < 77205)
        Rows Removed by Filter: 124834
  ->  Hash  (cost=67604.59..67604.59 rows=987727 width=4) (actual time=1693.244..1693.244 rows=985048 loops=1)
        Buckets: 131072  Batches: 16  Memory Usage: 3197kB
        ->  Seq Scan on title t  (cost=0.00..67604.59 rows=987727 width=4) (actual time=0.011..1014.180 rows=985048 loops=1)
              Filter: (kind_id < 7)
              Rows Removed by Filter: 1543264
Planning time: 0.667 ms
Execution time: 6682.991 ms
