Hash Join  (cost=138080.73..937040.88 rows=10704 width=0) (actual time=5753.122..13338.628 rows=39987 loops=1)
  Hash Cond: (ci.movie_id = t.id)
  ->  Seq Scan on cast_info ci  (cost=0.00..796071.18 rows=741847 width=4) (actual time=3362.624..10862.171 rows=239033 loops=1)
        Filter: ((person_id < 590001) AND (role_id = 10))
        Rows Removed by Filter: 36005311
  ->  Hash  (cost=137624.68..137624.68 rows=36484 width=8) (actual time=2389.961..2389.961 rows=44134 loops=1)
        Buckets: 65536  Batches: 1  Memory Usage: 2236kB
        ->  Hash Join  (cost=69460.45..137624.68 rows=36484 width=8) (actual time=1025.405..2374.118 rows=44134 loops=1)
              Hash Cond: (mc.movie_id = t.id)
              ->  Seq Scan on movie_companies mc  (cost=0.00..57926.93 rows=815588 width=4) (actual time=0.031..926.906 rows=1120993 loops=1)
                    Filter: ((company_id < 18376) AND (company_type_id = 1))
                    Rows Removed by Filter: 1488136
              ->  Hash  (cost=67604.59..67604.59 rows=113109 width=4) (actual time=1024.384..1024.384 rows=119565 loops=1)
                    Buckets: 131072  Batches: 2  Memory Usage: 3115kB
                    ->  Seq Scan on title t  (cost=0.00..67604.59 rows=113109 width=4) (actual time=0.028..977.161 rows=119565 loops=1)
                          Filter: (production_year = 2007)
                          Rows Removed by Filter: 2408747
Planning time: 1.207 ms
Execution time: 13344.846 ms
