Seq Scan on movie_companies mc  (cost=0.00..51404.11 rows=104 width=0) (actual time=2.274..751.913 rows=697 loops=1)
  Filter: (company_id = 432)
  Rows Removed by Filter: 2608432
Planning time: 0.386 ms
Execution time: 752.167 ms
