Hash Join  (cost=488322.16..1561024.41 rows=9162777 width=0) (actual time=10814.295..48911.756 rows=38457150 loops=1)
  Hash Cond: (ci.movie_id = t.id)
  ->  Seq Scan on cast_info ci  (cost=0.00..705507.15 rows=23499554 width=4) (actual time=1157.368..14399.005 rows=23573656 loops=1)
        Filter: (role_id > 1)
        Rows Removed by Filter: 12670688
  ->  Hash  (cost=472146.35..472146.35 rows=985905 width=8) (actual time=9655.842..9655.842 rows=1191671 loops=1)
        Buckets: 131072  Batches: 16  Memory Usage: 3849kB
        ->  Hash Join  (cost=86241.46..472146.35 rows=985905 width=8) (actual time=3375.885..9304.214 rows=1191671 loops=1)
              Hash Cond: (mi.movie_id = t.id)
              ->  Seq Scan on movie_info mi  (cost=0.00..346232.03 rows=2194617 width=4) (actual time=1564.662..5360.206 rows=2233850 loops=1)
                    Filter: (info_type_id > 16)
                    Rows Removed by Filter: 12601870
              ->  Hash  (cost=67604.59..67604.59 rows=1135910 width=4) (actual time=1810.219..1810.219 rows=1133355 loops=1)
                    Buckets: 131072  Batches: 16  Memory Usage: 3524kB
                    ->  Seq Scan on title t  (cost=0.00..67604.59 rows=1135910 width=4) (actual time=0.031..1093.429 rows=1133355 loops=1)
                          Filter: (production_year < 2002)
                          Rows Removed by Filter: 1394957
Planning time: 1.148 ms
Execution time: 53027.160 ms
