Seq Scan on cast_info ci  (cost=0.00..705507.15 rows=1871901 width=0) (actual time=2797.870..9816.820 rows=1913981 loops=1)
  Filter: (person_id > 3685388)
  Rows Removed by Filter: 34330363
Planning time: 0.298 ms
Execution time: 10054.236 ms
