Hash Join  (cost=1018504.83..4759374.45 rows=198708080 width=0) (actual time=23658.011..168107.366 rows=433531215 loops=1)
  Hash Cond: (ci.movie_id = t.id)
  ->  Seq Scan on cast_info ci  (cost=0.00..705507.15 rows=34088784 width=4) (actual time=0.014..15622.363 rows=34166742 loops=1)
        Filter: (person_id > 203765)
        Rows Removed by Filter: 2077602
  ->  Hash  (cost=776690.81..776690.81 rows=14739122 width=8) (actual time=23653.508..23653.508 rows=14835720 loops=1)
        Buckets: 131072  Batches: 256  Memory Usage: 3268kB
        ->  Hash Join  (cost=102767.86..776690.81 rows=14739122 width=8) (actual time=1806.773..19484.322 rows=14835720 loops=1)
              Hash Cond: (mi.movie_id = t.id)
              ->  Seq Scan on movie_info mi  (cost=0.00..309384.22 rows=14739122 width=4) (actual time=0.016..5185.784 rows=14835720 loops=1)
              ->  Hash  (cost=61283.27..61283.27 rows=2528527 width=4) (actual time=1805.608..1805.608 rows=2528312 loops=1)
                    Buckets: 131072  Batches: 64  Memory Usage: 2425kB
                    ->  Seq Scan on title t  (cost=0.00..61283.27 rows=2528527 width=4) (actual time=0.441..933.054 rows=2528312 loops=1)
Planning time: 1.134 ms
Execution time: 214721.635 ms
