Seq Scan on cast_info ci  (cost=0.00..705507.15 rows=12379398 width=0) (actual time=0.016..11408.461 rows=12475296 loops=1)
  Filter: (person_id > 2435890)
  Rows Removed by Filter: 23769048
Planning time: 0.311 ms
Execution time: 12980.980 ms
