Hash Join  (cost=100915.79..157315.15 rows=920 width=0) (actual time=1826.015..2644.736 rows=4947 loops=1)
  Hash Cond: (mc.movie_id = t.id)
  ->  Seq Scan on movie_companies mc  (cost=0.00..51404.11 rows=1329612 width=4) (actual time=16.431..881.268 rows=1334883 loops=1)
        Filter: (company_type_id > 1)
        Rows Removed by Filter: 1274246
  ->  Hash  (cost=100893.93..100893.93 rows=1749 width=8) (actual time=1564.147..1564.147 rows=5049 loops=1)
        Buckets: 8192 (originally 2048)  Batches: 1 (originally 1)  Memory Usage: 262kB
        ->  Hash Join  (cost=73965.96..100893.93 rows=1749 width=8) (actual time=1001.367..1562.077 rows=5049 loops=1)
              Hash Cond: (mi_idx.movie_id = t.id)
              ->  Seq Scan on movie_info_idx mi_idx  (cost=0.00..21735.35 rows=1380035 width=4) (actual time=0.026..257.981 rows=1380035 loops=1)
              ->  Hash  (cost=73925.90..73925.90 rows=3204 width=4) (actual time=1001.303..1001.303 rows=11233 loops=1)
                    Buckets: 16384 (originally 4096)  Batches: 1 (originally 1)  Memory Usage: 523kB
                    ->  Seq Scan on title t  (cost=0.00..73925.90 rows=3204 width=4) (actual time=260.047..996.458 rows=11233 loops=1)
                          Filter: ((kind_id < 2) AND (production_year < 1903))
                          Rows Removed by Filter: 2517079
Planning time: 1.153 ms
Execution time: 2645.768 ms
