Hash Join  (cost=154654.97..571266.78 rows=73302 width=0) (actual time=2773.022..10772.120 rows=174420 loops=1)
  Hash Cond: (mi.movie_id = t.id)
  ->  Seq Scan on movie_info mi  (cost=0.00..346232.03 rows=13929354 width=4) (actual time=0.012..5863.025 rows=14033580 loops=1)
        Filter: (info_type_id > 1)
        Rows Removed by Filter: 802140
  ->  Hash  (cost=154488.65..154488.65 rows=13306 width=8) (actual time=2772.697..2772.697 rows=7819 loops=1)
        Buckets: 16384  Batches: 1  Memory Usage: 434kB
        ->  Hash Join  (cost=67697.55..154488.65 rows=13306 width=8) (actual time=1058.990..2769.514 rows=7819 loops=1)
              Hash Cond: (mk.movie_id = t.id)
              ->  Seq Scan on movie_keyword mk  (cost=0.00..69693.30 rows=4523930 width=4) (actual time=0.023..912.881 rows=4523930 loops=1)
              ->  Hash  (cost=67604.59..67604.59 rows=7437 width=4) (actual time=1058.231..1058.231 rows=2800 loops=1)
                    Buckets: 8192  Batches: 1  Memory Usage: 163kB
                    ->  Seq Scan on title t  (cost=0.00..67604.59 rows=7437 width=4) (actual time=395.783..1056.863 rows=2800 loops=1)
                          Filter: (production_year = 1929)
                          Rows Removed by Filter: 2525512
Planning time: 1.357 ms
Execution time: 10793.936 ms
