Hash Join  (cost=263115.61..1136405.53 rows=2836704 width=0) (actual time=16262.789..26031.028 rows=15453262 loops=1)
  Hash Cond: (ci.movie_id = t.id)
  ->  Seq Scan on cast_info ci  (cost=0.00..796071.18 rows=2749072 width=4) (actual time=9787.102..12184.910 rows=3811745 loops=1)
        Filter: ((person_id > 1296693) AND (role_id = 10))
        Rows Removed by Filter: 32432599
  ->  Hash  (cost=220309.49..220309.49 rows=2609129 width=8) (actual time=6473.731..6473.731 rows=2609129 loops=1)
        Buckets: 131072  Batches: 64  Memory Usage: 2610kB
        ->  Hash Join  (cost=102767.86..220309.49 rows=2609129 width=8) (actual time=1773.755..5705.035 rows=2609129 loops=1)
              Hash Cond: (mc.movie_id = t.id)
              ->  Seq Scan on movie_companies mc  (cost=0.00..44881.29 rows=2609129 width=4) (actual time=0.024..777.959 rows=2609129 loops=1)
              ->  Hash  (cost=61283.27..61283.27 rows=2528527 width=4) (actual time=1772.431..1772.431 rows=2528312 loops=1)
                    Buckets: 131072  Batches: 64  Memory Usage: 2415kB
                    ->  Seq Scan on title t  (cost=0.00..61283.27 rows=2528527 width=4) (actual time=0.017..923.005 rows=2528312 loops=1)
Planning time: 0.818 ms
Execution time: 27811.224 ms
