Hash Join  (cost=87846.69..1246522.16 rows=12155730 width=0) (actual time=1576.540..37991.762 rows=13994452 loops=1)
  Hash Cond: (ci.movie_id = t.id)
  ->  Seq Scan on cast_info ci  (cost=0.00..614943.12 rows=36225612 width=4) (actual time=0.012..11786.624 rows=36244344 loops=1)
  ->  Hash  (cost=73925.90..73925.90 rows=848463 width=4) (actual time=1575.539..1575.539 rows=926957 loops=1)
        Buckets: 131072  Batches: 16  Memory Usage: 3069kB
        ->  Seq Scan on title t  (cost=0.00..73925.90 rows=848463 width=4) (actual time=0.018..1280.805 rows=926957 loops=1)
              Filter: ((kind_id > 4) AND (production_year > 2000))
              Rows Removed by Filter: 1601355
Planning time: 0.734 ms
Execution time: 39556.855 ms
