Seq Scan on movie_companies mc  (cost=0.00..57926.93 rows=456007 width=0) (actual time=368.275..948.528 rows=657649 loops=1)
  Filter: ((company_id < 3306) AND (company_type_id < 2))
  Rows Removed by Filter: 1951480
Planning time: 0.336 ms
Execution time: 1032.976 ms
