Hash Join  (cost=85000.09..129013.49 rows=368392 width=0) (actual time=1668.461..2854.348 rows=173847 loops=1)
  Hash Cond: (mi_idx.movie_id = t.id)
  ->  Seq Scan on movie_info_idx mi_idx  (cost=0.00..21735.35 rows=1380035 width=4) (actual time=0.015..445.424 rows=1380035 loops=1)
  ->  Hash  (cost=73925.90..73925.90 rows=674975 width=4) (actual time=1667.138..1667.138 rows=739679 loops=1)
        Buckets: 131072  Batches: 16  Memory Usage: 2654kB
        ->  Seq Scan on title t  (cost=0.00..73925.90 rows=674975 width=4) (actual time=0.014..1140.194 rows=739679 loops=1)
              Filter: ((production_year > 2004) AND (kind_id = 7))
              Rows Removed by Filter: 1788633
Planning time: 0.771 ms
Execution time: 2874.346 ms
