Hash Join  (cost=795679.15..1181161.57 rows=240259 width=0) (actual time=13763.714..22105.983 rows=798022 loops=1)
  Hash Cond: (mi.movie_id = t.id)
  ->  Seq Scan on movie_info mi  (cost=0.00..309384.22 rows=14739122 width=4) (actual time=0.020..3856.659 rows=14835720 loops=1)
  ->  Hash  (cost=795163.94..795163.94 rows=41217 width=8) (actual time=13763.316..13763.316 rows=76154 loops=1)
        Buckets: 131072 (originally 65536)  Batches: 1 (originally 1)  Memory Usage: 3999kB
        ->  Hash Join  (cost=74251.74..795163.94 rows=41217 width=8) (actual time=5146.378..13727.947 rows=76154 loops=1)
              Hash Cond: (ci.movie_id = t.id)
              ->  Seq Scan on cast_info ci  (cost=0.00..705507.15 rows=3998100 width=4) (actual time=4096.750..11712.753 rows=4008037 loops=1)
                    Filter: (role_id = 3)
                    Rows Removed by Filter: 32236307
              ->  Hash  (cost=73925.90..73925.90 rows=26067 width=4) (actual time=1049.415..1049.415 rows=27085 loops=1)
                    Buckets: 32768  Batches: 1  Memory Usage: 1209kB
                    ->  Seq Scan on title t  (cost=0.00..73925.90 rows=26067 width=4) (actual time=0.026..1038.082 rows=27085 loops=1)
                          Filter: ((kind_id < 7) AND (production_year > 2012))
                          Rows Removed by Filter: 2501227
Planning time: 1.096 ms
Execution time: 22213.133 ms
