Hash Join  (cost=179998.52..675601.41 rows=1480398 width=0) (actual time=4357.006..26374.011 rows=47453026 loops=1)
  Hash Cond: (mi.movie_id = t.id)
  ->  Seq Scan on movie_info mi  (cost=0.00..309384.22 rows=14739122 width=4) (actual time=0.016..5333.182 rows=14835720 loops=1)
  ->  Hash  (cost=175830.96..175830.96 rows=253965 width=8) (actual time=3484.008..3484.008 rows=626661 loops=1)
        Buckets: 131072 (originally 131072)  Batches: 16 (originally 4)  Memory Usage: 3073kB
        ->  Hash Join  (cost=78556.72..175830.96 rows=253965 width=8) (actual time=1312.582..3298.648 rows=626661 loops=1)
              Hash Cond: (mk.movie_id = t.id)
              ->  Seq Scan on movie_keyword mk  (cost=0.00..81003.12 rows=961990 width=4) (actual time=0.015..1387.753 rows=971296 loops=1)
                    Filter: (keyword_id > 19451)
                    Rows Removed by Filter: 3552634
              ->  Hash  (cost=67604.59..67604.59 rows=667531 width=4) (actual time=1182.008..1182.008 rows=662825 loops=1)
                    Buckets: 131072  Batches: 16  Memory Usage: 2486kB
                    ->  Seq Scan on title t  (cost=0.00..67604.59 rows=667531 width=4) (actual time=210.843..972.604 rows=662825 loops=1)
                          Filter: (kind_id = 1)
                          Rows Removed by Filter: 1865487
Planning time: 0.906 ms
Execution time: 31721.674 ms
