Hash Join  (cost=206172.64..720421.22 rows=3227863 width=0) (actual time=4263.230..15556.693 rows=1488253 loops=1)
  Hash Cond: (mi.movie_id = t.id)
  ->  Seq Scan on movie_info mi  (cost=0.00..309384.22 rows=14739122 width=4) (actual time=0.016..5130.108 rows=14835720 loops=1)
  ->  Hash  (cost=197086.81..197086.81 rows=553747 width=8) (actual time=3787.520..3787.520 rows=149007 loops=1)
        Buckets: 131072  Batches: 8  Memory Usage: 1762kB
        ->  Hash Join  (cost=92883.59..197086.81 rows=553747 width=8) (actual time=2323.251..3737.898 rows=149007 loops=1)
              Hash Cond: (mk.movie_id = t.id)
              ->  Seq Scan on movie_keyword mk  (cost=0.00..81003.12 rows=908725 width=4) (actual time=0.025..1314.648 rows=903448 loops=1)
                    Filter: (keyword_id > 20433)
                    Rows Removed by Filter: 3620482
              ->  Hash  (cost=67604.59..67604.59 rows=1540800 width=4) (actual time=1702.692..1702.692 rows=1543264 loops=1)
                    Buckets: 131072  Batches: 32  Memory Usage: 2728kB
                    ->  Seq Scan on title t  (cost=0.00..67604.59 rows=1540800 width=4) (actual time=0.017..1187.509 rows=1543264 loops=1)
                          Filter: (kind_id = 7)
                          Rows Removed by Filter: 985048
Planning time: 1.477 ms
Execution time: 15743.069 ms
