Seq Scan on title t  (cost=0.00..73925.90 rows=48892 width=0) (actual time=0.018..999.459 rows=127855 loops=1)
  Filter: ((kind_id < 7) AND (production_year < 1935))
  Rows Removed by Filter: 2400457
Planning time: 0.333 ms
Execution time: 1016.635 ms
