Seq Scan on movie_companies mc  (cost=0.00..57926.93 rows=51 width=0) (actual time=176.169..379.102 rows=3 loops=1)
  Filter: ((company_type_id < 2) AND (company_id = 47545))
  Rows Removed by Filter: 2609126
Planning time: 0.394 ms
Execution time: 379.184 ms
