Hash Join  (cost=709675.40..796334.87 rows=143 width=0) (actual time=12710.915..13888.023 rows=303 loops=1)
  Hash Cond: (mk.movie_id = t.id)
  ->  Seq Scan on movie_keyword mk  (cost=0.00..69693.30 rows=4523930 width=4) (actual time=0.016..887.030 rows=4523930 loops=1)
  ->  Hash  (cost=709674.40..709674.40 rows=80 width=8) (actual time=12214.542..12214.542 rows=8 loops=1)
        Buckets: 1024  Batches: 1  Memory Usage: 9kB
        ->  Nested Loop  (cost=0.43..709674.40 rows=80 width=8) (actual time=4426.185..12214.496 rows=8 loops=1)
              ->  Seq Scan on cast_info ci  (cost=0.00..705507.15 rows=500 width=4) (actual time=1501.113..8171.531 rows=1424 loops=1)
                    Filter: (person_id = 1322165)
                    Rows Removed by Filter: 36242920
              ->  Index Scan using title_pkey on title t  (cost=0.43..8.32 rows=1 width=4) (actual time=2.839..2.839 rows=0 loops=1424)
                    Index Cond: (id = ci.movie_id)
                    Filter: ((kind_id < 4) AND (production_year > 2003))
                    Rows Removed by Filter: 1
Planning time: 1.149 ms
Execution time: 13888.183 ms
