Hash Join  (cost=69484.36..1154588.82 rows=1429435 width=0) (actual time=1855.915..27865.320 rows=1306373 loops=1)
  Hash Cond: (ci.movie_id = t.id)
  ->  Seq Scan on cast_info ci  (cost=0.00..705507.15 rows=31554923 width=4) (actual time=971.428..15214.725 rows=31605208 loops=1)
        Filter: (role_id < 10)
        Rows Removed by Filter: 4639136
  ->  Hash  (cost=67604.59..67604.59 rows=114542 width=4) (actual time=883.666..883.666 rows=118234 loops=1)
        Buckets: 131072  Batches: 2  Memory Usage: 3101kB
        ->  Seq Scan on title t  (cost=0.00..67604.59 rows=114542 width=4) (actual time=0.033..843.150 rows=118234 loops=1)
              Filter: (kind_id = 4)
              Rows Removed by Filter: 2410078
Planning time: 0.674 ms
Execution time: 28029.099 ms
