Hash Join  (cost=73963.69..100890.67 rows=1650 width=0) (actual time=991.231..1519.505 rows=132 loops=1)
  Hash Cond: (mi_idx.movie_id = t.id)
  ->  Seq Scan on movie_info_idx mi_idx  (cost=0.00..21735.35 rows=1380035 width=4) (actual time=0.023..277.421 rows=1380035 loops=1)
  ->  Hash  (cost=73925.90..73925.90 rows=3023 width=4) (actual time=989.501..989.501 rows=1148 loops=1)
        Buckets: 4096  Batches: 1  Memory Usage: 73kB
        ->  Seq Scan on title t  (cost=0.00..73925.90 rows=3023 width=4) (actual time=585.507..988.868 rows=1148 loops=1)
              Filter: ((production_year > 2012) AND (kind_id = 4))
              Rows Removed by Filter: 2527164
Planning time: 0.672 ms
Execution time: 1519.635 ms
