Hash Join  (cost=319290.19..934715.84 rows=12310170 width=0) (actual time=7090.903..35205.063 rows=78248818 loops=1)
  Hash Cond: (mi.movie_id = t.id)
  ->  Seq Scan on movie_info mi  (cost=0.00..346232.03 rows=9476311 width=4) (actual time=0.020..6033.049 rows=9565151 loops=1)
        Filter: (info_type_id < 16)
        Rows Removed by Filter: 5270569
  ->  Hash  (cost=265400.77..265400.77 rows=3284674 width=8) (actual time=7088.768..7088.768 rows=2946979 loops=1)
        Buckets: 131072  Batches: 64  Memory Usage: 2878kB
        ->  Hash Join  (cost=97725.07..265400.77 rows=3284674 width=8) (actual time=1769.906..6210.730 rows=2946979 loops=1)
              Hash Cond: (mk.movie_id = t.id)
              ->  Seq Scan on movie_keyword mk  (cost=0.00..69693.30 rows=4523930 width=4) (actual time=0.019..1257.930 rows=4523930 loops=1)
              ->  Hash  (cost=67604.59..67604.59 rows=1835879 width=4) (actual time=1768.438..1768.438 rows=1833367 loops=1)
                    Buckets: 131072  Batches: 32  Memory Usage: 3053kB
                    ->  Seq Scan on title t  (cost=0.00..67604.59 rows=1835879 width=4) (actual time=0.026..1176.769 rows=1833367 loops=1)
                          Filter: (production_year > 1986)
                          Rows Removed by Filter: 694945
Planning time: 8.506 ms
Execution time: 43744.212 ms
