Hash Join  (cost=71587.82..529492.22 rows=848824 width=0) (actual time=1144.763..12651.079 rows=1532096 loops=1)
  Hash Cond: (mi.movie_id = t.id)
  ->  Seq Scan on movie_info mi  (cost=0.00..346232.03 rows=8841901 width=4) (actual time=0.016..5957.372 rows=8950757 loops=1)
        Filter: (info_type_id > 6)
        Rows Removed by Filter: 5884963
  ->  Hash  (cost=67604.59..67604.59 rows=242739 width=4) (actual time=1143.976..1143.976 rows=241400 loops=1)
        Buckets: 131072  Batches: 4  Memory Usage: 3153kB
        ->  Seq Scan on title t  (cost=0.00..67604.59 rows=242739 width=4) (actual time=0.041..1058.934 rows=241400 loops=1)
              Filter: (production_year < 1960)
              Rows Removed by Filter: 2286912
Planning time: 0.720 ms
Execution time: 12820.058 ms
