Hash Join  (cost=130436.20..1212556.28 rows=4703388 width=0) (actual time=2629.208..32343.689 rows=8211560 loops=1)
  Hash Cond: (ci.movie_id = t.id)
  ->  Seq Scan on cast_info ci  (cost=0.00..614943.12 rows=36225612 width=4) (actual time=0.013..11524.713 rows=36244344 loops=1)
  ->  Hash  (cost=125049.53..125049.53 rows=328294 width=8) (actual time=2628.371..2628.371 rows=246129 loops=1)
        Buckets: 131072  Batches: 8  Memory Usage: 2215kB
        ->  Hash Join  (cost=82423.69..125049.53 rows=328294 width=8) (actual time=1411.419..2549.837 rows=246129 loops=1)
              Hash Cond: (mi_idx.movie_id = t.id)
              ->  Seq Scan on movie_info_idx mi_idx  (cost=0.00..25185.44 rows=919057 width=4) (actual time=0.014..469.729 rows=920110 loops=1)
                    Filter: (info_type_id > 99)
                    Rows Removed by Filter: 459925
              ->  Hash  (cost=67604.59..67604.59 rows=903208 width=4) (actual time=1410.462..1410.462 rows=904491 loops=1)
                    Buckets: 131072  Batches: 16  Memory Usage: 3010kB
                    ->  Seq Scan on title t  (cost=0.00..67604.59 rows=903208 width=4) (actual time=0.011..1127.832 rows=904491 loops=1)
                          Filter: (production_year > 2006)
                          Rows Removed by Filter: 1623821
Planning time: 1.111 ms
Execution time: 33205.226 ms
