Hash Join  (cost=58375.85..145034.83 rows=95 width=0) (actual time=852.299..2403.171 rows=2205 loops=1)
  Hash Cond: (mk.movie_id = t.id)
  ->  Seq Scan on movie_keyword mk  (cost=0.00..69693.30 rows=4523930 width=4) (actual time=0.031..927.220 rows=4523930 loops=1)
  ->  Hash  (cost=58375.18..58375.18 rows=53 width=8) (actual time=722.130..722.130 rows=151 loops=1)
        Buckets: 1024  Batches: 1  Memory Usage: 14kB
        ->  Nested Loop  (cost=0.43..58375.18 rows=53 width=8) (actual time=392.353..722.014 rows=151 loops=1)
              ->  Seq Scan on movie_companies mc  (cost=0.00..57926.93 rows=53 width=4) (actual time=392.262..713.948 rows=151 loops=1)
                    Filter: ((company_id = 39659) AND (company_type_id = 2))
                    Rows Removed by Filter: 2608978
              ->  Index Only Scan using title_pkey on title t  (cost=0.43..8.45 rows=1 width=4) (actual time=0.051..0.052 rows=1 loops=151)
                    Index Cond: (id = mc.movie_id)
                    Heap Fetches: 151
Planning time: 1.491 ms
Execution time: 2403.653 ms
