Hash Join  (cost=102767.86..177647.03 rows=293922 width=0) (actual time=2220.623..3705.852 rows=580741 loops=1)
  Hash Cond: (mc.movie_id = t.id)
  ->  Seq Scan on movie_companies mc  (cost=0.00..57926.93 rows=293922 width=4) (actual time=295.276..913.734 rows=580741 loops=1)
        Filter: ((company_id > 71043) AND (company_type_id = 2))
        Rows Removed by Filter: 2028388
  ->  Hash  (cost=61283.27..61283.27 rows=2528527 width=4) (actual time=1923.635..1923.635 rows=2528312 loops=1)
        Buckets: 131072  Batches: 64  Memory Usage: 2415kB
        ->  Seq Scan on title t  (cost=0.00..61283.27 rows=2528527 width=4) (actual time=0.016..928.892 rows=2528312 loops=1)
Planning time: 0.794 ms
Execution time: 3775.904 ms
