Hash Join  (cost=102767.86..1097964.25 rows=7864813 width=0) (actual time=1785.854..26818.668 rows=12670688 loops=1)
  Hash Cond: (ci.movie_id = t.id)
  ->  Seq Scan on cast_info ci  (cost=0.00..796071.18 rows=7864813 width=4) (actual time=0.020..14749.142 rows=12670688 loops=1)
        Filter: ((person_id < 2265346) AND (role_id = 1))
        Rows Removed by Filter: 23573656
  ->  Hash  (cost=61283.27..61283.27 rows=2528527 width=4) (actual time=1784.713..1784.713 rows=2528312 loops=1)
        Buckets: 131072  Batches: 64  Memory Usage: 2415kB
        ->  Seq Scan on title t  (cost=0.00..61283.27 rows=2528527 width=4) (actual time=0.009..940.163 rows=2528312 loops=1)
Planning time: 0.511 ms
Execution time: 28182.883 ms
