Seq Scan on movie_companies mc  (cost=0.00..57926.93 rows=845456 width=0) (actual time=0.019..1000.507 rows=649770 loops=1)
  Filter: ((company_id > 2631) AND (company_type_id = 1))
  Rows Removed by Filter: 1959359
Planning time: 0.365 ms
Execution time: 1083.909 ms
