Hash Join  (cost=431652.90..518823.40 rows=51247 width=0) (actual time=6532.213..11907.063 rows=13990582 loops=1)
  Hash Cond: (mk.movie_id = t.id)
  ->  Seq Scan on movie_keyword mk  (cost=0.00..69693.30 rows=4523930 width=4) (actual time=0.012..988.237 rows=4523930 loops=1)
  ->  Hash  (cost=431294.86..431294.86 rows=28643 width=8) (actual time=6299.218..6299.218 rows=155059 loops=1)
        Buckets: 131072 (originally 32768)  Batches: 2 (originally 1)  Memory Usage: 4080kB
        ->  Hash Join  (cost=81152.82..431294.86 rows=28643 width=8) (actual time=1899.934..6248.151 rows=155059 loops=1)
              Hash Cond: (mi.movie_id = t.id)
              ->  Seq Scan on movie_info mi  (cost=0.00..346232.03 rows=164423 width=4) (actual time=717.925..4880.549 rows=197754 loops=1)
                    Filter: (info_type_id > 106)
                    Rows Removed by Filter: 14637966
              ->  Hash  (cost=73925.90..73925.90 rows=440473 width=4) (actual time=1161.977..1161.977 rows=473918 loops=1)
                    Buckets: 131072  Batches: 8  Memory Usage: 3126kB
                    ->  Seq Scan on title t  (cost=0.00..73925.90 rows=440473 width=4) (actual time=125.489..1010.521 rows=473918 loops=1)
                          Filter: ((kind_id < 2) AND (production_year < 2008))
                          Rows Removed by Filter: 2054394
Planning time: 1.114 ms
Execution time: 13548.400 ms
