Hash Join  (cost=221626.65..1240251.28 rows=5389692 width=0) (actual time=8220.230..42497.556 rows=53233347 loops=1)
  Hash Cond: (ci.movie_id = t.id)
  ->  Seq Scan on cast_info ci  (cost=0.00..705507.15 rows=20024311 width=4) (actual time=2758.734..13929.345 rows=20122661 loops=1)
        Filter: (role_id < 3)
        Rows Removed by Filter: 16121683
  ->  Hash  (cost=210460.50..210460.50 rows=680572 width=8) (actual time=5459.627..5459.627 rows=2088022 loops=1)
        Buckets: 131072 (originally 131072)  Batches: 32 (originally 16)  Memory Usage: 3538kB
        ->  Hash Join  (cost=80166.74..210460.50 rows=680572 width=8) (actual time=1334.903..4927.351 rows=2088022 loops=1)
              Hash Cond: (mk.movie_id = t.id)
              ->  Seq Scan on movie_keyword mk  (cost=0.00..69693.30 rows=4523930 width=4) (actual time=0.027..1333.839 rows=4523930 loops=1)
              ->  Hash  (cost=73925.90..73925.90 rows=380387 width=4) (actual time=1333.893..1333.893 rows=484820 loops=1)
                    Buckets: 131072  Batches: 8  Memory Usage: 3173kB
                    ->  Seq Scan on title t  (cost=0.00..73925.90 rows=380387 width=4) (actual time=0.052..1174.083 rows=484820 loops=1)
                          Filter: ((kind_id < 7) AND (production_year < 1999))
                          Rows Removed by Filter: 2043492
Planning time: 1.066 ms
Execution time: 47643.597 ms
