Hash Join  (cost=96390.27..847566.68 rows=38728 width=0) (actual time=1540.402..17183.884 rows=5250 loops=1)
  Hash Cond: (ci.movie_id = t.id)
  ->  Seq Scan on cast_info ci  (cost=0.00..614943.12 rows=36225612 width=4) (actual time=0.013..8854.018 rows=36244344 loops=1)
  ->  Hash  (cost=96356.48..96356.48 rows=2703 width=8) (actual time=1522.312..1522.312 rows=372 loops=1)
        Buckets: 4096  Batches: 1  Memory Usage: 47kB
        ->  Hash Join  (cost=67697.55..96356.48 rows=2703 width=8) (actual time=1024.347..1522.070 rows=372 loops=1)
              Hash Cond: (mi_idx.movie_id = t.id)
              ->  Seq Scan on movie_info_idx mi_idx  (cost=0.00..25185.44 rows=919057 width=4) (actual time=0.029..422.508 rows=920110 loops=1)
                    Filter: (info_type_id > 99)
                    Rows Removed by Filter: 459925
              ->  Hash  (cost=67604.59..67604.59 rows=7437 width=4) (actual time=947.917..947.917 rows=3781 loops=1)
                    Buckets: 8192  Batches: 1  Memory Usage: 197kB
                    ->  Seq Scan on title t  (cost=0.00..67604.59 rows=7437 width=4) (actual time=189.895..946.029 rows=3781 loops=1)
                          Filter: (production_year = 1918)
                          Rows Removed by Filter: 2524531
Planning time: 1.260 ms
Execution time: 17185.619 ms
