Hash Join  (cost=78284.76..157113.65 rows=274137 width=0) (actual time=1169.783..3037.866 rows=168468 loops=1)
  Hash Cond: (mc.movie_id = t.id)
  ->  Seq Scan on movie_companies mc  (cost=0.00..44881.29 rows=2609129 width=4) (actual time=0.016..787.705 rows=2609129 loops=1)
  ->  Hash  (cost=73925.90..73925.90 rows=265668 width=4) (actual time=1135.978..1135.978 rows=153955 loops=1)
        Buckets: 131072  Batches: 4  Memory Usage: 2377kB
        ->  Seq Scan on title t  (cost=0.00..73925.90 rows=265668 width=4) (actual time=0.023..1084.175 rows=153955 loops=1)
              Filter: ((kind_id > 4) AND (production_year < 1974))
              Rows Removed by Filter: 2374357
Planning time: 0.948 ms
Execution time: 3058.789 ms
