Seq Scan on movie_companies mc  (cost=0.00..51404.11 rows=215638 width=0) (actual time=157.318..761.940 rows=217052 loops=1)
  Filter: (company_id > 108735)
  Rows Removed by Filter: 2392077
Planning time: 0.294 ms
Execution time: 789.781 ms
