Hash Join  (cost=107245.05..490924.11 rows=82068 width=0) (actual time=1778.897..8523.825 rows=69834 loops=1)
  Hash Cond: (mi.movie_id = t.id)
  ->  Seq Scan on movie_info mi  (cost=0.00..346232.03 rows=9767026 width=4) (actual time=0.023..5070.182 rows=9911754 loops=1)
        Filter: (info_type_id > 4)
        Rows Removed by Filter: 4923966
  ->  Hash  (cost=106979.48..106979.48 rows=21246 width=8) (actual time=1777.897..1777.897 rows=12108 loops=1)
        Buckets: 32768  Batches: 1  Memory Usage: 729kB
        ->  Hash Join  (cost=75867.62..106979.48 rows=21246 width=8) (actual time=1112.178..1772.645 rows=12108 loops=1)
              Hash Cond: (mi_idx.movie_id = t.id)
              ->  Seq Scan on movie_info_idx mi_idx  (cost=0.00..25185.44 rows=454124 width=4) (actual time=0.017..452.436 rows=459925 loops=1)
                    Filter: (info_type_id = 100)
                    Rows Removed by Filter: 920110
              ->  Hash  (cost=73925.90..73925.90 rows=118297 width=4) (actual time=1111.218..1111.218 rows=122606 loops=1)
                    Buckets: 131072  Batches: 2  Memory Usage: 3179kB
                    ->  Seq Scan on title t  (cost=0.00..73925.90 rows=118297 width=4) (actual time=0.026..1065.948 rows=122606 loops=1)
                          Filter: ((kind_id > 1) AND (production_year = 2011))
                          Rows Removed by Filter: 2405706
Planning time: 1.229 ms
Execution time: 8534.513 ms
