Hash Join  (cost=86573.65..209922.17 rows=820671 width=0) (actual time=2095.581..4334.124 rows=166392 loops=1)
  Hash Cond: (mk.movie_id = t.id)
  ->  Seq Scan on movie_keyword mk  (cost=0.00..81003.12 rows=2691915 width=4) (actual time=0.023..1526.093 rows=2685386 loops=1)
        Filter: (keyword_id < 7579)
        Rows Removed by Filter: 1838544
  ->  Hash  (cost=73925.90..73925.90 rows=770860 width=4) (actual time=1432.560..1432.560 rows=682281 loops=1)
        Buckets: 131072  Batches: 16  Memory Usage: 2528kB
        ->  Seq Scan on title t  (cost=0.00..73925.90 rows=770860 width=4) (actual time=0.015..1206.758 rows=682281 loops=1)
              Filter: ((production_year < 2004) AND (kind_id = 7))
              Rows Removed by Filter: 1846031
Planning time: 4.120 ms
Execution time: 4355.901 ms
