Hash Join  (cost=190230.21..336246.73 rows=1911845 width=0) (actual time=4483.577..9666.943 rows=8201560 loops=1)
  Hash Cond: (mk.movie_id = t.id)
  ->  Seq Scan on movie_keyword mk  (cost=0.00..81003.12 rows=3502919 width=4) (actual time=0.021..1617.140 rows=3495574 loops=1)
        Filter: (keyword_id > 1002)
        Rows Removed by Filter: 1028356
  ->  Hash  (cost=167588.78..167588.78 rows=1380035 width=8) (actual time=4481.955..4481.955 rows=1380035 loops=1)
        Buckets: 131072  Batches: 32  Memory Usage: 2726kB
        ->  Hash Join  (cost=102767.86..167588.78 rows=1380035 width=8) (actual time=2208.280..4088.681 rows=1380035 loops=1)
              Hash Cond: (mi_idx.movie_id = t.id)
              ->  Seq Scan on movie_info_idx mi_idx  (cost=0.00..21735.35 rows=1380035 width=4) (actual time=0.009..453.341 rows=1380035 loops=1)
              ->  Hash  (cost=61283.27..61283.27 rows=2528527 width=4) (actual time=2207.306..2207.306 rows=2528312 loops=1)
                    Buckets: 131072  Batches: 64  Memory Usage: 2415kB
                    ->  Seq Scan on title t  (cost=0.00..61283.27 rows=2528527 width=4) (actual time=0.021..1041.969 rows=2528312 loops=1)
Planning time: 1.189 ms
Execution time: 10580.176 ms
