Hash Join  (cost=581097.79..1976043.83 rows=13115574 width=0) (actual time=14982.593..61002.660 rows=56963185 loops=1)
  Hash Cond: (ci.movie_id = t.id)
  ->  Seq Scan on cast_info ci  (cost=0.00..614943.12 rows=36225612 width=4) (actual time=0.015..12209.593 rows=36244344 loops=1)
  ->  Hash  (cost=566077.54..566077.54 rows=915460 width=8) (actual time=14980.517..14980.517 rows=2968196 loops=1)
        Buckets: 131072 (originally 131072)  Batches: 64 (originally 16)  Memory Usage: 3073kB
        ->  Hash Join  (cost=76503.02..566077.54 rows=915460 width=8) (actual time=1162.279..13771.433 rows=2968196 loops=1)
              Hash Cond: (mi.movie_id = t.id)
              ->  Seq Scan on movie_info mi  (cost=0.00..309384.22 rows=14739122 width=4) (actual time=0.024..5035.517 rows=14835720 loops=1)
              ->  Hash  (cost=73925.90..73925.90 rows=157049 width=4) (actual time=1161.253..1161.253 rows=258048 loops=1)
                    Buckets: 131072  Batches: 4  Memory Usage: 3301kB
                    ->  Seq Scan on title t  (cost=0.00..73925.90 rows=157049 width=4) (actual time=0.080..1073.298 rows=258048 loops=1)
                          Filter: ((kind_id < 7) AND (production_year < 1972))
                          Rows Removed by Filter: 2270264
Planning time: 1.161 ms
Execution time: 67176.394 ms
