Hash Join  (cost=102767.86..183791.26 rows=549321 width=0) (actual time=2081.207..3398.864 rows=335168 loops=1)
  Hash Cond: (mc.movie_id = t.id)
  ->  Seq Scan on movie_companies mc  (cost=0.00..57926.93 rows=549321 width=4) (actual time=241.797..877.642 rows=335168 loops=1)
        Filter: ((company_id < 6726) AND (company_type_id > 1))
        Rows Removed by Filter: 2273961
  ->  Hash  (cost=61283.27..61283.27 rows=2528527 width=4) (actual time=1838.056..1838.056 rows=2528312 loops=1)
        Buckets: 131072  Batches: 64  Memory Usage: 2415kB
        ->  Seq Scan on title t  (cost=0.00..61283.27 rows=2528527 width=4) (actual time=0.029..984.829 rows=2528312 loops=1)
Planning time: 0.823 ms
Execution time: 3440.099 ms
