Hash Join  (cost=98137.04..221335.37 rows=1274257 width=0) (actual time=1826.997..4424.649 rows=624837 loops=1)
  Hash Cond: (mk.movie_id = t.id)
  ->  Seq Scan on movie_keyword mk  (cost=0.00..81003.12 rows=1731327 width=4) (actual time=0.019..1384.974 rows=1741000 loops=1)
        Filter: (keyword_id < 2845)
        Rows Removed by Filter: 2782930
  ->  Hash  (cost=67604.59..67604.59 rows=1860996 width=4) (actual time=1824.579..1824.579 rows=1865487 loops=1)
        Buckets: 131072  Batches: 32  Memory Usage: 3085kB
        ->  Seq Scan on title t  (cost=0.00..67604.59 rows=1860996 width=4) (actual time=0.019..1201.796 rows=1865487 loops=1)
              Filter: (kind_id > 1)
              Rows Removed by Filter: 662825
Planning time: 2.103 ms
Execution time: 4492.663 ms
