Hash Join  (cost=938350.73..1463698.46 rows=4268080 width=0) (actual time=13544.008..27807.397 rows=4213231 loops=1)
  Hash Cond: (mi.movie_id = t.id)
  ->  Seq Scan on movie_info mi  (cost=0.00..309384.22 rows=14739122 width=4) (actual time=0.012..4999.865 rows=14835720 loops=1)
  ->  Hash  (cost=926337.26..926337.26 rows=732198 width=8) (actual time=13542.769..13542.769 rows=496025 loops=1)
        Buckets: 131072  Batches: 16  Memory Usage: 2233kB
        ->  Hash Join  (cost=102767.86..926337.26 rows=732198 width=8) (actual time=9744.792..13403.885 rows=496025 loops=1)
              Hash Cond: (ci.movie_id = t.id)
              ->  Seq Scan on cast_info ci  (cost=0.00..796071.18 rows=732198 width=4) (actual time=7991.732..10464.315 rows=496025 loops=1)
                    Filter: ((person_id > 2988792) AND (role_id = 3))
                    Rows Removed by Filter: 35748319
              ->  Hash  (cost=61283.27..61283.27 rows=2528527 width=4) (actual time=1751.921..1751.921 rows=2528312 loops=1)
                    Buckets: 131072  Batches: 64  Memory Usage: 2415kB
                    ->  Seq Scan on title t  (cost=0.00..61283.27 rows=2528527 width=4) (actual time=0.026..911.097 rows=2528312 loops=1)
Planning time: 1.137 ms
Execution time: 28268.063 ms
