Seq Scan on movie_companies mc  (cost=0.00..57926.93 rows=424397 width=0) (actual time=0.027..867.601 rows=751087 loops=1)
  Filter: ((company_id > 26056) AND (company_type_id = 2))
  Rows Removed by Filter: 1858042
Planning time: 0.426 ms
Execution time: 960.589 ms
