Seq Scan on movie_info mi  (cost=0.00..346232.03 rows=13832302 width=0) (actual time=0.022..6500.218 rows=13867355 loops=1)
  Filter: (info_type_id < 94)
  Rows Removed by Filter: 968365
Planning time: 0.322 ms
Execution time: 8245.907 ms
