Hash Join  (cost=129780.31..894183.68 rows=205885 width=0) (actual time=2187.103..18437.643 rows=865231 loops=1)
  Hash Cond: (ci.movie_id = t.id)
  ->  Seq Scan on cast_info ci  (cost=0.00..705507.15 rows=15156632 width=4) (actual time=0.028..11521.186 rows=15031055 loops=1)
        Filter: (person_id < 1483453)
        Rows Removed by Filter: 21213289
  ->  Hash  (cost=129350.97..129350.97 rows=34347 width=8) (actual time=2186.380..2186.380 rows=59122 loops=1)
        Buckets: 65536  Batches: 1  Memory Usage: 2822kB
        ->  Hash Join  (cost=74341.98..129350.97 rows=34347 width=8) (actual time=1158.226..2168.439 rows=59122 loops=1)
              Hash Cond: (mc.movie_id = t.id)
              ->  Seq Scan on movie_companies mc  (cost=0.00..44881.29 rows=2609129 width=4) (actual time=0.013..485.926 rows=2609129 loops=1)
              ->  Hash  (cost=73925.90..73925.90 rows=33286 width=4) (actual time=1157.728..1157.728 rows=28113 loops=1)
                    Buckets: 65536  Batches: 1  Memory Usage: 1501kB
                    ->  Seq Scan on title t  (cost=0.00..73925.90 rows=33286 width=4) (actual time=0.018..1145.583 rows=28113 loops=1)
                          Filter: ((kind_id < 7) AND (production_year = 2004))
                          Rows Removed by Filter: 2500199
Planning time: 3.251 ms
Execution time: 18553.896 ms
