Hash Join  (cost=969776.19..1566110.30 rows=9194228 width=0) (actual time=14582.678..30938.865 rows=16700381 loops=1)
  Hash Cond: (mi.movie_id = t.id)
  ->  Seq Scan on movie_info mi  (cost=0.00..309384.22 rows=14739122 width=4) (actual time=0.011..5316.509 rows=14835720 loops=1)
  ->  Hash  (cost=943898.08..943898.08 rows=1577289 width=8) (actual time=14581.195..14581.195 rows=452787 loops=1)
        Buckets: 131072  Batches: 32  Memory Usage: 1616kB
        ->  Hash Join  (cost=93117.31..943898.08 rows=1577289 width=8) (actual time=2811.090..14446.924 rows=452787 loops=1)
              Hash Cond: (ci.movie_id = t.id)
              ->  Seq Scan on cast_info ci  (cost=0.00..796071.18 rows=2564740 width=4) (actual time=1168.275..12058.292 rows=823990 loops=1)
                    Filter: ((person_id < 2162538) AND (role_id = 10))
                    Rows Removed by Filter: 35420354
              ->  Hash  (cost=67604.59..67604.59 rows=1555018 width=4) (actual time=1641.155..1641.155 rows=1551727 loops=1)
                    Buckets: 131072  Batches: 32  Memory Usage: 2728kB
                    ->  Seq Scan on title t  (cost=0.00..67604.59 rows=1555018 width=4) (actual time=0.023..1132.148 rows=1551727 loops=1)
                          Filter: (production_year < 2007)
                          Rows Removed by Filter: 976585
Planning time: 1.170 ms
Execution time: 32816.697 ms
