Hash Join  (cost=73982.55..438902.66 rows=26418 width=0) (actual time=1378.982..7609.636 rows=29637 loops=1)
  Hash Cond: (mi.movie_id = t.id)
  ->  Seq Scan on movie_info mi  (cost=0.00..309384.22 rows=14739122 width=4) (actual time=0.016..3481.551 rows=14835720 loops=1)
  ->  Hash  (cost=73925.90..73925.90 rows=4532 width=4) (actual time=1031.928..1031.928 rows=8378 loops=1)
        Buckets: 16384 (originally 8192)  Batches: 1 (originally 1)  Memory Usage: 423kB
        ->  Seq Scan on title t  (cost=0.00..73925.90 rows=4532 width=4) (actual time=161.681..1027.651 rows=8378 loops=1)
              Filter: ((kind_id = 7) AND (production_year = 1979))
              Rows Removed by Filter: 2519934
Planning time: 0.552 ms
Execution time: 7614.076 ms
