Hash Join  (cost=93843.90..458071.43 rows=388787 width=0) (actual time=3010.253..7150.931 rows=216130 loops=1)
  Hash Cond: (mi.movie_id = t.id)
  ->  Seq Scan on movie_info mi  (cost=0.00..346232.03 rows=809768 width=4) (actual time=1281.863..4735.766 rows=802140 loops=1)
        Filter: (info_type_id < 2)
        Rows Removed by Filter: 14033580
  ->  Hash  (cost=73925.90..73925.90 rows=1214000 width=4) (actual time=1727.382..1727.382 rows=1328829 loops=1)
        Buckets: 131072  Batches: 16  Memory Usage: 3957kB
        ->  Seq Scan on title t  (cost=0.00..73925.90 rows=1214000 width=4) (actual time=0.032..1292.644 rows=1328829 loops=1)
              Filter: ((kind_id > 1) AND (production_year > 1994))
              Rows Removed by Filter: 1199483
Planning time: 0.778 ms
Execution time: 7175.848 ms
