Seq Scan on movie_companies mc  (cost=0.00..51404.11 rows=2245679 width=0) (actual time=0.024..872.716 rows=2247684 loops=1)
  Filter: (company_id > 181)
  Rows Removed by Filter: 361445
Planning time: 0.315 ms
Execution time: 1157.531 ms
