Nested Loop  (cost=0.43..83071.67 rows=246 width=0) (actual time=11.968..1074.897 rows=4 loops=1)
  ->  Seq Scan on movie_keyword mk  (cost=0.00..81003.12 rows=246 width=4) (actual time=11.900..1074.662 rows=4 loops=1)
        Filter: (keyword_id = 75708)
        Rows Removed by Filter: 4523926
  ->  Index Only Scan using title_pkey on title t  (cost=0.43..8.40 rows=1 width=4) (actual time=0.049..0.050 rows=1 loops=4)
        Index Cond: (id = mk.movie_id)
        Heap Fetches: 4
Planning time: 0.540 ms
Execution time: 1074.955 ms
