Hash Join  (cost=172612.58..305792.97 rows=917436 width=0) (actual time=4261.178..7633.090 rows=563530 loops=1)
  Hash Cond: (mk.movie_id = t.id)
  ->  Seq Scan on movie_keyword mk  (cost=0.00..69693.30 rows=4523930 width=4) (actual time=0.022..1314.272 rows=4523930 loops=1)
  ->  Hash  (cost=164198.88..164198.88 rows=512776 width=8) (actual time=4235.981..4235.981 rows=314967 loops=1)
        Buckets: 131072  Batches: 8  Memory Usage: 2570kB
        ->  Hash Join  (cost=82079.59..164198.88 rows=512776 width=8) (actual time=1923.813..4138.931 rows=314967 loops=1)
              Hash Cond: (mc.movie_id = t.id)
              ->  Seq Scan on movie_companies mc  (cost=0.00..44881.29 rows=2609129 width=4) (actual time=0.024..864.826 rows=2609129 loops=1)
              ->  Hash  (cost=73925.90..73925.90 rows=496935 width=4) (actual time=1922.718..1922.718 rows=384428 loops=1)
                    Buckets: 131072  Batches: 8  Memory Usage: 2700kB
                    ->  Seq Scan on title t  (cost=0.00..73925.90 rows=496935 width=4) (actual time=0.020..1116.861 rows=384428 loops=1)
                          Filter: ((kind_id > 4) AND (production_year < 1995))
                          Rows Removed by Filter: 2143884
Planning time: 1.173 ms
Execution time: 7705.547 ms
