Seq Scan on movie_companies mc  (cost=0.00..57926.93 rows=556320 width=0) (actual time=23.064..913.331 rows=764130 loops=1)
  Filter: ((company_id < 8245) AND (company_type_id = 1))
  Rows Removed by Filter: 1844999
Planning time: 0.436 ms
Execution time: 1007.866 ms
