Hash Join  (cost=142695.35..901768.26 rows=828374 width=0) (actual time=2728.425..22273.907 rows=1730153 loops=1)
  Hash Cond: (ci.movie_id = t.id)
  ->  Seq Scan on cast_info ci  (cost=0.00..614943.12 rows=36225612 width=4) (actual time=0.013..7987.105 rows=36244344 loops=1)
  ->  Hash  (cost=141972.60..141972.60 rows=57820 width=8) (actual time=2728.038..2728.038 rows=57277 loops=1)
        Buckets: 65536  Batches: 1  Memory Usage: 2750kB
        ->  Hash Join  (cost=69694.50..141972.60 rows=57820 width=8) (actual time=1552.051..2706.086 rows=57277 loops=1)
              Hash Cond: (mc.movie_id = t.id)
              ->  Seq Scan on movie_companies mc  (cost=0.00..57926.93 rows=1147991 width=4) (actual time=492.689..1150.983 rows=1257392 loops=1)
                    Filter: ((company_id > 166) AND (company_type_id = 2))
                    Rows Removed by Filter: 1351737
              ->  Hash  (cost=67604.59..67604.59 rows=127353 width=4) (actual time=1058.466..1058.466 rows=128696 loops=1)
                    Buckets: 131072  Batches: 2  Memory Usage: 3284kB
                    ->  Seq Scan on title t  (cost=0.00..67604.59 rows=127353 width=4) (actual time=0.033..1009.379 rows=128696 loops=1)
                          Filter: (production_year = 2009)
                          Rows Removed by Filter: 2399616
Planning time: 1.274 ms
Execution time: 22504.871 ms
