Hash Join  (cost=123782.43..249462.15 rows=35758 width=146) (actual time=2022.567..4846.297 rows=321415 loops=1)
  Hash Cond: (mk.movie_id = t.id)
  ->  Seq Scan on movie_keyword mk  (cost=0.00..81003.12 rows=3238670 width=12) (actual time=0.037..1373.213 rows=3227641 loops=1)
        Filter: (keyword_id < 13622)
        Rows Removed by Filter: 1296289
  ->  Hash  (cost=122887.47..122887.47 rows=27917 width=134) (actual time=2022.197..2022.197 rows=26749 loops=1)
        Buckets: 32768  Batches: 2  Memory Usage: 2139kB
        ->  Hash Join  (cost=67942.77..122887.47 rows=27917 width=134) (actual time=750.819..1998.616 rows=26749 loops=1)
              Hash Cond: (mc.movie_id = t.id)
              ->  Seq Scan on movie_companies mc  (cost=0.00..44881.29 rows=2609129 width=40) (actual time=0.013..562.905 rows=2609129 loops=1)
              ->  Hash  (cost=67604.59..67604.59 rows=27055 width=94) (actual time=750.605..750.605 rows=26775 loops=1)
                    Buckets: 32768  Batches: 1  Memory Usage: 3287kB
                    ->  Seq Scan on title t  (cost=0.00..67604.59 rows=27055 width=94) (actual time=0.065..738.640 rows=26775 loops=1)
                          Filter: (production_year = 1993)
                          Rows Removed by Filter: 2501537
Planning time: 1.427 ms
Execution time: 4863.246 ms
