Hash Join  (cost=81025.55..469676.73 rows=525042 width=0) (actual time=2368.174..7847.910 rows=560990 loops=1)
  Hash Cond: (mi.movie_id = t.id)
  ->  Seq Scan on movie_info mi  (cost=0.00..346232.03 rows=3068194 width=4) (actual time=941.021..4854.600 rows=3036719 loops=1)
        Filter: (info_type_id = 16)
        Rows Removed by Filter: 11799001
  ->  Hash  (cost=73925.90..73925.90 rows=432692 width=4) (actual time=1425.905..1425.905 rows=368246 loops=1)
        Buckets: 131072  Batches: 8  Memory Usage: 2645kB
        ->  Seq Scan on title t  (cost=0.00..73925.90 rows=432692 width=4) (actual time=0.017..1030.584 rows=368246 loops=1)
              Filter: ((kind_id < 7) AND (production_year > 2004))
              Rows Removed by Filter: 2160066
Planning time: 0.552 ms
Execution time: 7916.890 ms
