Hash Join  (cost=102767.86..1395658.73 rows=24000229 width=0) (actual time=1753.493..37035.159 rows=24111597 loops=1)
  Hash Cond: (ci.movie_id = t.id)
  ->  Seq Scan on cast_info ci  (cost=0.00..705507.15 rows=24000229 width=4) (actual time=0.833..14109.363 rows=24111597 loops=1)
        Filter: (person_id > 1194790)
        Rows Removed by Filter: 12132747
  ->  Hash  (cost=61283.27..61283.27 rows=2528527 width=4) (actual time=1751.625..1751.625 rows=2528312 loops=1)
        Buckets: 131072  Batches: 64  Memory Usage: 2415kB
        ->  Seq Scan on title t  (cost=0.00..61283.27 rows=2528527 width=4) (actual time=0.014..901.452 rows=2528312 loops=1)
Planning time: 0.706 ms
Execution time: 39902.298 ms
