Hash Join  (cost=94841.65..480491.16 rows=1045638 width=0) (actual time=3150.114..7909.885 rows=638269 loops=1)
  Hash Cond: (mi.movie_id = t.id)
  ->  Seq Scan on movie_info mi  (cost=0.00..346232.03 rows=2073893 width=4) (actual time=1461.126..4819.011 rows=2091068 loops=1)
        Filter: (info_type_id < 3)
        Rows Removed by Filter: 12744652
  ->  Hash  (cost=73925.90..73925.90 rows=1274860 width=4) (actual time=1687.750..1687.750 rows=1393251 loops=1)
        Buckets: 131072  Batches: 32  Memory Usage: 2570kB
        ->  Seq Scan on title t  (cost=0.00..73925.90 rows=1274860 width=4) (actual time=0.032..1230.728 rows=1393251 loops=1)
              Filter: ((kind_id > 2) AND (production_year > 1987))
              Rows Removed by Filter: 1135061
Planning time: 0.744 ms
Execution time: 7983.320 ms
