Seq Scan on movie_companies mc  (cost=0.00..57926.93 rows=320673 width=0) (actual time=0.030..809.962 rows=173850 loops=1)
  Filter: ((company_id < 793) AND (company_type_id = 2))
  Rows Removed by Filter: 2435279
Planning time: 0.346 ms
Execution time: 833.099 ms
