Seq Scan on movie_companies mc  (cost=0.00..57926.93 rows=53 width=0) (actual time=4.066..610.314 rows=135 loops=1)
  Filter: ((company_id = 8245) AND (company_type_id = 2))
  Rows Removed by Filter: 2608994
Planning time: 0.416 ms
Execution time: 610.414 ms
