Seq Scan on movie_companies mc  (cost=0.00..51404.11 rows=104 width=0) (actual time=80.692..750.401 rows=62 loops=1)
  Filter: (company_id = 6925)
  Rows Removed by Filter: 2609067
Planning time: 0.374 ms
Execution time: 750.510 ms
