Seq Scan on movie_companies mc  (cost=0.00..57926.93 rows=53 width=0) (actual time=125.378..784.770 rows=12 loops=1)
  Filter: ((company_id = 30854) AND (company_type_id = 2))
  Rows Removed by Filter: 2609117
Planning time: 0.407 ms
Execution time: 784.864 ms
