Hash Join  (cost=667686.19..2520095.08 rows=57647766 width=0) (actual time=16579.193..82293.362 rows=124744749 loops=1)
  Hash Cond: (ci.movie_id = t.id)
  ->  Seq Scan on cast_info ci  (cost=0.00..614943.12 rows=36225612 width=4) (actual time=0.014..11791.045 rows=36244344 loops=1)
  ->  Hash  (cost=601670.93..601670.93 rows=4023781 width=8) (actual time=16574.534..16574.534 rows=5543989 loops=1)
        Buckets: 131072 (originally 131072)  Batches: 128 (originally 64)  Memory Usage: 3073kB
        ->  Hash Join  (cost=78930.19..601670.93 rows=4023781 width=8) (actual time=1228.114..15014.248 rows=5543989 loops=1)
              Hash Cond: (mi.movie_id = t.id)
              ->  Seq Scan on movie_info mi  (cost=0.00..309384.22 rows=14739122 width=4) (actual time=0.020..5201.365 rows=14835720 loops=1)
              ->  Hash  (cost=67604.59..67604.59 rows=690288 width=4) (actual time=1227.003..1227.003 rows=684146 loops=1)
                    Buckets: 131072  Batches: 16  Memory Usage: 2532kB
                    ->  Seq Scan on title t  (cost=0.00..67604.59 rows=690288 width=4) (actual time=0.015..998.051 rows=684146 loops=1)
                          Filter: (production_year < 1990)
                          Rows Removed by Filter: 1844166
Planning time: 1.144 ms
Execution time: 95702.720 ms
