Seq Scan on movie_companies mc  (cost=0.00..51404.11 rows=1007547 width=0) (actual time=0.029..800.454 rows=1009166 loops=1)
  Filter: (company_id < 4957)
  Rows Removed by Filter: 1599963
Planning time: 0.278 ms
Execution time: 935.346 ms
