Hash Join  (cost=190230.21..275307.22 rows=906885 width=0) (actual time=4183.724..6867.034 rows=2719876 loops=1)
  Hash Cond: (mc.movie_id = t.id)
  ->  Seq Scan on movie_companies mc  (cost=0.00..51404.11 rows=1661612 width=4) (actual time=0.027..911.314 rows=1652891 loops=1)
        Filter: (company_id < 18307)
        Rows Removed by Filter: 956238
  ->  Hash  (cost=167588.78..167588.78 rows=1380035 width=8) (actual time=4183.024..4183.024 rows=1380035 loops=1)
        Buckets: 131072  Batches: 32  Memory Usage: 2708kB
        ->  Hash Join  (cost=102767.86..167588.78 rows=1380035 width=8) (actual time=1877.582..3797.440 rows=1380035 loops=1)
              Hash Cond: (mi_idx.movie_id = t.id)
              ->  Seq Scan on movie_info_idx mi_idx  (cost=0.00..21735.35 rows=1380035 width=4) (actual time=0.005..458.706 rows=1380035 loops=1)
              ->  Hash  (cost=61283.27..61283.27 rows=2528527 width=4) (actual time=1876.215..1876.215 rows=2528312 loops=1)
                    Buckets: 131072  Batches: 64  Memory Usage: 2415kB
                    ->  Seq Scan on title t  (cost=0.00..61283.27 rows=2528527 width=4) (actual time=0.006..1023.395 rows=2528312 loops=1)
Planning time: 0.910 ms
Execution time: 7206.984 ms
