Hash Join  (cost=92659.85..166847.38 rows=331378 width=0) (actual time=1944.934..3149.676 rows=129575 loops=1)
  Hash Cond: (mc.movie_id = t.id)
  ->  Seq Scan on movie_companies mc  (cost=0.00..57926.93 rows=733817 width=4) (actual time=254.614..998.028 rows=457265 loops=1)
        Filter: ((company_id < 12673) AND (company_type_id > 1))
        Rows Removed by Filter: 2151864
  ->  Hash  (cost=73925.90..73925.90 rows=1141836 width=4) (actual time=1689.194..1689.194 rows=1235288 loops=1)
        Buckets: 131072  Batches: 16  Memory Usage: 3750kB
        ->  Seq Scan on title t  (cost=0.00..73925.90 rows=1141836 width=4) (actual time=0.034..1305.410 rows=1235288 loops=1)
              Filter: ((production_year > 1984) AND (kind_id = 7))
              Rows Removed by Filter: 1293024
Planning time: 0.533 ms
Execution time: 3165.775 ms
