Seq Scan on cast_info ci  (cost=0.00..796071.18 rows=3414622 width=0) (actual time=8381.632..12160.651 rows=6852938 loops=1)
  Filter: ((person_id < 937747) AND (role_id = 1))
  Rows Removed by Filter: 29391406
Planning time: 0.422 ms
Execution time: 13030.824 ms
