Nested Loop  (cost=0.43..709673.15 rows=294 width=0) (actual time=1507.047..11258.509 rows=22 loops=1)
  ->  Seq Scan on cast_info ci  (cost=0.00..705507.15 rows=500 width=4) (actual time=1506.913..11248.395 rows=51 loops=1)
        Filter: (person_id = 400249)
        Rows Removed by Filter: 36244293
  ->  Index Scan using title_pkey on title t  (cost=0.43..8.32 rows=1 width=4) (actual time=0.197..0.197 rows=0 loops=51)
        Index Cond: (id = ci.movie_id)
        Filter: (production_year > 1998)
        Rows Removed by Filter: 1
Planning time: 0.797 ms
Execution time: 11258.625 ms
