Seq Scan on cast_info ci  (cost=0.00..796071.18 rows=2698316 width=0) (actual time=9719.240..14855.589 rows=2728943 loops=1)
  Filter: ((person_id < 3964152) AND (role_id = 4))
  Rows Removed by Filter: 33515401
Planning time: 0.376 ms
Execution time: 15197.539 ms
