Hash Join  (cost=73962.22..438787.48 rows=16934 width=0) (actual time=1096.237..7957.064 rows=65113 loops=1)
  Hash Cond: (mi.movie_id = t.id)
  ->  Seq Scan on movie_info mi  (cost=0.00..309384.22 rows=14739122 width=4) (actual time=0.022..3707.998 rows=14835720 loops=1)
  ->  Hash  (cost=73925.90..73925.90 rows=2905 width=4) (actual time=1094.459..1094.459 rows=6330 loops=1)
        Buckets: 8192 (originally 4096)  Batches: 1 (originally 1)  Memory Usage: 287kB
        ->  Seq Scan on title t  (cost=0.00..73925.90 rows=2905 width=4) (actual time=0.390..1091.243 rows=6330 loops=1)
              Filter: ((kind_id < 7) AND (production_year = 1978))
              Rows Removed by Filter: 2521982
Planning time: 0.655 ms
Execution time: 7968.933 ms
