Seq Scan on title t  (cost=0.00..73925.90 rows=66086 width=0) (actual time=0.027..981.877 rows=192279 loops=1)
  Filter: ((kind_id < 2) AND (production_year < 1961))
  Rows Removed by Filter: 2336033
Planning time: 0.294 ms
Execution time: 1006.493 ms
