Hash Join  (cost=446780.90..486325.90 rows=107952 width=0) (actual time=7042.496..7986.412 rows=132482 loops=1)
  Hash Cond: (mi_idx.movie_id = t.id)
  ->  Seq Scan on movie_info_idx mi_idx  (cost=0.00..21735.35 rows=1380035 width=4) (actual time=0.014..397.796 rows=1380035 loops=1)
  ->  Hash  (cost=443535.52..443535.52 rows=197791 width=8) (actual time=7041.643..7041.643 rows=78232 loops=1)
        Buckets: 131072  Batches: 4  Memory Usage: 1786kB
        ->  Hash Join  (cost=85777.42..443535.52 rows=197791 width=8) (actual time=4397.920..7013.171 rows=78232 loops=1)
              Hash Cond: (mi.movie_id = t.id)
              ->  Seq Scan on movie_info mi  (cost=0.00..346232.03 rows=451508 width=4) (actual time=2965.835..5113.592 rows=474443 loops=1)
                    Filter: (info_type_id = 6)
                    Rows Removed by Filter: 14361277
              ->  Hash  (cost=67604.59..67604.59 rows=1107667 width=4) (actual time=1431.199..1431.199 rows=1107925 loops=1)
                    Buckets: 131072  Batches: 16  Memory Usage: 3466kB
                    ->  Seq Scan on title t  (cost=0.00..67604.59 rows=1107667 width=4) (actual time=0.031..1066.910 rows=1107925 loops=1)
                          Filter: (production_year > 2004)
                          Rows Removed by Filter: 1420387
Planning time: 1.158 ms
Execution time: 8001.810 ms
