Hash Join  (cost=102767.86..229646.72 rows=1495984 width=0) (actual time=1820.745..4859.954 rows=1506312 loops=1)
  Hash Cond: (mk.movie_id = t.id)
  ->  Seq Scan on movie_keyword mk  (cost=0.00..81003.12 rows=1495984 width=4) (actual time=0.042..1465.685 rows=1506312 loops=1)
        Filter: (keyword_id < 2175)
        Rows Removed by Filter: 3017618
  ->  Hash  (cost=61283.27..61283.27 rows=2528527 width=4) (actual time=1819.278..1819.278 rows=2528312 loops=1)
        Buckets: 131072  Batches: 64  Memory Usage: 2425kB
        ->  Seq Scan on title t  (cost=0.00..61283.27 rows=2528527 width=4) (actual time=0.015..968.517 rows=2528312 loops=1)
Planning time: 1.433 ms
Execution time: 5038.184 ms
