Hash Join  (cost=1014430.36..1693557.90 rows=15226980 width=0) (actual time=19537.634..55943.986 rows=94315521 loops=1)
  Hash Cond: (mi.movie_id = t.id)
  ->  Seq Scan on movie_info mi  (cost=0.00..309384.22 rows=14739122 width=4) (actual time=0.026..5560.671 rows=14835720 loops=1)
  ->  Hash  (cost=971573.61..971573.61 rows=2612220 width=8) (actual time=19535.825..19535.825 rows=3767958 loops=1)
        Buckets: 131072  Batches: 64  Memory Usage: 3362kB
        ->  Hash Join  (cost=102767.86..971573.61 rows=2612220 width=8) (actual time=2689.688..18482.799 rows=3767958 loops=1)
              Hash Cond: (ci.movie_id = t.id)
              ->  Seq Scan on cast_info ci  (cost=0.00..796071.18 rows=2612220 width=4) (actual time=884.618..13361.565 rows=3767958 loops=1)
                    Filter: ((person_id > 1403821) AND (role_id = 10))
                    Rows Removed by Filter: 32476386
              ->  Hash  (cost=61283.27..61283.27 rows=2528527 width=4) (actual time=1803.307..1803.307 rows=2528312 loops=1)
                    Buckets: 131072  Batches: 64  Memory Usage: 2415kB
                    ->  Seq Scan on title t  (cost=0.00..61283.27 rows=2528527 width=4) (actual time=0.027..957.349 rows=2528312 loops=1)
Planning time: 1.146 ms
Execution time: 66116.592 ms
