Seq Scan on cast_info ci  (cost=0.00..796071.18 rows=5603192 width=0) (actual time=0.024..12671.678 rows=11416253 loops=1)
  Filter: ((person_id < 1566487) AND (role_id = 1))
  Rows Removed by Filter: 24828091
Planning time: 0.451 ms
Execution time: 14028.822 ms
