Seq Scan on movie_keyword mk  (cost=0.00..81003.12 rows=4496110 width=0) (actual time=0.025..1565.278 rows=4499579 loops=1)
  Filter: (keyword_id < 114187)
  Rows Removed by Filter: 24351
Planning time: 0.319 ms
Execution time: 2138.775 ms
