Hash Join  (cost=850902.40..937561.05 rows=61 width=0) (actual time=11856.241..12672.382 rows=116 loops=1)
  Hash Cond: (mk.movie_id = t.id)
  ->  Seq Scan on movie_keyword mk  (cost=0.00..69693.30 rows=4523930 width=4) (actual time=0.020..999.752 rows=4523930 loops=1)
  ->  Hash  (cost=850901.98..850901.98 rows=34 width=8) (actual time=10902.596..10902.596 rows=6 loops=1)
        Buckets: 1024  Batches: 1  Memory Usage: 9kB
        ->  Nested Loop  (cost=0.43..850901.98 rows=34 width=8) (actual time=6899.513..10902.555 rows=6 loops=1)
              ->  Seq Scan on cast_info ci  (cost=0.00..796071.18 rows=8032 width=4) (actual time=6899.236..10872.855 rows=1615 loops=1)
                    Filter: ((person_id < 92101) AND (role_id = 7))
                    Rows Removed by Filter: 36242729
              ->  Index Scan using title_pkey on title t  (cost=0.43..6.82 rows=1 width=4) (actual time=0.018..0.018 rows=0 loops=1615)
                    Index Cond: (id = ci.movie_id)
                    Filter: ((kind_id = 1) AND (production_year = 1997))
                    Rows Removed by Filter: 1
Planning time: 1.206 ms
Execution time: 12672.552 ms
