Hash Join  (cost=216969.84..300944.16 rows=647381 width=0) (actual time=5015.166..8552.276 rows=4575541 loops=1)
  Hash Cond: (mc.movie_id = t.id)
  ->  Seq Scan on movie_companies mc  (cost=0.00..44881.29 rows=2609129 width=4) (actual time=0.017..978.449 rows=2609129 loops=1)
  ->  Hash  (cost=206676.58..206676.58 rows=627381 width=8) (actual time=5014.182..5014.182 rows=722921 loops=1)
        Buckets: 131072  Batches: 16  Memory Usage: 2813kB
        ->  Hash Join  (cost=101489.21..206676.58 rows=627381 width=8) (actual time=2245.575..4775.643 rows=722921 loops=1)
              Hash Cond: (mk.movie_id = t.id)
              ->  Seq Scan on movie_keyword mk  (cost=0.00..81003.12 rows=768086 width=4) (actual time=0.016..1528.706 rows=771314 loops=1)
                    Filter: (keyword_id < 726)
                    Rows Removed by Filter: 3752616
              ->  Hash  (cost=67604.59..67604.59 rows=2065330 width=4) (actual time=2243.765..2243.765 rows=2064552 loops=1)
                    Buckets: 131072  Batches: 32  Memory Usage: 3298kB
                    ->  Seq Scan on title t  (cost=0.00..67604.59 rows=2065330 width=4) (actual time=0.019..1552.680 rows=2064552 loops=1)
                          Filter: (production_year < 2011)
                          Rows Removed by Filter: 463760
Planning time: 1.174 ms
Execution time: 9040.433 ms
