Seq Scan on movie_keyword mk  (cost=0.00..81003.12 rows=3787786 width=0) (actual time=0.031..1530.747 rows=3784639 loops=1)
  Filter: (keyword_id > 663)
  Rows Removed by Filter: 739291
Planning time: 0.315 ms
Execution time: 2006.136 ms
