Nested Loop  (cost=44377.22..121208.07 rows=666 width=0) (actual time=1699.190..2213.882 rows=108 loops=1)
  Join Filter: (mc.movie_id = t.id)
  ->  Hash Join  (cost=44376.79..109201.18 rows=20166 width=8) (actual time=904.714..2204.986 rows=255 loops=1)
        Hash Cond: (mc.movie_id = mi_idx.movie_id)
        ->  Seq Scan on movie_companies mc  (cost=0.00..57926.93 rows=7136 width=4) (actual time=11.880..808.391 rows=107 loops=1)
              Filter: ((company_type_id > 1) AND (company_id = 34))
              Rows Removed by Filter: 2609022
        ->  Hash  (cost=21735.35..21735.35 rows=1380035 width=4) (actual time=871.464..871.464 rows=1380035 loops=1)
              Buckets: 131072  Batches: 32  Memory Usage: 2540kB
              ->  Seq Scan on movie_info_idx mi_idx  (cost=0.00..21735.35 rows=1380035 width=4) (actual time=0.023..446.880 rows=1380035 loops=1)
  ->  Index Scan using title_pkey on title t  (cost=0.43..0.58 rows=1 width=4) (actual time=0.033..0.033 rows=0 loops=255)
        Index Cond: (id = mi_idx.movie_id)
        Filter: ((kind_id < 7) AND (production_year > 2004))
        Rows Removed by Filter: 1
Planning time: 1.187 ms
Execution time: 2214.043 ms
