Nested Loop  (cost=0.43..709671.90 rows=500 width=0) (actual time=1642.807..10814.348 rows=237 loops=1)
  ->  Seq Scan on cast_info ci  (cost=0.00..705507.15 rows=500 width=4) (actual time=1642.593..10805.017 rows=237 loops=1)
        Filter: (person_id = 2446129)
        Rows Removed by Filter: 36244107
  ->  Index Only Scan using title_pkey on title t  (cost=0.43..8.32 rows=1 width=4) (actual time=0.038..0.038 rows=1 loops=237)
        Index Cond: (id = ci.movie_id)
        Heap Fetches: 237
Planning time: 0.800 ms
Execution time: 10814.502 ms
