Hash Join  (cost=475148.89..609510.45 rows=1014452 width=0) (actual time=8383.763..11920.495 rows=914353 loops=1)
  Hash Cond: (mk.movie_id = t.id)
  ->  Seq Scan on movie_keyword mk  (cost=0.00..69693.30 rows=4523930 width=4) (actual time=0.018..1445.094 rows=4523930 loops=1)
  ->  Hash  (cost=465846.39..465846.39 rows=567000 width=8) (actual time=8382.868..8382.868 rows=308470 loops=1)
        Buckets: 131072  Batches: 8  Memory Usage: 2524kB
        ->  Hash Join  (cost=96651.52..465846.39 rows=567000 width=8) (actual time=4983.378..8290.815 rows=308470 loops=1)
              Hash Cond: (mi.movie_id = t.id)
              ->  Seq Scan on movie_info mi  (cost=0.00..346232.03 rows=809768 width=4) (actual time=2911.590..5431.587 rows=802140 loops=1)
                    Filter: (info_type_id < 2)
                    Rows Removed by Filter: 14033580
              ->  Hash  (cost=67604.59..67604.59 rows=1770475 width=4) (actual time=2070.713..2070.713 rows=1774635 loops=1)
                    Buckets: 131072  Batches: 32  Memory Usage: 2984kB
                    ->  Seq Scan on title t  (cost=0.00..67604.59 rows=1770475 width=4) (actual time=0.033..1479.892 rows=1774635 loops=1)
                          Filter: (kind_id > 2)
                          Rows Removed by Filter: 753677
Planning time: 1.212 ms
Execution time: 12031.484 ms
