Hash Join  (cost=74651.84..442693.04 rows=338527 width=0) (actual time=1433.307..13856.017 rows=2197458 loops=1)
  Hash Cond: (mi.movie_id = t.id)
  ->  Seq Scan on movie_info mi  (cost=0.00..309384.22 rows=14739122 width=4) (actual time=0.709..4830.282 rows=14835720 loops=1)
  ->  Hash  (cost=73925.90..73925.90 rows=58075 width=4) (actual time=1246.659..1246.659 rows=183177 loops=1)
        Buckets: 131072 (originally 65536)  Batches: 4 (originally 1)  Memory Usage: 3073kB
        ->  Seq Scan on title t  (cost=0.00..73925.90 rows=58075 width=4) (actual time=508.586..1173.828 rows=183177 loops=1)
              Filter: ((kind_id < 2) AND (production_year < 1958))
              Rows Removed by Filter: 2345135
Planning time: 0.591 ms
Execution time: 14112.885 ms
