Seq Scan on cast_info ci  (cost=0.00..705507.15 rows=29659557 width=0) (actual time=0.024..13196.294 rows=29756192 loops=1)
  Filter: (person_id > 626316)
  Rows Removed by Filter: 6488152
Planning time: 0.560 ms
Execution time: 16884.601 ms
