Hash Join  (cost=75464.55..177836.98 rows=65242 width=0) (actual time=1178.154..3283.894 rows=36588 loops=1)
  Hash Cond: (mk.movie_id = t.id)
  ->  Seq Scan on movie_keyword mk  (cost=0.00..81003.12 rows=1759969 width=4) (actual time=0.016..1538.350 rows=1765271 loops=1)
        Filter: (keyword_id > 7858)
        Rows Removed by Filter: 2758659
  ->  Hash  (cost=73925.90..73925.90 rows=93732 width=4) (actual time=1177.377..1177.377 rows=100592 loops=1)
        Buckets: 131072  Batches: 2  Memory Usage: 2797kB
        ->  Seq Scan on title t  (cost=0.00..73925.90 rows=93732 width=4) (actual time=0.026..1138.062 rows=100592 loops=1)
              Filter: ((kind_id > 1) AND (production_year = 2009))
              Rows Removed by Filter: 2427720
Planning time: 0.719 ms
Execution time: 3289.272 ms
