Hash Join  (cost=119821.71..609467.39 rows=922177 width=0) (actual time=2382.438..16211.334 rows=5455809 loops=1)
  Hash Cond: (mi.movie_id = t.id)
  ->  Seq Scan on movie_info mi  (cost=0.00..309384.22 rows=14739122 width=4) (actual time=0.020..5625.301 rows=14835720 loops=1)
  ->  Hash  (cost=117226.20..117226.20 rows=158201 width=8) (actual time=2381.635..2381.635 rows=284875 loops=1)
        Buckets: 131072  Batches: 4  Memory Usage: 3820kB
        ->  Hash Join  (cost=81720.25..117226.20 rows=158201 width=8) (actual time=1373.497..2292.832 rows=284875 loops=1)
              Hash Cond: (mi_idx.movie_id = t.id)
              ->  Seq Scan on movie_info_idx mi_idx  (cost=0.00..25185.44 rows=464934 width=4) (actual time=0.031..437.586 rows=460185 loops=1)
                    Filter: (info_type_id > 100)
                    Rows Removed by Filter: 919850
              ->  Hash  (cost=67604.59..67604.59 rows=860373 width=4) (actual time=1372.385..1372.385 rows=854214 loops=1)
                    Buckets: 131072  Batches: 16  Memory Usage: 2897kB
                    ->  Seq Scan on title t  (cost=0.00..67604.59 rows=860373 width=4) (actual time=0.036..1104.244 rows=854214 loops=1)
                          Filter: (kind_id < 4)
                          Rows Removed by Filter: 1674098
Planning time: 1.149 ms
Execution time: 16818.329 ms
