Hash Join  (cost=102767.86..1381151.69 rows=19633640 width=0) (actual time=2186.507..34742.737 rows=17556100 loops=1)
  Hash Cond: (ci.movie_id = t.id)
  ->  Seq Scan on cast_info ci  (cost=0.00..796071.18 rows=19633640 width=4) (actual time=226.218..17323.049 rows=17556100 loops=1)
        Filter: ((person_id < 3045758) AND (role_id > 1))
        Rows Removed by Filter: 18688244
  ->  Hash  (cost=61283.27..61283.27 rows=2528527 width=4) (actual time=1958.922..1958.922 rows=2528312 loops=1)
        Buckets: 131072  Batches: 64  Memory Usage: 2415kB
        ->  Seq Scan on title t  (cost=0.00..61283.27 rows=2528527 width=4) (actual time=0.022..1120.340 rows=2528312 loops=1)
Planning time: 0.545 ms
Execution time: 36760.942 ms
