Hash Join  (cost=95545.94..932650.80 rows=47858 width=0) (actual time=4766.042..18906.602 rows=94079 loops=1)
  Hash Cond: (ci.movie_id = t.id)
  ->  Seq Scan on cast_info ci  (cost=0.00..796071.18 rows=10814699 width=4) (actual time=3039.696..15407.448 rows=8797421 loops=1)
        Filter: ((person_id > 517202) AND (role_id = 1))
        Rows Removed by Filter: 27446923
  ->  Hash  (cost=95406.08..95406.08 rows=11189 width=8) (actual time=1725.731..1725.731 rows=13845 loops=1)
        Buckets: 16384  Batches: 1  Memory Usage: 669kB
        ->  Hash Join  (cost=68365.25..95406.08 rows=11189 width=8) (actual time=1105.998..1719.560 rows=13845 loops=1)
              Hash Cond: (mi_idx.movie_id = t.id)
              ->  Seq Scan on movie_info_idx mi_idx  (cost=0.00..25185.44 rows=464934 width=4) (actual time=0.025..458.812 rows=460185 loops=1)
                    Filter: (info_type_id > 100)
                    Rows Removed by Filter: 919850
              ->  Hash  (cost=67604.59..67604.59 rows=60853 width=4) (actual time=1105.469..1105.469 rows=62568 loops=1)
                    Buckets: 65536  Batches: 1  Memory Usage: 2712kB
                    ->  Seq Scan on title t  (cost=0.00..67604.59 rows=60853 width=4) (actual time=0.022..1078.978 rows=62568 loops=1)
                          Filter: (production_year = 2002)
                          Rows Removed by Filter: 2465744
Planning time: 1.195 ms
Execution time: 18929.393 ms
