Hash Join  (cost=83074.74..109986.57 rows=134 width=0) (actual time=1275.287..1789.729 rows=81 loops=1)
  Hash Cond: (mi_idx.movie_id = t.id)
  ->  Seq Scan on movie_info_idx mi_idx  (cost=0.00..21735.35 rows=1380035 width=4) (actual time=0.021..280.413 rows=1380035 loops=1)
  ->  Hash  (cost=83071.67..83071.67 rows=246 width=8) (actual time=1270.118..1270.118 rows=52 loops=1)
        Buckets: 1024  Batches: 1  Memory Usage: 11kB
        ->  Nested Loop  (cost=0.43..83071.67 rows=246 width=8) (actual time=6.982..1270.041 rows=52 loops=1)
              ->  Seq Scan on movie_keyword mk  (cost=0.00..81003.12 rows=246 width=4) (actual time=6.903..1263.376 rows=52 loops=1)
                    Filter: (keyword_id = 7883)
                    Rows Removed by Filter: 4523878
              ->  Index Only Scan using title_pkey on title t  (cost=0.43..8.40 rows=1 width=4) (actual time=0.123..0.123 rows=1 loops=52)
                    Index Cond: (id = mk.movie_id)
                    Heap Fetches: 52
Planning time: 1.229 ms
Execution time: 1789.853 ms
