Hash Join  (cost=134251.00..1220407.20 rows=5096300 width=0) (actual time=3019.761..39389.437 rows=20274652 loops=1)
  Hash Cond: (ci.movie_id = t.id)
  ->  Seq Scan on cast_info ci  (cost=0.00..614943.12 rows=36225612 width=4) (actual time=0.024..13572.433 rows=36244344 loops=1)
  ->  Hash  (cost=128414.51..128414.51 rows=355719 width=8) (actual time=3018.944..3018.944 rows=758992 loops=1)
        Buckets: 131072 (originally 131072)  Batches: 16 (originally 8)  Memory Usage: 3073kB
        ->  Hash Join  (cost=84618.84..128414.51 rows=355719 width=8) (actual time=1393.129..2820.302 rows=758992 loops=1)
              Hash Cond: (mi_idx.movie_id = t.id)
              ->  Seq Scan on movie_info_idx mi_idx  (cost=0.00..21735.35 rows=1380035 width=4) (actual time=0.016..512.912 rows=1380035 loops=1)
              ->  Hash  (cost=73925.90..73925.90 rows=651755 width=4) (actual time=1391.772..1391.772 rows=711179 loops=1)
                    Buckets: 131072  Batches: 16  Memory Usage: 2590kB
                    ->  Seq Scan on title t  (cost=0.00..73925.90 rows=651755 width=4) (actual time=0.946..1169.841 rows=711179 loops=1)
                          Filter: ((kind_id < 7) AND (production_year < 2008))
                          Rows Removed by Filter: 1817133
Planning time: 1.167 ms
Execution time: 41658.132 ms
