Hash Join  (cost=102598.73..157664.79 rows=40053 width=0) (actual time=2010.145..3226.851 rows=61713 loops=1)
  Hash Cond: (mc.movie_id = t.id)
  ->  Seq Scan on movie_companies mc  (cost=0.00..44881.29 rows=2609129 width=4) (actual time=0.013..593.576 rows=2609129 loops=1)
  ->  Hash  (cost=102113.53..102113.53 rows=38816 width=8) (actual time=2009.419..2009.419 rows=27540 loops=1)
        Buckets: 65536  Batches: 1  Memory Usage: 1588kB
        ->  Hash Join  (cost=74814.89..102113.53 rows=38816 width=8) (actual time=1338.415..1999.770 rows=27540 loops=1)
              Hash Cond: (mi_idx.movie_id = t.id)
              ->  Seq Scan on movie_info_idx mi_idx  (cost=0.00..21735.35 rows=1380035 width=4) (actual time=0.013..309.428 rows=1380035 loops=1)
              ->  Hash  (cost=73925.90..73925.90 rows=71119 width=4) (actual time=1337.758..1337.758 rows=84234 loops=1)
                    Buckets: 131072  Batches: 1  Memory Usage: 3986kB
                    ->  Seq Scan on title t  (cost=0.00..73925.90 rows=71119 width=4) (actual time=0.048..1303.201 rows=84234 loops=1)
                          Filter: ((kind_id > 3) AND (production_year = 2006))
                          Rows Removed by Filter: 2444078
Planning time: 1.147 ms
Execution time: 3235.478 ms
