Hash Join  (cost=83073.43..137739.38 rows=43 width=0) (actual time=1475.389..2381.404 rows=17 loops=1)
  Hash Cond: (mc.movie_id = t.id)
  ->  Seq Scan on movie_companies mc  (cost=0.00..44881.29 rows=2609129 width=4) (actual time=0.018..580.159 rows=2609129 loops=1)
  ->  Hash  (cost=83072.90..83072.90 rows=42 width=8) (actual time=1354.476..1354.476 rows=8 loops=1)
        Buckets: 1024  Batches: 1  Memory Usage: 9kB
        ->  Nested Loop  (cost=0.43..83072.90 rows=42 width=8) (actual time=40.446..1354.450 rows=8 loops=1)
              ->  Seq Scan on movie_keyword mk  (cost=0.00..81003.12 rows=246 width=4) (actual time=40.394..1353.887 rows=9 loops=1)
                    Filter: (keyword_id = 76111)
                    Rows Removed by Filter: 4523921
              ->  Index Scan using title_pkey on title t  (cost=0.43..8.40 rows=1 width=4) (actual time=0.053..0.054 rows=1 loops=9)
                    Index Cond: (id = mk.movie_id)
                    Filter: ((kind_id < 7) AND (production_year > 2004))
                    Rows Removed by Filter: 0
Planning time: 1.200 ms
Execution time: 2381.592 ms
