Seq Scan on movie_companies mc  (cost=0.00..51404.11 rows=1083596 width=0) (actual time=0.021..900.938 rows=1077651 loops=1)
  Filter: (company_id < 6893)
  Rows Removed by Filter: 1531478
Planning time: 0.316 ms
Execution time: 1039.993 ms
