Hash Join  (cost=106809.92..593669.73 rows=5573268 width=0) (actual time=4803.055..13679.609 rows=5519412 loops=1)
  Hash Cond: (mi.movie_id = t.id)
  ->  Seq Scan on movie_info mi  (cost=0.00..346232.03 rows=5897221 width=4) (actual time=2568.002..6420.923 rows=5884963 loops=1)
        Filter: (info_type_id < 7)
        Rows Removed by Filter: 8950757
  ->  Hash  (cost=67604.59..67604.59 rows=2389627 width=4) (actual time=2233.896..2233.896 rows=2382866 loops=1)
        Buckets: 131072  Batches: 32  Memory Usage: 3653kB
        ->  Seq Scan on title t  (cost=0.00..67604.59 rows=2389627 width=4) (actual time=0.030..1437.533 rows=2382866 loops=1)
              Filter: (production_year > 1916)
              Rows Removed by Filter: 145446
Planning time: 0.775 ms
Execution time: 14309.330 ms
