Seq Scan on movie_keyword mk  (cost=0.00..81003.12 rows=2403439 width=0) (actual time=0.026..1445.065 rows=2399931 loops=1)
  Filter: (keyword_id > 3908)
  Rows Removed by Filter: 2123999
Planning time: 0.307 ms
Execution time: 1727.470 ms
