Hash Join  (cost=84519.92..604486.45 rows=3763761 width=0) (actual time=1663.500..18308.160 rows=8148711 loops=1)
  Hash Cond: (mi.movie_id = t.id)
  ->  Seq Scan on movie_info mi  (cost=0.00..309384.22 rows=14739122 width=4) (actual time=0.018..6462.191 rows=14835720 loops=1)
  ->  Hash  (cost=73925.90..73925.90 rows=645681 width=4) (actual time=1662.817..1662.817 rows=642460 loops=1)
        Buckets: 131072  Batches: 16  Memory Usage: 2441kB
        ->  Seq Scan on title t  (cost=0.00..73925.90 rows=645681 width=4) (actual time=0.012..1454.817 rows=642460 loops=1)
              Filter: ((production_year > 1903) AND (kind_id = 1))
              Rows Removed by Filter: 1885852
Planning time: 6.368 ms
Execution time: 19309.673 ms
