Seq Scan on cast_info ci  (cost=0.00..705507.15 rows=500 width=0) (actual time=5719.956..11436.133 rows=9 loops=1)
  Filter: (person_id = 1227537)
  Rows Removed by Filter: 36244335
Planning time: 0.386 ms
Execution time: 11436.225 ms
