Hash Join  (cost=102767.86..255429.72 rows=2567430 width=0) (actual time=1828.555..6467.475 rows=2560378 loops=1)
  Hash Cond: (mk.movie_id = t.id)
  ->  Seq Scan on movie_keyword mk  (cost=0.00..81003.12 rows=2567430 width=4) (actual time=0.025..1673.511 rows=2560378 loops=1)
        Filter: (keyword_id < 6475)
        Rows Removed by Filter: 1963552
  ->  Hash  (cost=61283.27..61283.27 rows=2528527 width=4) (actual time=1826.557..1826.557 rows=2528312 loops=1)
        Buckets: 131072  Batches: 64  Memory Usage: 2425kB
        ->  Seq Scan on title t  (cost=0.00..61283.27 rows=2528527 width=4) (actual time=0.019..984.775 rows=2528312 loops=1)
Planning time: 2.304 ms
Execution time: 6751.670 ms
