Hash Join  (cost=149773.72..534292.06 rows=275014 width=0) (actual time=3058.687..11445.823 rows=1203675 loops=1)
  Hash Cond: (mi.movie_id = t.id)
  ->  Seq Scan on movie_info mi  (cost=0.00..346232.03 rows=9476311 width=4) (actual time=65.084..6208.108 rows=9565151 loops=1)
        Filter: (info_type_id < 16)
        Rows Removed by Filter: 5270569
  ->  Hash  (cost=148856.46..148856.46 rows=73381 width=8) (actual time=2870.437..2870.437 rows=56232 loops=1)
        Buckets: 131072  Batches: 1  Memory Usage: 3221kB
        ->  Hash Join  (cost=75628.47..148856.46 rows=73381 width=8) (actual time=1164.724..2850.120 rows=56232 loops=1)
              Hash Cond: (mc.movie_id = t.id)
              ->  Seq Scan on movie_companies mc  (cost=0.00..51404.11 rows=1788819 width=4) (actual time=0.028..1019.356 rows=1780050 loops=1)
                    Filter: (company_id < 27460)
                    Rows Removed by Filter: 829079
              ->  Hash  (cost=73925.90..73925.90 rows=103725 width=4) (actual time=1163.716..1163.716 rows=98992 loops=1)
                    Buckets: 131072  Batches: 2  Memory Usage: 2760kB
                    ->  Seq Scan on title t  (cost=0.00..73925.90 rows=103725 width=4) (actual time=0.031..1129.205 rows=98992 loops=1)
                          Filter: ((production_year > 2010) AND (kind_id = 1))
                          Rows Removed by Filter: 2429320
Planning time: 6.266 ms
Execution time: 11596.484 ms
