Hash Join  (cost=235535.72..1420208.99 rows=14686517 width=0) (actual time=6616.722..71398.557 rows=129258273 loops=1)
  Hash Cond: (ci.movie_id = t.id)
  ->  Seq Scan on cast_info ci  (cost=0.00..614943.12 rows=36225612 width=4) (actual time=0.024..14091.784 rows=36244344 loops=1)
  ->  Hash  (cost=218716.85..218716.85 rows=1025110 width=8) (actual time=6614.201..6614.201 rows=2608929 loops=1)
        Buckets: 131072 (originally 131072)  Batches: 64 (originally 16)  Memory Usage: 3073kB
        ->  Hash Join  (cost=87162.74..218716.85 rows=1025110 width=8) (actual time=1676.590..5889.549 rows=2608929 loops=1)
              Hash Cond: (mk.movie_id = t.id)
              ->  Seq Scan on movie_keyword mk  (cost=0.00..81003.12 rows=3212768 width=4) (actual time=0.015..1631.741 rows=3200867 loops=1)
                    Filter: (keyword_id < 13091)
                    Rows Removed by Filter: 1323063
              ->  Hash  (cost=73925.90..73925.90 rows=806787 width=4) (actual time=1675.685..1675.685 rows=843018 loops=1)
                    Buckets: 131072  Batches: 16  Memory Usage: 2888kB
                    ->  Seq Scan on title t  (cost=0.00..73925.90 rows=806787 width=4) (actual time=0.021..1415.634 rows=843018 loops=1)
                          Filter: ((kind_id < 7) AND (production_year < 2011))
                          Rows Removed by Filter: 1685294
Planning time: 1.197 ms
Execution time: 85802.850 ms
