Hash Join  (cost=83073.30..109983.95 rows=17 width=0) (actual time=1339.199..1889.193 rows=24 loops=1)
  Hash Cond: (mi_idx.movie_id = t.id)
  ->  Seq Scan on movie_info_idx mi_idx  (cost=0.00..21735.35 rows=1380035 width=4) (actual time=0.016..315.531 rows=1380035 loops=1)
  ->  Hash  (cost=83072.90..83072.90 rows=32 width=8) (actual time=1325.255..1325.255 rows=15 loops=1)
        Buckets: 1024  Batches: 1  Memory Usage: 9kB
        ->  Nested Loop  (cost=0.43..83072.90 rows=32 width=8) (actual time=492.298..1325.228 rows=15 loops=1)
              ->  Seq Scan on movie_keyword mk  (cost=0.00..81003.12 rows=246 width=4) (actual time=2.928..1313.962 rows=284 loops=1)
                    Filter: (keyword_id = 1203)
                    Rows Removed by Filter: 4523646
              ->  Index Scan using title_pkey on title t  (cost=0.43..8.40 rows=1 width=4) (actual time=0.037..0.037 rows=0 loops=284)
                    Index Cond: (id = mk.movie_id)
                    Filter: ((production_year > 2009) AND (kind_id = 7))
                    Rows Removed by Filter: 1
Planning time: 1.222 ms
Execution time: 1889.337 ms
