Hash Join  (cost=114834.23..1008407.63 rows=387814 width=0) (actual time=8296.841..22209.228 rows=820724 loops=1)
  Hash Cond: (ci.movie_id = t.id)
  ->  Seq Scan on cast_info ci  (cost=0.00..796071.18 rows=8056023 width=4) (actual time=5475.838..14419.365 rows=12670688 loops=1)
        Filter: ((person_id < 2328783) AND (role_id = 1))
        Rows Removed by Filter: 23573656
  ->  Hash  (cost=112836.70..112836.70 rows=121722 width=8) (actual time=2819.998..2819.998 rows=84174 loops=1)
        Buckets: 131072  Batches: 2  Memory Usage: 2665kB
        ->  Hash Join  (cost=78473.92..112836.70 rows=121722 width=8) (actual time=1844.885..2790.993 rows=84174 loops=1)
              Hash Cond: (mi_idx.movie_id = t.id)
              ->  Seq Scan on movie_info_idx mi_idx  (cost=0.00..25185.44 rows=464566 width=4) (actual time=0.031..582.787 rows=459925 loops=1)
                    Filter: (info_type_id = 101)
                    Rows Removed by Filter: 920110
              ->  Hash  (cost=67604.59..67604.59 rows=662507 width=4) (actual time=1843.795..1843.795 rows=662065 loops=1)
                    Buckets: 131072  Batches: 16  Memory Usage: 2481kB
                    ->  Seq Scan on title t  (cost=0.00..67604.59 rows=662507 width=4) (actual time=0.022..1218.693 rows=662065 loops=1)
                          Filter: (production_year > 2008)
                          Rows Removed by Filter: 1866247
Planning time: 5.342 ms
Execution time: 22301.655 ms
