Hash Join  (cost=98137.04..187412.71 rows=1116479 width=0) (actual time=1895.603..5202.281 rows=896375 loops=1)
  Hash Cond: (mc.movie_id = t.id)
  ->  Seq Scan on movie_companies mc  (cost=0.00..51404.11 rows=1516955 width=4) (actual time=0.012..1114.383 rows=1501419 loops=1)
        Filter: (company_id < 14003)
        Rows Removed by Filter: 1107710
  ->  Hash  (cost=67604.59..67604.59 rows=1860996 width=4) (actual time=1894.768..1894.768 rows=1865487 loops=1)
        Buckets: 131072  Batches: 32  Memory Usage: 3079kB
        ->  Seq Scan on title t  (cost=0.00..67604.59 rows=1860996 width=4) (actual time=0.017..1304.750 rows=1865487 loops=1)
              Filter: (kind_id > 1)
              Rows Removed by Filter: 662825
Planning time: 0.541 ms
Execution time: 5316.217 ms
