Hash Join  (cost=160605.14..543726.88 rows=4192 width=0) (actual time=2740.606..9650.639 rows=9 loops=1)
  Hash Cond: (mi.movie_id = t.id)
  ->  Seq Scan on movie_info mi  (cost=0.00..309384.22 rows=14739122 width=4) (actual time=0.010..4229.243 rows=14835720 loops=1)
  ->  Hash  (cost=160596.16..160596.16 rows=719 width=8) (actual time=2731.603..2731.603 rows=1 loops=1)
        Buckets: 1024  Batches: 1  Memory Usage: 9kB
        ->  Hash Join  (cost=73930.93..160596.16 rows=719 width=8) (actual time=1167.212..2731.586 rows=1 loops=1)
              Hash Cond: (mk.movie_id = t.id)
              ->  Seq Scan on movie_keyword mk  (cost=0.00..69693.30 rows=4523930 width=4) (actual time=0.010..967.925 rows=4523930 loops=1)
              ->  Hash  (cost=73925.90..73925.90 rows=402 width=4) (actual time=988.576..988.576 rows=137 loops=1)
                    Buckets: 1024  Batches: 1  Memory Usage: 13kB
                    ->  Seq Scan on title t  (cost=0.00..73925.90 rows=402 width=4) (actual time=116.645..988.420 rows=137 loops=1)
                          Filter: ((production_year > 2013) AND (kind_id = 7))
                          Rows Removed by Filter: 2528175
Planning time: 5.191 ms
Execution time: 9650.746 ms
