Hash Join  (cost=199826.33..1197445.28 rows=5734548 width=0) (actual time=6218.485..29154.607 rows=6267215 loops=1)
  Hash Cond: (ci.movie_id = t.id)
  ->  Seq Scan on cast_info ci  (cost=0.00..705507.15 rows=20059820 width=4) (actual time=2460.708..14385.448 rows=20193779 loops=1)
        Filter: (person_id > 1588844)
        Rows Removed by Filter: 16050565
  ->  Hash  (cost=187966.88..187966.88 rows=722836 width=8) (actual time=3756.839..3756.839 rows=452348 loops=1)
        Buckets: 131072  Batches: 16  Memory Usage: 2120kB
        ->  Hash Join  (cost=102767.86..187966.88 rows=722836 width=8) (actual time=1906.540..3640.206 rows=452348 loops=1)
              Hash Cond: (mc.movie_id = t.id)
              ->  Seq Scan on movie_companies mc  (cost=0.00..57926.93 rows=722836 width=4) (actual time=0.033..1028.884 rows=452348 loops=1)
                    Filter: ((company_id < 12324) AND (company_type_id = 2))
                    Rows Removed by Filter: 2156781
              ->  Hash  (cost=61283.27..61283.27 rows=2528527 width=4) (actual time=1904.444..1904.444 rows=2528312 loops=1)
                    Buckets: 131072  Batches: 64  Memory Usage: 2415kB
                    ->  Seq Scan on title t  (cost=0.00..61283.27 rows=2528527 width=4) (actual time=0.015..1068.601 rows=2528312 loops=1)
Planning time: 1.177 ms
Execution time: 29873.010 ms
