Hash Join  (cost=78846.40..577304.74 rows=1748041 width=0) (actual time=2241.493..17172.924 rows=4895229 loops=1)
  Hash Cond: (mi.movie_id = t.id)
  ->  Seq Scan on movie_info mi  (cost=0.00..309384.22 rows=14739122 width=4) (actual time=0.012..6002.502 rows=14835720 loops=1)
  ->  Hash  (cost=73925.90..73925.90 rows=299880 width=4) (actual time=2041.820..2041.820 rows=391036 loops=1)
        Buckets: 131072 (originally 131072)  Batches: 8 (originally 4)  Memory Usage: 3073kB
        ->  Seq Scan on title t  (cost=0.00..73925.90 rows=299880 width=4) (actual time=239.418..1170.469 rows=391036 loops=1)
              Filter: ((production_year < 2002) AND (kind_id = 1))
              Rows Removed by Filter: 2137276
Planning time: 0.803 ms
Execution time: 17693.196 ms
