Seq Scan on cast_info ci  (cost=0.00..796071.18 rows=7243552 width=0) (actual time=2275.432..13840.347 rows=1517452 loops=1)
  Filter: ((person_id > 1527470) AND (role_id = 1))
  Rows Removed by Filter: 34726892
Planning time: 0.416 ms
Execution time: 14027.644 ms
