Hash Join  (cost=126233.00..1018057.49 rows=1350614 width=0) (actual time=3493.894..25289.691 rows=4651192 loops=1)
  Hash Cond: (ci.movie_id = t.id)
  ->  Seq Scan on cast_info ci  (cost=0.00..705507.15 rows=14868061 width=4) (actual time=0.016..13575.554 rows=15032565 loops=1)
        Filter: (person_id > 2143909)
        Rows Removed by Filter: 21211779
  ->  Hash  (cost=122463.86..122463.86 rows=229691 width=8) (actual time=3493.134..3493.134 rows=517314 loops=1)
        Buckets: 131072 (originally 131072)  Batches: 8 (originally 4)  Memory Usage: 3562kB
        ->  Hash Join  (cost=80830.47..122463.86 rows=229691 width=8) (actual time=1924.166..3329.071 rows=517314 loops=1)
              Hash Cond: (mi_idx.movie_id = t.id)
              ->  Seq Scan on movie_info_idx mi_idx  (cost=0.00..21735.35 rows=1380035 width=4) (actual time=0.028..499.350 rows=1380035 loops=1)
              ->  Hash  (cost=73925.90..73925.90 rows=420845 width=4) (actual time=1923.319..1923.319 rows=517968 loops=1)
                    Buckets: 131072  Batches: 8  Memory Usage: 3313kB
                    ->  Seq Scan on title t  (cost=0.00..73925.90 rows=420845 width=4) (actual time=0.025..1197.657 rows=517968 loops=1)
                          Filter: ((kind_id < 7) AND (production_year < 2001))
                          Rows Removed by Filter: 2010344
Planning time: 1.208 ms
Execution time: 25885.232 ms
