Hash Join  (cost=83073.39..833868.14 rows=563 width=0) (actual time=1479.998..17972.507 rows=38 loops=1)
  Hash Cond: (ci.movie_id = t.id)
  ->  Seq Scan on cast_info ci  (cost=0.00..614943.12 rows=36225612 width=4) (actual time=0.017..9803.648 rows=36244344 loops=1)
  ->  Hash  (cost=83072.90..83072.90 rows=39 width=8) (actual time=1232.115..1232.115 rows=3 loops=1)
        Buckets: 1024  Batches: 1  Memory Usage: 9kB
        ->  Nested Loop  (cost=0.43..83072.90 rows=39 width=8) (actual time=377.691..1232.103 rows=3 loops=1)
              ->  Seq Scan on movie_keyword mk  (cost=0.00..81003.12 rows=246 width=4) (actual time=314.963..1231.639 rows=10 loops=1)
                    Filter: (keyword_id = 25247)
                    Rows Removed by Filter: 4523920
              ->  Index Scan using title_pkey on title t  (cost=0.43..8.40 rows=1 width=4) (actual time=0.040..0.040 rows=0 loops=10)
                    Index Cond: (id = mk.movie_id)
                    Filter: ((production_year > 2008) AND (kind_id = 7))
                    Rows Removed by Filter: 1
Planning time: 1.246 ms
Execution time: 17972.706 ms
