Seq Scan on movie_keyword mk  (cost=0.00..81003.12 rows=3980498 width=0) (actual time=0.024..1306.012 rows=3979350 loops=1)
  Filter: (keyword_id > 386)
  Rows Removed by Filter: 544580
Planning time: 0.315 ms
Execution time: 1757.768 ms
