Seq Scan on movie_companies mc  (cost=0.00..51404.11 rows=1144918 width=0) (actual time=0.023..567.359 rows=1153302 loops=1)
  Filter: (company_id > 13060)
  Rows Removed by Filter: 1455827
Planning time: 0.324 ms
Execution time: 679.254 ms
