Seq Scan on movie_companies mc  (cost=0.00..57926.93 rows=467544 width=0) (actual time=0.017..909.990 rows=158368 loops=1)
  Filter: ((company_id > 18036) AND (company_type_id < 2))
  Rows Removed by Filter: 2450761
Planning time: 0.327 ms
Execution time: 930.667 ms
