Seq Scan on title t  (cost=0.00..67604.59 rows=101141 width=0) (actual time=0.024..1011.398 rows=101194 loops=1)
  Filter: (production_year < 1925)
  Rows Removed by Filter: 2427118
Planning time: 0.312 ms
Execution time: 1025.080 ms
