Hash Join  (cost=58358.90..423017.80 rows=297 width=0) (actual time=751.912..7511.540 rows=4882 loops=1)
  Hash Cond: (mi.movie_id = t.id)
  ->  Seq Scan on movie_info mi  (cost=0.00..309384.22 rows=14739122 width=4) (actual time=0.023..4104.146 rows=14835720 loops=1)
  ->  Hash  (cost=58358.27..58358.27 rows=51 width=8) (actual time=734.706..734.706 rows=34 loops=1)
        Buckets: 1024  Batches: 1  Memory Usage: 10kB
        ->  Nested Loop  (cost=0.43..58358.27 rows=51 width=8) (actual time=3.290..734.669 rows=34 loops=1)
              ->  Seq Scan on movie_companies mc  (cost=0.00..57926.93 rows=51 width=4) (actual time=3.226..731.811 rows=34 loops=1)
                    Filter: ((company_id = 18000) AND (company_type_id = 1))
                    Rows Removed by Filter: 2609095
              ->  Index Only Scan using title_pkey on title t  (cost=0.43..8.45 rows=1 width=4) (actual time=0.080..0.081 rows=1 loops=34)
                    Index Cond: (id = mc.movie_id)
                    Heap Fetches: 34
Planning time: 1.164 ms
Execution time: 7512.580 ms
