Hash Join  (cost=201780.73..709648.51 rows=903193 width=0) (actual time=4404.610..18278.499 rows=5038367 loops=1)
  Hash Cond: (mi.movie_id = t.id)
  ->  Seq Scan on movie_info mi  (cost=0.00..309384.22 rows=14739122 width=4) (actual time=0.002..5837.881 rows=14835720 loops=1)
  ->  Hash  (cost=199237.92..199237.92 rows=154945 width=8) (actual time=4399.998..4399.998 rows=466259 loops=1)
        Buckets: 131072 (originally 131072)  Batches: 8 (originally 4)  Memory Usage: 3307kB
        ->  Hash Join  (cost=75347.43..199237.92 rows=154945 width=8) (actual time=1290.237..4115.661 rows=466259 loops=1)
              Hash Cond: (mk.movie_id = t.id)
              ->  Seq Scan on movie_keyword mk  (cost=0.00..69693.30 rows=4523930 width=4) (actual time=0.014..1421.696 rows=4523930 loops=1)
              ->  Hash  (cost=73925.90..73925.90 rows=86602 width=4) (actual time=1207.376..1207.376 rows=117578 loops=1)
                    Buckets: 131072  Batches: 2  Memory Usage: 3095kB
                    ->  Seq Scan on title t  (cost=0.00..73925.90 rows=86602 width=4) (actual time=13.880..1166.726 rows=117578 loops=1)
                          Filter: ((production_year > 1982) AND (kind_id = 4))
                          Rows Removed by Filter: 2410734
Planning time: 1.158 ms
Execution time: 18881.355 ms
