Seq Scan on movie_keyword mk  (cost=0.00..81003.12 rows=1040466 width=0) (actual time=0.027..1319.764 rows=1050450 loops=1)
  Filter: (keyword_id > 16874)
  Rows Removed by Filter: 3473480
Planning time: 0.282 ms
Execution time: 1456.128 ms
