Hash Join  (cost=73950.44..100871.63 rows=1071 width=0) (actual time=1072.674..1682.038 rows=663 loops=1)
  Hash Cond: (mi_idx.movie_id = t.id)
  ->  Seq Scan on movie_info_idx mi_idx  (cost=0.00..21735.35 rows=1380035 width=4) (actual time=0.025..316.400 rows=1380035 loops=1)
  ->  Hash  (cost=73925.90..73925.90 rows=1963 width=4) (actual time=1065.817..1065.817 rows=8902 loops=1)
        Buckets: 16384 (originally 2048)  Batches: 1 (originally 1)  Memory Usage: 441kB
        ->  Seq Scan on title t  (cost=0.00..73925.90 rows=1963 width=4) (actual time=497.391..1061.962 rows=8902 loops=1)
              Filter: ((kind_id = 1) AND (production_year = 1913))
              Rows Removed by Filter: 2519410
Planning time: 0.728 ms
Execution time: 1682.337 ms
