Hash Join  (cost=95844.60..206154.92 rows=755447 width=0) (actual time=3020.679..4701.227 rows=207241 loops=1)
  Hash Cond: (mk.movie_id = t.id)
  ->  Seq Scan on movie_keyword mk  (cost=0.00..81003.12 rows=1429792 width=4) (actual time=0.025..1463.233 rows=1441976 loops=1)
        Filter: (keyword_id > 11577)
        Rows Removed by Filter: 3081954
  ->  Hash  (cost=73925.90..73925.90 rows=1335976 width=4) (actual time=1962.492..1962.492 rows=1412362 loops=1)
        Buckets: 131072  Batches: 32  Memory Usage: 2584kB
        ->  Seq Scan on title t  (cost=0.00..73925.90 rows=1335976 width=4) (actual time=0.019..1494.785 rows=1412362 loops=1)
              Filter: ((production_year > 1962) AND (kind_id = 7))
              Rows Removed by Filter: 1115950
Planning time: 0.834 ms
Execution time: 4726.807 ms
