Seq Scan on movie_keyword mk  (cost=0.00..81003.12 rows=246 width=0) (actual time=12.913..1232.381 rows=591 loops=1)
  Filter: (keyword_id = 4893)
  Rows Removed by Filter: 4523339
Planning time: 0.362 ms
Execution time: 1232.695 ms
