Hash Join  (cost=73076.12..430847.65 rows=3377 width=0) (actual time=3769.486..6692.633 rows=1813 loops=1)
  Hash Cond: (mi.movie_id = t.id)
  ->  Seq Scan on movie_info mi  (cost=0.00..346232.03 rows=3068194 width=4) (actual time=1885.397..5363.403 rows=3036719 loops=1)
        Filter: (info_type_id = 16)
        Rows Removed by Filter: 11799001
  ->  Hash  (cost=73041.34..73041.34 rows=2783 width=8) (actual time=871.618..871.618 rows=2328 loops=1)
        Buckets: 4096  Batches: 1  Memory Usage: 123kB
        ->  Nested Loop  (cost=0.43..73041.34 rows=2783 width=8) (actual time=72.967..870.326 rows=2328 loops=1)
              ->  Seq Scan on movie_companies mc  (cost=0.00..51404.11 rows=2783 width=4) (actual time=72.816..799.668 rows=2328 loops=1)
                    Filter: (company_id = 13543)
                    Rows Removed by Filter: 2606801
              ->  Index Only Scan using title_pkey on title t  (cost=0.43..7.76 rows=1 width=4) (actual time=0.029..0.029 rows=1 loops=2328)
                    Index Cond: (id = mc.movie_id)
                    Heap Fetches: 2328
Planning time: 2.412 ms
Execution time: 6693.091 ms
