Hash Join  (cost=74710.74..896386.85 rows=159019 width=0) (actual time=8870.186..16280.167 rows=97102 loops=1)
  Hash Cond: (ci.movie_id = t.id)
  ->  Seq Scan on cast_info ci  (cost=0.00..796071.18 rows=6403929 width=4) (actual time=7533.458..13754.998 rows=3664183 loops=1)
        Filter: ((person_id < 1884830) AND (role_id > 3))
        Rows Removed by Filter: 32580161
  ->  Hash  (cost=73925.90..73925.90 rows=62787 width=4) (actual time=1336.223..1336.223 rows=53770 loops=1)
        Buckets: 65536  Batches: 1  Memory Usage: 2403kB
        ->  Seq Scan on title t  (cost=0.00..73925.90 rows=62787 width=4) (actual time=0.028..1313.549 rows=53770 loops=1)
              Filter: ((kind_id < 7) AND (production_year = 2011))
              Rows Removed by Filter: 2474542
Planning time: 0.791 ms
Execution time: 16296.004 ms
