Hash Join  (cost=75636.60..164530.35 rows=25753 width=0) (actual time=1403.420..3032.522 rows=9866 loops=1)
  Hash Cond: (mk.movie_id = t.id)
  ->  Seq Scan on movie_keyword mk  (cost=0.00..81003.12 rows=624825 width=4) (actual time=0.025..1396.979 rows=620484 loops=1)
        Filter: (keyword_id < 478)
        Rows Removed by Filter: 3903446
  ->  Hash  (cost=73925.90..73925.90 rows=104216 width=4) (actual time=1402.173..1402.173 rows=108513 loops=1)
        Buckets: 131072  Batches: 2  Memory Usage: 2937kB
        ->  Seq Scan on title t  (cost=0.00..73925.90 rows=104216 width=4) (actual time=0.016..1359.131 rows=108513 loops=1)
              Filter: ((kind_id > 1) AND (production_year = 2010))
              Rows Removed by Filter: 2419799
Planning time: 0.794 ms
Execution time: 3034.225 ms
