Seq Scan on movie_keyword mk  (cost=0.00..81003.12 rows=3182298 width=0) (actual time=0.024..1487.899 rows=3163169 loops=1)
  Filter: (keyword_id > 1772)
  Rows Removed by Filter: 1360761
Planning time: 0.414 ms
Execution time: 1873.909 ms
