Hash Join  (cost=102767.86..1092866.56 rows=7652894 width=0) (actual time=6111.470..24762.999 rows=9408200 loops=1)
  Hash Cond: (ci.movie_id = t.id)
  ->  Seq Scan on cast_info ci  (cost=0.00..796071.18 rows=7652894 width=4) (actual time=4192.611..15365.181 rows=9408200 loops=1)
        Filter: ((person_id > 1327142) AND (role_id > 3))
        Rows Removed by Filter: 26836144
  ->  Hash  (cost=61283.27..61283.27 rows=2528527 width=4) (actual time=1916.860..1916.860 rows=2528312 loops=1)
        Buckets: 131072  Batches: 64  Memory Usage: 2415kB
        ->  Seq Scan on title t  (cost=0.00..61283.27 rows=2528527 width=4) (actual time=0.029..1051.648 rows=2528312 loops=1)
Planning time: 0.740 ms
Execution time: 25798.112 ms
