Hash Join  (cost=84197.31..1167933.34 rows=7291816 width=0) (actual time=5979.561..34177.377 rows=10173591 loops=1)
  Hash Cond: (ci.movie_id = t.id)
  ->  Seq Scan on cast_info ci  (cost=0.00..796071.18 rows=18230851 width=4) (actual time=4117.120..18246.545 rows=21355465 loops=1)
        Filter: ((person_id > 781759) AND (role_id > 1))
        Rows Removed by Filter: 14888879
  ->  Hash  (cost=67604.59..67604.59 rows=1011338 width=4) (actual time=1861.320..1861.320 rows=1012920 loops=1)
        Buckets: 131072  Batches: 16  Memory Usage: 3250kB
        ->  Seq Scan on title t  (cost=0.00..67604.59 rows=1011338 width=4) (actual time=0.017..1243.350 rows=1012920 loops=1)
              Filter: (production_year > 2005)
              Rows Removed by Filter: 1515392
Planning time: 0.530 ms
Execution time: 35299.082 ms
