Hash Join  (cost=102767.86..173113.05 rows=105493 width=0) (actual time=2011.905..4148.546 rows=167048 loops=1)
  Hash Cond: (mc.movie_id = t.id)
  ->  Seq Scan on movie_companies mc  (cost=0.00..57926.93 rows=105493 width=4) (actual time=5.203..945.108 rows=167048 loops=1)
        Filter: ((company_id < 73) AND (company_type_id < 2))
        Rows Removed by Filter: 2442081
  ->  Hash  (cost=61283.27..61283.27 rows=2528527 width=4) (actual time=2005.400..2005.400 rows=2528312 loops=1)
        Buckets: 131072  Batches: 64  Memory Usage: 2415kB
        ->  Seq Scan on title t  (cost=0.00..61283.27 rows=2528527 width=4) (actual time=0.021..1147.570 rows=2528312 loops=1)
Planning time: 0.781 ms
Execution time: 4168.770 ms
