Hash Join  (cost=168957.60..536740.86 rows=312735 width=0) (actual time=3260.703..17327.327 rows=8046893 loops=1)
  Hash Cond: (mi.movie_id = t.id)
  ->  Seq Scan on movie_info mi  (cost=0.00..309384.22 rows=14739122 width=4) (actual time=0.018..4504.528 rows=14835720 loops=1)
  ->  Hash  (cost=168286.98..168286.98 rows=53650 width=8) (actual time=3260.196..3260.196 rows=213655 loops=1)
        Buckets: 131072 (originally 65536)  Batches: 4 (originally 1)  Memory Usage: 3145kB
        ->  Hash Join  (cost=76650.07..168286.98 rows=53650 width=8) (actual time=1365.633..3184.677 rows=213655 loops=1)
              Hash Cond: (mk.movie_id = t.id)
              ->  Seq Scan on movie_keyword mk  (cost=0.00..81003.12 rows=817142 width=4) (actual time=0.024..1355.011 rows=819631 loops=1)
                    Filter: (keyword_id < 786)
                    Rows Removed by Filter: 3704299
              ->  Hash  (cost=73925.90..73925.90 rows=166013 width=4) (actual time=1364.768..1364.768 rows=299356 loops=1)
                    Buckets: 131072  Batches: 4  Memory Usage: 3663kB
                    ->  Seq Scan on title t  (cost=0.00..73925.90 rows=166013 width=4) (actual time=0.053..1264.020 rows=299356 loops=1)
                          Filter: ((kind_id < 3) AND (production_year < 1983))
                          Rows Removed by Filter: 2228956
Planning time: 1.005 ms
Execution time: 18300.875 ms
