Hash Join  (cost=107998.09..165973.30 rows=38137 width=0) (actual time=2251.401..3561.407 rows=74447 loops=1)
  Hash Cond: (mc.movie_id = t.id)
  ->  Seq Scan on movie_companies mc  (cost=0.00..51404.11 rows=1650595 width=4) (actual time=0.015..923.935 rows=1650436 loops=1)
        Filter: (company_id > 3881)
        Rows Removed by Filter: 958693
  ->  Hash  (cost=107267.82..107267.82 rows=58421 width=8) (actual time=2250.946..2250.946 rows=41372 loops=1)
        Buckets: 65536  Batches: 1  Memory Usage: 2129kB
        ->  Hash Join  (cost=70241.71..107267.82 rows=58421 width=8) (actual time=1039.884..2236.305 rows=41372 loops=1)
              Hash Cond: (mi_idx.movie_id = t.id)
              ->  Seq Scan on movie_info_idx mi_idx  (cost=0.00..25185.44 rows=919057 width=4) (actual time=0.024..545.071 rows=920110 loops=1)
                    Filter: (info_type_id > 99)
                    Rows Removed by Filter: 459925
              ->  Hash  (cost=67604.59..67604.59 rows=160730 width=4) (actual time=1038.829..1038.829 rows=160017 loops=1)
                    Buckets: 131072  Batches: 4  Memory Usage: 2436kB
                    ->  Seq Scan on title t  (cost=0.00..67604.59 rows=160730 width=4) (actual time=0.026..982.128 rows=160017 loops=1)
                          Filter: (production_year = 2011)
                          Rows Removed by Filter: 2368295
Planning time: 1.169 ms
Execution time: 3571.775 ms
