Hash Join  (cost=102767.86..225790.81 rows=1335743 width=0) (actual time=2045.959..5032.817 rows=1353666 loops=1)
  Hash Cond: (mk.movie_id = t.id)
  ->  Seq Scan on movie_keyword mk  (cost=0.00..81003.12 rows=1335743 width=4) (actual time=0.020..1540.059 rows=1353666 loops=1)
        Filter: (keyword_id < 1767)
        Rows Removed by Filter: 3170264
  ->  Hash  (cost=61283.27..61283.27 rows=2528527 width=4) (actual time=2044.495..2044.495 rows=2528312 loops=1)
        Buckets: 131072  Batches: 64  Memory Usage: 2425kB
        ->  Seq Scan on title t  (cost=0.00..61283.27 rows=2528527 width=4) (actual time=0.018..1149.233 rows=2528312 loops=1)
Planning time: 0.666 ms
Execution time: 5187.662 ms
