Hash Join  (cost=94699.36..153552.21 rows=395 width=0) (actual time=1770.162..2631.524 rows=1191 loops=1)
  Hash Cond: (mc.movie_id = t.id)
  ->  Seq Scan on movie_companies mc  (cost=0.00..57926.93 rows=245859 width=4) (actual time=0.027..832.958 rows=123860 loops=1)
        Filter: ((company_id < 424) AND (company_type_id > 1))
        Rows Removed by Filter: 2485269
  ->  Hash  (cost=94648.62..94648.62 rows=4059 width=8) (actual time=1769.958..1769.958 rows=11718 loops=1)
        Buckets: 16384 (originally 4096)  Batches: 1 (originally 1)  Memory Usage: 586kB
        ->  Hash Join  (cost=67697.55..94648.62 rows=4059 width=8) (actual time=1134.677..1765.163 rows=11718 loops=1)
              Hash Cond: (mi_idx.movie_id = t.id)
              ->  Seq Scan on movie_info_idx mi_idx  (cost=0.00..21735.35 rows=1380035 width=4) (actual time=0.028..311.510 rows=1380035 loops=1)
              ->  Hash  (cost=67604.59..67604.59 rows=7437 width=4) (actual time=1134.269..1134.269 rows=14770 loops=1)
                    Buckets: 16384 (originally 8192)  Batches: 1 (originally 1)  Memory Usage: 648kB
                    ->  Seq Scan on title t  (cost=0.00..67604.59 rows=7437 width=4) (actual time=0.124..1126.803 rows=14770 loops=1)
                          Filter: (production_year = 1982)
                          Rows Removed by Filter: 2513542
Planning time: 1.237 ms
Execution time: 2632.027 ms
