Hash Join  (cost=73989.96..100928.41 rows=2797 width=0) (actual time=1150.702..1760.678 rows=4824 loops=1)
  Hash Cond: (mi_idx.movie_id = t.id)
  ->  Seq Scan on movie_info_idx mi_idx  (cost=0.00..21735.35 rows=1380035 width=4) (actual time=0.021..327.484 rows=1380035 loops=1)
  ->  Hash  (cost=73925.90..73925.90 rows=5124 width=4) (actual time=1150.584..1150.584 rows=9091 loops=1)
        Buckets: 16384 (originally 8192)  Batches: 1 (originally 1)  Memory Usage: 448kB
        ->  Seq Scan on title t  (cost=0.00..73925.90 rows=5124 width=4) (actual time=411.766..1146.528 rows=9091 loops=1)
              Filter: ((kind_id = 4) AND (production_year = 2007))
              Rows Removed by Filter: 2519221
Planning time: 0.733 ms
Execution time: 1761.631 ms
