Hash Join  (cost=84197.31..181272.77 rows=311490 width=0) (actual time=1538.625..3539.095 rows=229199 loops=1)
  Hash Cond: (mk.movie_id = t.id)
  ->  Seq Scan on movie_keyword mk  (cost=0.00..81003.12 rows=778782 width=4) (actual time=0.016..1424.965 rows=787192 loops=1)
        Filter: (keyword_id > 23922)
        Rows Removed by Filter: 3736738
  ->  Hash  (cost=67604.59..67604.59 rows=1011338 width=4) (actual time=1537.328..1537.328 rows=1012920 loops=1)
        Buckets: 131072  Batches: 16  Memory Usage: 3257kB
        ->  Seq Scan on title t  (cost=0.00..67604.59 rows=1011338 width=4) (actual time=0.019..1195.529 rows=1012920 loops=1)
              Filter: (production_year > 2005)
              Rows Removed by Filter: 1515392
Planning time: 0.771 ms
Execution time: 3566.130 ms
