Hash Join  (cost=185066.38..545273.32 rows=137241 width=0) (actual time=3479.606..9341.800 rows=223075 loops=1)
  Hash Cond: (mi.movie_id = t.id)
  ->  Seq Scan on movie_info mi  (cost=0.00..346232.03 rows=968935 width=4) (actual time=0.021..5339.318 rows=1026216 loops=1)
        Filter: (info_type_id > 84)
        Rows Removed by Filter: 13809504
  ->  Hash  (cost=179190.60..179190.60 rows=358142 width=8) (actual time=3478.648..3478.648 rows=198489 loops=1)
        Buckets: 131072  Batches: 8  Memory Usage: 2010kB
        ->  Hash Join  (cost=102767.86..179190.60 rows=358142 width=8) (actual time=1945.407..3412.083 rows=198489 loops=1)
              Hash Cond: (mc.movie_id = t.id)
              ->  Seq Scan on movie_companies mc  (cost=0.00..57926.93 rows=358142 width=4) (actual time=36.464..908.791 rows=198489 loops=1)
                    Filter: ((company_id < 1284) AND (company_type_id > 1))
                    Rows Removed by Filter: 2410640
              ->  Hash  (cost=61283.27..61283.27 rows=2528527 width=4) (actual time=1907.583..1907.583 rows=2528312 loops=1)
                    Buckets: 131072  Batches: 64  Memory Usage: 2415kB
                    ->  Seq Scan on title t  (cost=0.00..61283.27 rows=2528527 width=4) (actual time=0.021..1045.528 rows=2528312 loops=1)
Planning time: 1.696 ms
Execution time: 9369.452 ms
