Seq Scan on cast_info ci  (cost=0.00..796071.18 rows=2315792 width=0) (actual time=7281.416..12094.692 rows=6333179 loops=1)
  Filter: ((person_id > 2969389) AND (role_id > 3))
  Rows Removed by Filter: 29911165
Planning time: 0.364 ms
Execution time: 12842.529 ms
