Hash Join  (cost=164692.09..294740.53 rows=660440 width=0) (actual time=5166.388..6653.297 rows=298957 loops=1)
  Hash Cond: (mk.movie_id = t.id)
  ->  Seq Scan on movie_keyword mk  (cost=0.00..69693.30 rows=4523930 width=4) (actual time=0.015..1360.006 rows=4523930 loops=1)
  ->  Hash  (cost=158635.91..158635.91 rows=369135 width=8) (actual time=3400.654..3400.654 rows=171053 loops=1)
        Buckets: 131072  Batches: 8  Memory Usage: 1867kB
        ->  Hash Join  (cost=85894.26..158635.91 rows=369135 width=8) (actual time=2152.430..3342.248 rows=171053 loops=1)
              Hash Cond: (mc.movie_id = t.id)
              ->  Seq Scan on movie_companies mc  (cost=0.00..51404.11 rows=1279517 width=4) (actual time=0.024..966.345 rows=1274246 loops=1)
                    Filter: (company_type_id < 2)
                    Rows Removed by Filter: 1334883
              ->  Hash  (cost=73925.90..73925.90 rows=729468 width=4) (actual time=1608.052..1608.052 rows=638430 loops=1)
                    Buckets: 131072  Batches: 16  Memory Usage: 2425kB
                    ->  Seq Scan on title t  (cost=0.00..73925.90 rows=729468 width=4) (actual time=0.026..1375.120 rows=638430 loops=1)
                          Filter: ((production_year < 2003) AND (kind_id = 7))
                          Rows Removed by Filter: 1889882
Planning time: 5.497 ms
Execution time: 6692.486 ms
