Hash Join  (cost=163628.03..244602.81 rows=576335 width=0) (actual time=3505.632..5560.257 rows=347874 loops=1)
  Hash Cond: (mc.movie_id = t.id)
  ->  Seq Scan on movie_companies mc  (cost=0.00..51404.11 rows=1782752 width=4) (actual time=0.022..1159.697 rows=1789625 loops=1)
        Filter: (company_id > 1937)
        Rows Removed by Filter: 819504
  ->  Hash  (cost=150216.13..150216.13 rows=817432 width=8) (actual time=3504.653..3504.653 rows=425568 loops=1)
        Buckets: 131072  Batches: 16  Memory Usage: 2062kB
        ->  Hash Join  (cost=98498.33..150216.13 rows=817432 width=8) (actual time=2419.183..3375.302 rows=425568 loops=1)
              Hash Cond: (mi_idx.movie_id = t.id)
              ->  Seq Scan on movie_info_idx mi_idx  (cost=0.00..21735.35 rows=1380035 width=4) (actual time=0.023..480.366 rows=1380035 loops=1)
              ->  Hash  (cost=73925.90..73925.90 rows=1497714 width=4) (actual time=1883.231..1883.231 rows=1478440 loops=1)
                    Buckets: 131072  Batches: 32  Memory Usage: 2651kB
                    ->  Seq Scan on title t  (cost=0.00..73925.90 rows=1497714 width=4) (actual time=0.011..1419.641 rows=1478440 loops=1)
                          Filter: ((production_year > 0) AND (kind_id = 7))
                          Rows Removed by Filter: 1049872
Planning time: 1.166 ms
Execution time: 5602.699 ms
