Hash Join  (cost=82805.75..542831.19 rows=2651216 width=0) (actual time=1495.000..12613.726 rows=3877503 loops=1)
  Hash Cond: (mi.movie_id = t.id)
  ->  Seq Scan on movie_info mi  (cost=0.00..346232.03 rows=7235534 width=4) (actual time=0.009..6373.611 rows=7286865 loops=1)
        Filter: (info_type_id < 8)
        Rows Removed by Filter: 7548855
  ->  Hash  (cost=67604.59..67604.59 rows=926493 width=4) (actual time=1493.974..1493.974 rows=924605 loops=1)
        Buckets: 131072  Batches: 16  Memory Usage: 3064kB
        ->  Seq Scan on title t  (cost=0.00..67604.59 rows=926493 width=4) (actual time=0.025..1198.962 rows=924605 loops=1)
              Filter: (production_year < 1998)
              Rows Removed by Filter: 1603707
Planning time: 3.691 ms
Execution time: 13009.663 ms
