Hash Join  (cost=84497.07..853486.87 rows=1100975 width=0) (actual time=4964.186..16215.161 rows=1107447 loops=1)
  Hash Cond: (ci.movie_id = t.id)
  ->  Seq Scan on cast_info ci  (cost=0.00..705507.15 rows=4320508 width=4) (actual time=3560.070..12546.210 rows=4323018 loops=1)
        Filter: (role_id = 10)
        Rows Removed by Filter: 31921326
  ->  Hash  (cost=73925.90..73925.90 rows=644333 width=4) (actual time=1403.226..1403.226 rows=544419 loops=1)
        Buckets: 131072  Batches: 16  Memory Usage: 2215kB
        ->  Seq Scan on title t  (cost=0.00..73925.90 rows=644333 width=4) (actual time=0.030..1215.667 rows=544419 loops=1)
              Filter: ((kind_id < 7) AND (production_year > 1994))
              Rows Removed by Filter: 1983893
Planning time: 0.841 ms
Execution time: 16339.088 ms
