Seq Scan on cast_info ci  (cost=0.00..705507.15 rows=9589937 width=0) (actual time=0.026..11976.826 rows=9409766 loops=1)
  Filter: (person_id < 926135)
  Rows Removed by Filter: 26834578
Planning time: 0.316 ms
Execution time: 13123.235 ms
