Hash Join  (cost=70716.09..586144.25 rows=1026121 width=0) (actual time=1310.880..14877.541 rows=2036035 loops=1)
  Hash Cond: (mi.movie_id = t.id)
  ->  Seq Scan on movie_info mi  (cost=0.00..346232.03 rows=13681581 width=4) (actual time=0.034..7249.369 rows=13720340 loops=1)
        Filter: (info_type_id < 64)
        Rows Removed by Filter: 1115380
  ->  Hash  (cost=67604.59..67604.59 rows=189640 width=4) (actual time=1299.789..1299.789 rows=187790 loops=1)
        Buckets: 131072  Batches: 4  Memory Usage: 2679kB
        ->  Seq Scan on title t  (cost=0.00..67604.59 rows=189640 width=4) (actual time=0.022..1232.341 rows=187790 loops=1)
              Filter: (production_year < 1954)
              Rows Removed by Filter: 2340522
Planning time: 9.329 ms
Execution time: 15116.454 ms
