Hash Join  (cost=157814.18..248905.43 rows=26008 width=0) (actual time=3197.653..5017.934 rows=36320 loops=1)
  Hash Cond: (mk.movie_id = t.id)
  ->  Seq Scan on movie_keyword mk  (cost=0.00..81003.12 rows=2620810 width=4) (actual time=0.025..1390.840 rows=2610962 loops=1)
        Filter: (keyword_id > 3289)
        Rows Removed by Filter: 1912968
  ->  Hash  (cost=157500.53..157500.53 rows=25092 width=8) (actual time=3193.511..3193.511 rows=34593 loops=1)
        Buckets: 65536 (originally 32768)  Batches: 1 (originally 1)  Memory Usage: 1864kB
        ->  Hash Join  (cost=98137.04..157500.53 rows=25092 width=8) (actual time=1930.587..3179.382 rows=34593 loops=1)
              Hash Cond: (mc.movie_id = t.id)
              ->  Seq Scan on movie_companies mc  (cost=0.00..51404.11 rows=34093 width=4) (actual time=0.188..809.772 rows=36136 loops=1)
                    Filter: (company_id = 160)
                    Rows Removed by Filter: 2572993
              ->  Hash  (cost=67604.59..67604.59 rows=1860996 width=4) (actual time=1903.538..1903.538 rows=1865487 loops=1)
                    Buckets: 131072  Batches: 32  Memory Usage: 3079kB
                    ->  Seq Scan on title t  (cost=0.00..67604.59 rows=1860996 width=4) (actual time=0.019..1329.267 rows=1865487 loops=1)
                          Filter: (kind_id > 1)
                          Rows Removed by Filter: 662825
Planning time: 1.157 ms
Execution time: 5022.947 ms
