Nested Loop  (cost=0.43..83071.67 rows=246 width=0) (actual time=0.318..1021.927 rows=1192 loops=1)
  ->  Seq Scan on movie_keyword mk  (cost=0.00..81003.12 rows=246 width=4) (actual time=0.276..988.454 rows=1192 loops=1)
        Filter: (keyword_id = 224)
        Rows Removed by Filter: 4522738
  ->  Index Only Scan using title_pkey on title t  (cost=0.43..8.40 rows=1 width=4) (actual time=0.027..0.027 rows=1 loops=1192)
        Index Cond: (id = mk.movie_id)
        Heap Fetches: 1192
Planning time: 0.531 ms
Execution time: 1022.347 ms
