Hash Join  (cost=87428.23..132827.45 rows=449174 width=0) (actual time=2017.653..2757.594 rows=251721 loops=1)
  Hash Cond: (mi_idx.movie_id = t.id)
  ->  Seq Scan on movie_info_idx mi_idx  (cost=0.00..21735.35 rows=1380035 width=4) (actual time=0.019..444.821 rows=1380035 loops=1)
  ->  Hash  (cost=73925.90..73925.90 rows=822986 width=4) (actual time=1520.208..1520.208 rows=738761 loops=1)
        Buckets: 131072  Batches: 16  Memory Usage: 2648kB
        ->  Seq Scan on title t  (cost=0.00..73925.90 rows=822986 width=4) (actual time=0.010..1282.790 rows=738761 loops=1)
              Filter: ((kind_id > 6) AND (production_year < 2005))
              Rows Removed by Filter: 1789551
Planning time: 0.751 ms
Execution time: 2786.900 ms
