Hash Join  (cost=263285.22..1682104.13 rows=24510802 width=0) (actual time=6525.415..63194.055 rows=82828803 loops=1)
  Hash Cond: (ci.movie_id = t.id)
  ->  Seq Scan on cast_info ci  (cost=0.00..705507.15 rows=36017947 width=4) (actual time=0.014..17225.000 rows=36009230 loops=1)
        Filter: (person_id < 4020289)
        Rows Removed by Filter: 235114
  ->  Hash  (cost=235054.42..235054.42 rows=1720704 width=8) (actual time=6524.031..6524.031 rows=1732219 loops=1)
        Buckets: 131072  Batches: 32  Memory Usage: 3128kB
        ->  Hash Join  (cost=102767.86..235054.42 rows=1720704 width=8) (actual time=2041.021..6006.248 rows=1732219 loops=1)
              Hash Cond: (mk.movie_id = t.id)
              ->  Seq Scan on movie_keyword mk  (cost=0.00..81003.12 rows=1720704 width=4) (actual time=0.008..1512.450 rows=1732219 loops=1)
                    Filter: (keyword_id > 8170)
                    Rows Removed by Filter: 2791711
              ->  Hash  (cost=61283.27..61283.27 rows=2528527 width=4) (actual time=2039.776..2039.776 rows=2528312 loops=1)
                    Buckets: 131072  Batches: 64  Memory Usage: 2425kB
                    ->  Seq Scan on title t  (cost=0.00..61283.27 rows=2528527 width=4) (actual time=0.011..1157.466 rows=2528312 loops=1)
Planning time: 1.103 ms
Execution time: 72824.797 ms
