Nested Loop  (cost=0.43..83071.67 rows=246 width=106) (actual time=0.795..1483.207 rows=4600 loops=1)
  ->  Seq Scan on movie_keyword mk  (cost=0.00..81003.12 rows=246 width=12) (actual time=0.751..1337.946 rows=4600 loops=1)
        Filter: (keyword_id = 110)
        Rows Removed by Filter: 4519330
  ->  Index Scan using title_pkey on title t  (cost=0.43..8.40 rows=1 width=94) (actual time=0.030..0.030 rows=1 loops=4600)
        Index Cond: (id = mk.movie_id)
Planning time: 5.046 ms
Execution time: 1483.810 ms
