Nested Loop  (cost=0.43..709673.15 rows=132 width=0) (actual time=2766.245..11750.422 rows=14 loops=1)
  ->  Seq Scan on cast_info ci  (cost=0.00..705507.15 rows=500 width=4) (actual time=2765.839..11742.822 rows=348 loops=1)
        Filter: (person_id = 1696855)
        Rows Removed by Filter: 36243996
  ->  Index Scan using title_pkey on title t  (cost=0.43..8.32 rows=1 width=4) (actual time=0.021..0.021 rows=0 loops=348)
        Index Cond: (id = ci.movie_id)
        Filter: (kind_id = 1)
        Rows Removed by Filter: 1
Planning time: 0.818 ms
Execution time: 11750.553 ms
