Nested Loop  (cost=0.43..709671.90 rows=500 width=0) (actual time=930.948..11184.877 rows=204 loops=1)
  ->  Seq Scan on cast_info ci  (cost=0.00..705507.15 rows=500 width=4) (actual time=930.853..11178.283 rows=204 loops=1)
        Filter: (person_id = 462074)
        Rows Removed by Filter: 36244140
  ->  Index Only Scan using title_pkey on title t  (cost=0.43..8.32 rows=1 width=4) (actual time=0.031..0.031 rows=1 loops=204)
        Index Cond: (id = ci.movie_id)
        Heap Fetches: 204
Planning time: 0.747 ms
Execution time: 11185.000 ms
