Hash Join  (cost=102767.86..1093866.55 rows=7694493 width=0) (actual time=2019.979..24884.471 rows=9427193 loops=1)
  Hash Cond: (ci.movie_id = t.id)
  ->  Seq Scan on cast_info ci  (cost=0.00..796071.18 rows=7694493 width=4) (actual time=0.025..14593.718 rows=9427193 loops=1)
        Filter: ((person_id > 1316363) AND (role_id > 3))
        Rows Removed by Filter: 26817151
  ->  Hash  (cost=61283.27..61283.27 rows=2528527 width=4) (actual time=2018.666..2018.666 rows=2528312 loops=1)
        Buckets: 131072  Batches: 64  Memory Usage: 2415kB
        ->  Seq Scan on title t  (cost=0.00..61283.27 rows=2528527 width=4) (actual time=0.020..1179.855 rows=2528312 loops=1)
Planning time: 0.799 ms
Execution time: 25983.179 ms
