Seq Scan on cast_info ci  (cost=0.00..796071.18 rows=6777742 width=0) (actual time=0.022..14377.815 rows=7451973 loops=1)
  Filter: ((person_id < 3554195) AND (role_id = 2))
  Rows Removed by Filter: 28792371
Planning time: 0.382 ms
Execution time: 15305.022 ms
