Hash Join  (cost=155904.74..520590.81 rows=3014 width=0) (actual time=2597.828..10125.078 rows=6557 loops=1)
  Hash Cond: (mi.movie_id = t.id)
  ->  Seq Scan on movie_info mi  (cost=0.00..309384.22 rows=14739122 width=4) (actual time=0.021..4686.994 rows=14835720 loops=1)
  ->  Hash  (cost=155898.28..155898.28 rows=517 width=8) (actual time=2596.874..2596.874 rows=665 loops=1)
        Buckets: 1024  Batches: 1  Memory Usage: 34kB
        ->  Hash Join  (cost=73994.33..155898.28 rows=517 width=8) (actual time=1345.580..2596.434 rows=665 loops=1)
              Hash Cond: (mk.movie_id = t.id)
              ->  Seq Scan on movie_keyword mk  (cost=0.00..81003.12 rows=238840 width=4) (actual time=100.866..1300.428 rows=238612 loops=1)
                    Filter: (keyword_id > 62117)
                    Rows Removed by Filter: 4285318
              ->  Hash  (cost=73925.90..73925.90 rows=5474 width=4) (actual time=1243.782..1243.782 rows=10482 loops=1)
                    Buckets: 16384 (originally 8192)  Batches: 1 (originally 1)  Memory Usage: 497kB
                    ->  Seq Scan on title t  (cost=0.00..73925.90 rows=5474 width=4) (actual time=0.320..1238.261 rows=10482 loops=1)
                          Filter: ((kind_id > 1) AND (production_year = 1982))
                          Rows Removed by Filter: 2517830
Planning time: 1.143 ms
Execution time: 10126.674 ms
