Hash Join  (cost=260290.26..422893.31 rows=3118808 width=0) (actual time=6431.478..14857.337 rows=25159176 loops=1)
  Hash Cond: (mk.movie_id = t.id)
  ->  Seq Scan on movie_keyword mk  (cost=0.00..81003.12 rows=3177969 width=4) (actual time=0.019..1723.756 rows=3158214 loops=1)
        Filter: (keyword_id > 1783)
        Rows Removed by Filter: 1365716
  ->  Hash  (cost=219578.06..219578.06 rows=2481456 width=8) (actual time=6428.554..6428.554 rows=2468210 loops=1)
        Buckets: 131072  Batches: 64  Memory Usage: 2606kB
        ->  Hash Join  (cost=107058.56..219578.06 rows=2481456 width=8) (actual time=2248.832..5696.953 rows=2468210 loops=1)
              Hash Cond: (mc.movie_id = t.id)
              ->  Seq Scan on movie_companies mc  (cost=0.00..44881.29 rows=2609129 width=4) (actual time=0.014..884.773 rows=2609129 loops=1)
              ->  Hash  (cost=67604.59..67604.59 rows=2404798 width=4) (actual time=2247.686..2247.686 rows=2396371 loops=1)
                    Buckets: 131072  Batches: 32  Memory Usage: 3657kB
                    ->  Seq Scan on title t  (cost=0.00..67604.59 rows=2404798 width=4) (actual time=0.016..1465.413 rows=2396371 loops=1)
                          Filter: (production_year > 1914)
                          Rows Removed by Filter: 131941
Planning time: 0.775 ms
Execution time: 17380.853 ms
