Hash Join  (cost=217190.06..768642.07 rows=6714608 width=0) (actual time=4799.014..28029.108 rows=43917272 loops=1)
  Hash Cond: (mi.movie_id = t.id)
  ->  Seq Scan on movie_info mi  (cost=0.00..309384.22 rows=14739122 width=4) (actual time=0.010..6278.186 rows=14835720 loops=1)
  ->  Hash  (cost=198291.25..198291.25 rows=1151905 width=8) (actual time=4798.252..4798.252 rows=1077188 loops=1)
        Buckets: 131072  Batches: 16  Memory Usage: 3709kB
        ->  Hash Join  (cost=102767.86..198291.25 rows=1151905 width=8) (actual time=1966.623..4468.642 rows=1077188 loops=1)
              Hash Cond: (mc.movie_id = t.id)
              ->  Seq Scan on movie_companies mc  (cost=0.00..57926.93 rows=1151905 width=4) (actual time=0.025..1150.997 rows=1077188 loops=1)
                    Filter: ((company_id > 125) AND (company_type_id = 1))
                    Rows Removed by Filter: 1531941
              ->  Hash  (cost=61283.27..61283.27 rows=2528527 width=4) (actual time=1965.065..1965.065 rows=2528312 loops=1)
                    Buckets: 131072  Batches: 64  Memory Usage: 2415kB
                    ->  Seq Scan on title t  (cost=0.00..61283.27 rows=2528527 width=4) (actual time=0.011..1130.280 rows=2528312 loops=1)
Planning time: 0.778 ms
Execution time: 32809.083 ms
