Hash Join  (cost=67697.55..867187.44 rows=2661 width=0) (actual time=12319.078..12791.614 rows=5203 loops=1)
  Hash Cond: (ci.movie_id = t.id)
  ->  Seq Scan on cast_info ci  (cost=0.00..796071.18 rows=904560 width=4) (actual time=11420.749..11805.627 rows=805180 loops=1)
        Filter: ((person_id < 1870251) AND (role_id = 8))
        Rows Removed by Filter: 35439164
  ->  Hash  (cost=67604.59..67604.59 rows=7437 width=4) (actual time=897.983..897.983 rows=13623 loops=1)
        Buckets: 16384 (originally 8192)  Batches: 1 (originally 1)  Memory Usage: 607kB
        ->  Seq Scan on title t  (cost=0.00..67604.59 rows=7437 width=4) (actual time=0.099..892.032 rows=13623 loops=1)
              Filter: (production_year = 1972)
              Rows Removed by Filter: 2514689
Planning time: 0.763 ms
Execution time: 12792.394 ms
