Hash Join  (cost=185137.60..986864.54 rows=33302 width=0) (actual time=5422.333..15711.068 rows=19185 loops=1)
  Hash Cond: (ci.movie_id = t.id)
  ->  Seq Scan on cast_info ci  (cost=0.00..796071.18 rows=386597 width=4) (actual time=1757.984..11747.188 rows=725220 loops=1)
        Filter: ((person_id < 101380) AND (role_id < 2))
        Rows Removed by Filter: 35519124
  ->  Hash  (cost=181563.96..181563.96 rows=217811 width=8) (actual time=3660.062..3660.062 rows=39855 loops=1)
        Buckets: 131072  Batches: 4  Memory Usage: 1418kB
        ->  Hash Join  (cost=87428.23..181563.96 rows=217811 width=8) (actual time=2033.270..3646.292 rows=39855 loops=1)
              Hash Cond: (mk.movie_id = t.id)
              ->  Seq Scan on movie_keyword mk  (cost=0.00..81003.12 rows=669200 width=4) (actual time=0.042..1532.176 rows=669665 loops=1)
                    Filter: (keyword_id < 527)
                    Rows Removed by Filter: 3854265
              ->  Hash  (cost=73925.90..73925.90 rows=822986 width=4) (actual time=1660.607..1660.607 rows=738761 loops=1)
                    Buckets: 131072  Batches: 16  Memory Usage: 2654kB
                    ->  Seq Scan on title t  (cost=0.00..73925.90 rows=822986 width=4) (actual time=0.028..1414.219 rows=738761 loops=1)
                          Filter: ((production_year < 2005) AND (kind_id = 7))
                          Rows Removed by Filter: 1789551
Planning time: 1.173 ms
Execution time: 15714.212 ms
