Seq Scan on movie_keyword mk  (cost=0.00..81003.12 rows=246 width=0) (actual time=1.583..1256.146 rows=1503 loops=1)
  Filter: (keyword_id = 545)
  Rows Removed by Filter: 4522427
Planning time: 0.353 ms
Execution time: 1256.735 ms
