Hash Join  (cost=82131.75..796373.36 rows=122628 width=0) (actual time=14862.457..15463.984 rows=116435 loops=1)
  Hash Cond: (ci.movie_id = t.id)
  ->  Seq Scan on cast_info ci  (cost=0.00..705507.15 rows=350181 width=4) (actual time=13325.134..13584.036 rows=316118 loops=1)
        Filter: (role_id > 10)
        Rows Removed by Filter: 35928226
  ->  Hash  (cost=67604.59..67604.59 rows=885453 width=4) (actual time=1536.292..1536.292 rows=885650 loops=1)
        Buckets: 131072  Batches: 16  Memory Usage: 2972kB
        ->  Seq Scan on title t  (cost=0.00..67604.59 rows=885453 width=4) (actual time=0.029..1259.148 rows=885650 loops=1)
              Filter: (production_year < 1997)
              Rows Removed by Filter: 1642662
Planning time: 0.753 ms
Execution time: 15477.847 ms
