Seq Scan on movie_keyword mk  (cost=0.00..81003.12 rows=246 width=0) (actual time=32.820..1282.197 rows=118 loops=1)
  Filter: (keyword_id = 9615)
  Rows Removed by Filter: 4523812
Planning time: 0.381 ms
Execution time: 1282.386 ms
