Seq Scan on movie_keyword mk  (cost=0.00..81003.12 rows=1580616 width=0) (actual time=0.026..1474.811 rows=1595266 loops=1)
  Filter: (keyword_id > 9650)
  Rows Removed by Filter: 2928664
Planning time: 0.296 ms
Execution time: 1668.519 ms
