Seq Scan on movie_keyword mk  (cost=0.00..81003.12 rows=1849779 width=0) (actual time=0.030..1450.409 rows=1860548 loops=1)
  Filter: (keyword_id < 3116)
  Rows Removed by Filter: 2663382
Planning time: 0.239 ms
Execution time: 1681.723 ms
