Hash Join  (cost=73982.55..100917.78 rows=2474 width=0) (actual time=1699.426..1898.466 rows=15 loops=1)
  Hash Cond: (mi_idx.movie_id = t.id)
  ->  Seq Scan on movie_info_idx mi_idx  (cost=0.00..21735.35 rows=1380035 width=4) (actual time=10.124..315.031 rows=1380035 loops=1)
  ->  Hash  (cost=73925.90..73925.90 rows=4532 width=4) (actual time=1328.454..1328.454 rows=5 loops=1)
        Buckets: 8192  Batches: 1  Memory Usage: 65kB
        ->  Seq Scan on title t  (cost=0.00..73925.90 rows=4532 width=4) (actual time=1260.195..1328.440 rows=5 loops=1)
              Filter: ((kind_id = 7) AND (production_year = 1944))
              Rows Removed by Filter: 2528307
Planning time: 0.719 ms
Execution time: 1898.550 ms
