Hash Join  (cost=463686.49..1423239.90 rows=2074702 width=0) (actual time=9513.239..33997.796 rows=6491804 loops=1)
  Hash Cond: (ci.movie_id = t.id)
  ->  Seq Scan on cast_info ci  (cost=0.00..796071.18 rows=12199258 width=4) (actual time=1155.679..17228.736 rows=11646725 loops=1)
        Filter: ((person_id > 143000) AND (role_id = 1))
        Rows Removed by Filter: 24597619
  ->  Hash  (cost=456631.23..456631.23 rows=430021 width=8) (actual time=8356.489..8356.489 rows=1048381 loops=1)
        Buckets: 131072 (originally 131072)  Batches: 16 (originally 8)  Memory Usage: 3587kB
        ->  Hash Join  (cost=85435.26..456631.23 rows=430021 width=8) (actual time=3060.386..8075.751 rows=1048381 loops=1)
              Hash Cond: (mi.movie_id = t.id)
              ->  Seq Scan on movie_info mi  (cost=0.00..346232.03 rows=1550064 width=4) (actual time=1635.490..5530.864 rows=1533909 loops=1)
                    Filter: (info_type_id = 3)
                    Rows Removed by Filter: 13301811
              ->  Hash  (cost=73925.90..73925.90 rows=701468 width=4) (actual time=1424.001..1424.001 rows=749931 loops=1)
                    Buckets: 131072  Batches: 16  Memory Usage: 2682kB
                    ->  Seq Scan on title t  (cost=0.00..73925.90 rows=701468 width=4) (actual time=0.034..1184.873 rows=749931 loops=1)
                          Filter: ((kind_id < 7) AND (production_year < 2009))
                          Rows Removed by Filter: 1778381
Planning time: 1.997 ms
Execution time: 34718.146 ms
