Seq Scan on movie_companies mc  (cost=0.00..57926.93 rows=51 width=0) (actual time=24.397..810.375 rows=21 loops=1)
  Filter: ((company_id = 4626) AND (company_type_id = 1))
  Rows Removed by Filter: 2609108
Planning time: 0.367 ms
Execution time: 810.479 ms
