Hash Join  (cost=262184.52..1053518.20 rows=2774502 width=0) (actual time=10270.708..20618.223 rows=2809926 loops=1)
  Hash Cond: (ci.movie_id = t.id)
  ->  Seq Scan on cast_info ci  (cost=0.00..705507.15 rows=3998100 width=4) (actual time=4962.892..12793.117 rows=4008037 loops=1)
        Filter: (role_id = 3)
        Rows Removed by Filter: 32236307
  ->  Hash  (cost=233395.96..233395.96 rows=1754685 width=8) (actual time=5304.306..5304.306 rows=436059 loops=1)
        Buckets: 131072  Batches: 32  Memory Usage: 1571kB
        ->  Hash Join  (cost=90016.07..233395.96 rows=1754685 width=8) (actual time=2865.062..5177.870 rows=436059 loops=1)
              Hash Cond: (mk.movie_id = t.id)
              ->  Seq Scan on movie_keyword mk  (cost=0.00..69693.30 rows=4523930 width=4) (actual time=0.031..1166.809 rows=4523930 loops=1)
              ->  Hash  (cost=73925.90..73925.90 rows=980733 width=4) (actual time=1875.402..1875.402 rows=1074493 loops=1)
                    Buckets: 131072  Batches: 16  Memory Usage: 3400kB
                    ->  Seq Scan on title t  (cost=0.00..73925.90 rows=980733 width=4) (actual time=0.024..1303.718 rows=1074493 loops=1)
                          Filter: ((production_year > 1995) AND (kind_id = 7))
                          Rows Removed by Filter: 1453819
Planning time: 1.099 ms
Execution time: 20948.550 ms
