Seq Scan on cast_info ci  (cost=0.00..705507.15 rows=19231667 width=0) (actual time=8.740..11905.103 rows=19128533 loops=1)
  Filter: (person_id < 1910701)
  Rows Removed by Filter: 17115811
Planning time: 0.371 ms
Execution time: 14153.172 ms
