Hash Join  (cost=102767.86..185553.05 rows=622539 width=0) (actual time=1973.182..4042.508 rows=850895 loops=1)
  Hash Cond: (mc.movie_id = t.id)
  ->  Seq Scan on movie_companies mc  (cost=0.00..57926.93 rows=622539 width=4) (actual time=0.015..974.378 rows=850895 loops=1)
        Filter: ((company_id < 11185) AND (company_type_id < 2))
        Rows Removed by Filter: 1758234
  ->  Hash  (cost=61283.27..61283.27 rows=2528527 width=4) (actual time=1971.831..1971.831 rows=2528312 loops=1)
        Buckets: 131072  Batches: 64  Memory Usage: 2415kB
        ->  Seq Scan on title t  (cost=0.00..61283.27 rows=2528527 width=4) (actual time=0.013..1127.910 rows=2528312 loops=1)
Planning time: 0.819 ms
Execution time: 4140.526 ms
