Seq Scan on cast_info ci  (cost=0.00..705507.15 rows=27191076 width=0) (actual time=0.016..11721.239 rows=27344090 loops=1)
  Filter: (person_id > 875972)
  Rows Removed by Filter: 8900254
Planning time: 0.337 ms
Execution time: 14775.343 ms
