Hash Join  (cost=102767.86..1131810.34 rows=13035036 width=0) (actual time=1880.878..26473.486 rows=12988467 loops=1)
  Hash Cond: (ci.movie_id = t.id)
  ->  Seq Scan on cast_info ci  (cost=0.00..705507.15 rows=13035036 width=4) (actual time=0.012..13119.279 rows=12988467 loops=1)
        Filter: (person_id < 1283481)
        Rows Removed by Filter: 23255877
  ->  Hash  (cost=61283.27..61283.27 rows=2528527 width=4) (actual time=1879.469..1879.469 rows=2528312 loops=1)
        Buckets: 131072  Batches: 64  Memory Usage: 2415kB
        ->  Seq Scan on title t  (cost=0.00..61283.27 rows=2528527 width=4) (actual time=0.010..1053.815 rows=2528312 loops=1)
Planning time: 0.761 ms
Execution time: 28045.836 ms
