Hash Join  (cost=254684.96..774695.76 rows=5441227 width=0) (actual time=8141.311..58700.280 rows=178916937 loops=1)
  Hash Cond: (mi.movie_id = t.id)
  ->  Seq Scan on movie_info mi  (cost=0.00..346232.03 rows=8841901 width=4) (actual time=0.021..6592.115 rows=8950757 loops=1)
        Filter: (info_type_id > 6)
        Rows Removed by Filter: 5884963
  ->  Hash  (cost=229155.55..229155.55 rows=1556033 width=8) (actual time=8139.959..8139.959 rows=3752349 loops=1)
        Buckets: 131072 (originally 131072)  Batches: 64 (originally 32)  Memory Usage: 3443kB
        ->  Hash Join  (cost=88195.18..229155.55 rows=1556033 width=8) (actual time=2219.449..6656.950 rows=3752349 loops=1)
              Hash Cond: (mk.movie_id = t.id)
              ->  Seq Scan on movie_keyword mk  (cost=0.00..69693.30 rows=4523930 width=4) (actual time=0.011..1324.060 rows=4523930 loops=1)
              ->  Hash  (cost=73925.90..73925.90 rows=869702 width=4) (actual time=2218.762..2218.762 rows=896788 loops=1)
                    Buckets: 131072  Batches: 16  Memory Usage: 3007kB
                    ->  Seq Scan on title t  (cost=0.00..73925.90 rows=869702 width=4) (actual time=0.033..1253.518 rows=896788 loops=1)
                          Filter: ((kind_id < 7) AND (production_year < 2012))
                          Rows Removed by Filter: 1631524
Planning time: 1.166 ms
Execution time: 78042.068 ms
