Hash Join  (cost=128695.20..215406.87 rows=5364 width=0) (actual time=2354.542..3975.415 rows=126707 loops=1)
  Hash Cond: (mk.movie_id = t.id)
  ->  Seq Scan on movie_keyword mk  (cost=0.00..69693.30 rows=4523930 width=4) (actual time=0.011..898.378 rows=4523930 loops=1)
  ->  Hash  (cost=128657.72..128657.72 rows=2998 width=8) (actual time=2253.347..2253.347 rows=6534 loops=1)
        Buckets: 8192 (originally 4096)  Batches: 1 (originally 1)  Memory Usage: 320kB
        ->  Hash Join  (cost=73962.22..128657.72 rows=2998 width=8) (actual time=1100.198..2250.334 rows=6534 loops=1)
              Hash Cond: (mc.movie_id = t.id)
              ->  Seq Scan on movie_companies mc  (cost=0.00..44881.29 rows=2609129 width=4) (actual time=0.022..631.256 rows=2609129 loops=1)
              ->  Hash  (cost=73925.90..73925.90 rows=2905 width=4) (actual time=1100.065..1100.065 rows=2493 loops=1)
                    Buckets: 4096  Batches: 1  Memory Usage: 120kB
                    ->  Seq Scan on title t  (cost=0.00..73925.90 rows=2905 width=4) (actual time=71.538..1098.741 rows=2493 loops=1)
                          Filter: ((kind_id < 7) AND (production_year = 1934))
                          Rows Removed by Filter: 2525819
Planning time: 1.131 ms
Execution time: 3990.295 ms
