Hash Join  (cost=58375.85..85290.05 rows=10 width=0) (actual time=861.064..1375.508 rows=73 loops=1)
  Hash Cond: (mi_idx.movie_id = t.id)
  ->  Seq Scan on movie_info_idx mi_idx  (cost=0.00..25185.44 rows=460978 width=4) (actual time=0.019..463.900 rows=459925 loops=1)
        Filter: (info_type_id < 100)
        Rows Removed by Filter: 920110
  ->  Hash  (cost=58375.18..58375.18 rows=53 width=8) (actual time=848.523..848.523 rows=188 loops=1)
        Buckets: 1024  Batches: 1  Memory Usage: 16kB
        ->  Nested Loop  (cost=0.43..58375.18 rows=53 width=8) (actual time=372.637..848.385 rows=188 loops=1)
              ->  Seq Scan on movie_companies mc  (cost=0.00..57926.93 rows=53 width=4) (actual time=372.541..840.266 rows=188 loops=1)
                    Filter: ((company_id = 11872) AND (company_type_id = 2))
                    Rows Removed by Filter: 2608941
              ->  Index Only Scan using title_pkey on title t  (cost=0.43..8.45 rows=1 width=4) (actual time=0.041..0.042 rows=1 loops=188)
                    Index Cond: (id = mc.movie_id)
                    Heap Fetches: 188
Planning time: 0.895 ms
Execution time: 1375.624 ms
