Hash Join  (cost=471267.61..1317911.02 rows=549902 width=0) (actual time=10604.452..25268.764 rows=724704 loops=1)
  Hash Cond: (ci.movie_id = t.id)
  ->  Seq Scan on cast_info ci  (cost=0.00..796071.18 rows=3773653 width=4) (actual time=2822.287..15516.983 rows=4008037 loops=1)
        Filter: ((person_id < 3655841) AND (role_id = 3))
        Rows Removed by Filter: 32236307
  ->  Hash  (cost=465221.85..465221.85 rows=368461 width=8) (actual time=7781.207..7781.207 rows=212805 loops=1)
        Buckets: 131072  Batches: 8  Memory Usage: 2067kB
        ->  Hash Join  (cost=101458.67..465221.85 rows=368461 width=8) (actual time=5211.272..7713.236 rows=212805 loops=1)
              Hash Cond: (mi.movie_id = t.id)
              ->  Seq Scan on movie_info mi  (cost=0.00..346232.03 rows=451508 width=4) (actual time=2994.839..4808.287 rows=474443 loops=1)
                    Filter: (info_type_id = 6)
                    Rows Removed by Filter: 14361277
              ->  Hash  (cost=67604.59..67604.59 rows=2063447 width=4) (actual time=2215.725..2215.725 rows=2060346 loops=1)
                    Buckets: 131072  Batches: 32  Memory Usage: 3302kB
                    ->  Seq Scan on title t  (cost=0.00..67604.59 rows=2063447 width=4) (actual time=0.032..1205.184 rows=2060346 loops=1)
                          Filter: (production_year > 1971)
                          Rows Removed by Filter: 467966
Planning time: 1.240 ms
Execution time: 25355.594 ms
