Nested Loop  (cost=44377.22..185146.79 rows=22491 width=0) (actual time=1317.144..2431.611 rows=29784 loops=1)
  Join Filter: (mc.movie_id = t.id)
  ->  Hash Join  (cost=44376.79..116392.65 rows=116453 width=8) (actual time=1317.062..2013.533 rows=29784 loops=1)
        Hash Cond: (mc.movie_id = mi_idx.movie_id)
        ->  Seq Scan on movie_companies mc  (cost=0.00..57926.93 rows=41208 width=4) (actual time=450.614..906.962 rows=17551 loops=1)
              Filter: ((company_id < 19) AND (company_type_id > 1))
              Rows Removed by Filter: 2591578
        ->  Hash  (cost=21735.35..21735.35 rows=1380035 width=4) (actual time=865.528..865.528 rows=1380035 loops=1)
              Buckets: 131072  Batches: 32  Memory Usage: 2540kB
              ->  Seq Scan on movie_info_idx mi_idx  (cost=0.00..21735.35 rows=1380035 width=4) (actual time=0.024..451.874 rows=1380035 loops=1)
  ->  Index Only Scan using title_pkey on title t  (cost=0.43..0.58 rows=1 width=4) (actual time=0.013..0.013 rows=1 loops=29784)
        Index Cond: (id = mi_idx.movie_id)
        Heap Fetches: 29784
Planning time: 1.159 ms
Execution time: 2437.538 ms
