Hash Join  (cost=102767.86..238141.35 rows=1849007 width=0) (actual time=1903.469..5026.506 rows=1854905 loops=1)
  Hash Cond: (mk.movie_id = t.id)
  ->  Seq Scan on movie_keyword mk  (cost=0.00..81003.12 rows=1849007 width=4) (actual time=0.015..1504.239 rows=1854905 loops=1)
        Filter: (keyword_id > 7462)
        Rows Removed by Filter: 2669025
  ->  Hash  (cost=61283.27..61283.27 rows=2528527 width=4) (actual time=1902.147..1902.147 rows=2528312 loops=1)
        Buckets: 131072  Batches: 64  Memory Usage: 2425kB
        ->  Seq Scan on title t  (cost=0.00..61283.27 rows=2528527 width=4) (actual time=0.009..1022.557 rows=2528312 loops=1)
Planning time: 0.721 ms
Execution time: 5204.283 ms
