Hash Join  (cost=157300.16..284864.61 rows=456541 width=0) (actual time=3202.570..6988.487 rows=273331 loops=1)
  Hash Cond: (mk.movie_id = t.id)
  ->  Seq Scan on movie_keyword mk  (cost=0.00..69693.30 rows=4523930 width=4) (actual time=0.017..1366.244 rows=4523930 loops=1)
  ->  Hash  (cost=153113.52..153113.52 rows=255171 width=8) (actual time=3193.542..3193.542 rows=122931 loops=1)
        Buckets: 131072  Batches: 4  Memory Usage: 2226kB
        ->  Hash Join  (cost=81887.65..153113.52 rows=255171 width=8) (actual time=1869.580..3152.341 rows=122931 loops=1)
              Hash Cond: (mc.movie_id = t.id)
              ->  Seq Scan on movie_companies mc  (cost=0.00..51404.11 rows=1329612 width=4) (actual time=419.636..995.314 rows=1334883 loops=1)
                    Filter: (company_type_id > 1)
                    Rows Removed by Filter: 1274246
              ->  Hash  (cost=73925.90..73925.90 rows=485260 width=4) (actual time=1449.059..1449.059 rows=520584 loops=1)
                    Buckets: 131072  Batches: 8  Memory Usage: 3311kB
                    ->  Seq Scan on title t  (cost=0.00..73925.90 rows=485260 width=4) (actual time=0.183..1292.954 rows=520584 loops=1)
                          Filter: ((kind_id > 4) AND (production_year > 2007))
                          Rows Removed by Filter: 2007728
Planning time: 1.568 ms
Execution time: 7022.470 ms
