Seq Scan on cast_info ci  (cost=0.00..705507.15 rows=500 width=0) (actual time=7061.489..10966.797 rows=356 loops=1)
  Filter: (person_id = 3473083)
  Rows Removed by Filter: 36243988
Planning time: 0.371 ms
Execution time: 10966.950 ms
