Nested Loop  (cost=0.43..83072.29 rows=96 width=0) (actual time=3.879..1228.751 rows=459 loops=1)
  ->  Seq Scan on movie_keyword mk  (cost=0.00..81003.12 rows=246 width=4) (actual time=3.828..1198.784 rows=480 loops=1)
        Filter: (keyword_id = 8232)
        Rows Removed by Filter: 4523450
  ->  Index Scan using title_pkey on title t  (cost=0.43..8.40 rows=1 width=4) (actual time=0.060..0.061 rows=1 loops=480)
        Index Cond: (id = mk.movie_id)
        Filter: (kind_id < 7)
        Rows Removed by Filter: 0
Planning time: 0.749 ms
Execution time: 1229.048 ms
