Seq Scan on movie_companies mc  (cost=0.00..57926.93 rows=53 width=0) (actual time=247.936..779.614 rows=43 loops=1)
  Filter: ((company_id = 14354) AND (company_type_id = 2))
  Rows Removed by Filter: 2609086
Planning time: 1.248 ms
Execution time: 779.724 ms
