Hash Join  (cost=1046916.22..1254666.48 rows=6109840 width=0) (actual time=22299.467..37653.467 rows=52403153 loops=1)
  Hash Cond: (mk.movie_id = t.id)
  ->  Seq Scan on movie_keyword mk  (cost=0.00..69693.30 rows=4523930 width=4) (actual time=0.009..1501.293 rows=4523930 loops=1)
  ->  Hash  (cost=990889.62..990889.62 rows=3414928 width=8) (actual time=22298.564..22298.564 rows=4029355 loops=1)
        Buckets: 131072  Batches: 64  Memory Usage: 3522kB
        ->  Hash Join  (cost=102767.86..990889.62 rows=3414928 width=8) (actual time=14910.148..21215.787 rows=4029355 loops=1)
              Hash Cond: (ci.movie_id = t.id)
              ->  Seq Scan on cast_info ci  (cost=0.00..796071.18 rows=3414928 width=4) (actual time=12716.804..15584.701 rows=4029355 loops=1)
                    Filter: ((person_id > 727112) AND (role_id = 10))
                    Rows Removed by Filter: 32214989
              ->  Hash  (cost=61283.27..61283.27 rows=2528527 width=4) (actual time=2191.940..2191.940 rows=2528312 loops=1)
                    Buckets: 131072  Batches: 64  Memory Usage: 2415kB
                    ->  Seq Scan on title t  (cost=0.00..61283.27 rows=2528527 width=4) (actual time=0.022..1094.725 rows=2528312 loops=1)
Planning time: 0.771 ms
Execution time: 43233.622 ms
