Seq Scan on cast_info ci  (cost=0.00..705507.15 rows=26089991 width=0) (actual time=0.022..12831.895 rows=26307821 loops=1)
  Filter: (person_id > 978229)
  Rows Removed by Filter: 9936523
Planning time: 0.323 ms
Execution time: 16051.766 ms
