Hash Join  (cost=192940.91..717148.62 rows=4161279 width=0) (actual time=4885.353..20838.147 rows=11127939 loops=1)
  Hash Cond: (mi.movie_id = t.id)
  ->  Seq Scan on movie_info mi  (cost=0.00..309384.22 rows=14739122 width=4) (actual time=0.018..6088.679 rows=14835720 loops=1)
  ->  Hash  (cost=181228.46..181228.46 rows=713876 width=8) (actual time=4884.347..4884.347 rows=718903 loops=1)
        Buckets: 131072  Batches: 16  Memory Usage: 2799kB
        ->  Hash Join  (cost=102767.86..181228.46 rows=713876 width=8) (actual time=2117.434..3921.213 rows=718903 loops=1)
              Hash Cond: (mc.movie_id = t.id)
              ->  Seq Scan on movie_companies mc  (cost=0.00..51404.11 rows=713876 width=4) (actual time=201.597..1017.068 rows=718903 loops=1)
                    Filter: (company_id > 42547)
                    Rows Removed by Filter: 1890226
              ->  Hash  (cost=61283.27..61283.27 rows=2528527 width=4) (actual time=1913.474..1913.474 rows=2528312 loops=1)
                    Buckets: 131072  Batches: 64  Memory Usage: 2415kB
                    ->  Seq Scan on title t  (cost=0.00..61283.27 rows=2528527 width=4) (actual time=0.024..1083.468 rows=2528312 loops=1)
Planning time: 1.139 ms
Execution time: 22086.695 ms
