Seq Scan on movie_companies mc  (cost=0.00..57926.93 rows=1028430 width=0) (actual time=0.033..1090.800 rows=1274246 loops=1)
  Filter: ((company_id < 73473) AND (company_type_id < 2))
  Rows Removed by Filter: 1334883
Planning time: 0.322 ms
Execution time: 1239.835 ms
