Hash Join  (cost=73982.55..100917.78 rows=2474 width=0) (actual time=1429.412..1985.667 rows=2835 loops=1)
  Hash Cond: (mi_idx.movie_id = t.id)
  ->  Seq Scan on movie_info_idx mi_idx  (cost=0.00..21735.35 rows=1380035 width=4) (actual time=0.025..330.922 rows=1380035 loops=1)
  ->  Hash  (cost=73925.90..73925.90 rows=4532 width=4) (actual time=1368.449..1368.449 rows=7806 loops=1)
        Buckets: 8192  Batches: 1  Memory Usage: 339kB
        ->  Seq Scan on title t  (cost=0.00..73925.90 rows=4532 width=4) (actual time=0.162..1364.513 rows=7806 loops=1)
              Filter: ((kind_id = 7) AND (production_year = 1981))
              Rows Removed by Filter: 2520506
Planning time: 0.772 ms
Execution time: 1986.128 ms
