Seq Scan on movie_keyword mk  (cost=0.00..81003.12 rows=240642 width=0) (actual time=0.036..1331.781 rows=240063 loops=1)
  Filter: (keyword_id > 61895)
  Rows Removed by Filter: 4283867
Planning time: 0.280 ms
Execution time: 1364.499 ms
