Seq Scan on movie_companies mc  (cost=0.00..51404.11 rows=1533494 width=0) (actual time=0.019..927.186 rows=1520258 loops=1)
  Filter: (company_id < 14250)
  Rows Removed by Filter: 1088871
Planning time: 1.829 ms
Execution time: 1111.113 ms
