Hash Join  (cost=186486.49..327057.01 rows=1524048 width=0) (actual time=4133.114..9726.663 rows=9732145 loops=1)
  Hash Cond: (mk.movie_id = t.id)
  ->  Seq Scan on movie_keyword mk  (cost=0.00..69693.30 rows=4523930 width=4) (actual time=0.024..1513.485 rows=4523930 loops=1)
  ->  Hash  (cost=172510.68..172510.68 rows=851825 width=8) (actual time=4131.024..4131.024 rows=691433 loops=1)
        Buckets: 131072  Batches: 16  Memory Usage: 2743kB
        ->  Hash Join  (cost=85777.42..172510.68 rows=851825 width=8) (actual time=1555.639..3907.840 rows=691433 loops=1)
              Hash Cond: (mc.movie_id = t.id)
              ->  Seq Scan on movie_companies mc  (cost=0.00..51404.11 rows=1944504 width=4) (actual time=0.016..974.035 rows=1950706 loops=1)
                    Filter: (company_id > 944)
                    Rows Removed by Filter: 658423
              ->  Hash  (cost=67604.59..67604.59 rows=1107667 width=4) (actual time=1554.692..1554.692 rows=1107925 loops=1)
                    Buckets: 131072  Batches: 16  Memory Usage: 3460kB
                    ->  Seq Scan on title t  (cost=0.00..67604.59 rows=1107667 width=4) (actual time=0.017..1207.521 rows=1107925 loops=1)
                          Filter: (production_year > 2004)
                          Rows Removed by Filter: 1420387
Planning time: 1.077 ms
Execution time: 10822.681 ms
