Seq Scan on cast_info ci  (cost=0.00..796071.18 rows=23007673 width=0) (actual time=5391.475..17865.031 rows=22784854 loops=1)
  Filter: ((person_id < 3910413) AND (role_id > 1))
  Rows Removed by Filter: 13459490
Planning time: 0.360 ms
Execution time: 20652.619 ms
