Hash Join  (cost=102767.86..183359.96 rows=531395 width=0) (actual time=2391.711..4363.186 rows=741128 loops=1)
  Hash Cond: (mc.movie_id = t.id)
  ->  Seq Scan on movie_companies mc  (cost=0.00..57926.93 rows=531395 width=4) (actual time=31.671..1005.172 rows=741128 loops=1)
        Filter: ((company_id < 6893) AND (company_type_id = 1))
        Rows Removed by Filter: 1868001
  ->  Hash  (cost=61283.27..61283.27 rows=2528527 width=4) (actual time=2358.801..2358.801 rows=2528312 loops=1)
        Buckets: 131072  Batches: 64  Memory Usage: 2415kB
        ->  Seq Scan on title t  (cost=0.00..61283.27 rows=2528527 width=4) (actual time=0.017..1250.994 rows=2528312 loops=1)
Planning time: 0.710 ms
Execution time: 4449.930 ms
