Hash Join  (cost=73244.86..438012.65 rows=11186 width=0) (actual time=908.867..8288.789 rows=24855 loops=1)
  Hash Cond: (mi.movie_id = t.id)
  ->  Seq Scan on movie_info mi  (cost=0.00..309384.22 rows=14739122 width=4) (actual time=0.014..4498.268 rows=14835720 loops=1)
  ->  Hash  (cost=73220.88..73220.88 rows=1919 width=8) (actual time=846.019..846.019 rows=1840 loops=1)
        Buckets: 2048  Batches: 1  Memory Usage: 88kB
        ->  Nested Loop  (cost=0.43..73220.88 rows=1919 width=8) (actual time=1.832..845.023 rows=1840 loops=1)
              ->  Seq Scan on movie_companies mc  (cost=0.00..57926.93 rows=1919 width=4) (actual time=1.764..787.632 rows=1840 loops=1)
                    Filter: ((company_id = 11244) AND (company_type_id = 1))
                    Rows Removed by Filter: 2607289
              ->  Index Only Scan using title_pkey on title t  (cost=0.43..7.96 rows=1 width=4) (actual time=0.030..0.030 rows=1 loops=1840)
                    Index Cond: (id = mc.movie_id)
                    Heap Fetches: 1840
Planning time: 1.647 ms
Execution time: 8292.922 ms
