Seq Scan on movie_companies mc  (cost=0.00..57926.93 rows=53 width=0) (actual time=15.700..863.288 rows=71 loops=1)
  Filter: ((company_id = 109044) AND (company_type_id = 2))
  Rows Removed by Filter: 2609058
Planning time: 0.398 ms
Execution time: 863.395 ms
