Hash Join  (cost=341327.88..1103376.03 rows=21271552 width=0) (actual time=7990.087..61486.896 rows=198591460 loops=1)
  Hash Cond: (mi.movie_id = t.id)
  ->  Seq Scan on movie_info mi  (cost=0.00..309384.22 rows=14739122 width=4) (actual time=0.017..6594.016 rows=14835720 loops=1)
  ->  Hash  (cost=281458.14..281458.14 rows=3649179 width=8) (actual time=7988.465..7988.465 rows=3640719 loops=1)
        Buckets: 131072  Batches: 64  Memory Usage: 3344kB
        ->  Hash Join  (cost=102767.86..281458.14 rows=3649179 width=8) (actual time=1983.447..6898.054 rows=3640719 loops=1)
              Hash Cond: (mk.movie_id = t.id)
              ->  Seq Scan on movie_keyword mk  (cost=0.00..81003.12 rows=3649179 width=4) (actual time=0.020..1760.171 rows=3640719 loops=1)
                    Filter: (keyword_id > 834)
                    Rows Removed by Filter: 883211
              ->  Hash  (cost=61283.27..61283.27 rows=2528527 width=4) (actual time=1982.118..1982.118 rows=2528312 loops=1)
                    Buckets: 131072  Batches: 64  Memory Usage: 2425kB
                    ->  Seq Scan on title t  (cost=0.00..61283.27 rows=2528527 width=4) (actual time=0.015..1126.649 rows=2528312 loops=1)
Planning time: 1.152 ms
Execution time: 81342.502 ms
