Hash Join  (cost=83072.32..811813.41 rows=6 width=0) (actual time=3708.736..13081.875 rows=10 loops=1)
  Hash Cond: (ci.movie_id = t.id)
  ->  Seq Scan on cast_info ci  (cost=0.00..705507.15 rows=6195699 width=4) (actual time=0.158..10761.350 rows=6267753 loops=1)
        Filter: (person_id > 3025139)
        Rows Removed by Filter: 29976591
  ->  Hash  (cost=83072.29..83072.29 rows=3 width=8) (actual time=1311.144..1311.144 rows=1 loops=1)
        Buckets: 1024  Batches: 1  Memory Usage: 9kB
        ->  Nested Loop  (cost=0.43..83072.29 rows=3 width=8) (actual time=1198.344..1311.136 rows=1 loops=1)
              ->  Seq Scan on movie_keyword mk  (cost=0.00..81003.12 rows=246 width=4) (actual time=2.245..1301.305 rows=153 loops=1)
                    Filter: (keyword_id = 25784)
                    Rows Removed by Filter: 4523777
              ->  Index Scan using title_pkey on title t  (cost=0.43..8.40 rows=1 width=4) (actual time=0.060..0.060 rows=0 loops=153)
                    Index Cond: (id = mk.movie_id)
                    Filter: (production_year = 1993)
                    Rows Removed by Filter: 1
Planning time: 2.768 ms
Execution time: 13083.076 ms
