Hash Join  (cost=568737.29..1902825.87 rows=7191437 width=0) (actual time=15108.178..60280.738 rows=47325223 loops=1)
  Hash Cond: (ci.movie_id = t.id)
  ->  Seq Scan on cast_info ci  (cost=0.00..614943.12 rows=36225612 width=4) (actual time=0.015..13633.035 rows=36244344 loops=1)
  ->  Hash  (cost=560501.81..560501.81 rows=501958 width=8) (actual time=15104.043..15104.043 rows=2549190 loops=1)
        Buckets: 131072 (originally 131072)  Batches: 64 (originally 8)  Memory Usage: 3073kB
        ->  Hash Join  (cost=75339.30..560501.81 rows=501958 width=8) (actual time=1215.662..14312.826 rows=2549190 loops=1)
              Hash Cond: (mi.movie_id = t.id)
              ->  Seq Scan on movie_info mi  (cost=0.00..309384.22 rows=14739122 width=4) (actual time=0.013..5834.340 rows=14835720 loops=1)
              ->  Hash  (cost=73925.90..73925.90 rows=86112 width=4) (actual time=1153.026..1153.026 rows=213544 loops=1)
                    Buckets: 131072 (originally 131072)  Batches: 4 (originally 2)  Memory Usage: 3073kB
                    ->  Seq Scan on title t  (cost=0.00..73925.90 rows=86112 width=4) (actual time=335.912..1073.332 rows=213544 loops=1)
                          Filter: ((production_year < 1967) AND (kind_id = 1))
                          Rows Removed by Filter: 2314768
Planning time: 1.157 ms
Execution time: 65391.987 ms
