Hash Join  (cost=237780.04..1237594.12 rows=8174242 width=0) (actual time=5834.059..34644.258 rows=20603056 loops=1)
  Hash Cond: (ci.movie_id = t.id)
  ->  Seq Scan on cast_info ci  (cost=0.00..705507.15 rows=16201301 width=4) (actual time=0.016..14913.812 rows=16121683 loops=1)
        Filter: (role_id > 2)
        Rows Removed by Filter: 20122661
  ->  Hash  (cost=216849.18..216849.18 rows=1275749 width=8) (actual time=5832.794..5832.794 rows=1757302 loops=1)
        Buckets: 131072  Batches: 32  Memory Usage: 3126kB
        ->  Hash Join  (cost=79303.65..216849.18 rows=1275749 width=8) (actual time=1436.981..5330.993 rows=1757302 loops=1)
              Hash Cond: (mk.movie_id = t.id)
              ->  Seq Scan on movie_keyword mk  (cost=0.00..69693.30 rows=4523930 width=4) (actual time=0.018..1394.542 rows=4523930 loops=1)
              ->  Hash  (cost=67604.59..67604.59 rows=713045 width=4) (actual time=1435.249..1435.249 rows=707186 loops=1)
                    Buckets: 131072  Batches: 16  Memory Usage: 2584kB
                    ->  Seq Scan on title t  (cost=0.00..67604.59 rows=713045 width=4) (actual time=0.011..1186.988 rows=707186 loops=1)
                          Filter: (production_year < 1991)
                          Rows Removed by Filter: 1821126
Planning time: 1.139 ms
Execution time: 36848.066 ms
