Hash Join  (cost=174884.39..1291416.45 rows=8053289 width=0) (actual time=4196.645..45856.818 rows=38077774 loops=1)
  Hash Cond: (ci.movie_id = t.id)
  ->  Seq Scan on cast_info ci  (cost=0.00..614943.12 rows=36225612 width=4) (actual time=0.020..13115.613 rows=36244344 loops=1)
  ->  Hash  (cost=165661.95..165661.95 rows=562115 width=8) (actual time=4195.516..4195.516 rows=799338 loops=1)
        Buckets: 131072 (originally 131072)  Batches: 16 (originally 8)  Memory Usage: 3073kB
        ->  Hash Join  (cost=82863.28..165661.95 rows=562115 width=8) (actual time=1513.511..3935.891 rows=799338 loops=1)
              Hash Cond: (mc.movie_id = t.id)
              ->  Seq Scan on movie_companies mc  (cost=0.00..44881.29 rows=2609129 width=4) (actual time=0.057..913.072 rows=2609129 loops=1)
              ->  Hash  (cost=73925.90..73925.90 rows=544750 width=4) (actual time=1419.757..1419.757 rows=420664 loops=1)
                    Buckets: 131072  Batches: 8  Memory Usage: 2882kB
                    ->  Seq Scan on title t  (cost=0.00..73925.90 rows=544750 width=4) (actual time=0.027..1296.784 rows=420664 loops=1)
                          Filter: ((production_year > 1971) AND (kind_id = 1))
                          Rows Removed by Filter: 2107648
Planning time: 8.549 ms
Execution time: 50069.516 ms
