Seq Scan on movie_companies mc  (cost=0.00..57926.93 rows=581730 width=0) (actual time=117.040..891.055 rows=866962 loops=1)
  Filter: ((company_id > 13121) AND (company_type_id = 2))
  Rows Removed by Filter: 1742167
Planning time: 0.407 ms
Execution time: 1001.817 ms
