Hash Join  (cost=123311.50..493156.00 rows=173009 width=0) (actual time=3841.709..9270.836 rows=831234 loops=1)
  Hash Cond: (mi.movie_id = t.id)
  ->  Seq Scan on movie_info mi  (cost=0.00..346232.03 rows=1810770 width=4) (actual time=1219.557..5619.308 rows=1865632 loops=1)
        Filter: (info_type_id > 17)
        Rows Removed by Filter: 12970088
  ->  Hash  (cost=119347.66..119347.66 rows=241587 width=8) (actual time=2621.306..2621.306 rows=290096 loops=1)
        Buckets: 131072  Batches: 4  Memory Usage: 3875kB
        ->  Hash Join  (cost=78556.72..119347.66 rows=241587 width=8) (actual time=1409.669..2535.968 rows=290096 loops=1)
              Hash Cond: (mi_idx.movie_id = t.id)
              ->  Seq Scan on movie_info_idx mi_idx  (cost=0.00..25185.44 rows=915101 width=4) (actual time=0.022..528.293 rows=919850 loops=1)
                    Filter: (info_type_id < 101)
                    Rows Removed by Filter: 460185
              ->  Hash  (cost=67604.59..67604.59 rows=667531 width=4) (actual time=1408.860..1408.860 rows=662834 loops=1)
                    Buckets: 131072  Batches: 16  Memory Usage: 2478kB
                    ->  Seq Scan on title t  (cost=0.00..67604.59 rows=667531 width=4) (actual time=0.019..1186.669 rows=662834 loops=1)
                          Filter: (production_year < 1989)
                          Rows Removed by Filter: 1865478
Planning time: 2.256 ms
Execution time: 9371.176 ms
