Hash Join  (cost=137413.28..1239899.25 rows=3470238 width=0) (actual time=2654.149..33177.505 rows=4387473 loops=1)
  Hash Cond: (ci.movie_id = t.id)
  ->  Seq Scan on cast_info ci  (cost=0.00..705507.15 rows=31236904 width=4) (actual time=0.015..16145.225 rows=31376067 loops=1)
        Filter: (person_id > 472732)
        Rows Removed by Filter: 4868277
  ->  Hash  (cost=132803.96..132803.96 rows=280905 width=8) (actual time=2653.066..2653.066 rows=141906 loops=1)
        Buckets: 131072  Batches: 4  Memory Usage: 2407kB
        ->  Hash Join  (cost=92883.59..132803.96 rows=280905 width=8) (actual time=1692.017..2610.563 rows=141906 loops=1)
              Hash Cond: (mi_idx.movie_id = t.id)
              ->  Seq Scan on movie_info_idx mi_idx  (cost=0.00..25185.44 rows=460978 width=4) (actual time=0.025..419.382 rows=459925 loops=1)
                    Filter: (info_type_id < 100)
                    Rows Removed by Filter: 920110
              ->  Hash  (cost=67604.59..67604.59 rows=1540800 width=4) (actual time=1690.553..1690.553 rows=1543264 loops=1)
                    Buckets: 131072  Batches: 32  Memory Usage: 2722kB
                    ->  Seq Scan on title t  (cost=0.00..67604.59 rows=1540800 width=4) (actual time=0.022..1191.272 rows=1543264 loops=1)
                          Filter: (kind_id = 7)
                          Rows Removed by Filter: 985048
Planning time: 1.245 ms
Execution time: 33683.097 ms
