Hash Join  (cost=73950.44..815001.98 rows=7343 width=0) (actual time=1900.402..14216.679 rows=15496 loops=1)
  Hash Cond: (ci.movie_id = t.id)
  ->  Seq Scan on cast_info ci  (cost=0.00..705507.15 rows=9458921 width=4) (actual time=863.114..11306.739 rows=9451595 loops=1)
        Filter: (person_id > 2760424)
        Rows Removed by Filter: 26792749
  ->  Hash  (cost=73925.90..73925.90 rows=1963 width=4) (actual time=1036.966..1036.966 rows=4382 loops=1)
        Buckets: 8192 (originally 2048)  Batches: 1 (originally 1)  Memory Usage: 219kB
        ->  Seq Scan on title t  (cost=0.00..73925.90 rows=1963 width=4) (actual time=176.006..1034.997 rows=4382 loops=1)
              Filter: ((kind_id = 1) AND (production_year = 1979))
              Rows Removed by Filter: 2523930
Planning time: 0.765 ms
Execution time: 14220.547 ms
