Hash Join  (cost=58375.85..792222.06 rows=158 width=0) (actual time=562.607..14269.797 rows=34 loops=1)
  Hash Cond: (ci.movie_id = t.id)
  ->  Seq Scan on cast_info ci  (cost=0.00..705507.15 rows=7556663 width=4) (actual time=0.025..12769.656 rows=7436237 loops=1)
        Filter: (role_id > 7)
        Rows Removed by Filter: 28808107
  ->  Hash  (cost=58375.18..58375.18 rows=53 width=8) (actual time=562.110..562.110 rows=33 loops=1)
        Buckets: 1024  Batches: 1  Memory Usage: 10kB
        ->  Nested Loop  (cost=0.43..58375.18 rows=53 width=8) (actual time=0.444..562.076 rows=33 loops=1)
              ->  Seq Scan on movie_companies mc  (cost=0.00..57926.93 rows=53 width=4) (actual time=0.390..561.152 rows=33 loops=1)
                    Filter: ((company_type_id > 1) AND (company_id = 11370))
                    Rows Removed by Filter: 2609096
              ->  Index Only Scan using title_pkey on title t  (cost=0.43..8.45 rows=1 width=4) (actual time=0.025..0.026 rows=1 loops=33)
                    Index Cond: (id = mc.movie_id)
                    Heap Fetches: 33
Planning time: 1.163 ms
Execution time: 14269.912 ms
