Seq Scan on movie_keyword mk  (cost=0.00..81003.12 rows=246 width=0) (actual time=87.056..1201.193 rows=25 loops=1)
  Filter: (keyword_id = 3789)
  Rows Removed by Filter: 4523905
Planning time: 0.359 ms
Execution time: 1201.300 ms
