Seq Scan on movie_companies mc  (cost=0.00..51404.11 rows=1621105 width=0) (actual time=0.009..937.386 rows=1611690 loops=1)
  Filter: (company_id < 16759)
  Rows Removed by Filter: 997439
Planning time: 0.348 ms
Execution time: 1139.175 ms
