Hash Join  (cost=107248.85..162134.04 rows=21966 width=0) (actual time=1922.116..3385.204 rows=177731 loops=1)
  Hash Cond: (mc.movie_id = t.id)
  ->  Seq Scan on movie_companies mc  (cost=0.00..44881.29 rows=2609129 width=4) (actual time=0.016..677.929 rows=2609129 loops=1)
  ->  Hash  (cost=106982.76..106982.76 rows=21287 width=8) (actual time=1921.861..1921.861 rows=48090 loops=1)
        Buckets: 65536 (originally 32768)  Batches: 1 (originally 1)  Memory Usage: 2391kB
        ->  Hash Join  (cost=75870.49..106982.76 rows=21287 width=8) (actual time=1167.652..1906.165 rows=48090 loops=1)
              Hash Cond: (mi_idx.movie_id = t.id)
              ->  Seq Scan on movie_info_idx mi_idx  (cost=0.00..25185.44 rows=454124 width=4) (actual time=0.035..492.811 rows=459925 loops=1)
                    Filter: (info_type_id = 100)
                    Rows Removed by Filter: 920110
              ->  Hash  (cost=73925.90..73925.90 rows=118527 width=4) (actual time=1166.888..1166.888 rows=217379 loops=1)
                    Buckets: 131072 (originally 131072)  Batches: 4 (originally 2)  Memory Usage: 3073kB
                    ->  Seq Scan on title t  (cost=0.00..73925.90 rows=118527 width=4) (actual time=0.017..1088.153 rows=217379 loops=1)
                          Filter: ((kind_id < 7) AND (production_year < 1965))
                          Rows Removed by Filter: 2310933
Planning time: 4.916 ms
Execution time: 3409.338 ms
