Nested Loop  (cost=0.43..52283.69 rows=104 width=0) (actual time=69.099..861.572 rows=319 loops=1)
  ->  Seq Scan on movie_companies mc  (cost=0.00..51404.11 rows=104 width=4) (actual time=69.005..842.948 rows=319 loops=1)
        Filter: (company_id = 17643)
        Rows Removed by Filter: 2608810
  ->  Index Only Scan using title_pkey on title t  (cost=0.43..8.45 rows=1 width=4) (actual time=0.057..0.057 rows=1 loops=319)
        Index Cond: (id = mc.movie_id)
        Heap Fetches: 319
Planning time: 0.739 ms
Execution time: 861.772 ms
