Seq Scan on cast_info ci  (cost=0.00..705507.15 rows=20349781 width=0) (actual time=0.027..12124.325 rows=20471856 loops=1)
  Filter: (person_id > 1558268)
  Rows Removed by Filter: 15772488
Planning time: 0.297 ms
Execution time: 14620.463 ms
