Hash Join  (cost=102767.86..1603119.50 rows=32621938 width=0) (actual time=1876.822..48381.429 rows=32759086 loops=1)
  Hash Cond: (ci.movie_id = t.id)
  ->  Seq Scan on cast_info ci  (cost=0.00..705507.15 rows=32621938 width=4) (actual time=0.026..16270.123 rows=32759086 loops=1)
        Filter: (person_id > 334326)
        Rows Removed by Filter: 3485258
  ->  Hash  (cost=61283.27..61283.27 rows=2528527 width=4) (actual time=1874.712..1874.712 rows=2528312 loops=1)
        Buckets: 131072  Batches: 64  Memory Usage: 2415kB
        ->  Seq Scan on title t  (cost=0.00..61283.27 rows=2528527 width=4) (actual time=0.022..1032.709 rows=2528312 loops=1)
Planning time: 0.772 ms
Execution time: 52026.985 ms
