Hash Join  (cost=184190.74..677325.98 rows=1249129 width=0) (actual time=3753.133..24184.200 rows=34910378 loops=1)
  Hash Cond: (mi.movie_id = t.id)
  ->  Seq Scan on movie_info mi  (cost=0.00..309384.22 rows=14739122 width=4) (actual time=0.015..5932.533 rows=14835720 loops=1)
  ->  Hash  (cost=180674.10..180674.10 rows=214291 width=8) (actual time=3752.223..3752.223 rows=541556 loops=1)
        Buckets: 131072 (originally 131072)  Batches: 8 (originally 4)  Memory Usage: 3781kB
        ->  Hash Join  (cost=86252.72..180674.10 rows=214291 width=8) (actual time=1451.572..3605.887 rows=541556 loops=1)
              Hash Cond: (mk.movie_id = t.id)
              ->  Seq Scan on movie_keyword mk  (cost=0.00..81003.12 rows=721160 width=4) (actual time=0.016..1332.106 rows=725170 loops=1)
                    Filter: (keyword_id > 25863)
                    Rows Removed by Filter: 3798760
              ->  Hash  (cost=73925.90..73925.90 rows=751345 width=4) (actual time=1450.696..1450.696 rows=793943 loops=1)
                    Buckets: 131072  Batches: 16  Memory Usage: 2779kB
                    ->  Seq Scan on title t  (cost=0.00..73925.90 rows=751345 width=4) (actual time=0.028..1198.540 rows=793943 loops=1)
                          Filter: ((kind_id < 7) AND (production_year < 2010))
                          Rows Removed by Filter: 1734369
Planning time: 1.182 ms
Execution time: 27984.083 ms
