Seq Scan on movie_keyword mk  (cost=0.00..81003.12 rows=246 width=0) (actual time=43.740..1237.226 rows=15 loops=1)
  Filter: (keyword_id = 57210)
  Rows Removed by Filter: 4523915
Planning time: 0.358 ms
Execution time: 1237.330 ms
