Nested Loop  (cost=0.43..709673.15 rows=464 width=0) (actual time=1659.321..10898.069 rows=2 loops=1)
  ->  Seq Scan on cast_info ci  (cost=0.00..705507.15 rows=500 width=4) (actual time=1659.233..10897.910 rows=2 loops=1)
        Filter: (person_id = 795654)
        Rows Removed by Filter: 36244342
  ->  Index Scan using title_pkey on title t  (cost=0.43..8.32 rows=1 width=4) (actual time=0.057..0.058 rows=1 loops=2)
        Index Cond: (id = ci.movie_id)
        Filter: (production_year > 1931)
Planning time: 0.636 ms
Execution time: 10898.165 ms
