Hash Join  (cost=101577.05..160036.79 rows=5898 width=0) (actual time=1868.607..3049.973 rows=15196 loops=1)
  Hash Cond: (mc.movie_id = t.id)
  ->  Seq Scan on movie_companies mc  (cost=0.00..51404.11 rows=1865777 width=4) (actual time=0.020..938.094 rows=1860943 loops=1)
        Filter: (company_id < 37367)
        Rows Removed by Filter: 748186
  ->  Hash  (cost=101477.15..101477.15 rows=7992 width=8) (actual time=1773.753..1773.753 rows=7463 loops=1)
        Buckets: 8192  Batches: 1  Memory Usage: 356kB
        ->  Hash Join  (cost=74469.67..101477.15 rows=7992 width=8) (actual time=1148.940..1770.513 rows=7463 loops=1)
              Hash Cond: (mi_idx.movie_id = t.id)
              ->  Seq Scan on movie_info_idx mi_idx  (cost=0.00..25185.44 rows=464566 width=4) (actual time=0.015..491.997 rows=459925 loops=1)
                    Filter: (info_type_id = 101)
                    Rows Removed by Filter: 920110
              ->  Hash  (cost=73925.90..73925.90 rows=43501 width=4) (actual time=1148.481..1148.481 rows=39560 loops=1)
                    Buckets: 65536  Batches: 1  Memory Usage: 1903kB
                    ->  Seq Scan on title t  (cost=0.00..73925.90 rows=43501 width=4) (actual time=0.018..1132.083 rows=39560 loops=1)
                          Filter: ((kind_id = 1) AND (production_year = 2012))
                          Rows Removed by Filter: 2488752
Planning time: 1.182 ms
Execution time: 3052.595 ms
