Hash Join  (cost=92883.59..245272.84 rows=2106818 width=0) (actual time=3905.528..5266.153 rows=513001 loops=1)
  Hash Cond: (mk.movie_id = t.id)
  ->  Seq Scan on movie_keyword mk  (cost=0.00..81003.12 rows=3457389 width=4) (actual time=0.026..1662.105 rows=3447985 loops=1)
        Filter: (keyword_id > 1078)
        Rows Removed by Filter: 1075945
  ->  Hash  (cost=67604.59..67604.59 rows=1540800 width=4) (actual time=1830.837..1830.837 rows=1543264 loops=1)
        Buckets: 131072  Batches: 32  Memory Usage: 2728kB
        ->  Seq Scan on title t  (cost=0.00..67604.59 rows=1540800 width=4) (actual time=0.016..1321.630 rows=1543264 loops=1)
              Filter: (kind_id = 7)
              Rows Removed by Filter: 985048
Planning time: 0.722 ms
Execution time: 5323.134 ms
