Hash Join  (cost=73990.99..438950.44 rows=30352 width=0) (actual time=1206.638..8827.202 rows=54533 loops=1)
  Hash Cond: (mi.movie_id = t.id)
  ->  Seq Scan on movie_info mi  (cost=0.00..309384.22 rows=14739122 width=4) (actual time=0.019..4253.396 rows=14835720 loops=1)
  ->  Hash  (cost=73925.90..73925.90 rows=5207 width=4) (actual time=1195.285..1195.285 rows=14009 loops=1)
        Buckets: 16384 (originally 8192)  Batches: 1 (originally 1)  Memory Usage: 621kB
        ->  Seq Scan on title t  (cost=0.00..73925.90 rows=5207 width=4) (actual time=0.065..1188.400 rows=14009 loops=1)
              Filter: ((kind_id > 2) AND (production_year = 1988))
              Rows Removed by Filter: 2514303
Planning time: 0.789 ms
Execution time: 8836.747 ms
