Hash Join  (cost=93117.31..170466.28 rows=432815 width=0) (actual time=1732.617..3319.444 rows=321908 loops=1)
  Hash Cond: (mc.movie_id = t.id)
  ->  Seq Scan on movie_companies mc  (cost=0.00..57926.93 rows=703776 width=4) (actual time=0.016..1051.140 rows=443982 loops=1)
        Filter: ((company_id < 11778) AND (company_type_id = 2))
        Rows Removed by Filter: 2165147
  ->  Hash  (cost=67604.59..67604.59 rows=1555018 width=4) (actual time=1731.323..1731.323 rows=1551727 loops=1)
        Buckets: 131072  Batches: 32  Memory Usage: 2728kB
        ->  Seq Scan on title t  (cost=0.00..67604.59 rows=1555018 width=4) (actual time=0.022..1228.669 rows=1551727 loops=1)
              Filter: (production_year < 2007)
              Rows Removed by Filter: 976585
Planning time: 0.773 ms
Execution time: 3358.282 ms
