Nested Loop  (cost=0.43..58358.39 rows=31 width=0) (actual time=106.865..960.222 rows=120 loops=1)
  ->  Seq Scan on movie_companies mc  (cost=0.00..57926.93 rows=51 width=4) (actual time=106.794..949.520 rows=120 loops=1)
        Filter: ((company_type_id < 2) AND (company_id = 18722))
        Rows Removed by Filter: 2609009
  ->  Index Scan using title_pkey on title t  (cost=0.43..8.45 rows=1 width=4) (actual time=0.087..0.087 rows=1 loops=120)
        Index Cond: (id = mc.movie_id)
        Filter: (production_year < 2007)
Planning time: 0.907 ms
Execution time: 960.384 ms
