Hash Join  (cost=666932.52..2458657.00 rows=60556425 width=0) (actual time=15077.031..61658.817 rows=52000167 loops=1)
  Hash Cond: (ci.movie_id = t.id)
  ->  Seq Scan on cast_info ci  (cost=0.00..614943.12 rows=36225612 width=4) (actual time=0.019..14309.075 rows=36244344 loops=1)
  ->  Hash  (cost=597586.47..597586.47 rows=4226804 width=8) (actual time=15075.325..15075.325 rows=2341166 loops=1)
        Buckets: 131072  Batches: 64  Memory Usage: 2413kB
        ->  Hash Join  (cost=91879.05..597586.47 rows=4226804 width=8) (actual time=1992.786..14363.188 rows=2341166 loops=1)
              Hash Cond: (mi.movie_id = t.id)
              ->  Seq Scan on movie_info mi  (cost=0.00..346232.03 rows=9767026 width=4) (actual time=0.017..6803.964 rows=9911754 loops=1)
                    Filter: (info_type_id > 4)
                    Rows Removed by Filter: 4923966
              ->  Hash  (cost=73925.90..73925.90 rows=1094252 width=4) (actual time=1760.787..1760.787 rows=1044222 loops=1)
                    Buckets: 131072  Batches: 16  Memory Usage: 3325kB
                    ->  Seq Scan on title t  (cost=0.00..73925.90 rows=1094252 width=4) (actual time=0.019..1417.975 rows=1044222 loops=1)
                          Filter: ((production_year < 2009) AND (kind_id = 7))
                          Rows Removed by Filter: 1484090
Planning time: 1.133 ms
Execution time: 67446.018 ms
