Hash Join  (cost=450826.12..581314.05 rows=493614 width=0) (actual time=7843.843..11954.667 rows=2432486 loops=1)
  Hash Cond: (mk.movie_id = t.id)
  ->  Seq Scan on movie_keyword mk  (cost=0.00..81003.12 rows=3739910 width=4) (actual time=0.028..1690.972 rows=3733252 loops=1)
        Filter: (keyword_id < 23692)
        Rows Removed by Filter: 790678
  ->  Hash  (cost=445350.51..445350.51 rows=333729 width=8) (actual time=7843.031..7843.031 rows=625110 loops=1)
        Buckets: 131072  Batches: 8  Memory Usage: 4088kB
        ->  Hash Join  (cost=78556.72..445350.51 rows=333729 width=8) (actual time=1885.627..7638.041 rows=625110 loops=1)
              Hash Cond: (mi.movie_id = t.id)
              ->  Seq Scan on movie_info mi  (cost=0.00..346232.03 rows=1264125 width=4) (actual time=306.671..5408.758 rows=1288928 loops=1)
                    Filter: (info_type_id = 2)
                    Rows Removed by Filter: 13546792
              ->  Hash  (cost=67604.59..67604.59 rows=667531 width=4) (actual time=1249.813..1249.813 rows=662825 loops=1)
                    Buckets: 131072  Batches: 16  Memory Usage: 2485kB
                    ->  Seq Scan on title t  (cost=0.00..67604.59 rows=667531 width=4) (actual time=48.460..1040.207 rows=662825 loops=1)
                          Filter: (kind_id = 1)
                          Rows Removed by Filter: 1865487
Planning time: 1.196 ms
Execution time: 12219.795 ms
