Hash Join  (cost=300909.23..982410.81 rows=15449384 width=0) (actual time=6684.041..51188.095 rows=144228085 loops=1)
  Hash Cond: (mi.movie_id = t.id)
  ->  Seq Scan on movie_info mi  (cost=0.00..309384.22 rows=14739122 width=4) (actual time=0.017..6205.723 rows=14835720 loops=1)
  ->  Hash  (cost=257425.56..257425.56 rows=2650374 width=8) (actual time=6681.657..6681.657 rows=2642837 loops=1)
        Buckets: 131072  Batches: 64  Memory Usage: 2741kB
        ->  Hash Join  (cost=102767.86..257425.56 rows=2650374 width=8) (actual time=2015.462..5927.335 rows=2642837 loops=1)
              Hash Cond: (mk.movie_id = t.id)
              ->  Seq Scan on movie_keyword mk  (cost=0.00..81003.12 rows=2650374 width=4) (actual time=0.021..1582.985 rows=2642837 loops=1)
                    Filter: (keyword_id > 3218)
                    Rows Removed by Filter: 1881093
              ->  Hash  (cost=61283.27..61283.27 rows=2528527 width=4) (actual time=2014.631..2014.631 rows=2528312 loops=1)
                    Buckets: 131072  Batches: 64  Memory Usage: 2425kB
                    ->  Seq Scan on title t  (cost=0.00..61283.27 rows=2528527 width=4) (actual time=0.024..1124.109 rows=2528312 loops=1)
Planning time: 1.083 ms
Execution time: 65901.889 ms
