Hash Join  (cost=169869.76..224772.34 rows=23706 width=0) (actual time=2882.680..4350.543 rows=75949 loops=1)
  Hash Cond: (mc.movie_id = t.id)
  ->  Seq Scan on movie_companies mc  (cost=0.00..44881.29 rows=2609129 width=4) (actual time=0.020..667.285 rows=2609129 loops=1)
  ->  Hash  (cost=169582.58..169582.58 rows=22974 width=8) (actual time=2882.400..2882.400 rows=58448 loops=1)
        Buckets: 65536 (originally 32768)  Batches: 1 (originally 1)  Memory Usage: 2796kB
        ->  Hash Join  (cost=83810.17..169582.58 rows=22974 width=8) (actual time=1377.640..2859.891 rows=58448 loops=1)
              Hash Cond: (mk.movie_id = t.id)
              ->  Seq Scan on movie_keyword mk  (cost=0.00..81003.12 rows=58811 width=4) (actual time=0.104..1252.582 rows=58448 loops=1)
                    Filter: (keyword_id = 16264)
                    Rows Removed by Filter: 4465482
              ->  Hash  (cost=67604.59..67604.59 rows=987727 width=4) (actual time=1376.680..1376.680 rows=985048 loops=1)
                    Buckets: 131072  Batches: 16  Memory Usage: 3197kB
                    ->  Seq Scan on title t  (cost=0.00..67604.59 rows=987727 width=4) (actual time=0.015..1071.425 rows=985048 loops=1)
                          Filter: (kind_id < 7)
                          Rows Removed by Filter: 1543264
Planning time: 1.366 ms
Execution time: 4361.325 ms
