Hash Join  (cost=156487.41..1076477.14 rows=2896687 width=0) (actual time=3571.966..28386.698 rows=6204947 loops=1)
  Hash Cond: (ci.movie_id = t.id)
  ->  Seq Scan on cast_info ci  (cost=0.00..705507.15 rows=15888723 width=4) (actual time=216.257..14305.641 rows=15786533 loops=1)
        Filter: (person_id < 1559699)
        Rows Removed by Filter: 20457811
  ->  Hash  (cost=148924.19..148924.19 rows=460978 width=8) (actual time=3352.127..3352.127 rows=459925 loops=1)
        Buckets: 131072  Batches: 8  Memory Usage: 3275kB
        ->  Hash Join  (cost=102767.86..148924.19 rows=460978 width=8) (actual time=1895.546..3212.442 rows=459925 loops=1)
              Hash Cond: (mi_idx.movie_id = t.id)
              ->  Seq Scan on movie_info_idx mi_idx  (cost=0.00..25185.44 rows=460978 width=4) (actual time=0.022..496.553 rows=459925 loops=1)
                    Filter: (info_type_id < 100)
                    Rows Removed by Filter: 920110
              ->  Hash  (cost=61283.27..61283.27 rows=2528527 width=4) (actual time=1894.066..1894.066 rows=2528312 loops=1)
                    Buckets: 131072  Batches: 64  Memory Usage: 2415kB
                    ->  Seq Scan on title t  (cost=0.00..61283.27 rows=2528527 width=4) (actual time=0.014..1068.027 rows=2528312 loops=1)
Planning time: 1.763 ms
Execution time: 29148.251 ms
