Hash Join  (cost=80874.21..520359.69 rows=1952198 width=0) (actual time=2462.595..12758.653 rows=2137088 loops=1)
  Hash Cond: (mi.movie_id = t.id)
  ->  Seq Scan on movie_info mi  (cost=0.00..346232.03 rows=6103325 width=4) (actual time=873.976..6298.771 rows=6083429 loops=1)
        Filter: (info_type_id > 9)
        Rows Removed by Filter: 8752291
  ->  Hash  (cost=67604.59..67604.59 rows=808770 width=4) (actual time=1587.572..1587.572 rows=812704 loops=1)
        Buckets: 131072  Batches: 16  Memory Usage: 2819kB
        ->  Seq Scan on title t  (cost=0.00..67604.59 rows=808770 width=4) (actual time=0.026..1309.310 rows=812704 loops=1)
              Filter: (production_year < 1995)
              Rows Removed by Filter: 1715608
Planning time: 0.759 ms
Execution time: 13002.023 ms
