Hash Join  (cost=709675.59..736587.13 rows=106 width=0) (actual time=10907.241..11370.615 rows=82 loops=1)
  Hash Cond: (mi_idx.movie_id = t.id)
  ->  Seq Scan on movie_info_idx mi_idx  (cost=0.00..21735.35 rows=1380035 width=4) (actual time=0.023..346.726 rows=1380035 loops=1)
  ->  Hash  (cost=709673.15..709673.15 rows=195 width=8) (actual time=10786.702..10786.702 rows=27 loops=1)
        Buckets: 1024  Batches: 1  Memory Usage: 10kB
        ->  Nested Loop  (cost=0.43..709673.15 rows=195 width=8) (actual time=4361.378..10786.661 rows=27 loops=1)
              ->  Seq Scan on cast_info ci  (cost=0.00..705507.15 rows=500 width=4) (actual time=4361.304..10783.469 rows=99 loops=1)
                    Filter: (person_id = 2703753)
                    Rows Removed by Filter: 36244245
              ->  Index Scan using title_pkey on title t  (cost=0.43..8.32 rows=1 width=4) (actual time=0.031..0.031 rows=0 loops=99)
                    Index Cond: (id = ci.movie_id)
                    Filter: (kind_id < 7)
                    Rows Removed by Filter: 1
Planning time: 1.229 ms
Execution time: 11370.786 ms
