Hash Join  (cost=89762.59..232100.85 rows=1771314 width=0) (actual time=1503.010..5553.869 rows=2262868 loops=1)
  Hash Cond: (mk.movie_id = t.id)
  ->  Seq Scan on movie_keyword mk  (cost=0.00..81003.12 rows=3316265 width=4) (actual time=0.017..1772.761 rows=3306580 loops=1)
        Filter: (keyword_id < 15001)
        Rows Removed by Filter: 1217350
  ->  Hash  (cost=67604.59..67604.59 rows=1350560 width=4) (actual time=1501.873..1501.873 rows=1348293 loops=1)
        Buckets: 131072  Batches: 32  Memory Usage: 2513kB
        ->  Seq Scan on title t  (cost=0.00..67604.59 rows=1350560 width=4) (actual time=0.006..1074.312 rows=1348293 loops=1)
              Filter: (production_year < 2005)
              Rows Removed by Filter: 1180019
Planning time: 0.846 ms
Execution time: 5823.150 ms
