Seq Scan on movie_keyword mk  (cost=0.00..81003.12 rows=1582895 width=0) (actual time=0.032..1494.392 rows=1588096 loops=1)
  Filter: (keyword_id < 2438)
  Rows Removed by Filter: 2935834
Planning time: 0.313 ms
Execution time: 1692.368 ms
