Hash Join  (cost=102767.86..889158.03 rows=2950832 width=0) (actual time=1832.575..16064.340 rows=2885155 loops=1)
  Hash Cond: (ci.movie_id = t.id)
  ->  Seq Scan on cast_info ci  (cost=0.00..705507.15 rows=2950832 width=4) (actual time=0.030..11555.627 rows=2885155 loops=1)
        Filter: (person_id < 280528)
        Rows Removed by Filter: 33359189
  ->  Hash  (cost=61283.27..61283.27 rows=2528527 width=4) (actual time=1831.377..1831.377 rows=2528312 loops=1)
        Buckets: 131072  Batches: 64  Memory Usage: 2415kB
        ->  Seq Scan on title t  (cost=0.00..61283.27 rows=2528527 width=4) (actual time=0.017..1003.005 rows=2528312 loops=1)
Planning time: 1.153 ms
Execution time: 16383.818 ms
