Nested Loop  (cost=0.43..709671.90 rows=500 width=0) (actual time=8953.516..10953.032 rows=77 loops=1)
  ->  Seq Scan on cast_info ci  (cost=0.00..705507.15 rows=500 width=4) (actual time=8953.427..10951.744 rows=77 loops=1)
        Filter: (person_id = 1710826)
        Rows Removed by Filter: 36244267
  ->  Index Only Scan using title_pkey on title t  (cost=0.43..8.32 rows=1 width=4) (actual time=0.016..0.016 rows=1 loops=77)
        Index Cond: (id = ci.movie_id)
        Heap Fetches: 77
Planning time: 0.828 ms
Execution time: 10953.127 ms
