Nested Loop  (cost=0.43..755831.85 rows=259 width=0) (actual time=5655.999..11359.215 rows=134 loops=1)
  ->  Seq Scan on cast_info ci  (cost=0.00..705507.15 rows=7245 width=4) (actual time=1837.283..11243.646 rows=6516 loops=1)
        Filter: (person_id = 1663347)
        Rows Removed by Filter: 36237828
  ->  Index Scan using title_pkey on title t  (cost=0.43..6.94 rows=1 width=4) (actual time=0.017..0.017 rows=0 loops=6516)
        Index Cond: (id = ci.movie_id)
        Filter: (kind_id = 2)
        Rows Removed by Filter: 1
Planning time: 0.808 ms
Execution time: 11359.405 ms
