Hash Join  (cost=70592.26..102067.63 rows=32697 width=0) (actual time=1035.729..1652.576 rows=31525 loops=1)
  Hash Cond: (mi_idx.movie_id = t.id)
  ->  Seq Scan on movie_info_idx mi_idx  (cost=0.00..25185.44 rows=454124 width=4) (actual time=0.019..392.793 rows=459925 loops=1)
        Filter: (info_type_id = 100)
        Rows Removed by Filter: 920110
  ->  Hash  (cost=67604.59..67604.59 rows=182054 width=4) (actual time=1032.283..1032.283 rows=180956 loops=1)
        Buckets: 131072  Batches: 4  Memory Usage: 2612kB
        ->  Seq Scan on title t  (cost=0.00..67604.59 rows=182054 width=4) (actual time=0.024..973.641 rows=180956 loops=1)
              Filter: (production_year < 1953)
              Rows Removed by Filter: 2347356
Planning time: 0.705 ms
Execution time: 1657.313 ms
