Hash Join  (cost=69687.24..151358.91 rows=715 width=0) (actual time=1123.577..2582.126 rows=460 loops=1)
  Hash Cond: (mk.movie_id = t.id)
  ->  Seq Scan on movie_keyword mk  (cost=0.00..81003.12 rows=14239 width=4) (actual time=0.255..977.610 rows=14373 loops=1)
        Filter: (keyword_id < 3)
        Rows Removed by Filter: 4509557
  ->  Hash  (cost=67604.59..67604.59 rows=126932 width=4) (actual time=1121.920..1121.920 rows=122861 loops=1)
        Buckets: 131072  Batches: 2  Memory Usage: 3197kB
        ->  Seq Scan on title t  (cost=0.00..67604.59 rows=126932 width=4) (actual time=0.017..1073.992 rows=122861 loops=1)
              Filter: (production_year = 2008)
              Rows Removed by Filter: 2405451
Planning time: 0.701 ms
Execution time: 2582.348 ms
