Hash Join  (cost=283635.21..421611.00 rows=1424026 width=184) (actual time=2008.563..3756.574 rows=4073078 loops=1)
  Hash Cond: (mc.movie_id = t.id)
  ->  Seq Scan on movie_companies mc  (cost=0.00..44881.29 rows=2609129 width=40) (actual time=0.019..195.851 rows=2609129 loops=1)
  ->  Hash  (cost=238082.78..238082.78 rows=1380035 width=144) (actual time=2007.881..2007.881 rows=1380035 loops=1)
        Buckets: 32768  Batches: 64  Memory Usage: 3094kB
        ->  Hash Join  (cost=129928.86..238082.78 rows=1380035 width=144) (actual time=697.069..1634.062 rows=1380035 loops=1)
              Hash Cond: (mi_idx.movie_id = t.id)
              ->  Seq Scan on movie_info_idx mi_idx  (cost=0.00..21735.35 rows=1380035 width=50) (actual time=0.010..99.297 rows=1380035 loops=1)
              ->  Hash  (cost=61283.27..61283.27 rows=2528527 width=94) (actual time=696.785..696.785 rows=2528312 loops=1)
                    Buckets: 32768  Batches: 128  Memory Usage: 2453kB
                    ->  Seq Scan on title t  (cost=0.00..61283.27 rows=2528527 width=94) (actual time=0.009..258.241 rows=2528312 loops=1)
Planning time: 0.695 ms
Execution time: 3862.615 ms
