Hash Join  (cost=446913.96..1394933.76 rows=1468808 width=0) (actual time=18806.210..40971.971 rows=16549698 loops=1)
  Hash Cond: (ci.movie_id = t.id)
  ->  Seq Scan on cast_info ci  (cost=0.00..705507.15 rows=12726058 width=4) (actual time=4652.713..14062.580 rows=12670688 loops=1)
        Filter: (role_id = 1)
        Rows Removed by Filter: 23573656
  ->  Hash  (cost=442126.01..442126.01 rows=291836 width=8) (actual time=13518.729..13518.729 rows=2047132 loops=1)
        Buckets: 131072 (originally 131072)  Batches: 32 (originally 4)  Memory Usage: 3482kB
        ->  Hash Join  (cost=74551.72..442126.01 rows=291836 width=8) (actual time=1245.808..12853.558 rows=2047132 loops=1)
              Hash Cond: (mi.movie_id = t.id)
              ->  Seq Scan on movie_info mi  (cost=0.00..309384.22 rows=14739122 width=4) (actual time=0.020..4596.767 rows=14835720 loops=1)
              ->  Hash  (cost=73925.90..73925.90 rows=50065 width=4) (actual time=1125.097..1125.097 rows=171686 loops=1)
                    Buckets: 131072 (originally 65536)  Batches: 2 (originally 1)  Memory Usage: 4044kB
                    ->  Seq Scan on title t  (cost=0.00..73925.90 rows=50065 width=4) (actual time=372.236..1060.660 rows=171686 loops=1)
                          Filter: ((production_year < 1954) AND (kind_id = 1))
                          Rows Removed by Filter: 2356626
Planning time: 1.173 ms
Execution time: 42778.275 ms
