Hash Join  (cost=171215.47..1027058.27 rows=854365 width=0) (actual time=3334.662..23644.685 rows=1692655 loops=1)
  Hash Cond: (ci.movie_id = t.id)
  ->  Seq Scan on cast_info ci  (cost=0.00..705507.15 rows=12203201 width=4) (actual time=0.026..13834.349 rows=12113646 loops=1)
        Filter: (role_id > 3)
        Rows Removed by Filter: 24130698
  ->  Hash  (cost=168310.64..168310.64 rows=177026 width=8) (actual time=3332.851..3332.851 rows=177436 loops=1)
        Buckets: 131072  Batches: 4  Memory Usage: 2763kB
        ->  Hash Join  (cost=102767.86..168310.64 rows=177026 width=8) (actual time=1939.531..3277.294 rows=177436 loops=1)
              Hash Cond: (mc.movie_id = t.id)
              ->  Seq Scan on movie_companies mc  (cost=0.00..51404.11 rows=177026 width=4) (actual time=0.028..764.618 rows=177436 loops=1)
                    Filter: (company_id > 121222)
                    Rows Removed by Filter: 2431693
              ->  Hash  (cost=61283.27..61283.27 rows=2528527 width=4) (actual time=1938.043..1938.043 rows=2528312 loops=1)
                    Buckets: 131072  Batches: 64  Memory Usage: 2415kB
                    ->  Seq Scan on title t  (cost=0.00..61283.27 rows=2528527 width=4) (actual time=0.015..1080.338 rows=2528312 loops=1)
Planning time: 1.200 ms
Execution time: 23854.295 ms
