Hash Join  (cost=28267.46..114926.55 rows=106 width=0) (actual time=527.230..2176.971 rows=11665 loops=1)
  Hash Cond: (mk.movie_id = t.id)
  ->  Seq Scan on movie_keyword mk  (cost=0.00..69693.30 rows=4523930 width=4) (actual time=0.023..983.940 rows=4523930 loops=1)
  ->  Hash  (cost=28266.72..28266.72 rows=59 width=8) (actual time=433.692..433.692 rows=85 loops=1)
        Buckets: 1024  Batches: 1  Memory Usage: 12kB
        ->  Nested Loop  (cost=0.43..28266.72 rows=59 width=8) (actual time=385.118..433.628 rows=85 loops=1)
              ->  Seq Scan on movie_info_idx mi_idx  (cost=0.00..25185.44 rows=368 width=4) (actual time=384.898..428.362 rows=260 loops=1)
                    Filter: (info_type_id > 101)
                    Rows Removed by Filter: 1379775
              ->  Index Scan using title_pkey on title t  (cost=0.43..8.36 rows=1 width=4) (actual time=0.020..0.020 rows=0 loops=260)
                    Index Cond: (id = mi_idx.movie_id)
                    Filter: (production_year < 1972)
                    Rows Removed by Filter: 1
Planning time: 1.082 ms
Execution time: 2178.634 ms
