Hash Join  (cost=74545.71..158157.14 rows=12962 width=0) (actual time=1205.375..2719.701 rows=23740 loops=1)
  Hash Cond: (mk.movie_id = t.id)
  ->  Seq Scan on movie_keyword mk  (cost=0.00..81003.12 rows=660984 width=4) (actual time=0.015..1376.923 rows=667642 loops=1)
        Filter: (keyword_id > 28070)
        Rows Removed by Filter: 3856288
  ->  Hash  (cost=73925.90..73925.90 rows=49584 width=4) (actual time=1204.948..1204.948 rows=38752 loops=1)
        Buckets: 65536  Batches: 1  Memory Usage: 1875kB
        ->  Seq Scan on title t  (cost=0.00..73925.90 rows=49584 width=4) (actual time=0.019..1188.509 rows=38752 loops=1)
              Filter: ((kind_id < 7) AND (production_year = 2008))
              Rows Removed by Filter: 2489560
Planning time: 0.857 ms
Execution time: 2723.584 ms
