Hash Join  (cost=799707.63..886373.45 rows=778 width=0) (actual time=14600.147..16348.669 rows=221 loops=1)
  Hash Cond: (mk.movie_id = t.id)
  ->  Seq Scan on movie_keyword mk  (cost=0.00..69693.30 rows=4523930 width=4) (actual time=0.017..1033.939 rows=4523930 loops=1)
  ->  Hash  (cost=799702.19..799702.19 rows=435 width=8) (actual time=14533.133..14533.133 rows=37 loops=1)
        Buckets: 1024  Batches: 1  Memory Usage: 10kB
        ->  Nested Loop  (cost=0.43..799702.19 rows=435 width=8) (actual time=4621.926..14533.090 rows=37 loops=1)
              ->  Seq Scan on cast_info ci  (cost=0.00..796071.18 rows=435 width=4) (actual time=4621.819..14531.990 rows=37 loops=1)
                    Filter: ((role_id < 10) AND (person_id = 1082588))
                    Rows Removed by Filter: 36244307
              ->  Index Only Scan using title_pkey on title t  (cost=0.43..8.34 rows=1 width=4) (actual time=0.026..0.027 rows=1 loops=37)
                    Index Cond: (id = ci.movie_id)
                    Heap Fetches: 37
Planning time: 1.139 ms
Execution time: 16348.814 ms
