Hash Join  (cost=28270.40..117871.68 rows=334 width=0) (actual time=431.136..2293.082 rows=17131 loops=1)
  Hash Cond: (mk.movie_id = t.id)
  ->  Seq Scan on movie_keyword mk  (cost=0.00..81003.12 rows=2291951 width=4) (actual time=0.034..1529.555 rows=2293383 loops=1)
        Filter: (keyword_id < 4901)
        Rows Removed by Filter: 2230547
  ->  Hash  (cost=28265.80..28265.80 rows=368 width=8) (actual time=427.938..427.938 rows=260 loops=1)
        Buckets: 1024  Batches: 1  Memory Usage: 19kB
        ->  Nested Loop  (cost=0.43..28265.80 rows=368 width=8) (actual time=373.575..427.814 rows=260 loops=1)
              ->  Seq Scan on movie_info_idx mi_idx  (cost=0.00..25185.44 rows=368 width=4) (actual time=373.477..418.922 rows=260 loops=1)
                    Filter: (info_type_id > 101)
                    Rows Removed by Filter: 1379775
              ->  Index Only Scan using title_pkey on title t  (cost=0.43..8.36 rows=1 width=4) (actual time=0.033..0.033 rows=1 loops=260)
                    Index Cond: (id = mi_idx.movie_id)
                    Heap Fetches: 260
Planning time: 1.214 ms
Execution time: 2295.453 ms
