Hash Join  (cost=74449.67..593136.20 rows=2133282 width=0) (actual time=1272.700..14918.768 rows=3408836 loops=1)
  Hash Cond: (mi.movie_id = t.id)
  ->  Seq Scan on movie_info mi  (cost=0.00..346232.03 rows=12928982 width=4) (actual time=0.015..7090.385 rows=12970088 loops=1)
        Filter: (info_type_id < 18)
        Rows Removed by Filter: 1865632
  ->  Hash  (cost=67604.59..67604.59 rows=417207 width=4) (actual time=1267.766..1267.766 rows=409495 loops=1)
        Buckets: 131072  Batches: 8  Memory Usage: 2827kB
        ->  Seq Scan on title t  (cost=0.00..67604.59 rows=417207 width=4) (actual time=0.033..1127.806 rows=409495 loops=1)
              Filter: (production_year < 1973)
              Rows Removed by Filter: 2118817
Planning time: 0.886 ms
Execution time: 15279.884 ms
