Hash Join  (cost=210191.54..357046.81 rows=2039923 width=0) (actual time=4652.744..10693.875 rows=11478118 loops=1)
  Hash Cond: (mk.movie_id = t.id)
  ->  Seq Scan on movie_keyword mk  (cost=0.00..69693.30 rows=4523930 width=4) (actual time=0.018..1400.611 rows=4523930 loops=1)
  ->  Hash  (cost=191485.55..191485.55 rows=1140159 width=8) (actual time=4651.930..4651.930 rows=1147798 loops=1)
        Buckets: 131072  Batches: 16  Memory Usage: 3861kB
        ->  Hash Join  (cost=102767.86..191485.55 rows=1140159 width=8) (actual time=1900.842..4296.331 rows=1147798 loops=1)
              Hash Cond: (mc.movie_id = t.id)
              ->  Seq Scan on movie_companies mc  (cost=0.00..51404.11 rows=1140159 width=4) (actual time=0.099..975.914 rows=1147798 loops=1)
                    Filter: (company_id > 13146)
                    Rows Removed by Filter: 1461331
              ->  Hash  (cost=61283.27..61283.27 rows=2528527 width=4) (actual time=1899.284..1899.284 rows=2528312 loops=1)
                    Buckets: 131072  Batches: 64  Memory Usage: 2415kB
                    ->  Seq Scan on title t  (cost=0.00..61283.27 rows=2528527 width=4) (actual time=0.015..1066.550 rows=2528312 loops=1)
Planning time: 1.195 ms
Execution time: 11960.167 ms
