Hash Join  (cost=113204.26..168544.94 rows=67515 width=0) (actual time=1833.324..3789.918 rows=545245 loops=1)
  Hash Cond: (mc.movie_id = t.id)
  ->  Seq Scan on movie_companies mc  (cost=0.00..44881.29 rows=2609129 width=4) (actual time=0.024..653.304 rows=2609129 loops=1)
  ->  Hash  (cost=112386.40..112386.40 rows=65429 width=8) (actual time=1832.845..1832.845 rows=152003 loops=1)
        Buckets: 131072 (originally 65536)  Batches: 2 (originally 1)  Memory Usage: 4001kB
        ->  Hash Join  (cost=79814.01..112386.40 rows=65429 width=8) (actual time=925.083..1774.730 rows=152003 loops=1)
              Hash Cond: (mi_idx.movie_id = t.id)
              ->  Seq Scan on movie_info_idx mi_idx  (cost=0.00..25185.44 rows=460978 width=4) (actual time=0.025..476.882 rows=459925 loops=1)
                    Filter: (info_type_id = 99)
                    Rows Removed by Filter: 920110
              ->  Hash  (cost=73925.90..73925.90 rows=358888 width=4) (actual time=924.303..924.303 rows=447524 loops=1)
                    Buckets: 131072  Batches: 8  Memory Usage: 3002kB
                    ->  Seq Scan on title t  (cost=0.00..73925.90 rows=358888 width=4) (actual time=0.017..799.082 rows=447524 loops=1)
                          Filter: ((kind_id < 3) AND (production_year < 2003))
                          Rows Removed by Filter: 2080788
Planning time: 1.262 ms
Execution time: 3857.657 ms
