Seq Scan on title t  (cost=0.00..73925.90 rows=735677 width=0) (actual time=0.015..1097.082 rows=630050 loops=1)
  Filter: ((kind_id < 4) AND (production_year > 1964))
  Rows Removed by Filter: 1898262
Planning time: 0.261 ms
Execution time: 1177.205 ms
