Hash Join  (cost=263115.61..431823.34 rows=3280492 width=0) (actual time=6205.922..14805.290 rows=25218574 loops=1)
  Hash Cond: (mk.movie_id = t.id)
  ->  Seq Scan on movie_keyword mk  (cost=0.00..81003.12 rows=3179150 width=4) (actual time=0.023..1677.199 rows=3158860 loops=1)
        Filter: (keyword_id > 1780)
        Rows Removed by Filter: 1365070
  ->  Hash  (cost=220309.49..220309.49 rows=2609129 width=8) (actual time=6204.164..6204.164 rows=2609129 loops=1)
        Buckets: 131072  Batches: 64  Memory Usage: 2691kB
        ->  Hash Join  (cost=102767.86..220309.49 rows=2609129 width=8) (actual time=1932.070..5458.949 rows=2609129 loops=1)
              Hash Cond: (mc.movie_id = t.id)
              ->  Seq Scan on movie_companies mc  (cost=0.00..44881.29 rows=2609129 width=4) (actual time=0.024..953.794 rows=2609129 loops=1)
              ->  Hash  (cost=61283.27..61283.27 rows=2528527 width=4) (actual time=1930.924..1930.924 rows=2528312 loops=1)
                    Buckets: 131072  Batches: 64  Memory Usage: 2415kB
                    ->  Seq Scan on title t  (cost=0.00..61283.27 rows=2528527 width=4) (actual time=0.023..1094.513 rows=2528312 loops=1)
Planning time: 1.088 ms
Execution time: 17440.263 ms
