Seq Scan on movie_keyword mk  (cost=0.00..81003.12 rows=246 width=0) (actual time=9.690..1281.544 rows=123 loops=1)
  Filter: (keyword_id = 33802)
  Rows Removed by Filter: 4523807
Planning time: 0.329 ms
Execution time: 1281.732 ms
