Hash Join  (cost=797557.49..824468.56 rows=59 width=0) (actual time=10807.551..11297.816 rows=108 loops=1)
  Hash Cond: (mi_idx.movie_id = t.id)
  ->  Seq Scan on movie_info_idx mi_idx  (cost=0.00..21735.35 rows=1380035 width=4) (actual time=0.014..308.016 rows=1380035 loops=1)
  ->  Hash  (cost=797556.14..797556.14 rows=108 width=8) (actual time=10745.846..10745.846 rows=55 loops=1)
        Buckets: 1024  Batches: 1  Memory Usage: 11kB
        ->  Nested Loop  (cost=0.43..797556.14 rows=108 width=8) (actual time=1090.033..10745.805 rows=55 loops=1)
              ->  Seq Scan on cast_info ci  (cost=0.00..796071.18 rows=176 width=4) (actual time=1089.942..10732.939 rows=169 loops=1)
                    Filter: ((person_id = 307818) AND (role_id = 1))
                    Rows Removed by Filter: 36244175
              ->  Index Scan using title_pkey on title t  (cost=0.43..8.43 rows=1 width=4) (actual time=0.075..0.075 rows=0 loops=169)
                    Index Cond: (id = ci.movie_id)
                    Filter: (production_year < 2007)
                    Rows Removed by Filter: 1
Planning time: 1.995 ms
Execution time: 11297.987 ms
