Hash Join  (cost=486642.54..1659814.30 rows=13566862 width=0) (actual time=8838.046..55228.846 rows=48793190 loops=1)
  Hash Cond: (ci.movie_id = t.id)
  ->  Seq Scan on cast_info ci  (cost=0.00..614943.12 rows=36225612 width=4) (actual time=0.020..12652.592 rows=36244344 loops=1)
  ->  Hash  (cost=471105.55..471105.55 rows=946959 width=8) (actual time=8836.995..8836.995 rows=897978 loops=1)
        Buckets: 131072  Batches: 16  Memory Usage: 3190kB
        ->  Hash Join  (cost=89299.55..471105.55 rows=946959 width=8) (actual time=2227.481..8612.050 rows=897978 loops=1)
              Hash Cond: (mi.movie_id = t.id)
              ->  Seq Scan on movie_info mi  (cost=0.00..346232.03 rows=1810770 width=4) (actual time=482.905..5528.496 rows=1865632 loops=1)
                    Filter: (info_type_id > 17)
                    Rows Removed by Filter: 12970088
              ->  Hash  (cost=67604.59..67604.59 rows=1322317 width=4) (actual time=1743.696..1743.696 rows=1322863 loops=1)
                    Buckets: 131072  Batches: 32  Memory Usage: 2488kB
                    ->  Seq Scan on title t  (cost=0.00..67604.59 rows=1322317 width=4) (actual time=0.027..1292.076 rows=1322863 loops=1)
                          Filter: (production_year > 2001)
                          Rows Removed by Filter: 1205449
Planning time: 1.074 ms
Execution time: 60810.699 ms
