Hash Join  (cost=213293.24..598187.06 rows=916199 width=0) (actual time=6600.524..14113.653 rows=14654049 loops=1)
  Hash Cond: (mi.movie_id = t.id)
  ->  Seq Scan on movie_info mi  (cost=0.00..346232.03 rows=2194617 width=4) (actual time=2067.150..5198.769 rows=2233850 loops=1)
        Filter: (info_type_id > 16)
        Rows Removed by Filter: 12601870
  ->  Hash  (cost=195974.26..195974.26 rows=1055598 width=8) (actual time=4492.918..4492.918 rows=932059 loops=1)
        Buckets: 131072  Batches: 16  Memory Usage: 3354kB
        ->  Hash Join  (cost=102767.86..195974.26 rows=1055598 width=8) (actual time=1874.790..4223.119 rows=932059 loops=1)
              Hash Cond: (mc.movie_id = t.id)
              ->  Seq Scan on movie_companies mc  (cost=0.00..57926.93 rows=1055598 width=4) (actual time=0.040..1199.024 rows=932059 loops=1)
                    Filter: ((company_id > 376) AND (company_type_id < 2))
                    Rows Removed by Filter: 1677070
              ->  Hash  (cost=61283.27..61283.27 rows=2528527 width=4) (actual time=1872.892..1872.892 rows=2528312 loops=1)
                    Buckets: 131072  Batches: 64  Memory Usage: 2415kB
                    ->  Seq Scan on title t  (cost=0.00..61283.27 rows=2528527 width=4) (actual time=0.020..1022.484 rows=2528312 loops=1)
Planning time: 1.171 ms
Execution time: 15704.368 ms
