Hash Join  (cost=95374.74..813521.75 rows=12286 width=0) (actual time=1713.527..13649.819 rows=28283 loops=1)
  Hash Cond: (ci.movie_id = t.id)
  ->  Seq Scan on cast_info ci  (cost=0.00..705507.15 rows=3337865 width=4) (actual time=0.028..11204.893 rows=3218842 loops=1)
        Filter: (person_id < 311384)
        Rows Removed by Filter: 33025502
  ->  Hash  (cost=95258.40..95258.40 rows=9307 width=8) (actual time=1712.822..1712.822 rows=10472 loops=1)
        Buckets: 16384  Batches: 1  Memory Usage: 538kB
        ->  Hash Join  (cost=68237.77..95258.40 rows=9307 width=8) (actual time=1080.036..1708.081 rows=10472 loops=1)
              Hash Cond: (mi_idx.movie_id = t.id)
              ->  Seq Scan on movie_info_idx mi_idx  (cost=0.00..25185.44 rows=464566 width=4) (actual time=0.030..474.271 rows=459925 loops=1)
                    Filter: (info_type_id = 101)
                    Rows Removed by Filter: 920110
              ->  Hash  (cost=67604.59..67604.59 rows=50655 width=4) (actual time=1079.659..1079.659 rows=50564 loops=1)
                    Buckets: 65536  Batches: 1  Memory Usage: 2290kB
                    ->  Seq Scan on title t  (cost=0.00..67604.59 rows=50655 width=4) (actual time=0.023..1058.691 rows=50564 loops=1)
                          Filter: (production_year = 1999)
                          Rows Removed by Filter: 2477748
Planning time: 7.652 ms
Execution time: 13655.083 ms
