Hash Join  (cost=73987.23..424584.90 rows=2247 width=0) (actual time=4457.462..6511.566 rows=1427 loops=1)
  Hash Cond: (mi.movie_id = t.id)
  ->  Seq Scan on movie_info mi  (cost=0.00..346232.03 rows=1158179 width=4) (actual time=3110.374..5062.901 rows=1204709 loops=1)
        Filter: (info_type_id > 18)
        Rows Removed by Filter: 13631011
  ->  Hash  (cost=73925.90..73925.90 rows=4906 width=4) (actual time=1232.805..1232.805 rows=8422 loops=1)
        Buckets: 16384 (originally 8192)  Batches: 1 (originally 1)  Memory Usage: 425kB
        ->  Seq Scan on title t  (cost=0.00..73925.90 rows=4906 width=4) (actual time=0.182..1228.489 rows=8422 loops=1)
              Filter: ((kind_id > 3) AND (production_year = 1966))
              Rows Removed by Filter: 2519890
Planning time: 0.780 ms
Execution time: 6511.974 ms
