Seq Scan on movie_companies mc  (cost=0.00..51404.11 rows=104 width=0) (actual time=1.208..740.922 rows=2018 loops=1)
  Filter: (company_id = 436)
  Rows Removed by Filter: 2607111
Planning time: 10.364 ms
Execution time: 741.355 ms
