Hash Join  (cost=118941.10..984802.01 rows=471167 width=0) (actual time=3989.371..21789.675 rows=698908 loops=1)
  Hash Cond: (ci.movie_id = t.id)
  ->  Seq Scan on cast_info ci  (cost=0.00..796071.18 rows=5555749 width=4) (actual time=954.553..14768.578 rows=7451973 loops=1)
        Filter: ((person_id < 2824136) AND (role_id = 2))
        Rows Removed by Filter: 28792371
  ->  Hash  (cost=115422.64..115422.64 rows=214437 width=8) (actual time=3033.943..3033.943 rows=131526 loops=1)
        Buckets: 131072  Batches: 4  Memory Usage: 2311kB
        ->  Hash Join  (cost=74050.79..115422.64 rows=214437 width=8) (actual time=2051.171..3006.050 rows=131526 loops=1)
              Hash Cond: (mi_idx.movie_id = t.id)
              ->  Seq Scan on movie_info_idx mi_idx  (cost=0.00..21735.35 rows=1380035 width=4) (actual time=0.016..405.400 rows=1380035 loops=1)
              ->  Hash  (cost=67604.59..67604.59 rows=392896 width=4) (actual time=2050.144..2050.144 rows=391666 loops=1)
                    Buckets: 131072  Batches: 8  Memory Usage: 2753kB
                    ->  Seq Scan on title t  (cost=0.00..67604.59 rows=392896 width=4) (actual time=0.021..1172.466 rows=391666 loops=1)
                          Filter: (production_year > 2010)
                          Rows Removed by Filter: 2136646
Planning time: 1.103 ms
Execution time: 21881.640 ms
