Hash Join  (cost=101432.65..841904.85 rows=24583 width=0) (actual time=1735.243..14835.807 rows=65535 loops=1)
  Hash Cond: (ci.movie_id = t.id)
  ->  Seq Scan on cast_info ci  (cost=0.00..705507.15 rows=9258456 width=4) (actual time=0.027..11110.576 rows=9112287 loops=1)
        Filter: (person_id < 897324)
        Rows Removed by Filter: 27132057
  ->  Hash  (cost=101348.72..101348.72 rows=6714 width=8) (actual time=1735.122..1735.122 rows=8841 loops=1)
        Buckets: 16384 (originally 8192)  Batches: 1 (originally 1)  Memory Usage: 474kB
        ->  Hash Join  (cost=74393.18..101348.72 rows=6714 width=8) (actual time=1106.116..1731.070 rows=8841 loops=1)
              Hash Cond: (mi_idx.movie_id = t.id)
              ->  Seq Scan on movie_info_idx mi_idx  (cost=0.00..25185.44 rows=454124 width=4) (actual time=0.022..492.927 rows=459925 loops=1)
                    Filter: (info_type_id = 100)
                    Rows Removed by Filter: 920110
              ->  Hash  (cost=73925.90..73925.90 rows=37382 width=4) (actual time=1105.608..1105.608 rows=33190 loops=1)
                    Buckets: 65536  Batches: 1  Memory Usage: 1679kB
                    ->  Seq Scan on title t  (cost=0.00..73925.90 rows=37382 width=4) (actual time=0.060..1093.289 rows=33190 loops=1)
                          Filter: ((kind_id = 1) AND (production_year = 2010))
                          Rows Removed by Filter: 2495122
Planning time: 1.212 ms
Execution time: 14848.317 ms
