Hash Join  (cost=83751.15..1205685.85 rows=8579153 width=0) (actual time=1528.091..33488.108 rows=8650152 loops=1)
  Hash Cond: (ci.movie_id = t.id)
  ->  Seq Scan on cast_info ci  (cost=0.00..614943.12 rows=36225612 width=4) (actual time=0.020..13060.278 rows=36244344 loops=1)
  ->  Hash  (cost=73925.90..73925.90 rows=598820 width=4) (actual time=1527.240..1527.240 rows=481913 loops=1)
        Buckets: 131072  Batches: 8  Memory Usage: 3155kB
        ->  Seq Scan on title t  (cost=0.00..73925.90 rows=598820 width=4) (actual time=355.348..1378.113 rows=481913 loops=1)
              Filter: ((production_year > 1954) AND (kind_id = 1))
              Rows Removed by Filter: 2046399
Planning time: 0.722 ms
Execution time: 34489.456 ms
