Nested Loop  (cost=0.43..83072.29 rows=224 width=0) (actual time=3.385..1393.064 rows=126 loops=1)
  ->  Seq Scan on movie_keyword mk  (cost=0.00..81003.12 rows=246 width=4) (actual time=1.566..1358.664 rows=650 loops=1)
        Filter: (keyword_id = 22164)
        Rows Removed by Filter: 4523280
  ->  Index Scan using title_pkey on title t  (cost=0.43..8.40 rows=1 width=4) (actual time=0.051..0.052 rows=0 loops=650)
        Index Cond: (id = mk.movie_id)
        Filter: (production_year > 1950)
        Rows Removed by Filter: 1
Planning time: 0.686 ms
Execution time: 1393.237 ms
