Seq Scan on cast_info ci  (cost=0.00..796071.18 rows=1589274 width=0) (actual time=0.012..15589.342 rows=1563774 loops=1)
  Filter: ((person_id > 290303) AND (role_id = 8))
  Rows Removed by Filter: 34680570
Planning time: 0.268 ms
Execution time: 15776.539 ms
