Seq Scan on movie_companies mc  (cost=0.00..57926.93 rows=53 width=0) (actual time=389.194..932.579 rows=373 loops=1)
  Filter: ((company_type_id > 1) AND (company_id = 45939))
  Rows Removed by Filter: 2608756
Planning time: 0.388 ms
Execution time: 932.799 ms
