Hash Join  (cost=158014.46..524332.39 rows=166198 width=0) (actual time=3085.708..11052.362 rows=1185487 loops=1)
  Hash Cond: (mi.movie_id = t.id)
  ->  Seq Scan on movie_info mi  (cost=0.00..309384.22 rows=14739122 width=4) (actual time=0.010..4379.196 rows=14835720 loops=1)
  ->  Hash  (cost=157658.06..157658.06 rows=28512 width=8) (actual time=3085.437..3085.437 rows=22527 loops=1)
        Buckets: 32768  Batches: 1  Memory Usage: 1136kB
        ->  Hash Join  (cost=69928.56..157658.06 rows=28512 width=8) (actual time=1488.321..3077.517 rows=22527 loops=1)
              Hash Cond: (mk.movie_id = t.id)
              ->  Seq Scan on movie_keyword mk  (cost=0.00..81003.12 rows=509135 width=4) (actual time=0.019..1390.933 rows=500883 loops=1)
                    Filter: (keyword_id > 36075)
                    Rows Removed by Filter: 4023047
              ->  Hash  (cost=67604.59..67604.59 rows=141598 width=4) (actual time=1487.417..1487.417 rows=141703 loops=1)
                    Buckets: 131072  Batches: 2  Memory Usage: 3517kB
                    ->  Seq Scan on title t  (cost=0.00..67604.59 rows=141598 width=4) (actual time=0.035..1159.569 rows=141703 loops=1)
                          Filter: (production_year = 2010)
                          Rows Removed by Filter: 2386609
Planning time: 1.001 ms
Execution time: 11209.607 ms
