Hash Join  (cost=67697.55..155332.74 rows=5161 width=0) (actual time=1145.040..2879.403 rows=10295 loops=1)
  Hash Cond: (mk.movie_id = t.id)
  ->  Seq Scan on movie_keyword mk  (cost=0.00..81003.12 rows=1754789 width=4) (actual time=0.020..1420.515 rows=1762787 loops=1)
        Filter: (keyword_id < 2864)
        Rows Removed by Filter: 2761143
  ->  Hash  (cost=67604.59..67604.59 rows=7437 width=4) (actual time=1143.588..1143.588 rows=14349 loops=1)
        Buckets: 16384 (originally 8192)  Batches: 1 (originally 1)  Memory Usage: 633kB
        ->  Seq Scan on title t  (cost=0.00..67604.59 rows=7437 width=4) (actual time=0.054..1136.812 rows=14349 loops=1)
              Filter: (production_year = 1969)
              Rows Removed by Filter: 2513963
Planning time: 0.750 ms
Execution time: 2881.234 ms
