Seq Scan on cast_info ci  (cost=0.00..796071.18 rows=110144 width=0) (actual time=872.609..12774.718 rows=44943 loops=1)
  Filter: ((person_id < 1110619) AND (role_id > 10))
  Rows Removed by Filter: 36199401
Planning time: 0.362 ms
Execution time: 12780.275 ms
