Hash Join  (cost=156847.35..507882.77 rows=3160 width=0) (actual time=4801.903..8733.813 rows=24708 loops=1)
  Hash Cond: (mi.movie_id = t.id)
  ->  Seq Scan on movie_info mi  (cost=0.00..346232.03 rows=1272478 width=4) (actual time=1815.917..5513.432 rows=1325361 loops=1)
        Filter: (info_type_id = 8)
        Rows Removed by Filter: 13510359
  ->  Hash  (cost=156768.87..156768.87 rows=6279 width=8) (actual time=2981.621..2981.621 rows=23110 loops=1)
        Buckets: 32768 (originally 8192)  Batches: 1 (originally 1)  Memory Usage: 1159kB
        ->  Hash Join  (cost=67697.55..156768.87 rows=6279 width=8) (actual time=1146.941..2973.232 rows=23110 loops=1)
              Hash Cond: (mk.movie_id = t.id)
              ->  Seq Scan on movie_keyword mk  (cost=0.00..81003.12 rows=2134774 width=4) (actual time=0.038..1474.668 rows=2135641 loops=1)
                    Filter: (keyword_id > 5529)
                    Rows Removed by Filter: 2388289
              ->  Hash  (cost=67604.59..67604.59 rows=7437 width=4) (actual time=1144.179..1144.179 rows=18391 loops=1)
                    Buckets: 32768 (originally 8192)  Batches: 1 (originally 1)  Memory Usage: 903kB
                    ->  Seq Scan on title t  (cost=0.00..67604.59 rows=7437 width=4) (actual time=0.067..1135.477 rows=18391 loops=1)
                          Filter: (production_year = 1985)
                          Rows Removed by Filter: 2509921
Planning time: 1.127 ms
Execution time: 8737.614 ms
