Hash Join  (cost=195537.17..222729.41 rows=28176 width=0) (actual time=3721.204..4440.841 rows=121007 loops=1)
  Hash Cond: (mi_idx.movie_id = t.id)
  ->  Seq Scan on movie_info_idx mi_idx  (cost=0.00..21735.35 rows=1380035 width=4) (actual time=0.022..337.405 rows=1380035 loops=1)
  ->  Hash  (cost=194891.87..194891.87 rows=51624 width=8) (actual time=3720.812..3720.812 rows=47882 loops=1)
        Buckets: 65536  Batches: 1  Memory Usage: 2383kB
        ->  Hash Join  (cost=102767.86..194891.87 rows=51624 width=8) (actual time=2446.707..3705.445 rows=47882 loops=1)
              Hash Cond: (mk.movie_id = t.id)
              ->  Seq Scan on movie_keyword mk  (cost=0.00..81003.12 rows=51624 width=4) (actual time=510.100..1337.455 rows=47882 loops=1)
                    Filter: (keyword_id > 100562)
                    Rows Removed by Filter: 4476048
              ->  Hash  (cost=61283.27..61283.27 rows=2528527 width=4) (actual time=1931.715..1931.715 rows=2528312 loops=1)
                    Buckets: 131072  Batches: 64  Memory Usage: 2425kB
                    ->  Seq Scan on title t  (cost=0.00..61283.27 rows=2528527 width=4) (actual time=0.045..1078.337 rows=2528312 loops=1)
Planning time: 1.182 ms
Execution time: 4458.911 ms
