Hash Join  (cost=75411.94..828933.95 rows=143198 width=0) (actual time=8557.386..16950.839 rows=190812 loops=1)
  Hash Cond: (ci.movie_id = t.id)
  ->  Seq Scan on cast_info ci  (cost=0.00..705507.15 rows=3998100 width=4) (actual time=7272.622..14148.238 rows=4008037 loops=1)
        Filter: (role_id = 3)
        Rows Removed by Filter: 32236307
  ->  Hash  (cost=73925.90..73925.90 rows=90563 width=4) (actual time=1283.970..1283.970 rows=80990 loops=1)
        Buckets: 131072  Batches: 2  Memory Usage: 2450kB
        ->  Seq Scan on title t  (cost=0.00..73925.90 rows=90563 width=4) (actual time=0.162..1253.359 rows=80990 loops=1)
              Filter: ((kind_id < 7) AND (production_year > 2011))
              Rows Removed by Filter: 2447322
Planning time: 0.771 ms
Execution time: 16974.842 ms
