Seq Scan on title t  (cost=0.00..73925.90 rows=1963 width=0) (actual time=535.113..1034.145 rows=4643 loops=1)
  Filter: ((kind_id = 1) AND (production_year = 1986))
  Rows Removed by Filter: 2523669
Planning time: 0.347 ms
Execution time: 1035.139 ms
