Seq Scan on movie_companies mc  (cost=0.00..51404.11 rows=800854 width=0) (actual time=0.033..891.161 rows=790837 loops=1)
  Filter: (company_id < 1710)
  Rows Removed by Filter: 1818292
Planning time: 0.334 ms
Execution time: 989.580 ms
