Nested Loop  (cost=0.43..110552.98 rows=3921 width=0) (actual time=0.503..1759.961 rows=3426 loops=1)
  ->  Seq Scan on movie_keyword mk  (cost=0.00..81003.12 rows=3921 width=4) (actual time=0.417..1662.461 rows=3426 loops=1)
        Filter: (keyword_id = 562)
        Rows Removed by Filter: 4520504
  ->  Index Only Scan using title_pkey on title t  (cost=0.43..7.53 rows=1 width=4) (actual time=0.027..0.028 rows=1 loops=3426)
        Index Cond: (id = mk.movie_id)
        Heap Fetches: 3426
Planning time: 0.720 ms
Execution time: 1761.079 ms
