Hash Join  (cost=131053.24..485645.70 rows=58334 width=0) (actual time=2923.511..7140.528 rows=28599 loops=1)
  Hash Cond: (mi.movie_id = t.id)
  ->  Seq Scan on movie_info mi  (cost=0.00..346232.03 rows=2073893 width=4) (actual time=1094.058..4989.499 rows=2091068 loops=1)
        Filter: (info_type_id < 3)
        Rows Removed by Filter: 12744652
  ->  Hash  (cost=130164.21..130164.21 rows=71122 width=8) (actual time=1828.671..1828.671 rows=28308 loops=1)
        Buckets: 131072  Batches: 1  Memory Usage: 2130kB
        ->  Hash Join  (cost=74787.47..130164.21 rows=71122 width=8) (actual time=932.725..1817.235 rows=28308 loops=1)
              Hash Cond: (mc.movie_id = t.id)
              ->  Seq Scan on movie_companies mc  (cost=0.00..44881.29 rows=2609129 width=4) (actual time=0.030..475.552 rows=2609129 loops=1)
              ->  Hash  (cost=73925.90..73925.90 rows=68925 width=4) (actual time=717.942..717.942 rows=84076 loops=1)
                    Buckets: 131072  Batches: 1  Memory Usage: 3980kB
                    ->  Seq Scan on title t  (cost=0.00..73925.90 rows=68925 width=4) (actual time=224.032..692.065 rows=84076 loops=1)
                          Filter: ((kind_id = 7) AND (production_year = 2007))
                          Rows Removed by Filter: 2444236
Planning time: 1.204 ms
Execution time: 7144.220 ms
