Seq Scan on movie_companies mc  (cost=0.00..57926.93 rows=1071758 width=0) (actual time=0.027..1112.635 rows=825060 loops=1)
  Filter: ((company_id < 73797) AND (company_type_id = 2))
  Rows Removed by Filter: 1784069
Planning time: 0.427 ms
Execution time: 1213.846 ms
