Hash Join  (cost=102767.86..194652.71 rows=41706 width=0) (actual time=2480.970..3707.196 rows=38574 loops=1)
  Hash Cond: (mk.movie_id = t.id)
  ->  Seq Scan on movie_keyword mk  (cost=0.00..81003.12 rows=41706 width=4) (actual time=479.206..1350.454 rows=38574 loops=1)
        Filter: (keyword_id > 105399)
        Rows Removed by Filter: 4485356
  ->  Hash  (cost=61283.27..61283.27 rows=2528527 width=4) (actual time=1999.301..1999.301 rows=2528312 loops=1)
        Buckets: 131072  Batches: 64  Memory Usage: 2425kB
        ->  Seq Scan on title t  (cost=0.00..61283.27 rows=2528527 width=4) (actual time=0.021..1119.002 rows=2528312 loops=1)
Planning time: 2.291 ms
Execution time: 3711.254 ms
