Seq Scan on movie_companies mc  (cost=0.00..57926.93 rows=437752 width=0) (actual time=357.471..987.857 rows=763215 loops=1)
  Filter: ((company_id > 23900) AND (company_type_id = 2))
  Rows Removed by Filter: 1845914
Planning time: 0.376 ms
Execution time: 1082.756 ms
