Hash Join  (cost=302981.49..1333974.99 rows=13597048 width=0) (actual time=10023.303..39288.205 rows=47677121 loops=1)
  Hash Cond: (ci.movie_id = t.id)
  ->  Seq Scan on cast_info ci  (cost=0.00..705507.15 rows=12726058 width=4) (actual time=3129.465..14031.516 rows=12670688 loops=1)
        Filter: (role_id = 1)
        Rows Removed by Filter: 23573656
  ->  Hash  (cost=258657.71..258657.71 rows=2701583 width=8) (actual time=6891.802..6891.802 rows=2695261 loops=1)
        Buckets: 131072  Batches: 64  Memory Usage: 2691kB
        ->  Hash Join  (cost=102767.86..258657.71 rows=2701583 width=8) (actual time=2058.028..6141.479 rows=2695261 loops=1)
              Hash Cond: (mk.movie_id = t.id)
              ->  Seq Scan on movie_keyword mk  (cost=0.00..81003.12 rows=2701583 width=4) (actual time=0.035..1715.667 rows=2695261 loops=1)
                    Filter: (keyword_id > 3007)
                    Rows Removed by Filter: 1828669
              ->  Hash  (cost=61283.27..61283.27 rows=2528527 width=4) (actual time=2055.988..2055.988 rows=2528312 loops=1)
                    Buckets: 131072  Batches: 64  Memory Usage: 2425kB
                    ->  Seq Scan on title t  (cost=0.00..61283.27 rows=2528527 width=4) (actual time=0.015..1034.767 rows=2528312 loops=1)
Planning time: 1.189 ms
Execution time: 44626.781 ms
