Nested Loop  (cost=0.43..83072.29 rows=123 width=0) (actual time=25.447..1269.543 rows=940 loops=1)
  ->  Seq Scan on movie_keyword mk  (cost=0.00..81003.12 rows=246 width=4) (actual time=25.361..1244.605 rows=1055 loops=1)
        Filter: (keyword_id = 87)
        Rows Removed by Filter: 4522875
  ->  Index Scan using title_pkey on title t  (cost=0.43..8.40 rows=1 width=4) (actual time=0.022..0.022 rows=1 loops=1055)
        Index Cond: (id = mk.movie_id)
        Filter: (production_year < 2004)
        Rows Removed by Filter: 0
Planning time: 0.740 ms
Execution time: 1269.976 ms
