Hash Join  (cost=95314.15..1207525.49 rows=12385114 width=0) (actual time=4358.413..37648.833 rows=13558557 loops=1)
  Hash Cond: (ci.movie_id = t.id)
  ->  Seq Scan on cast_info ci  (cost=0.00..705507.15 rows=24022411 width=4) (actual time=2386.479..16375.160 rows=24130698 loops=1)
        Filter: (role_id < 4)
        Rows Removed by Filter: 12113646
  ->  Hash  (cost=73925.90..73925.90 rows=1303620 width=4) (actual time=1970.563..1970.563 rows=1383104 loops=1)
        Buckets: 131072  Batches: 32  Memory Usage: 2546kB
        ->  Seq Scan on title t  (cost=0.00..73925.90 rows=1303620 width=4) (actual time=305.792..1369.954 rows=1383104 loops=1)
              Filter: ((production_year > 1966) AND (kind_id = 7))
              Rows Removed by Filter: 1145208
Planning time: 0.729 ms
Execution time: 39314.548 ms
