Hash Join  (cost=52284.99..416946.98 rows=606 width=0) (actual time=940.959..7793.591 rows=60 loops=1)
  Hash Cond: (mi.movie_id = t.id)
  ->  Seq Scan on movie_info mi  (cost=0.00..309384.22 rows=14739122 width=4) (actual time=0.024..4321.740 rows=14835720 loops=1)
  ->  Hash  (cost=52283.69..52283.69 rows=104 width=8) (actual time=791.492..791.492 rows=10 loops=1)
        Buckets: 1024  Batches: 1  Memory Usage: 9kB
        ->  Nested Loop  (cost=0.43..52283.69 rows=104 width=8) (actual time=386.419..791.477 rows=10 loops=1)
              ->  Seq Scan on movie_companies mc  (cost=0.00..51404.11 rows=104 width=4) (actual time=386.343..790.998 rows=10 loops=1)
                    Filter: (company_id = 83015)
                    Rows Removed by Filter: 2609119
              ->  Index Only Scan using title_pkey on title t  (cost=0.43..8.45 rows=1 width=4) (actual time=0.041..0.042 rows=1 loops=10)
                    Index Cond: (id = mc.movie_id)
                    Heap Fetches: 10
Planning time: 1.120 ms
Execution time: 7793.751 ms
