Nested Loop  (cost=0.43..83071.67 rows=246 width=0) (actual time=0.116..1324.937 rows=2966 loops=1)
  ->  Seq Scan on movie_keyword mk  (cost=0.00..81003.12 rows=246 width=4) (actual time=0.051..1217.657 rows=2966 loops=1)
        Filter: (keyword_id = 2021)
        Rows Removed by Filter: 4520964
  ->  Index Only Scan using title_pkey on title t  (cost=0.43..8.40 rows=1 width=4) (actual time=0.035..0.035 rows=1 loops=2966)
        Index Cond: (id = mk.movie_id)
        Heap Fetches: 2966
Planning time: 0.724 ms
Execution time: 1325.908 ms
