Nested Loop  (cost=0.43..83071.67 rows=246 width=0) (actual time=4.312..1298.154 rows=36 loops=1)
  ->  Seq Scan on movie_keyword mk  (cost=0.00..81003.12 rows=246 width=4) (actual time=4.234..1293.840 rows=36 loops=1)
        Filter: (keyword_id = 9679)
        Rows Removed by Filter: 4523894
  ->  Index Only Scan using title_pkey on title t  (cost=0.43..8.40 rows=1 width=4) (actual time=0.114..0.115 rows=1 loops=36)
        Index Cond: (id = mk.movie_id)
        Heap Fetches: 36
Planning time: 5.447 ms
Execution time: 1298.256 ms
