Hash Join  (cost=74850.14..443816.07 rows=431000 width=0) (actual time=1241.814..10054.391 rows=674383 loops=1)
  Hash Cond: (mi.movie_id = t.id)
  ->  Seq Scan on movie_info mi  (cost=0.00..309384.22 rows=14739122 width=4) (actual time=0.014..4430.439 rows=14835720 loops=1)
  ->  Hash  (cost=73925.90..73925.90 rows=73939 width=4) (actual time=1238.360..1238.360 rows=77452 loops=1)
        Buckets: 131072  Batches: 1  Memory Usage: 3747kB
        ->  Seq Scan on title t  (cost=0.00..73925.90 rows=73939 width=4) (actual time=0.041..1207.735 rows=77452 loops=1)
              Filter: ((production_year < 2011) AND (kind_id = 2))
              Rows Removed by Filter: 2450860
Planning time: 0.822 ms
Execution time: 10142.124 ms
