Hash Join  (cost=125339.09..979657.17 rows=1016311 width=0) (actual time=2668.421..21491.955 rows=2426041 loops=1)
  Hash Cond: (ci.movie_id = t.id)
  ->  Seq Scan on cast_info ci  (cost=0.00..705507.15 rows=11918088 width=4) (actual time=108.957..13156.216 rows=11840764 loops=1)
        Filter: (person_id < 1163388)
        Rows Removed by Filter: 24403580
  ->  Hash  (cost=121800.85..121800.85 rows=215619 width=8) (actual time=2558.592..2558.592 rows=275110 loops=1)
        Buckets: 131072  Batches: 4  Memory Usage: 3701kB
        ->  Hash Join  (cost=80408.18..121800.85 rows=215619 width=8) (actual time=1297.716..2467.821 rows=275110 loops=1)
              Hash Cond: (mi_idx.movie_id = t.id)
              ->  Seq Scan on movie_info_idx mi_idx  (cost=0.00..21735.35 rows=1380035 width=4) (actual time=0.026..436.297 rows=1380035 loops=1)
              ->  Hash  (cost=73925.90..73925.90 rows=395062 width=4) (actual time=1296.770..1296.770 rows=335993 loops=1)
                    Buckets: 131072  Batches: 8  Memory Usage: 2492kB
                    ->  Seq Scan on title t  (cost=0.00..73925.90 rows=395062 width=4) (actual time=0.053..1191.890 rows=335993 loops=1)
                          Filter: ((kind_id < 7) AND (production_year > 2005))
                          Rows Removed by Filter: 2192319
Planning time: 1.153 ms
Execution time: 21785.556 ms
