Seq Scan on cast_info ci  (cost=0.00..796071.18 rows=2165715 width=0) (actual time=8410.751..13715.624 rows=3627771 loops=1)
  Filter: ((person_id > 1777485) AND (role_id = 10))
  Rows Removed by Filter: 32616573
Planning time: 0.477 ms
Execution time: 14164.914 ms
