Nested Loop  (cost=0.43..709671.90 rows=500 width=0) (actual time=297.069..11298.767 rows=485 loops=1)
  ->  Seq Scan on cast_info ci  (cost=0.00..705507.15 rows=500 width=4) (actual time=296.958..11293.501 rows=485 loops=1)
        Filter: (person_id = 2919953)
        Rows Removed by Filter: 36243859
  ->  Index Only Scan using title_pkey on title t  (cost=0.43..8.32 rows=1 width=4) (actual time=0.010..0.010 rows=1 loops=485)
        Index Cond: (id = ci.movie_id)
        Heap Fetches: 485
Planning time: 1.957 ms
Execution time: 11298.952 ms
