Hash Join  (cost=83198.94..147275.00 rows=63830 width=0) (actual time=1472.395..2660.024 rows=125213 loops=1)
  Hash Cond: (mc.movie_id = t.id)
  ->  Seq Scan on movie_companies mc  (cost=0.00..57926.93 rows=285552 width=4) (actual time=130.824..986.657 rows=418690 loops=1)
        Filter: ((company_id < 639) AND (company_type_id = 1))
        Rows Removed by Filter: 2190439
  ->  Hash  (cost=73925.90..73925.90 rows=565203 width=4) (actual time=1335.626..1335.626 rows=641785 loops=1)
        Buckets: 131072  Batches: 8  Memory Usage: 3862kB
        ->  Seq Scan on title t  (cost=0.00..73925.90 rows=565203 width=4) (actual time=0.043..1136.120 rows=641785 loops=1)
              Filter: ((kind_id < 7) AND (production_year < 2006))
              Rows Removed by Filter: 1886527
Planning time: 0.808 ms
Execution time: 2674.828 ms
