Seq Scan on movie_companies mc  (cost=0.00..51404.11 rows=2055393 width=0) (actual time=0.017..856.560 rows=2059492 loops=1)
  Filter: (company_id > 559)
  Rows Removed by Filter: 549637
Planning time: 0.352 ms
Execution time: 1094.253 ms
