Hash Join  (cost=214446.63..363593.58 rows=2227992 width=0) (actual time=4962.570..13725.203 rows=18321353 loops=1)
  Hash Cond: (mk.movie_id = t.id)
  ->  Seq Scan on movie_keyword mk  (cost=0.00..69693.30 rows=4523930 width=4) (actual time=0.024..1435.330 rows=4523930 loops=1)
  ->  Hash  (cost=194015.69..194015.69 rows=1245275 width=8) (actual time=4961.214..4961.214 rows=1234155 loops=1)
        Buckets: 131072  Batches: 32  Memory Usage: 2553kB
        ->  Hash Join  (cost=102767.86..194015.69 rows=1245275 width=8) (actual time=2128.661..4587.969 rows=1234155 loops=1)
              Hash Cond: (mc.movie_id = t.id)
              ->  Seq Scan on movie_companies mc  (cost=0.00..51404.11 rows=1245275 width=4) (actual time=0.023..1012.466 rows=1234155 loops=1)
                    Filter: (company_id < 11145)
                    Rows Removed by Filter: 1374974
              ->  Hash  (cost=61283.27..61283.27 rows=2528527 width=4) (actual time=2127.407..2127.407 rows=2528312 loops=1)
                    Buckets: 131072  Batches: 64  Memory Usage: 2415kB
                    ->  Seq Scan on title t  (cost=0.00..61283.27 rows=2528527 width=4) (actual time=0.017..1279.721 rows=2528312 loops=1)
Planning time: 1.213 ms
Execution time: 15841.683 ms
