Hash Join  (cost=86092.90..543989.91 rows=2200752 width=0) (actual time=2194.578..13758.502 rows=4134716 loops=1)
  Hash Cond: (mi.movie_id = t.id)
  ->  Seq Scan on movie_info mi  (cost=0.00..346232.03 rows=7503588 width=4) (actual time=648.528..6537.888 rows=7548855 loops=1)
        Filter: (info_type_id > 7)
        Rows Removed by Filter: 7286865
  ->  Hash  (cost=73925.90..73925.90 rows=741600 width=4) (actual time=1545.162..1545.162 rows=782892 loops=1)
        Buckets: 131072  Batches: 16  Memory Usage: 2755kB
        ->  Seq Scan on title t  (cost=0.00..73925.90 rows=741600 width=4) (actual time=0.012..1290.226 rows=782892 loops=1)
              Filter: ((kind_id < 6) AND (production_year < 2010))
              Rows Removed by Filter: 1745420
Planning time: 0.538 ms
Execution time: 14265.930 ms
