Hash Join  (cost=102767.86..236389.37 rows=1776147 width=0) (actual time=2079.888..5349.025 rows=1781477 loops=1)
  Hash Cond: (mk.movie_id = t.id)
  ->  Seq Scan on movie_keyword mk  (cost=0.00..81003.12 rows=1776147 width=4) (actual time=0.028..1512.417 rows=1781477 loops=1)
        Filter: (keyword_id < 2888)
        Rows Removed by Filter: 2742453
  ->  Hash  (cost=61283.27..61283.27 rows=2528527 width=4) (actual time=2077.517..2077.517 rows=2528312 loops=1)
        Buckets: 131072  Batches: 64  Memory Usage: 2425kB
        ->  Seq Scan on title t  (cost=0.00..61283.27 rows=2528527 width=4) (actual time=0.019..1195.080 rows=2528312 loops=1)
Planning time: 1.241 ms
Execution time: 5554.898 ms
