Seq Scan on cast_info ci  (cost=0.00..796071.18 rows=1152931 width=0) (actual time=1472.528..11534.099 rows=483228 loops=1)
  Filter: ((person_id < 169682) AND (role_id > 1))
  Rows Removed by Filter: 35761116
Planning time: 0.335 ms
Execution time: 11591.160 ms
