Nested Loop  (cost=44377.22..199937.92 rows=19259 width=0) (actual time=931.068..2952.143 rows=59779 loops=1)
  ->  Hash Join  (cost=44376.79..138271.07 rows=104893 width=8) (actual time=931.013..2345.892 rows=59779 loops=1)
        Hash Cond: (mk.movie_id = mi_idx.movie_id)
        ->  Seq Scan on movie_keyword mk  (cost=0.00..81003.12 rows=35287 width=4) (actual time=0.034..1156.108 rows=29440 loops=1)
              Filter: (keyword_id = 359)
              Rows Removed by Filter: 4494490
        ->  Hash  (cost=21735.35..21735.35 rows=1380035 width=4) (actual time=923.953..923.953 rows=1380035 loops=1)
              Buckets: 131072  Batches: 32  Memory Usage: 2556kB
              ->  Seq Scan on movie_info_idx mi_idx  (cost=0.00..21735.35 rows=1380035 width=4) (actual time=0.007..481.500 rows=1380035 loops=1)
  ->  Index Only Scan using title_pkey on title t  (cost=0.43..0.58 rows=1 width=4) (actual time=0.009..0.010 rows=1 loops=59779)
        Index Cond: (id = mi_idx.movie_id)
        Heap Fetches: 59779
Planning time: 1.178 ms
Execution time: 2963.108 ms
