Nested Loop  (cost=0.43..83071.67 rows=246 width=0) (actual time=114.575..1243.812 rows=17 loops=1)
  ->  Seq Scan on movie_keyword mk  (cost=0.00..81003.12 rows=246 width=4) (actual time=114.473..1239.921 rows=17 loops=1)
        Filter: (keyword_id = 70945)
        Rows Removed by Filter: 4523913
  ->  Index Only Scan using title_pkey on title t  (cost=0.43..8.40 rows=1 width=4) (actual time=0.222..0.223 rows=1 loops=17)
        Index Cond: (id = mk.movie_id)
        Heap Fetches: 17
Planning time: 0.783 ms
Execution time: 1243.896 ms
