Seq Scan on cast_info ci  (cost=0.00..796071.18 rows=176 width=0) (actual time=2010.508..13544.902 rows=4 loops=1)
  Filter: ((role_id < 2) AND (person_id = 1272273))
  Rows Removed by Filter: 36244340
Planning time: 0.321 ms
Execution time: 13544.985 ms
