Hash Join  (cost=102951.51..285179.13 rows=3706843 width=0) (actual time=2343.357..7388.927 rows=3523190 loops=1)
  Hash Cond: (mk.movie_id = t.id)
  ->  Seq Scan on movie_keyword mk  (cost=0.00..81003.12 rows=4350413 width=4) (actual time=0.024..1855.435 rows=4335201 loops=1)
        Filter: (keyword_id > 135)
        Rows Removed by Filter: 188729
  ->  Hash  (cost=67604.59..67604.59 rows=2154474 width=4) (actual time=2342.201..2342.201 rows=2146684 loops=1)
        Buckets: 131072  Batches: 32  Memory Usage: 3394kB
        ->  Seq Scan on title t  (cost=0.00..67604.59 rows=2154474 width=4) (actual time=0.012..1373.774 rows=2146684 loops=1)
              Filter: (production_year > 1965)
              Rows Removed by Filter: 381628
Planning time: 0.742 ms
Execution time: 7804.050 ms
