Seq Scan on movie_companies mc  (cost=0.00..51404.11 rows=104 width=0) (actual time=21.644..823.946 rows=137 loops=1)
  Filter: (company_id = 1533)
  Rows Removed by Filter: 2608992
Planning time: 0.392 ms
Execution time: 824.091 ms
