Seq Scan on movie_companies mc  (cost=0.00..57926.93 rows=406454 width=0) (actual time=0.023..964.381 rows=582491 loops=1)
  Filter: ((company_id < 1972) AND (company_type_id = 1))
  Rows Removed by Filter: 2026638
Planning time: 0.387 ms
Execution time: 1039.661 ms
