Seq Scan on movie_keyword mk  (cost=0.00..81003.12 rows=246 width=0) (actual time=873.997..1253.186 rows=1 loops=1)
  Filter: (keyword_id = 33884)
  Rows Removed by Filter: 4523929
Planning time: 0.392 ms
Execution time: 1253.269 ms
