Seq Scan on cast_info ci  (cost=0.00..796071.18 rows=176 width=0) (actual time=5781.250..13298.359 rows=255 loops=1)
  Filter: ((role_id < 2) AND (person_id = 1407372))
  Rows Removed by Filter: 36244089
Planning time: 0.407 ms
Execution time: 13298.491 ms
