Seq Scan on cast_info ci  (cost=0.00..796071.18 rows=20689324 width=0) (actual time=0.028..16838.391 rows=19190261 loops=1)
  Filter: ((person_id < 3260177) AND (role_id > 1))
  Rows Removed by Filter: 17054083
Planning time: 0.357 ms
Execution time: 19219.705 ms
