Hash Join  (cost=83810.17..931349.81 rows=1202230 width=0) (actual time=6338.576..18388.532 rows=1278799 loops=1)
  Hash Cond: (ci.movie_id = t.id)
  ->  Seq Scan on cast_info ci  (cost=0.00..796071.18 rows=3077642 width=4) (actual time=4895.717..14797.091 rows=3923952 loops=1)
        Filter: ((person_id > 1007604) AND (role_id = 10))
        Rows Removed by Filter: 32320392
  ->  Hash  (cost=67604.59..67604.59 rows=987727 width=4) (actual time=1441.882..1441.882 rows=985048 loops=1)
        Buckets: 131072  Batches: 16  Memory Usage: 3188kB
        ->  Seq Scan on title t  (cost=0.00..67604.59 rows=987727 width=4) (actual time=0.036..1133.077 rows=985048 loops=1)
              Filter: (kind_id < 7)
              Rows Removed by Filter: 1543264
Planning time: 0.781 ms
Execution time: 18507.344 ms
