Seq Scan on cast_info ci  (cost=0.00..796071.18 rows=165553 width=0) (actual time=1656.220..13051.402 rows=66958 loops=1)
  Filter: ((person_id < 1679924) AND (role_id > 10))
  Rows Removed by Filter: 36177386
Planning time: 0.243 ms
Execution time: 13060.008 ms
