Nested Loop  (cost=0.43..98499.99 rows=6697 width=0) (actual time=0.435..1041.192 rows=6205 loops=1)
  ->  Seq Scan on movie_companies mc  (cost=0.00..51404.11 rows=6697 width=4) (actual time=0.368..856.956 rows=6205 loops=1)
        Filter: (company_id = 145)
        Rows Removed by Filter: 2602924
  ->  Index Only Scan using title_pkey on title t  (cost=0.43..7.02 rows=1 width=4) (actual time=0.029..0.029 rows=1 loops=6205)
        Index Cond: (id = mc.movie_id)
        Heap Fetches: 6205
Planning time: 5.447 ms
Execution time: 1042.889 ms
