Hash Join  (cost=513038.35..1406689.05 rows=2899938 width=0) (actual time=11429.960..27391.435 rows=6465622 loops=1)
  Hash Cond: (ci.movie_id = t.id)
  ->  Seq Scan on cast_info ci  (cost=0.00..796071.18 rows=5478970 width=4) (actual time=1730.214..12696.147 rows=6511250 loops=1)
        Filter: ((person_id < 796814) AND (role_id < 4))
        Rows Removed by Filter: 29733094
  ->  Hash  (cost=491081.45..491081.45 rows=1338312 width=8) (actual time=9698.211..9698.211 rows=1401902 loops=1)
        Buckets: 131072  Batches: 32  Memory Usage: 2687kB
        ->  Hash Join  (cost=102767.86..491081.45 rows=1338312 width=8) (actual time=5059.746..9301.760 rows=1401902 loops=1)
              Hash Cond: (mi.movie_id = t.id)
              ->  Seq Scan on movie_info mi  (cost=0.00..346232.03 rows=1338312 width=4) (actual time=2859.853..5592.191 rows=1401902 loops=1)
                    Filter: (info_type_id = 7)
                    Rows Removed by Filter: 13433818
              ->  Hash  (cost=61283.27..61283.27 rows=2528527 width=4) (actual time=2198.450..2198.450 rows=2528312 loops=1)
                    Buckets: 131072  Batches: 64  Memory Usage: 2425kB
                    ->  Seq Scan on title t  (cost=0.00..61283.27 rows=2528527 width=4) (actual time=0.020..1015.310 rows=2528312 loops=1)
Planning time: 1.437 ms
Execution time: 28119.141 ms
