Hash Join  (cost=890832.19..1025467.82 rows=279718 width=0) (actual time=14462.622..17900.594 rows=396923 loops=1)
  Hash Cond: (mk.movie_id = t.id)
  ->  Seq Scan on movie_keyword mk  (cost=0.00..81003.12 rows=4341420 width=4) (actual time=0.026..1831.606 rows=4339956 loops=1)
        Filter: (keyword_id < 71523)
        Rows Removed by Filter: 183974
  ->  Hash  (cost=888158.78..888158.78 rows=162913 width=8) (actual time=14461.392..14461.392 rows=40743 loops=1)
        Buckets: 131072  Batches: 4  Memory Usage: 1430kB
        ->  Hash Join  (cost=81530.55..888158.78 rows=162913 width=8) (actual time=5995.851..14445.796 rows=40743 loops=1)
              Hash Cond: (ci.movie_id = t.id)
              ->  Seq Scan on cast_info ci  (cost=0.00..796071.18 rows=485311 width=4) (actual time=4579.858..12798.104 rows=193481 loops=1)
                    Filter: ((person_id < 1495423) AND (role_id = 9))
                    Rows Removed by Filter: 36050863
              ->  Hash  (cost=67604.59..67604.59 rows=848797 width=4) (actual time=1414.926..1414.926 rows=849141 loops=1)
                    Buckets: 131072  Batches: 16  Memory Usage: 2892kB
                    ->  Seq Scan on title t  (cost=0.00..67604.59 rows=848797 width=4) (actual time=0.041..1146.494 rows=849141 loops=1)
                          Filter: (production_year < 1996)
                          Rows Removed by Filter: 1679171
Planning time: 1.179 ms
Execution time: 17944.792 ms
