Hash Join  (cost=152196.20..974007.67 rows=460308 width=0) (actual time=5588.015..19150.931 rows=849128 loops=1)
  Hash Cond: (ci.movie_id = t.id)
  ->  Seq Scan on cast_info ci  (cost=0.00..796071.18 rows=1578990 width=4) (actual time=2195.305..14741.551 rows=1527097 loops=1)
        Filter: ((person_id < 3453110) AND (role_id = 8))
        Rows Removed by Filter: 34717247
  ->  Hash  (cost=140102.24..140102.24 rows=737117 width=8) (actual time=3391.616..3391.616 rows=891238 loops=1)
        Buckets: 131072  Batches: 16  Memory Usage: 3205kB
        ->  Hash Join  (cost=89762.59..140102.24 rows=737117 width=8) (actual time=1664.147..3158.720 rows=891238 loops=1)
              Hash Cond: (mi_idx.movie_id = t.id)
              ->  Seq Scan on movie_info_idx mi_idx  (cost=0.00..21735.35 rows=1380035 width=4) (actual time=0.015..444.175 rows=1380035 loops=1)
              ->  Hash  (cost=67604.59..67604.59 rows=1350560 width=4) (actual time=1663.393..1663.393 rows=1348293 loops=1)
                    Buckets: 131072  Batches: 32  Memory Usage: 2505kB
                    ->  Seq Scan on title t  (cost=0.00..67604.59 rows=1350560 width=4) (actual time=0.026..1231.005 rows=1348293 loops=1)
                          Filter: (production_year < 2005)
                          Rows Removed by Filter: 1180019
Planning time: 2.311 ms
Execution time: 19241.004 ms
