Seq Scan on cast_info ci  (cost=0.00..705507.15 rows=500 width=0) (actual time=2736.143..11458.380 rows=64 loops=1)
  Filter: (person_id = 242289)
  Rows Removed by Filter: 36244280
Planning time: 0.423 ms
Execution time: 11458.468 ms
