Hash Join  (cost=102767.86..258186.73 rows=2682077 width=0) (actual time=2027.620..6042.737 rows=2670458 loops=1)
  Hash Cond: (mk.movie_id = t.id)
  ->  Seq Scan on movie_keyword mk  (cost=0.00..81003.12 rows=2682077 width=4) (actual time=0.016..1711.483 rows=2670458 loops=1)
        Filter: (keyword_id > 3082)
        Rows Removed by Filter: 1853472
  ->  Hash  (cost=61283.27..61283.27 rows=2528527 width=4) (actual time=2024.801..2024.801 rows=2528312 loops=1)
        Buckets: 131072  Batches: 64  Memory Usage: 2425kB
        ->  Seq Scan on title t  (cost=0.00..61283.27 rows=2528527 width=4) (actual time=0.010..1145.572 rows=2528312 loops=1)
Planning time: 0.698 ms
Execution time: 6350.263 ms
