Nested Loop  (cost=44377.22..200903.66 rows=11421 width=0) (actual time=1434.028..6347.108 rows=24547 loops=1)
  ->  Hash Join  (cost=44376.79..138348.15 rows=105954 width=8) (actual time=1431.497..3016.431 rows=48094 loops=1)
        Hash Cond: (mk.movie_id = mi_idx.movie_id)
        ->  Seq Scan on movie_keyword mk  (cost=0.00..81003.12 rows=35644 width=4) (actual time=0.040..1325.553 rows=27848 loops=1)
              Filter: (keyword_id < 31)
              Rows Removed by Filter: 4496082
        ->  Hash  (cost=21735.35..21735.35 rows=1380035 width=4) (actual time=1425.463..1425.463 rows=1380035 loops=1)
              Buckets: 131072  Batches: 32  Memory Usage: 2556kB
              ->  Seq Scan on movie_info_idx mi_idx  (cost=0.00..21735.35 rows=1380035 width=4) (actual time=4.168..451.604 rows=1380035 loops=1)
  ->  Index Scan using title_pkey on title t  (cost=0.43..0.58 rows=1 width=4) (actual time=0.069..0.069 rows=1 loops=48094)
        Index Cond: (id = mi_idx.movie_id)
        Filter: (production_year > 1998)
        Rows Removed by Filter: 0
Planning time: 0.815 ms
Execution time: 6352.103 ms
