Hash Join  (cost=82955.72..220382.59 rows=859844 width=0) (actual time=2431.872..4848.961 rows=224707 loops=1)
  Hash Cond: (mk.movie_id = t.id)
  ->  Seq Scan on movie_keyword mk  (cost=0.00..81003.12 rows=3950215 width=4) (actual time=0.017..1806.794 rows=3947775 loops=1)
        Filter: (keyword_id > 405)
        Rows Removed by Filter: 576155
  ->  Hash  (cost=73925.90..73925.90 rows=550385 width=4) (actual time=1351.225..1351.225 rows=602403 loops=1)
        Buckets: 131072  Batches: 8  Memory Usage: 3678kB
        ->  Seq Scan on title t  (cost=0.00..73925.90 rows=550385 width=4) (actual time=0.028..1147.653 rows=602403 loops=1)
              Filter: ((production_year > 2006) AND (kind_id = 7))
              Rows Removed by Filter: 1925909
Planning time: 0.792 ms
Execution time: 4874.628 ms
