Hash Join  (cost=215155.55..1319674.38 rows=6883872 width=0) (actual time=5132.168..41352.113 rows=24077288 loops=1)
  Hash Cond: (ci.movie_id = t.id)
  ->  Seq Scan on cast_info ci  (cost=0.00..614943.12 rows=36225612 width=4) (actual time=0.012..13717.063 rows=36244344 loops=1)
  ->  Hash  (cost=207272.42..207272.42 rows=480490 width=8) (actual time=5131.261..5131.261 rows=471468 loops=1)
        Buckets: 131072  Batches: 8  Memory Usage: 3362kB
        ->  Hash Join  (cost=105689.54..207272.42 rows=480490 width=8) (actual time=2855.467..4993.955 rows=471468 loops=1)
              Hash Cond: (mk.movie_id = t.id)
              ->  Seq Scan on movie_keyword mk  (cost=0.00..81003.12 rows=523372 width=4) (actual time=37.087..1407.816 rows=513926 loops=1)
                    Filter: (keyword_id > 35261)
                    Rows Removed by Filter: 4010004
              ->  Hash  (cost=67604.59..67604.59 rows=2321356 width=4) (actual time=2817.150..2817.150 rows=2315087 loops=1)
                    Buckets: 131072  Batches: 32  Memory Usage: 3581kB
                    ->  Seq Scan on title t  (cost=0.00..67604.59 rows=2321356 width=4) (actual time=0.027..1369.248 rows=2315087 loops=1)
                          Filter: (production_year > 1939)
                          Rows Removed by Filter: 213225
Planning time: 1.182 ms
Execution time: 43989.692 ms
