Hash Join  (cost=78556.72..172805.28 rows=197708 width=0) (actual time=1377.179..3336.184 rows=503772 loops=1)
  Hash Cond: (mk.movie_id = t.id)
  ->  Seq Scan on movie_keyword mk  (cost=0.00..81003.12 rows=748893 width=4) (actual time=0.019..1369.401 rows=754979 loops=1)
        Filter: (keyword_id > 24780)
        Rows Removed by Filter: 3768951
  ->  Hash  (cost=67604.59..67604.59 rows=667531 width=4) (actual time=1376.078..1376.078 rows=662825 loops=1)
        Buckets: 131072  Batches: 16  Memory Usage: 2486kB
        ->  Seq Scan on title t  (cost=0.00..67604.59 rows=667531 width=4) (actual time=544.395..1169.646 rows=662825 loops=1)
              Filter: (kind_id = 1)
              Rows Removed by Filter: 1865487
Planning time: 0.731 ms
Execution time: 3396.809 ms
