Seq Scan on cast_info ci  (cost=0.00..796071.18 rows=38 width=0) (actual time=4515.955..10584.455 rows=2 loops=1)
  Filter: ((person_id = 748272) AND (role_id = 4))
  Rows Removed by Filter: 36244342
Planning time: 0.437 ms
Execution time: 10584.561 ms
