Hash Join  (cost=153977.53..278841.20 rows=234863 width=0) (actual time=3453.142..6243.495 rows=1227496 loops=1)
  Hash Cond: (mk.movie_id = t.id)
  ->  Seq Scan on movie_keyword mk  (cost=0.00..69693.30 rows=4523930 width=4) (actual time=0.017..1277.456 rows=4523930 loops=1)
  ->  Hash  (cost=151823.65..151823.65 rows=131270 width=8) (actual time=3451.978..3451.978 rows=125714 loops=1)
        Buckets: 131072  Batches: 2  Memory Usage: 3498kB
        ->  Hash Join  (cost=83891.93..151823.65 rows=131270 width=8) (actual time=1457.502..3409.214 rows=125714 loops=1)
              Hash Cond: (mc.movie_id = t.id)
              ->  Seq Scan on movie_companies mc  (cost=0.00..57926.93 rows=546424 width=4) (actual time=0.021..924.782 rows=332721 loops=1)
                    Filter: ((company_id < 6558) AND (company_type_id > 1))
                    Rows Removed by Filter: 2276408
              ->  Hash  (cost=73925.90..73925.90 rows=607442 width=4) (actual time=1456.647..1456.647 rows=675690 loops=1)
                    Buckets: 131072  Batches: 8  Memory Usage: 4012kB
                    ->  Seq Scan on title t  (cost=0.00..73925.90 rows=607442 width=4) (actual time=0.013..1241.291 rows=675690 loops=1)
                          Filter: ((kind_id < 7) AND (production_year < 2007))
                          Rows Removed by Filter: 1852622
Planning time: 1.216 ms
Execution time: 6383.800 ms
