Hash Join  (cost=89299.55..195913.17 rows=636694 width=0) (actual time=1751.970..3953.008 rows=496769 loops=1)
  Hash Cond: (mk.movie_id = t.id)
  ->  Seq Scan on movie_keyword mk  (cost=0.00..81003.12 rows=1217482 width=4) (actual time=0.023..1375.412 rows=1223743 loops=1)
        Filter: (keyword_id < 1549)
        Rows Removed by Filter: 3300187
  ->  Hash  (cost=67604.59..67604.59 rows=1322317 width=4) (actual time=1750.802..1750.802 rows=1322863 loops=1)
        Buckets: 131072  Batches: 32  Memory Usage: 2489kB
        ->  Seq Scan on title t  (cost=0.00..67604.59 rows=1322317 width=4) (actual time=0.025..1305.399 rows=1322863 loops=1)
              Filter: (production_year > 2001)
              Rows Removed by Filter: 1205449
Planning time: 3.903 ms
Execution time: 3998.918 ms
