Seq Scan on movie_keyword mk  (cost=0.00..81003.12 rows=246 width=0) (actual time=0.040..1337.263 rows=3402 loops=1)
  Filter: (keyword_id = 872)
  Rows Removed by Filter: 4520528
Planning time: 0.352 ms
Execution time: 1338.243 ms
