Hash Join  (cost=130047.52..216816.54 rows=11098 width=0) (actual time=2012.520..3799.497 rows=484 loops=1)
  Hash Cond: (mk.movie_id = t.id)
  ->  Seq Scan on movie_keyword mk  (cost=0.00..69693.30 rows=4523930 width=4) (actual time=0.022..986.195 rows=4523930 loops=1)
  ->  Hash  (cost=129969.99..129969.99 rows=6203 width=8) (actual time=2007.440..2007.440 rows=496 loops=1)
        Buckets: 8192  Batches: 1  Memory Usage: 84kB
        ->  Hash Join  (cost=70218.80..129969.99 rows=6203 width=8) (actual time=1156.004..2007.070 rows=496 loops=1)
              Hash Cond: (mc.movie_id = t.id)
              ->  Seq Scan on movie_companies mc  (cost=0.00..57926.93 rows=98459 width=4) (actual time=0.124..807.360 rows=39124 loops=1)
                    Filter: ((company_id < 52) AND (company_type_id > 1))
                    Rows Removed by Filter: 2570005
              ->  Hash  (cost=67604.59..67604.59 rows=159297 width=4) (actual time=1152.024..1152.024 rows=164184 loops=1)
                    Buckets: 131072  Batches: 4  Memory Usage: 2464kB
                    ->  Seq Scan on title t  (cost=0.00..67604.59 rows=159297 width=4) (actual time=0.019..1096.833 rows=164184 loops=1)
                          Filter: (production_year < 1950)
                          Rows Removed by Filter: 2364128
Planning time: 1.158 ms
Execution time: 3800.083 ms
