Hash Join  (cost=102767.86..199849.50 rows=1216659 width=0) (actual time=2504.391..4404.950 rows=1165662 loops=1)
  Hash Cond: (mc.movie_id = t.id)
  ->  Seq Scan on movie_companies mc  (cost=0.00..57926.93 rows=1216659 width=4) (actual time=475.761..1175.900 rows=1165662 loops=1)
        Filter: ((company_id > 19) AND (company_type_id < 2))
        Rows Removed by Filter: 1443467
  ->  Hash  (cost=61283.27..61283.27 rows=2528527 width=4) (actual time=2027.644..2027.644 rows=2528312 loops=1)
        Buckets: 131072  Batches: 64  Memory Usage: 2415kB
        ->  Seq Scan on title t  (cost=0.00..61283.27 rows=2528527 width=4) (actual time=0.022..1164.938 rows=2528312 loops=1)
Planning time: 2.610 ms
Execution time: 4522.248 ms
