Hash Join  (cost=78556.72..219067.42 rows=1057635 width=0) (actual time=1409.270..5741.344 rows=2596470 loops=1)
  Hash Cond: (mk.movie_id = t.id)
  ->  Seq Scan on movie_keyword mk  (cost=0.00..81003.12 rows=4006193 width=4) (actual time=0.015..1810.064 rows=4007025 loops=1)
        Filter: (keyword_id > 373)
        Rows Removed by Filter: 516905
  ->  Hash  (cost=67604.59..67604.59 rows=667531 width=4) (actual time=1408.003..1408.003 rows=662825 loops=1)
        Buckets: 131072  Batches: 16  Memory Usage: 2486kB
        ->  Seq Scan on title t  (cost=0.00..67604.59 rows=667531 width=4) (actual time=467.070..1197.884 rows=662825 loops=1)
              Filter: (kind_id = 1)
              Rows Removed by Filter: 1865487
Planning time: 0.564 ms
Execution time: 6061.130 ms
