Seq Scan on cast_info ci  (cost=0.00..796071.18 rows=15249562 width=0) (actual time=0.021..15075.355 rows=10738992 loops=1)
  Filter: ((person_id < 2395779) AND (role_id > 1))
  Rows Removed by Filter: 25505352
Planning time: 0.353 ms
Execution time: 16377.019 ms
