Hash Join  (cost=94642.16..459377.13 rows=7903 width=0) (actual time=1595.773..8654.851 rows=10324 loops=1)
  Hash Cond: (mi.movie_id = t.id)
  ->  Seq Scan on movie_info mi  (cost=0.00..309384.22 rows=14739122 width=4) (actual time=0.013..4442.146 rows=14835720 loops=1)
  ->  Hash  (cost=94625.21..94625.21 rows=1356 width=8) (actual time=1593.606..1593.606 rows=537 loops=1)
        Buckets: 2048  Batches: 1  Memory Usage: 37kB
        ->  Hash Join  (cost=67697.55..94625.21 rows=1356 width=8) (actual time=1092.131..1593.313 rows=537 loops=1)
              Hash Cond: (mi_idx.movie_id = t.id)
              ->  Seq Scan on movie_info_idx mi_idx  (cost=0.00..25185.44 rows=460978 width=4) (actual time=0.016..425.593 rows=459925 loops=1)
                    Filter: (info_type_id < 100)
                    Rows Removed by Filter: 920110
              ->  Hash  (cost=67604.59..67604.59 rows=7437 width=4) (actual time=1091.862..1091.862 rows=2800 loops=1)
                    Buckets: 8192  Batches: 1  Memory Usage: 163kB
                    ->  Seq Scan on title t  (cost=0.00..67604.59 rows=7437 width=4) (actual time=647.366..1090.485 rows=2800 loops=1)
                          Filter: (production_year = 1929)
                          Rows Removed by Filter: 2525512
Planning time: 1.125 ms
Execution time: 8657.031 ms
