Seq Scan on movie_keyword mk  (cost=0.00..81003.12 rows=689165 width=0) (actual time=0.026..1383.384 rows=694056 loops=1)
  Filter: (keyword_id > 27125)
  Rows Removed by Filter: 3829874
Planning time: 0.696 ms
Execution time: 1469.737 ms
