Seq Scan on movie_keyword mk  (cost=0.00..81003.12 rows=246 width=0) (actual time=0.049..1170.576 rows=2789 loops=1)
  Filter: (keyword_id = 52)
  Rows Removed by Filter: 4521141
Planning time: 0.375 ms
Execution time: 1171.434 ms
