Hash Join  (cost=130717.22..882748.52 rows=124213 width=0) (actual time=2248.893..18704.204 rows=122495 loops=1)
  Hash Cond: (ci.movie_id = t.id)
  ->  Seq Scan on cast_info ci  (cost=0.00..614943.12 rows=36225612 width=4) (actual time=0.026..8967.060 rows=36244344 loops=1)
  ->  Hash  (cost=130608.85..130608.85 rows=8670 width=8) (actual time=2248.748..2248.748 rows=4061 loops=1)
        Buckets: 16384  Batches: 1  Memory Usage: 287kB
        ->  Hash Join  (cost=74131.99..130608.85 rows=8670 width=8) (actual time=1099.774..2247.217 rows=4061 loops=1)
              Hash Cond: (mc.movie_id = t.id)
              ->  Seq Scan on movie_companies mc  (cost=0.00..51404.11 rows=1329612 width=4) (actual time=0.014..893.148 rows=1334883 loops=1)
                    Filter: (company_type_id > 1)
                    Rows Removed by Filter: 1274246
              ->  Hash  (cost=73925.90..73925.90 rows=16487 width=4) (actual time=1098.610..1098.610 rows=16247 loops=1)
                    Buckets: 32768  Batches: 1  Memory Usage: 828kB
                    ->  Seq Scan on title t  (cost=0.00..73925.90 rows=16487 width=4) (actual time=0.125..1091.171 rows=16247 loops=1)
                          Filter: ((kind_id = 7) AND (production_year = 1993))
                          Rows Removed by Filter: 2512065
Planning time: 1.021 ms
Execution time: 18723.375 ms
