Hash Join  (cost=218672.49..1310998.73 rows=11046076 width=0) (actual time=7320.801..40861.729 rows=28355432 loops=1)
  Hash Cond: (ci.movie_id = t.id)
  ->  Seq Scan on cast_info ci  (cost=0.00..705507.15 rows=23499554 width=4) (actual time=2733.245..16094.173 rows=23573656 loops=1)
        Filter: (role_id > 1)
        Rows Removed by Filter: 12670688
  ->  Hash  (cost=199172.67..199172.67 rows=1188546 width=8) (actual time=4586.577..4586.577 rows=1127374 loops=1)
        Buckets: 131072  Batches: 16  Memory Usage: 3750kB
        ->  Hash Join  (cost=102767.86..199172.67 rows=1188546 width=8) (actual time=1887.932..4271.220 rows=1127374 loops=1)
              Hash Cond: (mc.movie_id = t.id)
              ->  Seq Scan on movie_companies mc  (cost=0.00..57926.93 rows=1188546 width=4) (actual time=0.039..1121.899 rows=1127374 loops=1)
                    Filter: ((company_id > 46) AND (company_type_id < 2))
                    Rows Removed by Filter: 1481755
              ->  Hash  (cost=61283.27..61283.27 rows=2528527 width=4) (actual time=1886.255..1886.255 rows=2528312 loops=1)
                    Buckets: 131072  Batches: 64  Memory Usage: 2415kB
                    ->  Seq Scan on title t  (cost=0.00..61283.27 rows=2528527 width=4) (actual time=0.023..1041.782 rows=2528312 loops=1)
Planning time: 1.249 ms
Execution time: 43945.360 ms
