Seq Scan on movie_keyword mk  (cost=0.00..81003.12 rows=3460716 width=12) (actual time=0.014..1761.848 rows=3455388 loops=1)
  Filter: (keyword_id > 1071)
  Rows Removed by Filter: 1068542
Planning time: 8.193 ms
Execution time: 1970.399 ms
