Hash Join  (cost=94699.36..177925.51 rows=948 width=0) (actual time=1689.554..3097.046 rows=5630 loops=1)
  Hash Cond: (mk.movie_id = t.id)
  ->  Seq Scan on movie_keyword mk  (cost=0.00..81003.12 rows=590280 width=4) (actual time=0.019..1298.573 rows=597043 loops=1)
        Filter: (keyword_id < 438)
        Rows Removed by Filter: 3926887
  ->  Hash  (cost=94648.62..94648.62 rows=4059 width=8) (actual time=1688.085..1688.085 rows=7295 loops=1)
        Buckets: 8192 (originally 4096)  Batches: 1 (originally 1)  Memory Usage: 349kB
        ->  Hash Join  (cost=67697.55..94648.62 rows=4059 width=8) (actual time=1035.246..1685.010 rows=7295 loops=1)
              Hash Cond: (mi_idx.movie_id = t.id)
              ->  Seq Scan on movie_info_idx mi_idx  (cost=0.00..21735.35 rows=1380035 width=4) (actual time=0.014..339.995 rows=1380035 loops=1)
              ->  Hash  (cost=67604.59..67604.59 rows=7437 width=4) (actual time=1035.106..1035.106 rows=11153 loops=1)
                    Buckets: 16384 (originally 8192)  Batches: 1 (originally 1)  Memory Usage: 521kB
                    ->  Seq Scan on title t  (cost=0.00..67604.59 rows=7437 width=4) (actual time=2.065..1029.771 rows=11153 loops=1)
                          Filter: (production_year = 1963)
                          Rows Removed by Filter: 2517159
Planning time: 1.178 ms
Execution time: 3098.196 ms
