Hash Join  (cost=157388.85..1026966.51 rows=17110 width=0) (actual time=2905.373..22255.343 rows=17584 loops=1)
  Hash Cond: (ci.movie_id = t.id)
  ->  Seq Scan on cast_info ci  (cost=0.00..796071.18 rows=19556108 width=4) (actual time=0.012..16367.041 rows=21917705 loops=1)
        Filter: ((person_id > 578425) AND (role_id > 1))
        Rows Removed by Filter: 14326639
  ->  Hash  (cost=157361.20..157361.20 rows=2212 width=8) (actual time=2902.705..2902.705 rows=832 loops=1)
        Buckets: 4096  Batches: 1  Memory Usage: 65kB
        ->  Hash Join  (cost=75195.76..157361.20 rows=2212 width=8) (actual time=1873.578..2902.291 rows=832 loops=1)
              Hash Cond: (mk.movie_id = t.id)
              ->  Seq Scan on movie_keyword mk  (cost=0.00..81003.12 rows=72319 width=4) (actual time=0.028..1412.280 rows=75008 loops=1)
                    Filter: (keyword_id < 70)
                    Rows Removed by Filter: 4448922
              ->  Hash  (cost=73925.90..73925.90 rows=77348 width=4) (actual time=1065.878..1065.878 rows=84109 loops=1)
                    Buckets: 131072  Batches: 2  Memory Usage: 2515kB
                    ->  Seq Scan on title t  (cost=0.00..73925.90 rows=77348 width=4) (actual time=0.029..1016.122 rows=84109 loops=1)
                          Filter: ((kind_id = 7) AND (production_year = 2008))
                          Rows Removed by Filter: 2444203
Planning time: 1.284 ms
Execution time: 22259.539 ms
