Seq Scan on movie_keyword mk  (cost=0.00..81003.12 rows=246 width=0) (actual time=0.865..1378.905 rows=513 loops=1)
  Filter: (keyword_id = 2330)
  Rows Removed by Filter: 4523417
Planning time: 0.400 ms
Execution time: 1379.229 ms
