Hash Join  (cost=229781.75..672833.83 rows=2452348 width=0) (actual time=7480.758..14085.814 rows=692092 loops=1)
  Hash Cond: (mi.movie_id = t.id)
  ->  Seq Scan on movie_info mi  (cost=0.00..346232.03 rows=5897221 width=4) (actual time=0.019..6164.709 rows=5884963 loops=1)
        Filter: (info_type_id < 7)
        Rows Removed by Filter: 8950757
  ->  Hash  (cost=212530.21..212530.21 rows=1051483 width=8) (actual time=4539.165..4539.165 rows=272038 loops=1)
        Buckets: 131072  Batches: 16  Memory Usage: 1708kB
        ->  Hash Join  (cost=92883.59..212530.21 rows=1051483 width=8) (actual time=1791.298..4453.178 rows=272038 loops=1)
              Hash Cond: (mk.movie_id = t.id)
              ->  Seq Scan on movie_keyword mk  (cost=0.00..81003.12 rows=1725534 width=4) (actual time=0.020..1547.523 rows=1735329 loops=1)
                    Filter: (keyword_id > 8118)
                    Rows Removed by Filter: 2788601
              ->  Hash  (cost=67604.59..67604.59 rows=1540800 width=4) (actual time=1789.389..1789.389 rows=1543264 loops=1)
                    Buckets: 131072  Batches: 32  Memory Usage: 2728kB
                    ->  Seq Scan on title t  (cost=0.00..67604.59 rows=1540800 width=4) (actual time=0.017..1293.109 rows=1543264 loops=1)
                          Filter: (kind_id = 7)
                          Rows Removed by Filter: 985048
Planning time: 1.121 ms
Execution time: 14165.652 ms
