Seq Scan on movie_keyword mk  (cost=0.00..81003.12 rows=246 width=0) (actual time=102.937..1220.454 rows=18 loops=1)
  Filter: (keyword_id = 35602)
  Rows Removed by Filter: 4523912
Planning time: 0.341 ms
Execution time: 1220.548 ms
