Seq Scan on movie_companies mc  (cost=0.00..57926.93 rows=1230174 width=0) (actual time=515.182..1166.364 rows=1138631 loops=1)
  Filter: ((company_id < 114654) AND (company_type_id = 2))
  Rows Removed by Filter: 1470498
Planning time: 0.316 ms
Execution time: 1311.023 ms
