Hash Join  (cost=799383.28..854050.40 rows=160 width=0) (actual time=14892.876..16061.158 rows=112 loops=1)
  Hash Cond: (mc.movie_id = t.id)
  ->  Seq Scan on movie_companies mc  (cost=0.00..44881.29 rows=2609129 width=4) (actual time=0.031..723.949 rows=2609129 loops=1)
  ->  Hash  (cost=799381.34..799381.34 rows=155 width=8) (actual time=14875.313..14875.313 rows=17 loops=1)
        Buckets: 1024  Batches: 1  Memory Usage: 9kB
        ->  Nested Loop  (cost=0.43..799381.34 rows=155 width=8) (actual time=11576.250..14875.273 rows=17 loops=1)
              ->  Seq Scan on cast_info ci  (cost=0.00..796071.18 rows=396 width=4) (actual time=11576.176..14874.393 rows=36 loops=1)
                    Filter: ((role_id < 8) AND (person_id = 2580639))
                    Rows Removed by Filter: 36244308
              ->  Index Scan using title_pkey on title t  (cost=0.43..8.35 rows=1 width=4) (actual time=0.023..0.023 rows=0 loops=36)
                    Index Cond: (id = ci.movie_id)
                    Filter: (kind_id < 7)
                    Rows Removed by Filter: 1
Planning time: 1.217 ms
Execution time: 16061.339 ms
