Hash Join  (cost=74015.19..100957.26 rows=1313 width=0) (actual time=1147.837..1657.991 rows=2284 loops=1)
  Hash Cond: (mi_idx.movie_id = t.id)
  ->  Seq Scan on movie_info_idx mi_idx  (cost=0.00..25185.44 rows=464934 width=4) (actual time=0.027..422.925 rows=460185 loops=1)
        Filter: (info_type_id > 100)
        Rows Removed by Filter: 919850
  ->  Hash  (cost=73925.90..73925.90 rows=7143 width=4) (actual time=1147.641..1147.641 rows=5068 loops=1)
        Buckets: 8192  Batches: 1  Memory Usage: 243kB
        ->  Seq Scan on title t  (cost=0.00..73925.90 rows=7143 width=4) (actual time=496.813..1145.166 rows=5068 loops=1)
              Filter: ((kind_id = 1) AND (production_year = 1993))
              Rows Removed by Filter: 2523244
Planning time: 0.991 ms
Execution time: 1658.549 ms
