Seq Scan on cast_info ci  (cost=0.00..705507.15 rows=33283808 width=0) (actual time=0.023..13958.743 rows=33236560 loops=1)
  Filter: (person_id < 3503869)
  Rows Removed by Filter: 3007784
Planning time: 0.324 ms
Execution time: 17986.670 ms
