Hash Join  (cost=173018.18..531566.89 rows=81095 width=0) (actual time=4166.122..8650.568 rows=39323 loops=1)
  Hash Cond: (mi.movie_id = t.id)
  ->  Seq Scan on movie_info mi  (cost=0.00..346232.03 rows=3068194 width=4) (actual time=1032.951..5032.164 rows=3036719 loops=1)
        Filter: (info_type_id = 16)
        Rows Removed by Filter: 11799001
  ->  Hash  (cost=172182.80..172182.80 rows=66831 width=8) (actual time=3132.536..3132.536 rows=23541 loops=1)
        Buckets: 131072  Batches: 1  Memory Usage: 1944kB
        ->  Hash Join  (cost=102767.86..172182.80 rows=66831 width=8) (actual time=1854.913..3122.282 rows=23541 loops=1)
              Hash Cond: (mc.movie_id = t.id)
              ->  Seq Scan on movie_companies mc  (cost=0.00..57926.93 rows=66831 width=4) (actual time=0.031..827.058 rows=23541 loops=1)
                    Filter: ((company_id < 27) AND (company_type_id > 1))
                    Rows Removed by Filter: 2585588
              ->  Hash  (cost=61283.27..61283.27 rows=2528527 width=4) (actual time=1853.448..1853.448 rows=2528312 loops=1)
                    Buckets: 131072  Batches: 64  Memory Usage: 2415kB
                    ->  Seq Scan on title t  (cost=0.00..61283.27 rows=2528527 width=4) (actual time=0.016..1043.317 rows=2528312 loops=1)
Planning time: 1.226 ms
Execution time: 8654.691 ms
