Hash Join  (cost=161196.12..1041048.46 rows=389792 width=0) (actual time=3223.845..25301.045 rows=1508118 loops=1)
  Hash Cond: (ci.movie_id = t.id)
  ->  Seq Scan on cast_info ci  (cost=0.00..796071.18 rows=21302187 width=4) (actual time=0.018..16521.343 rows=24448020 loops=1)
        Filter: ((person_id < 2771752) AND (role_id < 8))
        Rows Removed by Filter: 11796324
  ->  Hash  (cost=160617.77..160617.77 rows=46268 width=8) (actual time=3223.230..3223.230 rows=48377 loops=1)
        Buckets: 65536  Batches: 1  Memory Usage: 2402kB
        ->  Hash Join  (cost=68100.81..160617.77 rows=46268 width=8) (actual time=1047.112..3206.570 rows=48377 loops=1)
              Hash Cond: (mk.movie_id = t.id)
              ->  Seq Scan on movie_keyword mk  (cost=0.00..81003.12 rows=2946974 width=4) (actual time=0.015..1656.694 rows=2931447 loops=1)
                    Filter: (keyword_id < 9698)
                    Rows Removed by Filter: 1592483
              ->  Hash  (cost=67604.59..67604.59 rows=39698 width=4) (actual time=1046.370..1046.370 rows=36437 loops=1)
                    Buckets: 65536  Batches: 1  Memory Usage: 1793kB
                    ->  Seq Scan on title t  (cost=0.00..67604.59 rows=39698 width=4) (actual time=0.111..1029.797 rows=36437 loops=1)
                          Filter: (production_year = 1995)
                          Rows Removed by Filter: 2491875
Planning time: 2.853 ms
Execution time: 25489.404 ms
