Seq Scan on movie_companies mc  (cost=0.00..51404.11 rows=470195 width=0) (actual time=149.130..926.367 rows=473867 loops=1)
  Filter: (company_id > 75709)
  Rows Removed by Filter: 2135262
Planning time: 0.333 ms
Execution time: 984.479 ms
