Hash Join  (cost=80830.47..153995.54 rows=171042 width=0) (actual time=1432.256..3388.310 rows=559753 loops=1)
  Hash Cond: (mc.movie_id = t.id)
  ->  Seq Scan on movie_companies mc  (cost=0.00..57926.93 rows=1027657 width=4) (actual time=48.857..1169.950 rows=1274246 loops=1)
        Filter: ((company_id < 73388) AND (company_type_id = 1))
        Rows Removed by Filter: 1334883
  ->  Hash  (cost=73925.90..73925.90 rows=420845 width=4) (actual time=1382.406..1382.406 rows=517968 loops=1)
        Buckets: 131072  Batches: 8  Memory Usage: 3313kB
        ->  Seq Scan on title t  (cost=0.00..73925.90 rows=420845 width=4) (actual time=0.034..1208.685 rows=517968 loops=1)
              Filter: ((kind_id < 7) AND (production_year < 2001))
              Rows Removed by Filter: 2010344
Planning time: 0.748 ms
Execution time: 3454.919 ms
