Hash Join  (cost=199885.84..238962.89 rows=80657 width=0) (actual time=3890.064..4900.622 rows=382411 loops=1)
  Hash Cond: (mi_idx.movie_id = t.id)
  ->  Seq Scan on movie_info_idx mi_idx  (cost=0.00..21735.35 rows=1380035 width=4) (actual time=0.024..440.277 rows=1380035 loops=1)
  ->  Hash  (cost=197460.58..197460.58 rows=147781 width=8) (actual time=3889.238..3889.238 rows=154894 loops=1)
        Buckets: 131072  Batches: 2  Memory Usage: 4057kB
        ->  Hash Join  (cost=104131.46..197460.58 rows=147781 width=8) (actual time=2112.534..3840.964 rows=154894 loops=1)
              Hash Cond: (mk.movie_id = t.id)
              ->  Seq Scan on movie_keyword mk  (cost=0.00..81003.12 rows=167836 width=4) (actual time=0.028..1232.180 rows=162344 loops=1)
                    Filter: (keyword_id > 72646)
                    Rows Removed by Filter: 4361586
              ->  Hash  (cost=67604.59..67604.59 rows=2226390 width=4) (actual time=2109.657..2109.657 rows=2224569 loops=1)
                    Buckets: 131072  Batches: 32  Memory Usage: 3472kB
                    ->  Seq Scan on title t  (cost=0.00..67604.59 rows=2226390 width=4) (actual time=0.014..1410.512 rows=2224569 loops=1)
                          Filter: (production_year < 2012)
                          Rows Removed by Filter: 303743
Planning time: 1.680 ms
Execution time: 4949.947 ms
