Hash Join  (cost=87478.10..174278.10 rows=852347 width=0) (actual time=1620.789..4128.928 rows=1623684 loops=1)
  Hash Cond: (mc.movie_id = t.id)
  ->  Seq Scan on movie_companies mc  (cost=0.00..44881.29 rows=2609129 width=4) (actual time=0.015..788.833 rows=2609129 loops=1)
  ->  Hash  (cost=73925.90..73925.90 rows=826016 width=4) (actual time=1619.939..1619.939 rows=812375 loops=1)
        Buckets: 131072  Batches: 16  Memory Usage: 2806kB
        ->  Seq Scan on title t  (cost=0.00..73925.90 rows=826016 width=4) (actual time=0.008..1137.625 rows=812375 loops=1)
              Filter: ((kind_id < 4) AND (production_year > 1911))
              Rows Removed by Filter: 1715937
Planning time: 0.768 ms
Execution time: 4303.106 ms
