Hash Join  (cost=80042.24..1220183.86 rows=8888102 width=0) (actual time=1287.248..34665.562 rows=9112277 loops=1)
  Hash Cond: (ci.movie_id = t.id)
  ->  Seq Scan on cast_info ci  (cost=0.00..705507.15 rows=29646788 width=4) (actual time=0.023..16010.589 rows=29582716 loops=1)
        Filter: (person_id < 2993200)
        Rows Removed by Filter: 6661628
  ->  Hash  (cost=67604.59..67604.59 rows=758052 width=4) (actual time=1285.983..1285.983 rows=753677 loops=1)
        Buckets: 131072  Batches: 16  Memory Usage: 2677kB
        ->  Seq Scan on title t  (cost=0.00..67604.59 rows=758052 width=4) (actual time=0.018..1033.465 rows=753677 loops=1)
              Filter: (kind_id < 3)
              Rows Removed by Filter: 1774635
Planning time: 0.822 ms
Execution time: 35684.235 ms
