Hash Join  (cost=993703.35..1167136.15 rows=3757185 width=0) (actual time=18887.923..24162.282 rows=5839220 loops=1)
  Hash Cond: (mk.movie_id = t.id)
  ->  Seq Scan on movie_keyword mk  (cost=0.00..69693.30 rows=4523930 width=4) (actual time=0.020..1511.806 rows=4523930 loops=1)
  ->  Hash  (cost=959249.65..959249.65 rows=2099976 width=8) (actual time=18885.312..18885.312 rows=1631562 loops=1)
        Buckets: 131072  Batches: 32  Memory Usage: 3015kB
        ->  Hash Join  (cost=102767.86..959249.65 rows=2099976 width=8) (actual time=2248.243..18403.051 rows=1631562 loops=1)
              Hash Cond: (ci.movie_id = t.id)
              ->  Seq Scan on cast_info ci  (cost=0.00..796071.18 rows=2099976 width=4) (actual time=211.695..14641.446 rows=1631562 loops=1)
                    Filter: ((person_id < 2845860) AND (role_id = 4))
                    Rows Removed by Filter: 34612782
              ->  Hash  (cost=61283.27..61283.27 rows=2528527 width=4) (actual time=2034.478..2034.478 rows=2528312 loops=1)
                    Buckets: 131072  Batches: 64  Memory Usage: 2415kB
                    ->  Seq Scan on title t  (cost=0.00..61283.27 rows=2528527 width=4) (actual time=0.018..1208.318 rows=2528312 loops=1)
Planning time: 1.210 ms
Execution time: 24863.259 ms
