Seq Scan on movie_companies mc  (cost=0.00..57926.93 rows=14454 width=0) (actual time=401.668..855.468 rows=27005 loops=1)
  Filter: ((company_id > 210266) AND (company_type_id > 1))
  Rows Removed by Filter: 2582124
Planning time: 0.244 ms
Execution time: 858.770 ms
