Hash Join  (cost=121516.63..246199.38 rows=219971 width=0) (actual time=2526.780..6000.011 rows=1751120 loops=1)
  Hash Cond: (mk.movie_id = t.id)
  ->  Seq Scan on movie_keyword mk  (cost=0.00..69693.30 rows=4523930 width=4) (actual time=0.028..1424.866 rows=4523930 loops=1)
  ->  Hash  (cost=119498.79..119498.79 rows=122947 width=8) (actual time=2526.077..2526.077 rows=200326 loops=1)
        Buckets: 131072 (originally 131072)  Batches: 4 (originally 2)  Memory Usage: 3073kB
        ->  Hash Join  (cost=85157.92..119498.79 rows=122947 width=8) (actual time=1426.239..2223.551 rows=200326 loops=1)
              Hash Cond: (mi_idx.movie_id = t.id)
              ->  Seq Scan on movie_info_idx mi_idx  (cost=0.00..25185.44 rows=454124 width=4) (actual time=0.015..397.377 rows=459925 loops=1)
                    Filter: (info_type_id = 100)
                    Rows Removed by Filter: 920110
              ->  Hash  (cost=73925.90..73925.90 rows=684561 width=4) (actual time=1424.980..1424.980 rows=585759 loops=1)
                    Buckets: 131072  Batches: 16  Memory Usage: 2308kB
                    ->  Seq Scan on title t  (cost=0.00..73925.90 rows=684561 width=4) (actual time=0.017..1243.319 rows=585759 loops=1)
                          Filter: ((kind_id < 7) AND (production_year > 1990))
                          Rows Removed by Filter: 1942553
Planning time: 1.144 ms
Execution time: 6196.657 ms
