Seq Scan on movie_keyword mk  (cost=0.00..81003.12 rows=1029999 width=0) (actual time=0.010..1481.809 rows=1034854 loops=1)
  Filter: (keyword_id > 17170)
  Rows Removed by Filter: 3489076
Planning time: 0.315 ms
Execution time: 1623.519 ms
