Nested Loop  (cost=0.43..797488.04 rows=168 width=0) (actual time=3044.774..13860.455 rows=6 loops=1)
  ->  Seq Scan on cast_info ci  (cost=0.00..796071.18 rows=168 width=4) (actual time=3044.642..13859.575 rows=6 loops=1)
        Filter: ((role_id > 3) AND (person_id = 1661021))
        Rows Removed by Filter: 36244338
  ->  Index Only Scan using title_pkey on title t  (cost=0.43..8.42 rows=1 width=4) (actual time=0.133..0.134 rows=1 loops=6)
        Index Cond: (id = ci.movie_id)
        Heap Fetches: 6
Planning time: 5.925 ms
Execution time: 13860.555 ms
