Hash Join  (cost=69460.45..999677.77 rows=498006 width=0) (actual time=5279.499..21127.484 rows=446340 loops=1)
  Hash Cond: (ci.movie_id = t.id)
  ->  Seq Scan on cast_info ci  (cost=0.00..796071.18 rows=11132822 width=4) (actual time=4159.050..16246.735 rows=9484245 loops=1)
        Filter: ((person_id > 426246) AND (role_id = 1))
        Rows Removed by Filter: 26760099
  ->  Hash  (cost=67604.59..67604.59 rows=113109 width=4) (actual time=1119.495..1119.495 rows=119565 loops=1)
        Buckets: 131072  Batches: 2  Memory Usage: 3115kB
        ->  Seq Scan on title t  (cost=0.00..67604.59 rows=113109 width=4) (actual time=0.078..1070.273 rows=119565 loops=1)
              Filter: (production_year = 2007)
              Rows Removed by Filter: 2408747
Planning time: 3.637 ms
Execution time: 21186.793 ms
