Hash Join  (cost=109448.91..172397.31 rows=34296 width=0) (actual time=1926.028..3276.265 rows=106477 loops=1)
  Hash Cond: (mc.movie_id = t.id)
  ->  Seq Scan on movie_companies mc  (cost=0.00..57926.93 rows=1247600 width=4) (actual time=0.015..1054.651 rows=1214780 loops=1)
        Filter: ((company_id > 6) AND (company_type_id < 2))
        Rows Removed by Filter: 1394349
  ->  Hash  (cost=108580.06..108580.06 rows=69508 width=8) (actual time=1925.368..1925.368 rows=60340 loops=1)
        Buckets: 131072  Batches: 1  Memory Usage: 3382kB
        ->  Hash Join  (cost=69694.50..108580.06 rows=69508 width=8) (actual time=1048.334..1908.229 rows=60340 loops=1)
              Hash Cond: (mi_idx.movie_id = t.id)
              ->  Seq Scan on movie_info_idx mi_idx  (cost=0.00..21735.35 rows=1380035 width=4) (actual time=0.022..428.372 rows=1380035 loops=1)
              ->  Hash  (cost=67604.59..67604.59 rows=127353 width=4) (actual time=1047.626..1047.626 rows=128696 loops=1)
                    Buckets: 131072  Batches: 2  Memory Usage: 3284kB
                    ->  Seq Scan on title t  (cost=0.00..67604.59 rows=127353 width=4) (actual time=0.021..1000.651 rows=128696 loops=1)
                          Filter: (production_year = 2009)
                          Rows Removed by Filter: 2399616
Planning time: 1.114 ms
Execution time: 3289.634 ms
