Seq Scan on movie_companies mc  (cost=0.00..57926.93 rows=1280 width=0) (actual time=51.208..951.252 rows=1251 loops=1)
  Filter: ((company_type_id < 2) AND (company_id = 119))
  Rows Removed by Filter: 2607878
Planning time: 0.328 ms
Execution time: 951.604 ms
