Hash Join  (cost=197164.89..682371.31 rows=506050 width=0) (actual time=3685.042..15484.748 rows=3147147 loops=1)
  Hash Cond: (mi.movie_id = t.id)
  ->  Seq Scan on movie_info mi  (cost=0.00..309384.22 rows=14739122 width=4) (actual time=0.012..5900.831 rows=14835720 loops=1)
  ->  Hash  (cost=195739.71..195739.71 rows=86814 width=8) (actual time=3684.274..3684.274 rows=91832 loops=1)
        Buckets: 131072  Batches: 2  Memory Usage: 2848kB
        ->  Hash Join  (cost=102767.86..195739.71 rows=86814 width=8) (actual time=1962.308..3652.951 rows=91832 loops=1)
              Hash Cond: (mk.movie_id = t.id)
              ->  Seq Scan on movie_keyword mk  (cost=0.00..81003.12 rows=86814 width=4) (actual time=0.033..1227.067 rows=91832 loops=1)
                    Filter: (keyword_id < 79)
                    Rows Removed by Filter: 4432098
              ->  Hash  (cost=61283.27..61283.27 rows=2528527 width=4) (actual time=1955.703..1955.703 rows=2528312 loops=1)
                    Buckets: 131072  Batches: 64  Memory Usage: 2425kB
                    ->  Seq Scan on title t  (cost=0.00..61283.27 rows=2528527 width=4) (actual time=0.025..1079.972 rows=2528312 loops=1)
Planning time: 1.129 ms
Execution time: 15862.961 ms
