Seq Scan on movie_keyword mk  (cost=0.00..81003.12 rows=2903216 width=0) (actual time=0.015..1430.225 rows=2893981 loops=1)
  Filter: (keyword_id < 9127)
  Rows Removed by Filter: 1629949
Planning time: 0.304 ms
Execution time: 1783.085 ms
