Hash Join  (cost=343080.18..1107822.23 rows=21524041 width=0) (actual time=8314.573..64270.459 rows=188964357 loops=1)
  Hash Cond: (mi.movie_id = t.id)
  ->  Seq Scan on movie_info mi  (cost=0.00..309384.22 rows=14739122 width=4) (actual time=0.014..6136.843 rows=14835720 loops=1)
  ->  Hash  (cost=282500.01..282500.01 rows=3692494 width=8) (actual time=8312.225..8312.225 rows=3685140 loops=1)
        Buckets: 131072  Batches: 64  Memory Usage: 3377kB
        ->  Hash Join  (cost=102767.86..282500.01 rows=3692494 width=8) (actual time=2266.850..7248.011 rows=3685140 loops=1)
              Hash Cond: (mk.movie_id = t.id)
              ->  Seq Scan on movie_keyword mk  (cost=0.00..81003.12 rows=3692494 width=4) (actual time=0.018..1817.611 rows=3685140 loops=1)
                    Filter: (keyword_id < 21920)
                    Rows Removed by Filter: 838790
              ->  Hash  (cost=61283.27..61283.27 rows=2528527 width=4) (actual time=2265.880..2265.880 rows=2528312 loops=1)
                    Buckets: 131072  Batches: 64  Memory Usage: 2425kB
                    ->  Seq Scan on title t  (cost=0.00..61283.27 rows=2528527 width=4) (actual time=0.018..1125.868 rows=2528312 loops=1)
Planning time: 0.956 ms
Execution time: 85095.638 ms
