Hash Join  (cost=76817.76..567585.25 rows=1027257 width=0) (actual time=1365.714..15706.590 rows=3705905 loops=1)
  Hash Cond: (mi.movie_id = t.id)
  ->  Seq Scan on movie_info mi  (cost=0.00..309384.22 rows=14739122 width=4) (actual time=0.012..6077.676 rows=14835720 loops=1)
  ->  Hash  (cost=73925.90..73925.90 rows=176228 width=4) (actual time=1364.892..1364.892 rows=310626 loops=1)
        Buckets: 131072  Batches: 4  Memory Usage: 3764kB
        ->  Seq Scan on title t  (cost=0.00..73925.90 rows=176228 width=4) (actual time=639.086..1265.146 rows=310626 loops=1)
              Filter: ((production_year < 1989) AND (kind_id = 1))
              Rows Removed by Filter: 2217686
Planning time: 0.793 ms
Execution time: 16163.176 ms
