Seq Scan on cast_info ci  (cost=0.00..705507.15 rows=25875429 width=0) (actual time=995.982..12644.211 rows=26064043 loops=1)
  Filter: (person_id > 1000805)
  Rows Removed by Filter: 10180301
Planning time: 0.318 ms
Execution time: 15848.337 ms
