Seq Scan on cast_info ci  (cost=0.00..705507.15 rows=500 width=0) (actual time=6985.442..11271.413 rows=338 loops=1)
  Filter: (person_id = 774947)
  Rows Removed by Filter: 36244006
Planning time: 0.251 ms
Execution time: 11271.540 ms
