Hash Join  (cost=196326.91..660016.88 rows=904066 width=0) (actual time=4030.048..14610.378 rows=301657 loops=1)
  Hash Cond: (mi.movie_id = t.id)
  ->  Seq Scan on movie_info mi  (cost=0.00..346232.03 rows=9293409 width=4) (actual time=0.022..6920.724 rows=9425200 loops=1)
        Filter: (info_type_id > 5)
        Rows Removed by Filter: 5410520
  ->  Hash  (cost=192291.21..192291.21 rows=245976 width=8) (actual time=3989.483..3989.483 rows=44787 loops=1)
        Buckets: 131072  Batches: 4  Memory Usage: 1481kB
        ->  Hash Join  (cost=77854.63..192291.21 rows=245976 width=8) (actual time=1489.769..3972.809 rows=44787 loops=1)
              Hash Cond: (mk.movie_id = t.id)
              ->  Seq Scan on movie_keyword mk  (cost=0.00..81003.12 rows=2597785 width=4) (actual time=0.017..1698.284 rows=2586216 loops=1)
                    Filter: (keyword_id < 6830)
                    Rows Removed by Filter: 1937714
              ->  Hash  (cost=73925.90..73925.90 rows=239418 width=4) (actual time=1239.688..1239.688 rows=256906 loops=1)
                    Buckets: 131072  Batches: 4  Memory Usage: 3302kB
                    ->  Seq Scan on title t  (cost=0.00..73925.90 rows=239418 width=4) (actual time=134.523..1146.587 rows=256906 loops=1)
                          Filter: ((production_year > 2010) AND (kind_id = 7))
                          Rows Removed by Filter: 2271406
Planning time: 1.182 ms
Execution time: 14647.189 ms
