Hash Join  (cost=73682.32..796939.91 rows=2096 width=0) (actual time=1033.042..12879.182 rows=17592 loops=1)
  Hash Cond: (ci.movie_id = t.id)
  ->  Seq Scan on cast_info ci  (cost=0.00..705507.15 rows=4727860 width=4) (actual time=154.216..11082.598 rows=4625155 loops=1)
        Filter: (person_id < 447439)
        Rows Removed by Filter: 31619189
  ->  Hash  (cost=73668.31..73668.31 rows=1121 width=8) (actual time=872.847..872.847 rows=3598 loops=1)
        Buckets: 4096 (originally 2048)  Batches: 1 (originally 1)  Memory Usage: 173kB
        ->  Nested Loop  (cost=0.43..73668.31 rows=1121 width=8) (actual time=0.505..870.956 rows=3598 loops=1)
              ->  Seq Scan on movie_companies mc  (cost=0.00..51404.11 rows=2870 width=4) (actual time=0.466..798.128 rows=3599 loops=1)
                    Filter: (company_id = 4625)
                    Rows Removed by Filter: 2605530
              ->  Index Scan using title_pkey on title t  (cost=0.43..7.75 rows=1 width=4) (actual time=0.019..0.019 rows=1 loops=3599)
                    Index Cond: (id = mc.movie_id)
                    Filter: (kind_id < 7)
                    Rows Removed by Filter: 0
Planning time: 0.809 ms
Execution time: 12882.026 ms
