Hash Join  (cost=187414.08..245000.36 rows=17580 width=0) (actual time=3771.064..4771.697 rows=10498 loops=1)
  Hash Cond: (mc.movie_id = t.id)
  ->  Seq Scan on movie_companies mc  (cost=0.00..51404.11 rows=488631 width=4) (actual time=0.020..882.091 rows=491537 loops=1)
        Filter: (company_id > 74642)
        Rows Removed by Filter: 2117592
  ->  Hash  (cost=185920.93..185920.93 rows=90972 width=8) (actual time=3723.655..3723.655 rows=23069 loops=1)
        Buckets: 131072  Batches: 2  Memory Usage: 1471kB
        ->  Hash Join  (cost=96671.90..185920.93 rows=90972 width=8) (actual time=2060.453..3714.318 rows=23069 loops=1)
              Hash Cond: (mk.movie_id = t.id)
              ->  Seq Scan on movie_keyword mk  (cost=0.00..81003.12 rows=165915 width=4) (actual time=0.016..1297.077 rows=160713 loops=1)
                    Filter: (keyword_id > 72793)
                    Rows Removed by Filter: 4363217
              ->  Hash  (cost=73925.90..73925.90 rows=1386400 width=4) (actual time=2059.104..2059.104 rows=1503584 loops=1)
                    Buckets: 131072  Batches: 32  Memory Usage: 2693kB
                    ->  Seq Scan on title t  (cost=0.00..73925.90 rows=1386400 width=4) (actual time=0.028..1551.251 rows=1503584 loops=1)
                          Filter: ((kind_id > 2) AND (production_year > 1977))
                          Rows Removed by Filter: 1024728
Planning time: 1.142 ms
Execution time: 4773.487 ms
