Hash Join  (cost=102767.86..217560.04 rows=2223758 width=0) (actual time=1870.771..5507.400 rows=2223482 loops=1)
  Hash Cond: (mc.movie_id = t.id)
  ->  Seq Scan on movie_companies mc  (cost=0.00..51404.11 rows=2223758 width=4) (actual time=0.016..1168.316 rows=2223482 loops=1)
        Filter: (company_id > 225)
        Rows Removed by Filter: 385647
  ->  Hash  (cost=61283.27..61283.27 rows=2528527 width=4) (actual time=1869.047..1869.047 rows=2528312 loops=1)
        Buckets: 131072  Batches: 64  Memory Usage: 2415kB
        ->  Seq Scan on title t  (cost=0.00..61283.27 rows=2528527 width=4) (actual time=0.014..1047.352 rows=2528312 loops=1)
Planning time: 0.642 ms
Execution time: 5754.666 ms
