Hash Join  (cost=84618.84..118869.17 rows=118822 width=0) (actual time=1458.313..2323.620 rows=252922 loops=1)
  Hash Cond: (mi_idx.movie_id = t.id)
  ->  Seq Scan on movie_info_idx mi_idx  (cost=0.00..25185.44 rows=460978 width=4) (actual time=0.019..452.287 rows=459925 loops=1)
        Filter: (info_type_id < 100)
        Rows Removed by Filter: 920110
  ->  Hash  (cost=73925.90..73925.90 rows=651755 width=4) (actual time=1457.534..1457.534 rows=711179 loops=1)
        Buckets: 131072  Batches: 16  Memory Usage: 2590kB
        ->  Seq Scan on title t  (cost=0.00..73925.90 rows=651755 width=4) (actual time=0.006..1224.145 rows=711179 loops=1)
              Filter: ((kind_id < 7) AND (production_year < 2008))
              Rows Removed by Filter: 1817133
Planning time: 0.823 ms
Execution time: 2350.738 ms
