Hash Join  (cost=102767.86..188167.83 rows=731141 width=0) (actual time=1925.458..4064.784 rows=951263 loops=1)
  Hash Cond: (mc.movie_id = t.id)
  ->  Seq Scan on movie_companies mc  (cost=0.00..57926.93 rows=731141 width=4) (actual time=0.013..981.555 rows=951263 loops=1)
        Filter: ((company_id > 9765) AND (company_type_id > 1))
        Rows Removed by Filter: 1657866
  ->  Hash  (cost=61283.27..61283.27 rows=2528527 width=4) (actual time=1923.249..1923.249 rows=2528312 loops=1)
        Buckets: 131072  Batches: 64  Memory Usage: 2415kB
        ->  Seq Scan on title t  (cost=0.00..61283.27 rows=2528527 width=4) (actual time=0.015..1069.722 rows=2528312 loops=1)
Planning time: 0.731 ms
Execution time: 4179.006 ms
