Seq Scan on cast_info ci  (cost=0.00..796071.18 rows=38175 width=0) (actual time=3414.692..10333.309 rows=6755 loops=1)
  Filter: ((person_id < 452289) AND (role_id = 7))
  Rows Removed by Filter: 36237589
Planning time: 0.394 ms
Execution time: 10334.316 ms
