Hash Join  (cost=102767.86..1369747.67 rows=19159670 width=0) (actual time=5054.946..38487.816 rows=21717341 loops=1)
  Hash Cond: (ci.movie_id = t.id)
  ->  Seq Scan on cast_info ci  (cost=0.00..796071.18 rows=19159670 width=4) (actual time=2962.936..18077.083 rows=21717341 loops=1)
        Filter: ((person_id > 639652) AND (role_id > 1))
        Rows Removed by Filter: 14527003
  ->  Hash  (cost=61283.27..61283.27 rows=2528527 width=4) (actual time=2090.581..2090.581 rows=2528312 loops=1)
        Buckets: 131072  Batches: 64  Memory Usage: 2415kB
        ->  Seq Scan on title t  (cost=0.00..61283.27 rows=2528527 width=4) (actual time=0.014..1150.936 rows=2528312 loops=1)
Planning time: 7.881 ms
Execution time: 40921.460 ms
