Hash Join  (cost=76553.69..115746.21 rows=87404 width=0) (actual time=1149.963..2119.288 rows=11712 loops=1)
  Hash Cond: (mi_idx.movie_id = t.id)
  ->  Seq Scan on movie_info_idx mi_idx  (cost=0.00..21735.35 rows=1380035 width=4) (actual time=0.019..445.744 rows=1380035 loops=1)
  ->  Hash  (cost=73925.90..73925.90 rows=160143 width=4) (actual time=1148.591..1148.591 rows=46430 loops=1)
        Buckets: 131072  Batches: 4  Memory Usage: 1433kB
        ->  Seq Scan on title t  (cost=0.00..73925.90 rows=160143 width=4) (actual time=0.019..1129.203 rows=46430 loops=1)
              Filter: ((kind_id > 3) AND (production_year < 1960))
              Rows Removed by Filter: 2481882
Planning time: 0.743 ms
Execution time: 2120.941 ms
