Seq Scan on cast_info ci  (cost=0.00..705507.15 rows=500 width=0) (actual time=7206.789..10778.697 rows=11 loops=1)
  Filter: (person_id = 4029004)
  Rows Removed by Filter: 36244333
Planning time: 1.641 ms
Execution time: 10778.779 ms
