Seq Scan on title t  (cost=0.00..73925.90 rows=4532 width=0) (actual time=0.025..1133.210 rows=8404 loops=1)
  Filter: ((kind_id = 7) AND (production_year = 1983))
  Rows Removed by Filter: 2519908
Planning time: 0.391 ms
Execution time: 1135.199 ms
