Nested Loop  (cost=64399.10..152567.65 rows=729 width=0) (actual time=1218.680..2635.402 rows=8986 loops=1)
  ->  Hash Join  (cost=64398.67..149064.45 rows=3834 width=8) (actual time=1218.617..2534.826 rows=8986 loops=1)
        Hash Cond: (mk.movie_id = mc.movie_id)
        ->  Seq Scan on movie_keyword mk  (cost=0.00..81003.12 rows=4675 width=4) (actual time=1.110..1227.804 rows=4400 loops=1)
              Filter: (keyword_id = 7637)
              Rows Removed by Filter: 4519530
        ->  Hash  (cost=57926.93..57926.93 rows=394459 width=4) (actual time=1204.944..1204.944 rows=567402 loops=1)
              Buckets: 131072  Batches: 8  Memory Usage: 3528kB
              ->  Seq Scan on movie_companies mc  (cost=0.00..57926.93 rows=394459 width=4) (actual time=446.643..1026.679 rows=567402 loops=1)
                    Filter: ((company_id < 1741) AND (company_type_id = 1))
                    Rows Removed by Filter: 2041727
  ->  Index Only Scan using title_pkey on title t  (cost=0.43..0.90 rows=1 width=4) (actual time=0.010..0.011 rows=1 loops=8986)
        Index Cond: (id = mc.movie_id)
        Heap Fetches: 8986
Planning time: 1.194 ms
Execution time: 2637.705 ms
