Hash Join  (cost=102767.86..1558744.06 rows=30777788 width=0) (actual time=2124.147..45844.563 rows=30877051 loops=1)
  Hash Cond: (ci.movie_id = t.id)
  ->  Seq Scan on cast_info ci  (cost=0.00..705507.15 rows=30777788 width=4) (actual time=0.026..16831.620 rows=30877051 loops=1)
        Filter: (person_id > 517924)
        Rows Removed by Filter: 5367293
  ->  Hash  (cost=61283.27..61283.27 rows=2528527 width=4) (actual time=2122.296..2122.296 rows=2528312 loops=1)
        Buckets: 131072  Batches: 64  Memory Usage: 2415kB
        ->  Seq Scan on title t  (cost=0.00..61283.27 rows=2528527 width=4) (actual time=0.020..1260.469 rows=2528312 loops=1)
Planning time: 0.832 ms
Execution time: 49414.774 ms
