Hash Join  (cost=1075083.33..1303660.11 rows=7355100 width=0) (actual time=23318.325..39196.943 rows=54260651 loops=1)
  Hash Cond: (mk.movie_id = t.id)
  ->  Seq Scan on movie_keyword mk  (cost=0.00..69693.30 rows=4523930 width=4) (actual time=0.012..1474.395 rows=4523930 loops=1)
  ->  Hash  (cost=1007637.68..1007637.68 rows=4110932 width=8) (actual time=23312.882..23312.882 rows=5970917 loops=1)
        Buckets: 131072 (originally 131072)  Batches: 128 (originally 64)  Memory Usage: 3073kB
        ->  Hash Join  (cost=102767.86..1007637.68 rows=4110932 width=8) (actual time=7649.889..21638.494 rows=5970917 loops=1)
              Hash Cond: (ci.movie_id = t.id)
              ->  Seq Scan on cast_info ci  (cost=0.00..796071.18 rows=4110932 width=4) (actual time=5792.486..14483.673 rows=5970917 loops=1)
                    Filter: ((person_id > 1691893) AND (role_id > 6))
                    Rows Removed by Filter: 30273427
              ->  Hash  (cost=61283.27..61283.27 rows=2528527 width=4) (actual time=1856.372..1856.372 rows=2528312 loops=1)
                    Buckets: 131072  Batches: 64  Memory Usage: 2415kB
                    ->  Seq Scan on title t  (cost=0.00..61283.27 rows=2528527 width=4) (actual time=0.029..1043.958 rows=2528312 loops=1)
Planning time: 1.123 ms
Execution time: 44852.991 ms
