Seq Scan on movie_companies mc  (cost=0.00..51404.11 rows=2143814 width=0) (actual time=0.010..1082.664 rows=2138995 loops=1)
  Filter: (company_id < 76033)
  Rows Removed by Filter: 470134
Planning time: 0.246 ms
Execution time: 1363.319 ms
