Hash Join  (cost=67697.55..124381.56 rows=4109 width=0) (actual time=1132.738..2378.615 rows=13849 loops=1)
  Hash Cond: (mc.movie_id = t.id)
  ->  Seq Scan on movie_companies mc  (cost=0.00..51404.11 rows=1397016 width=4) (actual time=0.021..923.415 rows=1386414 loops=1)
        Filter: (company_id < 11991)
        Rows Removed by Filter: 1222715
  ->  Hash  (cost=67604.59..67604.59 rows=7437 width=4) (actual time=1132.390..1132.390 rows=21312 loops=1)
        Buckets: 32768 (originally 8192)  Batches: 1 (originally 1)  Memory Usage: 1006kB
        ->  Seq Scan on title t  (cost=0.00..67604.59 rows=7437 width=4) (actual time=0.061..1122.975 rows=21312 loops=1)
              Filter: (production_year = 1989)
              Rows Removed by Filter: 2507000
Planning time: 0.832 ms
Execution time: 2381.226 ms
