Hash Join  (cost=74356.84..830085.16 rows=493915 width=0) (actual time=1297.838..21015.065 rows=509930 loops=1)
  Hash Cond: (ci.movie_id = t.id)
  ->  Seq Scan on cast_info ci  (cost=0.00..614943.12 rows=36225612 width=4) (actual time=0.014..8929.509 rows=36244344 loops=1)
  ->  Hash  (cost=73925.90..73925.90 rows=34475 width=4) (actual time=1297.458..1297.458 rows=39896 loops=1)
        Buckets: 65536  Batches: 1  Memory Usage: 1915kB
        ->  Seq Scan on title t  (cost=0.00..73925.90 rows=34475 width=4) (actual time=0.030..1280.706 rows=39896 loops=1)
              Filter: ((kind_id > 3) AND (production_year = 2000))
              Rows Removed by Filter: 2488416
Planning time: 0.514 ms
Execution time: 21097.149 ms
