Nested Loop  (cost=0.43..83072.90 rows=21 width=0) (actual time=2.784..1436.630 rows=351 loops=1)
  ->  Seq Scan on movie_keyword mk  (cost=0.00..81003.12 rows=246 width=4) (actual time=1.025..1386.995 rows=970 loops=1)
        Filter: (keyword_id = 1294)
        Rows Removed by Filter: 4522960
  ->  Index Scan using title_pkey on title t  (cost=0.43..8.40 rows=1 width=4) (actual time=0.050..0.050 rows=0 loops=970)
        Index Cond: (id = mk.movie_id)
        Filter: ((kind_id < 3) AND (production_year < 1992))
        Rows Removed by Filter: 1
Planning time: 0.796 ms
Execution time: 1436.914 ms
