Seq Scan on title t  (cost=0.00..73925.90 rows=33621 width=0) (actual time=0.023..1064.289 rows=28104 loops=1)
  Filter: ((kind_id < 2) AND (production_year = 2009))
  Rows Removed by Filter: 2500208
Planning time: 0.410 ms
Execution time: 1068.696 ms
