Seq Scan on cast_info ci  (cost=0.00..796071.18 rows=176 width=0) (actual time=7389.867..13367.985 rows=3 loops=1)
  Filter: ((role_id < 2) AND (person_id = 1100500))
  Rows Removed by Filter: 36244341
Planning time: 0.416 ms
Execution time: 13368.120 ms
