Hash Join  (cost=72707.20..420385.55 rows=2206 width=0) (actual time=5462.891..6733.024 rows=1805 loops=1)
  Hash Cond: (mi.movie_id = t.id)
  ->  Seq Scan on movie_info mi  (cost=0.00..346232.03 rows=17937 width=4) (actual time=3644.893..4898.759 rows=30180 loops=1)
        Filter: (info_type_id = 110)
        Rows Removed by Filter: 14805540
  ->  Hash  (cost=67604.59..67604.59 rows=311009 width=4) (actual time=1774.548..1774.548 rows=309534 loops=1)
        Buckets: 131072  Batches: 8  Memory Usage: 2384kB
        ->  Seq Scan on title t  (cost=0.00..67604.59 rows=311009 width=4) (actual time=0.030..1066.271 rows=309534 loops=1)
              Filter: (production_year < 1966)
              Rows Removed by Filter: 2218778
Planning time: 0.775 ms
Execution time: 6733.335 ms
