Hash Join  (cost=83074.04..447735.27 rows=530 width=0) (actual time=1129.040..7669.777 rows=8144 loops=1)
  Hash Cond: (mi.movie_id = t.id)
  ->  Seq Scan on movie_info mi  (cost=0.00..309384.22 rows=14739122 width=4) (actual time=0.016..3933.896 rows=14835720 loops=1)
  ->  Hash  (cost=83072.90..83072.90 rows=91 width=8) (actual time=1128.565..1128.565 rows=56 loops=1)
        Buckets: 1024  Batches: 1  Memory Usage: 11kB
        ->  Nested Loop  (cost=0.43..83072.90 rows=91 width=8) (actual time=12.337..1128.472 rows=56 loops=1)
              ->  Seq Scan on movie_keyword mk  (cost=0.00..81003.12 rows=246 width=4) (actual time=12.265..1122.805 rows=72 loops=1)
                    Filter: (keyword_id = 13025)
                    Rows Removed by Filter: 4523858
              ->  Index Scan using title_pkey on title t  (cost=0.43..8.40 rows=1 width=4) (actual time=0.073..0.074 rows=1 loops=72)
                    Index Cond: (id = mk.movie_id)
                    Filter: ((kind_id < 7) AND (production_year < 2013))
                    Rows Removed by Filter: 0
Planning time: 1.140 ms
Execution time: 7671.343 ms
