Seq Scan on movie_companies mc  (cost=0.00..51404.11 rows=1043165 width=0) (actual time=12.153..962.227 rows=1052633 loops=1)
  Filter: (company_id > 14901)
  Rows Removed by Filter: 1556496
Planning time: 0.329 ms
Execution time: 1100.209 ms
