Hash Join  (cost=205710.82..583759.27 rows=444161 width=0) (actual time=4118.585..10835.216 rows=264325 loops=1)
  Hash Cond: (mi.movie_id = t.id)
  ->  Seq Scan on movie_info mi  (cost=0.00..346232.03 rows=2194617 width=4) (actual time=0.017..5885.965 rows=2233850 loops=1)
        Filter: (info_type_id > 16)
        Rows Removed by Filter: 12601870
  ->  Hash  (cost=197315.07..197315.07 rows=511740 width=8) (actual time=3890.567..3890.567 rows=128920 loops=1)
        Buckets: 131072  Batches: 8  Memory Usage: 1641kB
        ->  Hash Join  (cost=83661.18..197315.07 rows=511740 width=8) (actual time=2368.636..3852.896 rows=128920 loops=1)
              Hash Cond: (mk.movie_id = t.id)
              ->  Seq Scan on movie_keyword mk  (cost=0.00..81003.12 rows=2180632 width=4) (actual time=0.020..1513.885 rows=2180280 loops=1)
                    Filter: (keyword_id > 5211)
                    Rows Removed by Filter: 2343650
              ->  Hash  (cost=73925.90..73925.90 rows=593382 width=4) (actual time=1358.457..1358.457 rows=486368 loops=1)
                    Buckets: 131072  Batches: 8  Memory Usage: 3153kB
                    ->  Seq Scan on title t  (cost=0.00..73925.90 rows=593382 width=4) (actual time=0.018..1196.431 rows=486368 loops=1)
                          Filter: ((production_year < 1999) AND (kind_id = 7))
                          Rows Removed by Filter: 2041944
Planning time: 2.353 ms
Execution time: 10867.759 ms
