Hash Join  (cost=79653.55..791057.34 rows=48346 width=0) (actual time=9587.949..14147.087 rows=54026 loops=1)
  Hash Cond: (ci.movie_id = t.id)
  ->  Seq Scan on cast_info ci  (cost=0.00..705507.15 rows=350181 width=4) (actual time=8212.716..12601.239 rows=316118 loops=1)
        Filter: (role_id > 10)
        Rows Removed by Filter: 35928226
  ->  Hash  (cost=73925.90..73925.90 rows=349092 width=4) (actual time=1374.284..1374.284 rows=265275 loops=1)
        Buckets: 131072  Batches: 8  Memory Usage: 2190kB
        ->  Seq Scan on title t  (cost=0.00..73925.90 rows=349092 width=4) (actual time=0.029..1290.735 rows=265275 loops=1)
              Filter: ((production_year > 2001) AND (kind_id = 1))
              Rows Removed by Filter: 2263037
Planning time: 0.757 ms
Execution time: 14152.948 ms
