Nested Loop  (cost=32636.42..219979.19 rows=18273 width=0) (actual time=594.881..3201.462 rows=76735 loops=1)
  ->  Hash Join  (cost=32635.99..135009.36 rows=99522 width=8) (actual time=594.825..2035.334 rows=76735 loops=1)
        Hash Cond: (mk.movie_id = mi_idx.movie_id)
        ->  Seq Scan on movie_keyword mk  (cost=0.00..81003.12 rows=101743 width=4) (actual time=0.027..1263.914 rows=111546 loops=1)
              Filter: (keyword_id < 110)
              Rows Removed by Filter: 4412384
        ->  Hash  (cost=25185.44..25185.44 rows=454124 width=4) (actual time=594.021..594.021 rows=459925 loops=1)
              Buckets: 131072  Batches: 8  Memory Usage: 3059kB
              ->  Seq Scan on movie_info_idx mi_idx  (cost=0.00..25185.44 rows=454124 width=4) (actual time=0.014..443.106 rows=459925 loops=1)
                    Filter: (info_type_id = 100)
                    Rows Removed by Filter: 920110
  ->  Index Only Scan using title_pkey on title t  (cost=0.43..0.84 rows=1 width=4) (actual time=0.014..0.015 rows=1 loops=76735)
        Index Cond: (id = mi_idx.movie_id)
        Heap Fetches: 76735
Planning time: 1.658 ms
Execution time: 3218.485 ms
