Nested Loop  (cost=0.43..799266.90 rows=267 width=0) (actual time=3604.234..15640.616 rows=825 loops=1)
  ->  Seq Scan on cast_info ci  (cost=0.00..796071.18 rows=382 width=4) (actual time=3604.092..15623.387 rows=835 loops=1)
        Filter: ((role_id < 6) AND (person_id = 335647))
        Rows Removed by Filter: 36243509
  ->  Index Scan using title_pkey on title t  (cost=0.43..8.36 rows=1 width=4) (actual time=0.020..0.020 rows=1 loops=835)
        Index Cond: (id = ci.movie_id)
        Filter: (kind_id > 2)
        Rows Removed by Filter: 0
Planning time: 3.719 ms
Execution time: 15640.898 ms
