Seq Scan on cast_info ci  (cost=0.00..796071.18 rows=5012612 width=0) (actual time=7928.957..12912.576 rows=10261081 loops=1)
  Filter: ((person_id < 1399335) AND (role_id < 2))
  Rows Removed by Filter: 25983263
Planning time: 0.349 ms
Execution time: 14005.837 ms
