Hash Join  (cost=190230.21..270484.56 rows=752259 width=0) (actual time=4273.847..6610.425 rows=2259753 loops=1)
  Hash Cond: (mc.movie_id = t.id)
  ->  Seq Scan on movie_companies mc  (cost=0.00..51404.11 rows=1378304 width=4) (actual time=0.015..964.822 rows=1365644 loops=1)
        Filter: (company_id < 11745)
        Rows Removed by Filter: 1243485
  ->  Hash  (cost=167588.78..167588.78 rows=1380035 width=8) (actual time=4272.990..4272.990 rows=1380035 loops=1)
        Buckets: 131072  Batches: 32  Memory Usage: 2708kB
        ->  Hash Join  (cost=102767.86..167588.78 rows=1380035 width=8) (actual time=1900.326..3875.671 rows=1380035 loops=1)
              Hash Cond: (mi_idx.movie_id = t.id)
              ->  Seq Scan on movie_info_idx mi_idx  (cost=0.00..21735.35 rows=1380035 width=4) (actual time=0.024..488.384 rows=1380035 loops=1)
              ->  Hash  (cost=61283.27..61283.27 rows=2528527 width=4) (actual time=1898.625..1898.625 rows=2528312 loops=1)
                    Buckets: 131072  Batches: 64  Memory Usage: 2415kB
                    ->  Seq Scan on title t  (cost=0.00..61283.27 rows=2528527 width=4) (actual time=0.017..1044.688 rows=2528312 loops=1)
Planning time: 1.108 ms
Execution time: 6849.048 ms
