Hash Join  (cost=499967.27..642331.07 rows=1671276 width=0) (actual time=10458.672..17757.190 rows=14141920 loops=1)
  Hash Cond: (mk.movie_id = t.id)
  ->  Seq Scan on movie_keyword mk  (cost=0.00..69693.30 rows=4523930 width=4) (actual time=0.013..1467.440 rows=4523930 loops=1)
  ->  Hash  (cost=484641.85..484641.85 rows=934114 width=8) (actual time=10457.640..10457.640 rows=2091104 loops=1)
        Buckets: 131072 (originally 131072)  Batches: 32 (originally 16)  Memory Usage: 3586kB
        ->  Hash Join  (cost=84618.84..484641.85 rows=934114 width=8) (actual time=1474.020..9821.487 rows=2091104 loops=1)
              Hash Cond: (mi.movie_id = t.id)
              ->  Seq Scan on movie_info mi  (cost=0.00..346232.03 rows=3623957 width=4) (actual time=0.024..5678.647 rows=3624977 loops=1)
                    Filter: (info_type_id < 4)
                    Rows Removed by Filter: 11210743
              ->  Hash  (cost=73925.90..73925.90 rows=651755 width=4) (actual time=1472.274..1472.274 rows=711179 loops=1)
                    Buckets: 131072  Batches: 16  Memory Usage: 2599kB
                    ->  Seq Scan on title t  (cost=0.00..73925.90 rows=651755 width=4) (actual time=0.022..1238.081 rows=711179 loops=1)
                          Filter: ((kind_id < 7) AND (production_year < 2008))
                          Rows Removed by Filter: 1817133
Planning time: 1.141 ms
Execution time: 19358.300 ms
