Seq Scan on cast_info ci  (cost=0.00..705507.15 rows=10185871 width=0) (actual time=1263.768..11935.260 rows=9999622 loops=1)
  Filter: (person_id < 983871)
  Rows Removed by Filter: 26244722
Planning time: 0.289 ms
Execution time: 13155.476 ms
