Nested Loop  (cost=0.43..83071.67 rows=246 width=0) (actual time=17.928..1316.144 rows=80 loops=1)
  ->  Seq Scan on movie_keyword mk  (cost=0.00..81003.12 rows=246 width=4) (actual time=17.841..1310.863 rows=80 loops=1)
        Filter: (keyword_id = 1576)
        Rows Removed by Filter: 4523850
  ->  Index Only Scan using title_pkey on title t  (cost=0.43..8.40 rows=1 width=4) (actual time=0.060..0.061 rows=1 loops=80)
        Index Cond: (id = mk.movie_id)
        Heap Fetches: 80
Planning time: 0.702 ms
Execution time: 1316.277 ms
