Hash Join  (cost=101661.22..158146.91 rows=9553 width=0) (actual time=1934.673..3334.059 rows=51904 loops=1)
  Hash Cond: (mc.movie_id = t.id)
  ->  Seq Scan on movie_companies mc  (cost=0.00..51404.11 rows=1329612 width=4) (actual time=0.022..1108.841 rows=1334883 loops=1)
        Filter: (company_type_id = 2)
        Rows Removed by Filter: 1274246
  ->  Hash  (cost=101434.13..101434.13 rows=18167 width=8) (actual time=1934.282..1934.282 rows=35988 loops=1)
        Buckets: 65536 (originally 32768)  Batches: 1 (originally 1)  Memory Usage: 1918kB
        ->  Hash Join  (cost=74341.98..101434.13 rows=18167 width=8) (actual time=1250.451..1920.715 rows=35988 loops=1)
              Hash Cond: (mi_idx.movie_id = t.id)
              ->  Seq Scan on movie_info_idx mi_idx  (cost=0.00..21735.35 rows=1380035 width=4) (actual time=0.024..335.943 rows=1380035 loops=1)
              ->  Hash  (cost=73925.90..73925.90 rows=33286 width=4) (actual time=1250.079..1250.079 rows=28113 loops=1)
                    Buckets: 65536  Batches: 1  Memory Usage: 1501kB
                    ->  Seq Scan on title t  (cost=0.00..73925.90 rows=33286 width=4) (actual time=0.094..1237.502 rows=28113 loops=1)
                          Filter: ((kind_id < 7) AND (production_year = 2004))
                          Rows Removed by Filter: 2500199
Planning time: 1.095 ms
Execution time: 3340.957 ms
