Seq Scan on movie_keyword mk  (cost=0.00..81003.12 rows=246 width=0) (actual time=0.270..1235.224 rows=537 loops=1)
  Filter: (keyword_id = 7511)
  Rows Removed by Filter: 4523393
Planning time: 0.320 ms
Execution time: 1235.562 ms
