Seq Scan on cast_info ci  (cost=0.00..796071.18 rows=284476 width=0) (actual time=7768.202..10776.036 rows=512979 loops=1)
  Filter: ((person_id < 73791) AND (role_id < 2))
  Rows Removed by Filter: 35731365
Planning time: 0.480 ms
Execution time: 10839.874 ms
