Hash Join  (cost=83073.49..144197.03 rows=32 width=0) (actual time=1517.195..2596.192 rows=9562 loops=1)
  Hash Cond: (mc.movie_id = t.id)
  ->  Seq Scan on movie_companies mc  (cost=0.00..57926.93 rows=852343 width=4) (actual time=238.663..1142.683 rows=1165882 loops=1)
        Filter: ((company_id < 23039) AND (company_type_id = 1))
        Rows Removed by Filter: 1443247
  ->  Hash  (cost=83072.29..83072.29 rows=96 width=8) (actual time=1274.126..1274.126 rows=1359 loops=1)
        Buckets: 2048 (originally 1024)  Batches: 1 (originally 1)  Memory Usage: 70kB
        ->  Nested Loop  (cost=0.43..83072.29 rows=96 width=8) (actual time=0.160..1273.054 rows=1359 loops=1)
              ->  Seq Scan on movie_keyword mk  (cost=0.00..81003.12 rows=246 width=4) (actual time=0.097..1213.997 rows=1670 loops=1)
                    Filter: (keyword_id = 1198)
                    Rows Removed by Filter: 4522260
              ->  Index Scan using title_pkey on title t  (cost=0.43..8.40 rows=1 width=4) (actual time=0.033..0.034 rows=1 loops=1670)
                    Index Cond: (id = mk.movie_id)
                    Filter: (kind_id < 7)
                    Rows Removed by Filter: 0
Planning time: 1.156 ms
Execution time: 2597.685 ms
