Seq Scan on movie_keyword mk  (cost=0.00..81003.12 rows=246 width=0) (actual time=42.961..1305.114 rows=61 loops=1)
  Filter: (keyword_id = 19288)
  Rows Removed by Filter: 4523869
Planning time: 3.307 ms
Execution time: 1305.263 ms
