Seq Scan on movie_companies mc  (cost=0.00..51404.11 rows=735473 width=0) (actual time=75.829..851.095 rows=739597 loops=1)
  Filter: (company_id > 38784)
  Rows Removed by Filter: 1869532
Planning time: 0.319 ms
Execution time: 939.610 ms
