Hash Join  (cost=303991.60..999745.40 rows=16785108 width=0) (actual time=7723.719..55938.297 rows=139171169 loops=1)
  Hash Cond: (mi.movie_id = t.id)
  ->  Seq Scan on movie_info mi  (cost=0.00..309384.22 rows=14739122 width=4) (actual time=0.023..6225.223 rows=14835720 loops=1)
  ->  Hash  (cost=256748.60..256748.60 rows=2879520 width=8) (actual time=7696.327..7696.327 rows=2428089 loops=1)
        Buckets: 131072  Batches: 64  Memory Usage: 2568kB
        ->  Hash Join  (cost=94009.45..256748.60 rows=2879520 width=8) (actual time=1828.869..6951.704 rows=2428089 loops=1)
              Hash Cond: (mk.movie_id = t.id)
              ->  Seq Scan on movie_keyword mk  (cost=0.00..69693.30 rows=4523930 width=4) (actual time=0.023..1371.060 rows=4523930 loops=1)
              ->  Hash  (cost=67604.59..67604.59 rows=1609429 width=4) (actual time=1827.489..1827.489 rows=1607077 loops=1)
                    Buckets: 131072  Batches: 32  Memory Usage: 2799kB
                    ->  Seq Scan on title t  (cost=0.00..67604.59 rows=1609429 width=4) (actual time=0.025..1293.376 rows=1607077 loops=1)
                          Filter: (production_year > 1995)
                          Rows Removed by Filter: 921235
Planning time: 1.953 ms
Execution time: 71423.910 ms
