Hash Join  (cost=950297.97..997612.08 rows=560763 width=0) (actual time=17335.987..19263.272 rows=1972135 loops=1)
  Hash Cond: (mi_idx.movie_id = t.id)
  ->  Seq Scan on movie_info_idx mi_idx  (cost=0.00..21735.35 rows=1380035 width=4) (actual time=0.015..476.989 rows=1380035 loops=1)
  ->  Hash  (cost=933440.95..933440.95 rows=1027441 width=8) (actual time=17335.140..17335.140 rows=1882278 loops=1)
        Buckets: 131072 (originally 131072)  Batches: 32 (originally 16)  Memory Usage: 3287kB
        ->  Hash Join  (cost=102767.86..933440.95 rows=1027441 width=8) (actual time=11223.893..16795.233 rows=1882278 loops=1)
              Hash Cond: (ci.movie_id = t.id)
              ->  Seq Scan on cast_info ci  (cost=0.00..796071.18 rows=1027441 width=4) (actual time=9381.212..13035.102 rows=1882278 loops=1)
                    Filter: ((person_id > 2771690) AND (role_id = 3))
                    Rows Removed by Filter: 34362066
              ->  Hash  (cost=61283.27..61283.27 rows=2528527 width=4) (actual time=1841.302..1841.302 rows=2528312 loops=1)
                    Buckets: 131072  Batches: 64  Memory Usage: 2415kB
                    ->  Seq Scan on title t  (cost=0.00..61283.27 rows=2528527 width=4) (actual time=0.019..1006.205 rows=2528312 loops=1)
Planning time: 1.917 ms
Execution time: 19481.385 ms
