Seq Scan on movie_keyword mk  (cost=0.00..81003.12 rows=3533494 width=0) (actual time=0.021..1428.976 rows=3523336 loops=1)
  Filter: (keyword_id < 18549)
  Rows Removed by Filter: 1000594
Planning time: 0.324 ms
Execution time: 1838.483 ms
