Nested Loop  (cost=0.43..797957.66 rows=224 width=0) (actual time=3794.632..13444.899 rows=2 loops=1)
  ->  Seq Scan on cast_info ci  (cost=0.00..796071.18 rows=224 width=4) (actual time=3792.779..13443.023 rows=2 loops=1)
        Filter: ((role_id > 2) AND (person_id = 3240618))
        Rows Removed by Filter: 36244342
  ->  Index Only Scan using title_pkey on title t  (cost=0.43..8.41 rows=1 width=4) (actual time=0.907..0.908 rows=1 loops=2)
        Index Cond: (id = ci.movie_id)
        Heap Fetches: 2
Planning time: 2.126 ms
Execution time: 13445.003 ms
