Seq Scan on movie_keyword mk  (cost=0.00..81003.12 rows=246 width=0) (actual time=2.041..1327.206 rows=44 loops=1)
  Filter: (keyword_id = 11492)
  Rows Removed by Filter: 4523886
Planning time: 0.321 ms
Execution time: 1327.332 ms
