Hash Join  (cost=709678.15..796345.14 rows=895 width=0) (actual time=12396.356..12962.317 rows=3 loops=1)
  Hash Cond: (mk.movie_id = t.id)
  ->  Seq Scan on movie_keyword mk  (cost=0.00..69693.30 rows=4523930 width=4) (actual time=0.016..836.765 rows=4523930 loops=1)
  ->  Hash  (cost=709671.90..709671.90 rows=500 width=8) (actual time=11461.249..11461.249 rows=28 loops=1)
        Buckets: 1024  Batches: 1  Memory Usage: 10kB
        ->  Nested Loop  (cost=0.43..709671.90 rows=500 width=8) (actual time=7620.758..11461.195 rows=28 loops=1)
              ->  Seq Scan on cast_info ci  (cost=0.00..705507.15 rows=500 width=4) (actual time=7620.603..11460.704 rows=28 loops=1)
                    Filter: (person_id = 3729826)
                    Rows Removed by Filter: 36244316
              ->  Index Only Scan using title_pkey on title t  (cost=0.43..8.32 rows=1 width=4) (actual time=0.014..0.014 rows=1 loops=28)
                    Index Cond: (id = ci.movie_id)
                    Heap Fetches: 28
Planning time: 1.303 ms
Execution time: 12962.407 ms
