Seq Scan on cast_info ci  (cost=0.00..705507.15 rows=30275577 width=0) (actual time=0.021..13168.519 rows=30240178 loops=1)
  Filter: (person_id < 3046664)
  Rows Removed by Filter: 6004166
Planning time: 0.349 ms
Execution time: 16900.515 ms
