Seq Scan on movie_keyword mk  (cost=0.00..81003.12 rows=2697370 width=0) (actual time=0.032..1363.578 rows=2690080 loops=1)
  Filter: (keyword_id > 3023)
  Rows Removed by Filter: 1833850
Planning time: 0.991 ms
Execution time: 1689.718 ms
