Seq Scan on movie_keyword mk  (cost=0.00..81003.12 rows=246 width=0) (actual time=0.116..1240.180 rows=549 loops=1)
  Filter: (keyword_id = 703)
  Rows Removed by Filter: 4523381
Planning time: 4.550 ms
Execution time: 1240.521 ms
