Seq Scan on cast_info ci  (cost=0.00..705507.15 rows=25459239 width=0) (actual time=1131.063..13130.303 rows=25622567 loops=1)
  Filter: (person_id > 1042698)
  Rows Removed by Filter: 10621777
Planning time: 1.306 ms
Execution time: 16290.532 ms
