Hash Join  (cost=102767.86..206829.29 rows=1777804 width=0) (actual time=1930.659..4921.471 rows=1768841 loops=1)
  Hash Cond: (mc.movie_id = t.id)
  ->  Seq Scan on movie_companies mc  (cost=0.00..51404.11 rows=1777804 width=4) (actual time=0.023..1101.595 rows=1768841 loops=1)
        Filter: (company_id < 26216)
        Rows Removed by Filter: 840288
  ->  Hash  (cost=61283.27..61283.27 rows=2528527 width=4) (actual time=1929.363..1929.363 rows=2528312 loops=1)
        Buckets: 131072  Batches: 64  Memory Usage: 2415kB
        ->  Seq Scan on title t  (cost=0.00..61283.27 rows=2528527 width=4) (actual time=0.026..1105.678 rows=2528312 loops=1)
Planning time: 0.734 ms
Execution time: 5109.033 ms
