Seq Scan on movie_keyword mk  (cost=0.00..81003.12 rows=3457691 width=0) (actual time=0.024..1544.153 rows=3447633 loops=1)
  Filter: (keyword_id < 16420)
  Rows Removed by Filter: 1076297
Planning time: 0.317 ms
Execution time: 1969.550 ms
