Hash Join  (cost=78964.21..119532.60 rows=167591 width=0) (actual time=1623.524..2627.706 rows=68787 loops=1)
  Hash Cond: (mi_idx.movie_id = t.id)
  ->  Seq Scan on movie_info_idx mi_idx  (cost=0.00..21735.35 rows=1380035 width=4) (actual time=0.016..459.602 rows=1380035 loops=1)
  ->  Hash  (cost=73925.90..73925.90 rows=307064 width=4) (actual time=1622.316..1622.316 rows=169596 loops=1)
        Buckets: 131072  Batches: 8  Memory Usage: 1767kB
        ->  Seq Scan on title t  (cost=0.00..73925.90 rows=307064 width=4) (actual time=0.019..1310.872 rows=169596 loops=1)
              Filter: ((kind_id > 1) AND (production_year < 1973))
              Rows Removed by Filter: 2358716
Planning time: 0.829 ms
Execution time: 2634.995 ms
