Hash Join  (cost=74530.73..135241.64 rows=13517 width=0) (actual time=1389.537..2237.135 rows=5813 loops=1)
  Hash Cond: (mc.movie_id = t.id)
  ->  Seq Scan on movie_companies mc  (cost=0.00..57926.93 rows=706349 width=4) (actual time=183.800..906.178 rows=444348 loops=1)
        Filter: ((company_id < 11839) AND (company_type_id = 2))
        Rows Removed by Filter: 2164781
  ->  Hash  (cost=73925.90..73925.90 rows=48386 width=4) (actual time=1205.324..1205.324 rows=45023 loops=1)
        Buckets: 65536  Batches: 1  Memory Usage: 2095kB
        ->  Seq Scan on title t  (cost=0.00..73925.90 rows=48386 width=4) (actual time=0.039..1186.783 rows=45023 loops=1)
              Filter: ((kind_id > 1) AND (production_year = 2013))
              Rows Removed by Filter: 2483289
Planning time: 0.748 ms
Execution time: 2238.200 ms
