Nested Loop  (cost=0.43..52283.69 rows=104 width=0) (actual time=32.849..835.233 rows=950 loops=1)
  ->  Seq Scan on movie_companies mc  (cost=0.00..51404.11 rows=104 width=4) (actual time=32.759..805.471 rows=950 loops=1)
        Filter: (company_id = 5898)
        Rows Removed by Filter: 2608179
  ->  Index Only Scan using title_pkey on title t  (cost=0.43..8.45 rows=1 width=4) (actual time=0.030..0.030 rows=1 loops=950)
        Index Cond: (id = mc.movie_id)
        Heap Fetches: 950
Planning time: 0.742 ms
Execution time: 835.628 ms
