Hash Join  (cost=74344.78..164565.58 rows=31464 width=0) (actual time=1087.506..2973.232 rows=58354 loops=1)
  Hash Cond: (mk.movie_id = t.id)
  ->  Seq Scan on movie_keyword mk  (cost=0.00..81003.12 rows=2374142 width=4) (actual time=0.020..1501.037 rows=2367761 loops=1)
        Filter: (keyword_id > 4088)
        Rows Removed by Filter: 2156169
  ->  Hash  (cost=73925.90..73925.90 rows=33510 width=4) (actual time=1087.074..1087.074 rows=22107 loops=1)
        Buckets: 65536  Batches: 1  Memory Usage: 1290kB
        ->  Seq Scan on title t  (cost=0.00..73925.90 rows=33510 width=4) (actual time=246.336..1078.370 rows=22107 loops=1)
              Filter: ((kind_id = 1) AND (production_year = 2008))
              Rows Removed by Filter: 2506205
Planning time: 0.789 ms
Execution time: 2980.986 ms
