Hash Join  (cost=460617.61..1549327.35 rows=5344865 width=0) (actual time=7970.362..42187.418 rows=14657858 loops=1)
  Hash Cond: (ci.movie_id = t.id)
  ->  Seq Scan on cast_info ci  (cost=0.00..614943.12 rows=36225612 width=4) (actual time=0.024..13437.976 rows=36244344 loops=1)
  ->  Hash  (cost=454496.26..454496.26 rows=373068 width=8) (actual time=7968.932..7968.932 rows=410058 loops=1)
        Buckets: 131072  Batches: 8  Memory Usage: 3034kB
        ->  Hash Join  (cost=91342.70..454496.26 rows=373068 width=8) (actual time=3300.501..7872.371 rows=410058 loops=1)
              Hash Cond: (mi.movie_id = t.id)
              ->  Seq Scan on movie_info mi  (cost=0.00..346232.03 rows=651960 width=4) (actual time=1508.709..5493.343 rows=660923 loops=1)
                    Filter: (info_type_id = 18)
                    Rows Removed by Filter: 14174797
              ->  Hash  (cost=67604.59..67604.59 rows=1446889 width=4) (actual time=1791.005..1791.005 rows=1443298 loops=1)
                    Buckets: 131072  Batches: 32  Memory Usage: 2617kB
                    ->  Seq Scan on title t  (cost=0.00..67604.59 rows=1446889 width=4) (actual time=0.030..1305.530 rows=1443298 loops=1)
                          Filter: (production_year < 2006)
                          Rows Removed by Filter: 1085014
Planning time: 1.539 ms
Execution time: 43690.023 ms
