Hash Join  (cost=74467.58..441649.51 rows=252600 width=0) (actual time=860.733..9640.348 rows=421593 loops=1)
  Hash Cond: (mi.movie_id = t.id)
  ->  Seq Scan on movie_info mi  (cost=0.00..309384.22 rows=14739122 width=4) (actual time=0.019..4782.088 rows=14835720 loops=1)
  ->  Hash  (cost=73925.90..73925.90 rows=43334 width=4) (actual time=860.357..860.357 rows=35836 loops=1)
        Buckets: 65536  Batches: 1  Memory Usage: 1772kB
        ->  Seq Scan on title t  (cost=0.00..73925.90 rows=43334 width=4) (actual time=2.095..846.856 rows=35836 loops=1)
              Filter: ((kind_id < 4) AND (production_year = 2009))
              Rows Removed by Filter: 2492476
Planning time: 0.762 ms
Execution time: 9700.770 ms
