Hash Join  (cost=317727.05..1893327.71 rows=43925646 width=0) (actual time=7208.347..76454.371 rows=147917424 loops=1)
  Hash Cond: (ci.movie_id = t.id)
  ->  Seq Scan on cast_info ci  (cost=0.00..614943.12 rows=36225612 width=4) (actual time=0.011..13782.405 rows=36244344 loops=1)
  ->  Hash  (cost=267425.24..267425.24 rows=3065985 width=8) (actual time=7200.291..7200.291 rows=3048524 loops=1)
        Buckets: 131072  Batches: 64  Memory Usage: 2910kB
        ->  Hash Join  (cost=102767.86..267425.24 rows=3065985 width=8) (actual time=2038.580..6361.963 rows=3048524 loops=1)
              Hash Cond: (mk.movie_id = t.id)
              ->  Seq Scan on movie_keyword mk  (cost=0.00..81003.12 rows=3065985 width=4) (actual time=0.028..1682.518 rows=3048524 loops=1)
                    Filter: (keyword_id > 2104)
                    Rows Removed by Filter: 1475406
              ->  Hash  (cost=61283.27..61283.27 rows=2528527 width=4) (actual time=2037.676..2037.676 rows=2528312 loops=1)
                    Buckets: 131072  Batches: 64  Memory Usage: 2425kB
                    ->  Seq Scan on title t  (cost=0.00..61283.27 rows=2528527 width=4) (actual time=0.016..1150.818 rows=2528312 loops=1)
Planning time: 0.768 ms
Execution time: 92462.400 ms
