Seq Scan on cast_info ci  (cost=0.00..796071.18 rows=8102305 width=0) (actual time=7514.871..15190.313 rows=4111593 loops=1)
  Filter: ((person_id < 2461505) AND (role_id > 3))
  Rows Removed by Filter: 32132751
Planning time: 0.250 ms
Execution time: 15703.135 ms
