Seq Scan on movie_companies mc  (cost=0.00..57926.93 rows=796365 width=0) (actual time=0.024..453.103 rows=582676 loops=1)
  Filter: ((company_id > 4518) AND (company_type_id < 2))
  Rows Removed by Filter: 2026453
Planning time: 0.263 ms
Execution time: 495.909 ms
