Seq Scan on cast_info ci  (cost=0.00..705507.15 rows=12726058 width=42) (actual time=0.016..16042.750 rows=12670688 loops=1)
  Filter: (role_id = 1)
  Rows Removed by Filter: 23573656
Planning time: 0.410 ms
Execution time: 16745.053 ms
