Seq Scan on movie_info mi  (cost=0.00..346232.03 rows=17937 width=75) (actual time=1872.430..4804.736 rows=68025 loops=1)
  Filter: (info_type_id = 94)
  Rows Removed by Filter: 14767695
Planning time: 0.585 ms
Execution time: 4808.858 ms
