Hash Join  (cost=709678.15..764348.83 rows=516 width=0) (actual time=10638.304..11698.362 rows=1085 loops=1)
  Hash Cond: (mc.movie_id = t.id)
  ->  Seq Scan on movie_companies mc  (cost=0.00..44881.29 rows=2609129 width=4) (actual time=0.025..602.514 rows=2609129 loops=1)
  ->  Hash  (cost=709671.90..709671.90 rows=500 width=8) (actual time=10634.598..10634.598 rows=446 loops=1)
        Buckets: 1024  Batches: 1  Memory Usage: 26kB
        ->  Nested Loop  (cost=0.43..709671.90 rows=500 width=8) (actual time=2529.659..10634.333 rows=446 loops=1)
              ->  Seq Scan on cast_info ci  (cost=0.00..705507.15 rows=500 width=4) (actual time=2529.464..10615.653 rows=446 loops=1)
                    Filter: (person_id = 323630)
                    Rows Removed by Filter: 36243898
              ->  Index Only Scan using title_pkey on title t  (cost=0.43..8.32 rows=1 width=4) (actual time=0.041..0.041 rows=1 loops=446)
                    Index Cond: (id = ci.movie_id)
                    Heap Fetches: 446
Planning time: 1.180 ms
Execution time: 11698.658 ms
