Hash Join  (cost=451176.27..491126.25 rows=131550 width=0) (actual time=7951.999..9285.530 rows=572452 loops=1)
  Hash Cond: (mi_idx.movie_id = t.id)
  ->  Seq Scan on movie_info_idx mi_idx  (cost=0.00..21735.35 rows=1380035 width=4) (actual time=0.026..460.096 rows=1380035 loops=1)
  ->  Hash  (cost=447221.40..447221.40 rows=241029 width=8) (actual time=7951.077..7951.077 rows=470698 loops=1)
        Buckets: 131072 (originally 131072)  Batches: 8 (originally 4)  Memory Usage: 3336kB
        ->  Hash Join  (cost=86275.83..447221.40 rows=241029 width=8) (actual time=4375.576..7800.669 rows=470698 loops=1)
              Hash Cond: (mi.movie_id = t.id)
              ->  Seq Scan on movie_info mi  (cost=0.00..346232.03 rows=809669 width=4) (actual time=2822.576..5484.314 rows=802140 loops=1)
                    Filter: (info_type_id = 1)
                    Rows Removed by Filter: 14033580
              ->  Hash  (cost=73925.90..73925.90 rows=752714 width=4) (actual time=1552.127..1552.127 rows=657199 loops=1)
                    Buckets: 131072  Batches: 16  Memory Usage: 2477kB
                    ->  Seq Scan on title t  (cost=0.00..73925.90 rows=752714 width=4) (actual time=0.025..1339.341 rows=657199 loops=1)
                          Filter: ((kind_id < 7) AND (production_year > 1981))
                          Rows Removed by Filter: 1871113
Planning time: 1.938 ms
Execution time: 9356.183 ms
