Hash Join  (cost=1357729.34..2711874.00 rows=64675871 width=0) (actual time=34035.855..92563.114 rows=160233289 loops=1)
  Hash Cond: (mi.movie_id = t.id)
  ->  Seq Scan on movie_info mi  (cost=0.00..309384.22 rows=14739122 width=4) (actual time=0.015..6499.461 rows=14835720 loops=1)
  ->  Hash  (cost=1175697.34..1175697.34 rows=11095280 width=8) (actual time=34030.879..34030.879 rows=12670688 loops=1)
        Buckets: 131072  Batches: 256  Memory Usage: 3036kB
        ->  Hash Join  (cost=102767.86..1175697.34 rows=11095280 width=8) (actual time=4728.706..30319.421 rows=12670688 loops=1)
              Hash Cond: (ci.movie_id = t.id)
              ->  Seq Scan on cast_info ci  (cost=0.00..796071.18 rows=11095280 width=4) (actual time=2414.883..16558.078 rows=12670688 loops=1)
                    Filter: ((person_id < 3213448) AND (role_id < 2))
                    Rows Removed by Filter: 23573656
              ->  Hash  (cost=61283.27..61283.27 rows=2528527 width=4) (actual time=2312.477..2312.477 rows=2528312 loops=1)
                    Buckets: 131072  Batches: 64  Memory Usage: 2415kB
                    ->  Seq Scan on title t  (cost=0.00..61283.27 rows=2528527 width=4) (actual time=0.020..1136.353 rows=2528312 loops=1)
Planning time: 0.855 ms
Execution time: 109878.788 ms
