Hash Join  (cost=466622.16..1562731.68 rows=6065242 width=0) (actual time=8675.263..53627.315 rows=58732313 loops=1)
  Hash Cond: (ci.movie_id = t.id)
  ->  Seq Scan on cast_info ci  (cost=0.00..614943.12 rows=36225612 width=4) (actual time=0.014..13547.165 rows=36244344 loops=1)
  ->  Hash  (cost=459676.28..459676.28 rows=423350 width=8) (actual time=8674.186..8674.186 rows=895677 loops=1)
        Buckets: 131072 (originally 131072)  Batches: 16 (originally 8)  Memory Usage: 3177kB
        ->  Hash Join  (cost=81928.94..459676.28 rows=423350 width=8) (actual time=3063.879..8388.644 rows=895677 loops=1)
              Hash Cond: (mi.movie_id = t.id)
              ->  Seq Scan on movie_info mi  (cost=0.00..346232.03 rows=2194617 width=4) (actual time=1637.646..5679.876 rows=2233850 loops=1)
                    Filter: (info_type_id > 16)
                    Rows Removed by Filter: 12601870
              ->  Hash  (cost=73925.90..73925.90 rows=487763 width=4) (actual time=1355.476..1355.476 rows=380204 loops=1)
                    Buckets: 131072  Batches: 8  Memory Usage: 2701kB
                    ->  Seq Scan on title t  (cost=0.00..73925.90 rows=487763 width=4) (actual time=0.053..1232.731 rows=380204 loops=1)
                          Filter: ((kind_id < 4) AND (production_year > 1999))
                          Rows Removed by Filter: 2148108
Planning time: 1.165 ms
Execution time: 59605.564 ms
