Seq Scan on cast_info ci  (cost=0.00..705507.15 rows=20227513 width=0) (actual time=0.025..12466.849 rows=20112744 loops=1)
  Filter: (person_id < 2020166)
  Rows Removed by Filter: 16131600
Planning time: 0.341 ms
Execution time: 15021.518 ms
