Hash Join  (cost=89289.29..175099.28 rows=27868 width=0) (actual time=1560.899..3235.440 rows=71214 loops=1)
  Hash Cond: (mk.movie_id = t.id)
  ->  Seq Scan on movie_keyword mk  (cost=0.00..81003.12 rows=75248 width=4) (actual time=0.026..1472.512 rows=72496 loops=1)
        Filter: (keyword_id = 335)
        Rows Removed by Filter: 4451434
  ->  Hash  (cost=73925.90..73925.90 rows=936431 width=4) (actual time=1559.330..1559.330 rows=910262 loops=1)
        Buckets: 131072  Batches: 16  Memory Usage: 3034kB
        ->  Seq Scan on title t  (cost=0.00..73925.90 rows=936431 width=4) (actual time=0.013..1260.869 rows=910262 loops=1)
              Filter: ((kind_id < 7) AND (production_year > 1915))
              Rows Removed by Filter: 1618050
Planning time: 0.721 ms
Execution time: 3244.567 ms
