Seq Scan on cast_info ci  (cost=0.00..796071.18 rows=14789084 width=0) (actual time=0.024..14983.758 rows=16757510 loops=1)
  Filter: ((person_id < 1849699) AND (role_id < 8))
  Rows Removed by Filter: 19486834
Planning time: 0.361 ms
Execution time: 17094.583 ms
