Hash Join  (cost=83810.17..821833.72 rows=723650 width=0) (actual time=2061.325..14814.733 rows=756403 loops=1)
  Hash Cond: (ci.movie_id = t.id)
  ->  Seq Scan on cast_info ci  (cost=0.00..705507.15 rows=1852505 width=4) (actual time=563.254..11590.398 rows=1782099 loops=1)
        Filter: (person_id < 177058)
        Rows Removed by Filter: 34462245
  ->  Hash  (cost=67604.59..67604.59 rows=987727 width=4) (actual time=1473.250..1473.250 rows=985048 loops=1)
        Buckets: 131072  Batches: 16  Memory Usage: 3188kB
        ->  Seq Scan on title t  (cost=0.00..67604.59 rows=987727 width=4) (actual time=0.025..1170.591 rows=985048 loops=1)
              Filter: (kind_id < 7)
              Rows Removed by Filter: 1543264
Planning time: 0.766 ms
Execution time: 14903.949 ms
