Hash Join  (cost=117529.48..193900.66 rows=95865 width=0) (actual time=2378.392..4558.248 rows=950477 loops=1)
  Hash Cond: (mc.movie_id = t.id)
  ->  Seq Scan on movie_companies mc  (cost=0.00..44881.29 rows=2609129 width=4) (actual time=0.015..897.782 rows=2609129 loops=1)
  ->  Hash  (cost=116005.18..116005.18 rows=92904 width=8) (actual time=2377.564..2377.564 rows=263208 loops=1)
        Buckets: 131072 (originally 131072)  Batches: 4 (originally 2)  Memory Usage: 3604kB
        ->  Hash Join  (cost=76718.65..116005.18 rows=92904 width=8) (actual time=1370.900..2303.921 rows=263208 loops=1)
              Hash Cond: (mi_idx.movie_id = t.id)
              ->  Seq Scan on movie_info_idx mi_idx  (cost=0.00..21735.35 rows=1380035 width=4) (actual time=0.016..446.520 rows=1380035 loops=1)
              ->  Hash  (cost=73925.90..73925.90 rows=170220 width=4) (actual time=1194.103..1194.103 rows=305766 loops=1)
                    Buckets: 131072  Batches: 4  Memory Usage: 3713kB
                    ->  Seq Scan on title t  (cost=0.00..73925.90 rows=170220 width=4) (actual time=545.367..1095.027 rows=305766 loops=1)
                          Filter: ((production_year < 1988) AND (kind_id = 1))
                          Rows Removed by Filter: 2222546
Planning time: 1.200 ms
Execution time: 4665.035 ms
