Hash Join  (cost=98137.04..197460.20 rows=403135 width=0) (actual time=1892.032..3867.606 rows=238545 loops=1)
  Hash Cond: (mk.movie_id = t.id)
  ->  Seq Scan on movie_keyword mk  (cost=0.00..81003.12 rows=547738 width=4) (actual time=0.013..1276.359 rows=547506 loops=1)
        Filter: (keyword_id < 394)
        Rows Removed by Filter: 3976424
  ->  Hash  (cost=67604.59..67604.59 rows=1860996 width=4) (actual time=1890.972..1890.972 rows=1865487 loops=1)
        Buckets: 131072  Batches: 32  Memory Usage: 3085kB
        ->  Seq Scan on title t  (cost=0.00..67604.59 rows=1860996 width=4) (actual time=0.005..1301.119 rows=1865487 loops=1)
              Filter: (kind_id > 1)
              Rows Removed by Filter: 662825
Planning time: 0.768 ms
Execution time: 3898.251 ms
