Hash Join  (cost=959019.07..1108114.95 rows=2223784 width=0) (actual time=16172.896..20716.243 rows=4299672 loops=1)
  Hash Cond: (mk.movie_id = t.id)
  ->  Seq Scan on movie_keyword mk  (cost=0.00..69693.30 rows=4523930 width=4) (actual time=0.015..1489.227 rows=4523930 loops=1)
  ->  Hash  (cost=938626.54..938626.54 rows=1242923 width=8) (actual time=16172.216..16172.216 rows=865107 loops=1)
        Buckets: 131072  Batches: 32  Memory Usage: 2080kB
        ->  Hash Join  (cost=102767.86..938626.54 rows=1242923 width=8) (actual time=2818.173..15916.189 rows=865107 loops=1)
              Hash Cond: (ci.movie_id = t.id)
              ->  Seq Scan on cast_info ci  (cost=0.00..796071.18 rows=1242923 width=4) (actual time=685.172..12625.927 rows=865107 loops=1)
                    Filter: ((person_id < 1097604) AND (role_id = 3))
                    Rows Removed by Filter: 35379237
              ->  Hash  (cost=61283.27..61283.27 rows=2528527 width=4) (actual time=2131.838..2131.838 rows=2528312 loops=1)
                    Buckets: 131072  Batches: 64  Memory Usage: 2415kB
                    ->  Seq Scan on title t  (cost=0.00..61283.27 rows=2528527 width=4) (actual time=0.016..1030.151 rows=2528312 loops=1)
Planning time: 1.162 ms
Execution time: 21192.147 ms
