Seq Scan on title t  (cost=0.00..73925.90 rows=1635939 width=0) (actual time=0.028..1367.891 rows=1747677 loops=1)
  Filter: ((kind_id > 1) AND (production_year > 1959))
  Rows Removed by Filter: 780635
Planning time: 5.434 ms
Execution time: 1583.498 ms
