Seq Scan on movie_companies mc  (cost=0.00..51404.11 rows=14002 width=0) (actual time=66.119..905.866 rows=12894 loops=1)
  Filter: (company_id = 34)
  Rows Removed by Filter: 2596235
Planning time: 3.399 ms
Execution time: 908.173 ms
