Seq Scan on movie_keyword mk  (cost=0.00..81003.12 rows=246 width=0) (actual time=5.329..1142.465 rows=180 loops=1)
  Filter: (keyword_id = 11034)
  Rows Removed by Filter: 4523750
Planning time: 0.408 ms
Execution time: 1142.675 ms
