Hash Join  (cost=221735.63..762472.93 rows=3983748 width=0) (actual time=7308.016..55065.884 rows=155572441 loops=1)
  Hash Cond: (mi.movie_id = t.id)
  ->  Seq Scan on movie_info mi  (cost=0.00..309384.22 rows=14739122 width=4) (actual time=0.011..6498.270 rows=14835720 loops=1)
  ->  Hash  (cost=210522.88..210522.88 rows=683420 width=8) (actual time=6016.090..6016.090 rows=2195920 loops=1)
        Buckets: 131072 (originally 131072)  Batches: 32 (originally 16)  Memory Usage: 3734kB
        ->  Hash Join  (cost=80193.64..210522.88 rows=683420 width=8) (actual time=1400.289..5358.588 rows=2195920 loops=1)
              Hash Cond: (mk.movie_id = t.id)
              ->  Seq Scan on movie_keyword mk  (cost=0.00..69693.30 rows=4523930 width=4) (actual time=0.013..1471.137 rows=4523930 loops=1)
              ->  Hash  (cost=73925.90..73925.90 rows=381979 width=4) (actual time=1398.935..1398.935 rows=440029 loops=1)
                    Buckets: 131072  Batches: 8  Memory Usage: 2976kB
                    ->  Seq Scan on title t  (cost=0.00..73925.90 rows=381979 width=4) (actual time=0.032..1257.105 rows=440029 loops=1)
                          Filter: ((production_year < 2006) AND (kind_id = 1))
                          Rows Removed by Filter: 2088283
Planning time: 1.186 ms
Execution time: 72159.964 ms
