Hash Join  (cost=83073.00..447729.40 rows=44 width=0) (actual time=1989.884..8041.987 rows=567 loops=1)
  Hash Cond: (mi.movie_id = t.id)
  ->  Seq Scan on movie_info mi  (cost=0.00..309384.22 rows=14739122 width=4) (actual time=0.014..4037.812 rows=14835720 loops=1)
  ->  Hash  (cost=83072.90..83072.90 rows=8 width=8) (actual time=1328.601..1328.601 rows=57 loops=1)
        Buckets: 1024  Batches: 1  Memory Usage: 11kB
        ->  Nested Loop  (cost=0.43..83072.90 rows=8 width=8) (actual time=267.257..1328.537 rows=57 loops=1)
              ->  Seq Scan on movie_keyword mk  (cost=0.00..81003.12 rows=246 width=4) (actual time=0.167..1213.181 rows=2711 loops=1)
                    Filter: (keyword_id = 2523)
                    Rows Removed by Filter: 4521219
              ->  Index Scan using title_pkey on title t  (cost=0.43..8.40 rows=1 width=4) (actual time=0.042..0.042 rows=0 loops=2711)
                    Index Cond: (id = mk.movie_id)
                    Filter: ((kind_id = 7) AND (production_year = 2008))
                    Rows Removed by Filter: 1
Planning time: 7.632 ms
Execution time: 8042.331 ms
