Seq Scan on movie_keyword mk  (cost=0.00..81003.12 rows=1418749 width=0) (actual time=0.016..1358.650 rows=1434355 loops=1)
  Filter: (keyword_id < 1987)
  Rows Removed by Filter: 3089575
Planning time: 0.265 ms
Execution time: 1539.570 ms
