Hash Join  (cost=85157.92..129261.64 rows=373624 width=0) (actual time=1446.289..2681.661 rows=601098 loops=1)
  Hash Cond: (mi_idx.movie_id = t.id)
  ->  Seq Scan on movie_info_idx mi_idx  (cost=0.00..21735.35 rows=1380035 width=4) (actual time=0.013..428.163 rows=1380035 loops=1)
  ->  Hash  (cost=73925.90..73925.90 rows=684561 width=4) (actual time=1445.281..1445.281 rows=585759 loops=1)
        Buckets: 131072  Batches: 16  Memory Usage: 2308kB
        ->  Seq Scan on title t  (cost=0.00..73925.90 rows=684561 width=4) (actual time=0.034..1254.110 rows=585759 loops=1)
              Filter: ((kind_id < 7) AND (production_year > 1990))
              Rows Removed by Filter: 1942553
Planning time: 0.846 ms
Execution time: 2746.133 ms
