Seq Scan on cast_info ci  (cost=0.00..796071.18 rows=10112772 width=0) (actual time=6888.053..14488.666 rows=7355718 loops=1)
  Filter: ((person_id > 713173) AND (role_id = 1))
  Rows Removed by Filter: 28888626
Planning time: 0.415 ms
Execution time: 15392.212 ms
