Seq Scan on cast_info ci  (cost=0.00..796071.18 rows=224 width=0) (actual time=7737.559..13956.343 rows=9 loops=1)
  Filter: ((role_id > 2) AND (person_id = 3216497))
  Rows Removed by Filter: 36244335
Planning time: 0.302 ms
Execution time: 13956.468 ms
