Nested Loop  (cost=0.43..799266.90 rows=261 width=0) (actual time=2275.816..13699.241 rows=7 loops=1)
  ->  Seq Scan on cast_info ci  (cost=0.00..796071.18 rows=382 width=4) (actual time=2275.621..13698.917 rows=7 loops=1)
        Filter: ((role_id < 6) AND (person_id = 2345141))
        Rows Removed by Filter: 36244337
  ->  Index Scan using title_pkey on title t  (cost=0.43..8.36 rows=1 width=4) (actual time=0.031..0.032 rows=1 loops=7)
        Index Cond: (id = ci.movie_id)
        Filter: (production_year > 1991)
Planning time: 0.797 ms
Execution time: 13699.361 ms
