Hash Join  (cost=162524.15..602246.50 rows=864807 width=0) (actual time=3543.571..12980.835 rows=2116010 loops=1)
  Hash Cond: (mi.movie_id = t.id)
  ->  Seq Scan on movie_info mi  (cost=0.00..346232.03 rows=7235534 width=4) (actual time=583.174..6337.272 rows=7286865 loops=1)
        Filter: (info_type_id < 8)
        Rows Removed by Filter: 7548855
  ->  Hash  (cost=157565.46..157565.46 rows=302215 width=8) (actual time=2959.434..2959.434 rows=277951 loops=1)
        Buckets: 131072  Batches: 4  Memory Usage: 3746kB
        ->  Hash Join  (cost=83810.17..157565.46 rows=302215 width=8) (actual time=1892.213..2874.266 rows=277951 loops=1)
              Hash Cond: (mc.movie_id = t.id)
              ->  Seq Scan on movie_companies mc  (cost=0.00..57926.93 rows=773654 width=4) (actual time=515.665..1013.349 rows=480447 loops=1)
                    Filter: ((company_id < 14027) AND (company_type_id > 1))
                    Rows Removed by Filter: 2128682
              ->  Hash  (cost=67604.59..67604.59 rows=987727 width=4) (actual time=1375.702..1375.702 rows=985048 loops=1)
                    Buckets: 131072  Batches: 16  Memory Usage: 3188kB
                    ->  Seq Scan on title t  (cost=0.00..67604.59 rows=987727 width=4) (actual time=0.056..1069.139 rows=985048 loops=1)
                          Filter: (kind_id < 7)
                          Rows Removed by Filter: 1543264
Planning time: 0.741 ms
Execution time: 13210.911 ms
