Seq Scan on cast_info ci  (cost=0.00..796071.18 rows=4919694 width=0) (actual time=10108.273..13639.864 rows=5932768 loops=1)
  Filter: ((person_id < 2502064) AND (role_id = 2))
  Rows Removed by Filter: 30311576
Planning time: 0.406 ms
Execution time: 14349.963 ms
