Hash Join  (cost=84197.31..156882.26 rows=277720 width=0) (actual time=2164.416..3882.005 rows=284013 loops=1)
  Hash Cond: (mc.movie_id = t.id)
  ->  Seq Scan on movie_companies mc  (cost=0.00..57926.93 rows=694350 width=4) (actual time=0.025..1023.647 rows=953802 loops=1)
        Filter: ((company_id < 12285) AND (company_type_id < 2))
        Rows Removed by Filter: 1655327
  ->  Hash  (cost=67604.59..67604.59 rows=1011338 width=4) (actual time=2163.566..2163.566 rows=1012920 loops=1)
        Buckets: 131072  Batches: 16  Memory Usage: 3250kB
        ->  Seq Scan on title t  (cost=0.00..67604.59 rows=1011338 width=4) (actual time=0.063..1243.938 rows=1012920 loops=1)
              Filter: (production_year > 2005)
              Rows Removed by Filter: 1515392
Planning time: 0.730 ms
Execution time: 3914.098 ms
