Hash Join  (cost=174865.45..293658.61 rows=815603 width=0) (actual time=3812.064..7232.280 rows=3420546 loops=1)
  Hash Cond: (mk.movie_id = t.id)
  ->  Seq Scan on movie_keyword mk  (cost=0.00..81003.12 rows=2253602 width=4) (actual time=0.026..1515.640 rows=2257232 loops=1)
        Filter: (keyword_id < 4673)
        Rows Removed by Filter: 2266698
  ->  Hash  (cost=159851.69..159851.69 rows=915101 width=8) (actual time=3810.722..3810.722 rows=919850 loops=1)
        Buckets: 131072  Batches: 16  Memory Usage: 3282kB
        ->  Hash Join  (cost=102767.86..159851.69 rows=915101 width=8) (actual time=1791.315..3527.792 rows=919850 loops=1)
              Hash Cond: (mi_idx.movie_id = t.id)
              ->  Seq Scan on movie_info_idx mi_idx  (cost=0.00..25185.44 rows=915101 width=4) (actual time=0.020..504.151 rows=919850 loops=1)
                    Filter: (info_type_id < 101)
                    Rows Removed by Filter: 460185
              ->  Hash  (cost=61283.27..61283.27 rows=2528527 width=4) (actual time=1790.053..1790.053 rows=2528312 loops=1)
                    Buckets: 131072  Batches: 64  Memory Usage: 2415kB
                    ->  Seq Scan on title t  (cost=0.00..61283.27 rows=2528527 width=4) (actual time=0.024..954.261 rows=2528312 loops=1)
Planning time: 1.235 ms
Execution time: 7610.851 ms
