Seq Scan on movie_keyword mk  (cost=0.00..81003.12 rows=3676520 width=0) (actual time=0.020..1503.857 rows=3670771 loops=1)
  Filter: (keyword_id > 813)
  Rows Removed by Filter: 853159
Planning time: 0.312 ms
Execution time: 1963.190 ms
