Seq Scan on cast_info ci  (cost=0.00..705507.15 rows=34379784 width=0) (actual time=0.022..12332.631 rows=34356964 loops=1)
  Filter: (person_id < 3690151)
  Rows Removed by Filter: 1887380
Planning time: 0.318 ms
Execution time: 16296.192 ms
