Hash Join  (cost=147836.15..1006437.09 rows=551807 width=0) (actual time=10333.109..21940.395 rows=1527389 loops=1)
  Hash Cond: (ci.movie_id = t.id)
  ->  Seq Scan on cast_info ci  (cost=0.00..705507.15 rows=12726058 width=4) (actual time=7712.013..13973.710 rows=12670688 loops=1)
        Filter: (role_id = 1)
        Rows Removed by Filter: 23573656
  ->  Hash  (cost=146036.68..146036.68 rows=109638 width=8) (actual time=2620.281..2620.281 rows=156255 loops=1)
        Buckets: 131072  Batches: 2  Memory Usage: 4063kB
        ->  Hash Join  (cost=77347.14..146036.68 rows=109638 width=8) (actual time=1669.638..2581.959 rows=156255 loops=1)
              Hash Cond: (mc.movie_id = t.id)
              ->  Seq Scan on movie_companies mc  (cost=0.00..51404.11 rows=1329612 width=4) (actual time=197.129..938.362 rows=1334883 loops=1)
                    Filter: (company_type_id = 2)
                    Rows Removed by Filter: 1274246
              ->  Hash  (cost=73925.90..73925.90 rows=208499 width=4) (actual time=1098.799..1098.799 rows=182393 loops=1)
                    Buckets: 131072  Batches: 4  Memory Usage: 2628kB
                    ->  Seq Scan on title t  (cost=0.00..73925.90 rows=208499 width=4) (actual time=15.188..1040.704 rows=182393 loops=1)
                          Filter: ((kind_id < 2) AND (production_year > 2007))
                          Rows Removed by Filter: 2345919
Planning time: 1.139 ms
Execution time: 22126.518 ms
