Seq Scan on movie_companies mc  (cost=0.00..57926.93 rows=939247 width=0) (actual time=79.927..1091.020 rows=1110182 loops=1)
  Filter: ((company_id > 1531) AND (company_type_id = 2))
  Rows Removed by Filter: 1498947
Planning time: 0.428 ms
Execution time: 1228.221 ms
