Hash Join  (cost=128786.93..493772.09 rows=32923 width=0) (actual time=2413.213..9648.699 rows=188144 loops=1)
  Hash Cond: (mi.movie_id = t.id)
  ->  Seq Scan on movie_info mi  (cost=0.00..309384.22 rows=14739122 width=4) (actual time=0.010..3846.636 rows=14835720 loops=1)
  ->  Hash  (cost=128716.33..128716.33 rows=5648 width=8) (actual time=2412.081..2412.081 rows=13151 loops=1)
        Buckets: 16384 (originally 8192)  Batches: 1 (originally 1)  Memory Usage: 642kB
        ->  Hash Join  (cost=73994.33..128716.33 rows=5648 width=8) (actual time=1165.735..2406.268 rows=13151 loops=1)
              Hash Cond: (mc.movie_id = t.id)
              ->  Seq Scan on movie_companies mc  (cost=0.00..44881.29 rows=2609129 width=4) (actual time=0.012..622.740 rows=2609129 loops=1)
              ->  Hash  (cost=73925.90..73925.90 rows=5474 width=4) (actual time=1165.256..1165.256 rows=15440 loops=1)
                    Buckets: 16384 (originally 8192)  Batches: 1 (originally 1)  Memory Usage: 671kB
                    ->  Seq Scan on title t  (cost=0.00..73925.90 rows=5474 width=4) (actual time=0.055..1157.921 rows=15440 loops=1)
                          Filter: ((kind_id > 1) AND (production_year = 1987))
                          Rows Removed by Filter: 2512872
Planning time: 1.229 ms
Execution time: 9674.746 ms
