Seq Scan on title t  (cost=0.00..67604.59 rows=402036 width=0) (actual time=0.023..1084.486 rows=395872 loops=1)
  Filter: (production_year < 1972)
  Rows Removed by Filter: 2132440
Planning time: 0.335 ms
Execution time: 1135.169 ms
