Seq Scan on cast_info ci  (cost=0.00..796071.18 rows=4134756 width=0) (actual time=8768.920..12635.824 rows=2493832 loops=1)
  Filter: ((person_id < 2054869) AND (role_id = 2))
  Rows Removed by Filter: 33750512
Planning time: 0.555 ms
Execution time: 12951.796 ms
