Nested Loop  (cost=0.43..709671.90 rows=500 width=0) (actual time=2942.488..9894.628 rows=131 loops=1)
  ->  Seq Scan on cast_info ci  (cost=0.00..705507.15 rows=500 width=4) (actual time=2942.283..9888.683 rows=131 loops=1)
        Filter: (person_id = 1856460)
        Rows Removed by Filter: 36244213
  ->  Index Only Scan using title_pkey on title t  (cost=0.43..8.32 rows=1 width=4) (actual time=0.044..0.044 rows=1 loops=131)
        Index Cond: (id = ci.movie_id)
        Heap Fetches: 131
Planning time: 0.755 ms
Execution time: 9894.737 ms
