Hash Join  (cost=259847.28..1570464.40 rows=22538602 width=0) (actual time=5674.897..60509.302 rows=80924370 loops=1)
  Hash Cond: (ci.movie_id = t.id)
  ->  Seq Scan on cast_info ci  (cost=0.00..614943.12 rows=36225612 width=4) (actual time=0.025..11961.800 rows=36244344 loops=1)
  ->  Hash  (cost=234036.51..234036.51 rows=1573181 width=8) (actual time=5673.513..5673.513 rows=1665766 loops=1)
        Buckets: 131072  Batches: 32  Memory Usage: 3050kB
        ->  Hash Join  (cost=106561.27..234036.51 rows=1573181 width=8) (actual time=2013.338..5198.365 rows=1665766 loops=1)
              Hash Cond: (mk.movie_id = t.id)
              ->  Seq Scan on movie_keyword mk  (cost=0.00..81003.12 rows=1675261 width=4) (actual time=0.017..1492.881 rows=1686502 loops=1)
                    Filter: (keyword_id > 8598)
                    Rows Removed by Filter: 2837428
              ->  Hash  (cost=67604.59..67604.59 rows=2374455 width=4) (actual time=2012.405..2012.405 rows=2370958 loops=1)
                    Buckets: 131072  Batches: 32  Memory Usage: 3641kB
                    ->  Seq Scan on title t  (cost=0.00..67604.59 rows=2374455 width=4) (actual time=0.021..1245.406 rows=2370958 loops=1)
                          Filter: (production_year > 1919)
                          Rows Removed by Filter: 157354
Planning time: 1.198 ms
Execution time: 70226.092 ms
