Hash Join  (cost=113349.02..994636.59 rows=351455 width=0) (actual time=2020.297..19012.546 rows=882193 loops=1)
  Hash Cond: (ci.movie_id = t.id)
  ->  Seq Scan on cast_info ci  (cost=0.00..796071.18 rows=7023158 width=4) (actual time=0.018..13047.587 rows=10834441 loops=1)
        Filter: ((person_id > 2623673) AND (role_id > 1))
        Rows Removed by Filter: 25409903
  ->  Hash  (cost=111272.36..111272.36 rows=126533 width=8) (actual time=2019.502..2019.502 rows=69471 loops=1)
        Buckets: 131072  Batches: 2  Memory Usage: 2377kB
        ->  Hash Join  (cost=71408.55..111272.36 rows=126533 width=8) (actual time=970.420..1996.762 rows=69471 loops=1)
              Hash Cond: (mi_idx.movie_id = t.id)
              ->  Seq Scan on movie_info_idx mi_idx  (cost=0.00..21735.35 rows=1380035 width=4) (actual time=0.026..418.753 rows=1380035 loops=1)
              ->  Hash  (cost=67604.59..67604.59 rows=231837 width=4) (actual time=969.660..969.660 rows=231649 loops=1)
                    Buckets: 131072  Batches: 4  Memory Usage: 3076kB
                    ->  Seq Scan on title t  (cost=0.00..67604.59 rows=231837 width=4) (actual time=0.030..887.676 rows=231649 loops=1)
                          Filter: (production_year > 2011)
                          Rows Removed by Filter: 2296663
Planning time: 1.133 ms
Execution time: 19120.536 ms
