Hash Join  (cost=74547.79..808859.39 rows=143600 width=0) (actual time=8158.897..15584.343 rows=192184 loops=1)
  Hash Cond: (ci.movie_id = t.id)
  ->  Seq Scan on cast_info ci  (cost=0.00..705507.15 rows=7298253 width=4) (actual time=7016.597..12235.260 rows=7451973 loops=1)
        Filter: (role_id = 2)
        Rows Removed by Filter: 28792371
  ->  Hash  (cost=73925.90..73925.90 rows=49751 width=4) (actual time=1141.556..1141.556 rows=56995 loops=1)
        Buckets: 65536  Batches: 1  Memory Usage: 2516kB
        ->  Seq Scan on title t  (cost=0.00..73925.90 rows=49751 width=4) (actual time=0.055..1117.354 rows=56995 loops=1)
              Filter: ((kind_id > 1) AND (production_year = 2003))
              Rows Removed by Filter: 2471317
Planning time: 0.767 ms
Execution time: 15611.593 ms
