Hash Join  (cost=221845.59..790477.89 rows=8324737 width=0) (actual time=4735.380..27196.926 rows=43003183 loops=1)
  Hash Cond: (mi.movie_id = t.id)
  ->  Seq Scan on movie_info mi  (cost=0.00..309384.22 rows=14739122 width=4) (actual time=0.018..5436.086 rows=14835720 loops=1)
  ->  Hash  (cost=198415.02..198415.02 rows=1428126 width=8) (actual time=4734.047..4734.047 rows=1417467 loops=1)
        Buckets: 131072  Batches: 32  Memory Usage: 2792kB
        ->  Hash Join  (cost=102767.86..198415.02 rows=1428126 width=8) (actual time=1816.793..4332.108 rows=1417467 loops=1)
              Hash Cond: (mc.movie_id = t.id)
              ->  Seq Scan on movie_companies mc  (cost=0.00..51404.11 rows=1428126 width=4) (actual time=0.015..987.548 rows=1417467 loops=1)
                    Filter: (company_id < 12472)
                    Rows Removed by Filter: 1191662
              ->  Hash  (cost=61283.27..61283.27 rows=2528527 width=4) (actual time=1815.427..1815.427 rows=2528312 loops=1)
                    Buckets: 131072  Batches: 64  Memory Usage: 2415kB
                    ->  Seq Scan on title t  (cost=0.00..61283.27 rows=2528527 width=4) (actual time=0.020..953.204 rows=2528312 loops=1)
Planning time: 1.184 ms
Execution time: 31747.569 ms
