Hash Join  (cost=129930.85..513149.27 rows=145023 width=0) (actual time=2236.301..10396.087 rows=1195648 loops=1)
  Hash Cond: (mi.movie_id = t.id)
  ->  Seq Scan on movie_info mi  (cost=0.00..346232.03 rows=9476311 width=4) (actual time=0.019..5716.536 rows=9565151 loops=1)
        Filter: (info_type_id < 16)
        Rows Removed by Filter: 5270569
  ->  Hash  (cost=129447.15..129447.15 rows=38696 width=8) (actual time=2235.802..2235.802 rows=66078 loops=1)
        Buckets: 131072 (originally 65536)  Batches: 1 (originally 1)  Memory Usage: 3606kB
        ->  Hash Join  (cost=74394.67..129447.15 rows=38696 width=8) (actual time=1027.661..2210.212 rows=66078 loops=1)
              Hash Cond: (mc.movie_id = t.id)
              ->  Seq Scan on movie_companies mc  (cost=0.00..44881.29 rows=2609129 width=4) (actual time=0.030..537.914 rows=2609129 loops=1)
              ->  Hash  (cost=73925.90..73925.90 rows=37501 width=4) (actual time=1027.300..1027.300 rows=32253 loops=1)
                    Buckets: 65536  Batches: 1  Memory Usage: 1646kB
                    ->  Seq Scan on title t  (cost=0.00..73925.90 rows=37501 width=4) (actual time=0.031..1013.830 rows=32253 loops=1)
                          Filter: ((kind_id < 7) AND (production_year = 2005))
                          Rows Removed by Filter: 2496059
Planning time: 3.037 ms
Execution time: 10549.069 ms
