Seq Scan on movie_companies mc  (cost=0.00..57926.93 rows=211385 width=0) (actual time=295.453..749.463 rows=328363 loops=1)
  Filter: ((company_id < 312) AND (company_type_id = 1))
  Rows Removed by Filter: 2280766
Planning time: 0.377 ms
Execution time: 792.830 ms
