Hash Join  (cost=200414.20..1240179.19 rows=7736245 width=0) (actual time=4361.216..31239.362 rows=10382763 loops=1)
  Hash Cond: (ci.movie_id = t.id)
  ->  Seq Scan on cast_info ci  (cost=0.00..705507.15 rows=21916372 width=4) (actual time=0.011..13092.011 rows=21999889 loops=1)
        Filter: (person_id > 1402667)
        Rows Removed by Filter: 14244455
  ->  Hash  (cost=185770.41..185770.41 rows=892543 width=8) (actual time=4360.209..4360.209 rows=682510 loops=1)
        Buckets: 131072  Batches: 16  Memory Usage: 2686kB
        ->  Hash Join  (cost=101773.80..185770.41 rows=892543 width=8) (actual time=2453.143..4177.397 rows=682510 loops=1)
              Hash Cond: (mc.movie_id = t.id)
              ->  Seq Scan on movie_companies mc  (cost=0.00..51404.11 rows=1329612 width=4) (actual time=458.488..1035.625 rows=1334883 loops=1)
                    Filter: (company_type_id > 1)
                    Rows Removed by Filter: 1274246
              ->  Hash  (cost=73925.90..73925.90 rows=1697352 width=4) (actual time=1993.733..1993.733 rows=1799150 loops=1)
                    Buckets: 131072  Batches: 32  Memory Usage: 3006kB
                    ->  Seq Scan on title t  (cost=0.00..73925.90 rows=1697352 width=4) (actual time=0.027..1421.124 rows=1799150 loops=1)
                          Filter: ((kind_id > 1) AND (production_year > 1947))
                          Rows Removed by Filter: 729162
Planning time: 1.184 ms
Execution time: 32469.915 ms
