Hash Join  (cost=130055.91..885415.18 rows=212941 width=0) (actual time=2037.216..16688.752 rows=113121 loops=1)
  Hash Cond: (ci.movie_id = t.id)
  ->  Seq Scan on cast_info ci  (cost=0.00..705507.15 rows=12726058 width=4) (actual time=0.024..12336.734 rows=12670688 loops=1)
        Filter: (role_id = 1)
        Rows Removed by Filter: 23573656
  ->  Hash  (cost=129527.04..129527.04 rows=42309 width=8) (actual time=2034.528..2034.528 rows=13597 loops=1)
        Buckets: 65536  Batches: 1  Memory Usage: 1044kB
        ->  Hash Join  (cost=74438.43..129527.04 rows=42309 width=8) (actual time=998.698..2029.048 rows=13597 loops=1)
              Hash Cond: (mc.movie_id = t.id)
              ->  Seq Scan on movie_companies mc  (cost=0.00..44881.29 rows=2609129 width=4) (actual time=0.011..459.079 rows=2609129 loops=1)
              ->  Hash  (cost=73925.90..73925.90 rows=41002 width=4) (actual time=998.351..998.351 rows=40409 loops=1)
                    Buckets: 65536  Batches: 1  Memory Usage: 1933kB
                    ->  Seq Scan on title t  (cost=0.00..73925.90 rows=41002 width=4) (actual time=0.555..980.856 rows=40409 loops=1)
                          Filter: ((kind_id > 4) AND (production_year > 2012))
                          Rows Removed by Filter: 2487903
Planning time: 1.121 ms
Execution time: 16703.909 ms
