Hash Join  (cost=96729.52..959045.82 rows=5305283 width=0) (actual time=10150.177..19947.596 rows=6048917 loops=1)
  Hash Cond: (ci.movie_id = t.id)
  ->  Seq Scan on cast_info ci  (cost=0.00..705507.15 rows=7556663 width=4) (actual time=8282.124..12924.772 rows=7436237 loops=1)
        Filter: (role_id > 7)
        Rows Removed by Filter: 28808107
  ->  Hash  (cost=67604.59..67604.59 rows=1775195 width=4) (actual time=1866.692..1866.692 rows=1772072 loops=1)
        Buckets: 131072  Batches: 32  Memory Usage: 2976kB
        ->  Seq Scan on title t  (cost=0.00..67604.59 rows=1775195 width=4) (actual time=0.025..1298.099 rows=1772072 loops=1)
              Filter: (production_year > 1989)
              Rows Removed by Filter: 756240
Planning time: 0.752 ms
Execution time: 20531.054 ms
