Seq Scan on title t  (cost=0.00..73925.90 rows=45288 width=0) (actual time=348.740..995.463 rows=49842 loops=1)
  Filter: ((production_year < 2004) AND (kind_id = 2))
  Rows Removed by Filter: 2478470
Planning time: 0.359 ms
Execution time: 1003.333 ms
