Seq Scan on movie_keyword mk  (cost=0.00..81003.12 rows=3244540 width=0) (actual time=0.024..1693.665 rows=3235040 loops=1)
  Filter: (keyword_id < 13716)
  Rows Removed by Filter: 1288890
Planning time: 0.355 ms
Execution time: 2089.811 ms
