Hash Join  (cost=157545.46..1024067.19 rows=1286886 width=0) (actual time=2962.627..22380.681 rows=1892579 loops=1)
  Hash Cond: (ci.movie_id = t.id)
  ->  Seq Scan on cast_info ci  (cost=0.00..705507.15 rows=12726058 width=4) (actual time=0.030..13309.538 rows=12670688 loops=1)
        Filter: (role_id = 1)
        Rows Removed by Filter: 23573656
  ->  Hash  (cost=153350.33..153350.33 rows=255690 width=8) (actual time=2961.843..2961.843 rows=244403 loops=1)
        Buckets: 131072  Batches: 4  Memory Usage: 3416kB
        ->  Hash Join  (cost=80042.24..153350.33 rows=255690 width=8) (actual time=1308.794..2884.554 rows=244403 loops=1)
              Hash Cond: (mc.movie_id = t.id)
              ->  Seq Scan on movie_companies mc  (cost=0.00..57926.93 rows=852870 width=4) (actual time=0.020..1107.877 rows=537614 loops=1)
                    Filter: ((company_id < 18854) AND (company_type_id = 2))
                    Rows Removed by Filter: 2071515
              ->  Hash  (cost=67604.59..67604.59 rows=758052 width=4) (actual time=1307.836..1307.836 rows=753677 loops=1)
                    Buckets: 131072  Batches: 16  Memory Usage: 2677kB
                    ->  Seq Scan on title t  (cost=0.00..67604.59 rows=758052 width=4) (actual time=0.017..1068.543 rows=753677 loops=1)
                          Filter: (kind_id < 3)
                          Rows Removed by Filter: 1774635
Planning time: 1.131 ms
Execution time: 22621.475 ms
