Hash Join  (cost=102767.86..1052398.16 rows=5971146 width=0) (actual time=3271.891..24185.760 rows=10561025 loops=1)
  Hash Cond: (ci.movie_id = t.id)
  ->  Seq Scan on cast_info ci  (cost=0.00..796071.18 rows=5971146 width=4) (actual time=1510.702..13377.580 rows=10561025 loops=1)
        Filter: ((person_id > 2323174) AND (role_id > 2))
        Rows Removed by Filter: 25683319
  ->  Hash  (cost=61283.27..61283.27 rows=2528527 width=4) (actual time=1760.023..1760.023 rows=2528312 loops=1)
        Buckets: 131072  Batches: 64  Memory Usage: 2415kB
        ->  Seq Scan on title t  (cost=0.00..61283.27 rows=2528527 width=4) (actual time=0.022..917.167 rows=2528312 loops=1)
Planning time: 0.540 ms
Execution time: 25424.841 ms
