Seq Scan on cast_info ci  (cost=0.00..796071.18 rows=224 width=0) (actual time=4317.612..12503.980 rows=182 loops=1)
  Filter: ((role_id > 2) AND (person_id = 2895284))
  Rows Removed by Filter: 36244162
Planning time: 0.410 ms
Execution time: 12504.116 ms
