Hash Join  (cost=67697.55..154488.65 rows=13306 width=0) (actual time=947.317..2713.695 rows=32924 loops=1)
  Hash Cond: (mk.movie_id = t.id)
  ->  Seq Scan on movie_keyword mk  (cost=0.00..69693.30 rows=4523930 width=4) (actual time=0.013..896.808 rows=4523930 loops=1)
  ->  Hash  (cost=67604.59..67604.59 rows=7437 width=4) (actual time=943.679..943.679 rows=14779 loops=1)
        Buckets: 16384 (originally 8192)  Batches: 1 (originally 1)  Memory Usage: 648kB
        ->  Seq Scan on title t  (cost=0.00..67604.59 rows=7437 width=4) (actual time=0.021..936.624 rows=14779 loops=1)
              Filter: (production_year = 1980)
              Rows Removed by Filter: 2513533
Planning time: 0.776 ms
Execution time: 2718.451 ms
