Seq Scan on cast_info ci  (cost=0.00..705507.15 rows=24590542 width=0) (actual time=1418.629..11245.402 rows=24706065 loops=1)
  Filter: (person_id > 1135625)
  Rows Removed by Filter: 11538279
Planning time: 0.239 ms
Execution time: 14256.325 ms
