Hash Join  (cost=78930.19..601670.93 rows=4023781 width=0) (actual time=1348.546..16572.891 rows=5543989 loops=1)
  Hash Cond: (mi.movie_id = t.id)
  ->  Seq Scan on movie_info mi  (cost=0.00..309384.22 rows=14739122 width=4) (actual time=0.021..6075.734 rows=14835720 loops=1)
  ->  Hash  (cost=67604.59..67604.59 rows=690288 width=4) (actual time=1347.447..1347.447 rows=684146 loops=1)
        Buckets: 131072  Batches: 16  Memory Usage: 2532kB
        ->  Seq Scan on title t  (cost=0.00..67604.59 rows=690288 width=4) (actual time=0.022..1122.907 rows=684146 loops=1)
              Filter: (production_year < 1990)
              Rows Removed by Filter: 1844166
Planning time: 0.812 ms
Execution time: 17227.928 ms
