Seq Scan on movie_keyword mk  (cost=0.00..81003.12 rows=3972158 width=0) (actual time=0.025..1472.846 rows=3975092 loops=1)
  Filter: (keyword_id < 33557)
  Rows Removed by Filter: 548838
Planning time: 0.345 ms
Execution time: 1971.579 ms
