Seq Scan on movie_keyword mk  (cost=0.00..81003.12 rows=246 width=0) (actual time=0.783..821.122 rows=1041 loops=1)
  Filter: (keyword_id = 7601)
  Rows Removed by Filter: 4522889
Planning time: 0.358 ms
Execution time: 821.507 ms
