Hash Join  (cost=217858.32..346720.53 rows=1333756 width=0) (actual time=5348.704..9920.502 rows=4748544 loops=1)
  Hash Cond: (mk.movie_id = t.id)
  ->  Seq Scan on movie_keyword mk  (cost=0.00..81003.12 rows=2536407 width=4) (actual time=0.017..1487.866 rows=2529548 loops=1)
        Filter: (keyword_id > 3521)
        Rows Removed by Filter: 1994382
  ->  Hash  (cost=196044.17..196044.17 rows=1329612 width=8) (actual time=5345.506..5345.506 rows=1334883 loops=1)
        Buckets: 131072  Batches: 32  Memory Usage: 2660kB
        ->  Hash Join  (cost=102767.86..196044.17 rows=1329612 width=8) (actual time=2589.106..4939.971 rows=1334883 loops=1)
              Hash Cond: (mc.movie_id = t.id)
              ->  Seq Scan on movie_companies mc  (cost=0.00..51404.11 rows=1329612 width=4) (actual time=0.021..850.324 rows=1334883 loops=1)
                    Filter: (company_type_id > 1)
                    Rows Removed by Filter: 1274246
              ->  Hash  (cost=61283.27..61283.27 rows=2528527 width=4) (actual time=2587.054..2587.054 rows=2528312 loops=1)
                    Buckets: 131072  Batches: 64  Memory Usage: 2415kB
                    ->  Seq Scan on title t  (cost=0.00..61283.27 rows=2528527 width=4) (actual time=0.015..976.751 rows=2528312 loops=1)
Planning time: 1.227 ms
Execution time: 10436.635 ms
