Hash Join  (cost=267718.56..1114640.05 rows=4846949 width=0) (actual time=5951.945..24884.070 rows=16306883 loops=1)
  Hash Cond: (ci.movie_id = t.id)
  ->  Seq Scan on cast_info ci  (cost=0.00..705507.15 rows=6696171 width=4) (actual time=38.568..11025.251 rows=6630606 loops=1)
        Filter: (person_id < 640252)
        Rows Removed by Filter: 29613738
  ->  Hash  (cost=237690.48..237690.48 rows=1830246 width=8) (actual time=5912.225..5912.225 rows=1836381 loops=1)
        Buckets: 131072  Batches: 32  Memory Usage: 3255kB
        ->  Hash Join  (cost=102767.86..237690.48 rows=1830246 width=8) (actual time=1768.400..5122.339 rows=1836381 loops=1)
              Hash Cond: (mk.movie_id = t.id)
              ->  Seq Scan on movie_keyword mk  (cost=0.00..81003.12 rows=1830246 width=4) (actual time=0.022..1518.136 rows=1836381 loops=1)
                    Filter: (keyword_id < 3037)
                    Rows Removed by Filter: 2687549
              ->  Hash  (cost=61283.27..61283.27 rows=2528527 width=4) (actual time=1766.779..1766.779 rows=2528312 loops=1)
                    Buckets: 131072  Batches: 64  Memory Usage: 2425kB
                    ->  Seq Scan on title t  (cost=0.00..61283.27 rows=2528527 width=4) (actual time=0.008..906.025 rows=2528312 loops=1)
Planning time: 1.125 ms
Execution time: 26879.463 ms
