Hash Join  (cost=299355.01..1378897.04 rows=15864231 width=0) (actual time=5623.131..26589.383 rows=8474034 loops=1)
  Hash Cond: (ci.movie_id = t.id)
  ->  Seq Scan on cast_info ci  (cost=0.00..705507.15 rows=14550973 width=4) (actual time=0.037..12578.924 rows=14477171 loops=1)
        Filter: (person_id < 1425747)
        Rows Removed by Filter: 21767173
  ->  Hash  (cost=254126.86..254126.86 rows=2756732 width=8) (actual time=5620.264..5620.264 rows=645461 loops=1)
        Buckets: 131072  Batches: 64  Memory Usage: 1402kB
        ->  Hash Join  (cost=92883.59..254126.86 rows=2756732 width=8) (actual time=2875.500..5438.911 rows=645461 loops=1)
              Hash Cond: (mk.movie_id = t.id)
              ->  Seq Scan on movie_keyword mk  (cost=0.00..69693.30 rows=4523930 width=4) (actual time=0.028..1354.128 rows=4523930 loops=1)
              ->  Hash  (cost=67604.59..67604.59 rows=1540800 width=4) (actual time=1718.870..1718.870 rows=1543264 loops=1)
                    Buckets: 131072  Batches: 32  Memory Usage: 2728kB
                    ->  Seq Scan on title t  (cost=0.00..67604.59 rows=1540800 width=4) (actual time=0.019..998.752 rows=1543264 loops=1)
                          Filter: (kind_id = 7)
                          Rows Removed by Filter: 985048
Planning time: 1.162 ms
Execution time: 27483.598 ms
