Seq Scan on movie_keyword mk  (cost=0.00..81003.12 rows=498194 width=0) (actual time=0.021..1217.845 rows=492263 loops=1)
  Filter: (keyword_id > 36611)
  Rows Removed by Filter: 4031667
Planning time: 0.306 ms
Execution time: 1281.934 ms
