Hash Join  (cost=188954.40..707036.18 rows=3587185 width=0) (actual time=3702.341..18763.094 rows=9533981 loops=1)
  Hash Cond: (mi.movie_id = t.id)
  ->  Seq Scan on movie_info mi  (cost=0.00..309384.22 rows=14739122 width=4) (actual time=0.008..5171.139 rows=14835720 loops=1)
  ->  Hash  (cost=178858.04..178858.04 rows=615389 width=8) (actual time=3701.548..3701.548 rows=619478 loops=1)
        Buckets: 131072  Batches: 16  Memory Usage: 2557kB
        ->  Hash Join  (cost=102767.86..178858.04 rows=615389 width=8) (actual time=1769.542..3497.953 rows=619478 loops=1)
              Hash Cond: (mc.movie_id = t.id)
              ->  Seq Scan on movie_companies mc  (cost=0.00..51404.11 rows=615389 width=4) (actual time=0.027..758.934 rows=619478 loops=1)
                    Filter: (company_id > 62396)
                    Rows Removed by Filter: 1989651
              ->  Hash  (cost=61283.27..61283.27 rows=2528527 width=4) (actual time=1768.115..1768.115 rows=2528312 loops=1)
                    Buckets: 131072  Batches: 64  Memory Usage: 2415kB
                    ->  Seq Scan on title t  (cost=0.00..61283.27 rows=2528527 width=4) (actual time=0.012..913.830 rows=2528312 loops=1)
Planning time: 0.827 ms
Execution time: 19883.112 ms
