Hash Join  (cost=106641.37..473693.77 rows=239649 width=0) (actual time=1812.452..8910.715 rows=575699 loops=1)
  Hash Cond: (mi.movie_id = t.id)
  ->  Seq Scan on movie_info mi  (cost=0.00..309384.22 rows=14739122 width=4) (actual time=0.017..3500.300 rows=14835720 loops=1)
  ->  Hash  (cost=106127.47..106127.47 rows=41112 width=8) (actual time=1812.054..1812.054 rows=38685 loops=1)
        Buckets: 65536  Batches: 1  Memory Usage: 2024kB
        ->  Hash Join  (cost=69460.45..106127.47 rows=41112 width=8) (actual time=944.649..1798.450 rows=38685 loops=1)
              Hash Cond: (mi_idx.movie_id = t.id)
              ->  Seq Scan on movie_info_idx mi_idx  (cost=0.00..25185.44 rows=919057 width=4) (actual time=0.017..507.062 rows=920110 loops=1)
                    Filter: (info_type_id > 99)
                    Rows Removed by Filter: 459925
              ->  Hash  (cost=67604.59..67604.59 rows=113109 width=4) (actual time=943.779..943.779 rows=119565 loops=1)
                    Buckets: 131072  Batches: 2  Memory Usage: 3115kB
                    ->  Seq Scan on title t  (cost=0.00..67604.59 rows=113109 width=4) (actual time=0.019..900.222 rows=119565 loops=1)
                          Filter: (production_year = 2007)
                          Rows Removed by Filter: 2408747
Planning time: 1.198 ms
Execution time: 8987.745 ms
