Seq Scan on cast_info ci  (cost=0.00..796071.18 rows=361315 width=0) (actual time=3774.416..9762.179 rows=176508 loops=1)
  Filter: ((person_id < 73597) AND (role_id > 2))
  Rows Removed by Filter: 36067836
Planning time: 0.351 ms
Execution time: 9784.300 ms
