Seq Scan on movie_keyword mk  (cost=0.00..81003.12 rows=2548500 width=0) (actual time=0.022..1544.891 rows=2544662 loops=1)
  Filter: (keyword_id > 3483)
  Rows Removed by Filter: 1979268
Planning time: 0.356 ms
Execution time: 1860.188 ms
