Hash Join  (cost=130422.20..495211.85 rows=13372 width=0) (actual time=2457.766..8138.303 rows=52243 loops=1)
  Hash Cond: (mi.movie_id = t.id)
  ->  Seq Scan on movie_info mi  (cost=0.00..309384.22 rows=14739122 width=4) (actual time=0.011..3574.030 rows=14835720 loops=1)
  ->  Hash  (cost=130393.53..130393.53 rows=2294 width=8) (actual time=1771.321..1771.321 rows=4938 loops=1)
        Buckets: 8192 (originally 4096)  Batches: 1 (originally 1)  Memory Usage: 257kB
        ->  Hash Join  (cost=73980.43..130393.53 rows=2294 width=8) (actual time=1238.281..1769.176 rows=4938 loops=1)
              Hash Cond: (mc.movie_id = t.id)
              ->  Seq Scan on movie_companies mc  (cost=0.00..51404.11 rows=1329612 width=4) (actual time=271.075..883.343 rows=1334883 loops=1)
                    Filter: (company_type_id > 1)
                    Rows Removed by Filter: 1274246
              ->  Hash  (cost=73925.90..73925.90 rows=4362 width=4) (actual time=669.481..669.481 rows=3986 loops=1)
                    Buckets: 8192  Batches: 1  Memory Usage: 205kB
                    ->  Seq Scan on title t  (cost=0.00..73925.90 rows=4362 width=4) (actual time=0.025..667.825 rows=3986 loops=1)
                          Filter: ((kind_id = 3) AND (production_year = 2006))
                          Rows Removed by Filter: 2524326
Planning time: 1.169 ms
Execution time: 8147.029 ms
