Hash Join  (cost=130217.29..198401.73 rows=72827 width=0) (actual time=2556.083..3930.555 rows=334001 loops=1)
  Hash Cond: (mc.movie_id = t.id)
  ->  Seq Scan on movie_companies mc  (cost=0.00..57926.93 rows=740065 width=4) (actual time=0.029..957.796 rows=526331 loops=1)
        Filter: ((company_id > 7323) AND (company_type_id < 2))
        Rows Removed by Filter: 2082798
  ->  Hash  (cost=126135.03..126135.03 rows=248821 width=8) (actual time=2555.240..2555.240 rows=400772 loops=1)
        Buckets: 131072 (originally 131072)  Batches: 8 (originally 4)  Memory Usage: 3073kB
        ->  Hash Join  (cost=85157.92..126135.03 rows=248821 width=8) (actual time=1244.458..2425.726 rows=400772 loops=1)
              Hash Cond: (mi_idx.movie_id = t.id)
              ->  Seq Scan on movie_info_idx mi_idx  (cost=0.00..25185.44 rows=919057 width=4) (actual time=0.022..521.306 rows=920110 loops=1)
                    Filter: (info_type_id > 99)
                    Rows Removed by Filter: 459925
              ->  Hash  (cost=73925.90..73925.90 rows=684561 width=4) (actual time=1242.968..1242.968 rows=585759 loops=1)
                    Buckets: 131072  Batches: 16  Memory Usage: 2308kB
                    ->  Seq Scan on title t  (cost=0.00..73925.90 rows=684561 width=4) (actual time=0.023..1049.785 rows=585759 loops=1)
                          Filter: ((kind_id < 7) AND (production_year > 1990))
                          Rows Removed by Filter: 1942553
Planning time: 1.146 ms
Execution time: 3973.537 ms
