Seq Scan on cast_info ci  (cost=0.00..796071.18 rows=8593140 width=0) (actual time=1124.919..10485.010 rows=3659640 loops=1)
  Filter: ((person_id < 1303640) AND (role_id > 1))
  Rows Removed by Filter: 32584704
Planning time: 0.364 ms
Execution time: 10866.110 ms
