Hash Join  (cost=197812.09..729507.44 rows=4863042 width=0) (actual time=3867.006..20541.176 rows=21455651 loops=1)
  Hash Cond: (mi.movie_id = t.id)
  ->  Seq Scan on movie_info mi  (cost=0.00..309384.22 rows=14739122 width=4) (actual time=0.022..5032.349 rows=14835720 loops=1)
  ->  Hash  (cost=184124.78..184124.78 rows=834265 width=8) (actual time=3866.140..3866.140 rows=830505 loops=1)
        Buckets: 131072  Batches: 16  Memory Usage: 3080kB
        ->  Hash Join  (cost=102767.86..184124.78 rows=834265 width=8) (actual time=1729.272..3632.174 rows=830505 loops=1)
              Hash Cond: (mc.movie_id = t.id)
              ->  Seq Scan on movie_companies mc  (cost=0.00..51404.11 rows=834265 width=4) (actual time=0.011..868.881 rows=830505 loops=1)
                    Filter: (company_id < 2050)
                    Rows Removed by Filter: 1778624
              ->  Hash  (cost=61283.27..61283.27 rows=2528527 width=4) (actual time=1727.645..1727.645 rows=2528312 loops=1)
                    Buckets: 131072  Batches: 64  Memory Usage: 2415kB
                    ->  Seq Scan on title t  (cost=0.00..61283.27 rows=2528527 width=4) (actual time=0.010..910.556 rows=2528312 loops=1)
Planning time: 1.135 ms
Execution time: 22830.743 ms
