Nested Loop  (cost=0.43..797556.14 rows=107 width=0) (actual time=6187.026..8576.422 rows=73 loops=1)
  ->  Seq Scan on cast_info ci  (cost=0.00..796071.18 rows=176 width=4) (actual time=6185.211..8573.328 rows=142 loops=1)
        Filter: ((person_id = 1312114) AND (role_id = 1))
        Rows Removed by Filter: 36244202
  ->  Index Scan using title_pkey on title t  (cost=0.43..8.43 rows=1 width=4) (actual time=0.021..0.021 rows=1 loops=142)
        Index Cond: (id = ci.movie_id)
        Filter: (kind_id = 7)
        Rows Removed by Filter: 0
Planning time: 0.800 ms
Execution time: 8576.552 ms
