Seq Scan on movie_companies mc  (cost=0.00..57926.93 rows=1147435 width=0) (actual time=144.617..1005.105 rows=973288 loops=1)
  Filter: ((company_id < 86766) AND (company_type_id = 2))
  Rows Removed by Filter: 1635841
Planning time: 0.352 ms
Execution time: 1126.800 ms
