Hash Join  (cost=102767.86..206046.75 rows=1745279 width=0) (actual time=1782.009..4918.036 rows=1749044 loops=1)
  Hash Cond: (mc.movie_id = t.id)
  ->  Seq Scan on movie_companies mc  (cost=0.00..51404.11 rows=1745279 width=4) (actual time=0.024..956.713 rows=1749044 loops=1)
        Filter: (company_id > 2477)
        Rows Removed by Filter: 860085
  ->  Hash  (cost=61283.27..61283.27 rows=2528527 width=4) (actual time=1779.852..1779.852 rows=2528312 loops=1)
        Buckets: 131072  Batches: 64  Memory Usage: 2415kB
        ->  Seq Scan on title t  (cost=0.00..61283.27 rows=2528527 width=4) (actual time=0.009..952.128 rows=2528312 loops=1)
Planning time: 0.671 ms
Execution time: 5138.780 ms
