Hash Join  (cost=136986.42..224092.86 rows=44840 width=0) (actual time=2364.560..4191.214 rows=257994 loops=1)
  Hash Cond: (mk.movie_id = t.id)
  ->  Seq Scan on movie_keyword mk  (cost=0.00..69693.30 rows=4523930 width=4) (actual time=0.015..899.199 rows=4523930 loops=1)
  ->  Hash  (cost=136673.15..136673.15 rows=25062 width=8) (actual time=2360.633..2360.633 rows=40922 loops=1)
        Buckets: 65536 (originally 32768)  Batches: 1 (originally 1)  Memory Usage: 2111kB
        ->  Hash Join  (cost=74710.74..136673.15 rows=25062 width=8) (actual time=960.642..2343.823 rows=40922 loops=1)
              Hash Cond: (mc.movie_id = t.id)
              ->  Seq Scan on movie_companies mc  (cost=0.00..57926.93 rows=1009294 width=4) (actual time=0.017..1033.487 rows=1161075 loops=1)
                    Filter: ((company_id > 789) AND (company_type_id = 2))
                    Rows Removed by Filter: 1448054
              ->  Hash  (cost=73925.90..73925.90 rows=62787 width=4) (actual time=960.334..960.334 rows=53770 loops=1)
                    Buckets: 65536  Batches: 1  Memory Usage: 2403kB
                    ->  Seq Scan on title t  (cost=0.00..73925.90 rows=62787 width=4) (actual time=0.013..939.419 rows=53770 loops=1)
                          Filter: ((kind_id < 7) AND (production_year = 2011))
                          Rows Removed by Filter: 2474542
Planning time: 0.714 ms
Execution time: 4225.060 ms
