Hash Join  (cost=568239.02..1899871.75 rows=6952344 width=0) (actual time=12662.062..45125.190 rows=7829976 loops=1)
  Hash Cond: (ci.movie_id = t.id)
  ->  Seq Scan on cast_info ci  (cost=0.00..614943.12 rows=36225612 width=4) (actual time=0.022..13311.789 rows=36244344 loops=1)
  ->  Hash  (cost=560277.15..560277.15 rows=485270 width=8) (actual time=12660.141..12660.141 rows=328708 loops=1)
        Buckets: 131072  Batches: 8  Memory Usage: 2586kB
        ->  Hash Join  (cost=75292.52..560277.15 rows=485270 width=8) (actual time=1399.186..12544.411 rows=328708 loops=1)
              Hash Cond: (mi.movie_id = t.id)
              ->  Seq Scan on movie_info mi  (cost=0.00..309384.22 rows=14739122 width=4) (actual time=0.025..5850.200 rows=14835720 loops=1)
              ->  Hash  (cost=73925.90..73925.90 rows=83249 width=4) (actual time=1398.271..1398.271 rows=101793 loops=1)
                    Buckets: 131072  Batches: 2  Memory Usage: 2809kB
                    ->  Seq Scan on title t  (cost=0.00..73925.90 rows=83249 width=4) (actual time=0.020..1358.812 rows=101793 loops=1)
                          Filter: ((kind_id > 1) AND (production_year = 2007))
                          Rows Removed by Filter: 2426519
Planning time: 1.130 ms
Execution time: 46100.375 ms
