Hash Join  (cost=92883.59..161383.86 rows=356994 width=0) (actual time=1869.517..2953.539 rows=167986 loops=1)
  Hash Cond: (mc.movie_id = t.id)
  ->  Seq Scan on movie_companies mc  (cost=0.00..51404.11 rows=585844 width=4) (actual time=266.896..802.649 rows=593352 loops=1)
        Filter: (company_id > 69676)
        Rows Removed by Filter: 2015777
  ->  Hash  (cost=67604.59..67604.59 rows=1540800 width=4) (actual time=1593.525..1593.525 rows=1543264 loops=1)
        Buckets: 131072  Batches: 32  Memory Usage: 2722kB
        ->  Seq Scan on title t  (cost=0.00..67604.59 rows=1540800 width=4) (actual time=196.627..1097.441 rows=1543264 loops=1)
              Filter: (kind_id = 7)
              Rows Removed by Filter: 985048
Planning time: 3.879 ms
Execution time: 2971.631 ms
