Hash Join  (cost=219807.22..365449.41 rows=1932444 width=0) (actual time=5197.093..8452.770 rows=1206147 loops=1)
  Hash Cond: (mk.movie_id = t.id)
  ->  Seq Scan on movie_keyword mk  (cost=0.00..81003.12 rows=3047924 width=4) (actual time=0.016..1557.754 rows=3036068 loops=1)
        Filter: (keyword_id < 10962)
        Rows Removed by Filter: 1487862
  ->  Hash  (cost=193505.02..193505.02 rows=1603136 width=8) (actual time=5195.021..5195.021 rows=747310 loops=1)
        Buckets: 131072  Batches: 32  Memory Usage: 1912kB
        ->  Hash Join  (cost=93093.72..193505.02 rows=1603136 width=8) (actual time=2351.044..4970.774 rows=747310 loops=1)
              Hash Cond: (mc.movie_id = t.id)
              ->  Seq Scan on movie_companies mc  (cost=0.00..44881.29 rows=2609129 width=4) (actual time=0.013..893.972 rows=2609129 loops=1)
              ->  Hash  (cost=67604.59..67604.59 rows=1553611 width=4) (actual time=2344.138..2344.138 rows=1555864 loops=1)
                    Buckets: 131072  Batches: 32  Memory Usage: 2734kB
                    ->  Seq Scan on title t  (cost=0.00..67604.59 rows=1553611 width=4) (actual time=0.022..1145.825 rows=1555864 loops=1)
                          Filter: (kind_id > 4)
                          Rows Removed by Filter: 972448
Planning time: 1.093 ms
Execution time: 8586.271 ms
