Seq Scan on cast_info ci  (cost=0.00..796071.18 rows=13871833 width=0) (actual time=0.021..14334.435 rows=19270132 loops=1)
  Filter: ((person_id < 2590448) AND (role_id < 3))
  Rows Removed by Filter: 16974212
Planning time: 0.339 ms
Execution time: 16591.596 ms
