Seq Scan on cast_info ci  (cost=0.00..705507.15 rows=2851578 width=0) (actual time=729.455..10046.166 rows=2806901 loops=1)
  Filter: (person_id < 270410)
  Rows Removed by Filter: 33437443
Planning time: 0.325 ms
Execution time: 10409.212 ms
