Hash Join  (cost=140512.24..227818.59 rows=64832 width=0) (actual time=2406.915..3739.850 rows=198496 loops=1)
  Hash Cond: (mk.movie_id = t.id)
  ->  Seq Scan on movie_keyword mk  (cost=0.00..69693.30 rows=4523930 width=4) (actual time=0.017..619.583 rows=4523930 loops=1)
  ->  Hash  (cost=140059.29..140059.29 rows=36236 width=8) (actual time=2405.581..2405.581 rows=22846 loops=1)
        Buckets: 65536  Batches: 1  Memory Usage: 1405kB
        ->  Hash Join  (cost=69002.72..140059.29 rows=36236 width=8) (actual time=1143.333..2396.239 rows=22846 loops=1)
              Hash Cond: (mc.movie_id = t.id)
              ->  Seq Scan on movie_companies mc  (cost=0.00..57926.93 rows=1075271 width=4) (actual time=151.810..1075.780 rows=833767 loops=1)
                    Filter: ((company_id < 74156) AND (company_type_id = 2))
                    Rows Removed by Filter: 1775362
              ->  Hash  (cost=67604.59..67604.59 rows=85211 width=4) (actual time=990.687..990.687 rows=84593 loops=1)
                    Buckets: 131072  Batches: 2  Memory Usage: 2518kB
                    ->  Seq Scan on title t  (cost=0.00..67604.59 rows=85211 width=4) (actual time=0.036..955.624 rows=84593 loops=1)
                          Filter: (production_year = 2004)
                          Rows Removed by Filter: 2443719
Planning time: 1.158 ms
Execution time: 3760.422 ms
