Hash Join  (cost=115604.38..869069.53 rows=23529 width=0) (actual time=1597.066..18008.492 rows=103434 loops=1)
  Hash Cond: (ci.movie_id = t.id)
  ->  Seq Scan on cast_info ci  (cost=0.00..705507.15 rows=12726058 width=4) (actual time=38.745..14282.695 rows=12670688 loops=1)
        Filter: (role_id = 1)
        Rows Removed by Filter: 23573656
  ->  Hash  (cost=115545.94..115545.94 rows=4675 width=8) (actual time=1558.022..1558.022 rows=5617 loops=1)
        Buckets: 8192  Batches: 1  Memory Usage: 284kB
        ->  Nested Loop  (cost=0.43..115545.94 rows=4675 width=8) (actual time=0.289..1554.593 rows=5617 loops=1)
              ->  Seq Scan on movie_keyword mk  (cost=0.00..81003.12 rows=4675 width=4) (actual time=0.225..1348.032 rows=5617 loops=1)
                    Filter: (keyword_id = 1603)
                    Rows Removed by Filter: 4518313
              ->  Index Only Scan using title_pkey on title t  (cost=0.43..7.38 rows=1 width=4) (actual time=0.035..0.036 rows=1 loops=5617)
                    Index Cond: (id = mk.movie_id)
                    Heap Fetches: 5617
Planning time: 1.210 ms
Execution time: 18033.358 ms
