Hash Join  (cost=136655.86..1228371.27 rows=5637423 width=0) (actual time=2870.839..38113.134 rows=20068560 loops=1)
  Hash Cond: (ci.movie_id = t.id)
  ->  Seq Scan on cast_info ci  (cost=0.00..614943.12 rows=36225612 width=4) (actual time=0.010..12064.415 rows=36244344 loops=1)
  ->  Hash  (cost=130199.25..130199.25 rows=393489 width=8) (actual time=2869.818..2869.818 rows=730031 loops=1)
        Buckets: 131072 (originally 131072)  Batches: 16 (originally 8)  Memory Usage: 3073kB
        ->  Hash Join  (cost=85754.88..130199.25 rows=393489 width=8) (actual time=1399.319..2677.631 rows=730031 loops=1)
              Hash Cond: (mi_idx.movie_id = t.id)
              ->  Seq Scan on movie_info_idx mi_idx  (cost=0.00..21735.35 rows=1380035 width=4) (actual time=0.016..381.389 rows=1380035 loops=1)
              ->  Hash  (cost=73925.90..73925.90 rows=720958 width=4) (actual time=1397.934..1397.934 rows=687120 loops=1)
                    Buckets: 131072  Batches: 16  Memory Usage: 2531kB
                    ->  Seq Scan on title t  (cost=0.00..73925.90 rows=720958 width=4) (actual time=0.015..1166.841 rows=687120 loops=1)
                          Filter: ((kind_id < 3) AND (production_year > 1914))
                          Rows Removed by Filter: 1841192
Planning time: 1.143 ms
Execution time: 40326.274 ms
