Hash Join  (cost=365418.15..1857778.57 rows=39942537 width=0) (actual time=7948.505..58711.124 rows=129440219 loops=1)
  Hash Cond: (ci.movie_id = t.id)
  ->  Seq Scan on cast_info ci  (cost=0.00..705507.15 rows=22324789 width=4) (actual time=0.010..13704.946 rows=22358901 loops=1)
        Filter: (person_id > 1368088)
        Rows Removed by Filter: 13885443
  ->  Hash  (cost=291197.02..291197.02 rows=4523930 width=8) (actual time=7946.850..7946.850 rows=4523930 loops=1)
        Buckets: 131072  Batches: 64  Memory Usage: 3816kB
        ->  Hash Join  (cost=102767.86..291197.02 rows=4523930 width=8) (actual time=1773.464..6680.333 rows=4523930 loops=1)
              Hash Cond: (mk.movie_id = t.id)
              ->  Seq Scan on movie_keyword mk  (cost=0.00..69693.30 rows=4523930 width=4) (actual time=0.016..1280.835 rows=4523930 loops=1)
              ->  Hash  (cost=61283.27..61283.27 rows=2528527 width=4) (actual time=1772.521..1772.521 rows=2528312 loops=1)
                    Buckets: 131072  Batches: 64  Memory Usage: 2425kB
                    ->  Seq Scan on title t  (cost=0.00..61283.27 rows=2528527 width=4) (actual time=0.012..907.504 rows=2528312 loops=1)
Planning time: 1.027 ms
Execution time: 71183.314 ms
