Hash Join  (cost=96356.06..171247.85 rows=584146 width=0) (actual time=1840.412..3527.047 rows=543989 loops=1)
  Hash Cond: (mc.movie_id = t.id)
  ->  Seq Scan on movie_companies mc  (cost=0.00..51404.11 rows=842843 width=4) (actual time=0.015..864.750 rows=852056 loops=1)
        Filter: (company_id > 24970)
        Rows Removed by Filter: 1757073
  ->  Hash  (cost=67604.59..67604.59 rows=1752438 width=4) (actual time=1839.405..1839.405 rows=1749032 loops=1)
        Buckets: 131072  Batches: 32  Memory Usage: 2950kB
        ->  Seq Scan on title t  (cost=0.00..67604.59 rows=1752438 width=4) (actual time=0.021..1277.831 rows=1749032 loops=1)
              Filter: (production_year > 1990)
              Rows Removed by Filter: 779280
Planning time: 6.178 ms
Execution time: 3587.461 ms
