Hash Join  (cost=154654.97..538510.42 rows=77562 width=0) (actual time=2152.872..9896.827 rows=2696775 loops=1)
  Hash Cond: (mi.movie_id = t.id)
  ->  Seq Scan on movie_info mi  (cost=0.00..309384.22 rows=14739122 width=4) (actual time=0.023..3744.847 rows=14835720 loops=1)
  ->  Hash  (cost=154488.65..154488.65 rows=13306 width=8) (actual time=2152.658..2152.658 rows=48214 loops=1)
        Buckets: 65536 (originally 16384)  Batches: 1 (originally 1)  Memory Usage: 2396kB
        ->  Hash Join  (cost=67697.55..154488.65 rows=13306 width=8) (actual time=858.799..2139.407 rows=48214 loops=1)
              Hash Cond: (mk.movie_id = t.id)
              ->  Seq Scan on movie_keyword mk  (cost=0.00..69693.30 rows=4523930 width=4) (actual time=0.012..600.047 rows=4523930 loops=1)
              ->  Hash  (cost=67604.59..67604.59 rows=7437 width=4) (actual time=858.315..858.315 rows=18391 loops=1)
                    Buckets: 32768 (originally 8192)  Batches: 1 (originally 1)  Memory Usage: 903kB
                    ->  Seq Scan on title t  (cost=0.00..67604.59 rows=7437 width=4) (actual time=0.089..850.924 rows=18391 loops=1)
                          Filter: (production_year = 1985)
                          Rows Removed by Filter: 2509921
Planning time: 1.634 ms
Execution time: 10242.613 ms
