Hash Join  (cost=120817.76..868219.34 rows=219941 width=0) (actual time=2338.116..14316.461 rows=339164 loops=1)
  Hash Cond: (ci.movie_id = t.id)
  ->  Seq Scan on cast_info ci  (cost=0.00..705507.15 rows=3377337 width=4) (actual time=57.837..10340.970 rows=3265590 loops=1)
        Filter: (person_id < 315076)
        Rows Removed by Filter: 32978754
  ->  Hash  (cost=118115.44..118115.44 rows=164665 width=8) (actual time=2279.245..2279.245 rows=123044 loops=1)
        Buckets: 131072  Batches: 4  Memory Usage: 2218kB
        ->  Hash Join  (cost=82423.69..118115.44 rows=164665 width=8) (actual time=1359.451..2238.176 rows=123044 loops=1)
              Hash Cond: (mi_idx.movie_id = t.id)
              ->  Seq Scan on movie_info_idx mi_idx  (cost=0.00..25185.44 rows=460978 width=4) (actual time=0.030..431.932 rows=459925 loops=1)
                    Filter: (info_type_id = 99)
                    Rows Removed by Filter: 920110
              ->  Hash  (cost=67604.59..67604.59 rows=903208 width=4) (actual time=1358.556..1358.556 rows=904491 loops=1)
                    Buckets: 131072  Batches: 16  Memory Usage: 3010kB
                    ->  Seq Scan on title t  (cost=0.00..67604.59 rows=903208 width=4) (actual time=0.019..1060.546 rows=904491 loops=1)
                          Filter: (production_year > 2006)
                          Rows Removed by Filter: 1623821
Planning time: 1.199 ms
Execution time: 14363.129 ms
