Seq Scan on cast_info ci  (cost=0.00..705507.15 rows=5062967 width=0) (actual time=4327.209..10167.441 rows=5119778 loops=1)
  Filter: (person_id > 3155643)
  Rows Removed by Filter: 31124566
Planning time: 0.253 ms
Execution time: 10827.810 ms
