Hash Join  (cost=464288.73..1563189.32 rows=6336938 width=0) (actual time=6899.955..40872.745 rows=17776074 loops=1)
  Hash Cond: (ci.movie_id = t.id)
  ->  Seq Scan on cast_info ci  (cost=0.00..614943.12 rows=36225612 width=4) (actual time=0.016..12189.366 rows=36244344 loops=1)
  ->  Hash  (cost=457031.79..457031.79 rows=442315 width=8) (actual time=6898.988..6898.988 rows=447448 loops=1)
        Buckets: 131072  Batches: 8  Memory Usage: 3217kB
        ->  Hash Join  (cost=87636.94..457031.79 rows=442315 width=8) (actual time=4252.345..6770.922 rows=447448 loops=1)
              Hash Cond: (mi.movie_id = t.id)
              ->  Seq Scan on movie_info mi  (cost=0.00..346232.03 rows=1338312 width=4) (actual time=2952.553..4595.564 rows=1401902 loops=1)
                    Filter: (info_type_id = 7)
                    Rows Removed by Filter: 13433818
              ->  Hash  (cost=73925.90..73925.90 rows=835683 width=4) (actual time=1299.125..1299.125 rows=749869 loops=1)
                    Buckets: 131072  Batches: 16  Memory Usage: 2683kB
                    ->  Seq Scan on title t  (cost=0.00..73925.90 rows=835683 width=4) (actual time=0.029..1047.016 rows=749869 loops=1)
                          Filter: ((kind_id < 7) AND (production_year > 1966))
                          Rows Removed by Filter: 1778443
Planning time: 1.134 ms
Execution time: 42979.702 ms
