Hash Join  (cost=112506.55..167794.27 rows=62220 width=0) (actual time=1916.396..3037.322 rows=65402 loops=1)
  Hash Cond: (mc.movie_id = t.id)
  ->  Seq Scan on movie_companies mc  (cost=0.00..44881.29 rows=2609129 width=4) (actual time=0.015..595.560 rows=2609129 loops=1)
  ->  Hash  (cost=111752.82..111752.82 rows=60298 width=8) (actual time=1823.640..1823.640 rows=25980 loops=1)
        Buckets: 65536  Batches: 1  Memory Usage: 1527kB
        ->  Hash Join  (cost=79310.28..111752.82 rows=60298 width=8) (actual time=1129.013..1813.266 rows=25980 loops=1)
              Hash Cond: (mi_idx.movie_id = t.id)
              ->  Seq Scan on movie_info_idx mi_idx  (cost=0.00..25185.44 rows=464566 width=4) (actual time=0.017..436.609 rows=459925 loops=1)
                    Filter: (info_type_id = 101)
                    Rows Removed by Filter: 920110
              ->  Hash  (cost=73925.90..73925.90 rows=328190 width=4) (actual time=1128.274..1128.274 rows=217611 loops=1)
                    Buckets: 131072  Batches: 8  Memory Usage: 1969kB
                    ->  Seq Scan on title t  (cost=0.00..73925.90 rows=328190 width=4) (actual time=176.097..1055.164 rows=217611 loops=1)
                          Filter: ((production_year < 1982) AND (kind_id = 7))
                          Rows Removed by Filter: 2310701
Planning time: 2.598 ms
Execution time: 3046.102 ms
