Seq Scan on title t  (cost=0.00..73925.90 rows=205573 width=0) (actual time=0.017..1279.127 rows=336290 loops=1)
  Filter: ((production_year < 1994) AND (kind_id = 1))
  Rows Removed by Filter: 2192022
Planning time: 0.326 ms
Execution time: 1326.024 ms
