Hash Join  (cost=83072.95..833862.69 rows=59 width=0) (actual time=1364.555..15145.870 rows=4484 loops=1)
  Hash Cond: (ci.movie_id = t.id)
  ->  Seq Scan on cast_info ci  (cost=0.00..614943.12 rows=36225612 width=4) (actual time=0.010..7201.322 rows=36244344 loops=1)
  ->  Hash  (cost=83072.90..83072.90 rows=4 width=8) (actual time=1359.286..1359.286 rows=83 loops=1)
        Buckets: 1024  Batches: 1  Memory Usage: 12kB
        ->  Nested Loop  (cost=0.43..83072.90 rows=4 width=8) (actual time=16.654..1359.122 rows=83 loops=1)
              ->  Seq Scan on movie_keyword mk  (cost=0.00..81003.12 rows=246 width=4) (actual time=0.016..1184.487 rows=5252 loops=1)
                    Filter: (keyword_id = 3311)
                    Rows Removed by Filter: 4518678
              ->  Index Scan using title_pkey on title t  (cost=0.43..8.40 rows=1 width=4) (actual time=0.033..0.033 rows=0 loops=5252)
                    Index Cond: (id = mk.movie_id)
                    Filter: ((kind_id = 1) AND (production_year = 2011))
                    Rows Removed by Filter: 1
Planning time: 0.962 ms
Execution time: 15148.046 ms
