Hash Join  (cost=718837.34..2398589.25 rows=52476765 width=0) (actual time=16061.484..53921.470 rows=36685650 loops=1)
  Hash Cond: (ci.movie_id = t.id)
  ->  Seq Scan on cast_info ci  (cost=0.00..705507.15 rows=24022411 width=4) (actual time=0.024..14935.960 rows=24130698 loops=1)
        Filter: (role_id < 4)
        Rows Removed by Filter: 12113646
  ->  Hash  (cost=628216.00..628216.00 rows=5523547 width=8) (actual time=16059.153..16059.153 rows=2703477 loops=1)
        Buckets: 131072  Batches: 128  Memory Usage: 1821kB
        ->  Hash Join  (cost=89472.60..628216.00 rows=5523547 width=8) (actual time=1984.903..15224.965 rows=2703477 loops=1)
              Hash Cond: (mi.movie_id = t.id)
              ->  Seq Scan on movie_info mi  (cost=0.00..309384.22 rows=14739122 width=4) (actual time=0.015..5354.260 rows=14835720 loops=1)
              ->  Hash  (cost=73925.90..73925.90 rows=947576 width=4) (actual time=1291.746..1291.746 rows=876037 loops=1)
                    Buckets: 131072  Batches: 16  Memory Usage: 2955kB
                    ->  Seq Scan on title t  (cost=0.00..73925.90 rows=947576 width=4) (actual time=23.688..1026.491 rows=876037 loops=1)
                          Filter: ((production_year < 2007) AND (kind_id = 7))
                          Rows Removed by Filter: 1652275
Planning time: 1.128 ms
Execution time: 58136.708 ms
