Hash Join  (cost=83074.16..111706.61 rows=54 width=0) (actual time=1244.311..1751.168 rows=12 loops=1)
  Hash Cond: (mi_idx.movie_id = t.id)
  ->  Seq Scan on movie_info_idx mi_idx  (cost=0.00..25185.44 rows=919057 width=4) (actual time=0.017..405.679 rows=920110 loops=1)
        Filter: (info_type_id > 99)
        Rows Removed by Filter: 459925
  ->  Hash  (cost=83072.29..83072.29 rows=150 width=8) (actual time=1227.622..1227.622 rows=8 loops=1)
        Buckets: 1024  Batches: 1  Memory Usage: 9kB
        ->  Nested Loop  (cost=0.43..83072.29 rows=150 width=8) (actual time=32.720..1227.602 rows=8 loops=1)
              ->  Seq Scan on movie_keyword mk  (cost=0.00..81003.12 rows=246 width=4) (actual time=32.654..1226.794 rows=16 loops=1)
                    Filter: (keyword_id = 1231)
                    Rows Removed by Filter: 4523914
              ->  Index Scan using title_pkey on title t  (cost=0.43..8.40 rows=1 width=4) (actual time=0.044..0.044 rows=0 loops=16)
                    Index Cond: (id = mk.movie_id)
                    Filter: (kind_id = 7)
                    Rows Removed by Filter: 0
Planning time: 1.177 ms
Execution time: 1751.298 ms
