Hash Join  (cost=96168.68..933604.08 rows=153006 width=0) (actual time=9024.486..17900.070 rows=103701 loops=1)
  Hash Cond: (ci.movie_id = t.id)
  ->  Seq Scan on cast_info ci  (cost=0.00..796071.18 rows=10622442 width=4) (actual time=7400.682..14709.615 rows=8405669 loops=1)
        Filter: ((person_id > 570700) AND (role_id < 2))
        Rows Removed by Filter: 27838675
  ->  Hash  (cost=95713.42..95713.42 rows=36421 width=8) (actual time=1623.033..1623.033 rows=14811 loops=1)
        Buckets: 65536  Batches: 1  Memory Usage: 1091kB
        ->  Hash Join  (cost=68438.72..95713.42 rows=36421 width=8) (actual time=996.548..1617.500 rows=14811 loops=1)
              Hash Cond: (mi_idx.movie_id = t.id)
              ->  Seq Scan on movie_info_idx mi_idx  (cost=0.00..21735.35 rows=1380035 width=4) (actual time=0.028..290.534 rows=1380035 loops=1)
              ->  Hash  (cost=67604.59..67604.59 rows=66731 width=4) (actual time=995.651..995.651 rows=67342 loops=1)
                    Buckets: 131072  Batches: 1  Memory Usage: 3392kB
                    ->  Seq Scan on title t  (cost=0.00..67604.59 rows=66731 width=4) (actual time=0.023..966.515 rows=67342 loops=1)
                          Filter: (production_year > 2012)
                          Rows Removed by Filter: 2460970
Planning time: 4.516 ms
Execution time: 17914.481 ms
