Hash Join  (cost=204890.27..345376.41 rows=1517110 width=0) (actual time=3963.339..11151.937 rows=16383268 loops=1)
  Hash Cond: (mk.movie_id = t.id)
  ->  Seq Scan on movie_keyword mk  (cost=0.00..69693.30 rows=4523930 width=4) (actual time=0.013..1414.408 rows=4523930 loops=1)
  ->  Hash  (cost=190977.93..190977.93 rows=847947 width=8) (actual time=3962.498..3962.498 rows=655620 loops=1)
        Buckets: 131072  Batches: 16  Memory Usage: 2668kB
        ->  Hash Join  (cost=102767.86..190977.93 rows=847947 width=8) (actual time=2093.430..3752.326 rows=655620 loops=1)
              Hash Cond: (mc.movie_id = t.id)
              ->  Seq Scan on movie_companies mc  (cost=0.00..57926.93 rows=847947 width=4) (actual time=397.258..1060.007 rows=655620 loops=1)
                    Filter: ((company_id > 2561) AND (company_type_id < 2))
                    Rows Removed by Filter: 1953509
              ->  Hash  (cost=61283.27..61283.27 rows=2528527 width=4) (actual time=1695.108..1695.108 rows=2528312 loops=1)
                    Buckets: 131072  Batches: 64  Memory Usage: 2415kB
                    ->  Seq Scan on title t  (cost=0.00..61283.27 rows=2528527 width=4) (actual time=0.026..838.521 rows=2528312 loops=1)
Planning time: 1.148 ms
Execution time: 13044.126 ms
