Hash Join  (cost=94699.36..182752.88 rows=3005 width=0) (actual time=1668.985..3325.407 rows=56602 loops=1)
  Hash Cond: (mk.movie_id = t.id)
  ->  Seq Scan on movie_keyword mk  (cost=0.00..81003.12 rows=1872091 width=4) (actual time=0.006..1353.135 rows=1880718 loops=1)
        Filter: (keyword_id > 7281)
        Rows Removed by Filter: 2643212
  ->  Hash  (cost=94648.62..94648.62 rows=4059 width=8) (actual time=1667.686..1667.686 rows=18428 loops=1)
        Buckets: 32768 (originally 4096)  Batches: 1 (originally 1)  Memory Usage: 976kB
        ->  Hash Join  (cost=67697.55..94648.62 rows=4059 width=8) (actual time=1082.559..1660.990 rows=18428 loops=1)
              Hash Cond: (mi_idx.movie_id = t.id)
              ->  Seq Scan on movie_info_idx mi_idx  (cost=0.00..21735.35 rows=1380035 width=4) (actual time=0.025..252.114 rows=1380035 loops=1)
              ->  Hash  (cost=67604.59..67604.59 rows=7437 width=4) (actual time=1082.489..1082.489 rows=24917 loops=1)
                    Buckets: 32768 (originally 8192)  Batches: 1 (originally 1)  Memory Usage: 1132kB
                    ->  Seq Scan on title t  (cost=0.00..67604.59 rows=7437 width=4) (actual time=0.010..1071.286 rows=24917 loops=1)
                          Filter: (production_year = 1992)
                          Rows Removed by Filter: 2503395
Planning time: 0.732 ms
Execution time: 3333.016 ms
