Hash Join  (cost=117240.53..995574.91 rows=783404 width=0) (actual time=2260.862..20672.589 rows=2449615 loops=1)
  Hash Cond: (ci.movie_id = t.id)
  ->  Seq Scan on cast_info ci  (cost=0.00..705507.15 rows=14222448 width=4) (actual time=0.024..10864.967 rows=14380865 loops=1)
        Filter: (person_id > 2223449)
        Rows Removed by Filter: 21863479
  ->  Hash  (cost=114954.57..114954.57 rows=139277 width=8) (actual time=2260.023..2260.023 rows=247566 loops=1)
        Buckets: 131072 (originally 131072)  Batches: 4 (originally 2)  Memory Usage: 3448kB
        ->  Hash Join  (cost=80042.24..114954.57 rows=139277 width=8) (actual time=1296.169..2180.624 rows=247566 loops=1)
              Hash Cond: (mi_idx.movie_id = t.id)
              ->  Seq Scan on movie_info_idx mi_idx  (cost=0.00..25185.44 rows=464566 width=4) (actual time=0.026..440.992 rows=459925 loops=1)
                    Filter: (info_type_id = 101)
                    Rows Removed by Filter: 920110
              ->  Hash  (cost=67604.59..67604.59 rows=758052 width=4) (actual time=1295.299..1295.299 rows=753677 loops=1)
                    Buckets: 131072  Batches: 16  Memory Usage: 2677kB
                    ->  Seq Scan on title t  (cost=0.00..67604.59 rows=758052 width=4) (actual time=0.014..1056.190 rows=753677 loops=1)
                          Filter: (kind_id < 3)
                          Rows Removed by Filter: 1774635
Planning time: 0.920 ms
Execution time: 20951.863 ms
