Hash Join  (cost=92883.59..197415.61 rows=564337 width=0) (actual time=1586.465..3895.784 rows=149841 loops=1)
  Hash Cond: (mk.movie_id = t.id)
  ->  Seq Scan on movie_keyword mk  (cost=0.00..81003.12 rows=926105 width=4) (actual time=0.027..1343.524 rows=926811 loops=1)
        Filter: (keyword_id > 20321)
        Rows Removed by Filter: 3597119
  ->  Hash  (cost=67604.59..67604.59 rows=1540800 width=4) (actual time=1585.181..1585.181 rows=1543264 loops=1)
        Buckets: 131072  Batches: 32  Memory Usage: 2728kB
        ->  Seq Scan on title t  (cost=0.00..67604.59 rows=1540800 width=4) (actual time=0.012..1075.266 rows=1543264 loops=1)
              Filter: (kind_id = 7)
              Rows Removed by Filter: 985048
Planning time: 0.689 ms
Execution time: 3912.192 ms
