Hash Join  (cost=78556.72..183244.62 rows=391776 width=0) (actual time=1109.677..3492.912 rows=929135 loops=1)
  Hash Cond: (mk.movie_id = t.id)
  ->  Seq Scan on movie_keyword mk  (cost=0.00..81003.12 rows=1484002 width=4) (actual time=0.014..1346.017 rows=1496370 loops=1)
        Filter: (keyword_id > 10839)
        Rows Removed by Filter: 3027560
  ->  Hash  (cost=67604.59..67604.59 rows=667531 width=4) (actual time=1108.917..1108.917 rows=662825 loops=1)
        Buckets: 131072  Batches: 16  Memory Usage: 2486kB
        ->  Seq Scan on title t  (cost=0.00..67604.59 rows=667531 width=4) (actual time=0.020..881.655 rows=662825 loops=1)
              Filter: (kind_id = 1)
              Rows Removed by Filter: 1865487
Planning time: 0.716 ms
Execution time: 3609.870 ms
