Hash Join  (cost=81720.25..209283.26 rows=982213 width=0) (actual time=1354.053..5320.332 rows=2166840 loops=1)
  Hash Cond: (mk.movie_id = t.id)
  ->  Seq Scan on movie_keyword mk  (cost=0.00..81003.12 rows=2886600 width=4) (actual time=0.027..1805.639 rows=2877533 loops=1)
        Filter: (keyword_id < 8937)
        Rows Removed by Filter: 1646397
  ->  Hash  (cost=67604.59..67604.59 rows=860373 width=4) (actual time=1353.268..1353.268 rows=854214 loops=1)
        Buckets: 131072  Batches: 16  Memory Usage: 2906kB
        ->  Seq Scan on title t  (cost=0.00..67604.59 rows=860373 width=4) (actual time=0.021..1105.401 rows=854214 loops=1)
              Filter: (kind_id < 4)
              Rows Removed by Filter: 1674098
Planning time: 0.781 ms
Execution time: 5561.650 ms
