Hash Join  (cost=100960.39..1260176.26 rows=17188063 width=0) (actual time=2084.052..32630.631 rows=17745322 loops=1)
  Hash Cond: (ci.movie_id = t.id)
  ->  Seq Scan on cast_info ci  (cost=0.00..705507.15 rows=21376418 width=4) (actual time=0.020..13460.308 rows=21233561 loops=1)
        Filter: (person_id < 2146305)
        Rows Removed by Filter: 15010783
  ->  Hash  (cost=67604.59..67604.59 rows=2033104 width=4) (actual time=2083.274..2083.274 rows=2032439 loops=1)
        Buckets: 131072  Batches: 32  Memory Usage: 3261kB
        ->  Seq Scan on title t  (cost=0.00..67604.59 rows=2033104 width=4) (actual time=0.019..1422.020 rows=2032439 loops=1)
              Filter: (production_year > 1973)
              Rows Removed by Filter: 495873
Planning time: 13.051 ms
Execution time: 34503.362 ms
