Nested Loop  (cost=0.43..871545.02 rows=35 width=0) (actual time=8482.128..12305.236 rows=1459 loops=1)
  ->  Seq Scan on cast_info ci  (cost=0.00..796071.18 rows=12004 width=4) (actual time=8478.878..9731.909 rows=168477 loops=1)
        Filter: ((person_id > 3816614) AND (role_id > 10))
        Rows Removed by Filter: 36075867
  ->  Index Scan using title_pkey on title t  (cost=0.43..6.28 rows=1 width=4) (actual time=0.015..0.015 rows=0 loops=168477)
        Index Cond: (id = ci.movie_id)
        Filter: (production_year = 1979)
        Rows Removed by Filter: 1
Planning time: 0.758 ms
Execution time: 12305.998 ms
