Seq Scan on movie_keyword mk  (cost=0.00..81003.12 rows=1332595 width=0) (actual time=0.028..1242.310 rows=1351608 loops=1)
  Filter: (keyword_id < 1759)
  Rows Removed by Filter: 3172322
Planning time: 0.434 ms
Execution time: 1412.803 ms
