Hash Join  (cost=128478.61..252049.42 rows=455886 width=0) (actual time=2809.082..7031.750 rows=5317674 loops=1)
  Hash Cond: (mk.movie_id = t.id)
  ->  Seq Scan on movie_keyword mk  (cost=0.00..81003.12 rows=3163955 width=4) (actual time=0.026..1562.064 rows=3148943 loops=1)
        Filter: (keyword_id < 12148)
        Rows Removed by Filter: 1374987
  ->  Hash  (cost=122500.50..122500.50 rows=364329 width=8) (actual time=2808.371..2808.371 rows=629900 loops=1)
        Buckets: 131072 (originally 131072)  Batches: 16 (originally 8)  Memory Usage: 3073kB
        ->  Hash Join  (cost=78556.72..122500.50 rows=364329 width=8) (actual time=1247.377..2612.410 rows=629900 loops=1)
              Hash Cond: (mi_idx.movie_id = t.id)
              ->  Seq Scan on movie_info_idx mi_idx  (cost=0.00..21735.35 rows=1380035 width=4) (actual time=0.019..451.097 rows=1380035 loops=1)
              ->  Hash  (cost=67604.59..67604.59 rows=667531 width=4) (actual time=1246.542..1246.542 rows=662825 loops=1)
                    Buckets: 131072  Batches: 16  Memory Usage: 2476kB
                    ->  Seq Scan on title t  (cost=0.00..67604.59 rows=667531 width=4) (actual time=446.399..1038.272 rows=662825 loops=1)
                          Filter: (kind_id = 1)
                          Rows Removed by Filter: 1865487
Planning time: 1.165 ms
Execution time: 7639.158 ms
