Hash Join  (cost=709678.15..1074363.23 rows=2915 width=0) (actual time=9557.277..15376.795 rows=9325 loops=1)
  Hash Cond: (mi.movie_id = t.id)
  ->  Seq Scan on movie_info mi  (cost=0.00..309384.22 rows=14739122 width=4) (actual time=0.017..3337.076 rows=14835720 loops=1)
  ->  Hash  (cost=709671.90..709671.90 rows=500 width=8) (actual time=9551.599..9551.599 rows=414 loops=1)
        Buckets: 1024  Batches: 1  Memory Usage: 25kB
        ->  Nested Loop  (cost=0.43..709671.90 rows=500 width=8) (actual time=1307.849..9551.423 rows=414 loops=1)
              ->  Seq Scan on cast_info ci  (cost=0.00..705507.15 rows=500 width=4) (actual time=1307.736..9544.175 rows=414 loops=1)
                    Filter: (person_id = 2412963)
                    Rows Removed by Filter: 36243930
              ->  Index Only Scan using title_pkey on title t  (cost=0.43..8.32 rows=1 width=4) (actual time=0.016..0.017 rows=1 loops=414)
                    Index Cond: (id = ci.movie_id)
                    Heap Fetches: 414
Planning time: 1.094 ms
Execution time: 15378.354 ms
