Hash Join  (cost=134703.28..597275.64 rows=1268721 width=0) (actual time=2885.365..13568.065 rows=1217979 loops=1)
  Hash Cond: (mi.movie_id = t.id)
  ->  Seq Scan on movie_info mi  (cost=0.00..346232.03 rows=8841901 width=4) (actual time=144.157..6118.639 rows=8950757 loops=1)
        Filter: (info_type_id > 6)
        Rows Removed by Filter: 5884963
  ->  Hash  (cost=128750.07..128750.07 rows=362817 width=8) (actual time=2740.310..2740.310 rows=217557 loops=1)
        Buckets: 131072  Batches: 8  Memory Usage: 2085kB
        ->  Hash Join  (cost=84832.42..128750.07 rows=362817 width=8) (actual time=1408.301..2668.877 rows=217557 loops=1)
              Hash Cond: (mi_idx.movie_id = t.id)
              ->  Seq Scan on movie_info_idx mi_idx  (cost=0.00..21735.35 rows=1380035 width=4) (actual time=0.025..443.251 rows=1380035 loops=1)
              ->  Hash  (cost=73925.90..73925.90 rows=664761 width=4) (actual time=1407.304..1407.304 rows=704326 loops=1)
                    Buckets: 131072  Batches: 16  Memory Usage: 2575kB
                    ->  Seq Scan on title t  (cost=0.00..73925.90 rows=664761 width=4) (actual time=0.020..1181.654 rows=704326 loops=1)
                          Filter: ((kind_id > 1) AND (production_year > 2006))
                          Rows Removed by Filter: 1823986
Planning time: 1.138 ms
Execution time: 13723.317 ms
