Seq Scan on movie_keyword mk  (cost=0.00..81003.12 rows=702785 width=0) (actual time=0.015..1165.981 rows=705187 loops=1)
  Filter: (keyword_id < 589)
  Rows Removed by Filter: 3818743
Planning time: 0.281 ms
Execution time: 1260.501 ms
