Hash Join  (cost=118443.90..607420.77 rows=859492 width=0) (actual time=2620.397..15470.015 rows=2969260 loops=1)
  Hash Cond: (mi.movie_id = t.id)
  ->  Seq Scan on movie_info mi  (cost=0.00..309384.22 rows=14739122 width=4) (actual time=0.017..5384.095 rows=14835720 loops=1)
  ->  Hash  (cost=116024.80..116024.80 rows=147448 width=8) (actual time=2619.514..2619.514 rows=181929 loops=1)
        Buckets: 131072 (originally 131072)  Batches: 4 (originally 2)  Memory Usage: 3073kB
        ->  Hash Join  (cost=80874.21..116024.80 rows=147448 width=8) (actual time=1318.715..2549.851 rows=181929 loops=1)
              Hash Cond: (mi_idx.movie_id = t.id)
              ->  Seq Scan on movie_info_idx mi_idx  (cost=0.00..25185.44 rows=460978 width=4) (actual time=0.022..454.144 rows=459925 loops=1)
                    Filter: (info_type_id = 99)
                    Rows Removed by Filter: 920110
              ->  Hash  (cost=67604.59..67604.59 rows=808770 width=4) (actual time=1317.512..1317.512 rows=812704 loops=1)
                    Buckets: 131072  Batches: 16  Memory Usage: 2812kB
                    ->  Seq Scan on title t  (cost=0.00..67604.59 rows=808770 width=4) (actual time=0.015..1054.628 rows=812704 loops=1)
                          Filter: (production_year < 1995)
                          Rows Removed by Filter: 1715608
Planning time: 1.123 ms
Execution time: 15850.988 ms
