Nested Loop  (cost=0.43..83071.67 rows=246 width=0) (actual time=0.434..1516.139 rows=5916 loops=1)
  ->  Seq Scan on movie_keyword mk  (cost=0.00..81003.12 rows=246 width=4) (actual time=0.377..1321.767 rows=5916 loops=1)
        Filter: (keyword_id = 807)
        Rows Removed by Filter: 4518014
  ->  Index Only Scan using title_pkey on title t  (cost=0.43..8.40 rows=1 width=4) (actual time=0.032..0.032 rows=1 loops=5916)
        Index Cond: (id = mk.movie_id)
        Heap Fetches: 5916
Planning time: 0.758 ms
Execution time: 1517.937 ms
