Hash Join  (cost=137528.28..203545.63 rows=61687 width=0) (actual time=2774.999..3644.330 rows=58810 loops=1)
  Hash Cond: (mc.movie_id = t.id)
  ->  Seq Scan on movie_companies mc  (cost=0.00..57926.93 rows=550545 width=4) (actual time=296.240..989.741 rows=335676 loops=1)
        Filter: ((company_id < 6797) AND (company_type_id = 2))
        Rows Removed by Filter: 2273453
  ->  Hash  (cost=132879.85..132879.85 rows=283315 width=8) (actual time=2477.946..2477.946 rows=141906 loops=1)
        Buckets: 131072  Batches: 4  Memory Usage: 2407kB
        ->  Hash Join  (cost=92883.59..132879.85 rows=283315 width=8) (actual time=1574.566..2436.735 rows=141906 loops=1)
              Hash Cond: (mi_idx.movie_id = t.id)
              ->  Seq Scan on movie_info_idx mi_idx  (cost=0.00..25185.44 rows=464934 width=4) (actual time=0.022..404.054 rows=460185 loops=1)
                    Filter: (info_type_id > 100)
                    Rows Removed by Filter: 919850
              ->  Hash  (cost=67604.59..67604.59 rows=1540800 width=4) (actual time=1573.700..1573.700 rows=1543264 loops=1)
                    Buckets: 131072  Batches: 32  Memory Usage: 2722kB
                    ->  Seq Scan on title t  (cost=0.00..67604.59 rows=1540800 width=4) (actual time=171.793..1095.186 rows=1543264 loops=1)
                          Filter: (kind_id = 7)
                          Rows Removed by Filter: 985048
Planning time: 1.192 ms
Execution time: 3652.158 ms
