Hash Join  (cost=1320050.45..2406361.56 rows=44680961 width=0) (actual time=33964.145..87152.411 rows=142317504 loops=1)
  Hash Cond: (mi.movie_id = t.id)
  ->  Seq Scan on movie_info mi  (cost=0.00..346232.03 rows=11115165 width=4) (actual time=0.020..6222.868 rows=11210743 loops=1)
        Filter: (info_type_id > 3)
        Rows Removed by Filter: 3624977
  ->  Hash  (cost=1153293.66..1153293.66 rows=10164223 width=8) (actual time=33962.425..33962.425 rows=13285547 loops=1)
        Buckets: 131072  Batches: 256  Memory Usage: 3122kB
        ->  Hash Join  (cost=102767.86..1153293.66 rows=10164223 width=8) (actual time=5206.414..28914.885 rows=13285547 loops=1)
              Hash Cond: (ci.movie_id = t.id)
              ->  Seq Scan on cast_info ci  (cost=0.00..796071.18 rows=10164223 width=4) (actual time=3418.871..14294.099 rows=13285547 loops=1)
                    Filter: ((person_id < 1816790) AND (role_id < 3))
                    Rows Removed by Filter: 22958797
              ->  Hash  (cost=61283.27..61283.27 rows=2528527 width=4) (actual time=1786.347..1786.347 rows=2528312 loops=1)
                    Buckets: 131072  Batches: 64  Memory Usage: 2415kB
                    ->  Seq Scan on title t  (cost=0.00..61283.27 rows=2528527 width=4) (actual time=0.014..971.787 rows=2528312 loops=1)
Planning time: 1.881 ms
Execution time: 103811.022 ms
