Hash Join  (cost=102767.86..1359200.62 rows=18721328 width=0) (actual time=5884.602..37631.343 rows=21531759 loops=1)
  Hash Cond: (ci.movie_id = t.id)
  ->  Seq Scan on cast_info ci  (cost=0.00..796071.18 rows=18721328 width=4) (actual time=4131.912..17091.267 rows=21531759 loops=1)
        Filter: ((person_id > 706561) AND (role_id > 1))
        Rows Removed by Filter: 14712585
  ->  Hash  (cost=61283.27..61283.27 rows=2528527 width=4) (actual time=1751.318..1751.318 rows=2528312 loops=1)
        Buckets: 131072  Batches: 64  Memory Usage: 2415kB
        ->  Seq Scan on title t  (cost=0.00..61283.27 rows=2528527 width=4) (actual time=0.017..931.385 rows=2528312 loops=1)
Planning time: 0.640 ms
Execution time: 40202.069 ms
