Hash Join  (cost=247845.57..736391.29 rows=4080276 width=0) (actual time=5426.052..15335.591 rows=2642237 loops=1)
  Hash Cond: (mi.movie_id = t.id)
  ->  Seq Scan on movie_info mi  (cost=0.00..346232.03 rows=7503588 width=4) (actual time=620.430..5765.798 rows=7548855 loops=1)
        Filter: (info_type_id > 7)
        Rows Removed by Filter: 7286865
  ->  Hash  (cost=225287.65..225287.65 rows=1374954 width=8) (actual time=4804.256..4804.256 rows=349415 loops=1)
        Buckets: 131072  Batches: 32  Memory Usage: 1472kB
        ->  Hash Join  (cost=86534.07..225287.65 rows=1374954 width=8) (actual time=1847.949..4693.978 rows=349415 loops=1)
              Hash Cond: (mk.movie_id = t.id)
              ->  Seq Scan on movie_keyword mk  (cost=0.00..69693.30 rows=4523930 width=4) (actual time=0.030..1192.819 rows=4523930 loops=1)
              ->  Hash  (cost=73925.90..73925.90 rows=768493 width=4) (actual time=1409.164..1409.164 rows=840010 loops=1)
                    Buckets: 131072  Batches: 16  Memory Usage: 2883kB
                    ->  Seq Scan on title t  (cost=0.00..73925.90 rows=768493 width=4) (actual time=0.019..1147.607 rows=840010 loops=1)
                          Filter: ((production_year > 2002) AND (kind_id = 7))
                          Rows Removed by Filter: 1688302
Planning time: 1.097 ms
Execution time: 15663.842 ms
