Hash Join  (cost=203964.63..577345.94 rows=122247 width=0) (actual time=9031.917..9134.673 rows=6 loops=1)
  Hash Cond: (mi.movie_id = t.id)
  ->  Seq Scan on movie_info mi  (cost=0.00..346232.03 rows=2194617 width=4) (actual time=180.291..4849.447 rows=2233850 loops=1)
        Filter: (info_type_id > 16)
        Rows Removed by Filter: 12601870
  ->  Hash  (cost=201653.04..201653.04 rows=140847 width=8) (actual time=3633.119..3633.119 rows=2 loops=1)
        Buckets: 131072  Batches: 2  Memory Usage: 1030kB
        ->  Hash Join  (cost=75483.29..201653.04 rows=140847 width=8) (actual time=3528.465..3633.011 rows=2 loops=1)
              Hash Cond: (mk.movie_id = t.id)
              ->  Seq Scan on movie_keyword mk  (cost=0.00..81003.12 rows=3752308 width=4) (actual time=0.043..1419.046 rows=3743905 loops=1)
                    Filter: (keyword_id < 24170)
                    Rows Removed by Filter: 780025
              ->  Hash  (cost=73925.90..73925.90 rows=94911 width=4) (actual time=1166.162..1166.162 rows=11 loops=1)
                    Buckets: 131072  Batches: 2  Memory Usage: 1031kB
                    ->  Seq Scan on title t  (cost=0.00..73925.90 rows=94911 width=4) (actual time=66.278..1166.021 rows=11 loops=1)
                          Filter: ((kind_id > 1) AND (production_year < 1936))
                          Rows Removed by Filter: 2528301
Planning time: 1.131 ms
Execution time: 9134.926 ms
