Hash Join  (cost=182900.62..262027.58 rows=295743 width=0) (actual time=4055.457..6629.324 rows=2782443 loops=1)
  Hash Cond: (mc.movie_id = t.id)
  ->  Seq Scan on movie_companies mc  (cost=0.00..44881.29 rows=2609129 width=4) (actual time=0.038..692.363 rows=2609129 loops=1)
  ->  Hash  (cost=178198.04..178198.04 rows=286607 width=8) (actual time=4054.565..4054.565 rows=395198 loops=1)
        Buckets: 131072 (originally 131072)  Batches: 8 (originally 4)  Memory Usage: 3073kB
        ->  Hash Join  (cost=76067.34..178198.04 rows=286607 width=8) (actual time=1133.923..3939.718 rows=395198 loops=1)
              Hash Cond: (mk.movie_id = t.id)
              ->  Seq Scan on movie_keyword mk  (cost=0.00..81003.12 rows=1404934 width=4) (actual time=0.041..1375.598 rows=1417609 loops=1)
                    Filter: (keyword_id > 11769)
                    Rows Removed by Filter: 3106321
              ->  Hash  (cost=67604.59..67604.59 rows=515820 width=4) (actual time=1132.611..1132.611 rows=508955 loops=1)
                    Buckets: 131072  Batches: 8  Memory Usage: 3262kB
                    ->  Seq Scan on title t  (cost=0.00..67604.59 rows=515820 width=4) (actual time=0.021..967.235 rows=508955 loops=1)
                          Filter: (production_year < 1980)
                          Rows Removed by Filter: 2019357
Planning time: 1.196 ms
Execution time: 6984.785 ms
