Hash Join  (cost=84768.21..613125.09 rows=3310025 width=0) (actual time=1286.148..15358.544 rows=5385440 loops=1)
  Hash Cond: (mi.movie_id = t.id)
  ->  Seq Scan on movie_info mi  (cost=0.00..346232.03 rows=12665229 width=4) (actual time=0.017..6720.189 rows=12744652 loops=1)
        Filter: (info_type_id > 2)
        Rows Removed by Filter: 2091068
  ->  Hash  (cost=73925.90..73925.90 rows=660824 width=4) (actual time=1284.789..1284.789 rows=534718 loops=1)
        Buckets: 131072  Batches: 16  Memory Usage: 2203kB
        ->  Seq Scan on title t  (cost=0.00..73925.90 rows=660824 width=4) (actual time=0.014..1109.205 rows=534718 loops=1)
              Filter: ((kind_id < 4) AND (production_year > 1980))
              Rows Removed by Filter: 1993594
Planning time: 0.712 ms
Execution time: 15986.298 ms
