Seq Scan on cast_info ci  (cost=0.00..705507.15 rows=20121368 width=0) (actual time=0.014..10649.252 rows=19989676 loops=1)
  Filter: (person_id < 2007831)
  Rows Removed by Filter: 16254668
Planning time: 0.296 ms
Execution time: 12949.052 ms
