Seq Scan on cast_info ci  (cost=0.00..796071.18 rows=5127726 width=0) (actual time=7443.928..13577.436 rows=6905663 loops=1)
  Filter: ((person_id < 2629404) AND (role_id = 2))
  Rows Removed by Filter: 29338681
Planning time: 0.353 ms
Execution time: 14443.661 ms
