Seq Scan on movie_companies mc  (cost=0.00..51404.11 rows=1668085 width=0) (actual time=0.023..859.482 rows=1666969 loops=1)
  Filter: (company_id > 3503)
  Rows Removed by Filter: 942160
Planning time: 0.311 ms
Execution time: 1079.400 ms
