Seq Scan on cast_info ci  (cost=0.00..796071.18 rows=324 width=0) (actual time=2699.256..10667.827 rows=3 loops=1)
  Filter: ((role_id > 1) AND (person_id = 1331564))
  Rows Removed by Filter: 36244341
Planning time: 0.258 ms
Execution time: 10667.938 ms
