Hash Join  (cost=100842.97..155510.00 rows=150 width=0) (actual time=1822.495..2731.957 rows=3726 loops=1)
  Hash Cond: (mc.movie_id = t.id)
  ->  Seq Scan on movie_companies mc  (cost=0.00..44881.29 rows=2609129 width=4) (actual time=0.020..616.279 rows=2609129 loops=1)
  ->  Hash  (cost=100841.16..100841.16 rows=145 width=8) (actual time=1630.249..1630.249 rows=1377 loops=1)
        Buckets: 2048 (originally 1024)  Batches: 1 (originally 1)  Memory Usage: 70kB
        ->  Hash Join  (cost=73929.23..100841.16 rows=145 width=8) (actual time=1419.728..1629.675 rows=1377 loops=1)
              Hash Cond: (mi_idx.movie_id = t.id)
              ->  Seq Scan on movie_info_idx mi_idx  (cost=0.00..21735.35 rows=1380035 width=4) (actual time=0.014..296.049 rows=1380035 loops=1)
              ->  Hash  (cost=73925.90..73925.90 rows=266 width=4) (actual time=1065.057..1065.057 rows=949 loops=1)
                    Buckets: 1024  Batches: 1  Memory Usage: 42kB
                    ->  Seq Scan on title t  (cost=0.00..73925.90 rows=266 width=4) (actual time=178.249..1064.355 rows=949 loops=1)
                          Filter: ((kind_id = 2) AND (production_year = 1987))
                          Rows Removed by Filter: 2527363
Planning time: 6.082 ms
Execution time: 2732.633 ms
