Hash Join  (cost=156487.41..280270.45 rows=558107 width=0) (actual time=3077.154..7286.210 rows=2348666 loops=1)
  Hash Cond: (mk.movie_id = t.id)
  ->  Seq Scan on movie_keyword mk  (cost=0.00..81003.12 rows=3061292 width=4) (actual time=0.018..1559.981 rows=3042354 loops=1)
        Filter: (keyword_id > 2114)
        Rows Removed by Filter: 1481576
  ->  Hash  (cost=148924.19..148924.19 rows=460978 width=8) (actual time=3076.272..3076.272 rows=459925 loops=1)
        Buckets: 131072  Batches: 8  Memory Usage: 3284kB
        ->  Hash Join  (cost=102767.86..148924.19 rows=460978 width=8) (actual time=1744.110..2923.452 rows=459925 loops=1)
              Hash Cond: (mi_idx.movie_id = t.id)
              ->  Seq Scan on movie_info_idx mi_idx  (cost=0.00..25185.44 rows=460978 width=4) (actual time=0.016..380.647 rows=459925 loops=1)
                    Filter: (info_type_id < 100)
                    Rows Removed by Filter: 920110
              ->  Hash  (cost=61283.27..61283.27 rows=2528527 width=4) (actual time=1742.823..1742.823 rows=2528312 loops=1)
                    Buckets: 131072  Batches: 64  Memory Usage: 2415kB
                    ->  Seq Scan on title t  (cost=0.00..61283.27 rows=2528527 width=4) (actual time=0.018..949.781 rows=2528312 loops=1)
Planning time: 0.683 ms
Execution time: 7573.712 ms
