Hash Join  (cost=97123.53..192286.66 rows=1458961 width=0) (actual time=1798.118..4285.883 rows=732665 loops=1)
  Hash Cond: (mc.movie_id = t.id)
  ->  Seq Scan on movie_companies mc  (cost=0.00..44881.29 rows=2609129 width=4) (actual time=0.023..772.196 rows=2609129 loops=1)
  ->  Hash  (cost=73925.90..73925.90 rows=1413890 width=4) (actual time=1796.966..1796.966 rows=1488902 loops=1)
        Buckets: 131072  Batches: 32  Memory Usage: 2661kB
        ->  Seq Scan on title t  (cost=0.00..73925.90 rows=1413890 width=4) (actual time=0.011..1352.959 rows=1488902 loops=1)
              Filter: ((kind_id > 4) AND (production_year > 1949))
              Rows Removed by Filter: 1039410
Planning time: 2.514 ms
Execution time: 4379.197 ms
