Hash Join  (cost=164324.86..552432.88 rows=19413 width=0) (actual time=3117.377..9846.367 rows=15345 loops=1)
  Hash Cond: (mi.movie_id = t.id)
  ->  Seq Scan on movie_info mi  (cost=0.00..346232.03 rows=11115165 width=4) (actual time=0.021..5474.058 rows=11210743 loops=1)
        Filter: (info_type_id > 3)
        Rows Removed by Filter: 3624977
  ->  Hash  (cost=164269.66..164269.66 rows=4416 width=8) (actual time=2781.052..2781.052 rows=2123 loops=1)
        Buckets: 8192  Batches: 1  Memory Usage: 147kB
        ->  Hash Join  (cost=73982.55..164269.66 rows=4416 width=8) (actual time=1054.614..2780.204 rows=2123 loops=1)
              Hash Cond: (mk.movie_id = t.id)
              ->  Seq Scan on movie_keyword mk  (cost=0.00..81003.12 rows=2463953 width=4) (actual time=0.018..1347.678 rows=2445577 loops=1)
                    Filter: (keyword_id > 3673)
                    Rows Removed by Filter: 2078353
              ->  Hash  (cost=73925.90..73925.90 rows=4532 width=4) (actual time=1052.913..1052.913 rows=9242 loops=1)
                    Buckets: 16384 (originally 8192)  Batches: 1 (originally 1)  Memory Usage: 453kB
                    ->  Seq Scan on title t  (cost=0.00..73925.90 rows=4532 width=4) (actual time=0.036..1048.271 rows=9242 loops=1)
                          Filter: ((kind_id = 7) AND (production_year = 1984))
                          Rows Removed by Filter: 2519070
Planning time: 1.154 ms
Execution time: 9848.655 ms
