Hash Join  (cost=854412.43..1227559.83 rows=549263 width=0) (actual time=17047.714..20594.124 rows=1015922 loops=1)
  Hash Cond: (mi.movie_id = t.id)
  ->  Seq Scan on movie_info mi  (cost=0.00..346232.03 rows=1550064 width=4) (actual time=2640.108..5054.749 rows=1533909 loops=1)
        Filter: (info_type_id = 3)
        Rows Removed by Filter: 13301811
  ->  Hash  (cost=839712.68..839712.68 rows=895980 width=8) (actual time=14406.700..14406.700 rows=898389 loops=1)
        Buckets: 131072  Batches: 16  Memory Usage: 3222kB
        ->  Hash Join  (cost=102767.86..839712.68 rows=895980 width=8) (actual time=11186.780..14206.221 rows=898389 loops=1)
              Hash Cond: (ci.movie_id = t.id)
              ->  Seq Scan on cast_info ci  (cost=0.00..705507.15 rows=895980 width=4) (actual time=9447.651..11535.340 rows=898389 loops=1)
                    Filter: (role_id = 5)
                    Rows Removed by Filter: 35345955
              ->  Hash  (cost=61283.27..61283.27 rows=2528527 width=4) (actual time=1738.124..1738.124 rows=2528312 loops=1)
                    Buckets: 131072  Batches: 64  Memory Usage: 2415kB
                    ->  Seq Scan on title t  (cost=0.00..61283.27 rows=2528527 width=4) (actual time=0.026..894.081 rows=2528312 loops=1)
Planning time: 0.743 ms
Execution time: 20709.159 ms
