Seq Scan on movie_keyword mk  (cost=0.00..81003.12 rows=2268977 width=0) (actual time=0.025..1542.492 rows=2270633 loops=1)
  Filter: (keyword_id < 4765)
  Rows Removed by Filter: 2253297
Planning time: 0.384 ms
Execution time: 1825.302 ms
