Hash Join  (cost=119934.21..493187.20 rows=113415 width=0) (actual time=3543.974..8045.920 rows=49878 loops=1)
  Hash Cond: (mi.movie_id = t.id)
  ->  Seq Scan on movie_info mi  (cost=0.00..346232.03 rows=2194617 width=4) (actual time=1454.807..5214.380 rows=2233850 loops=1)
        Filter: (info_type_id > 16)
        Rows Removed by Filter: 12601870
  ->  Hash  (cost=117789.82..117789.82 rows=130671 width=8) (actual time=2078.996..2078.996 rows=54945 loops=1)
        Buckets: 131072  Batches: 2  Memory Usage: 2102kB
        ->  Hash Join  (cost=77854.63..117789.82 rows=130671 width=8) (actual time=1082.950..2061.506 rows=54945 loops=1)
              Hash Cond: (mi_idx.movie_id = t.id)
              ->  Seq Scan on movie_info_idx mi_idx  (cost=0.00..21735.35 rows=1380035 width=4) (actual time=0.028..376.229 rows=1380035 loops=1)
              ->  Hash  (cost=73925.90..73925.90 rows=239418 width=4) (actual time=1081.721..1081.721 rows=256906 loops=1)
                    Buckets: 131072  Batches: 4  Memory Usage: 3296kB
                    ->  Seq Scan on title t  (cost=0.00..73925.90 rows=239418 width=4) (actual time=0.024..995.307 rows=256906 loops=1)
                          Filter: ((production_year > 2010) AND (kind_id = 7))
                          Rows Removed by Filter: 2271406
Planning time: 1.100 ms
Execution time: 8053.311 ms
