Hash Join  (cost=83074.74..109986.57 rows=134 width=0) (actual time=1187.538..1709.979 rows=190 loops=1)
  Hash Cond: (mi_idx.movie_id = t.id)
  ->  Seq Scan on movie_info_idx mi_idx  (cost=0.00..21735.35 rows=1380035 width=4) (actual time=0.019..272.763 rows=1380035 loops=1)
  ->  Hash  (cost=83071.67..83071.67 rows=246 width=8) (actual time=1176.680..1176.680 rows=90 loops=1)
        Buckets: 1024  Batches: 1  Memory Usage: 12kB
        ->  Nested Loop  (cost=0.43..83071.67 rows=246 width=8) (actual time=3.347..1176.533 rows=90 loops=1)
              ->  Seq Scan on movie_keyword mk  (cost=0.00..81003.12 rows=246 width=4) (actual time=3.291..1173.052 rows=90 loops=1)
                    Filter: (keyword_id = 12500)
                    Rows Removed by Filter: 4523840
              ->  Index Only Scan using title_pkey on title t  (cost=0.43..8.40 rows=1 width=4) (actual time=0.033..0.034 rows=1 loops=90)
                    Index Cond: (id = mk.movie_id)
                    Heap Fetches: 90
Planning time: 6.658 ms
Execution time: 1710.138 ms
