Seq Scan on cast_info ci  (cost=0.00..705507.15 rows=35383510 width=0) (actual time=0.015..12379.054 rows=35370932 loops=1)
  Filter: (person_id < 3893965)
  Rows Removed by Filter: 873412
Planning time: 0.310 ms
Execution time: 16841.635 ms
