Hash Join  (cost=171564.47..261044.54 rows=1046755 width=0) (actual time=4229.168..7308.657 rows=2817597 loops=1)
  Hash Cond: (mc.movie_id = t.id)
  ->  Seq Scan on movie_companies mc  (cost=0.00..44881.29 rows=2609129 width=4) (actual time=0.020..846.366 rows=2609129 loops=1)
  ->  Hash  (cost=154921.24..154921.24 rows=1014418 width=8) (actual time=4228.206..4228.206 rows=989525 loops=1)
        Buckets: 131072  Batches: 16  Memory Usage: 3445kB
        ->  Hash Join  (cost=98098.54..154921.24 rows=1014418 width=8) (actual time=1637.038..3868.250 rows=989525 loops=1)
              Hash Cond: (mi_idx.movie_id = t.id)
              ->  Seq Scan on movie_info_idx mi_idx  (cost=0.00..21735.35 rows=1380035 width=4) (actual time=0.028..433.212 rows=1380035 loops=1)
              ->  Hash  (cost=67604.59..67604.59 rows=1858636 width=4) (actual time=1636.198..1636.198 rows=1852807 loops=1)
                    Buckets: 131072  Batches: 32  Memory Usage: 3067kB
                    ->  Seq Scan on title t  (cost=0.00..67604.59 rows=1858636 width=4) (actual time=0.018..1064.849 rows=1852807 loops=1)
                          Filter: (production_year > 1985)
                          Rows Removed by Filter: 675505
Planning time: 1.102 ms
Execution time: 7661.070 ms
