Hash Join  (cost=174615.58..930800.93 rows=539612 width=0) (actual time=3466.214..19154.512 rows=1279281 loops=1)
  Hash Cond: (ci.movie_id = t.id)
  ->  Seq Scan on cast_info ci  (cost=0.00..614943.12 rows=36225612 width=4) (actual time=0.023..7007.567 rows=36244344 loops=1)
  ->  Hash  (cost=174144.77..174144.77 rows=37665 width=8) (actual time=3465.747..3465.747 rows=29828 loops=1)
        Buckets: 65536  Batches: 1  Memory Usage: 1678kB
        ->  Hash Join  (cost=87180.69..174144.77 rows=37665 width=8) (actual time=2094.726..3454.656 rows=29828 loops=1)
              Hash Cond: (mk.movie_id = t.id)
              ->  Seq Scan on movie_keyword mk  (cost=0.00..81003.12 rows=79815 width=4) (actual time=0.051..1113.196 rows=84961 loops=1)
                    Filter: (keyword_id < 73)
                    Rows Removed by Filter: 4438969
              ->  Hash  (cost=67604.59..67604.59 rows=1193208 width=4) (actual time=2092.532..2092.532 rows=1192518 loops=1)
                    Buckets: 131072  Batches: 16  Memory Usage: 3654kB
                    ->  Seq Scan on title t  (cost=0.00..67604.59 rows=1193208 width=4) (actual time=0.020..990.066 rows=1192518 loops=1)
                          Filter: (production_year > 2003)
                          Rows Removed by Filter: 1335794
Planning time: 1.144 ms
Execution time: 19319.483 ms
