Hash Join  (cost=915932.61..1329667.96 rows=383890 width=0) (actual time=14660.047..21257.519 rows=337194 loops=1)
  Hash Cond: (mi.movie_id = t.id)
  ->  Seq Scan on movie_info mi  (cost=0.00..346232.03 rows=5445713 width=4) (actual time=0.022..4477.714 rows=5410520 loops=1)
        Filter: (info_type_id < 6)
        Rows Removed by Filter: 9425200
  ->  Hash  (cost=913007.53..913007.53 rows=178246 width=8) (actual time=14659.247..14659.247 rows=72446 loops=1)
        Buckets: 131072  Batches: 4  Memory Usage: 1737kB
        ->  Hash Join  (cost=102767.86..913007.53 rows=178246 width=8) (actual time=3775.961..14636.245 rows=72446 loops=1)
              Hash Cond: (ci.movie_id = t.id)
              ->  Seq Scan on cast_info ci  (cost=0.00..796071.18 rows=178246 width=4) (actual time=1877.673..12051.275 rows=72446 loops=1)
                    Filter: ((person_id < 1822571) AND (role_id > 10))
                    Rows Removed by Filter: 36171898
              ->  Hash  (cost=61283.27..61283.27 rows=2528527 width=4) (actual time=1896.896..1896.896 rows=2528312 loops=1)
                    Buckets: 131072  Batches: 64  Memory Usage: 2415kB
                    ->  Seq Scan on title t  (cost=0.00..61283.27 rows=2528527 width=4) (actual time=0.022..1063.888 rows=2528312 loops=1)
Planning time: 1.203 ms
Execution time: 21297.028 ms
