Seq Scan on cast_info ci  (cost=0.00..705507.15 rows=8848117 width=0) (actual time=4500.487..9921.040 rows=8855355 loops=1)
  Filter: (person_id > 2806965)
  Rows Removed by Filter: 27388989
Planning time: 0.288 ms
Execution time: 10899.346 ms
