Hash Join  (cost=78097.80..444805.09 rows=155852 width=0) (actual time=2912.259..7122.791 rows=1873 loops=1)
  Hash Cond: (mi.movie_id = t.id)
  ->  Seq Scan on movie_info mi  (cost=0.00..346232.03 rows=1550064 width=4) (actual time=1894.220..5445.215 rows=1533909 loops=1)
        Filter: (info_type_id = 3)
        Rows Removed by Filter: 13301811
  ->  Hash  (cost=73925.90..73925.90 rows=254232 width=4) (actual time=1016.244..1016.244 rows=145458 loops=1)
        Buckets: 131072  Batches: 4  Memory Usage: 2307kB
        ->  Seq Scan on title t  (cost=0.00..73925.90 rows=254232 width=4) (actual time=0.039..967.527 rows=145458 loops=1)
              Filter: ((production_year < 1973) AND (kind_id = 7))
              Rows Removed by Filter: 2382854
Planning time: 0.799 ms
Execution time: 7123.414 ms
