Hash Join  (cost=960418.74..1073709.81 rows=830031 width=0) (actual time=13106.927..15286.295 rows=2837 loops=1)
  Hash Cond: (mk.movie_id = t.id)
  ->  Seq Scan on movie_keyword mk  (cost=0.00..81003.12 rows=1642836 width=4) (actual time=0.017..1488.460 rows=1652330 loops=1)
        Filter: (keyword_id < 2523)
        Rows Removed by Filter: 2871600
  ->  Hash  (cost=939458.74..939458.74 rows=1277520 width=8) (actual time=13076.018..13076.018 rows=1322 loops=1)
        Buckets: 131072  Batches: 32  Memory Usage: 1032kB
        ->  Hash Join  (cost=102767.86..939458.74 rows=1277520 width=8) (actual time=11203.481..13074.456 rows=1322 loops=1)
              Hash Cond: (ci.movie_id = t.id)
              ->  Seq Scan on cast_info ci  (cost=0.00..796071.18 rows=1277520 width=4) (actual time=9350.362..10900.819 rows=1322 loops=1)
                    Filter: ((person_id < 601750) AND (role_id = 2))
                    Rows Removed by Filter: 36243022
              ->  Hash  (cost=61283.27..61283.27 rows=2528527 width=4) (actual time=1825.407..1825.407 rows=2528312 loops=1)
                    Buckets: 131072  Batches: 64  Memory Usage: 2415kB
                    ->  Seq Scan on title t  (cost=0.00..61283.27 rows=2528527 width=4) (actual time=0.018..971.836 rows=2528312 loops=1)
Planning time: 1.110 ms
Execution time: 15286.824 ms
