Hash Join  (cost=68365.25..128126.13 rows=11060 width=0) (actual time=1236.878..1667.501 rows=3554 loops=1)
  Hash Cond: (mc.movie_id = t.id)
  ->  Seq Scan on movie_companies mc  (cost=0.00..57926.93 rows=459559 width=4) (actual time=341.431..721.747 rows=147833 loops=1)
        Filter: ((company_id > 18782) AND (company_type_id < 2))
        Rows Removed by Filter: 2461296
  ->  Hash  (cost=67604.59..67604.59 rows=60853 width=4) (actual time=894.410..894.410 rows=62568 loops=1)
        Buckets: 65536  Batches: 1  Memory Usage: 2712kB
        ->  Seq Scan on title t  (cost=0.00..67604.59 rows=60853 width=4) (actual time=0.029..868.414 rows=62568 loops=1)
              Filter: (production_year = 2002)
              Rows Removed by Filter: 2465744
Planning time: 0.809 ms
Execution time: 1668.348 ms
