Seq Scan on movie_companies mc  (cost=0.00..57926.93 rows=1002012 width=0) (actual time=0.034..1001.680 rows=705597 loops=1)
  Filter: ((company_id < 55193) AND (company_type_id = 2))
  Rows Removed by Filter: 1903532
Planning time: 0.374 ms
Execution time: 1091.522 ms
