Seq Scan on movie_keyword mk  (cost=0.00..81003.12 rows=1029858 width=0) (actual time=0.026..1284.426 rows=1034190 loops=1)
  Filter: (keyword_id > 17174)
  Rows Removed by Filter: 3489740
Planning time: 0.295 ms
Execution time: 1418.798 ms
