Hash Join  (cost=249869.39..1641052.81 rows=30381424 width=0) (actual time=5736.862..55485.373 rows=67605177 loops=1)
  Hash Cond: (ci.movie_id = t.id)
  ->  Seq Scan on cast_info ci  (cost=0.00..614943.12 rows=36225612 width=4) (actual time=0.018..12518.942 rows=36244344 loops=1)
  ->  Hash  (cost=215077.82..215077.82 rows=2120606 width=8) (actual time=5735.913..5735.913 rows=2117607 loops=1)
        Buckets: 131072  Batches: 32  Memory Usage: 3569kB
        ->  Hash Join  (cost=102767.86..215077.82 rows=2120606 width=8) (actual time=1825.230..5095.249 rows=2117607 loops=1)
              Hash Cond: (mc.movie_id = t.id)
              ->  Seq Scan on movie_companies mc  (cost=0.00..51404.11 rows=2120606 width=4) (actual time=0.019..1017.058 rows=2117607 loops=1)
                    Filter: (company_id < 74647)
                    Rows Removed by Filter: 491522
              ->  Hash  (cost=61283.27..61283.27 rows=2528527 width=4) (actual time=1823.445..1823.445 rows=2528312 loops=1)
                    Buckets: 131072  Batches: 64  Memory Usage: 2415kB
                    ->  Seq Scan on title t  (cost=0.00..61283.27 rows=2528527 width=4) (actual time=0.011..984.531 rows=2528312 loops=1)
Planning time: 1.139 ms
Execution time: 63152.374 ms
