Seq Scan on movie_companies mc  (cost=0.00..57926.93 rows=748897 width=0) (actual time=72.445..834.136 rows=965214 loops=1)
  Filter: ((company_id > 8434) AND (company_type_id > 1))
  Rows Removed by Filter: 1643915
Planning time: 0.239 ms
Execution time: 952.957 ms
