Hash Join  (cost=73950.44..100842.38 rows=353 width=0) (actual time=999.803..1464.943 rows=888 loops=1)
  Hash Cond: (mi_idx.movie_id = t.id)
  ->  Seq Scan on movie_info_idx mi_idx  (cost=0.00..25185.44 rows=454124 width=4) (actual time=0.025..388.774 rows=459925 loops=1)
        Filter: (info_type_id = 100)
        Rows Removed by Filter: 920110
  ->  Hash  (cost=73925.90..73925.90 rows=1963 width=4) (actual time=999.281..999.281 rows=2432 loops=1)
        Buckets: 4096 (originally 2048)  Batches: 1 (originally 1)  Memory Usage: 118kB
        ->  Seq Scan on title t  (cost=0.00..73925.90 rows=1963 width=4) (actual time=472.451..998.020 rows=2432 loops=1)
              Filter: ((kind_id = 1) AND (production_year = 1933))
              Rows Removed by Filter: 2525880
Planning time: 0.546 ms
Execution time: 1465.287 ms
