Hash Join  (cost=215516.43..587206.47 rows=460228 width=0) (actual time=6434.077..9995.845 rows=11583 loops=1)
  Hash Cond: (mi.movie_id = t.id)
  ->  Seq Scan on movie_info mi  (cost=0.00..346232.03 rows=1550064 width=4) (actual time=2413.312..5332.319 rows=1533909 loops=1)
        Filter: (info_type_id = 3)
        Rows Removed by Filter: 13301811
  ->  Hash  (cost=203199.15..203199.15 rows=750742 width=8) (actual time=4010.666..4010.666 rows=195102 loops=1)
        Buckets: 131072  Batches: 16  Memory Usage: 1517kB
        ->  Hash Join  (cost=92883.59..203199.15 rows=750742 width=8) (actual time=2485.451..3946.902 rows=195102 loops=1)
              Hash Cond: (mk.movie_id = t.id)
              ->  Seq Scan on movie_keyword mk  (cost=0.00..81003.12 rows=1232004 width=4) (actual time=0.035..1407.890 rows=1243662 loops=1)
                    Filter: (keyword_id > 14534)
                    Rows Removed by Filter: 3280268
              ->  Hash  (cost=67604.59..67604.59 rows=1540800 width=4) (actual time=1641.893..1641.893 rows=1543264 loops=1)
                    Buckets: 131072  Batches: 32  Memory Usage: 2728kB
                    ->  Seq Scan on title t  (cost=0.00..67604.59 rows=1540800 width=4) (actual time=0.025..1134.192 rows=1543264 loops=1)
                          Filter: (kind_id = 7)
                          Rows Removed by Filter: 985048
Planning time: 1.162 ms
Execution time: 9997.521 ms
