Seq Scan on movie_keyword mk  (cost=0.00..81003.12 rows=246 width=0) (actual time=1.001..1129.281 rows=262 loops=1)
  Filter: (keyword_id = 11560)
  Rows Removed by Filter: 4523668
Planning time: 0.430 ms
Execution time: 1129.505 ms
