Seq Scan on title t  (cost=0.00..67604.59 rows=538576 width=0) (actual time=0.013..1023.215 rows=538190 loops=1)
  Filter: (production_year < 1982)
  Rows Removed by Filter: 1990122
Planning time: 2.688 ms
Execution time: 1092.654 ms
