Hash Join  (cost=92659.85..457053.46 rows=384753 width=0) (actual time=3795.020..6700.983 rows=110849 loops=1)
  Hash Cond: (mi.movie_id = t.id)
  ->  Seq Scan on movie_info mi  (cost=0.00..346232.03 rows=852012 width=4) (actual time=2031.146..4408.562 rows=900340 loops=1)
        Filter: (info_type_id > 94)
        Rows Removed by Filter: 13935380
  ->  Hash  (cost=73925.90..73925.90 rows=1141836 width=4) (actual time=1664.289..1664.289 rows=1235288 loops=1)
        Buckets: 131072  Batches: 16  Memory Usage: 3756kB
        ->  Seq Scan on title t  (cost=0.00..73925.90 rows=1141836 width=4) (actual time=0.038..1273.408 rows=1235288 loops=1)
              Filter: ((production_year > 1984) AND (kind_id = 7))
              Rows Removed by Filter: 1293024
Planning time: 0.769 ms
Execution time: 6713.004 ms
