Seq Scan on movie_keyword mk  (cost=0.00..81003.12 rows=4128574 width=0) (actual time=0.025..1414.223 rows=4132783 loops=1)
  Filter: (keyword_id < 44056)
  Rows Removed by Filter: 391147
Planning time: 0.308 ms
Execution time: 1916.110 ms
