Hash Join  (cost=114612.66..169795.52 rows=51733 width=0) (actual time=2125.081..3853.521 rows=442309 loops=1)
  Hash Cond: (mc.movie_id = t.id)
  ->  Seq Scan on movie_companies mc  (cost=0.00..44881.29 rows=2609129 width=4) (actual time=0.013..563.322 rows=2609129 loops=1)
  ->  Hash  (cost=113985.97..113985.97 rows=50135 width=8) (actual time=2124.660..2124.660 rows=116637 loops=1)
        Buckets: 131072 (originally 65536)  Batches: 2 (originally 1)  Memory Usage: 3296kB
        ->  Hash Join  (cost=75433.14..113985.97 rows=50135 width=8) (actual time=1128.408..2092.341 rows=116637 loops=1)
              Hash Cond: (mi_idx.movie_id = t.id)
              ->  Seq Scan on movie_info_idx mi_idx  (cost=0.00..21735.35 rows=1380035 width=4) (actual time=0.024..422.977 rows=1380035 loops=1)
              ->  Hash  (cost=73925.90..73925.90 rows=91859 width=4) (actual time=1127.601..1127.601 rows=191138 loops=1)
                    Buckets: 131072 (originally 131072)  Batches: 4 (originally 2)  Memory Usage: 3073kB
                    ->  Seq Scan on title t  (cost=0.00..73925.90 rows=91859 width=4) (actual time=0.024..1056.774 rows=191138 loops=1)
                          Filter: ((kind_id < 7) AND (production_year < 1959))
                          Rows Removed by Filter: 2337174
Planning time: 2.626 ms
Execution time: 3911.160 ms
