Hash Join  (cost=74051.07..101016.20 rows=5465 width=0) (actual time=879.023..1428.792 rows=10662 loops=1)
  Hash Cond: (mi_idx.movie_id = t.id)
  ->  Seq Scan on movie_info_idx mi_idx  (cost=0.00..21735.35 rows=1380035 width=4) (actual time=0.020..267.925 rows=1380035 loops=1)
  ->  Hash  (cost=73925.90..73925.90 rows=10013 width=4) (actual time=845.098..845.098 rows=35049 loops=1)
        Buckets: 65536 (originally 16384)  Batches: 1 (originally 1)  Memory Usage: 1745kB
        ->  Seq Scan on title t  (cost=0.00..73925.90 rows=10013 width=4) (actual time=0.020..832.274 rows=35049 loops=1)
              Filter: ((production_year < 1912) AND (kind_id = 1))
              Rows Removed by Filter: 2493263
Planning time: 0.760 ms
Execution time: 1430.538 ms
