Seq Scan on cast_info ci  (cost=0.00..705507.15 rows=25128610 width=0) (actual time=0.028..11480.952 rows=25160712 loops=1)
  Filter: (person_id < 2594205)
  Rows Removed by Filter: 11083632
Planning time: 0.327 ms
Execution time: 14593.402 ms
