Hash Join  (cost=207846.21..723779.26 rows=3385811 width=0) (actual time=3906.842..17863.191 rows=5145885 loops=1)
  Hash Cond: (mi.movie_id = t.id)
  ->  Seq Scan on movie_info mi  (cost=0.00..309384.22 rows=14739122 width=4) (actual time=0.010..5360.630 rows=14835720 loops=1)
  ->  Hash  (cost=198316.67..198316.67 rows=580843 width=8) (actual time=3905.401..3905.401 rows=335255 loops=1)
        Buckets: 131072  Batches: 8  Memory Usage: 2656kB
        ->  Hash Join  (cost=91397.28..198316.67 rows=580843 width=8) (actual time=1532.155..3797.819 rows=335255 loops=1)
              Hash Cond: (mk.movie_id = t.id)
              ->  Seq Scan on movie_keyword mk  (cost=0.00..81003.12 rows=1379156 width=4) (actual time=0.019..1356.954 rows=1394548 loops=1)
                    Filter: (keyword_id > 12012)
                    Rows Removed by Filter: 3129382
              ->  Hash  (cost=73925.90..73925.90 rows=1064910 width=4) (actual time=1530.228..1530.228 rows=1003269 loops=1)
                    Buckets: 131072  Batches: 16  Memory Usage: 3239kB
                    ->  Seq Scan on title t  (cost=0.00..73925.90 rows=1064910 width=4) (actual time=0.015..1199.346 rows=1003269 loops=1)
                          Filter: ((kind_id > 1) AND (production_year < 2006))
                          Rows Removed by Filter: 1525043
Planning time: 12.109 ms
Execution time: 18378.196 ms
