Nested Loop  (cost=0.43..447802.20 rows=17937 width=0) (actual time=2909.578..4081.677 rows=18539 loops=1)
  ->  Seq Scan on movie_info mi  (cost=0.00..346232.03 rows=17937 width=4) (actual time=2909.447..3908.574 rows=18539 loops=1)
        Filter: (info_type_id = 90)
        Rows Removed by Filter: 14817181
  ->  Index Only Scan using title_pkey on title t  (cost=0.43..5.65 rows=1 width=4) (actual time=0.009..0.009 rows=1 loops=18539)
        Index Cond: (id = mi.movie_id)
        Heap Fetches: 18539
Planning time: 0.729 ms
Execution time: 4085.679 ms
