Seq Scan on cast_info ci  (cost=0.00..705507.15 rows=9102875 width=0) (actual time=0.030..10512.097 rows=9105538 loops=1)
  Filter: (person_id > 2787554)
  Rows Removed by Filter: 27138806
Planning time: 0.329 ms
Execution time: 11675.498 ms
