Hash Join  (cost=102767.86..291387.59 rows=4061822 width=0) (actual time=1786.827..6557.648 rows=4065127 loops=1)
  Hash Cond: (mk.movie_id = t.id)
  ->  Seq Scan on movie_keyword mk  (cost=0.00..81003.12 rows=4061822 width=4) (actual time=0.016..1630.494 rows=4065127 loops=1)
        Filter: (keyword_id < 38686)
        Rows Removed by Filter: 458803
  ->  Hash  (cost=61283.27..61283.27 rows=2528527 width=4) (actual time=1784.495..1784.495 rows=2528312 loops=1)
        Buckets: 131072  Batches: 64  Memory Usage: 2425kB
        ->  Seq Scan on title t  (cost=0.00..61283.27 rows=2528527 width=4) (actual time=0.021..925.593 rows=2528312 loops=1)
Planning time: 1.245 ms
Execution time: 6998.251 ms
