Seq Scan on movie_companies mc  (cost=0.00..51404.11 rows=869875 width=0) (actual time=0.025..787.594 rows=863890 loops=1)
  Filter: (company_id < 2560)
  Rows Removed by Filter: 1745239
Planning time: 0.284 ms
Execution time: 897.642 ms
