Hash Join  (cost=83074.74..447745.01 rows=1434 width=0) (actual time=1196.240..7380.427 rows=89579 loops=1)
  Hash Cond: (mi.movie_id = t.id)
  ->  Seq Scan on movie_info mi  (cost=0.00..309384.22 rows=14739122 width=4) (actual time=0.023..3217.115 rows=14835720 loops=1)
  ->  Hash  (cost=83071.67..83071.67 rows=246 width=8) (actual time=1194.463..1194.463 rows=1446 loops=1)
        Buckets: 2048 (originally 1024)  Batches: 1 (originally 1)  Memory Usage: 73kB
        ->  Nested Loop  (cost=0.43..83071.67 rows=246 width=8) (actual time=5.156..1193.332 rows=1446 loops=1)
              ->  Seq Scan on movie_keyword mk  (cost=0.00..81003.12 rows=246 width=4) (actual time=5.105..1155.082 rows=1446 loops=1)
                    Filter: (keyword_id = 3575)
                    Rows Removed by Filter: 4522484
              ->  Index Only Scan using title_pkey on title t  (cost=0.43..8.40 rows=1 width=4) (actual time=0.025..0.025 rows=1 loops=1446)
                    Index Cond: (id = mk.movie_id)
                    Heap Fetches: 1446
Planning time: 1.122 ms
Execution time: 7393.830 ms
