Hash Join  (cost=102767.86..1222358.57 rows=13034433 width=0) (actual time=1741.757..28266.820 rows=14218867 loops=1)
  Hash Cond: (ci.movie_id = t.id)
  ->  Seq Scan on cast_info ci  (cost=0.00..796071.18 rows=13034433 width=4) (actual time=0.031..14503.999 rows=14218867 loops=1)
        Filter: ((person_id < 1466187) AND (role_id < 10))
        Rows Removed by Filter: 22025477
  ->  Hash  (cost=61283.27..61283.27 rows=2528527 width=4) (actual time=1740.948..1740.948 rows=2528312 loops=1)
        Buckets: 131072  Batches: 64  Memory Usage: 2415kB
        ->  Seq Scan on title t  (cost=0.00..61283.27 rows=2528527 width=4) (actual time=0.018..923.494 rows=2528312 loops=1)
Planning time: 0.739 ms
Execution time: 29962.477 ms
