Seq Scan on movie_keyword mk  (cost=0.00..81003.12 rows=2810843 width=0) (actual time=0.014..1180.632 rows=2803695 loops=1)
  Filter: (keyword_id < 8252)
  Rows Removed by Filter: 1720235
Planning time: 0.286 ms
Execution time: 1481.216 ms
