Hash Join  (cost=443792.25..1286396.23 rows=216791 width=0) (actual time=7175.523..20269.391 rows=2866513 loops=1)
  Hash Cond: (ci.movie_id = t.id)
  ->  Seq Scan on cast_info ci  (cost=0.00..796071.18 rows=3787970 width=4) (actual time=510.199..10969.326 rows=4035219 loops=1)
        Filter: ((person_id < 405986) AND (role_id < 10))
        Rows Removed by Filter: 32209125
  ->  Hash  (cost=441417.36..441417.36 rows=144711 width=8) (actual time=6663.521..6663.521 rows=400845 loops=1)
        Buckets: 131072 (originally 131072)  Batches: 8 (originally 2)  Memory Usage: 3073kB
        ->  Hash Join  (cost=79110.05..441417.36 rows=144711 width=8) (actual time=1797.281..6526.435 rows=400845 loops=1)
              Hash Cond: (mi.movie_id = t.id)
              ->  Seq Scan on movie_info mi  (cost=0.00..346232.03 rows=1158179 width=4) (actual time=630.960..4609.683 rows=1204709 loops=1)
                    Filter: (info_type_id > 18)
                    Rows Removed by Filter: 13631011
              ->  Hash  (cost=73925.90..73925.90 rows=315932 width=4) (actual time=1165.531..1165.531 rows=433359 loops=1)
                    Buckets: 131072  Batches: 8  Memory Usage: 2946kB
                    ->  Seq Scan on title t  (cost=0.00..73925.90 rows=315932 width=4) (actual time=0.056..1030.111 rows=433359 loops=1)
                          Filter: ((kind_id < 7) AND (production_year < 1995))
                          Rows Removed by Filter: 2094953
Planning time: 0.771 ms
Execution time: 20622.092 ms
