Seq Scan on cast_info ci  (cost=0.00..705507.15 rows=500 width=0) (actual time=318.902..10116.709 rows=287 loops=1)
  Filter: (person_id = 2986897)
  Rows Removed by Filter: 36244057
Planning time: 0.349 ms
Execution time: 10116.844 ms
