Seq Scan on movie_keyword mk  (cost=0.00..81003.12 rows=1094445 width=0) (actual time=0.024..1238.038 rows=1101879 loops=1)
  Filter: (keyword_id < 1132)
  Rows Removed by Filter: 3422051
Planning time: 0.323 ms
Execution time: 1379.248 ms
