Hash Join  (cost=173480.26..1281454.59 rows=7220217 width=0) (actual time=3450.567..35340.105 rows=7426660 loops=1)
  Hash Cond: (ci.movie_id = t.id)
  ->  Seq Scan on cast_info ci  (cost=0.00..614943.12 rows=36225612 width=4) (actual time=0.015..12950.670 rows=36244344 loops=1)
  ->  Hash  (cost=165211.67..165211.67 rows=503967 width=8) (actual time=3449.741..3449.741 rows=212946 loops=1)
        Buckets: 131072  Batches: 8  Memory Usage: 2063kB
        ->  Hash Join  (cost=89649.84..165211.67 rows=503967 width=8) (actual time=1776.743..3390.244 rows=212946 loops=1)
              Hash Cond: (mc.movie_id = t.id)
              ->  Seq Scan on movie_companies mc  (cost=0.00..51404.11 rows=1329612 width=4) (actual time=166.827..948.321 rows=1334883 loops=1)
                    Filter: (company_type_id = 2)
                    Rows Removed by Filter: 1274246
              ->  Hash  (cost=73925.90..73925.90 rows=958395 width=4) (actual time=1608.768..1608.768 rows=1050192 loops=1)
                    Buckets: 131072  Batches: 16  Memory Usage: 3340kB
                    ->  Seq Scan on title t  (cost=0.00..73925.90 rows=958395 width=4) (actual time=109.655..1289.251 rows=1050192 loops=1)
                          Filter: ((production_year > 1996) AND (kind_id = 7))
                          Rows Removed by Filter: 1478120
Planning time: 1.196 ms
Execution time: 36176.615 ms
