Hash Join  (cost=80324.13..119026.43 rows=141123 width=0) (actual time=1133.583..2185.004 rows=180224 loops=1)
  Hash Cond: (mi_idx.movie_id = t.id)
  ->  Seq Scan on movie_info_idx mi_idx  (cost=0.00..25185.44 rows=915101 width=4) (actual time=0.021..507.097 rows=919850 loops=1)
        Filter: (info_type_id < 101)
        Rows Removed by Filter: 460185
  ->  Hash  (cost=73925.90..73925.90 rows=389938 width=4) (actual time=1132.754..1132.754 rows=332859 loops=1)
        Buckets: 131072  Batches: 8  Memory Usage: 2478kB
        ->  Seq Scan on title t  (cost=0.00..73925.90 rows=389938 width=4) (actual time=0.035..1028.237 rows=332859 loops=1)
              Filter: ((kind_id < 6) AND (production_year > 2005))
              Rows Removed by Filter: 2195453
Planning time: 0.538 ms
Execution time: 2209.239 ms
