Hash Join  (cost=89095.13..195978.89 rows=534998 width=0) (actual time=2172.378..4605.787 rows=1265102 loops=1)
  Hash Cond: (mk.movie_id = t.id)
  ->  Seq Scan on movie_keyword mk  (cost=0.00..81003.12 rows=1463107 width=4) (actual time=0.025..1210.918 rows=1481576 loops=1)
        Filter: (keyword_id < 2115)
        Rows Removed by Filter: 3042354
  ->  Hash  (cost=73925.90..73925.90 rows=924578 width=4) (actual time=2171.012..2171.012 rows=884881 loops=1)
        Buckets: 131072  Batches: 16  Memory Usage: 2978kB
        ->  Seq Scan on title t  (cost=0.00..73925.90 rows=924578 width=4) (actual time=0.024..1203.676 rows=884881 loops=1)
              Filter: ((kind_id < 7) AND (production_year > 1921))
              Rows Removed by Filter: 1643431
Planning time: 0.704 ms
Execution time: 4769.164 ms
