Hash Join  (cost=621066.01..1627839.08 rows=9172489 width=0) (actual time=16303.726..38968.102 rows=14176424 loops=1)
  Hash Cond: (ci.movie_id = t.id)
  ->  Seq Scan on cast_info ci  (cost=0.00..705507.15 rows=12203201 width=4) (actual time=341.059..12351.343 rows=12113646 loops=1)
        Filter: (role_id > 3)
        Rows Removed by Filter: 24130698
  ->  Hash  (cost=589884.04..589884.04 rows=1900558 width=8) (actual time=15960.880..15960.880 rows=3166271 loops=1)
        Buckets: 131072 (originally 131072)  Batches: 64 (originally 32)  Memory Usage: 3073kB
        ->  Hash Join  (cost=73702.75..589884.04 rows=1900558 width=8) (actual time=1327.866..14502.609 rows=3166271 loops=1)
              Hash Cond: (mi.movie_id = t.id)
              ->  Seq Scan on movie_info mi  (cost=0.00..346232.03 rows=12928982 width=4) (actual time=209.803..6498.823 rows=12970088 loops=1)
                    Filter: (info_type_id < 18)
                    Rows Removed by Filter: 1865632
              ->  Hash  (cost=67604.59..67604.59 rows=371693 width=4) (actual time=1110.546..1110.546 rows=366430 loops=1)
                    Buckets: 131072  Batches: 8  Memory Usage: 2633kB
                    ->  Seq Scan on title t  (cost=0.00..67604.59 rows=371693 width=4) (actual time=0.026..986.521 rows=366430 loops=1)
                          Filter: (production_year < 1970)
                          Rows Removed by Filter: 2161882
Planning time: 1.153 ms
Execution time: 40653.681 ms
