Seq Scan on cast_info ci  (cost=0.00..705507.15 rows=500 width=0) (actual time=889.018..9896.128 rows=8 loops=1)
  Filter: (person_id = 249010)
  Rows Removed by Filter: 36244336
Planning time: 0.349 ms
Execution time: 9896.253 ms
