Seq Scan on movie_keyword mk  (cost=0.00..81003.12 rows=1126896 width=0) (actual time=0.709..1339.791 rows=1135272 loops=1)
  Filter: (keyword_id < 1259)
  Rows Removed by Filter: 3388658
Planning time: 0.194 ms
Execution time: 1482.157 ms
