Nested Loop  (cost=0.43..709674.40 rows=239 width=0) (actual time=5718.842..8977.895 rows=52 loops=1)
  ->  Seq Scan on cast_info ci  (cost=0.00..705507.15 rows=500 width=4) (actual time=1720.088..8975.551 rows=91 loops=1)
        Filter: (person_id = 250109)
        Rows Removed by Filter: 36244253
  ->  Index Scan using title_pkey on title t  (cost=0.43..8.32 rows=1 width=4) (actual time=0.022..0.024 rows=1 loops=91)
        Index Cond: (id = ci.movie_id)
        Filter: ((production_year > 1977) AND (kind_id = 7))
        Rows Removed by Filter: 0
Planning time: 0.804 ms
Execution time: 8978.044 ms
