Hash Join  (cost=103076.32..1500360.61 rows=30975311 width=0) (actual time=2617.493..47227.721 rows=32712720 loops=1)
  Hash Cond: (ci.movie_id = t.id)
  ->  Seq Scan on cast_info ci  (cost=0.00..614943.12 rows=36225612 width=4) (actual time=0.027..12303.546 rows=36244344 loops=1)
  ->  Hash  (cost=67604.59..67604.59 rows=2162059 width=4) (actual time=2616.647..2616.647 rows=2159747 loops=1)
        Buckets: 131072  Batches: 32  Memory Usage: 3400kB
        ->  Seq Scan on title t  (cost=0.00..67604.59 rows=2162059 width=4) (actual time=0.023..1173.263 rows=2159747 loops=1)
              Filter: (production_year > 1964)
              Rows Removed by Filter: 368565
Planning time: 0.557 ms
Execution time: 51191.458 ms
