Hash Join  (cost=286449.95..962622.88 rows=14950022 width=0) (actual time=6446.705..46052.778 rows=117475962 loops=1)
  Hash Cond: (mi.movie_id = t.id)
  ->  Seq Scan on movie_info mi  (cost=0.00..309384.22 rows=14739122 width=4) (actual time=0.017..5923.000 rows=14835720 loops=1)
  ->  Hash  (cost=244372.11..244372.11 rows=2564707 width=8) (actual time=6443.704..6443.704 rows=2079172 loops=1)
        Buckets: 131072  Batches: 64  Memory Usage: 2384kB
        ->  Hash Join  (cost=91123.00..244372.11 rows=2564707 width=8) (actual time=1738.743..5853.431 rows=2079172 loops=1)
              Hash Cond: (mk.movie_id = t.id)
              ->  Seq Scan on movie_keyword mk  (cost=0.00..69693.30 rows=4523930 width=4) (actual time=0.028..1389.662 rows=4523930 loops=1)
              ->  Hash  (cost=67604.59..67604.59 rows=1433473 width=4) (actual time=1737.543..1737.543 rows=1434466 loops=1)
                    Buckets: 131072  Batches: 32  Memory Usage: 2608kB
                    ->  Seq Scan on title t  (cost=0.00..67604.59 rows=1433473 width=4) (actual time=0.027..1250.862 rows=1434466 loops=1)
                          Filter: (production_year > 1999)
                          Rows Removed by Filter: 1093846
Planning time: 1.215 ms
Execution time: 59276.114 ms
