Hash Join  (cost=797960.46..852628.29 rows=231 width=0) (actual time=11643.203..12630.501 rows=307 loops=1)
  Hash Cond: (mc.movie_id = t.id)
  ->  Seq Scan on movie_companies mc  (cost=0.00..44881.29 rows=2609129 width=4) (actual time=0.009..577.004 rows=2609129 loops=1)
  ->  Hash  (cost=797957.66..797957.66 rows=224 width=8) (actual time=11584.873..11584.873 rows=265 loops=1)
        Buckets: 1024  Batches: 1  Memory Usage: 19kB
        ->  Nested Loop  (cost=0.43..797957.66 rows=224 width=8) (actual time=6262.767..11584.759 rows=265 loops=1)
              ->  Seq Scan on cast_info ci  (cost=0.00..796071.18 rows=224 width=4) (actual time=6262.630..11580.495 rows=265 loops=1)
                    Filter: ((role_id > 2) AND (person_id = 640925))
                    Rows Removed by Filter: 36244079
              ->  Index Only Scan using title_pkey on title t  (cost=0.43..8.41 rows=1 width=4) (actual time=0.015..0.015 rows=1 loops=265)
                    Index Cond: (id = ci.movie_id)
                    Heap Fetches: 265
Planning time: 0.784 ms
Execution time: 12630.667 ms
