Hash Join  (cost=74401.58..136221.16 rows=15020 width=0) (actual time=1018.550..2323.775 rows=26986 loops=1)
  Hash Cond: (mc.movie_id = t.id)
  ->  Seq Scan on movie_companies mc  (cost=0.00..57926.93 rows=997985 width=4) (actual time=0.020..1051.590 rows=1153023 loops=1)
        Filter: ((company_id > 846) AND (company_type_id = 2))
        Rows Removed by Filter: 1456106
  ->  Hash  (cost=73925.90..73925.90 rows=38054 width=4) (actual time=1017.957..1017.957 rows=26139 loops=1)
        Buckets: 65536  Batches: 1  Memory Usage: 1431kB
        ->  Seq Scan on title t  (cost=0.00..73925.90 rows=38054 width=4) (actual time=0.106..1007.315 rows=26139 loops=1)
              Filter: ((kind_id < 3) AND (production_year = 2008))
              Rows Removed by Filter: 2502173
Planning time: 1.179 ms
Execution time: 2327.757 ms
