Seq Scan on movie_companies mc  (cost=0.00..51404.11 rows=2232635 width=0) (actual time=0.018..947.090 rows=2229475 loops=1)
  Filter: (company_id < 84309)
  Rows Removed by Filter: 379654
Planning time: 0.213 ms
Execution time: 1230.088 ms
