Hash Join  (cost=75300.67..1121429.21 rows=1199738 width=0) (actual time=1243.278..28073.391 rows=1512595 loops=1)
  Hash Cond: (ci.movie_id = t.id)
  ->  Seq Scan on cast_info ci  (cost=0.00..614943.12 rows=36225612 width=4) (actual time=0.024..12869.693 rows=36244344 loops=1)
  ->  Hash  (cost=73925.90..73925.90 rows=83741 width=4) (actual time=1242.523..1242.523 rows=93082 loops=1)
        Buckets: 131072  Batches: 2  Memory Usage: 2666kB
        ->  Seq Scan on title t  (cost=0.00..73925.90 rows=83741 width=4) (actual time=0.094..1204.162 rows=93082 loops=1)
              Filter: ((kind_id > 3) AND (production_year = 2008))
              Rows Removed by Filter: 2435230
Planning time: 0.709 ms
Execution time: 28272.386 ms
