Nested Loop  (cost=59930.09..141639.81 rows=12 width=0) (actual time=1180.196..2126.266 rows=35 loops=1)
  ->  Hash Join  (cost=59929.66..141520.03 rows=62 width=8) (actual time=1180.123..2125.363 rows=35 loops=1)
        Hash Cond: (mk.movie_id = mc.movie_id)
        ->  Seq Scan on movie_keyword mk  (cost=0.00..81003.12 rows=246 width=4) (actual time=30.469..1197.812 rows=138 loops=1)
              Filter: (keyword_id = 1240)
              Rows Removed by Filter: 4523792
        ->  Hash  (cost=57926.93..57926.93 rows=122058 width=4) (actual time=890.644..890.644 rows=187170 loops=1)
              Buckets: 131072 (originally 131072)  Batches: 4 (originally 2)  Memory Usage: 3073kB
              ->  Seq Scan on movie_companies mc  (cost=0.00..57926.93 rows=122058 width=4) (actual time=0.030..822.558 rows=187170 loops=1)
                    Filter: ((company_id < 114) AND (company_type_id = 1))
                    Rows Removed by Filter: 2421959
  ->  Index Only Scan using title_pkey on title t  (cost=0.43..1.92 rows=1 width=4) (actual time=0.023..0.024 rows=1 loops=35)
        Index Cond: (id = mc.movie_id)
        Heap Fetches: 35
Planning time: 1.183 ms
Execution time: 2126.637 ms
