Hash Join  (cost=102767.86..212448.51 rows=781263 width=0) (actual time=1754.705..4097.981 rows=784468 loops=1)
  Hash Cond: (mk.movie_id = t.id)
  ->  Seq Scan on movie_keyword mk  (cost=0.00..81003.12 rows=781263 width=4) (actual time=0.019..1329.900 rows=784468 loops=1)
        Filter: (keyword_id < 750)
        Rows Removed by Filter: 3739462
  ->  Hash  (cost=61283.27..61283.27 rows=2528527 width=4) (actual time=1753.379..1753.379 rows=2528312 loops=1)
        Buckets: 131072  Batches: 64  Memory Usage: 2425kB
        ->  Seq Scan on title t  (cost=0.00..61283.27 rows=2528527 width=4) (actual time=0.024..929.064 rows=2528312 loops=1)
Planning time: 0.687 ms
Execution time: 4189.927 ms
