Hash Join  (cost=73962.22..795720.91 rows=4964 width=0) (actual time=2046.147..13301.434 rows=1915 loops=1)
  Hash Cond: (ci.movie_id = t.id)
  ->  Seq Scan on cast_info ci  (cost=0.00..705507.15 rows=4320508 width=4) (actual time=1007.270..11533.911 rows=4323018 loops=1)
        Filter: (role_id = 10)
        Rows Removed by Filter: 31921326
  ->  Hash  (cost=73925.90..73925.90 rows=2905 width=4) (actual time=1024.341..1024.341 rows=3676 loops=1)
        Buckets: 4096  Batches: 1  Memory Usage: 162kB
        ->  Seq Scan on title t  (cost=0.00..73925.90 rows=2905 width=4) (actual time=2.361..1022.353 rows=3676 loops=1)
              Filter: ((kind_id < 7) AND (production_year = 1958))
              Rows Removed by Filter: 2524636
Planning time: 0.723 ms
Execution time: 13302.132 ms
