Hash Join  (cost=100901.79..194480.39 rows=708 width=0) (actual time=1128.978..2809.678 rows=562 loops=1)
  Hash Cond: (mk.movie_id = t.id)
  ->  Seq Scan on movie_keyword mk  (cost=0.00..81003.12 rows=3351570 width=4) (actual time=0.008..1293.786 rows=3349949 loops=1)
        Filter: (keyword_id > 1382)
        Rows Removed by Filter: 1173981
  ->  Hash  (cost=100895.12..100895.12 rows=534 width=8) (actual time=1092.434..1092.434 rows=280 loops=1)
        Buckets: 1024  Batches: 1  Memory Usage: 19kB
        ->  Hash Join  (cost=73962.22..100895.12 rows=534 width=8) (actual time=779.915..1092.305 rows=280 loops=1)
              Hash Cond: (mi_idx.movie_id = t.id)
              ->  Seq Scan on movie_info_idx mi_idx  (cost=0.00..25185.44 rows=464566 width=4) (actual time=0.016..250.887 rows=459925 loops=1)
                    Filter: (info_type_id = 101)
                    Rows Removed by Filter: 920110
              ->  Hash  (cost=73925.90..73925.90 rows=2905 width=4) (actual time=779.824..779.824 rows=7770 loops=1)
                    Buckets: 8192 (originally 4096)  Batches: 1 (originally 1)  Memory Usage: 338kB
                    ->  Seq Scan on title t  (cost=0.00..73925.90 rows=2905 width=4) (actual time=337.493..776.543 rows=7770 loops=1)
                          Filter: ((kind_id < 7) AND (production_year = 1912))
                          Rows Removed by Filter: 2520542
Planning time: 1.232 ms
Execution time: 2809.997 ms
