Hash Join  (cost=102767.86..210647.14 rows=1936441 width=0) (actual time=1803.444..4604.460 rows=1930638 loops=1)
  Hash Cond: (mc.movie_id = t.id)
  ->  Seq Scan on movie_companies mc  (cost=0.00..51404.11 rows=1936441 width=4) (actual time=0.018..1013.297 rows=1930638 loops=1)
        Filter: (company_id < 49123)
        Rows Removed by Filter: 678491
  ->  Hash  (cost=61283.27..61283.27 rows=2528527 width=4) (actual time=1802.021..1802.021 rows=2528312 loops=1)
        Buckets: 131072  Batches: 64  Memory Usage: 2415kB
        ->  Seq Scan on title t  (cost=0.00..61283.27 rows=2528527 width=4) (actual time=0.020..936.527 rows=2528312 loops=1)
Planning time: 0.748 ms
Execution time: 4813.462 ms
