Hash Join  (cost=86573.65..1024775.46 rows=2902741 width=0) (actual time=7015.242..22329.671 rows=2477429 loops=1)
  Hash Cond: (ci.movie_id = t.id)
  ->  Seq Scan on cast_info ci  (cost=0.00..796071.18 rows=9521390 width=4) (actual time=5695.813..14463.683 rows=11983104 loops=1)
        Filter: ((person_id > 1463395) AND (role_id > 2))
        Rows Removed by Filter: 24261240
  ->  Hash  (cost=73925.90..73925.90 rows=770860 width=4) (actual time=1318.001..1318.001 rows=682281 loops=1)
        Buckets: 131072  Batches: 16  Memory Usage: 2522kB
        ->  Seq Scan on title t  (cost=0.00..73925.90 rows=770860 width=4) (actual time=0.023..1102.848 rows=682281 loops=1)
              Filter: ((production_year < 2004) AND (kind_id = 7))
              Rows Removed by Filter: 1846031
Planning time: 0.803 ms
Execution time: 22631.853 ms
