Hash Join  (cost=133343.64..484332.20 rows=1607 width=0) (actual time=2188.083..6856.404 rows=11273 loops=1)
  Hash Cond: (mi.movie_id = t.id)
  ->  Seq Scan on movie_info mi  (cost=0.00..346232.03 rows=1264125 width=4) (actual time=220.918..4660.190 rows=1288928 loops=1)
        Filter: (info_type_id = 2)
        Rows Removed by Filter: 13546792
  ->  Hash  (cost=133303.46..133303.46 rows=3214 width=8) (actual time=1963.177..1963.177 rows=10945 loops=1)
        Buckets: 16384 (originally 4096)  Batches: 1 (originally 1)  Memory Usage: 556kB
        ->  Hash Join  (cost=74285.67..133303.46 rows=3214 width=8) (actual time=1313.038..1958.651 rows=10945 loops=1)
              Hash Cond: (mc.movie_id = t.id)
              ->  Seq Scan on movie_companies mc  (cost=0.00..57926.93 rows=282326 width=4) (actual time=346.685..869.991 rows=558332 loops=1)
                    Filter: ((company_id > 71670) AND (company_type_id = 2))
                    Rows Removed by Filter: 2050797
              ->  Hash  (cost=73925.90..73925.90 rows=28781 width=4) (actual time=966.106..966.106 rows=19082 loops=1)
                    Buckets: 32768  Batches: 1  Memory Usage: 927kB
                    ->  Seq Scan on title t  (cost=0.00..73925.90 rows=28781 width=4) (actual time=0.064..957.439 rows=19082 loops=1)
                          Filter: ((kind_id < 3) AND (production_year = 2005))
                          Rows Removed by Filter: 2509230
Planning time: 1.222 ms
Execution time: 6858.781 ms
