Hash Join  (cost=76725.80..108219.99 rows=31108 width=0) (actual time=1193.545..1918.181 rows=14204 loops=1)
  Hash Cond: (mi_idx.movie_id = t.id)
  ->  Seq Scan on movie_info_idx mi_idx  (cost=0.00..25185.44 rows=460978 width=4) (actual time=0.023..502.998 rows=459925 loops=1)
        Filter: (info_type_id = 99)
        Rows Removed by Filter: 920110
  ->  Hash  (cost=73925.90..73925.90 rows=170632 width=4) (actual time=1190.828..1190.828 rows=170068 loops=1)
        Buckets: 131072  Batches: 4  Memory Usage: 2534kB
        ->  Seq Scan on title t  (cost=0.00..73925.90 rows=170632 width=4) (actual time=0.014..1131.218 rows=170068 loops=1)
              Filter: ((kind_id > 1) AND (production_year > 2011))
              Rows Removed by Filter: 2358244
Planning time: 0.933 ms
Execution time: 1920.572 ms
