Seq Scan on movie_keyword mk  (cost=0.00..81003.12 rows=246 width=0) (actual time=296.814..1157.456 rows=15 loops=1)
  Filter: (keyword_id = 21293)
  Rows Removed by Filter: 4523915
Planning time: 0.399 ms
Execution time: 1157.550 ms
