Hash Join  (cost=130567.05..500244.83 rows=133117 width=0) (actual time=2364.872..9478.122 rows=580641 loops=1)
  Hash Cond: (mi.movie_id = t.id)
  ->  Seq Scan on movie_info mi  (cost=0.00..346232.03 rows=5897221 width=4) (actual time=0.025..5472.023 rows=5884963 loops=1)
        Filter: (info_type_id < 7)
        Rows Removed by Filter: 8950757
  ->  Hash  (cost=129853.60..129853.60 rows=57076 width=8) (actual time=2364.465..2364.465 rows=75154 loops=1)
        Buckets: 131072 (originally 65536)  Batches: 1 (originally 1)  Memory Usage: 3960kB
        ->  Hash Join  (cost=74617.32..129853.60 rows=57076 width=8) (actual time=1075.692..2334.088 rows=75154 loops=1)
              Hash Cond: (mc.movie_id = t.id)
              ->  Seq Scan on movie_companies mc  (cost=0.00..44881.29 rows=2609129 width=4) (actual time=0.009..542.817 rows=2609129 loops=1)
              ->  Hash  (cost=73925.90..73925.90 rows=55313 width=4) (actual time=1075.318..1075.318 rows=49075 loops=1)
                    Buckets: 65536  Batches: 1  Memory Usage: 2238kB
                    ->  Seq Scan on title t  (cost=0.00..73925.90 rows=55313 width=4) (actual time=0.013..1056.155 rows=49075 loops=1)
                          Filter: ((kind_id < 7) AND (production_year = 2010))
                          Rows Removed by Filter: 2479237
Planning time: 1.225 ms
Execution time: 9554.030 ms
