Seq Scan on cast_info ci  (cost=0.00..705507.15 rows=13164343 width=0) (actual time=0.008..11196.531 rows=13285050 loops=1)
  Filter: (person_id > 2344205)
  Rows Removed by Filter: 22959294
Planning time: 0.210 ms
Execution time: 12882.686 ms
