Seq Scan on movie_companies mc  (cost=0.00..57926.93 rows=928450 width=0) (actual time=0.021..1016.007 rows=609175 loops=1)
  Filter: ((company_id < 31129) AND (company_type_id = 2))
  Rows Removed by Filter: 1999954
Planning time: 0.388 ms
Execution time: 1096.456 ms
