Seq Scan on movie_companies mc  (cost=0.00..57926.93 rows=53 width=0) (actual time=470.523..783.315 rows=5 loops=1)
  Filter: ((company_id = 173815) AND (company_type_id = 2))
  Rows Removed by Filter: 2609124
Planning time: 0.420 ms
Execution time: 783.414 ms
