Hash Join  (cost=111020.24..951024.30 rows=130055 width=0) (actual time=3695.177..14041.253 rows=104313 loops=1)
  Hash Cond: (ci.movie_id = t.id)
  ->  Seq Scan on cast_info ci  (cost=0.00..796071.18 rows=3656622 width=4) (actual time=1684.200..11295.801 rows=1837842 loops=1)
        Filter: ((person_id < 1376428) AND (role_id > 4))
        Rows Removed by Filter: 34406502
  ->  Hash  (cost=109544.09..109544.09 rows=89932 width=8) (actual time=2009.666..2009.666 rows=54660 loops=1)
        Buckets: 131072  Batches: 2  Memory Usage: 2091kB
        ->  Hash Join  (cost=70308.29..109544.09 rows=89932 width=8) (actual time=1014.967..1991.520 rows=54660 loops=1)
              Hash Cond: (mi_idx.movie_id = t.id)
              ->  Seq Scan on movie_info_idx mi_idx  (cost=0.00..21735.35 rows=1380035 width=4) (actual time=0.028..412.113 rows=1380035 loops=1)
              ->  Hash  (cost=67604.59..67604.59 rows=164776 width=4) (actual time=1014.128..1014.128 rows=164307 loops=1)
                    Buckets: 131072  Batches: 4  Memory Usage: 2482kB
                    ->  Seq Scan on title t  (cost=0.00..67604.59 rows=164776 width=4) (actual time=0.026..958.203 rows=164307 loops=1)
                          Filter: (production_year = 2012)
                          Rows Removed by Filter: 2364005
Planning time: 1.103 ms
Execution time: 14055.373 ms
