Hash Join  (cost=73956.15..893774.42 rows=29100 width=0) (actual time=946.317..20542.060 rows=32612 loops=1)
  Hash Cond: (ci.movie_id = t.id)
  ->  Seq Scan on cast_info ci  (cost=0.00..705507.15 rows=30405364 width=4) (actual time=0.029..14656.983 rows=30511650 loops=1)
        Filter: (role_id < 9)
        Rows Removed by Filter: 5732694
  ->  Hash  (cost=73925.90..73925.90 rows=2420 width=4) (actual time=946.138..946.138 rows=3058 loops=1)
        Buckets: 4096  Batches: 1  Memory Usage: 140kB
        ->  Seq Scan on title t  (cost=0.00..73925.90 rows=2420 width=4) (actual time=0.040..944.407 rows=3058 loops=1)
              Filter: ((kind_id = 2) AND (production_year = 2003))
              Rows Removed by Filter: 2525254
Planning time: 0.846 ms
Execution time: 20550.071 ms
