Seq Scan on movie_keyword mk  (cost=0.00..81003.12 rows=246 width=0) (actual time=2.191..1193.176 rows=258 loops=1)
  Filter: (keyword_id = 5937)
  Rows Removed by Filter: 4523672
Planning time: 0.389 ms
Execution time: 1193.392 ms
