Hash Join  (cost=73994.33..868133.55 rows=50874 width=0) (actual time=1015.061..17350.961 rows=59681 loops=1)
  Hash Cond: (ci.movie_id = t.id)
  ->  Seq Scan on cast_info ci  (cost=0.00..705507.15 rows=23499554 width=4) (actual time=0.007..12390.862 rows=23573656 loops=1)
        Filter: (role_id > 1)
        Rows Removed by Filter: 12670688
  ->  Hash  (cost=73925.90..73925.90 rows=5474 width=4) (actual time=1010.604..1010.604 rows=10394 loops=1)
        Buckets: 16384 (originally 8192)  Batches: 1 (originally 1)  Memory Usage: 494kB
        ->  Seq Scan on title t  (cost=0.00..73925.90 rows=5474 width=4) (actual time=0.687..1005.690 rows=10394 loops=1)
              Filter: ((kind_id > 1) AND (production_year = 1970))
              Rows Removed by Filter: 2517918
Planning time: 0.755 ms
Execution time: 17360.777 ms
