Hash Join  (cost=100908.38..157306.88 rows=834 width=0) (actual time=1461.197..2523.427 rows=3415 loops=1)
  Hash Cond: (mc.movie_id = t.id)
  ->  Seq Scan on movie_companies mc  (cost=0.00..51404.11 rows=1329612 width=4) (actual time=0.026..863.994 rows=1334883 loops=1)
        Filter: (company_type_id > 1)
        Rows Removed by Filter: 1274246
  ->  Hash  (cost=100888.56..100888.56 rows=1586 width=8) (actual time=1460.543..1460.543 rows=3112 loops=1)
        Buckets: 4096 (originally 2048)  Batches: 1 (originally 1)  Memory Usage: 154kB
        ->  Hash Join  (cost=73962.22..100888.56 rows=1586 width=8) (actual time=965.951..1459.254 rows=3112 loops=1)
              Hash Cond: (mi_idx.movie_id = t.id)
              ->  Seq Scan on movie_info_idx mi_idx  (cost=0.00..21735.35 rows=1380035 width=4) (actual time=0.019..240.183 rows=1380035 loops=1)
              ->  Hash  (cost=73925.90..73925.90 rows=2905 width=4) (actual time=950.837..950.837 rows=2177 loops=1)
                    Buckets: 4096  Batches: 1  Memory Usage: 109kB
                    ->  Seq Scan on title t  (cost=0.00..73925.90 rows=2905 width=4) (actual time=119.761..949.694 rows=2177 loops=1)
                          Filter: ((kind_id < 7) AND (production_year = 1942))
                          Rows Removed by Filter: 2526135
Planning time: 1.138 ms
Execution time: 2524.074 ms
