Hash Join  (cost=102767.86..272088.41 rows=3259780 width=0) (actual time=2351.323..7356.979 rows=3247235 loops=1)
  Hash Cond: (mk.movie_id = t.id)
  ->  Seq Scan on movie_keyword mk  (cost=0.00..81003.12 rows=3259780 width=4) (actual time=0.020..1514.586 rows=3247235 loops=1)
        Filter: (keyword_id > 1633)
        Rows Removed by Filter: 1276695
  ->  Hash  (cost=61283.27..61283.27 rows=2528527 width=4) (actual time=2348.501..2348.501 rows=2528312 loops=1)
        Buckets: 131072  Batches: 64  Memory Usage: 2425kB
        ->  Seq Scan on title t  (cost=0.00..61283.27 rows=2528527 width=4) (actual time=0.015..872.185 rows=2528312 loops=1)
Planning time: 0.663 ms
Execution time: 7737.848 ms
