Nested Loop  (cost=0.43..83071.67 rows=246 width=0) (actual time=2.446..1209.862 rows=246 loops=1)
  ->  Seq Scan on movie_keyword mk  (cost=0.00..81003.12 rows=246 width=4) (actual time=2.398..1188.492 rows=246 loops=1)
        Filter: (keyword_id = 2690)
        Rows Removed by Filter: 4523684
  ->  Index Only Scan using title_pkey on title t  (cost=0.43..8.40 rows=1 width=4) (actual time=0.084..0.084 rows=1 loops=246)
        Index Cond: (id = mk.movie_id)
        Heap Fetches: 246
Planning time: 0.691 ms
Execution time: 1210.064 ms
