Hash Join  (cost=304625.29..482152.84 rows=2232151 width=146) (actual time=7172.089..24304.598 rows=26269318 loops=1)
  Hash Cond: (mk.movie_id = t.id)
  ->  Seq Scan on movie_keyword mk  (cost=0.00..69693.30 rows=4523930 width=12) (actual time=0.020..1438.189 rows=4523930 loops=1)
  ->  Hash  (cost=264662.29..264662.29 rows=1247600 width=134) (actual time=7171.767..7171.767 rows=1214780 loops=1)
        Buckets: 32768  Batches: 64  Memory Usage: 3189kB
        ->  Hash Join  (cost=129928.86..264662.29 rows=1247600 width=134) (actual time=2742.540..6378.917 rows=1214780 loops=1)
              Hash Cond: (mc.movie_id = t.id)
              ->  Seq Scan on movie_companies mc  (cost=0.00..57926.93 rows=1247600 width=40) (actual time=0.007..1367.579 rows=1214780 loops=1)
                    Filter: ((company_id > 6) AND (company_type_id < 2))
                    Rows Removed by Filter: 1394349
              ->  Hash  (cost=61283.27..61283.27 rows=2528527 width=94) (actual time=2740.603..2740.603 rows=2528312 loops=1)
                    Buckets: 32768  Batches: 128  Memory Usage: 2453kB
                    ->  Seq Scan on title t  (cost=0.00..61283.27 rows=2528527 width=94) (actual time=0.015..1484.285 rows=2528312 loops=1)
Planning time: 1.401 ms
Execution time: 25767.443 ms
