Seq Scan on movie_companies mc  (cost=0.00..51404.11 rows=1147298 width=0) (actual time=0.022..837.107 rows=1155053 loops=1)
  Filter: (company_id > 13017)
  Rows Removed by Filter: 1454076
Planning time: 0.283 ms
Execution time: 985.473 ms
