Hash Join  (cost=415790.60..1166666.30 rows=8660 width=0) (actual time=5908.348..21313.692 rows=1019753 loops=1)
  Hash Cond: (ci.movie_id = t.id)
  ->  Seq Scan on cast_info ci  (cost=0.00..614943.12 rows=36225612 width=4) (actual time=0.016..7781.509 rows=36244344 loops=1)
  ->  Hash  (cost=415783.05..415783.05 rows=604 width=8) (actual time=5907.953..5907.953 rows=8585 loops=1)
        Buckets: 16384 (originally 1024)  Batches: 1 (originally 1)  Memory Usage: 464kB
        ->  Hash Join  (cost=69002.72..415783.05 rows=604 width=8) (actual time=4184.243..5905.356 rows=8585 loops=1)
              Hash Cond: (mi.movie_id = t.id)
              ->  Seq Scan on movie_info mi  (cost=0.00..346232.03 rows=17937 width=4) (actual time=2807.784..4575.029 rows=147487 loops=1)
                    Filter: (info_type_id = 107)
                    Rows Removed by Filter: 14688233
              ->  Hash  (cost=67604.59..67604.59 rows=85211 width=4) (actual time=1273.491..1273.491 rows=84593 loops=1)
                    Buckets: 131072  Batches: 2  Memory Usage: 2524kB
                    ->  Seq Scan on title t  (cost=0.00..67604.59 rows=85211 width=4) (actual time=0.028..1009.922 rows=84593 loops=1)
                          Filter: (production_year = 2004)
                          Rows Removed by Filter: 2443719
Planning time: 1.134 ms
Execution time: 21446.425 ms
