Hash Join  (cost=180995.16..1011236.30 rows=87758 width=0) (actual time=8406.687..17009.657 rows=20687 loops=1)
  Hash Cond: (ci.movie_id = t.id)
  ->  Seq Scan on cast_info ci  (cost=0.00..796071.18 rows=8877970 width=4) (actual time=4777.298..12522.085 rows=4857488 loops=1)
        Filter: ((person_id > 1065956) AND (role_id = 1))
        Rows Removed by Filter: 31386856
  ->  Hash  (cost=180682.74..180682.74 rows=24994 width=8) (actual time=3629.063..3629.063 rows=8798 loops=1)
        Buckets: 32768  Batches: 1  Memory Usage: 600kB
        ->  Hash Join  (cost=92883.59..180682.74 rows=24994 width=8) (actual time=1786.987..3625.792 rows=8798 loops=1)
              Hash Cond: (mk.movie_id = t.id)
              ->  Seq Scan on movie_keyword mk  (cost=0.00..81003.12 rows=41017 width=4) (actual time=0.076..1107.389 rows=41840 loops=1)
                    Filter: (keyword_id = 117)
                    Rows Removed by Filter: 4482090
              ->  Hash  (cost=67604.59..67604.59 rows=1540800 width=4) (actual time=1591.495..1591.495 rows=1543264 loops=1)
                    Buckets: 131072  Batches: 32  Memory Usage: 2728kB
                    ->  Seq Scan on title t  (cost=0.00..67604.59 rows=1540800 width=4) (actual time=34.119..1089.535 rows=1543264 loops=1)
                          Filter: (kind_id = 7)
                          Rows Removed by Filter: 985048
Planning time: 1.108 ms
Execution time: 17013.526 ms
