Hash Join  (cost=102215.90..157194.96 rows=31353 width=0) (actual time=1580.515..2929.881 rows=228579 loops=1)
  Hash Cond: (mc.movie_id = t.id)
  ->  Seq Scan on movie_companies mc  (cost=0.00..44881.29 rows=2609129 width=4) (actual time=0.011..596.440 rows=2609129 loops=1)
  ->  Hash  (cost=101836.10..101836.10 rows=30384 width=8) (actual time=1580.190..1580.190 rows=78294 loops=1)
        Buckets: 131072 (originally 32768)  Batches: 1 (originally 1)  Memory Usage: 4083kB
        ->  Hash Join  (cost=74621.78..101836.10 rows=30384 width=8) (actual time=1217.083..1553.994 rows=78294 loops=1)
              Hash Cond: (mi_idx.movie_id = t.id)
              ->  Seq Scan on movie_info_idx mi_idx  (cost=0.00..21735.35 rows=1380035 width=4) (actual time=0.018..251.057 rows=1380035 loops=1)
              ->  Hash  (cost=73925.90..73925.90 rows=55670 width=4) (actual time=941.783..941.783 rows=60828 loops=1)
                    Buckets: 65536  Batches: 1  Memory Usage: 2651kB
                    ->  Seq Scan on title t  (cost=0.00..73925.90 rows=55670 width=4) (actual time=0.040..917.304 rows=60828 loops=1)
                          Filter: ((production_year < 2007) AND (kind_id = 2))
                          Rows Removed by Filter: 2467484
Planning time: 1.115 ms
Execution time: 2959.771 ms
