Hash Join  (cost=83074.29..109985.38 rows=61 width=0) (actual time=1425.107..1687.170 rows=3 loops=1)
  Hash Cond: (mi_idx.movie_id = t.id)
  ->  Seq Scan on movie_info_idx mi_idx  (cost=0.00..21735.35 rows=1380035 width=4) (actual time=0.022..253.153 rows=1380035 loops=1)
  ->  Hash  (cost=83072.90..83072.90 rows=111 width=8) (actual time=1202.012..1202.012 rows=2 loops=1)
        Buckets: 1024  Batches: 1  Memory Usage: 9kB
        ->  Nested Loop  (cost=0.43..83072.90 rows=111 width=8) (actual time=903.707..1202.002 rows=2 loops=1)
              ->  Seq Scan on movie_keyword mk  (cost=0.00..81003.12 rows=246 width=4) (actual time=9.992..1194.123 rows=128 loops=1)
                    Filter: (keyword_id = 33498)
                    Rows Removed by Filter: 4523802
              ->  Index Scan using title_pkey on title t  (cost=0.43..8.40 rows=1 width=4) (actual time=0.058..0.058 rows=0 loops=128)
                    Index Cond: (id = mk.movie_id)
                    Filter: ((production_year > 1984) AND (kind_id = 7))
                    Rows Removed by Filter: 1
Planning time: 1.519 ms
Execution time: 1687.317 ms
