Seq Scan on movie_keyword mk  (cost=0.00..81003.12 rows=1343187 width=0) (actual time=0.016..1330.087 rows=1353664 loops=1)
  Filter: (keyword_id > 12459)
  Rows Removed by Filter: 3170266
Planning time: 0.206 ms
Execution time: 1507.499 ms
