Hash Join  (cost=69460.45..1119910.48 rows=1620486 width=0) (actual time=941.316..27650.736 rows=1870794 loops=1)
  Hash Cond: (ci.movie_id = t.id)
  ->  Seq Scan on cast_info ci  (cost=0.00..614943.12 rows=36225612 width=4) (actual time=0.021..12370.568 rows=36244344 loops=1)
  ->  Hash  (cost=67604.59..67604.59 rows=113109 width=4) (actual time=940.428..940.428 rows=119565 loops=1)
        Buckets: 131072  Batches: 2  Memory Usage: 3115kB
        ->  Seq Scan on title t  (cost=0.00..67604.59 rows=113109 width=4) (actual time=0.017..882.610 rows=119565 loops=1)
              Filter: (production_year = 2007)
              Rows Removed by Filter: 2408747
Planning time: 0.805 ms
Execution time: 27904.005 ms
