Hash Join  (cost=72956.84..545995.67 rows=1259946 width=0) (actual time=1069.055..12381.185 rows=2202929 loops=1)
  Hash Cond: (mi.movie_id = t.id)
  ->  Seq Scan on movie_info mi  (cost=0.00..346232.03 rows=9767026 width=4) (actual time=0.017..6256.412 rows=9911754 loops=1)
        Filter: (info_type_id > 4)
        Rows Removed by Filter: 4923966
  ->  Hash  (cost=67604.59..67604.59 rows=326180 width=4) (actual time=1068.145..1068.145 rows=323245 loops=1)
        Buckets: 131072  Batches: 8  Memory Usage: 2443kB
        ->  Seq Scan on title t  (cost=0.00..67604.59 rows=326180 width=4) (actual time=0.017..968.146 rows=323245 loops=1)
              Filter: (production_year < 1967)
              Rows Removed by Filter: 2205067
Planning time: 0.757 ms
Execution time: 12642.690 ms
