Seq Scan on movie_companies mc  (cost=0.00..57926.93 rows=1205944 width=0) (actual time=299.437..1066.904 rows=1089903 loops=1)
  Filter: ((company_id < 102006) AND (company_type_id > 1))
  Rows Removed by Filter: 1519226
Planning time: 0.352 ms
Execution time: 1201.908 ms
