Nested Loop  (cost=0.43..83072.90 rows=2 width=0) (actual time=7.441..1181.690 rows=8 loops=1)
  ->  Seq Scan on movie_keyword mk  (cost=0.00..81003.12 rows=246 width=4) (actual time=2.204..1161.154 rows=655 loops=1)
        Filter: (keyword_id = 6351)
        Rows Removed by Filter: 4523275
  ->  Index Scan using title_pkey on title t  (cost=0.43..8.40 rows=1 width=4) (actual time=0.030..0.030 rows=0 loops=655)
        Index Cond: (id = mk.movie_id)
        Filter: ((kind_id = 1) AND (production_year = 2005))
        Rows Removed by Filter: 1
Planning time: 0.759 ms
Execution time: 1181.802 ms
