Hash Join  (cost=100904.85..931729.24 rows=12980 width=0) (actual time=1376.098..19685.663 rows=21286 loops=1)
  Hash Cond: (ci.movie_id = t.id)
  ->  Seq Scan on cast_info ci  (cost=0.00..705507.15 rows=33383324 width=4) (actual time=0.014..12419.097 rows=33444037 loops=1)
        Filter: (person_id > 269463)
        Rows Removed by Filter: 2800307
  ->  Hash  (cost=100892.56..100892.56 rows=983 width=8) (actual time=1374.861..1374.861 rows=1144 loops=1)
        Buckets: 2048 (originally 1024)  Batches: 1 (originally 1)  Memory Usage: 61kB
        ->  Hash Join  (cost=73994.33..100892.56 rows=983 width=8) (actual time=1017.578..1374.301 rows=1144 loops=1)
              Hash Cond: (mi_idx.movie_id = t.id)
              ->  Seq Scan on movie_info_idx mi_idx  (cost=0.00..25185.44 rows=454124 width=4) (actual time=0.284..285.727 rows=459925 loops=1)
                    Filter: (info_type_id = 100)
                    Rows Removed by Filter: 920110
              ->  Hash  (cost=73925.90..73925.90 rows=5474 width=4) (actual time=1016.826..1016.826 rows=9857 loops=1)
                    Buckets: 16384 (originally 8192)  Batches: 1 (originally 1)  Memory Usage: 475kB
                    ->  Seq Scan on title t  (cost=0.00..73925.90 rows=5474 width=4) (actual time=0.621..1012.115 rows=9857 loops=1)
                          Filter: ((kind_id > 1) AND (production_year = 1971))
                          Rows Removed by Filter: 2518455
Planning time: 1.223 ms
Execution time: 19690.936 ms
