Seq Scan on movie_companies mc  (cost=0.00..51404.11 rows=2236727 width=0) (actual time=0.151..913.035 rows=2232672 loops=1)
  Filter: (company_id < 84838)
  Rows Removed by Filter: 376457
Planning time: 0.306 ms
Execution time: 1189.473 ms
