Hash Join  (cost=709676.03..1074339.53 rows=758 width=0) (actual time=11328.903..17174.538 rows=145 loops=1)
  Hash Cond: (mi.movie_id = t.id)
  ->  Seq Scan on movie_info mi  (cost=0.00..309384.22 rows=14739122 width=4) (actual time=0.005..4125.080 rows=14835720 loops=1)
  ->  Hash  (cost=709674.40..709674.40 rows=130 width=8) (actual time=10481.178..10481.178 rows=64 loops=1)
        Buckets: 1024  Batches: 1  Memory Usage: 11kB
        ->  Nested Loop  (cost=0.43..709674.40 rows=130 width=8) (actual time=2067.046..10481.065 rows=64 loops=1)
              ->  Seq Scan on cast_info ci  (cost=0.00..705507.15 rows=500 width=4) (actual time=2066.739..10470.839 rows=174 loops=1)
                    Filter: (person_id = 518210)
                    Rows Removed by Filter: 36244170
              ->  Index Scan using title_pkey on title t  (cost=0.43..8.32 rows=1 width=4) (actual time=0.057..0.058 rows=0 loops=174)
                    Index Cond: (id = ci.movie_id)
                    Filter: ((production_year < 2001) AND (kind_id = 7))
                    Rows Removed by Filter: 1
Planning time: 0.774 ms
Execution time: 17174.685 ms
