Hash Join  (cost=709678.15..1078036.41 rows=1166 width=0) (actual time=11386.765..16385.989 rows=262 loops=1)
  Hash Cond: (mi.movie_id = t.id)
  ->  Seq Scan on movie_info mi  (cost=0.00..346232.03 rows=5897221 width=4) (actual time=1149.097..5365.696 rows=5884963 loops=1)
        Filter: (info_type_id < 7)
        Rows Removed by Filter: 8950757
  ->  Hash  (cost=709671.90..709671.90 rows=500 width=8) (actual time=10185.714..10185.714 rows=52 loops=1)
        Buckets: 1024  Batches: 1  Memory Usage: 11kB
        ->  Nested Loop  (cost=0.43..709671.90 rows=500 width=8) (actual time=542.742..10185.615 rows=52 loops=1)
              ->  Seq Scan on cast_info ci  (cost=0.00..705507.15 rows=500 width=4) (actual time=542.537..10183.925 rows=52 loops=1)
                    Filter: (person_id = 1147841)
                    Rows Removed by Filter: 36244292
              ->  Index Only Scan using title_pkey on title t  (cost=0.43..8.32 rows=1 width=4) (actual time=0.028..0.028 rows=1 loops=52)
                    Index Cond: (id = ci.movie_id)
                    Heap Fetches: 52
Planning time: 1.174 ms
Execution time: 16386.152 ms
