Hash Join  (cost=102767.86..1249930.45 rows=17943966 width=0) (actual time=2476.796..29748.261 rows=17791634 loops=1)
  Hash Cond: (ci.movie_id = t.id)
  ->  Seq Scan on cast_info ci  (cost=0.00..705507.15 rows=17943966 width=4) (actual time=0.024..12702.788 rows=17791634 loops=1)
        Filter: (person_id < 1762636)
        Rows Removed by Filter: 18452710
  ->  Hash  (cost=61283.27..61283.27 rows=2528527 width=4) (actual time=2475.192..2475.192 rows=2528312 loops=1)
        Buckets: 131072  Batches: 64  Memory Usage: 2415kB
        ->  Seq Scan on title t  (cost=0.00..61283.27 rows=2528527 width=4) (actual time=0.016..934.673 rows=2528312 loops=1)
Planning time: 0.935 ms
Execution time: 31740.266 ms
