Seq Scan on movie_companies mc  (cost=0.00..57926.93 rows=810571 width=0) (actual time=0.023..979.274 rows=1026145 loops=1)
  Filter: ((company_id > 5316) AND (company_type_id = 2))
  Rows Removed by Filter: 1582984
Planning time: 5.201 ms
Execution time: 1109.733 ms
