Hash Join  (cost=436177.10..1488382.74 rows=1791345 width=0) (actual time=6427.042..38970.816 rows=23812463 loops=1)
  Hash Cond: (ci.movie_id = t.id)
  ->  Seq Scan on cast_info ci  (cost=0.00..614943.12 rows=36225612 width=4) (actual time=0.016..11639.895 rows=36244344 loops=1)
  ->  Hash  (cost=434125.16..434125.16 rows=125035 width=8) (actual time=6425.848..6425.848 rows=346247 loops=1)
        Buckets: 131072 (originally 131072)  Batches: 8 (originally 2)  Memory Usage: 3073kB
        ->  Hash Join  (cost=78556.72..434125.16 rows=125035 width=8) (actual time=2228.718..6314.957 rows=346247 loops=1)
              Hash Cond: (mi.movie_id = t.id)
              ->  Seq Scan on movie_info mi  (cost=0.00..346232.03 rows=473617 width=4) (actual time=850.117..4589.329 rows=486554 loops=1)
                    Filter: (info_type_id = 5)
                    Rows Removed by Filter: 14349166
              ->  Hash  (cost=67604.59..67604.59 rows=667531 width=4) (actual time=1294.582..1294.582 rows=662825 loops=1)
                    Buckets: 131072  Batches: 16  Memory Usage: 2485kB
                    ->  Seq Scan on title t  (cost=0.00..67604.59 rows=667531 width=4) (actual time=239.263..1086.763 rows=662825 loops=1)
                          Filter: (kind_id < 2)
                          Rows Removed by Filter: 1865487
Planning time: 1.198 ms
Execution time: 41376.450 ms
