Hash Join  (cost=490993.88..1359686.96 rows=3722989 width=0) (actual time=10231.722..26028.381 rows=402475 loops=1)
  Hash Cond: (ci.movie_id = t.id)
  ->  Seq Scan on cast_info ci  (cost=0.00..705507.15 rows=10593080 width=4) (actual time=2633.171..11078.975 rows=10596911 loops=1)
        Filter: (person_id > 2648784)
        Rows Removed by Filter: 25647433
  ->  Hash  (cost=476413.59..476413.59 rows=888663 width=8) (actual time=7595.786..7595.786 rows=32916 loops=1)
        Buckets: 131072  Batches: 16  Memory Usage: 1104kB
        ->  Hash Join  (cost=97709.19..476413.59 rows=888663 width=8) (actual time=5585.651..7583.695 rows=32916 loops=1)
              Hash Cond: (mi.movie_id = t.id)
              ->  Seq Scan on movie_info mi  (cost=0.00..346232.03 rows=1550064 width=4) (actual time=3776.061..4803.566 rows=1533909 loops=1)
                    Filter: (info_type_id = 3)
                    Rows Removed by Filter: 13301811
              ->  Hash  (cost=73925.90..73925.90 rows=1449623 width=4) (actual time=1806.032..1806.032 rows=1490871 loops=1)
                    Buckets: 131072  Batches: 32  Memory Usage: 2669kB
                    ->  Seq Scan on title t  (cost=0.00..73925.90 rows=1449623 width=4) (actual time=0.029..1171.388 rows=1490871 loops=1)
                          Filter: ((kind_id > 4) AND (production_year > 1924))
                          Rows Removed by Filter: 1037441
Planning time: 0.786 ms
Execution time: 26083.209 ms
