Hash Join  (cost=97651.38..230994.85 rows=1545182 width=0) (actual time=1793.085..5187.532 rows=856754 loops=1)
  Hash Cond: (mk.movie_id = t.id)
  ->  Seq Scan on movie_keyword mk  (cost=0.00..81003.12 rows=2701740 width=4) (actual time=0.051..1472.268 rows=2695187 loops=1)
        Filter: (keyword_id < 7633)
        Rows Removed by Filter: 1828743
  ->  Hash  (cost=73925.90..73925.90 rows=1446118 width=4) (actual time=1791.333..1791.333 rows=1571232 loops=1)
        Buckets: 131072  Batches: 32  Memory Usage: 2767kB
        ->  Seq Scan on title t  (cost=0.00..73925.90 rows=1446118 width=4) (actual time=0.022..1250.543 rows=1571232 loops=1)
              Filter: ((kind_id > 1) AND (production_year > 1978))
              Rows Removed by Filter: 957080
Planning time: 0.712 ms
Execution time: 5284.938 ms
