Hash Join  (cost=102767.86..199488.52 rows=242679 width=0) (actual time=1837.291..4242.500 rows=241485 loops=1)
  Hash Cond: (mk.movie_id = t.id)
  ->  Seq Scan on movie_keyword mk  (cost=0.00..81003.12 rows=242679 width=4) (actual time=0.031..1195.068 rows=241485 loops=1)
        Filter: (keyword_id > 61644)
        Rows Removed by Filter: 4282445
  ->  Hash  (cost=61283.27..61283.27 rows=2528527 width=4) (actual time=1836.564..1836.564 rows=2528312 loops=1)
        Buckets: 131072  Batches: 64  Memory Usage: 2425kB
        ->  Seq Scan on title t  (cost=0.00..61283.27 rows=2528527 width=4) (actual time=0.019..979.090 rows=2528312 loops=1)
Planning time: 5.883 ms
Execution time: 4272.036 ms
