Hash Join  (cost=102767.86..1133247.66 rows=9331115 width=0) (actual time=1837.246..20689.751 rows=5061146 loops=1)
  Hash Cond: (ci.movie_id = t.id)
  ->  Seq Scan on cast_info ci  (cost=0.00..796071.18 rows=9331115 width=4) (actual time=0.040..13421.974 rows=5061146 loops=1)
        Filter: ((person_id < 2835238) AND (role_id > 3))
        Rows Removed by Filter: 31183198
  ->  Hash  (cost=61283.27..61283.27 rows=2528527 width=4) (actual time=1836.510..1836.510 rows=2528312 loops=1)
        Buckets: 131072  Batches: 64  Memory Usage: 2415kB
        ->  Seq Scan on title t  (cost=0.00..61283.27 rows=2528527 width=4) (actual time=0.016..986.836 rows=2528312 loops=1)
Planning time: 0.791 ms
Execution time: 21314.920 ms
