Hash Join  (cost=166399.42..1258350.35 rows=5660376 width=0) (actual time=3442.434..38425.775 rows=17686841 loops=1)
  Hash Cond: (ci.movie_id = t.id)
  ->  Seq Scan on cast_info ci  (cost=0.00..614943.12 rows=36225612 width=4) (actual time=0.013..11821.770 rows=36244344 loops=1)
  ->  Hash  (cost=159916.79..159916.79 rows=395091 width=8) (actual time=3441.555..3441.555 rows=772922 loops=1)
        Buckets: 131072 (originally 131072)  Batches: 16 (originally 8)  Memory Usage: 3073kB
        ->  Hash Join  (cost=86252.72..159916.79 rows=395091 width=8) (actual time=1419.379..3198.106 rows=772922 loops=1)
              Hash Cond: (mc.movie_id = t.id)
              ->  Seq Scan on movie_companies mc  (cost=0.00..51404.11 rows=1329612 width=4) (actual time=228.543..975.551 rows=1334883 loops=1)
                    Filter: (company_type_id = 2)
                    Rows Removed by Filter: 1274246
              ->  Hash  (cost=73925.90..73925.90 rows=751345 width=4) (actual time=1189.760..1189.760 rows=793943 loops=1)
                    Buckets: 131072  Batches: 16  Memory Usage: 2771kB
                    ->  Seq Scan on title t  (cost=0.00..73925.90 rows=751345 width=4) (actual time=0.026..967.766 rows=793943 loops=1)
                          Filter: ((kind_id < 7) AND (production_year < 2010))
                          Rows Removed by Filter: 1734369
Planning time: 1.202 ms
Execution time: 40531.702 ms
