Hash Join  (cost=180570.91..290373.37 rows=508592 width=0) (actual time=4388.351..7713.759 rows=2030615 loops=1)
  Hash Cond: (mk.movie_id = t.id)
  ->  Seq Scan on movie_keyword mk  (cost=0.00..81003.12 rows=1810779 width=4) (actual time=0.022..1311.125 rows=1810579 loops=1)
        Filter: (keyword_id > 7663)
        Rows Removed by Filter: 2713351
  ->  Hash  (cost=168918.60..168918.60 rows=710185 width=8) (actual time=4387.230..4387.230 rows=820903 loops=1)
        Buckets: 131072  Batches: 16  Memory Usage: 3042kB
        ->  Hash Join  (cost=89762.59..168918.60 rows=710185 width=8) (actual time=1596.917..4120.564 rows=820903 loops=1)
              Hash Cond: (mc.movie_id = t.id)
              ->  Seq Scan on movie_companies mc  (cost=0.00..51404.11 rows=1329612 width=4) (actual time=0.024..846.084 rows=1334883 loops=1)
                    Filter: (company_type_id > 1)
                    Rows Removed by Filter: 1274246
              ->  Hash  (cost=67604.59..67604.59 rows=1350560 width=4) (actual time=1595.859..1595.859 rows=1348293 loops=1)
                    Buckets: 131072  Batches: 32  Memory Usage: 2505kB
                    ->  Seq Scan on title t  (cost=0.00..67604.59 rows=1350560 width=4) (actual time=0.024..1154.180 rows=1348293 loops=1)
                          Filter: (production_year < 2005)
                          Rows Removed by Filter: 1180019
Planning time: 1.155 ms
Execution time: 7953.936 ms
