Hash Join  (cost=74251.74..420552.88 rows=185 width=0) (actual time=3840.663..5507.293 rows=7 loops=1)
  Hash Cond: (mi.movie_id = t.id)
  ->  Seq Scan on movie_info mi  (cost=0.00..346232.03 rows=17937 width=4) (actual time=2818.292..4542.472 rows=13698 loops=1)
        Filter: (info_type_id = 97)
        Rows Removed by Filter: 14822022
  ->  Hash  (cost=73925.90..73925.90 rows=26067 width=4) (actual time=960.471..960.471 rows=27085 loops=1)
        Buckets: 32768  Batches: 1  Memory Usage: 1209kB
        ->  Seq Scan on title t  (cost=0.00..73925.90 rows=26067 width=4) (actual time=0.053..949.773 rows=27085 loops=1)
              Filter: ((kind_id < 7) AND (production_year > 2012))
              Rows Removed by Filter: 2501227
Planning time: 5.826 ms
Execution time: 5507.426 ms
