Hash Join  (cost=84197.31..799105.26 rows=140062 width=0) (actual time=11762.920..14281.671 rows=130357 loops=1)
  Hash Cond: (ci.movie_id = t.id)
  ->  Seq Scan on cast_info ci  (cost=0.00..705507.15 rows=350181 width=4) (actual time=10135.218..12279.667 rows=316118 loops=1)
        Filter: (role_id = 11)
        Rows Removed by Filter: 35928226
  ->  Hash  (cost=67604.59..67604.59 rows=1011338 width=4) (actual time=1626.467..1626.467 rows=1012920 loops=1)
        Buckets: 131072  Batches: 16  Memory Usage: 3250kB
        ->  Seq Scan on title t  (cost=0.00..67604.59 rows=1011338 width=4) (actual time=0.025..1306.022 rows=1012920 loops=1)
              Filter: (production_year > 2005)
              Rows Removed by Filter: 1515392
Planning time: 0.787 ms
Execution time: 14298.435 ms
