Hash Join  (cost=140463.53..167758.29 rows=38428 width=0) (actual time=2868.640..3475.587 rows=118871 loops=1)
  Hash Cond: (mi_idx.movie_id = t.id)
  ->  Seq Scan on movie_info_idx mi_idx  (cost=0.00..21735.35 rows=1380035 width=4) (actual time=0.012..269.103 rows=1380035 loops=1)
  ->  Hash  (cost=139583.42..139583.42 rows=70409 width=8) (actual time=2867.943..2867.943 rows=55603 loops=1)
        Buckets: 131072  Batches: 1  Memory Usage: 3196kB
        ->  Hash Join  (cost=81720.25..139583.42 rows=70409 width=8) (actual time=1799.841..2847.301 rows=55603 loops=1)
              Hash Cond: (mc.movie_id = t.id)
              ->  Seq Scan on movie_companies mc  (cost=0.00..51404.11 rows=206924 width=4) (actual time=0.013..786.401 rows=206972 loops=1)
                    Filter: (company_id < 68)
                    Rows Removed by Filter: 2402157
              ->  Hash  (cost=67604.59..67604.59 rows=860373 width=4) (actual time=1798.756..1798.756 rows=854214 loops=1)
                    Buckets: 131072  Batches: 16  Memory Usage: 2897kB
                    ->  Seq Scan on title t  (cost=0.00..67604.59 rows=860373 width=4) (actual time=0.011..977.387 rows=854214 loops=1)
                          Filter: (kind_id < 4)
                          Rows Removed by Filter: 1674098
Planning time: 1.168 ms
Execution time: 3491.754 ms
