Hash Join  (cost=69374.09..425737.97 rows=34523 width=0) (actual time=4270.108..5690.134 rows=29173 loops=1)
  Hash Cond: (mi.movie_id = t.id)
  ->  Seq Scan on movie_info mi  (cost=0.00..346232.03 rows=809768 width=4) (actual time=3087.579..4146.434 rows=802140 loops=1)
        Filter: (info_type_id < 2)
        Rows Removed by Filter: 14033580
  ->  Hash  (cost=67604.59..67604.59 rows=107800 width=4) (actual time=1181.608..1181.608 rows=108429 loops=1)
        Buckets: 131072  Batches: 2  Memory Usage: 2938kB
        ->  Seq Scan on title t  (cost=0.00..67604.59 rows=107800 width=4) (actual time=0.027..872.446 rows=108429 loops=1)
              Filter: (production_year = 2006)
              Rows Removed by Filter: 2419883
Planning time: 0.753 ms
Execution time: 5694.299 ms
