Hash Join  (cost=569032.26..1601244.41 rows=13503195 width=0) (actual time=12020.992..46733.677 rows=48608459 loops=1)
  Hash Cond: (ci.movie_id = t.id)
  ->  Seq Scan on cast_info ci  (cost=0.00..705507.15 rows=14228210 width=4) (actual time=0.010..12288.058 rows=14176891 loops=1)
        Filter: (person_id < 1395999)
        Rows Removed by Filter: 22067453
  ->  Hash  (cost=529662.22..529662.22 rows=2399683 width=8) (actual time=12019.866..12019.866 rows=2614327 loops=1)
        Buckets: 131072 (originally 131072)  Batches: 64 (originally 32)  Memory Usage: 4026kB
        ->  Hash Join  (cost=83580.70..529662.22 rows=2399683 width=8) (actual time=1429.211..11190.144 rows=2614327 loops=1)
              Hash Cond: (mi.movie_id = t.id)
              ->  Seq Scan on movie_info mi  (cost=0.00..346232.03 rows=6231111 width=4) (actual time=0.019..5690.082 rows=6223494 loops=1)
                    Filter: (info_type_id > 8)
                    Rows Removed by Filter: 8612226
              ->  Hash  (cost=67604.59..67604.59 rows=973769 width=4) (actual time=1428.389..1428.389 rows=971188 loops=1)
                    Buckets: 131072  Batches: 16  Memory Usage: 3169kB
                    ->  Seq Scan on title t  (cost=0.00..67604.59 rows=973769 width=4) (actual time=0.012..1116.707 rows=971188 loops=1)
                          Filter: (production_year < 1999)
                          Rows Removed by Filter: 1557124
Planning time: 0.920 ms
Execution time: 52453.914 ms
