Seq Scan on movie_companies mc  (cost=0.00..57926.93 rows=1018079 width=0) (actual time=458.808..1119.632 rows=1163484 loops=1)
  Filter: ((company_id > 708) AND (company_type_id = 2))
  Rows Removed by Filter: 1445645
Planning time: 0.453 ms
Execution time: 1259.610 ms
