Seq Scan on movie_companies mc  (cost=0.00..57926.93 rows=825817 width=0) (actual time=0.040..906.211 rows=619214 loops=1)
  Filter: ((company_id > 3232) AND (company_type_id < 2))
  Rows Removed by Filter: 1989915
Planning time: 0.322 ms
Execution time: 984.236 ms
