Hash Join  (cost=102767.86..217952.33 rows=2240022 width=0) (actual time=1902.950..5213.255 rows=2237453 loops=1)
  Hash Cond: (mc.movie_id = t.id)
  ->  Seq Scan on movie_companies mc  (cost=0.00..51404.11 rows=2240022 width=4) (actual time=0.019..1112.825 rows=2237453 loops=1)
        Filter: (company_id < 85264)
        Rows Removed by Filter: 371676
  ->  Hash  (cost=61283.27..61283.27 rows=2528527 width=4) (actual time=1901.719..1901.719 rows=2528312 loops=1)
        Buckets: 131072  Batches: 64  Memory Usage: 2415kB
        ->  Seq Scan on title t  (cost=0.00..61283.27 rows=2528527 width=4) (actual time=0.019..1074.286 rows=2528312 loops=1)
Planning time: 0.672 ms
Execution time: 5447.973 ms
