Hash Join  (cost=78641.77..538507.33 rows=1007109 width=0) (actual time=1304.072..12417.586 rows=3228579 loops=1)
  Hash Cond: (mi.movie_id = t.id)
  ->  Seq Scan on movie_info mi  (cost=0.00..346232.03 rows=8859586 width=4) (actual time=0.008..6054.761 rows=8966694 loops=1)
        Filter: (info_type_id < 15)
        Rows Removed by Filter: 5869026
  ->  Hash  (cost=73925.90..73925.90 rows=287429 width=4) (actual time=1302.063..1302.063 rows=401493 loops=1)
        Buckets: 131072 (originally 131072)  Batches: 8 (originally 4)  Memory Usage: 3073kB
        ->  Seq Scan on title t  (cost=0.00..73925.90 rows=287429 width=4) (actual time=0.013..1147.902 rows=401493 loops=1)
              Filter: ((kind_id < 7) AND (production_year < 1992))
              Rows Removed by Filter: 2126819
Planning time: 1.316 ms
Execution time: 12801.905 ms
