Hash Join  (cost=82805.75..1040649.88 rows=3805769 width=0) (actual time=1698.649..24526.180 rows=3379666 loops=1)
  Hash Cond: (ci.movie_id = t.id)
  ->  Seq Scan on cast_info ci  (cost=0.00..796071.18 rows=10386468 width=4) (actual time=0.025..15817.980 rows=11041396 loops=1)
        Filter: ((person_id > 513150) AND (role_id > 3))
        Rows Removed by Filter: 25202948
  ->  Hash  (cost=67604.59..67604.59 rows=926493 width=4) (actual time=1697.111..1697.111 rows=924605 loops=1)
        Buckets: 131072  Batches: 16  Memory Usage: 3056kB
        ->  Seq Scan on title t  (cost=0.00..67604.59 rows=926493 width=4) (actual time=0.017..1112.866 rows=924605 loops=1)
              Filter: (production_year < 1998)
              Rows Removed by Filter: 1603707
Planning time: 0.543 ms
Execution time: 24925.443 ms
