Seq Scan on cast_info ci  (cost=0.00..705507.15 rows=14938604 width=0) (actual time=0.023..10960.335 rows=14833841 loops=1)
  Filter: (person_id < 1463650)
  Rows Removed by Filter: 21410503
Planning time: 0.301 ms
Execution time: 12872.840 ms
