Hash Join  (cost=28270.40..117840.88 rows=332 width=0) (actual time=375.151..2080.300 rows=17071 loops=1)
  Hash Cond: (mk.movie_id = t.id)
  ->  Seq Scan on movie_keyword mk  (cost=0.00..81003.12 rows=2283742 width=4) (actual time=0.025..1392.685 rows=2285584 loops=1)
        Filter: (keyword_id < 4853)
        Rows Removed by Filter: 2238346
  ->  Hash  (cost=28265.80..28265.80 rows=368 width=8) (actual time=370.196..370.196 rows=260 loops=1)
        Buckets: 1024  Batches: 1  Memory Usage: 19kB
        ->  Nested Loop  (cost=0.43..28265.80 rows=368 width=8) (actual time=4.966..370.091 rows=260 loops=1)
              ->  Seq Scan on movie_info_idx mi_idx  (cost=0.00..25185.44 rows=368 width=4) (actual time=4.884..359.682 rows=260 loops=1)
                    Filter: (info_type_id > 101)
                    Rows Removed by Filter: 1379775
              ->  Index Only Scan using title_pkey on title t  (cost=0.43..8.36 rows=1 width=4) (actual time=0.039..0.039 rows=1 loops=260)
                    Index Cond: (id = mi_idx.movie_id)
                    Heap Fetches: 260
Planning time: 1.107 ms
Execution time: 2082.610 ms
