Seq Scan on cast_info ci  (cost=0.00..705507.15 rows=24356072 width=0) (actual time=0.015..10936.352 rows=24460296 loops=1)
  Filter: (person_id > 1158009)
  Rows Removed by Filter: 11784048
Planning time: 0.311 ms
Execution time: 13756.338 ms
