Seq Scan on cast_info ci  (cost=0.00..705507.15 rows=11428997 width=0) (actual time=4565.703..11218.301 rows=11422772 loops=1)
  Filter: (person_id > 2556337)
  Rows Removed by Filter: 24821572
Planning time: 0.342 ms
Execution time: 12676.819 ms
