Hash Join  (cost=179202.66..708257.26 rows=4987071 width=0) (actual time=3912.221..19047.802 rows=13757370 loops=1)
  Hash Cond: (mi.movie_id = t.id)
  ->  Seq Scan on movie_info mi  (cost=0.00..346232.03 rows=11115165 width=4) (actual time=0.015..6391.891 rows=11210743 loops=1)
        Filter: (info_type_id > 3)
        Rows Removed by Filter: 3624977
  ->  Hash  (cost=160589.65..160589.65 rows=1134481 width=8) (actual time=3911.218..3911.218 rows=1152401 loops=1)
        Buckets: 131072  Batches: 16  Memory Usage: 3861kB
        ->  Hash Join  (cost=101707.31..160589.65 rows=1134481 width=8) (actual time=1846.776..3580.346 rows=1152401 loops=1)
              Hash Cond: (mi_idx.movie_id = t.id)
              ->  Seq Scan on movie_info_idx mi_idx  (cost=0.00..21735.35 rows=1380035 width=4) (actual time=0.025..428.330 rows=1380035 loops=1)
              ->  Hash  (cost=67604.59..67604.59 rows=2078618 width=4) (actual time=1845.375..1845.375 rows=2074788 loops=1)
                    Buckets: 131072  Batches: 32  Memory Usage: 3309kB
                    ->  Seq Scan on title t  (cost=0.00..67604.59 rows=2078618 width=4) (actual time=0.014..1201.087 rows=2074788 loops=1)
                          Filter: (production_year > 1970)
                          Rows Removed by Filter: 453524
Planning time: 1.136 ms
Execution time: 20503.291 ms
