Seq Scan on cast_info ci  (cost=0.00..705507.15 rows=723571 width=0) (actual time=430.222..10129.971 rows=611117 loops=1)
  Filter: (person_id < 65630)
  Rows Removed by Filter: 35633227
Planning time: 0.370 ms
Execution time: 10209.933 ms
