Hash Join  (cost=69460.45..128031.56 rows=748 width=0) (actual time=1033.436..1928.264 rows=317 loops=1)
  Hash Cond: (mc.movie_id = t.id)
  ->  Seq Scan on movie_companies mc  (cost=0.00..57926.93 rows=16719 width=4) (actual time=1.977..868.565 rows=35517 loops=1)
        Filter: ((company_type_id < 2) AND (company_id = 160))
        Rows Removed by Filter: 2573612
  ->  Hash  (cost=67604.59..67604.59 rows=113109 width=4) (actual time=1028.240..1028.240 rows=119565 loops=1)
        Buckets: 131072  Batches: 2  Memory Usage: 3115kB
        ->  Seq Scan on title t  (cost=0.00..67604.59 rows=113109 width=4) (actual time=0.025..980.426 rows=119565 loops=1)
              Filter: (production_year = 2007)
              Rows Removed by Filter: 2408747
Planning time: 0.812 ms
Execution time: 1928.643 ms
