Hash Join  (cost=190230.21..1069084.60 rows=2481693 width=0) (actual time=10351.795..26260.270 rows=10610759 loops=1)
  Hash Cond: (ci.movie_id = t.id)
  ->  Seq Scan on cast_info ci  (cost=0.00..796071.18 rows=4547006 width=4) (actual time=6080.387..14055.416 rows=9326965 loops=1)
        Filter: ((person_id < 1274493) AND (role_id < 2))
        Rows Removed by Filter: 26917379
  ->  Hash  (cost=167588.78..167588.78 rows=1380035 width=8) (actual time=4269.626..4269.626 rows=1380035 loops=1)
        Buckets: 131072  Batches: 32  Memory Usage: 2708kB
        ->  Hash Join  (cost=102767.86..167588.78 rows=1380035 width=8) (actual time=1878.672..3872.884 rows=1380035 loops=1)
              Hash Cond: (mi_idx.movie_id = t.id)
              ->  Seq Scan on movie_info_idx mi_idx  (cost=0.00..21735.35 rows=1380035 width=4) (actual time=0.031..511.415 rows=1380035 loops=1)
              ->  Hash  (cost=61283.27..61283.27 rows=2528527 width=4) (actual time=1877.378..1877.378 rows=2528312 loops=1)
                    Buckets: 131072  Batches: 64  Memory Usage: 2415kB
                    ->  Seq Scan on title t  (cost=0.00..61283.27 rows=2528527 width=4) (actual time=0.020..1041.109 rows=2528312 loops=1)
Planning time: 1.217 ms
Execution time: 27461.576 ms
