Hash Join  (cost=1263780.14..2436681.46 rows=51143117 width=0) (actual time=32286.673..92463.341 rows=160233289 loops=1)
  Hash Cond: (mi.movie_id = t.id)
  ->  Seq Scan on movie_info mi  (cost=0.00..309384.22 rows=14739122 width=4) (actual time=0.022..5534.846 rows=14835720 loops=1)
  ->  Hash  (cost=1119835.79..1119835.79 rows=8773708 width=8) (actual time=32283.287..32283.287 rows=12670688 loops=1)
        Buckets: 131072 (originally 131072)  Batches: 256 (originally 128)  Memory Usage: 3073kB
        ->  Hash Join  (cost=102767.86..1119835.79 rows=8773708 width=8) (actual time=6225.369..28094.085 rows=12670688 loops=1)
              Hash Cond: (ci.movie_id = t.id)
              ->  Seq Scan on cast_info ci  (cost=0.00..796071.18 rows=8773708 width=4) (actual time=4488.265..15219.112 rows=12670688 loops=1)
                    Filter: ((person_id < 2576888) AND (role_id < 2))
                    Rows Removed by Filter: 23573656
              ->  Hash  (cost=61283.27..61283.27 rows=2528527 width=4) (actual time=1735.830..1735.830 rows=2528312 loops=1)
                    Buckets: 131072  Batches: 64  Memory Usage: 2415kB
                    ->  Seq Scan on title t  (cost=0.00..61283.27 rows=2528527 width=4) (actual time=0.032..888.071 rows=2528312 loops=1)
Planning time: 1.310 ms
Execution time: 111235.080 ms
