Hash Join  (cost=86573.65..121406.53 rows=138447 width=0) (actual time=1607.085..2185.674 rows=78867 loops=1)
  Hash Cond: (mi_idx.movie_id = t.id)
  ->  Seq Scan on movie_info_idx mi_idx  (cost=0.00..25185.44 rows=454124 width=4) (actual time=0.022..417.066 rows=459925 loops=1)
        Filter: (info_type_id = 100)
        Rows Removed by Filter: 920110
  ->  Hash  (cost=73925.90..73925.90 rows=770860 width=4) (actual time=1425.862..1425.862 rows=682281 loops=1)
        Buckets: 131072  Batches: 16  Memory Usage: 2522kB
        ->  Seq Scan on title t  (cost=0.00..73925.90 rows=770860 width=4) (actual time=242.170..1206.862 rows=682281 loops=1)
              Filter: ((production_year < 2004) AND (kind_id = 7))
              Rows Removed by Filter: 1846031
Planning time: 3.709 ms
Execution time: 2195.754 ms
