Hash Join  (cost=73962.22..438787.48 rows=16934 width=0) (actual time=1028.270..7522.239 rows=58753 loops=1)
  Hash Cond: (mi.movie_id = t.id)
  ->  Seq Scan on movie_info mi  (cost=0.00..309384.22 rows=14739122 width=4) (actual time=0.018..3404.665 rows=14835720 loops=1)
  ->  Hash  (cost=73925.90..73925.90 rows=2905 width=4) (actual time=1027.533..1027.533 rows=5783 loops=1)
        Buckets: 8192 (originally 4096)  Batches: 1 (originally 1)  Memory Usage: 268kB
        ->  Seq Scan on title t  (cost=0.00..73925.90 rows=2905 width=4) (actual time=7.787..1024.495 rows=5783 loops=1)
              Filter: ((kind_id < 7) AND (production_year = 1967))
              Rows Removed by Filter: 2522529
Planning time: 0.552 ms
Execution time: 7533.163 ms
