Seq Scan on movie_companies mc  (cost=0.00..57926.93 rows=51 width=0) (actual time=527.124..811.810 rows=1 loops=1)
  Filter: ((company_id = 48058) AND (company_type_id = 1))
  Rows Removed by Filter: 2609128
Planning time: 0.371 ms
Execution time: 811.895 ms
