Hash Join  (cost=569712.80..757037.15 rows=4134675 width=0) (actual time=11718.459..23809.866 rows=31281132 loops=1)
  Hash Cond: (mk.movie_id = t.id)
  ->  Seq Scan on movie_keyword mk  (cost=0.00..81003.12 rows=3869836 width=4) (actual time=0.030..1974.727 rows=3868656 loops=1)
        Filter: (keyword_id > 502)
        Rows Removed by Filter: 655274
  ->  Hash  (cost=525389.17..525389.17 rows=2701571 width=8) (actual time=11717.522..11717.522 rows=2789691 loops=1)
        Buckets: 131072  Batches: 64  Memory Usage: 2809kB
        ->  Hash Join  (cost=104131.46..525389.17 rows=2701571 width=8) (actual time=2290.927..10878.669 rows=2789691 loops=1)
              Hash Cond: (mi.movie_id = t.id)
              ->  Seq Scan on movie_info mi  (cost=0.00..346232.03 rows=3068194 width=4) (actual time=0.027..5807.036 rows=3036719 loops=1)
                    Filter: (info_type_id = 16)
                    Rows Removed by Filter: 11799001
              ->  Hash  (cost=67604.59..67604.59 rows=2226390 width=4) (actual time=2289.985..2289.985 rows=2224569 loops=1)
                    Buckets: 131072  Batches: 32  Memory Usage: 3472kB
                    ->  Seq Scan on title t  (cost=0.00..67604.59 rows=2226390 width=4) (actual time=0.016..1542.402 rows=2224569 loops=1)
                          Filter: (production_year < 2012)
                          Rows Removed by Filter: 303743
Planning time: 1.145 ms
Execution time: 27704.569 ms
