Hash Join  (cost=84197.31..180533.35 rows=292527 width=0) (actual time=1592.301..3932.929 rows=186935 loops=1)
  Hash Cond: (mk.movie_id = t.id)
  ->  Seq Scan on movie_keyword mk  (cost=0.00..81003.12 rows=731370 width=4) (actual time=0.020..1499.952 rows=731189 loops=1)
        Filter: (keyword_id < 651)
        Rows Removed by Filter: 3792741
  ->  Hash  (cost=67604.59..67604.59 rows=1011338 width=4) (actual time=1591.531..1591.531 rows=1012920 loops=1)
        Buckets: 131072  Batches: 16  Memory Usage: 3257kB
        ->  Seq Scan on title t  (cost=0.00..67604.59 rows=1011338 width=4) (actual time=0.012..1269.048 rows=1012920 loops=1)
              Filter: (production_year > 2005)
              Rows Removed by Filter: 1515392
Planning time: 0.745 ms
Execution time: 3955.957 ms
