Hash Join  (cost=80738.05..119683.15 rows=150919 width=0) (actual time=1492.928..2311.630 rows=201889 loops=1)
  Hash Cond: (mi_idx.movie_id = t.id)
  ->  Seq Scan on movie_info_idx mi_idx  (cost=0.00..25185.44 rows=919057 width=4) (actual time=0.025..515.180 rows=920110 loops=1)
        Filter: (info_type_id > 99)
        Rows Removed by Filter: 459925
  ->  Hash  (cost=73925.90..73925.90 rows=415212 width=4) (actual time=1315.372..1315.372 rows=303236 loops=1)
        Buckets: 131072  Batches: 8  Memory Usage: 2359kB
        ->  Seq Scan on title t  (cost=0.00..73925.90 rows=415212 width=4) (actual time=0.012..1227.511 rows=303236 loops=1)
              Filter: ((production_year > 1996) AND (kind_id = 1))
              Rows Removed by Filter: 2225076
Planning time: 0.815 ms
Execution time: 2334.783 ms
