Seq Scan on cast_info ci  (cost=0.00..796071.18 rows=12109872 width=0) (actual time=0.021..13464.176 rows=13648902 loops=1)
  Filter: ((person_id < 1496209) AND (role_id < 8))
  Rows Removed by Filter: 22595442
Planning time: 0.384 ms
Execution time: 15147.717 ms
