Hash Join  (cost=123727.36..977229.28 rows=109365 width=0) (actual time=5442.586..20750.490 rows=201482 loops=1)
  Hash Cond: (ci.movie_id = t.id)
  ->  Seq Scan on cast_info ci  (cost=0.00..796071.18 rows=15023224 width=4) (actual time=3075.005..15707.646 rows=13695766 loops=1)
        Filter: ((person_id > 877264) AND (role_id < 3))
        Rows Removed by Filter: 22548578
  ->  Hash  (cost=123497.27..123497.27 rows=18407 width=8) (actual time=2367.122..2367.122 rows=15918 loops=1)
        Buckets: 32768  Batches: 1  Memory Usage: 878kB
        ->  Hash Join  (cost=68191.41..123497.27 rows=18407 width=8) (actual time=1078.470..2359.986 rows=15918 loops=1)
              Hash Cond: (mc.movie_id = t.id)
              ->  Seq Scan on movie_companies mc  (cost=0.00..51404.11 rows=991381 width=4) (actual time=0.051..1015.574 rows=992374 loops=1)
                    Filter: (company_id < 4605)
                    Rows Removed by Filter: 1616755
              ->  Hash  (cost=67604.59..67604.59 rows=46946 width=4) (actual time=1077.800..1077.800 rows=46583 loops=1)
                    Buckets: 65536  Batches: 1  Memory Usage: 2150kB
                    ->  Seq Scan on title t  (cost=0.00..67604.59 rows=46946 width=4) (actual time=0.035..1058.138 rows=46583 loops=1)
                          Filter: (production_year = 1998)
                          Rows Removed by Filter: 2481729
Planning time: 1.160 ms
Execution time: 20779.331 ms
