Seq Scan on movie_keyword mk  (cost=0.00..81003.12 rows=2425354 width=0) (actual time=0.022..1529.347 rows=2415834 loops=1)
  Filter: (keyword_id > 3808)
  Rows Removed by Filter: 2108096
Planning time: 0.322 ms
Execution time: 1831.821 ms
