Nested Loop  (cost=0.43..709671.90 rows=500 width=0) (actual time=307.885..11076.187 rows=1 loops=1)
  ->  Seq Scan on cast_info ci  (cost=0.00..705507.15 rows=500 width=4) (actual time=307.783..11076.069 rows=1 loops=1)
        Filter: (person_id = 438116)
        Rows Removed by Filter: 36244343
  ->  Index Only Scan using title_pkey on title t  (cost=0.43..8.32 rows=1 width=4) (actual time=0.086..0.087 rows=1 loops=1)
        Index Cond: (id = ci.movie_id)
        Heap Fetches: 1
Planning time: 0.526 ms
Execution time: 11076.264 ms
