Hash Join  (cost=73926.99..128593.42 rows=90 width=0) (actual time=940.696..1974.775 rows=786 loops=1)
  Hash Cond: (mc.movie_id = t.id)
  ->  Seq Scan on movie_companies mc  (cost=0.00..44881.29 rows=2609129 width=4) (actual time=0.023..579.769 rows=2609129 loops=1)
  ->  Hash  (cost=73925.90..73925.90 rows=87 width=4) (actual time=940.596..940.596 rows=428 loops=1)
        Buckets: 1024  Batches: 1  Memory Usage: 24kB
        ->  Seq Scan on title t  (cost=0.00..73925.90 rows=87 width=4) (actual time=434.118..940.299 rows=428 loops=1)
              Filter: ((production_year > 2014) AND (kind_id = 1))
              Rows Removed by Filter: 2527884
Planning time: 0.753 ms
Execution time: 1975.058 ms
