Hash Join  (cost=28267.84..779059.29 rows=235 width=0) (actual time=392.058..15729.367 rows=5296 loops=1)
  Hash Cond: (ci.movie_id = t.id)
  ->  Seq Scan on cast_info ci  (cost=0.00..614943.12 rows=36225612 width=4) (actual time=0.025..8704.896 rows=36244344 loops=1)
  ->  Hash  (cost=28267.64..28267.64 rows=16 width=8) (actual time=391.086..391.086 rows=70 loops=1)
        Buckets: 1024  Batches: 1  Memory Usage: 11kB
        ->  Nested Loop  (cost=0.43..28267.64 rows=16 width=8) (actual time=357.748..391.041 rows=70 loops=1)
              ->  Seq Scan on movie_info_idx mi_idx  (cost=0.00..25185.44 rows=368 width=4) (actual time=357.578..385.412 rows=260 loops=1)
                    Filter: (info_type_id > 101)
                    Rows Removed by Filter: 1379775
              ->  Index Scan using title_pkey on title t  (cost=0.43..8.37 rows=1 width=4) (actual time=0.021..0.021 rows=0 loops=260)
                    Index Cond: (id = mi_idx.movie_id)
                    Filter: ((kind_id < 7) AND (production_year < 1964))
                    Rows Removed by Filter: 1
Planning time: 1.320 ms
Execution time: 15731.709 ms
