Seq Scan on movie_companies mc  (cost=0.00..57926.93 rows=466549 width=0) (actual time=0.027..933.271 rows=670135 loops=1)
  Filter: ((company_id < 3724) AND (company_type_id = 1))
  Rows Removed by Filter: 1938994
Planning time: 0.361 ms
Execution time: 1018.884 ms
