Hash Join  (cost=83810.17..170428.71 rows=44307 width=0) (actual time=1594.669..3083.484 rows=112755 loops=1)
  Hash Cond: (mk.movie_id = t.id)
  ->  Seq Scan on movie_keyword mk  (cost=0.00..81003.12 rows=113423 width=4) (actual time=0.022..1229.897 rows=112755 loops=1)
        Filter: (keyword_id > 79596)
        Rows Removed by Filter: 4411175
  ->  Hash  (cost=67604.59..67604.59 rows=987727 width=4) (actual time=1593.965..1593.965 rows=985048 loops=1)
        Buckets: 131072  Batches: 16  Memory Usage: 3197kB
        ->  Seq Scan on title t  (cost=0.00..67604.59 rows=987727 width=4) (actual time=0.009..1271.653 rows=985048 loops=1)
              Filter: (kind_id < 7)
              Rows Removed by Filter: 1543264
Planning time: 0.730 ms
Execution time: 3097.580 ms
