Hash Join  (cost=92883.59..896791.87 rows=58560 width=0) (actual time=11637.688..13724.338 rows=131299 loops=1)
  Hash Cond: (ci.movie_id = t.id)
  ->  Seq Scan on cast_info ci  (cost=0.00..796071.18 rows=96100 width=4) (actual time=9956.236..11634.661 rows=230769 loops=1)
        Filter: ((person_id > 2720931) AND (role_id > 10))
        Rows Removed by Filter: 36013575
  ->  Hash  (cost=67604.59..67604.59 rows=1540800 width=4) (actual time=1679.946..1679.946 rows=1543264 loops=1)
        Buckets: 131072  Batches: 32  Memory Usage: 2722kB
        ->  Seq Scan on title t  (cost=0.00..67604.59 rows=1540800 width=4) (actual time=0.030..1180.029 rows=1543264 loops=1)
              Filter: (kind_id = 7)
              Rows Removed by Filter: 985048
Planning time: 0.790 ms
Execution time: 13739.761 ms
