Seq Scan on cast_info ci  (cost=0.00..796071.18 rows=176 width=0) (actual time=6592.446..10878.555 rows=13 loops=1)
  Filter: ((person_id = 702109) AND (role_id = 1))
  Rows Removed by Filter: 36244331
Planning time: 0.296 ms
Execution time: 10878.642 ms
