Hash Join  (cost=73964.04..160676.67 rows=5459 width=0) (actual time=1080.283..2312.820 rows=8076 loops=1)
  Hash Cond: (mk.movie_id = t.id)
  ->  Seq Scan on movie_keyword mk  (cost=0.00..69693.30 rows=4523930 width=4) (actual time=0.016..629.774 rows=4523930 loops=1)
  ->  Hash  (cost=73925.90..73925.90 rows=3051 width=4) (actual time=1079.696..1079.696 rows=3269 loops=1)
        Buckets: 4096  Batches: 1  Memory Usage: 147kB
        ->  Seq Scan on title t  (cost=0.00..73925.90 rows=3051 width=4) (actual time=307.855..1077.917 rows=3269 loops=1)
              Filter: ((kind_id = 2) AND (production_year = 2004))
              Rows Removed by Filter: 2525043
Planning time: 0.739 ms
Execution time: 2314.050 ms
