Hash Join  (cost=796926.57..893014.21 rows=118 width=0) (actual time=11098.921..13016.739 rows=164 loops=1)
  Hash Cond: (mk.movie_id = t.id)
  ->  Seq Scan on movie_keyword mk  (cost=0.00..81003.12 rows=4022225 width=4) (actual time=0.018..1493.019 rows=4028923 loops=1)
        Filter: (keyword_id < 36439)
        Rows Removed by Filter: 495007
  ->  Hash  (cost=796925.64..796925.64 rows=74 width=8) (actual time=11004.831..11004.831 rows=171 loops=1)
        Buckets: 1024  Batches: 1  Memory Usage: 15kB
        ->  Nested Loop  (cost=0.43..796925.64 rows=74 width=8) (actual time=1742.821..11004.735 rows=171 loops=1)
              ->  Seq Scan on cast_info ci  (cost=0.00..796071.18 rows=101 width=4) (actual time=1742.584..10995.578 rows=188 loops=1)
                    Filter: ((person_id = 2524455) AND (role_id = 2))
                    Rows Removed by Filter: 36244156
              ->  Index Scan using title_pkey on title t  (cost=0.43..8.45 rows=1 width=4) (actual time=0.048..0.048 rows=1 loops=188)
                    Index Cond: (id = ci.movie_id)
                    Filter: (kind_id > 1)
                    Rows Removed by Filter: 0
Planning time: 1.116 ms
Execution time: 13016.938 ms
