Hash Join  (cost=144059.98..951449.85 rows=138501 width=0) (actual time=9835.742..17554.159 rows=435606 loops=1)
  Hash Cond: (ci.movie_id = t.id)
  ->  Seq Scan on cast_info ci  (cost=0.00..796071.18 rows=686847 width=4) (actual time=6142.220..13250.686 rows=643014 loops=1)
        Filter: ((person_id < 1404311) AND (role_id = 8))
        Rows Removed by Filter: 35601330
  ->  Hash  (cost=135694.58..135694.58 rows=509872 width=8) (actual time=3692.537..3692.537 rows=947744 loops=1)
        Buckets: 131072 (originally 131072)  Batches: 16 (originally 8)  Memory Usage: 3340kB
        ->  Hash Join  (cost=89253.38..135694.58 rows=509872 width=8) (actual time=1658.062..3411.659 rows=947744 loops=1)
              Hash Cond: (mi_idx.movie_id = t.id)
              ->  Seq Scan on movie_info_idx mi_idx  (cost=0.00..21735.35 rows=1380035 width=4) (actual time=0.026..442.684 rows=1380035 loops=1)
              ->  Hash  (cost=73925.90..73925.90 rows=934198 width=4) (actual time=1656.950..1656.950 rows=950693 loops=1)
                    Buckets: 131072  Batches: 16  Memory Usage: 3114kB
                    ->  Seq Scan on title t  (cost=0.00..73925.90 rows=934198 width=4) (actual time=0.021..1369.183 rows=950693 loops=1)
                          Filter: ((kind_id < 7) AND (production_year < 2013))
                          Rows Removed by Filter: 1577619
Planning time: 1.191 ms
Execution time: 17611.529 ms
