Seq Scan on movie_keyword mk  (cost=0.00..81003.12 rows=246 width=0) (actual time=1.829..1288.148 rows=27 loops=1)
  Filter: (keyword_id = 18824)
  Rows Removed by Filter: 4523903
Planning time: 3.143 ms
Execution time: 1288.261 ms
