Hash Join  (cost=102767.86..1651261.85 rows=34622698 width=0) (actual time=1963.215..48015.184 rows=34627548 loops=1)
  Hash Cond: (ci.movie_id = t.id)
  ->  Seq Scan on cast_info ci  (cost=0.00..705507.15 rows=34622698 width=4) (actual time=0.025..16775.396 rows=34627548 loops=1)
        Filter: (person_id < 3741906)
        Rows Removed by Filter: 1616796
  ->  Hash  (cost=61283.27..61283.27 rows=2528527 width=4) (actual time=1962.365..1962.365 rows=2528312 loops=1)
        Buckets: 131072  Batches: 64  Memory Usage: 2415kB
        ->  Seq Scan on title t  (cost=0.00..61283.27 rows=2528527 width=4) (actual time=0.026..1109.574 rows=2528312 loops=1)
Planning time: 0.773 ms
Execution time: 52036.612 ms
