Hash Join  (cost=102767.86..1140596.24 rows=9636505 width=0) (actual time=7455.678..29299.717 rows=12670688 loops=1)
  Hash Cond: (ci.movie_id = t.id)
  ->  Seq Scan on cast_info ci  (cost=0.00..796071.18 rows=9636505 width=4) (actual time=5486.188..16228.149 rows=12670688 loops=1)
        Filter: ((person_id < 2811580) AND (role_id = 1))
        Rows Removed by Filter: 23573656
  ->  Hash  (cost=61283.27..61283.27 rows=2528527 width=4) (actual time=1968.184..1968.184 rows=2528312 loops=1)
        Buckets: 131072  Batches: 64  Memory Usage: 2415kB
        ->  Seq Scan on title t  (cost=0.00..61283.27 rows=2528527 width=4) (actual time=0.020..1097.707 rows=2528312 loops=1)
Planning time: 2.563 ms
Execution time: 30785.925 ms
