Hash Join  (cost=191591.62..1090037.75 rows=4249326 width=0) (actual time=4512.914..28889.215 rows=12723698 loops=1)
  Hash Cond: (ci.movie_id = t.id)
  ->  Seq Scan on cast_info ci  (cost=0.00..705507.15 rows=12726058 width=4) (actual time=0.010..14237.658 rows=12670688 loops=1)
        Filter: (role_id = 1)
        Rows Removed by Filter: 23573656
  ->  Hash  (cost=177738.95..177738.95 rows=844294 width=8) (actual time=4511.992..4511.992 rows=992225 loops=1)
        Buckets: 131072  Batches: 16  Memory Usage: 3444kB
        ->  Hash Join  (cost=94978.31..177738.95 rows=844294 width=8) (actual time=2317.590..4207.776 rows=992225 loops=1)
              Hash Cond: (mc.movie_id = t.id)
              ->  Seq Scan on movie_companies mc  (cost=0.00..51404.11 rows=1279517 width=4) (actual time=403.083..1046.620 rows=1274246 loops=1)
                    Filter: (company_type_id < 2)
                    Rows Removed by Filter: 1334883
              ->  Hash  (cost=67604.59..67604.59 rows=1668458 width=4) (actual time=1913.320..1913.320 rows=1671292 loops=1)
                    Buckets: 131072  Batches: 32  Memory Usage: 2858kB
                    ->  Seq Scan on title t  (cost=0.00..67604.59 rows=1668458 width=4) (actual time=0.021..1377.992 rows=1671292 loops=1)
                          Filter: (production_year < 2008)
                          Rows Removed by Filter: 857020
Planning time: 0.807 ms
Execution time: 30307.948 ms
