Nested Loop  (cost=0.43..799702.19 rows=435 width=0) (actual time=1803.508..14979.730 rows=4 loops=1)
  ->  Seq Scan on cast_info ci  (cost=0.00..796071.18 rows=435 width=4) (actual time=1803.389..14979.525 rows=4 loops=1)
        Filter: ((role_id < 10) AND (person_id = 3254059))
        Rows Removed by Filter: 36244340
  ->  Index Only Scan using title_pkey on title t  (cost=0.43..8.34 rows=1 width=4) (actual time=0.040..0.040 rows=1 loops=4)
        Index Cond: (id = ci.movie_id)
        Heap Fetches: 4
Planning time: 0.785 ms
Execution time: 14979.808 ms
