Hash Join  (cost=799707.63..854377.64 rows=449 width=0) (actual time=15542.454..16595.091 rows=432 loops=1)
  Hash Cond: (mc.movie_id = t.id)
  ->  Seq Scan on movie_companies mc  (cost=0.00..44881.29 rows=2609129 width=4) (actual time=0.025..670.706 rows=2609129 loops=1)
  ->  Hash  (cost=799702.19..799702.19 rows=435 width=8) (actual time=15450.372..15450.372 rows=164 loops=1)
        Buckets: 1024  Batches: 1  Memory Usage: 15kB
        ->  Nested Loop  (cost=0.43..799702.19 rows=435 width=8) (actual time=12208.624..15450.270 rows=164 loops=1)
              ->  Seq Scan on cast_info ci  (cost=0.00..796071.18 rows=435 width=4) (actual time=12208.475..15444.217 rows=164 loops=1)
                    Filter: ((role_id < 10) AND (person_id = 3035520))
                    Rows Removed by Filter: 36244180
              ->  Index Only Scan using title_pkey on title t  (cost=0.43..8.34 rows=1 width=4) (actual time=0.035..0.036 rows=1 loops=164)
                    Index Cond: (id = ci.movie_id)
                    Heap Fetches: 164
Planning time: 6.317 ms
Execution time: 16595.245 ms
