Seq Scan on movie_keyword mk  (cost=0.00..81003.12 rows=3202247 width=0) (actual time=0.021..1462.476 rows=3187249 loops=1)
  Filter: (keyword_id > 1742)
  Rows Removed by Filter: 1336681
Planning time: 0.339 ms
Execution time: 1862.102 ms
