Seq Scan on movie_keyword mk  (cost=0.00..81003.12 rows=246 width=0) (actual time=11.153..1183.816 rows=166 loops=1)
  Filter: (keyword_id = 2653)
  Rows Removed by Filter: 4523764
Planning time: 0.356 ms
Execution time: 1184.010 ms
