Hash Join  (cost=143200.31..510234.98 rows=237875 width=0) (actual time=2688.655..10817.566 rows=147913 loops=1)
  Hash Cond: (mi.movie_id = t.id)
  ->  Seq Scan on movie_info mi  (cost=0.00..309384.22 rows=14739122 width=4) (actual time=0.029..4632.491 rows=14835720 loops=1)
  ->  Hash  (cost=142690.21..142690.21 rows=40808 width=8) (actual time=2688.074..2688.074 rows=18914 loops=1)
        Buckets: 65536  Batches: 1  Memory Usage: 1251kB
        ->  Hash Join  (cost=75199.97..142690.21 rows=40808 width=8) (actual time=1264.760..2680.489 rows=18914 loops=1)
              Hash Cond: (mc.movie_id = t.id)
              ->  Seq Scan on movie_companies mc  (cost=0.00..51404.11 rows=1329612 width=4) (actual time=86.165..1017.970 rows=1334883 loops=1)
                    Filter: (company_type_id = 2)
                    Rows Removed by Filter: 1274246
              ->  Hash  (cost=73925.90..73925.90 rows=77605 width=4) (actual time=1177.820..1177.820 rows=84684 loops=1)
                    Buckets: 131072  Batches: 2  Memory Usage: 2512kB
                    ->  Seq Scan on title t  (cost=0.00..73925.90 rows=77605 width=4) (actual time=0.034..1145.576 rows=84684 loops=1)
                          Filter: ((kind_id = 7) AND (production_year = 2009))
                          Rows Removed by Filter: 2443628
Planning time: 1.188 ms
Execution time: 10837.263 ms
