Hash Join  (cost=58358.65..423015.16 rows=58 width=0) (actual time=1248.195..7773.715 rows=104 loops=1)
  Hash Cond: (mi.movie_id = t.id)
  ->  Seq Scan on movie_info mi  (cost=0.00..309384.22 rows=14739122 width=4) (actual time=0.014..4336.610 rows=14835720 loops=1)
  ->  Hash  (cost=58358.52..58358.52 rows=10 width=8) (actual time=900.491..900.491 rows=8 loops=1)
        Buckets: 1024  Batches: 1  Memory Usage: 9kB
        ->  Nested Loop  (cost=0.43..58358.52 rows=10 width=8) (actual time=688.298..900.470 rows=8 loops=1)
              ->  Seq Scan on movie_companies mc  (cost=0.00..57926.93 rows=51 width=4) (actual time=442.279..899.636 rows=16 loops=1)
                    Filter: ((company_type_id = 1) AND (company_id = 3132))
                    Rows Removed by Filter: 2609113
              ->  Index Scan using title_pkey on title t  (cost=0.43..8.45 rows=1 width=4) (actual time=0.046..0.046 rows=0 loops=16)
                    Index Cond: (id = mc.movie_id)
                    Filter: ((production_year < 2010) AND (kind_id = 1))
                    Rows Removed by Filter: 0
Planning time: 1.284 ms
Execution time: 7773.987 ms
