Seq Scan on cast_info ci  (cost=0.00..705507.15 rows=24074765 width=0) (actual time=82.561..12999.060 rows=24183490 loops=1)
  Filter: (person_id > 1188375)
  Rows Removed by Filter: 12060854
Planning time: 0.339 ms
Execution time: 15939.681 ms
