Seq Scan on movie_keyword mk  (cost=0.00..81003.12 rows=1930153 width=0) (actual time=0.019..1491.455 rows=1940792 loops=1)
  Filter: (keyword_id > 6777)
  Rows Removed by Filter: 2583138
Planning time: 0.316 ms
Execution time: 1732.288 ms
