Hash Join  (cost=167223.67..1259291.92 rows=5671809 width=0) (actual time=3418.090..33085.883 rows=4406345 loops=1)
  Hash Cond: (ci.movie_id = t.id)
  ->  Seq Scan on cast_info ci  (cost=0.00..614943.12 rows=36225612 width=4) (actual time=0.025..12783.448 rows=36244344 loops=1)
  ->  Hash  (cost=160728.06..160728.06 rows=395889 width=8) (actual time=3416.908..3416.908 rows=251028 loops=1)
        Buckets: 131072  Batches: 8  Memory Usage: 2250kB
        ->  Hash Join  (cost=80220.64..160728.06 rows=395889 width=8) (actual time=1162.791..3334.663 rows=251028 loops=1)
              Hash Cond: (mc.movie_id = t.id)
              ->  Seq Scan on movie_companies mc  (cost=0.00..44881.29 rows=2609129 width=4) (actual time=0.024..866.036 rows=2609129 loops=1)
              ->  Hash  (cost=73925.90..73925.90 rows=383659 width=4) (actual time=1161.879..1161.879 rows=265354 loops=1)
                    Buckets: 131072  Batches: 8  Memory Usage: 2178kB
                    ->  Seq Scan on title t  (cost=0.00..73925.90 rows=383659 width=4) (actual time=298.279..1077.215 rows=265354 loops=1)
                          Filter: ((production_year < 1987) AND (kind_id = 7))
                          Rows Removed by Filter: 2262958
Planning time: 1.173 ms
Execution time: 33604.023 ms
