Hash Join  (cost=89440.68..628064.51 rows=5512390 width=0) (actual time=1801.025..15864.230 rows=3399651 loops=1)
  Hash Cond: (mi.movie_id = t.id)
  ->  Seq Scan on movie_info mi  (cost=0.00..309384.22 rows=14739122 width=4) (actual time=0.012..5903.400 rows=14835720 loops=1)
  ->  Hash  (cost=73925.90..73925.90 rows=945662 width=4) (actual time=1799.545..1799.545 rows=870610 loops=1)
        Buckets: 131072  Batches: 16  Memory Usage: 2946kB
        ->  Seq Scan on title t  (cost=0.00..73925.90 rows=945662 width=4) (actual time=0.019..1490.387 rows=870610 loops=1)
              Filter: ((kind_id > 2) AND (production_year < 2005))
              Rows Removed by Filter: 1657702
Planning time: 0.941 ms
Execution time: 16275.763 ms
