Hash Join  (cost=121661.12..198956.21 rows=162857 width=0) (actual time=2445.083..4384.069 rows=187530 loops=1)
  Hash Cond: (mc.movie_id = t.id)
  ->  Seq Scan on movie_companies mc  (cost=0.00..44881.29 rows=2609129 width=4) (actual time=0.025..891.460 rows=2609129 loops=1)
  ->  Hash  (cost=119071.30..119071.30 rows=157826 width=8) (actual time=2443.459..2443.459 rows=78936 loops=1)
        Buckets: 131072  Batches: 4  Memory Usage: 1797kB
        ->  Hash Join  (cost=78670.55..119071.30 rows=157826 width=8) (actual time=1359.925..2417.355 rows=78936 loops=1)
              Hash Cond: (mi_idx.movie_id = t.id)
              ->  Seq Scan on movie_info_idx mi_idx  (cost=0.00..21735.35 rows=1380035 width=4) (actual time=0.018..451.160 rows=1380035 loops=1)
              ->  Hash  (cost=73925.90..73925.90 rows=289172 width=4) (actual time=1359.086..1359.086 rows=292674 loops=1)
                    Buckets: 131072  Batches: 4  Memory Usage: 3617kB
                    ->  Seq Scan on title t  (cost=0.00..73925.90 rows=289172 width=4) (actual time=0.044..1262.140 rows=292674 loops=1)
                          Filter: ((kind_id > 1) AND (production_year > 2010))
                          Rows Removed by Filter: 2235638
Planning time: 1.187 ms
Execution time: 4408.458 ms
