Seq Scan on movie_keyword mk  (cost=0.00..81003.12 rows=164158 width=0) (actual time=0.022..1275.491 rows=177732 loops=1)
  Filter: (keyword_id < 123)
  Rows Removed by Filter: 4346198
Planning time: 0.315 ms
Execution time: 1300.364 ms
