Hash Join  (cost=102767.86..285893.97 rows=3833538 width=0) (actual time=1949.467..7397.306 rows=3834778 loops=1)
  Hash Cond: (mk.movie_id = t.id)
  ->  Seq Scan on movie_keyword mk  (cost=0.00..81003.12 rows=3833538 width=4) (actual time=0.011..1768.948 rows=3834778 loops=1)
        Filter: (keyword_id > 569)
        Rows Removed by Filter: 689152
  ->  Hash  (cost=61283.27..61283.27 rows=2528527 width=4) (actual time=1947.304..1947.304 rows=2528312 loops=1)
        Buckets: 131072  Batches: 64  Memory Usage: 2425kB
        ->  Seq Scan on title t  (cost=0.00..61283.27 rows=2528527 width=4) (actual time=0.017..1051.398 rows=2528312 loops=1)
Planning time: 0.767 ms
Execution time: 7896.814 ms
