Seq Scan on movie_companies mc  (cost=0.00..57926.93 rows=863564 width=0) (actual time=0.023..1067.895 rows=1069287 loops=1)
  Filter: ((company_id > 3099) AND (company_type_id = 2))
  Rows Removed by Filter: 1539842
Planning time: 0.370 ms
Execution time: 1223.943 ms
