Seq Scan on movie_companies mc  (cost=0.00..57926.93 rows=821701 width=0) (actual time=5.876..877.241 rows=615350 loops=1)
  Filter: ((company_id > 3364) AND (company_type_id = 1))
  Rows Removed by Filter: 1993779
Planning time: 1.190 ms
Execution time: 943.522 ms
