Hash Join  (cost=147354.61..186321.98 rows=74289 width=0) (actual time=2620.136..3537.905 rows=99669 loops=1)
  Hash Cond: (mi_idx.movie_id = t.id)
  ->  Seq Scan on movie_info_idx mi_idx  (cost=0.00..21735.35 rows=1380035 width=4) (actual time=0.022..438.795 rows=1380035 loops=1)
  ->  Hash  (cost=145121.18..145121.18 rows=136114 width=8) (actual time=2618.212..2618.212 rows=83967 loops=1)
        Buckets: 131072  Batches: 2  Memory Usage: 2664kB
        ->  Hash Join  (cost=82997.89..145121.18 rows=136114 width=8) (actual time=1396.229..2589.046 rows=83967 loops=1)
              Hash Cond: (mc.movie_id = t.id)
              ->  Seq Scan on movie_companies mc  (cost=0.00..51404.11 rows=622410 width=4) (actual time=0.016..808.464 rows=626562 loops=1)
                    Filter: (company_id > 60671)
                    Rows Removed by Filter: 1982567
              ->  Hash  (cost=73925.90..73925.90 rows=552959 width=4) (actual time=1395.382..1395.382 rows=424680 loops=1)
                    Buckets: 131072  Batches: 8  Memory Usage: 2881kB
                    ->  Seq Scan on title t  (cost=0.00..73925.90 rows=552959 width=4) (actual time=0.026..1252.907 rows=424680 loops=1)
                          Filter: ((kind_id > 1) AND (production_year < 1993))
                          Rows Removed by Filter: 2103632
Planning time: 5.295 ms
Execution time: 3551.312 ms
