Hash Join  (cost=187771.03..326925.76 rows=1407869 width=0) (actual time=4929.303..12940.312 rows=19958955 loops=1)
  Hash Cond: (mk.movie_id = t.id)
  ->  Seq Scan on movie_keyword mk  (cost=0.00..69693.30 rows=4523930 width=4) (actual time=0.005..1459.338 rows=4523930 loops=1)
  ->  Hash  (cost=174860.91..174860.91 rows=786890 width=8) (actual time=4927.477..4927.477 rows=941183 loops=1)
        Buckets: 131072  Batches: 16  Memory Usage: 3365kB
        ->  Hash Join  (cost=93117.31..174860.91 rows=786890 width=8) (actual time=1968.597..4614.036 rows=941183 loops=1)
              Hash Cond: (mc.movie_id = t.id)
              ->  Seq Scan on movie_companies mc  (cost=0.00..51404.11 rows=1279517 width=4) (actual time=135.770..915.862 rows=1274246 loops=1)
                    Filter: (company_type_id = 1)
                    Rows Removed by Filter: 1334883
              ->  Hash  (cost=67604.59..67604.59 rows=1555018 width=4) (actual time=1831.649..1831.649 rows=1551727 loops=1)
                    Buckets: 131072  Batches: 32  Memory Usage: 2728kB
                    ->  Seq Scan on title t  (cost=0.00..67604.59 rows=1555018 width=4) (actual time=0.031..1317.828 rows=1551727 loops=1)
                          Filter: (production_year < 2007)
                          Rows Removed by Filter: 976585
Planning time: 4.119 ms
Execution time: 15218.645 ms
