Hash Join  (cost=92883.59..180868.73 rows=774788 width=0) (actual time=3059.625..4071.568 rows=400469 loops=1)
  Hash Cond: (mc.movie_id = t.id)
  ->  Seq Scan on movie_companies mc  (cost=0.00..57926.93 rows=1271465 width=4) (actual time=0.035..1283.057 rows=1220770 loops=1)
        Filter: ((company_id < 149598) AND (company_type_id = 2))
        Rows Removed by Filter: 1388359
  ->  Hash  (cost=67604.59..67604.59 rows=1540800 width=4) (actual time=1854.981..1854.981 rows=1543264 loops=1)
        Buckets: 131072  Batches: 32  Memory Usage: 2722kB
        ->  Seq Scan on title t  (cost=0.00..67604.59 rows=1540800 width=4) (actual time=158.562..1357.540 rows=1543264 loops=1)
              Filter: (kind_id = 7)
              Rows Removed by Filter: 985048
Planning time: 0.738 ms
Execution time: 4116.791 ms
