Seq Scan on cast_info ci  (cost=0.00..796071.18 rows=7046372 width=0) (actual time=0.023..13261.573 rows=1103668 loops=1)
  Filter: ((person_id > 1589047) AND (role_id = 1))
  Rows Removed by Filter: 35140676
Planning time: 0.361 ms
Execution time: 13343.438 ms
