Nested Loop  (cost=0.43..83071.67 rows=246 width=0) (actual time=2.576..1333.635 rows=434 loops=1)
  ->  Seq Scan on movie_keyword mk  (cost=0.00..81003.12 rows=246 width=4) (actual time=2.519..1301.389 rows=434 loops=1)
        Filter: (keyword_id = 493)
        Rows Removed by Filter: 4523496
  ->  Index Only Scan using title_pkey on title t  (cost=0.43..8.40 rows=1 width=4) (actual time=0.072..0.072 rows=1 loops=434)
        Index Cond: (id = mk.movie_id)
        Heap Fetches: 434
Planning time: 0.640 ms
Execution time: 1333.898 ms
