Hash Join  (cost=74214.80..900937.20 rows=288428 width=0) (actual time=8779.348..20725.688 rows=1 loops=1)
  Hash Cond: (ci.movie_id = t.id)
  ->  Seq Scan on cast_info ci  (cost=0.00..705507.15 rows=31554923 width=4) (actual time=0.017..14963.241 rows=31605208 loops=1)
        Filter: (role_id < 10)
        Rows Removed by Filter: 4639136
  ->  Hash  (cost=73925.90..73925.90 rows=23112 width=4) (actual time=1039.764..1039.764 rows=1 loops=1)
        Buckets: 32768  Batches: 1  Memory Usage: 257kB
        ->  Seq Scan on title t  (cost=0.00..73925.90 rows=23112 width=4) (actual time=699.877..1039.754 rows=1 loops=1)
              Filter: ((production_year < 1912) AND (kind_id = 7))
              Rows Removed by Filter: 2528311
Planning time: 0.799 ms
Execution time: 20725.823 ms
