Hash Join  (cost=709678.15..736591.36 rows=273 width=0) (actual time=11219.448..11798.781 rows=147 loops=1)
  Hash Cond: (mi_idx.movie_id = t.id)
  ->  Seq Scan on movie_info_idx mi_idx  (cost=0.00..21735.35 rows=1380035 width=4) (actual time=0.008..339.965 rows=1380035 loops=1)
  ->  Hash  (cost=709671.90..709671.90 rows=500 width=8) (actual time=11210.725..11210.725 rows=177 loops=1)
        Buckets: 1024  Batches: 1  Memory Usage: 15kB
        ->  Nested Loop  (cost=0.43..709671.90 rows=500 width=8) (actual time=5254.494..11210.608 rows=177 loops=1)
              ->  Seq Scan on cast_info ci  (cost=0.00..705507.15 rows=500 width=4) (actual time=5254.348..11198.449 rows=177 loops=1)
                    Filter: (person_id = 2156938)
                    Rows Removed by Filter: 36244167
              ->  Index Only Scan using title_pkey on title t  (cost=0.43..8.32 rows=1 width=4) (actual time=0.067..0.067 rows=1 loops=177)
                    Index Cond: (id = ci.movie_id)
                    Heap Fetches: 177
Planning time: 3.636 ms
Execution time: 11798.915 ms
