Hash Join  (cost=781460.87..1148748.48 rows=263168 width=0) (actual time=14279.760..23002.640 rows=253242 loops=1)
  Hash Cond: (mi.movie_id = t.id)
  ->  Seq Scan on movie_info mi  (cost=0.00..309384.22 rows=14739122 width=4) (actual time=0.016..4727.581 rows=14835720 loops=1)
  ->  Hash  (cost=780896.53..780896.53 rows=45147 width=8) (actual time=14279.324..14279.324 rows=40437 loops=1)
        Buckets: 65536  Batches: 1  Memory Usage: 2092kB
        ->  Hash Join  (cost=68426.36..780896.53 rows=45147 width=8) (actual time=2988.702..14261.941 rows=40437 loops=1)
              Hash Cond: (ci.movie_id = t.id)
              ->  Seq Scan on cast_info ci  (cost=0.00..705507.15 rows=1736414 width=4) (actual time=1933.453..12746.766 rows=1703543 loops=1)
                    Filter: (role_id = 8)
                    Rows Removed by Filter: 34540801
              ->  Hash  (cost=67604.59..67604.59 rows=65742 width=4) (actual time=1054.469..1054.469 rows=63827 loops=1)
                    Buckets: 131072  Batches: 1  Memory Usage: 3268kB
                    ->  Seq Scan on title t  (cost=0.00..67604.59 rows=65742 width=4) (actual time=0.035..1024.782 rows=63827 loops=1)
                          Filter: (production_year = 2013)
                          Rows Removed by Filter: 2464485
Planning time: 0.963 ms
Execution time: 23040.656 ms
