Hash Join  (cost=103781.64..158883.29 rows=43614 width=0) (actual time=2117.395..3415.423 rows=61104 loops=1)
  Hash Cond: (mc.movie_id = t.id)
  ->  Seq Scan on movie_companies mc  (cost=0.00..44881.29 rows=2609129 width=4) (actual time=0.025..671.933 rows=2609129 loops=1)
  ->  Hash  (cost=103253.31..103253.31 rows=42266 width=8) (actual time=2116.893..2116.893 rows=23155 loops=1)
        Buckets: 65536  Batches: 1  Memory Usage: 1417kB
        ->  Hash Join  (cost=71408.55..103253.31 rows=42266 width=8) (actual time=1328.915..2107.735 rows=23155 loops=1)
              Hash Cond: (mi_idx.movie_id = t.id)
              ->  Seq Scan on movie_info_idx mi_idx  (cost=0.00..25185.44 rows=460978 width=4) (actual time=0.024..535.974 rows=459925 loops=1)
                    Filter: (info_type_id = 99)
                    Rows Removed by Filter: 920110
              ->  Hash  (cost=67604.59..67604.59 rows=231837 width=4) (actual time=1327.928..1327.928 rows=231649 loops=1)
                    Buckets: 131072  Batches: 4  Memory Usage: 3076kB
                    ->  Seq Scan on title t  (cost=0.00..67604.59 rows=231837 width=4) (actual time=0.017..1246.535 rows=231649 loops=1)
                          Filter: (production_year > 2011)
                          Rows Removed by Filter: 2296663
Planning time: 1.456 ms
Execution time: 3424.751 ms
