Hash Join  (cost=102767.86..271427.42 rows=3232273 width=0) (actual time=1917.385..6395.737 rows=3222096 loops=1)
  Hash Cond: (mk.movie_id = t.id)
  ->  Seq Scan on movie_keyword mk  (cost=0.00..81003.12 rows=3232273 width=4) (actual time=0.022..1707.254 rows=3222096 loops=1)
        Filter: (keyword_id > 1697)
        Rows Removed by Filter: 1301834
  ->  Hash  (cost=61283.27..61283.27 rows=2528527 width=4) (actual time=1916.234..1916.234 rows=2528312 loops=1)
        Buckets: 131072  Batches: 64  Memory Usage: 2425kB
        ->  Seq Scan on title t  (cost=0.00..61283.27 rows=2528527 width=4) (actual time=0.007..1069.822 rows=2528312 loops=1)
Planning time: 0.695 ms
Execution time: 6752.490 ms
