Seq Scan on movie_companies mc  (cost=0.00..51404.11 rows=470060 width=0) (actual time=0.033..839.230 rows=473682 loops=1)
  Filter: (company_id > 75718)
  Rows Removed by Filter: 2135447
Planning time: 0.249 ms
Execution time: 896.961 ms
