Hash Join  (cost=102767.86..261117.98 rows=2803877 width=0) (actual time=1884.419..6114.409 rows=2791903 loops=1)
  Hash Cond: (mk.movie_id = t.id)
  ->  Seq Scan on movie_keyword mk  (cost=0.00..81003.12 rows=2803877 width=4) (actual time=0.017..1709.618 rows=2791903 loops=1)
        Filter: (keyword_id < 8177)
        Rows Removed by Filter: 1732027
  ->  Hash  (cost=61283.27..61283.27 rows=2528527 width=4) (actual time=1882.847..1882.847 rows=2528312 loops=1)
        Buckets: 131072  Batches: 64  Memory Usage: 2425kB
        ->  Seq Scan on title t  (cost=0.00..61283.27 rows=2528527 width=4) (actual time=0.016..1031.706 rows=2528312 loops=1)
Planning time: 0.670 ms
Execution time: 6458.325 ms
