Hash Join  (cost=67697.55..94648.62 rows=4059 width=0) (actual time=1065.963..1676.319 rows=3255 loops=1)
  Hash Cond: (mi_idx.movie_id = t.id)
  ->  Seq Scan on movie_info_idx mi_idx  (cost=0.00..21735.35 rows=1380035 width=4) (actual time=0.020..344.002 rows=1380035 loops=1)
  ->  Hash  (cost=67604.59..67604.59 rows=7437 width=4) (actual time=1065.637..1065.637 rows=2795 loops=1)
        Buckets: 8192  Batches: 1  Memory Usage: 163kB
        ->  Seq Scan on title t  (cost=0.00..67604.59 rows=7437 width=4) (actual time=0.123..1064.184 rows=2795 loops=1)
              Filter: (production_year = 1937)
              Rows Removed by Filter: 2525517
Planning time: 3.801 ms
Execution time: 1676.998 ms
