Hash Join  (cost=239445.16..1592715.68 rows=26690734 width=0) (actual time=5828.826..53017.111 rows=61067993 loops=1)
  Hash Cond: (ci.movie_id = t.id)
  ->  Seq Scan on cast_info ci  (cost=0.00..614943.12 rows=36225612 width=4) (actual time=0.018..13766.320 rows=36244344 loops=1)
  ->  Hash  (cost=208879.69..208879.69 rows=1862998 width=8) (actual time=5827.591..5827.591 rows=1858016 loops=1)
        Buckets: 131072  Batches: 32  Memory Usage: 3254kB
        ->  Hash Join  (cost=102767.86..208879.69 rows=1862998 width=8) (actual time=1974.814..5296.509 rows=1858016 loops=1)
              Hash Cond: (mc.movie_id = t.id)
              ->  Seq Scan on movie_companies mc  (cost=0.00..51404.11 rows=1862998 width=4) (actual time=0.015..1145.304 rows=1858016 loops=1)
                    Filter: (company_id < 36908)
                    Rows Removed by Filter: 751113
              ->  Hash  (cost=61283.27..61283.27 rows=2528527 width=4) (actual time=1972.868..1972.868 rows=2528312 loops=1)
                    Buckets: 131072  Batches: 64  Memory Usage: 2415kB
                    ->  Seq Scan on title t  (cost=0.00..61283.27 rows=2528527 width=4) (actual time=0.017..1153.323 rows=2528312 loops=1)
Planning time: 1.063 ms
Execution time: 59667.817 ms
