Hash Join  (cost=83073.10..109983.93 rows=35 width=0) (actual time=1439.845..1990.246 rows=234 loops=1)
  Hash Cond: (mi_idx.movie_id = t.id)
  ->  Seq Scan on movie_info_idx mi_idx  (cost=0.00..21735.35 rows=1380035 width=4) (actual time=0.014..299.820 rows=1380035 loops=1)
  ->  Hash  (cost=83072.29..83072.29 rows=65 width=8) (actual time=1438.980..1438.980 rows=88 loops=1)
        Buckets: 1024  Batches: 1  Memory Usage: 12kB
        ->  Nested Loop  (cost=0.43..83072.29 rows=65 width=8) (actual time=14.347..1438.827 rows=88 loops=1)
              ->  Seq Scan on movie_keyword mk  (cost=0.00..81003.12 rows=246 width=4) (actual time=14.274..1433.302 rows=135 loops=1)
                    Filter: (keyword_id = 5705)
                    Rows Removed by Filter: 4523795
              ->  Index Scan using title_pkey on title t  (cost=0.43..8.40 rows=1 width=4) (actual time=0.036..0.037 rows=1 loops=135)
                    Index Cond: (id = mk.movie_id)
                    Filter: (kind_id < 2)
                    Rows Removed by Filter: 0
Planning time: 1.210 ms
Execution time: 1990.449 ms
