Hash Join  (cost=123946.90..211471.66 rows=86672 width=0) (actual time=2700.246..4533.577 rows=677011 loops=1)
  Hash Cond: (mk.movie_id = t.id)
  ->  Seq Scan on movie_keyword mk  (cost=0.00..69693.30 rows=4523930 width=4) (actual time=0.015..881.019 rows=4523930 loops=1)
  ->  Hash  (cost=123341.37..123341.37 rows=48443 width=8) (actual time=2699.737..2699.737 rows=39399 loops=1)
        Buckets: 65536  Batches: 1  Memory Usage: 2052kB
        ->  Hash Join  (cost=68191.41..123341.37 rows=48443 width=8) (actual time=1221.812..2683.611 rows=39399 loops=1)
              Hash Cond: (mc.movie_id = t.id)
              ->  Seq Scan on movie_companies mc  (cost=0.00..44881.29 rows=2609129 width=4) (actual time=0.007..716.000 rows=2609129 loops=1)
              ->  Hash  (cost=67604.59..67604.59 rows=46946 width=4) (actual time=1221.514..1221.514 rows=46583 loops=1)
                    Buckets: 65536  Batches: 1  Memory Usage: 2150kB
                    ->  Seq Scan on title t  (cost=0.00..67604.59 rows=46946 width=4) (actual time=0.023..1201.840 rows=46583 loops=1)
                          Filter: (production_year = 1998)
                          Rows Removed by Filter: 2481729
Planning time: 0.842 ms
Execution time: 4611.545 ms
