Hash Join  (cost=108074.61..164709.32 rows=24456 width=0) (actual time=2196.954..3348.829 rows=64921 loops=1)
  Hash Cond: (mc.movie_id = t.id)
  ->  Seq Scan on movie_companies mc  (cost=0.00..51404.11 rows=1329612 width=4) (actual time=51.803..884.792 rows=1334883 loops=1)
        Filter: (company_type_id > 1)
        Rows Removed by Filter: 1274246
  ->  Hash  (cost=107493.28..107493.28 rows=46507 width=8) (actual time=2144.735..2144.735 rows=51108 loops=1)
        Buckets: 65536  Batches: 1  Memory Usage: 2509kB
        ->  Hash Join  (cost=69002.72..107493.28 rows=46507 width=8) (actual time=1187.361..2127.310 rows=51108 loops=1)
              Hash Cond: (mi_idx.movie_id = t.id)
              ->  Seq Scan on movie_info_idx mi_idx  (cost=0.00..21735.35 rows=1380035 width=4) (actual time=0.023..478.624 rows=1380035 loops=1)
              ->  Hash  (cost=67604.59..67604.59 rows=85211 width=4) (actual time=1186.646..1186.646 rows=84593 loops=1)
                    Buckets: 131072  Batches: 2  Memory Usage: 2518kB
                    ->  Seq Scan on title t  (cost=0.00..67604.59 rows=85211 width=4) (actual time=0.019..1153.685 rows=84593 loops=1)
                          Filter: (production_year = 2004)
                          Rows Removed by Filter: 2443719
Planning time: 1.170 ms
Execution time: 3358.197 ms
