Seq Scan on movie_companies mc  (cost=0.00..51404.11 rows=1999009 width=0) (actual time=0.034..1014.812 rows=1994747 loops=1)
  Filter: (company_id < 63654)
  Rows Removed by Filter: 614382
Planning time: 0.317 ms
Execution time: 1267.215 ms
