Seq Scan on movie_keyword mk  (cost=0.00..81003.12 rows=246 width=0) (actual time=27.249..1310.174 rows=57 loops=1)
  Filter: (keyword_id = 28672)
  Rows Removed by Filter: 4523873
Planning time: 0.252 ms
Execution time: 1310.322 ms
