Hash Join  (cost=167144.65..946041.90 rows=853585 width=0) (actual time=10649.674..20789.623 rows=5548947 loops=1)
  Hash Cond: (ci.movie_id = t.id)
  ->  Seq Scan on cast_info ci  (cost=0.00..705507.15 rows=5475798 width=4) (actual time=6455.111..12491.226 rows=5550762 loops=1)
        Filter: (person_id > 3098339)
        Rows Removed by Filter: 30693582
  ->  Hash  (cost=160677.72..160677.72 rows=394155 width=8) (actual time=4193.454..4193.454 rows=948271 loops=1)
        Buckets: 131072 (originally 131072)  Batches: 16 (originally 8)  Memory Usage: 3333kB
        ->  Hash Join  (cost=80193.64..160677.72 rows=394155 width=8) (actual time=1395.901..3906.111 rows=948271 loops=1)
              Hash Cond: (mc.movie_id = t.id)
              ->  Seq Scan on movie_companies mc  (cost=0.00..44881.29 rows=2609129 width=4) (actual time=0.025..943.940 rows=2609129 loops=1)
              ->  Hash  (cost=73925.90..73925.90 rows=381979 width=4) (actual time=1394.907..1394.907 rows=440029 loops=1)
                    Buckets: 131072  Batches: 8  Memory Usage: 2968kB
                    ->  Seq Scan on title t  (cost=0.00..73925.90 rows=381979 width=4) (actual time=0.022..1253.835 rows=440029 loops=1)
                          Filter: ((production_year < 2006) AND (kind_id = 1))
                          Rows Removed by Filter: 2088283
Planning time: 1.124 ms
Execution time: 21418.901 ms
