Hash Join  (cost=809063.19..2861230.15 rows=74635226 width=0) (actual time=18803.328..66283.088 rows=60254377 loops=1)
  Hash Cond: (ci.movie_id = t.id)
  ->  Seq Scan on cast_info ci  (cost=0.00..796071.18 rows=22092764 width=4) (actual time=0.024..18959.800 rows=22972924 loops=1)
        Filter: ((person_id > 206817) AND (role_id > 1))
        Rows Removed by Filter: 13271420
  ->  Hash  (cost=668919.74..668919.74 rows=8542036 width=8) (actual time=18800.644..18800.644 rows=3937344 loops=1)
        Buckets: 131072  Batches: 128  Memory Usage: 2189kB
        ->  Hash Join  (cost=97968.46..668919.74 rows=8542036 width=8) (actual time=2438.173..17732.486 rows=3937344 loops=1)
              Hash Cond: (mi.movie_id = t.id)
              ->  Seq Scan on movie_info mi  (cost=0.00..309384.22 rows=14739122 width=4) (actual time=0.018..5860.041 rows=14835720 loops=1)
              ->  Hash  (cost=73925.90..73925.90 rows=1465404 width=4) (actual time=2370.772..2370.772 rows=1478439 loops=1)
                    Buckets: 131072  Batches: 32  Memory Usage: 2656kB
                    ->  Seq Scan on title t  (cost=0.00..73925.90 rows=1465404 width=4) (actual time=294.797..1556.545 rows=1478439 loops=1)
                          Filter: ((production_year > 1914) AND (kind_id = 7))
                          Rows Removed by Filter: 1049873
Planning time: 1.240 ms
Execution time: 73035.808 ms
