Hash Join  (cost=204157.50..735579.55 rows=4837412 width=0) (actual time=4474.007..21640.393 rows=15741368 loops=1)
  Hash Cond: (mi.movie_id = t.id)
  ->  Seq Scan on movie_info mi  (cost=0.00..309384.22 rows=14739122 width=4) (actual time=0.017..5779.111 rows=14835720 loops=1)
  ->  Hash  (cost=190542.15..190542.15 rows=829868 width=8) (actual time=4473.175..4473.175 rows=1042414 loops=1)
        Buckets: 131072  Batches: 16  Memory Usage: 3584kB
        ->  Hash Join  (cost=102767.86..190542.15 rows=829868 width=8) (actual time=1877.466..4171.034 rows=1042414 loops=1)
              Hash Cond: (mc.movie_id = t.id)
              ->  Seq Scan on movie_companies mc  (cost=0.00..57926.93 rows=829868 width=4) (actual time=0.027..1033.263 rows=1042414 loops=1)
                    Filter: ((company_id > 4414) AND (company_type_id = 2))
                    Rows Removed by Filter: 1566715
              ->  Hash  (cost=61283.27..61283.27 rows=2528527 width=4) (actual time=1875.388..1875.388 rows=2528312 loops=1)
                    Buckets: 131072  Batches: 64  Memory Usage: 2415kB
                    ->  Seq Scan on title t  (cost=0.00..61283.27 rows=2528527 width=4) (actual time=0.021..1054.026 rows=2528312 loops=1)
Planning time: 1.183 ms
Execution time: 23300.270 ms
