Seq Scan on movie_companies mc  (cost=0.00..57926.93 rows=1174622 width=0) (actual time=0.023..1173.513 rows=1274246 loops=1)
  Filter: ((company_id < 109202) AND (company_type_id < 2))
  Rows Removed by Filter: 1334883
Planning time: 0.310 ms
Execution time: 1327.366 ms
