Seq Scan on cast_info ci  (cost=0.00..796071.18 rows=64 width=0) (actual time=11045.544..12511.515 rows=300 loops=1)
  Filter: ((role_id > 9) AND (person_id = 2486665))
  Rows Removed by Filter: 36244044
Planning time: 0.397 ms
Execution time: 12511.709 ms
