Hash Join  (cost=112623.46..467121.94 rows=3664 width=0) (actual time=1692.947..7508.933 rows=102504 loops=1)
  Hash Cond: (mi.movie_id = t.id)
  ->  Seq Scan on movie_info mi  (cost=0.00..346232.03 rows=2194617 width=4) (actual time=89.534..5570.179 rows=2233850 loops=1)
        Filter: (info_type_id > 16)
        Rows Removed by Filter: 12601870
  ->  Hash  (cost=112570.69..112570.69 rows=4222 width=8) (actual time=1550.385..1550.385 rows=3351 loops=1)
        Buckets: 8192  Batches: 1  Memory Usage: 195kB
        ->  Nested Loop  (cost=0.43..112570.69 rows=4222 width=8) (actual time=0.823..1547.982 rows=3351 loops=1)
              ->  Seq Scan on movie_keyword mk  (cost=0.00..81003.12 rows=4222 width=4) (actual time=0.738..1366.011 rows=3351 loops=1)
                    Filter: (keyword_id = 571)
                    Rows Removed by Filter: 4520579
              ->  Index Only Scan using title_pkey on title t  (cost=0.43..7.47 rows=1 width=4) (actual time=0.053..0.053 rows=1 loops=3351)
                    Index Cond: (id = mk.movie_id)
                    Heap Fetches: 3351
Planning time: 1.048 ms
Execution time: 7523.023 ms
