Seq Scan on title t  (cost=0.00..67604.59 rows=2448794 width=0) (actual time=0.021..1281.386 rows=2446783 loops=1)
  Filter: (production_year > 1901)
  Rows Removed by Filter: 81529
Planning time: 0.314 ms
Execution time: 1596.303 ms
