Seq Scan on cast_info ci  (cost=0.00..705507.15 rows=32900417 width=0) (actual time=0.025..13743.845 rows=33036260 loops=1)
  Filter: (person_id > 310199)
  Rows Removed by Filter: 3208084
Planning time: 0.331 ms
Execution time: 17826.230 ms
