Hash Join  (cost=128753.29..493681.79 rows=27257 width=0) (actual time=2465.291..8789.379 rows=53011 loops=1)
  Hash Cond: (mi.movie_id = t.id)
  ->  Seq Scan on movie_info mi  (cost=0.00..309384.22 rows=14739122 width=4) (actual time=0.017..3523.196 rows=14835720 loops=1)
  ->  Hash  (cost=128694.84..128694.84 rows=4676 width=8) (actual time=2382.944..2382.944 rows=6349 loops=1)
        Buckets: 8192  Batches: 1  Memory Usage: 313kB
        ->  Hash Join  (cost=73982.55..128694.84 rows=4676 width=8) (actual time=1472.231..2380.566 rows=6349 loops=1)
              Hash Cond: (mc.movie_id = t.id)
              ->  Seq Scan on movie_companies mc  (cost=0.00..44881.29 rows=2609129 width=4) (actual time=0.019..641.176 rows=2609129 loops=1)
              ->  Hash  (cost=73925.90..73925.90 rows=4532 width=4) (actual time=1124.789..1124.789 rows=14720 loops=1)
                    Buckets: 16384 (originally 8192)  Batches: 1 (originally 1)  Memory Usage: 646kB
                    ->  Seq Scan on title t  (cost=0.00..73925.90 rows=4532 width=4) (actual time=258.632..1118.079 rows=14720 loops=1)
                          Filter: ((kind_id = 7) AND (production_year = 1992))
                          Rows Removed by Filter: 2513592
Planning time: 1.199 ms
Execution time: 8796.367 ms
