Seq Scan on title t  (cost=0.00..73925.90 rows=474554 width=0) (actual time=0.020..1348.499 rows=337207 loops=1)
  Filter: ((kind_id > 1) AND (production_year < 1988))
  Rows Removed by Filter: 2191105
Planning time: 0.359 ms
Execution time: 1392.985 ms
