Hash Join  (cost=227088.91..313892.76 rows=852633 width=0) (actual time=4308.987..8471.599 rows=6720095 loops=1)
  Hash Cond: (mc.movie_id = t.id)
  ->  Seq Scan on movie_companies mc  (cost=0.00..44881.29 rows=2609129 width=4) (actual time=0.020..1080.552 rows=2609129 loops=1)
  ->  Hash  (cost=213532.24..213532.24 rows=826293 width=8) (actual time=4307.605..4307.605 rows=834648 loops=1)
        Buckets: 131072  Batches: 16  Memory Usage: 3101kB
        ->  Hash Join  (cost=102767.86..213532.24 rows=826293 width=8) (actual time=1961.422..4117.159 rows=834648 loops=1)
              Hash Cond: (mk.movie_id = t.id)
              ->  Seq Scan on movie_keyword mk  (cost=0.00..81003.12 rows=826293 width=4) (actual time=8.700..1286.081 rows=834648 loops=1)
                    Filter: (keyword_id > 22049)
                    Rows Removed by Filter: 3689282
              ->  Hash  (cost=61283.27..61283.27 rows=2528527 width=4) (actual time=1951.983..1951.983 rows=2528312 loops=1)
                    Buckets: 131072  Batches: 64  Memory Usage: 2425kB
                    ->  Seq Scan on title t  (cost=0.00..61283.27 rows=2528527 width=4) (actual time=0.017..1081.552 rows=2528312 loops=1)
Planning time: 1.115 ms
Execution time: 9244.433 ms
