Hash Join  (cost=365418.15..1350700.31 rows=8907715 width=0) (actual time=10235.827..29099.099 rows=19746966 loops=1)
  Hash Cond: (ci.movie_id = t.id)
  ->  Seq Scan on cast_info ci  (cost=0.00..796071.18 rows=4978724 width=4) (actual time=1288.265..12550.985 rows=2969743 loops=1)
        Filter: ((person_id < 1447606) AND (role_id > 3))
        Rows Removed by Filter: 33274601
  ->  Hash  (cost=291197.02..291197.02 rows=4523930 width=8) (actual time=8946.014..8946.014 rows=4523930 loops=1)
        Buckets: 131072  Batches: 64  Memory Usage: 3816kB
        ->  Hash Join  (cost=102767.86..291197.02 rows=4523930 width=8) (actual time=2232.491..7705.702 rows=4523930 loops=1)
              Hash Cond: (mk.movie_id = t.id)
              ->  Seq Scan on movie_keyword mk  (cost=0.00..69693.30 rows=4523930 width=4) (actual time=0.025..1378.832 rows=4523930 loops=1)
              ->  Hash  (cost=61283.27..61283.27 rows=2528527 width=4) (actual time=2231.385..2231.385 rows=2528312 loops=1)
                    Buckets: 131072  Batches: 64  Memory Usage: 2425kB
                    ->  Seq Scan on title t  (cost=0.00..61283.27 rows=2528527 width=4) (actual time=0.015..1047.675 rows=2528312 loops=1)
Planning time: 1.099 ms
Execution time: 31386.921 ms
