Hash Join  (cost=52284.99..79199.29 rows=19 width=0) (actual time=932.562..1502.248 rows=116 loops=1)
  Hash Cond: (mi_idx.movie_id = t.id)
  ->  Seq Scan on movie_info_idx mi_idx  (cost=0.00..25185.44 rows=460978 width=4) (actual time=0.027..518.483 rows=459925 loops=1)
        Filter: (info_type_id < 100)
        Rows Removed by Filter: 920110
  ->  Hash  (cost=52283.69..52283.69 rows=104 width=8) (actual time=918.527..918.527 rows=431 loops=1)
        Buckets: 1024  Batches: 1  Memory Usage: 25kB
        ->  Nested Loop  (cost=0.43..52283.69 rows=104 width=8) (actual time=9.336..918.309 rows=431 loops=1)
              ->  Seq Scan on movie_companies mc  (cost=0.00..51404.11 rows=104 width=4) (actual time=9.286..903.769 rows=431 loops=1)
                    Filter: (company_id = 5616)
                    Rows Removed by Filter: 2608698
              ->  Index Only Scan using title_pkey on title t  (cost=0.43..8.45 rows=1 width=4) (actual time=0.032..0.033 rows=1 loops=431)
                    Index Cond: (id = mc.movie_id)
                    Heap Fetches: 431
Planning time: 1.173 ms
Execution time: 1502.421 ms
