Seq Scan on cast_info ci  (cost=0.00..705507.15 rows=500 width=0) (actual time=10807.700..11409.415 rows=843 loops=1)
  Filter: (person_id = 2671558)
  Rows Removed by Filter: 36243501
Planning time: 0.449 ms
Execution time: 11409.626 ms
