Nested Loop  (cost=0.43..132180.54 rows=252 width=0) (actual time=657.963..1517.070 rows=119 loops=1)
  ->  Seq Scan on movie_keyword mk  (cost=0.00..81003.12 rows=7389 width=4) (actual time=0.325..1270.957 rows=7704 loops=1)
        Filter: (keyword_id = 797)
        Rows Removed by Filter: 4516226
  ->  Index Scan using title_pkey on title t  (cost=0.43..6.92 rows=1 width=4) (actual time=0.031..0.031 rows=0 loops=7704)
        Index Cond: (id = mk.movie_id)
        Filter: ((kind_id = 7) AND (production_year = 2010))
        Rows Removed by Filter: 1
Planning time: 1.793 ms
Execution time: 1517.237 ms
