Hash Join  (cost=420758.30..1171590.30 rows=4280 width=0) (actual time=5536.294..22207.174 rows=990322 loops=1)
  Hash Cond: (ci.movie_id = t.id)
  ->  Seq Scan on cast_info ci  (cost=0.00..614943.12 rows=36225612 width=4) (actual time=0.016..8983.316 rows=36244344 loops=1)
  ->  Hash  (cost=420754.56..420754.56 rows=299 width=8) (actual time=5536.190..5536.190 rows=8200 loops=1)
        Buckets: 16384 (originally 1024)  Batches: 1 (originally 1)  Memory Usage: 449kB
        ->  Hash Join  (cost=74452.28..420754.56 rows=299 width=8) (actual time=4476.662..5533.623 rows=8200 loops=1)
              Hash Cond: (mi.movie_id = t.id)
              ->  Seq Scan on movie_info mi  (cost=0.00..346232.03 rows=17937 width=4) (actual time=3221.099..4411.092 rows=147487 loops=1)
                    Filter: (info_type_id = 107)
                    Rows Removed by Filter: 14688233
              ->  Hash  (cost=73925.90..73925.90 rows=42110 width=4) (actual time=1094.867..1094.867 rows=33905 loops=1)
                    Buckets: 65536  Batches: 1  Memory Usage: 1704kB
                    ->  Seq Scan on title t  (cost=0.00..73925.90 rows=42110 width=4) (actual time=0.050..1080.240 rows=33905 loops=1)
                          Filter: ((kind_id < 7) AND (production_year = 2006))
                          Rows Removed by Filter: 2494407
Planning time: 0.882 ms
Execution time: 22335.811 ms
