Hash Join  (cost=73994.33..825567.74 rows=78425 width=0) (actual time=1158.155..18084.244 rows=64311 loops=1)
  Hash Cond: (ci.movie_id = t.id)
  ->  Seq Scan on cast_info ci  (cost=0.00..614943.12 rows=36225612 width=4) (actual time=0.015..8544.853 rows=36244344 loops=1)
  ->  Hash  (cost=73925.90..73925.90 rows=5474 width=4) (actual time=1157.851..1157.851 rows=6736 loops=1)
        Buckets: 8192  Batches: 1  Memory Usage: 301kB
        ->  Seq Scan on title t  (cost=0.00..73925.90 rows=5474 width=4) (actual time=0.114..1154.469 rows=6736 loops=1)
              Filter: ((kind_id > 1) AND (production_year = 1958))
              Rows Removed by Filter: 2521576
Planning time: 0.715 ms
Execution time: 18096.248 ms
