Hash Join  (cost=82423.69..432458.05 rows=6407 width=0) (actual time=5844.541..7012.501 rows=41404 loops=1)
  Hash Cond: (mi.movie_id = t.id)
  ->  Seq Scan on movie_info mi  (cost=0.00..346232.03 rows=17937 width=4) (actual time=4335.171..4867.646 rows=147487 loops=1)
        Filter: (info_type_id = 107)
        Rows Removed by Filter: 14688233
  ->  Hash  (cost=67604.59..67604.59 rows=903208 width=4) (actual time=1380.240..1380.240 rows=904491 loops=1)
        Buckets: 131072  Batches: 16  Memory Usage: 3017kB
        ->  Seq Scan on title t  (cost=0.00..67604.59 rows=903208 width=4) (actual time=0.030..1085.440 rows=904491 loops=1)
              Filter: (production_year > 2006)
              Rows Removed by Filter: 1623821
Planning time: 0.758 ms
Execution time: 7017.617 ms
