Hash Join  (cost=93117.31..1185073.21 rows=9399099 width=0) (actual time=4603.511..27164.409 rows=7850207 loops=1)
  Hash Cond: (ci.movie_id = t.id)
  ->  Seq Scan on cast_info ci  (cost=0.00..796071.18 rows=15283345 width=4) (actual time=2851.785..15765.633 rows=13577638 loops=1)
        Filter: ((person_id > 1592605) AND (role_id < 6))
        Rows Removed by Filter: 22666706
  ->  Hash  (cost=67604.59..67604.59 rows=1555018 width=4) (actual time=1750.635..1750.635 rows=1551727 loops=1)
        Buckets: 131072  Batches: 32  Memory Usage: 2728kB
        ->  Seq Scan on title t  (cost=0.00..67604.59 rows=1555018 width=4) (actual time=0.028..1241.074 rows=1551727 loops=1)
              Filter: (production_year < 2007)
              Rows Removed by Filter: 976585
Planning time: 1.898 ms
Execution time: 28057.836 ms
