Seq Scan on cast_info ci  (cost=0.00..796071.18 rows=8037235 width=0) (actual time=3241.443..13846.575 rows=4476623 loops=1)
  Filter: ((person_id < 3098462) AND (role_id > 4))
  Rows Removed by Filter: 31767721
Planning time: 0.351 ms
Execution time: 14406.625 ms
