Hash Join  (cost=107924.17..170354.76 rows=1341306 width=0) (actual time=2911.148..4841.464 rows=1379852 loops=1)
  Hash Cond: (mi_idx.movie_id = t.id)
  ->  Seq Scan on movie_info_idx mi_idx  (cost=0.00..21735.35 rows=1380035 width=4) (actual time=0.026..444.766 rows=1380035 loops=1)
  ->  Hash  (cost=67604.59..67604.59 rows=2457567 width=4) (actual time=2909.922..2909.922 rows=2452703 loops=1)
        Buckets: 131072  Batches: 64  Memory Usage: 2374kB
        ->  Seq Scan on title t  (cost=0.00..67604.59 rows=2457567 width=4) (actual time=0.020..1406.862 rows=2452703 loops=1)
              Filter: (production_year < 2014)
              Rows Removed by Filter: 75609
Planning time: 0.728 ms
Execution time: 4998.677 ms
