Hash Join  (cost=74207.10..440174.35 rows=131132 width=0) (actual time=1142.675..9091.344 rows=212994 loops=1)
  Hash Cond: (mi.movie_id = t.id)
  ->  Seq Scan on movie_info mi  (cost=0.00..309384.22 rows=14739122 width=4) (actual time=0.013..4602.352 rows=14835720 loops=1)
  ->  Hash  (cost=73925.90..73925.90 rows=22496 width=4) (actual time=1050.068..1050.068 rows=13050 loops=1)
        Buckets: 32768  Batches: 1  Memory Usage: 715kB
        ->  Seq Scan on title t  (cost=0.00..73925.90 rows=22496 width=4) (actual time=235.712..1044.111 rows=13050 loops=1)
              Filter: ((kind_id < 2) AND (production_year = 2004))
              Rows Removed by Filter: 2515262
Planning time: 2.162 ms
Execution time: 9123.151 ms
