Hash Join  (cost=87245.25..243225.54 rows=2042213 width=0) (actual time=1641.281..6516.257 rows=2617442 loops=1)
  Hash Cond: (mk.movie_id = t.id)
  ->  Seq Scan on movie_keyword mk  (cost=0.00..81003.12 rows=4313609 width=4) (actual time=0.025..1728.611 rows=4298306 loops=1)
        Filter: (keyword_id > 178)
        Rows Removed by Filter: 225624
  ->  Hash  (cost=67604.59..67604.59 rows=1197093 width=4) (actual time=1640.207..1640.207 rows=1195923 loops=1)
        Buckets: 131072  Batches: 16  Memory Usage: 3661kB
        ->  Seq Scan on title t  (cost=0.00..67604.59 rows=1197093 width=4) (actual time=0.005..1259.016 rows=1195923 loops=1)
              Filter: (production_year < 2003)
              Rows Removed by Filter: 1332389
Planning time: 0.709 ms
Execution time: 6794.801 ms
