Hash Join  (cost=112436.21..189047.85 rows=113312 width=0) (actual time=2291.446..4224.683 rows=398944 loops=1)
  Hash Cond: (mc.movie_id = t.id)
  ->  Seq Scan on movie_companies mc  (cost=0.00..44881.29 rows=2609129 width=4) (actual time=0.007..900.990 rows=2609129 loops=1)
  ->  Hash  (cost=110634.56..110634.56 rows=109812 width=8) (actual time=2290.543..2290.543 rows=113386 loops=1)
        Buckets: 131072  Batches: 2  Memory Usage: 3237kB
        ->  Hash Join  (cost=72583.38..110634.56 rows=109812 width=8) (actual time=1189.663..2255.683 rows=113386 loops=1)
              Hash Cond: (mi_idx.movie_id = t.id)
              ->  Seq Scan on movie_info_idx mi_idx  (cost=0.00..25185.44 rows=915101 width=4) (actual time=0.020..609.305 rows=919850 loops=1)
                    Filter: (info_type_id < 101)
                    Rows Removed by Filter: 460185
              ->  Hash  (cost=67604.59..67604.59 rows=303423 width=4) (actual time=1188.500..1188.500 rows=296471 loops=1)
                    Buckets: 131072  Batches: 4  Memory Usage: 3625kB
                    ->  Seq Scan on title t  (cost=0.00..67604.59 rows=303423 width=4) (actual time=0.020..1089.686 rows=296471 loops=1)
                          Filter: (production_year < 1965)
                          Rows Removed by Filter: 2231841
Planning time: 1.177 ms
Execution time: 4273.930 ms
