Hash Join  (cost=420382.80..1175820.29 rows=464833 width=0) (actual time=5786.721..24359.834 rows=642152 loops=1)
  Hash Cond: (ci.movie_id = t.id)
  ->  Seq Scan on cast_info ci  (cost=0.00..614943.12 rows=36225612 width=4) (actual time=0.021..8202.883 rows=36244344 loops=1)
  ->  Hash  (cost=419977.24..419977.24 rows=32445 width=8) (actual time=5786.371..5786.371 rows=30903 loops=1)
        Buckets: 32768  Batches: 1  Memory Usage: 1464kB
        ->  Hash Join  (cost=68365.25..419977.24 rows=32445 width=8) (actual time=2352.070..5778.045 rows=30903 loops=1)
              Hash Cond: (mi.movie_id = t.id)
              ->  Seq Scan on movie_info mi  (cost=0.00..346232.03 rows=1348138 width=4) (actual time=1906.315..5088.367 rows=1298989 loops=1)
                    Filter: (info_type_id = 4)
                    Rows Removed by Filter: 13536731
              ->  Hash  (cost=67604.59..67604.59 rows=60853 width=4) (actual time=445.261..445.261 rows=62568 loops=1)
                    Buckets: 65536  Batches: 1  Memory Usage: 2712kB
                    ->  Seq Scan on title t  (cost=0.00..67604.59 rows=60853 width=4) (actual time=0.053..427.991 rows=62568 loops=1)
                          Filter: (production_year = 2002)
                          Rows Removed by Filter: 2465744
Planning time: 1.296 ms
Execution time: 24453.886 ms
