Hash Join  (cost=156649.15..278770.79 rows=539231 width=0) (actual time=3284.799..7549.855 rows=2283705 loops=1)
  Hash Cond: (mk.movie_id = t.id)
  ->  Seq Scan on movie_keyword mk  (cost=0.00..81003.12 rows=2932589 width=4) (actual time=0.025..1731.563 rows=2924812 loops=1)
        Filter: (keyword_id > 2468)
        Rows Removed by Filter: 1599118
  ->  Hash  (cost=149020.47..149020.47 rows=464934 width=8) (actual time=3283.866..3283.866 rows=460185 loops=1)
        Buckets: 131072  Batches: 8  Memory Usage: 3286kB
        ->  Hash Join  (cost=102767.86..149020.47 rows=464934 width=8) (actual time=1824.535..3137.941 rows=460185 loops=1)
              Hash Cond: (mi_idx.movie_id = t.id)
              ->  Seq Scan on movie_info_idx mi_idx  (cost=0.00..25185.44 rows=464934 width=4) (actual time=0.022..443.656 rows=460185 loops=1)
                    Filter: (info_type_id > 100)
                    Rows Removed by Filter: 919850
              ->  Hash  (cost=61283.27..61283.27 rows=2528527 width=4) (actual time=1823.034..1823.034 rows=2528312 loops=1)
                    Buckets: 131072  Batches: 64  Memory Usage: 2415kB
                    ->  Seq Scan on title t  (cost=0.00..61283.27 rows=2528527 width=4) (actual time=0.004..1016.913 rows=2528312 loops=1)
Planning time: 1.127 ms
Execution time: 7820.433 ms
