Seq Scan on movie_companies mc  (cost=0.00..57926.93 rows=3014 width=0) (actual time=363.336..968.724 rows=2423 loops=1)
  Filter: ((company_type_id > 1) AND (company_id = 73))
  Rows Removed by Filter: 2606706
Planning time: 0.357 ms
Execution time: 969.341 ms
