Hash Join  (cost=101234.48..911215.70 rows=12745 width=0) (actual time=5228.501..18322.060 rows=42622 loops=1)
  Hash Cond: (ci.movie_id = t.id)
  ->  Seq Scan on cast_info ci  (cost=0.00..796071.18 rows=3675358 width=4) (actual time=3509.557..15790.862 rows=4008037 loops=1)
        Filter: ((person_id < 3506515) AND (role_id = 3))
        Rows Removed by Filter: 32236307
  ->  Hash  (cost=101124.88..101124.88 rows=8768 width=8) (actual time=1718.581..1718.581 rows=15031 loops=1)
        Buckets: 16384  Batches: 1  Memory Usage: 716kB
        ->  Hash Join  (cost=74126.72..101124.88 rows=8768 width=8) (actual time=1100.221..1713.596 rows=15031 loops=1)
              Hash Cond: (mi_idx.movie_id = t.id)
              ->  Seq Scan on movie_info_idx mi_idx  (cost=0.00..21735.35 rows=1380035 width=4) (actual time=0.019..324.247 rows=1380035 loops=1)
              ->  Hash  (cost=73925.90..73925.90 rows=16065 width=4) (actual time=1100.064..1100.064 rows=9704 loops=1)
                    Buckets: 16384  Batches: 1  Memory Usage: 470kB
                    ->  Seq Scan on title t  (cost=0.00..73925.90 rows=16065 width=4) (actual time=283.767..1095.603 rows=9704 loops=1)
                          Filter: ((kind_id < 2) AND (production_year = 2002))
                          Rows Removed by Filter: 2518608
Planning time: 1.197 ms
Execution time: 18328.677 ms
