Seq Scan on cast_info ci  (cost=0.00..705507.15 rows=18850183 width=0) (actual time=2342.060..12780.628 rows=18981056 loops=1)
  Filter: (person_id > 1705013)
  Rows Removed by Filter: 17263288
Planning time: 0.340 ms
Execution time: 15139.089 ms
