Hash Join  (cost=95162.59..655476.37 rows=7545085 width=0) (actual time=2483.638..16009.498 rows=3370380 loops=1)
  Hash Cond: (mi.movie_id = t.id)
  ->  Seq Scan on movie_info mi  (cost=0.00..309384.22 rows=14739122 width=4) (actual time=0.008..6209.712 rows=14835720 loops=1)
  ->  Hash  (cost=73925.90..73925.90 rows=1294375 width=4) (actual time=1965.223..1965.223 rows=1374286 loops=1)
        Buckets: 131072  Batches: 32  Memory Usage: 2543kB
        ->  Seq Scan on title t  (cost=0.00..73925.90 rows=1294375 width=4) (actual time=370.485..1515.514 rows=1374286 loops=1)
              Filter: ((production_year > 1967) AND (kind_id = 7))
              Rows Removed by Filter: 1154026
Planning time: 2.019 ms
Execution time: 16375.617 ms
