Hash Join  (cost=92883.59..708436.70 rows=8486462 width=0) (actual time=2332.022..15616.181 rows=3819734 loops=1)
  Hash Cond: (mi.movie_id = t.id)
  ->  Seq Scan on movie_info mi  (cost=0.00..346232.03 rows=13926693 width=4) (actual time=0.018..6232.133 rows=13963496 loops=1)
        Filter: (info_type_id < 98)
        Rows Removed by Filter: 872224
  ->  Hash  (cost=67604.59..67604.59 rows=1540800 width=4) (actual time=1631.280..1631.280 rows=1543264 loops=1)
        Buckets: 131072  Batches: 32  Memory Usage: 2728kB
        ->  Seq Scan on title t  (cost=0.00..67604.59 rows=1540800 width=4) (actual time=14.152..1133.378 rows=1543264 loops=1)
              Filter: (kind_id = 7)
              Rows Removed by Filter: 985048
Planning time: 1.717 ms
Execution time: 16063.236 ms
