Seq Scan on movie_companies mc  (cost=0.00..51404.11 rows=104 width=0) (actual time=2.594..831.320 rows=3 loops=1)
  Filter: (company_id = 70336)
  Rows Removed by Filter: 2609126
Planning time: 0.396 ms
Execution time: 831.390 ms
