Hash Join  (cost=484000.59..625077.65 rows=1227855 width=0) (actual time=9163.124..14092.993 rows=5746722 loops=1)
  Hash Cond: (mk.movie_id = t.id)
  ->  Seq Scan on movie_keyword mk  (cost=0.00..81003.12 rows=3861970 width=4) (actual time=0.018..1849.660 rows=3855545 loops=1)
        Filter: (keyword_id < 28034)
        Rows Removed by Filter: 668385
  ->  Hash  (cost=470810.75..470810.75 rows=803907 width=8) (actual time=9161.800..9161.800 rows=787813 loops=1)
        Buckets: 131072  Batches: 16  Memory Usage: 2973kB
        ->  Hash Join  (cost=78473.92..470810.75 rows=803907 width=8) (actual time=3055.616..8912.834 rows=787813 loops=1)
              Hash Cond: (mi.movie_id = t.id)
              ->  Seq Scan on movie_info mi  (cost=0.00..346232.03 rows=3068194 width=4) (actual time=1783.254..5535.381 rows=3036719 loops=1)
                    Filter: (info_type_id = 16)
                    Rows Removed by Filter: 11799001
              ->  Hash  (cost=67604.59..67604.59 rows=662507 width=4) (actual time=1271.355..1271.355 rows=662065 loops=1)
                    Buckets: 131072  Batches: 16  Memory Usage: 2487kB
                    ->  Seq Scan on title t  (cost=0.00..67604.59 rows=662507 width=4) (actual time=0.042..1061.398 rows=662065 loops=1)
                          Filter: (production_year > 2008)
                          Rows Removed by Filter: 1866247
Planning time: 1.155 ms
Execution time: 14786.426 ms
