Hash Join  (cost=139597.14..248164.18 rows=396316 width=0) (actual time=3321.258..6816.328 rows=3840716 loops=1)
  Hash Cond: (mk.movie_id = t.id)
  ->  Seq Scan on movie_keyword mk  (cost=0.00..81003.12 rows=1858870 width=4) (actual time=0.027..1585.450 rows=1869744 loops=1)
        Filter: (keyword_id < 3155)
        Rows Removed by Filter: 2654186
  ->  Hash  (cost=130752.54..130752.54 rows=539088 width=8) (actual time=3320.369..3320.369 rows=954317 loops=1)
        Buckets: 131072 (originally 131072)  Batches: 16 (originally 8)  Memory Usage: 3370kB
        ->  Hash Join  (cost=83810.17..130752.54 rows=539088 width=8) (actual time=1538.768..3043.243 rows=954317 loops=1)
              Hash Cond: (mi_idx.movie_id = t.id)
              ->  Seq Scan on movie_info_idx mi_idx  (cost=0.00..21735.35 rows=1380035 width=4) (actual time=0.021..423.322 rows=1380035 loops=1)
              ->  Hash  (cost=67604.59..67604.59 rows=987727 width=4) (actual time=1537.899..1537.899 rows=985048 loops=1)
                    Buckets: 131072  Batches: 16  Memory Usage: 3188kB
                    ->  Seq Scan on title t  (cost=0.00..67604.59 rows=987727 width=4) (actual time=0.019..1228.876 rows=985048 loops=1)
                          Filter: (kind_id < 7)
                          Rows Removed by Filter: 1543264
Planning time: 1.132 ms
Execution time: 7269.741 ms
