Seq Scan on cast_info ci  (cost=0.00..796071.18 rows=27126327 width=0) (actual time=0.024..17269.708 rows=26844146 loops=1)
  Filter: ((person_id > 481846) AND (role_id < 10))
  Rows Removed by Filter: 9400198
Planning time: 0.348 ms
Execution time: 20460.279 ms
