Seq Scan on cast_info ci  (cost=0.00..705507.15 rows=36008474 width=0) (actual time=0.027..14246.269 rows=35997374 loops=1)
  Filter: (person_id < 4018405)
  Rows Removed by Filter: 246970
Planning time: 0.344 ms
Execution time: 18791.353 ms
