Seq Scan on cast_info ci  (cost=0.00..796071.18 rows=19127 width=0) (actual time=8591.054..11319.949 rows=176643 loops=1)
  Filter: ((person_id > 3665895) AND (role_id > 10))
  Rows Removed by Filter: 36067701
Planning time: 0.315 ms
Execution time: 11342.426 ms
