Hash Join  (cost=83074.74..109986.57 rows=134 width=0) (actual time=1347.549..1921.650 rows=5502 loops=1)
  Hash Cond: (mi_idx.movie_id = t.id)
  ->  Seq Scan on movie_info_idx mi_idx  (cost=0.00..21735.35 rows=1380035 width=4) (actual time=0.009..304.175 rows=1380035 loops=1)
  ->  Hash  (cost=83071.67..83071.67 rows=246 width=8) (actual time=1347.407..1347.407 rows=2382 loops=1)
        Buckets: 4096 (originally 1024)  Batches: 1 (originally 1)  Memory Usage: 126kB
        ->  Nested Loop  (cost=0.43..83071.67 rows=246 width=8) (actual time=0.057..1345.705 rows=2382 loops=1)
              ->  Seq Scan on movie_keyword mk  (cost=0.00..81003.12 rows=246 width=4) (actual time=0.012..1259.816 rows=2382 loops=1)
                    Filter: (keyword_id = 825)
                    Rows Removed by Filter: 4521548
              ->  Index Only Scan using title_pkey on title t  (cost=0.43..8.40 rows=1 width=4) (actual time=0.035..0.035 rows=1 loops=2382)
                    Index Cond: (id = mk.movie_id)
                    Heap Fetches: 2382
Planning time: 0.766 ms
Execution time: 1922.596 ms
