Seq Scan on movie_companies mc  (cost=0.00..51404.11 rows=741929 width=0) (actual time=0.018..934.756 rows=746644 loops=1)
  Filter: (company_id > 37602)
  Rows Removed by Filter: 1862485
Planning time: 0.319 ms
Execution time: 1027.338 ms
