Hash Join  (cost=83074.74..465942.62 rows=950 width=0) (actual time=1624.020..9000.318 rows=90582 loops=1)
  Hash Cond: (mi.movie_id = t.id)
  ->  Seq Scan on movie_info mi  (cost=0.00..346232.03 rows=9767026 width=4) (actual time=329.836..6243.738 rows=9911754 loops=1)
        Filter: (info_type_id > 4)
        Rows Removed by Filter: 4923966
  ->  Hash  (cost=83071.67..83071.67 rows=246 width=8) (actual time=1275.501..1275.501 rows=1077 loops=1)
        Buckets: 2048 (originally 1024)  Batches: 1 (originally 1)  Memory Usage: 59kB
        ->  Nested Loop  (cost=0.43..83071.67 rows=246 width=8) (actual time=0.640..1274.582 rows=1077 loops=1)
              ->  Seq Scan on movie_keyword mk  (cost=0.00..81003.12 rows=246 width=4) (actual time=0.570..1235.535 rows=1077 loops=1)
                    Filter: (keyword_id = 928)
                    Rows Removed by Filter: 4522853
              ->  Index Only Scan using title_pkey on title t  (cost=0.43..8.40 rows=1 width=4) (actual time=0.035..0.035 rows=1 loops=1077)
                    Index Cond: (id = mk.movie_id)
                    Heap Fetches: 1077
Planning time: 1.163 ms
Execution time: 9013.133 ms
