Hash Join  (cost=73929.13..823438.22 rows=1197 width=0) (actual time=1063.030..14863.564 rows=13381 loops=1)
  Hash Cond: (ci.movie_id = t.id)
  ->  Seq Scan on cast_info ci  (cost=0.00..705507.15 rows=11730658 width=4) (actual time=0.023..11563.058 rows=11627266 loops=1)
        Filter: (person_id < 1144275)
        Rows Removed by Filter: 24617078
  ->  Hash  (cost=73925.90..73925.90 rows=258 width=4) (actual time=1062.756..1062.756 rows=3378 loops=1)
        Buckets: 4096 (originally 1024)  Batches: 1 (originally 1)  Memory Usage: 151kB
        ->  Seq Scan on title t  (cost=0.00..73925.90 rows=258 width=4) (actual time=8.583..1061.001 rows=3378 loops=1)
              Filter: ((kind_id < 7) AND (production_year > 2013))
              Rows Removed by Filter: 2524934
Planning time: 0.736 ms
Execution time: 14867.333 ms
