Seq Scan on movie_companies mc  (cost=0.00..51404.11 rows=307942 width=0) (actual time=415.182..889.238 rows=307907 loops=1)
  Filter: (company_id > 92914)
  Rows Removed by Filter: 2301222
Planning time: 0.321 ms
Execution time: 929.429 ms
