Hash Join  (cost=92883.59..194199.73 rows=1414704 width=0) (actual time=2545.499..4961.161 rows=717308 loops=1)
  Hash Cond: (mc.movie_id = t.id)
  ->  Seq Scan on movie_companies mc  (cost=0.00..51404.11 rows=2321597 width=4) (actual time=0.017..1217.027 rows=2318792 loops=1)
        Filter: (company_id < 94928)
        Rows Removed by Filter: 290337
  ->  Hash  (cost=67604.59..67604.59 rows=1540800 width=4) (actual time=2316.180..2316.180 rows=1543264 loops=1)
        Buckets: 131072  Batches: 32  Memory Usage: 2722kB
        ->  Seq Scan on title t  (cost=0.00..67604.59 rows=1540800 width=4) (actual time=0.015..1253.344 rows=1543264 loops=1)
              Filter: (kind_id = 7)
              Rows Removed by Filter: 985048
Planning time: 0.512 ms
Execution time: 5029.707 ms
