Hash Join  (cost=202220.75..737121.07 rows=3917068 width=0) (actual time=4897.989..21870.026 rows=13490109 loops=1)
  Hash Cond: (mi.movie_id = t.id)
  ->  Seq Scan on movie_info mi  (cost=0.00..346232.03 rows=12665229 width=4) (actual time=0.012..7261.207 rows=12744652 loops=1)
        Filter: (info_type_id > 2)
        Rows Removed by Filter: 2091068
  ->  Hash  (cost=189390.55..189390.55 rows=782016 width=8) (actual time=4894.057..4894.057 rows=1000930 loops=1)
        Buckets: 131072  Batches: 16  Memory Usage: 3482kB
        ->  Hash Join  (cost=102767.86..189390.55 rows=782016 width=8) (actual time=2255.013..4589.858 rows=1000930 loops=1)
              Hash Cond: (mc.movie_id = t.id)
              ->  Seq Scan on movie_companies mc  (cost=0.00..57926.93 rows=782016 width=4) (actual time=0.023..1093.925 rows=1000930 loops=1)
                    Filter: ((company_id > 6626) AND (company_type_id = 2))
                    Rows Removed by Filter: 1608199
              ->  Hash  (cost=61283.27..61283.27 rows=2528527 width=4) (actual time=2206.797..2206.797 rows=2528312 loops=1)
                    Buckets: 131072  Batches: 64  Memory Usage: 2415kB
                    ->  Seq Scan on title t  (cost=0.00..61283.27 rows=2528527 width=4) (actual time=0.020..1230.822 rows=2528312 loops=1)
Planning time: 1.198 ms
Execution time: 23371.121 ms
