Seq Scan on movie_keyword mk  (cost=0.00..81003.12 rows=246 width=0) (actual time=54.083..1292.865 rows=11 loops=1)
  Filter: (keyword_id = 14012)
  Rows Removed by Filter: 4523919
Planning time: 0.259 ms
Execution time: 1292.950 ms
