Seq Scan on cast_info ci  (cost=0.00..705507.15 rows=2246400 width=0) (actual time=384.603..11256.730 rows=2185542 loops=1)
  Filter: (person_id < 213692)
  Rows Removed by Filter: 34058802
Planning time: 0.301 ms
Execution time: 11505.796 ms
