Hash Join  (cost=469969.47..1354473.62 rows=1524810 width=0) (actual time=8278.465..32762.398 rows=15684353 loops=1)
  Hash Cond: (ci.movie_id = t.id)
  ->  Seq Scan on cast_info ci  (cost=0.00..705507.15 rows=14069305 width=4) (actual time=0.026..13536.112 rows=14241593 loops=1)
        Filter: (person_id > 2239722)
        Rows Removed by Filter: 22002751
  ->  Hash  (cost=465473.00..465473.00 rows=274038 width=8) (actual time=8277.560..8277.560 rows=306788 loops=1)
        Buckets: 131072 (originally 131072)  Batches: 8 (originally 4)  Memory Usage: 3891kB
        ->  Hash Join  (cost=102767.86..465473.00 rows=274038 width=8) (actual time=2098.142..8186.094 rows=306788 loops=1)
              Hash Cond: (mi.movie_id = t.id)
              ->  Seq Scan on movie_info mi  (cost=0.00..346232.03 rows=274038 width=4) (actual time=33.132..5495.082 rows=306788 loops=1)
                    Filter: (info_type_id > 105)
                    Rows Removed by Filter: 14528932
              ->  Hash  (cost=61283.27..61283.27 rows=2528527 width=4) (actual time=2009.276..2009.276 rows=2528312 loops=1)
                    Buckets: 131072  Batches: 64  Memory Usage: 2425kB
                    ->  Seq Scan on title t  (cost=0.00..61283.27 rows=2528527 width=4) (actual time=0.020..1132.298 rows=2528312 loops=1)
Planning time: 1.217 ms
Execution time: 34539.345 ms
