Seq Scan on movie_keyword mk  (cost=0.00..81003.12 rows=2157790 width=0) (actual time=0.028..1441.822 rows=2162548 loops=1)
  Filter: (keyword_id < 4142)
  Rows Removed by Filter: 2361382
Planning time: 4.413 ms
Execution time: 1696.324 ms
