Hash Join  (cost=91901.05..526079.50 rows=2280652 width=0) (actual time=3520.569..10903.470 rows=1566768 loops=1)
  Hash Cond: (mi.movie_id = t.id)
  ->  Seq Scan on movie_info mi  (cost=0.00..346232.03 rows=5263441 width=4) (actual time=1820.328..6290.863 rows=5270569 loops=1)
        Filter: (info_type_id > 15)
        Rows Removed by Filter: 9565151
  ->  Hash  (cost=73925.90..73925.90 rows=1095612 width=4) (actual time=1699.169..1699.169 rows=1189548 loops=1)
        Buckets: 131072  Batches: 16  Memory Usage: 3653kB
        ->  Seq Scan on title t  (cost=0.00..73925.90 rows=1095612 width=4) (actual time=0.032..1328.917 rows=1189548 loops=1)
              Filter: ((production_year > 1988) AND (kind_id = 7))
              Rows Removed by Filter: 1338764
Planning time: 0.734 ms
Execution time: 11060.846 ms
