Hash Join  (cost=249466.16..732431.98 rows=5239769 width=0) (actual time=6994.532..20391.408 rows=13610200 loops=1)
  Hash Cond: (mi.movie_id = t.id)
  ->  Seq Scan on movie_info mi  (cost=0.00..346232.03 rows=5897221 width=4) (actual time=346.705..6155.488 rows=5884963 loops=1)
        Filter: (info_type_id < 7)
        Rows Removed by Filter: 8950757
  ->  Hash  (cost=212607.24..212607.24 rows=2246634 width=8) (actual time=6646.914..6646.914 rows=2039834 loops=1)
        Buckets: 131072  Batches: 32  Memory Usage: 3554kB
        ->  Hash Join  (cost=103324.96..212607.24 rows=2246634 width=8) (actual time=2031.637..5985.603 rows=2039834 loops=1)
              Hash Cond: (mc.movie_id = t.id)
              ->  Seq Scan on movie_companies mc  (cost=0.00..44881.29 rows=2609129 width=4) (actual time=0.026..927.990 rows=2609129 loops=1)
              ->  Hash  (cost=67604.59..67604.59 rows=2177230 width=4) (actual time=2030.514..2030.514 rows=2171163 loops=1)
                    Buckets: 131072  Batches: 32  Memory Usage: 3412kB
                    ->  Seq Scan on title t  (cost=0.00..67604.59 rows=2177230 width=4) (actual time=0.023..1330.074 rows=2171163 loops=1)
                          Filter: (production_year > 1963)
                          Rows Removed by Filter: 357149
Planning time: 1.240 ms
Execution time: 22009.346 ms
