Hash Join  (cost=218672.49..1427398.84 rows=17028019 width=0) (actual time=4639.626..46395.396 rows=43345105 loops=1)
  Hash Cond: (ci.movie_id = t.id)
  ->  Seq Scan on cast_info ci  (cost=0.00..614943.12 rows=36225612 width=4) (actual time=0.011..13382.620 rows=36244344 loops=1)
  ->  Hash  (cost=199172.67..199172.67 rows=1188546 width=8) (actual time=4638.699..4638.699 rows=1127374 loops=1)
        Buckets: 131072  Batches: 16  Memory Usage: 3750kB
        ->  Hash Join  (cost=102767.86..199172.67 rows=1188546 width=8) (actual time=1901.482..4344.690 rows=1127374 loops=1)
              Hash Cond: (mc.movie_id = t.id)
              ->  Seq Scan on movie_companies mc  (cost=0.00..57926.93 rows=1188546 width=4) (actual time=0.028..1194.271 rows=1127374 loops=1)
                    Filter: ((company_id > 46) AND (company_type_id = 1))
                    Rows Removed by Filter: 1481755
              ->  Hash  (cost=61283.27..61283.27 rows=2528527 width=4) (actual time=1900.472..1900.472 rows=2528312 loops=1)
                    Buckets: 131072  Batches: 64  Memory Usage: 2415kB
                    ->  Seq Scan on title t  (cost=0.00..61283.27 rows=2528527 width=4) (actual time=0.021..1061.951 rows=2528312 loops=1)
Planning time: 1.121 ms
Execution time: 51122.548 ms
