Seq Scan on movie_keyword mk  (cost=0.00..81003.12 rows=4378852 width=0) (actual time=0.024..1579.947 rows=4380024 loops=1)
  Filter: (keyword_id < 74499)
  Rows Removed by Filter: 143906
Planning time: 0.316 ms
Execution time: 2113.338 ms
