Hash Join  (cost=165346.47..920436.38 rows=430075 width=0) (actual time=3277.670..23148.907 rows=940565 loops=1)
  Hash Cond: (ci.movie_id = t.id)
  ->  Seq Scan on cast_info ci  (cost=0.00..614943.12 rows=36225612 width=4) (actual time=0.016..8881.872 rows=36244344 loops=1)
  ->  Hash  (cost=164971.23..164971.23 rows=30019 width=8) (actual time=3277.422..3277.422 rows=35334 loops=1)
        Buckets: 65536 (originally 32768)  Batches: 1 (originally 1)  Memory Usage: 1893kB
        ->  Hash Join  (cost=104131.46..164971.23 rows=30019 width=8) (actual time=2012.431..3263.431 rows=35334 loops=1)
              Hash Cond: (mc.movie_id = t.id)
              ->  Seq Scan on movie_companies mc  (cost=0.00..51404.11 rows=34093 width=4) (actual time=0.380..865.989 rows=36136 loops=1)
                    Filter: (company_id = 160)
                    Rows Removed by Filter: 2572993
              ->  Hash  (cost=67604.59..67604.59 rows=2226390 width=4) (actual time=1983.334..1983.334 rows=2224569 loops=1)
                    Buckets: 131072  Batches: 32  Memory Usage: 3463kB
                    ->  Seq Scan on title t  (cost=0.00..67604.59 rows=2226390 width=4) (actual time=0.016..1273.509 rows=2224569 loops=1)
                          Filter: (production_year < 2012)
                          Rows Removed by Filter: 303743
Planning time: 1.240 ms
Execution time: 23278.202 ms
