Seq Scan on cast_info ci  (cost=0.00..796071.18 rows=324 width=0) (actual time=10289.343..14231.356 rows=1 loops=1)
  Filter: ((role_id > 1) AND (person_id = 2863730))
  Rows Removed by Filter: 36244343
Planning time: 0.421 ms
Execution time: 14231.466 ms
