Hash Join  (cost=994080.94..4000904.47 rows=150608266 width=0) (actual time=26190.459..146102.339 rows=334966646 loops=1)
  Hash Cond: (ci.movie_id = t.id)
  ->  Seq Scan on cast_info ci  (cost=0.00..705507.15 rows=26580438 width=4) (actual time=0.015..16155.276 rows=26781904 loops=1)
        Filter: (person_id > 931068)
        Rows Removed by Filter: 9462440
  ->  Hash  (cost=759028.85..759028.85 rows=14326967 width=8) (actual time=26188.399..26188.399 rows=14779375 loops=1)
        Buckets: 131072  Batches: 256  Memory Usage: 3258kB
        ->  Hash Join  (cost=107928.35..759028.85 rows=14326967 width=8) (actual time=2283.036..20952.398 rows=14779375 loops=1)
              Hash Cond: (mi.movie_id = t.id)
              ->  Seq Scan on movie_info mi  (cost=0.00..309384.22 rows=14739122 width=4) (actual time=0.013..6131.159 rows=14835720 loops=1)
              ->  Hash  (cost=67604.59..67604.59 rows=2457821 width=4) (actual time=2282.188..2282.188 rows=2456218 loops=1)
                    Buckets: 131072  Batches: 64  Memory Usage: 2385kB
                    ->  Seq Scan on title t  (cost=0.00..67604.59 rows=2457821 width=4) (actual time=0.058..1434.785 rows=2456218 loops=1)
                          Filter: (production_year > 0)
                          Rows Removed by Filter: 72094
Planning time: 1.108 ms
Execution time: 183356.351 ms
