Seq Scan on movie_companies mc  (cost=0.00..57926.93 rows=53 width=0) (actual time=31.937..830.315 rows=7 loops=1)
  Filter: ((company_id = 105365) AND (company_type_id = 2))
  Rows Removed by Filter: 2609122
Planning time: 0.366 ms
Execution time: 830.405 ms
