Hash Join  (cost=138624.51..963917.08 rows=933379 width=0) (actual time=6749.617..20799.301 rows=1527173 loops=1)
  Hash Cond: (ci.movie_id = t.id)
  ->  Seq Scan on cast_info ci  (cost=0.00..705507.15 rows=9468168 width=4) (actual time=3985.003..13724.392 rows=9384703 loops=1)
        Filter: (role_id > 4)
        Rows Removed by Filter: 26859641
  ->  Hash  (cost=134534.71..134534.71 rows=249264 width=8) (actual time=2763.598..2763.598 rows=131569 loops=1)
        Buckets: 131072  Batches: 4  Memory Usage: 2306kB
        ->  Hash Join  (cost=96184.51..134534.71 rows=249264 width=8) (actual time=1787.923..2723.149 rows=131569 loops=1)
              Hash Cond: (mi_idx.movie_id = t.id)
              ->  Seq Scan on movie_info_idx mi_idx  (cost=0.00..25185.44 rows=464566 width=4) (actual time=0.039..467.219 rows=459925 loops=1)
                    Filter: (info_type_id = 101)
                    Rows Removed by Filter: 920110
              ->  Hash  (cost=73925.90..73925.90 rows=1356688 width=4) (actual time=1786.958..1786.958 rows=1327781 loops=1)
                    Buckets: 131072  Batches: 32  Memory Usage: 2479kB
                    ->  Seq Scan on title t  (cost=0.00..73925.90 rows=1356688 width=4) (actual time=0.028..1352.519 rows=1327781 loops=1)
                          Filter: ((production_year < 2012) AND (kind_id = 7))
                          Rows Removed by Filter: 1200531
Planning time: 1.295 ms
Execution time: 20980.769 ms
