Hash Join  (cost=195687.27..731749.27 rows=5272207 width=0) (actual time=4542.721..24776.289 rows=23551842 loops=1)
  Hash Cond: (mi.movie_id = t.id)
  ->  Seq Scan on movie_info mi  (cost=0.00..309384.22 rows=14739122 width=4) (actual time=0.022..5786.788 rows=14835720 loops=1)
  ->  Hash  (cost=180847.55..180847.55 rows=904458 width=8) (actual time=4541.231..4541.231 rows=988272 loops=1)
        Buckets: 131072  Batches: 16  Memory Usage: 3476kB
        ->  Hash Join  (cost=97066.09..180847.55 rows=904458 width=8) (actual time=1955.546..4234.750 rows=988272 loops=1)
              Hash Cond: (mc.movie_id = t.id)
              ->  Seq Scan on movie_companies mc  (cost=0.00..51404.11 rows=1273554 width=4) (actual time=0.022..982.001 rows=1283231 loops=1)
                    Filter: (company_id > 11386)
                    Rows Removed by Filter: 1325898
              ->  Hash  (cost=67604.59..67604.59 rows=1795720 width=4) (actual time=1954.253..1954.253 rows=1794153 loops=1)
                    Buckets: 131072  Batches: 32  Memory Usage: 2992kB
                    ->  Seq Scan on title t  (cost=0.00..67604.59 rows=1795720 width=4) (actual time=0.022..1373.846 rows=1794153 loops=1)
                          Filter: (production_year < 2009)
                          Rows Removed by Filter: 734159
Planning time: 4.054 ms
Execution time: 27433.541 ms
