Hash Join  (cost=128716.37..256575.98 rows=480757 width=0) (actual time=2976.604..7681.300 rows=6701283 loops=1)
  Hash Cond: (mk.movie_id = t.id)
  ->  Seq Scan on movie_keyword mk  (cost=0.00..69693.30 rows=4523930 width=4) (actual time=0.021..1402.488 rows=4523930 loops=1)
  ->  Hash  (cost=124307.55..124307.55 rows=268706 width=8) (actual time=2975.755..2975.755 rows=609124 loops=1)
        Buckets: 131072 (originally 131072)  Batches: 8 (originally 4)  Memory Usage: 4028kB
        ->  Hash Join  (cost=82004.01..124307.55 rows=268706 width=8) (actual time=1420.054..2779.368 rows=609124 loops=1)
              Hash Cond: (mi_idx.movie_id = t.id)
              ->  Seq Scan on movie_info_idx mi_idx  (cost=0.00..21735.35 rows=1380035 width=4) (actual time=0.021..474.074 rows=1380035 loops=1)
              ->  Hash  (cost=73925.90..73925.90 rows=492328 width=4) (actual time=1419.172..1419.172 rows=570276 loops=1)
                    Buckets: 131072  Batches: 8  Memory Usage: 3545kB
                    ->  Seq Scan on title t  (cost=0.00..73925.90 rows=492328 width=4) (actual time=0.026..1235.826 rows=570276 loops=1)
                          Filter: ((kind_id < 4) AND (production_year < 2006))
                          Rows Removed by Filter: 1958036
Planning time: 10.398 ms
Execution time: 8405.587 ms
