Hash Join  (cost=102767.86..189471.33 rows=785387 width=0) (actual time=2174.395..4186.923 rows=1082861 loops=1)
  Hash Cond: (mc.movie_id = t.id)
  ->  Seq Scan on movie_companies mc  (cost=0.00..57926.93 rows=785387 width=4) (actual time=329.878..1140.028 rows=1082861 loops=1)
        Filter: ((company_id < 16129) AND (company_type_id < 2))
        Rows Removed by Filter: 1526268
  ->  Hash  (cost=61283.27..61283.27 rows=2528527 width=4) (actual time=1843.208..1843.208 rows=2528312 loops=1)
        Buckets: 131072  Batches: 64  Memory Usage: 2415kB
        ->  Seq Scan on title t  (cost=0.00..61283.27 rows=2528527 width=4) (actual time=0.020..1018.624 rows=2528312 loops=1)
Planning time: 0.726 ms
Execution time: 4307.725 ms
