Seq Scan on movie_keyword mk  (cost=0.00..81003.12 rows=463969 width=0) (actual time=0.023..841.906 rows=460624 loops=1)
  Filter: (keyword_id > 38553)
  Rows Removed by Filter: 4063306
Planning time: 0.226 ms
Execution time: 887.487 ms
