Nested Loop  (cost=0.43..83072.90 rows=76 width=0) (actual time=41.440..1105.587 rows=16 loops=1)
  ->  Seq Scan on movie_keyword mk  (cost=0.00..81003.12 rows=246 width=4) (actual time=7.745..1069.424 rows=1409 loops=1)
        Filter: (keyword_id = 868)
        Rows Removed by Filter: 4522521
  ->  Index Scan using title_pkey on title t  (cost=0.43..8.40 rows=1 width=4) (actual time=0.025..0.025 rows=0 loops=1409)
        Index Cond: (id = mk.movie_id)
        Filter: ((kind_id > 4) AND (production_year < 2004))
        Rows Removed by Filter: 1
Planning time: 0.772 ms
Execution time: 1105.688 ms
