Hash Join  (cost=102767.86..296631.18 rows=4279766 width=0) (actual time=2063.141..8126.909 rows=4280925 loops=1)
  Hash Cond: (mk.movie_id = t.id)
  ->  Seq Scan on movie_keyword mk  (cost=0.00..81003.12 rows=4279766 width=4) (actual time=0.025..1771.124 rows=4280925 loops=1)
        Filter: (keyword_id < 61461)
        Rows Removed by Filter: 243005
  ->  Hash  (cost=61283.27..61283.27 rows=2528527 width=4) (actual time=2061.534..2061.534 rows=2528312 loops=1)
        Buckets: 131072  Batches: 64  Memory Usage: 2425kB
        ->  Seq Scan on title t  (cost=0.00..61283.27 rows=2528527 width=4) (actual time=0.020..1202.112 rows=2528312 loops=1)
Planning time: 12.048 ms
Execution time: 8603.066 ms
