Seq Scan on cast_info ci  (cost=0.00..705507.15 rows=23591720 width=0) (actual time=0.027..12367.009 rows=23495743 loops=1)
  Filter: (person_id < 2405486)
  Rows Removed by Filter: 12748601
Planning time: 0.318 ms
Execution time: 15280.785 ms
