Hash Join  (cost=144792.76..238810.43 rows=93709 width=0) (actual time=2188.007..4991.785 rows=1527154 loops=1)
  Hash Cond: (mk.movie_id = t.id)
  ->  Seq Scan on movie_keyword mk  (cost=0.00..81003.12 rows=3220655 width=4) (actual time=0.022..1492.308 rows=3211796 loops=1)
        Filter: (keyword_id > 1717)
        Rows Removed by Filter: 1312134
  ->  Hash  (cost=143873.13..143873.13 rows=73571 width=8) (actual time=2187.112..2187.112 rows=168501 loops=1)
        Buckets: 131072 (originally 131072)  Batches: 2 (originally 1)  Memory Usage: 4318kB
        ->  Hash Join  (cost=70019.09..143873.13 rows=73571 width=8) (actual time=1012.301..2139.220 rows=168501 loops=1)
              Hash Cond: (mc.movie_id = t.id)
              ->  Seq Scan on movie_companies mc  (cost=0.00..57926.93 rows=1264105 width=4) (actual time=0.020..620.103 rows=1274246 loops=1)
                    Filter: ((company_id < 207587) AND (company_type_id < 2))
                    Rows Removed by Filter: 1334883
              ->  Hash  (cost=67604.59..67604.59 rows=147160 width=4) (actual time=941.762..941.762 rows=149680 loops=1)
                    Buckets: 131072  Batches: 2  Memory Usage: 3653kB
                    ->  Seq Scan on title t  (cost=0.00..67604.59 rows=147160 width=4) (actual time=0.381..897.283 rows=149680 loops=1)
                          Filter: (production_year < 1944)
                          Rows Removed by Filter: 2378632
Planning time: 1.157 ms
Execution time: 5181.468 ms
