Hash Join  (cost=709675.65..736586.68 rows=55 width=0) (actual time=11032.146..11555.336 rows=39 loops=1)
  Hash Cond: (mi_idx.movie_id = t.id)
  ->  Seq Scan on movie_info_idx mi_idx  (cost=0.00..21735.35 rows=1380035 width=4) (actual time=0.011..292.679 rows=1380035 loops=1)
  ->  Hash  (cost=709674.40..709674.40 rows=100 width=8) (actual time=11028.608..11028.608 rows=13 loops=1)
        Buckets: 1024  Batches: 1  Memory Usage: 9kB
        ->  Nested Loop  (cost=0.43..709674.40 rows=100 width=8) (actual time=2522.360..11028.563 rows=13 loops=1)
              ->  Seq Scan on cast_info ci  (cost=0.00..705507.15 rows=500 width=4) (actual time=2522.062..11012.848 rows=483 loops=1)
                    Filter: (person_id = 2653151)
                    Rows Removed by Filter: 36243861
              ->  Index Scan using title_pkey on title t  (cost=0.43..8.32 rows=1 width=4) (actual time=0.032..0.032 rows=0 loops=483)
                    Index Cond: (id = ci.movie_id)
                    Filter: ((production_year < 2010) AND (kind_id = 1))
                    Rows Removed by Filter: 1
Planning time: 1.178 ms
Execution time: 11555.509 ms
