Hash Join  (cost=443393.09..1195639.15 rows=145687 width=0) (actual time=7314.514..23782.540 rows=144809 loops=1)
  Hash Cond: (ci.movie_id = t.id)
  ->  Seq Scan on cast_info ci  (cost=0.00..614943.12 rows=36225612 width=4) (actual time=0.014..9097.626 rows=36244344 loops=1)
  ->  Hash  (cost=443265.98..443265.98 rows=10169 width=8) (actual time=7314.109..7314.109 rows=2988 loops=1)
        Buckets: 16384  Batches: 1  Memory Usage: 245kB
        ->  Hash Join  (cost=91123.00..443265.98 rows=10169 width=8) (actual time=5756.116..7312.789 rows=2988 loops=1)
              Hash Cond: (mi.movie_id = t.id)
              ->  Seq Scan on movie_info mi  (cost=0.00..346232.03 rows=17937 width=4) (actual time=3926.584..5082.945 rows=4339 loops=1)
                    Filter: (info_type_id = 35)
                    Rows Removed by Filter: 14831381
              ->  Hash  (cost=67604.59..67604.59 rows=1433473 width=4) (actual time=1828.475..1828.475 rows=1434466 loops=1)
                    Buckets: 131072  Batches: 32  Memory Usage: 2607kB
                    ->  Seq Scan on title t  (cost=0.00..67604.59 rows=1433473 width=4) (actual time=0.016..1354.046 rows=1434466 loops=1)
                          Filter: (production_year > 1999)
                          Rows Removed by Filter: 1093846
Planning time: 1.181 ms
Execution time: 23809.043 ms
