Hash Join  (cost=813597.23..900256.25 rows=98 width=0) (actual time=10169.010..11433.630 rows=52 loops=1)
  Hash Cond: (mk.movie_id = t.id)
  ->  Seq Scan on movie_keyword mk  (cost=0.00..69693.30 rows=4523930 width=4) (actual time=0.023..709.777 rows=4523930 loops=1)
  ->  Hash  (cost=813596.54..813596.54 rows=55 width=8) (actual time=10061.513..10061.513 rows=11 loops=1)
        Buckets: 1024  Batches: 1  Memory Usage: 9kB
        ->  Nested Loop  (cost=0.43..813596.54 rows=55 width=8) (actual time=6966.610..10061.440 rows=11 loops=1)
              ->  Seq Scan on cast_info ci  (cost=0.00..796071.18 rows=2217 width=4) (actual time=6964.360..10028.649 rows=1134 loops=1)
                    Filter: ((person_id < 9279) AND (role_id = 5))
                    Rows Removed by Filter: 36243210
              ->  Index Scan using title_pkey on title t  (cost=0.43..7.89 rows=1 width=4) (actual time=0.028..0.028 rows=0 loops=1134)
                    Index Cond: (id = ci.movie_id)
                    Filter: ((kind_id > 1) AND (production_year = 2004))
                    Rows Removed by Filter: 1
Planning time: 1.162 ms
Execution time: 11433.784 ms
