Nested Loop  (cost=0.43..52283.95 rows=84 width=0) (actual time=62.439..377.195 rows=10 loops=1)
  ->  Seq Scan on movie_companies mc  (cost=0.00..51404.11 rows=104 width=4) (actual time=62.391..376.861 rows=10 loops=1)
        Filter: (company_id = 30257)
        Rows Removed by Filter: 2609119
  ->  Index Scan using title_pkey on title t  (cost=0.43..8.45 rows=1 width=4) (actual time=0.030..0.031 rows=1 loops=10)
        Index Cond: (id = mc.movie_id)
        Filter: (production_year > 1972)
Planning time: 0.799 ms
Execution time: 377.331 ms
