Nested Loop  (cost=0.43..83072.90 rows=111 width=0) (actual time=20.251..1348.572 rows=495 loops=1)
  ->  Seq Scan on movie_keyword mk  (cost=0.00..81003.12 rows=246 width=4) (actual time=1.350..1256.549 rows=2267 loops=1)
        Filter: (keyword_id = 1697)
        Rows Removed by Filter: 4521663
  ->  Index Scan using title_pkey on title t  (cost=0.43..8.40 rows=1 width=4) (actual time=0.040..0.040 rows=0 loops=2267)
        Index Cond: (id = mk.movie_id)
        Filter: ((kind_id > 1) AND (production_year < 2007))
        Rows Removed by Filter: 1
Planning time: 0.749 ms
Execution time: 1348.924 ms
