Hash Join  (cost=74173.24..856338.56 rows=156700 width=0) (actual time=1310.734..19387.200 rows=149904 loops=1)
  Hash Cond: (ci.movie_id = t.id)
  ->  Seq Scan on cast_info ci  (cost=0.00..705507.15 rows=20024311 width=4) (actual time=0.007..14191.997 rows=20122661 loops=1)
        Filter: (role_id < 3)
        Rows Removed by Filter: 16121683
  ->  Hash  (cost=73925.90..73925.90 rows=19787 width=4) (actual time=1310.522..1310.522 rows=15791 loops=1)
        Buckets: 32768  Batches: 1  Memory Usage: 812kB
        ->  Seq Scan on title t  (cost=0.00..73925.90 rows=19787 width=4) (actual time=0.084..1303.299 rows=15791 loops=1)
              Filter: ((kind_id < 7) AND (production_year = 1999))
              Rows Removed by Filter: 2512521
Planning time: 0.745 ms
Execution time: 19412.540 ms
