Nested Loop  (cost=0.43..83071.67 rows=246 width=0) (actual time=6.145..1298.468 rows=640 loops=1)
  ->  Seq Scan on movie_keyword mk  (cost=0.00..81003.12 rows=246 width=4) (actual time=6.078..1279.392 rows=640 loops=1)
        Filter: (keyword_id = 20335)
        Rows Removed by Filter: 4523290
  ->  Index Only Scan using title_pkey on title t  (cost=0.43..8.40 rows=1 width=4) (actual time=0.028..0.028 rows=1 loops=640)
        Index Cond: (id = mk.movie_id)
        Heap Fetches: 640
Planning time: 0.700 ms
Execution time: 1298.807 ms
