Seq Scan on cast_info ci  (cost=0.00..796071.18 rows=12030526 width=0) (actual time=5205.022..17246.239 rows=12670688 loops=1)
  Filter: ((person_id < 3665663) AND (role_id = 1))
  Rows Removed by Filter: 23573656
Planning time: 0.400 ms
Execution time: 18829.720 ms
