Nested Loop  (cost=0.43..709671.90 rows=500 width=0) (actual time=1897.001..11184.276 rows=10 loops=1)
  ->  Seq Scan on cast_info ci  (cost=0.00..705507.15 rows=500 width=4) (actual time=1896.795..11183.826 rows=10 loops=1)
        Filter: (person_id = 1727635)
        Rows Removed by Filter: 36244334
  ->  Index Only Scan using title_pkey on title t  (cost=0.43..8.32 rows=1 width=4) (actual time=0.026..0.027 rows=1 loops=10)
        Index Cond: (id = ci.movie_id)
        Heap Fetches: 10
Planning time: 0.682 ms
Execution time: 11184.353 ms
