Hash Join  (cost=156410.28..543735.76 rows=424563 width=0) (actual time=2807.848..14377.577 rows=5219458 loops=1)
  Hash Cond: (mi.movie_id = t.id)
  ->  Seq Scan on movie_info mi  (cost=0.00..309384.22 rows=14739122 width=4) (actual time=0.019..4841.092 rows=14835720 loops=1)
  ->  Hash  (cost=155499.84..155499.84 rows=72835 width=8) (actual time=2805.315..2805.315 rows=82084 loops=1)
        Buckets: 131072 (originally 131072)  Batches: 2 (originally 1)  Memory Usage: 3073kB
        ->  Hash Join  (cost=68113.45..155499.84 rows=72835 width=8) (actual time=992.345..2770.349 rows=82084 loops=1)
              Hash Cond: (mk.movie_id = t.id)
              ->  Seq Scan on movie_keyword mk  (cost=0.00..69693.30 rows=4523930 width=4) (actual time=0.014..918.794 rows=4523930 loops=1)
              ->  Hash  (cost=67604.59..67604.59 rows=40709 width=4) (actual time=991.984..991.984 rows=38955 loops=1)
                    Buckets: 65536  Batches: 1  Memory Usage: 1882kB
                    ->  Seq Scan on title t  (cost=0.00..67604.59 rows=40709 width=4) (actual time=0.028..975.320 rows=38955 loops=1)
                          Filter: (production_year = 1997)
                          Rows Removed by Filter: 2489357
Planning time: 0.879 ms
Execution time: 14934.914 ms
