Hash Join  (cost=89669.39..870858.24 rows=3380192 width=169) (actual time=1737.578..21631.851 rows=5401723 loops=1)
  Hash Cond: (mi.movie_id = t.id)
  ->  Seq Scan on movie_info mi  (cost=0.00..309384.22 rows=14739122 width=75) (actual time=0.009..7018.648 rows=14835720 loops=1)
  ->  Hash  (cost=73925.90..73925.90 rows=579879 width=94) (actual time=1736.594..1736.594 rows=492958 loops=1)
        Buckets: 32768  Batches: 32  Memory Usage: 1971kB
        ->  Seq Scan on title t  (cost=0.00..73925.90 rows=579879 width=94) (actual time=0.017..1519.594 rows=492958 loops=1)
              Filter: ((kind_id < 7) AND (production_year > 1998))
              Rows Removed by Filter: 2035354
Planning time: 1.000 ms
Execution time: 21918.498 ms
