Nested Loop  (cost=0.43..83071.67 rows=246 width=0) (actual time=29.923..1228.447 rows=46 loops=1)
  ->  Seq Scan on movie_keyword mk  (cost=0.00..81003.12 rows=246 width=4) (actual time=29.832..1219.644 rows=46 loops=1)
        Filter: (keyword_id = 1636)
        Rows Removed by Filter: 4523884
  ->  Index Only Scan using title_pkey on title t  (cost=0.43..8.40 rows=1 width=4) (actual time=0.185..0.186 rows=1 loops=46)
        Index Cond: (id = mk.movie_id)
        Heap Fetches: 46
Planning time: 0.689 ms
Execution time: 1228.565 ms
