Hash Join  (cost=151216.33..675911.22 rows=4206899 width=0) (actual time=3593.270..18549.115 rows=8791871 loops=1)
  Hash Cond: (mi.movie_id = t.id)
  ->  Seq Scan on movie_info mi  (cost=0.00..309384.22 rows=14739122 width=4) (actual time=0.011..6125.421 rows=14835720 loops=1)
  ->  Hash  (cost=139375.05..139375.05 rows=721702 width=8) (actual time=3592.230..3592.230 rows=626561 loops=1)
        Buckets: 131072  Batches: 16  Memory Usage: 2558kB
        ->  Hash Join  (cost=89299.55..139375.05 rows=721702 width=8) (actual time=1966.745..3416.627 rows=626561 loops=1)
              Hash Cond: (mi_idx.movie_id = t.id)
              ->  Seq Scan on movie_info_idx mi_idx  (cost=0.00..21735.35 rows=1380035 width=4) (actual time=0.033..448.875 rows=1380035 loops=1)
              ->  Hash  (cost=67604.59..67604.59 rows=1322317 width=4) (actual time=1965.715..1965.715 rows=1322863 loops=1)
                    Buckets: 131072  Batches: 32  Memory Usage: 2481kB
                    ->  Seq Scan on title t  (cost=0.00..67604.59 rows=1322317 width=4) (actual time=0.015..1274.258 rows=1322863 loops=1)
                          Filter: (production_year > 2001)
                          Rows Removed by Filter: 1205449
Planning time: 1.324 ms
Execution time: 19526.918 ms
