Hash Join  (cost=923453.74..964556.39 rows=198717 width=0) (actual time=16365.877..17533.259 rows=426369 loops=1)
  Hash Cond: (mi_idx.movie_id = t.id)
  ->  Seq Scan on movie_info_idx mi_idx  (cost=0.00..21735.35 rows=1380035 width=4) (actual time=0.017..420.737 rows=1380035 loops=1)
  ->  Hash  (cost=917479.56..917479.56 rows=364094 width=8) (actual time=16365.048..16365.048 rows=296807 loops=1)
        Buckets: 131072  Batches: 8  Memory Usage: 2478kB
        ->  Hash Join  (cost=102767.86..917479.56 rows=364094 width=8) (actual time=11823.086..16279.830 rows=296807 loops=1)
              Hash Cond: (ci.movie_id = t.id)
              ->  Seq Scan on cast_info ci  (cost=0.00..796071.18 rows=364094 width=4) (actual time=9634.483..13493.669 rows=296807 loops=1)
                    Filter: ((person_id < 1790250) AND (role_id = 6))
                    Rows Removed by Filter: 35947537
              ->  Hash  (cost=61283.27..61283.27 rows=2528527 width=4) (actual time=2187.304..2187.304 rows=2528312 loops=1)
                    Buckets: 131072  Batches: 64  Memory Usage: 2415kB
                    ->  Seq Scan on title t  (cost=0.00..61283.27 rows=2528527 width=4) (actual time=0.028..1133.708 rows=2528312 loops=1)
Planning time: 1.132 ms
Execution time: 17584.634 ms
