Hash Join  (cost=457045.48..538185.17 rows=441716 width=0) (actual time=7857.314..10811.859 rows=3206937 loops=1)
  Hash Cond: (mc.movie_id = t.id)
  ->  Seq Scan on movie_companies mc  (cost=0.00..44881.29 rows=2609129 width=4) (actual time=0.010..965.310 rows=2609129 loops=1)
  ->  Hash  (cost=450021.61..450021.61 rows=428070 width=8) (actual time=7856.219..7856.219 rows=1068382 loops=1)
        Buckets: 131072 (originally 131072)  Batches: 16 (originally 8)  Memory Usage: 3622kB
        ->  Hash Join  (cost=80874.21..450021.61 rows=428070 width=8) (actual time=1529.501..7539.535 rows=1068382 loops=1)
              Hash Cond: (mi.movie_id = t.id)
              ->  Seq Scan on movie_info mi  (cost=0.00..346232.03 rows=1338312 width=4) (actual time=0.016..4888.114 rows=1401902 loops=1)
                    Filter: (info_type_id = 7)
                    Rows Removed by Filter: 13433818
              ->  Hash  (cost=67604.59..67604.59 rows=808770 width=4) (actual time=1528.820..1528.820 rows=812704 loops=1)
                    Buckets: 131072  Batches: 16  Memory Usage: 2819kB
                    ->  Seq Scan on title t  (cost=0.00..67604.59 rows=808770 width=4) (actual time=0.011..1258.810 rows=812704 loops=1)
                          Filter: (production_year < 1995)
                          Rows Removed by Filter: 1715608
Planning time: 0.961 ms
Execution time: 11139.940 ms
