Hash Join  (cost=77945.24..1159264.83 rows=2898272 width=0) (actual time=1214.013..29282.060 rows=1068499 loops=1)
  Hash Cond: (ci.movie_id = t.id)
  ->  Seq Scan on cast_info ci  (cost=0.00..705507.15 rows=29913259 width=4) (actual time=0.017..15607.081 rows=30028456 loops=1)
        Filter: (person_id > 598524)
        Rows Removed by Filter: 6215888
  ->  Hash  (cost=73925.90..73925.90 rows=244987 width=4) (actual time=1213.058..1213.058 rows=137824 loops=1)
        Buckets: 131072  Batches: 4  Memory Usage: 2233kB
        ->  Seq Scan on title t  (cost=0.00..73925.90 rows=244987 width=4) (actual time=0.028..1160.153 rows=137824 loops=1)
              Filter: ((production_year < 1972) AND (kind_id = 7))
              Rows Removed by Filter: 2390488
Planning time: 0.717 ms
Execution time: 29415.693 ms
