Seq Scan on movie_keyword mk  (cost=0.00..81003.12 rows=4038453 width=0) (actual time=0.025..1719.248 rows=4043235 loops=1)
  Filter: (keyword_id < 37234)
  Rows Removed by Filter: 480695
Planning time: 0.311 ms
Execution time: 2216.207 ms
