Hash Join  (cost=156632.57..1052135.69 rows=1338455 width=0) (actual time=12110.155..24412.718 rows=2355544 loops=1)
  Hash Cond: (ci.movie_id = t.id)
  ->  Seq Scan on cast_info ci  (cost=0.00..796071.18 rows=7284904 width=4) (actual time=8176.540..16262.404 rows=7451973 loops=1)
        Filter: ((person_id < 4048412) AND (role_id = 2))
        Rows Removed by Filter: 28792371
  ->  Hash  (cost=149010.49..149010.49 rows=464566 width=8) (actual time=3932.406..3932.406 rows=459925 loops=1)
        Buckets: 131072  Batches: 8  Memory Usage: 3275kB
        ->  Hash Join  (cost=102767.86..149010.49 rows=464566 width=8) (actual time=2528.739..3797.230 rows=459925 loops=1)
              Hash Cond: (mi_idx.movie_id = t.id)
              ->  Seq Scan on movie_info_idx mi_idx  (cost=0.00..25185.44 rows=464566 width=4) (actual time=0.022..505.546 rows=459925 loops=1)
                    Filter: (info_type_id = 101)
                    Rows Removed by Filter: 920110
              ->  Hash  (cost=61283.27..61283.27 rows=2528527 width=4) (actual time=2526.836..2526.836 rows=2528312 loops=1)
                    Buckets: 131072  Batches: 64  Memory Usage: 2415kB
                    ->  Seq Scan on title t  (cost=0.00..61283.27 rows=2528527 width=4) (actual time=0.014..1041.562 rows=2528312 loops=1)
Planning time: 1.170 ms
Execution time: 24678.607 ms
