Seq Scan on cast_info ci  (cost=0.00..796071.18 rows=11054645 width=0) (actual time=5884.489..14965.288 rows=5806400 loops=1)
  Filter: ((person_id < 2544735) AND (role_id > 2))
  Rows Removed by Filter: 30437944
Planning time: 7.260 ms
Execution time: 15694.238 ms
