Hash Join  (cost=74103.28..826925.42 rows=203297 width=0) (actual time=1167.613..18196.108 rows=217360 loops=1)
  Hash Cond: (ci.movie_id = t.id)
  ->  Seq Scan on cast_info ci  (cost=0.00..614943.12 rows=36225612 width=4) (actual time=0.015..8470.224 rows=36244344 loops=1)
  ->  Hash  (cost=73925.90..73925.90 rows=14190 width=4) (actual time=1167.366..1167.366 rows=12208 loops=1)
        Buckets: 16384  Batches: 1  Memory Usage: 558kB
        ->  Seq Scan on title t  (cost=0.00..73925.90 rows=14190 width=4) (actual time=0.098..1162.010 rows=12208 loops=1)
              Filter: ((kind_id < 7) AND (production_year = 1996))
              Rows Removed by Filter: 2516104
Planning time: 0.704 ms
Execution time: 18234.974 ms
