Seq Scan on movie_companies mc  (cost=0.00..57926.93 rows=359981 width=0) (actual time=317.170..955.904 rows=516509 loops=1)
  Filter: ((company_id < 1427) AND (company_type_id < 2))
  Rows Removed by Filter: 2092620
Planning time: 0.386 ms
Execution time: 1019.931 ms
