Seq Scan on movie_keyword mk  (cost=0.00..81003.12 rows=3662679 width=0) (actual time=0.024..1595.202 rows=3655614 loops=1)
  Filter: (keyword_id < 21201)
  Rows Removed by Filter: 868316
Planning time: 0.283 ms
Execution time: 2039.646 ms
