Seq Scan on cast_info ci  (cost=0.00..796071.18 rows=8067888 width=0) (actual time=4673.028..15458.113 rows=4517411 loops=1)
  Filter: ((person_id < 3113052) AND (role_id > 4))
  Rows Removed by Filter: 31726933
Planning time: 0.375 ms
Execution time: 16018.963 ms
