Hash Join  (cost=75574.02..139385.61 rows=18228 width=0) (actual time=1779.492..2213.998 rows=9147 loops=1)
  Hash Cond: (mc.movie_id = t.id)
  ->  Seq Scan on movie_companies mc  (cost=0.00..57926.93 rows=459035 width=4) (actual time=0.015..954.109 rows=261624 loops=1)
        Filter: ((company_id < 2840) AND (company_type_id = 2))
        Rows Removed by Filter: 2347505
  ->  Hash  (cost=73925.90..73925.90 rows=100409 width=4) (actual time=1141.420..1141.420 rows=110402 loops=1)
        Buckets: 131072  Batches: 2  Memory Usage: 2964kB
        ->  Seq Scan on title t  (cost=0.00..73925.90 rows=100409 width=4) (actual time=0.016..1101.428 rows=110402 loops=1)
              Filter: ((kind_id = 7) AND (production_year = 2012))
              Rows Removed by Filter: 2417910
Planning time: 1.507 ms
Execution time: 2215.339 ms
