Hash Join  (cost=164003.65..528709.83 rows=172549 width=0) (actual time=6594.241..10112.736 rows=2567424 loops=1)
  Hash Cond: (mi.movie_id = t.id)
  ->  Seq Scan on movie_info mi  (cost=0.00..346232.03 rows=1338312 width=4) (actual time=2824.845..4914.267 rows=1401902 loops=1)
        Filter: (info_type_id = 7)
        Rows Removed by Filter: 13433818
  ->  Hash  (cost=158654.61..158654.61 rows=326003 width=8) (actual time=3768.238..3768.238 rows=879143 loops=1)
        Buckets: 131072 (originally 131072)  Batches: 16 (originally 8)  Memory Usage: 3229kB
        ->  Hash Join  (cost=79110.05..158654.61 rows=326003 width=8) (actual time=1268.260..3526.861 rows=879143 loops=1)
              Hash Cond: (mc.movie_id = t.id)
              ->  Seq Scan on movie_companies mc  (cost=0.00..44881.29 rows=2609129 width=4) (actual time=0.008..837.525 rows=2609129 loops=1)
              ->  Hash  (cost=73925.90..73925.90 rows=315932 width=4) (actual time=1267.378..1267.378 rows=433359 loops=1)
                    Buckets: 131072  Batches: 8  Memory Usage: 2939kB
                    ->  Seq Scan on title t  (cost=0.00..73925.90 rows=315932 width=4) (actual time=0.036..1126.855 rows=433359 loops=1)
                          Filter: ((kind_id < 7) AND (production_year < 1995))
                          Rows Removed by Filter: 2094953
Planning time: 1.197 ms
Execution time: 10421.613 ms
