Hash Join  (cost=83074.74..109989.30 rows=45 width=0) (actual time=1342.093..1830.898 rows=442 loops=1)
  Hash Cond: (mi_idx.movie_id = t.id)
  ->  Seq Scan on movie_info_idx mi_idx  (cost=0.00..25185.44 rows=460978 width=4) (actual time=0.023..427.075 rows=459925 loops=1)
        Filter: (info_type_id < 100)
        Rows Removed by Filter: 920110
  ->  Hash  (cost=83071.67..83071.67 rows=246 width=8) (actual time=1333.984..1333.984 rows=508 loops=1)
        Buckets: 1024  Batches: 1  Memory Usage: 28kB
        ->  Nested Loop  (cost=0.43..83071.67 rows=246 width=8) (actual time=0.880..1333.576 rows=508 loops=1)
              ->  Seq Scan on movie_keyword mk  (cost=0.00..81003.12 rows=246 width=4) (actual time=0.830..1307.111 rows=508 loops=1)
                    Filter: (keyword_id = 2468)
                    Rows Removed by Filter: 4523422
              ->  Index Only Scan using title_pkey on title t  (cost=0.43..8.40 rows=1 width=4) (actual time=0.050..0.050 rows=1 loops=508)
                    Index Cond: (id = mk.movie_id)
                    Heap Fetches: 508
Planning time: 0.942 ms
Execution time: 1831.098 ms
