Seq Scan on movie_keyword mk  (cost=0.00..81003.12 rows=356794 width=0) (actual time=0.022..1322.606 rows=354698 loops=1)
  Filter: (keyword_id > 47090)
  Rows Removed by Filter: 4169232
Planning time: 0.313 ms
Execution time: 1367.822 ms
