Seq Scan on cast_info ci  (cost=0.00..796071.18 rows=567017 width=0) (actual time=199.967..11669.691 rows=278061 loops=1)
  Filter: ((person_id < 227446) AND (role_id > 5))
  Rows Removed by Filter: 35966283
Planning time: 9.874 ms
Execution time: 11703.875 ms
