Hash Join  (cost=222176.51..375487.15 rows=2569760 width=0) (actual time=4978.125..12933.733 rows=22473458 loops=1)
  Hash Cond: (mk.movie_id = t.id)
  ->  Seq Scan on movie_keyword mk  (cost=0.00..69693.30 rows=4523930 width=4) (actual time=0.019..1354.348 rows=4523930 loops=1)
  ->  Hash  (cost=198611.80..198611.80 rows=1436297 width=8) (actual time=4976.279..4976.279 rows=1428185 loops=1)
        Buckets: 131072  Batches: 32  Memory Usage: 2800kB
        ->  Hash Join  (cost=102767.86..198611.80 rows=1436297 width=8) (actual time=1906.654..4559.475 rows=1428185 loops=1)
              Hash Cond: (mc.movie_id = t.id)
              ->  Seq Scan on movie_companies mc  (cost=0.00..51404.11 rows=1436297 width=4) (actual time=0.025..1074.174 rows=1428185 loops=1)
                    Filter: (company_id < 12608)
                    Rows Removed by Filter: 1180944
              ->  Hash  (cost=61283.27..61283.27 rows=2528527 width=4) (actual time=1904.801..1904.801 rows=2528312 loops=1)
                    Buckets: 131072  Batches: 64  Memory Usage: 2415kB
                    ->  Seq Scan on title t  (cost=0.00..61283.27 rows=2528527 width=4) (actual time=0.013..1041.867 rows=2528312 loops=1)
Planning time: 6.355 ms
Execution time: 15205.895 ms
