Hash Join  (cost=1070101.35..1853213.34 rows=23245635 width=0) (actual time=20293.152..47464.584 rows=48292957 loops=1)
  Hash Cond: (mi.movie_id = t.id)
  ->  Seq Scan on movie_info mi  (cost=0.00..309384.22 rows=14739122 width=4) (actual time=0.020..6350.919 rows=14835720 loops=1)
  ->  Hash  (cost=1004675.39..1004675.39 rows=3987837 width=8) (actual time=20292.228..20292.228 rows=1936363 loops=1)
        Buckets: 131072  Batches: 64  Memory Usage: 2266kB
        ->  Hash Join  (cost=102767.86..1004675.39 rows=3987837 width=8) (actual time=8177.526..19699.883 rows=1936363 loops=1)
              Hash Cond: (ci.movie_id = t.id)
              ->  Seq Scan on cast_info ci  (cost=0.00..796071.18 rows=3987837 width=4) (actual time=6161.419..15673.144 rows=1936363 loops=1)
                    Filter: ((person_id < 3526100) AND (role_id = 10))
                    Rows Removed by Filter: 34307981
              ->  Hash  (cost=61283.27..61283.27 rows=2528527 width=4) (actual time=2014.344..2014.344 rows=2528312 loops=1)
                    Buckets: 131072  Batches: 64  Memory Usage: 2415kB
                    ->  Seq Scan on title t  (cost=0.00..61283.27 rows=2528527 width=4) (actual time=0.020..1150.468 rows=2528312 loops=1)
Planning time: 1.166 ms
Execution time: 52725.893 ms
