Seq Scan on movie_companies mc  (cost=0.00..51404.11 rows=677792 width=0) (actual time=0.022..726.962 rows=669594 loops=1)
  Filter: (company_id < 1061)
  Rows Removed by Filter: 1939535
Planning time: 0.342 ms
Execution time: 807.711 ms
