Seq Scan on movie_keyword mk  (cost=0.00..81003.12 rows=994968 width=0) (actual time=0.026..1344.802 rows=1004092 loops=1)
  Filter: (keyword_id > 18362)
  Rows Removed by Filter: 3519838
Planning time: 0.342 ms
Execution time: 1470.385 ms
