Seq Scan on cast_info ci  (cost=0.00..796071.18 rows=6347532 width=0) (actual time=0.030..14034.478 rows=8623512 loops=1)
  Filter: ((person_id > 1705758) AND (role_id > 3))
  Rows Removed by Filter: 27620832
Planning time: 0.388 ms
Execution time: 15120.469 ms
