Hash Join  (cost=73948.38..171029.02 rows=3043 width=0) (actual time=938.328..3037.853 rows=12502 loops=1)
  Hash Cond: (mk.movie_id = t.id)
  ->  Seq Scan on movie_keyword mk  (cost=0.00..81003.12 rows=4279223 width=4) (actual time=0.019..1449.744 rows=4280600 loops=1)
        Filter: (keyword_id < 61394)
        Rows Removed by Filter: 243330
  ->  Hash  (cost=73925.90..73925.90 rows=1798 width=4) (actual time=938.071..938.071 rows=2400 loops=1)
        Buckets: 4096 (originally 2048)  Batches: 1 (originally 1)  Memory Usage: 117kB
        ->  Seq Scan on title t  (cost=0.00..73925.90 rows=1798 width=4) (actual time=181.639..936.924 rows=2400 loops=1)
              Filter: ((kind_id = 4) AND (production_year = 1995))
              Rows Removed by Filter: 2525912
Planning time: 0.607 ms
Execution time: 3039.628 ms
