Seq Scan on movie_companies mc  (cost=0.00..57926.93 rows=53 width=0) (actual time=185.298..743.167 rows=13 loops=1)
  Filter: ((company_id = 443) AND (company_type_id = 2))
  Rows Removed by Filter: 2609116
Planning time: 0.421 ms
Execution time: 743.273 ms
