Seq Scan on movie_keyword mk  (cost=0.00..81003.12 rows=925630 width=0) (actual time=0.020..1377.750 rows=922105 loops=1)
  Filter: (keyword_id > 20325)
  Rows Removed by Filter: 3601825
Planning time: 0.268 ms
Execution time: 1490.122 ms
