Nested Loop  (cost=0.43..83072.29 rows=233 width=0) (actual time=530.010..1317.834 rows=3 loops=1)
  ->  Seq Scan on movie_keyword mk  (cost=0.00..81003.12 rows=246 width=4) (actual time=529.966..1317.674 rows=3 loops=1)
        Filter: (keyword_id = 58919)
        Rows Removed by Filter: 4523927
  ->  Index Scan using title_pkey on title t  (cost=0.43..8.40 rows=1 width=4) (actual time=0.043..0.044 rows=1 loops=3)
        Index Cond: (id = mk.movie_id)
        Filter: (production_year < 2013)
Planning time: 0.682 ms
Execution time: 1317.926 ms
