Hash Join  (cost=199155.39..972358.38 rows=1721397 width=0) (actual time=7624.520..20763.405 rows=3235430 loops=1)
  Hash Cond: (ci.movie_id = t.id)
  ->  Seq Scan on cast_info ci  (cost=0.00..705507.15 rows=3998100 width=4) (actual time=3079.540..13157.312 rows=4008037 loops=1)
        Filter: (role_id = 3)
        Rows Removed by Filter: 32236307
  ->  Hash  (cost=181294.05..181294.05 rows=1088667 width=8) (actual time=4543.807..4543.807 rows=711477 loops=1)
        Buckets: 131072  Batches: 16  Memory Usage: 2731kB
        ->  Hash Join  (cost=91235.85..181294.05 rows=1088667 width=8) (actual time=1698.227..4327.670 rows=711477 loops=1)
              Hash Cond: (mc.movie_id = t.id)
              ->  Seq Scan on movie_companies mc  (cost=0.00..44881.29 rows=2609129 width=4) (actual time=0.028..905.855 rows=2609129 loops=1)
              ->  Hash  (cost=73925.90..73925.90 rows=1055036 width=4) (actual time=1697.065..1697.065 rows=1152351 loops=1)
                    Buckets: 131072  Batches: 16  Memory Usage: 3561kB
                    ->  Seq Scan on title t  (cost=0.00..73925.90 rows=1055036 width=4) (actual time=0.027..1328.759 rows=1152351 loops=1)
                          Filter: ((kind_id > 1) AND (production_year > 1999))
                          Rows Removed by Filter: 1375961
Planning time: 1.293 ms
Execution time: 21099.214 ms
