Seq Scan on movie_keyword mk  (cost=0.00..81003.12 rows=2913750 width=0) (actual time=0.048..1463.200 rows=2901796 loops=1)
  Filter: (keyword_id < 9264)
  Rows Removed by Filter: 1622134
Planning time: 0.190 ms
Execution time: 1813.075 ms
