Seq Scan on cast_info ci  (cost=0.00..705507.15 rows=7076415 width=0) (actual time=876.811..10853.747 rows=7021290 loops=1)
  Filter: (person_id < 678124)
  Rows Removed by Filter: 29223054
Planning time: 0.244 ms
Execution time: 11760.251 ms
