Seq Scan on movie_companies mc  (cost=0.00..57926.93 rows=53 width=0) (actual time=190.659..863.978 rows=12 loops=1)
  Filter: ((company_type_id > 1) AND (company_id = 57104))
  Rows Removed by Filter: 2609117
Planning time: 0.324 ms
Execution time: 864.080 ms
