Hash Join  (cost=87344.71..184202.28 rows=276731 width=0) (actual time=1408.869..3459.404 rows=541084 loops=1)
  Hash Cond: (mk.movie_id = t.id)
  ->  Seq Scan on movie_keyword mk  (cost=0.00..81003.12 rows=855505 width=4) (actual time=0.028..1395.270 rows=863091 loops=1)
        Filter: (keyword_id > 21328)
        Rows Removed by Filter: 3660839
  ->  Hash  (cost=73925.90..73925.90 rows=817904 width=4) (actual time=1407.695..1407.695 rows=732135 loops=1)
        Buckets: 131072  Batches: 16  Memory Usage: 2644kB
        ->  Seq Scan on title t  (cost=0.00..73925.90 rows=817904 width=4) (actual time=0.023..1165.424 rows=732135 loops=1)
              Filter: ((kind_id < 7) AND (production_year > 1969))
              Rows Removed by Filter: 1796177
Planning time: 0.843 ms
Execution time: 3527.789 ms
