Seq Scan on cast_info ci  (cost=0.00..796071.18 rows=11697916 width=0) (actual time=0.025..13597.195 rows=9349107 loops=1)
  Filter: ((person_id > 1475477) AND (role_id < 3))
  Rows Removed by Filter: 26895237
Planning time: 0.358 ms
Execution time: 14813.944 ms
