Hash Join  (cost=95029.13..245069.34 rows=2301317 width=0) (actual time=1747.304..5627.507 rows=1076945 loops=1)
  Hash Cond: (mk.movie_id = t.id)
  ->  Seq Scan on movie_keyword mk  (cost=0.00..69693.30 rows=4523930 width=4) (actual time=0.014..1393.118 rows=4523930 loops=1)
  ->  Hash  (cost=73925.90..73925.90 rows=1286258 width=4) (actual time=1745.275..1745.275 rows=1406024 loops=1)
        Buckets: 131072  Batches: 32  Memory Usage: 2587kB
        ->  Seq Scan on title t  (cost=0.00..73925.90 rows=1286258 width=4) (actual time=0.024..1254.884 rows=1406024 loops=1)
              Filter: ((kind_id > 3) AND (production_year > 1979))
              Rows Removed by Filter: 1122288
Planning time: 0.771 ms
Execution time: 5754.514 ms
