Hash Join  (cost=297126.29..980472.67 rows=15622363 width=0) (actual time=6329.155..23041.175 rows=17463329 loops=1)
  Hash Cond: (mi.movie_id = t.id)
  ->  Seq Scan on movie_info mi  (cost=0.00..309384.22 rows=14739122 width=4) (actual time=0.008..6078.026 rows=14835720 loops=1)
  ->  Hash  (cost=253156.68..253156.68 rows=2680049 width=8) (actual time=6326.187..6326.187 rows=1372355 loops=1)
        Buckets: 131072  Batches: 64  Memory Usage: 1873kB
        ->  Hash Join  (cost=98502.15..253156.68 rows=2680049 width=8) (actual time=2051.193..5929.844 rows=1372355 loops=1)
              Hash Cond: (mk.movie_id = t.id)
              ->  Seq Scan on movie_keyword mk  (cost=0.00..69693.30 rows=4523930 width=4) (actual time=0.029..1297.513 rows=4523930 loops=1)
              ->  Hash  (cost=73925.90..73925.90 rows=1497940 width=4) (actual time=2049.934..2049.934 rows=1605687 loops=1)
                    Buckets: 131072  Batches: 32  Memory Usage: 2799kB
                    ->  Seq Scan on title t  (cost=0.00..73925.90 rows=1497940 width=4) (actual time=0.025..1514.192 rows=1605687 loops=1)
                          Filter: ((kind_id > 2) AND (production_year > 1966))
                          Rows Removed by Filter: 922625
Planning time: 1.333 ms
Execution time: 24843.595 ms
