Hash Join  (cost=52284.51..406293.84 rows=20 width=0) (actual time=2047.954..6554.333 rows=34 loops=1)
  Hash Cond: (mi.movie_id = t.id)
  ->  Seq Scan on movie_info mi  (cost=0.00..346232.03 rows=2073893 width=4) (actual time=1010.987..5466.415 rows=2091068 loops=1)
        Filter: (info_type_id < 3)
        Rows Removed by Filter: 12744652
  ->  Hash  (cost=52284.21..52284.21 rows=24 width=8) (actual time=802.553..802.553 rows=26 loops=1)
        Buckets: 1024  Batches: 1  Memory Usage: 10kB
        ->  Nested Loop  (cost=0.43..52284.21 rows=24 width=8) (actual time=0.516..802.456 rows=26 loops=1)
              ->  Seq Scan on movie_companies mc  (cost=0.00..51404.11 rows=104 width=4) (actual time=0.472..801.345 rows=26 loops=1)
                    Filter: (company_id = 12621)
                    Rows Removed by Filter: 2609103
              ->  Index Scan using title_pkey on title t  (cost=0.43..8.45 rows=1 width=4) (actual time=0.034..0.034 rows=1 loops=26)
                    Index Cond: (id = mc.movie_id)
                    Filter: ((kind_id < 7) AND (production_year > 1998))
Planning time: 1.175 ms
Execution time: 6554.468 ms
