Seq Scan on movie_keyword mk  (cost=0.00..81003.12 rows=3747233 width=0) (actual time=0.026..1578.530 rows=3745026 loops=1)
  Filter: (keyword_id > 742)
  Rows Removed by Filter: 778904
Planning time: 0.307 ms
Execution time: 2065.538 ms
