Seq Scan on movie_companies mc  (cost=0.00..51404.11 rows=981017 width=0) (actual time=1.430..981.098 rows=992776 loops=1)
  Filter: (company_id > 16979)
  Rows Removed by Filter: 1616353
Planning time: 0.312 ms
Execution time: 1113.042 ms
