Seq Scan on cast_info ci  (cost=0.00..796071.18 rows=420 width=0) (actual time=5912.912..13636.724 rows=212 loops=1)
  Filter: ((role_id < 9) AND (person_id = 616156))
  Rows Removed by Filter: 36244132
Planning time: 0.245 ms
Execution time: 13636.850 ms
