Seq Scan on movie_keyword mk  (cost=0.00..81003.12 rows=1564756 width=0) (actual time=0.033..1264.001 rows=1579215 loops=1)
  Filter: (keyword_id > 9858)
  Rows Removed by Filter: 2944715
Planning time: 0.332 ms
Execution time: 1446.751 ms
