Hash Join  (cost=263115.61..435468.37 rows=3434758 width=0) (actual time=6882.386..16835.787 rows=25716491 loops=1)
  Hash Cond: (mk.movie_id = t.id)
  ->  Seq Scan on movie_keyword mk  (cost=0.00..81003.12 rows=3328650 width=4) (actual time=0.022..1653.618 rows=3319627 loops=1)
        Filter: (keyword_id < 15245)
        Rows Removed by Filter: 1204303
  ->  Hash  (cost=220309.49..220309.49 rows=2609129 width=8) (actual time=6881.700..6881.700 rows=2609129 loops=1)
        Buckets: 131072  Batches: 64  Memory Usage: 2691kB
        ->  Hash Join  (cost=102767.86..220309.49 rows=2609129 width=8) (actual time=2614.540..6120.667 rows=2609129 loops=1)
              Hash Cond: (mc.movie_id = t.id)
              ->  Seq Scan on movie_companies mc  (cost=0.00..44881.29 rows=2609129 width=4) (actual time=0.011..936.352 rows=2609129 loops=1)
              ->  Hash  (cost=61283.27..61283.27 rows=2528527 width=4) (actual time=2613.353..2613.353 rows=2528312 loops=1)
                    Buckets: 131072  Batches: 64  Memory Usage: 2415kB
                    ->  Seq Scan on title t  (cost=0.00..61283.27 rows=2528527 width=4) (actual time=0.028..1137.904 rows=2528312 loops=1)
Planning time: 0.699 ms
Execution time: 19778.213 ms
