Seq Scan on cast_info ci  (cost=0.00..705507.15 rows=500 width=0) (actual time=2084.087..11106.564 rows=18 loops=1)
  Filter: (person_id = 1053294)
  Rows Removed by Filter: 36244326
Planning time: 0.443 ms
Execution time: 11106.684 ms
