Hash Join  (cost=82634.05..892862.25 rows=185640 width=0) (actual time=1406.484..15842.408 rows=824887 loops=1)
  Hash Cond: (ci.movie_id = t.id)
  ->  Seq Scan on cast_info ci  (cost=0.00..796071.18 rows=884432 width=4) (actual time=0.010..12395.499 rows=3763082 loops=1)
        Filter: ((person_id > 3374333) AND (role_id > 5))
        Rows Removed by Filter: 32481262
  ->  Hash  (cost=73925.90..73925.90 rows=530732 width=4) (actual time=1405.515..1405.515 rows=403730 loops=1)
        Buckets: 131072  Batches: 8  Memory Usage: 2807kB
        ->  Seq Scan on title t  (cost=0.00..73925.90 rows=530732 width=4) (actual time=0.016..1277.668 rows=403730 loops=1)
              Filter: ((production_year > 1975) AND (kind_id = 1))
              Rows Removed by Filter: 2124582
Planning time: 0.699 ms
Execution time: 15943.048 ms
