Hash Join  (cost=102767.86..297511.72 rows=4316353 width=0) (actual time=1864.734..7308.361 rows=4314569 loops=1)
  Hash Cond: (mk.movie_id = t.id)
  ->  Seq Scan on movie_keyword mk  (cost=0.00..81003.12 rows=4316353 width=4) (actual time=0.009..1796.050 rows=4314569 loops=1)
        Filter: (keyword_id < 66786)
        Rows Removed by Filter: 209361
  ->  Hash  (cost=61283.27..61283.27 rows=2528527 width=4) (actual time=1861.843..1861.843 rows=2528312 loops=1)
        Buckets: 131072  Batches: 64  Memory Usage: 2425kB
        ->  Seq Scan on title t  (cost=0.00..61283.27 rows=2528527 width=4) (actual time=0.030..1016.651 rows=2528312 loops=1)
Planning time: 0.730 ms
Execution time: 7795.181 ms
