Hash Join  (cost=143099.05..510519.80 rows=276482 width=0) (actual time=2842.428..10896.958 rows=405192 loops=1)
  Hash Cond: (mi.movie_id = t.id)
  ->  Seq Scan on movie_info mi  (cost=0.00..309384.22 rows=14739122 width=4) (actual time=0.018..4294.917 rows=14835720 loops=1)
  ->  Hash  (cost=142506.17..142506.17 rows=47431 width=8) (actual time=2841.931..2841.931 rows=31731 loops=1)
        Buckets: 65536  Batches: 1  Memory Usage: 1752kB
        ->  Hash Join  (cost=75464.55..142506.17 rows=47431 width=8) (actual time=1677.983..2830.144 rows=31731 loops=1)
              Hash Cond: (mc.movie_id = t.id)
              ->  Seq Scan on movie_companies mc  (cost=0.00..51404.11 rows=1279517 width=4) (actual time=266.480..938.197 rows=1274246 loops=1)
                    Filter: (company_type_id = 1)
                    Rows Removed by Filter: 1334883
              ->  Hash  (cost=73925.90..73925.90 rows=93732 width=4) (actual time=1410.607..1410.607 rows=100592 loops=1)
                    Buckets: 131072  Batches: 2  Memory Usage: 2791kB
                    ->  Seq Scan on title t  (cost=0.00..73925.90 rows=93732 width=4) (actual time=0.038..1150.865 rows=100592 loops=1)
                          Filter: ((kind_id > 1) AND (production_year = 2009))
                          Rows Removed by Filter: 2427720
Planning time: 1.198 ms
Execution time: 10953.529 ms
