Seq Scan on movie_keyword mk  (cost=0.00..81003.12 rows=246 width=0) (actual time=244.350..1220.437 rows=1 loops=1)
  Filter: (keyword_id = 23801)
  Rows Removed by Filter: 4523929
Planning time: 0.354 ms
Execution time: 1220.527 ms
