Hash Join  (cost=189632.99..997688.50 rows=2547882 width=0) (actual time=5498.480..23592.296 rows=10507227 loops=1)
  Hash Cond: (ci.movie_id = t.id)
  ->  Seq Scan on cast_info ci  (cost=0.00..705507.15 rows=6320943 width=4) (actual time=595.082..12559.236 rows=6224404 loops=1)
        Filter: (person_id < 599488)
        Rows Removed by Filter: 30019940
  ->  Hash  (cost=172910.83..172910.83 rows=1019213 width=8) (actual time=4901.849..4901.849 rows=1891821 loops=1)
        Buckets: 131072 (originally 131072)  Batches: 32 (originally 16)  Memory Usage: 3321kB
        ->  Hash Join  (cost=83810.17..172910.83 rows=1019213 width=8) (actual time=1466.778..4321.601 rows=1891821 loops=1)
              Hash Cond: (mc.movie_id = t.id)
              ->  Seq Scan on movie_companies mc  (cost=0.00..44881.29 rows=2609129 width=4) (actual time=0.028..861.422 rows=2609129 loops=1)
              ->  Hash  (cost=67604.59..67604.59 rows=987727 width=4) (actual time=1465.850..1465.850 rows=985048 loops=1)
                    Buckets: 131072  Batches: 16  Memory Usage: 3188kB
                    ->  Seq Scan on title t  (cost=0.00..67604.59 rows=987727 width=4) (actual time=0.020..1154.317 rows=985048 loops=1)
                          Filter: (kind_id < 7)
                          Rows Removed by Filter: 1543264
Planning time: 4.601 ms
Execution time: 24777.462 ms
