Hash Join  (cost=92883.59..1041719.88 rows=4729743 width=0) (actual time=1696.234..23941.583 rows=5803183 loops=1)
  Hash Cond: (ci.movie_id = t.id)
  ->  Seq Scan on cast_info ci  (cost=0.00..796071.18 rows=7761736 width=4) (actual time=0.030..14901.775 rows=10130218 loops=1)
        Filter: ((person_id < 1380644) AND (role_id < 3))
        Rows Removed by Filter: 26114126
  ->  Hash  (cost=67604.59..67604.59 rows=1540800 width=4) (actual time=1695.307..1695.307 rows=1543264 loops=1)
        Buckets: 131072  Batches: 32  Memory Usage: 2722kB
        ->  Seq Scan on title t  (cost=0.00..67604.59 rows=1540800 width=4) (actual time=0.014..1209.811 rows=1543264 loops=1)
              Filter: (kind_id = 7)
              Rows Removed by Filter: 985048
Planning time: 6.119 ms
Execution time: 24641.250 ms
