Seq Scan on movie_companies mc  (cost=0.00..57926.93 rows=53 width=0) (actual time=681.124..940.003 rows=46 loops=1)
  Filter: ((company_type_id > 1) AND (company_id = 80611))
  Rows Removed by Filter: 2609083
Planning time: 0.407 ms
Execution time: 940.106 ms
