Hash Join  (cost=131021.11..875870.40 rows=76954 width=0) (actual time=3941.449..16538.712 rows=544056 loops=1)
  Hash Cond: (ci.movie_id = t.id)
  ->  Seq Scan on cast_info ci  (cost=0.00..705507.15 rows=10286026 width=4) (actual time=1548.646..11670.962 rows=10301419 loops=1)
        Filter: (person_id > 2681388)
        Rows Removed by Filter: 25942925
  ->  Hash  (cost=130784.65..130784.65 rows=18917 width=8) (actual time=2392.514..2392.514 rows=21567 loops=1)
        Buckets: 32768  Batches: 1  Memory Usage: 1099kB
        ->  Hash Join  (cost=74393.18..130784.65 rows=18917 width=8) (actual time=1193.145..2385.148 rows=21567 loops=1)
              Hash Cond: (mc.movie_id = t.id)
              ->  Seq Scan on movie_companies mc  (cost=0.00..51404.11 rows=1279517 width=4) (actual time=0.039..917.782 rows=1274246 loops=1)
                    Filter: (company_type_id < 2)
                    Rows Removed by Filter: 1334883
              ->  Hash  (cost=73925.90..73925.90 rows=37382 width=4) (actual time=1192.720..1192.720 rows=33190 loops=1)
                    Buckets: 65536  Batches: 1  Memory Usage: 1679kB
                    ->  Seq Scan on title t  (cost=0.00..73925.90 rows=37382 width=4) (actual time=56.567..1179.903 rows=33190 loops=1)
                          Filter: ((kind_id = 1) AND (production_year = 2010))
                          Rows Removed by Filter: 2495122
Planning time: 1.157 ms
Execution time: 16607.005 ms
