Seq Scan on movie_keyword mk  (cost=0.00..81003.12 rows=3930247 width=0) (actual time=0.024..1558.396 rows=3928869 loops=1)
  Filter: (keyword_id < 30941)
  Rows Removed by Filter: 595061
Planning time: 0.323 ms
Execution time: 2057.053 ms
