Hash Join  (cost=83810.17..219153.51 rows=1274769 width=0) (actual time=1557.948..5384.881 rows=2808609 loops=1)
  Hash Cond: (mk.movie_id = t.id)
  ->  Seq Scan on movie_keyword mk  (cost=0.00..81003.12 rows=3263339 width=4) (actual time=0.028..1753.297 rows=3253799 loops=1)
        Filter: (keyword_id < 14017)
        Rows Removed by Filter: 1270131
  ->  Hash  (cost=67604.59..67604.59 rows=987727 width=4) (actual time=1556.806..1556.806 rows=985048 loops=1)
        Buckets: 131072  Batches: 16  Memory Usage: 3197kB
        ->  Seq Scan on title t  (cost=0.00..67604.59 rows=987727 width=4) (actual time=0.014..1242.654 rows=985048 loops=1)
              Filter: (kind_id < 7)
              Rows Removed by Filter: 1543264
Planning time: 0.694 ms
Execution time: 5661.652 ms
