Hash Join  (cost=102767.86..256669.41 rows=2618980 width=0) (actual time=2365.745..6333.920 rows=2609748 loops=1)
  Hash Cond: (mk.movie_id = t.id)
  ->  Seq Scan on movie_keyword mk  (cost=0.00..81003.12 rows=2618980 width=4) (actual time=0.023..1630.544 rows=2609748 loops=1)
        Filter: (keyword_id > 3293)
        Rows Removed by Filter: 1914182
  ->  Hash  (cost=61283.27..61283.27 rows=2528527 width=4) (actual time=2017.511..2017.511 rows=2528312 loops=1)
        Buckets: 131072  Batches: 64  Memory Usage: 2425kB
        ->  Seq Scan on title t  (cost=0.00..61283.27 rows=2528527 width=4) (actual time=0.020..1122.775 rows=2528312 loops=1)
Planning time: 0.740 ms
Execution time: 6633.458 ms
