Hash Join  (cost=190230.21..1245250.32 rows=8130719 width=0) (actual time=4288.889..34294.455 rows=19360403 loops=1)
  Hash Cond: (ci.movie_id = t.id)
  ->  Seq Scan on cast_info ci  (cost=0.00..796071.18 rows=14897262 width=4) (actual time=0.016..16780.970 rows=16882397 loops=1)
        Filter: ((person_id < 1864974) AND (role_id < 8))
        Rows Removed by Filter: 19361947
  ->  Hash  (cost=167588.78..167588.78 rows=1380035 width=8) (actual time=4287.589..4287.589 rows=1380035 loops=1)
        Buckets: 131072  Batches: 32  Memory Usage: 2708kB
        ->  Hash Join  (cost=102767.86..167588.78 rows=1380035 width=8) (actual time=1969.073..3912.253 rows=1380035 loops=1)
              Hash Cond: (mi_idx.movie_id = t.id)
              ->  Seq Scan on movie_info_idx mi_idx  (cost=0.00..21735.35 rows=1380035 width=4) (actual time=0.023..505.658 rows=1380035 loops=1)
              ->  Hash  (cost=61283.27..61283.27 rows=2528527 width=4) (actual time=1967.242..1967.242 rows=2528312 loops=1)
                    Buckets: 131072  Batches: 64  Memory Usage: 2415kB
                    ->  Seq Scan on title t  (cost=0.00..61283.27 rows=2528527 width=4) (actual time=0.028..1116.477 rows=2528312 loops=1)
Planning time: 1.408 ms
Execution time: 36314.450 ms
