Seq Scan on movie_keyword mk  (cost=0.00..81003.12 rows=946794 width=0) (actual time=0.027..1306.225 rows=961280 loops=1)
  Filter: (keyword_id > 19775)
  Rows Removed by Filter: 3562650
Planning time: 0.447 ms
Execution time: 1425.242 ms
