Hash Join  (cost=94574.69..161921.69 rows=135454 width=0) (actual time=2511.272..2996.606 rows=58265 loops=1)
  Hash Cond: (mc.movie_id = t.id)
  ->  Seq Scan on movie_companies mc  (cost=0.00..57926.93 rows=272139 width=4) (actual time=0.059..885.908 rows=140768 loops=1)
        Filter: ((company_id < 517) AND (company_type_id > 1))
        Rows Removed by Filter: 2468361
  ->  Hash  (cost=73925.90..73925.90 rows=1258543 width=4) (actual time=1839.347..1839.347 rows=1221534 loops=1)
        Buckets: 131072  Batches: 32  Memory Usage: 2363kB
        ->  Seq Scan on title t  (cost=0.00..73925.90 rows=1258543 width=4) (actual time=3.231..1444.765 rows=1221534 loops=1)
              Filter: ((production_year < 2011) AND (kind_id = 7))
              Rows Removed by Filter: 1306778
Planning time: 1.197 ms
Execution time: 3002.912 ms
