Hash Join  (cost=1300948.81..2725439.98 rows=69542032 width=0) (actual time=30440.235..91079.487 rows=155565427 loops=1)
  Hash Cond: (mi.movie_id = t.id)
  ->  Seq Scan on movie_info mi  (cost=0.00..309384.22 rows=14739122 width=4) (actual time=0.012..6523.287 rows=14835720 loops=1)
  ->  Hash  (cost=1105220.81..1105220.81 rows=11930080 width=8) (actual time=30438.195..30438.195 rows=11846584 loops=1)
        Buckets: 131072  Batches: 256  Memory Usage: 2912kB
        ->  Hash Join  (cost=102767.86..1105220.81 rows=11930080 width=8) (actual time=2002.804..26439.776 rows=11846584 loops=1)
              Hash Cond: (ci.movie_id = t.id)
              ->  Seq Scan on cast_info ci  (cost=0.00..705507.15 rows=11930080 width=4) (actual time=29.620..13718.239 rows=11846584 loops=1)
                    Filter: (person_id < 1163914)
                    Rows Removed by Filter: 24397760
              ->  Hash  (cost=61283.27..61283.27 rows=2528527 width=4) (actual time=1971.406..1971.406 rows=2528312 loops=1)
                    Buckets: 131072  Batches: 64  Memory Usage: 2415kB
                    ->  Seq Scan on title t  (cost=0.00..61283.27 rows=2528527 width=4) (actual time=0.016..1124.465 rows=2528312 loops=1)
Planning time: 0.725 ms
Execution time: 109046.369 ms
