Hash Join  (cost=188118.20..1296836.37 rows=9001106 width=0) (actual time=3966.951..35447.652 rows=7243494 loops=1)
  Hash Cond: (ci.movie_id = t.id)
  ->  Seq Scan on cast_info ci  (cost=0.00..705507.15 rows=26800521 width=4) (actual time=0.022..15844.141 rows=26828679 loops=1)
        Filter: (person_id < 2762972)
        Rows Removed by Filter: 9415665
  ->  Hash  (cost=174184.95..174184.95 rows=849220 width=8) (actual time=3964.332..3964.332 rows=416802 loops=1)
        Buckets: 131072  Batches: 16  Memory Usage: 2034kB
        ->  Hash Join  (cost=87428.23..174184.95 rows=849220 width=8) (actual time=1525.963..3849.870 rows=416802 loops=1)
              Hash Cond: (mc.movie_id = t.id)
              ->  Seq Scan on movie_companies mc  (cost=0.00..44881.29 rows=2609129 width=4) (actual time=0.024..911.895 rows=2609129 loops=1)
              ->  Hash  (cost=73925.90..73925.90 rows=822986 width=4) (actual time=1524.641..1524.641 rows=738761 loops=1)
                    Buckets: 131072  Batches: 16  Memory Usage: 2648kB
                    ->  Seq Scan on title t  (cost=0.00..73925.90 rows=822986 width=4) (actual time=0.019..1289.790 rows=738761 loops=1)
                          Filter: ((production_year < 2005) AND (kind_id = 7))
                          Rows Removed by Filter: 1789551
Planning time: 1.189 ms
Execution time: 36206.395 ms
