Hash Join  (cost=709678.15..736591.36 rows=273 width=0) (actual time=11438.421..11778.472 rows=3 loops=1)
  Hash Cond: (mi_idx.movie_id = t.id)
  ->  Seq Scan on movie_info_idx mi_idx  (cost=0.00..21735.35 rows=1380035 width=4) (actual time=0.014..321.105 rows=1380035 loops=1)
  ->  Hash  (cost=709671.90..709671.90 rows=500 width=8) (actual time=11213.698..11213.698 rows=60 loops=1)
        Buckets: 1024  Batches: 1  Memory Usage: 11kB
        ->  Nested Loop  (cost=0.43..709671.90 rows=500 width=8) (actual time=9870.410..11213.656 rows=60 loops=1)
              ->  Seq Scan on cast_info ci  (cost=0.00..705507.15 rows=500 width=4) (actual time=9870.283..11212.580 rows=60 loops=1)
                    Filter: (person_id = 405257)
                    Rows Removed by Filter: 36244284
              ->  Index Only Scan using title_pkey on title t  (cost=0.43..8.32 rows=1 width=4) (actual time=0.016..0.017 rows=1 loops=60)
                    Index Cond: (id = ci.movie_id)
                    Heap Fetches: 60
Planning time: 2.358 ms
Execution time: 11778.575 ms
