Nested Loop  (cost=0.43..58375.18 rows=53 width=0) (actual time=444.074..906.853 rows=64 loops=1)
  ->  Seq Scan on movie_companies mc  (cost=0.00..57926.93 rows=53 width=4) (actual time=443.993..904.575 rows=64 loops=1)
        Filter: ((company_id = 3079) AND (company_type_id = 2))
        Rows Removed by Filter: 2609065
  ->  Index Only Scan using title_pkey on title t  (cost=0.43..8.45 rows=1 width=4) (actual time=0.032..0.032 rows=1 loops=64)
        Index Cond: (id = mc.movie_id)
        Heap Fetches: 64
Planning time: 0.793 ms
Execution time: 906.972 ms
