Seq Scan on movie_companies mc  (cost=0.00..57926.93 rows=1280 width=0) (actual time=725.642..976.342 rows=2 loops=1)
  Filter: ((company_type_id < 2) AND (company_id = 9749))
  Rows Removed by Filter: 2609127
Planning time: 2.464 ms
Execution time: 976.433 ms
