Seq Scan on movie_keyword mk  (cost=0.00..81003.12 rows=2306974 width=0) (actual time=0.035..1337.202 rows=2309302 loops=1)
  Filter: (keyword_id > 4499)
  Rows Removed by Filter: 2214628
Planning time: 0.338 ms
Execution time: 1616.377 ms
