Seq Scan on movie_keyword mk  (cost=0.00..81003.12 rows=2010255 width=0) (actual time=0.018..1473.957 rows=2015568 loops=1)
  Filter: (keyword_id < 3597)
  Rows Removed by Filter: 2508362
Planning time: 0.328 ms
Execution time: 1725.677 ms
