Seq Scan on cast_info ci  (cost=0.00..796071.18 rows=3372531 width=0) (actual time=1499.562..10301.133 rows=1411548 loops=1)
  Filter: ((person_id < 493150) AND (role_id > 1))
  Rows Removed by Filter: 34832796
Planning time: 0.366 ms
Execution time: 10441.363 ms
