Seq Scan on movie_keyword mk  (cost=0.00..81003.12 rows=2710007 width=0) (actual time=0.026..1471.386 rows=2708545 loops=1)
  Filter: (keyword_id < 7649)
  Rows Removed by Filter: 1815385
Planning time: 0.341 ms
Execution time: 1802.259 ms
