Hash Join  (cost=130250.17..884448.82 rows=340948 width=0) (actual time=2462.589..20547.631 rows=868555 loops=1)
  Hash Cond: (ci.movie_id = t.id)
  ->  Seq Scan on cast_info ci  (cost=0.00..614943.12 rows=36225612 width=4) (actual time=0.018..9075.066 rows=36244344 loops=1)
  ->  Hash  (cost=129952.69..129952.69 rows=23798 width=8) (actual time=2462.389..2462.389 rows=18561 loops=1)
        Buckets: 32768  Batches: 1  Memory Usage: 982kB
        ->  Hash Join  (cost=68449.54..129952.69 rows=23798 width=8) (actual time=1219.448..2455.086 rows=18561 loops=1)
              Hash Cond: (mc.movie_id = t.id)
              ->  Seq Scan on movie_companies mc  (cost=0.00..57926.93 rows=890198 width=4) (actual time=0.006..1042.977 rows=722481 loops=1)
                    Filter: ((company_id > 1695) AND (company_type_id = 1))
                    Rows Removed by Filter: 1886648
              ->  Hash  (cost=67604.59..67604.59 rows=67596 width=4) (actual time=1218.782..1218.782 rows=67777 loops=1)
                    Buckets: 131072  Batches: 1  Memory Usage: 3407kB
                    ->  Seq Scan on title t  (cost=0.00..67604.59 rows=67596 width=4) (actual time=0.004..1190.592 rows=67777 loops=1)
                          Filter: (production_year = 2003)
                          Rows Removed by Filter: 2460535
Planning time: 1.420 ms
Execution time: 20668.764 ms
