Hash Join  (cost=447983.67..1201763.65 rows=55012 width=0) (actual time=7864.582..22018.401 rows=7171 loops=1)
  Hash Cond: (ci.movie_id = t.id)
  ->  Seq Scan on cast_info ci  (cost=0.00..705507.15 rows=12726058 width=4) (actual time=992.142..13429.108 rows=12670688 loops=1)
        Filter: (role_id = 1)
        Rows Removed by Filter: 23573656
  ->  Hash  (cost=447847.04..447847.04 rows=10930 width=8) (actual time=6871.723..6871.723 rows=1429 loops=1)
        Buckets: 16384  Batches: 1  Memory Usage: 184kB
        ->  Nested Loop  (cost=0.43..447847.04 rows=10930 width=8) (actual time=339.445..6870.347 rows=1429 loops=1)
              ->  Seq Scan on movie_info mi  (cost=0.00..346232.03 rows=17937 width=4) (actual time=265.531..4888.416 rows=121863 loops=1)
                    Filter: (info_type_id = 105)
                    Rows Removed by Filter: 14713857
              ->  Index Scan using title_pkey on title t  (cost=0.43..5.66 rows=1 width=4) (actual time=0.016..0.016 rows=0 loops=121863)
                    Index Cond: (id = mi.movie_id)
                    Filter: (kind_id = 7)
                    Rows Removed by Filter: 1
Planning time: 1.240 ms
Execution time: 22020.310 ms
