Seq Scan on cast_info ci  (cost=0.00..705507.15 rows=500 width=0) (actual time=2698.503..11032.576 rows=25 loops=1)
  Filter: (person_id = 1578394)
  Rows Removed by Filter: 36244319
Planning time: 0.548 ms
Execution time: 11032.692 ms
