Seq Scan on cast_info ci  (cost=0.00..705507.15 rows=17543366 width=0) (actual time=1.402..12409.225 rows=17416236 loops=1)
  Filter: (person_id < 1722106)
  Rows Removed by Filter: 18828108
Planning time: 0.263 ms
Execution time: 14586.974 ms
