Hash Join  (cost=139597.14..249426.73 rows=415981 width=0) (actual time=3109.930..6388.308 rows=3991358 loops=1)
  Hash Cond: (mk.movie_id = t.id)
  ->  Seq Scan on movie_keyword mk  (cost=0.00..81003.12 rows=1951108 width=4) (actual time=0.014..1597.480 rows=1959155 loops=1)
        Filter: (keyword_id > 6508)
        Rows Removed by Filter: 2564775
  ->  Hash  (cost=130752.54..130752.54 rows=539088 width=8) (actual time=3108.761..3108.761 rows=954317 loops=1)
        Buckets: 131072 (originally 131072)  Batches: 16 (originally 8)  Memory Usage: 3370kB
        ->  Hash Join  (cost=83810.17..130752.54 rows=539088 width=8) (actual time=1434.211..2849.656 rows=954317 loops=1)
              Hash Cond: (mi_idx.movie_id = t.id)
              ->  Seq Scan on movie_info_idx mi_idx  (cost=0.00..21735.35 rows=1380035 width=4) (actual time=0.015..405.749 rows=1380035 loops=1)
              ->  Hash  (cost=67604.59..67604.59 rows=987727 width=4) (actual time=1433.346..1433.346 rows=985048 loops=1)
                    Buckets: 131072  Batches: 16  Memory Usage: 3188kB
                    ->  Seq Scan on title t  (cost=0.00..67604.59 rows=987727 width=4) (actual time=0.012..1141.220 rows=985048 loops=1)
                          Filter: (kind_id < 7)
                          Rows Removed by Filter: 1543264
Planning time: 1.198 ms
Execution time: 6758.113 ms
