Hash Join  (cost=102767.86..173717.25 rows=130613 width=0) (actual time=2558.605..3911.625 rows=59592 loops=1)
  Hash Cond: (mc.movie_id = t.id)
  ->  Seq Scan on movie_companies mc  (cost=0.00..57926.93 rows=130613 width=4) (actual time=0.089..859.158 rows=59592 loops=1)
        Filter: ((company_id < 122) AND (company_type_id > 1))
        Rows Removed by Filter: 2549537
  ->  Hash  (cost=61283.27..61283.27 rows=2528527 width=4) (actual time=2557.809..2557.809 rows=2528312 loops=1)
        Buckets: 131072  Batches: 64  Memory Usage: 2415kB
        ->  Seq Scan on title t  (cost=0.00..61283.27 rows=2528527 width=4) (actual time=0.010..1023.164 rows=2528312 loops=1)
Planning time: 1.983 ms
Execution time: 3919.125 ms
