Hash Join  (cost=437661.58..1150147.28 rows=49354 width=0) (actual time=7596.995..18594.343 rows=723506 loops=1)
  Hash Cond: (ci.movie_id = t.id)
  ->  Seq Scan on cast_info ci  (cost=0.00..705507.15 rows=1729336 width=4) (actual time=474.014..10034.989 rows=1654957 loops=1)
        Filter: (person_id < 164972)
        Rows Removed by Filter: 34589387
  ->  Hash  (cost=436759.56..436759.56 rows=72162 width=8) (actual time=7122.171..7122.171 rows=142289 loops=1)
        Buckets: 131072 (originally 131072)  Batches: 2 (originally 1)  Memory Usage: 3798kB
        ->  Hash Join  (cost=83810.17..436759.56 rows=72162 width=8) (actual time=4453.107..7077.102 rows=142289 loops=1)
              Hash Cond: (mi.movie_id = t.id)
              ->  Seq Scan on movie_info mi  (cost=0.00..346232.03 rows=184730 width=4) (actual time=3050.728..5391.382 rows=180112 loops=1)
                    Filter: (info_type_id = 13)
                    Rows Removed by Filter: 14655608
              ->  Hash  (cost=67604.59..67604.59 rows=987727 width=4) (actual time=1400.318..1400.318 rows=985048 loops=1)
                    Buckets: 131072  Batches: 16  Memory Usage: 3197kB
                    ->  Seq Scan on title t  (cost=0.00..67604.59 rows=987727 width=4) (actual time=0.023..1085.186 rows=985048 loops=1)
                          Filter: (kind_id < 7)
                          Rows Removed by Filter: 1543264
Planning time: 5.341 ms
Execution time: 18683.597 ms
