Hash Join  (cost=78724.21..546628.75 rows=1095935 width=0) (actual time=1224.948..12713.626 rows=1836877 loops=1)
  Hash Cond: (mi.movie_id = t.id)
  ->  Seq Scan on movie_info mi  (cost=0.00..346232.03 rows=9476311 width=4) (actual time=0.022..6648.103 rows=9565151 loops=1)
        Filter: (info_type_id < 16)
        Rows Removed by Filter: 5270569
  ->  Hash  (cost=73925.90..73925.90 rows=292424 width=4) (actual time=1224.260..1224.260 rows=231739 loops=1)
        Buckets: 131072  Batches: 4  Memory Usage: 3073kB
        ->  Seq Scan on title t  (cost=0.00..73925.90 rows=292424 width=4) (actual time=251.597..1147.976 rows=231739 loops=1)
              Filter: ((kind_id < 2) AND (production_year > 2004))
              Rows Removed by Filter: 2296573
Planning time: 0.684 ms
Execution time: 12929.296 ms
