Seq Scan on movie_keyword mk  (cost=0.00..81003.12 rows=281633 width=0) (actual time=0.028..1237.763 rows=280548 loops=1)
  Filter: (keyword_id > 56850)
  Rows Removed by Filter: 4243382
Planning time: 1.138 ms
Execution time: 1275.151 ms
