Seq Scan on movie_keyword mk  (cost=0.00..81003.12 rows=246 width=0) (actual time=16.350..1245.138 rows=358 loops=1)
  Filter: (keyword_id = 1712)
  Rows Removed by Filter: 4523572
Planning time: 0.400 ms
Execution time: 1245.414 ms
