Hash Join  (cost=94655.84..813391.50 rows=1904 width=0) (actual time=5860.634..13323.277 rows=9192 loops=1)
  Hash Cond: (ci.movie_id = t.id)
  ->  Seq Scan on cast_info ci  (cost=0.00..705507.15 rows=3522526 width=4) (actual time=2053.724..11109.063 rows=3398476 loops=1)
        Filter: (person_id < 326736)
        Rows Removed by Filter: 32845868
  ->  Hash  (cost=94638.77..94638.77 rows=1366 width=8) (actual time=1550.972..1550.972 rows=3204 loops=1)
        Buckets: 4096 (originally 2048)  Batches: 1 (originally 1)  Memory Usage: 158kB
        ->  Hash Join  (cost=67697.55..94638.77 rows=1366 width=8) (actual time=1012.227..1549.397 rows=3204 loops=1)
              Hash Cond: (mi_idx.movie_id = t.id)
              ->  Seq Scan on movie_info_idx mi_idx  (cost=0.00..25185.44 rows=464566 width=4) (actual time=0.022..419.739 rows=459925 loops=1)
                    Filter: (info_type_id = 101)
                    Rows Removed by Filter: 920110
              ->  Hash  (cost=67604.59..67604.59 rows=7437 width=4) (actual time=1011.777..1011.777 rows=14284 loops=1)
                    Buckets: 16384 (originally 8192)  Batches: 1 (originally 1)  Memory Usage: 631kB
                    ->  Seq Scan on title t  (cost=0.00..67604.59 rows=7437 width=4) (actual time=0.205..1004.803 rows=14284 loops=1)
                          Filter: (production_year = 1973)
                          Rows Removed by Filter: 2514028
Planning time: 1.264 ms
Execution time: 13325.504 ms
