Hash Join  (cost=66226.64..156216.15 rows=45 width=0) (actual time=999.240..2569.833 rows=241 loops=1)
  Hash Cond: (mk.movie_id = t.id)
  ->  Seq Scan on movie_keyword mk  (cost=0.00..81003.12 rows=2396249 width=4) (actual time=0.020..1342.749 rows=2396536 loops=1)
        Filter: (keyword_id < 5573)
        Rows Removed by Filter: 2127394
  ->  Hash  (cost=66226.05..66226.05 rows=47 width=8) (actual time=909.924..909.924 rows=377 loops=1)
        Buckets: 1024  Batches: 1  Memory Usage: 23kB
        ->  Nested Loop  (cost=0.43..66226.05 rows=47 width=8) (actual time=5.222..909.572 rows=377 loops=1)
              ->  Seq Scan on movie_companies mc  (cost=0.00..51404.11 rows=1855 width=4) (actual time=0.245..801.059 rows=4712 loops=1)
                    Filter: (company_id < 6)
                    Rows Removed by Filter: 2604417
              ->  Index Scan using title_pkey on title t  (cost=0.43..7.98 rows=1 width=4) (actual time=0.022..0.022 rows=0 loops=4712)
                    Index Cond: (id = mc.movie_id)
                    Filter: ((kind_id < 7) AND (production_year = 2012))
                    Rows Removed by Filter: 1
Planning time: 1.240 ms
Execution time: 2570.052 ms
