Seq Scan on movie_keyword mk  (cost=0.00..81003.12 rows=742790 width=0) (actual time=0.022..1268.535 rows=744757 loops=1)
  Filter: (keyword_id < 679)
  Rows Removed by Filter: 3779173
Planning time: 0.327 ms
Execution time: 1362.873 ms
