Seq Scan on movie_keyword mk  (cost=0.00..81003.12 rows=1068535 width=0) (actual time=0.016..1364.211 rows=1080005 loops=1)
  Filter: (keyword_id > 16388)
  Rows Removed by Filter: 3443925
Planning time: 0.347 ms
Execution time: 1500.125 ms
