Hash Join  (cost=587806.18..1841634.11 rows=12533331 width=0) (actual time=14272.149..44266.224 rows=18228320 loops=1)
  Hash Cond: (ci.movie_id = t.id)
  ->  Seq Scan on cast_info ci  (cost=0.00..705507.15 rows=23450245 width=4) (actual time=0.018..15072.152 rows=23507103 loops=1)
        Filter: (person_id > 1256169)
        Rows Removed by Filter: 12737241
  ->  Hash  (cost=565634.57..565634.57 rows=1351409 width=8) (actual time=14270.653..14270.653 rows=984589 loops=1)
        Buckets: 131072  Batches: 32  Memory Usage: 2195kB
        ->  Hash Join  (cost=71408.55..565634.57 rows=1351409 width=8) (actual time=1289.169..13930.204 rows=984589 loops=1)
              Hash Cond: (mi.movie_id = t.id)
              ->  Seq Scan on movie_info mi  (cost=0.00..309384.22 rows=14739122 width=4) (actual time=0.006..5977.090 rows=14835720 loops=1)
              ->  Hash  (cost=67604.59..67604.59 rows=231837 width=4) (actual time=1288.413..1288.413 rows=231649 loops=1)
                    Buckets: 131072  Batches: 4  Memory Usage: 3082kB
                    ->  Seq Scan on title t  (cost=0.00..67604.59 rows=231837 width=4) (actual time=0.047..1202.252 rows=231649 loops=1)
                          Filter: (production_year > 2011)
                          Rows Removed by Filter: 2296663
Planning time: 1.115 ms
Execution time: 46149.743 ms
