Hash Join  (cost=156209.36..512925.16 rows=117092 width=0) (actual time=7921.120..8930.491 rows=375302 loops=1)
  Hash Cond: (mi.movie_id = t.id)
  ->  Seq Scan on movie_info mi  (cost=0.00..346232.03 rows=651960 width=4) (actual time=4539.349..5056.805 rows=660923 loops=1)
        Filter: (info_type_id = 18)
        Rows Removed by Filter: 14174797
  ->  Hash  (cost=148758.81..148758.81 rows=454124 width=8) (actual time=3380.729..3380.729 rows=459925 loops=1)
        Buckets: 131072  Batches: 8  Memory Usage: 3284kB
        ->  Hash Join  (cost=102767.86..148758.81 rows=454124 width=8) (actual time=1990.665..3239.295 rows=459925 loops=1)
              Hash Cond: (mi_idx.movie_id = t.id)
              ->  Seq Scan on movie_info_idx mi_idx  (cost=0.00..25185.44 rows=454124 width=4) (actual time=0.043..467.281 rows=459925 loops=1)
                    Filter: (info_type_id = 100)
                    Rows Removed by Filter: 920110
              ->  Hash  (cost=61283.27..61283.27 rows=2528527 width=4) (actual time=1989.843..1989.843 rows=2528312 loops=1)
                    Buckets: 131072  Batches: 64  Memory Usage: 2415kB
                    ->  Seq Scan on title t  (cost=0.00..61283.27 rows=2528527 width=4) (actual time=0.022..1137.651 rows=2528312 loops=1)
Planning time: 1.185 ms
Execution time: 8977.129 ms
