Hash Join  (cost=186437.32..998967.50 rows=91093 width=0) (actual time=5318.179..18058.216 rows=361662 loops=1)
  Hash Cond: (ci.movie_id = t.id)
  ->  Seq Scan on cast_info ci  (cost=0.00..796071.18 rows=1284016 width=4) (actual time=1876.655..13224.829 rows=3346602 loops=1)
        Filter: ((person_id > 2630239) AND (role_id = 10))
        Rows Removed by Filter: 32897742
  ->  Hash  (cost=183494.01..183494.01 rows=179385 width=8) (actual time=3439.413..3439.413 rows=39005 loops=1)
        Buckets: 131072  Batches: 4  Memory Usage: 1418kB
        ->  Hash Join  (cost=77854.63..183494.01 rows=179385 width=8) (actual time=2150.960..3425.438 rows=39005 loops=1)
              Hash Cond: (mk.movie_id = t.id)
              ->  Seq Scan on movie_keyword mk  (cost=0.00..81003.12 rows=1894507 width=4) (actual time=0.033..1494.028 rows=1900465 loops=1)
                    Filter: (keyword_id > 7105)
                    Rows Removed by Filter: 2623465
              ->  Hash  (cost=73925.90..73925.90 rows=239418 width=4) (actual time=1171.701..1171.701 rows=256906 loops=1)
                    Buckets: 131072  Batches: 4  Memory Usage: 3302kB
                    ->  Seq Scan on title t  (cost=0.00..73925.90 rows=239418 width=4) (actual time=0.021..1084.747 rows=256906 loops=1)
                          Filter: ((production_year > 2010) AND (kind_id = 7))
                          Rows Removed by Filter: 2271406
Planning time: 1.309 ms
Execution time: 18103.776 ms
