Hash Join  (cost=74058.02..930277.69 rows=66305 width=0) (actual time=2250.328..21364.180 rows=69533 loops=1)
  Hash Cond: (ci.movie_id = t.id)
  ->  Seq Scan on cast_info ci  (cost=0.00..796071.18 rows=15862785 width=4) (actual time=1100.186..16961.584 rows=15956223 loops=1)
        Filter: ((person_id > 68987) AND (role_id > 2))
        Rows Removed by Filter: 20288121
  ->  Hash  (cost=73925.90..73925.90 rows=10569 width=4) (actual time=1149.743..1149.743 rows=10528 loops=1)
        Buckets: 16384  Batches: 1  Memory Usage: 499kB
        ->  Seq Scan on title t  (cost=0.00..73925.90 rows=10569 width=4) (actual time=0.714..1144.746 rows=10528 loops=1)
              Filter: ((kind_id < 7) AND (production_year = 1993))
              Rows Removed by Filter: 2517784
Planning time: 0.790 ms
Execution time: 21378.476 ms
