Seq Scan on cast_info ci  (cost=0.00..796071.18 rows=324 width=0) (actual time=7377.772..14123.515 rows=41 loops=1)
  Filter: ((role_id > 1) AND (person_id = 97089))
  Rows Removed by Filter: 36244303
Planning time: 0.399 ms
Execution time: 14123.643 ms
