Hash Join  (cost=210673.10..354274.23 rows=1772809 width=0) (actual time=4511.622..13405.725 rows=21763854 loops=1)
  Hash Cond: (mk.movie_id = t.id)
  ->  Seq Scan on movie_keyword mk  (cost=0.00..69693.30 rows=4523930 width=4) (actual time=0.020..1571.432 rows=4523930 loops=1)
  ->  Hash  (cost=194416.32..194416.32 rows=990863 width=8) (actual time=4510.898..4510.898 rows=850106 loops=1)
        Buckets: 131072  Batches: 16  Memory Usage: 3149kB
        ->  Hash Join  (cost=102767.86..194416.32 rows=990863 width=8) (actual time=2053.419..4271.441 rows=850106 loops=1)
              Hash Cond: (mc.movie_id = t.id)
              ->  Seq Scan on movie_companies mc  (cost=0.00..57926.93 rows=990863 width=4) (actual time=0.025..1159.478 rows=850106 loops=1)
                    Filter: ((company_id > 663) AND (company_type_id = 1))
                    Rows Removed by Filter: 1759023
              ->  Hash  (cost=61283.27..61283.27 rows=2528527 width=4) (actual time=2052.683..2052.683 rows=2528312 loops=1)
                    Buckets: 131072  Batches: 64  Memory Usage: 2415kB
                    ->  Seq Scan on title t  (cost=0.00..61283.27 rows=2528527 width=4) (actual time=0.012..1221.822 rows=2528312 loops=1)
Planning time: 2.808 ms
Execution time: 16016.857 ms
