Hash Join  (cost=102767.86..178764.07 rows=611452 width=0) (actual time=2152.903..4274.029 rows=615830 loops=1)
  Hash Cond: (mc.movie_id = t.id)
  ->  Seq Scan on movie_companies mc  (cost=0.00..51404.11 rows=611452 width=4) (actual time=211.890..836.430 rows=615830 loops=1)
        Filter: (company_id > 63336)
        Rows Removed by Filter: 1993299
  ->  Hash  (cost=61283.27..61283.27 rows=2528527 width=4) (actual time=1937.591..1937.591 rows=2528312 loops=1)
        Buckets: 131072  Batches: 64  Memory Usage: 2415kB
        ->  Seq Scan on title t  (cost=0.00..61283.27 rows=2528527 width=4) (actual time=0.027..1096.170 rows=2528312 loops=1)
Planning time: 0.688 ms
Execution time: 4346.929 ms
