Hash Join  (cost=102767.86..301724.17 rows=4491396 width=0) (actual time=1978.527..7910.575 rows=4494376 loops=1)
  Hash Cond: (mk.movie_id = t.id)
  ->  Seq Scan on movie_keyword mk  (cost=0.00..81003.12 rows=4491396 width=4) (actual time=0.020..1753.010 rows=4494376 loops=1)
        Filter: (keyword_id < 110806)
        Rows Removed by Filter: 29554
  ->  Hash  (cost=61283.27..61283.27 rows=2528527 width=4) (actual time=1977.222..1977.222 rows=2528312 loops=1)
        Buckets: 131072  Batches: 64  Memory Usage: 2425kB
        ->  Seq Scan on title t  (cost=0.00..61283.27 rows=2528527 width=4) (actual time=0.020..1111.207 rows=2528312 loops=1)
Planning time: 0.751 ms
Execution time: 8418.171 ms
