Hash Join  (cost=156487.41..275329.49 rows=490818 width=0) (actual time=3398.144..7586.418 rows=2056626 loops=1)
  Hash Cond: (mk.movie_id = t.id)
  ->  Seq Scan on movie_keyword mk  (cost=0.00..81003.12 rows=2692205 width=4) (actual time=0.021..1733.099 rows=2686353 loops=1)
        Filter: (keyword_id < 7581)
        Rows Removed by Filter: 1837577
  ->  Hash  (cost=148924.19..148924.19 rows=460978 width=8) (actual time=3397.374..3397.374 rows=459925 loops=1)
        Buckets: 131072  Batches: 8  Memory Usage: 3284kB
        ->  Hash Join  (cost=102767.86..148924.19 rows=460978 width=8) (actual time=1990.202..3256.791 rows=459925 loops=1)
              Hash Cond: (mi_idx.movie_id = t.id)
              ->  Seq Scan on movie_info_idx mi_idx  (cost=0.00..25185.44 rows=460978 width=4) (actual time=0.022..479.300 rows=459925 loops=1)
                    Filter: (info_type_id < 100)
                    Rows Removed by Filter: 920110
              ->  Hash  (cost=61283.27..61283.27 rows=2528527 width=4) (actual time=1989.048..1989.048 rows=2528312 loops=1)
                    Buckets: 131072  Batches: 64  Memory Usage: 2415kB
                    ->  Seq Scan on title t  (cost=0.00..61283.27 rows=2528527 width=4) (actual time=0.016..1157.336 rows=2528312 loops=1)
Planning time: 1.145 ms
Execution time: 7834.959 ms
