Seq Scan on movie_keyword mk  (cost=0.00..81003.12 rows=125378 width=0) (actual time=0.017..1235.863 rows=121949 loops=1)
  Filter: (keyword_id > 77671)
  Rows Removed by Filter: 4401981
Planning time: 0.228 ms
Execution time: 1252.392 ms
