Hash Join  (cost=156487.41..230747.06 rows=197902 width=0) (actual time=3427.081..5173.497 rows=362047 loops=1)
  Hash Cond: (mc.movie_id = t.id)
  ->  Seq Scan on movie_companies mc  (cost=0.00..57926.93 rows=1085518 width=4) (actual time=0.018..1190.497 rows=852689 loops=1)
        Filter: ((company_id < 75125) AND (company_type_id > 1))
        Rows Removed by Filter: 1756440
  ->  Hash  (cost=148924.19..148924.19 rows=460978 width=8) (actual time=3426.442..3426.442 rows=459925 loops=1)
        Buckets: 131072  Batches: 8  Memory Usage: 3275kB
        ->  Hash Join  (cost=102767.86..148924.19 rows=460978 width=8) (actual time=2107.806..3302.329 rows=459925 loops=1)
              Hash Cond: (mi_idx.movie_id = t.id)
              ->  Seq Scan on movie_info_idx mi_idx  (cost=0.00..25185.44 rows=460978 width=4) (actual time=0.010..483.678 rows=459925 loops=1)
                    Filter: (info_type_id = 99)
                    Rows Removed by Filter: 920110
              ->  Hash  (cost=61283.27..61283.27 rows=2528527 width=4) (actual time=2106.399..2106.399 rows=2528312 loops=1)
                    Buckets: 131072  Batches: 64  Memory Usage: 2415kB
                    ->  Seq Scan on title t  (cost=0.00..61283.27 rows=2528527 width=4) (actual time=0.017..998.965 rows=2528312 loops=1)
Planning time: 3.542 ms
Execution time: 5213.672 ms
