Seq Scan on cast_info ci  (cost=0.00..705507.15 rows=18689418 width=0) (actual time=0.017..12135.566 rows=18586698 loops=1)
  Filter: (person_id < 1849944)
  Rows Removed by Filter: 17657646
Planning time: 0.319 ms
Execution time: 14388.039 ms
