Hash Join  (cost=183067.13..828030.38 rows=937288 width=209) (actual time=4891.557..25134.795 rows=6487316 loops=1)
  Hash Cond: (mi.movie_id = t.id)
  ->  Seq Scan on movie_info mi  (cost=0.00..346232.03 rows=9767026 width=75) (actual time=0.024..8468.883 rows=9911754 loops=1)
        Filter: (info_type_id > 4)
        Rows Removed by Filter: 4923966
  ->  Hash  (cost=175294.01..175294.01 rows=242649 width=134) (actual time=4889.414..4889.414 rows=459562 loops=1)
        Buckets: 32768 (originally 32768)  Batches: 32 (originally 16)  Memory Usage: 3841kB
        ->  Hash Join  (cost=73989.00..175294.01 rows=242649 width=134) (actual time=1844.311..4563.769 rows=459562 loops=1)
              Hash Cond: (mc.movie_id = t.id)
              ->  Seq Scan on movie_companies mc  (cost=0.00..44881.29 rows=2609129 width=40) (actual time=0.021..1033.799 rows=2609129 loops=1)
              ->  Hash  (cost=67604.59..67604.59 rows=235153 width=94) (actual time=1843.905..1843.905 rows=230883 loops=1)
                    Buckets: 32768  Batches: 8  Memory Usage: 3454kB
                    ->  Seq Scan on title t  (cost=0.00..67604.59 rows=235153 width=94) (actual time=0.079..1387.774 rows=230883 loops=1)
                          Filter: (production_year < 1959)
                          Rows Removed by Filter: 2297429
Planning time: 1.383 ms
Execution time: 25527.189 ms
