Seq Scan on movie_companies mc  (cost=0.00..57926.93 rows=327584 width=0) (actual time=332.513..830.443 rows=629185 loops=1)
  Filter: ((company_id > 55200) AND (company_type_id = 2))
  Rows Removed by Filter: 1979944
Planning time: 0.280 ms
Execution time: 903.933 ms
