Hash Join  (cost=73983.10..100918.57 rows=2498 width=0) (actual time=1158.984..1759.432 rows=3837 loops=1)
  Hash Cond: (mi_idx.movie_id = t.id)
  ->  Seq Scan on movie_info_idx mi_idx  (cost=0.00..21735.35 rows=1380035 width=4) (actual time=3.256..333.678 rows=1380035 loops=1)
  ->  Hash  (cost=73925.90..73925.90 rows=4576 width=4) (actual time=1152.517..1152.517 rows=2687 loops=1)
        Buckets: 8192  Batches: 1  Memory Usage: 159kB
        ->  Seq Scan on title t  (cost=0.00..73925.90 rows=4576 width=4) (actual time=290.656..1151.143 rows=2687 loops=1)
              Filter: ((production_year > 2006) AND (kind_id = 6))
              Rows Removed by Filter: 2525625
Planning time: 1.795 ms
Execution time: 1760.084 ms
