Hash Join  (cost=126910.62..213676.35 rows=10769 width=0) (actual time=2405.707..4228.243 rows=9444 loops=1)
  Hash Cond: (mk.movie_id = t.id)
  ->  Seq Scan on movie_keyword mk  (cost=0.00..69693.30 rows=4523930 width=4) (actual time=0.017..964.237 rows=4523930 loops=1)
  ->  Hash  (cost=126835.38..126835.38 rows=6019 width=8) (actual time=2405.535..2405.535 rows=15704 loops=1)
        Buckets: 16384 (originally 8192)  Batches: 1 (originally 1)  Memory Usage: 742kB
        ->  Hash Join  (cost=67697.55..126835.38 rows=6019 width=8) (actual time=1128.664..2398.940 rows=15704 loops=1)
              Hash Cond: (mc.movie_id = t.id)
              ->  Seq Scan on movie_companies mc  (cost=0.00..51404.11 rows=2046274 width=4) (actual time=0.019..1006.819 rows=2049277 loops=1)
                    Filter: (company_id > 594)
                    Rows Removed by Filter: 559852
              ->  Hash  (cost=67604.59..67604.59 rows=7437 width=4) (actual time=1014.640..1014.640 rows=8125 loops=1)
                    Buckets: 8192  Batches: 1  Memory Usage: 350kB
                    ->  Seq Scan on title t  (cost=0.00..67604.59 rows=7437 width=4) (actual time=0.037..1011.376 rows=8125 loops=1)
                          Filter: (production_year = 1914)
                          Rows Removed by Filter: 2520187
Planning time: 1.162 ms
Execution time: 4229.929 ms
