Seq Scan on movie_companies mc  (cost=0.00..51404.11 rows=987411 width=0) (actual time=0.015..615.504 rows=988963 loops=1)
  Filter: (company_id < 4568)
  Rows Removed by Filter: 1620166
Planning time: 0.346 ms
Execution time: 718.057 ms
