Seq Scan on movie_keyword mk  (cost=0.00..81003.12 rows=3446927 width=0) (actual time=0.021..1478.717 rows=3436014 loops=1)
  Filter: (keyword_id < 16270)
  Rows Removed by Filter: 1087916
Planning time: 2.922 ms
Execution time: 1906.606 ms
