Hash Join  (cost=116005.79..601043.90 rows=490318 width=0) (actual time=2420.872..12656.139 rows=440006 loops=1)
  Hash Cond: (mi.movie_id = t.id)
  ->  Seq Scan on movie_info mi  (cost=0.00..309384.22 rows=14739122 width=4) (actual time=0.009..5827.941 rows=14835720 loops=1)
  ->  Hash  (cost=114625.35..114625.35 rows=84115 width=8) (actual time=1912.863..1912.863 rows=42506 loops=1)
        Buckets: 131072  Batches: 2  Memory Usage: 1863kB
        ->  Hash Join  (cost=81437.64..114625.35 rows=84115 width=8) (actual time=1428.538..1898.666 rows=42506 loops=1)
              Hash Cond: (mi_idx.movie_id = t.id)
              ->  Seq Scan on movie_info_idx mi_idx  (cost=0.00..25185.44 rows=464566 width=4) (actual time=0.011..471.498 rows=459925 loops=1)
                    Filter: (info_type_id = 101)
                    Rows Removed by Filter: 920110
              ->  Hash  (cost=73925.90..73925.90 rows=457819 width=4) (actual time=1186.504..1186.504 rows=344212 loops=1)
                    Buckets: 131072  Batches: 8  Memory Usage: 2523kB
                    ->  Seq Scan on title t  (cost=0.00..73925.90 rows=457819 width=4) (actual time=0.005..1069.530 rows=344212 loops=1)
                          Filter: ((production_year < 1993) AND (kind_id = 7))
                          Rows Removed by Filter: 2184100
Planning time: 0.830 ms
Execution time: 12711.282 ms
