Seq Scan on movie_companies mc  (cost=0.00..57926.93 rows=444919 width=0) (actual time=0.020..940.231 rows=640498 loops=1)
  Filter: ((company_id < 2962) AND (company_type_id < 2))
  Rows Removed by Filter: 1968631
Planning time: 0.358 ms
Execution time: 1022.250 ms
