Hash Join  (cost=69694.50..129796.80 rows=34222 width=0) (actual time=1276.808..2415.886 rows=29521 loops=1)
  Hash Cond: (mc.movie_id = t.id)
  ->  Seq Scan on movie_companies mc  (cost=0.00..51404.11 rows=679458 width=4) (actual time=0.025..852.611 rows=671370 loops=1)
        Filter: (company_id < 1076)
        Rows Removed by Filter: 1937759
  ->  Hash  (cost=67604.59..67604.59 rows=127353 width=4) (actual time=1275.828..1275.828 rows=128696 loops=1)
        Buckets: 131072  Batches: 2  Memory Usage: 3284kB
        ->  Seq Scan on title t  (cost=0.00..67604.59 rows=127353 width=4) (actual time=0.022..1228.093 rows=128696 loops=1)
              Filter: (production_year = 2009)
              Rows Removed by Filter: 2399616
Planning time: 0.727 ms
Execution time: 2420.686 ms
