Hash Join  (cost=111502.84..822935.80 rows=31212 width=0) (actual time=2782.255..12022.433 rows=31355 loops=1)
  Hash Cond: (ci.movie_id = t.id)
  ->  Seq Scan on cast_info ci  (cost=0.00..705507.15 rows=1496985 width=4) (actual time=551.623..9415.596 rows=1421720 loops=1)
        Filter: (person_id < 142746)
        Rows Removed by Filter: 34822624
  ->  Hash  (cost=110843.85..110843.85 rows=52719 width=8) (actual time=2230.180..2230.180 rows=26312 loops=1)
        Buckets: 65536  Batches: 1  Memory Usage: 1540kB
        ->  Hash Join  (cost=78670.55..110843.85 rows=52719 width=8) (actual time=1463.117..2219.564 rows=26312 loops=1)
              Hash Cond: (mi_idx.movie_id = t.id)
              ->  Seq Scan on movie_info_idx mi_idx  (cost=0.00..25185.44 rows=460978 width=4) (actual time=0.022..488.941 rows=459925 loops=1)
                    Filter: (info_type_id = 99)
                    Rows Removed by Filter: 920110
              ->  Hash  (cost=73925.90..73925.90 rows=289172 width=4) (actual time=1462.230..1462.230 rows=292674 loops=1)
                    Buckets: 131072  Batches: 4  Memory Usage: 3617kB
                    ->  Seq Scan on title t  (cost=0.00..73925.90 rows=289172 width=4) (actual time=0.023..1359.464 rows=292674 loops=1)
                          Filter: ((kind_id > 1) AND (production_year > 2010))
                          Rows Removed by Filter: 2235638
Planning time: 4.206 ms
Execution time: 12027.586 ms
