Seq Scan on movie_companies mc  (cost=0.00..57926.93 rows=885668 width=0) (actual time=0.014..1081.989 rows=708294 loops=1)
  Filter: ((company_id > 1730) AND (company_type_id = 1))
  Rows Removed by Filter: 1900835
Planning time: 0.403 ms
Execution time: 1169.532 ms
