Hash Join  (cost=81720.25..1271106.66 rows=8866478 width=0) (actual time=1406.750..36395.564 rows=9575849 loops=1)
  Hash Cond: (ci.movie_id = t.id)
  ->  Seq Scan on cast_info ci  (cost=0.00..796071.18 rows=26057452 width=4) (actual time=0.020..19441.193 rows=25659963 loops=1)
        Filter: ((person_id > 598394) AND (role_id < 10))
        Rows Removed by Filter: 10584381
  ->  Hash  (cost=67604.59..67604.59 rows=860373 width=4) (actual time=1405.628..1405.628 rows=854214 loops=1)
        Buckets: 131072  Batches: 16  Memory Usage: 2897kB
        ->  Seq Scan on title t  (cost=0.00..67604.59 rows=860373 width=4) (actual time=0.026..1157.203 rows=854214 loops=1)
              Filter: (kind_id < 4)
              Rows Removed by Filter: 1674098
Planning time: 0.770 ms
Execution time: 37417.855 ms
