Seq Scan on cast_info ci  (cost=0.00..796071.18 rows=2527645 width=0) (actual time=0.017..12833.754 rows=6608369 loops=1)
  Filter: ((person_id > 2917677) AND (role_id > 3))
  Rows Removed by Filter: 29635975
Planning time: 0.315 ms
Execution time: 13647.802 ms
