Hash Join  (cost=89472.60..132371.05 rows=342938 width=0) (actual time=1516.796..2692.251 rows=193430 loops=1)
  Hash Cond: (mi_idx.movie_id = t.id)
  ->  Seq Scan on movie_info_idx mi_idx  (cost=0.00..25185.44 rows=915101 width=4) (actual time=0.028..578.241 rows=919850 loops=1)
        Filter: (info_type_id < 101)
        Rows Removed by Filter: 460185
  ->  Hash  (cost=73925.90..73925.90 rows=947576 width=4) (actual time=1515.520..1515.520 rows=876037 loops=1)
        Buckets: 131072  Batches: 16  Memory Usage: 2949kB
        ->  Seq Scan on title t  (cost=0.00..73925.90 rows=947576 width=4) (actual time=0.021..1245.062 rows=876037 loops=1)
              Filter: ((production_year < 2007) AND (kind_id = 7))
              Rows Removed by Filter: 1652275
Planning time: 0.735 ms
Execution time: 2713.558 ms
