Hash Join  (cost=135896.59..222728.74 rows=17412 width=0) (actual time=2307.736..3610.886 rows=727208 loops=1)
  Hash Cond: (mk.movie_id = t.id)
  ->  Seq Scan on movie_keyword mk  (cost=0.00..69693.30 rows=4523930 width=4) (actual time=0.019..595.169 rows=4523930 loops=1)
  ->  Hash  (cost=135774.94..135774.94 rows=9732 width=8) (actual time=2306.688..2306.688 rows=19117 loops=1)
        Buckets: 32768 (originally 16384)  Batches: 1 (originally 1)  Memory Usage: 1003kB
        ->  Hash Join  (cost=74255.97..135774.94 rows=9732 width=8) (actual time=1056.199..2298.486 rows=19117 loops=1)
              Hash Cond: (mc.movie_id = t.id)
              ->  Seq Scan on movie_companies mc  (cost=0.00..57926.93 rows=931924 width=4) (actual time=0.027..1059.011 rows=779211 loops=1)
                    Filter: ((company_id > 1286) AND (company_type_id < 2))
                    Rows Removed by Filter: 1829918
              ->  Hash  (cost=73925.90..73925.90 rows=26405 width=4) (actual time=1055.866..1055.866 rows=23926 loops=1)
                    Buckets: 32768  Batches: 1  Memory Usage: 1098kB
                    ->  Seq Scan on title t  (cost=0.00..73925.90 rows=26405 width=4) (actual time=0.072..1045.674 rows=23926 loops=1)
                          Filter: ((kind_id < 7) AND (production_year = 2003))
                          Rows Removed by Filter: 2504386
Planning time: 5.949 ms
Execution time: 3675.934 ms
