Hash Join  (cost=68332.59..150022.95 rows=3977 width=0) (actual time=1096.311..2390.009 rows=4011 loops=1)
  Hash Cond: (mk.movie_id = t.id)
  ->  Seq Scan on movie_keyword mk  (cost=0.00..81003.12 rows=172658 width=4) (actual time=0.030..1250.267 rows=167194 loops=1)
        Filter: (keyword_id > 72277)
        Rows Removed by Filter: 4356736
  ->  Hash  (cost=67604.59..67604.59 rows=58240 width=4) (actual time=1095.897..1095.897 rows=58590 loops=1)
        Buckets: 65536  Batches: 1  Memory Usage: 2572kB
        ->  Seq Scan on title t  (cost=0.00..67604.59 rows=58240 width=4) (actual time=0.033..1067.242 rows=58590 loops=1)
              Filter: (production_year = 2001)
              Rows Removed by Filter: 2469722
Planning time: 1.313 ms
Execution time: 2390.926 ms
