Seq Scan on movie_companies mc  (cost=0.00..57926.93 rows=393247 width=0) (actual time=313.601..904.880 rows=226261 loops=1)
  Filter: ((company_id < 1573) AND (company_type_id > 1))
  Rows Removed by Filter: 2382868
Planning time: 0.340 ms
Execution time: 934.768 ms
