Hash Join  (cost=78556.72..197300.67 rows=653052 width=0) (actual time=1400.102..4665.167 rows=1582078 loops=1)
  Hash Cond: (mk.movie_id = t.id)
  ->  Seq Scan on movie_keyword mk  (cost=0.00..81003.12 rows=2473681 width=4) (actual time=0.025..1627.195 rows=2469531 loops=1)
        Filter: (keyword_id < 5952)
        Rows Removed by Filter: 2054399
  ->  Hash  (cost=67604.59..67604.59 rows=667531 width=4) (actual time=1399.015..1399.015 rows=662825 loops=1)
        Buckets: 131072  Batches: 16  Memory Usage: 2486kB
        ->  Seq Scan on title t  (cost=0.00..67604.59 rows=667531 width=4) (actual time=314.792..1187.380 rows=662825 loops=1)
              Filter: (kind_id = 1)
              Rows Removed by Filter: 1865487
Planning time: 0.756 ms
Execution time: 4858.687 ms
