Seq Scan on movie_keyword mk  (cost=0.00..81003.12 rows=338931 width=0) (actual time=0.033..1299.028 rows=336065 loops=1)
  Filter: (keyword_id > 49117)
  Rows Removed by Filter: 4187865
Planning time: 0.310 ms
Execution time: 1342.227 ms
