Hash Join  (cost=225270.24..693941.85 rows=4015348 width=0) (actual time=5505.798..19139.060 rows=13230790 loops=1)
  Hash Cond: (mi.movie_id = t.id)
  ->  Seq Scan on movie_info mi  (cost=0.00..346232.03 rows=5897221 width=4) (actual time=0.025..6173.395 rows=5884963 loops=1)
        Filter: (info_type_id < 7)
        Rows Removed by Filter: 8950757
  ->  Hash  (cost=197023.69..197023.69 rows=1721644 width=8) (actual time=5498.244..5498.244 rows=1954214 loops=1)
        Buckets: 131072  Batches: 32  Memory Usage: 3461kB
        ->  Hash Join  (cost=94978.31..197023.69 rows=1721644 width=8) (actual time=1864.667..4930.089 rows=1954214 loops=1)
              Hash Cond: (mc.movie_id = t.id)
              ->  Seq Scan on movie_companies mc  (cost=0.00..44881.29 rows=2609129 width=4) (actual time=0.055..882.215 rows=2609129 loops=1)
              ->  Hash  (cost=67604.59..67604.59 rows=1668458 width=4) (actual time=1863.490..1863.490 rows=1671292 loops=1)
                    Buckets: 131072  Batches: 32  Memory Usage: 2858kB
                    ->  Seq Scan on title t  (cost=0.00..67604.59 rows=1668458 width=4) (actual time=0.028..1334.569 rows=1671292 loops=1)
                          Filter: (production_year < 2008)
                          Rows Removed by Filter: 857020
Planning time: 1.215 ms
Execution time: 20611.417 ms
