Seq Scan on movie_keyword mk  (cost=0.00..81003.12 rows=252652 width=0) (actual time=0.024..1374.525 rows=250210 loops=1)
  Filter: (keyword_id > 60415)
  Rows Removed by Filter: 4273720
Planning time: 0.325 ms
Execution time: 1406.734 ms
