Seq Scan on movie_companies mc  (cost=0.00..51404.11 rows=839838 width=0) (actual time=0.024..986.293 rows=849540 loops=1)
  Filter: (company_id > 25295)
  Rows Removed by Filter: 1759589
Planning time: 0.363 ms
Execution time: 1090.931 ms
