Seq Scan on movie_companies mc  (cost=0.00..51404.11 rows=2010293 width=0) (actual time=0.013..1102.577 rows=2013217 loops=1)
  Filter: (company_id > 686)
  Rows Removed by Filter: 595912
Planning time: 0.343 ms
Execution time: 1352.643 ms
