Seq Scan on cast_info ci  (cost=0.00..796071.18 rows=16125892 width=0) (actual time=6181.015..17089.953 rows=15926439 loops=1)
  Filter: ((person_id < 4028056) AND (role_id > 2))
  Rows Removed by Filter: 20317905
Planning time: 0.353 ms
Execution time: 19020.978 ms
