Hash Join  (cost=102767.86..918553.45 rows=408764 width=0) (actual time=4988.113..15203.554 rows=773171 loops=1)
  Hash Cond: (ci.movie_id = t.id)
  ->  Seq Scan on cast_info ci  (cost=0.00..796071.18 rows=408764 width=4) (actual time=3163.445..12119.883 rows=773171 loops=1)
        Filter: ((person_id < 108322) AND (role_id = 1))
        Rows Removed by Filter: 35471173
  ->  Hash  (cost=61283.27..61283.27 rows=2528527 width=4) (actual time=1823.341..1823.341 rows=2528312 loops=1)
        Buckets: 131072  Batches: 64  Memory Usage: 2415kB
        ->  Seq Scan on title t  (cost=0.00..61283.27 rows=2528527 width=4) (actual time=0.015..1008.591 rows=2528312 loops=1)
Planning time: 0.882 ms
Execution time: 15288.240 ms
