Seq Scan on movie_companies mc  (cost=0.00..51404.11 rows=104 width=0) (actual time=27.933..777.402 rows=23 loops=1)
  Filter: (company_id = 19001)
  Rows Removed by Filter: 2609106
Planning time: 0.221 ms
Execution time: 777.476 ms
