Hash Join  (cost=83074.74..109986.57 rows=134 width=0) (actual time=1308.951..1932.292 rows=2890 loops=1)
  Hash Cond: (mi_idx.movie_id = t.id)
  ->  Seq Scan on movie_info_idx mi_idx  (cost=0.00..21735.35 rows=1380035 width=4) (actual time=0.016..357.403 rows=1380035 loops=1)
  ->  Hash  (cost=83071.67..83071.67 rows=246 width=8) (actual time=1308.222..1308.222 rows=995 loops=1)
        Buckets: 1024  Batches: 1  Memory Usage: 47kB
        ->  Nested Loop  (cost=0.43..83071.67 rows=246 width=8) (actual time=1.824..1307.465 rows=995 loops=1)
              ->  Seq Scan on movie_keyword mk  (cost=0.00..81003.12 rows=246 width=4) (actual time=1.781..1284.324 rows=995 loops=1)
                    Filter: (keyword_id = 1780)
                    Rows Removed by Filter: 4522935
              ->  Index Only Scan using title_pkey on title t  (cost=0.43..8.40 rows=1 width=4) (actual time=0.021..0.022 rows=1 loops=995)
                    Index Cond: (id = mk.movie_id)
                    Heap Fetches: 995
Planning time: 1.120 ms
Execution time: 1932.897 ms
