Hash Join  (cost=102767.86..921417.07 rows=527756 width=0) (actual time=7786.717..14623.729 rows=1205026 loops=1)
  Hash Cond: (ci.movie_id = t.id)
  ->  Seq Scan on cast_info ci  (cost=0.00..796071.18 rows=527756 width=4) (actual time=5920.851..11401.580 rows=1205026 loops=1)
        Filter: ((person_id > 3828339) AND (role_id > 2))
        Rows Removed by Filter: 35039318
  ->  Hash  (cost=61283.27..61283.27 rows=2528527 width=4) (actual time=1864.078..1864.078 rows=2528312 loops=1)
        Buckets: 131072  Batches: 64  Memory Usage: 2415kB
        ->  Seq Scan on title t  (cost=0.00..61283.27 rows=2528527 width=4) (actual time=0.070..1045.829 rows=2528312 loops=1)
Planning time: 0.600 ms
Execution time: 14763.987 ms
