Hash Join  (cost=148034.06..986506.62 rows=161018 width=0) (actual time=2979.522..20508.219 rows=456131 loops=1)
  Hash Cond: (ci.movie_id = t.id)
  ->  Seq Scan on cast_info ci  (cost=0.00..796071.18 rows=3488321 width=4) (actual time=0.031..15899.322 rows=4008037 loops=1)
        Filter: ((person_id < 3216747) AND (role_id = 3))
        Rows Removed by Filter: 32236307
  ->  Hash  (cost=146119.12..146119.12 rows=116715 width=8) (actual time=2978.630..2978.630 rows=100506 loops=1)
        Buckets: 131072  Batches: 2  Memory Usage: 2996kB
        ->  Hash Join  (cost=69460.45..146119.12 rows=116715 width=8) (actual time=1093.181..2946.715 rows=100506 loops=1)
              Hash Cond: (mc.movie_id = t.id)
              ->  Seq Scan on movie_companies mc  (cost=0.00..44881.29 rows=2609129 width=4) (actual time=0.030..907.098 rows=2609129 loops=1)
              ->  Hash  (cost=67604.59..67604.59 rows=113109 width=4) (actual time=1092.414..1092.414 rows=119565 loops=1)
                    Buckets: 131072  Batches: 2  Memory Usage: 3115kB
                    ->  Seq Scan on title t  (cost=0.00..67604.59 rows=113109 width=4) (actual time=0.018..1048.622 rows=119565 loops=1)
                          Filter: (production_year = 2007)
                          Rows Removed by Filter: 2408747
Planning time: 1.202 ms
Execution time: 20566.873 ms
