Hash Join  (cost=83074.74..447745.01 rows=1434 width=0) (actual time=1207.877..6781.822 rows=3448 loops=1)
  Hash Cond: (mi.movie_id = t.id)
  ->  Seq Scan on movie_info mi  (cost=0.00..309384.22 rows=14739122 width=4) (actual time=0.016..3200.678 rows=14835720 loops=1)
  ->  Hash  (cost=83071.67..83071.67 rows=246 width=8) (actual time=1177.931..1177.931 rows=31 loops=1)
        Buckets: 1024  Batches: 1  Memory Usage: 10kB
        ->  Nested Loop  (cost=0.43..83071.67 rows=246 width=8) (actual time=84.775..1177.864 rows=31 loops=1)
              ->  Seq Scan on movie_keyword mk  (cost=0.00..81003.12 rows=246 width=4) (actual time=84.688..1176.125 rows=31 loops=1)
                    Filter: (keyword_id = 12067)
                    Rows Removed by Filter: 4523899
              ->  Index Only Scan using title_pkey on title t  (cost=0.43..8.40 rows=1 width=4) (actual time=0.048..0.049 rows=1 loops=31)
                    Index Cond: (id = mk.movie_id)
                    Heap Fetches: 31
Planning time: 1.269 ms
Execution time: 6782.648 ms
