Hash Join  (cost=580582.92..1804725.05 rows=14182471 width=0) (actual time=14435.207..56851.782 rows=53486084 loops=1)
  Hash Cond: (ci.movie_id = t.id)
  ->  Seq Scan on cast_info ci  (cost=0.00..796071.18 rows=19853478 width=4) (actual time=0.018..18257.368 rows=19194035 loops=1)
        Filter: ((person_id > 596325) AND (role_id < 4))
        Rows Removed by Filter: 17050309
  ->  Hash  (cost=550948.53..550948.53 rows=1806271 width=8) (actual time=14433.426..14433.426 rows=2548938 loops=1)
        Buckets: 131072 (originally 131072)  Batches: 64 (originally 32)  Memory Usage: 3073kB
        ->  Hash Join  (cost=82400.67..550948.53 rows=1806271 width=8) (actual time=1334.700..13691.844 rows=2548938 loops=1)
              Hash Cond: (mi.movie_id = t.id)
              ->  Seq Scan on movie_info mi  (cost=0.00..346232.03 rows=8841901 width=4) (actual time=0.021..6813.661 rows=8950757 loops=1)
                    Filter: (info_type_id > 6)
                    Rows Removed by Filter: 5884963
              ->  Hash  (cost=73925.90..73925.90 rows=516541 width=4) (actual time=1333.623..1333.623 rows=440918 loops=1)
                    Buckets: 131072  Batches: 8  Memory Usage: 2967kB
                    ->  Seq Scan on title t  (cost=0.00..73925.90 rows=516541 width=4) (actual time=0.025..1178.260 rows=440918 loops=1)
                          Filter: ((kind_id < 7) AND (production_year > 2001))
                          Rows Removed by Filter: 2087394
Planning time: 1.184 ms
Execution time: 62503.953 ms
