Hash Join  (cost=69179.59..892198.88 rows=84482 width=0) (actual time=12335.653..16492.584 rows=78808 loops=1)
  Hash Cond: (ci.movie_id = t.id)
  ->  Seq Scan on cast_info ci  (cost=0.00..796071.18 rows=2225144 width=4) (actual time=11171.612..14456.008 rows=2263423 loops=1)
        Filter: ((person_id > 645943) AND (role_id = 4))
        Rows Removed by Filter: 33980921
  ->  Hash  (cost=67604.59..67604.59 rows=96000 width=4) (actual time=1162.884..1162.884 rows=95005 loops=1)
        Buckets: 131072  Batches: 2  Memory Usage: 2716kB
        ->  Seq Scan on title t  (cost=0.00..67604.59 rows=96000 width=4) (actual time=0.038..1126.357 rows=95005 loops=1)
              Filter: (production_year = 2005)
              Rows Removed by Filter: 2433307
Planning time: 0.747 ms
Execution time: 16504.762 ms
