Hash Join  (cost=797960.46..1152424.24 rows=194 width=0) (actual time=15032.325..20287.365 rows=36 loops=1)
  Hash Cond: (mi.movie_id = t.id)
  ->  Seq Scan on movie_info mi  (cost=0.00..346232.03 rows=2194617 width=4) (actual time=0.017..5768.480 rows=2233850 loops=1)
        Filter: (info_type_id > 16)
        Rows Removed by Filter: 12601870
  ->  Hash  (cost=797957.66..797957.66 rows=224 width=8) (actual time=14217.455..14217.455 rows=95 loops=1)
        Buckets: 1024  Batches: 1  Memory Usage: 12kB
        ->  Nested Loop  (cost=0.43..797957.66 rows=224 width=8) (actual time=496.514..14217.423 rows=95 loops=1)
              ->  Seq Scan on cast_info ci  (cost=0.00..796071.18 rows=224 width=4) (actual time=496.435..14215.716 rows=95 loops=1)
                    Filter: ((role_id > 2) AND (person_id = 3385515))
                    Rows Removed by Filter: 36244249
              ->  Index Only Scan using title_pkey on title t  (cost=0.43..8.41 rows=1 width=4) (actual time=0.017..0.017 rows=1 loops=95)
                    Index Cond: (id = ci.movie_id)
                    Heap Fetches: 95
Planning time: 2.758 ms
Execution time: 20287.522 ms
