Hash Join  (cost=101490.08..188273.74 rows=12562 width=0) (actual time=1705.495..3617.129 rows=101082 loops=1)
  Hash Cond: (mk.movie_id = t.id)
  ->  Seq Scan on movie_keyword mk  (cost=0.00..69693.30 rows=4523930 width=4) (actual time=0.014..1060.970 rows=4523930 loops=1)
  ->  Hash  (cost=101402.32..101402.32 rows=7021 width=8) (actual time=1705.097..1705.097 rows=10496 loops=1)
        Buckets: 16384 (originally 8192)  Batches: 1 (originally 1)  Memory Usage: 538kB
        ->  Hash Join  (cost=74403.17..101402.32 rows=7021 width=8) (actual time=1081.854..1699.982 rows=10496 loops=1)
              Hash Cond: (mi_idx.movie_id = t.id)
              ->  Seq Scan on movie_info_idx mi_idx  (cost=0.00..25185.44 rows=464934 width=4) (actual time=0.024..484.768 rows=460185 loops=1)
                    Filter: (info_type_id > 100)
                    Rows Removed by Filter: 919850
              ->  Hash  (cost=73925.90..73925.90 rows=38181 width=4) (actual time=1081.439..1081.439 rows=32218 loops=1)
                    Buckets: 65536  Batches: 1  Memory Usage: 1645kB
                    ->  Seq Scan on title t  (cost=0.00..73925.90 rows=38181 width=4) (actual time=0.017..1068.480 rows=32218 loops=1)
                          Filter: ((kind_id < 3) AND (production_year = 2009))
                          Rows Removed by Filter: 2496094
Planning time: 1.235 ms
Execution time: 3630.539 ms
