Hash Join  (cost=199590.97..653138.30 rows=3044064 width=0) (actual time=6911.176..20848.677 rows=24700444 loops=1)
  Hash Cond: (mi.movie_id = t.id)
  ->  Seq Scan on movie_info mi  (cost=0.00..346232.03 rows=6231111 width=4) (actual time=1588.229..6364.134 rows=6223494 loops=1)
        Filter: (info_type_id > 8)
        Rows Removed by Filter: 8612226
  ->  Hash  (cost=179324.30..179324.30 rows=1235253 width=8) (actual time=5321.672..5321.672 rows=1526120 loops=1)
        Buckets: 131072  Batches: 32  Memory Usage: 2926kB
        ->  Hash Join  (cost=87245.25..179324.30 rows=1235253 width=8) (actual time=1930.136..4873.563 rows=1526120 loops=1)
              Hash Cond: (mc.movie_id = t.id)
              ->  Seq Scan on movie_companies mc  (cost=0.00..44881.29 rows=2609129 width=4) (actual time=0.024..998.522 rows=2609129 loops=1)
              ->  Hash  (cost=67604.59..67604.59 rows=1197093 width=4) (actual time=1929.408..1929.408 rows=1195923 loops=1)
                    Buckets: 131072  Batches: 16  Memory Usage: 3653kB
                    ->  Seq Scan on title t  (cost=0.00..67604.59 rows=1197093 width=4) (actual time=0.019..1259.056 rows=1195923 loops=1)
                          Filter: (production_year < 2003)
                          Rows Removed by Filter: 1332389
Planning time: 1.273 ms
Execution time: 23653.412 ms
