Seq Scan on title t  (cost=0.00..73925.90 rows=2638 width=0) (actual time=410.071..988.416 rows=4094 loops=1)
  Filter: ((kind_id = 4) AND (production_year = 2001))
  Rows Removed by Filter: 2524218
Planning time: 0.716 ms
Execution time: 989.463 ms
