Seq Scan on movie_keyword mk  (cost=0.00..81003.12 rows=1782901 width=0) (actual time=0.018..1504.823 rows=1791569 loops=1)
  Filter: (keyword_id > 7765)
  Rows Removed by Filter: 2732361
Planning time: 0.307 ms
Execution time: 1733.495 ms
