Hash Join  (cost=263115.61..1789715.29 rows=30486445 width=0) (actual time=6914.082..59458.747 rows=57998237 loops=1)
  Hash Cond: (ci.movie_id = t.id)
  ->  Seq Scan on cast_info ci  (cost=0.00..796071.18 rows=29544649 width=4) (actual time=0.026..20471.146 rows=29656839 loops=1)
        Filter: ((person_id > 94306) AND (role_id < 9))
        Rows Removed by Filter: 6587505
  ->  Hash  (cost=220309.49..220309.49 rows=2609129 width=8) (actual time=6912.021..6912.021 rows=2609129 loops=1)
        Buckets: 131072  Batches: 64  Memory Usage: 2610kB
        ->  Hash Join  (cost=102767.86..220309.49 rows=2609129 width=8) (actual time=1893.923..6141.439 rows=2609129 loops=1)
              Hash Cond: (mc.movie_id = t.id)
              ->  Seq Scan on movie_companies mc  (cost=0.00..44881.29 rows=2609129 width=4) (actual time=0.019..993.062 rows=2609129 loops=1)
              ->  Hash  (cost=61283.27..61283.27 rows=2528527 width=4) (actual time=1891.855..1891.855 rows=2528312 loops=1)
                    Buckets: 131072  Batches: 64  Memory Usage: 2415kB
                    ->  Seq Scan on title t  (cost=0.00..61283.27 rows=2528527 width=4) (actual time=0.023..1062.443 rows=2528312 loops=1)
Planning time: 1.127 ms
Execution time: 66297.143 ms
