Hash Join  (cost=97377.02..573756.56 rows=4090226 width=0) (actual time=1964.579..13909.841 rows=2116108 loops=1)
  Hash Cond: (mi.movie_id = t.id)
  ->  Seq Scan on movie_info mi  (cost=0.00..346232.03 rows=7235534 width=4) (actual time=43.627..6738.299 rows=7286865 loops=1)
        Filter: (info_type_id < 8)
        Rows Removed by Filter: 7548855
  ->  Hash  (cost=73925.90..73925.90 rows=1429369 width=4) (actual time=1920.172..1920.172 rows=1550375 loops=1)
        Buckets: 131072  Batches: 32  Memory Usage: 2744kB
        ->  Seq Scan on title t  (cost=0.00..73925.90 rows=1429369 width=4) (actual time=0.018..1410.570 rows=1550375 loops=1)
              Filter: ((kind_id > 1) AND (production_year > 1980))
              Rows Removed by Filter: 977937
Planning time: 3.520 ms
Execution time: 14161.877 ms
