Seq Scan on cast_info ci  (cost=0.00..796071.18 rows=310844 width=0) (actual time=14910.508..15160.764 rows=301708 loops=1)
  Filter: ((person_id > 378294) AND (role_id > 10))
  Rows Removed by Filter: 35942636
Planning time: 0.335 ms
Execution time: 15197.850 ms
