Hash Join  (cost=102767.86..171564.42 rows=41208 width=0) (actual time=1904.812..3423.844 rows=17551 loops=1)
  Hash Cond: (mc.movie_id = t.id)
  ->  Seq Scan on movie_companies mc  (cost=0.00..57926.93 rows=41208 width=4) (actual time=0.188..886.214 rows=17551 loops=1)
        Filter: ((company_id < 19) AND (company_type_id = 2))
        Rows Removed by Filter: 2591578
  ->  Hash  (cost=61283.27..61283.27 rows=2528527 width=4) (actual time=1903.793..1903.793 rows=2528312 loops=1)
        Buckets: 131072  Batches: 64  Memory Usage: 2415kB
        ->  Seq Scan on title t  (cost=0.00..61283.27 rows=2528527 width=4) (actual time=0.021..1076.600 rows=2528312 loops=1)
Planning time: 0.755 ms
Execution time: 3426.010 ms
