Seq Scan on movie_keyword mk  (cost=0.00..81003.12 rows=4471061 width=0) (actual time=0.034..1618.761 rows=4474746 loops=1)
  Filter: (keyword_id < 99955)
  Rows Removed by Filter: 49184
Planning time: 0.232 ms
Execution time: 2171.433 ms
