Nested Loop  (cost=0.43..797958.22 rows=67 width=0) (actual time=8376.101..11333.724 rows=12 loops=1)
  ->  Seq Scan on cast_info ci  (cost=0.00..796071.18 rows=224 width=4) (actual time=1448.884..11331.366 rows=182 loops=1)
        Filter: ((role_id > 2) AND (person_id = 678907))
        Rows Removed by Filter: 36244162
  ->  Index Scan using title_pkey on title t  (cost=0.43..8.41 rows=1 width=4) (actual time=0.012..0.012 rows=0 loops=182)
        Index Cond: (id = ci.movie_id)
        Filter: (kind_id < 3)
        Rows Removed by Filter: 1
Planning time: 0.732 ms
Execution time: 11333.818 ms
