Hash Join  (cost=80562.70..971675.14 rows=3881816 width=0) (actual time=3093.787..22512.459 rows=4968553 loops=1)
  Hash Cond: (ci.movie_id = t.id)
  ->  Seq Scan on cast_info ci  (cost=0.00..705507.15 rows=12428035 width=4) (actual time=1760.478..13214.549 rows=12530053 loops=1)
        Filter: (person_id > 2429835)
        Rows Removed by Filter: 23714291
  ->  Hash  (cost=67604.59..67604.59 rows=789769 width=4) (actual time=1332.434..1332.434 rows=784926 loops=1)
        Buckets: 131072  Batches: 16  Memory Usage: 2749kB
        ->  Seq Scan on title t  (cost=0.00..67604.59 rows=789769 width=4) (actual time=0.039..1071.133 rows=784926 loops=1)
              Filter: (production_year > 2007)
              Rows Removed by Filter: 1743386
Planning time: 0.556 ms
Execution time: 23060.209 ms
