Hash Join  (cost=313653.18..1899467.61 rows=44919930 width=0) (actual time=6935.135..74393.258 rows=153307354 loops=1)
  Hash Cond: (ci.movie_id = t.id)
  ->  Seq Scan on cast_info ci  (cost=0.00..614943.12 rows=36225612 width=4) (actual time=0.016..13247.595 rows=36244344 loops=1)
  ->  Hash  (cost=262212.86..262212.86 rows=3135385 width=8) (actual time=6933.498..6933.498 rows=2742670 loops=1)
        Buckets: 131072  Batches: 64  Memory Usage: 2719kB
        ->  Hash Join  (cost=96356.06..262212.86 rows=3135385 width=8) (actual time=1798.891..6165.973 rows=2742670 loops=1)
              Hash Cond: (mk.movie_id = t.id)
              ->  Seq Scan on movie_keyword mk  (cost=0.00..69693.30 rows=4523930 width=4) (actual time=0.015..1397.773 rows=4523930 loops=1)
              ->  Hash  (cost=67604.59..67604.59 rows=1752438 width=4) (actual time=1797.277..1797.277 rows=1749032 loops=1)
                    Buckets: 131072  Batches: 32  Memory Usage: 2958kB
                    ->  Seq Scan on title t  (cost=0.00..67604.59 rows=1752438 width=4) (actual time=0.020..1217.879 rows=1749032 loops=1)
                          Filter: (production_year > 1990)
                          Rows Removed by Filter: 779280
Planning time: 1.113 ms
Execution time: 91864.442 ms
