Hash Join  (cost=142766.68..899591.28 rows=603544 width=0) (actual time=2640.071..19950.415 rows=939681 loops=1)
  Hash Cond: (ci.movie_id = t.id)
  ->  Seq Scan on cast_info ci  (cost=0.00..614943.12 rows=36225612 width=4) (actual time=0.015..7843.896 rows=36244344 loops=1)
  ->  Hash  (cost=142240.09..142240.09 rows=42127 width=8) (actual time=2639.561..2639.561 rows=31720 loops=1)
        Buckets: 65536  Batches: 1  Memory Usage: 1752kB
        ->  Hash Join  (cost=75292.52..142240.09 rows=42127 width=8) (actual time=1273.498..2627.438 rows=31720 loops=1)
              Hash Cond: (mc.movie_id = t.id)
              ->  Seq Scan on movie_companies mc  (cost=0.00..51404.11 rows=1279517 width=4) (actual time=53.760..963.751 rows=1274246 loops=1)
                    Filter: (company_type_id < 2)
                    Rows Removed by Filter: 1334883
              ->  Hash  (cost=73925.90..73925.90 rows=83249 width=4) (actual time=1218.885..1218.885 rows=101793 loops=1)
                    Buckets: 131072  Batches: 2  Memory Usage: 2803kB
                    ->  Seq Scan on title t  (cost=0.00..73925.90 rows=83249 width=4) (actual time=0.030..1182.270 rows=101793 loops=1)
                          Filter: ((kind_id > 1) AND (production_year = 2007))
                          Rows Removed by Filter: 2426519
Planning time: 1.176 ms
Execution time: 20074.418 ms
