Hash Join  (cost=83073.88..431616.45 rows=19 width=0) (actual time=4019.706..6923.315 rows=833 loops=1)
  Hash Cond: (mi.movie_id = t.id)
  ->  Seq Scan on movie_info mi  (cost=0.00..346232.03 rows=616095 width=4) (actual time=2632.208..5502.531 rows=598457 loops=1)
        Filter: (info_type_id = 15)
        Rows Removed by Filter: 14237263
  ->  Hash  (cost=83072.90..83072.90 rows=78 width=8) (actual time=1333.999..1333.999 rows=394 loops=1)
        Buckets: 1024  Batches: 1  Memory Usage: 24kB
        ->  Nested Loop  (cost=0.43..83072.90 rows=78 width=8) (actual time=623.483..1333.785 rows=394 loops=1)
              ->  Seq Scan on movie_keyword mk  (cost=0.00..81003.12 rows=246 width=4) (actual time=0.021..1210.343 rows=4049 loops=1)
                    Filter: (keyword_id = 1749)
                    Rows Removed by Filter: 4519881
              ->  Index Scan using title_pkey on title t  (cost=0.43..8.40 rows=1 width=4) (actual time=0.030..0.030 rows=0 loops=4049)
                    Index Cond: (id = mk.movie_id)
                    Filter: ((production_year > 2001) AND (kind_id = 7))
                    Rows Removed by Filter: 1
Planning time: 1.160 ms
Execution time: 6923.601 ms
