Seq Scan on movie_companies mc  (cost=0.00..57926.93 rows=372673 width=0) (actual time=0.043..935.267 rows=210083 loops=1)
  Filter: ((company_id < 1406) AND (company_type_id = 2))
  Rows Removed by Filter: 2399046
Planning time: 0.399 ms
Execution time: 961.586 ms
