Hash Join  (cost=139090.90..237411.32 rows=91667 width=0) (actual time=2829.792..5211.802 rows=134004 loops=1)
  Hash Cond: (mk.movie_id = t.id)
  ->  Seq Scan on movie_keyword mk  (cost=0.00..81003.12 rows=4373499 width=4) (actual time=0.014..1673.213 rows=4360169 loops=1)
        Filter: (keyword_id > 117)
        Rows Removed by Filter: 163761
  ->  Hash  (cost=138428.44..138428.44 rows=52997 width=8) (actual time=2828.848..2828.848 rows=40536 loops=1)
        Buckets: 65536  Batches: 1  Memory Usage: 2096kB
        ->  Hash Join  (cost=74698.31..138428.44 rows=52997 width=8) (actual time=1258.096..2813.859 rows=40536 loops=1)
              Hash Cond: (mc.movie_id = t.id)
              ->  Seq Scan on movie_companies mc  (cost=0.00..57926.93 rows=309925 width=4) (actual time=0.015..763.523 rows=169569 loops=1)
                    Filter: ((company_id < 704) AND (company_type_id = 2))
                    Rows Removed by Filter: 2439560
              ->  Hash  (cost=67604.59..67604.59 rows=432378 width=4) (actual time=1257.225..1257.225 rows=423779 loops=1)
                    Buckets: 131072  Batches: 8  Memory Usage: 2885kB
                    ->  Seq Scan on title t  (cost=0.00..67604.59 rows=432378 width=4) (actual time=0.024..1123.260 rows=423779 loops=1)
                          Filter: (production_year < 1974)
                          Rows Removed by Filter: 2104533
Planning time: 1.113 ms
Execution time: 5229.001 ms
