Hash Join  (cost=156374.04..250780.72 rows=93751 width=0) (actual time=3321.853..5196.227 rows=57869 loops=1)
  Hash Cond: (mk.movie_id = t.id)
  ->  Seq Scan on movie_keyword mk  (cost=0.00..81003.12 rows=997877 width=4) (actual time=0.015..1474.602 rows=1007707 loops=1)
        Filter: (keyword_id > 18242)
        Rows Removed by Filter: 3516223
  ->  Hash  (cost=152476.59..152476.59 rows=237556 width=8) (actual time=3320.895..3320.895 rows=83818 loops=1)
        Buckets: 131072  Batches: 4  Memory Usage: 1849kB
        ->  Hash Join  (cost=81097.38..152476.59 rows=237556 width=8) (actual time=1602.579..3291.678 rows=83818 loops=1)
              Hash Cond: (mc.movie_id = t.id)
              ->  Seq Scan on movie_companies mc  (cost=0.00..51404.11 rows=1374277 width=4) (actual time=107.395..1060.505 rows=1385774 loops=1)
                    Filter: (company_id > 11138)
                    Rows Removed by Filter: 1223355
              ->  Hash  (cost=73925.90..73925.90 rows=437078 width=4) (actual time=1493.559..1493.559 rows=464859 loops=1)
                    Buckets: 131072  Batches: 8  Memory Usage: 3070kB
                    ->  Seq Scan on title t  (cost=0.00..73925.90 rows=437078 width=4) (actual time=0.034..1343.696 rows=464859 loops=1)
                          Filter: ((kind_id > 3) AND (production_year > 2008))
                          Rows Removed by Filter: 2063453
Planning time: 1.848 ms
Execution time: 5203.640 ms
