Seq Scan on movie_companies mc  (cost=0.00..51404.11 rows=104 width=0) (actual time=44.944..796.512 rows=2 loops=1)
  Filter: (company_id = 53000)
  Rows Removed by Filter: 2609127
Planning time: 0.343 ms
Execution time: 796.577 ms
