Hash Join  (cost=178668.48..1241905.59 rows=2865195 width=0) (actual time=3358.859..30535.787 rows=2389719 loops=1)
  Hash Cond: (ci.movie_id = t.id)
  ->  Seq Scan on cast_info ci  (cost=0.00..614943.12 rows=36225612 width=4) (actual time=0.011..12541.562 rows=36244344 loops=1)
  ->  Hash  (cost=175386.61..175386.61 rows=199989 width=8) (actual time=3358.148..3358.148 rows=92864 loops=1)
        Buckets: 131072  Batches: 4  Memory Usage: 1936kB
        ->  Hash Join  (cost=102767.86..175386.61 rows=199989 width=8) (actual time=1996.837..3327.392 rows=92864 loops=1)
              Hash Cond: (mc.movie_id = t.id)
              ->  Seq Scan on movie_companies mc  (cost=0.00..57926.93 rows=199989 width=4) (actual time=0.019..856.940 rows=92864 loops=1)
                    Filter: ((company_id < 239) AND (company_type_id = 2))
                    Rows Removed by Filter: 2516265
              ->  Hash  (cost=61283.27..61283.27 rows=2528527 width=4) (actual time=1995.381..1995.381 rows=2528312 loops=1)
                    Buckets: 131072  Batches: 64  Memory Usage: 2415kB
                    ->  Seq Scan on title t  (cost=0.00..61283.27 rows=2528527 width=4) (actual time=0.019..1155.957 rows=2528312 loops=1)
Planning time: 1.291 ms
Execution time: 30803.133 ms
