Hash Join  (cost=325438.42..1957193.00 rows=49392037 width=0) (actual time=7262.332..78922.595 rows=170564061 loops=1)
  Hash Cond: (ci.movie_id = t.id)
  ->  Seq Scan on cast_info ci  (cost=0.00..614943.12 rows=36225612 width=4) (actual time=0.014..13045.382 rows=36244344 loops=1)
  ->  Hash  (cost=268877.22..268877.22 rows=3447536 width=8) (actual time=7260.375..7260.375 rows=3156005 loops=1)
        Buckets: 131072  Batches: 64  Memory Usage: 2934kB
        ->  Hash Join  (cost=99217.91..268877.22 rows=3447536 width=8) (actual time=1945.585..6431.255 rows=3156005 loops=1)
              Hash Cond: (mk.movie_id = t.id)
              ->  Seq Scan on movie_keyword mk  (cost=0.00..69693.30 rows=4523930 width=4) (actual time=0.025..1431.968 rows=4523930 loops=1)
              ->  Hash  (cost=67604.59..67604.59 rows=1926906 width=4) (actual time=1944.415..1944.415 rows=1918028 loops=1)
                    Buckets: 131072  Batches: 32  Memory Usage: 3147kB
                    ->  Seq Scan on title t  (cost=0.00..67604.59 rows=1926906 width=4) (actual time=0.023..1312.226 rows=1918028 loops=1)
                          Filter: (production_year > 1981)
                          Rows Removed by Filter: 610284
Planning time: 1.179 ms
Execution time: 97320.452 ms
