Seq Scan on cast_info ci  (cost=0.00..796071.18 rows=1334402 width=0) (actual time=5164.505..11860.219 rows=436731 loops=1)
  Filter: ((person_id < 1000744) AND (role_id > 9))
  Rows Removed by Filter: 35807613
Planning time: 0.280 ms
Execution time: 11913.915 ms
