Hash Join  (cost=188481.27..232422.63 rows=364188 width=0) (actual time=4066.847..5240.818 rows=336753 loops=1)
  Hash Cond: (mi_idx.movie_id = t.id)
  ->  Seq Scan on movie_info_idx mi_idx  (cost=0.00..21735.35 rows=1380035 width=4) (actual time=0.014..446.204 rows=1380035 loops=1)
  ->  Hash  (cost=177533.37..177533.37 rows=667272 width=8) (actual time=4065.404..4065.404 rows=317901 loops=1)
        Buckets: 131072  Batches: 16  Memory Usage: 1788kB
        ->  Hash Join  (cost=92883.59..177533.37 rows=667272 width=8) (actual time=1741.418..3968.315 rows=317901 loops=1)
              Hash Cond: (mc.movie_id = t.id)
              ->  Seq Scan on movie_companies mc  (cost=0.00..57926.93 rows=1095025 width=4) (actual time=110.287..1186.981 rows=870440 loops=1)
                    Filter: ((company_id < 76363) AND (company_type_id > 1))
                    Rows Removed by Filter: 1738689
              ->  Hash  (cost=67604.59..67604.59 rows=1540800 width=4) (actual time=1629.872..1629.872 rows=1543264 loops=1)
                    Buckets: 131072  Batches: 32  Memory Usage: 2722kB
                    ->  Seq Scan on title t  (cost=0.00..67604.59 rows=1540800 width=4) (actual time=0.026..1169.297 rows=1543264 loops=1)
                          Filter: (kind_id = 7)
                          Rows Removed by Filter: 985048
Planning time: 2.100 ms
Execution time: 5279.573 ms
