Seq Scan on movie_keyword mk  (cost=0.00..81003.12 rows=246 width=0) (actual time=8.472..1111.029 rows=39 loops=1)
  Filter: (keyword_id = 9252)
  Rows Removed by Filter: 4523891
Planning time: 0.390 ms
Execution time: 1111.151 ms
