Seq Scan on movie_companies mc  (cost=0.00..51404.11 rows=1904737 width=0) (actual time=0.025..1064.835 rows=1899752 loops=1)
  Filter: (company_id < 43991)
  Rows Removed by Filter: 709377
Planning time: 0.323 ms
Execution time: 1307.238 ms
