Seq Scan on title t  (cost=0.00..73925.90 rows=576636 width=0) (actual time=0.028..1114.099 rows=597161 loops=1)
  Filter: ((kind_id < 3) AND (production_year < 2010))
  Rows Removed by Filter: 1931151
Planning time: 1.138 ms
Execution time: 1189.721 ms
