Hash Join  (cost=256337.17..1145927.82 rows=3057088 width=0) (actual time=7951.042..23591.961 rows=10138685 loops=1)
  Hash Cond: (ci.movie_id = t.id)
  ->  Seq Scan on cast_info ci  (cost=0.00..796071.18 rows=4374117 width=4) (actual time=316.914..11528.847 rows=1871714 loops=1)
        Filter: ((person_id < 644890) AND (role_id > 1))
        Rows Removed by Filter: 34372630
  ->  Hash  (cost=227343.19..227343.19 rows=1767198 width=8) (actual time=7632.619..7632.619 rows=3878469 loops=1)
        Buckets: 131072 (originally 131072)  Batches: 64 (originally 32)  Memory Usage: 3438kB
        ->  Hash Join  (cost=83810.17..227343.19 rows=1767198 width=8) (actual time=1507.938..6587.706 rows=3878469 loops=1)
              Hash Cond: (mk.movie_id = t.id)
              ->  Seq Scan on movie_keyword mk  (cost=0.00..69693.30 rows=4523930 width=4) (actual time=0.039..1329.133 rows=4523930 loops=1)
              ->  Hash  (cost=67604.59..67604.59 rows=987727 width=4) (actual time=1506.901..1506.901 rows=985048 loops=1)
                    Buckets: 131072  Batches: 16  Memory Usage: 3197kB
                    ->  Seq Scan on title t  (cost=0.00..67604.59 rows=987727 width=4) (actual time=0.022..1195.819 rows=985048 loops=1)
                          Filter: (kind_id < 7)
                          Rows Removed by Filter: 1543264
Planning time: 2.118 ms
Execution time: 24725.111 ms
