Hash Join  (cost=98137.04..182997.85 rows=955413 width=0) (actual time=1963.044..4246.351 rows=849276 loops=1)
  Hash Cond: (mc.movie_id = t.id)
  ->  Seq Scan on movie_companies mc  (cost=0.00..51404.11 rows=1298115 width=4) (actual time=0.027..997.933 rows=1289537 loops=1)
        Filter: (company_id < 11245)
        Rows Removed by Filter: 1319592
  ->  Hash  (cost=67604.59..67604.59 rows=1860996 width=4) (actual time=1962.325..1962.325 rows=1865487 loops=1)
        Buckets: 131072  Batches: 32  Memory Usage: 3079kB
        ->  Seq Scan on title t  (cost=0.00..67604.59 rows=1860996 width=4) (actual time=0.017..1349.123 rows=1865487 loops=1)
              Filter: (kind_id > 1)
              Rows Removed by Filter: 662825
Planning time: 0.765 ms
Execution time: 4355.417 ms
