Hash Join  (cost=593011.95..2046620.90 rows=18826167 width=0) (actual time=16552.197..63632.970 rows=67695068 loops=1)
  Hash Cond: (ci.movie_id = t.id)
  ->  Seq Scan on cast_info ci  (cost=0.00..614943.12 rows=36225612 width=4) (actual time=0.015..13548.199 rows=36244344 loops=1)
  ->  Hash  (cost=571452.26..571452.26 rows=1314056 width=8) (actual time=16550.360..16550.360 rows=2024987 loops=1)
        Buckets: 131072  Batches: 32  Memory Usage: 3460kB
        ->  Hash Join  (cost=77624.77..571452.26 rows=1314056 width=8) (actual time=1226.468..15049.895 rows=2024987 loops=1)
              Hash Cond: (mi.movie_id = t.id)
              ->  Seq Scan on movie_info mi  (cost=0.00..309384.22 rows=14739122 width=4) (actual time=0.008..6208.000 rows=14835720 loops=1)
              ->  Hash  (cost=73925.90..73925.90 rows=225429 width=4) (actual time=1223.951..1223.951 rows=197206 loops=1)
                    Buckets: 131072  Batches: 4  Memory Usage: 2768kB
                    ->  Seq Scan on title t  (cost=0.00..73925.90 rows=225429 width=4) (actual time=0.023..1157.423 rows=197206 loops=1)
                          Filter: ((kind_id < 4) AND (production_year > 2008))
                          Rows Removed by Filter: 2331106
Planning time: 1.158 ms
Execution time: 70721.966 ms
