Nested Loop  (cost=0.43..83072.90 rows=5 width=0) (actual time=134.548..1250.281 rows=2 loops=1)
  ->  Seq Scan on movie_keyword mk  (cost=0.00..81003.12 rows=246 width=4) (actual time=81.883..1248.547 rows=20 loops=1)
        Filter: (keyword_id = 34418)
        Rows Removed by Filter: 4523910
  ->  Index Scan using title_pkey on title t  (cost=0.43..8.40 rows=1 width=4) (actual time=0.081..0.081 rows=0 loops=20)
        Index Cond: (id = mk.movie_id)
        Filter: ((kind_id < 7) AND (production_year < 1937))
        Rows Removed by Filter: 1
Planning time: 0.815 ms
Execution time: 1250.386 ms
