Hash Join  (cost=102767.86..1679221.54 rows=35784648 width=0) (actual time=1917.634..48528.898 rows=35873929 loops=1)
  Hash Cond: (ci.movie_id = t.id)
  ->  Seq Scan on cast_info ci  (cost=0.00..705507.15 rows=35784648 width=4) (actual time=0.019..17123.932 rows=35873929 loops=1)
        Filter: (person_id > 42425)
        Rows Removed by Filter: 370415
  ->  Hash  (cost=61283.27..61283.27 rows=2528527 width=4) (actual time=1916.598..1916.598 rows=2528312 loops=1)
        Buckets: 131072  Batches: 64  Memory Usage: 2415kB
        ->  Seq Scan on title t  (cost=0.00..61283.27 rows=2528527 width=4) (actual time=0.012..1071.647 rows=2528312 loops=1)
Planning time: 15.105 ms
Execution time: 52177.971 ms
