Hash Join  (cost=112412.99..479084.23 rows=201533 width=0) (actual time=2205.657..9497.405 rows=96 loops=1)
  Hash Cond: (mi.movie_id = t.id)
  ->  Seq Scan on movie_info mi  (cost=0.00..309384.22 rows=14739122 width=4) (actual time=0.022..4487.930 rows=14835720 loops=1)
  ->  Hash  (cost=111980.83..111980.83 rows=34573 width=8) (actual time=1905.446..1905.446 rows=78 loops=1)
        Buckets: 65536  Batches: 1  Memory Usage: 516kB
        ->  Hash Join  (cost=75494.03..111980.83 rows=34573 width=8) (actual time=1468.711..1905.299 rows=78 loops=1)
              Hash Cond: (mi_idx.movie_id = t.id)
              ->  Seq Scan on movie_info_idx mi_idx  (cost=0.00..25185.44 rows=915101 width=4) (actual time=0.031..509.698 rows=919850 loops=1)
                    Filter: (info_type_id < 101)
                    Rows Removed by Filter: 460185
              ->  Hash  (cost=73925.90..73925.90 rows=95530 width=4) (actual time=1109.936..1109.936 rows=776 loops=1)
                    Buckets: 131072  Batches: 2  Memory Usage: 1038kB
                    ->  Seq Scan on title t  (cost=0.00..73925.90 rows=95530 width=4) (actual time=253.191..1109.345 rows=776 loops=1)
                          Filter: ((production_year < 1949) AND (kind_id = 7))
                          Rows Removed by Filter: 2527536
Planning time: 1.191 ms
Execution time: 9497.623 ms
