Hash Join  (cost=146039.20..607084.35 rows=474796 width=0) (actual time=2851.194..14615.116 rows=3630878 loops=1)
  Hash Cond: (mi.movie_id = t.id)
  ->  Seq Scan on movie_info mi  (cost=0.00..346232.03 rows=9476311 width=4) (actual time=0.015..6414.867 rows=9565151 loops=1)
        Filter: (info_type_id < 16)
        Rows Removed by Filter: 5270569
  ->  Hash  (cost=143960.60..143960.60 rows=126688 width=8) (actual time=2850.436..2850.436 rows=295256 loops=1)
        Buckets: 131072 (originally 131072)  Batches: 4 (originally 2)  Memory Usage: 3922kB
        ->  Hash Join  (cost=80661.47..143960.60 rows=126688 width=8) (actual time=1398.918..2749.956 rows=295256 loops=1)
              Hash Cond: (mc.movie_id = t.id)
              ->  Seq Scan on movie_companies mc  (cost=0.00..51404.11 rows=780304 width=4) (actual time=126.891..930.338 rows=786596 loops=1)
                    Filter: (company_id > 31931)
                    Rows Removed by Filter: 1822533
              ->  Hash  (cost=73925.90..73925.90 rows=410525 width=4) (actual time=1271.073..1271.073 rows=456146 loops=1)
                    Buckets: 131072  Batches: 8  Memory Usage: 3040kB
                    ->  Seq Scan on title t  (cost=0.00..73925.90 rows=410525 width=4) (actual time=470.700..1131.315 rows=456146 loops=1)
                          Filter: ((production_year < 2007) AND (kind_id = 1))
                          Rows Removed by Filter: 2072166
Planning time: 1.194 ms
Execution time: 15051.902 ms
