Nested Loop  (cost=356340.64..1067868.79 rows=122 width=0) (actual time=14443.437..16452.231 rows=649 loops=1)
  Join Filter: (ci.movie_id = t.id)
  ->  Hash Join  (cost=356340.21..1067640.15 rows=304 width=8) (actual time=14443.357..16440.674 rows=649 loops=1)
        Hash Cond: (ci.movie_id = mi.movie_id)
        ->  Seq Scan on cast_info ci  (cost=0.00..705507.15 rows=500 width=4) (actual time=2854.450..10807.036 rows=400 loops=1)
              Filter: (person_id = 1072331)
              Rows Removed by Filter: 36243944
        ->  Hash  (cost=346232.03..346232.03 rows=616095 width=4) (actual time=5573.625..5573.625 rows=598457 loops=1)
              Buckets: 131072  Batches: 16  Memory Usage: 2329kB
              ->  Seq Scan on movie_info mi  (cost=0.00..346232.03 rows=616095 width=4) (actual time=4231.713..5387.557 rows=598457 loops=1)
                    Filter: (info_type_id = 15)
                    Rows Removed by Filter: 14237263
  ->  Index Only Scan using title_pkey on title t  (cost=0.43..0.74 rows=1 width=4) (actual time=0.017..0.017 rows=1 loops=649)
        Index Cond: (id = mi.movie_id)
        Heap Fetches: 649
Planning time: 1.227 ms
Execution time: 16452.422 ms
