Seq Scan on cast_info ci  (cost=0.00..705507.15 rows=22393483 width=0) (actual time=0.022..12311.567 rows=22425744 loops=1)
  Filter: (person_id > 1360578)
  Rows Removed by Filter: 13818600
Planning time: 0.321 ms
Execution time: 15064.259 ms
