Seq Scan on movie_keyword mk  (cost=0.00..81003.12 rows=2060252 width=0) (actual time=0.026..1465.300 rows=2062264 loops=1)
  Filter: (keyword_id > 5904)
  Rows Removed by Filter: 2461666
Planning time: 0.276 ms
Execution time: 1735.962 ms
