Hash Join  (cost=52284.99..403573.08 rows=55 width=0) (actual time=5937.070..6709.976 rows=2271 loops=1)
  Hash Cond: (mi.movie_id = t.id)
  ->  Seq Scan on movie_info mi  (cost=0.00..346232.03 rows=1348138 width=4) (actual time=5053.134..5667.185 rows=1298989 loops=1)
        Filter: (info_type_id = 4)
        Rows Removed by Filter: 13536731
  ->  Hash  (cost=52283.69..52283.69 rows=104 width=8) (actual time=839.818..839.818 rows=2221 loops=1)
        Buckets: 4096 (originally 1024)  Batches: 1 (originally 1)  Memory Usage: 119kB
        ->  Nested Loop  (cost=0.43..52283.69 rows=104 width=8) (actual time=44.098..838.495 rows=2221 loops=1)
              ->  Seq Scan on movie_companies mc  (cost=0.00..51404.11 rows=104 width=4) (actual time=44.001..779.912 rows=2221 loops=1)
                    Filter: (company_id = 3929)
                    Rows Removed by Filter: 2606908
              ->  Index Only Scan using title_pkey on title t  (cost=0.43..8.45 rows=1 width=4) (actual time=0.025..0.026 rows=1 loops=2221)
                    Index Cond: (id = mc.movie_id)
                    Heap Fetches: 2221
Planning time: 1.167 ms
Execution time: 6710.484 ms
