Hash Join  (cost=92883.59..160632.34 rows=122537 width=0) (actual time=2246.169..3247.538 rows=205734 loops=1)
  Hash Cond: (mc.movie_id = t.id)
  ->  Seq Scan on movie_companies mc  (cost=0.00..57926.93 rows=201089 width=4) (actual time=0.022..957.810 rows=314112 loops=1)
        Filter: ((company_id < 265) AND (company_type_id < 2))
        Rows Removed by Filter: 2295017
  ->  Hash  (cost=67604.59..67604.59 rows=1540800 width=4) (actual time=1831.808..1831.808 rows=1543264 loops=1)
        Buckets: 131072  Batches: 32  Memory Usage: 2722kB
        ->  Seq Scan on title t  (cost=0.00..67604.59 rows=1540800 width=4) (actual time=163.995..1338.411 rows=1543264 loops=1)
              Filter: (kind_id = 7)
              Rows Removed by Filter: 985048
Planning time: 0.757 ms
Execution time: 3272.855 ms
