Hash Join  (cost=157541.97..985185.82 rows=37797 width=0) (actual time=2612.358..22219.983 rows=292661 loops=1)
  Hash Cond: (ci.movie_id = t.id)
  ->  Seq Scan on cast_info ci  (cost=0.00..705507.15 rows=32469011 width=4) (actual time=0.020..13080.506 rows=32462359 loops=1)
        Filter: (person_id < 3369792)
        Rows Removed by Filter: 3781985
  ->  Hash  (cost=157505.18..157505.18 rows=2943 width=8) (actual time=2612.128..2612.128 rows=9201 loops=1)
        Buckets: 16384 (originally 4096)  Batches: 1 (originally 1)  Memory Usage: 488kB
        ->  Hash Join  (cost=74071.18..157505.18 rows=2943 width=8) (actual time=1193.594..2608.068 rows=9201 loops=1)
              Hash Cond: (mk.movie_id = t.id)
              ->  Seq Scan on movie_keyword mk  (cost=0.00..81003.12 rows=640386 width=4) (actual time=0.025..1278.115 rows=641726 loops=1)
                    Filter: (keyword_id < 498)
                    Rows Removed by Filter: 3882204
              ->  Hash  (cost=73925.90..73925.90 rows=11622 width=4) (actual time=1193.446..1193.446 rows=11141 loops=1)
                    Buckets: 16384  Batches: 1  Memory Usage: 520kB
                    ->  Seq Scan on title t  (cost=0.00..73925.90 rows=11622 width=4) (actual time=0.433..1188.008 rows=11141 loops=1)
                          Filter: ((kind_id < 7) AND (production_year = 1994))
                          Rows Removed by Filter: 2517171
Planning time: 1.169 ms
Execution time: 22262.974 ms
