Hash Join  (cost=89289.29..472682.82 rows=812769 width=0) (actual time=3499.266..8730.654 rows=1826264 loops=1)
  Hash Cond: (mi.movie_id = t.id)
  ->  Seq Scan on movie_info mi  (cost=0.00..346232.03 rows=2194617 width=4) (actual time=1861.999..5270.259 rows=2233850 loops=1)
        Filter: (info_type_id > 16)
        Rows Removed by Filter: 12601870
  ->  Hash  (cost=73925.90..73925.90 rows=936431 width=4) (actual time=1579.078..1579.078 rows=910262 loops=1)
        Buckets: 131072  Batches: 16  Memory Usage: 3034kB
        ->  Seq Scan on title t  (cost=0.00..73925.90 rows=936431 width=4) (actual time=0.048..1280.872 rows=910262 loops=1)
              Filter: ((kind_id < 7) AND (production_year > 1915))
              Rows Removed by Filter: 1618050
Planning time: 0.597 ms
Execution time: 8947.570 ms
