Hash Join  (cost=98137.04..1142741.63 rows=8802549 width=0) (actual time=6717.647..29433.514 rows=9584281 loops=1)
  Hash Cond: (ci.movie_id = t.id)
  ->  Seq Scan on cast_info ci  (cost=0.00..796071.18 rows=11959984 width=4) (actual time=4754.209..16812.414 rows=13508021 loops=1)
        Filter: ((person_id > 916543) AND (role_id > 2))
        Rows Removed by Filter: 22736323
  ->  Hash  (cost=67604.59..67604.59 rows=1860996 width=4) (actual time=1961.812..1961.812 rows=1865487 loops=1)
        Buckets: 131072  Batches: 32  Memory Usage: 3079kB
        ->  Seq Scan on title t  (cost=0.00..67604.59 rows=1860996 width=4) (actual time=0.013..1363.214 rows=1865487 loops=1)
              Filter: (kind_id > 1)
              Rows Removed by Filter: 662825
Planning time: 7.069 ms
Execution time: 30499.811 ms
