Hash Join  (cost=75623.73..437394.29 rows=51707 width=0) (actual time=2642.749..7055.299 rows=122 loops=1)
  Hash Cond: (mi.movie_id = t.id)
  ->  Seq Scan on movie_info mi  (cost=0.00..346232.03 rows=1264125 width=4) (actual time=1486.796..5475.834 rows=1288928 loops=1)
        Filter: (info_type_id = 2)
        Rows Removed by Filter: 13546792
  ->  Hash  (cost=73925.90..73925.90 rows=103426 width=4) (actual time=1149.306..1149.306 rows=777 loops=1)
        Buckets: 131072  Batches: 2  Memory Usage: 1044kB
        ->  Seq Scan on title t  (cost=0.00..73925.90 rows=103426 width=4) (actual time=3.471..1147.773 rows=777 loops=1)
              Filter: ((kind_id > 3) AND (production_year < 1949))
              Rows Removed by Filter: 2527535
Planning time: 0.769 ms
Execution time: 7055.411 ms
