Hash Join  (cost=423248.22..1164656.72 rows=39572 width=0) (actual time=10660.093..20205.926 rows=16114 loops=1)
  Hash Cond: (ci.movie_id = t.id)
  ->  Seq Scan on cast_info ci  (cost=0.00..705507.15 rows=9468168 width=4) (actual time=4744.218..13071.220 rows=9384703 loops=1)
        Filter: (role_id > 4)
        Rows Removed by Filter: 26859641
  ->  Hash  (cost=423116.12..423116.12 rows=10568 width=8) (actual time=5902.493..5902.493 rows=1049 loops=1)
        Buckets: 16384  Batches: 1  Memory Usage: 169kB
        ->  Hash Join  (cost=74468.05..423116.12 rows=10568 width=8) (actual time=2972.679..5901.881 rows=1049 loops=1)
              Hash Cond: (mi.movie_id = t.id)
              ->  Seq Scan on movie_info mi  (cost=0.00..346232.03 rows=616095 width=4) (actual time=1723.310..4626.210 rows=598457 loops=1)
                    Filter: (info_type_id = 15)
                    Rows Removed by Filter: 14237263
              ->  Hash  (cost=73925.90..73925.90 rows=43372 width=4) (actual time=1175.519..1175.519 rows=41400 loops=1)
                    Buckets: 65536  Batches: 1  Memory Usage: 1968kB
                    ->  Seq Scan on title t  (cost=0.00..73925.90 rows=43372 width=4) (actual time=0.054..1158.162 rows=41400 loops=1)
                          Filter: ((kind_id > 3) AND (production_year = 2013))
                          Rows Removed by Filter: 2486912
Planning time: 1.232 ms
Execution time: 20208.864 ms
