Hash Join  (cost=83810.17..175931.69 rows=930745 width=0) (actual time=1407.447..4967.136 rows=1663815 loops=1)
  Hash Cond: (mc.movie_id = t.id)
  ->  Seq Scan on movie_companies mc  (cost=0.00..51404.11 rows=2382655 width=4) (actual time=0.016..1052.739 rows=2381123 loops=1)
        Filter: (company_id < 105932)
        Rows Removed by Filter: 228006
  ->  Hash  (cost=67604.59..67604.59 rows=987727 width=4) (actual time=1406.637..1406.637 rows=985048 loops=1)
        Buckets: 131072  Batches: 16  Memory Usage: 3188kB
        ->  Seq Scan on title t  (cost=0.00..67604.59 rows=987727 width=4) (actual time=0.012..1092.766 rows=985048 loops=1)
              Filter: (kind_id < 7)
              Rows Removed by Filter: 1543264
Planning time: 0.714 ms
Execution time: 5172.736 ms
