Hash Join  (cost=94699.36..149406.76 rows=4188 width=0) (actual time=1606.647..2324.020 rows=26676 loops=1)
  Hash Cond: (mc.movie_id = t.id)
  ->  Seq Scan on movie_companies mc  (cost=0.00..44881.29 rows=2609129 width=4) (actual time=0.015..370.145 rows=2609129 loops=1)
  ->  Hash  (cost=94648.62..94648.62 rows=4059 width=8) (actual time=1606.206..1606.206 rows=8673 loops=1)
        Buckets: 16384 (originally 4096)  Batches: 1 (originally 1)  Memory Usage: 467kB
        ->  Hash Join  (cost=67697.55..94648.62 rows=4059 width=8) (actual time=1122.236..1603.026 rows=8673 loops=1)
              Hash Cond: (mi_idx.movie_id = t.id)
              ->  Seq Scan on movie_info_idx mi_idx  (cost=0.00..21735.35 rows=1380035 width=4) (actual time=0.009..215.153 rows=1380035 loops=1)
              ->  Hash  (cost=67604.59..67604.59 rows=7437 width=4) (actual time=1121.839..1121.839 rows=15000 loops=1)
                    Buckets: 16384 (originally 8192)  Batches: 1 (originally 1)  Memory Usage: 656kB
                    ->  Seq Scan on title t  (cost=0.00..67604.59 rows=7437 width=4) (actual time=0.022..1114.663 rows=15000 loops=1)
                          Filter: (production_year = 1970)
                          Rows Removed by Filter: 2513312
Planning time: 1.177 ms
Execution time: 2326.760 ms
