Hash Join  (cost=186689.41..1340910.87 rows=11722130 width=0) (actual time=4334.836..37796.932 rows=12321096 loops=1)
  Hash Cond: (ci.movie_id = t.id)
  ->  Seq Scan on cast_info ci  (cost=0.00..614943.12 rows=36225612 width=4) (actual time=0.010..12729.935 rows=36244344 loops=1)
  ->  Hash  (cost=173264.93..173264.93 rows=818198 width=8) (actual time=4333.771..4333.771 rows=602856 loops=1)
        Buckets: 131072  Batches: 16  Memory Usage: 2506kB
        ->  Hash Join  (cost=86935.43..173264.93 rows=818198 width=8) (actual time=1858.093..4168.399 rows=602856 loops=1)
              Hash Cond: (mc.movie_id = t.id)
              ->  Seq Scan on movie_companies mc  (cost=0.00..44881.29 rows=2609129 width=4) (actual time=0.008..850.568 rows=2609129 loops=1)
              ->  Hash  (cost=73925.90..73925.90 rows=792922 width=4) (actual time=1857.106..1857.106 rows=692469 loops=1)
                    Buckets: 131072  Batches: 16  Memory Usage: 2548kB
                    ->  Seq Scan on title t  (cost=0.00..73925.90 rows=792922 width=4) (actual time=0.008..1355.381 rows=692469 loops=1)
                          Filter: ((kind_id > 1) AND (production_year < 2001))
                          Rows Removed by Filter: 1835843
Planning time: 0.974 ms
Execution time: 39257.034 ms
