Hash Join  (cost=102767.86..174581.17 rows=166546 width=0) (actual time=1927.325..3571.434 rows=265105 loops=1)
  Hash Cond: (mc.movie_id = t.id)
  ->  Seq Scan on movie_companies mc  (cost=0.00..57926.93 rows=166546 width=4) (actual time=0.022..970.020 rows=265105 loops=1)
        Filter: ((company_id < 166) AND (company_type_id < 2))
        Rows Removed by Filter: 2344024
  ->  Hash  (cost=61283.27..61283.27 rows=2528527 width=4) (actual time=1925.437..1925.437 rows=2528312 loops=1)
        Buckets: 131072  Batches: 64  Memory Usage: 2415kB
        ->  Seq Scan on title t  (cost=0.00..61283.27 rows=2528527 width=4) (actual time=0.007..1073.163 rows=2528312 loops=1)
Planning time: 0.745 ms
Execution time: 3602.237 ms
