Hash Join  (cost=137223.76..505059.48 rows=317979 width=0) (actual time=2395.821..10444.118 rows=1917385 loops=1)
  Hash Cond: (mi.movie_id = t.id)
  ->  Seq Scan on movie_info mi  (cost=0.00..309384.22 rows=14739122 width=4) (actual time=0.012..3689.793 rows=14835720 loops=1)
  ->  Hash  (cost=136541.89..136541.89 rows=54550 width=8) (actual time=2395.421..2395.421 rows=50503 loops=1)
        Buckets: 65536  Batches: 1  Memory Usage: 2485kB
        ->  Hash Join  (cost=69374.09..136541.89 rows=54550 width=8) (actual time=1204.464..2375.624 rows=50503 loops=1)
              Hash Cond: (mc.movie_id = t.id)
              ->  Seq Scan on movie_companies mc  (cost=0.00..51404.11 rows=1279517 width=4) (actual time=233.265..791.405 rows=1274246 loops=1)
                    Filter: (company_type_id < 2)
                    Rows Removed by Filter: 1334883
              ->  Hash  (cost=67604.59..67604.59 rows=107800 width=4) (actual time=970.341..970.341 rows=108429 loops=1)
                    Buckets: 131072  Batches: 2  Memory Usage: 2931kB
                    ->  Seq Scan on title t  (cost=0.00..67604.59 rows=107800 width=4) (actual time=0.032..930.033 rows=108429 loops=1)
                          Filter: (production_year = 2006)
                          Rows Removed by Filter: 2419883
Planning time: 5.986 ms
Execution time: 10659.844 ms
