Seq Scan on movie_keyword mk  (cost=0.00..81003.12 rows=4479843 width=0) (actual time=0.025..1527.660 rows=4483195 loops=1)
  Filter: (keyword_id < 104238)
  Rows Removed by Filter: 40735
Planning time: 0.284 ms
Execution time: 2095.768 ms
