Hash Join  (cost=83074.74..109986.57 rows=134 width=0) (actual time=1336.927..1942.966 rows=906 loops=1)
  Hash Cond: (mi_idx.movie_id = t.id)
  ->  Seq Scan on movie_info_idx mi_idx  (cost=0.00..21735.35 rows=1380035 width=4) (actual time=0.016..348.009 rows=1380035 loops=1)
  ->  Hash  (cost=83071.67..83071.67 rows=246 width=8) (actual time=1331.987..1331.987 rows=327 loops=1)
        Buckets: 1024  Batches: 1  Memory Usage: 21kB
        ->  Nested Loop  (cost=0.43..83071.67 rows=246 width=8) (actual time=7.522..1331.645 rows=327 loops=1)
              ->  Seq Scan on movie_keyword mk  (cost=0.00..81003.12 rows=246 width=4) (actual time=7.413..1312.196 rows=327 loops=1)
                    Filter: (keyword_id = 25712)
                    Rows Removed by Filter: 4523603
              ->  Index Only Scan using title_pkey on title t  (cost=0.43..8.40 rows=1 width=4) (actual time=0.057..0.057 rows=1 loops=327)
                    Index Cond: (id = mk.movie_id)
                    Heap Fetches: 327
Planning time: 0.965 ms
Execution time: 1943.234 ms
