Hash Join  (cost=437248.94..492577.22 rows=66277 width=0) (actual time=7503.860..10428.145 rows=4079028 loops=1)
  Hash Cond: (mc.movie_id = t.id)
  ->  Seq Scan on movie_companies mc  (cost=0.00..44881.29 rows=2609129 width=4) (actual time=0.022..745.943 rows=2609129 loops=1)
  ->  Hash  (cost=436446.08..436446.08 rows=64229 width=8) (actual time=7503.370..7503.370 rows=197585 loops=1)
        Buckets: 131072 (originally 65536)  Batches: 4 (originally 1)  Memory Usage: 3073kB
        ->  Hash Join  (cost=83810.17..436446.08 rows=64229 width=8) (actual time=2363.861..7434.395 rows=197585 loops=1)
              Hash Cond: (mi.movie_id = t.id)
              ->  Seq Scan on movie_info mi  (cost=0.00..346232.03 rows=164423 width=4) (actual time=954.105..5754.869 rows=197754 loops=1)
                    Filter: (info_type_id > 106)
                    Rows Removed by Filter: 14637966
              ->  Hash  (cost=67604.59..67604.59 rows=987727 width=4) (actual time=1377.935..1377.935 rows=985048 loops=1)
                    Buckets: 131072  Batches: 16  Memory Usage: 3197kB
                    ->  Seq Scan on title t  (cost=0.00..67604.59 rows=987727 width=4) (actual time=0.035..1062.636 rows=985048 loops=1)
                          Filter: (kind_id < 7)
                          Rows Removed by Filter: 1543264
Planning time: 1.204 ms
Execution time: 10932.095 ms
