Hash Join  (cost=190230.21..307636.75 rows=994404 width=0) (actual time=4645.042..8227.738 rows=4198333 loops=1)
  Hash Cond: (mk.movie_id = t.id)
  ->  Seq Scan on movie_keyword mk  (cost=0.00..81003.12 rows=1821966 width=4) (actual time=0.013..1575.731 rows=1823955 loops=1)
        Filter: (keyword_id > 7634)
        Rows Removed by Filter: 2699975
  ->  Hash  (cost=167588.78..167588.78 rows=1380035 width=8) (actual time=4643.939..4643.939 rows=1380035 loops=1)
        Buckets: 131072  Batches: 32  Memory Usage: 2726kB
        ->  Hash Join  (cost=102767.86..167588.78 rows=1380035 width=8) (actual time=2272.676..4238.641 rows=1380035 loops=1)
              Hash Cond: (mi_idx.movie_id = t.id)
              ->  Seq Scan on movie_info_idx mi_idx  (cost=0.00..21735.35 rows=1380035 width=4) (actual time=0.021..462.872 rows=1380035 loops=1)
              ->  Hash  (cost=61283.27..61283.27 rows=2528527 width=4) (actual time=2271.453..2271.453 rows=2528312 loops=1)
                    Buckets: 131072  Batches: 64  Memory Usage: 2415kB
                    ->  Seq Scan on title t  (cost=0.00..61283.27 rows=2528527 width=4) (actual time=0.029..1136.854 rows=2528312 loops=1)
Planning time: 1.126 ms
Execution time: 8708.736 ms
