Hash Join  (cost=102767.86..1282652.34 rows=19303836 width=0) (actual time=2817.179..31996.134 rows=19456783 loops=1)
  Hash Cond: (ci.movie_id = t.id)
  ->  Seq Scan on cast_info ci  (cost=0.00..705507.15 rows=19303836 width=4) (actual time=815.594..14346.037 rows=19456783 loops=1)
        Filter: (person_id > 1660983)
        Rows Removed by Filter: 16787561
  ->  Hash  (cost=61283.27..61283.27 rows=2528527 width=4) (actual time=2000.531..2000.531 rows=2528312 loops=1)
        Buckets: 131072  Batches: 64  Memory Usage: 2415kB
        ->  Seq Scan on title t  (cost=0.00..61283.27 rows=2528527 width=4) (actual time=0.015..1099.704 rows=2528312 loops=1)
Planning time: 0.740 ms
Execution time: 34160.772 ms
