Seq Scan on title t  (cost=0.00..73925.90 rows=40915 width=0) (actual time=168.473..1171.307 rows=46448 loops=1)
  Filter: ((production_year > 2006) AND (kind_id = 4))
  Rows Removed by Filter: 2481864
Planning time: 0.328 ms
Execution time: 1177.815 ms
