Seq Scan on movie_keyword mk  (cost=0.00..81003.12 rows=4374400 width=0) (actual time=0.021..1644.151 rows=4375443 loops=1)
  Filter: (keyword_id < 74047)
  Rows Removed by Filter: 148487
Planning time: 0.320 ms
Execution time: 2193.036 ms
