Hash Join  (cost=432179.49..1150810.29 rows=60006 width=0) (actual time=9067.632..19251.301 rows=91103 loops=1)
  Hash Cond: (ci.movie_id = t.id)
  ->  Seq Scan on cast_info ci  (cost=0.00..705507.15 rows=3339626 width=4) (actual time=2438.646..11527.075 rows=3356681 loops=1)
        Filter: (person_id > 3445349)
        Rows Removed by Filter: 32887663
  ->  Hash  (cost=431611.59..431611.59 rows=45432 width=8) (actual time=6628.136..6628.136 rows=42320 loops=1)
        Buckets: 65536  Batches: 1  Memory Usage: 2166kB
        ->  Hash Join  (cost=69002.72..431611.59 rows=45432 width=8) (actual time=1730.156..6610.569 rows=42320 loops=1)
              Hash Cond: (mi.movie_id = t.id)
              ->  Seq Scan on movie_info mi  (cost=0.00..346232.03 rows=1348138 width=4) (actual time=688.051..5037.027 rows=1298989 loops=1)
                    Filter: (info_type_id = 4)
                    Rows Removed by Filter: 13536731
              ->  Hash  (cost=67604.59..67604.59 rows=85211 width=4) (actual time=1041.195..1041.195 rows=84593 loops=1)
                    Buckets: 131072  Batches: 2  Memory Usage: 2524kB
                    ->  Seq Scan on title t  (cost=0.00..67604.59 rows=85211 width=4) (actual time=0.031..1004.013 rows=84593 loops=1)
                          Filter: (production_year = 2004)
                          Rows Removed by Filter: 2443719
Planning time: 1.351 ms
Execution time: 19265.621 ms
