Hash Join  (cost=58358.90..423017.80 rows=297 width=0) (actual time=1056.951..8381.738 rows=7681 loops=1)
  Hash Cond: (mi.movie_id = t.id)
  ->  Seq Scan on movie_info mi  (cost=0.00..309384.22 rows=14739122 width=4) (actual time=0.019..4438.081 rows=14835720 loops=1)
  ->  Hash  (cost=58358.27..58358.27 rows=51 width=8) (actual time=1054.459..1054.459 rows=999 loops=1)
        Buckets: 1024  Batches: 1  Memory Usage: 48kB
        ->  Nested Loop  (cost=0.43..58358.27 rows=51 width=8) (actual time=69.488..1053.841 rows=999 loops=1)
              ->  Seq Scan on movie_companies mc  (cost=0.00..57926.93 rows=51 width=4) (actual time=69.432..1021.641 rows=999 loops=1)
                    Filter: ((company_type_id < 2) AND (company_id = 656))
                    Rows Removed by Filter: 2608130
              ->  Index Only Scan using title_pkey on title t  (cost=0.43..8.45 rows=1 width=4) (actual time=0.031..0.031 rows=1 loops=999)
                    Index Cond: (id = mc.movie_id)
                    Heap Fetches: 999
Planning time: 1.180 ms
Execution time: 8383.392 ms
