Hash Join  (cost=143183.33..227703.06 rows=316704 width=0) (actual time=2903.262..5240.865 rows=425875 loops=1)
  Hash Cond: (mc.movie_id = t.id)
  ->  Seq Scan on movie_companies mc  (cost=0.00..51404.11 rows=2480953 width=4) (actual time=0.033..1178.365 rows=2477806 loops=1)
        Filter: (company_id > 19)
        Rows Removed by Filter: 131323
  ->  Hash  (cost=137887.62..137887.62 rows=322777 width=8) (actual time=2902.169..2902.169 rows=212359 loops=1)
        Buckets: 131072  Batches: 8  Memory Usage: 2061kB
        ->  Hash Join  (cost=96651.52..137887.62 rows=322777 width=8) (actual time=1818.920..2847.060 rows=212359 loops=1)
              Hash Cond: (mi_idx.movie_id = t.id)
              ->  Seq Scan on movie_info_idx mi_idx  (cost=0.00..25185.44 rows=460978 width=4) (actual time=0.018..492.475 rows=459925 loops=1)
                    Filter: (info_type_id = 99)
                    Rows Removed by Filter: 920110
              ->  Hash  (cost=67604.59..67604.59 rows=1770475 width=4) (actual time=1818.077..1818.077 rows=1774635 loops=1)
                    Buckets: 131072  Batches: 32  Memory Usage: 2978kB
                    ->  Seq Scan on title t  (cost=0.00..67604.59 rows=1770475 width=4) (actual time=0.010..1242.738 rows=1774635 loops=1)
                          Filter: (kind_id > 2)
                          Rows Removed by Filter: 753677
Planning time: 1.255 ms
Execution time: 5291.297 ms
