Hash Join  (cost=215454.77..288162.39 rows=197249 width=0) (actual time=4387.152..6703.944 rows=2545662 loops=1)
  Hash Cond: (mc.movie_id = t.id)
  ->  Seq Scan on movie_companies mc  (cost=0.00..57926.93 rows=925651 width=4) (actual time=0.018..1074.083 rows=771347 loops=1)
        Filter: ((company_id > 1356) AND (company_type_id = 1))
        Rows Removed by Filter: 1837782
  ->  Hash  (cost=206614.65..206614.65 rows=538810 width=8) (actual time=4386.228..4386.228 rows=533191 loops=1)
        Buckets: 131072  Batches: 8  Memory Usage: 3656kB
        ->  Hash Join  (cost=102767.86..206614.65 rows=538810 width=8) (actual time=2001.285..4242.691 rows=533191 loops=1)
              Hash Cond: (mk.movie_id = t.id)
              ->  Seq Scan on movie_keyword mk  (cost=0.00..81003.12 rows=538810 width=4) (actual time=0.052..1443.310 rows=533191 loops=1)
                    Filter: (keyword_id > 34341)
                    Rows Removed by Filter: 3990739
              ->  Hash  (cost=61283.27..61283.27 rows=2528527 width=4) (actual time=2000.012..2000.012 rows=2528312 loops=1)
                    Buckets: 131072  Batches: 64  Memory Usage: 2425kB
                    ->  Seq Scan on title t  (cost=0.00..61283.27 rows=2528527 width=4) (actual time=0.022..1136.328 rows=2528312 loops=1)
Planning time: 1.016 ms
Execution time: 7004.496 ms
