Seq Scan on cast_info ci  (cost=0.00..796071.18 rows=8021728 width=0) (actual time=0.013..14254.294 rows=11140352 loops=1)
  Filter: ((person_id > 1804893) AND (role_id > 2))
  Rows Removed by Filter: 25103992
Planning time: 0.328 ms
Execution time: 15658.189 ms
