Hash Join  (cost=69023.79..165762.53 rows=53922 width=134) (actual time=1765.909..3334.778 rows=46894 loops=1)
  Hash Cond: (mc.movie_id = t.id)
  ->  Seq Scan on movie_companies mc  (cost=0.00..44881.29 rows=2609129 width=40) (actual time=0.012..478.357 rows=2609129 loops=1)
  ->  Hash  (cost=67604.59..67604.59 rows=52256 width=94) (actual time=1765.492..1765.492 rows=53013 loops=1)
        Buckets: 32768  Batches: 2  Memory Usage: 3201kB
        ->  Seq Scan on title t  (cost=0.00..67604.59 rows=52256 width=94) (actual time=0.020..928.922 rows=53013 loops=1)
              Filter: (production_year = 2000)
              Rows Removed by Filter: 2475299
Planning time: 0.960 ms
Execution time: 3338.342 ms
