Hash Join  (cost=160824.46..969894.55 rows=8332 width=0) (actual time=2860.782..17139.536 rows=1937 loops=1)
  Hash Cond: (ci.movie_id = t.id)
  ->  Seq Scan on cast_info ci  (cost=0.00..796071.18 rows=2583115 width=4) (actual time=0.014..14012.568 rows=1574370 loops=1)
        Filter: ((person_id < 2383850) AND (role_id = 3))
        Rows Removed by Filter: 34669974
  ->  Hash  (cost=160722.50..160722.50 rows=8157 width=8) (actual time=2852.153..2852.153 rows=6807 loops=1)
        Buckets: 8192  Batches: 1  Memory Usage: 330kB
        ->  Hash Join  (cost=73982.89..160722.50 rows=8157 width=8) (actual time=1956.046..2849.951 rows=6807 loops=1)
              Hash Cond: (mk.movie_id = t.id)
              ->  Seq Scan on movie_keyword mk  (cost=0.00..69693.30 rows=4523930 width=4) (actual time=0.011..1015.545 rows=4523930 loops=1)
              ->  Hash  (cost=73925.90..73925.90 rows=4559 width=4) (actual time=1025.215..1025.215 rows=4114 loops=1)
                    Buckets: 8192  Batches: 1  Memory Usage: 209kB
                    ->  Seq Scan on title t  (cost=0.00..73925.90 rows=4559 width=4) (actual time=2.631..1023.037 rows=4114 loops=1)
                          Filter: ((kind_id = 2) AND (production_year = 2009))
                          Rows Removed by Filter: 2524198
Planning time: 1.223 ms
Execution time: 17140.043 ms
