Hash Join  (cost=213501.57..780380.57 rows=8160408 width=0) (actual time=5377.673..19960.746 rows=5844923 loops=1)
  Hash Cond: (mi.movie_id = t.id)
  ->  Seq Scan on movie_info mi  (cost=0.00..309384.22 rows=14739122 width=4) (actual time=0.020..6413.799 rows=14835720 loops=1)
  ->  Hash  (cost=190533.38..190533.38 rows=1399935 width=8) (actual time=5185.463..5185.463 rows=645461 loops=1)
        Buckets: 131072  Batches: 32  Memory Usage: 1796kB
        ->  Hash Join  (cost=96184.51..190533.38 rows=1399935 width=8) (actual time=2250.427..4989.749 rows=645461 loops=1)
              Hash Cond: (mc.movie_id = t.id)
              ->  Seq Scan on movie_companies mc  (cost=0.00..44881.29 rows=2609129 width=4) (actual time=0.027..1099.865 rows=2609129 loops=1)
              ->  Hash  (cost=73925.90..73925.90 rows=1356688 width=4) (actual time=2179.081..2179.081 rows=1327781 loops=1)
                    Buckets: 131072  Batches: 32  Memory Usage: 2479kB
                    ->  Seq Scan on title t  (cost=0.00..73925.90 rows=1356688 width=4) (actual time=0.021..1448.623 rows=1327781 loops=1)
                          Filter: ((production_year < 2012) AND (kind_id = 7))
                          Rows Removed by Filter: 1200531
Planning time: 1.190 ms
Execution time: 20616.250 ms
