Hash Join  (cost=510374.62..1366028.26 rows=4402436 width=0) (actual time=10041.014..28996.954 rows=5719336 loops=1)
  Hash Cond: (ci.movie_id = t.id)
  ->  Seq Scan on cast_info ci  (cost=0.00..705507.15 rows=8748033 width=4) (actual time=0.020..12594.213 rows=8755561 loops=1)
        Filter: (person_id > 2815600)
        Rows Removed by Filter: 27488783
  ->  Hash  (cost=489497.65..489497.65 rows=1272478 width=8) (actual time=10039.926..10039.926 rows=1325361 loops=1)
        Buckets: 131072  Batches: 32  Memory Usage: 2635kB
        ->  Hash Join  (cost=102767.86..489497.65 rows=1272478 width=8) (actual time=5175.222..9663.336 rows=1325361 loops=1)
              Hash Cond: (mi.movie_id = t.id)
              ->  Seq Scan on movie_info mi  (cost=0.00..346232.03 rows=1272478 width=4) (actual time=3155.956..5551.613 rows=1325361 loops=1)
                    Filter: (info_type_id = 8)
                    Rows Removed by Filter: 13510359
              ->  Hash  (cost=61283.27..61283.27 rows=2528527 width=4) (actual time=2017.868..2017.868 rows=2528312 loops=1)
                    Buckets: 131072  Batches: 64  Memory Usage: 2425kB
                    ->  Seq Scan on title t  (cost=0.00..61283.27 rows=2528527 width=4) (actual time=0.026..1179.568 rows=2528312 loops=1)
Planning time: 1.255 ms
Execution time: 29698.602 ms
