Hash Join  (cost=97835.13..668281.91 rows=8494785 width=0) (actual time=1997.610..16271.946 rows=3877130 loops=1)
  Hash Cond: (mi.movie_id = t.id)
  ->  Seq Scan on movie_info mi  (cost=0.00..309384.22 rows=14739122 width=4) (actual time=0.011..6100.324 rows=14835720 loops=1)
  ->  Hash  (cost=73925.90..73925.90 rows=1457298 width=4) (actual time=1894.234..1894.234 rows=1438183 loops=1)
        Buckets: 131072  Batches: 32  Memory Usage: 2610kB
        ->  Seq Scan on title t  (cost=0.00..73925.90 rows=1457298 width=4) (actual time=0.011..1417.409 rows=1438183 loops=1)
              Filter: ((production_year < 2013) AND (kind_id = 7))
              Rows Removed by Filter: 1090129
Planning time: 0.566 ms
Execution time: 16702.644 ms
