Hash Join  (cost=578284.08..1791374.28 rows=14178445 width=0) (actual time=14200.043..43620.042 rows=7910917 loops=1)
  Hash Cond: (ci.movie_id = t.id)
  ->  Seq Scan on cast_info ci  (cost=0.00..705507.15 rows=23499554 width=4) (actual time=0.026..16379.714 rows=23573656 loops=1)
        Filter: (role_id > 1)
        Rows Removed by Filter: 12670688
  ->  Hash  (cost=553254.27..553254.27 rows=1525585 width=8) (actual time=14198.522..14198.522 rows=298292 loops=1)
        Buckets: 131072  Batches: 32  Memory Usage: 1370kB
        ->  Hash Join  (cost=80605.23..553254.27 rows=1525585 width=8) (actual time=1470.778..14104.097 rows=298292 loops=1)
              Hash Cond: (mi.movie_id = t.id)
              ->  Seq Scan on movie_info mi  (cost=0.00..346232.03 rows=9476311 width=4) (actual time=0.016..6652.983 rows=9565151 loops=1)
                    Filter: (info_type_id < 16)
                    Rows Removed by Filter: 5270569
              ->  Hash  (cost=73925.90..73925.90 rows=407066 width=4) (actual time=1469.440..1469.440 rows=436028 loops=1)
                    Buckets: 131072  Batches: 8  Memory Usage: 2949kB
                    ->  Seq Scan on title t  (cost=0.00..73925.90 rows=407066 width=4) (actual time=0.019..1328.066 rows=436028 loops=1)
                          Filter: ((kind_id > 4) AND (production_year > 2008))
                          Rows Removed by Filter: 2092284
Planning time: 2.021 ms
Execution time: 44531.641 ms
