Hash Join  (cost=969826.22..1390032.62 rows=2164159 width=0) (actual time=16906.972..22772.654 rows=1729019 loops=1)
  Hash Cond: (mi.movie_id = t.id)
  ->  Seq Scan on movie_info mi  (cost=0.00..346232.03 rows=3623957 width=4) (actual time=2482.268..6024.835 rows=3624977 loops=1)
        Filter: (info_type_id < 4)
        Rows Removed by Filter: 11210743
  ->  Hash  (cost=945052.36..945052.36 rows=1509989 width=8) (actual time=14423.657..14423.657 rows=913832 loops=1)
        Buckets: 131072  Batches: 32  Memory Usage: 2145kB
        ->  Hash Join  (cost=102767.86..945052.36 rows=1509989 width=8) (actual time=2160.388..14140.212 rows=913832 loops=1)
              Hash Cond: (ci.movie_id = t.id)
              ->  Seq Scan on cast_info ci  (cost=0.00..796071.18 rows=1509989 width=4) (actual time=216.593..11010.421 rows=913832 loops=1)
                    Filter: ((person_id < 314978) AND (role_id > 2))
                    Rows Removed by Filter: 35330512
              ->  Hash  (cost=61283.27..61283.27 rows=2528527 width=4) (actual time=1942.275..1942.275 rows=2528312 loops=1)
                    Buckets: 131072  Batches: 64  Memory Usage: 2415kB
                    ->  Seq Scan on title t  (cost=0.00..61283.27 rows=2528527 width=4) (actual time=0.045..1083.606 rows=2528312 loops=1)
Planning time: 0.811 ms
Execution time: 22978.550 ms
