Hash Join  (cost=914554.67..982655.08 rows=75825 width=0) (actual time=13665.131..15150.798 rows=55274 loops=1)
  Hash Cond: (mc.movie_id = t.id)
  ->  Seq Scan on movie_companies mc  (cost=0.00..51404.11 rows=1329612 width=4) (actual time=0.016..1081.755 rows=1334883 loops=1)
        Filter: (company_type_id > 1)
        Rows Removed by Filter: 1274246
  ->  Hash  (cost=912188.22..912188.22 rows=144196 width=8) (actual time=13664.358..13664.358 rows=40351 loops=1)
        Buckets: 131072  Batches: 2  Memory Usage: 1806kB
        ->  Hash Join  (cost=102767.86..912188.22 rows=144196 width=8) (actual time=2261.385..13650.425 rows=40351 loops=1)
              Hash Cond: (ci.movie_id = t.id)
              ->  Seq Scan on cast_info ci  (cost=0.00..796071.18 rows=144196 width=4) (actual time=271.090..11240.742 rows=40351 loops=1)
                    Filter: ((person_id < 103292) AND (role_id > 9))
                    Rows Removed by Filter: 36203993
              ->  Hash  (cost=61283.27..61283.27 rows=2528527 width=4) (actual time=1989.385..1989.385 rows=2528312 loops=1)
                    Buckets: 131072  Batches: 64  Memory Usage: 2415kB
                    ->  Seq Scan on title t  (cost=0.00..61283.27 rows=2528527 width=4) (actual time=0.021..1134.538 rows=2528312 loops=1)
Planning time: 0.812 ms
Execution time: 15156.852 ms
