Seq Scan on movie_companies mc  (cost=0.00..51404.11 rows=773745 width=0) (actual time=0.021..901.068 rows=779045 loops=1)
  Filter: (company_id > 32785)
  Rows Removed by Filter: 1830084
Planning time: 0.361 ms
Execution time: 1007.902 ms
