Nested Loop  (cost=0.43..58358.39 rows=13 width=0) (actual time=119.523..817.326 rows=80 loops=1)
  ->  Seq Scan on movie_companies mc  (cost=0.00..57926.93 rows=51 width=4) (actual time=116.897..796.645 rows=416 loops=1)
        Filter: ((company_id = 161) AND (company_type_id = 1))
        Rows Removed by Filter: 2608713
  ->  Index Scan using title_pkey on title t  (cost=0.43..8.45 rows=1 width=4) (actual time=0.049..0.049 rows=0 loops=416)
        Index Cond: (id = mc.movie_id)
        Filter: (production_year < 1987)
        Rows Removed by Filter: 1
Planning time: 0.811 ms
Execution time: 817.483 ms
