Hash Join  (cost=89762.59..921526.06 rows=961078 width=0) (actual time=7593.400..17901.607 rows=751626 loops=1)
  Hash Cond: (ci.movie_id = t.id)
  ->  Seq Scan on cast_info ci  (cost=0.00..796071.18 rows=1799336 width=4) (actual time=5847.727..14989.683 rows=1378690 loops=1)
        Filter: ((person_id < 2434153) AND (role_id = 4))
        Rows Removed by Filter: 34865654
  ->  Hash  (cost=67604.59..67604.59 rows=1350560 width=4) (actual time=1744.668..1744.668 rows=1348293 loops=1)
        Buckets: 131072  Batches: 32  Memory Usage: 2505kB
        ->  Seq Scan on title t  (cost=0.00..67604.59 rows=1350560 width=4) (actual time=0.021..1301.495 rows=1348293 loops=1)
              Filter: (production_year < 2005)
              Rows Removed by Filter: 1180019
Planning time: 0.744 ms
Execution time: 17994.707 ms
