Hash Join  (cost=491650.71..1555747.81 rows=7709158 width=0) (actual time=8484.969..39637.617 rows=10630988 loops=1)
  Hash Cond: (ci.movie_id = t.id)
  ->  Seq Scan on cast_info ci  (cost=0.00..705507.15 rows=24072097 width=4) (actual time=0.095..15476.221 rows=24180634 loops=1)
        Filter: (person_id > 1188672)
        Rows Removed by Filter: 12063710
  ->  Hash  (cost=478364.61..478364.61 rows=809768 width=8) (actual time=8483.912..8483.912 rows=802140 loops=1)
        Buckets: 131072  Batches: 16  Memory Usage: 2973kB
        ->  Hash Join  (cost=102767.86..478364.61 rows=809768 width=8) (actual time=4487.447..8262.372 rows=802140 loops=1)
              Hash Cond: (mi.movie_id = t.id)
              ->  Seq Scan on movie_info mi  (cost=0.00..346232.03 rows=809768 width=4) (actual time=2460.453..4697.893 rows=802140 loops=1)
                    Filter: (info_type_id < 2)
                    Rows Removed by Filter: 14033580
              ->  Hash  (cost=61283.27..61283.27 rows=2528527 width=4) (actual time=2026.041..2026.041 rows=2528312 loops=1)
                    Buckets: 131072  Batches: 64  Memory Usage: 2425kB
                    ->  Seq Scan on title t  (cost=0.00..61283.27 rows=2528527 width=4) (actual time=0.020..1184.117 rows=2528312 loops=1)
Planning time: 6.844 ms
Execution time: 40877.990 ms
