Hash Join  (cost=108623.35..193917.87 rows=13761 width=0) (actual time=2117.831..3709.667 rows=60550 loops=1)
  Hash Cond: (mk.movie_id = t.id)
  ->  Seq Scan on movie_keyword mk  (cost=0.00..81003.12 rows=1107676 width=4) (actual time=0.010..1361.131 rows=1116347 loops=1)
        Filter: (keyword_id < 1165)
        Rows Removed by Filter: 3407583
  ->  Hash  (cost=108230.70..108230.70 rows=31412 width=8) (actual time=2117.606..2117.606 rows=34995 loops=1)
        Buckets: 65536 (originally 32768)  Batches: 1 (originally 1)  Memory Usage: 1879kB
        ->  Hash Join  (cost=76796.18..108230.70 rows=31412 width=8) (actual time=1391.419..2103.331 rows=34995 loops=1)
              Hash Cond: (mi_idx.movie_id = t.id)
              ->  Seq Scan on movie_info_idx mi_idx  (cost=0.00..25185.44 rows=454124 width=4) (actual time=0.017..519.150 rows=459925 loops=1)
                    Filter: (info_type_id = 100)
                    Rows Removed by Filter: 920110
              ->  Hash  (cost=73925.90..73925.90 rows=174902 width=4) (actual time=1351.865..1351.865 rows=160286 loops=1)
                    Buckets: 131072  Batches: 4  Memory Usage: 2435kB
                    ->  Seq Scan on title t  (cost=0.00..73925.90 rows=174902 width=4) (actual time=0.022..847.079 rows=160286 loops=1)
                          Filter: ((production_year > 2008) AND (kind_id = 1))
                          Rows Removed by Filter: 2368026
Planning time: 1.175 ms
Execution time: 3718.179 ms
