Hash Join  (cost=153284.09..638903.35 rows=544733 width=0) (actual time=3015.794..14781.143 rows=2241529 loops=1)
  Hash Cond: (mi.movie_id = t.id)
  ->  Seq Scan on movie_info mi  (cost=0.00..309384.22 rows=14739122 width=4) (actual time=0.013..5484.786 rows=14835720 loops=1)
  ->  Hash  (cost=151749.97..151749.97 rows=93450 width=8) (actual time=3014.979..3014.979 rows=109272 loops=1)
        Buckets: 131072  Batches: 2  Memory Usage: 3174kB
        ->  Hash Join  (cost=75411.94..151749.97 rows=93450 width=8) (actual time=1094.487..2972.861 rows=109272 loops=1)
              Hash Cond: (mc.movie_id = t.id)
              ->  Seq Scan on movie_companies mc  (cost=0.00..44881.29 rows=2609129 width=4) (actual time=0.014..922.103 rows=2609129 loops=1)
              ->  Hash  (cost=73925.90..73925.90 rows=90563 width=4) (actual time=1093.688..1093.688 rows=80990 loops=1)
                    Buckets: 131072  Batches: 2  Memory Usage: 2450kB
                    ->  Seq Scan on title t  (cost=0.00..73925.90 rows=90563 width=4) (actual time=0.162..1064.576 rows=80990 loops=1)
                          Filter: ((kind_id < 7) AND (production_year > 2011))
                          Rows Removed by Filter: 2447322
Planning time: 1.208 ms
Execution time: 15057.290 ms
