Hash Join  (cost=709678.15..796345.14 rows=895 width=0) (actual time=10523.656..12160.778 rows=534 loops=1)
  Hash Cond: (mk.movie_id = t.id)
  ->  Seq Scan on movie_keyword mk  (cost=0.00..69693.30 rows=4523930 width=4) (actual time=0.013..1012.591 rows=4523930 loops=1)
  ->  Hash  (cost=709671.90..709671.90 rows=500 width=8) (actual time=10371.724..10371.724 rows=21 loops=1)
        Buckets: 1024  Batches: 1  Memory Usage: 9kB
        ->  Nested Loop  (cost=0.43..709671.90 rows=500 width=8) (actual time=4964.731..10371.682 rows=21 loops=1)
              ->  Seq Scan on cast_info ci  (cost=0.00..705507.15 rows=500 width=4) (actual time=4963.226..10368.547 rows=21 loops=1)
                    Filter: (person_id = 2157460)
                    Rows Removed by Filter: 36244323
              ->  Index Only Scan using title_pkey on title t  (cost=0.43..8.32 rows=1 width=4) (actual time=0.143..0.144 rows=1 loops=21)
                    Index Cond: (id = ci.movie_id)
                    Heap Fetches: 21
Planning time: 1.196 ms
Execution time: 12160.949 ms
