Hash Join  (cost=130425.09..209679.53 rows=304992 width=0) (actual time=2747.322..5917.349 rows=469446 loops=1)
  Hash Cond: (mc.movie_id = t.id)
  ->  Seq Scan on movie_companies mc  (cost=0.00..44881.29 rows=2609129 width=4) (actual time=0.023..941.100 rows=2609129 loops=1)
  ->  Hash  (cost=125575.46..125575.46 rows=295570 width=8) (actual time=2746.616..2746.616 rows=196140 loops=1)
        Buckets: 131072  Batches: 4  Memory Usage: 2951kB
        ->  Hash Join  (cost=82811.28..125575.46 rows=295570 width=8) (actual time=1538.205..2690.053 rows=196140 loops=1)
              Hash Cond: (mi_idx.movie_id = t.id)
              ->  Seq Scan on movie_info_idx mi_idx  (cost=0.00..21735.35 rows=1380035 width=4) (actual time=0.022..465.317 rows=1380035 loops=1)
              ->  Hash  (cost=73925.90..73925.90 rows=541550 width=4) (actual time=1536.173..1536.173 rows=404953 loops=1)
                    Buckets: 131072  Batches: 8  Memory Usage: 2796kB
                    ->  Seq Scan on title t  (cost=0.00..73925.90 rows=541550 width=4) (actual time=0.022..1399.066 rows=404953 loops=1)
                          Filter: ((kind_id > 1) AND (production_year < 1992))
                          Rows Removed by Filter: 2123359
Planning time: 3.926 ms
Execution time: 5977.167 ms
