Hash Join  (cost=75391.51..199340.76 rows=159822 width=0) (actual time=3643.650..3826.651 rows=2 loops=1)
  Hash Cond: (mk.movie_id = t.id)
  ->  Seq Scan on movie_keyword mk  (cost=0.00..69693.30 rows=4523930 width=4) (actual time=0.012..1377.606 rows=4523930 loops=1)
  ->  Hash  (cost=73925.90..73925.90 rows=89328 width=4) (actual time=1163.702..1163.702 rows=10 loops=1)
        Buckets: 131072  Batches: 2  Memory Usage: 1031kB
        ->  Seq Scan on title t  (cost=0.00..73925.90 rows=89328 width=4) (actual time=268.549..1163.606 rows=10 loops=1)
              Filter: ((kind_id > 1) AND (production_year < 1934))
              Rows Removed by Filter: 2528302
Planning time: 0.732 ms
Execution time: 3826.730 ms
