Seq Scan on cast_info ci  (cost=0.00..796071.18 rows=101283 width=0) (actual time=2536.263..10514.204 rows=232450 loops=1)
  Filter: ((person_id > 2661116) AND (role_id > 10))
  Rows Removed by Filter: 36011894
Planning time: 0.390 ms
Execution time: 10544.025 ms
