Seq Scan on cast_info ci  (cost=0.00..705507.15 rows=500 width=0) (actual time=337.047..11142.184 rows=100 loops=1)
  Filter: (person_id = 960451)
  Rows Removed by Filter: 36244244
Planning time: 10.565 ms
Execution time: 11142.344 ms
