Hash Join  (cost=365418.15..1333453.49 rows=8012194 width=0) (actual time=13678.842..30233.844 rows=20540157 loops=1)
  Hash Cond: (ci.movie_id = t.id)
  ->  Seq Scan on cast_info ci  (cost=0.00..796071.18 rows=4478197 width=4) (actual time=5183.221..14879.336 rows=1751231 loops=1)
        Filter: ((person_id < 2851702) AND (role_id > 8))
        Rows Removed by Filter: 34493113
  ->  Hash  (cost=291197.02..291197.02 rows=4523930 width=8) (actual time=8494.240..8494.240 rows=4523930 loops=1)
        Buckets: 131072  Batches: 64  Memory Usage: 3816kB
        ->  Hash Join  (cost=102767.86..291197.02 rows=4523930 width=8) (actual time=1981.518..7222.269 rows=4523930 loops=1)
              Hash Cond: (mk.movie_id = t.id)
              ->  Seq Scan on movie_keyword mk  (cost=0.00..69693.30 rows=4523930 width=4) (actual time=0.025..1522.098 rows=4523930 loops=1)
              ->  Hash  (cost=61283.27..61283.27 rows=2528527 width=4) (actual time=1978.872..1978.872 rows=2528312 loops=1)
                    Buckets: 131072  Batches: 64  Memory Usage: 2425kB
                    ->  Seq Scan on title t  (cost=0.00..61283.27 rows=2528527 width=4) (actual time=0.013..1100.952 rows=2528312 loops=1)
Planning time: 0.793 ms
Execution time: 32680.425 ms
