Seq Scan on movie_keyword mk  (cost=0.00..81003.12 rows=246 width=0) (actual time=643.429..1374.880 rows=5 loops=1)
  Filter: (keyword_id = 29367)
  Rows Removed by Filter: 4523925
Planning time: 0.372 ms
Execution time: 1374.973 ms
