Hash Join  (cost=85935.55..171398.13 rows=755305 width=0) (actual time=1809.403..4433.230 rows=1180827 loops=1)
  Hash Cond: (mc.movie_id = t.id)
  ->  Seq Scan on movie_companies mc  (cost=0.00..44881.29 rows=2609129 width=4) (actual time=0.018..914.538 rows=2609129 loops=1)
  ->  Hash  (cost=73925.90..73925.90 rows=731972 width=4) (actual time=1807.873..1807.873 rows=635910 loops=1)
        Buckets: 131072  Batches: 16  Memory Usage: 2421kB
        ->  Seq Scan on title t  (cost=0.00..73925.90 rows=731972 width=4) (actual time=0.022..1374.498 rows=635910 loops=1)
              Filter: ((kind_id < 7) AND (production_year > 1984))
              Rows Removed by Filter: 1892402
Planning time: 0.731 ms
Execution time: 4580.197 ms
