Hash Join  (cost=70342.62..109597.93 rows=91082 width=0) (actual time=1105.236..2883.229 rows=86658 loops=1)
  Hash Cond: (mi_idx.movie_id = t.id)
  ->  Seq Scan on movie_info_idx mi_idx  (cost=0.00..21735.35 rows=1380035 width=4) (actual time=0.026..467.979 rows=1380035 loops=1)
  ->  Hash  (cost=67604.59..67604.59 rows=166883 width=4) (actual time=1104.434..1104.434 rows=168947 loops=1)
        Buckets: 131072  Batches: 4  Memory Usage: 2507kB
        ->  Seq Scan on title t  (cost=0.00..67604.59 rows=166883 width=4) (actual time=0.011..1044.868 rows=168947 loops=1)
              Filter: (production_year < 1951)
              Rows Removed by Filter: 2359365
Planning time: 0.749 ms
Execution time: 2894.336 ms
