Hash Join  (cost=660226.29..1886757.99 rows=25725682 width=0) (actual time=15048.777..49164.169 rows=32740327 loops=1)
  Hash Cond: (ci.movie_id = t.id)
  ->  Seq Scan on cast_info ci  (cost=0.00..705507.15 rows=16201301 width=4) (actual time=0.032..14400.928 rows=16121683 loops=1)
        Filter: (role_id > 2)
        Rows Removed by Filter: 20122661
  ->  Hash  (cost=594354.90..594354.90 rows=4014991 width=8) (actual time=15046.908..15046.908 rows=2328361 loops=1)
        Buckets: 131072  Batches: 64  Memory Usage: 2429kB
        ->  Hash Join  (cost=90979.62..594354.90 rows=4014991 width=8) (actual time=1663.535..14453.411 rows=2328361 loops=1)
              Hash Cond: (mi.movie_id = t.id)
              ->  Seq Scan on movie_info mi  (cost=0.00..346232.03 rows=9767026 width=4) (actual time=0.033..7184.093 rows=9911754 loops=1)
                    Filter: (info_type_id > 4)
                    Rows Removed by Filter: 4923966
              ->  Hash  (cost=73925.90..73925.90 rows=1039417 width=4) (actual time=1662.264..1662.264 rows=1141540 loops=1)
                    Buckets: 131072  Batches: 16  Memory Usage: 3546kB
                    ->  Seq Scan on title t  (cost=0.00..73925.90 rows=1039417 width=4) (actual time=0.030..1304.501 rows=1141540 loops=1)
                          Filter: ((kind_id > 2) AND (production_year > 1998))
                          Rows Removed by Filter: 1386772
Planning time: 1.541 ms
Execution time: 53344.327 ms
