Hash Join  (cost=94699.36..177089.91 rows=591 width=0) (actual time=1229.436..2617.969 rows=8865 loops=1)
  Hash Cond: (mk.movie_id = t.id)
  ->  Seq Scan on movie_keyword mk  (cost=0.00..81003.12 rows=368405 width=4) (actual time=0.025..1318.735 rows=366595 loops=1)
        Filter: (keyword_id > 45883)
        Rows Removed by Filter: 4157335
  ->  Hash  (cost=94648.62..94648.62 rows=4059 width=8) (actual time=1228.650..1228.650 rows=17033 loops=1)
        Buckets: 32768 (originally 4096)  Batches: 1 (originally 1)  Memory Usage: 922kB
        ->  Hash Join  (cost=67697.55..94648.62 rows=4059 width=8) (actual time=967.727..1225.257 rows=17033 loops=1)
              Hash Cond: (mi_idx.movie_id = t.id)
              ->  Seq Scan on movie_info_idx mi_idx  (cost=0.00..21735.35 rows=1380035 width=4) (actual time=0.029..105.369 rows=1380035 loops=1)
              ->  Hash  (cost=67604.59..67604.59 rows=7437 width=4) (actual time=967.621..967.621 rows=21312 loops=1)
                    Buckets: 32768 (originally 8192)  Batches: 1 (originally 1)  Memory Usage: 1006kB
                    ->  Seq Scan on title t  (cost=0.00..67604.59 rows=7437 width=4) (actual time=0.226..958.732 rows=21312 loops=1)
                          Filter: (production_year = 1989)
                          Rows Removed by Filter: 2507000
Planning time: 1.170 ms
Execution time: 2619.808 ms
