Seq Scan on movie_companies mc  (cost=0.00..57926.93 rows=486281 width=0) (actual time=0.026..997.287 rows=693976 loops=1)
  Filter: ((company_id < 4610) AND (company_type_id = 1))
  Rows Removed by Filter: 1915153
Planning time: 0.395 ms
Execution time: 1086.869 ms
