Nested Loop  (cost=0.43..121335.87 rows=1857 width=0) (actual time=0.980..1453.367 rows=2780 loops=1)
  ->  Seq Scan on movie_keyword mk  (cost=0.00..81003.12 rows=5580 width=4) (actual time=0.201..1244.785 rows=5762 loops=1)
        Filter: (keyword_id = 750)
        Rows Removed by Filter: 4518168
  ->  Index Scan using title_pkey on title t  (cost=0.43..7.22 rows=1 width=4) (actual time=0.035..0.035 rows=0 loops=5762)
        Index Cond: (id = mk.movie_id)
        Filter: ((kind_id < 7) AND (production_year > 1965))
        Rows Removed by Filter: 1
Planning time: 0.765 ms
Execution time: 1454.372 ms
