Seq Scan on movie_keyword mk  (cost=0.00..81003.12 rows=53742 width=0) (actual time=389.445..1248.217 rows=50067 loops=1)
  Filter: (keyword_id > 99529)
  Rows Removed by Filter: 4473863
Planning time: 0.320 ms
Execution time: 1255.733 ms
