Hash Join  (cost=510374.62..646584.81 rows=1523418 width=0) (actual time=9286.910..13497.032 rows=3390298 loops=1)
  Hash Cond: (mk.movie_id = t.id)
  ->  Seq Scan on movie_keyword mk  (cost=0.00..81003.12 rows=3027168 width=4) (actual time=0.015..1674.490 rows=3007706 loops=1)
        Filter: (keyword_id < 10664)
        Rows Removed by Filter: 1516224
  ->  Hash  (cost=489497.65..489497.65 rows=1272478 width=8) (actual time=9286.044..9286.044 rows=1325361 loops=1)
        Buckets: 131072  Batches: 32  Memory Usage: 2648kB
        ->  Hash Join  (cost=102767.86..489497.65 rows=1272478 width=8) (actual time=3196.217..8891.103 rows=1325361 loops=1)
              Hash Cond: (mi.movie_id = t.id)
              ->  Seq Scan on movie_info mi  (cost=0.00..346232.03 rows=1272478 width=4) (actual time=1213.235..5367.335 rows=1325361 loops=1)
                    Filter: (info_type_id = 8)
                    Rows Removed by Filter: 13510359
              ->  Hash  (cost=61283.27..61283.27 rows=2528527 width=4) (actual time=1981.688..1981.688 rows=2528312 loops=1)
                    Buckets: 131072  Batches: 64  Memory Usage: 2425kB
                    ->  Seq Scan on title t  (cost=0.00..61283.27 rows=2528527 width=4) (actual time=0.019..1086.221 rows=2528312 loops=1)
Planning time: 1.136 ms
Execution time: 13856.860 ms
