Seq Scan on movie_keyword mk  (cost=0.00..81003.12 rows=1630786 width=0) (actual time=0.021..1348.395 rows=1642494 loops=1)
  Filter: (keyword_id > 8996)
  Rows Removed by Filter: 2881436
Planning time: 0.341 ms
Execution time: 1559.481 ms
