Seq Scan on movie_companies mc  (cost=0.00..57926.93 rows=1088811 width=0) (actual time=412.808..1063.324 rows=858316 loops=1)
  Filter: ((company_id < 75554) AND (company_type_id > 1))
  Rows Removed by Filter: 1750813
Planning time: 1.774 ms
Execution time: 1170.948 ms
