Hash Join  (cost=128727.13..846597.97 rows=95276 width=0) (actual time=3864.294..16004.635 rows=312727 loops=1)
  Hash Cond: (ci.movie_id = t.id)
  ->  Seq Scan on cast_info ci  (cost=0.00..705507.15 rows=895980 width=4) (actual time=1260.587..12847.152 rows=898389 loops=1)
        Filter: (role_id = 5)
        Rows Removed by Filter: 35345955
  ->  Hash  (cost=124315.17..124315.17 rows=268877 width=8) (actual time=2602.922..2602.922 rows=382558 loops=1)
        Buckets: 131072 (originally 131072)  Batches: 8 (originally 4)  Memory Usage: 3073kB
        ->  Hash Join  (cost=82008.92..124315.17 rows=268877 width=8) (actual time=1312.530..2481.281 rows=382558 loops=1)
              Hash Cond: (mi_idx.movie_id = t.id)
              ->  Seq Scan on movie_info_idx mi_idx  (cost=0.00..21735.35 rows=1380035 width=4) (actual time=0.026..403.032 rows=1380035 loops=1)
              ->  Hash  (cost=73925.90..73925.90 rows=492641 width=4) (actual time=1311.765..1311.765 rows=420285 loops=1)
                    Buckets: 131072  Batches: 8  Memory Usage: 2868kB
                    ->  Seq Scan on title t  (cost=0.00..73925.90 rows=492641 width=4) (actual time=0.026..1179.000 rows=420285 loops=1)
                          Filter: ((kind_id < 7) AND (production_year > 2002))
                          Rows Removed by Filter: 2108027
Planning time: 1.900 ms
Execution time: 16045.011 ms
