Hash Join  (cost=76490.96..107946.73 rows=28721 width=0) (actual time=1177.395..1825.444 rows=2796 loops=1)
  Hash Cond: (mi_idx.movie_id = t.id)
  ->  Seq Scan on movie_info_idx mi_idx  (cost=0.00..25185.44 rows=464566 width=4) (actual time=0.014..462.278 rows=459925 loops=1)
        Filter: (info_type_id = 101)
        Rows Removed by Filter: 920110
  ->  Hash  (cost=73925.90..73925.90 rows=156324 width=4) (actual time=1176.631..1176.631 rows=31497 loops=1)
        Buckets: 131072  Batches: 4  Memory Usage: 1303kB
        ->  Seq Scan on title t  (cost=0.00..73925.90 rows=156324 width=4) (actual time=0.023..1163.897 rows=31497 loops=1)
              Filter: ((kind_id > 1) AND (production_year < 1957))
              Rows Removed by Filter: 2496815
Planning time: 0.768 ms
Execution time: 1825.989 ms
