Seq Scan on movie_keyword mk  (cost=0.00..81003.12 rows=3344234 width=0) (actual time=0.026..1472.042 rows=3331954 loops=1)
  Filter: (keyword_id < 15552)
  Rows Removed by Filter: 1191976
Planning time: 0.362 ms
Execution time: 1873.439 ms
