Seq Scan on cast_info ci  (cost=0.00..705507.15 rows=14906842 width=0) (actual time=0.017..11776.300 rows=14807556 loops=1)
  Filter: (person_id < 1460447)
  Rows Removed by Filter: 21436788
Planning time: 0.260 ms
Execution time: 13636.236 ms
