Nested Loop  (cost=0.43..83072.29 rows=16 width=0) (actual time=470.458..1272.971 rows=8 loops=1)
  ->  Seq Scan on movie_keyword mk  (cost=0.00..81003.12 rows=246 width=4) (actual time=6.068..1243.685 rows=915 loops=1)
        Filter: (keyword_id = 5620)
        Rows Removed by Filter: 4523015
  ->  Index Scan using title_pkey on title t  (cost=0.43..8.40 rows=1 width=4) (actual time=0.031..0.031 rows=0 loops=915)
        Index Cond: (id = mk.movie_id)
        Filter: (production_year = 2012)
        Rows Removed by Filter: 1
Planning time: 0.737 ms
Execution time: 1273.097 ms
