Hash Join  (cost=219033.42..267939.41 rows=653551 width=0) (actual time=5134.628..6978.698 rows=1673742 loops=1)
  Hash Cond: (mi_idx.movie_id = t.id)
  ->  Seq Scan on movie_info_idx mi_idx  (cost=0.00..21735.35 rows=1380035 width=4) (actual time=0.034..495.663 rows=1380035 loops=1)
  ->  Hash  (cost=199387.32..199387.32 rows=1197448 width=8) (actual time=5133.219..5133.219 rows=1275291 loops=1)
        Buckets: 131072 (originally 131072)  Batches: 32 (originally 16)  Memory Usage: 3073kB
        ->  Hash Join  (cost=102767.86..199387.32 rows=1197448 width=8) (actual time=1964.608..4765.983 rows=1275291 loops=1)
              Hash Cond: (mc.movie_id = t.id)
              ->  Seq Scan on movie_companies mc  (cost=0.00..57926.93 rows=1197448 width=4) (actual time=0.018..1148.608 rows=1275291 loops=1)
                    Filter: ((company_id > 122) AND (company_type_id > 1))
                    Rows Removed by Filter: 1333838
              ->  Hash  (cost=61283.27..61283.27 rows=2528527 width=4) (actual time=1962.414..1962.414 rows=2528312 loops=1)
                    Buckets: 131072  Batches: 64  Memory Usage: 2415kB
                    ->  Seq Scan on title t  (cost=0.00..61283.27 rows=2528527 width=4) (actual time=0.021..1118.627 rows=2528312 loops=1)
Planning time: 1.708 ms
Execution time: 7182.954 ms
