Hash Join  (cost=218104.09..1386987.17 rows=8741387 width=0) (actual time=4632.686..37001.005 rows=14642078 loops=1)
  Hash Cond: (ci.movie_id = t.id)
  ->  Seq Scan on cast_info ci  (cost=0.00..614943.12 rows=36225612 width=4) (actual time=0.014..13273.830 rows=36244344 loops=1)
  ->  Hash  (cost=208093.29..208093.29 rows=610144 width=8) (actual time=4631.632..4631.632 rows=251933 loops=1)
        Buckets: 131072  Batches: 8  Memory Usage: 2266kB
        ->  Hash Join  (cost=74050.79..208093.29 rows=610144 width=8) (actual time=1257.326..4463.147 rows=251933 loops=1)
              Hash Cond: (mk.movie_id = t.id)
              ->  Seq Scan on movie_keyword mk  (cost=0.00..81003.12 rows=3926650 width=4) (actual time=0.026..1622.001 rows=3926504 loops=1)
                    Filter: (keyword_id < 30736)
                    Rows Removed by Filter: 597426
              ->  Hash  (cost=67604.59..67604.59 rows=392896 width=4) (actual time=1255.627..1255.627 rows=391666 loops=1)
                    Buckets: 131072  Batches: 8  Memory Usage: 2759kB
                    ->  Seq Scan on title t  (cost=0.00..67604.59 rows=392896 width=4) (actual time=0.023..1122.254 rows=391666 loops=1)
                          Filter: (production_year > 2010)
                          Rows Removed by Filter: 2136646
Planning time: 1.194 ms
Execution time: 38711.149 ms
