Hash Join  (cost=80042.24..182564.99 rows=382064 width=0) (actual time=1382.356..4230.201 rows=877888 loops=1)
  Hash Cond: (mk.movie_id = t.id)
  ->  Seq Scan on movie_keyword mk  (cost=0.00..81003.12 rows=1274397 width=4) (actual time=0.026..1397.875 rows=1284184 loops=1)
        Filter: (keyword_id < 1661)
        Rows Removed by Filter: 3239746
  ->  Hash  (cost=67604.59..67604.59 rows=758052 width=4) (actual time=1381.651..1381.651 rows=753677 loops=1)
        Buckets: 131072  Batches: 16  Memory Usage: 2686kB
        ->  Seq Scan on title t  (cost=0.00..67604.59 rows=758052 width=4) (actual time=0.021..1141.748 rows=753677 loops=1)
              Filter: (kind_id < 3)
              Rows Removed by Filter: 1774635
Planning time: 0.742 ms
Execution time: 4317.858 ms
