Hash Join  (cost=106394.85..285589.56 rows=4230176 width=0) (actual time=2191.249..7273.863 rows=4445057 loops=1)
  Hash Cond: (mk.movie_id = t.id)
  ->  Seq Scan on movie_keyword mk  (cost=0.00..69693.30 rows=4523930 width=4) (actual time=0.033..1424.887 rows=4523930 loops=1)
  ->  Hash  (cost=67604.59..67604.59 rows=2364341 width=4) (actual time=2190.402..2190.402 rows=2360253 loops=1)
        Buckets: 131072  Batches: 32  Memory Usage: 3629kB
        ->  Seq Scan on title t  (cost=0.00..67604.59 rows=2364341 width=4) (actual time=0.021..1415.414 rows=2360253 loops=1)
              Filter: (production_year > 1922)
              Rows Removed by Filter: 168059
Planning time: 0.749 ms
Execution time: 7765.776 ms
