Hash Join  (cost=102767.86..188223.47 rows=733457 width=0) (actual time=1869.113..4586.984 rows=1010701 loops=1)
  Hash Cond: (mc.movie_id = t.id)
  ->  Seq Scan on movie_companies mc  (cost=0.00..57926.93 rows=733457 width=4) (actual time=0.023..1088.885 rows=1010701 loops=1)
        Filter: ((company_id < 13642) AND (company_type_id < 2))
        Rows Removed by Filter: 1598428
  ->  Hash  (cost=61283.27..61283.27 rows=2528527 width=4) (actual time=1866.964..1866.964 rows=2528312 loops=1)
        Buckets: 131072  Batches: 64  Memory Usage: 2415kB
        ->  Seq Scan on title t  (cost=0.00..61283.27 rows=2528527 width=4) (actual time=0.014..1029.737 rows=2528312 loops=1)
Planning time: 0.795 ms
Execution time: 4693.766 ms
