Seq Scan on movie_keyword mk  (cost=0.00..81003.12 rows=2663428 width=0) (actual time=0.016..1573.444 rows=2653582 loops=1)
  Filter: (keyword_id > 3162)
  Rows Removed by Filter: 1870348
Planning time: 0.299 ms
Execution time: 1895.280 ms
