Hash Join  (cost=102767.86..200682.13 rows=292255 width=0) (actual time=1995.729..3974.502 rows=311486 loops=1)
  Hash Cond: (mk.movie_id = t.id)
  ->  Seq Scan on movie_keyword mk  (cost=0.00..81003.12 rows=292255 width=4) (actual time=0.020..1310.877 rows=311486 loops=1)
        Filter: (keyword_id < 249)
        Rows Removed by Filter: 4212444
  ->  Hash  (cost=61283.27..61283.27 rows=2528527 width=4) (actual time=1993.211..1993.211 rows=2528312 loops=1)
        Buckets: 131072  Batches: 64  Memory Usage: 2425kB
        ->  Seq Scan on title t  (cost=0.00..61283.27 rows=2528527 width=4) (actual time=0.008..1136.003 rows=2528312 loops=1)
Planning time: 0.758 ms
Execution time: 4013.299 ms
