Seq Scan on title t  (cost=0.00..73925.90 rows=83249 width=0) (actual time=0.017..1235.631 rows=101793 loops=1)
  Filter: ((kind_id > 1) AND (production_year = 2007))
  Rows Removed by Filter: 2426519
Planning time: 0.390 ms
Execution time: 1251.215 ms
