Hash Join  (cost=74076.24..101052.36 rows=6564 width=0) (actual time=1227.266..1557.137 rows=3 loops=1)
  Hash Cond: (mi_idx.movie_id = t.id)
  ->  Seq Scan on movie_info_idx mi_idx  (cost=0.00..21735.35 rows=1380035 width=4) (actual time=0.023..276.458 rows=1380035 loops=1)
  ->  Hash  (cost=73925.90..73925.90 rows=12027 width=4) (actual time=1013.907..1013.907 rows=3 loops=1)
        Buckets: 16384  Batches: 1  Memory Usage: 129kB
        ->  Seq Scan on title t  (cost=0.00..73925.90 rows=12027 width=4) (actual time=651.052..1013.894 rows=3 loops=1)
              Filter: ((production_year < 1962) AND (kind_id = 4))
              Rows Removed by Filter: 2528309
Planning time: 0.725 ms
Execution time: 1557.277 ms
