Hash Join  (cost=101879.88..934669.59 rows=86895 width=0) (actual time=1093.689..16769.044 rows=481095 loops=1)
  Hash Cond: (ci.movie_id = t.id)
  ->  Seq Scan on cast_info ci  (cost=0.00..796071.18 rows=9559890 width=4) (actual time=0.021..12249.936 rows=14899700 loops=1)
        Filter: ((person_id > 2160553) AND (role_id > 1))
        Rows Removed by Filter: 21344644
  ->  Hash  (cost=101592.59..101592.59 rows=22983 width=8) (actual time=1093.458..1093.458 rows=41360 loops=1)
        Buckets: 65536 (originally 32768)  Batches: 1 (originally 1)  Memory Usage: 2128kB
        ->  Hash Join  (cost=74452.28..101592.59 rows=22983 width=8) (actual time=649.520..1083.846 rows=41360 loops=1)
              Hash Cond: (mi_idx.movie_id = t.id)
              ->  Seq Scan on movie_info_idx mi_idx  (cost=0.00..21735.35 rows=1380035 width=4) (actual time=0.026..221.763 rows=1380035 loops=1)
              ->  Hash  (cost=73925.90..73925.90 rows=42110 width=4) (actual time=649.098..649.098 rows=33905 loops=1)
                    Buckets: 65536  Batches: 1  Memory Usage: 1704kB
                    ->  Seq Scan on title t  (cost=0.00..73925.90 rows=42110 width=4) (actual time=0.031..639.016 rows=33905 loops=1)
                          Filter: ((kind_id < 7) AND (production_year = 2006))
                          Rows Removed by Filter: 2494407
Planning time: 1.204 ms
Execution time: 16832.986 ms
