Seq Scan on movie_companies mc  (cost=0.00..51404.11 rows=104 width=0) (actual time=334.815..808.396 rows=24 loops=1)
  Filter: (company_id = 65380)
  Rows Removed by Filter: 2609105
Planning time: 0.371 ms
Execution time: 808.484 ms
