Seq Scan on movie_companies mc  (cost=0.00..51404.11 rows=1656691 width=0) (actual time=0.010..899.743 rows=1657843 loops=1)
  Filter: (company_id > 3747)
  Rows Removed by Filter: 951286
Planning time: 0.309 ms
Execution time: 1110.901 ms
