Hash Join  (cost=83074.74..109986.57 rows=134 width=0) (actual time=1119.093..1711.119 rows=562 loops=1)
  Hash Cond: (mi_idx.movie_id = t.id)
  ->  Seq Scan on movie_info_idx mi_idx  (cost=0.00..21735.35 rows=1380035 width=4) (actual time=0.024..334.621 rows=1380035 loops=1)
  ->  Hash  (cost=83071.67..83071.67 rows=246 width=8) (actual time=1117.471..1117.471 rows=372 loops=1)
        Buckets: 1024  Batches: 1  Memory Usage: 23kB
        ->  Nested Loop  (cost=0.43..83071.67 rows=246 width=8) (actual time=6.964..1117.095 rows=372 loops=1)
              ->  Seq Scan on movie_keyword mk  (cost=0.00..81003.12 rows=246 width=4) (actual time=6.854..1102.292 rows=372 loops=1)
                    Filter: (keyword_id = 1326)
                    Rows Removed by Filter: 4523558
              ->  Index Only Scan using title_pkey on title t  (cost=0.43..8.40 rows=1 width=4) (actual time=0.037..0.038 rows=1 loops=372)
                    Index Cond: (id = mk.movie_id)
                    Heap Fetches: 372
Planning time: 1.132 ms
Execution time: 1711.367 ms
