Hash Join  (cost=100908.38..157118.71 rows=802 width=0) (actual time=1830.057..2894.789 rows=9435 loops=1)
  Hash Cond: (mc.movie_id = t.id)
  ->  Seq Scan on movie_companies mc  (cost=0.00..51404.11 rows=1279517 width=4) (actual time=0.019..876.857 rows=1274246 loops=1)
        Filter: (company_type_id = 1)
        Rows Removed by Filter: 1334883
  ->  Hash  (cost=100888.56..100888.56 rows=1586 width=8) (actual time=1828.944..1828.944 rows=3674 loops=1)
        Buckets: 4096 (originally 2048)  Batches: 1 (originally 1)  Memory Usage: 176kB
        ->  Hash Join  (cost=73962.22..100888.56 rows=1586 width=8) (actual time=1223.714..1827.379 rows=3674 loops=1)
              Hash Cond: (mi_idx.movie_id = t.id)
              ->  Seq Scan on movie_info_idx mi_idx  (cost=0.00..21735.35 rows=1380035 width=4) (actual time=0.012..341.973 rows=1380035 loops=1)
              ->  Hash  (cost=73925.90..73925.90 rows=2905 width=4) (actual time=1223.623..1223.623 rows=3178 loops=1)
                    Buckets: 4096  Batches: 1  Memory Usage: 144kB
                    ->  Seq Scan on title t  (cost=0.00..73925.90 rows=2905 width=4) (actual time=10.545..1221.862 rows=3178 loops=1)
                          Filter: ((kind_id < 7) AND (production_year = 1954))
                          Rows Removed by Filter: 2525134
Planning time: 1.179 ms
Execution time: 2896.235 ms
