Hash Join  (cost=93117.31..469395.20 rows=777424 width=0) (actual time=5099.867..8469.267 rows=896524 loops=1)
  Hash Cond: (mi.movie_id = t.id)
  ->  Seq Scan on movie_info mi  (cost=0.00..346232.03 rows=1264125 width=4) (actual time=3329.462..5538.150 rows=1288928 loops=1)
        Filter: (info_type_id = 2)
        Rows Removed by Filter: 13546792
  ->  Hash  (cost=67604.59..67604.59 rows=1555018 width=4) (actual time=1768.990..1768.990 rows=1551727 loops=1)
        Buckets: 131072  Batches: 32  Memory Usage: 2737kB
        ->  Seq Scan on title t  (cost=0.00..67604.59 rows=1555018 width=4) (actual time=0.031..1244.971 rows=1551727 loops=1)
              Filter: (production_year < 2007)
              Rows Removed by Filter: 976585
Planning time: 0.811 ms
Execution time: 8569.393 ms
