Seq Scan on title t  (cost=0.00..73925.90 rows=23230 width=0) (actual time=0.030..1096.490 rows=67516 loops=1)
  Filter: ((kind_id < 4) AND (production_year < 1916))
  Rows Removed by Filter: 2460796
Planning time: 0.333 ms
Execution time: 1105.912 ms
