Nested Loop  (cost=0.43..83072.29 rows=90 width=0) (actual time=69.482..1173.670 rows=18 loops=1)
  ->  Seq Scan on movie_keyword mk  (cost=0.00..81003.12 rows=246 width=4) (actual time=1.765..1170.529 rows=72 loops=1)
        Filter: (keyword_id = 16018)
        Rows Removed by Filter: 4523858
  ->  Index Scan using title_pkey on title t  (cost=0.43..8.40 rows=1 width=4) (actual time=0.039..0.039 rows=0 loops=72)
        Index Cond: (id = mk.movie_id)
        Filter: (production_year < 1998)
        Rows Removed by Filter: 1
Planning time: 2.529 ms
Execution time: 1173.783 ms
