Hash Join  (cost=325438.42..1710301.18 rows=32779938 width=0) (actual time=7804.936..58225.755 rows=105791354 loops=1)
  Hash Cond: (ci.movie_id = t.id)
  ->  Seq Scan on cast_info ci  (cost=0.00..705507.15 rows=24041796 width=4) (actual time=0.023..15014.038 rows=23981003 loops=1)
        Filter: (person_id < 2460239)
        Rows Removed by Filter: 12263341
  ->  Hash  (cost=268877.22..268877.22 rows=3447536 width=8) (actual time=7803.534..7803.534 rows=3156005 loops=1)
        Buckets: 131072  Batches: 64  Memory Usage: 2934kB
        ->  Hash Join  (cost=99217.91..268877.22 rows=3447536 width=8) (actual time=2028.167..6813.371 rows=3156005 loops=1)
              Hash Cond: (mk.movie_id = t.id)
              ->  Seq Scan on movie_keyword mk  (cost=0.00..69693.30 rows=4523930 width=4) (actual time=0.020..1453.551 rows=4523930 loops=1)
              ->  Hash  (cost=67604.59..67604.59 rows=1926906 width=4) (actual time=2026.524..2026.524 rows=1918028 loops=1)
                    Buckets: 131072  Batches: 32  Memory Usage: 3147kB
                    ->  Seq Scan on title t  (cost=0.00..67604.59 rows=1926906 width=4) (actual time=0.011..1394.084 rows=1918028 loops=1)
                          Filter: (production_year > 1981)
                          Rows Removed by Filter: 610284
Planning time: 1.208 ms
Execution time: 69193.635 ms
