Seq Scan on movie_keyword mk  (cost=0.00..81003.12 rows=2608373 width=0) (actual time=0.014..1413.159 rows=2591797 loops=1)
  Filter: (keyword_id > 3318)
  Rows Removed by Filter: 1932133
Planning time: 0.230 ms
Execution time: 1722.866 ms
