Seq Scan on cast_info ci  (cost=0.00..705507.15 rows=500 width=0) (actual time=9483.332..10990.850 rows=34 loops=1)
  Filter: (person_id = 2509806)
  Rows Removed by Filter: 36244310
Planning time: 0.391 ms
Execution time: 10990.999 ms
