Hash Join  (cost=52284.99..803089.06 rows=1490 width=0) (actual time=887.445..16655.473 rows=4669 loops=1)
  Hash Cond: (ci.movie_id = t.id)
  ->  Seq Scan on cast_info ci  (cost=0.00..614943.12 rows=36225612 width=4) (actual time=0.020..8829.601 rows=36244344 loops=1)
  ->  Hash  (cost=52283.69..52283.69 rows=104 width=8) (actual time=885.132..885.132 rows=129 loops=1)
        Buckets: 1024  Batches: 1  Memory Usage: 14kB
        ->  Nested Loop  (cost=0.43..52283.69 rows=104 width=8) (actual time=1.338..884.980 rows=129 loops=1)
              ->  Seq Scan on movie_companies mc  (cost=0.00..51404.11 rows=104 width=4) (actual time=1.290..877.530 rows=129 loops=1)
                    Filter: (company_id = 476)
                    Rows Removed by Filter: 2609000
              ->  Index Only Scan using title_pkey on title t  (cost=0.43..8.45 rows=1 width=4) (actual time=0.054..0.055 rows=1 loops=129)
                    Index Cond: (id = mc.movie_id)
                    Heap Fetches: 129
Planning time: 1.197 ms
Execution time: 16657.819 ms
