Seq Scan on cast_info ci  (cost=0.00..796071.18 rows=210185 width=0) (actual time=9731.676..13969.014 rows=260123 loops=1)
  Filter: ((person_id > 1419042) AND (role_id > 10))
  Rows Removed by Filter: 35984221
Planning time: 1.423 ms
Execution time: 14001.449 ms
