Hash Join  (cost=224892.93..1372319.45 rows=11060735 width=0) (actual time=4581.516..43305.195 rows=37826080 loops=1)
  Hash Cond: (ci.movie_id = t.id)
  ->  Seq Scan on cast_info ci  (cost=0.00..614943.12 rows=36225612 width=4) (actual time=0.012..13584.266 rows=36244344 loops=1)
  ->  Hash  (cost=212226.52..212226.52 rows=772033 width=8) (actual time=4580.646..4580.646 rows=780478 loops=1)
        Buckets: 131072  Batches: 16  Memory Usage: 2965kB
        ->  Hash Join  (cost=102767.86..212226.52 rows=772033 width=8) (actual time=1855.010..4332.834 rows=780478 loops=1)
              Hash Cond: (mk.movie_id = t.id)
              ->  Seq Scan on movie_keyword mk  (cost=0.00..81003.12 rows=772033 width=4) (actual time=0.029..1380.452 rows=780478 loops=1)
                    Filter: (keyword_id > 24156)
                    Rows Removed by Filter: 3743452
              ->  Hash  (cost=61283.27..61283.27 rows=2528527 width=4) (actual time=1853.185..1853.185 rows=2528312 loops=1)
                    Buckets: 131072  Batches: 64  Memory Usage: 2425kB
                    ->  Seq Scan on title t  (cost=0.00..61283.27 rows=2528527 width=4) (actual time=0.027..1003.535 rows=2528312 loops=1)
Planning time: 1.038 ms
Execution time: 47216.658 ms
