Hash Join  (cost=101432.77..834502.19 rows=19383 width=0) (actual time=5209.659..15186.410 rows=26817 loops=1)
  Hash Cond: (ci.movie_id = t.id)
  ->  Seq Scan on cast_info ci  (cost=0.00..705507.15 rows=7298253 width=4) (actual time=3597.409..12392.172 rows=7451973 loops=1)
        Filter: (role_id = 2)
        Rows Removed by Filter: 28792371
  ->  Hash  (cost=101348.83..101348.83 rows=6715 width=8) (actual time=1611.446..1611.446 rows=4538 loops=1)
        Buckets: 8192  Batches: 1  Memory Usage: 242kB
        ->  Hash Join  (cost=74393.28..101348.83 rows=6715 width=8) (actual time=1032.723..1609.456 rows=4538 loops=1)
              Hash Cond: (mi_idx.movie_id = t.id)
              ->  Seq Scan on movie_info_idx mi_idx  (cost=0.00..25185.44 rows=454124 width=4) (actual time=0.026..434.117 rows=459925 loops=1)
                    Filter: (info_type_id = 100)
                    Rows Removed by Filter: 920110
              ->  Hash  (cost=73925.90..73925.90 rows=37390 width=4) (actual time=1032.336..1032.336 rows=42387 loops=1)
                    Buckets: 65536  Batches: 1  Memory Usage: 2003kB
                    ->  Seq Scan on title t  (cost=0.00..73925.90 rows=37390 width=4) (actual time=0.032..1013.952 rows=42387 loops=1)
                          Filter: ((kind_id > 4) AND (production_year = 2002))
                          Rows Removed by Filter: 2485925
Planning time: 1.199 ms
Execution time: 15191.474 ms
