Seq Scan on cast_info ci  (cost=0.00..705507.15 rows=500 width=0) (actual time=5316.053..9700.038 rows=123 loops=1)
  Filter: (person_id = 3791379)
  Rows Removed by Filter: 36244221
Planning time: 0.360 ms
Execution time: 9700.176 ms
