Hash Join  (cost=1018504.83..3703344.55 rows=128239047 width=0) (actual time=25656.430..124163.740 rows=275564566 loops=1)
  Hash Cond: (ci.movie_id = t.id)
  ->  Seq Scan on cast_info ci  (cost=0.00..705507.15 rows=21999675 width=4) (actual time=0.026..15488.565 rows=22069702 loops=1)
        Filter: (person_id > 1395812)
        Rows Removed by Filter: 14174642
  ->  Hash  (cost=776690.81..776690.81 rows=14739122 width=8) (actual time=25653.757..25653.757 rows=14835720 loops=1)
        Buckets: 131072  Batches: 256  Memory Usage: 3268kB
        ->  Hash Join  (cost=102767.86..776690.81 rows=14739122 width=8) (actual time=2083.331..21391.357 rows=14835720 loops=1)
              Hash Cond: (mi.movie_id = t.id)
              ->  Seq Scan on movie_info mi  (cost=0.00..309384.22 rows=14739122 width=4) (actual time=0.013..6530.671 rows=14835720 loops=1)
              ->  Hash  (cost=61283.27..61283.27 rows=2528527 width=4) (actual time=2081.554..2081.554 rows=2528312 loops=1)
                    Buckets: 131072  Batches: 64  Memory Usage: 2425kB
                    ->  Seq Scan on title t  (cost=0.00..61283.27 rows=2528527 width=4) (actual time=0.016..1219.259 rows=2528312 loops=1)
Planning time: 1.156 ms
Execution time: 153402.553 ms
