Hash Join  (cost=188132.54..1329263.07 rows=10447836 width=0) (actual time=3751.616..37368.388 rows=10939026 loops=1)
  Hash Cond: (ci.movie_id = t.id)
  ->  Seq Scan on cast_info ci  (cost=0.00..614943.12 rows=36225612 width=4) (actual time=0.012..11103.657 rows=36244344 loops=1)
  ->  Hash  (cost=176167.88..176167.88 rows=729253 width=8) (actual time=3750.591..3750.591 rows=382571 loops=1)
        Buckets: 131072  Batches: 16  Memory Usage: 1945kB
        ->  Hash Join  (cost=96679.19..176167.88 rows=729253 width=8) (actual time=2233.579..3628.267 rows=382571 loops=1)
              Hash Cond: (mc.movie_id = t.id)
              ->  Seq Scan on movie_companies mc  (cost=0.00..51404.11 rows=1329612 width=4) (actual time=0.026..915.216 rows=1334883 loops=1)
                    Filter: (company_type_id = 2)
                    Rows Removed by Filter: 1274246
              ->  Hash  (cost=73925.90..73925.90 rows=1386823 width=4) (actual time=1686.343..1686.343 rows=1464545 loops=1)
                    Buckets: 131072  Batches: 32  Memory Usage: 2635kB
                    ->  Seq Scan on title t  (cost=0.00..73925.90 rows=1386823 width=4) (actual time=0.013..1219.082 rows=1464545 loops=1)
                          Filter: ((production_year > 1953) AND (kind_id = 7))
                          Rows Removed by Filter: 1063767
Planning time: 1.281 ms
Execution time: 38688.834 ms
