Hash Join  (cost=188498.05..681246.22 rows=1652728 width=0) (actual time=3636.450..16795.304 rows=11244310 loops=1)
  Hash Cond: (mi.movie_id = t.id)
  ->  Seq Scan on movie_info mi  (cost=0.00..346232.03 rows=11115165 width=4) (actual time=0.026..6379.727 rows=11210743 loops=1)
        Filter: (info_type_id > 3)
        Rows Removed by Filter: 3624977
  ->  Hash  (cost=182329.42..182329.42 rows=375970 width=8) (actual time=3635.649..3635.649 rows=255010 loops=1)
        Buckets: 131072  Batches: 8  Memory Usage: 2269kB
        ->  Hash Join  (cost=80562.70..182329.42 rows=375970 width=8) (actual time=1568.534..3573.267 rows=255010 loops=1)
              Hash Cond: (mk.movie_id = t.id)
              ->  Seq Scan on movie_keyword mk  (cost=0.00..81003.12 rows=1203706 width=4) (actual time=0.030..1352.270 rows=1212805 loops=1)
                    Filter: (keyword_id > 15079)
                    Rows Removed by Filter: 3311125
              ->  Hash  (cost=67604.59..67604.59 rows=789769 width=4) (actual time=1567.587..1567.587 rows=784926 loops=1)
                    Buckets: 131072  Batches: 16  Memory Usage: 2756kB
                    ->  Seq Scan on title t  (cost=0.00..67604.59 rows=789769 width=4) (actual time=0.028..970.763 rows=784926 loops=1)
                          Filter: (production_year > 2007)
                          Rows Removed by Filter: 1743386
Planning time: 1.158 ms
Execution time: 17970.989 ms
