Hash Join  (cost=165218.72..921304.80 rows=285623 width=0) (actual time=4156.932..16330.521 rows=184585 loops=1)
  Hash Cond: (ci.movie_id = t.id)
  ->  Seq Scan on cast_info ci  (cost=0.00..705507.15 rows=12726058 width=4) (actual time=1964.317..12020.940 rows=12670688 loops=1)
        Filter: (role_id = 1)
        Rows Removed by Filter: 23573656
  ->  Hash  (cost=164509.34..164509.34 rows=56750 width=8) (actual time=2191.577..2191.577 rows=16608 loops=1)
        Buckets: 65536  Batches: 1  Memory Usage: 1161kB
        ->  Hash Join  (cost=74747.02..164509.34 rows=56750 width=8) (actual time=1089.979..2187.373 rows=16608 loops=1)
              Hash Cond: (mk.movie_id = t.id)
              ->  Seq Scan on movie_keyword mk  (cost=0.00..81003.12 rows=2184453 width=4) (actual time=0.037..1058.699 rows=2184258 loops=1)
                    Filter: (keyword_id < 4333)
                    Rows Removed by Filter: 2339672
              ->  Hash  (cost=73925.90..73925.90 rows=65689 width=4) (actual time=801.636..801.636 rows=74524 loops=1)
                    Buckets: 131072  Batches: 1  Memory Usage: 3644kB
                    ->  Seq Scan on title t  (cost=0.00..73925.90 rows=65689 width=4) (actual time=0.030..777.854 rows=74524 loops=1)
                          Filter: ((kind_id = 7) AND (production_year = 2006))
                          Rows Removed by Filter: 2453788
Planning time: 1.230 ms
Execution time: 16353.732 ms
