Nested Loop  (cost=0.43..52283.69 rows=104 width=0) (actual time=7.345..698.185 rows=27 loops=1)
  ->  Seq Scan on movie_companies mc  (cost=0.00..51404.11 rows=104 width=4) (actual time=7.266..694.959 rows=27 loops=1)
        Filter: (company_id = 31132)
        Rows Removed by Filter: 2609102
  ->  Index Only Scan using title_pkey on title t  (cost=0.43..8.45 rows=1 width=4) (actual time=0.115..0.116 rows=1 loops=27)
        Index Cond: (id = mc.movie_id)
        Heap Fetches: 27
Planning time: 0.747 ms
Execution time: 698.258 ms
