Hash Join  (cost=83580.70..186175.44 rows=444416 width=0) (actual time=1421.946..3669.263 rows=597009 loops=1)
  Hash Cond: (mk.movie_id = t.id)
  ->  Seq Scan on movie_keyword mk  (cost=0.00..81003.12 rows=1153987 width=4) (actual time=0.024..1367.869 rows=1158608 loops=1)
        Filter: (keyword_id < 1376)
        Rows Removed by Filter: 3365322
  ->  Hash  (cost=67604.59..67604.59 rows=973769 width=4) (actual time=1420.554..1420.554 rows=971188 loops=1)
        Buckets: 131072  Batches: 16  Memory Usage: 3168kB
        ->  Seq Scan on title t  (cost=0.00..67604.59 rows=973769 width=4) (actual time=0.014..1099.023 rows=971188 loops=1)
              Filter: (production_year < 1999)
              Rows Removed by Filter: 1557124
Planning time: 0.829 ms
Execution time: 3740.721 ms
