Hash Join  (cost=709678.15..1074363.23 rows=2915 width=0) (actual time=10151.236..16610.333 rows=825 loops=1)
  Hash Cond: (mi.movie_id = t.id)
  ->  Seq Scan on movie_info mi  (cost=0.00..309384.22 rows=14739122 width=4) (actual time=0.018..3660.718 rows=14835720 loops=1)
  ->  Hash  (cost=709671.90..709671.90 rows=500 width=8) (actual time=10117.262..10117.262 rows=191 loops=1)
        Buckets: 1024  Batches: 1  Memory Usage: 16kB
        ->  Nested Loop  (cost=0.43..709671.90 rows=500 width=8) (actual time=7780.179..10117.179 rows=191 loops=1)
              ->  Seq Scan on cast_info ci  (cost=0.00..705507.15 rows=500 width=4) (actual time=7780.072..10114.220 rows=191 loops=1)
                    Filter: (person_id = 3649369)
                    Rows Removed by Filter: 36244153
              ->  Index Only Scan using title_pkey on title t  (cost=0.43..8.32 rows=1 width=4) (actual time=0.014..0.014 rows=1 loops=191)
                    Index Cond: (id = ci.movie_id)
                    Heap Fetches: 191
Planning time: 1.215 ms
Execution time: 16610.678 ms
