Hash Join  (cost=102767.86..198875.49 rows=1176166 width=0) (actual time=2317.327..4651.866 rows=1274246 loops=1)
  Hash Cond: (mc.movie_id = t.id)
  ->  Seq Scan on movie_companies mc  (cost=0.00..57926.93 rows=1176166 width=4) (actual time=438.623..1220.390 rows=1274246 loops=1)
        Filter: ((company_id < 110046) AND (company_type_id < 2))
        Rows Removed by Filter: 1334883
  ->  Hash  (cost=61283.27..61283.27 rows=2528527 width=4) (actual time=1877.371..1877.371 rows=2528312 loops=1)
        Buckets: 131072  Batches: 64  Memory Usage: 2415kB
        ->  Seq Scan on title t  (cost=0.00..61283.27 rows=2528527 width=4) (actual time=0.025..1044.674 rows=2528312 loops=1)
Planning time: 0.716 ms
Execution time: 4789.389 ms
