Hash Join  (cost=182771.41..223286.77 rows=164488 width=0) (actual time=3759.220..5146.709 rows=824194 loops=1)
  Hash Cond: (mi_idx.movie_id = t.id)
  ->  Seq Scan on movie_info_idx mi_idx  (cost=0.00..21735.35 rows=1380035 width=4) (actual time=0.024..423.876 rows=1380035 loops=1)
  ->  Hash  (cost=177826.18..177826.18 rows=301378 width=8) (actual time=3758.369..3758.369 rows=595525 loops=1)
        Buckets: 131072 (originally 131072)  Batches: 8 (originally 4)  Memory Usage: 3943kB
        ->  Hash Join  (cost=102767.86..177826.18 rows=301378 width=8) (actual time=1948.037..3578.419 rows=595525 loops=1)
              Hash Cond: (mc.movie_id = t.id)
              ->  Seq Scan on movie_companies mc  (cost=0.00..57926.93 rows=301378 width=4) (actual time=139.411..864.548 rows=595525 loops=1)
                    Filter: ((company_id > 68266) AND (company_type_id > 1))
                    Rows Removed by Filter: 2013604
              ->  Hash  (cost=61283.27..61283.27 rows=2528527 width=4) (actual time=1807.418..1807.418 rows=2528312 loops=1)
                    Buckets: 131072  Batches: 64  Memory Usage: 2415kB
                    ->  Seq Scan on title t  (cost=0.00..61283.27 rows=2528527 width=4) (actual time=0.025..964.917 rows=2528312 loops=1)
Planning time: 1.110 ms
Execution time: 5251.553 ms
