Seq Scan on movie_keyword mk  (cost=0.00..81003.12 rows=246 width=0) (actual time=42.826..1056.388 rows=49 loops=1)
  Filter: (keyword_id = 27124)
  Rows Removed by Filter: 4523881
Planning time: 0.374 ms
Execution time: 1056.509 ms
