Hash Join  (cost=91132.79..519576.61 rows=2062343 width=0) (actual time=3601.410..9535.224 rows=564231 loops=1)
  Hash Cond: (mi.movie_id = t.id)
  ->  Seq Scan on movie_info mi  (cost=0.00..346232.03 rows=4972096 width=4) (actual time=2065.591..5080.076 rows=4923966 loops=1)
        Filter: (info_type_id < 5)
        Rows Removed by Filter: 9911754
  ->  Hash  (cost=73925.90..73925.90 rows=1048791 width=4) (actual time=1534.500..1534.500 rows=1142131 loops=1)
        Buckets: 131072  Batches: 16  Memory Usage: 3549kB
        ->  Seq Scan on title t  (cost=0.00..73925.90 rows=1048791 width=4) (actual time=0.035..1165.895 rows=1142131 loops=1)
              Filter: ((kind_id > 4) AND (production_year > 1992))
              Rows Removed by Filter: 1386181
Planning time: 0.802 ms
Execution time: 9612.888 ms
