Hash Join  (cost=812779.25..942411.34 rows=626205 width=0) (actual time=14545.987..18370.030 rows=3302247 loops=1)
  Hash Cond: (mk.movie_id = t.id)
  ->  Seq Scan on movie_keyword mk  (cost=0.00..69693.30 rows=4523930 width=4) (actual time=0.013..1309.325 rows=4523930 loops=1)
  ->  Hash  (cost=807036.25..807036.25 rows=350000 width=8) (actual time=14545.212..14545.212 rows=596898 loops=1)
        Buckets: 131072  Batches: 8  Memory Usage: 3951kB
        ->  Hash Join  (cost=83810.17..807036.25 rows=350000 width=8) (actual time=12135.530..14360.676 rows=596898 loops=1)
              Hash Cond: (ci.movie_id = t.id)
              ->  Seq Scan on cast_info ci  (cost=0.00..705507.15 rows=895980 width=4) (actual time=10772.566..12179.372 rows=898389 loops=1)
                    Filter: (role_id = 5)
                    Rows Removed by Filter: 35345955
              ->  Hash  (cost=67604.59..67604.59 rows=987727 width=4) (actual time=1361.857..1361.857 rows=985048 loops=1)
                    Buckets: 131072  Batches: 16  Memory Usage: 3188kB
                    ->  Seq Scan on title t  (cost=0.00..67604.59 rows=987727 width=4) (actual time=0.031..1055.623 rows=985048 loops=1)
                          Filter: (kind_id < 7)
                          Rows Removed by Filter: 1543264
Planning time: 1.482 ms
Execution time: 18702.054 ms
