Hash Join  (cost=190230.21..273206.35 rows=839498 width=0) (actual time=4030.582..6607.012 rows=2518390 loops=1)
  Hash Cond: (mc.movie_id = t.id)
  ->  Seq Scan on movie_companies mc  (cost=0.00..51404.11 rows=1538145 width=4) (actual time=0.015..954.276 rows=1524955 loops=1)
        Filter: (company_id < 14328)
        Rows Removed by Filter: 1084174
  ->  Hash  (cost=167588.78..167588.78 rows=1380035 width=8) (actual time=4029.781..4029.781 rows=1380035 loops=1)
        Buckets: 131072  Batches: 32  Memory Usage: 2708kB
        ->  Hash Join  (cost=102767.86..167588.78 rows=1380035 width=8) (actual time=1727.092..3634.186 rows=1380035 loops=1)
              Hash Cond: (mi_idx.movie_id = t.id)
              ->  Seq Scan on movie_info_idx mi_idx  (cost=0.00..21735.35 rows=1380035 width=4) (actual time=0.016..406.119 rows=1380035 loops=1)
              ->  Hash  (cost=61283.27..61283.27 rows=2528527 width=4) (actual time=1725.010..1725.010 rows=2528312 loops=1)
                    Buckets: 131072  Batches: 64  Memory Usage: 2415kB
                    ->  Seq Scan on title t  (cost=0.00..61283.27 rows=2528527 width=4) (actual time=0.029..908.466 rows=2528312 loops=1)
Planning time: 10.824 ms
Execution time: 6901.840 ms
