Nested Loop  (cost=0.43..58358.39 rows=31 width=0) (actual time=92.113..747.320 rows=354 loops=1)
  ->  Seq Scan on movie_companies mc  (cost=0.00..57926.93 rows=51 width=4) (actual time=92.066..734.941 rows=490 loops=1)
        Filter: ((company_id = 317) AND (company_type_id = 1))
        Rows Removed by Filter: 2608639
  ->  Index Scan using title_pkey on title t  (cost=0.43..8.45 rows=1 width=4) (actual time=0.024..0.024 rows=1 loops=490)
        Index Cond: (id = mc.movie_id)
        Filter: (production_year < 2007)
        Rows Removed by Filter: 0
Planning time: 0.821 ms
Execution time: 747.526 ms
