Hash Join  (cost=965587.37..1060627.14 rows=1450024 width=0) (actual time=14373.363..16824.115 rows=1978421 loops=1)
  Hash Cond: (mc.movie_id = t.id)
  ->  Seq Scan on movie_companies mc  (cost=0.00..44881.29 rows=2609129 width=4) (actual time=0.022..744.967 rows=2609129 loops=1)
  ->  Hash  (cost=942532.01..942532.01 rows=1405229 width=8) (actual time=14372.054..14372.054 rows=817931 loops=1)
        Buckets: 131072  Batches: 32  Memory Usage: 2008kB
        ->  Hash Join  (cost=102767.86..942532.01 rows=1405229 width=8) (actual time=5205.528..14127.340 rows=817931 loops=1)
              Hash Cond: (ci.movie_id = t.id)
              ->  Seq Scan on cast_info ci  (cost=0.00..796071.18 rows=1405229 width=4) (actual time=3274.273..11126.904 rows=817931 loops=1)
                    Filter: ((person_id < 387800) AND (role_id > 3))
                    Rows Removed by Filter: 35426413
              ->  Hash  (cost=61283.27..61283.27 rows=2528527 width=4) (actual time=1929.111..1929.111 rows=2528312 loops=1)
                    Buckets: 131072  Batches: 64  Memory Usage: 2415kB
                    ->  Seq Scan on title t  (cost=0.00..61283.27 rows=2528527 width=4) (actual time=0.020..1073.083 rows=2528312 loops=1)
Planning time: 1.157 ms
Execution time: 17014.485 ms
