Hash Join  (cost=165097.31..920658.35 rows=233117 width=0) (actual time=5909.205..18891.254 rows=299053 loops=1)
  Hash Cond: (ci.movie_id = t.id)
  ->  Seq Scan on cast_info ci  (cost=0.00..705507.15 rows=12726058 width=4) (actual time=2954.098..13073.033 rows=12670688 loops=1)
        Filter: (role_id < 2)
        Rows Removed by Filter: 23573656
  ->  Hash  (cost=164518.33..164518.33 rows=46318 width=8) (actual time=2954.641..2954.641 rows=47698 loops=1)
        Buckets: 65536  Batches: 1  Memory Usage: 2376kB
        ->  Hash Join  (cost=74573.39..164518.33 rows=46318 width=8) (actual time=1723.114..2940.307 rows=47698 loops=1)
              Hash Cond: (mk.movie_id = t.id)
              ->  Seq Scan on movie_keyword mk  (cost=0.00..81003.12 rows=2260969 width=4) (actual time=0.022..1452.533 rows=2257392 loops=1)
                    Filter: (keyword_id > 4729)
                    Rows Removed by Filter: 2266538
              ->  Hash  (cost=73925.90..73925.90 rows=51799 width=4) (actual time=1083.531..1083.531 rows=56736 loops=1)
                    Buckets: 65536  Batches: 1  Memory Usage: 2507kB
                    ->  Seq Scan on title t  (cost=0.00..73925.90 rows=51799 width=4) (actual time=0.028..1060.077 rows=56736 loops=1)
                          Filter: ((production_year < 2006) AND (kind_id = 2))
                          Rows Removed by Filter: 2471576
Planning time: 12.678 ms
Execution time: 18932.488 ms
