Hash Join  (cost=99161.12..277994.41 rows=3364507 width=0) (actual time=1835.464..6860.879 rows=3924347 loops=1)
  Hash Cond: (mk.movie_id = t.id)
  ->  Seq Scan on movie_keyword mk  (cost=0.00..81003.12 rows=4423019 width=4) (actual time=0.012..1674.579 rows=4414069 loops=1)
        Filter: (keyword_id > 107)
        Rows Removed by Filter: 109861
  ->  Hash  (cost=67604.59..67604.59 rows=1923403 width=4) (actual time=1834.379..1834.379 rows=1922849 loops=1)
        Buckets: 131072  Batches: 32  Memory Usage: 3141kB
        ->  Seq Scan on title t  (cost=0.00..67604.59 rows=1923403 width=4) (actual time=0.019..1202.441 rows=1922849 loops=1)
              Filter: (production_year < 2010)
              Rows Removed by Filter: 605463
Planning time: 0.734 ms
Execution time: 7342.983 ms
