Hash Join  (cost=52284.99..759105.46 rows=14 width=0) (actual time=6866.327..12591.698 rows=8 loops=1)
  Hash Cond: (ci.movie_id = t.id)
  ->  Seq Scan on cast_info ci  (cost=0.00..705507.15 rows=350181 width=4) (actual time=6169.816..11865.955 rows=316118 loops=1)
        Filter: (role_id > 10)
        Rows Removed by Filter: 35928226
  ->  Hash  (cost=52283.69..52283.69 rows=104 width=8) (actual time=691.828..691.828 rows=36 loops=1)
        Buckets: 1024  Batches: 1  Memory Usage: 10kB
        ->  Nested Loop  (cost=0.43..52283.69 rows=104 width=8) (actual time=200.044..691.773 rows=36 loops=1)
              ->  Seq Scan on movie_companies mc  (cost=0.00..51404.11 rows=104 width=4) (actual time=199.845..690.246 rows=36 loops=1)
                    Filter: (company_id = 22531)
                    Rows Removed by Filter: 2609093
              ->  Index Only Scan using title_pkey on title t  (cost=0.43..8.45 rows=1 width=4) (actual time=0.035..0.036 rows=1 loops=36)
                    Index Cond: (id = mc.movie_id)
                    Heap Fetches: 36
Planning time: 2.900 ms
Execution time: 12591.805 ms
