Hash Join  (cost=92883.59..814973.98 rows=340465 width=0) (actual time=3064.241..13691.874 rows=366332 loops=1)
  Hash Cond: (ci.movie_id = t.id)
  ->  Seq Scan on cast_info ci  (cost=0.00..705507.15 rows=558719 width=4) (actual time=1342.709..11336.133 rows=582671 loops=1)
        Filter: (person_id > 3949361)
        Rows Removed by Filter: 35661673
  ->  Hash  (cost=67604.59..67604.59 rows=1540800 width=4) (actual time=1720.033..1720.033 rows=1543264 loops=1)
        Buckets: 131072  Batches: 32  Memory Usage: 2722kB
        ->  Seq Scan on title t  (cost=0.00..67604.59 rows=1540800 width=4) (actual time=0.032..1224.371 rows=1543264 loops=1)
              Filter: (kind_id = 7)
              Rows Removed by Filter: 985048
Planning time: 0.521 ms
Execution time: 13734.795 ms
