Seq Scan on movie_keyword mk  (cost=0.00..81003.12 rows=4316107 width=0) (actual time=0.020..1514.915 rows=4314193 loops=1)
  Filter: (keyword_id < 66739)
  Rows Removed by Filter: 209737
Planning time: 0.292 ms
Execution time: 2067.885 ms
