Hash Join  (cost=76843.29..567707.90 rows=1036368 width=0) (actual time=1217.167..14187.530 rows=3219251 loops=1)
  Hash Cond: (mi.movie_id = t.id)
  ->  Seq Scan on movie_info mi  (cost=0.00..309384.22 rows=14739122 width=4) (actual time=0.008..5219.184 rows=14835720 loops=1)
  ->  Hash  (cost=73925.90..73925.90 rows=177791 width=4) (actual time=1216.482..1216.482 rows=282025 loops=1)
        Buckets: 131072  Batches: 4  Memory Usage: 3514kB
        ->  Seq Scan on title t  (cost=0.00..73925.90 rows=177791 width=4) (actual time=0.018..1116.413 rows=282025 loops=1)
              Filter: ((kind_id < 7) AND (production_year < 1976))
              Rows Removed by Filter: 2246287
Planning time: 0.465 ms
Execution time: 14569.495 ms
