Hash Join  (cost=125316.95..252466.00 rows=436423 width=0) (actual time=2503.958..5912.553 rows=2766664 loops=1)
  Hash Cond: (mk.movie_id = t.id)
  ->  Seq Scan on movie_keyword mk  (cost=0.00..81003.12 rows=3507118 width=4) (actual time=0.020..1570.549 rows=3501170 loops=1)
        Filter: (keyword_id > 995)
        Rows Removed by Filter: 1022760
  ->  Hash  (cost=120153.85..120153.85 rows=314648 width=8) (actual time=2500.387..2500.387 rows=363285 loops=1)
        Buckets: 131072  Batches: 8  Memory Usage: 2811kB
        ->  Hash Join  (cost=77062.89..120153.85 rows=314648 width=8) (actual time=1165.265..2381.311 rows=363285 loops=1)
              Hash Cond: (mi_idx.movie_id = t.id)
              ->  Seq Scan on movie_info_idx mi_idx  (cost=0.00..21735.35 rows=1380035 width=4) (actual time=0.020..391.554 rows=1380035 loops=1)
              ->  Hash  (cost=67604.59..67604.59 rows=576504 width=4) (actual time=1164.510..1164.510 rows=568449 loops=1)
                    Buckets: 131072  Batches: 8  Memory Usage: 3513kB
                    ->  Seq Scan on title t  (cost=0.00..67604.59 rows=576504 width=4) (actual time=0.022..982.211 rows=568449 loops=1)
                          Filter: (production_year < 1984)
                          Rows Removed by Filter: 1959863
Planning time: 1.057 ms
Execution time: 6166.190 ms
