Hash Join  (cost=74124.68..158249.49 rows=5149 width=0) (actual time=960.678..2384.369 rows=10585 loops=1)
  Hash Cond: (mk.movie_id = t.id)
  ->  Seq Scan on movie_keyword mk  (cost=0.00..81003.12 rows=818718 width=4) (actual time=0.011..1269.067 rows=826185 loops=1)
        Filter: (keyword_id > 22239)
        Rows Removed by Filter: 3697745
  ->  Hash  (cost=73925.90..73925.90 rows=15902 width=4) (actual time=960.415..960.415 rows=12969 loops=1)
        Buckets: 16384  Batches: 1  Memory Usage: 584kB
        ->  Seq Scan on title t  (cost=0.00..73925.90 rows=15902 width=4) (actual time=0.011..954.730 rows=12969 loops=1)
              Filter: ((kind_id < 7) AND (production_year = 1997))
              Rows Removed by Filter: 2515343
Planning time: 0.501 ms
Execution time: 2386.112 ms
