Hash Join  (cost=102767.86..1182866.11 rows=11393174 width=0) (actual time=1782.450..27371.460 rows=12670688 loops=1)
  Hash Cond: (ci.movie_id = t.id)
  ->  Seq Scan on cast_info ci  (cost=0.00..796071.18 rows=11393174 width=4) (actual time=0.022..15902.336 rows=12670688 loops=1)
        Filter: ((person_id < 3360837) AND (role_id = 1))
        Rows Removed by Filter: 23573656
  ->  Hash  (cost=61283.27..61283.27 rows=2528527 width=4) (actual time=1781.533..1781.533 rows=2528312 loops=1)
        Buckets: 131072  Batches: 64  Memory Usage: 2415kB
        ->  Seq Scan on title t  (cost=0.00..61283.27 rows=2528527 width=4) (actual time=0.017..916.994 rows=2528312 loops=1)
Planning time: 0.780 ms
Execution time: 28704.424 ms
