Hash Join  (cost=202758.41..342096.45 rows=1422900 width=0) (actual time=3799.451..10593.567 rows=13875743 loops=1)
  Hash Cond: (mk.movie_id = t.id)
  ->  Seq Scan on movie_keyword mk  (cost=0.00..69693.30 rows=4523930 width=4) (actual time=0.014..1297.342 rows=4523930 loops=1)
  ->  Hash  (cost=189710.27..189710.27 rows=795291 width=8) (actual time=3798.751..3798.751 rows=580741 loops=1)
        Buckets: 131072  Batches: 16  Memory Usage: 2484kB
        ->  Hash Join  (cost=102767.86..189710.27 rows=795291 width=8) (actual time=1927.902..3639.136 rows=580741 loops=1)
              Hash Cond: (mc.movie_id = t.id)
              ->  Seq Scan on movie_companies mc  (cost=0.00..57926.93 rows=795291 width=4) (actual time=98.563..981.859 rows=580741 loops=1)
                    Filter: ((company_id > 4568) AND (company_type_id < 2))
                    Rows Removed by Filter: 2028388
              ->  Hash  (cost=61283.27..61283.27 rows=2528527 width=4) (actual time=1827.789..1827.789 rows=2528312 loops=1)
                    Buckets: 131072  Batches: 64  Memory Usage: 2415kB
                    ->  Seq Scan on title t  (cost=0.00..61283.27 rows=2528527 width=4) (actual time=0.022..970.608 rows=2528312 loops=1)
Planning time: 1.095 ms
Execution time: 12048.700 ms
