Hash Join  (cost=219394.30..1137476.58 rows=6071541 width=0) (actual time=9860.842..31222.170 rows=10490883 loops=1)
  Hash Cond: (ci.movie_id = t.id)
  ->  Seq Scan on cast_info ci  (cost=0.00..705507.15 rows=12726058 width=4) (actual time=4558.491..13746.304 rows=12670688 loops=1)
        Filter: (role_id < 2)
        Rows Removed by Filter: 23573656
  ->  Hash  (cost=199601.95..199601.95 rows=1206348 width=8) (actual time=5301.015..5301.015 rows=1280015 loops=1)
        Buckets: 131072 (originally 131072)  Batches: 32 (originally 16)  Memory Usage: 3073kB
        ->  Hash Join  (cost=102767.86..199601.95 rows=1206348 width=8) (actual time=2302.869..4903.213 rows=1280015 loops=1)
              Hash Cond: (mc.movie_id = t.id)
              ->  Seq Scan on movie_companies mc  (cost=0.00..57926.93 rows=1206348 width=4) (actual time=11.160..1075.960 rows=1280015 loops=1)
                    Filter: ((company_id > 93) AND (company_type_id = 2))
                    Rows Removed by Filter: 1329114
              ->  Hash  (cost=61283.27..61283.27 rows=2528527 width=4) (actual time=2290.427..2290.427 rows=2528312 loops=1)
                    Buckets: 131072  Batches: 64  Memory Usage: 2415kB
                    ->  Seq Scan on title t  (cost=0.00..61283.27 rows=2528527 width=4) (actual time=0.017..969.369 rows=2528312 loops=1)
Planning time: 1.199 ms
Execution time: 32468.311 ms
