Hash Join  (cost=153284.09..1050003.57 rows=310609 width=0) (actual time=2778.894..15797.074 rows=382351 loops=1)
  Hash Cond: (ci.movie_id = t.id)
  ->  Seq Scan on cast_info ci  (cost=0.00..796071.18 rows=8404323 width=4) (actual time=402.670..11946.609 rows=3578125 loops=1)
        Filter: ((person_id < 1275696) AND (role_id > 1))
        Rows Removed by Filter: 32666219
  ->  Hash  (cost=151749.97..151749.97 rows=93450 width=8) (actual time=2375.390..2375.390 rows=109272 loops=1)
        Buckets: 131072  Batches: 2  Memory Usage: 3167kB
        ->  Hash Join  (cost=75411.94..151749.97 rows=93450 width=8) (actual time=987.399..2342.156 rows=109272 loops=1)
              Hash Cond: (mc.movie_id = t.id)
              ->  Seq Scan on movie_companies mc  (cost=0.00..44881.29 rows=2609129 width=4) (actual time=0.020..537.335 rows=2609129 loops=1)
              ->  Hash  (cost=73925.90..73925.90 rows=90563 width=4) (actual time=986.567..986.567 rows=80990 loops=1)
                    Buckets: 131072  Batches: 2  Memory Usage: 2450kB
                    ->  Seq Scan on title t  (cost=0.00..73925.90 rows=90563 width=4) (actual time=0.024..955.626 rows=80990 loops=1)
                          Filter: ((kind_id < 7) AND (production_year > 2011))
                          Rows Removed by Filter: 2447322
Planning time: 1.450 ms
Execution time: 15847.829 ms
