Hash Join  (cost=129591.22..931594.01 rows=181406 width=186) (actual time=2233.495..27494.233 rows=654677 loops=1)
  Hash Cond: (ci.movie_id = t.id)
  ->  Seq Scan on cast_info ci  (cost=0.00..705507.15 rows=25248425 width=42) (actual time=0.013..15027.484 rows=25273281 loops=1)
        Filter: (person_id < 2607344)
        Rows Removed by Filter: 10971063
  ->  Hash  (cost=129364.13..129364.13 rows=18167 width=144) (actual time=2232.620..2232.620 rows=35988 loops=1)
        Buckets: 32768 (originally 32768)  Batches: 2 (originally 1)  Memory Usage: 3841kB
        ->  Hash Join  (cost=74829.98..129364.13 rows=18167 width=144) (actual time=1287.202..2203.570 rows=35988 loops=1)
              Hash Cond: (mi_idx.movie_id = t.id)
              ->  Seq Scan on movie_info_idx mi_idx  (cost=0.00..21735.35 rows=1380035 width=50) (actual time=0.008..389.570 rows=1380035 loops=1)
              ->  Hash  (cost=73925.90..73925.90 rows=33286 width=94) (actual time=1286.952..1286.952 rows=28113 loops=1)
                    Buckets: 32768  Batches: 2  Memory Usage: 1813kB
                    ->  Seq Scan on title t  (cost=0.00..73925.90 rows=33286 width=94) (actual time=0.021..1272.519 rows=28113 loops=1)
                          Filter: ((kind_id < 7) AND (production_year = 2004))
                          Rows Removed by Filter: 2500199
Planning time: 1.715 ms
Execution time: 27533.320 ms
