Seq Scan on movie_companies mc  (cost=0.00..51404.11 rows=104 width=0) (actual time=136.183..683.441 rows=1 loops=1)
  Filter: (company_id = 150005)
  Rows Removed by Filter: 2609128
Planning time: 0.376 ms
Execution time: 683.519 ms
