Hash Join  (cost=462336.16..1344803.39 rows=1158920 width=0) (actual time=7822.670..27806.027 rows=6055226 loops=1)
  Hash Cond: (ci.movie_id = t.id)
  ->  Seq Scan on cast_info ci  (cost=0.00..796071.18 rows=6312757 width=4) (actual time=0.016..14297.535 rows=7814549 loops=1)
        Filter: ((person_id > 1179720) AND (role_id > 4))
        Rows Removed by Filter: 28429795
  ->  Hash  (cost=454719.70..454719.70 rows=464197 width=8) (actual time=7821.857..7821.857 rows=349817 loops=1)
        Buckets: 131072  Batches: 8  Memory Usage: 2720kB
        ->  Hash Join  (cost=76379.89..454719.70 rows=464197 width=8) (actual time=1193.588..7707.273 rows=349817 loops=1)
              Hash Cond: (mi.movie_id = t.id)
              ->  Seq Scan on movie_info mi  (cost=0.00..346232.03 rows=2194617 width=4) (actual time=0.023..5325.122 rows=2233850 loops=1)
                    Filter: (info_type_id > 16)
                    Rows Removed by Filter: 12601870
              ->  Hash  (cost=67604.59..67604.59 rows=534824 width=4) (actual time=1192.611..1192.611 rows=533369 loops=1)
                    Buckets: 131072  Batches: 8  Memory Usage: 3376kB
                    ->  Seq Scan on title t  (cost=0.00..67604.59 rows=534824 width=4) (actual time=0.038..1015.881 rows=533369 loops=1)
                          Filter: (production_year > 2009)
                          Rows Removed by Filter: 1994943
Planning time: 1.222 ms
Execution time: 28513.185 ms
