Hash Join  (cost=153818.99..1011369.84 rows=1012370 width=0) (actual time=4032.956..25419.863 rows=5237165 loops=1)
  Hash Cond: (ci.movie_id = t.id)
  ->  Seq Scan on cast_info ci  (cost=0.00..705507.15 rows=12203201 width=4) (actual time=159.892..13316.557 rows=12113646 loops=1)
        Filter: (role_id > 3)
        Rows Removed by Filter: 24130698
  ->  Hash  (cost=150376.92..150376.92 rows=209765 width=8) (actual time=3872.097..3872.097 rows=582655 loops=1)
        Buckets: 131072 (originally 131072)  Batches: 8 (originally 4)  Memory Usage: 3877kB
        ->  Hash Join  (cost=78556.72..150376.92 rows=209765 width=8) (actual time=1760.574..3695.793 rows=582655 loops=1)
              Hash Cond: (mc.movie_id = t.id)
              ->  Seq Scan on movie_companies mc  (cost=0.00..57926.93 rows=794564 width=4) (actual time=347.730..1007.907 rows=1012411 loops=1)
                    Filter: ((company_id > 6110) AND (company_type_id > 1))
                    Rows Removed by Filter: 1596718
              ->  Hash  (cost=67604.59..67604.59 rows=667531 width=4) (actual time=1135.600..1135.600 rows=662825 loops=1)
                    Buckets: 131072  Batches: 16  Memory Usage: 2476kB
                    ->  Seq Scan on title t  (cost=0.00..67604.59 rows=667531 width=4) (actual time=0.032..933.753 rows=662825 loops=1)
                          Filter: (kind_id = 1)
                          Rows Removed by Filter: 1865487
Planning time: 1.342 ms
Execution time: 26005.890 ms
