Hash Join  (cost=102767.86..246778.64 rows=2207979 width=0) (actual time=1897.327..5691.530 rows=2210347 loops=1)
  Hash Cond: (mk.movie_id = t.id)
  ->  Seq Scan on movie_keyword mk  (cost=0.00..81003.12 rows=2207979 width=4) (actual time=0.012..1461.101 rows=2210347 loops=1)
        Filter: (keyword_id < 4460)
        Rows Removed by Filter: 2313583
  ->  Hash  (cost=61283.27..61283.27 rows=2528527 width=4) (actual time=1896.377..1896.377 rows=2528312 loops=1)
        Buckets: 131072  Batches: 64  Memory Usage: 2425kB
        ->  Seq Scan on title t  (cost=0.00..61283.27 rows=2528527 width=4) (actual time=0.025..1039.496 rows=2528312 loops=1)
Planning time: 0.722 ms
Execution time: 5946.349 ms
