Hash Join  (cost=112601.86..863627.27 rows=23628 width=0) (actual time=1190.646..16439.866 rows=221149 loops=1)
  Hash Cond: (ci.movie_id = t.id)
  ->  Seq Scan on cast_info ci  (cost=0.00..614943.12 rows=36225612 width=4) (actual time=0.012..7476.678 rows=36244344 loops=1)
  ->  Hash  (cost=112581.24..112581.24 rows=1649 width=8) (actual time=1190.551..1190.551 rows=2926 loops=1)
        Buckets: 4096 (originally 2048)  Batches: 1 (originally 1)  Memory Usage: 147kB
        ->  Nested Loop  (cost=0.43..112581.24 rows=1649 width=8) (actual time=0.464..1188.602 rows=2926 loops=1)
              ->  Seq Scan on movie_keyword mk  (cost=0.00..81003.12 rows=4222 width=4) (actual time=0.422..1102.058 rows=3351 loops=1)
                    Filter: (keyword_id = 571)
                    Rows Removed by Filter: 4520579
              ->  Index Scan using title_pkey on title t  (cost=0.43..7.47 rows=1 width=4) (actual time=0.023..0.025 rows=1 loops=3351)
                    Index Cond: (id = mk.movie_id)
                    Filter: (kind_id < 7)
                    Rows Removed by Filter: 0
Planning time: 1.155 ms
Execution time: 16479.066 ms
