Hash Join  (cost=76263.51..107596.31 rows=25970 width=0) (actual time=1169.533..1821.801 rows=10471 loops=1)
  Hash Cond: (mi_idx.movie_id = t.id)
  ->  Seq Scan on movie_info_idx mi_idx  (cost=0.00..25185.44 rows=460978 width=4) (actual time=0.036..437.882 rows=459925 loops=1)
        Filter: (info_type_id < 100)
        Rows Removed by Filter: 920110
  ->  Hash  (cost=73925.90..73925.90 rows=142448 width=4) (actual time=1168.774..1168.774 rows=151188 loops=1)
        Buckets: 131072  Batches: 2  Memory Usage: 3682kB
        ->  Seq Scan on title t  (cost=0.00..73925.90 rows=142448 width=4) (actual time=0.012..1113.295 rows=151188 loops=1)
              Filter: ((kind_id > 4) AND (production_year > 2011))
              Rows Removed by Filter: 2377124
Planning time: 0.677 ms
Execution time: 1823.869 ms
