Nested Loop  (cost=0.43..52283.69 rows=104 width=0) (actual time=472.607..814.984 rows=24 loops=1)
  ->  Seq Scan on movie_companies mc  (cost=0.00..51404.11 rows=104 width=4) (actual time=472.537..814.150 rows=24 loops=1)
        Filter: (company_id = 107031)
        Rows Removed by Filter: 2609105
  ->  Index Only Scan using title_pkey on title t  (cost=0.43..8.45 rows=1 width=4) (actual time=0.031..0.031 rows=1 loops=24)
        Index Cond: (id = mc.movie_id)
        Heap Fetches: 24
Planning time: 0.651 ms
Execution time: 815.057 ms
