Hash Join  (cost=250365.47..838263.53 rows=8403624 width=0) (actual time=5127.408..17856.141 rows=3702054 loops=1)
  Hash Cond: (mi.movie_id = t.id)
  ->  Seq Scan on movie_info mi  (cost=0.00..309384.22 rows=14739122 width=4) (actual time=0.016..5244.052 rows=14835720 loops=1)
  ->  Hash  (cost=226712.73..226712.73 rows=1441659 width=8) (actual time=5126.115..5126.115 rows=365019 loops=1)
        Buckets: 131072  Batches: 32  Memory Usage: 1489kB
        ->  Hash Join  (cost=87146.10..226712.73 rows=1441659 width=8) (actual time=3735.370..5015.273 rows=365019 loops=1)
              Hash Cond: (mk.movie_id = t.id)
              ->  Seq Scan on movie_keyword mk  (cost=0.00..69693.30 rows=4523930 width=4) (actual time=0.021..1305.829 rows=4523930 loops=1)
              ->  Hash  (cost=73925.90..73925.90 rows=805776 width=4) (actual time=1547.065..1547.065 rows=881945 loops=1)
                    Buckets: 131072  Batches: 16  Memory Usage: 2976kB
                    ->  Seq Scan on title t  (cost=0.00..73925.90 rows=805776 width=4) (actual time=0.013..1268.874 rows=881945 loops=1)
                          Filter: ((production_year > 2001) AND (kind_id = 7))
                          Rows Removed by Filter: 1646367
Planning time: 1.168 ms
Execution time: 18309.799 ms
