Seq Scan on movie_keyword mk  (cost=0.00..81003.12 rows=3291345 width=0) (actual time=0.023..1437.994 rows=3279243 loops=1)
  Filter: (keyword_id < 14523)
  Rows Removed by Filter: 1244687
Planning time: 0.328 ms
Execution time: 1848.040 ms
