Hash Join  (cost=102767.86..1062107.42 rows=10138364 width=0) (actual time=2346.731..24102.999 rows=9940181 loops=1)
  Hash Cond: (ci.movie_id = t.id)
  ->  Seq Scan on cast_info ci  (cost=0.00..705507.15 rows=10138364 width=4) (actual time=0.021..11832.492 rows=9940181 loops=1)
        Filter: (person_id < 978537)
        Rows Removed by Filter: 26304163
  ->  Hash  (cost=61283.27..61283.27 rows=2528527 width=4) (actual time=2345.592..2345.592 rows=2528312 loops=1)
        Buckets: 131072  Batches: 64  Memory Usage: 2415kB
        ->  Seq Scan on title t  (cost=0.00..61283.27 rows=2528527 width=4) (actual time=0.017..916.284 rows=2528312 loops=1)
Planning time: 0.720 ms
Execution time: 25229.221 ms
