Hash Join  (cost=115977.25..484886.46 rows=425330 width=0) (actual time=1955.517..9881.634 rows=1127024 loops=1)
  Hash Cond: (mi.movie_id = t.id)
  ->  Seq Scan on movie_info mi  (cost=0.00..309384.22 rows=14739122 width=4) (actual time=0.014..3697.105 rows=14835720 loops=1)
  ->  Hash  (cost=115065.17..115065.17 rows=72966 width=8) (actual time=1954.725..1954.725 rows=72078 loops=1)
        Buckets: 131072  Batches: 1  Memory Usage: 3840kB
        ->  Hash Join  (cost=76120.03..115065.17 rows=72966 width=8) (actual time=1033.246..1930.710 rows=72078 loops=1)
              Hash Cond: (mi_idx.movie_id = t.id)
              ->  Seq Scan on movie_info_idx mi_idx  (cost=0.00..21735.35 rows=1380035 width=4) (actual time=0.021..411.086 rows=1380035 loops=1)
              ->  Hash  (cost=73925.90..73925.90 rows=133690 width=4) (actual time=1032.011..1032.011 rows=120471 loops=1)
                    Buckets: 131072  Batches: 2  Memory Usage: 3141kB
                    ->  Seq Scan on title t  (cost=0.00..73925.90 rows=133690 width=4) (actual time=0.031..986.014 rows=120471 loops=1)
                          Filter: ((kind_id < 4) AND (production_year > 2010))
                          Rows Removed by Filter: 2407841
Planning time: 1.165 ms
Execution time: 10032.565 ms
