Seq Scan on movie_keyword mk  (cost=0.00..81003.12 rows=3140213 width=0) (actual time=0.026..1387.756 rows=3124672 loops=1)
  Filter: (keyword_id < 11969)
  Rows Removed by Filter: 1399258
Planning time: 0.289 ms
Execution time: 1783.564 ms
