Seq Scan on cast_info ci  (cost=0.00..705507.15 rows=19261422 width=0) (actual time=0.030..10871.741 rows=19156509 loops=1)
  Filter: (person_id < 1914232)
  Rows Removed by Filter: 17087835
Planning time: 0.325 ms
Execution time: 13283.897 ms
