Seq Scan on cast_info ci  (cost=0.00..796071.18 rows=1825637 width=0) (actual time=7778.905..10516.024 rows=2860283 loops=1)
  Filter: ((person_id > 3522686) AND (role_id > 1))
  Rows Removed by Filter: 33384061
Planning time: 0.355 ms
Execution time: 10902.200 ms
