Hash Join  (cost=190230.21..328668.99 rows=1668837 width=0) (actual time=4141.252..9221.293 rows=7084827 loops=1)
  Hash Cond: (mk.movie_id = t.id)
  ->  Seq Scan on movie_keyword mk  (cost=0.00..81003.12 rows=3057675 width=4) (actual time=0.057..1579.760 rows=3046048 loops=1)
        Filter: (keyword_id < 11112)
        Rows Removed by Filter: 1477882
  ->  Hash  (cost=167588.78..167588.78 rows=1380035 width=8) (actual time=4135.963..4135.963 rows=1380035 loops=1)
        Buckets: 131072  Batches: 32  Memory Usage: 2726kB
        ->  Hash Join  (cost=102767.86..167588.78 rows=1380035 width=8) (actual time=1738.480..3720.325 rows=1380035 loops=1)
              Hash Cond: (mi_idx.movie_id = t.id)
              ->  Seq Scan on movie_info_idx mi_idx  (cost=0.00..21735.35 rows=1380035 width=4) (actual time=0.024..484.570 rows=1380035 loops=1)
              ->  Hash  (cost=61283.27..61283.27 rows=2528527 width=4) (actual time=1736.260..1736.260 rows=2528312 loops=1)
                    Buckets: 131072  Batches: 64  Memory Usage: 2415kB
                    ->  Seq Scan on title t  (cost=0.00..61283.27 rows=2528527 width=4) (actual time=0.013..898.508 rows=2528312 loops=1)
Planning time: 1.101 ms
Execution time: 10057.716 ms
