Hash Join  (cost=510438.29..662270.32 rows=2448400 width=0) (actual time=10013.443..15584.493 rows=7392841 loops=1)
  Hash Cond: (mk.movie_id = t.id)
  ->  Seq Scan on movie_keyword mk  (cost=0.00..69693.30 rows=4523930 width=4) (actual time=0.015..1564.975 rows=4523930 loops=1)
  ->  Hash  (cost=487986.46..487986.46 rows=1368466 width=8) (actual time=10011.770..10011.770 rows=1513667 loops=1)
        Buckets: 131072  Batches: 32  Memory Usage: 2868kB
        ->  Hash Join  (cost=94978.31..487986.46 rows=1368466 width=8) (actual time=4999.966..9554.712 rows=1513667 loops=1)
              Hash Cond: (mi.movie_id = t.id)
              ->  Seq Scan on movie_info mi  (cost=0.00..346232.03 rows=2073893 width=4) (actual time=3078.798..5633.207 rows=2091068 loops=1)
                    Filter: (info_type_id < 3)
                    Rows Removed by Filter: 12744652
              ->  Hash  (cost=67604.59..67604.59 rows=1668458 width=4) (actual time=1920.090..1920.090 rows=1671292 loops=1)
                    Buckets: 131072  Batches: 32  Memory Usage: 2867kB
                    ->  Seq Scan on title t  (cost=0.00..67604.59 rows=1668458 width=4) (actual time=0.028..1356.395 rows=1671292 loops=1)
                          Filter: (production_year < 2008)
                          Rows Removed by Filter: 857020
Planning time: 1.154 ms
Execution time: 16423.047 ms
