Hash Join  (cost=424690.49..511934.09 rows=58556 width=0) (actual time=5953.994..7766.477 rows=454182 loops=1)
  Hash Cond: (mk.movie_id = t.id)
  ->  Seq Scan on movie_keyword mk  (cost=0.00..69693.30 rows=4523930 width=4) (actual time=0.024..837.862 rows=4523930 loops=1)
  ->  Hash  (cost=424281.39..424281.39 rows=32728 width=8) (actual time=5952.447..5952.447 rows=34189 loops=1)
        Buckets: 65536 (originally 32768)  Batches: 1 (originally 1)  Memory Usage: 1848kB
        ->  Hash Join  (cost=69687.24..424281.39 rows=32728 width=8) (actual time=4972.581..5939.524 rows=34189 loops=1)
              Hash Cond: (mi.movie_id = t.id)
              ->  Seq Scan on movie_info mi  (cost=0.00..346232.03 rows=651960 width=4) (actual time=3822.365..4518.855 rows=660923 loops=1)
                    Filter: (info_type_id = 18)
                    Rows Removed by Filter: 14174797
              ->  Hash  (cost=67604.59..67604.59 rows=126932 width=4) (actual time=1149.436..1149.436 rows=122861 loops=1)
                    Buckets: 131072  Batches: 2  Memory Usage: 3197kB
                    ->  Seq Scan on title t  (cost=0.00..67604.59 rows=126932 width=4) (actual time=0.036..950.584 rows=122861 loops=1)
                          Filter: (production_year = 2008)
                          Rows Removed by Filter: 2405451
Planning time: 3.718 ms
Execution time: 7826.228 ms
