Hash Join  (cost=203951.17..347444.86 rows=1763965 width=0) (actual time=4469.295..11394.862 rows=14030959 loops=1)
  Hash Cond: (mk.movie_id = t.id)
  ->  Seq Scan on movie_keyword mk  (cost=0.00..69693.30 rows=4523930 width=4) (actual time=0.026..1515.780 rows=4523930 loops=1)
  ->  Hash  (cost=187775.17..187775.17 rows=985920 width=8) (actual time=4468.329..4468.329 rows=985974 loops=1)
        Buckets: 131072  Batches: 16  Memory Usage: 3447kB
        ->  Hash Join  (cost=102767.86..187775.17 rows=985920 width=8) (actual time=1858.566..4167.411 rows=985974 loops=1)
              Hash Cond: (mc.movie_id = t.id)
              ->  Seq Scan on movie_companies mc  (cost=0.00..51404.11 rows=985920 width=4) (actual time=0.015..1054.889 rows=985974 loops=1)
                    Filter: (company_id < 4534)
                    Rows Removed by Filter: 1623155
              ->  Hash  (cost=61283.27..61283.27 rows=2528527 width=4) (actual time=1857.476..1857.476 rows=2528312 loops=1)
                    Buckets: 131072  Batches: 64  Memory Usage: 2415kB
                    ->  Seq Scan on title t  (cost=0.00..61283.27 rows=2528527 width=4) (actual time=0.026..987.267 rows=2528312 loops=1)
Planning time: 4.792 ms
Execution time: 12883.245 ms
