Hash Join  (cost=365418.15..1409118.20 rows=11941305 width=0) (actual time=12097.241..22201.777 rows=2047071 loops=1)
  Hash Cond: (ci.movie_id = t.id)
  ->  Seq Scan on cast_info ci  (cost=0.00..796071.18 rows=6674266 width=4) (actual time=3994.976..12770.761 rows=343784 loops=1)
        Filter: ((person_id > 1689959) AND (role_id < 2))
        Rows Removed by Filter: 35900560
  ->  Hash  (cost=291197.02..291197.02 rows=4523930 width=8) (actual time=8100.654..8100.654 rows=4523930 loops=1)
        Buckets: 131072  Batches: 64  Memory Usage: 3816kB
        ->  Hash Join  (cost=102767.86..291197.02 rows=4523930 width=8) (actual time=1731.695..6827.992 rows=4523930 loops=1)
              Hash Cond: (mk.movie_id = t.id)
              ->  Seq Scan on movie_keyword mk  (cost=0.00..69693.30 rows=4523930 width=4) (actual time=0.027..1356.341 rows=4523930 loops=1)
              ->  Hash  (cost=61283.27..61283.27 rows=2528527 width=4) (actual time=1730.890..1730.890 rows=2528312 loops=1)
                    Buckets: 131072  Batches: 64  Memory Usage: 2425kB
                    ->  Seq Scan on title t  (cost=0.00..61283.27 rows=2528527 width=4) (actual time=0.017..858.367 rows=2528312 loops=1)
Planning time: 1.100 ms
Execution time: 22450.367 ms
