Seq Scan on cast_info ci  (cost=0.00..705507.15 rows=12355631 width=0) (actual time=860.041..10795.316 rows=12276302 loops=1)
  Filter: (person_id < 1209288)
  Rows Removed by Filter: 23968042
Planning time: 0.341 ms
Execution time: 12321.137 ms
