Seq Scan on cast_info ci  (cost=0.00..796071.18 rows=6263973 width=0) (actual time=6235.272..14884.398 rows=7451973 loops=1)
  Filter: ((person_id < 3145308) AND (role_id = 2))
  Rows Removed by Filter: 28792371
Planning time: 0.388 ms
Execution time: 15815.602 ms
