Hash Join  (cost=83074.74..109963.59 rows=44 width=0) (actual time=1178.408..1658.208 rows=161 loops=1)
  Hash Cond: (mi_idx.movie_id = t.id)
  ->  Seq Scan on movie_info_idx mi_idx  (cost=0.00..25185.44 rows=454124 width=4) (actual time=0.010..413.215 rows=459925 loops=1)
        Filter: (info_type_id = 100)
        Rows Removed by Filter: 920110
  ->  Hash  (cost=83071.67..83071.67 rows=246 width=8) (actual time=1177.664..1177.664 rows=179 loops=1)
        Buckets: 1024  Batches: 1  Memory Usage: 15kB
        ->  Nested Loop  (cost=0.43..83071.67 rows=246 width=8) (actual time=0.442..1177.473 rows=179 loops=1)
              ->  Seq Scan on movie_keyword mk  (cost=0.00..81003.12 rows=246 width=4) (actual time=0.390..1172.620 rows=179 loops=1)
                    Filter: (keyword_id = 12783)
                    Rows Removed by Filter: 4523751
              ->  Index Only Scan using title_pkey on title t  (cost=0.43..8.40 rows=1 width=4) (actual time=0.024..0.025 rows=1 loops=179)
                    Index Cond: (id = mk.movie_id)
                    Heap Fetches: 179
Planning time: 0.739 ms
Execution time: 1658.341 ms
