Seq Scan on cast_info ci  (cost=0.00..796071.18 rows=2686074 width=0) (actual time=4681.959..10694.673 rows=123214 loops=1)
  Filter: ((person_id > 3464880) AND (role_id < 9))
  Rows Removed by Filter: 36121130
Planning time: 0.345 ms
Execution time: 10710.724 ms
