Hash Join  (cost=907650.76..1396217.15 rows=820946 width=0) (actual time=14731.744..25497.100 rows=409782 loops=1)
  Hash Cond: (mi.movie_id = t.id)
  ->  Seq Scan on movie_info mi  (cost=0.00..309384.22 rows=14739122 width=4) (actual time=0.011..5247.608 rows=14835720 loops=1)
  ->  Hash  (cost=905339.33..905339.33 rows=140835 width=8) (actual time=14730.964..14730.964 rows=46859 loops=1)
        Buckets: 131072  Batches: 2  Memory Usage: 1944kB
        ->  Hash Join  (cost=98137.04..905339.33 rows=140835 width=8) (actual time=9671.647..14713.990 rows=46859 loops=1)
              Hash Cond: (ci.movie_id = t.id)
              ->  Seq Scan on cast_info ci  (cost=0.00..796071.18 rows=191352 width=4) (actual time=7816.199..12529.338 rows=74518 loops=1)
                    Filter: ((person_id < 1972511) AND (role_id > 10))
                    Rows Removed by Filter: 36169826
              ->  Hash  (cost=67604.59..67604.59 rows=1860996 width=4) (actual time=1854.142..1854.142 rows=1865487 loops=1)
                    Buckets: 131072  Batches: 32  Memory Usage: 3079kB
                    ->  Seq Scan on title t  (cost=0.00..67604.59 rows=1860996 width=4) (actual time=0.045..1252.274 rows=1865487 loops=1)
                          Filter: (kind_id > 1)
                          Rows Removed by Filter: 662825
Planning time: 1.202 ms
Execution time: 25555.582 ms
