Hash Join  (cost=121715.47..246890.09 rows=260358 width=0) (actual time=2867.796..5571.470 rows=167560 loops=1)
  Hash Cond: (mk.movie_id = t.id)
  ->  Seq Scan on movie_keyword mk  (cost=0.00..69693.30 rows=4523930 width=4) (actual time=0.017..1304.706 rows=4523930 loops=1)
  ->  Hash  (cost=119327.47..119327.47 rows=145520 width=8) (actual time=2866.669..2866.669 rows=63574 loops=1)
        Buckets: 131072  Batches: 2  Memory Usage: 2277kB
        ->  Hash Join  (cost=80494.37..119327.47 rows=145520 width=8) (actual time=1787.996..2844.017 rows=63574 loops=1)
              Hash Cond: (mi_idx.movie_id = t.id)
              ->  Seq Scan on movie_info_idx mi_idx  (cost=0.00..25185.44 rows=919057 width=4) (actual time=0.026..610.902 rows=920110 loops=1)
                    Filter: (info_type_id > 99)
                    Rows Removed by Filter: 459925
              ->  Hash  (cost=73925.90..73925.90 rows=400357 width=4) (actual time=1787.078..1787.078 rows=257607 loops=1)
                    Buckets: 131072  Batches: 8  Memory Usage: 2145kB
                    ->  Seq Scan on title t  (cost=0.00..73925.90 rows=400357 width=4) (actual time=0.030..1186.466 rows=257607 loops=1)
                          Filter: ((kind_id > 3) AND (production_year < 1986))
                          Rows Removed by Filter: 2270705
Planning time: 2.897 ms
Execution time: 5593.576 ms
