Hash Join  (cost=124170.17..875823.52 rows=86419 width=0) (actual time=1379.564..17560.330 rows=109915 loops=1)
  Hash Cond: (ci.movie_id = t.id)
  ->  Seq Scan on cast_info ci  (cost=0.00..614943.12 rows=36225612 width=4) (actual time=0.014..8092.051 rows=36244344 loops=1)
  ->  Hash  (cost=124094.77..124094.77 rows=6032 width=8) (actual time=1379.230..1379.230 rows=6516 loops=1)
        Buckets: 8192  Batches: 1  Memory Usage: 319kB
        ->  Nested Loop  (cost=0.43..124094.77 rows=6032 width=8) (actual time=0.216..1375.488 rows=6516 loops=1)
              ->  Seq Scan on movie_keyword mk  (cost=0.00..81003.12 rows=6032 width=4) (actual time=0.146..1215.240 rows=6516 loops=1)
                    Filter: (keyword_id = 196)
                    Rows Removed by Filter: 4517414
              ->  Index Only Scan using title_pkey on title t  (cost=0.43..7.13 rows=1 width=4) (actual time=0.023..0.024 rows=1 loops=6516)
                    Index Cond: (id = mk.movie_id)
                    Heap Fetches: 6516
Planning time: 1.171 ms
Execution time: 17580.639 ms
