Hash Join  (cost=96390.27..183096.67 rows=4836 width=0) (actual time=1750.657..3386.519 rows=916 loops=1)
  Hash Cond: (mk.movie_id = t.id)
  ->  Seq Scan on movie_keyword mk  (cost=0.00..69693.30 rows=4523930 width=4) (actual time=0.009..906.083 rows=4523930 loops=1)
  ->  Hash  (cost=96356.48..96356.48 rows=2703 width=8) (actual time=1706.306..1706.306 rows=574 loops=1)
        Buckets: 4096  Batches: 1  Memory Usage: 55kB
        ->  Hash Join  (cost=67697.55..96356.48 rows=2703 width=8) (actual time=1086.376..1705.940 rows=574 loops=1)
              Hash Cond: (mi_idx.movie_id = t.id)
              ->  Seq Scan on movie_info_idx mi_idx  (cost=0.00..25185.44 rows=919057 width=4) (actual time=0.016..468.500 rows=920110 loops=1)
                    Filter: (info_type_id > 99)
                    Rows Removed by Filter: 459925
              ->  Hash  (cost=67604.59..67604.59 rows=7437 width=4) (actual time=1085.728..1085.728 rows=4597 loops=1)
                    Buckets: 8192  Batches: 1  Memory Usage: 226kB
                    ->  Seq Scan on title t  (cost=0.00..67604.59 rows=7437 width=4) (actual time=0.059..1083.465 rows=4597 loops=1)
                          Filter: (production_year = 1910)
                          Rows Removed by Filter: 2523715
Planning time: 0.998 ms
Execution time: 3386.816 ms
