Hash Join  (cost=83810.17..1044518.73 rows=6347128 width=0) (actual time=1363.688..23165.806 rows=6897926 loops=1)
  Hash Cond: (ci.movie_id = t.id)
  ->  Seq Scan on cast_info ci  (cost=0.00..705507.15 rows=16248299 width=4) (actual time=0.027..12461.313 rows=16119610 loops=1)
        Filter: (person_id < 1596733)
        Rows Removed by Filter: 20124734
  ->  Hash  (cost=67604.59..67604.59 rows=987727 width=4) (actual time=1362.852..1362.852 rows=985048 loops=1)
        Buckets: 131072  Batches: 16  Memory Usage: 3188kB
        ->  Seq Scan on title t  (cost=0.00..67604.59 rows=987727 width=4) (actual time=0.010..1059.919 rows=985048 loops=1)
              Filter: (kind_id < 7)
              Rows Removed by Filter: 1543264
Planning time: 0.735 ms
Execution time: 23777.542 ms
