Hash Join  (cost=1036388.70..1238468.35 rows=5644378 width=0) (actual time=17549.019..25686.639 rows=12795290 loops=1)
  Hash Cond: (mk.movie_id = t.id)
  ->  Seq Scan on movie_keyword mk  (cost=0.00..69693.30 rows=4523930 width=4) (actual time=0.014..1430.860 rows=4523930 loops=1)
  ->  Hash  (cost=984630.07..984630.07 rows=3154771 width=8) (actual time=17547.657..17547.657 rows=1476277 loops=1)
        Buckets: 131072  Batches: 64  Memory Usage: 1958kB
        ->  Hash Join  (cost=102767.86..984630.07 rows=3154771 width=8) (actual time=4294.773..16619.664 rows=1476277 loops=1)
              Hash Cond: (ci.movie_id = t.id)
              ->  Seq Scan on cast_info ci  (cost=0.00..796071.18 rows=3154771 width=4) (actual time=2514.066..12510.218 rows=1476277 loops=1)
                    Filter: ((person_id < 1427115) AND (role_id > 6))
                    Rows Removed by Filter: 34768067
              ->  Hash  (cost=61283.27..61283.27 rows=2528527 width=4) (actual time=1778.289..1778.289 rows=2528312 loops=1)
                    Buckets: 131072  Batches: 64  Memory Usage: 2415kB
                    ->  Seq Scan on title t  (cost=0.00..61283.27 rows=2528527 width=4) (actual time=0.030..957.157 rows=2528312 loops=1)
Planning time: 1.019 ms
Execution time: 27250.061 ms
