Hash Join  (cost=74255.97..161386.43 rows=47243 width=0) (actual time=1119.639..3030.076 rows=124508 loops=1)
  Hash Cond: (mk.movie_id = t.id)
  ->  Seq Scan on movie_keyword mk  (cost=0.00..69693.30 rows=4523930 width=4) (actual time=0.014..1001.963 rows=4523930 loops=1)
  ->  Hash  (cost=73925.90..73925.90 rows=26405 width=4) (actual time=1119.435..1119.435 rows=23926 loops=1)
        Buckets: 32768  Batches: 1  Memory Usage: 1098kB
        ->  Seq Scan on title t  (cost=0.00..73925.90 rows=26405 width=4) (actual time=0.103..1108.837 rows=23926 loops=1)
              Filter: ((kind_id < 7) AND (production_year = 2003))
              Rows Removed by Filter: 2504386
Planning time: 1.981 ms
Execution time: 3046.959 ms
