Hash Join  (cost=82131.75..159767.45 rows=377706 width=0) (actual time=1347.731..3953.938 rows=639803 loops=1)
  Hash Cond: (mc.movie_id = t.id)
  ->  Seq Scan on movie_companies mc  (cost=0.00..57926.93 rows=1078589 width=4) (actual time=0.023..986.368 rows=1274246 loops=1)
        Filter: ((company_id < 80738) AND (company_type_id < 2))
        Rows Removed by Filter: 1334883
  ->  Hash  (cost=67604.59..67604.59 rows=885453 width=4) (actual time=1346.796..1346.796 rows=885650 loops=1)
        Buckets: 131072  Batches: 16  Memory Usage: 2972kB
        ->  Seq Scan on title t  (cost=0.00..67604.59 rows=885453 width=4) (actual time=0.021..1077.107 rows=885650 loops=1)
              Filter: (production_year < 1997)
              Rows Removed by Filter: 1642662
Planning time: 0.709 ms
Execution time: 4034.465 ms
