Hash Join  (cost=101102.71..458911.64 rows=7118 width=0) (actual time=4331.889..6676.401 rows=32646 loops=1)
  Hash Cond: (mi.movie_id = t.id)
  ->  Seq Scan on movie_info mi  (cost=0.00..346232.03 rows=3068194 width=4) (actual time=1937.410..4682.711 rows=3036719 loops=1)
        Filter: (info_type_id = 16)
        Rows Removed by Filter: 11799001
  ->  Hash  (cost=101029.38..101029.38 rows=5866 width=8) (actual time=1489.163..1489.163 rows=9265 loops=1)
        Buckets: 16384 (originally 8192)  Batches: 1 (originally 1)  Memory Usage: 490kB
        ->  Hash Join  (cost=74060.24..101029.38 rows=5866 width=8) (actual time=929.635..1485.622 rows=9265 loops=1)
              Hash Cond: (mi_idx.movie_id = t.id)
              ->  Seq Scan on movie_info_idx mi_idx  (cost=0.00..21735.35 rows=1380035 width=4) (actual time=0.022..278.697 rows=1380035 loops=1)
              ->  Hash  (cost=73925.90..73925.90 rows=10747 width=4) (actual time=929.447..929.447 rows=6468 loops=1)
                    Buckets: 16384  Batches: 1  Memory Usage: 356kB
                    ->  Seq Scan on title t  (cost=0.00..73925.90 rows=10747 width=4) (actual time=494.241..926.441 rows=6468 loops=1)
                          Filter: ((kind_id = 1) AND (production_year = 1997))
                          Rows Removed by Filter: 2521844
Planning time: 1.285 ms
Execution time: 6681.080 ms
