Seq Scan on title t  (cost=0.00..73925.90 rows=9098 width=0) (actual time=593.192..1127.399 rows=10624 loops=1)
  Filter: ((production_year < 2009) AND (kind_id = 6))
  Rows Removed by Filter: 2517688
Planning time: 0.359 ms
Execution time: 1129.346 ms
