Hash Join  (cost=178088.46..996618.37 rows=129760 width=0) (actual time=7264.750..15544.381 rows=145585 loops=1)
  Hash Cond: (ci.movie_id = t.id)
  ->  Seq Scan on cast_info ci  (cost=0.00..796071.18 rows=1767236 width=4) (actual time=4117.726..11319.099 rows=2560121 loops=1)
        Filter: ((person_id > 2018474) AND (role_id = 3))
        Rows Removed by Filter: 33684223
  ->  Hash  (cost=175041.73..175041.73 rows=185658 width=8) (actual time=3146.019..3146.019 rows=82220 loops=1)
        Buckets: 131072  Batches: 4  Memory Usage: 1831kB
        ->  Hash Join  (cost=102767.86..175041.73 rows=185658 width=8) (actual time=1809.200..3118.646 rows=82220 loops=1)
              Hash Cond: (mc.movie_id = t.id)
              ->  Seq Scan on movie_companies mc  (cost=0.00..57926.93 rows=185658 width=4) (actual time=0.097..817.838 rows=82220 loops=1)
                    Filter: ((company_id < 184) AND (company_type_id = 2))
                    Rows Removed by Filter: 2526909
              ->  Hash  (cost=61283.27..61283.27 rows=2528527 width=4) (actual time=1808.316..1808.316 rows=2528312 loops=1)
                    Buckets: 131072  Batches: 64  Memory Usage: 2415kB
                    ->  Seq Scan on title t  (cost=0.00..61283.27 rows=2528527 width=4) (actual time=0.016..978.863 rows=2528312 loops=1)
Planning time: 1.222 ms
Execution time: 15564.250 ms
