Hash Join  (cost=296191.49..970445.37 rows=14770215 width=0) (actual time=6803.017..50085.272 rows=138320830 loops=1)
  Hash Cond: (mi.movie_id = t.id)
  ->  Seq Scan on movie_info mi  (cost=0.00..309384.22 rows=14739122 width=4) (actual time=0.026..5378.488 rows=14835720 loops=1)
  ->  Hash  (cost=254620.22..254620.22 rows=2533861 width=8) (actual time=6799.636..6799.636 rows=2526740 loops=1)
        Buckets: 131072  Batches: 64  Memory Usage: 2669kB
        ->  Hash Join  (cost=102767.86..254620.22 rows=2533861 width=8) (actual time=1744.807..6107.503 rows=2526740 loops=1)
              Hash Cond: (mk.movie_id = t.id)
              ->  Seq Scan on movie_keyword mk  (cost=0.00..81003.12 rows=2533861 width=4) (actual time=0.020..1575.056 rows=2526740 loops=1)
                    Filter: (keyword_id > 3529)
                    Rows Removed by Filter: 1997190
              ->  Hash  (cost=61283.27..61283.27 rows=2528527 width=4) (actual time=1743.475..1743.475 rows=2528312 loops=1)
                    Buckets: 131072  Batches: 64  Memory Usage: 2425kB
                    ->  Seq Scan on title t  (cost=0.00..61283.27 rows=2528527 width=4) (actual time=0.011..894.271 rows=2528312 loops=1)
Planning time: 1.067 ms
Execution time: 64689.656 ms
