Hash Join  (cost=423283.49..1174280.53 rows=20791 width=0) (actual time=5536.378..20797.217 rows=27840 loops=1)
  Hash Cond: (ci.movie_id = t.id)
  ->  Seq Scan on cast_info ci  (cost=0.00..614943.12 rows=36225612 width=4) (actual time=0.016..7850.779 rows=36244344 loops=1)
  ->  Hash  (cost=423265.35..423265.35 rows=1451 width=8) (actual time=5535.444..5535.444 rows=1065 loops=1)
        Buckets: 2048  Batches: 1  Memory Usage: 58kB
        ->  Hash Join  (cost=73982.55..423265.35 rows=1451 width=8) (actual time=4076.253..5535.018 rows=1065 loops=1)
              Hash Cond: (mi.movie_id = t.id)
              ->  Seq Scan on movie_info mi  (cost=0.00..346232.03 rows=809669 width=4) (actual time=3059.558..4384.693 rows=802140 loops=1)
                    Filter: (info_type_id = 1)
                    Rows Removed by Filter: 14033580
              ->  Hash  (cost=73925.90..73925.90 rows=4532 width=4) (actual time=1015.590..1015.590 rows=8404 loops=1)
                    Buckets: 16384 (originally 8192)  Batches: 1 (originally 1)  Memory Usage: 424kB
                    ->  Seq Scan on title t  (cost=0.00..73925.90 rows=4532 width=4) (actual time=0.097..1011.174 rows=8404 loops=1)
                          Filter: ((kind_id = 7) AND (production_year = 1983))
                          Rows Removed by Filter: 2519908
Planning time: 1.199 ms
Execution time: 20802.871 ms
