Hash Join  (cost=73962.22..128657.72 rows=2998 width=0) (actual time=1046.920..2136.145 rows=11110 loops=1)
  Hash Cond: (mc.movie_id = t.id)
  ->  Seq Scan on movie_companies mc  (cost=0.00..44881.29 rows=2609129 width=4) (actual time=0.023..556.112 rows=2609129 loops=1)
  ->  Hash  (cost=73925.90..73925.90 rows=2905 width=4) (actual time=1046.838..1046.838 rows=5783 loops=1)
        Buckets: 8192 (originally 4096)  Batches: 1 (originally 1)  Memory Usage: 268kB
        ->  Seq Scan on title t  (cost=0.00..73925.90 rows=2905 width=4) (actual time=0.179..1043.955 rows=5783 loops=1)
              Filter: ((kind_id < 7) AND (production_year = 1967))
              Rows Removed by Filter: 2522529
Planning time: 0.717 ms
Execution time: 2138.495 ms
