Hash Join  (cost=93093.72..255250.27 rows=2433644 width=0) (actual time=1701.850..5551.171 rows=641134 loops=1)
  Hash Cond: (mk.movie_id = t.id)
  ->  Seq Scan on movie_keyword mk  (cost=0.00..81003.12 rows=3960795 width=4) (actual time=0.015..1698.051 rows=3963464 loops=1)
        Filter: (keyword_id < 32833)
        Rows Removed by Filter: 560466
  ->  Hash  (cost=67604.59..67604.59 rows=1553611 width=4) (actual time=1685.193..1685.193 rows=1555864 loops=1)
        Buckets: 131072  Batches: 32  Memory Usage: 2740kB
        ->  Seq Scan on title t  (cost=0.00..67604.59 rows=1553611 width=4) (actual time=0.036..1187.279 rows=1555864 loops=1)
              Filter: (kind_id > 4)
              Rows Removed by Filter: 972448
Planning time: 0.713 ms
Execution time: 5631.213 ms
