Hash Join  (cost=190230.21..1320935.97 rows=10557729 width=0) (actual time=4024.861..33283.716 rows=18663070 loops=1)
  Hash Cond: (ci.movie_id = t.id)
  ->  Seq Scan on cast_info ci  (cost=0.00..796071.18 rows=19344077 width=4) (actual time=0.023..16344.356 rows=17076429 loops=1)
        Filter: ((person_id < 3006986) AND (role_id > 1))
        Rows Removed by Filter: 19167915
  ->  Hash  (cost=167588.78..167588.78 rows=1380035 width=8) (actual time=4023.537..4023.537 rows=1380035 loops=1)
        Buckets: 131072  Batches: 32  Memory Usage: 2708kB
        ->  Hash Join  (cost=102767.86..167588.78 rows=1380035 width=8) (actual time=1736.729..3618.196 rows=1380035 loops=1)
              Hash Cond: (mi_idx.movie_id = t.id)
              ->  Seq Scan on movie_info_idx mi_idx  (cost=0.00..21735.35 rows=1380035 width=4) (actual time=0.011..402.729 rows=1380035 loops=1)
              ->  Hash  (cost=61283.27..61283.27 rows=2528527 width=4) (actual time=1735.843..1735.843 rows=2528312 loops=1)
                    Buckets: 131072  Batches: 64  Memory Usage: 2415kB
                    ->  Seq Scan on title t  (cost=0.00..61283.27 rows=2528527 width=4) (actual time=0.005..905.019 rows=2528312 loops=1)
Planning time: 1.145 ms
Execution time: 35241.859 ms
