Hash Join  (cost=124653.55..476308.23 rows=36713 width=0) (actual time=3012.790..7412.621 rows=46887 loops=1)
  Hash Cond: (mi.movie_id = t.id)
  ->  Seq Scan on movie_info mi  (cost=0.00..346232.03 rows=1348138 width=4) (actual time=681.158..4750.770 rows=1298989 loops=1)
        Filter: (info_type_id = 4)
        Rows Removed by Filter: 13536731
  ->  Hash  (cost=123792.83..123792.83 rows=68858 width=8) (actual time=2330.882..2330.882 rows=53637 loops=1)
        Buckets: 131072  Batches: 1  Memory Usage: 3120kB
        ->  Hash Join  (cost=68438.72..123792.83 rows=68858 width=8) (actual time=1012.583..2309.843 rows=53637 loops=1)
              Hash Cond: (mc.movie_id = t.id)
              ->  Seq Scan on movie_companies mc  (cost=0.00..44881.29 rows=2609129 width=4) (actual time=0.017..576.443 rows=2609129 loops=1)
              ->  Hash  (cost=67604.59..67604.59 rows=66731 width=4) (actual time=1010.971..1010.971 rows=67342 loops=1)
                    Buckets: 131072  Batches: 1  Memory Usage: 3392kB
                    ->  Seq Scan on title t  (cost=0.00..67604.59 rows=66731 width=4) (actual time=0.073..983.715 rows=67342 loops=1)
                          Filter: (production_year > 2012)
                          Rows Removed by Filter: 2460970
Planning time: 1.134 ms
Execution time: 7419.742 ms
