Hash Join  (cost=83074.74..447745.01 rows=1434 width=0) (actual time=1277.949..7822.186 rows=24998 loops=1)
  Hash Cond: (mi.movie_id = t.id)
  ->  Seq Scan on movie_info mi  (cost=0.00..309384.22 rows=14739122 width=4) (actual time=0.007..3745.377 rows=14835720 loops=1)
  ->  Hash  (cost=83071.67..83071.67 rows=246 width=8) (actual time=1276.529..1276.529 rows=416 loops=1)
        Buckets: 1024  Batches: 1  Memory Usage: 25kB
        ->  Nested Loop  (cost=0.43..83071.67 rows=246 width=8) (actual time=11.698..1276.163 rows=416 loops=1)
              ->  Seq Scan on movie_keyword mk  (cost=0.00..81003.12 rows=246 width=4) (actual time=11.595..1262.395 rows=416 loops=1)
                    Filter: (keyword_id = 2983)
                    Rows Removed by Filter: 4523514
              ->  Index Only Scan using title_pkey on title t  (cost=0.43..8.40 rows=1 width=4) (actual time=0.031..0.031 rows=1 loops=416)
                    Index Cond: (id = mk.movie_id)
                    Heap Fetches: 416
Planning time: 1.187 ms
Execution time: 7826.793 ms
