Hash Join  (cost=73982.55..894796.11 rows=11770 width=0) (actual time=12922.044..13655.682 rows=7 loops=1)
  Hash Cond: (ci.movie_id = t.id)
  ->  Seq Scan on cast_info ci  (cost=0.00..796071.18 rows=6566580 width=4) (actual time=11858.815..12628.554 rows=127883 loops=1)
        Filter: ((person_id > 1721090) AND (role_id = 1))
        Rows Removed by Filter: 36116461
  ->  Hash  (cost=73925.90..73925.90 rows=4532 width=4) (actual time=1008.895..1008.895 rows=137 loops=1)
        Buckets: 8192  Batches: 1  Memory Usage: 69kB
        ->  Seq Scan on title t  (cost=0.00..73925.90 rows=4532 width=4) (actual time=211.212..1008.756 rows=137 loops=1)
              Filter: ((kind_id = 7) AND (production_year = 2014))
              Rows Removed by Filter: 2528175
Planning time: 0.818 ms
Execution time: 13655.782 ms
