Hash Join  (cost=129302.67..216328.35 rows=36764 width=0) (actual time=1682.912..3278.736 rows=82497 loops=1)
  Hash Cond: (mk.movie_id = t.id)
  ->  Seq Scan on movie_keyword mk  (cost=0.00..69693.30 rows=4523930 width=4) (actual time=0.011..777.932 rows=4523930 loops=1)
  ->  Hash  (cost=129045.82..129045.82 rows=20548 width=8) (actual time=1681.619..1681.619 rows=15678 loops=1)
        Buckets: 32768  Batches: 1  Memory Usage: 869kB
        ->  Hash Join  (cost=74174.82..129045.82 rows=20548 width=8) (actual time=1024.360..1677.290 rows=15678 loops=1)
              Hash Cond: (mc.movie_id = t.id)
              ->  Seq Scan on movie_companies mc  (cost=0.00..44881.29 rows=2609129 width=4) (actual time=0.023..279.715 rows=2609129 loops=1)
              ->  Hash  (cost=73925.90..73925.90 rows=19913 width=4) (actual time=1024.153..1024.153 rows=21707 loops=1)
                    Buckets: 32768  Batches: 1  Memory Usage: 1020kB
                    ->  Seq Scan on title t  (cost=0.00..73925.90 rows=19913 width=4) (actual time=0.030..1014.363 rows=21707 loops=1)
                          Filter: ((kind_id > 1) AND (production_year = 1993))
                          Rows Removed by Filter: 2506605
Planning time: 1.109 ms
Execution time: 3289.581 ms
