Hash Join  (cost=179977.75..223528.29 rows=341406 width=0) (actual time=3995.401..4609.933 rows=224925 loops=1)
  Hash Cond: (mi_idx.movie_id = t.id)
  ->  Seq Scan on movie_info_idx mi_idx  (cost=0.00..21735.35 rows=1380035 width=4) (actual time=0.013..432.203 rows=1380035 loops=1)
  ->  Hash  (cost=169714.62..169714.62 rows=625530 width=8) (actual time=3531.567..3531.567 rows=197640 loops=1)
        Buckets: 131072  Batches: 16  Memory Usage: 1501kB
        ->  Hash Join  (cost=92883.59..169714.62 rows=625530 width=8) (actual time=1772.071..3471.942 rows=197640 loops=1)
              Hash Cond: (mc.movie_id = t.id)
              ->  Seq Scan on movie_companies mc  (cost=0.00..51404.11 rows=1026525 width=4) (actual time=0.215..881.958 rows=1035639 loops=1)
                    Filter: (company_id > 15372)
                    Rows Removed by Filter: 1573490
              ->  Hash  (cost=67604.59..67604.59 rows=1540800 width=4) (actual time=1771.027..1771.027 rows=1543264 loops=1)
                    Buckets: 131072  Batches: 32  Memory Usage: 2722kB
                    ->  Seq Scan on title t  (cost=0.00..67604.59 rows=1540800 width=4) (actual time=144.804..1277.852 rows=1543264 loops=1)
                          Filter: (kind_id = 7)
                          Rows Removed by Filter: 985048
Planning time: 4.551 ms
Execution time: 4635.380 ms
