Hash Join  (cost=69374.09..145957.97 rows=111236 width=0) (actual time=1123.950..3015.754 rows=98794 loops=1)
  Hash Cond: (mc.movie_id = t.id)
  ->  Seq Scan on movie_companies mc  (cost=0.00..44881.29 rows=2609129 width=4) (actual time=0.007..900.283 rows=2609129 loops=1)
  ->  Hash  (cost=67604.59..67604.59 rows=107800 width=4) (actual time=1123.188..1123.188 rows=108429 loops=1)
        Buckets: 131072  Batches: 2  Memory Usage: 2931kB
        ->  Seq Scan on title t  (cost=0.00..67604.59 rows=107800 width=4) (actual time=0.024..1083.477 rows=108429 loops=1)
              Filter: (production_year = 2006)
              Rows Removed by Filter: 2419883
Planning time: 0.722 ms
Execution time: 3029.735 ms
