Hash Join  (cost=85894.26..223797.61 rows=1305132 width=0) (actual time=2290.479..5212.409 rows=286070 loops=1)
  Hash Cond: (mk.movie_id = t.id)
  ->  Seq Scan on movie_keyword mk  (cost=0.00..69693.30 rows=4523930 width=4) (actual time=0.008..1541.712 rows=4523930 loops=1)
  ->  Hash  (cost=73925.90..73925.90 rows=729468 width=4) (actual time=1631.755..1631.755 rows=638430 loops=1)
        Buckets: 131072  Batches: 16  Memory Usage: 2431kB
        ->  Seq Scan on title t  (cost=0.00..73925.90 rows=729468 width=4) (actual time=250.306..1287.864 rows=638430 loops=1)
              Filter: ((production_year < 2003) AND (kind_id = 7))
              Rows Removed by Filter: 1889882
Planning time: 0.858 ms
Execution time: 5246.233 ms
