Hash Join  (cost=75342.47..440364.18 rows=52895 width=0) (actual time=2218.202..6334.779 rows=383 loops=1)
  Hash Cond: (mi.movie_id = t.id)
  ->  Seq Scan on movie_info mi  (cost=0.00..346232.03 rows=1550064 width=4) (actual time=1099.373..4706.084 rows=1533909 loops=1)
        Filter: (info_type_id = 3)
        Rows Removed by Filter: 13301811
  ->  Hash  (cost=73925.90..73925.90 rows=86285 width=4) (actual time=1117.359..1117.359 rows=92628 loops=1)
        Buckets: 131072  Batches: 2  Memory Usage: 2659kB
        ->  Seq Scan on title t  (cost=0.00..73925.90 rows=86285 width=4) (actual time=272.286..1077.135 rows=92628 loops=1)
              Filter: ((kind_id = 7) AND (production_year = 2010))
              Rows Removed by Filter: 2435684
Planning time: 8.752 ms
Execution time: 6334.932 ms
