Hash Join  (cost=219358.82..303445.49 rows=655514 width=0) (actual time=4258.149..7786.039 rows=5115321 loops=1)
  Hash Cond: (mc.movie_id = t.id)
  ->  Seq Scan on movie_companies mc  (cost=0.00..44881.29 rows=2609129 width=4) (actual time=0.016..816.731 rows=2609129 loops=1)
  ->  Hash  (cost=208936.02..208936.02 rows=635264 width=8) (actual time=4210.594..4210.594 rows=649208 loops=1)
        Buckets: 131072  Batches: 16  Memory Usage: 2646kB
        ->  Hash Join  (cost=102767.86..208936.02 rows=635264 width=8) (actual time=1851.975..4011.410 rows=649208 loops=1)
              Hash Cond: (mk.movie_id = t.id)
              ->  Seq Scan on movie_keyword mk  (cost=0.00..81003.12 rows=635264 width=4) (actual time=0.027..1191.105 rows=649208 loops=1)
                    Filter: (keyword_id > 29018)
                    Rows Removed by Filter: 3874722
              ->  Hash  (cost=61283.27..61283.27 rows=2528527 width=4) (actual time=1850.310..1850.310 rows=2528312 loops=1)
                    Buckets: 131072  Batches: 64  Memory Usage: 2425kB
                    ->  Seq Scan on title t  (cost=0.00..61283.27 rows=2528527 width=4) (actual time=0.017..984.731 rows=2528312 loops=1)
Planning time: 0.997 ms
Execution time: 8369.561 ms
