Hash Join  (cost=102767.86..1302838.63 rows=16379052 width=0) (actual time=2770.839..31201.934 rows=14998672 loops=1)
  Hash Cond: (ci.movie_id = t.id)
  ->  Seq Scan on cast_info ci  (cost=0.00..796071.18 rows=16379052 width=4) (actual time=984.402..16038.098 rows=14998672 loops=1)
        Filter: ((person_id > 1124005) AND (role_id < 4))
        Rows Removed by Filter: 21245672
  ->  Hash  (cost=61283.27..61283.27 rows=2528527 width=4) (actual time=1785.435..1785.435 rows=2528312 loops=1)
        Buckets: 131072  Batches: 64  Memory Usage: 2415kB
        ->  Seq Scan on title t  (cost=0.00..61283.27 rows=2528527 width=4) (actual time=0.032..962.790 rows=2528312 loops=1)
Planning time: 0.720 ms
Execution time: 33049.872 ms
