Hash Join  (cost=73982.55..100917.78 rows=2474 width=0) (actual time=1268.088..1799.800 rows=2796 loops=1)
  Hash Cond: (mi_idx.movie_id = t.id)
  ->  Seq Scan on movie_info_idx mi_idx  (cost=0.00..21735.35 rows=1380035 width=4) (actual time=0.019..319.022 rows=1380035 loops=1)
  ->  Hash  (cost=73925.90..73925.90 rows=4532 width=4) (actual time=1184.997..1184.997 rows=8145 loops=1)
        Buckets: 8192  Batches: 1  Memory Usage: 351kB
        ->  Seq Scan on title t  (cost=0.00..73925.90 rows=4532 width=4) (actual time=0.082..1180.926 rows=8145 loops=1)
              Filter: ((kind_id = 7) AND (production_year = 1968))
              Rows Removed by Filter: 2520167
Planning time: 3.934 ms
Execution time: 1800.294 ms
