Hash Join  (cost=102767.86..225009.20 rows=1303275 width=0) (actual time=1871.997..4923.587 rows=1310291 loops=1)
  Hash Cond: (mk.movie_id = t.id)
  ->  Seq Scan on movie_keyword mk  (cost=0.00..81003.12 rows=1303275 width=4) (actual time=0.017..1329.263 rows=1310291 loops=1)
        Filter: (keyword_id < 1717)
        Rows Removed by Filter: 3213639
  ->  Hash  (cost=61283.27..61283.27 rows=2528527 width=4) (actual time=1869.835..1869.835 rows=2528312 loops=1)
        Buckets: 131072  Batches: 64  Memory Usage: 2425kB
        ->  Seq Scan on title t  (cost=0.00..61283.27 rows=2528527 width=4) (actual time=0.010..996.765 rows=2528312 loops=1)
Planning time: 0.738 ms
Execution time: 5089.728 ms
