Hash Join  (cost=102767.86..179478.17 rows=370054 width=0) (actual time=2088.453..4260.559 rows=526271 loops=1)
  Hash Cond: (mc.movie_id = t.id)
  ->  Seq Scan on movie_companies mc  (cost=0.00..57926.93 rows=370054 width=4) (actual time=201.950..878.649 rows=526271 loops=1)
        Filter: ((company_id < 1461) AND (company_type_id = 1))
        Rows Removed by Filter: 2082858
  ->  Hash  (cost=61283.27..61283.27 rows=2528527 width=4) (actual time=1885.119..1885.119 rows=2528312 loops=1)
        Buckets: 131072  Batches: 64  Memory Usage: 2415kB
        ->  Seq Scan on title t  (cost=0.00..61283.27 rows=2528527 width=4) (actual time=0.018..1056.812 rows=2528312 loops=1)
Planning time: 0.491 ms
Execution time: 4325.428 ms
