Seq Scan on movie_keyword mk  (cost=0.00..81003.12 rows=1738446 width=0) (actual time=0.019..1292.109 rows=1749285 loops=1)
  Filter: (keyword_id > 7979)
  Rows Removed by Filter: 2774645
Planning time: 0.328 ms
Execution time: 1516.758 ms
