Seq Scan on movie_keyword mk  (cost=0.00..81003.12 rows=246 width=0) (actual time=1.183..1042.470 rows=1113 loops=1)
  Filter: (keyword_id = 834)
  Rows Removed by Filter: 4522817
Planning time: 0.425 ms
Execution time: 1042.890 ms
