Hash Join  (cost=190022.14..232215.32 rows=262269 width=0) (actual time=3272.134..4329.772 rows=294734 loops=1)
  Hash Cond: (mi_idx.movie_id = t.id)
  ->  Seq Scan on movie_info_idx mi_idx  (cost=0.00..21735.35 rows=1380035 width=4) (actual time=0.018..400.389 rows=1380035 loops=1)
  ->  Hash  (cost=182137.47..182137.47 rows=480534 width=8) (actual time=3271.174..3271.174 rows=177172 loops=1)
        Buckets: 131072  Batches: 8  Memory Usage: 1901kB
        ->  Hash Join  (cost=102767.86..182137.47 rows=480534 width=8) (actual time=2234.752..3219.232 rows=177172 loops=1)
              Hash Cond: (mc.movie_id = t.id)
              ->  Seq Scan on movie_companies mc  (cost=0.00..57926.93 rows=480534 width=4) (actual time=416.905..882.923 rows=177172 loops=1)
                    Filter: ((company_id > 17017) AND (company_type_id < 2))
                    Rows Removed by Filter: 2431957
              ->  Hash  (cost=61283.27..61283.27 rows=2528527 width=4) (actual time=1815.833..1815.833 rows=2528312 loops=1)
                    Buckets: 131072  Batches: 64  Memory Usage: 2415kB
                    ->  Seq Scan on title t  (cost=0.00..61283.27 rows=2528527 width=4) (actual time=0.025..948.433 rows=2528312 loops=1)
Planning time: 1.105 ms
Execution time: 4362.489 ms
