Hash Join  (cost=245768.62..805677.97 rows=7507242 width=0) (actual time=5747.031..34373.120 rows=68410018 loops=1)
  Hash Cond: (mi.movie_id = t.id)
  ->  Seq Scan on movie_info mi  (cost=0.00..309384.22 rows=14739122 width=4) (actual time=0.020..6180.948 rows=14835720 loops=1)
  ->  Hash  (cost=224639.08..224639.08 rows=1287883 width=8) (actual time=5745.429..5745.429 rows=1298744 loops=1)
        Buckets: 131072  Batches: 32  Memory Usage: 2683kB
        ->  Hash Join  (cost=102767.86..224639.08 rows=1287883 width=8) (actual time=2430.874..5379.149 rows=1298744 loops=1)
              Hash Cond: (mk.movie_id = t.id)
              ->  Seq Scan on movie_keyword mk  (cost=0.00..81003.12 rows=1287883 width=4) (actual time=0.044..1580.624 rows=1298744 loops=1)
                    Filter: (keyword_id > 13580)
                    Rows Removed by Filter: 3225186
              ->  Hash  (cost=61283.27..61283.27 rows=2528527 width=4) (actual time=2428.823..2428.823 rows=2528312 loops=1)
                    Buckets: 131072  Batches: 64  Memory Usage: 2425kB
                    ->  Seq Scan on title t  (cost=0.00..61283.27 rows=2528527 width=4) (actual time=0.027..1199.166 rows=2528312 loops=1)
Planning time: 4.435 ms
Execution time: 41959.612 ms
