Hash Join  (cost=463989.94..597660.08 rows=957710 width=0) (actual time=7497.268..11441.043 rows=3324086 loops=1)
  Hash Cond: (mk.movie_id = t.id)
  ->  Seq Scan on movie_keyword mk  (cost=0.00..69693.30 rows=4523930 width=4) (actual time=0.013..1383.925 rows=4523930 loops=1)
  ->  Hash  (cost=455207.87..455207.87 rows=535286 width=8) (actual time=7496.072..7496.072 rows=191435 loops=1)
        Buckets: 131072  Batches: 8  Memory Usage: 1968kB
        ->  Hash Join  (cost=84197.31..455207.87 rows=535286 width=8) (actual time=1451.201..7436.564 rows=191435 loops=1)
              Hash Cond: (mi.movie_id = t.id)
              ->  Seq Scan on movie_info mi  (cost=0.00..346232.03 rows=1338312 width=4) (actual time=55.961..4759.006 rows=1401902 loops=1)
                    Filter: (info_type_id = 7)
                    Rows Removed by Filter: 13433818
              ->  Hash  (cost=67604.59..67604.59 rows=1011338 width=4) (actual time=1394.543..1394.543 rows=1012920 loops=1)
                    Buckets: 131072  Batches: 16  Memory Usage: 3256kB
                    ->  Seq Scan on title t  (cost=0.00..67604.59 rows=1011338 width=4) (actual time=0.026..1068.944 rows=1012920 loops=1)
                          Filter: (production_year > 2005)
                          Rows Removed by Filter: 1515392
Planning time: 1.115 ms
Execution time: 11823.251 ms
