Hash Join  (cost=465534.04..598009.20 rows=270630 width=0) (actual time=7462.963..14331.190 rows=16274024 loops=1)
  Hash Cond: (mk.movie_id = t.id)
  ->  Seq Scan on movie_keyword mk  (cost=0.00..81003.12 rows=4161795 width=4) (actual time=0.020..1667.472 rows=4164755 loops=1)
        Filter: (keyword_id < 46484)
        Rows Removed by Filter: 359175
  ->  Hash  (cost=462835.76..462835.76 rows=164423 width=8) (actual time=7462.269..7462.269 rows=197754 loops=1)
        Buckets: 131072  Batches: 4  Memory Usage: 2936kB
        ->  Hash Join  (cost=102767.86..462835.76 rows=164423 width=8) (actual time=4950.734..7407.987 rows=197754 loops=1)
              Hash Cond: (mi.movie_id = t.id)
              ->  Seq Scan on movie_info mi  (cost=0.00..346232.03 rows=164423 width=4) (actual time=3062.392..4679.598 rows=197754 loops=1)
                    Filter: (info_type_id > 106)
                    Rows Removed by Filter: 14637966
              ->  Hash  (cost=61283.27..61283.27 rows=2528527 width=4) (actual time=1804.513..1804.513 rows=2528312 loops=1)
                    Buckets: 131072  Batches: 64  Memory Usage: 2425kB
                    ->  Seq Scan on title t  (cost=0.00..61283.27 rows=2528527 width=4) (actual time=0.023..947.869 rows=2528312 loops=1)
Planning time: 1.006 ms
Execution time: 16228.265 ms
