Hash Join  (cost=178036.52..1304633.23 rows=9033054 width=0) (actual time=4334.430..47250.005 rows=43650448 loops=1)
  Hash Cond: (ci.movie_id = t.id)
  ->  Seq Scan on cast_info ci  (cost=0.00..614943.12 rows=36225612 width=4) (actual time=0.019..12295.405 rows=36244344 loops=1)
  ->  Hash  (cost=167692.25..167692.25 rows=630502 width=8) (actual time=4333.152..4333.152 rows=1386296 loops=1)
        Buckets: 131072 (originally 131072)  Batches: 32 (originally 16)  Memory Usage: 3073kB
        ->  Hash Join  (cost=83950.71..167692.25 rows=630502 width=8) (actual time=1271.047..3898.654 rows=1386296 loops=1)
              Hash Cond: (mc.movie_id = t.id)
              ->  Seq Scan on movie_companies mc  (cost=0.00..44881.29 rows=2609129 width=4) (actual time=0.010..772.792 rows=2609129 loops=1)
              ->  Hash  (cost=73925.90..73925.90 rows=611024 width=4) (actual time=1270.316..1270.316 rows=650218 loops=1)
                    Buckets: 131072  Batches: 8  Memory Usage: 3893kB
                    ->  Seq Scan on title t  (cost=0.00..73925.90 rows=611024 width=4) (actual time=0.012..1064.716 rows=650218 loops=1)
                          Filter: ((kind_id < 4) AND (production_year < 2009))
                          Rows Removed by Filter: 1878094
Planning time: 1.200 ms
Execution time: 51897.919 ms
