Hash Join  (cost=58375.71..423033.51 rows=187 width=0) (actual time=1188.567..7554.214 rows=22327 loops=1)
  Hash Cond: (mi.movie_id = t.id)
  ->  Seq Scan on movie_info mi  (cost=0.00..309384.22 rows=14739122 width=4) (actual time=0.024..3789.852 rows=14835720 loops=1)
  ->  Hash  (cost=58375.31..58375.31 rows=32 width=8) (actual time=905.039..905.039 rows=1339 loops=1)
        Buckets: 2048 (originally 1024)  Batches: 1 (originally 1)  Memory Usage: 69kB
        ->  Nested Loop  (cost=0.43..58375.31 rows=32 width=8) (actual time=3.833..904.443 rows=1339 loops=1)
              ->  Seq Scan on movie_companies mc  (cost=0.00..57926.93 rows=53 width=4) (actual time=2.880..873.234 rows=1405 loops=1)
                    Filter: ((company_type_id > 1) AND (company_id = 3232))
                    Rows Removed by Filter: 2607724
              ->  Index Scan using title_pkey on title t  (cost=0.43..8.45 rows=1 width=4) (actual time=0.021..0.021 rows=1 loops=1405)
                    Index Cond: (id = mc.movie_id)
                    Filter: (kind_id = 7)
                    Rows Removed by Filter: 0
Planning time: 1.122 ms
Execution time: 7557.258 ms
