Hash Join  (cost=74101.13..161009.97 rows=25080 width=0) (actual time=908.553..2673.812 rows=14221 loops=1)
  Hash Cond: (mk.movie_id = t.id)
  ->  Seq Scan on movie_keyword mk  (cost=0.00..69693.30 rows=4523930 width=4) (actual time=0.028..883.531 rows=4523930 loops=1)
  ->  Hash  (cost=73925.90..73925.90 rows=14018 width=4) (actual time=908.028..908.028 rows=51721 loops=1)
        Buckets: 65536 (originally 16384)  Batches: 1 (originally 1)  Memory Usage: 2331kB
        ->  Seq Scan on title t  (cost=0.00..73925.90 rows=14018 width=4) (actual time=202.926..888.776 rows=51721 loops=1)
              Filter: ((production_year < 1914) AND (kind_id = 1))
              Rows Removed by Filter: 2476591
Planning time: 2.532 ms
Execution time: 2676.286 ms
