Hash Join  (cost=709678.15..1091465.08 rows=1874 width=0) (actual time=9911.807..15971.604 rows=96 loops=1)
  Hash Cond: (mi.movie_id = t.id)
  ->  Seq Scan on movie_info mi  (cost=0.00..346232.03 rows=9476311 width=4) (actual time=382.552..5141.511 rows=9565151 loops=1)
        Filter: (info_type_id < 16)
        Rows Removed by Filter: 5270569
  ->  Hash  (cost=709671.90..709671.90 rows=500 width=8) (actual time=9486.639..9486.639 rows=125 loops=1)
        Buckets: 1024  Batches: 1  Memory Usage: 13kB
        ->  Nested Loop  (cost=0.43..709671.90 rows=500 width=8) (actual time=5378.638..9486.575 rows=125 loops=1)
              ->  Seq Scan on cast_info ci  (cost=0.00..705507.15 rows=500 width=4) (actual time=5378.548..9485.430 rows=125 loops=1)
                    Filter: (person_id = 1800170)
                    Rows Removed by Filter: 36244219
              ->  Index Only Scan using title_pkey on title t  (cost=0.43..8.32 rows=1 width=4) (actual time=0.008..0.008 rows=1 loops=125)
                    Index Cond: (id = ci.movie_id)
                    Heap Fetches: 125
Planning time: 1.119 ms
Execution time: 15971.742 ms
