Seq Scan on movie_companies mc  (cost=0.00..57926.93 rows=824159 width=0) (actual time=0.015..886.280 rows=1035669 loops=1)
  Filter: ((company_id > 4616) AND (company_type_id > 1))
  Rows Removed by Filter: 1573460
Planning time: 0.327 ms
Execution time: 1008.532 ms
