Hash Join  (cost=145150.29..184603.79 rows=102602 width=0) (actual time=2883.896..4329.660 rows=403461 loops=1)
  Hash Cond: (mi_idx.movie_id = t.id)
  ->  Seq Scan on movie_info_idx mi_idx  (cost=0.00..21735.35 rows=1380035 width=4) (actual time=0.017..433.059 rows=1380035 loops=1)
  ->  Hash  (cost=142065.42..142065.42 rows=187989 width=8) (actual time=2883.182..2883.182 rows=284810 loops=1)
        Buckets: 131072  Batches: 4  Memory Usage: 3815kB
        ->  Hash Join  (cost=76690.42..142065.42 rows=187989 width=8) (actual time=1280.927..2792.057 rows=284810 loops=1)
              Hash Cond: (mc.movie_id = t.id)
              ->  Seq Scan on movie_companies mc  (cost=0.00..51404.11 rows=858399 width=4) (actual time=0.023..882.962 rows=852256 loops=1)
                    Filter: (company_id < 2399)
                    Rows Removed by Filter: 1756873
              ->  Hash  (cost=67604.59..67604.59 rows=553747 width=4) (actual time=1280.294..1280.294 rows=552960 loops=1)
                    Buckets: 131072  Batches: 8  Memory Usage: 3445kB
                    ->  Seq Scan on title t  (cost=0.00..67604.59 rows=553747 width=4) (actual time=0.020..1105.900 rows=552960 loops=1)
                          Filter: (production_year < 1983)
                          Rows Removed by Filter: 1975352
Planning time: 1.021 ms
Execution time: 4381.271 ms
