Seq Scan on cast_info ci  (cost=0.00..705507.15 rows=6241543 width=0) (actual time=619.278..10819.205 rows=6316109 loops=1)
  Filter: (person_id > 3021179)
  Rows Removed by Filter: 29928235
Planning time: 0.327 ms
Execution time: 11626.966 ms
