Seq Scan on movie_keyword mk  (cost=0.00..81003.12 rows=3227605 width=0) (actual time=0.018..1595.408 rows=3212892 loops=1)
  Filter: (keyword_id < 13406)
  Rows Removed by Filter: 1311038
Planning time: 0.372 ms
Execution time: 1989.490 ms
