Hash Join  (cost=192413.65..1138178.90 rows=2988392 width=0) (actual time=4583.014..28194.860 rows=3151468 loops=1)
  Hash Cond: (ci.movie_id = t.id)
  ->  Seq Scan on cast_info ci  (cost=0.00..796071.18 rows=10109372 width=4) (actual time=0.017..15869.859 rows=12670688 loops=1)
        Filter: ((person_id < 2921809) AND (role_id = 1))
        Rows Removed by Filter: 23573656
  ->  Hash  (cost=180150.55..180150.55 rows=747448 width=8) (actual time=4581.558..4581.558 rows=409894 loops=1)
        Buckets: 131072  Batches: 16  Memory Usage: 2013kB
        ->  Hash Join  (cost=93093.72..180150.55 rows=747448 width=8) (actual time=1873.184..4453.258 rows=409894 loops=1)
              Hash Cond: (mc.movie_id = t.id)
              ->  Seq Scan on movie_companies mc  (cost=0.00..57926.93 rows=1216483 width=4) (actual time=297.404..1120.803 rows=1111384 loops=1)
                    Filter: ((company_id < 107058) AND (company_type_id = 2))
                    Rows Removed by Filter: 1497745
              ->  Hash  (cost=67604.59..67604.59 rows=1553611 width=4) (actual time=1574.519..1574.519 rows=1555864 loops=1)
                    Buckets: 131072  Batches: 32  Memory Usage: 2734kB
                    ->  Seq Scan on title t  (cost=0.00..67604.59 rows=1553611 width=4) (actual time=0.027..1079.067 rows=1555864 loops=1)
                          Filter: (kind_id > 4)
                          Rows Removed by Filter: 972448
Planning time: 1.193 ms
Execution time: 28545.505 ms
