Hash Join  (cost=709675.75..1074337.98 rows=630 width=0) (actual time=10649.283..16030.995 rows=8 loops=1)
  Hash Cond: (mi.movie_id = t.id)
  ->  Seq Scan on movie_info mi  (cost=0.00..309384.22 rows=14739122 width=4) (actual time=0.019..3723.766 rows=14835720 loops=1)
  ->  Hash  (cost=709674.40..709674.40 rows=108 width=8) (actual time=10056.273..10056.273 rows=1 loops=1)
        Buckets: 1024  Batches: 1  Memory Usage: 9kB
        ->  Nested Loop  (cost=0.43..709674.40 rows=108 width=8) (actual time=6255.604..10056.254 rows=1 loops=1)
              ->  Seq Scan on cast_info ci  (cost=0.00..705507.15 rows=500 width=4) (actual time=6255.537..10056.125 rows=3 loops=1)
                    Filter: (person_id = 687648)
                    Rows Removed by Filter: 36244341
              ->  Index Scan using title_pkey on title t  (cost=0.43..8.32 rows=1 width=4) (actual time=0.034..0.034 rows=0 loops=3)
                    Index Cond: (id = ci.movie_id)
                    Filter: ((production_year < 2011) AND (kind_id = 1))
                    Rows Removed by Filter: 1
Planning time: 1.522 ms
Execution time: 16031.148 ms
