Hash Join  (cost=67764.72..122562.44 rows=13219 width=0) (actual time=989.391..2144.599 rows=30002 loops=1)
  Hash Cond: (mc.movie_id = t.id)
  ->  Seq Scan on movie_companies mc  (cost=0.00..44881.29 rows=2609129 width=4) (actual time=0.023..564.187 rows=2609129 loops=1)
  ->  Hash  (cost=67604.59..67604.59 rows=12811 width=4) (actual time=989.213..989.213 rows=12600 loops=1)
        Buckets: 16384  Batches: 1  Memory Usage: 571kB
        ->  Seq Scan on title t  (cost=0.00..67604.59 rows=12811 width=4) (actual time=427.423..983.886 rows=12600 loops=1)
              Filter: (kind_id = 6)
              Rows Removed by Filter: 2515712
Planning time: 0.674 ms
Execution time: 2149.275 ms
