Hash Join  (cost=75330.98..199199.65 rows=153163 width=0) (actual time=3311.851..3559.013 rows=2 loops=1)
  Hash Cond: (mk.movie_id = t.id)
  ->  Seq Scan on movie_keyword mk  (cost=0.00..69693.30 rows=4523930 width=4) (actual time=0.016..1192.576 rows=4523930 loops=1)
  ->  Hash  (cost=73925.90..73925.90 rows=85606 width=4) (actual time=1030.767..1030.767 rows=8 loops=1)
        Buckets: 131072  Batches: 2  Memory Usage: 1031kB
        ->  Seq Scan on title t  (cost=0.00..73925.90 rows=85606 width=4) (actual time=223.711..1030.683 rows=8 loops=1)
              Filter: ((kind_id > 1) AND (production_year < 1932))
              Rows Removed by Filter: 2528304
Planning time: 0.692 ms
Execution time: 3559.096 ms
