Hash Join  (cost=73983.02..438905.28 rows=26633 width=0) (actual time=942.325..7182.426 rows=31174 loops=1)
  Hash Cond: (mi.movie_id = t.id)
  ->  Seq Scan on movie_info mi  (cost=0.00..309384.22 rows=14739122 width=4) (actual time=0.003..3387.534 rows=14835720 loops=1)
  ->  Hash  (cost=73925.90..73925.90 rows=4569 width=4) (actual time=942.172..942.172 rows=8717 loops=1)
        Buckets: 16384 (originally 8192)  Batches: 1 (originally 1)  Memory Usage: 435kB
        ->  Seq Scan on title t  (cost=0.00..73925.90 rows=4569 width=4) (actual time=0.127..938.103 rows=8717 loops=1)
              Filter: ((kind_id > 4) AND (production_year = 1983))
              Rows Removed by Filter: 2519595
Planning time: 0.505 ms
Execution time: 7187.323 ms
