Hash Join  (cost=74055.54..130964.95 rows=5956 width=0) (actual time=1055.593..2207.892 rows=47109 loops=1)
  Hash Cond: (mc.movie_id = t.id)
  ->  Seq Scan on movie_companies mc  (cost=0.00..51404.11 rows=1452196 width=4) (actual time=32.920..883.505 rows=1456306 loops=1)
        Filter: (company_id > 9097)
        Rows Removed by Filter: 1152823
  ->  Hash  (cost=73925.90..73925.90 rows=10371 width=4) (actual time=986.293..986.293 rows=24507 loops=1)
        Buckets: 32768 (originally 16384)  Batches: 1 (originally 1)  Memory Usage: 1118kB
        ->  Seq Scan on title t  (cost=0.00..73925.90 rows=10371 width=4) (actual time=0.031..976.560 rows=24507 loops=1)
              Filter: ((kind_id < 7) AND (production_year < 1910))
              Rows Removed by Filter: 2503805
Planning time: 0.722 ms
Execution time: 2214.389 ms
