Hash Join  (cost=183406.30..321839.70 rows=1348637 width=0) (actual time=3685.886..8774.498 rows=4690953 loops=1)
  Hash Cond: (mk.movie_id = t.id)
  ->  Seq Scan on movie_keyword mk  (cost=0.00..69693.30 rows=4523930 width=4) (actual time=0.015..1443.256 rows=4523930 loops=1)
  ->  Hash  (cost=171039.00..171039.00 rows=753784 width=8) (actual time=3685.209..3685.209 rows=644188 loops=1)
        Buckets: 131072  Batches: 16  Memory Usage: 2598kB
        ->  Hash Join  (cost=91123.00..171039.00 rows=753784 width=8) (actual time=1700.725..3491.058 rows=644188 loops=1)
              Hash Cond: (mc.movie_id = t.id)
              ->  Seq Scan on movie_companies mc  (cost=0.00..51404.11 rows=1329612 width=4) (actual time=194.710..888.269 rows=1334883 loops=1)
                    Filter: (company_type_id > 1)
                    Rows Removed by Filter: 1274246
              ->  Hash  (cost=67604.59..67604.59 rows=1433473 width=4) (actual time=1505.135..1505.135 rows=1434466 loops=1)
                    Buckets: 131072  Batches: 32  Memory Usage: 2600kB
                    ->  Seq Scan on title t  (cost=0.00..67604.59 rows=1433473 width=4) (actual time=0.013..1038.087 rows=1434466 loops=1)
                          Filter: (production_year > 1999)
                          Rows Removed by Filter: 1093846
Planning time: 1.047 ms
Execution time: 9324.038 ms
