Seq Scan on movie_companies mc  (cost=0.00..51404.11 rows=732053 width=0) (actual time=0.027..798.982 rows=736343 loops=1)
  Filter: (company_id > 39418)
  Rows Removed by Filter: 1872786
Planning time: 0.296 ms
Execution time: 893.224 ms
