Hash Join  (cost=364987.65..1163397.97 rows=24679369 width=0) (actual time=8181.503..67991.245 rows=222531913 loops=1)
  Hash Cond: (mi.movie_id = t.id)
  ->  Seq Scan on movie_info mi  (cost=0.00..309384.22 rows=14739122 width=4) (actual time=0.015..5176.868 rows=14835720 loops=1)
  ->  Hash  (cost=295526.18..295526.18 rows=4233797 width=8) (actual time=8179.631..8179.631 rows=4213440 loops=1)
        Buckets: 131072  Batches: 64  Memory Usage: 3705kB
        ->  Hash Join  (cost=102767.86..295526.18 rows=4233797 width=8) (actual time=1785.397..6941.382 rows=4213440 loops=1)
              Hash Cond: (mk.movie_id = t.id)
              ->  Seq Scan on movie_keyword mk  (cost=0.00..81003.12 rows=4233797 width=4) (actual time=0.023..1663.996 rows=4213440 loops=1)
                    Filter: (keyword_id > 245)
                    Rows Removed by Filter: 310490
              ->  Hash  (cost=61283.27..61283.27 rows=2528527 width=4) (actual time=1783.248..1783.248 rows=2528312 loops=1)
                    Buckets: 131072  Batches: 64  Memory Usage: 2425kB
                    ->  Seq Scan on title t  (cost=0.00..61283.27 rows=2528527 width=4) (actual time=0.019..924.366 rows=2528312 loops=1)
Planning time: 1.128 ms
Execution time: 90472.843 ms
