Hash Join  (cost=75227.65..198959.21 rows=141952 width=0) (actual time=1085.623..3374.585 rows=92121 loops=1)
  Hash Cond: (mk.movie_id = t.id)
  ->  Seq Scan on movie_keyword mk  (cost=0.00..69693.30 rows=4523930 width=4) (actual time=0.019..1089.988 rows=4523930 loops=1)
  ->  Hash  (cost=73925.90..73925.90 rows=79340 width=4) (actual time=1084.918..1084.918 rows=92312 loops=1)
        Buckets: 131072  Batches: 2  Memory Usage: 2654kB
        ->  Seq Scan on title t  (cost=0.00..73925.90 rows=79340 width=4) (actual time=0.018..1047.667 rows=92312 loops=1)
              Filter: ((kind_id > 1) AND (production_year = 2006))
              Rows Removed by Filter: 2436000
Planning time: 0.593 ms
Execution time: 3385.074 ms
