Hash Join  (cost=128753.29..880212.37 rows=66992 width=0) (actual time=1845.358..16070.084 rows=96533 loops=1)
  Hash Cond: (ci.movie_id = t.id)
  ->  Seq Scan on cast_info ci  (cost=0.00..614943.12 rows=36225612 width=4) (actual time=0.028..6965.356 rows=36244344 loops=1)
  ->  Hash  (cost=128694.84..128694.84 rows=4676 width=8) (actual time=1842.547..1842.547 rows=5198 loops=1)
        Buckets: 8192  Batches: 1  Memory Usage: 268kB
        ->  Hash Join  (cost=73982.55..128694.84 rows=4676 width=8) (actual time=1284.818..1840.712 rows=5198 loops=1)
              Hash Cond: (mc.movie_id = t.id)
              ->  Seq Scan on movie_companies mc  (cost=0.00..44881.29 rows=2609129 width=4) (actual time=0.021..390.361 rows=2609129 loops=1)
              ->  Hash  (cost=73925.90..73925.90 rows=4532 width=4) (actual time=1031.404..1031.404 rows=7634 loops=1)
                    Buckets: 8192  Batches: 1  Memory Usage: 333kB
                    ->  Seq Scan on title t  (cost=0.00..73925.90 rows=4532 width=4) (actual time=0.169..1028.029 rows=7634 loops=1)
                          Filter: ((kind_id = 7) AND (production_year = 1972))
                          Rows Removed by Filter: 2520678
Planning time: 1.131 ms
Execution time: 16095.198 ms
