Seq Scan on cast_info ci  (cost=0.00..705507.15 rows=1318577 width=0) (actual time=157.276..10208.892 rows=1232570 loops=1)
  Filter: (person_id < 124497)
  Rows Removed by Filter: 35011774
Planning time: 0.280 ms
Execution time: 10365.986 ms
