Hash Join  (cost=156487.41..687303.75 rows=2489472 width=0) (actual time=3153.676..17667.907 rows=6057957 loops=1)
  Hash Cond: (mi.movie_id = t.id)
  ->  Seq Scan on movie_info mi  (cost=0.00..346232.03 rows=13655091 width=4) (actual time=0.019..6384.183 rows=13688003 loops=1)
        Filter: (info_type_id < 54)
        Rows Removed by Filter: 1147717
  ->  Hash  (cost=148924.19..148924.19 rows=460978 width=8) (actual time=3152.675..3152.675 rows=459925 loops=1)
        Buckets: 131072  Batches: 8  Memory Usage: 3284kB
        ->  Hash Join  (cost=102767.86..148924.19 rows=460978 width=8) (actual time=1722.907..3000.074 rows=459925 loops=1)
              Hash Cond: (mi_idx.movie_id = t.id)
              ->  Seq Scan on movie_info_idx mi_idx  (cost=0.00..25185.44 rows=460978 width=4) (actual time=0.028..423.263 rows=459925 loops=1)
                    Filter: (info_type_id = 99)
                    Rows Removed by Filter: 920110
              ->  Hash  (cost=61283.27..61283.27 rows=2528527 width=4) (actual time=1720.964..1720.964 rows=2528312 loops=1)
                    Buckets: 131072  Batches: 64  Memory Usage: 2415kB
                    ->  Seq Scan on title t  (cost=0.00..61283.27 rows=2528527 width=4) (actual time=0.021..880.631 rows=2528312 loops=1)
Planning time: 1.170 ms
Execution time: 18352.918 ms
