Seq Scan on cast_info ci  (cost=0.00..796071.18 rows=396 width=0) (actual time=5177.315..13342.491 rows=18 loops=1)
  Filter: ((role_id < 8) AND (person_id = 1782062))
  Rows Removed by Filter: 36244326
Planning time: 0.341 ms
Execution time: 13342.627 ms
