Hash Join  (cost=83074.74..109986.57 rows=134 width=0) (actual time=1151.526..1666.848 rows=2933 loops=1)
  Hash Cond: (mi_idx.movie_id = t.id)
  ->  Seq Scan on movie_info_idx mi_idx  (cost=0.00..21735.35 rows=1380035 width=4) (actual time=0.025..251.885 rows=1380035 loops=1)
  ->  Hash  (cost=83071.67..83071.67 rows=246 width=8) (actual time=1140.088..1140.088 rows=1015 loops=1)
        Buckets: 1024  Batches: 1  Memory Usage: 48kB
        ->  Nested Loop  (cost=0.43..83071.67 rows=246 width=8) (actual time=0.983..1139.383 rows=1015 loops=1)
              ->  Seq Scan on movie_keyword mk  (cost=0.00..81003.12 rows=246 width=4) (actual time=0.909..1101.995 rows=1015 loops=1)
                    Filter: (keyword_id = 10746)
                    Rows Removed by Filter: 4522915
              ->  Index Only Scan using title_pkey on title t  (cost=0.43..8.40 rows=1 width=4) (actual time=0.035..0.035 rows=1 loops=1015)
                    Index Cond: (id = mk.movie_id)
                    Heap Fetches: 1015
Planning time: 0.772 ms
Execution time: 1667.483 ms
