Seq Scan on movie_companies mc  (cost=0.00..51404.11 rows=754624 width=0) (actual time=48.732..766.013 rows=759620 loops=1)
  Filter: (company_id > 35505)
  Rows Removed by Filter: 1849509
Planning time: 0.327 ms
Execution time: 862.130 ms
