Hash Join  (cost=102767.86..585530.80 rows=5263441 width=0) (actual time=2966.773..13266.653 rows=5270569 loops=1)
  Hash Cond: (mi.movie_id = t.id)
  ->  Seq Scan on movie_info mi  (cost=0.00..346232.03 rows=5263441 width=4) (actual time=1157.286..6924.509 rows=5270569 loops=1)
        Filter: (info_type_id > 15)
        Rows Removed by Filter: 9565151
  ->  Hash  (cost=61283.27..61283.27 rows=2528527 width=4) (actual time=1808.524..1808.524 rows=2528312 loops=1)
        Buckets: 131072  Batches: 64  Memory Usage: 2425kB
        ->  Seq Scan on title t  (cost=0.00..61283.27 rows=2528527 width=4) (actual time=0.021..963.882 rows=2528312 loops=1)
Planning time: 0.808 ms
Execution time: 13879.047 ms
