Hash Join  (cost=74174.82..432154.20 rows=24163 width=0) (actual time=2464.193..7223.275 rows=20843 loops=1)
  Hash Cond: (mi.movie_id = t.id)
  ->  Seq Scan on movie_info mi  (cost=0.00..346232.03 rows=3068194 width=4) (actual time=1438.112..5566.152 rows=3036719 loops=1)
        Filter: (info_type_id = 16)
        Rows Removed by Filter: 11799001
  ->  Hash  (cost=73925.90..73925.90 rows=19913 width=4) (actual time=1025.047..1025.047 rows=21707 loops=1)
        Buckets: 32768  Batches: 1  Memory Usage: 1020kB
        ->  Seq Scan on title t  (cost=0.00..73925.90 rows=19913 width=4) (actual time=0.083..1015.098 rows=21707 loops=1)
              Filter: ((kind_id > 1) AND (production_year = 1993))
              Rows Removed by Filter: 2506605
Planning time: 0.732 ms
Execution time: 7226.683 ms
