Hash Join  (cost=193796.82..1370712.02 rows=13931303 width=0) (actual time=4606.587..54508.217 rows=58404845 loops=1)
  Hash Cond: (ci.movie_id = t.id)
  ->  Seq Scan on cast_info ci  (cost=0.00..614943.12 rows=36225612 width=4) (actual time=0.024..11966.124 rows=36244344 loops=1)
  ->  Hash  (cost=177842.86..177842.86 rows=972397 width=8) (actual time=4605.802..4605.802 rows=1779594 loops=1)
        Buckets: 131072 (originally 131072)  Batches: 32 (originally 16)  Memory Usage: 3185kB
        ->  Hash Join  (cost=89387.37..177842.86 rows=972397 width=8) (actual time=1459.257..4136.697 rows=1779594 loops=1)
              Hash Cond: (mc.movie_id = t.id)
              ->  Seq Scan on movie_companies mc  (cost=0.00..44881.29 rows=2609129 width=4) (actual time=0.025..823.346 rows=2609129 loops=1)
              ->  Hash  (cost=73925.90..73925.90 rows=942357 width=4) (actual time=1458.369..1458.369 rows=926057 loops=1)
                    Buckets: 131072  Batches: 16  Memory Usage: 3059kB
                    ->  Seq Scan on title t  (cost=0.00..73925.90 rows=942357 width=4) (actual time=0.023..1165.374 rows=926057 loops=1)
                          Filter: ((kind_id < 7) AND (production_year > 1913))
                          Rows Removed by Filter: 1602255
Planning time: 1.158 ms
Execution time: 61210.858 ms
