Seq Scan on cast_info ci  (cost=0.00..705507.15 rows=30445085 width=0) (actual time=0.024..12192.409 rows=30431536 loops=1)
  Filter: (person_id < 3062924)
  Rows Removed by Filter: 5812808
Planning time: 0.320 ms
Execution time: 15921.603 ms
