Hash Join  (cost=74058.02..798954.75 rows=21374 width=0) (actual time=4699.243..12797.312 rows=25488 loops=1)
  Hash Cond: (ci.movie_id = t.id)
  ->  Seq Scan on cast_info ci  (cost=0.00..705507.15 rows=5113557 width=4) (actual time=3730.283..10613.667 rows=5170364 loops=1)
        Filter: (person_id > 3148257)
        Rows Removed by Filter: 31073980
  ->  Hash  (cost=73925.90..73925.90 rows=10569 width=4) (actual time=968.391..968.391 rows=10528 loops=1)
        Buckets: 16384  Batches: 1  Memory Usage: 499kB
        ->  Seq Scan on title t  (cost=0.00..73925.90 rows=10569 width=4) (actual time=0.061..963.650 rows=10528 loops=1)
              Filter: ((kind_id < 7) AND (production_year = 1993))
              Rows Removed by Filter: 2517784
Planning time: 0.798 ms
Execution time: 12802.775 ms
