Hash Join  (cost=74181.07..425577.45 rows=10884 width=0) (actual time=3231.342..6208.558 rows=17046 loops=1)
  Hash Cond: (mi.movie_id = t.id)
  ->  Seq Scan on movie_info mi  (cost=0.00..346232.03 rows=1348138 width=4) (actual time=2266.759..4984.874 rows=1298989 loops=1)
        Filter: (info_type_id = 4)
        Rows Removed by Filter: 13536731
  ->  Hash  (cost=73925.90..73925.90 rows=20413 width=4) (actual time=964.223..964.223 rows=17357 loops=1)
        Buckets: 32768  Batches: 1  Memory Usage: 867kB
        ->  Seq Scan on title t  (cost=0.00..73925.90 rows=20413 width=4) (actual time=0.237..956.681 rows=17357 loops=1)
              Filter: ((kind_id < 7) AND (production_year = 2000))
              Rows Removed by Filter: 2510955
Planning time: 0.752 ms
Execution time: 6211.409 ms
