Seq Scan on movie_keyword mk  (cost=0.00..81003.12 rows=4206684 width=0) (actual time=0.014..1476.391 rows=4209580 loops=1)
  Filter: (keyword_id < 51951)
  Rows Removed by Filter: 314350
Planning time: 0.298 ms
Execution time: 2004.617 ms
