Hash Join  (cost=128478.61..1078038.61 rows=1684980 width=0) (actual time=7483.495..21468.804 rows=3035562 loops=1)
  Hash Cond: (ci.movie_id = t.id)
  ->  Seq Scan on cast_info ci  (cost=0.00..796071.18 rows=11694141 width=4) (actual time=4715.954..14664.602 rows=6023939 loops=1)
        Filter: ((person_id < 2706249) AND (role_id > 2))
        Rows Removed by Filter: 30220405
  ->  Hash  (cost=122500.50..122500.50 rows=364329 width=8) (actual time=2766.451..2766.451 rows=629900 loops=1)
        Buckets: 131072 (originally 131072)  Batches: 16 (originally 8)  Memory Usage: 3073kB
        ->  Hash Join  (cost=78556.72..122500.50 rows=364329 width=8) (actual time=1198.924..2567.847 rows=629900 loops=1)
              Hash Cond: (mi_idx.movie_id = t.id)
              ->  Seq Scan on movie_info_idx mi_idx  (cost=0.00..21735.35 rows=1380035 width=4) (actual time=0.034..430.404 rows=1380035 loops=1)
              ->  Hash  (cost=67604.59..67604.59 rows=667531 width=4) (actual time=1197.836..1197.836 rows=662825 loops=1)
                    Buckets: 131072  Batches: 16  Memory Usage: 2476kB
                    ->  Seq Scan on title t  (cost=0.00..67604.59 rows=667531 width=4) (actual time=0.025..987.799 rows=662825 loops=1)
                          Filter: (kind_id = 1)
                          Rows Removed by Filter: 1865487
Planning time: 3.132 ms
Execution time: 21869.605 ms
