Hash Join  (cost=96729.52..637842.15 rows=6653004 width=0) (actual time=1758.058..14130.474 rows=5509814 loops=1)
  Hash Cond: (mi.movie_id = t.id)
  ->  Seq Scan on movie_info mi  (cost=0.00..346232.03 rows=9476311 width=4) (actual time=0.026..5849.531 rows=9565151 loops=1)
        Filter: (info_type_id < 16)
        Rows Removed by Filter: 5270569
  ->  Hash  (cost=67604.59..67604.59 rows=1775195 width=4) (actual time=1756.754..1756.754 rows=1772072 loops=1)
        Buckets: 131072  Batches: 32  Memory Usage: 2984kB
        ->  Seq Scan on title t  (cost=0.00..67604.59 rows=1775195 width=4) (actual time=0.020..1178.842 rows=1772072 loops=1)
              Filter: (production_year > 1989)
              Rows Removed by Filter: 756240
Planning time: 0.763 ms
Execution time: 14764.530 ms
