Seq Scan on title t  (cost=0.00..73925.90 rows=258 width=94) (actual time=41.912..1544.173 rows=3378 loops=1)
  Filter: ((kind_id < 7) AND (production_year > 2013))
  Rows Removed by Filter: 2524934
Planning time: 0.523 ms
Execution time: 1545.967 ms
