Seq Scan on cast_info ci  (cost=0.00..796071.18 rows=382 width=0) (actual time=6988.722..13193.891 rows=33 loops=1)
  Filter: ((role_id < 6) AND (person_id = 1942285))
  Rows Removed by Filter: 36244311
Planning time: 0.396 ms
Execution time: 13194.001 ms
