Seq Scan on cast_info ci  (cost=0.00..705507.15 rows=15681812 width=0) (actual time=0.023..11485.558 rows=15801332 loops=1)
  Filter: (person_id > 2056985)
  Rows Removed by Filter: 20443012
Planning time: 0.295 ms
Execution time: 13471.491 ms
