Hash Join  (cost=102767.86..200686.73 rows=292415 width=0) (actual time=1814.313..3608.787 rows=288716 loops=1)
  Hash Cond: (mk.movie_id = t.id)
  ->  Seq Scan on movie_keyword mk  (cost=0.00..81003.12 rows=292415 width=4) (actual time=0.013..1165.889 rows=288716 loops=1)
        Filter: (keyword_id > 55524)
        Rows Removed by Filter: 4235214
  ->  Hash  (cost=61283.27..61283.27 rows=2528527 width=4) (actual time=1812.265..1812.265 rows=2528312 loops=1)
        Buckets: 131072  Batches: 64  Memory Usage: 2425kB
        ->  Seq Scan on title t  (cost=0.00..61283.27 rows=2528527 width=4) (actual time=0.019..945.076 rows=2528312 loops=1)
Planning time: 3.027 ms
Execution time: 3648.478 ms
