Nested Loop  (cost=0.43..709673.15 rows=195 width=0) (actual time=1850.829..9162.063 rows=3 loops=1)
  ->  Seq Scan on cast_info ci  (cost=0.00..705507.15 rows=500 width=4) (actual time=1850.725..9161.507 rows=12 loops=1)
        Filter: (person_id = 648474)
        Rows Removed by Filter: 36244332
  ->  Index Scan using title_pkey on title t  (cost=0.43..8.32 rows=1 width=4) (actual time=0.034..0.034 rows=0 loops=12)
        Index Cond: (id = ci.movie_id)
        Filter: (kind_id < 7)
        Rows Removed by Filter: 1
Planning time: 0.879 ms
Execution time: 9162.185 ms
