Hash Join  (cost=292337.42..1152896.88 rows=2360346 width=0) (actual time=10909.687..20268.845 rows=5122268 loops=1)
  Hash Cond: (ci.movie_id = t.id)
  ->  Seq Scan on cast_info ci  (cost=0.00..796071.18 rows=2447363 width=4) (actual time=4672.309..11219.808 rows=1455659 loops=1)
        Filter: ((person_id < 697168) AND (role_id > 3))
        Rows Removed by Filter: 34788685
  ->  Hash  (cost=252328.62..252328.62 rows=2438624 width=8) (actual time=6236.207..6236.207 rows=2438000 loops=1)
        Buckets: 131072 (originally 131072)  Batches: 64 (originally 32)  Memory Usage: 3983kB
        ->  Hash Join  (cost=102767.86..252328.62 rows=2438624 width=8) (actual time=1854.634..5585.356 rows=2438000 loops=1)
              Hash Cond: (mk.movie_id = t.id)
              ->  Seq Scan on movie_keyword mk  (cost=0.00..81003.12 rows=2438624 width=4) (actual time=0.060..1588.124 rows=2438000 loops=1)
                    Filter: (keyword_id < 5802)
                    Rows Removed by Filter: 2085930
              ->  Hash  (cost=61283.27..61283.27 rows=2528527 width=4) (actual time=1853.515..1853.515 rows=2528312 loops=1)
                    Buckets: 131072  Batches: 64  Memory Usage: 2425kB
                    ->  Seq Scan on title t  (cost=0.00..61283.27 rows=2528527 width=4) (actual time=0.032..1001.950 rows=2528312 loops=1)
Planning time: 1.126 ms
Execution time: 20865.052 ms
