Hash Join  (cost=68973.60..198179.95 rows=132851 width=0) (actual time=1003.203..3819.765 rows=28653 loops=1)
  Hash Cond: (mk.movie_id = t.id)
  ->  Seq Scan on movie_keyword mk  (cost=0.00..81003.12 rows=4025792 width=4) (actual time=0.018..1619.262 rows=4021945 loops=1)
        Filter: (keyword_id > 359)
        Rows Removed by Filter: 501985
  ->  Hash  (cost=67604.59..67604.59 rows=83441 width=4) (actual time=998.941..998.941 rows=81647 loops=1)
        Buckets: 131072  Batches: 2  Memory Usage: 2461kB
        ->  Seq Scan on title t  (cost=0.00..67604.59 rows=83441 width=4) (actual time=290.430..968.383 rows=81647 loops=1)
              Filter: (production_year < 1919)
              Rows Removed by Filter: 2446665
Planning time: 0.814 ms
Execution time: 3823.965 ms
