Hash Join  (cost=97725.07..265400.77 rows=3284674 width=0) (actual time=1964.003..6348.640 rows=2946979 loops=1)
  Hash Cond: (mk.movie_id = t.id)
  ->  Seq Scan on movie_keyword mk  (cost=0.00..69693.30 rows=4523930 width=4) (actual time=0.024..1403.058 rows=4523930 loops=1)
  ->  Hash  (cost=67604.59..67604.59 rows=1835879 width=4) (actual time=1962.389..1962.389 rows=1833367 loops=1)
        Buckets: 131072  Batches: 32  Memory Usage: 3053kB
        ->  Seq Scan on title t  (cost=0.00..67604.59 rows=1835879 width=4) (actual time=0.022..1347.668 rows=1833367 loops=1)
              Filter: (production_year > 1986)
              Rows Removed by Filter: 694945
Planning time: 0.755 ms
Execution time: 6669.460 ms
