Seq Scan on movie_companies mc  (cost=0.00..57926.93 rows=1237187 width=0) (actual time=0.037..1069.302 rows=1152664 loops=1)
  Filter: ((company_id < 119459) AND (company_type_id > 1))
  Rows Removed by Filter: 1456465
Planning time: 0.307 ms
Execution time: 1221.855 ms
