Hash Join  (cost=83074.74..447745.01 rows=1434 width=0) (actual time=1145.950..7703.000 rows=43576 loops=1)
  Hash Cond: (mi.movie_id = t.id)
  ->  Seq Scan on movie_info mi  (cost=0.00..309384.22 rows=14739122 width=4) (actual time=0.021..3679.627 rows=14835720 loops=1)
  ->  Hash  (cost=83071.67..83071.67 rows=246 width=8) (actual time=1145.880..1145.880 rows=833 loops=1)
        Buckets: 1024  Batches: 1  Memory Usage: 41kB
        ->  Nested Loop  (cost=0.43..83071.67 rows=246 width=8) (actual time=0.492..1145.246 rows=833 loops=1)
              ->  Seq Scan on movie_keyword mk  (cost=0.00..81003.12 rows=246 width=4) (actual time=0.412..1124.723 rows=833 loops=1)
                    Filter: (keyword_id = 1964)
                    Rows Removed by Filter: 4523097
              ->  Index Only Scan using title_pkey on title t  (cost=0.43..8.40 rows=1 width=4) (actual time=0.023..0.023 rows=1 loops=833)
                    Index Cond: (id = mk.movie_id)
                    Heap Fetches: 833
Planning time: 1.095 ms
Execution time: 7710.113 ms
