Seq Scan on movie_companies mc  (cost=0.00..57926.93 rows=53 width=0) (actual time=240.284..750.985 rows=8 loops=1)
  Filter: ((company_id = 97959) AND (company_type_id = 2))
  Rows Removed by Filter: 2609121
Planning time: 0.368 ms
Execution time: 751.073 ms
