Hash Join  (cost=103698.42..933942.79 rows=1034452 width=0) (actual time=4807.314..13672.897 rows=2085721 loops=1)
  Hash Cond: (ci.movie_id = t.id)
  ->  Seq Scan on cast_info ci  (cost=0.00..796071.18 rows=1188934 width=4) (actual time=2987.416..9606.039 rows=2354541 loops=1)
        Filter: ((person_id < 315735) AND (role_id = 1))
        Rows Removed by Filter: 33889803
  ->  Hash  (cost=67604.59..67604.59 rows=2199987 width=4) (actual time=1818.920..1818.920 rows=2192624 loops=1)
        Buckets: 131072  Batches: 32  Memory Usage: 3436kB
        ->  Seq Scan on title t  (cost=0.00..67604.59 rows=2199987 width=4) (actual time=0.023..1132.004 rows=2192624 loops=1)
              Filter: (production_year > 1961)
              Rows Removed by Filter: 335688
Planning time: 0.802 ms
Execution time: 13931.496 ms
