Seq Scan on title t  (cost=0.00..73925.90 rows=22706 width=0) (actual time=0.021..1105.438 rows=25785 loops=1)
  Filter: ((kind_id < 4) AND (production_year > 2012))
  Rows Removed by Filter: 2502527
Planning time: 0.254 ms
Execution time: 1109.815 ms
