Hash Join  (cost=814550.16..3502163.93 rows=125727354 width=0) (actual time=19873.028..118455.059 rows=245524699 loops=1)
  Hash Cond: (ci.movie_id = t.id)
  ->  Seq Scan on cast_info ci  (cost=0.00..614943.12 rows=36225612 width=4) (actual time=0.023..12178.020 rows=36244344 loops=1)
  ->  Hash  (cost=670572.95..670572.95 rows=8775697 width=8) (actual time=19872.148..19872.148 rows=8387218 loops=1)
        Buckets: 131072  Batches: 128  Memory Usage: 3552kB
        ->  Hash Join  (cost=106021.40..670572.95 rows=8775697 width=8) (actual time=2231.654..17004.383 rows=8387218 loops=1)
              Hash Cond: (mi.movie_id = t.id)
              ->  Seq Scan on movie_info mi  (cost=0.00..346232.03 rows=9476311 width=4) (actual time=54.604..6006.417 rows=9565151 loops=1)
                    Filter: (info_type_id < 16)
                    Rows Removed by Filter: 5270569
              ->  Hash  (cost=67604.59..67604.59 rows=2341585 width=4) (actual time=1971.446..1971.446 rows=2333286 loops=1)
                    Buckets: 131072  Batches: 32  Memory Usage: 3601kB
                    ->  Seq Scan on title t  (cost=0.00..67604.59 rows=2341585 width=4) (actual time=0.025..1195.699 rows=2333286 loops=1)
                          Filter: (production_year > 1932)
                          Rows Removed by Filter: 195026
Planning time: 1.250 ms
Execution time: 145471.258 ms
