Hash Join  (cost=610518.74..2150323.98 rows=27217100 width=0) (actual time=13185.933..49540.344 rows=16704667 loops=1)
  Hash Cond: (ci.movie_id = t.id)
  ->  Seq Scan on cast_info ci  (cost=0.00..614943.12 rows=36225612 width=4) (actual time=0.021..12125.234 rows=36244344 loops=1)
  ->  Hash  (cost=579351.01..579351.01 rows=1899738 width=8) (actual time=13184.775..13184.775 rows=655125 loops=1)
        Buckets: 131072  Batches: 32  Memory Usage: 1819kB
        ->  Hash Join  (cost=79273.71..579351.01 rows=1899738 width=8) (actual time=1190.344..12983.576 rows=655125 loops=1)
              Hash Cond: (mi.movie_id = t.id)
              ->  Seq Scan on movie_info mi  (cost=0.00..309384.22 rows=14739122 width=4) (actual time=0.021..5123.039 rows=14835720 loops=1)
              ->  Hash  (cost=73925.90..73925.90 rows=325904 width=4) (actual time=1189.162..1189.162 rows=349534 loops=1)
                    Buckets: 131072  Batches: 8  Memory Usage: 2572kB
                    ->  Seq Scan on title t  (cost=0.00..73925.90 rows=325904 width=4) (actual time=0.020..1053.189 rows=349534 loops=1)
                          Filter: ((production_year > 2009) AND (kind_id = 7))
                          Rows Removed by Filter: 2178778
Planning time: 1.092 ms
Execution time: 51387.293 ms
