Nested Loop  (cost=0.43..52283.69 rows=104 width=0) (actual time=72.352..719.914 rows=235 loops=1)
  ->  Seq Scan on movie_companies mc  (cost=0.00..51404.11 rows=104 width=4) (actual time=72.259..712.208 rows=235 loops=1)
        Filter: (company_id = 29231)
        Rows Removed by Filter: 2608894
  ->  Index Only Scan using title_pkey on title t  (cost=0.43..8.45 rows=1 width=4) (actual time=0.031..0.032 rows=1 loops=235)
        Index Cond: (id = mc.movie_id)
        Heap Fetches: 235
Planning time: 0.768 ms
Execution time: 720.084 ms
