Hash Join  (cost=73982.55..840534.96 rows=29038 width=0) (actual time=6099.499..15425.848 rows=36420 loops=1)
  Hash Cond: (ci.movie_id = t.id)
  ->  Seq Scan on cast_info ci  (cost=0.00..705507.15 rows=16201301 width=4) (actual time=5043.159..11685.996 rows=16121683 loops=1)
        Filter: (role_id > 2)
        Rows Removed by Filter: 20122661
  ->  Hash  (cost=73925.90..73925.90 rows=4532 width=4) (actual time=1055.926..1055.926 rows=8818 loops=1)
        Buckets: 16384 (originally 8192)  Batches: 1 (originally 1)  Memory Usage: 439kB
        ->  Seq Scan on title t  (cost=0.00..73925.90 rows=4532 width=4) (actual time=0.066..1051.392 rows=8818 loops=1)
              Filter: ((kind_id = 7) AND (production_year = 1967))
              Rows Removed by Filter: 2519494
Planning time: 0.738 ms
Execution time: 15431.677 ms
