Nested Loop  (cost=0.43..83072.29 rows=96 width=0) (actual time=4.116..1148.155 rows=106 loops=1)
  ->  Seq Scan on movie_keyword mk  (cost=0.00..81003.12 rows=246 width=4) (actual time=1.856..1141.575 rows=118 loops=1)
        Filter: (keyword_id = 12617)
        Rows Removed by Filter: 4523812
  ->  Index Scan using title_pkey on title t  (cost=0.43..8.40 rows=1 width=4) (actual time=0.051..0.052 rows=1 loops=118)
        Index Cond: (id = mk.movie_id)
        Filter: (kind_id < 7)
        Rows Removed by Filter: 0
Planning time: 1.376 ms
Execution time: 1148.310 ms
