Seq Scan on cast_info ci  (cost=0.00..796071.18 rows=176 width=0) (actual time=11509.999..12063.060 rows=29 loops=1)
  Filter: ((role_id < 2) AND (person_id = 547305))
  Rows Removed by Filter: 36244315
Planning time: 0.374 ms
Execution time: 12063.173 ms
