Hash Join  (cost=78473.92..935530.39 rows=2751916 width=0) (actual time=1556.458..18675.283 rows=2631754 loops=1)
  Hash Cond: (ci.movie_id = t.id)
  ->  Seq Scan on cast_info ci  (cost=0.00..705507.15 rows=10502974 width=4) (actual time=326.018..11856.769 rows=10332064 loops=1)
        Filter: (person_id < 1015495)
        Rows Removed by Filter: 25912280
  ->  Hash  (cost=67604.59..67604.59 rows=662507 width=4) (actual time=1229.335..1229.335 rows=662065 loops=1)
        Buckets: 131072  Batches: 16  Memory Usage: 2481kB
        ->  Seq Scan on title t  (cost=0.00..67604.59 rows=662507 width=4) (actual time=0.026..1010.376 rows=662065 loops=1)
              Filter: (production_year > 2008)
              Rows Removed by Filter: 1866247
Planning time: 0.743 ms
Execution time: 18963.479 ms
