Hash Join  (cost=124079.37..830972.09 rows=7239 width=0) (actual time=12716.774..13955.645 rows=18476 loops=1)
  Hash Cond: (ci.movie_id = t.id)
  ->  Seq Scan on cast_info ci  (cost=0.00..705507.15 rows=350181 width=4) (actual time=10453.642..11616.175 rows=316118 loops=1)
        Filter: (role_id > 10)
        Rows Removed by Filter: 35928226
  ->  Hash  (cost=123426.00..123426.00 rows=52270 width=8) (actual time=2262.588..2262.588 rows=41638 loops=1)
        Buckets: 65536  Batches: 1  Memory Usage: 2139kB
        ->  Hash Join  (cost=68237.77..123426.00 rows=52270 width=8) (actual time=974.184..2246.520 rows=41638 loops=1)
              Hash Cond: (mc.movie_id = t.id)
              ->  Seq Scan on movie_companies mc  (cost=0.00..44881.29 rows=2609129 width=4) (actual time=0.021..562.751 rows=2609129 loops=1)
              ->  Hash  (cost=67604.59..67604.59 rows=50655 width=4) (actual time=973.665..973.665 rows=50564 loops=1)
                    Buckets: 65536  Batches: 1  Memory Usage: 2290kB
                    ->  Seq Scan on title t  (cost=0.00..67604.59 rows=50655 width=4) (actual time=0.030..952.810 rows=50564 loops=1)
                          Filter: (production_year = 1999)
                          Rows Removed by Filter: 2477748
Planning time: 2.921 ms
Execution time: 13958.550 ms
