Seq Scan on movie_companies mc  (cost=0.00..51404.11 rows=104 width=0) (actual time=1.199..772.055 rows=1063 loops=1)
  Filter: (company_id = 652)
  Rows Removed by Filter: 2608066
Planning time: 0.331 ms
Execution time: 772.435 ms
