Hash Join  (cost=120244.33..1170920.84 rows=1642533 width=0) (actual time=3080.518..34969.447 rows=6171528 loops=1)
  Hash Cond: (ci.movie_id = t.id)
  ->  Seq Scan on cast_info ci  (cost=0.00..614943.12 rows=36225612 width=4) (actual time=0.019..11531.705 rows=36244344 loops=1)
  ->  Hash  (cost=118363.23..118363.23 rows=114648 width=8) (actual time=3079.692..3079.692 rows=204892 loops=1)
        Buckets: 131072 (originally 131072)  Batches: 4 (originally 2)  Memory Usage: 3073kB
        ->  Hash Join  (cost=84243.64..118363.23 rows=114648 width=8) (actual time=2166.494..3007.228 rows=204892 loops=1)
              Hash Cond: (mi_idx.movie_id = t.id)
              ->  Seq Scan on movie_info_idx mi_idx  (cost=0.00..25185.44 rows=460978 width=4) (actual time=0.020..437.665 rows=459925 loops=1)
                    Filter: (info_type_id < 100)
                    Rows Removed by Filter: 920110
              ->  Hash  (cost=73925.90..73925.90 rows=628859 width=4) (actual time=2165.504..2165.504 rows=578447 loops=1)
                    Buckets: 131072  Batches: 16  Memory Usage: 2292kB
                    ->  Seq Scan on title t  (cost=0.00..73925.90 rows=628859 width=4) (actual time=223.100..1311.712 rows=578447 loops=1)
                          Filter: ((production_year > 1917) AND (kind_id = 1))
                          Rows Removed by Filter: 1949865
Planning time: 6.037 ms
Execution time: 35673.772 ms
