Hash Join  (cost=79111.30..1159426.63 rows=4527716 width=0) (actual time=1280.625..30410.573 rows=5817504 loops=1)
  Hash Cond: (ci.movie_id = t.id)
  ->  Seq Scan on cast_info ci  (cost=0.00..614943.12 rows=36225612 width=4) (actual time=0.012..11626.333 rows=36244344 loops=1)
  ->  Hash  (cost=73925.90..73925.90 rows=316032 width=4) (actual time=1279.672..1279.672 rows=400740 loops=1)
        Buckets: 131072  Batches: 8  Memory Usage: 2793kB
        ->  Seq Scan on title t  (cost=0.00..73925.90 rows=316032 width=4) (actual time=31.614..1154.978 rows=400740 loops=1)
              Filter: ((production_year < 2003) AND (kind_id = 1))
              Rows Removed by Filter: 2127572
Planning time: 0.578 ms
Execution time: 31000.257 ms
