Hash Join  (cost=461521.94..542255.41 rows=412294 width=0) (actual time=7378.813..9338.203 rows=371222 loops=1)
  Hash Cond: (mc.movie_id = t.id)
  ->  Seq Scan on movie_companies mc  (cost=0.00..44881.29 rows=2609129 width=4) (actual time=0.016..829.287 rows=2609129 loops=1)
  ->  Hash  (cost=454966.48..454966.48 rows=399557 width=8) (actual time=7377.904..7377.904 rows=246803 loops=1)
        Buckets: 131072  Batches: 8  Memory Usage: 2228kB
        ->  Hash Join  (cost=86221.37..454966.48 rows=399557 width=8) (actual time=1421.699..7296.035 rows=246803 loops=1)
              Hash Cond: (mi.movie_id = t.id)
              ->  Seq Scan on movie_info mi  (cost=0.00..346232.03 rows=1348138 width=4) (actual time=0.024..5072.720 rows=1298989 loops=1)
                    Filter: (info_type_id = 4)
                    Rows Removed by Filter: 13536731
              ->  Hash  (cost=73925.90..73925.90 rows=749397 width=4) (actual time=1420.864..1420.864 rows=638661 loops=1)
                    Buckets: 131072  Batches: 16  Memory Usage: 2433kB
                    ->  Seq Scan on title t  (cost=0.00..73925.90 rows=749397 width=4) (actual time=0.028..1200.774 rows=638661 loops=1)
                          Filter: ((kind_id > 3) AND (production_year < 2002))
                          Rows Removed by Filter: 1889651
Planning time: 1.140 ms
Execution time: 9375.789 ms
