Hash Join  (cost=58358.90..809155.38 rows=731 width=0) (actual time=3754.950..13603.934 rows=3 loops=1)
  Hash Cond: (ci.movie_id = t.id)
  ->  Seq Scan on cast_info ci  (cost=0.00..614943.12 rows=36225612 width=4) (actual time=0.010..6551.004 rows=36244344 loops=1)
  ->  Hash  (cost=58358.27..58358.27 rows=51 width=8) (actual time=875.501..875.501 rows=1 loops=1)
        Buckets: 1024  Batches: 1  Memory Usage: 9kB
        ->  Nested Loop  (cost=0.43..58358.27 rows=51 width=8) (actual time=112.113..875.495 rows=1 loops=1)
              ->  Seq Scan on movie_companies mc  (cost=0.00..57926.93 rows=51 width=4) (actual time=112.021..875.402 rows=1 loops=1)
                    Filter: ((company_type_id < 2) AND (company_id = 676))
                    Rows Removed by Filter: 2609128
              ->  Index Only Scan using title_pkey on title t  (cost=0.43..8.45 rows=1 width=4) (actual time=0.074..0.075 rows=1 loops=1)
                    Index Cond: (id = mc.movie_id)
                    Heap Fetches: 1
Planning time: 1.169 ms
Execution time: 13604.068 ms
