Seq Scan on cast_info ci  (cost=0.00..705507.15 rows=7170420 width=0) (actual time=0.022..10020.463 rows=7117680 loops=1)
  Filter: (person_id < 687613)
  Rows Removed by Filter: 29126664
Planning time: 0.310 ms
Execution time: 10933.681 ms
