Hash Join  (cost=128478.61..985378.09 rows=1661761 width=0) (actual time=2601.732..20381.740 rows=2555117 loops=1)
  Hash Cond: (ci.movie_id = t.id)
  ->  Seq Scan on cast_info ci  (cost=0.00..705507.15 rows=11532994 width=4) (actual time=0.116..11384.452 rows=11552989 loops=1)
        Filter: (person_id > 2541019)
        Rows Removed by Filter: 24691355
  ->  Hash  (cost=122500.50..122500.50 rows=364329 width=8) (actual time=2600.647..2600.647 rows=435281 loops=1)
        Buckets: 131072  Batches: 8  Memory Usage: 3158kB
        ->  Hash Join  (cost=78556.72..122500.50 rows=364329 width=8) (actual time=1317.449..2498.589 rows=435281 loops=1)
              Hash Cond: (mi_idx.movie_id = t.id)
              ->  Seq Scan on movie_info_idx mi_idx  (cost=0.00..21735.35 rows=1380035 width=4) (actual time=0.024..417.164 rows=1380035 loops=1)
              ->  Hash  (cost=67604.59..67604.59 rows=667531 width=4) (actual time=1315.924..1315.924 rows=662834 loops=1)
                    Buckets: 131072  Batches: 16  Memory Usage: 2478kB
                    ->  Seq Scan on title t  (cost=0.00..67604.59 rows=667531 width=4) (actual time=0.012..1104.312 rows=662834 loops=1)
                          Filter: (production_year < 1989)
                          Rows Removed by Filter: 1865478
Planning time: 1.153 ms
Execution time: 20688.999 ms
