Hash Join  (cost=142236.73..651973.15 rows=2805049 width=0) (actual time=2974.343..16511.987 rows=2421126 loops=1)
  Hash Cond: (mi.movie_id = t.id)
  ->  Seq Scan on movie_info mi  (cost=0.00..309384.22 rows=14739122 width=4) (actual time=0.016..6393.900 rows=14835720 loops=1)
  ->  Hash  (cost=134341.58..134341.58 rows=481212 width=8) (actual time=2973.453..2973.453 rows=269931 loops=1)
        Buckets: 131072  Batches: 8  Memory Usage: 2353kB
        ->  Hash Join  (cost=88391.98..134341.58 rows=481212 width=8) (actual time=2042.553..2888.325 rows=269931 loops=1)
              Hash Cond: (mi_idx.movie_id = t.id)
              ->  Seq Scan on movie_info_idx mi_idx  (cost=0.00..21735.35 rows=1380035 width=4) (actual time=0.010..424.794 rows=1380035 loops=1)
              ->  Hash  (cost=73925.90..73925.90 rows=881686 width=4) (actual time=1642.684..1642.684 rows=801513 loops=1)
                    Buckets: 131072  Batches: 16  Memory Usage: 2786kB
                    ->  Seq Scan on title t  (cost=0.00..73925.90 rows=881686 width=4) (actual time=0.012..1390.657 rows=801513 loops=1)
                          Filter: ((production_year < 2006) AND (kind_id = 7))
                          Rows Removed by Filter: 1726799
Planning time: 0.997 ms
Execution time: 16815.294 ms
