Hash Join  (cost=817008.44..946457.02 rows=611154 width=0) (actual time=15120.769..18842.575 rows=3225869 loops=1)
  Hash Cond: (mk.movie_id = t.id)
  ->  Seq Scan on movie_keyword mk  (cost=0.00..69693.30 rows=4523930 width=4) (actual time=0.018..1269.110 rows=4523930 loops=1)
  ->  Hash  (cost=811403.59..811403.59 rows=341588 width=8) (actual time=15119.878..15119.878 rows=407334 loops=1)
        Buckets: 131072  Batches: 8  Memory Usage: 3034kB
        ->  Hash Join  (cost=86252.72..811403.59 rows=341588 width=8) (actual time=10824.819..14978.296 rows=407334 loops=1)
              Hash Cond: (ci.movie_id = t.id)
              ->  Seq Scan on cast_info ci  (cost=0.00..705507.15 rows=1149559 width=4) (actual time=9379.806..12375.885 rows=1093558 loops=1)
                    Filter: (role_id = 9)
                    Rows Removed by Filter: 35150786
              ->  Hash  (cost=73925.90..73925.90 rows=751345 width=4) (actual time=1443.910..1443.910 rows=793943 loops=1)
                    Buckets: 131072  Batches: 16  Memory Usage: 2771kB
                    ->  Seq Scan on title t  (cost=0.00..73925.90 rows=751345 width=4) (actual time=0.031..1198.874 rows=793943 loops=1)
                          Filter: ((kind_id < 7) AND (production_year < 2010))
                          Rows Removed by Filter: 1734369
Planning time: 1.183 ms
Execution time: 19158.260 ms
