Seq Scan on movie_companies mc  (cost=0.00..57926.93 rows=2896 width=0) (actual time=380.958..771.066 rows=5141 loops=1)
  Filter: ((company_id > 230021) AND (company_type_id = 2))
  Rows Removed by Filter: 2603988
Planning time: 1.264 ms
Execution time: 771.886 ms
