Hash Join  (cost=365418.15..1450357.22 rows=14082862 width=0) (actual time=12123.329..34223.889 rows=33323846 loops=1)
  Hash Cond: (ci.movie_id = t.id)
  ->  Seq Scan on cast_info ci  (cost=0.00..796071.18 rows=7871231 width=4) (actual time=3668.461..14367.931 rows=4252382 loops=1)
        Filter: ((person_id < 3032546) AND (role_id > 4))
        Rows Removed by Filter: 31991962
  ->  Hash  (cost=291197.02..291197.02 rows=4523930 width=8) (actual time=8453.342..8453.342 rows=4523930 loops=1)
        Buckets: 131072  Batches: 64  Memory Usage: 3816kB
        ->  Hash Join  (cost=102767.86..291197.02 rows=4523930 width=8) (actual time=1805.883..7030.235 rows=4523930 loops=1)
              Hash Cond: (mk.movie_id = t.id)
              ->  Seq Scan on movie_keyword mk  (cost=0.00..69693.30 rows=4523930 width=4) (actual time=0.033..1349.324 rows=4523930 loops=1)
              ->  Hash  (cost=61283.27..61283.27 rows=2528527 width=4) (actual time=1802.545..1802.545 rows=2528312 loops=1)
                    Buckets: 131072  Batches: 64  Memory Usage: 2425kB
                    ->  Seq Scan on title t  (cost=0.00..61283.27 rows=2528527 width=4) (actual time=0.028..913.772 rows=2528312 loops=1)
Planning time: 1.211 ms
Execution time: 38265.406 ms
