Hash Join  (cost=129162.90..520585.30 rows=258253 width=0) (actual time=4505.195..9108.449 rows=78469 loops=1)
  Hash Cond: (mi.movie_id = t.id)
  ->  Seq Scan on movie_info mi  (cost=0.00..346232.03 rows=3623957 width=4) (actual time=1979.507..5148.007 rows=3624977 loops=1)
        Filter: (info_type_id < 4)
        Rows Removed by Filter: 11210743
  ->  Hash  (cost=126206.53..126206.53 rows=180190 width=8) (actual time=2524.844..2524.844 rows=92082 loops=1)
        Buckets: 131072  Batches: 4  Memory Usage: 1923kB
        ->  Hash Join  (cost=90016.07..126206.53 rows=180190 width=8) (actual time=1573.092..2495.524 rows=92082 loops=1)
              Hash Cond: (mi_idx.movie_id = t.id)
              ->  Seq Scan on movie_info_idx mi_idx  (cost=0.00..25185.44 rows=464566 width=4) (actual time=0.031..487.840 rows=459925 loops=1)
                    Filter: (info_type_id = 101)
                    Rows Removed by Filter: 920110
              ->  Hash  (cost=73925.90..73925.90 rows=980733 width=4) (actual time=1572.334..1572.334 rows=1074493 loops=1)
                    Buckets: 131072  Batches: 16  Memory Usage: 3394kB
                    ->  Seq Scan on title t  (cost=0.00..73925.90 rows=980733 width=4) (actual time=258.294..1242.730 rows=1074493 loops=1)
                          Filter: ((production_year > 1995) AND (kind_id = 7))
                          Rows Removed by Filter: 1453819
Planning time: 1.195 ms
Execution time: 9118.761 ms
