Seq Scan on movie_keyword mk  (cost=0.00..81003.12 rows=1699215 width=0) (actual time=0.021..1390.587 rows=1706925 loops=1)
  Filter: (keyword_id < 2689)
  Rows Removed by Filter: 2817005
Planning time: 0.361 ms
Execution time: 1611.761 ms
