Nested Loop  (cost=0.43..69066.41 rows=76 width=0) (actual time=364.135..708.800 rows=9 loops=1)
  ->  Seq Scan on movie_companies mc  (cost=0.00..57926.93 rows=1374 width=4) (actual time=361.256..677.848 rows=1433 loops=1)
        Filter: ((company_id = 181) AND (company_type_id = 2))
        Rows Removed by Filter: 2607696
  ->  Index Scan using title_pkey on title t  (cost=0.43..8.10 rows=1 width=4) (actual time=0.021..0.021 rows=0 loops=1433)
        Index Cond: (id = mc.movie_id)
        Filter: ((kind_id < 7) AND (production_year < 1969))
        Rows Removed by Filter: 1
Planning time: 0.733 ms
Execution time: 708.905 ms
