Seq Scan on movie_companies mc  (cost=0.00..51404.11 rows=420975 width=0) (actual time=333.582..834.162 rows=425540 loops=1)
  Filter: (company_id > 79657)
  Rows Removed by Filter: 2183589
Planning time: 0.274 ms
Execution time: 887.182 ms
