Seq Scan on movie_keyword mk  (cost=0.00..81003.12 rows=605087 width=0) (actual time=0.025..1072.992 rows=609341 loops=1)
  Filter: (keyword_id > 30291)
  Rows Removed by Filter: 3914589
Planning time: 0.356 ms
Execution time: 1144.783 ms
