Seq Scan on movie_keyword mk  (cost=0.00..81003.12 rows=2902601 width=0) (actual time=0.027..1325.495 rows=2892921 loops=1)
  Filter: (keyword_id < 9119)
  Rows Removed by Filter: 1631009
Planning time: 0.296 ms
Execution time: 1685.579 ms
