Hash Join  (cost=263115.61..436096.95 rows=3461324 width=0) (actual time=6355.965..16425.504 rows=25893913 loops=1)
  Hash Cond: (mk.movie_id = t.id)
  ->  Seq Scan on movie_keyword mk  (cost=0.00..81003.12 rows=3354396 width=4) (actual time=0.032..1794.040 rows=3340390 loops=1)
        Filter: (keyword_id < 15724)
        Rows Removed by Filter: 1183540
  ->  Hash  (cost=220309.49..220309.49 rows=2609129 width=8) (actual time=6354.715..6354.715 rows=2609129 loops=1)
        Buckets: 131072  Batches: 64  Memory Usage: 2691kB
        ->  Hash Join  (cost=102767.86..220309.49 rows=2609129 width=8) (actual time=1928.903..5536.998 rows=2609129 loops=1)
              Hash Cond: (mc.movie_id = t.id)
              ->  Seq Scan on movie_companies mc  (cost=0.00..44881.29 rows=2609129 width=4) (actual time=0.030..894.871 rows=2609129 loops=1)
              ->  Hash  (cost=61283.27..61283.27 rows=2528527 width=4) (actual time=1928.048..1928.048 rows=2528312 loops=1)
                    Buckets: 131072  Batches: 64  Memory Usage: 2415kB
                    ->  Seq Scan on title t  (cost=0.00..61283.27 rows=2528527 width=4) (actual time=0.018..1064.673 rows=2528312 loops=1)
Planning time: 1.099 ms
Execution time: 19340.622 ms
