Hash Join  (cost=82811.28..216203.89 rows=785689 width=0) (actual time=1278.333..5166.110 rows=293633 loops=1)
  Hash Cond: (mk.movie_id = t.id)
  ->  Seq Scan on movie_keyword mk  (cost=0.00..81003.12 rows=3668425 width=4) (actual time=0.025..1554.819 rows=3664087 loops=1)
        Filter: (keyword_id > 817)
        Rows Removed by Filter: 859843
  ->  Hash  (cost=73925.90..73925.90 rows=541550 width=4) (actual time=1277.424..1277.424 rows=404953 loops=1)
        Buckets: 131072  Batches: 8  Memory Usage: 2802kB
        ->  Seq Scan on title t  (cost=0.00..73925.90 rows=541550 width=4) (actual time=0.013..1141.473 rows=404953 loops=1)
              Filter: ((kind_id > 1) AND (production_year < 1992))
              Rows Removed by Filter: 2123359
Planning time: 0.774 ms
Execution time: 5203.823 ms
