Hash Join  (cost=80246.23..1094775.74 rows=3580203 width=0) (actual time=1693.314..25902.957 rows=1512781 loops=1)
  Hash Cond: (ci.movie_id = t.id)
  ->  Seq Scan on cast_info ci  (cost=0.00..705507.15 rows=23499554 width=4) (actual time=468.113..13372.492 rows=23573656 loops=1)
        Filter: (role_id > 1)
        Rows Removed by Filter: 12670688
  ->  Hash  (cost=73925.90..73925.90 rows=385226 width=4) (actual time=1224.356..1224.356 rows=249532 loops=1)
        Buckets: 131072  Batches: 8  Memory Usage: 2113kB
        ->  Seq Scan on title t  (cost=0.00..73925.90 rows=385226 width=4) (actual time=0.033..1138.306 rows=249532 loops=1)
              Filter: ((kind_id > 1) AND (production_year < 1981))
              Rows Removed by Filter: 2278780
Planning time: 0.742 ms
Execution time: 26081.241 ms
