Hash Join  (cost=82132.46..531922.85 rows=1484392 width=0) (actual time=1275.787..12337.335 rows=3182521 loops=1)
  Hash Cond: (mi.movie_id = t.id)
  ->  Seq Scan on movie_info mi  (cost=0.00..346232.03 rows=7503588 width=4) (actual time=0.011..5505.591 rows=7548855 loops=1)
        Filter: (info_type_id > 7)
        Rows Removed by Filter: 7286865
  ->  Hash  (cost=73925.90..73925.90 rows=500204 width=4) (actual time=1274.898..1274.898 rows=538804 loops=1)
        Buckets: 131072  Batches: 8  Memory Usage: 3413kB
        ->  Seq Scan on title t  (cost=0.00..73925.90 rows=500204 width=4) (actual time=0.012..1091.802 rows=538804 loops=1)
              Filter: ((kind_id < 3) AND (production_year < 2008))
              Rows Removed by Filter: 1989508
Planning time: 0.769 ms
Execution time: 12678.689 ms
