Hash Join  (cost=83073.13..109983.71 rows=10 width=0) (actual time=1283.655..1813.462 rows=398 loops=1)
  Hash Cond: (mi_idx.movie_id = t.id)
  ->  Seq Scan on movie_info_idx mi_idx  (cost=0.00..21735.35 rows=1380035 width=4) (actual time=0.016..324.362 rows=1380035 loops=1)
  ->  Hash  (cost=83072.90..83072.90 rows=18 width=8) (actual time=1243.772..1243.772 rows=164 loops=1)
        Buckets: 1024  Batches: 1  Memory Usage: 15kB
        ->  Nested Loop  (cost=0.43..83072.90 rows=18 width=8) (actual time=6.057..1243.571 rows=164 loops=1)
              ->  Seq Scan on movie_keyword mk  (cost=0.00..81003.12 rows=246 width=4) (actual time=5.897..1217.383 rows=534 loops=1)
                    Filter: (keyword_id = 151)
                    Rows Removed by Filter: 4523396
              ->  Index Scan using title_pkey on title t  (cost=0.43..8.40 rows=1 width=4) (actual time=0.047..0.047 rows=0 loops=534)
                    Index Cond: (id = mk.movie_id)
                    Filter: ((kind_id < 7) AND (production_year < 1978))
                    Rows Removed by Filter: 1
Planning time: 1.143 ms
Execution time: 1813.683 ms
