Hash Join  (cost=100464.49..189583.29 rows=14709 width=0) (actual time=1576.616..3283.011 rows=57521 loops=1)
  Hash Cond: (mk.movie_id = t.id)
  ->  Seq Scan on movie_keyword mk  (cost=0.00..81003.12 rows=2124957 width=4) (actual time=0.011..1340.572 rows=2123744 loops=1)
        Filter: (keyword_id > 5589)
        Rows Removed by Filter: 2400186
  ->  Hash  (cost=100245.71..100245.71 rows=17502 width=8) (actual time=1576.374..1576.374 rows=19289 loops=1)
        Buckets: 32768  Batches: 1  Memory Usage: 1010kB
        ->  Hash Join  (cost=69179.59..100245.71 rows=17502 width=8) (actual time=1035.213..1568.352 rows=19289 loops=1)
              Hash Cond: (mi_idx.movie_id = t.id)
              ->  Seq Scan on movie_info_idx mi_idx  (cost=0.00..25185.44 rows=460978 width=4) (actual time=0.020..344.672 rows=459925 loops=1)
                    Filter: (info_type_id < 100)
                    Rows Removed by Filter: 920110
              ->  Hash  (cost=67604.59..67604.59 rows=96000 width=4) (actual time=1034.429..1034.429 rows=95005 loops=1)
                    Buckets: 131072  Batches: 2  Memory Usage: 2716kB
                    ->  Seq Scan on title t  (cost=0.00..67604.59 rows=96000 width=4) (actual time=0.027..999.026 rows=95005 loops=1)
                          Filter: (production_year = 2005)
                          Rows Removed by Filter: 2433307
Planning time: 1.148 ms
Execution time: 3290.956 ms
