Hash Join  (cost=95809.99..154305.10 rows=20706 width=0) (actual time=1641.735..2906.866 rows=66533 loops=1)
  Hash Cond: (mc.movie_id = t.id)
  ->  Seq Scan on movie_companies mc  (cost=0.00..51404.11 rows=1835715 width=4) (actual time=0.011..868.798 rows=1831004 loops=1)
        Filter: (company_id < 32828)
        Rows Removed by Filter: 778125
  ->  Hash  (cost=95453.48..95453.48 rows=28521 width=8) (actual time=1641.377..1641.377 rows=34547 loops=1)
        Buckets: 65536 (originally 32768)  Batches: 1 (originally 1)  Memory Usage: 1862kB
        ->  Hash Join  (cost=68257.79..95453.48 rows=28521 width=8) (actual time=1014.383..1628.500 rows=34547 loops=1)
              Hash Cond: (mi_idx.movie_id = t.id)
              ->  Seq Scan on movie_info_idx mi_idx  (cost=0.00..21735.35 rows=1380035 width=4) (actual time=0.014..283.335 rows=1380035 loops=1)
              ->  Hash  (cost=67604.59..67604.59 rows=52256 width=4) (actual time=1014.078..1014.078 rows=53013 loops=1)
                    Buckets: 65536  Batches: 1  Memory Usage: 2376kB
                    ->  Seq Scan on title t  (cost=0.00..67604.59 rows=52256 width=4) (actual time=0.012..992.031 rows=53013 loops=1)
                          Filter: (production_year = 2000)
                          Rows Removed by Filter: 2475299
Planning time: 0.742 ms
Execution time: 2916.294 ms
