Seq Scan on cast_info ci  (cost=0.00..796071.18 rows=332 width=0) (actual time=10309.482..13228.411 rows=11 loops=1)
  Filter: ((role_id < 4) AND (person_id = 849337))
  Rows Removed by Filter: 36244333
Planning time: 0.364 ms
Execution time: 13228.531 ms
