Seq Scan on movie_companies mc  (cost=0.00..57926.93 rows=946090 width=0) (actual time=0.026..1018.125 rows=1244303 loops=1)
  Filter: ((company_id < 47789) AND (company_type_id < 2))
  Rows Removed by Filter: 1364826
Planning time: 0.320 ms
Execution time: 1169.360 ms
