Hash Join  (cost=440691.39..597404.92 rows=528293 width=0) (actual time=10228.590..14630.511 rows=6467033 loops=1)
  Hash Cond: (mk.movie_id = t.id)
  ->  Seq Scan on movie_keyword mk  (cost=0.00..69693.30 rows=4523930 width=4) (actual time=0.013..1410.550 rows=4523930 loops=1)
  ->  Hash  (cost=435846.45..435846.45 rows=295275 width=8) (actual time=10227.799..10227.799 rows=277213 loops=1)
        Buckets: 131072  Batches: 4  Memory Usage: 3719kB
        ->  Hash Join  (cost=68237.77..435846.45 rows=295275 width=8) (actual time=1038.390..9812.603 rows=277213 loops=1)
              Hash Cond: (mi.movie_id = t.id)
              ->  Seq Scan on movie_info mi  (cost=0.00..309384.22 rows=14739122 width=4) (actual time=0.022..4418.543 rows=14835720 loops=1)
              ->  Hash  (cost=67604.59..67604.59 rows=50655 width=4) (actual time=1037.953..1037.953 rows=50564 loops=1)
                    Buckets: 65536  Batches: 1  Memory Usage: 2290kB
                    ->  Seq Scan on title t  (cost=0.00..67604.59 rows=50655 width=4) (actual time=0.035..1017.195 rows=50564 loops=1)
                          Filter: (production_year = 1999)
                          Rows Removed by Filter: 2477748
Planning time: 1.250 ms
Execution time: 15357.960 ms
