Hash Join  (cost=204663.64..1123358.55 rows=4694895 width=0) (actual time=4287.949..25082.438 rows=4752840 loops=1)
  Hash Cond: (ci.movie_id = t.id)
  ->  Seq Scan on cast_info ci  (cost=0.00..705507.15 rows=14092749 width=4) (actual time=0.343..12258.287 rows=14053990 loops=1)
        Filter: (person_id < 1384852)
        Rows Removed by Filter: 22190354
  ->  Hash  (cost=190843.14..190843.14 rows=842360 width=8) (actual time=4159.240..4159.240 rows=530391 loops=1)
        Buckets: 131072  Batches: 16  Memory Usage: 2308kB
        ->  Hash Join  (cost=102767.86..190843.14 rows=842360 width=8) (actual time=2438.039..4005.014 rows=530391 loops=1)
              Hash Cond: (mc.movie_id = t.id)
              ->  Seq Scan on movie_companies mc  (cost=0.00..57926.93 rows=842360 width=4) (actual time=258.319..981.128 rows=530391 loops=1)
                    Filter: ((company_id < 17909) AND (company_type_id = 2))
                    Rows Removed by Filter: 2078738
              ->  Hash  (cost=61283.27..61283.27 rows=2528527 width=4) (actual time=2178.432..2178.432 rows=2528312 loops=1)
                    Buckets: 131072  Batches: 64  Memory Usage: 2415kB
                    ->  Seq Scan on title t  (cost=0.00..61283.27 rows=2528527 width=4) (actual time=0.025..938.996 rows=2528312 loops=1)
Planning time: 0.847 ms
Execution time: 25652.845 ms
