Seq Scan on movie_companies mc  (cost=0.00..57926.93 rows=51 width=0) (actual time=23.592..840.656 rows=56 loops=1)
  Filter: ((company_type_id < 2) AND (company_id = 1750))
  Rows Removed by Filter: 2609073
Planning time: 0.402 ms
Execution time: 840.787 ms
