Hash Join  (cost=178437.68..1050372.99 rows=1789244 width=0) (actual time=6332.057..23071.182 rows=3160970 loops=1)
  Hash Cond: (ci.movie_id = t.id)
  ->  Seq Scan on cast_info ci  (cost=0.00..705507.15 rows=12726058 width=4) (actual time=2917.086..13029.128 rows=12670688 loops=1)
        Filter: (role_id < 2)
        Rows Removed by Filter: 23573656
  ->  Hash  (cost=172604.89..172604.89 rows=355503 width=8) (actual time=3414.013..3414.013 rows=359542 loops=1)
        Buckets: 131072  Batches: 8  Memory Usage: 2793kB
        ->  Hash Join  (cost=102767.86..172604.89 rows=355503 width=8) (actual time=1790.825..3313.631 rows=359542 loops=1)
              Hash Cond: (mc.movie_id = t.id)
              ->  Seq Scan on movie_companies mc  (cost=0.00..51404.11 rows=355503 width=4) (actual time=0.026..873.238 rows=359542 loops=1)
                    Filter: (company_id > 87023)
                    Rows Removed by Filter: 2249587
              ->  Hash  (cost=61283.27..61283.27 rows=2528527 width=4) (actual time=1789.106..1789.106 rows=2528312 loops=1)
                    Buckets: 131072  Batches: 64  Memory Usage: 2415kB
                    ->  Seq Scan on title t  (cost=0.00..61283.27 rows=2528527 width=4) (actual time=0.031..935.551 rows=2528312 loops=1)
Planning time: 1.154 ms
Execution time: 23434.034 ms
