Hash Join  (cost=234427.15..1305002.41 rows=13306999 width=0) (actual time=4973.723..30574.838 rows=14801698 loops=1)
  Hash Cond: (ci.movie_id = t.id)
  ->  Seq Scan on cast_info ci  (cost=0.00..705507.15 rows=17521624 width=4) (actual time=0.020..12443.736 rows=17397769 loops=1)
        Filter: (person_id < 1719893)
        Rows Removed by Filter: 18846575
  ->  Hash  (cost=202921.16..202921.16 rows=1920319 width=8) (actual time=4972.853..4972.853 rows=1301439 loops=1)
        Buckets: 131072  Batches: 32  Memory Usage: 2584kB
        ->  Hash Join  (cost=98137.04..202921.16 rows=1920319 width=8) (actual time=1689.774..4583.049 rows=1301439 loops=1)
              Hash Cond: (mc.movie_id = t.id)
              ->  Seq Scan on movie_companies mc  (cost=0.00..44881.29 rows=2609129 width=4) (actual time=0.024..817.468 rows=2609129 loops=1)
              ->  Hash  (cost=67604.59..67604.59 rows=1860996 width=4) (actual time=1688.204..1688.204 rows=1865487 loops=1)
                    Buckets: 131072  Batches: 32  Memory Usage: 3079kB
                    ->  Seq Scan on title t  (cost=0.00..67604.59 rows=1860996 width=4) (actual time=0.040..1128.248 rows=1865487 loops=1)
                          Filter: (kind_id > 1)
                          Rows Removed by Filter: 662825
Planning time: 1.235 ms
Execution time: 32369.579 ms
