Seq Scan on movie_companies mc  (cost=0.00..57926.93 rows=695569 width=0) (actual time=341.438..687.632 rows=956868 loops=1)
  Filter: ((company_id < 12323) AND (company_type_id = 1))
  Rows Removed by Filter: 1652261
Planning time: 0.481 ms
Execution time: 766.119 ms
