Hash Join  (cost=83074.74..833899.15 rows=3524 width=0) (actual time=1253.442..16715.071 rows=59421 loops=1)
  Hash Cond: (ci.movie_id = t.id)
  ->  Seq Scan on cast_info ci  (cost=0.00..614943.12 rows=36225612 width=4) (actual time=0.028..8002.296 rows=36244344 loops=1)
  ->  Hash  (cost=83071.67..83071.67 rows=246 width=8) (actual time=1252.584..1252.584 rows=946 loops=1)
        Buckets: 1024  Batches: 1  Memory Usage: 45kB
        ->  Nested Loop  (cost=0.43..83071.67 rows=246 width=8) (actual time=0.911..1251.833 rows=946 loops=1)
              ->  Seq Scan on movie_keyword mk  (cost=0.00..81003.12 rows=246 width=4) (actual time=0.829..1222.009 rows=946 loops=1)
                    Filter: (keyword_id = 413)
                    Rows Removed by Filter: 4522984
              ->  Index Only Scan using title_pkey on title t  (cost=0.43..8.40 rows=1 width=4) (actual time=0.030..0.030 rows=1 loops=946)
                    Index Cond: (id = mk.movie_id)
                    Heap Fetches: 946
Planning time: 1.140 ms
Execution time: 16728.330 ms
