Seq Scan on cast_info ci  (cost=0.00..796071.18 rows=3779056 width=0) (actual time=0.026..11187.641 rows=1724471 loops=1)
  Filter: ((person_id > 3259219) AND (role_id < 10))
  Rows Removed by Filter: 34519873
Planning time: 0.323 ms
Execution time: 11408.534 ms
