Hash Join  (cost=78556.72..151582.84 rows=232154 width=0) (actual time=1664.613..2993.790 rows=597096 loops=1)
  Hash Cond: (mc.movie_id = t.id)
  ->  Seq Scan on movie_companies mc  (cost=0.00..57926.93 rows=879371 width=4) (actual time=106.248..1020.172 rows=1077989 loops=1)
        Filter: ((company_id > 2609) AND (company_type_id > 1))
        Rows Removed by Filter: 1531140
  ->  Hash  (cost=67604.59..67604.59 rows=667531 width=4) (actual time=1226.298..1226.298 rows=662825 loops=1)
        Buckets: 131072  Batches: 16  Memory Usage: 2476kB
        ->  Seq Scan on title t  (cost=0.00..67604.59 rows=667531 width=4) (actual time=0.033..1021.936 rows=662825 loops=1)
              Filter: (kind_id = 1)
              Rows Removed by Filter: 1865487
Planning time: 0.767 ms
Execution time: 3056.513 ms
