Hash Join  (cost=190230.21..1317231.81 rows=13343003 width=0) (actual time=4719.062..40001.347 rows=27115969 loops=1)
  Hash Cond: (ci.movie_id = t.id)
  ->  Seq Scan on cast_info ci  (cost=0.00..705507.15 rows=24447310 width=4) (actual time=0.017..13793.767 rows=24559036 loops=1)
        Filter: (person_id > 1147940)
        Rows Removed by Filter: 11685308
  ->  Hash  (cost=167588.78..167588.78 rows=1380035 width=8) (actual time=4718.157..4718.157 rows=1380035 loops=1)
        Buckets: 131072  Batches: 32  Memory Usage: 2708kB
        ->  Hash Join  (cost=102767.86..167588.78 rows=1380035 width=8) (actual time=2345.639..4307.930 rows=1380035 loops=1)
              Hash Cond: (mi_idx.movie_id = t.id)
              ->  Seq Scan on movie_info_idx mi_idx  (cost=0.00..21735.35 rows=1380035 width=4) (actual time=0.012..444.916 rows=1380035 loops=1)
              ->  Hash  (cost=61283.27..61283.27 rows=2528527 width=4) (actual time=2343.804..2343.804 rows=2528312 loops=1)
                    Buckets: 131072  Batches: 64  Memory Usage: 2415kB
                    ->  Seq Scan on title t  (cost=0.00..61283.27 rows=2528527 width=4) (actual time=0.023..933.280 rows=2528312 loops=1)
Planning time: 1.153 ms
Execution time: 43153.038 ms
