Hash Join  (cost=73929.08..100840.95 rows=139 width=0) (actual time=1165.407..1407.927 rows=3 loops=1)
  Hash Cond: (mi_idx.movie_id = t.id)
  ->  Seq Scan on movie_info_idx mi_idx  (cost=0.00..21735.35 rows=1380035 width=4) (actual time=0.015..249.996 rows=1380035 loops=1)
  ->  Hash  (cost=73925.90..73925.90 rows=254 width=4) (actual time=896.468..896.468 rows=3370 loops=1)
        Buckets: 4096 (originally 1024)  Batches: 1 (originally 1)  Memory Usage: 151kB
        ->  Seq Scan on title t  (cost=0.00..73925.90 rows=254 width=4) (actual time=0.466..894.838 rows=3370 loops=1)
              Filter: ((kind_id < 6) AND (production_year > 2013))
              Rows Removed by Filter: 2524942
Planning time: 0.707 ms
Execution time: 1408.023 ms
