Hash Join  (cost=1290379.88..2698626.52 rows=68019578 width=0) (actual time=30622.822..90718.467 rows=155742560 loops=1)
  Hash Cond: (mi.movie_id = t.id)
  ->  Seq Scan on movie_info mi  (cost=0.00..309384.22 rows=14739122 width=4) (actual time=0.012..6170.715 rows=14835720 loops=1)
  ->  Hash  (cost=1098936.63..1098936.63 rows=11668900 width=8) (actual time=30614.232..30614.232 rows=11717020 loops=1)
        Buckets: 131072  Batches: 256  Memory Usage: 2886kB
        ->  Hash Join  (cost=102767.86..1098936.63 rows=11668900 width=8) (actual time=1918.958..26803.782 rows=11717020 loops=1)
              Hash Cond: (ci.movie_id = t.id)
              ->  Seq Scan on cast_info ci  (cost=0.00..705507.15 rows=11668900 width=4) (actual time=0.014..13097.399 rows=11717020 loops=1)
                    Filter: (person_id > 2521001)
                    Rows Removed by Filter: 24527324
              ->  Hash  (cost=61283.27..61283.27 rows=2528527 width=4) (actual time=1917.193..1917.193 rows=2528312 loops=1)
                    Buckets: 131072  Batches: 64  Memory Usage: 2415kB
                    ->  Seq Scan on title t  (cost=0.00..61283.27 rows=2528527 width=4) (actual time=0.016..1061.818 rows=2528312 loops=1)
Planning time: 1.188 ms
Execution time: 109715.203 ms
