Seq Scan on cast_info ci  (cost=0.00..705507.15 rows=26711701 width=0) (actual time=0.013..12116.082 rows=26911485 loops=1)
  Filter: (person_id > 919292)
  Rows Removed by Filter: 9332859
Planning time: 0.275 ms
Execution time: 15493.193 ms
