Hash Join  (cost=100940.27..851866.82 rows=13735 width=0) (actual time=1567.435..15998.797 rows=7 loops=1)
  Hash Cond: (ci.movie_id = t.id)
  ->  Seq Scan on cast_info ci  (cost=0.00..614943.12 rows=36225612 width=4) (actual time=0.009..7756.770 rows=36244344 loops=1)
  ->  Hash  (cost=100928.28..100928.28 rows=959 width=8) (actual time=1363.700..1363.700 rows=1 loops=1)
        Buckets: 1024  Batches: 1  Memory Usage: 9kB
        ->  Hash Join  (cost=73991.13..100928.28 rows=959 width=8) (actual time=1313.026..1363.638 rows=1 loops=1)
              Hash Cond: (mi_idx.movie_id = t.id)
              ->  Seq Scan on movie_info_idx mi_idx  (cost=0.00..25185.44 rows=464566 width=4) (actual time=0.019..418.827 rows=459925 loops=1)
                    Filter: (info_type_id = 101)
                    Rows Removed by Filter: 920110
              ->  Hash  (cost=73925.90..73925.90 rows=5218 width=4) (actual time=879.752..879.752 rows=5 loops=1)
                    Buckets: 8192  Batches: 1  Memory Usage: 65kB
                    ->  Seq Scan on title t  (cost=0.00..73925.90 rows=5218 width=4) (actual time=44.099..879.730 rows=5 loops=1)
                          Filter: ((production_year < 1936) AND (kind_id = 3))
                          Rows Removed by Filter: 2528307
Planning time: 0.909 ms
Execution time: 15998.908 ms
