Hash Join  (cost=97665.33..551484.95 rows=3374602 width=0) (actual time=2858.190..11278.995 rows=1066613 loops=1)
  Hash Cond: (mi.movie_id = t.id)
  ->  Seq Scan on movie_info mi  (cost=0.00..346232.03 rows=5897221 width=4) (actual time=1030.977..5679.281 rows=5884963 loops=1)
        Filter: (info_type_id < 7)
        Rows Removed by Filter: 8950757
  ->  Hash  (cost=73925.90..73925.90 rows=1446914 width=4) (actual time=1826.383..1826.383 rows=1478438 loops=1)
        Buckets: 131072  Batches: 32  Memory Usage: 2656kB
        ->  Seq Scan on title t  (cost=0.00..73925.90 rows=1446914 width=4) (actual time=0.026..1350.358 rows=1478438 loops=1)
              Filter: ((production_year > 1919) AND (kind_id = 7))
              Rows Removed by Filter: 1049874
Planning time: 2.898 ms
Execution time: 11414.247 ms
