Hash Join  (cost=102767.86..1322206.60 rows=17183973 width=0) (actual time=1806.092..29488.818 rows=13866052 loops=1)
  Hash Cond: (ci.movie_id = t.id)
  ->  Seq Scan on cast_info ci  (cost=0.00..796071.18 rows=17183973 width=4) (actual time=0.021..15469.016 rows=13866052 loops=1)
        Filter: ((person_id < 2738534) AND (role_id > 1))
        Rows Removed by Filter: 22378292
  ->  Hash  (cost=61283.27..61283.27 rows=2528527 width=4) (actual time=1805.002..1805.002 rows=2528312 loops=1)
        Buckets: 131072  Batches: 64  Memory Usage: 2415kB
        ->  Seq Scan on title t  (cost=0.00..61283.27 rows=2528527 width=4) (actual time=0.012..964.851 rows=2528312 loops=1)
Planning time: 0.740 ms
Execution time: 31117.044 ms
