Seq Scan on movie_companies mc  (cost=0.00..57926.93 rows=939901 width=0) (actual time=0.015..1044.525 rows=1240826 loops=1)
  Filter: ((company_id < 45811) AND (company_type_id = 1))
  Rows Removed by Filter: 1368303
Planning time: 0.423 ms
Execution time: 1198.906 ms
