Seq Scan on movie_keyword mk  (cost=0.00..81003.12 rows=1641006 width=0) (actual time=0.023..1355.087 rows=1650649 loops=1)
  Filter: (keyword_id < 2517)
  Rows Removed by Filter: 2873281
Planning time: 0.327 ms
Execution time: 1565.050 ms
