Hash Join  (cost=67697.55..789952.15 rows=13033 width=0) (actual time=1937.350..10435.180 rows=18648 loops=1)
  Hash Cond: (ci.movie_id = t.id)
  ->  Seq Scan on cast_info ci  (cost=0.00..705507.15 rows=4431231 width=4) (actual time=1044.076..8610.347 rows=4472647 loops=1)
        Filter: (person_id > 3245168)
        Rows Removed by Filter: 31771697
  ->  Hash  (cost=67604.59..67604.59 rows=7437 width=4) (actual time=892.770..892.770 rows=14038 loops=1)
        Buckets: 16384 (originally 8192)  Batches: 1 (originally 1)  Memory Usage: 622kB
        ->  Seq Scan on title t  (cost=0.00..67604.59 rows=7437 width=4) (actual time=0.142..885.715 rows=14038 loops=1)
              Filter: (production_year = 1977)
              Rows Removed by Filter: 2514274
Planning time: 0.906 ms
Execution time: 10438.475 ms
