Seq Scan on movie_companies mc  (cost=0.00..57926.93 rows=807961 width=0) (actual time=0.021..1001.455 rows=1023390 loops=1)
  Filter: ((company_id > 5477) AND (company_type_id > 1))
  Rows Removed by Filter: 1585739
Planning time: 0.324 ms
Execution time: 1128.989 ms
