Seq Scan on cast_info ci  (cost=0.00..796071.18 rows=276 width=0) (actual time=11703.281..14011.934 rows=5 loops=1)
  Filter: ((role_id < 3) AND (person_id = 1429501))
  Rows Removed by Filter: 36244339
Planning time: 0.395 ms
Execution time: 14012.048 ms
