Seq Scan on movie_keyword mk  (cost=0.00..81003.12 rows=3712945 width=0) (actual time=0.009..1472.160 rows=3709328 loops=1)
  Filter: (keyword_id < 22508)
  Rows Removed by Filter: 814602
Planning time: 0.348 ms
Execution time: 1938.712 ms
