Hash Join  (cost=272171.71..1637536.25 rows=27868031 width=0) (actual time=5010.805..36688.406 rows=16402128 loops=1)
  Hash Cond: (ci.movie_id = t.id)
  ->  Seq Scan on cast_info ci  (cost=0.00..614943.12 rows=36225612 width=4) (actual time=0.025..12170.868 rows=36244344 loops=1)
  ->  Hash  (cost=240258.05..240258.05 rows=1945173 width=8) (actual time=5010.079..5010.079 rows=479210 loops=1)
        Buckets: 131072  Batches: 32  Memory Usage: 1598kB
        ->  Hash Join  (cost=92883.59..240258.05 rows=1945173 width=8) (actual time=1876.072..4878.044 rows=479210 loops=1)
              Hash Cond: (mk.movie_id = t.id)
              ->  Seq Scan on movie_keyword mk  (cost=0.00..81003.12 rows=3192122 width=4) (actual time=0.022..1531.725 rows=3172758 loops=1)
                    Filter: (keyword_id > 1757)
                    Rows Removed by Filter: 1351172
              ->  Hash  (cost=67604.59..67604.59 rows=1540800 width=4) (actual time=1621.532..1621.532 rows=1543264 loops=1)
                    Buckets: 131072  Batches: 32  Memory Usage: 2728kB
                    ->  Seq Scan on title t  (cost=0.00..67604.59 rows=1540800 width=4) (actual time=0.035..1123.755 rows=1543264 loops=1)
                          Filter: (kind_id = 7)
                          Rows Removed by Filter: 985048
Planning time: 5.304 ms
Execution time: 38451.038 ms
