Hash Join  (cost=215999.61..1415005.43 rows=16081765 width=0) (actual time=4748.653..46327.179 rows=47470011 loops=1)
  Hash Cond: (ci.movie_id = t.id)
  ->  Seq Scan on cast_info ci  (cost=0.00..614943.12 rows=36225612 width=4) (actual time=0.023..12112.155 rows=36244344 loops=1)
  ->  Hash  (cost=197583.39..197583.39 rows=1122498 width=8) (actual time=4747.400..4747.400 rows=1274246 loops=1)
        Buckets: 131072 (originally 131072)  Batches: 32 (originally 16)  Memory Usage: 3073kB
        ->  Hash Join  (cost=102767.86..197583.39 rows=1122498 width=8) (actual time=1788.120..4367.589 rows=1274246 loops=1)
              Hash Cond: (mc.movie_id = t.id)
              ->  Seq Scan on movie_companies mc  (cost=0.00..57926.93 rows=1122498 width=4) (actual time=0.022..1144.197 rows=1274246 loops=1)
                    Filter: ((company_id < 91457) AND (company_type_id = 1))
                    Rows Removed by Filter: 1334883
              ->  Hash  (cost=61283.27..61283.27 rows=2528527 width=4) (actual time=1786.704..1786.704 rows=2528312 loops=1)
                    Buckets: 131072  Batches: 64  Memory Usage: 2415kB
                    ->  Seq Scan on title t  (cost=0.00..61283.27 rows=2528527 width=4) (actual time=0.019..943.724 rows=2528312 loops=1)
Planning time: 1.087 ms
Execution time: 51462.835 ms
