Seq Scan on movie_companies mc  (cost=0.00..57926.93 rows=53 width=0) (actual time=14.070..905.244 rows=187 loops=1)
  Filter: ((company_type_id > 1) AND (company_id = 14898))
  Rows Removed by Filter: 2608942
Planning time: 0.394 ms
Execution time: 905.416 ms
