Seq Scan on cast_info ci  (cost=0.00..705507.15 rows=500 width=0) (actual time=1922.757..11228.838 rows=1302 loops=1)
  Filter: (person_id = 351533)
  Rows Removed by Filter: 36243042
Planning time: 0.415 ms
Execution time: 11229.083 ms
