Seq Scan on movie_companies mc  (cost=0.00..57926.93 rows=975650 width=0) (actual time=245.104..1028.726 rows=829925 loops=1)
  Filter: ((company_id > 754) AND (company_type_id < 2))
  Rows Removed by Filter: 1779204
Planning time: 0.363 ms
Execution time: 1135.059 ms
