Hash Join  (cost=128779.72..247828.47 rows=312414 width=0) (actual time=2683.638..6412.778 rows=4232543 loops=1)
  Hash Cond: (mk.movie_id = t.id)
  ->  Seq Scan on movie_keyword mk  (cost=0.00..81003.12 rows=2928929 width=4) (actual time=0.031..1477.292 rows=2922793 loops=1)
        Filter: (keyword_id > 2481)
        Rows Removed by Filter: 1601137
  ->  Hash  (cost=124354.41..124354.41 rows=269705 width=8) (actual time=2682.621..2682.621 rows=603529 loops=1)
        Buckets: 131072 (originally 131072)  Batches: 8 (originally 4)  Memory Usage: 4003kB
        ->  Hash Join  (cost=82033.88..124354.41 rows=269705 width=8) (actual time=1278.004..2489.430 rows=603529 loops=1)
              Hash Cond: (mi_idx.movie_id = t.id)
              ->  Seq Scan on movie_info_idx mi_idx  (cost=0.00..21735.35 rows=1380035 width=4) (actual time=0.025..371.794 rows=1380035 loops=1)
              ->  Hash  (cost=73925.90..73925.90 rows=494158 width=4) (actual time=1277.107..1277.107 rows=581419 loops=1)
                    Buckets: 131072  Batches: 8  Memory Usage: 3592kB
                    ->  Seq Scan on title t  (cost=0.00..73925.90 rows=494158 width=4) (actual time=0.040..1089.390 rows=581419 loops=1)
                          Filter: ((kind_id < 7) AND (production_year < 2004))
                          Rows Removed by Filter: 1946893
Planning time: 1.576 ms
Execution time: 6899.333 ms
