Hash Join  (cost=74181.07..136016.97 rows=8238 width=0) (actual time=1207.326..2406.969 rows=15896 loops=1)
  Hash Cond: (mc.movie_id = t.id)
  ->  Seq Scan on movie_companies mc  (cost=0.00..57926.93 rows=1020423 width=4) (actual time=109.229..1065.165 rows=1165487 loops=1)
        Filter: ((company_id > 696) AND (company_type_id > 1))
        Rows Removed by Filter: 1443642
  ->  Hash  (cost=73925.90..73925.90 rows=20413 width=4) (actual time=1097.252..1097.252 rows=17357 loops=1)
        Buckets: 32768  Batches: 1  Memory Usage: 867kB
        ->  Seq Scan on title t  (cost=0.00..73925.90 rows=20413 width=4) (actual time=0.400..1089.219 rows=17357 loops=1)
              Filter: ((kind_id < 7) AND (production_year = 2000))
              Rows Removed by Filter: 2510955
Planning time: 0.879 ms
Execution time: 2409.568 ms
