Seq Scan on cast_info ci  (cost=0.00..705507.15 rows=15822117 width=0) (actual time=0.017..11373.122 rows=15716628 loops=1)
  Filter: (person_id < 1552306)
  Rows Removed by Filter: 20527716
Planning time: 0.357 ms
Execution time: 13347.285 ms
