Seq Scan on cast_info ci  (cost=0.00..796071.18 rows=369 width=0) (actual time=2156.521..12743.354 rows=52 loops=1)
  Filter: ((role_id < 5) AND (person_id = 2908523))
  Rows Removed by Filter: 36244292
Planning time: 0.427 ms
Execution time: 12743.489 ms
