Hash Join  (cost=221756.75..780226.42 rows=7372274 width=0) (actual time=5654.771..24852.078 rows=17262364 loops=1)
  Hash Cond: (mi.movie_id = t.id)
  ->  Seq Scan on movie_info mi  (cost=0.00..309384.22 rows=14739122 width=4) (actual time=0.015..6284.806 rows=14835720 loops=1)
  ->  Hash  (cost=201006.64..201006.64 rows=1264729 width=8) (actual time=5653.614..5653.614 rows=1208308 loops=1)
        Buckets: 131072  Batches: 32  Memory Usage: 2501kB
        ->  Hash Join  (cost=102767.86..201006.64 rows=1264729 width=8) (actual time=2747.813..5295.786 rows=1208308 loops=1)
              Hash Cond: (mc.movie_id = t.id)
              ->  Seq Scan on movie_companies mc  (cost=0.00..57926.93 rows=1264729 width=4) (actual time=0.027..1216.294 rows=1208308 loops=1)
                    Filter: ((company_id < 142944) AND (company_type_id > 1))
                    Rows Removed by Filter: 1400821
              ->  Hash  (cost=61283.27..61283.27 rows=2528527 width=4) (actual time=2746.987..2746.987 rows=2528312 loops=1)
                    Buckets: 131072  Batches: 64  Memory Usage: 2415kB
                    ->  Seq Scan on title t  (cost=0.00..61283.27 rows=2528527 width=4) (actual time=0.023..1205.789 rows=2528312 loops=1)
Planning time: 1.100 ms
Execution time: 26790.985 ms
