Seq Scan on movie_companies mc  (cost=0.00..51404.11 rows=1411498 width=0) (actual time=0.021..1059.285 rows=1401254 loops=1)
  Filter: (company_id < 12218)
  Rows Removed by Filter: 1207875
Planning time: 0.305 ms
Execution time: 1240.482 ms
