Hash Join  (cost=69283.60..1085305.61 rows=1048641 width=0) (actual time=1110.631..26579.808 rows=1419263 loops=1)
  Hash Cond: (ci.movie_id = t.id)
  ->  Seq Scan on cast_info ci  (cost=0.00..705507.15 rows=25913719 width=4) (actual time=0.028..15324.817 rows=25922657 loops=1)
        Filter: (person_id < 2679308)
        Rows Removed by Filter: 10321687
  ->  Hash  (cost=67604.59..67604.59 rows=102321 width=4) (actual time=1108.609..1108.609 rows=100537 loops=1)
        Buckets: 131072  Batches: 2  Memory Usage: 2797kB
        ->  Seq Scan on title t  (cost=0.00..67604.59 rows=102321 width=4) (actual time=0.011..1072.114 rows=100537 loops=1)
              Filter: (kind_id = 3)
              Rows Removed by Filter: 2427775
Planning time: 0.789 ms
Execution time: 26759.191 ms
