Hash Join  (cost=258366.24..439204.40 rows=4365021 width=0) (actual time=6289.258..18008.998 rows=34656037 loops=1)
  Hash Cond: (mk.movie_id = t.id)
  ->  Seq Scan on movie_keyword mk  (cost=0.00..69693.30 rows=4523930 width=4) (actual time=0.019..1517.925 rows=4523930 loops=1)
  ->  Hash  (cost=218338.88..218338.88 rows=2439709 width=8) (actual time=6288.495..6288.495 rows=2402517 loops=1)
        Buckets: 131072  Batches: 32  Memory Usage: 4005kB
        ->  Hash Join  (cost=106394.85..218338.88 rows=2439709 width=8) (actual time=2181.135..5562.662 rows=2402517 loops=1)
              Hash Cond: (mc.movie_id = t.id)
              ->  Seq Scan on movie_companies mc  (cost=0.00..44881.29 rows=2609129 width=4) (actual time=0.013..894.026 rows=2609129 loops=1)
              ->  Hash  (cost=67604.59..67604.59 rows=2364341 width=4) (actual time=2179.950..2179.950 rows=2360253 loops=1)
                    Buckets: 131072  Batches: 32  Memory Usage: 3620kB
                    ->  Seq Scan on title t  (cost=0.00..67604.59 rows=2364341 width=4) (actual time=0.006..1444.300 rows=2360253 loops=1)
                          Filter: (production_year > 1922)
                          Rows Removed by Filter: 168059
Planning time: 1.129 ms
Execution time: 21786.553 ms
