Hash Join  (cost=101758.31..972360.78 rows=78431 width=0) (actual time=1947.114..21990.519 rows=177160 loops=1)
  Hash Cond: (ci.movie_id = t.id)
  ->  Seq Scan on cast_info ci  (cost=0.00..796071.18 rows=19665866 width=4) (actual time=0.020..16115.280 rows=18950406 loops=1)
        Filter: ((person_id > 626718) AND (role_id < 4))
        Rows Removed by Filter: 17293938
  ->  Hash  (cost=101632.26..101632.26 rows=10084 width=8) (actual time=1946.408..1946.408 rows=13124 loops=1)
        Buckets: 16384  Batches: 1  Memory Usage: 641kB
        ->  Hash Join  (cost=74617.32..101632.26 rows=10084 width=8) (actual time=1263.964..1938.752 rows=13124 loops=1)
              Hash Cond: (mi_idx.movie_id = t.id)
              ->  Seq Scan on movie_info_idx mi_idx  (cost=0.00..25185.44 rows=460978 width=4) (actual time=0.021..527.607 rows=459925 loops=1)
                    Filter: (info_type_id = 99)
                    Rows Removed by Filter: 920110
              ->  Hash  (cost=73925.90..73925.90 rows=55313 width=4) (actual time=1263.560..1263.560 rows=49075 loops=1)
                    Buckets: 65536  Batches: 1  Memory Usage: 2238kB
                    ->  Seq Scan on title t  (cost=0.00..73925.90 rows=55313 width=4) (actual time=0.222..1244.057 rows=49075 loops=1)
                          Filter: ((kind_id < 7) AND (production_year = 2010))
                          Rows Removed by Filter: 2479237
Planning time: 1.214 ms
Execution time: 22020.471 ms
