Nested Loop  (cost=0.43..83072.29 rows=141 width=0) (actual time=0.144..1478.691 rows=1696 loops=1)
  ->  Seq Scan on movie_keyword mk  (cost=0.00..81003.12 rows=246 width=4) (actual time=0.097..1361.703 rows=2535 loops=1)
        Filter: (keyword_id = 1078)
        Rows Removed by Filter: 4521395
  ->  Index Scan using title_pkey on title t  (cost=0.43..8.40 rows=1 width=4) (actual time=0.045..0.045 rows=1 loops=2535)
        Index Cond: (id = mk.movie_id)
        Filter: (production_year < 2006)
        Rows Removed by Filter: 0
Planning time: 0.778 ms
Execution time: 1479.383 ms
