Hash Join  (cost=94699.36..443386.70 rows=1047 width=0) (actual time=4296.109..6277.132 rows=1698 loops=1)
  Hash Cond: (mi.movie_id = t.id)
  ->  Seq Scan on movie_info mi  (cost=0.00..346232.03 rows=651960 width=4) (actual time=2550.425..4604.401 rows=660923 loops=1)
        Filter: (info_type_id = 18)
        Rows Removed by Filter: 14174797
  ->  Hash  (cost=94648.62..94648.62 rows=4059 width=8) (actual time=1579.401..1579.401 rows=2289 loops=1)
        Buckets: 4096  Batches: 1  Memory Usage: 122kB
        ->  Hash Join  (cost=67697.55..94648.62 rows=4059 width=8) (actual time=1119.281..1578.492 rows=2289 loops=1)
              Hash Cond: (mi_idx.movie_id = t.id)
              ->  Seq Scan on movie_info_idx mi_idx  (cost=0.00..21735.35 rows=1380035 width=4) (actual time=0.030..315.712 rows=1380035 loops=1)
              ->  Hash  (cost=67604.59..67604.59 rows=7437 width=4) (actual time=1004.845..1004.845 rows=1730 loops=1)
                    Buckets: 8192  Batches: 1  Memory Usage: 125kB
                    ->  Seq Scan on title t  (cost=0.00..67604.59 rows=7437 width=4) (actual time=11.139..1003.883 rows=1730 loops=1)
                          Filter: (production_year = 1945)
                          Rows Removed by Filter: 2526582
Planning time: 10.531 ms
Execution time: 6277.505 ms
