Hash Join  (cost=156263.55..543298.97 rows=395559 width=0) (actual time=3042.107..11175.686 rows=123099 loops=1)
  Hash Cond: (mi.movie_id = t.id)
  ->  Seq Scan on movie_info mi  (cost=0.00..309384.22 rows=14739122 width=4) (actual time=0.018..4694.635 rows=14835720 loops=1)
  ->  Hash  (cost=155415.32..155415.32 rows=67859 width=8) (actual time=3032.101..3032.101 rows=9749 loops=1)
        Buckets: 131072  Batches: 1  Memory Usage: 1405kB
        ->  Hash Join  (cost=68078.69..155415.32 rows=67859 width=8) (actual time=1168.957..3026.422 rows=9749 loops=1)
              Hash Cond: (mk.movie_id = t.id)
              ->  Seq Scan on movie_keyword mk  (cost=0.00..69693.30 rows=4523930 width=4) (actual time=0.031..1005.985 rows=4523930 loops=1)
              ->  Hash  (cost=67604.59..67604.59 rows=37928 width=4) (actual time=1166.002..1166.002 rows=35050 loops=1)
                    Buckets: 65536  Batches: 1  Memory Usage: 1745kB
                    ->  Seq Scan on title t  (cost=0.00..67604.59 rows=37928 width=4) (actual time=112.464..1152.250 rows=35050 loops=1)
                          Filter: (production_year < 1912)
                          Rows Removed by Filter: 2493262
Planning time: 1.197 ms
Execution time: 11193.047 ms
