Hash Join  (cost=79310.28..149385.88 rows=175500 width=0) (actual time=1140.509..2763.905 rows=161848 loops=1)
  Hash Cond: (mc.movie_id = t.id)
  ->  Seq Scan on movie_companies mc  (cost=0.00..51404.11 rows=1352130 width=4) (actual time=0.037..1019.173 rows=1340040 loops=1)
        Filter: (company_id < 11450)
        Rows Removed by Filter: 1269089
  ->  Hash  (cost=73925.90..73925.90 rows=328190 width=4) (actual time=1088.550..1088.550 rows=217611 loops=1)
        Buckets: 131072  Batches: 8  Memory Usage: 1969kB
        ->  Seq Scan on title t  (cost=0.00..73925.90 rows=328190 width=4) (actual time=0.025..1020.680 rows=217611 loops=1)
              Filter: ((production_year < 1982) AND (kind_id = 7))
              Rows Removed by Filter: 2310701
Planning time: 0.767 ms
Execution time: 2783.393 ms
