Hash Join  (cost=83079.30..217242.54 rows=998120 width=0) (actual time=1510.699..5443.881 rows=2819744 loops=1)
  Hash Cond: (mk.movie_id = t.id)
  ->  Seq Scan on movie_keyword mk  (cost=0.00..69693.30 rows=4523930 width=4) (actual time=0.023..1404.362 rows=4523930 loops=1)
  ->  Hash  (cost=73925.90..73925.90 rows=557872 width=4) (actual time=1509.650..1509.650 rows=632485 loops=1)
        Buckets: 131072  Batches: 8  Memory Usage: 3828kB
        ->  Seq Scan on title t  (cost=0.00..73925.90 rows=557872 width=4) (actual time=0.016..1303.346 rows=632485 loops=1)
              Filter: ((kind_id < 6) AND (production_year < 2006))
              Rows Removed by Filter: 1895827
Planning time: 0.781 ms
Execution time: 5746.731 ms
