Hash Join  (cost=28267.24..90236.84 rows=18 width=0) (actual time=515.489..1437.191 rows=57 loops=1)
  Hash Cond: (mc.movie_id = t.id)
  ->  Seq Scan on movie_companies mc  (cost=0.00..57926.93 rows=1077994 width=4) (actual time=0.036..951.350 rows=838913 loops=1)
        Filter: ((company_id < 74404) AND (company_type_id > 1))
        Rows Removed by Filter: 1770216
  ->  Hash  (cost=28266.72..28266.72 rows=42 width=8) (actual time=379.220..379.220 rows=70 loops=1)
        Buckets: 1024  Batches: 1  Memory Usage: 11kB
        ->  Nested Loop  (cost=0.43..28266.72 rows=42 width=8) (actual time=239.556..379.179 rows=70 loops=1)
              ->  Seq Scan on movie_info_idx mi_idx  (cost=0.00..25185.44 rows=368 width=4) (actual time=239.306..374.212 rows=260 loops=1)
                    Filter: (info_type_id > 101)
                    Rows Removed by Filter: 1379775
              ->  Index Scan using title_pkey on title t  (cost=0.43..8.36 rows=1 width=4) (actual time=0.018..0.019 rows=0 loops=260)
                    Index Cond: (id = mi_idx.movie_id)
                    Filter: (production_year < 1964)
                    Rows Removed by Filter: 1
Planning time: 2.034 ms
Execution time: 1437.369 ms
