Hash Join  (cost=74050.79..904069.08 rows=383966 width=0) (actual time=1417.354..13499.351 rows=166148 loops=1)
  Hash Cond: (ci.movie_id = t.id)
  ->  Seq Scan on cast_info ci  (cost=0.00..796071.18 rows=2471054 width=4) (actual time=118.731..11618.212 rows=1032682 loops=1)
        Filter: ((person_id < 353348) AND (role_id > 1))
        Rows Removed by Filter: 35211662
  ->  Hash  (cost=67604.59..67604.59 rows=392896 width=4) (actual time=1297.524..1297.524 rows=391666 loops=1)
        Buckets: 131072  Batches: 8  Memory Usage: 2753kB
        ->  Seq Scan on title t  (cost=0.00..67604.59 rows=392896 width=4) (actual time=0.027..1166.954 rows=391666 loops=1)
              Filter: (production_year > 2010)
              Rows Removed by Filter: 2136646
Planning time: 0.724 ms
Execution time: 13520.507 ms
