Seq Scan on movie_companies mc  (cost=0.00..57926.93 rows=113996 width=0) (actual time=185.771..882.320 rows=225098 loops=1)
  Filter: ((company_id > 106630) AND (company_type_id = 2))
  Rows Removed by Filter: 2384031
Planning time: 0.405 ms
Execution time: 910.146 ms
