Nested Loop  (cost=32749.09..121354.55 rows=39 width=0) (actual time=1660.591..2503.988 rows=67 loops=1)
  ->  Hash Join  (cost=32748.66..116628.70 rows=5541 width=8) (actual time=662.360..2397.801 rows=3646 loops=1)
        Hash Cond: (mk.movie_id = mi_idx.movie_id)
        ->  Seq Scan on movie_keyword mk  (cost=0.00..81003.12 rows=5580 width=4) (actual time=0.387..1242.534 rows=4889 loops=1)
              Filter: (keyword_id = 1962)
              Rows Removed by Filter: 4519041
        ->  Hash  (cost=25185.44..25185.44 rows=460978 width=4) (actual time=653.983..653.983 rows=459925 loops=1)
              Buckets: 131072  Batches: 8  Memory Usage: 3059kB
              ->  Seq Scan on movie_info_idx mi_idx  (cost=0.00..25185.44 rows=460978 width=4) (actual time=0.014..497.002 rows=459925 loops=1)
                    Filter: (info_type_id = 99)
                    Rows Removed by Filter: 920110
  ->  Index Scan using title_pkey on title t  (cost=0.43..0.84 rows=1 width=4) (actual time=0.029..0.029 rows=0 loops=3646)
        Index Cond: (id = mi_idx.movie_id)
        Filter: ((kind_id = 7) AND (production_year = 2011))
        Rows Removed by Filter: 1
Planning time: 0.788 ms
Execution time: 2504.376 ms
