Hash Join  (cost=154558.95..194332.15 rows=121272 width=0) (actual time=3272.477..4286.055 rows=286294 loops=1)
  Hash Cond: (mi_idx.movie_id = t.id)
  ->  Seq Scan on movie_info_idx mi_idx  (cost=0.00..21735.35 rows=1380035 width=4) (actual time=0.023..426.852 rows=1380035 loops=1)
  ->  Hash  (cost=150913.49..150913.49 rows=222197 width=8) (actual time=3227.908..3227.908 rows=206362 loops=1)
        Buckets: 131072  Batches: 4  Memory Usage: 3036kB
        ->  Hash Join  (cost=87180.69..150913.49 rows=222197 width=8) (actual time=2172.186..3159.809 rows=206362 loops=1)
              Hash Cond: (mc.movie_id = t.id)
              ->  Seq Scan on movie_companies mc  (cost=0.00..51404.11 rows=470858 width=4) (actual time=480.729..923.043 rows=474706 loops=1)
                    Filter: (company_id > 75665)
                    Rows Removed by Filter: 2134423
              ->  Hash  (cost=67604.59..67604.59 rows=1193208 width=4) (actual time=1690.547..1690.547 rows=1192518 loops=1)
                    Buckets: 131072  Batches: 16  Memory Usage: 3646kB
                    ->  Seq Scan on title t  (cost=0.00..67604.59 rows=1193208 width=4) (actual time=0.023..1309.909 rows=1192518 loops=1)
                          Filter: (production_year > 2003)
                          Rows Removed by Filter: 1335794
Planning time: 1.170 ms
Execution time: 4322.351 ms
