Hash Join  (cost=126367.63..1183384.69 rows=2259690 width=0) (actual time=2773.642..31054.700 rows=3596727 loops=1)
  Hash Cond: (ci.movie_id = t.id)
  ->  Seq Scan on cast_info ci  (cost=0.00..614943.12 rows=36225612 width=4) (actual time=0.022..13106.598 rows=36244344 loops=1)
  ->  Hash  (cost=123779.07..123779.07 rows=157725 width=8) (actual time=2772.791..2772.791 rows=108199 loops=1)
        Buckets: 131072  Batches: 4  Memory Usage: 2073kB
        ->  Hash Join  (cost=88334.42..123779.07 rows=157725 width=8) (actual time=1775.002..2736.347 rows=108199 loops=1)
              Hash Cond: (mi_idx.movie_id = t.id)
              ->  Seq Scan on movie_info_idx mi_idx  (cost=0.00..25185.44 rows=454124 width=4) (actual time=0.023..512.722 rows=459925 loops=1)
                    Filter: (info_type_id = 100)
                    Rows Removed by Filter: 920110
              ->  Hash  (cost=73925.90..73925.90 rows=878201 width=4) (actual time=1773.770..1773.770 rows=947729 loops=1)
                    Buckets: 131072  Batches: 16  Memory Usage: 3113kB
                    ->  Seq Scan on title t  (cost=0.00..73925.90 rows=878201 width=4) (actual time=0.022..1460.172 rows=947729 loops=1)
                          Filter: ((kind_id > 1) AND (production_year > 2003))
                          Rows Removed by Filter: 1580583
Planning time: 1.231 ms
Execution time: 31457.325 ms
