Hash Join  (cost=94642.16..178110.92 rows=352 width=156) (actual time=2258.031..3720.974 rows=2412 loops=1)
  Hash Cond: (mk.movie_id = t.id)
  ->  Seq Scan on movie_keyword mk  (cost=0.00..81003.12 rows=656562 width=12) (actual time=0.011..1360.169 rows=655932 loops=1)
        Filter: (keyword_id < 508)
        Rows Removed by Filter: 3867998
  ->  Hash  (cost=94625.21..94625.21 rows=1356 width=144) (actual time=2257.661..2257.661 rows=1073 loops=1)
        Buckets: 2048  Batches: 1  Memory Usage: 158kB
        ->  Hash Join  (cost=67697.55..94625.21 rows=1356 width=144) (actual time=1473.568..2256.504 rows=1073 loops=1)
              Hash Cond: (mi_idx.movie_id = t.id)
              ->  Seq Scan on movie_info_idx mi_idx  (cost=0.00..25185.44 rows=460978 width=50) (actual time=0.007..696.273 rows=459925 loops=1)
                    Filter: (info_type_id = 99)
                    Rows Removed by Filter: 920110
              ->  Hash  (cost=67604.59..67604.59 rows=7437 width=94) (actual time=1465.805..1465.805 rows=2730 loops=1)
                    Buckets: 8192  Batches: 1  Memory Usage: 360kB
                    ->  Seq Scan on title t  (cost=0.00..67604.59 rows=7437 width=94) (actual time=342.931..1464.130 rows=2730 loops=1)
                          Filter: (production_year = 1938)
                          Rows Removed by Filter: 2525582
Planning time: 0.984 ms
Execution time: 3721.253 ms
