Seq Scan on movie_keyword mk  (cost=0.00..81003.12 rows=2299818 width=0) (actual time=0.022..1302.015 rows=2305137 loops=1)
  Filter: (keyword_id < 4947)
  Rows Removed by Filter: 2218793
Planning time: 0.329 ms
Execution time: 1572.550 ms
