Seq Scan on title t  (cost=0.00..73925.90 rows=76301 width=0) (actual time=987.955..1037.436 rows=3 loops=1)
  Filter: ((kind_id > 1) AND (production_year < 1926))
  Rows Removed by Filter: 2528309
Planning time: 0.344 ms
Execution time: 1037.572 ms
