Hash Join  (cost=76697.17..181491.69 rows=126330 width=0) (actual time=1166.497..3450.000 rows=420976 loops=1)
  Hash Cond: (mk.movie_id = t.id)
  ->  Seq Scan on movie_keyword mk  (cost=0.00..81003.12 rows=1891226 width=4) (actual time=0.016..1428.500 rows=1896324 loops=1)
        Filter: (keyword_id > 7137)
        Rows Removed by Filter: 2627606
  ->  Hash  (cost=73925.90..73925.90 rows=168901 width=4) (actual time=1165.569..1165.569 rows=269915 loops=1)
        Buckets: 131072  Batches: 4  Memory Usage: 3407kB
        ->  Seq Scan on title t  (cost=0.00..73925.90 rows=168901 width=4) (actual time=0.099..1083.477 rows=269915 loops=1)
              Filter: ((kind_id < 7) AND (production_year < 1974))
              Rows Removed by Filter: 2258397
Planning time: 0.604 ms
Execution time: 3497.924 ms
