Hash Join  (cost=75709.76..200081.75 rows=194496 width=0) (actual time=1170.092..3571.338 rows=41551 loops=1)
  Hash Cond: (mk.movie_id = t.id)
  ->  Seq Scan on movie_keyword mk  (cost=0.00..69693.30 rows=4523930 width=4) (actual time=0.019..1181.605 rows=4523930 loops=1)
  ->  Hash  (cost=73925.90..73925.90 rows=108708 width=4) (actual time=1168.670..1168.670 rows=115965 loops=1)
        Buckets: 131072  Batches: 2  Memory Usage: 3068kB
        ->  Seq Scan on title t  (cost=0.00..73925.90 rows=108708 width=4) (actual time=0.020..1122.699 rows=115965 loops=1)
              Filter: ((kind_id > 3) AND (production_year = 2012))
              Rows Removed by Filter: 2412347
Planning time: 0.764 ms
Execution time: 3576.782 ms
