Hash Join  (cost=806646.96..3462623.14 rows=119315361 width=0) (actual time=21243.182..81017.694 rows=88270943 loops=1)
  Hash Cond: (ci.movie_id = t.id)
  ->  Seq Scan on cast_info ci  (cost=0.00..705507.15 rows=35655959 width=4) (actual time=0.022..17376.104 rows=35651162 loops=1)
        Filter: (person_id < 3947127)
        Rows Removed by Filter: 593182
  ->  Hash  (cost=667830.00..667830.00 rows=8461197 width=8) (actual time=21241.186..21241.186 rows=3937344 loops=1)
        Buckets: 131072  Batches: 128  Memory Usage: 2189kB
        ->  Hash Join  (cost=97741.10..667830.00 rows=8461197 width=8) (actual time=2172.245..18896.563 rows=3937344 loops=1)
              Hash Cond: (mi.movie_id = t.id)
              ->  Seq Scan on movie_info mi  (cost=0.00..309384.22 rows=14739122 width=4) (actual time=0.013..5819.804 rows=14835720 loops=1)
              ->  Hash  (cost=73925.90..73925.90 rows=1451536 width=4) (actual time=1988.918..1988.918 rows=1478438 loops=1)
                    Buckets: 131072  Batches: 32  Memory Usage: 2656kB
                    ->  Seq Scan on title t  (cost=0.00..73925.90 rows=1451536 width=4) (actual time=0.022..1508.976 rows=1478438 loops=1)
                          Filter: ((production_year > 1917) AND (kind_id = 7))
                          Rows Removed by Filter: 1049874
Planning time: 1.435 ms
Execution time: 90662.658 ms
