Hash Join  (cost=218155.93..266858.74 rows=641733 width=0) (actual time=5151.326..7324.349 rows=2319675 loops=1)
  Hash Cond: (mi_idx.movie_id = t.id)
  ->  Seq Scan on movie_info_idx mi_idx  (cost=0.00..21735.35 rows=1380035 width=4) (actual time=0.023..442.669 rows=1380035 loops=1)
  ->  Hash  (cost=198865.48..198865.48 rows=1175796 width=8) (actual time=5147.144..5147.144 rows=1274246 loops=1)
        Buckets: 131072 (originally 131072)  Batches: 32 (originally 16)  Memory Usage: 3073kB
        ->  Hash Join  (cost=102767.86..198865.48 rows=1175796 width=8) (actual time=2401.172..4760.271 rows=1274246 loops=1)
              Hash Cond: (mc.movie_id = t.id)
              ->  Seq Scan on movie_companies mc  (cost=0.00..57926.93 rows=1175796 width=4) (actual time=431.982..1302.732 rows=1274246 loops=1)
                    Filter: ((company_id < 109844) AND (company_type_id < 2))
                    Rows Removed by Filter: 1334883
              ->  Hash  (cost=61283.27..61283.27 rows=2528527 width=4) (actual time=1967.889..1967.889 rows=2528312 loops=1)
                    Buckets: 131072  Batches: 64  Memory Usage: 2415kB
                    ->  Seq Scan on title t  (cost=0.00..61283.27 rows=2528527 width=4) (actual time=0.017..1085.912 rows=2528312 loops=1)
Planning time: 3.211 ms
Execution time: 7557.963 ms
