Hash Join  (cost=798388.90..853057.27 rows=285 width=0) (actual time=14481.192..15466.339 rows=7 loops=1)
  Hash Cond: (mc.movie_id = t.id)
  ->  Seq Scan on movie_companies mc  (cost=0.00..44881.29 rows=2609129 width=4) (actual time=0.013..645.135 rows=2609129 loops=1)
  ->  Hash  (cost=798385.45..798385.45 rows=276 width=8) (actual time=14352.745..14352.745 rows=38 loops=1)
        Buckets: 1024  Batches: 1  Memory Usage: 10kB
        ->  Nested Loop  (cost=0.43..798385.45 rows=276 width=8) (actual time=9513.689..14352.708 rows=38 loops=1)
              ->  Seq Scan on cast_info ci  (cost=0.00..796071.18 rows=276 width=4) (actual time=9513.542..14352.144 rows=38 loops=1)
                    Filter: ((role_id < 3) AND (person_id = 211300))
                    Rows Removed by Filter: 36244306
              ->  Index Only Scan using title_pkey on title t  (cost=0.43..8.38 rows=1 width=4) (actual time=0.012..0.012 rows=1 loops=38)
                    Index Cond: (id = ci.movie_id)
                    Heap Fetches: 38
Planning time: 1.106 ms
Execution time: 15466.494 ms
