Seq Scan on movie_companies mc  (cost=0.00..57926.93 rows=53 width=0) (actual time=182.223..749.482 rows=1 loops=1)
  Filter: ((company_id = 156389) AND (company_type_id = 2))
  Rows Removed by Filter: 2609128
Planning time: 0.418 ms
Execution time: 749.566 ms
