Hash Join  (cost=150517.19..640033.33 rows=910021 width=0) (actual time=2941.631..16978.292 rows=8447207 loops=1)
  Hash Cond: (mi.movie_id = t.id)
  ->  Seq Scan on movie_info mi  (cost=0.00..309384.22 rows=14739122 width=4) (actual time=0.021..6125.544 rows=14835720 loops=1)
  ->  Hash  (cost=147955.74..147955.74 rows=156116 width=8) (actual time=2940.867..2940.867 rows=187724 loops=1)
        Buckets: 131072  Batches: 4  Memory Usage: 2843kB
        ->  Hash Join  (cost=78988.28..147955.74 rows=156116 width=8) (actual time=1487.236..2882.719 rows=187724 loops=1)
              Hash Cond: (mc.movie_id = t.id)
              ->  Seq Scan on movie_companies mc  (cost=0.00..51404.11 rows=1279517 width=4) (actual time=271.178..1014.186 rows=1274246 loops=1)
                    Filter: (company_type_id < 2)
                    Rows Removed by Filter: 1334883
              ->  Hash  (cost=73925.90..73925.90 rows=308510 width=4) (actual time=1215.220..1215.220 rows=266599 loops=1)
                    Buckets: 131072  Batches: 8  Memory Usage: 2191kB
                    ->  Seq Scan on title t  (cost=0.00..73925.90 rows=308510 width=4) (actual time=0.028..1128.133 rows=266599 loops=1)
                          Filter: ((kind_id < 7) AND (production_year > 2007))
                          Rows Removed by Filter: 2261713
Planning time: 1.097 ms
Execution time: 17945.692 ms
