Hash Join  (cost=102767.86..913444.62 rows=196405 width=0) (actual time=10408.299..16446.888 rows=253132 loops=1)
  Hash Cond: (ci.movie_id = t.id)
  ->  Seq Scan on cast_info ci  (cost=0.00..796071.18 rows=196405 width=4) (actual time=8448.860..13930.620 rows=253132 loops=1)
        Filter: ((person_id > 1561826) AND (role_id > 10))
        Rows Removed by Filter: 35991212
  ->  Hash  (cost=61283.27..61283.27 rows=2528527 width=4) (actual time=1958.402..1958.402 rows=2528312 loops=1)
        Buckets: 131072  Batches: 64  Memory Usage: 2415kB
        ->  Seq Scan on title t  (cost=0.00..61283.27 rows=2528527 width=4) (actual time=0.024..1112.302 rows=2528312 loops=1)
Planning time: 0.752 ms
Execution time: 16476.877 ms
