Hash Join  (cost=83074.74..109986.57 rows=134 width=0) (actual time=1206.121..1759.109 rows=617 loops=1)
  Hash Cond: (mi_idx.movie_id = t.id)
  ->  Seq Scan on movie_info_idx mi_idx  (cost=0.00..21735.35 rows=1380035 width=4) (actual time=0.030..296.490 rows=1380035 loops=1)
  ->  Hash  (cost=83071.67..83071.67 rows=246 width=8) (actual time=1205.960..1205.960 rows=247 loops=1)
        Buckets: 1024  Batches: 1  Memory Usage: 18kB
        ->  Nested Loop  (cost=0.43..83071.67 rows=246 width=8) (actual time=0.388..1205.680 rows=247 loops=1)
              ->  Seq Scan on movie_keyword mk  (cost=0.00..81003.12 rows=246 width=4) (actual time=0.335..1192.150 rows=247 loops=1)
                    Filter: (keyword_id = 14873)
                    Rows Removed by Filter: 4523683
              ->  Index Only Scan using title_pkey on title t  (cost=0.43..8.40 rows=1 width=4) (actual time=0.051..0.052 rows=1 loops=247)
                    Index Cond: (id = mk.movie_id)
                    Heap Fetches: 247
Planning time: 1.258 ms
Execution time: 1759.389 ms
