Seq Scan on movie_keyword mk  (cost=0.00..81003.12 rows=2554032 width=0) (actual time=0.016..1546.385 rows=2544155 loops=1)
  Filter: (keyword_id < 6393)
  Rows Removed by Filter: 1979775
Planning time: 0.321 ms
Execution time: 1879.852 ms
