Hash Join  (cost=283788.61..766229.93 rows=5194819 width=0) (actual time=6331.899..21240.909 rows=23769822 loops=1)
  Hash Cond: (mi.movie_id = t.id)
  ->  Seq Scan on movie_info mi  (cost=0.00..346232.03 rows=5897221 width=4) (actual time=0.045..5834.758 rows=5884963 loops=1)
        Filter: (info_type_id < 7)
        Rows Removed by Filter: 8950757
  ->  Hash  (cost=247245.60..247245.60 rows=2227361 width=8) (actual time=6331.042..6331.042 rows=2222216 loops=1)
        Buckets: 131072  Batches: 32  Memory Usage: 3801kB
        ->  Hash Join  (cost=102767.86..247245.60 rows=2227361 width=8) (actual time=1976.577..5630.235 rows=2222216 loops=1)
              Hash Cond: (mk.movie_id = t.id)
              ->  Seq Scan on movie_keyword mk  (cost=0.00..81003.12 rows=2227361 width=4) (actual time=0.025..1498.748 rows=2222216 loops=1)
                    Filter: (keyword_id > 4928)
                    Rows Removed by Filter: 2301714
              ->  Hash  (cost=61283.27..61283.27 rows=2528527 width=4) (actual time=1974.752..1974.752 rows=2528312 loops=1)
                    Buckets: 131072  Batches: 64  Memory Usage: 2425kB
                    ->  Seq Scan on title t  (cost=0.00..61283.27 rows=2528527 width=4) (actual time=0.020..1087.962 rows=2528312 loops=1)
Planning time: 1.129 ms
Execution time: 24008.738 ms
