Hash Join  (cost=885560.20..1269619.03 rows=97900 width=0) (actual time=17523.417..25014.557 rows=298694 loops=1)
  Hash Cond: (mi.movie_id = t.id)
  ->  Seq Scan on movie_info mi  (cost=0.00..309384.22 rows=14739122 width=4) (actual time=0.014..3944.147 rows=14835720 loops=1)
  ->  Hash  (cost=885350.26..885350.26 rows=16795 width=8) (actual time=17520.911..17520.911 rows=23985 loops=1)
        Buckets: 32768  Batches: 1  Memory Usage: 1193kB
        ->  Hash Join  (cost=67697.55..885350.26 rows=16795 width=8) (actual time=10448.500..17507.904 rows=23985 loops=1)
              Hash Cond: (ci.movie_id = t.id)
              ->  Seq Scan on cast_info ci  (cost=0.00..796071.18 rows=5710289 width=4) (actual time=9412.283..14976.206 rows=7451973 loops=1)
                    Filter: ((person_id < 2891640) AND (role_id = 2))
                    Rows Removed by Filter: 28792371
              ->  Hash  (cost=67604.59..67604.59 rows=7437 width=4) (actual time=1035.702..1035.702 rows=11121 loops=1)
                    Buckets: 16384 (originally 8192)  Batches: 1 (originally 1)  Memory Usage: 519kB
                    ->  Seq Scan on title t  (cost=0.00..67604.59 rows=7437 width=4) (actual time=0.064..1030.275 rows=11121 loops=1)
                          Filter: (production_year = 1960)
                          Rows Removed by Filter: 2517191
Planning time: 0.815 ms
Execution time: 25052.395 ms
