Hash Join  (cost=249175.48..814320.16 rows=7997875 width=0) (actual time=5253.332..37852.551 rows=73522353 loops=1)
  Hash Cond: (mi.movie_id = t.id)
  ->  Seq Scan on movie_info mi  (cost=0.00..309384.22 rows=14739122 width=4) (actual time=0.024..6286.129 rows=14835720 loops=1)
  ->  Hash  (cost=226664.83..226664.83 rows=1372052 width=8) (actual time=5251.761..5251.761 rows=1387924 loops=1)
        Buckets: 131072  Batches: 32  Memory Usage: 2789kB
        ->  Hash Join  (cost=102767.86..226664.83 rows=1372052 width=8) (actual time=1907.358..4858.786 rows=1387924 loops=1)
              Hash Cond: (mk.movie_id = t.id)
              ->  Seq Scan on movie_keyword mk  (cost=0.00..81003.12 rows=1372052 width=4) (actual time=0.016..1472.469 rows=1387924 loops=1)
                    Filter: (keyword_id > 12015)
                    Rows Removed by Filter: 3136006
              ->  Hash  (cost=61283.27..61283.27 rows=2528527 width=4) (actual time=1905.213..1905.213 rows=2528312 loops=1)
                    Buckets: 131072  Batches: 64  Memory Usage: 2425kB
                    ->  Seq Scan on title t  (cost=0.00..61283.27 rows=2528527 width=4) (actual time=0.022..1040.398 rows=2528312 loops=1)
Planning time: 7.378 ms
Execution time: 46956.712 ms
