Seq Scan on movie_companies mc  (cost=0.00..51404.11 rows=1610188 width=0) (actual time=0.018..934.797 rows=1601701 loops=1)
  Filter: (company_id < 16432)
  Rows Removed by Filter: 1007428
Planning time: 0.290 ms
Execution time: 1132.917 ms
