Hash Join  (cost=77561.16..171382.11 rows=179544 width=0) (actual time=1493.194..3407.285 rows=266078 loops=1)
  Hash Cond: (mk.movie_id = t.id)
  ->  Seq Scan on movie_keyword mk  (cost=0.00..81003.12 rows=748101 width=4) (actual time=0.013..1411.636 rows=753686 loops=1)
        Filter: (keyword_id > 24807)
        Rows Removed by Filter: 3770244
  ->  Hash  (cost=67604.59..67604.59 rows=606846 width=4) (actual time=1490.062..1490.062 rows=603411 loops=1)
        Buckets: 131072  Batches: 8  Memory Usage: 3675kB
        ->  Seq Scan on title t  (cost=0.00..67604.59 rows=606846 width=4) (actual time=0.018..1292.508 rows=603411 loops=1)
              Filter: (production_year < 1986)
              Rows Removed by Filter: 1924901
Planning time: 0.765 ms
Execution time: 3441.974 ms
