Hash Join  (cost=185939.47..228697.04 rows=295209 width=0) (actual time=4113.505..5618.916 rows=826820 loops=1)
  Hash Cond: (mi_idx.movie_id = t.id)
  ->  Seq Scan on movie_info_idx mi_idx  (cost=0.00..21735.35 rows=1380035 width=4) (actual time=0.010..471.094 rows=1380035 loops=1)
  ->  Hash  (cost=177065.38..177065.38 rows=540887 width=8) (actual time=4112.479..4112.479 rows=538931 loops=1)
        Buckets: 131072  Batches: 8  Memory Usage: 3656kB
        ->  Hash Join  (cost=102767.86..177065.38 rows=540887 width=8) (actual time=2243.472..3954.346 rows=538931 loops=1)
              Hash Cond: (mc.movie_id = t.id)
              ->  Seq Scan on movie_companies mc  (cost=0.00..51404.11 rows=540887 width=4) (actual time=0.018..848.670 rows=538931 loops=1)
                    Filter: (company_id < 530)
                    Rows Removed by Filter: 2070198
              ->  Hash  (cost=61283.27..61283.27 rows=2528527 width=4) (actual time=2241.252..2241.252 rows=2528312 loops=1)
                    Buckets: 131072  Batches: 64  Memory Usage: 2415kB
                    ->  Seq Scan on title t  (cost=0.00..61283.27 rows=2528527 width=4) (actual time=0.031..1177.915 rows=2528312 loops=1)
Planning time: 1.118 ms
Execution time: 5715.668 ms
