Hash Join  (cost=81821.64..962627.22 rows=1171096 width=0) (actual time=6608.666..16636.008 rows=693242 loops=1)
  Hash Cond: (ci.movie_id = t.id)
  ->  Seq Scan on cast_info ci  (cost=0.00..796071.18 rows=6152918 width=4) (actual time=5251.981..13244.047 rows=3598116 loops=1)
        Filter: ((person_id < 1801817) AND (role_id > 3))
        Rows Removed by Filter: 32646228
  ->  Hash  (cost=73925.90..73925.90 rows=481259 width=4) (actual time=1355.484..1355.484 rows=518327 loops=1)
        Buckets: 131072  Batches: 8  Memory Usage: 3301kB
        ->  Seq Scan on title t  (cost=0.00..73925.90 rows=481259 width=4) (actual time=0.022..1189.944 rows=518327 loops=1)
              Filter: ((production_year > 2007) AND (kind_id = 7))
              Rows Removed by Filter: 2009985
Planning time: 0.744 ms
Execution time: 16720.044 ms
