Hash Join  (cost=128838.96..510677.31 rows=7016 width=0) (actual time=2246.866..10041.493 rows=35495 loops=1)
  Hash Cond: (mi.movie_id = t.id)
  ->  Seq Scan on movie_info mi  (cost=0.00..346232.03 rows=9476311 width=4) (actual time=0.011..6202.246 rows=9565151 loops=1)
        Filter: (info_type_id < 16)
        Rows Removed by Filter: 5270569
  ->  Hash  (cost=128815.56..128815.56 rows=1872 width=8) (actual time=2246.614..2246.614 rows=3876 loops=1)
        Buckets: 4096 (originally 2048)  Batches: 1 (originally 1)  Memory Usage: 184kB
        ->  Hash Join  (cost=69928.56..128815.56 rows=1872 width=8) (actual time=1388.611..2245.284 rows=3876 loops=1)
              Hash Cond: (mc.movie_id = t.id)
              ->  Seq Scan on movie_companies mc  (cost=0.00..57926.93 rows=33424 width=4) (actual time=279.289..966.041 rows=64542 loops=1)
                    Filter: ((company_id > 180501) AND (company_type_id = 2))
                    Rows Removed by Filter: 2544587
              ->  Hash  (cost=67604.59..67604.59 rows=141598 width=4) (actual time=1108.433..1108.433 rows=141703 loops=1)
                    Buckets: 131072  Batches: 2  Memory Usage: 3511kB
                    ->  Seq Scan on title t  (cost=0.00..67604.59 rows=141598 width=4) (actual time=0.024..1054.789 rows=141703 loops=1)
                          Filter: (production_year = 2010)
                          Rows Removed by Filter: 2386609
Planning time: 0.786 ms
Execution time: 10047.783 ms
