Hash Join  (cost=102767.86..204729.39 rows=460456 width=0) (actual time=1994.868..4238.237 rows=457109 loops=1)
  Hash Cond: (mk.movie_id = t.id)
  ->  Seq Scan on movie_keyword mk  (cost=0.00..81003.12 rows=460456 width=4) (actual time=0.027..1476.084 rows=457109 loops=1)
        Filter: (keyword_id > 38804)
        Rows Removed by Filter: 4066821
  ->  Hash  (cost=61283.27..61283.27 rows=2528527 width=4) (actual time=1988.041..1988.041 rows=2528312 loops=1)
        Buckets: 131072  Batches: 64  Memory Usage: 2425kB
        ->  Seq Scan on title t  (cost=0.00..61283.27 rows=2528527 width=4) (actual time=0.014..1125.875 rows=2528312 loops=1)
Planning time: 0.690 ms
Execution time: 4294.844 ms
