Seq Scan on movie_companies mc  (cost=0.00..57926.93 rows=741511 width=0) (actual time=0.026..970.703 rows=960221 loops=1)
  Filter: ((company_id > 8968) AND (company_type_id = 2))
  Rows Removed by Filter: 1648908
Planning time: 0.513 ms
Execution time: 1088.227 ms
