Seq Scan on cast_info ci  (cost=0.00..705507.15 rows=13333616 width=0) (actual time=0.047..11968.939 rows=13470428 loops=1)
  Filter: (person_id > 2325291)
  Rows Removed by Filter: 22773916
Planning time: 0.556 ms
Execution time: 13648.818 ms
