Hash Join  (cost=195723.15..712974.59 rows=811229 width=0) (actual time=4565.272..17193.288 rows=5432492 loops=1)
  Hash Cond: (mi.movie_id = t.id)
  ->  Seq Scan on movie_info mi  (cost=0.00..346232.03 rows=12665229 width=4) (actual time=0.025..7159.114 rows=12744652 loops=1)
        Filter: (info_type_id > 2)
        Rows Removed by Filter: 2091068
  ->  Hash  (cost=193065.70..193065.70 rows=161956 width=8) (actual time=3937.884..3937.884 rows=183129 loops=1)
        Buckets: 131072  Batches: 4  Memory Usage: 2840kB
        ->  Hash Join  (cost=69090.10..193065.70 rows=161956 width=8) (actual time=1331.944..3880.544 rows=183129 loops=1)
              Hash Cond: (mk.movie_id = t.id)
              ->  Seq Scan on movie_keyword mk  (cost=0.00..69693.30 rows=4523930 width=4) (actual time=0.013..1399.721 rows=4523930 loops=1)
              ->  Hash  (cost=67604.59..67604.59 rows=90521 width=4) (actual time=1121.517..1121.517 rows=90852 loops=1)
                    Buckets: 131072  Batches: 2  Memory Usage: 2632kB
                    ->  Seq Scan on title t  (cost=0.00..67604.59 rows=90521 width=4) (actual time=0.032..1083.002 rows=90852 loops=1)
                          Filter: (kind_id = 2)
                          Rows Removed by Filter: 2437460
Planning time: 1.170 ms
Execution time: 17721.711 ms
