Seq Scan on movie_companies mc  (cost=0.00..57926.93 rows=473115 width=0) (actual time=384.028..915.016 rows=270812 loops=1)
  Filter: ((company_id < 3283) AND (company_type_id = 2))
  Rows Removed by Filter: 2338317
Planning time: 0.394 ms
Execution time: 949.282 ms
