Seq Scan on movie_keyword mk  (cost=0.00..81003.12 rows=364426 width=0) (actual time=0.030..1327.447 rows=360321 loops=1)
  Filter: (keyword_id > 46224)
  Rows Removed by Filter: 4163609
Planning time: 8.545 ms
Execution time: 1373.834 ms
