Seq Scan on movie_keyword mk  (cost=0.00..81003.12 rows=246 width=0) (actual time=207.393..1275.768 rows=7 loops=1)
  Filter: (keyword_id = 37790)
  Rows Removed by Filter: 4523923
Planning time: 0.351 ms
Execution time: 1275.867 ms
