Hash Join  (cost=82423.69..1094211.63 rows=7145527 width=0) (actual time=1520.513..28991.164 rows=8626641 loops=1)
  Hash Cond: (ci.movie_id = t.id)
  ->  Seq Scan on cast_info ci  (cost=0.00..705507.15 rows=20003872 width=4) (actual time=0.026..14683.445 rows=20147150 loops=1)
        Filter: (person_id > 1594222)
        Rows Removed by Filter: 16097194
  ->  Hash  (cost=67604.59..67604.59 rows=903208 width=4) (actual time=1519.614..1519.614 rows=904491 loops=1)
        Buckets: 131072  Batches: 16  Memory Usage: 3010kB
        ->  Seq Scan on title t  (cost=0.00..67604.59 rows=903208 width=4) (actual time=0.019..1220.862 rows=904491 loops=1)
              Filter: (production_year > 2006)
              Rows Removed by Filter: 1623821
Planning time: 0.801 ms
Execution time: 30002.176 ms
