Hash Join  (cost=799706.59..1164377.97 rows=1545 width=0) (actual time=14680.889..21574.787 rows=1129 loops=1)
  Hash Cond: (mi.movie_id = t.id)
  ->  Seq Scan on movie_info mi  (cost=0.00..309384.22 rows=14739122 width=4) (actual time=0.018..4342.521 rows=14835720 loops=1)
  ->  Hash  (cost=799703.28..799703.28 rows=265 width=8) (actual time=14496.807..14496.807 rows=241 loops=1)
        Buckets: 1024  Batches: 1  Memory Usage: 18kB
        ->  Nested Loop  (cost=0.43..799703.28 rows=265 width=8) (actual time=5248.200..14496.685 rows=241 loops=1)
              ->  Seq Scan on cast_info ci  (cost=0.00..796071.18 rows=435 width=4) (actual time=5246.521..14489.921 rows=345 loops=1)
                    Filter: ((role_id < 10) AND (person_id = 2139966))
                    Rows Removed by Filter: 36243999
              ->  Index Scan using title_pkey on title t  (cost=0.43..8.34 rows=1 width=4) (actual time=0.019..0.019 rows=1 loops=345)
                    Index Cond: (id = ci.movie_id)
                    Filter: (kind_id = 7)
                    Rows Removed by Filter: 0
Planning time: 1.922 ms
Execution time: 21575.194 ms
