Hash Join  (cost=94699.36..482791.68 rows=17843 width=0) (actual time=1672.780..9993.409 rows=199024 loops=1)
  Hash Cond: (mi.movie_id = t.id)
  ->  Seq Scan on movie_info mi  (cost=0.00..346232.03 rows=11115165 width=4) (actual time=0.019..6245.909 rows=11210743 loops=1)
        Filter: (info_type_id > 3)
        Rows Removed by Filter: 3624977
  ->  Hash  (cost=94648.62..94648.62 rows=4059 width=8) (actual time=1672.238..1672.238 rows=15462 loops=1)
        Buckets: 16384 (originally 4096)  Batches: 1 (originally 1)  Memory Usage: 732kB
        ->  Hash Join  (cost=67697.55..94648.62 rows=4059 width=8) (actual time=1097.170..1666.356 rows=15462 loops=1)
              Hash Cond: (mi_idx.movie_id = t.id)
              ->  Seq Scan on movie_info_idx mi_idx  (cost=0.00..21735.35 rows=1380035 width=4) (actual time=0.014..276.007 rows=1380035 loops=1)
              ->  Hash  (cost=67604.59..67604.59 rows=7437 width=4) (actual time=1097.093..1097.093 rows=20122 loops=1)
                    Buckets: 32768 (originally 8192)  Batches: 1 (originally 1)  Memory Usage: 964kB
                    ->  Seq Scan on title t  (cost=0.00..67604.59 rows=7437 width=4) (actual time=0.098..1087.919 rows=20122 loops=1)
                          Filter: (production_year = 1987)
                          Rows Removed by Filter: 2508190
Planning time: 1.141 ms
Execution time: 10020.962 ms
