Hash Join  (cost=171895.56..260404.38 rows=37335 width=0) (actual time=3819.045..5671.859 rows=368848 loops=1)
  Hash Cond: (mk.movie_id = t.id)
  ->  Seq Scan on movie_keyword mk  (cost=0.00..81003.12 rows=559824 width=4) (actual time=0.037..1428.371 rows=555910 loops=1)
        Filter: (keyword_id > 33044)
        Rows Removed by Filter: 3968020
  ->  Hash  (cost=169128.73..169128.73 rows=168627 width=8) (actual time=3818.223..3818.223 rows=345919 loops=1)
        Buckets: 131072 (originally 131072)  Batches: 8 (originally 4)  Memory Usage: 3073kB
        ->  Hash Join  (cost=99161.12..169128.73 rows=168627 width=8) (actual time=2273.515..3703.819 rows=345919 loops=1)
              Hash Cond: (mc.movie_id = t.id)
              ->  Seq Scan on movie_companies mc  (cost=0.00..57926.93 rows=221679 width=4) (actual time=278.364..1026.680 rows=440455 loops=1)
                    Filter: ((company_id > 78219) AND (company_type_id > 1))
                    Rows Removed by Filter: 2168674
              ->  Hash  (cost=67604.59..67604.59 rows=1923403 width=4) (actual time=1993.912..1993.912 rows=1922849 loops=1)
                    Buckets: 131072  Batches: 32  Memory Usage: 3132kB
                    ->  Seq Scan on title t  (cost=0.00..67604.59 rows=1923403 width=4) (actual time=0.027..1398.730 rows=1922849 loops=1)
                          Filter: (production_year < 2010)
                          Rows Removed by Filter: 605463
Planning time: 1.104 ms
Execution time: 5720.552 ms
