Seq Scan on movie_companies mc  (cost=0.00..57926.93 rows=676570 width=0) (actual time=1.051..955.548 rows=923087 loops=1)
  Filter: ((company_id < 11761) AND (company_type_id = 1))
  Rows Removed by Filter: 1686042
Planning time: 0.342 ms
Execution time: 1071.330 ms
