Nested Loop  (cost=0.43..157211.54 rows=17374 width=0) (actual time=1.017..965.517 rows=619 loops=1)
  ->  Seq Scan on movie_companies mc  (cost=0.00..57926.93 rows=17374 width=4) (actual time=0.971..942.102 rows=619 loops=1)
        Filter: ((company_type_id > 1) AND (company_id = 160))
        Rows Removed by Filter: 2608510
  ->  Index Only Scan using title_pkey on title t  (cost=0.43..5.70 rows=1 width=4) (actual time=0.036..0.037 rows=1 loops=619)
        Index Cond: (id = mc.movie_id)
        Heap Fetches: 619
Planning time: 0.688 ms
Execution time: 965.818 ms
