Seq Scan on cast_info ci  (cost=0.00..705507.15 rows=1221623 width=0) (actual time=1944.954..11684.684 rows=1247451 loops=1)
  Filter: (person_id > 3820438)
  Rows Removed by Filter: 34996893
Planning time: 0.330 ms
Execution time: 11837.718 ms
