Hash Join  (cost=74223.04..101195.69 rows=4371 width=0) (actual time=1142.612..1724.667 rows=9612 loops=1)
  Hash Cond: (mi_idx.movie_id = t.id)
  ->  Seq Scan on movie_info_idx mi_idx  (cost=0.00..25185.44 rows=464934 width=4) (actual time=0.026..461.642 rows=460185 loops=1)
        Filter: (info_type_id > 100)
        Rows Removed by Filter: 919850
  ->  Hash  (cost=73925.90..73925.90 rows=23771 width=4) (actual time=1142.380..1142.380 rows=20633 loops=1)
        Buckets: 32768  Batches: 1  Memory Usage: 982kB
        ->  Seq Scan on title t  (cost=0.00..73925.90 rows=23771 width=4) (actual time=0.270..1133.553 rows=20633 loops=1)
              Filter: ((kind_id < 7) AND (production_year = 2002))
              Rows Removed by Filter: 2507679
Planning time: 0.724 ms
Execution time: 1726.444 ms
