Hash Join  (cost=223377.38..267948.95 rows=400909 width=0) (actual time=4588.111..6166.283 rows=1528732 loops=1)
  Hash Cond: (mi_idx.movie_id = t.id)
  ->  Seq Scan on movie_info_idx mi_idx  (cost=0.00..21735.35 rows=1380035 width=4) (actual time=0.020..475.420 rows=1380035 loops=1)
  ->  Hash  (cost=211325.47..211325.47 rows=734553 width=8) (actual time=4587.077..4587.077 rows=734912 loops=1)
        Buckets: 131072  Batches: 16  Memory Usage: 2844kB
        ->  Hash Join  (cost=102767.86..211325.47 rows=734553 width=8) (actual time=1955.421..4375.838 rows=734912 loops=1)
              Hash Cond: (mk.movie_id = t.id)
              ->  Seq Scan on movie_keyword mk  (cost=0.00..81003.12 rows=734553 width=4) (actual time=0.027..1415.512 rows=734912 loops=1)
                    Filter: (keyword_id < 659)
                    Rows Removed by Filter: 3789018
              ->  Hash  (cost=61283.27..61283.27 rows=2528527 width=4) (actual time=1953.168..1953.168 rows=2528312 loops=1)
                    Buckets: 131072  Batches: 64  Memory Usage: 2425kB
                    ->  Seq Scan on title t  (cost=0.00..61283.27 rows=2528527 width=4) (actual time=0.016..1101.419 rows=2528312 loops=1)
Planning time: 1.166 ms
Execution time: 6347.250 ms
