Hash Join  (cost=95693.05..235242.16 rows=1665668 width=0) (actual time=1942.958..5271.193 rows=390905 loops=1)
  Hash Cond: (mk.movie_id = t.id)
  ->  Seq Scan on movie_keyword mk  (cost=0.00..81003.12 rows=3174481 width=4) (actual time=0.019..1786.944 rows=3164137 loops=1)
        Filter: (keyword_id < 12343)
        Rows Removed by Filter: 1359793
  ->  Hash  (cost=73925.90..73925.90 rows=1326732 width=4) (actual time=1834.765..1834.765 rows=1405802 loops=1)
        Buckets: 131072  Batches: 32  Memory Usage: 2576kB
        ->  Seq Scan on title t  (cost=0.00..73925.90 rows=1326732 width=4) (actual time=0.012..1386.685 rows=1405802 loops=1)
              Filter: ((production_year > 1963) AND (kind_id = 7))
              Rows Removed by Filter: 1122510
Planning time: 0.490 ms
Execution time: 5314.561 ms
