Hash Join  (cost=1018504.83..3681503.47 rows=126781636 width=0) (actual time=25366.995..128910.686 rows=272543299 loops=1)
  Hash Cond: (ci.movie_id = t.id)
  ->  Seq Scan on cast_info ci  (cost=0.00..705507.15 rows=21749653 width=4) (actual time=0.018..15580.689 rows=21842175 loops=1)
        Filter: (person_id > 1418413)
        Rows Removed by Filter: 14402169
  ->  Hash  (cost=776690.81..776690.81 rows=14739122 width=8) (actual time=25365.947..25365.947 rows=14835720 loops=1)
        Buckets: 131072  Batches: 256  Memory Usage: 3268kB
        ->  Hash Join  (cost=102767.86..776690.81 rows=14739122 width=8) (actual time=1928.409..20925.986 rows=14835720 loops=1)
              Hash Cond: (mi.movie_id = t.id)
              ->  Seq Scan on movie_info mi  (cost=0.00..309384.22 rows=14739122 width=4) (actual time=0.023..6338.994 rows=14835720 loops=1)
              ->  Hash  (cost=61283.27..61283.27 rows=2528527 width=4) (actual time=1926.586..1926.586 rows=2528312 loops=1)
                    Buckets: 131072  Batches: 64  Memory Usage: 2425kB
                    ->  Seq Scan on title t  (cost=0.00..61283.27 rows=2528527 width=4) (actual time=0.060..1068.482 rows=2528312 loops=1)
Planning time: 1.184 ms
Execution time: 158929.462 ms
