Hash Join  (cost=94176.46..131764.79 rows=225023 width=0) (actual time=1905.115..2926.885 rows=123247 loops=1)
  Hash Cond: (mi_idx.movie_id = t.id)
  ->  Seq Scan on movie_info_idx mi_idx  (cost=0.00..25185.44 rows=460978 width=4) (actual time=0.019..558.400 rows=459925 loops=1)
        Filter: (info_type_id < 100)
        Rows Removed by Filter: 920110
  ->  Hash  (cost=73925.90..73925.90 rows=1234284 width=4) (actual time=1904.326..1904.326 rows=1316754 loops=1)
        Buckets: 131072  Batches: 32  Memory Usage: 2476kB
        ->  Seq Scan on title t  (cost=0.00..73925.90 rows=1234284 width=4) (actual time=0.027..1482.512 rows=1316754 loops=1)
              Filter: ((production_year > 1974) AND (kind_id = 7))
              Rows Removed by Filter: 1211558
Planning time: 0.746 ms
Execution time: 2941.076 ms
