Seq Scan on cast_info ci  (cost=0.00..796071.18 rows=197689 width=0) (actual time=2394.543..13460.897 rows=75311 loops=1)
  Filter: ((person_id < 2046547) AND (role_id > 10))
  Rows Removed by Filter: 36169033
Planning time: 0.349 ms
Execution time: 13470.855 ms
