Seq Scan on cast_info ci  (cost=0.00..796071.18 rows=10896828 width=0) (actual time=5369.133..15867.985 rows=8191880 loops=1)
  Filter: ((person_id < 3340834) AND (role_id > 3))
  Rows Removed by Filter: 28052464
Planning time: 0.372 ms
Execution time: 16890.470 ms
