Hash Join  (cost=626739.18..2394101.28 rows=58184793 width=0) (actual time=14073.292..70062.748 rows=76577856 loops=1)
  Hash Cond: (ci.movie_id = t.id)
  ->  Seq Scan on cast_info ci  (cost=0.00..614943.12 rows=36225612 width=4) (actual time=0.013..13227.733 rows=36244344 loops=1)
  ->  Hash  (cost=560108.37..560108.37 rows=4061265 width=8) (actual time=14070.603..14070.603 rows=4198038 loops=1)
        Buckets: 131072  Batches: 64  Memory Usage: 3588kB
        ->  Hash Join  (cost=101489.21..560108.37 rows=4061265 width=8) (actual time=4633.368..12517.967 rows=4198038 loops=1)
              Hash Cond: (mi.movie_id = t.id)
              ->  Seq Scan on movie_info mi  (cost=0.00..346232.03 rows=4972096 width=4) (actual time=2783.118..6178.868 rows=4923966 loops=1)
                    Filter: (info_type_id < 5)
                    Rows Removed by Filter: 9911754
              ->  Hash  (cost=67604.59..67604.59 rows=2065330 width=4) (actual time=1849.257..1849.257 rows=2064552 loops=1)
                    Buckets: 131072  Batches: 32  Memory Usage: 3298kB
                    ->  Seq Scan on title t  (cost=0.00..67604.59 rows=2065330 width=4) (actual time=0.041..1196.902 rows=2064552 loops=1)
                          Filter: (production_year < 2011)
                          Rows Removed by Filter: 463760
Planning time: 1.160 ms
Execution time: 78416.952 ms
