Seq Scan on cast_info ci  (cost=0.00..705507.15 rows=29215274 width=0) (actual time=0.017..13544.323 rows=29297431 loops=1)
  Filter: (person_id > 671454)
  Rows Removed by Filter: 6946913
Planning time: 0.353 ms
Execution time: 17235.837 ms
