Hash Join  (cost=131843.76..887363.05 rows=473012 width=0) (actual time=2380.565..21820.490 rows=1130155 loops=1)
  Hash Cond: (ci.movie_id = t.id)
  ->  Seq Scan on cast_info ci  (cost=0.00..614943.12 rows=36225612 width=4) (actual time=0.018..8675.160 rows=36244344 loops=1)
  ->  Hash  (cost=131431.06..131431.06 rows=33016 width=8) (actual time=2380.223..2380.223 rows=43901 loops=1)
        Buckets: 65536  Batches: 1  Memory Usage: 2227kB
        ->  Hash Join  (cost=74710.74..131431.06 rows=33016 width=8) (actual time=1121.174..2362.997 rows=43901 loops=1)
              Hash Cond: (mc.movie_id = t.id)
              ->  Seq Scan on movie_companies mc  (cost=0.00..51404.11 rows=1329612 width=4) (actual time=0.016..874.733 rows=1334883 loops=1)
                    Filter: (company_type_id = 2)
                    Rows Removed by Filter: 1274246
              ->  Hash  (cost=73925.90..73925.90 rows=62787 width=4) (actual time=1120.810..1120.810 rows=53770 loops=1)
                    Buckets: 65536  Batches: 1  Memory Usage: 2403kB
                    ->  Seq Scan on title t  (cost=0.00..73925.90 rows=62787 width=4) (actual time=0.020..1100.070 rows=53770 loops=1)
                          Filter: ((kind_id < 7) AND (production_year = 2011))
                          Rows Removed by Filter: 2474542
Planning time: 0.818 ms
Execution time: 21972.135 ms
