Seq Scan on cast_info ci  (cost=0.00..796071.18 rows=224 width=0) (actual time=2508.906..14229.009 rows=174 loops=1)
  Filter: ((role_id > 2) AND (person_id = 2884744))
  Rows Removed by Filter: 36244170
Planning time: 0.387 ms
Execution time: 14229.122 ms
