Hash Join  (cost=135073.28..886892.69 rows=103024 width=0) (actual time=2167.911..18799.804 rows=85778 loops=1)
  Hash Cond: (ci.movie_id = t.id)
  ->  Seq Scan on cast_info ci  (cost=0.00..614943.12 rows=36225612 width=4) (actual time=0.026..8966.637 rows=36244344 loops=1)
  ->  Hash  (cost=134983.40..134983.40 rows=7191 width=8) (actual time=2167.598..2167.598 rows=3355 loops=1)
        Buckets: 8192  Batches: 1  Memory Usage: 196kB
        ->  Hash Join  (cost=74235.99..134983.40 rows=7191 width=8) (actual time=1843.594..2166.261 rows=3355 loops=1)
              Hash Cond: (mc.movie_id = t.id)
              ->  Seq Scan on movie_companies mc  (cost=0.00..57926.93 rows=732949 width=4) (actual time=0.008..973.308 rows=456950 loops=1)
                    Filter: ((company_id < 12643) AND (company_type_id > 1))
                    Rows Removed by Filter: 2152179
              ->  Hash  (cost=73925.90..73925.90 rows=24807 width=4) (actual time=1075.712..1075.712 rows=25986 loops=1)
                    Buckets: 32768  Batches: 1  Memory Usage: 1170kB
                    ->  Seq Scan on title t  (cost=0.00..73925.90 rows=24807 width=4) (actual time=0.023..1064.492 rows=25986 loops=1)
                          Filter: ((kind_id = 7) AND (production_year = 1997))
                          Rows Removed by Filter: 2502326
Planning time: 2.927 ms
Execution time: 18814.777 ms
