Hash Join  (cost=150492.46..613331.94 rows=637228 width=0) (actual time=3120.894..13770.684 rows=961837 loops=1)
  Hash Cond: (mi.movie_id = t.id)
  ->  Seq Scan on movie_info mi  (cost=0.00..346232.03 rows=9476311 width=4) (actual time=0.022..6371.045 rows=9565151 loops=1)
        Filter: (info_type_id < 16)
        Rows Removed by Filter: 5270569
  ->  Hash  (cost=147702.10..147702.10 rows=170029 width=8) (actual time=3119.609..3119.609 rows=114526 loops=1)
        Buckets: 131072  Batches: 4  Memory Usage: 2162kB
        ->  Hash Join  (cost=70308.29..147702.10 rows=170029 width=8) (actual time=1151.108..3081.244 rows=114526 loops=1)
              Hash Cond: (mc.movie_id = t.id)
              ->  Seq Scan on movie_companies mc  (cost=0.00..44881.29 rows=2609129 width=4) (actual time=0.014..848.854 rows=2609129 loops=1)
              ->  Hash  (cost=67604.59..67604.59 rows=164776 width=4) (actual time=1150.288..1150.288 rows=164307 loops=1)
                    Buckets: 131072  Batches: 4  Memory Usage: 2482kB
                    ->  Seq Scan on title t  (cost=0.00..67604.59 rows=164776 width=4) (actual time=0.022..1092.408 rows=164307 loops=1)
                          Filter: (production_year = 2012)
                          Rows Removed by Filter: 2364005
Planning time: 1.141 ms
Execution time: 13885.274 ms
