Hash Join  (cost=210930.27..720832.45 rows=2820525 width=0) (actual time=4291.970..24110.194 rows=31126756 loops=1)
  Hash Cond: (mi.movie_id = t.id)
  ->  Seq Scan on movie_info mi  (cost=0.00..309384.22 rows=14739122 width=4) (actual time=0.012..6353.161 rows=14835720 loops=1)
  ->  Hash  (cost=202990.93..202990.93 rows=483867 width=8) (actual time=4290.414..4290.414 rows=542792 loops=1)
        Buckets: 131072  Batches: 8  Memory Usage: 3773kB
        ->  Hash Join  (cost=101489.21..202990.93 rows=483867 width=8) (actual time=2049.093..4121.287 rows=542792 loops=1)
              Hash Cond: (mk.movie_id = t.id)
              ->  Seq Scan on movie_keyword mk  (cost=0.00..81003.12 rows=592385 width=4) (actual time=0.026..1269.113 rows=593035 loops=1)
                    Filter: (keyword_id > 31015)
                    Rows Removed by Filter: 3930895
              ->  Hash  (cost=67604.59..67604.59 rows=2065330 width=4) (actual time=2047.558..2047.558 rows=2064552 loops=1)
                    Buckets: 131072  Batches: 32  Memory Usage: 3298kB
                    ->  Seq Scan on title t  (cost=0.00..67604.59 rows=2065330 width=4) (actual time=0.015..1358.982 rows=2064552 loops=1)
                          Filter: (production_year < 2011)
                          Rows Removed by Filter: 463760
Planning time: 1.147 ms
Execution time: 27440.009 ms
