Seq Scan on title t  (cost=0.00..73925.90 rows=236773 width=0) (actual time=0.035..962.889 rows=208162 loops=1)
  Filter: ((kind_id < 3) AND (production_year > 2007))
  Rows Removed by Filter: 2320150
Planning time: 0.318 ms
Execution time: 985.146 ms
