Hash Join  (cost=156209.36..217634.94 rows=110865 width=0) (actual time=4078.861..5523.938 rows=319487 loops=1)
  Hash Cond: (mc.movie_id = t.id)
  ->  Seq Scan on movie_companies mc  (cost=0.00..51404.11 rows=617285 width=4) (actual time=0.026..986.555 rows=613107 loops=1)
        Filter: (company_id < 741)
        Rows Removed by Filter: 1996022
  ->  Hash  (cost=148758.81..148758.81 rows=454124 width=8) (actual time=4078.036..4078.036 rows=459925 loops=1)
        Buckets: 131072  Batches: 8  Memory Usage: 3275kB
        ->  Hash Join  (cost=102767.86..148758.81 rows=454124 width=8) (actual time=2701.529..3945.371 rows=459925 loops=1)
              Hash Cond: (mi_idx.movie_id = t.id)
              ->  Seq Scan on movie_info_idx mi_idx  (cost=0.00..25185.44 rows=454124 width=4) (actual time=0.025..470.190 rows=459925 loops=1)
                    Filter: (info_type_id = 100)
                    Rows Removed by Filter: 920110
              ->  Hash  (cost=61283.27..61283.27 rows=2528527 width=4) (actual time=2700.060..2700.060 rows=2528312 loops=1)
                    Buckets: 131072  Batches: 64  Memory Usage: 2415kB
                    ->  Seq Scan on title t  (cost=0.00..61283.27 rows=2528527 width=4) (actual time=0.012..1104.897 rows=2528312 loops=1)
Planning time: 4.868 ms
Execution time: 5564.657 ms
