Hash Join  (cost=83074.74..833899.15 rows=3524 width=0) (actual time=1320.703..17794.658 rows=139734 loops=1)
  Hash Cond: (ci.movie_id = t.id)
  ->  Seq Scan on cast_info ci  (cost=0.00..614943.12 rows=36225612 width=4) (actual time=0.024..9079.091 rows=36244344 loops=1)
  ->  Hash  (cost=83071.67..83071.67 rows=246 width=8) (actual time=1320.564..1320.564 rows=2412 loops=1)
        Buckets: 4096 (originally 1024)  Batches: 1 (originally 1)  Memory Usage: 127kB
        ->  Nested Loop  (cost=0.43..83071.67 rows=246 width=8) (actual time=0.350..1318.922 rows=2412 loops=1)
              ->  Seq Scan on movie_keyword mk  (cost=0.00..81003.12 rows=246 width=4) (actual time=0.282..1219.621 rows=2412 loops=1)
                    Filter: (keyword_id = 1138)
                    Rows Removed by Filter: 4521518
              ->  Index Only Scan using title_pkey on title t  (cost=0.43..8.40 rows=1 width=4) (actual time=0.040..0.040 rows=1 loops=2412)
                    Index Cond: (id = mk.movie_id)
                    Heap Fetches: 2412
Planning time: 1.157 ms
Execution time: 17821.472 ms
