Hash Join  (cost=97476.44..197045.92 rows=1477022 width=0) (actual time=1943.583..4617.165 rows=1245757 loops=1)
  Hash Cond: (mc.movie_id = t.id)
  ->  Seq Scan on movie_companies mc  (cost=0.00..51404.11 rows=2051230 width=4) (actual time=0.020..1141.084 rows=2053864 loops=1)
        Filter: (company_id > 575)
        Rows Removed by Filter: 555265
  ->  Hash  (cost=67604.59..67604.59 rows=1820708 width=4) (actual time=1940.432..1940.432 rows=1813245 loops=1)
        Buckets: 131072  Batches: 32  Memory Usage: 3022kB
        ->  Seq Scan on title t  (cost=0.00..67604.59 rows=1820708 width=4) (actual time=0.030..1350.455 rows=1813245 loops=1)
              Filter: (production_year > 1987)
              Rows Removed by Filter: 715067
Planning time: 0.784 ms
Execution time: 4731.474 ms
