Seq Scan on movie_keyword mk  (cost=0.00..81003.12 rows=3780602 width=0) (actual time=0.024..1627.046 rows=3773536 loops=1)
  Filter: (keyword_id > 680)
  Rows Removed by Filter: 750394
Planning time: 0.339 ms
Execution time: 2089.182 ms
