Nested Loop  (cost=0.43..83071.67 rows=246 width=0) (actual time=44.871..1222.279 rows=63 loops=1)
  ->  Seq Scan on movie_keyword mk  (cost=0.00..81003.12 rows=246 width=4) (actual time=44.782..1219.497 rows=63 loops=1)
        Filter: (keyword_id = 4793)
        Rows Removed by Filter: 4523867
  ->  Index Only Scan using title_pkey on title t  (cost=0.43..8.40 rows=1 width=4) (actual time=0.038..0.039 rows=1 loops=63)
        Index Cond: (id = mk.movie_id)
        Heap Fetches: 63
Planning time: 0.626 ms
Execution time: 1222.389 ms
