Hash Join  (cost=220647.49..1401689.77 rows=9925003 width=0) (actual time=5001.087..43856.249 rows=31611512 loops=1)
  Hash Cond: (ci.movie_id = t.id)
  ->  Seq Scan on cast_info ci  (cost=0.00..614943.12 rows=36225612 width=4) (actual time=0.012..13266.817 rows=36244344 loops=1)
  ->  Hash  (cost=209280.99..209280.99 rows=692760 width=8) (actual time=4999.465..4999.465 rows=957960 loops=1)
        Buckets: 131072  Batches: 16  Memory Usage: 3430kB
        ->  Hash Join  (cost=75071.77..209280.99 rows=692760 width=8) (actual time=1311.663..4733.428 rows=957960 loops=1)
              Hash Cond: (mk.movie_id = t.id)
              ->  Seq Scan on movie_keyword mk  (cost=0.00..81003.12 rows=3848663 width=4) (actual time=0.027..1639.252 rows=3845204 loops=1)
                    Filter: (keyword_id < 27586)
                    Rows Removed by Filter: 678726
              ->  Hash  (cost=67604.59..67604.59 rows=455135 width=4) (actual time=1310.396..1310.396 rows=451569 loops=1)
                    Buckets: 131072  Batches: 8  Memory Usage: 3010kB
                    ->  Seq Scan on title t  (cost=0.00..67604.59 rows=455135 width=4) (actual time=0.019..1152.158 rows=451569 loops=1)
                          Filter: (production_year < 1976)
                          Rows Removed by Filter: 2076743
Planning time: 1.163 ms
Execution time: 47345.897 ms
