Hash Join  (cost=1018504.83..3547634.71 rows=111805192 width=0) (actual time=24929.964..126432.127 rows=274042133 loops=1)
  Hash Cond: (ci.movie_id = t.id)
  ->  Seq Scan on cast_info ci  (cost=0.00..796071.18 rows=19180413 width=4) (actual time=0.020..18765.817 rows=21725888 loops=1)
        Filter: ((person_id > 636478) AND (role_id > 1))
        Rows Removed by Filter: 14518456
  ->  Hash  (cost=776690.81..776690.81 rows=14739122 width=8) (actual time=24928.217..24928.217 rows=14835720 loops=1)
        Buckets: 131072  Batches: 256  Memory Usage: 3268kB
        ->  Hash Join  (cost=102767.86..776690.81 rows=14739122 width=8) (actual time=1950.380..20901.941 rows=14835720 loops=1)
              Hash Cond: (mi.movie_id = t.id)
              ->  Seq Scan on movie_info mi  (cost=0.00..309384.22 rows=14739122 width=4) (actual time=0.020..6351.454 rows=14835720 loops=1)
              ->  Hash  (cost=61283.27..61283.27 rows=2528527 width=4) (actual time=1948.529..1948.529 rows=2528312 loops=1)
                    Buckets: 131072  Batches: 64  Memory Usage: 2425kB
                    ->  Seq Scan on title t  (cost=0.00..61283.27 rows=2528527 width=4) (actual time=0.020..1094.817 rows=2528312 loops=1)
Planning time: 1.177 ms
Execution time: 156266.538 ms
