Hash Join  (cost=135549.65..934851.09 rows=16993 width=0) (actual time=3580.130..19233.167 rows=3553 loops=1)
  Hash Cond: (ci.movie_id = t.id)
  ->  Seq Scan on cast_info ci  (cost=0.00..705507.15 rows=24966496 width=4) (actual time=1157.436..12699.890 rows=25062336 loops=1)
        Filter: (person_id > 1097344)
        Rows Removed by Filter: 11182008
  ->  Hash  (cost=135528.14..135528.14 rows=1721 width=8) (actual time=2411.897..2411.897 rows=299 loops=1)
        Buckets: 2048  Batches: 1  Memory Usage: 28kB
        ->  Hash Join  (cost=73982.55..135528.14 rows=1721 width=8) (actual time=1526.672..2411.730 rows=299 loops=1)
              Hash Cond: (mc.movie_id = t.id)
              ->  Seq Scan on movie_companies mc  (cost=0.00..57926.93 rows=960384 width=4) (actual time=359.464..1103.972 rows=813876 loops=1)
                    Filter: ((company_id > 846) AND (company_type_id = 1))
                    Rows Removed by Filter: 1795253
              ->  Hash  (cost=73925.90..73925.90 rows=4532 width=4) (actual time=1162.977..1162.977 rows=8269 loops=1)
                    Buckets: 16384 (originally 8192)  Batches: 1 (originally 1)  Memory Usage: 419kB
                    ->  Seq Scan on title t  (cost=0.00..73925.90 rows=4532 width=4) (actual time=0.145..1158.835 rows=8269 loops=1)
                          Filter: ((kind_id = 7) AND (production_year = 1971))
                          Rows Removed by Filter: 2520043
Planning time: 0.927 ms
Execution time: 19234.481 ms
