Hash Join  (cost=101495.65..459323.17 rows=8977 width=0) (actual time=7166.175..8150.717 rows=7857 loops=1)
  Hash Cond: (mi.movie_id = t.id)
  ->  Seq Scan on movie_info mi  (cost=0.00..346232.03 rows=3068194 width=4) (actual time=0.027..5761.807 rows=3036719 loops=1)
        Filter: (info_type_id = 16)
        Rows Removed by Filter: 11799001
  ->  Hash  (cost=101403.17..101403.17 rows=7398 width=8) (actual time=1891.811..1891.811 rows=4503 loops=1)
        Buckets: 8192  Batches: 1  Memory Usage: 240kB
        ->  Hash Join  (cost=74440.79..101403.17 rows=7398 width=8) (actual time=1519.571..1890.002 rows=4503 loops=1)
              Hash Cond: (mi_idx.movie_id = t.id)
              ->  Seq Scan on movie_info_idx mi_idx  (cost=0.00..25185.44 rows=454124 width=4) (actual time=0.026..462.018 rows=459925 loops=1)
                    Filter: (info_type_id = 100)
                    Rows Removed by Filter: 920110
              ->  Hash  (cost=73925.90..73925.90 rows=41191 width=4) (actual time=1296.266..1296.266 rows=43851 loops=1)
                    Buckets: 65536  Batches: 1  Memory Usage: 2054kB
                    ->  Seq Scan on title t  (cost=0.00..73925.90 rows=41191 width=4) (actual time=222.642..1278.173 rows=43851 loops=1)
                          Filter: ((kind_id = 7) AND (production_year = 2003))
                          Rows Removed by Filter: 2484461
Planning time: 2.025 ms
Execution time: 8152.119 ms
