Hash Join  (cost=169363.98..211853.17 rows=279571 width=0) (actual time=3536.016..4962.199 rows=882872 loops=1)
  Hash Cond: (mi_idx.movie_id = t.id)
  ->  Seq Scan on movie_info_idx mi_idx  (cost=0.00..21735.35 rows=1380035 width=4) (actual time=0.017..494.464 rows=1380035 loops=1)
  ->  Hash  (cost=160960.04..160960.04 rows=512235 width=8) (actual time=3535.135..3535.135 rows=602706 loops=1)
        Buckets: 131072  Batches: 8  Memory Usage: 3988kB
        ->  Hash Join  (cost=87245.25..160960.04 rows=512235 width=8) (actual time=1544.282..3382.796 rows=602706 loops=1)
              Hash Cond: (mc.movie_id = t.id)
              ->  Seq Scan on movie_companies mc  (cost=0.00..51404.11 rows=1081954 width=4) (actual time=0.008..959.053 rows=1094737 loops=1)
                    Filter: (company_id > 14144)
                    Rows Removed by Filter: 1514392
              ->  Hash  (cost=67604.59..67604.59 rows=1197093 width=4) (actual time=1543.281..1543.281 rows=1195923 loops=1)
                    Buckets: 131072  Batches: 16  Memory Usage: 3653kB
                    ->  Seq Scan on title t  (cost=0.00..67604.59 rows=1197093 width=4) (actual time=0.016..1190.032 rows=1195923 loops=1)
                          Filter: (production_year < 2003)
                          Rows Removed by Filter: 1332389
Planning time: 1.204 ms
Execution time: 5072.121 ms
