Hash Join  (cost=81417.85..162963.30 rows=471192 width=0) (actual time=1368.907..3659.848 rows=614502 loops=1)
  Hash Cond: (mc.movie_id = t.id)
  ->  Seq Scan on movie_companies mc  (cost=0.00..44881.29 rows=2609129 width=4) (actual time=0.016..912.541 rows=2609129 loops=1)
  ->  Hash  (cost=73925.90..73925.90 rows=456636 width=4) (actual time=1367.985..1367.985 rows=330279 loops=1)
        Buckets: 131072  Batches: 8  Memory Usage: 2482kB
        ->  Seq Scan on title t  (cost=0.00..73925.90 rows=456636 width=4) (actual time=9.853..1257.977 rows=330279 loops=1)
              Filter: ((production_year > 1991) AND (kind_id = 1))
              Rows Removed by Filter: 2198033
Planning time: 0.768 ms
Execution time: 3736.644 ms
