Hash Join  (cost=67976.49..129854.35 rows=12020 width=0) (actual time=1081.047..2343.687 rows=9718 loops=1)
  Hash Cond: (mc.movie_id = t.id)
  ->  Seq Scan on movie_companies mc  (cost=0.00..57926.93 rows=1021528 width=4) (actual time=0.010..1052.096 rows=887455 loops=1)
        Filter: ((company_id > 483) AND (company_type_id = 1))
        Rows Removed by Filter: 1721674
  ->  Hash  (cost=67604.59..67604.59 rows=29752 width=4) (actual time=1080.683..1080.683 rows=30027 loops=1)
        Buckets: 32768  Batches: 1  Memory Usage: 1312kB
        ->  Seq Scan on title t  (cost=0.00..67604.59 rows=29752 width=4) (actual time=0.020..1067.878 rows=30027 loops=1)
              Filter: (production_year = 1994)
              Rows Removed by Filter: 2498285
Planning time: 0.657 ms
Execution time: 2345.432 ms
