Hash Join  (cost=85614.49..1219418.90 rows=6562961 width=0) (actual time=1346.523..33124.126 rows=6730085 loops=1)
  Hash Cond: (ci.movie_id = t.id)
  ->  Seq Scan on cast_info ci  (cost=0.00..796071.18 rows=23292432 width=4) (actual time=0.024..19184.304 rows=23225261 loops=1)
        Filter: ((person_id < 3998089) AND (role_id > 1))
        Rows Removed by Filter: 13019083
  ->  Hash  (cost=73925.90..73925.90 rows=712447 width=4) (actual time=1345.137..1345.137 rows=601795 loops=1)
        Buckets: 131072  Batches: 16  Memory Usage: 2345kB
        ->  Seq Scan on title t  (cost=0.00..73925.90 rows=712447 width=4) (actual time=0.021..1156.382 rows=601795 loops=1)
              Filter: ((kind_id < 4) AND (production_year > 1969))
              Rows Removed by Filter: 1926517
Planning time: 0.794 ms
Execution time: 33799.337 ms
