Hash Join  (cost=106334.30..969828.15 rows=254471 width=0) (actual time=5802.078..20958.357 rows=943958 loops=1)
  Hash Cond: (ci.movie_id = t.id)
  ->  Seq Scan on cast_info ci  (cost=0.00..796071.18 rows=17300792 width=4) (actual time=3867.563..14712.980 rows=15766909 loops=1)
        Filter: ((person_id > 1259342) AND (role_id < 5))
        Rows Removed by Filter: 20477435
  ->  Hash  (cost=105869.41..105869.41 rows=37191 width=8) (actual time=1933.887..1933.887 rows=74098 loops=1)
        Buckets: 131072 (originally 65536)  Batches: 1 (originally 1)  Memory Usage: 3919kB
        ->  Hash Join  (cost=69283.60..105869.41 rows=37191 width=8) (actual time=1067.155..1913.393 rows=74098 loops=1)
              Hash Cond: (mi_idx.movie_id = t.id)
              ->  Seq Scan on movie_info_idx mi_idx  (cost=0.00..25185.44 rows=919057 width=4) (actual time=0.039..547.269 rows=920110 loops=1)
                    Filter: (info_type_id > 99)
                    Rows Removed by Filter: 459925
              ->  Hash  (cost=67604.59..67604.59 rows=102321 width=4) (actual time=1066.240..1066.240 rows=100537 loops=1)
                    Buckets: 131072  Batches: 2  Memory Usage: 2797kB
                    ->  Seq Scan on title t  (cost=0.00..67604.59 rows=102321 width=4) (actual time=357.906..1030.088 rows=100537 loops=1)
                          Filter: (kind_id = 3)
                          Rows Removed by Filter: 2427775
Planning time: 1.221 ms
Execution time: 21076.706 ms
