Hash Join  (cost=102767.86..969007.09 rows=2505480 width=0) (actual time=6884.311..18781.042 rows=1547747 loops=1)
  Hash Cond: (ci.movie_id = t.id)
  ->  Seq Scan on cast_info ci  (cost=0.00..796071.18 rows=2505480 width=4) (actual time=4847.069..14392.853 rows=1547747 loops=1)
        Filter: ((person_id < 2302474) AND (role_id = 3))
        Rows Removed by Filter: 34696597
  ->  Hash  (cost=61283.27..61283.27 rows=2528527 width=4) (actual time=2036.023..2036.023 rows=2528312 loops=1)
        Buckets: 131072  Batches: 64  Memory Usage: 2415kB
        ->  Seq Scan on title t  (cost=0.00..61283.27 rows=2528527 width=4) (actual time=0.022..1199.226 rows=2528312 loops=1)
Planning time: 0.720 ms
Execution time: 18938.365 ms
