Nested Loop  (cost=0.43..116523.02 rows=4826 width=0) (actual time=0.300..1440.269 rows=4883 loops=1)
  ->  Seq Scan on movie_keyword mk  (cost=0.00..81003.12 rows=4826 width=4) (actual time=0.227..1296.739 rows=4883 loops=1)
        Filter: (keyword_id = 508)
        Rows Removed by Filter: 4519047
  ->  Index Only Scan using title_pkey on title t  (cost=0.43..7.35 rows=1 width=4) (actual time=0.028..0.029 rows=1 loops=4883)
        Index Cond: (id = mk.movie_id)
        Heap Fetches: 4883
Planning time: 0.760 ms
Execution time: 1441.681 ms
