Seq Scan on cast_info ci  (cost=0.00..705507.15 rows=500 width=0) (actual time=10441.489..10505.612 rows=37 loops=1)
  Filter: (person_id = 1539415)
  Rows Removed by Filter: 36244307
Planning time: 0.364 ms
Execution time: 10505.719 ms
