Seq Scan on movie_keyword mk  (cost=0.00..81003.12 rows=3263777 width=0) (actual time=0.026..1500.309 rows=3254309 loops=1)
  Filter: (keyword_id < 14024)
  Rows Removed by Filter: 1269621
Planning time: 0.235 ms
Execution time: 1911.816 ms
