Hash Join  (cost=140638.76..1241568.88 rows=6534498 width=0) (actual time=3127.573..39117.289 rows=21887320 loops=1)
  Hash Cond: (ci.movie_id = t.id)
  ->  Seq Scan on cast_info ci  (cost=0.00..614943.12 rows=36225612 width=4) (actual time=0.019..13353.082 rows=36244344 loops=1)
  ->  Hash  (cost=133155.46..133155.46 rows=456104 width=8) (actual time=3126.509..3126.509 rows=798429 loops=1)
        Buckets: 131072 (originally 131072)  Batches: 16 (originally 8)  Memory Usage: 3073kB
        ->  Hash Join  (cost=87636.94..133155.46 rows=456104 width=8) (actual time=1475.412..2897.835 rows=798429 loops=1)
              Hash Cond: (mi_idx.movie_id = t.id)
              ->  Seq Scan on movie_info_idx mi_idx  (cost=0.00..21735.35 rows=1380035 width=4) (actual time=0.020..469.110 rows=1380035 loops=1)
              ->  Hash  (cost=73925.90..73925.90 rows=835683 width=4) (actual time=1474.568..1474.568 rows=749869 loops=1)
                    Buckets: 131072  Batches: 16  Memory Usage: 2674kB
                    ->  Seq Scan on title t  (cost=0.00..73925.90 rows=835683 width=4) (actual time=0.016..1236.692 rows=749869 loops=1)
                          Filter: ((kind_id < 7) AND (production_year > 1966))
                          Rows Removed by Filter: 1778443
Planning time: 1.223 ms
Execution time: 41584.702 ms
