Hash Join  (cost=797593.87..1184503.50 rows=382980 width=0) (actual time=15419.128..23809.563 rows=162441 loops=1)
  Hash Cond: (mi.movie_id = t.id)
  ->  Seq Scan on movie_info mi  (cost=0.00..309384.22 rows=14739122 width=4) (actual time=0.017..4821.463 rows=14835720 loops=1)
  ->  Hash  (cost=796772.61..796772.61 rows=65701 width=8) (actual time=15402.295..15402.295 rows=9932 loops=1)
        Buckets: 131072  Batches: 1  Memory Usage: 1412kB
        ->  Hash Join  (cost=74406.54..796772.61 rows=65701 width=8) (actual time=1131.077..15395.328 rows=9932 loops=1)
              Hash Cond: (ci.movie_id = t.id)
              ->  Seq Scan on cast_info ci  (cost=0.00..705507.15 rows=4320508 width=4) (actual time=0.012..13337.182 rows=4323018 loops=1)
                    Filter: (role_id = 10)
                    Rows Removed by Filter: 31921326
              ->  Hash  (cost=73925.90..73925.90 rows=38451 width=4) (actual time=1130.273..1130.273 rows=16287 loops=1)
                    Buckets: 65536  Batches: 1  Memory Usage: 1085kB
                    ->  Seq Scan on title t  (cost=0.00..73925.90 rows=38451 width=4) (actual time=0.047..1119.740 rows=16287 loops=1)
                          Filter: ((production_year < 1996) AND (kind_id = 4))
                          Rows Removed by Filter: 2512025
Planning time: 1.048 ms
Execution time: 23831.957 ms
