Hash Join  (cost=75703.78..562247.24 rows=631353 width=0) (actual time=1092.517..10996.113 rows=2250 loops=1)
  Hash Cond: (mi.movie_id = t.id)
  ->  Seq Scan on movie_info mi  (cost=0.00..309384.22 rows=14739122 width=4) (actual time=0.020..5131.204 rows=14835720 loops=1)
  ->  Hash  (cost=73925.90..73925.90 rows=108310 width=4) (actual time=1084.774..1084.774 rows=367 loops=1)
        Buckets: 131072  Batches: 2  Memory Usage: 1037kB
        ->  Seq Scan on title t  (cost=0.00..73925.90 rows=108310 width=4) (actual time=0.387..1084.309 rows=367 loops=1)
              Filter: ((kind_id > 1) AND (production_year < 1944))
              Rows Removed by Filter: 2527945
Planning time: 0.777 ms
Execution time: 10997.026 ms
