Hash Join  (cost=267005.29..1827706.12 rows=35253153 width=0) (actual time=6136.653..62985.025 rows=74166982 loops=1)
  Hash Cond: (ci.movie_id = t.id)
  ->  Seq Scan on cast_info ci  (cost=0.00..705507.15 rows=35038104 width=4) (actual time=0.021..17096.538 rows=35032762 loops=1)
        Filter: (person_id < 3826921)
        Rows Removed by Filter: 1211582
  ->  Hash  (cost=225266.72..225266.72 rows=2544046 width=8) (actual time=6135.310..6135.310 rows=2542342 loops=1)
        Buckets: 131072  Batches: 64  Memory Usage: 2572kB
        ->  Hash Join  (cost=102767.86..225266.72 rows=2544046 width=8) (actual time=1789.396..5425.805 rows=2542342 loops=1)
              Hash Cond: (mc.movie_id = t.id)
              ->  Seq Scan on movie_companies mc  (cost=0.00..51404.11 rows=2544046 width=4) (actual time=0.022..1184.574 rows=2542342 loops=1)
                    Filter: (company_id > 6)
                    Rows Removed by Filter: 66787
              ->  Hash  (cost=61283.27..61283.27 rows=2528527 width=4) (actual time=1788.524..1788.524 rows=2528312 loops=1)
                    Buckets: 131072  Batches: 64  Memory Usage: 2415kB
                    ->  Seq Scan on title t  (cost=0.00..61283.27 rows=2528527 width=4) (actual time=0.011..980.125 rows=2528312 loops=1)
Planning time: 1.155 ms
Execution time: 70873.483 ms
