Hash Join  (cost=102767.86..209803.90 rows=671318 width=0) (actual time=1957.873..4408.063 rows=676102 loops=1)
  Hash Cond: (mk.movie_id = t.id)
  ->  Seq Scan on movie_keyword mk  (cost=0.00..81003.12 rows=671318 width=4) (actual time=0.021..1357.065 rows=676102 loops=1)
        Filter: (keyword_id > 27717)
        Rows Removed by Filter: 3847828
  ->  Hash  (cost=61283.27..61283.27 rows=2528527 width=4) (actual time=1955.691..1955.691 rows=2528312 loops=1)
        Buckets: 131072  Batches: 64  Memory Usage: 2425kB
        ->  Seq Scan on title t  (cost=0.00..61283.27 rows=2528527 width=4) (actual time=0.025..1064.420 rows=2528312 loops=1)
Planning time: 0.793 ms
Execution time: 4478.065 ms
