Hash Join  (cost=139597.14..994879.92 rows=889038 width=0) (actual time=3274.169..18484.487 rows=3398354 loops=1)
  Hash Cond: (ci.movie_id = t.id)
  ->  Seq Scan on cast_info ci  (cost=0.00..796071.18 rows=4169927 width=4) (actual time=35.377..11979.480 rows=4484643 loops=1)
        Filter: ((person_id < 453963) AND (role_id < 10))
        Rows Removed by Filter: 31759701
  ->  Hash  (cost=130752.54..130752.54 rows=539088 width=8) (actual time=3237.783..3237.783 rows=954317 loops=1)
        Buckets: 131072 (originally 131072)  Batches: 16 (originally 8)  Memory Usage: 3354kB
        ->  Hash Join  (cost=83810.17..130752.54 rows=539088 width=8) (actual time=1427.092..2954.892 rows=954317 loops=1)
              Hash Cond: (mi_idx.movie_id = t.id)
              ->  Seq Scan on movie_info_idx mi_idx  (cost=0.00..21735.35 rows=1380035 width=4) (actual time=0.017..437.859 rows=1380035 loops=1)
              ->  Hash  (cost=67604.59..67604.59 rows=987727 width=4) (actual time=1426.202..1426.202 rows=985048 loops=1)
                    Buckets: 131072  Batches: 16  Memory Usage: 3188kB
                    ->  Seq Scan on title t  (cost=0.00..67604.59 rows=987727 width=4) (actual time=0.020..1105.728 rows=985048 loops=1)
                          Filter: (kind_id < 7)
                          Rows Removed by Filter: 1543264
Planning time: 1.183 ms
Execution time: 18896.357 ms
