Hash Join  (cost=78628.27..173081.96 rows=110073 width=0) (actual time=1326.747..2842.690 rows=22943 loops=1)
  Hash Cond: (mk.movie_id = t.id)
  ->  Seq Scan on movie_keyword mk  (cost=0.00..81003.12 rows=971157 width=4) (actual time=0.029..1265.874 rows=976327 loops=1)
        Filter: (keyword_id > 19164)
        Rows Removed by Filter: 3547603
  ->  Hash  (cost=73925.90..73925.90 rows=286589 width=4) (actual time=1220.981..1220.981 rows=177340 loops=1)
        Buckets: 131072  Batches: 4  Memory Usage: 2587kB
        ->  Seq Scan on title t  (cost=0.00..73925.90 rows=286589 width=4) (actual time=0.019..1010.434 rows=177340 loops=1)
              Filter: ((production_year < 1977) AND (kind_id = 7))
              Rows Removed by Filter: 2350972
Planning time: 0.736 ms
Execution time: 2845.397 ms
