Seq Scan on movie_keyword mk  (cost=0.00..81003.12 rows=4269915 width=0) (actual time=0.030..1365.565 rows=4271901 loops=1)
  Filter: (keyword_id < 60247)
  Rows Removed by Filter: 252029
Planning time: 0.296 ms
Execution time: 1827.704 ms
