Seq Scan on movie_keyword mk  (cost=0.00..81003.12 rows=1545123 width=0) (actual time=0.021..1486.048 rows=1554249 loops=1)
  Filter: (keyword_id < 2300)
  Rows Removed by Filter: 2969681
Planning time: 0.319 ms
Execution time: 1681.781 ms
