Seq Scan on movie_keyword mk  (cost=0.00..81003.12 rows=1502956 width=0) (actual time=0.019..1303.601 rows=1510951 loops=1)
  Filter: (keyword_id < 2191)
  Rows Removed by Filter: 3012979
Planning time: 0.222 ms
Execution time: 1487.237 ms
