Hash Join  (cost=92883.59..161059.61 rows=346544 width=0) (actual time=2602.572..3306.681 rows=155706 loops=1)
  Hash Cond: (mc.movie_id = t.id)
  ->  Seq Scan on movie_companies mc  (cost=0.00..51404.11 rows=568695 width=4) (actual time=0.033..910.076 rows=572322 loops=1)
        Filter: (company_id > 71276)
        Rows Removed by Filter: 2036807
  ->  Hash  (cost=67604.59..67604.59 rows=1540800 width=4) (actual time=1789.328..1789.328 rows=1543264 loops=1)
        Buckets: 131072  Batches: 32  Memory Usage: 2722kB
        ->  Seq Scan on title t  (cost=0.00..67604.59 rows=1540800 width=4) (actual time=0.019..1290.621 rows=1543264 loops=1)
              Filter: (kind_id = 7)
              Rows Removed by Filter: 985048
Planning time: 0.729 ms
Execution time: 3326.509 ms
