Hash Join  (cost=180995.07..208041.95 rows=13640 width=0) (actual time=3194.491..3845.069 rows=9138 loops=1)
  Hash Cond: (mi_idx.movie_id = t.id)
  ->  Seq Scan on movie_info_idx mi_idx  (cost=0.00..21735.35 rows=1380035 width=4) (actual time=0.030..373.638 rows=1380035 loops=1)
  ->  Hash  (cost=180682.68..180682.68 rows=24991 width=8) (actual time=3194.019..3194.019 rows=6922 loops=1)
        Buckets: 32768  Batches: 1  Memory Usage: 527kB
        ->  Hash Join  (cost=92883.59..180682.68 rows=24991 width=8) (actual time=1694.362..3191.096 rows=6922 loops=1)
              Hash Cond: (mk.movie_id = t.id)
              ->  Seq Scan on movie_keyword mk  (cost=0.00..81003.12 rows=41012 width=4) (actual time=0.156..1212.337 rows=34728 loops=1)
                    Filter: (keyword_id < 42)
                    Rows Removed by Filter: 4489202
              ->  Hash  (cost=67604.59..67604.59 rows=1540800 width=4) (actual time=1692.312..1692.312 rows=1543264 loops=1)
                    Buckets: 131072  Batches: 32  Memory Usage: 2728kB
                    ->  Seq Scan on title t  (cost=0.00..67604.59 rows=1540800 width=4) (actual time=318.727..1188.540 rows=1543264 loops=1)
                          Filter: (kind_id = 7)
                          Rows Removed by Filter: 985048
Planning time: 4.343 ms
Execution time: 3846.549 ms
