Seq Scan on movie_keyword mk  (cost=0.00..81003.12 rows=246 width=0) (actual time=3.579..1275.451 rows=2485 loops=1)
  Filter: (keyword_id = 6069)
  Rows Removed by Filter: 4521445
Planning time: 0.353 ms
Execution time: 1276.160 ms
