Seq Scan on movie_keyword mk  (cost=0.00..81003.12 rows=246 width=0) (actual time=131.367..1291.427 rows=102 loops=1)
  Filter: (keyword_id = 48397)
  Rows Removed by Filter: 4523828
Planning time: 0.370 ms
Execution time: 1291.606 ms
