Seq Scan on movie_companies mc  (cost=0.00..57926.93 rows=349451 width=0) (actual time=0.032..970.658 rows=659798 loops=1)
  Filter: ((company_id > 46856) AND (company_type_id > 1))
  Rows Removed by Filter: 1949331
Planning time: 0.342 ms
Execution time: 1052.366 ms
