Seq Scan on cast_info ci  (cost=0.00..705507.15 rows=500 width=0) (actual time=1312.774..10645.845 rows=28 loops=1)
  Filter: (person_id = 672933)
  Rows Removed by Filter: 36244316
Planning time: 0.376 ms
Execution time: 10645.952 ms
