Seq Scan on cast_info ci  (cost=0.00..796071.18 rows=11780974 width=0) (actual time=0.024..14616.329 rows=6260343 loops=1)
  Filter: ((person_id < 2725869) AND (role_id > 2))
  Rows Removed by Filter: 29984001
Planning time: 0.330 ms
Execution time: 15386.987 ms
