Hash Join  (cost=75458.68..167285.51 rows=32384 width=0) (actual time=1223.961..2790.731 rows=16171 loops=1)
  Hash Cond: (mk.movie_id = t.id)
  ->  Seq Scan on movie_keyword mk  (cost=0.00..81003.12 rows=876496 width=4) (actual time=0.021..1276.283 rows=884021 loops=1)
        Filter: (keyword_id > 20864)
        Rows Removed by Filter: 3639909
  ->  Hash  (cost=73925.90..73925.90 rows=93422 width=4) (actual time=1220.059..1220.059 rows=100754 loops=1)
        Buckets: 131072  Batches: 2  Memory Usage: 2808kB
        ->  Seq Scan on title t  (cost=0.00..73925.90 rows=93422 width=4) (actual time=0.032..1163.261 rows=100754 loops=1)
              Filter: ((kind_id > 1) AND (production_year = 2008))
              Rows Removed by Filter: 2427558
Planning time: 0.724 ms
Execution time: 2793.252 ms
