Hash Join  (cost=130362.44..217935.90 rows=91542 width=0) (actual time=2502.474..4840.376 rows=1592842 loops=1)
  Hash Cond: (mk.movie_id = t.id)
  ->  Seq Scan on movie_keyword mk  (cost=0.00..69693.30 rows=4523930 width=4) (actual time=0.011..1089.816 rows=4523930 loops=1)
  ->  Hash  (cost=129722.88..129722.88 rows=51165 width=8) (actual time=2501.973..2501.973 rows=76894 loops=1)
        Buckets: 131072 (originally 65536)  Batches: 1 (originally 1)  Memory Usage: 4028kB
        ->  Hash Join  (cost=74545.71..129722.88 rows=51165 width=8) (actual time=1168.147..2472.032 rows=76894 loops=1)
              Hash Cond: (mc.movie_id = t.id)
              ->  Seq Scan on movie_companies mc  (cost=0.00..44881.29 rows=2609129 width=4) (actual time=0.012..605.864 rows=2609129 loops=1)
              ->  Hash  (cost=73925.90..73925.90 rows=49584 width=4) (actual time=1167.531..1167.531 rows=38752 loops=1)
                    Buckets: 65536  Batches: 1  Memory Usage: 1875kB
                    ->  Seq Scan on title t  (cost=0.00..73925.90 rows=49584 width=4) (actual time=0.291..1151.939 rows=38752 loops=1)
                          Filter: ((kind_id < 7) AND (production_year = 2008))
                          Rows Removed by Filter: 2489560
Planning time: 1.182 ms
Execution time: 5051.957 ms
