Hash Join  (cost=75752.64..143551.27 rows=58547 width=0) (actual time=1575.514..2676.821 rows=69682 loops=1)
  Hash Cond: (mc.movie_id = t.id)
  ->  Seq Scan on movie_companies mc  (cost=0.00..51404.11 rows=1329612 width=4) (actual time=1.345..933.332 rows=1334883 loops=1)
        Filter: (company_type_id = 2)
        Rows Removed by Filter: 1274246
  ->  Hash  (cost=73925.90..73925.90 rows=111339 width=4) (actual time=1207.581..1207.581 rows=117920 loops=1)
        Buckets: 131072  Batches: 2  Memory Usage: 3095kB
        ->  Seq Scan on title t  (cost=0.00..73925.90 rows=111339 width=4) (actual time=0.024..1168.292 rows=117920 loops=1)
              Filter: ((production_year > 0) AND (kind_id = 4))
              Rows Removed by Filter: 2410392
Planning time: 0.755 ms
Execution time: 2686.466 ms
