Hash Join  (cost=709676.96..738309.97 rows=111 width=0) (actual time=8423.035..8624.920 rows=28 loops=1)
  Hash Cond: (mi_idx.movie_id = t.id)
  ->  Seq Scan on movie_info_idx mi_idx  (cost=0.00..25185.44 rows=919057 width=4) (actual time=0.019..195.242 rows=920110 loops=1)
        Filter: (info_type_id > 99)
        Rows Removed by Filter: 459925
  ->  Hash  (cost=709673.15..709673.15 rows=305 width=8) (actual time=8363.922..8363.922 rows=245 loops=1)
        Buckets: 1024  Batches: 1  Memory Usage: 18kB
        ->  Nested Loop  (cost=0.43..709673.15 rows=305 width=8) (actual time=7721.001..8363.823 rows=245 loops=1)
              ->  Seq Scan on cast_info ci  (cost=0.00..705507.15 rows=500 width=4) (actual time=7720.874..8360.684 rows=257 loops=1)
                    Filter: (person_id = 3005462)
                    Rows Removed by Filter: 36244087
              ->  Index Scan using title_pkey on title t  (cost=0.43..8.32 rows=1 width=4) (actual time=0.011..0.012 rows=1 loops=257)
                    Index Cond: (id = ci.movie_id)
                    Filter: (kind_id = 7)
                    Rows Removed by Filter: 0
Planning time: 4.373 ms
Execution time: 8625.060 ms
