Seq Scan on cast_info ci  (cost=0.00..705507.15 rows=500 width=0) (actual time=3664.791..9927.304 rows=262 loops=1)
  Filter: (person_id = 2136040)
  Rows Removed by Filter: 36244082
Planning time: 0.412 ms
Execution time: 9927.418 ms
