Hash Join  (cost=136506.23..864831.86 rows=99255 width=0) (actual time=2838.627..15436.294 rows=590774 loops=1)
  Hash Cond: (ci.movie_id = t.id)
  ->  Seq Scan on cast_info ci  (cost=0.00..705507.15 rows=5820248 width=4) (actual time=293.886..11374.775 rows=5732694 loops=1)
        Filter: (role_id > 8)
        Rows Removed by Filter: 30511650
  ->  Hash  (cost=135967.23..135967.23 rows=43120 width=8) (actual time=2544.269..2544.269 rows=38508 loops=1)
        Buckets: 65536  Batches: 1  Memory Usage: 2017kB
        ->  Hash Join  (cost=69002.72..135967.23 rows=43120 width=8) (actual time=1072.741..2529.750 rows=38508 loops=1)
              Hash Cond: (mc.movie_id = t.id)
              ->  Seq Scan on movie_companies mc  (cost=0.00..51404.11 rows=1279517 width=4) (actual time=0.064..969.759 rows=1274246 loops=1)
                    Filter: (company_type_id < 2)
                    Rows Removed by Filter: 1334883
              ->  Hash  (cost=67604.59..67604.59 rows=85211 width=4) (actual time=1071.837..1071.837 rows=84593 loops=1)
                    Buckets: 131072  Batches: 2  Memory Usage: 2518kB
                    ->  Seq Scan on title t  (cost=0.00..67604.59 rows=85211 width=4) (actual time=0.026..1038.217 rows=84593 loops=1)
                          Filter: (production_year = 2004)
                          Rows Removed by Filter: 2443719
Planning time: 1.148 ms
Execution time: 15532.220 ms
