Seq Scan on movie_keyword mk  (cost=0.00..81003.12 rows=901091 width=12) (actual time=0.029..1700.009 rows=906014 loops=1)
  Filter: (keyword_id < 865)
  Rows Removed by Filter: 3617916
Planning time: 2.015 ms
Execution time: 1756.625 ms
