Hash Join  (cost=129928.86..599558.64 rows=2073893 width=169) (actual time=6492.863..12388.890 rows=2091068 loops=1)
  Hash Cond: (mi.movie_id = t.id)
  ->  Seq Scan on movie_info mi  (cost=0.00..346232.03 rows=2073893 width=75) (actual time=3785.067..6767.161 rows=2091068 loops=1)
        Filter: (info_type_id < 3)
        Rows Removed by Filter: 12744652
  ->  Hash  (cost=61283.27..61283.27 rows=2528527 width=94) (actual time=2706.753..2706.753 rows=2528312 loops=1)
        Buckets: 32768  Batches: 128  Memory Usage: 2470kB
        ->  Seq Scan on title t  (cost=0.00..61283.27 rows=2528527 width=94) (actual time=0.036..1376.810 rows=2528312 loops=1)
Planning time: 1.013 ms
Execution time: 12498.444 ms
