Seq Scan on movie_companies mc  (cost=0.00..51404.11 rows=2335702 width=0) (actual time=0.019..992.038 rows=2334304 loops=1)
  Filter: (company_id < 96645)
  Rows Removed by Filter: 274825
Planning time: 0.316 ms
Execution time: 1283.662 ms
