Hash Join  (cost=198145.74..283422.64 rows=370822 width=0) (actual time=3686.226..5860.799 rows=194785 loops=1)
  Hash Cond: (mc.movie_id = t.id)
  ->  Seq Scan on movie_companies mc  (cost=0.00..51404.11 rows=2480953 width=4) (actual time=0.229..1084.390 rows=2477806 loops=1)
        Filter: (company_id > 19)
        Rows Removed by Filter: 131323
  ->  Hash  (cost=191944.57..191944.57 rows=377933 width=8) (actual time=3685.110..3685.110 rows=105757 loops=1)
        Buckets: 131072  Batches: 8  Memory Usage: 1534kB
        ->  Hash Join  (cost=93155.63..191944.57 rows=377933 width=8) (actual time=2703.555..3651.984 rows=105757 loops=1)
              Hash Cond: (mk.movie_id = t.id)
              ->  Seq Scan on movie_keyword mk  (cost=0.00..81003.12 rows=815330 width=4) (actual time=0.022..1382.665 rows=822337 loops=1)
                    Filter: (keyword_id > 22324)
                    Rows Removed by Filter: 3701593
              ->  Hash  (cost=73925.90..73925.90 rows=1172058 width=4) (actual time=1681.438..1681.438 rows=1128906 loops=1)
                    Buckets: 131072  Batches: 16  Memory Usage: 3509kB
                    ->  Seq Scan on title t  (cost=0.00..73925.90 rows=1172058 width=4) (actual time=0.023..1324.509 rows=1128906 loops=1)
                          Filter: ((production_year < 2010) AND (kind_id = 7))
                          Rows Removed by Filter: 1399406
Planning time: 1.181 ms
Execution time: 5884.535 ms
