Seq Scan on movie_companies mc  (cost=0.00..57926.93 rows=53 width=0) (actual time=175.312..1042.752 rows=15 loops=1)
  Filter: ((company_type_id > 1) AND (company_id = 92354))
  Rows Removed by Filter: 2609114
Planning time: 0.400 ms
Execution time: 1042.855 ms
