Hash Join  (cost=83074.74..848440.18 rows=1553 width=0) (actual time=1244.775..15837.391 rows=1028 loops=1)
  Hash Cond: (ci.movie_id = t.id)
  ->  Seq Scan on cast_info ci  (cost=0.00..705507.15 rows=15958068 width=4) (actual time=0.023..12060.191 rows=15857696 loops=1)
        Filter: (person_id < 1567396)
        Rows Removed by Filter: 20386648
  ->  Hash  (cost=83071.67..83071.67 rows=246 width=8) (actual time=1213.637..1213.637 rows=50 loops=1)
        Buckets: 1024  Batches: 1  Memory Usage: 10kB
        ->  Nested Loop  (cost=0.43..83071.67 rows=246 width=8) (actual time=6.160..1213.576 rows=50 loops=1)
              ->  Seq Scan on movie_keyword mk  (cost=0.00..81003.12 rows=246 width=4) (actual time=6.077..1211.721 rows=50 loops=1)
                    Filter: (keyword_id = 29192)
                    Rows Removed by Filter: 4523880
              ->  Index Only Scan using title_pkey on title t  (cost=0.43..8.40 rows=1 width=4) (actual time=0.032..0.033 rows=1 loops=50)
                    Index Cond: (id = mk.movie_id)
                    Heap Fetches: 50
Planning time: 1.147 ms
Execution time: 15838.246 ms
