Hash Join  (cost=205921.46..1323955.99 rows=3791530 width=0) (actual time=4106.273..31831.868 rows=432539 loops=1)
  Hash Cond: (ci.movie_id = t.id)
  ->  Seq Scan on cast_info ci  (cost=0.00..614943.12 rows=36225612 width=4) (actual time=0.023..13609.343 rows=36244344 loops=1)
  ->  Hash  (cost=201579.38..201579.38 rows=264647 width=8) (actual time=4105.199..4105.199 rows=31040 loops=1)
        Buckets: 131072  Batches: 4  Memory Usage: 1334kB
        ->  Hash Join  (cost=76352.87..201579.38 rows=264647 width=8) (actual time=1226.688..3849.839 rows=31040 loops=1)
              Hash Cond: (mk.movie_id = t.id)
              ->  Seq Scan on movie_keyword mk  (cost=0.00..69693.30 rows=4523930 width=4) (actual time=0.023..1305.954 rows=4523930 loops=1)
              ->  Hash  (cost=73925.90..73925.90 rows=147917 width=4) (actual time=1217.763..1217.763 rows=46427 loops=1)
                    Buckets: 131072  Batches: 2  Memory Usage: 1845kB
                    ->  Seq Scan on title t  (cost=0.00..73925.90 rows=147917 width=4) (actual time=0.017..1196.764 rows=46427 loops=1)
                          Filter: ((production_year < 1960) AND (kind_id = 7))
                          Rows Removed by Filter: 2481885
Planning time: 1.989 ms
Execution time: 31885.853 ms
