Hash Join  (cost=102767.86..1347478.22 rows=18234165 width=0) (actual time=1899.647..40687.431 rows=22549873 loops=1)
  Hash Cond: (ci.movie_id = t.id)
  ->  Seq Scan on cast_info ci  (cost=0.00..796071.18 rows=18234165 width=4) (actual time=0.023..18123.985 rows=22549873 loops=1)
        Filter: ((person_id < 2817274) AND (role_id < 4))
        Rows Removed by Filter: 13694471
  ->  Hash  (cost=61283.27..61283.27 rows=2528527 width=4) (actual time=1898.400..1898.400 rows=2528312 loops=1)
        Buckets: 131072  Batches: 64  Memory Usage: 2415kB
        ->  Seq Scan on title t  (cost=0.00..61283.27 rows=2528527 width=4) (actual time=0.012..1066.851 rows=2528312 loops=1)
Planning time: 0.748 ms
Execution time: 43345.133 ms
