Seq Scan on movie_keyword mk  (cost=0.00..81003.12 rows=1296089 width=0) (actual time=0.025..1443.691 rows=1310491 loops=1)
  Filter: (keyword_id > 13411)
  Rows Removed by Filter: 3213439
Planning time: 0.415 ms
Execution time: 1612.141 ms
