Hash Join  (cost=67697.55..442288.73 rows=22070 width=0) (actual time=1132.617..8346.003 rows=45623 loops=1)
  Hash Cond: (mi.movie_id = t.id)
  ->  Seq Scan on movie_info mi  (cost=0.00..346232.03 rows=7503588 width=4) (actual time=0.012..5792.829 rows=7548855 loops=1)
        Filter: (info_type_id > 7)
        Rows Removed by Filter: 7286865
  ->  Hash  (cost=67604.59..67604.59 rows=7437 width=4) (actual time=1130.313..1130.313 rows=14601 loops=1)
        Buckets: 16384 (originally 8192)  Batches: 1 (originally 1)  Memory Usage: 642kB
        ->  Seq Scan on title t  (cost=0.00..67604.59 rows=7437 width=4) (actual time=0.049..1123.286 rows=14601 loops=1)
              Filter: (production_year = 1967)
              Rows Removed by Filter: 2513711
Planning time: 0.851 ms
Execution time: 8353.542 ms
