Seq Scan on cast_info ci  (cost=0.00..705507.15 rows=2420023 width=0) (actual time=413.414..10797.127 rows=2361736 loops=1)
  Filter: (person_id < 229727)
  Rows Removed by Filter: 33882608
Planning time: 0.315 ms
Execution time: 11042.007 ms
