Hash Join  (cost=143818.44..970317.37 rows=293527 width=0) (actual time=3932.021..17205.957 rows=798540 loops=1)
  Hash Cond: (ci.movie_id = t.id)
  ->  Seq Scan on cast_info ci  (cost=0.00..796071.18 rows=2267064 width=4) (actual time=574.315..12226.918 rows=2525937 loops=1)
        Filter: ((person_id < 271740) AND (role_id < 8))
        Rows Removed by Filter: 33718407
  ->  Hash  (cost=138447.20..138447.20 rows=327379 width=8) (actual time=3356.773..3356.773 rows=375691 loops=1)
        Buckets: 131072  Batches: 8  Memory Usage: 2868kB
        ->  Hash Join  (cost=97066.09..138447.20 rows=327379 width=8) (actual time=2013.049..3234.842 rows=375691 loops=1)
              Hash Cond: (mi_idx.movie_id = t.id)
              ->  Seq Scan on movie_info_idx mi_idx  (cost=0.00..25185.44 rows=460978 width=4) (actual time=0.022..518.600 rows=459925 loops=1)
                    Filter: (info_type_id = 99)
                    Rows Removed by Filter: 920110
              ->  Hash  (cost=67604.59..67604.59 rows=1795720 width=4) (actual time=2012.116..2012.116 rows=1794153 loops=1)
                    Buckets: 131072  Batches: 32  Memory Usage: 2992kB
                    ->  Seq Scan on title t  (cost=0.00..67604.59 rows=1795720 width=4) (actual time=0.023..1422.602 rows=1794153 loops=1)
                          Filter: (production_year < 2009)
                          Rows Removed by Filter: 734159
Planning time: 1.200 ms
Execution time: 17300.226 ms
