Hash Join  (cost=189632.99..1052282.88 rows=1618108 width=0) (actual time=6386.892..22504.346 rows=7905118 loops=1)
  Hash Cond: (ci.movie_id = t.id)
  ->  Seq Scan on cast_info ci  (cost=0.00..796071.18 rows=4014302 width=4) (actual time=1594.131..12656.610 rows=4754019 loops=1)
        Filter: ((person_id < 576743) AND (role_id < 4))
        Rows Removed by Filter: 31490325
  ->  Hash  (cost=172910.83..172910.83 rows=1019213 width=8) (actual time=4791.777..4791.777 rows=1891821 loops=1)
        Buckets: 131072 (originally 131072)  Batches: 32 (originally 16)  Memory Usage: 3321kB
        ->  Hash Join  (cost=83810.17..172910.83 rows=1019213 width=8) (actual time=1472.122..4264.194 rows=1891821 loops=1)
              Hash Cond: (mc.movie_id = t.id)
              ->  Seq Scan on movie_companies mc  (cost=0.00..44881.29 rows=2609129 width=4) (actual time=0.030..859.285 rows=2609129 loops=1)
              ->  Hash  (cost=67604.59..67604.59 rows=987727 width=4) (actual time=1470.376..1470.376 rows=985048 loops=1)
                    Buckets: 131072  Batches: 16  Memory Usage: 3188kB
                    ->  Seq Scan on title t  (cost=0.00..67604.59 rows=987727 width=4) (actual time=0.021..1160.630 rows=985048 loops=1)
                          Filter: (kind_id < 7)
                          Rows Removed by Filter: 1543264
Planning time: 1.791 ms
Execution time: 23485.983 ms
