Seq Scan on cast_info ci  (cost=0.00..705507.15 rows=8851946 width=0) (actual time=85.513..10160.622 rows=8735309 loops=1)
  Filter: (person_id < 860271)
  Rows Removed by Filter: 27509035
Planning time: 0.307 ms
Execution time: 11127.640 ms
