Hash Join  (cost=182742.58..222040.12 rows=167864 width=0) (actual time=3760.364..4787.427 rows=446557 loops=1)
  Hash Cond: (mi_idx.movie_id = t.id)
  ->  Seq Scan on movie_info_idx mi_idx  (cost=0.00..25185.44 rows=919057 width=4) (actual time=0.015..496.109 rows=920110 loops=1)
        Filter: (info_type_id > 99)
        Rows Removed by Filter: 459925
  ->  Hash  (cost=175164.71..175164.71 rows=461830 width=8) (actual time=3758.993..3758.993 rows=458080 loops=1)
        Buckets: 131072  Batches: 8  Memory Usage: 3269kB
        ->  Hash Join  (cost=102767.86..175164.71 rows=461830 width=8) (actual time=2019.114..3626.019 rows=458080 loops=1)
              Hash Cond: (mc.movie_id = t.id)
              ->  Seq Scan on movie_companies mc  (cost=0.00..51404.11 rows=461830 width=4) (actual time=0.015..841.983 rows=458080 loops=1)
                    Filter: (company_id < 394)
                    Rows Removed by Filter: 2151049
              ->  Hash  (cost=61283.27..61283.27 rows=2528527 width=4) (actual time=2017.383..2017.383 rows=2528312 loops=1)
                    Buckets: 131072  Batches: 64  Memory Usage: 2415kB
                    ->  Seq Scan on title t  (cost=0.00..61283.27 rows=2528527 width=4) (actual time=0.019..1173.362 rows=2528312 loops=1)
Planning time: 1.150 ms
Execution time: 4831.642 ms
