Hash Join  (cost=78988.28..936276.52 rows=572805 width=0) (actual time=11702.966..20254.567 rows=712087 loops=1)
  Hash Cond: (ci.movie_id = t.id)
  ->  Seq Scan on cast_info ci  (cost=0.00..796071.18 rows=4694668 width=4) (actual time=10397.317..15246.162 rows=7449743 loops=1)
        Filter: ((person_id > 1272511) AND (role_id = 2))
        Rows Removed by Filter: 28794601
  ->  Hash  (cost=73925.90..73925.90 rows=308510 width=4) (actual time=1304.500..1304.500 rows=266599 loops=1)
        Buckets: 131072  Batches: 8  Memory Usage: 2191kB
        ->  Seq Scan on title t  (cost=0.00..73925.90 rows=308510 width=4) (actual time=0.043..1219.445 rows=266599 loops=1)
              Filter: ((kind_id < 7) AND (production_year > 2007))
              Rows Removed by Filter: 2261713
Planning time: 0.804 ms
Execution time: 20342.359 ms
