Seq Scan on cast_info ci  (cost=0.00..705507.15 rows=1831017 width=0) (actual time=1860.066..11006.976 rows=1753970 loops=1)
  Filter: (person_id < 174958)
  Rows Removed by Filter: 34490374
Planning time: 0.324 ms
Execution time: 11232.861 ms
