Seq Scan on title t  (cost=0.00..73925.90 rows=97944 width=0) (actual time=0.024..1178.000 rows=106247 loops=1)
  Filter: ((kind_id = 7) AND (production_year = 2011))
  Rows Removed by Filter: 2422065
Planning time: 0.393 ms
Execution time: 1193.143 ms
