Seq Scan on cast_info ci  (cost=0.00..705507.15 rows=8417677 width=0) (actual time=0.292..11355.600 rows=8390273 loops=1)
  Filter: (person_id > 2845227)
  Rows Removed by Filter: 27854071
Planning time: 0.322 ms
Execution time: 12341.225 ms
