Seq Scan on movie_companies mc  (cost=0.00..57926.93 rows=551121 width=0) (actual time=0.016..1034.230 rows=848891 loops=1)
  Filter: ((company_id > 14152) AND (company_type_id > 1))
  Rows Removed by Filter: 1760238
Planning time: 0.262 ms
Execution time: 1139.633 ms
