Hash Join  (cost=804330.57..1291628.51 rows=702102 width=0) (actual time=14402.347..26626.767 rows=3019111 loops=1)
  Hash Cond: (mi.movie_id = t.id)
  ->  Seq Scan on movie_info mi  (cost=0.00..309384.22 rows=14739122 width=4) (actual time=0.020..5919.470 rows=14835720 loops=1)
  ->  Hash  (cost=802353.98..802353.98 rows=120447 width=8) (actual time=14401.653..14401.653 rows=126688 loops=1)
        Buckets: 131072  Batches: 2  Memory Usage: 3510kB
        ->  Hash Join  (cost=88195.18..802353.98 rows=120447 width=8) (actual time=9235.411..14358.544 rows=126688 loops=1)
              Hash Cond: (ci.movie_id = t.id)
              ->  Seq Scan on cast_info ci  (cost=0.00..705507.15 rows=350181 width=4) (actual time=7660.537..12450.798 rows=316118 loops=1)
                    Filter: (role_id > 10)
                    Rows Removed by Filter: 35928226
              ->  Hash  (cost=73925.90..73925.90 rows=869702 width=4) (actual time=1573.757..1573.757 rows=896788 loops=1)
                    Buckets: 131072  Batches: 16  Memory Usage: 2998kB
                    ->  Seq Scan on title t  (cost=0.00..73925.90 rows=869702 width=4) (actual time=0.027..1302.572 rows=896788 loops=1)
                          Filter: ((kind_id < 7) AND (production_year < 2012))
                          Rows Removed by Filter: 1631524
Planning time: 1.208 ms
Execution time: 27011.388 ms
