Seq Scan on movie_companies mc  (cost=0.00..51404.11 rows=104 width=0) (actual time=496.041..831.018 rows=16 loops=1)
  Filter: (company_id = 120688)
  Rows Removed by Filter: 2609113
Planning time: 0.489 ms
Execution time: 831.110 ms
