Seq Scan on cast_info ci  (cost=0.00..705507.15 rows=7475296 width=0) (actual time=0.055..12000.387 rows=7532552 loops=1)
  Filter: (person_id > 2919611)
  Rows Removed by Filter: 28711792
Planning time: 0.254 ms
Execution time: 12938.588 ms
