Hash Join  (cost=73982.55..133059.68 rows=547 width=0) (actual time=1439.755..2188.480 rows=582 loops=1)
  Hash Cond: (mc.movie_id = t.id)
  ->  Seq Scan on movie_companies mc  (cost=0.00..57926.93 rows=305259 width=4) (actual time=207.832..919.180 rows=165339 loops=1)
        Filter: ((company_id < 687) AND (company_type_id = 2))
        Rows Removed by Filter: 2443790
  ->  Hash  (cost=73925.90..73925.90 rows=4532 width=4) (actual time=1228.954..1228.954 rows=7796 loops=1)
        Buckets: 8192  Batches: 1  Memory Usage: 339kB
        ->  Seq Scan on title t  (cost=0.00..73925.90 rows=4532 width=4) (actual time=0.181..1225.098 rows=7796 loops=1)
              Filter: ((kind_id = 7) AND (production_year = 1976))
              Rows Removed by Filter: 2520516
Planning time: 2.112 ms
Execution time: 2188.644 ms
