Hash Join  (cost=84417.00..127958.62 rows=372472 width=0) (actual time=1481.756..2759.691 rows=454255 loops=1)
  Hash Cond: (mi_idx.movie_id = t.id)
  ->  Seq Scan on movie_info_idx mi_idx  (cost=0.00..25185.44 rows=919057 width=4) (actual time=0.020..517.160 rows=920110 loops=1)
        Filter: (info_type_id > 99)
        Rows Removed by Filter: 459925
  ->  Hash  (cost=67604.59..67604.59 rows=1024753 width=4) (actual time=1480.701..1480.701 rows=1021752 loops=1)
        Buckets: 131072  Batches: 16  Memory Usage: 3274kB
        ->  Seq Scan on title t  (cost=0.00..67604.59 rows=1024753 width=4) (actual time=0.031..1154.192 rows=1021752 loops=1)
              Filter: (production_year < 2000)
              Rows Removed by Filter: 1506560
Planning time: 0.760 ms
Execution time: 2819.249 ms
