Hash Join  (cost=141269.32..507295.80 rows=137055 width=0) (actual time=2535.274..10122.330 rows=70432 loops=1)
  Hash Cond: (mi.movie_id = t.id)
  ->  Seq Scan on movie_info mi  (cost=0.00..309384.22 rows=14739122 width=4) (actual time=0.014..4248.221 rows=14835720 loops=1)
  ->  Hash  (cost=140975.42..140975.42 rows=23512 width=8) (actual time=2535.040..2535.040 rows=14314 loops=1)
        Buckets: 32768  Batches: 1  Memory Usage: 816kB
        ->  Hash Join  (cost=75574.02..140975.42 rows=23512 width=8) (actual time=1873.980..2529.492 rows=14314 loops=1)
              Hash Cond: (mc.movie_id = t.id)
              ->  Seq Scan on movie_companies mc  (cost=0.00..57926.93 rows=592094 width=4) (actual time=0.025..1016.705 rows=875321 loops=1)
                    Filter: ((company_id > 12801) AND (company_type_id > 1))
                    Rows Removed by Filter: 1733808
              ->  Hash  (cost=73925.90..73925.90 rows=100409 width=4) (actual time=1166.801..1166.801 rows=110402 loops=1)
                    Buckets: 131072  Batches: 2  Memory Usage: 2964kB
                    ->  Seq Scan on title t  (cost=0.00..73925.90 rows=100409 width=4) (actual time=0.440..1128.907 rows=110402 loops=1)
                          Filter: ((kind_id = 7) AND (production_year = 2012))
                          Rows Removed by Filter: 2417910
Planning time: 1.239 ms
Execution time: 10132.465 ms
