Hash Join  (cost=86252.72..480014.53 rows=911706 width=0) (actual time=1958.624..9282.089 rows=1173429 loops=1)
  Hash Cond: (mi.movie_id = t.id)
  ->  Seq Scan on movie_info mi  (cost=0.00..346232.03 rows=3068194 width=4) (actual time=458.464..5756.825 rows=3036719 loops=1)
        Filter: (info_type_id = 16)
        Rows Removed by Filter: 11799001
  ->  Hash  (cost=73925.90..73925.90 rows=751345 width=4) (actual time=1498.919..1498.919 rows=793943 loops=1)
        Buckets: 131072  Batches: 16  Memory Usage: 2780kB
        ->  Seq Scan on title t  (cost=0.00..73925.90 rows=751345 width=4) (actual time=0.039..1263.507 rows=793943 loops=1)
              Filter: ((kind_id < 7) AND (production_year < 2010))
              Rows Removed by Filter: 1734369
Planning time: 0.544 ms
Execution time: 9426.241 ms
