Hash Join  (cost=156649.15..249304.27 rows=134927 width=0) (actual time=3703.002..5648.428 rows=575125 loops=1)
  Hash Cond: (mk.movie_id = t.id)
  ->  Seq Scan on movie_keyword mk  (cost=0.00..81003.12 rows=733795 width=4) (actual time=0.027..1367.420 rows=741714 loops=1)
        Filter: (keyword_id > 25322)
        Rows Removed by Filter: 3782216
  ->  Hash  (cost=149020.47..149020.47 rows=464934 width=8) (actual time=3702.055..3702.055 rows=460185 loops=1)
        Buckets: 131072  Batches: 8  Memory Usage: 3286kB
        ->  Hash Join  (cost=102767.86..149020.47 rows=464934 width=8) (actual time=1972.251..3568.304 rows=460185 loops=1)
              Hash Cond: (mi_idx.movie_id = t.id)
              ->  Seq Scan on movie_info_idx mi_idx  (cost=0.00..25185.44 rows=464934 width=4) (actual time=0.027..470.045 rows=460185 loops=1)
                    Filter: (info_type_id > 100)
                    Rows Removed by Filter: 919850
              ->  Hash  (cost=61283.27..61283.27 rows=2528527 width=4) (actual time=1970.615..1970.615 rows=2528312 loops=1)
                    Buckets: 131072  Batches: 64  Memory Usage: 2415kB
                    ->  Seq Scan on title t  (cost=0.00..61283.27 rows=2528527 width=4) (actual time=0.019..1127.505 rows=2528312 loops=1)
Planning time: 1.127 ms
Execution time: 5718.745 ms
