Hash Join  (cost=97066.09..162649.96 rows=22883 width=0) (actual time=1931.206..3002.099 rows=6561 loops=1)
  Hash Cond: (mc.movie_id = t.id)
  ->  Seq Scan on movie_companies mc  (cost=0.00..57926.93 rows=32221 width=4) (actual time=44.770..797.847 rows=6578 loops=1)
        Filter: ((company_type_id > 1) AND (company_id = 6))
        Rows Removed by Filter: 2602551
  ->  Hash  (cost=67604.59..67604.59 rows=1795720 width=4) (actual time=1877.047..1877.047 rows=1794153 loops=1)
        Buckets: 131072  Batches: 32  Memory Usage: 2992kB
        ->  Seq Scan on title t  (cost=0.00..67604.59 rows=1795720 width=4) (actual time=0.016..1282.169 rows=1794153 loops=1)
              Filter: (production_year < 2009)
              Rows Removed by Filter: 734159
Planning time: 0.839 ms
Execution time: 3003.082 ms
