Hash Join  (cost=130426.33..217127.01 rows=4264 width=0) (actual time=1827.663..3547.335 rows=5673 loops=1)
  Hash Cond: (mk.movie_id = t.id)
  ->  Seq Scan on movie_keyword mk  (cost=0.00..69693.30 rows=4523930 width=4) (actual time=0.012..899.023 rows=4523930 loops=1)
  ->  Hash  (cost=130396.54..130396.54 rows=2383 width=8) (actual time=1826.924..1826.924 rows=2973 loops=1)
        Buckets: 4096  Batches: 1  Memory Usage: 149kB
        ->  Hash Join  (cost=73982.55..130396.54 rows=2383 width=8) (actual time=1247.042..1825.737 rows=2973 loops=1)
              Hash Cond: (mc.movie_id = t.id)
              ->  Seq Scan on movie_companies mc  (cost=0.00..51404.11 rows=1329612 width=4) (actual time=0.035..867.444 rows=1334883 loops=1)
                    Filter: (company_type_id = 2)
                    Rows Removed by Filter: 1274246
              ->  Hash  (cost=73925.90..73925.90 rows=4532 width=4) (actual time=723.038..723.038 rows=7858 loops=1)
                    Buckets: 8192  Batches: 1  Memory Usage: 341kB
                    ->  Seq Scan on title t  (cost=0.00..73925.90 rows=4532 width=4) (actual time=178.400..720.282 rows=7858 loops=1)
                          Filter: ((kind_id = 7) AND (production_year = 1975))
                          Rows Removed by Filter: 2520454
Planning time: 1.277 ms
Execution time: 3548.119 ms
