Seq Scan on movie_companies mc  (cost=0.00..51404.11 rows=1838304 width=0) (actual time=0.030..770.242 rows=1846913 loops=1)
  Filter: (company_id > 1567)
  Rows Removed by Filter: 762216
Planning time: 4.082 ms
Execution time: 954.964 ms
