Seq Scan on movie_companies mc  (cost=0.00..51404.11 rows=1141930 width=0) (actual time=0.022..933.128 rows=1149168 loops=1)
  Filter: (company_id > 13114)
  Rows Removed by Filter: 1459961
Planning time: 0.334 ms
Execution time: 1077.142 ms
