Hash Join  (cost=149091.20..233932.22 rows=710251 width=0) (actual time=3302.293..5898.503 rows=1718187 loops=1)
  Hash Cond: (mc.movie_id = t.id)
  ->  Seq Scan on movie_companies mc  (cost=0.00..44881.29 rows=2609129 width=4) (actual time=0.015..944.911 rows=2609129 loops=1)
  ->  Hash  (cost=137798.33..137798.33 rows=688309 width=8) (actual time=3300.929..3300.929 rows=585034 loops=1)
        Buckets: 131072  Batches: 16  Memory Usage: 2440kB
        ->  Hash Join  (cost=88295.76..137798.33 rows=688309 width=8) (actual time=1645.870..3122.378 rows=585034 loops=1)
              Hash Cond: (mi_idx.movie_id = t.id)
              ->  Seq Scan on movie_info_idx mi_idx  (cost=0.00..21735.35 rows=1380035 width=4) (actual time=0.022..414.319 rows=1380035 loops=1)
              ->  Hash  (cost=67604.59..67604.59 rows=1261134 width=4) (actual time=1645.203..1645.203 rows=1260295 loops=1)
                    Buckets: 131072  Batches: 32  Memory Usage: 2413kB
                    ->  Seq Scan on title t  (cost=0.00..67604.59 rows=1261134 width=4) (actual time=0.013..1243.250 rows=1260295 loops=1)
                          Filter: (production_year > 2002)
                          Rows Removed by Filter: 1268017
Planning time: 1.283 ms
Execution time: 6093.739 ms
