Seq Scan on cast_info ci  (cost=0.00..796071.18 rows=3296714 width=0) (actual time=0.022..14647.046 rows=3992911 loops=1)
  Filter: ((person_id > 831527) AND (role_id = 10))
  Rows Removed by Filter: 32251433
Planning time: 0.408 ms
Execution time: 15110.255 ms
