Hash Join  (cost=443319.12..1287671.56 rows=490924 width=0) (actual time=10064.303..25656.779 rows=2588581 loops=1)
  Hash Cond: (ci.movie_id = t.id)
  ->  Seq Scan on cast_info ci  (cost=0.00..705507.15 rows=7482705 width=4) (actual time=413.691..12171.974 rows=7411512 loops=1)
        Filter: (person_id < 717138)
        Rows Removed by Filter: 28832832
  ->  Hash  (cost=440596.48..440596.48 rows=165891 width=8) (actual time=9646.871..9646.871 rows=252628 loops=1)
        Buckets: 131072  Batches: 4  Memory Usage: 3477kB
        ->  Hash Join  (cost=74281.64..440596.48 rows=165891 width=8) (actual time=1195.569..9206.868 rows=252628 loops=1)
              Hash Cond: (mi.movie_id = t.id)
              ->  Seq Scan on movie_info mi  (cost=0.00..309384.22 rows=14739122 width=4) (actual time=0.027..4554.599 rows=14835720 loops=1)
              ->  Hash  (cost=73925.90..73925.90 rows=28459 width=4) (actual time=1112.126..1112.126 rows=16117 loops=1)
                    Buckets: 32768  Batches: 1  Memory Usage: 823kB
                    ->  Seq Scan on title t  (cost=0.00..73925.90 rows=28459 width=4) (actual time=0.025..1104.950 rows=16117 loops=1)
                          Filter: ((kind_id = 1) AND (production_year = 2006))
                          Rows Removed by Filter: 2512195
Planning time: 1.173 ms
Execution time: 25980.886 ms
