Hash Join  (cost=85280.32..441108.80 rows=145067 width=0) (actual time=3536.354..6754.747 rows=136580 loops=1)
  Hash Cond: (mi.movie_id = t.id)
  ->  Seq Scan on movie_info mi  (cost=0.00..346232.03 rows=340474 width=4) (actual time=2076.868..4894.177 rows=328857 loops=1)
        Filter: (info_type_id = 98)
        Rows Removed by Filter: 14506863
  ->  Hash  (cost=67604.59..67604.59 rows=1077339 width=4) (actual time=1458.271..1458.271 rows=1074765 loops=1)
        Buckets: 131072  Batches: 16  Memory Usage: 3396kB
        ->  Seq Scan on title t  (cost=0.00..67604.59 rows=1077339 width=4) (actual time=0.035..1106.644 rows=1074765 loops=1)
              Filter: (production_year < 2001)
              Rows Removed by Filter: 1453547
Planning time: 0.770 ms
Execution time: 6771.331 ms
