Hash Join  (cost=131252.51..905690.78 rows=144050 width=0) (actual time=1985.754..17502.747 rows=393635 loops=1)
  Hash Cond: (ci.movie_id = t.id)
  ->  Seq Scan on cast_info ci  (cost=0.00..705507.15 rows=17997499 width=4) (actual time=0.023..10999.457 rows=17846711 loops=1)
        Filter: (person_id < 1768623)
        Rows Removed by Filter: 18397633
  ->  Hash  (cost=130999.53..130999.53 rows=20238 width=8) (actual time=1985.295..1985.295 rows=29642 loops=1)
        Buckets: 32768  Batches: 1  Memory Usage: 1414kB
        ->  Hash Join  (cost=74406.99..130999.53 rows=20238 width=8) (actual time=1145.846..1974.697 rows=29642 loops=1)
              Hash Cond: (mc.movie_id = t.id)
              ->  Seq Scan on movie_companies mc  (cost=0.00..51404.11 rows=1329612 width=4) (actual time=0.019..586.514 rows=1334883 loops=1)
                    Filter: (company_type_id > 1)
                    Rows Removed by Filter: 1274246
              ->  Hash  (cost=73925.90..73925.90 rows=38487 width=4) (actual time=1144.925..1144.925 rows=25968 loops=1)
                    Buckets: 65536  Batches: 1  Memory Usage: 1425kB
                    ->  Seq Scan on title t  (cost=0.00..73925.90 rows=38487 width=4) (actual time=0.112..1133.299 rows=25968 loops=1)
                          Filter: ((kind_id < 4) AND (production_year = 2007))
                          Rows Removed by Filter: 2502344
Planning time: 12.926 ms
Execution time: 17554.834 ms
