Nested Loop  (cost=32807.94..399569.36 rows=88 width=0) (actual time=5037.909..6795.534 rows=2906 loops=1)
  Join Filter: (mi.movie_id = t.id)
  ->  Hash Join  (cost=32807.51..384315.00 rows=17949 width=8) (actual time=5036.721..5591.750 rows=97544 loops=1)
        Hash Cond: (mi.movie_id = mi_idx.movie_id)
        ->  Seq Scan on movie_info mi  (cost=0.00..346232.03 rows=17937 width=4) (actual time=4417.822..4776.201 rows=140065 loops=1)
              Filter: (info_type_id = 9)
              Rows Removed by Filter: 14695655
        ->  Hash  (cost=25185.44..25185.44 rows=464566 width=4) (actual time=617.878..617.878 rows=459925 loops=1)
              Buckets: 131072  Batches: 8  Memory Usage: 3059kB
              ->  Seq Scan on movie_info_idx mi_idx  (cost=0.00..25185.44 rows=464566 width=4) (actual time=0.048..467.773 rows=459925 loops=1)
                    Filter: (info_type_id = 101)
                    Rows Removed by Filter: 920110
  ->  Index Scan using title_pkey on title t  (cost=0.43..0.84 rows=1 width=4) (actual time=0.012..0.012 rows=0 loops=97544)
        Index Cond: (id = mi_idx.movie_id)
        Filter: (production_year = 2003)
        Rows Removed by Filter: 1
Planning time: 1.101 ms
Execution time: 6796.850 ms
