Seq Scan on cast_info ci  (cost=0.00..796071.18 rows=7596508 width=0) (actual time=1770.763..14019.827 rows=2187418 loops=1)
  Filter: ((person_id > 1430699) AND (role_id < 2))
  Rows Removed by Filter: 34056926
Planning time: 0.251 ms
Execution time: 14290.495 ms
