Seq Scan on cast_info ci  (cost=0.00..796071.18 rows=2566939 width=0) (actual time=10913.085..13807.302 rows=824779 loops=1)
  Filter: ((person_id < 2164880) AND (role_id = 10))
  Rows Removed by Filter: 35419565
Planning time: 0.395 ms
Execution time: 13913.086 ms
