Hash Join  (cost=89299.55..161586.19 rows=286284 width=0) (actual time=1730.444..3495.643 rows=333210 loops=1)
  Hash Cond: (mc.movie_id = t.id)
  ->  Seq Scan on movie_companies mc  (cost=0.00..57926.93 rows=547431 width=4) (actual time=0.021..1077.345 rows=758075 loops=1)
        Filter: ((company_id < 7851) AND (company_type_id < 2))
        Rows Removed by Filter: 1851054
  ->  Hash  (cost=67604.59..67604.59 rows=1322317 width=4) (actual time=1729.387..1729.387 rows=1322863 loops=1)
        Buckets: 131072  Batches: 32  Memory Usage: 2481kB
        ->  Seq Scan on title t  (cost=0.00..67604.59 rows=1322317 width=4) (actual time=0.017..1316.808 rows=1322863 loops=1)
              Filter: (production_year > 2001)
              Rows Removed by Filter: 1205449
Planning time: 0.767 ms
Execution time: 3534.991 ms
