Seq Scan on movie_keyword mk  (cost=0.00..81003.12 rows=4509300 width=0) (actual time=0.024..1552.847 rows=4512174 loops=1)
  Filter: (keyword_id < 123649)
  Rows Removed by Filter: 11756
Planning time: 0.289 ms
Execution time: 2111.964 ms
