Seq Scan on movie_keyword mk  (cost=0.00..81003.12 rows=3952336 width=0) (actual time=0.034..1646.210 rows=3955646 loops=1)
  Filter: (keyword_id < 32294)
  Rows Removed by Filter: 568284
Planning time: 1.308 ms
Execution time: 2146.588 ms
