Hash Join  (cost=83072.41..447728.92 rows=58 width=0) (actual time=1233.120..7670.424 rows=1664 loops=1)
  Hash Cond: (mi.movie_id = t.id)
  ->  Seq Scan on movie_info mi  (cost=0.00..309384.22 rows=14739122 width=4) (actual time=0.021..3853.329 rows=14835720 loops=1)
  ->  Hash  (cost=83072.29..83072.29 rows=10 width=8) (actual time=1231.079..1231.079 rows=89 loops=1)
        Buckets: 1024  Batches: 1  Memory Usage: 12kB
        ->  Nested Loop  (cost=0.43..83072.29 rows=10 width=8) (actual time=17.900..1230.942 rows=89 loops=1)
              ->  Seq Scan on movie_keyword mk  (cost=0.00..81003.12 rows=246 width=4) (actual time=0.274..1180.919 rows=1574 loops=1)
                    Filter: (keyword_id = 5297)
                    Rows Removed by Filter: 4522356
              ->  Index Scan using title_pkey on title t  (cost=0.43..8.40 rows=1 width=4) (actual time=0.031..0.031 rows=0 loops=1574)
                    Index Cond: (id = mk.movie_id)
                    Filter: (kind_id = 3)
                    Rows Removed by Filter: 1
Planning time: 4.891 ms
Execution time: 7671.139 ms
