Hash Join  (cost=69928.56..134526.59 rows=58390 width=0) (actual time=1007.647..2375.126 rows=51076 loops=1)
  Hash Cond: (mc.movie_id = t.id)
  ->  Seq Scan on movie_companies mc  (cost=0.00..51404.11 rows=1042671 width=4) (actual time=0.032..889.296 rows=1051917 loops=1)
        Filter: (company_id > 14915)
        Rows Removed by Filter: 1557212
  ->  Hash  (cost=67604.59..67604.59 rows=141598 width=4) (actual time=1006.861..1006.861 rows=141703 loops=1)
        Buckets: 131072  Batches: 2  Memory Usage: 3511kB
        ->  Seq Scan on title t  (cost=0.00..67604.59 rows=141598 width=4) (actual time=0.022..956.693 rows=141703 loops=1)
              Filter: (production_year = 2010)
              Rows Removed by Filter: 2386609
Planning time: 0.678 ms
Execution time: 2382.859 ms
