Hash Join  (cost=215833.08..1170609.66 rows=4679129 width=0) (actual time=13420.821..31007.568 rows=16598169 loops=1)
  Hash Cond: (ci.movie_id = t.id)
  ->  Seq Scan on cast_info ci  (cost=0.00..796071.18 rows=9246695 width=4) (actual time=8430.480..15876.988 rows=9291520 loops=1)
        Filter: ((person_id > 76655) AND (role_id > 4))
        Rows Removed by Filter: 26952824
  ->  Hash  (cost=194840.12..194840.12 rows=1279517 width=8) (actual time=4987.826..4987.826 rows=1274246 loops=1)
        Buckets: 131072  Batches: 32  Memory Usage: 2553kB
        ->  Hash Join  (cost=102767.86..194840.12 rows=1279517 width=8) (actual time=2153.038..4616.286 rows=1274246 loops=1)
              Hash Cond: (mc.movie_id = t.id)
              ->  Seq Scan on movie_companies mc  (cost=0.00..51404.11 rows=1279517 width=4) (actual time=0.028..990.848 rows=1274246 loops=1)
                    Filter: (company_type_id = 1)
                    Rows Removed by Filter: 1334883
              ->  Hash  (cost=61283.27..61283.27 rows=2528527 width=4) (actual time=2151.486..2151.486 rows=2528312 loops=1)
                    Buckets: 131072  Batches: 64  Memory Usage: 2415kB
                    ->  Seq Scan on title t  (cost=0.00..61283.27 rows=2528527 width=4) (actual time=0.026..1057.366 rows=2528312 loops=1)
Planning time: 0.741 ms
Execution time: 32791.858 ms
