Hash Join  (cost=73950.44..825020.84 rows=28123 width=0) (actual time=1252.636..18846.321 rows=42364 loops=1)
  Hash Cond: (ci.movie_id = t.id)
  ->  Seq Scan on cast_info ci  (cost=0.00..614943.12 rows=36225612 width=4) (actual time=0.023..9367.714 rows=36244344 loops=1)
  ->  Hash  (cost=73925.90..73925.90 rows=1963 width=4) (actual time=1176.535..1176.535 rows=7670 loops=1)
        Buckets: 8192 (originally 2048)  Batches: 1 (originally 1)  Memory Usage: 334kB
        ->  Seq Scan on title t  (cost=0.00..73925.90 rows=1963 width=4) (actual time=602.696..1173.320 rows=7670 loops=1)
              Filter: ((kind_id = 1) AND (production_year = 1915))
              Rows Removed by Filter: 2520642
Planning time: 0.689 ms
Execution time: 18855.240 ms
