Hash Join  (cost=190230.21..1486906.60 rows=18783923 width=0) (actual time=4089.788..47325.444 rows=38072873 loops=1)
  Hash Cond: (ci.movie_id = t.id)
  ->  Seq Scan on cast_info ci  (cost=0.00..705507.15 rows=34416269 width=4) (actual time=0.017..16861.062 rows=34394560 loops=1)
        Filter: (person_id < 3696816)
        Rows Removed by Filter: 1849784
  ->  Hash  (cost=167588.78..167588.78 rows=1380035 width=8) (actual time=4088.862..4088.862 rows=1380035 loops=1)
        Buckets: 131072  Batches: 32  Memory Usage: 2708kB
        ->  Hash Join  (cost=102767.86..167588.78 rows=1380035 width=8) (actual time=1894.666..3728.323 rows=1380035 loops=1)
              Hash Cond: (mi_idx.movie_id = t.id)
              ->  Seq Scan on movie_info_idx mi_idx  (cost=0.00..21735.35 rows=1380035 width=4) (actual time=0.052..445.348 rows=1380035 loops=1)
              ->  Hash  (cost=61283.27..61283.27 rows=2528527 width=4) (actual time=1893.439..1893.439 rows=2528312 loops=1)
                    Buckets: 131072  Batches: 64  Memory Usage: 2415kB
                    ->  Seq Scan on title t  (cost=0.00..61283.27 rows=2528527 width=4) (actual time=0.023..1088.360 rows=2528312 loops=1)
Planning time: 3.317 ms
Execution time: 51445.395 ms
