Hash Join  (cost=140193.41..167200.96 rows=9707 width=0) (actual time=2619.972..3168.336 rows=22572 loops=1)
  Hash Cond: (mi_idx.movie_id = t.id)
  ->  Seq Scan on movie_info_idx mi_idx  (cost=0.00..21735.35 rows=1380035 width=4) (actual time=0.020..279.730 rows=1380035 loops=1)
  ->  Hash  (cost=139971.08..139971.08 rows=17786 width=8) (actual time=2619.701..2619.701 rows=17021 loops=1)
        Buckets: 32768  Batches: 1  Memory Usage: 921kB
        ->  Hash Join  (cost=75292.52..139971.08 rows=17786 width=8) (actual time=1412.563..2612.366 rows=17021 loops=1)
              Hash Cond: (mc.movie_id = t.id)
              ->  Seq Scan on movie_companies mc  (cost=0.00..57926.93 rows=540205 width=4) (actual time=107.034..996.598 rows=840174 loops=1)
                    Filter: ((company_id > 14499) AND (company_type_id > 1))
                    Rows Removed by Filter: 1768955
              ->  Hash  (cost=73925.90..73925.90 rows=83249 width=4) (actual time=1304.774..1304.774 rows=101793 loops=1)
                    Buckets: 131072  Batches: 2  Memory Usage: 2803kB
                    ->  Seq Scan on title t  (cost=0.00..73925.90 rows=83249 width=4) (actual time=0.031..1266.476 rows=101793 loops=1)
                          Filter: ((kind_id > 1) AND (production_year = 2007))
                          Rows Removed by Filter: 2426519
Planning time: 1.211 ms
Execution time: 3171.007 ms
