Seq Scan on movie_companies mc  (cost=0.00..51404.11 rows=1552426 width=0) (actual time=0.011..890.856 rows=1542840 loops=1)
  Filter: (company_id < 14578)
  Rows Removed by Filter: 1066289
Planning time: 0.308 ms
Execution time: 1077.539 ms
