Seq Scan on cast_info ci  (cost=0.00..796071.18 rows=14552831 width=0) (actual time=2546.905..15241.613 rows=19750982 loops=1)
  Filter: ((person_id > 1356166) AND (role_id > 1))
  Rows Removed by Filter: 16493362
Planning time: 0.349 ms
Execution time: 17638.218 ms
