Hash Join  (cost=127161.76..1211538.84 rows=4923086 width=0) (actual time=2667.809..33577.629 rows=10149500 loops=1)
  Hash Cond: (ci.movie_id = t.id)
  ->  Seq Scan on cast_info ci  (cost=0.00..614943.12 rows=36225612 width=4) (actual time=0.018..12804.925 rows=36244344 loops=1)
  ->  Hash  (cost=121523.40..121523.40 rows=343629 width=8) (actual time=2654.612..2654.612 rows=404622 loops=1)
        Buckets: 131072  Batches: 8  Memory Usage: 3013kB
        ->  Hash Join  (cost=77934.62..121523.40 rows=343629 width=8) (actual time=1297.011..2534.060 rows=404622 loops=1)
              Hash Cond: (mi_idx.movie_id = t.id)
              ->  Seq Scan on movie_info_idx mi_idx  (cost=0.00..21735.35 rows=1380035 width=4) (actual time=0.027..451.009 rows=1380035 loops=1)
              ->  Hash  (cost=67604.59..67604.59 rows=629603 width=4) (actual time=1295.881..1295.881 rows=622851 loops=1)
                    Buckets: 131072  Batches: 16  Memory Usage: 2387kB
                    ->  Seq Scan on title t  (cost=0.00..67604.59 rows=629603 width=4) (actual time=0.022..1097.933 rows=622851 loops=1)
                          Filter: (production_year < 1987)
                          Rows Removed by Filter: 1905461
Planning time: 0.915 ms
Execution time: 34690.495 ms
