Hash Join  (cost=531918.23..1788095.73 rows=4347163 width=0) (actual time=11580.355..44274.830 rows=6078373 loops=1)
  Hash Cond: (ci.movie_id = t.id)
  ->  Seq Scan on cast_info ci  (cost=0.00..705507.15 rows=33038230 width=4) (actual time=0.024..16849.834 rows=33159775 loops=1)
        Filter: (person_id > 298856)
        Rows Removed by Filter: 3084569
  ->  Hash  (cost=526459.44..526459.44 rows=332703 width=8) (actual time=11579.253..11579.253 rows=409948 loops=1)
        Buckets: 131072  Batches: 8  Memory Usage: 3020kB
        ->  Hash Join  (cost=69090.10..526459.44 rows=332703 width=8) (actual time=1532.672..11442.889 rows=409948 loops=1)
              Hash Cond: (mi.movie_id = t.id)
              ->  Seq Scan on movie_info mi  (cost=0.00..346232.03 rows=9293409 width=4) (actual time=330.355..6799.148 rows=9425200 loops=1)
                    Filter: (info_type_id > 5)
                    Rows Removed by Filter: 5410520
              ->  Hash  (cost=67604.59..67604.59 rows=90521 width=4) (actual time=1201.560..1201.560 rows=90852 loops=1)
                    Buckets: 131072  Batches: 2  Memory Usage: 2632kB
                    ->  Seq Scan on title t  (cost=0.00..67604.59 rows=90521 width=4) (actual time=0.037..1166.791 rows=90852 loops=1)
                          Filter: (kind_id = 2)
                          Rows Removed by Filter: 2437460
Planning time: 1.232 ms
Execution time: 44908.537 ms
