Hash Join  (cost=100960.39..188033.53 rows=1069097 width=0) (actual time=2405.351..4428.666 rows=964240 loops=1)
  Hash Cond: (mc.movie_id = t.id)
  ->  Seq Scan on movie_companies mc  (cost=0.00..51404.11 rows=1329612 width=4) (actual time=133.879..1076.866 rows=1334883 loops=1)
        Filter: (company_type_id > 1)
        Rows Removed by Filter: 1274246
  ->  Hash  (cost=67604.59..67604.59 rows=2033104 width=4) (actual time=2270.555..2270.555 rows=2032439 loops=1)
        Buckets: 131072  Batches: 32  Memory Usage: 3261kB
        ->  Seq Scan on title t  (cost=0.00..67604.59 rows=2033104 width=4) (actual time=0.042..1351.606 rows=2032439 loops=1)
              Filter: (production_year > 1973)
              Rows Removed by Filter: 495873
Planning time: 0.768 ms
Execution time: 4508.675 ms
