Seq Scan on movie_keyword mk  (cost=0.00..81003.12 rows=246 width=0) (actual time=2.404..1325.948 rows=156 loops=1)
  Filter: (keyword_id = 4287)
  Rows Removed by Filter: 4523774
Planning time: 0.339 ms
Execution time: 1326.135 ms
