Seq Scan on movie_companies mc  (cost=0.00..51404.11 rows=104 width=0) (actual time=282.217..826.914 rows=22 loops=1)
  Filter: (company_id = 104003)
  Rows Removed by Filter: 2609107
Planning time: 0.390 ms
Execution time: 826.998 ms
