Hash Join  (cost=611392.17..2008510.83 rows=20512640 width=0) (actual time=17090.984..48295.359 rows=10105691 loops=1)
  Hash Cond: (ci.movie_id = t.id)
  ->  Seq Scan on cast_info ci  (cost=0.00..705507.15 rows=26888309 width=4) (actual time=761.864..15741.182 rows=27050606 loops=1)
        Filter: (person_id > 903896)
        Rows Removed by Filter: 9193738
  ->  Hash  (cost=579744.03..579744.03 rows=1928971 width=8) (actual time=16327.483..16327.483 rows=973521 loops=1)
        Buckets: 131072  Batches: 32  Memory Usage: 2141kB
        ->  Hash Join  (cost=79355.39..579744.03 rows=1928971 width=8) (actual time=1189.098..16017.378 rows=973521 loops=1)
              Hash Cond: (mi.movie_id = t.id)
              ->  Seq Scan on movie_info mi  (cost=0.00..309384.22 rows=14739122 width=4) (actual time=0.023..6002.357 rows=14835720 loops=1)
              ->  Hash  (cost=73925.90..73925.90 rows=330919 width=4) (actual time=1187.887..1187.887 rows=218874 loops=1)
                    Buckets: 131072  Batches: 8  Memory Usage: 1981kB
                    ->  Seq Scan on title t  (cost=0.00..73925.90 rows=330919 width=4) (actual time=0.085..1111.055 rows=218874 loops=1)
                          Filter: ((kind_id > 4) AND (production_year < 1982))
                          Rows Removed by Filter: 2309438
Planning time: 1.147 ms
Execution time: 49435.619 ms
