Hash Join  (cost=102617.88..450544.95 rows=189 width=0) (actual time=5370.603..7344.334 rows=490 loops=1)
  Hash Cond: (mi.movie_id = t.id)
  ->  Seq Scan on movie_info mi  (cost=0.00..346232.03 rows=451508 width=4) (actual time=3454.430..5430.031 rows=474443 loops=1)
        Filter: (info_type_id = 6)
        Rows Removed by Filter: 14361277
  ->  Hash  (cost=102604.68..102604.68 rows=1056 width=8) (actual time=1847.922..1847.922 rows=488 loops=1)
        Buckets: 2048  Batches: 1  Memory Usage: 36kB
        ->  Hash Join  (cost=73962.22..102604.68 rows=1056 width=8) (actual time=1182.486..1847.646 rows=488 loops=1)
              Hash Cond: (mi_idx.movie_id = t.id)
              ->  Seq Scan on movie_info_idx mi_idx  (cost=0.00..25185.44 rows=919057 width=4) (actual time=0.021..519.142 rows=920110 loops=1)
                    Filter: (info_type_id > 99)
                    Rows Removed by Filter: 459925
              ->  Hash  (cost=73925.90..73925.90 rows=2905 width=4) (actual time=1179.910..1179.910 rows=4012 loops=1)
                    Buckets: 4096  Batches: 1  Memory Usage: 174kB
                    ->  Seq Scan on title t  (cost=0.00..73925.90 rows=2905 width=4) (actual time=519.122..1177.981 rows=4012 loops=1)
                          Filter: ((kind_id < 7) AND (production_year = 1920))
                          Rows Removed by Filter: 2524300
Planning time: 1.244 ms
Execution time: 7344.536 ms
