Seq Scan on cast_info ci  (cost=0.00..796071.18 rows=435 width=0) (actual time=10239.924..14888.796 rows=34 loops=1)
  Filter: ((role_id < 10) AND (person_id = 1071534))
  Rows Removed by Filter: 36244310
Planning time: 0.376 ms
Execution time: 14888.902 ms
