Hash Join  (cost=58375.85..85304.88 rows=10 width=0) (actual time=843.877..1359.717 rows=54 loops=1)
  Hash Cond: (mi_idx.movie_id = t.id)
  ->  Seq Scan on movie_info_idx mi_idx  (cost=0.00..25185.44 rows=464934 width=4) (actual time=0.019..458.178 rows=460185 loops=1)
        Filter: (info_type_id > 100)
        Rows Removed by Filter: 919850
  ->  Hash  (cost=58375.18..58375.18 rows=53 width=8) (actual time=839.789..839.789 rows=75 loops=1)
        Buckets: 1024  Batches: 1  Memory Usage: 11kB
        ->  Nested Loop  (cost=0.43..58375.18 rows=53 width=8) (actual time=69.278..839.716 rows=75 loops=1)
              ->  Seq Scan on movie_companies mc  (cost=0.00..57926.93 rows=53 width=4) (actual time=69.196..837.347 rows=75 loops=1)
                    Filter: ((company_id = 21502) AND (company_type_id = 2))
                    Rows Removed by Filter: 2609054
              ->  Index Only Scan using title_pkey on title t  (cost=0.43..8.45 rows=1 width=4) (actual time=0.029..0.029 rows=1 loops=75)
                    Index Cond: (id = mc.movie_id)
                    Heap Fetches: 75
Planning time: 1.200 ms
Execution time: 1359.850 ms
