Seq Scan on movie_keyword mk  (cost=0.00..81003.12 rows=497112 width=0) (actual time=0.038..1316.341 rows=490922 loops=1)
  Filter: (keyword_id > 36664)
  Rows Removed by Filter: 4033008
Planning time: 0.344 ms
Execution time: 1374.718 ms
