Seq Scan on movie_companies mc  (cost=0.00..51404.11 rows=2391705 width=0) (actual time=0.046..1044.709 rows=2390196 loops=1)
  Filter: (company_id < 108256)
  Rows Removed by Filter: 218933
Planning time: 0.328 ms
Execution time: 1350.100 ms
