Hash Join  (cost=192167.83..693922.42 rows=2056969 width=0) (actual time=3796.463..16941.532 rows=5250359 loops=1)
  Hash Cond: (mi.movie_id = t.id)
  ->  Seq Scan on movie_info mi  (cost=0.00..309384.22 rows=14739122 width=4) (actual time=0.015..6286.268 rows=14835720 loops=1)
  ->  Hash  (cost=186377.86..186377.86 rows=352877 width=8) (actual time=3794.025..3794.025 rows=142308 loops=1)
        Buckets: 131072  Batches: 8  Memory Usage: 1740kB
        ->  Hash Join  (cost=74050.79..186377.86 rows=352877 width=8) (actual time=1148.092..3741.862 rows=142308 loops=1)
              Hash Cond: (mk.movie_id = t.id)
              ->  Seq Scan on movie_keyword mk  (cost=0.00..81003.12 rows=2270982 width=4) (actual time=0.028..1579.194 rows=2271182 loops=1)
                    Filter: (keyword_id < 4777)
                    Rows Removed by Filter: 2252748
              ->  Hash  (cost=67604.59..67604.59 rows=392896 width=4) (actual time=1146.864..1146.864 rows=391666 loops=1)
                    Buckets: 131072  Batches: 8  Memory Usage: 2759kB
                    ->  Seq Scan on title t  (cost=0.00..67604.59 rows=392896 width=4) (actual time=0.731..1018.355 rows=391666 loops=1)
                          Filter: (production_year > 2010)
                          Rows Removed by Filter: 2136646
Planning time: 1.207 ms
Execution time: 17482.194 ms
