Seq Scan on cast_info ci  (cost=0.00..705507.15 rows=17283046 width=0) (actual time=0.016..12760.522 rows=17164860 loops=1)
  Filter: (person_id < 1695610)
  Rows Removed by Filter: 19079484
Planning time: 0.368 ms
Execution time: 14903.806 ms
