Seq Scan on movie_keyword mk  (cost=0.00..81003.12 rows=1435731 width=0) (actual time=0.017..1481.530 rows=1452654 loops=1)
  Filter: (keyword_id < 2045)
  Rows Removed by Filter: 3071276
Planning time: 0.347 ms
Execution time: 1673.757 ms
