Hash Join  (cost=74551.72..442126.01 rows=291836 width=0) (actual time=1181.148..12778.390 rows=2047132 loops=1)
  Hash Cond: (mi.movie_id = t.id)
  ->  Seq Scan on movie_info mi  (cost=0.00..309384.22 rows=14739122 width=4) (actual time=0.017..4824.686 rows=14835720 loops=1)
  ->  Hash  (cost=73925.90..73925.90 rows=50065 width=4) (actual time=1119.261..1119.261 rows=171686 loops=1)
        Buckets: 131072 (originally 65536)  Batches: 2 (originally 1)  Memory Usage: 4044kB
        ->  Seq Scan on title t  (cost=0.00..73925.90 rows=50065 width=4) (actual time=157.833..1055.040 rows=171686 loops=1)
              Filter: ((production_year < 1954) AND (kind_id = 1))
              Rows Removed by Filter: 2356626
Planning time: 0.784 ms
Execution time: 12996.281 ms
