Seq Scan on cast_info ci  (cost=0.00..796071.18 rows=17700118 width=0) (actual time=0.018..15245.612 rows=16483097 loops=1)
  Filter: ((person_id > 1561568) AND (role_id < 10))
  Rows Removed by Filter: 19761247
Planning time: 0.358 ms
Execution time: 17232.950 ms
