Hash Join  (cost=704558.44..2167719.39 rows=41687397 width=0) (actual time=18948.444..62423.338 rows=66092140 loops=1)
  Hash Cond: (ci.movie_id = t.id)
  ->  Seq Scan on cast_info ci  (cost=0.00..705507.15 rows=17835280 width=4) (actual time=1693.952..14493.919 rows=17963209 loops=1)
        Filter: (person_id > 1817063)
        Rows Removed by Filter: 18281135
  ->  Hash  (cost=607595.59..607595.59 rows=5910068 width=8) (actual time=17251.324..17251.324 rows=6439287 loops=1)
        Buckets: 131072  Batches: 128  Memory Usage: 2985kB
        ->  Hash Join  (cost=101489.21..607595.59 rows=5910068 width=8) (actual time=1935.796..14698.215 rows=6439287 loops=1)
              Hash Cond: (mi.movie_id = t.id)
              ->  Seq Scan on movie_info mi  (cost=0.00..346232.03 rows=7235534 width=4) (actual time=0.029..6412.966 rows=7286865 loops=1)
                    Filter: (info_type_id < 8)
                    Rows Removed by Filter: 7548855
              ->  Hash  (cost=67604.59..67604.59 rows=2065330 width=4) (actual time=1934.560..1934.560 rows=2064552 loops=1)
                    Buckets: 131072  Batches: 32  Memory Usage: 3298kB
                    ->  Seq Scan on title t  (cost=0.00..67604.59 rows=2065330 width=4) (actual time=0.017..1253.308 rows=2064552 loops=1)
                          Filter: (production_year < 2011)
                          Rows Removed by Filter: 463760
Planning time: 1.264 ms
Execution time: 70013.293 ms
