Hash Join  (cost=132679.76..506484.59 rows=43956 width=0) (actual time=3069.165..9657.887 rows=227582 loops=1)
  Hash Cond: (mi.movie_id = t.id)
  ->  Seq Scan on movie_info mi  (cost=0.00..346232.03 rows=7235534 width=4) (actual time=631.396..5607.441 rows=7286865 loops=1)
        Filter: (info_type_id < 8)
        Rows Removed by Filter: 7548855
  ->  Hash  (cost=132487.74..132487.74 rows=15361 width=8) (actual time=2437.449..2437.449 rows=41085 loops=1)
        Buckets: 65536 (originally 16384)  Batches: 1 (originally 1)  Memory Usage: 2117kB
        ->  Hash Join  (cost=69090.10..132487.74 rows=15361 width=8) (actual time=1283.761..2422.596 rows=41085 loops=1)
              Hash Cond: (mc.movie_id = t.id)
              ->  Seq Scan on movie_companies mc  (cost=0.00..57926.93 rows=429093 width=4) (actual time=304.413..1127.749 rows=755695 loops=1)
                    Filter: ((company_id > 25059) AND (company_type_id = 2))
                    Rows Removed by Filter: 1853434
              ->  Hash  (cost=67604.59..67604.59 rows=90521 width=4) (actual time=978.497..978.497 rows=90852 loops=1)
                    Buckets: 131072  Batches: 2  Memory Usage: 2626kB
                    ->  Seq Scan on title t  (cost=0.00..67604.59 rows=90521 width=4) (actual time=87.027..944.306 rows=90852 loops=1)
                          Filter: (kind_id = 2)
                          Rows Removed by Filter: 2437460
Planning time: 1.272 ms
Execution time: 9686.724 ms
