Seq Scan on cast_info ci  (cost=0.00..796071.18 rows=324 width=0) (actual time=5042.753..14018.823 rows=49 loops=1)
  Filter: ((role_id > 1) AND (person_id = 2381889))
  Rows Removed by Filter: 36244295
Planning time: 0.289 ms
Execution time: 14018.950 ms
