Hash Join  (cost=179835.42..219116.39 rows=92548 width=0) (actual time=3189.683..4389.762 rows=683703 loops=1)
  Hash Cond: (mi_idx.movie_id = t.id)
  ->  Seq Scan on movie_info_idx mi_idx  (cost=0.00..21735.35 rows=1380035 width=4) (actual time=0.019..451.393 rows=1380035 loops=1)
  ->  Hash  (cost=177052.81..177052.81 rows=169569 width=8) (actual time=3188.872..3188.872 rows=272669 loops=1)
        Buckets: 131072  Batches: 4  Memory Usage: 3688kB
        ->  Hash Join  (cost=83709.60..177052.81 rows=169569 width=8) (actual time=1277.523..3103.725 rows=272669 loops=1)
              Hash Cond: (mk.movie_id = t.id)
              ->  Seq Scan on movie_keyword mk  (cost=0.00..81003.12 rows=719038 width=4) (actual time=0.014..1342.110 rows=716065 loops=1)
                    Filter: (keyword_id < 620)
                    Rows Removed by Filter: 3807865
              ->  Hash  (cost=73925.90..73925.90 rows=596296 width=4) (actual time=1272.783..1272.783 rows=465211 loops=1)
                    Buckets: 131072  Batches: 8  Memory Usage: 3079kB
                    ->  Seq Scan on title t  (cost=0.00..73925.90 rows=596296 width=4) (actual time=0.022..1130.216 rows=465211 loops=1)
                          Filter: ((kind_id < 4) AND (production_year > 1990))
                          Rows Removed by Filter: 2063101
Planning time: 1.614 ms
Execution time: 4471.107 ms
