Seq Scan on movie_companies mc  (cost=0.00..57926.93 rows=100399 width=0) (actual time=323.891..813.513 rows=198316 loops=1)
  Filter: ((company_id > 113996) AND (company_type_id = 2))
  Rows Removed by Filter: 2410813
Planning time: 0.416 ms
Execution time: 837.625 ms
