Seq Scan on movie_keyword mk  (cost=0.00..81003.12 rows=3277310 width=0) (actual time=0.026..1367.045 rows=3262506 loops=1)
  Filter: (keyword_id > 1609)
  Rows Removed by Filter: 1261424
Planning time: 0.391 ms
Execution time: 1733.129 ms
