Seq Scan on movie_companies mc  (cost=0.00..57926.93 rows=53 width=0) (actual time=52.489..968.404 rows=111 loops=1)
  Filter: ((company_type_id > 1) AND (company_id = 10539))
  Rows Removed by Filter: 2609018
Planning time: 9.752 ms
Execution time: 968.556 ms
