Hash Join  (cost=129335.12..880534.04 rows=40975 width=0) (actual time=2359.118..18801.652 rows=24616 loops=1)
  Hash Cond: (ci.movie_id = t.id)
  ->  Seq Scan on cast_info ci  (cost=0.00..614943.12 rows=36225612 width=4) (actual time=0.008..9077.199 rows=36244344 loops=1)
  ->  Hash  (cost=129299.37..129299.37 rows=2860 width=8) (actual time=2355.689..2355.689 rows=2015 loops=1)
        Buckets: 4096  Batches: 1  Memory Usage: 111kB
        ->  Hash Join  (cost=67697.55..129299.37 rows=2860 width=8) (actual time=1854.549..2354.649 rows=2015 loops=1)
              Hash Cond: (mc.movie_id = t.id)
              ->  Seq Scan on movie_companies mc  (cost=0.00..57926.93 rows=972343 width=4) (actual time=586.641..1146.356 rows=1136647 loops=1)
                    Filter: ((company_id > 1271) AND (company_type_id = 2))
                    Rows Removed by Filter: 1472482
              ->  Hash  (cost=67604.59..67604.59 rows=7437 width=4) (actual time=1040.848..1040.848 rows=2543 loops=1)
                    Buckets: 8192  Batches: 1  Memory Usage: 154kB
                    ->  Seq Scan on title t  (cost=0.00..67604.59 rows=7437 width=4) (actual time=575.637..1039.498 rows=2543 loops=1)
                          Filter: (production_year = 1930)
                          Rows Removed by Filter: 2525769
Planning time: 1.348 ms
Execution time: 18807.679 ms
