Nested Loop  (cost=0.43..110552.98 rows=3921 width=0) (actual time=0.964..1262.535 rows=3195 loops=1)
  ->  Seq Scan on movie_keyword mk  (cost=0.00..81003.12 rows=3921 width=4) (actual time=0.906..1179.056 rows=3195 loops=1)
        Filter: (keyword_id = 438)
        Rows Removed by Filter: 4520735
  ->  Index Only Scan using title_pkey on title t  (cost=0.43..7.53 rows=1 width=4) (actual time=0.025..0.025 rows=1 loops=3195)
        Index Cond: (id = mk.movie_id)
        Heap Fetches: 3195
Planning time: 0.769 ms
Execution time: 1263.640 ms
