Hash Join  (cost=218011.45..258309.08 rows=217857 width=0) (actual time=4180.904..5493.618 rows=942330 loops=1)
  Hash Cond: (mi_idx.movie_id = t.id)
  ->  Seq Scan on movie_info_idx mi_idx  (cost=0.00..25185.44 rows=915101 width=4) (actual time=0.021..555.710 rows=919850 loops=1)
        Filter: (info_type_id < 101)
        Rows Removed by Filter: 460185
  ->  Hash  (cost=208134.90..208134.90 rows=601964 width=8) (actual time=4180.012..4180.012 rows=605787 loops=1)
        Buckets: 131072  Batches: 8  Memory Usage: 4017kB
        ->  Hash Join  (cost=102767.86..208134.90 rows=601964 width=8) (actual time=1814.330..4004.302 rows=605787 loops=1)
              Hash Cond: (mk.movie_id = t.id)
              ->  Seq Scan on movie_keyword mk  (cost=0.00..81003.12 rows=601964 width=4) (actual time=0.026..1313.367 rows=605787 loops=1)
                    Filter: (keyword_id > 30469)
                    Rows Removed by Filter: 3918143
              ->  Hash  (cost=61283.27..61283.27 rows=2528527 width=4) (actual time=1811.522..1811.522 rows=2528312 loops=1)
                    Buckets: 131072  Batches: 64  Memory Usage: 2425kB
                    ->  Seq Scan on title t  (cost=0.00..61283.27 rows=2528527 width=4) (actual time=0.015..929.928 rows=2528312 loops=1)
Planning time: 1.134 ms
Execution time: 5607.976 ms
