Hash Join  (cost=102767.86..173175.21 rows=108087 width=0) (actual time=2158.025..3162.202 rows=213532 loops=1)
  Hash Cond: (mc.movie_id = t.id)
  ->  Seq Scan on movie_companies mc  (cost=0.00..57926.93 rows=108087 width=4) (actual time=396.254..799.067 rows=213532 loops=1)
        Filter: ((company_id > 109683) AND (company_type_id = 2))
        Rows Removed by Filter: 2395597
  ->  Hash  (cost=61283.27..61283.27 rows=2528527 width=4) (actual time=1760.827..1760.827 rows=2528312 loops=1)
        Buckets: 131072  Batches: 64  Memory Usage: 2415kB
        ->  Seq Scan on title t  (cost=0.00..61283.27 rows=2528527 width=4) (actual time=0.019..947.121 rows=2528312 loops=1)
Planning time: 1.673 ms
Execution time: 3190.966 ms
