Hash Join  (cost=129965.15..836840.44 rows=5496 width=0) (actual time=4341.092..15398.925 rows=8272 loops=1)
  Hash Cond: (ci.movie_id = t.id)
  ->  Seq Scan on cast_info ci  (cost=0.00..705507.15 rows=350181 width=4) (actual time=1692.344..12676.243 rows=316118 loops=1)
        Filter: (role_id > 10)
        Rows Removed by Filter: 35928226
  ->  Hash  (cost=129469.06..129469.06 rows=39687 width=8) (actual time=2648.094..2648.094 rows=27069 loops=1)
        Buckets: 65536  Batches: 1  Memory Usage: 1570kB
        ->  Hash Join  (cost=74406.67..129469.06 rows=39687 width=8) (actual time=1289.516..2636.360 rows=27069 loops=1)
              Hash Cond: (mc.movie_id = t.id)
              ->  Seq Scan on movie_companies mc  (cost=0.00..44881.29 rows=2609129 width=4) (actual time=0.023..631.639 rows=2609129 loops=1)
              ->  Hash  (cost=73925.90..73925.90 rows=38461 width=4) (actual time=1289.069..1289.069 rows=44913 loops=1)
                    Buckets: 65536  Batches: 1  Memory Usage: 2091kB
                    ->  Seq Scan on title t  (cost=0.00..73925.90 rows=38461 width=4) (actual time=0.036..1269.727 rows=44913 loops=1)
                          Filter: ((kind_id > 1) AND (production_year = 2000))
                          Rows Removed by Filter: 2483399
Planning time: 4.250 ms
Execution time: 15400.350 ms
