Hash Join  (cost=153681.68..971097.87 rows=154364 width=0) (actual time=4215.734..15315.257 rows=161109 loops=1)
  Hash Cond: (ci.movie_id = t.id)
  ->  Seq Scan on cast_info ci  (cost=0.00..796071.18 rows=1631565 width=4) (actual time=924.932..11521.311 rows=992172 loops=1)
        Filter: ((person_id < 338484) AND (role_id > 2))
        Rows Removed by Filter: 35252172
  ->  Hash  (cost=149756.34..149756.34 rows=239227 width=8) (actual time=3289.909..3289.909 rows=168163 loops=1)
        Buckets: 131072  Batches: 4  Memory Usage: 2681kB
        ->  Hash Join  (cost=71408.55..149756.34 rows=239227 width=8) (actual time=1211.250..3235.519 rows=168163 loops=1)
              Hash Cond: (mc.movie_id = t.id)
              ->  Seq Scan on movie_companies mc  (cost=0.00..44881.29 rows=2609129 width=4) (actual time=0.029..841.082 rows=2609129 loops=1)
              ->  Hash  (cost=67604.59..67604.59 rows=231837 width=4) (actual time=1210.378..1210.378 rows=231649 loops=1)
                    Buckets: 131072  Batches: 4  Memory Usage: 3076kB
                    ->  Seq Scan on title t  (cost=0.00..67604.59 rows=231837 width=4) (actual time=0.025..1125.522 rows=231649 loops=1)
                          Filter: (production_year > 2011)
                          Rows Removed by Filter: 2296663
Planning time: 1.185 ms
Execution time: 15336.293 ms
