Hash Join  (cost=290638.53..937934.00 rows=13970364 width=0) (actual time=6892.971..49846.747 rows=132085636 loops=1)
  Hash Cond: (mi.movie_id = t.id)
  ->  Seq Scan on movie_info mi  (cost=0.00..309384.22 rows=14739122 width=4) (actual time=0.017..6290.730 rows=14835720 loops=1)
  ->  Hash  (cost=251318.46..251318.46 rows=2396645 width=8) (actual time=6891.752..6891.752 rows=2391697 loops=1)
        Buckets: 131072  Batches: 32  Memory Usage: 4005kB
        ->  Hash Join  (cost=102767.86..251318.46 rows=2396645 width=8) (actual time=1955.341..6209.288 rows=2391697 loops=1)
              Hash Cond: (mk.movie_id = t.id)
              ->  Seq Scan on movie_keyword mk  (cost=0.00..81003.12 rows=2396645 width=4) (actual time=0.012..1621.493 rows=2391697 loops=1)
                    Filter: (keyword_id > 3939)
                    Rows Removed by Filter: 2132233
              ->  Hash  (cost=61283.27..61283.27 rows=2528527 width=4) (actual time=1954.197..1954.197 rows=2528312 loops=1)
                    Buckets: 131072  Batches: 64  Memory Usage: 2425kB
                    ->  Seq Scan on title t  (cost=0.00..61283.27 rows=2528527 width=4) (actual time=0.021..1099.076 rows=2528312 loops=1)
Planning time: 1.160 ms
Execution time: 64368.120 ms
