Nested Loop  (cost=0.43..83072.29 rows=96 width=0) (actual time=2.033..1363.803 rows=3087 loops=1)
  ->  Seq Scan on movie_keyword mk  (cost=0.00..81003.12 rows=246 width=4) (actual time=1.937..1259.379 rows=3664 loops=1)
        Filter: (keyword_id = 3518)
        Rows Removed by Filter: 4520266
  ->  Index Scan using title_pkey on title t  (cost=0.43..8.40 rows=1 width=4) (actual time=0.027..0.028 rows=1 loops=3664)
        Index Cond: (id = mk.movie_id)
        Filter: (kind_id < 7)
        Rows Removed by Filter: 0
Planning time: 0.726 ms
Execution time: 1364.814 ms
