Hash Join  (cost=219197.63..1096883.45 rows=2482299 width=0) (actual time=6581.059..19093.537 rows=1822439 loops=1)
  Hash Cond: (ci.movie_id = t.id)
  ->  Seq Scan on cast_info ci  (cost=0.00..796071.18 rows=3947730 width=4) (actual time=2038.762..12449.808 rows=2425055 loops=1)
        Filter: ((person_id < 857761) AND (role_id > 2))
        Rows Removed by Filter: 33819289
  ->  Hash  (cost=193112.68..193112.68 rows=1589916 width=8) (actual time=4540.616..4540.616 rows=717308 loops=1)
        Buckets: 131072  Batches: 32  Memory Usage: 1871kB
        ->  Hash Join  (cost=92883.59..193112.68 rows=1589916 width=8) (actual time=1732.886..4344.668 rows=717308 loops=1)
              Hash Cond: (mc.movie_id = t.id)
              ->  Seq Scan on movie_companies mc  (cost=0.00..44881.29 rows=2609129 width=4) (actual time=0.028..1008.822 rows=2609129 loops=1)
              ->  Hash  (cost=67604.59..67604.59 rows=1540800 width=4) (actual time=1689.037..1689.037 rows=1543264 loops=1)
                    Buckets: 131072  Batches: 32  Memory Usage: 2722kB
                    ->  Seq Scan on title t  (cost=0.00..67604.59 rows=1540800 width=4) (actual time=22.987..1187.044 rows=1543264 loops=1)
                          Filter: (kind_id = 7)
                          Rows Removed by Filter: 985048
Planning time: 1.579 ms
Execution time: 19304.734 ms
