Hash Join  (cost=74594.78..809014.87 rows=154449 width=0) (actual time=4909.877..15137.683 rows=171318 loops=1)
  Hash Cond: (ci.movie_id = t.id)
  ->  Seq Scan on cast_info ci  (cost=0.00..705507.15 rows=7298253 width=4) (actual time=4355.364..12687.724 rows=7451973 loops=1)
        Filter: (role_id = 2)
        Rows Removed by Filter: 28792371
  ->  Hash  (cost=73925.90..73925.90 rows=53510 width=4) (actual time=554.055..554.055 rows=40884 loops=1)
        Buckets: 65536  Batches: 1  Memory Usage: 1950kB
        ->  Seq Scan on title t  (cost=0.00..73925.90 rows=53510 width=4) (actual time=38.854..544.765 rows=40884 loops=1)
              Filter: ((production_year > 2001) AND (kind_id = 3))
              Rows Removed by Filter: 2487428
Planning time: 0.732 ms
Execution time: 15163.528 ms
