Hash Join  (cost=102767.86..1062633.71 rows=6396472 width=0) (actual time=5761.943..16977.828 rows=1275106 loops=1)
  Hash Cond: (ci.movie_id = t.id)
  ->  Seq Scan on cast_info ci  (cost=0.00..796071.18 rows=6396472 width=4) (actual time=3139.066..12861.661 rows=1275106 loops=1)
        Filter: ((person_id > 2535312) AND (role_id < 3))
        Rows Removed by Filter: 34969238
  ->  Hash  (cost=61283.27..61283.27 rows=2528527 width=4) (actual time=2620.849..2620.849 rows=2528312 loops=1)
        Buckets: 131072  Batches: 64  Memory Usage: 2415kB
        ->  Seq Scan on title t  (cost=0.00..61283.27 rows=2528527 width=4) (actual time=0.031..1084.071 rows=2528312 loops=1)
Planning time: 0.769 ms
Execution time: 17139.085 ms
