Hash Join  (cost=212640.34..594128.72 rows=681354 width=0) (actual time=6221.181..21835.477 rows=39926434 loops=1)
  Hash Cond: (mi.movie_id = t.id)
  ->  Seq Scan on movie_info mi  (cost=0.00..346232.03 rows=2194617 width=4) (actual time=512.662..6005.179 rows=2233850 loops=1)
        Filter: (info_type_id > 16)
        Rows Removed by Filter: 12601870
  ->  Hash  (cost=199760.57..199760.57 rows=785022 width=8) (actual time=5651.142..5651.142 rows=1707945 loops=1)
        Buckets: 131072 (originally 131072)  Batches: 32 (originally 16)  Memory Usage: 3179kB
        ->  Hash Join  (cost=83810.17..199760.57 rows=785022 width=8) (actual time=1401.482..5133.123 rows=1707945 loops=1)
              Hash Cond: (mk.movie_id = t.id)
              ->  Seq Scan on movie_keyword mk  (cost=0.00..81003.12 rows=2009613 width=4) (actual time=0.033..1539.471 rows=2015700 loops=1)
                    Filter: (keyword_id > 6160)
                    Rows Removed by Filter: 2508230
              ->  Hash  (cost=67604.59..67604.59 rows=987727 width=4) (actual time=1400.427..1400.427 rows=985048 loops=1)
                    Buckets: 131072  Batches: 16  Memory Usage: 3197kB
                    ->  Seq Scan on title t  (cost=0.00..67604.59 rows=987727 width=4) (actual time=0.027..1088.907 rows=985048 loops=1)
                          Filter: (kind_id < 7)
                          Rows Removed by Filter: 1543264
Planning time: 1.207 ms
Execution time: 26196.278 ms
