Hash Join  (cost=75867.62..152600.82 rows=122068 width=0) (actual time=1372.614..3328.751 rows=75459 loops=1)
  Hash Cond: (mc.movie_id = t.id)
  ->  Seq Scan on movie_companies mc  (cost=0.00..44881.29 rows=2609129 width=4) (actual time=0.019..928.005 rows=2609129 loops=1)
  ->  Hash  (cost=73925.90..73925.90 rows=118297 width=4) (actual time=1371.815..1371.815 rows=122606 loops=1)
        Buckets: 131072  Batches: 2  Memory Usage: 3179kB
        ->  Seq Scan on title t  (cost=0.00..73925.90 rows=118297 width=4) (actual time=0.022..1326.299 rows=122606 loops=1)
              Filter: ((kind_id > 1) AND (production_year = 2011))
              Rows Removed by Filter: 2405706
Planning time: 0.803 ms
Execution time: 3340.183 ms
