Seq Scan on movie_keyword mk  (cost=0.00..81003.12 rows=246 width=12) (actual time=208.422..1504.168 rows=4 loops=1)
  Filter: (keyword_id = 50621)
  Rows Removed by Filter: 4523926
Planning time: 0.342 ms
Execution time: 1504.202 ms
