Hash Join  (cost=102767.86..236848.40 rows=1795287 width=0) (actual time=1926.319..5089.359 rows=1799809 loops=1)
  Hash Cond: (mk.movie_id = t.id)
  ->  Seq Scan on movie_keyword mk  (cost=0.00..81003.12 rows=1795287 width=4) (actual time=0.024..1512.980 rows=1799809 loops=1)
        Filter: (keyword_id > 7732)
        Rows Removed by Filter: 2724121
  ->  Hash  (cost=61283.27..61283.27 rows=2528527 width=4) (actual time=1925.264..1925.264 rows=2528312 loops=1)
        Buckets: 131072  Batches: 64  Memory Usage: 2425kB
        ->  Seq Scan on title t  (cost=0.00..61283.27 rows=2528527 width=4) (actual time=0.006..1062.594 rows=2528312 loops=1)
Planning time: 0.735 ms
Execution time: 5280.600 ms
