Seq Scan on cast_info ci  (cost=0.00..796071.18 rows=5694549 width=0) (actual time=4321.714..13740.387 rows=10488602 loops=1)
  Filter: ((person_id > 2394030) AND (role_id > 2))
  Rows Removed by Filter: 25755742
Planning time: 0.347 ms
Execution time: 15022.679 ms
