Seq Scan on cast_info ci  (cost=0.00..796071.18 rows=332 width=0) (actual time=12367.204..14233.206 rows=449 loops=1)
  Filter: ((role_id < 4) AND (person_id = 2435880))
  Rows Removed by Filter: 36243895
Planning time: 0.394 ms
Execution time: 14233.399 ms
