Seq Scan on movie_companies mc  (cost=0.00..51404.11 rows=1710214 width=0) (actual time=0.068..995.107 rows=1713840 loops=1)
  Filter: (company_id > 2805)
  Rows Removed by Filter: 895289
Planning time: 0.354 ms
Execution time: 1206.165 ms
