Hash Join  (cost=76192.15..109762.50 rows=96241 width=0) (actual time=1437.438..2283.762 rows=109655 loops=1)
  Hash Cond: (mi_idx.movie_id = t.id)
  ->  Seq Scan on movie_info_idx mi_idx  (cost=0.00..25185.44 rows=464934 width=4) (actual time=0.020..495.186 rows=460185 loops=1)
        Filter: (info_type_id > 100)
        Rows Removed by Filter: 919850
  ->  Hash  (cost=67604.59..67604.59 rows=523405 width=4) (actual time=1436.307..1436.307 rows=523734 loops=1)
        Buckets: 131072  Batches: 8  Memory Usage: 3319kB
        ->  Seq Scan on title t  (cost=0.00..67604.59 rows=523405 width=4) (actual time=0.017..1264.288 rows=523734 loops=1)
              Filter: (production_year < 1981)
              Rows Removed by Filter: 2004578
Planning time: 0.785 ms
Execution time: 2297.734 ms
