Hash Join  (cost=200966.35..282704.04 rows=485116 width=0) (actual time=5103.928..9780.105 rows=11271789 loops=1)
  Hash Cond: (mc.movie_id = t.id)
  ->  Seq Scan on movie_companies mc  (cost=0.00..44881.29 rows=2609129 width=4) (actual time=0.021..942.508 rows=2609129 loops=1)
  ->  Hash  (cost=193252.73..193252.73 rows=470130 width=8) (actual time=5102.820..5102.820 rows=1056348 loops=1)
        Buckets: 131072 (originally 131072)  Batches: 16 (originally 8)  Memory Usage: 3666kB
        ->  Hash Join  (cost=86015.59..193252.73 rows=470130 width=8) (actual time=1554.706..4771.395 rows=1056348 loops=1)
              Hash Cond: (mk.movie_id = t.id)
              ->  Seq Scan on movie_keyword mk  (cost=0.00..81003.12 rows=1613256 width=4) (actual time=0.011..1580.103 rows=1624611 loops=1)
                    Filter: (keyword_id > 9224)
                    Rows Removed by Filter: 2899319
              ->  Hash  (cost=73925.90..73925.90 rows=736855 width=4) (actual time=1553.392..1553.392 rows=746966 loops=1)
                    Buckets: 131072  Batches: 16  Memory Usage: 2671kB
                    ->  Seq Scan on title t  (cost=0.00..73925.90 rows=736855 width=4) (actual time=0.026..1298.702 rows=746966 loops=1)
                          Filter: ((kind_id < 3) AND (production_year > 0))
                          Rows Removed by Filter: 1781346
Planning time: 1.204 ms
Execution time: 11012.153 ms
