Hash Join  (cost=165053.61..919767.73 rows=392496 width=0) (actual time=3130.011..22570.070 rows=552877 loops=1)
  Hash Cond: (ci.movie_id = t.id)
  ->  Seq Scan on cast_info ci  (cost=0.00..614943.12 rows=36225612 width=4) (actual time=0.011..9279.074 rows=36244344 loops=1)
  ->  Hash  (cost=164711.16..164711.16 rows=27396 width=8) (actual time=3129.780..3129.780 rows=27303 loops=1)
        Buckets: 32768  Batches: 1  Memory Usage: 1323kB
        ->  Hash Join  (cost=102767.86..164711.16 rows=27396 width=8) (actual time=1852.235..3120.032 rows=27303 loops=1)
              Hash Cond: (mc.movie_id = t.id)
              ->  Seq Scan on movie_companies mc  (cost=0.00..51404.11 rows=27396 width=4) (actual time=0.030..835.883 rows=27303 loops=1)
                    Filter: (company_id = 27)
                    Rows Removed by Filter: 2581826
              ->  Hash  (cost=61283.27..61283.27 rows=2528527 width=4) (actual time=1846.501..1846.501 rows=2528312 loops=1)
                    Buckets: 131072  Batches: 64  Memory Usage: 2415kB
                    ->  Seq Scan on title t  (cost=0.00..61283.27 rows=2528527 width=4) (actual time=0.013..1057.481 rows=2528312 loops=1)
Planning time: 2.909 ms
Execution time: 22649.494 ms
