Hash Join  (cost=139597.14..242328.04 rows=305477 width=0) (actual time=3417.003..6506.748 rows=2970909 loops=1)
  Hash Cond: (mk.movie_id = t.id)
  ->  Seq Scan on movie_keyword mk  (cost=0.00..81003.12 rows=1432803 width=4) (actual time=0.019..1555.868 rows=1447488 loops=1)
        Filter: (keyword_id < 2035)
        Rows Removed by Filter: 3076442
  ->  Hash  (cost=130752.54..130752.54 rows=539088 width=8) (actual time=3415.325..3415.325 rows=954317 loops=1)
        Buckets: 131072 (originally 131072)  Batches: 16 (originally 8)  Memory Usage: 3370kB
        ->  Hash Join  (cost=83810.17..130752.54 rows=539088 width=8) (actual time=1498.126..3119.850 rows=954317 loops=1)
              Hash Cond: (mi_idx.movie_id = t.id)
              ->  Seq Scan on movie_info_idx mi_idx  (cost=0.00..21735.35 rows=1380035 width=4) (actual time=0.013..516.660 rows=1380035 loops=1)
              ->  Hash  (cost=67604.59..67604.59 rows=987727 width=4) (actual time=1497.170..1497.170 rows=985048 loops=1)
                    Buckets: 131072  Batches: 16  Memory Usage: 3188kB
                    ->  Seq Scan on title t  (cost=0.00..67604.59 rows=987727 width=4) (actual time=0.016..1201.491 rows=985048 loops=1)
                          Filter: (kind_id < 7)
                          Rows Removed by Filter: 1543264
Planning time: 1.154 ms
Execution time: 6846.858 ms
