Hash Join  (cost=153168.42..278118.08 rows=241862 width=0) (actual time=2624.805..5199.291 rows=376641 loops=1)
  Hash Cond: (mk.movie_id = t.id)
  ->  Seq Scan on movie_keyword mk  (cost=0.00..69693.30 rows=4523930 width=4) (actual time=0.020..1224.175 rows=4523930 loops=1)
  ->  Hash  (cost=150949.65..150949.65 rows=135182 width=8) (actual time=2623.991..2623.991 rows=37295 loops=1)
        Buckets: 131072  Batches: 2  Memory Usage: 1765kB
        ->  Hash Join  (cost=83810.17..150949.65 rows=135182 width=8) (actual time=1764.703..2605.441 rows=37295 loops=1)
              Hash Cond: (mc.movie_id = t.id)
              ->  Seq Scan on movie_companies mc  (cost=0.00..57926.93 rows=346058 width=4) (actual time=256.389..906.802 rows=37295 loops=1)
                    Filter: ((company_id > 43797) AND (company_type_id = 1))
                    Rows Removed by Filter: 2571834
              ->  Hash  (cost=67604.59..67604.59 rows=987727 width=4) (actual time=1507.359..1507.359 rows=985048 loops=1)
                    Buckets: 131072  Batches: 16  Memory Usage: 3188kB
                    ->  Seq Scan on title t  (cost=0.00..67604.59 rows=987727 width=4) (actual time=0.030..1196.429 rows=985048 loops=1)
                          Filter: (kind_id < 7)
                          Rows Removed by Filter: 1543264
Planning time: 1.166 ms
Execution time: 5244.292 ms
