Hash Join  (cost=886063.99..1373689.67 rows=732775 width=0) (actual time=15764.016..27929.048 rows=2849033 loops=1)
  Hash Cond: (mi.movie_id = t.id)
  ->  Seq Scan on movie_info mi  (cost=0.00..309384.22 rows=14739122 width=4) (actual time=0.022..5947.741 rows=14835720 loops=1)
  ->  Hash  (cost=884000.63..884000.63 rows=125709 width=8) (actual time=15763.211..15763.211 rows=136548 loops=1)
        Buckets: 131072  Batches: 2  Memory Usage: 3699kB
        ->  Hash Join  (cost=78556.72..884000.63 rows=125709 width=8) (actual time=13685.614..15716.394 rows=136548 loops=1)
              Hash Cond: (ci.movie_id = t.id)
              ->  Seq Scan on cast_info ci  (cost=0.00..796071.18 rows=476169 width=4) (actual time=12301.693..14052.178 rows=242833 loops=1)
                    Filter: ((person_id < 1913129) AND (role_id = 5))
                    Rows Removed by Filter: 36001511
              ->  Hash  (cost=67604.59..67604.59 rows=667531 width=4) (actual time=1382.957..1382.957 rows=662825 loops=1)
                    Buckets: 131072  Batches: 16  Memory Usage: 2476kB
                    ->  Seq Scan on title t  (cost=0.00..67604.59 rows=667531 width=4) (actual time=0.021..1178.585 rows=662825 loops=1)
                          Filter: (kind_id < 2)
                          Rows Removed by Filter: 1865487
Planning time: 1.269 ms
Execution time: 28285.832 ms
