Hash Join  (cost=338764.22..987378.51 rows=14242994 width=0) (actual time=7756.142..42068.019 rows=95133538 loops=1)
  Hash Cond: (mi.movie_id = t.id)
  ->  Seq Scan on movie_info mi  (cost=0.00..346232.03 rows=9476311 width=4) (actual time=0.017..7041.639 rows=9565151 loops=1)
        Filter: (info_type_id < 16)
        Rows Removed by Filter: 5270569
  ->  Hash  (cost=276413.20..276413.20 rows=3800402 width=8) (actual time=7754.186..7754.186 rows=3609832 loops=1)
        Buckets: 131072  Batches: 64  Memory Usage: 3260kB
        ->  Hash Join  (cost=102454.22..276413.20 rows=3800402 width=8) (actual time=2119.041..6786.749 rows=3609832 loops=1)
              Hash Cond: (mk.movie_id = t.id)
              ->  Seq Scan on movie_keyword mk  (cost=0.00..69693.30 rows=4523930 width=4) (actual time=0.028..1499.000 rows=4523930 loops=1)
              ->  Hash  (cost=67604.59..67604.59 rows=2124131 width=4) (actual time=2117.748..2117.748 rows=2118372 loops=1)
                    Buckets: 131072  Batches: 32  Memory Usage: 3365kB
                    ->  Seq Scan on title t  (cost=0.00..67604.59 rows=2124131 width=4) (actual time=0.014..1424.993 rows=2118372 loops=1)
                          Filter: (production_year > 1967)
                          Rows Removed by Filter: 409940
Planning time: 1.158 ms
Execution time: 52492.045 ms
