Hash Join  (cost=85157.92..1072435.01 rows=5295124 width=0) (actual time=1513.472..26127.667 rows=5399753 loops=1)
  Hash Cond: (ci.movie_id = t.id)
  ->  Seq Scan on cast_info ci  (cost=0.00..705507.15 rows=19558320 width=4) (actual time=0.011..14150.137 rows=19723232 loops=1)
        Filter: (person_id > 1635852)
        Rows Removed by Filter: 16521112
  ->  Hash  (cost=73925.90..73925.90 rows=684561 width=4) (actual time=1512.465..1512.465 rows=585759 loops=1)
        Buckets: 131072  Batches: 16  Memory Usage: 2308kB
        ->  Seq Scan on title t  (cost=0.00..73925.90 rows=684561 width=4) (actual time=0.011..1324.963 rows=585759 loops=1)
              Filter: ((kind_id < 7) AND (production_year > 1990))
              Rows Removed by Filter: 1942553
Planning time: 2.019 ms
Execution time: 26757.589 ms
