Hash Join  (cost=92105.51..1288985.10 rows=15874743 width=0) (actual time=1834.255..39376.877 rows=17883572 loops=1)
  Hash Cond: (ci.movie_id = t.id)
  ->  Seq Scan on cast_info ci  (cost=0.00..614943.12 rows=36225612 width=4) (actual time=0.015..13704.843 rows=36244344 loops=1)
  ->  Hash  (cost=73925.90..73925.90 rows=1108048 width=4) (actual time=1833.427..1833.427 rows=1232022 loops=1)
        Buckets: 131072  Batches: 16  Memory Usage: 3742kB
        ->  Seq Scan on title t  (cost=0.00..73925.90 rows=1108048 width=4) (actual time=0.009..1444.891 rows=1232022 loops=1)
              Filter: ((kind_id > 3) AND (production_year > 1993))
              Rows Removed by Filter: 1296290
Planning time: 0.527 ms
Execution time: 41343.417 ms
