Seq Scan on movie_companies mc  (cost=0.00..57926.93 rows=562464 width=0) (actual time=0.032..381.951 rows=345290 loops=1)
  Filter: ((company_id < 7436) AND (company_type_id > 1))
  Rows Removed by Filter: 2263839
Planning time: 0.254 ms
Execution time: 405.210 ms
