Hash Join  (cost=160872.73..544523.47 rows=57090 width=0) (actual time=3182.000..9944.724 rows=188481 loops=1)
  Hash Cond: (mi.movie_id = t.id)
  ->  Seq Scan on movie_info mi  (cost=0.00..309384.22 rows=14739122 width=4) (actual time=0.021..3846.087 rows=14835720 loops=1)
  ->  Hash  (cost=160750.31..160750.31 rows=9794 width=8) (actual time=3181.521..3181.521 rows=13756 loops=1)
        Buckets: 16384  Batches: 1  Memory Usage: 666kB
        ->  Hash Join  (cost=73994.33..160750.31 rows=9794 width=8) (actual time=1357.941..3176.354 rows=13756 loops=1)
              Hash Cond: (mk.movie_id = t.id)
              ->  Seq Scan on movie_keyword mk  (cost=0.00..69693.30 rows=4523930 width=4) (actual time=0.012..985.612 rows=4523930 loops=1)
              ->  Hash  (cost=73925.90..73925.90 rows=5474 width=4) (actual time=1355.436..1355.436 rows=12057 loops=1)
                    Buckets: 16384 (originally 8192)  Batches: 1 (originally 1)  Memory Usage: 552kB
                    ->  Seq Scan on title t  (cost=0.00..73925.90 rows=5474 width=4) (actual time=0.142..1349.399 rows=12057 loops=1)
                          Filter: ((kind_id > 1) AND (production_year = 1984))
                          Rows Removed by Filter: 2516255
Planning time: 1.053 ms
Execution time: 9968.802 ms
