Nested Loop  (cost=0.43..52283.69 rows=104 width=0) (actual time=321.901..828.091 rows=3 loops=1)
  ->  Seq Scan on movie_companies mc  (cost=0.00..51404.11 rows=104 width=4) (actual time=321.809..827.843 rows=3 loops=1)
        Filter: (company_id = 120338)
        Rows Removed by Filter: 2609126
  ->  Index Only Scan using title_pkey on title t  (cost=0.43..8.45 rows=1 width=4) (actual time=0.071..0.072 rows=1 loops=3)
        Index Cond: (id = mc.movie_id)
        Heap Fetches: 3
Planning time: 0.700 ms
Execution time: 828.148 ms
