Hash Join  (cost=198404.24..1259073.53 rows=8008081 width=0) (actual time=4371.120..35599.445 rows=10223464 loops=1)
  Hash Cond: (ci.movie_id = t.id)
  ->  Seq Scan on cast_info ci  (cost=0.00..705507.15 rows=23499554 width=4) (actual time=0.016..16376.836 rows=23573656 loops=1)
        Filter: (role_id > 1)
        Rows Removed by Filter: 12670688
  ->  Hash  (cost=184267.48..184267.48 rows=861661 width=8) (actual time=4370.196..4370.196 rows=627114 loops=1)
        Buckets: 131072  Batches: 16  Memory Usage: 2556kB
        ->  Hash Join  (cost=100809.69..184267.48 rows=861661 width=8) (actual time=2046.566..4184.988 rows=627114 loops=1)
              Hash Cond: (mc.movie_id = t.id)
              ->  Seq Scan on movie_companies mc  (cost=0.00..51404.11 rows=1329612 width=4) (actual time=0.024..1021.034 rows=1334883 loops=1)
                    Filter: (company_type_id = 2)
                    Rows Removed by Filter: 1274246
              ->  Hash  (cost=73925.90..73925.90 rows=1638623 width=4) (actual time=2045.226..2045.226 rows=1629839 loops=1)
                    Buckets: 131072  Batches: 32  Memory Usage: 2813kB
                    ->  Seq Scan on title t  (cost=0.00..73925.90 rows=1638623 width=4) (actual time=0.017..1512.521 rows=1629839 loops=1)
                          Filter: ((kind_id > 1) AND (production_year < 2012))
                          Rows Removed by Filter: 898473
Planning time: 1.322 ms
Execution time: 36759.609 ms
