Hash Join  (cost=68365.25..125649.66 rows=35462 width=0) (actual time=706.698..2040.828 rows=32203 loops=1)
  Hash Cond: (mc.movie_id = t.id)
  ->  Seq Scan on movie_companies mc  (cost=0.00..51404.11 rows=1473515 width=4) (actual time=0.023..933.870 rows=1477682 loops=1)
        Filter: (company_id > 8289)
        Rows Removed by Filter: 1131447
  ->  Hash  (cost=67604.59..67604.59 rows=60853 width=4) (actual time=706.327..706.327 rows=62568 loops=1)
        Buckets: 65536  Batches: 1  Memory Usage: 2712kB
        ->  Seq Scan on title t  (cost=0.00..67604.59 rows=60853 width=4) (actual time=0.012..684.923 rows=62568 loops=1)
              Filter: (production_year = 2002)
              Rows Removed by Filter: 2465744
Planning time: 0.684 ms
Execution time: 2045.656 ms
