Seq Scan on movie_keyword mk  (cost=0.00..81003.12 rows=381711 width=0) (actual time=0.011..1343.114 rows=379237 loops=1)
  Filter: (keyword_id > 44981)
  Rows Removed by Filter: 4144693
Planning time: 0.215 ms
Execution time: 1392.736 ms
