Hash Join  (cost=58375.85..423034.86 rows=309 width=0) (actual time=1134.065..7663.062 rows=1291 loops=1)
  Hash Cond: (mi.movie_id = t.id)
  ->  Seq Scan on movie_info mi  (cost=0.00..309384.22 rows=14739122 width=4) (actual time=0.020..4085.593 rows=14835720 loops=1)
  ->  Hash  (cost=58375.18..58375.18 rows=53 width=8) (actual time=946.487..946.487 rows=160 loops=1)
        Buckets: 1024  Batches: 1  Memory Usage: 15kB
        ->  Nested Loop  (cost=0.43..58375.18 rows=53 width=8) (actual time=601.619..946.362 rows=160 loops=1)
              ->  Seq Scan on movie_companies mc  (cost=0.00..57926.93 rows=53 width=4) (actual time=601.523..939.038 rows=160 loops=1)
                    Filter: ((company_type_id > 1) AND (company_id = 11994))
                    Rows Removed by Filter: 2608969
              ->  Index Only Scan using title_pkey on title t  (cost=0.43..8.45 rows=1 width=4) (actual time=0.039..0.044 rows=1 loops=160)
                    Index Cond: (id = mc.movie_id)
                    Heap Fetches: 160
Planning time: 1.725 ms
Execution time: 7663.677 ms
