Hash Join  (cost=534563.74..1601172.74 rows=9686167 width=0) (actual time=13440.637..39654.238 rows=14188828 loops=1)
  Hash Cond: (ci.movie_id = t.id)
  ->  Seq Scan on cast_info ci  (cost=0.00..796071.18 rows=12979827 width=4) (actual time=0.021..16167.086 rows=10942433 loops=1)
        Filter: ((person_id > 1252560) AND (role_id < 3))
        Rows Removed by Filter: 25301911
  ->  Hash  (cost=503606.39..503606.39 rows=1886908 width=8) (actual time=13439.407..13439.407 rows=1907546 loops=1)
        Buckets: 131072  Batches: 32  Memory Usage: 3349kB
        ->  Hash Join  (cost=93117.31..503606.39 rows=1886908 width=8) (actual time=7208.628..12881.596 rows=1907546 loops=1)
              Hash Cond: (mi.movie_id = t.id)
              ->  Seq Scan on movie_info mi  (cost=0.00..346232.03 rows=3068194 width=4) (actual time=2964.346..5591.047 rows=3036719 loops=1)
                    Filter: (info_type_id = 16)
                    Rows Removed by Filter: 11799001
              ->  Hash  (cost=67604.59..67604.59 rows=1555018 width=4) (actual time=4242.684..4242.684 rows=1551727 loops=1)
                    Buckets: 131072  Batches: 32  Memory Usage: 2737kB
                    ->  Seq Scan on title t  (cost=0.00..67604.59 rows=1555018 width=4) (actual time=0.022..3710.918 rows=1551727 loops=1)
                          Filter: (production_year < 2007)
                          Rows Removed by Filter: 976585
Planning time: 1.160 ms
Execution time: 41317.120 ms
