Hash Join  (cost=263115.61..1205737.15 rows=5770991 width=0) (actual time=14108.123..29667.195 rows=13355828 loops=1)
  Hash Cond: (ci.movie_id = t.id)
  ->  Seq Scan on cast_info ci  (cost=0.00..796071.18 rows=5592712 width=4) (actual time=7862.030..15590.657 rows=7451973 loops=1)
        Filter: ((person_id < 2841272) AND (role_id = 2))
        Rows Removed by Filter: 28792371
  ->  Hash  (cost=220309.49..220309.49 rows=2609129 width=8) (actual time=6244.630..6244.630 rows=2609129 loops=1)
        Buckets: 131072  Batches: 64  Memory Usage: 2610kB
        ->  Hash Join  (cost=102767.86..220309.49 rows=2609129 width=8) (actual time=1971.258..5505.004 rows=2609129 loops=1)
              Hash Cond: (mc.movie_id = t.id)
              ->  Seq Scan on movie_companies mc  (cost=0.00..44881.29 rows=2609129 width=4) (actual time=0.027..964.220 rows=2609129 loops=1)
              ->  Hash  (cost=61283.27..61283.27 rows=2528527 width=4) (actual time=1970.304..1970.304 rows=2528312 loops=1)
                    Buckets: 131072  Batches: 64  Memory Usage: 2415kB
                    ->  Seq Scan on title t  (cost=0.00..61283.27 rows=2528527 width=4) (actual time=0.019..1103.440 rows=2528312 loops=1)
Planning time: 1.095 ms
Execution time: 31010.485 ms
