Hash Join  (cost=452201.99..1538004.62 rows=5061851 width=0) (actual time=8181.914..43992.265 rows=23227504 loops=1)
  Hash Cond: (ci.movie_id = t.id)
  ->  Seq Scan on cast_info ci  (cost=0.00..614943.12 rows=36225612 width=4) (actual time=0.011..13250.814 rows=36244344 loops=1)
  ->  Hash  (cost=446404.56..446404.56 rows=353314 width=8) (actual time=8180.997..8180.997 rows=992730 loops=1)
        Buckets: 131072 (originally 131072)  Batches: 16 (originally 8)  Memory Usage: 3439kB
        ->  Hash Join  (cost=78556.72..446404.56 rows=353314 width=8) (actual time=5889.144..7902.880 rows=992730 loops=1)
              Hash Cond: (mi.movie_id = t.id)
              ->  Seq Scan on movie_info mi  (cost=0.00..346232.03 rows=1338312 width=4) (actual time=4367.090..5631.805 rows=1401902 loops=1)
                    Filter: (info_type_id = 7)
                    Rows Removed by Filter: 13433818
              ->  Hash  (cost=67604.59..67604.59 rows=667531 width=4) (actual time=1255.224..1255.224 rows=662825 loops=1)
                    Buckets: 131072  Batches: 16  Memory Usage: 2485kB
                    ->  Seq Scan on title t  (cost=0.00..67604.59 rows=667531 width=4) (actual time=0.032..1047.524 rows=662825 loops=1)
                          Filter: (kind_id = 1)
                          Rows Removed by Filter: 1865487
Planning time: 3.633 ms
Execution time: 46589.846 ms
