Hash Join  (cost=510374.62..1355603.48 rows=1339974 width=0) (actual time=15622.165..21361.650 rows=1272 loops=1)
  Hash Cond: (ci.movie_id = t.id)
  ->  Seq Scan on cast_info ci  (cost=0.00..796071.18 rows=2662648 width=4) (actual time=6273.080..11820.173 rows=2240 loops=1)
        Filter: ((person_id < 1300664) AND (role_id = 2))
        Rows Removed by Filter: 36242104
  ->  Hash  (cost=489497.65..489497.65 rows=1272478 width=8) (actual time=9328.845..9328.845 rows=1325361 loops=1)
        Buckets: 131072  Batches: 32  Memory Usage: 2635kB
        ->  Hash Join  (cost=102767.86..489497.65 rows=1272478 width=8) (actual time=3192.845..8957.195 rows=1325361 loops=1)
              Hash Cond: (mi.movie_id = t.id)
              ->  Seq Scan on movie_info mi  (cost=0.00..346232.03 rows=1272478 width=4) (actual time=1334.881..5654.726 rows=1325361 loops=1)
                    Filter: (info_type_id = 8)
                    Rows Removed by Filter: 13510359
              ->  Hash  (cost=61283.27..61283.27 rows=2528527 width=4) (actual time=1856.656..1856.656 rows=2528312 loops=1)
                    Buckets: 131072  Batches: 64  Memory Usage: 2425kB
                    ->  Seq Scan on title t  (cost=0.00..61283.27 rows=2528527 width=4) (actual time=0.023..998.750 rows=2528312 loops=1)
Planning time: 1.222 ms
Execution time: 21362.319 ms
