Hash Join  (cost=889177.18..1239834.19 rows=12197 width=0) (actual time=12768.713..18978.883 rows=922937 loops=1)
  Hash Cond: (mi.movie_id = t.id)
  ->  Seq Scan on movie_info mi  (cost=0.00..346232.03 rows=1147470 width=4) (actual time=551.890..5825.440 rows=1200370 loops=1)
        Filter: (info_type_id > 35)
        Rows Removed by Filter: 13635350
  ->  Hash  (cost=888841.21..888841.21 rows=26877 width=8) (actual time=12082.326..12082.326 rows=213432 loops=1)
        Buckets: 131072 (originally 32768)  Batches: 4 (originally 1)  Memory Usage: 3073kB
        ->  Hash Join  (cost=87180.69..888841.21 rows=26877 width=8) (actual time=6613.355..12004.000 rows=213432 loops=1)
              Hash Cond: (ci.movie_id = t.id)
              ->  Seq Scan on cast_info ci  (cost=0.00..796071.18 rows=56954 width=4) (actual time=5052.381..9667.554 rows=340790 loops=1)
                    Filter: ((person_id > 3965949) AND (role_id = 10))
                    Rows Removed by Filter: 35903554
              ->  Hash  (cost=67604.59..67604.59 rows=1193208 width=4) (actual time=1560.031..1560.031 rows=1192518 loops=1)
                    Buckets: 131072  Batches: 16  Memory Usage: 3646kB
                    ->  Seq Scan on title t  (cost=0.00..67604.59 rows=1193208 width=4) (actual time=0.042..1185.957 rows=1192518 loops=1)
                          Filter: (production_year > 2003)
                          Rows Removed by Filter: 1335794
Planning time: 1.255 ms
Execution time: 19096.645 ms
