Hash Join  (cost=90260.67..655955.35 rows=8049375 width=0) (actual time=1687.250..18093.269 rows=6992801 loops=1)
  Hash Cond: (mi.movie_id = t.id)
  ->  Seq Scan on movie_info mi  (cost=0.00..309384.22 rows=14739122 width=4) (actual time=0.019..6033.585 rows=14835720 loops=1)
  ->  Hash  (cost=67604.59..67604.59 rows=1380887 width=4) (actual time=1685.850..1685.850 rows=1381453 loops=1)
        Buckets: 131072  Batches: 32  Memory Usage: 2550kB
        ->  Seq Scan on title t  (cost=0.00..67604.59 rows=1380887 width=4) (actual time=0.014..1220.997 rows=1381453 loops=1)
              Filter: (production_year > 2000)
              Rows Removed by Filter: 1146859
Planning time: 0.811 ms
Execution time: 18894.276 ms
