Seq Scan on movie_companies mc  (cost=0.00..57926.93 rows=1254286 width=0) (actual time=0.017..1130.599 rows=1188480 loops=1)
  Filter: ((company_id < 133521) AND (company_type_id = 2))
  Rows Removed by Filter: 1420649
Planning time: 0.377 ms
Execution time: 1279.778 ms
