Hash Join  (cost=75225.89..1120685.71 rows=1134665 width=0) (actual time=1293.178..27504.708 rows=1493638 loops=1)
  Hash Cond: (ci.movie_id = t.id)
  ->  Seq Scan on cast_info ci  (cost=0.00..614943.12 rows=36225612 width=4) (actual time=0.015..12682.481 rows=36244344 loops=1)
  ->  Hash  (cost=73925.90..73925.90 rows=79199 width=4) (actual time=1292.312..1292.312 rows=97735 loops=1)
        Buckets: 131072  Batches: 2  Memory Usage: 2733kB
        ->  Seq Scan on title t  (cost=0.00..73925.90 rows=79199 width=4) (actual time=0.019..1254.042 rows=97735 loops=1)
              Filter: ((kind_id > 2) AND (production_year = 2007))
              Rows Removed by Filter: 2430577
Planning time: 0.789 ms
Execution time: 27699.331 ms
