Seq Scan on movie_keyword mk  (cost=0.00..81003.12 rows=261565 width=0) (actual time=0.018..1345.332 rows=260267 loops=1)
  Filter: (keyword_id > 59318)
  Rows Removed by Filter: 4263663
Planning time: 0.291 ms
Execution time: 1379.717 ms
