Hash Join  (cost=58375.85..144194.63 rows=27 width=0) (actual time=854.514..2399.500 rows=1052 loops=1)
  Hash Cond: (mk.movie_id = t.id)
  ->  Seq Scan on movie_keyword mk  (cost=0.00..81003.12 rows=1284105 width=4) (actual time=0.016..1388.029 rows=1297042 loops=1)
        Filter: (keyword_id < 1684)
        Rows Removed by Filter: 3226888
  ->  Hash  (cost=58375.18..58375.18 rows=53 width=8) (actual time=834.193..834.193 rows=108 loops=1)
        Buckets: 1024  Batches: 1  Memory Usage: 13kB
        ->  Nested Loop  (cost=0.43..58375.18 rows=53 width=8) (actual time=45.763..834.095 rows=108 loops=1)
              ->  Seq Scan on movie_companies mc  (cost=0.00..57926.93 rows=53 width=4) (actual time=45.653..828.198 rows=108 loops=1)
                    Filter: ((company_id = 82571) AND (company_type_id = 2))
                    Rows Removed by Filter: 2609021
              ->  Index Only Scan using title_pkey on title t  (cost=0.43..8.45 rows=1 width=4) (actual time=0.052..0.052 rows=1 loops=108)
                    Index Cond: (id = mc.movie_id)
                    Heap Fetches: 108
Planning time: 1.160 ms
Execution time: 2399.806 ms
