Seq Scan on movie_keyword mk  (cost=0.00..81003.12 rows=246 width=0) (actual time=79.573..1217.721 rows=17 loops=1)
  Filter: (keyword_id = 39096)
  Rows Removed by Filter: 4523913
Planning time: 0.396 ms
Execution time: 1217.823 ms
