Hash Join  (cost=83810.17..172732.17 rows=849952 width=0) (actual time=1429.451..4279.500 rows=1519995 loops=1)
  Hash Cond: (mc.movie_id = t.id)
  ->  Seq Scan on movie_companies mc  (cost=0.00..51404.11 rows=2175830 width=4) (actual time=0.019..1172.093 rows=2170862 loops=1)
        Filter: (company_id < 78394)
        Rows Removed by Filter: 438267
  ->  Hash  (cost=67604.59..67604.59 rows=987727 width=4) (actual time=1428.547..1428.547 rows=985048 loops=1)
        Buckets: 131072  Batches: 16  Memory Usage: 3188kB
        ->  Seq Scan on title t  (cost=0.00..67604.59 rows=987727 width=4) (actual time=0.014..1135.256 rows=985048 loops=1)
              Filter: (kind_id < 7)
              Rows Removed by Filter: 1543264
Planning time: 0.691 ms
Execution time: 4469.165 ms
