Hash Join  (cost=100948.70..191767.66 rows=2554 width=0) (actual time=2559.137..3644.865 rows=3258 loops=1)
  Hash Cond: (mk.movie_id = t.id)
  ->  Seq Scan on movie_keyword mk  (cost=0.00..81003.12 rows=2610745 width=4) (actual time=0.015..1518.375 rows=2597028 loops=1)
        Filter: (keyword_id > 3311)
        Rows Removed by Filter: 1926902
  ->  Hash  (cost=100917.78..100917.78 rows=2474 width=8) (actual time=1724.847..1724.847 rows=3309 loops=1)
        Buckets: 4096  Batches: 1  Memory Usage: 162kB
        ->  Hash Join  (cost=73982.55..100917.78 rows=2474 width=8) (actual time=1137.839..1723.585 rows=3309 loops=1)
              Hash Cond: (mi_idx.movie_id = t.id)
              ->  Seq Scan on movie_info_idx mi_idx  (cost=0.00..21735.35 rows=1380035 width=4) (actual time=0.013..294.274 rows=1380035 loops=1)
              ->  Hash  (cost=73925.90..73925.90 rows=4532 width=4) (actual time=1134.662..1134.662 rows=7895 loops=1)
                    Buckets: 8192  Batches: 1  Memory Usage: 342kB
                    ->  Seq Scan on title t  (cost=0.00..73925.90 rows=4532 width=4) (actual time=0.026..1130.710 rows=7895 loops=1)
                          Filter: ((kind_id = 7) AND (production_year = 1982))
                          Rows Removed by Filter: 2520417
Planning time: 1.252 ms
Execution time: 3645.427 ms
