Hash Join  (cost=70965.72..206329.62 rows=350641 width=0) (actual time=1260.548..4720.660 rows=602718 loops=1)
  Hash Cond: (mk.movie_id = t.id)
  ->  Seq Scan on movie_keyword mk  (cost=0.00..81003.12 rows=4328897 width=4) (actual time=0.016..1729.142 rows=4315625 loops=1)
        Filter: (keyword_id > 137)
        Rows Removed by Filter: 208305
  ->  Hash  (cost=67604.59..67604.59 rows=204811 width=4) (actual time=1258.230..1258.230 rows=202996 loops=1)
        Buckets: 131072  Batches: 4  Memory Usage: 2815kB
        ->  Seq Scan on title t  (cost=0.00..67604.59 rows=204811 width=4) (actual time=0.016..1185.831 rows=202996 loops=1)
              Filter: (production_year < 1956)
              Rows Removed by Filter: 2325316
Planning time: 5.220 ms
Execution time: 4796.455 ms
