Seq Scan on cast_info ci  (cost=0.00..796071.18 rows=235917 width=0) (actual time=1199.823..12876.732 rows=81723 loops=1)
  Filter: ((person_id < 2500488) AND (role_id > 10))
  Rows Removed by Filter: 36162621
Planning time: 0.383 ms
Execution time: 12887.057 ms
