Hash Join  (cost=102767.86..279592.96 rows=3571691 width=0) (actual time=1897.750..6705.271 rows=3557418 loops=1)
  Hash Cond: (mk.movie_id = t.id)
  ->  Seq Scan on movie_keyword mk  (cost=0.00..81003.12 rows=3571691 width=4) (actual time=0.020..1802.949 rows=3557418 loops=1)
        Filter: (keyword_id < 19735)
        Rows Removed by Filter: 966512
  ->  Hash  (cost=61283.27..61283.27 rows=2528527 width=4) (actual time=1895.306..1895.306 rows=2528312 loops=1)
        Buckets: 131072  Batches: 64  Memory Usage: 2425kB
        ->  Seq Scan on title t  (cost=0.00..61283.27 rows=2528527 width=4) (actual time=0.019..1024.167 rows=2528312 loops=1)
Planning time: 0.741 ms
Execution time: 7125.270 ms
