Nested Loop  (cost=0.43..52283.95 rows=60 width=0) (actual time=308.980..925.358 rows=353 loops=1)
  ->  Seq Scan on movie_companies mc  (cost=0.00..51404.11 rows=104 width=4) (actual time=102.131..904.149 rows=479 loops=1)
        Filter: (company_id = 6726)
        Rows Removed by Filter: 2608650
  ->  Index Scan using title_pkey on title t  (cost=0.43..8.45 rows=1 width=4) (actual time=0.043..0.043 rows=1 loops=479)
        Index Cond: (id = mc.movie_id)
        Filter: (production_year < 2006)
        Rows Removed by Filter: 0
Planning time: 0.715 ms
Execution time: 925.600 ms
