Seq Scan on cast_info ci  (cost=0.00..796071.18 rows=64 width=0) (actual time=4211.814..12409.011 rows=7 loops=1)
  Filter: ((role_id > 9) AND (person_id = 3611650))
  Rows Removed by Filter: 36244337
Planning time: 0.461 ms
Execution time: 12409.122 ms
