Hash Join  (cost=98137.04..222372.04 rows=1312050 width=0) (actual time=1902.817..4654.330 rows=660484 loops=1)
  Hash Cond: (mk.movie_id = t.id)
  ->  Seq Scan on movie_keyword mk  (cost=0.00..81003.12 rows=1782676 width=4) (actual time=0.013..1586.416 rows=1790670 loops=1)
        Filter: (keyword_id > 7766)
        Rows Removed by Filter: 2733260
  ->  Hash  (cost=67604.59..67604.59 rows=1860996 width=4) (actual time=1901.653..1901.653 rows=1865487 loops=1)
        Buckets: 131072  Batches: 32  Memory Usage: 3085kB
        ->  Seq Scan on title t  (cost=0.00..67604.59 rows=1860996 width=4) (actual time=0.014..1275.862 rows=1865487 loops=1)
              Filter: (kind_id > 1)
              Rows Removed by Filter: 662825
Planning time: 0.733 ms
Execution time: 4717.315 ms
