Hash Join  (cost=83810.17..1055923.14 rows=6635111 width=0) (actual time=1465.054..26649.483 rows=7198473 loops=1)
  Hash Cond: (ci.movie_id = t.id)
  ->  Seq Scan on cast_info ci  (cost=0.00..705507.15 rows=16985521 width=4) (actual time=0.010..14301.815 rows=16855875 loops=1)
        Filter: (person_id < 1666617)
        Rows Removed by Filter: 19388469
  ->  Hash  (cost=67604.59..67604.59 rows=987727 width=4) (actual time=1464.263..1464.263 rows=985048 loops=1)
        Buckets: 131072  Batches: 16  Memory Usage: 3188kB
        ->  Seq Scan on title t  (cost=0.00..67604.59 rows=987727 width=4) (actual time=0.014..1172.696 rows=985048 loops=1)
              Filter: (kind_id < 7)
              Rows Removed by Filter: 1543264
Planning time: 0.481 ms
Execution time: 27457.357 ms
