Seq Scan on movie_keyword mk  (cost=0.00..81003.12 rows=246 width=0) (actual time=19.227..1254.674 rows=77 loops=1)
  Filter: (keyword_id = 22085)
  Rows Removed by Filter: 4523853
Planning time: 0.365 ms
Execution time: 1254.843 ms
