Hash Join  (cost=131347.80..626148.19 rows=1405246 width=0) (actual time=2869.869..14940.554 rows=2922593 loops=1)
  Hash Cond: (mi.movie_id = t.id)
  ->  Seq Scan on movie_info mi  (cost=0.00..309384.22 rows=14739122 width=4) (actual time=0.010..5480.893 rows=14835720 loops=1)
  ->  Hash  (cost=127392.38..127392.38 rows=241073 width=8) (actual time=2869.055..2869.055 rows=208831 loops=1)
        Buckets: 131072  Batches: 4  Memory Usage: 3066kB
        ->  Hash Join  (cost=89299.55..127392.38 rows=241073 width=8) (actual time=1818.149..2801.065 rows=208831 loops=1)
              Hash Cond: (mi_idx.movie_id = t.id)
              ->  Seq Scan on movie_info_idx mi_idx  (cost=0.00..25185.44 rows=460978 width=4) (actual time=0.016..460.713 rows=459925 loops=1)
                    Filter: (info_type_id = 99)
                    Rows Removed by Filter: 920110
              ->  Hash  (cost=67604.59..67604.59 rows=1322317 width=4) (actual time=1816.622..1816.622 rows=1322863 loops=1)
                    Buckets: 131072  Batches: 32  Memory Usage: 2481kB
                    ->  Seq Scan on title t  (cost=0.00..67604.59 rows=1322317 width=4) (actual time=0.024..1382.259 rows=1322863 loops=1)
                          Filter: (production_year > 2001)
                          Rows Removed by Filter: 1205449
Planning time: 1.588 ms
Execution time: 15232.601 ms
