Hash Join  (cost=170566.91..930292.96 rows=893691 width=0) (actual time=3428.277..28715.353 rows=7704430 loops=1)
  Hash Cond: (ci.movie_id = t.id)
  ->  Seq Scan on cast_info ci  (cost=0.00..614943.12 rows=36225612 width=4) (actual time=0.020..9152.080 rows=36244344 loops=1)
  ->  Hash  (cost=169787.17..169787.17 rows=62379 width=8) (actual time=3427.664..3427.664 rows=103557 loops=1)
        Buckets: 131072 (originally 65536)  Batches: 2 (originally 1)  Memory Usage: 3081kB
        ->  Hash Join  (cost=74465.79..169787.17 rows=62379 width=8) (actual time=1169.032..3389.984 rows=103557 loops=1)
              Hash Cond: (mk.movie_id = t.id)
              ->  Seq Scan on movie_keyword mk  (cost=0.00..81003.12 rows=3651857 width=4) (actual time=0.015..1602.102 rows=3645663 loops=1)
                    Filter: (keyword_id > 831)
                    Rows Removed by Filter: 878267
              ->  Hash  (cost=73925.90..73925.90 rows=43191 width=4) (actual time=1168.678..1168.678 rows=29779 loops=1)
                    Buckets: 65536  Batches: 1  Memory Usage: 1559kB
                    ->  Seq Scan on title t  (cost=0.00..73925.90 rows=43191 width=4) (actual time=0.537..1155.995 rows=29779 loops=1)
                          Filter: ((kind_id < 4) AND (production_year = 2008))
                          Rows Removed by Filter: 2498533
Planning time: 1.228 ms
Execution time: 29637.254 ms
