Hash Join  (cost=200315.38..1307150.83 rows=7109331 width=0) (actual time=4242.394..39575.860 rows=22198740 loops=1)
  Hash Cond: (ci.movie_id = t.id)
  ->  Seq Scan on cast_info ci  (cost=0.00..614943.12 rows=36225612 width=4) (actual time=0.023..13187.367 rows=36244344 loops=1)
  ->  Hash  (cost=192173.55..192173.55 rows=496227 width=8) (actual time=4241.104..4241.104 rows=671822 loops=1)
        Buckets: 131072 (originally 131072)  Batches: 16 (originally 8)  Memory Usage: 3073kB
        ->  Hash Join  (cost=76067.34..192173.55 rows=496227 width=8) (actual time=1232.324..4059.187 rows=671822 loops=1)
              Hash Cond: (mk.movie_id = t.id)
              ->  Seq Scan on movie_keyword mk  (cost=0.00..81003.12 rows=2432484 width=4) (actual time=0.016..1627.665 rows=2435334 loops=1)
                    Filter: (keyword_id < 5777)
                    Rows Removed by Filter: 2088596
              ->  Hash  (cost=67604.59..67604.59 rows=515820 width=4) (actual time=1223.892..1223.892 rows=508955 loops=1)
                    Buckets: 131072  Batches: 8  Memory Usage: 3262kB
                    ->  Seq Scan on title t  (cost=0.00..67604.59 rows=515820 width=4) (actual time=0.014..1057.778 rows=508955 loops=1)
                          Filter: (production_year < 1980)
                          Rows Removed by Filter: 2019357
Planning time: 1.183 ms
Execution time: 41905.224 ms
