Hash Join  (cost=58358.87..423017.02 rows=222 width=0) (actual time=1389.236..6655.108 rows=7 loops=1)
  Hash Cond: (mi.movie_id = t.id)
  ->  Seq Scan on movie_info mi  (cost=0.00..309384.22 rows=14739122 width=4) (actual time=0.021..3522.184 rows=14835720 loops=1)
  ->  Hash  (cost=58358.39..58358.39 rows=38 width=8) (actual time=951.843..951.843 rows=1 loops=1)
        Buckets: 1024  Batches: 1  Memory Usage: 9kB
        ->  Nested Loop  (cost=0.43..58358.39 rows=38 width=8) (actual time=259.466..951.836 rows=1 loops=1)
              ->  Seq Scan on movie_companies mc  (cost=0.00..57926.93 rows=51 width=4) (actual time=123.142..947.462 rows=83 loops=1)
                    Filter: ((company_type_id < 2) AND (company_id = 13224))
                    Rows Removed by Filter: 2609046
              ->  Index Scan using title_pkey on title t  (cost=0.43..8.45 rows=1 width=4) (actual time=0.050..0.050 rows=0 loops=83)
                    Index Cond: (id = mc.movie_id)
                    Filter: (kind_id > 1)
                    Rows Removed by Filter: 1
Planning time: 1.242 ms
Execution time: 6655.276 ms
