Hash Join  (cost=67697.55..94625.21 rows=1356 width=0) (actual time=1113.500..1692.564 rows=2479 loops=1)
  Hash Cond: (mi_idx.movie_id = t.id)
  ->  Seq Scan on movie_info_idx mi_idx  (cost=0.00..25185.44 rows=460978 width=4) (actual time=0.028..481.081 rows=459925 loops=1)
        Filter: (info_type_id < 100)
        Rows Removed by Filter: 920110
  ->  Hash  (cost=67604.59..67604.59 rows=7437 width=4) (actual time=1112.890..1112.890 rows=10308 loops=1)
        Buckets: 16384 (originally 8192)  Batches: 1 (originally 1)  Memory Usage: 491kB
        ->  Seq Scan on title t  (cost=0.00..67604.59 rows=7437 width=4) (actual time=1.917..1107.726 rows=10308 loops=1)
              Filter: (production_year = 1962)
              Rows Removed by Filter: 2518004
Planning time: 0.763 ms
Execution time: 1693.243 ms
