Hash Join  (cost=71463.00..145324.85 rows=160340 width=0) (actual time=1285.693..3264.768 rows=341699 loops=1)
  Hash Cond: (mc.movie_id = t.id)
  ->  Seq Scan on movie_companies mc  (cost=0.00..51404.11 rows=1724089 width=4) (actual time=0.012..1085.139 rows=1717246 loops=1)
        Filter: (company_id < 21979)
        Rows Removed by Filter: 891883
  ->  Hash  (cost=67604.59..67604.59 rows=235153 width=4) (actual time=1284.177..1284.177 rows=230883 loops=1)
        Buckets: 131072  Batches: 4  Memory Usage: 3052kB
        ->  Seq Scan on title t  (cost=0.00..67604.59 rows=235153 width=4) (actual time=0.011..1206.710 rows=230883 loops=1)
              Filter: (production_year < 1959)
              Rows Removed by Filter: 2297429
Planning time: 0.611 ms
Execution time: 3309.075 ms
