Seq Scan on movie_keyword mk  (cost=0.00..81003.12 rows=246 width=0) (actual time=23.690..1300.765 rows=663 loops=1)
  Filter: (keyword_id = 4555)
  Rows Removed by Filter: 4523267
Planning time: 0.370 ms
Execution time: 1301.111 ms
