Hash Join  (cost=164893.15..1013929.00 rows=279881 width=0) (actual time=3169.955..21242.029 rows=1111139 loops=1)
  Hash Cond: (ci.movie_id = t.id)
  ->  Seq Scan on cast_info ci  (cost=0.00..796071.18 rows=13377561 width=4) (actual time=3.818..14556.165 rows=14588122 loops=1)
        Filter: ((person_id < 1501418) AND (role_id < 10))
        Rows Removed by Filter: 21656222
  ->  Hash  (cost=164231.89..164231.89 rows=52901 width=8) (actual time=3079.708..3079.708 rows=51438 loops=1)
        Buckets: 65536  Batches: 1  Memory Usage: 2522kB
        ->  Hash Join  (cost=74710.74..164231.89 rows=52901 width=8) (actual time=1203.128..3060.855 rows=51438 loops=1)
              Hash Cond: (mk.movie_id = t.id)
              ->  Seq Scan on movie_keyword mk  (cost=0.00..81003.12 rows=2130404 width=4) (actual time=0.025..1473.647 rows=2129608 loops=1)
                    Filter: (keyword_id > 5557)
                    Rows Removed by Filter: 2394322
              ->  Hash  (cost=73925.90..73925.90 rows=62787 width=4) (actual time=1202.250..1202.250 rows=53770 loops=1)
                    Buckets: 65536  Batches: 1  Memory Usage: 2403kB
                    ->  Seq Scan on title t  (cost=0.00..73925.90 rows=62787 width=4) (actual time=0.021..1180.845 rows=53770 loops=1)
                          Filter: ((kind_id < 7) AND (production_year = 2011))
                          Rows Removed by Filter: 2474542
Planning time: 1.177 ms
Execution time: 21381.069 ms
