Hash Join  (cost=73929.67..155160.95 rows=7 width=0) (actual time=1133.198..2388.744 rows=35 loops=1)
  Hash Cond: (mk.movie_id = t.id)
  ->  Seq Scan on movie_keyword mk  (cost=0.00..81003.12 rows=60823 width=4) (actual time=0.046..1285.527 rows=57722 loops=1)
        Filter: (keyword_id > 96076)
        Rows Removed by Filter: 4466208
  ->  Hash  (cost=73925.90..73925.90 rows=301 width=4) (actual time=1091.160..1091.160 rows=1529 loops=1)
        Buckets: 2048 (originally 1024)  Batches: 1 (originally 1)  Memory Usage: 70kB
        ->  Seq Scan on title t  (cost=0.00..73925.90 rows=301 width=4) (actual time=347.869..1090.274 rows=1529 loops=1)
              Filter: ((kind_id = 3) AND (production_year = 1992))
              Rows Removed by Filter: 2526783
Planning time: 0.748 ms
Execution time: 2388.847 ms
