Hash Join  (cost=74299.17..130846.35 rows=15702 width=0) (actual time=1227.625..2468.088 rows=20388 loops=1)
  Hash Cond: (mc.movie_id = t.id)
  ->  Seq Scan on movie_companies mc  (cost=0.00..51404.11 rows=1329612 width=4) (actual time=0.012..972.644 rows=1334883 loops=1)
        Filter: (company_type_id = 2)
        Rows Removed by Filter: 1274246
  ->  Hash  (cost=73925.90..73925.90 rows=29861 width=4) (actual time=1227.390..1227.390 rows=17772 loops=1)
        Buckets: 32768  Batches: 1  Memory Usage: 881kB
        ->  Seq Scan on title t  (cost=0.00..73925.90 rows=29861 width=4) (actual time=0.026..1219.677 rows=17772 loops=1)
              Filter: ((kind_id = 1) AND (production_year = 2007))
              Rows Removed by Filter: 2510540
Planning time: 0.712 ms
Execution time: 2471.049 ms
