Hash Join  (cost=102767.86..186494.54 rows=661646 width=0) (actual time=3122.156..4956.655 rows=909017 loops=1)
  Hash Cond: (mc.movie_id = t.id)
  ->  Seq Scan on movie_companies mc  (cost=0.00..57926.93 rows=661646 width=4) (actual time=401.425..1144.251 rows=909017 loops=1)
        Filter: ((company_id > 11299) AND (company_type_id = 2))
        Rows Removed by Filter: 1700112
  ->  Hash  (cost=61283.27..61283.27 rows=2528527 width=4) (actual time=2719.597..2719.597 rows=2528312 loops=1)
        Buckets: 131072  Batches: 64  Memory Usage: 2415kB
        ->  Seq Scan on title t  (cost=0.00..61283.27 rows=2528527 width=4) (actual time=0.015..1128.207 rows=2528312 loops=1)
Planning time: 0.741 ms
Execution time: 5058.754 ms
