Hash Join  (cost=447489.41..1429469.32 rows=1200968 width=0) (actual time=11675.125..35274.794 rows=3195659 loops=1)
  Hash Cond: (ci.movie_id = t.id)
  ->  Seq Scan on cast_info ci  (cost=0.00..796071.18 rows=14971223 width=4) (actual time=3531.650..16952.501 rows=19942319 loops=1)
        Filter: ((person_id > 1293848) AND (role_id > 1))
        Rows Removed by Filter: 16302025
  ->  Hash  (cost=444160.98..444160.98 rows=202834 width=8) (actual time=8142.418..8142.418 rows=376061 loops=1)
        Buckets: 131072 (originally 131072)  Batches: 8 (originally 4)  Memory Usage: 3073kB
        ->  Hash Join  (cost=86241.46..444160.98 rows=202834 width=8) (actual time=3632.562..8014.821 rows=376061 loops=1)
              Hash Cond: (mi.movie_id = t.id)
              ->  Seq Scan on movie_info mi  (cost=0.00..346232.03 rows=451508 width=4) (actual time=1970.449..5725.733 rows=474443 loops=1)
                    Filter: (info_type_id = 6)
                    Rows Removed by Filter: 14361277
              ->  Hash  (cost=67604.59..67604.59 rows=1135910 width=4) (actual time=1660.991..1660.991 rows=1133355 loops=1)
                    Buckets: 131072  Batches: 16  Memory Usage: 3524kB
                    ->  Seq Scan on title t  (cost=0.00..67604.59 rows=1135910 width=4) (actual time=0.023..1287.413 rows=1133355 loops=1)
                          Filter: (production_year < 2002)
                          Rows Removed by Filter: 1394957
Planning time: 1.212 ms
Execution time: 35657.021 ms
