Seq Scan on movie_keyword mk  (cost=0.00..81003.12 rows=246 width=0) (actual time=21.420..1267.262 rows=263 loops=1)
  Filter: (keyword_id = 6100)
  Rows Removed by Filter: 4523667
Planning time: 0.363 ms
Execution time: 1267.490 ms
