Seq Scan on movie_keyword mk  (cost=0.00..81003.12 rows=246 width=0) (actual time=33.113..1378.882 rows=5 loops=1)
  Filter: (keyword_id = 30720)
  Rows Removed by Filter: 4523925
Planning time: 0.362 ms
Execution time: 1378.969 ms
