Hash Join  (cost=158893.43..1000425.13 rows=305840 width=0) (actual time=3357.786..20727.030 rows=2203422 loops=1)
  Hash Cond: (ci.movie_id = t.id)
  ->  Seq Scan on cast_info ci  (cost=0.00..796071.18 rows=3594432 width=4) (actual time=0.015..13575.821 rows=7238660 loops=1)
        Filter: ((person_id < 989028) AND (role_id < 2))
        Rows Removed by Filter: 29005684
  ->  Hash  (cost=155363.12..155363.12 rows=215145 width=8) (actual time=3357.028..3357.028 rows=271781 loops=1)
        Buckets: 131072  Batches: 4  Memory Usage: 3642kB
        ->  Hash Join  (cost=77347.14..155363.12 rows=215145 width=8) (actual time=1135.829..3273.036 rows=271781 loops=1)
              Hash Cond: (mc.movie_id = t.id)
              ->  Seq Scan on movie_companies mc  (cost=0.00..44881.29 rows=2609129 width=4) (actual time=0.026..957.708 rows=2609129 loops=1)
              ->  Hash  (cost=73925.90..73925.90 rows=208499 width=4) (actual time=1135.170..1135.170 rows=182393 loops=1)
                    Buckets: 131072  Batches: 4  Memory Usage: 2628kB
                    ->  Seq Scan on title t  (cost=0.00..73925.90 rows=208499 width=4) (actual time=4.370..1076.482 rows=182393 loops=1)
                          Filter: ((production_year > 2007) AND (kind_id = 1))
                          Rows Removed by Filter: 2345919
Planning time: 0.810 ms
Execution time: 20992.943 ms
