Seq Scan on movie_companies mc  (cost=0.00..57926.93 rows=439264 width=0) (actual time=0.026..791.459 rows=251080 loops=1)
  Filter: ((company_id < 2451) AND (company_type_id = 2))
  Rows Removed by Filter: 2358049
Planning time: 0.292 ms
Execution time: 827.231 ms
