Hash Join  (cost=83810.17..1047236.50 rows=4128724 width=0) (actual time=1585.228..18227.560 rows=1904027 loops=1)
  Hash Cond: (ci.movie_id = t.id)
  ->  Seq Scan on cast_info ci  (cost=0.00..796071.18 rows=10569308 width=4) (actual time=0.028..13642.868 rows=4507358 loops=1)
        Filter: ((person_id < 1600965) AND (role_id > 1))
        Rows Removed by Filter: 31736986
  ->  Hash  (cost=67604.59..67604.59 rows=987727 width=4) (actual time=1584.176..1584.176 rows=985048 loops=1)
        Buckets: 131072  Batches: 16  Memory Usage: 3188kB
        ->  Seq Scan on title t  (cost=0.00..67604.59 rows=987727 width=4) (actual time=0.023..1277.637 rows=985048 loops=1)
              Filter: (kind_id < 7)
              Rows Removed by Filter: 1543264
Planning time: 0.763 ms
Execution time: 18441.117 ms
