Hash Join  (cost=153681.68..1023329.30 rows=549430 width=0) (actual time=5250.266..17693.279 rows=340032 loops=1)
  Hash Cond: (ci.movie_id = t.id)
  ->  Seq Scan on cast_info ci  (cost=0.00..796071.18 rows=5807238 width=4) (actual time=1635.526..13330.147 rows=1597146 loops=1)
        Filter: ((person_id > 2814803) AND (role_id < 4))
        Rows Removed by Filter: 34647198
  ->  Hash  (cost=149756.34..149756.34 rows=239227 width=8) (actual time=3613.903..3613.903 rows=168163 loops=1)
        Buckets: 131072  Batches: 4  Memory Usage: 2681kB
        ->  Hash Join  (cost=71408.55..149756.34 rows=239227 width=8) (actual time=1274.988..3439.705 rows=168163 loops=1)
              Hash Cond: (mc.movie_id = t.id)
              ->  Seq Scan on movie_companies mc  (cost=0.00..44881.29 rows=2609129 width=4) (actual time=0.031..1067.588 rows=2609129 loops=1)
              ->  Hash  (cost=67604.59..67604.59 rows=231837 width=4) (actual time=1273.041..1273.041 rows=231649 loops=1)
                    Buckets: 131072  Batches: 4  Memory Usage: 3076kB
                    ->  Seq Scan on title t  (cost=0.00..67604.59 rows=231837 width=4) (actual time=0.029..1191.101 rows=231649 loops=1)
                          Filter: (production_year > 2011)
                          Rows Removed by Filter: 2296663
Planning time: 1.007 ms
Execution time: 17732.955 ms
