Hash Join  (cost=917296.01..997481.56 rows=372502 width=0) (actual time=16446.016..19570.148 rows=737523 loops=1)
  Hash Cond: (mc.movie_id = t.id)
  ->  Seq Scan on movie_companies mc  (cost=0.00..44881.29 rows=2609129 width=4) (actual time=0.016..883.774 rows=2609129 loops=1)
  ->  Hash  (cost=911372.58..911372.58 rows=360995 width=8) (actual time=16445.326..16445.326 rows=558420 loops=1)
        Buckets: 131072  Batches: 8  Memory Usage: 3745kB
        ->  Hash Join  (cost=98137.04..911372.58 rows=360995 width=8) (actual time=6462.960..16309.365 rows=558420 loops=1)
              Hash Cond: (ci.movie_id = t.id)
              ->  Seq Scan on cast_info ci  (cost=0.00..796071.18 rows=490482 width=4) (actual time=4521.808..13551.046 rows=855662 loops=1)
                    Filter: ((person_id > 2079481) AND (role_id = 9))
                    Rows Removed by Filter: 35388682
              ->  Hash  (cost=67604.59..67604.59 rows=1860996 width=4) (actual time=1939.987..1939.987 rows=1865487 loops=1)
                    Buckets: 131072  Batches: 32  Memory Usage: 3079kB
                    ->  Seq Scan on title t  (cost=0.00..67604.59 rows=1860996 width=4) (actual time=0.028..1340.934 rows=1865487 loops=1)
                          Filter: (kind_id > 1)
                          Rows Removed by Filter: 662825
Planning time: 1.154 ms
Execution time: 19660.304 ms
