Hash Join  (cost=151103.66..1209179.24 rows=2362741 width=0) (actual time=3074.499..30909.296 rows=2734652 loops=1)
  Hash Cond: (ci.movie_id = t.id)
  ->  Seq Scan on cast_info ci  (cost=0.00..614943.12 rows=36225612 width=4) (actual time=0.024..13085.172 rows=36244344 loops=1)
  ->  Hash  (cost=148397.19..148397.19 rows=164918 width=8) (actual time=3073.624..3073.624 rows=59020 loops=1)
        Buckets: 131072  Batches: 4  Memory Usage: 1596kB
        ->  Hash Join  (cost=79273.71..148397.19 rows=164918 width=8) (actual time=1599.454..3053.456 rows=59020 loops=1)
              Hash Cond: (mc.movie_id = t.id)
              ->  Seq Scan on movie_companies mc  (cost=0.00..51404.11 rows=1279517 width=4) (actual time=304.130..980.140 rows=1274246 loops=1)
                    Filter: (company_type_id < 2)
                    Rows Removed by Filter: 1334883
              ->  Hash  (cost=73925.90..73925.90 rows=325904 width=4) (actual time=1294.381..1294.381 rows=349534 loops=1)
                    Buckets: 131072  Batches: 8  Memory Usage: 2566kB
                    ->  Seq Scan on title t  (cost=0.00..73925.90 rows=325904 width=4) (actual time=138.895..1176.316 rows=349534 loops=1)
                          Filter: ((production_year > 2009) AND (kind_id = 7))
                          Rows Removed by Filter: 2178778
Planning time: 1.212 ms
Execution time: 31236.067 ms
