Nested Loop  (cost=0.43..69888.19 rows=1228 width=0) (actual time=0.519..943.352 rows=2304 loops=1)
  ->  Seq Scan on movie_companies mc  (cost=0.00..51404.11 rows=2348 width=4) (actual time=0.471..877.338 rows=2436 loops=1)
        Filter: (company_id = 252)
        Rows Removed by Filter: 2606693
  ->  Index Scan using title_pkey on title t  (cost=0.43..7.86 rows=1 width=4) (actual time=0.026..0.026 rows=1 loops=2436)
        Index Cond: (id = mc.movie_id)
        Filter: (production_year > 2001)
        Rows Removed by Filter: 0
Planning time: 0.663 ms
Execution time: 944.047 ms
