Hash Join  (cost=89472.60..125418.24 rows=172753 width=0) (actual time=1962.881..2610.316 rows=96715 loops=1)
  Hash Cond: (mi_idx.movie_id = t.id)
  ->  Seq Scan on movie_info_idx mi_idx  (cost=0.00..25185.44 rows=460978 width=4) (actual time=0.021..520.381 rows=459925 loops=1)
        Filter: (info_type_id < 100)
        Rows Removed by Filter: 920110
  ->  Hash  (cost=73925.90..73925.90 rows=947576 width=4) (actual time=1675.196..1675.196 rows=876037 loops=1)
        Buckets: 131072  Batches: 16  Memory Usage: 2949kB
        ->  Seq Scan on title t  (cost=0.00..73925.90 rows=947576 width=4) (actual time=275.528..1406.740 rows=876037 loops=1)
              Filter: ((production_year < 2007) AND (kind_id = 7))
              Rows Removed by Filter: 1652275
Planning time: 0.834 ms
Execution time: 2623.263 ms
