Seq Scan on movie_keyword mk  (cost=0.00..81003.12 rows=3987486 width=0) (actual time=0.028..1662.192 rows=3995621 loops=1)
  Filter: (keyword_id < 34482)
  Rows Removed by Filter: 528309
Planning time: 0.369 ms
Execution time: 2163.691 ms
