Hash Join  (cost=144410.75..563424.19 rows=393383 width=0) (actual time=3248.147..12625.108 rows=2264588 loops=1)
  Hash Cond: (mi.movie_id = t.id)
  ->  Seq Scan on movie_info mi  (cost=0.00..346232.03 rows=5897221 width=4) (actual time=0.022..6052.947 rows=5884963 loops=1)
        Filter: (info_type_id < 7)
        Rows Removed by Filter: 8950757
  ->  Hash  (cost=141643.39..141643.39 rows=168669 width=8) (actual time=3247.090..3247.090 rows=351648 loops=1)
        Buckets: 131072 (originally 131072)  Batches: 8 (originally 4)  Memory Usage: 3073kB
        ->  Hash Join  (cost=78556.72..141643.39 rows=168669 width=8) (actual time=1584.358..3133.908 rows=351648 loops=1)
              Hash Cond: (mc.movie_id = t.id)
              ->  Seq Scan on movie_companies mc  (cost=0.00..51404.11 rows=638897 width=4) (actual time=0.036..879.991 rows=643933 loops=1)
                    Filter: (company_id > 56169)
                    Rows Removed by Filter: 1965196
              ->  Hash  (cost=67604.59..67604.59 rows=667531 width=4) (actual time=1402.704..1402.704 rows=662825 loops=1)
                    Buckets: 131072  Batches: 16  Memory Usage: 2476kB
                    ->  Seq Scan on title t  (cost=0.00..67604.59 rows=667531 width=4) (actual time=577.532..1200.219 rows=662825 loops=1)
                          Filter: (kind_id = 1)
                          Rows Removed by Filter: 1865487
Planning time: 1.212 ms
Execution time: 12899.950 ms
