Hash Join  (cost=83074.16..447738.83 rows=874 width=0) (actual time=1240.321..8050.010 rows=3531 loops=1)
  Hash Cond: (mi.movie_id = t.id)
  ->  Seq Scan on movie_info mi  (cost=0.00..309384.22 rows=14739122 width=4) (actual time=0.021..4151.051 rows=14835720 loops=1)
  ->  Hash  (cost=83072.29..83072.29 rows=150 width=8) (actual time=1216.812..1216.812 rows=355 loops=1)
        Buckets: 1024  Batches: 1  Memory Usage: 22kB
        ->  Nested Loop  (cost=0.43..83072.29 rows=150 width=8) (actual time=459.152..1216.573 rows=355 loops=1)
              ->  Seq Scan on movie_keyword mk  (cost=0.00..81003.12 rows=246 width=4) (actual time=0.595..1175.158 rows=1098 loops=1)
                    Filter: (keyword_id = 1456)
                    Rows Removed by Filter: 4522832
              ->  Index Scan using title_pkey on title t  (cost=0.43..8.40 rows=1 width=4) (actual time=0.036..0.037 rows=0 loops=1098)
                    Index Cond: (id = mk.movie_id)
                    Filter: (kind_id = 7)
                    Rows Removed by Filter: 1
Planning time: 1.114 ms
Execution time: 8051.034 ms
