Hash Join  (cost=73982.55..102630.93 rows=1647 width=0) (actual time=1187.881..1846.404 rows=1610 loops=1)
  Hash Cond: (mi_idx.movie_id = t.id)
  ->  Seq Scan on movie_info_idx mi_idx  (cost=0.00..25185.44 rows=919057 width=4) (actual time=0.012..501.904 rows=920110 loops=1)
        Filter: (info_type_id > 99)
        Rows Removed by Filter: 459925
  ->  Hash  (cost=73925.90..73925.90 rows=4532 width=4) (actual time=1186.278..1186.278 rows=6682 loops=1)
        Buckets: 8192  Batches: 1  Memory Usage: 299kB
        ->  Seq Scan on title t  (cost=0.00..73925.90 rows=4532 width=4) (actual time=120.974..1182.957 rows=6682 loops=1)
              Filter: ((kind_id = 7) AND (production_year = 1959))
              Rows Removed by Filter: 2521630
Planning time: 0.392 ms
Execution time: 1846.695 ms
