Nested Loop  (cost=0.43..83072.29 rows=65 width=0) (actual time=2.420..1165.181 rows=463 loops=1)
  ->  Seq Scan on movie_keyword mk  (cost=0.00..81003.12 rows=246 width=4) (actual time=2.371..1121.701 rows=681 loops=1)
        Filter: (keyword_id = 8177)
        Rows Removed by Filter: 4523249
  ->  Index Scan using title_pkey on title t  (cost=0.43..8.40 rows=1 width=4) (actual time=0.062..0.063 rows=1 loops=681)
        Index Cond: (id = mk.movie_id)
        Filter: (kind_id = 1)
        Rows Removed by Filter: 0
Planning time: 0.720 ms
Execution time: 1165.476 ms
