Hash Join  (cost=155195.09..1211780.65 rows=2217740 width=0) (actual time=2697.721..31176.467 rows=2542377 loops=1)
  Hash Cond: (ci.movie_id = t.id)
  ->  Seq Scan on cast_info ci  (cost=0.00..614943.12 rows=36225612 width=4) (actual time=0.017..13119.470 rows=36244344 loops=1)
  ->  Hash  (cost=152655.12..152655.12 rows=154797 width=8) (actual time=2696.845..2696.845 rows=94698 loops=1)
        Buckets: 131072  Batches: 4  Memory Usage: 1950kB
        ->  Hash Join  (cost=82400.67..152655.12 rows=154797 width=8) (actual time=1288.583..2666.877 rows=94698 loops=1)
              Hash Cond: (mc.movie_id = t.id)
              ->  Seq Scan on movie_companies mc  (cost=0.00..57926.93 rows=757747 width=4) (actual time=0.011..1051.449 rows=470799 loops=1)
                    Filter: ((company_id < 13515) AND (company_type_id = 2))
                    Rows Removed by Filter: 2138330
              ->  Hash  (cost=73925.90..73925.90 rows=516541 width=4) (actual time=1287.721..1287.721 rows=440918 loops=1)
                    Buckets: 131072  Batches: 8  Memory Usage: 2960kB
                    ->  Seq Scan on title t  (cost=0.00..73925.90 rows=516541 width=4) (actual time=0.013..1151.646 rows=440918 loops=1)
                          Filter: ((kind_id < 7) AND (production_year > 2001))
                          Rows Removed by Filter: 2087394
Planning time: 0.924 ms
Execution time: 31488.208 ms
