Seq Scan on movie_keyword mk  (cost=0.00..81003.12 rows=2528217 width=0) (actual time=0.032..1496.641 rows=2517091 loops=1)
  Filter: (keyword_id < 6239)
  Rows Removed by Filter: 2006839
Planning time: 0.309 ms
Execution time: 1811.765 ms
