Hash Join  (cost=78556.72..961971.54 rows=1575061 width=0) (actual time=1787.515..21961.662 rows=3035949 loops=1)
  Hash Cond: (ci.movie_id = t.id)
  ->  Seq Scan on cast_info ci  (cost=0.00..796071.18 rows=5966140 width=4) (actual time=259.638..14637.671 rows=10559083 loops=1)
        Filter: ((person_id > 2324514) AND (role_id > 2))
        Rows Removed by Filter: 25685261
  ->  Hash  (cost=67604.59..67604.59 rows=667531 width=4) (actual time=1526.959..1526.959 rows=662825 loops=1)
        Buckets: 131072  Batches: 16  Memory Usage: 2476kB
        ->  Seq Scan on title t  (cost=0.00..67604.59 rows=667531 width=4) (actual time=442.520..1323.630 rows=662825 loops=1)
              Filter: (kind_id = 1)
              Rows Removed by Filter: 1865487
Planning time: 7.057 ms
Execution time: 22291.190 ms
