Hash Join  (cost=83073.69..465934.49 rows=245 width=0) (actual time=1168.920..8873.802 rows=4138 loops=1)
  Hash Cond: (mi.movie_id = t.id)
  ->  Seq Scan on movie_info mi  (cost=0.00..346232.03 rows=9767026 width=4) (actual time=0.016..6338.737 rows=9911754 loops=1)
        Filter: (info_type_id > 4)
        Rows Removed by Filter: 4923966
  ->  Hash  (cost=83072.90..83072.90 rows=63 width=8) (actual time=1162.941..1162.941 rows=63 loops=1)
        Buckets: 1024  Batches: 1  Memory Usage: 11kB
        ->  Nested Loop  (cost=0.43..83072.90 rows=63 width=8) (actual time=56.352..1162.852 rows=63 loops=1)
              ->  Seq Scan on movie_keyword mk  (cost=0.00..81003.12 rows=246 width=4) (actual time=8.187..1157.197 rows=170 loops=1)
                    Filter: (keyword_id = 4222)
                    Rows Removed by Filter: 4523760
              ->  Index Scan using title_pkey on title t  (cost=0.43..8.40 rows=1 width=4) (actual time=0.030..0.030 rows=0 loops=170)
                    Index Cond: (id = mk.movie_id)
                    Filter: ((kind_id < 7) AND (production_year < 2008))
                    Rows Removed by Filter: 1
Planning time: 1.151 ms
Execution time: 8874.721 ms
