Hash Join  (cost=282235.13..916614.47 rows=12759851 width=0) (actual time=6156.820..43902.325 rows=120083389 loops=1)
  Hash Cond: (mi.movie_id = t.id)
  ->  Seq Scan on movie_info mi  (cost=0.00..309384.22 rows=14739122 width=4) (actual time=0.012..5865.672 rows=14835720 loops=1)
  ->  Hash  (cost=246321.89..246321.89 rows=2188979 width=8) (actual time=6154.046..6154.046 rows=2189103 loops=1)
        Buckets: 131072  Batches: 32  Memory Usage: 3760kB
        ->  Hash Join  (cost=102767.86..246321.89 rows=2188979 width=8) (actual time=1925.413..5525.623 rows=2189103 loops=1)
              Hash Cond: (mk.movie_id = t.id)
              ->  Seq Scan on movie_keyword mk  (cost=0.00..81003.12 rows=2188979 width=4) (actual time=0.026..1538.756 rows=2189103 loops=1)
                    Filter: (keyword_id > 5159)
                    Rows Removed by Filter: 2334827
              ->  Hash  (cost=61283.27..61283.27 rows=2528527 width=4) (actual time=1921.604..1921.604 rows=2528312 loops=1)
                    Buckets: 131072  Batches: 64  Memory Usage: 2425kB
                    ->  Seq Scan on title t  (cost=0.00..61283.27 rows=2528527 width=4) (actual time=0.024..1052.428 rows=2528312 loops=1)
Planning time: 0.714 ms
Execution time: 56173.815 ms
