Hash Join  (cost=102767.86..228777.09 rows=1459822 width=0) (actual time=2527.725..5441.813 rows=1476939 loops=1)
  Hash Cond: (mk.movie_id = t.id)
  ->  Seq Scan on movie_keyword mk  (cost=0.00..81003.12 rows=1459822 width=4) (actual time=0.022..1521.982 rows=1476939 loops=1)
        Filter: (keyword_id < 2108)
        Rows Removed by Filter: 3046991
  ->  Hash  (cost=61283.27..61283.27 rows=2528527 width=4) (actual time=2526.622..2526.622 rows=2528312 loops=1)
        Buckets: 131072  Batches: 64  Memory Usage: 2425kB
        ->  Seq Scan on title t  (cost=0.00..61283.27 rows=2528527 width=4) (actual time=0.020..1080.105 rows=2528312 loops=1)
Planning time: 0.699 ms
Execution time: 5599.180 ms
