Nested Loop  (cost=0.43..798787.41 rows=324 width=0) (actual time=7657.911..14259.367 rows=44 loops=1)
  ->  Seq Scan on cast_info ci  (cost=0.00..796071.18 rows=324 width=4) (actual time=7657.801..14256.084 rows=44 loops=1)
        Filter: ((role_id > 1) AND (person_id = 654777))
        Rows Removed by Filter: 36244300
  ->  Index Only Scan using title_pkey on title t  (cost=0.43..8.37 rows=1 width=4) (actual time=0.071..0.072 rows=1 loops=44)
        Index Cond: (id = ci.movie_id)
        Heap Fetches: 44
Planning time: 0.774 ms
Execution time: 14259.465 ms
