Hash Join  (cost=81821.64..158415.40 rows=237247 width=0) (actual time=1597.634..3066.244 rows=120436 loops=1)
  Hash Cond: (mc.movie_id = t.id)
  ->  Seq Scan on movie_companies mc  (cost=0.00..57926.93 rows=1246493 width=4) (actual time=206.095..1148.897 rows=1173330 loops=1)
        Filter: ((company_id < 127135) AND (company_type_id = 2))
        Rows Removed by Filter: 1435799
  ->  Hash  (cost=73925.90..73925.90 rows=481259 width=4) (actual time=1390.631..1390.631 rows=518327 loops=1)
        Buckets: 131072  Batches: 8  Memory Usage: 3301kB
        ->  Seq Scan on title t  (cost=0.00..73925.90 rows=481259 width=4) (actual time=0.020..1216.343 rows=518327 loops=1)
              Filter: ((production_year > 2007) AND (kind_id = 7))
              Rows Removed by Filter: 2009985
Planning time: 0.761 ms
Execution time: 3076.606 ms
