Seq Scan on movie_keyword mk  (cost=0.00..81003.12 rows=246 width=0) (actual time=2.518..1194.339 rows=867 loops=1)
  Filter: (keyword_id = 1729)
  Rows Removed by Filter: 4523063
Planning time: 0.317 ms
Execution time: 1194.750 ms
