Hash Join  (cost=255836.17..853631.84 rows=9331182 width=0) (actual time=5434.114..19276.127 rows=3601839 loops=1)
  Hash Cond: (mi.movie_id = t.id)
  ->  Seq Scan on movie_info mi  (cost=0.00..309384.22 rows=14739122 width=4) (actual time=0.021..6255.657 rows=14835720 loops=1)
  ->  Hash  (cost=229572.37..229572.37 rows=1600784 width=8) (actual time=5432.815..5432.815 rows=352986 loops=1)
        Buckets: 131072  Batches: 32  Memory Usage: 1453kB
        ->  Hash Join  (cost=92883.59..229572.37 rows=1600784 width=8) (actual time=3213.453..5323.703 rows=352986 loops=1)
              Hash Cond: (mk.movie_id = t.id)
              ->  Seq Scan on movie_keyword mk  (cost=0.00..81003.12 rows=2626963 width=4) (actual time=0.021..1582.728 rows=2616244 loops=1)
                    Filter: (keyword_id < 7081)
                    Rows Removed by Filter: 1907686
              ->  Hash  (cost=67604.59..67604.59 rows=1540800 width=4) (actual time=2212.830..2212.830 rows=1543264 loops=1)
                    Buckets: 131072  Batches: 32  Memory Usage: 2728kB
                    ->  Seq Scan on title t  (cost=0.00..67604.59 rows=1540800 width=4) (actual time=148.649..1138.383 rows=1543264 loops=1)
                          Filter: (kind_id = 7)
                          Rows Removed by Filter: 985048
Planning time: 1.163 ms
Execution time: 19696.551 ms
