Seq Scan on movie_keyword mk  (cost=0.00..81003.12 rows=665088 width=0) (actual time=0.033..1366.008 rows=662192 loops=1)
  Filter: (keyword_id < 517)
  Rows Removed by Filter: 3861738
Planning time: 0.333 ms
Execution time: 1450.688 ms
