Hash Join  (cost=97835.13..177102.83 rows=737440 width=0) (actual time=2011.671..3883.999 rows=310128 loops=1)
  Hash Cond: (mc.movie_id = t.id)
  ->  Seq Scan on movie_companies mc  (cost=0.00..51404.11 rows=1279517 width=4) (actual time=0.016..948.224 rows=1274246 loops=1)
        Filter: (company_type_id < 2)
        Rows Removed by Filter: 1334883
  ->  Hash  (cost=73925.90..73925.90 rows=1457298 width=4) (actual time=2010.697..2010.697 rows=1438183 loops=1)
        Buckets: 131072  Batches: 32  Memory Usage: 2604kB
        ->  Seq Scan on title t  (cost=0.00..73925.90 rows=1457298 width=4) (actual time=177.854..1543.969 rows=1438183 loops=1)
              Filter: ((production_year < 2013) AND (kind_id = 7))
              Rows Removed by Filter: 1090129
Planning time: 0.710 ms
Execution time: 3920.714 ms
