Hash Join  (cost=94978.31..199836.49 rows=589338 width=0) (actual time=1946.017..4275.405 rows=735339 loops=1)
  Hash Cond: (mk.movie_id = t.id)
  ->  Seq Scan on movie_keyword mk  (cost=0.00..81003.12 rows=893135 width=4) (actual time=0.023..1421.917 rows=897710 loops=1)
        Filter: (keyword_id < 850)
        Rows Removed by Filter: 3626220
  ->  Hash  (cost=67604.59..67604.59 rows=1668458 width=4) (actual time=1944.881..1944.881 rows=1671292 loops=1)
        Buckets: 131072  Batches: 32  Memory Usage: 2866kB
        ->  Seq Scan on title t  (cost=0.00..67604.59 rows=1668458 width=4) (actual time=0.023..1368.409 rows=1671292 loops=1)
              Filter: (production_year < 2008)
              Rows Removed by Filter: 857020
Planning time: 0.787 ms
Execution time: 4353.278 ms
