Hash Join  (cost=102690.42..189394.71 rows=4625 width=0) (actual time=1504.204..3277.447 rows=63212 loops=1)
  Hash Cond: (mk.movie_id = t.id)
  ->  Seq Scan on movie_keyword mk  (cost=0.00..69693.30 rows=4523930 width=4) (actual time=0.024..951.909 rows=4523930 loops=1)
  ->  Hash  (cost=102658.11..102658.11 rows=2585 width=8) (actual time=1504.003..1504.003 rows=4560 loops=1)
        Buckets: 8192 (originally 4096)  Batches: 1 (originally 1)  Memory Usage: 243kB
        ->  Hash Join  (cost=74015.19..102658.11 rows=2585 width=8) (actual time=904.535..1501.990 rows=4560 loops=1)
              Hash Cond: (mi_idx.movie_id = t.id)
              ->  Seq Scan on movie_info_idx mi_idx  (cost=0.00..25185.44 rows=915101 width=4) (actual time=0.021..446.132 rows=919850 loops=1)
                    Filter: (info_type_id < 101)
                    Rows Removed by Filter: 460185
              ->  Hash  (cost=73925.90..73925.90 rows=7143 width=4) (actual time=904.441..904.441 rows=5068 loops=1)
                    Buckets: 8192  Batches: 1  Memory Usage: 243kB
                    ->  Seq Scan on title t  (cost=0.00..73925.90 rows=7143 width=4) (actual time=0.056..902.084 rows=5068 loops=1)
                          Filter: ((kind_id = 1) AND (production_year = 1993))
                          Rows Removed by Filter: 2523244
Planning time: 1.152 ms
Execution time: 3285.886 ms
