Hash Join  (cost=439232.89..1323477.02 rows=184813 width=0) (actual time=8306.070..25651.111 rows=218776 loops=1)
  Hash Cond: (ci.movie_id = t.id)
  ->  Seq Scan on cast_info ci  (cost=0.00..705507.15 rows=17688885 width=4) (actual time=0.011..12531.677 rows=17803706 loops=1)
        Filter: (person_id > 1833557)
        Rows Removed by Filter: 18440638
  ->  Hash  (cost=438902.66..438902.66 rows=26418 width=8) (actual time=8304.935..8304.935 rows=28060 loops=1)
        Buckets: 32768  Batches: 1  Memory Usage: 1353kB
        ->  Hash Join  (cost=73982.55..438902.66 rows=26418 width=8) (actual time=1367.011..8293.468 rows=28060 loops=1)
              Hash Cond: (mi.movie_id = t.id)
              ->  Seq Scan on movie_info mi  (cost=0.00..309384.22 rows=14739122 width=4) (actual time=0.016..4006.712 rows=14835720 loops=1)
              ->  Hash  (cost=73925.90..73925.90 rows=4532 width=4) (actual time=1123.806..1123.806 rows=7796 loops=1)
                    Buckets: 8192  Batches: 1  Memory Usage: 339kB
                    ->  Seq Scan on title t  (cost=0.00..73925.90 rows=4532 width=4) (actual time=23.625..1120.015 rows=7796 loops=1)
                          Filter: ((kind_id = 7) AND (production_year = 1976))
                          Rows Removed by Filter: 2520516
Planning time: 0.815 ms
Execution time: 25680.568 ms
