Hash Join  (cost=102767.86..178395.62 rows=325097 width=0) (actual time=2023.997..4229.827 rows=625624 loops=1)
  Hash Cond: (mc.movie_id = t.id)
  ->  Seq Scan on movie_companies mc  (cost=0.00..57926.93 rows=325097 width=4) (actual time=0.029..960.213 rows=625624 loops=1)
        Filter: ((company_id > 56429) AND (company_type_id > 1))
        Rows Removed by Filter: 1983505
  ->  Hash  (cost=61283.27..61283.27 rows=2528527 width=4) (actual time=2023.361..2023.361 rows=2528312 loops=1)
        Buckets: 131072  Batches: 64  Memory Usage: 2415kB
        ->  Seq Scan on title t  (cost=0.00..61283.27 rows=2528527 width=4) (actual time=0.010..1190.131 rows=2528312 loops=1)
Planning time: 0.742 ms
Execution time: 4297.876 ms
