Seq Scan on movie_companies mc  (cost=0.00..51404.11 rows=972725 width=0) (actual time=0.024..997.118 rows=971746 loops=1)
  Filter: (company_id < 4226)
  Rows Removed by Filter: 1637383
Planning time: 0.336 ms
Execution time: 1124.341 ms
