Seq Scan on cast_info ci  (cost=0.00..705507.15 rows=2870174 width=0) (actual time=5749.406..11326.662 rows=2922484 loops=1)
  Filter: (person_id > 3514680)
  Rows Removed by Filter: 33321860
Planning time: 0.300 ms
Execution time: 11692.592 ms
