Hash Join  (cost=180764.40..1177750.22 rows=1424795 width=186) (actual time=8024.971..27257.296 rows=1429100 loops=1)
  Hash Cond: (ci.movie_id = t.id)
  ->  Seq Scan on cast_info ci  (cost=0.00..705507.15 rows=12726058 width=42) (actual time=4314.442..15323.292 rows=12670688 loops=1)
        Filter: (role_id = 1)
        Rows Removed by Filter: 23573656
  ->  Hash  (cost=171419.77..171419.77 rows=283091 width=144) (actual time=3709.651..3709.651 rows=141906 loops=1)
        Buckets: 32768  Batches: 16  Memory Usage: 1503kB
        ->  Hash Join  (cost=109435.59..171419.77 rows=283091 width=144) (actual time=2624.019..3631.317 rows=141906 loops=1)
              Hash Cond: (mi_idx.movie_id = t.id)
              ->  Seq Scan on movie_info_idx mi_idx  (cost=0.00..25185.44 rows=464566 width=50) (actual time=0.040..528.360 rows=459925 loops=1)
                    Filter: (info_type_id = 101)
                    Rows Removed by Filter: 920110
              ->  Hash  (cost=67604.59..67604.59 rows=1540800 width=94) (actual time=2435.048..2435.048 rows=1543264 loops=1)
                    Buckets: 32768  Batches: 64  Memory Usage: 3011kB
                    ->  Seq Scan on title t  (cost=0.00..67604.59 rows=1540800 width=94) (actual time=0.027..1489.736 rows=1543264 loops=1)
                          Filter: (kind_id = 7)
                          Rows Removed by Filter: 985048
Planning time: 1.446 ms
Execution time: 27334.642 ms
