Seq Scan on cast_info ci  (cost=0.00..705507.15 rows=24932334 width=0) (actual time=1697.532..11918.838 rows=25028857 loops=1)
  Filter: (person_id > 1100702)
  Rows Removed by Filter: 11215487
Planning time: 0.396 ms
Execution time: 14698.960 ms
