Hash Join  (cost=131223.20..884821.12 rows=280876 width=0) (actual time=2422.781..17824.605 rows=335616 loops=1)
  Hash Cond: (ci.movie_id = t.id)
  ->  Seq Scan on cast_info ci  (cost=0.00..614943.12 rows=36225612 width=4) (actual time=0.010..7839.437 rows=36244344 loops=1)
  ->  Hash  (cost=130978.14..130978.14 rows=19605 width=8) (actual time=2422.284..2422.284 rows=13207 loops=1)
        Buckets: 32768  Batches: 1  Memory Usage: 772kB
        ->  Hash Join  (cost=74391.93..130978.14 rows=19605 width=8) (actual time=1156.906..2416.424 rows=13207 loops=1)
              Hash Cond: (mc.movie_id = t.id)
              ->  Seq Scan on movie_companies mc  (cost=0.00..51404.11 rows=1329612 width=4) (actual time=0.025..931.455 rows=1334883 loops=1)
                    Filter: (company_type_id = 2)
                    Rows Removed by Filter: 1274246
              ->  Hash  (cost=73925.90..73925.90 rows=37282 width=4) (actual time=1156.556..1156.556 rows=42986 loops=1)
                    Buckets: 65536  Batches: 1  Memory Usage: 2024kB
                    ->  Seq Scan on title t  (cost=0.00..73925.90 rows=37282 width=4) (actual time=0.063..1139.029 rows=42986 loops=1)
                          Filter: ((kind_id > 1) AND (production_year = 1999))
                          Rows Removed by Filter: 2485326
Planning time: 1.147 ms
Execution time: 17871.083 ms
