Hash Join  (cost=203123.39..1355303.60 rows=11523504 width=0) (actual time=4007.150..38612.697 rows=11841282 loops=1)
  Hash Cond: (ci.movie_id = t.id)
  ->  Seq Scan on cast_info ci  (cost=0.00..614943.12 rows=36225612 width=4) (actual time=0.016..13430.732 rows=36244344 loops=1)
  ->  Hash  (cost=189927.22..189927.22 rows=804334 width=8) (actual time=4006.144..4006.144 rows=502124 loops=1)
        Buckets: 131072  Batches: 16  Memory Usage: 2241kB
        ->  Hash Join  (cost=102767.86..189927.22 rows=804334 width=8) (actual time=2175.650..3832.387 rows=502124 loops=1)
              Hash Cond: (mc.movie_id = t.id)
              ->  Seq Scan on movie_companies mc  (cost=0.00..57926.93 rows=804334 width=4) (actual time=237.003..1024.769 rows=502124 loops=1)
                    Filter: ((company_id < 15252) AND (company_type_id > 1))
                    Rows Removed by Filter: 2107005
              ->  Hash  (cost=61283.27..61283.27 rows=2528527 width=4) (actual time=1937.364..1937.364 rows=2528312 loops=1)
                    Buckets: 131072  Batches: 64  Memory Usage: 2415kB
                    ->  Seq Scan on title t  (cost=0.00..61283.27 rows=2528527 width=4) (actual time=0.022..1092.284 rows=2528312 loops=1)
Planning time: 1.159 ms
Execution time: 39965.079 ms
