Hash Join  (cost=79158.73..208113.21 rows=570644 width=0) (actual time=3152.350..4280.830 rows=109007 loops=1)
  Hash Cond: (mk.movie_id = t.id)
  ->  Seq Scan on movie_keyword mk  (cost=0.00..69693.30 rows=4523930 width=4) (actual time=0.022..1345.635 rows=4523930 loops=1)
  ->  Hash  (cost=73925.90..73925.90 rows=318946 width=4) (actual time=1198.107..1198.107 rows=209805 loops=1)
        Buckets: 131072  Batches: 8  Memory Usage: 1942kB
        ->  Seq Scan on title t  (cost=0.00..73925.90 rows=318946 width=4) (actual time=262.330..1128.296 rows=209805 loops=1)
              Filter: ((production_year < 1981) AND (kind_id = 7))
              Rows Removed by Filter: 2318507
Planning time: 0.739 ms
Execution time: 4291.524 ms
