Nested Loop  (cost=0.43..126845.76 rows=5525 width=0) (actual time=0.176..1583.610 rows=5655 loops=1)
  ->  Seq Scan on movie_keyword mk  (cost=0.00..81003.12 rows=6484 width=4) (actual time=0.079..1346.874 rows=6780 loops=1)
        Filter: (keyword_id = 1135)
        Rows Removed by Filter: 4517150
  ->  Index Scan using title_pkey on title t  (cost=0.43..7.06 rows=1 width=4) (actual time=0.034..0.034 rows=1 loops=6780)
        Index Cond: (id = mk.movie_id)
        Filter: (production_year > 1965)
        Rows Removed by Filter: 0
Planning time: 2.227 ms
Execution time: 1585.389 ms
