Nested Loop  (cost=0.43..798788.22 rows=101 width=0) (actual time=9757.994..14156.758 rows=11 loops=1)
  ->  Seq Scan on cast_info ci  (cost=0.00..796071.18 rows=324 width=4) (actual time=9757.795..14156.391 rows=13 loops=1)
        Filter: ((role_id > 1) AND (person_id = 2084928))
        Rows Removed by Filter: 36244331
  ->  Index Scan using title_pkey on title t  (cost=0.43..8.38 rows=1 width=4) (actual time=0.022..0.022 rows=1 loops=13)
        Index Cond: (id = ci.movie_id)
        Filter: (production_year > 2007)
        Rows Removed by Filter: 0
Planning time: 0.829 ms
Execution time: 14156.888 ms
