Seq Scan on movie_keyword mk  (cost=0.00..81003.12 rows=2805363 width=0) (actual time=0.015..1447.408 rows=2795409 loops=1)
  Filter: (keyword_id < 8193)
  Rows Removed by Filter: 1728521
Planning time: 10.915 ms
Execution time: 1784.021 ms
