Seq Scan on cast_info ci  (cost=0.00..796071.18 rows=134058 width=0) (actual time=10260.430..12890.455 rows=237293 loops=1)
  Filter: ((person_id > 2261778) AND (role_id > 10))
  Rows Removed by Filter: 36007051
Planning time: 0.368 ms
Execution time: 12919.670 ms
