Nested Loop  (cost=0.43..52283.69 rows=104 width=0) (actual time=163.966..832.750 rows=1468 loops=1)
  ->  Seq Scan on movie_companies mc  (cost=0.00..51404.11 rows=104 width=4) (actual time=163.879..783.348 rows=1468 loops=1)
        Filter: (company_id = 265)
        Rows Removed by Filter: 2607661
  ->  Index Only Scan using title_pkey on title t  (cost=0.43..8.45 rows=1 width=4) (actual time=0.032..0.033 rows=1 loops=1468)
        Index Cond: (id = mc.movie_id)
        Heap Fetches: 1468
Planning time: 0.791 ms
Execution time: 833.161 ms
