Seq Scan on cast_info ci  (cost=0.00..796071.18 rows=176 width=0) (actual time=7441.966..10265.824 rows=46 loops=1)
  Filter: ((person_id = 205147) AND (role_id = 1))
  Rows Removed by Filter: 36244298
Planning time: 0.402 ms
Execution time: 10265.959 ms
