Seq Scan on movie_keyword mk  (cost=0.00..81003.12 rows=3156961 width=0) (actual time=0.015..1686.620 rows=3141978 loops=1)
  Filter: (keyword_id > 1837)
  Rows Removed by Filter: 1381952
Planning time: 1.162 ms
Execution time: 2073.823 ms
