Seq Scan on cast_info ci  (cost=0.00..705507.15 rows=500 width=0) (actual time=9141.045..10519.356 rows=147 loops=1)
  Filter: (person_id = 1313876)
  Rows Removed by Filter: 36244197
Planning time: 0.447 ms
Execution time: 10519.499 ms
