Hash Join  (cost=157446.49..286444.34 rows=574181 width=0) (actual time=3997.650..8608.818 rows=5511883 loops=1)
  Hash Cond: (mk.movie_id = t.id)
  ->  Seq Scan on movie_keyword mk  (cost=0.00..69693.30 rows=4523930 width=4) (actual time=0.023..1467.595 rows=4523930 loops=1)
  ->  Hash  (cost=152180.95..152180.95 rows=320923 width=8) (actual time=3996.826..3996.826 rows=579908 loops=1)
        Buckets: 131072  Batches: 8  Memory Usage: 3859kB
        ->  Hash Join  (cost=72707.20..152180.95 rows=320923 width=8) (actual time=1528.753..3813.194 rows=579908 loops=1)
              Hash Cond: (mc.movie_id = t.id)
              ->  Seq Scan on movie_companies mc  (cost=0.00..44881.29 rows=2609129 width=4) (actual time=0.027..909.639 rows=2609129 loops=1)
              ->  Hash  (cost=67604.59..67604.59 rows=311009 width=4) (actual time=1527.972..1527.972 rows=309534 loops=1)
                    Buckets: 131072  Batches: 8  Memory Usage: 2378kB
                    ->  Seq Scan on title t  (cost=0.00..67604.59 rows=311009 width=4) (actual time=0.021..1079.162 rows=309534 loops=1)
                          Filter: (production_year < 1966)
                          Rows Removed by Filter: 2218778
Planning time: 1.175 ms
Execution time: 9242.452 ms
