Hash Join  (cost=76379.89..863585.73 rows=1231076 width=0) (actual time=10376.499..18224.679 rows=1652978 loops=1)
  Hash Cond: (ci.movie_id = t.id)
  ->  Seq Scan on cast_info ci  (cost=0.00..705507.15 rows=5820248 width=4) (actual time=9083.612..13212.984 rows=5732694 loops=1)
        Filter: (role_id > 8)
        Rows Removed by Filter: 30511650
  ->  Hash  (cost=67604.59..67604.59 rows=534824 width=4) (actual time=1291.913..1291.913 rows=533369 loops=1)
        Buckets: 131072  Batches: 8  Memory Usage: 3369kB
        ->  Seq Scan on title t  (cost=0.00..67604.59 rows=534824 width=4) (actual time=0.028..1121.478 rows=533369 loops=1)
              Filter: (production_year > 2009)
              Rows Removed by Filter: 1994943
Planning time: 0.848 ms
Execution time: 18425.771 ms
