Hash Join  (cost=176557.11..693580.47 rows=3487944 width=0) (actual time=5206.941..26687.747 rows=31538900 loops=1)
  Hash Cond: (mi.movie_id = t.id)
  ->  Seq Scan on movie_info mi  (cost=0.00..309384.22 rows=14739122 width=4) (actual time=0.011..6555.863 rows=14835720 loops=1)
  ->  Hash  (cost=166739.56..166739.56 rows=598364 width=8) (actual time=5206.113..5206.113 rows=895401 loops=1)
        Buckets: 131072 (originally 131072)  Batches: 16 (originally 8)  Memory Usage: 3235kB
        ->  Hash Join  (cost=83440.39..166739.56 rows=598364 width=8) (actual time=2428.463..4932.401 rows=895401 loops=1)
              Hash Cond: (mc.movie_id = t.id)
              ->  Seq Scan on movie_companies mc  (cost=0.00..44881.29 rows=2609129 width=4) (actual time=0.029..923.815 rows=2609129 loops=1)
              ->  Hash  (cost=73925.90..73925.90 rows=579879 width=4) (actual time=2427.564..2427.564 rows=492958 loops=1)
                    Buckets: 131072  Batches: 8  Memory Usage: 3188kB
                    ->  Seq Scan on title t  (cost=0.00..73925.90 rows=579879 width=4) (actual time=0.015..1226.003 rows=492958 loops=1)
                          Filter: ((kind_id < 7) AND (production_year > 1998))
                          Rows Removed by Filter: 2035354
Planning time: 8.964 ms
Execution time: 30262.362 ms
