Hash Join  (cost=102767.86..246283.81 rows=2187374 width=0) (actual time=1927.336..5929.715 rows=2184930 loops=1)
  Hash Cond: (mk.movie_id = t.id)
  ->  Seq Scan on movie_keyword mk  (cost=0.00..81003.12 rows=2187374 width=4) (actual time=0.020..1653.831 rows=2184930 loops=1)
        Filter: (keyword_id > 5169)
        Rows Removed by Filter: 2339000
  ->  Hash  (cost=61283.27..61283.27 rows=2528527 width=4) (actual time=1926.167..1926.167 rows=2528312 loops=1)
        Buckets: 131072  Batches: 64  Memory Usage: 2425kB
        ->  Seq Scan on title t  (cost=0.00..61283.27 rows=2528527 width=4) (actual time=0.020..1069.015 rows=2528312 loops=1)
Planning time: 0.721 ms
Execution time: 6181.596 ms
