Hash Join  (cost=94642.16..190914.30 rows=2180 width=0) (actual time=1698.072..3886.689 rows=340 loops=1)
  Hash Cond: (mk.movie_id = t.id)
  ->  Seq Scan on movie_keyword mk  (cost=0.00..81003.12 rows=4065923 width=4) (actual time=0.012..1647.800 rows=4069666 loops=1)
        Filter: (keyword_id < 38979)
        Rows Removed by Filter: 454264
  ->  Hash  (cost=94625.21..94625.21 rows=1356 width=8) (actual time=1697.737..1697.737 rows=208 loops=1)
        Buckets: 2048  Batches: 1  Memory Usage: 25kB
        ->  Hash Join  (cost=67697.55..94625.21 rows=1356 width=8) (actual time=1128.958..1697.569 rows=208 loops=1)
              Hash Cond: (mi_idx.movie_id = t.id)
              ->  Seq Scan on movie_info_idx mi_idx  (cost=0.00..25185.44 rows=460978 width=4) (actual time=0.019..480.794 rows=459925 loops=1)
                    Filter: (info_type_id < 100)
                    Rows Removed by Filter: 920110
              ->  Hash  (cost=67604.59..67604.59 rows=7437 width=4) (actual time=1128.796..1128.796 rows=5945 loops=1)
                    Buckets: 8192  Batches: 1  Memory Usage: 274kB
                    ->  Seq Scan on title t  (cost=0.00..67604.59 rows=7437 width=4) (actual time=266.093..1126.113 rows=5945 loops=1)
                          Filter: (production_year = 1911)
                          Rows Removed by Filter: 2522367
Planning time: 1.011 ms
Execution time: 3886.910 ms
