Hash Join  (cost=102767.86..1106026.05 rows=8199816 width=0) (actual time=4425.573..20578.896 rows=4135872 loops=1)
  Hash Cond: (ci.movie_id = t.id)
  ->  Seq Scan on cast_info ci  (cost=0.00..796071.18 rows=8199816 width=4) (actual time=2567.043..14976.887 rows=4135872 loops=1)
        Filter: ((person_id < 2493404) AND (role_id > 3))
        Rows Removed by Filter: 32108472
  ->  Hash  (cost=61283.27..61283.27 rows=2528527 width=4) (actual time=1856.554..1856.554 rows=2528312 loops=1)
        Buckets: 131072  Batches: 64  Memory Usage: 2415kB
        ->  Seq Scan on title t  (cost=0.00..61283.27 rows=2528527 width=4) (actual time=0.022..1030.164 rows=2528312 loops=1)
Planning time: 1.078 ms
Execution time: 21072.599 ms
