Hash Join  (cost=160872.73..958347.07 rows=140315 width=0) (actual time=2653.727..19287.294 rows=192678 loops=1)
  Hash Cond: (ci.movie_id = t.id)
  ->  Seq Scan on cast_info ci  (cost=0.00..614943.12 rows=36225612 width=4) (actual time=0.019..8915.428 rows=36244344 loops=1)
  ->  Hash  (cost=160750.31..160750.31 rows=9794 width=8) (actual time=2653.582..2653.582 rows=8560 loops=1)
        Buckets: 16384  Batches: 1  Memory Usage: 463kB
        ->  Hash Join  (cost=73994.33..160750.31 rows=9794 width=8) (actual time=1263.551..2650.495 rows=8560 loops=1)
              Hash Cond: (mk.movie_id = t.id)
              ->  Seq Scan on movie_keyword mk  (cost=0.00..69693.30 rows=4523930 width=4) (actual time=0.014..682.316 rows=4523930 loops=1)
              ->  Hash  (cost=73925.90..73925.90 rows=5474 width=4) (actual time=1263.316..1263.316 rows=10544 loops=1)
                    Buckets: 16384 (originally 8192)  Batches: 1 (originally 1)  Memory Usage: 499kB
                    ->  Seq Scan on title t  (cost=0.00..73925.90 rows=5474 width=4) (actual time=0.209..1258.030 rows=10544 loops=1)
                          Filter: ((kind_id > 1) AND (production_year = 1979))
                          Rows Removed by Filter: 2517768
Planning time: 0.869 ms
Execution time: 19315.248 ms
