Hash Join  (cost=28266.83..82932.44 rows=9 width=0) (actual time=504.402..1446.391 rows=160 loops=1)
  Hash Cond: (mc.movie_id = t.id)
  ->  Seq Scan on movie_companies mc  (cost=0.00..44881.29 rows=2609129 width=4) (actual time=0.018..619.910 rows=2609129 loops=1)
  ->  Hash  (cost=28266.72..28266.72 rows=9 width=8) (actual time=364.377..364.377 rows=4 loops=1)
        Buckets: 1024  Batches: 1  Memory Usage: 9kB
        ->  Nested Loop  (cost=0.43..28266.72 rows=9 width=8) (actual time=294.477..364.366 rows=4 loops=1)
              ->  Seq Scan on movie_info_idx mi_idx  (cost=0.00..25185.44 rows=368 width=4) (actual time=293.985..359.458 rows=260 loops=1)
                    Filter: (info_type_id > 101)
                    Rows Removed by Filter: 1379775
              ->  Index Scan using title_pkey on title t  (cost=0.43..8.36 rows=1 width=4) (actual time=0.018..0.018 rows=0 loops=260)
                    Index Cond: (id = mi_idx.movie_id)
                    Filter: (production_year = 2002)
                    Rows Removed by Filter: 1
Planning time: 1.121 ms
Execution time: 1446.597 ms
