Seq Scan on movie_companies mc  (cost=0.00..51404.11 rows=104 width=0) (actual time=6.051..834.646 rows=198 loops=1)
  Filter: (company_id = 178)
  Rows Removed by Filter: 2608931
Planning time: 0.367 ms
Execution time: 834.783 ms
