Hash Join  (cost=199819.49..281528.51 rows=483050 width=0) (actual time=4257.783..7726.129 rows=4544370 loops=1)
  Hash Cond: (mc.movie_id = t.id)
  ->  Seq Scan on movie_companies mc  (cost=0.00..44881.29 rows=2609129 width=4) (actual time=0.017..991.782 rows=2609129 loops=1)
  ->  Hash  (cost=192138.90..192138.90 rows=468127 width=8) (actual time=4252.423..4252.423 rows=579986 loops=1)
        Buckets: 131072  Batches: 8  Memory Usage: 3898kB
        ->  Hash Join  (cost=91342.70..192138.90 rows=468127 width=8) (actual time=1881.844..4082.704 rows=579986 loops=1)
              Hash Cond: (mk.movie_id = t.id)
              ->  Seq Scan on movie_keyword mk  (cost=0.00..81003.12 rows=818081 width=4) (actual time=0.030..1397.496 rows=825325 loops=1)
                    Filter: (keyword_id > 22255)
                    Rows Removed by Filter: 3698605
              ->  Hash  (cost=67604.59..67604.59 rows=1446889 width=4) (actual time=1880.102..1880.102 rows=1443298 loops=1)
                    Buckets: 131072  Batches: 32  Memory Usage: 2616kB
                    ->  Seq Scan on title t  (cost=0.00..67604.59 rows=1446889 width=4) (actual time=0.018..1393.893 rows=1443298 loops=1)
                          Filter: (production_year < 2006)
                          Rows Removed by Filter: 1085014
Planning time: 1.167 ms
Execution time: 8228.389 ms
