Hash Join  (cost=213078.57..1110922.62 rows=536892 width=0) (actual time=5038.797..25562.355 rows=4212806 loops=1)
  Hash Cond: (ci.movie_id = t.id)
  ->  Seq Scan on cast_info ci  (cost=0.00..796071.18 rows=7468593 width=4) (actual time=0.862..14295.708 rows=11533326 loops=1)
        Filter: ((person_id > 2543939) AND (role_id > 1))
        Rows Removed by Filter: 24711018
  ->  Hash  (cost=210095.48..210095.48 rows=181767 width=8) (actual time=5034.196..5034.196 rows=702226 loops=1)
        Buckets: 131072 (originally 131072)  Batches: 16 (originally 4)  Memory Usage: 3073kB
        ->  Hash Join  (cost=75628.29..210095.48 rows=181767 width=8) (actual time=1106.241..4804.174 rows=702226 loops=1)
              Hash Cond: (mk.movie_id = t.id)
              ->  Seq Scan on movie_keyword mk  (cost=0.00..81003.12 rows=4431571 width=4) (actual time=0.028..1815.310 rows=4421862 loops=1)
                    Filter: (keyword_id > 99)
                    Rows Removed by Filter: 102068
              ->  Hash  (cost=73925.90..73925.90 rows=103711 width=4) (actual time=1105.410..1105.410 rows=203434 loops=1)
                    Buckets: 131072 (originally 131072)  Batches: 4 (originally 2)  Memory Usage: 3073kB
                    ->  Seq Scan on title t  (cost=0.00..73925.90 rows=103711 width=4) (actual time=0.047..1028.910 rows=203434 loops=1)
                          Filter: ((kind_id < 7) AND (production_year < 1962))
                          Rows Removed by Filter: 2324878
Planning time: 1.211 ms
Execution time: 26012.588 ms
