Hash Join  (cost=1358201.64..2713070.12 rows=64743652 width=0) (actual time=29252.409..77293.634 rows=118674778 loops=1)
  Hash Cond: (mi.movie_id = t.id)
  ->  Seq Scan on movie_info mi  (cost=0.00..309384.22 rows=14739122 width=4) (actual time=0.017..6079.248 rows=14835720 loops=1)
  ->  Hash  (cost=1175978.29..1175978.29 rows=11106908 width=8) (actual time=29236.998..29236.998 rows=9423165 loops=1)
        Buckets: 131072  Batches: 256  Memory Usage: 2543kB
        ->  Hash Join  (cost=102767.86..1175978.29 rows=11106908 width=8) (actual time=3458.324..26627.098 rows=9423165 loops=1)
              Hash Cond: (ci.movie_id = t.id)
              ->  Seq Scan on cast_info ci  (cost=0.00..796071.18 rows=11106908 width=4) (actual time=1677.564..16754.833 rows=9423165 loops=1)
                    Filter: ((person_id > 434363) AND (role_id < 2))
                    Rows Removed by Filter: 26821179
              ->  Hash  (cost=61283.27..61283.27 rows=2528527 width=4) (actual time=1779.998..1779.998 rows=2528312 loops=1)
                    Buckets: 131072  Batches: 64  Memory Usage: 2415kB
                    ->  Seq Scan on title t  (cost=0.00..61283.27 rows=2528527 width=4) (actual time=0.024..952.748 rows=2528312 loops=1)
Planning time: 1.203 ms
Execution time: 90839.579 ms
