Seq Scan on cast_info ci  (cost=0.00..796071.18 rows=3529416 width=0) (actual time=8633.671..15595.881 rows=3696448 loops=1)
  Filter: ((person_id > 395841) AND (role_id = 3))
  Rows Removed by Filter: 32547896
Planning time: 0.288 ms
Execution time: 16059.897 ms
