Hash Join  (cost=92883.59..174387.36 rows=565872 width=0) (actual time=2796.193..3427.497 rows=43446 loops=1)
  Hash Cond: (mc.movie_id = t.id)
  ->  Seq Scan on movie_companies mc  (cost=0.00..57926.93 rows=928624 width=4) (actual time=0.011..1040.052 rows=776384 loops=1)
        Filter: ((company_id > 1310) AND (company_type_id = 1))
        Rows Removed by Filter: 1832745
  ->  Hash  (cost=67604.59..67604.59 rows=1540800 width=4) (actual time=1757.884..1757.884 rows=1543264 loops=1)
        Buckets: 131072  Batches: 32  Memory Usage: 2722kB
        ->  Seq Scan on title t  (cost=0.00..67604.59 rows=1540800 width=4) (actual time=0.009..1265.671 rows=1543264 loops=1)
              Filter: (kind_id = 7)
              Rows Removed by Filter: 985048
Planning time: 0.559 ms
Execution time: 3432.930 ms
