Nested Loop  (cost=0.43..797957.66 rows=224 width=0) (actual time=6990.706..12362.108 rows=20 loops=1)
  ->  Seq Scan on cast_info ci  (cost=0.00..796071.18 rows=224 width=4) (actual time=6990.587..12361.580 rows=20 loops=1)
        Filter: ((role_id > 2) AND (person_id = 2422821))
        Rows Removed by Filter: 36244324
  ->  Index Only Scan using title_pkey on title t  (cost=0.43..8.41 rows=1 width=4) (actual time=0.024..0.024 rows=1 loops=20)
        Index Cond: (id = ci.movie_id)
        Heap Fetches: 20
Planning time: 0.767 ms
Execution time: 12362.194 ms
