Hash Join  (cost=182626.28..296600.30 rows=818652 width=0) (actual time=4421.520..7751.851 rows=3290476 loops=1)
  Hash Cond: (mk.movie_id = t.id)
  ->  Seq Scan on movie_keyword mk  (cost=0.00..81003.12 rows=1741967 width=4) (actual time=0.027..1638.611 rows=1751720 loops=1)
        Filter: (keyword_id > 7949)
        Rows Removed by Filter: 2772210
  ->  Hash  (cost=163130.51..163130.51 rows=1188302 width=8) (actual time=4420.040..4420.040 rows=1218079 loops=1)
        Buckets: 131072  Batches: 16  Memory Usage: 4021kB
        ->  Hash Join  (cost=103324.96..163130.51 rows=1188302 width=8) (actual time=2131.192..4038.935 rows=1218079 loops=1)
              Hash Cond: (mi_idx.movie_id = t.id)
              ->  Seq Scan on movie_info_idx mi_idx  (cost=0.00..21735.35 rows=1380035 width=4) (actual time=0.024..438.843 rows=1380035 loops=1)
              ->  Hash  (cost=67604.59..67604.59 rows=2177230 width=4) (actual time=2129.886..2129.886 rows=2171163 loops=1)
                    Buckets: 131072  Batches: 32  Memory Usage: 3412kB
                    ->  Seq Scan on title t  (cost=0.00..67604.59 rows=2177230 width=4) (actual time=0.032..1435.500 rows=2171163 loops=1)
                          Filter: (production_year > 1963)
                          Rows Removed by Filter: 357149
Planning time: 5.249 ms
Execution time: 8116.943 ms
