Hash Join  (cost=95401.37..150165.96 rows=9907 width=0) (actual time=1691.712..2955.775 rows=30602 loops=1)
  Hash Cond: (mc.movie_id = t.id)
  ->  Seq Scan on movie_companies mc  (cost=0.00..44881.29 rows=2609129 width=4) (actual time=0.019..645.243 rows=2609129 loops=1)
  ->  Hash  (cost=95281.36..95281.36 rows=9601 width=8) (actual time=1691.478..1691.478 rows=11514 loops=1)
        Buckets: 16384  Batches: 1  Memory Usage: 578kB
        ->  Hash Join  (cost=68257.79..95281.36 rows=9601 width=8) (actual time=1061.876..1686.218 rows=11514 loops=1)
              Hash Cond: (mi_idx.movie_id = t.id)
              ->  Seq Scan on movie_info_idx mi_idx  (cost=0.00..25185.44 rows=464566 width=4) (actual time=0.023..460.653 rows=459925 loops=1)
                    Filter: (info_type_id = 101)
                    Rows Removed by Filter: 920110
              ->  Hash  (cost=67604.59..67604.59 rows=52256 width=4) (actual time=1061.474..1061.474 rows=53013 loops=1)
                    Buckets: 65536  Batches: 1  Memory Usage: 2376kB
                    ->  Seq Scan on title t  (cost=0.00..67604.59 rows=52256 width=4) (actual time=0.051..1038.793 rows=53013 loops=1)
                          Filter: (production_year = 2000)
                          Rows Removed by Filter: 2475299
Planning time: 1.152 ms
Execution time: 2960.903 ms
