Hash Join  (cost=189632.99..1171073.73 rows=7029889 width=0) (actual time=5136.793..37631.482 rows=29140656 loops=1)
  Hash Cond: (ci.movie_id = t.id)
  ->  Seq Scan on cast_info ci  (cost=0.00..705507.15 rows=17440185 width=4) (actual time=0.013..14031.386 rows=17327031 loops=1)
        Filter: (person_id < 1711604)
        Rows Removed by Filter: 18917313
  ->  Hash  (cost=172910.83..172910.83 rows=1019213 width=8) (actual time=5136.209..5136.209 rows=1891821 loops=1)
        Buckets: 131072 (originally 131072)  Batches: 32 (originally 16)  Memory Usage: 3321kB
        ->  Hash Join  (cost=83810.17..172910.83 rows=1019213 width=8) (actual time=1413.732..4627.446 rows=1891821 loops=1)
              Hash Cond: (mc.movie_id = t.id)
              ->  Seq Scan on movie_companies mc  (cost=0.00..44881.29 rows=2609129 width=4) (actual time=0.020..905.269 rows=2609129 loops=1)
              ->  Hash  (cost=67604.59..67604.59 rows=987727 width=4) (actual time=1412.895..1412.895 rows=985048 loops=1)
                    Buckets: 131072  Batches: 16  Memory Usage: 3188kB
                    ->  Seq Scan on title t  (cost=0.00..67604.59 rows=987727 width=4) (actual time=0.008..1116.134 rows=985048 loops=1)
                          Filter: (kind_id < 7)
                          Rows Removed by Filter: 1543264
Planning time: 0.908 ms
Execution time: 40998.916 ms
