Seq Scan on movie_companies mc  (cost=0.00..57926.93 rows=434809 width=0) (actual time=0.024..845.912 rows=625274 loops=1)
  Filter: ((company_id < 2652) AND (company_type_id < 2))
  Rows Removed by Filter: 1983855
Planning time: 0.332 ms
Execution time: 926.243 ms
