Hash Join  (cost=67697.55..417103.65 rows=2470 width=0) (actual time=1455.906..6488.456 rows=238 loops=1)
  Hash Cond: (mi.movie_id = t.id)
  ->  Seq Scan on movie_info mi  (cost=0.00..346232.03 rows=839833 width=4) (actual time=379.387..5300.753 rows=885922 loops=1)
        Filter: (info_type_id > 96)
        Rows Removed by Filter: 13949798
  ->  Hash  (cost=67604.59..67604.59 rows=7437 width=4) (actual time=1035.905..1035.905 rows=5945 loops=1)
        Buckets: 8192  Batches: 1  Memory Usage: 274kB
        ->  Seq Scan on title t  (cost=0.00..67604.59 rows=7437 width=4) (actual time=0.356..1033.120 rows=5945 loops=1)
              Filter: (production_year = 1911)
              Rows Removed by Filter: 2522367
Planning time: 0.787 ms
Execution time: 6488.635 ms
