Hash Join  (cost=81812.24..124006.13 rows=262341 width=0) (actual time=1211.357..2397.350 rows=366689 loops=1)
  Hash Cond: (mi_idx.movie_id = t.id)
  ->  Seq Scan on movie_info_idx mi_idx  (cost=0.00..21735.35 rows=1380035 width=4) (actual time=0.014..427.827 rows=1380035 loops=1)
  ->  Hash  (cost=73925.90..73925.90 rows=480667 width=4) (actual time=1210.351..1210.351 rows=350545 loops=1)
        Buckets: 131072  Batches: 8  Memory Usage: 2572kB
        ->  Seq Scan on title t  (cost=0.00..73925.90 rows=480667 width=4) (actual time=122.531..1102.480 rows=350545 loops=1)
              Filter: ((production_year > 1987) AND (kind_id = 1))
              Rows Removed by Filter: 2177767
Planning time: 0.752 ms
Execution time: 2445.110 ms
