Nested Loop  (cost=0.43..709671.90 rows=500 width=0) (actual time=7523.197..10537.815 rows=43 loops=1)
  ->  Seq Scan on cast_info ci  (cost=0.00..705507.15 rows=500 width=4) (actual time=7523.098..10536.920 rows=43 loops=1)
        Filter: (person_id = 3072096)
        Rows Removed by Filter: 36244301
  ->  Index Only Scan using title_pkey on title t  (cost=0.43..8.32 rows=1 width=4) (actual time=0.019..0.019 rows=1 loops=43)
        Index Cond: (id = ci.movie_id)
        Heap Fetches: 43
Planning time: 1.273 ms
Execution time: 10537.896 ms
