Nested Loop  (cost=0.43..52283.69 rows=104 width=0) (actual time=49.684..788.745 rows=325 loops=1)
  ->  Seq Scan on movie_companies mc  (cost=0.00..51404.11 rows=104 width=4) (actual time=49.584..778.963 rows=325 loops=1)
        Filter: (company_id = 17059)
        Rows Removed by Filter: 2608804
  ->  Index Only Scan using title_pkey on title t  (cost=0.43..8.45 rows=1 width=4) (actual time=0.029..0.029 rows=1 loops=325)
        Index Cond: (id = mc.movie_id)
        Heap Fetches: 325
Planning time: 0.818 ms
Execution time: 788.898 ms
