Seq Scan on movie_keyword mk  (cost=0.00..81003.12 rows=3092944 width=0) (actual time=0.018..1577.893 rows=3078848 loops=1)
  Filter: (keyword_id < 11565)
  Rows Removed by Filter: 1445082
Planning time: 0.302 ms
Execution time: 1958.538 ms
