Hash Join  (cost=83074.74..833899.15 rows=3524 width=0) (actual time=1282.951..17193.646 rows=101654 loops=1)
  Hash Cond: (ci.movie_id = t.id)
  ->  Seq Scan on cast_info ci  (cost=0.00..614943.12 rows=36225612 width=4) (actual time=0.021..8196.229 rows=36244344 loops=1)
  ->  Hash  (cost=83071.67..83071.67 rows=246 width=8) (actual time=1282.520..1282.520 rows=2048 loops=1)
        Buckets: 2048 (originally 1024)  Batches: 1 (originally 1)  Memory Usage: 96kB
        ->  Nested Loop  (cost=0.43..83071.67 rows=246 width=8) (actual time=1.614..1281.098 rows=2048 loops=1)
              ->  Seq Scan on movie_keyword mk  (cost=0.00..81003.12 rows=246 width=4) (actual time=1.551..1222.866 rows=2048 loops=1)
                    Filter: (keyword_id = 724)
                    Rows Removed by Filter: 4521882
              ->  Index Only Scan using title_pkey on title t  (cost=0.43..8.40 rows=1 width=4) (actual time=0.027..0.027 rows=1 loops=2048)
                    Index Cond: (id = mk.movie_id)
                    Heap Fetches: 2048
Planning time: 1.152 ms
Execution time: 17215.309 ms
