Seq Scan on movie_keyword mk  (cost=0.00..81003.12 rows=3261528 width=0) (actual time=0.008..1399.187 rows=3250755 loops=1)
  Filter: (keyword_id < 13988)
  Rows Removed by Filter: 1273175
Planning time: 1.785 ms
Execution time: 1794.522 ms
