Seq Scan on title t  (cost=0.00..73925.90 rows=301 width=0) (actual time=11.565..844.565 rows=1171 loops=1)
  Filter: ((kind_id = 3) AND (production_year = 1967))
  Rows Removed by Filter: 2527141
Planning time: 0.356 ms
Execution time: 845.004 ms
