Seq Scan on movie_keyword mk  (cost=0.00..81003.12 rows=202027 width=0) (actual time=0.026..1226.483 rows=203993 loops=1)
  Filter: (keyword_id > 67847)
  Rows Removed by Filter: 4319937
Planning time: 0.284 ms
Execution time: 1254.413 ms
