Hash Join  (cost=102767.86..174814.64 rows=176237 width=0) (actual time=1897.406..3218.381 rows=349918 loops=1)
  Hash Cond: (mc.movie_id = t.id)
  ->  Seq Scan on movie_companies mc  (cost=0.00..57926.93 rows=176237 width=4) (actual time=141.966..833.098 rows=349918 loops=1)
        Filter: ((company_id > 88273) AND (company_type_id = 2))
        Rows Removed by Filter: 2259211
  ->  Hash  (cost=61283.27..61283.27 rows=2528527 width=4) (actual time=1754.453..1754.453 rows=2528312 loops=1)
        Buckets: 131072  Batches: 64  Memory Usage: 2415kB
        ->  Seq Scan on title t  (cost=0.00..61283.27 rows=2528527 width=4) (actual time=0.021..890.187 rows=2528312 loops=1)
Planning time: 0.761 ms
Execution time: 3258.747 ms
