Seq Scan on movie_companies mc  (cost=0.00..51404.11 rows=1823528 width=0) (actual time=0.034..789.389 rows=1836106 loops=1)
  Filter: (company_id > 1671)
  Rows Removed by Filter: 773023
Planning time: 0.323 ms
Execution time: 1025.385 ms
