Hash Join  (cost=513437.85..1346242.24 rows=993003 width=0) (actual time=16921.475..22588.769 rows=455339 loops=1)
  Hash Cond: (ci.movie_id = t.id)
  ->  Seq Scan on cast_info ci  (cost=0.00..796071.18 rows=1862447 width=4) (actual time=8083.196..12562.120 rows=606306 loops=1)
        Filter: ((person_id < 1528566) AND (role_id = 10))
        Rows Removed by Filter: 35638038
  ->  Hash  (cost=491319.12..491319.12 rows=1348138 width=8) (actual time=8836.484..8836.484 rows=1298989 loops=1)
        Buckets: 131072  Batches: 32  Memory Usage: 2598kB
        ->  Hash Join  (cost=102767.86..491319.12 rows=1348138 width=8) (actual time=4013.463..8465.423 rows=1298989 loops=1)
              Hash Cond: (mi.movie_id = t.id)
              ->  Seq Scan on movie_info mi  (cost=0.00..346232.03 rows=1348138 width=4) (actual time=2203.603..5120.157 rows=1298989 loops=1)
                    Filter: (info_type_id = 4)
                    Rows Removed by Filter: 13536731
              ->  Hash  (cost=61283.27..61283.27 rows=2528527 width=4) (actual time=1808.635..1808.635 rows=2528312 loops=1)
                    Buckets: 131072  Batches: 64  Memory Usage: 2425kB
                    ->  Seq Scan on title t  (cost=0.00..61283.27 rows=2528527 width=4) (actual time=0.017..966.901 rows=2528312 loops=1)
Planning time: 1.214 ms
Execution time: 22648.050 ms
