Hash Join  (cost=94706.90..453737.53 rows=237254 width=0) (actual time=1859.887..7037.495 rows=52389 loops=1)
  Hash Cond: (mi.movie_id = t.id)
  ->  Seq Scan on movie_info mi  (cost=0.00..346232.03 rows=473617 width=4) (actual time=173.772..4855.745 rows=486554 loops=1)
        Filter: (info_type_id = 5)
        Rows Removed by Filter: 14349166
  ->  Hash  (cost=73925.90..73925.90 rows=1266640 width=4) (actual time=1685.141..1685.141 rows=1348885 loops=1)
        Buckets: 131072  Batches: 32  Memory Usage: 2517kB
        ->  Seq Scan on title t  (cost=0.00..73925.90 rows=1266640 width=4) (actual time=43.736..1240.032 rows=1348885 loops=1)
              Filter: ((production_year > 1970) AND (kind_id = 7))
              Rows Removed by Filter: 1179427
Planning time: 0.797 ms
Execution time: 7044.088 ms
