Seq Scan on cast_info ci  (cost=0.00..705507.15 rows=20692108 width=0) (actual time=1.495..11449.668 rows=20587216 loops=1)
  Filter: (person_id < 2072275)
  Rows Removed by Filter: 15657128
Planning time: 0.305 ms
Execution time: 14011.541 ms
