Hash Join  (cost=77945.24..205888.48 rows=355517 width=0) (actual time=2834.483..4380.660 rows=63532 loops=1)
  Hash Cond: (mk.movie_id = t.id)
  ->  Seq Scan on movie_keyword mk  (cost=0.00..81003.12 rows=3669318 width=4) (actual time=0.019..1486.124 rows=3664519 loops=1)
        Filter: (keyword_id > 816)
        Rows Removed by Filter: 859411
  ->  Hash  (cost=73925.90..73925.90 rows=244987 width=4) (actual time=917.878..917.878 rows=137824 loops=1)
        Buckets: 131072  Batches: 4  Memory Usage: 2239kB
        ->  Seq Scan on title t  (cost=0.00..73925.90 rows=244987 width=4) (actual time=0.024..870.310 rows=137824 loops=1)
              Filter: ((production_year < 1972) AND (kind_id = 7))
              Rows Removed by Filter: 2390488
Planning time: 0.769 ms
Execution time: 4388.306 ms
