Hash Join  (cost=885255.15..912502.42 rows=33679 width=0) (actual time=12188.885..13165.050 rows=422443 loops=1)
  Hash Cond: (mi_idx.movie_id = t.id)
  ->  Seq Scan on movie_info_idx mi_idx  (cost=0.00..21735.35 rows=1380035 width=4) (actual time=0.026..280.388 rows=1380035 loops=1)
  ->  Hash  (cost=884483.80..884483.80 rows=61708 width=8) (actual time=12188.323..12188.323 rows=238461 loops=1)
        Buckets: 131072 (originally 65536)  Batches: 4 (originally 1)  Memory Usage: 3338kB
        ->  Hash Join  (cost=76796.18..884483.80 rows=61708 width=8) (actual time=1040.068..12104.208 rows=238461 loops=1)
              Hash Cond: (ci.movie_id = t.id)
              ->  Seq Scan on cast_info ci  (cost=0.00..796071.18 rows=892095 width=4) (actual time=0.026..9615.715 rows=3413713 loops=1)
                    Filter: ((person_id > 3436732) AND (role_id > 4))
                    Rows Removed by Filter: 32830631
              ->  Hash  (cost=73925.90..73925.90 rows=174902 width=4) (actual time=1039.193..1039.193 rows=160286 loops=1)
                    Buckets: 131072  Batches: 4  Memory Usage: 2435kB
                    ->  Seq Scan on title t  (cost=0.00..73925.90 rows=174902 width=4) (actual time=134.786..985.882 rows=160286 loops=1)
                          Filter: ((production_year > 2008) AND (kind_id = 1))
                          Rows Removed by Filter: 2368026
Planning time: 1.187 ms
Execution time: 13213.650 ms
