Seq Scan on cast_info ci  (cost=0.00..796071.18 rows=8647342 width=0) (actual time=0.020..12704.528 rows=12670688 loops=1)
  Filter: ((person_id < 2529625) AND (role_id < 2))
  Rows Removed by Filter: 23573656
Planning time: 0.331 ms
Execution time: 14145.903 ms
