Nested Loop  (cost=0.43..83072.29 rows=88 width=0) (actual time=48.732..1197.680 rows=20 loops=1)
  ->  Seq Scan on movie_keyword mk  (cost=0.00..81003.12 rows=246 width=4) (actual time=17.841..1192.162 rows=126 loops=1)
        Filter: (keyword_id = 1793)
        Rows Removed by Filter: 4523804
  ->  Index Scan using title_pkey on title t  (cost=0.43..8.40 rows=1 width=4) (actual time=0.040..0.040 rows=0 loops=126)
        Index Cond: (id = mk.movie_id)
        Filter: (production_year > 2006)
        Rows Removed by Filter: 1
Planning time: 0.841 ms
Execution time: 1197.826 ms
