Hash Join  (cost=709675.59..1074342.89 rows=1137 width=0) (actual time=8745.364..14606.046 rows=322 loops=1)
  Hash Cond: (mi.movie_id = t.id)
  ->  Seq Scan on movie_info mi  (cost=0.00..309384.22 rows=14739122 width=4) (actual time=0.019..3452.308 rows=14835720 loops=1)
  ->  Hash  (cost=709673.15..709673.15 rows=195 width=8) (actual time=8565.021..8565.021 rows=13 loops=1)
        Buckets: 1024  Batches: 1  Memory Usage: 9kB
        ->  Nested Loop  (cost=0.43..709673.15 rows=195 width=8) (actual time=4011.772..8565.004 rows=13 loops=1)
              ->  Seq Scan on cast_info ci  (cost=0.00..705507.15 rows=500 width=4) (actual time=4011.703..8563.932 rows=82 loops=1)
                    Filter: (person_id = 2065908)
                    Rows Removed by Filter: 36244262
              ->  Index Scan using title_pkey on title t  (cost=0.43..8.32 rows=1 width=4) (actual time=0.013..0.013 rows=0 loops=82)
                    Index Cond: (id = ci.movie_id)
                    Filter: (kind_id < 7)
                    Rows Removed by Filter: 1
Planning time: 1.218 ms
Execution time: 14606.319 ms
