Seq Scan on movie_companies mc  (cost=0.00..57926.93 rows=504365 width=0) (actual time=0.156..855.178 rows=818297 loops=1)
  Filter: ((company_id > 16708) AND (company_type_id > 1))
  Rows Removed by Filter: 1790832
Planning time: 0.253 ms
Execution time: 958.858 ms
