Hash Join  (cost=83810.17..1025852.69 rows=3588728 width=0) (actual time=1397.095..19683.627 rows=2388434 loops=1)
  Hash Cond: (ci.movie_id = t.id)
  ->  Seq Scan on cast_info ci  (cost=0.00..796071.18 rows=9186947 width=4) (actual time=0.022..14583.632 rows=5568269 loops=1)
        Filter: ((person_id > 971347) AND (role_id < 2))
        Rows Removed by Filter: 30676075
  ->  Hash  (cost=67604.59..67604.59 rows=987727 width=4) (actual time=1394.277..1394.277 rows=985048 loops=1)
        Buckets: 131072  Batches: 16  Memory Usage: 3188kB
        ->  Seq Scan on title t  (cost=0.00..67604.59 rows=987727 width=4) (actual time=0.019..1088.706 rows=985048 loops=1)
              Filter: (kind_id < 7)
              Rows Removed by Filter: 1543264
Planning time: 0.783 ms
Execution time: 19989.245 ms
