Seq Scan on movie_keyword mk  (cost=0.00..81003.12 rows=4056154 width=0) (actual time=0.027..1454.379 rows=4058932 loops=1)
  Filter: (keyword_id < 38281)
  Rows Removed by Filter: 464998
Planning time: 0.333 ms
Execution time: 1976.368 ms
