Hash Join  (cost=74155.14..827571.70 rows=262739 width=0) (actual time=1042.856..17527.884 rows=253572 loops=1)
  Hash Cond: (ci.movie_id = t.id)
  ->  Seq Scan on cast_info ci  (cost=0.00..614943.12 rows=36225612 width=4) (actual time=0.017..7799.423 rows=36244344 loops=1)
  ->  Hash  (cost=73925.90..73925.90 rows=18339 width=4) (actual time=1042.584..1042.584 rows=14449 loops=1)
        Buckets: 32768  Batches: 1  Memory Usage: 764kB
        ->  Seq Scan on title t  (cost=0.00..73925.90 rows=18339 width=4) (actual time=1.923..1036.211 rows=14449 loops=1)
              Filter: ((kind_id < 7) AND (production_year = 1998))
              Rows Removed by Filter: 2513863
Planning time: 1.820 ms
Execution time: 17572.595 ms
