Seq Scan on cast_info ci  (cost=0.00..796071.18 rows=396 width=0) (actual time=9261.694..13300.875 rows=1 loops=1)
  Filter: ((role_id < 8) AND (person_id = 2080240))
  Rows Removed by Filter: 36244343
Planning time: 0.406 ms
Execution time: 13301.009 ms
