Hash Join  (cost=78171.87..146692.77 rows=130960 width=0) (actual time=1357.856..3049.744 rows=149452 loops=1)
  Hash Cond: (mc.movie_id = t.id)
  ->  Seq Scan on movie_companies mc  (cost=0.00..51404.11 rows=1279517 width=4) (actual time=0.020..1040.818 rows=1274246 loops=1)
        Filter: (company_type_id = 1)
        Rows Removed by Filter: 1334883
  ->  Hash  (cost=73925.90..73925.90 rows=258797 width=4) (actual time=1357.076..1357.076 rows=227847 loops=1)
        Buckets: 131072  Batches: 4  Memory Usage: 3032kB
        ->  Seq Scan on title t  (cost=0.00..73925.90 rows=258797 width=4) (actual time=0.014..1274.930 rows=227847 loops=1)
              Filter: ((kind_id < 7) AND (production_year > 2008))
              Rows Removed by Filter: 2300465
Planning time: 0.788 ms
Execution time: 3068.883 ms
