Seq Scan on movie_companies mc  (cost=0.00..57926.93 rows=51 width=0) (actual time=55.004..784.839 rows=11 loops=1)
  Filter: ((company_id = 3345) AND (company_type_id = 1))
  Rows Removed by Filter: 2609118
Planning time: 0.249 ms
Execution time: 784.925 ms
