Seq Scan on movie_keyword mk  (cost=0.00..81003.12 rows=111342 width=0) (actual time=0.031..1064.273 rows=111118 loops=1)
  Filter: (keyword_id > 79931)
  Rows Removed by Filter: 4412812
Planning time: 0.316 ms
Execution time: 1080.244 ms
