Seq Scan on cast_info ci  (cost=0.00..705507.15 rows=23836302 width=0) (actual time=0.037..11901.919 rows=23759504 loops=1)
  Filter: (person_id < 2434656)
  Rows Removed by Filter: 12484840
Planning time: 0.339 ms
Execution time: 14897.818 ms
