Seq Scan on movie_keyword mk  (cost=0.00..81003.12 rows=246 width=0) (actual time=89.728..1176.027 rows=24 loops=1)
  Filter: (keyword_id = 25369)
  Rows Removed by Filter: 4523906
Planning time: 0.385 ms
Execution time: 1176.135 ms
