Hash Join  (cost=121399.90..246494.54 rows=253760 width=0) (actual time=2224.608..6025.193 rows=2009378 loops=1)
  Hash Cond: (mk.movie_id = t.id)
  ->  Seq Scan on movie_keyword mk  (cost=0.00..69693.30 rows=4523930 width=4) (actual time=0.027..1287.160 rows=4523930 loops=1)
  ->  Hash  (cost=119072.00..119072.00 rows=141832 width=8) (actual time=2223.361..2223.361 rows=188982 loops=1)
        Buckets: 131072 (originally 131072)  Batches: 4 (originally 2)  Memory Usage: 3073kB
        ->  Hash Join  (cost=80355.62..119072.00 rows=141832 width=8) (actual time=1153.573..2156.908 rows=188982 loops=1)
              Hash Cond: (mi_idx.movie_id = t.id)
              ->  Seq Scan on movie_info_idx mi_idx  (cost=0.00..25185.44 rows=915101 width=4) (actual time=0.021..501.412 rows=919850 loops=1)
                    Filter: (info_type_id < 101)
                    Rows Removed by Filter: 460185
              ->  Hash  (cost=73925.90..73925.90 rows=391897 width=4) (actual time=1152.691..1152.691 rows=289693 loops=1)
                    Buckets: 131072  Batches: 8  Memory Usage: 2301kB
                    ->  Seq Scan on title t  (cost=0.00..73925.90 rows=391897 width=4) (actual time=0.032..1063.106 rows=289693 loops=1)
                          Filter: ((production_year > 1998) AND (kind_id = 1))
                          Rows Removed by Filter: 2238619
Planning time: 1.455 ms
Execution time: 6269.832 ms
