Hash Join  (cost=161068.97..245886.33 rows=708483 width=0) (actual time=3530.771..6084.617 rows=1930237 loops=1)
  Hash Cond: (mc.movie_id = t.id)
  ->  Seq Scan on movie_companies mc  (cost=0.00..44881.29 rows=2609129 width=4) (actual time=0.027..841.294 rows=2609129 loops=1)
  ->  Hash  (cost=149803.51..149803.51 rows=686597 width=8) (actual time=3529.710..3529.710 rows=677760 loops=1)
        Buckets: 131072  Batches: 16  Memory Usage: 2682kB
        ->  Hash Join  (cost=98595.81..149803.51 rows=686597 width=8) (actual time=1820.450..3316.605 rows=677760 loops=1)
              Hash Cond: (mi_idx.movie_id = t.id)
              ->  Seq Scan on movie_info_idx mi_idx  (cost=0.00..25185.44 rows=919057 width=4) (actual time=0.018..492.661 rows=920110 loops=1)
                    Filter: (info_type_id > 99)
                    Rows Removed by Filter: 459925
              ->  Hash  (cost=67604.59..67604.59 rows=1888978 width=4) (actual time=1818.839..1818.839 rows=1887769 loops=1)
                    Buckets: 131072  Batches: 32  Memory Usage: 3106kB
                    ->  Seq Scan on title t  (cost=0.00..67604.59 rows=1888978 width=4) (actual time=0.017..1230.276 rows=1887769 loops=1)
                          Filter: (production_year > 1983)
                          Rows Removed by Filter: 640543
Planning time: 1.195 ms
Execution time: 6292.716 ms
