Seq Scan on movie_companies mc  (cost=0.00..57926.93 rows=469887 width=0) (actual time=418.563..946.778 rows=792214 loops=1)
  Filter: ((company_id > 19493) AND (company_type_id = 2))
  Rows Removed by Filter: 1816915
Planning time: 0.398 ms
Execution time: 1045.594 ms
