Hash Join  (cost=248523.92..725464.48 rows=4139628 width=0) (actual time=6628.074..13629.559 rows=1181465 loops=1)
  Hash Cond: (mi.movie_id = t.id)
  ->  Seq Scan on movie_info mi  (cost=0.00..346232.03 rows=7235534 width=4) (actual time=1482.320..5042.101 rows=7286865 loops=1)
        Filter: (info_type_id < 8)
        Rows Removed by Filter: 7548855
  ->  Hash  (cost=224790.01..224790.01 rows=1446633 width=8) (actual time=5125.041..5125.041 rows=359065 loops=1)
        Buckets: 131072  Batches: 32  Memory Usage: 1464kB
        ->  Hash Join  (cost=92883.59..224790.01 rows=1446633 width=8) (actual time=3504.495..5014.955 rows=359065 loops=1)
              Hash Cond: (mk.movie_id = t.id)
              ->  Seq Scan on movie_keyword mk  (cost=0.00..81003.12 rows=2373994 width=4) (actual time=0.031..1472.489 rows=2367384 loops=1)
                    Filter: (keyword_id > 4089)
                    Rows Removed by Filter: 2156546
              ->  Hash  (cost=67604.59..67604.59 rows=1540800 width=4) (actual time=1880.076..1880.076 rows=1543264 loops=1)
                    Buckets: 131072  Batches: 32  Memory Usage: 2728kB
                    ->  Seq Scan on title t  (cost=0.00..67604.59 rows=1540800 width=4) (actual time=0.025..1137.624 rows=1543264 loops=1)
                          Filter: (kind_id = 7)
                          Rows Removed by Filter: 985048
Planning time: 1.103 ms
Execution time: 13759.731 ms
