Hash Join  (cost=454797.89..583519.66 rows=551473 width=0) (actual time=7278.836..15343.282 rows=18331360 loops=1)
  Hash Cond: (mk.movie_id = t.id)
  ->  Seq Scan on movie_keyword mk  (cost=0.00..69693.30 rows=4523930 width=4) (actual time=0.017..1345.571 rows=4523930 loops=1)
  ->  Hash  (cost=449740.00..449740.00 rows=308231 width=8) (actual time=7276.516..7276.516 rows=394187 loops=1)
        Buckets: 131072  Batches: 8  Memory Usage: 3005kB
        ->  Hash Join  (cost=88359.31..449740.00 rows=308231 width=8) (actual time=4336.467..7151.925 rows=394187 loops=1)
              Hash Cond: (mi.movie_id = t.id)
              ->  Seq Scan on movie_info mi  (cost=0.00..346232.03 rows=616095 width=4) (actual time=2787.529..5027.375 rows=598457 loops=1)
                    Filter: (info_type_id = 15)
                    Rows Removed by Filter: 14237263
              ->  Hash  (cost=67604.59..67604.59 rows=1265018 width=4) (actual time=1505.224..1505.224 rows=1263700 loops=1)
                    Buckets: 131072  Batches: 32  Memory Usage: 2419kB
                    ->  Seq Scan on title t  (cost=0.00..67604.59 rows=1265018 width=4) (actual time=0.033..1086.778 rows=1263700 loops=1)
                          Filter: (production_year < 2004)
                          Rows Removed by Filter: 1264612
Planning time: 1.050 ms
Execution time: 17515.375 ms
