Hash Join  (cost=197332.20..1428000.76 rows=13760109 width=0) (actual time=4205.322..38239.254 rows=11806740 loops=1)
  Hash Cond: (ci.movie_id = t.id)
  ->  Seq Scan on cast_info ci  (cost=0.00..705507.15 rows=33164086 width=4) (actual time=0.014..16162.644 rows=33265220 loops=1)
        Filter: (person_id > 289634)
        Rows Removed by Filter: 2979124
  ->  Hash  (cost=180119.31..180119.31 rows=1049111 width=8) (actual time=4204.203..4204.203 rows=494102 loops=1)
        Buckets: 131072  Batches: 16  Memory Usage: 2221kB
        ->  Hash Join  (cost=90606.68..180119.31 rows=1049111 width=8) (actual time=2072.854..4051.914 rows=494102 loops=1)
              Hash Cond: (mc.movie_id = t.id)
              ->  Seq Scan on movie_companies mc  (cost=0.00..44881.29 rows=2609129 width=4) (actual time=0.029..905.978 rows=2609129 loops=1)
              ->  Hash  (cost=73925.90..73925.90 rows=1016702 width=4) (actual time=1582.925..1582.925 rows=960113 loops=1)
                    Buckets: 131072  Batches: 16  Memory Usage: 3135kB
                    ->  Seq Scan on title t  (cost=0.00..73925.90 rows=1016702 width=4) (actual time=3.160..1281.175 rows=960113 loops=1)
                          Filter: ((production_year < 2008) AND (kind_id = 7))
                          Rows Removed by Filter: 1568199
Planning time: 1.285 ms
Execution time: 39513.924 ms
