Seq Scan on cast_info ci  (cost=0.00..705507.15 rows=35009762 width=0) (actual time=0.034..11011.672 rows=35002244 loops=1)
  Filter: (person_id < 3821535)
  Rows Removed by Filter: 1242100
Planning time: 0.326 ms
Execution time: 14889.732 ms
