Hash Join  (cost=132876.29..1057416.69 rows=1384416 width=0) (actual time=12348.961..21363.174 rows=2617036 loops=1)
  Hash Cond: (ci.movie_id = t.id)
  ->  Seq Scan on cast_info ci  (cost=0.00..796071.18 rows=9792548 width=4) (actual time=9595.604..14833.386 rows=5657238 loops=1)
        Filter: ((person_id < 2946208) AND (role_id > 3))
        Rows Removed by Filter: 30587106
  ->  Hash  (cost=127010.93..127010.93 rows=357469 width=8) (actual time=2752.111..2752.111 rows=636038 loops=1)
        Buckets: 131072 (originally 131072)  Batches: 16 (originally 8)  Memory Usage: 3073kB
        ->  Hash Join  (cost=83810.17..127010.93 rows=357469 width=8) (actual time=1269.900..2554.901 rows=636038 loops=1)
              Hash Cond: (mi_idx.movie_id = t.id)
              ->  Seq Scan on movie_info_idx mi_idx  (cost=0.00..25185.44 rows=915101 width=4) (actual time=0.032..483.335 rows=919850 loops=1)
                    Filter: (info_type_id < 101)
                    Rows Removed by Filter: 460185
              ->  Hash  (cost=67604.59..67604.59 rows=987727 width=4) (actual time=1268.844..1268.844 rows=985048 loops=1)
                    Buckets: 131072  Batches: 16  Memory Usage: 3188kB
                    ->  Seq Scan on title t  (cost=0.00..67604.59 rows=987727 width=4) (actual time=0.021..956.498 rows=985048 loops=1)
                          Filter: (kind_id < 7)
                          Rows Removed by Filter: 1543264
Planning time: 1.197 ms
Execution time: 21687.080 ms
