Seq Scan on movie_keyword mk  (cost=0.00..81003.12 rows=246 width=0) (actual time=1.363..1157.735 rows=665 loops=1)
  Filter: (keyword_id = 6929)
  Rows Removed by Filter: 4523265
Planning time: 0.367 ms
Execution time: 1158.077 ms
