Hash Join  (cost=174164.03..1063895.75 rows=3440685 width=0) (actual time=4545.310..23838.381 rows=5392806 loops=1)
  Hash Cond: (ci.movie_id = t.id)
  ->  Seq Scan on cast_info ci  (cost=0.00..705507.15 rows=12726058 width=4) (actual time=812.819..13215.476 rows=12670688 loops=1)
        Filter: (role_id = 1)
        Rows Removed by Filter: 23573656
  ->  Hash  (cost=162947.71..162947.71 rows=683626 width=8) (actual time=3731.542..3731.542 rows=524576 loops=1)
        Buckets: 131072  Batches: 16  Memory Usage: 2280kB
        ->  Hash Join  (cost=78473.92..162947.71 rows=683626 width=8) (actual time=1239.188..3567.464 rows=524576 loops=1)
              Hash Cond: (mc.movie_id = t.id)
              ->  Seq Scan on movie_companies mc  (cost=0.00..44881.29 rows=2609129 width=4) (actual time=0.021..829.229 rows=2609129 loops=1)
              ->  Hash  (cost=67604.59..67604.59 rows=662507 width=4) (actual time=1238.074..1238.074 rows=662065 loops=1)
                    Buckets: 131072  Batches: 16  Memory Usage: 2481kB
                    ->  Seq Scan on title t  (cost=0.00..67604.59 rows=662507 width=4) (actual time=0.018..1021.422 rows=662065 loops=1)
                          Filter: (production_year > 2008)
                          Rows Removed by Filter: 1866247
Planning time: 4.239 ms
Execution time: 24439.688 ms
