Seq Scan on cast_info ci  (cost=0.00..796071.18 rows=396 width=0) (actual time=12432.279..14848.232 rows=8 loops=1)
  Filter: ((role_id < 8) AND (person_id = 2707956))
  Rows Removed by Filter: 36244336
Planning time: 0.853 ms
Execution time: 14848.341 ms
