Seq Scan on movie_keyword mk  (cost=0.00..81003.12 rows=3398875 width=0) (actual time=0.027..1418.645 rows=3389899 loops=1)
  Filter: (keyword_id > 1250)
  Rows Removed by Filter: 1134031
Planning time: 0.825 ms
Execution time: 1850.055 ms
