Hash Join  (cost=193121.98..1367886.47 rows=13721932 width=0) (actual time=4702.783..38025.601 rows=18446440 loops=1)
  Hash Cond: (ci.movie_id = t.id)
  ->  Seq Scan on cast_info ci  (cost=0.00..614943.12 rows=36225612 width=4) (actual time=0.015..11590.031 rows=36244344 loops=1)
  ->  Hash  (cost=177407.70..177407.70 rows=957783 width=8) (actual time=4702.059..4702.059 rows=619093 loops=1)
        Buckets: 131072  Batches: 16  Memory Usage: 2510kB
        ->  Hash Join  (cost=89154.34..177407.70 rows=957783 width=8) (actual time=2176.501..4538.246 rows=619093 loops=1)
              Hash Cond: (mc.movie_id = t.id)
              ->  Seq Scan on movie_companies mc  (cost=0.00..44881.29 rows=2609129 width=4) (actual time=0.010..854.359 rows=2609129 loops=1)
              ->  Hash  (cost=73925.90..73925.90 rows=928195 width=4) (actual time=2175.623..2175.623 rows=1004724 loops=1)
                    Buckets: 131072  Batches: 16  Memory Usage: 3239kB
                    ->  Seq Scan on title t  (cost=0.00..73925.90 rows=928195 width=4) (actual time=0.013..1239.789 rows=1004724 loops=1)
                          Filter: ((kind_id > 1) AND (production_year > 2002))
                          Rows Removed by Filter: 1523588
Planning time: 0.756 ms
Execution time: 40124.967 ms
