Hash Join  (cost=102767.86..186611.79 rows=666523 width=0) (actual time=1697.338..3944.665 rows=906715 loops=1)
  Hash Cond: (mc.movie_id = t.id)
  ->  Seq Scan on movie_companies mc  (cost=0.00..57926.93 rows=666523 width=4) (actual time=69.874..998.166 rows=906715 loops=1)
        Filter: ((company_id < 11527) AND (company_type_id = 1))
        Rows Removed by Filter: 1702414
  ->  Hash  (cost=61283.27..61283.27 rows=2528527 width=4) (actual time=1626.261..1626.261 rows=2528312 loops=1)
        Buckets: 131072  Batches: 64  Memory Usage: 2415kB
        ->  Seq Scan on title t  (cost=0.00..61283.27 rows=2528527 width=4) (actual time=0.021..854.188 rows=2528312 loops=1)
Planning time: 0.682 ms
Execution time: 4043.337 ms
