Nested Loop  (cost=0.43..52284.21 rows=38 width=0) (actual time=1.331..680.767 rows=233 loops=1)
  ->  Seq Scan on movie_companies mc  (cost=0.00..51404.11 rows=104 width=4) (actual time=0.465..675.508 rows=315 loops=1)
        Filter: (company_id = 727)
        Rows Removed by Filter: 2608814
  ->  Index Scan using title_pkey on title t  (cost=0.43..8.45 rows=1 width=4) (actual time=0.016..0.016 rows=1 loops=315)
        Index Cond: (id = mc.movie_id)
        Filter: ((kind_id > 1) AND (production_year > 2002))
        Rows Removed by Filter: 0
Planning time: 0.652 ms
Execution time: 680.930 ms
