Hash Join  (cost=80549.28..136208.22 rows=32485 width=0) (actual time=1185.307..2020.136 rows=17130 loops=1)
  Hash Cond: (mc.movie_id = t.id)
  ->  Seq Scan on movie_companies mc  (cost=0.00..51404.11 rows=203460 width=4) (actual time=0.042..727.002 rows=203291 loops=1)
        Filter: (company_id < 67)
        Rows Removed by Filter: 2405838
  ->  Hash  (cost=73925.90..73925.90 rows=403710 width=4) (actual time=1120.843..1120.843 rows=434218 loops=1)
        Buckets: 131072  Batches: 8  Memory Usage: 2935kB
        ->  Seq Scan on title t  (cost=0.00..73925.90 rows=403710 width=4) (actual time=0.024..982.732 rows=434218 loops=1)
              Filter: ((production_year > 2008) AND (kind_id = 7))
              Rows Removed by Filter: 2094094
Planning time: 3.293 ms
Execution time: 2022.744 ms
