Hash Join  (cost=226220.31..1420895.36 rows=9646513 width=0) (actual time=4568.772..35139.860 rows=2999290 loops=1)
  Hash Cond: (ci.movie_id = t.id)
  ->  Seq Scan on cast_info ci  (cost=0.00..705507.15 rows=30405364 width=4) (actual time=0.013..15129.945 rows=30511650 loops=1)
        Filter: (role_id < 9)
        Rows Removed by Filter: 5732694
  ->  Hash  (cost=213058.70..213058.70 rows=802209 width=8) (actual time=4565.397..4565.397 rows=163551 loops=1)
        Buckets: 131072  Batches: 16  Memory Usage: 1400kB
        ->  Hash Join  (cost=81282.57..213058.70 rows=802209 width=8) (actual time=3434.723..4517.478 rows=163551 loops=1)
              Hash Cond: (mk.movie_id = t.id)
              ->  Seq Scan on movie_keyword mk  (cost=0.00..69693.30 rows=4523930 width=4) (actual time=0.018..1316.724 rows=4523930 loops=1)
              ->  Hash  (cost=73925.90..73925.90 rows=448373 width=4) (actual time=1067.587..1067.587 rows=329492 loops=1)
                    Buckets: 131072  Batches: 8  Memory Usage: 2467kB
                    ->  Seq Scan on title t  (cost=0.00..73925.90 rows=448373 width=4) (actual time=259.809..963.556 rows=329492 loops=1)
                          Filter: ((production_year < 1992) AND (kind_id = 7))
                          Rows Removed by Filter: 2198820
Planning time: 1.215 ms
Execution time: 35493.937 ms
