Hash Join  (cost=141586.33..896331.89 rows=151569 width=0) (actual time=2018.225..16620.233 rows=113180 loops=1)
  Hash Cond: (ci.movie_id = t.id)
  ->  Seq Scan on cast_info ci  (cost=0.00..705507.15 rows=12726058 width=4) (actual time=0.012..11924.270 rows=12670688 loops=1)
        Filter: (role_id = 1)
        Rows Removed by Filter: 23573656
  ->  Hash  (cost=141209.90..141209.90 rows=30115 width=8) (actual time=2017.384..2017.384 rows=23084 loops=1)
        Buckets: 32768  Batches: 1  Memory Usage: 1158kB
        ->  Hash Join  (cost=76277.08..141209.90 rows=30115 width=8) (actual time=1010.431..2010.092 rows=23084 loops=1)
              Hash Cond: (mc.movie_id = t.id)
              ->  Seq Scan on movie_companies mc  (cost=0.00..57926.93 rows=531395 width=4) (actual time=0.012..508.877 rows=741128 loops=1)
                    Filter: ((company_id < 6893) AND (company_type_id < 2))
                    Rows Removed by Filter: 1868001
              ->  Hash  (cost=73925.90..73925.90 rows=143294 width=4) (actual time=1009.401..1009.401 rows=39745 loops=1)
                    Buckets: 131072  Batches: 2  Memory Usage: 1721kB
                    ->  Seq Scan on title t  (cost=0.00..73925.90 rows=143294 width=4) (actual time=297.668..990.883 rows=39745 loops=1)
                          Filter: ((production_year < 1959) AND (kind_id = 7))
                          Rows Removed by Filter: 2488567
Planning time: 1.159 ms
Execution time: 16636.425 ms
