Hash Join  (cost=102767.86..244961.25 rows=2132447 width=0) (actual time=1819.131..5145.673 rows=2132516 loops=1)
  Hash Cond: (mk.movie_id = t.id)
  ->  Seq Scan on movie_keyword mk  (cost=0.00..81003.12 rows=2132447 width=4) (actual time=0.020..1423.378 rows=2132516 loops=1)
        Filter: (keyword_id > 5545)
        Rows Removed by Filter: 2391414
  ->  Hash  (cost=61283.27..61283.27 rows=2528527 width=4) (actual time=1816.839..1816.839 rows=2528312 loops=1)
        Buckets: 131072  Batches: 64  Memory Usage: 2425kB
        ->  Seq Scan on title t  (cost=0.00..61283.27 rows=2528527 width=4) (actual time=0.013..954.628 rows=2528312 loops=1)
Planning time: 0.725 ms
Execution time: 5377.655 ms
