Hash Join  (cost=190230.21..298941.34 rows=715614 width=0) (actual time=4276.866..7415.931 rows=2962139 loops=1)
  Hash Cond: (mk.movie_id = t.id)
  ->  Seq Scan on movie_keyword mk  (cost=0.00..81003.12 rows=1311162 width=4) (actual time=0.020..1283.475 rows=1322195 loops=1)
        Filter: (keyword_id > 13091)
        Rows Removed by Filter: 3201735
  ->  Hash  (cost=167588.78..167588.78 rows=1380035 width=8) (actual time=4275.033..4275.033 rows=1380035 loops=1)
        Buckets: 131072  Batches: 32  Memory Usage: 2726kB
        ->  Hash Join  (cost=102767.86..167588.78 rows=1380035 width=8) (actual time=1841.608..3858.156 rows=1380035 loops=1)
              Hash Cond: (mi_idx.movie_id = t.id)
              ->  Seq Scan on movie_info_idx mi_idx  (cost=0.00..21735.35 rows=1380035 width=4) (actual time=0.020..480.400 rows=1380035 loops=1)
              ->  Hash  (cost=61283.27..61283.27 rows=2528527 width=4) (actual time=1839.767..1839.767 rows=2528312 loops=1)
                    Buckets: 131072  Batches: 64  Memory Usage: 2415kB
                    ->  Seq Scan on title t  (cost=0.00..61283.27 rows=2528527 width=4) (actual time=0.021..991.048 rows=2528312 loops=1)
Planning time: 1.044 ms
Execution time: 7786.668 ms
