Hash Join  (cost=156487.41..1107108.82 rows=2080431 width=0) (actual time=6949.970..19694.734 rows=2089839 loops=1)
  Hash Cond: (ci.movie_id = t.id)
  ->  Seq Scan on cast_info ci  (cost=0.00..796071.18 rows=11411446 width=4) (actual time=3720.659..12443.722 rows=4878406 loops=1)
        Filter: ((person_id < 1726980) AND (role_id > 1))
        Rows Removed by Filter: 31365938
  ->  Hash  (cost=148924.19..148924.19 rows=460978 width=8) (actual time=3225.797..3225.797 rows=459925 loops=1)
        Buckets: 131072  Batches: 8  Memory Usage: 3275kB
        ->  Hash Join  (cost=102767.86..148924.19 rows=460978 width=8) (actual time=1912.038..3098.428 rows=459925 loops=1)
              Hash Cond: (mi_idx.movie_id = t.id)
              ->  Seq Scan on movie_info_idx mi_idx  (cost=0.00..25185.44 rows=460978 width=4) (actual time=0.031..469.632 rows=459925 loops=1)
                    Filter: (info_type_id < 100)
                    Rows Removed by Filter: 920110
              ->  Hash  (cost=61283.27..61283.27 rows=2528527 width=4) (actual time=1910.338..1910.338 rows=2528312 loops=1)
                    Buckets: 131072  Batches: 64  Memory Usage: 2415kB
                    ->  Seq Scan on title t  (cost=0.00..61283.27 rows=2528527 width=4) (actual time=0.020..1077.449 rows=2528312 loops=1)
Planning time: 1.144 ms
Execution time: 19959.631 ms
