Hash Join  (cost=220354.74..769232.67 rows=4746709 width=0) (actual time=4792.827..25944.312 rows=44889740 loops=1)
  Hash Cond: (mi.movie_id = t.id)
  ->  Seq Scan on movie_info mi  (cost=0.00..309384.22 rows=14739122 width=4) (actual time=0.017..5384.459 rows=14835720 loops=1)
  ->  Hash  (cost=206994.89..206994.89 rows=814308 width=8) (actual time=4791.567..4791.567 rows=1144122 loops=1)
        Buckets: 131072  Batches: 16  Memory Usage: 3954kB
        ->  Hash Join  (cost=75071.77..206994.89 rows=814308 width=8) (actual time=1155.354..4489.799 rows=1144122 loops=1)
              Hash Cond: (mk.movie_id = t.id)
              ->  Seq Scan on movie_keyword mk  (cost=0.00..69693.30 rows=4523930 width=4) (actual time=0.013..1241.608 rows=4523930 loops=1)
              ->  Hash  (cost=67604.59..67604.59 rows=455135 width=4) (actual time=1154.464..1154.464 rows=451569 loops=1)
                    Buckets: 131072  Batches: 8  Memory Usage: 3010kB
                    ->  Seq Scan on title t  (cost=0.00..67604.59 rows=455135 width=4) (actual time=0.017..1001.806 rows=451569 loops=1)
                          Filter: (production_year < 1976)
                          Rows Removed by Filter: 2076743
Planning time: 1.729 ms
Execution time: 30572.924 ms
