Hash Join  (cost=81573.24..513161.32 rows=1148639 width=0) (actual time=1152.661..10129.743 rows=1601648 loops=1)
  Hash Cond: (mi.movie_id = t.id)
  ->  Seq Scan on movie_info mi  (cost=0.00..346232.03 rows=6231111 width=4) (actual time=0.018..5565.433 rows=6223494 loops=1)
        Filter: (info_type_id > 8)
        Rows Removed by Filter: 8612226
  ->  Hash  (cost=73925.90..73925.90 rows=466107 width=4) (actual time=1148.893..1148.893 rows=396359 loops=1)
        Buckets: 131072  Batches: 8  Memory Usage: 2769kB
        ->  Seq Scan on title t  (cost=0.00..73925.90 rows=466107 width=4) (actual time=0.018..1017.806 rows=396359 loops=1)
              Filter: ((kind_id < 7) AND (production_year > 2003))
              Rows Removed by Filter: 2131953
Planning time: 0.675 ms
Execution time: 10317.210 ms
