Seq Scan on movie_keyword mk  (cost=0.00..81003.12 rows=246 width=0) (actual time=0.841..1269.064 rows=618 loops=1)
  Filter: (keyword_id = 6830)
  Rows Removed by Filter: 4523312
Planning time: 0.446 ms
Execution time: 1269.440 ms
