Hash Join  (cost=263115.61..423240.74 rows=2917247 width=0) (actual time=6029.697..14085.644 rows=21377425 loops=1)
  Hash Cond: (mk.movie_id = t.id)
  ->  Seq Scan on movie_keyword mk  (cost=0.00..81003.12 rows=2827127 width=4) (actual time=0.013..1628.615 rows=2814954 loops=1)
        Filter: (keyword_id < 8412)
        Rows Removed by Filter: 1708976
  ->  Hash  (cost=220309.49..220309.49 rows=2609129 width=8) (actual time=6027.722..6027.722 rows=2609129 loops=1)
        Buckets: 131072  Batches: 64  Memory Usage: 2691kB
        ->  Hash Join  (cost=102767.86..220309.49 rows=2609129 width=8) (actual time=1674.065..5225.726 rows=2609129 loops=1)
              Hash Cond: (mc.movie_id = t.id)
              ->  Seq Scan on movie_companies mc  (cost=0.00..44881.29 rows=2609129 width=4) (actual time=0.021..928.496 rows=2609129 loops=1)
              ->  Hash  (cost=61283.27..61283.27 rows=2528527 width=4) (actual time=1672.878..1672.878 rows=2528312 loops=1)
                    Buckets: 131072  Batches: 64  Memory Usage: 2415kB
                    ->  Seq Scan on title t  (cost=0.00..61283.27 rows=2528527 width=4) (actual time=0.021..835.851 rows=2528312 loops=1)
Planning time: 1.111 ms
Execution time: 16397.000 ms
