Hash Join  (cost=320827.76..1024722.11 rows=16656666 width=0) (actual time=7262.733..56176.168 rows=165324523 loops=1)
  Hash Cond: (mi.movie_id = t.id)
  ->  Seq Scan on movie_info mi  (cost=0.00..346232.03 rows=12665229 width=4) (actual time=0.030..6611.909 rows=12744652 loops=1)
        Filter: (info_type_id > 2)
        Rows Removed by Filter: 2091068
  ->  Hash  (cost=266270.39..266270.39 rows=3325390 width=8) (actual time=7261.629..7261.629 rows=2993112 loops=1)
        Buckets: 131072  Batches: 64  Memory Usage: 2913kB
        ->  Hash Join  (cost=98098.54..266270.39 rows=3325390 width=8) (actual time=1894.998..6335.021 rows=2993112 loops=1)
              Hash Cond: (mk.movie_id = t.id)
              ->  Seq Scan on movie_keyword mk  (cost=0.00..69693.30 rows=4523930 width=4) (actual time=0.024..1248.269 rows=4523930 loops=1)
              ->  Hash  (cost=67604.59..67604.59 rows=1858636 width=4) (actual time=1893.795..1893.795 rows=1852807 loops=1)
                    Buckets: 131072  Batches: 32  Memory Usage: 3075kB
                    ->  Seq Scan on title t  (cost=0.00..67604.59 rows=1858636 width=4) (actual time=0.017..1274.424 rows=1852807 loops=1)
                          Filter: (production_year > 1985)
                          Rows Removed by Filter: 675505
Planning time: 1.170 ms
Execution time: 73205.563 ms
