Hash Join  (cost=115016.89..202692.59 rows=101767 width=0) (actual time=2039.013..3823.862 rows=146169 loops=1)
  Hash Cond: (mk.movie_id = t.id)
  ->  Seq Scan on movie_keyword mk  (cost=0.00..69693.30 rows=4523930 width=4) (actual time=0.019..909.305 rows=4523930 loops=1)
  ->  Hash  (cost=114305.89..114305.89 rows=56880 width=8) (actual time=2037.987..2037.987 rows=34152 loops=1)
        Buckets: 65536  Batches: 1  Memory Usage: 1847kB
        ->  Hash Join  (cost=75636.60..114305.89 rows=56880 width=8) (actual time=1147.494..2021.014 rows=34152 loops=1)
              Hash Cond: (mi_idx.movie_id = t.id)
              ->  Seq Scan on movie_info_idx mi_idx  (cost=0.00..21735.35 rows=1380035 width=4) (actual time=0.020..397.014 rows=1380035 loops=1)
              ->  Hash  (cost=73925.90..73925.90 rows=104216 width=4) (actual time=1146.754..1146.754 rows=108513 loops=1)
                    Buckets: 131072  Batches: 2  Memory Usage: 2931kB
                    ->  Seq Scan on title t  (cost=0.00..73925.90 rows=104216 width=4) (actual time=0.021..1106.955 rows=108513 loops=1)
                          Filter: ((kind_id > 1) AND (production_year = 2010))
                          Rows Removed by Filter: 2419799
Planning time: 1.152 ms
Execution time: 3842.814 ms
