Hash Join  (cost=58375.85..405224.49 rows=3 width=0) (actual time=933.279..5855.461 rows=3 loops=1)
  Hash Cond: (mi.movie_id = t.id)
  ->  Seq Scan on movie_info mi  (cost=0.00..346232.03 rows=164423 width=4) (actual time=0.107..5009.626 rows=197754 loops=1)
        Filter: (info_type_id > 106)
        Rows Removed by Filter: 14637966
  ->  Hash  (cost=58375.18..58375.18 rows=53 width=8) (actual time=817.040..817.040 rows=181 loops=1)
        Buckets: 1024  Batches: 1  Memory Usage: 16kB
        ->  Nested Loop  (cost=0.43..58375.18 rows=53 width=8) (actual time=141.240..816.909 rows=181 loops=1)
              ->  Seq Scan on movie_companies mc  (cost=0.00..57926.93 rows=53 width=4) (actual time=141.136..810.324 rows=181 loops=1)
                    Filter: ((company_type_id > 1) AND (company_id = 20633))
                    Rows Removed by Filter: 2608948
              ->  Index Only Scan using title_pkey on title t  (cost=0.43..8.45 rows=1 width=4) (actual time=0.034..0.035 rows=1 loops=181)
                    Index Cond: (id = mc.movie_id)
                    Heap Fetches: 181
Planning time: 1.146 ms
Execution time: 5855.590 ms
