Hash Join  (cost=112892.51..303667.34 rows=2984588 width=106) (actual time=2265.519..7349.648 rows=1203219 loops=1)
  Hash Cond: (mk.movie_id = t.id)
  ->  Seq Scan on movie_keyword mk  (cost=0.00..69693.30 rows=4523930 width=12) (actual time=0.019..1414.873 rows=4523930 loops=1)
  ->  Hash  (cost=67604.59..67604.59 rows=1668154 width=94) (actual time=2264.033..2264.033 rows=1674098 loops=1)
        Buckets: 32768  Batches: 64  Memory Usage: 3256kB
        ->  Seq Scan on title t  (cost=0.00..67604.59 rows=1668154 width=94) (actual time=0.007..1482.624 rows=1674098 loops=1)
              Filter: (kind_id > 3)
              Rows Removed by Filter: 854214
Planning time: 0.858 ms
Execution time: 7413.373 ms
