Seq Scan on cast_info ci  (cost=0.00..796071.18 rows=533259 width=0) (actual time=2302.241..13656.759 rows=616487 loops=1)
  Filter: ((person_id > 927660) AND (role_id = 6))
  Rows Removed by Filter: 35627857
Planning time: 0.397 ms
Execution time: 13723.310 ms
