Seq Scan on movie_keyword mk  (cost=0.00..81003.12 rows=1181262 width=0) (actual time=0.043..1273.116 rows=1189079 loops=1)
  Filter: (keyword_id < 1418)
  Rows Removed by Filter: 3334851
Planning time: 0.311 ms
Execution time: 1421.424 ms
