Hash Join  (cost=52284.99..431677.79 rows=364 width=0) (actual time=811.837..6957.298 rows=3778 loops=1)
  Hash Cond: (mi.movie_id = t.id)
  ->  Seq Scan on movie_info mi  (cost=0.00..346232.03 rows=8841901 width=4) (actual time=0.027..4834.554 rows=8950757 loops=1)
        Filter: (info_type_id > 6)
        Rows Removed by Filter: 5884963
  ->  Hash  (cost=52283.69..52283.69 rows=104 width=8) (actual time=802.849..802.849 rows=788 loops=1)
        Buckets: 1024  Batches: 1  Memory Usage: 39kB
        ->  Nested Loop  (cost=0.43..52283.69 rows=104 width=8) (actual time=1.379..802.365 rows=788 loops=1)
              ->  Seq Scan on movie_companies mc  (cost=0.00..51404.11 rows=104 width=4) (actual time=1.312..784.869 rows=788 loops=1)
                    Filter: (company_id = 16708)
                    Rows Removed by Filter: 2608341
              ->  Index Only Scan using title_pkey on title t  (cost=0.43..8.45 rows=1 width=4) (actual time=0.021..0.021 rows=1 loops=788)
                    Index Cond: (id = mc.movie_id)
                    Heap Fetches: 788
Planning time: 1.193 ms
Execution time: 6958.572 ms
