Seq Scan on movie_keyword mk  (cost=0.00..81003.12 rows=4418176 width=0) (actual time=0.021..1512.414 rows=4419572 loops=1)
  Filter: (keyword_id < 81269)
  Rows Removed by Filter: 104358
Planning time: 2.608 ms
Execution time: 2074.197 ms
