Seq Scan on cast_info ci  (cost=0.00..796071.18 rows=207149 width=0) (actual time=10226.775..12978.232 rows=77030 loops=1)
  Filter: ((person_id < 2153010) AND (role_id > 10))
  Rows Removed by Filter: 36167314
Planning time: 0.258 ms
Execution time: 12988.175 ms
