Seq Scan on movie_keyword mk  (cost=0.00..81003.12 rows=2403058 width=0) (actual time=0.020..1391.841 rows=2406208 loops=1)
  Filter: (keyword_id < 5613)
  Rows Removed by Filter: 2117722
Planning time: 0.326 ms
Execution time: 1695.505 ms
