Hash Join  (cost=75831.78..152533.83 rows=119853 width=0) (actual time=1253.052..3476.505 rows=524515 loops=1)
  Hash Cond: (mc.movie_id = t.id)
  ->  Seq Scan on movie_companies mc  (cost=0.00..44881.29 rows=2609129 width=4) (actual time=0.005..864.828 rows=2609129 loops=1)
  ->  Hash  (cost=73925.90..73925.90 rows=116150 width=4) (actual time=1252.406..1252.406 rows=248210 loops=1)
        Buckets: 131072 (originally 131072)  Batches: 4 (originally 2)  Memory Usage: 3207kB
        ->  Seq Scan on title t  (cost=0.00..73925.90 rows=116150 width=4) (actual time=0.015..1165.186 rows=248210 loops=1)
              Filter: ((production_year < 1975) AND (kind_id = 1))
              Rows Removed by Filter: 2280102
Planning time: 0.568 ms
Execution time: 3548.037 ms
