Hash Join  (cost=52284.00..410021.80 rows=5 width=0) (actual time=1270.565..6254.328 rows=25 loops=1)
  Hash Cond: (mi.movie_id = t.id)
  ->  Seq Scan on movie_info mi  (cost=0.00..346232.03 rows=3068194 width=4) (actual time=543.199..5110.086 rows=3036719 loops=1)
        Filter: (info_type_id = 16)
        Rows Removed by Filter: 11799001
  ->  Hash  (cost=52283.95..52283.95 rows=4 width=8) (actual time=726.645..726.645 rows=22 loops=1)
        Buckets: 1024  Batches: 1  Memory Usage: 9kB
        ->  Nested Loop  (cost=0.43..52283.95 rows=4 width=8) (actual time=24.046..726.609 rows=22 loops=1)
              ->  Seq Scan on movie_companies mc  (cost=0.00..51404.11 rows=104 width=4) (actual time=23.977..718.112 rows=214 loops=1)
                    Filter: (company_id = 71)
                    Rows Removed by Filter: 2608915
              ->  Index Scan using title_pkey on title t  (cost=0.43..8.45 rows=1 width=4) (actual time=0.038..0.038 rows=0 loops=214)
                    Index Cond: (id = mc.movie_id)
                    Filter: (kind_id = 2)
                    Rows Removed by Filter: 1
Planning time: 2.288 ms
Execution time: 6254.477 ms
