Seq Scan on cast_info ci  (cost=0.00..796071.18 rows=10926819 width=0) (actual time=0.014..13364.414 rows=12670688 loops=1)
  Filter: ((person_id < 3147074) AND (role_id < 2))
  Rows Removed by Filter: 23573656
Planning time: 0.375 ms
Execution time: 14785.305 ms
