Hash Join  (cost=85456.44..1130738.11 rows=6531319 width=0) (actual time=1558.623..30406.070 rows=6977638 loops=1)
  Hash Cond: (ci.movie_id = t.id)
  ->  Seq Scan on cast_info ci  (cost=0.00..705507.15 rows=23499554 width=4) (actual time=0.026..15020.088 rows=23573656 loops=1)
        Filter: (role_id > 1)
        Rows Removed by Filter: 12670688
  ->  Hash  (cost=73925.90..73925.90 rows=702763 width=4) (actual time=1557.787..1557.787 rows=726953 loops=1)
        Buckets: 131072  Batches: 16  Memory Usage: 2621kB
        ->  Seq Scan on title t  (cost=0.00..73925.90 rows=702763 width=4) (actual time=0.018..1081.896 rows=726953 loops=1)
              Filter: ((kind_id < 4) AND (production_year < 2011))
              Rows Removed by Filter: 1801359
Planning time: 0.675 ms
Execution time: 31188.187 ms
