Hash Join  (cost=102767.86..246692.30 rows=2204389 width=0) (actual time=1773.471..5691.839 rows=2202944 loops=1)
  Hash Cond: (mk.movie_id = t.id)
  ->  Seq Scan on movie_keyword mk  (cost=0.00..81003.12 rows=2204389 width=4) (actual time=0.014..1452.811 rows=2202944 loops=1)
        Filter: (keyword_id > 5063)
        Rows Removed by Filter: 2320986
  ->  Hash  (cost=61283.27..61283.27 rows=2528527 width=4) (actual time=1770.750..1770.750 rows=2528312 loops=1)
        Buckets: 131072  Batches: 64  Memory Usage: 2425kB
        ->  Seq Scan on title t  (cost=0.00..61283.27 rows=2528527 width=4) (actual time=0.010..889.161 rows=2528312 loops=1)
Planning time: 0.708 ms
Execution time: 5970.997 ms
