Hash Join  (cost=156487.41..868483.16 rows=63842 width=0) (actual time=4535.324..14867.069 rows=149328 loops=1)
  Hash Cond: (ci.movie_id = t.id)
  ->  Seq Scan on cast_info ci  (cost=0.00..705507.15 rows=350181 width=4) (actual time=1522.583..11565.652 rows=316118 loops=1)
        Filter: (role_id > 10)
        Rows Removed by Filter: 35928226
  ->  Hash  (cost=148924.19..148924.19 rows=460978 width=8) (actual time=3011.716..3011.716 rows=459925 loops=1)
        Buckets: 131072  Batches: 8  Memory Usage: 3275kB
        ->  Hash Join  (cost=102767.86..148924.19 rows=460978 width=8) (actual time=1588.768..2882.135 rows=459925 loops=1)
              Hash Cond: (mi_idx.movie_id = t.id)
              ->  Seq Scan on movie_info_idx mi_idx  (cost=0.00..25185.44 rows=460978 width=4) (actual time=0.017..494.269 rows=459925 loops=1)
                    Filter: (info_type_id = 99)
                    Rows Removed by Filter: 920110
              ->  Hash  (cost=61283.27..61283.27 rows=2528527 width=4) (actual time=1588.141..1588.141 rows=2528312 loops=1)
                    Buckets: 131072  Batches: 64  Memory Usage: 2415kB
                    ->  Seq Scan on title t  (cost=0.00..61283.27 rows=2528527 width=4) (actual time=6.713..809.139 rows=2528312 loops=1)
Planning time: 2.741 ms
Execution time: 14886.754 ms
