Hash Join  (cost=102767.86..177813.31 rows=300832 width=0) (actual time=1693.811..3380.927 rows=594859 loops=1)
  Hash Cond: (mc.movie_id = t.id)
  ->  Seq Scan on movie_companies mc  (cost=0.00..57926.93 rows=300832 width=4) (actual time=0.024..847.660 rows=594859 loops=1)
        Filter: ((company_id > 68538) AND (company_type_id = 2))
        Rows Removed by Filter: 2014270
  ->  Hash  (cost=61283.27..61283.27 rows=2528527 width=4) (actual time=1692.543..1692.543 rows=2528312 loops=1)
        Buckets: 131072  Batches: 64  Memory Usage: 2415kB
        ->  Seq Scan on title t  (cost=0.00..61283.27 rows=2528527 width=4) (actual time=0.014..842.063 rows=2528312 loops=1)
Planning time: 0.673 ms
Execution time: 3446.285 ms
