Nested Loop  (cost=0.43..796925.64 rows=45 width=0) (actual time=3011.446..10675.919 rows=37 loops=1)
  ->  Seq Scan on cast_info ci  (cost=0.00..796071.18 rows=101 width=4) (actual time=3011.321..10674.839 rows=37 loops=1)
        Filter: ((person_id = 2146517) AND (role_id = 2))
        Rows Removed by Filter: 36244307
  ->  Index Scan using title_pkey on title t  (cost=0.43..8.45 rows=1 width=4) (actual time=0.027..0.027 rows=1 loops=37)
        Index Cond: (id = ci.movie_id)
        Filter: (production_year < 2002)
Planning time: 0.943 ms
Execution time: 10676.067 ms
