Seq Scan on cast_info ci  (cost=0.00..796071.18 rows=279126 width=0) (actual time=72.224..9790.736 rows=93624 loops=1)
  Filter: ((person_id < 41509) AND (role_id > 1))
  Rows Removed by Filter: 36150720
Planning time: 0.354 ms
Execution time: 9803.430 ms
