Hash Join  (cost=92883.59..1201180.66 rows=12788346 width=0) (actual time=1587.644..30279.501 rows=12134254 loops=1)
  Hash Cond: (ci.movie_id = t.id)
  ->  Seq Scan on cast_info ci  (cost=0.00..705507.15 rows=20986292 width=4) (actual time=0.016..13447.984 rows=20859906 loops=1)
        Filter: (person_id < 2102395)
        Rows Removed by Filter: 15384438
  ->  Hash  (cost=67604.59..67604.59 rows=1540800 width=4) (actual time=1586.464..1586.464 rows=1543264 loops=1)
        Buckets: 131072  Batches: 32  Memory Usage: 2722kB
        ->  Seq Scan on title t  (cost=0.00..67604.59 rows=1540800 width=4) (actual time=0.025..1068.817 rows=1543264 loops=1)
              Filter: (kind_id = 7)
              Rows Removed by Filter: 985048
Planning time: 0.800 ms
Execution time: 31752.964 ms
