Seq Scan on movie_keyword mk  (cost=0.00..81003.12 rows=62629 width=0) (actual time=0.031..1022.590 rows=60049 loops=1)
  Filter: (keyword_id > 95195)
  Rows Removed by Filter: 4463881
Planning time: 0.340 ms
Execution time: 1031.685 ms
