Hash Join  (cost=102191.01..198461.66 rows=47238 width=0) (actual time=1413.402..3563.745 rows=60088 loops=1)
  Hash Cond: (mk.movie_id = t.id)
  ->  Seq Scan on movie_keyword mk  (cost=0.00..81003.12 rows=3945371 width=4) (actual time=0.013..1518.215 rows=3938540 loops=1)
        Filter: (keyword_id > 414)
        Rows Removed by Filter: 585390
  ->  Hash  (cost=101812.59..101812.59 rows=30274 width=8) (actual time=1413.177..1413.177 rows=18218 loops=1)
        Buckets: 32768  Batches: 1  Memory Usage: 968kB
        ->  Hash Join  (cost=70308.29..101812.59 rows=30274 width=8) (actual time=756.986..1406.202 rows=18218 loops=1)
              Hash Cond: (mi_idx.movie_id = t.id)
              ->  Seq Scan on movie_info_idx mi_idx  (cost=0.00..25185.44 rows=464566 width=4) (actual time=0.021..431.218 rows=459925 loops=1)
                    Filter: (info_type_id = 101)
                    Rows Removed by Filter: 920110
              ->  Hash  (cost=67604.59..67604.59 rows=164776 width=4) (actual time=756.152..756.152 rows=164307 loops=1)
                    Buckets: 131072  Batches: 4  Memory Usage: 2482kB
                    ->  Seq Scan on title t  (cost=0.00..67604.59 rows=164776 width=4) (actual time=0.017..707.284 rows=164307 loops=1)
                          Filter: (production_year = 2012)
                          Rows Removed by Filter: 2364005
Planning time: 1.151 ms
Execution time: 3572.003 ms
