Seq Scan on movie_companies mc  (cost=0.00..57926.93 rows=51 width=0) (actual time=71.452..703.167 rows=2 loops=1)
  Filter: ((company_id = 52574) AND (company_type_id = 1))
  Rows Removed by Filter: 2609127
Planning time: 0.354 ms
Execution time: 703.254 ms
