Seq Scan on title t  (cost=0.00..73925.90 rows=10013 width=0) (actual time=199.313..867.671 rows=35049 loops=1)
  Filter: ((production_year < 1912) AND (kind_id = 1))
  Rows Removed by Filter: 2493263
Planning time: 0.359 ms
Execution time: 872.697 ms
