Seq Scan on cast_info ci  (cost=0.00..796071.18 rows=435 width=0) (actual time=1782.174..13788.677 rows=2 loops=1)
  Filter: ((role_id < 10) AND (person_id = 359550))
  Rows Removed by Filter: 36244342
Planning time: 0.402 ms
Execution time: 13788.771 ms
