Hash Join  (cost=178007.94..306103.50 rows=274144 width=0) (actual time=3140.997..6542.288 rows=258588 loops=1)
  Hash Cond: (mk.movie_id = t.id)
  ->  Seq Scan on movie_keyword mk  (cost=0.00..81003.12 rows=3773599 width=4) (actual time=0.013..1635.988 rows=3766916 loops=1)
        Filter: (keyword_id < 24731)
        Rows Removed by Filter: 757014
  ->  Hash  (cost=174993.79..174993.79 rows=183692 width=8) (actual time=3139.990..3139.990 rows=79530 loops=1)
        Buckets: 131072  Batches: 4  Memory Usage: 1812kB
        ->  Hash Join  (cost=102767.86..174993.79 rows=183692 width=8) (actual time=1747.086..3111.350 rows=79530 loops=1)
              Hash Cond: (mc.movie_id = t.id)
              ->  Seq Scan on movie_companies mc  (cost=0.00..57926.93 rows=183692 width=4) (actual time=0.303..848.335 rows=79530 loops=1)
                    Filter: ((company_id < 180) AND (company_type_id = 2))
                    Rows Removed by Filter: 2529599
              ->  Hash  (cost=61283.27..61283.27 rows=2528527 width=4) (actual time=1745.411..1745.411 rows=2528312 loops=1)
                    Buckets: 131072  Batches: 64  Memory Usage: 2415kB
                    ->  Seq Scan on title t  (cost=0.00..61283.27 rows=2528527 width=4) (actual time=0.022..886.860 rows=2528312 loops=1)
Planning time: 1.103 ms
Execution time: 6575.435 ms
