Hash Join  (cost=75195.76..1120383.39 rows=1108147 width=0) (actual time=1177.601..27159.692 rows=1398667 loops=1)
  Hash Cond: (ci.movie_id = t.id)
  ->  Seq Scan on cast_info ci  (cost=0.00..614943.12 rows=36225612 width=4) (actual time=0.022..12635.181 rows=36244344 loops=1)
  ->  Hash  (cost=73925.90..73925.90 rows=77348 width=4) (actual time=1176.910..1176.910 rows=84109 loops=1)
        Buckets: 131072  Batches: 2  Memory Usage: 2509kB
        ->  Seq Scan on title t  (cost=0.00..73925.90 rows=77348 width=4) (actual time=0.017..1145.409 rows=84109 loops=1)
              Filter: ((kind_id = 7) AND (production_year = 2008))
              Rows Removed by Filter: 2444203
Planning time: 0.860 ms
Execution time: 27345.091 ms
