Hash Join  (cost=82033.88..217023.55 rows=752619 width=0) (actual time=1463.681..5360.533 rows=2204818 loops=1)
  Hash Cond: (mk.movie_id = t.id)
  ->  Seq Scan on movie_keyword mk  (cost=0.00..81003.12 rows=3851029 width=4) (actual time=0.022..1678.375 rows=3850701 loops=1)
        Filter: (keyword_id > 536)
        Rows Removed by Filter: 673229
  ->  Hash  (cost=73925.90..73925.90 rows=494158 width=4) (actual time=1462.668..1462.668 rows=581419 loops=1)
        Buckets: 131072  Batches: 8  Memory Usage: 3600kB
        ->  Seq Scan on title t  (cost=0.00..73925.90 rows=494158 width=4) (actual time=0.026..1131.881 rows=581419 loops=1)
              Filter: ((kind_id < 7) AND (production_year < 2004))
              Rows Removed by Filter: 1946893
Planning time: 0.887 ms
Execution time: 5618.364 ms
