Seq Scan on movie_keyword mk  (cost=0.00..81003.12 rows=246 width=0) (actual time=21.606..1041.520 rows=132 loops=1)
  Filter: (keyword_id = 10204)
  Rows Removed by Filter: 4523798
Planning time: 0.348 ms
Execution time: 1041.703 ms
