Seq Scan on movie_keyword mk  (cost=0.00..81003.12 rows=246 width=0) (actual time=31.063..1204.780 rows=184 loops=1)
  Filter: (keyword_id = 17592)
  Rows Removed by Filter: 4523746
Planning time: 0.234 ms
Execution time: 1204.957 ms
