Hash Join  (cost=181714.29..213721.04 rows=49435 width=0) (actual time=4206.313..4953.540 rows=225622 loops=1)
  Hash Cond: (mi_idx.movie_id = t.id)
  ->  Seq Scan on movie_info_idx mi_idx  (cost=0.00..25185.44 rows=454124 width=4) (actual time=0.067..422.968 rows=459925 loops=1)
        Filter: (info_type_id = 100)
        Rows Removed by Filter: 920110
  ->  Hash  (cost=177197.64..177197.64 rows=275252 width=8) (actual time=4205.450..4205.450 rows=412065 loops=1)
        Buckets: 131072 (originally 131072)  Batches: 8 (originally 4)  Memory Usage: 3073kB
        ->  Hash Join  (cost=102767.86..177197.64 rows=275252 width=8) (actual time=2666.238..4071.213 rows=412065 loops=1)
              Hash Cond: (mc.movie_id = t.id)
              ->  Seq Scan on movie_companies mc  (cost=0.00..57926.93 rows=275252 width=4) (actual time=212.298..860.273 rows=412065 loops=1)
                    Filter: ((company_id < 588) AND (company_type_id = 1))
                    Rows Removed by Filter: 2197064
              ->  Hash  (cost=61283.27..61283.27 rows=2528527 width=4) (actual time=2452.753..2452.753 rows=2528312 loops=1)
                    Buckets: 131072  Batches: 64  Memory Usage: 2415kB
                    ->  Seq Scan on title t  (cost=0.00..61283.27 rows=2528527 width=4) (actual time=0.024..939.231 rows=2528312 loops=1)
Planning time: 2.740 ms
Execution time: 4975.182 ms
