Seq Scan on movie_companies mc  (cost=0.00..51404.11 rows=104 width=0) (actual time=64.384..902.206 rows=1337 loops=1)
  Filter: (company_id = 707)
  Rows Removed by Filter: 2607792
Planning time: 0.361 ms
Execution time: 902.510 ms
