Seq Scan on movie_companies mc  (cost=0.00..57926.93 rows=1037135 width=0) (actual time=0.023..1078.747 rows=1274246 loops=1)
  Filter: ((company_id < 74381) AND (company_type_id = 1))
  Rows Removed by Filter: 1334883
Planning time: 0.408 ms
Execution time: 1241.724 ms
