Hash Join  (cost=1342367.87..2663833.33 rows=61613151 width=0) (actual time=39489.901..113231.440 rows=214521215 loops=1)
  Hash Cond: (mi.movie_id = t.id)
  ->  Seq Scan on movie_info mi  (cost=0.00..309384.22 rows=14739122 width=4) (actual time=0.020..5632.217 rows=14835720 loops=1)
  ->  Hash  (cost=1168955.57..1168955.57 rows=10569864 width=8) (actual time=39486.992..39486.992 rows=17443581 loops=1)
        Buckets: 131072  Batches: 256  Memory Usage: 3720kB
        ->  Hash Join  (cost=103947.06..1168955.57 rows=10569864 width=8) (actual time=2364.891..33719.097 rows=17443581 loops=1)
              Hash Cond: (ci.movie_id = t.id)
              ->  Seq Scan on cast_info ci  (cost=0.00..796071.18 rows=12065138 width=4) (actual time=405.096..15184.116 rows=18688969 loops=1)
                    Filter: ((person_id > 1730616) AND (role_id > 1))
                    Rows Removed by Filter: 17555375
              ->  Hash  (cost=67604.59..67604.59 rows=2215158 width=4) (actual time=1958.892..1958.892 rows=2203697 loops=1)
                    Buckets: 131072  Batches: 32  Memory Usage: 3448kB
                    ->  Seq Scan on title t  (cost=0.00..67604.59 rows=2215158 width=4) (actual time=0.024..1244.221 rows=2203697 loops=1)
                          Filter: (production_year > 1960)
                          Rows Removed by Filter: 324615
Planning time: 1.276 ms
Execution time: 136862.670 ms
