Seq Scan on movie_keyword mk  (cost=0.00..81003.12 rows=561911 width=0) (actual time=0.026..1270.287 rows=559068 loops=1)
  Filter: (keyword_id > 32911)
  Rows Removed by Filter: 3964862
Planning time: 0.318 ms
Execution time: 1340.590 ms
