Hash Join  (cost=263115.61..444014.52 rows=3796480 width=0) (actual time=6066.080..17564.945 rows=29449942 loops=1)
  Hash Cond: (mk.movie_id = t.id)
  ->  Seq Scan on movie_keyword mk  (cost=0.00..81003.12 rows=3679198 width=4) (actual time=0.024..1715.158 rows=3675016 loops=1)
        Filter: (keyword_id > 810)
        Rows Removed by Filter: 848914
  ->  Hash  (cost=220309.49..220309.49 rows=2609129 width=8) (actual time=6061.929..6061.929 rows=2609129 loops=1)
        Buckets: 131072  Batches: 64  Memory Usage: 2691kB
        ->  Hash Join  (cost=102767.86..220309.49 rows=2609129 width=8) (actual time=1973.535..5355.396 rows=2609129 loops=1)
              Hash Cond: (mc.movie_id = t.id)
              ->  Seq Scan on movie_companies mc  (cost=0.00..44881.29 rows=2609129 width=4) (actual time=0.025..958.268 rows=2609129 loops=1)
              ->  Hash  (cost=61283.27..61283.27 rows=2528527 width=4) (actual time=1972.084..1972.084 rows=2528312 loops=1)
                    Buckets: 131072  Batches: 64  Memory Usage: 2415kB
                    ->  Seq Scan on title t  (cost=0.00..61283.27 rows=2528527 width=4) (actual time=0.021..1100.034 rows=2528312 loops=1)
Planning time: 1.182 ms
Execution time: 20966.356 ms
