Hash Join  (cost=160526.42..1374421.70 rows=11283253 width=0) (actual time=3554.545..38268.605 rows=14203614 loops=1)
  Hash Cond: (ci.movie_id = t.id)
  ->  Seq Scan on cast_info ci  (cost=0.00..705507.15 rows=33926037 width=4) (actual time=0.019..15235.268 rows=34001102 loops=1)
        Filter: (person_id > 218780)
        Rows Removed by Filter: 2243242
  ->  Hash  (cost=146729.58..146729.58 rows=840947 width=8) (actual time=3553.183..3553.183 rows=425718 loops=1)
        Buckets: 131072  Batches: 16  Memory Usage: 2062kB
        ->  Hash Join  (cost=92883.59..146729.58 rows=840947 width=8) (actual time=2001.194..3427.169 rows=425718 loops=1)
              Hash Cond: (mi_idx.movie_id = t.id)
              ->  Seq Scan on movie_info_idx mi_idx  (cost=0.00..21735.35 rows=1380035 width=4) (actual time=0.020..402.999 rows=1380035 loops=1)
              ->  Hash  (cost=67604.59..67604.59 rows=1540800 width=4) (actual time=2000.363..2000.363 rows=1543264 loops=1)
                    Buckets: 131072  Batches: 32  Memory Usage: 2722kB
                    ->  Seq Scan on title t  (cost=0.00..67604.59 rows=1540800 width=4) (actual time=25.297..1220.173 rows=1543264 loops=1)
                          Filter: (kind_id = 7)
                          Rows Removed by Filter: 985048
Planning time: 1.053 ms
Execution time: 39836.521 ms
