Seq Scan on cast_info ci  (cost=0.00..796071.18 rows=22136699 width=0) (actual time=0.021..15213.998 rows=25192200 loops=1)
  Filter: ((person_id < 2860887) AND (role_id < 8))
  Rows Removed by Filter: 11052144
Planning time: 0.344 ms
Execution time: 18261.847 ms
