Nested Loop  (cost=0.43..58375.18 rows=53 width=0) (actual time=0.125..735.526 rows=295 loops=1)
  ->  Seq Scan on movie_companies mc  (cost=0.00..57926.93 rows=53 width=4) (actual time=0.079..728.307 rows=295 loops=1)
        Filter: ((company_id = 19279) AND (company_type_id = 2))
        Rows Removed by Filter: 2608834
  ->  Index Only Scan using title_pkey on title t  (cost=0.43..8.45 rows=1 width=4) (actual time=0.023..0.023 rows=1 loops=295)
        Index Cond: (id = mc.movie_id)
        Heap Fetches: 295
Planning time: 0.603 ms
Execution time: 735.684 ms
