Hash Join  (cost=426354.36..520841.10 rows=50220 width=0) (actual time=6020.439..7947.737 rows=274231 loops=1)
  Hash Cond: (mk.movie_id = t.id)
  ->  Seq Scan on movie_keyword mk  (cost=0.00..81003.12 rows=3461710 width=4) (actual time=0.017..1320.838 rows=3452252 loops=1)
        Filter: (keyword_id < 16476)
        Rows Removed by Filter: 1071678
  ->  Hash  (cost=425895.84..425895.84 rows=36682 width=8) (actual time=6019.873..6019.873 rows=74255 loops=1)
        Buckets: 131072 (originally 65536)  Batches: 1 (originally 1)  Memory Usage: 3925kB
        ->  Hash Join  (cost=69484.36..425895.84 rows=36682 width=8) (actual time=3525.494..5990.681 rows=74255 loops=1)
              Hash Cond: (mi.movie_id = t.id)
              ->  Seq Scan on movie_info mi  (cost=0.00..346232.03 rows=809768 width=4) (actual time=2442.192..4690.163 rows=802140 loops=1)
                    Filter: (info_type_id < 2)
                    Rows Removed by Filter: 14033580
              ->  Hash  (cost=67604.59..67604.59 rows=114542 width=4) (actual time=930.744..930.744 rows=118234 loops=1)
                    Buckets: 131072  Batches: 2  Memory Usage: 3107kB
                    ->  Seq Scan on title t  (cost=0.00..67604.59 rows=114542 width=4) (actual time=283.783..886.783 rows=118234 loops=1)
                          Filter: (kind_id = 4)
                          Rows Removed by Filter: 2410078
Planning time: 1.229 ms
Execution time: 7984.462 ms
