Seq Scan on movie_keyword mk  (cost=0.00..81003.12 rows=4451502 width=0) (actual time=0.014..1376.483 rows=4451818 loops=1)
  Filter: (keyword_id < 90416)
  Rows Removed by Filter: 72112
Planning time: 0.289 ms
Execution time: 1919.016 ms
