Hash Join  (cost=67697.55..151449.36 rows=2139 width=0) (actual time=955.958..2315.221 rows=8162 loops=1)
  Hash Cond: (mk.movie_id = t.id)
  ->  Seq Scan on movie_keyword mk  (cost=0.00..81003.12 rows=727279 width=4) (actual time=0.030..1214.858 rows=735695 loops=1)
        Filter: (keyword_id > 25601)
        Rows Removed by Filter: 3788235
  ->  Hash  (cost=67604.59..67604.59 rows=7437 width=4) (actual time=955.777..955.777 rows=21312 loops=1)
        Buckets: 32768 (originally 8192)  Batches: 1 (originally 1)  Memory Usage: 1006kB
        ->  Seq Scan on title t  (cost=0.00..67604.59 rows=7437 width=4) (actual time=0.041..946.140 rows=21312 loops=1)
              Filter: (production_year = 1989)
              Rows Removed by Filter: 2507000
Planning time: 0.760 ms
Execution time: 2316.755 ms
