Nested Loop  (cost=0.43..83072.29 rows=150 width=0) (actual time=168.606..1210.709 rows=1180 loops=1)
  ->  Seq Scan on movie_keyword mk  (cost=0.00..81003.12 rows=246 width=4) (actual time=0.898..1185.416 rows=1442 loops=1)
        Filter: (keyword_id = 13391)
        Rows Removed by Filter: 4522488
  ->  Index Scan using title_pkey on title t  (cost=0.43..8.40 rows=1 width=4) (actual time=0.016..0.017 rows=1 loops=1442)
        Index Cond: (id = mk.movie_id)
        Filter: (kind_id = 7)
        Rows Removed by Filter: 0
Planning time: 0.747 ms
Execution time: 1211.072 ms
