Hash Join  (cost=187659.14..712370.13 rows=4208407 width=0) (actual time=3926.713..16433.907 rows=2839356 loops=1)
  Hash Cond: (mi.movie_id = t.id)
  ->  Seq Scan on movie_info mi  (cost=0.00..309384.22 rows=14739122 width=4) (actual time=0.018..5232.740 rows=14835720 loops=1)
  ->  Hash  (cost=175813.62..175813.62 rows=721961 width=8) (actual time=3707.731..3707.731 rows=371418 loops=1)
        Buckets: 131072  Batches: 16  Memory Usage: 1925kB
        ->  Hash Join  (cost=96451.85..175813.62 rows=721961 width=8) (actual time=1693.602..3589.944 rows=371418 loops=1)
              Hash Cond: (mc.movie_id = t.id)
              ->  Seq Scan on movie_companies mc  (cost=0.00..51404.11 rows=1329612 width=4) (actual time=26.415..921.559 rows=1334883 loops=1)
                    Filter: (company_type_id = 2)
                    Rows Removed by Filter: 1274246
              ->  Hash  (cost=73925.90..73925.90 rows=1372956 width=4) (actual time=1665.966..1665.966 rows=1450632 loops=1)
                    Buckets: 131072  Batches: 32  Memory Usage: 2620kB
                    ->  Seq Scan on title t  (cost=0.00..73925.90 rows=1372956 width=4) (actual time=0.031..1222.650 rows=1450632 loops=1)
                          Filter: ((production_year > 1956) AND (kind_id = 7))
                          Rows Removed by Filter: 1077680
Planning time: 1.192 ms
Execution time: 16766.991 ms
