Hash Join  (cost=131661.91..498013.30 rows=169546 width=0) (actual time=2246.969..9841.878 rows=701291 loops=1)
  Hash Cond: (mi.movie_id = t.id)
  ->  Seq Scan on movie_info mi  (cost=0.00..309384.22 rows=14739122 width=4) (actual time=0.017..3572.324 rows=14835720 loops=1)
  ->  Hash  (cost=131298.34..131298.34 rows=29086 width=8) (actual time=2246.768..2246.768 rows=40360 loops=1)
        Buckets: 65536 (originally 32768)  Batches: 1 (originally 1)  Memory Usage: 2089kB
        ->  Hash Join  (cost=74617.32..131298.34 rows=29086 width=8) (actual time=1020.269..2231.286 rows=40360 loops=1)
              Hash Cond: (mc.movie_id = t.id)
              ->  Seq Scan on movie_companies mc  (cost=0.00..51404.11 rows=1329612 width=4) (actual time=0.018..872.975 rows=1334883 loops=1)
                    Filter: (company_type_id = 2)
                    Rows Removed by Filter: 1274246
              ->  Hash  (cost=73925.90..73925.90 rows=55313 width=4) (actual time=1019.981..1019.981 rows=49075 loops=1)
                    Buckets: 65536  Batches: 1  Memory Usage: 2238kB
                    ->  Seq Scan on title t  (cost=0.00..73925.90 rows=55313 width=4) (actual time=0.034..1000.767 rows=49075 loops=1)
                          Filter: ((kind_id < 7) AND (production_year = 2010))
                          Rows Removed by Filter: 2479237
Planning time: 0.743 ms
Execution time: 9939.336 ms
