Nested Loop  (cost=0.43..58358.27 rows=51 width=0) (actual time=341.189..817.393 rows=2 loops=1)
  ->  Seq Scan on movie_companies mc  (cost=0.00..57926.93 rows=51 width=4) (actual time=341.095..817.235 rows=2 loops=1)
        Filter: ((company_type_id < 2) AND (company_id = 23893))
        Rows Removed by Filter: 2609127
  ->  Index Only Scan using title_pkey on title t  (cost=0.43..8.45 rows=1 width=4) (actual time=0.065..0.066 rows=1 loops=2)
        Index Cond: (id = mc.movie_id)
        Heap Fetches: 2
Planning time: 0.688 ms
Execution time: 817.456 ms
