Hash Join  (cost=94574.69..1374405.81 rows=17135247 width=0) (actual time=1655.484..37798.786 rows=16370343 loops=1)
  Hash Cond: (ci.movie_id = t.id)
  ->  Seq Scan on cast_info ci  (cost=0.00..705507.15 rows=34426265 width=4) (actual time=0.014..15429.368 rows=34404936 loops=1)
        Filter: (person_id < 3698642)
        Rows Removed by Filter: 1839408
  ->  Hash  (cost=73925.90..73925.90 rows=1258543 width=4) (actual time=1654.119..1654.119 rows=1221534 loops=1)
        Buckets: 131072  Batches: 32  Memory Usage: 2363kB
        ->  Seq Scan on title t  (cost=0.00..73925.90 rows=1258543 width=4) (actual time=0.016..1255.771 rows=1221534 loops=1)
              Filter: ((kind_id > 6) AND (production_year < 2011))
              Rows Removed by Filter: 1306778
Planning time: 0.727 ms
Execution time: 39558.536 ms
