Seq Scan on cast_info ci  (cost=0.00..705507.15 rows=23095952 width=0) (actual time=0.024..11986.199 rows=23159961 loops=1)
  Filter: (person_id > 1292167)
  Rows Removed by Filter: 13084383
Planning time: 0.394 ms
Execution time: 14883.814 ms
