Hash Join  (cost=52285.21..79199.50 rows=18 width=0) (actual time=888.725..1291.957 rows=36 loops=1)
  Hash Cond: (mi_idx.movie_id = t.id)
  ->  Seq Scan on movie_info_idx mi_idx  (cost=0.00..25185.44 rows=460978 width=4) (actual time=0.015..433.466 rows=459925 loops=1)
        Filter: (info_type_id < 100)
        Rows Removed by Filter: 920110
  ->  Hash  (cost=52283.95..52283.95 rows=101 width=8) (actual time=788.376..788.376 rows=568 loops=1)
        Buckets: 1024  Batches: 1  Memory Usage: 31kB
        ->  Nested Loop  (cost=0.43..52283.95 rows=101 width=8) (actual time=1.475..788.023 rows=568 loops=1)
              ->  Seq Scan on movie_companies mc  (cost=0.00..51404.11 rows=104 width=4) (actual time=1.417..775.756 rows=568 loops=1)
                    Filter: (company_id = 14206)
                    Rows Removed by Filter: 2608561
              ->  Index Scan using title_pkey on title t  (cost=0.43..8.45 rows=1 width=4) (actual time=0.020..0.020 rows=1 loops=568)
                    Index Cond: (id = mc.movie_id)
                    Filter: (production_year > 0)
Planning time: 1.159 ms
Execution time: 1292.116 ms
