Hash Join  (cost=88511.65..623612.74 rows=5182216 width=0) (actual time=1372.161..16760.821 rows=8776151 loops=1)
  Hash Cond: (mi.movie_id = t.id)
  ->  Seq Scan on movie_info mi  (cost=0.00..309384.22 rows=14739122 width=4) (actual time=0.018..5144.871 rows=14835720 loops=1)
  ->  Hash  (cost=73925.90..73925.90 rows=889020 width=4) (actual time=1371.244..1371.244 rows=803883 loops=1)
        Buckets: 131072  Batches: 16  Memory Usage: 2801kB
        ->  Seq Scan on title t  (cost=0.00..73925.90 rows=889020 width=4) (actual time=0.012..1111.579 rows=803883 loops=1)
              Filter: ((kind_id < 7) AND (production_year > 1953))
              Rows Removed by Filter: 1724429
Planning time: 0.676 ms
Execution time: 17796.646 ms
