Hash Join  (cost=85855.67..1226669.88 rows=10417005 width=0) (actual time=1392.817..33332.893 rows=12155506 loops=1)
  Hash Cond: (ci.movie_id = t.id)
  ->  Seq Scan on cast_info ci  (cost=0.00..614943.12 rows=36225612 width=4) (actual time=0.013..11628.695 rows=36244344 loops=1)
  ->  Hash  (cost=73925.90..73925.90 rows=727101 width=4) (actual time=1391.740..1391.740 rows=796159 loops=1)
        Buckets: 131072  Batches: 16  Memory Usage: 2780kB
        ->  Seq Scan on title t  (cost=0.00..73925.90 rows=727101 width=4) (actual time=228.066..1140.049 rows=796159 loops=1)
              Filter: ((production_year > 2003) AND (kind_id = 7))
              Rows Removed by Filter: 1732153
Planning time: 0.711 ms
Execution time: 34642.312 ms
