Hash Join  (cost=190230.21..341597.70 rows=2083441 width=0) (actual time=4489.296..9743.044 rows=8785276 loops=1)
  Hash Cond: (mk.movie_id = t.id)
  ->  Seq Scan on movie_keyword mk  (cost=0.00..81003.12 rows=3817321 width=4) (actual time=0.019..1649.124 rows=3811180 loops=1)
        Filter: (keyword_id < 26486)
        Rows Removed by Filter: 712750
  ->  Hash  (cost=167588.78..167588.78 rows=1380035 width=8) (actual time=4487.321..4487.321 rows=1380035 loops=1)
        Buckets: 131072  Batches: 32  Memory Usage: 2726kB
        ->  Hash Join  (cost=102767.86..167588.78 rows=1380035 width=8) (actual time=1782.320..4013.657 rows=1380035 loops=1)
              Hash Cond: (mi_idx.movie_id = t.id)
              ->  Seq Scan on movie_info_idx mi_idx  (cost=0.00..21735.35 rows=1380035 width=4) (actual time=0.018..421.915 rows=1380035 loops=1)
              ->  Hash  (cost=61283.27..61283.27 rows=2528527 width=4) (actual time=1780.930..1780.930 rows=2528312 loops=1)
                    Buckets: 131072  Batches: 64  Memory Usage: 2415kB
                    ->  Seq Scan on title t  (cost=0.00..61283.27 rows=2528527 width=4) (actual time=0.014..926.790 rows=2528312 loops=1)
Planning time: 1.058 ms
Execution time: 10635.677 ms
