Hash Join  (cost=92883.59..262591.85 rows=2665064 width=0) (actual time=1622.524..5611.666 rows=617724 loops=1)
  Hash Cond: (mk.movie_id = t.id)
  ->  Seq Scan on movie_keyword mk  (cost=0.00..81003.12 rows=4373499 width=4) (actual time=0.008..1719.978 rows=4360169 loops=1)
        Filter: (keyword_id > 117)
        Rows Removed by Filter: 163761
  ->  Hash  (cost=67604.59..67604.59 rows=1540800 width=4) (actual time=1621.045..1621.045 rows=1543264 loops=1)
        Buckets: 131072  Batches: 32  Memory Usage: 2728kB
        ->  Seq Scan on title t  (cost=0.00..67604.59 rows=1540800 width=4) (actual time=0.013..1080.670 rows=1543264 loops=1)
              Filter: (kind_id = 7)
              Rows Removed by Filter: 985048
Planning time: 0.643 ms
Execution time: 5683.494 ms
