Hash Join  (cost=1099274.84..2121684.92 rows=40492474 width=0) (actual time=23018.929..64965.454 rows=90904014 loops=1)
  Hash Cond: (mi.movie_id = t.id)
  ->  Seq Scan on movie_info mi  (cost=0.00..309384.22 rows=14739122 width=4) (actual time=0.016..5161.583 rows=14835720 loops=1)
  ->  Hash  (cost=985306.74..985306.74 rows=6946568 width=8) (actual time=23015.080..23015.080 rows=6885594 loops=1)
        Buckets: 131072  Batches: 128  Memory Usage: 3179kB
        ->  Hash Join  (cost=102767.86..985306.74 rows=6946568 width=8) (actual time=2251.405..20358.390 rows=6885594 loops=1)
              Hash Cond: (ci.movie_id = t.id)
              ->  Seq Scan on cast_info ci  (cost=0.00..705507.15 rows=6946568 width=4) (actual time=0.994..10611.158 rows=6885594 loops=1)
                    Filter: (person_id < 665106)
                    Rows Removed by Filter: 29358750
              ->  Hash  (cost=61283.27..61283.27 rows=2528527 width=4) (actual time=2248.859..2248.859 rows=2528312 loops=1)
                    Buckets: 131072  Batches: 64  Memory Usage: 2415kB
                    ->  Seq Scan on title t  (cost=0.00..61283.27 rows=2528527 width=4) (actual time=0.020..1073.744 rows=2528312 loops=1)
Planning time: 1.123 ms
Execution time: 74583.920 ms
