Hash Join  (cost=104131.46..176375.63 rows=228863 width=0) (actual time=2339.912..3250.679 rows=125692 loops=1)
  Hash Cond: (mc.movie_id = t.id)
  ->  Seq Scan on movie_companies mc  (cost=0.00..57926.93 rows=259921 width=4) (actual time=369.553..794.166 rows=136432 loops=1)
        Filter: ((company_id < 464) AND (company_type_id = 2))
        Rows Removed by Filter: 2472697
  ->  Hash  (cost=67604.59..67604.59 rows=2226390 width=4) (actual time=1969.597..1969.597 rows=2224569 loops=1)
        Buckets: 131072  Batches: 32  Memory Usage: 3463kB
        ->  Seq Scan on title t  (cost=0.00..67604.59 rows=2226390 width=4) (actual time=0.024..1261.667 rows=2224569 loops=1)
              Filter: (production_year < 2012)
              Rows Removed by Filter: 303743
Planning time: 0.792 ms
Execution time: 3265.919 ms
