Seq Scan on cast_info ci  (cost=0.00..705507.15 rows=15605964 width=0) (actual time=0.062..11789.277 rows=15488973 loops=1)
  Filter: (person_id < 1527427)
  Rows Removed by Filter: 20755371
Planning time: 0.203 ms
Execution time: 13767.057 ms
