Hash Join  (cost=137927.01..643450.60 rows=2410167 width=0) (actual time=3144.546..18108.305 rows=15621025 loops=1)
  Hash Cond: (mi.movie_id = t.id)
  ->  Seq Scan on movie_info mi  (cost=0.00..309384.22 rows=14739122 width=4) (actual time=0.017..5295.258 rows=14835720 loops=1)
  ->  Hash  (cost=131142.65..131142.65 rows=413469 width=8) (actual time=3143.502..3143.502 rows=817502 loops=1)
        Buckets: 131072 (originally 131072)  Batches: 16 (originally 8)  Memory Usage: 3073kB
        ->  Hash Join  (cost=86355.48..131142.65 rows=413469 width=8) (actual time=1448.883..2887.571 rows=817502 loops=1)
              Hash Cond: (mi_idx.movie_id = t.id)
              ->  Seq Scan on movie_info_idx mi_idx  (cost=0.00..21735.35 rows=1380035 width=4) (actual time=0.016..414.009 rows=1380035 loops=1)
              ->  Hash  (cost=73925.90..73925.90 rows=757566 width=4) (actual time=1447.299..1447.299 rows=773297 loops=1)
                    Buckets: 131072  Batches: 16  Memory Usage: 2723kB
                    ->  Seq Scan on title t  (cost=0.00..73925.90 rows=757566 width=4) (actual time=0.026..1206.566 rows=773297 loops=1)
                          Filter: ((kind_id < 4) AND (production_year < 2012))
                          Rows Removed by Filter: 1755015
Planning time: 1.119 ms
Execution time: 19566.071 ms
