Hash Join  (cost=441847.34..1522343.74 rows=982628 width=0) (actual time=6806.747..33584.882 rows=1205260 loops=1)
  Hash Cond: (ci.movie_id = t.id)
  ->  Seq Scan on cast_info ci  (cost=0.00..705507.15 rows=31554923 width=4) (actual time=0.029..15568.720 rows=31605208 loops=1)
        Filter: (role_id < 10)
        Rows Removed by Filter: 4639136
  ->  Hash  (cost=440555.10..440555.10 rows=78739 width=8) (actual time=6805.931..6805.931 rows=72728 loops=1)
        Buckets: 131072  Batches: 2  Memory Usage: 2468kB
        ->  Hash Join  (cost=69179.59..440555.10 rows=78739 width=8) (actual time=1999.257..6779.144 rows=72728 loops=1)
              Hash Cond: (mi.movie_id = t.id)
              ->  Seq Scan on movie_info mi  (cost=0.00..346232.03 rows=2073893 width=4) (actual time=949.121..4911.980 rows=2091068 loops=1)
                    Filter: (info_type_id < 3)
                    Rows Removed by Filter: 12744652
              ->  Hash  (cost=67604.59..67604.59 rows=96000 width=4) (actual time=1049.309..1049.309 rows=95005 loops=1)
                    Buckets: 131072  Batches: 2  Memory Usage: 2722kB
                    ->  Seq Scan on title t  (cost=0.00..67604.59 rows=96000 width=4) (actual time=0.029..1009.493 rows=95005 loops=1)
                          Filter: (production_year = 2005)
                          Rows Removed by Filter: 2433307
Planning time: 0.999 ms
Execution time: 33740.316 ms
