Hash Join  (cost=149183.21..1322980.11 rows=7829122 width=0) (actual time=2982.425..37896.335 rows=10683447 loops=1)
  Hash Cond: (ci.movie_id = t.id)
  ->  Seq Scan on cast_info ci  (cost=0.00..705507.15 rows=33530006 width=4) (actual time=0.010..15295.057 rows=33506312 loops=1)
        Filter: (person_id < 3538898)
        Rows Removed by Filter: 2738032
  ->  Hash  (cost=139496.20..139496.20 rows=590401 width=8) (actual time=2981.678..2981.678 rows=314985 loops=1)
        Buckets: 131072  Batches: 8  Memory Usage: 2557kB
        ->  Hash Join  (cost=91673.71..139496.20 rows=590401 width=8) (actual time=1575.086..2895.977 rows=314985 loops=1)
              Hash Cond: (mi_idx.movie_id = t.id)
              ->  Seq Scan on movie_info_idx mi_idx  (cost=0.00..21735.35 rows=1380035 width=4) (actual time=0.017..419.187 rows=1380035 loops=1)
              ->  Hash  (cost=73925.90..73925.90 rows=1081744 width=4) (actual time=1574.228..1574.228 rows=1176905 loops=1)
                    Buckets: 131072  Batches: 16  Memory Usage: 3619kB
                    ->  Seq Scan on title t  (cost=0.00..73925.90 rows=1081744 width=4) (actual time=0.012..1211.190 rows=1176905 loops=1)
                          Filter: ((production_year > 1989) AND (kind_id = 7))
                          Rows Removed by Filter: 1351407
Planning time: 0.813 ms
Execution time: 39109.214 ms
