Hash Join  (cost=102767.86..209775.77 rows=670202 width=0) (actual time=1684.889..4188.095 rows=675436 loops=1)
  Hash Cond: (mk.movie_id = t.id)
  ->  Seq Scan on movie_keyword mk  (cost=0.00..81003.12 rows=670202 width=4) (actual time=0.027..1306.210 rows=675436 loops=1)
        Filter: (keyword_id > 27754)
        Rows Removed by Filter: 3848494
  ->  Hash  (cost=61283.27..61283.27 rows=2528527 width=4) (actual time=1684.075..1684.075 rows=2528312 loops=1)
        Buckets: 131072  Batches: 64  Memory Usage: 2425kB
        ->  Seq Scan on title t  (cost=0.00..61283.27 rows=2528527 width=4) (actual time=0.018..848.000 rows=2528312 loops=1)
Planning time: 0.762 ms
Execution time: 4270.226 ms
