Hash Join  (cost=263115.61..952469.70 rows=14090375 width=0) (actual time=6320.925..35322.459 rows=54533041 loops=1)
  Hash Cond: (mi.movie_id = t.id)
  ->  Seq Scan on movie_info mi  (cost=0.00..346232.03 rows=13655091 width=4) (actual time=0.031..6686.339 rows=13688003 loops=1)
        Filter: (info_type_id < 54)
        Rows Removed by Filter: 1147717
  ->  Hash  (cost=220309.49..220309.49 rows=2609129 width=8) (actual time=6319.472..6319.472 rows=2609129 loops=1)
        Buckets: 131072  Batches: 64  Memory Usage: 2692kB
        ->  Hash Join  (cost=102767.86..220309.49 rows=2609129 width=8) (actual time=1809.739..5695.186 rows=2609129 loops=1)
              Hash Cond: (mc.movie_id = t.id)
              ->  Seq Scan on movie_companies mc  (cost=0.00..44881.29 rows=2609129 width=4) (actual time=0.025..896.597 rows=2609129 loops=1)
              ->  Hash  (cost=61283.27..61283.27 rows=2528527 width=4) (actual time=1808.120..1808.120 rows=2528312 loops=1)
                    Buckets: 131072  Batches: 64  Memory Usage: 2415kB
                    ->  Seq Scan on title t  (cost=0.00..61283.27 rows=2528527 width=4) (actual time=0.025..963.196 rows=2528312 loops=1)
Planning time: 3.046 ms
Execution time: 41643.021 ms
