Hash Join  (cost=202558.74..1041378.80 rows=216225 width=0) (actual time=8882.162..22190.396 rows=3522352 loops=1)
  Hash Cond: (ci.movie_id = t.id)
  ->  Seq Scan on cast_info ci  (cost=0.00..796071.18 rows=3114125 width=4) (actual time=3591.638..11421.451 rows=7031495 loops=1)
        Filter: ((person_id > 2962112) AND (role_id > 2))
        Rows Removed by Filter: 29212849
  ->  Hash  (cost=199678.18..199678.18 rows=175565 width=8) (actual time=5289.143..5289.143 rows=844347 loops=1)
        Buckets: 131072 (originally 131072)  Batches: 16 (originally 4)  Memory Usage: 3157kB
        ->  Hash Join  (cost=75536.49..199678.18 rows=175565 width=8) (actual time=1126.584..5015.423 rows=844347 loops=1)
              Hash Cond: (mk.movie_id = t.id)
              ->  Seq Scan on movie_keyword mk  (cost=0.00..69693.30 rows=4523930 width=4) (actual time=0.030..1248.659 rows=4523930 loops=1)
              ->  Hash  (cost=73925.90..73925.90 rows=98127 width=4) (actual time=1124.873..1124.873 rows=226456 loops=1)
                    Buckets: 131072 (originally 131072)  Batches: 4 (originally 2)  Memory Usage: 3073kB
                    ->  Seq Scan on title t  (cost=0.00..73925.90 rows=98127 width=4) (actual time=390.485..1042.169 rows=226456 loops=1)
                          Filter: ((kind_id < 2) AND (production_year < 1970))
                          Rows Removed by Filter: 2301856
Planning time: 1.127 ms
Execution time: 22524.296 ms
