Hash Join  (cost=91342.70..661141.72 rows=8434109 width=0) (actual time=1698.281..18555.965 rows=9857016 loops=1)
  Hash Cond: (mi.movie_id = t.id)
  ->  Seq Scan on movie_info mi  (cost=0.00..309384.22 rows=14739122 width=4) (actual time=0.016..6112.816 rows=14835720 loops=1)
  ->  Hash  (cost=67604.59..67604.59 rows=1446889 width=4) (actual time=1697.457..1697.457 rows=1443298 loops=1)
        Buckets: 131072  Batches: 32  Memory Usage: 2617kB
        ->  Seq Scan on title t  (cost=0.00..67604.59 rows=1446889 width=4) (actual time=0.019..1198.186 rows=1443298 loops=1)
              Filter: (production_year < 2006)
              Rows Removed by Filter: 1085014
Planning time: 0.801 ms
Execution time: 19689.749 ms
