Hash Join  (cost=81537.49..470689.20 rows=562895 width=0) (actual time=1774.592..8488.640 rows=540435 loops=1)
  Hash Cond: (mi.movie_id = t.id)
  ->  Seq Scan on movie_info mi  (cost=0.00..346232.03 rows=3068194 width=4) (actual time=368.164..5036.038 rows=3036719 loops=1)
        Filter: (info_type_id = 16)
        Rows Removed by Filter: 11799001
  ->  Hash  (cost=73925.90..73925.90 rows=463887 width=4) (actual time=1405.464..1405.464 rows=480042 loops=1)
        Buckets: 131072  Batches: 8  Memory Usage: 3139kB
        ->  Seq Scan on title t  (cost=0.00..73925.90 rows=463887 width=4) (actual time=0.028..1244.381 rows=480042 loops=1)
              Filter: ((kind_id > 2) AND (production_year > 2008))
              Rows Removed by Filter: 2048270
Planning time: 0.811 ms
Execution time: 8541.073 ms
