Hash Join  (cost=98864.94..181236.39 rows=799327 width=0) (actual time=2078.955..3718.095 rows=584879 loops=1)
  Hash Cond: (mc.movie_id = t.id)
  ->  Seq Scan on movie_companies mc  (cost=0.00..51404.11 rows=1329612 width=4) (actual time=357.582..908.673 rows=1334883 loops=1)
        Filter: (company_type_id = 2)
        Rows Removed by Filter: 1274246
  ->  Hash  (cost=73925.90..73925.90 rows=1520083 width=4) (actual time=1720.417..1720.417 rows=1507233 loops=1)
        Buckets: 131072  Batches: 32  Memory Usage: 2679kB
        ->  Seq Scan on title t  (cost=0.00..73925.90 rows=1520083 width=4) (actual time=0.033..1232.036 rows=1507233 loops=1)
              Filter: ((kind_id > 1) AND (production_year < 2011))
              Rows Removed by Filter: 1021079
Planning time: 0.721 ms
Execution time: 3792.207 ms
