Hash Join  (cost=155540.25..1008659.54 rows=1147585 width=0) (actual time=6419.546..15934.920 rows=291702 loops=1)
  Hash Cond: (ci.movie_id = t.id)
  ->  Seq Scan on cast_info ci  (cost=0.00..796071.18 rows=3674469 width=4) (actual time=2939.754..11462.073 rows=479027 loops=1)
        Filter: ((person_id < 1798433) AND (role_id = 2))
        Rows Removed by Filter: 35765317
  ->  Hash  (cost=142584.10..142584.10 rows=789692 width=8) (actual time=3478.861..3478.861 rows=949108 loops=1)
        Buckets: 131072  Batches: 16  Memory Usage: 3351kB
        ->  Hash Join  (cost=91342.70..142584.10 rows=789692 width=8) (actual time=1646.496..3207.459 rows=949108 loops=1)
              Hash Cond: (mi_idx.movie_id = t.id)
              ->  Seq Scan on movie_info_idx mi_idx  (cost=0.00..21735.35 rows=1380035 width=4) (actual time=0.013..410.856 rows=1380035 loops=1)
              ->  Hash  (cost=67604.59..67604.59 rows=1446889 width=4) (actual time=1645.835..1645.835 rows=1443298 loops=1)
                    Buckets: 131072  Batches: 32  Memory Usage: 2608kB
                    ->  Seq Scan on title t  (cost=0.00..67604.59 rows=1446889 width=4) (actual time=0.031..1160.561 rows=1443298 loops=1)
                          Filter: (production_year < 2006)
                          Rows Removed by Filter: 1085014
Planning time: 1.132 ms
Execution time: 15971.564 ms
