Seq Scan on movie_companies mc  (cost=0.00..51404.11 rows=1885171 width=0) (actual time=0.019..1061.137 rows=1881104 loops=1)
  Filter: (company_id < 40919)
  Rows Removed by Filter: 728025
Planning time: 0.364 ms
Execution time: 1295.126 ms
