Hash Join  (cost=167538.95..595784.50 rows=860086 width=0) (actual time=3313.623..12660.120 rows=3378791 loops=1)
  Hash Cond: (mi.movie_id = t.id)
  ->  Seq Scan on movie_info mi  (cost=0.00..346232.03 rows=6231111 width=4) (actual time=0.020..5772.974 rows=6223494 loops=1)
        Filter: (info_type_id > 8)
        Rows Removed by Filter: 8612226
  ->  Hash  (cost=161812.26..161812.26 rows=349015 width=8) (actual time=3312.703..3312.703 rows=392719 loops=1)
        Buckets: 131072  Batches: 8  Memory Usage: 2944kB
        ->  Hash Join  (cost=87180.69..161812.26 rows=349015 width=8) (actual time=1421.596..3191.767 rows=392719 loops=1)
              Hash Cond: (mc.movie_id = t.id)
              ->  Seq Scan on movie_companies mc  (cost=0.00..57926.93 rows=739597 width=4) (actual time=78.357..1012.510 rows=958976 loops=1)
                    Filter: ((company_id > 9136) AND (company_type_id = 2))
                    Rows Removed by Filter: 1650153
              ->  Hash  (cost=67604.59..67604.59 rows=1193208 width=4) (actual time=1342.393..1342.393 rows=1192518 loops=1)
                    Buckets: 131072  Batches: 16  Memory Usage: 3646kB
                    ->  Seq Scan on title t  (cost=0.00..67604.59 rows=1193208 width=4) (actual time=0.026..998.104 rows=1192518 loops=1)
                          Filter: (production_year > 2003)
                          Rows Removed by Filter: 1335794
Planning time: 1.223 ms
Execution time: 13042.415 ms
