Hash Join  (cost=190230.21..1015903.77 rows=776333 width=0) (actual time=12052.379..14927.079 rows=1564 loops=1)
  Hash Cond: (ci.movie_id = t.id)
  ->  Seq Scan on cast_info ci  (cost=0.00..796071.18 rows=1422413 width=4) (actual time=7657.627..10645.285 rows=1358 loops=1)
        Filter: ((person_id < 676496) AND (role_id = 2))
        Rows Removed by Filter: 36242986
  ->  Hash  (cost=167588.78..167588.78 rows=1380035 width=8) (actual time=4093.428..4093.428 rows=1380035 loops=1)
        Buckets: 131072  Batches: 32  Memory Usage: 2708kB
        ->  Hash Join  (cost=102767.86..167588.78 rows=1380035 width=8) (actual time=1771.560..3681.112 rows=1380035 loops=1)
              Hash Cond: (mi_idx.movie_id = t.id)
              ->  Seq Scan on movie_info_idx mi_idx  (cost=0.00..21735.35 rows=1380035 width=4) (actual time=0.018..393.589 rows=1380035 loops=1)
              ->  Hash  (cost=61283.27..61283.27 rows=2528527 width=4) (actual time=1770.772..1770.772 rows=2528312 loops=1)
                    Buckets: 131072  Batches: 64  Memory Usage: 2415kB
                    ->  Seq Scan on title t  (cost=0.00..61283.27 rows=2528527 width=4) (actual time=0.016..915.281 rows=2528312 loops=1)
Planning time: 1.192 ms
Execution time: 14927.601 ms
