Hash Join  (cost=103947.06..194920.21 rows=53416 width=0) (actual time=2095.312..3695.943 rows=47431 loops=1)
  Hash Cond: (mk.movie_id = t.id)
  ->  Seq Scan on movie_keyword mk  (cost=0.00..81003.12 rows=60972 width=4) (actual time=0.087..1194.359 rows=57865 loops=1)
        Filter: (keyword_id > 96003)
        Rows Removed by Filter: 4466065
  ->  Hash  (cost=67604.59..67604.59 rows=2215158 width=4) (actual time=2094.408..2094.408 rows=2203697 loops=1)
        Buckets: 131072  Batches: 32  Memory Usage: 3457kB
        ->  Seq Scan on title t  (cost=0.00..67604.59 rows=2215158 width=4) (actual time=0.025..1364.337 rows=2203697 loops=1)
              Filter: (production_year > 1960)
              Rows Removed by Filter: 324615
Planning time: 0.709 ms
Execution time: 3701.947 ms
