Seq Scan on movie_companies mc  (cost=0.00..57926.93 rows=53 width=0) (actual time=262.511..749.573 rows=10 loops=1)
  Filter: ((company_id = 37650) AND (company_type_id = 2))
  Rows Removed by Filter: 2609119
Planning time: 0.420 ms
Execution time: 749.663 ms
