Seq Scan on cast_info ci  (cost=0.00..705507.15 rows=500 width=0) (actual time=129.015..10001.121 rows=411 loops=1)
  Filter: (person_id = 1207605)
  Rows Removed by Filter: 36243933
Planning time: 0.331 ms
Execution time: 10001.308 ms
