Hash Join  (cost=102091.72..940598.67 rows=401707 width=0) (actual time=1723.393..20894.613 rows=626967 loops=1)
  Hash Cond: (ci.movie_id = t.id)
  ->  Seq Scan on cast_info ci  (cost=0.00..705507.15 rows=34395391 width=4) (actual time=0.008..11449.560 rows=34374975 loops=1)
        Filter: (person_id < 3693002)
        Rows Removed by Filter: 1869369
  ->  Hash  (cost=101722.58..101722.58 rows=29531 width=8) (actual time=1723.166..1723.166 rows=20683 loops=1)
        Buckets: 32768  Batches: 1  Memory Usage: 1064kB
        ->  Hash Join  (cost=70241.71..101722.58 rows=29531 width=8) (actual time=982.952..1714.996 rows=20683 loops=1)
              Hash Cond: (mi_idx.movie_id = t.id)
              ->  Seq Scan on movie_info_idx mi_idx  (cost=0.00..25185.44 rows=464566 width=4) (actual time=0.020..501.758 rows=459925 loops=1)
                    Filter: (info_type_id = 101)
                    Rows Removed by Filter: 920110
              ->  Hash  (cost=67604.59..67604.59 rows=160730 width=4) (actual time=982.238..982.238 rows=160017 loops=1)
                    Buckets: 131072  Batches: 4  Memory Usage: 2436kB
                    ->  Seq Scan on title t  (cost=0.00..67604.59 rows=160730 width=4) (actual time=0.016..927.897 rows=160017 loops=1)
                          Filter: (production_year = 2011)
                          Rows Removed by Filter: 2368295
Planning time: 0.917 ms
Execution time: 20981.188 ms
