Seq Scan on movie_companies mc  (cost=0.00..57926.93 rows=808364 width=0) (actual time=6.711..994.170 rows=503807 loops=1)
  Filter: ((company_id < 15491) AND (company_type_id > 1))
  Rows Removed by Filter: 2105322
Planning time: 0.322 ms
Execution time: 1058.973 ms
