Hash Join  (cost=124827.45..251354.96 rows=371447 width=0) (actual time=3030.760..7480.117 rows=5280356 loops=1)
  Hash Cond: (mk.movie_id = t.id)
  ->  Seq Scan on movie_keyword mk  (cost=0.00..69693.30 rows=4523930 width=4) (actual time=0.025..1436.841 rows=4523930 loops=1)
  ->  Hash  (cost=121421.32..121421.32 rows=207610 width=8) (actual time=3028.787..3028.787 rows=472643 loops=1)
        Buckets: 131072 (originally 131072)  Batches: 8 (originally 4)  Memory Usage: 3350kB
        ->  Hash Join  (cost=80166.74..121421.32 rows=207610 width=8) (actual time=1672.146..2899.269 rows=472643 loops=1)
              Hash Cond: (mi_idx.movie_id = t.id)
              ->  Seq Scan on movie_info_idx mi_idx  (cost=0.00..21735.35 rows=1380035 width=4) (actual time=0.024..485.835 rows=1380035 loops=1)
              ->  Hash  (cost=73925.90..73925.90 rows=380387 width=4) (actual time=1671.187..1671.187 rows=484820 loops=1)
                    Buckets: 131072  Batches: 8  Memory Usage: 3166kB
                    ->  Seq Scan on title t  (cost=0.00..73925.90 rows=380387 width=4) (actual time=0.026..1273.409 rows=484820 loops=1)
                          Filter: ((kind_id < 7) AND (production_year < 1999))
                          Rows Removed by Filter: 2043492
Planning time: 1.223 ms
Execution time: 8077.187 ms
