Hash Join  (cost=78476.71..206524.86 rows=496212 width=0) (actual time=1671.953..4035.317 rows=92470 loops=1)
  Hash Cond: (mk.movie_id = t.id)
  ->  Seq Scan on movie_keyword mk  (cost=0.00..69693.30 rows=4523930 width=4) (actual time=0.014..1262.188 rows=4523930 loops=1)
  ->  Hash  (cost=73925.90..73925.90 rows=277344 width=4) (actual time=1071.906..1071.906 rows=169544 loops=1)
        Buckets: 131072  Batches: 4  Memory Usage: 2519kB
        ->  Seq Scan on title t  (cost=0.00..73925.90 rows=277344 width=4) (actual time=0.021..1012.203 rows=169544 loops=1)
              Filter: ((production_year < 1976) AND (kind_id = 7))
              Rows Removed by Filter: 2358768
Planning time: 0.710 ms
Execution time: 4047.702 ms
