Hash Join  (cost=74146.12..849937.14 rows=128202 width=0) (actual time=881.438..16939.763 rows=202795 loops=1)
  Hash Cond: (ci.movie_id = t.id)
  ->  Seq Scan on cast_info ci  (cost=0.00..705507.15 rows=18400495 width=4) (actual time=1.115..11367.571 rows=18289763 loops=1)
        Filter: (person_id < 1818208)
        Rows Removed by Filter: 17954581
  ->  Hash  (cost=73925.90..73925.90 rows=17617 width=4) (actual time=869.717..869.717 rows=22021 loops=1)
        Buckets: 32768  Batches: 1  Memory Usage: 1031kB
        ->  Seq Scan on title t  (cost=0.00..73925.90 rows=17617 width=4) (actual time=0.026..860.603 rows=22021 loops=1)
              Filter: ((production_year > 2012) AND (kind_id = 1))
              Rows Removed by Filter: 2506291
Planning time: 0.761 ms
Execution time: 16973.849 ms
