Nested Loop  (cost=0.43..797957.66 rows=224 width=0) (actual time=2571.455..12887.707 rows=528 loops=1)
  ->  Seq Scan on cast_info ci  (cost=0.00..796071.18 rows=224 width=4) (actual time=2571.334..12881.014 rows=528 loops=1)
        Filter: ((role_id > 2) AND (person_id = 696690))
        Rows Removed by Filter: 36243816
  ->  Index Only Scan using title_pkey on title t  (cost=0.43..8.41 rows=1 width=4) (actual time=0.012..0.012 rows=1 loops=528)
        Index Cond: (id = ci.movie_id)
        Heap Fetches: 528
Planning time: 0.780 ms
Execution time: 12887.919 ms
