Seq Scan on movie_companies mc  (cost=0.00..57926.93 rows=51 width=0) (actual time=424.415..793.622 rows=337 loops=1)
  Filter: ((company_id = 3270) AND (company_type_id = 1))
  Rows Removed by Filter: 2608792
Planning time: 0.371 ms
Execution time: 793.810 ms
