Hash Join  (cost=82536.92..159108.52 rows=252520 width=0) (actual time=1441.072..3005.414 rows=116534 loops=1)
  Hash Cond: (mc.movie_id = t.id)
  ->  Seq Scan on movie_companies mc  (cost=0.00..57926.93 rows=1216659 width=4) (actual time=102.803..1057.482 rows=1165662 loops=1)
        Filter: ((company_id > 19) AND (company_type_id = 1))
        Rows Removed by Filter: 1443467
  ->  Hash  (cost=73925.90..73925.90 rows=524801 width=4) (actual time=1337.350..1337.350 rows=386160 loops=1)
        Buckets: 131072  Batches: 8  Memory Usage: 2711kB
        ->  Seq Scan on title t  (cost=0.00..73925.90 rows=524801 width=4) (actual time=0.032..1209.661 rows=386160 loops=1)
              Filter: ((kind_id > 1) AND (production_year < 1991))
              Rows Removed by Filter: 2142152
Planning time: 0.784 ms
Execution time: 3020.962 ms
