Hash Join  (cost=106840.27..931134.85 rows=801845 width=0) (actual time=9510.697..13859.077 rows=1627993 loops=1)
  Hash Cond: (ci.movie_id = t.id)
  ->  Seq Scan on cast_info ci  (cost=0.00..796071.18 rows=847790 width=4) (actual time=7307.508..9873.554 rows=1683656 loops=1)
        Filter: ((person_id < 229083) AND (role_id = 1))
        Rows Removed by Filter: 34560688
  ->  Hash  (cost=67604.59..67604.59 rows=2391495 width=4) (actual time=2202.259..2202.259 rows=2388876 loops=1)
        Buckets: 131072  Batches: 32  Memory Usage: 3646kB
        ->  Seq Scan on title t  (cost=0.00..67604.59 rows=2391495 width=4) (actual time=0.025..1195.691 rows=2388876 loops=1)
              Filter: (production_year < 2013)
              Rows Removed by Filter: 139436
Planning time: 0.725 ms
Execution time: 14062.123 ms
