Seq Scan on title t  (cost=0.00..73925.90 rows=1306543 width=0) (actual time=0.020..1201.298 rows=1431326 loops=1)
  Filter: ((kind_id > 1) AND (production_year > 1989))
  Rows Removed by Filter: 1096986
Planning time: 0.323 ms
Execution time: 1379.104 ms
