Hash Join  (cost=871197.99..1520261.17 rows=2049203 width=0) (actual time=21344.800..32646.115 rows=791047 loops=1)
  Hash Cond: (mi.movie_id = t.id)
  ->  Seq Scan on movie_info mi  (cost=0.00..309384.22 rows=14739122 width=4) (actual time=0.018..5267.206 rows=14835720 loops=1)
  ->  Hash  (cost=865429.67..865429.67 rows=351545 width=8) (actual time=20864.935..20864.935 rows=330207 loops=1)
        Buckets: 131072  Batches: 8  Memory Usage: 2686kB
        ->  Hash Join  (cost=74434.21..865429.67 rows=351545 width=8) (actual time=1026.426..18645.789 rows=330207 loops=1)
              Hash Cond: (ci.movie_id = t.id)
              ->  Seq Scan on cast_info ci  (cost=0.00..705507.15 rows=21859432 width=4) (actual time=0.025..11429.572 rows=21945732 loops=1)
                    Filter: (person_id > 1407680)
                    Rows Removed by Filter: 14298612
              ->  Hash  (cost=73925.90..73925.90 rows=40664 width=4) (actual time=1026.006..1026.006 rows=40257 loops=1)
                    Buckets: 65536  Batches: 1  Memory Usage: 1928kB
                    ->  Seq Scan on title t  (cost=0.00..73925.90 rows=40664 width=4) (actual time=0.033..1007.007 rows=40257 loops=1)
                          Filter: ((production_year > 2012) AND (kind_id = 7))
                          Rows Removed by Filter: 2488055
Planning time: 1.129 ms
Execution time: 32733.058 ms
