Hash Join  (cost=140417.21..662896.86 rows=2764804 width=0) (actual time=3053.568..16927.704 rows=5207755 loops=1)
  Hash Cond: (mi.movie_id = t.id)
  ->  Seq Scan on movie_info mi  (cost=0.00..346232.03 rows=12665229 width=4) (actual time=0.026..7091.229 rows=12744652 loops=1)
        Filter: (info_type_id > 2)
        Rows Removed by Filter: 2091068
  ->  Hash  (cost=131360.53..131360.53 rows=551974 width=8) (actual time=3052.654..3052.654 rows=430747 loops=1)
        Buckets: 131072  Batches: 8  Memory Usage: 3121kB
        ->  Hash Join  (cost=84197.31..131360.53 rows=551974 width=8) (actual time=1504.086..2911.401 rows=430747 loops=1)
              Hash Cond: (mi_idx.movie_id = t.id)
              ->  Seq Scan on movie_info_idx mi_idx  (cost=0.00..21735.35 rows=1380035 width=4) (actual time=0.020..443.605 rows=1380035 loops=1)
              ->  Hash  (cost=67604.59..67604.59 rows=1011338 width=4) (actual time=1503.061..1503.061 rows=1012920 loops=1)
                    Buckets: 131072  Batches: 16  Memory Usage: 3250kB
                    ->  Seq Scan on title t  (cost=0.00..67604.59 rows=1011338 width=4) (actual time=0.021..1170.433 rows=1012920 loops=1)
                          Filter: (production_year > 2005)
                          Rows Removed by Filter: 1515392
Planning time: 1.284 ms
Execution time: 17519.422 ms
