Seq Scan on movie_keyword mk  (cost=0.00..81003.12 rows=1504009 width=0) (actual time=0.020..1135.263 rows=1522339 loops=1)
  Filter: (keyword_id > 10565)
  Rows Removed by Filter: 3001591
Planning time: 0.691 ms
Execution time: 1306.090 ms
