Seq Scan on cast_info ci  (cost=0.00..705507.15 rows=12667884 width=0) (actual time=4.325..9166.608 rows=12613975 loops=1)
  Filter: (person_id < 1244619)
  Rows Removed by Filter: 23630369
Planning time: 0.297 ms
Execution time: 10583.024 ms
