Hash Join  (cost=88674.12..124341.01 rows=163879 width=0) (actual time=1349.972..2298.786 rows=290476 loops=1)
  Hash Cond: (mi_idx.movie_id = t.id)
  ->  Seq Scan on movie_info_idx mi_idx  (cost=0.00..25185.44 rows=460978 width=4) (actual time=0.013..459.364 rows=459925 loops=1)
        Filter: (info_type_id = 99)
        Rows Removed by Filter: 920110
  ->  Hash  (cost=73925.90..73925.90 rows=898897 width=4) (actual time=1348.938..1348.938 rows=815566 loops=1)
        Buckets: 131072  Batches: 16  Memory Usage: 2818kB
        ->  Seq Scan on title t  (cost=0.00..73925.90 rows=898897 width=4) (actual time=0.020..1106.349 rows=815566 loops=1)
              Filter: ((kind_id < 7) AND (production_year > 1949))
              Rows Removed by Filter: 1712746
Planning time: 0.772 ms
Execution time: 2334.491 ms
