Hash Join  (cost=154464.73..671983.61 rows=3534395 width=0) (actual time=3773.474..17485.561 rows=3137106 loops=1)
  Hash Cond: (mi.movie_id = t.id)
  ->  Seq Scan on movie_info mi  (cost=0.00..309384.22 rows=14739122 width=4) (actual time=0.008..5110.257 rows=14835720 loops=1)
  ->  Hash  (cost=144516.57..144516.57 rows=606333 width=8) (actual time=3772.652..3772.652 rows=350620 loops=1)
        Buckets: 131072  Batches: 8  Memory Usage: 2743kB
        ->  Hash Join  (cost=94973.51..144516.57 rows=606333 width=8) (actual time=1644.790..3581.857 rows=350620 loops=1)
              Hash Cond: (mi_idx.movie_id = t.id)
              ->  Seq Scan on movie_info_idx mi_idx  (cost=0.00..25185.44 rows=919057 width=4) (actual time=2.920..508.781 rows=920110 loops=1)
                    Filter: (info_type_id > 99)
                    Rows Removed by Filter: 459925
              ->  Hash  (cost=67604.59..67604.59 rows=1668154 width=4) (actual time=1639.795..1639.795 rows=1674098 loops=1)
                    Buckets: 131072  Batches: 32  Memory Usage: 2869kB
                    ->  Seq Scan on title t  (cost=0.00..67604.59 rows=1668154 width=4) (actual time=0.015..1120.909 rows=1674098 loops=1)
                          Filter: (kind_id > 3)
                          Rows Removed by Filter: 854214
Planning time: 1.140 ms
Execution time: 17856.602 ms
