Hash Join  (cost=156487.41..1094552.35 rows=1909394 width=0) (actual time=3089.835..20053.089 rows=1919459 loops=1)
  Hash Cond: (ci.movie_id = t.id)
  ->  Seq Scan on cast_info ci  (cost=0.00..796071.18 rows=10473284 width=4) (actual time=0.015..13056.835 rows=4479851 loops=1)
        Filter: ((person_id < 1586540) AND (role_id > 1))
        Rows Removed by Filter: 31764493
  ->  Hash  (cost=148924.19..148924.19 rows=460978 width=8) (actual time=3088.947..3088.947 rows=459925 loops=1)
        Buckets: 131072  Batches: 8  Memory Usage: 3275kB
        ->  Hash Join  (cost=102767.86..148924.19 rows=460978 width=8) (actual time=1752.063..2952.447 rows=459925 loops=1)
              Hash Cond: (mi_idx.movie_id = t.id)
              ->  Seq Scan on movie_info_idx mi_idx  (cost=0.00..25185.44 rows=460978 width=4) (actual time=0.022..442.414 rows=459925 loops=1)
                    Filter: (info_type_id = 99)
                    Rows Removed by Filter: 920110
              ->  Hash  (cost=61283.27..61283.27 rows=2528527 width=4) (actual time=1750.271..1750.271 rows=2528312 loops=1)
                    Buckets: 131072  Batches: 64  Memory Usage: 2415kB
                    ->  Seq Scan on title t  (cost=0.00..61283.27 rows=2528527 width=4) (actual time=0.016..940.840 rows=2528312 loops=1)
Planning time: 1.015 ms
Execution time: 20273.683 ms
