Seq Scan on movie_keyword mk  (cost=0.00..81003.12 rows=246 width=12) (actual time=354.802..611.751 rows=1 loops=1)
  Filter: (keyword_id = 92203)
  Rows Removed by Filter: 4523929
Planning time: 0.340 ms
Execution time: 611.780 ms
