Hash Join  (cost=165344.40..1334057.58 rows=13132903 width=0) (actual time=3663.975..40785.211 rows=27208406 loops=1)
  Hash Cond: (ci.movie_id = t.id)
  ->  Seq Scan on cast_info ci  (cost=0.00..614943.12 rows=36225612 width=4) (actual time=0.013..11951.828 rows=36244344 loops=1)
  ->  Hash  (cost=150305.04..150305.04 rows=916669 width=8) (actual time=3663.222..3663.222 rows=855351 loops=1)
        Buckets: 131072  Batches: 16  Memory Usage: 3115kB
        ->  Hash Join  (cost=95159.82..150305.04 rows=916669 width=8) (actual time=1790.826..3406.205 rows=855351 loops=1)
              Hash Cond: (mi_idx.movie_id = t.id)
              ->  Seq Scan on movie_info_idx mi_idx  (cost=0.00..21735.35 rows=1380035 width=4) (actual time=0.016..423.387 rows=1380035 loops=1)
              ->  Hash  (cost=67604.59..67604.59 rows=1679539 width=4) (actual time=1789.678..1789.678 rows=1673541 loops=1)
                    Buckets: 131072  Batches: 32  Memory Usage: 2866kB
                    ->  Seq Scan on title t  (cost=0.00..67604.59 rows=1679539 width=4) (actual time=0.012..1254.757 rows=1673541 loops=1)
                          Filter: (production_year > 1993)
                          Rows Removed by Filter: 854771
Planning time: 1.227 ms
Execution time: 43883.260 ms
