Hash Join  (cost=190230.21..312474.36 rows=1149560 width=0) (actual time=4162.596..8011.146 rows=4775664 loops=1)
  Hash Cond: (mk.movie_id = t.id)
  ->  Seq Scan on movie_keyword mk  (cost=0.00..81003.12 rows=2106246 width=4) (actual time=0.022..1510.113 rows=2113052 loops=1)
        Filter: (keyword_id < 3843)
        Rows Removed by Filter: 2410878
  ->  Hash  (cost=167588.78..167588.78 rows=1380035 width=8) (actual time=4160.902..4160.902 rows=1380035 loops=1)
        Buckets: 131072  Batches: 32  Memory Usage: 2726kB
        ->  Hash Join  (cost=102767.86..167588.78 rows=1380035 width=8) (actual time=1880.524..3762.658 rows=1380035 loops=1)
              Hash Cond: (mi_idx.movie_id = t.id)
              ->  Seq Scan on movie_info_idx mi_idx  (cost=0.00..21735.35 rows=1380035 width=4) (actual time=0.019..389.847 rows=1380035 loops=1)
              ->  Hash  (cost=61283.27..61283.27 rows=2528527 width=4) (actual time=1879.435..1879.435 rows=2528312 loops=1)
                    Buckets: 131072  Batches: 64  Memory Usage: 2415kB
                    ->  Seq Scan on title t  (cost=0.00..61283.27 rows=2528527 width=4) (actual time=0.013..1036.363 rows=2528312 loops=1)
Planning time: 0.739 ms
Execution time: 8577.224 ms
