Hash Join  (cost=547692.12..1516509.67 rows=10287418 width=0) (actual time=12693.480..43850.127 rows=43324580 loops=1)
  Hash Cond: (ci.movie_id = t.id)
  ->  Seq Scan on cast_info ci  (cost=0.00..705507.15 rows=11852644 width=4) (actual time=2363.083..13356.309 rows=11925987 loops=1)
        Filter: (person_id > 2496907)
        Rows Removed by Filter: 24318357
  ->  Hash  (cost=511686.41..511686.41 rows=2194617 width=8) (actual time=10329.226..10329.226 rows=2233850 loops=1)
        Buckets: 131072  Batches: 32  Memory Usage: 3598kB
        ->  Hash Join  (cost=102767.86..511686.41 rows=2194617 width=8) (actual time=3529.737..9669.648 rows=2233850 loops=1)
              Hash Cond: (mi.movie_id = t.id)
              ->  Seq Scan on movie_info mi  (cost=0.00..346232.03 rows=2194617 width=4) (actual time=1309.385..5222.454 rows=2233850 loops=1)
                    Filter: (info_type_id > 16)
                    Rows Removed by Filter: 12601870
              ->  Hash  (cost=61283.27..61283.27 rows=2528527 width=4) (actual time=2206.646..2206.646 rows=2528312 loops=1)
                    Buckets: 131072  Batches: 64  Memory Usage: 2425kB
                    ->  Seq Scan on title t  (cost=0.00..61283.27 rows=2528527 width=4) (actual time=0.029..1085.023 rows=2528312 loops=1)
Planning time: 1.679 ms
Execution time: 48677.868 ms
