Hash Join  (cost=796392.95..823303.56 rows=13 width=0) (actual time=10819.337..10822.197 rows=36 loops=1)
  Hash Cond: (mi_idx.movie_id = t.id)
  ->  Seq Scan on movie_info_idx mi_idx  (cost=0.00..21735.35 rows=1380035 width=4) (actual time=0.013..293.571 rows=1380035 loops=1)
  ->  Hash  (cost=796392.66..796392.66 rows=23 width=8) (actual time=10276.603..10276.603 rows=130 loops=1)
        Buckets: 1024  Batches: 1  Memory Usage: 14kB
        ->  Nested Loop  (cost=0.43..796392.66 rows=23 width=8) (actual time=4195.452..10276.506 rows=130 loops=1)
              ->  Seq Scan on cast_info ci  (cost=0.00..796071.18 rows=38 width=4) (actual time=4194.958..10274.515 rows=143 loops=1)
                    Filter: ((person_id = 2775610) AND (role_id = 4))
                    Rows Removed by Filter: 36244201
              ->  Index Scan using title_pkey on title t  (cost=0.43..8.45 rows=1 width=4) (actual time=0.012..0.013 rows=1 loops=143)
                    Index Cond: (id = ci.movie_id)
                    Filter: (kind_id = 7)
                    Rows Removed by Filter: 0
Planning time: 2.646 ms
Execution time: 10822.314 ms
