Seq Scan on cast_info ci  (cost=0.00..705507.15 rows=19144296 width=0) (actual time=0.046..11572.406 rows=19290449 loops=1)
  Filter: (person_id > 1675447)
  Rows Removed by Filter: 16953895
Planning time: 0.303 ms
Execution time: 13967.702 ms
