Hash Join  (cost=160872.84..652872.79 rows=1142802 width=0) (actual time=3045.549..15553.442 rows=5898027 loops=1)
  Hash Cond: (mi.movie_id = t.id)
  ->  Seq Scan on movie_info mi  (cost=0.00..309384.22 rows=14739122 width=4) (actual time=0.015..5092.395 rows=14835720 loops=1)
  ->  Hash  (cost=157656.22..157656.22 rows=196050 width=8) (actual time=3044.850..3044.850 rows=227626 loops=1)
        Buckets: 131072  Batches: 4  Memory Usage: 3241kB
        ->  Hash Join  (cost=88295.76..157656.22 rows=196050 width=8) (actual time=1536.849..2974.951 rows=227626 loops=1)
              Hash Cond: (mc.movie_id = t.id)
              ->  Seq Scan on movie_companies mc  (cost=0.00..57926.93 rows=393072 width=4) (actual time=0.024..877.002 rows=563442 loops=1)
                    Filter: ((company_id < 1716) AND (company_type_id < 2))
                    Rows Removed by Filter: 2045687
              ->  Hash  (cost=67604.59..67604.59 rows=1261134 width=4) (actual time=1535.996..1535.996 rows=1260295 loops=1)
                    Buckets: 131072  Batches: 32  Memory Usage: 2413kB
                    ->  Seq Scan on title t  (cost=0.00..67604.59 rows=1261134 width=4) (actual time=0.024..1143.465 rows=1260295 loops=1)
                          Filter: (production_year > 2002)
                          Rows Removed by Filter: 1268017
Planning time: 1.112 ms
Execution time: 16197.173 ms
