Seq Scan on movie_companies mc  (cost=0.00..57926.93 rows=862373 width=0) (actual time=171.845..922.154 rows=675937 loops=1)
  Filter: ((company_id > 2286) AND (company_type_id = 1))
  Rows Removed by Filter: 1933192
Planning time: 0.392 ms
Execution time: 1002.073 ms
