Hash Join  (cost=83072.46..833863.64 rows=197 width=0) (actual time=1265.073..15774.165 rows=5448 loops=1)
  Hash Cond: (ci.movie_id = t.id)
  ->  Seq Scan on cast_info ci  (cost=0.00..614943.12 rows=36225612 width=4) (actual time=0.015..7701.755 rows=36244344 loops=1)
  ->  Hash  (cost=83072.29..83072.29 rows=14 width=8) (actual time=1264.506..1264.506 rows=72 loops=1)
        Buckets: 1024  Batches: 1  Memory Usage: 11kB
        ->  Nested Loop  (cost=0.43..83072.29 rows=14 width=8) (actual time=4.282..1264.403 rows=72 loops=1)
              ->  Seq Scan on movie_keyword mk  (cost=0.00..81003.12 rows=246 width=4) (actual time=0.561..1185.444 rows=2025 loops=1)
                    Filter: (keyword_id = 3945)
                    Rows Removed by Filter: 4521905
              ->  Index Scan using title_pkey on title t  (cost=0.43..8.40 rows=1 width=4) (actual time=0.038..0.038 rows=0 loops=2025)
                    Index Cond: (id = mk.movie_id)
                    Filter: (production_year = 2010)
                    Rows Removed by Filter: 1
Planning time: 1.165 ms
Execution time: 15776.293 ms
