Seq Scan on cast_info ci  (cost=0.00..796071.18 rows=324 width=0) (actual time=9503.644..13393.453 rows=82 loops=1)
  Filter: ((role_id > 1) AND (person_id = 1163996))
  Rows Removed by Filter: 36244262
Planning time: 0.384 ms
Execution time: 13393.604 ms
