Seq Scan on cast_info ci  (cost=0.00..796071.18 rows=1228345 width=0) (actual time=0.015..10264.659 rows=516006 loops=1)
  Filter: ((person_id < 180997) AND (role_id > 1))
  Rows Removed by Filter: 35728338
Planning time: 0.306 ms
Execution time: 10328.425 ms
