Hash Join  (cost=71408.55..494714.09 rows=559605 width=0) (actual time=1044.137..10073.622 rows=409025 loops=1)
  Hash Cond: (mi.movie_id = t.id)
  ->  Seq Scan on movie_info mi  (cost=0.00..346232.03 rows=6103325 width=4) (actual time=0.032..5655.268 rows=6083429 loops=1)
        Filter: (info_type_id > 9)
        Rows Removed by Filter: 8752291
  ->  Hash  (cost=67604.59..67604.59 rows=231837 width=4) (actual time=1043.255..1043.255 rows=231649 loops=1)
        Buckets: 131072  Batches: 4  Memory Usage: 3082kB
        ->  Seq Scan on title t  (cost=0.00..67604.59 rows=231837 width=4) (actual time=0.016..960.914 rows=231649 loops=1)
              Filter: (production_year > 2011)
              Rows Removed by Filter: 2296663
Planning time: 11.089 ms
Execution time: 10128.946 ms
