Hash Join  (cost=130128.86..880920.03 rows=201 width=0) (actual time=1543.169..15481.390 rows=823 loops=1)
  Hash Cond: (ci.movie_id = t.id)
  ->  Seq Scan on cast_info ci  (cost=0.00..614943.12 rows=36225612 width=4) (actual time=0.028..7476.327 rows=36244344 loops=1)
  ->  Hash  (cost=130128.68..130128.68 rows=14 width=8) (actual time=1498.000..1498.000 rows=40 loops=1)
        Buckets: 1024  Batches: 1  Memory Usage: 10kB
        ->  Hash Join  (cost=73926.24..130128.68 rows=14 width=8) (actual time=610.577..1497.929 rows=40 loops=1)
              Hash Cond: (mc.movie_id = t.id)
              ->  Seq Scan on movie_companies mc  (cost=0.00..51404.11 rows=1279517 width=4) (actual time=0.019..741.732 rows=1274246 loops=1)
                    Filter: (company_type_id = 1)
                    Rows Removed by Filter: 1334883
              ->  Hash  (cost=73925.90..73925.90 rows=27 width=4) (actual time=606.696..606.696 rows=55 loops=1)
                    Buckets: 1024  Batches: 1  Memory Usage: 10kB
                    ->  Seq Scan on title t  (cost=0.00..73925.90 rows=27 width=4) (actual time=5.875..606.630 rows=55 loops=1)
                          Filter: ((production_year > 2013) AND (kind_id = 3))
                          Rows Removed by Filter: 2528257
Planning time: 1.602 ms
Execution time: 15482.095 ms
