Seq Scan on movie_companies mc  (cost=0.00..51404.11 rows=104 width=0) (actual time=492.093..730.964 rows=6 loops=1)
  Filter: (company_id = 98440)
  Rows Removed by Filter: 2609123
Planning time: 0.349 ms
Execution time: 731.035 ms
