Hash Join  (cost=183356.14..682808.73 rows=1841266 width=0) (actual time=3750.185..19089.220 rows=9378507 loops=1)
  Hash Cond: (mi.movie_id = t.id)
  ->  Seq Scan on movie_info mi  (cost=0.00..309384.22 rows=14739122 width=4) (actual time=0.012..5181.393 rows=14835720 loops=1)
  ->  Hash  (cost=178173.73..178173.73 rows=315873 width=8) (actual time=3749.324..3749.324 rows=613039 loops=1)
        Buckets: 131072  Batches: 8  Memory Usage: 4042kB
        ->  Hash Join  (cost=102767.86..178173.73 rows=315873 width=8) (actual time=2019.255..3549.672 rows=613039 loops=1)
              Hash Cond: (mc.movie_id = t.id)
              ->  Seq Scan on movie_companies mc  (cost=0.00..57926.93 rows=315873 width=4) (actual time=249.279..842.660 rows=613039 loops=1)
                    Filter: ((company_id > 61332) AND (company_type_id = 2))
                    Rows Removed by Filter: 1996090
              ->  Hash  (cost=61283.27..61283.27 rows=2528527 width=4) (actual time=1768.679..1768.679 rows=2528312 loops=1)
                    Buckets: 131072  Batches: 64  Memory Usage: 2415kB
                    ->  Seq Scan on title t  (cost=0.00..61283.27 rows=2528527 width=4) (actual time=0.022..932.106 rows=2528312 loops=1)
Planning time: 1.170 ms
Execution time: 20243.161 ms
