Seq Scan on movie_companies mc  (cost=0.00..51404.11 rows=104 width=0) (actual time=0.072..740.708 rows=891 loops=1)
  Filter: (company_id = 1378)
  Rows Removed by Filter: 2608238
Planning time: 0.340 ms
Execution time: 740.988 ms
