Seq Scan on movie_companies mc  (cost=0.00..51404.11 rows=104 width=0) (actual time=103.792..751.906 rows=468 loops=1)
  Filter: (company_id = 16734)
  Rows Removed by Filter: 2608661
Planning time: 0.346 ms
Execution time: 752.104 ms
