Seq Scan on movie_keyword mk  (cost=0.00..81003.12 rows=576255 width=0) (actual time=0.015..1204.453 rows=574146 loops=1)
  Filter: (keyword_id > 31997)
  Rows Removed by Filter: 3949784
Planning time: 0.213 ms
Execution time: 1279.020 ms
