Hash Join  (cost=178677.10..1307313.77 rows=9231551 width=0) (actual time=4274.900..35894.350 rows=7435727 loops=1)
  Hash Cond: (ci.movie_id = t.id)
  ->  Seq Scan on cast_info ci  (cost=0.00..614943.12 rows=36225612 width=4) (actual time=0.021..13356.568 rows=36244344 loops=1)
  ->  Hash  (cost=168104.64..168104.64 rows=644357 width=8) (actual time=4273.819..4273.819 rows=350975 loops=1)
        Buckets: 131072  Batches: 16  Memory Usage: 1874kB
        ->  Hash Join  (cost=84171.54..168104.64 rows=644357 width=8) (actual time=1765.158..4161.433 rows=350975 loops=1)
              Hash Cond: (mc.movie_id = t.id)
              ->  Seq Scan on movie_companies mc  (cost=0.00..44881.29 rows=2609129 width=4) (actual time=0.023..997.129 rows=2609129 loops=1)
              ->  Hash  (cost=73925.90..73925.90 rows=624451 width=4) (actual time=1489.460..1489.460 rows=521141 loops=1)
                    Buckets: 131072  Batches: 16  Memory Usage: 2168kB
                    ->  Seq Scan on title t  (cost=0.00..73925.90 rows=624451 width=4) (actual time=0.031..1318.196 rows=521141 loops=1)
                          Filter: ((production_year < 2000) AND (kind_id = 7))
                          Rows Removed by Filter: 2007171
Planning time: 1.306 ms
Execution time: 36782.662 ms
