Hash Join  (cost=68100.81..890482.41 rows=105727 width=0) (actual time=8004.253..13185.604 rows=29450 loops=1)
  Hash Cond: (ci.movie_id = t.id)
  ->  Seq Scan on cast_info ci  (cost=0.00..796071.18 rows=6734173 width=4) (actual time=7068.686..11783.573 rows=1850298 loops=1)
        Filter: ((person_id > 2460382) AND (role_id < 3))
        Rows Removed by Filter: 34394046
  ->  Hash  (cost=67604.59..67604.59 rows=39698 width=4) (actual time=934.839..934.839 rows=36437 loops=1)
        Buckets: 65536  Batches: 1  Memory Usage: 1793kB
        ->  Seq Scan on title t  (cost=0.00..67604.59 rows=39698 width=4) (actual time=0.038..919.610 rows=36437 loops=1)
              Filter: (production_year = 1995)
              Rows Removed by Filter: 2491875
Planning time: 1.077 ms
Execution time: 13190.144 ms
