Seq Scan on movie_companies mc  (cost=0.00..57926.93 rows=1058491 width=0) (actual time=20.878..1041.611 rows=1274246 loops=1)
  Filter: ((company_id < 76987) AND (company_type_id = 1))
  Rows Removed by Filter: 1334883
Planning time: 0.373 ms
Execution time: 1194.245 ms
