Seq Scan on movie_keyword mk  (cost=0.00..81003.12 rows=328652 width=0) (actual time=0.026..1155.640 rows=327129 loops=1)
  Filter: (keyword_id > 50306)
  Rows Removed by Filter: 4196801
Planning time: 0.288 ms
Execution time: 1200.205 ms
