Hash Join  (cost=124000.08..252410.28 rows=525917 width=0) (actual time=2294.849..7147.705 rows=3293290 loops=1)
  Hash Cond: (mk.movie_id = t.id)
  ->  Seq Scan on movie_keyword mk  (cost=0.00..69693.30 rows=4523930 width=4) (actual time=0.029..1429.090 rows=4523930 loops=1)
  ->  Hash  (cost=119176.74..119176.74 rows=293947 width=8) (actual time=2293.096..2293.096 rows=339445 loops=1)
        Buckets: 131072 (originally 131072)  Batches: 8 (originally 4)  Memory Usage: 3073kB
        ->  Hash Join  (cost=76440.79..119176.74 rows=293947 width=8) (actual time=1074.188..2200.481 rows=339445 loops=1)
              Hash Cond: (mi_idx.movie_id = t.id)
              ->  Seq Scan on movie_info_idx mi_idx  (cost=0.00..21735.35 rows=1380035 width=4) (actual time=0.016..414.016 rows=1380035 loops=1)
              ->  Hash  (cost=67604.59..67604.59 rows=538576 width=4) (actual time=1073.300..1073.300 rows=538190 loops=1)
                    Buckets: 131072  Batches: 8  Memory Usage: 3380kB
                    ->  Seq Scan on title t  (cost=0.00..67604.59 rows=538576 width=4) (actual time=0.022..899.694 rows=538190 loops=1)
                          Filter: (production_year < 1982)
                          Rows Removed by Filter: 1990122
Planning time: 1.123 ms
Execution time: 7533.583 ms
