Nested Loop  (cost=0.43..83071.67 rows=246 width=0) (actual time=15.351..1164.799 rows=122 loops=1)
  ->  Seq Scan on movie_keyword mk  (cost=0.00..81003.12 rows=246 width=4) (actual time=15.255..1160.177 rows=122 loops=1)
        Filter: (keyword_id = 7703)
        Rows Removed by Filter: 4523808
  ->  Index Only Scan using title_pkey on title t  (cost=0.43..8.40 rows=1 width=4) (actual time=0.033..0.034 rows=1 loops=122)
        Index Cond: (id = mk.movie_id)
        Heap Fetches: 122
Planning time: 0.717 ms
Execution time: 1164.952 ms
