Seq Scan on cast_info ci  (cost=0.00..796071.18 rows=204178 width=0) (actual time=104.594..12733.949 rows=258130 loops=1)
  Filter: ((person_id > 1478523) AND (role_id = 11))
  Rows Removed by Filter: 35986214
Planning time: 0.389 ms
Execution time: 12768.342 ms
