Seq Scan on movie_keyword mk  (cost=0.00..81003.12 rows=3351888 width=0) (actual time=0.023..1443.970 rows=3338078 loops=1)
  Filter: (keyword_id < 15682)
  Rows Removed by Filter: 1185852
Planning time: 0.302 ms
Execution time: 1850.447 ms
