Seq Scan on cast_info ci  (cost=0.00..796071.18 rows=12553271 width=0) (actual time=2234.941..13669.001 rows=18909716 loops=1)
  Filter: ((person_id > 1656256) AND (role_id > 1))
  Rows Removed by Filter: 17334628
Planning time: 0.343 ms
Execution time: 15950.250 ms
