Seq Scan on cast_info ci  (cost=0.00..796071.18 rows=3636041 width=0) (actual time=3426.547..11637.420 rows=7331974 loops=1)
  Filter: ((person_id < 1000811) AND (role_id = 1))
  Rows Removed by Filter: 28912370
Planning time: 0.354 ms
Execution time: 12553.168 ms
