Hash Join  (cost=123818.72..251813.15 rows=284598 width=0) (actual time=2839.717..5926.664 rows=183888 loops=1)
  Hash Cond: (mk.movie_id = t.id)
  ->  Seq Scan on movie_keyword mk  (cost=0.00..81003.12 rows=3753153 width=4) (actual time=0.031..1719.723 rows=3749292 loops=1)
        Filter: (keyword_id > 731)
        Rows Removed by Filter: 774638
  ->  Hash  (cost=120673.02..120673.02 rows=191736 width=8) (actual time=2535.258..2535.258 rows=84558 loops=1)
        Buckets: 131072  Batches: 4  Memory Usage: 1858kB
        ->  Hash Join  (cost=79690.18..120673.02 rows=191736 width=8) (actual time=1664.587..2506.815 rows=84558 loops=1)
              Hash Cond: (mi_idx.movie_id = t.id)
              ->  Seq Scan on movie_info_idx mi_idx  (cost=0.00..21735.35 rows=1380035 width=4) (actual time=0.018..475.043 rows=1380035 loops=1)
              ->  Hash  (cost=73925.90..73925.90 rows=351302 width=4) (actual time=1416.487..1416.487 rows=233910 loops=1)
                    Buckets: 131072  Batches: 8  Memory Usage: 2039kB
                    ->  Seq Scan on title t  (cost=0.00..73925.90 rows=351302 width=4) (actual time=158.738..1307.331 rows=233910 loops=1)
                          Filter: ((production_year < 1984) AND (kind_id = 7))
                          Rows Removed by Filter: 2294402
Planning time: 1.167 ms
Execution time: 5948.366 ms
