Hash Join  (cost=94644.63..149324.43 rows=1427 width=0) (actual time=1402.850..2137.806 rows=2166 loops=1)
  Hash Cond: (mc.movie_id = t.id)
  ->  Seq Scan on movie_companies mc  (cost=0.00..44881.29 rows=2609129 width=4) (actual time=0.024..375.300 rows=2609129 loops=1)
  ->  Hash  (cost=94627.35..94627.35 rows=1383 width=8) (actual time=1402.615..1402.615 rows=1156 loops=1)
        Buckets: 2048  Batches: 1  Memory Usage: 62kB
        ->  Hash Join  (cost=67699.41..94627.35 rows=1383 width=8) (actual time=927.940..1402.017 rows=1156 loops=1)
              Hash Cond: (mi_idx.movie_id = t.id)
              ->  Seq Scan on movie_info_idx mi_idx  (cost=0.00..25185.44 rows=460978 width=4) (actual time=0.024..387.029 rows=459925 loops=1)
                    Filter: (info_type_id = 99)
                    Rows Removed by Filter: 920110
              ->  Hash  (cost=67604.59..67604.59 rows=7586 width=4) (actual time=927.476..927.476 rows=5872 loops=1)
                    Buckets: 8192  Batches: 1  Memory Usage: 271kB
                    ->  Seq Scan on title t  (cost=0.00..67604.59 rows=7586 width=4) (actual time=445.864..924.794 rows=5872 loops=1)
                          Filter: (production_year < 1900)
                          Rows Removed by Filter: 2522440
Planning time: 1.154 ms
Execution time: 2138.219 ms
