Hash Join  (cost=89762.59..162407.59 rows=298345 width=0) (actual time=1564.063..2870.799 rows=189613 loops=1)
  Hash Cond: (mc.movie_id = t.id)
  ->  Seq Scan on movie_companies mc  (cost=0.00..57926.93 rows=558564 width=4) (actual time=0.017..861.563 rows=279180 loops=1)
        Filter: ((company_id > 13167) AND (company_type_id = 1))
        Rows Removed by Filter: 2329949
  ->  Hash  (cost=67604.59..67604.59 rows=1350560 width=4) (actual time=1563.260..1563.260 rows=1348293 loops=1)
        Buckets: 131072  Batches: 32  Memory Usage: 2505kB
        ->  Seq Scan on title t  (cost=0.00..67604.59 rows=1350560 width=4) (actual time=0.015..1133.988 rows=1348293 loops=1)
              Filter: (production_year < 2005)
              Rows Removed by Filter: 1180019
Planning time: 0.913 ms
Execution time: 2895.400 ms
