Seq Scan on movie_keyword mk  (cost=0.00..81003.12 rows=941885 width=0) (actual time=0.025..1297.393 rows=952981 loops=1)
  Filter: (keyword_id > 19918)
  Rows Removed by Filter: 3570949
Planning time: 0.334 ms
Execution time: 1418.034 ms
