Seq Scan on cast_info ci  (cost=0.00..796071.18 rows=131 width=0) (actual time=8113.064..10912.855 rows=1 loops=1)
  Filter: ((role_id > 4) AND (person_id = 2543087))
  Rows Removed by Filter: 36244343
Planning time: 0.390 ms
Execution time: 10912.973 ms
