Hash Join  (cost=130236.45..218676.49 rows=1794 width=0) (actual time=2863.960..3701.724 rows=2326 loops=1)
  Hash Cond: (mk.movie_id = t.id)
  ->  Seq Scan on movie_keyword mk  (cost=0.00..81003.12 rows=1978394 width=4) (actual time=0.024..1326.075 rows=1987041 loops=1)
        Filter: (keyword_id > 6341)
        Rows Removed by Filter: 2536889
  ->  Hash  (cost=130207.79..130207.79 rows=2293 width=8) (actual time=2069.953..2069.953 rows=4139 loops=1)
        Buckets: 8192 (originally 4096)  Batches: 1 (originally 1)  Memory Usage: 226kB
        ->  Hash Join  (cost=73982.55..130207.79 rows=2293 width=8) (actual time=1004.082..2068.216 rows=4139 loops=1)
              Hash Cond: (mc.movie_id = t.id)
              ->  Seq Scan on movie_companies mc  (cost=0.00..51404.11 rows=1279517 width=4) (actual time=27.083..869.457 rows=1274246 loops=1)
                    Filter: (company_type_id < 2)
                    Rows Removed by Filter: 1334883
              ->  Hash  (cost=73925.90..73925.90 rows=4532 width=4) (actual time=976.831..976.831 rows=6734 loops=1)
                    Buckets: 8192  Batches: 1  Memory Usage: 301kB
                    ->  Seq Scan on title t  (cost=0.00..73925.90 rows=4532 width=4) (actual time=90.190..973.619 rows=6734 loops=1)
                          Filter: ((kind_id = 7) AND (production_year = 1961))
                          Rows Removed by Filter: 2521578
Planning time: 1.183 ms
Execution time: 3702.266 ms
