Hash Join  (cost=102767.86..1331391.24 rows=21329368 width=0) (actual time=2069.346..34321.387 rows=21183536 loops=1)
  Hash Cond: (ci.movie_id = t.id)
  ->  Seq Scan on cast_info ci  (cost=0.00..705507.15 rows=21329368 width=4) (actual time=0.012..13694.332 rows=21183536 loops=1)
        Filter: (person_id < 2140330)
        Rows Removed by Filter: 15060808
  ->  Hash  (cost=61283.27..61283.27 rows=2528527 width=4) (actual time=2068.176..2068.176 rows=2528312 loops=1)
        Buckets: 131072  Batches: 64  Memory Usage: 2415kB
        ->  Seq Scan on title t  (cost=0.00..61283.27 rows=2528527 width=4) (actual time=0.013..949.239 rows=2528312 loops=1)
Planning time: 0.545 ms
Execution time: 36910.526 ms
