Seq Scan on movie_keyword mk  (cost=0.00..81003.12 rows=246 width=0) (actual time=5.121..1201.076 rows=400 loops=1)
  Filter: (keyword_id = 8086)
  Rows Removed by Filter: 4523530
Planning time: 0.368 ms
Execution time: 1201.342 ms
