Hash Join  (cost=90260.67..128689.29 rows=251751 width=0) (actual time=1638.016..2595.889 rows=221314 loops=1)
  Hash Cond: (mi_idx.movie_id = t.id)
  ->  Seq Scan on movie_info_idx mi_idx  (cost=0.00..25185.44 rows=460978 width=4) (actual time=0.025..444.143 rows=459925 loops=1)
        Filter: (info_type_id < 100)
        Rows Removed by Filter: 920110
  ->  Hash  (cost=67604.59..67604.59 rows=1380887 width=4) (actual time=1637.182..1637.182 rows=1381453 loops=1)
        Buckets: 131072  Batches: 32  Memory Usage: 2543kB
        ->  Seq Scan on title t  (cost=0.00..67604.59 rows=1380887 width=4) (actual time=0.014..1199.843 rows=1381453 loops=1)
              Filter: (production_year > 2000)
              Rows Removed by Filter: 1146859
Planning time: 0.831 ms
Execution time: 2622.259 ms
