Seq Scan on movie_companies mc  (cost=0.00..57926.93 rows=1330 width=0) (actual time=207.256..749.954 rows=1317 loops=1)
  Filter: ((company_id = 2805) AND (company_type_id = 2))
  Rows Removed by Filter: 2607812
Planning time: 0.365 ms
Execution time: 750.264 ms
