Seq Scan on cast_info ci  (cost=0.00..796071.18 rows=2155344 width=0) (actual time=0.021..12359.942 rows=4366599 loops=1)
  Filter: ((person_id < 583627) AND (role_id < 2))
  Rows Removed by Filter: 31877745
Planning time: 0.367 ms
Execution time: 12887.884 ms
