Hash Join  (cost=173442.98..667683.58 rows=1352767 width=0) (actual time=3138.908..16258.286 rows=4293333 loops=1)
  Hash Cond: (mi.movie_id = t.id)
  ->  Seq Scan on movie_info mi  (cost=0.00..309384.22 rows=14739122 width=4) (actual time=0.014..4897.311 rows=14835720 loops=1)
  ->  Hash  (cost=169635.11..169635.11 rows=232070 width=8) (actual time=3138.113..3138.113 rows=229604 loops=1)
        Buckets: 131072  Batches: 4  Memory Usage: 3282kB
        ->  Hash Join  (cost=102767.86..169635.11 rows=232070 width=8) (actual time=1714.922..3059.958 rows=229604 loops=1)
              Hash Cond: (mc.movie_id = t.id)
              ->  Seq Scan on movie_companies mc  (cost=0.00..51404.11 rows=232070 width=4) (actual time=0.016..746.432 rows=229604 loops=1)
                    Filter: (company_id < 92)
                    Rows Removed by Filter: 2379525
              ->  Hash  (cost=61283.27..61283.27 rows=2528527 width=4) (actual time=1714.226..1714.226 rows=2528312 loops=1)
                    Buckets: 131072  Batches: 64  Memory Usage: 2415kB
                    ->  Seq Scan on title t  (cost=0.00..61283.27 rows=2528527 width=4) (actual time=0.020..886.463 rows=2528312 loops=1)
Planning time: 1.220 ms
Execution time: 16729.249 ms
