Hash Join  (cost=101207.52..466098.71 rows=23524 width=0) (actual time=1856.702..8161.934 rows=21416 loops=1)
  Hash Cond: (mi.movie_id = t.id)
  ->  Seq Scan on movie_info mi  (cost=0.00..309384.22 rows=14739122 width=4) (actual time=0.021..3634.656 rows=14835720 loops=1)
  ->  Hash  (cost=101157.07..101157.07 rows=4036 width=8) (actual time=1588.840..1588.840 rows=2848 loops=1)
        Buckets: 4096  Batches: 1  Memory Usage: 144kB
        ->  Hash Join  (cost=74202.60..101157.07 rows=4036 width=8) (actual time=1014.162..1587.554 rows=2848 loops=1)
              Hash Cond: (mi_idx.movie_id = t.id)
              ->  Seq Scan on movie_info_idx mi_idx  (cost=0.00..25185.44 rows=460978 width=4) (actual time=0.022..453.262 rows=459925 loops=1)
                    Filter: (info_type_id < 100)
                    Rows Removed by Filter: 920110
              ->  Hash  (cost=73925.90..73925.90 rows=22136 width=4) (actual time=1013.719..1013.719 rows=24301 loops=1)
                    Buckets: 32768  Batches: 1  Memory Usage: 1111kB
                    ->  Seq Scan on title t  (cost=0.00..73925.90 rows=22136 width=4) (actual time=0.085..1003.448 rows=24301 loops=1)
                          Filter: ((kind_id = 7) AND (production_year = 1996))
                          Rows Removed by Filter: 2504011
Planning time: 1.129 ms
Execution time: 8165.483 ms
