Hash Join  (cost=166438.04..652319.81 rows=569386 width=0) (actual time=2872.576..12847.313 rows=1027827 loops=1)
  Hash Cond: (mi.movie_id = t.id)
  ->  Seq Scan on movie_info mi  (cost=0.00..309384.22 rows=14739122 width=4) (actual time=0.025..4931.001 rows=14835720 loops=1)
  ->  Hash  (cost=164835.05..164835.05 rows=97679 width=8) (actual time=2871.598..2871.598 rows=34891 loops=1)
        Buckets: 131072  Batches: 2  Memory Usage: 1708kB
        ->  Hash Join  (cost=74050.79..164835.05 rows=97679 width=8) (actual time=1121.228..2859.308 rows=34891 loops=1)
              Hash Cond: (mk.movie_id = t.id)
              ->  Seq Scan on movie_keyword mk  (cost=0.00..81003.12 rows=628627 width=4) (actual time=0.018..1122.757 rows=625964 loops=1)
                    Filter: (keyword_id < 486)
                    Rows Removed by Filter: 3897966
              ->  Hash  (cost=67604.59..67604.59 rows=392896 width=4) (actual time=1119.079..1119.079 rows=391666 loops=1)
                    Buckets: 131072  Batches: 8  Memory Usage: 2759kB
                    ->  Seq Scan on title t  (cost=0.00..67604.59 rows=392896 width=4) (actual time=0.012..986.838 rows=391666 loops=1)
                          Filter: (production_year > 2010)
                          Rows Removed by Filter: 2136646
Planning time: 1.161 ms
Execution time: 12978.802 ms
