Hash Join  (cost=103947.06..147817.30 rows=407313 width=0) (actual time=1881.665..3040.537 rows=413565 loops=1)
  Hash Cond: (mi_idx.movie_id = t.id)
  ->  Seq Scan on movie_info_idx mi_idx  (cost=0.00..25185.44 rows=464934 width=4) (actual time=0.025..472.997 rows=460185 loops=1)
        Filter: (info_type_id > 100)
        Rows Removed by Filter: 919850
  ->  Hash  (cost=67604.59..67604.59 rows=2215158 width=4) (actual time=1880.852..1880.852 rows=2203697 loops=1)
        Buckets: 131072  Batches: 32  Memory Usage: 3448kB
        ->  Seq Scan on title t  (cost=0.00..67604.59 rows=2215158 width=4) (actual time=0.022..1169.798 rows=2203697 loops=1)
              Filter: (production_year > 1960)
              Rows Removed by Filter: 324615
Planning time: 0.759 ms
Execution time: 3087.053 ms
