Hash Join  (cost=798388.90..1163060.92 rows=1609 width=0) (actual time=14000.217..19532.062 rows=12 loops=1)
  Hash Cond: (mi.movie_id = t.id)
  ->  Seq Scan on movie_info mi  (cost=0.00..309384.22 rows=14739122 width=4) (actual time=0.020..3368.728 rows=14835720 loops=1)
  ->  Hash  (cost=798385.45..798385.45 rows=276 width=8) (actual time=13450.228..13450.228 rows=3 loops=1)
        Buckets: 1024  Batches: 1  Memory Usage: 9kB
        ->  Nested Loop  (cost=0.43..798385.45 rows=276 width=8) (actual time=11007.759..13450.198 rows=3 loops=1)
              ->  Seq Scan on cast_info ci  (cost=0.00..796071.18 rows=276 width=4) (actual time=11007.592..13450.003 rows=3 loops=1)
                    Filter: ((role_id < 3) AND (person_id = 2059367))
                    Rows Removed by Filter: 36244341
              ->  Index Only Scan using title_pkey on title t  (cost=0.43..8.38 rows=1 width=4) (actual time=0.035..0.036 rows=1 loops=3)
                    Index Cond: (id = ci.movie_id)
                    Heap Fetches: 3
Planning time: 1.036 ms
Execution time: 19532.156 ms
