Seq Scan on cast_info ci  (cost=0.00..796071.18 rows=324 width=0) (actual time=9242.449..12543.999 rows=170 loops=1)
  Filter: ((role_id > 1) AND (person_id = 2842675))
  Rows Removed by Filter: 36244174
Planning time: 0.400 ms
Execution time: 12544.166 ms
