Hash Join  (cost=78556.72..223310.15 rows=1136493 width=0) (actual time=1454.058..5771.175 rows=2711441 loops=1)
  Hash Cond: (mk.movie_id = t.id)
  ->  Seq Scan on movie_keyword mk  (cost=0.00..81003.12 rows=4304898 width=4) (actual time=0.014..1888.852 rows=4303155 loops=1)
        Filter: (keyword_id < 64596)
        Rows Removed by Filter: 220775
  ->  Hash  (cost=67604.59..67604.59 rows=667531 width=4) (actual time=1452.743..1452.743 rows=662825 loops=1)
        Buckets: 131072  Batches: 16  Memory Usage: 2486kB
        ->  Seq Scan on title t  (cost=0.00..67604.59 rows=667531 width=4) (actual time=31.018..1231.622 rows=662825 loops=1)
              Filter: (kind_id = 1)
              Rows Removed by Filter: 1865487
Planning time: 1.885 ms
Execution time: 6029.642 ms
