Nested Loop  (cost=0.43..52283.95 rows=77 width=0) (actual time=133.945..697.350 rows=94 loops=1)
  ->  Seq Scan on movie_companies mc  (cost=0.00..51404.11 rows=104 width=4) (actual time=55.590..683.636 rows=256 loops=1)
        Filter: (company_id = 3571)
        Rows Removed by Filter: 2608873
  ->  Index Scan using title_pkey on title t  (cost=0.43..8.45 rows=1 width=4) (actual time=0.052..0.053 rows=0 loops=256)
        Index Cond: (id = mc.movie_id)
        Filter: (kind_id > 1)
        Rows Removed by Filter: 1
Planning time: 1.999 ms
Execution time: 697.495 ms
