Hash Join  (cost=84122.85..198818.91 rows=548100 width=0) (actual time=1686.150..4611.706 rows=1362343 loops=1)
  Hash Cond: (mk.movie_id = t.id)
  ->  Seq Scan on movie_keyword mk  (cost=0.00..81003.12 rows=2229847 width=4) (actual time=0.025..1497.665 rows=2223316 loops=1)
        Filter: (keyword_id < 4555)
        Rows Removed by Filter: 2300614
  ->  Hash  (cost=73925.90..73925.90 rows=621516 width=4) (actual time=1398.181..1398.181 rows=549487 loops=1)
        Buckets: 131072  Batches: 16  Memory Usage: 2239kB
        ->  Seq Scan on title t  (cost=0.00..73925.90 rows=621516 width=4) (actual time=169.008..1221.270 rows=549487 loops=1)
              Filter: ((production_year > 1926) AND (kind_id = 1))
              Rows Removed by Filter: 1978825
Planning time: 0.769 ms
Execution time: 4782.288 ms
