Hash Join  (cost=78101.77..544435.85 rows=953689 width=0) (actual time=1083.131..12298.596 rows=3294582 loops=1)
  Hash Cond: (mi.movie_id = t.id)
  ->  Seq Scan on movie_info mi  (cost=0.00..346232.03 rows=9476311 width=4) (actual time=0.019..5942.617 rows=9565151 loops=1)
        Filter: (info_type_id < 16)
        Rows Removed by Filter: 5270569
  ->  Hash  (cost=73925.90..73925.90 rows=254469 width=4) (actual time=1082.328..1082.328 rows=378527 loops=1)
        Buckets: 131072 (originally 131072)  Batches: 8 (originally 4)  Memory Usage: 3073kB
        ->  Seq Scan on title t  (cost=0.00..73925.90 rows=254469 width=4) (actual time=0.018..829.294 rows=378527 loops=1)
              Filter: ((kind_id < 3) AND (production_year < 1996))
              Rows Removed by Filter: 2149785
Planning time: 0.925 ms
Execution time: 12685.745 ms
