Seq Scan on cast_info ci  (cost=0.00..705507.15 rows=11476802 width=0) (actual time=200.246..10632.896 rows=11382601 loops=1)
  Filter: (person_id < 1118744)
  Rows Removed by Filter: 24861743
Planning time: 0.311 ms
Execution time: 12100.570 ms
