Hash Join  (cost=101217.37..188025.54 rows=15013 width=0) (actual time=1464.293..3204.273 rows=179655 loops=1)
  Hash Cond: (mk.movie_id = t.id)
  ->  Seq Scan on movie_keyword mk  (cost=0.00..69693.30 rows=4523930 width=4) (actual time=0.015..848.229 rows=4523930 loops=1)
  ->  Hash  (cost=101112.48..101112.48 rows=8391 width=8) (actual time=1464.121..1464.121 rows=13362 loops=1)
        Buckets: 16384  Batches: 1  Memory Usage: 650kB
        ->  Hash Join  (cost=74118.09..101112.48 rows=8391 width=8) (actual time=1131.631..1459.156 rows=13362 loops=1)
              Hash Cond: (mi_idx.movie_id = t.id)
              ->  Seq Scan on movie_info_idx mi_idx  (cost=0.00..21735.35 rows=1380035 width=4) (actual time=0.022..245.875 rows=1380035 loops=1)
              ->  Hash  (cost=73925.90..73925.90 rows=15375 width=4) (actual time=927.666..927.666 rows=8740 loops=1)
                    Buckets: 16384  Batches: 1  Memory Usage: 436kB
                    ->  Seq Scan on title t  (cost=0.00..73925.90 rows=15375 width=4) (actual time=251.680..923.972 rows=8740 loops=1)
                          Filter: ((kind_id = 1) AND (production_year = 2001))
                          Rows Removed by Filter: 2519572
Planning time: 2.654 ms
Execution time: 3228.193 ms
