Hash Join  (cost=259993.62..1266645.26 rows=7009918 width=0) (actual time=7730.608..37358.253 rows=45972886 loops=1)
  Hash Cond: (ci.movie_id = t.id)
  ->  Seq Scan on cast_info ci  (cost=0.00..796071.18 rows=10447055 width=4) (actual time=0.021..14358.648 rows=8060349 loops=1)
        Filter: ((person_id > 617483) AND (role_id < 2))
        Rows Removed by Filter: 28183995
  ->  Hash  (cost=232157.77..232157.77 rows=1696628 width=8) (actual time=7729.220..7729.220 rows=3854738 loops=1)
        Buckets: 131072 (originally 131072)  Batches: 64 (originally 32)  Memory Usage: 3419kB
        ->  Hash Join  (cost=89484.46..232157.77 rows=1696628 width=8) (actual time=1445.967..6490.956 rows=3854738 loops=1)
              Hash Cond: (mk.movie_id = t.id)
              ->  Seq Scan on movie_keyword mk  (cost=0.00..69693.30 rows=4523930 width=4) (actual time=0.023..1243.905 rows=4523930 loops=1)
              ->  Hash  (cost=73925.90..73925.90 rows=948284 width=4) (actual time=1444.945..1444.945 rows=942729 loops=1)
                    Buckets: 131072  Batches: 16  Memory Usage: 3105kB
                    ->  Seq Scan on title t  (cost=0.00..73925.90 rows=948284 width=4) (actual time=0.025..1147.868 rows=942729 loops=1)
                          Filter: ((kind_id < 7) AND (production_year > 1911))
                          Rows Removed by Filter: 1585583
Planning time: 1.102 ms
Execution time: 42119.885 ms
