Hash Join  (cost=102767.86..284968.76 rows=3795063 width=0) (actual time=2540.990..7603.895 rows=3785965 loops=1)
  Hash Cond: (mk.movie_id = t.id)
  ->  Seq Scan on movie_keyword mk  (cost=0.00..81003.12 rows=3795063 width=4) (actual time=0.018..1729.019 rows=3785965 loops=1)
        Filter: (keyword_id < 25533)
        Rows Removed by Filter: 737965
  ->  Hash  (cost=61283.27..61283.27 rows=2528527 width=4) (actual time=2539.284..2539.284 rows=2528312 loops=1)
        Buckets: 131072  Batches: 64  Memory Usage: 2425kB
        ->  Seq Scan on title t  (cost=0.00..61283.27 rows=2528527 width=4) (actual time=0.008..926.505 rows=2528312 loops=1)
Planning time: 0.720 ms
Execution time: 8029.522 ms
