Seq Scan on cast_info ci  (cost=0.00..705507.15 rows=500 width=0) (actual time=3172.112..9869.137 rows=443 loops=1)
  Filter: (person_id = 1857706)
  Rows Removed by Filter: 36243901
Planning time: 0.338 ms
Execution time: 9869.293 ms
