Seq Scan on cast_info ci  (cost=0.00..796071.18 rows=13728104 width=0) (actual time=0.022..14989.847 rows=19397871 loops=1)
  Filter: ((person_id > 1475477) AND (role_id > 1))
  Rows Removed by Filter: 16846473
Planning time: 0.333 ms
Execution time: 17434.513 ms
