Hash Join  (cost=211343.66..581295.22 rows=506975 width=0) (actual time=5979.844..9475.265 rows=657072 loops=1)
  Hash Cond: (mi.movie_id = t.id)
  ->  Seq Scan on movie_info mi  (cost=0.00..346232.03 rows=1272478 width=4) (actual time=2032.505..4605.863 rows=1325361 loops=1)
        Filter: (info_type_id = 8)
        Rows Removed by Filter: 13510359
  ->  Hash  (cost=194815.11..194815.11 rows=1007404 width=8) (actual time=3946.217..3946.217 rows=713611 loops=1)
        Buckets: 131072  Batches: 16  Memory Usage: 2764kB
        ->  Hash Join  (cost=102767.86..194815.11 rows=1007404 width=8) (actual time=1825.147..3749.210 rows=713611 loops=1)
              Hash Cond: (mc.movie_id = t.id)
              ->  Seq Scan on movie_companies mc  (cost=0.00..57926.93 rows=1007404 width=4) (actual time=68.226..1062.763 rows=713611 loops=1)
                    Filter: ((company_id < 57977) AND (company_type_id > 1))
                    Rows Removed by Filter: 1895518
              ->  Hash  (cost=61283.27..61283.27 rows=2528527 width=4) (actual time=1755.810..1755.810 rows=2528312 loops=1)
                    Buckets: 131072  Batches: 64  Memory Usage: 2415kB
                    ->  Seq Scan on title t  (cost=0.00..61283.27 rows=2528527 width=4) (actual time=0.030..931.664 rows=2528312 loops=1)
Planning time: 1.178 ms
Execution time: 9554.628 ms
