Hash Join  (cost=217745.79..1446826.07 rows=19009411 width=0) (actual time=4856.210..45634.027 rows=43964453 loops=1)
  Hash Cond: (ci.movie_id = t.id)
  ->  Seq Scan on cast_info ci  (cost=0.00..614943.12 rows=36225612 width=4) (actual time=0.019..12218.585 rows=36244344 loops=1)
  ->  Hash  (cost=195977.22..195977.22 rows=1326846 width=8) (actual time=4855.003..4855.003 rows=1316104 loops=1)
        Buckets: 131072  Batches: 32  Memory Usage: 2597kB
        ->  Hash Join  (cost=102767.86..195977.22 rows=1326846 width=8) (actual time=1792.074..4482.075 rows=1316104 loops=1)
              Hash Cond: (mc.movie_id = t.id)
              ->  Seq Scan on movie_companies mc  (cost=0.00..51404.11 rows=1326846 width=4) (actual time=0.016..1000.390 rows=1316104 loops=1)
                    Filter: (company_id < 11369)
                    Rows Removed by Filter: 1293025
              ->  Hash  (cost=61283.27..61283.27 rows=2528527 width=4) (actual time=1791.164..1791.164 rows=2528312 loops=1)
                    Buckets: 131072  Batches: 64  Memory Usage: 2415kB
                    ->  Seq Scan on title t  (cost=0.00..61283.27 rows=2528527 width=4) (actual time=0.015..955.067 rows=2528312 loops=1)
Planning time: 1.107 ms
Execution time: 50223.974 ms
