Hash Join  (cost=83074.74..109963.59 rows=44 width=0) (actual time=1210.185..1725.337 rows=311 loops=1)
  Hash Cond: (mi_idx.movie_id = t.id)
  ->  Seq Scan on movie_info_idx mi_idx  (cost=0.00..25185.44 rows=454124 width=4) (actual time=0.020..450.344 rows=459925 loops=1)
        Filter: (info_type_id = 100)
        Rows Removed by Filter: 920110
  ->  Hash  (cost=83071.67..83071.67 rows=246 width=8) (actual time=1206.908..1206.908 rows=379 loops=1)
        Buckets: 1024  Batches: 1  Memory Usage: 23kB
        ->  Nested Loop  (cost=0.43..83071.67 rows=246 width=8) (actual time=9.181..1206.553 rows=379 loops=1)
              ->  Seq Scan on movie_keyword mk  (cost=0.00..81003.12 rows=246 width=4) (actual time=9.085..1190.497 rows=379 loops=1)
                    Filter: (keyword_id = 2198)
                    Rows Removed by Filter: 4523551
              ->  Index Only Scan using title_pkey on title t  (cost=0.43..8.40 rows=1 width=4) (actual time=0.040..0.040 rows=1 loops=379)
                    Index Cond: (id = mk.movie_id)
                    Heap Fetches: 379
Planning time: 1.051 ms
Execution time: 1725.517 ms
