Hash Join  (cost=100338.29..142862.03 rows=363742 width=0) (actual time=1822.949..2971.276 rows=364747 loops=1)
  Hash Cond: (mi_idx.movie_id = t.id)
  ->  Seq Scan on movie_info_idx mi_idx  (cost=0.00..25185.44 rows=460978 width=4) (actual time=0.021..461.548 rows=459925 loops=1)
        Filter: (info_type_id < 100)
        Rows Removed by Filter: 920110
  ->  Hash  (cost=67604.59..67604.59 rows=1995176 width=4) (actual time=1821.737..1821.737 rows=1990655 loops=1)
        Buckets: 131072  Batches: 32  Memory Usage: 3218kB
        ->  Seq Scan on title t  (cost=0.00..67604.59 rows=1995176 width=4) (actual time=0.017..1183.617 rows=1990655 loops=1)
              Filter: (production_year > 1976)
              Rows Removed by Filter: 537657
Planning time: 0.702 ms
Execution time: 3014.075 ms
