Seq Scan on movie_keyword mk  (cost=0.00..81003.12 rows=2883273 width=0) (actual time=0.024..1480.788 rows=2875149 loops=1)
  Filter: (keyword_id < 8907)
  Rows Removed by Filter: 1648781
Planning time: 0.406 ms
Execution time: 1846.620 ms
