Hash Join  (cost=133171.38..219834.39 rows=497 width=0) (actual time=1778.030..3526.018 rows=4761 loops=1)
  Hash Cond: (mk.movie_id = t.id)
  ->  Seq Scan on movie_keyword mk  (cost=0.00..69693.30 rows=4523930 width=4) (actual time=0.026..941.263 rows=4523930 loops=1)
  ->  Hash  (cost=133167.90..133167.90 rows=278 width=8) (actual time=1776.292..1776.292 rows=857 loops=1)
        Buckets: 1024  Batches: 1  Memory Usage: 42kB
        ->  Hash Join  (cost=73951.53..133167.90 rows=278 width=8) (actual time=1150.629..1775.858 rows=857 loops=1)
              Hash Cond: (mc.movie_id = t.id)
              ->  Seq Scan on movie_companies mc  (cost=0.00..57926.93 rows=343109 width=4) (actual time=44.595..814.984 rows=189018 loops=1)
                    Filter: ((company_id < 1021) AND (company_type_id = 2))
                    Rows Removed by Filter: 2420111
              ->  Hash  (cost=73925.90..73925.90 rows=2050 width=4) (actual time=927.131..927.131 rows=2436 loops=1)
                    Buckets: 4096  Batches: 1  Memory Usage: 118kB
                    ->  Seq Scan on title t  (cost=0.00..73925.90 rows=2050 width=4) (actual time=103.294..925.837 rows=2436 loops=1)
                          Filter: ((kind_id = 3) AND (production_year = 1999))
                          Rows Removed by Filter: 2525876
Planning time: 1.678 ms
Execution time: 3526.920 ms
