Seq Scan on cast_info ci  (cost=0.00..796071.18 rows=2045666 width=0) (actual time=7973.817..12778.769 rows=1389087 loops=1)
  Filter: ((person_id < 1833383) AND (role_id = 3))
  Rows Removed by Filter: 34855257
Planning time: 0.396 ms
Execution time: 12945.205 ms
