Seq Scan on movie_keyword mk  (cost=0.00..81003.12 rows=2708692 width=0) (actual time=0.024..1364.622 rows=2705930 loops=1)
  Filter: (keyword_id > 2980)
  Rows Removed by Filter: 1818000
Planning time: 0.319 ms
Execution time: 1692.038 ms
