Hash Join  (cost=249097.47..1170529.55 rows=3199054 width=0) (actual time=9861.476..23744.351 rows=1017105 loops=1)
  Hash Cond: (ci.movie_id = t.id)
  ->  Seq Scan on cast_info ci  (cost=0.00..796071.18 rows=6931468 width=4) (actual time=5019.270..15552.772 rows=7451973 loops=1)
        Filter: ((person_id < 3694764) AND (role_id = 2))
        Rows Removed by Filter: 28792371
  ->  Hash  (cost=229951.20..229951.20 rows=1166982 width=8) (actual time=4835.886..4835.886 rows=264222 loops=1)
        Buckets: 131072  Batches: 16  Memory Usage: 1652kB
        ->  Hash Join  (cost=85282.22..229951.20 rows=1166982 width=8) (actual time=3043.617..4771.040 rows=264222 loops=1)
              Hash Cond: (mk.movie_id = t.id)
              ->  Seq Scan on movie_keyword mk  (cost=0.00..81003.12 rows=4262942 width=4) (actual time=0.032..1714.235 rows=4264429 loops=1)
                    Filter: (keyword_id < 59389)
                    Rows Removed by Filter: 259501
              ->  Hash  (cost=73925.90..73925.90 rows=692185 width=4) (actual time=1260.106..1260.106 rows=596495 loops=1)
                    Buckets: 131072  Batches: 16  Memory Usage: 2338kB
                    ->  Seq Scan on title t  (cost=0.00..73925.90 rows=692185 width=4) (actual time=73.956..1069.029 rows=596495 loops=1)
                          Filter: ((production_year < 2002) AND (kind_id = 7))
                          Rows Removed by Filter: 1931817
Planning time: 1.810 ms
Execution time: 23856.888 ms
