Hash Join  (cost=102767.86..179483.71 rows=370272 width=0) (actual time=1922.483..3169.347 rows=209804 loops=1)
  Hash Cond: (mc.movie_id = t.id)
  ->  Seq Scan on movie_companies mc  (cost=0.00..57926.93 rows=370272 width=4) (actual time=131.467..808.853 rows=209804 loops=1)
        Filter: ((company_id < 1394) AND (company_type_id = 2))
        Rows Removed by Filter: 2399325
  ->  Hash  (cost=61283.27..61283.27 rows=2528527 width=4) (actual time=1789.650..1789.650 rows=2528312 loops=1)
        Buckets: 131072  Batches: 64  Memory Usage: 2415kB
        ->  Seq Scan on title t  (cost=0.00..61283.27 rows=2528527 width=4) (actual time=0.020..981.001 rows=2528312 loops=1)
Planning time: 0.787 ms
Execution time: 3194.370 ms
