Hash Join  (cost=83074.74..833899.15 rows=3524 width=0) (actual time=1170.861..15926.348 rows=3919 loops=1)
  Hash Cond: (ci.movie_id = t.id)
  ->  Seq Scan on cast_info ci  (cost=0.00..614943.12 rows=36225612 width=4) (actual time=0.026..7783.831 rows=36244344 loops=1)
  ->  Hash  (cost=83071.67..83071.67 rows=246 width=8) (actual time=1157.430..1157.430 rows=134 loops=1)
        Buckets: 1024  Batches: 1  Memory Usage: 14kB
        ->  Nested Loop  (cost=0.43..83071.67 rows=246 width=8) (actual time=24.265..1157.257 rows=134 loops=1)
              ->  Seq Scan on movie_keyword mk  (cost=0.00..81003.12 rows=246 width=4) (actual time=24.169..1152.068 rows=134 loops=1)
                    Filter: (keyword_id = 6233)
                    Rows Removed by Filter: 4523796
              ->  Index Only Scan using title_pkey on title t  (cost=0.43..8.40 rows=1 width=4) (actual time=0.034..0.035 rows=1 loops=134)
                    Index Cond: (id = mk.movie_id)
                    Heap Fetches: 134
Planning time: 1.284 ms
Execution time: 15928.333 ms
