Hash Join  (cost=165036.48..293807.31 rows=555580 width=0) (actual time=4864.010..6632.918 rows=624802 loops=1)
  Hash Cond: (mk.movie_id = t.id)
  ->  Seq Scan on movie_keyword mk  (cost=0.00..69693.30 rows=4523930 width=4) (actual time=0.014..1365.485 rows=4523930 loops=1)
  ->  Hash  (cost=159941.90..159941.90 rows=310526 width=8) (actual time=3279.144..3279.144 rows=298859 loops=1)
        Buckets: 131072  Batches: 8  Memory Usage: 2493kB
        ->  Hash Join  (cost=92883.59..159941.90 rows=310526 width=8) (actual time=1784.694..3186.234 rows=298859 loops=1)
              Hash Cond: (mc.movie_id = t.id)
              ->  Seq Scan on movie_companies mc  (cost=0.00..51404.11 rows=509588 width=4) (actual time=0.024..860.839 rows=507445 loops=1)
                    Filter: (company_id < 462)
                    Rows Removed by Filter: 2101684
              ->  Hash  (cost=67604.59..67604.59 rows=1540800 width=4) (actual time=1731.458..1731.458 rows=1543264 loops=1)
                    Buckets: 131072  Batches: 32  Memory Usage: 2722kB
                    ->  Seq Scan on title t  (cost=0.00..67604.59 rows=1540800 width=4) (actual time=0.020..1243.130 rows=1543264 loops=1)
                          Filter: (kind_id = 7)
                          Rows Removed by Filter: 985048
Planning time: 0.769 ms
Execution time: 6708.993 ms
