Hash Join  (cost=92883.59..175114.49 rows=589334 width=0) (actual time=2552.940..3189.465 rows=216806 loops=1)
  Hash Cond: (mc.movie_id = t.id)
  ->  Seq Scan on movie_companies mc  (cost=0.00..57926.93 rows=967126 width=4) (actual time=0.022..1025.237 rows=656855 loops=1)
        Filter: ((company_id < 42937) AND (company_type_id > 1))
        Rows Removed by Filter: 1952274
  ->  Hash  (cost=67604.59..67604.59 rows=1540800 width=4) (actual time=1637.427..1637.427 rows=1543264 loops=1)
        Buckets: 131072  Batches: 32  Memory Usage: 2722kB
        ->  Seq Scan on title t  (cost=0.00..67604.59 rows=1540800 width=4) (actual time=0.040..1137.656 rows=1543264 loops=1)
              Filter: (kind_id = 7)
              Rows Removed by Filter: 985048
Planning time: 0.758 ms
Execution time: 3209.996 ms
