Hash Join  (cost=449294.51..1317158.38 rows=540798 width=0) (actual time=9577.399..26454.158 rows=1431923 loops=1)
  Hash Cond: (ci.movie_id = t.id)
  ->  Seq Scan on cast_info ci  (cost=0.00..796071.18 rows=3644472 width=4) (actual time=0.013..14434.656 rows=3772753 loops=1)
        Filter: ((person_id > 300227) AND (role_id = 3))
        Rows Removed by Filter: 32471591
  ->  Hash  (cost=443138.46..443138.46 rows=375204 width=8) (actual time=9576.274..9576.274 rows=511682 loops=1)
        Buckets: 131072  Batches: 8  Memory Usage: 3479kB
        ->  Hash Join  (cost=74730.49..443138.46 rows=375204 width=8) (actual time=746.634..8675.938 rows=511682 loops=1)
              Hash Cond: (mi.movie_id = t.id)
              ->  Seq Scan on movie_info mi  (cost=0.00..309384.22 rows=14739122 width=4) (actual time=0.023..3640.101 rows=14835720 loops=1)
              ->  Hash  (cost=73925.90..73925.90 rows=64367 width=4) (actual time=746.191..746.191 rows=53905 loops=1)
                    Buckets: 65536  Batches: 1  Memory Usage: 2408kB
                    ->  Seq Scan on title t  (cost=0.00..73925.90 rows=64367 width=4) (actual time=0.014..725.734 rows=53905 loops=1)
                          Filter: ((kind_id < 7) AND (production_year = 2012))
                          Rows Removed by Filter: 2474407
Planning time: 1.266 ms
Execution time: 26630.886 ms
