Hash Join  (cost=193378.61..331177.99 rows=1296634 width=0) (actual time=3865.653..8388.800 rows=5012638 loops=1)
  Hash Cond: (mk.movie_id = t.id)
  ->  Seq Scan on movie_keyword mk  (cost=0.00..69693.30 rows=4523930 width=4) (actual time=0.019..1275.406 rows=4523930 loops=1)
  ->  Hash  (cost=181488.64..181488.64 rows=724718 width=8) (actual time=3864.689..3864.689 rows=728896 loops=1)
        Buckets: 131072  Batches: 16  Memory Usage: 2825kB
        ->  Hash Join  (cost=102767.86..181488.64 rows=724718 width=8) (actual time=1897.977..3639.097 rows=728896 loops=1)
              Hash Cond: (mc.movie_id = t.id)
              ->  Seq Scan on movie_companies mc  (cost=0.00..51404.11 rows=724718 width=4) (actual time=192.819..886.130 rows=728896 loops=1)
                    Filter: (company_id > 40778)
                    Rows Removed by Filter: 1880233
              ->  Hash  (cost=61283.27..61283.27 rows=2528527 width=4) (actual time=1703.995..1703.995 rows=2528312 loops=1)
                    Buckets: 131072  Batches: 64  Memory Usage: 2415kB
                    ->  Seq Scan on title t  (cost=0.00..61283.27 rows=2528527 width=4) (actual time=0.022..856.490 rows=2528312 loops=1)
Planning time: 3.462 ms
Execution time: 8964.881 ms
