Hash Join  (cost=967358.44..1537288.82 rows=8446345 width=0) (actual time=13611.902..27936.129 rows=8541267 loops=1)
  Hash Cond: (mi.movie_id = t.id)
  ->  Seq Scan on movie_info mi  (cost=0.00..309384.22 rows=14739122 width=4) (actual time=0.014..5335.717 rows=14835720 loops=1)
  ->  Hash  (cost=943585.09..943585.09 rows=1448988 width=8) (actual time=13610.239..13610.239 rows=622480 loops=1)
        Buckets: 131072  Batches: 32  Memory Usage: 1793kB
        ->  Hash Join  (cost=102767.86..943585.09 rows=1448988 width=8) (actual time=2061.962..13418.502 rows=622480 loops=1)
              Hash Cond: (ci.movie_id = t.id)
              ->  Seq Scan on cast_info ci  (cost=0.00..796071.18 rows=1448988 width=4) (actual time=274.270..10250.845 rows=622480 loops=1)
                    Filter: ((person_id < 212475) AND (role_id > 1))
                    Rows Removed by Filter: 35621864
              ->  Hash  (cost=61283.27..61283.27 rows=2528527 width=4) (actual time=1786.250..1786.250 rows=2528312 loops=1)
                    Buckets: 131072  Batches: 64  Memory Usage: 2415kB
                    ->  Seq Scan on title t  (cost=0.00..61283.27 rows=2528527 width=4) (actual time=0.021..947.871 rows=2528312 loops=1)
Planning time: 1.209 ms
Execution time: 28856.742 ms
