Hash Join  (cost=74251.74..135176.88 rows=8022 width=0) (actual time=1340.658..2361.357 rows=8994 loops=1)
  Hash Cond: (mc.movie_id = t.id)
  ->  Seq Scan on movie_companies mc  (cost=0.00..57926.93 rows=778130 width=4) (actual time=214.620..994.161 rows=1072379 loops=1)
        Filter: ((company_id < 15510) AND (company_type_id = 1))
        Rows Removed by Filter: 1536750
  ->  Hash  (cost=73925.90..73925.90 rows=26067 width=4) (actual time=1125.776..1125.776 rows=27085 loops=1)
        Buckets: 32768  Batches: 1  Memory Usage: 1209kB
        ->  Seq Scan on title t  (cost=0.00..73925.90 rows=26067 width=4) (actual time=0.389..1114.299 rows=27085 loops=1)
              Filter: ((kind_id < 7) AND (production_year > 2012))
              Rows Removed by Filter: 2501227
Planning time: 0.829 ms
Execution time: 2363.083 ms
