Hash Join  (cost=58375.49..153093.36 rows=20 width=0) (actual time=961.794..2724.759 rows=1253 loops=1)
  Hash Cond: (mk.movie_id = t.id)
  ->  Seq Scan on movie_keyword mk  (cost=0.00..81003.12 rows=3657213 width=4) (actual time=0.039..1449.197 rows=3654913 loops=1)
        Filter: (keyword_id > 825)
        Rows Removed by Filter: 869017
  ->  Hash  (cost=58375.31..58375.31 rows=14 width=8) (actual time=768.747..768.747 rows=17 loops=1)
        Buckets: 1024  Batches: 1  Memory Usage: 9kB
        ->  Nested Loop  (cost=0.43..58375.31 rows=14 width=8) (actual time=401.229..768.712 rows=17 loops=1)
              ->  Seq Scan on movie_companies mc  (cost=0.00..57926.93 rows=53 width=4) (actual time=401.162..767.947 rows=17 loops=1)
                    Filter: ((company_id = 6670) AND (company_type_id = 2))
                    Rows Removed by Filter: 2609112
              ->  Index Scan using title_pkey on title t  (cost=0.43..8.45 rows=1 width=4) (actual time=0.040..0.041 rows=1 loops=17)
                    Index Cond: (id = mc.movie_id)
                    Filter: (kind_id = 1)
Planning time: 1.248 ms
Execution time: 2725.087 ms
