Hash Join  (cost=52284.99..803559.17 rows=502 width=0) (actual time=8299.557..15185.332 rows=769 loops=1)
  Hash Cond: (ci.movie_id = t.id)
  ->  Seq Scan on cast_info ci  (cost=0.00..705507.15 rows=12203201 width=4) (actual time=7531.416..12802.218 rows=12113646 loops=1)
        Filter: (role_id > 3)
        Rows Removed by Filter: 24130698
  ->  Hash  (cost=52283.69..52283.69 rows=104 width=8) (actual time=742.003..742.003 rows=67 loops=1)
        Buckets: 1024  Batches: 1  Memory Usage: 11kB
        ->  Nested Loop  (cost=0.43..52283.69 rows=104 width=8) (actual time=66.605..741.955 rows=67 loops=1)
              ->  Seq Scan on movie_companies mc  (cost=0.00..51404.11 rows=104 width=4) (actual time=66.498..740.753 rows=67 loops=1)
                    Filter: (company_id = 9161)
                    Rows Removed by Filter: 2609062
              ->  Index Only Scan using title_pkey on title t  (cost=0.43..8.45 rows=1 width=4) (actual time=0.016..0.016 rows=1 loops=67)
                    Index Cond: (id = mc.movie_id)
                    Heap Fetches: 67
Planning time: 1.178 ms
Execution time: 15185.671 ms
