Seq Scan on cast_info ci  (cost=0.00..796071.18 rows=4666762 width=0) (actual time=5547.209..13158.397 rows=4789270 loops=1)
  Filter: ((person_id < 2356368) AND (role_id = 2))
  Rows Removed by Filter: 31455074
Planning time: 0.416 ms
Execution time: 13765.127 ms
