Hash Join  (cost=100948.70..161768.63 rows=753 width=0) (actual time=1809.857..2746.931 rows=2541 loops=1)
  Hash Cond: (mc.movie_id = t.id)
  ->  Seq Scan on movie_companies mc  (cost=0.00..57926.93 rows=769456 width=4) (actual time=227.585..1008.474 rows=1059648 loops=1)
        Filter: ((company_id < 14988) AND (company_type_id = 1))
        Rows Removed by Filter: 1549481
  ->  Hash  (cost=100917.78..100917.78 rows=2474 width=8) (actual time=1575.898..1575.898 rows=2055 loops=1)
        Buckets: 4096  Batches: 1  Memory Usage: 113kB
        ->  Hash Join  (cost=73982.55..100917.78 rows=2474 width=8) (actual time=1228.855..1575.045 rows=2055 loops=1)
              Hash Cond: (mi_idx.movie_id = t.id)
              ->  Seq Scan on movie_info_idx mi_idx  (cost=0.00..21735.35 rows=1380035 width=4) (actual time=0.039..269.203 rows=1380035 loops=1)
              ->  Hash  (cost=73925.90..73925.90 rows=4532 width=4) (actual time=1020.788..1020.788 rows=8269 loops=1)
                    Buckets: 16384 (originally 8192)  Batches: 1 (originally 1)  Memory Usage: 419kB
                    ->  Seq Scan on title t  (cost=0.00..73925.90 rows=4532 width=4) (actual time=86.481..1016.524 rows=8269 loops=1)
                          Filter: ((kind_id = 7) AND (production_year = 1971))
                          Rows Removed by Filter: 2520043
Planning time: 1.296 ms
Execution time: 2747.474 ms
