Seq Scan on cast_info ci  (cost=0.00..705507.15 rows=8416309 width=0) (actual time=3954.503..9908.868 rows=8386034 loops=1)
  Filter: (person_id > 2845364)
  Rows Removed by Filter: 27858310
Planning time: 0.361 ms
Execution time: 10970.837 ms
