Seq Scan on cast_info ci  (cost=0.00..705507.15 rows=13192933 width=0) (actual time=4589.098..11674.955 rows=13314117 loops=1)
  Filter: (person_id > 2340818)
  Rows Removed by Filter: 22930227
Planning time: 0.336 ms
Execution time: 13373.542 ms
