Seq Scan on cast_info ci  (cost=0.00..705507.15 rows=22116081 width=0) (actual time=0.016..11555.298 rows=22175360 loops=1)
  Filter: (person_id > 1386233)
  Rows Removed by Filter: 14068984
Planning time: 0.243 ms
Execution time: 14236.605 ms
