Seq Scan on movie_keyword mk  (cost=0.00..81003.12 rows=246 width=0) (actual time=3.051..1198.793 rows=264 loops=1)
  Filter: (keyword_id = 15901)
  Rows Removed by Filter: 4523666
Planning time: 0.410 ms
Execution time: 1199.023 ms
