Hash Join  (cost=183124.17..311886.38 rows=554817 width=0) (actual time=3697.146..7706.789 rows=4048418 loops=1)
  Hash Cond: (mk.movie_id = t.id)
  ->  Seq Scan on movie_keyword mk  (cost=0.00..69693.30 rows=4523930 width=4) (actual time=0.011..1273.284 rows=4523930 loops=1)
  ->  Hash  (cost=178035.92..178035.92 rows=310100 width=8) (actual time=3696.192..3696.192 rows=605540 loops=1)
        Buckets: 131072  Batches: 8  Memory Usage: 4007kB
        ->  Hash Join  (cost=102767.86..178035.92 rows=310100 width=8) (actual time=1729.672..3516.271 rows=605540 loops=1)
              Hash Cond: (mc.movie_id = t.id)
              ->  Seq Scan on movie_companies mc  (cost=0.00..57926.93 rows=310100 width=4) (actual time=0.023..914.667 rows=605540 loops=1)
                    Filter: ((company_id > 64037) AND (company_type_id = 2))
                    Rows Removed by Filter: 2003589
              ->  Hash  (cost=61283.27..61283.27 rows=2528527 width=4) (actual time=1728.480..1728.480 rows=2528312 loops=1)
                    Buckets: 131072  Batches: 64  Memory Usage: 2415kB
                    ->  Seq Scan on title t  (cost=0.00..61283.27 rows=2528527 width=4) (actual time=0.011..911.425 rows=2528312 loops=1)
Planning time: 1.235 ms
Execution time: 8141.738 ms
