Seq Scan on cast_info ci  (cost=0.00..796071.18 rows=10616320 width=0) (actual time=8171.909..14523.790 rows=8394294 loops=1)
  Filter: ((person_id > 572309) AND (role_id = 1))
  Rows Removed by Filter: 27850050
Planning time: 0.373 ms
Execution time: 15521.828 ms
