Seq Scan on movie_companies mc  (cost=0.00..51404.11 rows=1889211 width=0) (actual time=0.026..883.056 rows=1885460 loops=1)
  Filter: (company_id < 41627)
  Rows Removed by Filter: 723669
Planning time: 0.344 ms
Execution time: 1129.937 ms
