Hash Join  (cost=94699.36..459591.89 rows=23660 width=0) (actual time=1832.619..8591.373 rows=9213 loops=1)
  Hash Cond: (mi.movie_id = t.id)
  ->  Seq Scan on movie_info mi  (cost=0.00..309384.22 rows=14739122 width=4) (actual time=0.012..4215.842 rows=14835720 loops=1)
  ->  Hash  (cost=94648.62..94648.62 rows=4059 width=8) (actual time=1736.745..1736.745 rows=663 loops=1)
        Buckets: 4096  Batches: 1  Memory Usage: 58kB
        ->  Hash Join  (cost=67697.55..94648.62 rows=4059 width=8) (actual time=1351.306..1736.408 rows=663 loops=1)
              Hash Cond: (mi_idx.movie_id = t.id)
              ->  Seq Scan on movie_info_idx mi_idx  (cost=0.00..21735.35 rows=1380035 width=4) (actual time=0.012..318.044 rows=1380035 loops=1)
              ->  Hash  (cost=67604.59..67604.59 rows=7437 width=4) (actual time=1130.835..1130.835 rows=8902 loops=1)
                    Buckets: 16384 (originally 8192)  Batches: 1 (originally 1)  Memory Usage: 441kB
                    ->  Seq Scan on title t  (cost=0.00..67604.59 rows=7437 width=4) (actual time=486.357..1126.708 rows=8902 loops=1)
                          Filter: (production_year = 1913)
                          Rows Removed by Filter: 2519410
Planning time: 1.163 ms
Execution time: 8600.565 ms
