Hash Join  (cost=810077.03..3364849.84 rows=117203853 width=0) (actual time=16770.200..82260.115 rows=115101635 loops=1)
  Hash Cond: (ci.movie_id = t.id)
  ->  Seq Scan on cast_info ci  (cost=0.00..614943.12 rows=36225612 width=4) (actual time=0.029..12531.028 rows=36244344 loops=1)
  ->  Hash  (cost=675860.51..675860.51 rows=8180762 width=8) (actual time=16769.314..16769.314 rows=5087701 loops=1)
        Buckets: 131072  Batches: 128  Memory Usage: 2555kB
        ->  Hash Join  (cost=98137.04..675860.51 rows=8180762 width=8) (actual time=1792.647..15339.700 rows=5087701 loops=1)
              Hash Cond: (mi.movie_id = t.id)
              ->  Seq Scan on movie_info mi  (cost=0.00..346232.03 rows=11115165 width=4) (actual time=0.026..6499.171 rows=11210743 loops=1)
                    Filter: (info_type_id > 3)
                    Rows Removed by Filter: 3624977
              ->  Hash  (cost=67604.59..67604.59 rows=1860996 width=4) (actual time=1791.414..1791.414 rows=1865487 loops=1)
                    Buckets: 131072  Batches: 32  Memory Usage: 3085kB
                    ->  Seq Scan on title t  (cost=0.00..67604.59 rows=1860996 width=4) (actual time=0.016..1174.798 rows=1865487 loops=1)
                          Filter: (kind_id > 1)
                          Rows Removed by Filter: 662825
Planning time: 1.189 ms
Execution time: 95239.434 ms
