Seq Scan on movie_companies mc  (cost=0.00..57926.93 rows=241073 width=0) (actual time=60.316..849.034 rows=356801 loops=1)
  Filter: ((company_id < 428) AND (company_type_id < 2))
  Rows Removed by Filter: 2252328
Planning time: 0.367 ms
Execution time: 895.717 ms
