Hash Join  (cost=75574.02..436052.13 rows=45992 width=0) (actual time=3324.910..6728.606 rows=9303 loops=1)
  Hash Cond: (mi.movie_id = t.id)
  ->  Seq Scan on movie_info mi  (cost=0.00..346232.03 rows=1158179 width=4) (actual time=1743.018..5125.699 rows=1204709 loops=1)
        Filter: (info_type_id > 18)
        Rows Removed by Filter: 13631011
  ->  Hash  (cost=73925.90..73925.90 rows=100409 width=4) (actual time=1165.933..1165.933 rows=110402 loops=1)
        Buckets: 131072  Batches: 2  Memory Usage: 2970kB
        ->  Seq Scan on title t  (cost=0.00..73925.90 rows=100409 width=4) (actual time=0.025..1123.148 rows=110402 loops=1)
              Filter: ((kind_id = 7) AND (production_year = 2012))
              Rows Removed by Filter: 2417910
Planning time: 4.628 ms
Execution time: 6730.062 ms
