Hash Join  (cost=96375.19..179627.20 rows=637 width=0) (actual time=1462.083..2639.102 rows=6030 loops=1)
  Hash Cond: (mk.movie_id = t.id)
  ->  Seq Scan on movie_keyword mk  (cost=0.00..81003.12 rows=598004 width=4) (actual time=0.023..1070.931 rows=601971 loops=1)
        Filter: (keyword_id < 446)
        Rows Removed by Filter: 3921959
  ->  Hash  (cost=96341.54..96341.54 rows=2692 width=8) (actual time=1461.796..1461.796 rows=6244 loops=1)
        Buckets: 8192 (originally 4096)  Batches: 1 (originally 1)  Memory Usage: 308kB
        ->  Hash Join  (cost=67697.55..96341.54 rows=2692 width=8) (actual time=898.954..1459.337 rows=6244 loops=1)
              Hash Cond: (mi_idx.movie_id = t.id)
              ->  Seq Scan on movie_info_idx mi_idx  (cost=0.00..25185.44 rows=915101 width=4) (actual time=0.013..396.476 rows=919850 loops=1)
                    Filter: (info_type_id < 101)
                    Rows Removed by Filter: 460185
              ->  Hash  (cost=67604.59..67604.59 rows=7437 width=4) (actual time=897.098..897.098 rows=14349 loops=1)
                    Buckets: 16384 (originally 8192)  Batches: 1 (originally 1)  Memory Usage: 633kB
                    ->  Seq Scan on title t  (cost=0.00..67604.59 rows=7437 width=4) (actual time=0.130..890.616 rows=14349 loops=1)
                          Filter: (production_year = 1969)
                          Rows Removed by Filter: 2513963
Planning time: 1.369 ms
Execution time: 2640.292 ms
