Hash Join  (cost=231303.35..799939.68 rows=5728322 width=0) (actual time=5151.170..34646.756 rows=65987586 loops=1)
  Hash Cond: (mi.movie_id = t.id)
  ->  Seq Scan on movie_info mi  (cost=0.00..346232.03 rows=13929354 width=4) (actual time=0.014..6699.359 rows=14033580 loops=1)
        Filter: (info_type_id > 1)
        Rows Removed by Filter: 802140
  ->  Hash  (cost=214243.43..214243.43 rows=1039834 width=8) (actual time=5149.466..5149.466 rows=1225111 loops=1)
        Buckets: 131072 (originally 131072)  Batches: 32 (originally 16)  Memory Usage: 3073kB
        ->  Hash Join  (cost=97066.09..214243.43 rows=1039834 width=8) (actual time=1833.585..4779.476 rows=1225111 loops=1)
              Hash Cond: (mk.movie_id = t.id)
              ->  Seq Scan on movie_keyword mk  (cost=0.00..81003.12 rows=1464175 width=4) (actual time=0.014..1274.484 rows=1475845 loops=1)
                    Filter: (keyword_id > 11144)
                    Rows Removed by Filter: 3048085
              ->  Hash  (cost=67604.59..67604.59 rows=1795720 width=4) (actual time=1832.156..1832.156 rows=1794153 loops=1)
                    Buckets: 131072  Batches: 32  Memory Usage: 3001kB
                    ->  Seq Scan on title t  (cost=0.00..67604.59 rows=1795720 width=4) (actual time=0.020..1235.084 rows=1794153 loops=1)
                          Filter: (production_year < 2009)
                          Rows Removed by Filter: 734159
Planning time: 1.304 ms
Execution time: 42638.121 ms
