Hash Join  (cost=84877.30..451790.16 rows=335904 width=0) (actual time=2318.220..6979.826 rows=718406 loops=1)
  Hash Cond: (mi.movie_id = t.id)
  ->  Seq Scan on movie_info mi  (cost=0.00..346232.03 rows=1272478 width=4) (actual time=1021.895..4689.003 rows=1325361 loops=1)
        Filter: (info_type_id = 8)
        Rows Removed by Filter: 13510359
  ->  Hash  (cost=73925.90..73925.90 rows=667472 width=4) (actual time=1295.396..1295.396 rows=677535 loops=1)
        Buckets: 131072  Batches: 16  Memory Usage: 2522kB
        ->  Seq Scan on title t  (cost=0.00..73925.90 rows=667472 width=4) (actual time=0.039..1079.795 rows=677535 loops=1)
              Filter: ((kind_id < 3) AND (production_year < 2012))
              Rows Removed by Filter: 1850777
Planning time: 0.870 ms
Execution time: 7067.507 ms
