Hash Join  (cost=1332001.37..2628178.08 rows=60969766 width=0) (actual time=33700.295..95808.742 rows=174114063 loops=1)
  Hash Cond: (mi.movie_id = t.id)
  ->  Seq Scan on movie_info mi  (cost=0.00..309384.22 rows=14739122 width=4) (actual time=0.040..6806.870 rows=14835720 loops=1)
  ->  Hash  (cost=1160399.75..1160399.75 rows=10459490 width=8) (actual time=33694.200..33694.200 rows=12573625 loops=1)
        Buckets: 131072  Batches: 256  Memory Usage: 3009kB
        ->  Hash Join  (cost=102767.86..1160399.75 rows=10459490 width=8) (actual time=6744.738..29363.175 rows=12573625 loops=1)
              Hash Cond: (ci.movie_id = t.id)
              ->  Seq Scan on cast_info ci  (cost=0.00..796071.18 rows=10459490 width=4) (actual time=4720.823..16229.295 rows=12573625 loops=1)
                    Filter: ((person_id > 1263445) AND (role_id > 2))
                    Rows Removed by Filter: 23670719
              ->  Hash  (cost=61283.27..61283.27 rows=2528527 width=4) (actual time=2022.956..2022.956 rows=2528312 loops=1)
                    Buckets: 131072  Batches: 64  Memory Usage: 2415kB
                    ->  Seq Scan on title t  (cost=0.00..61283.27 rows=2528527 width=4) (actual time=0.019..1178.225 rows=2528312 loops=1)
Planning time: 1.262 ms
Execution time: 115303.549 ms
