Hash Join  (cost=68438.72..161791.76 rows=81200 width=0) (actual time=1006.613..2867.618 rows=29633 loops=1)
  Hash Cond: (mk.movie_id = t.id)
  ->  Seq Scan on movie_keyword mk  (cost=0.00..81003.12 rows=3076776 width=4) (actual time=0.020..1360.190 rows=3060979 loops=1)
        Filter: (keyword_id > 2081)
        Rows Removed by Filter: 1462951
  ->  Hash  (cost=67604.59..67604.59 rows=66731 width=4) (actual time=1006.050..1006.050 rows=67342 loops=1)
        Buckets: 131072  Batches: 1  Memory Usage: 3392kB
        ->  Seq Scan on title t  (cost=0.00..67604.59 rows=66731 width=4) (actual time=0.022..978.151 rows=67342 loops=1)
              Filter: (production_year > 2012)
              Rows Removed by Filter: 2460970
Planning time: 1.066 ms
Execution time: 2871.910 ms
