Hash Join  (cost=709676.49..1074347.98 rows=1556 width=0) (actual time=10390.315..16373.415 rows=2 loops=1)
  Hash Cond: (mi.movie_id = t.id)
  ->  Seq Scan on movie_info mi  (cost=0.00..309384.22 rows=14739122 width=4) (actual time=0.010..3780.440 rows=14835720 loops=1)
  ->  Hash  (cost=709673.15..709673.15 rows=267 width=8) (actual time=9990.913..9990.913 rows=1 loops=1)
        Buckets: 1024  Batches: 1  Memory Usage: 9kB
        ->  Nested Loop  (cost=0.43..709673.15 rows=267 width=8) (actual time=7333.967..9990.838 rows=1 loops=1)
              ->  Seq Scan on cast_info ci  (cost=0.00..705507.15 rows=500 width=4) (actual time=7333.450..9979.739 rows=47 loops=1)
                    Filter: (person_id = 3889329)
                    Rows Removed by Filter: 36244297
              ->  Index Scan using title_pkey on title t  (cost=0.43..8.32 rows=1 width=4) (actual time=0.234..0.234 rows=0 loops=47)
                    Index Cond: (id = ci.movie_id)
                    Filter: (production_year < 2005)
                    Rows Removed by Filter: 1
Planning time: 4.327 ms
Execution time: 16373.578 ms
