Hash Join  (cost=99841.01..142265.27 rows=360999 width=0) (actual time=1741.553..2882.876 rows=357560 loops=1)
  Hash Cond: (mi_idx.movie_id = t.id)
  ->  Seq Scan on movie_info_idx mi_idx  (cost=0.00..25185.44 rows=464566 width=4) (actual time=0.030..415.288 rows=459925 loops=1)
        Filter: (info_type_id = 101)
        Rows Removed by Filter: 920110
  ->  Hash  (cost=67604.59..67604.59 rows=1964834 width=4) (actual time=1740.388..1740.388 rows=1962189 loops=1)
        Buckets: 131072  Batches: 32  Memory Usage: 3187kB
        ->  Seq Scan on title t  (cost=0.00..67604.59 rows=1964834 width=4) (actual time=0.014..1110.274 rows=1962189 loops=1)
              Filter: (production_year > 1978)
              Rows Removed by Filter: 566123
Planning time: 2.889 ms
Execution time: 2927.591 ms
