Nested Loop  (cost=0.43..83071.67 rows=246 width=0) (actual time=2.386..1125.712 rows=475 loops=1)
  ->  Seq Scan on movie_keyword mk  (cost=0.00..81003.12 rows=246 width=4) (actual time=2.342..1104.840 rows=475 loops=1)
        Filter: (keyword_id = 10049)
        Rows Removed by Filter: 4523455
  ->  Index Only Scan using title_pkey on title t  (cost=0.43..8.40 rows=1 width=4) (actual time=0.042..0.042 rows=1 loops=475)
        Index Cond: (id = mk.movie_id)
        Heap Fetches: 475
Planning time: 0.787 ms
Execution time: 1126.023 ms
