Hash Join  (cost=187679.19..1345063.19 rows=12029984 width=0) (actual time=4356.967..50885.303 rows=54013838 loops=1)
  Hash Cond: (ci.movie_id = t.id)
  ->  Seq Scan on cast_info ci  (cost=0.00..614943.12 rows=36225612 width=4) (actual time=0.012..12123.480 rows=36244344 loops=1)
  ->  Hash  (cost=173902.11..173902.11 rows=839686 width=8) (actual time=4355.674..4355.674 rows=1653057 loops=1)
        Buckets: 131072 (originally 131072)  Batches: 32 (originally 16)  Memory Usage: 3073kB
        ->  Hash Join  (cost=87276.73..173902.11 rows=839686 width=8) (actual time=1397.646..3927.778 rows=1653057 loops=1)
              Hash Cond: (mc.movie_id = t.id)
              ->  Seq Scan on movie_companies mc  (cost=0.00..44881.29 rows=2609129 width=4) (actual time=0.020..774.068 rows=2609129 loops=1)
              ->  Hash  (cost=73925.90..73925.90 rows=813746 width=4) (actual time=1396.626..1396.626 rows=821639 loops=1)
                    Buckets: 131072  Batches: 16  Memory Usage: 2827kB
                    ->  Seq Scan on title t  (cost=0.00..73925.90 rows=813746 width=4) (actual time=0.033..1142.139 rows=821639 loops=1)
                          Filter: ((kind_id < 4) AND (production_year < 2013))
                          Rows Removed by Filter: 1706673
Planning time: 1.319 ms
Execution time: 56850.070 ms
