Hash Join  (cost=89586.92..125627.29 rows=175381 width=0) (actual time=1524.559..2380.414 rows=113328 loops=1)
  Hash Cond: (mi_idx.movie_id = t.id)
  ->  Seq Scan on movie_info_idx mi_idx  (cost=0.00..25185.44 rows=464566 width=4) (actual time=0.024..435.879 rows=459925 loops=1)
        Filter: (info_type_id = 101)
        Rows Removed by Filter: 920110
  ->  Hash  (cost=73925.90..73925.90 rows=954561 width=4) (actual time=1522.161..1522.161 rows=873022 loops=1)
        Buckets: 131072  Batches: 16  Memory Usage: 2945kB
        ->  Seq Scan on title t  (cost=0.00..73925.90 rows=954561 width=4) (actual time=0.015..1242.834 rows=873022 loops=1)
              Filter: ((kind_id > 3) AND (production_year < 2006))
              Rows Removed by Filter: 1655290
Planning time: 0.842 ms
Execution time: 2395.521 ms
