Seq Scan on title t  (cost=0.00..73925.90 rows=101244 width=94) (actual time=0.030..1246.102 rows=110779 loops=1)
  Filter: ((kind_id > 4) AND (production_year = 2012))
  Rows Removed by Filter: 2417533
Planning time: 0.530 ms
Execution time: 1252.546 ms
