Seq Scan on movie_companies mc  (cost=0.00..57926.93 rows=734250 width=0) (actual time=0.029..958.338 rows=458642 loops=1)
  Filter: ((company_id < 12688) AND (company_type_id > 1))
  Rows Removed by Filter: 2150487
Planning time: 0.329 ms
Execution time: 1023.636 ms
