Hash Join  (cost=170958.09..679311.64 rows=2675462 width=0) (actual time=4414.069..22968.652 rows=22636584 loops=1)
  Hash Cond: (mi.movie_id = t.id)
  ->  Seq Scan on movie_info mi  (cost=0.00..309384.22 rows=14739122 width=4) (actual time=0.016..6455.567 rows=14835720 loops=1)
  ->  Hash  (cost=163427.83..163427.83 rows=458981 width=8) (actual time=4412.675..4412.675 rows=657853 loops=1)
        Buckets: 131072 (originally 131072)  Batches: 16 (originally 8)  Memory Usage: 3073kB
        ->  Hash Join  (cost=82805.75..163427.83 rows=458981 width=8) (actual time=1741.700..4209.681 rows=657853 loops=1)
              Hash Cond: (mc.movie_id = t.id)
              ->  Seq Scan on movie_companies mc  (cost=0.00..57926.93 rows=1252622 width=4) (actual time=341.592..1178.392 rows=1274246 loops=1)
                    Filter: ((company_id < 188549) AND (company_type_id = 1))
                    Rows Removed by Filter: 1334883
              ->  Hash  (cost=67604.59..67604.59 rows=926493 width=4) (actual time=1398.952..1398.952 rows=924605 loops=1)
                    Buckets: 131072  Batches: 16  Memory Usage: 3056kB
                    ->  Seq Scan on title t  (cost=0.00..67604.59 rows=926493 width=4) (actual time=0.025..1111.203 rows=924605 loops=1)
                          Filter: (production_year < 1998)
                          Rows Removed by Filter: 1603707
Planning time: 1.209 ms
Execution time: 25450.732 ms
