Seq Scan on movie_keyword mk  (cost=0.00..81003.12 rows=246 width=0) (actual time=9.932..1197.505 rows=193 loops=1)
  Filter: (keyword_id = 14545)
  Rows Removed by Filter: 4523737
Planning time: 0.410 ms
Execution time: 1197.691 ms
