Hash Join  (cost=709674.96..764341.99 rows=150 width=0) (actual time=11366.080..12379.562 rows=21 loops=1)
  Hash Cond: (mc.movie_id = t.id)
  ->  Seq Scan on movie_companies mc  (cost=0.00..44881.29 rows=2609129 width=4) (actual time=0.027..767.294 rows=2609129 loops=1)
  ->  Hash  (cost=709673.15..709673.15 rows=145 width=8) (actual time=11172.214..11172.214 rows=14 loops=1)
        Buckets: 1024  Batches: 1  Memory Usage: 9kB
        ->  Nested Loop  (cost=0.43..709673.15 rows=145 width=8) (actual time=1007.637..11172.157 rows=14 loops=1)
              ->  Seq Scan on cast_info ci  (cost=0.00..705507.15 rows=500 width=4) (actual time=1007.579..11170.817 rows=24 loops=1)
                    Filter: (person_id = 2032630)
                    Rows Removed by Filter: 36244320
              ->  Index Scan using title_pkey on title t  (cost=0.43..8.32 rows=1 width=4) (actual time=0.051..0.051 rows=1 loops=24)
                    Index Cond: (id = ci.movie_id)
                    Filter: (production_year < 1992)
                    Rows Removed by Filter: 0
Planning time: 1.227 ms
Execution time: 12379.696 ms
