Hash Join  (cost=845008.27..1056740.01 rows=1330984 width=0) (actual time=24560.119..27080.951 rows=681297 loops=1)
  Hash Cond: (mk.movie_id = t.id)
  ->  Seq Scan on movie_keyword mk  (cost=0.00..69693.30 rows=4523930 width=4) (actual time=0.016..1383.613 rows=4523930 loops=1)
  ->  Hash  (cost=832803.30..832803.30 rows=743917 width=8) (actual time=23548.615..23548.615 rows=700082 loops=1)
        Buckets: 131072  Batches: 16  Memory Usage: 2764kB
        ->  Hash Join  (cost=74574.97..832803.30 rows=743917 width=8) (actual time=1251.119..22981.592 rows=700082 loops=1)
              Hash Cond: (ci.movie_id = t.id)
              ->  Seq Scan on cast_info ci  (cost=0.00..614943.12 rows=36225612 width=4) (actual time=0.024..9700.419 rows=36244344 loops=1)
              ->  Hash  (cost=73925.90..73925.90 rows=51925 width=4) (actual time=1250.259..1250.259 rows=56480 loops=1)
                    Buckets: 65536  Batches: 1  Memory Usage: 2498kB
                    ->  Seq Scan on title t  (cost=0.00..73925.90 rows=51925 width=4) (actual time=0.025..1213.517 rows=56480 loops=1)
                          Filter: ((kind_id = 7) AND (production_year = 2004))
                          Rows Removed by Filter: 2471832
Planning time: 1.166 ms
Execution time: 27163.388 ms
