Seq Scan on cast_info ci  (cost=0.00..705507.15 rows=4910999 width=0) (actual time=0.019..11489.050 rows=4790184 loops=1)
  Filter: (person_id < 465308)
  Rows Removed by Filter: 31454160
Planning time: 0.230 ms
Execution time: 12078.734 ms
