Hash Join  (cost=94699.36..183864.73 rows=3479 width=0) (actual time=1572.253..3403.393 rows=42057 loops=1)
  Hash Cond: (mk.movie_id = t.id)
  ->  Seq Scan on movie_keyword mk  (cost=0.00..81003.12 rows=2167321 width=4) (actual time=0.026..1474.452 rows=2167758 loops=1)
        Filter: (keyword_id > 5296)
        Rows Removed by Filter: 2356172
  ->  Hash  (cost=94648.62..94648.62 rows=4059 width=8) (actual time=1569.515..1569.515 rows=10327 loops=1)
        Buckets: 16384 (originally 4096)  Batches: 1 (originally 1)  Memory Usage: 532kB
        ->  Hash Join  (cost=67697.55..94648.62 rows=4059 width=8) (actual time=1007.620..1565.639 rows=10327 loops=1)
              Hash Cond: (mi_idx.movie_id = t.id)
              ->  Seq Scan on movie_info_idx mi_idx  (cost=0.00..21735.35 rows=1380035 width=4) (actual time=0.018..276.291 rows=1380035 loops=1)
              ->  Hash  (cost=67604.59..67604.59 rows=7437 width=4) (actual time=1007.525..1007.525 rows=14779 loops=1)
                    Buckets: 16384 (originally 8192)  Batches: 1 (originally 1)  Memory Usage: 648kB
                    ->  Seq Scan on title t  (cost=0.00..67604.59 rows=7437 width=4) (actual time=0.030..1000.537 rows=14779 loops=1)
                          Filter: (production_year = 1980)
                          Rows Removed by Filter: 2513533
Planning time: 1.191 ms
Execution time: 3409.358 ms
