Nested Loop  (cost=0.43..709671.90 rows=500 width=0) (actual time=3415.301..10818.908 rows=222 loops=1)
  ->  Seq Scan on cast_info ci  (cost=0.00..705507.15 rows=500 width=4) (actual time=3415.098..10796.621 rows=222 loops=1)
        Filter: (person_id = 1663673)
        Rows Removed by Filter: 36244122
  ->  Index Only Scan using title_pkey on title t  (cost=0.43..8.32 rows=1 width=4) (actual time=0.099..0.099 rows=1 loops=222)
        Index Cond: (id = ci.movie_id)
        Heap Fetches: 222
Planning time: 0.782 ms
Execution time: 10819.037 ms
