Seq Scan on movie_companies mc  (cost=0.00..57926.93 rows=1209557 width=0) (actual time=0.026..974.232 rows=1097194 loops=1)
  Filter: ((company_id < 103641) AND (company_type_id = 2))
  Rows Removed by Filter: 1511935
Planning time: 0.400 ms
Execution time: 1096.474 ms
