Hash Join  (cost=84240.62..148414.17 rows=67085 width=0) (actual time=1474.179..2741.237 rows=87711 loops=1)
  Hash Cond: (mc.movie_id = t.id)
  ->  Seq Scan on movie_companies mc  (cost=0.00..57926.93 rows=269805 width=4) (actual time=30.269..986.963 rows=404309 loops=1)
        Filter: ((company_id < 554) AND (company_type_id = 1))
        Rows Removed by Filter: 2204820
  ->  Hash  (cost=73925.90..73925.90 rows=628697 width=4) (actual time=1443.011..1443.011 rows=532584 loops=1)
        Buckets: 131072  Batches: 16  Memory Usage: 2188kB
        ->  Seq Scan on title t  (cost=0.00..73925.90 rows=628697 width=4) (actual time=0.037..1277.704 rows=532584 loops=1)
              Filter: ((kind_id < 7) AND (production_year > 1995))
              Rows Removed by Filter: 1995728
Planning time: 0.797 ms
Execution time: 2753.506 ms
