Hash Join  (cost=1039087.35..4771618.51 rows=205405680 width=0) (actual time=26113.366..170952.962 rows=421312432 loops=1)
  Hash Cond: (ci.movie_id = t.id)
  ->  Seq Scan on cast_info ci  (cost=0.00..614943.12 rows=36225612 width=4) (actual time=0.017..14164.640 rows=36244344 loops=1)
  ->  Hash  (cost=803867.37..803867.37 rows=14337199 width=8) (actual time=26109.949..26109.949 rows=14370084 loops=1)
        Buckets: 131072  Batches: 256  Memory Usage: 3202kB
        ->  Hash Join  (cost=102767.86..803867.37 rows=14337199 width=8) (actual time=1921.321..22047.270 rows=14370084 loops=1)
              Hash Cond: (mi.movie_id = t.id)
              ->  Seq Scan on movie_info mi  (cost=0.00..346232.03 rows=14337199 width=4) (actual time=0.025..7695.273 rows=14370084 loops=1)
                    Filter: (info_type_id < 104)
                    Rows Removed by Filter: 465636
              ->  Hash  (cost=61283.27..61283.27 rows=2528527 width=4) (actual time=1920.502..1920.502 rows=2528312 loops=1)
                    Buckets: 131072  Batches: 64  Memory Usage: 2425kB
                    ->  Seq Scan on title t  (cost=0.00..61283.27 rows=2528527 width=4) (actual time=0.020..1055.345 rows=2528312 loops=1)
Planning time: 1.173 ms
Execution time: 218165.408 ms
