Hash Join  (cost=213710.87..256045.72 rows=270537 width=0) (actual time=4488.618..5910.943 rows=1150406 loops=1)
  Hash Cond: (mi_idx.movie_id = t.id)
  ->  Seq Scan on movie_info_idx mi_idx  (cost=0.00..21735.35 rows=1380035 width=4) (actual time=0.017..493.720 rows=1380035 loops=1)
  ->  Hash  (cost=205577.83..205577.83 rows=495683 width=8) (actual time=4485.832..4485.832 rows=489699 loops=1)
        Buckets: 131072  Batches: 8  Memory Usage: 3442kB
        ->  Hash Join  (cost=102767.86..205577.83 rows=495683 width=8) (actual time=1963.039..4348.893 rows=489699 loops=1)
              Hash Cond: (mk.movie_id = t.id)
              ->  Seq Scan on movie_keyword mk  (cost=0.00..81003.12 rows=495683 width=4) (actual time=0.016..1354.893 rows=489699 loops=1)
                    Filter: (keyword_id > 36734)
                    Rows Removed by Filter: 4034231
              ->  Hash  (cost=61283.27..61283.27 rows=2528527 width=4) (actual time=1955.718..1955.718 rows=2528312 loops=1)
                    Buckets: 131072  Batches: 64  Memory Usage: 2425kB
                    ->  Seq Scan on title t  (cost=0.00..61283.27 rows=2528527 width=4) (actual time=0.021..1118.561 rows=2528312 loops=1)
Planning time: 0.720 ms
Execution time: 6042.908 ms
