Hash Join  (cost=210610.70..587893.96 rows=391342 width=0) (actual time=6170.294..18151.998 rows=28791142 loops=1)
  Hash Cond: (mi.movie_id = t.id)
  ->  Seq Scan on movie_info mi  (cost=0.00..346232.03 rows=2194617 width=4) (actual time=992.324..5519.155 rows=2233850 loops=1)
        Filter: (info_type_id > 16)
        Rows Removed by Filter: 12601870
  ->  Hash  (cost=203212.65..203212.65 rows=450884 width=8) (actual time=5175.444..5175.444 rows=1381055 loops=1)
        Buckets: 131072 (originally 131072)  Batches: 32 (originally 8)  Memory Usage: 3073kB
        ->  Hash Join  (cost=79863.89..203212.65 rows=450884 width=8) (actual time=1432.572..4759.056 rows=1381055 loops=1)
              Hash Cond: (mk.movie_id = t.id)
              ->  Seq Scan on movie_keyword mk  (cost=0.00..81003.12 rows=3150079 width=4) (actual time=0.021..1628.246 rows=3140069 loops=1)
                    Filter: (keyword_id > 1859)
                    Rows Removed by Filter: 1383861
              ->  Hash  (cost=73925.90..73925.90 rows=361919 width=4) (actual time=1431.601..1431.601 rows=470371 loops=1)
                    Buckets: 131072  Batches: 8  Memory Usage: 3110kB
                    ->  Seq Scan on title t  (cost=0.00..73925.90 rows=361919 width=4) (actual time=0.021..1273.062 rows=470371 loops=1)
                          Filter: ((kind_id < 7) AND (production_year < 1998))
                          Rows Removed by Filter: 2057941
Planning time: 3.148 ms
Execution time: 21309.807 ms
