Hash Join  (cost=188461.53..1352308.28 rows=12659158 width=0) (actual time=4487.443..45163.370 rows=27724473 loops=1)
  Hash Cond: (ci.movie_id = t.id)
  ->  Seq Scan on cast_info ci  (cost=0.00..614943.12 rows=36225612 width=4) (actual time=0.020..13464.904 rows=36244344 loops=1)
  ->  Hash  (cost=173964.51..173964.51 rows=883602 width=8) (actual time=4486.631..4486.631 rows=1066935 loops=1)
        Buckets: 131072  Batches: 16  Memory Usage: 3629kB
        ->  Hash Join  (cost=88359.31..173964.51 rows=883602 width=8) (actual time=1780.026..4205.102 rows=1066935 loops=1)
              Hash Cond: (mc.movie_id = t.id)
              ->  Seq Scan on movie_companies mc  (cost=0.00..51404.11 rows=1766150 width=4) (actual time=0.021..1124.558 rows=1771695 loops=1)
                    Filter: (company_id > 2175)
                    Rows Removed by Filter: 837434
              ->  Hash  (cost=67604.59..67604.59 rows=1265018 width=4) (actual time=1778.893..1778.893 rows=1263700 loops=1)
                    Buckets: 131072  Batches: 32  Memory Usage: 2410kB
                    ->  Seq Scan on title t  (cost=0.00..67604.59 rows=1265018 width=4) (actual time=0.023..1360.759 rows=1263700 loops=1)
                          Filter: (production_year < 2004)
                          Rows Removed by Filter: 1264612
Planning time: 1.159 ms
Execution time: 48127.521 ms
