Hash Join  (cost=177197.39..695086.92 rows=3569161 width=0) (actual time=3853.533..17675.766 rows=2953192 loops=1)
  Hash Cond: (mi.movie_id = t.id)
  ->  Seq Scan on movie_info mi  (cost=0.00..309384.22 rows=14739122 width=4) (actual time=0.019..6190.411 rows=14835720 loops=1)
  ->  Hash  (cost=167151.67..167151.67 rows=612297 width=8) (actual time=3852.713..3852.713 rows=341035 loops=1)
        Buckets: 131072  Batches: 8  Memory Usage: 2690kB
        ->  Hash Join  (cost=83661.18..167151.67 rows=612297 width=8) (actual time=1953.216..3762.580 rows=341035 loops=1)
              Hash Cond: (mc.movie_id = t.id)
              ->  Seq Scan on movie_companies mc  (cost=0.00..44881.29 rows=2609129 width=4) (actual time=0.026..998.910 rows=2609129 loops=1)
              ->  Hash  (cost=73925.90..73925.90 rows=593382 width=4) (actual time=1463.608..1463.608 rows=486368 loops=1)
                    Buckets: 131072  Batches: 8  Memory Usage: 3147kB
                    ->  Seq Scan on title t  (cost=0.00..73925.90 rows=593382 width=4) (actual time=121.444..1306.714 rows=486368 loops=1)
                          Filter: ((production_year < 1999) AND (kind_id = 7))
                          Rows Removed by Filter: 2041944
Planning time: 1.080 ms
Execution time: 17982.563 ms
