Seq Scan on movie_keyword mk  (cost=0.00..81003.12 rows=234401 width=0) (actual time=0.029..1226.753 rows=234861 loops=1)
  Filter: (keyword_id > 62664)
  Rows Removed by Filter: 4289069
Planning time: 0.360 ms
Execution time: 1257.352 ms
