Seq Scan on movie_companies mc  (cost=0.00..57926.93 rows=1311130 width=0) (actual time=307.523..1193.072 rows=1299667 loops=1)
  Filter: ((company_id < 203354) AND (company_type_id = 2))
  Rows Removed by Filter: 1309462
Planning time: 0.381 ms
Execution time: 1354.994 ms
