Seq Scan on cast_info ci  (cost=0.00..796071.18 rows=176 width=0) (actual time=1503.714..12836.047 rows=387 loops=1)
  Filter: ((role_id < 2) AND (person_id = 1119750))
  Rows Removed by Filter: 36243957
Planning time: 0.408 ms
Execution time: 12836.184 ms
