Hash Join  (cost=220849.70..369932.54 rows=2222780 width=0) (actual time=4795.602..10675.210 rows=7032051 loops=1)
  Hash Cond: (mk.movie_id = t.id)
  ->  Seq Scan on movie_keyword mk  (cost=0.00..69693.30 rows=4523930 width=4) (actual time=0.024..1475.008 rows=4523930 loops=1)
  ->  Hash  (cost=200467.17..200467.17 rows=1242362 width=8) (actual time=4793.887..4793.887 rows=1164407 loops=1)
        Buckets: 131072  Batches: 32  Memory Usage: 2451kB
        ->  Hash Join  (cost=102767.86..200467.17 rows=1242362 width=8) (actual time=1950.541..4472.022 rows=1164407 loops=1)
              Hash Cond: (mc.movie_id = t.id)
              ->  Seq Scan on movie_companies mc  (cost=0.00..57926.93 rows=1242362 width=4) (actual time=0.024..1238.343 rows=1164407 loops=1)
                    Filter: ((company_id < 123691) AND (company_type_id > 1))
                    Rows Removed by Filter: 1444722
              ->  Hash  (cost=61283.27..61283.27 rows=2528527 width=4) (actual time=1949.272..1949.272 rows=2528312 loops=1)
                    Buckets: 131072  Batches: 64  Memory Usage: 2415kB
                    ->  Seq Scan on title t  (cost=0.00..61283.27 rows=2528527 width=4) (actual time=0.019..1120.985 rows=2528312 loops=1)
Planning time: 1.125 ms
Execution time: 11494.911 ms
