Seq Scan on cast_info ci  (cost=0.00..705507.15 rows=500 width=0) (actual time=1934.716..11048.164 rows=72 loops=1)
  Filter: (person_id = 2054003)
  Rows Removed by Filter: 36244272
Planning time: 0.355 ms
Execution time: 11048.276 ms
