Seq Scan on cast_info ci  (cost=0.00..705507.15 rows=1778789 width=0) (actual time=1173.679..10955.982 rows=1819552 loops=1)
  Filter: (person_id > 3702458)
  Rows Removed by Filter: 34424792
Planning time: 0.354 ms
Execution time: 11190.289 ms
