Hash Join  (cost=114663.39..913032.58 rows=473875 width=0) (actual time=2296.586..21943.667 rows=821532 loops=1)
  Hash Cond: (ci.movie_id = t.id)
  ->  Seq Scan on cast_info ci  (cost=0.00..705507.15 rows=23499554 width=4) (actual time=0.017..14386.928 rows=23573656 loops=1)
        Filter: (role_id > 1)
        Rows Removed by Filter: 12670688
  ->  Hash  (cost=114026.04..114026.04 rows=50988 width=8) (actual time=2296.117..2296.117 rows=33996 loops=1)
        Buckets: 65536  Batches: 1  Memory Usage: 1840kB
        ->  Hash Join  (cost=75458.68..114026.04 rows=50988 width=8) (actual time=1346.681..2284.729 rows=33996 loops=1)
              Hash Cond: (mi_idx.movie_id = t.id)
              ->  Seq Scan on movie_info_idx mi_idx  (cost=0.00..21735.35 rows=1380035 width=4) (actual time=0.008..468.652 rows=1380035 loops=1)
              ->  Hash  (cost=73925.90..73925.90 rows=93422 width=4) (actual time=1345.552..1345.552 rows=100754 loops=1)
                    Buckets: 131072  Batches: 2  Memory Usage: 2802kB
                    ->  Seq Scan on title t  (cost=0.00..73925.90 rows=93422 width=4) (actual time=0.055..1306.742 rows=100754 loops=1)
                          Filter: ((kind_id > 1) AND (production_year = 2008))
                          Rows Removed by Filter: 2427558
Planning time: 1.161 ms
Execution time: 22051.549 ms
