Hash Join  (cost=83074.16..145863.54 rows=77 width=0) (actual time=1284.655..2517.209 rows=51 loops=1)
  Hash Cond: (mc.movie_id = t.id)
  ->  Seq Scan on movie_companies mc  (cost=0.00..57926.93 rows=1296446 width=4) (actual time=0.016..1032.558 rows=1327562 loops=1)
        Filter: ((company_id > 6) AND (company_type_id > 1))
        Rows Removed by Filter: 1281567
  ->  Hash  (cost=83072.29..83072.29 rows=150 width=8) (actual time=1283.130..1283.130 rows=48 loops=1)
        Buckets: 1024  Batches: 1  Memory Usage: 10kB
        ->  Nested Loop  (cost=0.43..83072.29 rows=150 width=8) (actual time=899.944..1283.070 rows=48 loops=1)
              ->  Seq Scan on movie_keyword mk  (cost=0.00..81003.12 rows=246 width=4) (actual time=1.387..1235.873 rows=946 loops=1)
                    Filter: (keyword_id = 413)
                    Rows Removed by Filter: 4522984
              ->  Index Scan using title_pkey on title t  (cost=0.43..8.40 rows=1 width=4) (actual time=0.049..0.049 rows=0 loops=946)
                    Index Cond: (id = mk.movie_id)
                    Filter: (kind_id = 7)
                    Rows Removed by Filter: 1
Planning time: 1.198 ms
Execution time: 2517.329 ms
