Seq Scan on cast_info ci  (cost=0.00..796071.18 rows=11501720 width=0) (actual time=598.108..15408.463 rows=5922105 loops=1)
  Filter: ((person_id < 2657852) AND (role_id > 2))
  Rows Removed by Filter: 30322239
Planning time: 0.370 ms
Execution time: 16154.447 ms
