Seq Scan on movie_keyword mk  (cost=0.00..81003.12 rows=246 width=0) (actual time=802.025..1241.367 rows=10 loops=1)
  Filter: (keyword_id = 27645)
  Rows Removed by Filter: 4523920
Planning time: 2.747 ms
Execution time: 1241.459 ms
