Seq Scan on cast_info ci  (cost=0.00..796071.18 rows=20359208 width=0) (actual time=0.025..17648.703 rows=22261992 loops=1)
  Filter: ((person_id > 458619) AND (role_id > 1))
  Rows Removed by Filter: 13982352
Planning time: 0.355 ms
Execution time: 20426.549 ms
