Hash Join  (cost=212735.91..778582.17 rows=8063633 width=0) (actual time=4928.860..18520.399 rows=5471273 loops=1)
  Hash Cond: (mi.movie_id = t.id)
  ->  Seq Scan on movie_info mi  (cost=0.00..309384.22 rows=14739122 width=4) (actual time=0.017..6015.895 rows=14835720 loops=1)
  ->  Hash  (cost=190040.25..190040.25 rows=1383333 width=8) (actual time=4783.295..4783.295 rows=624850 loops=1)
        Buckets: 131072  Batches: 32  Memory Usage: 1768kB
        ->  Hash Join  (cost=95920.39..190040.25 rows=1383333 width=8) (actual time=2046.771..4605.626 rows=624850 loops=1)
              Hash Cond: (mc.movie_id = t.id)
              ->  Seq Scan on movie_companies mc  (cost=0.00..44881.29 rows=2609129 width=4) (actual time=0.024..908.448 rows=2609129 loops=1)
              ->  Hash  (cost=73925.90..73925.90 rows=1340599 width=4) (actual time=2028.174..2028.174 rows=1418280 loops=1)
                    Buckets: 131072  Batches: 32  Memory Usage: 2584kB
                    ->  Seq Scan on title t  (cost=0.00..73925.90 rows=1340599 width=4) (actual time=0.013..1575.538 rows=1418280 loops=1)
                          Filter: ((production_year > 1961) AND (kind_id = 7))
                          Rows Removed by Filter: 1110032
Planning time: 4.744 ms
Execution time: 19062.127 ms
