Seq Scan on cast_info ci  (cost=0.00..705507.15 rows=11048459 width=0) (actual time=0.021..11986.836 rows=11041437 loops=1)
  Filter: (person_id > 2599620)
  Rows Removed by Filter: 25202907
Planning time: 2.189 ms
Execution time: 13346.732 ms
