Seq Scan on movie_companies mc  (cost=0.00..51404.11 rows=1355173 width=0) (actual time=0.025..926.438 rows=1364807 loops=1)
  Filter: (company_id > 11147)
  Rows Removed by Filter: 1244322
Planning time: 0.318 ms
Execution time: 1096.488 ms
