Hash Join  (cost=510033.27..1426166.62 rows=6432019 width=0) (actual time=9666.727..31559.160 rows=6084144 loops=1)
  Hash Cond: (ci.movie_id = t.id)
  ->  Seq Scan on cast_info ci  (cost=0.00..705507.15 rows=12203201 width=4) (actual time=0.016..14261.826 rows=12113646 loops=1)
        Filter: (role_id > 3)
        Rows Removed by Filter: 24130698
  ->  Hash  (cost=488168.18..488168.18 rows=1332727 width=8) (actual time=9665.308..9665.308 rows=568187 loops=1)
        Buckets: 131072  Batches: 32  Memory Usage: 1689kB
        ->  Hash Join  (cost=98137.04..488168.18 rows=1332727 width=8) (actual time=2502.502..9495.952 rows=568187 loops=1)
              Hash Cond: (mi.movie_id = t.id)
              ->  Seq Scan on movie_info mi  (cost=0.00..346232.03 rows=1810770 width=4) (actual time=216.624..5902.597 rows=1865632 loops=1)
                    Filter: (info_type_id > 17)
                    Rows Removed by Filter: 12970088
              ->  Hash  (cost=67604.59..67604.59 rows=1860996 width=4) (actual time=2196.935..2196.935 rows=1865487 loops=1)
                    Buckets: 131072  Batches: 32  Memory Usage: 3085kB
                    ->  Seq Scan on title t  (cost=0.00..67604.59 rows=1860996 width=4) (actual time=0.025..1311.640 rows=1865487 loops=1)
                          Filter: (kind_id > 1)
                          Rows Removed by Filter: 662825
Planning time: 1.182 ms
Execution time: 32234.462 ms
