Hash Join  (cost=171429.56..649858.91 rows=1749498 width=0) (actual time=4337.260..23589.454 rows=30813674 loops=1)
  Hash Cond: (mi.movie_id = t.id)
  ->  Seq Scan on movie_info mi  (cost=0.00..346232.03 rows=9767026 width=4) (actual time=0.027..7061.894 rows=9911754 loops=1)
        Filter: (info_type_id > 4)
        Rows Removed by Filter: 4923966
  ->  Hash  (cost=163998.10..163998.10 rows=452917 width=8) (actual time=4334.617..4334.617 rows=1131467 loops=1)
        Buckets: 131072 (originally 131072)  Batches: 16 (originally 8)  Memory Usage: 3849kB
        ->  Hash Join  (cost=83891.93..163998.10 rows=452917 width=8) (actual time=1540.568..3992.326 rows=1131467 loops=1)
              Hash Cond: (mc.movie_id = t.id)
              ->  Seq Scan on movie_companies mc  (cost=0.00..51404.11 rows=1885303 width=4) (actual time=5.443..1109.844 rows=1895435 loops=1)
                    Filter: (company_id > 1373)
                    Rows Removed by Filter: 713694
              ->  Hash  (cost=73925.90..73925.90 rows=607442 width=4) (actual time=1534.139..1534.139 rows=675690 loops=1)
                    Buckets: 131072  Batches: 8  Memory Usage: 4012kB
                    ->  Seq Scan on title t  (cost=0.00..73925.90 rows=607442 width=4) (actual time=0.035..1319.473 rows=675690 loops=1)
                          Filter: ((kind_id < 7) AND (production_year < 2007))
                          Rows Removed by Filter: 1852622
Planning time: 10.573 ms
Execution time: 27137.897 ms
