Hash Join  (cost=95609.53..167019.35 rows=258984 width=0) (actual time=1937.951..3181.568 rows=37075 loops=1)
  Hash Cond: (mc.movie_id = t.id)
  ->  Seq Scan on movie_companies mc  (cost=0.00..57926.93 rows=495478 width=4) (actual time=0.016..944.103 rows=193170 loops=1)
        Filter: ((company_id > 16014) AND (company_type_id < 2))
        Rows Removed by Filter: 2415959
  ->  Hash  (cost=73925.90..73925.90 rows=1321650 width=4) (actual time=1936.119..1936.119 rows=1298128 loops=1)
        Buckets: 131072  Batches: 32  Memory Usage: 2450kB
        ->  Seq Scan on title t  (cost=0.00..73925.90 rows=1321650 width=4) (actual time=0.013..1510.158 rows=1298128 loops=1)
              Filter: ((kind_id > 1) AND (production_year < 2009))
              Rows Removed by Filter: 1230184
Planning time: 0.702 ms
Execution time: 3186.110 ms
