Hash Join  (cost=130236.45..216935.52 rows=4103 width=0) (actual time=3370.127..3941.584 rows=3140 loops=1)
  Hash Cond: (mk.movie_id = t.id)
  ->  Seq Scan on movie_keyword mk  (cost=0.00..69693.30 rows=4523930 width=4) (actual time=0.023..829.147 rows=4523930 loops=1)
  ->  Hash  (cost=130207.79..130207.79 rows=2293 width=8) (actual time=2427.394..2427.394 rows=3604 loops=1)
        Buckets: 4096  Batches: 1  Memory Usage: 173kB
        ->  Hash Join  (cost=73982.55..130207.79 rows=2293 width=8) (actual time=1243.213..2425.881 rows=3604 loops=1)
              Hash Cond: (mc.movie_id = t.id)
              ->  Seq Scan on movie_companies mc  (cost=0.00..51404.11 rows=1279517 width=4) (actual time=6.098..971.337 rows=1274246 loops=1)
                    Filter: (company_type_id < 2)
                    Rows Removed by Filter: 1334883
              ->  Hash  (cost=73925.90..73925.90 rows=4532 width=4) (actual time=1236.681..1236.681 rows=5918 loops=1)
                    Buckets: 8192  Batches: 1  Memory Usage: 273kB
                    ->  Seq Scan on title t  (cost=0.00..73925.90 rows=4532 width=4) (actual time=1.218..1233.713 rows=5918 loops=1)
                          Filter: ((kind_id = 7) AND (production_year = 1962))
                          Rows Removed by Filter: 2522394
Planning time: 1.140 ms
Execution time: 3941.921 ms
