Hash Join  (cost=75238.98..113681.12 rows=43666 width=0) (actual time=1258.019..2289.180 rows=104196 loops=1)
  Hash Cond: (mi_idx.movie_id = t.id)
  ->  Seq Scan on movie_info_idx mi_idx  (cost=0.00..21735.35 rows=1380035 width=4) (actual time=0.018..446.727 rows=1380035 loops=1)
  ->  Hash  (cost=73925.90..73925.90 rows=80006 width=4) (actual time=1257.159..1257.159 rows=180389 loops=1)
        Buckets: 131072 (originally 131072)  Batches: 4 (originally 2)  Memory Usage: 3073kB
        ->  Seq Scan on title t  (cost=0.00..73925.90 rows=80006 width=4) (actual time=0.151..1188.287 rows=180389 loops=1)
              Filter: ((kind_id < 7) AND (production_year < 1956))
              Rows Removed by Filter: 2347923
Planning time: 0.757 ms
Execution time: 2302.459 ms
