Hash Join  (cost=320545.95..929804.58 rows=11751666 width=0) (actual time=7129.639..39450.941 rows=78144938 loops=1)
  Hash Cond: (mi.movie_id = t.id)
  ->  Seq Scan on movie_info mi  (cost=0.00..346232.03 rows=9476311 width=4) (actual time=0.016..6583.811 rows=9565151 loops=1)
        Filter: (info_type_id < 16)
        Rows Removed by Filter: 5270569
  ->  Hash  (cost=269101.31..269101.31 rows=3135651 width=8) (actual time=7128.710..7128.710 rows=3120252 loops=1)
        Buckets: 131072  Batches: 64  Memory Usage: 3027kB
        ->  Hash Join  (cost=102767.86..269101.31 rows=3135651 width=8) (actual time=1916.071..6223.436 rows=3120252 loops=1)
              Hash Cond: (mk.movie_id = t.id)
              ->  Seq Scan on movie_keyword mk  (cost=0.00..81003.12 rows=3135651 width=4) (actual time=0.018..1642.442 rows=3120252 loops=1)
                    Filter: (keyword_id < 11926)
                    Rows Removed by Filter: 1403678
              ->  Hash  (cost=61283.27..61283.27 rows=2528527 width=4) (actual time=1915.199..1915.199 rows=2528312 loops=1)
                    Buckets: 131072  Batches: 64  Memory Usage: 2425kB
                    ->  Seq Scan on title t  (cost=0.00..61283.27 rows=2528527 width=4) (actual time=0.016..1084.207 rows=2528312 loops=1)
Planning time: 0.744 ms
Execution time: 49140.702 ms
