Seq Scan on title t  (cost=0.00..73925.90 rows=737898 width=0) (actual time=0.018..1264.102 rows=643239 loops=1)
  Filter: ((kind_id < 7) AND (production_year > 1983))
  Rows Removed by Filter: 1885073
Planning time: 0.328 ms
Execution time: 1343.568 ms
