Seq Scan on cast_info ci  (cost=0.00..796071.18 rows=176 width=0) (actual time=2614.071..12976.150 rows=301 loops=1)
  Filter: ((role_id < 2) AND (person_id = 1675998))
  Rows Removed by Filter: 36244043
Planning time: 0.403 ms
Execution time: 12976.308 ms
