Seq Scan on cast_info ci  (cost=0.00..796071.18 rows=176 width=0) (actual time=7768.250..11608.805 rows=3 loops=1)
  Filter: ((person_id = 1174177) AND (role_id = 1))
  Rows Removed by Filter: 36244341
Planning time: 0.450 ms
Execution time: 11608.891 ms
