Seq Scan on cast_info ci  (cost=0.00..705507.15 rows=500 width=0) (actual time=4374.432..11877.500 rows=548 loops=1)
  Filter: (person_id = 2458841)
  Rows Removed by Filter: 36243796
Planning time: 0.369 ms
Execution time: 11877.696 ms
