Hash Join  (cost=148701.57..518706.27 rows=357294 width=0) (actual time=4233.956..9078.073 rows=15747 loops=1)
  Hash Cond: (mi.movie_id = t.id)
  ->  Seq Scan on movie_info mi  (cost=0.00..346232.03 rows=1550064 width=4) (actual time=1076.440..5234.122 rows=1533909 loops=1)
        Filter: (info_type_id = 3)
        Rows Removed by Filter: 13301811
  ->  Hash  (cost=139139.17..139139.17 rows=582832 width=8) (actual time=3155.882..3155.882 rows=309480 loops=1)
        Buckets: 131072  Batches: 8  Memory Usage: 2536kB
        ->  Hash Join  (cost=91446.37..139139.17 rows=582832 width=8) (actual time=1770.679..3052.277 rows=309480 loops=1)
              Hash Cond: (mi_idx.movie_id = t.id)
              ->  Seq Scan on movie_info_idx mi_idx  (cost=0.00..21735.35 rows=1380035 width=4) (actual time=0.010..433.402 rows=1380035 loops=1)
              ->  Hash  (cost=73925.90..73925.90 rows=1067877 width=4) (actual time=1694.118..1694.118 rows=1163273 loops=1)
                    Buckets: 131072  Batches: 16  Memory Usage: 3588kB
                    ->  Seq Scan on title t  (cost=0.00..73925.90 rows=1067877 width=4) (actual time=35.884..1348.506 rows=1163273 loops=1)
                          Filter: ((production_year > 1990) AND (kind_id = 7))
                          Rows Removed by Filter: 1365039
Planning time: 1.013 ms
Execution time: 9080.626 ms
