Seq Scan on movie_keyword mk  (cost=0.00..81003.12 rows=1075138 width=0) (actual time=0.015..1365.002 rows=1085027 loops=1)
  Filter: (keyword_id > 16296)
  Rows Removed by Filter: 3438903
Planning time: 0.321 ms
Execution time: 1498.834 ms
