Seq Scan on movie_companies mc  (cost=0.00..51404.11 rows=2466705 width=0) (actual time=0.021..1002.211 rows=2467797 loops=1)
  Filter: (company_id < 135763)
  Rows Removed by Filter: 141332
Planning time: 0.382 ms
Execution time: 1307.027 ms
