Seq Scan on cast_info ci  (cost=0.00..796071.18 rows=324 width=0) (actual time=3688.091..14576.529 rows=79 loops=1)
  Filter: ((role_id > 1) AND (person_id = 3516169))
  Rows Removed by Filter: 36244265
Planning time: 3.875 ms
Execution time: 14576.653 ms
