Hash Join  (cost=218558.36..772113.72 rows=6911744 width=0) (actual time=4985.749..28917.506 rows=47903401 loops=1)
  Hash Cond: (mi.movie_id = t.id)
  ->  Seq Scan on movie_info mi  (cost=0.00..309384.22 rows=14739122 width=4) (actual time=0.005..6049.863 rows=14835720 loops=1)
  ->  Hash  (cost=199104.81..199104.81 rows=1185724 width=8) (actual time=4984.500..4984.500 rows=1274246 loops=1)
        Buckets: 131072 (originally 131072)  Batches: 32 (originally 16)  Memory Usage: 3073kB
        ->  Hash Join  (cost=102767.86..199104.81 rows=1185724 width=8) (actual time=2144.982..4591.859 rows=1274246 loops=1)
              Hash Cond: (mc.movie_id = t.id)
              ->  Seq Scan on movie_companies mc  (cost=0.00..57926.93 rows=1185724 width=4) (actual time=235.925..1217.657 rows=1274246 loops=1)
                    Filter: ((company_id < 116006) AND (company_type_id = 1))
                    Rows Removed by Filter: 1334883
              ->  Hash  (cost=61283.27..61283.27 rows=2528527 width=4) (actual time=1907.750..1907.750 rows=2528312 loops=1)
                    Buckets: 131072  Batches: 64  Memory Usage: 2415kB
                    ->  Seq Scan on title t  (cost=0.00..61283.27 rows=2528527 width=4) (actual time=0.022..1061.015 rows=2528312 loops=1)
Planning time: 0.789 ms
Execution time: 34148.429 ms
