Hash Join  (cost=160865.73..1308587.22 rows=11089425 width=0) (actual time=3684.231..39870.561 rows=19829040 loops=1)
  Hash Cond: (ci.movie_id = t.id)
  ->  Seq Scan on cast_info ci  (cost=0.00..614943.12 rows=36225612 width=4) (actual time=0.022..13252.432 rows=36244344 loops=1)
  ->  Hash  (cost=148166.28..148166.28 rows=774036 width=8) (actual time=3683.323..3683.323 rows=636105 loops=1)
        Buckets: 131072  Batches: 16  Memory Usage: 2596kB
        ->  Hash Join  (cost=97193.44..148166.28 rows=774036 width=8) (actual time=1934.289..3485.776 rows=636105 loops=1)
              Hash Cond: (mi_idx.movie_id = t.id)
              ->  Seq Scan on movie_info_idx mi_idx  (cost=0.00..21735.35 rows=1380035 width=4) (actual time=0.021..443.136 rows=1380035 loops=1)
              ->  Hash  (cost=73925.90..73925.90 rows=1418203 width=4) (actual time=1933.501..1933.501 rows=1540108 loops=1)
                    Buckets: 131072  Batches: 32  Memory Usage: 2727kB
                    ->  Seq Scan on title t  (cost=0.00..73925.90 rows=1418203 width=4) (actual time=0.019..1435.206 rows=1540108 loops=1)
                          Filter: ((kind_id > 1) AND (production_year > 1981))
                          Rows Removed by Filter: 988204
Planning time: 3.156 ms
Execution time: 42006.355 ms
