Seq Scan on movie_keyword mk  (cost=0.00..81003.12 rows=1685800 width=0) (actual time=0.039..1392.155 rows=1694945 loops=1)
  Filter: (keyword_id > 8507)
  Rows Removed by Filter: 2828985
Planning time: 0.279 ms
Execution time: 1605.694 ms
