Nested Loop  (cost=44377.22..144123.78 rows=96 width=0) (actual time=2181.567..2637.140 rows=57 loops=1)
  ->  Hash Join  (cost=44376.79..132214.18 rows=20172 width=8) (actual time=851.152..2410.591 rows=14838 loops=1)
        Hash Cond: (mk.movie_id = mi_idx.movie_id)
        ->  Seq Scan on movie_keyword mk  (cost=0.00..81003.12 rows=6786 width=4) (actual time=0.060..1298.987 rows=5733 loops=1)
              Filter: (keyword_id = 249)
              Rows Removed by Filter: 4518197
        ->  Hash  (cost=21735.35..21735.35 rows=1380035 width=4) (actual time=849.335..849.335 rows=1380035 loops=1)
              Buckets: 131072  Batches: 32  Memory Usage: 2556kB
              ->  Seq Scan on movie_info_idx mi_idx  (cost=0.00..21735.35 rows=1380035 width=4) (actual time=0.024..444.047 rows=1380035 loops=1)
  ->  Index Scan using title_pkey on title t  (cost=0.43..0.58 rows=1 width=4) (actual time=0.015..0.015 rows=0 loops=14838)
        Index Cond: (id = mi_idx.movie_id)
        Filter: (production_year = 2013)
        Rows Removed by Filter: 1
Planning time: 1.167 ms
Execution time: 2637.288 ms
