Hash Join  (cost=164950.27..1008188.61 rows=1035544 width=0) (actual time=11185.242..19637.872 rows=2024589 loops=1)
  Hash Cond: (ci.movie_id = t.id)
  ->  Seq Scan on cast_info ci  (cost=0.00..796071.18 rows=2875925 width=4) (actual time=7254.925..13429.713 rows=3230578 loops=1)
        Filter: ((person_id > 981831) AND (role_id = 3))
        Rows Removed by Filter: 33013766
  ->  Hash  (cost=150012.59..150012.59 rows=910455 width=8) (actual time=3928.081..3928.081 rows=525930 loops=1)
        Buckets: 131072  Batches: 16  Memory Usage: 2312kB
        ->  Hash Join  (cost=94973.51..150012.59 rows=910455 width=8) (actual time=2263.842..3766.984 rows=525930 loops=1)
              Hash Cond: (mi_idx.movie_id = t.id)
              ->  Seq Scan on movie_info_idx mi_idx  (cost=0.00..21735.35 rows=1380035 width=4) (actual time=0.024..433.020 rows=1380035 loops=1)
              ->  Hash  (cost=67604.59..67604.59 rows=1668154 width=4) (actual time=2262.949..2262.949 rows=1674098 loops=1)
                    Buckets: 131072  Batches: 32  Memory Usage: 2869kB
                    ->  Seq Scan on title t  (cost=0.00..67604.59 rows=1668154 width=4) (actual time=0.021..1405.667 rows=1674098 loops=1)
                          Filter: (kind_id > 3)
                          Rows Removed by Filter: 854214
Planning time: 1.147 ms
Execution time: 19875.760 ms
