Hash Join  (cost=85777.42..172307.37 rows=32964 width=0) (actual time=1611.105..3055.862 rows=27175 loops=1)
  Hash Cond: (mk.movie_id = t.id)
  ->  Seq Scan on movie_keyword mk  (cost=0.00..81003.12 rows=75248 width=4) (actual time=0.296..1220.514 rows=72496 loops=1)
        Filter: (keyword_id = 335)
        Rows Removed by Filter: 4451434
  ->  Hash  (cost=67604.59..67604.59 rows=1107667 width=4) (actual time=1608.223..1608.223 rows=1107925 loops=1)
        Buckets: 131072  Batches: 16  Memory Usage: 3467kB
        ->  Seq Scan on title t  (cost=0.00..67604.59 rows=1107667 width=4) (actual time=0.006..1243.750 rows=1107925 loops=1)
              Filter: (production_year > 2004)
              Rows Removed by Filter: 1420387
Planning time: 0.847 ms
Execution time: 3059.328 ms
