Hash Join  (cost=58375.85..809172.60 rows=759 width=0) (actual time=1026.472..14904.821 rows=259 loops=1)
  Hash Cond: (ci.movie_id = t.id)
  ->  Seq Scan on cast_info ci  (cost=0.00..614943.12 rows=36225612 width=4) (actual time=0.022..7814.090 rows=36244344 loops=1)
  ->  Hash  (cost=58375.18..58375.18 rows=53 width=8) (actual time=946.662..946.662 rows=15 loops=1)
        Buckets: 1024  Batches: 1  Memory Usage: 9kB
        ->  Nested Loop  (cost=0.43..58375.18 rows=53 width=8) (actual time=153.372..946.631 rows=15 loops=1)
              ->  Seq Scan on movie_companies mc  (cost=0.00..57926.93 rows=53 width=4) (actual time=153.264..941.328 rows=15 loops=1)
                    Filter: ((company_type_id > 1) AND (company_id = 11153))
                    Rows Removed by Filter: 2609114
              ->  Index Only Scan using title_pkey on title t  (cost=0.43..8.45 rows=1 width=4) (actual time=0.345..0.346 rows=1 loops=15)
                    Index Cond: (id = mc.movie_id)
                    Heap Fetches: 15
Planning time: 1.137 ms
Execution time: 14905.234 ms
