Seq Scan on cast_info ci  (cost=0.00..796071.18 rows=1270932 width=0) (actual time=0.015..11968.992 rows=2516545 loops=1)
  Filter: ((person_id < 335647) AND (role_id = 1))
  Rows Removed by Filter: 33727799
Planning time: 0.368 ms
Execution time: 12280.034 ms
