Hash Join  (cost=344122.15..1110463.46 rows=21673868 width=0) (actual time=7965.712..69724.240 rows=202016382 loops=1)
  Hash Cond: (mi.movie_id = t.id)
  ->  Seq Scan on movie_info mi  (cost=0.00..309384.22 rows=14739122 width=4) (actual time=0.015..6791.417 rows=14835720 loops=1)
  ->  Hash  (cost=283119.68..283119.68 rows=3718197 width=8) (actual time=7964.118..7964.118 rows=3715618 loops=1)
        Buckets: 131072  Batches: 64  Memory Usage: 3395kB
        ->  Hash Join  (cost=102767.86..283119.68 rows=3718197 width=8) (actual time=2051.127..6959.107 rows=3715618 loops=1)
              Hash Cond: (mk.movie_id = t.id)
              ->  Seq Scan on movie_keyword mk  (cost=0.00..81003.12 rows=3718197 width=4) (actual time=0.280..1858.654 rows=3715618 loops=1)
                    Filter: (keyword_id > 782)
                    Rows Removed by Filter: 808312
              ->  Hash  (cost=61283.27..61283.27 rows=2528527 width=4) (actual time=2048.781..2048.781 rows=2528312 loops=1)
                    Buckets: 131072  Batches: 64  Memory Usage: 2425kB
                    ->  Seq Scan on title t  (cost=0.00..61283.27 rows=2528527 width=4) (actual time=0.019..1152.854 rows=2528312 loops=1)
Planning time: 1.129 ms
Execution time: 92233.564 ms
