Seq Scan on movie_companies mc  (cost=0.00..51404.11 rows=1923792 width=0) (actual time=0.042..1009.272 rows=1930243 loops=1)
  Filter: (company_id > 1130)
  Rows Removed by Filter: 678886
Planning time: 0.359 ms
Execution time: 1268.110 ms
