Hash Join  (cost=74268.02..129215.95 rows=28241 width=0) (actual time=1238.879..2961.740 rows=196911 loops=1)
  Hash Cond: (mc.movie_id = t.id)
  ->  Seq Scan on movie_companies mc  (cost=0.00..44881.29 rows=2609129 width=4) (actual time=0.022..613.754 rows=2609129 loops=1)
  ->  Hash  (cost=73925.90..73925.90 rows=27369 width=4) (actual time=1238.554..1238.554 rows=103977 loops=1)
        Buckets: 131072 (originally 32768)  Batches: 2 (originally 1)  Memory Usage: 3073kB
        ->  Seq Scan on title t  (cost=0.00..73925.90 rows=27369 width=4) (actual time=0.022..988.828 rows=103977 loops=1)
              Filter: ((kind_id < 2) AND (production_year < 1926))
              Rows Removed by Filter: 2424335
Planning time: 0.753 ms
Execution time: 2987.738 ms
