Hash Join  (cost=185003.96..226035.70 rows=194626 width=0) (actual time=3486.376..4488.590 rows=254957 loops=1)
  Hash Cond: (mi_idx.movie_id = t.id)
  ->  Seq Scan on movie_info_idx mi_idx  (cost=0.00..21735.35 rows=1380035 width=4) (actual time=0.019..396.642 rows=1380035 loops=1)
  ->  Hash  (cost=179153.49..179153.49 rows=356597 width=8) (actual time=3485.426..3485.426 rows=197686 loops=1)
        Buckets: 131072  Batches: 8  Memory Usage: 1999kB
        ->  Hash Join  (cost=102767.86..179153.49 rows=356597 width=8) (actual time=1945.144..3423.871 rows=197686 loops=1)
              Hash Cond: (mc.movie_id = t.id)
              ->  Seq Scan on movie_companies mc  (cost=0.00..57926.93 rows=356597 width=4) (actual time=0.018..865.043 rows=197686 loops=1)
                    Filter: ((company_id < 1261) AND (company_type_id = 2))
                    Rows Removed by Filter: 2411443
              ->  Hash  (cost=61283.27..61283.27 rows=2528527 width=4) (actual time=1943.301..1943.301 rows=2528312 loops=1)
                    Buckets: 131072  Batches: 64  Memory Usage: 2415kB
                    ->  Seq Scan on title t  (cost=0.00..61283.27 rows=2528527 width=4) (actual time=0.019..1078.194 rows=2528312 loops=1)
Planning time: 1.163 ms
Execution time: 4514.212 ms
