Seq Scan on movie_keyword mk  (cost=0.00..81003.12 rows=4170846 width=0) (actual time=0.020..1585.655 rows=4173808 loops=1)
  Filter: (keyword_id < 47511)
  Rows Removed by Filter: 350122
Planning time: 0.259 ms
Execution time: 2126.650 ms
