Hash Join  (cost=466524.55..1221016.89 rows=760623 width=0) (actual time=15526.582..23115.173 rows=795139 loops=1)
  Hash Cond: (ci.movie_id = t.id)
  ->  Seq Scan on cast_info ci  (cost=0.00..705507.15 rows=3386654 width=4) (actual time=6313.767..11428.440 rows=3385641 loops=1)
        Filter: (person_id > 3440451)
        Rows Removed by Filter: 32858703
  ->  Hash  (cost=457206.89..457206.89 rows=567893 width=8) (actual time=9211.484..9211.484 rows=698623 loops=1)
        Buckets: 131072 (originally 131072)  Batches: 16 (originally 8)  Memory Usage: 3073kB
        ->  Hash Join  (cost=86241.46..457206.89 rows=567893 width=8) (actual time=5939.501..9001.002 rows=698623 loops=1)
              Hash Cond: (mi.movie_id = t.id)
              ->  Seq Scan on movie_info mi  (cost=0.00..346232.03 rows=1264125 width=4) (actual time=4277.697..5528.040 rows=1288928 loops=1)
                    Filter: (info_type_id = 2)
                    Rows Removed by Filter: 13546792
              ->  Hash  (cost=67604.59..67604.59 rows=1135910 width=4) (actual time=1660.704..1660.704 rows=1133355 loops=1)
                    Buckets: 131072  Batches: 16  Memory Usage: 3524kB
                    ->  Seq Scan on title t  (cost=0.00..67604.59 rows=1135910 width=4) (actual time=1.169..1289.415 rows=1133355 loops=1)
                          Filter: (production_year < 2002)
                          Rows Removed by Filter: 1394957
Planning time: 0.802 ms
Execution time: 23211.374 ms
