Hash Join  (cost=263115.61..464262.77 rows=4653447 width=0) (actual time=6325.108..18447.598 rows=34814096 loops=1)
  Hash Cond: (mk.movie_id = t.id)
  ->  Seq Scan on movie_keyword mk  (cost=0.00..81003.12 rows=4509691 width=4) (actual time=0.021..1855.487 rows=4509566 loops=1)
        Filter: (keyword_id > 1)
        Rows Removed by Filter: 14364
  ->  Hash  (cost=220309.49..220309.49 rows=2609129 width=8) (actual time=6323.475..6323.475 rows=2609129 loops=1)
        Buckets: 131072  Batches: 64  Memory Usage: 2691kB
        ->  Hash Join  (cost=102767.86..220309.49 rows=2609129 width=8) (actual time=1902.164..5526.331 rows=2609129 loops=1)
              Hash Cond: (mc.movie_id = t.id)
              ->  Seq Scan on movie_companies mc  (cost=0.00..44881.29 rows=2609129 width=4) (actual time=0.021..932.205 rows=2609129 loops=1)
              ->  Hash  (cost=61283.27..61283.27 rows=2528527 width=4) (actual time=1900.956..1900.956 rows=2528312 loops=1)
                    Buckets: 131072  Batches: 64  Memory Usage: 2415kB
                    ->  Seq Scan on title t  (cost=0.00..61283.27 rows=2528527 width=4) (actual time=0.020..1063.743 rows=2528312 loops=1)
Planning time: 1.183 ms
Execution time: 22276.846 ms
