Nested Loop  (cost=0.43..52283.69 rows=104 width=0) (actual time=10.796..876.388 rows=150 loops=1)
  ->  Seq Scan on movie_companies mc  (cost=0.00..51404.11 rows=104 width=4) (actual time=10.725..871.094 rows=150 loops=1)
        Filter: (company_id = 1471)
        Rows Removed by Filter: 2608979
  ->  Index Only Scan using title_pkey on title t  (cost=0.43..8.45 rows=1 width=4) (actual time=0.032..0.033 rows=1 loops=150)
        Index Cond: (id = mc.movie_id)
        Heap Fetches: 150
Planning time: 0.606 ms
Execution time: 876.529 ms
