Hash Join  (cost=917166.97..1061951.96 rows=477522 width=0) (actual time=18428.388..22752.813 rows=1088067 loops=1)
  Hash Cond: (mk.movie_id = t.id)
  ->  Seq Scan on movie_keyword mk  (cost=0.00..69693.30 rows=4523930 width=4) (actual time=0.028..1360.174 rows=4523930 loops=1)
  ->  Hash  (cost=912787.74..912787.74 rows=266898 width=8) (actual time=18427.054..18427.054 rows=161597 loops=1)
        Buckets: 131072  Batches: 4  Memory Usage: 2594kB
        ->  Hash Join  (cost=74730.49..912787.74 rows=266898 width=8) (actual time=8230.945..18344.496 rows=161597 loops=1)
              Hash Cond: (ci.movie_id = t.id)
              ->  Seq Scan on cast_info ci  (cost=0.00..796071.18 rows=10484557 width=4) (actual time=7167.564..14789.782 rows=8144003 loops=1)
                    Filter: ((person_id > 606181) AND (role_id < 2))
                    Rows Removed by Filter: 28100341
              ->  Hash  (cost=73925.90..73925.90 rows=64367 width=4) (actual time=1062.853..1062.853 rows=53905 loops=1)
                    Buckets: 65536  Batches: 1  Memory Usage: 2408kB
                    ->  Seq Scan on title t  (cost=0.00..73925.90 rows=64367 width=4) (actual time=0.030..1040.834 rows=53905 loops=1)
                          Filter: ((kind_id < 7) AND (production_year = 2012))
                          Rows Removed by Filter: 2474407
Planning time: 1.227 ms
Execution time: 22872.826 ms
