Hash Join  (cost=187793.31..1275293.53 rows=5227103 width=0) (actual time=3621.864..36313.537 rows=14329774 loops=1)
  Hash Cond: (ci.movie_id = t.id)
  ->  Seq Scan on cast_info ci  (cost=0.00..614943.12 rows=36225612 width=4) (actual time=0.006..13349.765 rows=36244344 loops=1)
  ->  Hash  (cost=181806.69..181806.69 rows=364849 width=8) (actual time=3620.950..3620.950 rows=248190 loops=1)
        Buckets: 131072  Batches: 8  Memory Usage: 2215kB
        ->  Hash Join  (cost=80562.70..181806.69 rows=364849 width=8) (actual time=1479.905..3552.913 rows=248190 loops=1)
              Hash Cond: (mk.movie_id = t.id)
              ->  Seq Scan on movie_keyword mk  (cost=0.00..81003.12 rows=1168101 width=4) (actual time=0.025..1380.134 rows=1182898 loops=1)
                    Filter: (keyword_id > 15748)
                    Rows Removed by Filter: 3341032
              ->  Hash  (cost=67604.59..67604.59 rows=789769 width=4) (actual time=1477.951..1477.951 rows=784926 loops=1)
                    Buckets: 131072  Batches: 16  Memory Usage: 2756kB
                    ->  Seq Scan on title t  (cost=0.00..67604.59 rows=789769 width=4) (actual time=0.018..1208.837 rows=784926 loops=1)
                          Filter: (production_year > 2007)
                          Rows Removed by Filter: 1743386
Planning time: 1.077 ms
Execution time: 37935.937 ms
