Seq Scan on movie_keyword mk  (cost=0.00..81003.12 rows=2173569 width=0) (actual time=0.022..1386.217 rows=2175065 loops=1)
  Filter: (keyword_id > 5255)
  Rows Removed by Filter: 2348865
Planning time: 0.369 ms
Execution time: 1650.653 ms
