Seq Scan on movie_keyword mk  (cost=0.00..81003.12 rows=95566 width=0) (actual time=0.035..1320.905 rows=93689 loops=1)
  Filter: (keyword_id > 84014)
  Rows Removed by Filter: 4430241
Planning time: 0.319 ms
Execution time: 1334.467 ms
