Hash Join  (cost=94740.64..149457.42 rows=5127 width=0) (actual time=1679.935..2758.961 rows=7890 loops=1)
  Hash Cond: (mc.movie_id = t.id)
  ->  Seq Scan on movie_companies mc  (cost=0.00..44881.29 rows=2609129 width=4) (actual time=0.018..637.544 rows=2609129 loops=1)
  ->  Hash  (cost=94678.54..94678.54 rows=4968 width=8) (actual time=1631.331..1631.331 rows=4101 loops=1)
        Buckets: 8192  Batches: 1  Memory Usage: 225kB
        ->  Hash Join  (cost=67718.38..94678.54 rows=4968 width=8) (actual time=1054.497..1629.769 rows=4101 loops=1)
              Hash Cond: (mi_idx.movie_id = t.id)
              ->  Seq Scan on movie_info_idx mi_idx  (cost=0.00..21735.35 rows=1380035 width=4) (actual time=0.008..299.822 rows=1380035 loops=1)
              ->  Hash  (cost=67604.59..67604.59 rows=9103 width=4) (actual time=1053.946..1053.946 rows=7688 loops=1)
                    Buckets: 16384  Batches: 1  Memory Usage: 399kB
                    ->  Seq Scan on title t  (cost=0.00..67604.59 rows=9103 width=4) (actual time=294.086..1050.549 rows=7688 loops=1)
                          Filter: (production_year < 1901)
                          Rows Removed by Filter: 2520624
Planning time: 0.733 ms
Execution time: 2760.403 ms
