Hash Join  (cost=102767.86..1645703.00 rows=34391630 width=0) (actual time=2021.896..47604.800 rows=34371898 loops=1)
  Hash Cond: (ci.movie_id = t.id)
  ->  Seq Scan on cast_info ci  (cost=0.00..705507.15 rows=34391630 width=4) (actual time=0.021..17194.933 rows=34371898 loops=1)
        Filter: (person_id < 3692315)
        Rows Removed by Filter: 1872446
  ->  Hash  (cost=61283.27..61283.27 rows=2528527 width=4) (actual time=2013.430..2013.430 rows=2528312 loops=1)
        Buckets: 131072  Batches: 64  Memory Usage: 2415kB
        ->  Seq Scan on title t  (cost=0.00..61283.27 rows=2528527 width=4) (actual time=0.008..1168.892 rows=2528312 loops=1)
Planning time: 0.739 ms
Execution time: 51419.902 ms
