Hash Join  (cost=83810.17..169708.90 rows=26153 width=0) (actual time=1473.620..2971.250 rows=55454 loops=1)
  Hash Cond: (mk.movie_id = t.id)
  ->  Seq Scan on movie_keyword mk  (cost=0.00..81003.12 rows=66951 width=4) (actual time=0.037..1278.781 rows=68809 loops=1)
        Filter: (keyword_id < 59)
        Rows Removed by Filter: 4455121
  ->  Hash  (cost=67604.59..67604.59 rows=987727 width=4) (actual time=1472.576..1472.576 rows=985048 loops=1)
        Buckets: 131072  Batches: 16  Memory Usage: 3197kB
        ->  Seq Scan on title t  (cost=0.00..67604.59 rows=987727 width=4) (actual time=0.023..1155.310 rows=985048 loops=1)
              Filter: (kind_id < 7)
              Rows Removed by Filter: 1543264
Planning time: 0.735 ms
Execution time: 2977.799 ms
