Hash Join  (cost=212642.86..589633.96 rows=784033 width=0) (actual time=6301.736..11605.687 rows=1308527 loops=1)
  Hash Cond: (mi.movie_id = t.id)
  ->  Seq Scan on movie_info mi  (cost=0.00..346232.03 rows=1550064 width=4) (actual time=1346.147..5456.952 rows=1533909 loops=1)
        Filter: (info_type_id = 3)
        Rows Removed by Filter: 13301811
  ->  Hash  (cost=191660.02..191660.02 rows=1278947 width=8) (actual time=4954.732..4954.732 rows=1028453 loops=1)
        Buckets: 131072  Batches: 32  Memory Usage: 2322kB
        ->  Hash Join  (cost=97725.07..191660.02 rows=1278947 width=8) (actual time=1907.527..4628.177 rows=1028453 loops=1)
              Hash Cond: (mc.movie_id = t.id)
              ->  Seq Scan on movie_companies mc  (cost=0.00..51404.11 rows=1761473 width=4) (actual time=0.034..1137.805 rows=1752298 loops=1)
                    Filter: (company_id < 24625)
                    Rows Removed by Filter: 856831
              ->  Hash  (cost=67604.59..67604.59 rows=1835879 width=4) (actual time=1906.236..1906.236 rows=1833367 loops=1)
                    Buckets: 131072  Batches: 32  Memory Usage: 3045kB
                    ->  Seq Scan on title t  (cost=0.00..67604.59 rows=1835879 width=4) (actual time=0.025..1325.583 rows=1833367 loops=1)
                          Filter: (production_year > 1986)
                          Rows Removed by Filter: 694945
Planning time: 1.196 ms
Execution time: 11749.740 ms
