Hash Join  (cost=450708.17..1515718.81 rows=3037845 width=0) (actual time=8947.256..41814.034 rows=9596592 loops=1)
  Hash Cond: (ci.movie_id = t.id)
  ->  Seq Scan on cast_info ci  (cost=0.00..614943.12 rows=36225612 width=4) (actual time=0.011..13490.863 rows=36244344 loops=1)
  ->  Hash  (cost=447228.67..447228.67 rows=212040 width=8) (actual time=8946.554..8946.554 rows=621526 loops=1)
        Buckets: 131072 (originally 131072)  Batches: 8 (originally 4)  Memory Usage: 4078kB
        ->  Hash Join  (cost=79601.51..447228.67 rows=212040 width=8) (actual time=3913.381..8740.559 rows=621526 loops=1)
              Hash Cond: (mi.movie_id = t.id)
              ->  Seq Scan on movie_info mi  (cost=0.00..346232.03 rows=1550064 width=4) (actual time=2535.384..5754.702 rows=1533909 loops=1)
                    Filter: (info_type_id = 3)
                    Rows Removed by Filter: 13301811
              ->  Hash  (cost=73925.90..73925.90 rows=345888 width=4) (actual time=1377.072..1377.072 rows=457402 loops=1)
                    Buckets: 131072  Batches: 8  Memory Usage: 3055kB
                    ->  Seq Scan on title t  (cost=0.00..73925.90 rows=345888 width=4) (actual time=0.062..1235.830 rows=457402 loops=1)
                          Filter: ((kind_id < 7) AND (production_year < 1997))
                          Rows Removed by Filter: 2070910
Planning time: 0.998 ms
Execution time: 42830.017 ms
