Hash Join  (cost=970045.65..1564121.56 rows=8982608 width=0) (actual time=16513.613..36997.195 rows=28469778 loops=1)
  Hash Cond: (mi.movie_id = t.id)
  ->  Seq Scan on movie_info mi  (cost=0.00..309384.22 rows=14739122 width=4) (actual time=0.021..6158.016 rows=14835720 loops=1)
  ->  Hash  (cost=944763.34..944763.34 rows=1540985 width=8) (actual time=16512.045..16512.045 rows=1059068 loops=1)
        Buckets: 131072  Batches: 32  Memory Usage: 2354kB
        ->  Hash Join  (cost=83810.17..944763.34 rows=1540985 width=8) (actual time=1681.253..16198.537 rows=1059068 loops=1)
              Hash Cond: (ci.movie_id = t.id)
              ->  Seq Scan on cast_info ci  (cost=0.00..796071.18 rows=3944836 width=4) (actual time=260.372..12852.350 rows=2339356 loops=1)
                    Filter: ((person_id < 1142112) AND (role_id > 3))
                    Rows Removed by Filter: 33904988
              ->  Hash  (cost=67604.59..67604.59 rows=987727 width=4) (actual time=1419.955..1419.955 rows=985048 loops=1)
                    Buckets: 131072  Batches: 16  Memory Usage: 3188kB
                    ->  Seq Scan on title t  (cost=0.00..67604.59 rows=987727 width=4) (actual time=0.036..1117.900 rows=985048 loops=1)
                          Filter: (kind_id < 7)
                          Rows Removed by Filter: 1543264
Planning time: 1.276 ms
Execution time: 40048.901 ms
