Seq Scan on cast_info ci  (cost=0.00..705507.15 rows=500 width=0) (actual time=10598.565..10882.066 rows=1 loops=1)
  Filter: (person_id = 3234120)
  Rows Removed by Filter: 36244343
Planning time: 0.375 ms
Execution time: 10882.164 ms
