Hash Join  (cost=832324.71..933024.36 rows=196037 width=0) (actual time=15477.301..17855.354 rows=555532 loops=1)
  Hash Cond: (mk.movie_id = t.id)
  ->  Seq Scan on movie_keyword mk  (cost=0.00..81003.12 rows=1415509 width=4) (actual time=0.028..1593.892 rows=1428697 loops=1)
        Filter: (keyword_id > 11663)
        Rows Removed by Filter: 3095233
  ->  Hash  (cost=826579.45..826579.45 rows=350181 width=8) (actual time=15476.521..15476.521 rows=316118 loops=1)
        Buckets: 131072  Batches: 8  Memory Usage: 2577kB
        ->  Hash Join  (cost=102767.86..826579.45 rows=350181 width=8) (actual time=3316.985..15386.608 rows=316118 loops=1)
              Hash Cond: (ci.movie_id = t.id)
              ->  Seq Scan on cast_info ci  (cost=0.00..705507.15 rows=350181 width=4) (actual time=1279.645..12741.265 rows=316118 loops=1)
                    Filter: (role_id > 10)
                    Rows Removed by Filter: 35928226
              ->  Hash  (cost=61283.27..61283.27 rows=2528527 width=4) (actual time=2036.317..2036.317 rows=2528312 loops=1)
                    Buckets: 131072  Batches: 64  Memory Usage: 2415kB
                    ->  Seq Scan on title t  (cost=0.00..61283.27 rows=2528527 width=4) (actual time=0.014..1206.424 rows=2528312 loops=1)
Planning time: 10.613 ms
Execution time: 17922.259 ms
