Hash Join  (cost=130958.91..884451.25 rows=270317 width=0) (actual time=2286.724..19364.344 rows=724704 loops=1)
  Hash Cond: (ci.movie_id = t.id)
  ->  Seq Scan on cast_info ci  (cost=0.00..614943.12 rows=36225612 width=4) (actual time=0.026..8540.511 rows=36244344 loops=1)
  ->  Hash  (cost=130723.06..130723.06 rows=18868 width=8) (actual time=2286.452..2286.452 rows=14777 loops=1)
        Buckets: 32768  Batches: 1  Memory Usage: 834kB
        ->  Hash Join  (cost=68100.81..130723.06 rows=18868 width=8) (actual time=1033.496..2280.736 rows=14777 loops=1)
              Hash Cond: (mc.movie_id = t.id)
              ->  Seq Scan on movie_companies mc  (cost=0.00..57926.93 rows=1201769 width=4) (actual time=0.012..1001.609 rows=1150147 loops=1)
                    Filter: ((company_id > 27) AND (company_type_id < 2))
                    Rows Removed by Filter: 1458982
              ->  Hash  (cost=67604.59..67604.59 rows=39698 width=4) (actual time=1031.680..1031.680 rows=36437 loops=1)
                    Buckets: 65536  Batches: 1  Memory Usage: 1793kB
                    ->  Seq Scan on title t  (cost=0.00..67604.59 rows=39698 width=4) (actual time=0.043..1016.004 rows=36437 loops=1)
                          Filter: (production_year = 1995)
                          Rows Removed by Filter: 2491875
Planning time: 1.164 ms
Execution time: 19463.345 ms
