Hash Join  (cost=258278.93..1203452.29 rows=7707321 width=0) (actual time=6102.381..34984.925 rows=28942398 loops=1)
  Hash Cond: (ci.movie_id = t.id)
  ->  Seq Scan on cast_info ci  (cost=0.00..705507.15 rows=12203201 width=4) (actual time=0.034..14102.288 rows=12113646 loops=1)
        Filter: (role_id > 3)
        Rows Removed by Filter: 24130698
  ->  Hash  (cost=232077.78..232077.78 rows=1596972 width=8) (actual time=6101.531..6101.531 rows=1606189 loops=1)
        Buckets: 131072  Batches: 32  Memory Usage: 2966kB
        ->  Hash Join  (cost=102767.86..232077.78 rows=1596972 width=8) (actual time=2569.613..5629.032 rows=1606189 loops=1)
              Hash Cond: (mk.movie_id = t.id)
              ->  Seq Scan on movie_keyword mk  (cost=0.00..81003.12 rows=1596972 width=4) (actual time=0.018..1394.990 rows=1606189 loops=1)
                    Filter: (keyword_id < 2488)
                    Rows Removed by Filter: 2917741
              ->  Hash  (cost=61283.27..61283.27 rows=2528527 width=4) (actual time=2565.714..2565.714 rows=2528312 loops=1)
                    Buckets: 131072  Batches: 64  Memory Usage: 2425kB
                    ->  Seq Scan on title t  (cost=0.00..61283.27 rows=2528527 width=4) (actual time=0.013..1143.179 rows=2528312 loops=1)
Planning time: 3.018 ms
Execution time: 38003.636 ms
