Hash Join  (cost=83073.00..833863.32 rows=120 width=0) (actual time=1236.965..17309.215 rows=1428 loops=1)
  Hash Cond: (ci.movie_id = t.id)
  ->  Seq Scan on cast_info ci  (cost=0.00..614943.12 rows=36225612 width=4) (actual time=0.020..9352.334 rows=36244344 loops=1)
  ->  Hash  (cost=83072.90..83072.90 rows=8 width=8) (actual time=1236.577..1236.577 rows=32 loops=1)
        Buckets: 1024  Batches: 1  Memory Usage: 10kB
        ->  Nested Loop  (cost=0.43..83072.90 rows=8 width=8) (actual time=551.009..1236.535 rows=32 loops=1)
              ->  Seq Scan on movie_keyword mk  (cost=0.00..81003.12 rows=246 width=4) (actual time=0.216..1162.345 rows=2506 loops=1)
                    Filter: (keyword_id = 2853)
                    Rows Removed by Filter: 4521424
              ->  Index Scan using title_pkey on title t  (cost=0.43..8.40 rows=1 width=4) (actual time=0.029..0.029 rows=0 loops=2506)
                    Index Cond: (id = mk.movie_id)
                    Filter: ((kind_id = 7) AND (production_year = 2010))
                    Rows Removed by Filter: 1
Planning time: 1.200 ms
Execution time: 17310.069 ms
