Hash Join  (cost=207785.32..719319.37 rows=1749441 width=0) (actual time=4601.522..21589.181 rows=15304015 loops=1)
  Hash Cond: (mi.movie_id = t.id)
  ->  Seq Scan on movie_info mi  (cost=0.00..346232.03 rows=12665229 width=4) (actual time=0.015..7183.085 rows=12744652 loops=1)
        Filter: (info_type_id > 2)
        Rows Removed by Filter: 2091068
  ->  Hash  (cost=202054.52..202054.52 rows=349264 width=8) (actual time=4600.761..4600.761 rows=363692 loops=1)
        Buckets: 131072  Batches: 8  Memory Usage: 2859kB
        ->  Hash Join  (cost=102767.86..202054.52 rows=349264 width=8) (actual time=2017.364..4481.606 rows=363692 loops=1)
              Hash Cond: (mk.movie_id = t.id)
              ->  Seq Scan on movie_keyword mk  (cost=0.00..81003.12 rows=349264 width=4) (actual time=0.021..1387.450 rows=363692 loops=1)
                    Filter: (keyword_id < 335)
                    Rows Removed by Filter: 4160238
              ->  Hash  (cost=61283.27..61283.27 rows=2528527 width=4) (actual time=2015.091..2015.091 rows=2528312 loops=1)
                    Buckets: 131072  Batches: 64  Memory Usage: 2425kB
                    ->  Seq Scan on title t  (cost=0.00..61283.27 rows=2528527 width=4) (actual time=0.017..1149.298 rows=2528312 loops=1)
Planning time: 1.113 ms
Execution time: 23361.039 ms
