Hash Join  (cost=500674.36..1558785.38 rows=1830961 width=0) (actual time=11164.144..36620.312 rows=2058257 loops=1)
  Hash Cond: (ci.movie_id = t.id)
  ->  Seq Scan on cast_info ci  (cost=0.00..796071.18 rows=18948252 width=4) (actual time=1359.340..18528.759 rows=20122661 loops=1)
        Filter: ((person_id < 3671728) AND (role_id < 3))
        Rows Removed by Filter: 16121683
  ->  Hash  (cost=496665.23..496665.23 rows=244330 width=8) (actual time=9803.972..9803.972 rows=165773 loops=1)
        Buckets: 131072  Batches: 4  Memory Usage: 2605kB
        ->  Hash Join  (cost=75553.24..496665.23 rows=244330 width=8) (actual time=1217.723..9741.884 rows=165773 loops=1)
              Hash Cond: (mi.movie_id = t.id)
              ->  Seq Scan on movie_info mi  (cost=0.00..346232.03 rows=6231111 width=4) (actual time=0.025..6291.300 rows=6223494 loops=1)
                    Filter: (info_type_id > 8)
                    Rows Removed by Filter: 8612226
              ->  Hash  (cost=73925.90..73925.90 rows=99147 width=4) (actual time=1216.320..1216.320 rows=104093 loops=1)
                    Buckets: 131072  Batches: 2  Memory Usage: 2861kB
                    ->  Seq Scan on title t  (cost=0.00..73925.90 rows=99147 width=4) (actual time=0.022..1175.005 rows=104093 loops=1)
                          Filter: ((kind_id > 2) AND (production_year = 2010))
                          Rows Removed by Filter: 2424219
Planning time: 1.009 ms
Execution time: 36851.173 ms
