Seq Scan on movie_companies mc  (cost=0.00..51404.11 rows=104 width=0) (actual time=189.586..816.022 rows=89 loops=1)
  Filter: (company_id = 76617)
  Rows Removed by Filter: 2609040
Planning time: 0.329 ms
Execution time: 816.135 ms
