Seq Scan on movie_keyword mk  (cost=0.00..81003.12 rows=1953396 width=0) (actual time=0.025..1339.388 rows=1961586 loops=1)
  Filter: (keyword_id > 6494)
  Rows Removed by Filter: 2562344
Planning time: 0.356 ms
Execution time: 1573.735 ms
