Hash Join  (cost=965018.20..4507658.57 rows=191328601 width=0) (actual time=23598.315..167534.314 rows=429895301 loops=1)
  Hash Cond: (ci.movie_id = t.id)
  ->  Seq Scan on cast_info ci  (cost=0.00..614943.12 rows=36225612 width=4) (actual time=0.012..13495.199 rows=36244344 loops=1)
  ->  Hash  (cost=745918.36..745918.36 rows=13354627 width=8) (actual time=23594.197..23594.197 rows=12766022 loops=1)
        Buckets: 131072  Batches: 256  Memory Usage: 2948kB
        ->  Hash Join  (cost=105192.26..745918.36 rows=13354627 width=8) (actual time=2466.001..20210.005 rows=12766022 loops=1)
              Hash Cond: (mi.movie_id = t.id)
              ->  Seq Scan on movie_info mi  (cost=0.00..309384.22 rows=14739122 width=4) (actual time=0.052..6334.217 rows=14835720 loops=1)
              ->  Hash  (cost=67604.59..67604.59 rows=2291014 width=4) (actual time=2465.043..2465.043 rows=2281608 loops=1)
                    Buckets: 131072  Batches: 32  Memory Usage: 3544kB
                    ->  Seq Scan on title t  (cost=0.00..67604.59 rows=2291014 width=4) (actual time=0.022..1456.870 rows=2281608 loops=1)
                          Filter: (production_year > 1951)
                          Rows Removed by Filter: 246704
Planning time: 1.160 ms
Execution time: 214658.541 ms
