Hash Join  (cost=175517.71..303696.59 rows=506984 width=0) (actual time=3496.161..7074.440 rows=1865436 loops=1)
  Hash Cond: (mk.movie_id = t.id)
  ->  Seq Scan on movie_keyword mk  (cost=0.00..69693.30 rows=4523930 width=4) (actual time=0.039..1499.404 rows=4523930 loops=1)
  ->  Hash  (cost=170868.65..170868.65 rows=283365 width=8) (actual time=3495.148..3495.148 rows=277854 loops=1)
        Buckets: 131072  Batches: 4  Memory Usage: 3747kB
        ->  Hash Join  (cost=102767.86..170868.65 rows=283365 width=8) (actual time=1920.990..3413.386 rows=277854 loops=1)
              Hash Cond: (mc.movie_id = t.id)
              ->  Seq Scan on movie_companies mc  (cost=0.00..51404.11 rows=283365 width=4) (actual time=0.019..881.372 rows=277854 loops=1)
                    Filter: (company_id < 149)
                    Rows Removed by Filter: 2331275
              ->  Hash  (cost=61283.27..61283.27 rows=2528527 width=4) (actual time=1919.229..1919.229 rows=2528312 loops=1)
                    Buckets: 131072  Batches: 64  Memory Usage: 2415kB
                    ->  Seq Scan on title t  (cost=0.00..61283.27 rows=2528527 width=4) (actual time=0.020..1079.188 rows=2528312 loops=1)
Planning time: 1.101 ms
Execution time: 7285.342 ms
