Hash Join  (cost=92883.59..902391.95 rows=239062 width=0) (actual time=2124.035..12914.406 rows=93318 loops=1)
  Hash Cond: (ci.movie_id = t.id)
  ->  Seq Scan on cast_info ci  (cost=0.00..796071.18 rows=392313 width=4) (actual time=342.768..10382.854 rows=185076 loops=1)
        Filter: ((person_id < 143141) AND (role_id > 4))
        Rows Removed by Filter: 36059268
  ->  Hash  (cost=67604.59..67604.59 rows=1540800 width=4) (actual time=1779.184..1779.184 rows=1543264 loops=1)
        Buckets: 131072  Batches: 32  Memory Usage: 2722kB
        ->  Seq Scan on title t  (cost=0.00..67604.59 rows=1540800 width=4) (actual time=185.393..1268.313 rows=1543264 loops=1)
              Filter: (kind_id = 7)
              Rows Removed by Filter: 985048
Planning time: 0.758 ms
Execution time: 12926.590 ms
