Seq Scan on movie_keyword mk  (cost=0.00..81003.12 rows=385827 width=0) (actual time=0.026..1270.426 rows=383900 loops=1)
  Filter: (keyword_id > 44702)
  Rows Removed by Filter: 4140030
Planning time: 0.325 ms
Execution time: 1319.743 ms
