Hash Join  (cost=218797.05..1203595.43 rows=8667735 width=0) (actual time=11148.578..33952.974 rows=22431613 loops=1)
  Hash Cond: (ci.movie_id = t.id)
  ->  Seq Scan on cast_info ci  (cost=0.00..705507.15 rows=16201301 width=4) (actual time=6341.852..14955.667 rows=16121683 loops=1)
        Filter: (role_id > 2)
        Rows Removed by Filter: 20122661
  ->  Hash  (cost=196602.45..196602.45 rows=1352768 width=8) (actual time=4805.632..4805.632 rows=1341083 loops=1)
        Buckets: 131072  Batches: 32  Memory Usage: 2627kB
        ->  Hash Join  (cost=102767.86..196602.45 rows=1352768 width=8) (actual time=1941.027..4430.038 rows=1341083 loops=1)
              Hash Cond: (mc.movie_id = t.id)
              ->  Seq Scan on movie_companies mc  (cost=0.00..51404.11 rows=1352768 width=4) (actual time=0.022..984.559 rows=1341083 loops=1)
                    Filter: (company_id < 11457)
                    Rows Removed by Filter: 1268046
              ->  Hash  (cost=61283.27..61283.27 rows=2528527 width=4) (actual time=1939.964..1939.964 rows=2528312 loops=1)
                    Buckets: 131072  Batches: 64  Memory Usage: 2415kB
                    ->  Seq Scan on title t  (cost=0.00..61283.27 rows=2528527 width=4) (actual time=0.010..1103.586 rows=2528312 loops=1)
Planning time: 1.266 ms
Execution time: 36518.456 ms
