Hash Join  (cost=83891.93..144940.36 rows=125082 width=0) (actual time=1754.196..2710.263 rows=261040 loops=1)
  Hash Cond: (mc.movie_id = t.id)
  ->  Seq Scan on movie_companies mc  (cost=0.00..51404.11 rows=520666 width=4) (actual time=409.275..911.952 rows=525417 loops=1)
        Filter: (company_id > 73006)
        Rows Removed by Filter: 2083712
  ->  Hash  (cost=73925.90..73925.90 rows=607442 width=4) (actual time=1343.724..1343.724 rows=675690 loops=1)
        Buckets: 131072  Batches: 8  Memory Usage: 4012kB
        ->  Seq Scan on title t  (cost=0.00..73925.90 rows=607442 width=4) (actual time=0.031..1140.338 rows=675690 loops=1)
              Filter: ((kind_id < 7) AND (production_year < 2007))
              Rows Removed by Filter: 1852622
Planning time: 0.726 ms
Execution time: 2743.007 ms
