Hash Join  (cost=129556.37..202917.08 rows=183405 width=0) (actual time=2534.868..4559.136 rows=800076 loops=1)
  Hash Cond: (mc.movie_id = t.id)
  ->  Seq Scan on movie_companies mc  (cost=0.00..51404.11 rows=1644945 width=4) (actual time=0.022..992.316 rows=1634746 loops=1)
        Filter: (company_id < 17542)
        Rows Removed by Filter: 974383
  ->  Hash  (cost=124930.36..124930.36 rows=281921 width=8) (actual time=2533.932..2533.932 rows=411386 loops=1)
        Buckets: 131072 (originally 131072)  Batches: 8 (originally 4)  Memory Usage: 3073kB
        ->  Hash Join  (cost=82400.67..124930.36 rows=281921 width=8) (actual time=1250.977..2424.014 rows=411386 loops=1)
              Hash Cond: (mi_idx.movie_id = t.id)
              ->  Seq Scan on movie_info_idx mi_idx  (cost=0.00..21735.35 rows=1380035 width=4) (actual time=0.018..435.331 rows=1380035 loops=1)
              ->  Hash  (cost=73925.90..73925.90 rows=516541 width=4) (actual time=1250.169..1250.169 rows=440918 loops=1)
                    Buckets: 131072  Batches: 8  Memory Usage: 2960kB
                    ->  Seq Scan on title t  (cost=0.00..73925.90 rows=516541 width=4) (actual time=0.021..1110.113 rows=440918 loops=1)
                          Filter: ((kind_id < 7) AND (production_year > 2001))
                          Rows Removed by Filter: 2087394
Planning time: 1.183 ms
Execution time: 4658.965 ms
