Hash Join  (cost=104131.46..265329.24 rows=2912112 width=0) (actual time=2054.442..6432.671 rows=3169867 loops=1)
  Hash Cond: (mk.movie_id = t.id)
  ->  Seq Scan on movie_keyword mk  (cost=0.00..81003.12 rows=3307306 width=4) (actual time=0.009..1713.066 rows=3300549 loops=1)
        Filter: (keyword_id > 1546)
        Rows Removed by Filter: 1223381
  ->  Hash  (cost=67604.59..67604.59 rows=2226390 width=4) (actual time=2053.151..2053.151 rows=2224569 loops=1)
        Buckets: 131072  Batches: 32  Memory Usage: 3472kB
        ->  Seq Scan on title t  (cost=0.00..67604.59 rows=2226390 width=4) (actual time=0.022..1325.413 rows=2224569 loops=1)
              Filter: (production_year < 2012)
              Rows Removed by Filter: 303743
Planning time: 0.766 ms
Execution time: 6799.051 ms
