Hash Join  (cost=128661.55..879740.98 rows=29026 width=0) (actual time=2301.941..19778.732 rows=238243 loops=1)
  Hash Cond: (ci.movie_id = t.id)
  ->  Seq Scan on cast_info ci  (cost=0.00..614943.12 rows=36225612 width=4) (actual time=0.011..9314.272 rows=36244344 loops=1)
  ->  Hash  (cost=128636.23..128636.23 rows=2026 width=8) (actual time=2300.692..2300.692 rows=7961 loops=1)
        Buckets: 8192 (originally 2048)  Batches: 1 (originally 1)  Memory Usage: 375kB
        ->  Hash Join  (cost=73950.44..128636.23 rows=2026 width=8) (actual time=1336.082..2297.335 rows=7961 loops=1)
              Hash Cond: (mc.movie_id = t.id)
              ->  Seq Scan on movie_companies mc  (cost=0.00..44881.29 rows=2609129 width=4) (actual time=0.026..602.878 rows=2609129 loops=1)
              ->  Hash  (cost=73925.90..73925.90 rows=1963 width=4) (actual time=1183.868..1183.868 rows=2778 loops=1)
                    Buckets: 4096 (originally 2048)  Batches: 1 (originally 1)  Memory Usage: 130kB
                    ->  Seq Scan on title t  (cost=0.00..73925.90 rows=1963 width=4) (actual time=0.103..1182.302 rows=2778 loops=1)
                          Filter: ((kind_id = 1) AND (production_year = 1936))
                          Rows Removed by Filter: 2525534
Planning time: 1.122 ms
Execution time: 19814.393 ms
