Hash Join  (cost=106353.25..189882.49 rows=690442 width=0) (actual time=2512.730..4390.603 rows=850499 loops=1)
  Hash Cond: (mc.movie_id = t.id)
  ->  Seq Scan on movie_companies mc  (cost=0.00..57926.93 rows=739178 width=4) (actual time=431.615..1060.645 rows=958448 loops=1)
        Filter: ((company_id > 9173) AND (company_type_id = 2))
        Rows Removed by Filter: 1650681
  ->  Hash  (cost=67604.59..67604.59 rows=2361813 width=4) (actual time=2080.267..2080.267 rows=2357639 loops=1)
        Buckets: 131072  Batches: 32  Memory Usage: 3617kB
        ->  Seq Scan on title t  (cost=0.00..67604.59 rows=2361813 width=4) (actual time=0.025..1322.570 rows=2357639 loops=1)
              Filter: (production_year > 1923)
              Rows Removed by Filter: 170673
Planning time: 0.764 ms
Execution time: 4501.555 ms
