Seq Scan on movie_keyword mk  (cost=0.00..81003.12 rows=246 width=0) (actual time=0.336..1232.842 rows=826 loops=1)
  Filter: (keyword_id = 1131)
  Rows Removed by Filter: 4523104
Planning time: 0.388 ms
Execution time: 1233.237 ms
