Seq Scan on title t  (cost=0.00..73925.90 rows=35379 width=94) (actual time=648.360..1120.623 rows=135835 loops=1)
  Filter: ((production_year < 1938) AND (kind_id = 1))
  Rows Removed by Filter: 2392477
Planning time: 0.534 ms
Execution time: 1129.048 ms
