Nested Loop  (cost=0.43..709671.90 rows=500 width=0) (actual time=9901.835..10824.650 rows=622 loops=1)
  ->  Seq Scan on cast_info ci  (cost=0.00..705507.15 rows=500 width=4) (actual time=9901.750..10807.398 rows=622 loops=1)
        Filter: (person_id = 951806)
        Rows Removed by Filter: 36243722
  ->  Index Only Scan using title_pkey on title t  (cost=0.43..8.32 rows=1 width=4) (actual time=0.027..0.027 rows=1 loops=622)
        Index Cond: (id = ci.movie_id)
        Heap Fetches: 622
Planning time: 0.728 ms
Execution time: 10824.869 ms
