Hash Join  (cost=125008.20..250278.24 rows=268200 width=0) (actual time=2665.977..5626.865 rows=351132 loops=1)
  Hash Cond: (mk.movie_id = t.id)
  ->  Seq Scan on movie_keyword mk  (cost=0.00..69693.30 rows=4523930 width=4) (actual time=0.020..1491.760 rows=4523930 loops=1)
  ->  Hash  (cost=122548.41..122548.41 rows=149903 width=8) (actual time=2663.200..2663.200 rows=97663 loops=1)
        Buckets: 131072  Batches: 2  Memory Usage: 2940kB
        ->  Hash Join  (cost=87301.44..122548.41 rows=149903 width=8) (actual time=1723.543..2625.253 rows=97663 loops=1)
              Hash Cond: (mi_idx.movie_id = t.id)
              ->  Seq Scan on movie_info_idx mi_idx  (cost=0.00..25185.44 rows=464934 width=4) (actual time=0.021..506.417 rows=460185 loops=1)
                    Filter: (info_type_id > 100)
                    Rows Removed by Filter: 919850
              ->  Hash  (cost=73925.90..73925.90 rows=815243 width=4) (actual time=1722.108..1722.108 rows=876186 loops=1)
                    Buckets: 131072  Batches: 16  Memory Usage: 2955kB
                    ->  Seq Scan on title t  (cost=0.00..73925.90 rows=815243 width=4) (actual time=0.019..1449.351 rows=876186 loops=1)
                          Filter: ((kind_id > 1) AND (production_year > 2004))
                          Rows Removed by Filter: 1652126
Planning time: 1.044 ms
Execution time: 5673.529 ms
