Seq Scan on movie_companies mc  (cost=0.00..51404.11 rows=193209 width=0) (actual time=0.024..866.609 rows=192038 loops=1)
  Filter: (company_id < 52)
  Rows Removed by Filter: 2417091
Planning time: 0.337 ms
Execution time: 891.685 ms
