Seq Scan on movie_keyword mk  (cost=0.00..81003.12 rows=1242514 width=0) (actual time=0.027..1271.981 rows=1255776 loops=1)
  Filter: (keyword_id > 14335)
  Rows Removed by Filter: 3268154
Planning time: 0.299 ms
Execution time: 1423.114 ms
