Seq Scan on cast_info ci  (cost=0.00..796071.18 rows=2188314 width=0) (actual time=0.025..12460.209 rows=4420499 loops=1)
  Filter: ((person_id < 590843) AND (role_id < 2))
  Rows Removed by Filter: 31823845
Planning time: 0.327 ms
Execution time: 13022.272 ms
