Hash Join  (cost=219141.06..286143.73 rows=232843 width=0) (actual time=4872.198..6887.339 rows=1866942 loops=1)
  Hash Cond: (mc.movie_id = t.id)
  ->  Seq Scan on movie_companies mc  (cost=0.00..51404.11 rows=934701 width=4) (actual time=0.042..1080.348 rows=933132 loops=1)
        Filter: (company_id < 3382)
        Rows Removed by Filter: 1675997
  ->  Hash  (cost=208806.55..208806.55 rows=629881 width=8) (actual time=4871.257..4871.257 rows=631561 loops=1)
        Buckets: 131072  Batches: 16  Memory Usage: 2605kB
        ->  Hash Join  (cost=102767.86..208806.55 rows=629881 width=8) (actual time=2323.190..4685.921 rows=631561 loops=1)
              Hash Cond: (mk.movie_id = t.id)
              ->  Seq Scan on movie_keyword mk  (cost=0.00..81003.12 rows=629881 width=4) (actual time=0.015..1429.508 rows=631561 loops=1)
                    Filter: (keyword_id > 29033)
                    Rows Removed by Filter: 3892369
              ->  Hash  (cost=61283.27..61283.27 rows=2528527 width=4) (actual time=2319.018..2319.018 rows=2528312 loops=1)
                    Buckets: 131072  Batches: 64  Memory Usage: 2425kB
                    ->  Seq Scan on title t  (cost=0.00..61283.27 rows=2528527 width=4) (actual time=0.015..1204.760 rows=2528312 loops=1)
Planning time: 1.124 ms
Execution time: 7095.456 ms
