Seq Scan on cast_info ci  (cost=0.00..705507.15 rows=27388821 width=0) (actual time=0.031..13125.822 rows=27523663 loops=1)
  Filter: (person_id > 858746)
  Rows Removed by Filter: 8720681
Planning time: 0.334 ms
Execution time: 16443.363 ms
