Seq Scan on cast_info ci  (cost=0.00..796071.18 rows=396 width=0) (actual time=2929.929..15443.706 rows=67 loops=1)
  Filter: ((role_id < 8) AND (person_id = 975670))
  Rows Removed by Filter: 36244277
Planning time: 0.391 ms
Execution time: 15443.811 ms
