Hash Join  (cost=978333.38..1639116.98 rows=14532880 width=0) (actual time=21383.130..57321.974 rows=85674772 loops=1)
  Hash Cond: (mi.movie_id = t.id)
  ->  Seq Scan on movie_info mi  (cost=0.00..346232.03 rows=11115165 width=4) (actual time=209.817..7151.255 rows=11210743 loops=1)
        Filter: (info_type_id > 3)
        Rows Removed by Filter: 3624977
  ->  Hash  (cost=924093.33..924093.33 rows=3306004 width=8) (actual time=21172.049..21172.049 rows=3448042 loops=1)
        Buckets: 131072  Batches: 64  Memory Usage: 3186kB
        ->  Hash Join  (cost=83810.17..924093.33 rows=3306004 width=8) (actual time=7663.125..19563.765 rows=3448042 loops=1)
              Hash Cond: (ci.movie_id = t.id)
              ->  Seq Scan on cast_info ci  (cost=0.00..705507.15 rows=8463190 width=4) (actual time=6136.917..12610.563 rows=8439053 loops=1)
                    Filter: (person_id > 2841516)
                    Rows Removed by Filter: 27805291
              ->  Hash  (cost=67604.59..67604.59 rows=987727 width=4) (actual time=1525.173..1525.173 rows=985048 loops=1)
                    Buckets: 131072  Batches: 16  Memory Usage: 3188kB
                    ->  Seq Scan on title t  (cost=0.00..67604.59 rows=987727 width=4) (actual time=0.021..1233.819 rows=985048 loops=1)
                          Filter: (kind_id < 7)
                          Rows Removed by Filter: 1543264
Planning time: 1.152 ms
Execution time: 66965.394 ms
