Seq Scan on movie_companies mc  (cost=0.00..51404.11 rows=2170552 width=0) (actual time=0.028..986.727 rows=2165414 loops=1)
  Filter: (company_id < 77853)
  Rows Removed by Filter: 443715
Planning time: 0.317 ms
Execution time: 1252.310 ms
