Seq Scan on cast_info ci  (cost=0.00..796071.18 rows=392 width=0) (actual time=12323.902..14859.360 rows=90 loops=1)
  Filter: ((role_id < 7) AND (person_id = 2232499))
  Rows Removed by Filter: 36244254
Planning time: 0.427 ms
Execution time: 14859.520 ms
