Hash Join  (cost=102767.86..1202705.41 rows=15981317 width=0) (actual time=3512.886..30889.141 rows=16111854 loops=1)
  Hash Cond: (ci.movie_id = t.id)
  ->  Seq Scan on cast_info ci  (cost=0.00..705507.15 rows=15981317 width=4) (actual time=1577.760..13988.490 rows=16111854 loops=1)
        Filter: (person_id > 2022151)
        Rows Removed by Filter: 20132490
  ->  Hash  (cost=61283.27..61283.27 rows=2528527 width=4) (actual time=1934.233..1934.233 rows=2528312 loops=1)
        Buckets: 131072  Batches: 64  Memory Usage: 2415kB
        ->  Seq Scan on title t  (cost=0.00..61283.27 rows=2528527 width=4) (actual time=0.021..1093.367 rows=2528312 loops=1)
Planning time: 0.716 ms
Execution time: 32749.808 ms
