Nested Loop  (cost=0.43..796925.89 rows=10 width=0) (actual time=7416.309..10282.914 rows=2 loops=1)
  ->  Seq Scan on cast_info ci  (cost=0.00..796071.18 rows=101 width=4) (actual time=7416.045..10277.645 rows=251 loops=1)
        Filter: ((person_id = 2093281) AND (role_id = 2))
        Rows Removed by Filter: 36244093
  ->  Index Scan using title_pkey on title t  (cost=0.43..8.45 rows=1 width=4) (actual time=0.020..0.020 rows=0 loops=251)
        Index Cond: (id = ci.movie_id)
        Filter: ((kind_id < 7) AND (production_year > 2008))
        Rows Removed by Filter: 1
Planning time: 0.765 ms
Execution time: 10283.024 ms
