Hash Join  (cost=125661.95..252475.73 rows=394874 width=0) (actual time=2522.240..6251.021 rows=3168150 loops=1)
  Hash Cond: (mk.movie_id = t.id)
  ->  Seq Scan on movie_keyword mk  (cost=0.00..69693.30 rows=4523930 width=4) (actual time=0.026..1450.184 rows=4523930 loops=1)
  ->  Hash  (cost=122040.15..122040.15 rows=220704 width=8) (actual time=2520.886..2520.886 rows=293521 loops=1)
        Buckets: 131072  Batches: 4  Memory Usage: 3897kB
        ->  Hash Join  (cost=80560.63..122040.15 rows=220704 width=8) (actual time=1482.233..2428.996 rows=293521 loops=1)
              Hash Cond: (mi_idx.movie_id = t.id)
              ->  Seq Scan on movie_info_idx mi_idx  (cost=0.00..21735.35 rows=1380035 width=4) (actual time=0.026..458.762 rows=1380035 loops=1)
              ->  Hash  (cost=73925.90..73925.90 rows=404378 width=4) (actual time=1232.449..1232.449 rows=296768 loops=1)
                    Buckets: 131072  Batches: 8  Memory Usage: 2332kB
                    ->  Seq Scan on title t  (cost=0.00..73925.90 rows=404378 width=4) (actual time=243.910..1134.293 rows=296768 loops=1)
                          Filter: ((kind_id < 2) AND (production_year > 1997))
                          Rows Removed by Filter: 2231544
Planning time: 5.147 ms
Execution time: 6592.336 ms
