Seq Scan on movie_keyword mk  (cost=0.00..81003.12 rows=246 width=0) (actual time=0.022..1209.602 rows=384 loops=1)
  Filter: (keyword_id = 1167)
  Rows Removed by Filter: 4523546
Planning time: 0.367 ms
Execution time: 1209.886 ms
