Nested Loop  (cost=40265.08..133431.44 rows=2083 width=0) (actual time=837.964..2287.589 rows=6936 loops=1)
  ->  Hash Join  (cost=40264.65..126020.95 rows=11343 width=8) (actual time=837.888..2187.817 rows=6936 loops=1)
        Hash Cond: (mk.movie_id = mi_idx.movie_id)
        ->  Seq Scan on movie_keyword mk  (cost=0.00..81003.12 rows=5730 width=4) (actual time=0.693..1205.689 rows=4517 loops=1)
              Filter: (keyword_id = 115)
              Rows Removed by Filter: 4519413
        ->  Hash  (cost=25185.44..25185.44 rows=919057 width=4) (actual time=827.686..827.686 rows=920110 loops=1)
              Buckets: 131072  Batches: 16  Memory Usage: 3057kB
              ->  Seq Scan on movie_info_idx mi_idx  (cost=0.00..25185.44 rows=919057 width=4) (actual time=0.015..546.516 rows=920110 loops=1)
                    Filter: (info_type_id > 99)
                    Rows Removed by Filter: 459925
  ->  Index Only Scan using title_pkey on title t  (cost=0.43..0.64 rows=1 width=4) (actual time=0.014..0.014 rows=1 loops=6936)
        Index Cond: (id = mi_idx.movie_id)
        Heap Fetches: 6936
Planning time: 1.116 ms
Execution time: 2289.138 ms
