Seq Scan on cast_info ci  (cost=0.00..796071.18 rows=3647283 width=0) (actual time=0.020..14019.199 rows=7093035 loops=1)
  Filter: ((person_id > 1784488) AND (role_id = 2))
  Rows Removed by Filter: 29151309
Planning time: 0.442 ms
Execution time: 14888.368 ms
