Hash Join  (cost=78931.38..137832.82 rows=59574 width=0) (actual time=1263.030..2339.809 rows=29758 loops=1)
  Hash Cond: (mc.movie_id = t.id)
  ->  Seq Scan on movie_companies mc  (cost=0.00..51404.11 rows=493757 width=4) (actual time=1.518..838.241 rows=495616 loops=1)
        Filter: (company_id > 74404)
        Rows Removed by Filter: 2113513
  ->  Hash  (cost=73925.90..73925.90 rows=305078 width=4) (actual time=1260.689..1260.689 rows=193383 loops=1)
        Buckets: 131072  Batches: 4  Memory Usage: 2718kB
        ->  Seq Scan on title t  (cost=0.00..73925.90 rows=305078 width=4) (actual time=0.020..1191.317 rows=193383 loops=1)
              Filter: ((production_year < 1979) AND (kind_id = 7))
              Rows Removed by Filter: 2334929
Planning time: 0.834 ms
Execution time: 2343.949 ms
