Hash Join  (cost=102767.86..1468971.64 rows=27046931 width=0) (actual time=2037.537..43685.093 rows=27204052 loops=1)
  Hash Cond: (ci.movie_id = t.id)
  ->  Seq Scan on cast_info ci  (cost=0.00..705507.15 rows=27046931 width=4) (actual time=0.019..15931.985 rows=27204052 loops=1)
        Filter: (person_id > 889870)
        Rows Removed by Filter: 9040292
  ->  Hash  (cost=61283.27..61283.27 rows=2528527 width=4) (actual time=2036.744..2036.744 rows=2528312 loops=1)
        Buckets: 131072  Batches: 64  Memory Usage: 2415kB
        ->  Seq Scan on title t  (cost=0.00..61283.27 rows=2528527 width=4) (actual time=0.011..1187.228 rows=2528312 loops=1)
Planning time: 0.733 ms
Execution time: 46963.385 ms
