Hash Join  (cost=172154.38..248727.98 rows=110508 width=0) (actual time=3775.971..5598.758 rows=188620 loops=1)
  Hash Cond: (mc.movie_id = t.id)
  ->  Seq Scan on movie_companies mc  (cost=0.00..44881.29 rows=2609129 width=4) (actual time=0.008..921.969 rows=2609129 loops=1)
  ->  Hash  (cost=170396.71..170396.71 rows=107094 width=8) (actual time=3774.427..3774.427 rows=66003 loops=1)
        Buckets: 131072  Batches: 2  Memory Usage: 2319kB
        ->  Hash Join  (cost=74869.42..170396.71 rows=107094 width=8) (actual time=1382.090..3753.396 rows=66003 loops=1)
              Hash Cond: (mk.movie_id = t.id)
              ->  Seq Scan on movie_keyword mk  (cost=0.00..81003.12 rows=3587526 width=4) (actual time=0.019..1383.891 rows=3580349 loops=1)
                    Filter: (keyword_id > 875)
                    Rows Removed by Filter: 943581
              ->  Hash  (cost=73925.90..73925.90 rows=75481 width=4) (actual time=1380.114..1380.114 rows=88220 loops=1)
                    Buckets: 131072 (originally 131072)  Batches: 2 (originally 1)  Memory Usage: 3073kB
                    ->  Seq Scan on title t  (cost=0.00..73925.90 rows=75481 width=4) (actual time=0.010..1333.749 rows=88220 loops=1)
                          Filter: ((kind_id > 2) AND (production_year = 2006))
                          Rows Removed by Filter: 2440092
Planning time: 1.195 ms
Execution time: 5621.933 ms
