Hash Join  (cost=124135.38..614821.98 rows=1019665 width=0) (actual time=2580.668..14628.719 rows=574774 loops=1)
  Hash Cond: (mi.movie_id = t.id)
  ->  Seq Scan on movie_info mi  (cost=0.00..309384.22 rows=14739122 width=4) (actual time=0.017..6045.749 rows=14835720 loops=1)
  ->  Hash  (cost=121264.80..121264.80 rows=174926 width=8) (actual time=2395.575..2395.575 rows=77236 loops=1)
        Buckets: 131072  Batches: 4  Memory Usage: 1780kB
        ->  Hash Join  (cost=81821.64..121264.80 rows=174926 width=8) (actual time=1556.455..2371.597 rows=77236 loops=1)
              Hash Cond: (mi_idx.movie_id = t.id)
              ->  Seq Scan on movie_info_idx mi_idx  (cost=0.00..25185.44 rows=919057 width=4) (actual time=0.016..542.721 rows=920110 loops=1)
                    Filter: (info_type_id > 99)
                    Rows Removed by Filter: 459925
              ->  Hash  (cost=73925.90..73925.90 rows=481259 width=4) (actual time=1333.031..1333.031 rows=518327 loops=1)
                    Buckets: 131072  Batches: 8  Memory Usage: 3301kB
                    ->  Seq Scan on title t  (cost=0.00..73925.90 rows=481259 width=4) (actual time=0.008..1167.310 rows=518327 loops=1)
                          Filter: ((production_year > 2007) AND (kind_id = 7))
                          Rows Removed by Filter: 2009985
Planning time: 0.794 ms
Execution time: 14696.271 ms
