Hash Join  (cost=128681.84..493490.02 rows=15226 width=0) (actual time=1393.830..9261.116 rows=217021 loops=1)
  Hash Cond: (mi.movie_id = t.id)
  ->  Seq Scan on movie_info mi  (cost=0.00..309384.22 rows=14739122 width=4) (actual time=0.015..4366.212 rows=14835720 loops=1)
  ->  Hash  (cost=128649.19..128649.19 rows=2612 width=8) (actual time=1393.571..1393.571 rows=17409 loops=1)
        Buckets: 32768 (originally 4096)  Batches: 1 (originally 1)  Memory Usage: 937kB
        ->  Hash Join  (cost=73957.54..128649.19 rows=2612 width=8) (actual time=592.257..1386.989 rows=17409 loops=1)
              Hash Cond: (mc.movie_id = t.id)
              ->  Seq Scan on movie_companies mc  (cost=0.00..44881.29 rows=2609129 width=4) (actual time=0.019..425.887 rows=2609129 loops=1)
              ->  Hash  (cost=73925.90..73925.90 rows=2531 width=4) (actual time=512.521..512.521 rows=8902 loops=1)
                    Buckets: 16384 (originally 4096)  Batches: 1 (originally 1)  Memory Usage: 441kB
                    ->  Seq Scan on title t  (cost=0.00..73925.90 rows=2531 width=4) (actual time=121.575..510.178 rows=8902 loops=1)
                          Filter: ((kind_id < 4) AND (production_year = 1913))
                          Rows Removed by Filter: 2519410
Planning time: 1.614 ms
Execution time: 9291.416 ms
