Hash Join  (cost=52284.92..859868.43 rows=93 width=0) (actual time=1460.039..15897.594 rows=16 loops=1)
  Hash Cond: (ci.movie_id = t.id)
  ->  Seq Scan on cast_info ci  (cost=0.00..796071.18 rows=3069709 width=4) (actual time=0.020..14593.235 rows=4109718 loops=1)
        Filter: ((person_id > 1216132) AND (role_id > 9))
        Rows Removed by Filter: 32134626
  ->  Hash  (cost=52283.95..52283.95 rows=77 width=8) (actual time=741.741..741.741 rows=4 loops=1)
        Buckets: 1024  Batches: 1  Memory Usage: 9kB
        ->  Nested Loop  (cost=0.43..52283.95 rows=77 width=8) (actual time=33.382..741.728 rows=4 loops=1)
              ->  Seq Scan on movie_companies mc  (cost=0.00..51404.11 rows=104 width=4) (actual time=33.331..737.977 rows=109 loops=1)
                    Filter: (company_id = 21031)
                    Rows Removed by Filter: 2609020
              ->  Index Scan using title_pkey on title t  (cost=0.43..8.45 rows=1 width=4) (actual time=0.032..0.032 rows=0 loops=109)
                    Index Cond: (id = mc.movie_id)
                    Filter: (kind_id > 1)
                    Rows Removed by Filter: 1
Planning time: 3.795 ms
Execution time: 15897.778 ms
