Hash Join  (cost=84441.03..466375.47 rows=16625 width=0) (actual time=814.573..8024.839 rows=37422 loops=1)
  Hash Cond: (mi.movie_id = t.id)
  ->  Seq Scan on movie_info mi  (cost=0.00..346232.03 rows=9476311 width=4) (actual time=0.018..5725.768 rows=9565151 loops=1)
        Filter: (info_type_id < 16)
        Rows Removed by Filter: 5270569
  ->  Hash  (cost=84385.58..84385.58 rows=4436 width=8) (actual time=814.415..814.415 rows=3996 loops=1)
        Buckets: 8192  Batches: 1  Memory Usage: 221kB
        ->  Nested Loop  (cost=0.43..84385.58 rows=4436 width=8) (actual time=70.562..812.426 rows=3996 loops=1)
              ->  Seq Scan on movie_companies mc  (cost=0.00..51404.11 rows=4436 width=4) (actual time=70.460..737.373 rows=3996 loops=1)
                    Filter: (company_id = 150)
                    Rows Removed by Filter: 2605133
              ->  Index Only Scan using title_pkey on title t  (cost=0.43..7.42 rows=1 width=4) (actual time=0.018..0.018 rows=1 loops=3996)
                    Index Cond: (id = mc.movie_id)
                    Heap Fetches: 3996
Planning time: 2.508 ms
Execution time: 8030.015 ms
