Hash Join  (cost=156209.36..294318.09 rows=743906 width=0) (actual time=3334.757..7957.176 rows=3169383 loops=1)
  Hash Cond: (mk.movie_id = t.id)
  ->  Seq Scan on movie_keyword mk  (cost=0.00..81003.12 rows=4142012 width=4) (actual time=0.015..1826.319 rows=4144463 loops=1)
        Filter: (keyword_id < 44967)
        Rows Removed by Filter: 379467
  ->  Hash  (cost=148758.81..148758.81 rows=454124 width=8) (actual time=3334.060..3334.060 rows=459925 loops=1)
        Buckets: 131072  Batches: 8  Memory Usage: 3284kB
        ->  Hash Join  (cost=102767.86..148758.81 rows=454124 width=8) (actual time=1836.861..3189.921 rows=459925 loops=1)
              Hash Cond: (mi_idx.movie_id = t.id)
              ->  Seq Scan on movie_info_idx mi_idx  (cost=0.00..25185.44 rows=454124 width=4) (actual time=0.027..531.604 rows=459925 loops=1)
                    Filter: (info_type_id = 100)
                    Rows Removed by Filter: 920110
              ->  Hash  (cost=61283.27..61283.27 rows=2528527 width=4) (actual time=1834.890..1834.890 rows=2528312 loops=1)
                    Buckets: 131072  Batches: 64  Memory Usage: 2415kB
                    ->  Seq Scan on title t  (cost=0.00..61283.27 rows=2528527 width=4) (actual time=0.709..976.476 rows=2528312 loops=1)
Planning time: 1.206 ms
Execution time: 8310.078 ms
