Hash Join  (cost=69803.74..101137.10 rows=24642 width=0) (actual time=1035.079..1806.033 rows=16224 loops=1)
  Hash Cond: (mi_idx.movie_id = t.id)
  ->  Seq Scan on movie_info_idx mi_idx  (cost=0.00..25185.44 rows=464934 width=4) (actual time=0.018..565.190 rows=460185 loops=1)
        Filter: (info_type_id > 100)
        Rows Removed by Filter: 919850
  ->  Hash  (cost=67604.59..67604.59 rows=134012 width=4) (actual time=1034.274..1034.274 rows=135918 loops=1)
        Buckets: 131072  Batches: 2  Memory Usage: 3410kB
        ->  Seq Scan on title t  (cost=0.00..67604.59 rows=134012 width=4) (actual time=47.571..984.455 rows=135918 loops=1)
              Filter: (production_year < 1938)
              Rows Removed by Filter: 2392394
Planning time: 0.728 ms
Execution time: 1808.951 ms
