Seq Scan on movie_companies mc  (cost=0.00..57926.93 rows=1133099 width=0) (actual time=328.917..1037.253 rows=1243174 loops=1)
  Filter: ((company_id > 226) AND (company_type_id = 2))
  Rows Removed by Filter: 1365955
Planning time: 0.438 ms
Execution time: 1186.257 ms
