Hash Join  (cost=102767.86..179201.52 rows=358568 width=0) (actual time=2586.971..3998.714 rows=512819 loops=1)
  Hash Cond: (mc.movie_id = t.id)
  ->  Seq Scan on movie_companies mc  (cost=0.00..57926.93 rows=358568 width=4) (actual time=366.385..946.498 rows=512819 loops=1)
        Filter: ((company_id < 1405) AND (company_type_id = 1))
        Rows Removed by Filter: 2096310
  ->  Hash  (cost=61283.27..61283.27 rows=2528527 width=4) (actual time=2219.273..2219.273 rows=2528312 loops=1)
        Buckets: 131072  Batches: 64  Memory Usage: 2415kB
        ->  Seq Scan on title t  (cost=0.00..61283.27 rows=2528527 width=4) (actual time=0.025..1018.678 rows=2528312 loops=1)
Planning time: 0.510 ms
Execution time: 4063.080 ms
