Nested Loop  (cost=44377.22..948181.25 rows=55901 width=0) (actual time=9792.480..13712.438 rows=67654 loops=1)
  Join Filter: (ci.movie_id = t.id)
  ->  Hash Join  (cost=44376.79..865957.66 rows=139267 width=8) (actual time=9792.419..12814.865 rows=67654 loops=1)
        Hash Cond: (ci.movie_id = mi_idx.movie_id)
        ->  Seq Scan on cast_info ci  (cost=0.00..796071.18 rows=102423 width=4) (actual time=8888.301..11622.084 rows=50374 loops=1)
              Filter: ((person_id < 384550) AND (role_id = 5))
              Rows Removed by Filter: 36193970
        ->  Hash  (cost=21735.35..21735.35 rows=1380035 width=4) (actual time=890.448..890.448 rows=1380035 loops=1)
              Buckets: 131072  Batches: 32  Memory Usage: 2540kB
              ->  Seq Scan on movie_info_idx mi_idx  (cost=0.00..21735.35 rows=1380035 width=4) (actual time=0.039..449.852 rows=1380035 loops=1)
  ->  Index Only Scan using title_pkey on title t  (cost=0.43..0.58 rows=1 width=4) (actual time=0.012..0.013 rows=1 loops=67654)
        Index Cond: (id = mi_idx.movie_id)
        Heap Fetches: 67654
Planning time: 1.172 ms
Execution time: 13724.918 ms
