Hash Join  (cost=83072.46..109983.02 rows=8 width=0) (actual time=1316.363..1768.381 rows=9 loops=1)
  Hash Cond: (mi_idx.movie_id = t.id)
  ->  Seq Scan on movie_info_idx mi_idx  (cost=0.00..21735.35 rows=1380035 width=4) (actual time=0.012..262.739 rows=1380035 loops=1)
  ->  Hash  (cost=83072.29..83072.29 rows=14 width=8) (actual time=1264.263..1264.263 rows=4 loops=1)
        Buckets: 1024  Batches: 1  Memory Usage: 9kB
        ->  Nested Loop  (cost=0.43..83072.29 rows=14 width=8) (actual time=774.036..1264.243 rows=4 loops=1)
              ->  Seq Scan on movie_keyword mk  (cost=0.00..81003.12 rows=246 width=4) (actual time=2.671..1260.288 rows=97 loops=1)
                    Filter: (keyword_id = 4709)
                    Rows Removed by Filter: 4523833
              ->  Index Scan using title_pkey on title t  (cost=0.43..8.40 rows=1 width=4) (actual time=0.037..0.037 rows=0 loops=97)
                    Index Cond: (id = mk.movie_id)
                    Filter: (production_year = 2010)
                    Rows Removed by Filter: 1
Planning time: 1.033 ms
Execution time: 1768.524 ms
