Seq Scan on movie_companies mc  (cost=0.00..57926.93 rows=559554 width=0) (actual time=0.024..873.118 rows=767184 loops=1)
  Filter: ((company_id < 8488) AND (company_type_id = 1))
  Rows Removed by Filter: 1841945
Planning time: 0.416 ms
Execution time: 969.338 ms
