Hash Join  (cost=102767.86..197207.92 rows=1377966 width=0) (actual time=1859.767..4467.744 rows=1389955 loops=1)
  Hash Cond: (mc.movie_id = t.id)
  ->  Seq Scan on movie_companies mc  (cost=0.00..51404.11 rows=1377966 width=4) (actual time=0.028..1008.202 rows=1389955 loops=1)
        Filter: (company_id > 11137)
        Rows Removed by Filter: 1219174
  ->  Hash  (cost=61283.27..61283.27 rows=2528527 width=4) (actual time=1858.212..1858.212 rows=2528312 loops=1)
        Buckets: 131072  Batches: 64  Memory Usage: 2415kB
        ->  Seq Scan on title t  (cost=0.00..61283.27 rows=2528527 width=4) (actual time=0.016..1019.055 rows=2528312 loops=1)
Planning time: 0.674 ms
Execution time: 4634.385 ms
