Hash Join  (cost=102767.86..207033.52 rows=1786311 width=0) (actual time=1951.633..5162.470 rows=1793932 loops=1)
  Hash Cond: (mc.movie_id = t.id)
  ->  Seq Scan on movie_companies mc  (cost=0.00..51404.11 rows=1786311 width=4) (actual time=0.019..1061.997 rows=1793932 loops=1)
        Filter: (company_id > 1886)
        Rows Removed by Filter: 815197
  ->  Hash  (cost=61283.27..61283.27 rows=2528527 width=4) (actual time=1950.023..1950.023 rows=2528312 loops=1)
        Buckets: 131072  Batches: 64  Memory Usage: 2415kB
        ->  Seq Scan on title t  (cost=0.00..61283.27 rows=2528527 width=4) (actual time=0.021..1118.935 rows=2528312 loops=1)
Planning time: 0.546 ms
Execution time: 5375.189 ms
