Hash Join  (cost=89472.60..1025389.36 rows=5549260 width=0) (actual time=1513.699..23975.143 rows=4363513 loops=1)
  Hash Cond: (ci.movie_id = t.id)
  ->  Seq Scan on cast_info ci  (cost=0.00..705507.15 rows=14807734 width=4) (actual time=0.014..13271.141 rows=14976077 loops=1)
        Filter: (person_id > 2151570)
        Rows Removed by Filter: 21268267
  ->  Hash  (cost=73925.90..73925.90 rows=947576 width=4) (actual time=1512.604..1512.604 rows=876037 loops=1)
        Buckets: 131072  Batches: 16  Memory Usage: 2949kB
        ->  Seq Scan on title t  (cost=0.00..73925.90 rows=947576 width=4) (actual time=0.019..1239.661 rows=876037 loops=1)
              Filter: ((production_year < 2007) AND (kind_id = 7))
              Rows Removed by Filter: 1652275
Planning time: 0.837 ms
Execution time: 24499.493 ms
