Seq Scan on movie_companies mc  (cost=0.00..57926.93 rows=584814 width=0) (actual time=66.621..868.463 rows=319896 loops=1)
  Filter: ((company_id > 12296) AND (company_type_id = 1))
  Rows Removed by Filter: 2289233
Planning time: 0.370 ms
Execution time: 906.360 ms
