Hash Join  (cost=945695.80..1405305.04 rows=2614597 width=0) (actual time=15666.995..28719.005 rows=8298593 loops=1)
  Hash Cond: (mi.movie_id = t.id)
  ->  Seq Scan on movie_info mi  (cost=0.00..346232.03 rows=7235534 width=4) (actual time=0.024..6295.297 rows=7286865 loops=1)
        Filter: (info_type_id < 8)
        Rows Removed by Filter: 7548855
  ->  Hash  (cost=930704.60..930704.60 rows=913696 width=8) (actual time=15665.890..15665.890 rows=1827704 loops=1)
        Buckets: 131072 (originally 131072)  Batches: 32 (originally 16)  Memory Usage: 3269kB
        ->  Hash Join  (cost=102767.86..930704.60 rows=913696 width=8) (actual time=8248.929..15152.160 rows=1827704 loops=1)
              Hash Cond: (ci.movie_id = t.id)
              ->  Seq Scan on cast_info ci  (cost=0.00..796071.18 rows=913696 width=4) (actual time=6400.339..11484.578 rows=1827704 loops=1)
                    Filter: ((person_id < 246456) AND (role_id = 1))
                    Rows Removed by Filter: 34416640
              ->  Hash  (cost=61283.27..61283.27 rows=2528527 width=4) (actual time=1847.334..1847.334 rows=2528312 loops=1)
                    Buckets: 131072  Batches: 64  Memory Usage: 2415kB
                    ->  Seq Scan on title t  (cost=0.00..61283.27 rows=2528527 width=4) (actual time=0.009..1016.802 rows=2528312 loops=1)
Planning time: 1.179 ms
Execution time: 29719.629 ms
