Seq Scan on cast_info ci  (cost=0.00..796071.18 rows=19226401 width=0) (actual time=0.025..16239.563 rows=22658720 loops=1)
  Filter: ((person_id < 2600614) AND (role_id < 6))
  Rows Removed by Filter: 13585624
Planning time: 0.332 ms
Execution time: 19008.612 ms
