Hash Join  (cost=567256.22..1723861.72 rows=4101099 width=0) (actual time=12561.058..39183.375 rows=3414529 loops=1)
  Hash Cond: (ci.movie_id = t.id)
  ->  Seq Scan on cast_info ci  (cost=0.00..705507.15 rows=22923136 width=4) (actual time=0.025..14676.730 rows=22800523 loops=1)
        Filter: (person_id < 2327718)
        Rows Removed by Filter: 13443821
  ->  Hash  (cost=559833.59..559833.59 rows=452370 width=8) (actual time=12558.938..12558.938 rows=200632 loops=1)
        Buckets: 131072  Batches: 8  Memory Usage: 1979kB
        ->  Hash Join  (cost=75199.97..559833.59 rows=452370 width=8) (actual time=1611.347..12485.323 rows=200632 loops=1)
              Hash Cond: (mi.movie_id = t.id)
              ->  Seq Scan on movie_info mi  (cost=0.00..309384.22 rows=14739122 width=4) (actual time=9.256..5637.225 rows=14835720 loops=1)
              ->  Hash  (cost=73925.90..73925.90 rows=77605 width=4) (actual time=1248.410..1248.410 rows=84684 loops=1)
                    Buckets: 131072  Batches: 2  Memory Usage: 2518kB
                    ->  Seq Scan on title t  (cost=0.00..73925.90 rows=77605 width=4) (actual time=0.028..1212.394 rows=84684 loops=1)
                          Filter: ((kind_id = 7) AND (production_year = 2009))
                          Rows Removed by Filter: 2443628
Planning time: 2.358 ms
Execution time: 39542.712 ms
