Nested Loop  (cost=0.43..799265.94 rows=382 width=0) (actual time=3045.123..14414.074 rows=59 loops=1)
  ->  Seq Scan on cast_info ci  (cost=0.00..796071.18 rows=382 width=4) (actual time=3045.039..14412.665 rows=59 loops=1)
        Filter: ((role_id < 6) AND (person_id = 714138))
        Rows Removed by Filter: 36244285
  ->  Index Only Scan using title_pkey on title t  (cost=0.43..8.35 rows=1 width=4) (actual time=0.022..0.023 rows=1 loops=59)
        Index Cond: (id = ci.movie_id)
        Heap Fetches: 59
Planning time: 0.738 ms
Execution time: 14414.160 ms
