Hash Join  (cost=185507.43..550609.16 rows=195304 width=0) (actual time=4230.779..9722.375 rows=239433 loops=1)
  Hash Cond: (mi.movie_id = t.id)
  ->  Seq Scan on movie_info mi  (cost=0.00..346232.03 rows=1338312 width=4) (actual time=801.718..5640.160 rows=1401902 loops=1)
        Filter: (info_type_id = 7)
        Rows Removed by Filter: 13433818
  ->  Hash  (cost=179452.98..179452.98 rows=368996 width=8) (actual time=3428.307..3428.307 rows=209468 loops=1)
        Buckets: 131072  Batches: 8  Memory Usage: 2065kB
        ->  Hash Join  (cost=102767.86..179452.98 rows=368996 width=8) (actual time=2286.393..3365.656 rows=209468 loops=1)
              Hash Cond: (mc.movie_id = t.id)
              ->  Seq Scan on movie_companies mc  (cost=0.00..57926.93 rows=368996 width=4) (actual time=340.801..882.057 rows=209468 loops=1)
                    Filter: ((company_id < 1375) AND (company_type_id = 2))
                    Rows Removed by Filter: 2399661
              ->  Hash  (cost=61283.27..61283.27 rows=2528527 width=4) (actual time=1942.075..1942.075 rows=2528312 loops=1)
                    Buckets: 131072  Batches: 64  Memory Usage: 2415kB
                    ->  Seq Scan on title t  (cost=0.00..61283.27 rows=2528527 width=4) (actual time=0.025..1112.859 rows=2528312 loops=1)
Planning time: 1.273 ms
Execution time: 9750.772 ms
