Nested Loop  (cost=0.43..83072.29 rows=96 width=0) (actual time=13.506..1253.008 rows=1462 loops=1)
  ->  Seq Scan on movie_keyword mk  (cost=0.00..81003.12 rows=246 width=4) (actual time=13.434..1219.388 rows=1462 loops=1)
        Filter: (keyword_id = 71605)
        Rows Removed by Filter: 4522468
  ->  Index Scan using title_pkey on title t  (cost=0.43..8.40 rows=1 width=4) (actual time=0.022..0.022 rows=1 loops=1462)
        Index Cond: (id = mk.movie_id)
        Filter: (kind_id < 7)
Planning time: 5.704 ms
Execution time: 1253.498 ms
