Seq Scan on movie_keyword mk  (cost=0.00..81003.12 rows=724686 width=0) (actual time=0.033..1409.543 rows=729839 loops=1)
  Filter: (keyword_id > 25712)
  Rows Removed by Filter: 3794091
Planning time: 0.294 ms
Execution time: 1503.072 ms
