Hash Join  (cost=222151.06..371934.52 rows=2280242 width=0) (actual time=5217.560..10865.204 rows=7525143 loops=1)
  Hash Cond: (mk.movie_id = t.id)
  ->  Seq Scan on movie_keyword mk  (cost=0.00..69693.30 rows=4523930 width=4) (actual time=0.022..1642.296 rows=4523930 loops=1)
  ->  Hash  (cost=201241.08..201241.08 rows=1274479 width=8) (actual time=5216.165..5216.165 rows=1226382 loops=1)
        Buckets: 131072  Batches: 32  Memory Usage: 2526kB
        ->  Hash Join  (cost=102767.86..201241.08 rows=1274479 width=8) (actual time=2233.736..4869.585 rows=1226382 loops=1)
              Hash Cond: (mc.movie_id = t.id)
              ->  Seq Scan on movie_companies mc  (cost=0.00..57926.93 rows=1274479 width=4) (actual time=0.018..1279.318 rows=1226382 loops=1)
                    Filter: ((company_id < 152697) AND (company_type_id = 2))
                    Rows Removed by Filter: 1382747
              ->  Hash  (cost=61283.27..61283.27 rows=2528527 width=4) (actual time=2231.840..2231.840 rows=2528312 loops=1)
                    Buckets: 131072  Batches: 64  Memory Usage: 2415kB
                    ->  Seq Scan on title t  (cost=0.00..61283.27 rows=2528527 width=4) (actual time=0.027..1196.806 rows=2528312 loops=1)
Planning time: 1.128 ms
Execution time: 11754.028 ms
