Hash Join  (cost=74251.74..170882.63 rows=41813 width=0) (actual time=1204.842..3478.741 rows=30624 loops=1)
  Hash Cond: (mk.movie_id = t.id)
  ->  Seq Scan on movie_keyword mk  (cost=0.00..81003.12 rows=4055902 width=4) (actual time=0.014..1610.257 rows=4058732 loops=1)
        Filter: (keyword_id < 38263)
        Rows Removed by Filter: 465198
  ->  Hash  (cost=73925.90..73925.90 rows=26067 width=4) (actual time=1202.968..1202.968 rows=27085 loops=1)
        Buckets: 32768  Batches: 1  Memory Usage: 1209kB
        ->  Seq Scan on title t  (cost=0.00..73925.90 rows=26067 width=4) (actual time=0.055..1191.852 rows=27085 loops=1)
              Filter: ((kind_id < 7) AND (production_year > 2012))
              Rows Removed by Filter: 2501227
Planning time: 0.755 ms
Execution time: 3483.322 ms
