Seq Scan on movie_keyword mk  (cost=0.00..81003.12 rows=4429225 width=0) (actual time=0.032..1532.897 rows=4431057 loops=1)
  Filter: (keyword_id < 84246)
  Rows Removed by Filter: 92873
Planning time: 0.329 ms
Execution time: 2070.275 ms
