Hash Join  (cost=68257.79..152750.27 rows=18226 width=0) (actual time=1136.558..2660.144 rows=22455 loops=1)
  Hash Cond: (mk.movie_id = t.id)
  ->  Seq Scan on movie_keyword mk  (cost=0.00..81003.12 rows=881892 width=4) (actual time=0.313..1324.782 rows=888536 loops=1)
        Filter: (keyword_id < 842)
        Rows Removed by Filter: 3635394
  ->  Hash  (cost=67604.59..67604.59 rows=52256 width=4) (actual time=1129.070..1129.070 rows=53013 loops=1)
        Buckets: 65536  Batches: 1  Memory Usage: 2376kB
        ->  Seq Scan on title t  (cost=0.00..67604.59 rows=52256 width=4) (actual time=0.061..1107.176 rows=53013 loops=1)
              Filter: (production_year = 2000)
              Rows Removed by Filter: 2475299
Planning time: 0.733 ms
Execution time: 2663.724 ms
