Hash Join  (cost=98595.81..262175.42 rows=2769659 width=0) (actual time=1891.988..6135.276 rows=2518791 loops=1)
  Hash Cond: (mk.movie_id = t.id)
  ->  Seq Scan on movie_keyword mk  (cost=0.00..81003.12 rows=3707379 width=4) (actual time=0.012..1768.163 rows=3704299 loops=1)
        Filter: (keyword_id > 785)
        Rows Removed by Filter: 819631
  ->  Hash  (cost=67604.59..67604.59 rows=1888978 width=4) (actual time=1890.476..1890.476 rows=1887769 loops=1)
        Buckets: 131072  Batches: 32  Memory Usage: 3114kB
        ->  Seq Scan on title t  (cost=0.00..67604.59 rows=1888978 width=4) (actual time=0.021..1268.455 rows=1887769 loops=1)
              Filter: (production_year > 1983)
              Rows Removed by Filter: 640543
Planning time: 0.783 ms
Execution time: 6412.809 ms
