Seq Scan on cast_info ci  (cost=0.00..705507.15 rows=500 width=0) (actual time=7331.411..11118.446 rows=53 loops=1)
  Filter: (person_id = 2307910)
  Rows Removed by Filter: 36244291
Planning time: 0.369 ms
Execution time: 11118.553 ms
