Hash Join  (cost=88195.18..236555.67 rows=1466393 width=0) (actual time=1491.250..6117.973 rows=3518055 loops=1)
  Hash Cond: (mk.movie_id = t.id)
  ->  Seq Scan on movie_keyword mk  (cost=0.00..81003.12 rows=4263316 width=4) (actual time=0.015..1913.606 rows=4264850 loops=1)
        Filter: (keyword_id < 59435)
        Rows Removed by Filter: 259080
  ->  Hash  (cost=73925.90..73925.90 rows=869702 width=4) (actual time=1489.988..1489.988 rows=896788 loops=1)
        Buckets: 131072  Batches: 16  Memory Usage: 3007kB
        ->  Seq Scan on title t  (cost=0.00..73925.90 rows=869702 width=4) (actual time=0.024..1208.688 rows=896788 loops=1)
              Filter: ((kind_id < 7) AND (production_year < 2012))
              Rows Removed by Filter: 1631524
Planning time: 0.754 ms
Execution time: 6494.844 ms
