Hash Join  (cost=460435.76..500725.51 rows=151327 width=0) (actual time=8215.018..9552.381 rows=853156 loops=1)
  Hash Cond: (mi_idx.movie_id = t.id)
  ->  Seq Scan on movie_info_idx mi_idx  (cost=0.00..21735.35 rows=1380035 width=4) (actual time=0.016..532.464 rows=1380035 loops=1)
  ->  Hash  (cost=455885.95..455885.95 rows=277265 width=8) (actual time=8214.082..8214.082 rows=317405 loops=1)
        Buckets: 131072 (originally 131072)  Batches: 8 (originally 4)  Memory Usage: 4033kB
        ->  Hash Join  (cost=94978.31..455885.95 rows=277265 width=8) (actual time=6912.464..8113.927 rows=317405 loops=1)
              Hash Cond: (mi.movie_id = t.id)
              ->  Seq Scan on movie_info mi  (cost=0.00..346232.03 rows=420192 width=4) (actual time=4968.017..5613.272 rows=465636 loops=1)
                    Filter: (info_type_id > 103)
                    Rows Removed by Filter: 14370084
              ->  Hash  (cost=67604.59..67604.59 rows=1668458 width=4) (actual time=1936.021..1936.021 rows=1671292 loops=1)
                    Buckets: 131072  Batches: 32  Memory Usage: 2867kB
                    ->  Seq Scan on title t  (cost=0.00..67604.59 rows=1668458 width=4) (actual time=0.119..1384.477 rows=1671292 loops=1)
                          Filter: (production_year < 2008)
                          Rows Removed by Filter: 857020
Planning time: 1.114 ms
Execution time: 9643.040 ms
