Hash Join  (cost=450938.37..570027.94 rows=280098 width=0) (actual time=7679.178..10648.757 rows=207190 loops=1)
  Hash Cond: (mk.movie_id = t.id)
  ->  Seq Scan on movie_keyword mk  (cost=0.00..81003.12 rows=2971059 width=4) (actual time=0.028..1855.858 rows=2967284 loops=1)
        Filter: (keyword_id > 2329)
        Rows Removed by Filter: 1556646
  ->  Hash  (cost=447026.64..447026.64 rows=238378 width=8) (actual time=7677.440..7677.440 rows=114958 loops=1)
        Buckets: 131072  Batches: 4  Memory Usage: 2151kB
        ->  Hash Join  (cost=86138.21..447026.64 rows=238378 width=8) (actual time=6024.325..7638.684 rows=114958 loops=1)
              Hash Cond: (mi.movie_id = t.id)
              ->  Seq Scan on movie_info mi  (cost=0.00..346232.03 rows=809768 width=4) (actual time=4033.102..5108.700 rows=802140 loops=1)
                    Filter: (info_type_id < 2)
                    Rows Removed by Filter: 14033580
              ->  Hash  (cost=73925.90..73925.90 rows=744344 width=4) (actual time=1963.158..1963.158 rows=796638 loops=1)
                    Buckets: 131072  Batches: 16  Memory Usage: 2785kB
                    ->  Seq Scan on title t  (cost=0.00..73925.90 rows=744344 width=4) (actual time=0.029..1409.837 rows=796638 loops=1)
                          Filter: ((kind_id > 1) AND (production_year > 2005))
                          Rows Removed by Filter: 1731674
Planning time: 1.170 ms
Execution time: 10671.777 ms
