Hash Join  (cost=477150.74..1537276.94 rows=4720317 width=0) (actual time=8114.407..38898.163 rows=7597414 loops=1)
  Hash Cond: (ci.movie_id = t.id)
  ->  Seq Scan on cast_info ci  (cost=0.00..705507.15 rows=26434636 width=4) (actual time=0.026..15972.468 rows=26479386 loops=1)
        Filter: (person_id < 2733807)
        Rows Removed by Filter: 9764958
  ->  Hash  (cost=469742.89..469742.89 rows=451508 width=8) (actual time=8113.548..8113.548 rows=474443 loops=1)
        Buckets: 131072  Batches: 8  Memory Usage: 3338kB
        ->  Hash Join  (cost=102767.86..469742.89 rows=451508 width=8) (actual time=6493.873..7991.181 rows=474443 loops=1)
              Hash Cond: (mi.movie_id = t.id)
              ->  Seq Scan on movie_info mi  (cost=0.00..346232.03 rows=451508 width=4) (actual time=4564.124..5342.250 rows=474443 loops=1)
                    Filter: (info_type_id = 6)
                    Rows Removed by Filter: 14361277
              ->  Hash  (cost=61283.27..61283.27 rows=2528527 width=4) (actual time=1928.527..1928.527 rows=2528312 loops=1)
                    Buckets: 131072  Batches: 64  Memory Usage: 2425kB
                    ->  Seq Scan on title t  (cost=0.00..61283.27 rows=2528527 width=4) (actual time=0.026..1069.974 rows=2528312 loops=1)
Planning time: 2.081 ms
Execution time: 39754.080 ms
