Seq Scan on cast_info ci  (cost=0.00..796071.18 rows=1134495 width=0) (actual time=1273.743..10984.997 rows=1163396 loops=1)
  Filter: ((person_id < 122699) AND (role_id < 10))
  Rows Removed by Filter: 35080948
Planning time: 0.351 ms
Execution time: 11134.083 ms
