Seq Scan on movie_keyword mk  (cost=0.00..81003.12 rows=1826033 width=0) (actual time=0.015..1429.792 rows=1833165 loops=1)
  Filter: (keyword_id < 3021)
  Rows Removed by Filter: 2690765
Planning time: 0.308 ms
Execution time: 1655.396 ms
