Nested Loop  (cost=0.43..83072.90 rows=90 width=0) (actual time=0.471..1492.202 rows=2103 loops=1)
  ->  Seq Scan on movie_keyword mk  (cost=0.00..81003.12 rows=246 width=4) (actual time=0.425..1348.470 rows=2409 loops=1)
        Filter: (keyword_id = 4928)
        Rows Removed by Filter: 4521521
  ->  Index Scan using title_pkey on title t  (cost=0.43..8.40 rows=1 width=4) (actual time=0.058..0.059 rows=1 loops=2409)
        Index Cond: (id = mk.movie_id)
        Filter: ((kind_id < 7) AND (production_year > 1919))
        Rows Removed by Filter: 0
Planning time: 0.715 ms
Execution time: 1493.084 ms
