Hash Join  (cost=89762.59..183500.47 rows=235639 width=0) (actual time=1781.462..4404.093 rows=313866 loops=1)
  Hash Cond: (mk.movie_id = t.id)
  ->  Seq Scan on movie_keyword mk  (cost=0.00..81003.12 rows=441165 width=4) (actual time=0.019..1235.956 rows=453330 loops=1)
        Filter: (keyword_id < 348)
        Rows Removed by Filter: 4070600
  ->  Hash  (cost=67604.59..67604.59 rows=1350560 width=4) (actual time=1779.476..1779.476 rows=1348293 loops=1)
        Buckets: 131072  Batches: 32  Memory Usage: 2513kB
        ->  Seq Scan on title t  (cost=0.00..67604.59 rows=1350560 width=4) (actual time=0.028..1327.079 rows=1348293 loops=1)
              Filter: (production_year < 2005)
              Rows Removed by Filter: 1180019
Planning time: 0.703 ms
Execution time: 4439.718 ms
