Hash Join  (cost=190230.21..277245.17 rows=969001 width=0) (actual time=4112.055..6915.385 rows=2690160 loops=1)
  Hash Cond: (mc.movie_id = t.id)
  ->  Seq Scan on movie_companies mc  (cost=0.00..51404.11 rows=1775423 width=4) (actual time=0.029..1018.336 rows=1779139 loops=1)
        Filter: (company_id > 2042)
        Rows Removed by Filter: 829990
  ->  Hash  (cost=167588.78..167588.78 rows=1380035 width=8) (actual time=4110.846..4110.846 rows=1380035 loops=1)
        Buckets: 131072  Batches: 32  Memory Usage: 2708kB
        ->  Hash Join  (cost=102767.86..167588.78 rows=1380035 width=8) (actual time=1809.842..3739.563 rows=1380035 loops=1)
              Hash Cond: (mi_idx.movie_id = t.id)
              ->  Seq Scan on movie_info_idx mi_idx  (cost=0.00..21735.35 rows=1380035 width=4) (actual time=0.023..483.876 rows=1380035 loops=1)
              ->  Hash  (cost=61283.27..61283.27 rows=2528527 width=4) (actual time=1807.669..1807.669 rows=2528312 loops=1)
                    Buckets: 131072  Batches: 64  Memory Usage: 2415kB
                    ->  Seq Scan on title t  (cost=0.00..61283.27 rows=2528527 width=4) (actual time=0.023..986.867 rows=2528312 loops=1)
Planning time: 8.313 ms
Execution time: 7230.727 ms
