Hash Join  (cost=75574.02..1145110.39 rows=1207411 width=0) (actual time=1212.756..28464.580 rows=1274433 loops=1)
  Hash Cond: (ci.movie_id = t.id)
  ->  Seq Scan on cast_info ci  (cost=0.00..705507.15 rows=30405364 width=4) (actual time=0.027..15567.015 rows=30511650 loops=1)
        Filter: (role_id < 9)
        Rows Removed by Filter: 5732694
  ->  Hash  (cost=73925.90..73925.90 rows=100409 width=4) (actual time=1210.881..1210.881 rows=110402 loops=1)
        Buckets: 131072  Batches: 2  Memory Usage: 2964kB
        ->  Seq Scan on title t  (cost=0.00..73925.90 rows=100409 width=4) (actual time=164.881..1164.950 rows=110402 loops=1)
              Filter: ((kind_id = 7) AND (production_year = 2012))
              Rows Removed by Filter: 2417910
Planning time: 0.725 ms
Execution time: 28623.664 ms
