Hash Join  (cost=232307.81..1559622.65 rows=24164066 width=0) (actual time=5384.635..51121.288 rows=48464329 loops=1)
  Hash Cond: (ci.movie_id = t.id)
  ->  Seq Scan on cast_info ci  (cost=0.00..614943.12 rows=36225612 width=4) (actual time=0.019..13594.140 rows=36244344 loops=1)
  ->  Hash  (cost=204635.84..204635.84 rows=1686638 width=8) (actual time=5383.849..5383.849 rows=1686079 loops=1)
        Buckets: 131072  Batches: 32  Memory Usage: 3072kB
        ->  Hash Join  (cost=102767.86..204635.84 rows=1686638 width=8) (actual time=1951.833..4884.579 rows=1686079 loops=1)
              Hash Cond: (mc.movie_id = t.id)
              ->  Seq Scan on movie_companies mc  (cost=0.00..51404.11 rows=1686638 width=4) (actual time=0.019..1125.320 rows=1686079 loops=1)
                    Filter: (company_id > 3190)
                    Rows Removed by Filter: 923050
              ->  Hash  (cost=61283.27..61283.27 rows=2528527 width=4) (actual time=1949.946..1949.946 rows=2528312 loops=1)
                    Buckets: 131072  Batches: 64  Memory Usage: 2415kB
                    ->  Seq Scan on title t  (cost=0.00..61283.27 rows=2528527 width=4) (actual time=0.009..1120.858 rows=2528312 loops=1)
Planning time: 1.061 ms
Execution time: 56579.951 ms
