Hash Join  (cost=80430.29..166620.08 rows=396855 width=0) (actual time=1864.201..4315.882 rows=566928 loops=1)
  Hash Cond: (mc.movie_id = t.id)
  ->  Seq Scan on movie_companies mc  (cost=0.00..51404.11 rows=2531233 width=4) (actual time=0.023..1117.378 rows=2528534 loops=1)
        Filter: (company_id > 11)
        Rows Removed by Filter: 80595
  ->  Hash  (cost=73925.90..73925.90 rows=396431 width=4) (actual time=1863.266..1863.266 rows=311846 loops=1)
        Buckets: 131072  Batches: 8  Memory Usage: 2396kB
        ->  Seq Scan on title t  (cost=0.00..73925.90 rows=396431 width=4) (actual time=0.027..1131.169 rows=311846 loops=1)
              Filter: ((kind_id < 3) AND (production_year > 2001))
              Rows Removed by Filter: 2216466
Planning time: 0.771 ms
Execution time: 4385.648 ms
