Hash Join  (cost=88900.98..131598.41 rows=331753 width=0) (actual time=1497.568..2777.324 rows=610135 loops=1)
  Hash Cond: (mi_idx.movie_id = t.id)
  ->  Seq Scan on movie_info_idx mi_idx  (cost=0.00..25185.44 rows=919057 width=4) (actual time=0.031..537.489 rows=920110 loops=1)
        Filter: (info_type_id > 99)
        Rows Removed by Filter: 459925
  ->  Hash  (cost=73925.90..73925.90 rows=912726 width=4) (actual time=1496.584..1496.584 rows=849923 loops=1)
        Buckets: 131072  Batches: 16  Memory Usage: 2893kB
        ->  Seq Scan on title t  (cost=0.00..73925.90 rows=912726 width=4) (actual time=0.022..1224.374 rows=849923 loops=1)
              Filter: ((kind_id < 7) AND (production_year > 1934))
              Rows Removed by Filter: 1678389
Planning time: 0.879 ms
Execution time: 2852.008 ms
