Hash Join  (cost=102035.39..156973.42 rows=27250 width=0) (actual time=1874.573..3131.423 rows=21180 loops=1)
  Hash Cond: (mc.movie_id = t.id)
  ->  Seq Scan on movie_companies mc  (cost=0.00..44881.29 rows=2609129 width=4) (actual time=0.023..705.744 rows=2609129 loops=1)
  ->  Hash  (cost=101705.29..101705.29 rows=26408 width=8) (actual time=1871.263..1871.263 rows=10347 loops=1)
        Buckets: 32768  Batches: 1  Memory Usage: 661kB
        ->  Hash Join  (cost=74530.73..101705.29 rows=26408 width=8) (actual time=1181.456..1865.588 rows=10347 loops=1)
              Hash Cond: (mi_idx.movie_id = t.id)
              ->  Seq Scan on movie_info_idx mi_idx  (cost=0.00..21735.35 rows=1380035 width=4) (actual time=0.022..335.302 rows=1380035 loops=1)
              ->  Hash  (cost=73925.90..73925.90 rows=48386 width=4) (actual time=1181.108..1181.108 rows=45023 loops=1)
                    Buckets: 65536  Batches: 1  Memory Usage: 2095kB
                    ->  Seq Scan on title t  (cost=0.00..73925.90 rows=48386 width=4) (actual time=0.028..1161.284 rows=45023 loops=1)
                          Filter: ((kind_id > 1) AND (production_year = 2013))
                          Rows Removed by Filter: 2483289
Planning time: 1.274 ms
Execution time: 3134.649 ms
