Hash Join  (cost=206685.59..1070701.88 rows=1054341 width=0) (actual time=4523.012..23708.908 rows=382663 loops=1)
  Hash Cond: (ci.movie_id = t.id)
  ->  Seq Scan on cast_info ci  (cost=0.00..705507.15 rows=12726058 width=4) (actual time=434.569..14769.536 rows=12670688 loops=1)
        Filter: (role_id = 1)
        Rows Removed by Filter: 23573656
  ->  Hash  (cost=203248.01..203248.01 rows=209486 width=8) (actual time=4086.896..4086.896 rows=35390 loops=1)
        Buckets: 131072  Batches: 4  Memory Usage: 1368kB
        ->  Hash Join  (cost=76243.83..203248.01 rows=209486 width=8) (actual time=1177.309..4074.238 rows=35390 loops=1)
              Hash Cond: (mk.movie_id = t.id)
              ->  Seq Scan on movie_keyword mk  (cost=0.00..81003.12 rows=3749386 width=4) (actual time=0.015..1749.383 rows=3746419 loops=1)
                    Filter: (keyword_id > 738)
                    Rows Removed by Filter: 777511
              ->  Hash  (cost=73925.90..73925.90 rows=141274 width=4) (actual time=1176.440..1176.440 rows=150659 loops=1)
                    Buckets: 131072  Batches: 2  Memory Usage: 3679kB
                    ->  Seq Scan on title t  (cost=0.00..73925.90 rows=141274 width=4) (actual time=368.893..1120.759 rows=150659 loops=1)
                          Filter: ((production_year > 2011) AND (kind_id = 7))
                          Rows Removed by Filter: 2377653
Planning time: 1.200 ms
Execution time: 23752.504 ms
