Hash Join  (cost=76690.42..1107540.88 rows=5146398 width=0) (actual time=1346.553..29405.582 rows=3616882 loops=1)
  Hash Cond: (ci.movie_id = t.id)
  ->  Seq Scan on cast_info ci  (cost=0.00..705507.15 rows=23499554 width=4) (actual time=0.012..16193.338 rows=23573656 loops=1)
        Filter: (role_id > 1)
        Rows Removed by Filter: 12670688
  ->  Hash  (cost=67604.59..67604.59 rows=553747 width=4) (actual time=1345.629..1345.629 rows=552960 loops=1)
        Buckets: 131072  Batches: 8  Memory Usage: 3445kB
        ->  Seq Scan on title t  (cost=0.00..67604.59 rows=553747 width=4) (actual time=0.029..1168.308 rows=552960 loops=1)
              Filter: (production_year < 1983)
              Rows Removed by Filter: 1975352
Planning time: 0.756 ms
Execution time: 29811.582 ms
