Hash Join  (cost=448973.33..1210491.81 rows=1072938 width=0) (actual time=7540.963..26115.669 rows=706528 loops=1)
  Hash Cond: (ci.movie_id = t.id)
  ->  Seq Scan on cast_info ci  (cost=0.00..614943.12 rows=36225612 width=4) (actual time=0.017..8809.463 rows=36244344 loops=1)
  ->  Hash  (cost=448037.21..448037.21 rows=74890 width=8) (actual time=7540.202..7540.202 rows=18071 loops=1)
        Buckets: 131072  Batches: 1  Memory Usage: 1730kB
        ->  Hash Join  (cost=75342.47..448037.21 rows=74890 width=8) (actual time=2834.119..7532.195 rows=18071 loops=1)
              Hash Cond: (mi.movie_id = t.id)
              ->  Seq Scan on movie_info mi  (cost=0.00..346232.03 rows=2194617 width=4) (actual time=1708.188..5627.581 rows=2233850 loops=1)
                    Filter: (info_type_id > 16)
                    Rows Removed by Filter: 12601870
              ->  Hash  (cost=73925.90..73925.90 rows=86285 width=4) (actual time=1125.055..1125.055 rows=92628 loops=1)
                    Buckets: 131072  Batches: 2  Memory Usage: 2659kB
                    ->  Seq Scan on title t  (cost=0.00..73925.90 rows=86285 width=4) (actual time=0.031..1089.631 rows=92628 loops=1)
                          Filter: ((kind_id = 7) AND (production_year = 2010))
                          Rows Removed by Filter: 2435684
Planning time: 5.590 ms
Execution time: 26212.691 ms
