Seq Scan on movie_companies mc  (cost=0.00..51404.11 rows=1601737 width=0) (actual time=0.021..920.459 rows=1592118 loops=1)
  Filter: (company_id < 16138)
  Rows Removed by Filter: 1017011
Planning time: 0.359 ms
Execution time: 1121.877 ms
