Hash Join  (cost=52284.46..876625.58 rows=122 width=0) (actual time=8625.583..14009.170 rows=12 loops=1)
  Hash Cond: (ci.movie_id = t.id)
  ->  Seq Scan on cast_info ci  (cost=0.00..796071.18 rows=7538325 width=4) (actual time=7791.118..12539.162 rows=4863910 loops=1)
        Filter: ((person_id > 2796924) AND (role_id < 9))
        Rows Removed by Filter: 31380434
  ->  Hash  (cost=52283.95..52283.95 rows=41 width=8) (actual time=797.026..797.026 rows=11 loops=1)
        Buckets: 1024  Batches: 1  Memory Usage: 9kB
        ->  Nested Loop  (cost=0.43..52283.95 rows=41 width=8) (actual time=393.618..796.991 rows=11 loops=1)
              ->  Seq Scan on movie_companies mc  (cost=0.00..51404.11 rows=104 width=4) (actual time=393.519..796.489 rows=11 loops=1)
                    Filter: (company_id = 78422)
                    Rows Removed by Filter: 2609118
              ->  Index Scan using title_pkey on title t  (cost=0.43..8.45 rows=1 width=4) (actual time=0.036..0.037 rows=1 loops=11)
                    Index Cond: (id = mc.movie_id)
                    Filter: (kind_id < 7)
Planning time: 1.649 ms
Execution time: 14009.345 ms
