Seq Scan on movie_keyword mk  (cost=0.00..81003.12 rows=1806513 width=0) (actual time=0.020..1330.794 rows=1805344 loops=1)
  Filter: (keyword_id > 7682)
  Rows Removed by Filter: 2718586
Planning time: 0.355 ms
Execution time: 1553.220 ms
