Hash Join  (cost=28267.43..121355.27 rows=73 width=0) (actual time=621.091..2407.071 rows=1198 loops=1)
  Hash Cond: (mk.movie_id = t.id)
  ->  Seq Scan on movie_keyword mk  (cost=0.00..81003.12 rows=3222397 width=4) (actual time=0.017..1585.934 rows=3214469 loops=1)
        Filter: (keyword_id > 1714)
        Rows Removed by Filter: 1309461
  ->  Hash  (cost=28266.72..28266.72 rows=57 width=8) (actual time=391.948..391.948 rows=12 loops=1)
        Buckets: 1024  Batches: 1  Memory Usage: 9kB
        ->  Nested Loop  (cost=0.43..28266.72 rows=57 width=8) (actual time=113.771..391.934 rows=12 loops=1)
              ->  Seq Scan on movie_info_idx mi_idx  (cost=0.00..25185.44 rows=368 width=4) (actual time=112.876..386.249 rows=260 loops=1)
                    Filter: (info_type_id > 101)
                    Rows Removed by Filter: 1379775
              ->  Index Scan using title_pkey on title t  (cost=0.43..8.36 rows=1 width=4) (actual time=0.021..0.021 rows=0 loops=260)
                    Index Cond: (id = mi_idx.movie_id)
                    Filter: (production_year > 2010)
                    Rows Removed by Filter: 1
Planning time: 0.843 ms
Execution time: 2407.348 ms
