Hash Join  (cost=138532.74..501690.28 rows=124473 width=0) (actual time=6184.294..9432.979 rows=67012 loops=1)
  Hash Cond: (mi.movie_id = t.id)
  ->  Seq Scan on movie_info mi  (cost=0.00..346232.03 rows=1272478 width=4) (actual time=2612.870..5254.237 rows=1325361 loops=1)
        Filter: (info_type_id = 8)
        Rows Removed by Filter: 13510359
  ->  Hash  (cost=134474.00..134474.00 rows=247339 width=8) (actual time=3570.549..3570.549 rows=131569 loops=1)
        Buckets: 131072  Batches: 4  Memory Usage: 2312kB
        ->  Hash Join  (cost=96184.51..134474.00 rows=247339 width=8) (actual time=1759.841..3529.401 rows=131569 loops=1)
              Hash Cond: (mi_idx.movie_id = t.id)
              ->  Seq Scan on movie_info_idx mi_idx  (cost=0.00..25185.44 rows=460978 width=4) (actual time=0.044..582.258 rows=459925 loops=1)
                    Filter: (info_type_id < 100)
                    Rows Removed by Filter: 920110
              ->  Hash  (cost=73925.90..73925.90 rows=1356688 width=4) (actual time=1758.952..1758.952 rows=1327781 loops=1)
                    Buckets: 131072  Batches: 32  Memory Usage: 2479kB
                    ->  Seq Scan on title t  (cost=0.00..73925.90 rows=1356688 width=4) (actual time=0.024..1333.326 rows=1327781 loops=1)
                          Filter: ((production_year < 2012) AND (kind_id = 7))
                          Rows Removed by Filter: 1200531
Planning time: 1.232 ms
Execution time: 9442.250 ms
