Hash Join  (cost=217947.33..1258702.33 rows=5078839 width=0) (actual time=4820.504..29804.249 rows=3768423 loops=1)
  Hash Cond: (ci.movie_id = t.id)
  ->  Seq Scan on cast_info ci  (cost=0.00..705507.15 rows=22023894 width=4) (actual time=0.065..14929.991 rows=22087857 loops=1)
        Filter: (person_id > 1393819)
        Rows Removed by Filter: 14156487
  ->  Hash  (cost=208380.67..208380.67 rows=583093 width=8) (actual time=4817.855..4817.855 rows=133181 loops=1)
        Buckets: 131072  Batches: 8  Memory Usage: 1703kB
        ->  Hash Join  (cost=79273.71..208380.67 rows=583093 width=8) (actual time=1999.875..4781.094 rows=133181 loops=1)
              Hash Cond: (mk.movie_id = t.id)
              ->  Seq Scan on movie_keyword mk  (cost=0.00..69693.30 rows=4523930 width=4) (actual time=0.017..1424.736 rows=4523930 loops=1)
              ->  Hash  (cost=73925.90..73925.90 rows=325904 width=4) (actual time=1486.007..1486.007 rows=349534 loops=1)
                    Buckets: 131072  Batches: 8  Memory Usage: 2572kB
                    ->  Seq Scan on title t  (cost=0.00..73925.90 rows=325904 width=4) (actual time=0.030..1018.215 rows=349534 loops=1)
                          Filter: ((production_year > 2009) AND (kind_id = 7))
                          Rows Removed by Filter: 2178778
Planning time: 1.155 ms
Execution time: 30236.833 ms
