Hash Join  (cost=798790.68..1163458.09 rows=1148 width=0) (actual time=14538.072..19638.563 rows=660 loops=1)
  Hash Cond: (mi.movie_id = t.id)
  ->  Seq Scan on movie_info mi  (cost=0.00..309384.22 rows=14739122 width=4) (actual time=0.019..3911.197 rows=14835720 loops=1)
  ->  Hash  (cost=798788.22..798788.22 rows=197 width=8) (actual time=13212.873..13212.873 rows=574 loops=1)
        Buckets: 1024  Batches: 1  Memory Usage: 31kB
        ->  Nested Loop  (cost=0.43..798788.22 rows=197 width=8) (actual time=10170.038..13212.718 rows=574 loops=1)
              ->  Seq Scan on cast_info ci  (cost=0.00..796071.18 rows=324 width=4) (actual time=10169.776..13207.279 rows=589 loops=1)
                    Filter: ((role_id > 1) AND (person_id = 2646450))
                    Rows Removed by Filter: 36243755
              ->  Index Scan using title_pkey on title t  (cost=0.43..8.38 rows=1 width=4) (actual time=0.009..0.009 rows=1 loops=589)
                    Index Cond: (id = ci.movie_id)
                    Filter: (kind_id = 7)
                    Rows Removed by Filter: 0
Planning time: 1.231 ms
Execution time: 19638.808 ms
