Hash Join  (cost=115361.67..925602.52 rows=36559 width=0) (actual time=11228.310..15570.100 rows=42972 loops=1)
  Hash Cond: (ci.movie_id = t.id)
  ->  Seq Scan on cast_info ci  (cost=0.00..796071.18 rows=1166955 width=4) (actual time=9240.773..13056.988 rows=1428738 loops=1)
        Filter: ((person_id > 2079481) AND (role_id = 4))
        Rows Removed by Filter: 34815606
  ->  Hash  (cost=114061.48..114061.48 rows=79215 width=8) (actual time=1985.857..1985.857 rows=38696 loops=1)
        Buckets: 131072  Batches: 2  Memory Usage: 1783kB
        ->  Hash Join  (cost=81055.23..114061.48 rows=79215 width=8) (actual time=1471.841..1972.220 rows=38696 loops=1)
              Hash Cond: (mi_idx.movie_id = t.id)
              ->  Seq Scan on movie_info_idx mi_idx  (cost=0.00..25185.44 rows=460978 width=4) (actual time=0.043..471.487 rows=459925 loops=1)
                    Filter: (info_type_id < 100)
                    Rows Removed by Filter: 920110
              ->  Hash  (cost=73925.90..73925.90 rows=434506 width=4) (actual time=1212.884..1212.884 rows=315167 loops=1)
                    Buckets: 131072  Batches: 8  Memory Usage: 2397kB
                    ->  Seq Scan on title t  (cost=0.00..73925.90 rows=434506 width=4) (actual time=0.034..1112.879 rows=315167 loops=1)
                          Filter: ((production_year < 1991) AND (kind_id = 7))
                          Rows Removed by Filter: 2213145
Planning time: 1.168 ms
Execution time: 15576.875 ms
