Hash Join  (cost=83072.61..447730.06 rows=151 width=0) (actual time=1287.945..8113.918 rows=1563 loops=1)
  Hash Cond: (mi.movie_id = t.id)
  ->  Seq Scan on movie_info mi  (cost=0.00..309384.22 rows=14739122 width=4) (actual time=0.013..4179.618 rows=14835720 loops=1)
  ->  Hash  (cost=83072.29..83072.29 rows=26 width=8) (actual time=1279.914..1279.914 rows=61 loops=1)
        Buckets: 1024  Batches: 1  Memory Usage: 11kB
        ->  Nested Loop  (cost=0.43..83072.29 rows=26 width=8) (actual time=16.040..1279.813 rows=61 loops=1)
              ->  Seq Scan on movie_keyword mk  (cost=0.00..81003.12 rows=246 width=4) (actual time=6.963..1252.422 rows=262 loops=1)
                    Filter: (keyword_id = 2249)
                    Rows Removed by Filter: 4523668
              ->  Index Scan using title_pkey on title t  (cost=0.43..8.40 rows=1 width=4) (actual time=0.102..0.102 rows=0 loops=262)
                    Index Cond: (id = mk.movie_id)
                    Filter: (production_year < 1962)
                    Rows Removed by Filter: 1
Planning time: 1.835 ms
Execution time: 8114.695 ms
