Seq Scan on cast_info ci  (cost=0.00..705507.15 rows=18217578 width=0) (actual time=0.024..11371.280 rows=18384219 loops=1)
  Filter: (person_id > 1769966)
  Rows Removed by Filter: 17860125
Planning time: 0.324 ms
Execution time: 13551.515 ms
