Hash Join  (cost=101280.63..155994.84 rows=4869 width=0) (actual time=1752.184..2836.857 rows=6827 loops=1)
  Hash Cond: (mc.movie_id = t.id)
  ->  Seq Scan on movie_companies mc  (cost=0.00..44881.29 rows=2609129 width=4) (actual time=0.020..602.305 rows=2609129 loops=1)
  ->  Hash  (cost=101221.66..101221.66 rows=4718 width=8) (actual time=1751.100..1751.100 rows=2180 loops=1)
        Buckets: 8192  Batches: 1  Memory Usage: 150kB
        ->  Hash Join  (cost=74246.92..101221.66 rows=4718 width=8) (actual time=1196.558..1749.881 rows=2180 loops=1)
              Hash Cond: (mi_idx.movie_id = t.id)
              ->  Seq Scan on movie_info_idx mi_idx  (cost=0.00..25185.44 rows=464566 width=4) (actual time=0.017..432.654 rows=459925 loops=1)
                    Filter: (info_type_id = 101)
                    Rows Removed by Filter: 920110
              ->  Hash  (cost=73925.90..73925.90 rows=25681 width=4) (actual time=1195.979..1195.979 rows=23707 loops=1)
                    Buckets: 32768  Batches: 1  Memory Usage: 1090kB
                    ->  Seq Scan on title t  (cost=0.00..73925.90 rows=25681 width=4) (actual time=0.027..1186.464 rows=23707 loops=1)
                          Filter: ((kind_id < 7) AND (production_year = 2013))
                          Rows Removed by Filter: 2504605
Planning time: 1.125 ms
Execution time: 2838.321 ms
