Hash Join  (cost=709678.15..807317.90 rows=877 width=0) (actual time=10731.755..12883.987 rows=957 loops=1)
  Hash Cond: (mk.movie_id = t.id)
  ->  Seq Scan on movie_keyword mk  (cost=0.00..81003.12 rows=4434094 width=4) (actual time=0.010..1624.539 rows=4436290 loops=1)
        Filter: (keyword_id < 85558)
        Rows Removed by Filter: 87640
  ->  Hash  (cost=709671.90..709671.90 rows=500 width=8) (actual time=10661.800..10661.800 rows=73 loops=1)
        Buckets: 1024  Batches: 1  Memory Usage: 11kB
        ->  Nested Loop  (cost=0.43..709671.90 rows=500 width=8) (actual time=4269.716..10661.731 rows=73 loops=1)
              ->  Seq Scan on cast_info ci  (cost=0.00..705507.15 rows=500 width=4) (actual time=4269.621..10660.066 rows=73 loops=1)
                    Filter: (person_id = 983803)
                    Rows Removed by Filter: 36244271
              ->  Index Only Scan using title_pkey on title t  (cost=0.43..8.32 rows=1 width=4) (actual time=0.021..0.021 rows=1 loops=73)
                    Index Cond: (id = ci.movie_id)
                    Heap Fetches: 73
Planning time: 0.769 ms
Execution time: 12884.223 ms
