Hash Join  (cost=83074.74..111707.54 rows=89 width=0) (actual time=1287.283..1883.734 rows=564 loops=1)
  Hash Cond: (mi_idx.movie_id = t.id)
  ->  Seq Scan on movie_info_idx mi_idx  (cost=0.00..25185.44 rows=919057 width=4) (actual time=0.024..470.790 rows=920110 loops=1)
        Filter: (info_type_id > 99)
        Rows Removed by Filter: 459925
  ->  Hash  (cost=83071.67..83071.67 rows=246 width=8) (actual time=1285.463..1285.463 rows=344 loops=1)
        Buckets: 1024  Batches: 1  Memory Usage: 22kB
        ->  Nested Loop  (cost=0.43..83071.67 rows=246 width=8) (actual time=0.231..1285.096 rows=344 loops=1)
              ->  Seq Scan on movie_keyword mk  (cost=0.00..81003.12 rows=246 width=4) (actual time=0.172..1264.928 rows=344 loops=1)
                    Filter: (keyword_id = 9181)
                    Rows Removed by Filter: 4523586
              ->  Index Only Scan using title_pkey on title t  (cost=0.43..8.40 rows=1 width=4) (actual time=0.055..0.056 rows=1 loops=344)
                    Index Cond: (id = mk.movie_id)
                    Heap Fetches: 344
Planning time: 1.235 ms
Execution time: 1884.026 ms
