Seq Scan on movie_keyword mk  (cost=0.00..81003.12 rows=1274031 width=0) (actual time=0.025..1346.394 rows=1284098 loops=1)
  Filter: (keyword_id < 1660)
  Rows Removed by Filter: 3239832
Planning time: 0.305 ms
Execution time: 1506.016 ms
