Hash Join  (cost=83075.09..109986.79 rows=122 width=0) (actual time=1444.683..1777.675 rows=12 loops=1)
  Hash Cond: (mi_idx.movie_id = t.id)
  ->  Seq Scan on movie_info_idx mi_idx  (cost=0.00..21735.35 rows=1380035 width=4) (actual time=0.019..287.746 rows=1380035 loops=1)
  ->  Hash  (cost=83072.29..83072.29 rows=224 width=8) (actual time=1250.405..1250.405 rows=4 loops=1)
        Buckets: 1024  Batches: 1  Memory Usage: 9kB
        ->  Nested Loop  (cost=0.43..83072.29 rows=224 width=8) (actual time=2.618..1250.391 rows=4 loops=1)
              ->  Seq Scan on movie_keyword mk  (cost=0.00..81003.12 rows=246 width=4) (actual time=2.562..1250.164 rows=4 loops=1)
                    Filter: (keyword_id = 67949)
                    Rows Removed by Filter: 4523926
              ->  Index Scan using title_pkey on title t  (cost=0.43..8.40 rows=1 width=4) (actual time=0.048..0.049 rows=1 loops=4)
                    Index Cond: (id = mk.movie_id)
                    Filter: (production_year > 1949)
Planning time: 1.188 ms
Execution time: 1777.838 ms
