Nested Loop  (cost=0.43..83072.29 rows=233 width=0) (actual time=25.358..1146.207 rows=63 loops=1)
  ->  Seq Scan on movie_keyword mk  (cost=0.00..81003.12 rows=246 width=4) (actual time=25.311..1142.309 rows=63 loops=1)
        Filter: (keyword_id = 26657)
        Rows Removed by Filter: 4523867
  ->  Index Scan using title_pkey on title t  (cost=0.43..8.40 rows=1 width=4) (actual time=0.057..0.058 rows=1 loops=63)
        Index Cond: (id = mk.movie_id)
        Filter: (production_year < 2013)
Planning time: 0.549 ms
Execution time: 1146.325 ms
