Hash Join  (cost=96023.02..470338.71 rows=95040 width=0) (actual time=1780.667..8442.310 rows=237268 loops=1)
  Hash Cond: (mi.movie_id = t.id)
  ->  Seq Scan on movie_info mi  (cost=0.00..346232.03 rows=7235534 width=4) (actual time=0.016..5148.155 rows=7286865 loops=1)
        Filter: (info_type_id < 8)
        Rows Removed by Filter: 7548855
  ->  Hash  (cost=95607.86..95607.86 rows=33213 width=8) (actual time=1780.259..1780.259 rows=41527 loops=1)
        Buckets: 65536  Batches: 1  Memory Usage: 2135kB
        ->  Hash Join  (cost=68365.25..95607.86 rows=33213 width=8) (actual time=1118.137..1766.498 rows=41527 loops=1)
              Hash Cond: (mi_idx.movie_id = t.id)
              ->  Seq Scan on movie_info_idx mi_idx  (cost=0.00..21735.35 rows=1380035 width=4) (actual time=0.010..289.014 rows=1380035 loops=1)
              ->  Hash  (cost=67604.59..67604.59 rows=60853 width=4) (actual time=1117.815..1117.815 rows=62568 loops=1)
                    Buckets: 65536  Batches: 1  Memory Usage: 2712kB
                    ->  Seq Scan on title t  (cost=0.00..67604.59 rows=60853 width=4) (actual time=0.003..1091.780 rows=62568 loops=1)
                          Filter: (production_year = 2002)
                          Rows Removed by Filter: 2465744
Planning time: 0.872 ms
Execution time: 8473.811 ms
