Hash Join  (cost=175140.87..641963.48 rows=997942 width=0) (actual time=3731.706..14936.765 rows=2956753 loops=1)
  Hash Cond: (mi.movie_id = t.id)
  ->  Seq Scan on movie_info mi  (cost=0.00..346232.03 rows=9476311 width=4) (actual time=0.024..6499.966 rows=9565151 loops=1)
        Filter: (info_type_id < 16)
        Rows Removed by Filter: 5270569
  ->  Hash  (cost=170771.41..170771.41 rows=266277 width=8) (actual time=3696.717..3696.717 rows=271482 loops=1)
        Buckets: 131072  Batches: 4  Memory Usage: 3688kB
        ->  Hash Join  (cost=104131.46..170771.41 rows=266277 width=8) (actual time=2177.335..3606.503 rows=271482 loops=1)
              Hash Cond: (mc.movie_id = t.id)
              ->  Seq Scan on movie_companies mc  (cost=0.00..51404.11 rows=302413 width=4) (actual time=66.576..842.467 rows=303780 loops=1)
                    Filter: (company_id > 93572)
                    Rows Removed by Filter: 2305349
              ->  Hash  (cost=67604.59..67604.59 rows=2226390 width=4) (actual time=2109.704..2109.704 rows=2224569 loops=1)
                    Buckets: 131072  Batches: 32  Memory Usage: 3463kB
                    ->  Seq Scan on title t  (cost=0.00..67604.59 rows=2226390 width=4) (actual time=0.031..1388.567 rows=2224569 loops=1)
                          Filter: (production_year < 2012)
                          Rows Removed by Filter: 303743
Planning time: 1.242 ms
Execution time: 15255.932 ms
