Hash Join  (cost=190230.21..304769.74 rows=902469 width=0) (actual time=5015.435..8389.727 rows=3802361 loops=1)
  Hash Cond: (mk.movie_id = t.id)
  ->  Seq Scan on movie_keyword mk  (cost=0.00..81003.12 rows=1653522 width=4) (actual time=0.018..1493.721 rows=1661883 loops=1)
        Filter: (keyword_id > 8791)
        Rows Removed by Filter: 2862047
  ->  Hash  (cost=167588.78..167588.78 rows=1380035 width=8) (actual time=5013.630..5013.630 rows=1380035 loops=1)
        Buckets: 131072  Batches: 32  Memory Usage: 2726kB
        ->  Hash Join  (cost=102767.86..167588.78 rows=1380035 width=8) (actual time=2556.878..4587.375 rows=1380035 loops=1)
              Hash Cond: (mi_idx.movie_id = t.id)
              ->  Seq Scan on movie_info_idx mi_idx  (cost=0.00..21735.35 rows=1380035 width=4) (actual time=0.023..535.875 rows=1380035 loops=1)
              ->  Hash  (cost=61283.27..61283.27 rows=2528527 width=4) (actual time=2555.605..2555.605 rows=2528312 loops=1)
                    Buckets: 131072  Batches: 64  Memory Usage: 2415kB
                    ->  Seq Scan on title t  (cost=0.00..61283.27 rows=2528527 width=4) (actual time=0.026..1044.260 rows=2528312 loops=1)
Planning time: 1.153 ms
Execution time: 8831.932 ms
