Seq Scan on movie_keyword mk  (cost=0.00..81003.12 rows=246 width=12) (actual time=0.095..1422.065 rows=2488 loops=1)
  Filter: (keyword_id = 1743)
  Rows Removed by Filter: 4521442
Planning time: 0.335 ms
Execution time: 1422.346 ms
