Hash Join  (cost=124350.46..210640.52 rows=6344 width=0) (actual time=2277.979..3837.500 rows=3322 loops=1)
  Hash Cond: (mk.movie_id = t.id)
  ->  Seq Scan on movie_keyword mk  (cost=0.00..81003.12 rows=1392932 width=4) (actual time=0.015..1439.376 rows=1408388 loops=1)
        Filter: (keyword_id < 1920)
        Rows Removed by Filter: 3115542
  ->  Hash  (cost=124206.51..124206.51 rows=11516 width=8) (actual time=2140.580..2140.580 rows=20705 loops=1)
        Buckets: 32768 (originally 16384)  Batches: 1 (originally 1)  Memory Usage: 1065kB
        ->  Hash Join  (cost=67889.05..124206.51 rows=11516 width=8) (actual time=1321.859..2132.017 rows=20705 loops=1)
              Hash Cond: (mc.movie_id = t.id)
              ->  Seq Scan on movie_companies mc  (cost=0.00..51404.11 rows=1279517 width=4) (actual time=82.753..876.808 rows=1274246 loops=1)
                    Filter: (company_type_id = 1)
                    Rows Removed by Filter: 1334883
              ->  Hash  (cost=67604.59..67604.59 rows=22757 width=4) (actual time=986.882..986.882 rows=21091 loops=1)
                    Buckets: 32768  Batches: 1  Memory Usage: 998kB
                    ->  Seq Scan on title t  (cost=0.00..67604.59 rows=22757 width=4) (actual time=272.353..978.372 rows=21091 loops=1)
                          Filter: (production_year < 1909)
                          Rows Removed by Filter: 2507221
Planning time: 0.772 ms
Execution time: 3838.304 ms
