Seq Scan on cast_info ci  (cost=0.00..796071.18 rows=396 width=0) (actual time=5972.989..14956.450 rows=1 loops=1)
  Filter: ((role_id < 8) AND (person_id = 1380621))
  Rows Removed by Filter: 36244343
Planning time: 0.417 ms
Execution time: 14956.594 ms
