Hash Join  (cost=132235.95..480257.88 rows=1384 width=0) (actual time=6469.687..6829.461 rows=39289 loops=1)
  Hash Cond: (mi.movie_id = t.id)
  ->  Seq Scan on movie_info mi  (cost=0.00..346232.03 rows=473617 width=4) (actual time=5039.370..5310.361 rows=486554 loops=1)
        Filter: (info_type_id = 5)
        Rows Removed by Filter: 14349166
  ->  Hash  (cost=132143.59..132143.59 rows=7389 width=8) (actual time=1429.043..1429.043 rows=7328 loops=1)
        Buckets: 8192  Batches: 1  Memory Usage: 351kB
        ->  Nested Loop  (cost=0.43..132143.59 rows=7389 width=8) (actual time=0.168..1424.818 rows=7328 loops=1)
              ->  Seq Scan on movie_keyword mk  (cost=0.00..81003.12 rows=7389 width=4) (actual time=0.077..1199.183 rows=7328 loops=1)
                    Filter: (keyword_id = 229)
                    Rows Removed by Filter: 4516602
              ->  Index Only Scan using title_pkey on title t  (cost=0.43..6.91 rows=1 width=4) (actual time=0.030..0.030 rows=1 loops=7328)
                    Index Cond: (id = mk.movie_id)
                    Heap Fetches: 7328
Planning time: 1.218 ms
Execution time: 6834.023 ms
