Seq Scan on cast_info ci  (cost=0.00..796071.18 rows=11894753 width=0) (actual time=1935.814..15000.752 rows=9577390 loops=1)
  Filter: ((person_id > 1440297) AND (role_id < 3))
  Rows Removed by Filter: 26666954
Planning time: 0.356 ms
Execution time: 16179.391 ms
