Seq Scan on movie_keyword mk  (cost=0.00..81003.12 rows=3406440 width=0) (actual time=0.022..1635.594 rows=3399329 loops=1)
  Filter: (keyword_id > 1213)
  Rows Removed by Filter: 1124601
Planning time: 0.335 ms
Execution time: 2045.708 ms
