Hash Join  (cost=89602.09..637913.57 rows=4885477 width=0) (actual time=1736.670..15377.284 rows=2573577 loops=1)
  Hash Cond: (mi.movie_id = t.id)
  ->  Seq Scan on movie_info mi  (cost=0.00..346232.03 rows=12928982 width=4) (actual time=0.018..6891.147 rows=12970088 loops=1)
        Filter: (info_type_id < 18)
        Rows Removed by Filter: 1865632
  ->  Hash  (cost=73925.90..73925.90 rows=955455 width=4) (actual time=1735.785..1735.785 rows=885784 loops=1)
        Buckets: 131072  Batches: 16  Memory Usage: 2977kB
        ->  Seq Scan on title t  (cost=0.00..73925.90 rows=955455 width=4) (actual time=0.050..1443.184 rows=885784 loops=1)
              Filter: ((kind_id > 4) AND (production_year < 2007))
              Rows Removed by Filter: 1642528
Planning time: 0.824 ms
Execution time: 15671.502 ms
