Hash Join  (cost=95982.60..984861.66 rows=6147409 width=0) (actual time=3796.620..21641.568 rows=7045845 loops=1)
  Hash Cond: (ci.movie_id = t.id)
  ->  Seq Scan on cast_info ci  (cost=0.00..705507.15 rows=8986565 width=4) (actual time=1929.233..12772.325 rows=9000383 loops=1)
        Filter: (person_id > 2796520)
        Rows Removed by Filter: 27243961
  ->  Hash  (cost=67604.59..67604.59 rows=1729681 width=4) (actual time=1866.220..1866.220 rows=1725233 loops=1)
        Buckets: 131072  Batches: 32  Memory Usage: 2923kB
        ->  Seq Scan on title t  (cost=0.00..67604.59 rows=1729681 width=4) (actual time=0.034..1312.315 rows=1725233 loops=1)
              Filter: (production_year > 1991)
              Rows Removed by Filter: 803079
Planning time: 0.863 ms
Execution time: 22378.985 ms
