Seq Scan on cast_info ci  (cost=0.00..705507.15 rows=500 width=0) (actual time=4011.576..11163.660 rows=524 loops=1)
  Filter: (person_id = 984085)
  Rows Removed by Filter: 36243820
Planning time: 0.285 ms
Execution time: 11163.820 ms
