Hash Join  (cost=952228.39..1121006.83 rows=590302 width=0) (actual time=24116.489..27916.750 rows=703740 loops=1)
  Hash Cond: (mk.movie_id = t.id)
  ->  Seq Scan on movie_keyword mk  (cost=0.00..69693.30 rows=4523930 width=4) (actual time=0.014..1466.113 rows=4523930 loops=1)
  ->  Hash  (cost=946815.23..946815.23 rows=329933 width=8) (actual time=24114.422..24114.422 rows=332503 loops=1)
        Buckets: 131072  Batches: 8  Memory Usage: 2615kB
        ->  Hash Join  (cost=74461.72..946815.23 rows=329933 width=8) (actual time=1249.589..23640.884 rows=332503 loops=1)
              Hash Cond: (ci.movie_id = t.id)
              ->  Seq Scan on cast_info ci  (cost=0.00..796071.18 rows=19462133 width=4) (actual time=0.023..17383.711 rows=17276425 loops=1)
                    Filter: ((person_id < 3022706) AND (role_id > 1))
                    Rows Removed by Filter: 18967919
              ->  Hash  (cost=73925.90..73925.90 rows=42865 width=4) (actual time=1249.049..1249.049 rows=49850 loops=1)
                    Buckets: 65536  Batches: 1  Memory Usage: 2265kB
                    ->  Seq Scan on title t  (cost=0.00..73925.90 rows=42865 width=4) (actual time=0.040..1228.325 rows=49850 loops=1)
                          Filter: ((kind_id > 1) AND (production_year = 2001))
                          Rows Removed by Filter: 2478462
Planning time: 1.271 ms
Execution time: 28004.017 ms
