Hash Join  (cost=110320.58..1157150.08 rows=1268030 width=0) (actual time=2221.227..29666.897 rows=2378168 loops=1)
  Hash Cond: (ci.movie_id = t.id)
  ->  Seq Scan on cast_info ci  (cost=0.00..614943.12 rows=36225612 width=4) (actual time=0.011..12677.414 rows=36244344 loops=1)
  ->  Hash  (cost=108868.23..108868.23 rows=88508 width=8) (actual time=2220.441..2220.441 rows=98537 loops=1)
        Buckets: 131072  Batches: 2  Memory Usage: 2952kB
        ->  Hash Join  (cost=75570.05..108868.23 rows=88508 width=8) (actual time=1386.706..2187.770 rows=98537 loops=1)
              Hash Cond: (mi_idx.movie_id = t.id)
              ->  Seq Scan on movie_info_idx mi_idx  (cost=0.00..25185.44 rows=460978 width=4) (actual time=0.025..469.080 rows=459925 loops=1)
                    Filter: (info_type_id = 99)
                    Rows Removed by Filter: 920110
              ->  Hash  (cost=67604.59..67604.59 rows=485477 width=4) (actual time=1385.877..1385.877 rows=479601 loops=1)
                    Buckets: 131072  Batches: 8  Memory Usage: 3125kB
                    ->  Seq Scan on title t  (cost=0.00..67604.59 rows=485477 width=4) (actual time=0.019..1232.508 rows=479601 loops=1)
                          Filter: (production_year < 1978)
                          Rows Removed by Filter: 2048711
Planning time: 1.205 ms
Execution time: 29967.265 ms
