Hash Join  (cost=450982.06..1254962.89 rows=67982 width=0) (actual time=12560.019..19143.664 rows=52429 loops=1)
  Hash Cond: (ci.movie_id = t.id)
  ->  Seq Scan on cast_info ci  (cost=0.00..796071.18 rows=511689 width=4) (actual time=4925.408..11283.887 rows=162819 loops=1)
        Filter: ((person_id < 399740) AND (role_id = 10))
        Rows Removed by Filter: 36081525
  ->  Hash  (cost=445469.88..445469.88 rows=335934 width=8) (actual time=7633.466..7633.466 rows=705350 loops=1)
        Buckets: 131072 (originally 131072)  Batches: 16 (originally 8)  Memory Usage: 3073kB
        ->  Hash Join  (cost=78556.72..445469.88 rows=335934 width=8) (actual time=5656.242..7408.791 rows=705350 loops=1)
              Hash Cond: (mi.movie_id = t.id)
              ->  Seq Scan on movie_info mi  (cost=0.00..346232.03 rows=1272478 width=4) (actual time=4297.554..5272.078 rows=1325361 loops=1)
                    Filter: (info_type_id = 8)
                    Rows Removed by Filter: 13510359
              ->  Hash  (cost=67604.59..67604.59 rows=667531 width=4) (actual time=1093.718..1093.718 rows=662825 loops=1)
                    Buckets: 131072  Batches: 16  Memory Usage: 2485kB
                    ->  Seq Scan on title t  (cost=0.00..67604.59 rows=667531 width=4) (actual time=200.660..749.283 rows=662825 loops=1)
                          Filter: (kind_id = 1)
                          Rows Removed by Filter: 1865487
Planning time: 1.226 ms
Execution time: 19150.926 ms
