Hash Join  (cost=184879.79..226280.18 rows=216091 width=0) (actual time=3529.849..4568.909 rows=64527 loops=1)
  Hash Cond: (mi_idx.movie_id = t.id)
  ->  Seq Scan on movie_info_idx mi_idx  (cost=0.00..21735.35 rows=1380035 width=4) (actual time=0.011..469.008 rows=1380035 loops=1)
  ->  Hash  (cost=178383.70..178383.70 rows=395927 width=8) (actual time=3529.100..3529.100 rows=62925 loops=1)
        Buckets: 131072  Batches: 8  Memory Usage: 1335kB
        ->  Hash Join  (cost=102323.53..178383.70 rows=395927 width=8) (actual time=2074.659..3510.072 rows=62925 loops=1)
              Hash Cond: (mc.movie_id = t.id)
              ->  Seq Scan on movie_companies mc  (cost=0.00..57926.93 rows=578393 width=4) (actual time=0.018..1011.105 rows=309807 loops=1)
                    Filter: ((company_id > 12496) AND (company_type_id = 1))
                    Rows Removed by Filter: 2299322
              ->  Hash  (cost=73925.90..73925.90 rows=1730850 width=4) (actual time=2073.348..2073.348 rows=1799904 loops=1)
                    Buckets: 131072  Batches: 32  Memory Usage: 3007kB
                    ->  Seq Scan on title t  (cost=0.00..73925.90 rows=1730850 width=4) (actual time=0.016..1506.018 rows=1799904 loops=1)
                          Filter: ((kind_id > 1) AND (production_year > 1927))
                          Rows Removed by Filter: 728408
Planning time: 0.960 ms
Execution time: 4576.990 ms
