Nested Loop  (cost=0.43..797958.22 rows=14 width=0) (actual time=7552.391..13652.570 rows=1 loops=1)
  ->  Seq Scan on cast_info ci  (cost=0.00..796071.18 rows=224 width=4) (actual time=7552.276..13652.423 rows=4 loops=1)
        Filter: ((role_id > 2) AND (person_id = 3662673))
        Rows Removed by Filter: 36244340
  ->  Index Scan using title_pkey on title t  (cost=0.43..8.41 rows=1 width=4) (actual time=0.028..0.029 rows=0 loops=4)
        Index Cond: (id = ci.movie_id)
        Filter: (production_year = 2011)
        Rows Removed by Filter: 1
Planning time: 0.828 ms
Execution time: 13652.684 ms
