Hash Join  (cost=83074.16..465938.32 rows=579 width=0) (actual time=1328.260..8316.759 rows=881 loops=1)
  Hash Cond: (mi.movie_id = t.id)
  ->  Seq Scan on movie_info mi  (cost=0.00..346232.03 rows=9767026 width=4) (actual time=39.973..5695.696 rows=9911754 loops=1)
        Filter: (info_type_id > 4)
        Rows Removed by Filter: 4923966
  ->  Hash  (cost=83072.29..83072.29 rows=150 width=8) (actual time=1265.373..1265.373 rows=76 loops=1)
        Buckets: 1024  Batches: 1  Memory Usage: 11kB
        ->  Nested Loop  (cost=0.43..83072.29 rows=150 width=8) (actual time=40.807..1265.299 rows=76 loops=1)
              ->  Seq Scan on movie_keyword mk  (cost=0.00..81003.12 rows=246 width=4) (actual time=40.742..1261.199 rows=144 loops=1)
                    Filter: (keyword_id = 15162)
                    Rows Removed by Filter: 4523786
              ->  Index Scan using title_pkey on title t  (cost=0.43..8.40 rows=1 width=4) (actual time=0.025..0.026 rows=1 loops=144)
                    Index Cond: (id = mk.movie_id)
                    Filter: (kind_id = 7)
                    Rows Removed by Filter: 0
Planning time: 1.282 ms
Execution time: 8317.072 ms
