Hash Join  (cost=217671.38..1446478.46 rows=18982792 width=0) (actual time=5120.592..48712.816 rows=43918922 loops=1)
  Hash Cond: (ci.movie_id = t.id)
  ->  Seq Scan on cast_info ci  (cost=0.00..614943.12 rows=36225612 width=4) (actual time=0.011..13319.794 rows=36244344 loops=1)
  ->  Hash  (cost=195933.03..195933.03 rows=1324988 width=8) (actual time=5119.776..5119.776 rows=1314370 loops=1)
        Buckets: 131072  Batches: 32  Memory Usage: 2595kB
        ->  Hash Join  (cost=102767.86..195933.03 rows=1324988 width=8) (actual time=1963.029..4736.367 rows=1314370 loops=1)
              Hash Cond: (mc.movie_id = t.id)
              ->  Seq Scan on movie_companies mc  (cost=0.00..51404.11 rows=1324988 width=4) (actual time=0.021..962.975 rows=1314370 loops=1)
                    Filter: (company_id < 11360)
                    Rows Removed by Filter: 1294759
              ->  Hash  (cost=61283.27..61283.27 rows=2528527 width=4) (actual time=1961.794..1961.794 rows=2528312 loops=1)
                    Buckets: 131072  Batches: 64  Memory Usage: 2415kB
                    ->  Seq Scan on title t  (cost=0.00..61283.27 rows=2528527 width=4) (actual time=0.032..1127.655 rows=2528312 loops=1)
Planning time: 1.216 ms
Execution time: 53568.614 ms
