Seq Scan on movie_keyword mk  (cost=0.00..81003.12 rows=1456538 width=0) (actual time=0.024..1449.463 rows=1470894 loops=1)
  Filter: (keyword_id < 2101)
  Rows Removed by Filter: 3053036
Planning time: 0.350 ms
Execution time: 1633.209 ms
