Hash Join  (cost=222345.18..1282920.70 rows=6876668 width=0) (actual time=4859.284..37119.745 rows=22770799 loops=1)
  Hash Cond: (ci.movie_id = t.id)
  ->  Seq Scan on cast_info ci  (cost=0.00..705507.15 rows=24521517 width=4) (actual time=0.022..15559.032 rows=24480654 loops=1)
        Filter: (person_id < 2515817)
        Rows Removed by Filter: 11763690
  ->  Hash  (cost=210711.61..210711.61 rows=709085 width=8) (actual time=4858.231..4858.231 rows=714734 loops=1)
        Buckets: 131072  Batches: 16  Memory Usage: 2802kB
        ->  Hash Join  (cost=102767.86..210711.61 rows=709085 width=8) (actual time=1954.794..4660.898 rows=714734 loops=1)
              Hash Cond: (mk.movie_id = t.id)
              ->  Seq Scan on movie_keyword mk  (cost=0.00..81003.12 rows=709085 width=4) (actual time=0.017..1494.711 rows=714734 loops=1)
                    Filter: (keyword_id > 26380)
                    Rows Removed by Filter: 3809196
              ->  Hash  (cost=61283.27..61283.27 rows=2528527 width=4) (actual time=1953.073..1953.073 rows=2528312 loops=1)
                    Buckets: 131072  Batches: 64  Memory Usage: 2425kB
                    ->  Seq Scan on title t  (cost=0.00..61283.27 rows=2528527 width=4) (actual time=0.007..1110.207 rows=2528312 loops=1)
Planning time: 1.187 ms
Execution time: 39502.098 ms
