Hash Join  (cost=190825.16..323735.66 rows=895347 width=0) (actual time=4013.553..10903.482 rows=13014059 loops=1)
  Hash Cond: (mk.movie_id = t.id)
  ->  Seq Scan on movie_keyword mk  (cost=0.00..69693.30 rows=4523930 width=4) (actual time=0.020..1459.674 rows=4523930 loops=1)
  ->  Hash  (cost=182614.78..182614.78 rows=500430 width=8) (actual time=4012.707..4012.707 rows=709905 loops=1)
        Buckets: 131072 (originally 131072)  Batches: 16 (originally 8)  Memory Usage: 3073kB
        ->  Hash Join  (cost=102767.86..182614.78 rows=500430 width=8) (actual time=1794.348..3789.593 rows=709905 loops=1)
              Hash Cond: (mc.movie_id = t.id)
              ->  Seq Scan on movie_companies mc  (cost=0.00..57926.93 rows=500430 width=4) (actual time=0.009..969.023 rows=709905 loops=1)
                    Filter: ((company_id < 5379) AND (company_type_id < 2))
                    Rows Removed by Filter: 1899224
              ->  Hash  (cost=61283.27..61283.27 rows=2528527 width=4) (actual time=1793.361..1793.361 rows=2528312 loops=1)
                    Buckets: 131072  Batches: 64  Memory Usage: 2415kB
                    ->  Seq Scan on title t  (cost=0.00..61283.27 rows=2528527 width=4) (actual time=0.008..962.905 rows=2528312 loops=1)
Planning time: 1.660 ms
Execution time: 12451.274 ms
