Hash Join  (cost=165527.92..562326.19 rows=307165 width=0) (actual time=3108.805..12904.351 rows=1503662 loops=1)
  Hash Cond: (mi.movie_id = t.id)
  ->  Seq Scan on movie_info mi  (cost=0.00..346232.03 rows=12665229 width=4) (actual time=0.014..6836.710 rows=12744652 loops=1)
        Filter: (info_type_id > 2)
        Rows Removed by Filter: 2091068
  ->  Hash  (cost=164761.39..164761.39 rows=61323 width=8) (actual time=3108.369..3108.369 rows=38827 loops=1)
        Buckets: 65536  Batches: 1  Memory Usage: 2029kB
        ->  Hash Join  (cost=69928.56..164761.39 rows=61323 width=8) (actual time=1196.747..3094.098 rows=38827 loops=1)
              Hash Cond: (mk.movie_id = t.id)
              ->  Seq Scan on movie_keyword mk  (cost=0.00..81003.12 rows=1095058 width=4) (actual time=0.015..1496.125 rows=1102686 loops=1)
                    Filter: (keyword_id < 1135)
                    Rows Removed by Filter: 3421244
              ->  Hash  (cost=67604.59..67604.59 rows=141598 width=4) (actual time=1195.799..1195.799 rows=141703 loops=1)
                    Buckets: 131072  Batches: 2  Memory Usage: 3517kB
                    ->  Seq Scan on title t  (cost=0.00..67604.59 rows=141598 width=4) (actual time=0.035..1140.802 rows=141703 loops=1)
                          Filter: (production_year = 2010)
                          Rows Removed by Filter: 2386609
Planning time: 1.144 ms
Execution time: 13090.746 ms
