Seq Scan on movie_keyword mk  (cost=0.00..81003.12 rows=3911536 width=0) (actual time=0.024..1589.590 rows=3910490 loops=1)
  Filter: (keyword_id > 462)
  Rows Removed by Filter: 613440
Planning time: 0.322 ms
Execution time: 2079.785 ms
