Nested Loop  (cost=0.43..52284.21 rows=10 width=0) (actual time=22.901..834.333 rows=1 loops=1)
  ->  Seq Scan on movie_companies mc  (cost=0.00..51404.11 rows=104 width=4) (actual time=22.830..830.352 rows=125 loops=1)
        Filter: (company_id = 15187)
        Rows Removed by Filter: 2609004
  ->  Index Scan using title_pkey on title t  (cost=0.43..8.45 rows=1 width=4) (actual time=0.030..0.030 rows=0 loops=125)
        Index Cond: (id = mc.movie_id)
        Filter: ((kind_id < 7) AND (production_year < 1986))
        Rows Removed by Filter: 1
Planning time: 0.826 ms
Execution time: 834.444 ms
