Hash Join  (cost=58375.35..408950.56 rows=1 width=0) (actual time=1332.056..5729.658 rows=6 loops=1)
  Hash Cond: (mi.movie_id = t.id)
  ->  Seq Scan on movie_info mi  (cost=0.00..346232.03 rows=1158179 width=4) (actual time=96.629..4885.805 rows=1204709 loops=1)
        Filter: (info_type_id > 18)
        Rows Removed by Filter: 13631011
  ->  Hash  (cost=58375.31..58375.31 rows=3 width=8) (actual time=677.091..677.091 rows=33 loops=1)
        Buckets: 1024  Batches: 1  Memory Usage: 10kB
        ->  Nested Loop  (cost=0.43..58375.31 rows=3 width=8) (actual time=652.657..677.063 rows=33 loops=1)
              ->  Seq Scan on movie_companies mc  (cost=0.00..57926.93 rows=53 width=4) (actual time=21.415..669.383 rows=589 loops=1)
                    Filter: ((company_id = 77353) AND (company_type_id = 2))
                    Rows Removed by Filter: 2608540
              ->  Index Scan using title_pkey on title t  (cost=0.43..8.45 rows=1 width=4) (actual time=0.013..0.013 rows=0 loops=589)
                    Index Cond: (id = mc.movie_id)
                    Filter: (production_year = 2009)
                    Rows Removed by Filter: 1
Planning time: 1.310 ms
Execution time: 5729.857 ms
