Seq Scan on cast_info ci  (cost=0.00..705507.15 rows=18205073 width=0) (actual time=0.024..12379.129 rows=18369642 loops=1)
  Filter: (person_id > 1771560)
  Rows Removed by Filter: 17874702
Planning time: 0.310 ms
Execution time: 14690.675 ms
