Seq Scan on movie_keyword mk  (cost=0.00..81003.12 rows=144345 width=0) (actual time=4.126..1295.015 rows=142839 loops=1)
  Filter: (keyword_id > 74617)
  Rows Removed by Filter: 4381091
Planning time: 2.403 ms
Execution time: 1315.295 ms
