Seq Scan on cast_info ci  (cost=0.00..796071.18 rows=9787314 width=0) (actual time=0.018..15277.052 rows=12670688 loops=1)
  Filter: ((person_id < 2850468) AND (role_id < 2))
  Rows Removed by Filter: 23573656
Planning time: 0.333 ms
Execution time: 16833.395 ms
