Hash Join  (cost=167548.64..661409.02 rows=1317145 width=0) (actual time=3581.512..15420.066 rows=829255 loops=1)
  Hash Cond: (mi.movie_id = t.id)
  ->  Seq Scan on movie_info mi  (cost=0.00..309384.22 rows=14739122 width=4) (actual time=0.022..6019.885 rows=14835720 loops=1)
  ->  Hash  (cost=163841.16..163841.16 rows=225959 width=8) (actual time=3262.549..3262.549 rows=107541 loops=1)
        Buckets: 131072  Batches: 4  Memory Usage: 2083kB
        ->  Hash Join  (cost=92883.59..163841.16 rows=225959 width=8) (actual time=2136.734..3232.728 rows=107541 loops=1)
              Hash Cond: (mc.movie_id = t.id)
              ->  Seq Scan on movie_companies mc  (cost=0.00..57926.93 rows=370809 width=4) (actual time=147.061..897.966 rows=209859 loops=1)
                    Filter: ((company_id < 1402) AND (company_type_id = 2))
                    Rows Removed by Filter: 2399270
              ->  Hash  (cost=67604.59..67604.59 rows=1540800 width=4) (actual time=1988.516..1988.516 rows=1543264 loops=1)
                    Buckets: 131072  Batches: 32  Memory Usage: 2722kB
                    ->  Seq Scan on title t  (cost=0.00..67604.59 rows=1540800 width=4) (actual time=0.029..1240.567 rows=1543264 loops=1)
                          Filter: (kind_id = 7)
                          Rows Removed by Filter: 985048
Planning time: 2.315 ms
Execution time: 15539.669 ms
