Seq Scan on movie_keyword mk  (cost=0.00..81003.12 rows=2826570 width=0) (actual time=0.016..1043.726 rows=2818005 loops=1)
  Filter: (keyword_id > 2678)
  Rows Removed by Filter: 1705925
Planning time: 0.333 ms
Execution time: 1293.847 ms
