Hash Join  (cost=99161.12..178221.49 rows=507295 width=0) (actual time=2454.026..4181.061 rows=728050 loops=1)
  Hash Cond: (mc.movie_id = t.id)
  ->  Seq Scan on movie_companies mc  (cost=0.00..57926.93 rows=666896 width=4) (actual time=428.485..1149.933 rows=912017 loops=1)
        Filter: ((company_id > 11245) AND (company_type_id > 1))
        Rows Removed by Filter: 1697112
  ->  Hash  (cost=67604.59..67604.59 rows=1923403 width=4) (actual time=2024.326..2024.326 rows=1922849 loops=1)
        Buckets: 131072  Batches: 32  Memory Usage: 3132kB
        ->  Seq Scan on title t  (cost=0.00..67604.59 rows=1923403 width=4) (actual time=0.028..1414.717 rows=1922849 loops=1)
              Filter: (production_year < 2010)
              Rows Removed by Filter: 605463
Planning time: 0.749 ms
Execution time: 4264.539 ms
