Nested Loop  (cost=0.43..93326.18 rows=1528 width=0) (actual time=735.201..1387.369 rows=1141 loops=1)
  ->  Seq Scan on movie_keyword mk  (cost=0.00..81003.12 rows=1528 width=4) (actual time=735.131..1373.020 rows=1141 loops=1)
        Filter: (keyword_id > 133048)
        Rows Removed by Filter: 4522789
  ->  Index Only Scan using title_pkey on title t  (cost=0.43..8.05 rows=1 width=4) (actual time=0.012..0.012 rows=1 loops=1141)
        Index Cond: (id = mk.movie_id)
        Heap Fetches: 1141
Planning time: 0.745 ms
Execution time: 1387.641 ms
