Seq Scan on movie_keyword mk  (cost=0.00..81003.12 rows=2336396 width=0) (actual time=0.022..1446.516 rows=2337179 loops=1)
  Filter: (keyword_id < 5168)
  Rows Removed by Filter: 2186751
Planning time: 0.303 ms
Execution time: 1737.264 ms
