Hash Join  (cost=73962.22..472589.35 rows=16003 width=0) (actual time=1144.172..9966.108 rows=40586 loops=1)
  Hash Cond: (mi.movie_id = t.id)
  ->  Seq Scan on movie_info mi  (cost=0.00..346232.03 rows=13929354 width=4) (actual time=0.010..6513.916 rows=14033580 loops=1)
        Filter: (info_type_id > 1)
        Rows Removed by Filter: 802140
  ->  Hash  (cost=73925.90..73925.90 rows=2905 width=4) (actual time=1141.700..1141.700 rows=4122 loops=1)
        Buckets: 8192 (originally 4096)  Batches: 1 (originally 1)  Memory Usage: 209kB
        ->  Seq Scan on title t  (cost=0.00..73925.90 rows=2905 width=4) (actual time=0.407..1139.398 rows=4122 loops=1)
              Filter: ((kind_id < 7) AND (production_year = 1960))
              Rows Removed by Filter: 2524190
Planning time: 0.798 ms
Execution time: 9974.119 ms
