Hash Join  (cost=166465.87..678403.51 rows=3011371 width=0) (actual time=4082.743..22897.035 rows=16080640 loops=1)
  Hash Cond: (mi.movie_id = t.id)
  ->  Seq Scan on movie_info mi  (cost=0.00..309384.22 rows=14739122 width=4) (actual time=0.017..6313.629 rows=14835720 loops=1)
  ->  Hash  (cost=157990.28..157990.28 rows=516607 width=8) (actual time=4081.846..4081.846 rows=820656 loops=1)
        Buckets: 131072 (originally 131072)  Batches: 16 (originally 8)  Memory Usage: 3073kB
        ->  Hash Join  (cost=75818.69..157990.28 rows=516607 width=8) (actual time=1409.583..3837.869 rows=820656 loops=1)
              Hash Cond: (mc.movie_id = t.id)
              ->  Seq Scan on movie_companies mc  (cost=0.00..44881.29 rows=2609129 width=4) (actual time=0.023..891.088 rows=2609129 loops=1)
              ->  Hash  (cost=67604.59..67604.59 rows=500648 width=4) (actual time=1408.554..1408.554 rows=494029 loops=1)
                    Buckets: 131072  Batches: 8  Memory Usage: 3188kB
                    ->  Seq Scan on title t  (cost=0.00..67604.59 rows=500648 width=4) (actual time=0.019..1245.141 rows=494029 loops=1)
                          Filter: (production_year < 1979)
                          Rows Removed by Filter: 2034283
Planning time: 2.272 ms
Execution time: 24555.352 ms
