Hash Join  (cost=175027.18..293366.48 rows=807064 width=0) (actual time=3697.727..7254.480 rows=3369169 loops=1)
  Hash Cond: (mk.movie_id = t.id)
  ->  Seq Scan on movie_keyword mk  (cost=0.00..81003.12 rows=2220409 width=4) (actual time=0.021..1571.731 rows=2216826 loops=1)
        Filter: (keyword_id < 4514)
        Rows Removed by Filter: 2307104
  ->  Hash  (cost=159947.97..159947.97 rows=919057 width=8) (actual time=3696.804..3696.804 rows=920110 loops=1)
        Buckets: 131072  Batches: 16  Memory Usage: 3283kB
        ->  Hash Join  (cost=102767.86..159947.97 rows=919057 width=8) (actual time=1841.194..3438.483 rows=920110 loops=1)
              Hash Cond: (mi_idx.movie_id = t.id)
              ->  Seq Scan on movie_info_idx mi_idx  (cost=0.00..25185.44 rows=919057 width=4) (actual time=0.018..530.553 rows=920110 loops=1)
                    Filter: (info_type_id > 99)
                    Rows Removed by Filter: 459925
              ->  Hash  (cost=61283.27..61283.27 rows=2528527 width=4) (actual time=1839.293..1839.293 rows=2528312 loops=1)
                    Buckets: 131072  Batches: 64  Memory Usage: 2415kB
                    ->  Seq Scan on title t  (cost=0.00..61283.27 rows=2528527 width=4) (actual time=0.018..1002.121 rows=2528312 loops=1)
Planning time: 1.107 ms
Execution time: 7648.931 ms
