Hash Join  (cost=102767.86..1214177.54 rows=12694431 width=0) (actual time=9541.442..30632.339 rows=12670688 loops=1)
  Hash Cond: (ci.movie_id = t.id)
  ->  Seq Scan on cast_info ci  (cost=0.00..796071.18 rows=12694431 width=4) (actual time=7736.328..18076.610 rows=12670688 loops=1)
        Filter: ((person_id < 4043685) AND (role_id < 2))
        Rows Removed by Filter: 23573656
  ->  Hash  (cost=61283.27..61283.27 rows=2528527 width=4) (actual time=1803.874..1803.874 rows=2528312 loops=1)
        Buckets: 131072  Batches: 64  Memory Usage: 2415kB
        ->  Seq Scan on title t  (cost=0.00..61283.27 rows=2528527 width=4) (actual time=0.025..992.198 rows=2528312 loops=1)
Planning time: 0.735 ms
Execution time: 32136.635 ms
