Hash Join  (cost=923769.83..1053879.78 rows=665491 width=0) (actual time=16273.575..28214.492 rows=30898936 loops=1)
  Hash Cond: (mk.movie_id = t.id)
  ->  Seq Scan on movie_keyword mk  (cost=0.00..69693.30 rows=4523930 width=4) (actual time=0.009..1492.920 rows=4523930 loops=1)
  ->  Hash  (cost=917667.35..917667.35 rows=371958 width=8) (actual time=16272.063..16272.063 rows=2357545 loops=1)
        Buckets: 131072 (originally 131072)  Batches: 32 (originally 8)  Memory Usage: 3952kB
        ->  Hash Join  (cost=102767.86..917667.35 rows=371958 width=8) (actual time=8899.275..15554.913 rows=2357545 loops=1)
              Hash Cond: (ci.movie_id = t.id)
              ->  Seq Scan on cast_info ci  (cost=0.00..796071.18 rows=371958 width=4) (actual time=7066.217..11417.456 rows=2357545 loops=1)
                    Filter: ((person_id > 3601621) AND (role_id > 8))
                    Rows Removed by Filter: 33886799
              ->  Hash  (cost=61283.27..61283.27 rows=2528527 width=4) (actual time=1831.870..1831.870 rows=2528312 loops=1)
                    Buckets: 131072  Batches: 64  Memory Usage: 2415kB
                    ->  Seq Scan on title t  (cost=0.00..61283.27 rows=2528527 width=4) (actual time=0.021..1000.469 rows=2528312 loops=1)
Planning time: 1.135 ms
Execution time: 31797.957 ms
