Hash Join  (cost=79310.28..111706.71 rows=59833 width=0) (actual time=2151.694..2524.286 rows=25980 loops=1)
  Hash Cond: (mi_idx.movie_id = t.id)
  ->  Seq Scan on movie_info_idx mi_idx  (cost=0.00..25185.44 rows=460978 width=4) (actual time=0.023..449.045 rows=459925 loops=1)
        Filter: (info_type_id = 99)
        Rows Removed by Filter: 920110
  ->  Hash  (cost=73925.90..73925.90 rows=328190 width=4) (actual time=1841.951..1841.951 rows=217611 loops=1)
        Buckets: 131072  Batches: 8  Memory Usage: 1969kB
        ->  Seq Scan on title t  (cost=0.00..73925.90 rows=328190 width=4) (actual time=27.056..1004.780 rows=217611 loops=1)
              Filter: ((production_year < 1982) AND (kind_id = 7))
              Rows Removed by Filter: 2310701
Planning time: 0.849 ms
Execution time: 2527.315 ms
