Hash Join  (cost=83810.17..207436.09 rows=978877 width=0) (actual time=1553.458..5208.605 rows=2163130 loops=1)
  Hash Cond: (mk.movie_id = t.id)
  ->  Seq Scan on movie_keyword mk  (cost=0.00..81003.12 rows=2505871 width=4) (actual time=0.026..1602.587 rows=2499865 loops=1)
        Filter: (keyword_id < 6112)
        Rows Removed by Filter: 2024065
  ->  Hash  (cost=67604.59..67604.59 rows=987727 width=4) (actual time=1552.458..1552.458 rows=985048 loops=1)
        Buckets: 131072  Batches: 16  Memory Usage: 3197kB
        ->  Seq Scan on title t  (cost=0.00..67604.59 rows=987727 width=4) (actual time=0.016..1227.867 rows=985048 loops=1)
              Filter: (kind_id < 7)
              Rows Removed by Filter: 1543264
Planning time: 0.703 ms
Execution time: 5446.026 ms
