Hash Join  (cost=71961.27..538751.58 rows=995011 width=0) (actual time=1789.774..13061.973 rows=2140353 loops=1)
  Hash Cond: (mi.movie_id = t.id)
  ->  Seq Scan on movie_info mi  (cost=0.00..346232.03 rows=9476311 width=4) (actual time=254.085..6491.783 rows=9565151 loops=1)
        Filter: (info_type_id < 16)
        Rows Removed by Filter: 5270569
  ->  Hash  (cost=67604.59..67604.59 rows=265495 width=4) (actual time=1528.731..1528.731 rows=263594 loops=1)
        Buckets: 131072  Batches: 4  Memory Usage: 3346kB
        ->  Seq Scan on title t  (cost=0.00..67604.59 rows=265495 width=4) (actual time=0.029..1158.395 rows=263594 loops=1)
              Filter: (production_year < 1962)
              Rows Removed by Filter: 2264718
Planning time: 1.348 ms
Execution time: 13336.798 ms
