Hash Join  (cost=69090.10..196258.12 rows=137578 width=0) (actual time=949.354..3834.635 rows=166202 loops=1)
  Hash Cond: (mk.movie_id = t.id)
  ->  Seq Scan on movie_keyword mk  (cost=0.00..81003.12 rows=3842965 width=4) (actual time=0.027..1712.982 rows=3836264 loops=1)
        Filter: (keyword_id < 27397)
        Rows Removed by Filter: 687666
  ->  Hash  (cost=67604.59..67604.59 rows=90521 width=4) (actual time=936.989..936.989 rows=90852 loops=1)
        Buckets: 131072  Batches: 2  Memory Usage: 2632kB
        ->  Seq Scan on title t  (cost=0.00..67604.59 rows=90521 width=4) (actual time=0.018..902.679 rows=90852 loops=1)
              Filter: (kind_id = 2)
              Rows Removed by Filter: 2437460
Planning time: 0.715 ms
Execution time: 3854.487 ms
