Nested Loop  (cost=57943.89..139062.34 rows=1 width=0) (actual time=836.683..2098.734 rows=86 loops=1)
  ->  Hash Join  (cost=57943.46..139054.22 rows=1 width=8) (actual time=836.602..2095.875 rows=86 loops=1)
        Hash Cond: (mk.movie_id = mc.movie_id)
        ->  Seq Scan on movie_keyword mk  (cost=0.00..81003.12 rows=246 width=4) (actual time=0.663..1274.001 rows=3346 loops=1)
              Filter: (keyword_id = 85)
              Rows Removed by Filter: 4520584
        ->  Hash  (cost=57926.93..57926.93 rows=1322 width=4) (actual time=820.147..820.147 rows=2350 loops=1)
              Buckets: 4096 (originally 2048)  Batches: 1 (originally 1)  Memory Usage: 115kB
              ->  Seq Scan on movie_companies mc  (cost=0.00..57926.93 rows=1322 width=4) (actual time=0.074..819.044 rows=2350 loops=1)
                    Filter: ((company_id = 774) AND (company_type_id = 1))
                    Rows Removed by Filter: 2606779
  ->  Index Only Scan using title_pkey on title t  (cost=0.43..8.11 rows=1 width=4) (actual time=0.028..0.029 rows=1 loops=86)
        Index Cond: (id = mc.movie_id)
        Heap Fetches: 86
Planning time: 1.176 ms
Execution time: 2098.868 ms
