Hash Join  (cost=264438.71..1312249.65 rows=12698131 width=0) (actual time=5941.761..39680.731 rows=45561290 loops=1)
  Hash Cond: (ci.movie_id = t.id)
  ->  Seq Scan on cast_info ci  (cost=0.00..705507.15 rows=16201301 width=4) (actual time=0.014..14595.720 rows=16121683 loops=1)
        Filter: (role_id > 2)
        Rows Removed by Filter: 20122661
  ->  Hash  (cost=231924.35..231924.35 rows=1981789 width=8) (actual time=5940.432..5940.432 rows=1428290 loops=1)
        Buckets: 131072  Batches: 32  Memory Usage: 2818kB
        ->  Hash Join  (cost=85777.42..231924.35 rows=1981789 width=8) (actual time=1710.530..5539.420 rows=1428290 loops=1)
              Hash Cond: (mk.movie_id = t.id)
              ->  Seq Scan on movie_keyword mk  (cost=0.00..69693.30 rows=4523930 width=4) (actual time=0.016..1410.220 rows=4523930 loops=1)
              ->  Hash  (cost=67604.59..67604.59 rows=1107667 width=4) (actual time=1709.154..1709.154 rows=1107925 loops=1)
                    Buckets: 131072  Batches: 16  Memory Usage: 3467kB
                    ->  Seq Scan on title t  (cost=0.00..67604.59 rows=1107667 width=4) (actual time=0.025..1311.195 rows=1107925 loops=1)
                          Filter: (production_year > 2004)
                          Rows Removed by Filter: 1420387
Planning time: 1.109 ms
Execution time: 45092.346 ms
