Hash Join  (cost=102767.86..189821.46 rows=1070984 width=0) (actual time=1767.415..3883.127 rows=1082778 loops=1)
  Hash Cond: (mc.movie_id = t.id)
  ->  Seq Scan on movie_companies mc  (cost=0.00..51404.11 rows=1070984 width=4) (actual time=0.028..917.847 rows=1082778 loops=1)
        Filter: (company_id > 14328)
        Rows Removed by Filter: 1526351
  ->  Hash  (cost=61283.27..61283.27 rows=2528527 width=4) (actual time=1765.589..1765.589 rows=2528312 loops=1)
        Buckets: 131072  Batches: 64  Memory Usage: 2415kB
        ->  Seq Scan on title t  (cost=0.00..61283.27 rows=2528527 width=4) (actual time=0.016..930.304 rows=2528312 loops=1)
Planning time: 0.761 ms
Execution time: 4004.087 ms
