Seq Scan on movie_keyword mk  (cost=0.00..81003.12 rows=144109 width=0) (actual time=85.008..1228.629 rows=142526 loops=1)
  Filter: (keyword_id > 74655)
  Rows Removed by Filter: 4381404
Planning time: 0.301 ms
Execution time: 1247.713 ms
