Hash Join  (cost=86974.96..523052.64 rows=1855008 width=0) (actual time=1588.284..10896.813 rows=1082341 loops=1)
  Hash Cond: (mi.movie_id = t.id)
  ->  Seq Scan on movie_info mi  (cost=0.00..346232.03 rows=5897221 width=4) (actual time=0.020..6101.559 rows=5884963 loops=1)
        Filter: (info_type_id < 7)
        Rows Removed by Filter: 8950757
  ->  Hash  (cost=73925.90..73925.90 rows=795364 width=4) (actual time=1587.178..1587.178 rows=698235 loops=1)
        Buckets: 131072  Batches: 16  Memory Usage: 2564kB
        ->  Seq Scan on title t  (cost=0.00..73925.90 rows=795364 width=4) (actual time=0.019..1357.752 rows=698235 loops=1)
              Filter: ((kind_id > 2) AND (production_year < 2002))
              Rows Removed by Filter: 1830077
Planning time: 0.811 ms
Execution time: 11023.102 ms
