Hash Join  (cost=102767.86..993329.04 rows=3516308 width=0) (actual time=3744.685..17638.396 rows=1156930 loops=1)
  Hash Cond: (ci.movie_id = t.id)
  ->  Seq Scan on cast_info ci  (cost=0.00..796071.18 rows=3516308 width=4) (actual time=1825.123..14439.736 rows=1156930 loops=1)
        Filter: ((person_id < 2210689) AND (role_id > 8))
        Rows Removed by Filter: 35087414
  ->  Hash  (cost=61283.27..61283.27 rows=2528527 width=4) (actual time=1918.089..1918.089 rows=2528312 loops=1)
        Buckets: 131072  Batches: 64  Memory Usage: 2415kB
        ->  Seq Scan on title t  (cost=0.00..61283.27 rows=2528527 width=4) (actual time=0.024..1081.335 rows=2528312 loops=1)
Planning time: 0.737 ms
Execution time: 17771.856 ms
