Seq Scan on movie_keyword mk  (cost=0.00..81003.12 rows=246 width=0) (actual time=14.885..1266.863 rows=75 loops=1)
  Filter: (keyword_id = 77175)
  Rows Removed by Filter: 4523855
Planning time: 0.351 ms
Execution time: 1267.020 ms
