Hash Join  (cost=365418.15..1489976.04 rows=16140192 width=0) (actual time=14983.178..35333.582 rows=31672107 loops=1)
  Hash Cond: (ci.movie_id = t.id)
  ->  Seq Scan on cast_info ci  (cost=0.00..796071.18 rows=9021119 width=4) (actual time=5913.256..15276.366 rows=5194345 loops=1)
        Filter: ((person_id > 1019667) AND (role_id = 1))
        Rows Removed by Filter: 31049999
  ->  Hash  (cost=291197.02..291197.02 rows=4523930 width=8) (actual time=9066.777..9066.777 rows=4523930 loops=1)
        Buckets: 131072  Batches: 64  Memory Usage: 3816kB
        ->  Hash Join  (cost=102767.86..291197.02 rows=4523930 width=8) (actual time=1868.234..7012.875 rows=4523930 loops=1)
              Hash Cond: (mk.movie_id = t.id)
              ->  Seq Scan on movie_keyword mk  (cost=0.00..69693.30 rows=4523930 width=4) (actual time=0.027..1433.093 rows=4523930 loops=1)
              ->  Hash  (cost=61283.27..61283.27 rows=2528527 width=4) (actual time=1866.553..1866.553 rows=2528312 loops=1)
                    Buckets: 131072  Batches: 64  Memory Usage: 2425kB
                    ->  Seq Scan on title t  (cost=0.00..61283.27 rows=2528527 width=4) (actual time=0.018..988.490 rows=2528312 loops=1)
Planning time: 5.644 ms
Execution time: 38808.507 ms
