Hash Join  (cost=58375.85..85286.62 rows=29 width=0) (actual time=974.676..1522.318 rows=120 loops=1)
  Hash Cond: (mi_idx.movie_id = t.id)
  ->  Seq Scan on movie_info_idx mi_idx  (cost=0.00..21735.35 rows=1380035 width=4) (actual time=0.013..362.811 rows=1380035 loops=1)
  ->  Hash  (cost=58375.18..58375.18 rows=53 width=8) (actual time=906.506..906.506 rows=47 loops=1)
        Buckets: 1024  Batches: 1  Memory Usage: 10kB
        ->  Nested Loop  (cost=0.43..58375.18 rows=53 width=8) (actual time=52.730..906.462 rows=47 loops=1)
              ->  Seq Scan on movie_companies mc  (cost=0.00..57926.93 rows=53 width=4) (actual time=52.639..905.348 rows=47 loops=1)
                    Filter: ((company_type_id > 1) AND (company_id = 73918))
                    Rows Removed by Filter: 2609082
              ->  Index Only Scan using title_pkey on title t  (cost=0.43..8.45 rows=1 width=4) (actual time=0.020..0.021 rows=1 loops=47)
                    Index Cond: (id = mc.movie_id)
                    Heap Fetches: 47
Planning time: 1.136 ms
Execution time: 1522.447 ms
