Hash Join  (cost=208105.79..1322540.42 rows=7849048 width=0) (actual time=5125.644..55179.162 rows=71749180 loops=1)
  Hash Cond: (ci.movie_id = t.id)
  ->  Seq Scan on cast_info ci  (cost=0.00..614943.12 rows=36225612 width=4) (actual time=0.015..13818.249 rows=36244344 loops=1)
  ->  Hash  (cost=199116.55..199116.55 rows=547859 width=8) (actual time=5124.071..5124.071 rows=1563218 loops=1)
        Buckets: 131072 (originally 131072)  Batches: 32 (originally 8)  Memory Usage: 3073kB
        ->  Hash Join  (cost=83891.93..199116.55 rows=547859 width=8) (actual time=1446.786..4637.029 rows=1563218 loops=1)
              Hash Cond: (mk.movie_id = t.id)
              ->  Seq Scan on movie_keyword mk  (cost=0.00..81003.12 rows=2280508 width=4) (actual time=0.015..1610.489 rows=2279601 loops=1)
                    Filter: (keyword_id < 4834)
                    Rows Removed by Filter: 2244329
              ->  Hash  (cost=73925.90..73925.90 rows=607442 width=4) (actual time=1445.948..1445.948 rows=675690 loops=1)
                    Buckets: 131072  Batches: 8  Memory Usage: 4020kB
                    ->  Seq Scan on title t  (cost=0.00..73925.90 rows=607442 width=4) (actual time=0.019..1221.847 rows=675690 loops=1)
                          Filter: ((kind_id < 7) AND (production_year < 2007))
                          Rows Removed by Filter: 1852622
Planning time: 1.175 ms
Execution time: 62682.438 ms
