Hash Join  (cost=96071.96..134382.58 rows=248007 width=0) (actual time=1806.389..2639.473 rows=137017 loops=1)
  Hash Cond: (mi_idx.movie_id = t.id)
  ->  Seq Scan on movie_info_idx mi_idx  (cost=0.00..25185.44 rows=464566 width=4) (actual time=0.022..415.423 rows=459925 loops=1)
        Filter: (info_type_id = 101)
        Rows Removed by Filter: 920110
  ->  Hash  (cost=73925.90..73925.90 rows=1349844 width=4) (actual time=1804.983..1804.983 rows=1425014 loops=1)
        Buckets: 131072  Batches: 32  Memory Usage: 2591kB
        ->  Seq Scan on title t  (cost=0.00..73925.90 rows=1349844 width=4) (actual time=83.686..1350.399 rows=1425014 loops=1)
              Filter: ((production_year > 1960) AND (kind_id = 7))
              Rows Removed by Filter: 1103298
Planning time: 0.771 ms
Execution time: 2653.667 ms
