Seq Scan on cast_info ci  (cost=0.00..796071.18 rows=15356947 width=0) (actual time=0.023..14853.597 rows=17755482 loops=1)
  Filter: ((person_id < 2007391) AND (role_id < 6))
  Rows Removed by Filter: 18488862
Planning time: 0.384 ms
Execution time: 17021.201 ms
