Hash Join  (cost=477978.59..558140.35 rows=374056 width=0) (actual time=8582.969..12149.367 rows=6377986 loops=1)
  Hash Cond: (mc.movie_id = t.id)
  ->  Seq Scan on movie_companies mc  (cost=0.00..51404.11 rows=2004025 width=4) (actual time=0.014..1063.165 rows=2008969 loops=1)
        Filter: (company_id > 687)
        Rows Removed by Filter: 600160
  ->  Hash  (cost=470235.15..470235.15 rows=471955 width=8) (actual time=8582.219..8582.219 rows=543367 loops=1)
        Buckets: 131072  Batches: 8  Memory Usage: 3673kB
        ->  Hash Join  (cost=102767.86..470235.15 rows=471955 width=8) (actual time=4873.020..8426.396 rows=543367 loops=1)
              Hash Cond: (mi.movie_id = t.id)
              ->  Seq Scan on movie_info mi  (cost=0.00..346232.03 rows=471955 width=4) (actual time=2950.128..5697.068 rows=543367 loops=1)
                    Filter: (info_type_id > 98)
                    Rows Removed by Filter: 14292353
              ->  Hash  (cost=61283.27..61283.27 rows=2528527 width=4) (actual time=1920.207..1920.207 rows=2528312 loops=1)
                    Buckets: 131072  Batches: 64  Memory Usage: 2425kB
                    ->  Seq Scan on title t  (cost=0.00..61283.27 rows=2528527 width=4) (actual time=0.027..1059.592 rows=2528312 loops=1)
Planning time: 1.269 ms
Execution time: 12827.656 ms
