Hash Join  (cost=128786.93..218142.75 rows=4946 width=0) (actual time=2505.867..4344.052 rows=12478 loops=1)
  Hash Cond: (mk.movie_id = t.id)
  ->  Seq Scan on movie_keyword mk  (cost=0.00..81003.12 rows=2214194 width=4) (actual time=0.016..1487.527 rows=2213415 loops=1)
        Filter: (keyword_id < 4487)
        Rows Removed by Filter: 2310515
  ->  Hash  (cost=128716.33..128716.33 rows=5648 width=8) (actual time=2499.064..2499.064 rows=10414 loops=1)
        Buckets: 16384 (originally 8192)  Batches: 1 (originally 1)  Memory Usage: 535kB
        ->  Hash Join  (cost=73994.33..128716.33 rows=5648 width=8) (actual time=1299.267..2494.358 rows=10414 loops=1)
              Hash Cond: (mc.movie_id = t.id)
              ->  Seq Scan on movie_companies mc  (cost=0.00..44881.29 rows=2609129 width=4) (actual time=0.013..638.325 rows=2609129 loops=1)
              ->  Hash  (cost=73925.90..73925.90 rows=5474 width=4) (actual time=1298.667..1298.667 rows=10147 loops=1)
                    Buckets: 16384 (originally 8192)  Batches: 1 (originally 1)  Memory Usage: 485kB
                    ->  Seq Scan on title t  (cost=0.00..73925.90 rows=5474 width=4) (actual time=0.081..1293.482 rows=10147 loops=1)
                          Filter: ((kind_id > 1) AND (production_year = 1978))
                          Rows Removed by Filter: 2518165
Planning time: 5.534 ms
Execution time: 4346.023 ms
