Seq Scan on title t  (cost=0.00..73925.90 rows=77605 width=0) (actual time=174.192..1164.108 rows=84684 loops=1)
  Filter: ((kind_id = 7) AND (production_year = 2009))
  Rows Removed by Filter: 2443628
Planning time: 0.476 ms
Execution time: 1177.526 ms
