Hash Join  (cost=102767.86..185268.39 rows=610683 width=0) (actual time=2022.392..3876.764 rows=832571 loops=1)
  Hash Cond: (mc.movie_id = t.id)
  ->  Seq Scan on movie_companies mc  (cost=0.00..57926.93 rows=610683 width=4) (actual time=134.985..1044.791 rows=832571 loops=1)
        Filter: ((company_id < 11145) AND (company_type_id < 2))
        Rows Removed by Filter: 1776558
  ->  Hash  (cost=61283.27..61283.27 rows=2528527 width=4) (actual time=1886.090..1886.090 rows=2528312 loops=1)
        Buckets: 131072  Batches: 64  Memory Usage: 2415kB
        ->  Seq Scan on title t  (cost=0.00..61283.27 rows=2528527 width=4) (actual time=0.024..1061.426 rows=2528312 loops=1)
Planning time: 0.701 ms
Execution time: 3956.266 ms
