Seq Scan on movie_keyword mk  (cost=0.00..81003.12 rows=1188433 width=0) (actual time=0.013..1314.358 rows=1193472 loops=1)
  Filter: (keyword_id < 1447)
  Rows Removed by Filter: 3330458
Planning time: 0.342 ms
Execution time: 1468.395 ms
