Hash Join  (cost=231877.12..1404705.35 rows=13533506 width=0) (actual time=4801.521..48589.576 rows=45851203 loops=1)
  Hash Cond: (ci.movie_id = t.id)
  ->  Seq Scan on cast_info ci  (cost=0.00..614943.12 rows=36225612 width=4) (actual time=0.014..13439.581 rows=36244344 loops=1)
  ->  Hash  (cost=216379.24..216379.24 rows=944631 width=8) (actual time=4800.403..4800.403 rows=955848 loops=1)
        Buckets: 131072  Batches: 16  Memory Usage: 3405kB
        ->  Hash Join  (cost=102767.86..216379.24 rows=944631 width=8) (actual time=1921.123..4539.092 rows=955848 loops=1)
              Hash Cond: (mk.movie_id = t.id)
              ->  Seq Scan on movie_keyword mk  (cost=0.00..81003.12 rows=944631 width=4) (actual time=0.023..1471.217 rows=955848 loops=1)
                    Filter: (keyword_id > 19838)
                    Rows Removed by Filter: 3568082
              ->  Hash  (cost=61283.27..61283.27 rows=2528527 width=4) (actual time=1920.259..1920.259 rows=2528312 loops=1)
                    Buckets: 131072  Batches: 64  Memory Usage: 2425kB
                    ->  Seq Scan on title t  (cost=0.00..61283.27 rows=2528527 width=4) (actual time=0.011..1023.269 rows=2528312 loops=1)
Planning time: 3.134 ms
Execution time: 53962.291 ms
