Seq Scan on movie_keyword mk  (cost=0.00..81003.12 rows=3813607 width=0) (actual time=0.024..1546.860 rows=3808183 loops=1)
  Filter: (keyword_id < 26327)
  Rows Removed by Filter: 715747
Planning time: 0.332 ms
Execution time: 2005.038 ms
