Seq Scan on movie_keyword mk  (cost=0.00..81003.12 rows=246 width=0) (actual time=207.967..1321.004 rows=1 loops=1)
  Filter: (keyword_id = 101702)
  Rows Removed by Filter: 4523929
Planning time: 0.352 ms
Execution time: 1321.086 ms
