Hash Join  (cost=162826.43..692691.68 rows=4691534 width=0) (actual time=4038.959..18774.125 rows=3632421 loops=1)
  Hash Cond: (mi.movie_id = t.id)
  ->  Seq Scan on movie_info mi  (cost=0.00..309384.22 rows=14739122 width=4) (actual time=0.016..6453.206 rows=14835720 loops=1)
  ->  Hash  (cost=149621.91..149621.91 rows=804842 width=8) (actual time=4038.032..4038.032 rows=425568 loops=1)
        Buckets: 131072  Batches: 16  Memory Usage: 2068kB
        ->  Hash Join  (cost=98120.01..149621.91 rows=804842 width=8) (actual time=2821.408..3917.538 rows=425568 loops=1)
              Hash Cond: (mi_idx.movie_id = t.id)
              ->  Seq Scan on movie_info_idx mi_idx  (cost=0.00..21735.35 rows=1380035 width=4) (actual time=0.031..439.549 rows=1380035 loops=1)
              ->  Hash  (cost=73925.90..73925.90 rows=1474648 width=4) (actual time=2537.142..2537.142 rows=1478439 loops=1)
                    Buckets: 131072  Batches: 32  Memory Usage: 2651kB
                    ->  Seq Scan on title t  (cost=0.00..73925.90 rows=1474648 width=4) (actual time=391.273..1359.476 rows=1478439 loops=1)
                          Filter: ((production_year > 1912) AND (kind_id = 7))
                          Rows Removed by Filter: 1049873
Planning time: 1.209 ms
Execution time: 19141.412 ms
