Seq Scan on movie_keyword mk  (cost=0.00..81003.12 rows=3921615 width=0) (actual time=0.024..1489.170 rows=3917477 loops=1)
  Filter: (keyword_id < 30449)
  Rows Removed by Filter: 606453
Planning time: 0.309 ms
Execution time: 1969.147 ms
