Seq Scan on cast_info ci  (cost=0.00..705507.15 rows=500 width=0) (actual time=6291.722..9427.401 rows=16 loops=1)
  Filter: (person_id = 1599689)
  Rows Removed by Filter: 36244328
Planning time: 0.376 ms
Execution time: 9427.486 ms
