Hash Join  (cost=83074.74..849352.53 rows=1576 width=0) (actual time=7643.055..17209.380 rows=3242 loops=1)
  Hash Cond: (ci.movie_id = t.id)
  ->  Seq Scan on cast_info ci  (cost=0.00..705507.15 rows=16201301 width=4) (actual time=6351.618..13804.249 rows=16121683 loops=1)
        Filter: (role_id > 2)
        Rows Removed by Filter: 20122661
  ->  Hash  (cost=83071.67..83071.67 rows=246 width=8) (actual time=1287.896..1287.896 rows=249 loops=1)
        Buckets: 1024  Batches: 1  Memory Usage: 18kB
        ->  Nested Loop  (cost=0.43..83071.67 rows=246 width=8) (actual time=2.164..1287.619 rows=249 loops=1)
              ->  Seq Scan on movie_keyword mk  (cost=0.00..81003.12 rows=246 width=4) (actual time=2.098..1272.227 rows=249 loops=1)
                    Filter: (keyword_id = 2648)
                    Rows Removed by Filter: 4523681
              ->  Index Only Scan using title_pkey on title t  (cost=0.43..8.40 rows=1 width=4) (actual time=0.058..0.059 rows=1 loops=249)
                    Index Cond: (id = mk.movie_id)
                    Heap Fetches: 249
Planning time: 0.785 ms
Execution time: 17210.873 ms
