Hash Join  (cost=227520.91..1296263.27 rows=5529382 width=0) (actual time=6521.915..46831.141 rows=61677989 loops=1)
  Hash Cond: (ci.movie_id = t.id)
  ->  Seq Scan on cast_info ci  (cost=0.00..796071.18 rows=16710875 width=4) (actual time=0.014..16793.932 rows=19029076 loops=1)
        Filter: ((person_id < 2116306) AND (role_id < 8))
        Rows Removed by Filter: 17215268
  ->  Hash  (cost=213793.76..213793.76 rows=836652 width=8) (actual time=6520.493..6520.493 rows=2486177 loops=1)
        Buckets: 131072 (originally 131072)  Batches: 64 (originally 16)  Memory Usage: 3986kB
        ->  Hash Join  (cost=81598.21..213793.76 rows=836652 width=8) (actual time=1427.269..5482.074 rows=2486177 loops=1)
              Hash Cond: (mk.movie_id = t.id)
              ->  Seq Scan on movie_keyword mk  (cost=0.00..69693.30 rows=4523930 width=4) (actual time=0.015..1486.570 rows=4523930 loops=1)
              ->  Hash  (cost=73925.90..73925.90 rows=467624 width=4) (actual time=1426.370..1426.370 rows=557493 loops=1)
                    Buckets: 131072  Batches: 8  Memory Usage: 3493kB
                    ->  Seq Scan on title t  (cost=0.00..73925.90 rows=467624 width=4) (actual time=0.016..1248.358 rows=557493 loops=1)
                          Filter: ((kind_id < 7) AND (production_year < 2003))
                          Rows Removed by Filter: 1970819
Planning time: 1.191 ms
Execution time: 52939.016 ms
