Hash Join  (cost=139597.14..223561.45 rows=474110 width=0) (actual time=3396.236..6424.508 rows=2927855 loops=1)
  Hash Cond: (mc.movie_id = t.id)
  ->  Seq Scan on movie_companies mc  (cost=0.00..51404.11 rows=2223758 width=4) (actual time=0.027..1127.172 rows=2223482 loops=1)
        Filter: (company_id > 225)
        Rows Removed by Filter: 385647
  ->  Hash  (cost=130752.54..130752.54 rows=539088 width=8) (actual time=3395.177..3395.177 rows=954317 loops=1)
        Buckets: 131072 (originally 131072)  Batches: 16 (originally 8)  Memory Usage: 3354kB
        ->  Hash Join  (cost=83810.17..130752.54 rows=539088 width=8) (actual time=1451.859..3112.453 rows=954317 loops=1)
              Hash Cond: (mi_idx.movie_id = t.id)
              ->  Seq Scan on movie_info_idx mi_idx  (cost=0.00..21735.35 rows=1380035 width=4) (actual time=0.016..406.287 rows=1380035 loops=1)
              ->  Hash  (cost=67604.59..67604.59 rows=987727 width=4) (actual time=1450.671..1450.671 rows=985048 loops=1)
                    Buckets: 131072  Batches: 16  Memory Usage: 3188kB
                    ->  Seq Scan on title t  (cost=0.00..67604.59 rows=987727 width=4) (actual time=0.014..1134.862 rows=985048 loops=1)
                          Filter: (kind_id < 7)
                          Rows Removed by Filter: 1543264
Planning time: 1.286 ms
Execution time: 6769.971 ms
