Hash Join  (cost=190230.21..1100395.07 rows=3485703 width=0) (actual time=5954.370..30486.609 rows=14406374 loops=1)
  Hash Cond: (ci.movie_id = t.id)
  ->  Seq Scan on cast_info ci  (cost=0.00..796071.18 rows=6386572 width=4) (actual time=1357.167..15839.638 rows=12670688 loops=1)
        Filter: ((person_id < 1790941) AND (role_id < 2))
        Rows Removed by Filter: 23573656
  ->  Hash  (cost=167588.78..167588.78 rows=1380035 width=8) (actual time=4595.668..4595.668 rows=1380035 loops=1)
        Buckets: 131072  Batches: 32  Memory Usage: 2708kB
        ->  Hash Join  (cost=102767.86..167588.78 rows=1380035 width=8) (actual time=2039.513..4207.844 rows=1380035 loops=1)
              Hash Cond: (mi_idx.movie_id = t.id)
              ->  Seq Scan on movie_info_idx mi_idx  (cost=0.00..21735.35 rows=1380035 width=4) (actual time=0.023..446.181 rows=1380035 loops=1)
              ->  Hash  (cost=61283.27..61283.27 rows=2528527 width=4) (actual time=2037.805..2037.805 rows=2528312 loops=1)
                    Buckets: 131072  Batches: 64  Memory Usage: 2415kB
                    ->  Seq Scan on title t  (cost=0.00..61283.27 rows=2528527 width=4) (actual time=0.016..1191.297 rows=2528312 loops=1)
Planning time: 0.913 ms
Execution time: 32047.890 ms
