Hash Join  (cost=176305.88..215325.21 rows=77285 width=0) (actual time=3642.612..4736.600 rows=401581 loops=1)
  Hash Cond: (mi_idx.movie_id = t.id)
  ->  Seq Scan on movie_info_idx mi_idx  (cost=0.00..21735.35 rows=1380035 width=4) (actual time=0.027..452.693 rows=1380035 loops=1)
  ->  Hash  (cost=173981.84..173981.84 rows=141603 width=8) (actual time=3641.813..3641.813 rows=279928 loops=1)
        Buckets: 131072 (originally 131072)  Batches: 4 (originally 2)  Memory Usage: 3757kB
        ->  Hash Join  (cost=102767.86..173981.84 rows=141603 width=8) (actual time=1909.548..3546.439 rows=279928 loops=1)
              Hash Cond: (mc.movie_id = t.id)
              ->  Seq Scan on movie_companies mc  (cost=0.00..57926.93 rows=141603 width=4) (actual time=0.017..962.079 rows=279928 loops=1)
                    Filter: ((company_id > 95948) AND (company_type_id = 2))
                    Rows Removed by Filter: 2329201
              ->  Hash  (cost=61283.27..61283.27 rows=2528527 width=4) (actual time=1908.695..1908.695 rows=2528312 loops=1)
                    Buckets: 131072  Batches: 64  Memory Usage: 2415kB
                    ->  Seq Scan on title t  (cost=0.00..61283.27 rows=2528527 width=4) (actual time=0.017..1048.118 rows=2528312 loops=1)
Planning time: 1.162 ms
Execution time: 4780.212 ms
