Hash Join  (cost=234265.91..780681.92 rows=4515920 width=0) (actual time=5421.344..47071.396 rows=131195257 loops=1)
  Hash Cond: (mi.movie_id = t.id)
  ->  Seq Scan on movie_info mi  (cost=0.00..309384.22 rows=14739122 width=4) (actual time=0.025..6027.637 rows=14835720 loops=1)
  ->  Hash  (cost=221554.98..221554.98 rows=774715 width=8) (actual time=5420.018..5420.018 rows=1382038 loops=1)
        Buckets: 131072 (originally 131072)  Batches: 32 (originally 16)  Memory Usage: 3073kB
        ->  Hash Join  (cost=81417.85..221554.98 rows=774715 width=8) (actual time=1363.054..5056.811 rows=1382038 loops=1)
              Hash Cond: (mk.movie_id = t.id)
              ->  Seq Scan on movie_keyword mk  (cost=0.00..81003.12 rows=4289826 width=4) (actual time=0.025..1722.772 rows=4274183 loops=1)
                    Filter: (keyword_id > 213)
                    Rows Removed by Filter: 249747
              ->  Hash  (cost=73925.90..73925.90 rows=456636 width=4) (actual time=1361.796..1361.796 rows=330279 loops=1)
                    Buckets: 131072  Batches: 8  Memory Usage: 2490kB
                    ->  Seq Scan on title t  (cost=0.00..73925.90 rows=456636 width=4) (actual time=26.221..1253.263 rows=330279 loops=1)
                          Filter: ((production_year > 1991) AND (kind_id = 1))
                          Rows Removed by Filter: 2198033
Planning time: 1.107 ms
Execution time: 61287.460 ms
