Hash Join  (cost=180592.86..573306.17 rows=832356 width=0) (actual time=6776.011..11082.527 rows=919155 loops=1)
  Hash Cond: (mi.movie_id = t.id)
  ->  Seq Scan on movie_info mi  (cost=0.00..346232.03 rows=3068194 width=4) (actual time=2790.127..5499.640 rows=3036719 loops=1)
        Filter: (info_type_id = 16)
        Rows Removed by Filter: 11799001
  ->  Hash  (cost=169338.46..169338.46 rows=685952 width=8) (actual time=3984.542..3984.542 rows=419354 loops=1)
        Buckets: 131072  Batches: 16  Memory Usage: 2034kB
        ->  Hash Join  (cost=84832.42..169338.46 rows=685952 width=8) (actual time=1542.826..3858.595 rows=419354 loops=1)
              Hash Cond: (mc.movie_id = t.id)
              ->  Seq Scan on movie_companies mc  (cost=0.00..44881.29 rows=2609129 width=4) (actual time=0.025..878.669 rows=2609129 loops=1)
              ->  Hash  (cost=73925.90..73925.90 rows=664761 width=4) (actual time=1541.681..1541.681 rows=704326 loops=1)
                    Buckets: 131072  Batches: 16  Memory Usage: 2575kB
                    ->  Seq Scan on title t  (cost=0.00..73925.90 rows=664761 width=4) (actual time=0.022..1318.826 rows=704326 loops=1)
                          Filter: ((kind_id > 1) AND (production_year > 2006))
                          Rows Removed by Filter: 1823986
Planning time: 3.158 ms
Execution time: 11184.559 ms
