Hash Join  (cost=102767.86..181049.23 rows=435350 width=0) (actual time=1870.815..3220.807 rows=117276 loops=1)
  Hash Cond: (mc.movie_id = t.id)
  ->  Seq Scan on movie_companies mc  (cost=0.00..57926.93 rows=435350 width=4) (actual time=0.023..880.750 rows=117276 loops=1)
        Filter: ((company_id > 21783) AND (company_type_id = 1))
        Rows Removed by Filter: 2491853
  ->  Hash  (cost=61283.27..61283.27 rows=2528527 width=4) (actual time=1868.446..1868.446 rows=2528312 loops=1)
        Buckets: 131072  Batches: 64  Memory Usage: 2415kB
        ->  Seq Scan on title t  (cost=0.00..61283.27 rows=2528527 width=4) (actual time=0.024..1026.838 rows=2528312 loops=1)
Planning time: 0.764 ms
Execution time: 3234.447 ms
