Hash Join  (cost=130345.65..217910.43 rows=90674 width=0) (actual time=2472.196..4290.825 rows=31789 loops=1)
  Hash Cond: (mk.movie_id = t.id)
  ->  Seq Scan on movie_keyword mk  (cost=0.00..69693.30 rows=4523930 width=4) (actual time=0.012..983.609 rows=4523930 loops=1)
  ->  Hash  (cost=129712.15..129712.15 rows=50680 width=8) (actual time=2466.771..2466.771 rows=22540 loops=1)
        Buckets: 65536  Batches: 1  Memory Usage: 1393kB
        ->  Hash Join  (cost=74539.83..129712.15 rows=50680 width=8) (actual time=1229.961..2457.331 rows=22540 loops=1)
              Hash Cond: (mc.movie_id = t.id)
              ->  Seq Scan on movie_companies mc  (cost=0.00..44881.29 rows=2609129 width=4) (actual time=0.035..567.284 rows=2609129 loops=1)
              ->  Hash  (cost=73925.90..73925.90 rows=49114 width=4) (actual time=1229.556..1229.556 rows=45321 loops=1)
                    Buckets: 65536  Batches: 1  Memory Usage: 2106kB
                    ->  Seq Scan on title t  (cost=0.00..73925.90 rows=49114 width=4) (actual time=0.152..1210.056 rows=45321 loops=1)
                          Filter: ((kind_id > 1) AND (production_year > 2012))
                          Rows Removed by Filter: 2482991
Planning time: 1.850 ms
Execution time: 4295.365 ms
