Nested Loop  (cost=0.43..58358.39 rows=20 width=0) (actual time=394.415..794.971 rows=12 loops=1)
  ->  Seq Scan on movie_companies mc  (cost=0.00..57926.93 rows=51 width=4) (actual time=394.341..794.312 rows=12 loops=1)
        Filter: ((company_id = 2357) AND (company_type_id = 1))
        Rows Removed by Filter: 2609117
  ->  Index Scan using title_pkey on title t  (cost=0.43..8.45 rows=1 width=4) (actual time=0.047..0.049 rows=1 loops=12)
        Index Cond: (id = mc.movie_id)
        Filter: (kind_id < 7)
Planning time: 0.517 ms
Execution time: 795.069 ms
