Hash Join  (cost=281283.27..914200.30 rows=12622820 width=0) (actual time=6120.552..42381.471 rows=105597591 loops=1)
  Hash Cond: (mi.movie_id = t.id)
  ->  Seq Scan on movie_info mi  (cost=0.00..309384.22 rows=14739122 width=4) (actual time=0.016..6287.072 rows=14835720 loops=1)
  ->  Hash  (cost=245755.89..245755.89 rows=2165471 width=8) (actual time=6119.197..6119.197 rows=2167745 loops=1)
        Buckets: 131072  Batches: 32  Memory Usage: 3738kB
        ->  Hash Join  (cost=102767.86..245755.89 rows=2165471 width=8) (actual time=2021.411..5564.369 rows=2167745 loops=1)
              Hash Cond: (mk.movie_id = t.id)
              ->  Seq Scan on movie_keyword mk  (cost=0.00..81003.12 rows=2165471 width=4) (actual time=0.014..1662.307 rows=2167745 loops=1)
                    Filter: (keyword_id < 4194)
                    Rows Removed by Filter: 2356185
              ->  Hash  (cost=61283.27..61283.27 rows=2528527 width=4) (actual time=2019.800..2019.800 rows=2528312 loops=1)
                    Buckets: 131072  Batches: 64  Memory Usage: 2425kB
                    ->  Seq Scan on title t  (cost=0.00..61283.27 rows=2528527 width=4) (actual time=0.012..1151.308 rows=2528312 loops=1)
Planning time: 1.197 ms
Execution time: 53634.749 ms
