Hash Join  (cost=318589.46..1027267.26 rows=17996407 width=0) (actual time=7450.232..58488.757 rows=165669367 loops=1)
  Hash Cond: (mi.movie_id = t.id)
  ->  Seq Scan on movie_info mi  (cost=0.00..309384.22 rows=14739122 width=4) (actual time=0.017..6637.576 rows=14835720 loops=1)
  ->  Hash  (cost=267937.95..267937.95 rows=3087321 width=8) (actual time=7449.056..7449.056 rows=3068778 loops=1)
        Buckets: 131072  Batches: 64  Memory Usage: 3000kB
        ->  Hash Join  (cost=102767.86..267937.95 rows=3087321 width=8) (actual time=1997.289..6598.048 rows=3068778 loops=1)
              Hash Cond: (mk.movie_id = t.id)
              ->  Seq Scan on movie_keyword mk  (cost=0.00..81003.12 rows=3087321 width=4) (actual time=0.018..1652.198 rows=3068778 loops=1)
                    Filter: (keyword_id > 2048)
                    Rows Removed by Filter: 1455152
              ->  Hash  (cost=61283.27..61283.27 rows=2528527 width=4) (actual time=1994.154..1994.154 rows=2528312 loops=1)
                    Buckets: 131072  Batches: 64  Memory Usage: 2425kB
                    ->  Seq Scan on title t  (cost=0.00..61283.27 rows=2528527 width=4) (actual time=0.008..1120.849 rows=2528312 loops=1)
Planning time: 0.888 ms
Execution time: 76060.964 ms
