Hash Join  (cost=209818.15..632582.63 rows=765626 width=0) (actual time=5596.899..23967.616 rows=39714934 loops=1)
  Hash Cond: (mi.movie_id = t.id)
  ->  Seq Scan on movie_info mi  (cost=0.00..346232.03 rows=5263441 width=4) (actual time=220.292..6304.267 rows=5270569 loops=1)
        Filter: (info_type_id > 15)
        Rows Removed by Filter: 9565151
  ->  Hash  (cost=203783.62..203783.62 rows=367802 width=8) (actual time=5280.478..5280.478 rows=1501996 loops=1)
        Buckets: 131072 (originally 131072)  Batches: 32 (originally 8)  Memory Usage: 3073kB
        ->  Hash Join  (cost=77299.57..203783.62 rows=367802 width=8) (actual time=1810.713..4875.921 rows=1501996 loops=1)
              Hash Cond: (mk.movie_id = t.id)
              ->  Seq Scan on movie_keyword mk  (cost=0.00..69693.30 rows=4523930 width=4) (actual time=0.027..1556.241 rows=4523930 loops=1)
              ->  Hash  (cost=73925.90..73925.90 rows=205573 width=4) (actual time=1332.554..1332.554 rows=336290 loops=1)
                    Buckets: 131072  Batches: 4  Memory Usage: 3989kB
                    ->  Seq Scan on title t  (cost=0.00..73925.90 rows=205573 width=4) (actual time=0.172..1219.686 rows=336290 loops=1)
                          Filter: ((kind_id < 2) AND (production_year < 1994))
                          Rows Removed by Filter: 2192022
Planning time: 0.739 ms
Execution time: 28017.004 ms
