Hash Join  (cost=161976.97..519592.12 rows=41004 width=0) (actual time=4586.758..10892.423 rows=3801495 loops=1)
  Hash Cond: (mi.movie_id = t.id)
  ->  Seq Scan on movie_info mi  (cost=0.00..346232.03 rows=2194617 width=4) (actual time=1368.288..5924.418 rows=2233850 loops=1)
        Filter: (info_type_id > 16)
        Rows Removed by Filter: 12601870
  ->  Hash  (cost=161386.43..161386.43 rows=47243 width=8) (actual time=3136.710..3136.710 rows=124508 loops=1)
        Buckets: 131072 (originally 65536)  Batches: 2 (originally 1)  Memory Usage: 3459kB
        ->  Hash Join  (cost=74255.97..161386.43 rows=47243 width=8) (actual time=1115.400..3088.742 rows=124508 loops=1)
              Hash Cond: (mk.movie_id = t.id)
              ->  Seq Scan on movie_keyword mk  (cost=0.00..69693.30 rows=4523930 width=4) (actual time=0.029..1093.848 rows=4523930 loops=1)
              ->  Hash  (cost=73925.90..73925.90 rows=26405 width=4) (actual time=1114.992..1114.992 rows=23926 loops=1)
                    Buckets: 32768  Batches: 1  Memory Usage: 1098kB
                    ->  Seq Scan on title t  (cost=0.00..73925.90 rows=26405 width=4) (actual time=0.025..1104.538 rows=23926 loops=1)
                          Filter: ((kind_id < 7) AND (production_year = 2003))
                          Rows Removed by Filter: 2504386
Planning time: 0.768 ms
Execution time: 11336.731 ms
