Hash Join  (cost=28270.40..87314.54 rows=43 width=0) (actual time=862.087..1296.024 rows=32 loops=1)
  Hash Cond: (mc.movie_id = t.id)
  ->  Seq Scan on movie_companies mc  (cost=0.00..57926.93 rows=297806 width=4) (actual time=295.159..876.020 rows=160118 loops=1)
        Filter: ((company_id < 647) AND (company_type_id > 1))
        Rows Removed by Filter: 2449011
  ->  Hash  (cost=28265.80..28265.80 rows=368 width=8) (actual time=396.603..396.603 rows=260 loops=1)
        Buckets: 1024  Batches: 1  Memory Usage: 19kB
        ->  Nested Loop  (cost=0.43..28265.80 rows=368 width=8) (actual time=157.421..396.499 rows=260 loops=1)
              ->  Seq Scan on movie_info_idx mi_idx  (cost=0.00..25185.44 rows=368 width=4) (actual time=157.347..392.579 rows=260 loops=1)
                    Filter: (info_type_id > 101)
                    Rows Removed by Filter: 1379775
              ->  Index Only Scan using title_pkey on title t  (cost=0.43..8.36 rows=1 width=4) (actual time=0.014..0.014 rows=1 loops=260)
                    Index Cond: (id = mi_idx.movie_id)
                    Heap Fetches: 260
Planning time: 1.193 ms
Execution time: 1296.151 ms
