Seq Scan on movie_companies mc  (cost=0.00..57926.93 rows=748897 width=0) (actual time=391.434..1009.641 rows=965214 loops=1)
  Filter: ((company_id > 8434) AND (company_type_id = 2))
  Rows Removed by Filter: 1643915
Planning time: 0.350 ms
Execution time: 1125.525 ms
