Hash Join  (cost=287980.54..937838.61 rows=14210526 width=0) (actual time=6607.987..23669.360 rows=12515097 loops=1)
  Hash Cond: (mi.movie_id = t.id)
  ->  Seq Scan on movie_info mi  (cost=0.00..309384.22 rows=14739122 width=4) (actual time=0.019..5822.810 rows=14835720 loops=1)
  ->  Hash  (cost=247984.48..247984.48 rows=2437845 width=8) (actual time=6606.647..6606.647 rows=1076277 loops=1)
        Buckets: 131072  Batches: 32  Memory Usage: 2312kB
        ->  Hash Join  (cost=96280.99..247984.48 rows=2437845 width=8) (actual time=1816.067..5617.422 rows=1076277 loops=1)
              Hash Cond: (mk.movie_id = t.id)
              ->  Seq Scan on movie_keyword mk  (cost=0.00..69693.30 rows=4523930 width=4) (actual time=0.025..1401.489 rows=4523930 loops=1)
              ->  Hash  (cost=73925.90..73925.90 rows=1362567 width=4) (actual time=1814.367..1814.367 rows=1337599 loops=1)
                    Buckets: 131072  Batches: 32  Memory Usage: 2500kB
                    ->  Seq Scan on title t  (cost=0.00..73925.90 rows=1362567 width=4) (actual time=0.027..1368.846 rows=1337599 loops=1)
                          Filter: ((kind_id > 3) AND (production_year < 2011))
                          Rows Removed by Filter: 1190713
Planning time: 1.058 ms
Execution time: 25076.250 ms
