Hash Join  (cost=83074.47..109985.91 rows=95 width=0) (actual time=988.469..1425.026 rows=766 loops=1)
  Hash Cond: (mi_idx.movie_id = t.id)
  ->  Seq Scan on movie_info_idx mi_idx  (cost=0.00..21735.35 rows=1380035 width=4) (actual time=0.016..251.181 rows=1380035 loops=1)
  ->  Hash  (cost=83072.29..83072.29 rows=175 width=8) (actual time=985.393..985.393 rows=269 loops=1)
        Buckets: 1024  Batches: 1  Memory Usage: 19kB
        ->  Nested Loop  (cost=0.43..83072.29 rows=175 width=8) (actual time=32.426..985.152 rows=269 loops=1)
              ->  Seq Scan on movie_keyword mk  (cost=0.00..81003.12 rows=246 width=4) (actual time=2.044..953.046 rows=505 loops=1)
                    Filter: (keyword_id = 1783)
                    Rows Removed by Filter: 4523425
              ->  Index Scan using title_pkey on title t  (cost=0.43..8.40 rows=1 width=4) (actual time=0.062..0.062 rows=1 loops=505)
                    Index Cond: (id = mk.movie_id)
                    Filter: (production_year < 2009)
                    Rows Removed by Filter: 0
Planning time: 1.169 ms
Execution time: 1425.495 ms
