Seq Scan on cast_info ci  (cost=0.00..796071.18 rows=58860 width=0) (actual time=7305.850..11981.368 rows=24247 loops=1)
  Filter: ((person_id < 579345) AND (role_id > 10))
  Rows Removed by Filter: 36220097
Planning time: 0.354 ms
Execution time: 11984.417 ms
