Hash Join  (cost=73987.23..130214.36 rows=2483 width=0) (actual time=1142.676..2390.417 rows=4226 loops=1)
  Hash Cond: (mc.movie_id = t.id)
  ->  Seq Scan on movie_companies mc  (cost=0.00..51404.11 rows=1279517 width=4) (actual time=0.026..996.218 rows=1274246 loops=1)
        Filter: (company_type_id = 1)
        Rows Removed by Filter: 1334883
  ->  Hash  (cost=73925.90..73925.90 rows=4906 width=4) (actual time=1142.535..1142.535 rows=12658 loops=1)
        Buckets: 16384 (originally 8192)  Batches: 1 (originally 1)  Memory Usage: 574kB
        ->  Seq Scan on title t  (cost=0.00..73925.90 rows=4906 width=4) (actual time=0.287..1136.259 rows=12658 loops=1)
              Filter: ((kind_id > 3) AND (production_year = 1986))
              Rows Removed by Filter: 2515654
Planning time: 0.806 ms
Execution time: 2391.279 ms
