Hash Join  (cost=202109.53..1374320.90 rows=13473420 width=0) (actual time=5164.024..46025.926 rows=32498263 loops=1)
  Hash Cond: (ci.movie_id = t.id)
  ->  Seq Scan on cast_info ci  (cost=0.00..614943.12 rows=36225612 width=4) (actual time=0.008..12781.429 rows=36244344 loops=1)
  ->  Hash  (cost=186680.07..186680.07 rows=940437 width=8) (actual time=5163.210..5163.210 rows=940201 loops=1)
        Buckets: 131072  Batches: 16  Memory Usage: 3298kB
        ->  Hash Join  (cost=102767.86..186680.07 rows=940437 width=8) (actual time=2734.477..4874.055 rows=940201 loops=1)
              Hash Cond: (mc.movie_id = t.id)
              ->  Seq Scan on movie_companies mc  (cost=0.00..51404.11 rows=940437 width=4) (actual time=0.026..878.396 rows=940201 loops=1)
                    Filter: (company_id < 3490)
                    Rows Removed by Filter: 1668928
              ->  Hash  (cost=61283.27..61283.27 rows=2528527 width=4) (actual time=2732.740..2732.740 rows=2528312 loops=1)
                    Buckets: 131072  Batches: 64  Memory Usage: 2415kB
                    ->  Seq Scan on title t  (cost=0.00..61283.27 rows=2528527 width=4) (actual time=0.021..1140.055 rows=2528312 loops=1)
Planning time: 1.158 ms
Execution time: 49477.492 ms
