Seq Scan on movie_companies mc  (cost=0.00..57926.93 rows=1241 width=0) (actual time=0.016..893.494 rows=943 loops=1)
  Filter: ((company_id = 114) AND (company_type_id = 2))
  Rows Removed by Filter: 2608186
Planning time: 0.390 ms
Execution time: 893.781 ms
