Seq Scan on cast_info ci  (cost=0.00..796071.18 rows=21726551 width=0) (actual time=0.017..15935.751 rows=20878354 loops=1)
  Filter: ((person_id > 1099706) AND (role_id < 10))
  Rows Removed by Filter: 15365990
Planning time: 0.347 ms
Execution time: 18482.484 ms
