Hash Join  (cost=160687.50..959195.21 rows=675 width=0) (actual time=11876.564..14655.518 rows=16820 loops=1)
  Hash Cond: (ci.movie_id = t.id)
  ->  Seq Scan on cast_info ci  (cost=0.00..796071.18 rows=485956 width=4) (actual time=8813.818..11496.813 rows=439691 loops=1)
        Filter: ((person_id < 611778) AND (role_id = 4))
        Rows Removed by Filter: 35804653
  ->  Hash  (cost=160643.60..160643.60 rows=3512 width=8) (actual time=3062.555..3062.555 rows=30905 loops=1)
        Buckets: 32768 (originally 4096)  Batches: 1 (originally 1)  Memory Usage: 1464kB
        ->  Hash Join  (cost=73950.44..160643.60 rows=3512 width=8) (actual time=1511.758..3052.195 rows=30905 loops=1)
              Hash Cond: (mk.movie_id = t.id)
              ->  Seq Scan on movie_keyword mk  (cost=0.00..69693.30 rows=4523930 width=4) (actual time=0.025..1061.573 rows=4523930 loops=1)
              ->  Hash  (cost=73925.90..73925.90 rows=1963 width=4) (actual time=1194.934..1194.934 rows=4682 loops=1)
                    Buckets: 8192 (originally 2048)  Batches: 1 (originally 1)  Memory Usage: 229kB
                    ->  Seq Scan on title t  (cost=0.00..73925.90 rows=1963 width=4) (actual time=42.193..1192.497 rows=4682 loops=1)
                          Filter: ((kind_id = 1) AND (production_year = 1987))
                          Rows Removed by Filter: 2523630
Planning time: 2.242 ms
Execution time: 14658.029 ms
