Seq Scan on cast_info ci  (cost=0.00..796071.18 rows=1051958 width=0) (actual time=11037.435..15445.737 rows=586088 loops=1)
  Filter: ((person_id < 3483665) AND (role_id = 9))
  Rows Removed by Filter: 35658256
Planning time: 1.170 ms
Execution time: 15524.904 ms
