Hash Join  (cost=74299.17..882147.68 rows=35957 width=0) (actual time=1145.564..15246.680 rows=85196 loops=1)
  Hash Cond: (ci.movie_id = t.id)
  ->  Seq Scan on cast_info ci  (cost=0.00..796071.18 rows=3044737 width=4) (actual time=0.019..12501.573 rows=7294121 loops=1)
        Filter: ((person_id > 2792524) AND (role_id > 3))
        Rows Removed by Filter: 28950223
  ->  Hash  (cost=73925.90..73925.90 rows=29861 width=4) (actual time=1145.335..1145.335 rows=17772 loops=1)
        Buckets: 32768  Batches: 1  Memory Usage: 881kB
        ->  Seq Scan on title t  (cost=0.00..73925.90 rows=29861 width=4) (actual time=475.608..1137.870 rows=17772 loops=1)
              Filter: ((kind_id = 1) AND (production_year = 2007))
              Rows Removed by Filter: 2510540
Planning time: 0.886 ms
Execution time: 15261.073 ms
