Hash Join  (cost=73955.77..100889.10 rows=439 width=0) (actual time=1201.055..1611.128 rows=394 loops=1)
  Hash Cond: (mi_idx.movie_id = t.id)
  ->  Seq Scan on movie_info_idx mi_idx  (cost=0.00..25185.44 rows=464934 width=4) (actual time=0.021..495.856 rows=460185 loops=1)
        Filter: (info_type_id > 100)
        Rows Removed by Filter: 919850
  ->  Hash  (cost=73925.90..73925.90 rows=2389 width=4) (actual time=1034.434..1034.434 rows=2310 loops=1)
        Buckets: 4096  Batches: 1  Memory Usage: 114kB
        ->  Seq Scan on title t  (cost=0.00..73925.90 rows=2389 width=4) (actual time=0.056..1033.085 rows=2310 loops=1)
              Filter: ((production_year > 2012) AND (kind_id = 2))
              Rows Removed by Filter: 2526002
Planning time: 0.746 ms
Execution time: 1611.323 ms
