Seq Scan on cast_info ci  (cost=0.00..796071.18 rows=435 width=0) (actual time=4753.751..14745.162 rows=988 loops=1)
  Filter: ((role_id < 10) AND (person_id = 2495798))
  Rows Removed by Filter: 36243356
Planning time: 0.419 ms
Execution time: 14745.421 ms
