Seq Scan on movie_keyword mk  (cost=0.00..81003.12 rows=1538665 width=0) (actual time=0.025..1513.401 rows=1552636 loops=1)
  Filter: (keyword_id > 10149)
  Rows Removed by Filter: 2971294
Planning time: 1.345 ms
Execution time: 1705.203 ms
