Hash Join  (cost=83568.99..155921.05 rows=203011 width=0) (actual time=1762.380..3091.259 rows=499187 loops=1)
  Hash Cond: (mc.movie_id = t.id)
  ->  Seq Scan on movie_companies mc  (cost=0.00..57926.93 rows=873337 width=4) (actual time=128.510..1053.307 rows=691897 loops=1)
        Filter: ((company_id > 1964) AND (company_type_id < 2))
        Rows Removed by Filter: 1917232
  ->  Hash  (cost=73925.90..73925.90 rows=587767 width=4) (actual time=1459.035..1459.035 rows=594730 loops=1)
        Buckets: 131072  Batches: 8  Memory Usage: 3648kB
        ->  Seq Scan on title t  (cost=0.00..73925.90 rows=587767 width=4) (actual time=421.696..1275.074 rows=594730 loops=1)
              Filter: ((production_year < 2012) AND (kind_id = 1))
              Rows Removed by Filter: 1933582
Planning time: 0.883 ms
Execution time: 3148.388 ms
