Seq Scan on movie_keyword mk  (cost=0.00..81003.12 rows=3054723 width=0) (actual time=0.018..1583.581 rows=3036104 loops=1)
  Filter: (keyword_id > 2128)
  Rows Removed by Filter: 1487826
Planning time: 0.248 ms
Execution time: 1966.071 ms
