Seq Scan on movie_companies mc  (cost=0.00..51404.11 rows=1921288 width=0) (actual time=0.019..1034.358 rows=1927875 loops=1)
  Filter: (company_id > 1153)
  Rows Removed by Filter: 681254
Planning time: 0.220 ms
Execution time: 1270.235 ms
