Hash Join  (cost=83072.36..447728.64 rows=35 width=181) (actual time=5904.356..14179.592 rows=2967 loops=1)
  Hash Cond: (mi.movie_id = t.id)
  ->  Seq Scan on movie_info mi  (cost=0.00..309384.22 rows=14739122 width=75) (actual time=0.020..5736.430 rows=14835720 loops=1)
  ->  Hash  (cost=83072.29..83072.29 rows=6 width=106) (actual time=5901.491..5901.491 rows=79 loops=1)
        Buckets: 1024  Batches: 1  Memory Usage: 18kB
        ->  Nested Loop  (cost=0.43..83072.29 rows=6 width=106) (actual time=57.904..5901.283 rows=79 loops=1)
              ->  Seq Scan on movie_keyword mk  (cost=0.00..81003.12 rows=246 width=12) (actual time=0.134..1739.641 rows=2885 loops=1)
                    Filter: (keyword_id = 2102)
                    Rows Removed by Filter: 4521045
              ->  Index Scan using title_pkey on title t  (cost=0.43..8.40 rows=1 width=94) (actual time=1.441..1.441 rows=0 loops=2885)
                    Index Cond: (id = mk.movie_id)
                    Filter: (production_year = 2002)
                    Rows Removed by Filter: 1
Planning time: 1.423 ms
Execution time: 14180.029 ms
