Hash Join  (cost=86241.46..150434.43 rows=51126 width=0) (actual time=1671.010..2838.730 rows=118539 loops=1)
  Hash Cond: (mc.movie_id = t.id)
  ->  Seq Scan on movie_companies mc  (cost=0.00..57926.93 rows=113807 width=4) (actual time=0.025..876.822 rows=176534 loops=1)
        Filter: ((company_id < 92) AND (company_type_id = 1))
        Rows Removed by Filter: 2432595
  ->  Hash  (cost=67604.59..67604.59 rows=1135910 width=4) (actual time=1670.156..1670.156 rows=1133355 loops=1)
        Buckets: 131072  Batches: 16  Memory Usage: 3516kB
        ->  Seq Scan on title t  (cost=0.00..67604.59 rows=1135910 width=4) (actual time=0.022..1311.657 rows=1133355 loops=1)
              Filter: (production_year < 2002)
              Rows Removed by Filter: 1394957
Planning time: 0.831 ms
Execution time: 2850.806 ms
