Hash Join  (cost=68973.60..425163.47 rows=26722 width=0) (actual time=4215.708..5975.681 rows=5573 loops=1)
  Hash Cond: (mi.movie_id = t.id)
  ->  Seq Scan on movie_info mi  (cost=0.00..346232.03 rows=809768 width=4) (actual time=3180.917..4797.529 rows=802140 loops=1)
        Filter: (info_type_id < 2)
        Rows Removed by Filter: 14033580
  ->  Hash  (cost=67604.59..67604.59 rows=83441 width=4) (actual time=886.035..886.035 rows=81647 loops=1)
        Buckets: 131072  Batches: 2  Memory Usage: 2461kB
        ->  Seq Scan on title t  (cost=0.00..67604.59 rows=83441 width=4) (actual time=45.328..798.549 rows=81647 loops=1)
              Filter: (production_year < 1919)
              Rows Removed by Filter: 2446665
Planning time: 0.780 ms
Execution time: 5976.610 ms
