Hash Join  (cost=87146.10..122177.69 rows=144718 width=0) (actual time=2336.432..3207.540 rows=71725 loops=1)
  Hash Cond: (mi_idx.movie_id = t.id)
  ->  Seq Scan on movie_info_idx mi_idx  (cost=0.00..25185.44 rows=454124 width=4) (actual time=0.021..496.637 rows=459925 loops=1)
        Filter: (info_type_id = 100)
        Rows Removed by Filter: 920110
  ->  Hash  (cost=73925.90..73925.90 rows=805776 width=4) (actual time=2335.486..2335.486 rows=881945 loops=1)
        Buckets: 131072  Batches: 16  Memory Usage: 2970kB
        ->  Seq Scan on title t  (cost=0.00..73925.90 rows=805776 width=4) (actual time=0.016..1341.641 rows=881945 loops=1)
              Filter: ((production_year > 2001) AND (kind_id = 7))
              Rows Removed by Filter: 1646367
Planning time: 0.767 ms
Execution time: 3215.667 ms
