Hash Join  (cost=94319.29..481571.58 rows=1078845 width=0) (actual time=3487.756..8788.657 rows=385764 loops=1)
  Hash Cond: (mi.movie_id = t.id)
  ->  Seq Scan on movie_info mi  (cost=0.00..346232.03 rows=2194617 width=4) (actual time=1634.013..5560.819 rows=2233850 loops=1)
        Filter: (info_type_id > 16)
        Rows Removed by Filter: 12601870
  ->  Hash  (cost=73925.90..73925.90 rows=1242991 width=4) (actual time=1852.726..1852.726 rows=1363976 loops=1)
        Buckets: 131072  Batches: 32  Memory Usage: 2538kB
        ->  Seq Scan on title t  (cost=0.00..73925.90 rows=1242991 width=4) (actual time=0.027..1409.118 rows=1363976 loops=1)
              Filter: ((kind_id > 2) AND (production_year > 1989))
              Rows Removed by Filter: 1164336
Planning time: 0.830 ms
Execution time: 8834.830 ms
