Hash Join  (cost=125339.09..1031831.04 rows=752633 width=0) (actual time=12659.228..20461.380 rows=932396 loops=1)
  Hash Cond: (ci.movie_id = t.id)
  ->  Seq Scan on cast_info ci  (cost=0.00..796071.18 rows=8825986 width=4) (actual time=10046.164..15710.950 rows=4349475 loops=1)
        Filter: ((person_id < 2712519) AND (role_id > 3))
        Rows Removed by Filter: 31894869
  ->  Hash  (cost=121800.85..121800.85 rows=215619 width=8) (actual time=2612.165..2612.165 rows=275110 loops=1)
        Buckets: 131072  Batches: 4  Memory Usage: 3701kB
        ->  Hash Join  (cost=80408.18..121800.85 rows=215619 width=8) (actual time=1391.983..2536.594 rows=275110 loops=1)
              Hash Cond: (mi_idx.movie_id = t.id)
              ->  Seq Scan on movie_info_idx mi_idx  (cost=0.00..21735.35 rows=1380035 width=4) (actual time=0.030..490.222 rows=1380035 loops=1)
              ->  Hash  (cost=73925.90..73925.90 rows=395062 width=4) (actual time=1385.053..1385.053 rows=335993 loops=1)
                    Buckets: 131072  Batches: 8  Memory Usage: 2492kB
                    ->  Seq Scan on title t  (cost=0.00..73925.90 rows=395062 width=4) (actual time=0.014..1109.956 rows=335993 loops=1)
                          Filter: ((kind_id < 7) AND (production_year > 2005))
                          Rows Removed by Filter: 2192319
Planning time: 1.163 ms
Execution time: 20584.468 ms
