Seq Scan on movie_companies mc  (cost=0.00..57926.93 rows=168278 width=0) (actual time=163.151..957.386 rows=333374 loops=1)
  Filter: ((company_id > 90226) AND (company_type_id = 2))
  Rows Removed by Filter: 2275755
Planning time: 0.341 ms
Execution time: 998.846 ms
