Hash Join  (cost=166811.23..221961.75 rows=48499 width=0) (actual time=2997.668..4485.588 rows=499307 loops=1)
  Hash Cond: (mc.movie_id = t.id)
  ->  Seq Scan on movie_companies mc  (cost=0.00..44881.29 rows=2609129 width=4) (actual time=0.019..700.635 rows=2609129 loops=1)
  ->  Hash  (cost=166223.72..166223.72 rows=47001 width=8) (actual time=2995.260..2995.260 rows=53480 loops=1)
        Buckets: 65536  Batches: 1  Memory Usage: 2602kB
        ->  Hash Join  (cost=77354.40..166223.72 rows=47001 width=8) (actual time=1293.913..2976.820 rows=53480 loops=1)
              Hash Cond: (mk.movie_id = t.id)
              ->  Seq Scan on movie_keyword mk  (cost=0.00..81003.12 rows=568848 width=4) (actual time=0.043..1414.856 rows=565930 loops=1)
                    Filter: (keyword_id > 32469)
                    Rows Removed by Filter: 3958000
              ->  Hash  (cost=73925.90..73925.90 rows=208920 width=4) (actual time=1292.435..1292.435 rows=183835 loops=1)
                    Buckets: 131072  Batches: 4  Memory Usage: 2655kB
                    ->  Seq Scan on title t  (cost=0.00..73925.90 rows=208920 width=4) (actual time=0.023..1229.055 rows=183835 loops=1)
                          Filter: ((kind_id < 7) AND (production_year > 2009))
                          Rows Removed by Filter: 2344477
Planning time: 1.462 ms
Execution time: 4548.462 ms
