Seq Scan on movie_keyword mk  (cost=0.00..81003.12 rows=3132999 width=0) (actual time=0.015..1510.023 rows=3117280 loops=1)
  Filter: (keyword_id < 11901)
  Rows Removed by Filter: 1406650
Planning time: 0.326 ms
Execution time: 1900.700 ms
