Seq Scan on cast_info ci  (cost=0.00..705507.15 rows=500 width=0) (actual time=10.835..11094.665 rows=408 loops=1)
  Filter: (person_id = 2422220)
  Rows Removed by Filter: 36243936
Planning time: 0.379 ms
Execution time: 11095.357 ms
