Hash Join  (cost=95454.94..833439.62 rows=69389 width=0) (actual time=5164.403..13650.795 rows=5814 loops=1)
  Hash Cond: (ci.movie_id = t.id)
  ->  Seq Scan on cast_info ci  (cost=0.00..705507.15 rows=8475633 width=4) (actual time=3814.640..10677.575 rows=8453788 loops=1)
        Filter: (person_id > 2840270)
        Rows Removed by Filter: 27790556
  ->  Hash  (cost=95196.18..95196.18 rows=20701 width=8) (actual time=1331.415..1331.415 rows=10662 loops=1)
        Buckets: 32768  Batches: 1  Memory Usage: 673kB
        ->  Hash Join  (cost=68078.69..95196.18 rows=20701 width=8) (actual time=824.497..1327.626 rows=10662 loops=1)
              Hash Cond: (mi_idx.movie_id = t.id)
              ->  Seq Scan on movie_info_idx mi_idx  (cost=0.00..21735.35 rows=1380035 width=4) (actual time=0.014..287.670 rows=1380035 loops=1)
              ->  Hash  (cost=67604.59..67604.59 rows=37928 width=4) (actual time=732.503..732.503 rows=35050 loops=1)
                    Buckets: 65536  Batches: 1  Memory Usage: 1745kB
                    ->  Seq Scan on title t  (cost=0.00..67604.59 rows=37928 width=4) (actual time=47.817..720.692 rows=35050 loops=1)
                          Filter: (production_year < 1912)
                          Rows Removed by Filter: 2493262
Planning time: 1.253 ms
Execution time: 13652.055 ms
