Hash Join  (cost=120672.95..246211.29 rows=290230 width=0) (actual time=2477.614..5951.770 rows=715991 loops=1)
  Hash Cond: (mk.movie_id = t.id)
  ->  Seq Scan on movie_keyword mk  (cost=0.00..69693.30 rows=4523930 width=4) (actual time=0.023..1566.723 rows=4523930 loops=1)
  ->  Hash  (cost=118011.25..118011.25 rows=162216 width=8) (actual time=2475.915..2475.915 rows=123044 loops=1)
        Buckets: 131072  Batches: 4  Memory Usage: 2225kB
        ->  Hash Join  (cost=82423.69..118011.25 rows=162216 width=8) (actual time=1488.953..2430.374 rows=123044 loops=1)
              Hash Cond: (mi_idx.movie_id = t.id)
              ->  Seq Scan on movie_info_idx mi_idx  (cost=0.00..25185.44 rows=454124 width=4) (actual time=0.025..495.245 rows=459925 loops=1)
                    Filter: (info_type_id = 100)
                    Rows Removed by Filter: 920110
              ->  Hash  (cost=67604.59..67604.59 rows=903208 width=4) (actual time=1487.736..1487.736 rows=904491 loops=1)
                    Buckets: 131072  Batches: 16  Memory Usage: 3010kB
                    ->  Seq Scan on title t  (cost=0.00..67604.59 rows=903208 width=4) (actual time=0.022..1198.102 rows=904491 loops=1)
                          Filter: (production_year > 2006)
                          Rows Removed by Filter: 1623821
Planning time: 1.160 ms
Execution time: 6046.855 ms
