Hash Join  (cost=195082.82..712484.42 rows=3523367 width=0) (actual time=3947.870..17959.521 rows=4659527 loops=1)
  Hash Cond: (mi.movie_id = t.id)
  ->  Seq Scan on movie_info mi  (cost=0.00..309384.22 rows=14739122 width=4) (actual time=0.003..6290.303 rows=14835720 loops=1)
  ->  Hash  (cost=185165.30..185165.30 rows=604441 width=8) (actual time=3947.166..3947.166 rows=354974 loops=1)
        Buckets: 131072  Batches: 8  Memory Usage: 2767kB
        ->  Hash Join  (cost=103698.42..185165.30 rows=604441 width=8) (actual time=2241.321..3852.978 rows=354974 loops=1)
              Hash Cond: (mc.movie_id = t.id)
              ->  Seq Scan on movie_companies mc  (cost=0.00..57926.93 rows=694707 width=4) (actual time=0.027..950.508 rows=439709 loops=1)
                    Filter: ((company_id < 11572) AND (company_type_id = 2))
                    Rows Removed by Filter: 2169420
              ->  Hash  (cost=67604.59..67604.59 rows=2199987 width=4) (actual time=2239.892..2239.892 rows=2192624 loops=1)
                    Buckets: 131072  Batches: 32  Memory Usage: 3436kB
                    ->  Seq Scan on title t  (cost=0.00..67604.59 rows=2199987 width=4) (actual time=0.028..1535.612 rows=2192624 loops=1)
                          Filter: (production_year > 1961)
                          Rows Removed by Filter: 335688
Planning time: 1.312 ms
Execution time: 18458.136 ms
