Hash Join  (cost=1076101.24..2036309.98 rows=34163418 width=0) (actual time=22434.986..64826.401 rows=95202023 loops=1)
  Hash Cond: (mi.movie_id = t.id)
  ->  Seq Scan on movie_info mi  (cost=0.00..346232.03 rows=13929354 width=4) (actual time=0.018..8011.664 rows=14033580 loops=1)
        Filter: (info_type_id > 1)
        Rows Removed by Filter: 802140
  ->  Hash  (cost=974357.27..974357.27 rows=6201517 width=8) (actual time=22431.850..22431.850 rows=6007813 loops=1)
        Buckets: 131072  Batches: 128  Memory Usage: 2912kB
        ->  Hash Join  (cost=101489.21..974357.27 rows=6201517 width=8) (actual time=6884.839..20541.432 rows=6007813 loops=1)
              Hash Cond: (ci.movie_id = t.id)
              ->  Seq Scan on cast_info ci  (cost=0.00..705507.15 rows=7592348 width=4) (actual time=4882.150..12545.491 rows=7633314 loops=1)
                    Filter: (person_id > 2912054)
                    Rows Removed by Filter: 28611030
              ->  Hash  (cost=67604.59..67604.59 rows=2065330 width=4) (actual time=2001.563..2001.563 rows=2064552 loops=1)
                    Buckets: 131072  Batches: 32  Memory Usage: 3289kB
                    ->  Seq Scan on title t  (cost=0.00..67604.59 rows=2065330 width=4) (actual time=0.021..1337.959 rows=2064552 loops=1)
                          Filter: (production_year < 2011)
                          Rows Removed by Filter: 463760
Planning time: 1.207 ms
Execution time: 75834.302 ms
