Hash Join  (cost=96021.49..134253.90 rows=245530 width=0) (actual time=2058.066..3063.623 rows=180553 loops=1)
  Hash Cond: (mi_idx.movie_id = t.id)
  ->  Seq Scan on movie_info_idx mi_idx  (cost=0.00..25185.44 rows=460978 width=4) (actual time=0.014..496.416 rows=459925 loops=1)
        Filter: (info_type_id < 100)
        Rows Removed by Filter: 920110
  ->  Hash  (cost=73925.90..73925.90 rows=1346767 width=4) (actual time=2056.722..2056.722 rows=1325688 loops=1)
        Buckets: 131072  Batches: 32  Memory Usage: 2479kB
        ->  Seq Scan on title t  (cost=0.00..73925.90 rows=1346767 width=4) (actual time=0.018..1615.297 rows=1325688 loops=1)
              Filter: ((kind_id > 2) AND (production_year < 2010))
              Rows Removed by Filter: 1202624
Planning time: 0.762 ms
Execution time: 3086.733 ms
