Hash Join  (cost=213965.43..741906.57 rows=2784532 width=0) (actual time=5162.657..28607.335 rows=55673533 loops=1)
  Hash Cond: (mi.movie_id = t.id)
  ->  Seq Scan on movie_info mi  (cost=0.00..309384.22 rows=14739122 width=4) (actual time=0.019..5933.257 rows=14835720 loops=1)
  ->  Hash  (cost=206128.28..206128.28 rows=477692 width=8) (actual time=4907.074..4907.074 rows=682355 loops=1)
        Buckets: 131072 (originally 131072)  Batches: 16 (originally 8)  Memory Usage: 3073kB
        ->  Hash Join  (cost=78306.32..206128.28 rows=477692 width=8) (actual time=1873.502..4695.188 rows=682355 loops=1)
              Hash Cond: (mk.movie_id = t.id)
              ->  Seq Scan on movie_keyword mk  (cost=0.00..69693.30 rows=4523930 width=4) (actual time=0.020..1474.686 rows=4523930 loops=1)
              ->  Hash  (cost=73925.90..73925.90 rows=266993 width=4) (actual time=1378.670..1378.670 rows=216282 loops=1)
                    Buckets: 131072  Batches: 4  Memory Usage: 2935kB
                    ->  Seq Scan on title t  (cost=0.00..73925.90 rows=266993 width=4) (actual time=54.959..1300.011 rows=216282 loops=1)
                          Filter: ((production_year > 2005) AND (kind_id = 1))
                          Rows Removed by Filter: 2312030
Planning time: 5.881 ms
Execution time: 34408.005 ms
