Nested Loop  (cost=0.43..709673.15 rows=195 width=0) (actual time=624.244..11338.543 rows=3 loops=1)
  ->  Seq Scan on cast_info ci  (cost=0.00..705507.15 rows=500 width=4) (actual time=614.053..11327.824 rows=326 loops=1)
        Filter: (person_id = 1038541)
        Rows Removed by Filter: 36244018
  ->  Index Scan using title_pkey on title t  (cost=0.43..8.32 rows=1 width=4) (actual time=0.032..0.032 rows=0 loops=326)
        Index Cond: (id = ci.movie_id)
        Filter: (kind_id < 7)
        Rows Removed by Filter: 1
Planning time: 0.796 ms
Execution time: 11338.672 ms
