Hash Join  (cost=101661.22..186081.49 rows=6424 width=0) (actual time=1870.039..3323.051 rows=58775 loops=1)
  Hash Cond: (mk.movie_id = t.id)
  ->  Seq Scan on movie_keyword mk  (cost=0.00..81003.12 rows=894109 width=4) (actual time=0.020..1298.281 rows=897896 loops=1)
        Filter: (keyword_id > 20556)
        Rows Removed by Filter: 3626034
  ->  Hash  (cost=101434.13..101434.13 rows=18167 width=8) (actual time=1869.802..1869.802 rows=35988 loops=1)
        Buckets: 65536 (originally 32768)  Batches: 1 (originally 1)  Memory Usage: 1918kB
        ->  Hash Join  (cost=74341.98..101434.13 rows=18167 width=8) (actual time=1245.267..1858.510 rows=35988 loops=1)
              Hash Cond: (mi_idx.movie_id = t.id)
              ->  Seq Scan on movie_info_idx mi_idx  (cost=0.00..21735.35 rows=1380035 width=4) (actual time=0.023..316.331 rows=1380035 loops=1)
              ->  Hash  (cost=73925.90..73925.90 rows=33286 width=4) (actual time=1244.858..1244.858 rows=28113 loops=1)
                    Buckets: 65536  Batches: 1  Memory Usage: 1501kB
                    ->  Seq Scan on title t  (cost=0.00..73925.90 rows=33286 width=4) (actual time=0.023..1233.146 rows=28113 loops=1)
                          Filter: ((kind_id < 7) AND (production_year = 2004))
                          Rows Removed by Filter: 2500199
Planning time: 1.166 ms
Execution time: 3330.284 ms
