Hash Join  (cost=330383.46..1057184.85 rows=19694865 width=0) (actual time=7668.296..61791.948 rows=174926351 loops=1)
  Hash Cond: (mi.movie_id = t.id)
  ->  Seq Scan on movie_info mi  (cost=0.00..309384.22 rows=14739122 width=4) (actual time=0.022..6208.721 rows=14835720 loops=1)
  ->  Hash  (cost=274950.78..274950.78 rows=3378695 width=8) (actual time=7666.990..7666.990 rows=3362793 loops=1)
        Buckets: 131072  Batches: 64  Memory Usage: 3179kB
        ->  Hash Join  (cost=102767.86..274950.78 rows=3378695 width=8) (actual time=1871.953..6624.189 rows=3362793 loops=1)
              Hash Cond: (mk.movie_id = t.id)
              ->  Seq Scan on movie_keyword mk  (cost=0.00..81003.12 rows=3378695 width=4) (actual time=0.019..1690.672 rows=3362793 loops=1)
                    Filter: (keyword_id < 16131)
                    Rows Removed by Filter: 1161137
              ->  Hash  (cost=61283.27..61283.27 rows=2528527 width=4) (actual time=1869.318..1869.318 rows=2528312 loops=1)
                    Buckets: 131072  Batches: 64  Memory Usage: 2425kB
                    ->  Seq Scan on title t  (cost=0.00..61283.27 rows=2528527 width=4) (actual time=0.016..1024.023 rows=2528312 loops=1)
Planning time: 1.211 ms
Execution time: 81174.623 ms
