Hash Join  (cost=154938.49..539354.41 rows=133609 width=0) (actual time=3016.732..12414.018 rows=1863977 loops=1)
  Hash Cond: (mi.movie_id = t.id)
  ->  Seq Scan on movie_info mi  (cost=0.00..309384.22 rows=14739122 width=4) (actual time=0.014..3717.707 rows=14835720 loops=1)
  ->  Hash  (cost=154651.97..154651.97 rows=22921 width=8) (actual time=3016.185..3016.185 rows=85218 loops=1)
        Buckets: 131072 (originally 32768)  Batches: 2 (originally 1)  Memory Usage: 3073kB
        ->  Hash Join  (cost=67764.72..154651.97 rows=22921 width=8) (actual time=973.796..2661.033 rows=85218 loops=1)
              Hash Cond: (mk.movie_id = t.id)
              ->  Seq Scan on movie_keyword mk  (cost=0.00..69693.30 rows=4523930 width=4) (actual time=0.022..839.772 rows=4523930 loops=1)
              ->  Hash  (cost=67604.59..67604.59 rows=12811 width=4) (actual time=973.394..973.394 rows=12600 loops=1)
                    Buckets: 16384  Batches: 1  Memory Usage: 571kB
                    ->  Seq Scan on title t  (cost=0.00..67604.59 rows=12811 width=4) (actual time=0.018..968.223 rows=12600 loops=1)
                          Filter: (kind_id = 6)
                          Rows Removed by Filter: 2515712
Planning time: 1.245 ms
Execution time: 12618.721 ms
