Hash Join  (cost=211563.32..720485.61 rows=1002042 width=0) (actual time=4574.044..16540.849 rows=210339 loops=1)
  Hash Cond: (mi.movie_id = t.id)
  ->  Seq Scan on movie_info mi  (cost=0.00..309384.22 rows=14739122 width=4) (actual time=0.012..6063.142 rows=14835720 loops=1)
  ->  Hash  (cost=208742.54..208742.54 rows=171903 width=8) (actual time=4572.427..4572.427 rows=30065 loops=1)
        Buckets: 131072  Batches: 4  Memory Usage: 1316kB
        ->  Hash Join  (cost=75574.02..208742.54 rows=171903 width=8) (actual time=3393.431..4562.702 rows=30065 loops=1)
              Hash Cond: (mk.movie_id = t.id)
              ->  Seq Scan on movie_keyword mk  (cost=0.00..81003.12 rows=4328897 width=4) (actual time=0.017..1937.521 rows=4315625 loops=1)
                    Filter: (keyword_id > 137)
                    Rows Removed by Filter: 208305
              ->  Hash  (cost=73925.90..73925.90 rows=100409 width=4) (actual time=1350.145..1350.145 rows=110402 loops=1)
                    Buckets: 131072  Batches: 2  Memory Usage: 2970kB
                    ->  Seq Scan on title t  (cost=0.00..73925.90 rows=100409 width=4) (actual time=0.014..1308.113 rows=110402 loops=1)
                          Filter: ((kind_id = 7) AND (production_year = 2012))
                          Rows Removed by Filter: 2417910
Planning time: 1.255 ms
Execution time: 16567.034 ms
