Seq Scan on cast_info ci  (cost=0.00..705507.15 rows=24964228 width=0) (actual time=0.115..11079.455 rows=24988846 loops=1)
  Filter: (person_id < 2575677)
  Rows Removed by Filter: 11255498
Planning time: 0.327 ms
Execution time: 13911.238 ms
