Hash Join  (cost=78183.26..162405.06 rows=665327 width=0) (actual time=1436.041..4003.566 rows=1004592 loops=1)
  Hash Cond: (mc.movie_id = t.id)
  ->  Seq Scan on movie_companies mc  (cost=0.00..44881.29 rows=2609129 width=4) (actual time=0.022..893.213 rows=2609129 loops=1)
  ->  Hash  (cost=67604.59..67604.59 rows=644774 width=4) (actual time=1435.225..1435.225 rows=642973 loops=1)
        Buckets: 131072  Batches: 16  Memory Usage: 2432kB
        ->  Seq Scan on title t  (cost=0.00..67604.59 rows=644774 width=4) (actual time=0.023..1229.549 rows=642973 loops=1)
              Filter: (production_year < 1988)
              Rows Removed by Filter: 1885339
Planning time: 0.792 ms
Execution time: 4125.149 ms
