Seq Scan on movie_companies mc  (cost=0.00..57926.93 rows=51 width=0) (actual time=179.613..829.006 rows=47 loops=1)
  Filter: ((company_id = 14888) AND (company_type_id = 1))
  Rows Removed by Filter: 2609082
Planning time: 0.383 ms
Execution time: 829.130 ms
