Seq Scan on movie_keyword mk  (cost=0.00..81003.12 rows=246 width=0) (actual time=2.392..1149.694 rows=718 loops=1)
  Filter: (keyword_id = 1880)
  Rows Removed by Filter: 4523212
Planning time: 0.355 ms
Execution time: 1150.060 ms
