Hash Join  (cost=189835.46..1317412.76 rows=9128513 width=0) (actual time=4424.161..40449.359 rows=16626565 loops=1)
  Hash Cond: (ci.movie_id = t.id)
  ->  Seq Scan on cast_info ci  (cost=0.00..614943.12 rows=36225612 width=4) (actual time=0.018..13225.960 rows=36244344 loops=1)
  ->  Hash  (cost=179381.90..179381.90 rows=637165 width=8) (actual time=4423.322..4423.322 rows=641906 loops=1)
        Buckets: 131072  Batches: 16  Memory Usage: 2600kB
        ->  Hash Join  (cost=102767.86..179381.90 rows=637165 width=8) (actual time=2444.845..4238.406 rows=641906 loops=1)
              Hash Cond: (mc.movie_id = t.id)
              ->  Seq Scan on movie_companies mc  (cost=0.00..51404.11 rows=637165 width=4) (actual time=120.289..960.752 rows=641906 loops=1)
                    Filter: (company_id > 56642)
                    Rows Removed by Filter: 1967223
              ->  Hash  (cost=61283.27..61283.27 rows=2528527 width=4) (actual time=2323.701..2323.701 rows=2528312 loops=1)
                    Buckets: 131072  Batches: 64  Memory Usage: 2415kB
                    ->  Seq Scan on title t  (cost=0.00..61283.27 rows=2528527 width=4) (actual time=0.023..1034.309 rows=2528312 loops=1)
Planning time: 1.155 ms
Execution time: 42207.452 ms
