Hash Join  (cost=80874.21..223801.89 rows=1273367 width=0) (actual time=1542.143..5496.351 rows=1758087 loops=1)
  Hash Cond: (mk.movie_id = t.id)
  ->  Seq Scan on movie_keyword mk  (cost=0.00..81003.12 rows=3981036 width=4) (actual time=0.016..1777.507 rows=3980772 loops=1)
        Filter: (keyword_id > 385)
        Rows Removed by Filter: 543158
  ->  Hash  (cost=67604.59..67604.59 rows=808770 width=4) (actual time=1540.611..1540.611 rows=812704 loops=1)
        Buckets: 131072  Batches: 16  Memory Usage: 2819kB
        ->  Seq Scan on title t  (cost=0.00..67604.59 rows=808770 width=4) (actual time=0.022..1263.703 rows=812704 loops=1)
              Filter: (production_year < 1995)
              Rows Removed by Filter: 1715608
Planning time: 0.844 ms
Execution time: 5672.522 ms
