Hash Join  (cost=74823.85..435675.29 rows=102957 width=0) (actual time=4358.678..7700.574 rows=181760 loops=1)
  Hash Cond: (mi.movie_id = t.id)
  ->  Seq Scan on movie_info mi  (cost=0.00..346232.03 rows=3623957 width=4) (actual time=2914.320..5498.734 rows=3624977 loops=1)
        Filter: (info_type_id < 4)
        Rows Removed by Filter: 11210743
  ->  Hash  (cost=73925.90..73925.90 rows=71836 width=4) (actual time=1157.550..1157.550 rows=65261 loops=1)
        Buckets: 131072  Batches: 1  Memory Usage: 3319kB
        ->  Seq Scan on title t  (cost=0.00..73925.90 rows=71836 width=4) (actual time=0.040..1132.114 rows=65261 loops=1)
              Filter: ((production_year > 1989) AND (kind_id = 3))
              Rows Removed by Filter: 2463051
Planning time: 0.810 ms
Execution time: 7724.153 ms
