Seq Scan on cast_info ci  (cost=0.00..705507.15 rows=6702714 width=0) (actual time=0.029..11289.751 rows=6785899 loops=1)
  Filter: (person_id > 2983343)
  Rows Removed by Filter: 29458445
Planning time: 0.372 ms
Execution time: 12137.971 ms
