Hash Join  (cost=102767.86..184933.98 rows=596750 width=0) (actual time=1887.151..4086.591 rows=877933 loops=1)
  Hash Cond: (mc.movie_id = t.id)
  ->  Seq Scan on movie_companies mc  (cost=0.00..57926.93 rows=596750 width=4) (actual time=0.062..1043.945 rows=877933 loops=1)
        Filter: ((company_id > 12640) AND (company_type_id > 1))
        Rows Removed by Filter: 1731196
  ->  Hash  (cost=61283.27..61283.27 rows=2528527 width=4) (actual time=1886.198..1886.198 rows=2528312 loops=1)
        Buckets: 131072  Batches: 64  Memory Usage: 2415kB
        ->  Seq Scan on title t  (cost=0.00..61283.27 rows=2528527 width=4) (actual time=0.016..1030.752 rows=2528312 loops=1)
Planning time: 0.814 ms
Execution time: 4192.615 ms
