Hash Join  (cost=83073.49..447735.01 rows=560 width=0) (actual time=1261.632..8389.212 rows=5604 loops=1)
  Hash Cond: (mi.movie_id = t.id)
  ->  Seq Scan on movie_info mi  (cost=0.00..309384.22 rows=14739122 width=4) (actual time=0.010..4425.577 rows=14835720 loops=1)
  ->  Hash  (cost=83072.29..83072.29 rows=96 width=8) (actual time=1259.763..1259.763 rows=58 loops=1)
        Buckets: 1024  Batches: 1  Memory Usage: 11kB
        ->  Nested Loop  (cost=0.43..83072.29 rows=96 width=8) (actual time=87.413..1259.661 rows=58 loops=1)
              ->  Seq Scan on movie_keyword mk  (cost=0.00..81003.12 rows=246 width=4) (actual time=87.355..1256.686 rows=73 loops=1)
                    Filter: (keyword_id = 9086)
                    Rows Removed by Filter: 4523857
              ->  Index Scan using title_pkey on title t  (cost=0.43..8.40 rows=1 width=4) (actual time=0.036..0.036 rows=1 loops=73)
                    Index Cond: (id = mk.movie_id)
                    Filter: (kind_id < 7)
                    Rows Removed by Filter: 0
Planning time: 1.182 ms
Execution time: 8390.443 ms
