Hash Join  (cost=94699.36..182264.30 rows=2797 width=0) (actual time=1358.260..3082.588 rows=35026 loops=1)
  Hash Cond: (mk.movie_id = t.id)
  ->  Seq Scan on movie_keyword mk  (cost=0.00..81003.12 rows=1742358 width=4) (actual time=0.010..1427.121 rows=1751800 loops=1)
        Filter: (keyword_id < 2860)
        Rows Removed by Filter: 2772130
  ->  Hash  (cost=94648.62..94648.62 rows=4059 width=8) (actual time=1358.136..1358.136 rows=9615 loops=1)
        Buckets: 16384 (originally 4096)  Batches: 1 (originally 1)  Memory Usage: 504kB
        ->  Hash Join  (cost=67697.55..94648.62 rows=4059 width=8) (actual time=830.885..1354.691 rows=9615 loops=1)
              Hash Cond: (mi_idx.movie_id = t.id)
              ->  Seq Scan on movie_info_idx mi_idx  (cost=0.00..21735.35 rows=1380035 width=4) (actual time=0.012..262.213 rows=1380035 loops=1)
              ->  Hash  (cost=67604.59..67604.59 rows=7437 width=4) (actual time=830.785..830.785 rows=14284 loops=1)
                    Buckets: 16384 (originally 8192)  Batches: 1 (originally 1)  Memory Usage: 631kB
                    ->  Seq Scan on title t  (cost=0.00..67604.59 rows=7437 width=4) (actual time=0.138..824.262 rows=14284 loops=1)
                          Filter: (production_year = 1973)
                          Rows Removed by Filter: 2514028
Planning time: 1.165 ms
Execution time: 3087.409 ms
