Seq Scan on movie_companies mc  (cost=0.00..57926.93 rows=934752 width=0) (actual time=385.340..1011.371 rows=618756 loops=1)
  Filter: ((company_id < 32642) AND (company_type_id = 2))
  Rows Removed by Filter: 1990373
Planning time: 1.193 ms
Execution time: 1089.253 ms
