Hash Join  (cost=916068.61..955462.35 rows=99126 width=0) (actual time=15928.394..17031.418 rows=326417 loops=1)
  Hash Cond: (mi_idx.movie_id = t.id)
  ->  Seq Scan on movie_info_idx mi_idx  (cost=0.00..21735.35 rows=1380035 width=4) (actual time=0.027..425.910 rows=1380035 loops=1)
  ->  Hash  (cost=913088.36..913088.36 rows=181620 width=8) (actual time=15927.442..15927.442 rows=247851 loops=1)
        Buckets: 131072  Batches: 4  Memory Usage: 3444kB
        ->  Hash Join  (cost=102767.86..913088.36 rows=181620 width=8) (actual time=14722.335..15852.766 rows=247851 loops=1)
              Hash Cond: (ci.movie_id = t.id)
              ->  Seq Scan on cast_info ci  (cost=0.00..796071.18 rows=181620 width=4) (actual time=12956.346..13484.412 rows=247851 loops=1)
                    Filter: ((person_id > 1711317) AND (role_id > 10))
                    Rows Removed by Filter: 35996493
              ->  Hash  (cost=61283.27..61283.27 rows=2528527 width=4) (actual time=1764.878..1764.878 rows=2528312 loops=1)
                    Buckets: 131072  Batches: 64  Memory Usage: 2415kB
                    ->  Seq Scan on title t  (cost=0.00..61283.27 rows=2528527 width=4) (actual time=0.018..967.421 rows=2528312 loops=1)
Planning time: 1.276 ms
Execution time: 17075.690 ms
