Hash Join  (cost=58375.90..829115.69 rows=323 width=0) (actual time=1020.064..15789.333 rows=119 loops=1)
  Hash Cond: (ci.movie_id = t.id)
  ->  Seq Scan on cast_info ci  (cost=0.00..705507.15 rows=17394510 width=4) (actual time=0.014..12001.918 rows=17524552 loops=1)
        Filter: (person_id > 1865774)
        Rows Removed by Filter: 18719792
  ->  Hash  (cost=58375.31..58375.31 rows=47 width=8) (actual time=934.888..934.888 rows=3 loops=1)
        Buckets: 1024  Batches: 1  Memory Usage: 9kB
        ->  Nested Loop  (cost=0.43..58375.31 rows=47 width=8) (actual time=295.532..934.875 rows=3 loops=1)
              ->  Seq Scan on movie_companies mc  (cost=0.00..57926.93 rows=53 width=4) (actual time=295.487..934.701 rows=3 loops=1)
                    Filter: ((company_type_id > 1) AND (company_id = 645))
                    Rows Removed by Filter: 2609126
              ->  Index Scan using title_pkey on title t  (cost=0.43..8.45 rows=1 width=4) (actual time=0.050..0.051 rows=1 loops=3)
                    Index Cond: (id = mc.movie_id)
                    Filter: (production_year > 1957)
Planning time: 1.247 ms
Execution time: 15789.604 ms
