Seq Scan on title t  (cost=0.00..73925.90 rows=29218 width=0) (actual time=0.053..1195.857 rows=30850 loops=1)
  Filter: ((kind_id > 1) AND (production_year = 1995))
  Rows Removed by Filter: 2497462
Planning time: 0.362 ms
Execution time: 1201.706 ms
