Seq Scan on movie_companies mc  (cost=0.00..57926.93 rows=53 width=0) (actual time=63.369..823.408 rows=287 loops=1)
  Filter: ((company_id = 48654) AND (company_type_id = 2))
  Rows Removed by Filter: 2608842
Planning time: 0.395 ms
Execution time: 823.575 ms
