Hash Join  (cost=74730.49..948203.89 rows=492033 width=0) (actual time=1314.925..22547.763 rows=380036 loops=1)
  Hash Cond: (ci.movie_id = t.id)
  ->  Seq Scan on cast_info ci  (cost=0.00..796071.18 rows=19328503 width=4) (actual time=0.019..16031.139 rows=18526612 loops=1)
        Filter: ((person_id > 678322) AND (role_id < 4))
        Rows Removed by Filter: 17717732
  ->  Hash  (cost=73925.90..73925.90 rows=64367 width=4) (actual time=1314.355..1314.355 rows=53905 loops=1)
        Buckets: 65536  Batches: 1  Memory Usage: 2408kB
        ->  Seq Scan on title t  (cost=0.00..73925.90 rows=64367 width=4) (actual time=0.016..1293.564 rows=53905 loops=1)
              Filter: ((kind_id < 7) AND (production_year = 2012))
              Rows Removed by Filter: 2474407
Planning time: 0.838 ms
Execution time: 22603.082 ms
