Hash Join  (cost=94699.36..802473.23 rows=966 width=0) (actual time=1892.948..11996.725 rows=3705 loops=1)
  Hash Cond: (ci.movie_id = t.id)
  ->  Seq Scan on cast_info ci  (cost=0.00..705507.15 rows=601883 width=4) (actual time=574.547..10572.875 rows=499793 loops=1)
        Filter: (person_id < 55710)
        Rows Removed by Filter: 35744551
  ->  Hash  (cost=94648.62..94648.62 rows=4059 width=8) (actual time=1317.432..1317.432 rows=9240 loops=1)
        Buckets: 16384 (originally 4096)  Batches: 1 (originally 1)  Memory Usage: 489kB
        ->  Hash Join  (cost=67697.55..94648.62 rows=4059 width=8) (actual time=680.085..1313.804 rows=9240 loops=1)
              Hash Cond: (mi_idx.movie_id = t.id)
              ->  Seq Scan on movie_info_idx mi_idx  (cost=0.00..21735.35 rows=1380035 width=4) (actual time=0.024..313.875 rows=1380035 loops=1)
              ->  Hash  (cost=67604.59..67604.59 rows=7437 width=4) (actual time=679.853..679.853 rows=14235 loops=1)
                    Buckets: 16384 (originally 8192)  Batches: 1 (originally 1)  Memory Usage: 629kB
                    ->  Seq Scan on title t  (cost=0.00..67604.59 rows=7437 width=4) (actual time=0.028..674.128 rows=14235 loops=1)
                          Filter: (production_year = 1968)
                          Rows Removed by Filter: 2514077
Planning time: 1.197 ms
Execution time: 11997.611 ms
