Hash Join  (cost=77377.73..161260.28 rows=212503 width=0) (actual time=1179.462..4001.014 rows=649256 loops=1)
  Hash Cond: (mc.movie_id = t.id)
  ->  Seq Scan on movie_companies mc  (cost=0.00..51404.11 rows=2553976 width=4) (actual time=0.025..1060.175 rows=2555085 loops=1)
        Filter: (company_id < 188307)
        Rows Removed by Filter: 54044
  ->  Hash  (cost=73925.90..73925.90 rows=210386 width=4) (actual time=1178.766..1178.766 rows=320579 loops=1)
        Buckets: 131072  Batches: 4  Memory Usage: 3842kB
        ->  Seq Scan on title t  (cost=0.00..73925.90 rows=210386 width=4) (actual time=0.015..1079.805 rows=320579 loops=1)
              Filter: ((kind_id < 7) AND (production_year < 1982))
              Rows Removed by Filter: 2207733
Planning time: 0.869 ms
Execution time: 4082.958 ms
