Hash Join  (cost=132338.09..498086.59 rows=226596 width=0) (actual time=6427.153..8778.805 rows=502768 loops=1)
  Hash Cond: (mi.movie_id = t.id)
  ->  Seq Scan on movie_info mi  (cost=0.00..346232.03 rows=1348138 width=4) (actual time=3470.925..4987.302 rows=1298989 loops=1)
        Filter: (info_type_id = 4)
        Rows Removed by Filter: 13536731
  ->  Hash  (cost=125364.63..125364.63 rows=424997 width=8) (actual time=2955.031..2955.031 rows=524504 loops=1)
        Buckets: 131072  Batches: 8  Memory Usage: 3603kB
        ->  Hash Join  (cost=80380.17..125364.63 rows=424997 width=8) (actual time=1403.735..2786.672 rows=524504 loops=1)
              Hash Cond: (mi_idx.movie_id = t.id)
              ->  Seq Scan on movie_info_idx mi_idx  (cost=0.00..21735.35 rows=1380035 width=4) (actual time=0.020..465.956 rows=1380035 loops=1)
              ->  Hash  (cost=67604.59..67604.59 rows=778687 width=4) (actual time=1402.995..1402.995 rows=782677 loops=1)
                    Buckets: 131072  Batches: 16  Memory Usage: 2744kB
                    ->  Seq Scan on title t  (cost=0.00..67604.59 rows=778687 width=4) (actual time=0.034..1153.197 rows=782677 loops=1)
                          Filter: (production_year < 1994)
                          Rows Removed by Filter: 1745635
Planning time: 1.182 ms
Execution time: 8842.035 ms
