Seq Scan on cast_info ci  (cost=0.00..796071.18 rows=14288851 width=0) (actual time=796.907..15101.132 rows=17510614 loops=1)
  Filter: ((person_id < 2168028) AND (role_id < 4))
  Rows Removed by Filter: 18733730
Planning time: 0.245 ms
Execution time: 17140.805 ms
