Seq Scan on title t  (cost=0.00..73925.90 rows=1510167 width=0) (actual time=0.021..1327.943 rows=1490874 loops=1)
  Filter: ((kind_id > 4) AND (production_year > 0))
  Rows Removed by Filter: 1037438
Planning time: 0.339 ms
Execution time: 1518.530 ms
