Hash Join  (cost=798791.46..887378.79 rows=259 width=0) (actual time=13540.828..15122.537 rows=17 loops=1)
  Hash Cond: (mk.movie_id = t.id)
  ->  Seq Scan on movie_keyword mk  (cost=0.00..81003.12 rows=2021765 width=4) (actual time=0.038..1366.547 rows=2027533 loops=1)
        Filter: (keyword_id < 3636)
        Rows Removed by Filter: 2496397
  ->  Hash  (cost=798787.41..798787.41 rows=324 width=8) (actual time=13471.302..13471.302 rows=35 loops=1)
        Buckets: 1024  Batches: 1  Memory Usage: 10kB
        ->  Nested Loop  (cost=0.43..798787.41 rows=324 width=8) (actual time=3480.101..13471.271 rows=35 loops=1)
              ->  Seq Scan on cast_info ci  (cost=0.00..796071.18 rows=324 width=4) (actual time=3479.855..13468.631 rows=35 loops=1)
                    Filter: ((role_id > 1) AND (person_id = 2645579))
                    Rows Removed by Filter: 36244309
              ->  Index Only Scan using title_pkey on title t  (cost=0.43..8.37 rows=1 width=4) (actual time=0.069..0.070 rows=1 loops=35)
                    Index Cond: (id = ci.movie_id)
                    Heap Fetches: 35
Planning time: 1.181 ms
Execution time: 15122.658 ms
