Hash Join  (cost=158606.99..1288605.03 rows=2451309 width=0) (actual time=3722.457..33312.441 rows=3461039 loops=1)
  Hash Cond: (ci.movie_id = t.id)
  ->  Seq Scan on cast_info ci  (cost=0.00..796071.18 rows=26681539 width=4) (actual time=961.215..18387.491 rows=28748538 loops=1)
        Filter: ((person_id < 3083543) AND (role_id < 10))
        Rows Removed by Filter: 7495806
  ->  Hash  (cost=154795.20..154795.20 rows=232303 width=8) (actual time=2760.418..2760.418 rows=187970 loops=1)
        Buckets: 131072  Batches: 4  Memory Usage: 2861kB
        ->  Hash Join  (cost=83810.17..154795.20 rows=232303 width=8) (actual time=1339.188..2698.162 rows=187970 loops=1)
              Hash Cond: (mc.movie_id = t.id)
              ->  Seq Scan on movie_companies mc  (cost=0.00..57926.93 rows=594683 width=4) (actual time=0.058..934.106 rows=378890 loops=1)
                    Filter: ((company_id < 9548) AND (company_type_id = 2))
                    Rows Removed by Filter: 2230239
              ->  Hash  (cost=67604.59..67604.59 rows=987727 width=4) (actual time=1338.129..1338.129 rows=985048 loops=1)
                    Buckets: 131072  Batches: 16  Memory Usage: 3188kB
                    ->  Seq Scan on title t  (cost=0.00..67604.59 rows=987727 width=4) (actual time=0.020..1032.076 rows=985048 loops=1)
                          Filter: (kind_id < 7)
                          Rows Removed by Filter: 1543264
Planning time: 1.253 ms
Execution time: 33655.856 ms
