Hash Join  (cost=102767.86..302126.32 rows=4508144 width=0) (actual time=1927.726..7400.305 rows=4511124 loops=1)
  Hash Cond: (mk.movie_id = t.id)
  ->  Seq Scan on movie_keyword mk  (cost=0.00..81003.12 rows=4508144 width=4) (actual time=0.023..1794.212 rows=4511124 loops=1)
        Filter: (keyword_id < 122820)
        Rows Removed by Filter: 12806
  ->  Hash  (cost=61283.27..61283.27 rows=2528527 width=4) (actual time=1925.899..1925.899 rows=2528312 loops=1)
        Buckets: 131072  Batches: 64  Memory Usage: 2425kB
        ->  Seq Scan on title t  (cost=0.00..61283.27 rows=2528527 width=4) (actual time=0.026..1077.805 rows=2528312 loops=1)
Planning time: 0.684 ms
Execution time: 7903.494 ms
