Seq Scan on movie_keyword mk  (cost=0.00..81003.12 rows=246 width=0) (actual time=0.207..1149.600 rows=368 loops=1)
  Filter: (keyword_id = 7296)
  Rows Removed by Filter: 4523562
Planning time: 0.349 ms
Execution time: 1149.831 ms
