Hash Join  (cost=165156.42..529970.03 rows=15770 width=0) (actual time=3414.537..10603.577 rows=494391 loops=1)
  Hash Cond: (mi.movie_id = t.id)
  ->  Seq Scan on movie_info mi  (cost=0.00..309384.22 rows=14739122 width=4) (actual time=0.008..4127.045 rows=14835720 loops=1)
  ->  Hash  (cost=165122.61..165122.61 rows=2705 width=8) (actual time=3414.336..3414.336 rows=8684 loops=1)
        Buckets: 16384 (originally 4096)  Batches: 1 (originally 1)  Memory Usage: 468kB
        ->  Hash Join  (cost=73957.54..165122.61 rows=2705 width=8) (actual time=1305.964..3410.610 rows=8684 loops=1)
              Hash Cond: (mk.movie_id = t.id)
              ->  Seq Scan on movie_keyword mk  (cost=0.00..81003.12 rows=2702638 width=4) (actual time=0.022..1678.590 rows=2701175 loops=1)
                    Filter: (keyword_id < 7637)
                    Rows Removed by Filter: 1822755
              ->  Hash  (cost=73925.90..73925.90 rows=2531 width=4) (actual time=1303.588..1303.588 rows=3835 loops=1)
                    Buckets: 4096  Batches: 1  Memory Usage: 167kB
                    ->  Seq Scan on title t  (cost=0.00..73925.90 rows=2531 width=4) (actual time=0.147..1301.509 rows=3835 loops=1)
                          Filter: ((kind_id < 4) AND (production_year = 1959))
                          Rows Removed by Filter: 2524477
Planning time: 1.145 ms
Execution time: 10665.769 ms
