Seq Scan on cast_info ci  (cost=0.00..796071.18 rows=16505433 width=0) (actual time=0.022..14761.882 rows=12788079 loops=1)
  Filter: ((person_id < 2628524) AND (role_id > 1))
  Rows Removed by Filter: 23456265
Planning time: 0.862 ms
Execution time: 16376.711 ms
