Hash Join  (cost=74056.71..158608.48 rows=3873 width=0) (actual time=1327.773..2496.148 rows=21099 loops=1)
  Hash Cond: (mk.movie_id = t.id)
  ->  Seq Scan on movie_keyword mk  (cost=0.00..81003.12 rows=935979 width=4) (actual time=0.026..1217.394 rows=944961 loops=1)
        Filter: (keyword_id > 20090)
        Rows Removed by Filter: 3578969
  ->  Hash  (cost=73925.90..73925.90 rows=10464 width=4) (actual time=1105.522..1105.522 rows=11491 loops=1)
        Buckets: 16384  Batches: 1  Memory Usage: 532kB
        ->  Seq Scan on title t  (cost=0.00..73925.90 rows=10464 width=4) (actual time=258.719..1101.017 rows=11491 loops=1)
              Filter: ((production_year < 2011) AND (kind_id = 6))
              Rows Removed by Filter: 2516821
Planning time: 0.702 ms
Execution time: 2499.301 ms
