Hash Join  (cost=94973.51..192440.91 rows=1344134 width=0) (actual time=1644.602..4145.507 rows=575283 loops=1)
  Hash Cond: (mc.movie_id = t.id)
  ->  Seq Scan on movie_companies mc  (cost=0.00..51404.11 rows=2037389 width=4) (actual time=0.024..1031.546 rows=2037235 loops=1)
        Filter: (company_id > 599)
        Rows Removed by Filter: 571894
  ->  Hash  (cost=67604.59..67604.59 rows=1668154 width=4) (actual time=1643.339..1643.339 rows=1674098 loops=1)
        Buckets: 131072  Batches: 32  Memory Usage: 2869kB
        ->  Seq Scan on title t  (cost=0.00..67604.59 rows=1668154 width=4) (actual time=0.022..1120.139 rows=1674098 loops=1)
              Filter: (kind_id > 3)
              Rows Removed by Filter: 854214
Planning time: 0.718 ms
Execution time: 4218.597 ms
