Hash Join  (cost=133841.64..220530.97 rows=3129 width=0) (actual time=2244.044..3974.819 rows=38116 loops=1)
  Hash Cond: (mk.movie_id = t.id)
  ->  Seq Scan on movie_keyword mk  (cost=0.00..69693.30 rows=4523930 width=4) (actual time=0.012..890.230 rows=4523930 loops=1)
  ->  Hash  (cost=133819.78..133819.78 rows=1749 width=8) (actual time=2242.563..2242.563 rows=5465 loops=1)
        Buckets: 8192 (originally 2048)  Batches: 1 (originally 1)  Memory Usage: 278kB
        ->  Hash Join  (cost=73950.44..133819.78 rows=1749 width=8) (actual time=997.521..2239.832 rows=5465 loops=1)
              Hash Cond: (mc.movie_id = t.id)
              ->  Seq Scan on movie_companies mc  (cost=0.00..51404.11 rows=2252730 width=4) (actual time=0.028..891.673 rows=2258452 loops=1)
                    Filter: (company_id > 166)
                    Rows Removed by Filter: 350677
              ->  Hash  (cost=73925.90..73925.90 rows=1963 width=4) (actual time=986.592..986.592 rows=2915 loops=1)
                    Buckets: 4096 (originally 2048)  Batches: 1 (originally 1)  Memory Usage: 135kB
                    ->  Seq Scan on title t  (cost=0.00..73925.90 rows=1963 width=4) (actual time=321.612..985.246 rows=2915 loops=1)
                          Filter: ((kind_id < 2) AND (production_year = 1927))
                          Rows Removed by Filter: 2525397
Planning time: 1.152 ms
Execution time: 3980.313 ms
