Nested Loop  (cost=0.43..83071.67 rows=246 width=0) (actual time=26.671..1107.303 rows=95 loops=1)
  ->  Seq Scan on movie_keyword mk  (cost=0.00..81003.12 rows=246 width=4) (actual time=26.567..1103.898 rows=95 loops=1)
        Filter: (keyword_id = 20056)
        Rows Removed by Filter: 4523835
  ->  Index Only Scan using title_pkey on title t  (cost=0.43..8.40 rows=1 width=4) (actual time=0.032..0.033 rows=1 loops=95)
        Index Cond: (id = mk.movie_id)
        Heap Fetches: 95
Planning time: 0.813 ms
Execution time: 1107.430 ms
