Hash Join  (cost=160526.42..1017390.55 rows=3307677 width=0) (actual time=3926.331..21106.126 rows=4039179 loops=1)
  Hash Cond: (ci.movie_id = t.id)
  ->  Seq Scan on cast_info ci  (cost=0.00..705507.15 rows=9945393 width=4) (actual time=351.179..11188.964 rows=9742558 loops=1)
        Filter: (person_id < 957684)
        Rows Removed by Filter: 26501786
  ->  Hash  (cost=146729.58..146729.58 rows=840947 width=8) (actual time=3573.144..3573.144 rows=425718 loops=1)
        Buckets: 131072  Batches: 16  Memory Usage: 2062kB
        ->  Hash Join  (cost=92883.59..146729.58 rows=840947 width=8) (actual time=2453.921..3447.752 rows=425718 loops=1)
              Hash Cond: (mi_idx.movie_id = t.id)
              ->  Seq Scan on movie_info_idx mi_idx  (cost=0.00..21735.35 rows=1380035 width=4) (actual time=0.018..319.144 rows=1380035 loops=1)
              ->  Hash  (cost=67604.59..67604.59 rows=1540800 width=4) (actual time=2173.700..2173.700 rows=1543264 loops=1)
                    Buckets: 131072  Batches: 32  Memory Usage: 2722kB
                    ->  Seq Scan on title t  (cost=0.00..67604.59 rows=1540800 width=4) (actual time=0.029..982.333 rows=1543264 loops=1)
                          Filter: (kind_id = 7)
                          Rows Removed by Filter: 985048
Planning time: 7.491 ms
Execution time: 21540.027 ms
