Seq Scan on cast_info ci  (cost=0.00..705507.15 rows=25597566 width=0) (actual time=0.023..10251.882 rows=25616353 loops=1)
  Filter: (person_id < 2645052)
  Rows Removed by Filter: 10627991
Planning time: 0.295 ms
Execution time: 13207.191 ms
