Hash Join  (cost=102767.86..301344.26 rows=4475648 width=0) (actual time=1718.951..7076.700 rows=4479205 loops=1)
  Hash Cond: (mk.movie_id = t.id)
  ->  Seq Scan on movie_keyword mk  (cost=0.00..81003.12 rows=4475648 width=4) (actual time=0.020..1720.747 rows=4479205 loops=1)
        Filter: (keyword_id < 102192)
        Rows Removed by Filter: 44725
  ->  Hash  (cost=61283.27..61283.27 rows=2528527 width=4) (actual time=1717.583..1717.583 rows=2528312 loops=1)
        Buckets: 131072  Batches: 64  Memory Usage: 2425kB
        ->  Seq Scan on title t  (cost=0.00..61283.27 rows=2528527 width=4) (actual time=0.017..870.036 rows=2528312 loops=1)
Planning time: 0.769 ms
Execution time: 7612.575 ms
