Seq Scan on movie_companies mc  (cost=0.00..51404.11 rows=104 width=0) (actual time=44.443..531.696 rows=4 loops=1)
  Filter: (company_id = 23725)
  Rows Removed by Filter: 2609125
Planning time: 1.241 ms
Execution time: 531.776 ms
