Hash Join  (cost=74327.26..167913.29 rows=41213 width=0) (actual time=1088.534..3156.956 rows=9328 loops=1)
  Hash Cond: (mk.movie_id = t.id)
  ->  Seq Scan on movie_keyword mk  (cost=0.00..81003.12 rows=3245540 width=4) (actual time=0.031..1524.243 rows=3236086 loops=1)
        Filter: (keyword_id < 13732)
        Rows Removed by Filter: 1287844
  ->  Hash  (cost=73925.90..73925.90 rows=32108 width=4) (actual time=1087.229..1087.229 rows=36085 loops=1)
        Buckets: 65536 (originally 32768)  Batches: 1 (originally 1)  Memory Usage: 1781kB
        ->  Seq Scan on title t  (cost=0.00..73925.90 rows=32108 width=4) (actual time=0.017..1071.259 rows=36085 loops=1)
              Filter: ((kind_id > 4) AND (production_year = 2000))
              Rows Removed by Filter: 2492227
Planning time: 0.703 ms
Execution time: 3158.530 ms
