Seq Scan on movie_companies mc  (cost=0.00..57926.93 rows=1551 width=0) (actual time=263.606..894.998 rows=295 loops=1)
  Filter: ((company_type_id > 1) AND (company_id = 292))
  Rows Removed by Filter: 2608834
Planning time: 0.358 ms
Execution time: 895.194 ms
