Seq Scan on cast_info ci  (cost=0.00..796071.18 rows=17859060 width=0) (actual time=0.018..15287.884 rows=20122661 loops=1)
  Filter: ((person_id < 3331507) AND (role_id < 3))
  Rows Removed by Filter: 16121683
Planning time: 0.347 ms
Execution time: 17867.033 ms
