Hash Join  (cost=93190.30..493735.07 rows=1424801 width=0) (actual time=2381.955..8791.337 rows=1416351 loops=1)
  Hash Cond: (mi.movie_id = t.id)
  ->  Seq Scan on movie_info mi  (cost=0.00..346232.03 rows=3068194 width=4) (actual time=727.858..5084.662 rows=3036719 loops=1)
        Filter: (info_type_id = 16)
        Rows Removed by Filter: 11799001
  ->  Hash  (cost=73925.90..73925.90 rows=1174192 width=4) (actual time=1653.196..1653.196 rows=1260829 loops=1)
        Buckets: 131072  Batches: 16  Memory Usage: 3812kB
        ->  Seq Scan on title t  (cost=0.00..73925.90 rows=1174192 width=4) (actual time=0.014..1254.355 rows=1260829 loops=1)
              Filter: ((production_year > 1981) AND (kind_id = 7))
              Rows Removed by Filter: 1267483
Planning time: 0.742 ms
Execution time: 8955.877 ms
