Hash Join  (cost=82706.43..187759.36 rows=339737 width=0) (actual time=1292.438..3581.446 rows=517967 loops=1)
  Hash Cond: (mk.movie_id = t.id)
  ->  Seq Scan on movie_keyword mk  (cost=0.00..81003.12 rows=1605183 width=4) (actual time=0.017..1392.258 rows=1616667 loops=1)
        Filter: (keyword_id > 9329)
        Rows Removed by Filter: 2907263
  ->  Hash  (cost=73925.90..73925.90 rows=535162 width=4) (actual time=1290.940..1290.940 rows=414258 loops=1)
        Buckets: 131072  Batches: 8  Memory Usage: 2850kB
        ->  Seq Scan on title t  (cost=0.00..73925.90 rows=535162 width=4) (actual time=0.023..1154.590 rows=414258 loops=1)
              Filter: ((kind_id < 4) AND (production_year > 1996))
              Rows Removed by Filter: 2114054
Planning time: 0.691 ms
Execution time: 3645.631 ms
