Hash Join  (cost=83073.00..906912.11 rows=105 width=0) (actual time=1272.845..19865.169 rows=70 loops=1)
  Hash Cond: (ci.movie_id = t.id)
  ->  Seq Scan on cast_info ci  (cost=0.00..705507.15 rows=31554923 width=4) (actual time=0.019..14327.648 rows=31605208 loops=1)
        Filter: (role_id < 10)
        Rows Removed by Filter: 4639136
  ->  Hash  (cost=83072.90..83072.90 rows=8 width=8) (actual time=1153.992..1153.992 rows=3 loops=1)
        Buckets: 1024  Batches: 1  Memory Usage: 9kB
        ->  Nested Loop  (cost=0.43..83072.90 rows=8 width=8) (actual time=182.035..1153.979 rows=3 loops=1)
              ->  Seq Scan on movie_keyword mk  (cost=0.00..81003.12 rows=246 width=4) (actual time=20.710..1148.918 rows=136 loops=1)
                    Filter: (keyword_id = 12303)
                    Rows Removed by Filter: 4523794
              ->  Index Scan using title_pkey on title t  (cost=0.43..8.40 rows=1 width=4) (actual time=0.034..0.034 rows=0 loops=136)
                    Index Cond: (id = mk.movie_id)
                    Filter: ((kind_id = 7) AND (production_year = 2010))
                    Rows Removed by Filter: 1
Planning time: 1.215 ms
Execution time: 19865.447 ms
