Hash Join  (cost=81043.12..114045.04 rows=79082 width=0) (actual time=1307.683..2135.169 rows=175886 loops=1)
  Hash Cond: (mi_idx.movie_id = t.id)
  ->  Seq Scan on movie_info_idx mi_idx  (cost=0.00..25185.44 rows=460978 width=4) (actual time=0.025..436.357 rows=459925 loops=1)
        Filter: (info_type_id < 100)
        Rows Removed by Filter: 920110
  ->  Hash  (cost=73925.90..73925.90 rows=433777 width=4) (actual time=1306.713..1306.713 rows=496765 loops=1)
        Buckets: 131072  Batches: 8  Memory Usage: 3221kB
        ->  Seq Scan on title t  (cost=0.00..73925.90 rows=433777 width=4) (actual time=0.032..1144.467 rows=496765 loops=1)
              Filter: ((kind_id < 3) AND (production_year < 2006))
              Rows Removed by Filter: 2031547
Planning time: 0.877 ms
Execution time: 2158.970 ms
