Hash Join  (cost=52284.33..416940.77 rows=52 width=0) (actual time=955.594..7258.895 rows=223 loops=1)
  Hash Cond: (mi.movie_id = t.id)
  ->  Seq Scan on movie_info mi  (cost=0.00..309384.22 rows=14739122 width=4) (actual time=0.010..3851.148 rows=14835720 loops=1)
  ->  Hash  (cost=52284.21..52284.21 rows=9 width=8) (actual time=751.957..751.957 rows=26 loops=1)
        Buckets: 1024  Batches: 1  Memory Usage: 10kB
        ->  Nested Loop  (cost=0.43..52284.21 rows=9 width=8) (actual time=109.911..751.919 rows=26 loops=1)
              ->  Seq Scan on movie_companies mc  (cost=0.00..51404.11 rows=104 width=4) (actual time=109.849..750.333 rows=37 loops=1)
                    Filter: (company_id = 12838)
                    Rows Removed by Filter: 2609092
              ->  Index Scan using title_pkey on title t  (cost=0.43..8.45 rows=1 width=4) (actual time=0.039..0.039 rows=1 loops=37)
                    Index Cond: (id = mc.movie_id)
                    Filter: ((kind_id < 7) AND (production_year > 2009))
                    Rows Removed by Filter: 0
Planning time: 1.162 ms
Execution time: 7259.166 ms
