Hash Join  (cost=102767.86..826579.45 rows=350181 width=0) (actual time=5109.046..14712.039 rows=316118 loops=1)
  Hash Cond: (ci.movie_id = t.id)
  ->  Seq Scan on cast_info ci  (cost=0.00..705507.15 rows=350181 width=4) (actual time=3223.493..12184.350 rows=316118 loops=1)
        Filter: (role_id = 11)
        Rows Removed by Filter: 35928226
  ->  Hash  (cost=61283.27..61283.27 rows=2528527 width=4) (actual time=1884.440..1884.440 rows=2528312 loops=1)
        Buckets: 131072  Batches: 64  Memory Usage: 2415kB
        ->  Seq Scan on title t  (cost=0.00..61283.27 rows=2528527 width=4) (actual time=0.054..1020.924 rows=2528312 loops=1)
Planning time: 3.084 ms
Execution time: 14750.252 ms
