Hash Join  (cost=154472.92..1205825.89 rows=1708381 width=0) (actual time=2752.156..26033.563 rows=119132 loops=1)
  Hash Cond: (ci.movie_id = t.id)
  ->  Seq Scan on cast_info ci  (cost=0.00..614943.12 rows=36225612 width=4) (actual time=0.023..11533.530 rows=36244344 loops=1)
  ->  Hash  (cost=152516.37..152516.37 rows=119244 width=8) (actual time=2748.128..2748.128 rows=14469 loops=1)
        Buckets: 131072  Batches: 2  Memory Usage: 1308kB
        ->  Hash Join  (cost=75822.40..152516.37 rows=119244 width=8) (actual time=1448.142..2742.191 rows=14469 loops=1)
              Hash Cond: (mc.movie_id = t.id)
              ->  Seq Scan on movie_companies mc  (cost=0.00..44881.29 rows=2609129 width=4) (actual time=0.023..817.801 rows=2609129 loops=1)
              ->  Hash  (cost=73925.90..73925.90 rows=115560 width=4) (actual time=1077.958..1077.958 rows=13895 loops=1)
                    Buckets: 131072  Batches: 2  Memory Usage: 1270kB
                    ->  Seq Scan on title t  (cost=0.00..73925.90 rows=115560 width=4) (actual time=0.071..1071.811 rows=13895 loops=1)
                          Filter: ((production_year < 1954) AND (kind_id = 7))
                          Rows Removed by Filter: 2514417
Planning time: 1.239 ms
Execution time: 26049.691 ms
