Seq Scan on title t  (cost=0.00..67604.59 rows=7437 width=0) (actual time=0.311..821.825 rows=1730 loops=1)
  Filter: (production_year = 1945)
  Rows Removed by Filter: 2526582
Planning time: 0.273 ms
Execution time: 822.341 ms
