Nested Loop  (cost=0.43..83072.29 rows=150 width=0) (actual time=470.918..3174.796 rows=116 loops=1)
  ->  Seq Scan on movie_keyword mk  (cost=0.00..81003.12 rows=246 width=4) (actual time=0.110..1262.793 rows=701 loops=1)
        Filter: (keyword_id = 1213)
        Rows Removed by Filter: 4523229
  ->  Index Scan using title_pkey on title t  (cost=0.43..8.40 rows=1 width=4) (actual time=2.726..2.726 rows=0 loops=701)
        Index Cond: (id = mk.movie_id)
        Filter: (kind_id = 7)
        Rows Removed by Filter: 1
Planning time: 0.691 ms
Execution time: 3174.936 ms
