Seq Scan on cast_info ci  (cost=0.00..796071.18 rows=101 width=0) (actual time=4756.057..9472.279 rows=30 loops=1)
  Filter: ((person_id = 1966047) AND (role_id = 2))
  Rows Removed by Filter: 36244314
Planning time: 0.402 ms
Execution time: 9472.371 ms
