Hash Join  (cost=160574.19..289995.55 rows=608932 width=0) (actual time=3061.898..6850.582 rows=2242735 loops=1)
  Hash Cond: (mk.movie_id = t.id)
  ->  Seq Scan on movie_keyword mk  (cost=0.00..69693.30 rows=4523930 width=4) (actual time=0.023..1342.939 rows=4523930 loops=1)
  ->  Hash  (cost=154989.86..154989.86 rows=340346 width=8) (actual time=3061.080..3061.080 rows=326657 loops=1)
        Buckets: 131072  Batches: 8  Memory Usage: 2626kB
        ->  Hash Join  (cost=87180.69..154989.86 rows=340346 width=8) (actual time=1450.588..2956.063 rows=326657 loops=1)
              Hash Cond: (mc.movie_id = t.id)
              ->  Seq Scan on movie_companies mc  (cost=0.00..51404.11 rows=721228 width=4) (actual time=0.024..808.180 rows=725158 loops=1)
                    Filter: (company_id > 41425)
                    Rows Removed by Filter: 1883971
              ->  Hash  (cost=67604.59..67604.59 rows=1193208 width=4) (actual time=1449.907..1449.907 rows=1192518 loops=1)
                    Buckets: 131072  Batches: 16  Memory Usage: 3646kB
                    ->  Seq Scan on title t  (cost=0.00..67604.59 rows=1193208 width=4) (actual time=0.021..1082.254 rows=1192518 loops=1)
                          Filter: (production_year > 2003)
                          Rows Removed by Filter: 1335794
Planning time: 1.116 ms
Execution time: 7125.214 ms
