Hash Join  (cost=160737.19..957552.93 rows=74463 width=0) (actual time=2348.595..16935.111 rows=11156 loops=1)
  Hash Cond: (ci.movie_id = t.id)
  ->  Seq Scan on cast_info ci  (cost=0.00..614943.12 rows=36225612 width=4) (actual time=0.011..7536.307 rows=36244344 loops=1)
  ->  Hash  (cost=160672.23..160672.23 rows=5197 width=8) (actual time=2347.393..2347.393 rows=1382 loops=1)
        Buckets: 8192  Batches: 1  Memory Usage: 118kB
        ->  Hash Join  (cost=73962.22..160672.23 rows=5197 width=8) (actual time=976.706..2346.683 rows=1382 loops=1)
              Hash Cond: (mk.movie_id = t.id)
              ->  Seq Scan on movie_keyword mk  (cost=0.00..69693.30 rows=4523930 width=4) (actual time=0.025..668.568 rows=4523930 loops=1)
              ->  Hash  (cost=73925.90..73925.90 rows=2905 width=4) (actual time=976.528..976.528 rows=5945 loops=1)
                    Buckets: 8192 (originally 4096)  Batches: 1 (originally 1)  Memory Usage: 274kB
                    ->  Seq Scan on title t  (cost=0.00..73925.90 rows=2905 width=4) (actual time=383.676..973.889 rows=5945 loops=1)
                          Filter: ((kind_id < 7) AND (production_year = 1911))
                          Rows Removed by Filter: 2522367
Planning time: 2.404 ms
Execution time: 16937.556 ms
