Hash Join  (cost=129657.98..228064.09 rows=54773 width=0) (actual time=1678.381..3967.502 rows=1291268 loops=1)
  Hash Cond: (mk.movie_id = t.id)
  ->  Seq Scan on movie_keyword mk  (cost=0.00..81003.12 rows=4494735 width=4) (actual time=0.015..1369.267 rows=4498125 loops=1)
        Filter: (keyword_id < 113201)
        Rows Removed by Filter: 25805
  ->  Hash  (cost=129272.82..129272.82 rows=30813 width=8) (actual time=1678.128..1678.128 rows=39710 loops=1)
        Buckets: 65536 (originally 32768)  Batches: 1 (originally 1)  Memory Usage: 2064kB
        ->  Hash Join  (cost=74299.17..129272.82 rows=30813 width=8) (actual time=986.702..1668.375 rows=39710 loops=1)
              Hash Cond: (mc.movie_id = t.id)
              ->  Seq Scan on movie_companies mc  (cost=0.00..44881.29 rows=2609129 width=4) (actual time=0.012..319.570 rows=2609129 loops=1)
              ->  Hash  (cost=73925.90..73925.90 rows=29861 width=4) (actual time=986.483..986.483 rows=17772 loops=1)
                    Buckets: 32768  Batches: 1  Memory Usage: 881kB
                    ->  Seq Scan on title t  (cost=0.00..73925.90 rows=29861 width=4) (actual time=161.158..979.119 rows=17772 loops=1)
                          Filter: ((kind_id = 1) AND (production_year = 2007))
                          Rows Removed by Filter: 2510540
Planning time: 1.129 ms
Execution time: 4112.852 ms
