Nested Loop  (cost=0.43..132162.07 rows=2 width=0) (actual time=2180.361..2601.195 rows=1 loops=1)
  ->  Seq Scan on movie_keyword mk  (cost=0.00..81003.12 rows=7389 width=4) (actual time=0.014..1082.299 rows=7328 loops=1)
        Filter: (keyword_id = 229)
        Rows Removed by Filter: 4516602
  ->  Index Scan using title_pkey on title t  (cost=0.43..6.91 rows=1 width=4) (actual time=0.207..0.207 rows=0 loops=7328)
        Index Cond: (id = mk.movie_id)
        Filter: (production_year > 2013)
        Rows Removed by Filter: 1
Planning time: 0.730 ms
Execution time: 2601.368 ms
