Hash Join  (cost=709675.59..765878.88 rows=99 width=0) (actual time=11876.475..12481.953 rows=7 loops=1)
  Hash Cond: (mc.movie_id = t.id)
  ->  Seq Scan on movie_companies mc  (cost=0.00..51404.11 rows=1279517 width=4) (actual time=0.026..996.873 rows=1274246 loops=1)
        Filter: (company_type_id = 1)
        Rows Removed by Filter: 1334883
  ->  Hash  (cost=709673.15..709673.15 rows=195 width=8) (actual time=11306.975..11306.975 rows=6 loops=1)
        Buckets: 1024  Batches: 1  Memory Usage: 9kB
        ->  Nested Loop  (cost=0.43..709673.15 rows=195 width=8) (actual time=1745.593..11306.958 rows=6 loops=1)
              ->  Seq Scan on cast_info ci  (cost=0.00..705507.15 rows=500 width=4) (actual time=1745.502..11305.635 rows=70 loops=1)
                    Filter: (person_id = 3358952)
                    Rows Removed by Filter: 36244274
              ->  Index Scan using title_pkey on title t  (cost=0.43..8.32 rows=1 width=4) (actual time=0.018..0.018 rows=0 loops=70)
                    Index Cond: (id = ci.movie_id)
                    Filter: (kind_id < 7)
                    Rows Removed by Filter: 1
Planning time: 1.240 ms
Execution time: 12482.094 ms
