Hash Join  (cost=83074.74..434326.74 rows=130 width=0) (actual time=3208.086..5844.508 rows=1917 loops=1)
  Hash Cond: (mi.movie_id = t.id)
  ->  Seq Scan on movie_info mi  (cost=0.00..346232.03 rows=1338312 width=4) (actual time=1915.162..4431.810 rows=1401902 loops=1)
        Filter: (info_type_id = 7)
        Rows Removed by Filter: 13433818
  ->  Hash  (cost=83071.67..83071.67 rows=246 width=8) (actual time=1202.350..1202.350 rows=553 loops=1)
        Buckets: 1024  Batches: 1  Memory Usage: 30kB
        ->  Nested Loop  (cost=0.43..83071.67 rows=246 width=8) (actual time=27.077..1201.890 rows=553 loops=1)
              ->  Seq Scan on movie_keyword mk  (cost=0.00..81003.12 rows=246 width=4) (actual time=26.898..1175.765 rows=553 loops=1)
                    Filter: (keyword_id = 40156)
                    Rows Removed by Filter: 4523377
              ->  Index Only Scan using title_pkey on title t  (cost=0.43..8.40 rows=1 width=4) (actual time=0.045..0.045 rows=1 loops=553)
                    Index Cond: (id = mk.movie_id)
                    Heap Fetches: 553
Planning time: 1.127 ms
Execution time: 5844.924 ms
