Seq Scan on movie_companies mc  (cost=0.00..51404.11 rows=723167 width=0) (actual time=0.025..785.105 rows=710041 loops=1)
  Filter: (company_id < 1368)
  Rows Removed by Filter: 1899088
Planning time: 0.286 ms
Execution time: 878.225 ms
