Hash Join  (cost=74401.58..870564.74 rows=355 width=0) (actual time=3981.900..10563.931 rows=115 loops=1)
  Hash Cond: (ci.movie_id = t.id)
  ->  Seq Scan on cast_info ci  (cost=0.00..796071.18 rows=23582 width=4) (actual time=2931.860..9512.432 rows=8423 loops=1)
        Filter: ((person_id < 231589) AND (role_id > 10))
        Rows Removed by Filter: 36235921
  ->  Hash  (cost=73925.90..73925.90 rows=38054 width=4) (actual time=1049.076..1049.076 rows=26139 loops=1)
        Buckets: 65536  Batches: 1  Memory Usage: 1431kB
        ->  Seq Scan on title t  (cost=0.00..73925.90 rows=38054 width=4) (actual time=0.032..1037.703 rows=26139 loops=1)
              Filter: ((kind_id < 3) AND (production_year = 2008))
              Rows Removed by Filter: 2502173
Planning time: 0.856 ms
Execution time: 10564.146 ms
