Seq Scan on movie_companies mc  (cost=0.00..51404.11 rows=1228093 width=0) (actual time=0.023..911.009 rows=1240052 loops=1)
  Filter: (company_id > 11778)
  Rows Removed by Filter: 1369077
Planning time: 0.656 ms
Execution time: 1069.598 ms
