Hash Join  (cost=83073.15..447730.25 rows=118 width=0) (actual time=1157.487..7395.513 rows=2486 loops=1)
  Hash Cond: (mi.movie_id = t.id)
  ->  Seq Scan on movie_info mi  (cost=0.00..309384.22 rows=14739122 width=4) (actual time=0.016..3575.463 rows=14835720 loops=1)
  ->  Hash  (cost=83072.90..83072.90 rows=20 width=8) (actual time=1155.528..1155.528 rows=113 loops=1)
        Buckets: 1024  Batches: 1  Memory Usage: 13kB
        ->  Nested Loop  (cost=0.43..83072.90 rows=20 width=8) (actual time=14.404..1155.386 rows=113 loops=1)
              ->  Seq Scan on movie_keyword mk  (cost=0.00..81003.12 rows=246 width=4) (actual time=0.828..1107.630 rows=1491 loops=1)
                    Filter: (keyword_id = 3020)
                    Rows Removed by Filter: 4522439
              ->  Index Scan using title_pkey on title t  (cost=0.43..8.40 rows=1 width=4) (actual time=0.031..0.031 rows=0 loops=1491)
                    Index Cond: (id = mk.movie_id)
                    Filter: ((kind_id < 7) AND (production_year > 2009))
                    Rows Removed by Filter: 1
Planning time: 1.148 ms
Execution time: 7396.394 ms
