Hash Join  (cost=129871.30..880856.89 rows=19642 width=0) (actual time=2154.528..18872.631 rows=96713 loops=1)
  Hash Cond: (ci.movie_id = t.id)
  ->  Seq Scan on cast_info ci  (cost=0.00..614943.12 rows=36225612 width=4) (actual time=0.023..9043.419 rows=36244344 loops=1)
  ->  Hash  (cost=129854.17..129854.17 rows=1371 width=8) (actual time=2151.714..2151.714 rows=3890 loops=1)
        Buckets: 4096 (originally 2048)  Batches: 1 (originally 1)  Memory Usage: 184kB
        ->  Hash Join  (cost=73962.22..129854.17 rows=1371 width=8) (actual time=1127.965..2149.862 rows=3890 loops=1)
              Hash Cond: (mc.movie_id = t.id)
              ->  Seq Scan on movie_companies mc  (cost=0.00..51404.11 rows=1193100 width=4) (actual time=0.031..825.161 rows=1186242 loops=1)
                    Filter: (company_id < 10455)
                    Rows Removed by Filter: 1422887
              ->  Hash  (cost=73925.90..73925.90 rows=2905 width=4) (actual time=1127.644..1127.644 rows=4593 loops=1)
                    Buckets: 8192 (originally 4096)  Batches: 1 (originally 1)  Memory Usage: 226kB
                    ->  Seq Scan on title t  (cost=0.00..73925.90 rows=2905 width=4) (actual time=0.050..1125.235 rows=4593 loops=1)
                          Filter: ((kind_id < 7) AND (production_year = 1963))
                          Rows Removed by Filter: 2523719
Planning time: 1.228 ms
Execution time: 18888.880 ms
