Seq Scan on cast_info ci  (cost=0.00..796071.18 rows=20853014 width=0) (actual time=0.023..15911.999 rows=24130698 loops=1)
  Filter: ((person_id < 3194864) AND (role_id < 4))
  Rows Removed by Filter: 12113646
Planning time: 0.335 ms
Execution time: 18945.529 ms
