Seq Scan on movie_keyword mk  (cost=0.00..81003.12 rows=2034948 width=0) (actual time=0.022..1365.928 rows=2040378 loops=1)
  Filter: (keyword_id > 6026)
  Rows Removed by Filter: 2483552
Planning time: 0.354 ms
Execution time: 1616.471 ms
