Nested Loop  (cost=0.43..83072.29 rows=187 width=0) (actual time=40.791..1111.316 rows=50 loops=1)
  ->  Seq Scan on movie_keyword mk  (cost=0.00..81003.12 rows=246 width=4) (actual time=40.724..1108.887 rows=59 loops=1)
        Filter: (keyword_id = 20621)
        Rows Removed by Filter: 4523871
  ->  Index Scan using title_pkey on title t  (cost=0.43..8.40 rows=1 width=4) (actual time=0.036..0.037 rows=1 loops=59)
        Index Cond: (id = mk.movie_id)
        Filter: (production_year < 2010)
        Rows Removed by Filter: 0
Planning time: 0.572 ms
Execution time: 1111.450 ms
