Seq Scan on cast_info ci  (cost=0.00..705507.15 rows=24524158 width=0) (actual time=0.019..11909.636 rows=24484076 loops=1)
  Filter: (person_id < 2516206)
  Rows Removed by Filter: 11760268
Planning time: 0.565 ms
Execution time: 14938.643 ms
