Hash Join  (cost=425611.14..1178549.89 rows=214964 width=0) (actual time=5894.708..23519.183 rows=329877 loops=1)
  Hash Cond: (ci.movie_id = t.id)
  ->  Seq Scan on cast_info ci  (cost=0.00..614943.12 rows=36225612 width=4) (actual time=0.014..7627.968 rows=36244344 loops=1)
  ->  Hash  (cost=425423.59..425423.59 rows=15004 width=8) (actual time=5894.203..5894.203 rows=28514 loops=1)
        Buckets: 32768 (originally 16384)  Batches: 1 (originally 1)  Memory Usage: 1370kB
        ->  Hash Join  (cost=74301.05..425423.59 rows=15004 width=8) (actual time=4442.914..5882.679 rows=28514 loops=1)
              Hash Cond: (mi.movie_id = t.id)
              ->  Seq Scan on movie_info mi  (cost=0.00..346232.03 rows=1264125 width=4) (actual time=3199.364..4630.141 rows=1288928 loops=1)
                    Filter: (info_type_id = 2)
                    Rows Removed by Filter: 13546792
              ->  Hash  (cost=73925.90..73925.90 rows=30012 width=4) (actual time=933.217..933.217 rows=28831 loops=1)
                    Buckets: 32768  Batches: 1  Memory Usage: 1270kB
                    ->  Seq Scan on title t  (cost=0.00..73925.90 rows=30012 width=4) (actual time=264.314..922.030 rows=28831 loops=1)
                          Filter: ((production_year > 2008) AND (kind_id = 4))
                          Rows Removed by Filter: 2499481
Planning time: 1.170 ms
Execution time: 23576.401 ms
