Seq Scan on cast_info ci  (cost=0.00..796071.18 rows=4008283 width=0) (actual time=341.303..14032.138 rows=1892684 loops=1)
  Filter: ((person_id < 3144749) AND (role_id > 9))
  Rows Removed by Filter: 34351660
Planning time: 0.285 ms
Execution time: 14255.429 ms
