Hash Join  (cost=92883.59..200072.99 rows=649993 width=0) (actual time=2073.263..3968.541 rows=177727 loops=1)
  Hash Cond: (mk.movie_id = t.id)
  ->  Seq Scan on movie_keyword mk  (cost=0.00..81003.12 rows=1066670 width=4) (actual time=0.017..1417.206 rows=1076444 loops=1)
        Filter: (keyword_id > 16414)
        Rows Removed by Filter: 3447486
  ->  Hash  (cost=67604.59..67604.59 rows=1540800 width=4) (actual time=1744.486..1744.486 rows=1543264 loops=1)
        Buckets: 131072  Batches: 32  Memory Usage: 2728kB
        ->  Seq Scan on title t  (cost=0.00..67604.59 rows=1540800 width=4) (actual time=0.014..1236.190 rows=1543264 loops=1)
              Filter: (kind_id = 7)
              Rows Removed by Filter: 985048
Planning time: 1.248 ms
Execution time: 3990.576 ms
