Hash Join  (cost=84652.18..189950.25 rows=407655 width=134) (actual time=1883.474..8371.661 rows=563504 loops=1)
  Hash Cond: (mc.movie_id = t.id)
  ->  Seq Scan on movie_companies mc  (cost=0.00..44881.29 rows=2609129 width=40) (actual time=0.010..4710.553 rows=2609129 loops=1)
  ->  Hash  (cost=73925.90..73925.90 rows=395062 width=94) (actual time=1883.015..1883.015 rows=335993 loops=1)
        Buckets: 32768  Batches: 16  Memory Usage: 2569kB
        ->  Seq Scan on title t  (cost=0.00..73925.90 rows=395062 width=94) (actual time=0.056..1444.050 rows=335993 loops=1)
              Filter: ((kind_id < 7) AND (production_year > 2005))
              Rows Removed by Filter: 2192319
Planning time: 1.058 ms
Execution time: 8404.881 ms
