Hash Join  (cost=83072.94..109983.44 rows=2 width=0) (actual time=1235.859..1709.380 rows=3 loops=1)
  Hash Cond: (mi_idx.movie_id = t.id)
  ->  Seq Scan on movie_info_idx mi_idx  (cost=0.00..21735.35 rows=1380035 width=4) (actual time=0.020..237.449 rows=1380035 loops=1)
  ->  Hash  (cost=83072.90..83072.90 rows=3 width=8) (actual time=1221.016..1221.016 rows=1 loops=1)
        Buckets: 1024  Batches: 1  Memory Usage: 9kB
        ->  Nested Loop  (cost=0.43..83072.90 rows=3 width=8) (actual time=923.805..1221.007 rows=1 loops=1)
              ->  Seq Scan on movie_keyword mk  (cost=0.00..81003.12 rows=246 width=4) (actual time=2.046..1213.922 rows=148 loops=1)
                    Filter: (keyword_id = 2059)
                    Rows Removed by Filter: 4523782
              ->  Index Scan using title_pkey on title t  (cost=0.43..8.40 rows=1 width=4) (actual time=0.045..0.045 rows=0 loops=148)
                    Index Cond: (id = mk.movie_id)
                    Filter: ((kind_id < 3) AND (production_year = 2006))
                    Rows Removed by Filter: 1
Planning time: 1.083 ms
Execution time: 1709.485 ms
