Seq Scan on movie_companies mc  (cost=0.00..51404.11 rows=10958 width=0) (actual time=0.460..864.692 rows=10667 loops=1)
  Filter: (company_id = 11)
  Rows Removed by Filter: 2598462
Planning time: 0.389 ms
Execution time: 866.303 ms
