Hash Join  (cost=94657.25..890378.31 rows=12992 width=0) (actual time=1596.636..16669.048 rows=31317 loops=1)
  Hash Cond: (ci.movie_id = t.id)
  ->  Seq Scan on cast_info ci  (cost=0.00..705507.15 rows=24022411 width=4) (actual time=980.225..12355.125 rows=24130698 loops=1)
        Filter: (role_id < 4)
        Rows Removed by Filter: 12113646
  ->  Hash  (cost=94640.16..94640.16 rows=1367 width=8) (actual time=615.626..615.626 rows=1762 loops=1)
        Buckets: 2048  Batches: 1  Memory Usage: 85kB
        ->  Hash Join  (cost=67697.55..94640.16 rows=1367 width=8) (actual time=381.560..615.110 rows=1762 loops=1)
              Hash Cond: (mi_idx.movie_id = t.id)
              ->  Seq Scan on movie_info_idx mi_idx  (cost=0.00..25185.44 rows=464934 width=4) (actual time=0.018..183.492 rows=460185 loops=1)
                    Filter: (info_type_id > 100)
                    Rows Removed by Filter: 919850
              ->  Hash  (cost=67604.59..67604.59 rows=7437 width=4) (actual time=381.362..381.362 rows=8007 loops=1)
                    Buckets: 8192  Batches: 1  Memory Usage: 346kB
                    ->  Seq Scan on title t  (cost=0.00..67604.59 rows=7437 width=4) (actual time=0.018..379.166 rows=8007 loops=1)
                          Filter: (production_year = 1955)
                          Rows Removed by Filter: 2520305
Planning time: 1.158 ms
Execution time: 16675.542 ms
