Seq Scan on cast_info ci  (cost=0.00..705507.15 rows=26580661 width=0) (actual time=0.017..10899.976 rows=26633046 loops=1)
  Filter: (person_id < 2746306)
  Rows Removed by Filter: 9611298
Planning time: 0.320 ms
Execution time: 14031.395 ms
