Hash Join  (cost=160737.19..868002.44 rows=719 width=0) (actual time=4425.091..14198.530 rows=43 loops=1)
  Hash Cond: (ci.movie_id = t.id)
  ->  Seq Scan on cast_info ci  (cost=0.00..705507.15 rows=350181 width=4) (actual time=1606.691..11362.480 rows=316118 loops=1)
        Filter: (role_id > 10)
        Rows Removed by Filter: 35928226
  ->  Hash  (cost=160672.23..160672.23 rows=5197 width=8) (actual time=2811.840..2811.840 rows=3424 loops=1)
        Buckets: 8192  Batches: 1  Memory Usage: 198kB
        ->  Hash Join  (cost=73962.22..160672.23 rows=5197 width=8) (actual time=1114.213..2810.328 rows=3424 loops=1)
              Hash Cond: (mk.movie_id = t.id)
              ->  Seq Scan on movie_keyword mk  (cost=0.00..69693.30 rows=4523930 width=4) (actual time=0.024..852.920 rows=4523930 loops=1)
              ->  Hash  (cost=73925.90..73925.90 rows=2905 width=4) (actual time=1113.809..1113.809 rows=8125 loops=1)
                    Buckets: 8192 (originally 4096)  Batches: 1 (originally 1)  Memory Usage: 350kB
                    ->  Seq Scan on title t  (cost=0.00..73925.90 rows=2905 width=4) (actual time=546.247..1110.413 rows=8125 loops=1)
                          Filter: ((kind_id < 7) AND (production_year = 1914))
                          Rows Removed by Filter: 2520187
Planning time: 8.242 ms
Execution time: 14198.763 ms
