Hash Join  (cost=74155.14..889229.78 rows=36057 width=0) (actual time=2504.572..15438.515 rows=70081 loops=1)
  Hash Cond: (ci.movie_id = t.id)
  ->  Seq Scan on cast_info ci  (cost=0.00..796071.18 rows=4971437 width=4) (actual time=1518.962..12417.482 rows=10195061 loops=1)
        Filter: ((person_id < 1389690) AND (role_id = 1))
        Rows Removed by Filter: 26049283
  ->  Hash  (cost=73925.90..73925.90 rows=18339 width=4) (actual time=985.072..985.072 rows=14449 loops=1)
        Buckets: 32768  Batches: 1  Memory Usage: 764kB
        ->  Seq Scan on title t  (cost=0.00..73925.90 rows=18339 width=4) (actual time=0.833..979.067 rows=14449 loops=1)
              Filter: ((kind_id < 7) AND (production_year = 1998))
              Rows Removed by Filter: 2513863
Planning time: 0.525 ms
Execution time: 15451.475 ms
