Hash Join  (cost=903959.75..1032110.49 rows=504671 width=0) (actual time=15436.472..18561.611 rows=825930 loops=1)
  Hash Cond: (mk.movie_id = t.id)
  ->  Seq Scan on movie_keyword mk  (cost=0.00..69693.30 rows=4523930 width=4) (actual time=0.015..1251.381 rows=4523930 loops=1)
  ->  Hash  (cost=899331.85..899331.85 rows=282072 width=8) (actual time=15435.356..15435.356 rows=58406 loops=1)
        Buckets: 131072  Batches: 4  Memory Usage: 1601kB
        ->  Hash Join  (cost=72707.20..899331.85 rows=282072 width=8) (actual time=8749.704..15409.795 rows=58406 loops=1)
              Hash Cond: (ci.movie_id = t.id)
              ->  Seq Scan on cast_info ci  (cost=0.00..796071.18 rows=2293266 width=4) (actual time=7708.360..12726.108 rows=3669092 loops=1)
                    Filter: ((person_id > 1667817) AND (role_id = 10))
                    Rows Removed by Filter: 32575252
              ->  Hash  (cost=67604.59..67604.59 rows=311009 width=4) (actual time=1037.718..1037.718 rows=309534 loops=1)
                    Buckets: 131072  Batches: 8  Memory Usage: 2378kB
                    ->  Seq Scan on title t  (cost=0.00..67604.59 rows=311009 width=4) (actual time=0.022..935.032 rows=309534 loops=1)
                          Filter: (production_year < 1966)
                          Rows Removed by Filter: 2218778
Planning time: 1.148 ms
Execution time: 18668.182 ms
