Seq Scan on movie_companies mc  (cost=0.00..51404.11 rows=1843761 width=0) (actual time=0.016..877.739 rows=1851038 loops=1)
  Filter: (company_id > 1526)
  Rows Removed by Filter: 758091
Planning time: 0.174 ms
Execution time: 1123.359 ms
