Hash Join  (cost=109031.43..199663.29 rows=59556 width=0) (actual time=1824.659..4030.338 rows=301374 loops=1)
  Hash Cond: (mk.movie_id = t.id)
  ->  Seq Scan on movie_keyword mk  (cost=0.00..81003.12 rows=2408846 width=4) (actual time=0.022..1392.524 rows=2410610 loops=1)
        Filter: (keyword_id < 5647)
        Rows Removed by Filter: 2113320
  ->  Hash  (cost=108249.99..108249.99 rows=62515 width=8) (actual time=1821.610..1821.610 rows=83550 loops=1)
        Buckets: 131072 (originally 65536)  Batches: 2 (originally 1)  Memory Usage: 3073kB
        ->  Hash Join  (cost=69484.36..108249.99 rows=62515 width=8) (actual time=910.442..1791.278 rows=83550 loops=1)
              Hash Cond: (mi_idx.movie_id = t.id)
              ->  Seq Scan on movie_info_idx mi_idx  (cost=0.00..21735.35 rows=1380035 width=4) (actual time=0.014..375.477 rows=1380035 loops=1)
              ->  Hash  (cost=67604.59..67604.59 rows=114542 width=4) (actual time=909.643..909.643 rows=118234 loops=1)
                    Buckets: 131072  Batches: 2  Memory Usage: 3101kB
                    ->  Seq Scan on title t  (cost=0.00..67604.59 rows=114542 width=4) (actual time=25.919..867.137 rows=118234 loops=1)
                          Filter: (kind_id = 4)
                          Rows Removed by Filter: 2410078
Planning time: 1.105 ms
Execution time: 4069.893 ms
