Hash Join  (cost=211230.07..1113073.92 rows=2165251 width=0) (actual time=4018.444..21657.650 rows=625580 loops=1)
  Hash Cond: (ci.movie_id = t.id)
  ->  Seq Scan on cast_info ci  (cost=0.00..705507.15 rows=13510242 width=4) (actual time=0.023..12173.550 rows=13466683 loops=1)
        Filter: (person_id < 1327384)
        Rows Removed by Filter: 22777661
  ->  Hash  (cost=204581.57..204581.57 rows=405240 width=8) (actual time=4009.711..4009.711 rows=69249 loops=1)
        Buckets: 131072  Batches: 8  Memory Usage: 1338kB
        ->  Hash Join  (cost=77642.13..204581.57 rows=405240 width=8) (actual time=2827.980..3988.005 rows=69249 loops=1)
              Hash Cond: (mk.movie_id = t.id)
              ->  Seq Scan on movie_keyword mk  (cost=0.00..69693.30 rows=4523930 width=4) (actual time=0.014..1263.292 rows=4523930 loops=1)
              ->  Hash  (cost=73925.90..73925.90 rows=226498 width=4) (actual time=1060.501..1060.501 rows=120787 loops=1)
                    Buckets: 131072  Batches: 4  Memory Usage: 2088kB
                    ->  Seq Scan on title t  (cost=0.00..73925.90 rows=226498 width=4) (actual time=156.628..1018.075 rows=120787 loops=1)
                          Filter: ((production_year < 1970) AND (kind_id = 7))
                          Rows Removed by Filter: 2407525
Planning time: 1.167 ms
Execution time: 21729.733 ms
