Seq Scan on cast_info ci  (cost=0.00..705507.15 rows=29339628 width=0) (actual time=0.017..11612.392 rows=29277245 loops=1)
  Filter: (person_id < 2968446)
  Rows Removed by Filter: 6967099
Planning time: 0.327 ms
Execution time: 15191.846 ms
