Hash Join  (cost=152319.20..517373.48 rows=293008 width=0) (actual time=7116.098..8394.500 rows=191628 loops=1)
  Hash Cond: (mi.movie_id = t.id)
  ->  Seq Scan on movie_info mi  (cost=0.00..346232.03 rows=1158179 width=4) (actual time=0.017..4913.141 rows=1204709 loops=1)
        Filter: (info_type_id > 18)
        Rows Removed by Filter: 13631011
  ->  Hash  (cost=141824.04..141824.04 rows=639693 width=8) (actual time=2819.983..2819.983 rows=349320 loops=1)
        Buckets: 131072  Batches: 16  Memory Usage: 1884kB
        ->  Hash Join  (cost=93155.63..141824.04 rows=639693 width=8) (actual time=1612.334..2724.334 rows=349320 loops=1)
              Hash Cond: (mi_idx.movie_id = t.id)
              ->  Seq Scan on movie_info_idx mi_idx  (cost=0.00..21735.35 rows=1380035 width=4) (actual time=0.012..298.004 rows=1380035 loops=1)
              ->  Hash  (cost=73925.90..73925.90 rows=1172058 width=4) (actual time=1611.365..1611.365 rows=1128906 loops=1)
                    Buckets: 131072  Batches: 16  Memory Usage: 3503kB
                    ->  Seq Scan on title t  (cost=0.00..73925.90 rows=1172058 width=4) (actual time=0.021..1227.118 rows=1128906 loops=1)
                          Filter: ((production_year < 2010) AND (kind_id = 7))
                          Rows Removed by Filter: 1399406
Planning time: 1.089 ms
Execution time: 8419.506 ms
