Hash Join  (cost=83074.74..109986.57 rows=134 width=0) (actual time=1169.900..1420.281 rows=75 loops=1)
  Hash Cond: (mi_idx.movie_id = t.id)
  ->  Seq Scan on movie_info_idx mi_idx  (cost=0.00..21735.35 rows=1380035 width=4) (actual time=0.022..126.786 rows=1380035 loops=1)
  ->  Hash  (cost=83071.67..83071.67 rows=246 width=8) (actual time=1160.260..1160.260 rows=36 loops=1)
        Buckets: 1024  Batches: 1  Memory Usage: 10kB
        ->  Nested Loop  (cost=0.43..83071.67 rows=246 width=8) (actual time=19.483..1160.202 rows=36 loops=1)
              ->  Seq Scan on movie_keyword mk  (cost=0.00..81003.12 rows=246 width=4) (actual time=19.353..1158.369 rows=36 loops=1)
                    Filter: (keyword_id = 818)
                    Rows Removed by Filter: 4523894
              ->  Index Only Scan using title_pkey on title t  (cost=0.43..8.40 rows=1 width=4) (actual time=0.044..0.045 rows=1 loops=36)
                    Index Cond: (id = mk.movie_id)
                    Heap Fetches: 36
Planning time: 1.114 ms
Execution time: 1420.396 ms
