Hash Join  (cost=75195.46..559811.70 rows=450732 width=0) (actual time=1190.620..11877.117 rows=815272 loops=1)
  Hash Cond: (mi.movie_id = t.id)
  ->  Seq Scan on movie_info mi  (cost=0.00..309384.22 rows=14739122 width=4) (actual time=0.012..5183.952 rows=14835720 loops=1)
  ->  Hash  (cost=73925.90..73925.90 rows=77324 width=4) (actual time=1068.355..1068.355 rows=108667 loops=1)
        Buckets: 131072  Batches: 2  Memory Usage: 2941kB
        ->  Seq Scan on title t  (cost=0.00..73925.90 rows=77324 width=4) (actual time=0.014..1029.229 rows=108667 loops=1)
              Filter: ((production_year > 1992) AND (kind_id = 4))
              Rows Removed by Filter: 2419645
Planning time: 0.793 ms
Execution time: 11975.985 ms
