Hash Join  (cost=139597.14..963618.41 rows=402339 width=0) (actual time=8302.503..14354.557 rows=1279 loops=1)
  Hash Cond: (ci.movie_id = t.id)
  ->  Seq Scan on cast_info ci  (cost=0.00..796071.18 rows=1887122 width=4) (actual time=5087.953..10990.576 rows=1609 loops=1)
        Filter: ((person_id < 906569) AND (role_id = 2))
        Rows Removed by Filter: 36242735
  ->  Hash  (cost=130752.54..130752.54 rows=539088 width=8) (actual time=3206.077..3206.077 rows=954317 loops=1)
        Buckets: 131072 (originally 131072)  Batches: 16 (originally 8)  Memory Usage: 3354kB
        ->  Hash Join  (cost=83810.17..130752.54 rows=539088 width=8) (actual time=1400.185..2925.278 rows=954317 loops=1)
              Hash Cond: (mi_idx.movie_id = t.id)
              ->  Seq Scan on movie_info_idx mi_idx  (cost=0.00..21735.35 rows=1380035 width=4) (actual time=0.029..441.790 rows=1380035 loops=1)
              ->  Hash  (cost=67604.59..67604.59 rows=987727 width=4) (actual time=1399.159..1399.159 rows=985048 loops=1)
                    Buckets: 131072  Batches: 16  Memory Usage: 3188kB
                    ->  Seq Scan on title t  (cost=0.00..67604.59 rows=987727 width=4) (actual time=0.026..1100.202 rows=985048 loops=1)
                          Filter: (kind_id < 7)
                          Rows Removed by Filter: 1543264
Planning time: 1.179 ms
Execution time: 14355.439 ms
