Hash Join  (cost=74856.09..130289.49 rows=76787 width=0) (actual time=1236.982..2636.843 rows=177369 loops=1)
  Hash Cond: (mc.movie_id = t.id)
  ->  Seq Scan on movie_companies mc  (cost=0.00..44881.29 rows=2609129 width=4) (actual time=0.027..616.789 rows=2609129 loops=1)
  ->  Hash  (cost=73925.90..73925.90 rows=74415 width=4) (actual time=1219.705..1219.705 rows=82275 loops=1)
        Buckets: 131072  Batches: 1  Memory Usage: 3917kB
        ->  Seq Scan on title t  (cost=0.00..73925.90 rows=74415 width=4) (actual time=0.015..1187.731 rows=82275 loops=1)
              Filter: ((production_year > 1970) AND (kind_id = 2))
              Rows Removed by Filter: 2446037
Planning time: 0.828 ms
Execution time: 2661.155 ms
