Hash Join  (cost=365418.15..1364999.42 rows=9650273 width=0) (actual time=12009.778..29892.534 rows=20710226 loops=1)
  Hash Cond: (ci.movie_id = t.id)
  ->  Seq Scan on cast_info ci  (cost=0.00..796071.18 rows=5393756 width=4) (actual time=2633.370..12595.544 rows=2401179 loops=1)
        Filter: ((person_id < 2313526) AND (role_id > 5))
        Rows Removed by Filter: 33843165
  ->  Hash  (cost=291197.02..291197.02 rows=4523930 width=8) (actual time=9375.003..9375.003 rows=4523930 loops=1)
        Buckets: 131072  Batches: 64  Memory Usage: 3816kB
        ->  Hash Join  (cost=102767.86..291197.02 rows=4523930 width=8) (actual time=2735.332..8090.162 rows=4523930 loops=1)
              Hash Cond: (mk.movie_id = t.id)
              ->  Seq Scan on movie_keyword mk  (cost=0.00..69693.30 rows=4523930 width=4) (actual time=0.015..1364.459 rows=4523930 loops=1)
              ->  Hash  (cost=61283.27..61283.27 rows=2528527 width=4) (actual time=2733.292..2733.292 rows=2528312 loops=1)
                    Buckets: 131072  Batches: 64  Memory Usage: 2425kB
                    ->  Seq Scan on title t  (cost=0.00..61283.27 rows=2528527 width=4) (actual time=0.021..1055.164 rows=2528312 loops=1)
Planning time: 1.457 ms
Execution time: 32203.868 ms
