Hash Join  (cost=197226.90..337098.61 rows=1466668 width=0) (actual time=4309.413..9989.196 rows=9795220 loops=1)
  Hash Cond: (mk.movie_id = t.id)
  ->  Seq Scan on movie_keyword mk  (cost=0.00..69693.30 rows=4523930 width=4) (actual time=0.020..1328.166 rows=4523930 loops=1)
  ->  Hash  (cost=183776.97..183776.97 rows=819754 width=8) (actual time=4307.935..4307.935 rows=809974 loops=1)
        Buckets: 131072  Batches: 16  Memory Usage: 3020kB
        ->  Hash Join  (cost=102767.86..183776.97 rows=819754 width=8) (actual time=1887.861..4049.493 rows=809974 loops=1)
              Hash Cond: (mc.movie_id = t.id)
              ->  Seq Scan on movie_companies mc  (cost=0.00..51404.11 rows=819754 width=4) (actual time=0.029..1027.346 rows=809974 loops=1)
                    Filter: (company_id < 1877)
                    Rows Removed by Filter: 1799155
              ->  Hash  (cost=61283.27..61283.27 rows=2528527 width=4) (actual time=1886.681..1886.681 rows=2528312 loops=1)
                    Buckets: 131072  Batches: 64  Memory Usage: 2415kB
                    ->  Seq Scan on title t  (cost=0.00..61283.27 rows=2528527 width=4) (actual time=0.010..1035.468 rows=2528312 loops=1)
Planning time: 1.056 ms
Execution time: 11158.328 ms
