Hash Join  (cost=124079.37..475645.61 rows=27869 width=0) (actual time=4154.796..7355.275 rows=43127 loops=1)
  Hash Cond: (mi.movie_id = t.id)
  ->  Seq Scan on movie_info mi  (cost=0.00..346232.03 rows=1348138 width=4) (actual time=1946.902..4823.015 rows=1298989 loops=1)
        Filter: (info_type_id = 4)
        Rows Removed by Filter: 13536731
  ->  Hash  (cost=123426.00..123426.00 rows=52270 width=8) (actual time=2206.789..2206.789 rows=41638 loops=1)
        Buckets: 65536  Batches: 1  Memory Usage: 2139kB
        ->  Hash Join  (cost=68237.77..123426.00 rows=52270 width=8) (actual time=1099.352..2192.500 rows=41638 loops=1)
              Hash Cond: (mc.movie_id = t.id)
              ->  Seq Scan on movie_companies mc  (cost=0.00..44881.29 rows=2609129 width=4) (actual time=0.037..464.994 rows=2609129 loops=1)
              ->  Hash  (cost=67604.59..67604.59 rows=50655 width=4) (actual time=1098.920..1098.920 rows=50564 loops=1)
                    Buckets: 65536  Batches: 1  Memory Usage: 2290kB
                    ->  Seq Scan on title t  (cost=0.00..67604.59 rows=50655 width=4) (actual time=0.033..1078.342 rows=50564 loops=1)
                          Filter: (production_year = 1999)
                          Rows Removed by Filter: 2477748
Planning time: 1.190 ms
Execution time: 7361.736 ms
