Seq Scan on movie_keyword mk  (cost=0.00..81003.12 rows=1432577 width=0) (actual time=0.024..1352.386 rows=1446400 loops=1)
  Filter: (keyword_id > 11549)
  Rows Removed by Filter: 3077530
Planning time: 0.320 ms
Execution time: 1535.273 ms
