Nested Loop  (cost=0.43..58358.27 rows=51 width=0) (actual time=33.535..960.630 rows=424 loops=1)
  ->  Seq Scan on movie_companies mc  (cost=0.00..57926.93 rows=51 width=4) (actual time=31.677..947.461 rows=424 loops=1)
        Filter: ((company_type_id < 2) AND (company_id = 1822))
        Rows Removed by Filter: 2608705
  ->  Index Only Scan using title_pkey on title t  (cost=0.43..8.45 rows=1 width=4) (actual time=0.029..0.030 rows=1 loops=424)
        Index Cond: (id = mc.movie_id)
        Heap Fetches: 424
Planning time: 2.080 ms
Execution time: 960.868 ms
