Hash Join  (cost=52284.99..803089.06 rows=1490 width=0) (actual time=749.619..15895.746 rows=7830 loops=1)
  Hash Cond: (ci.movie_id = t.id)
  ->  Seq Scan on cast_info ci  (cost=0.00..614943.12 rows=36225612 width=4) (actual time=0.020..8298.283 rows=36244344 loops=1)
  ->  Hash  (cost=52283.69..52283.69 rows=104 width=8) (actual time=746.448..746.448 rows=84 loops=1)
        Buckets: 1024  Batches: 1  Memory Usage: 12kB
        ->  Nested Loop  (cost=0.43..52283.69 rows=104 width=8) (actual time=2.015..746.362 rows=84 loops=1)
              ->  Seq Scan on movie_companies mc  (cost=0.00..51404.11 rows=104 width=4) (actual time=1.950..743.566 rows=84 loops=1)
                    Filter: (company_id = 5286)
                    Rows Removed by Filter: 2609045
              ->  Index Only Scan using title_pkey on title t  (cost=0.43..8.45 rows=1 width=4) (actual time=0.030..0.031 rows=1 loops=84)
                    Index Cond: (id = mc.movie_id)
                    Heap Fetches: 84
Planning time: 1.097 ms
Execution time: 15898.636 ms
