Hash Join  (cost=109031.43..195904.36 rows=36306 width=0) (actual time=1766.544..3592.911 rows=204345 loops=1)
  Hash Cond: (mk.movie_id = t.id)
  ->  Seq Scan on movie_keyword mk  (cost=0.00..81003.12 rows=1468465 width=4) (actual time=0.015..1344.330 rows=1479546 loops=1)
        Filter: (keyword_id > 11078)
        Rows Removed by Filter: 3044384
  ->  Hash  (cost=108249.99..108249.99 rows=62515 width=8) (actual time=1739.807..1739.807 rows=83550 loops=1)
        Buckets: 131072 (originally 65536)  Batches: 2 (originally 1)  Memory Usage: 3073kB
        ->  Hash Join  (cost=69484.36..108249.99 rows=62515 width=8) (actual time=821.519..1714.002 rows=83550 loops=1)
              Hash Cond: (mi_idx.movie_id = t.id)
              ->  Seq Scan on movie_info_idx mi_idx  (cost=0.00..21735.35 rows=1380035 width=4) (actual time=0.008..436.382 rows=1380035 loops=1)
              ->  Hash  (cost=67604.59..67604.59 rows=114542 width=4) (actual time=820.774..820.774 rows=118234 loops=1)
                    Buckets: 131072  Batches: 2  Memory Usage: 3101kB
                    ->  Seq Scan on title t  (cost=0.00..67604.59 rows=114542 width=4) (actual time=72.033..779.999 rows=118234 loops=1)
                          Filter: (kind_id = 4)
                          Rows Removed by Filter: 2410078
Planning time: 2.804 ms
Execution time: 3620.807 ms
