Seq Scan on cast_info ci  (cost=0.00..705507.15 rows=500 width=0) (actual time=3849.585..10205.615 rows=1909 loops=1)
  Filter: (person_id = 2428742)
  Rows Removed by Filter: 36242435
Planning time: 0.357 ms
Execution time: 10205.956 ms
