Seq Scan on movie_companies mc  (cost=0.00..57926.93 rows=505089 width=0) (actual time=0.021..887.442 rows=205941 loops=1)
  Filter: ((company_id > 15275) AND (company_type_id = 1))
  Rows Removed by Filter: 2403188
Planning time: 0.420 ms
Execution time: 914.308 ms
