Hash Join  (cost=483817.44..624109.09 rows=1223595 width=0) (actual time=9652.022..11266.313 rows=403600 loops=1)
  Hash Cond: (mk.movie_id = t.id)
  ->  Seq Scan on movie_keyword mk  (cost=0.00..81003.12 rows=3793753 width=4) (actual time=0.022..1701.224 rows=3794102 loops=1)
        Filter: (keyword_id > 648)
        Rows Removed by Filter: 729828
  ->  Hash  (cost=470437.40..470437.40 rows=815523 width=8) (actual time=7842.925..7842.925 rows=309514 loops=1)
        Buckets: 131072  Batches: 16  Memory Usage: 1778kB
        ->  Hash Join  (cost=92883.59..470437.40 rows=815523 width=8) (actual time=2996.171..7748.749 rows=309514 loops=1)
              Hash Cond: (mi.movie_id = t.id)
              ->  Seq Scan on movie_info mi  (cost=0.00..346232.03 rows=1338312 width=4) (actual time=1397.459..5150.291 rows=1401902 loops=1)
                    Filter: (info_type_id = 7)
                    Rows Removed by Filter: 13433818
              ->  Hash  (cost=67604.59..67604.59 rows=1540800 width=4) (actual time=1597.374..1597.374 rows=1543264 loops=1)
                    Buckets: 131072  Batches: 32  Memory Usage: 2728kB
                    ->  Seq Scan on title t  (cost=0.00..67604.59 rows=1540800 width=4) (actual time=0.039..1100.778 rows=1543264 loops=1)
                          Filter: (kind_id = 7)
                          Rows Removed by Filter: 985048
Planning time: 1.109 ms
Execution time: 11316.389 ms
