Hash Join  (cost=92883.59..208396.35 rows=918232 width=0) (actual time=1556.803..3993.954 rows=238490 loops=1)
  Hash Cond: (mk.movie_id = t.id)
  ->  Seq Scan on movie_keyword mk  (cost=0.00..81003.12 rows=1506863 width=4) (actual time=0.010..1423.194 rows=1525196 loops=1)
        Filter: (keyword_id > 10526)
        Rows Removed by Filter: 2998734
  ->  Hash  (cost=67604.59..67604.59 rows=1540800 width=4) (actual time=1555.910..1555.910 rows=1543264 loops=1)
        Buckets: 131072  Batches: 32  Memory Usage: 2728kB
        ->  Seq Scan on title t  (cost=0.00..67604.59 rows=1540800 width=4) (actual time=40.108..1050.588 rows=1543264 loops=1)
              Filter: (kind_id = 7)
              Rows Removed by Filter: 985048
Planning time: 0.705 ms
Execution time: 4023.649 ms
