Hash Join  (cost=78556.72..195598.73 rows=621407 width=0) (actual time=1461.412..4237.158 rows=1511919 loops=1)
  Hash Cond: (mk.movie_id = t.id)
  ->  Seq Scan on movie_keyword mk  (cost=0.00..81003.12 rows=2353816 width=4) (actual time=0.019..1450.294 rows=2350055 loops=1)
        Filter: (keyword_id > 4228)
        Rows Removed by Filter: 2173875
  ->  Hash  (cost=67604.59..67604.59 rows=667531 width=4) (actual time=1260.421..1260.421 rows=662825 loops=1)
        Buckets: 131072  Batches: 16  Memory Usage: 2486kB
        ->  Seq Scan on title t  (cost=0.00..67604.59 rows=667531 width=4) (actual time=0.026..1053.822 rows=662825 loops=1)
              Filter: (kind_id = 1)
              Rows Removed by Filter: 1865487
Planning time: 0.732 ms
Execution time: 4422.533 ms
