Seq Scan on movie_companies mc  (cost=0.00..57926.93 rows=53 width=0) (actual time=645.577..780.562 rows=1 loops=1)
  Filter: ((company_type_id > 1) AND (company_id = 190319))
  Rows Removed by Filter: 2609128
Planning time: 0.325 ms
Execution time: 780.657 ms
