Hash Join  (cost=118714.24..186444.89 rows=54649 width=0) (actual time=2532.230..4239.202 rows=297710 loops=1)
  Hash Cond: (mc.movie_id = t.id)
  ->  Seq Scan on movie_companies mc  (cost=0.00..51404.11 rows=1329612 width=4) (actual time=0.014..1005.088 rows=1334883 loops=1)
        Filter: (company_type_id > 1)
        Rows Removed by Filter: 1274246
  ->  Hash  (cost=117009.15..117009.15 rows=103927 width=8) (actual time=2531.433..2531.433 rows=226535 loops=1)
        Buckets: 131072 (originally 131072)  Batches: 4 (originally 2)  Memory Usage: 3242kB
        ->  Hash Join  (cost=83198.94..117009.15 rows=103927 width=8) (actual time=1526.215..2451.494 rows=226535 loops=1)
              Hash Cond: (mi_idx.movie_id = t.id)
              ->  Seq Scan on movie_info_idx mi_idx  (cost=0.00..25185.44 rows=464934 width=4) (actual time=0.019..503.297 rows=460185 loops=1)
                    Filter: (info_type_id > 100)
                    Rows Removed by Filter: 919850
              ->  Hash  (cost=73925.90..73925.90 rows=565203 width=4) (actual time=1525.214..1525.214 rows=641785 loops=1)
                    Buckets: 131072  Batches: 8  Memory Usage: 3862kB
                    ->  Seq Scan on title t  (cost=0.00..73925.90 rows=565203 width=4) (actual time=0.010..1327.665 rows=641785 loops=1)
                          Filter: ((kind_id < 7) AND (production_year < 2006))
                          Rows Removed by Filter: 1886527
Planning time: 1.229 ms
Execution time: 4278.799 ms
