Hash Join  (cost=292131.90..937523.14 rows=13791840 width=0) (actual time=5510.197..19643.020 rows=5654209 loops=1)
  Hash Cond: (mi.movie_id = t.id)
  ->  Seq Scan on movie_info mi  (cost=0.00..309384.22 rows=14739122 width=4) (actual time=0.015..5379.066 rows=14835720 loops=1)
  ->  Hash  (cost=253313.66..253313.66 rows=2366019 width=8) (actual time=5252.867..5252.867 rows=540361 loops=1)
        Buckets: 131072  Batches: 32  Memory Usage: 1684kB
        ->  Hash Join  (cost=92883.59..253313.66 rows=2366019 width=8) (actual time=1453.228..5099.716 rows=540361 loops=1)
              Hash Cond: (mk.movie_id = t.id)
              ->  Seq Scan on movie_keyword mk  (cost=0.00..81003.12 rows=3882751 width=4) (actual time=0.013..1664.183 rows=3870326 loops=1)
                    Filter: (keyword_id < 28800)
                    Rows Removed by Filter: 653604
              ->  Hash  (cost=67604.59..67604.59 rows=1540800 width=4) (actual time=1452.656..1452.656 rows=1543264 loops=1)
                    Buckets: 131072  Batches: 32  Memory Usage: 2728kB
                    ->  Seq Scan on title t  (cost=0.00..67604.59 rows=1540800 width=4) (actual time=20.937..982.327 rows=1543264 loops=1)
                          Filter: (kind_id = 7)
                          Rows Removed by Filter: 985048
Planning time: 0.696 ms
Execution time: 20181.340 ms
