Hash Join  (cost=97835.13..174122.72 rows=638321 width=0) (actual time=1880.160..3879.562 rows=476520 loops=1)
  Hash Cond: (mc.movie_id = t.id)
  ->  Seq Scan on movie_companies mc  (cost=0.00..51404.11 rows=1107538 width=4) (actual time=0.024..927.265 rows=1099940 loops=1)
        Filter: (company_id < 7552)
        Rows Removed by Filter: 1509189
  ->  Hash  (cost=73925.90..73925.90 rows=1457298 width=4) (actual time=1781.634..1781.634 rows=1438183 loops=1)
        Buckets: 131072  Batches: 32  Memory Usage: 2604kB
        ->  Seq Scan on title t  (cost=0.00..73925.90 rows=1457298 width=4) (actual time=0.011..1321.033 rows=1438183 loops=1)
              Filter: ((production_year < 2013) AND (kind_id = 7))
              Rows Removed by Filter: 1090129
Planning time: 0.741 ms
Execution time: 3939.611 ms
