Hash Join  (cost=130490.44..952698.66 rows=2740 width=0) (actual time=4738.961..16610.818 rows=13523 loops=1)
  Hash Cond: (ci.movie_id = t.id)
  ->  Seq Scan on cast_info ci  (cost=0.00..796071.18 rows=6962572 width=4) (actual time=3199.566..13139.652 rows=12670688 loops=1)
        Filter: ((person_id < 1975218) AND (role_id = 1))
        Rows Removed by Filter: 23573656
  ->  Hash  (cost=130478.00..130478.00 rows=995 width=8) (actual time=1538.607..1538.607 rows=2656 loops=1)
        Buckets: 4096 (originally 1024)  Batches: 1 (originally 1)  Memory Usage: 136kB
        ->  Hash Join  (cost=73948.96..130478.00 rows=995 width=8) (actual time=900.160..1537.745 rows=2656 loops=1)
              Hash Cond: (mc.movie_id = t.id)
              ->  Seq Scan on movie_companies mc  (cost=0.00..51404.11 rows=1363995 width=4) (actual time=0.046..490.090 rows=1376340 loops=1)
                    Filter: (company_id > 11141)
                    Rows Removed by Filter: 1232789
              ->  Hash  (cost=73925.90..73925.90 rows=1844 width=4) (actual time=899.716..899.716 rows=2300 loops=1)
                    Buckets: 4096 (originally 2048)  Batches: 1 (originally 1)  Memory Usage: 113kB
                    ->  Seq Scan on title t  (cost=0.00..73925.90 rows=1844 width=4) (actual time=438.051..898.434 rows=2300 loops=1)
                          Filter: ((kind_id = 4) AND (production_year = 1997))
                          Rows Removed by Filter: 2526012
Planning time: 2.221 ms
Execution time: 16613.605 ms
