Hash Join  (cost=125813.77..204732.00 rows=280572 width=0) (actual time=2474.591..4734.711 rows=1043146 loops=1)
  Hash Cond: (mc.movie_id = t.id)
  ->  Seq Scan on movie_companies mc  (cost=0.00..44881.29 rows=2609129 width=4) (actual time=0.028..787.839 rows=2609129 loops=1)
  ->  Hash  (cost=121351.97..121351.97 rows=271904 width=8) (actual time=2473.789..2473.789 rows=336452 loops=1)
        Buckets: 131072 (originally 131072)  Batches: 8 (originally 4)  Memory Usage: 3073kB
        ->  Hash Join  (cost=79930.86..121351.97 rows=271904 width=8) (actual time=1200.718..2364.601 rows=336452 loops=1)
              Hash Cond: (mi_idx.movie_id = t.id)
              ->  Seq Scan on movie_info_idx mi_idx  (cost=0.00..25185.44 rows=915101 width=4) (actual time=0.020..509.733 rows=919850 loops=1)
                    Filter: (info_type_id < 101)
                    Rows Removed by Filter: 460185
              ->  Hash  (cost=67604.59..67604.59 rows=751302 width=4) (actual time=1199.662..1199.662 rows=755902 loops=1)
                    Buckets: 131072  Batches: 16  Memory Usage: 2685kB
                    ->  Seq Scan on title t  (cost=0.00..67604.59 rows=751302 width=4) (actual time=0.018..957.971 rows=755902 loops=1)
                          Filter: (production_year < 1993)
                          Rows Removed by Filter: 1772410
Planning time: 1.082 ms
Execution time: 4863.262 ms
