Hash Join  (cost=156359.64..521359.66 rows=34409 width=0) (actual time=2535.997..9449.277 rows=768198 loops=1)
  Hash Cond: (mi.movie_id = t.id)
  ->  Seq Scan on movie_info mi  (cost=0.00..309384.22 rows=14739122 width=4) (actual time=0.028..3717.354 rows=14835720 loops=1)
  ->  Hash  (cost=156285.86..156285.86 rows=5903 width=8) (actual time=2535.199..2535.199 rows=13726 loops=1)
        Buckets: 16384 (originally 8192)  Batches: 1 (originally 1)  Memory Usage: 665kB
        ->  Hash Join  (cost=67697.55..156285.86 rows=5903 width=8) (actual time=875.638..2529.837 rows=13726 loops=1)
              Hash Cond: (mk.movie_id = t.id)
              ->  Seq Scan on movie_keyword mk  (cost=0.00..81003.12 rows=2006974 width=4) (actual time=0.022..1319.761 rows=2014805 loops=1)
                    Filter: (keyword_id > 6175)
                    Rows Removed by Filter: 2509125
              ->  Hash  (cost=67604.59..67604.59 rows=7437 width=4) (actual time=874.498..874.498 rows=14926 loops=1)
                    Buckets: 16384 (originally 8192)  Batches: 1 (originally 1)  Memory Usage: 653kB
                    ->  Seq Scan on title t  (cost=0.00..67604.59 rows=7437 width=4) (actual time=0.034..867.362 rows=14926 loops=1)
                          Filter: (production_year = 1979)
                          Rows Removed by Filter: 2513386
Planning time: 1.037 ms
Execution time: 9548.021 ms
