Hash Join  (cost=121251.03..610472.58 rows=882359 width=0) (actual time=2082.230..12908.013 rows=684084 loops=1)
  Hash Cond: (mi.movie_id = t.id)
  ->  Seq Scan on movie_info mi  (cost=0.00..309384.22 rows=14739122 width=4) (actual time=0.014..5202.196 rows=14835720 loops=1)
  ->  Hash  (cost=118766.90..118766.90 rows=151371 width=8) (actual time=2079.423..2079.423 rows=58773 loops=1)
        Buckets: 131072  Batches: 2  Memory Usage: 2184kB
        ->  Hash Join  (cost=78476.71..118766.90 rows=151371 width=8) (actual time=1057.619..2059.790 rows=58773 loops=1)
              Hash Cond: (mi_idx.movie_id = t.id)
              ->  Seq Scan on movie_info_idx mi_idx  (cost=0.00..21735.35 rows=1380035 width=4) (actual time=0.018..449.247 rows=1380035 loops=1)
              ->  Hash  (cost=73925.90..73925.90 rows=277344 width=4) (actual time=1056.943..1056.943 rows=169544 loops=1)
                    Buckets: 131072  Batches: 4  Memory Usage: 2513kB
                    ->  Seq Scan on title t  (cost=0.00..73925.90 rows=277344 width=4) (actual time=0.022..999.410 rows=169544 loops=1)
                          Filter: ((production_year < 1976) AND (kind_id = 7))
                          Rows Removed by Filter: 2358768
Planning time: 1.144 ms
Execution time: 12995.291 ms
