Seq Scan on movie_keyword mk  (cost=0.00..81003.12 rows=246 width=0) (actual time=0.798..1258.037 rows=726 loops=1)
  Filter: (keyword_id = 1387)
  Rows Removed by Filter: 4523204
Planning time: 3.083 ms
Execution time: 1258.381 ms
