Seq Scan on movie_companies mc  (cost=0.00..51404.11 rows=2032359 width=0) (actual time=0.028..821.499 rows=2027968 loops=1)
  Filter: (company_id < 71043)
  Rows Removed by Filter: 581161
Planning time: 0.565 ms
Execution time: 1068.309 ms
