Seq Scan on cast_info ci  (cost=0.00..796071.18 rows=2357767 width=0) (actual time=5123.065..13330.790 rows=759059 loops=1)
  Filter: ((person_id < 1969660) AND (role_id = 10))
  Rows Removed by Filter: 35485285
Planning time: 0.461 ms
Execution time: 13429.096 ms
