Hash Join  (cost=216010.54..323357.36 rows=609250 width=0) (actual time=4868.669..8918.937 rows=8150769 loops=1)
  Hash Cond: (mk.movie_id = t.id)
  ->  Seq Scan on movie_keyword mk  (cost=0.00..81003.12 rows=1372052 width=4) (actual time=0.025..1329.752 rows=1387924 loops=1)
        Filter: (keyword_id > 12015)
        Rows Removed by Filter: 3136006
  ->  Hash  (cost=197589.87..197589.87 rows=1122774 width=8) (actual time=4867.345..4867.345 rows=1274246 loops=1)
        Buckets: 131072 (originally 131072)  Batches: 32 (originally 16)  Memory Usage: 3073kB
        ->  Hash Join  (cost=102767.86..197589.87 rows=1122774 width=8) (actual time=1828.645..4466.413 rows=1274246 loops=1)
              Hash Cond: (mc.movie_id = t.id)
              ->  Seq Scan on movie_companies mc  (cost=0.00..57926.93 rows=1122774 width=4) (actual time=0.012..1144.339 rows=1274246 loops=1)
                    Filter: ((company_id < 91524) AND (company_type_id = 1))
                    Rows Removed by Filter: 1334883
              ->  Hash  (cost=61283.27..61283.27 rows=2528527 width=4) (actual time=1827.441..1827.441 rows=2528312 loops=1)
                    Buckets: 131072  Batches: 64  Memory Usage: 2415kB
                    ->  Seq Scan on title t  (cost=0.00..61283.27 rows=2528527 width=4) (actual time=0.034..1007.257 rows=2528312 loops=1)
Planning time: 1.054 ms
Execution time: 9847.683 ms
