Seq Scan on cast_info ci  (cost=0.00..796071.18 rows=7795 width=0) (actual time=1442.921..9929.908 rows=3802 loops=1)
  Filter: ((person_id < 31027) AND (role_id = 5))
  Rows Removed by Filter: 36240542
Planning time: 0.268 ms
Execution time: 9930.473 ms
