Hash Join  (cost=160526.42..1167039.49 rows=4627558 width=0) (actual time=4378.614..24141.124 rows=6072738 loops=1)
  Hash Cond: (ci.movie_id = t.id)
  ->  Seq Scan on cast_info ci  (cost=0.00..796071.18 rows=13913956 width=4) (actual time=1318.920..14623.438 rows=10950374 loops=1)
        Filter: ((person_id < 3148129) AND (role_id > 2))
        Rows Removed by Filter: 25293970
  ->  Hash  (cost=146729.58..146729.58 rows=840947 width=8) (actual time=3057.939..3057.939 rows=425718 loops=1)
        Buckets: 131072  Batches: 16  Memory Usage: 2062kB
        ->  Hash Join  (cost=92883.59..146729.58 rows=840947 width=8) (actual time=1940.216..2968.932 rows=425718 loops=1)
              Hash Cond: (mi_idx.movie_id = t.id)
              ->  Seq Scan on movie_info_idx mi_idx  (cost=0.00..21735.35 rows=1380035 width=4) (actual time=0.025..396.691 rows=1380035 loops=1)
              ->  Hash  (cost=67604.59..67604.59 rows=1540800 width=4) (actual time=1724.236..1724.236 rows=1543264 loops=1)
                    Buckets: 131072  Batches: 32  Memory Usage: 2722kB
                    ->  Seq Scan on title t  (cost=0.00..67604.59 rows=1540800 width=4) (actual time=0.019..1032.850 rows=1543264 loops=1)
                          Filter: (kind_id = 7)
                          Rows Removed by Filter: 985048
Planning time: 1.132 ms
Execution time: 24855.052 ms
