Hash Join  (cost=229840.48..1341050.45 rows=9288940 width=0) (actual time=7103.076..33851.109 rows=6049761 loops=1)
  Hash Cond: (ci.movie_id = t.id)
  ->  Seq Scan on cast_info ci  (cost=0.00..705507.15 rows=26757444 width=4) (actual time=2163.552..15331.983 rows=26859641 loops=1)
        Filter: (role_id < 5)
        Rows Removed by Filter: 9384703
  ->  Hash  (cost=215439.14..215439.14 rows=877787 width=8) (actual time=4938.093..4938.093 rows=221079 loops=1)
        Buckets: 131072  Batches: 16  Memory Usage: 1576kB
        ->  Hash Join  (cost=85000.09..215439.14 rows=877787 width=8) (actual time=1534.265..4867.799 rows=221079 loops=1)
              Hash Cond: (mk.movie_id = t.id)
              ->  Seq Scan on movie_keyword mk  (cost=0.00..81003.12 rows=3288282 width=4) (actual time=0.031..1657.996 rows=3275619 loops=1)
                    Filter: (keyword_id < 14465)
                    Rows Removed by Filter: 1248311
              ->  Hash  (cost=73925.90..73925.90 rows=674975 width=4) (actual time=1325.938..1325.938 rows=739679 loops=1)
                    Buckets: 131072  Batches: 16  Memory Usage: 2660kB
                    ->  Seq Scan on title t  (cost=0.00..73925.90 rows=674975 width=4) (actual time=0.024..1087.695 rows=739679 loops=1)
                          Filter: ((production_year > 2004) AND (kind_id = 7))
                          Rows Removed by Filter: 1788633
Planning time: 1.943 ms
Execution time: 34566.576 ms
