Hash Join  (cost=102767.86..222113.01 rows=1182894 width=0) (actual time=1969.111..4606.966 rows=1193644 loops=1)
  Hash Cond: (mk.movie_id = t.id)
  ->  Seq Scan on movie_keyword mk  (cost=0.00..81003.12 rows=1182894 width=4) (actual time=0.018..1354.125 rows=1193644 loops=1)
        Filter: (keyword_id > 15489)
        Rows Removed by Filter: 3330286
  ->  Hash  (cost=61283.27..61283.27 rows=2528527 width=4) (actual time=1966.637..1966.637 rows=2528312 loops=1)
        Buckets: 131072  Batches: 64  Memory Usage: 2425kB
        ->  Seq Scan on title t  (cost=0.00..61283.27 rows=2528527 width=4) (actual time=0.014..1097.068 rows=2528312 loops=1)
Planning time: 0.719 ms
Execution time: 4743.694 ms
