Seq Scan on cast_info ci  (cost=0.00..796071.18 rows=9130422 width=0) (actual time=1304.336..14392.226 rows=12670688 loops=1)
  Filter: ((person_id < 2687455) AND (role_id = 1))
  Rows Removed by Filter: 23573656
Planning time: 3.853 ms
Execution time: 15959.472 ms
