Hash Join  (cost=74461.60..137130.55 rows=20506 width=0) (actual time=1484.173..2329.659 rows=49756 loops=1)
  Hash Cond: (mc.movie_id = t.id)
  ->  Seq Scan on movie_companies mc  (cost=0.00..57926.93 rows=1209853 width=4) (actual time=481.983..1059.809 rows=1097897 loops=1)
        Filter: ((company_id < 103787) AND (company_type_id > 1))
        Rows Removed by Filter: 1511232
  ->  Hash  (cost=73925.90..73925.90 rows=42856 width=4) (actual time=1001.659..1001.659 rows=46784 loops=1)
        Buckets: 65536  Batches: 1  Memory Usage: 2157kB
        ->  Seq Scan on title t  (cost=0.00..73925.90 rows=42856 width=4) (actual time=0.037..982.002 rows=46784 loops=1)
              Filter: ((production_year < 2003) AND (kind_id = 2))
              Rows Removed by Filter: 2481528
Planning time: 0.757 ms
Execution time: 2336.139 ms
