Hash Join  (cost=98498.33..178128.55 rows=757892 width=0) (actual time=2122.416..3760.045 rows=314718 loops=1)
  Hash Cond: (mc.movie_id = t.id)
  ->  Seq Scan on movie_companies mc  (cost=0.00..51404.11 rows=1279517 width=4) (actual time=286.739..990.356 rows=1274246 loops=1)
        Filter: (company_type_id = 1)
        Rows Removed by Filter: 1334883
  ->  Hash  (cost=73925.90..73925.90 rows=1497714 width=4) (actual time=1834.102..1834.102 rows=1478440 loops=1)
        Buckets: 131072  Batches: 32  Memory Usage: 2651kB
        ->  Seq Scan on title t  (cost=0.00..73925.90 rows=1497714 width=4) (actual time=0.035..1388.137 rows=1478440 loops=1)
              Filter: ((production_year > 0) AND (kind_id = 7))
              Rows Removed by Filter: 1049872
Planning time: 2.730 ms
Execution time: 3798.925 ms
