Hash Join  (cost=77620.93..175497.13 rows=114368 width=0) (actual time=1196.046..3196.762 rows=371548 loops=1)
  Hash Cond: (mk.movie_id = t.id)
  ->  Seq Scan on movie_keyword mk  (cost=0.00..81003.12 rows=1284105 width=4) (actual time=0.017..1338.044 rows=1297042 loops=1)
        Filter: (keyword_id < 1684)
        Rows Removed by Filter: 3226888
  ->  Hash  (cost=73925.90..73925.90 rows=225202 width=4) (actual time=1195.312..1195.312 rows=334539 loops=1)
        Buckets: 131072  Batches: 4  Memory Usage: 3972kB
        ->  Seq Scan on title t  (cost=0.00..73925.90 rows=225202 width=4) (actual time=0.040..1081.180 rows=334539 loops=1)
              Filter: ((kind_id < 7) AND (production_year < 1984))
              Rows Removed by Filter: 2193773
Planning time: 0.777 ms
Execution time: 3241.290 ms
