Hash Join  (cost=329136.49..1800080.67 rows=32093724 width=0) (actual time=7428.334..60486.161 rows=91224085 loops=1)
  Hash Cond: (ci.movie_id = t.id)
  ->  Seq Scan on cast_info ci  (cost=0.00..796071.18 rows=24238682 width=4) (actual time=0.017..17907.953 rows=23996803 loops=1)
        Filter: ((person_id > 318134) AND (role_id < 5))
        Rows Removed by Filter: 12247541
  ->  Hash  (cost=274209.14..274209.14 rows=3347948 width=8) (actual time=7427.015..7427.015 rows=3336411 loops=1)
        Buckets: 131072  Batches: 64  Memory Usage: 3082kB
        ->  Hash Join  (cost=102767.86..274209.14 rows=3347948 width=8) (actual time=1722.148..6406.856 rows=3336411 loops=1)
              Hash Cond: (mk.movie_id = t.id)
              ->  Seq Scan on movie_keyword mk  (cost=0.00..81003.12 rows=3347948 width=4) (actual time=0.013..1673.703 rows=3336411 loops=1)
                    Filter: (keyword_id < 15616)
                    Rows Removed by Filter: 1187519
              ->  Hash  (cost=61283.27..61283.27 rows=2528527 width=4) (actual time=1721.260..1721.260 rows=2528312 loops=1)
                    Buckets: 131072  Batches: 64  Memory Usage: 2425kB
                    ->  Seq Scan on title t  (cost=0.00..61283.27 rows=2528527 width=4) (actual time=0.018..872.426 rows=2528312 loops=1)
Planning time: 1.172 ms
Execution time: 70900.566 ms
