Hash Join  (cost=78556.72..817884.79 rows=580177 width=0) (actual time=3237.014..12863.595 rows=639573 loops=1)
  Hash Cond: (ci.movie_id = t.id)
  ->  Seq Scan on cast_info ci  (cost=0.00..705507.15 rows=2197639 width=4) (actual time=1923.728..10231.952 rows=2134232 loops=1)
        Filter: (person_id < 209601)
        Rows Removed by Filter: 34110112
  ->  Hash  (cost=67604.59..67604.59 rows=667531 width=4) (actual time=1298.244..1298.244 rows=662825 loops=1)
        Buckets: 131072  Batches: 16  Memory Usage: 2476kB
        ->  Seq Scan on title t  (cost=0.00..67604.59 rows=667531 width=4) (actual time=128.296..763.534 rows=662825 loops=1)
              Filter: (kind_id = 1)
              Rows Removed by Filter: 1865487
Planning time: 0.771 ms
Execution time: 12946.235 ms
