Seq Scan on movie_companies mc  (cost=0.00..57926.93 rows=51 width=0) (actual time=273.688..704.857 rows=213 loops=1)
  Filter: ((company_id = 14916) AND (company_type_id = 1))
  Rows Removed by Filter: 2608916
Planning time: 0.351 ms
Execution time: 705.007 ms
