Hash Join  (cost=139022.77..504179.71 rows=50101 width=0) (actual time=1343.857..7955.658 rows=54637 loops=1)
  Hash Cond: (mi.movie_id = t.id)
  ->  Seq Scan on movie_info mi  (cost=0.00..309384.22 rows=14739122 width=4) (actual time=0.017..3650.468 rows=14835720 loops=1)
  ->  Hash  (cost=138915.34..138915.34 rows=8595 width=8) (actual time=1342.972..1342.972 rows=9060 loops=1)
        Buckets: 16384  Batches: 1  Memory Usage: 482kB
        ->  Nested Loop  (cost=0.43..138915.34 rows=8595 width=8) (actual time=10.786..1338.089 rows=9060 loops=1)
              ->  Seq Scan on movie_keyword mk  (cost=0.00..81003.12 rows=8595 width=4) (actual time=10.715..1170.559 rows=9060 loops=1)
                    Filter: (keyword_id = 47)
                    Rows Removed by Filter: 4514870
              ->  Index Only Scan using title_pkey on title t  (cost=0.43..6.73 rows=1 width=4) (actual time=0.017..0.018 rows=1 loops=9060)
                    Index Cond: (id = mk.movie_id)
                    Heap Fetches: 9060
Planning time: 1.137 ms
Execution time: 7964.591 ms
