Seq Scan on cast_info ci  (cost=0.00..796071.18 rows=1064305 width=0) (actual time=4879.072..11923.478 rows=838940 loops=1)
  Filter: ((person_id < 2244776) AND (role_id = 8))
  Rows Removed by Filter: 35405404
Planning time: 0.372 ms
Execution time: 12027.304 ms
