Seq Scan on cast_info ci  (cost=0.00..796071.18 rows=12828155 width=0) (actual time=2257.744..14050.826 rows=19025614 loops=1)
  Filter: ((person_id > 1614817) AND (role_id > 1))
  Rows Removed by Filter: 17218730
Planning time: 0.367 ms
Execution time: 16446.552 ms
