Seq Scan on movie_keyword mk  (cost=0.00..81003.12 rows=595789 width=0) (actual time=0.021..1204.714 rows=596164 loops=1)
  Filter: (keyword_id > 30821)
  Rows Removed by Filter: 3927766
Planning time: 0.318 ms
Execution time: 1279.492 ms
