Hash Join  (cost=126049.53..194747.46 rows=63446 width=0) (actual time=3496.368..4888.213 rows=747503 loops=1)
  Hash Cond: (mc.movie_id = t.id)
  ->  Seq Scan on movie_companies mc  (cost=0.00..57926.93 rows=809475 width=4) (actual time=350.035..1069.072 rows=1111844 loops=1)
        Filter: ((company_id < 17801) AND (company_type_id = 1))
        Rows Removed by Filter: 1497285
  ->  Hash  (cost=122797.23..122797.23 rows=198184 width=8) (actual time=2812.908..2812.908 rows=384954 loops=1)
        Buckets: 131072 (originally 131072)  Batches: 8 (originally 4)  Memory Usage: 3073kB
        ->  Hash Join  (cost=82871.49..122797.23 rows=198184 width=8) (actual time=1677.042..2718.071 rows=384954 loops=1)
              Hash Cond: (mi_idx.movie_id = t.id)
              ->  Seq Scan on movie_info_idx mi_idx  (cost=0.00..25185.44 rows=919057 width=4) (actual time=0.025..641.169 rows=920110 loops=1)
                    Filter: (info_type_id > 99)
                    Rows Removed by Filter: 459925
              ->  Hash  (cost=73925.90..73925.90 rows=545247 width=4) (actual time=1506.032..1506.032 rows=557319 loops=1)
                    Buckets: 131072  Batches: 8  Memory Usage: 3485kB
                    ->  Seq Scan on title t  (cost=0.00..73925.90 rows=545247 width=4) (actual time=0.891..1337.688 rows=557319 loops=1)
                          Filter: ((production_year < 2011) AND (kind_id = 1))
                          Rows Removed by Filter: 1970993
Planning time: 0.818 ms
Execution time: 4978.665 ms
