Seq Scan on cast_info ci  (cost=0.00..796071.18 rows=20120207 width=0) (actual time=3375.990..14191.280 rows=18301937 loops=1)
  Filter: ((person_id < 3134262) AND (role_id > 1))
  Rows Removed by Filter: 17942407
Planning time: 0.333 ms
Execution time: 16333.064 ms
