Hash Join  (cost=884772.66..1015811.21 rows=212260 width=0) (actual time=12889.550..15895.214 rows=309391 loops=1)
  Hash Cond: (mk.movie_id = t.id)
  ->  Seq Scan on movie_keyword mk  (cost=0.00..81003.12 rows=4099418 width=4) (actual time=0.032..1697.604 rows=4087742 loops=1)
        Filter: (keyword_id > 335)
        Rows Removed by Filter: 436188
  ->  Hash  (cost=882624.14..882624.14 rows=130922 width=8) (actual time=12888.608..12888.608 rows=51591 loops=1)
        Buckets: 131072  Batches: 2  Memory Usage: 2040kB
        ->  Hash Join  (cost=74823.14..882624.14 rows=130922 width=8) (actual time=6132.252..12870.507 rows=51591 loops=1)
              Hash Cond: (ci.movie_id = t.id)
              ->  Seq Scan on cast_info ci  (cost=0.00..796071.18 rows=752427 width=4) (actual time=4941.805..10427.965 rows=359417 loops=1)
                    Filter: ((person_id < 334640) AND (role_id > 7))
                    Rows Removed by Filter: 35884927
              ->  Hash  (cost=67604.59..67604.59 rows=439964 width=4) (actual time=1189.145..1189.145 rows=437515 loops=1)
                    Buckets: 131072  Batches: 8  Memory Usage: 2944kB
                    ->  Seq Scan on title t  (cost=0.00..67604.59 rows=439964 width=4) (actual time=0.051..1047.965 rows=437515 loops=1)
                          Filter: (production_year < 1975)
                          Rows Removed by Filter: 2090797
Planning time: 10.498 ms
Execution time: 15935.764 ms
