Hash Join  (cost=205123.29..349248.44 rows=1815811 width=0) (actual time=4937.070..10660.298 rows=9028828 loops=1)
  Hash Cond: (mk.movie_id = t.id)
  ->  Seq Scan on movie_keyword mk  (cost=0.00..69693.30 rows=4523930 width=4) (actual time=0.023..1420.167 rows=4523930 loops=1)
  ->  Hash  (cost=188472.06..188472.06 rows=1014898 width=8) (actual time=4935.996..4935.996 rows=1023245 loops=1)
        Buckets: 131072  Batches: 16  Memory Usage: 3553kB
        ->  Hash Join  (cost=102767.86..188472.06 rows=1014898 width=8) (actual time=1889.243..4624.497 rows=1023245 loops=1)
              Hash Cond: (mc.movie_id = t.id)
              ->  Seq Scan on movie_companies mc  (cost=0.00..51404.11 rows=1014898 width=4) (actual time=25.249..852.053 rows=1023245 loops=1)
                    Filter: (company_id > 15824)
                    Rows Removed by Filter: 1585884
              ->  Hash  (cost=61283.27..61283.27 rows=2528527 width=4) (actual time=1862.779..1862.779 rows=2528312 loops=1)
                    Buckets: 131072  Batches: 64  Memory Usage: 2415kB
                    ->  Seq Scan on title t  (cost=0.00..61283.27 rows=2528527 width=4) (actual time=0.015..1059.184 rows=2528312 loops=1)
Planning time: 1.096 ms
Execution time: 11748.102 ms
