Seq Scan on movie_companies mc  (cost=0.00..57926.93 rows=53 width=0) (actual time=182.009..823.258 rows=13 loops=1)
  Filter: ((company_id = 15647) AND (company_type_id = 2))
  Rows Removed by Filter: 2609116
Planning time: 0.360 ms
Execution time: 823.354 ms
