Hash Join  (cost=156487.41..1065408.65 rows=1512469 width=0) (actual time=9342.107..27032.665 rows=4798120 loops=1)
  Hash Cond: (ci.movie_id = t.id)
  ->  Seq Scan on cast_info ci  (cost=0.00..796071.18 rows=8296097 width=4) (actual time=6199.094..15015.222 rows=12670688 loops=1)
        Filter: ((person_id < 2408230) AND (role_id = 1))
        Rows Removed by Filter: 23573656
  ->  Hash  (cost=148924.19..148924.19 rows=460978 width=8) (actual time=3142.255..3142.255 rows=459925 loops=1)
        Buckets: 131072  Batches: 8  Memory Usage: 3275kB
        ->  Hash Join  (cost=102767.86..148924.19 rows=460978 width=8) (actual time=1762.251..3002.181 rows=459925 loops=1)
              Hash Cond: (mi_idx.movie_id = t.id)
              ->  Seq Scan on movie_info_idx mi_idx  (cost=0.00..25185.44 rows=460978 width=4) (actual time=0.030..444.870 rows=459925 loops=1)
                    Filter: (info_type_id < 100)
                    Rows Removed by Filter: 920110
              ->  Hash  (cost=61283.27..61283.27 rows=2528527 width=4) (actual time=1761.429..1761.429 rows=2528312 loops=1)
                    Buckets: 131072  Batches: 64  Memory Usage: 2415kB
                    ->  Seq Scan on title t  (cost=0.00..61283.27 rows=2528527 width=4) (actual time=0.033..899.134 rows=2528312 loops=1)
Planning time: 1.118 ms
Execution time: 27544.889 ms
