Seq Scan on cast_info ci  (cost=0.00..705507.15 rows=500 width=0) (actual time=1622.729..10086.105 rows=133 loops=1)
  Filter: (person_id = 3033975)
  Rows Removed by Filter: 36244211
Planning time: 0.354 ms
Execution time: 10086.240 ms
