Hash Join  (cost=450186.96..578323.09 rows=503410 width=0) (actual time=7725.508..11267.196 rows=2968040 loops=1)
  Hash Cond: (mk.movie_id = t.id)
  ->  Seq Scan on movie_keyword mk  (cost=0.00..69693.30 rows=4523930 width=4) (actual time=0.019..1238.866 rows=4523930 loops=1)
  ->  Hash  (cost=445569.87..445569.87 rows=281367 width=8) (actual time=7724.590..7724.590 rows=220671 loops=1)
        Buckets: 131072  Batches: 4  Memory Usage: 3184kB
        ->  Hash Join  (cost=74050.79..445569.87 rows=281367 width=8) (actual time=1567.161..7648.500 rows=220671 loops=1)
              Hash Cond: (mi.movie_id = t.id)
              ->  Seq Scan on movie_info mi  (cost=0.00..346232.03 rows=1810770 width=4) (actual time=246.205..4668.935 rows=1865632 loops=1)
                    Filter: (info_type_id > 17)
                    Rows Removed by Filter: 12970088
              ->  Hash  (cost=67604.59..67604.59 rows=392896 width=4) (actual time=1197.068..1197.068 rows=391666 loops=1)
                    Buckets: 131072  Batches: 8  Memory Usage: 2759kB
                    ->  Seq Scan on title t  (cost=0.00..67604.59 rows=392896 width=4) (actual time=0.010..1065.208 rows=391666 loops=1)
                          Filter: (production_year > 2010)
                          Rows Removed by Filter: 2136646
Planning time: 1.076 ms
Execution time: 11606.412 ms
