Seq Scan on movie_keyword mk  (cost=0.00..81003.12 rows=246 width=0) (actual time=30.129..1167.204 rows=69 loops=1)
  Filter: (keyword_id = 15172)
  Rows Removed by Filter: 4523861
Planning time: 0.255 ms
Execution time: 1167.323 ms
