Hash Join  (cost=266673.69..1611326.03 rows=25851816 width=0) (actual time=5685.000..55815.392 rows=83742562 loops=1)
  Hash Cond: (ci.movie_id = t.id)
  ->  Seq Scan on cast_info ci  (cost=0.00..614943.12 rows=36225612 width=4) (actual time=0.020..11803.786 rows=36244344 loops=1)
  ->  Hash  (cost=237069.17..237069.17 rows=1804442 width=8) (actual time=5683.680..5683.680 rows=1810428 loops=1)
        Buckets: 131072  Batches: 32  Memory Usage: 3221kB
        ->  Hash Join  (cost=102767.86..237069.17 rows=1804442 width=8) (actual time=1851.411..5164.415 rows=1810428 loops=1)
              Hash Cond: (mk.movie_id = t.id)
              ->  Seq Scan on movie_keyword mk  (cost=0.00..81003.12 rows=1804442 width=4) (actual time=0.031..1508.152 rows=1810428 loops=1)
                    Filter: (keyword_id < 2939)
                    Rows Removed by Filter: 2713502
              ->  Hash  (cost=61283.27..61283.27 rows=2528527 width=4) (actual time=1849.281..1849.281 rows=2528312 loops=1)
                    Buckets: 131072  Batches: 64  Memory Usage: 2425kB
                    ->  Seq Scan on title t  (cost=0.00..61283.27 rows=2528527 width=4) (actual time=0.023..966.518 rows=2528312 loops=1)
Planning time: 1.064 ms
Execution time: 64773.638 ms
