Hash Join  (cost=162611.86..302084.27 rows=1433937 width=0) (actual time=3695.712..7551.045 rows=2603403 loops=1)
  Hash Cond: (mk.movie_id = t.id)
  ->  Seq Scan on movie_keyword mk  (cost=0.00..69693.30 rows=4523930 width=4) (actual time=0.018..1375.327 rows=4523930 loops=1)
  ->  Hash  (cost=149462.61..149462.61 rows=801460 width=8) (actual time=3694.020..3694.020 rows=662838 loops=1)
        Buckets: 131072  Batches: 16  Memory Usage: 2666kB
        ->  Hash Join  (cost=98018.53..149462.61 rows=801460 width=8) (actual time=2085.751..3522.967 rows=662838 loops=1)
              Hash Cond: (mi_idx.movie_id = t.id)
              ->  Seq Scan on movie_info_idx mi_idx  (cost=0.00..21735.35 rows=1380035 width=4) (actual time=0.022..425.694 rows=1380035 loops=1)
              ->  Hash  (cost=73925.90..73925.90 rows=1468450 width=4) (actual time=2084.385..2084.385 rows=1591292 loops=1)
                    Buckets: 131072  Batches: 32  Memory Usage: 2782kB
                    ->  Seq Scan on title t  (cost=0.00..73925.90 rows=1468450 width=4) (actual time=0.032..1560.827 rows=1591292 loops=1)
                          Filter: ((kind_id > 1) AND (production_year > 1976))
                          Rows Removed by Filter: 937020
Planning time: 1.166 ms
Execution time: 7822.126 ms
