Seq Scan on movie_companies mc  (cost=0.00..51404.11 rows=534026 width=0) (actual time=0.012..912.267 rows=531492 loops=1)
  Filter: (company_id < 517)
  Rows Removed by Filter: 2077637
Planning time: 0.207 ms
Execution time: 980.035 ms
