Hash Join  (cost=92883.59..199119.23 rows=619246 width=0) (actual time=1755.911..3792.364 rows=126511 loops=1)
  Hash Cond: (mk.movie_id = t.id)
  ->  Seq Scan on movie_keyword mk  (cost=0.00..81003.12 rows=1016212 width=4) (actual time=0.018..1366.838 rows=1020820 loops=1)
        Filter: (keyword_id < 994)
        Rows Removed by Filter: 3503110
  ->  Hash  (cost=67604.59..67604.59 rows=1540800 width=4) (actual time=1638.404..1638.404 rows=1543264 loops=1)
        Buckets: 131072  Batches: 32  Memory Usage: 2728kB
        ->  Seq Scan on title t  (cost=0.00..67604.59 rows=1540800 width=4) (actual time=0.023..1124.274 rows=1543264 loops=1)
              Filter: (kind_id = 7)
              Rows Removed by Filter: 985048
Planning time: 0.669 ms
Execution time: 3807.919 ms
