Seq Scan on movie_keyword mk  (cost=0.00..81003.12 rows=1060837 width=0) (actual time=0.023..984.425 rows=1066431 loops=1)
  Filter: (keyword_id < 1066)
  Rows Removed by Filter: 3457499
Planning time: 0.287 ms
Execution time: 1104.790 ms
