Hash Join  (cost=94699.36..848133.52 rows=20429 width=0) (actual time=1520.324..16531.860 rows=98588 loops=1)
  Hash Cond: (ci.movie_id = t.id)
  ->  Seq Scan on cast_info ci  (cost=0.00..705507.15 rows=12726058 width=4) (actual time=0.015..12865.817 rows=12670688 loops=1)
        Filter: (role_id < 2)
        Rows Removed by Filter: 23573656
  ->  Hash  (cost=94648.62..94648.62 rows=4059 width=8) (actual time=1520.223..1520.223 rows=9240 loops=1)
        Buckets: 16384 (originally 4096)  Batches: 1 (originally 1)  Memory Usage: 489kB
        ->  Hash Join  (cost=67697.55..94648.62 rows=4059 width=8) (actual time=966.273..1516.668 rows=9240 loops=1)
              Hash Cond: (mi_idx.movie_id = t.id)
              ->  Seq Scan on movie_info_idx mi_idx  (cost=0.00..21735.35 rows=1380035 width=4) (actual time=0.018..252.013 rows=1380035 loops=1)
              ->  Hash  (cost=67604.59..67604.59 rows=7437 width=4) (actual time=965.437..965.437 rows=14235 loops=1)
                    Buckets: 16384 (originally 8192)  Batches: 1 (originally 1)  Memory Usage: 629kB
                    ->  Seq Scan on title t  (cost=0.00..67604.59 rows=7437 width=4) (actual time=0.037..958.708 rows=14235 loops=1)
                          Filter: (production_year = 1968)
                          Rows Removed by Filter: 2514077
Planning time: 1.202 ms
Execution time: 16546.936 ms
