Hash Join  (cost=197175.68..264822.57 rows=27127 width=0) (actual time=3174.307..4451.657 rows=358522 loops=1)
  Hash Cond: (mc.movie_id = t.id)
  ->  Seq Scan on movie_companies mc  (cost=0.00..57926.93 rows=787651 width=4) (actual time=0.017..982.921 rows=572826 loops=1)
        Filter: ((company_id > 4808) AND (company_type_id < 2))
        Rows Removed by Filter: 2036303
  ->  Hash  (cost=195746.11..195746.11 rows=87085 width=8) (actual time=3173.409..3173.409 rows=85201 loops=1)
        Buckets: 131072  Batches: 2  Memory Usage: 2692kB
        ->  Hash Join  (cost=102767.86..195746.11 rows=87085 width=8) (actual time=1686.197..3145.453 rows=85201 loops=1)
              Hash Cond: (mk.movie_id = t.id)
              ->  Seq Scan on movie_keyword mk  (cost=0.00..81003.12 rows=87085 width=4) (actual time=0.023..983.516 rows=85201 loops=1)
                    Filter: (keyword_id > 86299)
                    Rows Removed by Filter: 4438729
              ->  Hash  (cost=61283.27..61283.27 rows=2528527 width=4) (actual time=1682.173..1682.173 rows=2528312 loops=1)
                    Buckets: 131072  Batches: 64  Memory Usage: 2425kB
                    ->  Seq Scan on title t  (cost=0.00..61283.27 rows=2528527 width=4) (actual time=0.012..832.706 rows=2528312 loops=1)
Planning time: 3.642 ms
Execution time: 4495.681 ms
