Seq Scan on movie_keyword mk  (cost=0.00..81003.12 rows=4322881 width=0) (actual time=0.022..1505.939 rows=4321222 loops=1)
  Filter: (keyword_id < 68034)
  Rows Removed by Filter: 202708
Planning time: 0.280 ms
Execution time: 2057.948 ms
