Seq Scan on movie_keyword mk  (cost=0.00..81003.12 rows=1430461 width=0) (actual time=0.024..1482.300 rows=1446291 loops=1)
  Filter: (keyword_id < 2027)
  Rows Removed by Filter: 3077639
Planning time: 0.307 ms
Execution time: 1670.431 ms
