Hash Join  (cost=101926.12..269406.70 rows=2753729 width=0) (actual time=2497.290..6801.276 rows=1494331 loops=1)
  Hash Cond: (mk.movie_id = t.id)
  ->  Seq Scan on movie_keyword mk  (cost=0.00..81003.12 rows=4079834 width=4) (actual time=0.011..1763.025 rows=4081978 loops=1)
        Filter: (keyword_id < 39973)
        Rows Removed by Filter: 441952
  ->  Hash  (cost=73925.90..73925.90 rows=1706657 width=4) (actual time=2496.416..2496.416 rows=1799556 loops=1)
        Buckets: 131072  Batches: 32  Memory Usage: 3012kB
        ->  Seq Scan on title t  (cost=0.00..73925.90 rows=1706657 width=4) (actual time=0.012..1461.393 rows=1799556 loops=1)
              Filter: ((kind_id > 1) AND (production_year > 1940))
              Rows Removed by Filter: 728756
Planning time: 0.489 ms
Execution time: 6986.099 ms
