Hash Join  (cost=102221.11..200162.14 rows=52783 width=0) (actual time=1657.845..3554.115 rows=245940 loops=1)
  Hash Cond: (mk.movie_id = t.id)
  ->  Seq Scan on movie_keyword mk  (cost=0.00..81003.12 rows=4376020 width=4) (actual time=0.024..1256.039 rows=4376757 loops=1)
        Filter: (keyword_id < 74171)
        Rows Removed by Filter: 147173
  ->  Hash  (cost=101839.88..101839.88 rows=30499 width=8) (actual time=1657.013..1657.013 rows=53373 loops=1)
        Buckets: 65536 (originally 32768)  Batches: 1 (originally 1)  Memory Usage: 2597kB
        ->  Hash Join  (cost=74624.40..101839.88 rows=30499 width=8) (actual time=1206.727..1638.968 rows=53373 loops=1)
              Hash Cond: (mi_idx.movie_id = t.id)
              ->  Seq Scan on movie_info_idx mi_idx  (cost=0.00..21735.35 rows=1380035 width=4) (actual time=0.013..264.861 rows=1380035 loops=1)
              ->  Hash  (cost=73925.90..73925.90 rows=55880 width=4) (actual time=1034.772..1034.772 rows=43879 loops=1)
                    Buckets: 65536  Batches: 1  Memory Usage: 2055kB
                    ->  Seq Scan on title t  (cost=0.00..73925.90 rows=55880 width=4) (actual time=0.021..1018.756 rows=43879 loops=1)
                          Filter: ((production_year > 2000) AND (kind_id = 3))
                          Rows Removed by Filter: 2484433
Planning time: 1.060 ms
Execution time: 3583.616 ms
