Hash Join  (cost=94699.36..452486.36 rows=4925 width=0) (actual time=1751.884..6552.227 rows=23474 loops=1)
  Hash Cond: (mi.movie_id = t.id)
  ->  Seq Scan on movie_info mi  (cost=0.00..346232.03 rows=3068194 width=4) (actual time=246.090..4557.904 rows=3036719 loops=1)
        Filter: (info_type_id = 16)
        Rows Removed by Filter: 11799001
  ->  Hash  (cost=94648.62..94648.62 rows=4059 width=8) (actual time=1505.483..1505.483 rows=14292 loops=1)
        Buckets: 16384 (originally 4096)  Batches: 1 (originally 1)  Memory Usage: 687kB
        ->  Hash Join  (cost=67697.55..94648.62 rows=4059 width=8) (actual time=941.489..1500.428 rows=14292 loops=1)
              Hash Cond: (mi_idx.movie_id = t.id)
              ->  Seq Scan on movie_info_idx mi_idx  (cost=0.00..21735.35 rows=1380035 width=4) (actual time=0.035..260.491 rows=1380035 loops=1)
              ->  Hash  (cost=67604.59..67604.59 rows=7437 width=4) (actual time=941.232..941.232 rows=19440 loops=1)
                    Buckets: 32768 (originally 8192)  Batches: 1 (originally 1)  Memory Usage: 940kB
                    ->  Seq Scan on title t  (cost=0.00..67604.59 rows=7437 width=4) (actual time=0.259..931.768 rows=19440 loops=1)
                          Filter: (production_year = 1986)
                          Rows Removed by Filter: 2508872
Planning time: 1.227 ms
Execution time: 6555.596 ms
