Hash Join  (cost=83074.74..447745.01 rows=1434 width=0) (actual time=1137.821..6895.429 rows=3343 loops=1)
  Hash Cond: (mi.movie_id = t.id)
  ->  Seq Scan on movie_info mi  (cost=0.00..309384.22 rows=14739122 width=4) (actual time=0.015..3257.783 rows=14835720 loops=1)
  ->  Hash  (cost=83071.67..83071.67 rows=246 width=8) (actual time=1136.913..1136.913 rows=63 loops=1)
        Buckets: 1024  Batches: 1  Memory Usage: 11kB
        ->  Nested Loop  (cost=0.43..83071.67 rows=246 width=8) (actual time=5.826..1136.811 rows=63 loops=1)
              ->  Seq Scan on movie_keyword mk  (cost=0.00..81003.12 rows=246 width=4) (actual time=5.758..1126.122 rows=63 loops=1)
                    Filter: (keyword_id = 22350)
                    Rows Removed by Filter: 4523867
              ->  Index Only Scan using title_pkey on title t  (cost=0.43..8.40 rows=1 width=4) (actual time=0.163..0.163 rows=1 loops=63)
                    Index Cond: (id = mk.movie_id)
                    Heap Fetches: 63
Planning time: 1.118 ms
Execution time: 6896.296 ms
