Hash Join  (cost=92280.96..140450.28 rows=610584 width=0) (actual time=2225.803..3264.976 rows=329127 loops=1)
  Hash Cond: (mi_idx.movie_id = t.id)
  ->  Seq Scan on movie_info_idx mi_idx  (cost=0.00..21735.35 rows=1380035 width=4) (actual time=0.023..469.091 rows=1380035 loops=1)
  ->  Hash  (cost=73925.90..73925.90 rows=1118724 width=4) (actual time=1884.423..1884.423 rows=1213086 loops=1)
        Buckets: 131072  Batches: 16  Memory Usage: 3701kB
        ->  Seq Scan on title t  (cost=0.00..73925.90 rows=1118724 width=4) (actual time=272.076..1492.452 rows=1213086 loops=1)
              Filter: ((production_year > 1986) AND (kind_id = 7))
              Rows Removed by Filter: 1315226
Planning time: 0.604 ms
Execution time: 3300.815 ms
