Seq Scan on movie_keyword mk  (cost=0.00..81003.12 rows=1659100 width=0) (actual time=0.025..1342.295 rows=1672142 loops=1)
  Filter: (keyword_id < 2561)
  Rows Removed by Filter: 2851788
Planning time: 0.310 ms
Execution time: 1546.943 ms
