Hash Join  (cost=144772.18..268446.28 rows=137207 width=0) (actual time=2711.703..5338.759 rows=245374 loops=1)
  Hash Cond: (mk.movie_id = t.id)
  ->  Seq Scan on movie_keyword mk  (cost=0.00..69693.30 rows=4523930 width=4) (actual time=0.014..1261.027 rows=4523930 loops=1)
  ->  Hash  (cost=143513.58..143513.58 rows=76688 width=8) (actual time=2709.894..2709.894 rows=56897 loops=1)
        Buckets: 131072  Batches: 2  Memory Usage: 2139kB
        ->  Hash Join  (cost=70241.71..143513.58 rows=76688 width=8) (actual time=1014.212..2687.269 rows=56897 loops=1)
              Hash Cond: (mc.movie_id = t.id)
              ->  Seq Scan on movie_companies mc  (cost=0.00..57926.93 rows=1206413 width=4) (actual time=0.017..1155.690 rows=1090728 loops=1)
                    Filter: ((company_id < 102178) AND (company_type_id > 1))
                    Rows Removed by Filter: 1518401
              ->  Hash  (cost=67604.59..67604.59 rows=160730 width=4) (actual time=1013.501..1013.501 rows=160017 loops=1)
                    Buckets: 131072  Batches: 4  Memory Usage: 2436kB
                    ->  Seq Scan on title t  (cost=0.00..67604.59 rows=160730 width=4) (actual time=0.026..957.418 rows=160017 loops=1)
                          Filter: (production_year = 2011)
                          Rows Removed by Filter: 2368295
Planning time: 1.088 ms
Execution time: 5368.046 ms
