Nested Loop  (cost=0.43..447802.20 rows=17937 width=0) (actual time=2160.553..4559.838 rows=6614 loops=1)
  ->  Seq Scan on movie_info mi  (cost=0.00..346232.03 rows=17937 width=4) (actual time=2160.444..4491.184 rows=6614 loops=1)
        Filter: (info_type_id = 41)
        Rows Removed by Filter: 14829106
  ->  Index Only Scan using title_pkey on title t  (cost=0.43..5.65 rows=1 width=4) (actual time=0.010..0.010 rows=1 loops=6614)
        Index Cond: (id = mi.movie_id)
        Heap Fetches: 6614
Planning time: 0.750 ms
Execution time: 4561.357 ms
