Seq Scan on cast_info ci  (cost=0.00..796071.18 rows=8641539 width=0) (actual time=6014.943..14050.987 rows=12670688 loops=1)
  Filter: ((person_id < 2527192) AND (role_id = 1))
  Rows Removed by Filter: 23573656
Planning time: 0.353 ms
Execution time: 15633.517 ms
