Hash Join  (cost=420736.61..507700.45 rows=30580 width=0) (actual time=6105.485..7902.907 rows=158731 loops=1)
  Hash Cond: (mk.movie_id = t.id)
  ->  Seq Scan on movie_keyword mk  (cost=0.00..69693.30 rows=4523930 width=4) (actual time=0.019..920.415 rows=4523930 loops=1)
  ->  Hash  (cost=420522.96..420522.96 rows=17092 width=8) (actual time=6104.844..6104.844 rows=16904 loops=1)
        Buckets: 32768  Batches: 1  Memory Usage: 917kB
        ->  Hash Join  (cost=69687.24..420522.96 rows=17092 width=8) (actual time=3624.495..6099.453 rows=16904 loops=1)
              Hash Cond: (mi.movie_id = t.id)
              ->  Seq Scan on movie_info mi  (cost=0.00..346232.03 rows=340474 width=4) (actual time=2362.618..4707.846 rows=328857 loops=1)
                    Filter: (info_type_id = 98)
                    Rows Removed by Filter: 14506863
              ->  Hash  (cost=67604.59..67604.59 rows=126932 width=4) (actual time=1260.947..1260.947 rows=122861 loops=1)
                    Buckets: 131072  Batches: 2  Memory Usage: 3197kB
                    ->  Seq Scan on title t  (cost=0.00..67604.59 rows=126932 width=4) (actual time=0.035..976.309 rows=122861 loops=1)
                          Filter: (production_year = 2008)
                          Rows Removed by Filter: 2405451
Planning time: 1.131 ms
Execution time: 7924.043 ms
