Hash Join  (cost=92883.59..237853.31 rows=1867682 width=0) (actual time=3872.653..5871.902 rows=416428 loops=1)
  Hash Cond: (mk.movie_id = t.id)
  ->  Seq Scan on movie_keyword mk  (cost=0.00..81003.12 rows=3064956 width=4) (actual time=0.020..1566.209 rows=3054575 loops=1)
        Filter: (keyword_id < 11224)
        Rows Removed by Filter: 1469355
  ->  Hash  (cost=67604.59..67604.59 rows=1540800 width=4) (actual time=2133.239..2133.239 rows=1543264 loops=1)
        Buckets: 131072  Batches: 32  Memory Usage: 2728kB
        ->  Seq Scan on title t  (cost=0.00..67604.59 rows=1540800 width=4) (actual time=0.022..1287.532 rows=1543264 loops=1)
              Filter: (kind_id = 7)
              Rows Removed by Filter: 985048
Planning time: 1.597 ms
Execution time: 5916.815 ms
