Hash Join  (cost=247183.82..1028984.27 rows=2143639 width=0) (actual time=7011.057..23123.228 rows=16855721 loops=1)
  Hash Cond: (ci.movie_id = t.id)
  ->  Seq Scan on cast_info ci  (cost=0.00..705507.15 rows=4320508 width=4) (actual time=493.861..10340.677 rows=4323018 loops=1)
        Filter: (role_id = 10)
        Rows Removed by Filter: 31921326
  ->  Hash  (cost=226601.07..226601.07 rows=1254540 width=8) (actual time=6515.789..6515.789 rows=1330896 loops=1)
        Buckets: 131072  Batches: 32  Memory Usage: 2641kB
        ->  Hash Join  (cost=106685.10..226601.07 rows=1254540 width=8) (actual time=2724.621..6107.115 rows=1330896 loops=1)
              Hash Cond: (mk.movie_id = t.id)
              ->  Seq Scan on movie_keyword mk  (cost=0.00..81003.12 rows=1331689 width=4) (actual time=0.032..1325.050 rows=1346136 loops=1)
                    Filter: (keyword_id > 12672)
                    Rows Removed by Filter: 3177794
              ->  Hash  (cost=67604.59..67604.59 rows=2382041 width=4) (actual time=2723.654..2723.654 rows=2378352 loops=1)
                    Buckets: 131072  Batches: 32  Memory Usage: 3648kB
                    ->  Seq Scan on title t  (cost=0.00..67604.59 rows=2382041 width=4) (actual time=0.017..1248.854 rows=2378352 loops=1)
                          Filter: (production_year > 1917)
                          Rows Removed by Filter: 149960
Planning time: 1.142 ms
Execution time: 24883.501 ms
