Hash Join  (cost=84663.78..605176.64 rows=3814993 width=0) (actual time=1316.429..17590.657 rows=8242946 loops=1)
  Hash Cond: (mi.movie_id = t.id)
  ->  Seq Scan on movie_info mi  (cost=0.00..309384.22 rows=14739122 width=4) (actual time=0.018..5250.474 rows=14835720 loops=1)
  ->  Hash  (cost=73925.90..73925.90 rows=654470 width=4) (actual time=1313.050..1313.050 rows=686054 loops=1)
        Buckets: 131072  Batches: 16  Memory Usage: 2540kB
        ->  Seq Scan on title t  (cost=0.00..73925.90 rows=654470 width=4) (actual time=0.027..1090.920 rows=686054 loops=1)
              Filter: ((kind_id < 4) AND (production_year < 2010))
              Rows Removed by Filter: 1842258
Planning time: 0.746 ms
Execution time: 18527.738 ms
