Hash Join  (cost=91959.31..168375.39 rows=427286 width=0) (actual time=1599.333..3726.310 rows=216530 loops=1)
  Hash Cond: (mc.movie_id = t.id)
  ->  Seq Scan on movie_companies mc  (cost=0.00..57926.93 rows=727810 width=4) (actual time=0.029..948.394 rows=513032 loops=1)
        Filter: ((company_id > 7923) AND (company_type_id = 1))
        Rows Removed by Filter: 2096097
  ->  Hash  (cost=67604.59..67604.59 rows=1484458 width=4) (actual time=1598.022..1598.022 rows=1485030 loops=1)
        Buckets: 131072  Batches: 32  Memory Usage: 2655kB
        ->  Seq Scan on title t  (cost=0.00..67604.59 rows=1484458 width=4) (actual time=0.027..1104.572 rows=1485030 loops=1)
              Filter: (production_year > 1998)
              Rows Removed by Filter: 1043282
Planning time: 0.939 ms
Execution time: 3750.945 ms
