Seq Scan on cast_info ci  (cost=0.00..705507.15 rows=1352177 width=0) (actual time=5101.549..9620.226 rows=1374528 loops=1)
  Filter: (person_id > 3795628)
  Rows Removed by Filter: 34869816
Planning time: 0.317 ms
Execution time: 9797.783 ms
