Hash Join  (cost=73994.33..100892.56 rows=983 width=0) (actual time=1139.198..1635.753 rows=3421 loops=1)
  Hash Cond: (mi_idx.movie_id = t.id)
  ->  Seq Scan on movie_info_idx mi_idx  (cost=0.00..25185.44 rows=454124 width=4) (actual time=0.014..393.767 rows=459925 loops=1)
        Filter: (info_type_id = 100)
        Rows Removed by Filter: 920110
  ->  Hash  (cost=73925.90..73925.90 rows=5474 width=4) (actual time=1138.606..1138.606 rows=17579 loops=1)
        Buckets: 32768 (originally 8192)  Batches: 1 (originally 1)  Memory Usage: 875kB
        ->  Seq Scan on title t  (cost=0.00..73925.90 rows=5474 width=4) (actual time=0.049..1130.142 rows=17579 loops=1)
              Filter: ((kind_id > 1) AND (production_year = 1990))
              Rows Removed by Filter: 2510733
Planning time: 0.763 ms
Execution time: 1636.584 ms
