Hash Join  (cost=102767.86..187036.36 rows=684158 width=0) (actual time=1772.901..3812.183 rows=936009 loops=1)
  Hash Cond: (mc.movie_id = t.id)
  ->  Seq Scan on movie_companies mc  (cost=0.00..57926.93 rows=684158 width=4) (actual time=0.020..1067.311 rows=936009 loops=1)
        Filter: ((company_id < 11961) AND (company_type_id = 1))
        Rows Removed by Filter: 1673120
  ->  Hash  (cost=61283.27..61283.27 rows=2528527 width=4) (actual time=1771.659..1771.659 rows=2528312 loops=1)
        Buckets: 131072  Batches: 64  Memory Usage: 2415kB
        ->  Seq Scan on title t  (cost=0.00..61283.27 rows=2528527 width=4) (actual time=0.028..936.715 rows=2528312 loops=1)
Planning time: 0.686 ms
Execution time: 3905.825 ms
