Hash Join  (cost=190230.21..321058.05 rows=1424810 width=0) (actual time=4246.514..9181.665 rows=5989031 loops=1)
  Hash Cond: (mk.movie_id = t.id)
  ->  Seq Scan on movie_keyword mk  (cost=0.00..81003.12 rows=2610564 width=4) (actual time=0.019..1557.775 rows=2601608 loops=1)
        Filter: (keyword_id < 6999)
        Rows Removed by Filter: 1922322
  ->  Hash  (cost=167588.78..167588.78 rows=1380035 width=8) (actual time=4245.555..4245.555 rows=1380035 loops=1)
        Buckets: 131072  Batches: 32  Memory Usage: 2726kB
        ->  Hash Join  (cost=102767.86..167588.78 rows=1380035 width=8) (actual time=1811.360..3824.887 rows=1380035 loops=1)
              Hash Cond: (mi_idx.movie_id = t.id)
              ->  Seq Scan on movie_info_idx mi_idx  (cost=0.00..21735.35 rows=1380035 width=4) (actual time=0.012..480.932 rows=1380035 loops=1)
              ->  Hash  (cost=61283.27..61283.27 rows=2528527 width=4) (actual time=1810.026..1810.026 rows=2528312 loops=1)
                    Buckets: 131072  Batches: 64  Memory Usage: 2415kB
                    ->  Seq Scan on title t  (cost=0.00..61283.27 rows=2528527 width=4) (actual time=0.022..981.317 rows=2528312 loops=1)
Planning time: 1.049 ms
Execution time: 9831.511 ms
