Hash Join  (cost=184998.18..1339480.67 rows=11747532 width=0) (actual time=4352.934..49185.101 rows=52767721 loops=1)
  Hash Cond: (ci.movie_id = t.id)
  ->  Seq Scan on cast_info ci  (cost=0.00..614943.12 rows=36225612 width=4) (actual time=0.012..11982.078 rows=36244344 loops=1)
  ->  Hash  (cost=171544.55..171544.55 rows=819971 width=8) (actual time=4350.485..4350.485 rows=1682847 loops=1)
        Buckets: 131072 (originally 131072)  Batches: 32 (originally 16)  Memory Usage: 3073kB
        ->  Hash Join  (cost=83810.17..171544.55 rows=819971 width=8) (actual time=1350.158..3918.700 rows=1682847 loops=1)
              Hash Cond: (mc.movie_id = t.id)
              ->  Seq Scan on movie_companies mc  (cost=0.00..51404.11 rows=2099080 width=4) (actual time=0.031..1006.489 rows=2100643 loops=1)
                    Filter: (company_id > 464)
                    Rows Removed by Filter: 508486
              ->  Hash  (cost=67604.59..67604.59 rows=987727 width=4) (actual time=1349.224..1349.224 rows=985048 loops=1)
                    Buckets: 131072  Batches: 16  Memory Usage: 3188kB
                    ->  Seq Scan on title t  (cost=0.00..67604.59 rows=987727 width=4) (actual time=0.026..1040.875 rows=985048 loops=1)
                          Filter: (kind_id < 7)
                          Rows Removed by Filter: 1543264
Planning time: 1.089 ms
Execution time: 54599.135 ms
