Hash Join  (cost=98271.57..194430.04 rows=1531195 width=0) (actual time=1695.486..4687.625 rows=704352 loops=1)
  Hash Cond: (mc.movie_id = t.id)
  ->  Seq Scan on movie_companies mc  (cost=0.00..44881.29 rows=2609129 width=4) (actual time=0.023..776.187 rows=2609129 loops=1)
  ->  Hash  (cost=73925.90..73925.90 rows=1483893 width=4) (actual time=1694.070..1694.070 rows=1478439 loops=1)
        Buckets: 131072  Batches: 32  Memory Usage: 2651kB
        ->  Seq Scan on title t  (cost=0.00..73925.90 rows=1483893 width=4) (actual time=0.027..1228.981 rows=1478439 loops=1)
              Filter: ((production_year > 1909) AND (kind_id = 7))
              Rows Removed by Filter: 1049873
Planning time: 0.747 ms
Execution time: 4774.027 ms
