Hash Join  (cost=154391.37..1282495.67 rows=5065642 width=0) (actual time=3207.116..35190.134 rows=11332760 loops=1)
  Hash Cond: (ci.movie_id = t.id)
  ->  Seq Scan on cast_info ci  (cost=0.00..705507.15 rows=32032733 width=4) (actual time=0.022..15142.322 rows=32179291 loops=1)
        Filter: (person_id > 390091)
        Rows Removed by Filter: 4065053
  ->  Hash  (cost=147831.12..147831.12 rows=399860 width=8) (actual time=3206.308..3206.308 rows=436710 loops=1)
        Buckets: 131072  Batches: 8  Memory Usage: 3163kB
        ->  Hash Join  (cost=104131.46..147831.12 rows=399860 width=8) (actual time=1850.772..3071.345 rows=436710 loops=1)
              Hash Cond: (mi_idx.movie_id = t.id)
              ->  Seq Scan on movie_info_idx mi_idx  (cost=0.00..25185.44 rows=454124 width=4) (actual time=0.023..438.302 rows=459925 loops=1)
                    Filter: (info_type_id = 100)
                    Rows Removed by Filter: 920110
              ->  Hash  (cost=67604.59..67604.59 rows=2226390 width=4) (actual time=1849.574..1849.574 rows=2224569 loops=1)
                    Buckets: 131072  Batches: 32  Memory Usage: 3463kB
                    ->  Seq Scan on title t  (cost=0.00..67604.59 rows=2226390 width=4) (actual time=0.027..1157.215 rows=2224569 loops=1)
                          Filter: (production_year < 2012)
                          Rows Removed by Filter: 303743
Planning time: 1.145 ms
Execution time: 36249.699 ms
