Seq Scan on movie_keyword mk  (cost=0.00..81003.12 rows=246 width=12) (actual time=103.098..1476.423 rows=15 loops=1)
  Filter: (keyword_id = 73864)
  Rows Removed by Filter: 4523915
Planning time: 0.279 ms
Execution time: 1476.455 ms
