Hash Join  (cost=223763.42..1028921.28 rows=4901994 width=219) (actual time=4532.720..22563.762 rows=3633744 loops=1)
  Hash Cond: (mi.movie_id = t.id)
  ->  Seq Scan on movie_info mi  (cost=0.00..309384.22 rows=14739122 width=75) (actual time=0.009..7292.908 rows=14835720 loops=1)
  ->  Hash  (cost=196005.58..196005.58 rows=840947 width=144) (actual time=4280.514..4280.514 rows=425718 loops=1)
        Buckets: 32768  Batches: 64  Memory Usage: 1213kB
        ->  Hash Join  (cost=109435.59..196005.58 rows=840947 width=144) (actual time=2376.932..4016.135 rows=425718 loops=1)
              Hash Cond: (mi_idx.movie_id = t.id)
              ->  Seq Scan on movie_info_idx mi_idx  (cost=0.00..21735.35 rows=1380035 width=50) (actual time=0.006..473.586 rows=1380035 loops=1)
              ->  Hash  (cost=67604.59..67604.59 rows=1540800 width=94) (actual time=2201.410..2201.410 rows=1543264 loops=1)
                    Buckets: 32768  Batches: 64  Memory Usage: 3011kB
                    ->  Seq Scan on title t  (cost=0.00..67604.59 rows=1540800 width=94) (actual time=369.307..1537.382 rows=1543264 loops=1)
                          Filter: (kind_id = 7)
                          Rows Removed by Filter: 985048
Planning time: 2.284 ms
Execution time: 22751.785 ms
