Hash Join  (cost=83810.17..950606.41 rows=3975556 width=0) (actual time=4297.695..19292.666 rows=4109850 loops=1)
  Hash Cond: (ci.movie_id = t.id)
  ->  Seq Scan on cast_info ci  (cost=0.00..705507.15 rows=10177206 width=4) (actual time=3010.426..11518.092 rows=10204979 loops=1)
        Filter: (person_id > 2694385)
        Rows Removed by Filter: 26039365
  ->  Hash  (cost=67604.59..67604.59 rows=987727 width=4) (actual time=1286.030..1286.030 rows=985048 loops=1)
        Buckets: 131072  Batches: 16  Memory Usage: 3188kB
        ->  Seq Scan on title t  (cost=0.00..67604.59 rows=987727 width=4) (actual time=0.041..990.352 rows=985048 loops=1)
              Filter: (kind_id < 7)
              Rows Removed by Filter: 1543264
Planning time: 0.487 ms
Execution time: 19739.622 ms
