Hash Join  (cost=203436.73..738330.36 rows=5162770 width=0) (actual time=4029.523..19035.669 rows=13929013 loops=1)
  Hash Cond: (mi.movie_id = t.id)
  ->  Seq Scan on movie_info mi  (cost=0.00..309384.22 rows=14739122 width=4) (actual time=0.020..4851.397 rows=14835720 loops=1)
  ->  Hash  (cost=188905.68..188905.68 rows=885684 width=8) (actual time=4028.589..4028.589 rows=860042 loops=1)
        Buckets: 131072  Batches: 16  Memory Usage: 3135kB
        ->  Hash Join  (cost=99841.01..188905.68 rows=885684 width=8) (actual time=1981.507..3826.952 rows=860042 loops=1)
              Hash Cond: (mc.movie_id = t.id)
              ->  Seq Scan on movie_companies mc  (cost=0.00..57926.93 rows=1139779 width=4) (actual time=215.562..1053.015 rows=1248701 loops=1)
                    Filter: ((company_id > 207) AND (company_type_id > 1))
                    Rows Removed by Filter: 1360428
              ->  Hash  (cost=67604.59..67604.59 rows=1964834 width=4) (actual time=1765.255..1765.255 rows=1962189 loops=1)
                    Buckets: 131072  Batches: 32  Memory Usage: 3187kB
                    ->  Seq Scan on title t  (cost=0.00..67604.59 rows=1964834 width=4) (actual time=0.023..1167.495 rows=1962189 loops=1)
                          Filter: (production_year > 1978)
                          Rows Removed by Filter: 566123
Planning time: 1.188 ms
Execution time: 20559.589 ms
