Hash Join  (cost=68438.72..890587.20 rows=171457 width=0) (actual time=956.176..17076.909 rows=209890 loops=1)
  Hash Cond: (ci.movie_id = t.id)
  ->  Seq Scan on cast_info ci  (cost=0.00..796071.18 rows=6496727 width=4) (actual time=0.031..14099.226 rows=7463535 loops=1)
        Filter: ((person_id > 851625) AND (role_id > 5))
        Rows Removed by Filter: 28780809
  ->  Hash  (cost=67604.59..67604.59 rows=66731 width=4) (actual time=955.462..955.462 rows=67342 loops=1)
        Buckets: 131072  Batches: 1  Memory Usage: 3392kB
        ->  Seq Scan on title t  (cost=0.00..67604.59 rows=66731 width=4) (actual time=0.024..927.800 rows=67342 loops=1)
              Filter: (production_year > 2012)
              Rows Removed by Filter: 2460970
Planning time: 0.758 ms
Execution time: 17106.423 ms
