Hash Join  (cost=102767.86..1549332.64 rows=30386685 width=0) (actual time=1839.535..40725.935 rows=30376241 loops=1)
  Hash Cond: (ci.movie_id = t.id)
  ->  Seq Scan on cast_info ci  (cost=0.00..705507.15 rows=30386685 width=4) (actual time=0.017..15526.981 rows=30376241 loops=1)
        Filter: (person_id < 3057322)
        Rows Removed by Filter: 5868103
  ->  Hash  (cost=61283.27..61283.27 rows=2528527 width=4) (actual time=1838.346..1838.346 rows=2528312 loops=1)
        Buckets: 131072  Batches: 64  Memory Usage: 2415kB
        ->  Seq Scan on title t  (cost=0.00..61283.27 rows=2528527 width=4) (actual time=0.011..1026.316 rows=2528312 loops=1)
Planning time: 1.132 ms
Execution time: 44040.975 ms
