Nested Loop  (cost=44377.22..857099.36 rows=75 width=0) (actual time=6571.718..12641.686 rows=2181 loops=1)
  Join Filter: (ci.movie_id = t.id)
  ->  Hash Join  (cost=44376.79..848037.93 rows=15219 width=8) (actual time=6557.719..10487.630 rows=220132 loops=1)
        Hash Cond: (ci.movie_id = mi_idx.movie_id)
        ->  Seq Scan on cast_info ci  (cost=0.00..796071.18 rows=11193 width=4) (actual time=5739.861..9252.787 rows=167824 loops=1)
              Filter: ((person_id > 3832545) AND (role_id > 10))
              Rows Removed by Filter: 36076520
        ->  Hash  (cost=21735.35..21735.35 rows=1380035 width=4) (actual time=816.612..816.612 rows=1380035 loops=1)
              Buckets: 131072  Batches: 32  Memory Usage: 2540kB
              ->  Seq Scan on movie_info_idx mi_idx  (cost=0.00..21735.35 rows=1380035 width=4) (actual time=0.016..398.730 rows=1380035 loops=1)
  ->  Index Scan using title_pkey on title t  (cost=0.43..0.58 rows=1 width=4) (actual time=0.009..0.009 rows=0 loops=220132)
        Index Cond: (id = mi_idx.movie_id)
        Filter: ((kind_id = 7) AND (production_year = 1999))
        Rows Removed by Filter: 1
Planning time: 1.233 ms
Execution time: 12642.393 ms
