Hash Join  (cost=170774.53..314618.86 rows=1792729 width=0) (actual time=4126.660..9786.212 rows=6614625 loops=1)
  Hash Cond: (mk.movie_id = t.id)
  ->  Seq Scan on movie_keyword mk  (cost=0.00..69693.30 rows=4523930 width=4) (actual time=0.024..1349.165 rows=4523930 loops=1)
  ->  Hash  (cost=154334.57..154334.57 rows=1001997 width=8) (actual time=4125.700..4125.700 rows=975233 loops=1)
        Buckets: 131072  Batches: 16  Memory Usage: 3422kB
        ->  Hash Join  (cost=97725.07..154334.57 rows=1001997 width=8) (actual time=1496.889..3753.421 rows=975233 loops=1)
              Hash Cond: (mi_idx.movie_id = t.id)
              ->  Seq Scan on movie_info_idx mi_idx  (cost=0.00..21735.35 rows=1380035 width=4) (actual time=0.030..410.903 rows=1380035 loops=1)
              ->  Hash  (cost=67604.59..67604.59 rows=1835879 width=4) (actual time=1496.045..1496.045 rows=1833367 loops=1)
                    Buckets: 131072  Batches: 32  Memory Usage: 3045kB
                    ->  Seq Scan on title t  (cost=0.00..67604.59 rows=1835879 width=4) (actual time=0.024..972.693 rows=1833367 loops=1)
                          Filter: (production_year > 1986)
                          Rows Removed by Filter: 694945
Planning time: 1.030 ms
Execution time: 10541.245 ms
