Hash Join  (cost=92811.40..219759.28 rows=1170873 width=0) (actual time=3392.695..4538.938 rows=279296 loops=1)
  Hash Cond: (mk.movie_id = t.id)
  ->  Seq Scan on movie_keyword mk  (cost=0.00..81003.12 rows=2572005 width=4) (actual time=0.023..1496.686 rows=2563203 loops=1)
        Filter: (keyword_id < 6503)
        Rows Removed by Filter: 1960727
  ->  Hash  (cost=73925.90..73925.90 rows=1151080 width=4) (actual time=1640.377..1640.377 rows=1244530 loops=1)
        Buckets: 131072  Batches: 16  Memory Usage: 3777kB
        ->  Seq Scan on title t  (cost=0.00..73925.90 rows=1151080 width=4) (actual time=0.022..1243.252 rows=1244530 loops=1)
              Filter: ((production_year > 1983) AND (kind_id = 7))
              Rows Removed by Filter: 1283782
Planning time: 0.726 ms
Execution time: 4573.138 ms
