Hash Join  (cost=83074.74..833899.15 rows=3524 width=0) (actual time=1394.419..18409.818 rows=161050 loops=1)
  Hash Cond: (ci.movie_id = t.id)
  ->  Seq Scan on cast_info ci  (cost=0.00..614943.12 rows=36225612 width=4) (actual time=0.025..9201.884 rows=36244344 loops=1)
  ->  Hash  (cost=83071.67..83071.67 rows=246 width=8) (actual time=1394.355..1394.355 rows=5252 loops=1)
        Buckets: 8192 (originally 1024)  Batches: 1 (originally 1)  Memory Usage: 270kB
        ->  Nested Loop  (cost=0.43..83071.67 rows=246 width=8) (actual time=0.411..1391.067 rows=5252 loops=1)
              ->  Seq Scan on movie_keyword mk  (cost=0.00..81003.12 rows=246 width=4) (actual time=0.352..1244.546 rows=5252 loops=1)
                    Filter: (keyword_id = 3311)
                    Rows Removed by Filter: 4518678
              ->  Index Only Scan using title_pkey on title t  (cost=0.43..8.40 rows=1 width=4) (actual time=0.025..0.027 rows=1 loops=5252)
                    Index Cond: (id = mk.movie_id)
                    Heap Fetches: 5252
Planning time: 1.257 ms
Execution time: 18443.753 ms
