Seq Scan on movie_keyword mk  (cost=0.00..81003.12 rows=2021470 width=0) (actual time=0.032..1384.282 rows=2027343 loops=1)
  Filter: (keyword_id < 3635)
  Rows Removed by Filter: 2496587
Planning time: 0.302 ms
Execution time: 1666.154 ms
