Nested Loop  (cost=0.43..709674.40 rows=79 width=0) (actual time=8271.885..9216.379 rows=5 loops=1)
  ->  Seq Scan on cast_info ci  (cost=0.00..705507.15 rows=500 width=4) (actual time=5848.397..9215.973 rows=15 loops=1)
        Filter: (person_id = 84118)
        Rows Removed by Filter: 36244329
  ->  Index Scan using title_pkey on title t  (cost=0.43..8.32 rows=1 width=4) (actual time=0.024..0.024 rows=0 loops=15)
        Index Cond: (id = ci.movie_id)
        Filter: ((kind_id < 7) AND (production_year < 2000))
        Rows Removed by Filter: 1
Planning time: 0.850 ms
Execution time: 9216.501 ms
