Seq Scan on cast_info ci  (cost=0.00..796071.18 rows=2359885 width=0) (actual time=2274.830..10787.977 rows=2610340 loops=1)
  Filter: ((person_id < 283112) AND (role_id < 8))
  Rows Removed by Filter: 33634004
Planning time: 0.298 ms
Execution time: 11129.625 ms
