Hash Join  (cost=143761.26..964693.47 rows=385489 width=0) (actual time=8355.633..16915.720 rows=2423457 loops=1)
  Hash Cond: (ci.movie_id = t.id)
  ->  Seq Scan on cast_info ci  (cost=0.00..796071.18 rows=1612306 width=4) (actual time=4758.396..10532.365 rows=3620921 loops=1)
        Filter: ((person_id > 3405935) AND (role_id > 2))
        Rows Removed by Filter: 32623423
  ->  Hash  (cost=133842.40..133842.40 rows=604549 width=8) (actual time=3595.926..3595.926 rows=488617 loops=1)
        Buckets: 131072  Batches: 8  Memory Usage: 3403kB
        ->  Hash Join  (cost=85777.42..133842.40 rows=604549 width=8) (actual time=2086.945..3454.547 rows=488617 loops=1)
              Hash Cond: (mi_idx.movie_id = t.id)
              ->  Seq Scan on movie_info_idx mi_idx  (cost=0.00..21735.35 rows=1380035 width=4) (actual time=0.043..411.058 rows=1380035 loops=1)
              ->  Hash  (cost=67604.59..67604.59 rows=1107667 width=4) (actual time=2070.083..2070.083 rows=1107925 loops=1)
                    Buckets: 131072  Batches: 16  Memory Usage: 3460kB
                    ->  Seq Scan on title t  (cost=0.00..67604.59 rows=1107667 width=4) (actual time=0.027..1118.056 rows=1107925 loops=1)
                          Filter: (production_year > 2004)
                          Rows Removed by Filter: 1420387
Planning time: 1.197 ms
Execution time: 17141.433 ms
