Hash Join  (cost=491644.87..568903.62 rows=350645 width=0) (actual time=8268.319..9944.318 rows=548273 loops=1)
  Hash Cond: (mc.movie_id = t.id)
  ->  Seq Scan on movie_companies mc  (cost=0.00..57926.93 rows=1095033 width=4) (actual time=120.019..1045.382 rows=870475 loops=1)
        Filter: ((company_id < 76364) AND (company_type_id > 1))
        Rows Removed by Filter: 1738654
  ->  Hash  (cost=478361.00..478361.00 rows=809669 width=8) (actual time=8147.419..8147.419 rows=802140 loops=1)
        Buckets: 131072  Batches: 16  Memory Usage: 2973kB
        ->  Hash Join  (cost=102767.86..478361.00 rows=809669 width=8) (actual time=2181.084..7892.956 rows=802140 loops=1)
              Hash Cond: (mi.movie_id = t.id)
              ->  Seq Scan on movie_info mi  (cost=0.00..346232.03 rows=809669 width=4) (actual time=379.190..4927.436 rows=802140 loops=1)
                    Filter: (info_type_id = 1)
                    Rows Removed by Filter: 14033580
              ->  Hash  (cost=61283.27..61283.27 rows=2528527 width=4) (actual time=1800.876..1800.876 rows=2528312 loops=1)
                    Buckets: 131072  Batches: 64  Memory Usage: 2425kB
                    ->  Seq Scan on title t  (cost=0.00..61283.27 rows=2528527 width=4) (actual time=0.023..941.272 rows=2528312 loops=1)
Planning time: 1.198 ms
Execution time: 10014.209 ms
