Seq Scan on cast_info ci  (cost=0.00..796071.18 rows=1037416 width=0) (actual time=6211.482..10860.625 rows=1286 loops=1)
  Filter: ((person_id < 488076) AND (role_id = 2))
  Rows Removed by Filter: 36243058
Planning time: 0.814 ms
Execution time: 10860.861 ms
