Seq Scan on movie_keyword mk  (cost=0.00..81003.12 rows=246 width=0) (actual time=15.020..1156.446 rows=933 loops=1)
  Filter: (keyword_id = 2925)
  Rows Removed by Filter: 4522997
Planning time: 0.360 ms
Execution time: 1156.778 ms
