Seq Scan on cast_info ci  (cost=0.00..705507.15 rows=453240 width=0) (actual time=724.263..9659.991 rows=379539 loops=1)
  Filter: (person_id < 43478)
  Rows Removed by Filter: 35864805
Planning time: 0.334 ms
Execution time: 9699.348 ms
