Hash Join  (cost=91342.70..996787.79 rows=3433740 width=0) (actual time=2274.357..16545.293 rows=1465421 loops=1)
  Hash Cond: (ci.movie_id = t.id)
  ->  Seq Scan on cast_info ci  (cost=0.00..796071.18 rows=6000670 width=4) (actual time=698.408..12074.356 rows=2656624 loops=1)
        Filter: ((person_id < 2331990) AND (role_id > 4))
        Rows Removed by Filter: 33587720
  ->  Hash  (cost=67604.59..67604.59 rows=1446889 width=4) (actual time=1575.112..1575.112 rows=1443298 loops=1)
        Buckets: 131072  Batches: 32  Memory Usage: 2608kB
        ->  Seq Scan on title t  (cost=0.00..67604.59 rows=1446889 width=4) (actual time=0.032..1108.642 rows=1443298 loops=1)
              Filter: (production_year < 2006)
              Rows Removed by Filter: 1085014
Planning time: 0.769 ms
Execution time: 16722.081 ms
