Hash Join  (cost=485262.73..1228988.35 rows=650407 width=0) (actual time=7237.373..20055.756 rows=2871695 loops=1)
  Hash Cond: (ci.movie_id = t.id)
  ->  Seq Scan on cast_info ci  (cost=0.00..705507.15 rows=2522505 width=4) (actual time=0.029..10566.294 rows=2565081 loops=1)
        Filter: (person_id > 3562541)
        Rows Removed by Filter: 33679263
  ->  Hash  (cost=474566.23..474566.23 rows=651960 width=8) (actual time=7235.937..7235.937 rows=660923 loops=1)
        Buckets: 131072  Batches: 16  Memory Usage: 2614kB
        ->  Hash Join  (cost=102767.86..474566.23 rows=651960 width=8) (actual time=5581.418..7049.530 rows=660923 loops=1)
              Hash Cond: (mi.movie_id = t.id)
              ->  Seq Scan on movie_info mi  (cost=0.00..346232.03 rows=651960 width=4) (actual time=3795.638..4354.823 rows=660923 loops=1)
                    Filter: (info_type_id = 18)
                    Rows Removed by Filter: 14174797
              ->  Hash  (cost=61283.27..61283.27 rows=2528527 width=4) (actual time=1784.783..1784.783 rows=2528312 loops=1)
                    Buckets: 131072  Batches: 64  Memory Usage: 2425kB
                    ->  Seq Scan on title t  (cost=0.00..61283.27 rows=2528527 width=4) (actual time=0.037..932.415 rows=2528312 loops=1)
Planning time: 1.557 ms
Execution time: 20302.926 ms
