Hash Join  (cost=240116.80..1482609.61 rows=15906960 width=0) (actual time=6445.162..72860.406 rows=157941726 loops=1)
  Hash Cond: (ci.movie_id = t.id)
  ->  Seq Scan on cast_info ci  (cost=0.00..614943.12 rows=36225612 width=4) (actual time=0.023..14135.074 rows=36244344 loops=1)
  ->  Hash  (cost=221900.08..221900.08 rows=1110297 width=8) (actual time=6442.936..6442.936 rows=2682180 loops=1)
        Buckets: 131072 (originally 131072)  Batches: 64 (originally 16)  Memory Usage: 3073kB
        ->  Hash Join  (cost=78556.72..221900.08 rows=1110297 width=8) (actual time=1348.157..5611.728 rows=2682180 loops=1)
              Hash Cond: (mk.movie_id = t.id)
              ->  Seq Scan on movie_keyword mk  (cost=0.00..81003.12 rows=4205670 width=4) (actual time=0.019..1627.842 rows=4185086 loops=1)
                    Filter: (keyword_id > 275)
                    Rows Removed by Filter: 338844
              ->  Hash  (cost=67604.59..67604.59 rows=667531 width=4) (actual time=1346.552..1346.552 rows=662825 loops=1)
                    Buckets: 131072  Batches: 16  Memory Usage: 2486kB
                    ->  Seq Scan on title t  (cost=0.00..67604.59 rows=667531 width=4) (actual time=335.039..1139.117 rows=662825 loops=1)
                          Filter: (kind_id = 1)
                          Rows Removed by Filter: 1865487
Planning time: 1.169 ms
Execution time: 89236.175 ms
