Hash Join  (cost=843498.74..1605643.24 rows=4013784 width=0) (actual time=26625.479..47913.510 rows=30887801 loops=1)
  Hash Cond: (mi.movie_id = t.id)
  ->  Seq Scan on movie_info mi  (cost=0.00..309384.22 rows=14739122 width=4) (actual time=0.008..5181.318 rows=14835720 loops=1)
  ->  Hash  (cost=832201.57..832201.57 rows=688573 width=8) (actual time=26539.199..26539.199 rows=1604061 loops=1)
        Buckets: 131072 (originally 131072)  Batches: 32 (originally 16)  Memory Usage: 3073kB
        ->  Hash Join  (cost=74526.68..832201.57 rows=688573 width=8) (actual time=965.824..25744.469 rows=1604061 loops=1)
              Hash Cond: (ci.movie_id = t.id)
              ->  Seq Scan on cast_info ci  (cost=0.00..614943.12 rows=36225612 width=4) (actual time=0.014..8346.783 rows=36244344 loops=1)
              ->  Hash  (cost=73925.90..73925.90 rows=48062 width=4) (actual time=964.292..964.292 rows=168950 loops=1)
                    Buckets: 131072 (originally 65536)  Batches: 2 (originally 1)  Memory Usage: 3996kB
                    ->  Seq Scan on title t  (cost=0.00..73925.90 rows=48062 width=4) (actual time=228.147..900.256 rows=168950 loops=1)
                          Filter: ((production_year < 1953) AND (kind_id = 1))
                          Rows Removed by Filter: 2359362
Planning time: 1.142 ms
Execution time: 51058.999 ms
