Hash Join  (cost=79677.10..163906.96 rows=602219 width=0) (actual time=1284.268..3748.241 rows=907080 loops=1)
  Hash Cond: (mc.movie_id = t.id)
  ->  Seq Scan on movie_companies mc  (cost=0.00..51404.11 rows=2069481 width=4) (actual time=0.010..1056.139 rows=2064610 loops=1)
        Filter: (company_id < 72054)
        Rows Removed by Filter: 544519
  ->  Hash  (cost=67604.59..67604.59 rows=735801 width=4) (actual time=1283.137..1283.137 rows=730985 loops=1)
        Buckets: 131072  Batches: 16  Memory Usage: 2631kB
        ->  Seq Scan on title t  (cost=0.00..67604.59 rows=735801 width=4) (actual time=0.024..1045.838 rows=730985 loops=1)
              Filter: (production_year < 1992)
              Rows Removed by Filter: 1797327
Planning time: 0.744 ms
Execution time: 3863.666 ms
