Seq Scan on movie_keyword mk  (cost=0.00..81003.12 rows=1317191 width=0) (actual time=0.025..1302.077 rows=1328903 loops=1)
  Filter: (keyword_id > 12963)
  Rows Removed by Filter: 3195027
Planning time: 0.320 ms
Execution time: 1475.517 ms
