Hash Join  (cost=135018.19..888883.46 rows=307610 width=0) (actual time=2133.717..18643.048 rows=273323 loops=1)
  Hash Cond: (ci.movie_id = t.id)
  ->  Seq Scan on cast_info ci  (cost=0.00..614943.12 rows=36225612 width=4) (actual time=0.023..7512.796 rows=36244344 loops=1)
  ->  Hash  (cost=134749.80..134749.80 rows=21471 width=8) (actual time=2133.346..2133.346 rows=18225 loops=1)
        Buckets: 32768  Batches: 1  Memory Usage: 968kB
        ->  Hash Join  (cost=73454.11..134749.80 rows=21471 width=8) (actual time=1198.610..2126.100 rows=18225 loops=1)
              Hash Cond: (mc.movie_id = t.id)
              ->  Seq Scan on movie_companies mc  (cost=0.00..57926.93 rows=152279 width=4) (actual time=0.025..829.328 rows=68493 loops=1)
                    Filter: ((company_id < 160) AND (company_type_id = 2))
                    Rows Removed by Filter: 2540636
              ->  Hash  (cost=67604.59..67604.59 rows=356522 width=4) (actual time=1197.623..1197.623 rows=352081 loops=1)
                    Buckets: 131072  Batches: 8  Memory Usage: 2565kB
                    ->  Seq Scan on title t  (cost=0.00..67604.59 rows=356522 width=4) (actual time=0.024..1083.501 rows=352081 loops=1)
                          Filter: (production_year < 1969)
                          Rows Removed by Filter: 2176231
Planning time: 1.183 ms
Execution time: 18684.064 ms
