Seq Scan on movie_companies mc  (cost=0.00..51404.11 rows=865732 width=0) (actual time=24.009..828.780 rows=872614 loops=1)
  Filter: (company_id > 23446)
  Rows Removed by Filter: 1736515
Planning time: 0.305 ms
Execution time: 943.108 ms
