Hash Join  (cost=199356.38..280028.08 rows=407818 width=0) (actual time=3929.269..5458.513 rows=153709 loops=1)
  Hash Cond: (mc.movie_id = t.id)
  ->  Seq Scan on movie_companies mc  (cost=0.00..44881.29 rows=2609129 width=4) (actual time=0.022..776.204 rows=2609129 loops=1)
  ->  Hash  (cost=192872.15..192872.15 rows=395219 width=8) (actual time=3560.776..3560.776 rows=70480 loops=1)
        Buckets: 131072  Batches: 8  Memory Usage: 1357kB
        ->  Hash Join  (cost=81711.23..192872.15 rows=395219 width=8) (actual time=1841.865..3537.586 rows=70480 loops=1)
              Hash Cond: (mk.movie_id = t.id)
              ->  Seq Scan on movie_keyword mk  (cost=0.00..81003.12 rows=2106027 width=4) (actual time=0.021..1489.349 rows=2111934 loops=1)
                    Filter: (keyword_id < 3842)
                    Rows Removed by Filter: 2411996
              ->  Hash  (cost=73925.90..73925.90 rows=474506 width=4) (actual time=1085.504..1085.504 rows=360459 loops=1)
                    Buckets: 131072  Batches: 8  Memory Usage: 2600kB
                    ->  Seq Scan on title t  (cost=0.00..73925.90 rows=474506 width=4) (actual time=150.552..967.031 rows=360459 loops=1)
                          Filter: ((production_year < 1994) AND (kind_id = 7))
                          Rows Removed by Filter: 2167853
Planning time: 1.183 ms
Execution time: 5478.357 ms
