Seq Scan on cast_info ci  (cost=0.00..705507.15 rows=12187872 width=0) (actual time=0.025..10919.696 rows=12270473 loops=1)
  Filter: (person_id > 2459734)
  Rows Removed by Filter: 23973871
Planning time: 0.256 ms
Execution time: 12485.074 ms
