Seq Scan on title t  (cost=0.00..73925.90 rows=568781 width=0) (actual time=117.582..1020.934 rows=446559 loops=1)
  Filter: ((production_year > 1965) AND (kind_id = 1))
  Rows Removed by Filter: 2081753
Planning time: 0.368 ms
Execution time: 1075.436 ms
