Nested Loop  (cost=44377.22..922727.33 rows=41998 width=0) (actual time=1270.892..17420.456 rows=315010 loops=1)
  Join Filter: (ci.movie_id = t.id)
  ->  Hash Join  (cost=44376.79..860953.52 rows=104630 width=8) (actual time=1270.824..11919.916 rows=315010 loops=1)
        Hash Cond: (ci.movie_id = mi_idx.movie_id)
        ->  Seq Scan on cast_info ci  (cost=0.00..796071.18 rows=76950 width=4) (actual time=226.983..10358.745 rows=275330 loops=1)
              Filter: ((person_id > 3349635) AND (role_id = 6))
              Rows Removed by Filter: 35969014
        ->  Hash  (cost=21735.35..21735.35 rows=1380035 width=4) (actual time=1042.296..1042.296 rows=1380035 loops=1)
              Buckets: 131072  Batches: 32  Memory Usage: 2540kB
              ->  Seq Scan on movie_info_idx mi_idx  (cost=0.00..21735.35 rows=1380035 width=4) (actual time=0.031..437.358 rows=1380035 loops=1)
  ->  Index Only Scan using title_pkey on title t  (cost=0.43..0.58 rows=1 width=4) (actual time=0.017..0.017 rows=1 loops=315010)
        Index Cond: (id = mi_idx.movie_id)
        Heap Fetches: 315010
Planning time: 1.124 ms
Execution time: 17476.517 ms
