Seq Scan on movie_keyword mk  (cost=0.00..81003.12 rows=246 width=0) (actual time=8.880..1169.746 rows=178 loops=1)
  Filter: (keyword_id = 2600)
  Rows Removed by Filter: 4523752
Planning time: 0.307 ms
Execution time: 1169.958 ms
