Hash Join  (cost=73994.33..427055.94 rows=3920 width=0) (actual time=1492.345..6122.748 rows=6259 loops=1)
  Hash Cond: (mi.movie_id = t.id)
  ->  Seq Scan on movie_info mi  (cost=0.00..346232.03 rows=1810770 width=4) (actual time=441.891..4873.638 rows=1865632 loops=1)
        Filter: (info_type_id > 17)
        Rows Removed by Filter: 12970088
  ->  Hash  (cost=73925.90..73925.90 rows=5474 width=4) (actual time=977.102..977.102 rows=16373 loops=1)
        Buckets: 16384 (originally 8192)  Batches: 1 (originally 1)  Memory Usage: 704kB
        ->  Seq Scan on title t  (cost=0.00..73925.90 rows=5474 width=4) (actual time=0.035..969.299 rows=16373 loops=1)
              Filter: ((kind_id > 1) AND (production_year = 1989))
              Rows Removed by Filter: 2511939
Planning time: 0.781 ms
Execution time: 6123.853 ms
