Seq Scan on cast_info ci  (cost=0.00..705507.15 rows=32080232 width=0) (actual time=0.017..12510.069 rows=32059459 loops=1)
  Filter: (person_id < 3291453)
  Rows Removed by Filter: 4184885
Planning time: 0.249 ms
Execution time: 16601.334 ms
