Seq Scan on cast_info ci  (cost=0.00..796071.18 rows=18122548 width=0) (actual time=2846.385..13310.777 rows=21297152 loops=1)
  Filter: ((person_id > 799857) AND (role_id > 1))
  Rows Removed by Filter: 14947192
Planning time: 0.321 ms
Execution time: 15622.225 ms
