Hash Join  (cost=81878.30..471363.22 rows=588116 width=0) (actual time=3090.356..8495.885 rows=687431 loops=1)
  Hash Cond: (mi.movie_id = t.id)
  ->  Seq Scan on movie_info mi  (cost=0.00..346232.03 rows=3068194 width=4) (actual time=706.942..5076.778 rows=3036719 loops=1)
        Filter: (info_type_id = 16)
        Rows Removed by Filter: 11799001
  ->  Hash  (cost=73925.90..73925.90 rows=484672 width=4) (actual time=1177.872..1177.872 rows=355227 loops=1)
        Buckets: 131072  Batches: 8  Memory Usage: 2599kB
        ->  Seq Scan on title t  (cost=0.00..73925.90 rows=484672 width=4) (actual time=69.295..1061.377 rows=355227 loops=1)
              Filter: ((production_year > 1986) AND (kind_id = 1))
              Rows Removed by Filter: 2173085
Planning time: 2.394 ms
Execution time: 8584.165 ms
