Seq Scan on cast_info ci  (cost=0.00..705507.15 rows=500 width=0) (actual time=6478.191..9692.147 rows=193 loops=1)
  Filter: (person_id = 1186148)
  Rows Removed by Filter: 36244151
Planning time: 0.366 ms
Execution time: 9692.264 ms
