Hash Join  (cost=92883.59..254715.92 rows=2411185 width=0) (actual time=2706.172..5097.321 rows=579626 loops=1)
  Hash Cond: (mk.movie_id = t.id)
  ->  Seq Scan on movie_keyword mk  (cost=0.00..81003.12 rows=3956871 width=4) (actual time=0.026..1558.924 rows=3953991 loops=1)
        Filter: (keyword_id > 403)
        Rows Removed by Filter: 569939
  ->  Hash  (cost=67604.59..67604.59 rows=1540800 width=4) (actual time=1590.228..1590.228 rows=1543264 loops=1)
        Buckets: 131072  Batches: 32  Memory Usage: 2728kB
        ->  Seq Scan on title t  (cost=0.00..67604.59 rows=1540800 width=4) (actual time=0.017..1075.070 rows=1543264 loops=1)
              Filter: (kind_id = 7)
              Rows Removed by Filter: 985048
Planning time: 0.706 ms
Execution time: 5160.372 ms
