Hash Join  (cost=78556.72..923024.10 rows=851088 width=0) (actual time=1173.056..17106.755 rows=1961171 loops=1)
  Hash Cond: (ci.movie_id = t.id)
  ->  Seq Scan on cast_info ci  (cost=0.00..796071.18 rows=3223818 width=4) (actual time=0.015..10828.279 rows=6511544 loops=1)
        Filter: ((person_id < 889683) AND (role_id = 1))
        Rows Removed by Filter: 29732800
  ->  Hash  (cost=67604.59..67604.59 rows=667531 width=4) (actual time=1172.000..1172.000 rows=662825 loops=1)
        Buckets: 131072  Batches: 16  Memory Usage: 2476kB
        ->  Seq Scan on title t  (cost=0.00..67604.59 rows=667531 width=4) (actual time=438.116..961.512 rows=662825 loops=1)
              Filter: (kind_id = 1)
              Rows Removed by Filter: 1865487
Planning time: 8.656 ms
Execution time: 17346.287 ms
