Seq Scan on movie_keyword mk  (cost=0.00..81003.12 rows=246 width=0) (actual time=51.235..1164.262 rows=40 loops=1)
  Filter: (keyword_id = 43499)
  Rows Removed by Filter: 4523890
Planning time: 0.353 ms
Execution time: 1164.375 ms
