Hash Join  (cost=92883.59..225221.74 rows=1460570 width=0) (actual time=2749.180..4355.126 rows=362867 loops=1)
  Hash Cond: (mk.movie_id = t.id)
  ->  Seq Scan on movie_keyword mk  (cost=0.00..81003.12 rows=2396865 width=4) (actual time=0.186..1463.266 rows=2392032 loops=1)
        Filter: (keyword_id > 3938)
        Rows Removed by Filter: 2131898
  ->  Hash  (cost=67604.59..67604.59 rows=1540800 width=4) (actual time=1668.278..1668.278 rows=1543264 loops=1)
        Buckets: 131072  Batches: 32  Memory Usage: 2728kB
        ->  Seq Scan on title t  (cost=0.00..67604.59 rows=1540800 width=4) (actual time=187.685..1154.843 rows=1543264 loops=1)
              Filter: (kind_id = 7)
              Rows Removed by Filter: 985048
Planning time: 0.817 ms
Execution time: 4386.704 ms
