Hash Join  (cost=92883.59..167643.45 rows=558781 width=0) (actual time=2041.323..3525.891 rows=435051 loops=1)
  Hash Cond: (mc.movie_id = t.id)
  ->  Seq Scan on movie_companies mc  (cost=0.00..51404.11 rows=916987 width=4) (actual time=0.019..816.335 rows=918590 loops=1)
        Filter: (company_id < 3139)
        Rows Removed by Filter: 1690539
  ->  Hash  (cost=67604.59..67604.59 rows=1540800 width=4) (actual time=1868.992..1868.992 rows=1543264 loops=1)
        Buckets: 131072  Batches: 32  Memory Usage: 2722kB
        ->  Seq Scan on title t  (cost=0.00..67604.59 rows=1540800 width=4) (actual time=57.356..1013.812 rows=1543264 loops=1)
              Filter: (kind_id = 7)
              Rows Removed by Filter: 985048
Planning time: 0.729 ms
Execution time: 3578.124 ms
