Seq Scan on movie_keyword mk  (cost=0.00..81003.12 rows=246 width=0) (actual time=10.351..1226.327 rows=4 loops=1)
  Filter: (keyword_id = 41016)
  Rows Removed by Filter: 4523926
Planning time: 0.366 ms
Execution time: 1226.406 ms
