Hash Join  (cost=176145.07..683425.18 rows=1482582 width=0) (actual time=3419.299..16530.771 rows=3813017 loops=1)
  Hash Cond: (mi.movie_id = t.id)
  ->  Seq Scan on movie_info mi  (cost=0.00..346232.03 rows=12545135 width=4) (actual time=211.994..6088.223 rows=12601870 loops=1)
        Filter: (info_type_id < 17)
        Rows Removed by Filter: 2233850
  ->  Hash  (cost=171241.81..171241.81 rows=298821 width=8) (actual time=3206.415..3206.415 rows=292877 loops=1)
        Buckets: 131072  Batches: 4  Memory Usage: 3896kB
        ->  Hash Join  (cost=102767.86..171241.81 rows=298821 width=8) (actual time=1740.021..3107.595 rows=292877 loops=1)
              Hash Cond: (mc.movie_id = t.id)
              ->  Seq Scan on movie_companies mc  (cost=0.00..51404.11 rows=298821 width=4) (actual time=0.041..688.646 rows=292877 loops=1)
                    Filter: (company_id < 160)
                    Rows Removed by Filter: 2316252
              ->  Hash  (cost=61283.27..61283.27 rows=2528527 width=4) (actual time=1738.992..1738.992 rows=2528312 loops=1)
                    Buckets: 131072  Batches: 64  Memory Usage: 2415kB
                    ->  Seq Scan on title t  (cost=0.00..61283.27 rows=2528527 width=4) (actual time=0.016..908.083 rows=2528312 loops=1)
Planning time: 1.159 ms
Execution time: 17005.457 ms
