Hash Join  (cost=265213.33..447360.05 rows=4472477 width=0) (actual time=6086.306..18699.593 rows=33961189 loops=1)
  Hash Cond: (mk.movie_id = t.id)
  ->  Seq Scan on movie_keyword mk  (cost=0.00..69693.30 rows=4523930 width=4) (actual time=0.015..1275.197 rows=4523930 loops=1)
  ->  Hash  (cost=224201.22..224201.22 rows=2499769 width=8) (actual time=6084.922..6084.922 rows=2499537 loops=1)
        Buckets: 131072  Batches: 64  Memory Usage: 2621kB
        ->  Hash Join  (cost=102767.86..224201.22 rows=2499769 width=8) (actual time=1801.975..5327.347 rows=2499537 loops=1)
              Hash Cond: (mc.movie_id = t.id)
              ->  Seq Scan on movie_companies mc  (cost=0.00..51404.11 rows=2499769 width=4) (actual time=0.022..1080.310 rows=2499537 loops=1)
                    Filter: (company_id < 152083)
                    Rows Removed by Filter: 109592
              ->  Hash  (cost=61283.27..61283.27 rows=2528527 width=4) (actual time=1800.482..1800.482 rows=2528312 loops=1)
                    Buckets: 131072  Batches: 64  Memory Usage: 2415kB
                    ->  Seq Scan on title t  (cost=0.00..61283.27 rows=2528527 width=4) (actual time=0.017..938.773 rows=2528312 loops=1)
Planning time: 1.112 ms
Execution time: 22255.226 ms
