Hash Join  (cost=109615.83..1155726.32 rows=1198031 width=0) (actual time=1946.068..27542.616 rows=2199078 loops=1)
  Hash Cond: (ci.movie_id = t.id)
  ->  Seq Scan on cast_info ci  (cost=0.00..614943.12 rows=36225612 width=4) (actual time=0.019..11885.875 rows=36244344 loops=1)
  ->  Hash  (cost=108243.55..108243.55 rows=83622 width=8) (actual time=1945.116..1945.116 rows=91717 loops=1)
        Buckets: 131072  Batches: 2  Memory Usage: 2820kB
        ->  Hash Join  (cost=75071.77..108243.55 rows=83622 width=8) (actual time=1143.315..1912.955 rows=91717 loops=1)
              Hash Cond: (mi_idx.movie_id = t.id)
              ->  Seq Scan on movie_info_idx mi_idx  (cost=0.00..25185.44 rows=464566 width=4) (actual time=0.020..438.832 rows=459925 loops=1)
                    Filter: (info_type_id = 101)
                    Rows Removed by Filter: 920110
              ->  Hash  (cost=67604.59..67604.59 rows=455135 width=4) (actual time=1142.366..1142.366 rows=451569 loops=1)
                    Buckets: 131072  Batches: 8  Memory Usage: 3003kB
                    ->  Seq Scan on title t  (cost=0.00..67604.59 rows=455135 width=4) (actual time=0.019..999.850 rows=451569 loops=1)
                          Filter: (production_year < 1976)
                          Rows Removed by Filter: 2076743
Planning time: 6.953 ms
Execution time: 27807.005 ms
