Seq Scan on cast_info ci  (cost=0.00..796071.18 rows=4132837 width=0) (actual time=176.702..11055.255 rows=2540070 loops=1)
  Filter: ((person_id < 895739) AND (role_id > 2))
  Rows Removed by Filter: 33704274
Planning time: 0.346 ms
Execution time: 11371.066 ms
