Hash Join  (cost=647005.50..2467935.01 rows=63399326 width=0) (actual time=12760.662..101612.770 rows=220916999 loops=1)
  Hash Cond: (ci.movie_id = t.id)
  ->  Seq Scan on cast_info ci  (cost=0.00..614943.12 rows=36225612 width=4) (actual time=0.026..12377.291 rows=36244344 loops=1)
  ->  Hash  (cost=574403.04..574403.04 rows=4425237 width=8) (actual time=12759.142..12759.142 rows=4834588 loops=1)
        Buckets: 131072 (originally 131072)  Batches: 128 (originally 64)  Memory Usage: 3901kB
        ->  Hash Join  (cost=97066.09..574403.04 rows=4425237 width=8) (actual time=1945.647..11368.240 rows=4834588 loops=1)
              Hash Cond: (mi.movie_id = t.id)
              ->  Seq Scan on movie_info mi  (cost=0.00..346232.03 rows=6231111 width=4) (actual time=139.188..4591.783 rows=6223494 loops=1)
                    Filter: (info_type_id > 8)
                    Rows Removed by Filter: 8612226
              ->  Hash  (cost=67604.59..67604.59 rows=1795720 width=4) (actual time=1804.887..1804.887 rows=1794153 loops=1)
                    Buckets: 131072  Batches: 32  Memory Usage: 3001kB
                    ->  Seq Scan on title t  (cost=0.00..67604.59 rows=1795720 width=4) (actual time=0.027..1205.880 rows=1794153 loops=1)
                          Filter: (production_year < 2009)
                          Rows Removed by Filter: 734159
Planning time: 1.146 ms
Execution time: 125370.376 ms
