Seq Scan on movie_keyword mk  (cost=0.00..81003.12 rows=3900531 width=0) (actual time=0.021..1592.516 rows=3903830 loops=1)
  Filter: (keyword_id > 475)
  Rows Removed by Filter: 620100
Planning time: 0.307 ms
Execution time: 2092.085 ms
