Seq Scan on movie_companies mc  (cost=0.00..57926.93 rows=51 width=0) (actual time=336.544..776.739 rows=738 loops=1)
  Filter: ((company_id = 78) AND (company_type_id = 1))
  Rows Removed by Filter: 2608391
Planning time: 0.346 ms
Execution time: 776.963 ms
