Seq Scan on movie_companies mc  (cost=0.00..51404.11 rows=1016753 width=0) (actual time=0.024..814.791 rows=1016424 loops=1)
  Filter: (company_id < 5258)
  Rows Removed by Filter: 1592705
Planning time: 0.291 ms
Execution time: 949.542 ms
