Hash Join  (cost=789062.20..3244155.84 rows=107500539 width=0) (actual time=20741.099..120188.925 rows=276269666 loops=1)
  Hash Cond: (ci.movie_id = t.id)
  ->  Seq Scan on cast_info ci  (cost=0.00..614943.12 rows=36225612 width=4) (actual time=0.014..12334.882 rows=36244344 loops=1)
  ->  Hash  (cost=665957.75..665957.75 rows=7503476 width=8) (actual time=20738.425..20738.425 rows=6573714 loops=1)
        Buckets: 131072  Batches: 128  Memory Usage: 3018kB
        ->  Hash Join  (cost=95609.14..665957.75 rows=7503476 width=8) (actual time=1782.460..17996.422 rows=6573714 loops=1)
              Hash Cond: (mi.movie_id = t.id)
              ->  Seq Scan on movie_info mi  (cost=0.00..346232.03 rows=11115165 width=4) (actual time=0.025..6179.122 rows=11210743 loops=1)
                    Filter: (info_type_id > 3)
                    Rows Removed by Filter: 3624977
              ->  Hash  (cost=67604.59..67604.59 rows=1706924 width=4) (actual time=1781.296..1781.296 rows=1700316 loops=1)
                    Buckets: 131072  Batches: 32  Memory Usage: 2903kB
                    ->  Seq Scan on title t  (cost=0.00..67604.59 rows=1706924 width=4) (actual time=0.023..1204.091 rows=1700316 loops=1)
                          Filter: (production_year > 1992)
                          Rows Removed by Filter: 827996
Planning time: 1.199 ms
Execution time: 149500.425 ms
