Hash Join  (cost=101040.51..493857.32 rows=1355532 width=0) (actual time=2567.787..8840.953 rows=974279 loops=1)
  Hash Cond: (mi.movie_id = t.id)
  ->  Seq Scan on movie_info mi  (cost=0.00..346232.03 rows=2073893 width=4) (actual time=0.018..4684.094 rows=2091068 loops=1)
        Filter: (info_type_id < 3)
        Rows Removed by Filter: 12744652
  ->  Hash  (cost=73925.90..73925.90 rows=1652688 width=4) (actual time=2566.384..2566.384 rows=1761969 loops=1)
        Buckets: 131072  Batches: 32  Memory Usage: 2971kB
        ->  Seq Scan on title t  (cost=0.00..73925.90 rows=1652688 width=4) (actual time=0.021..1364.577 rows=1761969 loops=1)
              Filter: ((kind_id > 1) AND (production_year > 1957))
              Rows Removed by Filter: 766343
Planning time: 1.918 ms
Execution time: 8965.342 ms
