Hash Join  (cost=101214.46..162041.01 rows=1323 width=0) (actual time=2091.971..2181.972 rows=34 loops=1)
  Hash Cond: (mc.movie_id = t.id)
  ->  Seq Scan on movie_companies mc  (cost=0.00..57926.93 rows=769702 width=4) (actual time=0.007..949.435 rows=554492 loops=1)
        Filter: ((company_id > 5894) AND (company_type_id < 2))
        Rows Removed by Filter: 2054637
  ->  Hash  (cost=101160.14..101160.14 rows=4345 width=8) (actual time=1144.545..1144.545 rows=2677 loops=1)
        Buckets: 8192  Batches: 1  Memory Usage: 169kB
        ->  Hash Join  (cost=74228.29..101160.14 rows=4345 width=8) (actual time=631.907..1143.426 rows=2677 loops=1)
              Hash Cond: (mi_idx.movie_id = t.id)
              ->  Seq Scan on movie_info_idx mi_idx  (cost=0.00..25185.44 rows=454124 width=4) (actual time=0.015..404.022 rows=459925 loops=1)
                    Filter: (info_type_id = 100)
                    Rows Removed by Filter: 920110
              ->  Hash  (cost=73925.90..73925.90 rows=24191 width=4) (actual time=612.056..612.056 rows=24602 loops=1)
                    Buckets: 32768  Batches: 1  Memory Usage: 1121kB
                    ->  Seq Scan on title t  (cost=0.00..73925.90 rows=24191 width=4) (actual time=0.021..604.453 rows=24602 loops=1)
                          Filter: ((kind_id = 7) AND (production_year = 1995))
                          Rows Removed by Filter: 2503710
Planning time: 0.879 ms
Execution time: 2182.132 ms
