Hash Join  (cost=945463.87..1087258.97 rows=1624606 width=0) (actual time=17355.522..29842.450 rows=37774858 loops=1)
  Hash Cond: (mk.movie_id = t.id)
  ->  Seq Scan on movie_keyword mk  (cost=0.00..69693.30 rows=4523930 width=4) (actual time=0.028..1398.258 rows=4523930 loops=1)
  ->  Hash  (cost=930566.51..930566.51 rows=908029 width=8) (actual time=17353.668..17353.668 rows=2911278 loops=1)
        Buckets: 131072 (originally 131072)  Batches: 64 (originally 16)  Memory Usage: 3073kB
        ->  Hash Join  (cost=102767.86..930566.51 rows=908029 width=8) (actual time=9183.788..16448.002 rows=2911278 loops=1)
              Hash Cond: (ci.movie_id = t.id)
              ->  Seq Scan on cast_info ci  (cost=0.00..796071.18 rows=908029 width=4) (actual time=7079.796..11556.523 rows=2911278 loops=1)
                    Filter: ((person_id > 2910603) AND (role_id = 10))
                    Rows Removed by Filter: 33333066
              ->  Hash  (cost=61283.27..61283.27 rows=2528527 width=4) (actual time=2102.224..2102.224 rows=2528312 loops=1)
                    Buckets: 131072  Batches: 64  Memory Usage: 2415kB
                    ->  Seq Scan on title t  (cost=0.00..61283.27 rows=2528527 width=4) (actual time=0.022..996.730 rows=2528312 loops=1)
Planning time: 3.162 ms
Execution time: 34175.215 ms
