Seq Scan on cast_info ci  (cost=0.00..796071.18 rows=176 width=0) (actual time=723.581..11841.590 rows=168 loops=1)
  Filter: ((role_id < 2) AND (person_id = 1640917))
  Rows Removed by Filter: 36244176
Planning time: 0.364 ms
Execution time: 11841.708 ms
