Hash Join  (cost=74163.80..161162.35 rows=34051 width=0) (actual time=1014.788..2946.679 rows=27625 loops=1)
  Hash Cond: (mk.movie_id = t.id)
  ->  Seq Scan on movie_keyword mk  (cost=0.00..69693.30 rows=4523930 width=4) (actual time=0.025..1054.660 rows=4523930 loops=1)
  ->  Hash  (cost=73925.90..73925.90 rows=19032 width=4) (actual time=1014.067..1014.067 rows=18625 loops=1)
        Buckets: 32768  Batches: 1  Memory Usage: 911kB
        ->  Seq Scan on title t  (cost=0.00..73925.90 rows=19032 width=4) (actual time=67.103..1006.333 rows=18625 loops=1)
              Filter: ((production_year < 1977) AND (kind_id = 3))
              Rows Removed by Filter: 2509687
Planning time: 0.823 ms
Execution time: 2950.787 ms
