Hash Join  (cost=83075.06..447743.93 rows=1295 width=0) (actual time=1143.778..7802.152 rows=17565 loops=1)
  Hash Cond: (mi.movie_id = t.id)
  ->  Seq Scan on movie_info mi  (cost=0.00..309384.22 rows=14739122 width=4) (actual time=0.010..4013.246 rows=14835720 loops=1)
  ->  Hash  (cost=83072.29..83072.29 rows=222 width=8) (actual time=1095.440..1095.440 rows=227 loops=1)
        Buckets: 1024  Batches: 1  Memory Usage: 17kB
        ->  Nested Loop  (cost=0.43..83072.29 rows=222 width=8) (actual time=10.141..1095.192 rows=227 loops=1)
              ->  Seq Scan on movie_keyword mk  (cost=0.00..81003.12 rows=246 width=4) (actual time=5.714..1083.825 rows=406 loops=1)
                    Filter: (keyword_id = 1986)
                    Rows Removed by Filter: 4523524
              ->  Index Scan using title_pkey on title t  (cost=0.43..8.40 rows=1 width=4) (actual time=0.026..0.026 rows=1 loops=406)
                    Index Cond: (id = mk.movie_id)
                    Filter: (production_year > 1952)
                    Rows Removed by Filter: 0
Planning time: 1.173 ms
Execution time: 7805.321 ms
