Hash Join  (cost=97010.87..192076.28 rows=1451889 width=0) (actual time=1805.509..4683.399 rows=984519 loops=1)
  Hash Cond: (mc.movie_id = t.id)
  ->  Seq Scan on movie_companies mc  (cost=0.00..44881.29 rows=2609129 width=4) (actual time=0.014..761.439 rows=2609129 loops=1)
  ->  Hash  (cost=73925.90..73925.90 rows=1407037 width=4) (actual time=1804.121..1804.121 rows=1529626 loops=1)
        Buckets: 131072  Batches: 32  Memory Usage: 2715kB
        ->  Seq Scan on title t  (cost=0.00..73925.90 rows=1407037 width=4) (actual time=0.008..1294.086 rows=1529626 loops=1)
              Filter: ((kind_id > 1) AND (production_year > 1982))
              Rows Removed by Filter: 998686
Planning time: 4.820 ms
Execution time: 4811.688 ms
