Seq Scan on movie_keyword mk  (cost=0.00..81003.12 rows=246 width=0) (actual time=78.455..1138.849 rows=23 loops=1)
  Filter: (keyword_id = 11289)
  Rows Removed by Filter: 4523907
Planning time: 0.350 ms
Execution time: 1138.948 ms
