Seq Scan on movie_keyword mk  (cost=0.00..81003.12 rows=91747 width=0) (actual time=0.021..1181.423 rows=89579 loops=1)
  Filter: (keyword_id > 85043)
  Rows Removed by Filter: 4434351
Planning time: 0.323 ms
Execution time: 1193.997 ms
