Hash Join  (cost=84570.03..220713.86 rows=1160679 width=0) (actual time=1352.816..4670.218 rows=489281 loops=1)
  Hash Cond: (mk.movie_id = t.id)
  ->  Seq Scan on movie_keyword mk  (cost=0.00..69693.30 rows=4523930 width=4) (actual time=0.023..1295.268 rows=4523930 loops=1)
  ->  Hash  (cost=73925.90..73925.90 rows=648730 width=4) (actual time=1349.284..1349.284 rows=530222 loops=1)
        Buckets: 131072  Batches: 16  Memory Usage: 2193kB
        ->  Seq Scan on title t  (cost=0.00..73925.90 rows=648730 width=4) (actual time=0.022..1165.866 rows=530222 loops=1)
              Filter: ((kind_id > 2) AND (production_year < 1998))
              Rows Removed by Filter: 1998090
Planning time: 0.704 ms
Execution time: 4727.462 ms
