Hash Join  (cost=170447.49..209244.64 rows=64366 width=0) (actual time=3204.873..4480.035 rows=802768 loops=1)
  Hash Cond: (mi_idx.movie_id = t.id)
  ->  Seq Scan on movie_info_idx mi_idx  (cost=0.00..21735.35 rows=1380035 width=4) (actual time=0.016..443.941 rows=1380035 loops=1)
  ->  Hash  (cost=168512.34..168512.34 rows=117932 width=8) (actual time=3203.942..3203.942 rows=315596 loops=1)
        Buckets: 131072 (originally 131072)  Batches: 8 (originally 2)  Memory Usage: 3073kB
        ->  Hash Join  (cost=78556.72..168512.34 rows=117932 width=8) (actual time=1391.115..3093.715 rows=315596 loops=1)
              Hash Cond: (mk.movie_id = t.id)
              ->  Seq Scan on movie_keyword mk  (cost=0.00..81003.12 rows=446713 width=4) (actual time=0.021..1276.386 rows=445455 loops=1)
                    Filter: (keyword_id > 39786)
                    Rows Removed by Filter: 4078475
              ->  Hash  (cost=67604.59..67604.59 rows=667531 width=4) (actual time=1389.779..1389.779 rows=662825 loops=1)
                    Buckets: 131072  Batches: 16  Memory Usage: 2486kB
                    ->  Seq Scan on title t  (cost=0.00..67604.59 rows=667531 width=4) (actual time=0.015..1173.108 rows=662825 loops=1)
                          Filter: (kind_id = 1)
                          Rows Removed by Filter: 1865487
Planning time: 1.211 ms
Execution time: 4579.020 ms
