Nested Loop  (cost=0.43..709671.90 rows=500 width=0) (actual time=2221.521..9893.082 rows=87 loops=1)
  ->  Seq Scan on cast_info ci  (cost=0.00..705507.15 rows=500 width=4) (actual time=2221.385..9891.631 rows=87 loops=1)
        Filter: (person_id = 1559291)
        Rows Removed by Filter: 36244257
  ->  Index Only Scan using title_pkey on title t  (cost=0.43..8.32 rows=1 width=4) (actual time=0.015..0.015 rows=1 loops=87)
        Index Cond: (id = ci.movie_id)
        Heap Fetches: 87
Planning time: 0.755 ms
Execution time: 9893.175 ms
