Seq Scan on cast_info ci  (cost=0.00..705507.15 rows=6984914 width=0) (actual time=325.776..8457.665 rows=7053766 loops=1)
  Filter: (person_id > 2960319)
  Rows Removed by Filter: 29190578
Planning time: 0.327 ms
Execution time: 9209.295 ms
