Hash Join  (cost=101691.37..156630.36 rows=27346 width=0) (actual time=1701.167..2888.414 rows=73788 loops=1)
  Hash Cond: (mc.movie_id = t.id)
  ->  Seq Scan on movie_companies mc  (cost=0.00..44881.29 rows=2609129 width=4) (actual time=0.024..559.660 rows=2609129 loops=1)
  ->  Hash  (cost=101360.11..101360.11 rows=26501 width=8) (actual time=1700.621..1700.621 rows=20280 loops=1)
        Buckets: 32768  Batches: 1  Memory Usage: 1049kB
        ->  Hash Join  (cost=69969.16..101360.11 rows=26501 width=8) (actual time=1105.948..1692.537 rows=20280 loops=1)
              Hash Cond: (mi_idx.movie_id = t.id)
              ->  Seq Scan on movie_info_idx mi_idx  (cost=0.00..25185.44 rows=464934 width=4) (actual time=0.016..486.779 rows=460185 loops=1)
                    Filter: (info_type_id > 100)
                    Rows Removed by Filter: 919850
              ->  Hash  (cost=67604.59..67604.59 rows=144126 width=4) (actual time=996.439..996.439 rows=145539 loops=1)
                    Buckets: 131072  Batches: 2  Memory Usage: 3580kB
                    ->  Seq Scan on title t  (cost=0.00..67604.59 rows=144126 width=4) (actual time=0.020..946.156 rows=145539 loops=1)
                          Filter: (production_year < 1942)
                          Rows Removed by Filter: 2382773
Planning time: 1.537 ms
Execution time: 2899.819 ms
