Hash Join  (cost=154657.29..519580.84 rows=26761 width=0) (actual time=2542.617..9252.677 rows=455631 loops=1)
  Hash Cond: (mi.movie_id = t.id)
  ->  Seq Scan on movie_info mi  (cost=0.00..309384.22 rows=14739122 width=4) (actual time=0.019..3565.013 rows=14835720 loops=1)
  ->  Hash  (cost=154599.90..154599.90 rows=4591 width=8) (actual time=2541.583..2541.583 rows=11124 loops=1)
        Buckets: 16384 (originally 8192)  Batches: 1 (originally 1)  Memory Usage: 563kB
        ->  Hash Join  (cost=67697.55..154599.90 rows=4591 width=8) (actual time=865.232..2536.792 rows=11124 loops=1)
              Hash Cond: (mk.movie_id = t.id)
              ->  Seq Scan on movie_keyword mk  (cost=0.00..81003.12 rows=1560885 width=4) (actual time=0.018..1380.537 rows=1567087 loops=1)
                    Filter: (keyword_id < 2359)
                    Rows Removed by Filter: 2956843
              ->  Hash  (cost=67604.59..67604.59 rows=7437 width=4) (actual time=864.459..864.459 rows=14038 loops=1)
                    Buckets: 16384 (originally 8192)  Batches: 1 (originally 1)  Memory Usage: 622kB
                    ->  Seq Scan on title t  (cost=0.00..67604.59 rows=7437 width=4) (actual time=0.027..858.056 rows=14038 loops=1)
                          Filter: (production_year = 1977)
                          Rows Removed by Filter: 2514274
Planning time: 3.042 ms
Execution time: 9312.766 ms
