Seq Scan on movie_keyword mk  (cost=0.00..81003.12 rows=1974793 width=0) (actual time=0.016..1328.887 rows=1977254 loops=1)
  Filter: (keyword_id < 3481)
  Rows Removed by Filter: 2546676
Planning time: 0.324 ms
Execution time: 1586.448 ms
