Hash Join  (cost=242161.50..1452387.03 rows=17173937 width=0) (actual time=4864.779..47120.412 rows=56016434 loops=1)
  Hash Cond: (ci.movie_id = t.id)
  ->  Seq Scan on cast_info ci  (cost=0.00..614943.12 rows=36225612 width=4) (actual time=0.023..11924.640 rows=36244344 loops=1)
  ->  Hash  (cost=222494.36..222494.36 rows=1198731 width=8) (actual time=4863.726..4863.726 rows=1208163 loops=1)
        Buckets: 131072  Batches: 16  Memory Usage: 4038kB
        ->  Hash Join  (cost=102767.86..222494.36 rows=1198731 width=8) (actual time=1828.429..4499.183 rows=1208163 loops=1)
              Hash Cond: (mk.movie_id = t.id)
              ->  Seq Scan on movie_keyword mk  (cost=0.00..81003.12 rows=1198731 width=4) (actual time=0.022..1297.417 rows=1208163 loops=1)
                    Filter: (keyword_id > 15177)
                    Rows Removed by Filter: 3315767
              ->  Hash  (cost=61283.27..61283.27 rows=2528527 width=4) (actual time=1827.709..1827.709 rows=2528312 loops=1)
                    Buckets: 131072  Batches: 64  Memory Usage: 2425kB
                    ->  Seq Scan on title t  (cost=0.00..61283.27 rows=2528527 width=4) (actual time=0.018..968.146 rows=2528312 loops=1)
Planning time: 1.120 ms
Execution time: 52841.094 ms
