Seq Scan on cast_info ci  (cost=0.00..796071.18 rows=1502508 width=0) (actual time=0.013..10196.057 rows=2992165 loops=1)
  Filter: ((person_id < 398317) AND (role_id = 1))
  Rows Removed by Filter: 33252179
Planning time: 0.394 ms
Execution time: 10555.359 ms
