Hash Join  (cost=85777.42..227435.52 rows=1547709 width=0) (actual time=1684.700..5880.143 rows=1099374 loops=1)
  Hash Cond: (mk.movie_id = t.id)
  ->  Seq Scan on movie_keyword mk  (cost=0.00..81003.12 rows=3533034 width=4) (actual time=0.018..1781.662 rows=3522366 loops=1)
        Filter: (keyword_id < 18530)
        Rows Removed by Filter: 1001564
  ->  Hash  (cost=67604.59..67604.59 rows=1107667 width=4) (actual time=1683.346..1683.346 rows=1107925 loops=1)
        Buckets: 131072  Batches: 16  Memory Usage: 3467kB
        ->  Seq Scan on title t  (cost=0.00..67604.59 rows=1107667 width=4) (actual time=0.022..1308.049 rows=1107925 loops=1)
              Filter: (production_year > 2004)
              Rows Removed by Filter: 1420387
Planning time: 0.788 ms
Execution time: 6008.816 ms
