Hash Join  (cost=190230.21..329306.75 rows=1689331 width=0) (actual time=4141.014..8870.282 rows=7169249 loops=1)
  Hash Cond: (mk.movie_id = t.id)
  ->  Seq Scan on movie_keyword mk  (cost=0.00..81003.12 rows=3095226 width=4) (actual time=0.018..1593.964 rows=3079024 loops=1)
        Filter: (keyword_id > 2021)
        Rows Removed by Filter: 1444906
  ->  Hash  (cost=167588.78..167588.78 rows=1380035 width=8) (actual time=4139.618..4139.618 rows=1380035 loops=1)
        Buckets: 131072  Batches: 32  Memory Usage: 2726kB
        ->  Hash Join  (cost=102767.86..167588.78 rows=1380035 width=8) (actual time=1881.842..3740.193 rows=1380035 loops=1)
              Hash Cond: (mi_idx.movie_id = t.id)
              ->  Seq Scan on movie_info_idx mi_idx  (cost=0.00..21735.35 rows=1380035 width=4) (actual time=0.014..404.142 rows=1380035 loops=1)
              ->  Hash  (cost=61283.27..61283.27 rows=2528527 width=4) (actual time=1881.047..1881.047 rows=2528312 loops=1)
                    Buckets: 131072  Batches: 64  Memory Usage: 2415kB
                    ->  Seq Scan on title t  (cost=0.00..61283.27 rows=2528527 width=4) (actual time=0.019..1053.925 rows=2528312 loops=1)
Planning time: 1.056 ms
Execution time: 9652.990 ms
