Seq Scan on cast_info ci  (cost=0.00..705507.15 rows=500 width=0) (actual time=1867.580..9850.713 rows=840 loops=1)
  Filter: (person_id = 597055)
  Rows Removed by Filter: 36243504
Planning time: 0.360 ms
Execution time: 9850.934 ms
