Hash Join  (cost=73950.44..163064.82 rows=1676 width=0) (actual time=944.911..2661.026 rows=12222 loops=1)
  Hash Cond: (mk.movie_id = t.id)
  ->  Seq Scan on movie_keyword mk  (cost=0.00..81003.12 rows=2158530 width=4) (actual time=0.025..1369.347 rows=2162652 loops=1)
        Filter: (keyword_id < 4147)
        Rows Removed by Filter: 2361278
  ->  Hash  (cost=73925.90..73925.90 rows=1963 width=4) (actual time=943.842..943.842 rows=4514 loops=1)
        Buckets: 8192 (originally 2048)  Batches: 1 (originally 1)  Memory Usage: 223kB
        ->  Seq Scan on title t  (cost=0.00..73925.90 rows=1963 width=4) (actual time=0.060..941.644 rows=4514 loops=1)
              Filter: ((kind_id = 1) AND (production_year = 1984))
              Rows Removed by Filter: 2523798
Planning time: 0.754 ms
Execution time: 2662.957 ms
