Hash Join  (cost=205049.97..345303.42 rows=1498041 width=0) (actual time=4821.194..13556.379 rows=25557315 loops=1)
  Hash Cond: (mk.movie_id = t.id)
  ->  Seq Scan on movie_keyword mk  (cost=0.00..69693.30 rows=4523930 width=4) (actual time=0.024..1412.286 rows=4523930 loops=1)
  ->  Hash  (cost=191312.86..191312.86 rows=837289 width=8) (actual time=4820.177..4820.177 rows=1182246 loops=1)
        Buckets: 131072  Batches: 16  Memory Usage: 3975kB
        ->  Hash Join  (cost=104131.46..191312.86 rows=837289 width=8) (actual time=1964.025..4468.649 rows=1182246 loops=1)
              Hash Cond: (mc.movie_id = t.id)
              ->  Seq Scan on movie_companies mc  (cost=0.00..57926.93 rows=950915 width=4) (actual time=0.032..1119.755 rows=1247140 loops=1)
                    Filter: ((company_id < 49607) AND (company_type_id = 1))
                    Rows Removed by Filter: 1361989
              ->  Hash  (cost=67604.59..67604.59 rows=2226390 width=4) (actual time=1962.806..1962.806 rows=2224569 loops=1)
                    Buckets: 131072  Batches: 32  Memory Usage: 3463kB
                    ->  Seq Scan on title t  (cost=0.00..67604.59 rows=2226390 width=4) (actual time=0.019..1261.218 rows=2224569 loops=1)
                          Filter: (production_year < 2012)
                          Rows Removed by Filter: 303743
Planning time: 1.085 ms
Execution time: 16093.469 ms
