Nested Loop  (cost=0.43..83072.29 rows=96 width=0) (actual time=2.562..875.420 rows=1888 loops=1)
  ->  Seq Scan on movie_keyword mk  (cost=0.00..81003.12 rows=246 width=4) (actual time=0.249..836.753 rows=2024 loops=1)
        Filter: (keyword_id = 2241)
        Rows Removed by Filter: 4521906
  ->  Index Scan using title_pkey on title t  (cost=0.43..8.40 rows=1 width=4) (actual time=0.018..0.018 rows=1 loops=2024)
        Index Cond: (id = mk.movie_id)
        Filter: (kind_id < 7)
        Rows Removed by Filter: 0
Planning time: 0.691 ms
Execution time: 876.089 ms
