Hash Join  (cost=106934.74..151842.40 rows=440440 width=0) (actual time=1965.607..3301.056 rows=455304 loops=1)
  Hash Cond: (mi_idx.movie_id = t.id)
  ->  Seq Scan on movie_info_idx mi_idx  (cost=0.00..25185.44 rows=464566 width=4) (actual time=0.034..510.976 rows=459925 loops=1)
        Filter: (info_type_id = 101)
        Rows Removed by Filter: 920110
  ->  Hash  (cost=67604.59..67604.59 rows=2397212 width=4) (actual time=1964.195..1964.195 rows=2388701 loops=1)
        Buckets: 131072  Batches: 32  Memory Usage: 3650kB
        ->  Seq Scan on title t  (cost=0.00..67604.59 rows=2397212 width=4) (actual time=0.011..1226.044 rows=2388701 loops=1)
              Filter: (production_year > 1915)
              Rows Removed by Filter: 139611
Planning time: 0.779 ms
Execution time: 3357.752 ms
