Hash Join  (cost=102767.86..235232.98 rows=1728123 width=0) (actual time=1846.170..5358.003 rows=1732726 loops=1)
  Hash Cond: (mk.movie_id = t.id)
  ->  Seq Scan on movie_keyword mk  (cost=0.00..81003.12 rows=1728123 width=4) (actual time=0.016..1443.387 rows=1732726 loops=1)
        Filter: (keyword_id < 2830)
        Rows Removed by Filter: 2791204
  ->  Hash  (cost=61283.27..61283.27 rows=2528527 width=4) (actual time=1843.986..1843.986 rows=2528312 loops=1)
        Buckets: 131072  Batches: 64  Memory Usage: 2425kB
        ->  Seq Scan on title t  (cost=0.00..61283.27 rows=2528527 width=4) (actual time=0.017..983.833 rows=2528312 loops=1)
Planning time: 0.787 ms
Execution time: 5571.358 ms
