Hash Join  (cost=52284.25..803073.85 rows=43 width=0) (actual time=852.588..15498.883 rows=384 loops=1)
  Hash Cond: (ci.movie_id = t.id)
  ->  Seq Scan on cast_info ci  (cost=0.00..614943.12 rows=36225612 width=4) (actual time=0.012..7813.717 rows=36244344 loops=1)
  ->  Hash  (cost=52284.21..52284.21 rows=3 width=8) (actual time=763.664..763.664 rows=13 loops=1)
        Buckets: 1024  Batches: 1  Memory Usage: 9kB
        ->  Nested Loop  (cost=0.43..52284.21 rows=3 width=8) (actual time=344.518..763.648 rows=13 loops=1)
              ->  Seq Scan on movie_companies mc  (cost=0.00..51404.11 rows=104 width=4) (actual time=0.125..758.039 rows=194 loops=1)
                    Filter: (company_id = 234)
                    Rows Removed by Filter: 2608935
              ->  Index Scan using title_pkey on title t  (cost=0.43..8.45 rows=1 width=4) (actual time=0.028..0.028 rows=0 loops=194)
                    Index Cond: (id = mc.movie_id)
                    Filter: ((kind_id = 7) AND (production_year = 2006))
                    Rows Removed by Filter: 1
Planning time: 1.260 ms
Execution time: 15499.141 ms
