Seq Scan on title t  (cost=0.00..73925.90 rows=8010 width=0) (actual time=141.288..935.928 rows=29104 loops=1)
  Filter: ((production_year < 1911) AND (kind_id = 1))
  Rows Removed by Filter: 2499208
Planning time: 0.450 ms
Execution time: 940.442 ms
