Seq Scan on movie_companies mc  (cost=0.00..57926.93 rows=903406 width=0) (actual time=0.025..937.736 rows=582302 loops=1)
  Filter: ((company_id < 25672) AND (company_type_id = 2))
  Rows Removed by Filter: 2026827
Planning time: 0.346 ms
Execution time: 1011.017 ms
