Hash Join  (cost=212184.17..764807.81 rows=6824371 width=0) (actual time=5075.132..23439.468 rows=18370687 loops=1)
  Hash Cond: (mi.movie_id = t.id)
  ->  Seq Scan on movie_info mi  (cost=0.00..309384.22 rows=14739122 width=4) (actual time=0.024..5291.598 rows=14835720 loops=1)
  ->  Hash  (cost=192975.98..192975.98 rows=1170735 width=8) (actual time=5074.353..5074.353 rows=1209784 loops=1)
        Buckets: 131072  Batches: 16  Memory Usage: 3998kB
        ->  Hash Join  (cost=104131.46..192975.98 rows=1170735 width=8) (actual time=2008.582..4324.796 rows=1209784 loops=1)
              Hash Cond: (mc.movie_id = t.id)
              ->  Seq Scan on movie_companies mc  (cost=0.00..51404.11 rows=1329612 width=4) (actual time=0.029..900.297 rows=1334883 loops=1)
                    Filter: (company_type_id = 2)
                    Rows Removed by Filter: 1274246
              ->  Hash  (cost=67604.59..67604.59 rows=2226390 width=4) (actual time=2007.361..2007.361 rows=2224569 loops=1)
                    Buckets: 131072  Batches: 32  Memory Usage: 3463kB
                    ->  Seq Scan on title t  (cost=0.00..67604.59 rows=2226390 width=4) (actual time=0.012..1290.254 rows=2224569 loops=1)
                          Filter: (production_year < 2012)
                          Rows Removed by Filter: 303743
Planning time: 1.247 ms
Execution time: 25471.543 ms
