Hash Join  (cost=101244.93..156003.30 rows=9285 width=0) (actual time=1887.083..2980.630 rows=11280 loops=1)
  Hash Cond: (mc.movie_id = t.id)
  ->  Seq Scan on movie_companies mc  (cost=0.00..44881.29 rows=2609129 width=4) (actual time=0.018..599.714 rows=2609129 loops=1)
  ->  Hash  (cost=101132.45..101132.45 rows=8998 width=8) (actual time=1883.844..1883.844 rows=6552 loops=1)
        Buckets: 16384  Batches: 1  Memory Usage: 384kB
        ->  Hash Join  (cost=74131.99..101132.45 rows=8998 width=8) (actual time=1344.068..1881.377 rows=6552 loops=1)
              Hash Cond: (mi_idx.movie_id = t.id)
              ->  Seq Scan on movie_info_idx mi_idx  (cost=0.00..21735.35 rows=1380035 width=4) (actual time=0.023..395.568 rows=1380035 loops=1)
              ->  Hash  (cost=73925.90..73925.90 rows=16487 width=4) (actual time=1182.054..1182.054 rows=16247 loops=1)
                    Buckets: 32768  Batches: 1  Memory Usage: 828kB
                    ->  Seq Scan on title t  (cost=0.00..73925.90 rows=16487 width=4) (actual time=187.339..1174.597 rows=16247 loops=1)
                          Filter: ((kind_id = 7) AND (production_year = 1993))
                          Rows Removed by Filter: 2512065
Planning time: 1.233 ms
Execution time: 2982.336 ms
