Hash Join  (cost=83073.49..447735.01 rows=560 width=0) (actual time=1151.529..7951.375 rows=49480 loops=1)
  Hash Cond: (mi.movie_id = t.id)
  ->  Seq Scan on movie_info mi  (cost=0.00..309384.22 rows=14739122 width=4) (actual time=0.021..3948.976 rows=14835720 loops=1)
  ->  Hash  (cost=83072.29..83072.29 rows=96 width=8) (actual time=1151.071..1151.071 rows=698 loops=1)
        Buckets: 1024  Batches: 1  Memory Usage: 36kB
        ->  Nested Loop  (cost=0.43..83072.29 rows=96 width=8) (actual time=6.216..1150.568 rows=698 loops=1)
              ->  Seq Scan on movie_keyword mk  (cost=0.00..81003.12 rows=246 width=4) (actual time=0.226..1130.792 rows=804 loops=1)
                    Filter: (keyword_id = 542)
                    Rows Removed by Filter: 4523126
              ->  Index Scan using title_pkey on title t  (cost=0.43..8.40 rows=1 width=4) (actual time=0.023..0.023 rows=1 loops=804)
                    Index Cond: (id = mk.movie_id)
                    Filter: (kind_id < 7)
                    Rows Removed by Filter: 0
Planning time: 1.007 ms
Execution time: 7959.333 ms
