Hash Join  (cost=167187.78..1122802.05 rows=2425181 width=0) (actual time=6640.523..28712.498 rows=7532890 loops=1)
  Hash Cond: (ci.movie_id = t.id)
  ->  Seq Scan on cast_info ci  (cost=0.00..796071.18 rows=11520875 width=4) (actual time=2675.828..16043.115 rows=12670688 loops=1)
        Filter: ((person_id < 3434288) AND (role_id = 1))
        Rows Removed by Filter: 23573656
  ->  Hash  (cost=158454.49..158454.49 rows=532263 width=8) (actual time=3963.491..3963.491 rows=839922 loops=1)
        Buckets: 131072 (originally 131072)  Batches: 16 (originally 8)  Memory Usage: 3082kB
        ->  Hash Join  (cost=76067.34..158454.49 rows=532263 width=8) (actual time=1243.252..3695.307 rows=839922 loops=1)
              Hash Cond: (mc.movie_id = t.id)
              ->  Seq Scan on movie_companies mc  (cost=0.00..44881.29 rows=2609129 width=4) (actual time=0.019..860.458 rows=2609129 loops=1)
              ->  Hash  (cost=67604.59..67604.59 rows=515820 width=4) (actual time=1242.455..1242.455 rows=508955 loops=1)
                    Buckets: 131072  Batches: 8  Memory Usage: 3255kB
                    ->  Seq Scan on title t  (cost=0.00..67604.59 rows=515820 width=4) (actual time=0.017..1077.769 rows=508955 loops=1)
                          Filter: (production_year < 1980)
                          Rows Removed by Filter: 2019357
Planning time: 1.255 ms
Execution time: 29625.713 ms
