Seq Scan on movie_companies mc  (cost=0.00..51404.11 rows=1541369 width=0) (actual time=0.028..846.897 rows=1545400 loops=1)
  Filter: (company_id > 6425)
  Rows Removed by Filter: 1063729
Planning time: 0.424 ms
Execution time: 1046.593 ms
