Hash Join  (cost=79907.83..155223.98 rows=249294 width=0) (actual time=1175.097..3908.196 rows=422029 loops=1)
  Hash Cond: (mc.movie_id = t.id)
  ->  Seq Scan on movie_companies mc  (cost=0.00..51404.11 rows=1729093 width=4) (actual time=0.025..1006.719 rows=1734502 loops=1)
        Filter: (company_id > 2561)
        Rows Removed by Filter: 874627
  ->  Hash  (cost=73925.90..73925.90 rows=364554 width=4) (actual time=1174.321..1174.321 rows=274015 loops=1)
        Buckets: 131072  Batches: 8  Memory Usage: 2229kB
        ->  Seq Scan on title t  (cost=0.00..73925.90 rows=364554 width=4) (actual time=40.187..1087.583 rows=274015 loops=1)
              Filter: ((kind_id < 2) AND (production_year > 2000))
              Rows Removed by Filter: 2254297
Planning time: 2.314 ms
Execution time: 3959.670 ms
