Hash Join  (cost=92883.59..235050.29 rows=1777322 width=0) (actual time=1834.453..4935.306 rows=390947 loops=1)
  Hash Cond: (mk.movie_id = t.id)
  ->  Seq Scan on movie_keyword mk  (cost=0.00..81003.12 rows=2916671 width=4) (actual time=0.015..1583.777 rows=2904298 loops=1)
        Filter: (keyword_id < 9302)
        Rows Removed by Filter: 1619632
  ->  Hash  (cost=67604.59..67604.59 rows=1540800 width=4) (actual time=1833.757..1833.757 rows=1543264 loops=1)
        Buckets: 131072  Batches: 32  Memory Usage: 2728kB
        ->  Seq Scan on title t  (cost=0.00..67604.59 rows=1540800 width=4) (actual time=219.143..1154.471 rows=1543264 loops=1)
              Filter: (kind_id = 7)
              Rows Removed by Filter: 985048
Planning time: 0.571 ms
Execution time: 4976.602 ms
