Hash Join  (cost=82680.55..153665.91 rows=270005 width=0) (actual time=1704.719..2956.447 rows=153870 loops=1)
  Hash Cond: (mc.movie_id = t.id)
  ->  Seq Scan on movie_companies mc  (cost=0.00..51404.11 rows=1279517 width=4) (actual time=326.156..914.956 rows=1274246 loops=1)
        Filter: (company_type_id = 1)
        Rows Removed by Filter: 1334883
  ->  Hash  (cost=73925.90..73925.90 rows=533572 width=4) (actual time=1377.544..1377.544 rows=398315 loops=1)
        Buckets: 131072  Batches: 8  Memory Usage: 2764kB
        ->  Seq Scan on title t  (cost=0.00..73925.90 rows=533572 width=4) (actual time=0.027..1248.455 rows=398315 loops=1)
              Filter: ((kind_id > 3) AND (production_year < 1995))
              Rows Removed by Filter: 2129997
Planning time: 0.559 ms
Execution time: 2975.872 ms
