Hash Join  (cost=1023141.74..1715657.36 rows=16481689 width=0) (actual time=15525.273..34421.670 rows=26948234 loops=1)
  Hash Cond: (mi.movie_id = t.id)
  ->  Seq Scan on movie_info mi  (cost=0.00..309384.22 rows=14739122 width=4) (actual time=0.009..5495.424 rows=14835720 loops=1)
  ->  Hash  (cost=976753.39..976753.39 rows=2827468 width=8) (actual time=15523.406..15523.406 rows=916858 loops=1)
        Buckets: 131072  Batches: 64  Memory Usage: 1632kB
        ->  Hash Join  (cost=102767.86..976753.39 rows=2827468 width=8) (actual time=7268.927..15256.616 rows=916858 loops=1)
              Hash Cond: (ci.movie_id = t.id)
              ->  Seq Scan on cast_info ci  (cost=0.00..796071.18 rows=2827468 width=4) (actual time=5468.329..12320.226 rows=916858 loops=1)
                    Filter: ((person_id < 2216228) AND (role_id > 9))
                    Rows Removed by Filter: 35327486
              ->  Hash  (cost=61283.27..61283.27 rows=2528527 width=4) (actual time=1799.530..1799.530 rows=2528312 loops=1)
                    Buckets: 131072  Batches: 64  Memory Usage: 2415kB
                    ->  Seq Scan on title t  (cost=0.00..61283.27 rows=2528527 width=4) (actual time=0.516..969.510 rows=2528312 loops=1)
Planning time: 1.241 ms
Execution time: 37175.071 ms
