Seq Scan on movie_companies mc  (cost=0.00..51404.11 rows=323019 width=0) (actual time=434.843..836.359 rows=328184 loops=1)
  Filter: (company_id > 91110)
  Rows Removed by Filter: 2280945
Planning time: 2.404 ms
Execution time: 876.231 ms
