Hash Join  (cost=244661.95..807263.61 rows=2368906 width=219) (actual time=5953.121..15950.874 rows=2632488 loops=1)
  Hash Cond: (mi.movie_id = t.id)
  ->  Seq Scan on movie_info mi  (cost=0.00..346232.03 rows=5897221 width=75) (actual time=799.668..5816.855 rows=5884963 loops=1)
        Filter: (info_type_id < 7)
        Rows Removed by Filter: 8950757
  ->  Hash  (cost=211135.62..211135.62 rows=1015706 width=144) (actual time=5152.722..5152.722 rows=750135 loops=1)
        Buckets: 32768  Batches: 64  Memory Usage: 1903kB
        ->  Hash Join  (cost=118128.04..211135.62 rows=1015706 width=144) (actual time=2626.882..4672.165 rows=750135 loops=1)
              Hash Cond: (mi_idx.movie_id = t.id)
              ->  Seq Scan on movie_info_idx mi_idx  (cost=0.00..21735.35 rows=1380035 width=50) (actual time=0.035..418.108 rows=1380035 loops=1)
              ->  Hash  (cost=67604.59..67604.59 rows=1860996 width=94) (actual time=2626.007..2626.007 rows=1865487 loops=1)
                    Buckets: 32768  Batches: 64  Memory Usage: 3598kB
                    ->  Seq Scan on title t  (cost=0.00..67604.59 rows=1860996 width=94) (actual time=0.018..1537.251 rows=1865487 loops=1)
                          Filter: (kind_id > 1)
                          Rows Removed by Filter: 662825
Planning time: 1.362 ms
Execution time: 16097.283 ms
