Seq Scan on cast_info ci  (cost=0.00..796071.18 rows=5850770 width=0) (actual time=3497.321..11133.660 rows=2475226 loops=1)
  Filter: ((person_id < 874431) AND (role_id > 1))
  Rows Removed by Filter: 33769118
Planning time: 0.350 ms
Execution time: 11450.587 ms
