Hash Join  (cost=205494.35..729892.80 rows=2452465 width=0) (actual time=4412.018..23905.829 rows=24115074 loops=1)
  Hash Cond: (mi.movie_id = t.id)
  ->  Seq Scan on movie_info mi  (cost=0.00..309384.22 rows=14739122 width=4) (actual time=0.025..5581.949 rows=14835720 loops=1)
  ->  Hash  (cost=198591.29..198591.29 rows=420725 width=8) (actual time=4410.720..4410.720 rows=703478 loops=1)
        Buckets: 131072 (originally 131072)  Batches: 16 (originally 8)  Memory Usage: 3073kB
        ->  Hash Join  (cost=71463.00..198591.29 rows=420725 width=8) (actual time=1007.345..4188.153 rows=703478 loops=1)
              Hash Cond: (mk.movie_id = t.id)
              ->  Seq Scan on movie_keyword mk  (cost=0.00..69693.30 rows=4523930 width=4) (actual time=0.019..1313.759 rows=4523930 loops=1)
              ->  Hash  (cost=67604.59..67604.59 rows=235153 width=4) (actual time=1006.510..1006.510 rows=230883 loops=1)
                    Buckets: 131072  Batches: 4  Memory Usage: 3058kB
                    ->  Seq Scan on title t  (cost=0.00..67604.59 rows=235153 width=4) (actual time=0.031..922.587 rows=230883 loops=1)
                          Filter: (production_year < 1959)
                          Rows Removed by Filter: 2297429
Planning time: 1.247 ms
Execution time: 26749.629 ms
