Seq Scan on movie_companies mc  (cost=0.00..57926.93 rows=1092810 width=0) (actual time=439.851..946.586 rows=865464 loops=1)
  Filter: ((company_id < 76075) AND (company_type_id > 1))
  Rows Removed by Filter: 1743665
Planning time: 0.360 ms
Execution time: 1045.945 ms
