Hash Join  (cost=500724.25..1484566.01 rows=6749573 width=0) (actual time=8531.681..30466.530 rows=3520088 loops=1)
  Hash Cond: (ci.movie_id = t.id)
  ->  Seq Scan on cast_info ci  (cost=0.00..705507.15 rows=17912777 width=4) (actual time=0.016..13232.525 rows=17763953 loops=1)
        Filter: (person_id < 1759377)
        Rows Removed by Filter: 18480391
  ->  Hash  (cost=485092.82..485092.82 rows=952754 width=8) (actual time=8530.521..8530.521 rows=434975 loops=1)
        Buckets: 131072  Batches: 16  Memory Usage: 2075kB
        ->  Hash Join  (cost=84832.42..485092.82 rows=952754 width=8) (actual time=2272.745..8406.063 rows=434975 loops=1)
              Hash Cond: (mi.movie_id = t.id)
              ->  Seq Scan on movie_info mi  (cost=0.00..346232.03 rows=3623957 width=4) (actual time=840.755..5074.690 rows=3624977 loops=1)
                    Filter: (info_type_id < 4)
                    Rows Removed by Filter: 11210743
              ->  Hash  (cost=73925.90..73925.90 rows=664761 width=4) (actual time=1431.070..1431.070 rows=704326 loops=1)
                    Buckets: 131072  Batches: 16  Memory Usage: 2581kB
                    ->  Seq Scan on title t  (cost=0.00..73925.90 rows=664761 width=4) (actual time=0.027..1192.364 rows=704326 loops=1)
                          Filter: ((kind_id > 1) AND (production_year > 2006))
                          Rows Removed by Filter: 1823986
Planning time: 1.297 ms
Execution time: 30850.102 ms
