Nested Loop  (cost=0.43..80580.43 rows=2153 width=0) (actual time=353.927..921.042 rows=6272 loops=1)
  ->  Seq Scan on movie_companies mc  (cost=0.00..57926.93 rows=2925 width=4) (actual time=353.872..814.505 rows=6282 loops=1)
        Filter: ((company_type_id > 1) AND (company_id = 1284))
        Rows Removed by Filter: 2602847
  ->  Index Scan using title_pkey on title t  (cost=0.43..7.73 rows=1 width=4) (actual time=0.016..0.016 rows=1 loops=6282)
        Index Cond: (id = mc.movie_id)
        Filter: (kind_id > 1)
        Rows Removed by Filter: 0
Planning time: 0.814 ms
Execution time: 922.644 ms
