Hash Join  (cost=101888.33..915907.45 rows=258824 width=0) (actual time=1700.292..20980.338 rows=625530 loops=1)
  Hash Cond: (ci.movie_id = t.id)
  ->  Seq Scan on cast_info ci  (cost=0.00..705507.15 rows=28246334 width=4) (actual time=0.025..12272.202 rows=28289718 loops=1)
        Filter: (person_id < 2883956)
        Rows Removed by Filter: 7954626
  ->  Hash  (cost=101598.71..101598.71 rows=23169 width=8) (actual time=1699.862..1699.862 rows=32141 loops=1)
        Buckets: 32768  Batches: 1  Memory Usage: 1512kB
        ->  Hash Join  (cost=74456.54..101598.71 rows=23169 width=8) (actual time=1085.705..1688.635 rows=32141 loops=1)
              Hash Cond: (mi_idx.movie_id = t.id)
              ->  Seq Scan on movie_info_idx mi_idx  (cost=0.00..21735.35 rows=1380035 width=4) (actual time=0.019..260.412 rows=1380035 loops=1)
              ->  Hash  (cost=73925.90..73925.90 rows=42451 width=4) (actual time=1085.306..1085.306 rows=37610 loops=1)
                    Buckets: 65536  Batches: 1  Memory Usage: 1835kB
                    ->  Seq Scan on title t  (cost=0.00..73925.90 rows=42451 width=4) (actual time=0.363..1069.820 rows=37610 loops=1)
                          Filter: ((kind_id < 3) AND (production_year = 2010))
                          Rows Removed by Filter: 2490702
Planning time: 1.046 ms
Execution time: 21068.581 ms
