Hash Join  (cost=97835.13..463791.83 rows=466704 width=0) (actual time=5760.950..7424.520 rows=165449 loops=1)
  Hash Cond: (mi.movie_id = t.id)
  ->  Seq Scan on movie_info mi  (cost=0.00..346232.03 rows=809768 width=4) (actual time=3546.772..4521.389 rows=802140 loops=1)
        Filter: (info_type_id < 2)
        Rows Removed by Filter: 14033580
  ->  Hash  (cost=73925.90..73925.90 rows=1457298 width=4) (actual time=2212.966..2212.966 rows=1438183 loops=1)
        Buckets: 131072  Batches: 32  Memory Usage: 2610kB
        ->  Seq Scan on title t  (cost=0.00..73925.90 rows=1457298 width=4) (actual time=269.971..1226.535 rows=1438183 loops=1)
              Filter: ((kind_id > 6) AND (production_year < 2013))
              Rows Removed by Filter: 1090129
Planning time: 0.823 ms
Execution time: 7445.582 ms
