Hash Join  (cost=102767.86..188656.23 rows=751473 width=0) (actual time=1733.377..3416.808 rows=536277 loops=1)
  Hash Cond: (mc.movie_id = t.id)
  ->  Seq Scan on movie_companies mc  (cost=0.00..57926.93 rows=751473 width=4) (actual time=0.013..925.169 rows=536277 loops=1)
        Filter: ((company_id > 6691) AND (company_type_id = 1))
        Rows Removed by Filter: 2072852
  ->  Hash  (cost=61283.27..61283.27 rows=2528527 width=4) (actual time=1731.302..1731.302 rows=2528312 loops=1)
        Buckets: 131072  Batches: 64  Memory Usage: 2415kB
        ->  Seq Scan on title t  (cost=0.00..61283.27 rows=2528527 width=4) (actual time=0.004..899.810 rows=2528312 loops=1)
Planning time: 0.724 ms
Execution time: 3477.262 ms
