Hash Join  (cost=78988.28..135419.57 rows=36460 width=0) (actual time=1116.554..2786.367 rows=19011 loops=1)
  Hash Cond: (mc.movie_id = t.id)
  ->  Seq Scan on movie_companies mc  (cost=0.00..51404.11 rows=298821 width=4) (actual time=0.029..702.567 rows=292877 loops=1)
        Filter: (company_id < 160)
        Rows Removed by Filter: 2316252
  ->  Hash  (cost=73925.90..73925.90 rows=308510 width=4) (actual time=1115.188..1115.188 rows=266599 loops=1)
        Buckets: 131072  Batches: 8  Memory Usage: 2191kB
        ->  Seq Scan on title t  (cost=0.00..73925.90 rows=308510 width=4) (actual time=0.021..1028.933 rows=266599 loops=1)
              Filter: ((kind_id < 7) AND (production_year > 2007))
              Rows Removed by Filter: 2261713
Planning time: 0.831 ms
Execution time: 2788.760 ms
