Hash Join  (cost=52284.99..144131.95 rows=119 width=0) (actual time=835.285..2383.927 rows=82 loops=1)
  Hash Cond: (mk.movie_id = t.id)
  ->  Seq Scan on movie_keyword mk  (cost=0.00..81003.12 rows=2891370 width=4) (actual time=0.026..1209.801 rows=2883031 loops=1)
        Filter: (keyword_id > 2488)
        Rows Removed by Filter: 1640899
  ->  Hash  (cost=52283.69..52283.69 rows=104 width=8) (actual time=823.675..823.675 rows=163 loops=1)
        Buckets: 1024  Batches: 1  Memory Usage: 15kB
        ->  Nested Loop  (cost=0.43..52283.69 rows=104 width=8) (actual time=192.676..823.529 rows=163 loops=1)
              ->  Seq Scan on movie_companies mc  (cost=0.00..51404.11 rows=104 width=4) (actual time=192.576..815.089 rows=163 loops=1)
                    Filter: (company_id = 8887)
                    Rows Removed by Filter: 2608966
              ->  Index Only Scan using title_pkey on title t  (cost=0.43..8.45 rows=1 width=4) (actual time=0.049..0.050 rows=1 loops=163)
                    Index Cond: (id = mc.movie_id)
                    Heap Fetches: 163
Planning time: 1.192 ms
Execution time: 2384.056 ms
