Hash Join  (cost=174176.38..298119.28 rows=159287 width=0) (actual time=3033.907..5733.612 rows=1094027 loops=1)
  Hash Cond: (mk.movie_id = t.id)
  ->  Seq Scan on movie_keyword mk  (cost=0.00..69693.30 rows=4523930 width=4) (actual time=0.013..1131.013 rows=4523930 loops=1)
  ->  Hash  (cost=172715.51..172715.51 rows=89029 width=8) (actual time=3032.975..3032.975 rows=143234 loops=1)
        Buckets: 131072  Batches: 2  Memory Usage: 3838kB
        ->  Hash Join  (cost=102767.86..172715.51 rows=89029 width=8) (actual time=1760.615..2987.477 rows=143234 loops=1)
              Hash Cond: (mc.movie_id = t.id)
              ->  Seq Scan on movie_companies mc  (cost=0.00..57926.93 rows=89029 width=4) (actual time=0.043..748.028 rows=143234 loops=1)
                    Filter: ((company_id < 44) AND (company_type_id < 2))
                    Rows Removed by Filter: 2465895
              ->  Hash  (cost=61283.27..61283.27 rows=2528527 width=4) (actual time=1759.848..1759.848 rows=2528312 loops=1)
                    Buckets: 131072  Batches: 64  Memory Usage: 2415kB
                    ->  Seq Scan on title t  (cost=0.00..61283.27 rows=2528527 width=4) (actual time=0.010..937.982 rows=2528312 loops=1)
Planning time: 1.206 ms
Execution time: 5866.642 ms
