Hash Join  (cost=137313.72..894532.60 rows=642971 width=0) (actual time=2091.643..19248.167 rows=452020 loops=1)
  Hash Cond: (ci.movie_id = t.id)
  ->  Seq Scan on cast_info ci  (cost=0.00..614943.12 rows=36225612 width=4) (actual time=0.024..7988.574 rows=36244344 loops=1)
  ->  Hash  (cost=136752.74..136752.74 rows=44879 width=8) (actual time=2090.921..2090.921 rows=21807 loops=1)
        Buckets: 65536  Batches: 1  Memory Usage: 1364kB
        ->  Hash Join  (cost=70716.09..136752.74 rows=44879 width=8) (actual time=974.927..2082.837 rows=21807 loops=1)
              Hash Cond: (mc.movie_id = t.id)
              ->  Seq Scan on movie_companies mc  (cost=0.00..57926.93 rows=598380 width=4) (actual time=0.395..914.422 rows=383314 loops=1)
                    Filter: ((company_id < 9757) AND (company_type_id = 2))
                    Rows Removed by Filter: 2225815
              ->  Hash  (cost=67604.59..67604.59 rows=189640 width=4) (actual time=972.884..972.884 rows=187790 loops=1)
                    Buckets: 131072  Batches: 4  Memory Usage: 2673kB
                    ->  Seq Scan on title t  (cost=0.00..67604.59 rows=189640 width=4) (actual time=0.026..911.524 rows=187790 loops=1)
                          Filter: (production_year < 1954)
                          Rows Removed by Filter: 2340522
Planning time: 1.253 ms
Execution time: 19311.988 ms
