Hash Join  (cost=76211.77..192307.37 rows=157081 width=0) (actual time=1216.110..4002.615 rows=544616 loops=1)
  Hash Cond: (mk.movie_id = t.id)
  ->  Seq Scan on movie_keyword mk  (cost=0.00..81003.12 rows=2851912 width=4) (actual time=0.038..1519.133 rows=2840612 loops=1)
        Filter: (keyword_id < 8626)
        Rows Removed by Filter: 1683318
  ->  Hash  (cost=73925.90..73925.90 rows=139269 width=4) (actual time=1215.266..1215.266 rows=239782 loops=1)
        Buckets: 131072 (originally 131072)  Batches: 4 (originally 2)  Memory Usage: 3139kB
        ->  Seq Scan on title t  (cost=0.00..73925.90 rows=139269 width=4) (actual time=0.013..1124.141 rows=239782 loops=1)
              Filter: ((kind_id < 7) AND (production_year < 1969))
              Rows Removed by Filter: 2288530
Planning time: 0.996 ms
Execution time: 4072.189 ms
