Seq Scan on movie_keyword mk  (cost=0.00..81003.12 rows=246 width=0) (actual time=6.429..1268.293 rows=1525 loops=1)
  Filter: (keyword_id = 2857)
  Rows Removed by Filter: 4522405
Planning time: 0.375 ms
Execution time: 1268.766 ms
