Hash Join  (cost=306445.41..993189.95 rows=15940780 width=0) (actual time=7290.515..55334.526 rows=155994458 loops=1)
  Hash Cond: (mi.movie_id = t.id)
  ->  Seq Scan on movie_info mi  (cost=0.00..309384.22 rows=14739122 width=4) (actual time=0.016..5459.114 rows=14835720 loops=1)
  ->  Hash  (cost=261578.99..261578.99 rows=2734674 width=8) (actual time=7289.572..7289.572 rows=2839780 loops=1)
        Buckets: 131072  Batches: 64  Memory Usage: 2862kB
        ->  Hash Join  (cost=106840.27..261578.99 rows=2734674 width=8) (actual time=2365.743..6445.112 rows=2839780 loops=1)
              Hash Cond: (mk.movie_id = t.id)
              ->  Seq Scan on movie_keyword mk  (cost=0.00..81003.12 rows=2891370 width=4) (actual time=0.016..1566.315 rows=2883031 loops=1)
                    Filter: (keyword_id > 2488)
                    Rows Removed by Filter: 1640899
              ->  Hash  (cost=67604.59..67604.59 rows=2391495 width=4) (actual time=2364.865..2364.865 rows=2388876 loops=1)
                    Buckets: 131072  Batches: 32  Memory Usage: 3656kB
                    ->  Seq Scan on title t  (cost=0.00..67604.59 rows=2391495 width=4) (actual time=0.016..1261.213 rows=2388876 loops=1)
                          Filter: (production_year < 2013)
                          Rows Removed by Filter: 139436
Planning time: 1.286 ms
Execution time: 72400.027 ms
