Seq Scan on movie_keyword mk  (cost=0.00..81003.12 rows=246 width=0) (actual time=1.321..1213.433 rows=447 loops=1)
  Filter: (keyword_id = 30579)
  Rows Removed by Filter: 4523483
Planning time: 0.409 ms
Execution time: 1213.717 ms
