Seq Scan on movie_keyword mk  (cost=0.00..81003.12 rows=2605724 width=0) (actual time=0.016..1352.276 rows=2596283 loops=1)
  Filter: (keyword_id < 6935)
  Rows Removed by Filter: 1927647
Planning time: 0.354 ms
Execution time: 1674.575 ms
