Hash Join  (cost=827104.99..867476.59 rows=156112 width=0) (actual time=13003.110..14142.991 rows=396943 loops=1)
  Hash Cond: (mi_idx.movie_id = t.id)
  ->  Seq Scan on movie_info_idx mi_idx  (cost=0.00..21735.35 rows=1380035 width=4) (actual time=0.013..450.796 rows=1380035 loops=1)
  ->  Hash  (cost=822411.59..822411.59 rows=286032 width=8) (actual time=13002.426..13002.426 rows=263231 loops=1)
        Buckets: 131072  Batches: 4  Memory Usage: 3591kB
        ->  Hash Join  (cost=101489.21..822411.59 rows=286032 width=8) (actual time=10680.229..12916.094 rows=263231 loops=1)
              Hash Cond: (ci.movie_id = t.id)
              ->  Seq Scan on cast_info ci  (cost=0.00..705507.15 rows=350181 width=4) (actual time=8762.005..10362.954 rows=316118 loops=1)
                    Filter: (role_id > 10)
                    Rows Removed by Filter: 35928226
              ->  Hash  (cost=67604.59..67604.59 rows=2065330 width=4) (actual time=1917.063..1917.063 rows=2064552 loops=1)
                    Buckets: 131072  Batches: 32  Memory Usage: 3289kB
                    ->  Seq Scan on title t  (cost=0.00..67604.59 rows=2065330 width=4) (actual time=0.031..1253.555 rows=2064552 loops=1)
                          Filter: (production_year < 2011)
                          Rows Removed by Filter: 463760
Planning time: 0.768 ms
Execution time: 14188.817 ms
