Hash Join  (cost=74730.49..158130.26 rows=15235 width=0) (actual time=964.006..2351.874 rows=9214 loops=1)
  Hash Cond: (mk.movie_id = t.id)
  ->  Seq Scan on movie_keyword mk  (cost=0.00..81003.12 rows=598479 width=4) (actual time=0.021..1242.547 rows=602998 loops=1)
        Filter: (keyword_id < 447)
        Rows Removed by Filter: 3920932
  ->  Hash  (cost=73925.90..73925.90 rows=64367 width=4) (actual time=963.631..963.631 rows=53905 loops=1)
        Buckets: 65536  Batches: 1  Memory Usage: 2408kB
        ->  Seq Scan on title t  (cost=0.00..73925.90 rows=64367 width=4) (actual time=0.124..943.021 rows=53905 loops=1)
              Filter: ((kind_id < 7) AND (production_year = 2012))
              Rows Removed by Filter: 2474407
Planning time: 0.841 ms
Execution time: 2353.746 ms
