Hash Join  (cost=799704.43..886364.12 rows=165 width=0) (actual time=11820.930..12580.196 rows=207 loops=1)
  Hash Cond: (mk.movie_id = t.id)
  ->  Seq Scan on movie_keyword mk  (cost=0.00..69693.30 rows=4523930 width=4) (actual time=0.015..514.116 rows=4523930 loops=1)
  ->  Hash  (cost=799703.28..799703.28 rows=92 width=8) (actual time=11568.920..11568.920 rows=39 loops=1)
        Buckets: 1024  Batches: 1  Memory Usage: 10kB
        ->  Nested Loop  (cost=0.43..799703.28 rows=92 width=8) (actual time=4888.673..11568.871 rows=39 loops=1)
              ->  Seq Scan on cast_info ci  (cost=0.00..796071.18 rows=435 width=4) (actual time=4887.433..11561.038 rows=472 loops=1)
                    Filter: ((role_id < 10) AND (person_id = 533698))
                    Rows Removed by Filter: 36243872
              ->  Index Scan using title_pkey on title t  (cost=0.43..8.34 rows=1 width=4) (actual time=0.016..0.016 rows=0 loops=472)
                    Index Cond: (id = ci.movie_id)
                    Filter: (production_year > 2009)
                    Rows Removed by Filter: 1
Planning time: 1.309 ms
Execution time: 12580.341 ms
