Seq Scan on cast_info ci  (cost=0.00..705507.15 rows=33525152 width=0) (actual time=0.015..13404.226 rows=33500776 loops=1)
  Filter: (person_id < 3538235)
  Rows Removed by Filter: 2743568
Planning time: 0.280 ms
Execution time: 17436.780 ms
