Nested Loop  (cost=0.43..83071.67 rows=246 width=0) (actual time=0.146..1393.508 rows=1685 loops=1)
  ->  Seq Scan on movie_keyword mk  (cost=0.00..81003.12 rows=246 width=4) (actual time=0.101..1318.560 rows=1685 loops=1)
        Filter: (keyword_id = 434)
        Rows Removed by Filter: 4522245
  ->  Index Only Scan using title_pkey on title t  (cost=0.43..8.40 rows=1 width=4) (actual time=0.043..0.043 rows=1 loops=1685)
        Index Cond: (id = mk.movie_id)
        Heap Fetches: 1685
Planning time: 0.742 ms
Execution time: 1394.089 ms
