Seq Scan on movie_keyword mk  (cost=0.00..81003.12 rows=817642 width=0) (actual time=0.029..1438.353 rows=825072 loops=1)
  Filter: (keyword_id > 22266)
  Rows Removed by Filter: 3698858
Planning time: 0.321 ms
Execution time: 1542.182 ms
