Hash Join  (cost=131053.24..522093.59 rows=312646 width=0) (actual time=2969.465..11577.103 rows=264638 loops=1)
  Hash Cond: (mi.movie_id = t.id)
  ->  Seq Scan on movie_info mi  (cost=0.00..346232.03 rows=11115165 width=4) (actual time=244.013..6476.739 rows=11210743 loops=1)
        Filter: (info_type_id > 3)
        Rows Removed by Filter: 3624977
  ->  Hash  (cost=130164.21..130164.21 rows=71122 width=8) (actual time=2724.560..2724.560 rows=28308 loops=1)
        Buckets: 131072  Batches: 1  Memory Usage: 2130kB
        ->  Hash Join  (cost=74787.47..130164.21 rows=71122 width=8) (actual time=1534.996..2713.056 rows=28308 loops=1)
              Hash Cond: (mc.movie_id = t.id)
              ->  Seq Scan on movie_companies mc  (cost=0.00..44881.29 rows=2609129 width=4) (actual time=0.038..698.663 rows=2609129 loops=1)
              ->  Hash  (cost=73925.90..73925.90 rows=68925 width=4) (actual time=1250.144..1250.144 rows=84076 loops=1)
                    Buckets: 131072  Batches: 1  Memory Usage: 3980kB
                    ->  Seq Scan on title t  (cost=0.00..73925.90 rows=68925 width=4) (actual time=274.318..1216.616 rows=84076 loops=1)
                          Filter: ((kind_id = 7) AND (production_year = 2007))
                          Rows Removed by Filter: 2444236
Planning time: 2.173 ms
Execution time: 11612.314 ms
