Hash Join  (cost=177055.42..978518.11 rows=464428 width=0) (actual time=3234.158..21097.395 rows=5657245 loops=1)
  Hash Cond: (ci.movie_id = t.id)
  ->  Seq Scan on cast_info ci  (cost=0.00..705507.15 rows=7846468 width=4) (actual time=0.015..13403.133 rows=7712640 loops=1)
        Filter: (role_id > 6)
        Rows Removed by Filter: 28531704
  ->  Hash  (cost=174599.65..174599.65 rows=149662 width=8) (actual time=3233.158..3233.158 rows=341038 loops=1)
        Buckets: 131072 (originally 131072)  Batches: 8 (originally 2)  Memory Usage: 3073kB
        ->  Hash Join  (cost=83810.17..174599.65 rows=149662 width=8) (actual time=1420.854..3123.069 rows=341038 loops=1)
              Hash Cond: (mk.movie_id = t.id)
              ->  Seq Scan on movie_keyword mk  (cost=0.00..81003.12 rows=383127 width=4) (actual time=0.029..1270.115 rows=380703 loops=1)
                    Filter: (keyword_id > 44885)
                    Rows Removed by Filter: 4143227
              ->  Hash  (cost=67604.59..67604.59 rows=987727 width=4) (actual time=1420.058..1420.058 rows=985048 loops=1)
                    Buckets: 131072  Batches: 16  Memory Usage: 3197kB
                    ->  Seq Scan on title t  (cost=0.00..67604.59 rows=987727 width=4) (actual time=0.018..1107.584 rows=985048 loops=1)
                          Filter: (kind_id < 7)
                          Rows Removed by Filter: 1543264
Planning time: 1.216 ms
Execution time: 21656.943 ms
