Hash Join  (cost=123560.98..894503.05 rows=143517 width=0) (actual time=2176.247..19004.664 rows=367299 loops=1)
  Hash Cond: (ci.movie_id = t.id)
  ->  Seq Scan on cast_info ci  (cost=0.00..705507.15 rows=17066600 width=4) (actual time=0.015..12754.773 rows=16945074 loops=1)
        Filter: (person_id < 1674702)
        Rows Removed by Filter: 19299270
  ->  Hash  (cost=123295.19..123295.19 rows=21263 width=8) (actual time=2176.024..2176.024 rows=20345 loops=1)
        Buckets: 32768  Batches: 1  Memory Usage: 1051kB
        ->  Hash Join  (cost=68365.25..123295.19 rows=21263 width=8) (actual time=1077.558..2163.471 rows=20345 loops=1)
              Hash Cond: (mc.movie_id = t.id)
              ->  Seq Scan on movie_companies mc  (cost=0.00..51404.11 rows=883520 width=4) (actual time=0.023..822.330 rows=877826 loops=1)
                    Filter: (company_id < 2609)
                    Rows Removed by Filter: 1731303
              ->  Hash  (cost=67604.59..67604.59 rows=60853 width=4) (actual time=1077.131..1077.131 rows=62568 loops=1)
                    Buckets: 65536  Batches: 1  Memory Usage: 2712kB
                    ->  Seq Scan on title t  (cost=0.00..67604.59 rows=60853 width=4) (actual time=0.016..1052.187 rows=62568 loops=1)
                          Filter: (production_year = 2002)
                          Rows Removed by Filter: 2465744
Planning time: 1.227 ms
Execution time: 19055.332 ms
