Seq Scan on movie_companies mc  (cost=0.00..51404.11 rows=104 width=0) (actual time=441.990..931.539 rows=182 loops=1)
  Filter: (company_id = 74123)
  Rows Removed by Filter: 2608947
Planning time: 0.371 ms
Execution time: 931.662 ms
