Hash Join  (cost=83072.99..447729.32 rows=43 width=0) (actual time=1785.653..7734.978 rows=338 loops=1)
  Hash Cond: (mi.movie_id = t.id)
  ->  Seq Scan on movie_info mi  (cost=0.00..309384.22 rows=14739122 width=4) (actual time=0.007..3898.196 rows=14835720 loops=1)
  ->  Hash  (cost=83072.90..83072.90 rows=7 width=8) (actual time=1459.799..1459.799 rows=19 loops=1)
        Buckets: 1024  Batches: 1  Memory Usage: 9kB
        ->  Nested Loop  (cost=0.43..83072.90 rows=7 width=8) (actual time=344.847..1459.762 rows=19 loops=1)
              ->  Seq Scan on movie_keyword mk  (cost=0.00..81003.12 rows=246 width=4) (actual time=27.828..1431.086 rows=652 loops=1)
                    Filter: (keyword_id = 16466)
                    Rows Removed by Filter: 4523278
              ->  Index Scan using title_pkey on title t  (cost=0.43..8.40 rows=1 width=4) (actual time=0.043..0.043 rows=0 loops=652)
                    Index Cond: (id = mk.movie_id)
                    Filter: ((production_year < 2008) AND (kind_id = 4))
                    Rows Removed by Filter: 1
Planning time: 1.176 ms
Execution time: 7735.514 ms
