Seq Scan on movie_companies mc  (cost=0.00..51404.11 rows=446831 width=0) (actual time=453.555..881.817 rows=451209 loops=1)
  Filter: (company_id > 77238)
  Rows Removed by Filter: 2157920
Planning time: 0.296 ms
Execution time: 936.791 ms
