Hash Join  (cost=206631.01..741853.42 rows=5193548 width=0) (actual time=4313.655..24404.984 rows=31750395 loops=1)
  Hash Cond: (mi.movie_id = t.id)
  ->  Seq Scan on movie_info mi  (cost=0.00..309384.22 rows=14739122 width=4) (actual time=0.013..5998.598 rows=14835720 loops=1)
  ->  Hash  (cost=192012.96..192012.96 rows=890964 width=8) (actual time=4312.792..4312.792 rows=724892 loops=1)
        Buckets: 131072  Batches: 16  Memory Usage: 2835kB
        ->  Hash Join  (cost=102767.86..192012.96 rows=890964 width=8) (actual time=2499.507..4114.392 rows=724892 loops=1)
              Hash Cond: (mc.movie_id = t.id)
              ->  Seq Scan on movie_companies mc  (cost=0.00..57926.93 rows=890964 width=4) (actual time=464.268..1113.132 rows=724892 loops=1)
                    Filter: ((company_id > 1684) AND (company_type_id < 2))
                    Rows Removed by Filter: 1884237
              ->  Hash  (cost=61283.27..61283.27 rows=2528527 width=4) (actual time=2033.625..2033.625 rows=2528312 loops=1)
                    Buckets: 131072  Batches: 64  Memory Usage: 2415kB
                    ->  Seq Scan on title t  (cost=0.00..61283.27 rows=2528527 width=4) (actual time=0.020..1212.667 rows=2528312 loops=1)
Planning time: 1.167 ms
Execution time: 27775.438 ms
