Hash Join  (cost=118204.89..604242.20 rows=583941 width=0) (actual time=2658.101..13683.903 rows=648293 loops=1)
  Hash Cond: (mi.movie_id = t.id)
  ->  Seq Scan on movie_info mi  (cost=0.00..309384.22 rows=14739122 width=4) (actual time=0.018..5933.640 rows=14835720 loops=1)
  ->  Hash  (cost=116560.69..116560.69 rows=100176 width=8) (actual time=2657.166..2657.166 rows=62448 loops=1)
        Buckets: 131072  Batches: 2  Memory Usage: 2255kB
        ->  Hash Join  (cost=82871.37..116560.69 rows=100176 width=8) (actual time=1776.982..2632.389 rows=62448 loops=1)
              Hash Cond: (mi_idx.movie_id = t.id)
              ->  Seq Scan on movie_info_idx mi_idx  (cost=0.00..25185.44 rows=464566 width=4) (actual time=0.020..540.930 rows=459925 loops=1)
                    Filter: (info_type_id = 101)
                    Rows Removed by Filter: 920110
              ->  Hash  (cost=73925.90..73925.90 rows=545237 width=4) (actual time=1775.673..1775.673 rows=418129 loops=1)
                    Buckets: 131072  Batches: 8  Memory Usage: 2851kB
                    ->  Seq Scan on title t  (cost=0.00..73925.90 rows=545237 width=4) (actual time=0.015..1331.022 rows=418129 loops=1)
                          Filter: ((kind_id > 2) AND (production_year < 1994))
                          Rows Removed by Filter: 2110183
Planning time: 1.212 ms
Execution time: 13767.595 ms
