Hash Join  (cost=423009.86..1175526.41 rows=172731 width=0) (actual time=6324.593..22516.093 rows=784060 loops=1)
  Hash Cond: (ci.movie_id = t.id)
  ->  Seq Scan on cast_info ci  (cost=0.00..614943.12 rows=36225612 width=4) (actual time=0.011..8667.110 rows=36244344 loops=1)
  ->  Hash  (cost=422859.15..422859.15 rows=12057 width=8) (actual time=6324.416..6324.416 rows=8997 loops=1)
        Buckets: 16384  Batches: 1  Memory Usage: 480kB
        ->  Hash Join  (cost=74730.49..422859.15 rows=12057 width=8) (actual time=5743.392..6321.034 rows=8997 loops=1)
              Hash Cond: (mi.movie_id = t.id)
              ->  Seq Scan on movie_info mi  (cost=0.00..346232.03 rows=473617 width=4) (actual time=4591.636..5061.942 rows=486554 loops=1)
                    Filter: (info_type_id = 5)
                    Rows Removed by Filter: 14349166
              ->  Hash  (cost=73925.90..73925.90 rows=64367 width=4) (actual time=1145.405..1145.405 rows=53905 loops=1)
                    Buckets: 65536  Batches: 1  Memory Usage: 2408kB
                    ->  Seq Scan on title t  (cost=0.00..73925.90 rows=64367 width=4) (actual time=0.084..1123.909 rows=53905 loops=1)
                          Filter: ((kind_id < 7) AND (production_year = 2012))
                          Rows Removed by Filter: 2474407
Planning time: 1.154 ms
Execution time: 22619.048 ms
