Hash Join  (cost=105731.15..150226.31 rows=427305 width=0) (actual time=2245.006..3491.347 rows=442828 loops=1)
  Hash Cond: (mi_idx.movie_id = t.id)
  ->  Seq Scan on movie_info_idx mi_idx  (cost=0.00..25185.44 rows=464934 width=4) (actual time=0.020..466.682 rows=460185 loops=1)
        Filter: (info_type_id > 100)
        Rows Removed by Filter: 919850
  ->  Hash  (cost=67604.59..67604.59 rows=2323885 width=4) (actual time=2243.995..2243.995 rows=2317570 loops=1)
        Buckets: 131072  Batches: 32  Memory Usage: 3574kB
        ->  Seq Scan on title t  (cost=0.00..67604.59 rows=2323885 width=4) (actual time=0.020..1489.722 rows=2317570 loops=1)
              Filter: (production_year > 1938)
              Rows Removed by Filter: 210742
Planning time: 0.759 ms
Execution time: 3542.372 ms
