Seq Scan on movie_keyword mk  (cost=0.00..81003.12 rows=246 width=0) (actual time=1.642..1237.078 rows=661 loops=1)
  Filter: (keyword_id = 7844)
  Rows Removed by Filter: 4523269
Planning time: 0.398 ms
Execution time: 1239.061 ms
