Nested Loop  (cost=25190.47..106244.60 rows=1 width=0) (actual time=956.000..1762.817 rows=1 loops=1)
  ->  Hash Join  (cost=25190.04..106236.22 rows=1 width=8) (actual time=955.962..1762.773 rows=1 loops=1)
        Hash Cond: (mk.movie_id = mi_idx.movie_id)
        ->  Seq Scan on movie_keyword mk  (cost=0.00..81003.12 rows=246 width=4) (actual time=17.837..1357.879 rows=104 loops=1)
              Filter: (keyword_id = 8990)
              Rows Removed by Filter: 4523826
        ->  Hash  (cost=25185.44..25185.44 rows=368 width=4) (actual time=404.617..404.617 rows=260 loops=1)
              Buckets: 1024  Batches: 1  Memory Usage: 18kB
              ->  Seq Scan on movie_info_idx mi_idx  (cost=0.00..25185.44 rows=368 width=4) (actual time=290.253..404.526 rows=260 loops=1)
                    Filter: (info_type_id > 101)
                    Rows Removed by Filter: 1379775
  ->  Index Scan using title_pkey on title t  (cost=0.43..8.36 rows=1 width=4) (actual time=0.031..0.032 rows=1 loops=1)
        Index Cond: (id = mi_idx.movie_id)
        Filter: (production_year > 1971)
Planning time: 1.193 ms
Execution time: 1762.934 ms
