Hash Join  (cost=83073.20..137738.97 rows=24 width=0) (actual time=1267.497..2375.966 rows=1841 loops=1)
  Hash Cond: (mc.movie_id = t.id)
  ->  Seq Scan on movie_companies mc  (cost=0.00..44881.29 rows=2609129 width=4) (actual time=0.023..651.364 rows=2609129 loops=1)
  ->  Hash  (cost=83072.90..83072.90 rows=24 width=8) (actual time=1264.899..1264.899 rows=230 loops=1)
        Buckets: 1024  Batches: 1  Memory Usage: 17kB
        ->  Nested Loop  (cost=0.43..83072.90 rows=24 width=8) (actual time=18.591..1264.575 rows=230 loops=1)
              ->  Seq Scan on movie_keyword mk  (cost=0.00..81003.12 rows=246 width=4) (actual time=9.338..1245.355 rows=381 loops=1)
                    Filter: (keyword_id = 6502)
                    Rows Removed by Filter: 4523549
              ->  Index Scan using title_pkey on title t  (cost=0.43..8.40 rows=1 width=4) (actual time=0.048..0.048 rows=1 loops=381)
                    Index Cond: (id = mk.movie_id)
                    Filter: ((kind_id < 4) AND (production_year < 1991))
                    Rows Removed by Filter: 0
Planning time: 1.195 ms
Execution time: 2376.445 ms
