Seq Scan on movie_companies mc  (cost=0.00..57926.93 rows=53 width=0) (actual time=528.221..936.109 rows=105 loops=1)
  Filter: ((company_type_id > 1) AND (company_id = 85234))
  Rows Removed by Filter: 2609024
Planning time: 0.379 ms
Execution time: 936.208 ms
