Hash Join  (cost=491644.87..1311280.44 rows=442422 width=0) (actual time=16557.384..25005.062 rows=621242 loops=1)
  Hash Cond: (ci.movie_id = t.id)
  ->  Seq Scan on cast_info ci  (cost=0.00..796071.18 rows=1381645 width=4) (actual time=7709.750..15139.356 rows=1368246 loops=1)
        Filter: ((person_id > 709771) AND (role_id = 8))
        Rows Removed by Filter: 34876098
  ->  Hash  (cost=478361.00..478361.00 rows=809669 width=8) (actual time=8846.613..8846.613 rows=802140 loops=1)
        Buckets: 131072  Batches: 16  Memory Usage: 2973kB
        ->  Hash Join  (cost=102767.86..478361.00 rows=809669 width=8) (actual time=4316.801..8624.622 rows=802140 loops=1)
              Hash Cond: (mi.movie_id = t.id)
              ->  Seq Scan on movie_info mi  (cost=0.00..346232.03 rows=809669 width=4) (actual time=2134.446..5393.205 rows=802140 loops=1)
                    Filter: (info_type_id = 1)
                    Rows Removed by Filter: 14033580
              ->  Hash  (cost=61283.27..61283.27 rows=2528527 width=4) (actual time=2181.479..2181.479 rows=2528312 loops=1)
                    Buckets: 131072  Batches: 64  Memory Usage: 2425kB
                    ->  Seq Scan on title t  (cost=0.00..61283.27 rows=2528527 width=4) (actual time=0.017..1211.909 rows=2528312 loops=1)
Planning time: 1.570 ms
Execution time: 25080.149 ms
