Hash Join  (cost=93408.25..185982.22 rows=1144659 width=0) (actual time=1912.170..4280.306 rows=887048 loops=1)
  Hash Cond: (mc.movie_id = t.id)
  ->  Seq Scan on movie_companies mc  (cost=0.00..51404.11 rows=1840254 width=4) (actual time=0.013..961.492 rows=1834737 loops=1)
        Filter: (company_id < 33419)
        Rows Removed by Filter: 774392
  ->  Hash  (cost=67604.59..67604.59 rows=1572773 width=4) (actual time=1910.543..1910.543 rows=1570568 loops=1)
        Buckets: 131072  Batches: 32  Memory Usage: 2751kB
        ->  Seq Scan on title t  (cost=0.00..67604.59 rows=1572773 width=4) (actual time=0.013..1359.143 rows=1570568 loops=1)
              Filter: (production_year > 1996)
              Rows Removed by Filter: 957744
Planning time: 0.749 ms
Execution time: 4378.552 ms
