Hash Join  (cost=123133.70..205626.38 rows=177086 width=0) (actual time=2617.499..5301.719 rows=1358097 loops=1)
  Hash Cond: (mc.movie_id = t.id)
  ->  Seq Scan on movie_companies mc  (cost=0.00..51404.11 rows=2474322 width=4) (actual time=0.014..1159.403 rows=2475212 loops=1)
        Filter: (company_id < 139309)
        Rows Removed by Filter: 133917
  ->  Hash  (cost=120164.64..120164.64 rows=180965 width=8) (actual time=2616.622..2616.622 rows=420076 loops=1)
        Buckets: 131072 (originally 131072)  Batches: 8 (originally 4)  Memory Usage: 3085kB
        ->  Hash Join  (cost=79366.51..120164.64 rows=180965 width=8) (actual time=1323.801..2509.505 rows=420076 loops=1)
              Hash Cond: (mi_idx.movie_id = t.id)
              ->  Seq Scan on movie_info_idx mi_idx  (cost=0.00..21735.35 rows=1380035 width=4) (actual time=0.026..448.097 rows=1380035 loops=1)
              ->  Hash  (cost=73925.90..73925.90 rows=331568 width=4) (actual time=1323.049..1323.049 rows=445194 loops=1)
                    Buckets: 131072  Batches: 8  Memory Usage: 2992kB
                    ->  Seq Scan on title t  (cost=0.00..73925.90 rows=331568 width=4) (actual time=0.751..1177.836 rows=445194 loops=1)
                          Filter: ((kind_id < 7) AND (production_year < 1996))
                          Rows Removed by Filter: 2083118
Planning time: 1.210 ms
Execution time: 5469.353 ms
