Hash Join  (cost=71408.55..131382.30 rows=56300 width=0) (actual time=1150.577..2429.468 rows=35056 loops=1)
  Hash Cond: (mc.movie_id = t.id)
  ->  Seq Scan on movie_companies mc  (cost=0.00..51404.11 rows=614037 width=4) (actual time=0.023..971.088 rows=611029 loops=1)
        Filter: (company_id < 723)
        Rows Removed by Filter: 1998100
  ->  Hash  (cost=67604.59..67604.59 rows=231837 width=4) (actual time=1149.684..1149.684 rows=231649 loops=1)
        Buckets: 131072  Batches: 4  Memory Usage: 3076kB
        ->  Seq Scan on title t  (cost=0.00..67604.59 rows=231837 width=4) (actual time=0.018..1061.004 rows=231649 loops=1)
              Filter: (production_year > 2011)
              Rows Removed by Filter: 2296663
Planning time: 6.099 ms
Execution time: 2434.037 ms
