Seq Scan on cast_info ci  (cost=0.00..705507.15 rows=19604947 width=0) (actual time=0.015..12160.855 rows=19492149 loops=1)
  Filter: (person_id < 1951850)
  Rows Removed by Filter: 16752195
Planning time: 0.419 ms
Execution time: 14544.228 ms
