Hash Join  (cost=83073.00..109983.52 rows=4 width=0) (actual time=1591.146..1885.558 rows=123 loops=1)
  Hash Cond: (mi_idx.movie_id = t.id)
  ->  Seq Scan on movie_info_idx mi_idx  (cost=0.00..21735.35 rows=1380035 width=4) (actual time=0.019..300.526 rows=1380035 loops=1)
  ->  Hash  (cost=83072.90..83072.90 rows=8 width=8) (actual time=1338.423..1338.423 rows=103 loops=1)
        Buckets: 1024  Batches: 1  Memory Usage: 13kB
        ->  Nested Loop  (cost=0.43..83072.90 rows=8 width=8) (actual time=791.218..1338.315 rows=103 loops=1)
              ->  Seq Scan on movie_keyword mk  (cost=0.00..81003.12 rows=246 width=4) (actual time=0.945..1294.422 rows=1044 loops=1)
                    Filter: (keyword_id = 2863)
                    Rows Removed by Filter: 4522886
              ->  Index Scan using title_pkey on title t  (cost=0.43..8.40 rows=1 width=4) (actual time=0.041..0.041 rows=0 loops=1044)
                    Index Cond: (id = mk.movie_id)
                    Filter: ((kind_id = 7) AND (production_year = 2008))
                    Rows Removed by Filter: 1
Planning time: 2.642 ms
Execution time: 1885.715 ms
