Seq Scan on cast_info ci  (cost=0.00..796071.18 rows=9918425 width=0) (actual time=0.016..12601.100 rows=15432086 loops=1)
  Filter: ((person_id > 2096975) AND (role_id > 1))
  Rows Removed by Filter: 20812258
Planning time: 2.620 ms
Execution time: 14298.820 ms
