Hash Join  (cost=101372.69..853854.14 rows=169234 width=0) (actual time=1892.014..18608.036 rows=403845 loops=1)
  Hash Cond: (ci.movie_id = t.id)
  ->  Seq Scan on cast_info ci  (cost=0.00..614943.12 rows=36225612 width=4) (actual time=0.014..8564.806 rows=36244344 loops=1)
  ->  Hash  (cost=101225.04..101225.04 rows=11812 width=8) (actual time=1891.158..1891.158 rows=10962 loops=1)
        Buckets: 16384  Batches: 1  Memory Usage: 557kB
        ->  Hash Join  (cost=74196.44..101225.04 rows=11812 width=8) (actual time=1462.786..1887.258 rows=10962 loops=1)
              Hash Cond: (mi_idx.movie_id = t.id)
              ->  Seq Scan on movie_info_idx mi_idx  (cost=0.00..21735.35 rows=1380035 width=4) (actual time=0.012..340.044 rows=1380035 loops=1)
              ->  Hash  (cost=73925.90..73925.90 rows=21643 width=4) (actual time=1249.192..1249.192 rows=11565 loops=1)
                    Buckets: 32768  Batches: 1  Memory Usage: 663kB
                    ->  Seq Scan on title t  (cost=0.00..73925.90 rows=21643 width=4) (actual time=236.337..1243.983 rows=11565 loops=1)
                          Filter: ((production_year > 2009) AND (kind_id = 3))
                          Rows Removed by Filter: 2516747
Planning time: 1.266 ms
Execution time: 18667.912 ms
