Hash Join  (cost=126557.77..945784.59 rows=116282 width=0) (actual time=2695.396..15405.902 rows=221070 loops=1)
  Hash Cond: (ci.movie_id = t.id)
  ->  Seq Scan on cast_info ci  (cost=0.00..796071.18 rows=1848218 width=4) (actual time=0.013..11846.701 rows=2188326 loops=1)
        Filter: ((person_id < 263837) AND (role_id < 4))
        Rows Removed by Filter: 34056018
  ->  Hash  (cost=123947.22..123947.22 rows=159084 width=8) (actual time=2622.119..2622.119 rows=121134 loops=1)
        Buckets: 131072  Batches: 4  Memory Usage: 2213kB
        ->  Hash Join  (cost=88458.98..123947.22 rows=159084 width=8) (actual time=1668.816..2582.560 rows=121134 loops=1)
              Hash Cond: (mi_idx.movie_id = t.id)
              ->  Seq Scan on movie_info_idx mi_idx  (cost=0.00..25185.44 rows=454124 width=4) (actual time=0.011..484.129 rows=459925 loops=1)
                    Filter: (info_type_id = 100)
                    Rows Removed by Filter: 920110
              ->  Hash  (cost=73925.90..73925.90 rows=885766 width=4) (actual time=1667.837..1667.837 rows=802336 loops=1)
                    Buckets: 131072  Batches: 16  Memory Usage: 2788kB
                    ->  Seq Scan on title t  (cost=0.00..73925.90 rows=885766 width=4) (actual time=0.017..1408.390 rows=802336 loops=1)
                          Filter: ((kind_id > 2) AND (production_year < 2004))
                          Rows Removed by Filter: 1725976
Planning time: 0.990 ms
Execution time: 15432.118 ms
