Hash Join  (cost=73955.33..438748.48 rows=13722 width=0) (actual time=973.375..7735.506 rows=15213 loops=1)
  Hash Cond: (mi.movie_id = t.id)
  ->  Seq Scan on movie_info mi  (cost=0.00..309384.22 rows=14739122 width=4) (actual time=0.006..4082.224 rows=14835720 loops=1)
  ->  Hash  (cost=73925.90..73925.90 rows=2354 width=4) (actual time=971.315..971.315 rows=2224 loops=1)
        Buckets: 4096  Batches: 1  Memory Usage: 111kB
        ->  Seq Scan on title t  (cost=0.00..73925.90 rows=2354 width=4) (actual time=0.862..969.967 rows=2224 loops=1)
              Filter: ((kind_id = 2) AND (production_year = 2013))
              Rows Removed by Filter: 2526088
Planning time: 0.784 ms
Execution time: 7738.451 ms
