Hash Join  (cost=68438.72..123223.04 rows=22225 width=0) (actual time=1026.760..2129.058 rows=28469 loops=1)
  Hash Cond: (mc.movie_id = t.id)
  ->  Seq Scan on movie_companies mc  (cost=0.00..51404.11 rows=842122 width=4) (actual time=0.016..859.349 rows=851543 loops=1)
        Filter: (company_id > 25048)
        Rows Removed by Filter: 1757586
  ->  Hash  (cost=67604.59..67604.59 rows=66731 width=4) (actual time=1026.135..1026.135 rows=67342 loops=1)
        Buckets: 131072  Batches: 1  Memory Usage: 3392kB
        ->  Seq Scan on title t  (cost=0.00..67604.59 rows=66731 width=4) (actual time=0.013..998.717 rows=67342 loops=1)
              Filter: (production_year > 2012)
              Rows Removed by Filter: 2460970
Planning time: 0.547 ms
Execution time: 2133.585 ms
