Hash Join  (cost=190230.21..277791.42 rows=986561 width=0) (actual time=4385.247..7235.484 rows=2762174 loops=1)
  Hash Cond: (mc.movie_id = t.id)
  ->  Seq Scan on movie_companies mc  (cost=0.00..51404.11 rows=1807596 width=4) (actual time=0.018..1074.813 rows=1814534 loops=1)
        Filter: (company_id > 1716)
        Rows Removed by Filter: 794595
  ->  Hash  (cost=167588.78..167588.78 rows=1380035 width=8) (actual time=4382.770..4382.770 rows=1380035 loops=1)
        Buckets: 131072  Batches: 32  Memory Usage: 2708kB
        ->  Hash Join  (cost=102767.86..167588.78 rows=1380035 width=8) (actual time=1993.259..4004.800 rows=1380035 loops=1)
              Hash Cond: (mi_idx.movie_id = t.id)
              ->  Seq Scan on movie_info_idx mi_idx  (cost=0.00..21735.35 rows=1380035 width=4) (actual time=0.024..544.348 rows=1380035 loops=1)
              ->  Hash  (cost=61283.27..61283.27 rows=2528527 width=4) (actual time=1991.607..1991.607 rows=2528312 loops=1)
                    Buckets: 131072  Batches: 64  Memory Usage: 2415kB
                    ->  Seq Scan on title t  (cost=0.00..61283.27 rows=2528527 width=4) (actual time=0.016..1165.921 rows=2528312 loops=1)
Planning time: 1.190 ms
Execution time: 7558.646 ms
