Seq Scan on movie_keyword mk  (cost=0.00..81003.12 rows=246 width=0) (actual time=1.764..1244.804 rows=1173 loops=1)
  Filter: (keyword_id = 4962)
  Rows Removed by Filter: 4522757
Planning time: 0.369 ms
Execution time: 1245.283 ms
