Seq Scan on movie_companies mc  (cost=0.00..57926.93 rows=1330 width=0) (actual time=5.224..864.676 rows=2033 loops=1)
  Filter: ((company_id = 9749) AND (company_type_id = 2))
  Rows Removed by Filter: 2607096
Planning time: 1.199 ms
Execution time: 865.056 ms
