Hash Join  (cost=709676.96..1074350.67 rows=1778 width=0) (actual time=11975.624..18535.011 rows=40 loops=1)
  Hash Cond: (mi.movie_id = t.id)
  ->  Seq Scan on movie_info mi  (cost=0.00..309384.22 rows=14739122 width=4) (actual time=0.007..4611.473 rows=14835720 loops=1)
  ->  Hash  (cost=709673.15..709673.15 rows=305 width=8) (actual time=11267.310..11267.310 rows=13 loops=1)
        Buckets: 1024  Batches: 1  Memory Usage: 9kB
        ->  Nested Loop  (cost=0.43..709673.15 rows=305 width=8) (actual time=11098.220..11267.237 rows=13 loops=1)
              ->  Seq Scan on cast_info ci  (cost=0.00..705507.15 rows=500 width=4) (actual time=11097.899..11266.498 rows=16 loops=1)
                    Filter: (person_id = 3776700)
                    Rows Removed by Filter: 36244328
              ->  Index Scan using title_pkey on title t  (cost=0.43..8.32 rows=1 width=4) (actual time=0.036..0.037 rows=1 loops=16)
                    Index Cond: (id = ci.movie_id)
                    Filter: (kind_id = 7)
                    Rows Removed by Filter: 0
Planning time: 0.920 ms
Execution time: 18535.139 ms
