Hash Join  (cost=69002.72..197098.25 rows=132420 width=0) (actual time=1122.787..3949.314 rows=136507 loops=1)
  Hash Cond: (mk.movie_id = t.id)
  ->  Seq Scan on movie_keyword mk  (cost=0.00..81003.12 rows=3929387 width=4) (actual time=0.026..1634.927 rows=3928378 loops=1)
        Filter: (keyword_id < 30892)
        Rows Removed by Filter: 595552
  ->  Hash  (cost=67604.59..67604.59 rows=85211 width=4) (actual time=1121.771..1121.771 rows=84593 loops=1)
        Buckets: 131072  Batches: 2  Memory Usage: 2524kB
        ->  Seq Scan on title t  (cost=0.00..67604.59 rows=85211 width=4) (actual time=0.007..1086.724 rows=84593 loops=1)
              Filter: (production_year = 2004)
              Rows Removed by Filter: 2443719
Planning time: 0.798 ms
Execution time: 3966.046 ms
