Seq Scan on cast_info ci  (cost=0.00..705507.15 rows=500 width=0) (actual time=5458.043..10590.174 rows=73 loops=1)
  Filter: (person_id = 2028353)
  Rows Removed by Filter: 36244271
Planning time: 0.374 ms
Execution time: 10590.288 ms
