Hash Join  (cost=167716.57..1090608.67 rows=1490910 width=0) (actual time=4300.122..31447.363 rows=14994498 loops=1)
  Hash Cond: (ci.movie_id = t.id)
  ->  Seq Scan on cast_info ci  (cost=0.00..796071.18 rows=9545285 width=4) (actual time=0.024..15688.104 rows=14881145 loops=1)
        Filter: ((person_id > 2163412) AND (role_id > 1))
        Rows Removed by Filter: 21363199
  ->  Hash  (cost=161236.83..161236.83 rows=394939 width=8) (actual time=4299.075..4299.075 rows=957407 loops=1)
        Buckets: 131072 (originally 131072)  Batches: 16 (originally 8)  Memory Usage: 3354kB
        ->  Hash Join  (cost=83810.17..161236.83 rows=394939 width=8) (actual time=1463.422..3745.328 rows=957407 loops=1)
              Hash Cond: (mc.movie_id = t.id)
              ->  Seq Scan on movie_companies mc  (cost=0.00..57926.93 rows=1011022 width=4) (actual time=0.029..1180.717 rows=1274246 loops=1)
                    Filter: ((company_id < 71830) AND (company_type_id = 1))
                    Rows Removed by Filter: 1334883
              ->  Hash  (cost=67604.59..67604.59 rows=987727 width=4) (actual time=1462.222..1462.222 rows=985048 loops=1)
                    Buckets: 131072  Batches: 16  Memory Usage: 3188kB
                    ->  Seq Scan on title t  (cost=0.00..67604.59 rows=987727 width=4) (actual time=0.021..1165.832 rows=985048 loops=1)
                          Filter: (kind_id < 7)
                          Rows Removed by Filter: 1543264
Planning time: 1.263 ms
Execution time: 33194.913 ms
