Seq Scan on title t  (cost=0.00..73925.90 rows=337 width=0) (actual time=352.915..1130.941 rows=5 loops=1)
  Filter: ((kind_id = 4) AND (production_year = 1973))
  Rows Removed by Filter: 2528307
Planning time: 0.406 ms
Execution time: 1131.064 ms
