Hash Join  (cost=217383.23..733666.74 rows=3418659 width=0) (actual time=4415.237..23375.959 rows=23021664 loops=1)
  Hash Cond: (mi.movie_id = t.id)
  ->  Seq Scan on movie_info mi  (cost=0.00..309384.22 rows=14739122 width=4) (actual time=0.021..6341.545 rows=14835720 loops=1)
  ->  Hash  (cost=207761.25..207761.25 rows=586478 width=8) (actual time=4414.319..4414.319 rows=590840 loops=1)
        Buckets: 131072  Batches: 8  Memory Usage: 3986kB
        ->  Hash Join  (cost=102767.86..207761.25 rows=586478 width=8) (actual time=1981.202..4226.817 rows=590840 loops=1)
              Hash Cond: (mk.movie_id = t.id)
              ->  Seq Scan on movie_keyword mk  (cost=0.00..81003.12 rows=586478 width=4) (actual time=0.031..1314.571 rows=590840 loops=1)
                    Filter: (keyword_id < 430)
                    Rows Removed by Filter: 3933090
              ->  Hash  (cost=61283.27..61283.27 rows=2528527 width=4) (actual time=1980.238..1980.238 rows=2528312 loops=1)
                    Buckets: 131072  Batches: 64  Memory Usage: 2425kB
                    ->  Seq Scan on title t  (cost=0.00..61283.27 rows=2528527 width=4) (actual time=0.020..1115.000 rows=2528312 loops=1)
Planning time: 1.304 ms
Execution time: 25901.604 ms
