Seq Scan on movie_companies mc  (cost=0.00..51404.11 rows=945480 width=0) (actual time=0.032..952.695 rows=945447 loops=1)
  Filter: (company_id < 3598)
  Rows Removed by Filter: 1663682
Planning time: 0.348 ms
Execution time: 1071.028 ms
