Hash Join  (cost=58375.85..809172.60 rows=759 width=0) (actual time=908.810..16006.087 rows=634 loops=1)
  Hash Cond: (ci.movie_id = t.id)
  ->  Seq Scan on cast_info ci  (cost=0.00..614943.12 rows=36225612 width=4) (actual time=0.021..8527.054 rows=36244344 loops=1)
  ->  Hash  (cost=58375.18..58375.18 rows=53 width=8) (actual time=899.094..899.094 rows=12 loops=1)
        Buckets: 1024  Batches: 1  Memory Usage: 9kB
        ->  Nested Loop  (cost=0.43..58375.18 rows=53 width=8) (actual time=366.152..899.064 rows=12 loops=1)
              ->  Seq Scan on movie_companies mc  (cost=0.00..57926.93 rows=53 width=4) (actual time=366.055..898.415 rows=12 loops=1)
                    Filter: ((company_type_id > 1) AND (company_id = 3127))
                    Rows Removed by Filter: 2609117
              ->  Index Only Scan using title_pkey on title t  (cost=0.43..8.45 rows=1 width=4) (actual time=0.045..0.046 rows=1 loops=12)
                    Index Cond: (id = mc.movie_id)
                    Heap Fetches: 12
Planning time: 1.112 ms
Execution time: 16006.744 ms
