Hash Join  (cost=74357.80..441027.81 rows=201408 width=0) (actual time=1222.819..9518.113 rows=143001 loops=1)
  Hash Cond: (mi.movie_id = t.id)
  ->  Seq Scan on movie_info mi  (cost=0.00..309384.22 rows=14739122 width=4) (actual time=0.012..4319.594 rows=14835720 loops=1)
  ->  Hash  (cost=73925.90..73925.90 rows=34552 width=4) (actual time=1222.168..1222.168 rows=39508 loops=1)
        Buckets: 65536  Batches: 1  Memory Usage: 1901kB
        ->  Seq Scan on title t  (cost=0.00..73925.90 rows=34552 width=4) (actual time=0.025..1205.128 rows=39508 loops=1)
              Filter: ((kind_id > 1) AND (production_year = 1998))
              Rows Removed by Filter: 2488804
Planning time: 0.776 ms
Execution time: 9540.248 ms
