Hash Join  (cost=914615.92..1418173.50 rows=2225965 width=0) (actual time=14936.809..26106.776 rows=648 loops=1)
  Hash Cond: (mi.movie_id = t.id)
  ->  Seq Scan on movie_info mi  (cost=0.00..309384.22 rows=14739122 width=4) (actual time=0.016..6051.592 rows=14835720 loops=1)
  ->  Hash  (cost=908350.56..908350.56 rows=381869 width=8) (actual time=14033.322..14033.322 rows=36 loops=1)
        Buckets: 131072  Batches: 8  Memory Usage: 1031kB
        ->  Hash Join  (cost=72956.84..908350.56 rows=381869 width=8) (actual time=12974.633..14032.983 rows=36 loops=1)
              Hash Cond: (ci.movie_id = t.id)
              ->  Seq Scan on cast_info ci  (cost=0.00..796071.18 rows=2960227 width=4) (actual time=10.935..12369.062 rows=2649 loops=1)
                    Filter: ((person_id < 1438962) AND (role_id = 2))
                    Rows Removed by Filter: 36241695
              ->  Hash  (cost=67604.59..67604.59 rows=326180 width=4) (actual time=1609.035..1609.035 rows=323245 loops=1)
                    Buckets: 131072  Batches: 8  Memory Usage: 2437kB
                    ->  Seq Scan on title t  (cost=0.00..67604.59 rows=326180 width=4) (actual time=0.018..1183.351 rows=323245 loops=1)
                          Filter: (production_year < 1967)
                          Rows Removed by Filter: 2205067
Planning time: 1.182 ms
Execution time: 26107.339 ms
