Seq Scan on cast_info ci  (cost=0.00..705507.15 rows=8598635 width=0) (actual time=96.058..10601.612 rows=8488568 loops=1)
  Filter: (person_id < 833147)
  Rows Removed by Filter: 27755776
Planning time: 0.368 ms
Execution time: 11594.532 ms
