Hash Join  (cost=822207.08..1318043.61 rows=1502360 width=0) (actual time=15498.073..27929.847 rows=1278804 loops=1)
  Hash Cond: (mi.movie_id = t.id)
  ->  Seq Scan on movie_info mi  (cost=0.00..309384.22 rows=14739122 width=4) (actual time=0.023..5975.822 rows=14835720 loops=1)
  ->  Hash  (cost=817978.42..817978.42 rows=257733 width=8) (actual time=15497.297..15497.297 rows=207121 loops=1)
        Buckets: 131072  Batches: 4  Memory Usage: 3046kB
        ->  Hash Join  (cost=98137.04..817978.42 rows=257733 width=8) (actual time=6370.919..15430.179 rows=207121 loops=1)
              Hash Cond: (ci.movie_id = t.id)
              ->  Seq Scan on cast_info ci  (cost=0.00..705507.15 rows=350181 width=4) (actual time=4229.759..12726.951 rows=316118 loops=1)
                    Filter: (role_id > 10)
                    Rows Removed by Filter: 35928226
              ->  Hash  (cost=67604.59..67604.59 rows=1860996 width=4) (actual time=2139.495..2139.495 rows=1865487 loops=1)
                    Buckets: 131072  Batches: 32  Memory Usage: 3079kB
                    ->  Seq Scan on title t  (cost=0.00..67604.59 rows=1860996 width=4) (actual time=0.030..1530.827 rows=1865487 loops=1)
                          Filter: (kind_id > 1)
                          Rows Removed by Filter: 662825
Planning time: 1.155 ms
Execution time: 28085.402 ms
