Hash Join  (cost=77377.73..155420.17 rows=217092 width=0) (actual time=1277.367..3543.627 rows=658706 loops=1)
  Hash Cond: (mc.movie_id = t.id)
  ->  Seq Scan on movie_companies mc  (cost=0.00..44881.29 rows=2609129 width=4) (actual time=0.030..873.325 rows=2609129 loops=1)
  ->  Hash  (cost=73925.90..73925.90 rows=210386 width=4) (actual time=1276.391..1276.391 rows=320579 loops=1)
        Buckets: 131072  Batches: 4  Memory Usage: 3842kB
        ->  Seq Scan on title t  (cost=0.00..73925.90 rows=210386 width=4) (actual time=0.032..1172.148 rows=320579 loops=1)
              Filter: ((kind_id < 7) AND (production_year < 1982))
              Rows Removed by Filter: 2207733
Planning time: 0.974 ms
Execution time: 3617.470 ms
