Seq Scan on cast_info ci  (cost=0.00..796071.18 rows=620111 width=0) (actual time=12268.220..14735.252 rows=342561 loops=1)
  Filter: ((person_id < 3125179) AND (role_id = 6))
  Rows Removed by Filter: 35901783
Planning time: 0.427 ms
Execution time: 14777.445 ms
