Seq Scan on movie_keyword mk  (cost=0.00..81003.12 rows=2436168 width=0) (actual time=0.019..1412.016 rows=2437064 loops=1)
  Filter: (keyword_id < 5792)
  Rows Removed by Filter: 2086866
Planning time: 1.700 ms
Execution time: 1709.370 ms
