Nested Loop  (cost=32636.42..88306.88 rows=453 width=0) (actual time=904.923..1714.046 rows=84 loops=1)
  Join Filter: (mc.movie_id = t.id)
  ->  Hash Join  (cost=32635.99..86298.90 rows=2345 width=8) (actual time=904.848..1703.122 rows=84 loops=1)
        Hash Cond: (mc.movie_id = mi_idx.movie_id)
        ->  Seq Scan on movie_companies mc  (cost=0.00..51404.11 rows=2522 width=4) (actual time=0.128..947.017 rows=2805 loops=1)
              Filter: (company_id = 13015)
              Rows Removed by Filter: 2606324
        ->  Hash  (cost=25185.44..25185.44 rows=454124 width=4) (actual time=688.540..688.540 rows=459925 loops=1)
              Buckets: 131072  Batches: 8  Memory Usage: 3050kB
              ->  Seq Scan on movie_info_idx mi_idx  (cost=0.00..25185.44 rows=454124 width=4) (actual time=0.033..544.528 rows=459925 loops=1)
                    Filter: (info_type_id = 100)
                    Rows Removed by Filter: 920110
  ->  Index Only Scan using title_pkey on title t  (cost=0.43..0.84 rows=1 width=4) (actual time=0.128..0.128 rows=1 loops=84)
        Index Cond: (id = mi_idx.movie_id)
        Heap Fetches: 84
Planning time: 1.180 ms
Execution time: 1714.523 ms
