Hash Join  (cost=67697.55..819325.63 rows=35893 width=0) (actual time=1163.212..16959.105 rows=18078 loops=1)
  Hash Cond: (ci.movie_id = t.id)
  ->  Seq Scan on cast_info ci  (cost=0.00..705507.15 rows=12203201 width=4) (actual time=0.014..13760.287 rows=12113646 loops=1)
        Filter: (role_id > 3)
        Rows Removed by Filter: 24130698
  ->  Hash  (cost=67604.59..67604.59 rows=7437 width=4) (actual time=1162.741..1162.741 rows=5663 loops=1)
        Buckets: 8192  Batches: 1  Memory Usage: 264kB
        ->  Seq Scan on title t  (cost=0.00..67604.59 rows=7437 width=4) (actual time=0.310..1159.571 rows=5663 loops=1)
              Filter: (production_year = 1951)
              Rows Removed by Filter: 2522649
Planning time: 0.749 ms
Execution time: 16962.893 ms
