Hash Join  (cost=102767.86..242366.88 rows=2024609 width=0) (actual time=1862.446..5303.644 rows=2029875 loops=1)
  Hash Cond: (mk.movie_id = t.id)
  ->  Seq Scan on movie_keyword mk  (cost=0.00..81003.12 rows=2024609 width=4) (actual time=0.016..1585.955 rows=2029875 loops=1)
        Filter: (keyword_id > 6076)
        Rows Removed by Filter: 2494055
  ->  Hash  (cost=61283.27..61283.27 rows=2528527 width=4) (actual time=1860.424..1860.424 rows=2528312 loops=1)
        Buckets: 131072  Batches: 64  Memory Usage: 2425kB
        ->  Seq Scan on title t  (cost=0.00..61283.27 rows=2528527 width=4) (actual time=0.018..1040.269 rows=2528312 loops=1)
Planning time: 0.710 ms
Execution time: 5520.687 ms
