Seq Scan on movie_companies mc  (cost=0.00..57926.93 rows=829808 width=0) (actual time=292.202..1045.929 rows=519735 loops=1)
  Filter: ((company_id < 16987) AND (company_type_id > 1))
  Rows Removed by Filter: 2089394
Planning time: 0.328 ms
Execution time: 1112.217 ms
