Hash Join  (cost=81703.78..953042.54 rows=2287961 width=0) (actual time=1436.488..21844.366 rows=2690647 loops=1)
  Hash Cond: (ci.movie_id = t.id)
  ->  Seq Scan on cast_info ci  (cost=0.00..705507.15 rows=12203201 width=4) (actual time=0.011..13890.757 rows=12113646 loops=1)
        Filter: (role_id > 3)
        Rows Removed by Filter: 24130698
  ->  Hash  (cost=73925.90..73925.90 rows=474070 width=4) (actual time=1435.780..1435.780 rows=496025 loops=1)
        Buckets: 131072  Batches: 8  Memory Usage: 3214kB
        ->  Seq Scan on title t  (cost=0.00..73925.90 rows=474070 width=4) (actual time=157.616..1283.294 rows=496025 loops=1)
              Filter: ((production_year < 2009) AND (kind_id = 1))
              Rows Removed by Filter: 2032287
Planning time: 0.542 ms
Execution time: 22123.060 ms
