Hash Join  (cost=99161.12..473197.27 rows=755812 width=0) (actual time=2144.290..8702.279 rows=850730 loops=1)
  Hash Cond: (mi.movie_id = t.id)
  ->  Seq Scan on movie_info mi  (cost=0.00..346232.03 rows=993599 width=4) (actual time=112.471..5552.866 rows=1046316 loops=1)
        Filter: (info_type_id > 78)
        Rows Removed by Filter: 13789404
  ->  Hash  (cost=67604.59..67604.59 rows=1923403 width=4) (actual time=2029.356..2029.356 rows=1922849 loops=1)
        Buckets: 131072  Batches: 32  Memory Usage: 3141kB
        ->  Seq Scan on title t  (cost=0.00..67604.59 rows=1923403 width=4) (actual time=0.014..1404.871 rows=1922849 loops=1)
              Filter: (production_year < 2010)
              Rows Removed by Filter: 605463
Planning time: 0.787 ms
Execution time: 8802.524 ms
