Hash Join  (cost=160526.42..1031513.28 rows=1600100 width=0) (actual time=6260.284..22296.804 rows=3329367 loops=1)
  Hash Cond: (ci.movie_id = t.id)
  ->  Seq Scan on cast_info ci  (cost=0.00..796071.18 rows=4811117 width=4) (actual time=2825.631..14111.542 rows=9873662 loops=1)
        Filter: ((person_id < 1345606) AND (role_id < 2))
        Rows Removed by Filter: 26370682
  ->  Hash  (cost=146729.58..146729.58 rows=840947 width=8) (actual time=3430.423..3430.423 rows=425718 loops=1)
        Buckets: 131072  Batches: 16  Memory Usage: 2062kB
        ->  Hash Join  (cost=92883.59..146729.58 rows=840947 width=8) (actual time=1957.352..3300.920 rows=425718 loops=1)
              Hash Cond: (mi_idx.movie_id = t.id)
              ->  Seq Scan on movie_info_idx mi_idx  (cost=0.00..21735.35 rows=1380035 width=4) (actual time=0.026..443.937 rows=1380035 loops=1)
              ->  Hash  (cost=67604.59..67604.59 rows=1540800 width=4) (actual time=1872.295..1872.295 rows=1543264 loops=1)
                    Buckets: 131072  Batches: 32  Memory Usage: 2722kB
                    ->  Seq Scan on title t  (cost=0.00..67604.59 rows=1540800 width=4) (actual time=0.034..1400.457 rows=1543264 loops=1)
                          Filter: (kind_id = 7)
                          Rows Removed by Filter: 985048
Planning time: 0.808 ms
Execution time: 22609.661 ms
