Hash Join  (cost=176304.94..645866.48 rows=3231507 width=0) (actual time=4657.650..19103.879 rows=9669199 loops=1)
  Hash Cond: (mi.movie_id = t.id)
  ->  Seq Scan on movie_info mi  (cost=0.00..346232.03 rows=7503588 width=4) (actual time=0.014..7003.108 rows=7548855 loops=1)
        Filter: (info_type_id > 7)
        Rows Removed by Filter: 7286865
  ->  Hash  (cost=158439.20..158439.20 rows=1088939 width=8) (actual time=4656.467..4656.467 rows=1094400 loops=1)
        Buckets: 131072  Batches: 16  Memory Usage: 3722kB
        ->  Hash Join  (cost=100338.29..158439.20 rows=1088939 width=8) (actual time=2530.047..4322.185 rows=1094400 loops=1)
              Hash Cond: (mi_idx.movie_id = t.id)
              ->  Seq Scan on movie_info_idx mi_idx  (cost=0.00..21735.35 rows=1380035 width=4) (actual time=0.017..462.826 rows=1380035 loops=1)
              ->  Hash  (cost=67604.59..67604.59 rows=1995176 width=4) (actual time=2528.909..2528.909 rows=1990655 loops=1)
                    Buckets: 131072  Batches: 32  Memory Usage: 3218kB
                    ->  Seq Scan on title t  (cost=0.00..67604.59 rows=1995176 width=4) (actual time=0.011..1243.052 rows=1990655 loops=1)
                          Filter: (production_year > 1976)
                          Rows Removed by Filter: 537657
Planning time: 0.747 ms
Execution time: 20228.728 ms
