Hash Join  (cost=455719.85..1266402.72 rows=768 width=0) (actual time=16879.767..22542.729 rows=1164 loops=1)
  Hash Cond: (ci.movie_id = t.id)
  ->  Seq Scan on cast_info ci  (cost=0.00..796071.18 rows=1947201 width=4) (actual time=8005.749..13339.441 rows=2617752 loops=1)
        Filter: ((person_id > 1838725) AND (role_id = 3))
        Rows Removed by Filter: 33626592
  ->  Hash  (cost=455707.39..455707.39 rows=997 width=8) (actual time=8853.758..8853.758 rows=3638 loops=1)
        Buckets: 4096 (originally 1024)  Batches: 1 (originally 1)  Memory Usage: 175kB
        ->  Hash Join  (cost=73929.23..455707.39 rows=997 width=8) (actual time=1843.940..8851.659 rows=3638 loops=1)
              Hash Cond: (mi.movie_id = t.id)
              ->  Seq Scan on movie_info mi  (cost=0.00..346232.03 rows=9476311 width=4) (actual time=0.018..6494.067 rows=9565151 loops=1)
                    Filter: (info_type_id < 16)
                    Rows Removed by Filter: 5270569
              ->  Hash  (cost=73925.90..73925.90 rows=266 width=4) (actual time=961.987..961.987 rows=627 loops=1)
                    Buckets: 1024  Batches: 1  Memory Usage: 31kB
                    ->  Seq Scan on title t  (cost=0.00..73925.90 rows=266 width=4) (actual time=1.485..961.529 rows=627 loops=1)
                          Filter: ((kind_id = 2) AND (production_year = 1973))
                          Rows Removed by Filter: 2527685
Planning time: 1.222 ms
Execution time: 22543.095 ms
