Nested Loop  (cost=0.43..66649.29 rows=69 width=0) (actual time=440.246..865.410 rows=7 loops=1)
  ->  Seq Scan on movie_companies mc  (cost=0.00..57926.93 rows=1066 width=4) (actual time=387.940..821.524 rows=995 loops=1)
        Filter: ((company_id = 439) AND (company_type_id = 1))
        Rows Removed by Filter: 2608134
  ->  Index Scan using title_pkey on title t  (cost=0.43..8.17 rows=1 width=4) (actual time=0.043..0.043 rows=0 loops=995)
        Index Cond: (id = mc.movie_id)
        Filter: (production_year = 2012)
        Rows Removed by Filter: 1
Planning time: 0.732 ms
Execution time: 865.525 ms
