Hash Join  (cost=93721.77..1382993.43 rows=16915875 width=0) (actual time=1808.445..43440.024 rows=18705601 loops=1)
  Hash Cond: (ci.movie_id = t.id)
  ->  Seq Scan on cast_info ci  (cost=0.00..705507.15 rows=35450071 width=4) (actual time=0.016..16632.626 rows=35582320 loops=1)
        Filter: (person_id > 70898)
        Rows Removed by Filter: 662024
  ->  Hash  (cost=73925.90..73925.90 rows=1206549 width=4) (actual time=1807.508..1807.508 rows=1293155 loops=1)
        Buckets: 131072  Batches: 16  Memory Usage: 3876kB
        ->  Seq Scan on title t  (cost=0.00..73925.90 rows=1206549 width=4) (actual time=0.011..1422.608 rows=1293155 loops=1)
              Filter: ((production_year > 1977) AND (kind_id = 7))
              Rows Removed by Filter: 1235157
Planning time: 0.778 ms
Execution time: 45640.422 ms
