Hash Join  (cost=102767.86..261596.16 rows=2823703 width=0) (actual time=1930.347..6390.729 rows=2816072 loops=1)
  Hash Cond: (mk.movie_id = t.id)
  ->  Seq Scan on movie_keyword mk  (cost=0.00..81003.12 rows=2823703 width=4) (actual time=0.025..1672.468 rows=2816072 loops=1)
        Filter: (keyword_id > 2695)
        Rows Removed by Filter: 1707858
  ->  Hash  (cost=61283.27..61283.27 rows=2528527 width=4) (actual time=1929.283..1929.283 rows=2528312 loops=1)
        Buckets: 131072  Batches: 64  Memory Usage: 2425kB
        ->  Seq Scan on title t  (cost=0.00..61283.27 rows=2528527 width=4) (actual time=0.034..1048.367 rows=2528312 loops=1)
Planning time: 0.824 ms
Execution time: 6729.401 ms
