Seq Scan on cast_info ci  (cost=0.00..796071.18 rows=3563802 width=0) (actual time=0.013..12902.893 rows=2108607 loops=1)
  Filter: ((person_id < 1022830) AND (role_id > 3))
  Rows Removed by Filter: 34135737
Planning time: 0.376 ms
Execution time: 13162.591 ms
