Nested Loop  (cost=0.43..83072.90 rows=4 width=0) (actual time=111.528..1334.245 rows=5 loops=1)
  ->  Seq Scan on movie_keyword mk  (cost=0.00..81003.12 rows=246 width=4) (actual time=22.785..1323.730 rows=288 loops=1)
        Filter: (keyword_id = 21553)
        Rows Removed by Filter: 4523642
  ->  Index Scan using title_pkey on title t  (cost=0.43..8.40 rows=1 width=4) (actual time=0.034..0.034 rows=0 loops=288)
        Index Cond: (id = mk.movie_id)
        Filter: ((kind_id < 7) AND (production_year = 2007))
        Rows Removed by Filter: 1
Planning time: 0.747 ms
Execution time: 1334.338 ms
