Seq Scan on movie_keyword mk  (cost=0.00..81003.12 rows=1620099 width=0) (actual time=0.017..1463.759 rows=1628822 loops=1)
  Filter: (keyword_id > 9135)
  Rows Removed by Filter: 2895108
Planning time: 0.315 ms
Execution time: 1666.477 ms
