Hash Join  (cost=129928.86..561428.29 rows=1158179 width=169) (actual time=7252.907..11060.552 rows=1204709 loops=1)
  Hash Cond: (mi.movie_id = t.id)
  ->  Seq Scan on movie_info mi  (cost=0.00..346232.03 rows=1158179 width=75) (actual time=3844.120..5383.766 rows=1204709 loops=1)
        Filter: (info_type_id > 18)
        Rows Removed by Filter: 13631011
  ->  Hash  (cost=61283.27..61283.27 rows=2528527 width=94) (actual time=3328.431..3328.431 rows=2528312 loops=1)
        Buckets: 32768  Batches: 128  Memory Usage: 2470kB
        ->  Seq Scan on title t  (cost=0.00..61283.27 rows=2528527 width=94) (actual time=0.025..1312.378 rows=2528312 loops=1)
Planning time: 0.949 ms
Execution time: 11125.954 ms
