Hash Join  (cost=102767.86..1433188.57 rows=21796156 width=0) (actual time=6272.583..41224.828 rows=22841597 loops=1)
  Hash Cond: (ci.movie_id = t.id)
  ->  Seq Scan on cast_info ci  (cost=0.00..796071.18 rows=21796156 width=4) (actual time=4352.927..18198.980 rows=22841597 loops=1)
        Filter: ((person_id > 249001) AND (role_id > 1))
        Rows Removed by Filter: 13402747
  ->  Hash  (cost=61283.27..61283.27 rows=2528527 width=4) (actual time=1918.257..1918.257 rows=2528312 loops=1)
        Buckets: 131072  Batches: 64  Memory Usage: 2415kB
        ->  Seq Scan on title t  (cost=0.00..61283.27 rows=2528527 width=4) (actual time=0.028..1090.150 rows=2528312 loops=1)
Planning time: 0.729 ms
Execution time: 43590.501 ms
