Hash Join  (cost=101141.61..187863.24 rows=6359 width=0) (actual time=736.444..2453.426 rows=74065 loops=1)
  Hash Cond: (mk.movie_id = t.id)
  ->  Seq Scan on movie_keyword mk  (cost=0.00..69693.30 rows=4523930 width=4) (actual time=0.011..888.653 rows=4523930 loops=1)
  ->  Hash  (cost=101097.18..101097.18 rows=3554 width=8) (actual time=736.162..736.162 rows=6999 loops=1)
        Buckets: 8192 (originally 4096)  Batches: 1 (originally 1)  Memory Usage: 338kB
        ->  Hash Join  (cost=74173.24..101097.18 rows=3554 width=8) (actual time=510.294..734.669 rows=6999 loops=1)
              Hash Cond: (mi_idx.movie_id = t.id)
              ->  Seq Scan on movie_info_idx mi_idx  (cost=0.00..25185.44 rows=454124 width=4) (actual time=0.025..175.879 rows=459925 loops=1)
                    Filter: (info_type_id = 100)
                    Rows Removed by Filter: 920110
              ->  Hash  (cost=73925.90..73925.90 rows=19787 width=4) (actual time=509.935..509.935 rows=15791 loops=1)
                    Buckets: 32768  Batches: 1  Memory Usage: 812kB
                    ->  Seq Scan on title t  (cost=0.00..73925.90 rows=19787 width=4) (actual time=0.126..505.901 rows=15791 loops=1)
                          Filter: ((kind_id < 7) AND (production_year = 1999))
                          Rows Removed by Filter: 2512521
Planning time: 1.144 ms
Execution time: 2462.830 ms
