Hash Join  (cost=135014.12..221732.62 rows=6046 width=0) (actual time=2082.958..3920.084 rows=8800 loops=1)
  Hash Cond: (mk.movie_id = t.id)
  ->  Seq Scan on movie_keyword mk  (cost=0.00..69693.30 rows=4523930 width=4) (actual time=0.026..1021.335 rows=4523930 loops=1)
  ->  Hash  (cost=134971.88..134971.88 rows=3379 width=8) (actual time=2082.736..2082.736 rows=3794 loops=1)
        Buckets: 4096  Batches: 1  Memory Usage: 181kB
        ->  Hash Join  (cost=74061.69..134971.88 rows=3379 width=8) (actual time=1215.645..2081.138 rows=3794 loops=1)
              Hash Cond: (mc.movie_id = t.id)
              ->  Seq Scan on movie_companies mc  (cost=0.00..57926.93 rows=786524 width=4) (actual time=205.299..985.895 rows=491861 loops=1)
                    Filter: ((company_id < 14421) AND (company_type_id = 2))
                    Rows Removed by Filter: 2117268
              ->  Hash  (cost=73925.90..73925.90 rows=10863 width=4) (actual time=1009.864..1009.864 rows=5130 loops=1)
                    Buckets: 16384  Batches: 1  Memory Usage: 309kB
                    ->  Seq Scan on title t  (cost=0.00..73925.90 rows=10863 width=4) (actual time=10.231..1007.091 rows=5130 loops=1)
                          Filter: ((production_year < 1965) AND (kind_id = 2))
                          Rows Removed by Filter: 2523182
Planning time: 1.184 ms
Execution time: 3921.490 ms
