Hash Join  (cost=94655.84..156219.80 rows=523 width=0) (actual time=1943.824..2892.226 rows=5517 loops=1)
  Hash Cond: (mc.movie_id = t.id)
  ->  Seq Scan on movie_companies mc  (cost=0.00..57926.93 rows=968478 width=4) (actual time=372.477..1128.303 rows=1130112 loops=1)
        Filter: ((company_id > 1285) AND (company_type_id = 2))
        Rows Removed by Filter: 1479017
  ->  Hash  (cost=94638.77..94638.77 rows=1366 width=8) (actual time=1570.854..1570.854 rows=5677 loops=1)
        Buckets: 8192 (originally 2048)  Batches: 1 (originally 1)  Memory Usage: 286kB
        ->  Hash Join  (cost=67697.55..94638.77 rows=1366 width=8) (actual time=1018.691..1568.415 rows=5677 loops=1)
              Hash Cond: (mi_idx.movie_id = t.id)
              ->  Seq Scan on movie_info_idx mi_idx  (cost=0.00..25185.44 rows=464566 width=4) (actual time=0.024..441.063 rows=459925 loops=1)
                    Filter: (info_type_id = 101)
                    Rows Removed by Filter: 920110
              ->  Hash  (cost=67604.59..67604.59 rows=7437 width=4) (actual time=1018.528..1018.528 rows=21312 loops=1)
                    Buckets: 32768 (originally 8192)  Batches: 1 (originally 1)  Memory Usage: 1006kB
                    ->  Seq Scan on title t  (cost=0.00..67604.59 rows=7437 width=4) (actual time=0.029..1008.167 rows=21312 loops=1)
                          Filter: (production_year = 1989)
                          Rows Removed by Filter: 2507000
Planning time: 1.181 ms
Execution time: 2893.381 ms
