Seq Scan on movie_companies mc  (cost=0.00..51404.11 rows=104 width=0) (actual time=55.826..859.036 rows=3 loops=1)
  Filter: (company_id = 91390)
  Rows Removed by Filter: 2609126
Planning time: 0.701 ms
Execution time: 859.102 ms
