Hash Join  (cost=102767.86..206266.63 rows=1754379 width=0) (actual time=2021.477..4979.461 rows=1759036 loops=1)
  Hash Cond: (mc.movie_id = t.id)
  ->  Seq Scan on movie_companies mc  (cost=0.00..51404.11 rows=1754379 width=4) (actual time=0.016..1130.409 rows=1759036 loops=1)
        Filter: (company_id > 2346)
        Rows Removed by Filter: 850093
  ->  Hash  (cost=61283.27..61283.27 rows=2528527 width=4) (actual time=2019.473..2019.473 rows=2528312 loops=1)
        Buckets: 131072  Batches: 64  Memory Usage: 2415kB
        ->  Seq Scan on title t  (cost=0.00..61283.27 rows=2528527 width=4) (actual time=0.028..1190.200 rows=2528312 loops=1)
Planning time: 0.737 ms
Execution time: 5190.198 ms
