Seq Scan on cast_info ci  (cost=0.00..796071.18 rows=7815423 width=0) (actual time=127.565..15309.334 rows=4174764 loops=1)
  Filter: ((person_id < 3014102) AND (role_id > 4))
  Rows Removed by Filter: 32069580
Planning time: 0.361 ms
Execution time: 15803.725 ms
