Hash Join  (cost=640886.89..2330223.64 rows=41773350 width=0) (actual time=19193.384..116943.683 rows=250434618 loops=1)
  Hash Cond: (ci.movie_id = t.id)
  ->  Seq Scan on cast_info ci  (cost=0.00..614943.12 rows=36225612 width=4) (actual time=0.012..13560.268 rows=36244344 loops=1)
  ->  Hash  (cost=593049.94..593049.94 rows=2915756 width=8) (actual time=19190.293..19190.293 rows=6790140 loops=1)
        Buckets: 131072 (originally 131072)  Batches: 128 (originally 64)  Memory Usage: 3073kB
        ->  Hash Join  (cost=82132.46..593049.94 rows=2915756 width=8) (actual time=1302.466..17094.442 rows=6790140 loops=1)
              Hash Cond: (mi.movie_id = t.id)
              ->  Seq Scan on movie_info mi  (cost=0.00..309384.22 rows=14739122 width=4) (actual time=0.015..6058.355 rows=14835720 loops=1)
              ->  Hash  (cost=73925.90..73925.90 rows=500204 width=4) (actual time=1301.768..1301.768 rows=538804 loops=1)
                    Buckets: 131072  Batches: 8  Memory Usage: 3413kB
                    ->  Seq Scan on title t  (cost=0.00..73925.90 rows=500204 width=4) (actual time=0.017..1138.667 rows=538804 loops=1)
                          Filter: ((kind_id < 3) AND (production_year < 2008))
                          Rows Removed by Filter: 1989508
Planning time: 0.747 ms
Execution time: 144277.057 ms
