Hash Join  (cost=83074.74..442900.14 rows=353 width=0) (actual time=1607.097..7797.187 rows=474 loops=1)
  Hash Cond: (mi.movie_id = t.id)
  ->  Seq Scan on movie_info mi  (cost=0.00..346232.03 rows=3623957 width=4) (actual time=189.415..5914.364 rows=3624977 loops=1)
        Filter: (info_type_id < 4)
        Rows Removed by Filter: 11210743
  ->  Hash  (cost=83071.67..83071.67 rows=246 width=8) (actual time=1383.210..1383.210 rows=107 loops=1)
        Buckets: 1024  Batches: 1  Memory Usage: 13kB
        ->  Nested Loop  (cost=0.43..83071.67 rows=246 width=8) (actual time=21.326..1383.030 rows=107 loops=1)
              ->  Seq Scan on movie_keyword mk  (cost=0.00..81003.12 rows=246 width=4) (actual time=21.241..1378.898 rows=107 loops=1)
                    Filter: (keyword_id = 13168)
                    Rows Removed by Filter: 4523823
              ->  Index Only Scan using title_pkey on title t  (cost=0.43..8.40 rows=1 width=4) (actual time=0.033..0.034 rows=1 loops=107)
                    Index Cond: (id = mk.movie_id)
                    Heap Fetches: 107
Planning time: 1.126 ms
Execution time: 7797.470 ms
