Hash Join  (cost=205921.46..983391.89 rows=535647 width=0) (actual time=3772.546..17333.064 rows=82880 loops=1)
  Hash Cond: (ci.movie_id = t.id)
  ->  Seq Scan on cast_info ci  (cost=0.00..705507.15 rows=5117760 width=4) (actual time=0.018..11723.405 rows=5010599 loops=1)
        Filter: (person_id < 485061)
        Rows Removed by Filter: 31233745
  ->  Hash  (cost=201579.38..201579.38 rows=264647 width=8) (actual time=3764.589..3764.589 rows=31040 loops=1)
        Buckets: 131072  Batches: 4  Memory Usage: 1334kB
        ->  Hash Join  (cost=76352.87..201579.38 rows=264647 width=8) (actual time=2911.251..3752.978 rows=31040 loops=1)
              Hash Cond: (mk.movie_id = t.id)
              ->  Seq Scan on movie_keyword mk  (cost=0.00..69693.30 rows=4523930 width=4) (actual time=0.034..1330.255 rows=4523930 loops=1)
              ->  Hash  (cost=73925.90..73925.90 rows=147917 width=4) (actual time=1096.265..1096.265 rows=46427 loops=1)
                    Buckets: 131072  Batches: 2  Memory Usage: 1845kB
                    ->  Seq Scan on title t  (cost=0.00..73925.90 rows=147917 width=4) (actual time=160.480..1076.468 rows=46427 loops=1)
                          Filter: ((production_year < 1960) AND (kind_id = 7))
                          Rows Removed by Filter: 2481885
Planning time: 1.466 ms
Execution time: 17343.001 ms
