Hash Join  (cost=156487.41..958437.31 rows=55537 width=0) (actual time=5597.735..14043.184 rows=60265 loops=1)
  Hash Cond: (ci.movie_id = t.id)
  ->  Seq Scan on cast_info ci  (cost=0.00..796071.18 rows=304626 width=4) (actual time=2306.552..10582.232 rows=147740 loops=1)
        Filter: ((person_id < 61990) AND (role_id > 2))
        Rows Removed by Filter: 36096604
  ->  Hash  (cost=148924.19..148924.19 rows=460978 width=8) (actual time=3290.233..3290.233 rows=459925 loops=1)
        Buckets: 131072  Batches: 8  Memory Usage: 3275kB
        ->  Hash Join  (cost=102767.86..148924.19 rows=460978 width=8) (actual time=1945.890..3159.833 rows=459925 loops=1)
              Hash Cond: (mi_idx.movie_id = t.id)
              ->  Seq Scan on movie_info_idx mi_idx  (cost=0.00..25185.44 rows=460978 width=4) (actual time=0.032..466.960 rows=459925 loops=1)
                    Filter: (info_type_id = 99)
                    Rows Removed by Filter: 920110
              ->  Hash  (cost=61283.27..61283.27 rows=2528527 width=4) (actual time=1945.030..1945.030 rows=2528312 loops=1)
                    Buckets: 131072  Batches: 64  Memory Usage: 2415kB
                    ->  Seq Scan on title t  (cost=0.00..61283.27 rows=2528527 width=4) (actual time=0.017..1106.082 rows=2528312 loops=1)
Planning time: 1.175 ms
Execution time: 14051.806 ms
