Hash Join  (cost=74809.10..158832.92 rows=20948 width=0) (actual time=1214.230..2256.814 rows=12010 loops=1)
  Hash Cond: (mk.movie_id = t.id)
  ->  Seq Scan on movie_keyword mk  (cost=0.00..81003.12 rows=749656 width=4) (actual time=0.020..920.208 rows=755512 loops=1)
        Filter: (keyword_id > 24754)
        Rows Removed by Filter: 3768418
  ->  Hash  (cost=73925.90..73925.90 rows=70656 width=4) (actual time=1211.184..1211.184 rows=79548 loops=1)
        Buckets: 131072  Batches: 1  Memory Usage: 3821kB
        ->  Seq Scan on title t  (cost=0.00..73925.90 rows=70656 width=4) (actual time=0.019..1178.597 rows=79548 loops=1)
              Filter: ((kind_id > 1) AND (production_year = 2005))
              Rows Removed by Filter: 2448764
Planning time: 0.628 ms
Execution time: 2258.466 ms
