Hash Join  (cost=84865.68..128802.36 rows=363920 width=0) (actual time=1355.742..2645.620 rows=576982 loops=1)
  Hash Cond: (mi_idx.movie_id = t.id)
  ->  Seq Scan on movie_info_idx mi_idx  (cost=0.00..21735.35 rows=1380035 width=4) (actual time=0.024..423.278 rows=1380035 loops=1)
  ->  Hash  (cost=73925.90..73925.90 rows=666782 width=4) (actual time=1354.648..1354.648 rows=566088 loops=1)
        Buckets: 131072  Batches: 16  Memory Usage: 2264kB
        ->  Seq Scan on title t  (cost=0.00..73925.90 rows=666782 width=4) (actual time=0.016..1172.821 rows=566088 loops=1)
              Filter: ((kind_id < 7) AND (production_year > 1992))
              Rows Removed by Filter: 1962224
Planning time: 0.804 ms
Execution time: 2718.586 ms
