Hash Join  (cost=82033.88..1188564.91 rows=7079686 width=0) (actual time=1348.559..33658.717 rows=8395237 loops=1)
  Hash Cond: (ci.movie_id = t.id)
  ->  Seq Scan on cast_info ci  (cost=0.00..614943.12 rows=36225612 width=4) (actual time=0.016..13167.559 rows=36244344 loops=1)
  ->  Hash  (cost=73925.90..73925.90 rows=494158 width=4) (actual time=1347.729..1347.729 rows=581419 loops=1)
        Buckets: 131072  Batches: 8  Memory Usage: 3592kB
        ->  Seq Scan on title t  (cost=0.00..73925.90 rows=494158 width=4) (actual time=0.024..1162.992 rows=581419 loops=1)
              Filter: ((kind_id < 7) AND (production_year < 2004))
              Rows Removed by Filter: 1946893
Planning time: 0.766 ms
Execution time: 34661.731 ms
