Nested Loop  (cost=0.43..83071.67 rows=246 width=0) (actual time=0.156..1342.936 rows=2867 loops=1)
  ->  Seq Scan on movie_keyword mk  (cost=0.00..81003.12 rows=246 width=4) (actual time=0.065..1235.999 rows=2867 loops=1)
        Filter: (keyword_id = 731)
        Rows Removed by Filter: 4521063
  ->  Index Only Scan using title_pkey on title t  (cost=0.43..8.40 rows=1 width=4) (actual time=0.036..0.036 rows=1 loops=2867)
        Index Cond: (id = mk.movie_id)
        Heap Fetches: 2867
Planning time: 0.708 ms
Execution time: 1343.948 ms
