Hash Join  (cost=263115.61..463572.96 rows=4624188 width=0) (actual time=6305.369..18280.574 rows=34445856 loops=1)
  Hash Cond: (mk.movie_id = t.id)
  ->  Seq Scan on movie_keyword mk  (cost=0.00..81003.12 rows=4481336 width=4) (actual time=0.015..1881.509 rows=4484571 loops=1)
        Filter: (keyword_id < 104966)
        Rows Removed by Filter: 39359
  ->  Hash  (cost=220309.49..220309.49 rows=2609129 width=8) (actual time=6304.504..6304.504 rows=2609129 loops=1)
        Buckets: 131072  Batches: 64  Memory Usage: 2691kB
        ->  Hash Join  (cost=102767.86..220309.49 rows=2609129 width=8) (actual time=1916.095..5549.899 rows=2609129 loops=1)
              Hash Cond: (mc.movie_id = t.id)
              ->  Seq Scan on movie_companies mc  (cost=0.00..44881.29 rows=2609129 width=4) (actual time=0.013..1048.438 rows=2609129 loops=1)
              ->  Hash  (cost=61283.27..61283.27 rows=2528527 width=4) (actual time=1914.973..1914.973 rows=2528312 loops=1)
                    Buckets: 131072  Batches: 64  Memory Usage: 2415kB
                    ->  Seq Scan on title t  (cost=0.00..61283.27 rows=2528527 width=4) (actual time=0.027..1079.422 rows=2528312 loops=1)
Planning time: 1.134 ms
Execution time: 21928.585 ms
