Seq Scan on movie_keyword mk  (cost=0.00..81003.12 rows=1653300 width=0) (actual time=0.018..1309.892 rows=1661386 loops=1)
  Filter: (keyword_id > 8793)
  Rows Removed by Filter: 2862544
Planning time: 0.282 ms
Execution time: 1513.663 ms
