Hash Join  (cost=881001.15..1019014.00 rows=1650659 width=0) (actual time=14956.292..21137.147 rows=12298311 loops=1)
  Hash Cond: (mk.movie_id = t.id)
  ->  Seq Scan on movie_keyword mk  (cost=0.00..81003.12 rows=2687628 width=4) (actual time=0.011..1769.318 rows=2679134 loops=1)
        Filter: (keyword_id > 3060)
        Rows Removed by Filter: 1844796
  ->  Hash  (cost=855522.35..855522.35 rows=1552944 width=8) (actual time=14954.776..14954.776 rows=1560920 loops=1)
        Buckets: 131072  Batches: 32  Memory Usage: 2979kB
        ->  Hash Join  (cost=102767.86..855522.35 rows=1552944 width=8) (actual time=10795.158..14538.917 rows=1560920 loops=1)
              Hash Cond: (ci.movie_id = t.id)
              ->  Seq Scan on cast_info ci  (cost=0.00..705507.15 rows=1552944 width=4) (actual time=8973.730..11166.246 rows=1560920 loops=1)
                    Filter: (person_id > 3753114)
                    Rows Removed by Filter: 34683424
              ->  Hash  (cost=61283.27..61283.27 rows=2528527 width=4) (actual time=1818.920..1818.920 rows=2528312 loops=1)
                    Buckets: 131072  Batches: 64  Memory Usage: 2415kB
                    ->  Seq Scan on title t  (cost=0.00..61283.27 rows=2528527 width=4) (actual time=0.015..1016.065 rows=2528312 loops=1)
Planning time: 0.769 ms
Execution time: 22461.286 ms
