Hash Join  (cost=102767.86..971620.41 rows=2614115 width=0) (actual time=4231.701..16845.131 rows=2858337 loops=1)
  Hash Cond: (ci.movie_id = t.id)
  ->  Seq Scan on cast_info ci  (cost=0.00..796071.18 rows=2614115 width=4) (actual time=2361.601..11933.051 rows=2858337 loops=1)
        Filter: ((person_id < 308340) AND (role_id < 8))
        Rows Removed by Filter: 33386007
  ->  Hash  (cost=61283.27..61283.27 rows=2528527 width=4) (actual time=1823.722..1823.722 rows=2528312 loops=1)
        Buckets: 131072  Batches: 64  Memory Usage: 2415kB
        ->  Seq Scan on title t  (cost=0.00..61283.27 rows=2528527 width=4) (actual time=0.030..976.023 rows=2528312 loops=1)
Planning time: 0.531 ms
Execution time: 17167.184 ms
