Seq Scan on movie_keyword mk  (cost=0.00..81003.12 rows=2730181 width=0) (actual time=0.025..1388.509 rows=2721209 loops=1)
  Filter: (keyword_id > 2922)
  Rows Removed by Filter: 1802721
Planning time: 0.302 ms
Execution time: 1711.823 ms
