Hash Join  (cost=130602.82..495947.05 rows=68830 width=0) (actual time=1861.555..9695.974 rows=955832 loops=1)
  Hash Cond: (mi.movie_id = t.id)
  ->  Seq Scan on movie_info mi  (cost=0.00..309384.22 rows=14739122 width=4) (actual time=0.005..4093.846 rows=14835720 loops=1)
  ->  Hash  (cost=130455.22..130455.22 rows=11808 width=8) (actual time=1861.347..1861.347 rows=25688 loops=1)
        Buckets: 32768 (originally 16384)  Batches: 1 (originally 1)  Memory Usage: 1260kB
        ->  Hash Join  (cost=74223.04..130455.22 rows=11808 width=8) (actual time=872.839..1851.629 rows=25688 loops=1)
              Hash Cond: (mc.movie_id = t.id)
              ->  Seq Scan on movie_companies mc  (cost=0.00..51404.11 rows=1255997 width=4) (actual time=86.205..804.906 rows=1267433 loops=1)
                    Filter: (company_id > 11461)
                    Rows Removed by Filter: 1341696
              ->  Hash  (cost=73925.90..73925.90 rows=23771 width=4) (actual time=786.359..786.359 rows=20633 loops=1)
                    Buckets: 32768  Batches: 1  Memory Usage: 982kB
                    ->  Seq Scan on title t  (cost=0.00..73925.90 rows=23771 width=4) (actual time=0.058..779.620 rows=20633 loops=1)
                          Filter: ((kind_id < 7) AND (production_year = 2002))
                          Rows Removed by Filter: 2507679
Planning time: 1.054 ms
Execution time: 9809.556 ms
