Seq Scan on movie_companies mc  (cost=0.00..51404.11 rows=973547 width=0) (actual time=0.022..860.024 rows=975208 loops=1)
  Filter: (company_id < 4246)
  Rows Removed by Filter: 1633921
Planning time: 0.283 ms
Execution time: 985.301 ms
