Nested Loop  (cost=0.43..797555.70 rows=176 width=0) (actual time=3804.558..11149.380 rows=7 loops=1)
  ->  Seq Scan on cast_info ci  (cost=0.00..796071.18 rows=176 width=4) (actual time=3804.387..11149.124 rows=7 loops=1)
        Filter: ((person_id = 1641664) AND (role_id = 1))
        Rows Removed by Filter: 36244337
  ->  Index Only Scan using title_pkey on title t  (cost=0.43..8.42 rows=1 width=4) (actual time=0.026..0.026 rows=1 loops=7)
        Index Cond: (id = ci.movie_id)
        Heap Fetches: 7
Planning time: 0.549 ms
Execution time: 11149.446 ms
