Hash Join  (cost=83810.17..208335.87 rows=1001621 width=0) (actual time=1441.152..4950.700 rows=2171484 loops=1)
  Hash Cond: (mk.movie_id = t.id)
  ->  Seq Scan on movie_keyword mk  (cost=0.00..81003.12 rows=2564095 width=4) (actual time=0.020..1644.583 rows=2555088 loops=1)
        Filter: (keyword_id > 3434)
        Rows Removed by Filter: 1968842
  ->  Hash  (cost=67604.59..67604.59 rows=987727 width=4) (actual time=1440.316..1440.316 rows=985048 loops=1)
        Buckets: 131072  Batches: 16  Memory Usage: 3197kB
        ->  Seq Scan on title t  (cost=0.00..67604.59 rows=987727 width=4) (actual time=0.018..1115.627 rows=985048 loops=1)
              Filter: (kind_id < 7)
              Rows Removed by Filter: 1543264
Planning time: 0.722 ms
Execution time: 5210.705 ms
