Seq Scan on movie_companies mc  (cost=0.00..57926.93 rows=13961 width=0) (actual time=0.291..652.309 rows=14470 loops=1)
  Filter: ((company_id = 27) AND (company_type_id = 2))
  Rows Removed by Filter: 2594659
Planning time: 0.250 ms
Execution time: 653.968 ms
