Seq Scan on movie_keyword mk  (cost=0.00..81003.12 rows=872199 width=0) (actual time=0.028..1367.205 rows=879986 loops=1)
  Filter: (keyword_id > 20959)
  Rows Removed by Filter: 3643944
Planning time: 0.313 ms
Execution time: 1475.410 ms
