Hash Join  (cost=781822.58..1147034.96 rows=55645 width=0) (actual time=14098.598..20813.585 rows=62021 loops=1)
  Hash Cond: (mi.movie_id = t.id)
  ->  Seq Scan on movie_info mi  (cost=0.00..309384.22 rows=14739122 width=4) (actual time=0.047..3811.820 rows=14835720 loops=1)
  ->  Hash  (cost=781703.26..781703.26 rows=9546 width=8) (actual time=14096.595..14096.595 rows=10056 loops=1)
        Buckets: 16384  Batches: 1  Memory Usage: 521kB
        ->  Hash Join  (cost=74787.47..781703.26 rows=9546 width=8) (actual time=4673.289..14092.559 rows=10056 loops=1)
              Hash Cond: (ci.movie_id = t.id)
              ->  Seq Scan on cast_info ci  (cost=0.00..705507.15 rows=350181 width=4) (actual time=3439.375..12761.092 rows=316118 loops=1)
                    Filter: (role_id = 11)
                    Rows Removed by Filter: 35928226
              ->  Hash  (cost=73925.90..73925.90 rows=68925 width=4) (actual time=1232.230..1232.230 rows=84076 loops=1)
                    Buckets: 131072  Batches: 1  Memory Usage: 3980kB
                    ->  Seq Scan on title t  (cost=0.00..73925.90 rows=68925 width=4) (actual time=0.041..1198.908 rows=84076 loops=1)
                          Filter: ((kind_id = 7) AND (production_year = 2007))
                          Rows Removed by Filter: 2444236
Planning time: 1.204 ms
Execution time: 20822.356 ms
