Hash Join  (cost=926927.67..1304198.99 rows=390548 width=0) (actual time=17004.309..24352.014 rows=1057290 loops=1)
  Hash Cond: (mi.movie_id = t.id)
  ->  Seq Scan on movie_info mi  (cost=0.00..346232.03 rows=2194617 width=4) (actual time=39.432..5944.796 rows=2233850 loops=1)
        Filter: (info_type_id > 16)
        Rows Removed by Filter: 12601870
  ->  Hash  (cost=919545.05..919545.05 rows=449970 width=8) (actual time=16964.191..16964.191 rows=658241 loops=1)
        Buckets: 131072 (originally 131072)  Batches: 16 (originally 8)  Memory Usage: 3073kB
        ->  Hash Join  (cost=102767.86..919545.05 rows=449970 width=8) (actual time=7320.522..16773.456 rows=658241 loops=1)
              Hash Cond: (ci.movie_id = t.id)
              ->  Seq Scan on cast_info ci  (cost=0.00..796071.18 rows=449970 width=4) (actual time=5268.590..13825.826 rows=658241 loops=1)
                    Filter: ((person_id > 1773119) AND (role_id = 5))
                    Rows Removed by Filter: 35586103
              ->  Hash  (cost=61283.27..61283.27 rows=2528527 width=4) (actual time=2050.895..2050.895 rows=2528312 loops=1)
                    Buckets: 131072  Batches: 64  Memory Usage: 2415kB
                    ->  Seq Scan on title t  (cost=0.00..61283.27 rows=2528527 width=4) (actual time=0.025..1205.838 rows=2528312 loops=1)
Planning time: 3.644 ms
Execution time: 24471.024 ms
