Hash Join  (cost=52284.44..80901.57 rows=7 width=0) (actual time=1000.658..1401.251 rows=56 loops=1)
  Hash Cond: (mi_idx.movie_id = t.id)
  ->  Seq Scan on movie_info_idx mi_idx  (cost=0.00..25185.44 rows=915101 width=4) (actual time=0.016..512.626 rows=919850 loops=1)
        Filter: (info_type_id < 101)
        Rows Removed by Filter: 460185
  ->  Hash  (cost=52284.21..52284.21 rows=18 width=8) (actual time=754.707..754.707 rows=259 loops=1)
        Buckets: 1024  Batches: 1  Memory Usage: 19kB
        ->  Nested Loop  (cost=0.43..52284.21 rows=18 width=8) (actual time=187.894..754.582 rows=259 loops=1)
              ->  Seq Scan on movie_companies mc  (cost=0.00..51404.11 rows=104 width=4) (actual time=92.056..747.509 rows=287 loops=1)
                    Filter: (company_id = 798)
                    Rows Removed by Filter: 2608842
              ->  Index Scan using title_pkey on title t  (cost=0.43..8.45 rows=1 width=4) (actual time=0.023..0.024 rows=1 loops=287)
                    Index Cond: (id = mc.movie_id)
                    Filter: ((production_year < 1992) AND (kind_id = 7))
                    Rows Removed by Filter: 0
Planning time: 1.959 ms
Execution time: 1401.401 ms
