Seq Scan on movie_companies mc  (cost=0.00..51404.11 rows=395069 width=0) (actual time=0.021..915.326 rows=400504 loops=1)
  Filter: (company_id > 82212)
  Rows Removed by Filter: 2208625
Planning time: 0.262 ms
Execution time: 964.783 ms
