Hash Join  (cost=117687.45..606323.58 rows=827522 width=0) (actual time=2322.801..15402.909 rows=2863272 loops=1)
  Hash Cond: (mi.movie_id = t.id)
  ->  Seq Scan on movie_info mi  (cost=0.00..309384.22 rows=14739122 width=4) (actual time=0.030..5831.105 rows=14835720 loops=1)
  ->  Hash  (cost=115357.91..115357.91 rows=141963 width=8) (actual time=2320.796..2320.796 rows=174785 loops=1)
        Buckets: 131072 (originally 131072)  Batches: 4 (originally 2)  Memory Usage: 3073kB
        ->  Hash Join  (cost=80380.17..115357.91 rows=141963 width=8) (actual time=1482.586..2275.039 rows=174785 loops=1)
              Hash Cond: (mi_idx.movie_id = t.id)
              ->  Seq Scan on movie_info_idx mi_idx  (cost=0.00..25185.44 rows=460978 width=4) (actual time=0.048..464.507 rows=459925 loops=1)
                    Filter: (info_type_id = 99)
                    Rows Removed by Filter: 920110
              ->  Hash  (cost=67604.59..67604.59 rows=778687 width=4) (actual time=1481.590..1481.590 rows=782677 loops=1)
                    Buckets: 131072  Batches: 16  Memory Usage: 2744kB
                    ->  Seq Scan on title t  (cost=0.00..67604.59 rows=778687 width=4) (actual time=0.022..1229.345 rows=782677 loops=1)
                          Filter: (production_year < 1994)
                          Rows Removed by Filter: 1745635
Planning time: 1.161 ms
Execution time: 15740.741 ms
