Hash Join  (cost=190230.21..301463.86 rows=796495 width=0) (actual time=4130.704..7109.967 rows=3334756 loops=1)
  Hash Cond: (mk.movie_id = t.id)
  ->  Seq Scan on movie_keyword mk  (cost=0.00..81003.12 rows=1459353 width=4) (actual time=0.013..1414.894 rows=1476110 loops=1)
        Filter: (keyword_id < 2107)
        Rows Removed by Filter: 3047820
  ->  Hash  (cost=167588.78..167588.78 rows=1380035 width=8) (actual time=4129.594..4129.594 rows=1380035 loops=1)
        Buckets: 131072  Batches: 32  Memory Usage: 2726kB
        ->  Hash Join  (cost=102767.86..167588.78 rows=1380035 width=8) (actual time=1849.059..3739.402 rows=1380035 loops=1)
              Hash Cond: (mi_idx.movie_id = t.id)
              ->  Seq Scan on movie_info_idx mi_idx  (cost=0.00..21735.35 rows=1380035 width=4) (actual time=0.023..451.461 rows=1380035 loops=1)
              ->  Hash  (cost=61283.27..61283.27 rows=2528527 width=4) (actual time=1847.255..1847.255 rows=2528312 loops=1)
                    Buckets: 131072  Batches: 64  Memory Usage: 2415kB
                    ->  Seq Scan on title t  (cost=0.00..61283.27 rows=2528527 width=4) (actual time=0.021..1030.059 rows=2528312 loops=1)
Planning time: 1.075 ms
Execution time: 7445.517 ms
