Hash Join  (cost=94537.60..1072777.62 rows=8049599 width=0) (actual time=5775.049..27366.906 rows=9140598 loops=1)
  Hash Cond: (ci.movie_id = t.id)
  ->  Seq Scan on cast_info ci  (cost=0.00..705507.15 rows=16201301 width=4) (actual time=3938.794..14066.142 rows=16121683 loops=1)
        Filter: (role_id > 2)
        Rows Removed by Filter: 20122661
  ->  Hash  (cost=73925.90..73925.90 rows=1256296 width=4) (actual time=1835.235..1835.235 rows=1375227 loops=1)
        Buckets: 131072  Batches: 32  Memory Usage: 2542kB
        ->  Seq Scan on title t  (cost=0.00..73925.90 rows=1256296 width=4) (actual time=0.028..1393.483 rows=1375227 loops=1)
              Filter: ((kind_id > 1) AND (production_year > 1992))
              Rows Removed by Filter: 1153085
Planning time: 14.646 ms
Execution time: 28406.711 ms
