Seq Scan on movie_keyword mk  (cost=0.00..81003.12 rows=734963 width=0) (actual time=0.027..1256.820 rows=742931 loops=1)
  Filter: (keyword_id > 25272)
  Rows Removed by Filter: 3780999
Planning time: 0.325 ms
Execution time: 1350.023 ms
