Hash Join  (cost=124136.56..882651.00 rows=772528 width=0) (actual time=2474.518..22710.293 rows=1795614 loops=1)
  Hash Cond: (ci.movie_id = t.id)
  ->  Seq Scan on cast_info ci  (cost=0.00..614943.12 rows=36225612 width=4) (actual time=0.024..9048.262 rows=36244344 loops=1)
  ->  Hash  (cost=123462.53..123462.53 rows=53922 width=8) (actual time=2474.128..2474.128 rows=46894 loops=1)
        Buckets: 65536  Batches: 1  Memory Usage: 2344kB
        ->  Hash Join  (cost=68257.79..123462.53 rows=53922 width=8) (actual time=1019.264..2455.874 rows=46894 loops=1)
              Hash Cond: (mc.movie_id = t.id)
              ->  Seq Scan on movie_companies mc  (cost=0.00..44881.29 rows=2609129 width=4) (actual time=0.020..677.628 rows=2609129 loops=1)
              ->  Hash  (cost=67604.59..67604.59 rows=52256 width=4) (actual time=1018.808..1018.808 rows=53013 loops=1)
                    Buckets: 65536  Batches: 1  Memory Usage: 2376kB
                    ->  Seq Scan on title t  (cost=0.00..67604.59 rows=52256 width=4) (actual time=0.019..996.339 rows=53013 loops=1)
                          Filter: (production_year = 2000)
                          Rows Removed by Filter: 2475299
Planning time: 1.110 ms
Execution time: 22945.010 ms
