Hash Join  (cost=175732.75..934074.42 rows=755252 width=0) (actual time=3480.550..20923.717 rows=865845 loops=1)
  Hash Cond: (ci.movie_id = t.id)
  ->  Seq Scan on cast_info ci  (cost=0.00..614943.12 rows=36225612 width=4) (actual time=0.018..8717.758 rows=36244344 loops=1)
  ->  Hash  (cost=175073.80..175073.80 rows=52716 width=8) (actual time=3480.112..3480.112 rows=18417 loops=1)
        Buckets: 65536  Batches: 1  Memory Usage: 1232kB
        ->  Hash Join  (cost=75342.47..175073.80 rows=52716 width=8) (actual time=2019.218..3474.673 rows=18417 loops=1)
              Hash Cond: (mk.movie_id = t.id)
              ->  Seq Scan on movie_keyword mk  (cost=0.00..81003.12 rows=1544813 width=4) (actual time=0.017..1350.209 rows=1559673 loops=1)
                    Filter: (keyword_id > 10085)
                    Rows Removed by Filter: 2964257
              ->  Hash  (cost=73925.90..73925.90 rows=86285 width=4) (actual time=1672.846..1672.846 rows=92628 loops=1)
                    Buckets: 131072  Batches: 2  Memory Usage: 2659kB
                    ->  Seq Scan on title t  (cost=0.00..73925.90 rows=86285 width=4) (actual time=0.020..1002.234 rows=92628 loops=1)
                          Filter: ((kind_id = 7) AND (production_year = 2010))
                          Rows Removed by Filter: 2435684
Planning time: 1.240 ms
Execution time: 21035.238 ms
