Hash Join  (cost=52284.99..845925.14 rows=967 width=0) (actual time=3102.315..17910.166 rows=10680 loops=1)
  Hash Cond: (ci.movie_id = t.id)
  ->  Seq Scan on cast_info ci  (cost=0.00..705507.15 rows=23499554 width=4) (actual time=2164.716..13641.672 rows=23573656 loops=1)
        Filter: (role_id > 1)
        Rows Removed by Filter: 12670688
  ->  Hash  (cost=52283.69..52283.69 rows=104 width=8) (actual time=929.306..929.306 rows=561 loops=1)
        Buckets: 1024  Batches: 1  Memory Usage: 30kB
        ->  Nested Loop  (cost=0.43..52283.69 rows=104 width=8) (actual time=0.822..928.941 rows=561 loops=1)
              ->  Seq Scan on movie_companies mc  (cost=0.00..51404.11 rows=104 width=4) (actual time=0.717..894.500 rows=561 loops=1)
                    Filter: (company_id = 14267)
                    Rows Removed by Filter: 2608568
              ->  Index Only Scan using title_pkey on title t  (cost=0.43..8.45 rows=1 width=4) (actual time=0.060..0.060 rows=1 loops=561)
                    Index Cond: (id = mc.movie_id)
                    Heap Fetches: 561
Planning time: 1.231 ms
Execution time: 17912.770 ms
