Seq Scan on cast_info ci  (cost=0.00..705507.15 rows=500 width=0) (actual time=2924.739..10338.694 rows=127 loops=1)
  Filter: (person_id = 1384242)
  Rows Removed by Filter: 36244217
Planning time: 0.270 ms
Execution time: 10338.828 ms
