Hash Join  (cost=73994.33..160747.34 rows=3300 width=0) (actual time=1155.371..2727.660 rows=2436 loops=1)
  Hash Cond: (mk.movie_id = t.id)
  ->  Seq Scan on movie_keyword mk  (cost=0.00..81003.12 rows=1524502 width=4) (actual time=0.017..1312.186 rows=1536376 loops=1)
        Filter: (keyword_id < 2242)
        Rows Removed by Filter: 2987554
  ->  Hash  (cost=73925.90..73925.90 rows=5474 width=4) (actual time=1154.930..1154.930 rows=9857 loops=1)
        Buckets: 16384 (originally 8192)  Batches: 1 (originally 1)  Memory Usage: 475kB
        ->  Seq Scan on title t  (cost=0.00..73925.90 rows=5474 width=4) (actual time=1.674..1150.089 rows=9857 loops=1)
              Filter: ((kind_id > 1) AND (production_year = 1971))
              Rows Removed by Filter: 2518455
Planning time: 0.804 ms
Execution time: 2728.288 ms
