Hash Join  (cost=102767.86..193964.38 rows=972036 width=0) (actual time=1971.245..4062.882 rows=825048 loops=1)
  Hash Cond: (mc.movie_id = t.id)
  ->  Seq Scan on movie_companies mc  (cost=0.00..57926.93 rows=972036 width=4) (actual time=0.026..1124.107 rows=825048 loops=1)
        Filter: ((company_id > 780) AND (company_type_id = 1))
        Rows Removed by Filter: 1784081
  ->  Hash  (cost=61283.27..61283.27 rows=2528527 width=4) (actual time=1969.625..1969.625 rows=2528312 loops=1)
        Buckets: 131072  Batches: 64  Memory Usage: 2415kB
        ->  Seq Scan on title t  (cost=0.00..61283.27 rows=2528527 width=4) (actual time=0.013..1120.054 rows=2528312 loops=1)
Planning time: 0.700 ms
Execution time: 4153.582 ms
