Hash Join  (cost=435243.63..462551.38 rows=39727 width=0) (actual time=6318.587..7222.670 rows=361609 loops=1)
  Hash Cond: (mi_idx.movie_id = t.id)
  ->  Seq Scan on movie_info_idx mi_idx  (cost=0.00..21735.35 rows=1380035 width=4) (actual time=0.016..287.346 rows=1380035 loops=1)
  ->  Hash  (cost=434333.77..434333.77 rows=72789 width=8) (actual time=6317.830..6317.830 rows=136318 loops=1)
        Buckets: 131072 (originally 131072)  Batches: 2 (originally 1)  Memory Usage: 3743kB
        ->  Hash Join  (cost=80493.69..434333.77 rows=72789 width=8) (actual time=5444.864..6272.659 rows=136318 loops=1)
              Hash Cond: (mi.movie_id = t.id)
              ->  Seq Scan on movie_info mi  (cost=0.00..346232.03 rows=459776 width=4) (actual time=4159.589..4629.126 rows=526764 loops=1)
                    Filter: (info_type_id > 102)
                    Rows Removed by Filter: 14308956
              ->  Hash  (cost=73925.90..73925.90 rows=400303 width=4) (actual time=1284.349..1284.349 rows=500611 loops=1)
                    Buckets: 131072  Batches: 8  Memory Usage: 3244kB
                    ->  Seq Scan on title t  (cost=0.00..73925.90 rows=400303 width=4) (actual time=0.042..1127.809 rows=500611 loops=1)
                          Filter: ((kind_id < 7) AND (production_year < 2000))
                          Rows Removed by Filter: 2027701
Planning time: 5.840 ms
Execution time: 7269.731 ms
