Hash Join  (cost=265821.30..1607369.83 rows=25549636 width=0) (actual time=6227.646..57486.232 rows=86558159 loops=1)
  Hash Cond: (ci.movie_id = t.id)
  ->  Seq Scan on cast_info ci  (cost=0.00..614943.12 rows=36225612 width=4) (actual time=0.017..12932.140 rows=36244344 loops=1)
  ->  Hash  (cost=236562.42..236562.42 rows=1783350 width=8) (actual time=6226.681..6226.681 rows=1792776 loops=1)
        Buckets: 131072  Batches: 32  Memory Usage: 3201kB
        ->  Hash Join  (cost=102767.86..236562.42 rows=1783350 width=8) (actual time=1904.513..5743.421 rows=1792776 loops=1)
              Hash Cond: (mk.movie_id = t.id)
              ->  Seq Scan on movie_keyword mk  (cost=0.00..81003.12 rows=1783350 width=4) (actual time=0.029..1419.369 rows=1792776 loops=1)
                    Filter: (keyword_id > 7763)
                    Rows Removed by Filter: 2731154
              ->  Hash  (cost=61283.27..61283.27 rows=2528527 width=4) (actual time=1902.923..1902.923 rows=2528312 loops=1)
                    Buckets: 131072  Batches: 64  Memory Usage: 2425kB
                    ->  Seq Scan on title t  (cost=0.00..61283.27 rows=2528527 width=4) (actual time=0.013..1022.684 rows=2528312 loops=1)
Planning time: 1.114 ms
Execution time: 66693.061 ms
