Seq Scan on movie_keyword mk  (cost=0.00..81003.12 rows=1338868 width=0) (actual time=0.036..1341.381 rows=1350499 loops=1)
  Filter: (keyword_id > 12539)
  Rows Removed by Filter: 3173431
Planning time: 0.340 ms
Execution time: 1515.373 ms
