Hash Join  (cost=86300.63..172079.75 rows=778260 width=0) (actual time=1426.139..4124.733 rows=575787 loops=1)
  Hash Cond: (mc.movie_id = t.id)
  ->  Seq Scan on movie_companies mc  (cost=0.00..44881.29 rows=2609129 width=4) (actual time=0.008..850.132 rows=2609129 loops=1)
  ->  Hash  (cost=73925.90..73925.90 rows=754218 width=4) (actual time=1424.951..1424.951 rows=647556 loops=1)
        Buckets: 131072  Batches: 16  Memory Usage: 2451kB
        ->  Seq Scan on title t  (cost=0.00..73925.90 rows=754218 width=4) (actual time=0.019..1205.338 rows=647556 loops=1)
              Filter: ((kind_id > 1) AND (production_year < 2000))
              Rows Removed by Filter: 1880756
Planning time: 0.761 ms
Execution time: 4194.494 ms
