Hash Join  (cost=98137.04..185869.57 rows=822200 width=0) (actual time=1822.568..4104.234 rows=607176 loops=1)
  Hash Cond: (mc.movie_id = t.id)
  ->  Seq Scan on movie_companies mc  (cost=0.00..57926.93 rows=1117120 width=4) (actual time=0.029..1165.814 rows=1274246 loops=1)
        Filter: ((company_id < 90111) AND (company_type_id = 1))
        Rows Removed by Filter: 1334883
  ->  Hash  (cost=67604.59..67604.59 rows=1860996 width=4) (actual time=1821.544..1821.544 rows=1865487 loops=1)
        Buckets: 131072  Batches: 32  Memory Usage: 3079kB
        ->  Seq Scan on title t  (cost=0.00..67604.59 rows=1860996 width=4) (actual time=0.019..1210.832 rows=1865487 loops=1)
              Filter: (kind_id > 1)
              Rows Removed by Filter: 662825
Planning time: 0.759 ms
Execution time: 4173.815 ms
