Seq Scan on movie_keyword mk  (cost=0.00..81003.12 rows=3830665 width=0) (actual time=0.025..1480.216 rows=3824719 loops=1)
  Filter: (keyword_id < 26989)
  Rows Removed by Filter: 699211
Planning time: 0.317 ms
Execution time: 1935.037 ms
