Hash Join  (cost=130890.42..1209271.93 rows=4339434 width=0) (actual time=2681.221..32668.256 rows=5945652 loops=1)
  Hash Cond: (ci.movie_id = t.id)
  ->  Seq Scan on cast_info ci  (cost=0.00..614943.12 rows=36225612 width=4) (actual time=0.020..13087.418 rows=36244344 loops=1)
  ->  Hash  (cost=125920.30..125920.30 rows=302890 width=8) (actual time=2679.256..2679.256 rows=139260 loops=1)
        Buckets: 131072  Batches: 4  Memory Usage: 2371kB
        ->  Hash Join  (cost=83030.92..125920.30 rows=302890 width=8) (actual time=1440.942..2638.716 rows=139260 loops=1)
              Hash Cond: (mi_idx.movie_id = t.id)
              ->  Seq Scan on movie_info_idx mi_idx  (cost=0.00..21735.35 rows=1380035 width=4) (actual time=0.020..494.130 rows=1380035 loops=1)
              ->  Hash  (cost=73925.90..73925.90 rows=554961 width=4) (actual time=1439.560..1439.560 rows=605090 loops=1)
                    Buckets: 131072  Batches: 8  Memory Usage: 3684kB
                    ->  Seq Scan on title t  (cost=0.00..73925.90 rows=554961 width=4) (actual time=0.026..1245.411 rows=605090 loops=1)
                          Filter: ((kind_id > 4) AND (production_year > 2006))
                          Rows Removed by Filter: 1923222
Planning time: 1.208 ms
Execution time: 33360.542 ms
