Seq Scan on movie_companies mc  (cost=0.00..57926.93 rows=51 width=0) (actual time=27.035..890.183 rows=207 loops=1)
  Filter: ((company_type_id < 2) AND (company_id = 3583))
  Rows Removed by Filter: 2608922
Planning time: 0.411 ms
Execution time: 890.374 ms
