Seq Scan on cast_info ci  (cost=0.00..796071.18 rows=168 width=0) (actual time=12574.179..13290.609 rows=37 loops=1)
  Filter: ((role_id > 3) AND (person_id = 3658614))
  Rows Removed by Filter: 36244307
Planning time: 0.418 ms
Execution time: 13290.769 ms
