Hash Join  (cost=80562.70..1106055.38 rows=6739864 width=0) (actual time=1405.855..29740.199 rows=6704807 loops=1)
  Hash Cond: (ci.movie_id = t.id)
  ->  Seq Scan on cast_info ci  (cost=0.00..705507.15 rows=21578370 width=4) (actual time=0.018..14470.855 rows=21430189 loops=1)
        Filter: (person_id < 2171951)
        Rows Removed by Filter: 14814155
  ->  Hash  (cost=67604.59..67604.59 rows=789769 width=4) (actual time=1404.316..1404.316 rows=784926 loops=1)
        Buckets: 131072  Batches: 16  Memory Usage: 2749kB
        ->  Seq Scan on title t  (cost=0.00..67604.59 rows=789769 width=4) (actual time=0.012..1152.478 rows=784926 loops=1)
              Filter: (production_year > 2007)
              Rows Removed by Filter: 1743386
Planning time: 0.762 ms
Execution time: 30516.124 ms
