Hash Join  (cost=453579.93..1245924.75 rows=55464 width=0) (actual time=7793.029..22486.301 rows=72153 loops=1)
  Hash Cond: (ci.movie_id = t.id)
  ->  Seq Scan on cast_info ci  (cost=0.00..705507.15 rows=13805291 width=4) (actual time=0.027..10981.451 rows=13965813 loops=1)
        Filter: (person_id > 2269195)
        Rows Removed by Filter: 22278531
  ->  Hash  (cost=453452.95..453452.95 rows=10158 width=8) (actual time=7791.385..7791.385 rows=52231 loops=1)
        Buckets: 65536 (originally 16384)  Batches: 1 (originally 1)  Memory Usage: 2553kB
        ->  Hash Join  (cost=73962.22..453452.95 rows=10158 width=8) (actual time=1560.625..7769.861 rows=52231 loops=1)
              Hash Cond: (mi.movie_id = t.id)
              ->  Seq Scan on movie_info mi  (cost=0.00..346232.03 rows=8841901 width=4) (actual time=271.607..5130.821 rows=8950757 loops=1)
                    Filter: (info_type_id > 6)
                    Rows Removed by Filter: 5884963
              ->  Hash  (cost=73925.90..73925.90 rows=2905 width=4) (actual time=1153.014..1153.014 rows=7670 loops=1)
                    Buckets: 8192 (originally 4096)  Batches: 1 (originally 1)  Memory Usage: 334kB
                    ->  Seq Scan on title t  (cost=0.00..73925.90 rows=2905 width=4) (actual time=0.152..1149.225 rows=7670 loops=1)
                          Filter: ((kind_id < 7) AND (production_year = 1915))
                          Rows Removed by Filter: 2520642
Planning time: 1.249 ms
Execution time: 22495.929 ms
