Seq Scan on movie_keyword mk  (cost=0.00..81003.12 rows=246 width=0) (actual time=0.293..840.667 rows=2521 loops=1)
  Filter: (keyword_id = 411)
  Rows Removed by Filter: 4521409
Planning time: 0.377 ms
Execution time: 841.311 ms
