Hash Join  (cost=214164.21..358123.80 rows=1802255 width=0) (actual time=4514.442..9193.574 rows=4769233 loops=1)
  Hash Cond: (mk.movie_id = t.id)
  ->  Seq Scan on movie_keyword mk  (cost=0.00..69693.30 rows=4523930 width=4) (actual time=0.023..1488.558 rows=4523930 loops=1)
  ->  Hash  (cost=197637.70..197637.70 rows=1007321 width=8) (actual time=4513.325..4513.325 rows=753063 loops=1)
        Buckets: 131072  Batches: 16  Memory Usage: 2864kB
        ->  Hash Join  (cost=106623.69..197637.70 rows=1007321 width=8) (actual time=2536.566..4301.024 rows=753063 loops=1)
              Hash Cond: (mc.movie_id = t.id)
              ->  Seq Scan on movie_companies mc  (cost=0.00..57926.93 rows=1070973 width=4) (actual time=405.654..1071.707 rows=823973 loops=1)
                    Filter: ((company_id < 73714) AND (company_type_id > 1))
                    Rows Removed by Filter: 1785156
              ->  Hash  (cost=67604.59..67604.59 rows=2378248 width=4) (actual time=2130.038..2130.038 rows=2374571 loops=1)
                    Buckets: 131072  Batches: 32  Memory Usage: 3635kB
                    ->  Seq Scan on title t  (cost=0.00..67604.59 rows=2378248 width=4) (actual time=0.021..1378.993 rows=2374571 loops=1)
                          Filter: (production_year > 1918)
                          Rows Removed by Filter: 153741
Planning time: 1.165 ms
Execution time: 9763.265 ms
