Seq Scan on cast_info ci  (cost=0.00..796071.18 rows=224 width=0) (actual time=5779.042..12591.268 rows=27 loops=1)
  Filter: ((role_id > 2) AND (person_id = 2895358))
  Rows Removed by Filter: 36244317
Planning time: 0.380 ms
Execution time: 12591.447 ms
