Hash Join  (cost=93093.72..188886.03 rows=282628 width=0) (actual time=1714.514..3469.496 rows=66604 loops=1)
  Hash Cond: (mk.movie_id = t.id)
  ->  Seq Scan on movie_keyword mk  (cost=0.00..81003.12 rows=459981 width=4) (actual time=0.026..1321.934 rows=456605 loops=1)
        Filter: (keyword_id > 38838)
        Rows Removed by Filter: 4067325
  ->  Hash  (cost=67604.59..67604.59 rows=1553611 width=4) (actual time=1705.274..1705.274 rows=1555864 loops=1)
        Buckets: 131072  Batches: 32  Memory Usage: 2740kB
        ->  Seq Scan on title t  (cost=0.00..67604.59 rows=1553611 width=4) (actual time=0.021..1190.948 rows=1555864 loops=1)
              Filter: (kind_id > 4)
              Rows Removed by Filter: 972448
Planning time: 3.167 ms
Execution time: 3476.226 ms
