Hash Join  (cost=236383.43..778000.09 rows=6698708 width=0) (actual time=5405.240..25800.373 rows=27641662 loops=1)
  Hash Cond: (mi.movie_id = t.id)
  ->  Seq Scan on movie_info mi  (cost=0.00..346232.03 rows=9476311 width=4) (actual time=0.021..7497.017 rows=9565151 loops=1)
        Filter: (info_type_id < 16)
        Rows Removed by Filter: 5270569
  ->  Hash  (cost=207059.06..207059.06 rows=1787390 width=8) (actual time=5403.944..5403.944 rows=1778443 loops=1)
        Buckets: 131072  Batches: 32  Memory Usage: 3236kB
        ->  Hash Join  (cost=102767.86..207059.06 rows=1787390 width=8) (actual time=1867.603..4877.114 rows=1778443 loops=1)
              Hash Cond: (mc.movie_id = t.id)
              ->  Seq Scan on movie_companies mc  (cost=0.00..51404.11 rows=1787390 width=4) (actual time=0.014..1092.222 rows=1778443 loops=1)
                    Filter: (company_id < 27283)
                    Rows Removed by Filter: 830686
              ->  Hash  (cost=61283.27..61283.27 rows=2528527 width=4) (actual time=1866.516..1866.516 rows=2528312 loops=1)
                    Buckets: 131072  Batches: 64  Memory Usage: 2415kB
                    ->  Seq Scan on title t  (cost=0.00..61283.27 rows=2528527 width=4) (actual time=0.015..1047.250 rows=2528312 loops=1)
Planning time: 1.172 ms
Execution time: 29075.760 ms
