Hash Join  (cost=106311.64..1433370.77 rows=25802486 width=0) (actual time=2154.985..41913.062 rows=27073822 loops=1)
  Hash Cond: (ci.movie_id = t.id)
  ->  Seq Scan on cast_info ci  (cost=0.00..705507.15 rows=27653425 width=4) (actual time=0.027..16982.863 rows=27758030 loops=1)
        Filter: (role_id < 6)
        Rows Removed by Filter: 8486314
  ->  Hash  (cost=67604.59..67604.59 rows=2359284 width=4) (actual time=2153.486..2153.486 rows=2355024 loops=1)
        Buckets: 131072  Batches: 32  Memory Usage: 3614kB
        ->  Seq Scan on title t  (cost=0.00..67604.59 rows=2359284 width=4) (actual time=0.019..1420.995 rows=2355024 loops=1)
              Filter: (production_year > 1924)
              Rows Removed by Filter: 173288
Planning time: 0.714 ms
Execution time: 44901.220 ms
