Seq Scan on cast_info ci  (cost=0.00..705507.15 rows=500 width=0) (actual time=4042.175..10821.876 rows=43 loops=1)
  Filter: (person_id = 1868911)
  Rows Removed by Filter: 36244301
Planning time: 0.381 ms
Execution time: 10821.986 ms
