Hash Join  (cost=73953.78..100876.43 rows=1217 width=0) (actual time=1053.046..1647.668 rows=6816 loops=1)
  Hash Cond: (mi_idx.movie_id = t.id)
  ->  Seq Scan on movie_info_idx mi_idx  (cost=0.00..21735.35 rows=1380035 width=4) (actual time=0.017..308.562 rows=1380035 loops=1)
  ->  Hash  (cost=73925.90..73925.90 rows=2230 width=4) (actual time=1052.832..1052.832 rows=5114 loops=1)
        Buckets: 8192 (originally 4096)  Batches: 1 (originally 1)  Memory Usage: 244kB
        ->  Seq Scan on title t  (cost=0.00..73925.90 rows=2230 width=4) (actual time=0.019..1050.000 rows=5114 loops=1)
              Filter: ((kind_id < 3) AND (production_year = 1982))
              Rows Removed by Filter: 2523198
Planning time: 0.578 ms
Execution time: 1648.884 ms
