Hash Join  (cost=75818.69..208734.11 rows=895738 width=0) (actual time=1432.899..5078.684 rows=1242636 loops=1)
  Hash Cond: (mk.movie_id = t.id)
  ->  Seq Scan on movie_keyword mk  (cost=0.00..69693.30 rows=4523930 width=4) (actual time=0.025..1439.632 rows=4523930 loops=1)
  ->  Hash  (cost=67604.59..67604.59 rows=500648 width=4) (actual time=1432.012..1432.012 rows=494029 loops=1)
        Buckets: 131072  Batches: 8  Memory Usage: 3195kB
        ->  Seq Scan on title t  (cost=0.00..67604.59 rows=500648 width=4) (actual time=0.019..1266.487 rows=494029 loops=1)
              Filter: (production_year < 1979)
              Rows Removed by Filter: 2034283
Planning time: 0.769 ms
Execution time: 5230.451 ms
