Hash Join  (cost=122293.68..873180.42 rows=9757 width=0) (actual time=2451.226..19915.641 rows=99546 loops=1)
  Hash Cond: (ci.movie_id = t.id)
  ->  Seq Scan on cast_info ci  (cost=0.00..614943.12 rows=36225612 width=4) (actual time=0.013..9349.109 rows=36244344 loops=1)
  ->  Hash  (cost=122285.17..122285.17 rows=681 width=8) (actual time=2448.547..2448.547 rows=6325 loops=1)
        Buckets: 8192 (originally 1024)  Batches: 1 (originally 1)  Memory Usage: 312kB
        ->  Hash Join  (cost=67612.84..122285.17 rows=681 width=8) (actual time=1214.481..2445.634 rows=6325 loops=1)
              Hash Cond: (mc.movie_id = t.id)
              ->  Seq Scan on movie_companies mc  (cost=0.00..44881.29 rows=2609129 width=4) (actual time=0.023..695.047 rows=2609129 loops=1)
              ->  Hash  (cost=67604.59..67604.59 rows=660 width=4) (actual time=1213.755..1213.755 rows=3515 loops=1)
                    Buckets: 4096 (originally 1024)  Batches: 1 (originally 1)  Memory Usage: 156kB
                    ->  Seq Scan on title t  (cost=0.00..67604.59 rows=660 width=4) (actual time=24.574..1211.941 rows=3515 loops=1)
                          Filter: (production_year > 2013)
                          Rows Removed by Filter: 2524797
Planning time: 1.047 ms
Execution time: 19933.157 ms
