Hash Join  (cost=74335.01..129338.24 rows=33771 width=0) (actual time=1107.509..2527.452 rows=74984 loops=1)
  Hash Cond: (mc.movie_id = t.id)
  ->  Seq Scan on movie_companies mc  (cost=0.00..44881.29 rows=2609129 width=4) (actual time=0.020..709.851 rows=2609129 loops=1)
  ->  Hash  (cost=73925.90..73925.90 rows=32728 width=4) (actual time=1107.274..1107.274 rows=43053 loops=1)
        Buckets: 65536 (originally 32768)  Batches: 1 (originally 1)  Memory Usage: 2026kB
        ->  Seq Scan on title t  (cost=0.00..73925.90 rows=32728 width=4) (actual time=37.459..1089.677 rows=43053 loops=1)
              Filter: ((production_year < 1995) AND (kind_id = 3))
              Rows Removed by Filter: 2485259
Planning time: 0.824 ms
Execution time: 2538.203 ms
