Hash Join  (cost=502969.35..550864.24 rows=594641 width=0) (actual time=10007.196..11933.234 rows=2645318 loops=1)
  Hash Cond: (mi_idx.movie_id = t.id)
  ->  Seq Scan on movie_info_idx mi_idx  (cost=0.00..21735.35 rows=1380035 width=4) (actual time=0.022..476.623 rows=1380035 loops=1)
  ->  Hash  (cost=485094.45..485094.45 rows=1089512 width=8) (actual time=10006.253..10006.253 rows=1147717 loops=1)
        Buckets: 131072  Batches: 16  Memory Usage: 3756kB
        ->  Hash Join  (cost=102767.86..485094.45 rows=1089512 width=8) (actual time=4292.492..9632.739 rows=1147717 loops=1)
              Hash Cond: (mi.movie_id = t.id)
              ->  Seq Scan on movie_info mi  (cost=0.00..346232.03 rows=1089512 width=4) (actual time=2248.839..5587.934 rows=1147717 loops=1)
                    Filter: (info_type_id > 51)
                    Rows Removed by Filter: 13688003
              ->  Hash  (cost=61283.27..61283.27 rows=2528527 width=4) (actual time=2041.203..2041.203 rows=2528312 loops=1)
                    Buckets: 131072  Batches: 64  Memory Usage: 2425kB
                    ->  Seq Scan on title t  (cost=0.00..61283.27 rows=2528527 width=4) (actual time=0.024..1177.853 rows=2528312 loops=1)
Planning time: 2.455 ms
Execution time: 12243.272 ms
