Hash Join  (cost=95359.67..447461.04 rows=5661 width=0) (actual time=4906.962..7108.878 rows=11312 loops=1)
  Hash Cond: (mi.movie_id = t.id)
  ->  Seq Scan on movie_info mi  (cost=0.00..346232.03 rows=1550064 width=4) (actual time=3421.149..5383.100 rows=1533909 loops=1)
        Filter: (info_type_id = 3)
        Rows Removed by Filter: 13301811
  ->  Hash  (cost=95244.23..95244.23 rows=9235 width=8) (actual time=1485.598..1485.598 rows=10472 loops=1)
        Buckets: 16384  Batches: 1  Memory Usage: 538kB
        ->  Hash Join  (cost=68237.77..95244.23 rows=9235 width=8) (actual time=1103.711..1482.270 rows=10472 loops=1)
              Hash Cond: (mi_idx.movie_id = t.id)
              ->  Seq Scan on movie_info_idx mi_idx  (cost=0.00..25185.44 rows=460978 width=4) (actual time=0.021..279.907 rows=459925 loops=1)
                    Filter: (info_type_id = 99)
                    Rows Removed by Filter: 920110
              ->  Hash  (cost=67604.59..67604.59 rows=50655 width=4) (actual time=1103.208..1103.208 rows=50564 loops=1)
                    Buckets: 65536  Batches: 1  Memory Usage: 2290kB
                    ->  Seq Scan on title t  (cost=0.00..67604.59 rows=50655 width=4) (actual time=0.013..1082.116 rows=50564 loops=1)
                          Filter: (production_year = 1999)
                          Rows Removed by Filter: 2477748
Planning time: 1.130 ms
Execution time: 7110.700 ms
