Hash Join  (cost=196251.78..739854.02 rows=5978931 width=0) (actual time=4419.893..19150.980 rows=8461645 loops=1)
  Hash Cond: (mi.movie_id = t.id)
  ->  Seq Scan on movie_info mi  (cost=0.00..309384.22 rows=14739122 width=4) (actual time=0.007..5916.881 rows=14835720 loops=1)
  ->  Hash  (cost=179423.56..179423.56 rows=1025698 width=8) (actual time=4418.869..4418.869 rows=752883 loops=1)
        Buckets: 131072  Batches: 16  Memory Usage: 2878kB
        ->  Hash Join  (cost=90234.05..179423.56 rows=1025698 width=8) (actual time=1604.474..4189.178 rows=752883 loops=1)
              Hash Cond: (mc.movie_id = t.id)
              ->  Seq Scan on movie_companies mc  (cost=0.00..44881.29 rows=2609129 width=4) (actual time=0.025..964.771 rows=2609129 loops=1)
              ->  Hash  (cost=73925.90..73925.90 rows=994012 width=4) (actual time=1603.469..1603.469 rows=923721 loops=1)
                    Buckets: 131072  Batches: 16  Memory Usage: 3057kB
                    ->  Seq Scan on title t  (cost=0.00..73925.90 rows=994012 width=4) (actual time=0.015..1317.649 rows=923721 loops=1)
                          Filter: ((kind_id > 1) AND (production_year < 2005))
                          Rows Removed by Filter: 1604591
Planning time: 1.211 ms
Execution time: 20036.185 ms
