Hash Join  (cost=190230.21..309707.51 rows=1060836 width=0) (actual time=4535.374..8263.469 rows=4443114 loops=1)
  Hash Cond: (mk.movie_id = t.id)
  ->  Seq Scan on movie_keyword mk  (cost=0.00..81003.12 rows=1943684 width=4) (actual time=0.010..1654.359 rows=1953503 loops=1)
        Filter: (keyword_id < 3401)
        Rows Removed by Filter: 2570427
  ->  Hash  (cost=167588.78..167588.78 rows=1380035 width=8) (actual time=4533.981..4533.981 rows=1380035 loops=1)
        Buckets: 131072  Batches: 32  Memory Usage: 2726kB
        ->  Hash Join  (cost=102767.86..167588.78 rows=1380035 width=8) (actual time=1909.281..4100.812 rows=1380035 loops=1)
              Hash Cond: (mi_idx.movie_id = t.id)
              ->  Seq Scan on movie_info_idx mi_idx  (cost=0.00..21735.35 rows=1380035 width=4) (actual time=0.023..485.187 rows=1380035 loops=1)
              ->  Hash  (cost=61283.27..61283.27 rows=2528527 width=4) (actual time=1908.267..1908.267 rows=2528312 loops=1)
                    Buckets: 131072  Batches: 64  Memory Usage: 2415kB
                    ->  Seq Scan on title t  (cost=0.00..61283.27 rows=2528527 width=4) (actual time=0.016..1062.139 rows=2528312 loops=1)
Planning time: 1.189 ms
Execution time: 8745.290 ms
