Nested Loop  (cost=0.43..52283.95 rows=27 width=0) (actual time=1.281..834.608 rows=6 loops=1)
  ->  Seq Scan on movie_companies mc  (cost=0.00..51404.11 rows=104 width=4) (actual time=1.231..833.304 rows=32 loops=1)
        Filter: (company_id = 4691)
        Rows Removed by Filter: 2609097
  ->  Index Scan using title_pkey on title t  (cost=0.43..8.45 rows=1 width=4) (actual time=0.037..0.037 rows=0 loops=32)
        Index Cond: (id = mc.movie_id)
        Filter: (kind_id = 1)
        Rows Removed by Filter: 1
Planning time: 12.672 ms
Execution time: 834.733 ms
