Hash Join  (cost=131804.36..260722.48 rows=567608 width=0) (actual time=2764.911..6791.238 rows=626586 loops=1)
  Hash Cond: (mk.movie_id = t.id)
  ->  Seq Scan on movie_keyword mk  (cost=0.00..69693.30 rows=4523930 width=4) (actual time=0.025..1419.891 rows=4523930 loops=1)
  ->  Hash  (cost=126598.75..126598.75 rows=317249 width=8) (actual time=2764.016..2764.016 rows=181533 loops=1)
        Buckets: 131072  Batches: 8  Memory Usage: 1913kB
        ->  Hash Join  (cost=83462.78..126598.75 rows=317249 width=8) (actual time=1445.648..2707.807 rows=181533 loops=1)
              Hash Cond: (mi_idx.movie_id = t.id)
              ->  Seq Scan on movie_info_idx mi_idx  (cost=0.00..21735.35 rows=1380035 width=4) (actual time=0.014..529.853 rows=1380035 loops=1)
              ->  Hash  (cost=73925.90..73925.90 rows=581270 width=4) (actual time=1444.293..1444.293 rows=602533 loops=1)
                    Buckets: 131072  Batches: 8  Memory Usage: 3669kB
                    ->  Seq Scan on title t  (cost=0.00..73925.90 rows=581270 width=4) (actual time=0.017..1260.210 rows=602533 loops=1)
                          Filter: ((kind_id > 1) AND (production_year > 2007))
                          Rows Removed by Filter: 1925779
Planning time: 1.200 ms
Execution time: 6873.960 ms
