Seq Scan on movie_keyword mk  (cost=0.00..81003.12 rows=246 width=0) (actual time=0.305..1192.049 rows=1938 loops=1)
  Filter: (keyword_id = 414)
  Rows Removed by Filter: 4521992
Planning time: 0.354 ms
Execution time: 1192.685 ms
