Seq Scan on movie_keyword mk  (cost=0.00..81003.12 rows=2501648 width=0) (actual time=0.020..1469.738 rows=2495593 loops=1)
  Filter: (keyword_id < 6088)
  Rows Removed by Filter: 2028337
Planning time: 0.345 ms
Execution time: 1785.889 ms
