Seq Scan on movie_keyword mk  (cost=0.00..81003.12 rows=669200 width=0) (actual time=0.028..1307.454 rows=669665 loops=1)
  Filter: (keyword_id < 527)
  Rows Removed by Filter: 3854265
Planning time: 5.303 ms
Execution time: 1391.546 ms
