Seq Scan on movie_companies mc  (cost=0.00..57926.93 rows=8359 width=0) (actual time=428.378..471.098 rows=15135 loops=1)
  Filter: ((company_id > 220705) AND (company_type_id > 1))
  Rows Removed by Filter: 2593994
Planning time: 0.272 ms
Execution time: 472.529 ms
