Hash Join  (cost=303023.83..1118047.14 rows=4273404 width=0) (actual time=13566.523..24827.246 rows=9351925 loops=1)
  Hash Cond: (ci.movie_id = t.id)
  ->  Seq Scan on cast_info ci  (cost=0.00..705507.15 rows=3998100 width=4) (actual time=6876.644..12752.296 rows=4008037 loops=1)
        Filter: (role_id = 3)
        Rows Removed by Filter: 32236307
  ->  Hash  (cost=258682.85..258682.85 rows=2702638 width=8) (actual time=6688.724..6688.724 rows=2701175 loops=1)
        Buckets: 131072  Batches: 64  Memory Usage: 2689kB
        ->  Hash Join  (cost=102767.86..258682.85 rows=2702638 width=8) (actual time=1835.431..5950.320 rows=2701175 loops=1)
              Hash Cond: (mk.movie_id = t.id)
              ->  Seq Scan on movie_keyword mk  (cost=0.00..81003.12 rows=2702638 width=4) (actual time=0.030..1718.628 rows=2701175 loops=1)
                    Filter: (keyword_id < 7637)
                    Rows Removed by Filter: 1822755
              ->  Hash  (cost=61283.27..61283.27 rows=2528527 width=4) (actual time=1833.247..1833.247 rows=2528312 loops=1)
                    Buckets: 131072  Batches: 64  Memory Usage: 2425kB
                    ->  Seq Scan on title t  (cost=0.00..61283.27 rows=2528527 width=4) (actual time=0.009..986.544 rows=2528312 loops=1)
Planning time: 1.183 ms
Execution time: 25900.038 ms
