Nested Loop  (cost=44377.22..431427.55 rows=491 width=0) (actual time=4308.014..9128.836 rows=13554 loops=1)
  Join Filter: (mi.movie_id = t.id)
  ->  Hash Join  (cost=44376.79..399813.99 rows=53320 width=8) (actual time=4307.295..6584.095 rows=293487 loops=1)
        Hash Cond: (mi.movie_id = mi_idx.movie_id)
        ->  Seq Scan on movie_info mi  (cost=0.00..346232.03 rows=17937 width=4) (actual time=3395.953..5257.354 rows=140065 loops=1)
              Filter: (info_type_id = 9)
              Rows Removed by Filter: 14695655
        ->  Hash  (cost=21735.35..21735.35 rows=1380035 width=4) (actual time=906.881..906.881 rows=1380035 loops=1)
              Buckets: 131072  Batches: 32  Memory Usage: 2557kB
              ->  Seq Scan on movie_info_idx mi_idx  (cost=0.00..21735.35 rows=1380035 width=4) (actual time=0.027..465.826 rows=1380035 loops=1)
  ->  Index Scan using title_pkey on title t  (cost=0.43..0.58 rows=1 width=4) (actual time=0.008..0.008 rows=0 loops=293487)
        Index Cond: (id = mi_idx.movie_id)
        Filter: (production_year = 2008)
        Rows Removed by Filter: 1
Planning time: 1.223 ms
Execution time: 9131.874 ms
