Hash Join  (cost=547692.12..716800.71 rows=3211806 width=0) (actual time=10363.318..31192.448 rows=73352981 loops=1)
  Hash Cond: (mk.movie_id = t.id)
  ->  Seq Scan on movie_keyword mk  (cost=0.00..81003.12 rows=3700481 width=4) (actual time=0.008..1679.477 rows=3697711 loops=1)
        Filter: (keyword_id > 788)
        Rows Removed by Filter: 826219
  ->  Hash  (cost=511686.41..511686.41 rows=2194617 width=8) (actual time=10362.214..10362.214 rows=2233850 loops=1)
        Buckets: 131072  Batches: 32  Memory Usage: 3671kB
        ->  Hash Join  (cost=102767.86..511686.41 rows=2194617 width=8) (actual time=4035.389..9703.434 rows=2233850 loops=1)
              Hash Cond: (mi.movie_id = t.id)
              ->  Seq Scan on movie_info mi  (cost=0.00..346232.03 rows=2194617 width=4) (actual time=1992.407..5422.334 rows=2233850 loops=1)
                    Filter: (info_type_id > 16)
                    Rows Removed by Filter: 12601870
              ->  Hash  (cost=61283.27..61283.27 rows=2528527 width=4) (actual time=2029.497..2029.497 rows=2528312 loops=1)
                    Buckets: 131072  Batches: 64  Memory Usage: 2425kB
                    ->  Seq Scan on title t  (cost=0.00..61283.27 rows=2528527 width=4) (actual time=0.026..1150.646 rows=2528312 loops=1)
Planning time: 0.765 ms
Execution time: 39819.257 ms
