Hash Join  (cost=83074.74..936809.57 rows=1496 width=0) (actual time=1343.516..19727.520 rows=14450 loops=1)
  Hash Cond: (ci.movie_id = t.id)
  ->  Seq Scan on cast_info ci  (cost=0.00..796071.18 rows=15372983 width=4) (actual time=0.021..15588.346 rows=20121051 loops=1)
        Filter: ((person_id > 1228440) AND (role_id > 1))
        Rows Removed by Filter: 16123293
  ->  Hash  (cost=83071.67..83071.67 rows=246 width=8) (actual time=1340.144..1340.144 rows=404 loops=1)
        Buckets: 1024  Batches: 1  Memory Usage: 24kB
        ->  Nested Loop  (cost=0.43..83071.67 rows=246 width=8) (actual time=3.873..1339.751 rows=404 loops=1)
              ->  Seq Scan on movie_keyword mk  (cost=0.00..81003.12 rows=246 width=4) (actual time=3.805..1314.146 rows=404 loops=1)
                    Filter: (keyword_id = 579)
                    Rows Removed by Filter: 4523526
              ->  Index Only Scan using title_pkey on title t  (cost=0.43..8.40 rows=1 width=4) (actual time=0.060..0.061 rows=1 loops=404)
                    Index Cond: (id = mk.movie_id)
                    Heap Fetches: 404
Planning time: 0.908 ms
Execution time: 19731.814 ms
