Seq Scan on cast_info ci  (cost=0.00..796071.18 rows=64 width=0) (actual time=6944.060..12966.529 rows=39 loops=1)
  Filter: ((role_id > 9) AND (person_id = 3988213))
  Rows Removed by Filter: 36244305
Planning time: 0.362 ms
Execution time: 12966.642 ms
