Hash Join  (cost=207570.70..248484.63 rows=187745 width=0) (actual time=4045.598..5345.527 rows=795814 loops=1)
  Hash Cond: (mi_idx.movie_id = t.id)
  ->  Seq Scan on movie_info_idx mi_idx  (cost=0.00..21735.35 rows=1380035 width=4) (actual time=0.024..478.447 rows=1380035 loops=1)
  ->  Hash  (cost=201926.82..201926.82 rows=343990 width=8) (actual time=4044.401..4044.401 rows=342227 loops=1)
        Buckets: 131072  Batches: 8  Memory Usage: 2719kB
        ->  Hash Join  (cost=102767.86..201926.82 rows=343990 width=8) (actual time=1941.364..3934.385 rows=342227 loops=1)
              Hash Cond: (mk.movie_id = t.id)
              ->  Seq Scan on movie_keyword mk  (cost=0.00..81003.12 rows=343990 width=4) (actual time=0.025..1254.987 rows=342227 loops=1)
                    Filter: (keyword_id > 48543)
                    Rows Removed by Filter: 4181703
              ->  Hash  (cost=61283.27..61283.27 rows=2528527 width=4) (actual time=1938.109..1938.109 rows=2528312 loops=1)
                    Buckets: 131072  Batches: 64  Memory Usage: 2425kB
                    ->  Seq Scan on title t  (cost=0.00..61283.27 rows=2528527 width=4) (actual time=0.030..1075.103 rows=2528312 loops=1)
Planning time: 2.223 ms
Execution time: 5441.975 ms
