Hash Join  (cost=440339.21..564961.49 rows=215024 width=0) (actual time=6744.863..10909.346 rows=3313805 loops=1)
  Hash Cond: (mk.movie_id = t.id)
  ->  Seq Scan on movie_keyword mk  (cost=0.00..69693.30 rows=4523930 width=4) (actual time=0.025..1469.095 rows=4523930 loops=1)
  ->  Hash  (cost=438366.94..438366.94 rows=120182 width=8) (actual time=6743.807..6743.807 rows=247973 loops=1)
        Buckets: 131072 (originally 131072)  Batches: 4 (originally 2)  Memory Usage: 3453kB
        ->  Hash Join  (cost=81573.24..438366.94 rows=120182 width=8) (actual time=4958.833..6684.390 rows=247973 loops=1)
              Hash Cond: (mi.movie_id = t.id)
              ->  Seq Scan on movie_info mi  (cost=0.00..346232.03 rows=651960 width=4) (actual time=3770.720..5115.084 rows=660923 loops=1)
                    Filter: (info_type_id = 18)
                    Rows Removed by Filter: 14174797
              ->  Hash  (cost=73925.90..73925.90 rows=466107 width=4) (actual time=1187.220..1187.220 rows=396359 loops=1)
                    Buckets: 131072  Batches: 8  Memory Usage: 2769kB
                    ->  Seq Scan on title t  (cost=0.00..73925.90 rows=466107 width=4) (actual time=0.040..1039.592 rows=396359 loops=1)
                          Filter: ((kind_id < 7) AND (production_year > 2003))
                          Rows Removed by Filter: 2131953
Planning time: 1.218 ms
Execution time: 11333.126 ms
