Seq Scan on cast_info ci  (cost=0.00..796071.18 rows=4145934 width=0) (actual time=9036.804..14076.820 rows=2544507 loops=1)
  Filter: ((person_id < 2060589) AND (role_id = 2))
  Rows Removed by Filter: 33699837
Planning time: 1.919 ms
Execution time: 14391.105 ms
