Hash Join  (cost=799385.30..893552.37 rows=550 width=0) (actual time=14762.075..16306.013 rows=16 loops=1)
  Hash Cond: (mk.movie_id = t.id)
  ->  Seq Scan on movie_keyword mk  (cost=0.00..81003.12 rows=3508918 width=4) (actual time=0.025..1572.229 rows=3503148 loops=1)
        Filter: (keyword_id > 992)
        Rows Removed by Filter: 1020782
  ->  Hash  (cost=799380.35..799380.35 rows=396 width=8) (actual time=14263.222..14263.222 rows=1 loops=1)
        Buckets: 1024  Batches: 1  Memory Usage: 9kB
        ->  Nested Loop  (cost=0.43..799380.35 rows=396 width=8) (actual time=12407.824..14263.210 rows=1 loops=1)
              ->  Seq Scan on cast_info ci  (cost=0.00..796071.18 rows=396 width=4) (actual time=12407.707..14263.085 rows=1 loops=1)
                    Filter: ((role_id < 8) AND (person_id = 1827603))
                    Rows Removed by Filter: 36244343
              ->  Index Only Scan using title_pkey on title t  (cost=0.43..8.35 rows=1 width=4) (actual time=0.084..0.086 rows=1 loops=1)
                    Index Cond: (id = ci.movie_id)
                    Heap Fetches: 1
Planning time: 1.032 ms
Execution time: 16306.165 ms
