Hash Join  (cost=966565.51..2955243.89 rows=80381783 width=0) (actual time=26109.368..94379.253 rows=162174299 loops=1)
  Hash Cond: (ci.movie_id = t.id)
  ->  Seq Scan on cast_info ci  (cost=0.00..705507.15 rows=16201301 width=4) (actual time=1382.068..15064.520 rows=16121683 loops=1)
        Filter: (role_id > 2)
        Rows Removed by Filter: 20122661
  ->  Hash  (cost=760746.33..760746.33 rows=12545135 width=8) (actual time=24726.127..24726.127 rows=12601870 loops=1)
        Buckets: 131072  Batches: 256  Memory Usage: 2922kB
        ->  Hash Join  (cost=102767.86..760746.33 rows=12545135 width=8) (actual time=2050.525..20960.182 rows=12601870 loops=1)
              Hash Cond: (mi.movie_id = t.id)
              ->  Seq Scan on movie_info mi  (cost=0.00..346232.03 rows=12545135 width=4) (actual time=0.029..7385.931 rows=12601870 loops=1)
                    Filter: (info_type_id < 17)
                    Rows Removed by Filter: 2233850
              ->  Hash  (cost=61283.27..61283.27 rows=2528527 width=4) (actual time=2049.060..2049.060 rows=2528312 loops=1)
                    Buckets: 131072  Batches: 64  Memory Usage: 2425kB
                    ->  Seq Scan on title t  (cost=0.00..61283.27 rows=2528527 width=4) (actual time=0.014..1184.516 rows=2528312 loops=1)
Planning time: 1.148 ms
Execution time: 112672.374 ms
