Hash Join  (cost=84417.00..216260.63 rows=1215581 width=0) (actual time=1564.370..5112.902 rows=1620822 loops=1)
  Hash Cond: (mk.movie_id = t.id)
  ->  Seq Scan on movie_keyword mk  (cost=0.00..81003.12 rows=2999385 width=4) (actual time=0.020..1678.645 rows=2984367 loops=1)
        Filter: (keyword_id < 10296)
        Rows Removed by Filter: 1539563
  ->  Hash  (cost=67604.59..67604.59 rows=1024753 width=4) (actual time=1563.135..1563.135 rows=1021752 loops=1)
        Buckets: 131072  Batches: 16  Memory Usage: 3281kB
        ->  Seq Scan on title t  (cost=0.00..67604.59 rows=1024753 width=4) (actual time=0.024..1214.001 rows=1021752 loops=1)
              Filter: (production_year < 2000)
              Rows Removed by Filter: 1506560
Planning time: 0.777 ms
Execution time: 5304.480 ms
