Seq Scan on cast_info ci  (cost=0.00..705507.15 rows=3300943 width=0) (actual time=1542.491..11592.891 rows=3183674 loops=1)
  Filter: (person_id < 308159)
  Rows Removed by Filter: 33060670
Planning time: 0.241 ms
Execution time: 11987.613 ms
