Hash Join  (cost=1000026.28..1638590.06 rows=13151995 width=0) (actual time=16473.609..34884.223 rows=19699587 loops=1)
  Hash Cond: (mi.movie_id = t.id)
  ->  Seq Scan on movie_info mi  (cost=0.00..309384.22 rows=14739122 width=4) (actual time=0.016..6142.921 rows=14835720 loops=1)
  ->  Hash  (cost=963009.13..963009.13 rows=2256252 width=8) (actual time=16472.280..16472.280 rows=1045792 loops=1)
        Buckets: 131072  Batches: 32  Memory Usage: 2322kB
        ->  Hash Join  (cost=102767.86..963009.13 rows=2256252 width=8) (actual time=2539.025..16170.885 rows=1045792 loops=1)
              Hash Cond: (ci.movie_id = t.id)
              ->  Seq Scan on cast_info ci  (cost=0.00..796071.18 rows=2256252 width=4) (actual time=0.043..12376.907 rows=1045792 loops=1)
                    Filter: ((person_id < 1007198) AND (role_id > 6))
                    Rows Removed by Filter: 35198552
              ->  Hash  (cost=61283.27..61283.27 rows=2528527 width=4) (actual time=2537.539..2537.539 rows=2528312 loops=1)
                    Buckets: 131072  Batches: 64  Memory Usage: 2415kB
                    ->  Seq Scan on title t  (cost=0.00..61283.27 rows=2528527 width=4) (actual time=0.016..1145.064 rows=2528312 loops=1)
Planning time: 1.016 ms
Execution time: 37011.616 ms
