Seq Scan on movie_keyword mk  (cost=0.00..81003.12 rows=1679294 width=0) (actual time=0.019..1468.930 rows=1687405 loops=1)
  Filter: (keyword_id < 2629)
  Rows Removed by Filter: 2836525
Planning time: 0.297 ms
Execution time: 1684.715 ms
