Hash Join  (cost=349356.82..1886778.09 rows=40715929 width=0) (actual time=7924.809..64423.138 rows=118349218 loops=1)
  Hash Cond: (ci.movie_id = t.id)
  ->  Seq Scan on cast_info ci  (cost=0.00..705507.15 rows=26757444 width=4) (actual time=0.023..16443.102 rows=26859641 loops=1)
        Filter: (role_id < 5)
        Rows Removed by Filter: 9384703
  ->  Hash  (cost=286232.11..286232.11 rows=3847577 width=8) (actual time=7922.975..7922.975 rows=3842228 loops=1)
        Buckets: 131072  Batches: 64  Memory Usage: 3391kB
        ->  Hash Join  (cost=102767.86..286232.11 rows=3847577 width=8) (actual time=2001.701..6898.005 rows=3842228 loops=1)
              Hash Cond: (mk.movie_id = t.id)
              ->  Seq Scan on movie_keyword mk  (cost=0.00..81003.12 rows=3847577 width=4) (actual time=0.026..1779.912 rows=3842228 loops=1)
                    Filter: (keyword_id < 27550)
                    Rows Removed by Filter: 681702
              ->  Hash  (cost=61283.27..61283.27 rows=2528527 width=4) (actual time=1999.746..1999.746 rows=2528312 loops=1)
                    Buckets: 131072  Batches: 64  Memory Usage: 2425kB
                    ->  Seq Scan on title t  (cost=0.00..61283.27 rows=2528527 width=4) (actual time=0.027..1133.605 rows=2528312 loops=1)
Planning time: 1.116 ms
Execution time: 76315.560 ms
