Seq Scan on movie_companies mc  (cost=0.00..57926.93 rows=507139 width=0) (actual time=0.023..896.434 rows=300494 loops=1)
  Filter: ((company_id < 4626) AND (company_type_id > 1))
  Rows Removed by Filter: 2308635
Planning time: 0.323 ms
Execution time: 934.225 ms
