Seq Scan on movie_keyword mk  (cost=0.00..81003.12 rows=3942323 width=0) (actual time=0.028..1673.514 rows=3944644 loops=1)
  Filter: (keyword_id < 31656)
  Rows Removed by Filter: 579286
Planning time: 0.299 ms
Execution time: 2166.916 ms
