Hash Join  (cost=197332.20..344647.30 rows=1642862 width=0) (actual time=4598.002..7861.137 rows=815904 loops=1)
  Hash Cond: (mk.movie_id = t.id)
  ->  Seq Scan on movie_keyword mk  (cost=0.00..81003.12 rows=3959562 width=4) (actual time=0.026..1922.789 rows=3957660 loops=1)
        Filter: (keyword_id > 398)
        Rows Removed by Filter: 566270
  ->  Hash  (cost=180119.31..180119.31 rows=1049111 width=8) (actual time=4170.371..4170.371 rows=494102 loops=1)
        Buckets: 131072  Batches: 16  Memory Usage: 2227kB
        ->  Hash Join  (cost=90606.68..180119.31 rows=1049111 width=8) (actual time=1613.818..4013.572 rows=494102 loops=1)
              Hash Cond: (mc.movie_id = t.id)
              ->  Seq Scan on movie_companies mc  (cost=0.00..44881.29 rows=2609129 width=4) (actual time=0.024..889.277 rows=2609129 loops=1)
              ->  Hash  (cost=73925.90..73925.90 rows=1016702 width=4) (actual time=1522.845..1522.845 rows=960113 loops=1)
                    Buckets: 131072  Batches: 16  Memory Usage: 3135kB
                    ->  Seq Scan on title t  (cost=0.00..73925.90 rows=1016702 width=4) (actual time=0.044..1238.449 rows=960113 loops=1)
                          Filter: ((production_year < 2008) AND (kind_id = 7))
                          Rows Removed by Filter: 1568199
Planning time: 1.120 ms
Execution time: 7941.708 ms
