Hash Join  (cost=102207.05..877068.87 rows=214001 width=0) (actual time=3226.537..17673.663 rows=553378 loops=1)
  Hash Cond: (ci.movie_id = t.id)
  ->  Seq Scan on cast_info ci  (cost=0.00..705507.15 rows=17923911 width=4) (actual time=1346.383..11375.356 rows=18048107 loops=1)
        Filter: (person_id > 1806477)
        Rows Removed by Filter: 18196237
  ->  Hash  (cost=101829.69..101829.69 rows=30189 width=8) (actual time=1879.853..1879.853 rows=39380 loops=1)
        Buckets: 65536 (originally 32768)  Batches: 1 (originally 1)  Memory Usage: 2051kB
        ->  Hash Join  (cost=74617.32..101829.69 rows=30189 width=8) (actual time=1256.760..1865.793 rows=39380 loops=1)
              Hash Cond: (mi_idx.movie_id = t.id)
              ->  Seq Scan on movie_info_idx mi_idx  (cost=0.00..21735.35 rows=1380035 width=4) (actual time=0.021..265.015 rows=1380035 loops=1)
              ->  Hash  (cost=73925.90..73925.90 rows=55313 width=4) (actual time=1256.361..1256.361 rows=49075 loops=1)
                    Buckets: 65536  Batches: 1  Memory Usage: 2238kB
                    ->  Seq Scan on title t  (cost=0.00..73925.90 rows=55313 width=4) (actual time=0.168..1235.742 rows=49075 loops=1)
                          Filter: ((kind_id < 7) AND (production_year = 2010))
                          Rows Removed by Filter: 2479237
Planning time: 1.129 ms
Execution time: 17743.818 ms
