Seq Scan on cast_info ci  (cost=0.00..796071.18 rows=26653322 width=0) (actual time=880.676..17315.610 rows=26674371 loops=1)
  Filter: ((person_id > 123556) AND (role_id < 6))
  Rows Removed by Filter: 9569973
Planning time: 0.218 ms
Execution time: 20586.490 ms
