Hash Join  (cost=71968.71..208037.46 rows=287571 width=106) (actual time=1334.145..4820.859 rows=147733 loops=1)
  Hash Cond: (mk.movie_id = t.id)
  ->  Seq Scan on movie_keyword mk  (cost=0.00..69693.30 rows=4523930 width=12) (actual time=0.014..1301.350 rows=4523930 loops=1)
  ->  Hash  (cost=67604.59..67604.59 rows=160730 width=94) (actual time=1333.534..1333.534 rows=160017 loops=1)
        Buckets: 32768  Batches: 8  Memory Usage: 2503kB
        ->  Seq Scan on title t  (cost=0.00..67604.59 rows=160730 width=94) (actual time=0.027..1260.328 rows=160017 loops=1)
              Filter: (production_year = 2011)
              Rows Removed by Filter: 2368295
Planning time: 0.994 ms
Execution time: 4829.242 ms
