Hash Join  (cost=719511.94..2140948.06 rows=33826300 width=0) (actual time=25410.293..103823.508 rows=192264152 loops=1)
  Hash Cond: (ci.movie_id = t.id)
  ->  Seq Scan on cast_info ci  (cost=0.00..796071.18 rows=14855291 width=4) (actual time=3374.895..17713.426 rows=20122661 loops=1)
        Filter: ((person_id < 2768539) AND (role_id < 3))
        Rows Removed by Filter: 16121683
  ->  Hash  (cost=625051.03..625051.03 rows=5757593 width=8) (actual time=22031.120..22031.120 rows=10872384 loops=1)
        Buckets: 131072 (originally 131072)  Batches: 256 (originally 128)  Memory Usage: 3073kB
        ->  Hash Join  (cost=83810.17..625051.03 rows=5757593 width=8) (actual time=1436.403..18820.496 rows=10872384 loops=1)
              Hash Cond: (mi.movie_id = t.id)
              ->  Seq Scan on movie_info mi  (cost=0.00..309384.22 rows=14739122 width=4) (actual time=0.024..6437.256 rows=14835720 loops=1)
              ->  Hash  (cost=67604.59..67604.59 rows=987727 width=4) (actual time=1435.404..1435.404 rows=985048 loops=1)
                    Buckets: 131072  Batches: 16  Memory Usage: 3197kB
                    ->  Seq Scan on title t  (cost=0.00..67604.59 rows=987727 width=4) (actual time=0.018..1122.465 rows=985048 loops=1)
                          Filter: (kind_id < 7)
                          Rows Removed by Filter: 1543264
Planning time: 1.177 ms
Execution time: 125399.443 ms
