Seq Scan on movie_keyword mk  (cost=0.00..81003.12 rows=980827 width=0) (actual time=0.025..1322.517 rows=985326 loops=1)
  Filter: (keyword_id > 18765)
  Rows Removed by Filter: 3538604
Planning time: 0.311 ms
Execution time: 1444.060 ms
