Seq Scan on movie_keyword mk  (cost=0.00..81003.12 rows=246 width=0) (actual time=2.554..1213.397 rows=978 loops=1)
  Filter: (keyword_id = 1799)
  Rows Removed by Filter: 4522952
Planning time: 0.377 ms
Execution time: 1213.845 ms
