Hash Join  (cost=203684.67..285865.79 rows=517260 width=0) (actual time=4143.206..6013.610 rows=298014 loops=1)
  Hash Cond: (mc.movie_id = t.id)
  ->  Seq Scan on movie_companies mc  (cost=0.00..44881.29 rows=2609129 width=4) (actual time=0.012..946.454 rows=2609129 loops=1)
  ->  Hash  (cost=195459.65..195459.65 rows=501281 width=8) (actual time=3938.629..3938.629 rows=136603 loops=1)
        Buckets: 131072  Batches: 8  Memory Usage: 1694kB
        ->  Hash Join  (cost=92883.59..195459.65 rows=501281 width=8) (actual time=2669.553..3894.033 rows=136603 loops=1)
              Hash Cond: (mk.movie_id = t.id)
              ->  Seq Scan on movie_keyword mk  (cost=0.00..81003.12 rows=822626 width=4) (actual time=0.026..1524.584 rows=831425 loops=1)
                    Filter: (keyword_id > 22141)
                    Rows Removed by Filter: 3692505
              ->  Hash  (cost=67604.59..67604.59 rows=1540800 width=4) (actual time=1708.954..1708.954 rows=1543264 loops=1)
                    Buckets: 131072  Batches: 32  Memory Usage: 2728kB
                    ->  Seq Scan on title t  (cost=0.00..67604.59 rows=1540800 width=4) (actual time=0.019..1211.231 rows=1543264 loops=1)
                          Filter: (kind_id = 7)
                          Rows Removed by Filter: 985048
Planning time: 1.697 ms
Execution time: 6048.914 ms
