Seq Scan on movie_companies mc  (cost=0.00..57926.93 rows=51 width=0) (actual time=269.093..880.258 rows=54 loops=1)
  Filter: ((company_id = 17573) AND (company_type_id = 1))
  Rows Removed by Filter: 2609075
Planning time: 0.347 ms
Execution time: 880.356 ms
