Seq Scan on movie_companies mc  (cost=0.00..51404.11 rows=554517 width=0) (actual time=0.030..890.820 rows=550201 loops=1)
  Filter: (company_id < 562)
  Rows Removed by Filter: 2058928
Planning time: 0.324 ms
Execution time: 960.994 ms
