Hash Join  (cost=102767.86..1383657.83 rows=23501466 width=0) (actual time=1934.168..36405.850 rows=23566711 loops=1)
  Hash Cond: (ci.movie_id = t.id)
  ->  Seq Scan on cast_info ci  (cost=0.00..705507.15 rows=23501466 width=4) (actual time=0.023..14827.302 rows=23566711 loops=1)
        Filter: (person_id > 1250267)
        Rows Removed by Filter: 12677633
  ->  Hash  (cost=61283.27..61283.27 rows=2528527 width=4) (actual time=1933.248..1933.248 rows=2528312 loops=1)
        Buckets: 131072  Batches: 64  Memory Usage: 2415kB
        ->  Seq Scan on title t  (cost=0.00..61283.27 rows=2528527 width=4) (actual time=0.016..1093.022 rows=2528312 loops=1)
Planning time: 0.740 ms
Execution time: 38870.629 ms
