Hash Join  (cost=74787.47..881470.55 rows=71911 width=0) (actual time=2589.495..15548.347 rows=213767 loops=1)
  Hash Cond: (ci.movie_id = t.id)
  ->  Seq Scan on cast_info ci  (cost=0.00..796071.18 rows=2638078 width=4) (actual time=1368.657..12422.042 rows=5931185 loops=1)
        Filter: ((person_id > 3051592) AND (role_id > 2))
        Rows Removed by Filter: 30313159
  ->  Hash  (cost=73925.90..73925.90 rows=68925 width=4) (actual time=1219.897..1219.897 rows=84076 loops=1)
        Buckets: 131072  Batches: 1  Memory Usage: 3980kB
        ->  Seq Scan on title t  (cost=0.00..73925.90 rows=68925 width=4) (actual time=77.913..1186.418 rows=84076 loops=1)
              Filter: ((kind_id = 7) AND (production_year = 2007))
              Rows Removed by Filter: 2444236
Planning time: 0.834 ms
Execution time: 15577.931 ms
