Seq Scan on cast_info ci  (cost=0.00..796071.18 rows=16619148 width=0) (actual time=0.020..15982.281 rows=20647260 loops=1)
  Filter: ((person_id > 1025444) AND (role_id > 1))
  Rows Removed by Filter: 15597084
Planning time: 0.366 ms
Execution time: 18436.320 ms
