Hash Join  (cost=97377.02..250536.71 rows=2557365 width=0) (actual time=1794.959..5766.980 rows=1436962 loops=1)
  Hash Cond: (mk.movie_id = t.id)
  ->  Seq Scan on movie_keyword mk  (cost=0.00..69693.30 rows=4523930 width=4) (actual time=0.015..1458.446 rows=4523930 loops=1)
  ->  Hash  (cost=73925.90..73925.90 rows=1429369 width=4) (actual time=1793.956..1793.956 rows=1550375 loops=1)
        Buckets: 131072  Batches: 32  Memory Usage: 2744kB
        ->  Seq Scan on title t  (cost=0.00..73925.90 rows=1429369 width=4) (actual time=0.025..1307.428 rows=1550375 loops=1)
              Filter: ((kind_id > 1) AND (production_year > 1980))
              Rows Removed by Filter: 977937
Planning time: 0.783 ms
Execution time: 5931.589 ms
