Hash Join  (cost=100885.02..465603.38 rows=6245 width=0) (actual time=1552.696..8967.356 rows=150677 loops=1)
  Hash Cond: (mi.movie_id = t.id)
  ->  Seq Scan on movie_info mi  (cost=0.00..309384.22 rows=14739122 width=4) (actual time=0.022..4388.277 rows=14835720 loops=1)
  ->  Hash  (cost=100871.63..100871.63 rows=1071 width=8) (actual time=1552.607..1552.607 rows=6700 loops=1)
        Buckets: 8192 (originally 2048)  Batches: 1 (originally 1)  Memory Usage: 326kB
        ->  Hash Join  (cost=73950.44..100871.63 rows=1071 width=8) (actual time=1000.183..1549.953 rows=6700 loops=1)
              Hash Cond: (mi_idx.movie_id = t.id)
              ->  Seq Scan on movie_info_idx mi_idx  (cost=0.00..21735.35 rows=1380035 width=4) (actual time=0.019..267.662 rows=1380035 loops=1)
              ->  Hash  (cost=73925.90..73925.90 rows=1963 width=4) (actual time=1000.046..1000.046 rows=5461 loops=1)
                    Buckets: 8192 (originally 2048)  Batches: 1 (originally 1)  Memory Usage: 256kB
                    ->  Seq Scan on title t  (cost=0.00..73925.90 rows=1963 width=4) (actual time=252.401..997.599 rows=5461 loops=1)
                          Filter: ((kind_id = 1) AND (production_year = 1990))
                          Rows Removed by Filter: 2522851
Planning time: 1.188 ms
Execution time: 8988.539 ms
