Hash Join  (cost=102767.86..202001.65 rows=347118 width=0) (actual time=1994.951..4148.765 rows=345611 loops=1)
  Hash Cond: (mk.movie_id = t.id)
  ->  Seq Scan on movie_keyword mk  (cost=0.00..81003.12 rows=347118 width=4) (actual time=0.017..1351.110 rows=345611 loops=1)
        Filter: (keyword_id > 48188)
        Rows Removed by Filter: 4178319
  ->  Hash  (cost=61283.27..61283.27 rows=2528527 width=4) (actual time=1993.000..1993.000 rows=2528312 loops=1)
        Buckets: 131072  Batches: 64  Memory Usage: 2425kB
        ->  Seq Scan on title t  (cost=0.00..61283.27 rows=2528527 width=4) (actual time=0.013..1153.297 rows=2528312 loops=1)
Planning time: 0.766 ms
Execution time: 4196.572 ms
