Hash Join  (cost=83073.49..791940.90 rows=34 width=0) (actual time=2736.204..14434.010 rows=953 loops=1)
  Hash Cond: (ci.movie_id = t.id)
  ->  Seq Scan on cast_info ci  (cost=0.00..705507.15 rows=895980 width=4) (actual time=1318.340..12883.664 rows=898389 loops=1)
        Filter: (role_id = 5)
        Rows Removed by Filter: 35345955
  ->  Hash  (cost=83072.29..83072.29 rows=96 width=8) (actual time=1416.907..1416.907 rows=1126 loops=1)
        Buckets: 2048 (originally 1024)  Batches: 1 (originally 1)  Memory Usage: 60kB
        ->  Nested Loop  (cost=0.43..83072.29 rows=96 width=8) (actual time=0.464..1415.929 rows=1126 loops=1)
              ->  Seq Scan on movie_keyword mk  (cost=0.00..81003.12 rows=246 width=4) (actual time=0.426..1358.475 rows=1270 loops=1)
                    Filter: (keyword_id = 3811)
                    Rows Removed by Filter: 4522660
              ->  Index Scan using title_pkey on title t  (cost=0.43..8.40 rows=1 width=4) (actual time=0.043..0.044 rows=1 loops=1270)
                    Index Cond: (id = mk.movie_id)
                    Filter: (kind_id < 7)
                    Rows Removed by Filter: 0
Planning time: 3.972 ms
Execution time: 14434.420 ms
