Seq Scan on cast_info ci  (cost=0.00..705507.15 rows=14270518 width=0) (actual time=0.025..12434.246 rows=14423823 loops=1)
  Filter: (person_id > 2218341)
  Rows Removed by Filter: 21820521
Planning time: 0.387 ms
Execution time: 14233.786 ms
