Seq Scan on cast_info ci  (cost=0.00..796071.18 rows=782381 width=0) (actual time=3576.335..14929.365 rows=842222 loops=1)
  Filter: ((person_id > 432596) AND (role_id = 5))
  Rows Removed by Filter: 35402122
Planning time: 0.404 ms
Execution time: 15030.488 ms
