Hash Join  (cost=229172.48..770672.82 rows=5781943 width=0) (actual time=5060.658..32496.640 rows=58825653 loops=1)
  Hash Cond: (mi.movie_id = t.id)
  ->  Seq Scan on movie_info mi  (cost=0.00..309384.22 rows=14739122 width=4) (actual time=0.015..6100.968 rows=14835720 loops=1)
  ->  Hash  (cost=212898.68..212898.68 rows=991904 width=8) (actual time=5059.793..5059.793 rows=1201965 loops=1)
        Buckets: 131072  Batches: 16  Memory Usage: 4070kB
        ->  Hash Join  (cost=97066.09..212898.68 rows=991904 width=8) (actual time=1907.974..4714.506 rows=1201965 loops=1)
              Hash Cond: (mk.movie_id = t.id)
              ->  Seq Scan on movie_keyword mk  (cost=0.00..81003.12 rows=1396686 width=4) (actual time=0.012..1459.587 rows=1410138 loops=1)
                    Filter: (keyword_id < 1932)
                    Rows Removed by Filter: 3113792
              ->  Hash  (cost=67604.59..67604.59 rows=1795720 width=4) (actual time=1906.289..1906.289 rows=1794153 loops=1)
                    Buckets: 131072  Batches: 32  Memory Usage: 3001kB
                    ->  Seq Scan on title t  (cost=0.00..67604.59 rows=1795720 width=4) (actual time=0.009..1316.674 rows=1794153 loops=1)
                          Filter: (production_year < 2009)
                          Rows Removed by Filter: 734159
Planning time: 0.773 ms
Execution time: 38800.215 ms
