Seq Scan on movie_keyword mk  (cost=0.00..81003.12 rows=304345 width=0) (actual time=0.028..1183.143 rows=320853 loops=1)
  Filter: (keyword_id < 259)
  Rows Removed by Filter: 4203077
Planning time: 0.311 ms
Execution time: 1225.495 ms
