Seq Scan on cast_info ci  (cost=0.00..796071.18 rows=4986152 width=0) (actual time=3511.966..13351.825 rows=8237783 loops=1)
  Filter: ((person_id > 2152354) AND (role_id > 3))
  Rows Removed by Filter: 28006561
Planning time: 0.362 ms
Execution time: 14372.471 ms
