Hash Join  (cost=709678.15..1074363.23 rows=2915 width=0) (actual time=10999.959..18179.524 rows=928 loops=1)
  Hash Cond: (mi.movie_id = t.id)
  ->  Seq Scan on movie_info mi  (cost=0.00..309384.22 rows=14739122 width=4) (actual time=0.003..4493.206 rows=14835720 loops=1)
  ->  Hash  (cost=709671.90..709671.90 rows=500 width=8) (actual time=10995.873..10995.873 rows=131 loops=1)
        Buckets: 1024  Batches: 1  Memory Usage: 14kB
        ->  Nested Loop  (cost=0.43..709671.90 rows=500 width=8) (actual time=812.387..10995.770 rows=131 loops=1)
              ->  Seq Scan on cast_info ci  (cost=0.00..705507.15 rows=500 width=4) (actual time=812.269..10993.158 rows=131 loops=1)
                    Filter: (person_id = 398146)
                    Rows Removed by Filter: 36244213
              ->  Index Only Scan using title_pkey on title t  (cost=0.43..8.32 rows=1 width=4) (actual time=0.018..0.019 rows=1 loops=131)
                    Index Cond: (id = ci.movie_id)
                    Heap Fetches: 131
Planning time: 0.858 ms
Execution time: 18179.948 ms
