Hash Join  (cost=168162.63..279847.73 rows=432227 width=0) (actual time=4256.152..7939.353 rows=3593070 loops=1)
  Hash Cond: (mk.movie_id = t.id)
  ->  Seq Scan on movie_keyword mk  (cost=0.00..81003.12 rows=2104189 width=4) (actual time=0.026..1707.333 rows=2102601 loops=1)
        Filter: (keyword_id > 5711)
        Rows Removed by Filter: 2421329
  ->  Hash  (cost=159641.24..159641.24 rows=519391 width=8) (actual time=4255.363..4255.363 rows=934414 loops=1)
        Buckets: 131072 (originally 131072)  Batches: 16 (originally 8)  Memory Usage: 3333kB
        ->  Hash Join  (cost=83810.17..159641.24 rows=519391 width=8) (actual time=1797.678..3962.800 rows=934414 loops=1)
              Hash Cond: (mc.movie_id = t.id)
              ->  Seq Scan on movie_companies mc  (cost=0.00..51404.11 rows=1329612 width=4) (actual time=237.206..1037.021 rows=1334883 loops=1)
                    Filter: (company_type_id > 1)
                    Rows Removed by Filter: 1274246
              ->  Hash  (cost=67604.59..67604.59 rows=987727 width=4) (actual time=1559.647..1559.647 rows=985048 loops=1)
                    Buckets: 131072  Batches: 16  Memory Usage: 3188kB
                    ->  Seq Scan on title t  (cost=0.00..67604.59 rows=987727 width=4) (actual time=0.033..1266.160 rows=985048 loops=1)
                          Filter: (kind_id < 7)
                          Rows Removed by Filter: 1543264
Planning time: 2.926 ms
Execution time: 8376.116 ms
