Hash Join  (cost=74103.28..130665.34 rows=7605 width=0) (actual time=1163.562..2396.747 rows=13121 loops=1)
  Hash Cond: (mc.movie_id = t.id)
  ->  Seq Scan on movie_companies mc  (cost=0.00..51404.11 rows=1355173 width=4) (actual time=0.013..944.740 rows=1364807 loops=1)
        Filter: (company_id > 11147)
        Rows Removed by Filter: 1244322
  ->  Hash  (cost=73925.90..73925.90 rows=14190 width=4) (actual time=1163.348..1163.348 rows=12208 loops=1)
        Buckets: 16384  Batches: 1  Memory Usage: 558kB
        ->  Seq Scan on title t  (cost=0.00..73925.90 rows=14190 width=4) (actual time=0.088..1157.988 rows=12208 loops=1)
              Filter: ((kind_id < 7) AND (production_year = 1996))
              Rows Removed by Filter: 2516104
Planning time: 0.774 ms
Execution time: 2399.166 ms
