Hash Join  (cost=73958.88..128651.62 rows=2722 width=0) (actual time=1007.781..2327.642 rows=6191 loops=1)
  Hash Cond: (mc.movie_id = t.id)
  ->  Seq Scan on movie_companies mc  (cost=0.00..44881.29 rows=2609129 width=4) (actual time=0.019..786.681 rows=2609129 loops=1)
  ->  Hash  (cost=73925.90..73925.90 rows=2638 width=4) (actual time=1007.442..1007.442 rows=4094 loops=1)
        Buckets: 4096  Batches: 1  Memory Usage: 176kB
        ->  Seq Scan on title t  (cost=0.00..73925.90 rows=2638 width=4) (actual time=612.886..1005.431 rows=4094 loops=1)
              Filter: ((kind_id = 4) AND (production_year = 2001))
              Rows Removed by Filter: 2524218
Planning time: 0.752 ms
Execution time: 2328.900 ms
