Seq Scan on movie_keyword mk  (cost=0.00..81003.12 rows=4167585 width=0) (actual time=0.016..1647.417 rows=4169836 loops=1)
  Filter: (keyword_id < 47141)
  Rows Removed by Filter: 354094
Planning time: 0.348 ms
Execution time: 2171.960 ms
