Seq Scan on movie_keyword mk  (cost=0.00..81003.12 rows=419586 width=0) (actual time=0.024..1378.997 rows=411045 loops=1)
  Filter: (keyword_id > 42060)
  Rows Removed by Filter: 4112885
Planning time: 0.320 ms
Execution time: 1432.603 ms
