Hash Join  (cost=83891.93..194840.70 rows=474299 width=0) (actual time=1400.269..4021.528 rows=1301364 loops=1)
  Hash Cond: (mk.movie_id = t.id)
  ->  Seq Scan on movie_keyword mk  (cost=0.00..81003.12 rows=1974309 width=4) (actual time=0.022..1461.773 rows=1982677 loops=1)
        Filter: (keyword_id > 6366)
        Rows Removed by Filter: 2541253
  ->  Hash  (cost=73925.90..73925.90 rows=607442 width=4) (actual time=1399.327..1399.327 rows=675690 loops=1)
        Buckets: 131072  Batches: 8  Memory Usage: 4020kB
        ->  Seq Scan on title t  (cost=0.00..73925.90 rows=607442 width=4) (actual time=0.021..1175.175 rows=675690 loops=1)
              Filter: ((kind_id < 7) AND (production_year < 2007))
              Rows Removed by Filter: 1852622
Planning time: 0.787 ms
Execution time: 4146.522 ms
