Hash Join  (cost=151063.99..205749.96 rows=2045 width=0) (actual time=2499.087..3637.462 rows=5088 loops=1)
  Hash Cond: (mc.movie_id = t.id)
  ->  Seq Scan on movie_companies mc  (cost=0.00..44881.29 rows=2609129 width=4) (actual time=0.020..627.789 rows=2609129 loops=1)
  ->  Hash  (cost=151039.21..151039.21 rows=1982 width=8) (actual time=2491.173..2491.173 rows=4006 loops=1)
        Buckets: 4096 (originally 2048)  Batches: 1 (originally 1)  Memory Usage: 189kB
        ->  Hash Join  (cost=69002.72..151039.21 rows=1982 width=8) (actual time=1145.105..2489.388 rows=4006 loops=1)
              Hash Cond: (mk.movie_id = t.id)
              ->  Seq Scan on movie_keyword mk  (cost=0.00..81003.12 rows=58811 width=4) (actual time=0.353..1323.708 rows=58448 loops=1)
                    Filter: (keyword_id = 16264)
                    Rows Removed by Filter: 4465482
              ->  Hash  (cost=67604.59..67604.59 rows=85211 width=4) (actual time=1128.869..1128.869 rows=84593 loops=1)
                    Buckets: 131072  Batches: 2  Memory Usage: 2524kB
                    ->  Seq Scan on title t  (cost=0.00..67604.59 rows=85211 width=4) (actual time=0.029..1088.492 rows=84593 loops=1)
                          Filter: (production_year = 2004)
                          Rows Removed by Filter: 2443719
Planning time: 1.024 ms
Execution time: 3638.533 ms
