Seq Scan on cast_info ci  (cost=0.00..705507.15 rows=19547613 width=0) (actual time=1721.232..12517.293 rows=19712056 loops=1)
  Filter: (person_id > 1636908)
  Rows Removed by Filter: 16532288
Planning time: 0.341 ms
Execution time: 14977.096 ms
