Seq Scan on movie_keyword mk  (cost=0.00..81003.12 rows=246 width=0) (actual time=7.318..1167.434 rows=866 loops=1)
  Filter: (keyword_id = 6443)
  Rows Removed by Filter: 4523064
Planning time: 2.184 ms
Execution time: 1167.875 ms
