Hash Join  (cost=67697.55..795201.82 rows=17119 width=0) (actual time=1009.849..15048.996 rows=637 loops=1)
  Hash Cond: (ci.movie_id = t.id)
  ->  Seq Scan on cast_info ci  (cost=0.00..705507.15 rows=5820248 width=4) (actual time=0.013..13121.182 rows=5732694 loops=1)
        Filter: (role_id > 8)
        Rows Removed by Filter: 30511650
  ->  Hash  (cost=67604.59..67604.59 rows=7437 width=4) (actual time=991.995..991.995 rows=4012 loops=1)
        Buckets: 8192  Batches: 1  Memory Usage: 206kB
        ->  Seq Scan on title t  (cost=0.00..67604.59 rows=7437 width=4) (actual time=215.453..990.116 rows=4012 loops=1)
              Filter: (production_year = 1920)
              Rows Removed by Filter: 2524300
Planning time: 0.800 ms
Execution time: 15049.367 ms
