Seq Scan on cast_info ci  (cost=0.00..796071.18 rows=28668778 width=0) (actual time=0.028..16725.039 rows=28549317 loops=1)
  Filter: ((person_id > 309175) AND (role_id < 10))
  Rows Removed by Filter: 7695027
Planning time: 2.709 ms
Execution time: 20068.085 ms
