Seq Scan on movie_keyword mk  (cost=0.00..81003.12 rows=1603799 width=0) (actual time=0.014..1252.080 rows=1615748 loops=1)
  Filter: (keyword_id > 9347)
  Rows Removed by Filter: 2908182
Planning time: 0.230 ms
Execution time: 1463.413 ms
