Seq Scan on movie_keyword mk  (cost=0.00..81003.12 rows=327557 width=0) (actual time=0.026..1298.375 rows=325575 loops=1)
  Filter: (keyword_id > 50464)
  Rows Removed by Filter: 4198355
Planning time: 0.374 ms
Execution time: 1341.982 ms
