Hash Join  (cost=74251.74..888101.51 rows=47568 width=0) (actual time=974.566..15936.751 rows=29732 loops=1)
  Hash Cond: (ci.movie_id = t.id)
  ->  Seq Scan on cast_info ci  (cost=0.00..796071.18 rows=4614110 width=4) (actual time=0.014..14431.892 rows=1915378 loops=1)
        Filter: ((person_id < 2917423) AND (role_id > 8))
        Rows Removed by Filter: 34328966
  ->  Hash  (cost=73925.90..73925.90 rows=26067 width=4) (actual time=974.282..974.282 rows=27085 loops=1)
        Buckets: 32768  Batches: 1  Memory Usage: 1209kB
        ->  Seq Scan on title t  (cost=0.00..73925.90 rows=26067 width=4) (actual time=0.023..965.247 rows=27085 loops=1)
              Filter: ((kind_id < 7) AND (production_year > 2012))
              Rows Removed by Filter: 2501227
Planning time: 0.820 ms
Execution time: 15942.203 ms
