Seq Scan on cast_info ci  (cost=0.00..705507.15 rows=500 width=0) (actual time=7668.914..10909.128 rows=42 loops=1)
  Filter: (person_id = 1269433)
  Rows Removed by Filter: 36244302
Planning time: 2.980 ms
Execution time: 10909.224 ms
