Hash Join  (cost=574997.20..1545461.17 rows=7180132 width=0) (actual time=15641.187..35019.464 rows=7646499 loops=1)
  Hash Cond: (ci.movie_id = t.id)
  ->  Seq Scan on cast_info ci  (cost=0.00..705507.15 rows=12235537 width=4) (actual time=2786.027..12883.185 rows=12319509 loops=1)
        Filter: (person_id > 2453800)
        Rows Removed by Filter: 23924835
  ->  Hash  (cost=550652.64..550652.64 rows=1483805 width=8) (actual time=12853.669..12853.669 rows=701373 loops=1)
        Buckets: 131072  Batches: 32  Memory Usage: 1868kB
        ->  Hash Join  (cost=80549.28..550652.64 rows=1483805 width=8) (actual time=1592.440..12636.571 rows=701373 loops=1)
              Hash Cond: (mi.movie_id = t.id)
              ->  Seq Scan on movie_info mi  (cost=0.00..346232.03 rows=9293409 width=4) (actual time=306.699..6626.663 rows=9425200 loops=1)
                    Filter: (info_type_id > 5)
                    Rows Removed by Filter: 5410520
              ->  Hash  (cost=73925.90..73925.90 rows=403710 width=4) (actual time=1284.873..1284.873 rows=434218 loops=1)
                    Buckets: 131072  Batches: 8  Memory Usage: 2941kB
                    ->  Seq Scan on title t  (cost=0.00..73925.90 rows=403710 width=4) (actual time=0.027..1141.838 rows=434218 loops=1)
                          Filter: ((production_year > 2008) AND (kind_id = 7))
                          Rows Removed by Filter: 2094094
Planning time: 1.273 ms
Execution time: 35930.162 ms
