Hash Join  (cost=82033.88..436577.10 rows=92236 width=0) (actual time=5986.301..7555.778 rows=240260 loops=1)
  Hash Cond: (mi.movie_id = t.id)
  ->  Seq Scan on movie_info mi  (cost=0.00..346232.03 rows=471955 width=4) (actual time=4466.455..5628.658 rows=543367 loops=1)
        Filter: (info_type_id > 98)
        Rows Removed by Filter: 14292353
  ->  Hash  (cost=73925.90..73925.90 rows=494158 width=4) (actual time=1519.018..1519.018 rows=581419 loops=1)
        Buckets: 131072  Batches: 8  Memory Usage: 3601kB
        ->  Seq Scan on title t  (cost=0.00..73925.90 rows=494158 width=4) (actual time=0.026..1330.165 rows=581419 loops=1)
              Filter: ((kind_id < 7) AND (production_year < 2004))
              Rows Removed by Filter: 1946893
Planning time: 0.761 ms
Execution time: 7586.299 ms
