Hash Join  (cost=80355.62..1171835.94 rows=5614616 width=0) (actual time=1187.728..33390.242 rows=5228865 loops=1)
  Hash Cond: (ci.movie_id = t.id)
  ->  Seq Scan on cast_info ci  (cost=0.00..614943.12 rows=36225612 width=4) (actual time=0.012..13704.712 rows=36244344 loops=1)
  ->  Hash  (cost=73925.90..73925.90 rows=391897 width=4) (actual time=1186.827..1186.827 rows=289693 loops=1)
        Buckets: 131072  Batches: 8  Memory Usage: 2301kB
        ->  Seq Scan on title t  (cost=0.00..73925.90 rows=391897 width=4) (actual time=213.233..1095.663 rows=289693 loops=1)
              Filter: ((kind_id < 2) AND (production_year > 1998))
              Rows Removed by Filter: 2238619
Planning time: 2.266 ms
Execution time: 33980.928 ms
