Hash Join  (cost=124827.45..193508.32 rows=109170 width=0) (actual time=3078.251..4588.574 rows=589779 loops=1)
  Hash Cond: (mc.movie_id = t.id)
  ->  Seq Scan on movie_companies mc  (cost=0.00..51404.11 rows=1329612 width=4) (actual time=289.307..977.962 rows=1334883 loops=1)
        Filter: (company_type_id = 2)
        Rows Removed by Filter: 1274246
  ->  Hash  (cost=121421.32..121421.32 rows=207610 width=8) (actual time=2788.064..2788.064 rows=472643 loops=1)
        Buckets: 131072 (originally 131072)  Batches: 8 (originally 4)  Memory Usage: 3339kB
        ->  Hash Join  (cost=80166.74..121421.32 rows=207610 width=8) (actual time=1460.621..2653.572 rows=472643 loops=1)
              Hash Cond: (mi_idx.movie_id = t.id)
              ->  Seq Scan on movie_info_idx mi_idx  (cost=0.00..21735.35 rows=1380035 width=4) (actual time=0.017..393.033 rows=1380035 loops=1)
              ->  Hash  (cost=73925.90..73925.90 rows=380387 width=4) (actual time=1459.633..1459.633 rows=484820 loops=1)
                    Buckets: 131072  Batches: 8  Memory Usage: 3166kB
                    ->  Seq Scan on title t  (cost=0.00..73925.90 rows=380387 width=4) (actual time=0.068..1306.721 rows=484820 loops=1)
                          Filter: ((kind_id < 7) AND (production_year < 1999))
                          Rows Removed by Filter: 2043492
Planning time: 1.242 ms
Execution time: 4660.654 ms
