Hash Join  (cost=102767.86..183517.07 rows=537863 width=0) (actual time=2140.883..3406.504 rows=253699 loops=1)
  Hash Cond: (mc.movie_id = t.id)
  ->  Seq Scan on movie_companies mc  (cost=0.00..57926.93 rows=537863 width=4) (actual time=250.097..940.620 rows=253699 loops=1)
        Filter: ((company_id > 13977) AND (company_type_id = 1))
        Rows Removed by Filter: 2355430
  ->  Hash  (cost=61283.27..61283.27 rows=2528527 width=4) (actual time=1889.322..1889.322 rows=2528312 loops=1)
        Buckets: 131072  Batches: 64  Memory Usage: 2415kB
        ->  Seq Scan on title t  (cost=0.00..61283.27 rows=2528527 width=4) (actual time=0.030..1082.954 rows=2528312 loops=1)
Planning time: 0.898 ms
Execution time: 3434.677 ms
