Hash Join  (cost=190230.21..1357004.62 rows=11714320 width=0) (actual time=4372.798..43516.978 rows=25417931 loops=1)
  Hash Cond: (ci.movie_id = t.id)
  ->  Seq Scan on cast_info ci  (cost=0.00..796071.18 rows=21463206 width=4) (actual time=0.020..19228.230 rows=22722751 loops=1)
        Filter: ((person_id > 295496) AND (role_id > 1))
        Rows Removed by Filter: 13521593
  ->  Hash  (cost=167588.78..167588.78 rows=1380035 width=8) (actual time=4371.555..4371.555 rows=1380035 loops=1)
        Buckets: 131072  Batches: 32  Memory Usage: 2708kB
        ->  Hash Join  (cost=102767.86..167588.78 rows=1380035 width=8) (actual time=1994.290..3978.204 rows=1380035 loops=1)
              Hash Cond: (mi_idx.movie_id = t.id)
              ->  Seq Scan on movie_info_idx mi_idx  (cost=0.00..21735.35 rows=1380035 width=4) (actual time=0.015..518.056 rows=1380035 loops=1)
              ->  Hash  (cost=61283.27..61283.27 rows=2528527 width=4) (actual time=1992.816..1992.816 rows=2528312 loops=1)
                    Buckets: 131072  Batches: 64  Memory Usage: 2415kB
                    ->  Seq Scan on title t  (cost=0.00..61283.27 rows=2528527 width=4) (actual time=0.009..1174.874 rows=2528312 loops=1)
Planning time: 1.125 ms
Execution time: 46498.665 ms
