Hash Join  (cost=102767.86..1679829.98 rows=35809906 width=0) (actual time=1964.079..47702.771 rows=35804990 loops=1)
  Hash Cond: (ci.movie_id = t.id)
  ->  Seq Scan on cast_info ci  (cost=0.00..705507.15 rows=35809906 width=4) (actual time=0.019..16993.507 rows=35804990 loops=1)
        Filter: (person_id < 3978581)
        Rows Removed by Filter: 439354
  ->  Hash  (cost=61283.27..61283.27 rows=2528527 width=4) (actual time=1962.320..1962.320 rows=2528312 loops=1)
        Buckets: 131072  Batches: 64  Memory Usage: 2415kB
        ->  Seq Scan on title t  (cost=0.00..61283.27 rows=2528527 width=4) (actual time=0.018..1091.947 rows=2528312 loops=1)
Planning time: 1.872 ms
Execution time: 51602.345 ms
