Hash Join  (cost=83074.62..137742.08 rows=193 width=0) (actual time=1367.192..2481.242 rows=12153 loops=1)
  Hash Cond: (mc.movie_id = t.id)
  ->  Seq Scan on movie_companies mc  (cost=0.00..44881.29 rows=2609129 width=4) (actual time=0.020..603.966 rows=2609129 loops=1)
  ->  Hash  (cost=83072.29..83072.29 rows=187 width=8) (actual time=1359.913..1359.913 rows=3662 loops=1)
        Buckets: 4096 (originally 1024)  Batches: 1 (originally 1)  Memory Usage: 176kB
        ->  Nested Loop  (cost=0.43..83072.29 rows=187 width=8) (actual time=0.542..1357.623 rows=3662 loops=1)
              ->  Seq Scan on movie_keyword mk  (cost=0.00..81003.12 rows=246 width=4) (actual time=0.509..1267.701 rows=3922 loops=1)
                    Filter: (keyword_id = 3658)
                    Rows Removed by Filter: 4520008
              ->  Index Scan using title_pkey on title t  (cost=0.43..8.40 rows=1 width=4) (actual time=0.022..0.022 rows=1 loops=3922)
                    Index Cond: (id = mk.movie_id)
                    Filter: (production_year < 2010)
                    Rows Removed by Filter: 0
Planning time: 5.146 ms
Execution time: 2483.302 ms
