Hash Join  (cost=141953.15..223785.14 rows=491948 width=0) (actual time=3093.326..5048.491 rows=511743 loops=1)
  Hash Cond: (mc.movie_id = t.id)
  ->  Seq Scan on movie_companies mc  (cost=0.00..44881.29 rows=2609129 width=4) (actual time=0.040..887.877 rows=2609129 loops=1)
  ->  Hash  (cost=134130.77..134130.77 rows=476750 width=8) (actual time=2893.154..2893.154 rows=237921 loops=1)
        Buckets: 131072  Batches: 8  Memory Usage: 2176kB
        ->  Hash Join  (cost=88257.79..134130.77 rows=476750 width=8) (actual time=2040.362..2821.912 rows=237921 loops=1)
              Hash Cond: (mi_idx.movie_id = t.id)
              ->  Seq Scan on movie_info_idx mi_idx  (cost=0.00..21735.35 rows=1380035 width=4) (actual time=0.017..472.020 rows=1380035 loops=1)
              ->  Hash  (cost=73925.90..73925.90 rows=873511 width=4) (actual time=1505.198..1505.198 rows=957299 loops=1)
                    Buckets: 131072  Batches: 16  Memory Usage: 3134kB
                    ->  Seq Scan on title t  (cost=0.00..73925.90 rows=873511 width=4) (actual time=0.024..1213.564 rows=957299 loops=1)
                          Filter: ((production_year > 1999) AND (kind_id = 7))
                          Rows Removed by Filter: 1571013
Planning time: 5.662 ms
Execution time: 5109.043 ms
