Seq Scan on movie_companies mc  (cost=0.00..57926.93 rows=363492 width=0) (actual time=0.026..947.103 rows=50287 loops=1)
  Filter: ((company_id > 37720) AND (company_type_id = 1))
  Rows Removed by Filter: 2558842
Planning time: 0.463 ms
Execution time: 954.076 ms
