Hash Join  (cost=156632.57..259434.87 rows=273991 width=0) (actual time=3410.862..5989.968 rows=1133524 loops=1)
  Hash Cond: (mk.movie_id = t.id)
  ->  Seq Scan on movie_keyword mk  (cost=0.00..81003.12 rows=1491272 width=4) (actual time=0.025..1566.199 rows=1508176 loops=1)
        Filter: (keyword_id > 10739)
        Rows Removed by Filter: 3015754
  ->  Hash  (cost=149010.49..149010.49 rows=464566 width=8) (actual time=3409.958..3409.958 rows=459925 loops=1)
        Buckets: 131072  Batches: 8  Memory Usage: 3284kB
        ->  Hash Join  (cost=102767.86..149010.49 rows=464566 width=8) (actual time=1976.646..3259.795 rows=459925 loops=1)
              Hash Cond: (mi_idx.movie_id = t.id)
              ->  Seq Scan on movie_info_idx mi_idx  (cost=0.00..25185.44 rows=464566 width=4) (actual time=0.020..431.521 rows=459925 loops=1)
                    Filter: (info_type_id = 101)
                    Rows Removed by Filter: 920110
              ->  Hash  (cost=61283.27..61283.27 rows=2528527 width=4) (actual time=1975.704..1975.704 rows=2528312 loops=1)
                    Buckets: 131072  Batches: 64  Memory Usage: 2415kB
                    ->  Seq Scan on title t  (cost=0.00..61283.27 rows=2528527 width=4) (actual time=0.016..1132.838 rows=2528312 loops=1)
Planning time: 1.123 ms
Execution time: 6123.093 ms
