Hash Join  (cost=171421.85..554059.60 rows=86956 width=0) (actual time=3019.259..10783.758 rows=353187 loops=1)
  Hash Cond: (mi.movie_id = t.id)
  ->  Seq Scan on movie_info mi  (cost=0.00..346232.03 rows=9476311 width=4) (actual time=0.017..5702.146 rows=9565151 loops=1)
        Filter: (info_type_id < 16)
        Rows Removed by Filter: 5270569
  ->  Hash  (cost=171131.83..171131.83 rows=23202 width=8) (actual time=3018.957..3018.957 rows=42064 loops=1)
        Buckets: 65536 (originally 32768)  Batches: 1 (originally 1)  Memory Usage: 2156kB
        ->  Hash Join  (cost=102767.86..171131.83 rows=23202 width=8) (actual time=1932.972..3007.280 rows=42064 loops=1)
              Hash Cond: (mc.movie_id = t.id)
              ->  Seq Scan on movie_companies mc  (cost=0.00..57926.93 rows=23202 width=4) (actual time=0.149..796.814 rows=42064 loops=1)
                    Filter: ((company_id = 19) AND (company_type_id = 1))
                    Rows Removed by Filter: 2567065
              ->  Hash  (cost=61283.27..61283.27 rows=2528527 width=4) (actual time=1930.358..1930.358 rows=2528312 loops=1)
                    Buckets: 131072  Batches: 64  Memory Usage: 2415kB
                    ->  Seq Scan on title t  (cost=0.00..61283.27 rows=2528527 width=4) (actual time=0.019..1097.827 rows=2528312 loops=1)
Planning time: 1.279 ms
Execution time: 10831.999 ms
