Hash Join  (cost=71089.54..110771.25 rows=115923 width=0) (actual time=1230.791..2285.366 rows=114067 loops=1)
  Hash Cond: (mi_idx.movie_id = t.id)
  ->  Seq Scan on movie_info_idx mi_idx  (cost=0.00..21735.35 rows=1380035 width=4) (actual time=0.043..462.462 rows=1380035 loops=1)
  ->  Hash  (cost=67604.59..67604.59 rows=212396 width=4) (actual time=1229.989..1229.989 rows=211624 loops=1)
        Buckets: 131072  Batches: 4  Memory Usage: 2883kB
        ->  Seq Scan on title t  (cost=0.00..67604.59 rows=212396 width=4) (actual time=0.030..1159.720 rows=211624 loops=1)
              Filter: (production_year < 1957)
              Rows Removed by Filter: 2316688
Planning time: 0.812 ms
Execution time: 2299.935 ms
