Hash Join  (cost=504695.91..581850.37 rows=595330 width=0) (actual time=9687.143..12505.376 rows=2633957 loops=1)
  Hash Cond: (mc.movie_id = t.id)
  ->  Seq Scan on movie_companies mc  (cost=0.00..51404.11 rows=1329612 width=4) (actual time=0.023..1088.329 rows=1334883 loops=1)
        Filter: (company_type_id = 2)
        Rows Removed by Filter: 1274246
  ->  Hash  (cost=486121.16..486121.16 rows=1132140 width=8) (actual time=9686.243..9686.243 rows=1180649 loops=1)
        Buckets: 131072  Batches: 16  Memory Usage: 3828kB
        ->  Hash Join  (cost=102767.86..486121.16 rows=1132140 width=8) (actual time=2063.002..9320.034 rows=1180649 loops=1)
              Hash Cond: (mi.movie_id = t.id)
              ->  Seq Scan on movie_info mi  (cost=0.00..346232.03 rows=1132140 width=4) (actual time=0.017..5858.219 rows=1180649 loops=1)
                    Filter: (info_type_id > 42)
                    Rows Removed by Filter: 13655071
              ->  Hash  (cost=61283.27..61283.27 rows=2528527 width=4) (actual time=2060.130..2060.130 rows=2528312 loops=1)
                    Buckets: 131072  Batches: 64  Memory Usage: 2425kB
                    ->  Seq Scan on title t  (cost=0.00..61283.27 rows=2528527 width=4) (actual time=0.013..1191.316 rows=2528312 loops=1)
Planning time: 1.172 ms
Execution time: 12814.411 ms
