Seq Scan on movie_keyword mk  (cost=0.00..81003.12 rows=1033571 width=0) (actual time=0.024..1377.981 rows=1038743 loops=1)
  Filter: (keyword_id > 17069)
  Rows Removed by Filter: 3485187
Planning time: 0.317 ms
Execution time: 1512.122 ms
