Hash Join  (cost=273071.82..1643048.36 rows=28317043 width=0) (actual time=5578.431..40858.502 rows=21221724 loops=1)
  Hash Cond: (ci.movie_id = t.id)
  ->  Seq Scan on cast_info ci  (cost=0.00..614943.12 rows=36225612 width=4) (actual time=0.013..13827.665 rows=36244344 loops=1)
  ->  Hash  (cost=240644.40..240644.40 rows=1976513 width=8) (actual time=5577.102..5577.102 rows=735010 loops=1)
        Buckets: 131072  Batches: 32  Memory Usage: 1900kB
        ->  Hash Join  (cost=94973.51..240644.40 rows=1976513 width=8) (actual time=1862.400..5165.108 rows=735010 loops=1)
              Hash Cond: (mk.movie_id = t.id)
              ->  Seq Scan on movie_keyword mk  (cost=0.00..81003.12 rows=2995927 width=4) (actual time=0.027..1585.106 rows=2980859 loops=1)
                    Filter: (keyword_id < 10260)
                    Rows Removed by Filter: 1543071
              ->  Hash  (cost=67604.59..67604.59 rows=1668154 width=4) (actual time=1860.695..1860.695 rows=1674098 loops=1)
                    Buckets: 131072  Batches: 32  Memory Usage: 2875kB
                    ->  Seq Scan on title t  (cost=0.00..67604.59 rows=1668154 width=4) (actual time=0.016..1295.318 rows=1674098 loops=1)
                          Filter: (kind_id > 3)
                          Rows Removed by Filter: 854214
Planning time: 1.137 ms
Execution time: 43076.792 ms
