Seq Scan on movie_keyword mk  (cost=0.00..81003.12 rows=246 width=0) (actual time=3.680..1270.294 rows=388 loops=1)
  Filter: (keyword_id = 6915)
  Rows Removed by Filter: 4523542
Planning time: 0.358 ms
Execution time: 1270.552 ms
