Seq Scan on movie_companies mc  (cost=0.00..57926.93 rows=51 width=0) (actual time=116.887..868.050 rows=8 loops=1)
  Filter: ((company_type_id < 2) AND (company_id = 27704))
  Rows Removed by Filter: 2609121
Planning time: 0.392 ms
Execution time: 868.160 ms
