Hash Join  (cost=122137.64..532416.39 rows=268281 width=0) (actual time=2708.027..11548.158 rows=1915198 loops=1)
  Hash Cond: (mi.movie_id = t.id)
  ->  Seq Scan on movie_info mi  (cost=0.00..346232.03 rows=5263441 width=4) (actual time=187.731..6427.293 rows=5270569 loops=1)
        Filter: (info_type_id > 15)
        Rows Removed by Filter: 9565151
  ->  Hash  (cost=120022.62..120022.62 rows=128881 width=8) (actual time=2519.428..2519.428 rows=266124 loops=1)
        Buckets: 131072 (originally 131072)  Batches: 4 (originally 2)  Memory Usage: 3638kB
        ->  Hash Join  (cost=85435.26..120022.62 rows=128881 width=8) (actual time=1494.471..2425.737 rows=266124 loops=1)
              Hash Cond: (mi_idx.movie_id = t.id)
              ->  Seq Scan on movie_info_idx mi_idx  (cost=0.00..25185.44 rows=464566 width=4) (actual time=0.029..472.032 rows=459925 loops=1)
                    Filter: (info_type_id = 101)
                    Rows Removed by Filter: 920110
              ->  Hash  (cost=73925.90..73925.90 rows=701468 width=4) (actual time=1493.579..1493.579 rows=749931 loops=1)
                    Buckets: 131072  Batches: 16  Memory Usage: 2673kB
                    ->  Seq Scan on title t  (cost=0.00..73925.90 rows=701468 width=4) (actual time=0.028..1260.282 rows=749931 loops=1)
                          Filter: ((kind_id < 7) AND (production_year < 2009))
                          Rows Removed by Filter: 1778381
Planning time: 1.194 ms
Execution time: 11753.689 ms
