Hash Join  (cost=83072.96..110000.53 rows=1 width=0) (actual time=1298.809..1725.759 rows=15 loops=1)
  Hash Cond: (mi_idx.movie_id = t.id)
  ->  Seq Scan on movie_info_idx mi_idx  (cost=0.00..25185.44 rows=464566 width=4) (actual time=0.022..423.204 rows=459925 loops=1)
        Filter: (info_type_id = 101)
        Rows Removed by Filter: 920110
  ->  Hash  (cost=83072.90..83072.90 rows=5 width=8) (actual time=1239.569..1239.569 rows=15 loops=1)
        Buckets: 1024  Batches: 1  Memory Usage: 9kB
        ->  Nested Loop  (cost=0.43..83072.90 rows=5 width=8) (actual time=195.923..1239.540 rows=15 loops=1)
              ->  Seq Scan on movie_keyword mk  (cost=0.00..81003.12 rows=246 width=4) (actual time=23.237..1226.437 rows=149 loops=1)
                    Filter: (keyword_id = 3291)
                    Rows Removed by Filter: 4523781
              ->  Index Scan using title_pkey on title t  (cost=0.43..8.40 rows=1 width=4) (actual time=0.085..0.085 rows=0 loops=149)
                    Index Cond: (id = mk.movie_id)
                    Filter: ((kind_id < 7) AND (production_year = 2009))
                    Rows Removed by Filter: 1
Planning time: 1.285 ms
Execution time: 1725.916 ms
