Seq Scan on movie_keyword mk  (cost=0.00..81003.12 rows=246 width=0) (actual time=34.144..1314.721 rows=229 loops=1)
  Filter: (keyword_id = 3205)
  Rows Removed by Filter: 4523701
Planning time: 0.245 ms
Execution time: 1314.898 ms
