Hash Join  (cost=196092.20..1300455.89 rows=2460750 width=0) (actual time=4060.561..34552.161 rows=10565262 loops=1)
  Hash Cond: (ci.movie_id = t.id)
  ->  Seq Scan on cast_info ci  (cost=0.00..614943.12 rows=36225612 width=4) (actual time=0.015..12876.210 rows=36244344 loops=1)
  ->  Hash  (cost=193274.21..193274.21 rows=171759 width=8) (actual time=4059.675..4059.675 rows=175199 loops=1)
        Buckets: 131072  Batches: 4  Memory Usage: 2760kB
        ->  Hash Join  (cost=69179.59..193274.21 rows=171759 width=8) (actual time=1207.783..4003.361 rows=175199 loops=1)
              Hash Cond: (mk.movie_id = t.id)
              ->  Seq Scan on movie_keyword mk  (cost=0.00..69693.30 rows=4523930 width=4) (actual time=0.019..1385.406 rows=4523930 loops=1)
              ->  Hash  (cost=67604.59..67604.59 rows=96000 width=4) (actual time=1206.523..1206.523 rows=95005 loops=1)
                    Buckets: 131072  Batches: 2  Memory Usage: 2722kB
                    ->  Seq Scan on title t  (cost=0.00..67604.59 rows=96000 width=4) (actual time=0.027..1045.342 rows=95005 loops=1)
                          Filter: (production_year = 2005)
                          Rows Removed by Filter: 2433307
Planning time: 0.992 ms
Execution time: 35845.048 ms
