Hash Join  (cost=123872.41..615656.27 rows=1122492 width=0) (actual time=2988.034..16064.723 rows=3893979 loops=1)
  Hash Cond: (mi.movie_id = t.id)
  ->  Seq Scan on movie_info mi  (cost=0.00..309384.22 rows=14739122 width=4) (actual time=0.020..6204.167 rows=14835720 loops=1)
  ->  Hash  (cost=120712.33..120712.33 rows=192566 width=8) (actual time=2987.191..2987.191 rows=233750 loops=1)
        Buckets: 131072  Batches: 4  Memory Usage: 3303kB
        ->  Hash Join  (cost=79715.19..120712.33 rows=192566 width=8) (actual time=1380.151..2585.492 rows=233750 loops=1)
              Hash Cond: (mi_idx.movie_id = t.id)
              ->  Seq Scan on movie_info_idx mi_idx  (cost=0.00..21735.35 rows=1380035 width=4) (actual time=0.019..494.121 rows=1380035 loops=1)
              ->  Hash  (cost=73925.90..73925.90 rows=352823 width=4) (actual time=1379.231..1379.231 rows=302088 loops=1)
                    Buckets: 131072  Batches: 8  Memory Usage: 2342kB
                    ->  Seq Scan on title t  (cost=0.00..73925.90 rows=352823 width=4) (actual time=0.026..1276.552 rows=302088 loops=1)
                          Filter: ((kind_id < 7) AND (production_year > 2006))
                          Rows Removed by Filter: 2226224
Planning time: 1.895 ms
Execution time: 16512.762 ms
