Seq Scan on cast_info ci  (cost=0.00..796071.18 rows=1467257 width=0) (actual time=6028.643..12056.307 rows=2302334 loops=1)
  Filter: ((person_id > 3612178) AND (role_id > 1))
  Rows Removed by Filter: 33942010
Planning time: 0.336 ms
Execution time: 12340.997 ms
