Nested Loop  (cost=0.43..52283.95 rows=77 width=0) (actual time=324.163..675.212 rows=418 loops=1)
  ->  Seq Scan on movie_companies mc  (cost=0.00..51404.11 rows=104 width=4) (actual time=324.080..669.008 rows=418 loops=1)
        Filter: (company_id = 455)
        Rows Removed by Filter: 2608711
  ->  Index Scan using title_pkey on title t  (cost=0.43..8.45 rows=1 width=4) (actual time=0.014..0.014 rows=1 loops=418)
        Index Cond: (id = mc.movie_id)
        Filter: (kind_id > 1)
Planning time: 0.716 ms
Execution time: 675.439 ms
