Hash Join  (cost=73982.55..440046.82 rows=9434 width=0) (actual time=1276.479..7917.335 rows=5859 loops=1)
  Hash Cond: (mi.movie_id = t.id)
  ->  Seq Scan on movie_info mi  (cost=0.00..346232.03 rows=5263441 width=4) (actual time=0.012..5845.785 rows=5270569 loops=1)
        Filter: (info_type_id > 15)
        Rows Removed by Filter: 9565151
  ->  Hash  (cost=73925.90..73925.90 rows=4532 width=4) (actual time=1208.834..1208.834 rows=3662 loops=1)
        Buckets: 8192  Batches: 1  Memory Usage: 193kB
        ->  Seq Scan on title t  (cost=0.00..73925.90 rows=4532 width=4) (actual time=0.025..1206.714 rows=3662 loops=1)
              Filter: ((kind_id = 7) AND (production_year = 1953))
              Rows Removed by Filter: 2524650
Planning time: 11.974 ms
Execution time: 7918.341 ms
