Hash Join  (cost=70241.71..883656.84 rows=87109 width=0) (actual time=4325.268..14160.653 rows=153629 loops=1)
  Hash Cond: (ci.movie_id = t.id)
  ->  Seq Scan on cast_info ci  (cost=0.00..796071.18 rows=1370363 width=4) (actual time=3197.143..11837.805 rows=2720743 loops=1)
        Filter: ((person_id < 362322) AND (role_id = 1))
        Rows Removed by Filter: 33523601
  ->  Hash  (cost=67604.59..67604.59 rows=160730 width=4) (actual time=1119.584..1119.584 rows=160017 loops=1)
        Buckets: 131072  Batches: 4  Memory Usage: 2436kB
        ->  Seq Scan on title t  (cost=0.00..67604.59 rows=160730 width=4) (actual time=0.028..1063.298 rows=160017 loops=1)
              Filter: (production_year = 2011)
              Rows Removed by Filter: 2368295
Planning time: 0.794 ms
Execution time: 14181.519 ms
