Hash Join  (cost=83074.74..898718.80 rows=508 width=0) (actual time=4822.349..16276.369 rows=42010 loops=1)
  Hash Cond: (ci.movie_id = t.id)
  ->  Seq Scan on cast_info ci  (cost=0.00..796071.18 rows=5218080 width=4) (actual time=3367.570..13186.240 rows=10340737 loops=1)
        Filter: ((person_id > 2521212) AND (role_id > 2))
        Rows Removed by Filter: 25903607
  ->  Hash  (cost=83071.67..83071.67 rows=246 width=8) (actual time=1454.255..1454.255 rows=2401 loops=1)
        Buckets: 4096 (originally 1024)  Batches: 1 (originally 1)  Memory Usage: 126kB
        ->  Nested Loop  (cost=0.43..83071.67 rows=246 width=8) (actual time=0.135..1452.571 rows=2401 loops=1)
              ->  Seq Scan on movie_keyword mk  (cost=0.00..81003.12 rows=246 width=4) (actual time=0.063..1369.016 rows=2401 loops=1)
                    Filter: (keyword_id = 1586)
                    Rows Removed by Filter: 4521529
              ->  Index Only Scan using title_pkey on title t  (cost=0.43..8.40 rows=1 width=4) (actual time=0.033..0.034 rows=1 loops=2401)
                    Index Cond: (id = mk.movie_id)
                    Heap Fetches: 2401
Planning time: 1.164 ms
Execution time: 16284.681 ms
