Hash Join  (cost=58375.85..423034.86 rows=309 width=0) (actual time=907.592..6924.430 rows=1560 loops=1)
  Hash Cond: (mi.movie_id = t.id)
  ->  Seq Scan on movie_info mi  (cost=0.00..309384.22 rows=14739122 width=4) (actual time=0.010..3412.895 rows=14835720 loops=1)
  ->  Hash  (cost=58375.18..58375.18 rows=53 width=8) (actual time=872.684..872.684 rows=414 loops=1)
        Buckets: 1024  Batches: 1  Memory Usage: 25kB
        ->  Nested Loop  (cost=0.43..58375.18 rows=53 width=8) (actual time=421.444..872.475 rows=414 loops=1)
              ->  Seq Scan on movie_companies mc  (cost=0.00..57926.93 rows=53 width=4) (actual time=421.343..865.560 rows=414 loops=1)
                    Filter: ((company_id = 2507) AND (company_type_id = 2))
                    Rows Removed by Filter: 2608715
              ->  Index Only Scan using title_pkey on title t  (cost=0.43..8.45 rows=1 width=4) (actual time=0.016..0.016 rows=1 loops=414)
                    Index Cond: (id = mc.movie_id)
                    Heap Fetches: 414
Planning time: 1.130 ms
Execution time: 6924.786 ms
