Seq Scan on movie_companies mc  (cost=0.00..57926.93 rows=700233 width=0) (actual time=0.028..1035.103 rows=442214 loops=1)
  Filter: ((company_id < 11694) AND (company_type_id > 1))
  Rows Removed by Filter: 2166915
Planning time: 0.358 ms
Execution time: 1086.031 ms
