Hash Join  (cost=434498.42..521761.93 rows=60547 width=0) (actual time=7136.291..9017.448 rows=74786 loops=1)
  Hash Cond: (mk.movie_id = t.id)
  ->  Seq Scan on movie_keyword mk  (cost=0.00..69693.30 rows=4523930 width=4) (actual time=0.026..1003.883 rows=4523930 loops=1)
  ->  Hash  (cost=434075.41..434075.41 rows=33841 width=8) (actual time=7131.255..7131.255 rows=13978 loops=1)
        Buckets: 65536  Batches: 1  Memory Usage: 1059kB
        ->  Hash Join  (cost=75292.52..434075.41 rows=33841 width=8) (actual time=1137.835..7125.404 rows=13978 loops=1)
              Hash Cond: (mi.movie_id = t.id)
              ->  Seq Scan on movie_info mi  (cost=0.00..346232.03 rows=1027854 width=4) (actual time=0.021..5361.694 rows=1083166 loops=1)
                    Filter: (info_type_id > 70)
                    Rows Removed by Filter: 13752554
              ->  Hash  (cost=73925.90..73925.90 rows=83249 width=4) (actual time=1078.762..1078.762 rows=101793 loops=1)
                    Buckets: 131072  Batches: 2  Memory Usage: 2809kB
                    ->  Seq Scan on title t  (cost=0.00..73925.90 rows=83249 width=4) (actual time=0.024..1038.932 rows=101793 loops=1)
                          Filter: ((kind_id > 1) AND (production_year = 2007))
                          Rows Removed by Filter: 2426519
Planning time: 1.205 ms
Execution time: 9027.570 ms
