Seq Scan on cast_info ci  (cost=0.00..796071.18 rows=21820499 width=0) (actual time=0.023..17025.762 rows=20942507 loops=1)
  Filter: ((person_id < 3553549) AND (role_id > 1))
  Rows Removed by Filter: 15301837
Planning time: 0.361 ms
Execution time: 19629.464 ms
