Hash Join  (cost=87633.46..629341.52 rows=4272036 width=0) (actual time=1801.047..16187.796 rows=2350464 loops=1)
  Hash Cond: (mi.movie_id = t.id)
  ->  Seq Scan on movie_info mi  (cost=0.00..346232.03 rows=12928982 width=4) (actual time=0.016..6986.253 rows=12970088 loops=1)
        Filter: (info_type_id < 18)
        Rows Removed by Filter: 1865632
  ->  Hash  (cost=73925.90..73925.90 rows=835484 width=4) (actual time=1799.698..1799.698 rows=906916 loops=1)
        Buckets: 131072  Batches: 16  Memory Usage: 3030kB
        ->  Seq Scan on title t  (cost=0.00..73925.90 rows=835484 width=4) (actual time=0.016..1491.078 rows=906916 loops=1)
              Filter: ((kind_id > 2) AND (production_year > 2003))
              Rows Removed by Filter: 1621396
Planning time: 0.877 ms
Execution time: 16477.600 ms
