Hash Join  (cost=102767.86..1105121.71 rows=8162257 width=0) (actual time=6320.148..25382.252 rows=9715061 loops=1)
  Hash Cond: (ci.movie_id = t.id)
  ->  Seq Scan on cast_info ci  (cost=0.00..796071.18 rows=8162257 width=4) (actual time=4415.315..15173.798 rows=9715061 loops=1)
        Filter: ((person_id > 1171182) AND (role_id > 3))
        Rows Removed by Filter: 26529283
  ->  Hash  (cost=61283.27..61283.27 rows=2528527 width=4) (actual time=1903.001..1903.001 rows=2528312 loops=1)
        Buckets: 131072  Batches: 64  Memory Usage: 2415kB
        ->  Seq Scan on title t  (cost=0.00..61283.27 rows=2528527 width=4) (actual time=0.449..1088.900 rows=2528312 loops=1)
Planning time: 0.694 ms
Execution time: 26527.757 ms
