Hash Join  (cost=1264752.29..2439146.89 rows=51283046 width=0) (actual time=34051.547..91757.192 rows=160233289 loops=1)
  Hash Cond: (mi.movie_id = t.id)
  ->  Seq Scan on movie_info mi  (cost=0.00..309384.22 rows=14739122 width=4) (actual time=0.009..5941.153 rows=14835720 loops=1)
  ->  Hash  (cost=1120413.87..1120413.87 rows=8797713 width=8) (actual time=34046.596..34046.596 rows=12670688 loops=1)
        Buckets: 131072 (originally 131072)  Batches: 256 (originally 128)  Memory Usage: 3073kB
        ->  Hash Join  (cost=102767.86..1120413.87 rows=8797713 width=8) (actual time=1910.541..30296.624 rows=12670688 loops=1)
              Hash Cond: (ci.movie_id = t.id)
              ->  Seq Scan on cast_info ci  (cost=0.00..796071.18 rows=8797713 width=4) (actual time=0.018..15938.491 rows=12670688 loops=1)
                    Filter: ((person_id < 2584590) AND (role_id < 2))
                    Rows Removed by Filter: 23573656
              ->  Hash  (cost=61283.27..61283.27 rows=2528527 width=4) (actual time=1909.273..1909.273 rows=2528312 loops=1)
                    Buckets: 131072  Batches: 64  Memory Usage: 2415kB
                    ->  Seq Scan on title t  (cost=0.00..61283.27 rows=2528527 width=4) (actual time=0.014..1056.595 rows=2528312 loops=1)
Planning time: 0.776 ms
Execution time: 108496.064 ms
