Hash Join  (cost=102767.86..183722.22 rows=546426 width=0) (actual time=1943.897..3905.205 rows=756956 loops=1)
  Hash Cond: (mc.movie_id = t.id)
  ->  Seq Scan on movie_companies mc  (cost=0.00..57926.93 rows=546426 width=4) (actual time=73.135..1037.064 rows=756956 loops=1)
        Filter: ((company_id < 7781) AND (company_type_id < 2))
        Rows Removed by Filter: 1852173
  ->  Hash  (cost=61283.27..61283.27 rows=2528527 width=4) (actual time=1869.510..1869.510 rows=2528312 loops=1)
        Buckets: 131072  Batches: 64  Memory Usage: 2415kB
        ->  Seq Scan on title t  (cost=0.00..61283.27 rows=2528527 width=4) (actual time=0.021..1030.263 rows=2528312 loops=1)
Planning time: 0.695 ms
Execution time: 3995.063 ms
