Hash Join  (cost=98044.23..194005.61 rows=1516886 width=0) (actual time=1886.199..4325.621 rows=704352 loops=1)
  Hash Cond: (mc.movie_id = t.id)
  ->  Seq Scan on movie_companies mc  (cost=0.00..44881.29 rows=2609129 width=4) (actual time=0.012..859.122 rows=2609129 loops=1)
  ->  Hash  (cost=73925.90..73925.90 rows=1470026 width=4) (actual time=1884.773..1884.773 rows=1478439 loops=1)
        Buckets: 131072  Batches: 32  Memory Usage: 2651kB
        ->  Seq Scan on title t  (cost=0.00..73925.90 rows=1470026 width=4) (actual time=264.989..1414.536 rows=1478439 loops=1)
              Filter: ((production_year > 1913) AND (kind_id = 7))
              Rows Removed by Filter: 1049873
Planning time: 0.765 ms
Execution time: 4404.510 ms
