Hash Join  (cost=198074.87..1267250.99 rows=3443397 width=0) (actual time=3916.337..35776.565 rows=12977871 loops=1)
  Hash Cond: (ci.movie_id = t.id)
  ->  Seq Scan on cast_info ci  (cost=0.00..614943.12 rows=36225612 width=4) (actual time=0.027..13031.158 rows=36244344 loops=1)
  ->  Hash  (cost=194131.54..194131.54 rows=240347 width=8) (actual time=3915.530..3915.530 rows=272893 loops=1)
        Buckets: 131072  Batches: 4  Memory Usage: 3706kB
        ->  Hash Join  (cost=99161.12..194131.54 rows=240347 width=8) (actual time=1956.088..3836.104 rows=272893 loops=1)
              Hash Cond: (mk.movie_id = t.id)
              ->  Seq Scan on movie_keyword mk  (cost=0.00..81003.12 rows=315963 width=4) (actual time=0.031..1337.340 rows=313150 loops=1)
                    Filter: (keyword_id > 52136)
                    Rows Removed by Filter: 4210780
              ->  Hash  (cost=67604.59..67604.59 rows=1923403 width=4) (actual time=1954.817..1954.817 rows=1922849 loops=1)
                    Buckets: 131072  Batches: 32  Memory Usage: 3141kB
                    ->  Seq Scan on title t  (cost=0.00..67604.59 rows=1923403 width=4) (actual time=0.033..1296.080 rows=1922849 loops=1)
                          Filter: (production_year < 2010)
                          Rows Removed by Filter: 605463
Planning time: 1.183 ms
Execution time: 37340.021 ms
