Seq Scan on movie_keyword mk  (cost=0.00..81003.12 rows=246 width=0) (actual time=3.935..1329.419 rows=169 loops=1)
  Filter: (keyword_id = 7335)
  Rows Removed by Filter: 4523761
Planning time: 0.367 ms
Execution time: 1329.633 ms
