Hash Join  (cost=102767.86..288209.08 rows=3929729 width=0) (actual time=2444.279..7274.345 rows=3923692 loops=1)
  Hash Cond: (mk.movie_id = t.id)
  ->  Seq Scan on movie_keyword mk  (cost=0.00..81003.12 rows=3929729 width=4) (actual time=0.031..1764.453 rows=3923692 loops=1)
        Filter: (keyword_id > 438)
        Rows Removed by Filter: 600238
  ->  Hash  (cost=61283.27..61283.27 rows=2528527 width=4) (actual time=2443.135..2443.135 rows=2528312 loops=1)
        Buckets: 131072  Batches: 64  Memory Usage: 2425kB
        ->  Seq Scan on title t  (cost=0.00..61283.27 rows=2528527 width=4) (actual time=0.015..993.220 rows=2528312 loops=1)
Planning time: 0.773 ms
Execution time: 7684.776 ms
