Hash Join  (cost=92883.59..163706.42 rows=431838 width=0) (actual time=2320.967..3325.079 rows=183433 loops=1)
  Hash Cond: (mc.movie_id = t.id)
  ->  Seq Scan on movie_companies mc  (cost=0.00..51404.11 rows=708667 width=4) (actual time=0.018..962.352 rows=714878 loops=1)
        Filter: (company_id > 43340)
        Rows Removed by Filter: 1894251
  ->  Hash  (cost=67604.59..67604.59 rows=1540800 width=4) (actual time=1718.157..1718.157 rows=1543264 loops=1)
        Buckets: 131072  Batches: 32  Memory Usage: 2722kB
        ->  Seq Scan on title t  (cost=0.00..67604.59 rows=1540800 width=4) (actual time=0.026..1209.109 rows=1543264 loops=1)
              Filter: (kind_id = 7)
              Rows Removed by Filter: 985048
Planning time: 5.642 ms
Execution time: 3346.707 ms
