Seq Scan on movie_companies mc  (cost=0.00..51404.11 rows=1486224 width=0) (actual time=0.012..974.512 rows=1488322 loops=1)
  Filter: (company_id > 7851)
  Rows Removed by Filter: 1120807
Planning time: 0.339 ms
Execution time: 1159.218 ms
