Seq Scan on cast_info ci  (cost=0.00..705507.15 rows=12125286 width=0) (actual time=4147.060..12295.080 rows=12187471 loops=1)
  Filter: (person_id > 2467429)
  Rows Removed by Filter: 24056873
Planning time: 0.336 ms
Execution time: 13855.220 ms
