Seq Scan on title t  (cost=0.00..73925.90 rows=404898 width=0) (actual time=0.022..1147.802 rows=477683 loops=1)
  Filter: ((kind_id < 3) AND (production_year < 2005))
  Rows Removed by Filter: 2050629
Planning time: 0.340 ms
Execution time: 1210.411 ms
