Hash Join  (cost=83072.46..447729.21 rows=80 width=0) (actual time=1250.159..8039.235 rows=3713 loops=1)
  Hash Cond: (mi.movie_id = t.id)
  ->  Seq Scan on movie_info mi  (cost=0.00..309384.22 rows=14739122 width=4) (actual time=0.023..4229.905 rows=14835720 loops=1)
  ->  Hash  (cost=83072.29..83072.29 rows=14 width=8) (actual time=1245.217..1245.217 rows=61 loops=1)
        Buckets: 1024  Batches: 1  Memory Usage: 11kB
        ->  Nested Loop  (cost=0.43..83072.29 rows=14 width=8) (actual time=3.643..1245.124 rows=61 loops=1)
              ->  Seq Scan on movie_keyword mk  (cost=0.00..81003.12 rows=246 width=4) (actual time=2.924..1184.581 rows=1574 loops=1)
                    Filter: (keyword_id = 5297)
                    Rows Removed by Filter: 4522356
              ->  Index Scan using title_pkey on title t  (cost=0.43..8.40 rows=1 width=4) (actual time=0.038..0.038 rows=0 loops=1574)
                    Index Cond: (id = mk.movie_id)
                    Filter: (production_year = 2010)
                    Rows Removed by Filter: 1
Planning time: 1.146 ms
Execution time: 8040.207 ms
