Hash Join  (cost=74434.21..880321.33 rows=40365 width=0) (actual time=8999.848..15958.061 rows=54548 loops=1)
  Hash Cond: (ci.movie_id = t.id)
  ->  Seq Scan on cast_info ci  (cost=0.00..796071.18 rows=2509945 width=4) (actual time=7920.801..14044.072 rows=2991478 loops=1)
        Filter: ((person_id > 1325404) AND (role_id = 3))
        Rows Removed by Filter: 33252866
  ->  Hash  (cost=73925.90..73925.90 rows=40664 width=4) (actual time=1078.433..1078.433 rows=40257 loops=1)
        Buckets: 65536  Batches: 1  Memory Usage: 1928kB
        ->  Seq Scan on title t  (cost=0.00..73925.90 rows=40664 width=4) (actual time=0.028..1060.853 rows=40257 loops=1)
              Filter: ((production_year > 2012) AND (kind_id = 7))
              Rows Removed by Filter: 2488055
Planning time: 0.739 ms
Execution time: 15966.151 ms
