Seq Scan on cast_info ci  (cost=0.00..796071.18 rows=3998037 width=0) (actual time=4020.091..13549.358 rows=1890136 loops=1)
  Filter: ((person_id < 1978008) AND (role_id = 2))
  Rows Removed by Filter: 34354208
Planning time: 0.424 ms
Execution time: 13782.616 ms
