Hash Join  (cost=129159.41..950659.84 rows=197317 width=0) (actual time=2486.991..25009.365 rows=786605 loops=1)
  Hash Cond: (ci.movie_id = t.id)
  ->  Seq Scan on cast_info ci  (cost=0.00..705507.15 rows=30405364 width=4) (actual time=0.022..15470.799 rows=30511650 loops=1)
        Filter: (role_id < 9)
        Rows Removed by Filter: 5732694
  ->  Hash  (cost=128954.29..128954.29 rows=16409 width=8) (actual time=2485.877..2485.877 rows=27286 loops=1)
        Buckets: 32768  Batches: 1  Memory Usage: 1322kB
        ->  Hash Join  (cost=74124.68..128954.29 rows=16409 width=8) (actual time=1168.716..2475.352 rows=27286 loops=1)
              Hash Cond: (mc.movie_id = t.id)
              ->  Seq Scan on movie_companies mc  (cost=0.00..44881.29 rows=2609129 width=4) (actual time=0.018..688.943 rows=2609129 loops=1)
              ->  Hash  (cost=73925.90..73925.90 rows=15902 width=4) (actual time=1168.245..1168.245 rows=12969 loops=1)
                    Buckets: 16384  Batches: 1  Memory Usage: 584kB
                    ->  Seq Scan on title t  (cost=0.00..73925.90 rows=15902 width=4) (actual time=0.170..1162.377 rows=12969 loops=1)
                          Filter: ((kind_id < 7) AND (production_year = 1997))
                          Rows Removed by Filter: 2515343
Planning time: 1.298 ms
Execution time: 25127.517 ms
