Hash Join  (cost=455312.37..1509571.16 rows=1991260 width=0) (actual time=7824.838..33879.981 rows=1532808 loops=1)
  Hash Cond: (ci.movie_id = t.id)
  ->  Seq Scan on cast_info ci  (cost=0.00..614943.12 rows=36225612 width=4) (actual time=0.008..12812.250 rows=36244344 loops=1)
  ->  Hash  (cost=453032.01..453032.01 rows=138989 width=8) (actual time=7824.087..7824.087 rows=96884 loops=1)
        Buckets: 131072  Batches: 2  Memory Usage: 2917kB
        ->  Hash Join  (cost=69484.36..453032.01 rows=138989 width=8) (actual time=2769.431..7796.378 rows=96884 loops=1)
              Hash Cond: (mi.movie_id = t.id)
              ->  Seq Scan on movie_info mi  (cost=0.00..346232.03 rows=3068194 width=4) (actual time=474.592..5647.203 rows=3036719 loops=1)
                    Filter: (info_type_id = 16)
                    Rows Removed by Filter: 11799001
              ->  Hash  (cost=67604.59..67604.59 rows=114542 width=4) (actual time=1029.567..1029.567 rows=118234 loops=1)
                    Buckets: 131072  Batches: 2  Memory Usage: 3107kB
                    ->  Seq Scan on title t  (cost=0.00..67604.59 rows=114542 width=4) (actual time=241.570..986.462 rows=118234 loops=1)
                          Filter: (kind_id = 4)
                          Rows Removed by Filter: 2410078
Planning time: 0.777 ms
Execution time: 34066.598 ms
