Seq Scan on movie_companies mc  (cost=0.00..57926.93 rows=465495 width=0) (actual time=0.021..1068.415 rows=668908 loops=1)
  Filter: ((company_id < 3678) AND (company_type_id = 1))
  Rows Removed by Filter: 1940221
Planning time: 0.393 ms
Execution time: 1154.459 ms
