Hash Join  (cost=102767.86..1064309.75 rows=6466136 width=0) (actual time=1918.487..21153.036 rows=7502908 loops=1)
  Hash Cond: (ci.movie_id = t.id)
  ->  Seq Scan on cast_info ci  (cost=0.00..796071.18 rows=6466136 width=4) (actual time=0.022..12388.150 rows=7502908 loops=1)
        Filter: ((person_id < 849779) AND (role_id < 5))
        Rows Removed by Filter: 28741436
  ->  Hash  (cost=61283.27..61283.27 rows=2528527 width=4) (actual time=1916.676..1916.676 rows=2528312 loops=1)
        Buckets: 131072  Batches: 64  Memory Usage: 2415kB
        ->  Seq Scan on title t  (cost=0.00..61283.27 rows=2528527 width=4) (actual time=0.011..1080.349 rows=2528312 loops=1)
Planning time: 0.806 ms
Execution time: 21993.344 ms
