Hash Join  (cost=80661.47..150543.16 rows=207739 width=0) (actual time=1474.829..3234.473 rows=530403 loops=1)
  Hash Cond: (mc.movie_id = t.id)
  ->  Seq Scan on movie_companies mc  (cost=0.00..51404.11 rows=1279517 width=4) (actual time=0.015..1009.365 rows=1274246 loops=1)
        Filter: (company_type_id < 2)
        Rows Removed by Filter: 1334883
  ->  Hash  (cost=73925.90..73925.90 rows=410525 width=4) (actual time=1473.979..1473.979 rows=456146 loops=1)
        Buckets: 131072  Batches: 8  Memory Usage: 3040kB
        ->  Seq Scan on title t  (cost=0.00..73925.90 rows=410525 width=4) (actual time=411.901..1327.727 rows=456146 loops=1)
              Filter: ((production_year < 2007) AND (kind_id = 1))
              Rows Removed by Filter: 2072166
Planning time: 0.806 ms
Execution time: 3296.626 ms
