Hash Join  (cost=73994.33..130224.33 rows=2770 width=0) (actual time=1231.633..2434.426 rows=3686 loops=1)
  Hash Cond: (mc.movie_id = t.id)
  ->  Seq Scan on movie_companies mc  (cost=0.00..51404.11 rows=1279517 width=4) (actual time=0.020..973.215 rows=1274246 loops=1)
        Filter: (company_type_id < 2)
        Rows Removed by Filter: 1334883
  ->  Hash  (cost=73925.90..73925.90 rows=5474 width=4) (actual time=1231.509..1231.509 rows=9371 loops=1)
        Buckets: 16384 (originally 8192)  Batches: 1 (originally 1)  Memory Usage: 458kB
        ->  Seq Scan on title t  (cost=0.00..73925.90 rows=5474 width=4) (actual time=0.138..1226.676 rows=9371 loops=1)
              Filter: ((kind_id > 1) AND (production_year = 1972))
              Rows Removed by Filter: 2518941
Planning time: 0.718 ms
Execution time: 2435.200 ms
