Seq Scan on cast_info ci  (cost=0.00..796071.18 rows=7695482 width=0) (actual time=779.000..14012.797 rows=2379311 loops=1)
  Filter: ((person_id > 1403543) AND (role_id = 1))
  Rows Removed by Filter: 33865033
Planning time: 0.374 ms
Execution time: 14303.153 ms
