Seq Scan on cast_info ci  (cost=0.00..796071.18 rows=2473780 width=0) (actual time=4432.114..14712.117 rows=2728943 loops=1)
  Filter: ((person_id < 3430129) AND (role_id = 4))
  Rows Removed by Filter: 33515401
Planning time: 0.287 ms
Execution time: 15054.830 ms
