Nested Loop  (cost=0.43..798788.22 rows=249 width=0) (actual time=4124.659..14564.789 rows=446 loops=1)
  ->  Seq Scan on cast_info ci  (cost=0.00..796071.18 rows=324 width=4) (actual time=4124.585..14550.182 rows=446 loops=1)
        Filter: ((role_id > 1) AND (person_id = 2506254))
        Rows Removed by Filter: 36243898
  ->  Index Scan using title_pkey on title t  (cost=0.43..8.38 rows=1 width=4) (actual time=0.032..0.032 rows=1 loops=446)
        Index Cond: (id = ci.movie_id)
        Filter: (production_year > 1980)
Planning time: 0.811 ms
Execution time: 14564.979 ms
