Hash Join  (cost=255103.45..1332911.78 rows=3814920 width=186) (actual time=5516.107..28622.564 rows=4791848 loops=1)
  Hash Cond: (ci.movie_id = t.id)
  ->  Seq Scan on cast_info ci  (cost=0.00..796071.18 rows=10541053 width=42) (actual time=0.021..16362.332 rows=5641597 loops=1)
        Filter: ((person_id < 2402910) AND (role_id > 2))
        Rows Removed by Filter: 30602747
  ->  Hash  (cost=224897.69..224897.69 rows=915101 width=144) (actual time=5514.652..5514.652 rows=919850 loops=1)
        Buckets: 32768  Batches: 64  Memory Usage: 2161kB
        ->  Hash Join  (cost=129928.86..224897.69 rows=915101 width=144) (actual time=2495.591..4962.582 rows=919850 loops=1)
              Hash Cond: (mi_idx.movie_id = t.id)
              ->  Seq Scan on movie_info_idx mi_idx  (cost=0.00..25185.44 rows=915101 width=50) (actual time=0.020..672.744 rows=919850 loops=1)
                    Filter: (info_type_id < 101)
                    Rows Removed by Filter: 460185
              ->  Hash  (cost=61283.27..61283.27 rows=2528527 width=94) (actual time=2494.683..2494.683 rows=2528312 loops=1)
                    Buckets: 32768  Batches: 128  Memory Usage: 2453kB
                    ->  Seq Scan on title t  (cost=0.00..61283.27 rows=2528527 width=94) (actual time=0.016..1210.853 rows=2528312 loops=1)
Planning time: 1.448 ms
Execution time: 28875.743 ms
