Hash Join  (cost=881122.46..936030.99 rows=24300 width=0) (actual time=15043.390..16303.838 rows=36980 loops=1)
  Hash Cond: (mc.movie_id = t.id)
  ->  Seq Scan on movie_companies mc  (cost=0.00..44881.29 rows=2609129 width=4) (actual time=0.014..706.010 rows=2609129 loops=1)
  ->  Hash  (cost=880828.10..880828.10 rows=23549 width=8) (actual time=15043.172..15043.172 rows=10177 loops=1)
        Buckets: 32768  Batches: 1  Memory Usage: 654kB
        ->  Hash Join  (cost=80562.70..880828.10 rows=23549 width=8) (actual time=2059.865..15038.891 rows=10177 loops=1)
              Hash Cond: (ci.movie_id = t.id)
              ->  Seq Scan on cast_info ci  (cost=0.00..796071.18 rows=75395 width=4) (actual time=109.173..12940.600 rows=31992 loops=1)
                    Filter: ((person_id < 747309) AND (role_id > 10))
                    Rows Removed by Filter: 36212352
              ->  Hash  (cost=67604.59..67604.59 rows=789769 width=4) (actual time=1949.909..1949.909 rows=784926 loops=1)
                    Buckets: 131072  Batches: 16  Memory Usage: 2749kB
                    ->  Seq Scan on title t  (cost=0.00..67604.59 rows=789769 width=4) (actual time=0.022..1136.769 rows=784926 loops=1)
                          Filter: (production_year > 2007)
                          Rows Removed by Filter: 1743386
Planning time: 1.229 ms
Execution time: 16309.063 ms
