Seq Scan on movie_keyword mk  (cost=0.00..81003.12 rows=2548640 width=0) (actual time=0.027..1347.302 rows=2540458 loops=1)
  Filter: (keyword_id < 6360)
  Rows Removed by Filter: 1983472
Planning time: 1.218 ms
Execution time: 1649.764 ms
