Hash Join  (cost=286923.35..928505.77 rows=13434859 width=0) (actual time=6157.913..45186.448 rows=113993374 loops=1)
  Hash Cond: (mi.movie_id = t.id)
  ->  Seq Scan on movie_info mi  (cost=0.00..309384.22 rows=14739122 width=4) (actual time=0.017..6271.655 rows=14835720 loops=1)
  ->  Hash  (cost=249109.63..249109.63 rows=2304778 width=8) (actual time=6156.630..6156.630 rows=2313684 loops=1)
        Buckets: 131072  Batches: 32  Memory Usage: 3913kB
        ->  Hash Join  (cost=102767.86..249109.63 rows=2304778 width=8) (actual time=1916.648..5557.209 rows=2313684 loops=1)
              Hash Cond: (mk.movie_id = t.id)
              ->  Seq Scan on movie_keyword mk  (cost=0.00..81003.12 rows=2304778 width=4) (actual time=0.016..1642.437 rows=2313684 loops=1)
                    Filter: (keyword_id < 4976)
                    Rows Removed by Filter: 2210246
              ->  Hash  (cost=61283.27..61283.27 rows=2528527 width=4) (actual time=1914.493..1914.493 rows=2528312 loops=1)
                    Buckets: 131072  Batches: 64  Memory Usage: 2425kB
                    ->  Seq Scan on title t  (cost=0.00..61283.27 rows=2528527 width=4) (actual time=0.019..1063.980 rows=2528312 loops=1)
Planning time: 1.110 ms
Execution time: 57368.061 ms
