Hash Join  (cost=190002.71..261208.80 rows=84455 width=0) (actual time=4231.390..5737.942 rows=17716 loops=1)
  Hash Cond: (mc.movie_id = t.id)
  ->  Seq Scan on movie_companies mc  (cost=0.00..57926.93 rows=1003363 width=4) (actual time=1.476..1183.710 rows=858636 loops=1)
        Filter: ((company_id > 595) AND (company_type_id = 1))
        Rows Removed by Filter: 1750493
  ->  Hash  (cost=186510.33..186510.33 rows=212830 width=8) (actual time=4228.830..4228.830 rows=52179 loops=1)
        Buckets: 131072  Batches: 4  Memory Usage: 1548kB
        ->  Hash Join  (cost=92883.59..186510.33 rows=212830 width=8) (actual time=3537.401..4213.843 rows=52179 loops=1)
              Hash Cond: (mk.movie_id = t.id)
              ->  Seq Scan on movie_keyword mk  (cost=0.00..81003.12 rows=349264 width=4) (actual time=0.024..1336.469 rows=363692 loops=1)
                    Filter: (keyword_id < 335)
                    Rows Removed by Filter: 4160238
              ->  Hash  (cost=67604.59..67604.59 rows=1540800 width=4) (actual time=2464.646..2464.646 rows=1543264 loops=1)
                    Buckets: 131072  Batches: 32  Memory Usage: 2728kB
                    ->  Seq Scan on title t  (cost=0.00..67604.59 rows=1540800 width=4) (actual time=0.018..1233.257 rows=1543264 loops=1)
                          Filter: (kind_id = 7)
                          Rows Removed by Filter: 985048
Planning time: 1.156 ms
Execution time: 5740.333 ms
