Hash Join  (cost=297111.36..992666.18 rows=14562185 width=0) (actual time=6694.907..20870.829 rows=6086241 loops=1)
  Hash Cond: (mi.movie_id = t.id)
  ->  Seq Scan on movie_info mi  (cost=0.00..346232.03 rows=13740956 width=4) (actual time=180.547..7295.569 rows=13776257 loops=1)
        Filter: (info_type_id < 77)
        Rows Removed by Filter: 1059463
  ->  Hash  (cost=253147.81..253147.81 rows=2679644 width=8) (actual time=6007.934..6007.934 rows=635485 loops=1)
        Buckets: 131072  Batches: 64  Memory Usage: 1403kB
        ->  Hash Join  (cost=98498.33..253147.81 rows=2679644 width=8) (actual time=3558.780..5814.420 rows=635485 loops=1)
              Hash Cond: (mk.movie_id = t.id)
              ->  Seq Scan on movie_keyword mk  (cost=0.00..69693.30 rows=4523930 width=4) (actual time=0.027..1439.601 rows=4523930 loops=1)
              ->  Hash  (cost=73925.90..73925.90 rows=1497714 width=4) (actual time=2031.405..2031.405 rows=1478440 loops=1)
                    Buckets: 131072  Batches: 32  Memory Usage: 2656kB
                    ->  Seq Scan on title t  (cost=0.00..73925.90 rows=1497714 width=4) (actual time=0.028..1541.364 rows=1478440 loops=1)
                          Filter: ((production_year > 0) AND (kind_id = 7))
                          Rows Removed by Filter: 1049872
Planning time: 1.081 ms
Execution time: 21538.664 ms
