Hash Join  (cost=267005.29..1289453.96 rows=12804165 width=0) (actual time=6999.316..34846.377 rows=26823539 loops=1)
  Hash Cond: (ci.movie_id = t.id)
  ->  Seq Scan on cast_info ci  (cost=0.00..705507.15 rows=12726058 width=4) (actual time=654.789..13825.206 rows=12670688 loops=1)
        Filter: (role_id < 2)
        Rows Removed by Filter: 23573656
  ->  Hash  (cost=225266.72..225266.72 rows=2544046 width=8) (actual time=6343.457..6343.457 rows=2542342 loops=1)
        Buckets: 131072  Batches: 64  Memory Usage: 2572kB
        ->  Hash Join  (cost=102767.86..225266.72 rows=2544046 width=8) (actual time=1914.398..5619.805 rows=2542342 loops=1)
              Hash Cond: (mc.movie_id = t.id)
              ->  Seq Scan on movie_companies mc  (cost=0.00..51404.11 rows=2544046 width=4) (actual time=0.035..1192.605 rows=2542342 loops=1)
                    Filter: (company_id > 6)
                    Rows Removed by Filter: 66787
              ->  Hash  (cost=61283.27..61283.27 rows=2528527 width=4) (actual time=1912.446..1912.446 rows=2528312 loops=1)
                    Buckets: 131072  Batches: 64  Memory Usage: 2415kB
                    ->  Seq Scan on title t  (cost=0.00..61283.27 rows=2528527 width=4) (actual time=0.013..1072.244 rows=2528312 loops=1)
Planning time: 1.164 ms
Execution time: 37844.360 ms
