Hash Join  (cost=165580.03..667791.67 rows=2099771 width=0) (actual time=3726.501..22959.277 rows=22843892 loops=1)
  Hash Cond: (mi.movie_id = t.id)
  ->  Seq Scan on movie_info mi  (cost=0.00..309384.22 rows=14739122 width=4) (actual time=0.011..6045.176 rows=14835720 loops=1)
  ->  Hash  (cost=159669.28..159669.28 rows=360220 width=8) (actual time=3723.516..3723.516 rows=463556 loops=1)
        Buckets: 131072  Batches: 8  Memory Usage: 3313kB
        ->  Hash Join  (cost=79653.55..159669.28 rows=360220 width=8) (actual time=1624.285..3580.084 rows=463556 loops=1)
              Hash Cond: (mc.movie_id = t.id)
              ->  Seq Scan on movie_companies mc  (cost=0.00..44881.29 rows=2609129 width=4) (actual time=0.027..882.836 rows=2609129 loops=1)
              ->  Hash  (cost=73925.90..73925.90 rows=349092 width=4) (actual time=1371.089..1371.089 rows=265275 loops=1)
                    Buckets: 131072  Batches: 8  Memory Usage: 2190kB
                    ->  Seq Scan on title t  (cost=0.00..73925.90 rows=349092 width=4) (actual time=432.979..1285.423 rows=265275 loops=1)
                          Filter: ((production_year > 2001) AND (kind_id = 1))
                          Rows Removed by Filter: 2263037
Planning time: 1.318 ms
Execution time: 25491.185 ms
