Nested Loop  (cost=0.43..83071.67 rows=246 width=0) (actual time=12.491..1216.823 rows=61 loops=1)
  ->  Seq Scan on movie_keyword mk  (cost=0.00..81003.12 rows=246 width=4) (actual time=12.405..1211.226 rows=61 loops=1)
        Filter: (keyword_id = 21004)
        Rows Removed by Filter: 4523869
  ->  Index Only Scan using title_pkey on title t  (cost=0.43..8.40 rows=1 width=4) (actual time=0.087..0.088 rows=1 loops=61)
        Index Cond: (id = mk.movie_id)
        Heap Fetches: 61
Planning time: 0.749 ms
Execution time: 1216.930 ms
