Seq Scan on movie_companies mc  (cost=0.00..57926.93 rows=827748 width=0) (actual time=188.910..1062.341 rows=1136380 loops=1)
  Filter: ((company_id < 19545) AND (company_type_id < 2))
  Rows Removed by Filter: 1472749
Planning time: 0.329 ms
Execution time: 1204.550 ms
