Seq Scan on movie_keyword mk  (cost=0.00..81003.12 rows=4014836 width=0) (actual time=0.018..1718.602 rows=4023110 loops=1)
  Filter: (keyword_id < 36077)
  Rows Removed by Filter: 500820
Planning time: 0.221 ms
Execution time: 2232.641 ms
