Hash Join  (cost=128400.08..215239.99 rows=18187 width=0) (actual time=2292.001..3949.070 rows=72131 loops=1)
  Hash Cond: (mk.movie_id = t.id)
  ->  Seq Scan on movie_keyword mk  (cost=0.00..69693.30 rows=4523930 width=4) (actual time=0.029..1054.885 rows=4523930 loops=1)
  ->  Hash  (cost=128273.02..128273.02 rows=10165 width=8) (actual time=2073.979..2073.979 rows=3300 loops=1)
        Buckets: 16384  Batches: 1  Memory Usage: 257kB
        ->  Hash Join  (cost=68191.41..128273.02 rows=10165 width=8) (actual time=1584.104..2072.363 rows=3300 loops=1)
              Hash Cond: (mc.movie_id = t.id)
              ->  Seq Scan on movie_companies mc  (cost=0.00..57926.93 rows=547473 width=4) (actual time=465.794..877.435 rows=266395 loops=1)
                    Filter: ((company_id > 13580) AND (company_type_id < 2))
                    Rows Removed by Filter: 2342734
              ->  Hash  (cost=67604.59..67604.59 rows=46946 width=4) (actual time=1117.851..1117.851 rows=46583 loops=1)
                    Buckets: 65536  Batches: 1  Memory Usage: 2150kB
                    ->  Seq Scan on title t  (cost=0.00..67604.59 rows=46946 width=4) (actual time=0.026..1098.011 rows=46583 loops=1)
                          Filter: (production_year = 1998)
                          Rows Removed by Filter: 2481729
Planning time: 1.399 ms
Execution time: 3958.679 ms
