Seq Scan on cast_info ci  (cost=0.00..796071.18 rows=168 width=0) (actual time=10419.230..13029.043 rows=4 loops=1)
  Filter: ((role_id > 3) AND (person_id = 115596))
  Rows Removed by Filter: 36244340
Planning time: 0.400 ms
Execution time: 13029.201 ms
