Hash Join  (cost=58375.85..145034.83 rows=95 width=0) (actual time=840.103..2236.860 rows=7772 loops=1)
  Hash Cond: (mk.movie_id = t.id)
  ->  Seq Scan on movie_keyword mk  (cost=0.00..69693.30 rows=4523930 width=4) (actual time=0.022..750.801 rows=4523930 loops=1)
  ->  Hash  (cost=58375.18..58375.18 rows=53 width=8) (actual time=822.175..822.175 rows=1747 loops=1)
        Buckets: 2048 (originally 1024)  Batches: 1 (originally 1)  Memory Usage: 85kB
        ->  Nested Loop  (cost=0.43..58375.18 rows=53 width=8) (actual time=171.685..821.255 rows=1747 loops=1)
              ->  Seq Scan on movie_companies mc  (cost=0.00..57926.93 rows=53 width=4) (actual time=171.585..769.823 rows=1747 loops=1)
                    Filter: ((company_id = 2042) AND (company_type_id = 2))
                    Rows Removed by Filter: 2607382
              ->  Index Only Scan using title_pkey on title t  (cost=0.43..8.45 rows=1 width=4) (actual time=0.027..0.029 rows=1 loops=1747)
                    Index Cond: (id = mc.movie_id)
                    Heap Fetches: 1747
Planning time: 1.592 ms
Execution time: 2237.589 ms
