Seq Scan on cast_info ci  (cost=0.00..705507.15 rows=15251937 width=0) (actual time=0.020..12074.903 rows=15125026 loops=1)
  Filter: (person_id < 1492343)
  Rows Removed by Filter: 21119318
Planning time: 0.370 ms
Execution time: 13871.458 ms
