Hash Join  (cost=154654.97..545651.15 rows=46622 width=0) (actual time=2976.593..10438.464 rows=608480 loops=1)
  Hash Cond: (mi.movie_id = t.id)
  ->  Seq Scan on movie_info mi  (cost=0.00..346232.03 rows=8859586 width=4) (actual time=0.021..5687.336 rows=8966694 loops=1)
        Filter: (info_type_id < 15)
        Rows Removed by Filter: 5869026
  ->  Hash  (cost=154488.65..154488.65 rows=13306 width=8) (actual time=2976.330..2976.330 rows=32452 loops=1)
        Buckets: 32768 (originally 16384)  Batches: 1 (originally 1)  Memory Usage: 1524kB
        ->  Hash Join  (cost=67697.55..154488.65 rows=13306 width=8) (actual time=1167.250..2964.984 rows=32452 loops=1)
              Hash Cond: (mk.movie_id = t.id)
              ->  Seq Scan on movie_keyword mk  (cost=0.00..69693.30 rows=4523930 width=4) (actual time=0.029..958.297 rows=4523930 loops=1)
              ->  Hash  (cost=67604.59..67604.59 rows=7437 width=4) (actual time=1166.362..1166.362 rows=14038 loops=1)
                    Buckets: 16384 (originally 8192)  Batches: 1 (originally 1)  Memory Usage: 622kB
                    ->  Seq Scan on title t  (cost=0.00..67604.59 rows=7437 width=4) (actual time=0.057..1159.477 rows=14038 loops=1)
                          Filter: (production_year = 1977)
                          Rows Removed by Filter: 2514274
Planning time: 1.114 ms
Execution time: 10517.176 ms
