Hash Join  (cost=52284.99..138944.89 rows=186 width=0) (actual time=896.466..2778.865 rows=5411 loops=1)
  Hash Cond: (mk.movie_id = t.id)
  ->  Seq Scan on movie_keyword mk  (cost=0.00..69693.30 rows=4523930 width=4) (actual time=0.021..1142.983 rows=4523930 loops=1)
  ->  Hash  (cost=52283.69..52283.69 rows=104 width=8) (actual time=870.775..870.775 rows=216 loops=1)
        Buckets: 1024  Batches: 1  Memory Usage: 17kB
        ->  Nested Loop  (cost=0.43..52283.69 rows=104 width=8) (actual time=0.101..870.586 rows=216 loops=1)
              ->  Seq Scan on movie_companies mc  (cost=0.00..51404.11 rows=104 width=4) (actual time=0.036..860.751 rows=216 loops=1)
                    Filter: (company_id = 2852)
                    Rows Removed by Filter: 2608913
              ->  Index Only Scan using title_pkey on title t  (cost=0.43..8.45 rows=1 width=4) (actual time=0.043..0.044 rows=1 loops=216)
                    Index Cond: (id = mc.movie_id)
                    Heap Fetches: 216
Planning time: 1.083 ms
Execution time: 2779.689 ms
