Seq Scan on title t  (cost=0.00..73925.90 rows=907787 width=0) (actual time=0.020..1096.124 rows=839158 loops=1)
  Filter: ((kind_id < 7) AND (production_year > 1938))
  Rows Removed by Filter: 1689154
Planning time: 0.316 ms
Execution time: 1198.254 ms
