Hash Join  (cost=79158.73..453233.84 rows=261599 width=0) (actual time=2887.243..7931.223 rows=151370 loops=1)
  Hash Cond: (mi.movie_id = t.id)
  ->  Seq Scan on movie_info mi  (cost=0.00..346232.03 rows=2073893 width=4) (actual time=1331.110..5405.280 rows=2091068 loops=1)
        Filter: (info_type_id < 3)
        Rows Removed by Filter: 12744652
  ->  Hash  (cost=73925.90..73925.90 rows=318946 width=4) (actual time=1555.270..1555.270 rows=209805 loops=1)
        Buckets: 131072  Batches: 8  Memory Usage: 1942kB
        ->  Seq Scan on title t  (cost=0.00..73925.90 rows=318946 width=4) (actual time=155.650..944.256 rows=209805 loops=1)
              Filter: ((production_year < 1981) AND (kind_id = 7))
              Rows Removed by Filter: 2318507
Planning time: 0.758 ms
Execution time: 7949.398 ms
