Seq Scan on title t  (cost=0.00..73925.90 rows=10747 width=0) (actual time=153.492..975.811 rows=6468 loops=1)
  Filter: ((kind_id < 2) AND (production_year = 1997))
  Rows Removed by Filter: 2521844
Planning time: 0.328 ms
Execution time: 977.237 ms
