Hash Join  (cost=83074.74..447745.01 rows=1434 width=0) (actual time=1359.468..8240.257 rows=14888 loops=1)
  Hash Cond: (mi.movie_id = t.id)
  ->  Seq Scan on movie_info mi  (cost=0.00..309384.22 rows=14739122 width=4) (actual time=0.019..4000.357 rows=14835720 loops=1)
  ->  Hash  (cost=83071.67..83071.67 rows=246 width=8) (actual time=1330.858..1330.858 rows=1391 loops=1)
        Buckets: 2048 (originally 1024)  Batches: 1 (originally 1)  Memory Usage: 71kB
        ->  Nested Loop  (cost=0.43..83071.67 rows=246 width=8) (actual time=0.443..1329.798 rows=1391 loops=1)
              ->  Seq Scan on movie_keyword mk  (cost=0.00..81003.12 rows=246 width=4) (actual time=0.375..1296.490 rows=1391 loops=1)
                    Filter: (keyword_id = 21369)
                    Rows Removed by Filter: 4522539
              ->  Index Only Scan using title_pkey on title t  (cost=0.43..8.40 rows=1 width=4) (actual time=0.022..0.023 rows=1 loops=1391)
                    Index Cond: (id = mk.movie_id)
                    Heap Fetches: 1391
Planning time: 10.949 ms
Execution time: 8243.204 ms
