Hash Join  (cost=141510.78..228613.93 rows=44511 width=0) (actual time=2355.271..3292.740 rows=16607 loops=1)
  Hash Cond: (mk.movie_id = t.id)
  ->  Seq Scan on movie_keyword mk  (cost=0.00..69693.30 rows=4523930 width=4) (actual time=0.019..470.682 rows=4523930 loops=1)
  ->  Hash  (cost=141199.80..141199.80 rows=24878 width=8) (actual time=2347.159..2347.159 rows=3375 loops=1)
        Buckets: 32768  Batches: 1  Memory Usage: 388kB
        ->  Hash Join  (cost=75636.60..141199.80 rows=24878 width=8) (actual time=1868.651..2345.679 rows=3375 loops=1)
              Hash Cond: (mc.movie_id = t.id)
              ->  Seq Scan on movie_companies mc  (cost=0.00..57926.93 rows=603596 width=4) (actual time=579.156..931.336 rows=351640 loops=1)
                    Filter: ((company_id > 11745) AND (company_type_id < 2))
                    Rows Removed by Filter: 2257489
              ->  Hash  (cost=73925.90..73925.90 rows=104216 width=4) (actual time=1288.606..1288.606 rows=108513 loops=1)
                    Buckets: 131072  Batches: 2  Memory Usage: 2931kB
                    ->  Seq Scan on title t  (cost=0.00..73925.90 rows=104216 width=4) (actual time=0.044..1247.750 rows=108513 loops=1)
                          Filter: ((kind_id > 1) AND (production_year = 2010))
                          Rows Removed by Filter: 2419799
Planning time: 1.141 ms
Execution time: 3294.351 ms
