Hash Join  (cost=58375.85..145034.83 rows=95 width=0) (actual time=1564.105..2538.508 rows=517 loops=1)
  Hash Cond: (mk.movie_id = t.id)
  ->  Seq Scan on movie_keyword mk  (cost=0.00..69693.30 rows=4523930 width=4) (actual time=0.020..935.196 rows=4523930 loops=1)
  ->  Hash  (cost=58375.18..58375.18 rows=53 width=8) (actual time=829.446..829.446 rows=99 loops=1)
        Buckets: 1024  Batches: 1  Memory Usage: 12kB
        ->  Nested Loop  (cost=0.43..58375.18 rows=53 width=8) (actual time=151.126..829.375 rows=99 loops=1)
              ->  Seq Scan on movie_companies mc  (cost=0.00..57926.93 rows=53 width=4) (actual time=151.020..827.198 rows=99 loops=1)
                    Filter: ((company_id = 5840) AND (company_type_id = 2))
                    Rows Removed by Filter: 2609030
              ->  Index Only Scan using title_pkey on title t  (cost=0.43..8.45 rows=1 width=4) (actual time=0.020..0.020 rows=1 loops=99)
                    Index Cond: (id = mc.movie_id)
                    Heap Fetches: 99
Planning time: 1.135 ms
Execution time: 2538.710 ms
