Hash Join  (cost=74394.67..844430.00 rows=245498 width=0) (actual time=1244.371..18429.914 rows=234745 loops=1)
  Hash Cond: (ci.movie_id = t.id)
  ->  Seq Scan on cast_info ci  (cost=0.00..705507.15 rows=16552853 width=4) (actual time=0.016..12550.293 rows=16406376 loops=1)
        Filter: (person_id < 1624566)
        Rows Removed by Filter: 19837968
  ->  Hash  (cost=73925.90..73925.90 rows=37501 width=4) (actual time=1244.052..1244.052 rows=32253 loops=1)
        Buckets: 65536  Batches: 1  Memory Usage: 1646kB
        ->  Seq Scan on title t  (cost=0.00..73925.90 rows=37501 width=4) (actual time=1.588..1230.456 rows=32253 loops=1)
              Filter: ((kind_id < 7) AND (production_year = 2005))
              Rows Removed by Filter: 2496059
Planning time: 0.643 ms
Execution time: 18468.299 ms
