Seq Scan on cast_info ci  (cost=0.00..705507.15 rows=16327746 width=0) (actual time=3020.911..10770.978 rows=16463457 loops=1)
  Filter: (person_id > 1983897)
  Rows Removed by Filter: 19780887
Planning time: 0.283 ms
Execution time: 12559.453 ms
