Hash Join  (cost=565239.49..1464064.37 rows=2233403 width=0) (actual time=21651.344..34991.088 rows=5780420 loops=1)
  Hash Cond: (ci.movie_id = t.id)
  ->  Seq Scan on cast_info ci  (cost=0.00..705507.15 rows=9468168 width=4) (actual time=8463.688..14357.832 rows=9384703 loops=1)
        Filter: (role_id > 4)
        Rows Removed by Filter: 26859641
  ->  Hash  (cost=555453.96..555453.96 rows=596443 width=8) (actual time=13185.218..13185.218 rows=803708 loops=1)
        Buckets: 131072 (originally 131072)  Batches: 16 (originally 8)  Memory Usage: 3073kB
        ->  Hash Join  (cost=69283.60..555453.96 rows=596443 width=8) (actual time=1419.006..12450.855 rows=803708 loops=1)
              Hash Cond: (mi.movie_id = t.id)
              ->  Seq Scan on movie_info mi  (cost=0.00..309384.22 rows=14739122 width=4) (actual time=0.037..5479.445 rows=14835720 loops=1)
              ->  Hash  (cost=67604.59..67604.59 rows=102321 width=4) (actual time=838.629..838.629 rows=100537 loops=1)
                    Buckets: 131072  Batches: 2  Memory Usage: 2803kB
                    ->  Seq Scan on title t  (cost=0.00..67604.59 rows=102321 width=4) (actual time=0.030..810.445 rows=100537 loops=1)
                          Filter: (kind_id = 3)
                          Rows Removed by Filter: 2427775
Planning time: 1.254 ms
Execution time: 35623.532 ms
