Hash Join  (cost=88391.98..188800.36 rows=369766 width=0) (actual time=2077.693..3498.548 rows=102898 loops=1)
  Hash Cond: (mk.movie_id = t.id)
  ->  Seq Scan on movie_keyword mk  (cost=0.00..81003.12 rows=1060426 width=4) (actual time=0.034..1405.172 rows=1064196 loops=1)
        Filter: (keyword_id > 16501)
        Rows Removed by Filter: 3459734
  ->  Hash  (cost=73925.90..73925.90 rows=881686 width=4) (actual time=1476.300..1476.300 rows=801513 loops=1)
        Buckets: 131072  Batches: 16  Memory Usage: 2792kB
        ->  Seq Scan on title t  (cost=0.00..73925.90 rows=881686 width=4) (actual time=0.020..1202.972 rows=801513 loops=1)
              Filter: ((production_year < 2006) AND (kind_id = 7))
              Rows Removed by Filter: 1726799
Planning time: 0.727 ms
Execution time: 3510.670 ms
