Seq Scan on cast_info ci  (cost=0.00..796071.18 rows=3501044 width=0) (actual time=8524.178..14464.995 rows=1524149 loops=1)
  Filter: ((person_id < 2969689) AND (role_id = 10))
  Rows Removed by Filter: 34720195
Planning time: 0.399 ms
Execution time: 14631.749 ms
