Seq Scan on movie_keyword mk  (cost=0.00..81003.12 rows=246 width=0) (actual time=25.711..1204.776 rows=30 loops=1)
  Filter: (keyword_id = 67381)
  Rows Removed by Filter: 4523900
Planning time: 0.342 ms
Execution time: 1204.889 ms
