Seq Scan on cast_info ci  (cost=0.00..705507.15 rows=11612494 width=0) (actual time=48.382..11805.031 rows=11515457 loops=1)
  Filter: (person_id < 1133217)
  Rows Removed by Filter: 24728887
Planning time: 0.500 ms
Execution time: 13241.576 ms
