Seq Scan on movie_companies mc  (cost=0.00..57926.93 rows=53 width=0) (actual time=240.221..811.534 rows=322 loops=1)
  Filter: ((company_id = 3757) AND (company_type_id = 2))
  Rows Removed by Filter: 2608807
Planning time: 3.531 ms
Execution time: 811.744 ms
