Hash Join  (cost=441113.56..496341.30 rows=56222 width=0) (actual time=7430.177..8692.463 rows=30853 loops=1)
  Hash Cond: (mc.movie_id = t.id)
  ->  Seq Scan on movie_companies mc  (cost=0.00..44881.29 rows=2609129 width=4) (actual time=0.023..660.990 rows=2609129 loops=1)
  ->  Hash  (cost=440432.49..440432.49 rows=54485 width=8) (actual time=7422.059..7422.059 rows=17783 loops=1)
        Buckets: 65536  Batches: 1  Memory Usage: 1207kB
        ->  Hash Join  (cost=75384.88..440432.49 rows=54485 width=8) (actual time=2361.139..7414.156 rows=17783 loops=1)
              Hash Cond: (mi.movie_id = t.id)
              ->  Seq Scan on movie_info mi  (cost=0.00..346232.03 rows=1550064 width=4) (actual time=970.261..5465.412 rows=1533909 loops=1)
                    Filter: (info_type_id = 3)
                    Rows Removed by Filter: 13301811
              ->  Hash  (cost=73925.90..73925.90 rows=88878 width=4) (actual time=1386.551..1386.551 rows=96722 loops=1)
                    Buckets: 131072  Batches: 2  Memory Usage: 2736kB
                    ->  Seq Scan on title t  (cost=0.00..73925.90 rows=88878 width=4) (actual time=0.034..1346.572 rows=96722 loops=1)
                          Filter: ((kind_id > 2) AND (production_year = 2008))
                          Rows Removed by Filter: 2431590
Planning time: 3.214 ms
Execution time: 8697.470 ms
