Hash Join  (cost=73950.44..160643.60 rows=3512 width=0) (actual time=1003.715..2773.260 rows=29282 loops=1)
  Hash Cond: (mk.movie_id = t.id)
  ->  Seq Scan on movie_keyword mk  (cost=0.00..69693.30 rows=4523930 width=4) (actual time=0.015..944.069 rows=4523930 loops=1)
  ->  Hash  (cost=73925.90..73925.90 rows=1963 width=4) (actual time=1003.653..1003.653 rows=5006 loops=1)
        Buckets: 8192 (originally 2048)  Batches: 1 (originally 1)  Memory Usage: 240kB
        ->  Seq Scan on title t  (cost=0.00..73925.90 rows=1963 width=4) (actual time=236.031..1001.191 rows=5006 loops=1)
              Filter: ((kind_id = 1) AND (production_year = 1991))
              Rows Removed by Filter: 2523306
Planning time: 0.747 ms
Execution time: 2777.425 ms
