Hash Join  (cost=119089.56..186237.04 rows=53418 width=0) (actual time=2758.078..4003.285 rows=455682 loops=1)
  Hash Cond: (mc.movie_id = t.id)
  ->  Seq Scan on movie_companies mc  (cost=0.00..51404.11 rows=1279517 width=4) (actual time=87.867..997.268 rows=1274246 loops=1)
        Filter: (company_type_id < 2)
        Rows Removed by Filter: 1334883
  ->  Hash  (cost=117357.02..117357.02 rows=105563 width=8) (actual time=2372.226..2372.226 rows=200928 loops=1)
        Buckets: 131072 (originally 131072)  Batches: 4 (originally 2)  Memory Usage: 3073kB
        ->  Hash Join  (cost=83568.99..117357.02 rows=105563 width=8) (actual time=1474.506..2306.677 rows=200928 loops=1)
              Hash Cond: (mi_idx.movie_id = t.id)
              ->  Seq Scan on movie_info_idx mi_idx  (cost=0.00..25185.44 rows=454124 width=4) (actual time=0.022..507.537 rows=459925 loops=1)
                    Filter: (info_type_id = 100)
                    Rows Removed by Filter: 920110
              ->  Hash  (cost=73925.90..73925.90 rows=587767 width=4) (actual time=1414.372..1414.372 rows=594730 loops=1)
                    Buckets: 131072  Batches: 8  Memory Usage: 3648kB
                    ->  Seq Scan on title t  (cost=0.00..73925.90 rows=587767 width=4) (actual time=0.028..1228.287 rows=594730 loops=1)
                          Filter: ((production_year < 2012) AND (kind_id = 1))
                          Rows Removed by Filter: 1933582
Planning time: 1.158 ms
Execution time: 4051.767 ms
