Hash Join  (cost=131622.73..262644.12 rows=740235 width=0) (actual time=3052.726..7977.982 rows=7976680 loops=1)
  Hash Cond: (mk.movie_id = t.id)
  ->  Seq Scan on movie_keyword mk  (cost=0.00..69693.30 rows=4523930 width=4) (actual time=0.019..1404.256 rows=4523930 loops=1)
  ->  Hash  (cost=124834.06..124834.06 rows=413734 width=8) (actual time=3051.508..3051.508 rows=742958 loops=1)
        Buckets: 131072 (originally 131072)  Batches: 16 (originally 8)  Memory Usage: 3073kB
        ->  Hash Join  (cost=80042.24..124834.06 rows=413734 width=8) (actual time=1376.200..2822.999 rows=742958 loops=1)
              Hash Cond: (mi_idx.movie_id = t.id)
              ->  Seq Scan on movie_info_idx mi_idx  (cost=0.00..21735.35 rows=1380035 width=4) (actual time=0.027..468.053 rows=1380035 loops=1)
              ->  Hash  (cost=67604.59..67604.59 rows=758052 width=4) (actual time=1375.285..1375.285 rows=753677 loops=1)
                    Buckets: 131072  Batches: 16  Memory Usage: 2677kB
                    ->  Seq Scan on title t  (cost=0.00..67604.59 rows=758052 width=4) (actual time=0.014..1134.154 rows=753677 loops=1)
                          Filter: (kind_id < 3)
                          Rows Removed by Filter: 1774635
Planning time: 0.810 ms
Execution time: 8786.745 ms
