Seq Scan on title t  (cost=0.00..73925.90 rows=1340041 width=0) (actual time=0.018..1210.783 rows=1462700 loops=1)
  Filter: ((kind_id > 1) AND (production_year > 1987))
  Rows Removed by Filter: 1065612
Planning time: 0.334 ms
Execution time: 1389.757 ms
