Hash Join  (cost=68449.54..163033.20 rows=90372 width=0) (actual time=1081.114..3194.898 rows=109024 loops=1)
  Hash Cond: (mk.movie_id = t.id)
  ->  Seq Scan on movie_keyword mk  (cost=0.00..81003.12 rows=3380486 width=4) (actual time=0.013..1541.992 rows=3371547 loops=1)
        Filter: (keyword_id < 16161)
        Rows Removed by Filter: 1152383
  ->  Hash  (cost=67604.59..67604.59 rows=67596 width=4) (actual time=1080.448..1080.448 rows=67777 loops=1)
        Buckets: 131072  Batches: 1  Memory Usage: 3407kB
        ->  Seq Scan on title t  (cost=0.00..67604.59 rows=67596 width=4) (actual time=0.029..1051.856 rows=67777 loops=1)
              Filter: (production_year = 2003)
              Rows Removed by Filter: 2460535
Planning time: 0.737 ms
Execution time: 3209.116 ms
