Seq Scan on cast_info ci  (cost=0.00..705507.15 rows=3570695 width=0) (actual time=1608.275..11209.969 rows=3572933 loops=1)
  Filter: (person_id > 3414133)
  Rows Removed by Filter: 32671411
Planning time: 0.334 ms
Execution time: 11666.744 ms
