Hash Join  (cost=67697.55..151100.58 rows=1868 width=0) (actual time=1202.570..2604.804 rows=4998 loops=1)
  Hash Cond: (mk.movie_id = t.id)
  ->  Seq Scan on movie_keyword mk  (cost=0.00..81003.12 rows=634993 width=4) (actual time=62.326..1347.452 rows=644711 loops=1)
        Filter: (keyword_id > 29028)
        Rows Removed by Filter: 3879219
  ->  Hash  (cost=67604.59..67604.59 rows=7437 width=4) (actual time=1130.814..1130.814 rows=16571 loops=1)
        Buckets: 32768 (originally 8192)  Batches: 1 (originally 1)  Memory Usage: 839kB
        ->  Seq Scan on title t  (cost=0.00..67604.59 rows=7437 width=4) (actual time=0.042..1122.621 rows=16571 loops=1)
              Filter: (production_year = 1984)
              Rows Removed by Filter: 2511741
Planning time: 0.770 ms
Execution time: 2606.000 ms
