Seq Scan on cast_info ci  (cost=0.00..705507.15 rows=500 width=0) (actual time=3385.253..11182.666 rows=4 loops=1)
  Filter: (person_id = 2851967)
  Rows Removed by Filter: 36244340
Planning time: 0.395 ms
Execution time: 11182.762 ms
