Hash Join  (cost=100901.79..465588.85 rows=3111 width=0) (actual time=1654.333..8821.641 rows=50257 loops=1)
  Hash Cond: (mi.movie_id = t.id)
  ->  Seq Scan on movie_info mi  (cost=0.00..309384.22 rows=14739122 width=4) (actual time=0.012..4236.399 rows=14835720 loops=1)
  ->  Hash  (cost=100895.12..100895.12 rows=534 width=8) (actual time=1651.619..1651.619 rows=2937 loops=1)
        Buckets: 4096 (originally 1024)  Batches: 1 (originally 1)  Memory Usage: 147kB
        ->  Hash Join  (cost=73962.22..100895.12 rows=534 width=8) (actual time=1103.672..1650.189 rows=2937 loops=1)
              Hash Cond: (mi_idx.movie_id = t.id)
              ->  Seq Scan on movie_info_idx mi_idx  (cost=0.00..25185.44 rows=464566 width=4) (actual time=0.026..450.942 rows=459925 loops=1)
                    Filter: (info_type_id = 101)
                    Rows Removed by Filter: 920110
              ->  Hash  (cost=73925.90..73925.90 rows=2905 width=4) (actual time=1103.587..1103.587 rows=7085 loops=1)
                    Buckets: 8192 (originally 4096)  Batches: 1 (originally 1)  Memory Usage: 314kB
                    ->  Seq Scan on title t  (cost=0.00..73925.90 rows=2905 width=4) (actual time=0.104..1099.816 rows=7085 loops=1)
                          Filter: ((kind_id < 7) AND (production_year = 1983))
                          Rows Removed by Filter: 2521227
Planning time: 1.234 ms
Execution time: 8831.127 ms
