Seq Scan on movie_keyword mk  (cost=0.00..81003.12 rows=569177 width=0) (actual time=41.706..1204.769 rows=566536 loops=1)
  Filter: (keyword_id > 32448)
  Rows Removed by Filter: 3957394
Planning time: 0.356 ms
Execution time: 1272.579 ms
