Seq Scan on movie_keyword mk  (cost=0.00..81003.12 rows=1602184 width=0) (actual time=0.032..1347.539 rows=1614734 loops=1)
  Filter: (keyword_id > 9368)
  Rows Removed by Filter: 2909196
Planning time: 0.362 ms
Execution time: 1555.622 ms
