Hash Join  (cost=116525.17..989208.16 rows=196082 width=0) (actual time=2113.869..15311.282 rows=117516 loops=1)
  Hash Cond: (ci.movie_id = t.id)
  ->  Seq Scan on cast_info ci  (cost=0.00..796071.18 rows=6430132 width=4) (actual time=0.016..12222.052 rows=2727682 loops=1)
        Filter: ((person_id < 954388) AND (role_id > 1))
        Rows Removed by Filter: 33516662
  ->  Hash  (cost=115259.36..115259.36 rows=77105 width=8) (actual time=2112.924..2112.924 rows=30861 loops=1)
        Buckets: 131072  Batches: 2  Memory Usage: 1627kB
        ->  Hash Join  (cost=76243.83..115259.36 rows=77105 width=8) (actual time=1359.190..2101.534 rows=30861 loops=1)
              Hash Cond: (mi_idx.movie_id = t.id)
              ->  Seq Scan on movie_info_idx mi_idx  (cost=0.00..21735.35 rows=1380035 width=4) (actual time=0.015..450.046 rows=1380035 loops=1)
              ->  Hash  (cost=73925.90..73925.90 rows=141274 width=4) (actual time=1160.873..1160.873 rows=150659 loops=1)
                    Buckets: 131072  Batches: 2  Memory Usage: 3673kB
                    ->  Seq Scan on title t  (cost=0.00..73925.90 rows=141274 width=4) (actual time=0.025..1105.742 rows=150659 loops=1)
                          Filter: ((production_year > 2011) AND (kind_id = 7))
                          Rows Removed by Filter: 2377653
Planning time: 1.232 ms
Execution time: 15326.469 ms
