Seq Scan on movie_companies mc  (cost=0.00..51404.11 rows=1024643 width=0) (actual time=0.011..892.779 rows=1024646 loops=1)
  Filter: (company_id < 5503)
  Rows Removed by Filter: 1584483
Planning time: 0.218 ms
Execution time: 1022.291 ms
