Hash Join  (cost=52284.65..138943.32 rows=63 width=0) (actual time=1304.188..2844.390 rows=53 loops=1)
  Hash Cond: (mk.movie_id = t.id)
  ->  Seq Scan on movie_keyword mk  (cost=0.00..69693.30 rows=4523930 width=4) (actual time=0.021..1131.430 rows=4523930 loops=1)
  ->  Hash  (cost=52284.21..52284.21 rows=35 width=8) (actual time=925.894..925.894 rows=13 loops=1)
        Buckets: 1024  Batches: 1  Memory Usage: 9kB
        ->  Nested Loop  (cost=0.43..52284.21 rows=35 width=8) (actual time=190.483..925.869 rows=13 loops=1)
              ->  Seq Scan on movie_companies mc  (cost=0.00..51404.11 rows=104 width=4) (actual time=120.833..925.149 rows=14 loops=1)
                    Filter: (company_id = 4958)
                    Rows Removed by Filter: 2609115
              ->  Index Scan using title_pkey on title t  (cost=0.43..8.45 rows=1 width=4) (actual time=0.045..0.045 rows=1 loops=14)
                    Index Cond: (id = mc.movie_id)
                    Filter: ((kind_id < 7) AND (production_year > 1965))
                    Rows Removed by Filter: 0
Planning time: 1.128 ms
Execution time: 2844.535 ms
