Hash Join  (cost=854138.88..3465899.68 rows=117447819 width=0) (actual time=21286.551..124736.731 rows=260614866 loops=1)
  Hash Cond: (ci.movie_id = t.id)
  ->  Seq Scan on cast_info ci  (cost=0.00..705507.15 rows=30405364 width=4) (actual time=0.019..16504.712 rows=30511650 loops=1)
        Filter: (role_id < 9)
        Rows Removed by Filter: 5732694
  ->  Hash  (cost=693898.06..693898.06 rows=9767026 width=8) (actual time=21284.248..21284.248 rows=9911754 loops=1)
        Buckets: 131072 (originally 131072)  Batches: 256 (originally 128)  Memory Usage: 4036kB
        ->  Hash Join  (cost=102767.86..693898.06 rows=9767026 width=8) (actual time=2046.182..17915.977 rows=9911754 loops=1)
              Hash Cond: (mi.movie_id = t.id)
              ->  Seq Scan on movie_info mi  (cost=0.00..346232.03 rows=9767026 width=4) (actual time=0.044..6932.084 rows=9911754 loops=1)
                    Filter: (info_type_id > 4)
                    Rows Removed by Filter: 4923966
              ->  Hash  (cost=61283.27..61283.27 rows=2528527 width=4) (actual time=2044.974..2044.974 rows=2528312 loops=1)
                    Buckets: 131072  Batches: 64  Memory Usage: 2425kB
                    ->  Seq Scan on title t  (cost=0.00..61283.27 rows=2528527 width=4) (actual time=0.011..1179.637 rows=2528312 loops=1)
Planning time: 1.290 ms
Execution time: 152324.824 ms
