Hash Join  (cost=133039.86..212879.35 rows=347396 width=0) (actual time=3690.890..6373.871 rows=2208398 loops=1)
  Hash Cond: (mc.movie_id = t.id)
  ->  Seq Scan on movie_companies mc  (cost=0.00..44881.29 rows=2609129 width=4) (actual time=0.020..816.232 rows=2609129 loops=1)
  ->  Hash  (cost=127515.56..127515.56 rows=336664 width=8) (actual time=3689.995..3689.995 rows=590693 loops=1)
        Buckets: 131072  Batches: 8  Memory Usage: 3921kB
        ->  Hash Join  (cost=84046.44..127515.56 rows=336664 width=8) (actual time=1638.472..3517.262 rows=590693 loops=1)
              Hash Cond: (mi_idx.movie_id = t.id)
              ->  Seq Scan on movie_info_idx mi_idx  (cost=0.00..21735.35 rows=1380035 width=4) (actual time=0.012..408.933 rows=1380035 loops=1)
              ->  Hash  (cost=73925.90..73925.90 rows=616843 width=4) (actual time=1532.661..1532.661 rows=528463 loops=1)
                    Buckets: 131072  Batches: 16  Memory Usage: 2183kB
                    ->  Seq Scan on title t  (cost=0.00..73925.90 rows=616843 width=4) (actual time=36.738..1368.776 rows=528463 loops=1)
                          Filter: ((production_year > 1934) AND (kind_id = 1))
                          Rows Removed by Filter: 1999849
Planning time: 3.831 ms
Execution time: 6643.531 ms
