Hash Join  (cost=162004.44..657716.27 rows=1490690 width=0) (actual time=3112.013..15826.920 rows=925955 loops=1)
  Hash Cond: (mi.movie_id = t.id)
  ->  Seq Scan on movie_info mi  (cost=0.00..309384.22 rows=14739122 width=4) (actual time=0.020..6129.956 rows=14835720 loops=1)
  ->  Hash  (cost=157808.80..157808.80 rows=255731 width=8) (actual time=3106.974..3106.974 rows=98735 loops=1)
        Buckets: 131072  Batches: 4  Memory Usage: 1994kB
        ->  Hash Join  (cost=79158.73..157808.80 rows=255731 width=8) (actual time=1109.945..3074.439 rows=98735 loops=1)
              Hash Cond: (mc.movie_id = t.id)
              ->  Seq Scan on movie_companies mc  (cost=0.00..51404.11 rows=2027373 width=4) (actual time=0.009..1086.218 rows=2032043 loops=1)
                    Filter: (company_id > 637)
                    Rows Removed by Filter: 577086
              ->  Hash  (cost=73925.90..73925.90 rows=318946 width=4) (actual time=1109.184..1109.184 rows=209805 loops=1)
                    Buckets: 131072  Batches: 8  Memory Usage: 1936kB
                    ->  Seq Scan on title t  (cost=0.00..73925.90 rows=318946 width=4) (actual time=0.016..1042.353 rows=209805 loops=1)
                          Filter: ((production_year < 1981) AND (kind_id = 7))
                          Rows Removed by Filter: 2318507
Planning time: 1.221 ms
Execution time: 15932.497 ms
