Nested Loop  (cost=0.43..83072.29 rows=100 width=0) (actual time=4.261..1018.597 rows=330 loops=1)
  ->  Seq Scan on movie_keyword mk  (cost=0.00..81003.12 rows=246 width=4) (actual time=4.212..1001.464 rows=587 loops=1)
        Filter: (keyword_id = 12169)
        Rows Removed by Filter: 4523343
  ->  Index Scan using title_pkey on title t  (cost=0.43..8.40 rows=1 width=4) (actual time=0.028..0.028 rows=1 loops=587)
        Index Cond: (id = mk.movie_id)
        Filter: (production_year < 2000)
        Rows Removed by Filter: 0
Planning time: 0.669 ms
Execution time: 1018.826 ms
