Hash Join  (cost=87180.69..148062.73 rows=139577 width=0) (actual time=1659.687..2865.180 rows=131736 loops=1)
  Hash Cond: (mc.movie_id = t.id)
  ->  Seq Scan on movie_companies mc  (cost=0.00..51404.11 rows=295777 width=4) (actual time=0.021..806.886 rows=300501 loops=1)
        Filter: (company_id > 94211)
        Rows Removed by Filter: 2308628
  ->  Hash  (cost=67604.59..67604.59 rows=1193208 width=4) (actual time=1658.595..1658.595 rows=1192518 loops=1)
        Buckets: 131072  Batches: 16  Memory Usage: 3646kB
        ->  Seq Scan on title t  (cost=0.00..67604.59 rows=1193208 width=4) (actual time=0.014..1290.505 rows=1192518 loops=1)
              Filter: (production_year > 2003)
              Rows Removed by Filter: 1335794
Planning time: 7.847 ms
Execution time: 2881.388 ms
