Seq Scan on title t  (cost=0.00..73925.90 rows=651755 width=0) (actual time=0.033..1249.320 rows=711179 loops=1)
  Filter: ((kind_id < 7) AND (production_year < 2008))
  Rows Removed by Filter: 1817133
Planning time: 0.248 ms
Execution time: 1349.650 ms
