Hash Join  (cost=102767.86..1376775.96 rows=23215443 width=0) (actual time=1932.175..37329.740 rows=23098214 loops=1)
  Hash Cond: (ci.movie_id = t.id)
  ->  Seq Scan on cast_info ci  (cost=0.00..705507.15 rows=23215443 width=4) (actual time=0.021..15674.000 rows=23098214 loops=1)
        Filter: (person_id < 2361468)
        Rows Removed by Filter: 13146130
  ->  Hash  (cost=61283.27..61283.27 rows=2528527 width=4) (actual time=1931.106..1931.106 rows=2528312 loops=1)
        Buckets: 131072  Batches: 64  Memory Usage: 2415kB
        ->  Seq Scan on title t  (cost=0.00..61283.27 rows=2528527 width=4) (actual time=0.021..1098.306 rows=2528312 loops=1)
Planning time: 1.010 ms
Execution time: 40013.066 ms
