Hash Join  (cost=67697.55..127670.87 rows=6669 width=0) (actual time=1057.372..2371.983 rows=5660 loops=1)
  Hash Cond: (mc.movie_id = t.id)
  ->  Seq Scan on movie_companies mc  (cost=0.00..51404.11 rows=2267339 width=4) (actual time=0.024..975.581 rows=2264220 loops=1)
        Filter: (company_id < 88796)
        Rows Removed by Filter: 344909
  ->  Hash  (cost=67604.59..67604.59 rows=7437 width=4) (actual time=1057.196..1057.196 rows=2202 loops=1)
        Buckets: 8192  Batches: 1  Memory Usage: 142kB
        ->  Seq Scan on title t  (cost=0.00..67604.59 rows=7437 width=4) (actual time=157.867..1056.041 rows=2202 loops=1)
              Filter: (production_year = 1940)
              Rows Removed by Filter: 2526110
Planning time: 4.772 ms
Execution time: 2373.080 ms
