Seq Scan on movie_keyword mk  (cost=0.00..81003.12 rows=246 width=0) (actual time=8.794..1178.267 rows=173 loops=1)
  Filter: (keyword_id = 967)
  Rows Removed by Filter: 4523757
Planning time: 0.364 ms
Execution time: 1178.476 ms
