Hash Join  (cost=102767.86..1253390.57 rows=14324033 width=0) (actual time=3147.901..28693.904 rows=11876380 loops=1)
  Hash Cond: (ci.movie_id = t.id)
  ->  Seq Scan on cast_info ci  (cost=0.00..796071.18 rows=14324033 width=4) (actual time=1323.523..17105.070 rows=11876380 loops=1)
        Filter: ((person_id < 3282346) AND (role_id > 2))
        Rows Removed by Filter: 24367964
  ->  Hash  (cost=61283.27..61283.27 rows=2528527 width=4) (actual time=1823.164..1823.164 rows=2528312 loops=1)
        Buckets: 131072  Batches: 64  Memory Usage: 2415kB
        ->  Seq Scan on title t  (cost=0.00..61283.27 rows=2528527 width=4) (actual time=0.027..989.670 rows=2528312 loops=1)
Planning time: 0.930 ms
Execution time: 30026.860 ms
