Hash Join  (cost=208697.29..1404864.90 rows=15805445 width=0) (actual time=5113.975..49017.008 rows=29120023 loops=1)
  Hash Cond: (ci.movie_id = t.id)
  ->  Seq Scan on cast_info ci  (cost=0.00..614943.12 rows=36225612 width=4) (actual time=0.023..13568.272 rows=36244344 loops=1)
  ->  Hash  (cost=190597.15..190597.15 rows=1103211 width=8) (actual time=5113.108..5113.108 rows=1115710 loops=1)
        Buckets: 131072  Batches: 16  Memory Usage: 3752kB
        ->  Hash Join  (cost=102767.86..190597.15 rows=1103211 width=8) (actual time=2572.577..4806.885 rows=1115710 loops=1)
              Hash Cond: (mc.movie_id = t.id)
              ->  Seq Scan on movie_companies mc  (cost=0.00..51404.11 rows=1103211 width=4) (actual time=0.026..935.455 rows=1115710 loops=1)
                    Filter: (company_id > 13849)
                    Rows Removed by Filter: 1493419
              ->  Hash  (cost=61283.27..61283.27 rows=2528527 width=4) (actual time=2571.602..2571.602 rows=2528312 loops=1)
                    Buckets: 131072  Batches: 64  Memory Usage: 2415kB
                    ->  Seq Scan on title t  (cost=0.00..61283.27 rows=2528527 width=4) (actual time=0.019..1065.327 rows=2528312 loops=1)
Planning time: 0.798 ms
Execution time: 52333.526 ms
