Seq Scan on cast_info ci  (cost=0.00..796071.18 rows=10485157 width=0) (actual time=4103.016..15575.711 rows=12670688 loops=1)
  Filter: ((person_id < 3009316) AND (role_id = 1))
  Rows Removed by Filter: 23573656
Planning time: 3.547 ms
Execution time: 17114.373 ms
