Seq Scan on movie_keyword mk  (cost=0.00..81003.12 rows=1216052 width=0) (actual time=0.024..1472.485 rows=1222604 loops=1)
  Filter: (keyword_id < 1544)
  Rows Removed by Filter: 3301326
Planning time: 0.317 ms
Execution time: 1628.617 ms
