Hash Join  (cost=73990.12..884244.10 rows=56442 width=0) (actual time=1313.480..18754.582 rows=64156 loops=1)
  Hash Cond: (ci.movie_id = t.id)
  ->  Seq Scan on cast_info ci  (cost=0.00..705507.15 rows=27781976 width=4) (actual time=334.412..12645.524 rows=27912392 loops=1)
        Filter: (person_id > 815871)
        Rows Removed by Filter: 8331952
  ->  Hash  (cost=73925.90..73925.90 rows=5137 width=4) (actual time=978.342..978.342 rows=3640 loops=1)
        Buckets: 8192  Batches: 1  Memory Usage: 192kB
        ->  Seq Scan on title t  (cost=0.00..73925.90 rows=5137 width=4) (actual time=0.178..976.423 rows=3640 loops=1)
              Filter: ((kind_id = 3) AND (production_year = 2008))
              Rows Removed by Filter: 2524672
Planning time: 1.633 ms
Execution time: 18768.410 ms
