Hash Join  (cost=83810.17..150509.93 rows=124074 width=0) (actual time=1499.035..3304.943 rows=20417 loops=1)
  Hash Cond: (mc.movie_id = t.id)
  ->  Seq Scan on movie_companies mc  (cost=0.00..57926.93 rows=317622 width=4) (actual time=0.013..979.455 rows=20417 loops=1)
        Filter: ((company_id > 54154) AND (company_type_id < 2))
        Rows Removed by Filter: 2588712
  ->  Hash  (cost=67604.59..67604.59 rows=987727 width=4) (actual time=1498.256..1498.256 rows=985048 loops=1)
        Buckets: 131072  Batches: 16  Memory Usage: 3188kB
        ->  Seq Scan on title t  (cost=0.00..67604.59 rows=987727 width=4) (actual time=0.018..1203.141 rows=985048 loops=1)
              Filter: (kind_id < 7)
              Rows Removed by Filter: 1543264
Planning time: 0.748 ms
Execution time: 3307.756 ms
