Hash Join  (cost=210673.10..354274.23 rows=1772809 width=0) (actual time=4833.648..13496.553 rows=21763854 loops=1)
  Hash Cond: (mk.movie_id = t.id)
  ->  Seq Scan on movie_keyword mk  (cost=0.00..69693.30 rows=4523930 width=4) (actual time=0.020..1354.204 rows=4523930 loops=1)
  ->  Hash  (cost=194416.32..194416.32 rows=990863 width=8) (actual time=4832.911..4832.911 rows=850106 loops=1)
        Buckets: 131072  Batches: 16  Memory Usage: 3149kB
        ->  Hash Join  (cost=102767.86..194416.32 rows=990863 width=8) (actual time=2208.434..4575.100 rows=850106 loops=1)
              Hash Cond: (mc.movie_id = t.id)
              ->  Seq Scan on movie_companies mc  (cost=0.00..57926.93 rows=990863 width=4) (actual time=190.131..1186.837 rows=850106 loops=1)
                    Filter: ((company_id > 663) AND (company_type_id < 2))
                    Rows Removed by Filter: 1759023
              ->  Hash  (cost=61283.27..61283.27 rows=2528527 width=4) (actual time=2016.695..2016.695 rows=2528312 loops=1)
                    Buckets: 131072  Batches: 64  Memory Usage: 2415kB
                    ->  Seq Scan on title t  (cost=0.00..61283.27 rows=2528527 width=4) (actual time=0.025..1195.348 rows=2528312 loops=1)
Planning time: 1.117 ms
Execution time: 16187.440 ms
