Hash Join  (cost=156697.07..263003.33 rows=188839 width=0) (actual time=4046.811..6889.494 rows=1797525 loops=1)
  Hash Cond: (mk.movie_id = t.id)
  ->  Seq Scan on movie_keyword mk  (cost=0.00..81003.12 rows=1941798 width=4) (actual time=0.019..1470.177 rows=1949755 loops=1)
        Filter: (keyword_id > 6623)
        Rows Removed by Filter: 2574175
  ->  Hash  (cost=152662.34..152662.34 rows=245898 width=8) (actual time=4046.106..4046.106 rows=536413 loops=1)
        Buckets: 131072 (originally 131072)  Batches: 8 (originally 4)  Memory Usage: 3670kB
        ->  Hash Join  (cost=81598.21..152662.34 rows=245898 width=8) (actual time=1948.784..3863.496 rows=536413 loops=1)
              Hash Cond: (mc.movie_id = t.id)
              ->  Seq Scan on movie_companies mc  (cost=0.00..51404.11 rows=1329612 width=4) (actual time=27.281..950.402 rows=1334883 loops=1)
                    Filter: (company_type_id = 2)
                    Rows Removed by Filter: 1274246
              ->  Hash  (cost=73925.90..73925.90 rows=467624 width=4) (actual time=1920.520..1920.520 rows=557493 loops=1)
                    Buckets: 131072  Batches: 8  Memory Usage: 3486kB
                    ->  Seq Scan on title t  (cost=0.00..73925.90 rows=467624 width=4) (actual time=0.031..1159.176 rows=557493 loops=1)
                          Filter: ((kind_id < 7) AND (production_year < 2003))
                          Rows Removed by Filter: 1970819
Planning time: 0.922 ms
Execution time: 7082.751 ms
