Hash Join  (cost=709678.15..1061725.99 rows=307 width=0) (actual time=11902.159..16710.319 rows=87 loops=1)
  Hash Cond: (mi.movie_id = t.id)
  ->  Seq Scan on movie_info mi  (cost=0.00..346232.03 rows=1550064 width=4) (actual time=942.467..5651.362 rows=1533909 loops=1)
        Filter: (info_type_id = 3)
        Rows Removed by Filter: 13301811
  ->  Hash  (cost=709671.90..709671.90 rows=500 width=8) (actual time=10846.924..10846.924 rows=69 loops=1)
        Buckets: 1024  Batches: 1  Memory Usage: 11kB
        ->  Nested Loop  (cost=0.43..709671.90 rows=500 width=8) (actual time=9265.300..10846.864 rows=69 loops=1)
              ->  Seq Scan on cast_info ci  (cost=0.00..705507.15 rows=500 width=4) (actual time=9265.120..10845.419 rows=69 loops=1)
                    Filter: (person_id = 3663041)
                    Rows Removed by Filter: 36244275
              ->  Index Only Scan using title_pkey on title t  (cost=0.43..8.32 rows=1 width=4) (actual time=0.019..0.019 rows=1 loops=69)
                    Index Cond: (id = ci.movie_id)
                    Heap Fetches: 69
Planning time: 1.236 ms
Execution time: 16710.457 ms
