Hash Join  (cost=102767.86..287228.21 rows=3888937 width=0) (actual time=2095.401..7112.559 rows=3874830 loops=1)
  Hash Cond: (mk.movie_id = t.id)
  ->  Seq Scan on movie_keyword mk  (cost=0.00..81003.12 rows=3888937 width=4) (actual time=0.014..1922.072 rows=3874830 loops=1)
        Filter: (keyword_id < 29028)
        Rows Removed by Filter: 649100
  ->  Hash  (cost=61283.27..61283.27 rows=2528527 width=4) (actual time=2092.922..2092.922 rows=2528312 loops=1)
        Buckets: 131072  Batches: 64  Memory Usage: 2425kB
        ->  Seq Scan on title t  (cost=0.00..61283.27 rows=2528527 width=4) (actual time=0.010..1220.279 rows=2528312 loops=1)
Planning time: 0.732 ms
Execution time: 7539.246 ms
