Hash Join  (cost=124787.50..613814.01 rows=864058 width=0) (actual time=2488.366..16776.699 rows=5327858 loops=1)
  Hash Cond: (mi.movie_id = t.id)
  ->  Seq Scan on movie_info mi  (cost=0.00..309384.22 rows=14739122 width=4) (actual time=0.019..6107.919 rows=14835720 loops=1)
  ->  Hash  (cost=122354.61..122354.61 rows=148231 width=8) (actual time=2487.615..2487.615 rows=292486 loops=1)
        Buckets: 131072 (originally 131072)  Batches: 4 (originally 2)  Memory Usage: 3893kB
        ->  Hash Join  (cost=87162.74..122354.61 rows=148231 width=8) (actual time=1464.788..2386.877 rows=292486 loops=1)
              Hash Cond: (mi_idx.movie_id = t.id)
              ->  Seq Scan on movie_info_idx mi_idx  (cost=0.00..25185.44 rows=464566 width=4) (actual time=0.018..438.169 rows=459925 loops=1)
                    Filter: (info_type_id = 101)
                    Rows Removed by Filter: 920110
              ->  Hash  (cost=73925.90..73925.90 rows=806787 width=4) (actual time=1463.701..1463.701 rows=843018 loops=1)
                    Buckets: 131072  Batches: 16  Memory Usage: 2879kB
                    ->  Seq Scan on title t  (cost=0.00..73925.90 rows=806787 width=4) (actual time=0.016..1205.506 rows=843018 loops=1)
                          Filter: ((kind_id < 7) AND (production_year < 2011))
                          Rows Removed by Filter: 1685294
Planning time: 1.199 ms
Execution time: 17398.051 ms
