Hash Join  (cost=697533.99..2290874.59 rows=43897215 width=0) (actual time=16427.746..59793.453 rows=54385739 loops=1)
  Hash Cond: (ci.movie_id = t.id)
  ->  Seq Scan on cast_info ci  (cost=0.00..796071.18 rows=18821627 width=4) (actual time=1179.277..16899.018 rows=16298410 loops=1)
        Filter: ((person_id < 2941609) AND (role_id > 1))
        Rows Removed by Filter: 19945934
  ->  Hash  (cost=600781.72..600781.72 rows=5897221 width=8) (actual time=15247.123..15247.123 rows=5884963 loops=1)
        Buckets: 131072  Batches: 128  Memory Usage: 2812kB
        ->  Hash Join  (cost=102767.86..600781.72 rows=5897221 width=8) (actual time=1783.470..13633.851 rows=5884963 loops=1)
              Hash Cond: (mi.movie_id = t.id)
              ->  Seq Scan on movie_info mi  (cost=0.00..346232.03 rows=5897221 width=4) (actual time=0.028..6327.293 rows=5884963 loops=1)
                    Filter: (info_type_id < 7)
                    Rows Removed by Filter: 8950757
              ->  Hash  (cost=61283.27..61283.27 rows=2528527 width=4) (actual time=1782.177..1782.177 rows=2528312 loops=1)
                    Buckets: 131072  Batches: 64  Memory Usage: 2425kB
                    ->  Seq Scan on title t  (cost=0.00..61283.27 rows=2528527 width=4) (actual time=0.021..991.589 rows=2528312 loops=1)
Planning time: 1.243 ms
Execution time: 65996.037 ms
