Hash Join  (cost=69179.59..822808.56 rows=151795 width=0) (actual time=5459.717..16197.606 rows=164409 loops=1)
  Hash Cond: (ci.movie_id = t.id)
  ->  Seq Scan on cast_info ci  (cost=0.00..705507.15 rows=3998100 width=4) (actual time=3979.233..13228.862 rows=4008037 loops=1)
        Filter: (role_id = 3)
        Rows Removed by Filter: 32236307
  ->  Hash  (cost=67604.59..67604.59 rows=96000 width=4) (actual time=1479.657..1479.657 rows=95005 loops=1)
        Buckets: 131072  Batches: 2  Memory Usage: 2716kB
        ->  Seq Scan on title t  (cost=0.00..67604.59 rows=96000 width=4) (actual time=0.030..1216.575 rows=95005 loops=1)
              Filter: (production_year = 2005)
              Rows Removed by Filter: 2433307
Planning time: 0.808 ms
Execution time: 16219.223 ms
