Seq Scan on movie_keyword mk  (cost=0.00..81003.12 rows=1855373 width=0) (actual time=0.018..1408.470 rows=1862898 loops=1)
  Filter: (keyword_id < 3140)
  Rows Removed by Filter: 2661032
Planning time: 0.331 ms
Execution time: 1636.767 ms
