Hash Join  (cost=798789.51..825700.20 rows=21 width=0) (actual time=14163.168..14678.124 rows=18 loops=1)
  Hash Cond: (mi_idx.movie_id = t.id)
  ->  Seq Scan on movie_info_idx mi_idx  (cost=0.00..21735.35 rows=1380035 width=4) (actual time=0.012..292.907 rows=1380035 loops=1)
  ->  Hash  (cost=798789.03..798789.03 rows=38 width=8) (actual time=14141.246..14141.246 rows=6 loops=1)
        Buckets: 1024  Batches: 1  Memory Usage: 9kB
        ->  Nested Loop  (cost=0.43..798789.03 rows=38 width=8) (actual time=5013.487..14141.184 rows=6 loops=1)
              ->  Seq Scan on cast_info ci  (cost=0.00..796071.18 rows=324 width=4) (actual time=320.829..14119.645 rows=551 loops=1)
                    Filter: ((role_id > 1) AND (person_id = 2719092))
                    Rows Removed by Filter: 36243793
              ->  Index Scan using title_pkey on title t  (cost=0.43..8.38 rows=1 width=4) (actual time=0.039..0.039 rows=0 loops=551)
                    Index Cond: (id = ci.movie_id)
                    Filter: ((kind_id < 2) AND (production_year < 2002))
                    Rows Removed by Filter: 1
Planning time: 1.259 ms
Execution time: 14678.256 ms
