Seq Scan on cast_info ci  (cost=0.00..705507.15 rows=24797760 width=0) (actual time=0.020..12591.358 rows=24909373 loops=1)
  Filter: (person_id > 1113523)
  Rows Removed by Filter: 11334971
Planning time: 0.383 ms
Execution time: 15690.863 ms
