Seq Scan on cast_info ci  (cost=0.00..705507.15 rows=23386177 width=0) (actual time=0.025..12284.017 rows=23285134 loops=1)
  Filter: (person_id < 2381688)
  Rows Removed by Filter: 12959210
Planning time: 0.326 ms
Execution time: 15113.078 ms
