Seq Scan on movie_keyword mk  (cost=0.00..81003.12 rows=246 width=0) (actual time=2.313..1120.994 rows=1191 loops=1)
  Filter: (keyword_id = 1028)
  Rows Removed by Filter: 4522739
Planning time: 0.384 ms
Execution time: 1121.484 ms
