Hash Join  (cost=217022.37..1172404.73 rows=5151934 width=0) (actual time=4870.616..21905.690 rows=2136707 loops=1)
  Hash Cond: (ci.movie_id = t.id)
  ->  Seq Scan on cast_info ci  (cost=0.00..796071.18 rows=8823691 width=4) (actual time=0.023..14387.263 rows=4730362 loops=1)
        Filter: ((person_id > 1082525) AND (role_id = 1))
        Rows Removed by Filter: 31513982
  ->  Hash  (cost=192801.07..192801.07 rows=1476344 width=8) (actual time=4869.518..4869.518 rows=704352 loops=1)
        Buckets: 131072  Batches: 32  Memory Usage: 1857kB
        ->  Hash Join  (cost=97399.10..192801.07 rows=1476344 width=8) (actual time=2281.853..4659.230 rows=704352 loops=1)
              Hash Cond: (mc.movie_id = t.id)
              ->  Seq Scan on movie_companies mc  (cost=0.00..44881.29 rows=2609129 width=4) (actual time=0.023..860.997 rows=2609129 loops=1)
              ->  Hash  (cost=73925.90..73925.90 rows=1430736 width=4) (actual time=2049.907..2049.907 rows=1478437 loops=1)
                    Buckets: 131072  Batches: 32  Memory Usage: 2651kB
                    ->  Seq Scan on title t  (cost=0.00..73925.90 rows=1430736 width=4) (actual time=61.194..1579.649 rows=1478437 loops=1)
                          Filter: ((production_year > 1929) AND (kind_id = 7))
                          Rows Removed by Filter: 1049875
Planning time: 1.239 ms
Execution time: 22121.701 ms
