Hash Join  (cost=83580.70..197088.62 rows=717055 width=0) (actual time=1525.565..4442.053 rows=957147 loops=1)
  Hash Cond: (mk.movie_id = t.id)
  ->  Seq Scan on movie_keyword mk  (cost=0.00..81003.12 rows=1861933 width=4) (actual time=0.020..1674.443 rows=1867406 loops=1)
        Filter: (keyword_id > 7373)
        Rows Removed by Filter: 2656524
  ->  Hash  (cost=67604.59..67604.59 rows=973769 width=4) (actual time=1521.778..1521.778 rows=971188 loops=1)
        Buckets: 131072  Batches: 16  Memory Usage: 3168kB
        ->  Seq Scan on title t  (cost=0.00..67604.59 rows=973769 width=4) (actual time=0.021..1198.079 rows=971188 loops=1)
              Filter: (production_year < 1999)
              Rows Removed by Filter: 1557124
Planning time: 8.163 ms
Execution time: 4557.482 ms
