Seq Scan on movie_keyword mk  (cost=0.00..81003.12 rows=1207818 width=0) (actual time=0.017..1367.975 rows=1217432 loops=1)
  Filter: (keyword_id > 14998)
  Rows Removed by Filter: 3306498
Planning time: 0.313 ms
Execution time: 1522.917 ms
