Hash Join  (cost=226581.25..759774.27 rows=5935844 width=0) (actual time=5456.629..22892.956 rows=26414818 loops=1)
  Hash Cond: (mi.movie_id = t.id)
  ->  Seq Scan on movie_info mi  (cost=0.00..346232.03 rows=9476311 width=4) (actual time=195.799..5957.195 rows=9565151 loops=1)
        Filter: (info_type_id < 16)
        Rows Removed by Filter: 5270569
  ->  Hash  (cost=200596.27..200596.27 rows=1583838 width=8) (actual time=5246.516..5246.516 rows=1724401 loops=1)
        Buckets: 131072  Batches: 32  Memory Usage: 3196kB
        ->  Hash Join  (cost=99161.12..200596.27 rows=1583838 width=8) (actual time=1890.924..4748.976 rows=1724401 loops=1)
              Hash Cond: (mc.movie_id = t.id)
              ->  Seq Scan on movie_companies mc  (cost=0.00..51404.11 rows=2082131 width=4) (actual time=0.035..1019.112 rows=2081197 loops=1)
                    Filter: (company_id > 487)
                    Rows Removed by Filter: 527932
              ->  Hash  (cost=67604.59..67604.59 rows=1923403 width=4) (actual time=1889.829..1889.829 rows=1922849 loops=1)
                    Buckets: 131072  Batches: 32  Memory Usage: 3132kB
                    ->  Seq Scan on title t  (cost=0.00..67604.59 rows=1923403 width=4) (actual time=0.018..1285.004 rows=1922849 loops=1)
                          Filter: (production_year < 2010)
                          Rows Removed by Filter: 605463
Planning time: 1.157 ms
Execution time: 25825.459 ms
