Hash Join  (cost=139686.53..226740.53 rows=39596 width=0) (actual time=2812.947..3969.177 rows=42722 loops=1)
  Hash Cond: (mk.movie_id = t.id)
  ->  Seq Scan on movie_keyword mk  (cost=0.00..69693.30 rows=4523930 width=4) (actual time=0.021..1037.118 rows=4523930 loops=1)
  ->  Hash  (cost=139409.89..139409.89 rows=22131 width=8) (actual time=2110.756..2110.756 rows=7800 loops=1)
        Buckets: 32768  Batches: 1  Memory Usage: 561kB
        ->  Hash Join  (cost=76444.38..139409.89 rows=22131 width=8) (actual time=1793.150..2107.489 rows=7800 loops=1)
              Hash Cond: (mc.movie_id = t.id)
              ->  Seq Scan on movie_companies mc  (cost=0.00..57926.93 rows=364605 width=4) (actual time=633.556..901.828 rows=51194 loops=1)
                    Filter: ((company_id > 37345) AND (company_type_id = 1))
                    Rows Removed by Filter: 2557935
              ->  Hash  (cost=73925.90..73925.90 rows=153478 width=4) (actual time=1158.670..1158.670 rows=134760 loops=1)
                    Buckets: 131072  Batches: 4  Memory Usage: 2216kB
                    ->  Seq Scan on title t  (cost=0.00..73925.90 rows=153478 width=4) (actual time=0.043..1112.233 rows=134760 loops=1)
                          Filter: ((kind_id < 7) AND (production_year > 2010))
                          Rows Removed by Filter: 2393552
Planning time: 1.202 ms
Execution time: 3974.765 ms
