Seq Scan on cast_info ci  (cost=0.00..705507.15 rows=2160158 width=0) (actual time=2430.870..10531.403 rows=2100887 loops=1)
  Filter: (person_id < 206004)
  Rows Removed by Filter: 34143457
Planning time: 0.391 ms
Execution time: 10798.735 ms
