Hash Join  (cost=947940.25..1089898.75 rows=1637946 width=0) (actual time=18849.257..23215.041 rows=3744958 loops=1)
  Hash Cond: (mk.movie_id = t.id)
  ->  Seq Scan on movie_keyword mk  (cost=0.00..69693.30 rows=4523930 width=4) (actual time=0.028..1391.047 rows=4523930 loops=1)
  ->  Hash  (cost=932919.69..932919.69 rows=915485 width=8) (actual time=18842.552..18842.552 rows=1632085 loops=1)
        Buckets: 131072 (originally 131072)  Batches: 32 (originally 16)  Memory Usage: 3073kB
        ->  Hash Join  (cost=84832.42..932919.69 rows=915485 width=8) (actual time=7717.264..18347.635 rows=1632085 loops=1)
              Hash Cond: (ci.movie_id = t.id)
              ->  Seq Scan on cast_info ci  (cost=0.00..796071.18 rows=3482198 width=4) (actual time=6218.177..14380.211 rows=4049565 loops=1)
                    Filter: ((person_id > 673325) AND (role_id = 10))
                    Rows Removed by Filter: 32194779
              ->  Hash  (cost=73925.90..73925.90 rows=664761 width=4) (actual time=1498.096..1498.096 rows=704326 loops=1)
                    Buckets: 131072  Batches: 16  Memory Usage: 2575kB
                    ->  Seq Scan on title t  (cost=0.00..73925.90 rows=664761 width=4) (actual time=0.024..1256.712 rows=704326 loops=1)
                          Filter: ((kind_id > 1) AND (production_year > 2006))
                          Rows Removed by Filter: 1823986
Planning time: 1.124 ms
Execution time: 23631.112 ms
