Seq Scan on movie_companies mc  (cost=0.00..57926.93 rows=393102 width=0) (actual time=323.623..909.524 rows=226248 loops=1)
  Filter: ((company_id < 1571) AND (company_type_id = 2))
  Rows Removed by Filter: 2382881
Planning time: 0.413 ms
Execution time: 938.710 ms
