Seq Scan on movie_keyword mk  (cost=0.00..81003.12 rows=246 width=0) (actual time=3.077..1267.573 rows=462 loops=1)
  Filter: (keyword_id = 8234)
  Rows Removed by Filter: 4523468
Planning time: 0.255 ms
Execution time: 1267.844 ms
