Hash Join  (cost=74155.14..937564.12 rows=127766 width=0) (actual time=1920.262..19493.649 rows=98382 loops=1)
  Hash Cond: (ci.movie_id = t.id)
  ->  Seq Scan on cast_info ci  (cost=0.00..796071.18 rows=17616037 width=4) (actual time=872.095..15359.015 rows=14498254 loops=1)
        Filter: ((person_id < 2790111) AND (role_id > 1))
        Rows Removed by Filter: 21746090
  ->  Hash  (cost=73925.90..73925.90 rows=18339 width=4) (actual time=1047.486..1047.486 rows=14449 loops=1)
        Buckets: 32768  Batches: 1  Memory Usage: 764kB
        ->  Seq Scan on title t  (cost=0.00..73925.90 rows=18339 width=4) (actual time=1.611..1040.343 rows=14449 loops=1)
              Filter: ((kind_id < 7) AND (production_year = 1998))
              Rows Removed by Filter: 2513863
Planning time: 0.808 ms
Execution time: 19512.359 ms
