Hash Join  (cost=583046.46..1809518.67 rows=19380845 width=0) (actual time=11777.935..42786.895 rows=26862242 loops=1)
  Hash Cond: (ci.movie_id = t.id)
  ->  Seq Scan on cast_info ci  (cost=0.00..796071.18 rows=15971933 width=4) (actual time=0.017..15518.428 rows=11938547 loops=1)
        Filter: ((person_id < 2530536) AND (role_id > 1))
        Rows Removed by Filter: 24305797
  ->  Hash  (cost=532708.04..532708.04 rows=3068194 width=8) (actual time=11776.520..11776.520 rows=3036719 loops=1)
        Buckets: 131072  Batches: 64  Memory Usage: 2881kB
        ->  Hash Join  (cost=102767.86..532708.04 rows=3068194 width=8) (actual time=4237.238..10884.967 rows=3036719 loops=1)
              Hash Cond: (mi.movie_id = t.id)
              ->  Seq Scan on movie_info mi  (cost=0.00..346232.03 rows=3068194 width=4) (actual time=2109.560..5798.561 rows=3036719 loops=1)
                    Filter: (info_type_id = 16)
                    Rows Removed by Filter: 11799001
              ->  Hash  (cost=61283.27..61283.27 rows=2528527 width=4) (actual time=2125.712..2125.712 rows=2528312 loops=1)
                    Buckets: 131072  Batches: 64  Memory Usage: 2425kB
                    ->  Seq Scan on title t  (cost=0.00..61283.27 rows=2528527 width=4) (actual time=0.022..973.165 rows=2528312 loops=1)
Planning time: 1.300 ms
Execution time: 45890.502 ms
