Hash Join  (cost=86534.07..887400.58 rows=37305 width=0) (actual time=9093.849..13037.254 rows=14303 loops=1)
  Hash Cond: (ci.movie_id = t.id)
  ->  Seq Scan on cast_info ci  (cost=0.00..796071.18 rows=122741 width=4) (actual time=7652.760..11427.102 rows=49505 loops=1)
        Filter: ((person_id < 1248019) AND (role_id > 10))
        Rows Removed by Filter: 36194839
  ->  Hash  (cost=73925.90..73925.90 rows=768493 width=4) (actual time=1439.964..1439.964 rows=840010 loops=1)
        Buckets: 131072  Batches: 16  Memory Usage: 2877kB
        ->  Seq Scan on title t  (cost=0.00..73925.90 rows=768493 width=4) (actual time=0.026..1068.954 rows=840010 loops=1)
              Filter: ((production_year > 2002) AND (kind_id = 7))
              Rows Removed by Filter: 1688302
Planning time: 0.808 ms
Execution time: 13039.227 ms
