Hash Join  (cost=240059.29..807063.31 rows=6445420 width=0) (actual time=5287.435..24246.242 rows=29738575 loops=1)
  Hash Cond: (mi.movie_id = t.id)
  ->  Seq Scan on movie_info mi  (cost=0.00..309384.22 rows=14739122 width=4) (actual time=0.007..6123.518 rows=14835720 loops=1)
  ->  Hash  (cost=221917.73..221917.73 rows=1105725 width=8) (actual time=5286.580..5286.580 rows=645862 loops=1)
        Buckets: 131072  Batches: 16  Memory Usage: 2665kB
        ->  Hash Join  (cost=78473.92..221917.73 rows=1105725 width=8) (actual time=1384.238..5119.373 rows=645862 loops=1)
              Hash Cond: (mk.movie_id = t.id)
              ->  Seq Scan on movie_keyword mk  (cost=0.00..81003.12 rows=4220115 width=4) (actual time=0.010..1863.813 rows=4203077 loops=1)
                    Filter: (keyword_id > 258)
                    Rows Removed by Filter: 320853
              ->  Hash  (cost=67604.59..67604.59 rows=662507 width=4) (actual time=1382.765..1382.765 rows=662065 loops=1)
                    Buckets: 131072  Batches: 16  Memory Usage: 2488kB
                    ->  Seq Scan on title t  (cost=0.00..67604.59 rows=662507 width=4) (actual time=0.009..1159.853 rows=662065 loops=1)
                          Filter: (production_year > 2008)
                          Rows Removed by Filter: 1866247
Planning time: 0.731 ms
Execution time: 27314.670 ms
