Hash Join  (cost=102767.86..175050.01 rows=457110 width=0) (actual time=1774.000..3256.557 rows=460274 loops=1)
  Hash Cond: (mc.movie_id = t.id)
  ->  Seq Scan on movie_companies mc  (cost=0.00..51404.11 rows=457110 width=4) (actual time=0.021..781.861 rows=460274 loops=1)
        Filter: (company_id > 76572)
        Rows Removed by Filter: 2148855
  ->  Hash  (cost=61283.27..61283.27 rows=2528527 width=4) (actual time=1772.251..1772.251 rows=2528312 loops=1)
        Buckets: 131072  Batches: 64  Memory Usage: 2415kB
        ->  Seq Scan on title t  (cost=0.00..61283.27 rows=2528527 width=4) (actual time=0.012..935.584 rows=2528312 loops=1)
Planning time: 0.621 ms
Execution time: 3306.605 ms
