Seq Scan on movie_keyword mk  (cost=0.00..81003.12 rows=4259975 width=0) (actual time=0.024..1529.894 rows=4258800 loops=1)
  Filter: (keyword_id < 59024)
  Rows Removed by Filter: 265130
Planning time: 0.302 ms
Execution time: 2058.230 ms
