Hash Join  (cost=67697.55..864623.82 rows=665 width=0) (actual time=7618.987..11365.795 rows=4225 loops=1)
  Hash Cond: (ci.movie_id = t.id)
  ->  Seq Scan on cast_info ci  (cost=0.00..796071.18 rows=226252 width=4) (actual time=6620.299..10274.039 rows=375244 loops=1)
        Filter: ((person_id > 3992224) AND (role_id > 1))
        Rows Removed by Filter: 35869100
  ->  Hash  (cost=67604.59..67604.59 rows=7437 width=4) (actual time=998.361..998.361 rows=23799 loops=1)
        Buckets: 32768 (originally 8192)  Batches: 1 (originally 1)  Memory Usage: 1093kB
        ->  Seq Scan on title t  (cost=0.00..67604.59 rows=7437 width=4) (actual time=0.111..987.324 rows=23799 loops=1)
              Filter: (production_year = 1991)
              Rows Removed by Filter: 2504513
Planning time: 0.744 ms
Execution time: 11366.790 ms
