Nested Loop  (cost=44377.22..943749.47 rows=53481 width=0) (actual time=5752.849..13190.184 rows=72133 loops=1)
  Join Filter: (ci.movie_id = t.id)
  ->  Hash Join  (cost=44376.79..865085.42 rows=133238 width=8) (actual time=5752.750..12583.670 rows=72133 loops=1)
        Hash Cond: (ci.movie_id = mi_idx.movie_id)
        ->  Seq Scan on cast_info ci  (cost=0.00..796071.18 rows=97989 width=4) (actual time=4893.305..11419.971 rows=39684 loops=1)
              Filter: ((person_id < 978361) AND (role_id > 10))
              Rows Removed by Filter: 36204660
        ->  Hash  (cost=21735.35..21735.35 rows=1380035 width=4) (actual time=857.743..857.743 rows=1380035 loops=1)
              Buckets: 131072  Batches: 32  Memory Usage: 2540kB
              ->  Seq Scan on movie_info_idx mi_idx  (cost=0.00..21735.35 rows=1380035 width=4) (actual time=0.028..427.071 rows=1380035 loops=1)
  ->  Index Only Scan using title_pkey on title t  (cost=0.43..0.58 rows=1 width=4) (actual time=0.008..0.008 rows=1 loops=72133)
        Index Cond: (id = mi_idx.movie_id)
        Heap Fetches: 72133
Planning time: 1.103 ms
Execution time: 13203.576 ms
