Hash Join  (cost=191415.10..324643.33 rows=921419 width=0) (actual time=3243.898..7444.277 rows=4181112 loops=1)
  Hash Cond: (mk.movie_id = t.id)
  ->  Seq Scan on movie_keyword mk  (cost=0.00..69693.30 rows=4523930 width=4) (actual time=0.020..1325.863 rows=4523930 loops=1)
  ->  Hash  (cost=182965.58..182965.58 rows=515002 width=8) (actual time=3241.980..3241.980 rows=221755 loops=1)
        Buckets: 131072  Batches: 8  Memory Usage: 2130kB
        ->  Hash Join  (cost=102767.86..182965.58 rows=515002 width=8) (actual time=1825.156..3171.128 rows=221755 loops=1)
              Hash Cond: (mc.movie_id = t.id)
              ->  Seq Scan on movie_companies mc  (cost=0.00..57926.93 rows=515002 width=4) (actual time=113.328..881.928 rows=221755 loops=1)
                    Filter: ((company_id > 14732) AND (company_type_id < 2))
                    Rows Removed by Filter: 2387374
              ->  Hash  (cost=61283.27..61283.27 rows=2528527 width=4) (actual time=1709.556..1709.556 rows=2528312 loops=1)
                    Buckets: 131072  Batches: 64  Memory Usage: 2415kB
                    ->  Seq Scan on title t  (cost=0.00..61283.27 rows=2528527 width=4) (actual time=0.027..906.727 rows=2528312 loops=1)
Planning time: 6.006 ms
Execution time: 7947.300 ms
