Hash Join  (cost=889681.72..3158734.86 rows=97415737 width=0) (actual time=21307.820..105732.946 rows=205865498 loops=1)
  Hash Cond: (ci.movie_id = t.id)
  ->  Seq Scan on cast_info ci  (cost=0.00..705507.15 rows=22735177 width=4) (actual time=0.031..13711.299 rows=22606583 loops=1)
        Filter: (person_id < 2306516)
        Rows Removed by Filter: 13637761
  ->  Hash  (cost=711931.75..711931.75 rows=10834238 width=8) (actual time=21301.667..21301.667 rows=9754720 loops=1)
        Buckets: 131072  Batches: 256  Memory Usage: 2474kB
        ->  Hash Join  (cost=98098.54..711931.75 rows=10834238 width=8) (actual time=1859.122..17901.771 rows=9754720 loops=1)
              Hash Cond: (mi.movie_id = t.id)
              ->  Seq Scan on movie_info mi  (cost=0.00..309384.22 rows=14739122 width=4) (actual time=0.024..5253.818 rows=14835720 loops=1)
              ->  Hash  (cost=67604.59..67604.59 rows=1858636 width=4) (actual time=1858.423..1858.423 rows=1852807 loops=1)
                    Buckets: 131072  Batches: 32  Memory Usage: 3075kB
                    ->  Seq Scan on title t  (cost=0.00..67604.59 rows=1858636 width=4) (actual time=0.023..1250.992 rows=1852807 loops=1)
                          Filter: (production_year > 1985)
                          Rows Removed by Filter: 675505
Planning time: 1.278 ms
Execution time: 129447.062 ms
