Hash Join  (cost=433020.12..1230064.48 rows=1966 width=0) (actual time=10068.962..17008.650 rows=274 loops=1)
  Hash Cond: (ci.movie_id = t.id)
  ->  Seq Scan on cast_info ci  (cost=0.00..796071.18 rows=45473 width=4) (actual time=3538.865..10460.611 rows=11801 loops=1)
        Filter: ((person_id < 37305) AND (role_id = 10))
        Rows Removed by Filter: 36232543
  ->  Hash  (cost=431226.81..431226.81 rows=109305 width=8) (actual time=6529.036..6529.036 rows=143204 loops=1)
        Buckets: 131072  Batches: 2  Memory Usage: 3822kB
        ->  Hash Join  (cost=73205.47..431226.81 rows=109305 width=8) (actual time=2026.560..6479.375 rows=143204 loops=1)
              Hash Cond: (mi.movie_id = t.id)
              ->  Seq Scan on movie_info mi  (cost=0.00..346232.03 rows=809669 width=4) (actual time=885.075..4867.873 rows=802140 loops=1)
                    Filter: (info_type_id = 1)
                    Rows Removed by Filter: 14033580
              ->  Hash  (cost=67604.59..67604.59 rows=341351 width=4) (actual time=1140.491..1140.491 rows=337846 loops=1)
                    Buckets: 131072  Batches: 8  Memory Usage: 2507kB
                    ->  Seq Scan on title t  (cost=0.00..67604.59 rows=341351 width=4) (actual time=0.025..1027.763 rows=337846 loops=1)
                          Filter: (production_year < 1968)
                          Rows Removed by Filter: 2190466
Planning time: 1.242 ms
Execution time: 17009.206 ms
