Seq Scan on movie_companies mc  (cost=0.00..57926.93 rows=797419 width=0) (actual time=0.056..863.949 rows=583615 loops=1)
  Filter: ((company_id > 4469) AND (company_type_id < 2))
  Rows Removed by Filter: 2025514
Planning time: 0.361 ms
Execution time: 931.176 ms
