Hash Join  (cost=83074.74..833899.15 rows=3524 width=0) (actual time=1158.530..16733.243 rows=42992 loops=1)
  Hash Cond: (ci.movie_id = t.id)
  ->  Seq Scan on cast_info ci  (cost=0.00..614943.12 rows=36225612 width=4) (actual time=0.021..7868.225 rows=36244344 loops=1)
  ->  Hash  (cost=83071.67..83071.67 rows=246 width=8) (actual time=1157.864..1157.864 rows=820 loops=1)
        Buckets: 1024  Batches: 1  Memory Usage: 41kB
        ->  Nested Loop  (cost=0.43..83071.67 rows=246 width=8) (actual time=0.562..1157.234 rows=820 loops=1)
              ->  Seq Scan on movie_keyword mk  (cost=0.00..81003.12 rows=246 width=4) (actual time=0.490..1135.760 rows=820 loops=1)
                    Filter: (keyword_id = 5251)
                    Rows Removed by Filter: 4523110
              ->  Index Only Scan using title_pkey on title t  (cost=0.43..8.40 rows=1 width=4) (actual time=0.025..0.025 rows=1 loops=820)
                    Index Cond: (id = mk.movie_id)
                    Heap Fetches: 820
Planning time: 1.138 ms
Execution time: 16743.685 ms
