Hash Join  (cost=92970.26..680400.46 rows=2007293 width=169) (actual time=1724.128..16085.799 rows=4617760 loops=1)
  Hash Cond: (mi.movie_id = t.id)
  ->  Seq Scan on movie_info mi  (cost=0.00..346232.03 rows=7235534 width=75) (actual time=0.009..7734.494 rows=7286865 loops=1)
        Filter: (info_type_id < 8)
        Rows Removed by Filter: 7548855
  ->  Hash  (cost=73925.90..73925.90 rows=701468 width=94) (actual time=1723.251..1723.251 rows=749931 loops=1)
        Buckets: 32768  Batches: 32  Memory Usage: 2859kB
        ->  Seq Scan on title t  (cost=0.00..73925.90 rows=701468 width=94) (actual time=0.024..1422.156 rows=749931 loops=1)
              Filter: ((kind_id < 7) AND (production_year < 2009))
              Rows Removed by Filter: 1778381
Planning time: 0.674 ms
Execution time: 16322.131 ms
