Hash Join  (cost=78183.26..928400.11 rows=932841 width=0) (actual time=1837.406..16480.708 rows=1058540 loops=1)
  Hash Cond: (ci.movie_id = t.id)
  ->  Seq Scan on cast_info ci  (cost=0.00..796071.18 rows=3658201 width=4) (actual time=0.099..10657.938 rows=5703113 loops=1)
        Filter: ((person_id > 3078001) AND (role_id > 1))
        Rows Removed by Filter: 30541231
  ->  Hash  (cost=67604.59..67604.59 rows=644774 width=4) (actual time=1836.150..1836.150 rows=642973 loops=1)
        Buckets: 131072  Batches: 16  Memory Usage: 2432kB
        ->  Seq Scan on title t  (cost=0.00..67604.59 rows=644774 width=4) (actual time=0.013..1012.186 rows=642973 loops=1)
              Filter: (production_year < 1988)
              Rows Removed by Filter: 1885339
Planning time: 0.766 ms
Execution time: 16605.989 ms
