Seq Scan on title t  (cost=0.00..73925.90 rows=2230 width=0) (actual time=2.019..941.906 rows=3793 loops=1)
  Filter: ((kind_id < 3) AND (production_year = 1963))
  Rows Removed by Filter: 2524519
Planning time: 0.348 ms
Execution time: 943.008 ms
