Seq Scan on movie_keyword mk  (cost=0.00..81003.12 rows=246 width=0) (actual time=44.422..1190.494 rows=24 loops=1)
  Filter: (keyword_id = 20386)
  Rows Removed by Filter: 4523906
Planning time: 0.371 ms
Execution time: 1190.600 ms
