Hash Join  (cost=92883.59..204007.51 rows=776798 width=0) (actual time=3020.853..4699.829 rows=157982 loops=1)
  Hash Cond: (mk.movie_id = t.id)
  ->  Seq Scan on movie_keyword mk  (cost=0.00..81003.12 rows=1274763 width=4) (actual time=0.025..1415.132 rows=1286305 loops=1)
        Filter: (keyword_id < 1662)
        Rows Removed by Filter: 3237625
  ->  Hash  (cost=67604.59..67604.59 rows=1540800 width=4) (actual time=2431.510..2431.510 rows=1543264 loops=1)
        Buckets: 131072  Batches: 32  Memory Usage: 2728kB
        ->  Seq Scan on title t  (cost=0.00..67604.59 rows=1540800 width=4) (actual time=0.014..1109.449 rows=1543264 loops=1)
              Filter: (kind_id = 7)
              Rows Removed by Filter: 985048
Planning time: 0.700 ms
Execution time: 4717.123 ms
