Hash Join  (cost=709674.50..1074330.90 rows=47 width=0) (actual time=9994.912..15805.383 rows=206 loops=1)
  Hash Cond: (mi.movie_id = t.id)
  ->  Seq Scan on movie_info mi  (cost=0.00..309384.22 rows=14739122 width=4) (actual time=0.019..3347.515 rows=14835720 loops=1)
  ->  Hash  (cost=709674.40..709674.40 rows=8 width=8) (actual time=9798.279..9798.279 rows=2 loops=1)
        Buckets: 1024  Batches: 1  Memory Usage: 9kB
        ->  Nested Loop  (cost=0.43..709674.40 rows=8 width=8) (actual time=3827.506..9798.248 rows=2 loops=1)
              ->  Seq Scan on cast_info ci  (cost=0.00..705507.15 rows=500 width=4) (actual time=3827.357..9786.987 rows=406 loops=1)
                    Filter: (person_id = 516958)
                    Rows Removed by Filter: 36243938
              ->  Index Scan using title_pkey on title t  (cost=0.43..8.32 rows=1 width=4) (actual time=0.027..0.027 rows=0 loops=406)
                    Index Cond: (id = ci.movie_id)
                    Filter: ((kind_id = 1) AND (production_year = 2011))
                    Rows Removed by Filter: 1
Planning time: 0.811 ms
Execution time: 15805.542 ms
