Hash Join  (cost=75307.35..170263.46 rows=38135 width=0) (actual time=1113.778..2857.321 rows=148134 loops=1)
  Hash Cond: (mk.movie_id = t.id)
  ->  Seq Scan on movie_keyword mk  (cost=0.00..81003.12 rows=1145235 width=4) (actual time=0.011..1304.054 rows=1157902 loops=1)
        Filter: (keyword_id > 16131)
        Rows Removed by Filter: 3366028
  ->  Hash  (cost=73925.90..73925.90 rows=84196 width=4) (actual time=1112.845..1112.845 rows=116504 loops=1)
        Buckets: 131072  Batches: 2  Memory Usage: 3077kB
        ->  Seq Scan on title t  (cost=0.00..73925.90 rows=84196 width=4) (actual time=178.067..1069.312 rows=116504 loops=1)
              Filter: ((production_year > 1985) AND (kind_id = 4))
              Rows Removed by Filter: 2411808
Planning time: 0.689 ms
Execution time: 2877.481 ms
