Seq Scan on cast_info ci  (cost=0.00..796071.18 rows=6466130 width=0) (actual time=5032.539..13107.069 rows=12670688 loops=1)
  Filter: ((person_id < 1818861) AND (role_id = 1))
  Rows Removed by Filter: 23573656
Planning time: 0.415 ms
Execution time: 14679.443 ms
