Hash Join  (cost=102767.86..1229582.42 rows=13334608 width=0) (actual time=1778.219..26075.944 rows=9620827 loops=1)
  Hash Cond: (ci.movie_id = t.id)
  ->  Seq Scan on cast_info ci  (cost=0.00..796071.18 rows=13334608 width=4) (actual time=0.023..15570.099 rows=9620827 loops=1)
        Filter: ((person_id < 3006645) AND (role_id > 2))
        Rows Removed by Filter: 26623517
  ->  Hash  (cost=61283.27..61283.27 rows=2528527 width=4) (actual time=1776.695..1776.695 rows=2528312 loops=1)
        Buckets: 131072  Batches: 64  Memory Usage: 2415kB
        ->  Seq Scan on title t  (cost=0.00..61283.27 rows=2528527 width=4) (actual time=0.004..946.183 rows=2528312 loops=1)
Planning time: 0.756 ms
Execution time: 27159.994 ms
