Seq Scan on title t  (cost=0.00..73925.90 rows=162975 width=0) (actual time=0.037..1170.559 rows=264037 loops=1)
  Filter: ((kind_id < 7) AND (production_year < 1973))
  Rows Removed by Filter: 2264275
Planning time: 0.344 ms
Execution time: 1205.045 ms
