Seq Scan on movie_companies mc  (cost=0.00..57926.93 rows=1057473 width=0) (actual time=149.484..1020.761 rows=1194115 loops=1)
  Filter: ((company_id > 517) AND (company_type_id = 2))
  Rows Removed by Filter: 1415014
Planning time: 0.361 ms
Execution time: 1160.813 ms
