Hash Join  (cost=93155.63..170675.99 rows=616320 width=0) (actual time=2385.237..3742.080 rows=303187 loops=1)
  Hash Cond: (mc.movie_id = t.id)
  ->  Seq Scan on movie_companies mc  (cost=0.00..51404.11 rows=1329612 width=4) (actual time=0.013..943.495 rows=1334883 loops=1)
        Filter: (company_type_id = 2)
        Rows Removed by Filter: 1274246
  ->  Hash  (cost=73925.90..73925.90 rows=1172058 width=4) (actual time=1919.306..1919.306 rows=1128906 loops=1)
        Buckets: 131072  Batches: 16  Memory Usage: 3503kB
        ->  Seq Scan on title t  (cost=0.00..73925.90 rows=1172058 width=4) (actual time=0.022..1295.148 rows=1128906 loops=1)
              Filter: ((production_year < 2010) AND (kind_id = 7))
              Rows Removed by Filter: 1399406
Planning time: 0.716 ms
Execution time: 3773.344 ms
