Seq Scan on movie_companies mc  (cost=0.00..51404.11 rows=104 width=0) (actual time=15.891..711.463 rows=100 loops=1)
  Filter: (company_id = 91195)
  Rows Removed by Filter: 2609029
Planning time: 0.320 ms
Execution time: 711.565 ms
