Seq Scan on movie_keyword mk  (cost=0.00..81003.12 rows=2281690 width=0) (actual time=0.024..1355.293 rows=2282568 loops=1)
  Filter: (keyword_id < 4841)
  Rows Removed by Filter: 2241362
Planning time: 0.381 ms
Execution time: 1646.947 ms
