Hash Join  (cost=132224.51..261286.91 rows=579436 width=0) (actual time=4199.724..6396.420 rows=411672 loops=1)
  Hash Cond: (mk.movie_id = t.id)
  ->  Seq Scan on movie_keyword mk  (cost=0.00..69693.30 rows=4523930 width=4) (actual time=0.012..1364.401 rows=4523930 loops=1)
  ->  Hash  (cost=126910.26..126910.26 rows=323860 width=8) (actual time=3132.843..3132.843 rows=177228 loops=1)
        Buckets: 131072  Batches: 8  Memory Usage: 1902kB
        ->  Hash Join  (cost=83661.18..126910.26 rows=323860 width=8) (actual time=1279.160..3079.453 rows=177228 loops=1)
              Hash Cond: (mi_idx.movie_id = t.id)
              ->  Seq Scan on movie_info_idx mi_idx  (cost=0.00..21735.35 rows=1380035 width=4) (actual time=0.012..401.468 rows=1380035 loops=1)
              ->  Hash  (cost=73925.90..73925.90 rows=593382 width=4) (actual time=1277.796..1277.796 rows=486368 loops=1)
                    Buckets: 131072  Batches: 8  Memory Usage: 3147kB
                    ->  Seq Scan on title t  (cost=0.00..73925.90 rows=593382 width=4) (actual time=285.053..1124.014 rows=486368 loops=1)
                          Filter: ((production_year < 1999) AND (kind_id = 7))
                          Rows Removed by Filter: 2041944
Planning time: 1.149 ms
Execution time: 6446.920 ms
