Seq Scan on cast_info ci  (cost=0.00..796071.18 rows=2729868 width=0) (actual time=0.014..10800.409 rows=4258161 loops=1)
  Filter: ((person_id > 3280477) AND (role_id > 1))
  Rows Removed by Filter: 31986183
Planning time: 0.351 ms
Execution time: 11340.274 ms
