Seq Scan on title t  (cost=0.00..73925.90 rows=2531 width=0) (actual time=0.103..1067.337 rows=6782 loops=1)
  Filter: ((kind_id < 4) AND (production_year = 1986))
  Rows Removed by Filter: 2521530
Planning time: 0.369 ms
Execution time: 1068.917 ms
