Hash Join  (cost=1010947.57..1191900.68 rows=4374516 width=0) (actual time=22423.423..26945.479 rows=3354793 loops=1)
  Hash Cond: (mk.movie_id = t.id)
  ->  Seq Scan on movie_keyword mk  (cost=0.00..69693.30 rows=4523930 width=4) (actual time=0.015..1256.435 rows=4523930 loops=1)
  ->  Hash  (cost=970833.87..970833.87 rows=2445016 width=8) (actual time=21946.838..21946.838 rows=4600069 loops=1)
        Buckets: 131072 (originally 131072)  Batches: 64 (originally 32)  Memory Usage: 3802kB
        ->  Hash Join  (cost=92883.59..970833.87 rows=2445016 width=8) (actual time=6899.975..20568.859 rows=4600069 loops=1)
              Hash Cond: (ci.movie_id = t.id)
              ->  Seq Scan on cast_info ci  (cost=0.00..796071.18 rows=4012389 width=4) (actual time=5277.246..13451.291 rows=7449196 loops=1)
                    Filter: ((person_id > 1602540) AND (role_id = 2))
                    Rows Removed by Filter: 28795148
              ->  Hash  (cost=67604.59..67604.59 rows=1540800 width=4) (actual time=1621.807..1621.807 rows=1543264 loops=1)
                    Buckets: 131072  Batches: 32  Memory Usage: 2722kB
                    ->  Seq Scan on title t  (cost=0.00..67604.59 rows=1540800 width=4) (actual time=259.683..1118.826 rows=1543264 loops=1)
                          Filter: (kind_id = 7)
                          Rows Removed by Filter: 985048
Planning time: 1.149 ms
Execution time: 27350.800 ms
