Hash Join  (cost=67697.55..156158.22 rows=5804 width=0) (actual time=997.292..2695.295 rows=20656 loops=1)
  Hash Cond: (mk.movie_id = t.id)
  ->  Seq Scan on movie_keyword mk  (cost=0.00..81003.12 rows=1973202 width=4) (actual time=0.013..1351.984 rows=1975600 loops=1)
        Filter: (keyword_id < 3476)
        Rows Removed by Filter: 2548330
  ->  Hash  (cost=67604.59..67604.59 rows=7437 width=4) (actual time=996.570..996.570 rows=18391 loops=1)
        Buckets: 32768 (originally 8192)  Batches: 1 (originally 1)  Memory Usage: 903kB
        ->  Seq Scan on title t  (cost=0.00..67604.59 rows=7437 width=4) (actual time=0.020..987.849 rows=18391 loops=1)
              Filter: (production_year = 1985)
              Rows Removed by Filter: 2509921
Planning time: 0.695 ms
Execution time: 2698.533 ms
