Seq Scan on cast_info ci  (cost=0.00..796071.18 rows=8080559 width=0) (actual time=0.018..13825.214 rows=12670688 loops=1)
  Filter: ((person_id < 2337145) AND (role_id = 1))
  Rows Removed by Filter: 23573656
Planning time: 0.386 ms
Execution time: 15390.557 ms
