Hash Join  (cost=361306.39..1500183.10 rows=22132212 width=0) (actual time=8842.236..49230.033 rows=78696859 loops=1)
  Hash Cond: (ci.movie_id = t.id)
  ->  Seq Scan on cast_info ci  (cost=0.00..705507.15 rows=12726058 width=4) (actual time=380.136..12668.437 rows=12670688 loops=1)
        Filter: (role_id < 2)
        Rows Removed by Filter: 23573656
  ->  Hash  (cost=289160.56..289160.56 rows=4397426 width=8) (actual time=8460.098..8460.098 rows=4499972 loops=1)
        Buckets: 131072  Batches: 64  Memory Usage: 3797kB
        ->  Hash Join  (cost=107928.35..289160.56 rows=4397426 width=8) (actual time=2145.224..7199.511 rows=4499972 loops=1)
              Hash Cond: (mk.movie_id = t.id)
              ->  Seq Scan on movie_keyword mk  (cost=0.00..69693.30 rows=4523930 width=4) (actual time=0.025..1396.927 rows=4523930 loops=1)
              ->  Hash  (cost=67604.59..67604.59 rows=2457821 width=4) (actual time=2144.531..2144.531 rows=2456218 loops=1)
                    Buckets: 131072  Batches: 64  Memory Usage: 2385kB
                    ->  Seq Scan on title t  (cost=0.00..67604.59 rows=2457821 width=4) (actual time=0.024..1290.334 rows=2456218 loops=1)
                          Filter: (production_year > 0)
                          Rows Removed by Filter: 72094
Planning time: 1.121 ms
Execution time: 57884.534 ms
