Seq Scan on cast_info ci  (cost=0.00..796071.18 rows=9991517 width=0) (actual time=3216.092..15492.212 rows=12670688 loops=1)
  Filter: ((person_id < 2898860) AND (role_id = 1))
  Rows Removed by Filter: 23573656
Planning time: 0.373 ms
Execution time: 17037.283 ms
