Seq Scan on cast_info ci  (cost=0.00..705507.15 rows=500 width=0) (actual time=1723.371..9553.783 rows=312 loops=1)
  Filter: (person_id = 2911312)
  Rows Removed by Filter: 36244032
Planning time: 0.406 ms
Execution time: 9553.898 ms
