Nested Loop  (cost=0.43..98824.51 rows=2216 width=0) (actual time=423.923..886.885 rows=5759 loops=1)
  ->  Seq Scan on movie_companies mc  (cost=0.00..57926.93 rows=5673 width=4) (actual time=423.877..811.542 rows=5759 loops=1)
        Filter: ((company_type_id > 1) AND (company_id = 11203))
        Rows Removed by Filter: 2603370
  ->  Index Scan using title_pkey on title t  (cost=0.43..7.20 rows=1 width=4) (actual time=0.012..0.012 rows=1 loops=5759)
        Index Cond: (id = mc.movie_id)
        Filter: (kind_id < 7)
Planning time: 0.718 ms
Execution time: 888.130 ms
