Hash Join  (cost=436434.42..1234990.58 rows=248499 width=0) (actual time=6775.566..21785.239 rows=100992 loops=1)
  Hash Cond: (ci.movie_id = t.id)
  ->  Seq Scan on cast_info ci  (cost=0.00..614943.12 rows=36225612 width=4) (actual time=0.009..7400.278 rows=36244344 loops=1)
  ->  Hash  (cost=436217.60..436217.60 rows=17345 width=8) (actual time=6773.071..6773.071 rows=10601 loops=1)
        Buckets: 32768  Batches: 1  Memory Usage: 671kB
        ->  Hash Join  (cost=67697.55..436217.60 rows=17345 width=8) (actual time=1098.214..6766.956 rows=10601 loops=1)
              Hash Cond: (mi.movie_id = t.id)
              ->  Seq Scan on movie_info mi  (cost=0.00..346232.03 rows=5897221 width=4) (actual time=132.266..5008.973 rows=5884963 loops=1)
                    Filter: (info_type_id < 7)
                    Rows Removed by Filter: 8950757
              ->  Hash  (cost=67604.59..67604.59 rows=7437 width=4) (actual time=933.843..933.843 rows=2615 loops=1)
                    Buckets: 8192  Batches: 1  Memory Usage: 156kB
                    ->  Seq Scan on title t  (cost=0.00..67604.59 rows=7437 width=4) (actual time=303.712..932.457 rows=2615 loops=1)
                          Filter: (production_year = 1924)
                          Rows Removed by Filter: 2525697
Planning time: 1.119 ms
Execution time: 21800.138 ms
