Nested Loop  (cost=0.43..799704.37 rows=142 width=0) (actual time=10248.637..12775.604 rows=27 loops=1)
  ->  Seq Scan on cast_info ci  (cost=0.00..796071.18 rows=435 width=4) (actual time=10248.472..12772.646 rows=157 loops=1)
        Filter: ((role_id < 10) AND (person_id = 509819))
        Rows Removed by Filter: 36244187
  ->  Index Scan using title_pkey on title t  (cost=0.43..8.34 rows=1 width=4) (actual time=0.018..0.018 rows=0 loops=157)
        Index Cond: (id = ci.movie_id)
        Filter: ((kind_id < 7) AND (production_year > 1968))
        Rows Removed by Filter: 1
Planning time: 0.760 ms
Execution time: 12775.721 ms
