Hash Join  (cost=337453.09..952275.26 rows=12189317 width=0) (actual time=7391.381..31773.784 rows=57384879 loops=1)
  Hash Cond: (mi.movie_id = t.id)
  ->  Seq Scan on movie_info mi  (cost=0.00..346232.03 rows=8673596 width=4) (actual time=0.015..5925.468 rows=8786582 loops=1)
        Filter: (info_type_id < 13)
        Rows Removed by Filter: 6049138
  ->  Hash  (cost=279154.22..279154.22 rows=3553430 width=8) (actual time=7389.146..7389.146 rows=3550164 loops=1)
        Buckets: 131072  Batches: 64  Memory Usage: 3289kB
        ->  Hash Join  (cost=102767.86..279154.22 rows=3553430 width=8) (actual time=1753.846..6344.672 rows=3550164 loops=1)
              Hash Cond: (mk.movie_id = t.id)
              ->  Seq Scan on movie_keyword mk  (cost=0.00..81003.12 rows=3553430 width=4) (actual time=0.022..1574.421 rows=3550164 loops=1)
                    Filter: (keyword_id > 910)
                    Rows Removed by Filter: 973766
              ->  Hash  (cost=61283.27..61283.27 rows=2528527 width=4) (actual time=1752.250..1752.250 rows=2528312 loops=1)
                    Buckets: 131072  Batches: 64  Memory Usage: 2425kB
                    ->  Seq Scan on title t  (cost=0.00..61283.27 rows=2528527 width=4) (actual time=0.019..927.051 rows=2528312 loops=1)
Planning time: 1.054 ms
Execution time: 37916.892 ms
