Hash Join  (cost=102767.86..195950.68 rows=1054639 width=0) (actual time=1862.901..4311.872 rows=1193833 loops=1)
  Hash Cond: (mc.movie_id = t.id)
  ->  Seq Scan on movie_companies mc  (cost=0.00..57926.93 rows=1054639 width=4) (actual time=0.381..1071.464 rows=1193833 loops=1)
        Filter: ((company_id > 525) AND (company_type_id > 1))
        Rows Removed by Filter: 1415296
  ->  Hash  (cost=61283.27..61283.27 rows=2528527 width=4) (actual time=1861.407..1861.407 rows=2528312 loops=1)
        Buckets: 131072  Batches: 64  Memory Usage: 2415kB
        ->  Seq Scan on title t  (cost=0.00..61283.27 rows=2528527 width=4) (actual time=0.017..1025.230 rows=2528312 loops=1)
Planning time: 0.731 ms
Execution time: 4449.636 ms
