Hash Join  (cost=458185.67..586185.29 rows=492258 width=0) (actual time=7991.592..10363.924 rows=209675 loops=1)
  Hash Cond: (mk.movie_id = t.id)
  ->  Seq Scan on movie_keyword mk  (cost=0.00..69693.30 rows=4523930 width=4) (actual time=0.010..1281.105 rows=4523930 loops=1)
  ->  Hash  (cost=453671.49..453671.49 rows=275134 width=8) (actual time=7379.693..7379.693 rows=127537 loops=1)
        Buckets: 131072  Batches: 4  Memory Usage: 2277kB
        ->  Hash Join  (cost=92883.59..453671.49 rows=275134 width=8) (actual time=3376.724..7339.812 rows=127537 loops=1)
              Hash Cond: (mi.movie_id = t.id)
              ->  Seq Scan on movie_info mi  (cost=0.00..346232.03 rows=451508 width=4) (actual time=1189.495..4385.596 rows=474443 loops=1)
                    Filter: (info_type_id = 6)
                    Rows Removed by Filter: 14361277
              ->  Hash  (cost=67604.59..67604.59 rows=1540800 width=4) (actual time=2186.219..2186.219 rows=1543264 loops=1)
                    Buckets: 131072  Batches: 32  Memory Usage: 2728kB
                    ->  Seq Scan on title t  (cost=0.00..67604.59 rows=1540800 width=4) (actual time=0.023..1136.568 rows=1543264 loops=1)
                          Filter: (kind_id = 7)
                          Rows Removed by Filter: 985048
Planning time: 0.754 ms
Execution time: 10389.329 ms
