Seq Scan on cast_info ci  (cost=0.00..796071.18 rows=332 width=0) (actual time=10583.894..13699.174 rows=19 loops=1)
  Filter: ((role_id < 4) AND (person_id = 210557))
  Rows Removed by Filter: 36244325
Planning time: 0.712 ms
Execution time: 13699.276 ms
