Hash Join  (cost=131348.52..218405.77 rows=39921 width=0) (actual time=2242.294..4034.493 rows=234354 loops=1)
  Hash Cond: (mk.movie_id = t.id)
  ->  Seq Scan on movie_keyword mk  (cost=0.00..69693.30 rows=4523930 width=4) (actual time=0.017..876.544 rows=4523930 loops=1)
  ->  Hash  (cost=131069.61..131069.61 rows=22313 width=8) (actual time=2241.506..2241.506 rows=28956 loops=1)
        Buckets: 32768  Batches: 1  Memory Usage: 1388kB
        ->  Hash Join  (cost=74456.32..131069.61 rows=22313 width=8) (actual time=1762.051..2231.895 rows=28956 loops=1)
              Hash Cond: (mc.movie_id = t.id)
              ->  Seq Scan on movie_companies mc  (cost=0.00..51404.11 rows=1329612 width=4) (actual time=382.214..864.675 rows=1334883 loops=1)
                    Filter: (company_type_id > 1)
                    Rows Removed by Filter: 1274246
              ->  Hash  (cost=73925.90..73925.90 rows=42433 width=4) (actual time=1086.324..1086.324 rows=37411 loops=1)
                    Buckets: 65536  Batches: 1  Memory Usage: 1828kB
                    ->  Seq Scan on title t  (cost=0.00..73925.90 rows=42433 width=4) (actual time=508.910..1070.219 rows=37411 loops=1)
                          Filter: ((kind_id = 1) AND (production_year = 2011))
                          Rows Removed by Filter: 2490901
Planning time: 1.121 ms
Execution time: 4065.079 ms
