Seq Scan on movie_keyword mk  (cost=0.00..81003.12 rows=445075 width=0) (actual time=0.019..1192.860 rows=443763 loops=1)
  Filter: (keyword_id > 39903)
  Rows Removed by Filter: 4080167
Planning time: 0.309 ms
Execution time: 1252.313 ms
