Hash Join  (cost=72809.60..442454.16 rows=4586 width=0) (actual time=1283.266..7398.823 rows=66 loops=1)
  Hash Cond: (mi.movie_id = t.id)
  ->  Seq Scan on movie_info mi  (cost=0.00..346232.03 rows=6231111 width=4) (actual time=0.014..5616.871 rows=6223494 loops=1)
        Filter: (info_type_id > 8)
        Rows Removed by Filter: 8612226
  ->  Hash  (cost=72786.34..72786.34 rows=1861 width=8) (actual time=898.667..898.667 rows=45 loops=1)
        Buckets: 2048  Batches: 1  Memory Usage: 18kB
        ->  Nested Loop  (cost=0.43..72786.34 rows=1861 width=8) (actual time=591.719..898.616 rows=45 loops=1)
              ->  Seq Scan on movie_companies mc  (cost=0.00..57926.93 rows=1861 width=4) (actual time=591.645..897.056 rows=45 loops=1)
                    Filter: ((company_type_id > 1) AND (company_id = 11138))
                    Rows Removed by Filter: 2609084
              ->  Index Only Scan using title_pkey on title t  (cost=0.43..7.97 rows=1 width=4) (actual time=0.031..0.031 rows=1 loops=45)
                    Index Cond: (id = mc.movie_id)
                    Heap Fetches: 45
Planning time: 2.038 ms
Execution time: 7399.013 ms
