Hash Join  (cost=102767.86..179568.98 rows=373796 width=0) (actual time=1730.123..3320.196 rows=531820 loops=1)
  Hash Cond: (mc.movie_id = t.id)
  ->  Seq Scan on movie_companies mc  (cost=0.00..57926.93 rows=373796 width=4) (actual time=0.011..851.086 rows=531820 loops=1)
        Filter: ((company_id < 1502) AND (company_type_id < 2))
        Rows Removed by Filter: 2077309
  ->  Hash  (cost=61283.27..61283.27 rows=2528527 width=4) (actual time=1727.934..1727.934 rows=2528312 loops=1)
        Buckets: 131072  Batches: 64  Memory Usage: 2415kB
        ->  Seq Scan on title t  (cost=0.00..61283.27 rows=2528527 width=4) (actual time=0.013..879.048 rows=2528312 loops=1)
Planning time: 1.393 ms
Execution time: 3375.673 ms
