Seq Scan on movie_keyword mk  (cost=0.00..81003.12 rows=246 width=0) (actual time=3.676..1146.074 rows=167 loops=1)
  Filter: (keyword_id = 11369)
  Rows Removed by Filter: 4523763
Planning time: 0.339 ms
Execution time: 1146.259 ms
