Hash Join  (cost=194555.65..711221.24 rows=3454467 width=0) (actual time=3690.800..17264.986 rows=4927947 loops=1)
  Hash Cond: (mi.movie_id = t.id)
  ->  Seq Scan on movie_info mi  (cost=0.00..309384.22 rows=14739122 width=4) (actual time=0.015..5610.658 rows=14835720 loops=1)
  ->  Hash  (cost=184832.88..184832.88 rows=592621 width=8) (actual time=3689.964..3689.964 rows=377772 loops=1)
        Buckets: 131072  Batches: 8  Memory Usage: 2874kB
        ->  Hash Join  (cost=102767.86..184832.88 rows=592621 width=8) (actual time=1871.078..3572.044 rows=377772 loops=1)
              Hash Cond: (mc.movie_id = t.id)
              ->  Seq Scan on movie_companies mc  (cost=0.00..57926.93 rows=592621 width=4) (actual time=30.947..835.101 rows=377772 loops=1)
                    Filter: ((company_id < 9366) AND (company_type_id = 2))
                    Rows Removed by Filter: 2231357
              ->  Hash  (cost=61283.27..61283.27 rows=2528527 width=4) (actual time=1838.890..1838.890 rows=2528312 loops=1)
                    Buckets: 131072  Batches: 64  Memory Usage: 2415kB
                    ->  Seq Scan on title t  (cost=0.00..61283.27 rows=2528527 width=4) (actual time=0.028..973.991 rows=2528312 loops=1)
Planning time: 1.646 ms
Execution time: 17795.441 ms
