Hash Join  (cost=73926.24..908890.48 rows=111 width=0) (actual time=10181.652..15977.460 rows=171 loops=1)
  Hash Cond: (ci.movie_id = t.id)
  ->  Seq Scan on cast_info ci  (cost=0.00..796071.18 rows=10371187 width=4) (actual time=9362.710..14198.663 rows=7892922 loops=1)
        Filter: ((person_id > 640960) AND (role_id = 1))
        Rows Removed by Filter: 28351422
  ->  Hash  (cost=73925.90..73925.90 rows=27 width=4) (actual time=817.116..817.116 rows=55 loops=1)
        Buckets: 1024  Batches: 1  Memory Usage: 10kB
        ->  Seq Scan on title t  (cost=0.00..73925.90 rows=27 width=4) (actual time=342.593..817.042 rows=55 loops=1)
              Filter: ((production_year > 2013) AND (kind_id = 3))
              Rows Removed by Filter: 2528257
Planning time: 0.807 ms
Execution time: 15977.735 ms
