Hash Join  (cost=220413.62..1239810.20 rows=5742638 width=0) (actual time=5404.500..31636.675 rows=18791982 loops=1)
  Hash Cond: (ci.movie_id = t.id)
  ->  Seq Scan on cast_info ci  (cost=0.00..705507.15 rows=21957082 width=4) (actual time=1060.348..13482.336 rows=22034506 loops=1)
        Filter: (person_id > 1399317)
        Rows Removed by Filter: 14209838
  ->  Hash  (cost=209563.25..209563.25 rows=661309 width=8) (actual time=4343.179..4343.179 rows=667736 loops=1)
        Buckets: 131072  Batches: 16  Memory Usage: 2691kB
        ->  Hash Join  (cost=102767.86..209563.25 rows=661309 width=8) (actual time=1851.408..4140.754 rows=667736 loops=1)
              Hash Cond: (mk.movie_id = t.id)
              ->  Seq Scan on movie_keyword mk  (cost=0.00..81003.12 rows=661309 width=4) (actual time=0.027..1296.003 rows=667736 loops=1)
                    Filter: (keyword_id > 28058)
                    Rows Removed by Filter: 3856194
              ->  Hash  (cost=61283.27..61283.27 rows=2528527 width=4) (actual time=1850.701..1850.701 rows=2528312 loops=1)
                    Buckets: 131072  Batches: 64  Memory Usage: 2425kB
                    ->  Seq Scan on title t  (cost=0.00..61283.27 rows=2528527 width=4) (actual time=0.017..998.744 rows=2528312 loops=1)
Planning time: 8.506 ms
Execution time: 33567.245 ms
