Seq Scan on movie_companies mc  (cost=0.00..51404.11 rows=104 width=0) (actual time=10.592..759.831 rows=168 loops=1)
  Filter: (company_id = 4387)
  Rows Removed by Filter: 2608961
Planning time: 0.347 ms
Execution time: 759.939 ms
