Seq Scan on movie_keyword mk  (cost=0.00..81003.12 rows=246 width=0) (actual time=2.086..1181.070 rows=1378 loops=1)
  Filter: (keyword_id = 980)
  Rows Removed by Filter: 4522552
Planning time: 0.398 ms
Execution time: 1181.613 ms
