Nested Loop  (cost=0.43..709673.15 rows=195 width=0) (actual time=1478.234..8529.276 rows=24 loops=1)
  ->  Seq Scan on cast_info ci  (cost=0.00..705507.15 rows=500 width=4) (actual time=1478.155..8518.587 rows=433 loops=1)
        Filter: (person_id = 296862)
        Rows Removed by Filter: 36243911
  ->  Index Scan using title_pkey on title t  (cost=0.43..8.32 rows=1 width=4) (actual time=0.024..0.024 rows=0 loops=433)
        Index Cond: (id = ci.movie_id)
        Filter: (kind_id < 7)
        Rows Removed by Filter: 1
Planning time: 0.790 ms
Execution time: 8529.443 ms
