Hash Join  (cost=190230.21..1153919.06 rows=5202038 width=0) (actual time=9081.387..23731.738 rows=6984993 loops=1)
  Hash Cond: (ci.movie_id = t.id)
  ->  Seq Scan on cast_info ci  (cost=0.00..796071.18 rows=9531276 width=4) (actual time=4273.535..14230.336 rows=6206262 loops=1)
        Filter: ((person_id > 881973) AND (role_id < 2))
        Rows Removed by Filter: 30038082
  ->  Hash  (cost=167588.78..167588.78 rows=1380035 width=8) (actual time=4806.725..4806.725 rows=1380035 loops=1)
        Buckets: 131072  Batches: 32  Memory Usage: 2708kB
        ->  Hash Join  (cost=102767.86..167588.78 rows=1380035 width=8) (actual time=2405.548..4402.120 rows=1380035 loops=1)
              Hash Cond: (mi_idx.movie_id = t.id)
              ->  Seq Scan on movie_info_idx mi_idx  (cost=0.00..21735.35 rows=1380035 width=4) (actual time=0.027..504.967 rows=1380035 loops=1)
              ->  Hash  (cost=61283.27..61283.27 rows=2528527 width=4) (actual time=2403.692..2403.692 rows=2528312 loops=1)
                    Buckets: 131072  Batches: 64  Memory Usage: 2415kB
                    ->  Seq Scan on title t  (cost=0.00..61283.27 rows=2528527 width=4) (actual time=0.016..935.882 rows=2528312 loops=1)
Planning time: 4.143 ms
Execution time: 24473.522 ms
