Hash Join  (cost=91219.03..236196.96 rows=1885789 width=0) (actual time=3070.454..6334.484 rows=471934 loops=1)
  Hash Cond: (mk.movie_id = t.id)
  ->  Seq Scan on movie_keyword mk  (cost=0.00..69693.30 rows=4523930 width=4) (actual time=0.012..1312.366 rows=4523930 loops=1)
  ->  Hash  (cost=73925.90..73925.90 rows=1054010 width=4) (actual time=1660.468..1660.468 rows=1148948 loops=1)
        Buckets: 131072  Batches: 16  Memory Usage: 3562kB
        ->  Seq Scan on title t  (cost=0.00..73925.90 rows=1054010 width=4) (actual time=0.022..1300.546 rows=1148948 loops=1)
              Filter: ((production_year > 1991) AND (kind_id = 7))
              Rows Removed by Filter: 1379364
Planning time: 1.084 ms
Execution time: 6393.661 ms
