Seq Scan on title t  (cost=0.00..73925.90 rows=4532 width=0) (actual time=96.293..1152.576 rows=8044 loops=1)
  Filter: ((kind_id = 7) AND (production_year = 1980))
  Rows Removed by Filter: 2520268
Planning time: 0.416 ms
Execution time: 1154.529 ms
