Hash Join  (cost=705019.76..2169634.59 rows=39120873 width=0) (actual time=22626.952..92501.531 rows=179537075 loops=1)
  Hash Cond: (ci.movie_id = t.id)
  ->  Seq Scan on cast_info ci  (cost=0.00..705507.15 rows=19543993 width=4) (actual time=1524.548..13690.955 rows=19708357 loops=1)
        Filter: (person_id > 1637265)
        Rows Removed by Filter: 16535987
  ->  Hash  (cost=621982.40..621982.40 rows=5061309 width=8) (actual time=21100.331..21100.331 rows=8525193 loops=1)
        Buckets: 131072  Batches: 128  Memory Usage: 3623kB
        ->  Hash Join  (cost=88171.38..621982.40 rows=5061309 width=8) (actual time=1399.775..17987.299 rows=8525193 loops=1)
              Hash Cond: (mi.movie_id = t.id)
              ->  Seq Scan on movie_info mi  (cost=0.00..309384.22 rows=14739122 width=4) (actual time=0.032..5681.726 rows=14835720 loops=1)
              ->  Hash  (cost=73925.90..73925.90 rows=868278 width=4) (actual time=1398.690..1398.690 rows=782805 loops=1)
                    Buckets: 131072  Batches: 16  Memory Usage: 2755kB
                    ->  Seq Scan on title t  (cost=0.00..73925.90 rows=868278 width=4) (actual time=0.022..1156.580 rows=782805 loops=1)
                          Filter: ((kind_id < 7) AND (production_year > 1959))
                          Rows Removed by Filter: 1745507
Planning time: 1.181 ms
Execution time: 112354.694 ms
