Hash Join  (cost=128671.08..479933.95 rows=1218 width=0) (actual time=4071.611..7250.759 rows=19251 loops=1)
  Hash Cond: (mi.movie_id = t.id)
  ->  Seq Scan on movie_info mi  (cost=0.00..346232.03 rows=1338312 width=4) (actual time=1852.584..4967.319 rows=1401902 loops=1)
        Filter: (info_type_id = 7)
        Rows Removed by Filter: 13433818
  ->  Hash  (cost=128642.31..128642.31 rows=2301 width=8) (actual time=2073.531..2073.531 rows=5285 loops=1)
        Buckets: 8192 (originally 4096)  Batches: 1 (originally 1)  Memory Usage: 271kB
        ->  Hash Join  (cost=73953.78..128642.31 rows=2301 width=8) (actual time=1001.056..2070.932 rows=5285 loops=1)
              Hash Cond: (mc.movie_id = t.id)
              ->  Seq Scan on movie_companies mc  (cost=0.00..44881.29 rows=2609129 width=4) (actual time=0.027..568.815 rows=2609129 loops=1)
              ->  Hash  (cost=73925.90..73925.90 rows=2230 width=4) (actual time=1000.632..1000.632 rows=1826 loops=1)
                    Buckets: 4096  Batches: 1  Memory Usage: 97kB
                    ->  Seq Scan on title t  (cost=0.00..73925.90 rows=2230 width=4) (actual time=35.248..999.686 rows=1826 loops=1)
                          Filter: ((kind_id < 3) AND (production_year = 1944))
                          Rows Removed by Filter: 2526486
Planning time: 2.346 ms
Execution time: 7253.433 ms
