Seq Scan on cast_info ci  (cost=0.00..705507.15 rows=17195628 width=0) (actual time=2.796..10796.706 rows=17069559 loops=1)
  Filter: (person_id < 1686846)
  Rows Removed by Filter: 19174785
Planning time: 0.327 ms
Execution time: 12755.518 ms
