Seq Scan on movie_keyword mk  (cost=0.00..81003.12 rows=2309224 width=0) (actual time=0.017..1343.298 rows=2315535 loops=1)
  Filter: (keyword_id < 5002)
  Rows Removed by Filter: 2208395
Planning time: 0.293 ms
Execution time: 1630.695 ms
