Hash Join  (cost=114961.80..202023.11 rows=22450 width=0) (actual time=2179.717..3727.170 rows=213351 loops=1)
  Hash Cond: (mk.movie_id = t.id)
  ->  Seq Scan on movie_keyword mk  (cost=0.00..81003.12 rows=462851 width=4) (actual time=0.018..1251.494 rows=472545 loops=1)
        Filter: (keyword_id < 359)
        Rows Removed by Filter: 4051385
  ->  Hash  (cost=112948.73..112948.73 rows=122645 width=8) (actual time=2178.805..2178.805 rows=209880 loops=1)
        Buckets: 131072 (originally 131072)  Batches: 4 (originally 2)  Memory Usage: 3084kB
        ->  Hash Join  (cost=78556.72..112948.73 rows=122645 width=8) (actual time=1181.513..2099.063 rows=209880 loops=1)
              Hash Cond: (mi_idx.movie_id = t.id)
              ->  Seq Scan on movie_info_idx mi_idx  (cost=0.00..25185.44 rows=464566 width=4) (actual time=0.021..488.783 rows=459925 loops=1)
                    Filter: (info_type_id = 101)
                    Rows Removed by Filter: 920110
              ->  Hash  (cost=67604.59..67604.59 rows=667531 width=4) (actual time=1180.541..1180.541 rows=662825 loops=1)
                    Buckets: 131072  Batches: 16  Memory Usage: 2476kB
                    ->  Seq Scan on title t  (cost=0.00..67604.59 rows=667531 width=4) (actual time=208.276..975.301 rows=662825 loops=1)
                          Filter: (kind_id = 1)
                          Rows Removed by Filter: 1865487
Planning time: 1.146 ms
Execution time: 3753.893 ms
