Hash Join  (cost=83074.74..111692.70 rows=89 width=0) (actual time=1238.596..1855.610 rows=6732 loops=1)
  Hash Cond: (mi_idx.movie_id = t.id)
  ->  Seq Scan on movie_info_idx mi_idx  (cost=0.00..25185.44 rows=915101 width=4) (actual time=0.016..464.466 rows=919850 loops=1)
        Filter: (info_type_id < 101)
        Rows Removed by Filter: 460185
  ->  Hash  (cost=83071.67..83071.67 rows=246 width=8) (actual time=1237.614..1237.614 rows=4200 loops=1)
        Buckets: 8192 (originally 1024)  Batches: 1 (originally 1)  Memory Usage: 229kB
        ->  Nested Loop  (cost=0.43..83071.67 rows=246 width=8) (actual time=0.481..1234.908 rows=4200 loops=1)
              ->  Seq Scan on movie_keyword mk  (cost=0.00..81003.12 rows=246 width=4) (actual time=0.415..1115.400 rows=4200 loops=1)
                    Filter: (keyword_id = 1002)
                    Rows Removed by Filter: 4519730
              ->  Index Only Scan using title_pkey on title t  (cost=0.43..8.40 rows=1 width=4) (actual time=0.027..0.028 rows=1 loops=4200)
                    Index Cond: (id = mk.movie_id)
                    Heap Fetches: 4200
Planning time: 1.043 ms
Execution time: 1856.824 ms
