Seq Scan on title t  (cost=0.00..73925.90 rows=640874 width=0) (actual time=0.009..1166.727 rows=621262 loops=1)
  Filter: ((production_year > 1911) AND (kind_id = 1))
  Rows Removed by Filter: 1907050
Planning time: 0.273 ms
Execution time: 1243.409 ms
