Hash Join  (cost=85282.22..939529.12 rows=1061907 width=0) (actual time=6400.594..18130.301 rows=1487151 loops=1)
  Hash Cond: (ci.movie_id = t.id)
  ->  Seq Scan on cast_info ci  (cost=0.00..796071.18 rows=3879107 width=4) (actual time=5023.667..12403.288 rows=8677325 loops=1)
        Filter: ((person_id > 2822025) AND (role_id > 2))
        Rows Removed by Filter: 27567019
  ->  Hash  (cost=73925.90..73925.90 rows=692185 width=4) (actual time=1375.793..1375.793 rows=596495 loops=1)
        Buckets: 131072  Batches: 16  Memory Usage: 2332kB
        ->  Seq Scan on title t  (cost=0.00..73925.90 rows=692185 width=4) (actual time=0.028..1181.220 rows=596495 loops=1)
              Filter: ((production_year < 2002) AND (kind_id = 7))
              Rows Removed by Filter: 1931817
Planning time: 0.806 ms
Execution time: 18304.542 ms
