Hash Join  (cost=913300.39..1419828.09 rows=2504277 width=0) (actual time=13628.234..26645.900 rows=6300706 loops=1)
  Hash Cond: (mi.movie_id = t.id)
  ->  Seq Scan on movie_info mi  (cost=0.00..309384.22 rows=14739122 width=4) (actual time=0.010..5101.892 rows=14835720 loops=1)
  ->  Hash  (cost=906251.22..906251.22 rows=429614 width=8) (actual time=13627.400..13627.400 rows=245140 loops=1)
        Buckets: 131072  Batches: 8  Memory Usage: 2244kB
        ->  Hash Join  (cost=87162.74..906251.22 rows=429614 width=8) (actual time=2235.160..13546.287 rows=245140 loops=1)
              Hash Cond: (ci.movie_id = t.id)
              ->  Seq Scan on cast_info ci  (cost=0.00..796071.18 rows=1346441 width=4) (actual time=819.506..11446.187 rows=925911 loops=1)
                    Filter: ((person_id < 1191932) AND (role_id = 3))
                    Rows Removed by Filter: 35318433
              ->  Hash  (cost=73925.90..73925.90 rows=806787 width=4) (actual time=1414.762..1414.762 rows=843018 loops=1)
                    Buckets: 131072  Batches: 16  Memory Usage: 2879kB
                    ->  Seq Scan on title t  (cost=0.00..73925.90 rows=806787 width=4) (actual time=0.032..1149.872 rows=843018 loops=1)
                          Filter: ((kind_id < 7) AND (production_year < 2011))
                          Rows Removed by Filter: 1685294
Planning time: 1.155 ms
Execution time: 27370.344 ms
