Hash Join  (cost=75205.79..559862.92 rows=454620 width=0) (actual time=1233.249..12541.050 rows=192115 loops=1)
  Hash Cond: (mi.movie_id = t.id)
  ->  Seq Scan on movie_info mi  (cost=0.00..309384.22 rows=14739122 width=4) (actual time=0.019..6212.112 rows=14835720 loops=1)
  ->  Hash  (cost=73925.90..73925.90 rows=77991 width=4) (actual time=1232.340..1232.340 rows=84556 loops=1)
        Buckets: 131072  Batches: 2  Memory Usage: 2523kB
        ->  Seq Scan on title t  (cost=0.00..73925.90 rows=77991 width=4) (actual time=1.831..1199.271 rows=84556 loops=1)
              Filter: ((kind_id > 4) AND (production_year = 2008))
              Rows Removed by Filter: 2443756
Planning time: 0.467 ms
Execution time: 12563.687 ms
