Hash Join  (cost=58375.79..85286.48 rows=21 width=0) (actual time=793.792..1303.646 rows=25 loops=1)
  Hash Cond: (mi_idx.movie_id = t.id)
  ->  Seq Scan on movie_info_idx mi_idx  (cost=0.00..21735.35 rows=1380035 width=4) (actual time=0.011..290.196 rows=1380035 loops=1)
  ->  Hash  (cost=58375.31..58375.31 rows=38 width=8) (actual time=763.331..763.331 rows=9 loops=1)
        Buckets: 1024  Batches: 1  Memory Usage: 9kB
        ->  Nested Loop  (cost=0.43..58375.31 rows=38 width=8) (actual time=96.946..763.307 rows=9 loops=1)
              ->  Seq Scan on movie_companies mc  (cost=0.00..57926.93 rows=53 width=4) (actual time=96.891..762.838 rows=9 loops=1)
                    Filter: ((company_id = 86341) AND (company_type_id = 2))
                    Rows Removed by Filter: 2609120
              ->  Index Scan using title_pkey on title t  (cost=0.43..8.45 rows=1 width=4) (actual time=0.044..0.045 rows=1 loops=9)
                    Index Cond: (id = mc.movie_id)
                    Filter: (production_year > 1987)
Planning time: 1.479 ms
Execution time: 1303.775 ms
