Seq Scan on movie_companies mc  (cost=0.00..57926.93 rows=305097 width=0) (actual time=405.944..869.134 rows=599206 loops=1)
  Filter: ((company_id > 66415) AND (company_type_id > 1))
  Rows Removed by Filter: 2009923
Planning time: 0.328 ms
Execution time: 944.930 ms
