Hash Join  (cost=75292.52..139256.17 rows=15809 width=0) (actual time=1539.188..2135.873 rows=2539 loops=1)
  Hash Cond: (mc.movie_id = t.id)
  ->  Seq Scan on movie_companies mc  (cost=0.00..57926.93 rows=480167 width=4) (actual time=450.169..806.351 rows=176786 loops=1)
        Filter: ((company_id > 17042) AND (company_type_id < 2))
        Rows Removed by Filter: 2432343
  ->  Hash  (cost=73925.90..73925.90 rows=83249 width=4) (actual time=1087.927..1087.927 rows=101793 loops=1)
        Buckets: 131072  Batches: 2  Memory Usage: 2803kB
        ->  Seq Scan on title t  (cost=0.00..73925.90 rows=83249 width=4) (actual time=0.037..1050.867 rows=101793 loops=1)
              Filter: ((kind_id > 1) AND (production_year = 2007))
              Rows Removed by Filter: 2426519
Planning time: 0.812 ms
Execution time: 2136.717 ms
