Seq Scan on cast_info ci  (cost=0.00..705507.15 rows=6160703 width=0) (actual time=174.551..10308.608 rows=6059817 loops=1)
  Filter: (person_id < 585077)
  Rows Removed by Filter: 30184527
Planning time: 0.339 ms
Execution time: 11085.274 ms
