Seq Scan on movie_companies mc  (cost=0.00..57926.93 rows=1010783 width=0) (actual time=80.865..1021.253 rows=1274246 loops=1)
  Filter: ((company_id < 71818) AND (company_type_id < 2))
  Rows Removed by Filter: 1334883
Planning time: 0.308 ms
Execution time: 1178.060 ms
