Hash Join  (cost=167979.73..535996.90 rows=336123 width=0) (actual time=3560.089..12052.601 rows=5296069 loops=1)
  Hash Cond: (mi.movie_id = t.id)
  ->  Seq Scan on movie_info mi  (cost=0.00..309384.22 rows=14739122 width=4) (actual time=0.014..3915.814 rows=14835720 loops=1)
  ->  Hash  (cost=167258.94..167258.94 rows=57663 width=8) (actual time=2912.760..2912.760 rows=72118 loops=1)
        Buckets: 131072 (originally 65536)  Batches: 1 (originally 1)  Memory Usage: 3842kB
        ->  Hash Join  (cost=79094.49..167258.94 rows=57663 width=8) (actual time=860.913..2889.578 rows=72118 loops=1)
              Hash Cond: (mk.movie_id = t.id)
              ->  Seq Scan on movie_keyword mk  (cost=0.00..81003.12 rows=462851 width=4) (actual time=0.017..1225.964 rows=472545 loops=1)
                    Filter: (keyword_id < 359)
                    Rows Removed by Filter: 4051385
              ->  Hash  (cost=73925.90..73925.90 rows=315007 width=4) (actual time=859.850..859.850 rows=244789 loops=1)
                    Buckets: 131072  Batches: 8  Memory Usage: 2106kB
                    ->  Seq Scan on title t  (cost=0.00..73925.90 rows=315007 width=4) (actual time=196.506..790.240 rows=244789 loops=1)
                          Filter: ((kind_id < 2) AND (production_year > 2003))
                          Rows Removed by Filter: 2283523
Planning time: 1.088 ms
Execution time: 12740.412 ms
