Nested Loop  (cost=0.43..120394.04 rows=138 width=0) (actual time=4.866..1251.529 rows=242 loops=1)
  ->  Seq Scan on movie_keyword mk  (cost=0.00..81003.12 rows=5429 width=4) (actual time=0.125..1125.414 rows=6326 loops=1)
        Filter: (keyword_id = 498)
        Rows Removed by Filter: 4517604
  ->  Index Scan using title_pkey on title t  (cost=0.43..7.25 rows=1 width=4) (actual time=0.019..0.019 rows=0 loops=6326)
        Index Cond: (id = mk.movie_id)
        Filter: ((kind_id < 7) AND (production_year = 2012))
        Rows Removed by Filter: 1
Planning time: 0.851 ms
Execution time: 1251.791 ms
