Seq Scan on cast_info ci  (cost=0.00..796071.18 rows=3357870 width=0) (actual time=7723.265..14000.544 rows=3992215 loops=1)
  Filter: ((person_id < 3060966) AND (role_id = 3))
  Rows Removed by Filter: 32252129
Planning time: 0.421 ms
Execution time: 14509.402 ms
