Hash Join  (cost=886446.35..1438303.10 rows=3299202 width=0) (actual time=16819.682..30522.678 rows=4202690 loops=1)
  Hash Cond: (mi.movie_id = t.id)
  ->  Seq Scan on movie_info mi  (cost=0.00..309384.22 rows=14739122 width=4) (actual time=0.020..5281.332 rows=14835720 loops=1)
  ->  Hash  (cost=877160.54..877160.54 rows=565985 width=8) (actual time=16818.501..16818.501 rows=256322 loops=1)
        Buckets: 131072  Batches: 8  Memory Usage: 2277kB
        ->  Hash Join  (cost=70467.44..877160.54 rows=565985 width=8) (actual time=1058.280..16377.389 rows=256322 loops=1)
              Hash Cond: (ci.movie_id = t.id)
              ->  Seq Scan on cast_info ci  (cost=0.00..705507.15 rows=8202693 width=4) (actual time=0.042..11587.130 rows=8151357 loops=1)
                    Filter: (person_id > 2866029)
                    Rows Removed by Filter: 28092987
              ->  Hash  (cost=67604.59..67604.59 rows=174468 width=4) (actual time=1057.383..1057.383 rows=174610 loops=1)
                    Buckets: 131072  Batches: 4  Memory Usage: 2557kB
                    ->  Seq Scan on title t  (cost=0.00..67604.59 rows=174468 width=4) (actual time=0.015..997.976 rows=174610 loops=1)
                          Filter: (production_year < 1952)
                          Rows Removed by Filter: 2353702
Planning time: 1.186 ms
Execution time: 31060.771 ms
