Hash Join  (cost=94973.51..180565.90 rows=940523 width=0) (actual time=1726.045..3670.694 rows=359049 loops=1)
  Hash Cond: (mc.movie_id = t.id)
  ->  Seq Scan on movie_companies mc  (cost=0.00..51404.11 rows=1425610 width=4) (actual time=0.014..884.548 rows=1431262 loops=1)
        Filter: (company_id > 10113)
        Rows Removed by Filter: 1177867
  ->  Hash  (cost=67604.59..67604.59 rows=1668154 width=4) (actual time=1724.417..1724.417 rows=1674098 loops=1)
        Buckets: 131072  Batches: 32  Memory Usage: 2869kB
        ->  Seq Scan on title t  (cost=0.00..67604.59 rows=1668154 width=4) (actual time=0.022..1182.709 rows=1674098 loops=1)
              Filter: (kind_id > 3)
              Rows Removed by Filter: 854214
Planning time: 0.693 ms
Execution time: 3715.300 ms
