Seq Scan on cast_info ci  (cost=0.00..705507.15 rows=26241267 width=0) (actual time=0.023..10445.932 rows=26470524 loops=1)
  Filter: (person_id > 961244)
  Rows Removed by Filter: 9773820
Planning time: 0.295 ms
Execution time: 13501.248 ms
