Seq Scan on movie_companies mc  (cost=0.00..51404.11 rows=2310489 width=0) (actual time=0.017..916.881 rows=2307264 loops=1)
  Filter: (company_id < 93962)
  Rows Removed by Filter: 301865
Planning time: 0.291 ms
Execution time: 1214.224 ms
