Hash Join  (cost=28267.82..111291.42 rows=19 width=0) (actual time=378.290..1266.621 rows=2712 loops=1)
  Hash Cond: (mk.movie_id = t.id)
  ->  Seq Scan on movie_keyword mk  (cost=0.00..81003.12 rows=538743 width=4) (actual time=0.016..840.978 rows=532288 loops=1)
        Filter: (keyword_id > 34345)
        Rows Removed by Filter: 3991642
  ->  Hash  (cost=28266.72..28266.72 rows=88 width=8) (actual time=367.884..367.884 rows=126 loops=1)
        Buckets: 1024  Batches: 1  Memory Usage: 13kB
        ->  Nested Loop  (cost=0.43..28266.72 rows=88 width=8) (actual time=243.611..367.809 rows=126 loops=1)
              ->  Seq Scan on movie_info_idx mi_idx  (cost=0.00..25185.44 rows=368 width=4) (actual time=243.514..362.735 rows=260 loops=1)
                    Filter: (info_type_id > 101)
                    Rows Removed by Filter: 1379775
              ->  Index Scan using title_pkey on title t  (cost=0.43..8.36 rows=1 width=4) (actual time=0.019..0.019 rows=0 loops=260)
                    Index Cond: (id = mi_idx.movie_id)
                    Filter: (production_year < 1986)
                    Rows Removed by Filter: 1
Planning time: 1.179 ms
Execution time: 1267.083 ms
