Hash Join  (cost=80562.70..1230600.22 rows=11314835 width=0) (actual time=1355.822..39005.646 rows=12455378 loops=1)
  Hash Cond: (ci.movie_id = t.id)
  ->  Seq Scan on cast_info ci  (cost=0.00..614943.12 rows=36225612 width=4) (actual time=0.023..14072.057 rows=36244344 loops=1)
  ->  Hash  (cost=67604.59..67604.59 rows=789769 width=4) (actual time=1354.676..1354.676 rows=784926 loops=1)
        Buckets: 131072  Batches: 16  Memory Usage: 2749kB
        ->  Seq Scan on title t  (cost=0.00..67604.59 rows=789769 width=4) (actual time=0.012..1109.604 rows=784926 loops=1)
              Filter: (production_year > 2007)
              Rows Removed by Filter: 1743386
Planning time: 0.741 ms
Execution time: 40784.240 ms
