Hash Join  (cost=148691.77..961900.34 rows=459616 width=0) (actual time=3323.385..17909.066 rows=867520 loops=1)
  Hash Cond: (ci.movie_id = t.id)
  ->  Seq Scan on cast_info ci  (cost=0.00..705507.15 rows=8872870 width=4) (actual time=412.924..11142.098 rows=8746668 loops=1)
        Filter: (person_id < 861526)
        Rows Removed by Filter: 27497676
  ->  Hash  (cost=146542.54..146542.54 rows=130978 width=8) (actual time=2909.586..2909.586 rows=105763 loops=1)
        Buckets: 131072  Batches: 2  Memory Usage: 3093kB
        ->  Hash Join  (cost=69687.24..146542.54 rows=130978 width=8) (actual time=1019.179..2871.453 rows=105763 loops=1)
              Hash Cond: (mc.movie_id = t.id)
              ->  Seq Scan on movie_companies mc  (cost=0.00..44881.29 rows=2609129 width=4) (actual time=0.036..735.672 rows=2609129 loops=1)
              ->  Hash  (cost=67604.59..67604.59 rows=126932 width=4) (actual time=1018.075..1018.075 rows=122861 loops=1)
                    Buckets: 131072  Batches: 2  Memory Usage: 3191kB
                    ->  Seq Scan on title t  (cost=0.00..67604.59 rows=126932 width=4) (actual time=0.035..972.811 rows=122861 loops=1)
                          Filter: (production_year = 2008)
                          Rows Removed by Filter: 2405451
Planning time: 0.962 ms
Execution time: 18023.065 ms
