Seq Scan on cast_info ci  (cost=0.00..796071.18 rows=224 width=0) (actual time=3865.566..12711.960 rows=200 loops=1)
  Filter: ((role_id > 2) AND (person_id = 2977268))
  Rows Removed by Filter: 36244144
Planning time: 0.271 ms
Execution time: 12712.142 ms
