Hash Join  (cost=83074.47..437537.83 rows=152 width=0) (actual time=1099.867..6219.735 rows=5193 loops=1)
  Hash Cond: (mi.movie_id = t.id)
  ->  Seq Scan on movie_info mi  (cost=0.00..346232.03 rows=2194617 width=4) (actual time=0.019..4806.509 rows=2233850 loops=1)
        Filter: (info_type_id > 16)
        Rows Removed by Filter: 12601870
  ->  Hash  (cost=83072.29..83072.29 rows=175 width=8) (actual time=1092.118..1092.118 rows=300 loops=1)
        Buckets: 1024  Batches: 1  Memory Usage: 20kB
        ->  Nested Loop  (cost=0.43..83072.29 rows=175 width=8) (actual time=3.205..1091.854 rows=300 loops=1)
              ->  Seq Scan on movie_keyword mk  (cost=0.00..81003.12 rows=246 width=4) (actual time=3.127..1082.088 rows=331 loops=1)
                    Filter: (keyword_id = 16954)
                    Rows Removed by Filter: 4523599
              ->  Index Scan using title_pkey on title t  (cost=0.43..8.40 rows=1 width=4) (actual time=0.027..0.027 rows=1 loops=331)
                    Index Cond: (id = mk.movie_id)
                    Filter: (production_year < 2009)
                    Rows Removed by Filter: 0
Planning time: 1.115 ms
Execution time: 6220.731 ms
