Seq Scan on movie_companies mc  (cost=0.00..51404.11 rows=734055 width=0) (actual time=0.014..806.703 rows=726951 loops=1)
  Filter: (company_id < 1427)
  Rows Removed by Filter: 1882178
Planning time: 1.234 ms
Execution time: 899.025 ms
