Seq Scan on movie_keyword mk  (cost=0.00..81003.12 rows=1747902 width=0) (actual time=0.027..1261.531 rows=1754204 loops=1)
  Filter: (keyword_id > 7919)
  Rows Removed by Filter: 2769726
Planning time: 0.327 ms
Execution time: 1485.780 ms
