Seq Scan on movie_keyword mk  (cost=0.00..81003.12 rows=246 width=0) (actual time=1.804..1109.404 rows=1210 loops=1)
  Filter: (keyword_id = 4851)
  Rows Removed by Filter: 4522720
Planning time: 0.322 ms
Execution time: 1109.868 ms
