Hash Join  (cost=102767.86..1272494.65 rows=18881701 width=0) (actual time=4870.585..31048.265 rows=19012361 loops=1)
  Hash Cond: (ci.movie_id = t.id)
  ->  Seq Scan on cast_info ci  (cost=0.00..705507.15 rows=18881701 width=4) (actual time=3162.114..13347.949 rows=19012361 loops=1)
        Filter: (person_id > 1701805)
        Rows Removed by Filter: 17231983
  ->  Hash  (cost=61283.27..61283.27 rows=2528527 width=4) (actual time=1707.791..1707.791 rows=2528312 loops=1)
        Buckets: 131072  Batches: 64  Memory Usage: 2415kB
        ->  Seq Scan on title t  (cost=0.00..61283.27 rows=2528527 width=4) (actual time=0.012..863.971 rows=2528312 loops=1)
Planning time: 0.714 ms
Execution time: 33303.098 ms
