Hash Join  (cost=92917.42..1070548.39 rows=7590085 width=0) (actual time=4443.801..64734.854 rows=9204121 loops=1)
  Hash Cond: (ci.movie_id = t.id)
  ->  Seq Scan on cast_info ci  (cost=0.00..705507.15 rows=16579459 width=4) (actual time=0.020..44122.320 rows=16712906 loops=1)
        Filter: (person_id > 1956327)
        Rows Removed by Filter: 19531438
  ->  Hash  (cost=73925.90..73925.90 rows=1157561 width=4) (actual time=4442.827..4442.827 rows=1267332 loops=1)
        Buckets: 131072  Batches: 16  Memory Usage: 3815kB
        ->  Seq Scan on title t  (cost=0.00..73925.90 rows=1157561 width=4) (actual time=0.015..3683.949 rows=1267332 loops=1)
              Filter: ((kind_id > 1) AND (production_year > 1996))
              Rows Removed by Filter: 1260980
Planning time: 0.716 ms
Execution time: 65981.705 ms
