Hash Join  (cost=74438.43..157879.64 rows=10106 width=0) (actual time=1106.457..2461.254 rows=1623 loops=1)
  Hash Cond: (mk.movie_id = t.id)
  ->  Seq Scan on movie_keyword mk  (cost=0.00..81003.12 rows=623207 width=4) (actual time=0.021..1260.793 rows=627032 loops=1)
        Filter: (keyword_id > 29279)
        Rows Removed by Filter: 3896898
  ->  Hash  (cost=73925.90..73925.90 rows=41002 width=4) (actual time=1073.467..1073.467 rows=40409 loops=1)
        Buckets: 65536  Batches: 1  Memory Usage: 1933kB
        ->  Seq Scan on title t  (cost=0.00..73925.90 rows=41002 width=4) (actual time=0.056..1055.798 rows=40409 loops=1)
              Filter: ((kind_id > 4) AND (production_year > 2012))
              Rows Removed by Filter: 2487903
Planning time: 0.731 ms
Execution time: 2461.708 ms
