Seq Scan on movie_keyword mk  (cost=0.00..81003.12 rows=1063584 width=0) (actual time=0.029..1340.574 rows=1073737 loops=1)
  Filter: (keyword_id > 16457)
  Rows Removed by Filter: 3450193
Planning time: 0.304 ms
Execution time: 1477.353 ms
