Seq Scan on cast_info ci  (cost=0.00..705507.15 rows=500 width=0) (actual time=4560.657..9741.303 rows=610 loops=1)
  Filter: (person_id = 1836613)
  Rows Removed by Filter: 36243734
Planning time: 0.319 ms
Execution time: 9741.435 ms
