Seq Scan on movie_keyword mk  (cost=0.00..81003.12 rows=460484 width=0) (actual time=0.024..1172.833 rows=457184 loops=1)
  Filter: (keyword_id > 38802)
  Rows Removed by Filter: 4066746
Planning time: 0.312 ms
Execution time: 1233.041 ms
