Hash Join  (cost=709675.83..1074338.40 rows=665 width=0) (actual time=9349.971..15113.277 rows=201 loops=1)
  Hash Cond: (mi.movie_id = t.id)
  ->  Seq Scan on movie_info mi  (cost=0.00..309384.22 rows=14739122 width=4) (actual time=0.029..3479.654 rows=14835720 loops=1)
  ->  Hash  (cost=709674.40..709674.40 rows=114 width=8) (actual time=9155.862..9155.862 rows=15 loops=1)
        Buckets: 1024  Batches: 1  Memory Usage: 9kB
        ->  Nested Loop  (cost=0.43..709674.40 rows=114 width=8) (actual time=3426.582..9155.804 rows=15 loops=1)
              ->  Seq Scan on cast_info ci  (cost=0.00..705507.15 rows=500 width=4) (actual time=3426.444..9155.351 rows=18 loops=1)
                    Filter: (person_id = 3378689)
                    Rows Removed by Filter: 36244326
              ->  Index Scan using title_pkey on title t  (cost=0.43..8.32 rows=1 width=4) (actual time=0.021..0.021 rows=1 loops=18)
                    Index Cond: (id = ci.movie_id)
                    Filter: ((kind_id < 3) AND (production_year < 2010))
                    Rows Removed by Filter: 0
Planning time: 3.616 ms
Execution time: 15113.552 ms
