Hash Join  (cost=83074.17..447738.90 rows=881 width=0) (actual time=1555.604..7469.949 rows=154 loops=1)
  Hash Cond: (mi.movie_id = t.id)
  ->  Seq Scan on movie_info mi  (cost=0.00..309384.22 rows=14739122 width=4) (actual time=0.021..3624.877 rows=14835720 loops=1)
  ->  Hash  (cost=83072.29..83072.29 rows=151 width=8) (actual time=1152.467..1152.467 rows=15 loops=1)
        Buckets: 1024  Batches: 1  Memory Usage: 9kB
        ->  Nested Loop  (cost=0.43..83072.29 rows=151 width=8) (actual time=17.451..1152.437 rows=15 loops=1)
              ->  Seq Scan on movie_keyword mk  (cost=0.00..81003.12 rows=246 width=4) (actual time=17.380..1133.496 rows=248 loops=1)
                    Filter: (keyword_id = 15816)
                    Rows Removed by Filter: 4523682
              ->  Index Scan using title_pkey on title t  (cost=0.43..8.40 rows=1 width=4) (actual time=0.074..0.074 rows=0 loops=248)
                    Index Cond: (id = mk.movie_id)
                    Filter: (kind_id > 4)
                    Rows Removed by Filter: 1
Planning time: 1.141 ms
Execution time: 7470.165 ms
