Hash Join  (cost=93093.72..236428.60 rows=1823548 width=0) (actual time=1586.002..5551.947 rows=507032 loops=1)
  Hash Cond: (mk.movie_id = t.id)
  ->  Seq Scan on movie_keyword mk  (cost=0.00..81003.12 rows=2967854 width=4) (actual time=0.020..1554.087 rows=2962452 loops=1)
        Filter: (keyword_id > 2341)
        Rows Removed by Filter: 1561478
  ->  Hash  (cost=67604.59..67604.59 rows=1553611 width=4) (actual time=1572.881..1572.881 rows=1555864 loops=1)
        Buckets: 131072  Batches: 32  Memory Usage: 2740kB
        ->  Seq Scan on title t  (cost=0.00..67604.59 rows=1553611 width=4) (actual time=0.015..1058.065 rows=1555864 loops=1)
              Filter: (kind_id > 4)
              Rows Removed by Filter: 972448
Planning time: 0.641 ms
Execution time: 5613.430 ms
