Hash Join  (cost=98137.04..1463901.47 rows=23824445 width=0) (actual time=1702.034..41744.376 rows=23224906 loops=1)
  Hash Cond: (ci.movie_id = t.id)
  ->  Seq Scan on cast_info ci  (cost=0.00..705507.15 rows=32370167 width=4) (actual time=0.013..15154.637 rows=32508132 loops=1)
        Filter: (person_id > 357875)
        Rows Removed by Filter: 3736212
  ->  Hash  (cost=67604.59..67604.59 rows=1860996 width=4) (actual time=1700.880..1700.880 rows=1865487 loops=1)
        Buckets: 131072  Batches: 32  Memory Usage: 3079kB
        ->  Seq Scan on title t  (cost=0.00..67604.59 rows=1860996 width=4) (actual time=0.024..1132.899 rows=1865487 loops=1)
              Filter: (kind_id > 1)
              Rows Removed by Filter: 662825
Planning time: 0.734 ms
Execution time: 44135.755 ms
