Nested Loop  (cost=0.43..83072.29 rows=96 width=0) (actual time=0.599..1132.762 rows=125 loops=1)
  ->  Seq Scan on movie_keyword mk  (cost=0.00..81003.12 rows=246 width=4) (actual time=0.558..1125.992 rows=135 loops=1)
        Filter: (keyword_id = 18779)
        Rows Removed by Filter: 4523795
  ->  Index Scan using title_pkey on title t  (cost=0.43..8.40 rows=1 width=4) (actual time=0.046..0.047 rows=1 loops=135)
        Index Cond: (id = mk.movie_id)
        Filter: (kind_id < 7)
        Rows Removed by Filter: 0
Planning time: 0.664 ms
Execution time: 1132.950 ms
