Hash Join  (cost=102767.86..254075.17 rows=2511150 width=0) (actual time=2500.328..6127.768 rows=2505588 loops=1)
  Hash Cond: (mk.movie_id = t.id)
  ->  Seq Scan on movie_keyword mk  (cost=0.00..81003.12 rows=2511150 width=4) (actual time=0.028..1328.096 rows=2505588 loops=1)
        Filter: (keyword_id < 6142)
        Rows Removed by Filter: 2018342
  ->  Hash  (cost=61283.27..61283.27 rows=2528527 width=4) (actual time=2497.495..2497.495 rows=2528312 loops=1)
        Buckets: 131072  Batches: 64  Memory Usage: 2425kB
        ->  Seq Scan on title t  (cost=0.00..61283.27 rows=2528527 width=4) (actual time=0.015..979.623 rows=2528312 loops=1)
Planning time: 0.647 ms
Execution time: 6440.159 ms
