Seq Scan on movie_keyword mk  (cost=0.00..81003.12 rows=3222397 width=0) (actual time=0.026..1521.288 rows=3214469 loops=1)
  Filter: (keyword_id > 1714)
  Rows Removed by Filter: 1309461
Planning time: 0.322 ms
Execution time: 1927.705 ms
