Seq Scan on movie_keyword mk  (cost=0.00..81003.12 rows=427604 width=0) (actual time=0.026..1248.207 rows=439454 loops=1)
  Filter: (keyword_id < 341)
  Rows Removed by Filter: 4084476
Planning time: 0.292 ms
Execution time: 1319.612 ms
