Hash Join  (cost=100948.70..196682.86 rows=3834 width=0) (actual time=2583.438..2964.092 rows=9246 loops=1)
  Hash Cond: (mk.movie_id = t.id)
  ->  Seq Scan on movie_keyword mk  (cost=0.00..81003.12 rows=3918053 width=4) (actual time=0.016..891.914 rows=3913135 loops=1)
        Filter: (keyword_id < 30246)
        Rows Removed by Filter: 610795
  ->  Hash  (cost=100917.78..100917.78 rows=2474 width=8) (actual time=1688.063..1688.063 rows=5538 loops=1)
        Buckets: 8192 (originally 4096)  Batches: 1 (originally 1)  Memory Usage: 281kB
        ->  Hash Join  (cost=73982.55..100917.78 rows=2474 width=8) (actual time=1323.403..1685.905 rows=5538 loops=1)
              Hash Cond: (mi_idx.movie_id = t.id)
              ->  Seq Scan on movie_info_idx mi_idx  (cost=0.00..21735.35 rows=1380035 width=4) (actual time=0.020..222.509 rows=1380035 loops=1)
              ->  Hash  (cost=73925.90..73925.90 rows=4532 width=4) (actual time=1154.316..1154.316 rows=12643 loops=1)
                    Buckets: 16384 (originally 8192)  Batches: 1 (originally 1)  Memory Usage: 573kB
                    ->  Seq Scan on title t  (cost=0.00..73925.90 rows=4532 width=4) (actual time=0.178..1148.563 rows=12643 loops=1)
                          Filter: ((kind_id = 7) AND (production_year = 1989))
                          Rows Removed by Filter: 2515669
Planning time: 1.079 ms
Execution time: 2964.936 ms
