Hash Join  (cost=28267.43..392926.68 rows=333 width=219) (actual time=641.212..7341.317 rows=4244 loops=1)
  Hash Cond: (mi.movie_id = t.id)
  ->  Seq Scan on movie_info mi  (cost=0.00..309384.22 rows=14739122 width=75) (actual time=0.018..4467.411 rows=14835720 loops=1)
  ->  Hash  (cost=28266.72..28266.72 rows=57 width=144) (actual time=572.415..572.415 rows=12 loops=1)
        Buckets: 1024  Batches: 1  Memory Usage: 10kB
        ->  Nested Loop  (cost=0.43..28266.72 rows=57 width=144) (actual time=551.923..572.391 rows=12 loops=1)
              ->  Seq Scan on movie_info_idx mi_idx  (cost=0.00..25185.44 rows=368 width=50) (actual time=540.897..545.586 rows=260 loops=1)
                    Filter: (info_type_id > 101)
                    Rows Removed by Filter: 1379775
              ->  Index Scan using title_pkey on title t  (cost=0.43..8.36 rows=1 width=94) (actual time=0.103..0.103 rows=0 loops=260)
                    Index Cond: (id = mi_idx.movie_id)
                    Filter: (production_year > 2010)
                    Rows Removed by Filter: 1
Planning time: 9.338 ms
Execution time: 7341.741 ms
