Seq Scan on title t  (cost=0.00..73925.90 rows=69049 width=0) (actual time=177.651..567.994 rows=3 loops=1)
  Filter: ((kind_id > 2) AND (production_year < 1924))
  Rows Removed by Filter: 2528309
Planning time: 0.226 ms
Execution time: 568.089 ms
