Hash Join  (cost=102767.86..918129.13 rows=391144 width=0) (actual time=10042.202..16224.583 rows=2485311 loops=1)
  Hash Cond: (ci.movie_id = t.id)
  ->  Seq Scan on cast_info ci  (cost=0.00..796071.18 rows=391144 width=4) (actual time=7526.933..10777.243 rows=2485311 loops=1)
        Filter: ((person_id > 3577948) AND (role_id > 8))
        Rows Removed by Filter: 33759033
  ->  Hash  (cost=61283.27..61283.27 rows=2528527 width=4) (actual time=2513.753..2513.753 rows=2528312 loops=1)
        Buckets: 131072  Batches: 64  Memory Usage: 2415kB
        ->  Seq Scan on title t  (cost=0.00..61283.27 rows=2528527 width=4) (actual time=0.021..998.620 rows=2528312 loops=1)
Planning time: 0.688 ms
Execution time: 16525.322 ms
