Hash Join  (cost=67697.55..130339.67 rows=3669 width=0) (actual time=1098.889..2022.478 rows=10575 loops=1)
  Hash Cond: (mc.movie_id = t.id)
  ->  Seq Scan on movie_companies mc  (cost=0.00..57926.93 rows=1247600 width=4) (actual time=301.160..999.094 rows=1214780 loops=1)
        Filter: ((company_id > 6) AND (company_type_id = 1))
        Rows Removed by Filter: 1394349
  ->  Hash  (cost=67604.59..67604.59 rows=7437 width=4) (actual time=797.259..797.259 rows=18391 loops=1)
        Buckets: 32768 (originally 8192)  Batches: 1 (originally 1)  Memory Usage: 903kB
        ->  Seq Scan on title t  (cost=0.00..67604.59 rows=7437 width=4) (actual time=0.023..789.545 rows=18391 loops=1)
              Filter: (production_year = 1985)
              Rows Removed by Filter: 2509921
Planning time: 0.726 ms
Execution time: 2024.347 ms
