Hash Join  (cost=362896.59..1158093.94 rows=24378271 width=0) (actual time=8404.625..68425.777 rows=216066491 loops=1)
  Hash Cond: (mi.movie_id = t.id)
  ->  Seq Scan on movie_info mi  (cost=0.00..309384.22 rows=14739122 width=4) (actual time=0.013..5239.805 rows=14835720 loops=1)
  ->  Hash  (cost=294282.81..294282.81 rows=4182143 width=8) (actual time=8403.288..8403.288 rows=4184627 loops=1)
        Buckets: 131072  Batches: 64  Memory Usage: 3679kB
        ->  Hash Join  (cost=102767.86..294282.81 rows=4182143 width=8) (actual time=1897.252..7145.042 rows=4184627 loops=1)
              Hash Cond: (mk.movie_id = t.id)
              ->  Seq Scan on movie_keyword mk  (cost=0.00..81003.12 rows=4182143 width=4) (actual time=0.018..1680.218 rows=4184627 loops=1)
                    Filter: (keyword_id < 48793)
                    Rows Removed by Filter: 339303
              ->  Hash  (cost=61283.27..61283.27 rows=2528527 width=4) (actual time=1894.950..1894.950 rows=2528312 loops=1)
                    Buckets: 131072  Batches: 64  Memory Usage: 2425kB
                    ->  Seq Scan on title t  (cost=0.00..61283.27 rows=2528527 width=4) (actual time=0.023..1025.704 rows=2528312 loops=1)
Planning time: 1.082 ms
Execution time: 91618.227 ms
