Hash Join  (cost=86252.72..197838.47 rows=565235 width=0) (actual time=1364.454..4062.206 rows=1507789 loops=1)
  Hash Cond: (mk.movie_id = t.id)
  ->  Seq Scan on movie_keyword mk  (cost=0.00..81003.12 rows=1902206 width=4) (actual time=0.021..1403.237 rows=1909519 loops=1)
        Filter: (keyword_id < 3287)
        Rows Removed by Filter: 2614411
  ->  Hash  (cost=73925.90..73925.90 rows=751345 width=4) (actual time=1363.606..1363.606 rows=793943 loops=1)
        Buckets: 131072  Batches: 16  Memory Usage: 2779kB
        ->  Seq Scan on title t  (cost=0.00..73925.90 rows=751345 width=4) (actual time=0.023..1098.831 rows=793943 loops=1)
              Filter: ((kind_id < 7) AND (production_year < 2010))
              Rows Removed by Filter: 1734369
Planning time: 0.671 ms
Execution time: 4220.575 ms
