Hash Join  (cost=98137.04..167118.74 rows=376074 width=0) (actual time=1711.471..3723.248 rows=452069 loops=1)
  Hash Cond: (mc.movie_id = t.id)
  ->  Seq Scan on movie_companies mc  (cost=0.00..51404.11 rows=510970 width=4) (actual time=0.033..890.180 rows=511650 loops=1)
        Filter: (company_id < 468)
        Rows Removed by Filter: 2097479
  ->  Hash  (cost=67604.59..67604.59 rows=1860996 width=4) (actual time=1710.590..1710.590 rows=1865487 loops=1)
        Buckets: 131072  Batches: 32  Memory Usage: 3079kB
        ->  Seq Scan on title t  (cost=0.00..67604.59 rows=1860996 width=4) (actual time=0.027..1119.706 rows=1865487 loops=1)
              Filter: (kind_id > 1)
              Rows Removed by Filter: 662825
Planning time: 0.708 ms
Execution time: 3763.556 ms
