Seq Scan on movie_keyword mk  (cost=0.00..81003.12 rows=246 width=0) (actual time=1.060..955.960 rows=804 loops=1)
  Filter: (keyword_id = 542)
  Rows Removed by Filter: 4523126
Planning time: 0.328 ms
Execution time: 956.289 ms
