Hash Join  (cost=102767.86..912698.49 rows=165382 width=0) (actual time=9002.109..12309.910 rows=85430 loops=1)
  Hash Cond: (ci.movie_id = t.id)
  ->  Seq Scan on cast_info ci  (cost=0.00..796071.18 rows=165382 width=4) (actual time=7315.736..10153.962 rows=85430 loops=1)
        Filter: ((person_id < 639301) AND (role_id = 5))
        Rows Removed by Filter: 36158914
  ->  Hash  (cost=61283.27..61283.27 rows=2528527 width=4) (actual time=1684.891..1684.891 rows=2528312 loops=1)
        Buckets: 131072  Batches: 64  Memory Usage: 2415kB
        ->  Seq Scan on title t  (cost=0.00..61283.27 rows=2528527 width=4) (actual time=0.021..850.895 rows=2528312 loops=1)
Planning time: 0.636 ms
Execution time: 12320.843 ms
