Nested Loop  (cost=0.43..83072.29 rows=108 width=0) (actual time=506.486..1210.831 rows=4 loops=1)
  ->  Seq Scan on movie_keyword mk  (cost=0.00..81003.12 rows=246 width=4) (actual time=1.990..1187.564 rows=233 loops=1)
        Filter: (keyword_id = 10769)
        Rows Removed by Filter: 4523697
  ->  Index Scan using title_pkey on title t  (cost=0.43..8.40 rows=1 width=4) (actual time=0.098..0.098 rows=0 loops=233)
        Index Cond: (id = mk.movie_id)
        Filter: (production_year > 2004)
        Rows Removed by Filter: 1
Planning time: 0.689 ms
Execution time: 1210.936 ms
