Hash Join  (cost=798853.52..853520.39 rows=134 width=0) (actual time=13340.313..14271.755 rows=10 loops=1)
  Hash Cond: (mc.movie_id = t.id)
  ->  Seq Scan on movie_companies mc  (cost=0.00..44881.29 rows=2609129 width=4) (actual time=0.023..567.683 rows=2609129 loops=1)
  ->  Hash  (cost=798851.90..798851.90 rows=130 width=8) (actual time=13236.820..13236.820 rows=3 loops=1)
        Buckets: 1024  Batches: 1  Memory Usage: 9kB
        ->  Nested Loop  (cost=0.43..798851.90 rows=130 width=8) (actual time=5704.626..13236.767 rows=3 loops=1)
              ->  Seq Scan on cast_info ci  (cost=0.00..796071.18 rows=332 width=4) (actual time=5704.482..13225.732 rows=823 loops=1)
                    Filter: ((role_id < 4) AND (person_id = 2626835))
                    Rows Removed by Filter: 36243521
              ->  Index Scan using title_pkey on title t  (cost=0.43..8.37 rows=1 width=4) (actual time=0.013..0.013 rows=0 loops=823)
                    Index Cond: (id = ci.movie_id)
                    Filter: (kind_id < 7)
                    Rows Removed by Filter: 1
Planning time: 1.160 ms
Execution time: 14271.931 ms
