Seq Scan on cast_info ci  (cost=0.00..705507.15 rows=500 width=0) (actual time=2458.340..10034.081 rows=49 loops=1)
  Filter: (person_id = 211593)
  Rows Removed by Filter: 36244295
Planning time: 0.388 ms
Execution time: 10034.203 ms
