Hash Join  (cost=190230.21..1255037.50 rows=11348654 width=0) (actual time=4509.430..33000.920 rows=22860607 loops=1)
  Hash Cond: (ci.movie_id = t.id)
  ->  Seq Scan on cast_info ci  (cost=0.00..705507.15 rows=20793225 width=4) (actual time=211.245..13016.201 rows=20936914 loops=1)
        Filter: (person_id > 1507711)
        Rows Removed by Filter: 15307430
  ->  Hash  (cost=167588.78..167588.78 rows=1380035 width=8) (actual time=4297.289..4297.289 rows=1380035 loops=1)
        Buckets: 131072  Batches: 32  Memory Usage: 2708kB
        ->  Hash Join  (cost=102767.86..167588.78 rows=1380035 width=8) (actual time=1931.668..3873.743 rows=1380035 loops=1)
              Hash Cond: (mi_idx.movie_id = t.id)
              ->  Seq Scan on movie_info_idx mi_idx  (cost=0.00..21735.35 rows=1380035 width=4) (actual time=0.027..424.987 rows=1380035 loops=1)
              ->  Hash  (cost=61283.27..61283.27 rows=2528527 width=4) (actual time=1930.900..1930.900 rows=2528312 loops=1)
                    Buckets: 131072  Batches: 64  Memory Usage: 2415kB
                    ->  Seq Scan on title t  (cost=0.00..61283.27 rows=2528527 width=4) (actual time=0.023..1094.749 rows=2528312 loops=1)
Planning time: 1.159 ms
Execution time: 35451.633 ms
