Hash Join  (cost=274807.04..1708426.40 rows=29530306 width=0) (actual time=6677.078..60695.770 rows=92626887 loops=1)
  Hash Cond: (ci.movie_id = t.id)
  ->  Seq Scan on cast_info ci  (cost=0.00..705507.15 rows=33092228 width=4) (actual time=0.027..14894.062 rows=33204166 loops=1)
        Filter: (person_id > 295026)
        Rows Removed by Filter: 3040178
  ->  Hash  (cost=237788.46..237788.46 rows=2256366 width=8) (actual time=6675.731..6675.731 rows=1727725 loops=1)
        Buckets: 131072  Batches: 32  Memory Usage: 3196kB
        ->  Hash Join  (cost=88295.76..237788.46 rows=2256366 width=8) (actual time=1376.826..6141.509 rows=1727725 loops=1)
              Hash Cond: (mk.movie_id = t.id)
              ->  Seq Scan on movie_keyword mk  (cost=0.00..69693.30 rows=4523930 width=4) (actual time=0.019..1255.086 rows=4523930 loops=1)
              ->  Hash  (cost=67604.59..67604.59 rows=1261134 width=4) (actual time=1375.292..1375.292 rows=1260295 loops=1)
                    Buckets: 131072  Batches: 32  Memory Usage: 2421kB
                    ->  Seq Scan on title t  (cost=0.00..67604.59 rows=1261134 width=4) (actual time=0.017..977.454 rows=1260295 loops=1)
                          Filter: (production_year > 2002)
                          Rows Removed by Filter: 1268017
Planning time: 1.156 ms
Execution time: 70997.056 ms
