Seq Scan on cast_info ci  (cost=0.00..705507.15 rows=500 width=0) (actual time=1825.297..30517.075 rows=3607 loops=1)
  Filter: (person_id = 257757)
  Rows Removed by Filter: 36240737
Planning time: 0.385 ms
Execution time: 30517.663 ms
