Hash Join  (cost=1018504.83..4401059.51 rows=174797679 width=0) (actual time=24083.638..145741.369 rows=361855887 loops=1)
  Hash Cond: (ci.movie_id = t.id)
  ->  Seq Scan on cast_info ci  (cost=0.00..705507.15 rows=29986905 width=4) (actual time=0.032..15317.065 rows=29931587 loops=1)
        Filter: (person_id < 3021424)
        Rows Removed by Filter: 6312757
  ->  Hash  (cost=776690.81..776690.81 rows=14739122 width=8) (actual time=24081.636..24081.636 rows=14835720 loops=1)
        Buckets: 131072  Batches: 256  Memory Usage: 3268kB
        ->  Hash Join  (cost=102767.86..776690.81 rows=14739122 width=8) (actual time=1916.859..19838.157 rows=14835720 loops=1)
              Hash Cond: (mi.movie_id = t.id)
              ->  Seq Scan on movie_info mi  (cost=0.00..309384.22 rows=14739122 width=4) (actual time=0.012..5122.814 rows=14835720 loops=1)
              ->  Hash  (cost=61283.27..61283.27 rows=2528527 width=4) (actual time=1915.786..1915.786 rows=2528312 loops=1)
                    Buckets: 131072  Batches: 64  Memory Usage: 2425kB
                    ->  Seq Scan on title t  (cost=0.00..61283.27 rows=2528527 width=4) (actual time=0.020..1088.901 rows=2528312 loops=1)
Planning time: 1.196 ms
Execution time: 182449.708 ms
