Hash Join  (cost=186102.38..224757.24 rows=138880 width=0) (actual time=3984.281..5298.030 rows=647320 loops=1)
  Hash Cond: (mi_idx.movie_id = t.id)
  ->  Seq Scan on movie_info_idx mi_idx  (cost=0.00..25185.44 rows=915101 width=4) (actual time=0.021..526.652 rows=919850 loops=1)
        Filter: (info_type_id < 101)
        Rows Removed by Filter: 460185
  ->  Hash  (cost=179806.60..179806.60 rows=383742 width=8) (actual time=3983.245..3983.245 rows=702798 loops=1)
        Buckets: 131072 (originally 131072)  Batches: 16 (originally 8)  Memory Usage: 3073kB
        ->  Hash Join  (cost=102767.86..179806.60 rows=383742 width=8) (actual time=2039.491..3767.382 rows=702798 loops=1)
              Hash Cond: (mc.movie_id = t.id)
              ->  Seq Scan on movie_companies mc  (cost=0.00..57926.93 rows=383742 width=4) (actual time=208.224..919.916 rows=702798 loops=1)
                    Filter: ((company_id > 35769) AND (company_type_id = 2))
                    Rows Removed by Filter: 1906331
              ->  Hash  (cost=61283.27..61283.27 rows=2528527 width=4) (actual time=1830.162..1830.162 rows=2528312 loops=1)
                    Buckets: 131072  Batches: 64  Memory Usage: 2415kB
                    ->  Seq Scan on title t  (cost=0.00..61283.27 rows=2528527 width=4) (actual time=0.027..997.954 rows=2528312 loops=1)
Planning time: 1.140 ms
Execution time: 5378.421 ms
