Hash Join  (cost=133451.45..1040665.37 rows=1355088 width=0) (actual time=7291.185..23827.922 rows=2581502 loops=1)
  Hash Cond: (ci.movie_id = t.id)
  ->  Seq Scan on cast_info ci  (cost=0.00..705507.15 rows=16201301 width=4) (actual time=4643.409..13805.538 rows=16121683 loops=1)
        Filter: (role_id > 2)
        Rows Removed by Filter: 20122661
  ->  Hash  (cost=129980.85..129980.85 rows=211488 width=8) (actual time=2646.086..2646.086 rows=113670 loops=1)
        Buckets: 131072  Batches: 4  Memory Usage: 2131kB
        ->  Hash Join  (cost=92811.40..129980.85 rows=211488 width=8) (actual time=1632.079..2608.400 rows=113670 loops=1)
              Hash Cond: (mi_idx.movie_id = t.id)
              ->  Seq Scan on movie_info_idx mi_idx  (cost=0.00..25185.44 rows=464566 width=4) (actual time=0.038..486.482 rows=459925 loops=1)
                    Filter: (info_type_id = 101)
                    Rows Removed by Filter: 920110
              ->  Hash  (cost=73925.90..73925.90 rows=1151080 width=4) (actual time=1630.995..1630.995 rows=1244530 loops=1)
                    Buckets: 131072  Batches: 16  Memory Usage: 3771kB
                    ->  Seq Scan on title t  (cost=0.00..73925.90 rows=1151080 width=4) (actual time=0.028..1249.078 rows=1244530 loops=1)
                          Filter: ((production_year > 1983) AND (kind_id = 7))
                          Rows Removed by Filter: 1283782
Planning time: 1.161 ms
Execution time: 24118.122 ms
