Hash Join  (cost=142159.08..271035.04 rows=564193 width=0) (actual time=2892.948..6434.872 rows=1988713 loops=1)
  Hash Cond: (mk.movie_id = t.id)
  ->  Seq Scan on movie_keyword mk  (cost=0.00..69693.30 rows=4523930 width=4) (actual time=0.013..1230.357 rows=4523930 loops=1)
  ->  Hash  (cost=136985.33..136985.33 rows=315340 width=8) (actual time=2892.054..2892.054 rows=297781 loops=1)
        Buckets: 131072  Batches: 8  Memory Usage: 2489kB
        ->  Hash Join  (cost=95982.60..136985.33 rows=315340 width=8) (actual time=1749.284..2810.814 rows=297781 loops=1)
              Hash Cond: (mi_idx.movie_id = t.id)
              ->  Seq Scan on movie_info_idx mi_idx  (cost=0.00..25185.44 rows=460978 width=4) (actual time=0.022..485.030 rows=459925 loops=1)
                    Filter: (info_type_id = 99)
                    Rows Removed by Filter: 920110
              ->  Hash  (cost=67604.59..67604.59 rows=1729681 width=4) (actual time=1748.511..1748.511 rows=1725233 loops=1)
                    Buckets: 131072  Batches: 32  Memory Usage: 2923kB
                    ->  Seq Scan on title t  (cost=0.00..67604.59 rows=1729681 width=4) (actual time=0.012..1196.229 rows=1725233 loops=1)
                          Filter: (production_year > 1991)
                          Rows Removed by Filter: 803079
Planning time: 1.212 ms
Execution time: 6648.197 ms
