Seq Scan on movie_companies mc  (cost=0.00..51404.11 rows=875571 width=0) (actual time=0.022..851.560 rows=882256 loops=1)
  Filter: (company_id > 22696)
  Rows Removed by Filter: 1726873
Planning time: 0.307 ms
Execution time: 964.054 ms
