Hash Join  (cost=671884.81..2493810.00 rows=55984779 width=0) (actual time=15787.029..84596.420 rows=138893226 loops=1)
  Hash Cond: (ci.movie_id = t.id)
  ->  Seq Scan on cast_info ci  (cost=0.00..796071.18 rows=26894768 width=4) (actual time=0.018..18755.152 rows=28808107 loops=1)
        Filter: ((person_id < 3616146) AND (role_id < 8))
        Rows Removed by Filter: 7436237
  ->  Hash  (cost=585530.80..585530.80 rows=5263441 width=8) (actual time=15785.210..15785.210 rows=5270569 loops=1)
        Buckets: 131072  Batches: 128  Memory Usage: 2642kB
        ->  Hash Join  (cost=102767.86..585530.80 rows=5263441 width=8) (actual time=2521.653..13711.100 rows=5270569 loops=1)
              Hash Cond: (mi.movie_id = t.id)
              ->  Seq Scan on movie_info mi  (cost=0.00..346232.03 rows=5263441 width=4) (actual time=30.407..5939.017 rows=5270569 loops=1)
                    Filter: (info_type_id > 15)
                    Rows Removed by Filter: 9565151
              ->  Hash  (cost=61283.27..61283.27 rows=2528527 width=4) (actual time=2489.448..2489.448 rows=2528312 loops=1)
                    Buckets: 131072  Batches: 64  Memory Usage: 2425kB
                    ->  Seq Scan on title t  (cost=0.00..61283.27 rows=2528527 width=4) (actual time=0.013..869.576 rows=2528312 loops=1)
Planning time: 1.131 ms
Execution time: 99360.390 ms
