Hash Join  (cost=203574.06..734097.80 rows=4753181 width=0) (actual time=4716.927..21423.067 rows=15511124 loops=1)
  Hash Cond: (mi.movie_id = t.id)
  ->  Seq Scan on movie_info mi  (cost=0.00..309384.22 rows=14739122 width=4) (actual time=0.017..5199.513 rows=14835720 loops=1)
  ->  Hash  (cost=190195.34..190195.34 rows=815418 width=8) (actual time=4715.966..4715.966 rows=1028789 loops=1)
        Buckets: 131072  Batches: 16  Memory Usage: 3551kB
        ->  Hash Join  (cost=102767.86..190195.34 rows=815418 width=8) (actual time=1868.649..4429.294 rows=1028789 loops=1)
              Hash Cond: (mc.movie_id = t.id)
              ->  Seq Scan on movie_companies mc  (cost=0.00..57926.93 rows=815418 width=4) (actual time=0.030..960.001 rows=1028789 loops=1)
                    Filter: ((company_id > 5005) AND (company_type_id > 1))
                    Rows Removed by Filter: 1580340
              ->  Hash  (cost=61283.27..61283.27 rows=2528527 width=4) (actual time=1867.162..1867.162 rows=2528312 loops=1)
                    Buckets: 131072  Batches: 64  Memory Usage: 2415kB
                    ->  Seq Scan on title t  (cost=0.00..61283.27 rows=2528527 width=4) (actual time=0.031..1019.562 rows=2528312 loops=1)
Planning time: 5.836 ms
Execution time: 23042.507 ms
