Hash Join  (cost=709678.15..1074363.23 rows=2915 width=0) (actual time=9563.334..14645.442 rows=208 loops=1)
  Hash Cond: (mi.movie_id = t.id)
  ->  Seq Scan on movie_info mi  (cost=0.00..309384.22 rows=14739122 width=4) (actual time=0.029..3068.917 rows=14835720 loops=1)
  ->  Hash  (cost=709671.90..709671.90 rows=500 width=8) (actual time=9321.314..9321.314 rows=20 loops=1)
        Buckets: 1024  Batches: 1  Memory Usage: 9kB
        ->  Nested Loop  (cost=0.43..709671.90 rows=500 width=8) (actual time=2420.464..9321.221 rows=20 loops=1)
              ->  Seq Scan on cast_info ci  (cost=0.00..705507.15 rows=500 width=4) (actual time=2420.261..9320.450 rows=20 loops=1)
                    Filter: (person_id = 905843)
                    Rows Removed by Filter: 36244324
              ->  Index Only Scan using title_pkey on title t  (cost=0.43..8.32 rows=1 width=4) (actual time=0.027..0.028 rows=1 loops=20)
                    Index Cond: (id = ci.movie_id)
                    Heap Fetches: 20
Planning time: 0.810 ms
Execution time: 14645.605 ms
