Seq Scan on movie_keyword mk  (cost=0.00..81003.12 rows=2988242 width=0) (actual time=0.027..4526.762 rows=2973255 loops=1)
  Filter: (keyword_id < 10180)
  Rows Removed by Filter: 1550675
Planning time: 0.320 ms
Execution time: 5069.942 ms
