Seq Scan on cast_info ci  (cost=0.00..796071.18 rows=176 width=0) (actual time=5066.815..11857.445 rows=330 loops=1)
  Filter: ((role_id < 2) AND (person_id = 59018))
  Rows Removed by Filter: 36244014
Planning time: 0.364 ms
Execution time: 11857.563 ms
