Hash Join  (cost=233860.67..775466.22 rows=5791763 width=0) (actual time=4626.837..29235.335 rows=42808921 loops=1)
  Hash Cond: (mi.movie_id = t.id)
  ->  Seq Scan on movie_info mi  (cost=0.00..309384.22 rows=14739122 width=4) (actual time=0.020..5375.522 rows=14835720 loops=1)
  ->  Hash  (cost=217558.80..217558.80 rows=993589 width=8) (actual time=4625.918..4625.918 rows=998537 loops=1)
        Buckets: 131072  Batches: 16  Memory Usage: 3562kB
        ->  Hash Join  (cost=102767.86..217558.80 rows=993589 width=8) (actual time=1740.030..4327.801 rows=998537 loops=1)
              Hash Cond: (mk.movie_id = t.id)
              ->  Seq Scan on movie_keyword mk  (cost=0.00..81003.12 rows=993589 width=4) (actual time=0.012..1334.690 rows=998537 loops=1)
                    Filter: (keyword_id < 953)
                    Rows Removed by Filter: 3525393
              ->  Hash  (cost=61283.27..61283.27 rows=2528527 width=4) (actual time=1738.115..1738.115 rows=2528312 loops=1)
                    Buckets: 131072  Batches: 64  Memory Usage: 2425kB
                    ->  Seq Scan on title t  (cost=0.00..61283.27 rows=2528527 width=4) (actual time=0.013..891.216 rows=2528312 loops=1)
Planning time: 0.753 ms
Execution time: 33905.870 ms
