Hash Join  (cost=120227.28..482595.41 rows=80030 width=0) (actual time=2384.545..7667.097 rows=188203 loops=1)
  Hash Cond: (mi.movie_id = t.id)
  ->  Seq Scan on movie_info mi  (cost=0.00..346232.03 rows=1272478 width=4) (actual time=0.019..4645.825 rows=1325361 loops=1)
        Filter: (info_type_id = 8)
        Rows Removed by Filter: 13510359
  ->  Hash  (cost=117617.43..117617.43 rows=159028 width=8) (actual time=2383.716..2383.716 rows=197974 loops=1)
        Buckets: 131072  Batches: 4  Memory Usage: 2973kB
        ->  Hash Join  (cost=82131.75..117617.43 rows=159028 width=8) (actual time=1381.852..2314.178 rows=197974 loops=1)
              Hash Cond: (mi_idx.movie_id = t.id)
              ->  Seq Scan on movie_info_idx mi_idx  (cost=0.00..25185.44 rows=454124 width=4) (actual time=0.025..480.073 rows=459925 loops=1)
                    Filter: (info_type_id = 100)
                    Rows Removed by Filter: 920110
              ->  Hash  (cost=67604.59..67604.59 rows=885453 width=4) (actual time=1380.926..1380.926 rows=885650 loops=1)
                    Buckets: 131072  Batches: 16  Memory Usage: 2972kB
                    ->  Seq Scan on title t  (cost=0.00..67604.59 rows=885453 width=4) (actual time=0.015..1103.937 rows=885650 loops=1)
                          Filter: (production_year < 1997)
                          Rows Removed by Filter: 1642662
Planning time: 1.190 ms
Execution time: 7689.244 ms
