Seq Scan on movie_keyword mk  (cost=0.00..81003.12 rows=1046810 width=0) (actual time=0.025..1312.829 rows=1048235 loops=1)
  Filter: (keyword_id < 1045)
  Rows Removed by Filter: 3475695
Planning time: 0.344 ms
Execution time: 1448.403 ms
