Hash Join  (cost=175623.28..698532.90 rows=1082306 width=0) (actual time=3121.326..23004.003 rows=30953892 loops=1)
  Hash Cond: (mi.movie_id = t.id)
  ->  Seq Scan on movie_info mi  (cost=0.00..346232.03 rows=14279346 width=4) (actual time=0.010..6555.243 rows=14292353 loops=1)
        Filter: (info_type_id < 102)
        Rows Removed by Filter: 543367
  ->  Hash  (cost=172478.65..172478.65 rows=191650 width=8) (actual time=3010.637..3010.637 rows=489097 loops=1)
        Buckets: 131072 (originally 131072)  Batches: 8 (originally 4)  Memory Usage: 3526kB
        ->  Hash Join  (cost=78556.72..172478.65 rows=191650 width=8) (actual time=1111.328..2862.204 rows=489097 loops=1)
              Hash Cond: (mk.movie_id = t.id)
              ->  Seq Scan on movie_keyword mk  (cost=0.00..81003.12 rows=725948 width=4) (actual time=0.019..1187.437 rows=733322 loops=1)
                    Filter: (keyword_id > 25658)
                    Rows Removed by Filter: 3790608
              ->  Hash  (cost=67604.59..67604.59 rows=667531 width=4) (actual time=1110.250..1110.250 rows=662825 loops=1)
                    Buckets: 131072  Batches: 16  Memory Usage: 2486kB
                    ->  Seq Scan on title t  (cost=0.00..67604.59 rows=667531 width=4) (actual time=0.014..902.626 rows=662825 loops=1)
                          Filter: (kind_id = 1)
                          Rows Removed by Filter: 1865487
Planning time: 1.198 ms
Execution time: 26380.872 ms
