Hash Join  (cost=1013379.34..1592182.62 rows=4097864 width=0) (actual time=22917.559..37158.990 rows=6110113 loops=1)
  Hash Cond: (mi.movie_id = t.id)
  ->  Seq Scan on movie_info mi  (cost=0.00..309384.22 rows=14739122 width=4) (actual time=0.015..5675.550 rows=14835720 loops=1)
  ->  Hash  (cost=1001844.88..1001844.88 rows=702997 width=8) (actual time=22909.232..22909.232 rows=722205 loops=1)
        Buckets: 131072  Batches: 16  Memory Usage: 2815kB
        ->  Hash Join  (cost=70241.71..1001844.88 rows=702997 width=8) (actual time=1142.527..22351.902 rows=722205 loops=1)
              Hash Cond: (ci.movie_id = t.id)
              ->  Seq Scan on cast_info ci  (cost=0.00..796071.18 rows=11059205 width=4) (actual time=0.021..15137.557 rows=12670688 loops=1)
                    Filter: ((person_id < 3199549) AND (role_id = 1))
                    Rows Removed by Filter: 23573656
              ->  Hash  (cost=67604.59..67604.59 rows=160730 width=4) (actual time=1141.812..1141.812 rows=160017 loops=1)
                    Buckets: 131072  Batches: 4  Memory Usage: 2436kB
                    ->  Seq Scan on title t  (cost=0.00..67604.59 rows=160730 width=4) (actual time=0.012..1087.329 rows=160017 loops=1)
                          Filter: (production_year = 2011)
                          Rows Removed by Filter: 2368295
Planning time: 1.265 ms
Execution time: 37843.461 ms
