Seq Scan on movie_keyword mk  (cost=0.00..81003.12 rows=246 width=0) (actual time=2.439..1142.343 rows=756 loops=1)
  Filter: (keyword_id = 5070)
  Rows Removed by Filter: 4523174
Planning time: 0.351 ms
Execution time: 1142.677 ms
