Nested Loop  (cost=0.43..797556.58 rows=38 width=0) (actual time=6079.130..10341.544 rows=1 loops=1)
  ->  Seq Scan on cast_info ci  (cost=0.00..796071.18 rows=176 width=4) (actual time=6074.640..10337.141 rows=198 loops=1)
        Filter: ((person_id = 680613) AND (role_id = 1))
        Rows Removed by Filter: 36244146
  ->  Index Scan using title_pkey on title t  (cost=0.43..8.43 rows=1 width=4) (actual time=0.021..0.021 rows=0 loops=198)
        Index Cond: (id = ci.movie_id)
        Filter: ((production_year < 1997) AND (kind_id = 7))
        Rows Removed by Filter: 1
Planning time: 0.836 ms
Execution time: 10341.666 ms
