Seq Scan on movie_companies mc  (cost=0.00..57926.93 rows=233181 width=0) (actual time=262.957..795.575 rows=348858 loops=1)
  Filter: ((company_id < 412) AND (company_type_id < 2))
  Rows Removed by Filter: 2260271
Planning time: 0.213 ms
Execution time: 840.740 ms
