Hash Join  (cost=100948.70..157163.52 rows=1251 width=0) (actual time=1644.483..2673.193 rows=4152 loops=1)
  Hash Cond: (mc.movie_id = t.id)
  ->  Seq Scan on movie_companies mc  (cost=0.00..51404.11 rows=1279517 width=4) (actual time=0.011..829.746 rows=1274246 loops=1)
        Filter: (company_type_id < 2)
        Rows Removed by Filter: 1334883
  ->  Hash  (cost=100917.78..100917.78 rows=2474 width=8) (actual time=1643.717..1643.717 rows=3795 loops=1)
        Buckets: 4096  Batches: 1  Memory Usage: 181kB
        ->  Hash Join  (cost=73982.55..100917.78 rows=2474 width=8) (actual time=1357.203..1642.425 rows=3795 loops=1)
              Hash Cond: (mi_idx.movie_id = t.id)
              ->  Seq Scan on movie_info_idx mi_idx  (cost=0.00..21735.35 rows=1380035 width=4) (actual time=0.021..303.770 rows=1380035 loops=1)
              ->  Hash  (cost=73925.90..73925.90 rows=4532 width=4) (actual time=1051.090..1051.090 rows=7824 loops=1)
                    Buckets: 8192  Batches: 1  Memory Usage: 340kB
                    ->  Seq Scan on title t  (cost=0.00..73925.90 rows=4532 width=4) (actual time=231.783..1047.455 rows=7824 loops=1)
                          Filter: ((kind_id = 7) AND (production_year = 1965))
                          Rows Removed by Filter: 2520488
Planning time: 1.151 ms
Execution time: 2673.798 ms
