Hash Join  (cost=125739.01..615197.18 rows=904525 width=0) (actual time=2436.488..15412.516 rows=4768458 loops=1)
  Hash Cond: (mi.movie_id = t.id)
  ->  Seq Scan on movie_info mi  (cost=0.00..309384.22 rows=14739122 width=4) (actual time=0.014..5152.098 rows=14835720 loops=1)
  ->  Hash  (cost=123192.35..123192.35 rows=155173 width=8) (actual time=2435.693..2435.693 rows=269919 loops=1)
        Buckets: 131072  Batches: 4  Memory Usage: 3673kB
        ->  Hash Join  (cost=87783.05..123192.35 rows=155173 width=8) (actual time=1423.310..2349.076 rows=269919 loops=1)
              Hash Cond: (mi_idx.movie_id = t.id)
              ->  Seq Scan on movie_info_idx mi_idx  (cost=0.00..25185.44 rows=464566 width=4) (actual time=0.029..479.562 rows=459925 loops=1)
                    Filter: (info_type_id = 101)
                    Rows Removed by Filter: 920110
              ->  Hash  (cost=73925.90..73925.90 rows=844572 width=4) (actual time=1422.286..1422.286 rows=760399 loops=1)
                    Buckets: 131072  Batches: 16  Memory Usage: 2698kB
                    ->  Seq Scan on title t  (cost=0.00..73925.90 rows=844572 width=4) (actual time=0.054..1188.161 rows=760399 loops=1)
                          Filter: ((kind_id < 7) AND (production_year > 1964))
                          Rows Removed by Filter: 1767913
Planning time: 1.113 ms
Execution time: 15899.031 ms
