Hash Join  (cost=89472.60..232130.26 rows=1695362 width=0) (actual time=10121.210..13901.955 rows=387842 loops=1)
  Hash Cond: (mk.movie_id = t.id)
  ->  Seq Scan on movie_keyword mk  (cost=0.00..69693.30 rows=4523930 width=4) (actual time=0.022..5234.931 rows=4523930 loops=1)
  ->  Hash  (cost=73925.90..73925.90 rows=947576 width=4) (actual time=4967.600..4967.600 rows=876037 loops=1)
        Buckets: 131072  Batches: 16  Memory Usage: 2955kB
        ->  Seq Scan on title t  (cost=0.00..73925.90 rows=947576 width=4) (actual time=0.014..4221.908 rows=876037 loops=1)
              Filter: ((production_year < 2007) AND (kind_id = 7))
              Rows Removed by Filter: 1652275
Planning time: 0.751 ms
Execution time: 13967.639 ms
