Hash Join  (cost=457529.22..498800.30 rows=208560 width=0) (actual time=7363.842..8506.151 rows=340516 loops=1)
  Hash Cond: (mi_idx.movie_id = t.id)
  ->  Seq Scan on movie_info_idx mi_idx  (cost=0.00..21735.35 rows=1380035 width=4) (actual time=0.022..404.476 rows=1380035 loops=1)
  ->  Hash  (cost=451259.62..451259.62 rows=382128 width=8) (actual time=7362.938..7362.938 rows=347549 loops=1)
        Buckets: 131072  Batches: 8  Memory Usage: 2723kB
        ->  Hash Join  (cost=87180.69..451259.62 rows=382128 width=8) (actual time=4364.675..7256.159 rows=347549 loops=1)
              Hash Cond: (mi.movie_id = t.id)
              ->  Seq Scan on movie_info mi  (cost=0.00..346232.03 rows=809768 width=4) (actual time=2751.586..4890.307 rows=802140 loops=1)
                    Filter: (info_type_id < 2)
                    Rows Removed by Filter: 14033580
              ->  Hash  (cost=67604.59..67604.59 rows=1193208 width=4) (actual time=1612.153..1612.153 rows=1192518 loops=1)
                    Buckets: 131072  Batches: 16  Memory Usage: 3653kB
                    ->  Seq Scan on title t  (cost=0.00..67604.59 rows=1193208 width=4) (actual time=0.033..1214.444 rows=1192518 loops=1)
                          Filter: (production_year > 2003)
                          Rows Removed by Filter: 1335794
Planning time: 1.139 ms
Execution time: 8550.755 ms
