Hash Join  (cost=73982.55..161682.52 rows=3186 width=0) (actual time=1076.244..2674.626 rows=1883 loops=1)
  Hash Cond: (mk.movie_id = t.id)
  ->  Seq Scan on movie_keyword mk  (cost=0.00..81003.12 rows=1777328 width=4) (actual time=0.017..1299.741 rows=1785516 loops=1)
        Filter: (keyword_id < 2891)
        Rows Removed by Filter: 2738414
  ->  Hash  (cost=73925.90..73925.90 rows=4532 width=4) (actual time=1072.349..1072.349 rows=10614 loops=1)
        Buckets: 16384 (originally 8192)  Batches: 1 (originally 1)  Memory Usage: 502kB
        ->  Seq Scan on title t  (cost=0.00..73925.90 rows=4532 width=4) (actual time=0.035..1067.254 rows=10614 loops=1)
              Filter: ((kind_id = 7) AND (production_year = 1985))
              Rows Removed by Filter: 2517698
Planning time: 0.839 ms
Execution time: 2675.095 ms
