Hash Join  (cost=74788.19..101828.06 rows=12576 width=0) (actual time=1074.869..1678.889 rows=31992 loops=1)
  Hash Cond: (mi_idx.movie_id = t.id)
  ->  Seq Scan on movie_info_idx mi_idx  (cost=0.00..25185.44 rows=460978 width=4) (actual time=0.016..449.339 rows=459925 loops=1)
        Filter: (info_type_id = 99)
        Rows Removed by Filter: 920110
  ->  Hash  (cost=73925.90..73925.90 rows=68983 width=4) (actual time=1074.208..1074.208 rows=74804 loops=1)
        Buckets: 131072  Batches: 1  Memory Usage: 3654kB
        ->  Seq Scan on title t  (cost=0.00..73925.90 rows=68983 width=4) (actual time=288.549..1044.696 rows=74804 loops=1)
              Filter: ((production_year > 1981) AND (kind_id = 2))
              Rows Removed by Filter: 2453508
Planning time: 0.718 ms
Execution time: 1683.306 ms
