Hash Join  (cost=168162.63..303470.89 rows=788582 width=0) (actual time=4303.847..9818.939 rows=6547370 loops=1)
  Hash Cond: (mk.movie_id = t.id)
  ->  Seq Scan on movie_keyword mk  (cost=0.00..81003.12 rows=3839016 width=4) (actual time=0.017..1592.538 rows=3832952 loops=1)
        Filter: (keyword_id < 27266)
        Rows Removed by Filter: 690978
  ->  Hash  (cost=159641.24..159641.24 rows=519391 width=8) (actual time=4303.120..4303.120 rows=934414 loops=1)
        Buckets: 131072 (originally 131072)  Batches: 16 (originally 8)  Memory Usage: 3333kB
        ->  Hash Join  (cost=83810.17..159641.24 rows=519391 width=8) (actual time=1316.161..4014.089 rows=934414 loops=1)
              Hash Cond: (mc.movie_id = t.id)
              ->  Seq Scan on movie_companies mc  (cost=0.00..51404.11 rows=1329612 width=4) (actual time=16.040..886.305 rows=1334883 loops=1)
                    Filter: (company_type_id > 1)
                    Rows Removed by Filter: 1274246
              ->  Hash  (cost=67604.59..67604.59 rows=987727 width=4) (actual time=1299.261..1299.261 rows=985048 loops=1)
                    Buckets: 131072  Batches: 16  Memory Usage: 3188kB
                    ->  Seq Scan on title t  (cost=0.00..67604.59 rows=987727 width=4) (actual time=0.033..990.467 rows=985048 loops=1)
                          Filter: (kind_id < 7)
                          Rows Removed by Filter: 1543264
Planning time: 1.111 ms
Execution time: 10554.001 ms
