Hash Join  (cost=102767.86..268252.53 rows=3100403 width=0) (actual time=1768.792..6276.616 rows=3086479 loops=1)
  Hash Cond: (mk.movie_id = t.id)
  ->  Seq Scan on movie_keyword mk  (cost=0.00..81003.12 rows=3100403 width=4) (actual time=0.024..1605.386 rows=3086479 loops=1)
        Filter: (keyword_id < 11640)
        Rows Removed by Filter: 1437451
  ->  Hash  (cost=61283.27..61283.27 rows=2528527 width=4) (actual time=1767.429..1767.429 rows=2528312 loops=1)
        Buckets: 131072  Batches: 64  Memory Usage: 2425kB
        ->  Seq Scan on title t  (cost=0.00..61283.27 rows=2528527 width=4) (actual time=0.021..939.818 rows=2528312 loops=1)
Planning time: 1.362 ms
Execution time: 6641.041 ms
