Seq Scan on cast_info ci  (cost=0.00..796071.18 rows=176 width=0) (actual time=6929.590..11609.875 rows=5 loops=1)
  Filter: ((role_id < 2) AND (person_id = 40237))
  Rows Removed by Filter: 36244339
Planning time: 0.375 ms
Execution time: 11610.017 ms
