Hash Join  (cost=122535.74..471828.97 rows=2458 width=0) (actual time=4090.638..6954.616 rows=2502 loops=1)
  Hash Cond: (mi.movie_id = t.id)
  ->  Seq Scan on movie_info mi  (cost=0.00..346232.03 rows=809768 width=4) (actual time=2226.989..5069.542 rows=802140 loops=1)
        Filter: (info_type_id < 2)
        Rows Removed by Filter: 14033580
  ->  Hash  (cost=122439.81..122439.81 rows=7674 width=8) (actual time=1754.993..1754.993 rows=5524 loops=1)
        Buckets: 8192  Batches: 1  Memory Usage: 280kB
        ->  Hash Join  (cost=67697.55..122439.81 rows=7674 width=8) (actual time=898.655..1752.733 rows=5524 loops=1)
              Hash Cond: (mc.movie_id = t.id)
              ->  Seq Scan on movie_companies mc  (cost=0.00..44881.29 rows=2609129 width=4) (actual time=0.025..460.320 rows=2609129 loops=1)
              ->  Hash  (cost=67604.59..67604.59 rows=7437 width=4) (actual time=898.107..898.107 rows=2847 loops=1)
                    Buckets: 8192  Batches: 1  Memory Usage: 165kB
                    ->  Seq Scan on title t  (cost=0.00..67604.59 rows=7437 width=4) (actual time=0.050..896.671 rows=2847 loops=1)
                          Filter: (production_year = 1926)
                          Rows Removed by Filter: 2525465
Planning time: 1.181 ms
Execution time: 6955.127 ms
