Seq Scan on movie_companies mc  (cost=0.00..57926.93 rows=6014 width=0) (actual time=0.093..886.001 rows=12948 loops=1)
  Filter: ((company_type_id < 2) AND (company_id = 11137))
  Rows Removed by Filter: 2596181
Planning time: 0.374 ms
Execution time: 888.132 ms
