Seq Scan on cast_info ci  (cost=0.00..705507.15 rows=2233346 width=0) (actual time=583.193..30955.237 rows=2169005 loops=1)
  Filter: (person_id < 212443)
  Rows Removed by Filter: 34075339
Planning time: 0.375 ms
Execution time: 31351.327 ms
