Seq Scan on movie_keyword mk  (cost=0.00..81003.12 rows=3345388 width=0) (actual time=0.016..1421.046 rows=3339830 loops=1)
  Filter: (keyword_id > 1407)
  Rows Removed by Filter: 1184100
Planning time: 0.338 ms
Execution time: 1836.423 ms
