Hash Join  (cost=269480.42..1624338.95 rows=26845335 width=0) (actual time=6185.201..59137.993 rows=87587363 loops=1)
  Hash Cond: (ci.movie_id = t.id)
  ->  Seq Scan on cast_info ci  (cost=0.00..614943.12 rows=36225612 width=4) (actual time=0.020..12124.365 rows=36244344 loops=1)
  ->  Hash  (cost=238738.05..238738.05 rows=1873789 width=8) (actual time=6183.927..6183.927 rows=1881093 loops=1)
        Buckets: 131072  Batches: 32  Memory Usage: 3307kB
        ->  Hash Join  (cost=102767.86..238738.05 rows=1873789 width=8) (actual time=1813.376..5635.412 rows=1881093 loops=1)
              Hash Cond: (mk.movie_id = t.id)
              ->  Seq Scan on movie_keyword mk  (cost=0.00..81003.12 rows=1873789 width=4) (actual time=0.017..1401.182 rows=1881093 loops=1)
                    Filter: (keyword_id < 3219)
                    Rows Removed by Filter: 2642837
              ->  Hash  (cost=61283.27..61283.27 rows=2528527 width=4) (actual time=1811.439..1811.439 rows=2528312 loops=1)
                    Buckets: 131072  Batches: 64  Memory Usage: 2425kB
                    ->  Seq Scan on title t  (cost=0.00..61283.27 rows=2528527 width=4) (actual time=0.016..983.461 rows=2528312 loops=1)
Planning time: 1.191 ms
Execution time: 69307.037 ms
