Hash Join  (cost=106590.55..193980.98 rows=73239 width=0) (actual time=1742.412..3512.952 rows=264082 loops=1)
  Hash Cond: (mk.movie_id = t.id)
  ->  Seq Scan on movie_keyword mk  (cost=0.00..69693.30 rows=4523930 width=4) (actual time=0.012..849.553 rows=4523930 loops=1)
  ->  Hash  (cost=106078.87..106078.87 rows=40935 width=8) (actual time=1741.822..1741.822 rows=38678 loops=1)
        Buckets: 65536  Batches: 1  Memory Usage: 2023kB
        ->  Hash Join  (cost=69460.45..106078.87 rows=40935 width=8) (actual time=903.204..1727.313 rows=38678 loops=1)
              Hash Cond: (mi_idx.movie_id = t.id)
              ->  Seq Scan on movie_info_idx mi_idx  (cost=0.00..25185.44 rows=915101 width=4) (actual time=0.014..463.424 rows=919850 loops=1)
                    Filter: (info_type_id < 101)
                    Rows Removed by Filter: 460185
              ->  Hash  (cost=67604.59..67604.59 rows=113109 width=4) (actual time=902.479..902.479 rows=119565 loops=1)
                    Buckets: 131072  Batches: 2  Memory Usage: 3115kB
                    ->  Seq Scan on title t  (cost=0.00..67604.59 rows=113109 width=4) (actual time=0.015..857.989 rows=119565 loops=1)
                          Filter: (production_year = 2007)
                          Rows Removed by Filter: 2408747
Planning time: 1.093 ms
Execution time: 3547.445 ms
