Hash Join  (cost=219223.38..755168.72 rows=5261343 width=0) (actual time=5376.960..41700.342 rows=110977321 loops=1)
  Hash Cond: (mi.movie_id = t.id)
  ->  Seq Scan on movie_info mi  (cost=0.00..309384.22 rows=14739122 width=4) (actual time=0.023..5577.376 rows=14835720 loops=1)
  ->  Hash  (cost=204414.96..204414.96 rows=902594 width=8) (actual time=5376.272..5376.272 rows=2007205 loops=1)
        Buckets: 131072 (originally 131072)  Batches: 32 (originally 16)  Memory Usage: 3548kB
        ->  Hash Join  (cost=83810.17..204414.96 rows=902594 width=8) (actual time=1427.496..4744.057 rows=2007205 loops=1)
              Hash Cond: (mk.movie_id = t.id)
              ->  Seq Scan on movie_keyword mk  (cost=0.00..81003.12 rows=2310592 width=4) (actual time=0.018..1492.853 rows=2316192 loops=1)
                    Filter: (keyword_id < 5010)
                    Rows Removed by Filter: 2207738
              ->  Hash  (cost=67604.59..67604.59 rows=987727 width=4) (actual time=1426.597..1426.597 rows=985048 loops=1)
                    Buckets: 131072  Batches: 16  Memory Usage: 3197kB
                    ->  Seq Scan on title t  (cost=0.00..67604.59 rows=987727 width=4) (actual time=0.011..1106.797 rows=985048 loops=1)
                          Filter: (kind_id < 7)
                          Rows Removed by Filter: 1543264
Planning time: 1.160 ms
Execution time: 53466.371 ms
