Seq Scan on cast_info ci  (cost=0.00..705507.15 rows=24245007 width=0) (actual time=0.029..9613.606 rows=24200037 loops=1)
  Filter: (person_id < 2483499)
  Rows Removed by Filter: 12044307
Planning time: 0.303 ms
Execution time: 12381.870 ms
