Seq Scan on movie_keyword mk  (cost=0.00..81003.12 rows=2187534 width=0) (actual time=0.024..1205.273 rows=2186106 loops=1)
  Filter: (keyword_id > 5168)
  Rows Removed by Filter: 2337824
Planning time: 0.261 ms
Execution time: 1457.168 ms
