Hash Join  (cost=426114.94..1180491.10 rows=358701 width=0) (actual time=5704.095..22848.143 rows=439922 loops=1)
  Hash Cond: (ci.movie_id = t.id)
  ->  Seq Scan on cast_info ci  (cost=0.00..614943.12 rows=36225612 width=4) (actual time=0.024..7671.198 rows=36244344 loops=1)
  ->  Hash  (cost=425801.98..425801.98 rows=25037 width=8) (actual time=5703.785..5703.785 rows=23571 loops=1)
        Buckets: 32768  Batches: 1  Memory Usage: 1177kB
        ->  Hash Join  (cost=74547.79..425801.98 rows=25037 width=8) (actual time=3980.414..5695.032 rows=23571 loops=1)
              Hash Cond: (mi.movie_id = t.id)
              ->  Seq Scan on movie_info mi  (cost=0.00..346232.03 rows=1272478 width=4) (actual time=2848.936..4270.237 rows=1325361 loops=1)
                    Filter: (info_type_id = 8)
                    Rows Removed by Filter: 13510359
              ->  Hash  (cost=73925.90..73925.90 rows=49751 width=4) (actual time=1130.952..1130.952 rows=56995 loops=1)
                    Buckets: 65536  Batches: 1  Memory Usage: 2516kB
                    ->  Seq Scan on title t  (cost=0.00..73925.90 rows=49751 width=4) (actual time=0.043..1107.028 rows=56995 loops=1)
                          Filter: ((kind_id > 1) AND (production_year = 2003))
                          Rows Removed by Filter: 2471317
Planning time: 1.108 ms
Execution time: 22915.391 ms
