Hash Join  (cost=190230.21..277807.72 rows=987053 width=0) (actual time=4807.196..7559.931 rows=2951075 loops=1)
  Hash Cond: (mc.movie_id = t.id)
  ->  Seq Scan on movie_companies mc  (cost=0.00..51404.11 rows=1808498 width=4) (actual time=0.014..920.677 rows=1801758 loops=1)
        Filter: (company_id < 29600)
        Rows Removed by Filter: 807371
  ->  Hash  (cost=167588.78..167588.78 rows=1380035 width=8) (actual time=4805.963..4805.963 rows=1380035 loops=1)
        Buckets: 131072  Batches: 32  Memory Usage: 2708kB
        ->  Hash Join  (cost=102767.86..167588.78 rows=1380035 width=8) (actual time=1810.108..4387.426 rows=1380035 loops=1)
              Hash Cond: (mi_idx.movie_id = t.id)
              ->  Seq Scan on movie_info_idx mi_idx  (cost=0.00..21735.35 rows=1380035 width=4) (actual time=0.022..400.526 rows=1380035 loops=1)
              ->  Hash  (cost=61283.27..61283.27 rows=2528527 width=4) (actual time=1808.129..1808.129 rows=2528312 loops=1)
                    Buckets: 131072  Batches: 64  Memory Usage: 2415kB
                    ->  Seq Scan on title t  (cost=0.00..61283.27 rows=2528527 width=4) (actual time=0.018..946.721 rows=2528312 loops=1)
Planning time: 1.237 ms
Execution time: 7916.393 ms
