Hash Join  (cost=83440.39..992212.17 rows=1827840 width=0) (actual time=1781.571..16449.106 rows=607094 loops=1)
  Hash Cond: (ci.movie_id = t.id)
  ->  Seq Scan on cast_info ci  (cost=0.00..796071.18 rows=7970186 width=4) (actual time=514.531..13115.236 rows=2910642 loops=1)
        Filter: ((person_id > 1330062) AND (role_id < 2))
        Rows Removed by Filter: 33333702
  ->  Hash  (cost=73925.90..73925.90 rows=579879 width=4) (actual time=1265.999..1265.999 rows=492958 loops=1)
        Buckets: 131072  Batches: 8  Memory Usage: 3188kB
        ->  Seq Scan on title t  (cost=0.00..73925.90 rows=579879 width=4) (actual time=0.021..1108.124 rows=492958 loops=1)
              Filter: ((kind_id < 7) AND (production_year > 1998))
              Rows Removed by Filter: 2035354
Planning time: 0.809 ms
Execution time: 16530.397 ms
