Hash Join  (cost=215780.50..347076.70 rows=1269728 width=0) (actual time=11462.421..23181.860 rows=17465304 loops=1)
  Hash Cond: (mk.movie_id = t.id)
  ->  Seq Scan on movie_keyword mk  (cost=0.00..81003.12 rows=2874079 width=4) (actual time=0.020..4901.332 rows=2863449 loops=1)
        Filter: (keyword_id > 2546)
        Rows Removed by Filter: 1660481
  ->  Hash  (cost=197453.15..197453.15 rows=1117068 width=8) (actual time=11460.699..11460.699 rows=1274246 loops=1)
        Buckets: 131072 (originally 131072)  Batches: 32 (originally 16)  Memory Usage: 3073kB
        ->  Hash Join  (cost=102767.86..197453.15 rows=1117068 width=8) (actual time=5471.849..10987.452 rows=1274246 loops=1)
              Hash Cond: (mc.movie_id = t.id)
              ->  Seq Scan on movie_companies mc  (cost=0.00..57926.93 rows=1117068 width=4) (actual time=0.020..3348.087 rows=1274246 loops=1)
                    Filter: ((company_id < 90098) AND (company_type_id < 2))
                    Rows Removed by Filter: 1334883
              ->  Hash  (cost=61283.27..61283.27 rows=2528527 width=4) (actual time=5470.616..5470.616 rows=2528312 loops=1)
                    Buckets: 131072  Batches: 64  Memory Usage: 2415kB
                    ->  Seq Scan on title t  (cost=0.00..61283.27 rows=2528527 width=4) (actual time=0.016..3915.242 rows=2528312 loops=1)
Planning time: 1.154 ms
Execution time: 25567.658 ms
