Seq Scan on movie_keyword mk  (cost=0.00..81003.12 rows=751975 width=0) (actual time=0.019..4196.713 rows=758989 loops=1)
  Filter: (keyword_id > 24675)
  Rows Removed by Filter: 3764941
Planning time: 0.291 ms
Execution time: 4317.862 ms
