Seq Scan on cast_info ci  (cost=0.00..796071.18 rows=19494418 width=0) (actual time=0.023..15428.947 rows=17327147 loops=1)
  Filter: ((person_id < 3027005) AND (role_id > 1))
  Rows Removed by Filter: 18917197
Planning time: 0.323 ms
Execution time: 17604.837 ms
