Hash Join  (cost=102767.86..1182566.21 rows=15144443 width=0) (actual time=1867.185..27862.780 rows=15020092 loops=1)
  Hash Cond: (ci.movie_id = t.id)
  ->  Seq Scan on cast_info ci  (cost=0.00..705507.15 rows=15144443 width=4) (actual time=0.032..12860.390 rows=15020092 loops=1)
        Filter: (person_id < 1482316)
        Rows Removed by Filter: 21224252
  ->  Hash  (cost=61283.27..61283.27 rows=2528527 width=4) (actual time=1865.852..1865.852 rows=2528312 loops=1)
        Buckets: 131072  Batches: 64  Memory Usage: 2415kB
        ->  Seq Scan on title t  (cost=0.00..61283.27 rows=2528527 width=4) (actual time=0.026..1024.437 rows=2528312 loops=1)
Planning time: 0.730 ms
Execution time: 29561.006 ms
