Seq Scan on movie_keyword mk  (cost=0.00..81003.12 rows=246 width=0) (actual time=0.676..1139.971 rows=1187 loops=1)
  Filter: (keyword_id = 282)
  Rows Removed by Filter: 4522743
Planning time: 0.356 ms
Execution time: 1140.447 ms
