Seq Scan on movie_keyword mk  (cost=0.00..81003.12 rows=1688232 width=0) (actual time=0.029..1070.402 rows=1696875 loops=1)
  Filter: (keyword_id > 8486)
  Rows Removed by Filter: 2827055
Planning time: 0.292 ms
Execution time: 1237.867 ms
