Hash Join  (cost=102767.86..1083571.24 rows=7266597 width=0) (actual time=4163.174..16174.559 rows=1572328 loops=1)
  Hash Cond: (ci.movie_id = t.id)
  ->  Seq Scan on cast_info ci  (cost=0.00..796071.18 rows=7266597 width=4) (actual time=2307.845..12657.413 rows=1572328 loops=1)
        Filter: ((person_id > 1519892) AND (role_id = 1))
        Rows Removed by Filter: 34672016
  ->  Hash  (cost=61283.27..61283.27 rows=2528527 width=4) (actual time=1853.890..1853.890 rows=2528312 loops=1)
        Buckets: 131072  Batches: 64  Memory Usage: 2415kB
        ->  Seq Scan on title t  (cost=0.00..61283.27 rows=2528527 width=4) (actual time=0.022..1022.863 rows=2528312 loops=1)
Planning time: 0.803 ms
Execution time: 16365.240 ms
