Hash Join  (cost=58358.71..876800.04 rows=179 width=0) (actual time=852.565..17874.002 rows=66 loops=1)
  Hash Cond: (ci.movie_id = t.id)
  ->  Seq Scan on cast_info ci  (cost=0.00..705507.15 rows=30115305 width=4) (actual time=0.023..12132.980 rows=30060976 loops=1)
        Filter: (person_id < 3032515)
        Rows Removed by Filter: 6183368
  ->  Hash  (cost=58358.52..58358.52 rows=15 width=8) (actual time=816.502..816.502 rows=3 loops=1)
        Buckets: 1024  Batches: 1  Memory Usage: 9kB
        ->  Nested Loop  (cost=0.43..58358.52 rows=15 width=8) (actual time=50.209..816.492 rows=3 loops=1)
              ->  Seq Scan on movie_companies mc  (cost=0.00..57926.93 rows=51 width=4) (actual time=50.161..816.321 rows=3 loops=1)
                    Filter: ((company_type_id < 2) AND (company_id = 54079))
                    Rows Removed by Filter: 2609126
              ->  Index Scan using title_pkey on title t  (cost=0.43..8.45 rows=1 width=4) (actual time=0.051..0.052 rows=1 loops=3)
                    Index Cond: (id = mc.movie_id)
                    Filter: ((kind_id < 7) AND (production_year < 2010))
Planning time: 1.138 ms
Execution time: 17874.190 ms
