Seq Scan on cast_info ci  (cost=0.00..796071.18 rows=420 width=0) (actual time=5141.015..13843.767 rows=4 loops=1)
  Filter: ((role_id < 9) AND (person_id = 2957662))
  Rows Removed by Filter: 36244340
Planning time: 0.415 ms
Execution time: 13843.919 ms
