Seq Scan on movie_companies mc  (cost=0.00..51404.11 rows=1468970 width=0) (actual time=0.025..830.696 rows=1461149 loops=1)
  Filter: (company_id < 13146)
  Rows Removed by Filter: 1147980
Planning time: 0.295 ms
Execution time: 1024.220 ms
