Hash Join  (cost=102767.86..952390.71 rows=1814995 width=0) (actual time=11934.177..16933.621 rows=1383974 loops=1)
  Hash Cond: (ci.movie_id = t.id)
  ->  Seq Scan on cast_info ci  (cost=0.00..796071.18 rows=1814995 width=4) (actual time=9806.780..13247.986 rows=1383974 loops=1)
        Filter: ((person_id < 2459974) AND (role_id = 4))
        Rows Removed by Filter: 34860370
  ->  Hash  (cost=61283.27..61283.27 rows=2528527 width=4) (actual time=2125.629..2125.629 rows=2528312 loops=1)
        Buckets: 131072  Batches: 64  Memory Usage: 2415kB
        ->  Seq Scan on title t  (cost=0.00..61283.27 rows=2528527 width=4) (actual time=0.028..1005.315 rows=2528312 loops=1)
Planning time: 0.704 ms
Execution time: 17100.014 ms
