Hash Join  (cost=83074.32..137231.61 rows=47 width=0) (actual time=1224.767..2000.241 rows=22 loops=1)
  Hash Cond: (mc.movie_id = t.id)
  ->  Seq Scan on movie_companies mc  (cost=0.00..51404.11 rows=734055 width=4) (actual time=0.035..744.300 rows=726951 loops=1)
        Filter: (company_id < 1427)
        Rows Removed by Filter: 1882178
  ->  Hash  (cost=83072.29..83072.29 rows=163 width=8) (actual time=1154.219..1154.219 rows=16 loops=1)
        Buckets: 1024  Batches: 1  Memory Usage: 9kB
        ->  Nested Loop  (cost=0.43..83072.29 rows=163 width=8) (actual time=20.742..1154.186 rows=16 loops=1)
              ->  Seq Scan on movie_keyword mk  (cost=0.00..81003.12 rows=246 width=4) (actual time=20.681..1152.989 rows=25 loops=1)
                    Filter: (keyword_id = 27747)
                    Rows Removed by Filter: 4523905
              ->  Index Scan using title_pkey on title t  (cost=0.43..8.40 rows=1 width=4) (actual time=0.042..0.042 rows=1 loops=25)
                    Index Cond: (id = mk.movie_id)
                    Filter: (production_year > 1993)
                    Rows Removed by Filter: 0
Planning time: 1.128 ms
Execution time: 2000.431 ms
