Seq Scan on movie_companies mc  (cost=0.00..51404.11 rows=104 width=0) (actual time=91.413..817.377 rows=4 loops=1)
  Filter: (company_id = 47739)
  Rows Removed by Filter: 2609125
Planning time: 0.357 ms
Execution time: 817.439 ms
