Hash Join  (cost=83074.74..109986.57 rows=134 width=0) (actual time=1201.633..1739.056 rows=731 loops=1)
  Hash Cond: (mi_idx.movie_id = t.id)
  ->  Seq Scan on movie_info_idx mi_idx  (cost=0.00..21735.35 rows=1380035 width=4) (actual time=0.023..290.050 rows=1380035 loops=1)
  ->  Hash  (cost=83071.67..83071.67 rows=246 width=8) (actual time=1194.311..1194.311 rows=268 loops=1)
        Buckets: 1024  Batches: 1  Memory Usage: 19kB
        ->  Nested Loop  (cost=0.43..83071.67 rows=246 width=8) (actual time=0.234..1194.036 rows=268 loops=1)
              ->  Seq Scan on movie_keyword mk  (cost=0.00..81003.12 rows=246 width=4) (actual time=0.158..1186.426 rows=268 loops=1)
                    Filter: (keyword_id = 1620)
                    Rows Removed by Filter: 4523662
              ->  Index Only Scan using title_pkey on title t  (cost=0.43..8.40 rows=1 width=4) (actual time=0.025..0.026 rows=1 loops=268)
                    Index Cond: (id = mk.movie_id)
                    Heap Fetches: 268
Planning time: 1.579 ms
Execution time: 1739.299 ms
