Hash Join  (cost=988807.92..4693867.46 rows=202731418 width=0) (actual time=26030.761..172326.127 rows=459287702 loops=1)
  Hash Cond: (ci.movie_id = t.id)
  ->  Seq Scan on cast_info ci  (cost=0.00..614943.12 rows=36225612 width=4) (actual time=0.012..12441.315 rows=36244344 loops=1)
  ->  Hash  (cost=756650.21..756650.21 rows=14150537 width=8) (actual time=26025.150..26025.150 rows=14417713 loops=1)
        Buckets: 131072  Batches: 256  Memory Usage: 3204kB
        ->  Hash Join  (cost=107432.01..756650.21 rows=14150537 width=8) (actual time=2095.734..20519.137 rows=14417713 loops=1)
              Hash Cond: (mi.movie_id = t.id)
              ->  Seq Scan on movie_info mi  (cost=0.00..309384.22 rows=14739122 width=4) (actual time=0.013..5406.687 rows=14835720 loops=1)
              ->  Hash  (cost=67604.59..67604.59 rows=2427554 width=4) (actual time=2094.789..2094.789 rows=2421168 loops=1)
                    Buckets: 131072  Batches: 32  Memory Usage: 3694kB
                    ->  Seq Scan on title t  (cost=0.00..67604.59 rows=2427554 width=4) (actual time=0.012..1309.933 rows=2421168 loops=1)
                          Filter: (production_year > 1911)
                          Rows Removed by Filter: 107144
Planning time: 0.934 ms
Execution time: 221222.208 ms
