Hash Join  (cost=172079.52..530317.31 rows=50003 width=0) (actual time=17769.372..24303.228 rows=32582 loops=1)
  Hash Cond: (mi.movie_id = t.id)
  ->  Seq Scan on movie_info mi  (cost=0.00..346232.03 rows=3068194 width=4) (actual time=9388.417..15006.545 rows=3036719 loops=1)
        Filter: (info_type_id = 16)
        Rows Removed by Filter: 11799001
  ->  Hash  (cost=171564.42..171564.42 rows=41208 width=8) (actual time=8380.390..8380.390 rows=17551 loops=1)
        Buckets: 65536  Batches: 1  Memory Usage: 1198kB
        ->  Hash Join  (cost=102767.86..171564.42 rows=41208 width=8) (actual time=5494.213..8372.917 rows=17551 loops=1)
              Hash Cond: (mc.movie_id = t.id)
              ->  Seq Scan on movie_companies mc  (cost=0.00..57926.93 rows=41208 width=4) (actual time=0.056..2536.547 rows=17551 loops=1)
                    Filter: ((company_id < 19) AND (company_type_id > 1))
                    Rows Removed by Filter: 2591578
              ->  Hash  (cost=61283.27..61283.27 rows=2528527 width=4) (actual time=5349.626..5349.626 rows=2528312 loops=1)
                    Buckets: 131072  Batches: 64  Memory Usage: 2415kB
                    ->  Seq Scan on title t  (cost=0.00..61283.27 rows=2528527 width=4) (actual time=0.019..4143.432 rows=2528312 loops=1)
Planning time: 1.205 ms
Execution time: 24308.169 ms
