Seq Scan on movie_companies mc  (cost=0.00..57926.93 rows=843775 width=0) (actual time=469.177..1076.256 rows=1156287 loops=1)
  Filter: ((company_id < 21725) AND (company_type_id < 2))
  Rows Removed by Filter: 1452842
Planning time: 0.369 ms
Execution time: 1218.797 ms
