Seq Scan on movie_keyword mk  (cost=0.00..81003.12 rows=845868 width=0) (actual time=0.023..1243.044 rows=851949 loops=1)
  Filter: (keyword_id > 21558)
  Rows Removed by Filter: 3671981
Planning time: 0.355 ms
Execution time: 1353.564 ms
