Hash Join  (cost=102767.86..267210.35 rows=3057069 width=0) (actual time=1876.008..6175.932 rows=3039573 loops=1)
  Hash Cond: (mk.movie_id = t.id)
  ->  Seq Scan on movie_keyword mk  (cost=0.00..81003.12 rows=3057069 width=4) (actual time=0.005..1572.459 rows=3039573 loops=1)
        Filter: (keyword_id > 2123)
        Rows Removed by Filter: 1484357
  ->  Hash  (cost=61283.27..61283.27 rows=2528527 width=4) (actual time=1874.499..1874.499 rows=2528312 loops=1)
        Buckets: 131072  Batches: 64  Memory Usage: 2425kB
        ->  Seq Scan on title t  (cost=0.00..61283.27 rows=2528527 width=4) (actual time=0.011..998.886 rows=2528312 loops=1)
Planning time: 0.549 ms
Execution time: 6549.861 ms
