Hash Join  (cost=73930.93..158123.23 rows=135 width=0) (actual time=1707.735..2401.700 rows=1 loops=1)
  Hash Cond: (mk.movie_id = t.id)
  ->  Seq Scan on movie_keyword mk  (cost=0.00..81003.12 rows=850088 width=4) (actual time=0.020..1252.108 rows=854176 loops=1)
        Filter: (keyword_id < 816)
        Rows Removed by Filter: 3669754
  ->  Hash  (cost=73925.90..73925.90 rows=402 width=4) (actual time=1027.031..1027.031 rows=137 loops=1)
        Buckets: 1024  Batches: 1  Memory Usage: 13kB
        ->  Seq Scan on title t  (cost=0.00..73925.90 rows=402 width=4) (actual time=31.685..1026.860 rows=137 loops=1)
              Filter: ((production_year > 2013) AND (kind_id = 7))
              Rows Removed by Filter: 2528175
Planning time: 0.777 ms
Execution time: 2401.768 ms
