Hash Join  (cost=87053.47..223404.67 rows=1122077 width=0) (actual time=1201.874..5671.621 rows=2253323 loops=1)
  Hash Cond: (mk.movie_id = t.id)
  ->  Seq Scan on movie_keyword mk  (cost=0.00..81003.12 rows=3545949 width=4) (actual time=0.016..1627.336 rows=3539694 loops=1)
        Filter: (keyword_id > 924)
        Rows Removed by Filter: 984236
  ->  Hash  (cost=73925.90..73925.90 rows=800125 width=4) (actual time=1200.963..1200.963 rows=713741 loops=1)
        Buckets: 131072  Batches: 16  Memory Usage: 2601kB
        ->  Seq Scan on title t  (cost=0.00..73925.90 rows=800125 width=4) (actual time=0.004..990.445 rows=713741 loops=1)
              Filter: ((kind_id < 7) AND (production_year > 1972))
              Rows Removed by Filter: 1814571
Planning time: 0.562 ms
Execution time: 5939.584 ms
