Seq Scan on cast_info ci  (cost=0.00..796071.18 rows=4276044 width=0) (actual time=7129.086..14682.627 rows=4311691 loops=1)
  Filter: ((person_id > 36579) AND (role_id = 10))
  Rows Removed by Filter: 31932653
Planning time: 0.401 ms
Execution time: 15196.540 ms
