Hash Join  (cost=190230.21..336255.22 rows=1912111 width=0) (actual time=4651.968..10473.059 rows=8064771 loops=1)
  Hash Cond: (mk.movie_id = t.id)
  ->  Seq Scan on movie_keyword mk  (cost=0.00..81003.12 rows=3503407 width=4) (actual time=0.021..1545.177 rows=3497709 loops=1)
        Filter: (keyword_id < 17438)
        Rows Removed by Filter: 1026221
  ->  Hash  (cost=167588.78..167588.78 rows=1380035 width=8) (actual time=4651.240..4651.240 rows=1380035 loops=1)
        Buckets: 131072  Batches: 32  Memory Usage: 2726kB
        ->  Hash Join  (cost=102767.86..167588.78 rows=1380035 width=8) (actual time=1698.695..4209.220 rows=1380035 loops=1)
              Hash Cond: (mi_idx.movie_id = t.id)
              ->  Seq Scan on movie_info_idx mi_idx  (cost=0.00..21735.35 rows=1380035 width=4) (actual time=0.020..401.254 rows=1380035 loops=1)
              ->  Hash  (cost=61283.27..61283.27 rows=2528527 width=4) (actual time=1697.226..1697.226 rows=2528312 loops=1)
                    Buckets: 131072  Batches: 64  Memory Usage: 2415kB
                    ->  Seq Scan on title t  (cost=0.00..61283.27 rows=2528527 width=4) (actual time=0.009..854.800 rows=2528312 loops=1)
Planning time: 1.158 ms
Execution time: 11444.653 ms
