Hash Join  (cost=231338.36..320967.39 rows=1057551 width=0) (actual time=4680.466..7902.097 rows=1664147 loops=1)
  Hash Cond: (mc.movie_id = t.id)
  ->  Seq Scan on movie_companies mc  (cost=0.00..44881.29 rows=2609129 width=4) (actual time=0.024..749.469 rows=2609129 loops=1)
  ->  Hash  (cost=214523.35..214523.35 rows=1024881 width=8) (actual time=4679.128..4679.128 rows=567486 loops=1)
        Buckets: 131072  Batches: 16  Memory Usage: 2426kB
        ->  Hash Join  (cost=94072.72..214523.35 rows=1024881 width=8) (actual time=1586.049..4539.244 rows=567486 loops=1)
              Hash Cond: (mk.movie_id = t.id)
              ->  Seq Scan on movie_keyword mk  (cost=0.00..81003.12 rows=2110318 width=4) (actual time=0.017..1284.346 rows=2109716 loops=1)
                    Filter: (keyword_id > 5675)
                    Rows Removed by Filter: 2414214
              ->  Hash  (cost=73925.90..73925.90 rows=1227985 width=4) (actual time=1584.872..1584.872 rows=1197374 loops=1)
                    Buckets: 131072  Batches: 32  Memory Usage: 2346kB
                    ->  Seq Scan on title t  (cost=0.00..73925.90 rows=1227985 width=4) (actual time=0.017..1200.387 rows=1197374 loops=1)
                          Filter: ((kind_id > 1) AND (production_year < 2008))
                          Rows Removed by Filter: 1330938
Planning time: 7.911 ms
Execution time: 8113.945 ms
