Hash Join  (cost=52284.29..79194.80 rows=3 width=0) (actual time=707.434..1054.383 rows=30 loops=1)
  Hash Cond: (mi_idx.movie_id = t.id)
  ->  Seq Scan on movie_info_idx mi_idx  (cost=0.00..21735.35 rows=1380035 width=4) (actual time=0.010..195.499 rows=1380035 loops=1)
  ->  Hash  (cost=52284.21..52284.21 rows=6 width=8) (actual time=705.960..705.960 rows=20 loops=1)
        Buckets: 1024  Batches: 1  Memory Usage: 9kB
        ->  Nested Loop  (cost=0.43..52284.21 rows=6 width=8) (actual time=37.386..705.934 rows=20 loops=1)
              ->  Seq Scan on movie_companies mc  (cost=0.00..51404.11 rows=104 width=4) (actual time=9.500..698.376 rows=452 loops=1)
                    Filter: (company_id = 10236)
                    Rows Removed by Filter: 2608677
              ->  Index Scan using title_pkey on title t  (cost=0.43..8.45 rows=1 width=4) (actual time=0.016..0.016 rows=0 loops=452)
                    Index Cond: (id = mc.movie_id)
                    Filter: ((production_year > 2011) AND (kind_id = 7))
                    Rows Removed by Filter: 1
Planning time: 1.191 ms
Execution time: 1054.523 ms
