Hash Join  (cost=190230.21..311645.85 rows=1122975 width=0) (actual time=4248.991..8084.236 rows=4675864 loops=1)
  Hash Cond: (mk.movie_id = t.id)
  ->  Seq Scan on movie_keyword mk  (cost=0.00..81003.12 rows=2057537 width=4) (actual time=0.027..1488.202 rows=2069963 loops=1)
        Filter: (keyword_id < 3665)
        Rows Removed by Filter: 2453967
  ->  Hash  (cost=167588.78..167588.78 rows=1380035 width=8) (actual time=4248.133..4248.133 rows=1380035 loops=1)
        Buckets: 131072  Batches: 32  Memory Usage: 2726kB
        ->  Hash Join  (cost=102767.86..167588.78 rows=1380035 width=8) (actual time=1815.465..3801.392 rows=1380035 loops=1)
              Hash Cond: (mi_idx.movie_id = t.id)
              ->  Seq Scan on movie_info_idx mi_idx  (cost=0.00..21735.35 rows=1380035 width=4) (actual time=0.019..379.611 rows=1380035 loops=1)
              ->  Hash  (cost=61283.27..61283.27 rows=2528527 width=4) (actual time=1814.657..1814.657 rows=2528312 loops=1)
                    Buckets: 131072  Batches: 64  Memory Usage: 2415kB
                    ->  Seq Scan on title t  (cost=0.00..61283.27 rows=2528527 width=4) (actual time=0.019..974.899 rows=2528312 loops=1)
Planning time: 1.283 ms
Execution time: 8660.598 ms
