Hash Join  (cost=234427.15..708171.53 rows=4466238 width=0) (actual time=5800.434..15205.729 rows=6159460 loops=1)
  Hash Cond: (mi.movie_id = t.id)
  ->  Seq Scan on movie_info mi  (cost=0.00..346232.03 rows=5880796 width=4) (actual time=660.493..5619.914 rows=5869026 loops=1)
        Filter: (info_type_id > 13)
        Rows Removed by Filter: 8966694
  ->  Hash  (cost=202921.16..202921.16 rows=1920319 width=8) (actual time=5139.086..5139.086 rows=1301439 loops=1)
        Buckets: 131072  Batches: 32  Memory Usage: 2596kB
        ->  Hash Join  (cost=98137.04..202921.16 rows=1920319 width=8) (actual time=1999.555..4774.183 rows=1301439 loops=1)
              Hash Cond: (mc.movie_id = t.id)
              ->  Seq Scan on movie_companies mc  (cost=0.00..44881.29 rows=2609129 width=4) (actual time=0.023..868.143 rows=2609129 loops=1)
              ->  Hash  (cost=67604.59..67604.59 rows=1860996 width=4) (actual time=1997.972..1997.972 rows=1865487 loops=1)
                    Buckets: 131072  Batches: 32  Memory Usage: 3079kB
                    ->  Seq Scan on title t  (cost=0.00..67604.59 rows=1860996 width=4) (actual time=0.021..1082.885 rows=1865487 loops=1)
                          Filter: (kind_id > 1)
                          Rows Removed by Filter: 662825
Planning time: 0.825 ms
Execution time: 15924.138 ms
