Hash Join  (cost=214511.18..1324180.66 rows=7385232 width=0) (actual time=3976.861..37490.492 rows=24817107 loops=1)
  Hash Cond: (ci.movie_id = t.id)
  ->  Seq Scan on cast_info ci  (cost=0.00..614943.12 rows=36225612 width=4) (actual time=2.675..11784.154 rows=36244344 loops=1)
  ->  Hash  (cost=206053.61..206053.61 rows=515485 width=8) (actual time=3973.094..3973.094 rows=507934 loops=1)
        Buckets: 131072  Batches: 8  Memory Usage: 3533kB
        ->  Hash Join  (cost=102767.86..206053.61 rows=515485 width=8) (actual time=1832.779..3834.260 rows=507934 loops=1)
              Hash Cond: (mk.movie_id = t.id)
              ->  Seq Scan on movie_keyword mk  (cost=0.00..81003.12 rows=515485 width=4) (actual time=0.038..1208.954 rows=507934 loops=1)
                    Filter: (keyword_id > 35731)
                    Rows Removed by Filter: 4015996
              ->  Hash  (cost=61283.27..61283.27 rows=2528527 width=4) (actual time=1831.322..1831.322 rows=2528312 loops=1)
                    Buckets: 131072  Batches: 64  Memory Usage: 2425kB
                    ->  Seq Scan on title t  (cost=0.00..61283.27 rows=2528527 width=4) (actual time=0.007..986.969 rows=2528312 loops=1)
Planning time: 1.119 ms
Execution time: 40065.361 ms
