Seq Scan on movie_companies mc  (cost=0.00..51404.11 rows=1566670 width=0) (actual time=0.017..891.304 rows=1558110 loops=1)
  Filter: (company_id < 14921)
  Rows Removed by Filter: 1051019
Planning time: 0.338 ms
Execution time: 1099.868 ms
