Hash Join  (cost=74235.99..165567.22 rows=26332 width=0) (actual time=1221.373..2845.648 rows=7581 loops=1)
  Hash Cond: (mk.movie_id = t.id)
  ->  Seq Scan on movie_keyword mk  (cost=0.00..81003.12 rows=2683942 width=4) (actual time=0.023..1396.086 rows=2674530 loops=1)
        Filter: (keyword_id > 3074)
        Rows Removed by Filter: 1849400
  ->  Hash  (cost=73925.90..73925.90 rows=24807 width=4) (actual time=998.849..998.849 rows=25986 loops=1)
        Buckets: 32768  Batches: 1  Memory Usage: 1170kB
        ->  Seq Scan on title t  (cost=0.00..73925.90 rows=24807 width=4) (actual time=0.015..988.153 rows=25986 loops=1)
              Filter: ((kind_id = 7) AND (production_year = 1997))
              Rows Removed by Filter: 2502326
Planning time: 0.910 ms
Execution time: 2846.722 ms
