Seq Scan on movie_companies mc  (cost=0.00..57926.93 rows=511620 width=0) (actual time=346.426..816.234 rows=217693 loops=1)
  Filter: ((company_id > 14898) AND (company_type_id < 2))
  Rows Removed by Filter: 2391436
Planning time: 2.661 ms
Execution time: 845.180 ms
