Hash Join  (cost=73931.97..130324.68 rows=255 width=0) (actual time=3716.878..6279.737 rows=233 loops=1)
  Hash Cond: (mc.movie_id = t.id)
  ->  Seq Scan on movie_companies mc  (cost=0.00..51404.11 rows=1329612 width=4) (actual time=493.090..2732.024 rows=1334883 loops=1)
        Filter: (company_type_id = 2)
        Rows Removed by Filter: 1274246
  ->  Hash  (cost=73925.90..73925.90 rows=485 width=4) (actual time=3222.762..3222.762 rows=298 loops=1)
        Buckets: 1024  Batches: 1  Memory Usage: 19kB
        ->  Seq Scan on title t  (cost=0.00..73925.90 rows=485 width=4) (actual time=78.490..3222.372 rows=298 loops=1)
              Filter: ((kind_id > 1) AND (production_year > 2013))
              Rows Removed by Filter: 2528014
Planning time: 0.755 ms
Execution time: 6279.905 ms
