Hash Join  (cost=102767.86..1113114.37 rows=8494359 width=0) (actual time=4313.027..20839.527 rows=5634765 loops=1)
  Hash Cond: (ci.movie_id = t.id)
  ->  Seq Scan on cast_info ci  (cost=0.00..796071.18 rows=8494359 width=4) (actual time=2561.645..14135.350 rows=5634765 loops=1)
        Filter: ((person_id < 3377131) AND (role_id > 4))
        Rows Removed by Filter: 30609579
  ->  Hash  (cost=61283.27..61283.27 rows=2528527 width=4) (actual time=1750.264..1750.264 rows=2528312 loops=1)
        Buckets: 131072  Batches: 64  Memory Usage: 2415kB
        ->  Seq Scan on title t  (cost=0.00..61283.27 rows=2528527 width=4) (actual time=0.032..885.034 rows=2528312 loops=1)
Planning time: 0.821 ms
Execution time: 21485.185 ms
