Seq Scan on movie_keyword mk  (cost=0.00..81003.12 rows=2005918 width=0) (actual time=0.022..1380.078 rows=2014430 loops=1)
  Filter: (keyword_id > 6181)
  Rows Removed by Filter: 2509500
Planning time: 0.237 ms
Execution time: 1629.877 ms
