Seq Scan on cast_info ci  (cost=0.00..705507.15 rows=12257008 width=0) (actual time=0.021..9625.169 rows=12343621 loops=1)
  Filter: (person_id > 2451127)
  Rows Removed by Filter: 23900723
Planning time: 0.298 ms
Execution time: 11070.798 ms
