Seq Scan on cast_info ci  (cost=0.00..796071.18 rows=4553960 width=0) (actual time=268.057..13119.563 rows=7449728 loops=1)
  Filter: ((person_id > 1338219) AND (role_id = 2))
  Rows Removed by Filter: 28794616
Planning time: 2.064 ms
Execution time: 14084.875 ms
