Hash Join  (cost=364987.65..1025675.23 rows=15560999 width=0) (actual time=8311.492..61622.046 rows=181357262 loops=1)
  Hash Cond: (mi.movie_id = t.id)
  ->  Seq Scan on movie_info mi  (cost=0.00..346232.03 rows=9293409 width=4) (actual time=0.017..6178.384 rows=9425200 loops=1)
        Filter: (info_type_id > 5)
        Rows Removed by Filter: 5410520
  ->  Hash  (cost=295526.18..295526.18 rows=4233797 width=8) (actual time=8310.113..8310.113 rows=4213440 loops=1)
        Buckets: 131072  Batches: 64  Memory Usage: 3705kB
        ->  Hash Join  (cost=102767.86..295526.18 rows=4233797 width=8) (actual time=1651.581..6978.167 rows=4213440 loops=1)
              Hash Cond: (mk.movie_id = t.id)
              ->  Seq Scan on movie_keyword mk  (cost=0.00..81003.12 rows=4233797 width=4) (actual time=0.024..1645.254 rows=4213440 loops=1)
                    Filter: (keyword_id > 245)
                    Rows Removed by Filter: 310490
              ->  Hash  (cost=61283.27..61283.27 rows=2528527 width=4) (actual time=1650.669..1650.669 rows=2528312 loops=1)
                    Buckets: 131072  Batches: 64  Memory Usage: 2425kB
                    ->  Seq Scan on title t  (cost=0.00..61283.27 rows=2528527 width=4) (actual time=0.009..830.768 rows=2528312 loops=1)
Planning time: 1.188 ms
Execution time: 82483.771 ms
