Hash Join  (cost=248576.69..876717.82 rows=12175230 width=0) (actual time=6082.286..34996.742 rows=59108785 loops=1)
  Hash Cond: (mi.movie_id = t.id)
  ->  Seq Scan on movie_info mi  (cost=0.00..309384.22 rows=14739122 width=4) (actual time=0.018..5307.218 rows=14835720 loops=1)
  ->  Hash  (cost=214309.12..214309.12 rows=2088686 width=8) (actual time=6081.230..6081.230 rows=2083830 loops=1)
        Buckets: 131072  Batches: 32  Memory Usage: 3610kB
        ->  Hash Join  (cost=102767.86..214309.12 rows=2088686 width=8) (actual time=1821.237..5395.236 rows=2083830 loops=1)
              Hash Cond: (mc.movie_id = t.id)
              ->  Seq Scan on movie_companies mc  (cost=0.00..51404.11 rows=2088686 width=4) (actual time=0.025..1065.115 rows=2083830 loops=1)
                    Filter: (company_id < 73018)
                    Rows Removed by Filter: 525299
              ->  Hash  (cost=61283.27..61283.27 rows=2528527 width=4) (actual time=1820.101..1820.101 rows=2528312 loops=1)
                    Buckets: 131072  Batches: 64  Memory Usage: 2415kB
                    ->  Seq Scan on title t  (cost=0.00..61283.27 rows=2528527 width=4) (actual time=0.010..980.776 rows=2528312 loops=1)
Planning time: 1.201 ms
Execution time: 42222.711 ms
