Hash Join  (cost=74269.53..130804.24 rows=14455 width=0) (actual time=1016.733..1696.498 rows=770 loops=1)
  Hash Cond: (mc.movie_id = t.id)
  ->  Seq Scan on movie_companies mc  (cost=0.00..51404.11 rows=1329612 width=4) (actual time=64.933..803.929 rows=1334883 loops=1)
        Filter: (company_type_id > 1)
        Rows Removed by Filter: 1274246
  ->  Hash  (cost=73925.90..73925.90 rows=27490 width=4) (actual time=736.545..736.545 rows=1416 loops=1)
        Buckets: 32768  Batches: 1  Memory Usage: 306kB
        ->  Seq Scan on title t  (cost=0.00..73925.90 rows=27490 width=4) (actual time=485.888..736.002 rows=1416 loops=1)
              Filter: ((production_year < 1986) AND (kind_id = 4))
              Rows Removed by Filter: 2526896
Planning time: 0.927 ms
Execution time: 1696.780 ms
