Hash Join  (cost=202200.99..722075.16 rows=4143928 width=0) (actual time=4181.660..21825.242 rows=23950993 loops=1)
  Hash Cond: (mi.movie_id = t.id)
  ->  Seq Scan on movie_info mi  (cost=0.00..346232.03 rows=11115165 width=4) (actual time=72.890..6259.158 rows=11210743 loops=1)
        Filter: (info_type_id > 3)
        Rows Removed by Filter: 3624977
  ->  Hash  (cost=186734.50..186734.50 rows=942679 width=8) (actual time=4107.883..4107.883 rows=942855 loops=1)
        Buckets: 131072  Batches: 16  Memory Usage: 3352kB
        ->  Hash Join  (cost=102767.86..186734.50 rows=942679 width=8) (actual time=1653.140..3849.349 rows=942855 loops=1)
              Hash Cond: (mc.movie_id = t.id)
              ->  Seq Scan on movie_companies mc  (cost=0.00..51404.11 rows=942679 width=4) (actual time=0.022..837.724 rows=942855 loops=1)
                    Filter: (company_id < 3538)
                    Rows Removed by Filter: 1666274
              ->  Hash  (cost=61283.27..61283.27 rows=2528527 width=4) (actual time=1651.872..1651.872 rows=2528312 loops=1)
                    Buckets: 131072  Batches: 64  Memory Usage: 2415kB
                    ->  Seq Scan on title t  (cost=0.00..61283.27 rows=2528527 width=4) (actual time=0.019..873.773 rows=2528312 loops=1)
Planning time: 2.397 ms
Execution time: 24598.216 ms
