Seq Scan on movie_keyword mk  (cost=0.00..81003.12 rows=2984688 width=0) (actual time=0.024..1370.880 rows=2969589 loops=1)
  Filter: (keyword_id < 10143)
  Rows Removed by Filter: 1554341
Planning time: 0.350 ms
Execution time: 1734.888 ms
