Seq Scan on movie_companies mc  (cost=0.00..51404.11 rows=1983192 width=0) (actual time=0.024..894.657 rows=1987032 loops=1)
  Filter: (company_id > 774)
  Rows Removed by Filter: 622097
Planning time: 0.411 ms
Execution time: 1139.373 ms
