Seq Scan on movie_keyword mk  (cost=0.00..81003.12 rows=246 width=0) (actual time=29.830..1167.577 rows=122 loops=1)
  Filter: (keyword_id = 41729)
  Rows Removed by Filter: 4523808
Planning time: 0.410 ms
Execution time: 1167.764 ms
