Hash Join  (cost=102767.86..1473995.82 rows=27255804 width=0) (actual time=1718.980..38818.005 rows=27400047 loops=1)
  Hash Cond: (ci.movie_id = t.id)
  ->  Seq Scan on cast_info ci  (cost=0.00..705507.15 rows=27255804 width=4) (actual time=0.015..14322.065 rows=27400047 loops=1)
        Filter: (person_id > 870309)
        Rows Removed by Filter: 8844297
  ->  Hash  (cost=61283.27..61283.27 rows=2528527 width=4) (actual time=1717.955..1717.955 rows=2528312 loops=1)
        Buckets: 131072  Batches: 64  Memory Usage: 2415kB
        ->  Seq Scan on title t  (cost=0.00..61283.27 rows=2528527 width=4) (actual time=0.012..841.432 rows=2528312 loops=1)
Planning time: 0.807 ms
Execution time: 41747.473 ms
