Hash Join  (cost=104570.16..281340.34 rows=4031123 width=0) (actual time=1910.375..6318.180 rows=3835300 loops=1)
  Hash Cond: (mk.movie_id = t.id)
  ->  Seq Scan on movie_keyword mk  (cost=0.00..69693.30 rows=4523930 width=4) (actual time=0.020..1217.510 rows=4523930 loops=1)
  ->  Hash  (cost=67604.59..67604.59 rows=2253086 width=4) (actual time=1906.695..1906.695 rows=2244594 loops=1)
        Buckets: 131072  Batches: 32  Memory Usage: 3502kB
        ->  Seq Scan on title t  (cost=0.00..67604.59 rows=2253086 width=4) (actual time=0.018..1171.214 rows=2244594 loops=1)
              Filter: (production_year > 1956)
              Rows Removed by Filter: 283718
Planning time: 0.751 ms
Execution time: 6737.188 ms
