Hash Join  (cost=84005.63..1208229.29 rows=8802049 width=0) (actual time=3510.471..72489.688 rows=8559257 loops=1)
  Hash Cond: (ci.movie_id = t.id)
  ->  Seq Scan on cast_info ci  (cost=0.00..614943.12 rows=36225612 width=4) (actual time=0.023..43814.994 rows=36244344 loops=1)
  ->  Hash  (cost=73925.90..73925.90 rows=614378 width=4) (actual time=3509.484..3509.484 rows=520376 loops=1)
        Buckets: 131072  Batches: 16  Memory Usage: 2162kB
        ->  Seq Scan on title t  (cost=0.00..73925.90 rows=614378 width=4) (actual time=0.025..3034.019 rows=520376 loops=1)
              Filter: ((kind_id < 7) AND (production_year > 1996))
              Rows Removed by Filter: 2007936
Planning time: 13.299 ms
Execution time: 73672.535 ms
