Seq Scan on movie_keyword mk  (cost=0.00..81003.12 rows=246 width=0) (actual time=116.452..1152.384 rows=29 loops=1)
  Filter: (keyword_id = 52780)
  Rows Removed by Filter: 4523901
Planning time: 0.416 ms
Execution time: 1152.498 ms
