Hash Join  (cost=104071.89..174833.42 rows=168895 width=0) (actual time=1884.743..3185.681 rows=77156 loops=1)
  Hash Cond: (mc.movie_id = t.id)
  ->  Seq Scan on movie_companies mc  (cost=0.00..57926.93 rows=192130 width=4) (actual time=0.045..841.250 rows=87034 loops=1)
        Filter: ((company_id < 225) AND (company_type_id > 1))
        Rows Removed by Filter: 2522095
  ->  Hash  (cost=67604.59..67604.59 rows=2222744 width=4) (actual time=1883.652..1883.652 rows=2214818 loops=1)
        Buckets: 131072  Batches: 32  Memory Usage: 3459kB
        ->  Seq Scan on title t  (cost=0.00..67604.59 rows=2222744 width=4) (actual time=0.016..1225.919 rows=2214818 loops=1)
              Filter: (production_year > 1959)
              Rows Removed by Filter: 313494
Planning time: 0.851 ms
Execution time: 3194.866 ms
