Hash Join  (cost=205026.93..933128.77 rows=500285 width=0) (actual time=11846.155..17001.194 rows=613646 loops=1)
  Hash Cond: (ci.movie_id = t.id)
  ->  Seq Scan on cast_info ci  (cost=0.00..705507.15 rows=1149559 width=4) (actual time=6794.871..11084.172 rows=1093558 loops=1)
        Filter: (role_id = 9)
        Rows Removed by Filter: 35150786
  ->  Hash  (cost=186972.83..186972.83 rows=1100408 width=8) (actual time=5050.238..5050.238 rows=893640 loops=1)
        Buckets: 131072  Batches: 16  Memory Usage: 3182kB
        ->  Hash Join  (cost=98137.04..186972.83 rows=1100408 width=8) (actual time=1862.531..4809.632 rows=893640 loops=1)
              Hash Cond: (mc.movie_id = t.id)
              ->  Seq Scan on movie_companies mc  (cost=0.00..51404.11 rows=1495119 width=4) (actual time=0.028..994.300 rows=1484019 loops=1)
                    Filter: (company_id < 13631)
                    Rows Removed by Filter: 1125110
              ->  Hash  (cost=67604.59..67604.59 rows=1860996 width=4) (actual time=1861.093..1861.093 rows=1865487 loops=1)
                    Buckets: 131072  Batches: 32  Memory Usage: 3079kB
                    ->  Seq Scan on title t  (cost=0.00..67604.59 rows=1860996 width=4) (actual time=0.018..1267.279 rows=1865487 loops=1)
                          Filter: (kind_id > 1)
                          Rows Removed by Filter: 662825
Planning time: 1.232 ms
Execution time: 17077.155 ms
