Hash Join  (cost=363049.55..1158480.77 rows=24400159 width=0) (actual time=8396.059..69088.031 rows=216279612 loops=1)
  Hash Cond: (mi.movie_id = t.id)
  ->  Seq Scan on movie_info mi  (cost=0.00..309384.22 rows=14739122 width=4) (actual time=0.018..5597.930 rows=14835720 loops=1)
  ->  Hash  (cost=294373.83..294373.83 rows=4185898 width=8) (actual time=8394.873..8394.873 rows=4188751 loops=1)
        Buckets: 131072  Batches: 64  Memory Usage: 3682kB
        ->  Hash Join  (cost=102767.86..294373.83 rows=4185898 width=8) (actual time=1832.858..7177.626 rows=4188751 loops=1)
              Hash Cond: (mk.movie_id = t.id)
              ->  Seq Scan on movie_keyword mk  (cost=0.00..81003.12 rows=4185898 width=4) (actual time=0.037..1839.935 rows=4188751 loops=1)
                    Filter: (keyword_id < 49219)
                    Rows Removed by Filter: 335179
              ->  Hash  (cost=61283.27..61283.27 rows=2528527 width=4) (actual time=1831.409..1831.409 rows=2528312 loops=1)
                    Buckets: 131072  Batches: 64  Memory Usage: 2425kB
                    ->  Seq Scan on title t  (cost=0.00..61283.27 rows=2528527 width=4) (actual time=0.020..978.582 rows=2528312 loops=1)
Planning time: 1.142 ms
Execution time: 92868.252 ms
