Seq Scan on movie_companies mc  (cost=0.00..57926.93 rows=547596 width=0) (actual time=0.023..981.363 rows=333155 loops=1)
  Filter: ((company_id < 6626) AND (company_type_id > 1))
  Rows Removed by Filter: 2275974
Planning time: 0.340 ms
Execution time: 1023.739 ms
