Seq Scan on movie_companies mc  (cost=0.00..57926.93 rows=51 width=0) (actual time=286.384..770.368 rows=283 loops=1)
  Filter: ((company_type_id < 2) AND (company_id = 14606))
  Rows Removed by Filter: 2608846
Planning time: 0.315 ms
Execution time: 770.503 ms
