Seq Scan on movie_keyword mk  (cost=0.00..81003.12 rows=4072 width=0) (actual time=0.124..3360.924 rows=6011 loops=1)
  Filter: (keyword_id = 1732)
  Rows Removed by Filter: 4517919
Planning time: 2.228 ms
Execution time: 3362.683 ms
