Hash Join  (cost=156209.36..215833.16 rows=86649 width=0) (actual time=3203.862..5076.139 rows=231029 loops=1)
  Hash Cond: (mc.movie_id = t.id)
  ->  Seq Scan on movie_companies mc  (cost=0.00..51404.11 rows=482454 width=4) (actual time=0.022..778.969 rows=477152 loops=1)
        Filter: (company_id < 424)
        Rows Removed by Filter: 2131977
  ->  Hash  (cost=148758.81..148758.81 rows=454124 width=8) (actual time=3202.909..3202.909 rows=459925 loops=1)
        Buckets: 131072  Batches: 8  Memory Usage: 3275kB
        ->  Hash Join  (cost=102767.86..148758.81 rows=454124 width=8) (actual time=1849.458..3062.193 rows=459925 loops=1)
              Hash Cond: (mi_idx.movie_id = t.id)
              ->  Seq Scan on movie_info_idx mi_idx  (cost=0.00..25185.44 rows=454124 width=4) (actual time=0.017..401.351 rows=459925 loops=1)
                    Filter: (info_type_id = 100)
                    Rows Removed by Filter: 920110
              ->  Hash  (cost=61283.27..61283.27 rows=2528527 width=4) (actual time=1847.937..1847.937 rows=2528312 loops=1)
                    Buckets: 131072  Batches: 64  Memory Usage: 2415kB
                    ->  Seq Scan on title t  (cost=0.00..61283.27 rows=2528527 width=4) (actual time=0.011..1010.059 rows=2528312 loops=1)
Planning time: 2.191 ms
Execution time: 5105.449 ms
