Nested Loop  (cost=0.43..58358.27 rows=51 width=0) (actual time=17.962..735.479 rows=223 loops=1)
  ->  Seq Scan on movie_companies mc  (cost=0.00..57926.93 rows=51 width=4) (actual time=17.887..729.071 rows=223 loops=1)
        Filter: ((company_id = 858) AND (company_type_id = 1))
        Rows Removed by Filter: 2608906
  ->  Index Only Scan using title_pkey on title t  (cost=0.43..8.45 rows=1 width=4) (actual time=0.027..0.027 rows=1 loops=223)
        Index Cond: (id = mc.movie_id)
        Heap Fetches: 223
Planning time: 0.806 ms
Execution time: 735.639 ms
