Hash Join  (cost=204618.10..236732.62 rows=49796 width=0) (actual time=3978.044..4669.168 rows=208956 loops=1)
  Hash Cond: (mi_idx.movie_id = t.id)
  ->  Seq Scan on movie_info_idx mi_idx  (cost=0.00..25185.44 rows=464566 width=4) (actual time=0.018..493.408 rows=459925 loops=1)
        Filter: (info_type_id = 101)
        Rows Removed by Filter: 920110
  ->  Hash  (cost=200171.22..200171.22 rows=271030 width=8) (actual time=3870.615..3870.615 rows=271195 loops=1)
        Buckets: 131072  Batches: 4  Memory Usage: 3689kB
        ->  Hash Join  (cost=102767.86..200171.22 rows=271030 width=8) (actual time=1838.994..3783.904 rows=271195 loops=1)
              Hash Cond: (mk.movie_id = t.id)
              ->  Seq Scan on movie_keyword mk  (cost=0.00..81003.12 rows=271030 width=4) (actual time=0.018..1121.050 rows=271195 loops=1)
                    Filter: (keyword_id > 58154)
                    Rows Removed by Filter: 4252735
              ->  Hash  (cost=61283.27..61283.27 rows=2528527 width=4) (actual time=1837.769..1837.769 rows=2528312 loops=1)
                    Buckets: 131072  Batches: 64  Memory Usage: 2425kB
                    ->  Seq Scan on title t  (cost=0.00..61283.27 rows=2528527 width=4) (actual time=0.018..955.879 rows=2528312 loops=1)
Planning time: 8.978 ms
Execution time: 4696.781 ms
