Hash Join  (cost=129145.89..198449.53 rows=144848 width=0) (actual time=7557.328..9291.567 rows=640899 loops=1)
  Hash Cond: (mc.movie_id = t.id)
  ->  Seq Scan on movie_companies mc  (cost=0.00..51404.11 rows=1329612 width=4) (actual time=1316.819..2706.165 rows=1334883 loops=1)
        Filter: (company_type_id = 2)
        Rows Removed by Filter: 1274246
  ->  Hash  (cost=124625.68..124625.68 rows=275457 width=8) (actual time=5614.674..5614.674 rows=398455 loops=1)
        Buckets: 131072 (originally 131072)  Batches: 8 (originally 4)  Memory Usage: 3073kB
        ->  Hash Join  (cost=82206.63..124625.68 rows=275457 width=8) (actual time=3613.035..5488.148 rows=398455 loops=1)
              Hash Cond: (mi_idx.movie_id = t.id)
              ->  Seq Scan on movie_info_idx mi_idx  (cost=0.00..21735.35 rows=1380035 width=4) (actual time=0.020..1012.558 rows=1380035 loops=1)
              ->  Hash  (cost=73925.90..73925.90 rows=504698 width=4) (actual time=3612.202..3612.202 rows=373632 loops=1)
                    Buckets: 131072  Batches: 8  Memory Usage: 2673kB
                    ->  Seq Scan on title t  (cost=0.00..73925.90 rows=504698 width=4) (actual time=279.225..3466.833 rows=373632 loops=1)
                          Filter: ((production_year > 1982) AND (kind_id = 1))
                          Rows Removed by Filter: 2154680
Planning time: 1.192 ms
Execution time: 9377.458 ms
