Seq Scan on movie_companies mc  (cost=0.00..51404.11 rows=104 width=0) (actual time=596.478..628.974 rows=1 loops=1)
  Filter: (company_id = 225982)
  Rows Removed by Filter: 2609128
Planning time: 0.328 ms
Execution time: 629.034 ms
