Seq Scan on movie_keyword mk  (cost=0.00..81003.12 rows=3980287 width=0) (actual time=0.020..1475.923 rows=3984277 loops=1)
  Filter: (keyword_id < 34053)
  Rows Removed by Filter: 539653
Planning time: 0.350 ms
Execution time: 1978.118 ms
