Seq Scan on cast_info ci  (cost=0.00..796071.18 rows=12979781 width=0) (actual time=5908.636..14418.862 rows=14120648 loops=1)
  Filter: ((person_id > 690924) AND (role_id > 2))
  Rows Removed by Filter: 22123696
Planning time: 0.357 ms
Execution time: 16171.275 ms
