Hash Join  (cost=152923.86..276792.66 rows=153177 width=0) (actual time=3158.026..7562.761 rows=4278318 loops=1)
  Hash Cond: (mk.movie_id = t.id)
  ->  Seq Scan on movie_keyword mk  (cost=0.00..69693.30 rows=4523930 width=4) (actual time=0.027..1269.930 rows=4523930 loops=1)
  ->  Hash  (cost=151518.68..151518.68 rows=85614 width=8) (actual time=3157.305..3157.305 rows=393806 loops=1)
        Buckets: 131072 (originally 131072)  Batches: 4 (originally 2)  Memory Usage: 4900kB
        ->  Hash Join  (cost=75288.02..151518.68 rows=85614 width=8) (actual time=1032.434..3032.166 rows=393806 loops=1)
              Hash Cond: (mc.movie_id = t.id)
              ->  Seq Scan on movie_companies mc  (cost=0.00..44881.29 rows=2609129 width=4) (actual time=0.017..750.912 rows=2609129 loops=1)
              ->  Hash  (cost=73925.90..73925.90 rows=82969 width=4) (actual time=1031.607..1031.607 rows=183816 loops=1)
                    Buckets: 131072 (originally 131072)  Batches: 4 (originally 2)  Memory Usage: 3073kB
                    ->  Seq Scan on title t  (cost=0.00..73925.90 rows=82969 width=4) (actual time=0.022..963.999 rows=183816 loops=1)
                          Filter: ((kind_id < 7) AND (production_year < 1957))
                          Rows Removed by Filter: 2344496
Planning time: 1.259 ms
Execution time: 8074.490 ms
