Hash Join  (cost=263115.61..1616446.55 rows=23153238 width=0) (actual time=6396.594..52013.768 rows=46294499 loops=1)
  Hash Cond: (ci.movie_id = t.id)
  ->  Seq Scan on cast_info ci  (cost=0.00..796071.18 rows=22437981 width=4) (actual time=0.030..18009.091 rows=21919331 loops=1)
        Filter: ((person_id < 3734381) AND (role_id > 1))
        Rows Removed by Filter: 14325013
  ->  Hash  (cost=220309.49..220309.49 rows=2609129 width=8) (actual time=6395.544..6395.544 rows=2609129 loops=1)
        Buckets: 131072  Batches: 64  Memory Usage: 2610kB
        ->  Hash Join  (cost=102767.86..220309.49 rows=2609129 width=8) (actual time=1872.522..5635.016 rows=2609129 loops=1)
              Hash Cond: (mc.movie_id = t.id)
              ->  Seq Scan on movie_companies mc  (cost=0.00..44881.29 rows=2609129 width=4) (actual time=0.022..873.329 rows=2609129 loops=1)
              ->  Hash  (cost=61283.27..61283.27 rows=2528527 width=4) (actual time=1871.610..1871.610 rows=2528312 loops=1)
                    Buckets: 131072  Batches: 64  Memory Usage: 2415kB
                    ->  Seq Scan on title t  (cost=0.00..61283.27 rows=2528527 width=4) (actual time=0.013..1045.782 rows=2528312 loops=1)
Planning time: 9.577 ms
Execution time: 57554.841 ms
