Hash Join  (cost=83074.74..138280.33 rows=99 width=0) (actual time=1121.499..2039.809 rows=42 loops=1)
  Hash Cond: (mc.movie_id = t.id)
  ->  Seq Scan on movie_companies mc  (cost=0.00..51404.11 rows=1013463 width=4) (actual time=0.030..768.756 rows=1022063 loops=1)
        Filter: (company_id > 15884)
        Rows Removed by Filter: 1587066
  ->  Hash  (cost=83071.67..83071.67 rows=246 width=8) (actual time=1115.649..1115.649 rows=19 loops=1)
        Buckets: 1024  Batches: 1  Memory Usage: 9kB
        ->  Nested Loop  (cost=0.43..83071.67 rows=246 width=8) (actual time=117.775..1115.624 rows=19 loops=1)
              ->  Seq Scan on movie_keyword mk  (cost=0.00..81003.12 rows=246 width=4) (actual time=117.679..1114.787 rows=19 loops=1)
                    Filter: (keyword_id = 35350)
                    Rows Removed by Filter: 4523911
              ->  Index Only Scan using title_pkey on title t  (cost=0.43..8.40 rows=1 width=4) (actual time=0.039..0.039 rows=1 loops=19)
                    Index Cond: (id = mk.movie_id)
                    Heap Fetches: 19
Planning time: 1.245 ms
Execution time: 2039.919 ms
