Nested Loop  (cost=32807.94..152577.25 rows=6539 width=0) (actual time=642.753..2091.158 rows=24334 loops=1)
  ->  Hash Join  (cost=32807.51..122489.66 rows=35612 width=8) (actual time=642.688..1814.463 rows=24334 loops=1)
        Hash Cond: (mk.movie_id = mi_idx.movie_id)
        ->  Seq Scan on movie_keyword mk  (cost=0.00..81003.12 rows=35588 width=4) (actual time=3.917..1056.571 rows=34710 loops=1)
              Filter: (keyword_id = 2488)
              Rows Removed by Filter: 4489220
        ->  Hash  (cost=25185.44..25185.44 rows=464566 width=4) (actual time=636.339..636.339 rows=459925 loops=1)
              Buckets: 131072  Batches: 8  Memory Usage: 3059kB
              ->  Seq Scan on movie_info_idx mi_idx  (cost=0.00..25185.44 rows=464566 width=4) (actual time=0.020..492.110 rows=459925 loops=1)
                    Filter: (info_type_id = 101)
                    Rows Removed by Filter: 920110
  ->  Index Only Scan using title_pkey on title t  (cost=0.43..0.83 rows=1 width=4) (actual time=0.011..0.011 rows=1 loops=24334)
        Index Cond: (id = mi_idx.movie_id)
        Heap Fetches: 24334
Planning time: 1.257 ms
Execution time: 2096.427 ms
