Seq Scan on cast_info ci  (cost=0.00..705507.15 rows=28854758 width=0) (actual time=4544.879..36548.216 rows=28928556 loops=1)
  Filter: (person_id > 707014)
  Rows Removed by Filter: 7315788
Planning time: 0.384 ms
Execution time: 41445.807 ms
