Hash Join  (cost=123724.13..498291.47 rows=120206 width=0) (actual time=2333.071..9621.938 rows=358277 loops=1)
  Hash Cond: (mi.movie_id = t.id)
  ->  Seq Scan on movie_info mi  (cost=0.00..346232.03 rows=7235534 width=4) (actual time=182.438..5802.067 rows=7286865 loops=1)
        Filter: (info_type_id < 8)
        Rows Removed by Filter: 7548855
  ->  Hash  (cost=123199.04..123199.04 rows=42007 width=8) (actual time=2150.082..2150.082 rows=37830 loops=1)
        Buckets: 65536  Batches: 1  Memory Usage: 1990kB
        ->  Hash Join  (cost=68113.45..123199.04 rows=42007 width=8) (actual time=869.811..2135.716 rows=37830 loops=1)
              Hash Cond: (mc.movie_id = t.id)
              ->  Seq Scan on movie_companies mc  (cost=0.00..44881.29 rows=2609129 width=4) (actual time=0.027..586.944 rows=2609129 loops=1)
              ->  Hash  (cost=67604.59..67604.59 rows=40709 width=4) (actual time=869.444..869.444 rows=38955 loops=1)
                    Buckets: 65536  Batches: 1  Memory Usage: 1882kB
                    ->  Seq Scan on title t  (cost=0.00..67604.59 rows=40709 width=4) (actual time=0.080..852.453 rows=38955 loops=1)
                          Filter: (production_year = 1997)
                          Rows Removed by Filter: 2489357
Planning time: 3.243 ms
Execution time: 9671.067 ms
