Nested Loop  (cost=0.43..709671.90 rows=500 width=0) (actual time=1067.975..9572.065 rows=1 loops=1)
  ->  Seq Scan on cast_info ci  (cost=0.00..705507.15 rows=500 width=4) (actual time=1067.857..9571.942 rows=1 loops=1)
        Filter: (person_id = 1562738)
        Rows Removed by Filter: 36244343
  ->  Index Only Scan using title_pkey on title t  (cost=0.43..8.32 rows=1 width=4) (actual time=0.100..0.101 rows=1 loops=1)
        Index Cond: (id = ci.movie_id)
        Heap Fetches: 1
Planning time: 0.793 ms
Execution time: 9572.129 ms
