Hash Join  (cost=156487.41..223687.10 rows=190602 width=0) (actual time=3207.355..4804.736 rows=601094 loops=1)
  Hash Cond: (mc.movie_id = t.id)
  ->  Seq Scan on movie_companies mc  (cost=0.00..51404.11 rows=1045480 width=4) (actual time=0.020..831.988 rows=1043505 loops=1)
        Filter: (company_id < 6027)
        Rows Removed by Filter: 1565624
  ->  Hash  (cost=148924.19..148924.19 rows=460978 width=8) (actual time=3206.598..3206.598 rows=459925 loops=1)
        Buckets: 131072  Batches: 8  Memory Usage: 3275kB
        ->  Hash Join  (cost=102767.86..148924.19 rows=460978 width=8) (actual time=1805.177..3064.797 rows=459925 loops=1)
              Hash Cond: (mi_idx.movie_id = t.id)
              ->  Seq Scan on movie_info_idx mi_idx  (cost=0.00..25185.44 rows=460978 width=4) (actual time=0.015..430.733 rows=459925 loops=1)
                    Filter: (info_type_id = 99)
                    Rows Removed by Filter: 920110
              ->  Hash  (cost=61283.27..61283.27 rows=2528527 width=4) (actual time=1803.993..1803.993 rows=2528312 loops=1)
                    Buckets: 131072  Batches: 64  Memory Usage: 2415kB
                    ->  Seq Scan on title t  (cost=0.00..61283.27 rows=2528527 width=4) (actual time=0.020..946.767 rows=2528312 loops=1)
Planning time: 1.219 ms
Execution time: 4884.190 ms
