Seq Scan on movie_keyword mk  (cost=0.00..81003.12 rows=246 width=0) (actual time=1.990..1123.846 rows=293 loops=1)
  Filter: (keyword_id = 5588)
  Rows Removed by Filter: 4523637
Planning time: 0.371 ms
Execution time: 1124.056 ms
