Seq Scan on cast_info ci  (cost=0.00..796071.18 rows=7742954 width=0) (actual time=8303.509..12707.792 rows=2457460 loops=1)
  Filter: ((person_id > 1392423) AND (role_id < 2))
  Rows Removed by Filter: 33786884
Planning time: 0.368 ms
Execution time: 13020.049 ms
