Seq Scan on movie_keyword mk  (cost=0.00..81003.12 rows=942880 width=0) (actual time=0.025..1160.594 rows=953887 loops=1)
  Filter: (keyword_id > 19889)
  Rows Removed by Filter: 3570043
Planning time: 0.370 ms
Execution time: 1278.566 ms
