Seq Scan on movie_keyword mk  (cost=0.00..81003.12 rows=4416302 width=0) (actual time=0.015..1531.932 rows=4416923 loops=1)
  Filter: (keyword_id < 80764)
  Rows Removed by Filter: 107007
Planning time: 0.349 ms
Execution time: 2101.381 ms
