Hash Join  (cost=102767.86..290520.10 rows=4025792 width=0) (actual time=5122.974..15073.121 rows=4021945 loops=1)
  Hash Cond: (mk.movie_id = t.id)
  ->  Seq Scan on movie_keyword mk  (cost=0.00..81003.12 rows=4025792 width=4) (actual time=0.018..5432.999 rows=4021945 loops=1)
        Filter: (keyword_id > 359)
        Rows Removed by Filter: 501985
  ->  Hash  (cost=61283.27..61283.27 rows=2528527 width=4) (actual time=5122.263..5122.263 rows=2528312 loops=1)
        Buckets: 131072  Batches: 64  Memory Usage: 2425kB
        ->  Seq Scan on title t  (cost=0.00..61283.27 rows=2528527 width=4) (actual time=0.013..3921.692 rows=2528312 loops=1)
Planning time: 0.703 ms
Execution time: 15640.290 ms
