Seq Scan on movie_companies mc  (cost=0.00..51404.11 rows=1160688 width=0) (actual time=0.014..998.192 rows=1169648 loops=1)
  Filter: (company_id > 12822)
  Rows Removed by Filter: 1439481
Planning time: 0.339 ms
Execution time: 1147.954 ms
