Seq Scan on movie_keyword mk  (cost=0.00..81003.12 rows=1581378 width=0) (actual time=0.019..1512.005 rows=1595918 loops=1)
  Filter: (keyword_id > 9640)
  Rows Removed by Filter: 2928012
Planning time: 0.343 ms
Execution time: 1720.117 ms
