Hash Join  (cost=157178.61..958452.08 rows=568 width=0) (actual time=10992.811..15911.761 rows=232 loops=1)
  Hash Cond: (ci.movie_id = t.id)
  ->  Seq Scan on cast_info ci  (cost=0.00..796071.18 rows=1385763 width=4) (actual time=8333.802..12925.073 rows=2425001 loops=1)
        Filter: ((person_id > 2414505) AND (role_id = 3))
        Rows Removed by Filter: 33819343
  ->  Hash  (cost=157165.65..157165.65 rows=1037 width=8) (actual time=2643.870..2643.870 rows=365 loops=1)
        Buckets: 2048  Batches: 1  Memory Usage: 31kB
        ->  Hash Join  (cost=73982.55..157165.65 rows=1037 width=8) (actual time=2193.115..2643.661 rows=365 loops=1)
              Hash Cond: (mk.movie_id = t.id)
              ->  Seq Scan on movie_keyword mk  (cost=0.00..81003.12 rows=578559 width=4) (actual time=0.028..1335.928 rows=583452 loops=1)
                    Filter: (keyword_id < 414)
                    Rows Removed by Filter: 3940478
              ->  Hash  (cost=73925.90..73925.90 rows=4532 width=4) (actual time=1188.809..1188.809 rows=7634 loops=1)
                    Buckets: 8192  Batches: 1  Memory Usage: 333kB
                    ->  Seq Scan on title t  (cost=0.00..73925.90 rows=4532 width=4) (actual time=0.924..1185.114 rows=7634 loops=1)
                          Filter: ((kind_id = 7) AND (production_year = 1972))
                          Rows Removed by Filter: 2520678
Planning time: 1.194 ms
Execution time: 15911.936 ms
