Nested Loop  (cost=0.43..709673.15 rows=355 width=0) (actual time=10063.994..10685.280 rows=187 loops=1)
  ->  Seq Scan on cast_info ci  (cost=0.00..705507.15 rows=500 width=4) (actual time=10063.911..10672.244 rows=255 loops=1)
        Filter: (person_id = 2189901)
        Rows Removed by Filter: 36244089
  ->  Index Scan using title_pkey on title t  (cost=0.43..8.32 rows=1 width=4) (actual time=0.050..0.050 rows=1 loops=255)
        Index Cond: (id = ci.movie_id)
        Filter: (production_year < 2009)
        Rows Removed by Filter: 0
Planning time: 0.752 ms
Execution time: 10685.424 ms
