Hash Join  (cost=140631.85..272574.36 rows=815848 width=0) (actual time=3227.166..6675.955 rows=1024209 loops=1)
  Hash Cond: (mk.movie_id = t.id)
  ->  Seq Scan on movie_keyword mk  (cost=0.00..69693.30 rows=4523930 width=4) (actual time=0.016..1462.252 rows=4523930 loops=1)
  ->  Hash  (cost=133149.90..133149.90 rows=455996 width=8) (actual time=3219.863..3219.863 rows=273516 loops=1)
        Buckets: 131072  Batches: 8  Memory Usage: 2351kB
        ->  Hash Join  (cost=87633.46..133149.90 rows=455996 width=8) (actual time=1675.286..3140.984 rows=273516 loops=1)
              Hash Cond: (mi_idx.movie_id = t.id)
              ->  Seq Scan on movie_info_idx mi_idx  (cost=0.00..21735.35 rows=1380035 width=4) (actual time=0.025..435.525 rows=1380035 loops=1)
              ->  Hash  (cost=73925.90..73925.90 rows=835484 width=4) (actual time=1674.229..1674.229 rows=906916 loops=1)
                    Buckets: 131072  Batches: 16  Memory Usage: 3024kB
                    ->  Seq Scan on title t  (cost=0.00..73925.90 rows=835484 width=4) (actual time=0.018..1391.950 rows=906916 loops=1)
                          Filter: ((kind_id > 2) AND (production_year > 2003))
                          Rows Removed by Filter: 1621396
Planning time: 1.225 ms
Execution time: 6794.032 ms
