Hash Join  (cost=572084.85..1622290.37 rows=5288633 width=0) (actual time=17844.697..41904.557 rows=12125219 loops=1)
  Hash Cond: (ci.movie_id = t.id)
  ->  Seq Scan on cast_info ci  (cost=0.00..705507.15 rows=16201301 width=4) (actual time=4361.226..15645.992 rows=16121683 loops=1)
        Filter: (role_id > 2)
        Rows Removed by Filter: 20122661
  ->  Hash  (cost=558542.43..558542.43 rows=825394 width=8) (actual time=13482.352..13482.352 rows=707392 loops=1)
        Buckets: 131072  Batches: 16  Memory Usage: 2759kB
        ->  Hash Join  (cost=69928.56..558542.43 rows=825394 width=8) (actual time=1307.343..12999.155 rows=707392 loops=1)
              Hash Cond: (mi.movie_id = t.id)
              ->  Seq Scan on movie_info mi  (cost=0.00..309384.22 rows=14739122 width=4) (actual time=0.024..5940.441 rows=14835720 loops=1)
              ->  Hash  (cost=67604.59..67604.59 rows=141598 width=4) (actual time=1305.606..1305.606 rows=141703 loops=1)
                    Buckets: 131072  Batches: 2  Memory Usage: 3517kB
                    ->  Seq Scan on title t  (cost=0.00..67604.59 rows=141598 width=4) (actual time=0.017..1252.133 rows=141703 loops=1)
                          Filter: (production_year = 2010)
                          Rows Removed by Filter: 2386609
Planning time: 1.198 ms
Execution time: 43256.684 ms
