Nested Loop  (cost=0.43..83072.90 rows=39 width=0) (actual time=30.606..1188.567 rows=68 loops=1)
  ->  Seq Scan on movie_keyword mk  (cost=0.00..81003.12 rows=246 width=4) (actual time=0.307..1173.245 rows=545 loops=1)
        Filter: (keyword_id = 13759)
        Rows Removed by Filter: 4523385
  ->  Index Scan using title_pkey on title t  (cost=0.43..8.40 rows=1 width=4) (actual time=0.027..0.027 rows=0 loops=545)
        Index Cond: (id = mk.movie_id)
        Filter: ((production_year > 1997) AND (kind_id = 1))
        Rows Removed by Filter: 1
Planning time: 11.069 ms
Execution time: 1188.737 ms
