Hash Join  (cost=102767.86..891731.93 rows=3057780 width=0) (actual time=7970.239..17288.067 rows=3122603 loops=1)
  Hash Cond: (ci.movie_id = t.id)
  ->  Seq Scan on cast_info ci  (cost=0.00..705507.15 rows=3057780 width=4) (actual time=5581.918..11640.179 rows=3122603 loops=1)
        Filter: (person_id > 3486365)
        Rows Removed by Filter: 33121741
  ->  Hash  (cost=61283.27..61283.27 rows=2528527 width=4) (actual time=2386.306..2386.306 rows=2528312 loops=1)
        Buckets: 131072  Batches: 64  Memory Usage: 2415kB
        ->  Seq Scan on title t  (cost=0.00..61283.27 rows=2528527 width=4) (actual time=0.030..1243.086 rows=2528312 loops=1)
Planning time: 0.735 ms
Execution time: 17685.384 ms
