Hash Join  (cost=190230.21..1027452.05 rows=4050762 width=0) (actual time=4151.541..22657.189 rows=8662338 loops=1)
  Hash Cond: (ci.movie_id = t.id)
  ->  Seq Scan on cast_info ci  (cost=0.00..705507.15 rows=7421885 width=4) (actual time=0.024..12005.110 rows=7357907 loops=1)
        Filter: (person_id < 711633)
        Rows Removed by Filter: 28886437
  ->  Hash  (cost=167588.78..167588.78 rows=1380035 width=8) (actual time=4150.100..4150.100 rows=1380035 loops=1)
        Buckets: 131072  Batches: 32  Memory Usage: 2708kB
        ->  Hash Join  (cost=102767.86..167588.78 rows=1380035 width=8) (actual time=1886.937..3774.607 rows=1380035 loops=1)
              Hash Cond: (mi_idx.movie_id = t.id)
              ->  Seq Scan on movie_info_idx mi_idx  (cost=0.00..21735.35 rows=1380035 width=4) (actual time=0.018..478.363 rows=1380035 loops=1)
              ->  Hash  (cost=61283.27..61283.27 rows=2528527 width=4) (actual time=1885.832..1885.832 rows=2528312 loops=1)
                    Buckets: 131072  Batches: 64  Memory Usage: 2415kB
                    ->  Seq Scan on title t  (cost=0.00..61283.27 rows=2528527 width=4) (actual time=0.022..1061.560 rows=2528312 loops=1)
Planning time: 1.173 ms
Execution time: 23629.494 ms
