Seq Scan on cast_info ci  (cost=0.00..705507.15 rows=9939399 width=0) (actual time=0.389..10688.598 rows=9738001 loops=1)
  Filter: (person_id < 957011)
  Rows Removed by Filter: 26506343
Planning time: 0.321 ms
Execution time: 11862.150 ms
