Seq Scan on movie_keyword mk  (cost=0.00..81003.12 rows=3095226 width=0) (actual time=0.015..4417.540 rows=3079024 loops=1)
  Filter: (keyword_id > 2021)
  Rows Removed by Filter: 1444906
Planning time: 0.384 ms
Execution time: 4900.304 ms
