Seq Scan on movie_companies mc  (cost=0.00..57926.93 rows=1281309 width=0) (actual time=287.840..1114.745 rows=1239608 loops=1)
  Filter: ((company_id < 160420) AND (company_type_id > 1))
  Rows Removed by Filter: 1369521
Planning time: 0.338 ms
Execution time: 1253.907 ms
