Hash Join  (cost=67697.55..164133.08 rows=12010 width=0) (actual time=1148.292..3393.549 rows=35921 loops=1)
  Hash Cond: (mk.movie_id = t.id)
  ->  Seq Scan on movie_keyword mk  (cost=0.00..81003.12 rows=4083280 width=4) (actual time=0.024..1593.798 rows=4070600 loops=1)
        Filter: (keyword_id > 347)
        Rows Removed by Filter: 453330
  ->  Hash  (cost=67604.59..67604.59 rows=7437 width=4) (actual time=1147.266..1147.266 rows=15489 loops=1)
        Buckets: 16384 (originally 8192)  Batches: 1 (originally 1)  Memory Usage: 673kB
        ->  Seq Scan on title t  (cost=0.00..67604.59 rows=7437 width=4) (actual time=0.039..1139.805 rows=15489 loops=1)
              Filter: (production_year = 1983)
              Rows Removed by Filter: 2512823
Planning time: 13.514 ms
Execution time: 3398.581 ms
