Hash Join  (cost=174865.45..986908.85 rows=295517 width=0) (actual time=6857.698..15592.657 rows=411520 loops=1)
  Hash Cond: (ci.movie_id = t.id)
  ->  Seq Scan on cast_info ci  (cost=0.00..796071.18 rows=816546 width=4) (actual time=2641.797..10971.259 rows=494442 loops=1)
        Filter: ((person_id < 174443) AND (role_id > 2))
        Rows Removed by Filter: 35749902
  ->  Hash  (cost=159851.69..159851.69 rows=915101 width=8) (actual time=4214.904..4214.904 rows=919850 loops=1)
        Buckets: 131072  Batches: 16  Memory Usage: 3269kB
        ->  Hash Join  (cost=102767.86..159851.69 rows=915101 width=8) (actual time=2256.165..3962.743 rows=919850 loops=1)
              Hash Cond: (mi_idx.movie_id = t.id)
              ->  Seq Scan on movie_info_idx mi_idx  (cost=0.00..25185.44 rows=915101 width=4) (actual time=0.022..557.728 rows=919850 loops=1)
                    Filter: (info_type_id < 101)
                    Rows Removed by Filter: 460185
              ->  Hash  (cost=61283.27..61283.27 rows=2528527 width=4) (actual time=2254.598..2254.598 rows=2528312 loops=1)
                    Buckets: 131072  Batches: 64  Memory Usage: 2415kB
                    ->  Seq Scan on title t  (cost=0.00..61283.27 rows=2528527 width=4) (actual time=0.037..1106.422 rows=2528312 loops=1)
Planning time: 1.309 ms
Execution time: 15628.536 ms
