Hash Join  (cost=92883.59..991951.44 rows=3125675 width=0) (actual time=10177.388..22448.555 rows=4600737 loops=1)
  Hash Cond: (ci.movie_id = t.id)
  ->  Seq Scan on cast_info ci  (cost=0.00..796071.18 rows=5129384 width=4) (actual time=8399.814..15505.347 rows=7450186 loops=1)
        Filter: ((person_id > 1042571) AND (role_id = 2))
        Rows Removed by Filter: 28794158
  ->  Hash  (cost=67604.59..67604.59 rows=1540800 width=4) (actual time=1776.611..1776.611 rows=1543264 loops=1)
        Buckets: 131072  Batches: 32  Memory Usage: 2722kB
        ->  Seq Scan on title t  (cost=0.00..67604.59 rows=1540800 width=4) (actual time=0.037..1288.992 rows=1543264 loops=1)
              Filter: (kind_id = 7)
              Rows Removed by Filter: 985048
Planning time: 0.790 ms
Execution time: 22953.689 ms
