Hash Join  (cost=70241.71..820019.57 rows=227424 width=0) (actual time=1631.469..14584.527 rows=206938 loops=1)
  Hash Cond: (ci.movie_id = t.id)
  ->  Seq Scan on cast_info ci  (cost=0.00..705507.15 rows=3577726 width=4) (actual time=497.855..11867.310 rows=3454837 loops=1)
        Filter: (person_id < 331899)
        Rows Removed by Filter: 32789507
  ->  Hash  (cost=67604.59..67604.59 rows=160730 width=4) (actual time=1132.750..1132.750 rows=160017 loops=1)
        Buckets: 131072  Batches: 4  Memory Usage: 2436kB
        ->  Seq Scan on title t  (cost=0.00..67604.59 rows=160730 width=4) (actual time=0.026..1074.734 rows=160017 loops=1)
              Filter: (production_year = 2011)
              Rows Removed by Filter: 2368295
Planning time: 0.930 ms
Execution time: 14612.370 ms
