Hash Join  (cost=223839.71..385289.18 rows=2773652 width=0) (actual time=7143.990..8759.184 rows=1485558 loops=1)
  Hash Cond: (mk.movie_id = t.id)
  ->  Seq Scan on movie_keyword mk  (cost=0.00..69693.30 rows=4523930 width=4) (actual time=0.019..1476.508 rows=4523930 loops=1)
  ->  Hash  (cost=198405.50..198405.50 rows=1550257 width=8) (actual time=4964.015..4964.015 rows=659294 loops=1)
        Buckets: 131072  Batches: 32  Memory Usage: 1807kB
        ->  Hash Join  (cost=92883.59..198405.50 rows=1550257 width=8) (actual time=1766.432..4774.675 rows=659294 loops=1)
              Hash Cond: (mc.movie_id = t.id)
              ->  Seq Scan on movie_companies mc  (cost=0.00..51404.11 rows=2544046 width=4) (actual time=0.022..1138.821 rows=2542342 loops=1)
                    Filter: (company_id > 6)
                    Rows Removed by Filter: 66787
              ->  Hash  (cost=67604.59..67604.59 rows=1540800 width=4) (actual time=1765.535..1765.535 rows=1543264 loops=1)
                    Buckets: 131072  Batches: 32  Memory Usage: 2722kB
                    ->  Seq Scan on title t  (cost=0.00..67604.59 rows=1540800 width=4) (actual time=0.026..1274.372 rows=1543264 loops=1)
                          Filter: (kind_id = 7)
                          Rows Removed by Filter: 985048
Planning time: 1.156 ms
Execution time: 8919.699 ms
