Hash Join  (cost=78556.72..1144091.99 rows=6643797 width=0) (actual time=1325.314..33017.571 rows=7242671 loops=1)
  Hash Cond: (ci.movie_id = t.id)
  ->  Seq Scan on cast_info ci  (cost=0.00..705507.15 rows=25165904 width=4) (actual time=0.024..14730.876 rows=25193839 loops=1)
        Filter: (person_id < 2598401)
        Rows Removed by Filter: 11050505
  ->  Hash  (cost=67604.59..67604.59 rows=667531 width=4) (actual time=1324.268..1324.268 rows=662825 loops=1)
        Buckets: 131072  Batches: 16  Memory Usage: 2476kB
        ->  Seq Scan on title t  (cost=0.00..67604.59 rows=667531 width=4) (actual time=0.017..1115.139 rows=662825 loops=1)
              Filter: (kind_id = 1)
              Rows Removed by Filter: 1865487
Planning time: 0.753 ms
Execution time: 33811.975 ms
