Hash Join  (cost=84689.96..947255.06 rows=1171703 width=0) (actual time=7400.537..17518.025 rows=1345814 loops=1)
  Hash Cond: (ci.movie_id = t.id)
  ->  Seq Scan on cast_info ci  (cost=0.00..796071.18 rows=4515706 width=4) (actual time=6014.000..13151.808 rows=5806905 loops=1)
        Filter: ((person_id < 786199) AND (role_id < 3))
        Rows Removed by Filter: 30437439
  ->  Hash  (cost=73925.90..73925.90 rows=656084 width=4) (actual time=1385.674..1385.674 rows=555560 loops=1)
        Buckets: 131072  Batches: 16  Memory Usage: 2241kB
        ->  Seq Scan on title t  (cost=0.00..73925.90 rows=656084 width=4) (actual time=0.036..1209.090 rows=555560 loops=1)
              Filter: ((kind_id < 7) AND (production_year > 1993))
              Rows Removed by Filter: 1972752
Planning time: 0.846 ms
Execution time: 17669.083 ms
