Hash Join  (cost=133676.90..498381.55 rows=4873 width=0) (actual time=2319.336..9508.528 rows=9213 loops=1)
  Hash Cond: (mi.movie_id = t.id)
  ->  Seq Scan on movie_info mi  (cost=0.00..309384.22 rows=14739122 width=4) (actual time=0.018..4424.669 rows=14835720 loops=1)
  ->  Hash  (cost=133666.45..133666.45 rows=836 width=8) (actual time=2252.607..2252.607 rows=1115 loops=1)
        Buckets: 2048 (originally 1024)  Batches: 1 (originally 1)  Memory Usage: 60kB
        ->  Hash Join  (cost=73982.55..133666.45 rows=836 width=8) (actual time=1246.123..2252.063 rows=1115 loops=1)
              Hash Cond: (mc.movie_id = t.id)
              ->  Seq Scan on movie_companies mc  (cost=0.00..57926.93 rows=466292 width=4) (actual time=0.045..941.405 rows=265743 loops=1)
                    Filter: ((company_id < 3108) AND (company_type_id = 2))
                    Rows Removed by Filter: 2343386
              ->  Hash  (cost=73925.90..73925.90 rows=4532 width=4) (actual time=1245.495..1245.495 rows=12643 loops=1)
                    Buckets: 16384 (originally 8192)  Batches: 1 (originally 1)  Memory Usage: 573kB
                    ->  Seq Scan on title t  (cost=0.00..73925.90 rows=4532 width=4) (actual time=0.029..1239.436 rows=12643 loops=1)
                          Filter: ((kind_id = 7) AND (production_year = 1989))
                          Rows Removed by Filter: 2515669
Planning time: 1.401 ms
Execution time: 9510.288 ms
