Hash Join  (cost=68426.36..124897.89 rows=32856 width=0) (actual time=1202.575..2358.813 rows=17383 loops=1)
  Hash Cond: (mc.movie_id = t.id)
  ->  Seq Scan on movie_companies mc  (cost=0.00..51404.11 rows=1263695 width=4) (actual time=0.026..852.283 rows=1256385 loops=1)
        Filter: (company_id < 11160)
        Rows Removed by Filter: 1352744
  ->  Hash  (cost=67604.59..67604.59 rows=65742 width=4) (actual time=1201.776..1201.776 rows=63827 loops=1)
        Buckets: 131072  Batches: 1  Memory Usage: 3268kB
        ->  Seq Scan on title t  (cost=0.00..67604.59 rows=65742 width=4) (actual time=0.033..1171.654 rows=63827 loops=1)
              Filter: (production_year = 2013)
              Rows Removed by Filter: 2464485
Planning time: 0.833 ms
Execution time: 2361.864 ms
