Hash Join  (cost=256337.17..1354562.50 rows=10420984 width=0) (actual time=11335.486..59843.807 rows=101769820 loops=1)
  Hash Cond: (ci.movie_id = t.id)
  ->  Seq Scan on cast_info ci  (cost=0.00..796071.18 rows=14910462 width=4) (actual time=3986.381..17113.606 rows=19915438 loops=1)
        Filter: ((person_id > 1303032) AND (role_id > 1))
        Rows Removed by Filter: 16328906
  ->  Hash  (cost=227343.19..227343.19 rows=1767198 width=8) (actual time=7347.010..7347.010 rows=3878469 loops=1)
        Buckets: 131072 (originally 131072)  Batches: 64 (originally 32)  Memory Usage: 3438kB
        ->  Hash Join  (cost=83810.17..227343.19 rows=1767198 width=8) (actual time=1445.816..6193.120 rows=3878469 loops=1)
              Hash Cond: (mk.movie_id = t.id)
              ->  Seq Scan on movie_keyword mk  (cost=0.00..69693.30 rows=4523930 width=4) (actual time=0.033..1539.159 rows=4523930 loops=1)
              ->  Hash  (cost=67604.59..67604.59 rows=987727 width=4) (actual time=1444.701..1444.701 rows=985048 loops=1)
                    Buckets: 131072  Batches: 16  Memory Usage: 3197kB
                    ->  Seq Scan on title t  (cost=0.00..67604.59 rows=987727 width=4) (actual time=0.022..1128.529 rows=985048 loops=1)
                          Filter: (kind_id < 7)
                          Rows Removed by Filter: 1543264
Planning time: 1.171 ms
Execution time: 71621.586 ms
