Seq Scan on cast_info ci  (cost=0.00..705507.15 rows=25548420 width=0) (actual time=0.019..12806.120 rows=25734417 loops=1)
  Filter: (person_id > 1031823)
  Rows Removed by Filter: 10509927
Planning time: 0.339 ms
Execution time: 15930.167 ms
