Hash Join  (cost=73982.55..421999.13 rows=849 width=0) (actual time=2677.844..5838.884 rows=318 loops=1)
  Hash Cond: (mi.movie_id = t.id)
  ->  Seq Scan on movie_info mi  (cost=0.00..346232.03 rows=473617 width=4) (actual time=1436.176..4530.508 rows=486554 loops=1)
        Filter: (info_type_id = 5)
        Rows Removed by Filter: 14349166
  ->  Hash  (cost=73925.90..73925.90 rows=4532 width=4) (actual time=1228.440..1228.440 rows=6454 loops=1)
        Buckets: 8192  Batches: 1  Memory Usage: 291kB
        ->  Seq Scan on title t  (cost=0.00..73925.90 rows=4532 width=4) (actual time=47.857..1225.167 rows=6454 loops=1)
              Filter: ((kind_id = 7) AND (production_year = 1964))
              Rows Removed by Filter: 2521858
Planning time: 0.778 ms
Execution time: 5838.999 ms
