Seq Scan on movie_companies mc  (cost=0.00..51404.11 rows=104 width=0) (actual time=25.277..759.548 rows=3 loops=1)
  Filter: (company_id = 166208)
  Rows Removed by Filter: 2609126
Planning time: 0.387 ms
Execution time: 759.620 ms
