Seq Scan on movie_keyword mk  (cost=0.00..81003.12 rows=3482519 width=0) (actual time=0.024..1547.593 rows=3483936 loops=1)
  Filter: (keyword_id > 1036)
  Rows Removed by Filter: 1039994
Planning time: 0.322 ms
Execution time: 1988.378 ms
