Nested Loop  (cost=0.43..58358.39 rows=11 width=0) (actual time=2.926..836.712 rows=21 loops=1)
  ->  Seq Scan on movie_companies mc  (cost=0.00..57926.93 rows=51 width=4) (actual time=2.887..828.116 rows=288 loops=1)
        Filter: ((company_id = 191) AND (company_type_id = 1))
        Rows Removed by Filter: 2608841
  ->  Index Scan using title_pkey on title t  (cost=0.43..8.45 rows=1 width=4) (actual time=0.029..0.029 rows=0 loops=288)
        Index Cond: (id = mc.movie_id)
        Filter: (production_year > 2009)
        Rows Removed by Filter: 1
Planning time: 4.091 ms
Execution time: 836.848 ms
