Seq Scan on cast_info ci  (cost=0.00..705507.15 rows=10676496 width=0) (actual time=400.499..12034.573 rows=10502926 loops=1)
  Filter: (person_id < 1031732)
  Rows Removed by Filter: 25741418
Planning time: 0.341 ms
Execution time: 13358.602 ms
