Seq Scan on cast_info ci  (cost=0.00..796071.18 rows=852670 width=0) (actual time=0.011..33122.786 rows=278402 loops=1)
  Filter: ((person_id < 685478) AND (role_id = 10))
  Rows Removed by Filter: 35965942
Planning time: 5.075 ms
Execution time: 33168.883 ms
