Hash Join  (cost=89893.22..175332.03 rows=15787 width=0) (actual time=1626.379..3073.269 rows=5341 loops=1)
  Hash Cond: (mk.movie_id = t.id)
  ->  Seq Scan on movie_keyword mk  (cost=0.00..81003.12 rows=41017 width=4) (actual time=0.033..1250.432 rows=41840 loops=1)
        Filter: (keyword_id = 117)
        Rows Removed by Filter: 4482090
  ->  Hash  (cost=73925.90..73925.90 rows=973225 width=4) (actual time=1623.092..1623.092 rows=1057588 loops=1)
        Buckets: 131072  Batches: 16  Memory Usage: 3361kB
        ->  Seq Scan on title t  (cost=0.00..73925.90 rows=973225 width=4) (actual time=0.019..1270.568 rows=1057588 loops=1)
              Filter: ((kind_id > 1) AND (production_year > 2001))
              Rows Removed by Filter: 1470724
Planning time: 0.785 ms
Execution time: 3074.209 ms
