Hash Join  (cost=75273.23..560186.23 rows=478607 width=0) (actual time=1158.759..13415.943 rows=2505599 loops=1)
  Hash Cond: (mi.movie_id = t.id)
  ->  Seq Scan on movie_info mi  (cost=0.00..309384.22 rows=14739122 width=4) (actual time=0.028..5744.412 rows=14835720 loops=1)
  ->  Hash  (cost=73925.90..73925.90 rows=82106 width=4) (actual time=1157.963..1157.963 rows=209752 loops=1)
        Buckets: 131072 (originally 131072)  Batches: 4 (originally 2)  Memory Usage: 3073kB
        ->  Seq Scan on title t  (cost=0.00..73925.90 rows=82106 width=4) (actual time=0.014..1076.495 rows=209752 loops=1)
              Filter: ((production_year < 1966) AND (kind_id = 1))
              Rows Removed by Filter: 2318560
Planning time: 0.780 ms
Execution time: 13680.909 ms
