Hash Join  (cost=197469.52..1281859.06 rows=4924334 width=0) (actual time=4043.870..41344.420 rows=31626903 loops=1)
  Hash Cond: (ci.movie_id = t.id)
  ->  Seq Scan on cast_info ci  (cost=0.00..614943.12 rows=36225612 width=4) (actual time=0.018..13174.491 rows=36244344 loops=1)
  ->  Hash  (cost=191830.07..191830.07 rows=343716 width=8) (actual time=4042.087..4042.087 rows=481046 loops=1)
        Buckets: 131072  Batches: 8  Memory Usage: 3335kB
        ->  Hash Join  (cost=80408.18..191830.07 rows=343716 width=8) (actual time=1295.161..3909.115 rows=481046 loops=1)
              Hash Cond: (mk.movie_id = t.id)
              ->  Seq Scan on movie_keyword mk  (cost=0.00..81003.12 rows=2199894 width=4) (actual time=0.024..1551.712 rows=2197610 loops=1)
                    Filter: (keyword_id > 5091)
                    Rows Removed by Filter: 2326320
              ->  Hash  (cost=73925.90..73925.90 rows=395062 width=4) (actual time=1294.136..1294.136 rows=335993 loops=1)
                    Buckets: 131072  Batches: 8  Memory Usage: 2499kB
                    ->  Seq Scan on title t  (cost=0.00..73925.90 rows=395062 width=4) (actual time=0.022..1183.489 rows=335993 loops=1)
                          Filter: ((kind_id < 7) AND (production_year > 2005))
                          Rows Removed by Filter: 2192319
Planning time: 1.160 ms
Execution time: 44744.404 ms
