Hash Join  (cost=52285.01..79195.96 rows=46 width=0) (actual time=836.881..1380.000 rows=831 loops=1)
  Hash Cond: (mi_idx.movie_id = t.id)
  ->  Seq Scan on movie_info_idx mi_idx  (cost=0.00..21735.35 rows=1380035 width=4) (actual time=1.924..298.827 rows=1380035 loops=1)
  ->  Hash  (cost=52283.95..52283.95 rows=85 width=8) (actual time=824.324..824.324 rows=486 loops=1)
        Buckets: 1024  Batches: 1  Memory Usage: 27kB
        ->  Nested Loop  (cost=0.43..52283.95 rows=85 width=8) (actual time=0.102..823.947 rows=486 loops=1)
              ->  Seq Scan on movie_companies mc  (cost=0.00..51404.11 rows=104 width=4) (actual time=0.050..785.683 rows=638 loops=1)
                    Filter: (company_id = 562)
                    Rows Removed by Filter: 2608491
              ->  Index Scan using title_pkey on title t  (cost=0.43..8.45 rows=1 width=4) (actual time=0.058..0.059 rows=1 loops=638)
                    Index Cond: (id = mc.movie_id)
                    Filter: (production_year < 2011)
                    Rows Removed by Filter: 0
Planning time: 1.146 ms
Execution time: 1380.314 ms
