Hash Join  (cost=134508.52..888928.52 rows=363083 width=0) (actual time=2042.016..19218.491 rows=313726 loops=1)
  Hash Cond: (ci.movie_id = t.id)
  ->  Seq Scan on cast_info ci  (cost=0.00..614943.12 rows=36225612 width=4) (actual time=0.041..9053.299 rows=36244344 loops=1)
  ->  Hash  (cost=134191.73..134191.73 rows=25343 width=8) (actual time=2041.583..2041.583 rows=9085 loops=1)
        Buckets: 32768  Batches: 1  Memory Usage: 611kB
        ->  Hash Join  (cost=69694.50..134191.73 rows=25343 width=8) (actual time=1330.299..2037.790 rows=9085 loops=1)
              Hash Cond: (mc.movie_id = t.id)
              ->  Seq Scan on movie_companies mc  (cost=0.00..57926.93 rows=503165 width=4) (actual time=217.892..834.333 rows=203298 loops=1)
                    Filter: ((company_id > 15386) AND (company_type_id = 1))
                    Rows Removed by Filter: 2405831
              ->  Hash  (cost=67604.59..67604.59 rows=127353 width=4) (actual time=1111.461..1111.461 rows=128696 loops=1)
                    Buckets: 131072  Batches: 2  Memory Usage: 3284kB
                    ->  Seq Scan on title t  (cost=0.00..67604.59 rows=127353 width=4) (actual time=0.023..1061.872 rows=128696 loops=1)
                          Filter: (production_year = 2009)
                          Rows Removed by Filter: 2399616
Planning time: 2.393 ms
Execution time: 19270.455 ms
