Hash Join  (cost=173734.92..305998.73 rows=842278 width=0) (actual time=4232.433..9721.583 rows=9685170 loops=1)
  Hash Cond: (mk.movie_id = t.id)
  ->  Seq Scan on movie_keyword mk  (cost=0.00..69693.30 rows=4523930 width=4) (actual time=0.024..1429.407 rows=4523930 loops=1)
  ->  Hash  (cost=166011.32..166011.32 rows=470768 width=8) (actual time=4231.320..4231.320 rows=461753 loops=1)
        Buckets: 131072  Batches: 8  Memory Usage: 3282kB
        ->  Hash Join  (cost=87180.69..166011.32 rows=470768 width=8) (actual time=1776.758..4085.366 rows=461753 loops=1)
              Hash Cond: (mc.movie_id = t.id)
              ->  Seq Scan on movie_companies mc  (cost=0.00..57926.93 rows=997604 width=4) (actual time=165.428..1216.229 rows=1274246 loops=1)
                    Filter: ((company_id < 71098) AND (company_type_id = 1))
                    Rows Removed by Filter: 1334883
              ->  Hash  (cost=67604.59..67604.59 rows=1193208 width=4) (actual time=1610.571..1610.571 rows=1192518 loops=1)
                    Buckets: 131072  Batches: 16  Memory Usage: 3646kB
                    ->  Seq Scan on title t  (cost=0.00..67604.59 rows=1193208 width=4) (actual time=0.023..1235.151 rows=1192518 loops=1)
                          Filter: (production_year > 2003)
                          Rows Removed by Filter: 1335794
Planning time: 1.137 ms
Execution time: 10846.731 ms
