Seq Scan on movie_keyword mk  (cost=0.00..81003.12 rows=897793 width=0) (actual time=0.021..1272.798 rows=899418 loops=1)
  Filter: (keyword_id > 20525)
  Rows Removed by Filter: 3624512
Planning time: 0.320 ms
Execution time: 1384.888 ms
