Hash Join  (cost=83072.30..833861.60 rows=10 width=0) (actual time=1334.205..16823.651 rows=60 loops=1)
  Hash Cond: (ci.movie_id = t.id)
  ->  Seq Scan on cast_info ci  (cost=0.00..614943.12 rows=36225612 width=4) (actual time=0.020..8779.500 rows=36244344 loops=1)
  ->  Hash  (cost=83072.29..83072.29 rows=1 width=8) (actual time=1197.109..1197.109 rows=1 loops=1)
        Buckets: 1024  Batches: 1  Memory Usage: 9kB
        ->  Nested Loop  (cost=0.43..83072.29 rows=1 width=8) (actual time=24.348..1197.100 rows=1 loops=1)
              ->  Seq Scan on movie_keyword mk  (cost=0.00..81003.12 rows=246 width=4) (actual time=5.951..1188.337 rows=214 loops=1)
                    Filter: (keyword_id = 11325)
                    Rows Removed by Filter: 4523716
              ->  Index Scan using title_pkey on title t  (cost=0.43..8.40 rows=1 width=4) (actual time=0.039..0.039 rows=0 loops=214)
                    Index Cond: (id = mk.movie_id)
                    Filter: (production_year = 1977)
                    Rows Removed by Filter: 1
Planning time: 1.168 ms
Execution time: 16823.874 ms
