Hash Join  (cost=162288.91..934336.53 rows=291017 width=0) (actual time=10001.836..22119.372 rows=2294977 loops=1)
  Hash Cond: (ci.movie_id = t.id)
  ->  Seq Scan on cast_info ci  (cost=0.00..705507.15 rows=12726058 width=4) (actual time=6880.260..14088.162 rows=12670688 loops=1)
        Filter: (role_id < 2)
        Rows Removed by Filter: 23573656
  ->  Hash  (cost=161566.14..161566.14 rows=57822 width=8) (actual time=3014.877..3014.877 rows=99259 loops=1)
        Buckets: 131072 (originally 65536)  Batches: 2 (originally 1)  Memory Usage: 3073kB
        ->  Hash Join  (cost=74329.88..161566.14 rows=57822 width=8) (actual time=1117.304..2974.292 rows=99259 loops=1)
              Hash Cond: (mk.movie_id = t.id)
              ->  Seq Scan on movie_keyword mk  (cost=0.00..69693.30 rows=4523930 width=4) (actual time=0.030..969.270 rows=4523930 loops=1)
              ->  Hash  (cost=73925.90..73925.90 rows=32318 width=4) (actual time=1116.738..1116.738 rows=20209 loops=1)
                    Buckets: 32768  Batches: 1  Memory Usage: 967kB
                    ->  Seq Scan on title t  (cost=0.00..73925.90 rows=32318 width=4) (actual time=0.034..1107.955 rows=20209 loops=1)
                          Filter: ((kind_id < 3) AND (production_year = 2006))
                          Rows Removed by Filter: 2508103
Planning time: 1.194 ms
Execution time: 22400.325 ms
