Hash Join  (cost=92883.59..178851.12 rows=919978 width=0) (actual time=1790.631..4006.857 rows=230317 loops=1)
  Hash Cond: (mc.movie_id = t.id)
  ->  Seq Scan on movie_companies mc  (cost=0.00..51404.11 rows=1509728 width=4) (actual time=0.075..1187.266 rows=1517389 loops=1)
        Filter: (company_id > 7304)
        Rows Removed by Filter: 1091740
  ->  Hash  (cost=67604.59..67604.59 rows=1540800 width=4) (actual time=1789.432..1789.432 rows=1543264 loops=1)
        Buckets: 131072  Batches: 32  Memory Usage: 2722kB
        ->  Seq Scan on title t  (cost=0.00..67604.59 rows=1540800 width=4) (actual time=0.005..1283.122 rows=1543264 loops=1)
              Filter: (kind_id = 7)
              Rows Removed by Filter: 985048
Planning time: 0.726 ms
Execution time: 4034.674 ms
