Hash Join  (cost=439344.30..557088.19 rows=199133 width=0) (actual time=7101.226..9956.367 rows=829940 loops=1)
  Hash Cond: (mk.movie_id = t.id)
  ->  Seq Scan on movie_keyword mk  (cost=0.00..81003.12 rows=2947584 width=4) (actual time=0.023..1656.401 rows=2932107 loops=1)
        Filter: (keyword_id < 9706)
        Rows Removed by Filter: 1591823
  ->  Hash  (cost=436541.02..436541.02 rows=170822 width=8) (actual time=7100.311..7100.311 rows=151866 loops=1)
        Buckets: 131072  Batches: 4  Memory Usage: 2513kB
        ->  Hash Join  (cost=78473.92..436541.02 rows=170822 width=8) (actual time=3906.862..7051.765 rows=151866 loops=1)
              Hash Cond: (mi.movie_id = t.id)
              ->  Seq Scan on movie_info mi  (cost=0.00..346232.03 rows=651960 width=4) (actual time=2702.118..5374.639 rows=660923 loops=1)
                    Filter: (info_type_id = 18)
                    Rows Removed by Filter: 14174797
              ->  Hash  (cost=67604.59..67604.59 rows=662507 width=4) (actual time=1203.879..1203.879 rows=662065 loops=1)
                    Buckets: 131072  Batches: 16  Memory Usage: 2487kB
                    ->  Seq Scan on title t  (cost=0.00..67604.59 rows=662507 width=4) (actual time=0.028..993.575 rows=662065 loops=1)
                          Filter: (production_year > 2008)
                          Rows Removed by Filter: 1866247
Planning time: 1.188 ms
Execution time: 10041.171 ms
