Seq Scan on cast_info ci  (cost=0.00..796071.18 rows=3832964 width=0) (actual time=7268.210..14146.579 rows=7449172 loops=1)
  Filter: ((person_id > 1687313) AND (role_id = 2))
  Rows Removed by Filter: 28795172
Planning time: 0.285 ms
Execution time: 15063.045 ms
