Seq Scan on movie_companies mc  (cost=0.00..57926.93 rows=2303 width=0) (actual time=5.682..977.559 rows=2875 loops=1)
  Filter: ((company_type_id < 2) AND (company_id = 82))
  Rows Removed by Filter: 2606254
Planning time: 0.303 ms
Execution time: 978.097 ms
