Hash Join  (cost=242101.84..411800.09 rows=3450730 width=0) (actual time=5544.377..15856.685 rows=28253507 loops=1)
  Hash Cond: (mk.movie_id = t.id)
  ->  Seq Scan on movie_keyword mk  (cost=0.00..69693.30 rows=4523930 width=4) (actual time=0.022..1474.770 rows=4523930 loops=1)
  ->  Hash  (cost=210459.20..210459.20 rows=1928691 width=8) (actual time=5542.621..5542.621 rows=1935832 loops=1)
        Buckets: 131072  Batches: 32  Memory Usage: 3447kB
        ->  Hash Join  (cost=102767.86..210459.20 rows=1928691 width=8) (actual time=1911.570..4962.040 rows=1935832 loops=1)
              Hash Cond: (mc.movie_id = t.id)
              ->  Seq Scan on movie_companies mc  (cost=0.00..51404.11 rows=1928691 width=4) (actual time=0.024..1089.994 rows=1935832 loops=1)
                    Filter: (company_id > 1085)
                    Rows Removed by Filter: 673297
              ->  Hash  (cost=61283.27..61283.27 rows=2528527 width=4) (actual time=1909.928..1909.928 rows=2528312 loops=1)
                    Buckets: 131072  Batches: 64  Memory Usage: 2415kB
                    ->  Seq Scan on title t  (cost=0.00..61283.27 rows=2528527 width=4) (actual time=0.024..1090.604 rows=2528312 loops=1)
Planning time: 1.664 ms
Execution time: 19079.695 ms
