Hash Join  (cost=156487.41..230083.89 rows=277709 width=0) (actual time=3647.145..5656.243 rows=733817 loops=1)
  Hash Cond: (mc.movie_id = t.id)
  ->  Seq Scan on movie_companies mc  (cost=0.00..51404.11 rows=1523272 width=4) (actual time=0.027..1096.087 rows=1529398 loops=1)
        Filter: (company_id > 6893)
        Rows Removed by Filter: 1079731
  ->  Hash  (cost=148924.19..148924.19 rows=460978 width=8) (actual time=3646.329..3646.329 rows=459925 loops=1)
        Buckets: 131072  Batches: 8  Memory Usage: 3275kB
        ->  Hash Join  (cost=102767.86..148924.19 rows=460978 width=8) (actual time=2096.663..3482.625 rows=459925 loops=1)
              Hash Cond: (mi_idx.movie_id = t.id)
              ->  Seq Scan on movie_info_idx mi_idx  (cost=0.00..25185.44 rows=460978 width=4) (actual time=0.007..452.466 rows=459925 loops=1)
                    Filter: (info_type_id < 100)
                    Rows Removed by Filter: 920110
              ->  Hash  (cost=61283.27..61283.27 rows=2528527 width=4) (actual time=2095.573..2095.573 rows=2528312 loops=1)
                    Buckets: 131072  Batches: 64  Memory Usage: 2415kB
                    ->  Seq Scan on title t  (cost=0.00..61283.27 rows=2528527 width=4) (actual time=0.017..1282.104 rows=2528312 loops=1)
Planning time: 2.284 ms
Execution time: 5730.723 ms
