Hash Join  (cost=171552.94..681823.38 rows=2855051 width=0) (actual time=3834.203..26090.399 rows=35424907 loops=1)
  Hash Cond: (mi.movie_id = t.id)
  ->  Seq Scan on movie_info mi  (cost=0.00..309384.22 rows=14739122 width=4) (actual time=0.015..6241.432 rows=14835720 loops=1)
  ->  Hash  (cost=163516.57..163516.57 rows=489790 width=8) (actual time=3833.125..3833.125 rows=647015 loops=1)
        Buckets: 131072 (originally 131072)  Batches: 16 (originally 8)  Memory Usage: 3073kB
        ->  Hash Join  (cost=81714.14..163516.57 rows=489790 width=8) (actual time=1616.342..3622.346 rows=647015 loops=1)
              Hash Cond: (mc.movie_id = t.id)
              ->  Seq Scan on movie_companies mc  (cost=0.00..44881.29 rows=2609129 width=4) (actual time=0.010..757.923 rows=2609129 loops=1)
              ->  Hash  (cost=73925.90..73925.90 rows=474659 width=4) (actual time=1461.600..1461.600 rows=345685 loops=1)
                    Buckets: 131072  Batches: 8  Memory Usage: 2548kB
                    ->  Seq Scan on title t  (cost=0.00..73925.90 rows=474659 width=4) (actual time=0.015..1141.850 rows=345685 loops=1)
                          Filter: ((production_year > 1988) AND (kind_id = 1))
                          Rows Removed by Filter: 2182627
Planning time: 1.175 ms
Execution time: 30315.745 ms
