Hash Join  (cost=177397.88..665258.77 rows=754896 width=0) (actual time=3416.398..20376.711 rows=21898762 loops=1)
  Hash Cond: (mi.movie_id = t.id)
  ->  Seq Scan on movie_info mi  (cost=0.00..309384.22 rows=14739122 width=4) (actual time=0.011..6111.659 rows=14835720 loops=1)
  ->  Hash  (cost=175273.08..175273.08 rows=129504 width=8) (actual time=3415.575..3415.575 rows=346777 loops=1)
        Buckets: 131072 (originally 131072)  Batches: 8 (originally 2)  Memory Usage: 3073kB
        ->  Hash Join  (cost=84618.84..175273.08 rows=129504 width=8) (actual time=1516.815..3303.076 rows=346777 loops=1)
              Hash Cond: (mk.movie_id = t.id)
              ->  Seq Scan on movie_keyword mk  (cost=0.00..81003.12 rows=502419 width=4) (actual time=0.027..1327.068 rows=495512 loops=1)
                    Filter: (keyword_id > 36404)
                    Rows Removed by Filter: 4028418
              ->  Hash  (cost=73925.90..73925.90 rows=651755 width=4) (actual time=1515.295..1515.295 rows=711179 loops=1)
                    Buckets: 131072  Batches: 16  Memory Usage: 2598kB
                    ->  Seq Scan on title t  (cost=0.00..73925.90 rows=651755 width=4) (actual time=0.052..1286.813 rows=711179 loops=1)
                          Filter: ((kind_id < 7) AND (production_year < 2008))
                          Rows Removed by Filter: 1817133
Planning time: 1.182 ms
Execution time: 22645.890 ms
