Hash Join  (cost=95982.60..230673.32 rows=1633498 width=0) (actual time=2634.066..6075.993 rows=1386684 loops=1)
  Hash Cond: (mk.movie_id = t.id)
  ->  Seq Scan on movie_keyword mk  (cost=0.00..81003.12 rows=2387922 width=4) (actual time=0.025..1648.921 rows=2381799 loops=1)
        Filter: (keyword_id > 3995)
        Rows Removed by Filter: 2142131
  ->  Hash  (cost=67604.59..67604.59 rows=1729681 width=4) (actual time=2632.654..2632.654 rows=1725233 loops=1)
        Buckets: 131072  Batches: 32  Memory Usage: 2931kB
        ->  Seq Scan on title t  (cost=0.00..67604.59 rows=1729681 width=4) (actual time=0.027..1373.885 rows=1725233 loops=1)
              Filter: (production_year > 1991)
              Rows Removed by Filter: 803079
Planning time: 0.721 ms
Execution time: 6242.998 ms
