Hash Join  (cost=142579.73..236158.41 rows=49853 width=0) (actual time=3890.397..4475.521 rows=48528 loops=1)
  Hash Cond: (mk.movie_id = t.id)
  ->  Seq Scan on movie_keyword mk  (cost=0.00..81003.12 rows=3220540 width=4) (actual time=0.023..1447.957 rows=3206644 loops=1)
        Filter: (keyword_id < 13256)
        Rows Removed by Filter: 1317286
  ->  Hash  (cost=142090.47..142090.47 rows=39141 width=8) (actual time=2558.412..2558.412 rows=13794 loops=1)
        Buckets: 65536  Batches: 1  Memory Usage: 1051kB
        ->  Hash Join  (cost=75195.76..142090.47 rows=39141 width=8) (actual time=1482.623..2553.034 rows=13794 loops=1)
              Hash Cond: (mc.movie_id = t.id)
              ->  Seq Scan on movie_companies mc  (cost=0.00..51404.11 rows=1279517 width=4) (actual time=296.296..933.168 rows=1274246 loops=1)
                    Filter: (company_type_id = 1)
                    Rows Removed by Filter: 1334883
              ->  Hash  (cost=73925.90..73925.90 rows=77348 width=4) (actual time=1185.328..1185.328 rows=84109 loops=1)
                    Buckets: 131072  Batches: 2  Memory Usage: 2509kB
                    ->  Seq Scan on title t  (cost=0.00..73925.90 rows=77348 width=4) (actual time=114.839..1146.550 rows=84109 loops=1)
                          Filter: ((kind_id = 7) AND (production_year = 2008))
                          Rows Removed by Filter: 2444203
Planning time: 1.171 ms
Execution time: 4481.966 ms
