Seq Scan on movie_companies mc  (cost=0.00..57926.93 rows=152279 width=0) (actual time=0.040..2528.589 rows=68493 loops=1)
  Filter: ((company_id < 160) AND (company_type_id > 1))
  Rows Removed by Filter: 2540636
Planning time: 2.171 ms
Execution time: 2549.983 ms
