Seq Scan on movie_companies mc  (cost=0.00..57926.93 rows=3839 width=40) (actual time=172.437..436.817 rows=4375 loops=1)
  Filter: ((company_id = 159) AND (company_type_id = 1))
  Rows Removed by Filter: 2604754
Planning time: 0.495 ms
Execution time: 437.035 ms
