Hash Join  (cost=861758.86..1491671.65 rows=1981154 width=0) (actual time=20835.908..35146.979 rows=5678183 loops=1)
  Hash Cond: (mi.movie_id = t.id)
  ->  Seq Scan on movie_info mi  (cost=0.00..309384.22 rows=14739122 width=4) (actual time=0.013..5635.467 rows=14835720 loops=1)
  ->  Hash  (cost=856182.48..856182.48 rows=339871 width=8) (actual time=20833.121..20833.121 rows=360414 loops=1)
        Buckets: 131072  Batches: 8  Memory Usage: 2715kB
        ->  Hash Join  (cost=68113.45..856182.48 rows=339871 width=8) (actual time=987.945..20119.464 rows=360414 loops=1)
              Hash Cond: (ci.movie_id = t.id)
              ->  Seq Scan on cast_info ci  (cost=0.00..705507.15 rows=21110178 width=4) (actual time=0.028..12907.939 rows=20978851 loops=1)
                    Filter: (person_id < 2115724)
                    Rows Removed by Filter: 15265493
              ->  Hash  (cost=67604.59..67604.59 rows=40709 width=4) (actual time=987.504..987.504 rows=38955 loops=1)
                    Buckets: 65536  Batches: 1  Memory Usage: 1882kB
                    ->  Seq Scan on title t  (cost=0.00..67604.59 rows=40709 width=4) (actual time=0.098..970.997 rows=38955 loops=1)
                          Filter: (production_year = 1997)
                          Rows Removed by Filter: 2489357
Planning time: 1.215 ms
Execution time: 35759.482 ms
