Hash Join  (cost=92883.59..1170652.09 rows=8885371 width=0) (actual time=9795.724..29943.677 rows=8998146 loops=1)
  Hash Cond: (ci.movie_id = t.id)
  ->  Seq Scan on cast_info ci  (cost=0.00..796071.18 rows=14581322 width=4) (actual time=8066.756..18215.394 rows=15135791 loops=1)
        Filter: ((person_id > 336061) AND (role_id > 2))
        Rows Removed by Filter: 21108553
  ->  Hash  (cost=67604.59..67604.59 rows=1540800 width=4) (actual time=1726.668..1726.668 rows=1543264 loops=1)
        Buckets: 131072  Batches: 32  Memory Usage: 2722kB
        ->  Seq Scan on title t  (cost=0.00..67604.59 rows=1540800 width=4) (actual time=31.207..1257.149 rows=1543264 loops=1)
              Filter: (kind_id = 7)
              Rows Removed by Filter: 985048
Planning time: 0.763 ms
Execution time: 30855.942 ms
