Seq Scan on movie_keyword mk  (cost=0.00..81003.12 rows=246 width=0) (actual time=8.129..1193.638 rows=109 loops=1)
  Filter: (keyword_id = 9091)
  Rows Removed by Filter: 4523821
Planning time: 0.353 ms
Execution time: 1193.805 ms
