Hash Join  (cost=102767.86..1169497.08 rows=10837541 width=0) (actual time=1935.086..23970.111 rows=8897569 loops=1)
  Hash Cond: (ci.movie_id = t.id)
  ->  Seq Scan on cast_info ci  (cost=0.00..796071.18 rows=10837541 width=4) (actual time=0.028..14549.512 rows=8897569 loops=1)
        Filter: ((person_id > 2428135) AND (role_id < 10))
        Rows Removed by Filter: 27346775
  ->  Hash  (cost=61283.27..61283.27 rows=2528527 width=4) (actual time=1933.270..1933.270 rows=2528312 loops=1)
        Buckets: 131072  Batches: 64  Memory Usage: 2415kB
        ->  Seq Scan on title t  (cost=0.00..61283.27 rows=2528527 width=4) (actual time=0.018..1097.759 rows=2528312 loops=1)
Planning time: 0.721 ms
Execution time: 24934.094 ms
