Hash Join  (cost=102767.86..937421.46 rows=4956582 width=0) (actual time=1936.267..17228.670 rows=4991857 loops=1)
  Hash Cond: (ci.movie_id = t.id)
  ->  Seq Scan on cast_info ci  (cost=0.00..705507.15 rows=4956582 width=4) (actual time=0.173..10764.175 rows=4991857 loops=1)
        Filter: (person_id > 3170886)
        Rows Removed by Filter: 31252487
  ->  Hash  (cost=61283.27..61283.27 rows=2528527 width=4) (actual time=1933.697..1933.697 rows=2528312 loops=1)
        Buckets: 131072  Batches: 64  Memory Usage: 2415kB
        ->  Seq Scan on title t  (cost=0.00..61283.27 rows=2528527 width=4) (actual time=0.020..1116.663 rows=2528312 loops=1)
Planning time: 6.161 ms
Execution time: 17775.045 ms
