Seq Scan on movie_keyword mk  (cost=0.00..81003.12 rows=4193785 width=0) (actual time=0.015..1603.868 rows=4194499 loops=1)
  Filter: (keyword_id < 50114)
  Rows Removed by Filter: 329431
Planning time: 0.348 ms
Execution time: 2100.510 ms
