Hash Join  (cost=135135.72..894939.85 rows=901497 width=0) (actual time=2793.547..24584.155 rows=1630900 loops=1)
  Hash Cond: (ci.movie_id = t.id)
  ->  Seq Scan on cast_info ci  (cost=0.00..614943.12 rows=36225612 width=4) (actual time=0.023..10025.920 rows=36244344 loops=1)
  ->  Hash  (cost=134349.17..134349.17 rows=62924 width=8) (actual time=2793.160..2793.160 rows=55622 loops=1)
        Buckets: 65536  Batches: 1  Memory Usage: 2685kB
        ->  Hash Join  (cost=70241.71..134349.17 rows=62924 width=8) (actual time=1361.145..2771.571 rows=55622 loops=1)
              Hash Cond: (mc.movie_id = t.id)
              ->  Seq Scan on movie_companies mc  (cost=0.00..51404.11 rows=989894 width=4) (actual time=0.031..947.688 rows=1000968 loops=1)
                    Filter: (company_id > 16703)
                    Rows Removed by Filter: 1608161
              ->  Hash  (cost=67604.59..67604.59 rows=160730 width=4) (actual time=1360.464..1360.464 rows=160017 loops=1)
                    Buckets: 131072  Batches: 4  Memory Usage: 2436kB
                    ->  Seq Scan on title t  (cost=0.00..67604.59 rows=160730 width=4) (actual time=0.014..1295.625 rows=160017 loops=1)
                          Filter: (production_year = 2011)
                          Rows Removed by Filter: 2368295
Planning time: 1.181 ms
Execution time: 24832.102 ms
