Hash Join  (cost=110297.46..229038.31 rows=104363 width=0) (actual time=2081.069..4768.488 rows=103926 loops=1)
  Hash Cond: (mk.movie_id = t.id)
  ->  Seq Scan on movie_keyword mk  (cost=0.00..81003.12 rows=3145092 width=4) (actual time=0.019..1736.352 rows=3129446 loops=1)
        Filter: (keyword_id < 12015)
        Rows Removed by Filter: 1394484
  ->  Hash  (cost=108920.66..108920.66 rows=83904 width=8) (actual time=2078.981..2078.981 rows=46310 loops=1)
        Buckets: 131072  Batches: 2  Memory Usage: 1932kB
        ->  Hash Join  (cost=71408.55..108920.66 rows=83904 width=8) (actual time=1137.296..2062.006 rows=46310 loops=1)
              Hash Cond: (mi_idx.movie_id = t.id)
              ->  Seq Scan on movie_info_idx mi_idx  (cost=0.00..25185.44 rows=915101 width=4) (actual time=0.017..493.846 rows=919850 loops=1)
                    Filter: (info_type_id < 101)
                    Rows Removed by Filter: 460185
              ->  Hash  (cost=67604.59..67604.59 rows=231837 width=4) (actual time=1136.506..1136.506 rows=231649 loops=1)
                    Buckets: 131072  Batches: 4  Memory Usage: 3076kB
                    ->  Seq Scan on title t  (cost=0.00..67604.59 rows=231837 width=4) (actual time=0.014..1058.226 rows=231649 loops=1)
                          Filter: (production_year > 2011)
                          Rows Removed by Filter: 2296663
Planning time: 1.155 ms
Execution time: 4782.535 ms
