Seq Scan on movie_companies mc  (cost=0.00..51404.11 rows=10089 width=0) (actual time=19.279..2433.045 rows=10160 loops=1)
  Filter: (company_id = 2561)
  Rows Removed by Filter: 2598969
Planning time: 0.417 ms
Execution time: 2435.109 ms
