Hash Join  (cost=451160.46..1391252.00 rows=1267918 width=0) (actual time=23589.854..34210.307 rows=2399896 loops=1)
  Hash Cond: (ci.movie_id = t.id)
  ->  Seq Scan on cast_info ci  (cost=0.00..796071.18 rows=7276819 width=4) (actual time=12566.857..17671.420 rows=7451973 loops=1)
        Filter: ((person_id < 4040431) AND (role_id = 2))
        Rows Removed by Filter: 28792371
  ->  Hash  (cost=443932.31..443932.31 rows=440572 width=8) (actual time=11021.775..11021.775 rows=592482 loops=1)
        Buckets: 131072  Batches: 8  Memory Usage: 3908kB
        ->  Hash Join  (cost=74870.67..443932.31 rows=440572 width=8) (actual time=1255.190..10793.977 rows=592482 loops=1)
              Hash Cond: (mi.movie_id = t.id)
              ->  Seq Scan on movie_info mi  (cost=0.00..309384.22 rows=14739122 width=4) (actual time=0.020..5040.321 rows=14835720 loops=1)
              ->  Hash  (cost=73925.90..73925.90 rows=75581 width=4) (actual time=1254.483..1254.483 rows=80563 loops=1)
                    Buckets: 131072  Batches: 1  Memory Usage: 3857kB
                    ->  Seq Scan on title t  (cost=0.00..73925.90 rows=75581 width=4) (actual time=293.606..1224.105 rows=80563 loops=1)
                          Filter: ((production_year < 2008) AND (kind_id = 4))
                          Rows Removed by Filter: 2447749
Planning time: 1.235 ms
Execution time: 34485.473 ms
