Hash Join  (cost=152133.62..1295629.39 rows=2541752 width=0) (actual time=3317.707..41608.554 rows=19510302 loops=1)
  Hash Cond: (ci.movie_id = t.id)
  ->  Seq Scan on cast_info ci  (cost=0.00..705507.15 rows=35620826 width=4) (actual time=0.011..16775.250 rows=35740722 loops=1)
        Filter: (person_id > 55959)
        Rows Removed by Filter: 503622
  ->  Hash  (cost=149173.31..149173.31 rows=180425 width=8) (actual time=3316.875..3316.875 rows=496084 loops=1)
        Buckets: 131072 (originally 131072)  Batches: 8 (originally 4)  Memory Usage: 3454kB
        ->  Hash Join  (cost=79775.76..149173.31 rows=180425 width=8) (actual time=1469.536..3203.260 rows=496084 loops=1)
              Hash Cond: (mc.movie_id = t.id)
              ->  Seq Scan on movie_companies mc  (cost=0.00..51404.11 rows=1279517 width=4) (actual time=0.023..1025.335 rows=1274246 loops=1)
                    Filter: (company_type_id < 2)
                    Rows Removed by Filter: 1334883
              ->  Hash  (cost=73925.90..73925.90 rows=356548 width=4) (actual time=1468.717..1468.717 rows=424572 loops=1)
                    Buckets: 131072  Batches: 8  Memory Usage: 2898kB
                    ->  Seq Scan on title t  (cost=0.00..73925.90 rows=356548 width=4) (actual time=25.809..1335.307 rows=424572 loops=1)
                          Filter: ((production_year < 2005) AND (kind_id = 1))
                          Rows Removed by Filter: 2103740
Planning time: 1.190 ms
Execution time: 43767.200 ms
