Hash Join  (cost=83074.74..447745.01 rows=1434 width=0) (actual time=1322.587..8495.129 rows=20963 loops=1)
  Hash Cond: (mi.movie_id = t.id)
  ->  Seq Scan on movie_info mi  (cost=0.00..309384.22 rows=14739122 width=4) (actual time=0.022..4499.235 rows=14835720 loops=1)
  ->  Hash  (cost=83071.67..83071.67 rows=246 width=8) (actual time=1321.052..1321.052 rows=226 loops=1)
        Buckets: 1024  Batches: 1  Memory Usage: 17kB
        ->  Nested Loop  (cost=0.43..83071.67 rows=246 width=8) (actual time=1.503..1320.815 rows=226 loops=1)
              ->  Seq Scan on movie_keyword mk  (cost=0.00..81003.12 rows=246 width=4) (actual time=1.430..1309.974 rows=226 loops=1)
                    Filter: (keyword_id = 4110)
                    Rows Removed by Filter: 4523704
              ->  Index Only Scan using title_pkey on title t  (cost=0.43..8.40 rows=1 width=4) (actual time=0.044..0.045 rows=1 loops=226)
                    Index Cond: (id = mk.movie_id)
                    Heap Fetches: 226
Planning time: 1.104 ms
Execution time: 8498.749 ms
