Seq Scan on cast_info ci  (cost=0.00..796071.18 rows=1439393 width=0) (actual time=0.028..33770.991 rows=1517334 loops=1)
  Filter: ((person_id < 157421) AND (role_id < 10))
  Rows Removed by Filter: 34727010
Planning time: 0.325 ms
Execution time: 34041.800 ms
