Hash Join  (cost=84194.09..168146.67 rows=645805 width=0) (actual time=1823.243..4064.801 rows=1127057 loops=1)
  Hash Cond: (mc.movie_id = t.id)
  ->  Seq Scan on movie_companies mc  (cost=0.00..44881.29 rows=2609129 width=4) (actual time=0.019..975.109 rows=2609129 loops=1)
  ->  Hash  (cost=73925.90..73925.90 rows=625855 width=4) (actual time=1511.375..1511.375 rows=567041 loops=1)
        Buckets: 131072  Batches: 16  Memory Usage: 2266kB
        ->  Seq Scan on title t  (cost=0.00..73925.90 rows=625855 width=4) (actual time=6.656..1336.757 rows=567041 loops=1)
              Filter: ((production_year > 1920) AND (kind_id = 1))
              Rows Removed by Filter: 1961271
Planning time: 0.722 ms
Execution time: 4195.140 ms
