Seq Scan on movie_keyword mk  (cost=0.00..81003.12 rows=3319107 width=0) (actual time=0.024..1744.092 rows=3309663 loops=1)
  Filter: (keyword_id < 15057)
  Rows Removed by Filter: 1214267
Planning time: 0.553 ms
Execution time: 2174.317 ms
