Seq Scan on cast_info ci  (cost=0.00..796071.18 rows=2375887 width=0) (actual time=630.246..15611.676 rows=2406687 loops=1)
  Filter: ((person_id > 450635) AND (role_id = 4))
  Rows Removed by Filter: 33837657
Planning time: 0.441 ms
Execution time: 15907.431 ms
