Seq Scan on movie_companies mc  (cost=0.00..51404.11 rows=104 width=0) (actual time=2.736..898.193 rows=207 loops=1)
  Filter: (company_id = 11374)
  Rows Removed by Filter: 2608922
Planning time: 0.372 ms
Execution time: 898.339 ms
