Hash Join  (cost=263115.61..424063.83 rows=2952066 width=0) (actual time=6189.223..13963.039 rows=21706381 loops=1)
  Hash Cond: (mk.movie_id = t.id)
  ->  Seq Scan on movie_keyword mk  (cost=0.00..81003.12 rows=2860870 width=4) (actual time=0.021..1660.068 rows=2850393 loops=1)
        Filter: (keyword_id < 8705)
        Rows Removed by Filter: 1673537
  ->  Hash  (cost=220309.49..220309.49 rows=2609129 width=8) (actual time=6187.062..6187.062 rows=2609129 loops=1)
        Buckets: 131072  Batches: 64  Memory Usage: 2691kB
        ->  Hash Join  (cost=102767.86..220309.49 rows=2609129 width=8) (actual time=2024.866..5442.129 rows=2609129 loops=1)
              Hash Cond: (mc.movie_id = t.id)
              ->  Seq Scan on movie_companies mc  (cost=0.00..44881.29 rows=2609129 width=4) (actual time=0.019..964.581 rows=2609129 loops=1)
              ->  Hash  (cost=61283.27..61283.27 rows=2528527 width=4) (actual time=2022.744..2022.744 rows=2528312 loops=1)
                    Buckets: 131072  Batches: 64  Memory Usage: 2415kB
                    ->  Seq Scan on title t  (cost=0.00..61283.27 rows=2528527 width=4) (actual time=0.013..1161.305 rows=2528312 loops=1)
Planning time: 1.182 ms
Execution time: 16110.721 ms
