Hash Join  (cost=571229.13..1752204.12 rows=5441899 width=0) (actual time=13057.642..40188.412 rows=2987515 loops=1)
  Hash Cond: (ci.movie_id = t.id)
  ->  Seq Scan on cast_info ci  (cost=0.00..705507.15 rows=23509390 width=4) (actual time=0.014..15078.788 rows=23574766 loops=1)
        Filter: (person_id > 1249354)
        Rows Removed by Filter: 12669578
  ->  Hash  (cost=561625.91..561625.91 rows=585297 width=8) (actual time=13056.357..13056.357 rows=181424 loops=1)
        Buckets: 131072  Batches: 8  Memory Usage: 1914kB
        ->  Hash Join  (cost=75574.02..561625.91 rows=585297 width=8) (actual time=1302.290..12719.739 rows=181424 loops=1)
              Hash Cond: (mi.movie_id = t.id)
              ->  Seq Scan on movie_info mi  (cost=0.00..309384.22 rows=14739122 width=4) (actual time=0.012..6198.979 rows=14835720 loops=1)
              ->  Hash  (cost=73925.90..73925.90 rows=100409 width=4) (actual time=1300.815..1300.815 rows=110402 loops=1)
                    Buckets: 131072  Batches: 2  Memory Usage: 2970kB
                    ->  Seq Scan on title t  (cost=0.00..73925.90 rows=100409 width=4) (actual time=0.023..1252.281 rows=110402 loops=1)
                          Filter: ((kind_id = 7) AND (production_year = 2012))
                          Rows Removed by Filter: 2417910
Planning time: 1.204 ms
Execution time: 40532.923 ms
