Hash Join  (cost=162111.44..548210.93 rows=301968 width=0) (actual time=2654.106..11576.800 rows=2427950 loops=1)
  Hash Cond: (mi.movie_id = t.id)
  ->  Seq Scan on movie_info mi  (cost=0.00..309384.22 rows=14739122 width=4) (actual time=0.019..4506.465 rows=14835720 loops=1)
  ->  Hash  (cost=161463.90..161463.90 rows=51803 width=8) (actual time=2563.349..2563.349 rows=64839 loops=1)
        Buckets: 65536  Batches: 1  Memory Usage: 3045kB
        ->  Hash Join  (cost=74287.83..161463.90 rows=51803 width=8) (actual time=1897.570..2542.161 rows=64839 loops=1)
              Hash Cond: (mk.movie_id = t.id)
              ->  Seq Scan on movie_keyword mk  (cost=0.00..69693.30 rows=4523930 width=4) (actual time=0.014..821.922 rows=4523930 loops=1)
              ->  Hash  (cost=73925.90..73925.90 rows=28954 width=4) (actual time=937.201..937.201 rows=29710 loops=1)
                    Buckets: 32768  Batches: 1  Memory Usage: 1301kB
                    ->  Seq Scan on title t  (cost=0.00..73925.90 rows=28954 width=4) (actual time=155.709..925.058 rows=29710 loops=1)
                          Filter: ((production_year < 1995) AND (kind_id = 2))
                          Rows Removed by Filter: 2498602
Planning time: 1.278 ms
Execution time: 11860.439 ms
