Seq Scan on movie_keyword mk  (cost=0.00..81003.12 rows=3816083 width=0) (actual time=0.026..1512.013 rows=3809837 loops=1)
  Filter: (keyword_id < 26433)
  Rows Removed by Filter: 714093
Planning time: 0.346 ms
Execution time: 1979.704 ms
