Hash Join  (cost=52285.01..416945.89 rows=495 width=0) (actual time=870.155..8284.740 rows=8362 loops=1)
  Hash Cond: (mi.movie_id = t.id)
  ->  Seq Scan on movie_info mi  (cost=0.00..309384.22 rows=14739122 width=4) (actual time=0.021..4518.961 rows=14835720 loops=1)
  ->  Hash  (cost=52283.95..52283.95 rows=85 width=8) (actual time=869.751..869.751 rows=593 loops=1)
        Buckets: 1024  Batches: 1  Memory Usage: 32kB
        ->  Nested Loop  (cost=0.43..52283.95 rows=85 width=8) (actual time=163.216..869.375 rows=593 loops=1)
              ->  Seq Scan on movie_companies mc  (cost=0.00..51404.11 rows=104 width=4) (actual time=163.134..853.033 rows=593 loops=1)
                    Filter: (company_id = 16724)
                    Rows Removed by Filter: 2608536
              ->  Index Scan using title_pkey on title t  (cost=0.43..8.45 rows=1 width=4) (actual time=0.026..0.026 rows=1 loops=593)
                    Index Cond: (id = mc.movie_id)
                    Filter: (production_year < 2011)
Planning time: 1.146 ms
Execution time: 8286.610 ms
