Hash Join  (cost=73933.07..160601.36 rows=1025 width=0) (actual time=691.447..2378.870 rows=1644 loops=1)
  Hash Cond: (mk.movie_id = t.id)
  ->  Seq Scan on movie_keyword mk  (cost=0.00..69693.30 rows=4523930 width=4) (actual time=0.018..918.964 rows=4523930 loops=1)
  ->  Hash  (cost=73925.90..73925.90 rows=573 width=4) (actual time=685.753..685.753 rows=430 loops=1)
        Buckets: 1024  Batches: 1  Memory Usage: 24kB
        ->  Seq Scan on title t  (cost=0.00..73925.90 rows=573 width=4) (actual time=0.096..685.430 rows=430 loops=1)
              Filter: ((kind_id = 6) AND (production_year = 2007))
              Rows Removed by Filter: 2527882
Planning time: 3.357 ms
Execution time: 2379.247 ms
