Seq Scan on cast_info ci  (cost=0.00..705507.15 rows=2275360 width=0) (actual time=1190.437..11149.404 rows=2220870 loops=1)
  Filter: (person_id < 216463)
  Rows Removed by Filter: 34023474
Planning time: 0.312 ms
Execution time: 11441.354 ms
