Hash Join  (cost=75464.55..186347.35 rows=91675 width=0) (actual time=1246.290..3606.996 rows=47540 loops=1)
  Hash Cond: (mk.movie_id = t.id)
  ->  Seq Scan on movie_keyword mk  (cost=0.00..81003.12 rows=2473045 width=4) (actual time=0.026..1614.510 rows=2465197 loops=1)
        Filter: (keyword_id > 3660)
        Rows Removed by Filter: 2058733
  ->  Hash  (cost=73925.90..73925.90 rows=93732 width=4) (actual time=1245.098..1245.098 rows=100592 loops=1)
        Buckets: 131072  Batches: 2  Memory Usage: 2797kB
        ->  Seq Scan on title t  (cost=0.00..73925.90 rows=93732 width=4) (actual time=0.033..1199.185 rows=100592 loops=1)
              Filter: ((kind_id > 1) AND (production_year = 2009))
              Rows Removed by Filter: 2427720
Planning time: 0.732 ms
Execution time: 3612.890 ms
