Seq Scan on cast_info ci  (cost=0.00..705507.15 rows=500 width=0) (actual time=2783.302..10177.953 rows=237 loops=1)
  Filter: (person_id = 664037)
  Rows Removed by Filter: 36244107
Planning time: 0.401 ms
Execution time: 10178.096 ms
