Nested Loop  (cost=0.43..709673.15 rows=307 width=0) (actual time=2761.476..10902.072 rows=285 loops=1)
  ->  Seq Scan on cast_info ci  (cost=0.00..705507.15 rows=500 width=4) (actual time=2761.302..10896.172 rows=285 loops=1)
        Filter: (person_id = 932932)
        Rows Removed by Filter: 36244059
  ->  Index Scan using title_pkey on title t  (cost=0.43..8.32 rows=1 width=4) (actual time=0.019..0.020 rows=1 loops=285)
        Index Cond: (id = ci.movie_id)
        Filter: (production_year < 2007)
Planning time: 0.840 ms
Execution time: 10902.240 ms
