Hash Join  (cost=521607.22..664871.54 rows=1818893 width=0) (actual time=9572.033..13544.125 rows=5807104 loops=1)
  Hash Cond: (mk.movie_id = t.id)
  ->  Seq Scan on movie_keyword mk  (cost=0.00..81003.12 rows=2967052 width=4) (actual time=0.032..1485.365 rows=2961170 loops=1)
        Filter: (keyword_id > 2344)
        Rows Removed by Filter: 1562760
  ->  Hash  (cost=496176.42..496176.42 rows=1550064 width=8) (actual time=9571.157..9571.157 rows=1533909 loops=1)
        Buckets: 131072  Batches: 32  Memory Usage: 2900kB
        ->  Hash Join  (cost=102767.86..496176.42 rows=1550064 width=8) (actual time=3436.322..9088.873 rows=1533909 loops=1)
              Hash Cond: (mi.movie_id = t.id)
              ->  Seq Scan on movie_info mi  (cost=0.00..346232.03 rows=1550064 width=4) (actual time=1494.770..5432.382 rows=1533909 loops=1)
                    Filter: (info_type_id = 3)
                    Rows Removed by Filter: 13301811
              ->  Hash  (cost=61283.27..61283.27 rows=2528527 width=4) (actual time=1940.560..1940.560 rows=2528312 loops=1)
                    Buckets: 131072  Batches: 64  Memory Usage: 2425kB
                    ->  Seq Scan on title t  (cost=0.00..61283.27 rows=2528527 width=4) (actual time=0.016..1081.764 rows=2528312 loops=1)
Planning time: 1.151 ms
Execution time: 14085.861 ms
