Hash Join  (cost=127954.35..879721.04 rows=97752 width=0) (actual time=2588.419..19196.200 rows=431845 loops=1)
  Hash Cond: (ci.movie_id = t.id)
  ->  Seq Scan on cast_info ci  (cost=0.00..614943.12 rows=36225612 width=4) (actual time=0.023..8203.253 rows=36244344 loops=1)
  ->  Hash  (cost=127869.07..127869.07 rows=6823 width=8) (actual time=2578.795..2578.795 rows=16950 loops=1)
        Buckets: 32768 (originally 8192)  Batches: 1 (originally 1)  Memory Usage: 919kB
        ->  Hash Join  (cost=67697.55..127869.07 rows=6823 width=8) (actual time=1074.554..2571.146 rows=16950 loops=1)
              Hash Cond: (mc.movie_id = t.id)
              ->  Seq Scan on movie_companies mc  (cost=0.00..51404.11 rows=2319780 width=4) (actual time=0.028..1015.737 rows=2314302 loops=1)
                    Filter: (company_id < 94770)
                    Rows Removed by Filter: 294827
              ->  Hash  (cost=67604.59..67604.59 rows=7437 width=4) (actual time=1073.514..1073.514 rows=14038 loops=1)
                    Buckets: 16384 (originally 8192)  Batches: 1 (originally 1)  Memory Usage: 622kB
                    ->  Seq Scan on title t  (cost=0.00..67604.59 rows=7437 width=4) (actual time=0.033..1066.278 rows=14038 loops=1)
                          Filter: (production_year = 1977)
                          Rows Removed by Filter: 2514274
Planning time: 6.468 ms
Execution time: 19254.757 ms
