Seq Scan on movie_keyword mk  (cost=0.00..81003.12 rows=1181509 width=0) (actual time=0.018..1381.467 rows=1189313 loops=1)
  Filter: (keyword_id < 1419)
  Rows Removed by Filter: 3334617
Planning time: 0.239 ms
Execution time: 1533.944 ms
