Hash Join  (cost=123984.52..208071.37 rows=1219 width=0) (actual time=2458.069..3633.756 rows=95 loops=1)
  Hash Cond: (mk.movie_id = t.id)
  ->  Seq Scan on movie_keyword mk  (cost=0.00..81003.12 rows=819077 width=4) (actual time=0.025..1326.891 rows=827394 loops=1)
        Filter: (keyword_id > 22230)
        Rows Removed by Filter: 3696536
  ->  Hash  (cost=123937.48..123937.48 rows=3763 width=8) (actual time=2180.402..2180.402 rows=1707 loops=1)
        Buckets: 4096  Batches: 1  Memory Usage: 99kB
        ->  Hash Join  (cost=67697.55..123937.48 rows=3763 width=8) (actual time=1346.523..2179.435 rows=1707 loops=1)
              Hash Cond: (mc.movie_id = t.id)
              ->  Seq Scan on movie_companies mc  (cost=0.00..51404.11 rows=1279517 width=4) (actual time=57.024..950.123 rows=1274246 loops=1)
                    Filter: (company_type_id < 2)
                    Rows Removed by Filter: 1334883
              ->  Hash  (cost=67604.59..67604.59 rows=7437 width=4) (actual time=1033.939..1033.939 rows=1816 loops=1)
                    Buckets: 8192  Batches: 1  Memory Usage: 128kB
                    ->  Seq Scan on title t  (cost=0.00..67604.59 rows=7437 width=4) (actual time=101.545..1032.966 rows=1816 loops=1)
                          Filter: (production_year = 1900)
                          Rows Removed by Filter: 2526496
Planning time: 1.118 ms
Execution time: 3633.914 ms
