Hash Join  (cost=176464.98..542422.09 rows=130118 width=0) (actual time=3149.497..10643.695 rows=1538160 loops=1)
  Hash Cond: (mi.movie_id = t.id)
  ->  Seq Scan on movie_info mi  (cost=0.00..309384.22 rows=14739122 width=4) (actual time=0.032..4078.693 rows=14835720 loops=1)
  ->  Hash  (cost=176185.96..176185.96 rows=22322 width=8) (actual time=3146.706..3146.706 rows=17882 loops=1)
        Buckets: 32768  Batches: 1  Memory Usage: 955kB
        ->  Hash Join  (cost=89299.55..176185.96 rows=22322 width=8) (actual time=2099.330..3141.984 rows=17882 loops=1)
              Hash Cond: (mk.movie_id = t.id)
              ->  Seq Scan on movie_keyword mk  (cost=0.00..81003.12 rows=42684 width=4) (actual time=417.939..1284.723 rows=39423 loops=1)
                    Filter: (keyword_id > 104922)
                    Rows Removed by Filter: 4484507
              ->  Hash  (cost=67604.59..67604.59 rows=1322317 width=4) (actual time=1679.926..1679.926 rows=1322863 loops=1)
                    Buckets: 131072  Batches: 32  Memory Usage: 2489kB
                    ->  Seq Scan on title t  (cost=0.00..67604.59 rows=1322317 width=4) (actual time=0.019..1220.879 rows=1322863 loops=1)
                          Filter: (production_year > 2001)
                          Rows Removed by Filter: 1205449
Planning time: 1.806 ms
Execution time: 10855.212 ms
