Seq Scan on cast_info ci  (cost=0.00..796071.18 rows=420 width=0) (actual time=857.817..13581.771 rows=195 loops=1)
  Filter: ((role_id < 9) AND (person_id = 475222))
  Rows Removed by Filter: 36244149
Planning time: 0.384 ms
Execution time: 13581.906 ms
