Nested Loop  (cost=0.43..52283.69 rows=104 width=0) (actual time=1537.249..2507.187 rows=549 loops=1)
  ->  Seq Scan on movie_companies mc  (cost=0.00..51404.11 rows=104 width=4) (actual time=1537.174..2425.029 rows=549 loops=1)
        Filter: (company_id = 72152)
        Rows Removed by Filter: 2608580
  ->  Index Only Scan using title_pkey on title t  (cost=0.43..8.45 rows=1 width=4) (actual time=0.141..0.149 rows=1 loops=549)
        Index Cond: (id = mc.movie_id)
        Heap Fetches: 549
Planning time: 0.642 ms
Execution time: 2507.393 ms
