Hash Join  (cost=204724.94..710657.28 rows=721849 width=0) (actual time=4136.671..18077.500 rows=5101313 loops=1)
  Hash Cond: (mi.movie_id = t.id)
  ->  Seq Scan on movie_info mi  (cost=0.00..309384.22 rows=14739122 width=4) (actual time=0.007..6212.081 rows=14835720 loops=1)
  ->  Hash  (cost=202693.00..202693.00 rows=123835 width=8) (actual time=4097.267..4097.267 rows=162673 loops=1)
        Buckets: 131072 (originally 131072)  Batches: 4 (originally 2)  Memory Usage: 3073kB
        ->  Hash Join  (cost=75250.15..202693.00 rows=123835 width=8) (actual time=2393.524..4051.161 rows=162673 loops=1)
              Hash Cond: (mk.movie_id = t.id)
              ->  Seq Scan on movie_keyword mk  (cost=0.00..81003.12 rows=3881965 width=4) (actual time=0.024..1690.289 rows=3869802 loops=1)
                    Filter: (keyword_id < 28771)
                    Rows Removed by Filter: 654128
              ->  Hash  (cost=73925.90..73925.90 rows=80660 width=4) (actual time=1167.927..1167.927 rows=88570 loops=1)
                    Buckets: 131072  Batches: 2  Memory Usage: 2591kB
                    ->  Seq Scan on title t  (cost=0.00..73925.90 rows=80660 width=4) (actual time=0.022..1135.022 rows=88570 loops=1)
                          Filter: ((production_year > 1956) AND (kind_id = 2))
                          Rows Removed by Filter: 2439742
Planning time: 1.169 ms
Execution time: 18692.227 ms
