Hash Join  (cost=87642.27..985639.42 rows=4207728 width=0) (actual time=3480.227..23078.935 rows=3829308 loops=1)
  Hash Cond: (ci.movie_id = t.id)
  ->  Seq Scan on cast_info ci  (cost=0.00..705507.15 rows=12726058 width=4) (actual time=1967.149..14121.604 rows=12670688 loops=1)
        Filter: (role_id < 2)
        Rows Removed by Filter: 23573656
  ->  Hash  (cost=73925.90..73925.90 rows=836029 width=4) (actual time=1511.717..1511.717 rows=742319 loops=1)
        Buckets: 131072  Batches: 16  Memory Usage: 2657kB
        ->  Seq Scan on title t  (cost=0.00..73925.90 rows=836029 width=4) (actual time=0.038..1271.678 rows=742319 loops=1)
              Filter: ((kind_id > 1) AND (production_year < 2002))
              Rows Removed by Filter: 1785993
Planning time: 0.940 ms
Execution time: 23493.523 ms
