Hash Join  (cost=225686.54..1308604.36 rows=7324190 width=0) (actual time=6717.280..54511.610 rows=79519799 loops=1)
  Hash Cond: (ci.movie_id = t.id)
  ->  Seq Scan on cast_info ci  (cost=0.00..705507.15 rows=23499554 width=4) (actual time=0.012..16024.422 rows=23573656 loops=1)
        Filter: (role_id > 1)
        Rows Removed by Filter: 12670688
  ->  Hash  (cost=212756.61..212756.61 rows=788075 width=8) (actual time=6715.819..6715.819 rows=2387922 loops=1)
        Buckets: 131072 (originally 131072)  Batches: 64 (originally 16)  Memory Usage: 3923kB
        ->  Hash Join  (cost=81152.82..212756.61 rows=788075 width=8) (actual time=1825.873..5455.104 rows=2387922 loops=1)
              Hash Cond: (mk.movie_id = t.id)
              ->  Seq Scan on movie_keyword mk  (cost=0.00..69693.30 rows=4523930 width=4) (actual time=0.018..1485.399 rows=4523930 loops=1)
              ->  Hash  (cost=73925.90..73925.90 rows=440473 width=4) (actual time=1453.583..1453.583 rows=473918 loops=1)
                    Buckets: 131072  Batches: 8  Memory Usage: 3125kB
                    ->  Seq Scan on title t  (cost=0.00..73925.90 rows=440473 width=4) (actual time=564.091..1302.602 rows=473918 loops=1)
                          Filter: ((production_year < 2008) AND (kind_id = 1))
                          Rows Removed by Filter: 2054394
Planning time: 5.769 ms
Execution time: 63430.756 ms
