Seq Scan on movie_companies mc  (cost=0.00..51404.11 rows=2326925 width=0) (actual time=0.027..1049.753 rows=2331492 loops=1)
  Filter: (company_id > 145)
  Rows Removed by Filter: 277637
Planning time: 0.323 ms
Execution time: 1333.846 ms
