Seq Scan on movie_companies mc  (cost=0.00..51404.11 rows=1162845 width=0) (actual time=0.013..948.744 rows=1171700 loops=1)
  Filter: (company_id > 12784)
  Rows Removed by Filter: 1437429
Planning time: 0.307 ms
Execution time: 1089.322 ms
