Seq Scan on movie_keyword mk  (cost=0.00..81003.12 rows=1292368 width=0) (actual time=0.016..3369.962 rows=1303799 loops=1)
  Filter: (keyword_id > 13490)
  Rows Removed by Filter: 3220131
Planning time: 3.499 ms
Execution time: 3591.126 ms
