Hash Join  (cost=68257.79..124922.73 rows=27479 width=0) (actual time=1115.255..2254.133 rows=24187 loops=1)
  Hash Cond: (mc.movie_id = t.id)
  ->  Seq Scan on movie_companies mc  (cost=0.00..51404.11 rows=1329612 width=4) (actual time=0.015..824.844 rows=1334883 loops=1)
        Filter: (company_type_id > 1)
        Rows Removed by Filter: 1274246
  ->  Hash  (cost=67604.59..67604.59 rows=52256 width=4) (actual time=1114.876..1114.876 rows=53013 loops=1)
        Buckets: 65536  Batches: 1  Memory Usage: 2376kB
        ->  Seq Scan on title t  (cost=0.00..67604.59 rows=52256 width=4) (actual time=0.023..1092.499 rows=53013 loops=1)
              Filter: (production_year = 2000)
              Rows Removed by Filter: 2475299
Planning time: 0.721 ms
Execution time: 2257.524 ms
