Hash Join  (cost=106996.59..194479.25 rows=82462 width=0) (actual time=1955.124..3903.953 rows=283998 loops=1)
  Hash Cond: (mk.movie_id = t.id)
  ->  Seq Scan on movie_keyword mk  (cost=0.00..69693.30 rows=4523930 width=4) (actual time=0.019..1026.914 rows=4523930 loops=1)
  ->  Hash  (cost=106420.47..106420.47 rows=46090 width=8) (actual time=1954.501..1954.501 rows=40222 loops=1)
        Buckets: 65536  Batches: 1  Memory Usage: 2084kB
        ->  Hash Join  (cost=69694.50..106420.47 rows=46090 width=8) (actual time=1040.410..1941.260 rows=40222 loops=1)
              Hash Cond: (mi_idx.movie_id = t.id)
              ->  Seq Scan on movie_info_idx mi_idx  (cost=0.00..25185.44 rows=915101 width=4) (actual time=0.017..569.786 rows=919850 loops=1)
                    Filter: (info_type_id < 101)
                    Rows Removed by Filter: 460185
              ->  Hash  (cost=67604.59..67604.59 rows=127353 width=4) (actual time=1039.661..1039.661 rows=128696 loops=1)
                    Buckets: 131072  Batches: 2  Memory Usage: 3284kB
                    ->  Seq Scan on title t  (cost=0.00..67604.59 rows=127353 width=4) (actual time=0.015..992.876 rows=128696 loops=1)
                          Filter: (production_year = 2009)
                          Rows Removed by Filter: 2399616
Planning time: 1.052 ms
Execution time: 3940.044 ms
