Nested Loop  (cost=0.43..709673.15 rows=408 width=0) (actual time=7646.807..10533.222 rows=59 loops=1)
  ->  Seq Scan on cast_info ci  (cost=0.00..705507.15 rows=500 width=4) (actual time=7646.699..10531.642 rows=59 loops=1)
        Filter: (person_id = 2251858)
        Rows Removed by Filter: 36244285
  ->  Index Scan using title_pkey on title t  (cost=0.43..8.32 rows=1 width=4) (actual time=0.025..0.026 rows=1 loops=59)
        Index Cond: (id = ci.movie_id)
        Filter: (production_year < 2011)
Planning time: 2.492 ms
Execution time: 10533.362 ms
