Hash Join  (cost=293413.57..1173214.75 rows=7115477 width=0) (actual time=14459.492..29907.461 rows=19704963 loops=1)
  Hash Cond: (ci.movie_id = t.id)
  ->  Seq Scan on cast_info ci  (cost=0.00..705507.15 rows=7298253 width=4) (actual time=7994.190..13839.429 rows=7451973 loops=1)
        Filter: (role_id = 2)
        Rows Removed by Filter: 28792371
  ->  Hash  (cost=252968.53..252968.53 rows=2465203 width=8) (actual time=6463.990..6463.990 rows=2463234 loops=1)
        Buckets: 131072  Batches: 64  Memory Usage: 2544kB
        ->  Hash Join  (cost=102767.86..252968.53 rows=2465203 width=8) (actual time=1938.081..5819.828 rows=2463234 loops=1)
              Hash Cond: (mk.movie_id = t.id)
              ->  Seq Scan on movie_keyword mk  (cost=0.00..81003.12 rows=2465203 width=4) (actual time=0.025..1750.818 rows=2463234 loops=1)
                    Filter: (keyword_id < 5911)
                    Rows Removed by Filter: 2060696
              ->  Hash  (cost=61283.27..61283.27 rows=2528527 width=4) (actual time=1936.717..1936.717 rows=2528312 loops=1)
                    Buckets: 131072  Batches: 64  Memory Usage: 2425kB
                    ->  Seq Scan on title t  (cost=0.00..61283.27 rows=2528527 width=4) (actual time=0.012..1077.837 rows=2528312 loops=1)
Planning time: 1.100 ms
Execution time: 32149.896 ms
