Hash Join  (cost=113349.02..181287.55 rows=66537 width=0) (actual time=2203.194..3757.185 rows=96764 loops=1)
  Hash Cond: (mc.movie_id = t.id)
  ->  Seq Scan on movie_companies mc  (cost=0.00..51404.11 rows=1329612 width=4) (actual time=0.010..673.427 rows=1334883 loops=1)
        Filter: (company_type_id > 1)
        Rows Removed by Filter: 1274246
  ->  Hash  (cost=111272.36..111272.36 rows=126533 width=8) (actual time=2202.311..2202.311 rows=69471 loops=1)
        Buckets: 131072  Batches: 2  Memory Usage: 2377kB
        ->  Hash Join  (cost=71408.55..111272.36 rows=126533 width=8) (actual time=1149.967..2179.939 rows=69471 loops=1)
              Hash Cond: (mi_idx.movie_id = t.id)
              ->  Seq Scan on movie_info_idx mi_idx  (cost=0.00..21735.35 rows=1380035 width=4) (actual time=0.028..436.525 rows=1380035 loops=1)
              ->  Hash  (cost=67604.59..67604.59 rows=231837 width=4) (actual time=1149.176..1149.176 rows=231649 loops=1)
                    Buckets: 131072  Batches: 4  Memory Usage: 3076kB
                    ->  Seq Scan on title t  (cost=0.00..67604.59 rows=231837 width=4) (actual time=0.016..1070.044 rows=231649 loops=1)
                          Filter: (production_year > 2011)
                          Rows Removed by Filter: 2296663
Planning time: 1.147 ms
Execution time: 3768.855 ms
