Seq Scan on title t  (cost=0.00..73925.90 rows=613506 width=0) (actual time=0.024..1267.453 rows=517883 loops=1)
  Filter: ((production_year > 1938) AND (kind_id = 1))
  Rows Removed by Filter: 2010429
Planning time: 0.366 ms
Execution time: 1335.497 ms
