Hash Join  (cost=83810.17..847840.31 rows=1380422 width=0) (actual time=6128.314..15329.736 rows=1282337 loops=1)
  Hash Cond: (ci.movie_id = t.id)
  ->  Seq Scan on cast_info ci  (cost=0.00..705507.15 rows=3533804 width=4) (actual time=4663.759..11641.751 rows=3531121 loops=1)
        Filter: (person_id > 3419831)
        Rows Removed by Filter: 32713223
  ->  Hash  (cost=67604.59..67604.59 rows=987727 width=4) (actual time=1463.432..1463.432 rows=985048 loops=1)
        Buckets: 131072  Batches: 16  Memory Usage: 3188kB
        ->  Seq Scan on title t  (cost=0.00..67604.59 rows=987727 width=4) (actual time=2.203..1170.179 rows=985048 loops=1)
              Filter: (kind_id < 7)
              Rows Removed by Filter: 1543264
Planning time: 0.764 ms
Execution time: 15488.138 ms
