Hash Join  (cost=173813.41..572362.36 rows=1273820 width=0) (actual time=4251.501..12036.019 rows=2846331 loops=1)
  Hash Cond: (mi.movie_id = t.id)
  ->  Seq Scan on movie_info mi  (cost=0.00..346232.03 rows=3068194 width=4) (actual time=147.212..5714.928 rows=3036719 loops=1)
        Filter: (info_type_id = 16)
        Rows Removed by Filter: 11799001
  ->  Hash  (cost=156590.32..156590.32 rows=1049767 width=8) (actual time=4103.121..4103.121 rows=1187646 loops=1)
        Buckets: 131072  Batches: 16  Memory Usage: 3947kB
        ->  Hash Join  (cost=99161.12..156590.32 rows=1049767 width=8) (actual time=1910.826..3757.640 rows=1187646 loops=1)
              Hash Cond: (mi_idx.movie_id = t.id)
              ->  Seq Scan on movie_info_idx mi_idx  (cost=0.00..21735.35 rows=1380035 width=4) (actual time=0.038..440.936 rows=1380035 loops=1)
              ->  Hash  (cost=67604.59..67604.59 rows=1923403 width=4) (actual time=1909.970..1909.970 rows=1922849 loops=1)
                    Buckets: 131072  Batches: 32  Memory Usage: 3132kB
                    ->  Seq Scan on title t  (cost=0.00..67604.59 rows=1923403 width=4) (actual time=0.024..1303.690 rows=1922849 loops=1)
                          Filter: (production_year < 2010)
                          Rows Removed by Filter: 605463
Planning time: 1.109 ms
Execution time: 12335.362 ms
