Hash Join  (cost=138882.57..505416.01 rows=187751 width=0) (actual time=2455.950..10333.681 rows=77452 loops=1)
  Hash Cond: (mi.movie_id = t.id)
  ->  Seq Scan on movie_info mi  (cost=0.00..309384.22 rows=14739122 width=4) (actual time=0.019..4743.337 rows=14835720 loops=1)
  ->  Hash  (cost=138479.96..138479.96 rows=32209 width=8) (actual time=2455.522..2455.522 rows=7602 loops=1)
        Buckets: 32768  Batches: 1  Memory Usage: 553kB
        ->  Hash Join  (cost=76379.89..138479.96 rows=32209 width=8) (actual time=1403.581..2452.422 rows=7602 loops=1)
              Hash Cond: (mc.movie_id = t.id)
              ->  Seq Scan on movie_companies mc  (cost=0.00..57926.93 rows=152279 width=4) (actual time=0.035..916.379 rows=68493 loops=1)
                    Filter: ((company_id < 160) AND (company_type_id = 2))
                    Rows Removed by Filter: 2540636
              ->  Hash  (cost=67604.59..67604.59 rows=534824 width=4) (actual time=1402.347..1402.347 rows=533369 loops=1)
                    Buckets: 131072  Batches: 8  Memory Usage: 3369kB
                    ->  Seq Scan on title t  (cost=0.00..67604.59 rows=534824 width=4) (actual time=0.017..1231.840 rows=533369 loops=1)
                          Filter: (production_year > 2009)
                          Rows Removed by Filter: 1994943
Planning time: 0.926 ms
Execution time: 10346.235 ms
