Hash Join  (cost=58375.85..85303.51 rows=10 width=0) (actual time=936.924..1462.344 rows=475 loops=1)
  Hash Cond: (mi_idx.movie_id = t.id)
  ->  Seq Scan on movie_info_idx mi_idx  (cost=0.00..25185.44 rows=464566 width=4) (actual time=0.021..461.479 rows=459925 loops=1)
        Filter: (info_type_id = 101)
        Rows Removed by Filter: 920110
  ->  Hash  (cost=58375.18..58375.18 rows=53 width=8) (actual time=925.929..925.929 rows=929 loops=1)
        Buckets: 1024  Batches: 1  Memory Usage: 45kB
        ->  Nested Loop  (cost=0.43..58375.18 rows=53 width=8) (actual time=8.554..925.459 rows=929 loops=1)
              ->  Seq Scan on movie_companies mc  (cost=0.00..57926.93 rows=53 width=4) (actual time=8.485..881.274 rows=929 loops=1)
                    Filter: ((company_id = 71767) AND (company_type_id = 2))
                    Rows Removed by Filter: 2608200
              ->  Index Only Scan using title_pkey on title t  (cost=0.43..8.45 rows=1 width=4) (actual time=0.046..0.047 rows=1 loops=929)
                    Index Cond: (id = mc.movie_id)
                    Heap Fetches: 929
Planning time: 1.163 ms
Execution time: 1462.553 ms
