Hash Join  (cost=197061.77..336844.60 rows=1459379 width=0) (actual time=4435.309..10030.842 rows=9752793 loops=1)
  Hash Cond: (mk.movie_id = t.id)
  ->  Seq Scan on movie_keyword mk  (cost=0.00..69693.30 rows=4523930 width=4) (actual time=0.024..1484.213 rows=4523930 loops=1)
  ->  Hash  (cost=183678.77..183678.77 rows=815680 width=8) (actual time=4434.030..4434.030 rows=807155 loops=1)
        Buckets: 131072  Batches: 16  Memory Usage: 3012kB
        ->  Hash Join  (cost=102767.86..183678.77 rows=815680 width=8) (actual time=1959.634..4188.001 rows=807155 loops=1)
              Hash Cond: (mc.movie_id = t.id)
              ->  Seq Scan on movie_companies mc  (cost=0.00..51404.11 rows=815680 width=4) (actual time=0.028..969.551 rows=807155 loops=1)
                    Filter: (company_id < 1841)
                    Rows Removed by Filter: 1801974
              ->  Hash  (cost=61283.27..61283.27 rows=2528527 width=4) (actual time=1957.963..1957.963 rows=2528312 loops=1)
                    Buckets: 131072  Batches: 64  Memory Usage: 2415kB
                    ->  Seq Scan on title t  (cost=0.00..61283.27 rows=2528527 width=4) (actual time=0.021..1130.182 rows=2528312 loops=1)
Planning time: 2.346 ms
Execution time: 11091.870 ms
