Hash Join  (cost=73969.01..438825.92 rows=20099 width=0) (actual time=1013.062..7065.482 rows=32200 loops=1)
  Hash Cond: (mi.movie_id = t.id)
  ->  Seq Scan on movie_info mi  (cost=0.00..309384.22 rows=14739122 width=4) (actual time=0.017..3507.563 rows=14835720 loops=1)
  ->  Hash  (cost=73925.90..73925.90 rows=3448 width=4) (actual time=1012.778..1012.778 rows=3637 loops=1)
        Buckets: 4096  Batches: 1  Memory Usage: 160kB
        ->  Seq Scan on title t  (cost=0.00..73925.90 rows=3448 width=4) (actual time=298.303..1011.091 rows=3637 loops=1)
              Filter: ((kind_id = 3) AND (production_year = 2004))
              Rows Removed by Filter: 2524675
Planning time: 0.758 ms
Execution time: 7071.594 ms
