Hash Join  (cost=76697.17..938511.82 rows=850078 width=0) (actual time=4031.825..21349.389 rows=1433528 loops=1)
  Hash Cond: (ci.movie_id = t.id)
  ->  Seq Scan on cast_info ci  (cost=0.00..705507.15 rows=12726058 width=4) (actual time=2688.771..14448.651 rows=12670688 loops=1)
        Filter: (role_id = 1)
        Rows Removed by Filter: 23573656
  ->  Hash  (cost=73925.90..73925.90 rows=168901 width=4) (actual time=1341.932..1341.932 rows=269915 loops=1)
        Buckets: 131072  Batches: 4  Memory Usage: 3401kB
        ->  Seq Scan on title t  (cost=0.00..73925.90 rows=168901 width=4) (actual time=0.039..1255.907 rows=269915 loops=1)
              Filter: ((kind_id < 7) AND (production_year < 1974))
              Rows Removed by Filter: 2258397
Planning time: 0.510 ms
Execution time: 21498.980 ms
