Hash Join  (cost=190230.21..337105.83 rows=1939413 width=0) (actual time=4270.024..9622.310 rows=8325891 loops=1)
  Hash Cond: (mk.movie_id = t.id)
  ->  Seq Scan on movie_keyword mk  (cost=0.00..81003.12 rows=3553430 width=4) (actual time=0.025..1779.805 rows=3550164 loops=1)
        Filter: (keyword_id > 910)
        Rows Removed by Filter: 973766
  ->  Hash  (cost=167588.78..167588.78 rows=1380035 width=8) (actual time=4268.448..4268.448 rows=1380035 loops=1)
        Buckets: 131072  Batches: 32  Memory Usage: 2726kB
        ->  Hash Join  (cost=102767.86..167588.78 rows=1380035 width=8) (actual time=1945.112..3882.795 rows=1380035 loops=1)
              Hash Cond: (mi_idx.movie_id = t.id)
              ->  Seq Scan on movie_info_idx mi_idx  (cost=0.00..21735.35 rows=1380035 width=4) (actual time=0.013..494.568 rows=1380035 loops=1)
              ->  Hash  (cost=61283.27..61283.27 rows=2528527 width=4) (actual time=1943.548..1943.548 rows=2528312 loops=1)
                    Buckets: 131072  Batches: 64  Memory Usage: 2415kB
                    ->  Seq Scan on title t  (cost=0.00..61283.27 rows=2528527 width=4) (actual time=0.018..1121.738 rows=2528312 loops=1)
Planning time: 1.141 ms
Execution time: 10523.724 ms
