Hash Join  (cost=133593.95..1210015.70 rows=4148656 width=0) (actual time=3262.499..36649.866 rows=13950324 loops=1)
  Hash Cond: (ci.movie_id = t.id)
  ->  Seq Scan on cast_info ci  (cost=0.00..614943.12 rows=36225612 width=4) (actual time=0.027..13372.959 rows=36244344 loops=1)
  ->  Hash  (cost=128842.27..128842.27 rows=289574 width=8) (actual time=3261.613..3261.613 rows=505584 loops=1)
        Buckets: 131072 (originally 131072)  Batches: 8 (originally 4)  Memory Usage: 3501kB
        ->  Hash Join  (cost=87053.47..128842.27 rows=289574 width=8) (actual time=1854.710..3110.524 rows=505584 loops=1)
              Hash Cond: (mi_idx.movie_id = t.id)
              ->  Seq Scan on movie_info_idx mi_idx  (cost=0.00..25185.44 rows=915101 width=4) (actual time=0.021..561.459 rows=919850 loops=1)
                    Filter: (info_type_id < 101)
                    Rows Removed by Filter: 460185
              ->  Hash  (cost=73925.90..73925.90 rows=800125 width=4) (actual time=1853.608..1853.608 rows=713741 loops=1)
                    Buckets: 131072  Batches: 16  Memory Usage: 2592kB
                    ->  Seq Scan on title t  (cost=0.00..73925.90 rows=800125 width=4) (actual time=0.026..1350.038 rows=713741 loops=1)
                          Filter: ((kind_id < 7) AND (production_year > 1972))
                          Rows Removed by Filter: 1814571
Planning time: 1.286 ms
Execution time: 38189.699 ms
