Hash Join  (cost=76796.18..1097594.84 rows=1264656 width=0) (actual time=4531.983..28754.398 rows=1418892 loops=1)
  Hash Cond: (ci.movie_id = t.id)
  ->  Seq Scan on cast_info ci  (cost=0.00..796071.18 rows=18282911 width=4) (actual time=3393.752..17943.318 rows=21979230 loops=1)
        Filter: ((person_id < 2549817) AND (role_id < 5))
        Rows Removed by Filter: 14265114
  ->  Hash  (cost=73925.90..73925.90 rows=174902 width=4) (actual time=1137.254..1137.254 rows=160286 loops=1)
        Buckets: 131072  Batches: 4  Memory Usage: 2435kB
        ->  Seq Scan on title t  (cost=0.00..73925.90 rows=174902 width=4) (actual time=0.044..1082.477 rows=160286 loops=1)
              Filter: ((production_year > 2008) AND (kind_id = 1))
              Rows Removed by Filter: 2368026
Planning time: 0.802 ms
Execution time: 28926.920 ms
