Seq Scan on title t  (cost=0.00..73925.90 rows=2905 width=0) (actual time=0.026..1082.757 rows=5878 loops=1)
  Filter: ((kind_id < 7) AND (production_year = 1973))
  Rows Removed by Filter: 2522434
Planning time: 0.378 ms
Execution time: 1084.107 ms
