Hash Join  (cost=80562.70..149435.64 rows=305863 width=0) (actual time=1481.267..2988.969 rows=281689 loops=1)
  Hash Cond: (mc.movie_id = t.id)
  ->  Seq Scan on movie_companies mc  (cost=0.00..51404.11 rows=979253 width=4) (actual time=0.019..869.243 rows=991103 loops=1)
        Filter: (company_id > 17038)
        Rows Removed by Filter: 1618026
  ->  Hash  (cost=67604.59..67604.59 rows=789769 width=4) (actual time=1480.163..1480.163 rows=784926 loops=1)
        Buckets: 131072  Batches: 16  Memory Usage: 2749kB
        ->  Seq Scan on title t  (cost=0.00..67604.59 rows=789769 width=4) (actual time=0.024..1221.716 rows=784926 loops=1)
              Filter: (production_year > 2007)
              Rows Removed by Filter: 1743386
Planning time: 0.554 ms
Execution time: 3019.434 ms
