Hash Join  (cost=224366.57..389124.62 rows=3045210 width=0) (actual time=5139.680..14171.033 rows=20843850 loops=1)
  Hash Cond: (mk.movie_id = t.id)
  ->  Seq Scan on movie_keyword mk  (cost=0.00..69693.30 rows=4523930 width=4) (actual time=0.018..1429.659 rows=4523930 loops=1)
  ->  Hash  (cost=196442.10..196442.10 rows=1702037 width=8) (actual time=5138.693..5138.693 rows=1402623 loops=1)
        Buckets: 131072  Batches: 32  Memory Usage: 2780kB
        ->  Hash Join  (cost=94666.80..196442.10 rows=1702037 width=8) (actual time=1880.629..4736.503 rows=1402623 loops=1)
              Hash Cond: (mc.movie_id = t.id)
              ->  Seq Scan on movie_companies mc  (cost=0.00..44881.29 rows=2609129 width=4) (actual time=0.013..910.176 rows=2609129 loops=1)
              ->  Hash  (cost=67604.59..67604.59 rows=1649457 width=4) (actual time=1879.625..1879.625 rows=1643514 loops=1)
                    Buckets: 131072  Batches: 32  Memory Usage: 2831kB
                    ->  Seq Scan on title t  (cost=0.00..67604.59 rows=1649457 width=4) (actual time=0.024..1348.060 rows=1643514 loops=1)
                          Filter: (production_year > 1994)
                          Rows Removed by Filter: 884798
Planning time: 1.122 ms
Execution time: 16490.872 ms
