Seq Scan on movie_companies mc  (cost=0.00..51404.11 rows=1145440 width=0) (actual time=0.033..969.274 rows=1141330 loops=1)
  Filter: (company_id < 8651)
  Rows Removed by Filter: 1467799
Planning time: 0.313 ms
Execution time: 1115.294 ms
