Nested Loop  (cost=0.43..28266.72 rows=174 width=0) (actual time=68.455..413.149 rows=55 loops=1)
  ->  Seq Scan on movie_info_idx mi_idx  (cost=0.00..25185.44 rows=368 width=4) (actual time=68.203..406.693 rows=260 loops=1)
        Filter: (info_type_id > 101)
        Rows Removed by Filter: 1379775
  ->  Index Scan using title_pkey on title t  (cost=0.43..8.36 rows=1 width=4) (actual time=0.024..0.024 rows=0 loops=260)
        Index Cond: (id = mi_idx.movie_id)
        Filter: (production_year > 2003)
        Rows Removed by Filter: 1
Planning time: 0.797 ms
Execution time: 413.263 ms
