Hash Join  (cost=243570.37..1218703.75 rows=9889594 width=0) (actual time=7745.041..32609.028 rows=21847553 loops=1)
  Hash Cond: (ci.movie_id = t.id)
  ->  Seq Scan on cast_info ci  (cost=0.00..705507.15 rows=12726058 width=4) (actual time=1909.767..13890.759 rows=12670688 loops=1)
        Filter: (role_id = 1)
        Rows Removed by Filter: 23573656
  ->  Hash  (cost=211332.46..211332.46 rows=1964953 width=8) (actual time=5834.196..5834.196 rows=1959708 loops=1)
        Buckets: 131072  Batches: 32  Memory Usage: 3375kB
        ->  Hash Join  (cost=102767.86..211332.46 rows=1964953 width=8) (actual time=1930.390..5219.258 rows=1959708 loops=1)
              Hash Cond: (mc.movie_id = t.id)
              ->  Seq Scan on movie_companies mc  (cost=0.00..51404.11 rows=1964953 width=4) (actual time=0.043..1108.569 rows=1959708 loops=1)
                    Filter: (company_id < 54909)
                    Rows Removed by Filter: 649421
              ->  Hash  (cost=61283.27..61283.27 rows=2528527 width=4) (actual time=1929.498..1929.498 rows=2528312 loops=1)
                    Buckets: 131072  Batches: 64  Memory Usage: 2415kB
                    ->  Seq Scan on title t  (cost=0.00..61283.27 rows=2528527 width=4) (actual time=0.023..1099.746 rows=2528312 loops=1)
Planning time: 1.109 ms
Execution time: 34972.886 ms
