Seq Scan on movie_keyword mk  (cost=0.00..81003.12 rows=1295665 width=0) (actual time=0.022..938.222 rows=1310003 loops=1)
  Filter: (keyword_id > 13420)
  Rows Removed by Filter: 3213927
Planning time: 0.319 ms
Execution time: 1063.453 ms
