Seq Scan on cast_info ci  (cost=0.00..705507.15 rows=500 width=0) (actual time=4998.932..11099.537 rows=32 loops=1)
  Filter: (person_id = 998035)
  Rows Removed by Filter: 36244312
Planning time: 0.395 ms
Execution time: 11099.638 ms
