Hash Join  (cost=102767.86..192483.82 rows=910586 width=0) (actual time=2419.376..3979.559 rows=588473 loops=1)
  Hash Cond: (mc.movie_id = t.id)
  ->  Seq Scan on movie_companies mc  (cost=0.00..57926.93 rows=910586 width=4) (actual time=245.102..909.837 rows=588473 loops=1)
        Filter: ((company_id < 27218) AND (company_type_id = 2))
        Rows Removed by Filter: 2020656
  ->  Hash  (cost=61283.27..61283.27 rows=2528527 width=4) (actual time=2173.037..2173.037 rows=2528312 loops=1)
        Buckets: 131072  Batches: 64  Memory Usage: 2415kB
        ->  Seq Scan on title t  (cost=0.00..61283.27 rows=2528527 width=4) (actual time=0.030..1068.516 rows=2528312 loops=1)
Planning time: 0.677 ms
Execution time: 4050.201 ms
