Seq Scan on movie_keyword mk  (cost=0.00..81003.12 rows=2295029 width=0) (actual time=0.933..1503.508 rows=2296801 loops=1)
  Filter: (keyword_id < 4919)
  Rows Removed by Filter: 2227129
Planning time: 0.316 ms
Execution time: 1795.013 ms
