Hash Join  (cost=156487.88..651704.53 rows=1444273 width=0) (actual time=3340.074..23889.203 rows=32575004 loops=1)
  Hash Cond: (mi.movie_id = t.id)
  ->  Seq Scan on movie_info mi  (cost=0.00..309384.22 rows=14739122 width=4) (actual time=0.021..6275.328 rows=14835720 loops=1)
  ->  Hash  (cost=152422.77..152422.77 rows=247768 width=8) (actual time=3339.210..3339.210 rows=579714 loops=1)
        Buckets: 131072 (originally 131072)  Batches: 8 (originally 4)  Memory Usage: 3912kB
        ->  Hash Join  (cost=78556.72..152422.77 rows=247768 width=8) (actual time=1752.177..3158.135 rows=579714 loops=1)
              Hash Cond: (mc.movie_id = t.id)
              ->  Seq Scan on movie_companies mc  (cost=0.00..57926.93 rows=938516 width=4) (actual time=250.844..1179.397 rows=783601 loops=1)
                    Filter: ((company_id > 1222) AND (company_type_id < 2))
                    Rows Removed by Filter: 1825528
              ->  Hash  (cost=67604.59..67604.59 rows=667531 width=4) (actual time=1297.777..1297.777 rows=662825 loops=1)
                    Buckets: 131072  Batches: 16  Memory Usage: 2476kB
                    ->  Seq Scan on title t  (cost=0.00..67604.59 rows=667531 width=4) (actual time=543.710..1098.542 rows=662825 loops=1)
                          Filter: (kind_id = 1)
                          Rows Removed by Filter: 1865487
Planning time: 1.176 ms
Execution time: 27402.243 ms
