Hash Join  (cost=709678.15..736591.36 rows=273 width=0) (actual time=9758.229..10291.795 rows=303 loops=1)
  Hash Cond: (mi_idx.movie_id = t.id)
  ->  Seq Scan on movie_info_idx mi_idx  (cost=0.00..21735.35 rows=1380035 width=4) (actual time=0.025..292.330 rows=1380035 loops=1)
  ->  Hash  (cost=709671.90..709671.90 rows=500 width=8) (actual time=9754.094..9754.094 rows=185 loops=1)
        Buckets: 1024  Batches: 1  Memory Usage: 16kB
        ->  Nested Loop  (cost=0.43..709671.90 rows=500 width=8) (actual time=6423.403..9754.014 rows=185 loops=1)
              ->  Seq Scan on cast_info ci  (cost=0.00..705507.15 rows=500 width=4) (actual time=6423.214..9750.381 rows=185 loops=1)
                    Filter: (person_id = 1437218)
                    Rows Removed by Filter: 36244159
              ->  Index Only Scan using title_pkey on title t  (cost=0.43..8.32 rows=1 width=4) (actual time=0.019..0.019 rows=1 loops=185)
                    Index Cond: (id = ci.movie_id)
                    Heap Fetches: 185
Planning time: 1.518 ms
Execution time: 10291.990 ms
