Hash Join  (cost=83074.74..436098.92 rows=176 width=0) (actual time=2275.600..5633.583 rows=1229 loops=1)
  Hash Cond: (mi.movie_id = t.id)
  ->  Seq Scan on movie_info mi  (cost=0.00..346232.03 rows=1810770 width=4) (actual time=1401.823..4508.735 rows=1865632 loops=1)
        Filter: (info_type_id > 17)
        Rows Removed by Filter: 12970088
  ->  Hash  (cost=83071.67..83071.67 rows=246 width=8) (actual time=857.915..857.915 rows=295 loops=1)
        Buckets: 1024  Batches: 1  Memory Usage: 20kB
        ->  Nested Loop  (cost=0.43..83071.67 rows=246 width=8) (actual time=0.381..857.679 rows=295 loops=1)
              ->  Seq Scan on movie_keyword mk  (cost=0.00..81003.12 rows=246 width=4) (actual time=0.235..850.185 rows=295 loops=1)
                    Filter: (keyword_id = 27314)
                    Rows Removed by Filter: 4523635
              ->  Index Only Scan using title_pkey on title t  (cost=0.43..8.40 rows=1 width=4) (actual time=0.023..0.024 rows=1 loops=295)
                    Index Cond: (id = mk.movie_id)
                    Heap Fetches: 295
Planning time: 1.127 ms
Execution time: 5633.958 ms
