Hash Join  (cost=1022582.81..3122902.53 rows=83052890 width=0) (actual time=26080.425..92341.325 rows=153525329 loops=1)
  Hash Cond: (ci.movie_id = t.id)
  ->  Seq Scan on cast_info ci  (cost=0.00..796071.18 rows=15076182 width=4) (actual time=0.028..17562.581 rows=13562503 loops=1)
        Filter: ((person_id < 3563466) AND (role_id > 2))
        Rows Removed by Filter: 22681841
  ->  Hash  (cost=794053.89..794053.89 rows=13929354 width=8) (actual time=26076.403..26076.403 rows=14033580 loops=1)
        Buckets: 131072  Batches: 256  Memory Usage: 3148kB
        ->  Hash Join  (cost=102767.86..794053.89 rows=13929354 width=8) (actual time=2040.325..21394.562 rows=14033580 loops=1)
              Hash Cond: (mi.movie_id = t.id)
              ->  Seq Scan on movie_info mi  (cost=0.00..346232.03 rows=13929354 width=4) (actual time=0.012..7480.278 rows=14033580 loops=1)
                    Filter: (info_type_id > 1)
                    Rows Removed by Filter: 802140
              ->  Hash  (cost=61283.27..61283.27 rows=2528527 width=4) (actual time=2039.338..2039.338 rows=2528312 loops=1)
                    Buckets: 131072  Batches: 64  Memory Usage: 2425kB
                    ->  Seq Scan on title t  (cost=0.00..61283.27 rows=2528527 width=4) (actual time=0.011..1173.510 rows=2528312 loops=1)
Planning time: 1.171 ms
Execution time: 109114.526 ms
