Hash Join  (cost=299459.64..995757.09 rows=14400559 width=0) (actual time=7275.768..49264.644 rows=110441424 loops=1)
  Hash Cond: (mi.movie_id = t.id)
  ->  Seq Scan on movie_info mi  (cost=0.00..346232.03 rows=13926693 width=4) (actual time=0.018..7371.758 rows=13963496 loops=1)
        Filter: (info_type_id < 98)
        Rows Removed by Filter: 872224
  ->  Hash  (cost=256563.62..256563.62 rows=2614562 width=8) (actual time=7274.734..7274.734 rows=2604775 loops=1)
        Buckets: 131072  Batches: 64  Memory Usage: 2712kB
        ->  Hash Join  (cost=102767.86..256563.62 rows=2614562 width=8) (actual time=1910.745..5953.514 rows=2604775 loops=1)
              Hash Cond: (mk.movie_id = t.id)
              ->  Seq Scan on movie_keyword mk  (cost=0.00..81003.12 rows=2614562 width=4) (actual time=0.020..1630.240 rows=2604775 loops=1)
                    Filter: (keyword_id < 7038)
                    Rows Removed by Filter: 1919155
              ->  Hash  (cost=61283.27..61283.27 rows=2528527 width=4) (actual time=1908.676..1908.676 rows=2528312 loops=1)
                    Buckets: 131072  Batches: 64  Memory Usage: 2425kB
                    ->  Seq Scan on title t  (cost=0.00..61283.27 rows=2528527 width=4) (actual time=0.027..1073.817 rows=2528312 loops=1)
Planning time: 1.191 ms
Execution time: 61641.707 ms
