Seq Scan on cast_info ci  (cost=0.00..705507.15 rows=33503865 width=0) (actual time=0.023..12985.087 rows=33563540 loops=1)
  Filter: (person_id > 257175)
  Rows Removed by Filter: 2680804
Planning time: 0.381 ms
Execution time: 16886.767 ms
