Nested Loop  (cost=0.43..799579.33 rows=420 width=0) (actual time=16549.897..41759.482 rows=584 loops=1)
  ->  Seq Scan on cast_info ci  (cost=0.00..796071.18 rows=420 width=4) (actual time=16548.413..41731.808 rows=584 loops=1)
        Filter: ((role_id < 9) AND (person_id = 1598531))
        Rows Removed by Filter: 36243760
  ->  Index Only Scan using title_pkey on title t  (cost=0.43..8.34 rows=1 width=4) (actual time=0.044..0.044 rows=1 loops=584)
        Index Cond: (id = ci.movie_id)
        Heap Fetches: 584
Planning time: 0.864 ms
Execution time: 41759.709 ms
