Seq Scan on movie_companies mc  (cost=0.00..57926.93 rows=53 width=0) (actual time=629.401..853.138 rows=7 loops=1)
  Filter: ((company_id = 3423) AND (company_type_id = 2))
  Rows Removed by Filter: 2609122
Planning time: 0.408 ms
Execution time: 853.241 ms
