Nested Loop  (cost=0.43..58358.52 rows=1 width=0) (actual time=6.638..897.448 rows=17 loops=1)
  ->  Seq Scan on movie_companies mc  (cost=0.00..57926.93 rows=51 width=4) (actual time=1.100..832.469 rows=1583 loops=1)
        Filter: ((company_id = 689) AND (company_type_id = 1))
        Rows Removed by Filter: 2607546
  ->  Index Scan using title_pkey on title t  (cost=0.43..8.45 rows=1 width=4) (actual time=0.040..0.040 rows=0 loops=1583)
        Index Cond: (id = mc.movie_id)
        Filter: ((kind_id < 7) AND (production_year = 1998))
        Rows Removed by Filter: 1
Planning time: 0.764 ms
Execution time: 897.577 ms
