Seq Scan on cast_info ci  (cost=0.00..796071.18 rows=22289738 width=0) (actual time=0.030..17437.604 rows=22086568 loops=1)
  Filter: ((person_id > 247675) AND (role_id < 4))
  Rows Removed by Filter: 14157776
Planning time: 0.346 ms
Execution time: 20113.744 ms
