Seq Scan on movie_keyword mk  (cost=0.00..81003.12 rows=3299689 width=0) (actual time=0.017..1481.107 rows=3289925 loops=1)
  Filter: (keyword_id < 14681)
  Rows Removed by Filter: 1234005
Planning time: 0.607 ms
Execution time: 1888.398 ms
