Hash Join  (cost=101960.93..188839.19 rows=22023 width=0) (actual time=1725.015..3607.790 rows=178208 loops=1)
  Hash Cond: (mk.movie_id = t.id)
  ->  Seq Scan on movie_keyword mk  (cost=0.00..69693.30 rows=4523930 width=4) (actual time=0.024..999.625 rows=4523930 loops=1)
  ->  Hash  (cost=101807.06..101807.06 rows=12309 width=8) (actual time=1724.841..1724.841 rows=30586 loops=1)
        Buckets: 32768 (originally 16384)  Batches: 1 (originally 1)  Memory Usage: 1451kB
        ->  Hash Join  (cost=74769.87..101807.06 rows=12309 width=8) (actual time=1308.644..1716.781 rows=30586 loops=1)
              Hash Cond: (mi_idx.movie_id = t.id)
              ->  Seq Scan on movie_info_idx mi_idx  (cost=0.00..25185.44 rows=460978 width=4) (actual time=0.031..289.612 rows=459925 loops=1)
                    Filter: (info_type_id = 99)
                    Rows Removed by Filter: 920110
              ->  Hash  (cost=73925.90..73925.90 rows=67517 width=4) (actual time=1307.951..1307.951 rows=81635 loops=1)
                    Buckets: 131072  Batches: 1  Memory Usage: 3894kB
                    ->  Seq Scan on title t  (cost=0.00..73925.90 rows=67517 width=4) (actual time=608.492..1278.507 rows=81635 loops=1)
                          Filter: ((production_year < 2008) AND (kind_id = 3))
                          Rows Removed by Filter: 2446677
Planning time: 3.322 ms
Execution time: 3630.806 ms
