Hash Join  (cost=100116.47..187048.32 rows=27381 width=0) (actual time=1914.863..3815.826 rows=116011 loops=1)
  Hash Cond: (mk.movie_id = t.id)
  ->  Seq Scan on movie_keyword mk  (cost=0.00..69693.30 rows=4523930 width=4) (actual time=0.012..1038.174 rows=4523930 loops=1)
  ->  Hash  (cost=99925.17..99925.17 rows=15304 width=8) (actual time=1914.612..1914.612 rows=17034 loops=1)
        Buckets: 32768 (originally 16384)  Batches: 1 (originally 1)  Memory Usage: 922kB
        ->  Hash Join  (cost=69002.72..99925.17 rows=15304 width=8) (actual time=1169.221..1907.371 rows=17034 loops=1)
              Hash Cond: (mi_idx.movie_id = t.id)
              ->  Seq Scan on movie_info_idx mi_idx  (cost=0.00..25185.44 rows=454124 width=4) (actual time=0.027..539.279 rows=459925 loops=1)
                    Filter: (info_type_id = 100)
                    Rows Removed by Filter: 920110
              ->  Hash  (cost=67604.59..67604.59 rows=85211 width=4) (actual time=1168.538..1168.538 rows=84593 loops=1)
                    Buckets: 131072  Batches: 2  Memory Usage: 2518kB
                    ->  Seq Scan on title t  (cost=0.00..67604.59 rows=85211 width=4) (actual time=0.013..1136.047 rows=84593 loops=1)
                          Filter: (production_year = 2004)
                          Rows Removed by Filter: 2443719
Planning time: 1.003 ms
Execution time: 3830.961 ms
