Hash Join  (cost=157996.86..523102.09 rows=44932 width=0) (actual time=2604.062..9930.343 rows=34544 loops=1)
  Hash Cond: (mi.movie_id = t.id)
  ->  Seq Scan on movie_info mi  (cost=0.00..309384.22 rows=14739122 width=4) (actual time=0.013..4520.968 rows=14835720 loops=1)
  ->  Hash  (cost=157900.51..157900.51 rows=7708 width=8) (actual time=2599.794..2599.794 rows=3111 loops=1)
        Buckets: 8192  Batches: 1  Memory Usage: 186kB
        ->  Hash Join  (cost=74286.47..157900.51 rows=7708 width=8) (actual time=1131.024..2598.441 rows=3111 loops=1)
              Hash Cond: (mk.movie_id = t.id)
              ->  Seq Scan on movie_keyword mk  (cost=0.00..81003.12 rows=675689 width=4) (actual time=0.026..1331.388 rows=679233 loops=1)
                    Filter: (keyword_id > 27572)
                    Rows Removed by Filter: 3844697
              ->  Hash  (cost=73925.90..73925.90 rows=28845 width=4) (actual time=1128.968..1128.968 rows=32463 loops=1)
                    Buckets: 32768  Batches: 1  Memory Usage: 1398kB
                    ->  Seq Scan on title t  (cost=0.00..73925.90 rows=28845 width=4) (actual time=0.701..1115.732 rows=32463 loops=1)
                          Filter: ((kind_id > 4) AND (production_year = 1998))
                          Rows Removed by Filter: 2495849
Planning time: 1.226 ms
Execution time: 9935.459 ms
