Hash Join  (cost=95498.80..182544.50 rows=38766 width=0) (actual time=1673.000..3474.070 rows=179487 loops=1)
  Hash Cond: (mk.movie_id = t.id)
  ->  Seq Scan on movie_keyword mk  (cost=0.00..69693.30 rows=4523930 width=4) (actual time=0.019..946.570 rows=4523930 loops=1)
  ->  Hash  (cost=95227.96..95227.96 rows=21667 width=8) (actual time=1672.382..1672.382 rows=23456 loops=1)
        Buckets: 32768  Batches: 1  Memory Usage: 1173kB
        ->  Hash Join  (cost=68100.81..95227.96 rows=21667 width=8) (actual time=1048.630..1664.639 rows=23456 loops=1)
              Hash Cond: (mi_idx.movie_id = t.id)
              ->  Seq Scan on movie_info_idx mi_idx  (cost=0.00..21735.35 rows=1380035 width=4) (actual time=0.020..297.073 rows=1380035 loops=1)
              ->  Hash  (cost=67604.59..67604.59 rows=39698 width=4) (actual time=1048.164..1048.164 rows=36437 loops=1)
                    Buckets: 65536  Batches: 1  Memory Usage: 1793kB
                    ->  Seq Scan on title t  (cost=0.00..67604.59 rows=39698 width=4) (actual time=0.065..1032.532 rows=36437 loops=1)
                          Filter: (production_year = 1995)
                          Rows Removed by Filter: 2491875
Planning time: 1.167 ms
Execution time: 3496.532 ms
