Hash Join  (cost=73962.22..130179.22 rows=1470 width=0) (actual time=1148.786..2351.645 rows=3482 loops=1)
  Hash Cond: (mc.movie_id = t.id)
  ->  Seq Scan on movie_companies mc  (cost=0.00..51404.11 rows=1279517 width=4) (actual time=0.018..997.031 rows=1274246 loops=1)
        Filter: (company_type_id = 1)
        Rows Removed by Filter: 1334883
  ->  Hash  (cost=73925.90..73925.90 rows=2905 width=4) (actual time=1144.945..1144.945 rows=1937 loops=1)
        Buckets: 4096  Batches: 1  Memory Usage: 101kB
        ->  Seq Scan on title t  (cost=0.00..73925.90 rows=2905 width=4) (actual time=0.020..1143.900 rows=1937 loops=1)
              Filter: ((kind_id < 7) AND (production_year = 1946))
              Rows Removed by Filter: 2526375
Planning time: 0.532 ms
Execution time: 2352.323 ms
