Hash Join  (cost=105060.96..472734.63 rows=301775 width=0) (actual time=6451.678..32513.408 rows=1002281 loops=1)
  Hash Cond: (mi.movie_id = t.id)
  ->  Seq Scan on movie_info mi  (cost=0.00..309384.22 rows=14739122 width=4) (actual time=0.004..19389.059 rows=14835720 loops=1)
  ->  Hash  (cost=104413.84..104413.84 rows=51770 width=8) (actual time=6451.213..6451.213 rows=53902 loops=1)
        Buckets: 65536  Batches: 1  Memory Usage: 2618kB
        ->  Hash Join  (cost=72333.74..104413.84 rows=51770 width=8) (actual time=4467.054..6414.174 rows=53902 loops=1)
              Hash Cond: (mi_idx.movie_id = t.id)
              ->  Seq Scan on movie_info_idx mi_idx  (cost=0.00..25185.44 rows=454124 width=4) (actual time=0.022..1594.694 rows=459925 loops=1)
                    Filter: (info_type_id = 100)
                    Rows Removed by Filter: 920110
              ->  Hash  (cost=67604.59..67604.59 rows=288252 width=4) (actual time=4465.171..4465.171 rows=285055 loops=1)
                    Buckets: 131072  Batches: 4  Memory Usage: 3527kB
                    ->  Seq Scan on title t  (cost=0.00..67604.59 rows=288252 width=4) (actual time=0.024..3821.152 rows=285055 loops=1)
                          Filter: (production_year < 1964)
                          Rows Removed by Filter: 2243257
Planning time: 1.506 ms
Execution time: 32722.925 ms
