Hash Join  (cost=98137.04..254661.72 rows=2490107 width=0) (actual time=1876.072..5646.918 rows=1199255 loops=1)
  Hash Cond: (mk.movie_id = t.id)
  ->  Seq Scan on movie_keyword mk  (cost=0.00..81003.12 rows=3383297 width=4) (actual time=0.026..1762.224 rows=3373138 loops=1)
        Filter: (keyword_id > 1322)
        Rows Removed by Filter: 1150792
  ->  Hash  (cost=67604.59..67604.59 rows=1860996 width=4) (actual time=1874.483..1874.483 rows=1865487 loops=1)
        Buckets: 131072  Batches: 32  Memory Usage: 3085kB
        ->  Seq Scan on title t  (cost=0.00..67604.59 rows=1860996 width=4) (actual time=0.021..1268.629 rows=1865487 loops=1)
              Filter: (kind_id > 1)
              Rows Removed by Filter: 662825
Planning time: 0.669 ms
Execution time: 5779.078 ms
