Hash Join  (cost=263115.61..1447066.65 rows=15984623 width=0) (actual time=9010.828..44932.820 rows=44723736 loops=1)
  Hash Cond: (ci.movie_id = t.id)
  ->  Seq Scan on cast_info ci  (cost=0.00..796071.18 rows=15490821 width=4) (actual time=3221.237..17413.553 rows=20170428 loops=1)
        Filter: ((person_id > 1208196) AND (role_id > 1))
        Rows Removed by Filter: 16073916
  ->  Hash  (cost=220309.49..220309.49 rows=2609129 width=8) (actual time=5788.197..5788.197 rows=2609129 loops=1)
        Buckets: 131072  Batches: 64  Memory Usage: 2610kB
        ->  Hash Join  (cost=102767.86..220309.49 rows=2609129 width=8) (actual time=1873.616..5144.957 rows=2609129 loops=1)
              Hash Cond: (mc.movie_id = t.id)
              ->  Seq Scan on movie_companies mc  (cost=0.00..44881.29 rows=2609129 width=4) (actual time=0.027..892.826 rows=2609129 loops=1)
              ->  Hash  (cost=61283.27..61283.27 rows=2528527 width=4) (actual time=1872.589..1872.589 rows=2528312 loops=1)
                    Buckets: 131072  Batches: 64  Memory Usage: 2415kB
                    ->  Seq Scan on title t  (cost=0.00..61283.27 rows=2528527 width=4) (actual time=0.014..1040.709 rows=2528312 loops=1)
Planning time: 0.782 ms
Execution time: 49643.206 ms
