Seq Scan on movie_companies mc  (cost=0.00..51404.11 rows=2575649 width=0) (actual time=0.026..1028.200 rows=2576839 loops=1)
  Filter: (company_id < 205792)
  Rows Removed by Filter: 32290
Planning time: 0.351 ms
Execution time: 1348.899 ms
