Hash Join  (cost=908695.88..2541627.07 rows=57128907 width=0) (actual time=22179.161..80792.164 rows=147162136 loops=1)
  Hash Cond: (ci.movie_id = t.id)
  ->  Seq Scan on cast_info ci  (cost=0.00..705507.15 rows=12995937 width=4) (actual time=0.298..13329.148 rows=13132578 loops=1)
        Filter: (person_id > 2363154)
        Rows Removed by Filter: 23111766
  ->  Hash  (cost=726337.31..726337.31 rows=11115165 width=8) (actual time=22176.629..22176.629 rows=11210743 loops=1)
        Buckets: 131072  Batches: 256  Memory Usage: 2722kB
        ->  Hash Join  (cost=102767.86..726337.31 rows=11115165 width=8) (actual time=2207.857..18641.193 rows=11210743 loops=1)
              Hash Cond: (mi.movie_id = t.id)
              ->  Seq Scan on movie_info mi  (cost=0.00..346232.03 rows=11115165 width=4) (actual time=272.860..7490.969 rows=11210743 loops=1)
                    Filter: (info_type_id > 3)
                    Rows Removed by Filter: 3624977
              ->  Hash  (cost=61283.27..61283.27 rows=2528527 width=4) (actual time=1933.828..1933.828 rows=2528312 loops=1)
                    Buckets: 131072  Batches: 64  Memory Usage: 2425kB
                    ->  Seq Scan on title t  (cost=0.00..61283.27 rows=2528527 width=4) (actual time=0.015..1084.706 rows=2528312 loops=1)
Planning time: 1.728 ms
Execution time: 96465.694 ms
