Seq Scan on cast_info ci  (cost=0.00..796071.18 rows=4915343 width=0) (actual time=0.023..15032.173 rows=6343990 loops=1)
  Filter: ((person_id > 1329531) AND (role_id > 6))
  Rows Removed by Filter: 29900354
Planning time: 0.339 ms
Execution time: 15817.586 ms
