Hash Join  (cost=85435.26..171371.41 rows=615165 width=0) (actual time=1559.876..4157.615 rows=1414155 loops=1)
  Hash Cond: (mc.movie_id = t.id)
  ->  Seq Scan on movie_companies mc  (cost=0.00..51404.11 rows=2217437 width=4) (actual time=0.022..1173.526 rows=2217558 loops=1)
        Filter: (company_id > 236)
        Rows Removed by Filter: 391571
  ->  Hash  (cost=73925.90..73925.90 rows=701468 width=4) (actual time=1559.102..1559.102 rows=749931 loops=1)
        Buckets: 131072  Batches: 16  Memory Usage: 2673kB
        ->  Seq Scan on title t  (cost=0.00..73925.90 rows=701468 width=4) (actual time=0.017..1319.083 rows=749931 loops=1)
              Filter: ((kind_id < 7) AND (production_year < 2009))
              Rows Removed by Filter: 1778381
Planning time: 0.762 ms
Execution time: 4290.816 ms
