Seq Scan on movie_keyword mk  (cost=0.00..81003.12 rows=246 width=0) (actual time=2.064..1293.167 rows=1221 loops=1)
  Filter: (keyword_id = 1091)
  Rows Removed by Filter: 4522709
Planning time: 0.368 ms
Execution time: 1293.713 ms
