Hash Join  (cost=117305.42..241330.28 rows=165982 width=0) (actual time=2826.370..5837.004 rows=1100673 loops=1)
  Hash Cond: (mk.movie_id = t.id)
  ->  Seq Scan on movie_keyword mk  (cost=0.00..69693.30 rows=4523930 width=4) (actual time=0.021..1383.896 rows=4523930 loops=1)
  ->  Hash  (cost=115782.78..115782.78 rows=92771 width=8) (actual time=2825.594..2825.594 rows=137106 loops=1)
        Buckets: 131072  Batches: 2  Memory Usage: 3710kB
        ->  Hash Join  (cost=82400.67..115782.78 rows=92771 width=8) (actual time=1987.139..2781.210 rows=137106 loops=1)
              Hash Cond: (mi_idx.movie_id = t.id)
              ->  Seq Scan on movie_info_idx mi_idx  (cost=0.00..25185.44 rows=454124 width=4) (actual time=0.025..473.065 rows=459925 loops=1)
                    Filter: (info_type_id = 100)
                    Rows Removed by Filter: 920110
              ->  Hash  (cost=73925.90..73925.90 rows=516541 width=4) (actual time=1986.309..1986.309 rows=440918 loops=1)
                    Buckets: 131072  Batches: 8  Memory Usage: 2960kB
                    ->  Seq Scan on title t  (cost=0.00..73925.90 rows=516541 width=4) (actual time=0.018..1078.394 rows=440918 loops=1)
                          Filter: ((kind_id < 7) AND (production_year > 2001))
                          Rows Removed by Filter: 2087394
Planning time: 1.130 ms
Execution time: 5972.112 ms
