Hash Join  (cost=52284.99..138944.89 rows=186 width=0) (actual time=3072.660..7254.421 rows=411 loops=1)
  Hash Cond: (mk.movie_id = t.id)
  ->  Seq Scan on movie_keyword mk  (cost=0.00..69693.30 rows=4523930 width=4) (actual time=0.011..3771.991 rows=4523930 loops=1)
  ->  Hash  (cost=52283.69..52283.69 rows=104 width=8) (actual time=2333.291..2333.291 rows=35 loops=1)
        Buckets: 1024  Batches: 1  Memory Usage: 10kB
        ->  Nested Loop  (cost=0.43..52283.69 rows=104 width=8) (actual time=107.395..2333.233 rows=35 loops=1)
              ->  Seq Scan on movie_companies mc  (cost=0.00..51404.11 rows=104 width=4) (actual time=107.310..2326.157 rows=35 loops=1)
                    Filter: (company_id = 29603)
                    Rows Removed by Filter: 2609094
              ->  Index Only Scan using title_pkey on title t  (cost=0.43..8.45 rows=1 width=4) (actual time=0.197..0.197 rows=1 loops=35)
                    Index Cond: (id = mc.movie_id)
                    Heap Fetches: 35
Planning time: 1.125 ms
Execution time: 7254.570 ms
