Seq Scan on movie_keyword mk  (cost=0.00..81003.12 rows=44175 width=0) (actual time=0.026..1194.467 rows=40810 loops=1)
  Filter: (keyword_id > 104195)
  Rows Removed by Filter: 4483120
Planning time: 0.302 ms
Execution time: 1200.761 ms
