Hash Join  (cost=448026.41..542272.70 rows=24587 width=0) (actual time=5848.102..8023.788 rows=3086262 loops=1)
  Hash Cond: (mk.movie_id = t.id)
  ->  Seq Scan on movie_keyword mk  (cost=0.00..81003.12 rows=3465945 width=4) (actual time=0.022..1150.800 rows=3459650 loops=1)
        Filter: (keyword_id > 1060)
        Rows Removed by Filter: 1064280
  ->  Hash  (cost=447802.20..447802.20 rows=17937 width=8) (actual time=5847.876..5847.876 rows=68025 loops=1)
        Buckets: 131072 (originally 32768)  Batches: 1 (originally 1)  Memory Usage: 3682kB
        ->  Nested Loop  (cost=0.43..447802.20 rows=17937 width=8) (actual time=1265.984..5816.029 rows=68025 loops=1)
              ->  Seq Scan on movie_info mi  (cost=0.00..346232.03 rows=17937 width=4) (actual time=1265.897..5230.661 rows=68025 loops=1)
                    Filter: (info_type_id = 94)
                    Rows Removed by Filter: 14767695
              ->  Index Only Scan using title_pkey on title t  (cost=0.43..5.65 rows=1 width=4) (actual time=0.008..0.008 rows=1 loops=68025)
                    Index Cond: (id = mi.movie_id)
                    Heap Fetches: 68025
Planning time: 1.122 ms
Execution time: 8343.737 ms
