Hash Join  (cost=832324.71..903256.03 rows=124453 width=0) (actual time=15363.136..17158.824 rows=283095 loops=1)
  Hash Cond: (mc.movie_id = t.id)
  ->  Seq Scan on movie_companies mc  (cost=0.00..57926.93 rows=898627 width=4) (actual time=10.667..1146.216 rows=1088860 loops=1)
        Filter: ((company_id > 2215) AND (company_type_id = 2))
        Rows Removed by Filter: 1520269
  ->  Hash  (cost=826579.45..826579.45 rows=350181 width=8) (actual time=15351.624..15351.624 rows=316118 loops=1)
        Buckets: 131072  Batches: 8  Memory Usage: 2568kB
        ->  Hash Join  (cost=102767.86..826579.45 rows=350181 width=8) (actual time=2280.303..15256.364 rows=316118 loops=1)
              Hash Cond: (ci.movie_id = t.id)
              ->  Seq Scan on cast_info ci  (cost=0.00..705507.15 rows=350181 width=4) (actual time=279.839..12066.013 rows=316118 loops=1)
                    Filter: (role_id > 10)
                    Rows Removed by Filter: 35928226
              ->  Hash  (cost=61283.27..61283.27 rows=2528527 width=4) (actual time=1999.439..1999.439 rows=2528312 loops=1)
                    Buckets: 131072  Batches: 64  Memory Usage: 2415kB
                    ->  Seq Scan on title t  (cost=0.00..61283.27 rows=2528527 width=4) (actual time=0.019..1137.266 rows=2528312 loops=1)
Planning time: 0.798 ms
Execution time: 17194.530 ms
