Seq Scan on cast_info ci  (cost=0.00..705507.15 rows=9468168 width=42) (actual time=0.015..14020.961 rows=9384703 loops=1)
  Filter: (role_id > 4)
  Rows Removed by Filter: 26859641
Planning time: 0.305 ms
Execution time: 14561.974 ms
