Hash Join  (cost=102767.86..1121748.24 rows=8853243 width=0) (actual time=7913.859..28964.627 rows=12670688 loops=1)
  Hash Cond: (ci.movie_id = t.id)
  ->  Seq Scan on cast_info ci  (cost=0.00..796071.18 rows=8853243 width=4) (actual time=5871.955..16077.048 rows=12670688 loops=1)
        Filter: ((person_id < 2602245) AND (role_id < 2))
        Rows Removed by Filter: 23573656
  ->  Hash  (cost=61283.27..61283.27 rows=2528527 width=4) (actual time=2040.781..2040.781 rows=2528312 loops=1)
        Buckets: 131072  Batches: 64  Memory Usage: 2415kB
        ->  Seq Scan on title t  (cost=0.00..61283.27 rows=2528527 width=4) (actual time=0.011..902.353 rows=2528312 loops=1)
Planning time: 0.737 ms
Execution time: 30465.451 ms
