Hash Join  (cost=90745.35..127135.43 rows=186897 width=0) (actual time=1584.143..2432.210 rows=107761 loops=1)
  Hash Cond: (mi_idx.movie_id = t.id)
  ->  Seq Scan on movie_info_idx mi_idx  (cost=0.00..25185.44 rows=460978 width=4) (actual time=0.010..467.009 rows=459925 loops=1)
        Filter: (info_type_id < 100)
        Rows Removed by Filter: 920110
  ->  Hash  (cost=73925.90..73925.90 rows=1025156 width=4) (actual time=1583.021..1583.021 rows=970290 loops=1)
        Buckets: 131072  Batches: 16  Memory Usage: 3158kB
        ->  Seq Scan on title t  (cost=0.00..73925.90 rows=1025156 width=4) (actual time=0.020..1271.094 rows=970290 loops=1)
              Filter: ((kind_id > 4) AND (production_year < 2008))
              Rows Removed by Filter: 1558022
Planning time: 0.762 ms
Execution time: 2444.306 ms
