Seq Scan on cast_info ci  (cost=0.00..796071.18 rows=2657418 width=0) (actual time=6237.542..12856.127 rows=2769275 loops=1)
  Filter: ((person_id > 2341123) AND (role_id = 2))
  Rows Removed by Filter: 33475069
Planning time: 0.444 ms
Execution time: 13192.598 ms
