Hash Join  (cost=102767.86..171575.31 rows=312698 width=0) (actual time=2266.648..3528.705 rows=312354 loops=1)
  Hash Cond: (mc.movie_id = t.id)
  ->  Seq Scan on movie_companies mc  (cost=0.00..51404.11 rows=312698 width=4) (actual time=342.321..900.492 rows=312354 loops=1)
        Filter: (company_id > 92348)
        Rows Removed by Filter: 2296775
  ->  Hash  (cost=61283.27..61283.27 rows=2528527 width=4) (actual time=1922.708..1922.708 rows=2528312 loops=1)
        Buckets: 131072  Batches: 64  Memory Usage: 2415kB
        ->  Seq Scan on title t  (cost=0.00..61283.27 rows=2528527 width=4) (actual time=0.017..1096.373 rows=2528312 loops=1)
Planning time: 1.766 ms
Execution time: 3567.423 ms
