Seq Scan on cast_info ci  (cost=0.00..705507.15 rows=28644988 width=0) (actual time=0.015..12593.367 rows=28746624 loops=1)
  Filter: (person_id > 726001)
  Rows Removed by Filter: 7497720
Planning time: 0.318 ms
Execution time: 15892.956 ms
