Hash Join  (cost=222001.16..754815.65 rows=4967858 width=0) (actual time=5699.664..53670.696 rows=158998585 loops=1)
  Hash Cond: (mi.movie_id = t.id)
  ->  Seq Scan on movie_info mi  (cost=0.00..309384.22 rows=14739122 width=4) (actual time=0.022..6284.617 rows=14835720 loops=1)
  ->  Hash  (cost=208018.09..208018.09 rows=852246 width=8) (actual time=5698.250..5698.250 rows=2075957 loops=1)
        Buckets: 131072 (originally 131072)  Batches: 32 (originally 16)  Memory Usage: 3615kB
        ->  Hash Join  (cost=78556.72..208018.09 rows=852246 width=8) (actual time=1270.745..5042.609 rows=2075957 loops=1)
              Hash Cond: (mk.movie_id = t.id)
              ->  Seq Scan on movie_keyword mk  (cost=0.00..81003.12 rows=3228207 width=4) (actual time=0.020..1662.546 rows=3220501 loops=1)
                    Filter: (keyword_id > 1704)
                    Rows Removed by Filter: 1303429
              ->  Hash  (cost=67604.59..67604.59 rows=667531 width=4) (actual time=1269.970..1269.970 rows=662825 loops=1)
                    Buckets: 131072  Batches: 16  Memory Usage: 2486kB
                    ->  Seq Scan on title t  (cost=0.00..67604.59 rows=667531 width=4) (actual time=0.017..1062.601 rows=662825 loops=1)
                          Filter: (kind_id = 1)
                          Rows Removed by Filter: 1865487
Planning time: 1.146 ms
Execution time: 70168.125 ms
