Hash Join  (cost=304645.68..1153164.25 rows=5760982 width=0) (actual time=7028.215..26326.231 rows=19522237 loops=1)
  Hash Cond: (ci.movie_id = t.id)
  ->  Seq Scan on cast_info ci  (cost=0.00..705507.15 rows=5310977 width=4) (actual time=76.285..12029.226 rows=5218710 loops=1)
        Filter: (person_id < 504696)
        Rows Removed by Filter: 31025634
  ->  Hash  (cost=259647.03..259647.03 rows=2742772 width=8) (actual time=6949.375..6949.375 rows=2738476 loops=1)
        Buckets: 131072  Batches: 64  Memory Usage: 2712kB
        ->  Hash Join  (cost=102767.86..259647.03 rows=2742772 width=8) (actual time=1964.489..6216.186 rows=2738476 loops=1)
              Hash Cond: (mk.movie_id = t.id)
              ->  Seq Scan on movie_keyword mk  (cost=0.00..81003.12 rows=2742772 width=4) (actual time=0.025..1594.252 rows=2738476 loops=1)
                    Filter: (keyword_id < 7773)
                    Rows Removed by Filter: 1785454
              ->  Hash  (cost=61283.27..61283.27 rows=2528527 width=4) (actual time=1963.566..1963.566 rows=2528312 loops=1)
                    Buckets: 131072  Batches: 64  Memory Usage: 2425kB
                    ->  Seq Scan on title t  (cost=0.00..61283.27 rows=2528527 width=4) (actual time=0.024..1105.404 rows=2528312 loops=1)
Planning time: 1.157 ms
Execution time: 28393.297 ms
