Hash Join  (cost=160872.73..544523.47 rows=57090 width=0) (actual time=3103.298..10456.385 rows=130186 loops=1)
  Hash Cond: (mi.movie_id = t.id)
  ->  Seq Scan on movie_info mi  (cost=0.00..309384.22 rows=14739122 width=4) (actual time=0.019..4405.715 rows=14835720 loops=1)
  ->  Hash  (cost=160750.31..160750.31 rows=9794 width=8) (actual time=3102.081..3102.081 rows=8560 loops=1)
        Buckets: 16384  Batches: 1  Memory Usage: 463kB
        ->  Hash Join  (cost=73994.33..160750.31 rows=9794 width=8) (actual time=1228.172..3098.838 rows=8560 loops=1)
              Hash Cond: (mk.movie_id = t.id)
              ->  Seq Scan on movie_keyword mk  (cost=0.00..69693.30 rows=4523930 width=4) (actual time=0.016..1045.699 rows=4523930 loops=1)
              ->  Hash  (cost=73925.90..73925.90 rows=5474 width=4) (actual time=1221.215..1221.215 rows=10544 loops=1)
                    Buckets: 16384 (originally 8192)  Batches: 1 (originally 1)  Memory Usage: 499kB
                    ->  Seq Scan on title t  (cost=0.00..73925.90 rows=5474 width=4) (actual time=0.147..1215.670 rows=10544 loops=1)
                          Filter: ((kind_id > 1) AND (production_year = 1979))
                          Rows Removed by Filter: 2517768
Planning time: 1.155 ms
Execution time: 10474.278 ms
