Seq Scan on movie_companies mc  (cost=0.00..51404.11 rows=1313437 width=0) (actual time=0.031..800.569 rows=1302909 loops=1)
  Filter: (company_id < 11313)
  Rows Removed by Filter: 1306220
Planning time: 0.359 ms
Execution time: 960.624 ms
