Hash Join  (cost=139137.64..264511.64 rows=394223 width=0) (actual time=3226.794..6462.518 rows=1351187 loops=1)
  Hash Cond: (mk.movie_id = t.id)
  ->  Seq Scan on movie_keyword mk  (cost=0.00..81003.12 rows=3397239 width=4) (actual time=0.029..1672.286 rows=3388658 loops=1)
        Filter: (keyword_id > 1258)
        Rows Removed by Filter: 1135272
  ->  Hash  (cost=134322.94..134322.94 rows=293416 width=8) (actual time=3225.922..3225.922 rows=270120 loops=1)
        Buckets: 131072  Batches: 4  Memory Usage: 3662kB
        ->  Hash Join  (cost=94009.45..134322.94 rows=293416 width=8) (actual time=1862.775..2948.047 rows=270120 loops=1)
              Hash Cond: (mi_idx.movie_id = t.id)
              ->  Seq Scan on movie_info_idx mi_idx  (cost=0.00..25185.44 rows=460978 width=4) (actual time=0.026..489.177 rows=459925 loops=1)
                    Filter: (info_type_id = 99)
                    Rows Removed by Filter: 920110
              ->  Hash  (cost=67604.59..67604.59 rows=1609429 width=4) (actual time=1861.713..1861.713 rows=1607077 loops=1)
                    Buckets: 131072  Batches: 32  Memory Usage: 2791kB
                    ->  Seq Scan on title t  (cost=0.00..67604.59 rows=1609429 width=4) (actual time=0.021..1334.310 rows=1607077 loops=1)
                          Filter: (production_year > 1995)
                          Rows Removed by Filter: 921235
Planning time: 1.359 ms
Execution time: 6612.087 ms
