Hash Join  (cost=190230.21..311537.41 rows=1119511 width=0) (actual time=4228.464..8041.405 rows=4666576 loops=1)
  Hash Cond: (mk.movie_id = t.id)
  ->  Seq Scan on movie_keyword mk  (cost=0.00..81003.12 rows=2051190 width=4) (actual time=0.021..1624.161 rows=2058733 loops=1)
        Filter: (keyword_id < 3661)
        Rows Removed by Filter: 2465197
  ->  Hash  (cost=167588.78..167588.78 rows=1380035 width=8) (actual time=4227.427..4227.427 rows=1380035 loops=1)
        Buckets: 131072  Batches: 32  Memory Usage: 2726kB
        ->  Hash Join  (cost=102767.86..167588.78 rows=1380035 width=8) (actual time=1897.036..3836.294 rows=1380035 loops=1)
              Hash Cond: (mi_idx.movie_id = t.id)
              ->  Seq Scan on movie_info_idx mi_idx  (cost=0.00..21735.35 rows=1380035 width=4) (actual time=0.041..468.737 rows=1380035 loops=1)
              ->  Hash  (cost=61283.27..61283.27 rows=2528527 width=4) (actual time=1894.634..1894.634 rows=2528312 loops=1)
                    Buckets: 131072  Batches: 64  Memory Usage: 2415kB
                    ->  Seq Scan on title t  (cost=0.00..61283.27 rows=2528527 width=4) (actual time=0.028..1055.354 rows=2528312 loops=1)
Planning time: 1.476 ms
Execution time: 8558.786 ms
