Seq Scan on movie_keyword mk  (cost=0.00..81003.12 rows=5127 width=0) (actual time=0.273..3463.284 rows=4540 loops=1)
  Filter: (keyword_id = 2762)
  Rows Removed by Filter: 4519390
Planning time: 0.450 ms
Execution time: 3464.556 ms
