Seq Scan on movie_companies mc  (cost=0.00..51404.11 rows=1885495 width=0) (actual time=0.026..920.924 rows=1881610 loops=1)
  Filter: (company_id < 40979)
  Rows Removed by Filter: 727519
Planning time: 0.279 ms
Execution time: 1163.290 ms
