Seq Scan on movie_companies mc  (cost=0.00..51404.11 rows=1340250 width=0) (actual time=0.025..888.919 rows=1330004 loops=1)
  Filter: (company_id < 11388)
  Rows Removed by Filter: 1279125
Planning time: 0.283 ms
Execution time: 1052.020 ms
