Seq Scan on movie_companies mc  (cost=0.00..57926.93 rows=382416 width=0) (actual time=0.029..854.752 rows=66697 loops=1)
  Filter: ((company_id > 31996) AND (company_type_id = 1))
  Rows Removed by Filter: 2542432
Planning time: 0.346 ms
Execution time: 863.568 ms
