Nested Loop  (cost=0.43..83072.90 rows=75 width=0) (actual time=211.533..1305.442 rows=2 loops=1)
  ->  Seq Scan on movie_keyword mk  (cost=0.00..81003.12 rows=246 width=4) (actual time=80.199..1303.512 rows=37 loops=1)
        Filter: (keyword_id = 15066)
        Rows Removed by Filter: 4523893
  ->  Index Scan using title_pkey on title t  (cost=0.43..8.40 rows=1 width=4) (actual time=0.046..0.046 rows=0 loops=37)
        Index Cond: (id = mk.movie_id)
        Filter: ((kind_id > 6) AND (production_year > 2002))
        Rows Removed by Filter: 1
Planning time: 0.705 ms
Execution time: 1305.549 ms
