Hash Join  (cost=443875.12..1286966.96 rows=144677 width=0) (actual time=11774.504..25147.060 rows=796020 loops=1)
  Hash Cond: (ci.movie_id = t.id)
  ->  Seq Scan on cast_info ci  (cost=0.00..796071.18 rows=3909838 width=4) (actual time=4122.924..14672.243 rows=7449191 loops=1)
        Filter: ((person_id > 1650788) AND (role_id = 2))
        Rows Removed by Filter: 28795153
  ->  Hash  (cost=442339.57..442339.57 rows=93564 width=8) (actual time=7650.734..7650.734 rows=92529 loops=1)
        Buckets: 131072  Batches: 2  Memory Usage: 2831kB
        ->  Hash Join  (cost=69374.09..442339.57 rows=93564 width=8) (actual time=2156.505..7618.162 rows=92529 loops=1)
              Hash Cond: (mi.movie_id = t.id)
              ->  Seq Scan on movie_info mi  (cost=0.00..346232.03 rows=2194617 width=4) (actual time=1085.254..5734.648 rows=2233850 loops=1)
                    Filter: (info_type_id > 16)
                    Rows Removed by Filter: 12601870
              ->  Hash  (cost=67604.59..67604.59 rows=107800 width=4) (actual time=1070.252..1070.252 rows=108429 loops=1)
                    Buckets: 131072  Batches: 2  Memory Usage: 2938kB
                    ->  Seq Scan on title t  (cost=0.00..67604.59 rows=107800 width=4) (actual time=0.028..1026.910 rows=108429 loops=1)
                          Filter: (production_year = 2006)
                          Rows Removed by Filter: 2419883
Planning time: 1.121 ms
Execution time: 25245.928 ms
