Hash Join  (cost=70241.71..958583.42 rows=477562 width=0) (actual time=1447.622..20381.998 rows=958019 loops=1)
  Hash Cond: (ci.movie_id = t.id)
  ->  Seq Scan on cast_info ci  (cost=0.00..796071.18 rows=7512775 width=4) (actual time=0.033..13505.420 rows=11611888 loops=1)
        Filter: ((person_id > 2533907) AND (role_id > 1))
        Rows Removed by Filter: 24632456
  ->  Hash  (cost=67604.59..67604.59 rows=160730 width=4) (actual time=1446.828..1446.828 rows=160017 loops=1)
        Buckets: 131072  Batches: 4  Memory Usage: 2436kB
        ->  Seq Scan on title t  (cost=0.00..67604.59 rows=160730 width=4) (actual time=0.020..1111.187 rows=160017 loops=1)
              Filter: (production_year = 2011)
              Rows Removed by Filter: 2368295
Planning time: 0.744 ms
Execution time: 20505.802 ms
