Seq Scan on cast_info ci  (cost=0.00..705507.15 rows=4632216 width=0) (actual time=1033.000..11484.248 rows=4523401 loops=1)
  Filter: (person_id < 436915)
  Rows Removed by Filter: 31720943
Planning time: 0.344 ms
Execution time: 12052.196 ms
