Seq Scan on movie_keyword mk  (cost=0.00..81003.12 rows=1858637 width=0) (actual time=0.027..1346.027 rows=1865772 loops=1)
  Filter: (keyword_id < 3154)
  Rows Removed by Filter: 2658158
Planning time: 0.297 ms
Execution time: 1574.349 ms
