Seq Scan on movie_keyword mk  (cost=0.00..81003.12 rows=1497787 width=0) (actual time=0.024..1365.140 rows=1517166 loops=1)
  Filter: (keyword_id > 10650)
  Rows Removed by Filter: 3006764
Planning time: 0.303 ms
Execution time: 1550.345 ms
