Hash Join  (cost=74421.54..161789.00 rows=70942 width=0) (actual time=1099.578..3732.520 rows=439965 loops=1)
  Hash Cond: (mk.movie_id = t.id)
  ->  Seq Scan on movie_keyword mk  (cost=0.00..69693.30 rows=4523930 width=4) (actual time=0.021..1056.237 rows=4523930 loops=1)
  ->  Hash  (cost=73925.90..73925.90 rows=39651 width=4) (actual time=1099.017..1099.017 rows=152848 loops=1)
        Buckets: 131072 (originally 65536)  Batches: 2 (originally 1)  Memory Usage: 3709kB
        ->  Seq Scan on title t  (cost=0.00..73925.90 rows=39651 width=4) (actual time=290.418..1040.754 rows=152848 loops=1)
              Filter: ((production_year < 1946) AND (kind_id = 1))
              Rows Removed by Filter: 2375464
Planning time: 1.550 ms
Execution time: 3788.974 ms
