Seq Scan on movie_info mi  (cost=0.00..346232.03 rows=1027854 width=0) (actual time=0.021..4417.395 rows=1083166 loops=1)
  Filter: (info_type_id > 70)
  Rows Removed by Filter: 13752554
Planning time: 0.362 ms
Execution time: 4558.587 ms
