Seq Scan on movie_keyword mk  (cost=0.00..81003.12 rows=1180520 width=0) (actual time=0.485..1362.136 rows=1185160 loops=1)
  Filter: (keyword_id < 1415)
  Rows Removed by Filter: 3338770
Planning time: 0.323 ms
Execution time: 1515.738 ms
