Seq Scan on movie_companies mc  (cost=0.00..57926.93 rows=508815 width=0) (actual time=0.018..950.016 rows=302746 loops=1)
  Filter: ((company_id < 4701) AND (company_type_id = 2))
  Rows Removed by Filter: 2306383
Planning time: 0.328 ms
Execution time: 988.807 ms
