Hash Join  (cost=153803.51..646104.59 rows=1171015 width=0) (actual time=4289.251..21767.902 rows=17781765 loops=1)
  Hash Cond: (mi.movie_id = t.id)
  ->  Seq Scan on movie_info mi  (cost=0.00..309384.22 rows=14739122 width=4) (actual time=0.018..5678.288 rows=14835720 loops=1)
  ->  Hash  (cost=150507.39..150507.39 rows=200890 width=8) (actual time=4288.023..4288.023 rows=460572 loops=1)
        Buckets: 131072 (originally 131072)  Batches: 8 (originally 4)  Memory Usage: 3311kB
        ->  Hash Join  (cost=80166.74..150507.39 rows=200890 width=8) (actual time=2182.006..4126.495 rows=460572 loops=1)
              Hash Cond: (mc.movie_id = t.id)
              ->  Seq Scan on movie_companies mc  (cost=0.00..51404.11 rows=1335369 width=4) (actual time=0.027..1008.124 rows=1323773 loops=1)
                    Filter: (company_id < 11385)
                    Rows Removed by Filter: 1285356
              ->  Hash  (cost=73925.90..73925.90 rows=380387 width=4) (actual time=2180.998..2180.998 rows=484820 loops=1)
                    Buckets: 131072  Batches: 8  Memory Usage: 3166kB
                    ->  Seq Scan on title t  (cost=0.00..73925.90 rows=380387 width=4) (actual time=0.024..1307.057 rows=484820 loops=1)
                          Filter: ((kind_id < 7) AND (production_year < 1999))
                          Rows Removed by Filter: 2043492
Planning time: 1.087 ms
Execution time: 23498.949 ms
