Hash Join  (cost=139354.68..522402.22 rows=101178 width=0) (actual time=16712.063..23185.105 rows=322990 loops=1)
  Hash Cond: (mi.movie_id = t.id)
  ->  Seq Scan on movie_info mi  (cost=0.00..346232.03 rows=3068194 width=4) (actual time=10355.480..15477.050 rows=3036719 loops=1)
        Filter: (info_type_id = 16)
        Rows Removed by Filter: 11799001
  ->  Hash  (cost=137986.41..137986.41 rows=83382 width=8) (actual time=6351.707..6351.707 rows=45850 loops=1)
        Buckets: 131072  Batches: 2  Memory Usage: 1934kB
        ->  Hash Join  (cost=70308.29..137986.41 rows=83382 width=8) (actual time=2785.933..6333.542 rows=45850 loops=1)
              Hash Cond: (mc.movie_id = t.id)
              ->  Seq Scan on movie_companies mc  (cost=0.00..51404.11 rows=1279517 width=4) (actual time=0.022..2841.200 rows=1274246 loops=1)
                    Filter: (company_type_id = 1)
                    Rows Removed by Filter: 1334883
              ->  Hash  (cost=67604.59..67604.59 rows=164776 width=4) (actual time=2785.012..2785.012 rows=164307 loops=1)
                    Buckets: 131072  Batches: 4  Memory Usage: 2482kB
                    ->  Seq Scan on title t  (cost=0.00..67604.59 rows=164776 width=4) (actual time=0.025..2711.482 rows=164307 loops=1)
                          Filter: (production_year = 2012)
                          Rows Removed by Filter: 2364005
Planning time: 1.194 ms
Execution time: 23228.081 ms
