Hash Join  (cost=154002.68..650386.71 rows=1553610 width=0) (actual time=3019.585..19089.100 rows=11316337 loops=1)
  Hash Cond: (mi.movie_id = t.id)
  ->  Seq Scan on movie_info mi  (cost=0.00..309384.22 rows=14739122 width=4) (actual time=0.013..6224.705 rows=14835720 loops=1)
  ->  Hash  (cost=149629.12..149629.12 rows=266525 width=8) (actual time=3018.755..3018.755 rows=306662 loops=1)
        Buckets: 131072  Batches: 4  Memory Usage: 4056kB
        ->  Hash Join  (cost=83810.17..149629.12 rows=266525 width=8) (actual time=1404.024..2918.535 rows=306662 loops=1)
              Hash Cond: (mc.movie_id = t.id)
              ->  Seq Scan on movie_companies mc  (cost=0.00..51404.11 rows=682289 width=4) (actual time=0.016..906.573 rows=674060 loops=1)
                    Filter: (company_id < 1102)
                    Rows Removed by Filter: 1935069
              ->  Hash  (cost=67604.59..67604.59 rows=987727 width=4) (actual time=1403.137..1403.137 rows=985048 loops=1)
                    Buckets: 131072  Batches: 16  Memory Usage: 3188kB
                    ->  Seq Scan on title t  (cost=0.00..67604.59 rows=987727 width=4) (actual time=0.024..1107.232 rows=985048 loops=1)
                          Filter: (kind_id < 7)
                          Rows Removed by Filter: 1543264
Planning time: 1.147 ms
Execution time: 20462.419 ms
