Hash Join  (cost=94574.69..496473.01 rows=1527156 width=0) (actual time=5003.827..9502.610 rows=1359604 loops=1)
  Hash Cond: (mi.movie_id = t.id)
  ->  Seq Scan on movie_info mi  (cost=0.00..346232.03 rows=3068194 width=4) (actual time=3215.975..5768.417 rows=3036719 loops=1)
        Filter: (info_type_id = 16)
        Rows Removed by Filter: 11799001
  ->  Hash  (cost=73925.90..73925.90 rows=1258543 width=4) (actual time=1786.309..1786.309 rows=1221534 loops=1)
        Buckets: 131072  Batches: 32  Memory Usage: 2369kB
        ->  Seq Scan on title t  (cost=0.00..73925.90 rows=1258543 width=4) (actual time=31.251..1395.085 rows=1221534 loops=1)
              Filter: ((production_year < 2011) AND (kind_id = 7))
              Rows Removed by Filter: 1306778
Planning time: 0.771 ms
Execution time: 9652.759 ms
