Seq Scan on cast_info ci  (cost=0.00..796071.18 rows=6220738 width=0) (actual time=3906.982..14729.951 rows=12654399 loops=1)
  Filter: ((person_id < 1737955) AND (role_id = 1))
  Rows Removed by Filter: 23589945
Planning time: 0.398 ms
Execution time: 16304.394 ms
