Hash Join  (cost=82131.75..1052800.49 rows=6083487 width=0) (actual time=3396.882..25141.296 rows=4826868 loops=1)
  Hash Cond: (ci.movie_id = t.id)
  ->  Seq Scan on cast_info ci  (cost=0.00..705507.15 rows=17372193 width=4) (actual time=2019.267..13818.118 rows=17501007 loops=1)
        Filter: (person_id > 1868265)
        Rows Removed by Filter: 18743337
  ->  Hash  (cost=67604.59..67604.59 rows=885453 width=4) (actual time=1375.996..1375.996 rows=885650 loops=1)
        Buckets: 131072  Batches: 16  Memory Usage: 2972kB
        ->  Seq Scan on title t  (cost=0.00..67604.59 rows=885453 width=4) (actual time=0.030..1099.054 rows=885650 loops=1)
              Filter: (production_year < 1997)
              Rows Removed by Filter: 1642662
Planning time: 0.722 ms
Execution time: 25727.875 ms
