Hash Join  (cost=69687.24..869530.31 rows=13623 width=0) (actual time=2499.256..11997.304 rows=68831 loops=1)
  Hash Cond: (ci.movie_id = t.id)
  ->  Seq Scan on cast_info ci  (cost=0.00..796071.18 rows=271377 width=4) (actual time=1402.635..10444.156 rows=1068180 loops=1)
        Filter: ((person_id > 3855477) AND (role_id > 4))
        Rows Removed by Filter: 35176164
  ->  Hash  (cost=67604.59..67604.59 rows=126932 width=4) (actual time=1095.116..1095.116 rows=122861 loops=1)
        Buckets: 131072  Batches: 2  Memory Usage: 3191kB
        ->  Seq Scan on title t  (cost=0.00..67604.59 rows=126932 width=4) (actual time=0.030..1048.856 rows=122861 loops=1)
              Filter: (production_year = 2008)
              Rows Removed by Filter: 2405451
Planning time: 0.734 ms
Execution time: 12006.969 ms
