Nested Loop  (cost=0.43..83072.90 rows=10 width=0) (actual time=226.612..1189.508 rows=1 loops=1)
  ->  Seq Scan on movie_keyword mk  (cost=0.00..81003.12 rows=246 width=4) (actual time=0.569..1183.080 rows=57 loops=1)
        Filter: (keyword_id = 19209)
        Rows Removed by Filter: 4523873
  ->  Index Scan using title_pkey on title t  (cost=0.43..8.40 rows=1 width=4) (actual time=0.108..0.108 rows=0 loops=57)
        Index Cond: (id = mk.movie_id)
        Filter: ((kind_id > 4) AND (production_year = 2012))
        Rows Removed by Filter: 1
Planning time: 0.738 ms
Execution time: 1189.636 ms
