Hash Join  (cost=104131.46..176079.62 rows=482510 width=0) (actual time=5054.246..9246.703 rows=488824 loops=1)
  Hash Cond: (mc.movie_id = t.id)
  ->  Seq Scan on movie_companies mc  (cost=0.00..51404.11 rows=547990 width=4) (actual time=0.026..2780.694 rows=552436 loops=1)
        Filter: (company_id > 71818)
        Rows Removed by Filter: 2056693
  ->  Hash  (cost=67604.59..67604.59 rows=2226390 width=4) (actual time=5052.938..5052.938 rows=2224569 loops=1)
        Buckets: 131072  Batches: 32  Memory Usage: 3463kB
        ->  Seq Scan on title t  (cost=0.00..67604.59 rows=2226390 width=4) (actual time=0.010..4036.162 rows=2224569 loops=1)
              Filter: (production_year < 2012)
              Rows Removed by Filter: 303743
Planning time: 2.391 ms
Execution time: 9310.252 ms
