Seq Scan on cast_info ci  (cost=0.00..705507.15 rows=500 width=0) (actual time=8179.298..11258.139 rows=2 loops=1)
  Filter: (person_id = 247649)
  Rows Removed by Filter: 36244342
Planning time: 0.374 ms
Execution time: 11258.221 ms
