Hash Join  (cost=80042.24..1080075.40 rows=6003285 width=0) (actual time=2789.326..28249.436 rows=6115454 loops=1)
  Hash Cond: (ci.movie_id = t.id)
  ->  Seq Scan on cast_info ci  (cost=0.00..705507.15 rows=20024311 width=4) (actual time=1479.389..15361.317 rows=20122661 loops=1)
        Filter: (role_id < 3)
        Rows Removed by Filter: 16121683
  ->  Hash  (cost=67604.59..67604.59 rows=758052 width=4) (actual time=1309.005..1309.005 rows=753677 loops=1)
        Buckets: 131072  Batches: 16  Memory Usage: 2677kB
        ->  Seq Scan on title t  (cost=0.00..67604.59 rows=758052 width=4) (actual time=0.035..1074.618 rows=753677 loops=1)
              Filter: (kind_id < 3)
              Rows Removed by Filter: 1774635
Planning time: 0.745 ms
Execution time: 28943.486 ms
