Hash Join  (cost=52284.99..80917.27 rows=38 width=0) (actual time=845.273..1424.221 rows=6 loops=1)
  Hash Cond: (mi_idx.movie_id = t.id)
  ->  Seq Scan on movie_info_idx mi_idx  (cost=0.00..25185.44 rows=919057 width=4) (actual time=0.029..517.283 rows=920110 loops=1)
        Filter: (info_type_id > 99)
        Rows Removed by Filter: 459925
  ->  Hash  (cost=52283.69..52283.69 rows=104 width=8) (actual time=783.755..783.755 rows=9 loops=1)
        Buckets: 1024  Batches: 1  Memory Usage: 9kB
        ->  Nested Loop  (cost=0.43..52283.69 rows=104 width=8) (actual time=13.629..783.735 rows=9 loops=1)
              ->  Seq Scan on movie_companies mc  (cost=0.00..51404.11 rows=104 width=4) (actual time=13.536..783.216 rows=9 loops=1)
                    Filter: (company_id = 16741)
                    Rows Removed by Filter: 2609120
              ->  Index Only Scan using title_pkey on title t  (cost=0.43..8.45 rows=1 width=4) (actual time=0.049..0.050 rows=1 loops=9)
                    Index Cond: (id = mc.movie_id)
                    Heap Fetches: 9
Planning time: 3.530 ms
Execution time: 1424.319 ms
