Hash Join  (cost=199782.47..1087698.49 rows=4441171 width=0) (actual time=5331.539..26996.379 rows=14022617 loops=1)
  Hash Cond: (ci.movie_id = t.id)
  ->  Seq Scan on cast_info ci  (cost=0.00..705507.15 rows=11608042 width=4) (actual time=1171.790..12908.743 rows=11638744 loops=1)
        Filter: (person_id > 2529965)
        Rows Removed by Filter: 24605600
  ->  Hash  (cost=183910.97..183910.97 rows=967400 width=8) (actual time=4158.511..4158.511 rows=805658 loops=1)
        Buckets: 131072  Batches: 16  Memory Usage: 2957kB
        ->  Hash Join  (cost=98969.27..183910.97 rows=967400 width=8) (actual time=2043.249..3949.798 rows=805658 loops=1)
              Hash Cond: (mc.movie_id = t.id)
              ->  Seq Scan on movie_companies mc  (cost=0.00..51404.11 rows=1279517 width=4) (actual time=162.446..995.579 rows=1274246 loops=1)
                    Filter: (company_type_id = 1)
                    Rows Removed by Filter: 1334883
              ->  Hash  (cost=67604.59..67604.59 rows=1911735 width=4) (actual time=1879.712..1879.712 rows=1903258 loops=1)
                    Buckets: 131072  Batches: 32  Memory Usage: 3122kB
                    ->  Seq Scan on title t  (cost=0.00..67604.59 rows=1911735 width=4) (actual time=0.021..1295.731 rows=1903258 loops=1)
                          Filter: (production_year > 1982)
                          Rows Removed by Filter: 625054
Planning time: 1.041 ms
Execution time: 28444.786 ms
