Hash Join  (cost=173824.65..527690.80 rows=19576 width=0) (actual time=5475.537..9647.418 rows=240836 loops=1)
  Hash Cond: (mi.movie_id = t.id)
  ->  Seq Scan on movie_info mi  (cost=0.00..346232.03 rows=616095 width=4) (actual time=1886.180..5842.322 rows=598457 loops=1)
        Filter: (info_type_id = 15)
        Rows Removed by Filter: 14237263
  ->  Hash  (cost=172506.37..172506.37 rows=80343 width=8) (actual time=3548.607..3548.607 rows=129553 loops=1)
        Buckets: 131072  Batches: 2  Memory Usage: 3563kB
        ->  Hash Join  (cost=102767.86..172506.37 rows=80343 width=8) (actual time=2326.292..3504.438 rows=129553 loops=1)
              Hash Cond: (mc.movie_id = t.id)
              ->  Seq Scan on movie_companies mc  (cost=0.00..57926.93 rows=80343 width=4) (actual time=305.821..1011.499 rows=129553 loops=1)
                    Filter: ((company_id < 34) AND (company_type_id < 2))
                    Rows Removed by Filter: 2479576
              ->  Hash  (cost=61283.27..61283.27 rows=2528527 width=4) (actual time=2019.162..2019.162 rows=2528312 loops=1)
                    Buckets: 131072  Batches: 64  Memory Usage: 2415kB
                    ->  Seq Scan on title t  (cost=0.00..61283.27 rows=2528527 width=4) (actual time=0.031..1186.715 rows=2528312 loops=1)
Planning time: 1.161 ms
Execution time: 9675.974 ms
