Seq Scan on cast_info ci  (cost=0.00..705507.15 rows=32480394 width=0) (actual time=0.016..13646.768 rows=32473004 loops=1)
  Filter: (person_id < 3372507)
  Rows Removed by Filter: 3771340
Planning time: 0.247 ms
Execution time: 17634.584 ms
