Seq Scan on cast_info ci  (cost=0.00..796071.18 rows=851649 width=0) (actual time=818.521..9020.016 rows=840345 loops=1)
  Filter: ((person_id < 93198) AND (role_id < 9))
  Rows Removed by Filter: 35403999
Planning time: 0.366 ms
Execution time: 9125.181 ms
