Hash Join  (cost=173934.21..1329947.55 rows=9413690 width=0) (actual time=5131.322..41212.243 rows=20221202 loops=1)
  Hash Cond: (ci.movie_id = t.id)
  ->  Seq Scan on cast_info ci  (cost=0.00..796071.18 rows=22633123 width=4) (actual time=1283.554..19098.243 rows=22217022 loops=1)
        Filter: ((person_id < 3798770) AND (role_id > 1))
        Rows Removed by Filter: 14027322
  ->  Hash  (cost=156679.23..156679.23 rows=1051679 width=8) (actual time=3846.904..3846.904 rows=1040410 loops=1)
        Buckets: 131072  Batches: 16  Memory Usage: 3574kB
        ->  Hash Join  (cost=99217.91..156679.23 rows=1051679 width=8) (actual time=1850.656..3546.280 rows=1040410 loops=1)
              Hash Cond: (mi_idx.movie_id = t.id)
              ->  Seq Scan on movie_info_idx mi_idx  (cost=0.00..21735.35 rows=1380035 width=4) (actual time=0.018..450.074 rows=1380035 loops=1)
              ->  Hash  (cost=67604.59..67604.59 rows=1926906 width=4) (actual time=1849.517..1849.517 rows=1918028 loops=1)
                    Buckets: 131072  Batches: 32  Memory Usage: 3139kB
                    ->  Seq Scan on title t  (cost=0.00..67604.59 rows=1926906 width=4) (actual time=0.019..1264.404 rows=1918028 loops=1)
                          Filter: (production_year > 1981)
                          Rows Removed by Filter: 610284
Planning time: 1.194 ms
Execution time: 43541.912 ms
