Hash Join  (cost=154654.97..952632.47 rows=190631 width=0) (actual time=2747.576..17073.374 rows=7207 loops=1)
  Hash Cond: (ci.movie_id = t.id)
  ->  Seq Scan on cast_info ci  (cost=0.00..614943.12 rows=36225612 width=4) (actual time=0.027..8317.459 rows=36244344 loops=1)
  ->  Hash  (cost=154488.65..154488.65 rows=13306 width=8) (actual time=2137.821..2137.821 rows=950 loops=1)
        Buckets: 16384  Batches: 1  Memory Usage: 166kB
        ->  Hash Join  (cost=67697.55..154488.65 rows=13306 width=8) (actual time=1025.428..2137.353 rows=950 loops=1)
              Hash Cond: (mk.movie_id = t.id)
              ->  Seq Scan on movie_keyword mk  (cost=0.00..69693.30 rows=4523930 width=4) (actual time=0.014..567.045 rows=4523930 loops=1)
              ->  Hash  (cost=67604.59..67604.59 rows=7437 width=4) (actual time=1019.947..1019.947 rows=4597 loops=1)
                    Buckets: 8192  Batches: 1  Memory Usage: 226kB
                    ->  Seq Scan on title t  (cost=0.00..67604.59 rows=7437 width=4) (actual time=0.017..1017.896 rows=4597 loops=1)
                          Filter: (production_year = 1910)
                          Rows Removed by Filter: 2523715
Planning time: 1.337 ms
Execution time: 17077.570 ms
