Nested Loop  (cost=32749.09..399431.55 rows=692 width=0) (actual time=2500.453..6916.184 rows=9835 loops=1)
  Join Filter: (mi.movie_id = t.id)
  ->  Hash Join  (cost=32748.66..384240.77 rows=17811 width=8) (actual time=2279.498..6139.205 rows=45431 loops=1)
        Hash Cond: (mi.movie_id = mi_idx.movie_id)
        ->  Seq Scan on movie_info mi  (cost=0.00..346232.03 rows=17937 width=4) (actual time=1561.419..5253.857 rows=121863 loops=1)
              Filter: (info_type_id = 105)
              Rows Removed by Filter: 14713857
        ->  Hash  (cost=25185.44..25185.44 rows=460978 width=4) (actual time=716.077..716.077 rows=459925 loops=1)
              Buckets: 131072  Batches: 8  Memory Usage: 3059kB
              ->  Seq Scan on movie_info_idx mi_idx  (cost=0.00..25185.44 rows=460978 width=4) (actual time=0.028..557.945 rows=459925 loops=1)
                    Filter: (info_type_id < 100)
                    Rows Removed by Filter: 920110
  ->  Index Scan using title_pkey on title t  (cost=0.43..0.84 rows=1 width=4) (actual time=0.017..0.017 rows=0 loops=45431)
        Index Cond: (id = mi_idx.movie_id)
        Filter: (production_year > 2009)
        Rows Removed by Filter: 1
Planning time: 1.212 ms
Execution time: 6918.425 ms
