Hash Join  (cost=129938.78..505170.80 rows=249918 width=0) (actual time=3791.259..10924.355 rows=3007970 loops=1)
  Hash Cond: (mi.movie_id = t.id)
  ->  Seq Scan on movie_info mi  (cost=0.00..346232.03 rows=2194617 width=4) (actual time=637.908..5605.423 rows=2233850 loops=1)
        Filter: (info_type_id > 16)
        Rows Removed by Filter: 12601870
  ->  Hash  (cost=125214.49..125214.49 rows=287943 width=8) (actual time=3152.627..3152.627 rows=639517 loops=1)
        Buckets: 131072 (originally 131072)  Batches: 8 (originally 4)  Memory Usage: 4178kB
        ->  Hash Join  (cost=82581.58..125214.49 rows=287943 width=8) (actual time=1544.659..2940.107 rows=639517 loops=1)
              Hash Cond: (mi_idx.movie_id = t.id)
              ->  Seq Scan on movie_info_idx mi_idx  (cost=0.00..21735.35 rows=1380035 width=4) (actual time=0.013..465.255 rows=1380035 loops=1)
              ->  Hash  (cost=73925.90..73925.90 rows=527574 width=4) (actual time=1544.109..1544.109 rows=609532 loops=1)
                    Buckets: 131072  Batches: 8  Memory Usage: 3715kB
                    ->  Seq Scan on title t  (cost=0.00..73925.90 rows=527574 width=4) (actual time=0.022..1348.638 rows=609532 loops=1)
                          Filter: ((kind_id < 7) AND (production_year < 2005))
                          Rows Removed by Filter: 1918780
Planning time: 1.130 ms
Execution time: 11299.408 ms
