Seq Scan on movie_keyword mk  (cost=0.00..81003.12 rows=2358459 width=0) (actual time=0.015..3964.327 rows=2354900 loops=1)
  Filter: (keyword_id > 4194)
  Rows Removed by Filter: 2169030
Planning time: 0.327 ms
Execution time: 4367.109 ms
