Hash Join  (cost=101458.67..566144.10 rows=4295320 width=0) (actual time=3440.066..12061.266 rows=4366932 loops=1)
  Hash Cond: (mi.movie_id = t.id)
  ->  Seq Scan on movie_info mi  (cost=0.00..346232.03 rows=5263441 width=4) (actual time=1394.858..6057.995 rows=5270569 loops=1)
        Filter: (info_type_id > 15)
        Rows Removed by Filter: 9565151
  ->  Hash  (cost=67604.59..67604.59 rows=2063447 width=4) (actual time=2044.245..2044.245 rows=2060346 loops=1)
        Buckets: 131072  Batches: 32  Memory Usage: 3302kB
        ->  Seq Scan on title t  (cost=0.00..67604.59 rows=2063447 width=4) (actual time=0.020..1370.637 rows=2060346 loops=1)
              Filter: (production_year > 1971)
              Rows Removed by Filter: 467966
Planning time: 0.922 ms
Execution time: 12507.464 ms
