Hash Join  (cost=190230.21..335986.98 rows=1903561 width=0) (actual time=4227.173..9666.050 rows=8027109 loops=1)
  Hash Cond: (mk.movie_id = t.id)
  ->  Seq Scan on movie_keyword mk  (cost=0.00..81003.12 rows=3487742 width=4) (actual time=0.018..1757.904 rows=3480684 loops=1)
        Filter: (keyword_id < 16995)
        Rows Removed by Filter: 1043246
  ->  Hash  (cost=167588.78..167588.78 rows=1380035 width=8) (actual time=4226.097..4226.097 rows=1380035 loops=1)
        Buckets: 131072  Batches: 32  Memory Usage: 2726kB
        ->  Hash Join  (cost=102767.86..167588.78 rows=1380035 width=8) (actual time=1876.866..3810.259 rows=1380035 loops=1)
              Hash Cond: (mi_idx.movie_id = t.id)
              ->  Seq Scan on movie_info_idx mi_idx  (cost=0.00..21735.35 rows=1380035 width=4) (actual time=0.016..452.306 rows=1380035 loops=1)
              ->  Hash  (cost=61283.27..61283.27 rows=2528527 width=4) (actual time=1876.098..1876.098 rows=2528312 loops=1)
                    Buckets: 131072  Batches: 64  Memory Usage: 2415kB
                    ->  Seq Scan on title t  (cost=0.00..61283.27 rows=2528527 width=4) (actual time=0.009..1061.699 rows=2528312 loops=1)
Planning time: 0.944 ms
Execution time: 10582.620 ms
