Seq Scan on cast_info ci  (cost=0.00..705507.15 rows=18985217 width=0) (actual time=0.017..12658.567 rows=19127680 loops=1)
  Filter: (person_id > 1691310)
  Rows Removed by Filter: 17116664
Planning time: 0.347 ms
Execution time: 15036.143 ms
