Seq Scan on title t  (cost=0.00..73925.90 rows=266 width=0) (actual time=60.596..1066.556 rows=1107 loops=1)
  Filter: ((kind_id = 2) AND (production_year = 1989))
  Rows Removed by Filter: 2527205
Planning time: 1.084 ms
Execution time: 1067.117 ms
