Hash Join  (cost=92883.59..179092.85 rows=927763 width=0) (actual time=2152.047..3797.623 rows=519400 loops=1)
  Hash Cond: (mc.movie_id = t.id)
  ->  Seq Scan on movie_companies mc  (cost=0.00..51404.11 rows=1522503 width=4) (actual time=0.019..985.339 rows=1509470 loops=1)
        Filter: (company_id < 14065)
        Rows Removed by Filter: 1099659
  ->  Hash  (cost=67604.59..67604.59 rows=1540800 width=4) (actual time=1726.054..1726.054 rows=1543264 loops=1)
        Buckets: 131072  Batches: 32  Memory Usage: 2722kB
        ->  Seq Scan on title t  (cost=0.00..67604.59 rows=1540800 width=4) (actual time=59.968..1241.296 rows=1543264 loops=1)
              Filter: (kind_id = 7)
              Rows Removed by Filter: 985048
Planning time: 2.118 ms
Execution time: 3852.134 ms
