Seq Scan on movie_keyword mk  (cost=0.00..81003.12 rows=2944976 width=0) (actual time=0.024..1565.805 rows=2937374 loops=1)
  Filter: (keyword_id > 2424)
  Rows Removed by Filter: 1586556
Planning time: 0.318 ms
Execution time: 1932.755 ms
