Seq Scan on movie_keyword mk  (cost=0.00..81003.12 rows=246 width=0) (actual time=8.932..1278.060 rows=242 loops=1)
  Filter: (keyword_id = 3933)
  Rows Removed by Filter: 4523688
Planning time: 2.399 ms
Execution time: 1278.272 ms
