Seq Scan on movie_keyword mk  (cost=0.00..81003.12 rows=3572483 width=0) (actual time=0.012..1511.581 rows=3569414 loops=1)
  Filter: (keyword_id > 890)
  Rows Removed by Filter: 954516
Planning time: 0.332 ms
Execution time: 1966.564 ms
