Nested Loop  (cost=0.43..709673.15 rows=283 width=0) (actual time=2891.522..10730.830 rows=187 loops=1)
  ->  Seq Scan on cast_info ci  (cost=0.00..705507.15 rows=500 width=4) (actual time=2891.377..10727.026 rows=192 loops=1)
        Filter: (person_id = 1717271)
        Rows Removed by Filter: 36244152
  ->  Index Scan using title_pkey on title t  (cost=0.43..8.32 rows=1 width=4) (actual time=0.018..0.019 rows=1 loops=192)
        Index Cond: (id = ci.movie_id)
        Filter: (production_year > 1999)
        Rows Removed by Filter: 0
Planning time: 0.565 ms
Execution time: 10730.990 ms
