Hash Join  (cost=217858.32..360950.73 rows=1778565 width=0) (actual time=4949.631..9903.675 rows=6353826 loops=1)
  Hash Cond: (mk.movie_id = t.id)
  ->  Seq Scan on movie_keyword mk  (cost=0.00..81003.12 rows=3382303 width=4) (actual time=0.016..1676.455 rows=3373780 loops=1)
        Filter: (keyword_id < 16189)
        Rows Removed by Filter: 1150150
  ->  Hash  (cost=196044.17..196044.17 rows=1329612 width=8) (actual time=4948.394..4948.394 rows=1334883 loops=1)
        Buckets: 131072  Batches: 32  Memory Usage: 2660kB
        ->  Hash Join  (cost=102767.86..196044.17 rows=1329612 width=8) (actual time=1905.095..4528.125 rows=1334883 loops=1)
              Hash Cond: (mc.movie_id = t.id)
              ->  Seq Scan on movie_companies mc  (cost=0.00..51404.11 rows=1329612 width=4) (actual time=0.023..1058.843 rows=1334883 loops=1)
                    Filter: (company_type_id > 1)
                    Rows Removed by Filter: 1274246
              ->  Hash  (cost=61283.27..61283.27 rows=2528527 width=4) (actual time=1903.474..1903.474 rows=2528312 loops=1)
                    Buckets: 131072  Batches: 64  Memory Usage: 2415kB
                    ->  Seq Scan on title t  (cost=0.00..61283.27 rows=2528527 width=4) (actual time=0.009..1056.248 rows=2528312 loops=1)
Planning time: 1.326 ms
Execution time: 10560.680 ms
