Hash Join  (cost=156962.10..1063629.63 rows=1376292 width=0) (actual time=5499.365..23009.748 rows=1989590 loops=1)
  Hash Cond: (ci.movie_id = t.id)
  ->  Seq Scan on cast_info ci  (cost=0.00..796071.18 rows=8231844 width=4) (actual time=2077.427..15849.256 rows=4748183 loops=1)
        Filter: ((person_id < 3201523) AND (role_id > 4))
        Rows Removed by Filter: 31496161
  ->  Hash  (cost=150025.74..150025.74 rows=422748 width=8) (actual time=3421.156..3421.156 rows=440596 loops=1)
        Buckets: 131072  Batches: 8  Memory Usage: 3184kB
        ->  Hash Join  (cost=105647.94..150025.74 rows=422748 width=8) (actual time=2052.836..3291.250 rows=440596 loops=1)
              Hash Cond: (mi_idx.movie_id = t.id)
              ->  Seq Scan on movie_info_idx mi_idx  (cost=0.00..25185.44 rows=460978 width=4) (actual time=0.029..462.772 rows=459925 loops=1)
                    Filter: (info_type_id = 99)
                    Rows Removed by Filter: 920110
              ->  Hash  (cost=67604.59..67604.59 rows=2318828 width=4) (actual time=2051.989..2051.989 rows=2312885 loops=1)
                    Buckets: 131072  Batches: 32  Memory Usage: 3569kB
                    ->  Seq Scan on title t  (cost=0.00..67604.59 rows=2318828 width=4) (actual time=0.015..1353.672 rows=2312885 loops=1)
                          Filter: (production_year > 1940)
                          Rows Removed by Filter: 215427
Planning time: 1.260 ms
Execution time: 23246.836 ms
