Seq Scan on cast_info ci  (cost=0.00..705507.15 rows=4161014 width=0) (actual time=162.617..11176.282 rows=4031719 loops=1)
  Filter: (person_id < 386681)
  Rows Removed by Filter: 32212625
Planning time: 0.338 ms
Execution time: 11673.270 ms
