Hash Join  (cost=58375.85..85286.62 rows=29 width=0) (actual time=991.082..1598.911 rows=642 loops=1)
  Hash Cond: (mi_idx.movie_id = t.id)
  ->  Seq Scan on movie_info_idx mi_idx  (cost=0.00..21735.35 rows=1380035 width=4) (actual time=0.024..365.188 rows=1380035 loops=1)
  ->  Hash  (cost=58375.18..58375.18 rows=53 width=8) (actual time=986.901..986.901 rows=224 loops=1)
        Buckets: 1024  Batches: 1  Memory Usage: 17kB
        ->  Nested Loop  (cost=0.43..58375.18 rows=53 width=8) (actual time=267.713..986.760 rows=224 loops=1)
              ->  Seq Scan on movie_companies mc  (cost=0.00..57926.93 rows=53 width=4) (actual time=267.640..977.391 rows=224 loops=1)
                    Filter: ((company_type_id > 1) AND (company_id = 1210))
                    Rows Removed by Filter: 2608905
              ->  Index Only Scan using title_pkey on title t  (cost=0.43..8.45 rows=1 width=4) (actual time=0.040..0.041 rows=1 loops=224)
                    Index Cond: (id = mc.movie_id)
                    Heap Fetches: 224
Planning time: 1.155 ms
Execution time: 1599.182 ms
