Hash Join  (cost=74318.08..158166.92 rows=9114 width=0) (actual time=1203.530..2645.677 rows=31640 loops=1)
  Hash Cond: (mk.movie_id = t.id)
  ->  Seq Scan on movie_keyword mk  (cost=0.00..81003.12 rows=734553 width=4) (actual time=0.014..1291.598 rows=734912 loops=1)
        Filter: (keyword_id < 659)
        Rows Removed by Filter: 3789018
  ->  Hash  (cost=73925.90..73925.90 rows=31374 width=4) (actual time=1076.370..1076.370 rows=122923 loops=1)
        Buckets: 131072 (originally 32768)  Batches: 2 (originally 1)  Memory Usage: 3180kB
        ->  Seq Scan on title t  (cost=0.00..73925.90 rows=31374 width=4) (actual time=0.019..1025.665 rows=122923 loops=1)
              Filter: ((production_year < 1933) AND (kind_id = 1))
              Rows Removed by Filter: 2405389
Planning time: 0.853 ms
Execution time: 2650.744 ms
