Hash Join  (cost=425989.08..1179302.33 rows=252406 width=0) (actual time=7123.106..25154.219 rows=647073 loops=1)
  Hash Cond: (ci.movie_id = t.id)
  ->  Seq Scan on cast_info ci  (cost=0.00..614943.12 rows=36225612 width=4) (actual time=0.018..9221.845 rows=36244344 loops=1)
  ->  Hash  (cost=425768.86..425768.86 rows=17618 width=8) (actual time=7122.840..7122.840 rows=15980 loops=1)
        Buckets: 32768  Batches: 1  Memory Usage: 881kB
        ->  Hash Join  (cost=74341.98..425768.86 rows=17618 width=8) (actual time=4853.080..7116.203 rows=15980 loops=1)
              Hash Cond: (mi.movie_id = t.id)
              ->  Seq Scan on movie_info mi  (cost=0.00..346232.03 rows=1338312 width=4) (actual time=3639.007..5635.152 rows=1401902 loops=1)
                    Filter: (info_type_id = 7)
                    Rows Removed by Filter: 13433818
              ->  Hash  (cost=73925.90..73925.90 rows=33286 width=4) (actual time=1213.358..1213.358 rows=28113 loops=1)
                    Buckets: 65536  Batches: 1  Memory Usage: 1501kB
                    ->  Seq Scan on title t  (cost=0.00..73925.90 rows=33286 width=4) (actual time=0.426..1200.690 rows=28113 loops=1)
                          Filter: ((kind_id < 7) AND (production_year = 2004))
                          Rows Removed by Filter: 2500199
Planning time: 1.749 ms
Execution time: 25245.104 ms
