Hash Join  (cost=78917.17..1157488.63 rows=4357930 width=0) (actual time=1233.388..33811.542 rows=5618891 loops=1)
  Hash Cond: (ci.movie_id = t.id)
  ->  Seq Scan on cast_info ci  (cost=0.00..614943.12 rows=36225612 width=4) (actual time=0.010..13201.404 rows=36244344 loops=1)
  ->  Hash  (cost=73925.90..73925.90 rows=304181 width=4) (actual time=1232.446..1232.446 rows=422218 loops=1)
        Buckets: 131072 (originally 131072)  Batches: 8 (originally 4)  Memory Usage: 3073kB
        ->  Seq Scan on title t  (cost=0.00..73925.90 rows=304181 width=4) (actual time=0.012..1088.058 rows=422218 loops=1)
              Filter: ((kind_id < 7) AND (production_year < 1994))
              Rows Removed by Filter: 2106094
Planning time: 0.746 ms
Execution time: 34427.609 ms
