Hash Join  (cost=171645.95..1430722.01 rows=14170770 width=0) (actual time=3892.502..41412.351 rows=21788250 loops=1)
  Hash Cond: (ci.movie_id = t.id)
  ->  Seq Scan on cast_info ci  (cost=0.00..705507.15 rows=35277117 width=4) (actual time=0.014..16343.659 rows=35416314 loops=1)
        Filter: (person_id > 87029)
        Rows Removed by Filter: 828030
  ->  Hash  (cost=154981.62..154981.62 rows=1015706 width=8) (actual time=3891.430..3891.430 rows=750135 loops=1)
        Buckets: 131072  Batches: 16  Memory Usage: 2867kB
        ->  Hash Join  (cost=98137.04..154981.62 rows=1015706 width=8) (actual time=1983.757..3664.048 rows=750135 loops=1)
              Hash Cond: (mi_idx.movie_id = t.id)
              ->  Seq Scan on movie_info_idx mi_idx  (cost=0.00..21735.35 rows=1380035 width=4) (actual time=0.030..458.088 rows=1380035 loops=1)
              ->  Hash  (cost=67604.59..67604.59 rows=1860996 width=4) (actual time=1982.116..1982.116 rows=1865487 loops=1)
                    Buckets: 131072  Batches: 32  Memory Usage: 3079kB
                    ->  Seq Scan on title t  (cost=0.00..67604.59 rows=1860996 width=4) (actual time=0.026..1384.292 rows=1865487 loops=1)
                          Filter: (kind_id > 1)
                          Rows Removed by Filter: 662825
Planning time: 2.016 ms
Execution time: 43701.520 ms
