Seq Scan on movie_keyword mk  (cost=0.00..81003.12 rows=3397648 width=0) (actual time=0.027..4601.244 rows=3389540 loops=1)
  Filter: (keyword_id > 1256)
  Rows Removed by Filter: 1134390
Planning time: 4.931 ms
Execution time: 5182.449 ms
