Hash Join  (cost=130552.70..265580.54 rows=488351 width=0) (actual time=2885.469..7852.236 rows=6574448 loops=1)
  Hash Cond: (mk.movie_id = t.id)
  ->  Seq Scan on movie_keyword mk  (cost=0.00..81003.12 rows=4149388 width=4) (actual time=0.024..1790.458 rows=4151510 loops=1)
        Filter: (keyword_id < 45467)
        Rows Removed by Filter: 372420
  ->  Hash  (cost=125669.85..125669.85 rows=297588 width=8) (actual time=2884.188..2884.188 rows=577307 loops=1)
        Buckets: 131072 (originally 131072)  Batches: 8 (originally 4)  Memory Usage: 3870kB
        ->  Hash Join  (cost=82871.49..125669.85 rows=297588 width=8) (actual time=1369.379..2701.363 rows=577307 loops=1)
              Hash Cond: (mi_idx.movie_id = t.id)
              ->  Seq Scan on movie_info_idx mi_idx  (cost=0.00..21735.35 rows=1380035 width=4) (actual time=0.020..446.545 rows=1380035 loops=1)
              ->  Hash  (cost=73925.90..73925.90 rows=545247 width=4) (actual time=1368.511..1368.511 rows=557319 loops=1)
                    Buckets: 131072  Batches: 8  Memory Usage: 3485kB
                    ->  Seq Scan on title t  (cost=0.00..73925.90 rows=545247 width=4) (actual time=208.768..1197.638 rows=557319 loops=1)
                          Filter: ((production_year < 2011) AND (kind_id = 1))
                          Rows Removed by Filter: 1970993
Planning time: 1.216 ms
Execution time: 8586.886 ms
