Hash Join  (cost=79841.74..160020.67 rows=372040 width=0) (actual time=1237.018..3369.763 rows=236952 loops=1)
  Hash Cond: (mc.movie_id = t.id)
  ->  Seq Scan on movie_companies mc  (cost=0.00..44881.29 rows=2609129 width=4) (actual time=0.020..897.453 rows=2609129 loops=1)
  ->  Hash  (cost=73925.90..73925.90 rows=360547 width=4) (actual time=1236.199..1236.199 rows=243152 loops=1)
        Buckets: 131072  Batches: 8  Memory Usage: 2080kB
        ->  Seq Scan on title t  (cost=0.00..73925.90 rows=360547 width=4) (actual time=0.015..1150.841 rows=243152 loops=1)
              Filter: ((production_year < 1985) AND (kind_id = 7))
              Rows Removed by Filter: 2285160
Planning time: 0.791 ms
Execution time: 3398.640 ms
