Seq Scan on movie_keyword mk  (cost=0.00..81003.12 rows=246 width=0) (actual time=6.634..1230.069 rows=70 loops=1)
  Filter: (keyword_id = 24369)
  Rows Removed by Filter: 4523860
Planning time: 0.392 ms
Execution time: 1230.212 ms
