Hash Join  (cost=78171.87..184653.28 rows=198961 width=0) (actual time=1799.858..4104.323 rows=230559 loops=1)
  Hash Cond: (mk.movie_id = t.id)
  ->  Seq Scan on movie_keyword mk  (cost=0.00..81003.12 rows=1943915 width=4) (actual time=0.011..1534.680 rows=1952855 loops=1)
        Filter: (keyword_id > 6595)
        Rows Removed by Filter: 2571075
  ->  Hash  (cost=73925.90..73925.90 rows=258797 width=4) (actual time=1797.917..1797.917 rows=227847 loops=1)
        Buckets: 131072  Batches: 4  Memory Usage: 3038kB
        ->  Seq Scan on title t  (cost=0.00..73925.90 rows=258797 width=4) (actual time=0.019..1171.662 rows=227847 loops=1)
              Filter: ((kind_id < 7) AND (production_year > 2008))
              Rows Removed by Filter: 2300465
Planning time: 0.540 ms
Execution time: 4129.809 ms
