Hash Join  (cost=477739.38..1246847.23 rows=1110581 width=0) (actual time=8390.897..23545.796 rows=1010244 loops=1)
  Hash Cond: (ci.movie_id = t.id)
  ->  Seq Scan on cast_info ci  (cost=0.00..705507.15 rows=4320508 width=4) (actual time=0.021..12454.554 rows=4323018 loops=1)
        Filter: (role_id = 10)
        Rows Removed by Filter: 31921326
  ->  Hash  (cost=467075.95..467075.95 rows=649954 width=8) (actual time=8389.641..8389.641 rows=365242 loops=1)
        Buckets: 131072  Batches: 16  Memory Usage: 1912kB
        ->  Hash Join  (cost=94072.72..467075.95 rows=649954 width=8) (actual time=5404.520..8277.589 rows=365242 loops=1)
              Hash Cond: (mi.movie_id = t.id)
              ->  Seq Scan on movie_info mi  (cost=0.00..346232.03 rows=1338312 width=4) (actual time=3519.831..5110.453 rows=1401902 loops=1)
                    Filter: (info_type_id = 7)
                    Rows Removed by Filter: 13433818
              ->  Hash  (cost=73925.90..73925.90 rows=1227985 width=4) (actual time=1883.322..1883.322 rows=1197374 loops=1)
                    Buckets: 131072  Batches: 32  Memory Usage: 2347kB
                    ->  Seq Scan on title t  (cost=0.00..73925.90 rows=1227985 width=4) (actual time=0.033..1476.997 rows=1197374 loops=1)
                          Filter: ((kind_id > 1) AND (production_year < 2008))
                          Rows Removed by Filter: 1330938
Planning time: 3.734 ms
Execution time: 23661.903 ms
