Hash Join  (cost=515260.92..665619.87 rows=2327492 width=0) (actual time=9914.189..16610.299 rows=13006483 loops=1)
  Hash Cond: (mk.movie_id = t.id)
  ->  Seq Scan on movie_keyword mk  (cost=0.00..69693.30 rows=4523930 width=4) (actual time=0.018..1386.123 rows=4523930 loops=1)
  ->  Hash  (cost=493917.82..493917.82 rows=1300888 width=8) (actual time=9912.754..9912.754 rows=1398913 loops=1)
        Buckets: 131072  Batches: 32  Memory Usage: 2717kB
        ->  Hash Join  (cost=107928.35..493917.82 rows=1300888 width=8) (actual time=2799.390..9494.883 rows=1398913 loops=1)
              Hash Cond: (mi.movie_id = t.id)
              ->  Seq Scan on movie_info mi  (cost=0.00..346232.03 rows=1338312 width=4) (actual time=552.568..5766.634 rows=1401902 loops=1)
                    Filter: (info_type_id = 7)
                    Rows Removed by Filter: 13433818
              ->  Hash  (cost=67604.59..67604.59 rows=2457821 width=4) (actual time=2245.691..2245.691 rows=2456218 loops=1)
                    Buckets: 131072  Batches: 64  Memory Usage: 2385kB
                    ->  Seq Scan on title t  (cost=0.00..67604.59 rows=2457821 width=4) (actual time=0.016..1419.378 rows=2456218 loops=1)
                          Filter: (production_year > 0)
                          Rows Removed by Filter: 72094
Planning time: 1.177 ms
Execution time: 18024.237 ms
