Seq Scan on cast_info ci  (cost=0.00..705507.15 rows=2903373 width=0) (actual time=687.599..10905.597 rows=2850680 loops=1)
  Filter: (person_id < 275690)
  Rows Removed by Filter: 33393664
Planning time: 0.345 ms
Execution time: 11261.124 ms
