Hash Join  (cost=1018504.83..4164094.68 rows=158985058 width=0) (actual time=24714.963..142546.757 rows=343981715 loops=1)
  Hash Cond: (ci.movie_id = t.id)
  ->  Seq Scan on cast_info ci  (cost=0.00..705507.15 rows=27274217 width=4) (actual time=0.038..15962.144 rows=27423392 loops=1)
        Filter: (person_id > 868456)
        Rows Removed by Filter: 8820952
  ->  Hash  (cost=776690.81..776690.81 rows=14739122 width=8) (actual time=24710.122..24710.122 rows=14835720 loops=1)
        Buckets: 131072  Batches: 256  Memory Usage: 3268kB
        ->  Hash Join  (cost=102767.86..776690.81 rows=14739122 width=8) (actual time=1943.612..20732.215 rows=14835720 loops=1)
              Hash Cond: (mi.movie_id = t.id)
              ->  Seq Scan on movie_info mi  (cost=0.00..309384.22 rows=14739122 width=4) (actual time=0.013..6240.083 rows=14835720 loops=1)
              ->  Hash  (cost=61283.27..61283.27 rows=2528527 width=4) (actual time=1941.603..1941.603 rows=2528312 loops=1)
                    Buckets: 131072  Batches: 64  Memory Usage: 2425kB
                    ->  Seq Scan on title t  (cost=0.00..61283.27 rows=2528527 width=4) (actual time=0.010..1086.561 rows=2528312 loops=1)
Planning time: 1.126 ms
Execution time: 179157.571 ms
