Hash Join  (cost=184231.38..224059.27 rows=124441 width=0) (actual time=3784.129..5316.634 rows=1623181 loops=1)
  Hash Cond: (mi_idx.movie_id = t.id)
  ->  Seq Scan on movie_info_idx mi_idx  (cost=0.00..21735.35 rows=1380035 width=4) (actual time=0.024..479.789 rows=1380035 loops=1)
  ->  Hash  (cost=180490.34..180490.34 rows=228003 width=8) (actual time=3783.214..3783.214 rows=611741 loops=1)
        Buckets: 131072 (originally 131072)  Batches: 8 (originally 4)  Memory Usage: 4081kB
        ->  Hash Join  (cost=83568.99..180490.34 rows=228003 width=8) (actual time=1591.628..3615.672 rows=611741 loops=1)
              Hash Cond: (mk.movie_id = t.id)
              ->  Seq Scan on movie_keyword mk  (cost=0.00..81003.12 rows=980851 width=4) (actual time=0.022..1450.750 rows=985497 loops=1)
                    Filter: (keyword_id > 18764)
                    Rows Removed by Filter: 3538433
              ->  Hash  (cost=73925.90..73925.90 rows=587767 width=4) (actual time=1488.062..1488.062 rows=594730 loops=1)
                    Buckets: 131072  Batches: 8  Memory Usage: 3657kB
                    ->  Seq Scan on title t  (cost=0.00..73925.90 rows=587767 width=4) (actual time=0.621..1302.231 rows=594730 loops=1)
                          Filter: ((kind_id < 2) AND (production_year < 2012))
                          Rows Removed by Filter: 1933582
Planning time: 1.198 ms
Execution time: 5500.323 ms
