Seq Scan on movie_keyword mk  (cost=0.00..81003.12 rows=246 width=0) (actual time=16.161..1307.956 rows=81 loops=1)
  Filter: (keyword_id = 65280)
  Rows Removed by Filter: 4523849
Planning time: 0.393 ms
Execution time: 1308.122 ms
