Nested Loop  (cost=0.43..83071.67 rows=246 width=0) (actual time=10.658..1294.484 rows=471 loops=1)
  ->  Seq Scan on movie_keyword mk  (cost=0.00..81003.12 rows=246 width=4) (actual time=10.561..1274.802 rows=471 loops=1)
        Filter: (keyword_id = 7350)
        Rows Removed by Filter: 4523459
  ->  Index Only Scan using title_pkey on title t  (cost=0.43..8.40 rows=1 width=4) (actual time=0.039..0.040 rows=1 loops=471)
        Index Cond: (id = mk.movie_id)
        Heap Fetches: 471
Planning time: 0.764 ms
Execution time: 1294.793 ms
