Hash Join  (cost=271291.09..1463684.77 rows=17830176 width=0) (actual time=13203.589..95145.606 rows=59267189 loops=1)
  Hash Cond: (ci.movie_id = t.id)
  ->  Seq Scan on cast_info ci  (cost=0.00..705507.15 rows=23499554 width=4) (actual time=0.013..46481.884 rows=23573656 loops=1)
        Filter: (role_id > 1)
        Rows Removed by Filter: 12670688
  ->  Hash  (cost=239814.74..239814.74 rows=1918508 width=8) (actual time=13202.368..13202.368 rows=1929103 loops=1)
        Buckets: 131072  Batches: 32  Memory Usage: 3368kB
        ->  Hash Join  (cost=102767.86..239814.74 rows=1918508 width=8) (actual time=5599.268..12588.966 rows=1929103 loops=1)
              Hash Cond: (mk.movie_id = t.id)
              ->  Seq Scan on movie_keyword mk  (cost=0.00..81003.12 rows=1918508 width=4) (actual time=0.028..4726.496 rows=1929103 loops=1)
                    Filter: (keyword_id > 6931)
                    Rows Removed by Filter: 2594827
              ->  Hash  (cost=61283.27..61283.27 rows=2528527 width=4) (actual time=5597.936..5597.936 rows=2528312 loops=1)
                    Buckets: 131072  Batches: 64  Memory Usage: 2425kB
                    ->  Seq Scan on title t  (cost=0.00..61283.27 rows=2528527 width=4) (actual time=0.014..4396.010 rows=2528312 loops=1)
Planning time: 1.679 ms
Execution time: 103183.080 ms
