Hash Join  (cost=128584.68..894850.55 rows=384 width=0) (actual time=5855.191..18048.538 rows=5185 loops=1)
  Hash Cond: (ci.movie_id = t.id)
  ->  Seq Scan on cast_info ci  (cost=0.00..705507.15 rows=16201301 width=4) (actual time=3681.794..13655.237 rows=16121683 loops=1)
        Filter: (role_id > 2)
        Rows Removed by Filter: 20122661
  ->  Hash  (cost=128583.93..128583.93 rows=60 width=8) (actual time=2169.097..2169.097 rows=413 loops=1)
        Buckets: 1024  Batches: 1  Memory Usage: 25kB
        ->  Hash Join  (cost=73928.08..128583.93 rows=60 width=8) (actual time=1287.661..2168.761 rows=413 loops=1)
              Hash Cond: (mc.movie_id = t.id)
              ->  Seq Scan on movie_companies mc  (cost=0.00..51404.11 rows=866971 width=4) (actual time=0.021..847.940 rows=862027 loops=1)
                    Filter: (company_id < 2520)
                    Rows Removed by Filter: 1747102
              ->  Hash  (cost=73925.90..73925.90 rows=174 width=4) (actual time=1172.437..1172.437 rows=3217 loops=1)
                    Buckets: 4096 (originally 1024)  Batches: 1 (originally 1)  Memory Usage: 146kB
                    ->  Seq Scan on title t  (cost=0.00..73925.90 rows=174 width=4) (actual time=395.754..1170.794 rows=3217 loops=1)
                          Filter: ((kind_id < 2) AND (production_year > 2013))
                          Rows Removed by Filter: 2525095
Planning time: 1.525 ms
Execution time: 18050.269 ms
