Hash Join  (cost=363848.99..1160509.76 rows=24515413 width=0) (actual time=8817.033..73506.371 rows=220803163 loops=1)
  Hash Cond: (mi.movie_id = t.id)
  ->  Seq Scan on movie_info mi  (cost=0.00..309384.22 rows=14739122 width=4) (actual time=0.019..6530.042 rows=14835720 loops=1)
  ->  Hash  (cost=294849.12..294849.12 rows=4205670 width=8) (actual time=8813.334..8813.334 rows=4185086 loops=1)
        Buckets: 131072  Batches: 64  Memory Usage: 3687kB
        ->  Hash Join  (cost=102767.86..294849.12 rows=4205670 width=8) (actual time=1918.287..7658.657 rows=4185086 loops=1)
              Hash Cond: (mk.movie_id = t.id)
              ->  Seq Scan on movie_keyword mk  (cost=0.00..81003.12 rows=4205670 width=4) (actual time=0.027..1710.187 rows=4185086 loops=1)
                    Filter: (keyword_id > 275)
                    Rows Removed by Filter: 338844
              ->  Hash  (cost=61283.27..61283.27 rows=2528527 width=4) (actual time=1916.974..1916.974 rows=2528312 loops=1)
                    Buckets: 131072  Batches: 64  Memory Usage: 2425kB
                    ->  Seq Scan on title t  (cost=0.00..61283.27 rows=2528527 width=4) (actual time=0.717..1058.145 rows=2528312 loops=1)
Planning time: 1.171 ms
Execution time: 98441.559 ms
