Hash Join  (cost=105998.30..472572.12 rows=191791 width=0) (actual time=2115.991..10219.762 rows=877318 loops=1)
  Hash Cond: (mi.movie_id = t.id)
  ->  Seq Scan on movie_info mi  (cost=0.00..309384.22 rows=14739122 width=4) (actual time=0.021..4037.042 rows=14835720 loops=1)
  ->  Hash  (cost=105587.02..105587.02 rows=32902 width=8) (actual time=1981.507..1981.507 rows=75372 loops=1)
        Buckets: 131072 (originally 65536)  Batches: 1 (originally 1)  Memory Usage: 3969kB
        ->  Hash Join  (cost=69090.10..105587.02 rows=32902 width=8) (actual time=1136.154..1955.888 rows=75372 loops=1)
              Hash Cond: (mi_idx.movie_id = t.id)
              ->  Seq Scan on movie_info_idx mi_idx  (cost=0.00..25185.44 rows=919057 width=4) (actual time=0.023..537.121 rows=920110 loops=1)
                    Filter: (info_type_id > 99)
                    Rows Removed by Filter: 459925
              ->  Hash  (cost=67604.59..67604.59 rows=90521 width=4) (actual time=1094.271..1094.271 rows=90852 loops=1)
                    Buckets: 131072  Batches: 2  Memory Usage: 2626kB
                    ->  Seq Scan on title t  (cost=0.00..67604.59 rows=90521 width=4) (actual time=130.565..1059.937 rows=90852 loops=1)
                          Filter: (kind_id = 2)
                          Rows Removed by Filter: 2437460
Planning time: 1.147 ms
Execution time: 10326.646 ms
