Seq Scan on movie_keyword mk  (cost=0.00..81003.12 rows=638466 width=0) (actual time=0.023..1394.027 rows=650527 loops=1)
  Filter: (keyword_id > 28900)
  Rows Removed by Filter: 3873403
Planning time: 0.326 ms
Execution time: 1481.763 ms
