Seq Scan on cast_info ci  (cost=0.00..705507.15 rows=23408253 width=0) (actual time=1.191..13271.288 rows=23310148 loops=1)
  Filter: (person_id < 2384244)
  Rows Removed by Filter: 12934196
Planning time: 0.331 ms
Execution time: 16165.814 ms
