Seq Scan on movie_companies mc  (cost=0.00..57926.93 rows=53 width=0) (actual time=381.462..899.361 rows=149 loops=1)
  Filter: ((company_id = 75710) AND (company_type_id = 2))
  Rows Removed by Filter: 2608980
Planning time: 1.879 ms
Execution time: 899.481 ms
