Hash Join  (cost=102767.86..176725.82 rows=255694 width=0) (actual time=2074.368..3347.849 rows=135421 loops=1)
  Hash Cond: (mc.movie_id = t.id)
  ->  Seq Scan on movie_companies mc  (cost=0.00..57926.93 rows=255694 width=4) (actual time=61.076..825.119 rows=135421 loops=1)
        Filter: ((company_id < 448) AND (company_type_id = 2))
        Rows Removed by Filter: 2473708
  ->  Hash  (cost=61283.27..61283.27 rows=2528527 width=4) (actual time=2011.963..2011.963 rows=2528312 loops=1)
        Buckets: 131072  Batches: 64  Memory Usage: 2415kB
        ->  Seq Scan on title t  (cost=0.00..61283.27 rows=2528527 width=4) (actual time=0.017..1150.205 rows=2528312 loops=1)
Planning time: 0.733 ms
Execution time: 3363.739 ms
