Hash Join  (cost=850102.79..2734838.45 rows=71231823 width=0) (actual time=21819.258..97890.109 rows=176867608 loops=1)
  Hash Cond: (ci.movie_id = t.id)
  ->  Seq Scan on cast_info ci  (cost=0.00..705507.15 rows=20024311 width=4) (actual time=0.018..15524.536 rows=20122661 loops=1)
        Filter: (role_id < 3)
        Rows Removed by Filter: 16121683
  ->  Hash  (cost=702533.72..702533.72 rows=8994646 width=8) (actual time=21818.287..21818.287 rows=10054591 loops=1)
        Buckets: 131072 (originally 131072)  Batches: 256 (originally 128)  Memory Usage: 4065kB
        ->  Hash Join  (cost=97066.09..702533.72 rows=8994646 width=8) (actual time=2180.263..18923.512 rows=10054591 loops=1)
              Hash Cond: (mi.movie_id = t.id)
              ->  Seq Scan on movie_info mi  (cost=0.00..346232.03 rows=12665229 width=4) (actual time=0.024..7001.765 rows=12744652 loops=1)
                    Filter: (info_type_id > 2)
                    Rows Removed by Filter: 2091068
              ->  Hash  (cost=67604.59..67604.59 rows=1795720 width=4) (actual time=2179.144..2179.144 rows=1794153 loops=1)
                    Buckets: 131072  Batches: 32  Memory Usage: 3001kB
                    ->  Seq Scan on title t  (cost=0.00..67604.59 rows=1795720 width=4) (actual time=0.016..1348.069 rows=1794153 loops=1)
                          Filter: (production_year < 2009)
                          Rows Removed by Filter: 734159
Planning time: 1.170 ms
Execution time: 118375.724 ms
