Hash Join  (cost=52284.46..404329.48 rows=25 width=0) (actual time=4416.301..5931.785 rows=3774 loops=1)
  Hash Cond: (mi.movie_id = t.id)
  ->  Seq Scan on movie_info mi  (cost=0.00..346232.03 rows=1550064 width=4) (actual time=3612.136..4940.156 rows=1533909 loops=1)
        Filter: (info_type_id = 3)
        Rows Removed by Filter: 13301811
  ->  Hash  (cost=52283.95..52283.95 rows=41 width=8) (actual time=743.879..743.879 rows=1913 loops=1)
        Buckets: 2048 (originally 1024)  Batches: 1 (originally 1)  Memory Usage: 91kB
        ->  Nested Loop  (cost=0.43..52283.95 rows=41 width=8) (actual time=449.456..742.794 rows=1913 loops=1)
              ->  Seq Scan on movie_companies mc  (cost=0.00..51404.11 rows=104 width=4) (actual time=449.335..719.418 rows=1913 loops=1)
                    Filter: (company_id = 11319)
                    Rows Removed by Filter: 2607216
              ->  Index Scan using title_pkey on title t  (cost=0.43..8.45 rows=1 width=4) (actual time=0.011..0.011 rows=1 loops=1913)
                    Index Cond: (id = mc.movie_id)
                    Filter: (kind_id < 7)
Planning time: 1.175 ms
Execution time: 5932.555 ms
