Hash Join  (cost=663739.46..2130906.13 rows=29531237 width=0) (actual time=20960.478..85046.770 rows=137963231 loops=1)
  Hash Cond: (ci.movie_id = t.id)
  ->  Seq Scan on cast_info ci  (cost=0.00..796071.18 rows=20289511 width=4) (actual time=1022.874..17639.034 rows=18589774 loops=1)
        Filter: ((person_id < 3171990) AND (role_id > 1))
        Rows Removed by Filter: 17654570
  ->  Hash  (cost=603360.30..603360.30 rows=3680253 width=8) (actual time=19933.789..19933.789 rows=8078146 loops=1)
        Buckets: 131072 (originally 131072)  Batches: 128 (originally 64)  Memory Usage: 3500kB
        ->  Hash Join  (cost=84284.84..603360.30 rows=3680253 width=8) (actual time=1526.146..17501.222 rows=8078146 loops=1)
              Hash Cond: (mi.movie_id = t.id)
              ->  Seq Scan on movie_info mi  (cost=0.00..309384.22 rows=14739122 width=4) (actual time=0.016..6059.376 rows=14835720 loops=1)
              ->  Hash  (cost=73925.90..73925.90 rows=631355 width=4) (actual time=1525.483..1525.483 rows=634290 loops=1)
                    Buckets: 131072  Batches: 16  Memory Usage: 2425kB
                    ->  Seq Scan on title t  (cost=0.00..73925.90 rows=631355 width=4) (actual time=533.883..1325.999 rows=634290 loops=1)
                          Filter: ((production_year < 2013) AND (kind_id = 1))
                          Rows Removed by Filter: 1894022
Planning time: 1.229 ms
Execution time: 99759.424 ms
