Hash Join  (cost=78171.87..574074.42 rows=1508562 width=0) (actual time=3683.540..35459.407 rows=2265515 loops=1)
  Hash Cond: (mi.movie_id = t.id)
  ->  Seq Scan on movie_info mi  (cost=0.00..309384.22 rows=14739122 width=4) (actual time=0.007..21137.421 rows=14835720 loops=1)
  ->  Hash  (cost=73925.90..73925.90 rows=258797 width=4) (actual time=3682.797..3682.797 rows=227847 loops=1)
        Buckets: 131072  Batches: 4  Memory Usage: 3038kB
        ->  Seq Scan on title t  (cost=0.00..73925.90 rows=258797 width=4) (actual time=0.022..3591.892 rows=227847 loops=1)
              Filter: ((kind_id < 7) AND (production_year > 2008))
              Rows Removed by Filter: 2300465
Planning time: 2.335 ms
Execution time: 35856.348 ms
