Hash Join  (cost=122541.07..487653.29 rows=45630 width=0) (actual time=2289.294..9731.299 rows=89198 loops=1)
  Hash Cond: (mi.movie_id = t.id)
  ->  Seq Scan on movie_info mi  (cost=0.00..309384.22 rows=14739122 width=4) (actual time=0.018..4178.255 rows=14835720 loops=1)
  ->  Hash  (cost=122443.22..122443.22 rows=7828 width=8) (actual time=2265.972..2265.972 rows=10675 loops=1)
        Buckets: 16384 (originally 8192)  Batches: 1 (originally 1)  Memory Usage: 545kB
        ->  Hash Join  (cost=67699.41..122443.22 rows=7828 width=8) (actual time=1198.984..2260.989 rows=10675 loops=1)
              Hash Cond: (mc.movie_id = t.id)
              ->  Seq Scan on movie_companies mc  (cost=0.00..44881.29 rows=2609129 width=4) (actual time=0.026..648.437 rows=2609129 loops=1)
              ->  Hash  (cost=67604.59..67604.59 rows=7586 width=4) (actual time=1078.050..1078.050 rows=5872 loops=1)
                    Buckets: 8192  Batches: 1  Memory Usage: 271kB
                    ->  Seq Scan on title t  (cost=0.00..67604.59 rows=7586 width=4) (actual time=437.525..1075.322 rows=5872 loops=1)
                          Filter: (production_year < 1900)
                          Rows Removed by Filter: 2522440
Planning time: 1.160 ms
Execution time: 9748.469 ms
