Hash Join  (cost=884592.14..1268607.48 rows=93552 width=0) (actual time=14639.055..23053.476 rows=602384 loops=1)
  Hash Cond: (mi.movie_id = t.id)
  ->  Seq Scan on movie_info mi  (cost=0.00..309384.22 rows=14739122 width=4) (actual time=0.020..4392.328 rows=14835720 loops=1)
  ->  Hash  (cost=884391.52..884391.52 rows=16049 width=8) (actual time=14638.774..14638.774 rows=36402 loops=1)
        Buckets: 65536 (originally 16384)  Batches: 1 (originally 1)  Memory Usage: 1934kB
        ->  Hash Join  (cost=67697.55..884391.52 rows=16049 width=8) (actual time=1118.713..14620.321 rows=36402 loops=1)
              Hash Cond: (ci.movie_id = t.id)
              ->  Seq Scan on cast_info ci  (cost=0.00..796071.18 rows=5456614 width=4) (actual time=79.505..12665.200 rows=3362461 loops=1)
                    Filter: ((person_id < 1192056) AND (role_id > 2))
                    Rows Removed by Filter: 32881883
              ->  Hash  (cost=67604.59..67604.59 rows=7437 width=4) (actual time=1039.110..1039.110 rows=23799 loops=1)
                    Buckets: 32768 (originally 8192)  Batches: 1 (originally 1)  Memory Usage: 1093kB
                    ->  Seq Scan on title t  (cost=0.00..67604.59 rows=7437 width=4) (actual time=0.239..1028.330 rows=23799 loops=1)
                          Filter: (production_year = 1991)
                          Rows Removed by Filter: 2504513
Planning time: 1.207 ms
Execution time: 23133.880 ms
