Hash Join  (cost=92970.26..1119648.36 rows=2536041 width=136) (actual time=1811.567..20789.190 rows=1189905 loops=1)
  Hash Cond: (ci.movie_id = t.id)
  ->  Seq Scan on cast_info ci  (cost=0.00..796071.18 rows=9141470 width=42) (actual time=0.058..16010.716 rows=3894896 loops=1)
        Filter: ((person_id < 1384789) AND (role_id > 1))
        Rows Removed by Filter: 32349448
  ->  Hash  (cost=73925.90..73925.90 rows=701468 width=94) (actual time=1796.953..1796.953 rows=749931 loops=1)
        Buckets: 32768  Batches: 32  Memory Usage: 2843kB
        ->  Seq Scan on title t  (cost=0.00..73925.90 rows=701468 width=94) (actual time=0.019..1517.411 rows=749931 loops=1)
              Filter: ((kind_id < 7) AND (production_year < 2009))
              Rows Removed by Filter: 1778381
Planning time: 1.022 ms
Execution time: 20852.439 ms
