Seq Scan on title t  (cost=0.00..73925.90 rows=1172058 width=94) (actual time=0.016..1724.212 rows=1128906 loops=1)
  Filter: ((production_year < 2010) AND (kind_id = 7))
  Rows Removed by Filter: 1399406
Planning time: 0.555 ms
Execution time: 1800.661 ms
