Hash Join  (cost=102767.86..271833.95 rows=3249167 width=0) (actual time=1994.547..6483.866 rows=3234803 loops=1)
  Hash Cond: (mk.movie_id = t.id)
  ->  Seq Scan on movie_keyword mk  (cost=0.00..81003.12 rows=3249167 width=4) (actual time=0.021..1802.243 rows=3234803 loops=1)
        Filter: (keyword_id > 1662)
        Rows Removed by Filter: 1289127
  ->  Hash  (cost=61283.27..61283.27 rows=2528527 width=4) (actual time=1990.855..1990.855 rows=2528312 loops=1)
        Buckets: 131072  Batches: 64  Memory Usage: 2425kB
        ->  Seq Scan on title t  (cost=0.00..61283.27 rows=2528527 width=4) (actual time=0.014..1115.275 rows=2528312 loops=1)
Planning time: 0.753 ms
Execution time: 6858.795 ms
