Seq Scan on movie_keyword mk  (cost=0.00..81003.12 rows=3334755 width=0) (actual time=0.019..4225.673 rows=3326264 loops=1)
  Filter: (keyword_id > 1450)
  Rows Removed by Filter: 1197666
Planning time: 0.326 ms
Execution time: 4812.445 ms
