Seq Scan on cast_info ci  (cost=0.00..796071.18 rows=18989335 width=0) (actual time=0.014..15487.900 rows=16550858 loops=1)
  Filter: ((person_id < 2962965) AND (role_id > 1))
  Rows Removed by Filter: 19693486
Planning time: 2.824 ms
Execution time: 17461.715 ms
