Seq Scan on movie_keyword mk  (cost=0.00..81003.12 rows=246 width=0) (actual time=6.211..1289.748 rows=113 loops=1)
  Filter: (keyword_id = 8552)
  Rows Removed by Filter: 4523817
Planning time: 0.358 ms
Execution time: 1289.917 ms
