Hash Join  (cost=52284.99..416946.98 rows=606 width=0) (actual time=1140.994..8142.465 rows=237 loops=1)
  Hash Cond: (mi.movie_id = t.id)
  ->  Seq Scan on movie_info mi  (cost=0.00..309384.22 rows=14739122 width=4) (actual time=0.017..4599.086 rows=14835720 loops=1)
  ->  Hash  (cost=52283.69..52283.69 rows=104 width=8) (actual time=895.942..895.942 rows=24 loops=1)
        Buckets: 1024  Batches: 1  Memory Usage: 9kB
        ->  Nested Loop  (cost=0.43..52283.69 rows=104 width=8) (actual time=131.641..895.903 rows=24 loops=1)
              ->  Seq Scan on movie_companies mc  (cost=0.00..51404.11 rows=104 width=4) (actual time=131.536..890.490 rows=24 loops=1)
                    Filter: (company_id = 51113)
                    Rows Removed by Filter: 2609105
              ->  Index Only Scan using title_pkey on title t  (cost=0.43..8.45 rows=1 width=4) (actual time=0.218..0.219 rows=1 loops=24)
                    Index Cond: (id = mc.movie_id)
                    Heap Fetches: 24
Planning time: 1.122 ms
Execution time: 8142.749 ms
