Hash Join  (cost=230121.00..399678.98 rows=2935769 width=0) (actual time=5448.736..10464.367 rows=3540849 loops=1)
  Hash Cond: (mk.movie_id = t.id)
  ->  Seq Scan on movie_keyword mk  (cost=0.00..81003.12 rows=4063232 width=4) (actual time=0.020..1746.932 rows=4052028 loops=1)
        Filter: (keyword_id > 355)
        Rows Removed by Filter: 471902
  ->  Hash  (cost=200147.59..200147.59 rows=1826913 width=8) (actual time=5446.269..5446.269 rows=1107182 loops=1)
        Buckets: 131072  Batches: 32  Memory Usage: 2352kB
        ->  Hash Join  (cost=96651.52..200147.59 rows=1826913 width=8) (actual time=1785.321..5128.033 rows=1107182 loops=1)
              Hash Cond: (mc.movie_id = t.id)
              ->  Seq Scan on movie_companies mc  (cost=0.00..44881.29 rows=2609129 width=4) (actual time=0.019..889.569 rows=2609129 loops=1)
              ->  Hash  (cost=67604.59..67604.59 rows=1770475 width=4) (actual time=1783.768..1783.768 rows=1774635 loops=1)
                    Buckets: 131072  Batches: 32  Memory Usage: 2978kB
                    ->  Seq Scan on title t  (cost=0.00..67604.59 rows=1770475 width=4) (actual time=0.031..1224.319 rows=1774635 loops=1)
                          Filter: (kind_id > 2)
                          Rows Removed by Filter: 753677
Planning time: 1.053 ms
Execution time: 10845.455 ms
