Nested Loop  (cost=0.43..54509.85 rows=371 width=0) (actual time=1.279..938.977 rows=1295 loops=1)
  ->  Seq Scan on movie_companies mc  (cost=0.00..51404.11 rows=371 width=4) (actual time=1.237..895.205 rows=1295 loops=1)
        Filter: (company_id < 2)
        Rows Removed by Filter: 2607834
  ->  Index Only Scan using title_pkey on title t  (cost=0.43..8.36 rows=1 width=4) (actual time=0.033..0.033 rows=1 loops=1295)
        Index Cond: (id = mc.movie_id)
        Heap Fetches: 1295
Planning time: 0.722 ms
Execution time: 939.397 ms
