Hash Join  (cost=83075.00..109986.66 rows=118 width=0) (actual time=1237.993..1795.400 rows=1230 loops=1)
  Hash Cond: (mi_idx.movie_id = t.id)
  ->  Seq Scan on movie_info_idx mi_idx  (cost=0.00..21735.35 rows=1380035 width=4) (actual time=0.021..294.864 rows=1380035 loops=1)
  ->  Hash  (cost=83072.29..83072.29 rows=217 width=8) (actual time=1236.927..1236.927 rows=506 loops=1)
        Buckets: 1024  Batches: 1  Memory Usage: 28kB
        ->  Nested Loop  (cost=0.43..83072.29 rows=217 width=8) (actual time=1.314..1236.523 rows=506 loops=1)
              ->  Seq Scan on movie_keyword mk  (cost=0.00..81003.12 rows=246 width=4) (actual time=1.273..1210.339 rows=514 loops=1)
                    Filter: (keyword_id = 981)
                    Rows Removed by Filter: 4523416
              ->  Index Scan using title_pkey on title t  (cost=0.43..8.40 rows=1 width=4) (actual time=0.048..0.049 rows=1 loops=514)
                    Index Cond: (id = mk.movie_id)
                    Filter: (production_year < 2012)
                    Rows Removed by Filter: 0
Planning time: 1.178 ms
Execution time: 1795.784 ms
