Seq Scan on movie_keyword mk  (cost=0.00..81003.12 rows=816167 width=0) (actual time=0.028..1443.011 rows=823550 loops=1)
  Filter: (keyword_id > 22303)
  Rows Removed by Filter: 3700380
Planning time: 0.365 ms
Execution time: 1544.864 ms
