Seq Scan on movie_companies mc  (cost=0.00..57926.93 rows=53 width=0) (actual time=897.891..2840.697 rows=30 loops=1)
  Filter: ((company_type_id > 1) AND (company_id = 1616))
  Rows Removed by Filter: 2609099
Planning time: 0.308 ms
Execution time: 2840.788 ms
