Seq Scan on movie_companies mc  (cost=0.00..57926.93 rows=323460 width=0) (actual time=245.989..936.295 rows=623284 loops=1)
  Filter: ((company_id > 57306) AND (company_type_id = 2))
  Rows Removed by Filter: 1985845
Planning time: 0.383 ms
Execution time: 1014.253 ms
