Seq Scan on movie_keyword mk  (cost=0.00..81003.12 rows=579127 width=0) (actual time=0.022..1346.500 rows=576774 loops=1)
  Filter: (keyword_id > 31814)
  Rows Removed by Filter: 3947156
Planning time: 0.299 ms
Execution time: 1422.282 ms
