Hash Join  (cost=205921.46..1069890.38 rows=504948 width=0) (actual time=5720.229..20979.310 rows=37093 loops=1)
  Hash Cond: (ci.movie_id = t.id)
  ->  Seq Scan on cast_info ci  (cost=0.00..796071.18 rows=4824450 width=4) (actual time=1725.011..14903.649 rows=5508528 loops=1)
        Filter: ((person_id < 2448393) AND (role_id = 2))
        Rows Removed by Filter: 30735816
  ->  Hash  (cost=201579.38..201579.38 rows=264647 width=8) (actual time=3967.811..3967.811 rows=31040 loops=1)
        Buckets: 131072  Batches: 4  Memory Usage: 1334kB
        ->  Hash Join  (cost=76352.87..201579.38 rows=264647 width=8) (actual time=2029.711..3957.224 rows=31040 loops=1)
              Hash Cond: (mk.movie_id = t.id)
              ->  Seq Scan on movie_keyword mk  (cost=0.00..69693.30 rows=4523930 width=4) (actual time=0.030..1422.426 rows=4523930 loops=1)
              ->  Hash  (cost=73925.90..73925.90 rows=147917 width=4) (actual time=1199.738..1199.738 rows=46427 loops=1)
                    Buckets: 131072  Batches: 2  Memory Usage: 1845kB
                    ->  Seq Scan on title t  (cost=0.00..73925.90 rows=147917 width=4) (actual time=0.020..1014.197 rows=46427 loops=1)
                          Filter: ((production_year < 1960) AND (kind_id = 7))
                          Rows Removed by Filter: 2481885
Planning time: 1.947 ms
Execution time: 20984.740 ms
