Hash Join  (cost=78988.28..948375.44 rows=1552729 width=0) (actual time=7212.643..21455.179 rows=1303090 loops=1)
  Hash Cond: (ci.movie_id = t.id)
  ->  Seq Scan on cast_info ci  (cost=0.00..705507.15 rows=12726058 width=4) (actual time=5971.489..14711.212 rows=12670688 loops=1)
        Filter: (role_id < 2)
        Rows Removed by Filter: 23573656
  ->  Hash  (cost=73925.90..73925.90 rows=308510 width=4) (actual time=1240.155..1240.155 rows=266599 loops=1)
        Buckets: 131072  Batches: 8  Memory Usage: 2191kB
        ->  Seq Scan on title t  (cost=0.00..73925.90 rows=308510 width=4) (actual time=0.042..1155.263 rows=266599 loops=1)
              Filter: ((kind_id < 7) AND (production_year > 2007))
              Rows Removed by Filter: 2261713
Planning time: 0.763 ms
Execution time: 21593.782 ms
