Seq Scan on cast_info ci  (cost=0.00..796071.18 rows=3762034 width=0) (actual time=0.013..14247.615 rows=5023750 loops=1)
  Filter: ((person_id > 1260213) AND (role_id > 8))
  Rows Removed by Filter: 31220594
Planning time: 4.943 ms
Execution time: 14881.595 ms
