Hash Join  (cost=93197.83..240804.91 rows=2101604 width=0) (actual time=1842.731..5529.256 rows=595763 loops=1)
  Hash Cond: (mk.movie_id = t.id)
  ->  Seq Scan on movie_keyword mk  (cost=0.00..69693.30 rows=4523930 width=4) (actual time=0.015..1421.276 rows=4523930 loops=1)
  ->  Hash  (cost=73925.90..73925.90 rows=1174634 width=4) (actual time=1830.161..1830.161 rows=1263815 loops=1)
        Buckets: 131072  Batches: 16  Memory Usage: 3819kB
        ->  Seq Scan on title t  (cost=0.00..73925.90 rows=1174634 width=4) (actual time=0.015..1428.767 rows=1263815 loops=1)
              Filter: ((kind_id > 4) AND (production_year > 1982))
              Rows Removed by Filter: 1264497
Planning time: 0.776 ms
Execution time: 5602.985 ms
