Hash Join  (cost=75353.43..113860.75 rows=47484 width=0) (actual time=1262.946..2136.077 rows=21930 loops=1)
  Hash Cond: (mi_idx.movie_id = t.id)
  ->  Seq Scan on movie_info_idx mi_idx  (cost=0.00..21735.35 rows=1380035 width=4) (actual time=0.014..439.395 rows=1380035 loops=1)
  ->  Hash  (cost=73925.90..73925.90 rows=87002 width=4) (actual time=1262.178..1262.178 rows=93068 loops=1)
        Buckets: 131072  Batches: 2  Memory Usage: 2660kB
        ->  Seq Scan on title t  (cost=0.00..73925.90 rows=87002 width=4) (actual time=0.025..1228.035 rows=93068 loops=1)
              Filter: ((kind_id > 4) AND (production_year = 2010))
              Rows Removed by Filter: 2435244
Planning time: 0.720 ms
Execution time: 2139.333 ms
