Seq Scan on movie_companies mc  (cost=0.00..51404.11 rows=1921397 width=0) (actual time=0.013..993.538 rows=1928269 loops=1)
  Filter: (company_id > 1152)
  Rows Removed by Filter: 680860
Planning time: 0.319 ms
Execution time: 1231.508 ms
