Seq Scan on title t  (cost=0.00..73925.90 rows=1481432 width=0) (actual time=0.020..1354.399 rows=1575139 loops=1)
  Filter: ((kind_id > 3) AND (production_year > 1957))
  Rows Removed by Filter: 953173
Planning time: 0.314 ms
Execution time: 1557.696 ms
