Hash Join  (cost=100908.38..891031.82 rows=14125 width=0) (actual time=1917.603..19405.092 rows=190376 loops=1)
  Hash Cond: (ci.movie_id = t.id)
  ->  Seq Scan on cast_info ci  (cost=0.00..705507.15 rows=22526663 width=4) (actual time=0.018..12741.877 rows=22572592 loops=1)
        Filter: (person_id > 1346018)
        Rows Removed by Filter: 13671752
  ->  Hash  (cost=100888.56..100888.56 rows=1586 width=8) (actual time=1915.588..1915.588 rows=11589 loops=1)
        Buckets: 16384 (originally 2048)  Batches: 1 (originally 1)  Memory Usage: 581kB
        ->  Hash Join  (cost=73962.22..100888.56 rows=1586 width=8) (actual time=1283.552..1911.347 rows=11589 loops=1)
              Hash Cond: (mi_idx.movie_id = t.id)
              ->  Seq Scan on movie_info_idx mi_idx  (cost=0.00..21735.35 rows=1380035 width=4) (actual time=0.014..338.785 rows=1380035 loops=1)
              ->  Hash  (cost=73925.90..73925.90 rows=2905 width=4) (actual time=1283.506..1283.506 rows=9474 loops=1)
                    Buckets: 16384 (originally 4096)  Batches: 1 (originally 1)  Memory Usage: 462kB
                    ->  Seq Scan on title t  (cost=0.00..73925.90 rows=2905 width=4) (actual time=0.045..1278.755 rows=9474 loops=1)
                          Filter: ((kind_id < 7) AND (production_year = 1991))
                          Rows Removed by Filter: 2518838
Planning time: 1.244 ms
Execution time: 19434.543 ms
