Seq Scan on movie_keyword mk  (cost=0.00..81003.12 rows=2146787 width=0) (actual time=0.020..1409.125 rows=2145410 loops=1)
  Filter: (keyword_id > 5443)
  Rows Removed by Filter: 2378520
Planning time: 0.333 ms
Execution time: 1679.948 ms
