Hash Join  (cost=102767.86..223774.59 rows=1251914 width=0) (actual time=1897.991..4591.573 rows=1263515 loops=1)
  Hash Cond: (mk.movie_id = t.id)
  ->  Seq Scan on movie_keyword mk  (cost=0.00..81003.12 rows=1251914 width=4) (actual time=0.014..1360.094 rows=1263515 loops=1)
        Filter: (keyword_id > 14157)
        Rows Removed by Filter: 3260415
  ->  Hash  (cost=61283.27..61283.27 rows=2528527 width=4) (actual time=1896.636..1896.636 rows=2528312 loops=1)
        Buckets: 131072  Batches: 64  Memory Usage: 2425kB
        ->  Seq Scan on title t  (cost=0.00..61283.27 rows=2528527 width=4) (actual time=0.021..1006.720 rows=2528312 loops=1)
Planning time: 0.719 ms
Execution time: 4743.461 ms
