Hash Join  (cost=662845.30..2505472.16 rows=51795712 width=0) (actual time=16963.320..75661.473 rows=89391907 loops=1)
  Hash Cond: (ci.movie_id = t.id)
  ->  Seq Scan on cast_info ci  (cost=0.00..705507.15 rows=33913056 width=4) (actual time=0.021..17808.789 rows=33984837 loops=1)
        Filter: (person_id > 220022)
        Rows Removed by Filter: 2259507
  ->  Hash  (cost=599486.27..599486.27 rows=3861842 width=8) (actual time=16962.053..16962.053 rows=3121272 loops=1)
        Buckets: 131072  Batches: 64  Memory Usage: 2933kB
        ->  Hash Join  (cost=78473.92..599486.27 rows=3861842 width=8) (actual time=1574.002..15760.994 rows=3121272 loops=1)
              Hash Cond: (mi.movie_id = t.id)
              ->  Seq Scan on movie_info mi  (cost=0.00..309384.22 rows=14739122 width=4) (actual time=0.016..5897.220 rows=14835720 loops=1)
              ->  Hash  (cost=67604.59..67604.59 rows=662507 width=4) (actual time=1572.942..1572.942 rows=662065 loops=1)
                    Buckets: 131072  Batches: 16  Memory Usage: 2487kB
                    ->  Seq Scan on title t  (cost=0.00..67604.59 rows=662507 width=4) (actual time=0.022..1335.962 rows=662065 loops=1)
                          Filter: (production_year > 2008)
                          Rows Removed by Filter: 1866247
Planning time: 1.088 ms
Execution time: 85197.472 ms
