Hash Join  (cost=133366.23..542036.18 rows=412658 width=0) (actual time=5513.997..10846.873 rows=164245 loops=1)
  Hash Cond: (mi.movie_id = t.id)
  ->  Seq Scan on movie_info mi  (cost=0.00..346232.03 rows=4972096 width=4) (actual time=2633.049..5920.635 rows=4923966 loops=1)
        Filter: (info_type_id < 5)
        Rows Removed by Filter: 9911754
  ->  Hash  (cost=129923.05..129923.05 rows=209854 width=8) (actual time=2880.076..2880.076 rows=113670 loops=1)
        Buckets: 131072  Batches: 4  Memory Usage: 2137kB
        ->  Hash Join  (cost=92811.40..129923.05 rows=209854 width=8) (actual time=1850.299..2839.250 rows=113670 loops=1)
              Hash Cond: (mi_idx.movie_id = t.id)
              ->  Seq Scan on movie_info_idx mi_idx  (cost=0.00..25185.44 rows=460978 width=4) (actual time=0.020..491.817 rows=459925 loops=1)
                    Filter: (info_type_id < 100)
                    Rows Removed by Filter: 920110
              ->  Hash  (cost=73925.90..73925.90 rows=1151080 width=4) (actual time=1849.469..1849.469 rows=1244530 loops=1)
                    Buckets: 131072  Batches: 16  Memory Usage: 3771kB
                    ->  Seq Scan on title t  (cost=0.00..73925.90 rows=1151080 width=4) (actual time=0.037..1453.398 rows=1244530 loops=1)
                          Filter: ((production_year > 1983) AND (kind_id = 7))
                          Rows Removed by Filter: 1283782
Planning time: 1.197 ms
Execution time: 10867.958 ms
