Seq Scan on movie_keyword mk  (cost=0.00..81003.12 rows=1122602 width=0) (actual time=0.023..1364.679 rows=1131465 loops=1)
  Filter: (keyword_id < 1238)
  Rows Removed by Filter: 3392465
Planning time: 0.320 ms
Execution time: 1510.431 ms
