Seq Scan on movie_keyword mk  (cost=0.00..81003.12 rows=4149477 width=0) (actual time=0.024..1602.769 rows=4151588 loops=1)
  Filter: (keyword_id < 45473)
  Rows Removed by Filter: 372342
Planning time: 0.322 ms
Execution time: 2107.559 ms
