Hash Join  (cost=83073.23..883072.64 rows=11 width=0) (actual time=15461.395..35390.695 rows=56 loops=1)
  Hash Cond: (ci.movie_id = t.id)
  ->  Seq Scan on cast_info ci  (cost=0.00..796071.18 rows=1047501 width=4) (actual time=11708.710..31638.182 rows=499060 loops=1)
        Filter: ((person_id < 475872) AND (role_id > 7))
        Rows Removed by Filter: 35745284
  ->  Hash  (cost=83072.90..83072.90 rows=26 width=8) (actual time=3661.917..3661.917 rows=15 loops=1)
        Buckets: 1024  Batches: 1  Memory Usage: 9kB
        ->  Nested Loop  (cost=0.43..83072.90 rows=26 width=8) (actual time=188.610..3661.839 rows=15 loops=1)
              ->  Seq Scan on movie_keyword mk  (cost=0.00..81003.12 rows=246 width=4) (actual time=43.633..3646.586 rows=66 loops=1)
                    Filter: (keyword_id = 11249)
                    Rows Removed by Filter: 4523864
              ->  Index Scan using title_pkey on title t  (cost=0.43..8.40 rows=1 width=4) (actual time=0.225..0.225 rows=0 loops=66)
                    Index Cond: (id = mk.movie_id)
                    Filter: ((kind_id < 2) AND (production_year > 2005))
                    Rows Removed by Filter: 1
Planning time: 1.188 ms
Execution time: 35390.910 ms
