Nested Loop  (cost=0.43..83072.29 rows=65 width=0) (actual time=225.041..1239.226 rows=7 loops=1)
  ->  Seq Scan on movie_keyword mk  (cost=0.00..81003.12 rows=246 width=4) (actual time=91.770..1238.569 rows=15 loops=1)
        Filter: (keyword_id = 45535)
        Rows Removed by Filter: 4523915
  ->  Index Scan using title_pkey on title t  (cost=0.43..8.40 rows=1 width=4) (actual time=0.036..0.036 rows=0 loops=15)
        Index Cond: (id = mk.movie_id)
        Filter: (kind_id = 1)
        Rows Removed by Filter: 1
Planning time: 0.742 ms
Execution time: 1239.313 ms
