Hash Join  (cost=91592.35..181370.63 rows=122947 width=0) (actual time=1834.186..3490.795 rows=17801 loops=1)
  Hash Cond: (mk.movie_id = t.id)
  ->  Seq Scan on movie_keyword mk  (cost=0.00..81003.12 rows=288715 width=4) (actual time=0.016..1322.410 rows=285647 loops=1)
        Filter: (keyword_id > 55979)
        Rows Removed by Filter: 4238283
  ->  Hash  (cost=73925.90..73925.90 rows=1076756 width=4) (actual time=1812.743..1812.743 rows=1171793 loops=1)
        Buckets: 131072  Batches: 16  Memory Usage: 3614kB
        ->  Seq Scan on title t  (cost=0.00..73925.90 rows=1076756 width=4) (actual time=0.012..1430.105 rows=1171793 loops=1)
              Filter: ((kind_id > 4) AND (production_year > 1990))
              Rows Removed by Filter: 1356519
Planning time: 0.779 ms
Execution time: 3493.104 ms
