Hash Join  (cost=234027.18..842627.10 rows=10343809 width=0) (actual time=5448.602..22373.560 rows=13631367 loops=1)
  Hash Cond: (mi.movie_id = t.id)
  ->  Seq Scan on movie_info mi  (cost=0.00..309384.22 rows=14739122 width=4) (actual time=0.021..5782.590 rows=14835720 loops=1)
  ->  Hash  (cost=204913.91..204913.91 rows=1774502 width=8) (actual time=5446.981..5446.981 rows=1287252 loops=1)
        Buckets: 131072  Batches: 32  Memory Usage: 2580kB
        ->  Hash Join  (cost=102139.96..204913.91 rows=1774502 width=8) (actual time=2021.998..5053.653 rows=1287252 loops=1)
              Hash Cond: (mc.movie_id = t.id)
              ->  Seq Scan on movie_companies mc  (cost=0.00..44881.29 rows=2609129 width=4) (actual time=0.021..953.669 rows=2609129 loops=1)
              ->  Hash  (cost=73925.90..73925.90 rows=1719684 width=4) (actual time=2020.659..2020.659 rows=1799897 loops=1)
                    Buckets: 131072  Batches: 32  Memory Usage: 3007kB
                    ->  Seq Scan on title t  (cost=0.00..73925.90 rows=1719684 width=4) (actual time=0.020..1447.349 rows=1799897 loops=1)
                          Filter: ((kind_id > 1) AND (production_year > 1934))
                          Rows Removed by Filter: 728415
Planning time: 1.113 ms
Execution time: 24024.991 ms
