Hash Join  (cost=75411.94..492298.73 rows=211218 width=0) (actual time=1356.676..9450.899 rows=392382 loops=1)
  Hash Cond: (mi.movie_id = t.id)
  ->  Seq Scan on movie_info mi  (cost=0.00..346232.03 rows=5897221 width=4) (actual time=165.667..6058.961 rows=5884963 loops=1)
        Filter: (info_type_id < 7)
        Rows Removed by Filter: 8950757
  ->  Hash  (cost=73925.90..73925.90 rows=90563 width=4) (actual time=1183.064..1183.064 rows=80990 loops=1)
        Buckets: 131072  Batches: 2  Memory Usage: 2456kB
        ->  Seq Scan on title t  (cost=0.00..73925.90 rows=90563 width=4) (actual time=0.136..1151.869 rows=80990 loops=1)
              Filter: ((kind_id < 7) AND (production_year > 2011))
              Rows Removed by Filter: 2447322
Planning time: 0.787 ms
Execution time: 9501.859 ms
