Hash Join  (cost=100885.02..187562.22 rows=1916 width=0) (actual time=1701.304..3473.348 rows=90424 loops=1)
  Hash Cond: (mk.movie_id = t.id)
  ->  Seq Scan on movie_keyword mk  (cost=0.00..69693.30 rows=4523930 width=4) (actual time=0.024..966.617 rows=4523930 loops=1)
  ->  Hash  (cost=100871.63..100871.63 rows=1071 width=8) (actual time=1684.560..1684.560 rows=6992 loops=1)
        Buckets: 8192 (originally 2048)  Batches: 1 (originally 1)  Memory Usage: 338kB
        ->  Hash Join  (cost=73950.44..100871.63 rows=1071 width=8) (actual time=1119.722..1681.763 rows=6992 loops=1)
              Hash Cond: (mi_idx.movie_id = t.id)
              ->  Seq Scan on movie_info_idx mi_idx  (cost=0.00..21735.35 rows=1380035 width=4) (actual time=0.025..290.845 rows=1380035 loops=1)
              ->  Hash  (cost=73925.90..73925.90 rows=1963 width=4) (actual time=1119.389..1119.389 rows=4860 loops=1)
                    Buckets: 8192 (originally 2048)  Batches: 1 (originally 1)  Memory Usage: 235kB
                    ->  Seq Scan on title t  (cost=0.00..73925.90 rows=1963 width=4) (actual time=75.639..1117.071 rows=4860 loops=1)
                          Filter: ((kind_id = 1) AND (production_year = 1988))
                          Rows Removed by Filter: 2523452
Planning time: 1.141 ms
Execution time: 3485.186 ms
