Seq Scan on movie_companies mc  (cost=0.00..57926.93 rows=118784 width=0) (actual time=14.253..809.370 rows=183864 loops=1)
  Filter: ((company_id < 94) AND (company_type_id < 2))
  Rows Removed by Filter: 2425265
Planning time: 0.331 ms
Execution time: 833.676 ms
