Seq Scan on movie_keyword mk  (cost=0.00..81003.12 rows=246 width=0) (actual time=40.327..1234.499 rows=159 loops=1)
  Filter: (keyword_id = 6139)
  Rows Removed by Filter: 4523771
Planning time: 0.331 ms
Execution time: 1234.716 ms
