Hash Join  (cost=179308.35..603995.15 rows=879319 width=0) (actual time=5783.487..13270.827 rows=1685334 loops=1)
  Hash Cond: (mi.movie_id = t.id)
  ->  Seq Scan on movie_info mi  (cost=0.00..346232.03 rows=5897221 width=4) (actual time=2019.005..6234.319 rows=5884963 loops=1)
        Filter: (info_type_id < 7)
        Rows Removed by Filter: 8950757
  ->  Hash  (cost=173122.58..173122.58 rows=377022 width=8) (actual time=3763.585..3763.585 rows=376622 loops=1)
        Buckets: 131072  Batches: 8  Memory Usage: 2884kB
        ->  Hash Join  (cost=102767.86..173122.58 rows=377022 width=8) (actual time=2086.259..3651.611 rows=376622 loops=1)
              Hash Cond: (mc.movie_id = t.id)
              ->  Seq Scan on movie_companies mc  (cost=0.00..51404.11 rows=377022 width=4) (actual time=0.041..861.421 rows=376622 loops=1)
                    Filter: (company_id < 225)
                    Rows Removed by Filter: 2232507
              ->  Hash  (cost=61283.27..61283.27 rows=2528527 width=4) (actual time=2085.023..2085.023 rows=2528312 loops=1)
                    Buckets: 131072  Batches: 64  Memory Usage: 2415kB
                    ->  Seq Scan on title t  (cost=0.00..61283.27 rows=2528527 width=4) (actual time=0.018..1229.443 rows=2528312 loops=1)
Planning time: 1.151 ms
Execution time: 13437.478 ms
