Seq Scan on movie_keyword mk  (cost=0.00..81003.12 rows=246 width=0) (actual time=2.336..1277.483 rows=25 loops=1)
  Filter: (keyword_id = 9651)
  Rows Removed by Filter: 4523905
Planning time: 0.348 ms
Execution time: 1277.592 ms
