Seq Scan on movie_keyword mk  (cost=0.00..81003.12 rows=246 width=0) (actual time=0.327..1162.728 rows=1191 loops=1)
  Filter: (keyword_id = 4226)
  Rows Removed by Filter: 4522739
Planning time: 0.429 ms
Execution time: 1163.178 ms
