Hash Join  (cost=207796.59..725573.46 rows=1831905 width=0) (actual time=10249.954..38783.985 rows=511383 loops=1)
  Hash Cond: (mi.movie_id = t.id)
  ->  Seq Scan on movie_info mi  (cost=0.00..309384.22 rows=14739122 width=4) (actual time=0.015..19202.643 rows=14835720 loops=1)
  ->  Hash  (cost=202640.25..202640.25 rows=314267 width=8) (actual time=10248.846..10248.846 rows=45998 loops=1)
        Buckets: 131072  Batches: 8  Memory Usage: 1245kB
        ->  Hash Join  (cost=76808.54..202640.25 rows=314267 width=8) (actual time=5193.344..10223.654 rows=45998 loops=1)
              Hash Cond: (mk.movie_id = t.id)
              ->  Seq Scan on movie_keyword mk  (cost=0.00..69693.30 rows=4523930 width=4) (actual time=0.012..4763.493 rows=4523930 loops=1)
              ->  Hash  (cost=73925.90..73925.90 rows=175651 width=4) (actual time=3122.237..3122.237 rows=72638 loops=1)
                    Buckets: 131072  Batches: 4  Memory Usage: 1667kB
                    ->  Seq Scan on title t  (cost=0.00..73925.90 rows=175651 width=4) (actual time=0.032..3092.795 rows=72638 loops=1)
                          Filter: ((production_year < 1964) AND (kind_id = 7))
                          Rows Removed by Filter: 2455674
Planning time: 1.221 ms
Execution time: 38868.122 ms
