Hash Join  (cost=83810.17..225108.79 rows=1425142 width=0) (actual time=1481.744..5622.373 rows=3099287 loops=1)
  Hash Cond: (mk.movie_id = t.id)
  ->  Seq Scan on movie_keyword mk  (cost=0.00..81003.12 rows=3648286 width=4) (actual time=0.013..1689.838 rows=3638414 loops=1)
        Filter: (keyword_id > 835)
        Rows Removed by Filter: 885516
  ->  Hash  (cost=67604.59..67604.59 rows=987727 width=4) (actual time=1480.398..1480.398 rows=985048 loops=1)
        Buckets: 131072  Batches: 16  Memory Usage: 3197kB
        ->  Seq Scan on title t  (cost=0.00..67604.59 rows=987727 width=4) (actual time=0.059..1169.819 rows=985048 loops=1)
              Filter: (kind_id < 7)
              Rows Removed by Filter: 1543264
Planning time: 0.696 ms
Execution time: 5973.961 ms
