Hash Join  (cost=74074.67..912675.16 rows=52718 width=0) (actual time=5844.940..19402.191 rows=48463 loops=1)
  Hash Cond: (ci.movie_id = t.id)
  ->  Seq Scan on cast_info ci  (cost=0.00..796071.18 rows=11200569 width=4) (actual time=4676.679..16250.068 rows=11519671 loops=1)
        Filter: ((person_id > 282656) AND (role_id > 3))
        Rows Removed by Filter: 24724673
  ->  Hash  (cost=73925.90..73925.90 rows=11901 width=4) (actual time=1168.006..1168.006 rows=7191 loops=1)
        Buckets: 16384  Batches: 1  Memory Usage: 381kB
        ->  Seq Scan on title t  (cost=0.00..73925.90 rows=11901 width=4) (actual time=0.030..1164.432 rows=7191 loops=1)
              Filter: ((kind_id < 3) AND (production_year = 1995))
              Rows Removed by Filter: 2521121
Planning time: 0.744 ms
Execution time: 19411.753 ms
