Hash Join  (cost=343174.80..1120678.65 rows=20354466 width=0) (actual time=8012.888..65657.925 rows=185362059 loops=1)
  Hash Cond: (mi.movie_id = t.id)
  ->  Seq Scan on movie_info mi  (cost=0.00..346232.03 rows=13929354 width=4) (actual time=0.016..7509.026 rows=14033580 loops=1)
        Filter: (info_type_id > 1)
        Rows Removed by Filter: 802140
  ->  Hash  (cost=282556.23..282556.23 rows=3694846 width=8) (actual time=8011.175..8011.175 rows=3686278 loops=1)
        Buckets: 131072  Batches: 64  Memory Usage: 3378kB
        ->  Hash Join  (cost=102767.86..282556.23 rows=3694846 width=8) (actual time=1943.236..6937.116 rows=3686278 loops=1)
              Hash Cond: (mk.movie_id = t.id)
              ->  Seq Scan on movie_keyword mk  (cost=0.00..81003.12 rows=3694846 width=4) (actual time=0.016..1895.901 rows=3686278 loops=1)
                    Filter: (keyword_id < 21979)
                    Rows Removed by Filter: 837652
              ->  Hash  (cost=61283.27..61283.27 rows=2528527 width=4) (actual time=1942.498..1942.498 rows=2528312 loops=1)
                    Buckets: 131072  Batches: 64  Memory Usage: 2425kB
                    ->  Seq Scan on title t  (cost=0.00..61283.27 rows=2528527 width=4) (actual time=0.008..1064.323 rows=2528312 loops=1)
Planning time: 0.777 ms
Execution time: 85843.593 ms
