Hash Join  (cost=102767.86..1143386.01 rows=13516123 width=0) (actual time=2126.647..26453.769 rows=13471725 loops=1)
  Hash Cond: (ci.movie_id = t.id)
  ->  Seq Scan on cast_info ci  (cost=0.00..705507.15 rows=13516123 width=4) (actual time=2.728..13589.172 rows=13471725 loops=1)
        Filter: (person_id < 1327953)
        Rows Removed by Filter: 22772619
  ->  Hash  (cost=61283.27..61283.27 rows=2528527 width=4) (actual time=1979.158..1979.158 rows=2528312 loops=1)
        Buckets: 131072  Batches: 64  Memory Usage: 2415kB
        ->  Seq Scan on title t  (cost=0.00..61283.27 rows=2528527 width=4) (actual time=0.020..1120.634 rows=2528312 loops=1)
Planning time: 0.824 ms
Execution time: 27927.122 ms
