Hash Join  (cost=223663.60..767578.01 rows=4281460 width=0) (actual time=5802.781..53280.499 rows=164653804 loops=1)
  Hash Cond: (mi.movie_id = t.id)
  ->  Seq Scan on movie_info mi  (cost=0.00..309384.22 rows=14739122 width=4) (actual time=0.022..6012.395 rows=14835720 loops=1)
  ->  Hash  (cost=211612.43..211612.43 rows=734493 width=8) (actual time=5800.920..5800.920 rows=2287440 loops=1)
        Buckets: 131072 (originally 131072)  Batches: 32 (originally 16)  Memory Usage: 3846kB
        ->  Hash Join  (cost=80661.47..211612.43 rows=734493 width=8) (actual time=1383.709..5160.533 rows=2287440 loops=1)
              Hash Cond: (mk.movie_id = t.id)
              ->  Seq Scan on movie_keyword mk  (cost=0.00..69693.30 rows=4523930 width=4) (actual time=0.019..1406.215 rows=4523930 loops=1)
              ->  Hash  (cost=73925.90..73925.90 rows=410525 width=4) (actual time=1359.037..1359.037 rows=456146 loops=1)
                    Buckets: 131072  Batches: 8  Memory Usage: 3048kB
                    ->  Seq Scan on title t  (cost=0.00..73925.90 rows=410525 width=4) (actual time=0.024..1208.150 rows=456146 loops=1)
                          Filter: ((production_year < 2007) AND (kind_id = 1))
                          Rows Removed by Filter: 2072166
Planning time: 1.128 ms
Execution time: 70589.478 ms
