Hash Join  (cost=73950.44..155087.30 rows=28 width=0) (actual time=1991.890..2414.701 rows=4 loops=1)
  Hash Cond: (mk.movie_id = t.id)
  ->  Seq Scan on movie_keyword mk  (cost=0.00..81003.12 rows=35588 width=4) (actual time=0.165..1266.687 rows=34710 loops=1)
        Filter: (keyword_id = 2488)
        Rows Removed by Filter: 4489220
  ->  Hash  (cost=73925.90..73925.90 rows=1963 width=4) (actual time=1134.517..1134.517 rows=4012 loops=1)
        Buckets: 4096 (originally 2048)  Batches: 1 (originally 1)  Memory Usage: 174kB
        ->  Seq Scan on title t  (cost=0.00..73925.90 rows=1963 width=4) (actual time=65.461..1132.490 rows=4012 loops=1)
              Filter: ((kind_id = 1) AND (production_year = 1920))
              Rows Removed by Filter: 2524300
Planning time: 0.786 ms
Execution time: 2414.835 ms
