Hash Join  (cost=140783.59..167900.98 rows=20691 width=0) (actual time=2612.845..3191.715 rows=13410 loops=1)
  Hash Cond: (mi_idx.movie_id = t.id)
  ->  Seq Scan on movie_info_idx mi_idx  (cost=0.00..21735.35 rows=1380035 width=4) (actual time=0.019..284.959 rows=1380035 loops=1)
  ->  Hash  (cost=140309.72..140309.72 rows=37910 width=8) (actual time=2612.453..2612.453 rows=10971 loops=1)
        Buckets: 65536  Batches: 1  Memory Usage: 941kB
        ->  Hash Join  (cost=75342.47..140309.72 rows=37910 width=8) (actual time=1588.930..2608.226 rows=10971 loops=1)
              Hash Cond: (mc.movie_id = t.id)
              ->  Seq Scan on movie_companies mc  (cost=0.00..51404.11 rows=1110943 width=4) (actual time=0.018..901.923 rows=1120801 loops=1)
                    Filter: (company_id > 13695)
                    Rows Removed by Filter: 1488328
              ->  Hash  (cost=73925.90..73925.90 rows=86285 width=4) (actual time=1281.676..1281.676 rows=92628 loops=1)
                    Buckets: 131072  Batches: 2  Memory Usage: 2653kB
                    ->  Seq Scan on title t  (cost=0.00..73925.90 rows=86285 width=4) (actual time=0.018..1247.227 rows=92628 loops=1)
                          Filter: ((kind_id = 7) AND (production_year = 2010))
                          Rows Removed by Filter: 2435684
Planning time: 3.871 ms
Execution time: 3193.638 ms
