Seq Scan on cast_info ci  (cost=0.00..796071.18 rows=1858219 width=0) (actual time=1353.956..11192.342 rows=1400016 loops=1)
  Filter: ((person_id < 2529171) AND (role_id = 4))
  Rows Removed by Filter: 34844328
Planning time: 0.416 ms
Execution time: 11335.977 ms
