Hash Join  (cost=130937.66..213077.93 rows=7587 width=0) (actual time=3067.072..4116.139 rows=1248 loops=1)
  Hash Cond: (mk.movie_id = t.id)
  ->  Seq Scan on movie_keyword mk  (cost=0.00..81003.12 rows=283007 width=4) (actual time=0.011..1299.633 rows=282123 loops=1)
        Filter: (keyword_id > 56681)
        Rows Removed by Filter: 4241807
  ->  Hash  (cost=130090.37..130090.37 rows=67783 width=8) (actual time=2762.668..2762.668 rows=27577 loops=1)
        Buckets: 131072  Batches: 1  Memory Usage: 2102kB
        ->  Hash Join  (cost=74747.02..130090.37 rows=67783 width=8) (actual time=1657.962..2752.426 rows=27577 loops=1)
              Hash Cond: (mc.movie_id = t.id)
              ->  Seq Scan on movie_companies mc  (cost=0.00..44881.29 rows=2609129 width=4) (actual time=0.023..652.680 rows=2609129 loops=1)
              ->  Hash  (cost=73925.90..73925.90 rows=65689 width=4) (actual time=1354.481..1354.481 rows=74524 loops=1)
                    Buckets: 131072  Batches: 1  Memory Usage: 3644kB
                    ->  Seq Scan on title t  (cost=0.00..73925.90 rows=65689 width=4) (actual time=137.304..1324.569 rows=74524 loops=1)
                          Filter: ((kind_id = 7) AND (production_year = 2006))
                          Rows Removed by Filter: 2453788
Planning time: 1.142 ms
Execution time: 4116.761 ms
