Hash Join  (cost=74261.02..894869.48 rows=67468 width=0) (actual time=3738.337..18002.871 rows=121050 loops=1)
  Hash Cond: (ci.movie_id = t.id)
  ->  Seq Scan on cast_info ci  (cost=0.00..796071.18 rows=6363361 width=4) (actual time=2973.161..14573.759 rows=12670688 loops=1)
        Filter: ((person_id < 1783442) AND (role_id < 2))
        Rows Removed by Filter: 23573656
  ->  Hash  (cost=73925.90..73925.90 rows=26809 width=4) (actual time=764.731..764.731 rows=15183 loops=1)
        Buckets: 32768  Batches: 1  Memory Usage: 790kB
        ->  Seq Scan on title t  (cost=0.00..73925.90 rows=26809 width=4) (actual time=0.059..758.392 rows=15183 loops=1)
              Filter: ((production_year > 2008) AND (kind_id = 3))
              Rows Removed by Filter: 2513129
Planning time: 0.835 ms
Execution time: 18023.456 ms
