Hash Join  (cost=121810.99..611580.02 rows=933707 width=0) (actual time=2692.744..17165.275 rows=7016976 loops=1)
  Hash Cond: (mi.movie_id = t.id)
  ->  Seq Scan on movie_info mi  (cost=0.00..309384.22 rows=14739122 width=4) (actual time=0.007..6124.647 rows=14835720 loops=1)
  ->  Hash  (cost=119182.74..119182.74 rows=160180 width=8) (actual time=2691.743..2691.743 rows=377305 loops=1)
        Buckets: 131072 (originally 131072)  Batches: 8 (originally 4)  Memory Usage: 3073kB
        ->  Hash Join  (cost=78741.46..119182.74 rows=160180 width=8) (actual time=1310.594..2572.661 rows=377305 loops=1)
              Hash Cond: (mi_idx.movie_id = t.id)
              ->  Seq Scan on movie_info_idx mi_idx  (cost=0.00..21735.35 rows=1380035 width=4) (actual time=0.013..461.794 rows=1380035 loops=1)
              ->  Hash  (cost=73925.90..73925.90 rows=293484 width=4) (actual time=1309.933..1309.933 rows=411690 loops=1)
                    Buckets: 131072 (originally 131072)  Batches: 8 (originally 4)  Memory Usage: 3073kB
                    ->  Seq Scan on title t  (cost=0.00..73925.90 rows=293484 width=4) (actual time=0.015..1170.450 rows=411690 loops=1)
                          Filter: ((kind_id < 7) AND (production_year < 1993))
                          Rows Removed by Filter: 2116622
Planning time: 0.765 ms
Execution time: 18007.777 ms
