Hash Join  (cost=605042.33..2135861.22 rows=39566376 width=0) (actual time=14775.856..69267.417 rows=83649108 loops=1)
  Hash Cond: (ci.movie_id = t.id)
  ->  Seq Scan on cast_info ci  (cost=0.00..614943.12 rows=36225612 width=4) (actual time=0.014..13938.865 rows=36244344 loops=1)
  ->  Hash  (cost=559732.95..559732.95 rows=2761710 width=8) (actual time=14774.562..14774.562 rows=2188986 loops=1)
        Buckets: 131072  Batches: 64  Memory Usage: 2382kB
        ->  Hash Join  (cost=80562.70..559732.95 rows=2761710 width=8) (actual time=1598.220..14089.169 rows=2188986 loops=1)
              Hash Cond: (mi.movie_id = t.id)
              ->  Seq Scan on movie_info mi  (cost=0.00..346232.03 rows=8841901 width=4) (actual time=196.560..6510.515 rows=8950757 loops=1)
                    Filter: (info_type_id > 6)
                    Rows Removed by Filter: 5884963
              ->  Hash  (cost=67604.59..67604.59 rows=789769 width=4) (actual time=1400.750..1400.750 rows=784926 loops=1)
                    Buckets: 131072  Batches: 16  Memory Usage: 2755kB
                    ->  Seq Scan on title t  (cost=0.00..67604.59 rows=789769 width=4) (actual time=0.038..1139.970 rows=784926 loops=1)
                          Filter: (production_year > 2007)
                          Rows Removed by Filter: 1743386
Planning time: 1.151 ms
Execution time: 78456.033 ms
