Hash Join  (cost=83810.17..198837.88 rows=761721 width=0) (actual time=1260.573..4939.512 rows=1658292 loops=1)
  Hash Cond: (mk.movie_id = t.id)
  ->  Seq Scan on movie_keyword mk  (cost=0.00..81003.12 rows=1949965 width=4) (actual time=0.009..1472.363 rows=1958077 loops=1)
        Filter: (keyword_id > 6515)
        Rows Removed by Filter: 2565853
  ->  Hash  (cost=67604.59..67604.59 rows=987727 width=4) (actual time=1259.522..1259.522 rows=985048 loops=1)
        Buckets: 131072  Batches: 16  Memory Usage: 3197kB
        ->  Seq Scan on title t  (cost=0.00..67604.59 rows=987727 width=4) (actual time=0.014..966.691 rows=985048 loops=1)
              Filter: (kind_id < 7)
              Rows Removed by Filter: 1543264
Planning time: 0.731 ms
Execution time: 5149.967 ms
