Hash Join  (cost=69687.24..131824.97 rows=15452 width=0) (actual time=1816.811..2073.524 rows=945 loops=1)
  Hash Cond: (mc.movie_id = t.id)
  ->  Seq Scan on movie_companies mc  (cost=0.00..57926.93 rows=307807 width=4) (actual time=694.936..932.975 rows=13510 loops=1)
        Filter: ((company_id > 59236) AND (company_type_id < 2))
        Rows Removed by Filter: 2595619
  ->  Hash  (cost=67604.59..67604.59 rows=126932 width=4) (actual time=1120.993..1120.993 rows=122861 loops=1)
        Buckets: 131072  Batches: 2  Memory Usage: 3191kB
        ->  Seq Scan on title t  (cost=0.00..67604.59 rows=126932 width=4) (actual time=0.021..1074.061 rows=122861 loops=1)
              Filter: (production_year = 2008)
              Rows Removed by Filter: 2405451
Planning time: 0.771 ms
Execution time: 2073.878 ms
