Seq Scan on movie_keyword mk  (cost=0.00..81003.12 rows=3921439 width=0) (actual time=0.027..1639.363 rows=3917186 loops=1)
  Filter: (keyword_id < 30439)
  Rows Removed by Filter: 606744
Planning time: 0.332 ms
Execution time: 2137.639 ms
