Hash Join  (cost=74230.88..161325.44 rows=43652 width=0) (actual time=1123.597..2927.991 rows=1036 loops=1)
  Hash Cond: (mk.movie_id = t.id)
  ->  Seq Scan on movie_keyword mk  (cost=0.00..69693.30 rows=4523930 width=4) (actual time=0.013..1022.565 rows=4523930 loops=1)
  ->  Hash  (cost=73925.90..73925.90 rows=24398 width=4) (actual time=1118.825..1118.825 rows=254 loops=1)
        Buckets: 32768  Batches: 1  Memory Usage: 265kB
        ->  Seq Scan on title t  (cost=0.00..73925.90 rows=24398 width=4) (actual time=352.098..1118.611 rows=254 loops=1)
              Filter: ((production_year < 1982) AND (kind_id = 4))
              Rows Removed by Filter: 2528058
Planning time: 0.747 ms
Execution time: 2928.344 ms
