Nested Loop  (cost=0.43..709671.90 rows=500 width=0) (actual time=3680.531..10230.052 rows=1313 loops=1)
  ->  Seq Scan on cast_info ci  (cost=0.00..705507.15 rows=500 width=4) (actual time=3680.424..10197.781 rows=1313 loops=1)
        Filter: (person_id = 2158680)
        Rows Removed by Filter: 36243031
  ->  Index Only Scan using title_pkey on title t  (cost=0.43..8.32 rows=1 width=4) (actual time=0.024..0.024 rows=1 loops=1313)
        Index Cond: (id = ci.movie_id)
        Heap Fetches: 1313
Planning time: 0.822 ms
Execution time: 10230.468 ms
