Nested Loop  (cost=0.43..83072.90 rows=55 width=0) (actual time=6.407..1385.337 rows=273 loops=1)
  ->  Seq Scan on movie_keyword mk  (cost=0.00..81003.12 rows=246 width=4) (actual time=0.839..1350.831 rows=483 loops=1)
        Filter: (keyword_id = 1677)
        Rows Removed by Filter: 4523447
  ->  Index Scan using title_pkey on title t  (cost=0.43..8.40 rows=1 width=4) (actual time=0.069..0.069 rows=1 loops=483)
        Index Cond: (id = mk.movie_id)
        Filter: ((kind_id < 7) AND (production_year < 2006))
        Rows Removed by Filter: 0
Planning time: 0.833 ms
Execution time: 1385.644 ms
