Hash Join  (cost=133472.05..484468.26 rows=2371 width=0) (actual time=7876.587..22339.195 rows=24571 loops=1)
  Hash Cond: (mi.movie_id = t.id)
  ->  Seq Scan on movie_info mi  (cost=0.00..346232.03 rows=1264125 width=4) (actual time=1489.796..15482.688 rows=1288928 loops=1)
        Filter: (info_type_id = 2)
        Rows Removed by Filter: 13546792
  ->  Hash  (cost=133412.78..133412.78 rows=4742 width=8) (actual time=6386.628..6386.628 rows=24161 loops=1)
        Buckets: 32768 (originally 8192)  Batches: 1 (originally 1)  Memory Usage: 1200kB
        ->  Hash Join  (cost=74781.40..133412.78 rows=4742 width=8) (actual time=5285.807..6377.083 rows=24161 loops=1)
              Hash Cond: (mc.movie_id = t.id)
              ->  Seq Scan on movie_companies mc  (cost=0.00..57926.93 rows=175205 width=4) (actual time=0.030..2913.881 rows=273773 loops=1)
                    Filter: ((company_id < 169) AND (company_type_id < 2))
                    Rows Removed by Filter: 2335356
              ->  Hash  (cost=73925.90..73925.90 rows=68440 width=4) (actual time=3346.069..3346.069 rows=73978 loops=1)
                    Buckets: 131072  Batches: 1  Memory Usage: 3625kB
                    ->  Seq Scan on title t  (cost=0.00..73925.90 rows=68440 width=4) (actual time=0.022..3314.894 rows=73978 loops=1)
                          Filter: ((production_year > 1982) AND (kind_id = 2))
                          Rows Removed by Filter: 2454334
Planning time: 3.529 ms
Execution time: 22343.561 ms
