Seq Scan on cast_info ci  (cost=0.00..796071.18 rows=4099569 width=0) (actual time=13163.710..15384.682 rows=2605097 loops=1)
  Filter: ((person_id < 3688936) AND (role_id = 10))
  Rows Removed by Filter: 33639247
Planning time: 0.397 ms
Execution time: 15700.648 ms
