Hash Join  (cost=322876.50..853223.17 rows=8328621 width=0) (actual time=7729.632..45550.550 rows=131439859 loops=1)
  Hash Cond: (mi.movie_id = t.id)
  ->  Seq Scan on movie_info mi  (cost=0.00..346232.03 rows=6231111 width=4) (actual time=338.848..6558.728 rows=6223494 loops=1)
        Filter: (info_type_id > 8)
        Rows Removed by Filter: 8612226
  ->  Hash  (cost=267428.53..267428.53 rows=3379677 width=8) (actual time=7389.268..7389.268 rows=3080164 loops=1)
        Buckets: 131072  Batches: 64  Memory Usage: 2973kB
        ->  Hash Join  (cost=98595.81..267428.53 rows=3379677 width=8) (actual time=1980.491..6553.533 rows=3080164 loops=1)
              Hash Cond: (mk.movie_id = t.id)
              ->  Seq Scan on movie_keyword mk  (cost=0.00..69693.30 rows=4523930 width=4) (actual time=0.034..1470.414 rows=4523930 loops=1)
              ->  Hash  (cost=67604.59..67604.59 rows=1888978 width=4) (actual time=1979.263..1979.263 rows=1887769 loops=1)
                    Buckets: 131072  Batches: 32  Memory Usage: 3114kB
                    ->  Seq Scan on title t  (cost=0.00..67604.59 rows=1888978 width=4) (actual time=0.024..1360.966 rows=1887769 loops=1)
                          Filter: (production_year > 1983)
                          Rows Removed by Filter: 640543
Planning time: 1.193 ms
Execution time: 59698.166 ms
