Hash Join  (cost=78556.72..149961.87 rows=202037 width=0) (actual time=1888.915..3115.575 rows=578646 loops=1)
  Hash Cond: (mc.movie_id = t.id)
  ->  Seq Scan on movie_companies mc  (cost=0.00..57926.93 rows=765291 width=4) (actual time=344.730..1058.418 rows=986956 loops=1)
        Filter: ((company_id > 7547) AND (company_type_id = 2))
        Rows Removed by Filter: 1622173
  ->  Hash  (cost=67604.59..67604.59 rows=667531 width=4) (actual time=1261.178..1261.178 rows=662825 loops=1)
        Buckets: 131072  Batches: 16  Memory Usage: 2476kB
        ->  Seq Scan on title t  (cost=0.00..67604.59 rows=667531 width=4) (actual time=209.510..1048.043 rows=662825 loops=1)
              Filter: (kind_id = 1)
              Rows Removed by Filter: 1865487
Planning time: 0.771 ms
Execution time: 3191.219 ms
