Hash Join  (cost=68332.59..127537.26 rows=7394 width=0) (actual time=1525.052..2324.997 rows=9352 loops=1)
  Hash Cond: (mc.movie_id = t.id)
  ->  Seq Scan on movie_companies mc  (cost=0.00..57926.93 rows=321012 width=4) (actual time=425.611..1086.952 rows=464481 loops=1)
        Filter: ((company_id < 868) AND (company_type_id = 1))
        Rows Removed by Filter: 2144648
  ->  Hash  (cost=67604.59..67604.59 rows=58240 width=4) (actual time=1098.889..1098.889 rows=58590 loops=1)
        Buckets: 65536  Batches: 1  Memory Usage: 2572kB
        ->  Seq Scan on title t  (cost=0.00..67604.59 rows=58240 width=4) (actual time=0.032..1072.837 rows=58590 loops=1)
              Filter: (production_year = 2001)
              Rows Removed by Filter: 2469722
Planning time: 0.814 ms
Execution time: 2326.648 ms
