Hash Join  (cost=364922.41..2152223.13 rows=60125746 width=0) (actual time=9628.696..95707.245 rows=211970164 loops=1)
  Hash Cond: (ci.movie_id = t.id)
  ->  Seq Scan on cast_info ci  (cost=0.00..614943.12 rows=36225612 width=4) (actual time=0.019..13915.903 rows=36244344 loops=1)
  ->  Hash  (cost=296069.12..296069.12 rows=4196743 width=8) (actual time=9626.690..9626.690 rows=4407043 loops=1)
        Buckets: 131072  Batches: 64  Memory Usage: 3740kB
        ->  Hash Join  (cost=106561.27..296069.12 rows=4196743 width=8) (actual time=2201.389..8424.733 rows=4407043 loops=1)
              Hash Cond: (mk.movie_id = t.id)
              ->  Seq Scan on movie_keyword mk  (cost=0.00..81003.12 rows=4469058 width=4) (actual time=0.016..2022.621 rows=4472670 loops=1)
                    Filter: (keyword_id < 98978)
                    Rows Removed by Filter: 51260
              ->  Hash  (cost=67604.59..67604.59 rows=2374455 width=4) (actual time=2200.248..2200.248 rows=2370958 loops=1)
                    Buckets: 131072  Batches: 32  Memory Usage: 3641kB
                    ->  Seq Scan on title t  (cost=0.00..67604.59 rows=2374455 width=4) (actual time=2.303..1427.553 rows=2370958 loops=1)
                          Filter: (production_year > 1919)
                          Rows Removed by Filter: 157354
Planning time: 1.148 ms
Execution time: 118575.109 ms
