Hash Join  (cost=74384.42..101365.39 rows=6687 width=0) (actual time=1132.263..1747.028 rows=11343 loops=1)
  Hash Cond: (mi_idx.movie_id = t.id)
  ->  Seq Scan on movie_info_idx mi_idx  (cost=0.00..25185.44 rows=460978 width=4) (actual time=0.013..483.111 rows=459925 loops=1)
        Filter: (info_type_id < 100)
        Rows Removed by Filter: 920110
  ->  Hash  (cost=73925.90..73925.90 rows=36681 width=4) (actual time=1131.764..1131.764 rows=24195 loops=1)
        Buckets: 65536  Batches: 1  Memory Usage: 1363kB
        ->  Seq Scan on title t  (cost=0.00..73925.90 rows=36681 width=4) (actual time=0.012..1121.128 rows=24195 loops=1)
              Filter: ((kind_id < 4) AND (production_year = 2006))
              Rows Removed by Filter: 2504117
Planning time: 0.838 ms
Execution time: 1749.028 ms
