Hash Join  (cost=155695.34..259322.11 rows=104733 width=0) (actual time=3144.943..5232.022 rows=44331 loops=1)
  Hash Cond: (mk.movie_id = t.id)
  ->  Seq Scan on movie_keyword mk  (cost=0.00..81003.12 rows=1816617 width=4) (actual time=0.019..1524.161 rows=1818355 loops=1)
        Filter: (keyword_id > 7637)
        Rows Removed by Filter: 2705575
  ->  Hash  (cost=153303.12..153303.12 rows=145777 width=8) (actual time=3143.124..3143.124 rows=58891 loops=1)
        Buckets: 131072  Batches: 2  Memory Usage: 2180kB
        ->  Hash Join  (cost=76243.83..153303.12 rows=145777 width=8) (actual time=1258.683..3120.875 rows=58891 loops=1)
              Hash Cond: (mc.movie_id = t.id)
              ->  Seq Scan on movie_companies mc  (cost=0.00..44881.29 rows=2609129 width=4) (actual time=0.014..876.499 rows=2609129 loops=1)
              ->  Hash  (cost=73925.90..73925.90 rows=141274 width=4) (actual time=1225.269..1225.269 rows=150659 loops=1)
                    Buckets: 131072  Batches: 2  Memory Usage: 3673kB
                    ->  Seq Scan on title t  (cost=0.00..73925.90 rows=141274 width=4) (actual time=0.026..1170.198 rows=150659 loops=1)
                          Filter: ((production_year > 2011) AND (kind_id = 7))
                          Rows Removed by Filter: 2377653
Planning time: 1.185 ms
Execution time: 5238.226 ms
