Hash Join  (cost=101092.22..187851.08 rows=10082 width=0) (actual time=1852.963..3766.879 rows=14622 loops=1)
  Hash Cond: (mk.movie_id = t.id)
  ->  Seq Scan on movie_keyword mk  (cost=0.00..69693.30 rows=4523930 width=4) (actual time=0.026..1083.143 rows=4523930 loops=1)
  ->  Hash  (cost=101021.79..101021.79 rows=5635 width=8) (actual time=1851.735..1851.735 rows=10038 loops=1)
        Buckets: 16384 (originally 8192)  Batches: 1 (originally 1)  Memory Usage: 521kB
        ->  Hash Join  (cost=74054.96..101021.79 rows=5635 width=8) (actual time=1213.473..1848.098 rows=10038 loops=1)
              Hash Cond: (mi_idx.movie_id = t.id)
              ->  Seq Scan on movie_info_idx mi_idx  (cost=0.00..21735.35 rows=1380035 width=4) (actual time=0.026..313.975 rows=1380035 loops=1)
              ->  Hash  (cost=73925.90..73925.90 rows=10324 width=4) (actual time=1213.251..1213.251 rows=29104 loops=1)
                    Buckets: 32768 (originally 16384)  Batches: 1 (originally 1)  Memory Usage: 1280kB
                    ->  Seq Scan on title t  (cost=0.00..73925.90 rows=10324 width=4) (actual time=172.183..1201.970 rows=29104 loops=1)
                          Filter: ((kind_id < 4) AND (production_year < 1911))
                          Rows Removed by Filter: 2499208
Planning time: 1.170 ms
Execution time: 3769.465 ms
