Seq Scan on cast_info ci  (cost=0.00..796071.18 rows=8057761 width=0) (actual time=8268.225..13854.354 rows=3085503 loops=1)
  Filter: ((person_id > 1307112) AND (role_id = 1))
  Rows Removed by Filter: 33158841
Planning time: 0.401 ms
Execution time: 14243.786 ms
