Hash Join  (cost=102767.86..233550.41 rows=1658180 width=0) (actual time=2010.907..5147.055 rows=1664255 loops=1)
  Hash Cond: (mk.movie_id = t.id)
  ->  Seq Scan on movie_keyword mk  (cost=0.00..81003.12 rows=1658180 width=4) (actual time=0.023..1514.768 rows=1664255 loops=1)
        Filter: (keyword_id > 8749)
        Rows Removed by Filter: 2859675
  ->  Hash  (cost=61283.27..61283.27 rows=2528527 width=4) (actual time=2009.994..2009.994 rows=2528312 loops=1)
        Buckets: 131072  Batches: 64  Memory Usage: 2425kB
        ->  Seq Scan on title t  (cost=0.00..61283.27 rows=2528527 width=4) (actual time=0.006..1131.852 rows=2528312 loops=1)
Planning time: 0.707 ms
Execution time: 5338.211 ms
