Hash Join  (cost=172990.22..305888.21 rows=894295 width=0) (actual time=8576.664..14075.037 rows=271559 loops=1)
  Hash Cond: (mk.movie_id = t.id)
  ->  Seq Scan on movie_keyword mk  (cost=0.00..69693.30 rows=4523930 width=4) (actual time=0.013..3738.081 rows=4523930 loops=1)
  ->  Hash  (cost=164789.19..164789.19 rows=499842 width=8) (actual time=7334.942..7334.942 rows=109594 loops=1)
        Buckets: 131072  Batches: 8  Memory Usage: 1567kB
        ->  Hash Join  (cost=87731.24..164789.19 rows=499842 width=8) (actual time=3672.799..7296.989 rows=109594 loops=1)
              Hash Cond: (mc.movie_id = t.id)
              ->  Seq Scan on movie_companies mc  (cost=0.00..51404.11 rows=1501978 width=4) (actual time=0.036..2463.446 rows=1510139 loops=1)
                    Filter: (company_id > 7540)
                    Rows Removed by Filter: 1098990
              ->  Hash  (cost=73925.90..73925.90 rows=841467 width=4) (actual time=3669.383..3669.383 rows=921643 loops=1)
                    Buckets: 131072  Batches: 16  Memory Usage: 3057kB
                    ->  Seq Scan on title t  (cost=0.00..73925.90 rows=841467 width=4) (actual time=322.525..3334.679 rows=921643 loops=1)
                          Filter: ((production_year > 2000) AND (kind_id = 7))
                          Rows Removed by Filter: 1606669
Planning time: 1.489 ms
Execution time: 14110.066 ms
