Seq Scan on movie_companies mc  (cost=0.00..57926.93 rows=53 width=0) (actual time=370.064..904.928 rows=283 loops=1)
  Filter: ((company_type_id > 1) AND (company_id = 798))
  Rows Removed by Filter: 2608846
Planning time: 0.394 ms
Execution time: 905.067 ms
