Seq Scan on cast_info ci  (cost=0.00..796071.18 rows=10436929 width=0) (actual time=3549.795..14496.629 rows=16236166 loops=1)
  Filter: ((person_id > 2009519) AND (role_id > 1))
  Rows Removed by Filter: 20008178
Planning time: 0.383 ms
Execution time: 16489.906 ms
