Hash Join  (cost=102767.86..172583.49 rows=83489 width=0) (actual time=2177.948..3296.622 rows=38155 loops=1)
  Hash Cond: (mc.movie_id = t.id)
  ->  Seq Scan on movie_companies mc  (cost=0.00..57926.93 rows=83489 width=4) (actual time=275.236..963.163 rows=38155 loops=1)
        Filter: ((company_id < 34) AND (company_type_id = 2))
        Rows Removed by Filter: 2570974
  ->  Hash  (cost=61283.27..61283.27 rows=2528527 width=4) (actual time=1901.384..1901.384 rows=2528312 loops=1)
        Buckets: 131072  Batches: 64  Memory Usage: 2415kB
        ->  Seq Scan on title t  (cost=0.00..61283.27 rows=2528527 width=4) (actual time=0.013..1055.989 rows=2528312 loops=1)
Planning time: 0.804 ms
Execution time: 3301.658 ms
