Seq Scan on movie_companies mc  (cost=0.00..57926.93 rows=453772 width=0) (actual time=0.180..975.007 rows=777591 loops=1)
  Filter: ((company_id > 21587) AND (company_type_id > 1))
  Rows Removed by Filter: 1831538
Planning time: 0.323 ms
Execution time: 1077.248 ms
