Hash Join  (cost=137214.02..261727.85 rows=366878 width=0) (actual time=4224.613..5886.211 rows=268038 loops=1)
  Hash Cond: (mk.movie_id = t.id)
  ->  Seq Scan on movie_keyword mk  (cost=0.00..81003.12 rows=3352246 width=4) (actual time=0.025..1780.680 rows=3338374 loops=1)
        Filter: (keyword_id < 15688)
        Rows Removed by Filter: 1185556
  ->  Hash  (cost=132673.92..132673.92 rows=276728 width=8) (actual time=2811.634..2811.634 rows=141906 loops=1)
        Buckets: 131072  Batches: 4  Memory Usage: 2413kB
        ->  Hash Join  (cost=92883.59..132673.92 rows=276728 width=8) (actual time=1680.615..2760.506 rows=141906 loops=1)
              Hash Cond: (mi_idx.movie_id = t.id)
              ->  Seq Scan on movie_info_idx mi_idx  (cost=0.00..25185.44 rows=454124 width=4) (actual time=0.008..508.614 rows=459925 loops=1)
                    Filter: (info_type_id = 100)
                    Rows Removed by Filter: 920110
              ->  Hash  (cost=67604.59..67604.59 rows=1540800 width=4) (actual time=1679.278..1679.278 rows=1543264 loops=1)
                    Buckets: 131072  Batches: 32  Memory Usage: 2722kB
                    ->  Seq Scan on title t  (cost=0.00..67604.59 rows=1540800 width=4) (actual time=0.019..1188.998 rows=1543264 loops=1)
                          Filter: (kind_id = 7)
                          Rows Removed by Filter: 985048
Planning time: 1.200 ms
Execution time: 5915.155 ms
