Hash Join  (cost=73962.22..815083.78 rows=10878 width=0) (actual time=8494.766..14641.489 rows=11258 loops=1)
  Hash Cond: (ci.movie_id = t.id)
  ->  Seq Scan on cast_info ci  (cost=0.00..705507.15 rows=9468168 width=4) (actual time=7329.557..12072.857 rows=9384703 loops=1)
        Filter: (role_id > 4)
        Rows Removed by Filter: 26859641
  ->  Hash  (cost=73925.90..73925.90 rows=2905 width=4) (actual time=1164.769..1164.769 rows=3178 loops=1)
        Buckets: 4096  Batches: 1  Memory Usage: 144kB
        ->  Seq Scan on title t  (cost=0.00..73925.90 rows=2905 width=4) (actual time=0.326..1162.913 rows=3178 loops=1)
              Filter: ((kind_id < 7) AND (production_year = 1954))
              Rows Removed by Filter: 2525134
Planning time: 0.807 ms
Execution time: 14644.039 ms
