Hash Join  (cost=265748.66..762626.61 rows=5098025 width=0) (actual time=5873.059..21645.156 rows=24164490 loops=1)
  Hash Cond: (mi.movie_id = t.id)
  ->  Seq Scan on movie_info mi  (cost=0.00..346232.03 rows=7235534 width=4) (actual time=0.013..6455.257 rows=7286865 loops=1)
        Filter: (info_type_id < 8)
        Rows Removed by Filter: 7548855
  ->  Hash  (cost=236519.24..236519.24 rows=1781554 width=8) (actual time=5871.916..5871.916 rows=1785988 loops=1)
        Buckets: 131072  Batches: 32  Memory Usage: 3273kB
        ->  Hash Join  (cost=102767.86..236519.24 rows=1781554 width=8) (actual time=1944.191..5409.570 rows=1785988 loops=1)
              Hash Cond: (mk.movie_id = t.id)
              ->  Seq Scan on movie_keyword mk  (cost=0.00..81003.12 rows=1781554 width=4) (actual time=0.068..1619.262 rows=1785988 loops=1)
                    Filter: (keyword_id > 7771)
                    Rows Removed by Filter: 2737942
              ->  Hash  (cost=61283.27..61283.27 rows=2528527 width=4) (actual time=1942.173..1942.173 rows=2528312 loops=1)
                    Buckets: 131072  Batches: 64  Memory Usage: 2425kB
                    ->  Seq Scan on title t  (cost=0.00..61283.27 rows=2528527 width=4) (actual time=0.009..1068.232 rows=2528312 loops=1)
Planning time: 1.175 ms
Execution time: 24349.485 ms
