Hash Join  (cost=1204529.15..2443982.79 rows=55653759 width=0) (actual time=25988.677..78598.471 rows=132194366 loops=1)
  Hash Cond: (mi.movie_id = t.id)
  ->  Seq Scan on movie_info mi  (cost=0.00..309384.22 rows=14739122 width=4) (actual time=0.026..5829.035 rows=14835720 loops=1)
  ->  Hash  (cost=1047890.18..1047890.18 rows=9547518 width=8) (actual time=25987.163..25987.163 rows=9521031 loops=1)
        Buckets: 131072  Batches: 128  Memory Usage: 3935kB
        ->  Hash Join  (cost=102767.86..1047890.18 rows=9547518 width=8) (actual time=1907.553..22703.878 rows=9521031 loops=1)
              Hash Cond: (ci.movie_id = t.id)
              ->  Seq Scan on cast_info ci  (cost=0.00..705507.15 rows=9547518 width=4) (actual time=0.038..11829.861 rows=9521031 loops=1)
                    Filter: (person_id > 2753751)
                    Rows Removed by Filter: 26723313
              ->  Hash  (cost=61283.27..61283.27 rows=2528527 width=4) (actual time=1905.645..1905.645 rows=2528312 loops=1)
                    Buckets: 131072  Batches: 64  Memory Usage: 2415kB
                    ->  Seq Scan on title t  (cost=0.00..61283.27 rows=2528527 width=4) (actual time=0.013..1069.220 rows=2528312 loops=1)
Planning time: 1.206 ms
Execution time: 93718.279 ms
