Hash Join  (cost=221486.22..659405.23 rows=1695132 width=0) (actual time=4453.201..19460.751 rows=27682582 loops=1)
  Hash Cond: (mi.movie_id = t.id)
  ->  Seq Scan on movie_info mi  (cost=0.00..346232.03 rows=6231111 width=4) (actual time=0.012..6263.551 rows=6223494 loops=1)
        Filter: (info_type_id > 8)
        Rows Removed by Filter: 8612226
  ->  Hash  (cost=210200.85..210200.85 rows=687869 width=8) (actual time=4452.226..4452.226 rows=692979 loops=1)
        Buckets: 131072  Batches: 16  Memory Usage: 2827kB
        ->  Hash Join  (cost=102767.86..210200.85 rows=687869 width=8) (actual time=1888.565..4247.862 rows=692979 loops=1)
              Hash Cond: (mk.movie_id = t.id)
              ->  Seq Scan on movie_keyword mk  (cost=0.00..81003.12 rows=687869 width=4) (actual time=0.018..1388.539 rows=692979 loops=1)
                    Filter: (keyword_id > 27168)
                    Rows Removed by Filter: 3830951
              ->  Hash  (cost=61283.27..61283.27 rows=2528527 width=4) (actual time=1886.477..1886.477 rows=2528312 loops=1)
                    Buckets: 131072  Batches: 64  Memory Usage: 2425kB
                    ->  Seq Scan on title t  (cost=0.00..61283.27 rows=2528527 width=4) (actual time=0.009..1024.856 rows=2528312 loops=1)
Planning time: 1.161 ms
Execution time: 22392.708 ms
