Hash Join  (cost=168313.86..1278435.61 rows=7429259 width=0) (actual time=9161.931..86023.519 rows=20616256 loops=1)
  Hash Cond: (ci.movie_id = t.id)
  ->  Seq Scan on cast_info ci  (cost=0.00..614943.12 rows=36225612 width=4) (actual time=0.016..45652.755 rows=36244344 loops=1)
  ->  Hash  (cost=159805.88..159805.88 rows=518558 width=8) (actual time=9160.295..9160.295 rows=696871 loops=1)
        Buckets: 131072 (originally 131072)  Batches: 16 (originally 8)  Memory Usage: 3073kB
        ->  Hash Join  (cost=84417.00..159805.88 rows=518558 width=8) (actual time=3878.493..8887.100 rows=696871 loops=1)
              Hash Cond: (mc.movie_id = t.id)
              ->  Seq Scan on movie_companies mc  (cost=0.00..51404.11 rows=1279517 width=4) (actual time=0.014..3000.417 rows=1274246 loops=1)
                    Filter: (company_type_id = 1)
                    Rows Removed by Filter: 1334883
              ->  Hash  (cost=67604.59..67604.59 rows=1024753 width=4) (actual time=3877.391..3877.391 rows=1021752 loops=1)
                    Buckets: 131072  Batches: 16  Memory Usage: 3274kB
                    ->  Seq Scan on title t  (cost=0.00..67604.59 rows=1024753 width=4) (actual time=0.025..3439.537 rows=1021752 loops=1)
                          Filter: (production_year < 2000)
                          Rows Removed by Filter: 1506560
Planning time: 3.695 ms
Execution time: 89041.571 ms
