Seq Scan on movie_keyword mk  (cost=0.00..81003.12 rows=3923474 width=0) (actual time=0.023..1474.572 rows=3919518 loops=1)
  Filter: (keyword_id < 30555)
  Rows Removed by Filter: 604412
Planning time: 0.328 ms
Execution time: 1972.642 ms
