Hash Join  (cost=92883.59..996563.75 rows=3274331 width=0) (actual time=3683.583..16994.998 rows=1757975 loops=1)
  Hash Cond: (ci.movie_id = t.id)
  ->  Seq Scan on cast_info ci  (cost=0.00..796071.18 rows=5373335 width=4) (actual time=1719.092..12658.030 rows=3206882 loops=1)
        Filter: ((person_id < 1566603) AND (role_id > 3))
        Rows Removed by Filter: 33037462
  ->  Hash  (cost=67604.59..67604.59 rows=1540800 width=4) (actual time=1962.850..1962.850 rows=1543264 loops=1)
        Buckets: 131072  Batches: 32  Memory Usage: 2722kB
        ->  Seq Scan on title t  (cost=0.00..67604.59 rows=1540800 width=4) (actual time=0.027..1272.407 rows=1543264 loops=1)
              Filter: (kind_id = 7)
              Rows Removed by Filter: 985048
Planning time: 0.823 ms
Execution time: 17207.255 ms
