Seq Scan on movie_keyword mk  (cost=0.00..81003.12 rows=3201322 width=0) (actual time=0.013..1349.205 rows=3186958 loops=1)
  Filter: (keyword_id < 12848)
  Rows Removed by Filter: 1336972
Planning time: 0.319 ms
Execution time: 1732.033 ms
