Hash Join  (cost=100862.36..851726.32 rows=7475 width=0) (actual time=1459.472..17132.171 rows=108392 loops=1)
  Hash Cond: (ci.movie_id = t.id)
  ->  Seq Scan on cast_info ci  (cost=0.00..614943.12 rows=36225612 width=4) (actual time=0.007..7664.742 rows=36244344 loops=1)
  ->  Hash  (cost=100855.84..100855.84 rows=522 width=8) (actual time=1459.292..1459.292 rows=3862 loops=1)
        Buckets: 4096 (originally 1024)  Batches: 1 (originally 1)  Memory Usage: 183kB
        ->  Hash Join  (cost=73962.22..100855.84 rows=522 width=8) (actual time=979.163..1457.634 rows=3862 loops=1)
              Hash Cond: (mi_idx.movie_id = t.id)
              ->  Seq Scan on movie_info_idx mi_idx  (cost=0.00..25185.44 rows=454124 width=4) (actual time=0.014..390.214 rows=459925 loops=1)
                    Filter: (info_type_id = 100)
                    Rows Removed by Filter: 920110
              ->  Hash  (cost=73925.90..73925.90 rows=2905 width=4) (actual time=978.860..978.860 rows=9474 loops=1)
                    Buckets: 16384 (originally 4096)  Batches: 1 (originally 1)  Memory Usage: 462kB
                    ->  Seq Scan on title t  (cost=0.00..73925.90 rows=2905 width=4) (actual time=0.339..974.733 rows=9474 loops=1)
                          Filter: ((kind_id < 7) AND (production_year = 1991))
                          Rows Removed by Filter: 2518838
Planning time: 0.751 ms
Execution time: 17154.932 ms
