Hash Join  (cost=877688.18..1242970.45 rows=62634 width=0) (actual time=14812.543..21745.524 rows=151433 loops=1)
  Hash Cond: (mi.movie_id = t.id)
  ->  Seq Scan on movie_info mi  (cost=0.00..309384.22 rows=14739122 width=4) (actual time=0.023..3844.469 rows=14835720 loops=1)
  ->  Hash  (cost=877553.87..877553.87 rows=10745 width=8) (actual time=14812.239..14812.239 rows=6265 loops=1)
        Buckets: 16384  Batches: 1  Memory Usage: 373kB
        ->  Hash Join  (cost=74100.98..877553.87 rows=10745 width=8) (actual time=6724.409..14808.598 rows=6265 loops=1)
              Hash Cond: (ci.movie_id = t.id)
              ->  Seq Scan on cast_info ci  (cost=0.00..796071.18 rows=1939802 width=4) (actual time=5730.890..13505.015 rows=1428493 loops=1)
                    Filter: ((person_id < 2655210) AND (role_id = 4))
                    Rows Removed by Filter: 34815851
              ->  Hash  (cost=73925.90..73925.90 rows=14006 width=4) (actual time=993.239..993.239 rows=11886 loops=1)
                    Buckets: 16384  Batches: 1  Memory Usage: 546kB
                    ->  Seq Scan on title t  (cost=0.00..73925.90 rows=14006 width=4) (actual time=0.879..987.360 rows=11886 loops=1)
                          Filter: ((kind_id < 6) AND (production_year = 1996))
                          Rows Removed by Filter: 2516426
Planning time: 1.219 ms
Execution time: 21767.973 ms
