Hash Join  (cost=97066.09..1415091.16 rows=21593410 width=0) (actual time=2379.153..43014.099 rows=21825899 loops=1)
  Hash Cond: (ci.movie_id = t.id)
  ->  Seq Scan on cast_info ci  (cost=0.00..705507.15 rows=30405364 width=4) (actual time=0.026..16814.012 rows=30511650 loops=1)
        Filter: (role_id < 9)
        Rows Removed by Filter: 5732694
  ->  Hash  (cost=67604.59..67604.59 rows=1795720 width=4) (actual time=2377.932..2377.932 rows=1794153 loops=1)
        Buckets: 131072  Batches: 32  Memory Usage: 2992kB
        ->  Seq Scan on title t  (cost=0.00..67604.59 rows=1795720 width=4) (actual time=0.023..1342.056 rows=1794153 loops=1)
              Filter: (production_year < 2009)
              Rows Removed by Filter: 734159
Planning time: 0.798 ms
Execution time: 45443.412 ms
