Hash Join  (cost=175027.18..254853.60 rows=593851 width=0) (actual time=8627.758..14364.081 rows=1598766 loops=1)
  Hash Cond: (mc.movie_id = t.id)
  ->  Seq Scan on movie_companies mc  (cost=0.00..51404.11 rows=1633813 width=4) (actual time=0.026..3404.387 rows=1632367 loops=1)
        Filter: (company_id > 4289)
        Rows Removed by Filter: 976762
  ->  Hash  (cost=159947.97..159947.97 rows=919057 width=8) (actual time=8626.716..8626.716 rows=920110 loops=1)
        Buckets: 131072  Batches: 16  Memory Usage: 3269kB
        ->  Hash Join  (cost=102767.86..159947.97 rows=919057 width=8) (actual time=5118.968..8311.697 rows=920110 loops=1)
              Hash Cond: (mi_idx.movie_id = t.id)
              ->  Seq Scan on movie_info_idx mi_idx  (cost=0.00..25185.44 rows=919057 width=4) (actual time=0.024..1750.100 rows=920110 loops=1)
                    Filter: (info_type_id > 99)
                    Rows Removed by Filter: 459925
              ->  Hash  (cost=61283.27..61283.27 rows=2528527 width=4) (actual time=5118.210..5118.210 rows=2528312 loops=1)
                    Buckets: 131072  Batches: 64  Memory Usage: 2415kB
                    ->  Seq Scan on title t  (cost=0.00..61283.27 rows=2528527 width=4) (actual time=0.014..3947.184 rows=2528312 loops=1)
Planning time: 20.297 ms
Execution time: 14605.738 ms
