Seq Scan on movie_companies mc  (cost=0.00..51404.11 rows=1470067 width=0) (actual time=0.027..789.329 rows=1473737 loops=1)
  Filter: (company_id > 8416)
  Rows Removed by Filter: 1135392
Planning time: 0.337 ms
Execution time: 975.590 ms
