Seq Scan on movie_keyword mk  (cost=0.00..81003.12 rows=1176316 width=0) (actual time=0.022..1349.634 rows=1179941 loops=1)
  Filter: (keyword_id < 1398)
  Rows Removed by Filter: 3343989
Planning time: 0.325 ms
Execution time: 1502.468 ms
