Seq Scan on movie_keyword mk  (cost=0.00..81003.12 rows=246 width=0) (actual time=1.716..1082.049 rows=592 loops=1)
  Filter: (keyword_id = 1589)
  Rows Removed by Filter: 4523338
Planning time: 0.357 ms
Execution time: 1082.327 ms
