Hash Join  (cost=101105.71..187820.36 rows=5661 width=0) (actual time=1438.418..3118.460 rows=6569 loops=1)
  Hash Cond: (mk.movie_id = t.id)
  ->  Seq Scan on movie_keyword mk  (cost=0.00..69693.30 rows=4523930 width=4) (actual time=0.014..848.576 rows=4523930 loops=1)
  ->  Hash  (cost=101066.16..101066.16 rows=3164 width=8) (actual time=1438.129..1438.129 rows=1488 loops=1)
        Buckets: 4096  Batches: 1  Memory Usage: 91kB
        ->  Hash Join  (cost=74146.12..101066.16 rows=3164 width=8) (actual time=934.184..1437.368 rows=1488 loops=1)
              Hash Cond: (mi_idx.movie_id = t.id)
              ->  Seq Scan on movie_info_idx mi_idx  (cost=0.00..25185.44 rows=454124 width=4) (actual time=0.023..396.450 rows=459925 loops=1)
                    Filter: (info_type_id = 100)
                    Rows Removed by Filter: 920110
              ->  Hash  (cost=73925.90..73925.90 rows=17617 width=4) (actual time=933.720..933.720 rows=22021 loops=1)
                    Buckets: 32768  Batches: 1  Memory Usage: 1031kB
                    ->  Seq Scan on title t  (cost=0.00..73925.90 rows=17617 width=4) (actual time=0.034..925.165 rows=22021 loops=1)
                          Filter: ((production_year > 2012) AND (kind_id = 1))
                          Rows Removed by Filter: 2506291
Planning time: 1.279 ms
Execution time: 3119.627 ms
