Hash Join  (cost=190230.21..1044383.57 rows=1689614 width=0) (actual time=8190.776..20461.554 rows=4484438 loops=1)
  Hash Cond: (ci.movie_id = t.id)
  ->  Seq Scan on cast_info ci  (cost=0.00..796071.18 rows=3095743 width=4) (actual time=4020.563..12475.670 rows=4686242 loops=1)
        Filter: ((person_id > 2088794) AND (role_id = 2))
        Rows Removed by Filter: 31558102
  ->  Hash  (cost=167588.78..167588.78 rows=1380035 width=8) (actual time=4168.991..4168.991 rows=1380035 loops=1)
        Buckets: 131072  Batches: 32  Memory Usage: 2708kB
        ->  Hash Join  (cost=102767.86..167588.78 rows=1380035 width=8) (actual time=1875.463..3784.693 rows=1380035 loops=1)
              Hash Cond: (mi_idx.movie_id = t.id)
              ->  Seq Scan on movie_info_idx mi_idx  (cost=0.00..21735.35 rows=1380035 width=4) (actual time=0.028..460.373 rows=1380035 loops=1)
              ->  Hash  (cost=61283.27..61283.27 rows=2528527 width=4) (actual time=1874.659..1874.659 rows=2528312 loops=1)
                    Buckets: 131072  Batches: 64  Memory Usage: 2415kB
                    ->  Seq Scan on title t  (cost=0.00..61283.27 rows=2528527 width=4) (actual time=0.014..1025.788 rows=2528312 loops=1)
Planning time: 0.793 ms
Execution time: 20987.857 ms
