Hash Join  (cost=74617.32..872989.37 rows=12682 width=0) (actual time=5957.452..14007.297 rows=11120 loops=1)
  Hash Cond: (ci.movie_id = t.id)
  ->  Seq Scan on cast_info ci  (cost=0.00..796071.18 rows=579747 width=4) (actual time=5030.827..13006.718 rows=248867 loops=1)
        Filter: ((person_id < 2387911) AND (role_id = 5))
        Rows Removed by Filter: 35995477
  ->  Hash  (cost=73925.90..73925.90 rows=55313 width=4) (actual time=926.121..926.121 rows=49075 loops=1)
        Buckets: 65536  Batches: 1  Memory Usage: 2238kB
        ->  Seq Scan on title t  (cost=0.00..73925.90 rows=55313 width=4) (actual time=0.030..906.150 rows=49075 loops=1)
              Filter: ((kind_id < 7) AND (production_year = 2010))
              Rows Removed by Filter: 2479237
Planning time: 0.639 ms
Execution time: 14009.228 ms
