Hash Join  (cost=327020.00..1048653.71 rows=19210598 width=0) (actual time=7192.930..60195.979 rows=179892407 loops=1)
  Hash Cond: (mi.movie_id = t.id)
  ->  Seq Scan on movie_info mi  (cost=0.00..309384.22 rows=14739122 width=4) (actual time=0.022..5542.464 rows=14835720 loops=1)
  ->  Hash  (cost=272950.78..272950.78 rows=3295618 width=8) (actual time=7190.961..7190.961 rows=3288574 loops=1)
        Buckets: 131072  Batches: 64  Memory Usage: 3135kB
        ->  Hash Join  (cost=102767.86..272950.78 rows=3295618 width=8) (actual time=1743.264..6201.981 rows=3288574 loops=1)
              Hash Cond: (mk.movie_id = t.id)
              ->  Seq Scan on movie_keyword mk  (cost=0.00..81003.12 rows=3295618 width=4) (actual time=0.023..1615.799 rows=3288574 loops=1)
                    Filter: (keyword_id > 1570)
                    Rows Removed by Filter: 1235356
              ->  Hash  (cost=61283.27..61283.27 rows=2528527 width=4) (actual time=1742.041..1742.041 rows=2528312 loops=1)
                    Buckets: 131072  Batches: 64  Memory Usage: 2425kB
                    ->  Seq Scan on title t  (cost=0.00..61283.27 rows=2528527 width=4) (actual time=0.024..864.678 rows=2528312 loops=1)
Planning time: 1.136 ms
Execution time: 78784.022 ms
