Seq Scan on movie_keyword mk  (cost=0.00..81003.12 rows=1828820 width=0) (actual time=0.021..1363.058 rows=1833196 loops=1)
  Filter: (keyword_id > 7601)
  Rows Removed by Filter: 2690734
Planning time: 0.311 ms
Execution time: 1601.980 ms
