Hash Join  (cost=73962.22..102604.68 rows=1056 width=0) (actual time=1012.610..1656.140 rows=7639 loops=1)
  Hash Cond: (mi_idx.movie_id = t.id)
  ->  Seq Scan on movie_info_idx mi_idx  (cost=0.00..25185.44 rows=919057 width=4) (actual time=0.020..471.553 rows=920110 loops=1)
        Filter: (info_type_id > 99)
        Rows Removed by Filter: 459925
  ->  Hash  (cost=73925.90..73925.90 rows=2905 width=4) (actual time=1012.500..1012.500 rows=9408 loops=1)
        Buckets: 16384 (originally 4096)  Batches: 1 (originally 1)  Memory Usage: 459kB
        ->  Seq Scan on title t  (cost=0.00..73925.90 rows=2905 width=4) (actual time=0.081..1008.049 rows=9408 loops=1)
              Filter: ((kind_id < 7) AND (production_year = 1990))
              Rows Removed by Filter: 2518904
Planning time: 0.775 ms
Execution time: 1657.527 ms
