Hash Join  (cost=68268.32..119727.89 rows=294 width=0) (actual time=933.252..1451.703 rows=1 loops=1)
  Hash Cond: (mc.movie_id = t.id)
  ->  Seq Scan on movie_companies mc  (cost=0.00..51404.11 rows=14002 width=4) (actual time=0.123..706.042 rows=12894 loops=1)
        Filter: (company_id = 34)
        Rows Removed by Filter: 2596235
  ->  Hash  (cost=67604.59..67604.59 rows=53099 width=4) (actual time=738.511..738.511 rows=51722 loops=1)
        Buckets: 65536  Batches: 1  Memory Usage: 2331kB
        ->  Seq Scan on title t  (cost=0.00..67604.59 rows=53099 width=4) (actual time=0.032..721.356 rows=51722 loops=1)
              Filter: (production_year < 1914)
              Rows Removed by Filter: 2476590
Planning time: 0.762 ms
Execution time: 1451.900 ms
