Seq Scan on cast_info ci  (cost=0.00..796071.18 rows=8656382 width=42) (actual time=9946.680..16597.419 rows=10015253 loops=1)
  Filter: ((person_id > 1017983) AND (role_id > 3))
  Rows Removed by Filter: 26229091
Planning time: 0.588 ms
Execution time: 17164.601 ms
