Hash Join  (cost=92883.59..184988.68 rows=1117809 width=0) (actual time=1586.334..3770.126 rows=530329 loops=1)
  Hash Cond: (mc.movie_id = t.id)
  ->  Seq Scan on movie_companies mc  (cost=0.00..51404.11 rows=1834378 width=4) (actual time=0.029..970.990 rows=1828615 loops=1)
        Filter: (company_id < 32654)
        Rows Removed by Filter: 780514
  ->  Hash  (cost=67604.59..67604.59 rows=1540800 width=4) (actual time=1570.150..1570.150 rows=1543264 loops=1)
        Buckets: 131072  Batches: 32  Memory Usage: 2722kB
        ->  Seq Scan on title t  (cost=0.00..67604.59 rows=1540800 width=4) (actual time=0.025..1078.477 rows=1543264 loops=1)
              Filter: (kind_id = 7)
              Rows Removed by Filter: 985048
Planning time: 0.809 ms
Execution time: 3828.701 ms
