Hash Join  (cost=75818.69..159658.38 rows=12874 width=0) (actual time=1325.769..2436.462 rows=17889 loops=1)
  Hash Cond: (mk.movie_id = t.id)
  ->  Seq Scan on movie_keyword mk  (cost=0.00..81003.12 rows=65020 width=4) (actual time=162.218..1158.447 rows=62777 loops=1)
        Filter: (keyword_id > 94029)
        Rows Removed by Filter: 4461153
  ->  Hash  (cost=67604.59..67604.59 rows=500648 width=4) (actual time=1162.668..1162.668 rows=494029 loops=1)
        Buckets: 131072  Batches: 8  Memory Usage: 3195kB
        ->  Seq Scan on title t  (cost=0.00..67604.59 rows=500648 width=4) (actual time=0.035..1002.133 rows=494029 loops=1)
              Filter: (production_year < 1979)
              Rows Removed by Filter: 2034283
Planning time: 0.773 ms
Execution time: 2438.934 ms
