Seq Scan on movie_keyword mk  (cost=0.00..81003.12 rows=244805 width=0) (actual time=0.036..1249.331 rows=243382 loops=1)
  Filter: (keyword_id > 61382)
  Rows Removed by Filter: 4280548
Planning time: 0.312 ms
Execution time: 1282.543 ms
