Hash Join  (cost=102767.86..954691.86 rows=1910574 width=0) (actual time=9972.576..18130.216 rows=4896370 loops=1)
  Hash Cond: (ci.movie_id = t.id)
  ->  Seq Scan on cast_info ci  (cost=0.00..796071.18 rows=1910574 width=4) (actual time=8128.294..12249.703 rows=4896370 loops=1)
        Filter: ((person_id > 2783225) AND (role_id > 7))
        Rows Removed by Filter: 31347974
  ->  Hash  (cost=61283.27..61283.27 rows=2528527 width=4) (actual time=1843.252..1843.252 rows=2528312 loops=1)
        Buckets: 131072  Batches: 64  Memory Usage: 2415kB
        ->  Seq Scan on title t  (cost=0.00..61283.27 rows=2528527 width=4) (actual time=0.021..1009.240 rows=2528312 loops=1)
Planning time: 0.784 ms
Execution time: 18665.920 ms
