Seq Scan on movie_keyword mk  (cost=0.00..81003.12 rows=246 width=0) (actual time=7.817..1207.209 rows=15 loops=1)
  Filter: (keyword_id = 65895)
  Rows Removed by Filter: 4523915
Planning time: 0.341 ms
Execution time: 1207.310 ms
