Seq Scan on cast_info ci  (cost=0.00..796071.18 rows=6945393 width=0) (actual time=3991.699..15043.238 rows=7451973 loops=1)
  Filter: ((person_id < 3708588) AND (role_id = 2))
  Rows Removed by Filter: 28792371
Planning time: 0.385 ms
Execution time: 15979.544 ms
