Hash Join  (cost=84197.31..454052.95 rows=505614 width=0) (actual time=1886.688..7529.787 rows=434035 loops=1)
  Hash Cond: (mi.movie_id = t.id)
  ->  Seq Scan on movie_info mi  (cost=0.00..346232.03 rows=1264125 width=4) (actual time=387.227..5066.680 rows=1288928 loops=1)
        Filter: (info_type_id = 2)
        Rows Removed by Filter: 13546792
  ->  Hash  (cost=67604.59..67604.59 rows=1011338 width=4) (actual time=1498.525..1498.525 rows=1012920 loops=1)
        Buckets: 131072  Batches: 16  Memory Usage: 3256kB
        ->  Seq Scan on title t  (cost=0.00..67604.59 rows=1011338 width=4) (actual time=0.025..1163.816 rows=1012920 loops=1)
              Filter: (production_year > 2005)
              Rows Removed by Filter: 1515392
Planning time: 2.346 ms
Execution time: 7583.151 ms
