Hash Join  (cost=187031.69..1041949.06 rows=1224798 width=0) (actual time=6512.741..22301.721 rows=10558018 loops=1)
  Hash Cond: (ci.movie_id = t.id)
  ->  Seq Scan on cast_info ci  (cost=0.00..796071.18 rows=3750991 width=4) (actual time=1958.284..11803.678 rows=5814451 loops=1)
        Filter: ((person_id > 3062752) AND (role_id > 1))
        Rows Removed by Filter: 30429893
  ->  Hash  (cost=173485.30..173485.30 rows=825631 width=8) (actual time=4552.984..4552.984 rows=1331765 loops=1)
        Buckets: 131072 (originally 131072)  Batches: 32 (originally 16)  Memory Usage: 3073kB
        ->  Hash Join  (cost=87053.47..173485.30 rows=825631 width=8) (actual time=1456.552..4141.545 rows=1331765 loops=1)
              Hash Cond: (mc.movie_id = t.id)
              ->  Seq Scan on movie_companies mc  (cost=0.00..44881.29 rows=2609129 width=4) (actual time=0.010..846.596 rows=2609129 loops=1)
              ->  Hash  (cost=73925.90..73925.90 rows=800125 width=4) (actual time=1455.556..1455.556 rows=713741 loops=1)
                    Buckets: 131072  Batches: 16  Memory Usage: 2592kB
                    ->  Seq Scan on title t  (cost=0.00..73925.90 rows=800125 width=4) (actual time=0.027..1207.538 rows=713741 loops=1)
                          Filter: ((kind_id < 7) AND (production_year > 1972))
                          Rows Removed by Filter: 1814571
Planning time: 1.199 ms
Execution time: 23536.258 ms
