Seq Scan on movie_keyword mk  (cost=0.00..81003.12 rows=1320127 width=0) (actual time=0.022..1315.000 rows=1330471 loops=1)
  Filter: (keyword_id < 1739)
  Rows Removed by Filter: 3193459
Planning time: 0.353 ms
Execution time: 1485.191 ms
