Seq Scan on movie_companies mc  (cost=0.00..57926.93 rows=53 width=0) (actual time=2.534..710.594 rows=108 loops=1)
  Filter: ((company_id = 17374) AND (company_type_id = 2))
  Rows Removed by Filter: 2609021
Planning time: 0.387 ms
Execution time: 710.707 ms
