Hash Join  (cost=73702.75..1162209.50 rows=5325158 width=0) (actual time=4036.706..75900.851 rows=3986678 loops=1)
  Hash Cond: (ci.movie_id = t.id)
  ->  Seq Scan on cast_info ci  (cost=0.00..614943.12 rows=36225612 width=4) (actual time=0.024..46750.845 rows=36244344 loops=1)
  ->  Hash  (cost=67604.59..67604.59 rows=371693 width=4) (actual time=4035.669..4035.669 rows=366430 loops=1)
        Buckets: 131072  Batches: 8  Memory Usage: 2627kB
        ->  Seq Scan on title t  (cost=0.00..67604.59 rows=371693 width=4) (actual time=0.029..3445.049 rows=366430 loops=1)
              Filter: (production_year < 1970)
              Rows Removed by Filter: 2161882
Planning time: 0.756 ms
Execution time: 76491.111 ms
