Hash Join  (cost=102767.86..232160.98 rows=1600492 width=0) (actual time=1834.681..4877.586 rows=1613576 loops=1)
  Hash Cond: (mk.movie_id = t.id)
  ->  Seq Scan on movie_keyword mk  (cost=0.00..81003.12 rows=1600492 width=4) (actual time=0.023..1406.031 rows=1613576 loops=1)
        Filter: (keyword_id > 9390)
        Rows Removed by Filter: 2910354
  ->  Hash  (cost=61283.27..61283.27 rows=2528527 width=4) (actual time=1833.714..1833.714 rows=2528312 loops=1)
        Buckets: 131072  Batches: 64  Memory Usage: 2425kB
        ->  Seq Scan on title t  (cost=0.00..61283.27 rows=2528527 width=4) (actual time=0.015..953.802 rows=2528312 loops=1)
Planning time: 0.695 ms
Execution time: 5069.338 ms
