Seq Scan on movie_keyword mk  (cost=0.00..81003.12 rows=1360407 width=0) (actual time=0.019..1269.690 rows=1375090 loops=1)
  Filter: (keyword_id > 12140)
  Rows Removed by Filter: 3148840
Planning time: 0.300 ms
Execution time: 1445.675 ms
