Seq Scan on movie_keyword mk  (cost=0.00..81003.12 rows=3064956 width=0) (actual time=0.019..1368.931 rows=3054575 loops=1)
  Filter: (keyword_id < 11224)
  Rows Removed by Filter: 1469355
Planning time: 0.352 ms
Execution time: 1772.207 ms
