Seq Scan on cast_info ci  (cost=0.00..796071.18 rows=176 width=0) (actual time=11050.292..12572.307 rows=908 loops=1)
  Filter: ((role_id < 2) AND (person_id = 1550560))
  Rows Removed by Filter: 36243436
Planning time: 0.422 ms
Execution time: 12572.564 ms
