Seq Scan on movie_keyword mk  (cost=0.00..81003.12 rows=246 width=0) (actual time=4.523..1158.274 rows=1149 loops=1)
  Filter: (keyword_id = 2906)
  Rows Removed by Filter: 4522781
Planning time: 0.346 ms
Execution time: 1158.648 ms
