Hash Join  (cost=1369709.53..2742263.79 rows=66401131 width=0) (actual time=39019.247..111470.527 rows=220229976 loops=1)
  Hash Cond: (mi.movie_id = t.id)
  ->  Seq Scan on movie_info mi  (cost=0.00..309384.22 rows=14739122 width=4) (actual time=0.011..5546.147 rows=14835720 loops=1)
  ->  Hash  (cost=1182820.88..1182820.88 rows=11391252 width=8) (actual time=39011.962..39011.962 rows=17683148 loops=1)
        Buckets: 131072  Batches: 256  Memory Usage: 3769kB
        ->  Hash Join  (cost=102767.86..1182820.88 rows=11391252 width=8) (actual time=2138.772..33646.511 rows=17683148 loops=1)
              Hash Cond: (ci.movie_id = t.id)
              ->  Seq Scan on cast_info ci  (cost=0.00..796071.18 rows=11391252 width=4) (actual time=0.026..14878.886 rows=17683148 loops=1)
                    Filter: ((person_id > 1847248) AND (role_id > 1))
                    Rows Removed by Filter: 18561196
              ->  Hash  (cost=61283.27..61283.27 rows=2528527 width=4) (actual time=2137.772..2137.772 rows=2528312 loops=1)
                    Buckets: 131072  Batches: 64  Memory Usage: 2415kB
                    ->  Seq Scan on title t  (cost=0.00..61283.27 rows=2528527 width=4) (actual time=0.019..1016.462 rows=2528312 loops=1)
Planning time: 1.180 ms
Execution time: 134407.362 ms
