Hash Join  (cost=151816.94..1201267.18 rows=1523107 width=0) (actual time=2999.209..29841.119 rows=2814149 loops=1)
  Hash Cond: (ci.movie_id = t.id)
  ->  Seq Scan on cast_info ci  (cost=0.00..614943.12 rows=36225612 width=4) (actual time=0.014..11854.828 rows=36244344 loops=1)
  ->  Hash  (cost=150072.04..150072.04 rows=106312 width=8) (actual time=2998.442..2998.442 rows=104743 loops=1)
        Buckets: 131072  Batches: 2  Memory Usage: 3074kB
        ->  Hash Join  (cost=83462.78..150072.04 rows=106312 width=8) (actual time=1454.165..2961.074 rows=104743 loops=1)
              Hash Cond: (mc.movie_id = t.id)
              ->  Seq Scan on movie_companies mc  (cost=0.00..57926.93 rows=462456 width=4) (actual time=0.032..958.994 rows=786966 loops=1)
                    Filter: ((company_id > 20392) AND (company_type_id > 1))
                    Rows Removed by Filter: 1822163
              ->  Hash  (cost=73925.90..73925.90 rows=581270 width=4) (actual time=1452.997..1452.997 rows=602533 loops=1)
                    Buckets: 131072  Batches: 8  Memory Usage: 3669kB
                    ->  Seq Scan on title t  (cost=0.00..73925.90 rows=581270 width=4) (actual time=0.018..1259.800 rows=602533 loops=1)
                          Filter: ((kind_id > 1) AND (production_year > 2007))
                          Rows Removed by Filter: 1925779
Planning time: 1.140 ms
Execution time: 30186.690 ms
