Hash Join  (cost=74664.04..101896.81 rows=32229 width=0) (actual time=1398.206..1706.789 rows=77898 loops=1)
  Hash Cond: (mi_idx.movie_id = t.id)
  ->  Seq Scan on movie_info_idx mi_idx  (cost=0.00..21735.35 rows=1380035 width=4) (actual time=0.019..240.936 rows=1380035 loops=1)
  ->  Hash  (cost=73925.90..73925.90 rows=59051 width=4) (actual time=1101.904..1101.904 rows=60945 loops=1)
        Buckets: 65536  Batches: 1  Memory Usage: 2655kB
        ->  Seq Scan on title t  (cost=0.00..73925.90 rows=59051 width=4) (actual time=272.871..1077.461 rows=60945 loops=1)
              Filter: ((production_year > 1994) AND (kind_id = 2))
              Rows Removed by Filter: 2467367
Planning time: 0.748 ms
Execution time: 1717.435 ms
