Hash Join  (cost=94699.36..846070.04 rows=58152 width=0) (actual time=1554.723..16659.913 rows=170347 loops=1)
  Hash Cond: (ci.movie_id = t.id)
  ->  Seq Scan on cast_info ci  (cost=0.00..614943.12 rows=36225612 width=4) (actual time=0.021..7555.589 rows=36244344 loops=1)
  ->  Hash  (cost=94648.62..94648.62 rows=4059 width=8) (actual time=1554.641..1554.641 rows=7295 loops=1)
        Buckets: 8192 (originally 4096)  Batches: 1 (originally 1)  Memory Usage: 349kB
        ->  Hash Join  (cost=67697.55..94648.62 rows=4059 width=8) (actual time=971.870..1551.774 rows=7295 loops=1)
              Hash Cond: (mi_idx.movie_id = t.id)
              ->  Seq Scan on movie_info_idx mi_idx  (cost=0.00..21735.35 rows=1380035 width=4) (actual time=0.018..280.347 rows=1380035 loops=1)
              ->  Hash  (cost=67604.59..67604.59 rows=7437 width=4) (actual time=971.642..971.642 rows=11153 loops=1)
                    Buckets: 16384 (originally 8192)  Batches: 1 (originally 1)  Memory Usage: 521kB
                    ->  Seq Scan on title t  (cost=0.00..67604.59 rows=7437 width=4) (actual time=0.135..966.060 rows=11153 loops=1)
                          Filter: (production_year = 1963)
                          Rows Removed by Filter: 2517159
Planning time: 1.115 ms
Execution time: 16685.448 ms
