Hash Join  (cost=94699.36..463078.77 rows=9440 width=0) (actual time=1705.901..7360.600 rows=2055 loops=1)
  Hash Cond: (mi.movie_id = t.id)
  ->  Seq Scan on movie_info mi  (cost=0.00..346232.03 rows=5880796 width=4) (actual time=0.021..4843.336 rows=5869026 loops=1)
        Filter: (info_type_id > 13)
        Rows Removed by Filter: 8966694
  ->  Hash  (cost=94648.62..94648.62 rows=4059 width=8) (actual time=1679.483..1679.483 rows=663 loops=1)
        Buckets: 4096  Batches: 1  Memory Usage: 58kB
        ->  Hash Join  (cost=67697.55..94648.62 rows=4059 width=8) (actual time=1177.261..1679.065 rows=663 loops=1)
              Hash Cond: (mi_idx.movie_id = t.id)
              ->  Seq Scan on movie_info_idx mi_idx  (cost=0.00..21735.35 rows=1380035 width=4) (actual time=0.012..310.407 rows=1380035 loops=1)
              ->  Hash  (cost=67604.59..67604.59 rows=7437 width=4) (actual time=1080.613..1080.613 rows=8902 loops=1)
                    Buckets: 16384 (originally 8192)  Batches: 1 (originally 1)  Memory Usage: 441kB
                    ->  Seq Scan on title t  (cost=0.00..67604.59 rows=7437 width=4) (actual time=190.036..1076.579 rows=8902 loops=1)
                          Filter: (production_year = 1913)
                          Rows Removed by Filter: 2519410
Planning time: 1.779 ms
Execution time: 7361.161 ms
