Hash Join  (cost=133851.25..220635.52 rows=12624 width=0) (actual time=2201.481..3493.654 rows=5465 loops=1)
  Hash Cond: (mk.movie_id = t.id)
  ->  Seq Scan on movie_keyword mk  (cost=0.00..69693.30 rows=4523930 width=4) (actual time=0.021..780.866 rows=4523930 loops=1)
  ->  Hash  (cost=133763.05..133763.05 rows=7056 width=8) (actual time=1951.393..1951.393 rows=1888 loops=1)
        Buckets: 8192  Batches: 1  Memory Usage: 138kB
        ->  Hash Join  (cost=74747.02..133763.05 rows=7056 width=8) (actual time=1365.850..1950.475 rows=1888 loops=1)
              Hash Cond: (mc.movie_id = t.id)
              ->  Seq Scan on movie_companies mc  (cost=0.00..57926.93 rows=271609 width=4) (actual time=224.424..763.554 rows=140718 loops=1)
                    Filter: ((company_id < 513) AND (company_type_id = 2))
                    Rows Removed by Filter: 2468411
              ->  Hash  (cost=73925.90..73925.90 rows=65689 width=4) (actual time=1140.528..1140.528 rows=74524 loops=1)
                    Buckets: 131072  Batches: 1  Memory Usage: 3644kB
                    ->  Seq Scan on title t  (cost=0.00..73925.90 rows=65689 width=4) (actual time=0.029..1109.722 rows=74524 loops=1)
                          Filter: ((kind_id = 7) AND (production_year = 2006))
                          Rows Removed by Filter: 2453788
Planning time: 1.097 ms
Execution time: 3494.670 ms
