Hash Join  (cost=153681.68..648367.47 rows=1394486 width=0) (actual time=2996.513..15661.788 rows=2561251 loops=1)
  Hash Cond: (mi.movie_id = t.id)
  ->  Seq Scan on movie_info mi  (cost=0.00..309384.22 rows=14739122 width=4) (actual time=0.014..5426.589 rows=14835720 loops=1)
  ->  Hash  (cost=149756.34..149756.34 rows=239227 width=8) (actual time=2995.691..2995.691 rows=168163 loops=1)
        Buckets: 131072  Batches: 4  Memory Usage: 2689kB
        ->  Hash Join  (cost=71408.55..149756.34 rows=239227 width=8) (actual time=1046.537..2941.739 rows=168163 loops=1)
              Hash Cond: (mc.movie_id = t.id)
              ->  Seq Scan on movie_companies mc  (cost=0.00..44881.29 rows=2609129 width=4) (actual time=0.012..782.506 rows=2609129 loops=1)
              ->  Hash  (cost=67604.59..67604.59 rows=231837 width=4) (actual time=1045.689..1045.689 rows=231649 loops=1)
                    Buckets: 131072  Batches: 4  Memory Usage: 3076kB
                    ->  Seq Scan on title t  (cost=0.00..67604.59 rows=231837 width=4) (actual time=0.015..967.585 rows=231649 loops=1)
                          Filter: (production_year > 2011)
                          Rows Removed by Filter: 2296663
Planning time: 0.848 ms
Execution time: 15901.753 ms
