Hash Join  (cost=436313.06..491751.38 rows=77281 width=0) (actual time=21908.920..27736.605 rows=2716195 loops=1)
  Hash Cond: (mc.movie_id = t.id)
  ->  Seq Scan on movie_companies mc  (cost=0.00..44881.29 rows=2609129 width=4) (actual time=0.012..3050.590 rows=2609129 loops=1)
  ->  Hash  (cost=435376.90..435376.90 rows=74893 width=8) (actual time=21908.030..21908.030 rows=210561 loops=1)
        Buckets: 131072 (originally 131072)  Batches: 4 (originally 1)  Memory Usage: 3131kB
        ->  Hash Join  (cost=82033.88..435376.90 rows=74893 width=8) (actual time=8265.083..21832.302 rows=210561 loops=1)
              Hash Cond: (mi.movie_id = t.id)
              ->  Seq Scan on movie_info mi  (cost=0.00..346232.03 rows=383217 width=4) (actual time=3690.092..16421.689 rows=368218 loops=1)
                    Filter: (info_type_id = 17)
                    Rows Removed by Filter: 14467502
              ->  Hash  (cost=73925.90..73925.90 rows=494158 width=4) (actual time=4392.999..4392.999 rows=581419 loops=1)
                    Buckets: 131072  Batches: 8  Memory Usage: 3601kB
                    ->  Seq Scan on title t  (cost=0.00..73925.90 rows=494158 width=4) (actual time=0.047..4159.267 rows=581419 loops=1)
                          Filter: ((kind_id < 7) AND (production_year < 2004))
                          Rows Removed by Filter: 1946893
Planning time: 1.059 ms
Execution time: 28092.601 ms
