Hash Join  (cost=102767.86..1022176.71 rows=4715180 width=0) (actual time=2486.486..18017.990 rows=5632683 loops=1)
  Hash Cond: (ci.movie_id = t.id)
  ->  Seq Scan on cast_info ci  (cost=0.00..796071.18 rows=4715180 width=4) (actual time=748.142..11532.122 rows=5632683 loops=1)
        Filter: ((person_id < 681560) AND (role_id < 4))
        Rows Removed by Filter: 30611661
  ->  Hash  (cost=61283.27..61283.27 rows=2528527 width=4) (actual time=1737.093..1737.093 rows=2528312 loops=1)
        Buckets: 131072  Batches: 64  Memory Usage: 2415kB
        ->  Seq Scan on title t  (cost=0.00..61283.27 rows=2528527 width=4) (actual time=0.031..869.625 rows=2528312 loops=1)
Planning time: 0.654 ms
Execution time: 18641.643 ms
