Nested Loop  (cost=0.43..83072.29 rows=38 width=0) (actual time=154.306..1240.728 rows=25 loops=1)
  ->  Seq Scan on movie_keyword mk  (cost=0.00..81003.12 rows=246 width=4) (actual time=1.163..1184.739 rows=1010 loops=1)
        Filter: (keyword_id = 21181)
        Rows Removed by Filter: 4522920
  ->  Index Scan using title_pkey on title t  (cost=0.43..8.40 rows=1 width=4) (actual time=0.054..0.054 rows=0 loops=1010)
        Index Cond: (id = mk.movie_id)
        Filter: (production_year > 2010)
        Rows Removed by Filter: 1
Planning time: 1.597 ms
Execution time: 1240.852 ms
