Hash Join  (cost=475936.34..1633170.61 rows=6236333 width=0) (actual time=7772.782..38727.483 rows=3052360 loops=1)
  Hash Cond: (ci.movie_id = t.id)
  ->  Seq Scan on cast_info ci  (cost=0.00..705507.15 rows=33515663 width=4) (actual time=0.023..15075.603 rows=33489814 loops=1)
        Filter: (person_id < 3536939)
        Rows Removed by Filter: 2754530
  ->  Hash  (cost=468217.22..468217.22 rows=470489 width=8) (actual time=7771.369..7771.369 rows=259744 loops=1)
        Buckets: 131072  Batches: 8  Memory Usage: 2283kB
        ->  Hash Join  (cost=80287.58..468217.22 rows=470489 width=8) (actual time=4791.086..7687.431 rows=259744 loops=1)
              Hash Cond: (mi.movie_id = t.id)
              ->  Seq Scan on movie_info mi  (cost=0.00..346232.03 rows=3068194 width=4) (actual time=3620.780..5014.065 rows=3036719 loops=1)
                    Filter: (info_type_id = 16)
                    Rows Removed by Filter: 11799001
              ->  Hash  (cost=73925.90..73925.90 rows=387734 width=4) (actual time=1168.987..1168.987 rows=253604 loops=1)
                    Buckets: 131072  Batches: 8  Memory Usage: 2134kB
                    ->  Seq Scan on title t  (cost=0.00..73925.90 rows=387734 width=4) (actual time=0.069..1080.263 rows=253604 loops=1)
                          Filter: ((kind_id > 2) AND (production_year < 1983))
                          Rows Removed by Filter: 2274708
Planning time: 1.216 ms
Execution time: 39078.987 ms
