Seq Scan on cast_info ci  (cost=0.00..796071.18 rows=11555610 width=0) (actual time=0.020..15381.725 rows=10151459 loops=1)
  Filter: ((person_id < 3676164) AND (role_id > 3))
  Rows Removed by Filter: 26092885
Planning time: 0.382 ms
Execution time: 16637.269 ms
