Hash Join  (cost=100903.17..187570.76 rows=955 width=0) (actual time=1630.056..3206.920 rows=1205 loops=1)
  Hash Cond: (mk.movie_id = t.id)
  ->  Seq Scan on movie_keyword mk  (cost=0.00..69693.30 rows=4523930 width=4) (actual time=0.011..895.058 rows=4523930 loops=1)
  ->  Hash  (cost=100896.50..100896.50 rows=534 width=8) (actual time=1518.723..1518.723 rows=201 loops=1)
        Buckets: 1024  Batches: 1  Memory Usage: 16kB
        ->  Hash Join  (cost=73962.22..100896.50 rows=534 width=8) (actual time=942.987..1518.577 rows=201 loops=1)
              Hash Cond: (mi_idx.movie_id = t.id)
              ->  Seq Scan on movie_info_idx mi_idx  (cost=0.00..25185.44 rows=464934 width=4) (actual time=0.023..490.527 rows=460185 loops=1)
                    Filter: (info_type_id > 100)
                    Rows Removed by Filter: 919850
              ->  Hash  (cost=73925.90..73925.90 rows=2905 width=4) (actual time=942.496..942.496 rows=3613 loops=1)
                    Buckets: 4096  Batches: 1  Memory Usage: 160kB
                    ->  Seq Scan on title t  (cost=0.00..73925.90 rows=2905 width=4) (actual time=0.132..940.890 rows=3613 loops=1)
                          Filter: ((kind_id < 7) AND (production_year = 1919))
                          Rows Removed by Filter: 2524699
Planning time: 1.166 ms
Execution time: 3207.296 ms
