Seq Scan on cast_info ci  (cost=0.00..705507.15 rows=500 width=0) (actual time=2359.593..9470.758 rows=150 loops=1)
  Filter: (person_id = 2085063)
  Rows Removed by Filter: 36244194
Planning time: 0.339 ms
Execution time: 9470.872 ms
