Hash Join  (cost=221116.44..672645.63 rows=1903691 width=0) (actual time=5180.918..21377.624 rows=35523026 loops=1)
  Hash Cond: (mi.movie_id = t.id)
  ->  Seq Scan on movie_info mi  (cost=0.00..346232.03 rows=7235534 width=4) (actual time=0.017..5564.104 rows=7286865 loops=1)
        Filter: (info_type_id < 8)
        Rows Removed by Filter: 7548855
  ->  Hash  (cost=210201.65..210201.65 rows=665263 width=8) (actual time=5035.185..5035.185 rows=1935233 loops=1)
        Buckets: 131072 (originally 131072)  Batches: 32 (originally 16)  Memory Usage: 3462kB
        ->  Hash Join  (cost=82257.13..210201.65 rows=665263 width=8) (actual time=1260.240..4543.997 rows=1935233 loops=1)
              Hash Cond: (mk.movie_id = t.id)
              ->  Seq Scan on movie_keyword mk  (cost=0.00..81003.12 rows=3312738 width=4) (actual time=0.014..1505.317 rows=3310373 loops=1)
                    Filter: (keyword_id > 1527)
                    Rows Removed by Filter: 1213557
              ->  Hash  (cost=73925.90..73925.90 rows=507778 width=4) (actual time=1259.305..1259.305 rows=524129 loops=1)
                    Buckets: 131072  Batches: 8  Memory Usage: 3348kB
                    ->  Seq Scan on title t  (cost=0.00..73925.90 rows=507778 width=4) (actual time=0.017..1093.676 rows=524129 loops=1)
                          Filter: ((production_year < 2010) AND (kind_id = 1))
                          Rows Removed by Filter: 2004183
Planning time: 1.203 ms
Execution time: 24984.028 ms
