Hash Join  (cost=834301.82..3419456.75 rows=114780190 width=0) (actual time=17447.816..75456.165 rows=78780928 loops=1)
  Hash Cond: (ci.movie_id = t.id)
  ->  Seq Scan on cast_info ci  (cost=0.00..705507.15 rows=32313519 width=4) (actual time=0.020..15834.308 rows=32280600 loops=1)
        Filter: (person_id < 3332705)
        Rows Removed by Filter: 3963744
  ->  Hash  (cost=686947.71..686947.71 rows=8981529 width=8) (actual time=17445.446..17445.446 rows=3963336 loops=1)
        Buckets: 131072  Batches: 128  Memory Usage: 2196kB
        ->  Hash Join  (cost=92883.59..686947.71 rows=8981529 width=8) (actual time=1531.556..16238.082 rows=3963336 loops=1)
              Hash Cond: (mi.movie_id = t.id)
              ->  Seq Scan on movie_info mi  (cost=0.00..309384.22 rows=14739122 width=4) (actual time=0.020..5379.689 rows=14835720 loops=1)
              ->  Hash  (cost=67604.59..67604.59 rows=1540800 width=4) (actual time=1530.487..1530.487 rows=1543264 loops=1)
                    Buckets: 131072  Batches: 32  Memory Usage: 2728kB
                    ->  Seq Scan on title t  (cost=0.00..67604.59 rows=1540800 width=4) (actual time=0.015..1024.418 rows=1543264 loops=1)
                          Filter: (kind_id = 7)
                          Rows Removed by Filter: 985048
Planning time: 1.192 ms
Execution time: 84146.073 ms
