Hash Join  (cost=78556.72..147137.31 rows=149544 width=0) (actual time=1193.956..2660.586 rows=264297 loops=1)
  Hash Cond: (mc.movie_id = t.id)
  ->  Seq Scan on movie_companies mc  (cost=0.00..57926.93 rows=566455 width=4) (actual time=0.014..928.443 rows=776045 loops=1)
        Filter: ((company_id < 9014) AND (company_type_id < 2))
        Rows Removed by Filter: 1833084
  ->  Hash  (cost=67604.59..67604.59 rows=667531 width=4) (actual time=1192.861..1192.861 rows=662825 loops=1)
        Buckets: 131072  Batches: 16  Memory Usage: 2476kB
        ->  Seq Scan on title t  (cost=0.00..67604.59 rows=667531 width=4) (actual time=0.022..991.527 rows=662825 loops=1)
              Filter: (kind_id = 1)
              Rows Removed by Filter: 1865487
Planning time: 0.789 ms
Execution time: 2692.545 ms
