Hash Join  (cost=100894.78..155573.58 rows=1327 width=0) (actual time=1493.290..2549.318 rows=10929 loops=1)
  Hash Cond: (mc.movie_id = t.id)
  ->  Seq Scan on movie_companies mc  (cost=0.00..44881.29 rows=2609129 width=4) (actual time=0.018..546.691 rows=2609129 loops=1)
  ->  Hash  (cost=100878.71..100878.71 rows=1286 width=8) (actual time=1491.533..1491.533 rows=4080 loops=1)
        Buckets: 4096 (originally 2048)  Batches: 1 (originally 1)  Memory Usage: 192kB
        ->  Hash Join  (cost=73955.37..100878.71 rows=1286 width=8) (actual time=973.789..1489.785 rows=4080 loops=1)
              Hash Cond: (mi_idx.movie_id = t.id)
              ->  Seq Scan on movie_info_idx mi_idx  (cost=0.00..21735.35 rows=1380035 width=4) (actual time=0.012..274.952 rows=1380035 loops=1)
              ->  Hash  (cost=73925.90..73925.90 rows=2357 width=4) (actual time=929.825..929.825 rows=2995 loops=1)
                    Buckets: 4096  Batches: 1  Memory Usage: 138kB
                    ->  Seq Scan on title t  (cost=0.00..73925.90 rows=2357 width=4) (actual time=499.106..928.462 rows=2995 loops=1)
                          Filter: ((kind_id = 3) AND (production_year = 2001))
                          Rows Removed by Filter: 2525317
Planning time: 1.114 ms
Execution time: 2551.016 ms
