Seq Scan on movie_companies mc  (cost=0.00..57926.93 rows=970986 width=0) (actual time=0.024..1032.640 rows=1260237 loops=1)
  Filter: ((company_id < 58833) AND (company_type_id = 1))
  Rows Removed by Filter: 1348892
Planning time: 0.367 ms
Execution time: 1193.684 ms
