Hash Join  (cost=100915.24..187588.06 rows=1478 width=0) (actual time=2473.085..3122.444 rows=1872 loops=1)
  Hash Cond: (mk.movie_id = t.id)
  ->  Seq Scan on movie_keyword mk  (cost=0.00..69693.30 rows=4523930 width=4) (actual time=0.014..821.098 rows=4523930 loops=1)
  ->  Hash  (cost=100904.92..100904.92 rows=826 width=8) (actual time=1515.137..1515.137 rows=479 loops=1)
        Buckets: 1024  Batches: 1  Memory Usage: 27kB
        ->  Hash Join  (cost=73982.55..100904.92 rows=826 width=8) (actual time=1293.730..1514.876 rows=479 loops=1)
              Hash Cond: (mi_idx.movie_id = t.id)
              ->  Seq Scan on movie_info_idx mi_idx  (cost=0.00..25185.44 rows=460978 width=4) (actual time=0.016..420.585 rows=459925 loops=1)
                    Filter: (info_type_id = 99)
                    Rows Removed by Filter: 920110
              ->  Hash  (cost=73925.90..73925.90 rows=4532 width=4) (actual time=1006.715..1006.715 rows=5845 loops=1)
                    Buckets: 8192  Batches: 1  Memory Usage: 270kB
                    ->  Seq Scan on title t  (cost=0.00..73925.90 rows=4532 width=4) (actual time=0.176..1003.821 rows=5845 loops=1)
                          Filter: ((kind_id = 7) AND (production_year = 1957))
                          Rows Removed by Filter: 2522467
Planning time: 1.133 ms
Execution time: 3122.806 ms
