Hash Join  (cost=259657.11..911374.16 rows=14384722 width=0) (actual time=12270.263..59079.858 rows=66678695 loops=1)
  Hash Cond: (mi.movie_id = t.id)
  ->  Seq Scan on movie_info mi  (cost=0.00..309384.22 rows=14739122 width=4) (actual time=0.012..21105.259 rows=14835720 loops=1)
  ->  Hash  (cost=219170.50..219170.50 rows=2467729 width=8) (actual time=12269.236..12269.236 rows=2530916 loops=1)
        Buckets: 131072  Batches: 64  Memory Usage: 2647kB
        ->  Hash Join  (cost=106840.27..219170.50 rows=2467729 width=8) (actual time=5408.551..11396.833 rows=2530916 loops=1)
              Hash Cond: (mc.movie_id = t.id)
              ->  Seq Scan on movie_companies mc  (cost=0.00..44881.29 rows=2609129 width=4) (actual time=0.023..3133.091 rows=2609129 loops=1)
              ->  Hash  (cost=67604.59..67604.59 rows=2391495 width=4) (actual time=5407.601..5407.601 rows=2388876 loops=1)
                    Buckets: 131072  Batches: 32  Memory Usage: 3646kB
                    ->  Seq Scan on title t  (cost=0.00..67604.59 rows=2391495 width=4) (actual time=0.016..4400.303 rows=2388876 loops=1)
                          Filter: (production_year < 2013)
                          Rows Removed by Filter: 139436
Planning time: 1.067 ms
Execution time: 66956.665 ms
