Hash Join  (cost=102767.86..276886.95 rows=3459198 width=0) (actual time=1768.675..6118.888 rows=3449143 loops=1)
  Hash Cond: (mk.movie_id = t.id)
  ->  Seq Scan on movie_keyword mk  (cost=0.00..81003.12 rows=3459198 width=4) (actual time=0.008..1633.507 rows=3449143 loops=1)
        Filter: (keyword_id < 16441)
        Rows Removed by Filter: 1074787
  ->  Hash  (cost=61283.27..61283.27 rows=2528527 width=4) (actual time=1766.817..1766.817 rows=2528312 loops=1)
        Buckets: 131072  Batches: 64  Memory Usage: 2425kB
        ->  Seq Scan on title t  (cost=0.00..61283.27 rows=2528527 width=4) (actual time=0.013..905.444 rows=2528312 loops=1)
Planning time: 0.976 ms
Execution time: 6474.912 ms
