Hash Join  (cost=102767.86..301470.36 rows=4480823 width=0) (actual time=1833.303..7255.847 rows=4484129 loops=1)
  Hash Cond: (mk.movie_id = t.id)
  ->  Seq Scan on movie_keyword mk  (cost=0.00..81003.12 rows=4480823 width=4) (actual time=0.019..1806.206 rows=4484129 loops=1)
        Filter: (keyword_id < 104716)
        Rows Removed by Filter: 39801
  ->  Hash  (cost=61283.27..61283.27 rows=2528527 width=4) (actual time=1831.520..1831.520 rows=2528312 loops=1)
        Buckets: 131072  Batches: 64  Memory Usage: 2425kB
        ->  Seq Scan on title t  (cost=0.00..61283.27 rows=2528527 width=4) (actual time=0.019..973.061 rows=2528312 loops=1)
Planning time: 0.682 ms
Execution time: 7744.662 ms
