Hash Join  (cost=365418.15..1931669.69 rows=43779671 width=0) (actual time=8604.088..71283.998 rows=143788908 loops=1)
  Hash Cond: (ci.movie_id = t.id)
  ->  Seq Scan on cast_info ci  (cost=0.00..705507.15 rows=24469450 width=4) (actual time=0.015..14125.848 rows=24422785 loops=1)
        Filter: (person_id < 2508148)
        Rows Removed by Filter: 11821559
  ->  Hash  (cost=291197.02..291197.02 rows=4523930 width=8) (actual time=8603.077..8603.077 rows=4523930 loops=1)
        Buckets: 131072  Batches: 64  Memory Usage: 3816kB
        ->  Hash Join  (cost=102767.86..291197.02 rows=4523930 width=8) (actual time=1831.449..6884.394 rows=4523930 loops=1)
              Hash Cond: (mk.movie_id = t.id)
              ->  Seq Scan on movie_keyword mk  (cost=0.00..69693.30 rows=4523930 width=4) (actual time=0.018..1409.961 rows=4523930 loops=1)
              ->  Hash  (cost=61283.27..61283.27 rows=2528527 width=4) (actual time=1830.765..1830.765 rows=2528312 loops=1)
                    Buckets: 131072  Batches: 64  Memory Usage: 2425kB
                    ->  Seq Scan on title t  (cost=0.00..61283.27 rows=2528527 width=4) (actual time=0.023..994.929 rows=2528312 loops=1)
Planning time: 1.114 ms
Execution time: 86701.248 ms
