Hash Join  (cost=52284.99..79196.04 rows=57 width=0) (actual time=1026.554..1364.188 rows=648 loops=1)
  Hash Cond: (mi_idx.movie_id = t.id)
  ->  Seq Scan on movie_info_idx mi_idx  (cost=0.00..21735.35 rows=1380035 width=4) (actual time=0.013..249.660 rows=1380035 loops=1)
  ->  Hash  (cost=52283.69..52283.69 rows=104 width=8) (actual time=848.108..848.108 rows=362 loops=1)
        Buckets: 1024  Batches: 1  Memory Usage: 23kB
        ->  Nested Loop  (cost=0.43..52283.69 rows=104 width=8) (actual time=74.437..847.836 rows=362 loops=1)
              ->  Seq Scan on movie_companies mc  (cost=0.00..51404.11 rows=104 width=4) (actual time=74.334..836.594 rows=362 loops=1)
                    Filter: (company_id = 11538)
                    Rows Removed by Filter: 2608767
              ->  Index Only Scan using title_pkey on title t  (cost=0.43..8.45 rows=1 width=4) (actual time=0.029..0.030 rows=1 loops=362)
                    Index Cond: (id = mc.movie_id)
                    Heap Fetches: 362
Planning time: 1.097 ms
Execution time: 1364.423 ms
