Nested Loop  (cost=0.43..709674.40 rows=15 width=0) (actual time=1086.703..9045.945 rows=156 loops=1)
  ->  Seq Scan on cast_info ci  (cost=0.00..705507.15 rows=500 width=4) (actual time=1085.006..9020.692 rows=1044 loops=1)
        Filter: (person_id = 1880658)
        Rows Removed by Filter: 36243300
  ->  Index Scan using title_pkey on title t  (cost=0.43..8.32 rows=1 width=4) (actual time=0.024..0.024 rows=0 loops=1044)
        Index Cond: (id = ci.movie_id)
        Filter: ((kind_id = 7) AND (production_year = 2008))
        Rows Removed by Filter: 1
Planning time: 1.546 ms
Execution time: 9046.135 ms
