Hash Join  (cost=74131.99..823042.75 rows=74179 width=0) (actual time=1048.935..14171.724 rows=84696 loops=1)
  Hash Cond: (ci.movie_id = t.id)
  ->  Seq Scan on cast_info ci  (cost=0.00..705507.15 rows=11376485 width=4) (actual time=0.014..10648.254 rows=11293431 loops=1)
        Filter: (person_id < 1108881)
        Rows Removed by Filter: 24950913
  ->  Hash  (cost=73925.90..73925.90 rows=16487 width=4) (actual time=1048.696..1048.696 rows=16247 loops=1)
        Buckets: 32768  Batches: 1  Memory Usage: 828kB
        ->  Seq Scan on title t  (cost=0.00..73925.90 rows=16487 width=4) (actual time=222.309..1041.626 rows=16247 loops=1)
              Filter: ((kind_id = 7) AND (production_year = 1993))
              Rows Removed by Filter: 2512065
Planning time: 0.760 ms
Execution time: 14184.472 ms
