Hash Join  (cost=796748.78..883408.25 rows=143 width=0) (actual time=13072.287..13894.017 rows=30 loops=1)
  Hash Cond: (mk.movie_id = t.id)
  ->  Seq Scan on movie_keyword mk  (cost=0.00..69693.30 rows=4523930 width=4) (actual time=0.020..885.976 rows=4523930 loops=1)
  ->  Hash  (cost=796747.78..796747.78 rows=80 width=8) (actual time=12255.158..12255.158 rows=1 loops=1)
        Buckets: 1024  Batches: 1  Memory Usage: 9kB
        ->  Nested Loop  (cost=0.43..796747.78 rows=80 width=8) (actual time=11073.874..12255.125 rows=1 loops=1)
              ->  Seq Scan on cast_info ci  (cost=0.00..796071.18 rows=80 width=4) (actual time=11073.693..12254.938 rows=1 loops=1)
                    Filter: ((role_id > 8) AND (person_id = 2975206))
                    Rows Removed by Filter: 36244343
              ->  Index Only Scan using title_pkey on title t  (cost=0.43..8.45 rows=1 width=4) (actual time=0.106..0.108 rows=1 loops=1)
                    Index Cond: (id = ci.movie_id)
                    Heap Fetches: 1
Planning time: 1.158 ms
Execution time: 13894.131 ms
