Hash Join  (cost=58375.85..85286.62 rows=29 width=0) (actual time=787.245..1300.321 rows=39 loops=1)
  Hash Cond: (mi_idx.movie_id = t.id)
  ->  Seq Scan on movie_info_idx mi_idx  (cost=0.00..21735.35 rows=1380035 width=4) (actual time=0.008..260.372 rows=1380035 loops=1)
  ->  Hash  (cost=58375.18..58375.18 rows=53 width=8) (actual time=782.716..782.716 rows=13 loops=1)
        Buckets: 1024  Batches: 1  Memory Usage: 9kB
        ->  Nested Loop  (cost=0.43..58375.18 rows=53 width=8) (actual time=366.959..782.685 rows=13 loops=1)
              ->  Seq Scan on movie_companies mc  (cost=0.00..57926.93 rows=53 width=4) (actual time=366.888..782.049 rows=13 loops=1)
                    Filter: ((company_id = 32269) AND (company_type_id = 2))
                    Rows Removed by Filter: 2609116
              ->  Index Only Scan using title_pkey on title t  (cost=0.43..8.45 rows=1 width=4) (actual time=0.042..0.043 rows=1 loops=13)
                    Index Cond: (id = mc.movie_id)
                    Heap Fetches: 13
Planning time: 1.112 ms
Execution time: 1300.471 ms
