Hash Join  (cost=426427.04..1181826.55 rows=461035 width=0) (actual time=16218.337..61549.843 rows=818553 loops=1)
  Hash Cond: (ci.movie_id = t.id)
  ->  Seq Scan on cast_info ci  (cost=0.00..614943.12 rows=36225612 width=4) (actual time=0.014..29175.349 rows=36244344 loops=1)
  ->  Hash  (cost=426024.79..426024.79 rows=32180 width=8) (actual time=16218.113..16218.113 rows=53316 loops=1)
        Buckets: 65536 (originally 32768)  Batches: 1 (originally 1)  Memory Usage: 2595kB
        ->  Hash Join  (cost=74730.49..426024.79 rows=32180 width=8) (actual time=10534.826..16190.887 rows=53316 loops=1)
              Hash Cond: (mi.movie_id = t.id)
              ->  Seq Scan on movie_info mi  (cost=0.00..346232.03 rows=1264125 width=4) (actual time=7033.263..12102.171 rows=1288928 loops=1)
                    Filter: (info_type_id = 2)
                    Rows Removed by Filter: 13546792
              ->  Hash  (cost=73925.90..73925.90 rows=64367 width=4) (actual time=3501.178..3501.178 rows=53905 loops=1)
                    Buckets: 65536  Batches: 1  Memory Usage: 2408kB
                    ->  Seq Scan on title t  (cost=0.00..73925.90 rows=64367 width=4) (actual time=0.089..3477.924 rows=53905 loops=1)
                          Filter: ((kind_id < 7) AND (production_year = 2012))
                          Rows Removed by Filter: 2474407
Planning time: 1.104 ms
Execution time: 61732.438 ms
