Hash Join  (cost=155924.05..1046346.67 rows=3504777 width=0) (actual time=11428.149..34241.732 rows=3879228 loops=1)
  Hash Cond: (ci.movie_id = t.id)
  ->  Seq Scan on cast_info ci  (cost=0.00..705507.15 rows=12726058 width=4) (actual time=3327.203..19105.534 rows=12670688 loops=1)
        Filter: (role_id = 1)
        Rows Removed by Filter: 23573656
  ->  Hash  (cost=144498.55..144498.55 rows=696360 width=8) (actual time=8099.550..8099.550 rows=382137 loops=1)
        Buckets: 131072  Batches: 16  Memory Usage: 1960kB
        ->  Hash Join  (cost=94858.47..144498.55 rows=696360 width=8) (actual time=5269.427..7976.239 rows=382137 loops=1)
              Hash Cond: (mi_idx.movie_id = t.id)
              ->  Seq Scan on movie_info_idx mi_idx  (cost=0.00..21735.35 rows=1380035 width=4) (actual time=0.026..1542.947 rows=1380035 loops=1)
              ->  Hash  (cost=73925.90..73925.90 rows=1275885 width=4) (actual time=5268.233..5268.233 rows=1357653 loops=1)
                    Buckets: 131072  Batches: 32  Memory Usage: 2519kB
                    ->  Seq Scan on title t  (cost=0.00..73925.90 rows=1275885 width=4) (actual time=0.022..4702.950 rows=1357653 loops=1)
                          Filter: ((production_year > 1969) AND (kind_id = 7))
                          Rows Removed by Filter: 1170659
Planning time: 7.242 ms
Execution time: 34684.799 ms
