Hash Join  (cost=215669.13..263796.53 rows=608192 width=0) (actual time=4773.344..6732.757 rows=2319675 loops=1)
  Hash Cond: (mi_idx.movie_id = t.id)
  ->  Seq Scan on movie_info_idx mi_idx  (cost=0.00..21735.35 rows=1380035 width=4) (actual time=0.015..415.561 rows=1380035 loops=1)
  ->  Hash  (cost=197386.85..197386.85 rows=1114342 width=8) (actual time=4772.357..4772.357 rows=1274246 loops=1)
        Buckets: 131072 (originally 131072)  Batches: 32 (originally 16)  Memory Usage: 3073kB
        ->  Hash Join  (cost=102767.86..197386.85 rows=1114342 width=8) (actual time=1710.802..4388.458 rows=1274246 loops=1)
              Hash Cond: (mc.movie_id = t.id)
              ->  Seq Scan on movie_companies mc  (cost=0.00..57926.93 rows=1114342 width=4) (actual time=0.023..1150.482 rows=1274246 loops=1)
                    Filter: ((company_id < 89415) AND (company_type_id < 2))
                    Rows Removed by Filter: 1334883
              ->  Hash  (cost=61283.27..61283.27 rows=2528527 width=4) (actual time=1709.166..1709.166 rows=2528312 loops=1)
                    Buckets: 131072  Batches: 64  Memory Usage: 2415kB
                    ->  Seq Scan on title t  (cost=0.00..61283.27 rows=2528527 width=4) (actual time=0.020..865.325 rows=2528312 loops=1)
Planning time: 1.206 ms
Execution time: 7026.974 ms
