Hash Join  (cost=131635.66..928840.46 rows=5223 width=0) (actual time=3213.772..15692.234 rows=15580 loops=1)
  Hash Cond: (ci.movie_id = t.id)
  ->  Seq Scan on cast_info ci  (cost=0.00..796071.18 rows=288369 width=4) (actual time=1079.522..13492.190 rows=291031 loops=1)
        Filter: ((person_id > 607728) AND (role_id > 10))
        Rows Removed by Filter: 35953313
  ->  Hash  (cost=131063.25..131063.25 rows=45793 width=8) (actual time=2133.664..2133.664 rows=33556 loops=1)
        Buckets: 65536  Batches: 1  Memory Usage: 1823kB
        ->  Hash Join  (cost=70241.71..131063.25 rows=45793 width=8) (actual time=1005.315..2122.582 rows=33556 loops=1)
              Hash Cond: (mc.movie_id = t.id)
              ->  Seq Scan on movie_companies mc  (cost=0.00..51404.11 rows=720399 width=4) (actual time=0.034..801.317 rows=706733 loops=1)
                    Filter: (company_id < 1347)
                    Rows Removed by Filter: 1902396
              ->  Hash  (cost=67604.59..67604.59 rows=160730 width=4) (actual time=1004.090..1004.090 rows=160017 loops=1)
                    Buckets: 131072  Batches: 4  Memory Usage: 2436kB
                    ->  Seq Scan on title t  (cost=0.00..67604.59 rows=160730 width=4) (actual time=0.028..948.784 rows=160017 loops=1)
                          Filter: (production_year = 2011)
                          Rows Removed by Filter: 2368295
Planning time: 1.147 ms
Execution time: 15694.835 ms
