Hash Join  (cost=104131.46..172147.24 rows=56628 width=0) (actual time=2253.318..3207.384 rows=107760 loops=1)
  Hash Cond: (mc.movie_id = t.id)
  ->  Seq Scan on movie_companies mc  (cost=0.00..57926.93 rows=64313 width=4) (actual time=297.513..827.073 rows=111266 loops=1)
        Filter: ((company_id < 27) AND (company_type_id < 2))
        Rows Removed by Filter: 2497863
  ->  Hash  (cost=67604.59..67604.59 rows=2226390 width=4) (actual time=1954.915..1954.915 rows=2224569 loops=1)
        Buckets: 131072  Batches: 32  Memory Usage: 3463kB
        ->  Seq Scan on title t  (cost=0.00..67604.59 rows=2226390 width=4) (actual time=0.022..1237.981 rows=2224569 loops=1)
              Filter: (production_year < 2012)
              Rows Removed by Filter: 303743
Planning time: 0.786 ms
Execution time: 3219.017 ms
