Hash Join  (cost=74440.79..885990.30 rows=64441 width=0) (actual time=1047.488..15939.783 rows=144350 loops=1)
  Hash Cond: (ci.movie_id = t.id)
  ->  Seq Scan on cast_info ci  (cost=0.00..796071.18 rows=3955712 width=4) (actual time=0.025..12998.875 rows=7449191 loops=1)
        Filter: ((person_id > 1628332) AND (role_id = 2))
        Rows Removed by Filter: 28795153
  ->  Hash  (cost=73925.90..73925.90 rows=41191 width=4) (actual time=1046.585..1046.585 rows=43851 loops=1)
        Buckets: 65536  Batches: 1  Memory Usage: 2054kB
        ->  Seq Scan on title t  (cost=0.00..73925.90 rows=41191 width=4) (actual time=0.018..1028.765 rows=43851 loops=1)
              Filter: ((kind_id = 7) AND (production_year = 2003))
              Rows Removed by Filter: 2484461
Planning time: 0.805 ms
Execution time: 15960.545 ms
