Hash Join  (cost=320498.10..1651511.46 rows=28314098 width=0) (actual time=9605.191..58625.149 rows=103580356 loops=1)
  Hash Cond: (ci.movie_id = t.id)
  ->  Seq Scan on cast_info ci  (cost=0.00..705507.15 rows=23499554 width=4) (actual time=1939.356..14855.678 rows=23573656 loops=1)
        Filter: (role_id > 1)
        Rows Removed by Filter: 12670688
  ->  Hash  (cost=270515.01..270515.01 rows=3046567 width=8) (actual time=7664.042..7664.042 rows=3594804 loops=1)
        Buckets: 131072  Batches: 64  Memory Usage: 3231kB
        ->  Hash Join  (cost=97066.09..270515.01 rows=3046567 width=8) (actual time=1769.929..6643.698 rows=3594804 loops=1)
              Hash Cond: (mk.movie_id = t.id)
              ->  Seq Scan on movie_keyword mk  (cost=0.00..81003.12 rows=4289826 width=4) (actual time=0.050..1749.011 rows=4274183 loops=1)
                    Filter: (keyword_id > 213)
                    Rows Removed by Filter: 249747
              ->  Hash  (cost=67604.59..67604.59 rows=1795720 width=4) (actual time=1767.228..1767.228 rows=1794153 loops=1)
                    Buckets: 131072  Batches: 32  Memory Usage: 3001kB
                    ->  Seq Scan on title t  (cost=0.00..67604.59 rows=1795720 width=4) (actual time=0.027..1183.872 rows=1794153 loops=1)
                          Filter: (production_year < 2009)
                          Rows Removed by Filter: 734159
Planning time: 1.168 ms
Execution time: 69852.591 ms
