Hash Join  (cost=121377.73..486358.92 rows=32527 width=0) (actual time=1300.673..8648.939 rows=359668 loops=1)
  Hash Cond: (mi.movie_id = t.id)
  ->  Seq Scan on movie_info mi  (cost=0.00..309384.22 rows=14739122 width=4) (actual time=0.021..4197.930 rows=14835720 loops=1)
  ->  Hash  (cost=121307.98..121307.98 rows=5580 width=8) (actual time=1298.849..1298.849 rows=5857 loops=1)
        Buckets: 8192  Batches: 1  Memory Usage: 293kB
        ->  Nested Loop  (cost=0.43..121307.98 rows=5580 width=8) (actual time=0.132..1295.306 rows=5857 loops=1)
              ->  Seq Scan on movie_keyword mk  (cost=0.00..81003.12 rows=5580 width=4) (actual time=0.080..1146.744 rows=5857 loops=1)
                    Filter: (keyword_id = 405)
                    Rows Removed by Filter: 4518073
              ->  Index Only Scan using title_pkey on title t  (cost=0.43..7.21 rows=1 width=4) (actual time=0.024..0.024 rows=1 loops=5857)
                    Index Cond: (id = mk.movie_id)
                    Heap Fetches: 5857
Planning time: 1.119 ms
Execution time: 8700.325 ms
