Hash Join  (cost=82354.48..594113.19 rows=2994578 width=0) (actual time=1402.880..13294.366 rows=1536883 loops=1)
  Hash Cond: (mi.movie_id = t.id)
  ->  Seq Scan on movie_info mi  (cost=0.00..309384.22 rows=14739122 width=4) (actual time=0.009..4901.521 rows=14835720 loops=1)
  ->  Hash  (cost=73925.90..73925.90 rows=513726 width=4) (actual time=1401.567..1401.567 rows=376772 loops=1)
        Buckets: 131072  Batches: 8  Memory Usage: 2674kB
        ->  Seq Scan on title t  (cost=0.00..73925.90 rows=513726 width=4) (actual time=0.009..1274.569 rows=376772 loops=1)
              Filter: ((kind_id > 3) AND (production_year < 1994))
              Rows Removed by Filter: 2151540
Planning time: 0.541 ms
Execution time: 13488.151 ms
