Hash Join  (cost=447902.12..573998.66 rows=336050 width=0) (actual time=7198.122..9586.341 rows=725867 loops=1)
  Hash Cond: (mk.movie_id = t.id)
  ->  Seq Scan on movie_keyword mk  (cost=0.00..69693.30 rows=4523930 width=4) (actual time=0.014..1376.210 rows=4523930 loops=1)
  ->  Hash  (cost=444820.30..444820.30 rows=187826 width=8) (actual time=6454.740..6454.740 rows=135750 loops=1)
        Buckets: 131072  Batches: 4  Memory Usage: 2342kB
        ->  Hash Join  (cost=86573.65..444820.30 rows=187826 width=8) (actual time=2156.611..6411.756 rows=135750 loops=1)
              Hash Cond: (mi.movie_id = t.id)
              ->  Seq Scan on movie_info mi  (cost=0.00..346232.03 rows=616095 width=4) (actual time=833.190..4717.078 rows=598457 loops=1)
                    Filter: (info_type_id = 15)
                    Rows Removed by Filter: 14237263
              ->  Hash  (cost=73925.90..73925.90 rows=770860 width=4) (actual time=1278.325..1278.325 rows=682281 loops=1)
                    Buckets: 131072  Batches: 16  Memory Usage: 2528kB
                    ->  Seq Scan on title t  (cost=0.00..73925.90 rows=770860 width=4) (actual time=0.030..1059.026 rows=682281 loops=1)
                          Filter: ((production_year < 2004) AND (kind_id = 7))
                          Rows Removed by Filter: 1846031
Planning time: 3.093 ms
Execution time: 9668.906 ms
