Hash Join  (cost=193316.02..1333550.63 rows=10360644 width=0) (actual time=3850.452..39859.963 rows=22595663 loops=1)
  Hash Cond: (ci.movie_id = t.id)
  ->  Seq Scan on cast_info ci  (cost=0.00..614943.12 rows=36225612 width=4) (actual time=0.019..11816.827 rows=36244344 loops=1)
  ->  Hash  (cost=181451.43..181451.43 rows=723167 width=8) (actual time=3849.477..3849.477 rows=710041 loops=1)
        Buckets: 131072  Batches: 16  Memory Usage: 2758kB
        ->  Hash Join  (cost=102767.86..181451.43 rows=723167 width=8) (actual time=1782.200..3654.639 rows=710041 loops=1)
              Hash Cond: (mc.movie_id = t.id)
              ->  Seq Scan on movie_companies mc  (cost=0.00..51404.11 rows=723167 width=4) (actual time=0.025..942.909 rows=710041 loops=1)
                    Filter: (company_id < 1368)
                    Rows Removed by Filter: 1899088
              ->  Hash  (cost=61283.27..61283.27 rows=2528527 width=4) (actual time=1781.018..1781.018 rows=2528312 loops=1)
                    Buckets: 131072  Batches: 64  Memory Usage: 2415kB
                    ->  Seq Scan on title t  (cost=0.00..61283.27 rows=2528527 width=4) (actual time=0.012..964.219 rows=2528312 loops=1)
Planning time: 1.217 ms
Execution time: 42142.406 ms
