Seq Scan on cast_info ci  (cost=0.00..796071.18 rows=6356942 width=0) (actual time=7094.081..12678.528 rows=8630757 loops=1)
  Filter: ((person_id > 1702915) AND (role_id > 3))
  Rows Removed by Filter: 27613587
Planning time: 0.252 ms
Execution time: 13777.036 ms
