Hash Join  (cost=83074.62..481552.03 rows=1031 width=0) (actual time=1227.975..9338.576 rows=26235 loops=1)
  Hash Cond: (mi.movie_id = t.id)
  ->  Seq Scan on movie_info mi  (cost=0.00..346232.03 rows=13929354 width=4) (actual time=0.015..6022.413 rows=14033580 loops=1)
        Filter: (info_type_id > 1)
        Rows Removed by Filter: 802140
  ->  Hash  (cost=83072.29..83072.29 rows=187 width=8) (actual time=1227.854..1227.854 rows=1054 loops=1)
        Buckets: 2048 (originally 1024)  Batches: 1 (originally 1)  Memory Usage: 58kB
        ->  Nested Loop  (cost=0.43..83072.29 rows=187 width=8) (actual time=4.333..1227.034 rows=1054 loops=1)
              ->  Seq Scan on movie_keyword mk  (cost=0.00..81003.12 rows=246 width=4) (actual time=2.028..1186.801 rows=1182 loops=1)
                    Filter: (keyword_id = 5)
                    Rows Removed by Filter: 4522748
              ->  Index Scan using title_pkey on title t  (cost=0.43..8.40 rows=1 width=4) (actual time=0.032..0.033 rows=1 loops=1182)
                    Index Cond: (id = mk.movie_id)
                    Filter: (production_year < 2010)
                    Rows Removed by Filter: 0
Planning time: 0.746 ms
Execution time: 9343.361 ms
