Hash Join  (cost=83074.74..447745.01 rows=1434 width=0) (actual time=1215.398..7554.131 rows=20704 loops=1)
  Hash Cond: (mi.movie_id = t.id)
  ->  Seq Scan on movie_info mi  (cost=0.00..309384.22 rows=14739122 width=4) (actual time=0.016..3565.905 rows=14835720 loops=1)
  ->  Hash  (cost=83071.67..83071.67 rows=246 width=8) (actual time=1203.335..1203.335 rows=311 loops=1)
        Buckets: 1024  Batches: 1  Memory Usage: 21kB
        ->  Nested Loop  (cost=0.43..83071.67 rows=246 width=8) (actual time=0.925..1203.008 rows=311 loops=1)
              ->  Seq Scan on movie_keyword mk  (cost=0.00..81003.12 rows=246 width=4) (actual time=0.871..1184.784 rows=311 loops=1)
                    Filter: (keyword_id = 1110)
                    Rows Removed by Filter: 4523619
              ->  Index Only Scan using title_pkey on title t  (cost=0.43..8.40 rows=1 width=4) (actual time=0.056..0.056 rows=1 loops=311)
                    Index Cond: (id = mk.movie_id)
                    Heap Fetches: 311
Planning time: 1.035 ms
Execution time: 7557.743 ms
