Nested Loop  (cost=0.43..71943.85 rows=299 width=0) (actual time=275.731..941.652 rows=350 loops=1)
  ->  Seq Scan on movie_companies mc  (cost=0.00..57926.93 rows=1749 width=4) (actual time=275.687..881.313 rows=1643 loops=1)
        Filter: ((company_type_id < 2) AND (company_id = 228))
        Rows Removed by Filter: 2607486
  ->  Index Scan using title_pkey on title t  (cost=0.43..8.00 rows=1 width=4) (actual time=0.036..0.036 rows=0 loops=1643)
        Index Cond: (id = mc.movie_id)
        Filter: ((kind_id < 7) AND (production_year > 2004))
        Rows Removed by Filter: 1
Planning time: 0.730 ms
Execution time: 941.884 ms
