Hash Join  (cost=224989.30..1092982.49 rows=2136332 width=0) (actual time=4869.902..23877.046 rows=4032019 loops=1)
  Hash Cond: (ci.movie_id = t.id)
  ->  Seq Scan on cast_info ci  (cost=0.00..796071.18 rows=3471538 width=4) (actual time=0.020..15530.944 rows=4045459 loops=1)
        Filter: ((person_id > 682347) AND (role_id = 10))
        Rows Removed by Filter: 32198885
  ->  Hash  (cost=199460.08..199460.08 rows=1556017 width=8) (actual time=4869.140..4869.140 rows=865514 loops=1)
        Buckets: 131072  Batches: 32  Memory Usage: 2068kB
        ->  Hash Join  (cost=98137.04..199460.08 rows=1556017 width=8) (actual time=1853.724..4591.071 rows=865514 loops=1)
              Hash Cond: (mc.movie_id = t.id)
              ->  Seq Scan on movie_companies mc  (cost=0.00..51404.11 rows=2114153 width=4) (actual time=0.024..1103.606 rows=2117166 loops=1)
                    Filter: (company_id > 428)
                    Rows Removed by Filter: 491963
              ->  Hash  (cost=67604.59..67604.59 rows=1860996 width=4) (actual time=1852.755..1852.755 rows=1865487 loops=1)
                    Buckets: 131072  Batches: 32  Memory Usage: 3079kB
                    ->  Seq Scan on title t  (cost=0.00..67604.59 rows=1860996 width=4) (actual time=0.018..1255.179 rows=1865487 loops=1)
                          Filter: (kind_id > 1)
                          Rows Removed by Filter: 662825
Planning time: 3.472 ms
Execution time: 24330.832 ms
