Seq Scan on movie_keyword mk  (cost=0.00..81003.12 rows=4119133 width=0) (actual time=0.027..1516.810 rows=4123958 loops=1)
  Filter: (keyword_id < 43370)
  Rows Removed by Filter: 399972
Planning time: 2.187 ms
Execution time: 2050.833 ms
