Seq Scan on movie_keyword mk  (cost=0.00..81003.12 rows=246 width=0) (actual time=2.489..1022.222 rows=379 loops=1)
  Filter: (keyword_id = 6356)
  Rows Removed by Filter: 4523551
Planning time: 0.311 ms
Execution time: 1022.473 ms
