Hash Join  (cost=128658.52..225525.82 rows=124326 width=0) (actual time=3054.974..5094.626 rows=1066711 loops=1)
  Hash Cond: (mk.movie_id = t.id)
  ->  Seq Scan on movie_keyword mk  (cost=0.00..81003.12 rows=1173843 width=4) (actual time=0.013..1269.652 rows=1175335 loops=1)
        Filter: (keyword_id < 1388)
        Rows Removed by Filter: 3348595
  ->  Hash  (cost=124263.95..124263.95 rows=267806 width=8) (actual time=2884.746..2884.746 rows=379928 loops=1)
        Buckets: 131072 (originally 131072)  Batches: 8 (originally 4)  Memory Usage: 3073kB
        ->  Hash Join  (cost=81976.40..124263.95 rows=267806 width=8) (actual time=1602.169..2769.322 rows=379928 loops=1)
              Hash Cond: (mi_idx.movie_id = t.id)
              ->  Seq Scan on movie_info_idx mi_idx  (cost=0.00..21735.35 rows=1380035 width=4) (actual time=0.016..453.727 rows=1380035 loops=1)
              ->  Hash  (cost=73925.90..73925.90 rows=490680 width=4) (actual time=1209.851..1209.851 rows=359870 loops=1)
                    Buckets: 131072  Batches: 8  Memory Usage: 2611kB
                    ->  Seq Scan on title t  (cost=0.00..73925.90 rows=490680 width=4) (actual time=0.299..1100.808 rows=359870 loops=1)
                          Filter: ((production_year > 1985) AND (kind_id = 1))
                          Rows Removed by Filter: 2168442
Planning time: 1.101 ms
Execution time: 5183.526 ms
