Hash Join  (cost=210015.51..1344002.82 rows=5344417 width=0) (actual time=4150.710..42997.726 rows=37460636 loops=1)
  Hash Cond: (ci.movie_id = t.id)
  ->  Seq Scan on cast_info ci  (cost=0.00..614943.12 rows=36225612 width=4) (actual time=0.021..11747.809 rows=36244344 loops=1)
  ->  Hash  (cost=203894.55..203894.55 rows=373037 width=8) (actual time=4149.850..4149.850 rows=490353 loops=1)
        Buckets: 131072  Batches: 8  Memory Usage: 3301kB
        ->  Hash Join  (cost=77347.14..203894.55 rows=373037 width=8) (actual time=956.184..4000.614 rows=490353 loops=1)
              Hash Cond: (mk.movie_id = t.id)
              ->  Seq Scan on movie_keyword mk  (cost=0.00..69693.30 rows=4523930 width=4) (actual time=0.018..1246.197 rows=4523930 loops=1)
              ->  Hash  (cost=73925.90..73925.90 rows=208499 width=4) (actual time=955.313..955.313 rows=182393 loops=1)
                    Buckets: 131072  Batches: 4  Memory Usage: 2634kB
                    ->  Seq Scan on title t  (cost=0.00..73925.90 rows=208499 width=4) (actual time=0.015..896.105 rows=182393 loops=1)
                          Filter: ((kind_id < 2) AND (production_year > 2007))
                          Rows Removed by Filter: 2345919
Planning time: 5.248 ms
Execution time: 46784.906 ms
