Seq Scan on movie_companies mc  (cost=0.00..57926.93 rows=51 width=0) (actual time=1.070..778.036 rows=479 loops=1)
  Filter: ((company_id = 594) AND (company_type_id = 1))
  Rows Removed by Filter: 2608650
Planning time: 0.393 ms
Execution time: 778.258 ms
