Seq Scan on movie_companies mc  (cost=0.00..57926.93 rows=111265 width=0) (actual time=381.080..732.955 rows=219921 loops=1)
  Filter: ((company_id > 108011) AND (company_type_id = 2))
  Rows Removed by Filter: 2389208
Planning time: 0.370 ms
Execution time: 761.750 ms
