Seq Scan on movie_companies mc  (cost=0.00..57926.93 rows=1088519 width=0) (actual time=230.604..1034.241 rows=857723 loops=1)
  Filter: ((company_id < 75516) AND (company_type_id = 2))
  Rows Removed by Filter: 1751406
Planning time: 0.349 ms
Execution time: 1140.392 ms
