Seq Scan on title t  (cost=0.00..73925.90 rows=47331 width=0) (actual time=0.026..1193.910 rows=53937 loops=1)
  Filter: ((kind_id > 2) AND (production_year = 2003))
  Rows Removed by Filter: 2474375
Planning time: 0.395 ms
Execution time: 1203.224 ms
