Seq Scan on movie_companies mc  (cost=0.00..57926.93 rows=674784 width=0) (actual time=248.698..946.499 rows=921217 loops=1)
  Filter: ((company_id < 11717) AND (company_type_id = 1))
  Rows Removed by Filter: 1687912
Planning time: 0.335 ms
Execution time: 1056.251 ms
