Hash Join  (cost=128024.41..493125.69 rows=44535 width=0) (actual time=1850.761..7767.161 rows=514603 loops=1)
  Hash Cond: (mi.movie_id = t.id)
  ->  Seq Scan on movie_info mi  (cost=0.00..309384.22 rows=14739122 width=4) (actual time=0.012..2968.057 rows=14835720 loops=1)
  ->  Hash  (cost=127928.91..127928.91 rows=7640 width=8) (actual time=1850.564..1850.564 rows=9600 loops=1)
        Buckets: 16384 (originally 8192)  Batches: 1 (originally 1)  Memory Usage: 503kB
        ->  Hash Join  (cost=68100.81..127928.91 rows=7640 width=8) (actual time=1092.259..1846.816 rows=9600 loops=1)
              Hash Cond: (mc.movie_id = t.id)
              ->  Seq Scan on movie_companies mc  (cost=0.00..57926.93 rows=486603 width=4) (actual time=179.021..788.632 rows=695607 loops=1)
                    Filter: ((company_id < 4625) AND (company_type_id < 2))
                    Rows Removed by Filter: 1913522
              ->  Hash  (cost=67604.59..67604.59 rows=39698 width=4) (actual time=912.737..912.737 rows=36437 loops=1)
                    Buckets: 65536  Batches: 1  Memory Usage: 1793kB
                    ->  Seq Scan on title t  (cost=0.00..67604.59 rows=39698 width=4) (actual time=0.064..897.234 rows=36437 loops=1)
                          Filter: (production_year = 1995)
                          Rows Removed by Filter: 2491875
Planning time: 1.152 ms
Execution time: 7835.799 ms
