Hash Join  (cost=99467.55..573802.98 rows=4516843 width=0) (actual time=1759.409..12401.198 rows=4577748 loops=1)
  Hash Cond: (mi.movie_id = t.id)
  ->  Seq Scan on movie_info mi  (cost=0.00..346232.03 rows=5880796 width=4) (actual time=0.023..5714.835 rows=5869026 loops=1)
        Filter: (info_type_id > 13)
        Rows Removed by Filter: 8966694
  ->  Hash  (cost=67604.59..67604.59 rows=1942077 width=4) (actual time=1758.325..1758.325 rows=1932484 loops=1)
        Buckets: 131072  Batches: 32  Memory Usage: 3163kB
        ->  Seq Scan on title t  (cost=0.00..67604.59 rows=1942077 width=4) (actual time=0.019..1110.180 rows=1932484 loops=1)
              Filter: (production_year > 1980)
              Rows Removed by Filter: 595828
Planning time: 0.753 ms
Execution time: 12886.791 ms
