Hash Join  (cost=83074.75..833892.13 rows=2823 width=0) (actual time=1248.996..15373.023 rows=541 loops=1)
  Hash Cond: (ci.movie_id = t.id)
  ->  Seq Scan on cast_info ci  (cost=0.00..614943.12 rows=36225612 width=4) (actual time=0.024..7557.244 rows=36244344 loops=1)
  ->  Hash  (cost=83072.29..83072.29 rows=197 width=8) (actual time=1223.788..1223.788 rows=8 loops=1)
        Buckets: 1024  Batches: 1  Memory Usage: 9kB
        ->  Nested Loop  (cost=0.43..83072.29 rows=197 width=8) (actual time=7.278..1223.771 rows=8 loops=1)
              ->  Seq Scan on movie_keyword mk  (cost=0.00..81003.12 rows=246 width=4) (actual time=7.210..1222.990 rows=15 loops=1)
                    Filter: (keyword_id = 25617)
                    Rows Removed by Filter: 4523915
              ->  Index Scan using title_pkey on title t  (cost=0.43..8.40 rows=1 width=4) (actual time=0.046..0.046 rows=1 loops=15)
                    Index Cond: (id = mk.movie_id)
                    Filter: (production_year > 1974)
                    Rows Removed by Filter: 0
Planning time: 1.237 ms
Execution time: 15373.623 ms
