Seq Scan on movie_companies mc  (cost=0.00..57926.93 rows=1177587 width=0) (actual time=438.273..1100.248 rows=1274246 loops=1)
  Filter: ((company_id < 110823) AND (company_type_id < 2))
  Rows Removed by Filter: 1334883
Planning time: 0.324 ms
Execution time: 1259.090 ms
