Seq Scan on title t  (cost=0.00..73925.90 rows=1444825 width=0) (actual time=0.012..1155.395 rows=1557963 loops=1)
  Filter: ((kind_id > 2) AND (production_year > 1971))
  Rows Removed by Filter: 970349
Planning time: 0.356 ms
Execution time: 1354.308 ms
