Seq Scan on movie_keyword mk  (cost=0.00..81003.12 rows=3295332 width=0) (actual time=0.024..1457.184 rows=3287122 loops=1)
  Filter: (keyword_id > 1571)
  Rows Removed by Filter: 1236808
Planning time: 0.321 ms
Execution time: 1880.247 ms
