Nested Loop  (cost=0.43..709671.90 rows=500 width=0) (actual time=2637.412..8659.459 rows=48 loops=1)
  ->  Seq Scan on cast_info ci  (cost=0.00..705507.15 rows=500 width=4) (actual time=2637.216..8658.414 rows=48 loops=1)
        Filter: (person_id = 2387799)
        Rows Removed by Filter: 36244296
  ->  Index Only Scan using title_pkey on title t  (cost=0.43..8.32 rows=1 width=4) (actual time=0.018..0.018 rows=1 loops=48)
        Index Cond: (id = ci.movie_id)
        Heap Fetches: 48
Planning time: 0.512 ms
Execution time: 8659.541 ms
