Seq Scan on cast_info ci  (cost=0.00..796071.18 rows=868832 width=0) (actual time=11355.108..14200.632 rows=898389 loops=1)
  Filter: ((person_id < 3843999) AND (role_id = 5))
  Rows Removed by Filter: 35345955
Planning time: 0.356 ms
Execution time: 14315.803 ms
