Hash Join  (cost=73950.44..160643.60 rows=3512 width=0) (actual time=972.935..2661.574 rows=31752 loops=1)
  Hash Cond: (mk.movie_id = t.id)
  ->  Seq Scan on movie_keyword mk  (cost=0.00..69693.30 rows=4523930 width=4) (actual time=0.022..854.829 rows=4523930 loops=1)
  ->  Hash  (cost=73925.90..73925.90 rows=1963 width=4) (actual time=972.350..972.350 rows=4860 loops=1)
        Buckets: 8192 (originally 2048)  Batches: 1 (originally 1)  Memory Usage: 235kB
        ->  Seq Scan on title t  (cost=0.00..73925.90 rows=1963 width=4) (actual time=0.061..970.137 rows=4860 loops=1)
              Filter: ((kind_id = 1) AND (production_year = 1988))
              Rows Removed by Filter: 2523452
Planning time: 0.730 ms
Execution time: 2666.069 ms
