Hash Join  (cost=102767.86..1339761.91 rows=21677225 width=0) (actual time=1839.106..32877.620 rows=21538581 loops=1)
  Hash Cond: (ci.movie_id = t.id)
  ->  Seq Scan on cast_info ci  (cost=0.00..705507.15 rows=21677225 width=4) (actual time=0.022..13574.951 rows=21538581 loops=1)
        Filter: (person_id < 2184414)
        Rows Removed by Filter: 14705763
  ->  Hash  (cost=61283.27..61283.27 rows=2528527 width=4) (actual time=1838.050..1838.050 rows=2528312 loops=1)
        Buckets: 131072  Batches: 64  Memory Usage: 2415kB
        ->  Seq Scan on title t  (cost=0.00..61283.27 rows=2528527 width=4) (actual time=0.013..996.358 rows=2528312 loops=1)
Planning time: 0.699 ms
Execution time: 35199.231 ms
