Hash Join  (cost=190230.21..1143046.97 rows=4853384 width=0) (actual time=12049.730..21297.418 rows=5071652 loops=1)
  Hash Cond: (ci.movie_id = t.id)
  ->  Seq Scan on cast_info ci  (cost=0.00..796071.18 rows=8892464 width=4) (actual time=7737.977..12680.254 rows=5317640 loops=1)
        Filter: ((person_id > 2009718) AND (role_id < 3))
        Rows Removed by Filter: 30926704
  ->  Hash  (cost=167588.78..167588.78 rows=1380035 width=8) (actual time=4310.292..4310.292 rows=1380035 loops=1)
        Buckets: 131072  Batches: 32  Memory Usage: 2708kB
        ->  Hash Join  (cost=102767.86..167588.78 rows=1380035 width=8) (actual time=1691.738..3893.637 rows=1380035 loops=1)
              Hash Cond: (mi_idx.movie_id = t.id)
              ->  Seq Scan on movie_info_idx mi_idx  (cost=0.00..21735.35 rows=1380035 width=4) (actual time=0.033..422.043 rows=1380035 loops=1)
              ->  Hash  (cost=61283.27..61283.27 rows=2528527 width=4) (actual time=1690.031..1690.031 rows=2528312 loops=1)
                    Buckets: 131072  Batches: 64  Memory Usage: 2415kB
                    ->  Seq Scan on title t  (cost=0.00..61283.27 rows=2528527 width=4) (actual time=0.021..859.908 rows=2528312 loops=1)
Planning time: 1.130 ms
Execution time: 21878.251 ms
