Hash Join  (cost=167421.39..570279.01 rows=306665 width=0) (actual time=2359.659..13247.241 rows=1497384 loops=1)
  Hash Cond: (mi.movie_id = t.id)
  ->  Seq Scan on movie_info mi  (cost=0.00..346232.03 rows=14282391 width=4) (actual time=0.011..5383.078 rows=14308956 loops=1)
        Filter: (info_type_id < 103)
        Rows Removed by Filter: 526764
  ->  Hash  (cost=166742.76..166742.76 rows=54291 width=8) (actual time=2351.082..2351.082 rows=91105 loops=1)
        Buckets: 131072 (originally 65536)  Batches: 2 (originally 1)  Memory Usage: 3073kB
        ->  Hash Join  (cost=69283.60..166742.76 rows=54291 width=8) (actual time=1051.366..2319.223 rows=91105 loops=1)
              Hash Cond: (mk.movie_id = t.id)
              ->  Seq Scan on movie_keyword mk  (cost=0.00..81003.12 rows=1341632 width=4) (actual time=0.009..863.208 rows=1360059 loops=1)
                    Filter: (keyword_id < 1772)
                    Rows Removed by Filter: 3163871
              ->  Hash  (cost=67604.59..67604.59 rows=102321 width=4) (actual time=1050.602..1050.602 rows=100537 loops=1)
                    Buckets: 131072  Batches: 2  Memory Usage: 2803kB
                    ->  Seq Scan on title t  (cost=0.00..67604.59 rows=102321 width=4) (actual time=362.625..1012.557 rows=100537 loops=1)
                          Filter: (kind_id = 3)
                          Rows Removed by Filter: 2427775
Planning time: 0.746 ms
Execution time: 13415.650 ms
