Seq Scan on movie_keyword mk  (cost=0.00..81003.12 rows=1900833 width=0) (actual time=0.016..1390.276 rows=1909181 loops=1)
  Filter: (keyword_id < 3284)
  Rows Removed by Filter: 2614749
Planning time: 0.221 ms
Execution time: 1635.480 ms
