Seq Scan on movie_companies mc  (cost=0.00..57926.93 rows=491862 width=0) (actual time=350.902..863.521 rows=189007 loops=1)
  Filter: ((company_id > 16311) AND (company_type_id = 1))
  Rows Removed by Filter: 2420122
Planning time: 0.358 ms
Execution time: 886.892 ms
