Seq Scan on cast_info ci  (cost=0.00..796071.18 rows=19424891 width=0) (actual time=0.013..15342.081 rows=17212299 loops=1)
  Filter: ((person_id < 3017747) AND (role_id > 1))
  Rows Removed by Filter: 19032045
Planning time: 2.021 ms
Execution time: 17432.699 ms
