Seq Scan on movie_companies mc  (cost=0.00..51404.11 rows=1937063 width=0) (actual time=0.035..900.016 rows=1931473 loops=1)
  Filter: (company_id < 49238)
  Rows Removed by Filter: 677656
Planning time: 0.341 ms
Execution time: 1144.063 ms
