Hash Join  (cost=365418.15..2268591.32 rows=61275547 width=0) (actual time=8696.670..90002.268 rows=204209041 loops=1)
  Hash Cond: (ci.movie_id = t.id)
  ->  Seq Scan on cast_info ci  (cost=0.00..705507.15 rows=34248292 width=4) (actual time=0.015..15547.406 rows=34323767 loops=1)
        Filter: (person_id > 188457)
        Rows Removed by Filter: 1920577
  ->  Hash  (cost=291197.02..291197.02 rows=4523930 width=8) (actual time=8695.679..8695.679 rows=4523930 loops=1)
        Buckets: 131072  Batches: 64  Memory Usage: 3816kB
        ->  Hash Join  (cost=102767.86..291197.02 rows=4523930 width=8) (actual time=2422.766..7446.096 rows=4523930 loops=1)
              Hash Cond: (mk.movie_id = t.id)
              ->  Seq Scan on movie_keyword mk  (cost=0.00..69693.30 rows=4523930 width=4) (actual time=0.018..1356.850 rows=4523930 loops=1)
              ->  Hash  (cost=61283.27..61283.27 rows=2528527 width=4) (actual time=2422.098..2422.098 rows=2528312 loops=1)
                    Buckets: 131072  Batches: 64  Memory Usage: 2425kB
                    ->  Seq Scan on title t  (cost=0.00..61283.27 rows=2528527 width=4) (actual time=0.016..1088.662 rows=2528312 loops=1)
Planning time: 1.099 ms
Execution time: 111257.547 ms
