Seq Scan on cast_info ci  (cost=0.00..796071.18 rows=4897438 width=0) (actual time=1376.808..10955.509 rows=2078711 loops=1)
  Filter: ((person_id < 2291663) AND (role_id > 6))
  Rows Removed by Filter: 34165633
Planning time: 0.322 ms
Execution time: 11198.265 ms
