Hash Join  (cost=118204.80..194727.36 rows=106804 width=0) (actual time=2279.647..4677.287 rows=819490 loops=1)
  Hash Cond: (mc.movie_id = t.id)
  ->  Seq Scan on movie_companies mc  (cost=0.00..44881.29 rows=2609129 width=4) (actual time=0.018..876.220 rows=2609129 loops=1)
  ->  Hash  (cost=116505.99..116505.99 rows=103505 width=8) (actual time=2278.840..2278.840 rows=230638 loops=1)
        Buckets: 131072 (originally 131072)  Batches: 4 (originally 2)  Memory Usage: 3284kB
        ->  Hash Join  (cost=77037.46..116505.99 rows=103505 width=8) (actual time=1129.552..2203.901 rows=230638 loops=1)
              Hash Cond: (mi_idx.movie_id = t.id)
              ->  Seq Scan on movie_info_idx mi_idx  (cost=0.00..21735.35 rows=1380035 width=4) (actual time=0.033..382.644 rows=1380035 loops=1)
              ->  Hash  (cost=73925.90..73925.90 rows=189644 width=4) (actual time=1128.796..1128.796 rows=294316 loops=1)
                    Buckets: 131072  Batches: 4  Memory Usage: 3615kB
                    ->  Seq Scan on title t  (cost=0.00..73925.90 rows=189644 width=4) (actual time=0.027..1032.201 rows=294316 loops=1)
                          Filter: ((kind_id < 7) AND (production_year < 1978))
                          Rows Removed by Filter: 2233996
Planning time: 1.060 ms
Execution time: 4774.313 ms
