Hash Join  (cost=796613.26..858541.93 rows=27 width=0) (actual time=12071.292..12955.603 rows=1 loops=1)
  Hash Cond: (mc.movie_id = t.id)
  ->  Seq Scan on movie_companies mc  (cost=0.00..57926.93 rows=1067056 width=4) (actual time=0.025..855.925 rows=1274246 loops=1)
        Filter: ((company_id < 78400) AND (company_type_id < 2))
        Rows Removed by Filter: 1334883
  ->  Hash  (cost=796612.46..796612.46 rows=64 width=8) (actual time=11938.754..11938.754 rows=4 loops=1)
        Buckets: 1024  Batches: 1  Memory Usage: 9kB
        ->  Nested Loop  (cost=0.43..796612.46 rows=64 width=8) (actual time=8569.847..11938.712 rows=4 loops=1)
              ->  Seq Scan on cast_info ci  (cost=0.00..796071.18 rows=64 width=4) (actual time=8569.662..11938.436 rows=4 loops=1)
                    Filter: ((role_id > 9) AND (person_id = 159901))
                    Rows Removed by Filter: 36244340
              ->  Index Only Scan using title_pkey on title t  (cost=0.43..8.45 rows=1 width=4) (actual time=0.042..0.043 rows=1 loops=4)
                    Index Cond: (id = ci.movie_id)
                    Heap Fetches: 4
Planning time: 2.561 ms
Execution time: 12955.704 ms
