Hash Join  (cost=291796.76..1725140.62 rows=34485567 width=0) (actual time=6072.426..65104.378 rows=120680196 loops=1)
  Hash Cond: (ci.movie_id = t.id)
  ->  Seq Scan on cast_info ci  (cost=0.00..614943.12 rows=36225612 width=4) (actual time=0.014..11884.504 rows=36244344 loops=1)
  ->  Hash  (cost=252305.34..252305.34 rows=2407073 width=8) (actual time=6070.584..6070.584 rows=2236909 loops=1)
        Buckets: 131072  Batches: 32  Memory Usage: 3720kB
        ->  Hash Join  (cost=100586.94..252305.34 rows=2407073 width=8) (actual time=1751.435..5471.265 rows=2236909 loops=1)
              Hash Cond: (mk.movie_id = t.id)
              ->  Seq Scan on movie_keyword mk  (cost=0.00..81003.12 rows=3027510 width=4) (actual time=0.013..1503.135 rows=3016391 loops=1)
                    Filter: (keyword_id > 2176)
                    Rows Removed by Filter: 1507539
              ->  Hash  (cost=67604.59..67604.59 rows=2010348 width=4) (actual time=1749.722..1749.722 rows=2004649 loops=1)
                    Buckets: 131072  Batches: 32  Memory Usage: 3241kB
                    ->  Seq Scan on title t  (cost=0.00..67604.59 rows=2010348 width=4) (actual time=0.011..1119.063 rows=2004649 loops=1)
                          Filter: (production_year > 1975)
                          Rows Removed by Filter: 523663
Planning time: 1.096 ms
Execution time: 78274.347 ms
