Hash Join  (cost=102767.86..172184.73 rows=66950 width=0) (actual time=1849.129..3108.243 rows=130610 loops=1)
  Hash Cond: (mc.movie_id = t.id)
  ->  Seq Scan on movie_companies mc  (cost=0.00..57926.93 rows=66950 width=4) (actual time=0.010..793.204 rows=130610 loops=1)
        Filter: ((company_id > 140975) AND (company_type_id = 2))
        Rows Removed by Filter: 2478519
  ->  Hash  (cost=61283.27..61283.27 rows=2528527 width=4) (actual time=1847.865..1847.865 rows=2528312 loops=1)
        Buckets: 131072  Batches: 64  Memory Usage: 2415kB
        ->  Seq Scan on title t  (cost=0.00..61283.27 rows=2528527 width=4) (actual time=0.030..1004.763 rows=2528312 loops=1)
Planning time: 0.489 ms
Execution time: 3123.862 ms
