Hash Join  (cost=83074.74..431077.06 rows=46 width=0) (actual time=1327.019..5579.108 rows=1263 loops=1)
  Hash Cond: (mi.movie_id = t.id)
  ->  Seq Scan on movie_info mi  (cost=0.00..346232.03 rows=471955 width=4) (actual time=243.428..4480.338 rows=543367 loops=1)
        Filter: (info_type_id > 98)
        Rows Removed by Filter: 14292353
  ->  Hash  (cost=83071.67..83071.67 rows=246 width=8) (actual time=1022.165..1022.165 rows=171 loops=1)
        Buckets: 1024  Batches: 1  Memory Usage: 15kB
        ->  Nested Loop  (cost=0.43..83071.67 rows=246 width=8) (actual time=8.032..1021.965 rows=171 loops=1)
              ->  Seq Scan on movie_keyword mk  (cost=0.00..81003.12 rows=246 width=4) (actual time=7.939..1015.848 rows=171 loops=1)
                    Filter: (keyword_id = 10873)
                    Rows Removed by Filter: 4523759
              ->  Index Only Scan using title_pkey on title t  (cost=0.43..8.40 rows=1 width=4) (actual time=0.032..0.032 rows=1 loops=171)
                    Index Cond: (id = mk.movie_id)
                    Heap Fetches: 171
Planning time: 1.143 ms
Execution time: 5579.399 ms
