Nested Loop  (cost=44377.22..110327.49 rows=2658 width=0) (actual time=843.708..2034.416 rows=5854 loops=1)
  Join Filter: (mc.movie_id = t.id)
  ->  Hash Join  (cost=44376.79..102201.78 rows=13763 width=8) (actual time=843.642..1953.839 rows=5854 loops=1)
        Hash Cond: (mc.movie_id = mi_idx.movie_id)
        ->  Seq Scan on movie_companies mc  (cost=0.00..51404.11 rows=4870 width=4) (actual time=1.272..901.331 rows=5148 loops=1)
              Filter: (company_id = 1427)
              Rows Removed by Filter: 2603981
        ->  Hash  (cost=21735.35..21735.35 rows=1380035 width=4) (actual time=833.686..833.686 rows=1380035 loops=1)
              Buckets: 131072  Batches: 32  Memory Usage: 2540kB
              ->  Seq Scan on movie_info_idx mi_idx  (cost=0.00..21735.35 rows=1380035 width=4) (actual time=0.015..433.878 rows=1380035 loops=1)
  ->  Index Only Scan using title_pkey on title t  (cost=0.43..0.58 rows=1 width=4) (actual time=0.013..0.013 rows=1 loops=5854)
        Index Cond: (id = mi_idx.movie_id)
        Heap Fetches: 5854
Planning time: 8.563 ms
Execution time: 2035.667 ms
