Seq Scan on cast_info ci  (cost=0.00..796071.18 rows=101 width=42) (actual time=8214.833..12557.762 rows=1 loops=1)
  Filter: ((person_id = 2002826) AND (role_id = 2))
  Rows Removed by Filter: 36244343
Planning time: 0.508 ms
Execution time: 12557.804 ms
