Hash Join  (cost=130370.17..215673.78 rows=2312 width=0) (actual time=1989.756..3397.790 rows=1360 loops=1)
  Hash Cond: (mk.movie_id = t.id)
  ->  Seq Scan on movie_keyword mk  (cost=0.00..81003.12 rows=1140633 width=4) (actual time=0.029..1236.870 rows=1148769 loops=1)
        Filter: (keyword_id < 1322)
        Rows Removed by Filter: 3375161
  ->  Hash  (cost=130306.09..130306.09 rows=5126 width=8) (actual time=1989.255..1989.255 rows=2225 loops=1)
        Buckets: 8192  Batches: 1  Memory Usage: 151kB
        ->  Hash Join  (cost=74052.53..130306.09 rows=5126 width=8) (actual time=1456.207..1988.092 rows=2225 loops=1)
              Hash Cond: (mc.movie_id = t.id)
              ->  Seq Scan on movie_companies mc  (cost=0.00..51404.11 rows=1279517 width=4) (actual time=299.920..815.734 rows=1274246 loops=1)
                    Filter: (company_type_id < 2)
                    Rows Removed by Filter: 1334883
              ->  Hash  (cost=73925.90..73925.90 rows=10130 width=4) (actual time=985.820..985.820 rows=3293 loops=1)
                    Buckets: 16384  Batches: 1  Memory Usage: 244kB
                    ->  Seq Scan on title t  (cost=0.00..73925.90 rows=10130 width=4) (actual time=147.843..984.149 rows=3293 loops=1)
                          Filter: ((production_year < 1961) AND (kind_id = 3))
                          Rows Removed by Filter: 2525019
Planning time: 1.223 ms
Execution time: 3398.226 ms
