Hash Join  (cost=99161.12..630017.55 rows=6597842 width=0) (actual time=1992.664..15941.124 rows=7338006 loops=1)
  Hash Cond: (mi.movie_id = t.id)
  ->  Seq Scan on movie_info mi  (cost=0.00..346232.03 rows=8673596 width=4) (actual time=102.230..5839.248 rows=8786582 loops=1)
        Filter: (info_type_id < 13)
        Rows Removed by Filter: 6049138
  ->  Hash  (cost=67604.59..67604.59 rows=1923403 width=4) (actual time=1885.530..1885.530 rows=1922849 loops=1)
        Buckets: 131072  Batches: 32  Memory Usage: 3141kB
        ->  Seq Scan on title t  (cost=0.00..67604.59 rows=1923403 width=4) (actual time=0.019..1237.794 rows=1922849 loops=1)
              Filter: (production_year < 2010)
              Rows Removed by Filter: 605463
Planning time: 0.780 ms
Execution time: 16827.755 ms
