Seq Scan on cast_info ci  (cost=0.00..796071.18 rows=13697283 width=0) (actual time=0.030..14042.130 rows=14591120 loops=1)
  Filter: ((person_id > 533089) AND (role_id > 2))
  Rows Removed by Filter: 21653224
Planning time: 0.352 ms
Execution time: 15631.111 ms
