Hash Join  (cost=101105.71..194335.24 rows=4066 width=0) (actual time=1443.296..3330.273 rows=4752 loops=1)
  Hash Cond: (mk.movie_id = t.id)
  ->  Seq Scan on movie_keyword mk  (cost=0.00..81003.12 rows=3249533 width=4) (actual time=0.020..1470.180 rows=3237625 loops=1)
        Filter: (keyword_id > 1661)
        Rows Removed by Filter: 1286305
  ->  Hash  (cost=101066.16..101066.16 rows=3164 width=8) (actual time=1430.734..1430.734 rows=1488 loops=1)
        Buckets: 4096  Batches: 1  Memory Usage: 91kB
        ->  Hash Join  (cost=74146.12..101066.16 rows=3164 width=8) (actual time=989.079..1429.889 rows=1488 loops=1)
              Hash Cond: (mi_idx.movie_id = t.id)
              ->  Seq Scan on movie_info_idx mi_idx  (cost=0.00..25185.44 rows=454124 width=4) (actual time=0.020..429.049 rows=459925 loops=1)
                    Filter: (info_type_id = 100)
                    Rows Removed by Filter: 920110
              ->  Hash  (cost=73925.90..73925.90 rows=17617 width=4) (actual time=881.868..881.868 rows=22021 loops=1)
                    Buckets: 32768  Batches: 1  Memory Usage: 1031kB
                    ->  Seq Scan on title t  (cost=0.00..73925.90 rows=17617 width=4) (actual time=0.038..873.574 rows=22021 loops=1)
                          Filter: ((production_year > 2012) AND (kind_id = 1))
                          Rows Removed by Filter: 2506291
Planning time: 1.193 ms
Execution time: 3331.164 ms
