Seq Scan on movie_companies mc  (cost=0.00..57926.93 rows=334625 width=0) (actual time=0.016..853.310 rows=638512 loops=1)
  Filter: ((company_id > 52223) AND (company_type_id > 1))
  Rows Removed by Filter: 1970617
Planning time: 0.245 ms
Execution time: 930.142 ms
