Seq Scan on cast_info ci  (cost=0.00..796071.18 rows=16375639 width=0) (actual time=0.025..15388.771 rows=20122661 loops=1)
  Filter: ((person_id < 2991456) AND (role_id < 3))
  Rows Removed by Filter: 16121683
Planning time: 0.288 ms
Execution time: 17803.707 ms
