Hash Join  (cost=160823.02..572114.54 rows=41460 width=0) (actual time=2882.582..10431.452 rows=6294 loops=1)
  Hash Cond: (mi.movie_id = t.id)
  ->  Seq Scan on movie_info mi  (cost=0.00..346232.03 rows=12928982 width=4) (actual time=189.941..5873.656 rows=12970088 loops=1)
        Filter: (info_type_id < 18)
        Rows Removed by Filter: 1865632
  ->  Hash  (cost=160721.67..160721.67 rows=8108 width=8) (actual time=2690.475..2690.475 rows=976 loops=1)
        Buckets: 8192  Batches: 1  Memory Usage: 103kB
        ->  Hash Join  (cost=73982.55..160721.67 rows=8108 width=8) (actual time=1986.046..2689.943 rows=976 loops=1)
              Hash Cond: (mk.movie_id = t.id)
              ->  Seq Scan on movie_keyword mk  (cost=0.00..69693.30 rows=4523930 width=4) (actual time=0.032..884.059 rows=4523930 loops=1)
              ->  Hash  (cost=73925.90..73925.90 rows=4532 width=4) (actual time=1006.287..1006.287 rows=2915 loops=1)
                    Buckets: 8192  Batches: 1  Memory Usage: 167kB
                    ->  Seq Scan on title t  (cost=0.00..73925.90 rows=4532 width=4) (actual time=0.156..1004.705 rows=2915 loops=1)
                          Filter: ((kind_id = 7) AND (production_year = 1951))
                          Rows Removed by Filter: 2525397
Planning time: 3.100 ms
Execution time: 10432.515 ms
