Hash Join  (cost=118038.10..222623.36 rows=108820 width=0) (actual time=2490.658..4417.778 rows=266459 loops=1)
  Hash Cond: (mk.movie_id = t.id)
  ->  Seq Scan on movie_keyword mk  (cost=0.00..81003.12 rows=1896250 width=4) (actual time=0.023..1306.708 rows=1905334 loops=1)
        Filter: (keyword_id > 7088)
        Rows Removed by Filter: 2618596
  ->  Hash  (cost=115657.30..115657.30 rows=145104 width=8) (actual time=2488.804..2488.804 rows=103705 loops=1)
        Buckets: 131072  Batches: 2  Memory Usage: 3054kB
        ->  Hash Join  (cost=80562.70..115657.30 rows=145104 width=8) (actual time=1612.894..2450.695 rows=103705 loops=1)
              Hash Cond: (mi_idx.movie_id = t.id)
              ->  Seq Scan on movie_info_idx mi_idx  (cost=0.00..25185.44 rows=464566 width=4) (actual time=0.024..449.523 rows=459925 loops=1)
                    Filter: (info_type_id = 101)
                    Rows Removed by Filter: 920110
              ->  Hash  (cost=67604.59..67604.59 rows=789769 width=4) (actual time=1611.756..1611.756 rows=784926 loops=1)
                    Buckets: 131072  Batches: 16  Memory Usage: 2749kB
                    ->  Seq Scan on title t  (cost=0.00..67604.59 rows=789769 width=4) (actual time=0.021..1111.861 rows=784926 loops=1)
                          Filter: (production_year > 2007)
                          Rows Removed by Filter: 1743386
Planning time: 1.188 ms
Execution time: 4448.803 ms
