Hash Join  (cost=102413.53..857391.71 rows=174829 width=0) (actual time=1869.452..18270.808 rows=839616 loops=1)
  Hash Cond: (ci.movie_id = t.id)
  ->  Seq Scan on cast_info ci  (cost=0.00..705507.15 rows=12726058 width=4) (actual time=0.024..12995.939 rows=12670688 loops=1)
        Filter: (role_id = 1)
        Rows Removed by Filter: 23573656
  ->  Hash  (cost=101979.32..101979.32 rows=34737 width=8) (actual time=1869.044..1869.044 rows=66423 loops=1)
        Buckets: 131072 (originally 65536)  Batches: 1 (originally 1)  Memory Usage: 3619kB
        ->  Hash Join  (cost=74721.47..101979.32 rows=34737 width=8) (actual time=1160.267..1844.901 rows=66423 loops=1)
              Hash Cond: (mi_idx.movie_id = t.id)
              ->  Seq Scan on movie_info_idx mi_idx  (cost=0.00..21735.35 rows=1380035 width=4) (actual time=0.028..322.336 rows=1380035 loops=1)
              ->  Hash  (cost=73925.90..73925.90 rows=63645 width=4) (actual time=1159.875..1159.875 rows=53382 loops=1)
                    Buckets: 65536  Batches: 1  Memory Usage: 2389kB
                    ->  Seq Scan on title t  (cost=0.00..73925.90 rows=63645 width=4) (actual time=237.774..1136.353 rows=53382 loops=1)
                          Filter: ((production_year > 1996) AND (kind_id = 3))
                          Rows Removed by Filter: 2474930
Planning time: 1.144 ms
Execution time: 18375.026 ms
