Hash Join  (cost=258836.51..1166148.09 rows=3761365 width=0) (actual time=6098.290..22547.897 rows=8716454 loops=1)
  Hash Cond: (ci.movie_id = t.id)
  ->  Seq Scan on cast_info ci  (cost=0.00..796071.18 rows=5187351 width=4) (actual time=0.021..12044.362 rows=3210002 loops=1)
        Filter: ((person_id < 1131752) AND (role_id > 2))
        Rows Removed by Filter: 33034342
  ->  Hash  (cost=228756.47..228756.47 rows=1833443 width=8) (actual time=6096.867..6096.867 rows=2420800 loops=1)
        Buckets: 131072 (originally 131072)  Batches: 64 (originally 32)  Memory Usage: 3917kB
        ->  Hash Join  (cost=84417.00..228756.47 rows=1833443 width=8) (actual time=1396.065..5371.819 rows=2420800 loops=1)
              Hash Cond: (mk.movie_id = t.id)
              ->  Seq Scan on movie_keyword mk  (cost=0.00..69693.30 rows=4523930 width=4) (actual time=0.023..1180.734 rows=4523930 loops=1)
              ->  Hash  (cost=67604.59..67604.59 rows=1024753 width=4) (actual time=1394.946..1394.946 rows=1021752 loops=1)
                    Buckets: 131072  Batches: 16  Memory Usage: 3281kB
                    ->  Seq Scan on title t  (cost=0.00..67604.59 rows=1024753 width=4) (actual time=0.028..1066.630 rows=1021752 loops=1)
                          Filter: (production_year < 2000)
                          Rows Removed by Filter: 1506560
Planning time: 1.141 ms
Execution time: 23504.125 ms
