Hash Join  (cost=85449.15..940146.69 rows=2836631 width=0) (actual time=4494.365..18656.577 rows=3112501 loops=1)
  Hash Cond: (ci.movie_id = t.id)
  ->  Seq Scan on cast_info ci  (cost=0.00..705507.15 rows=10212287 width=4) (actual time=3253.658..11668.512 rows=10235006 loops=1)
        Filter: (person_id > 2690195)
        Rows Removed by Filter: 26009338
  ->  Hash  (cost=73925.90..73925.90 rows=702340 width=4) (actual time=1239.487..1239.487 rows=603836 loops=1)
        Buckets: 131072  Batches: 16  Memory Usage: 2349kB
        ->  Seq Scan on title t  (cost=0.00..73925.90 rows=702340 width=4) (actual time=0.027..1056.795 rows=603836 loops=1)
              Filter: ((kind_id < 7) AND (production_year > 1988))
              Rows Removed by Filter: 1924476
Planning time: 0.717 ms
Execution time: 19022.990 ms
