Hash Join  (cost=129923.03..940038.20 rows=407865 width=0) (actual time=2187.907..18577.814 rows=489539 loops=1)
  Hash Cond: (ci.movie_id = t.id)
  ->  Seq Scan on cast_info ci  (cost=0.00..705507.15 rows=26807832 width=4) (actual time=0.022..10675.878 rows=26986623 loops=1)
        Filter: (person_id > 911160)
        Rows Removed by Filter: 9257721
  ->  Hash  (cost=129442.15..129442.15 rows=38470 width=8) (actual time=2187.003..2187.003 rows=24253 loops=1)
        Buckets: 65536  Batches: 1  Memory Usage: 1460kB
        ->  Hash Join  (cost=74391.93..129442.15 rows=38470 width=8) (actual time=1001.886..2177.475 rows=24253 loops=1)
              Hash Cond: (mc.movie_id = t.id)
              ->  Seq Scan on movie_companies mc  (cost=0.00..44881.29 rows=2609129 width=4) (actual time=0.009..527.375 rows=2609129 loops=1)
              ->  Hash  (cost=73925.90..73925.90 rows=37282 width=4) (actual time=1001.396..1001.396 rows=42986 loops=1)
                    Buckets: 65536  Batches: 1  Memory Usage: 2024kB
                    ->  Seq Scan on title t  (cost=0.00..73925.90 rows=37282 width=4) (actual time=0.060..985.167 rows=42986 loops=1)
                          Filter: ((kind_id > 1) AND (production_year = 1999))
                          Rows Removed by Filter: 2485326
Planning time: 4.139 ms
Execution time: 18642.014 ms
