Hash Join  (cost=52285.17..416946.74 rows=565 width=0) (actual time=896.114..6662.079 rows=9 loops=1)
  Hash Cond: (mi.movie_id = t.id)
  ->  Seq Scan on movie_info mi  (cost=0.00..309384.22 rows=14739122 width=4) (actual time=0.019..3376.220 rows=14835720 loops=1)
  ->  Hash  (cost=52283.95..52283.95 rows=97 width=8) (actual time=815.206..815.206 rows=1 loops=1)
        Buckets: 1024  Batches: 1  Memory Usage: 9kB
        ->  Nested Loop  (cost=0.43..52283.95 rows=97 width=8) (actual time=488.474..815.200 rows=1 loops=1)
              ->  Seq Scan on movie_companies mc  (cost=0.00..51404.11 rows=104 width=4) (actual time=488.396..815.119 rows=1 loops=1)
                    Filter: (company_id = 232634)
                    Rows Removed by Filter: 2609128
              ->  Index Scan using title_pkey on title t  (cost=0.43..8.45 rows=1 width=4) (actual time=0.069..0.071 rows=1 loops=1)
                    Index Cond: (id = mc.movie_id)
                    Filter: (production_year > 1925)
Planning time: 1.199 ms
Execution time: 6671.505 ms
