Seq Scan on cast_info ci  (cost=0.00..796071.18 rows=3336121 width=0) (actual time=6080.718..12167.570 rows=2781 loops=1)
  Filter: ((person_id < 1625189) AND (role_id = 2))
  Rows Removed by Filter: 36241563
Planning time: 0.370 ms
Execution time: 12168.140 ms
