Hash Join  (cost=177603.06..668211.97 rows=1012398 width=0) (actual time=3388.362..17145.845 rows=6058904 loops=1)
  Hash Cond: (mi.movie_id = t.id)
  ->  Seq Scan on movie_info mi  (cost=0.00..309384.22 rows=14739122 width=4) (actual time=0.024..5064.343 rows=14835720 loops=1)
  ->  Hash  (cost=174753.08..174753.08 rows=173679 width=8) (actual time=3370.941..3370.941 rows=343404 loops=1)
        Buckets: 131072 (originally 131072)  Batches: 8 (originally 4)  Memory Usage: 3073kB
        ->  Hash Join  (cost=102767.86..174753.08 rows=173679 width=8) (actual time=1776.789..3258.330 rows=343404 loops=1)
              Hash Cond: (mc.movie_id = t.id)
              ->  Seq Scan on movie_companies mc  (cost=0.00..57926.93 rows=173679 width=4) (actual time=27.267..788.363 rows=343404 loops=1)
                    Filter: ((company_id > 88922) AND (company_type_id = 2))
                    Rows Removed by Filter: 2265725
              ->  Hash  (cost=61283.27..61283.27 rows=2528527 width=4) (actual time=1746.862..1746.862 rows=2528312 loops=1)
                    Buckets: 131072  Batches: 64  Memory Usage: 2415kB
                    ->  Seq Scan on title t  (cost=0.00..61283.27 rows=2528527 width=4) (actual time=0.022..919.046 rows=2528312 loops=1)
Planning time: 1.191 ms
Execution time: 17852.153 ms
