Seq Scan on movie_keyword mk  (cost=0.00..81003.12 rows=1054255 width=0) (actual time=0.025..1320.367 rows=1059962 loops=1)
  Filter: (keyword_id > 16587)
  Rows Removed by Filter: 3463968
Planning time: 0.283 ms
Execution time: 1455.852 ms
