Seq Scan on movie_companies mc  (cost=0.00..57926.93 rows=1224334 width=0) (actual time=256.488..1059.341 rows=1291703 loops=1)
  Filter: ((company_id > 67) AND (company_type_id = 2))
  Rows Removed by Filter: 1317426
Planning time: 0.341 ms
Execution time: 1222.073 ms
