Hash Join  (cost=327675.61..1333705.44 rows=9501223 width=0) (actual time=8371.610..40089.063 rows=50534980 loops=1)
  Hash Cond: (ci.movie_id = t.id)
  ->  Seq Scan on cast_info ci  (cost=0.00..796071.18 rows=7253986 width=4) (actual time=610.653..14404.989 rows=11172716 loops=1)
        Filter: ((person_id > 2584586) AND (role_id > 1))
        Rows Removed by Filter: 25071628
  ->  Hash  (cost=273340.51..273340.51 rows=3311848 width=8) (actual time=7759.907..7759.907 rows=3302739 loops=1)
        Buckets: 131072  Batches: 64  Memory Usage: 3060kB
        ->  Hash Join  (cost=102767.86..273340.51 rows=3311848 width=8) (actual time=2093.261..6796.418 rows=3302739 loops=1)
              Hash Cond: (mk.movie_id = t.id)
              ->  Seq Scan on movie_keyword mk  (cost=0.00..81003.12 rows=3311848 width=4) (actual time=0.042..1803.994 rows=3302739 loops=1)
                    Filter: (keyword_id < 14914)
                    Rows Removed by Filter: 1221191
              ->  Hash  (cost=61283.27..61283.27 rows=2528527 width=4) (actual time=2090.270..2090.270 rows=2528312 loops=1)
                    Buckets: 131072  Batches: 64  Memory Usage: 2425kB
                    ->  Seq Scan on title t  (cost=0.00..61283.27 rows=2528527 width=4) (actual time=0.016..1224.289 rows=2528312 loops=1)
Planning time: 1.145 ms
Execution time: 45672.269 ms
