Hash Join  (cost=179983.56..674250.00 rows=1355151 width=0) (actual time=3718.142..18070.026 rows=7526086 loops=1)
  Hash Cond: (mi.movie_id = t.id)
  ->  Seq Scan on movie_info mi  (cost=0.00..309384.22 rows=14739122 width=4) (actual time=0.013..5000.017 rows=14835720 loops=1)
  ->  Hash  (cost=176168.58..176168.58 rows=232479 width=8) (actual time=3717.287..3717.287 rows=459635 loops=1)
        Buckets: 131072 (originally 131072)  Batches: 8 (originally 4)  Memory Usage: 3291kB
        ->  Hash Join  (cost=102767.86..176168.58 rows=232479 width=8) (actual time=1915.208..3561.591 rows=459635 loops=1)
              Hash Cond: (mc.movie_id = t.id)
              ->  Seq Scan on movie_companies mc  (cost=0.00..57926.93 rows=232479 width=4) (actual time=0.017..826.400 rows=459635 loops=1)
                    Filter: ((company_id > 76631) AND (company_type_id > 1))
                    Rows Removed by Filter: 2149494
              ->  Hash  (cost=61283.27..61283.27 rows=2528527 width=4) (actual time=1913.487..1913.487 rows=2528312 loops=1)
                    Buckets: 131072  Batches: 64  Memory Usage: 2415kB
                    ->  Seq Scan on title t  (cost=0.00..61283.27 rows=2528527 width=4) (actual time=0.027..1051.957 rows=2528312 loops=1)
Planning time: 1.185 ms
Execution time: 18843.802 ms
