Seq Scan on movie_keyword mk  (cost=0.00..81003.12 rows=1982431 width=0) (actual time=0.026..1031.880 rows=1982648 loops=1)
  Filter: (keyword_id < 3505)
  Rows Removed by Filter: 2541282
Planning time: 0.304 ms
Execution time: 1239.861 ms
