Hash Join  (cost=88366.54..896128.76 rows=190919 width=0) (actual time=5179.803..13625.629 rows=842691 loops=1)
  Hash Cond: (ci.movie_id = t.id)
  ->  Seq Scan on cast_info ci  (cost=0.00..796071.18 rows=548492 width=4) (actual time=3822.862..10739.111 rows=2479162 loops=1)
        Filter: ((person_id > 3219787) AND (role_id = 10))
        Rows Removed by Filter: 33765182
  ->  Hash  (cost=73925.90..73925.90 rows=880131 width=4) (actual time=1356.164..1356.164 rows=793962 loops=1)
        Buckets: 131072  Batches: 16  Memory Usage: 2770kB
        ->  Seq Scan on title t  (cost=0.00..73925.90 rows=880131 width=4) (actual time=0.033..1117.645 rows=793962 loops=1)
              Filter: ((kind_id < 7) AND (production_year > 1956))
              Rows Removed by Filter: 1734350
Planning time: 0.779 ms
Execution time: 13730.218 ms
