Hash Join  (cost=221489.24..368590.83 rows=1978885 width=0) (actual time=4885.244..11256.167 rows=13883003 loops=1)
  Hash Cond: (mk.movie_id = t.id)
  ->  Seq Scan on movie_keyword mk  (cost=0.00..81003.12 rows=3525497 width=4) (actual time=0.017..1649.767 rows=3517749 loops=1)
        Filter: (keyword_id > 962)
        Rows Removed by Filter: 1006181
  ->  Hash  (cost=198203.25..198203.25 rows=1419279 width=8) (actual time=4883.066..4883.066 rows=1424364 loops=1)
        Buckets: 131072  Batches: 32  Memory Usage: 2803kB
        ->  Hash Join  (cost=102767.86..198203.25 rows=1419279 width=8) (actual time=1749.008..4432.657 rows=1424364 loops=1)
              Hash Cond: (mc.movie_id = t.id)
              ->  Seq Scan on movie_companies mc  (cost=0.00..51404.11 rows=1419279 width=4) (actual time=7.147..988.829 rows=1424364 loops=1)
                    Filter: (company_id > 10339)
                    Rows Removed by Filter: 1184765
              ->  Hash  (cost=61283.27..61283.27 rows=2528527 width=4) (actual time=1740.123..1740.123 rows=2528312 loops=1)
                    Buckets: 131072  Batches: 64  Memory Usage: 2415kB
                    ->  Seq Scan on title t  (cost=0.00..61283.27 rows=2528527 width=4) (actual time=0.008..923.491 rows=2528312 loops=1)
Planning time: 1.027 ms
Execution time: 12749.126 ms
