Hash Join  (cost=83072.59..109983.20 rows=13 width=0) (actual time=1135.003..1676.342 rows=521 loops=1)
  Hash Cond: (mi_idx.movie_id = t.id)
  ->  Seq Scan on movie_info_idx mi_idx  (cost=0.00..21735.35 rows=1380035 width=4) (actual time=0.018..300.783 rows=1380035 loops=1)
  ->  Hash  (cost=83072.29..83072.29 rows=24 width=8) (actual time=1122.183..1122.183 rows=204 loops=1)
        Buckets: 1024  Batches: 1  Memory Usage: 16kB
        ->  Nested Loop  (cost=0.43..83072.29 rows=24 width=8) (actual time=14.051..1121.961 rows=204 loops=1)
              ->  Seq Scan on movie_keyword mk  (cost=0.00..81003.12 rows=246 width=4) (actual time=3.455..1097.161 rows=611 loops=1)
                    Filter: (keyword_id = 2212)
                    Rows Removed by Filter: 4523319
              ->  Index Scan using title_pkey on title t  (cost=0.43..8.40 rows=1 width=4) (actual time=0.039..0.039 rows=0 loops=611)
                    Index Cond: (id = mk.movie_id)
                    Filter: (production_year < 1961)
                    Rows Removed by Filter: 1
Planning time: 1.947 ms
Execution time: 1676.625 ms
