Hash Join  (cost=78930.19..967186.53 rows=1709290 width=0) (actual time=7321.446..18990.452 rows=1642858 loops=1)
  Hash Cond: (ci.movie_id = t.id)
  ->  Seq Scan on cast_info ci  (cost=0.00..796071.18 rows=6261136 width=4) (actual time=5400.673..12451.439 rows=8582682 loops=1)
        Filter: ((person_id > 1731928) AND (role_id > 3))
        Rows Removed by Filter: 27661662
  ->  Hash  (cost=67604.59..67604.59 rows=690288 width=4) (actual time=1919.297..1919.297 rows=684146 loops=1)
        Buckets: 131072  Batches: 16  Memory Usage: 2525kB
        ->  Seq Scan on title t  (cost=0.00..67604.59 rows=690288 width=4) (actual time=0.047..1061.271 rows=684146 loops=1)
              Filter: (production_year < 1990)
              Rows Removed by Filter: 1844166
Planning time: 0.739 ms
Execution time: 19187.830 ms
