Hash Join  (cost=102767.86..1087670.94 rows=7437040 width=0) (actual time=2186.068..16392.430 rows=3173526 loops=1)
  Hash Cond: (ci.movie_id = t.id)
  ->  Seq Scan on cast_info ci  (cost=0.00..796071.18 rows=7437040 width=4) (actual time=372.069..10719.573 rows=3173526 loops=1)
        Filter: ((person_id < 1117435) AND (role_id > 1))
        Rows Removed by Filter: 33070818
  ->  Hash  (cost=61283.27..61283.27 rows=2528527 width=4) (actual time=1811.707..1811.707 rows=2528312 loops=1)
        Buckets: 131072  Batches: 64  Memory Usage: 2415kB
        ->  Seq Scan on title t  (cost=0.00..61283.27 rows=2528527 width=4) (actual time=0.020..971.243 rows=2528312 loops=1)
Planning time: 1.489 ms
Execution time: 16768.737 ms
