Seq Scan on movie_keyword mk  (cost=0.00..81003.12 rows=4290721 width=0) (actual time=0.012..1543.127 rows=4290329 loops=1)
  Filter: (keyword_id < 62811)
  Rows Removed by Filter: 233601
Planning time: 0.282 ms
Execution time: 2093.912 ms
