Hash Join  (cost=130777.50..485304.62 rows=51800 width=0) (actual time=2817.956..8209.766 rows=121471 loops=1)
  Hash Cond: (mi.movie_id = t.id)
  ->  Seq Scan on movie_info mi  (cost=0.00..346232.03 rows=2073893 width=4) (actual time=187.043..5267.818 rows=2091068 loops=1)
        Filter: (info_type_id < 3)
        Rows Removed by Filter: 12744652
  ->  Hash  (cost=129988.05..129988.05 rows=63156 width=8) (actual time=2348.880..2348.880 rows=76139 loops=1)
        Buckets: 131072 (originally 65536)  Batches: 1 (originally 1)  Memory Usage: 3999kB
        ->  Hash Join  (cost=74690.97..129988.05 rows=63156 width=8) (actual time=988.415..2318.964 rows=76139 loops=1)
              Hash Cond: (mc.movie_id = t.id)
              ->  Seq Scan on movie_companies mc  (cost=0.00..44881.29 rows=2609129 width=4) (actual time=0.032..548.664 rows=2609129 loops=1)
              ->  Hash  (cost=73925.90..73925.90 rows=61205 width=4) (actual time=975.228..975.228 rows=61581 loops=1)
                    Buckets: 65536  Batches: 1  Memory Usage: 2677kB
                    ->  Seq Scan on title t  (cost=0.00..73925.90 rows=61205 width=4) (actual time=366.944..948.479 rows=61581 loops=1)
                          Filter: ((production_year > 2011) AND (kind_id = 1))
                          Rows Removed by Filter: 2466731
Planning time: 3.666 ms
Execution time: 8225.979 ms
