Hash Join  (cost=102767.86..176663.98 rows=253119 width=0) (actual time=1810.642..4007.573 rows=378019 loops=1)
  Hash Cond: (mc.movie_id = t.id)
  ->  Seq Scan on movie_companies mc  (cost=0.00..57926.93 rows=253119 width=4) (actual time=0.024..846.113 rows=378019 loops=1)
        Filter: ((company_id < 475) AND (company_type_id < 2))
        Rows Removed by Filter: 2231110
  ->  Hash  (cost=61283.27..61283.27 rows=2528527 width=4) (actual time=1809.113..1809.113 rows=2528312 loops=1)
        Buckets: 131072  Batches: 64  Memory Usage: 2415kB
        ->  Seq Scan on title t  (cost=0.00..61283.27 rows=2528527 width=4) (actual time=0.019..945.230 rows=2528312 loops=1)
Planning time: 0.566 ms
Execution time: 4047.232 ms
