Hash Join  (cost=77620.93..144821.16 rows=60020 width=0) (actual time=1317.459..2869.462 rows=236842 loops=1)
  Hash Cond: (mc.movie_id = t.id)
  ->  Seq Scan on movie_companies mc  (cost=0.00..57926.93 rows=673891 width=4) (actual time=0.029..1009.330 rows=919719 loops=1)
        Filter: ((company_id < 11695) AND (company_type_id = 1))
        Rows Removed by Filter: 1689410
  ->  Hash  (cost=73925.90..73925.90 rows=225202 width=4) (actual time=1316.583..1316.583 rows=334539 loops=1)
        Buckets: 131072  Batches: 4  Memory Usage: 3966kB
        ->  Seq Scan on title t  (cost=0.00..73925.90 rows=225202 width=4) (actual time=0.016..1207.276 rows=334539 loops=1)
              Filter: ((kind_id < 7) AND (production_year < 1984))
              Rows Removed by Filter: 2193773
Planning time: 0.746 ms
Execution time: 2901.216 ms
