Hash Join  (cost=915940.83..1049960.35 rows=986348 width=0) (actual time=16710.634..27894.094 rows=33447508 loops=1)
  Hash Cond: (mk.movie_id = t.id)
  ->  Seq Scan on movie_keyword mk  (cost=0.00..69693.30 rows=4523930 width=4) (actual time=0.022..1361.027 rows=4523930 loops=1)
  ->  Hash  (cost=906895.68..906895.68 rows=551292 width=8) (actual time=16621.033..16621.033 rows=1382001 loops=1)
        Buckets: 131072 (originally 131072)  Batches: 16 (originally 8)  Memory Usage: 4479kB
        ->  Hash Join  (cost=78556.72..906895.68 rows=551292 width=8) (actual time=5689.056..15964.196 rows=1382001 loops=1)
              Hash Cond: (ci.movie_id = t.id)
              ->  Seq Scan on cast_info ci  (cost=0.00..796071.18 rows=2088229 width=4) (actual time=4633.772..10769.813 rows=4707514 loops=1)
                    Filter: ((person_id > 3209781) AND (role_id > 2))
                    Rows Removed by Filter: 31536830
              ->  Hash  (cost=67604.59..67604.59 rows=667531 width=4) (actual time=1054.432..1054.432 rows=662825 loops=1)
                    Buckets: 131072  Batches: 16  Memory Usage: 2476kB
                    ->  Seq Scan on title t  (cost=0.00..67604.59 rows=667531 width=4) (actual time=265.559..847.102 rows=662825 loops=1)
                          Filter: (kind_id = 1)
                          Rows Removed by Filter: 1865487
Planning time: 1.124 ms
Execution time: 31740.850 ms
