Hash Join  (cost=74338.94..101313.29 rows=6024 width=0) (actual time=1147.189..1663.561 rows=13065 loops=1)
  Hash Cond: (mi_idx.movie_id = t.id)
  ->  Seq Scan on movie_info_idx mi_idx  (cost=0.00..25185.44 rows=460978 width=4) (actual time=0.015..435.029 rows=459925 loops=1)
        Filter: (info_type_id = 99)
        Rows Removed by Filter: 920110
  ->  Hash  (cost=73925.90..73925.90 rows=33043 width=4) (actual time=1012.599..1012.599 rows=127848 loops=1)
        Buckets: 131072 (originally 65536)  Batches: 2 (originally 1)  Memory Usage: 3266kB
        ->  Seq Scan on title t  (cost=0.00..73925.90 rows=33043 width=4) (actual time=260.337..961.553 rows=127848 loops=1)
              Filter: ((kind_id < 2) AND (production_year < 1935))
              Rows Removed by Filter: 2400464
Planning time: 0.790 ms
Execution time: 1666.058 ms
