Seq Scan on cast_info ci  (cost=0.00..796071.18 rows=11930119 width=0) (actual time=0.025..13137.669 rows=5610844 loops=1)
  Filter: ((person_id < 1817117) AND (role_id > 1))
  Rows Removed by Filter: 30633500
Planning time: 0.326 ms
Execution time: 13844.815 ms
