Hash Join  (cost=102767.86..913946.39 rows=217314 width=0) (actual time=6514.042..13714.235 rows=149696 loops=1)
  Hash Cond: (ci.movie_id = t.id)
  ->  Seq Scan on cast_info ci  (cost=0.00..796071.18 rows=217314 width=4) (actual time=4602.469..11277.391 rows=149696 loops=1)
        Filter: ((person_id < 187660) AND (role_id = 3))
        Rows Removed by Filter: 36094648
  ->  Hash  (cost=61283.27..61283.27 rows=2528527 width=4) (actual time=1910.386..1910.386 rows=2528312 loops=1)
        Buckets: 131072  Batches: 64  Memory Usage: 2415kB
        ->  Seq Scan on title t  (cost=0.00..61283.27 rows=2528527 width=4) (actual time=0.022..1074.237 rows=2528312 loops=1)
Planning time: 0.797 ms
Execution time: 13732.258 ms
