Hash Join  (cost=697533.99..2587883.67 rows=65871642 width=0) (actual time=14007.135..73003.389 rows=97676143 loops=1)
  Hash Cond: (ci.movie_id = t.id)
  ->  Seq Scan on cast_info ci  (cost=0.00..705507.15 rows=28243511 width=4) (actual time=0.016..15097.518 rows=28286863 loops=1)
        Filter: (person_id < 2883733)
        Rows Removed by Filter: 7957481
  ->  Hash  (cost=600781.72..600781.72 rows=5897221 width=8) (actual time=14005.022..14005.022 rows=5884963 loops=1)
        Buckets: 131072  Batches: 128  Memory Usage: 2812kB
        ->  Hash Join  (cost=102767.86..600781.72 rows=5897221 width=8) (actual time=1886.499..12548.331 rows=5884963 loops=1)
              Hash Cond: (mi.movie_id = t.id)
              ->  Seq Scan on movie_info mi  (cost=0.00..346232.03 rows=5897221 width=4) (actual time=0.029..5620.863 rows=5884963 loops=1)
                    Filter: (info_type_id < 7)
                    Rows Removed by Filter: 8950757
              ->  Hash  (cost=61283.27..61283.27 rows=2528527 width=4) (actual time=1884.927..1884.927 rows=2528312 loops=1)
                    Buckets: 131072  Batches: 64  Memory Usage: 2425kB
                    ->  Seq Scan on title t  (cost=0.00..61283.27 rows=2528527 width=4) (actual time=0.019..1025.172 rows=2528312 loops=1)
Planning time: 1.086 ms
Execution time: 83649.373 ms
