Seq Scan on movie_keyword mk  (cost=0.00..81003.12 rows=3409507 width=0) (actual time=0.012..1625.398 rows=3401285 loops=1)
  Filter: (keyword_id > 1198)
  Rows Removed by Filter: 1122645
Planning time: 0.258 ms
Execution time: 2043.434 ms
