Hash Join  (cost=215833.08..368039.66 rows=2015351 width=0) (actual time=4573.939..13299.125 rows=24122545 loops=1)
  Hash Cond: (mk.movie_id = t.id)
  ->  Seq Scan on movie_keyword mk  (cost=0.00..81003.12 rows=3982650 width=4) (actual time=0.038..1719.567 rows=3982530 loops=1)
        Filter: (keyword_id > 382)
        Rows Removed by Filter: 541400
  ->  Hash  (cost=194840.12..194840.12 rows=1279517 width=8) (actual time=4572.729..4572.729 rows=1274246 loops=1)
        Buckets: 131072  Batches: 32  Memory Usage: 2633kB
        ->  Hash Join  (cost=102767.86..194840.12 rows=1279517 width=8) (actual time=1845.604..4190.633 rows=1274246 loops=1)
              Hash Cond: (mc.movie_id = t.id)
              ->  Seq Scan on movie_companies mc  (cost=0.00..51404.11 rows=1279517 width=4) (actual time=0.016..911.172 rows=1274246 loops=1)
                    Filter: (company_type_id = 1)
                    Rows Removed by Filter: 1334883
              ->  Hash  (cost=61283.27..61283.27 rows=2528527 width=4) (actual time=1843.648..1843.648 rows=2528312 loops=1)
                    Buckets: 131072  Batches: 64  Memory Usage: 2415kB
                    ->  Seq Scan on title t  (cost=0.00..61283.27 rows=2528527 width=4) (actual time=0.014..989.020 rows=2528312 loops=1)
Planning time: 1.588 ms
Execution time: 15888.549 ms
