Seq Scan on cast_info ci  (cost=0.00..796071.18 rows=10295819 width=0) (actual time=182.405..13563.057 rows=7740290 loops=1)
  Filter: ((person_id > 662255) AND (role_id = 1))
  Rows Removed by Filter: 28504054
Planning time: 0.456 ms
Execution time: 14497.427 ms
