Seq Scan on cast_info ci  (cost=0.00..796071.18 rows=4421330 width=0) (actual time=58.196..12120.934 rows=2632687 loops=1)
  Filter: ((person_id < 1291697) AND (role_id > 3))
  Rows Removed by Filter: 33611657
Planning time: 0.328 ms
Execution time: 12458.244 ms
