Hash Join  (cost=432280.31..1481339.88 rows=1485137 width=0) (actual time=6681.435..33101.307 rows=3191817 loops=1)
  Hash Cond: (ci.movie_id = t.id)
  ->  Seq Scan on cast_info ci  (cost=0.00..614943.12 rows=36225612 width=4) (actual time=0.029..11966.313 rows=36244344 loops=1)
  ->  Hash  (cost=430579.53..430579.53 rows=103662 width=8) (actual time=6680.402..6680.402 rows=126547 loops=1)
        Buckets: 131072  Batches: 2  Memory Usage: 3516kB
        ->  Hash Join  (cost=74201.04..430579.53 rows=103662 width=8) (actual time=1211.208..6636.994 rows=126547 loops=1)
              Hash Cond: (mi.movie_id = t.id)
              ->  Seq Scan on movie_info mi  (cost=0.00..346232.03 rows=651960 width=4) (actual time=0.017..5016.617 rows=660923 loops=1)
                    Filter: (info_type_id = 18)
                    Rows Removed by Filter: 14174797
              ->  Hash  (cost=67604.59..67604.59 rows=402036 width=4) (actual time=1209.555..1209.555 rows=395872 loops=1)
                    Buckets: 131072  Batches: 8  Memory Usage: 2765kB
                    ->  Seq Scan on title t  (cost=0.00..67604.59 rows=402036 width=4) (actual time=0.017..1075.801 rows=395872 loops=1)
                          Filter: (production_year < 1972)
                          Rows Removed by Filter: 2132440
Planning time: 5.446 ms
Execution time: 33521.846 ms
