Hash Join  (cost=337970.18..1094857.26 rows=20787845 width=0) (actual time=7741.931..66072.070 rows=183139131 loops=1)
  Hash Cond: (mi.movie_id = t.id)
  ->  Seq Scan on movie_info mi  (cost=0.00..309384.22 rows=14739122 width=4) (actual time=0.008..5618.432 rows=14835720 loops=1)
  ->  Hash  (cost=279461.70..279461.70 rows=3566198 width=8) (actual time=7739.108..7739.108 rows=3554843 loops=1)
        Buckets: 131072  Batches: 64  Memory Usage: 3296kB
        ->  Hash Join  (cost=102767.86..279461.70 rows=3566198 width=8) (actual time=1744.903..6715.388 rows=3554843 loops=1)
              Hash Cond: (mk.movie_id = t.id)
              ->  Seq Scan on movie_keyword mk  (cost=0.00..81003.12 rows=3566198 width=4) (actual time=0.023..1563.223 rows=3554843 loops=1)
                    Filter: (keyword_id < 19575)
                    Rows Removed by Filter: 969087
              ->  Hash  (cost=61283.27..61283.27 rows=2528527 width=4) (actual time=1743.310..1743.310 rows=2528312 loops=1)
                    Buckets: 131072  Batches: 64  Memory Usage: 2425kB
                    ->  Seq Scan on title t  (cost=0.00..61283.27 rows=2528527 width=4) (actual time=0.011..886.241 rows=2528312 loops=1)
Planning time: 3.341 ms
Execution time: 86398.124 ms
