Hash Join  (cost=102767.86..219545.46 rows=1076214 width=0) (actual time=1899.819..4447.520 rows=1086212 loops=1)
  Hash Cond: (mk.movie_id = t.id)
  ->  Seq Scan on movie_keyword mk  (cost=0.00..81003.12 rows=1076214 width=4) (actual time=0.021..1333.060 rows=1086212 loops=1)
        Filter: (keyword_id > 16281)
        Rows Removed by Filter: 3437718
  ->  Hash  (cost=61283.27..61283.27 rows=2528527 width=4) (actual time=1898.542..1898.542 rows=2528312 loops=1)
        Buckets: 131072  Batches: 64  Memory Usage: 2425kB
        ->  Seq Scan on title t  (cost=0.00..61283.27 rows=2528527 width=4) (actual time=0.027..1018.139 rows=2528312 loops=1)
Planning time: 0.753 ms
Execution time: 4576.386 ms
