Hash Join  (cost=100809.69..1421057.54 rows=23476167 width=0) (actual time=1829.057..40585.205 rows=23074568 loops=1)
  Hash Cond: (ci.movie_id = t.id)
  ->  Seq Scan on cast_info ci  (cost=0.00..614943.12 rows=36225612 width=4) (actual time=0.017..12400.864 rows=36244344 loops=1)
  ->  Hash  (cost=73925.90..73925.90 rows=1638623 width=4) (actual time=1827.789..1827.789 rows=1629839 loops=1)
        Buckets: 131072  Batches: 32  Memory Usage: 2813kB
        ->  Seq Scan on title t  (cost=0.00..73925.90 rows=1638623 width=4) (actual time=0.018..1306.041 rows=1629839 loops=1)
              Filter: ((kind_id > 1) AND (production_year < 2012))
              Rows Removed by Filter: 898473
Planning time: 1.812 ms
Execution time: 43450.236 ms
