Hash Join  (cost=100669.85..187664.50 rows=33661 width=0) (actual time=1540.935..2983.090 rows=202236 loops=1)
  Hash Cond: (mk.movie_id = t.id)
  ->  Seq Scan on movie_keyword mk  (cost=0.00..69693.30 rows=4523930 width=4) (actual time=0.011..671.077 rows=4523930 loops=1)
  ->  Hash  (cost=100434.68..100434.68 rows=18814 width=8) (actual time=1540.625..1540.625 rows=37049 loops=1)
        Buckets: 65536 (originally 32768)  Batches: 1 (originally 1)  Memory Usage: 1960kB
        ->  Hash Join  (cost=69283.60..100434.68 rows=18814 width=8) (actual time=1114.380..1526.426 rows=37049 loops=1)
              Hash Cond: (mi_idx.movie_id = t.id)
              ->  Seq Scan on movie_info_idx mi_idx  (cost=0.00..25185.44 rows=464934 width=4) (actual time=0.025..411.651 rows=460185 loops=1)
                    Filter: (info_type_id > 100)
                    Rows Removed by Filter: 919850
              ->  Hash  (cost=67604.59..67604.59 rows=102321 width=4) (actual time=910.955..910.955 rows=100537 loops=1)
                    Buckets: 131072  Batches: 2  Memory Usage: 2797kB
                    ->  Seq Scan on title t  (cost=0.00..67604.59 rows=102321 width=4) (actual time=106.563..876.132 rows=100537 loops=1)
                          Filter: (kind_id = 3)
                          Rows Removed by Filter: 2427775
Planning time: 1.162 ms
Execution time: 3004.209 ms
