Seq Scan on cast_info ci  (cost=0.00..705507.15 rows=14246728 width=0) (actual time=2492.027..10588.861 rows=14402760 loops=1)
  Filter: (person_id > 2220869)
  Rows Removed by Filter: 21841584
Planning time: 0.308 ms
Execution time: 12343.593 ms
