Nested Loop  (cost=0.43..83072.29 rows=141 width=0) (actual time=1.072..1264.914 rows=255 loops=1)
  ->  Seq Scan on movie_keyword mk  (cost=0.00..81003.12 rows=246 width=4) (actual time=1.019..1234.674 rows=421 loops=1)
        Filter: (keyword_id = 2125)
        Rows Removed by Filter: 4523509
  ->  Index Scan using title_pkey on title t  (cost=0.43..8.40 rows=1 width=4) (actual time=0.069..0.070 rows=1 loops=421)
        Index Cond: (id = mk.movie_id)
        Filter: (production_year < 2006)
        Rows Removed by Filter: 0
Planning time: 13.976 ms
Execution time: 1265.164 ms
