Hash Join  (cost=102767.86..200108.66 rows=268411 width=0) (actual time=1735.339..3514.893 rows=268595 loops=1)
  Hash Cond: (mk.movie_id = t.id)
  ->  Seq Scan on movie_keyword mk  (cost=0.00..81003.12 rows=268411 width=4) (actual time=0.025..1169.488 rows=268595 loops=1)
        Filter: (keyword_id > 58476)
        Rows Removed by Filter: 4255335
  ->  Hash  (cost=61283.27..61283.27 rows=2528527 width=4) (actual time=1733.910..1733.910 rows=2528312 loops=1)
        Buckets: 131072  Batches: 64  Memory Usage: 2425kB
        ->  Seq Scan on title t  (cost=0.00..61283.27 rows=2528527 width=4) (actual time=0.008..881.044 rows=2528312 loops=1)
Planning time: 1.324 ms
Execution time: 3548.039 ms
