Hash Join  (cost=448026.41..536906.33 rows=14624 width=0) (actual time=5380.260..8390.409 rows=5143357 loops=1)
  Hash Cond: (mk.movie_id = t.id)
  ->  Seq Scan on movie_keyword mk  (cost=0.00..81003.12 rows=2061480 width=4) (actual time=0.010..1325.033 rows=2062930 loops=1)
        Filter: (keyword_id > 5899)
        Rows Removed by Filter: 2461000
  ->  Hash  (cost=447802.20..447802.20 rows=17937 width=8) (actual time=5379.283..5379.283 rows=109034 loops=1)
        Buckets: 131072 (originally 32768)  Batches: 2 (originally 1)  Memory Usage: 3168kB
        ->  Nested Loop  (cost=0.43..447802.20 rows=17937 width=8) (actual time=232.236..5334.052 rows=109034 loops=1)
              ->  Seq Scan on movie_info mi  (cost=0.00..346232.03 rows=17937 width=4) (actual time=232.153..4652.062 rows=109034 loops=1)
                    Filter: (info_type_id = 106)
                    Rows Removed by Filter: 14726686
              ->  Index Only Scan using title_pkey on title t  (cost=0.43..5.65 rows=1 width=4) (actual time=0.005..0.006 rows=1 loops=109034)
                    Index Cond: (id = mi.movie_id)
                    Heap Fetches: 109034
Planning time: 0.755 ms
Execution time: 8970.919 ms
