Seq Scan on movie_companies mc  (cost=0.00..57926.93 rows=994614 width=0) (actual time=21.138..1095.964 rows=1274246 loops=1)
  Filter: ((company_id < 70915) AND (company_type_id < 2))
  Rows Removed by Filter: 1334883
Planning time: 1.508 ms
Execution time: 1258.833 ms
