Seq Scan on cast_info ci  (cost=0.00..705507.15 rows=500 width=0) (actual time=7107.338..11192.598 rows=794 loops=1)
  Filter: (person_id = 282170)
  Rows Removed by Filter: 36243550
Planning time: 0.400 ms
Execution time: 11192.795 ms
