Hash Join  (cost=118204.69..621833.71 rows=1016137 width=0) (actual time=2663.306..16026.166 rows=3496043 loops=1)
  Hash Cond: (mi.movie_id = t.id)
  ->  Seq Scan on movie_info mi  (cost=0.00..346232.03 rows=12665229 width=4) (actual time=0.025..6000.965 rows=12744652 loops=1)
        Filter: (info_type_id > 2)
        Rows Removed by Filter: 2091068
  ->  Hash  (cost=114875.88..114875.88 rows=202865 width=8) (actual time=2662.435..2662.435 rows=218781 loops=1)
        Buckets: 131072  Batches: 4  Memory Usage: 3173kB
        ->  Hash Join  (cost=73702.75..114875.88 rows=202865 width=8) (actual time=1429.300..2592.553 rows=218781 loops=1)
              Hash Cond: (mi_idx.movie_id = t.id)
              ->  Seq Scan on movie_info_idx mi_idx  (cost=0.00..21735.35 rows=1380035 width=4) (actual time=0.016..420.615 rows=1380035 loops=1)
              ->  Hash  (cost=67604.59..67604.59 rows=371693 width=4) (actual time=1428.360..1428.360 rows=366430 loops=1)
                    Buckets: 131072  Batches: 8  Memory Usage: 2627kB
                    ->  Seq Scan on title t  (cost=0.00..67604.59 rows=371693 width=4) (actual time=0.017..939.143 rows=366430 loops=1)
                          Filter: (production_year < 1970)
                          Rows Removed by Filter: 2161882
Planning time: 1.181 ms
Execution time: 16415.601 ms
