Nested Loop  (cost=0.43..797957.66 rows=224 width=0) (actual time=6698.428..12682.940 rows=1 loops=1)
  ->  Seq Scan on cast_info ci  (cost=0.00..796071.18 rows=224 width=4) (actual time=6698.267..12682.773 rows=1 loops=1)
        Filter: ((role_id > 2) AND (person_id = 2518063))
        Rows Removed by Filter: 36244343
  ->  Index Only Scan using title_pkey on title t  (cost=0.43..8.41 rows=1 width=4) (actual time=0.105..0.106 rows=1 loops=1)
        Index Cond: (id = ci.movie_id)
        Heap Fetches: 1
Planning time: 6.057 ms
Execution time: 12683.029 ms
