Hash Join  (cost=150539.25..965604.95 rows=269350 width=0) (actual time=7298.357..15201.253 rows=554664 loops=1)
  Hash Cond: (ci.movie_id = t.id)
  ->  Seq Scan on cast_info ci  (cost=0.00..796071.18 rows=1221339 width=4) (actual time=4201.025..10118.992 rows=2414522 loops=1)
        Filter: ((person_id < 322443) AND (role_id < 2))
        Rows Removed by Filter: 33829822
  ->  Hash  (cost=141389.85..141389.85 rows=557632 width=8) (actual time=3096.223..3096.223 rows=283812 loops=1)
        Buckets: 131072  Batches: 8  Memory Usage: 2409kB
        ->  Hash Join  (cost=92883.59..141389.85 rows=557632 width=8) (actual time=1789.162..3017.778 rows=283812 loops=1)
              Hash Cond: (mi_idx.movie_id = t.id)
              ->  Seq Scan on movie_info_idx mi_idx  (cost=0.00..25185.44 rows=915101 width=4) (actual time=0.022..495.518 rows=919850 loops=1)
                    Filter: (info_type_id < 101)
                    Rows Removed by Filter: 460185
              ->  Hash  (cost=67604.59..67604.59 rows=1540800 width=4) (actual time=1787.631..1787.631 rows=1543264 loops=1)
                    Buckets: 131072  Batches: 32  Memory Usage: 2722kB
                    ->  Seq Scan on title t  (cost=0.00..67604.59 rows=1540800 width=4) (actual time=0.024..1096.267 rows=1543264 loops=1)
                          Filter: (kind_id = 7)
                          Rows Removed by Filter: 985048
Planning time: 1.175 ms
Execution time: 15273.006 ms
