Hash Join  (cost=87734.02..566413.71 rows=2886968 width=0) (actual time=1794.643..13762.873 rows=5113505 loops=1)
  Hash Cond: (mi.movie_id = t.id)
  ->  Seq Scan on movie_info mi  (cost=0.00..346232.03 rows=8673596 width=4) (actual time=595.645..5682.062 rows=8786582 loops=1)
        Filter: (info_type_id < 13)
        Rows Removed by Filter: 6049138
  ->  Hash  (cost=73925.90..73925.90 rows=841609 width=4) (actual time=1198.202..1198.202 rows=755160 loops=1)
        Buckets: 131072  Batches: 16  Memory Usage: 2695kB
        ->  Seq Scan on title t  (cost=0.00..73925.90 rows=841609 width=4) (actual time=0.029..966.775 rows=755160 loops=1)
              Filter: ((kind_id < 7) AND (production_year > 1965))
              Rows Removed by Filter: 1773152
Planning time: 0.719 ms
Execution time: 14325.997 ms
