Seq Scan on cast_info ci  (cost=0.00..796071.18 rows=1271931 width=0) (actual time=2090.454..10508.610 rows=408894 loops=1)
  Filter: ((person_id < 1030176) AND (role_id = 10))
  Rows Removed by Filter: 35835450
Planning time: 0.418 ms
Execution time: 10561.588 ms
