Seq Scan on cast_info ci  (cost=0.00..796071.18 rows=249225 width=0) (actual time=5.924..13730.378 rows=275314 loops=1)
  Filter: ((person_id > 1009798) AND (role_id > 10))
  Rows Removed by Filter: 35969030
Planning time: 0.353 ms
Execution time: 13764.844 ms
