Hash Join  (cost=888423.91..1028408.28 rows=1821448 width=0) (actual time=16420.823..20457.590 rows=2648734 loops=1)
  Hash Cond: (mk.movie_id = t.id)
  ->  Seq Scan on movie_keyword mk  (cost=0.00..81003.12 rows=2652352 width=4) (actual time=0.027..1536.996 rows=2643655 loops=1)
        Filter: (keyword_id < 7286)
        Rows Removed by Filter: 1880275
  ->  Hash  (cost=859935.74..859935.74 rows=1736414 width=8) (actual time=16419.289..16419.289 rows=1703543 loops=1)
        Buckets: 131072  Batches: 32  Memory Usage: 3094kB
        ->  Hash Join  (cost=102767.86..859935.74 rows=1736414 width=8) (actual time=12435.467..15895.070 rows=1703543 loops=1)
              Hash Cond: (ci.movie_id = t.id)
              ->  Seq Scan on cast_info ci  (cost=0.00..705507.15 rows=1736414 width=4) (actual time=10850.920..11758.384 rows=1703543 loops=1)
                    Filter: (role_id = 8)
                    Rows Removed by Filter: 34540801
              ->  Hash  (cost=61283.27..61283.27 rows=2528527 width=4) (actual time=1583.387..1583.387 rows=2528312 loops=1)
                    Buckets: 131072  Batches: 64  Memory Usage: 2415kB
                    ->  Seq Scan on title t  (cost=0.00..61283.27 rows=2528527 width=4) (actual time=0.015..820.425 rows=2528312 loops=1)
Planning time: 1.138 ms
Execution time: 20788.072 ms
