Hash Join  (cost=74383.28..441172.09 rows=213288 width=0) (actual time=1169.754..8802.486 rows=147367 loops=1)
  Hash Cond: (mi.movie_id = t.id)
  ->  Seq Scan on movie_info mi  (cost=0.00..309384.22 rows=14739122 width=4) (actual time=0.020..3808.372 rows=14835720 loops=1)
  ->  Hash  (cost=73925.90..73925.90 rows=36590 width=4) (actual time=1169.369..1169.369 rows=42576 loops=1)
        Buckets: 65536  Batches: 1  Memory Usage: 2009kB
        ->  Seq Scan on title t  (cost=0.00..73925.90 rows=36590 width=4) (actual time=0.025..1151.209 rows=42576 loops=1)
              Filter: ((kind_id > 2) AND (production_year = 2000))
              Rows Removed by Filter: 2485736
Planning time: 4.338 ms
Execution time: 8825.154 ms
