Seq Scan on movie_companies mc  (cost=0.00..57926.93 rows=51 width=0) (actual time=173.163..803.950 rows=20 loops=1)
  Filter: ((company_id = 1583) AND (company_type_id = 1))
  Rows Removed by Filter: 2609109
Planning time: 0.353 ms
Execution time: 804.043 ms
