Hash Join  (cost=190739.25..1316591.60 rows=8960518 width=0) (actual time=3788.340..33667.753 rows=8212681 loops=1)
  Hash Cond: (ci.movie_id = t.id)
  ->  Seq Scan on cast_info ci  (cost=0.00..614943.12 rows=36225612 width=4) (actual time=0.014..11897.637 rows=36244344 loops=1)
  ->  Hash  (cost=180477.27..180477.27 rows=625439 width=8) (actual time=3786.908..3786.908 rows=349064 loops=1)
        Buckets: 131072  Batches: 16  Memory Usage: 1869kB
        ->  Hash Join  (cost=98137.04..180477.27 rows=625439 width=8) (actual time=1674.175..3635.588 rows=349064 loops=1)
              Hash Cond: (mc.movie_id = t.id)
              ->  Seq Scan on movie_companies mc  (cost=0.00..57926.93 rows=849781 width=4) (actual time=0.027..981.445 rows=535144 loops=1)
                    Filter: ((company_id < 18579) AND (company_type_id = 2))
                    Rows Removed by Filter: 2073985
              ->  Hash  (cost=67604.59..67604.59 rows=1860996 width=4) (actual time=1672.878..1672.878 rows=1865487 loops=1)
                    Buckets: 131072  Batches: 32  Memory Usage: 3079kB
                    ->  Seq Scan on title t  (cost=0.00..67604.59 rows=1860996 width=4) (actual time=0.015..1073.659 rows=1865487 loops=1)
                          Filter: (kind_id > 1)
                          Rows Removed by Filter: 662825
Planning time: 1.152 ms
Execution time: 34543.306 ms
