Hash Join  (cost=148598.05..220010.48 rows=294113 width=0) (actual time=3397.920..4824.051 rows=555270 loops=1)
  Hash Cond: (mc.movie_id = t.id)
  ->  Seq Scan on movie_companies mc  (cost=0.00..51404.11 rows=1279517 width=4) (actual time=247.504..888.886 rows=1274246 loops=1)
        Filter: (company_type_id < 2)
        Rows Removed by Filter: 1334883
  ->  Hash  (cost=139061.89..139061.89 rows=581213 width=8) (actual time=3149.477..3149.477 rows=493329 loops=1)
        Buckets: 131072  Batches: 8  Memory Usage: 3448kB
        ->  Hash Join  (cost=91397.28..139061.89 rows=581213 width=8) (actual time=1633.758..3007.694 rows=493329 loops=1)
              Hash Cond: (mi_idx.movie_id = t.id)
              ->  Seq Scan on movie_info_idx mi_idx  (cost=0.00..21735.35 rows=1380035 width=4) (actual time=0.033..440.951 rows=1380035 loops=1)
              ->  Hash  (cost=73925.90..73925.90 rows=1064910 width=4) (actual time=1632.476..1632.476 rows=1003269 loops=1)
                    Buckets: 131072  Batches: 16  Memory Usage: 3233kB
                    ->  Seq Scan on title t  (cost=0.00..73925.90 rows=1064910 width=4) (actual time=0.022..1335.804 rows=1003269 loops=1)
                          Filter: ((kind_id > 1) AND (production_year < 2006))
                          Rows Removed by Filter: 1525043
Planning time: 1.176 ms
Execution time: 4892.587 ms
