Hash Join  (cost=68058.67..865222.91 rows=4033 width=0) (actual time=3979.141..16591.962 rows=4338 loops=1)
  Hash Cond: (ci.movie_id = t.id)
  ->  Seq Scan on cast_info ci  (cost=0.00..796071.18 rows=280728 width=4) (actual time=2924.832..15465.486 rows=287129 loops=1)
        Filter: ((person_id > 689063) AND (role_id > 10))
        Rows Removed by Filter: 35957215
  ->  Hash  (cost=67604.59..67604.59 rows=36327 width=4) (actual time=1053.595..1053.595 rows=36509 loops=1)
        Buckets: 65536  Batches: 1  Memory Usage: 1796kB
        ->  Seq Scan on title t  (cost=0.00..67604.59 rows=36327 width=4) (actual time=0.040..1038.306 rows=36509 loops=1)
              Filter: (production_year = 1996)
              Rows Removed by Filter: 2491803
Planning time: 1.993 ms
Execution time: 16592.848 ms
