Nested Loop  (cost=0.43..799265.94 rows=382 width=0) (actual time=6670.537..13674.521 rows=13 loops=1)
  ->  Seq Scan on cast_info ci  (cost=0.00..796071.18 rows=382 width=4) (actual time=6670.450..13674.138 rows=13 loops=1)
        Filter: ((role_id < 6) AND (person_id = 355624))
        Rows Removed by Filter: 36244331
  ->  Index Only Scan using title_pkey on title t  (cost=0.43..8.35 rows=1 width=4) (actual time=0.026..0.026 rows=1 loops=13)
        Index Cond: (id = ci.movie_id)
        Heap Fetches: 13
Planning time: 0.693 ms
Execution time: 13674.590 ms
