Seq Scan on cast_info ci  (cost=0.00..705507.15 rows=33476045 width=0) (actual time=0.031..12232.926 rows=33531455 loops=1)
  Filter: (person_id > 260011)
  Rows Removed by Filter: 2712889
Planning time: 0.406 ms
Execution time: 16448.795 ms
