Seq Scan on cast_info ci  (cost=0.00..705507.15 rows=500 width=0) (actual time=3065.943..10043.483 rows=18 loops=1)
  Filter: (person_id = 1073168)
  Rows Removed by Filter: 36244326
Planning time: 0.349 ms
Execution time: 10043.600 ms
