Hash Join  (cost=94657.25..856202.55 rows=8070 width=0) (actual time=1475.318..15835.929 rows=1628 loops=1)
  Hash Cond: (ci.movie_id = t.id)
  ->  Seq Scan on cast_info ci  (cost=0.00..705507.15 rows=14921994 width=4) (actual time=0.027..11880.475 rows=14820508 loops=1)
        Filter: (person_id < 1461975)
        Rows Removed by Filter: 21423836
  ->  Hash  (cost=94640.16..94640.16 rows=1367 width=8) (actual time=1433.814..1433.814 rows=280 loops=1)
        Buckets: 2048  Batches: 1  Memory Usage: 27kB
        ->  Hash Join  (cost=67697.55..94640.16 rows=1367 width=8) (actual time=1136.422..1433.585 rows=280 loops=1)
              Hash Cond: (mi_idx.movie_id = t.id)
              ->  Seq Scan on movie_info_idx mi_idx  (cost=0.00..25185.44 rows=464934 width=4) (actual time=0.019..392.566 rows=460185 loops=1)
                    Filter: (info_type_id > 100)
                    Rows Removed by Filter: 919850
              ->  Hash  (cost=67604.59..67604.59 rows=7437 width=4) (actual time=947.345..947.345 rows=7770 loops=1)
                    Buckets: 8192  Batches: 1  Memory Usage: 338kB
                    ->  Seq Scan on title t  (cost=0.00..67604.59 rows=7437 width=4) (actual time=0.094..944.062 rows=7770 loops=1)
                          Filter: (production_year = 1912)
                          Rows Removed by Filter: 2520542
Planning time: 7.594 ms
Execution time: 15836.776 ms
