Hash Join  (cost=153130.67..192696.44 rows=109129 width=0) (actual time=3187.349..4770.332 rows=773591 loops=1)
  Hash Cond: (mi_idx.movie_id = t.id)
  ->  Seq Scan on movie_info_idx mi_idx  (cost=0.00..21735.35 rows=1380035 width=4) (actual time=0.023..393.336 rows=1380035 loops=1)
  ->  Hash  (cost=149849.32..149849.32 rows=199948 width=8) (actual time=3186.494..3186.494 rows=572730 loops=1)
        Buckets: 131072 (originally 131072)  Batches: 8 (originally 4)  Memory Usage: 3826kB
        ->  Hash Join  (cost=78556.72..149849.32 rows=199948 width=8) (actual time=1652.095..3003.939 rows=572730 loops=1)
              Hash Cond: (mc.movie_id = t.id)
              ->  Seq Scan on movie_companies mc  (cost=0.00..57926.93 rows=757380 width=4) (actual time=187.532..1029.341 rows=974613 loops=1)
                    Filter: ((company_id > 7851) AND (company_type_id > 1))
                    Rows Removed by Filter: 1634516
              ->  Hash  (cost=67604.59..67604.59 rows=667531 width=4) (actual time=1187.525..1187.525 rows=662825 loops=1)
                    Buckets: 131072  Batches: 16  Memory Usage: 2476kB
                    ->  Seq Scan on title t  (cost=0.00..67604.59 rows=667531 width=4) (actual time=23.039..976.178 rows=662825 loops=1)
                          Filter: (kind_id = 1)
                          Rows Removed by Filter: 1865487
Planning time: 1.085 ms
Execution time: 4864.341 ms
