Hash Join  (cost=83074.74..836316.99 rows=1238 width=0) (actual time=1265.445..15615.267 rows=22544 loops=1)
  Hash Cond: (ci.movie_id = t.id)
  ->  Seq Scan on cast_info ci  (cost=0.00..705507.15 rows=12726058 width=4) (actual time=0.019..12380.698 rows=12670688 loops=1)
        Filter: (role_id < 2)
        Rows Removed by Filter: 23573656
  ->  Hash  (cost=83071.67..83071.67 rows=246 width=8) (actual time=1265.149..1265.149 rows=743 loops=1)
        Buckets: 1024  Batches: 1  Memory Usage: 38kB
        ->  Nested Loop  (cost=0.43..83071.67 rows=246 width=8) (actual time=0.681..1264.572 rows=743 loops=1)
              ->  Seq Scan on movie_keyword mk  (cost=0.00..81003.12 rows=246 width=4) (actual time=0.616..1239.471 rows=743 loops=1)
                    Filter: (keyword_id = 644)
                    Rows Removed by Filter: 4523187
              ->  Index Only Scan using title_pkey on title t  (cost=0.43..8.40 rows=1 width=4) (actual time=0.032..0.032 rows=1 loops=743)
                    Index Cond: (id = mk.movie_id)
                    Heap Fetches: 743
Planning time: 1.172 ms
Execution time: 15620.360 ms
