Hash Join  (cost=842372.82..2745389.91 rows=73665911 width=0) (actual time=18306.476..80639.569 rows=133720225 loops=1)
  Hash Cond: (ci.movie_id = t.id)
  ->  Seq Scan on cast_info ci  (cost=0.00..705507.15 rows=19655987 width=4) (actual time=0.018..13537.495 rows=19822665 loops=1)
        Filter: (person_id > 1626220)
        Rows Removed by Filter: 16421679
  ->  Hash  (cost=686901.94..686901.94 rows=9476311 width=8) (actual time=18304.733..18304.733 rows=9565151 loops=1)
        Buckets: 131072  Batches: 128  Memory Usage: 3919kB
        ->  Hash Join  (cost=102767.86..686901.94 rows=9476311 width=8) (actual time=2519.423..15687.433 rows=9565151 loops=1)
              Hash Cond: (mi.movie_id = t.id)
              ->  Seq Scan on movie_info mi  (cost=0.00..346232.03 rows=9476311 width=4) (actual time=685.907..5699.329 rows=9565151 loops=1)
                    Filter: (info_type_id < 16)
                    Rows Removed by Filter: 5270569
              ->  Hash  (cost=61283.27..61283.27 rows=2528527 width=4) (actual time=1832.606..1832.606 rows=2528312 loops=1)
                    Buckets: 131072  Batches: 64  Memory Usage: 2425kB
                    ->  Seq Scan on title t  (cost=0.00..61283.27 rows=2528527 width=4) (actual time=0.021..959.758 rows=2528312 loops=1)
Planning time: 1.237 ms
Execution time: 95440.390 ms
