Seq Scan on movie_keyword mk  (cost=0.00..81003.12 rows=246 width=0) (actual time=24.074..1038.949 rows=43 loops=1)
  Filter: (keyword_id = 15260)
  Rows Removed by Filter: 4523887
Planning time: 0.410 ms
Execution time: 1039.064 ms
