Hash Join  (cost=83240.42..598357.56 rows=3309322 width=0) (actual time=1382.017..15633.807 rows=7445238 loops=1)
  Hash Cond: (mi.movie_id = t.id)
  ->  Seq Scan on movie_info mi  (cost=0.00..309384.22 rows=14739122 width=4) (actual time=0.008..5233.283 rows=14835720 loops=1)
  ->  Hash  (cost=73925.90..73925.90 rows=567721 width=4) (actual time=1380.849..1380.849 rows=620439 loops=1)
        Buckets: 131072  Batches: 8  Memory Usage: 3773kB
        ->  Seq Scan on title t  (cost=0.00..73925.90 rows=567721 width=4) (actual time=0.016..1175.577 rows=620439 loops=1)
              Filter: ((kind_id < 4) AND (production_year < 2008))
              Rows Removed by Filter: 1907873
Planning time: 0.913 ms
Execution time: 16353.059 ms
