Hash Join  (cost=102812.53..467743.94 rows=27548 width=0) (actual time=1561.717..7961.361 rows=20 loops=1)
  Hash Cond: (mi.movie_id = t.id)
  ->  Seq Scan on movie_info mi  (cost=0.00..309384.22 rows=14739122 width=4) (actual time=0.027..3725.974 rows=14835720 loops=1)
  ->  Hash  (cost=102753.46..102753.46 rows=4726 width=8) (actual time=1550.299..1550.299 rows=2 loops=1)
        Buckets: 8192  Batches: 1  Memory Usage: 65kB
        ->  Hash Join  (cost=74089.13..102753.46 rows=4726 width=8) (actual time=1374.688..1550.249 rows=2 loops=1)
              Hash Cond: (mi_idx.movie_id = t.id)
              ->  Seq Scan on movie_info_idx mi_idx  (cost=0.00..25185.44 rows=915101 width=4) (actual time=0.017..491.282 rows=919850 loops=1)
                    Filter: (info_type_id < 101)
                    Rows Removed by Filter: 460185
              ->  Hash  (cost=73925.90..73925.90 rows=13058 width=4) (actual time=924.894..924.894 rows=3 loops=1)
                    Buckets: 16384  Batches: 1  Memory Usage: 129kB
                    ->  Seq Scan on title t  (cost=0.00..73925.90 rows=13058 width=4) (actual time=149.801..924.878 rows=3 loops=1)
                          Filter: ((production_year < 1964) AND (kind_id = 4))
                          Rows Removed by Filter: 2528309
Planning time: 2.058 ms
Execution time: 7961.515 ms
