Seq Scan on movie_keyword mk  (cost=0.00..81003.12 rows=1120148 width=0) (actual time=0.026..1311.869 rows=1128151 loops=1)
  Filter: (keyword_id < 1226)
  Rows Removed by Filter: 3395779
Planning time: 0.318 ms
Execution time: 1455.907 ms
