Hash Join  (cost=181491.26..297317.51 rows=526931 width=0) (actual time=3721.908..6181.358 rows=520998 loops=1)
  Hash Cond: (mk.movie_id = t.id)
  ->  Seq Scan on movie_keyword mk  (cost=0.00..81003.12 rows=2365549 width=4) (actual time=0.015..1442.576 rows=2366874 loops=1)
        Filter: (keyword_id < 5360)
        Rows Removed by Filter: 2157056
  ->  Hash  (cost=172249.83..172249.83 rows=563235 width=8) (actual time=3720.726..3720.726 rows=331036 loops=1)
        Buckets: 131072  Batches: 8  Memory Usage: 2655kB
        ->  Hash Join  (cost=98137.04..172249.83 rows=563235 width=8) (actual time=1929.875..3622.914 rows=331036 loops=1)
              Hash Cond: (mc.movie_id = t.id)
              ->  Seq Scan on movie_companies mc  (cost=0.00..51404.11 rows=765265 width=4) (actual time=0.023..907.840 rows=770655 loops=1)
                    Filter: (company_id > 33889)
                    Rows Removed by Filter: 1838474
              ->  Hash  (cost=67604.59..67604.59 rows=1860996 width=4) (actual time=1927.907..1927.907 rows=1865487 loops=1)
                    Buckets: 131072  Batches: 32  Memory Usage: 3079kB
                    ->  Seq Scan on title t  (cost=0.00..67604.59 rows=1860996 width=4) (actual time=0.021..1320.786 rows=1865487 loops=1)
                          Filter: (kind_id > 1)
                          Rows Removed by Filter: 662825
Planning time: 1.140 ms
Execution time: 6233.471 ms
