Hash Join  (cost=101491.16..467629.50 rows=148241 width=0) (actual time=1815.637..8435.220 rows=269340 loops=1)
  Hash Cond: (mi.movie_id = t.id)
  ->  Seq Scan on movie_info mi  (cost=0.00..309384.22 rows=14739122 width=4) (actual time=0.011..3506.036 rows=14835720 loops=1)
  ->  Hash  (cost=101173.27..101173.27 rows=25431 width=8) (actual time=1815.260..1815.260 rows=20225 loops=1)
        Buckets: 32768  Batches: 1  Memory Usage: 1047kB
        ->  Hash Join  (cost=69928.56..101173.27 rows=25431 width=8) (actual time=1098.686..1806.973 rows=20225 loops=1)
              Hash Cond: (mi_idx.movie_id = t.id)
              ->  Seq Scan on movie_info_idx mi_idx  (cost=0.00..25185.44 rows=454124 width=4) (actual time=0.025..491.490 rows=459925 loops=1)
                    Filter: (info_type_id = 100)
                    Rows Removed by Filter: 920110
              ->  Hash  (cost=67604.59..67604.59 rows=141598 width=4) (actual time=1097.898..1097.898 rows=141703 loops=1)
                    Buckets: 131072  Batches: 2  Memory Usage: 3511kB
                    ->  Seq Scan on title t  (cost=0.00..67604.59 rows=141598 width=4) (actual time=0.020..1045.875 rows=141703 loops=1)
                          Filter: (production_year = 2010)
                          Rows Removed by Filter: 2386609
Planning time: 1.234 ms
Execution time: 8473.855 ms
