Hash Join  (cost=213545.59..740793.66 rows=2719527 width=0) (actual time=5956.096..34864.984 rows=70738780 loops=1)
  Hash Cond: (mi.movie_id = t.id)
  ->  Seq Scan on movie_info mi  (cost=0.00..309384.22 rows=14739122 width=4) (actual time=0.015..5646.527 rows=14835720 loops=1)
  ->  Hash  (cost=205890.84..205890.84 rows=466540 width=8) (actual time=5954.873..5954.873 rows=1506794 loops=1)
        Buckets: 131072 (originally 131072)  Batches: 32 (originally 8)  Memory Usage: 3073kB
        ->  Hash Join  (cost=78204.40..205890.84 rows=466540 width=8) (actual time=2063.955..5542.326 rows=1506794 loops=1)
              Hash Cond: (mk.movie_id = t.id)
              ->  Seq Scan on movie_keyword mk  (cost=0.00..69693.30 rows=4523930 width=4) (actual time=0.016..1310.056 rows=4523930 loops=1)
              ->  Hash  (cost=73925.90..73925.90 rows=260760 width=4) (actual time=2059.465..2059.465 rows=373942 loops=1)
                    Buckets: 131072 (originally 131072)  Batches: 8 (originally 4)  Memory Usage: 3073kB
                    ->  Seq Scan on title t  (cost=0.00..73925.90 rows=260760 width=4) (actual time=0.029..1143.697 rows=373942 loops=1)
                          Filter: ((kind_id < 7) AND (production_year < 1989))
                          Rows Removed by Filter: 2154370
Planning time: 1.258 ms
Execution time: 42864.532 ms
