Hash Join  (cost=114675.09..482313.09 rows=298204 width=0) (actual time=2000.838..9493.863 rows=329061 loops=1)
  Hash Cond: (mi.movie_id = t.id)
  ->  Seq Scan on movie_info mi  (cost=0.00..309384.22 rows=14739122 width=4) (actual time=0.012..3924.353 rows=14835720 loops=1)
  ->  Hash  (cost=114035.62..114035.62 rows=51158 width=8) (actual time=2000.218..2000.218 rows=34449 loops=1)
        Buckets: 65536  Batches: 1  Memory Usage: 1858kB
        ->  Hash Join  (cost=75464.55..114035.62 rows=51158 width=8) (actual time=1136.155..1988.676 rows=34449 loops=1)
              Hash Cond: (mi_idx.movie_id = t.id)
              ->  Seq Scan on movie_info_idx mi_idx  (cost=0.00..21735.35 rows=1380035 width=4) (actual time=0.029..377.904 rows=1380035 loops=1)
              ->  Hash  (cost=73925.90..73925.90 rows=93732 width=4) (actual time=1135.220..1135.220 rows=100592 loops=1)
                    Buckets: 131072  Batches: 2  Memory Usage: 2791kB
                    ->  Seq Scan on title t  (cost=0.00..73925.90 rows=93732 width=4) (actual time=0.024..1097.049 rows=100592 loops=1)
                          Filter: ((kind_id > 1) AND (production_year = 2009))
                          Rows Removed by Filter: 2427720
Planning time: 1.307 ms
Execution time: 9539.049 ms
