Hash Join  (cost=510374.62..642740.34 rows=1406840 width=0) (actual time=8633.582..12348.249 rows=3137110 loops=1)
  Hash Cond: (mk.movie_id = t.id)
  ->  Seq Scan on movie_keyword mk  (cost=0.00..81003.12 rows=2795517 width=4) (actual time=0.021..1608.654 rows=2785194 loops=1)
        Filter: (keyword_id < 8087)
        Rows Removed by Filter: 1738736
  ->  Hash  (cost=489497.65..489497.65 rows=1272478 width=8) (actual time=8632.187..8632.187 rows=1325361 loops=1)
        Buckets: 131072  Batches: 32  Memory Usage: 2648kB
        ->  Hash Join  (cost=102767.86..489497.65 rows=1272478 width=8) (actual time=2015.564..8273.663 rows=1325361 loops=1)
              Hash Cond: (mi.movie_id = t.id)
              ->  Seq Scan on movie_info mi  (cost=0.00..346232.03 rows=1272478 width=4) (actual time=235.196..4982.359 rows=1325361 loops=1)
                    Filter: (info_type_id = 8)
                    Rows Removed by Filter: 13510359
              ->  Hash  (cost=61283.27..61283.27 rows=2528527 width=4) (actual time=1779.057..1779.057 rows=2528312 loops=1)
                    Buckets: 131072  Batches: 64  Memory Usage: 2425kB
                    ->  Seq Scan on title t  (cost=0.00..61283.27 rows=2528527 width=4) (actual time=0.016..918.240 rows=2528312 loops=1)
Planning time: 1.329 ms
Execution time: 12672.588 ms
