Hash Join  (cost=148256.38..983397.02 rows=2096041 width=0) (actual time=8575.130..20572.181 rows=4390404 loops=1)
  Hash Cond: (ci.movie_id = t.id)
  ->  Seq Scan on cast_info ci  (cost=0.00..705507.15 rows=9204021 width=4) (actual time=5317.813..12079.608 rows=9204107 loops=1)
        Filter: (person_id > 2779757)
        Rows Removed by Filter: 27040237
  ->  Hash  (cost=138808.58..138808.58 rows=575824 width=8) (actual time=3256.493..3256.493 rows=426168 loops=1)
        Buckets: 131072  Batches: 8  Memory Usage: 3102kB
        ->  Hash Join  (cost=91235.85..138808.58 rows=575824 width=8) (actual time=1855.964..3153.424 rows=426168 loops=1)
              Hash Cond: (mi_idx.movie_id = t.id)
              ->  Seq Scan on movie_info_idx mi_idx  (cost=0.00..21735.35 rows=1380035 width=4) (actual time=0.021..448.522 rows=1380035 loops=1)
              ->  Hash  (cost=73925.90..73925.90 rows=1055036 width=4) (actual time=1854.703..1854.703 rows=1152351 loops=1)
                    Buckets: 131072  Batches: 16  Memory Usage: 3561kB
                    ->  Seq Scan on title t  (cost=0.00..73925.90 rows=1055036 width=4) (actual time=0.021..1482.026 rows=1152351 loops=1)
                          Filter: ((kind_id > 1) AND (production_year > 1999))
                          Rows Removed by Filter: 1375961
Planning time: 1.282 ms
Execution time: 21061.631 ms
