Hash Join  (cost=83073.10..833871.57 rows=930 width=0) (actual time=1265.591..16054.832 rows=23255 loops=1)
  Hash Cond: (ci.movie_id = t.id)
  ->  Seq Scan on cast_info ci  (cost=0.00..614943.12 rows=36225612 width=4) (actual time=0.016..7708.962 rows=36244344 loops=1)
  ->  Hash  (cost=83072.29..83072.29 rows=65 width=8) (actual time=1265.285..1265.285 rows=384 loops=1)
        Buckets: 1024  Batches: 1  Memory Usage: 23kB
        ->  Nested Loop  (cost=0.43..83072.29 rows=65 width=8) (actual time=230.628..1264.964 rows=384 loops=1)
              ->  Seq Scan on movie_keyword mk  (cost=0.00..81003.12 rows=246 width=4) (actual time=6.753..1238.911 rows=485 loops=1)
                    Filter: (keyword_id = 2364)
                    Rows Removed by Filter: 4523445
              ->  Index Scan using title_pkey on title t  (cost=0.43..8.40 rows=1 width=4) (actual time=0.051..0.052 rows=1 loops=485)
                    Index Cond: (id = mk.movie_id)
                    Filter: (kind_id < 2)
                    Rows Removed by Filter: 0
Planning time: 1.251 ms
Execution time: 16061.766 ms
