Hash Join  (cost=85000.09..151661.41 rows=236703 width=0) (actual time=1630.010..2950.668 rows=162751 loops=1)
  Hash Cond: (mc.movie_id = t.id)
  ->  Seq Scan on movie_companies mc  (cost=0.00..51404.11 rows=886713 width=4) (actual time=0.025..865.448 rows=883350 loops=1)
        Filter: (company_id < 2653)
        Rows Removed by Filter: 1725779
  ->  Hash  (cost=73925.90..73925.90 rows=674975 width=4) (actual time=1463.588..1463.588 rows=739679 loops=1)
        Buckets: 131072  Batches: 16  Memory Usage: 2654kB
        ->  Seq Scan on title t  (cost=0.00..73925.90 rows=674975 width=4) (actual time=30.223..1231.395 rows=739679 loops=1)
              Filter: ((production_year > 2004) AND (kind_id = 7))
              Rows Removed by Filter: 1788633
Planning time: 0.804 ms
Execution time: 2971.392 ms
