Seq Scan on movie_keyword mk  (cost=0.00..81003.12 rows=41241 width=0) (actual time=0.048..1122.208 rows=38201 loops=1)
  Filter: (keyword_id > 105626)
  Rows Removed by Filter: 4485729
Planning time: 0.336 ms
Execution time: 1128.215 ms
