Seq Scan on movie_companies mc  (cost=0.00..51404.11 rows=104 width=0) (actual time=59.168..716.835 rows=150 loops=1)
  Filter: (company_id = 13017)
  Rows Removed by Filter: 2608979
Planning time: 0.395 ms
Execution time: 716.966 ms
