Seq Scan on movie_keyword mk  (cost=0.00..81003.12 rows=246 width=0) (actual time=141.332..1229.414 rows=10 loops=1)
  Filter: (keyword_id = 45587)
  Rows Removed by Filter: 4523920
Planning time: 0.276 ms
Execution time: 1229.503 ms
