Hash Join  (cost=73989.96..160739.67 rows=9168 width=0) (actual time=904.928..2723.145 rows=35002 loops=1)
  Hash Cond: (mk.movie_id = t.id)
  ->  Seq Scan on movie_keyword mk  (cost=0.00..69693.30 rows=4523930 width=4) (actual time=0.015..993.284 rows=4523930 loops=1)
  ->  Hash  (cost=73925.90..73925.90 rows=5124 width=4) (actual time=904.763..904.763 rows=9091 loops=1)
        Buckets: 16384 (originally 8192)  Batches: 1 (originally 1)  Memory Usage: 448kB
        ->  Seq Scan on title t  (cost=0.00..73925.90 rows=5124 width=4) (actual time=333.597..900.598 rows=9091 loops=1)
              Filter: ((kind_id = 4) AND (production_year = 2007))
              Rows Removed by Filter: 2519221
Planning time: 0.876 ms
Execution time: 2728.065 ms
