Hash Join  (cost=162159.29..519828.11 rows=46371 width=0) (actual time=4021.268..9905.790 rows=3320743 loops=1)
  Hash Cond: (mi.movie_id = t.id)
  ->  Seq Scan on movie_info mi  (cost=0.00..346232.03 rows=2194617 width=4) (actual time=947.528..5205.243 rows=2233850 loops=1)
        Filter: (info_type_id > 16)
        Rows Removed by Filter: 12601870
  ->  Hash  (cost=161491.46..161491.46 rows=53426 width=8) (actual time=2691.712..2691.712 rows=100482 loops=1)
        Buckets: 131072 (originally 65536)  Batches: 2 (originally 1)  Memory Usage: 3073kB
        ->  Hash Join  (cost=74299.17..161491.46 rows=53426 width=8) (actual time=992.551..2650.536 rows=100482 loops=1)
              Hash Cond: (mk.movie_id = t.id)
              ->  Seq Scan on movie_keyword mk  (cost=0.00..69693.30 rows=4523930 width=4) (actual time=0.029..842.229 rows=4523930 loops=1)
              ->  Hash  (cost=73925.90..73925.90 rows=29861 width=4) (actual time=991.909..991.909 rows=17772 loops=1)
                    Buckets: 32768  Batches: 1  Memory Usage: 881kB
                    ->  Seq Scan on title t  (cost=0.00..73925.90 rows=29861 width=4) (actual time=198.161..984.233 rows=17772 loops=1)
                          Filter: ((kind_id = 1) AND (production_year = 2007))
                          Rows Removed by Filter: 2510540
Planning time: 1.245 ms
Execution time: 10309.297 ms
