Hash Join  (cost=81812.24..163699.66 rows=495989 width=0) (actual time=1428.431..3558.889 rows=657776 loops=1)
  Hash Cond: (mc.movie_id = t.id)
  ->  Seq Scan on movie_companies mc  (cost=0.00..44881.29 rows=2609129 width=4) (actual time=0.009..824.815 rows=2609129 loops=1)
  ->  Hash  (cost=73925.90..73925.90 rows=480667 width=4) (actual time=1253.057..1253.057 rows=350545 loops=1)
        Buckets: 131072  Batches: 8  Memory Usage: 2572kB
        ->  Seq Scan on title t  (cost=0.00..73925.90 rows=480667 width=4) (actual time=445.420..1142.054 rows=350545 loops=1)
              Filter: ((production_year > 1987) AND (kind_id = 1))
              Rows Removed by Filter: 2177767
Planning time: 0.813 ms
Execution time: 3639.451 ms
