Seq Scan on movie_keyword mk  (cost=0.00..81003.12 rows=246 width=0) (actual time=29.437..1129.268 rows=84 loops=1)
  Filter: (keyword_id = 10801)
  Rows Removed by Filter: 4523846
Planning time: 0.366 ms
Execution time: 1129.399 ms
