Hash Join  (cost=80661.47..113577.29 rows=75426 width=0) (actual time=1271.520..2049.287 rows=159354 loops=1)
  Hash Cond: (mi_idx.movie_id = t.id)
  ->  Seq Scan on movie_info_idx mi_idx  (cost=0.00..25185.44 rows=464566 width=4) (actual time=0.024..414.591 rows=459925 loops=1)
        Filter: (info_type_id = 101)
        Rows Removed by Filter: 920110
  ->  Hash  (cost=73925.90..73925.90 rows=410525 width=4) (actual time=1253.897..1253.897 rows=456146 loops=1)
        Buckets: 131072  Batches: 8  Memory Usage: 3040kB
        ->  Seq Scan on title t  (cost=0.00..73925.90 rows=410525 width=4) (actual time=294.169..1114.212 rows=456146 loops=1)
              Filter: ((production_year < 2007) AND (kind_id = 1))
              Rows Removed by Filter: 2072166
Planning time: 0.860 ms
Execution time: 2069.804 ms
