Seq Scan on movie_keyword mk  (cost=0.00..81003.12 rows=246 width=0) (actual time=8.085..1104.072 rows=152 loops=1)
  Filter: (keyword_id = 2434)
  Rows Removed by Filter: 4523778
Planning time: 0.400 ms
Execution time: 1104.251 ms
