Seq Scan on cast_info ci  (cost=0.00..705507.15 rows=500 width=0) (actual time=6352.956..9461.431 rows=2 loops=1)
  Filter: (person_id = 2074494)
  Rows Removed by Filter: 36244342
Planning time: 0.376 ms
Execution time: 9461.548 ms
