Hash Join  (cost=709678.15..766070.94 rows=263 width=0) (actual time=9817.659..10617.101 rows=2 loops=1)
  Hash Cond: (mc.movie_id = t.id)
  ->  Seq Scan on movie_companies mc  (cost=0.00..51404.11 rows=1329612 width=4) (actual time=169.190..786.816 rows=1334883 loops=1)
        Filter: (company_type_id = 2)
        Rows Removed by Filter: 1274246
  ->  Hash  (cost=709671.90..709671.90 rows=500 width=8) (actual time=9635.992..9635.992 rows=139 loops=1)
        Buckets: 1024  Batches: 1  Memory Usage: 14kB
        ->  Nested Loop  (cost=0.43..709671.90 rows=500 width=8) (actual time=5852.622..9635.918 rows=139 loops=1)
              ->  Seq Scan on cast_info ci  (cost=0.00..705507.15 rows=500 width=4) (actual time=5852.513..9634.098 rows=139 loops=1)
                    Filter: (person_id = 162269)
                    Rows Removed by Filter: 36244205
              ->  Index Only Scan using title_pkey on title t  (cost=0.43..8.32 rows=1 width=4) (actual time=0.012..0.012 rows=1 loops=139)
                    Index Cond: (id = ci.movie_id)
                    Heap Fetches: 139
Planning time: 1.269 ms
Execution time: 10617.200 ms
