Seq Scan on movie_companies mc  (cost=0.00..51404.11 rows=1167449 width=0) (actual time=0.025..859.304 rows=1162089 loops=1)
  Filter: (company_id < 9570)
  Rows Removed by Filter: 1447040
Planning time: 0.328 ms
Execution time: 1001.231 ms
