Hash Join  (cost=167209.23..1233216.21 rows=3134882 width=0) (actual time=3170.772..33121.882 rows=9156771 loops=1)
  Hash Cond: (ci.movie_id = t.id)
  ->  Seq Scan on cast_info ci  (cost=0.00..614943.12 rows=36225612 width=4) (actual time=0.012..11612.451 rows=36244344 loops=1)
  ->  Hash  (cost=163619.06..163619.06 rows=218813 width=8) (actual time=3169.955..3169.955 rows=278664 loops=1)
        Buckets: 131072  Batches: 4  Memory Usage: 3732kB
        ->  Hash Join  (cost=92883.59..163619.06 rows=218813 width=8) (actual time=2284.443..3092.457 rows=278664 loops=1)
              Hash Cond: (mc.movie_id = t.id)
              ->  Seq Scan on movie_companies mc  (cost=0.00..57926.93 rows=359082 width=4) (actual time=0.007..868.989 rows=515894 loops=1)
                    Filter: ((company_id < 1413) AND (company_type_id = 1))
                    Rows Removed by Filter: 2093235
              ->  Hash  (cost=67604.59..67604.59 rows=1540800 width=4) (actual time=1655.817..1655.817 rows=1543264 loops=1)
                    Buckets: 131072  Batches: 32  Memory Usage: 2722kB
                    ->  Seq Scan on title t  (cost=0.00..67604.59 rows=1540800 width=4) (actual time=0.019..1155.545 rows=1543264 loops=1)
                          Filter: (kind_id = 7)
                          Rows Removed by Filter: 985048
Planning time: 1.232 ms
Execution time: 34031.612 ms
