Hash Join  (cost=130236.45..216935.52 rows=4103 width=0) (actual time=2590.180..3390.500 rows=3245 loops=1)
  Hash Cond: (mk.movie_id = t.id)
  ->  Seq Scan on movie_keyword mk  (cost=0.00..69693.30 rows=4523930 width=4) (actual time=0.020..713.443 rows=4523930 loops=1)
  ->  Hash  (cost=130207.79..130207.79 rows=2293 width=8) (actual time=2001.759..2001.759 rows=1942 loops=1)
        Buckets: 4096  Batches: 1  Memory Usage: 108kB
        ->  Hash Join  (cost=73982.55..130207.79 rows=2293 width=8) (actual time=972.997..2000.879 rows=1942 loops=1)
              Hash Cond: (mc.movie_id = t.id)
              ->  Seq Scan on movie_companies mc  (cost=0.00..51404.11 rows=1279517 width=4) (actual time=0.017..825.932 rows=1274246 loops=1)
                    Filter: (company_type_id = 1)
                    Rows Removed by Filter: 1334883
              ->  Hash  (cost=73925.90..73925.90 rows=4532 width=4) (actual time=971.821..971.821 rows=3303 loops=1)
                    Buckets: 8192  Batches: 1  Memory Usage: 181kB
                    ->  Seq Scan on title t  (cost=0.00..73925.90 rows=4532 width=4) (actual time=0.158..970.159 rows=3303 loops=1)
                          Filter: ((kind_id = 7) AND (production_year = 1952))
                          Rows Removed by Filter: 2525009
Planning time: 1.249 ms
Execution time: 3391.029 ms
