Seq Scan on movie_keyword mk  (cost=0.00..81003.12 rows=3075357 width=0) (actual time=0.019..1330.268 rows=3063796 loops=1)
  Filter: (keyword_id < 11384)
  Rows Removed by Filter: 1460134
Planning time: 0.327 ms
Execution time: 1716.242 ms
