Hash Join  (cost=152588.97..287288.30 rows=1042130 width=0) (actual time=3256.612..7616.631 rows=3552498 loops=1)
  Hash Cond: (mk.movie_id = t.id)
  ->  Seq Scan on movie_keyword mk  (cost=0.00..69693.30 rows=4523930 width=4) (actual time=0.014..1256.319 rows=4523930 loops=1)
  ->  Hash  (cost=143032.09..143032.09 rows=582470 width=8) (actual time=3255.261..3255.261 rows=540240 loops=1)
        Buckets: 131072  Batches: 8  Memory Usage: 3675kB
        ->  Hash Join  (cost=94009.45..143032.09 rows=582470 width=8) (actual time=1697.714..3093.312 rows=540240 loops=1)
              Hash Cond: (mi_idx.movie_id = t.id)
              ->  Seq Scan on movie_info_idx mi_idx  (cost=0.00..25185.44 rows=915101 width=4) (actual time=0.027..518.442 rows=919850 loops=1)
                    Filter: (info_type_id < 101)
                    Rows Removed by Filter: 460185
              ->  Hash  (cost=67604.59..67604.59 rows=1609429 width=4) (actual time=1696.884..1696.884 rows=1607077 loops=1)
                    Buckets: 131072  Batches: 32  Memory Usage: 2791kB
                    ->  Seq Scan on title t  (cost=0.00..67604.59 rows=1609429 width=4) (actual time=0.019..1180.475 rows=1607077 loops=1)
                          Filter: (production_year > 1995)
                          Rows Removed by Filter: 921235
Planning time: 1.210 ms
Execution time: 8029.032 ms
