Hash Join  (cost=128478.61..1068718.21 rows=1581710 width=0) (actual time=2571.957..26186.042 rows=7421510 loops=1)
  Hash Cond: (ci.movie_id = t.id)
  ->  Seq Scan on cast_info ci  (cost=0.00..796071.18 rows=10977421 width=4) (actual time=0.024..15597.586 rows=12670688 loops=1)
        Filter: ((person_id < 3168039) AND (role_id = 1))
        Rows Removed by Filter: 23573656
  ->  Hash  (cost=122500.50..122500.50 rows=364329 width=8) (actual time=2570.971..2570.971 rows=629900 loops=1)
        Buckets: 131072 (originally 131072)  Batches: 16 (originally 8)  Memory Usage: 3073kB
        ->  Hash Join  (cost=78556.72..122500.50 rows=364329 width=8) (actual time=1406.433..2374.853 rows=629900 loops=1)
              Hash Cond: (mi_idx.movie_id = t.id)
              ->  Seq Scan on movie_info_idx mi_idx  (cost=0.00..21735.35 rows=1380035 width=4) (actual time=0.016..369.255 rows=1380035 loops=1)
              ->  Hash  (cost=67604.59..67604.59 rows=667531 width=4) (actual time=1106.982..1106.982 rows=662825 loops=1)
                    Buckets: 131072  Batches: 16  Memory Usage: 2476kB
                    ->  Seq Scan on title t  (cost=0.00..67604.59 rows=667531 width=4) (actual time=0.013..903.712 rows=662825 loops=1)
                          Filter: (kind_id < 2)
                          Rows Removed by Filter: 1865487
Planning time: 1.294 ms
Execution time: 27035.535 ms
