Hash Join  (cost=74437.34..101399.23 rows=7348 width=0) (actual time=1146.020..1667.738 rows=6329 loops=1)
  Hash Cond: (mi_idx.movie_id = t.id)
  ->  Seq Scan on movie_info_idx mi_idx  (cost=0.00..25185.44 rows=454124 width=4) (actual time=0.022..450.008 rows=459925 loops=1)
        Filter: (info_type_id = 100)
        Rows Removed by Filter: 920110
  ->  Hash  (cost=73925.90..73925.90 rows=40915 width=4) (actual time=1086.864..1086.864 rows=46448 loops=1)
        Buckets: 65536  Batches: 1  Memory Usage: 2145kB
        ->  Seq Scan on title t  (cost=0.00..73925.90 rows=40915 width=4) (actual time=0.029..1069.657 rows=46448 loops=1)
              Filter: ((production_year > 2006) AND (kind_id = 4))
              Rows Removed by Filter: 2481864
Planning time: 0.774 ms
Execution time: 1668.967 ms
