Hash Join  (cost=180950.00..549226.35 rows=362044 width=0) (actual time=2407.042..10224.647 rows=2605659 loops=1)
  Hash Cond: (mi.movie_id = t.id)
  ->  Seq Scan on movie_info mi  (cost=0.00..309384.22 rows=14739122 width=4) (actual time=0.014..3778.796 rows=14835720 loops=1)
  ->  Hash  (cost=180173.64..180173.64 rows=62109 width=8) (actual time=2406.601..2406.601 rows=45648 loops=1)
        Buckets: 65536  Batches: 1  Memory Usage: 2296kB
        ->  Hash Join  (cost=75220.98..180173.64 rows=62109 width=8) (actual time=1032.287..2393.719 rows=45648 loops=1)
              Hash Cond: (mk.movie_id = t.id)
              ->  Seq Scan on movie_keyword mk  (cost=0.00..81003.12 rows=1990786 width=4) (actual time=0.026..791.679 rows=1996641 loops=1)
                    Filter: (keyword_id > 6267)
                    Rows Removed by Filter: 2527289
              ->  Hash  (cost=73925.90..73925.90 rows=78886 width=4) (actual time=1031.371..1031.371 rows=74127 loops=1)
                    Buckets: 131072  Batches: 2  Memory Usage: 2334kB
                    ->  Seq Scan on title t  (cost=0.00..73925.90 rows=78886 width=4) (actual time=0.033..1001.848 rows=74127 loops=1)
                          Filter: ((kind_id < 4) AND (production_year > 2011))
                          Rows Removed by Filter: 2454185
Planning time: 1.209 ms
Execution time: 10549.356 ms
