Seq Scan on movie_companies mc  (cost=0.00..51404.11 rows=104 width=0) (actual time=75.025..776.028 rows=2053 loops=1)
  Filter: (company_id = 6429)
  Rows Removed by Filter: 2607076
Planning time: 0.361 ms
Execution time: 776.351 ms
