Hash Join  (cost=510045.42..660279.82 rows=2317237 width=0) (actual time=9638.705..12168.479 rows=1163198 loops=1)
  Hash Cond: (mk.movie_id = t.id)
  ->  Seq Scan on movie_keyword mk  (cost=0.00..69693.30 rows=4523930 width=4) (actual time=0.028..1306.639 rows=4523930 loops=1)
  ->  Hash  (cost=488795.97..488795.97 rows=1295156 width=8) (actual time=8554.243..8554.243 rows=366589 loops=1)
        Buckets: 131072  Batches: 32  Memory Usage: 1463kB
        ->  Hash Join  (cost=98407.57..488795.97 rows=1295156 width=8) (actual time=2099.617..8430.819 rows=366589 loops=1)
              Hash Cond: (mi.movie_id = t.id)
              ->  Seq Scan on movie_info mi  (cost=0.00..346232.03 rows=2194617 width=4) (actual time=308.623..5164.314 rows=2233850 loops=1)
                    Filter: (info_type_id > 16)
                    Rows Removed by Filter: 12601870
              ->  Hash  (cost=73925.90..73925.90 rows=1492213 width=4) (actual time=1776.780..1776.780 rows=1478439 loops=1)
                    Buckets: 131072  Batches: 32  Memory Usage: 2656kB
                    ->  Seq Scan on title t  (cost=0.00..73925.90 rows=1492213 width=4) (actual time=0.028..1317.145 rows=1478439 loops=1)
                          Filter: ((production_year > 1901) AND (kind_id = 7))
                          Rows Removed by Filter: 1049873
Planning time: 1.298 ms
Execution time: 12311.639 ms
