Hash Join  (cost=79303.65..513140.42 rows=1663017 width=0) (actual time=1274.751..12394.516 rows=2292636 loops=1)
  Hash Cond: (mi.movie_id = t.id)
  ->  Seq Scan on movie_info mi  (cost=0.00..346232.03 rows=5897221 width=4) (actual time=0.013..5561.555 rows=5884963 loops=1)
        Filter: (info_type_id < 7)
        Rows Removed by Filter: 8950757
  ->  Hash  (cost=67604.59..67604.59 rows=713045 width=4) (actual time=1273.576..1273.576 rows=707186 loops=1)
        Buckets: 131072  Batches: 16  Memory Usage: 2585kB
        ->  Seq Scan on title t  (cost=0.00..67604.59 rows=713045 width=4) (actual time=0.013..1038.206 rows=707186 loops=1)
              Filter: (production_year < 1991)
              Rows Removed by Filter: 1821126
Planning time: 6.560 ms
Execution time: 12680.271 ms
