Nested Loop  (cost=352519.67..1063083.72 rows=76 width=0) (actual time=14728.711..14736.207 rows=9 loops=1)
  Join Filter: (ci.movie_id = t.id)
  ->  Hash Join  (cost=352519.24..1062908.03 rows=189 width=8) (actual time=14728.632..14736.049 rows=9 loops=1)
        Hash Cond: (ci.movie_id = mi.movie_id)
        ->  Seq Scan on cast_info ci  (cost=0.00..705507.15 rows=500 width=4) (actual time=2048.396..9924.509 rows=47 loops=1)
              Filter: (person_id = 2499585)
              Rows Removed by Filter: 36244297
        ->  Hash  (cost=346232.03..346232.03 rows=383217 width=4) (actual time=4756.839..4756.839 rows=368218 loops=1)
              Buckets: 131072  Batches: 8  Memory Usage: 2656kB
              ->  Seq Scan on movie_info mi  (cost=0.00..346232.03 rows=383217 width=4) (actual time=1089.157..4641.845 rows=368218 loops=1)
                    Filter: (info_type_id = 17)
                    Rows Removed by Filter: 14467502
  ->  Index Only Scan using title_pkey on title t  (cost=0.43..0.92 rows=1 width=4) (actual time=0.014..0.014 rows=1 loops=9)
        Index Cond: (id = mi.movie_id)
        Heap Fetches: 9
Planning time: 2.489 ms
Execution time: 14736.615 ms
