Hash Join  (cost=102767.86..912455.28 rows=155338 width=0) (actual time=3310.697..12642.967 rows=774233 loops=1)
  Hash Cond: (ci.movie_id = t.id)
  ->  Seq Scan on cast_info ci  (cost=0.00..796071.18 rows=155338 width=4) (actual time=1512.598..9931.915 rows=774233 loops=1)
        Filter: ((person_id > 3913078) AND (role_id > 7))
        Rows Removed by Filter: 35470111
  ->  Hash  (cost=61283.27..61283.27 rows=2528527 width=4) (actual time=1797.110..1797.110 rows=2528312 loops=1)
        Buckets: 131072  Batches: 64  Memory Usage: 2415kB
        ->  Seq Scan on title t  (cost=0.00..61283.27 rows=2528527 width=4) (actual time=0.024..942.180 rows=2528312 loops=1)
Planning time: 0.795 ms
Execution time: 12726.641 ms
