Hash Join  (cost=84865.68..631494.01 rows=3673223 width=0) (actual time=1315.274..16307.759 rows=5825573 loops=1)
  Hash Cond: (mi.movie_id = t.id)
  ->  Seq Scan on movie_info mi  (cost=0.00..346232.03 rows=13929354 width=4) (actual time=0.021..6969.033 rows=14033580 loops=1)
        Filter: (info_type_id > 1)
        Rows Removed by Filter: 802140
  ->  Hash  (cost=73925.90..73925.90 rows=666782 width=4) (actual time=1314.406..1314.406 rows=566088 loops=1)
        Buckets: 131072  Batches: 16  Memory Usage: 2272kB
        ->  Seq Scan on title t  (cost=0.00..73925.90 rows=666782 width=4) (actual time=0.011..1124.883 rows=566088 loops=1)
              Filter: ((kind_id < 7) AND (production_year > 1992))
              Rows Removed by Filter: 1962224
Planning time: 0.605 ms
Execution time: 16928.328 ms
