Hash Join  (cost=101178.26..940448.46 rows=34034 width=0) (actual time=3186.715..18663.982 rows=110229 loops=1)
  Hash Cond: (ci.movie_id = t.id)
  ->  Seq Scan on cast_info ci  (cost=0.00..796071.18 rows=11428977 width=4) (actual time=1646.805..15213.856 rows=10091478 loops=1)
        Filter: ((person_id > 342609) AND (role_id < 2))
        Rows Removed by Filter: 26152866
  ->  Hash  (cost=101084.14..101084.14 rows=7530 width=8) (actual time=1539.649..1539.649 rows=12605 loops=1)
        Buckets: 16384 (originally 8192)  Batches: 1 (originally 1)  Memory Usage: 621kB
        ->  Hash Join  (cost=74098.35..101084.14 rows=7530 width=8) (actual time=1039.848..1535.035 rows=12605 loops=1)
              Hash Cond: (mi_idx.movie_id = t.id)
              ->  Seq Scan on movie_info_idx mi_idx  (cost=0.00..21735.35 rows=1380035 width=4) (actual time=0.025..263.256 rows=1380035 loops=1)
              ->  Hash  (cost=73925.90..73925.90 rows=13796 width=4) (actual time=976.848..976.848 rows=8100 loops=1)
                    Buckets: 16384  Batches: 1  Memory Usage: 413kB
                    ->  Seq Scan on title t  (cost=0.00..73925.90 rows=13796 width=4) (actual time=67.399..973.555 rows=8100 loops=1)
                          Filter: ((kind_id < 2) AND (production_year = 2000))
                          Rows Removed by Filter: 2520212
Planning time: 1.221 ms
Execution time: 18681.033 ms
