Seq Scan on title t  (cost=0.00..67604.59 rows=2108960 width=0) (actual time=0.015..878.486 rows=2104137 loops=1)
  Filter: (production_year > 1968)
  Rows Removed by Filter: 424175
Planning time: 0.314 ms
Execution time: 1085.376 ms
