Hash Join  (cost=102767.86..236331.01 rows=1773786 width=0) (actual time=1788.036..4826.796 rows=1780404 loops=1)
  Hash Cond: (mk.movie_id = t.id)
  ->  Seq Scan on movie_keyword mk  (cost=0.00..81003.12 rows=1773786 width=4) (actual time=0.016..1362.417 rows=1780404 loops=1)
        Filter: (keyword_id < 2882)
        Rows Removed by Filter: 2743526
  ->  Hash  (cost=61283.27..61283.27 rows=2528527 width=4) (actual time=1786.897..1786.897 rows=2528312 loops=1)
        Buckets: 131072  Batches: 64  Memory Usage: 2425kB
        ->  Seq Scan on title t  (cost=0.00..61283.27 rows=2528527 width=4) (actual time=0.011..911.665 rows=2528312 loops=1)
Planning time: 0.870 ms
Execution time: 5026.465 ms
