Seq Scan on movie_companies mc  (cost=0.00..57926.93 rows=521379 width=0) (actual time=0.020..776.667 rows=311071 loops=1)
  Filter: ((company_id < 5463) AND (company_type_id = 2))
  Rows Removed by Filter: 2298058
Planning time: 0.419 ms
Execution time: 815.987 ms
