Seq Scan on movie_keyword mk  (cost=0.00..81003.12 rows=246 width=0) (actual time=245.934..1146.035 rows=3 loops=1)
  Filter: (keyword_id = 74018)
  Rows Removed by Filter: 4523927
Planning time: 0.408 ms
Execution time: 1146.133 ms
