Nested Loop  (cost=0.43..709671.90 rows=500 width=0) (actual time=2931.483..8942.011 rows=2 loops=1)
  ->  Seq Scan on cast_info ci  (cost=0.00..705507.15 rows=500 width=4) (actual time=2931.308..8941.760 rows=2 loops=1)
        Filter: (person_id = 3859946)
        Rows Removed by Filter: 36244342
  ->  Index Only Scan using title_pkey on title t  (cost=0.43..8.32 rows=1 width=4) (actual time=0.076..0.078 rows=1 loops=2)
        Index Cond: (id = ci.movie_id)
        Heap Fetches: 2
Planning time: 0.804 ms
Execution time: 8942.097 ms
