Seq Scan on movie_keyword mk  (cost=0.00..81003.12 rows=246 width=0) (actual time=32.181..1075.028 rows=14 loops=1)
  Filter: (keyword_id = 63546)
  Rows Removed by Filter: 4523916
Planning time: 0.399 ms
Execution time: 1075.121 ms
