Seq Scan on movie_companies mc  (cost=0.00..51404.11 rows=688494 width=0) (actual time=0.021..890.730 rows=681317 loops=1)
  Filter: (company_id < 1159)
  Rows Removed by Filter: 1927812
Planning time: 0.347 ms
Execution time: 977.287 ms
