Seq Scan on title t  (cost=0.00..73925.90 rows=36637 width=0) (actual time=61.863..1013.833 rows=13887 loops=1)
  Filter: ((production_year < 1995) AND (kind_id = 4))
  Rows Removed by Filter: 2514425
Planning time: 0.422 ms
Execution time: 1016.409 ms
