Seq Scan on cast_info ci  (cost=0.00..796071.18 rows=11699873 width=0) (actual time=2754.810..15145.318 rows=12670688 loops=1)
  Filter: ((person_id < 3506993) AND (role_id < 2))
  Rows Removed by Filter: 23573656
Planning time: 0.260 ms
Execution time: 16645.293 ms
