Hash Join  (cost=142289.40..941964.35 rows=16891 width=0) (actual time=4771.986..14293.120 rows=16217 loops=1)
  Hash Cond: (ci.movie_id = t.id)
  ->  Seq Scan on cast_info ci  (cost=0.00..796071.18 rows=915964 width=4) (actual time=2253.474..11540.625 rows=938988 loops=1)
        Filter: ((person_id > 1678955) AND (role_id = 8))
        Rows Removed by Filter: 35305356
  ->  Hash  (cost=141706.56..141706.56 rows=46627 width=8) (actual time=2516.273..2516.273 rows=33195 loops=1)
        Buckets: 65536  Batches: 1  Memory Usage: 1809kB
        ->  Hash Join  (cost=75533.21..141706.56 rows=46627 width=8) (actual time=1220.058..2504.404 rows=33195 loops=1)
              Hash Cond: (mc.movie_id = t.id)
              ->  Seq Scan on movie_companies mc  (cost=0.00..51404.11 rows=1203726 width=4) (actual time=0.042..954.579 rows=1196578 loops=1)
                    Filter: (company_id < 10709)
                    Rows Removed by Filter: 1412551
              ->  Hash  (cost=73925.90..73925.90 rows=97944 width=4) (actual time=1107.346..1107.346 rows=106247 loops=1)
                    Buckets: 131072  Batches: 2  Memory Usage: 2890kB
                    ->  Seq Scan on title t  (cost=0.00..73925.90 rows=97944 width=4) (actual time=0.600..1055.748 rows=106247 loops=1)
                          Filter: ((kind_id = 7) AND (production_year = 2011))
                          Rows Removed by Filter: 2422065
Planning time: 1.495 ms
Execution time: 14295.867 ms
