Seq Scan on cast_info ci  (cost=0.00..796071.18 rows=118 width=0) (actual time=2930.417..12385.655 rows=341 loops=1)
  Filter: ((role_id > 5) AND (person_id = 3775103))
  Rows Removed by Filter: 36244003
Planning time: 1.091 ms
Execution time: 12385.811 ms
