Hash Join  (cost=112623.46..864017.51 rows=60488 width=0) (actual time=1384.450..15804.524 rows=73874 loops=1)
  Hash Cond: (ci.movie_id = t.id)
  ->  Seq Scan on cast_info ci  (cost=0.00..614943.12 rows=36225612 width=4) (actual time=0.012..7394.826 rows=36244344 loops=1)
  ->  Hash  (cost=112570.69..112570.69 rows=4222 width=8) (actual time=1383.823..1383.823 rows=3511 loops=1)
        Buckets: 8192  Batches: 1  Memory Usage: 202kB
        ->  Nested Loop  (cost=0.43..112570.69 rows=4222 width=8) (actual time=2.246..1381.783 rows=3511 loops=1)
              ->  Seq Scan on movie_keyword mk  (cost=0.00..81003.12 rows=4222 width=4) (actual time=2.192..1233.799 rows=3511 loops=1)
                    Filter: (keyword_id = 365)
                    Rows Removed by Filter: 4520419
              ->  Index Only Scan using title_pkey on title t  (cost=0.43..7.47 rows=1 width=4) (actual time=0.041..0.041 rows=1 loops=3511)
                    Index Cond: (id = mk.movie_id)
                    Heap Fetches: 3511
Planning time: 1.169 ms
Execution time: 15816.077 ms
