Seq Scan on cast_info ci  (cost=0.00..796071.18 rows=8204122 width=0) (actual time=0.042..12110.399 rows=3488890 loops=1)
  Filter: ((person_id < 1242215) AND (role_id > 1))
  Rows Removed by Filter: 32755454
Planning time: 0.352 ms
Execution time: 12564.708 ms
