Hash Join  (cost=156487.41..249148.85 rows=134230 width=0) (actual time=3243.389..5010.494 rows=569770 loops=1)
  Hash Cond: (mk.movie_id = t.id)
  ->  Seq Scan on movie_keyword mk  (cost=0.00..81003.12 rows=736271 width=4) (actual time=0.022..1210.332 rows=744217 loops=1)
        Filter: (keyword_id > 25216)
        Rows Removed by Filter: 3779713
  ->  Hash  (cost=148924.19..148924.19 rows=460978 width=8) (actual time=3242.663..3242.663 rows=459925 loops=1)
        Buckets: 131072  Batches: 8  Memory Usage: 3284kB
        ->  Hash Join  (cost=102767.86..148924.19 rows=460978 width=8) (actual time=1955.900..3106.142 rows=459925 loops=1)
              Hash Cond: (mi_idx.movie_id = t.id)
              ->  Seq Scan on movie_info_idx mi_idx  (cost=0.00..25185.44 rows=460978 width=4) (actual time=0.025..404.759 rows=459925 loops=1)
                    Filter: (info_type_id < 100)
                    Rows Removed by Filter: 920110
              ->  Hash  (cost=61283.27..61283.27 rows=2528527 width=4) (actual time=1953.863..1953.863 rows=2528312 loops=1)
                    Buckets: 131072  Batches: 64  Memory Usage: 2415kB
                    ->  Seq Scan on title t  (cost=0.00..61283.27 rows=2528527 width=4) (actual time=0.014..876.808 rows=2528312 loops=1)
Planning time: 1.232 ms
Execution time: 5081.385 ms
