Nested Loop  (cost=0.43..52283.95 rows=95 width=0) (actual time=359.273..685.835 rows=46 loops=1)
  ->  Seq Scan on movie_companies mc  (cost=0.00..51404.11 rows=104 width=4) (actual time=359.221..676.239 rows=46 loops=1)
        Filter: (company_id = 74421)
        Rows Removed by Filter: 2609083
  ->  Index Scan using title_pkey on title t  (cost=0.43..8.45 rows=1 width=4) (actual time=0.207..0.208 rows=1 loops=46)
        Index Cond: (id = mc.movie_id)
        Filter: (production_year > 1942)
Planning time: 3.830 ms
Execution time: 685.934 ms
