Hash Join  (cost=155883.45..236835.34 rows=428137 width=0) (actual time=3492.338..5891.360 rows=1229981 loops=1)
  Hash Cond: (mc.movie_id = t.id)
  ->  Seq Scan on movie_companies mc  (cost=0.00..44881.29 rows=2609129 width=4) (actual time=0.021..752.508 rows=2609129 loops=1)
  ->  Hash  (cost=149076.06..149076.06 rows=414911 width=8) (actual time=3491.451..3491.451 rows=426887 loops=1)
        Buckets: 131072  Batches: 8  Memory Usage: 3115kB
        ->  Hash Join  (cost=104943.62..149076.06 rows=414911 width=8) (actual time=1924.199..3357.805 rows=426887 loops=1)
              Hash Cond: (mi_idx.movie_id = t.id)
              ->  Seq Scan on movie_info_idx mi_idx  (cost=0.00..25185.44 rows=460978 width=4) (actual time=0.024..426.729 rows=459925 loops=1)
                    Filter: (info_type_id = 99)
                    Rows Removed by Filter: 920110
              ->  Hash  (cost=67604.59..67604.59 rows=2275843 width=4) (actual time=1922.968..1922.968 rows=2268428 loops=1)
                    Buckets: 131072  Batches: 32  Memory Usage: 3520kB
                    ->  Seq Scan on title t  (cost=0.00..67604.59 rows=2275843 width=4) (actual time=0.028..1215.193 rows=2268428 loops=1)
                          Filter: (production_year > 1953)
                          Rows Removed by Filter: 259884
Planning time: 1.326 ms
Execution time: 6049.585 ms
