Hash Join  (cost=238098.50..805789.11 rows=6509781 width=0) (actual time=6095.859..63615.994 rows=210331532 loops=1)
  Hash Cond: (mi.movie_id = t.id)
  ->  Seq Scan on movie_info mi  (cost=0.00..309384.22 rows=14739122 width=4) (actual time=0.021..5263.648 rows=14835720 loops=1)
  ->  Hash  (cost=219775.93..219775.93 rows=1116766 width=8) (actual time=6094.021..6094.021 rows=2823360 loops=1)
        Buckets: 131072 (originally 131072)  Batches: 64 (originally 16)  Memory Usage: 3073kB
        ->  Hash Join  (cost=84167.23..219775.93 rows=1116766 width=8) (actual time=1593.218..5349.166 rows=2823360 loops=1)
              Hash Cond: (mk.movie_id = t.id)
              ->  Seq Scan on movie_keyword mk  (cost=0.00..69693.30 rows=4523930 width=4) (actual time=0.016..1302.472 rows=4523930 loops=1)
              ->  Hash  (cost=73925.90..73925.90 rows=624186 width=4) (actual time=1450.588..1450.588 rows=560349 loops=1)
                    Buckets: 131072  Batches: 16  Memory Usage: 2261kB
                    ->  Seq Scan on title t  (cost=0.00..73925.90 rows=624186 width=4) (actual time=485.343..1267.504 rows=560349 loops=1)
                          Filter: ((production_year > 1922) AND (kind_id = 1))
                          Rows Removed by Filter: 1967963
Planning time: 1.323 ms
Execution time: 86241.916 ms
