Hash Join  (cost=369342.58..2177939.70 rows=62198891 width=0) (actual time=8345.861..90657.931 rows=206268887 loops=1)
  Hash Cond: (ci.movie_id = t.id)
  ->  Seq Scan on cast_info ci  (cost=0.00..614943.12 rows=36225612 width=4) (actual time=0.020..12383.786 rows=36244344 loops=1)
  ->  Hash  (cost=298115.50..298115.50 rows=4341447 width=8) (actual time=8344.559..8344.559 rows=4340004 loops=1)
        Buckets: 131072  Batches: 64  Memory Usage: 3699kB
        ->  Hash Join  (cost=102767.86..298115.50 rows=4341447 width=8) (actual time=1774.777..7084.526 rows=4340004 loops=1)
              Hash Cond: (mk.movie_id = t.id)
              ->  Seq Scan on movie_keyword mk  (cost=0.00..81003.12 rows=4341447 width=4) (actual time=0.014..1701.200 rows=4340004 loops=1)
                    Filter: (keyword_id < 71525)
                    Rows Removed by Filter: 183926
              ->  Hash  (cost=61283.27..61283.27 rows=2528527 width=4) (actual time=1773.922..1773.922 rows=2528312 loops=1)
                    Buckets: 131072  Batches: 64  Memory Usage: 2425kB
                    ->  Seq Scan on title t  (cost=0.00..61283.27 rows=2528527 width=4) (actual time=0.012..904.120 rows=2528312 loops=1)
Planning time: 1.158 ms
Execution time: 114121.123 ms
