Hash Join  (cost=102767.86..188164.18 rows=731039 width=0) (actual time=1914.449..3990.599 rows=951244 loops=1)
  Hash Cond: (mc.movie_id = t.id)
  ->  Seq Scan on movie_companies mc  (cost=0.00..57926.93 rows=731039 width=4) (actual time=110.999..1022.077 rows=951244 loops=1)
        Filter: ((company_id > 9774) AND (company_type_id > 1))
        Rows Removed by Filter: 1657885
  ->  Hash  (cost=61283.27..61283.27 rows=2528527 width=4) (actual time=1802.196..1802.196 rows=2528312 loops=1)
        Buckets: 131072  Batches: 64  Memory Usage: 2415kB
        ->  Seq Scan on title t  (cost=0.00..61283.27 rows=2528527 width=4) (actual time=0.014..925.828 rows=2528312 loops=1)
Planning time: 0.793 ms
Execution time: 4108.043 ms
