Seq Scan on movie_companies mc  (cost=0.00..57926.93 rows=802493 width=0) (actual time=31.908..911.198 rows=591269 loops=1)
  Filter: ((company_id > 4226) AND (company_type_id = 1))
  Rows Removed by Filter: 2017860
Planning time: 0.451 ms
Execution time: 986.380 ms
