Hash Join  (cost=874318.92..3834544.50 rows=147857020 width=0) (actual time=19571.274..88454.386 rows=130131793 loops=1)
  Hash Cond: (ci.movie_id = t.id)
  ->  Seq Scan on cast_info ci  (cost=0.00..614943.12 rows=36225612 width=4) (actual time=0.014..13606.932 rows=36244344 loops=1)
  ->  Hash  (cost=705000.71..705000.71 rows=10320336 width=8) (actual time=19569.877..19569.877 rows=5765094 loops=1)
        Buckets: 131072  Batches: 256  Memory Usage: 1884kB
        ->  Hash Join  (cost=96651.52..705000.71 rows=10320336 width=8) (actual time=1809.669..17763.636 rows=5765094 loops=1)
              Hash Cond: (mi.movie_id = t.id)
              ->  Seq Scan on movie_info mi  (cost=0.00..309384.22 rows=14739122 width=4) (actual time=0.020..5851.110 rows=14835720 loops=1)
              ->  Hash  (cost=67604.59..67604.59 rows=1770475 width=4) (actual time=1808.375..1808.375 rows=1774635 loops=1)
                    Buckets: 131072  Batches: 32  Memory Usage: 2984kB
                    ->  Seq Scan on title t  (cost=0.00..67604.59 rows=1770475 width=4) (actual time=0.014..1221.908 rows=1774635 loops=1)
                          Filter: (kind_id > 2)
                          Rows Removed by Filter: 753677
Planning time: 1.224 ms
Execution time: 103130.036 ms
