Seq Scan on title t  (cost=0.00..73925.90 rows=1256296 width=0) (actual time=0.016..1157.929 rows=1375227 loops=1)
  Filter: ((kind_id > 1) AND (production_year > 1992))
  Rows Removed by Filter: 1153085
Planning time: 0.396 ms
Execution time: 1328.444 ms
