Hash Join  (cost=97725.07..1049265.66 rows=8639808 width=0) (actual time=1775.382..23487.994 rows=9862451 loops=1)
  Hash Cond: (ci.movie_id = t.id)
  ->  Seq Scan on cast_info ci  (cost=0.00..705507.15 rows=11899470 width=4) (actual time=0.012..11694.768 rows=11971145 loops=1)
        Filter: (person_id > 2491706)
        Rows Removed by Filter: 24273199
  ->  Hash  (cost=67604.59..67604.59 rows=1835879 width=4) (actual time=1774.388..1774.388 rows=1833367 loops=1)
        Buckets: 131072  Batches: 32  Memory Usage: 3045kB
        ->  Seq Scan on title t  (cost=0.00..67604.59 rows=1835879 width=4) (actual time=0.011..1178.003 rows=1833367 loops=1)
              Filter: (production_year > 1986)
              Rows Removed by Filter: 694945
Planning time: 0.829 ms
Execution time: 24621.158 ms
