Hash Join  (cost=81151.82..1096607.12 rows=4035086 width=0) (actual time=1472.770..26138.620 rows=2566549 loops=1)
  Hash Cond: (ci.movie_id = t.id)
  ->  Seq Scan on cast_info ci  (cost=0.00..705507.15 rows=23167545 width=4) (actual time=0.027..14041.433 rows=23060638 loops=1)
        Filter: (person_id < 2356795)
        Rows Removed by Filter: 13183706
  ->  Hash  (cost=73925.90..73925.90 rows=440393 width=4) (actual time=1471.451..1471.451 rows=296173 loops=1)
        Buckets: 131072  Batches: 8  Memory Usage: 2313kB
        ->  Seq Scan on title t  (cost=0.00..73925.90 rows=440393 width=4) (actual time=0.047..1140.614 rows=296173 loops=1)
              Filter: ((kind_id > 3) AND (production_year < 1989))
              Rows Removed by Filter: 2232139
Planning time: 0.707 ms
Execution time: 26432.970 ms
