Hash Join  (cost=75898.18..1127389.53 rows=1721819 width=0) (actual time=796.360..24564.864 rows=130197 loops=1)
  Hash Cond: (ci.movie_id = t.id)
  ->  Seq Scan on cast_info ci  (cost=0.00..614943.12 rows=36225612 width=4) (actual time=0.016..11972.380 rows=36244344 loops=1)
  ->  Hash  (cost=73925.90..73925.90 rows=120182 width=4) (actual time=794.327..794.327 rows=17916 loops=1)
        Buckets: 131072  Batches: 2  Memory Usage: 1340kB
        ->  Seq Scan on title t  (cost=0.00..73925.90 rows=120182 width=4) (actual time=0.024..787.810 rows=17916 loops=1)
              Filter: ((production_year < 1955) AND (kind_id = 7))
              Rows Removed by Filter: 2510396
Planning time: 2.328 ms
Execution time: 24584.024 ms
