Nested Loop  (cost=0.43..72427.01 rows=1250 width=0) (actual time=264.976..798.382 rows=932 loops=1)
  ->  Seq Scan on movie_companies mc  (cost=0.00..51404.11 rows=2696 width=4) (actual time=3.992..730.586 rows=2760 loops=1)
        Filter: (company_id = 31)
        Rows Removed by Filter: 2606369
  ->  Index Scan using title_pkey on title t  (cost=0.43..7.79 rows=1 width=4) (actual time=0.024..0.024 rows=0 loops=2760)
        Index Cond: (id = mc.movie_id)
        Filter: ((production_year < 2010) AND (kind_id = 7))
        Rows Removed by Filter: 1
Planning time: 0.822 ms
Execution time: 798.730 ms
