Hash Join  (cost=78556.72..427653.36 rows=4735 width=0) (actual time=4410.075..6115.618 rows=113025 loops=1)
  Hash Cond: (mi.movie_id = t.id)
  ->  Seq Scan on movie_info mi  (cost=0.00..346232.03 rows=17937 width=4) (actual time=2765.924..4280.296 rows=140065 loops=1)
        Filter: (info_type_id = 9)
        Rows Removed by Filter: 14695655
  ->  Hash  (cost=67604.59..67604.59 rows=667531 width=4) (actual time=1637.184..1637.184 rows=662825 loops=1)
        Buckets: 131072  Batches: 16  Memory Usage: 2485kB
        ->  Seq Scan on title t  (cost=0.00..67604.59 rows=667531 width=4) (actual time=95.467..950.329 rows=662825 loops=1)
              Filter: (kind_id < 2)
              Rows Removed by Filter: 1865487
Planning time: 0.705 ms
Execution time: 6128.141 ms
