Hash Join  (cost=156487.41..223821.99 rows=103589 width=0) (actual time=3661.608..4358.397 rows=166082 loops=1)
  Hash Cond: (mc.movie_id = t.id)
  ->  Seq Scan on movie_companies mc  (cost=0.00..57926.93 rows=568200 width=4) (actual time=442.987..865.673 rows=293190 loops=1)
        Filter: ((company_id > 12858) AND (company_type_id < 2))
        Rows Removed by Filter: 2315939
  ->  Hash  (cost=148924.19..148924.19 rows=460978 width=8) (actual time=3217.616..3217.616 rows=459925 loops=1)
        Buckets: 131072  Batches: 8  Memory Usage: 3275kB
        ->  Hash Join  (cost=102767.86..148924.19 rows=460978 width=8) (actual time=1777.540..3074.657 rows=459925 loops=1)
              Hash Cond: (mi_idx.movie_id = t.id)
              ->  Seq Scan on movie_info_idx mi_idx  (cost=0.00..25185.44 rows=460978 width=4) (actual time=0.014..447.839 rows=459925 loops=1)
                    Filter: (info_type_id < 100)
                    Rows Removed by Filter: 920110
              ->  Hash  (cost=61283.27..61283.27 rows=2528527 width=4) (actual time=1776.350..1776.350 rows=2528312 loops=1)
                    Buckets: 131072  Batches: 64  Memory Usage: 2415kB
                    ->  Seq Scan on title t  (cost=0.00..61283.27 rows=2528527 width=4) (actual time=0.024..928.261 rows=2528312 loops=1)
Planning time: 1.111 ms
Execution time: 4380.036 ms
