Hash Join  (cost=83074.74..447745.01 rows=1434 width=0) (actual time=1127.917..6608.779 rows=827 loops=1)
  Hash Cond: (mi.movie_id = t.id)
  ->  Seq Scan on movie_info mi  (cost=0.00..309384.22 rows=14739122 width=4) (actual time=0.014..3015.535 rows=14835720 loops=1)
  ->  Hash  (cost=83071.67..83071.67 rows=246 width=8) (actual time=1109.140..1109.140 rows=25 loops=1)
        Buckets: 1024  Batches: 1  Memory Usage: 9kB
        ->  Nested Loop  (cost=0.43..83071.67 rows=246 width=8) (actual time=26.870..1109.098 rows=25 loops=1)
              ->  Seq Scan on movie_keyword mk  (cost=0.00..81003.12 rows=246 width=4) (actual time=26.783..1107.769 rows=25 loops=1)
                    Filter: (keyword_id = 47684)
                    Rows Removed by Filter: 4523905
              ->  Index Only Scan using title_pkey on title t  (cost=0.43..8.40 rows=1 width=4) (actual time=0.046..0.047 rows=1 loops=25)
                    Index Cond: (id = mk.movie_id)
                    Heap Fetches: 25
Planning time: 1.084 ms
Execution time: 6609.140 ms
