Hash Join  (cost=123018.92..195675.60 rows=81940 width=0) (actual time=2524.333..4088.991 rows=280477 loops=1)
  Hash Cond: (mc.movie_id = t.id)
  ->  Seq Scan on movie_companies mc  (cost=0.00..57926.93 rows=1141692 width=4) (actual time=0.026..1080.230 rows=963743 loops=1)
        Filter: ((company_id < 85309) AND (company_type_id = 2))
        Rows Removed by Filter: 1645386
  ->  Hash  (cost=120041.48..120041.48 rows=181475 width=8) (actual time=2523.639..2523.639 rows=318019 loops=1)
        Buckets: 131072 (originally 131072)  Batches: 8 (originally 4)  Memory Usage: 3073kB
        ->  Hash Join  (cost=83810.17..120041.48 rows=181475 width=8) (actual time=1453.178..2422.923 rows=318019 loops=1)
              Hash Cond: (mi_idx.movie_id = t.id)
              ->  Seq Scan on movie_info_idx mi_idx  (cost=0.00..25185.44 rows=464566 width=4) (actual time=0.020..452.875 rows=459925 loops=1)
                    Filter: (info_type_id = 101)
                    Rows Removed by Filter: 920110
              ->  Hash  (cost=67604.59..67604.59 rows=987727 width=4) (actual time=1451.887..1451.887 rows=985048 loops=1)
                    Buckets: 131072  Batches: 16  Memory Usage: 3188kB
                    ->  Seq Scan on title t  (cost=0.00..67604.59 rows=987727 width=4) (actual time=0.022..1137.848 rows=985048 loops=1)
                          Filter: (kind_id < 7)
                          Rows Removed by Filter: 1543264
Planning time: 1.150 ms
Execution time: 4114.353 ms
