Hash Join  (cost=83072.43..137738.08 rows=13 width=0) (actual time=1559.583..2082.968 rows=1 loops=1)
  Hash Cond: (mc.movie_id = t.id)
  ->  Seq Scan on movie_companies mc  (cost=0.00..44881.29 rows=2609129 width=4) (actual time=0.022..512.072 rows=2609129 loops=1)
  ->  Hash  (cost=83072.29..83072.29 rows=12 width=8) (actual time=1096.095..1096.095 rows=1 loops=1)
        Buckets: 1024  Batches: 1  Memory Usage: 9kB
        ->  Nested Loop  (cost=0.43..83072.29 rows=12 width=8) (actual time=1054.422..1096.074 rows=1 loops=1)
              ->  Seq Scan on movie_keyword mk  (cost=0.00..81003.12 rows=246 width=4) (actual time=173.981..1094.645 rows=33 loops=1)
                    Filter: (keyword_id = 52469)
                    Rows Removed by Filter: 4523897
              ->  Index Scan using title_pkey on title t  (cost=0.43..8.40 rows=1 width=4) (actual time=0.039..0.039 rows=0 loops=33)
                    Index Cond: (id = mk.movie_id)
                    Filter: (production_year = 2008)
                    Rows Removed by Filter: 1
Planning time: 1.109 ms
Execution time: 2083.120 ms
