Seq Scan on cast_info ci  (cost=0.00..705507.15 rows=34829291 width=0) (actual time=0.027..11511.999 rows=34837189 loops=1)
  Filter: (person_id < 3787239)
  Rows Removed by Filter: 1407155
Planning time: 0.361 ms
Execution time: 15633.776 ms
