Hash Join  (cost=83810.17..163541.15 rows=453119 width=0) (actual time=1280.207..3442.847 rows=901190 loops=1)
  Hash Cond: (mc.movie_id = t.id)
  ->  Seq Scan on movie_companies mc  (cost=0.00..57926.93 rows=1159959 width=4) (actual time=0.025..1119.629 rows=1265771 loops=1)
        Filter: ((company_id > 160) AND (company_type_id > 1))
        Rows Removed by Filter: 1343358
  ->  Hash  (cost=67604.59..67604.59 rows=987727 width=4) (actual time=1279.111..1279.111 rows=985048 loops=1)
        Buckets: 131072  Batches: 16  Memory Usage: 3188kB
        ->  Seq Scan on title t  (cost=0.00..67604.59 rows=987727 width=4) (actual time=0.027..976.461 rows=985048 loops=1)
              Filter: (kind_id < 7)
              Rows Removed by Filter: 1543264
Planning time: 0.760 ms
Execution time: 3549.410 ms
