Seq Scan on cast_info ci  (cost=0.00..705507.15 rows=29790349 width=0) (actual time=0.011..9621.015 rows=29909170 loops=1)
  Filter: (person_id > 611639)
  Rows Removed by Filter: 6335174
Planning time: 0.224 ms
Execution time: 12923.293 ms
