Hash Join  (cost=97477.83..184529.90 rows=39403 width=0) (actual time=1931.795..3883.073 rows=207040 loops=1)
  Hash Cond: (mk.movie_id = t.id)
  ->  Seq Scan on movie_keyword mk  (cost=0.00..69693.30 rows=4523930 width=4) (actual time=0.024..1042.617 rows=4523930 loops=1)
  ->  Hash  (cost=97202.55..97202.55 rows=22023 width=8) (actual time=1931.076..1931.076 rows=27682 loops=1)
        Buckets: 32768  Batches: 1  Memory Usage: 1338kB
        ->  Hash Join  (cost=68365.25..97202.55 rows=22023 width=8) (actual time=1179.880..1920.900 rows=27682 loops=1)
              Hash Cond: (mi_idx.movie_id = t.id)
              ->  Seq Scan on movie_info_idx mi_idx  (cost=0.00..25185.44 rows=915101 width=4) (actual time=0.032..509.863 rows=919850 loops=1)
                    Filter: (info_type_id < 101)
                    Rows Removed by Filter: 460185
              ->  Hash  (cost=67604.59..67604.59 rows=60853 width=4) (actual time=1179.291..1179.291 rows=62568 loops=1)
                    Buckets: 65536  Batches: 1  Memory Usage: 2712kB
                    ->  Seq Scan on title t  (cost=0.00..67604.59 rows=60853 width=4) (actual time=0.021..1152.560 rows=62568 loops=1)
                          Filter: (production_year = 2002)
                          Rows Removed by Filter: 2465744
Planning time: 1.438 ms
Execution time: 3910.030 ms
