Seq Scan on movie_companies mc  (cost=0.00..51404.11 rows=1228341 width=0) (actual time=0.022..1001.223 rows=1240659 loops=1)
  Filter: (company_id > 11775)
  Rows Removed by Filter: 1368470
Planning time: 0.226 ms
Execution time: 1158.955 ms
