Hash Join  (cost=94555.35..132335.12 rows=231021 width=0) (actual time=2158.119..2873.324 rows=125961 loops=1)
  Hash Cond: (mi_idx.movie_id = t.id)
  ->  Seq Scan on movie_info_idx mi_idx  (cost=0.00..25185.44 rows=464566 width=4) (actual time=0.020..477.967 rows=459925 loops=1)
        Filter: (info_type_id = 101)
        Rows Removed by Filter: 920110
  ->  Hash  (cost=73925.90..73925.90 rows=1257396 width=4) (actual time=1873.296..1873.296 rows=1340616 loops=1)
        Buckets: 131072  Batches: 32  Memory Usage: 2502kB
        ->  Seq Scan on title t  (cost=0.00..73925.90 rows=1257396 width=4) (actual time=239.710..1439.926 rows=1340616 loops=1)
              Filter: ((production_year > 1971) AND (kind_id = 7))
              Rows Removed by Filter: 1187696
Planning time: 0.756 ms
Execution time: 2889.719 ms
