Hash Join  (cost=85435.26..1186942.69 rows=5857265 width=0) (actual time=1309.322..31871.469 rows=6577517 loops=1)
  Hash Cond: (ci.movie_id = t.id)
  ->  Seq Scan on cast_info ci  (cost=0.00..796071.18 rows=21113227 width=4) (actual time=0.027..17446.181 rows=22571086 loops=1)
        Filter: ((person_id > 341337) AND (role_id > 1))
        Rows Removed by Filter: 13673258
  ->  Hash  (cost=73925.90..73925.90 rows=701468 width=4) (actual time=1308.180..1308.180 rows=749931 loops=1)
        Buckets: 131072  Batches: 16  Memory Usage: 2673kB
        ->  Seq Scan on title t  (cost=0.00..73925.90 rows=701468 width=4) (actual time=0.016..1073.411 rows=749931 loops=1)
              Filter: ((kind_id < 7) AND (production_year < 2009))
              Rows Removed by Filter: 1778381
Planning time: 0.967 ms
Execution time: 32656.275 ms
