Hash Join  (cost=499610.45..1358380.95 rows=1652810 width=0) (actual time=10206.980..29032.897 rows=5107124 loops=1)
  Hash Cond: (ci.movie_id = t.id)
  ->  Seq Scan on cast_info ci  (cost=0.00..705507.15 rows=10551049 width=4) (actual time=0.100..12567.558 rows=10556922 loops=1)
        Filter: (person_id > 2653270)
        Rows Removed by Filter: 25687422
  ->  Hash  (cost=493111.31..493111.31 rows=396091 width=8) (actual time=10205.939..10205.939 rows=325453 loops=1)
        Buckets: 131072  Batches: 8  Memory Usage: 2648kB
        ->  Hash Join  (cost=70241.71..493111.31 rows=396091 width=8) (actual time=1308.786..10092.852 rows=325453 loops=1)
              Hash Cond: (mi.movie_id = t.id)
              ->  Seq Scan on movie_info mi  (cost=0.00..346232.03 rows=6231111 width=4) (actual time=244.973..6367.702 rows=6223494 loops=1)
                    Filter: (info_type_id > 8)
                    Rows Removed by Filter: 8612226
              ->  Hash  (cost=67604.59..67604.59 rows=160730 width=4) (actual time=1062.946..1062.946 rows=160017 loops=1)
                    Buckets: 131072  Batches: 4  Memory Usage: 2442kB
                    ->  Seq Scan on title t  (cost=0.00..67604.59 rows=160730 width=4) (actual time=0.036..1003.553 rows=160017 loops=1)
                          Filter: (production_year = 2011)
                          Rows Removed by Filter: 2368295
Planning time: 1.370 ms
Execution time: 29678.796 ms
