Nested Loop  (cost=44377.22..138486.78 rows=120 width=0) (actual time=924.388..2393.461 rows=360 loops=1)
  ->  Hash Join  (cost=44376.79..131605.64 rows=11655 width=8) (actual time=855.974..2284.616 rows=10073 loops=1)
        Hash Cond: (mk.movie_id = mi_idx.movie_id)
        ->  Seq Scan on movie_keyword mk  (cost=0.00..81003.12 rows=3921 width=4) (actual time=0.061..1198.975 rows=3515 loops=1)
              Filter: (keyword_id = 178)
              Rows Removed by Filter: 4520415
        ->  Hash  (cost=21735.35..21735.35 rows=1380035 width=4) (actual time=852.747..852.747 rows=1380035 loops=1)
              Buckets: 131072  Batches: 32  Memory Usage: 2556kB
              ->  Seq Scan on movie_info_idx mi_idx  (cost=0.00..21735.35 rows=1380035 width=4) (actual time=0.014..403.453 rows=1380035 loops=1)
  ->  Index Scan using title_pkey on title t  (cost=0.43..0.58 rows=1 width=4) (actual time=0.010..0.010 rows=0 loops=10073)
        Index Cond: (id = mi_idx.movie_id)
        Filter: (production_year = 2010)
        Rows Removed by Filter: 1
Planning time: 0.749 ms
Execution time: 2393.681 ms
