Seq Scan on title t  (cost=0.00..73925.90 rows=40780 width=0) (actual time=0.025..1101.557 rows=47228 loops=1)
  Filter: ((kind_id > 2) AND (production_year = 2001))
  Rows Removed by Filter: 2481084
Planning time: 0.389 ms
Execution time: 1109.788 ms
