Hash Join  (cost=78556.72..905708.05 rows=529245 width=0) (actual time=3833.731..17087.955 rows=787063 loops=1)
  Hash Cond: (ci.movie_id = t.id)
  ->  Seq Scan on cast_info ci  (cost=0.00..796071.18 rows=2004718 width=4) (actual time=2577.695..14022.481 rows=3574943 loops=1)
        Filter: ((person_id > 1932683) AND (role_id = 10))
        Rows Removed by Filter: 32669401
  ->  Hash  (cost=67604.59..67604.59 rows=667531 width=4) (actual time=1255.163..1255.163 rows=662825 loops=1)
        Buckets: 131072  Batches: 16  Memory Usage: 2476kB
        ->  Seq Scan on title t  (cost=0.00..67604.59 rows=667531 width=4) (actual time=0.035..1054.039 rows=662825 loops=1)
              Filter: (kind_id = 1)
              Rows Removed by Filter: 1865487
Planning time: 0.917 ms
Execution time: 17169.925 ms
