Seq Scan on cast_info ci  (cost=0.00..796071.18 rows=337522 width=0) (actual time=1909.489..10796.688 rows=619902 loops=1)
  Filter: ((person_id < 88289) AND (role_id < 2))
  Rows Removed by Filter: 35624442
Planning time: 0.342 ms
Execution time: 10874.507 ms
