Nested Loop  (cost=0.43..798385.45 rows=276 width=0) (actual time=2263.471..13436.108 rows=241 loops=1)
  ->  Seq Scan on cast_info ci  (cost=0.00..796071.18 rows=276 width=4) (actual time=2263.350..13431.548 rows=241 loops=1)
        Filter: ((role_id < 3) AND (person_id = 2444635))
        Rows Removed by Filter: 36244103
  ->  Index Only Scan using title_pkey on title t  (cost=0.43..8.38 rows=1 width=4) (actual time=0.018..0.018 rows=1 loops=241)
        Index Cond: (id = ci.movie_id)
        Heap Fetches: 241
Planning time: 0.763 ms
Execution time: 13436.249 ms
