Hash Join  (cost=182312.70..209524.82 rows=30164 width=0) (actual time=3258.886..3861.373 rows=19140 loops=1)
  Hash Cond: (mi_idx.movie_id = t.id)
  ->  Seq Scan on movie_info_idx mi_idx  (cost=0.00..21735.35 rows=1380035 width=4) (actual time=0.013..292.655 rows=1380035 loops=1)
  ->  Hash  (cost=181621.86..181621.86 rows=55267 width=8) (actual time=3258.420..3258.420 rows=16586 loops=1)
        Buckets: 65536  Batches: 1  Memory Usage: 1160kB
        ->  Hash Join  (cost=92883.59..181621.86 rows=55267 width=8) (actual time=1645.177..3251.513 rows=16586 loops=1)
              Hash Cond: (mk.movie_id = t.id)
              ->  Seq Scan on movie_keyword mk  (cost=0.00..81003.12 rows=90696 width=4) (actual time=0.037..1280.083 rows=101233 loops=1)
                    Filter: (keyword_id < 93)
                    Rows Removed by Filter: 4422697
              ->  Hash  (cost=67604.59..67604.59 rows=1540800 width=4) (actual time=1642.596..1642.596 rows=1543264 loops=1)
                    Buckets: 131072  Batches: 32  Memory Usage: 2728kB
                    ->  Seq Scan on title t  (cost=0.00..67604.59 rows=1540800 width=4) (actual time=0.029..1134.447 rows=1543264 loops=1)
                          Filter: (kind_id = 7)
                          Rows Removed by Filter: 985048
Planning time: 1.200 ms
Execution time: 3864.246 ms
