Hash Join  (cost=189704.87..231824.46 rows=258011 width=0) (actual time=4568.612..6640.515 rows=1090335 loops=1)
  Hash Cond: (mi_idx.movie_id = t.id)
  ->  Seq Scan on movie_info_idx mi_idx  (cost=0.00..21735.35 rows=1380035 width=4) (actual time=0.017..910.434 rows=1380035 loops=1)
  ->  Hash  (cost=181948.70..181948.70 rows=472733 width=8) (actual time=4567.788..4567.788 rows=794228 loops=1)
        Buckets: 131072 (originally 131072)  Batches: 16 (originally 8)  Memory Usage: 3073kB
        ->  Hash Join  (cost=102767.86..181948.70 rows=472733 width=8) (actual time=2118.115..4328.212 rows=794228 loops=1)
              Hash Cond: (mc.movie_id = t.id)
              ->  Seq Scan on movie_companies mc  (cost=0.00..57926.93 rows=472733 width=4) (actual time=13.156..1128.386 rows=794228 loops=1)
                    Filter: ((company_id > 19211) AND (company_type_id > 1))
                    Rows Removed by Filter: 1814901
              ->  Hash  (cost=61283.27..61283.27 rows=2528527 width=4) (actual time=2103.683..2103.683 rows=2528312 loops=1)
                    Buckets: 131072  Batches: 64  Memory Usage: 2415kB
                    ->  Seq Scan on title t  (cost=0.00..61283.27 rows=2528527 width=4) (actual time=0.018..1225.901 rows=2528312 loops=1)
Planning time: 0.842 ms
Execution time: 6802.395 ms
