Hash Join  (cost=168991.84..300460.47 rows=776959 width=0) (actual time=4148.433..11442.066 rows=17653348 loops=1)
  Hash Cond: (mk.movie_id = t.id)
  ->  Seq Scan on movie_keyword mk  (cost=0.00..69693.30 rows=4523930 width=4) (actual time=0.019..1388.258 rows=4523930 loops=1)
  ->  Hash  (cost=161866.59..161866.59 rows=434260 width=8) (actual time=4147.260..4147.260 rows=1053136 loops=1)
        Buckets: 131072 (originally 131072)  Batches: 16 (originally 8)  Memory Usage: 3651kB
        ->  Hash Join  (cost=80830.47..161866.59 rows=434260 width=8) (actual time=1317.999..3815.252 rows=1053136 loops=1)
              Hash Cond: (mc.movie_id = t.id)
              ->  Seq Scan on movie_companies mc  (cost=0.00..44881.29 rows=2609129 width=4) (actual time=0.024..854.318 rows=2609129 loops=1)
              ->  Hash  (cost=73925.90..73925.90 rows=420845 width=4) (actual time=1316.885..1316.885 rows=517968 loops=1)
                    Buckets: 131072  Batches: 8  Memory Usage: 3313kB
                    ->  Seq Scan on title t  (cost=0.00..73925.90 rows=420845 width=4) (actual time=0.022..1149.868 rows=517968 loops=1)
                          Filter: ((kind_id < 7) AND (production_year < 2001))
                          Rows Removed by Filter: 2010344
Planning time: 1.113 ms
Execution time: 13300.036 ms
