Hash Join  (cost=191731.34..1302473.11 rows=7489560 width=0) (actual time=4079.171..42134.678 rows=28322633 loops=1)
  Hash Cond: (ci.movie_id = t.id)
  ->  Seq Scan on cast_info ci  (cost=0.00..614943.12 rows=36225612 width=4) (actual time=0.022..13613.935 rows=36244344 loops=1)
  ->  Hash  (cost=183153.76..183153.76 rows=522767 width=8) (actual time=4078.324..4078.324 rows=731514 loops=1)
        Buckets: 131072 (originally 131072)  Batches: 16 (originally 8)  Memory Usage: 3073kB
        ->  Hash Join  (cost=102767.86..183153.76 rows=522767 width=8) (actual time=1905.971..3857.771 rows=731514 loops=1)
              Hash Cond: (mc.movie_id = t.id)
              ->  Seq Scan on movie_companies mc  (cost=0.00..57926.93 rows=522767 width=4) (actual time=0.028..930.709 rows=731514 loops=1)
                    Filter: ((company_id < 6373) AND (company_type_id < 2))
                    Rows Removed by Filter: 1877615
              ->  Hash  (cost=61283.27..61283.27 rows=2528527 width=4) (actual time=1904.711..1904.711 rows=2528312 loops=1)
                    Buckets: 131072  Batches: 64  Memory Usage: 2415kB
                    ->  Seq Scan on title t  (cost=0.00..61283.27 rows=2528527 width=4) (actual time=0.017..1055.776 rows=2528312 loops=1)
Planning time: 1.210 ms
Execution time: 44953.112 ms
