Seq Scan on cast_info ci  (cost=0.00..796071.18 rows=5300173 width=0) (actual time=7869.166..14356.496 rows=10782003 loops=1)
  Filter: ((person_id < 1476987) AND (role_id = 1))
  Rows Removed by Filter: 25462341
Planning time: 0.363 ms
Execution time: 15670.816 ms
