Hash Join  (cost=296010.39..977520.07 rows=15450197 width=0) (actual time=6678.439..23335.978 rows=13313123 loops=1)
  Hash Cond: (mi.movie_id = t.id)
  ->  Seq Scan on movie_info mi  (cost=0.00..309384.22 rows=14739122 width=4) (actual time=0.014..5871.624 rows=14835720 loops=1)
  ->  Hash  (cost=252524.97..252524.97 rows=2650513 width=8) (actual time=6676.950..6676.950 rows=1166055 loops=1)
        Buckets: 131072  Batches: 64  Memory Usage: 1728kB
        ->  Hash Join  (cost=98230.80..252524.97 rows=2650513 width=8) (actual time=1915.129..6310.546 rows=1166055 loops=1)
              Hash Cond: (mk.movie_id = t.id)
              ->  Seq Scan on movie_keyword mk  (cost=0.00..69693.30 rows=4523930 width=4) (actual time=0.020..1467.791 rows=4523930 loops=1)
              ->  Hash  (cost=73925.90..73925.90 rows=1481432 width=4) (actual time=1913.033..1913.033 rows=1575139 loops=1)
                    Buckets: 131072  Batches: 32  Memory Usage: 2766kB
                    ->  Seq Scan on title t  (cost=0.00..73925.90 rows=1481432 width=4) (actual time=0.027..1399.065 rows=1575139 loops=1)
                          Filter: ((kind_id > 3) AND (production_year > 1957))
                          Rows Removed by Filter: 953173
Planning time: 1.080 ms
Execution time: 24927.715 ms
