Hash Join  (cost=150539.25..1014648.12 rows=1054906 width=0) (actual time=3180.515..18018.885 rows=1171130 loops=1)
  Hash Cond: (ci.movie_id = t.id)
  ->  Seq Scan on cast_info ci  (cost=0.00..796071.18 rows=4783368 width=4) (actual time=0.018..13097.306 rows=2946338 loops=1)
        Filter: ((person_id < 1034213) AND (role_id > 2))
        Rows Removed by Filter: 33298006
  ->  Hash  (cost=141389.85..141389.85 rows=557632 width=8) (actual time=3179.639..3179.639 rows=283812 loops=1)
        Buckets: 131072  Batches: 8  Memory Usage: 2409kB
        ->  Hash Join  (cost=92883.59..141389.85 rows=557632 width=8) (actual time=1956.148..3096.300 rows=283812 loops=1)
              Hash Cond: (mi_idx.movie_id = t.id)
              ->  Seq Scan on movie_info_idx mi_idx  (cost=0.00..25185.44 rows=915101 width=4) (actual time=0.028..564.470 rows=919850 loops=1)
                    Filter: (info_type_id < 101)
                    Rows Removed by Filter: 460185
              ->  Hash  (cost=67604.59..67604.59 rows=1540800 width=4) (actual time=1764.407..1764.407 rows=1543264 loops=1)
                    Buckets: 131072  Batches: 32  Memory Usage: 2722kB
                    ->  Seq Scan on title t  (cost=0.00..67604.59 rows=1540800 width=4) (actual time=0.013..1268.512 rows=1543264 loops=1)
                          Filter: (kind_id > 6)
                          Rows Removed by Filter: 985048
Planning time: 3.766 ms
Execution time: 18151.820 ms
