Hash Join  (cost=95162.59..476659.49 rows=926949 width=0) (actual time=2313.930..8995.318 rows=255331 loops=1)
  Hash Cond: (mi.movie_id = t.id)
  ->  Seq Scan on movie_info mi  (cost=0.00..346232.03 rows=1810770 width=4) (actual time=83.218..5719.467 rows=1865632 loops=1)
        Filter: (info_type_id > 17)
        Rows Removed by Filter: 12970088
  ->  Hash  (cost=73925.90..73925.90 rows=1294375 width=4) (actual time=2135.274..2135.274 rows=1374286 loops=1)
        Buckets: 131072  Batches: 32  Memory Usage: 2543kB
        ->  Seq Scan on title t  (cost=0.00..73925.90 rows=1294375 width=4) (actual time=25.775..1429.102 rows=1374286 loops=1)
              Filter: ((production_year > 1967) AND (kind_id = 7))
              Rows Removed by Filter: 1154026
Planning time: 0.821 ms
Execution time: 9023.734 ms
