Seq Scan on movie_companies mc  (cost=0.00..51404.11 rows=640490 width=0) (actual time=0.019..941.278 rows=645831 loops=1)
  Filter: (company_id > 55734)
  Rows Removed by Filter: 1963298
Planning time: 0.219 ms
Execution time: 1022.478 ms
