Hash Join  (cost=413998.03..1164794.79 rows=756 width=0) (actual time=6497.360..22027.496 rows=6610 loops=1)
  Hash Cond: (ci.movie_id = t.id)
  ->  Seq Scan on cast_info ci  (cost=0.00..614943.12 rows=36225612 width=4) (actual time=0.011..8701.044 rows=36244344 loops=1)
  ->  Hash  (cost=413997.37..413997.37 rows=53 width=8) (actual time=6496.609..6496.609 rows=205 loops=1)
        Buckets: 1024  Batches: 1  Memory Usage: 17kB
        ->  Hash Join  (cost=67697.55..413997.37 rows=53 width=8) (actual time=2779.485..6496.481 rows=205 loops=1)
              Hash Cond: (mi.movie_id = t.id)
              ->  Seq Scan on movie_info mi  (cost=0.00..346232.03 rows=17937 width=4) (actual time=1717.422..5452.997 rows=36985 loops=1)
                    Filter: (info_type_id = 104)
                    Rows Removed by Filter: 14798735
              ->  Hash  (cost=67604.59..67604.59 rows=7437 width=4) (actual time=1031.481..1031.481 rows=13994 loops=1)
                    Buckets: 16384 (originally 8192)  Batches: 1 (originally 1)  Memory Usage: 620kB
                    ->  Seq Scan on title t  (cost=0.00..67604.59 rows=7437 width=4) (actual time=0.027..1024.801 rows=13994 loops=1)
                          Filter: (production_year = 1976)
                          Rows Removed by Filter: 2514318
Planning time: 1.220 ms
Execution time: 22030.554 ms
