Hash Join  (cost=547692.12..1739108.39 rows=15619569 width=0) (actual time=15548.395..47007.881 rows=41366284 loops=1)
  Hash Cond: (ci.movie_id = t.id)
  ->  Seq Scan on cast_info ci  (cost=0.00..796071.18 rows=17996080 width=4) (actual time=4625.044..16650.523 rows=16628283 loops=1)
        Filter: ((person_id > 1157128) AND (role_id < 5))
        Rows Removed by Filter: 19616061
  ->  Hash  (cost=511686.41..511686.41 rows=2194617 width=8) (actual time=10922.086..10922.086 rows=2233850 loops=1)
        Buckets: 131072  Batches: 32  Memory Usage: 3598kB
        ->  Hash Join  (cost=102767.86..511686.41 rows=2194617 width=8) (actual time=2859.347..10313.738 rows=2233850 loops=1)
              Hash Cond: (mi.movie_id = t.id)
              ->  Seq Scan on movie_info mi  (cost=0.00..346232.03 rows=2194617 width=4) (actual time=279.524..5442.938 rows=2233850 loops=1)
                    Filter: (info_type_id > 16)
                    Rows Removed by Filter: 12601870
              ->  Hash  (cost=61283.27..61283.27 rows=2528527 width=4) (actual time=2578.936..2578.936 rows=2528312 loops=1)
                    Buckets: 131072  Batches: 64  Memory Usage: 2425kB
                    ->  Seq Scan on title t  (cost=0.00..61283.27 rows=2528527 width=4) (actual time=0.033..1164.757 rows=2528312 loops=1)
Planning time: 1.219 ms
Execution time: 51557.317 ms
