Seq Scan on movie_keyword mk  (cost=0.00..81003.12 rows=246 width=0) (actual time=19.374..1260.663 rows=33 loops=1)
  Filter: (keyword_id = 22747)
  Rows Removed by Filter: 4523897
Planning time: 0.340 ms
Execution time: 1260.783 ms
