Seq Scan on cast_info ci  (cost=0.00..796071.18 rows=28191128 width=0) (actual time=1439.950..18684.151 rows=28808107 loops=1)
  Filter: ((person_id < 3940157) AND (role_id < 8))
  Rows Removed by Filter: 7436237
Planning time: 0.333 ms
Execution time: 22297.602 ms
