Hash Join  (cost=356213.42..1456079.84 rows=19196027 width=0) (actual time=9406.045..51516.317 rows=79998654 loops=1)
  Hash Cond: (ci.movie_id = t.id)
  ->  Seq Scan on cast_info ci  (cost=0.00..705507.15 rows=12203201 width=4) (actual time=1125.757..14455.619 rows=12113646 loops=1)
        Filter: (role_id > 3)
        Rows Removed by Filter: 24130698
  ->  Hash  (cost=290958.25..290958.25 rows=3977454 width=8) (actual time=8278.335..8278.335 rows=4166799 loops=1)
        Buckets: 131072  Batches: 64  Memory Usage: 3589kB
        ->  Hash Join  (cost=106125.41..290958.25 rows=3977454 width=8) (actual time=2065.290..7154.998 rows=4166799 loops=1)
              Hash Cond: (mk.movie_id = t.id)
              ->  Seq Scan on movie_keyword mk  (cost=0.00..81003.12 rows=4283434 width=4) (actual time=0.032..1821.452 rows=4284080 loops=1)
                    Filter: (keyword_id < 61913)
                    Rows Removed by Filter: 239850
              ->  Hash  (cost=67604.59..67604.59 rows=2347906 width=4) (actual time=2064.224..2064.224 rows=2340903 loops=1)
                    Buckets: 131072  Batches: 32  Memory Usage: 3609kB
                    ->  Seq Scan on title t  (cost=0.00..67604.59 rows=2347906 width=4) (actual time=0.020..1302.683 rows=2340903 loops=1)
                          Filter: (production_year > 1929)
                          Rows Removed by Filter: 187409
Planning time: 1.209 ms
Execution time: 61063.659 ms
