Seq Scan on movie_info mi  (cost=0.00..346232.03 rows=809669 width=75) (actual time=4354.219..5910.911 rows=802140 loops=1)
  Filter: (info_type_id = 1)
  Rows Removed by Filter: 14033580
Planning time: 0.505 ms
Execution time: 5957.520 ms
