Seq Scan on cast_info ci  (cost=0.00..705507.15 rows=500 width=0) (actual time=4708.625..11024.989 rows=396 loops=1)
  Filter: (person_id = 765632)
  Rows Removed by Filter: 36243948
Planning time: 0.380 ms
Execution time: 11025.160 ms
