Hash Join  (cost=82058.64..214865.79 rows=886811 width=0) (actual time=1356.217..4839.093 rows=256394 loops=1)
  Hash Cond: (mk.movie_id = t.id)
  ->  Seq Scan on movie_keyword mk  (cost=0.00..69693.30 rows=4523930 width=4) (actual time=0.024..1399.840 rows=4523930 loops=1)
  ->  Hash  (cost=73925.90..73925.90 rows=495659 width=4) (actual time=1354.109..1354.109 rows=357996 loops=1)
        Buckets: 131072  Batches: 8  Memory Usage: 2591kB
        ->  Seq Scan on title t  (cost=0.00..73925.90 rows=495659 width=4) (actual time=0.025..1235.130 rows=357996 loops=1)
              Filter: ((kind_id > 3) AND (production_year < 1993))
              Rows Removed by Filter: 2170316
Planning time: 0.707 ms
Execution time: 4866.315 ms
