Hash Join  (cost=67697.55..151796.91 rows=2410 width=0) (actual time=1105.176..2532.660 rows=5682 loops=1)
  Hash Cond: (mk.movie_id = t.id)
  ->  Seq Scan on movie_keyword mk  (cost=0.00..81003.12 rows=819237 width=4) (actual time=0.027..1274.157 rows=827659 loops=1)
        Filter: (keyword_id > 22226)
        Rows Removed by Filter: 3696271
  ->  Hash  (cost=67604.59..67604.59 rows=7437 width=4) (actual time=1105.048..1105.048 rows=14926 loops=1)
        Buckets: 16384 (originally 8192)  Batches: 1 (originally 1)  Memory Usage: 653kB
        ->  Seq Scan on title t  (cost=0.00..67604.59 rows=7437 width=4) (actual time=0.058..1097.821 rows=14926 loops=1)
              Filter: (production_year = 1979)
              Rows Removed by Filter: 2513386
Planning time: 0.758 ms
Execution time: 2533.736 ms
