Hash Join  (cost=174865.45..999383.95 rows=2751854 width=0) (actual time=4702.018..23070.176 rows=5891432 loops=1)
  Hash Cond: (ci.movie_id = t.id)
  ->  Seq Scan on cast_info ci  (cost=0.00..705507.15 rows=7603682 width=4) (actual time=0.012..12646.917 rows=7514586 loops=1)
        Filter: (person_id < 728088)
        Rows Removed by Filter: 28729758
  ->  Hash  (cost=159851.69..159851.69 rows=915101 width=8) (actual time=4701.269..4701.269 rows=919850 loops=1)
        Buckets: 131072  Batches: 16  Memory Usage: 3269kB
        ->  Hash Join  (cost=102767.86..159851.69 rows=915101 width=8) (actual time=2577.941..4426.678 rows=919850 loops=1)
              Hash Cond: (mi_idx.movie_id = t.id)
              ->  Seq Scan on movie_info_idx mi_idx  (cost=0.00..25185.44 rows=915101 width=4) (actual time=0.022..609.172 rows=919850 loops=1)
                    Filter: (info_type_id < 101)
                    Rows Removed by Filter: 460185
              ->  Hash  (cost=61283.27..61283.27 rows=2528527 width=4) (actual time=2575.826..2575.826 rows=2528312 loops=1)
                    Buckets: 131072  Batches: 64  Memory Usage: 2415kB
                    ->  Seq Scan on title t  (cost=0.00..61283.27 rows=2528527 width=4) (actual time=0.012..1105.538 rows=2528312 loops=1)
Planning time: 0.990 ms
Execution time: 23737.231 ms
