Hash Join  (cost=102767.86..228365.80 rows=1442758 width=0) (actual time=2685.119..5608.106 rows=1459778 loops=1)
  Hash Cond: (mk.movie_id = t.id)
  ->  Seq Scan on movie_keyword mk  (cost=0.00..81003.12 rows=1442758 width=4) (actual time=0.024..1437.315 rows=1459778 loops=1)
        Filter: (keyword_id < 2069)
        Rows Removed by Filter: 3064152
  ->  Hash  (cost=61283.27..61283.27 rows=2528527 width=4) (actual time=2684.413..2684.413 rows=2528312 loops=1)
        Buckets: 131072  Batches: 64  Memory Usage: 2425kB
        ->  Seq Scan on title t  (cost=0.00..61283.27 rows=2528527 width=4) (actual time=0.023..1086.101 rows=2528312 loops=1)
Planning time: 3.839 ms
Execution time: 5774.838 ms
