Hash Join  (cost=468016.25..1402018.16 rows=208467 width=0) (actual time=10273.670..30841.732 rows=1467373 loops=1)
  Hash Cond: (ci.movie_id = t.id)
  ->  Seq Scan on cast_info ci  (cost=0.00..614943.12 rows=36225612 width=4) (actual time=0.024..9691.028 rows=36244344 loops=1)
  ->  Hash  (cost=467834.36..467834.36 rows=14551 width=8) (actual time=10273.370..10273.370 rows=53414 loops=1)
        Buckets: 65536 (originally 16384)  Batches: 1 (originally 1)  Memory Usage: 2599kB
        ->  Hash Join  (cost=73962.22..467834.36 rows=14551 width=8) (actual time=1314.974..10248.563 rows=53414 loops=1)
              Hash Cond: (mi.movie_id = t.id)
              ->  Seq Scan on movie_info mi  (cost=0.00..346232.03 rows=12665229 width=4) (actual time=93.016..6847.481 rows=12744652 loops=1)
                    Filter: (info_type_id > 2)
                    Rows Removed by Filter: 2091068
              ->  Hash  (cost=73925.90..73925.90 rows=2905 width=4) (actual time=1221.834..1221.834 rows=6232 loops=1)
                    Buckets: 8192 (originally 4096)  Batches: 1 (originally 1)  Memory Usage: 284kB
                    ->  Seq Scan on title t  (cost=0.00..73925.90 rows=2905 width=4) (actual time=1.386..1218.754 rows=6232 loops=1)
                          Filter: ((kind_id < 7) AND (production_year = 1970))
                          Rows Removed by Filter: 2522080
Planning time: 1.210 ms
Execution time: 31032.471 ms
