Hash Join  (cost=76440.79..155638.49 rows=399614 width=0) (actual time=1406.356..3508.178 rows=674797 loops=1)
  Hash Cond: (mc.movie_id = t.id)
  ->  Seq Scan on movie_companies mc  (cost=0.00..51404.11 rows=1876121 width=4) (actual time=0.014..981.803 rows=1871905 loops=1)
        Filter: (company_id < 39241)
        Rows Removed by Filter: 737224
  ->  Hash  (cost=67604.59..67604.59 rows=538576 width=4) (actual time=1405.568..1405.568 rows=538190 loops=1)
        Buckets: 131072  Batches: 8  Memory Usage: 3380kB
        ->  Seq Scan on title t  (cost=0.00..67604.59 rows=538576 width=4) (actual time=0.011..1230.464 rows=538190 loops=1)
              Filter: (production_year < 1982)
              Rows Removed by Filter: 1990122
Planning time: 2.080 ms
Execution time: 3591.807 ms
