Hash Join  (cost=190230.21..1144597.71 rows=4903099 width=0) (actual time=5649.763..28926.574 rows=12421886 loops=1)
  Hash Cond: (ci.movie_id = t.id)
  ->  Seq Scan on cast_info ci  (cost=0.00..796071.18 rows=8983554 width=4) (actual time=839.000..14635.350 rows=10788625 loops=1)
        Filter: ((person_id < 1330953) AND (role_id < 4))
        Rows Removed by Filter: 25455719
  ->  Hash  (cost=167588.78..167588.78 rows=1380035 width=8) (actual time=4462.853..4462.853 rows=1380035 loops=1)
        Buckets: 131072  Batches: 32  Memory Usage: 2708kB
        ->  Hash Join  (cost=102767.86..167588.78 rows=1380035 width=8) (actual time=2088.022..4074.555 rows=1380035 loops=1)
              Hash Cond: (mi_idx.movie_id = t.id)
              ->  Seq Scan on movie_info_idx mi_idx  (cost=0.00..21735.35 rows=1380035 width=4) (actual time=0.010..447.034 rows=1380035 loops=1)
              ->  Hash  (cost=61283.27..61283.27 rows=2528527 width=4) (actual time=2086.575..2086.575 rows=2528312 loops=1)
                    Buckets: 131072  Batches: 64  Memory Usage: 2415kB
                    ->  Seq Scan on title t  (cost=0.00..61283.27 rows=2528527 width=4) (actual time=0.015..1256.513 rows=2528312 loops=1)
Planning time: 1.134 ms
Execution time: 30384.193 ms
