Seq Scan on movie_companies mc  (cost=0.00..57926.93 rows=832331 width=0) (actual time=382.718..953.418 rows=627882 loops=1)
  Filter: ((company_id > 3049) AND (company_type_id < 2))
  Rows Removed by Filter: 1981247
Planning time: 1.953 ms
Execution time: 1032.587 ms
