Seq Scan on cast_info ci  (cost=0.00..705507.15 rows=31537971 width=0) (actual time=0.022..43984.573 rows=31517185 loops=1)
  Filter: (person_id < 3207287)
  Rows Removed by Filter: 4727159
Planning time: 0.318 ms
Execution time: 49679.099 ms
