Nested Loop  (cost=0.43..83072.29 rows=168 width=0) (actual time=3.398..1294.033 rows=234 loops=1)
  ->  Seq Scan on movie_keyword mk  (cost=0.00..81003.12 rows=246 width=4) (actual time=3.353..1269.311 rows=375 loops=1)
        Filter: (keyword_id = 3224)
        Rows Removed by Filter: 4523555
  ->  Index Scan using title_pkey on title t  (cost=0.43..8.40 rows=1 width=4) (actual time=0.064..0.064 rows=1 loops=375)
        Index Cond: (id = mk.movie_id)
        Filter: (production_year > 1991)
        Rows Removed by Filter: 0
Planning time: 14.490 ms
Execution time: 1294.316 ms
