Hash Join  (cost=150539.25..964177.37 rows=246480 width=0) (actual time=10854.039..18689.210 rows=156330 loops=1)
  Hash Cond: (ci.movie_id = t.id)
  ->  Seq Scan on cast_info ci  (cost=0.00..796071.18 rows=1117637 width=4) (actual time=7642.698..14903.030 rows=1124286 loops=1)
        Filter: ((person_id > 1271136) AND (role_id = 8))
        Rows Removed by Filter: 35120058
  ->  Hash  (cost=141389.85..141389.85 rows=557632 width=8) (actual time=3209.901..3209.901 rows=283812 loops=1)
        Buckets: 131072  Batches: 8  Memory Usage: 2409kB
        ->  Hash Join  (cost=92883.59..141389.85 rows=557632 width=8) (actual time=1829.715..3131.799 rows=283812 loops=1)
              Hash Cond: (mi_idx.movie_id = t.id)
              ->  Seq Scan on movie_info_idx mi_idx  (cost=0.00..25185.44 rows=915101 width=4) (actual time=0.029..572.527 rows=919850 loops=1)
                    Filter: (info_type_id < 101)
                    Rows Removed by Filter: 460185
              ->  Hash  (cost=67604.59..67604.59 rows=1540800 width=4) (actual time=1828.490..1828.490 rows=1543264 loops=1)
                    Buckets: 131072  Batches: 32  Memory Usage: 2722kB
                    ->  Seq Scan on title t  (cost=0.00..67604.59 rows=1540800 width=4) (actual time=24.386..1325.918 rows=1543264 loops=1)
                          Filter: (kind_id = 7)
                          Rows Removed by Filter: 985048
Planning time: 1.155 ms
Execution time: 18708.047 ms
