Hash Join  (cost=123724.13..880531.54 rows=601824 width=0) (actual time=2410.307..19670.855 rows=1468580 loops=1)
  Hash Cond: (ci.movie_id = t.id)
  ->  Seq Scan on cast_info ci  (cost=0.00..614943.12 rows=36225612 width=4) (actual time=0.008..7966.332 rows=36244344 loops=1)
  ->  Hash  (cost=123199.04..123199.04 rows=42007 width=8) (actual time=2409.909..2409.909 rows=37830 loops=1)
        Buckets: 65536  Batches: 1  Memory Usage: 1990kB
        ->  Hash Join  (cost=68113.45..123199.04 rows=42007 width=8) (actual time=1088.055..2395.643 rows=37830 loops=1)
              Hash Cond: (mc.movie_id = t.id)
              ->  Seq Scan on movie_companies mc  (cost=0.00..44881.29 rows=2609129 width=4) (actual time=0.016..624.249 rows=2609129 loops=1)
              ->  Hash  (cost=67604.59..67604.59 rows=40709 width=4) (actual time=1087.656..1087.656 rows=38955 loops=1)
                    Buckets: 65536  Batches: 1  Memory Usage: 1882kB
                    ->  Seq Scan on title t  (cost=0.00..67604.59 rows=40709 width=4) (actual time=0.021..1071.140 rows=38955 loops=1)
                          Filter: (production_year = 1997)
                          Rows Removed by Filter: 2489357
Planning time: 1.116 ms
Execution time: 19851.391 ms
