Hash Join  (cost=82929.34..596866.93 rows=3198766 width=0) (actual time=2123.259..15716.619 rows=5531633 loops=1)
  Hash Cond: (mi.movie_id = t.id)
  ->  Seq Scan on movie_info mi  (cost=0.00..309384.22 rows=14739122 width=4) (actual time=0.019..5988.464 rows=14835720 loops=1)
  ->  Hash  (cost=73925.90..73925.90 rows=548755 width=4) (actual time=1469.449..1469.449 rows=425249 loops=1)
        Buckets: 131072  Batches: 8  Memory Usage: 2912kB
        ->  Seq Scan on title t  (cost=0.00..73925.90 rows=548755 width=4) (actual time=0.013..1333.813 rows=425249 loops=1)
              Filter: ((production_year > 1970) AND (kind_id = 1))
              Rows Removed by Filter: 2103063
Planning time: 0.518 ms
Execution time: 16358.669 ms
