Hash Join  (cost=117794.08..603636.37 rows=565635 width=0) (actual time=2479.931..16316.483 rows=4142637 loops=1)
  Hash Cond: (mi.movie_id = t.id)
  ->  Seq Scan on movie_info mi  (cost=0.00..309384.22 rows=14739122 width=4) (actual time=0.014..5949.464 rows=14835720 loops=1)
  ->  Hash  (cost=116201.13..116201.13 rows=97036 width=8) (actual time=2477.647..2477.647 rows=216475 loops=1)
        Buckets: 131072 (originally 131072)  Batches: 4 (originally 2)  Memory Usage: 3156kB
        ->  Hash Join  (cost=76843.29..116201.13 rows=97036 width=8) (actual time=1271.114..2402.047 rows=216475 loops=1)
              Hash Cond: (mi_idx.movie_id = t.id)
              ->  Seq Scan on movie_info_idx mi_idx  (cost=0.00..21735.35 rows=1380035 width=4) (actual time=0.021..454.578 rows=1380035 loops=1)
              ->  Hash  (cost=73925.90..73925.90 rows=177791 width=4) (actual time=1270.333..1270.333 rows=282025 loops=1)
                    Buckets: 131072  Batches: 4  Memory Usage: 3508kB
                    ->  Seq Scan on title t  (cost=0.00..73925.90 rows=177791 width=4) (actual time=0.023..1178.372 rows=282025 loops=1)
                          Filter: ((kind_id < 7) AND (production_year < 1976))
                          Rows Removed by Filter: 2246287
Planning time: 17.363 ms
Execution time: 16832.438 ms
