Hash Join  (cost=122293.68..927127.80 rows=629 width=0) (actual time=10835.977..50171.360 rows=9468 loops=1)
  Hash Cond: (ci.movie_id = t.id)
  ->  Seq Scan on cast_info ci  (cost=0.00..796071.18 rows=2335107 width=4) (actual time=4388.901..43165.262 rows=2202891 loops=1)
        Filter: ((person_id < 3121468) AND (role_id = 4))
        Rows Removed by Filter: 34041453
  ->  Hash  (cost=122285.17..122285.17 rows=681 width=8) (actual time=6446.887..6446.887 rows=6325 loops=1)
        Buckets: 8192 (originally 1024)  Batches: 1 (originally 1)  Memory Usage: 312kB
        ->  Hash Join  (cost=67612.84..122285.17 rows=681 width=8) (actual time=3371.041..6443.745 rows=6325 loops=1)
              Hash Cond: (mc.movie_id = t.id)
              ->  Seq Scan on movie_companies mc  (cost=0.00..44881.29 rows=2609129 width=4) (actual time=0.018..2340.799 rows=2609129 loops=1)
              ->  Hash  (cost=67604.59..67604.59 rows=660 width=4) (actual time=3370.528..3370.528 rows=3515 loops=1)
                    Buckets: 4096 (originally 1024)  Batches: 1 (originally 1)  Memory Usage: 156kB
                    ->  Seq Scan on title t  (cost=0.00..67604.59 rows=660 width=4) (actual time=1.129..3368.500 rows=3515 loops=1)
                          Filter: (production_year > 2013)
                          Rows Removed by Filter: 2524797
Planning time: 1.130 ms
Execution time: 50173.349 ms
