Hash Join  (cost=101124.38..898104.51 rows=604 width=0) (actual time=7528.893..14456.758 rows=1697 loops=1)
  Hash Cond: (ci.movie_id = t.id)
  ->  Seq Scan on cast_info ci  (cost=0.00..796071.18 rows=240777 width=4) (actual time=5838.385..12750.183 rows=82560 loops=1)
        Filter: ((person_id < 2569334) AND (role_id > 10))
        Rows Removed by Filter: 36161784
  ->  Hash  (cost=101045.09..101045.09 rows=6343 width=8) (actual time=1690.056..1690.056 rows=14217 loops=1)
        Buckets: 16384 (originally 8192)  Batches: 1 (originally 1)  Memory Usage: 684kB
        ->  Hash Join  (cost=74071.18..101045.09 rows=6343 width=8) (actual time=1089.185..1684.972 rows=14217 loops=1)
              Hash Cond: (mi_idx.movie_id = t.id)
              ->  Seq Scan on movie_info_idx mi_idx  (cost=0.00..21735.35 rows=1380035 width=4) (actual time=0.036..302.377 rows=1380035 loops=1)
              ->  Hash  (cost=73925.90..73925.90 rows=11622 width=4) (actual time=1089.010..1089.010 rows=11141 loops=1)
                    Buckets: 16384  Batches: 1  Memory Usage: 520kB
                    ->  Seq Scan on title t  (cost=0.00..73925.90 rows=11622 width=4) (actual time=0.105..1084.123 rows=11141 loops=1)
                          Filter: ((kind_id < 7) AND (production_year = 1994))
                          Rows Removed by Filter: 2517171
Planning time: 1.195 ms
Execution time: 14457.344 ms
