Hash Join  (cost=89893.22..186387.39 rows=291906 width=0) (actual time=1846.948..3898.950 rows=156906 loops=1)
  Hash Cond: (mk.movie_id = t.id)
  ->  Seq Scan on movie_keyword mk  (cost=0.00..81003.12 rows=758398 width=4) (actual time=0.011..1459.220 rows=759073 loops=1)
        Filter: (keyword_id < 708)
        Rows Removed by Filter: 3764857
  ->  Hash  (cost=73925.90..73925.90 rows=973225 width=4) (actual time=1839.233..1839.233 rows=1057588 loops=1)
        Buckets: 131072  Batches: 16  Memory Usage: 3361kB
        ->  Seq Scan on title t  (cost=0.00..73925.90 rows=973225 width=4) (actual time=0.016..1482.567 rows=1057588 loops=1)
              Filter: ((kind_id > 1) AND (production_year > 2001))
              Rows Removed by Filter: 1470724
Planning time: 8.401 ms
Execution time: 3919.453 ms
