Hash Join  (cost=102767.86..288910.02 rows=3958833 width=0) (actual time=2331.222..7252.005 rows=3962194 loops=1)
  Hash Cond: (mk.movie_id = t.id)
  ->  Seq Scan on movie_keyword mk  (cost=0.00..81003.12 rows=3958833 width=4) (actual time=0.020..1746.808 rows=3962194 loops=1)
        Filter: (keyword_id < 32708)
        Rows Removed by Filter: 561736
  ->  Hash  (cost=61283.27..61283.27 rows=2528527 width=4) (actual time=2330.035..2330.035 rows=2528312 loops=1)
        Buckets: 131072  Batches: 64  Memory Usage: 2425kB
        ->  Seq Scan on title t  (cost=0.00..61283.27 rows=2528527 width=4) (actual time=0.011..1212.231 rows=2528312 loops=1)
Planning time: 0.708 ms
Execution time: 7698.709 ms
