Hash Join  (cost=78370.94..575026.00 rows=1579013 width=0) (actual time=1285.405..13377.120 rows=743216 loops=1)
  Hash Cond: (mi.movie_id = t.id)
  ->  Seq Scan on movie_info mi  (cost=0.00..309384.22 rows=14739122 width=4) (actual time=0.025..5882.007 rows=14835720 loops=1)
  ->  Hash  (cost=73925.90..73925.90 rows=270883 width=4) (actual time=1283.911..1283.911 rows=141988 loops=1)
        Buckets: 131072  Batches: 4  Memory Usage: 2275kB
        ->  Seq Scan on title t  (cost=0.00..73925.90 rows=270883 width=4) (actual time=0.027..1226.339 rows=141988 loops=1)
              Filter: ((kind_id > 2) AND (production_year < 1971))
              Rows Removed by Filter: 2386324
Planning time: 0.783 ms
Execution time: 13467.285 ms
