Nested Loop  (cost=32749.09..193397.63 rows=13717 width=0) (actual time=675.994..2849.446 rows=62183 loops=1)
  ->  Hash Join  (cost=32748.66..130054.51 rows=74707 width=8) (actual time=675.947..2364.521 rows=62183 loops=1)
        Hash Cond: (mk.movie_id = mi_idx.movie_id)
        ->  Seq Scan on movie_keyword mk  (cost=0.00..81003.12 rows=75238 width=4) (actual time=0.043..1221.970 rows=74708 loops=1)
              Filter: (keyword_id > 89491)
              Rows Removed by Filter: 4449222
        ->  Hash  (cost=25185.44..25185.44 rows=460978 width=4) (actual time=674.883..674.883 rows=459925 loops=1)
              Buckets: 131072  Batches: 8  Memory Usage: 3059kB
              ->  Seq Scan on movie_info_idx mi_idx  (cost=0.00..25185.44 rows=460978 width=4) (actual time=0.030..524.245 rows=459925 loops=1)
                    Filter: (info_type_id < 100)
                    Rows Removed by Filter: 920110
  ->  Index Only Scan using title_pkey on title t  (cost=0.43..0.84 rows=1 width=4) (actual time=0.007..0.007 rows=1 loops=62183)
        Index Cond: (id = mi_idx.movie_id)
        Heap Fetches: 62183
Planning time: 1.157 ms
Execution time: 2861.031 ms
