Hash Join  (cost=96552.93..220022.88 rows=1188408 width=0) (actual time=2167.868..5252.034 rows=667261 loops=1)
  Hash Cond: (mk.movie_id = t.id)
  ->  Seq Scan on movie_keyword mk  (cost=0.00..81003.12 rows=2178866 width=4) (actual time=0.009..1662.846 rows=2178990 loops=1)
        Filter: (keyword_id > 5222)
        Rows Removed by Filter: 2344940
  ->  Hash  (cost=73925.90..73925.90 rows=1379122 width=4) (actual time=2166.003..2166.003 rows=1506535 loops=1)
        Buckets: 131072  Batches: 32  Memory Usage: 2696kB
        ->  Seq Scan on title t  (cost=0.00..73925.90 rows=1379122 width=4) (actual time=0.016..1656.900 rows=1506535 loops=1)
              Filter: ((kind_id > 1) AND (production_year > 1984))
              Rows Removed by Filter: 1021777
Planning time: 0.738 ms
Execution time: 5332.720 ms
