Seq Scan on cast_info ci  (cost=0.00..796071.18 rows=5224425 width=0) (actual time=0.308..13536.903 rows=2466294 loops=1)
  Filter: ((person_id < 1993167) AND (role_id > 4))
  Rows Removed by Filter: 33778050
Planning time: 0.347 ms
Execution time: 13848.107 ms
