Seq Scan on cast_info ci  (cost=0.00..705507.15 rows=500 width=0) (actual time=10249.873..10502.302 rows=10 loops=1)
  Filter: (person_id = 376575)
  Rows Removed by Filter: 36244334
Planning time: 0.416 ms
Execution time: 10502.391 ms
