Seq Scan on movie_companies mc  (cost=0.00..51404.11 rows=699723 width=0) (actual time=0.019..2862.095 rows=704610 loops=1)
  Filter: (company_id > 44704)
  Rows Removed by Filter: 1904519
Planning time: 0.274 ms
Execution time: 3035.116 ms
