Seq Scan on cast_info ci  (cost=0.00..705507.15 rows=500 width=0) (actual time=586.519..10950.037 rows=116 loops=1)
  Filter: (person_id = 398387)
  Rows Removed by Filter: 36244228
Planning time: 0.373 ms
Execution time: 10950.164 ms
