Seq Scan on cast_info ci  (cost=0.00..796071.18 rows=7929397 width=0) (actual time=7651.050..13145.469 rows=2826943 loops=1)
  Filter: ((person_id > 1341107) AND (role_id < 2))
  Rows Removed by Filter: 33417401
Planning time: 0.336 ms
Execution time: 13511.918 ms
