Seq Scan on cast_info ci  (cost=0.00..796071.18 rows=6363474 width=0) (actual time=0.011..15335.478 rows=7451973 loops=1)
  Filter: ((person_id < 3213753) AND (role_id = 2))
  Rows Removed by Filter: 28792371
Planning time: 0.389 ms
Execution time: 16254.318 ms
