Seq Scan on cast_info ci  (cost=0.00..705507.15 rows=12955455 width=0) (actual time=0.038..12419.933 rows=12914719 loops=1)
  Filter: (person_id < 1275678)
  Rows Removed by Filter: 23329625
Planning time: 0.321 ms
Execution time: 14046.464 ms
