Hash Join  (cost=195917.10..724700.43 rows=4590140 width=0) (actual time=3763.223..21419.864 rows=18783240 loops=1)
  Hash Cond: (mi.movie_id = t.id)
  ->  Seq Scan on movie_info mi  (cost=0.00..309384.22 rows=14739122 width=4) (actual time=0.022..5703.047 rows=14835720 loops=1)
  ->  Hash  (cost=182998.00..182998.00 rows=787448 width=8) (actual time=3762.389..3762.389 rows=775555 loops=1)
        Buckets: 131072  Batches: 16  Memory Usage: 2945kB
        ->  Hash Join  (cost=102767.86..182998.00 rows=787448 width=8) (actual time=1894.023..3562.757 rows=775555 loops=1)
              Hash Cond: (mc.movie_id = t.id)
              ->  Seq Scan on movie_companies mc  (cost=0.00..51404.11 rows=787448 width=4) (actual time=0.024..741.311 rows=775555 loops=1)
                    Filter: (company_id < 1684)
                    Rows Removed by Filter: 1833574
              ->  Hash  (cost=61283.27..61283.27 rows=2528527 width=4) (actual time=1893.209..1893.209 rows=2528312 loops=1)
                    Buckets: 131072  Batches: 64  Memory Usage: 2415kB
                    ->  Seq Scan on title t  (cost=0.00..61283.27 rows=2528527 width=4) (actual time=0.012..1061.363 rows=2528312 loops=1)
Planning time: 1.195 ms
Execution time: 23658.320 ms
