Hash Join  (cost=128779.72..252138.79 rows=348827 width=0) (actual time=3260.049..8157.497 rows=4762809 loops=1)
  Hash Cond: (mk.movie_id = t.id)
  ->  Seq Scan on movie_keyword mk  (cost=0.00..81003.12 rows=3270311 width=4) (actual time=0.025..1640.757 rows=3254498 loops=1)
        Filter: (keyword_id > 1617)
        Rows Removed by Filter: 1269432
  ->  Hash  (cost=124354.41..124354.41 rows=269705 width=8) (actual time=3259.222..3259.222 rows=603529 loops=1)
        Buckets: 131072 (originally 131072)  Batches: 8 (originally 4)  Memory Usage: 4003kB
        ->  Hash Join  (cost=82033.88..124354.41 rows=269705 width=8) (actual time=1780.728..3084.929 rows=603529 loops=1)
              Hash Cond: (mi_idx.movie_id = t.id)
              ->  Seq Scan on movie_info_idx mi_idx  (cost=0.00..21735.35 rows=1380035 width=4) (actual time=0.020..417.868 rows=1380035 loops=1)
              ->  Hash  (cost=73925.90..73925.90 rows=494158 width=4) (actual time=1779.495..1779.495 rows=581419 loops=1)
                    Buckets: 131072  Batches: 8  Memory Usage: 3592kB
                    ->  Seq Scan on title t  (cost=0.00..73925.90 rows=494158 width=4) (actual time=0.014..1216.585 rows=581419 loops=1)
                          Filter: ((kind_id < 7) AND (production_year < 2004))
                          Rows Removed by Filter: 1946893
Planning time: 1.142 ms
Execution time: 8727.494 ms
