Hash Join  (cost=160526.42..884243.22 rows=333374 width=0) (actual time=5612.818..15100.180 rows=648615 loops=1)
  Hash Cond: (ci.movie_id = t.id)
  ->  Seq Scan on cast_info ci  (cost=0.00..705507.15 rows=1002376 width=4) (actual time=2297.737..11070.718 rows=1029116 loops=1)
        Filter: (person_id > 3862524)
        Rows Removed by Filter: 35215228
  ->  Hash  (cost=146729.58..146729.58 rows=840947 width=8) (actual time=3313.734..3313.734 rows=425718 loops=1)
        Buckets: 131072  Batches: 16  Memory Usage: 2062kB
        ->  Hash Join  (cost=92883.59..146729.58 rows=840947 width=8) (actual time=2049.523..3186.654 rows=425718 loops=1)
              Hash Cond: (mi_idx.movie_id = t.id)
              ->  Seq Scan on movie_info_idx mi_idx  (cost=0.00..21735.35 rows=1380035 width=4) (actual time=0.035..455.242 rows=1380035 loops=1)
              ->  Hash  (cost=67604.59..67604.59 rows=1540800 width=4) (actual time=1680.245..1680.245 rows=1543264 loops=1)
                    Buckets: 131072  Batches: 32  Memory Usage: 2722kB
                    ->  Seq Scan on title t  (cost=0.00..67604.59 rows=1540800 width=4) (actual time=249.273..1184.438 rows=1543264 loops=1)
                          Filter: (kind_id = 7)
                          Rows Removed by Filter: 985048
Planning time: 1.255 ms
Execution time: 15178.785 ms
