Hash Join  (cost=586867.79..1762502.38 rows=9200011 width=0) (actual time=12974.388..37200.467 rows=2272862 loops=1)
  Hash Cond: (ci.movie_id = t.id)
  ->  Seq Scan on cast_info ci  (cost=0.00..705507.15 rows=20985039 width=4) (actual time=0.023..14308.397 rows=21130263 loops=1)
        Filter: (person_id > 1491283)
        Rows Removed by Filter: 15114081
  ->  Hash  (cost=568680.22..568680.22 rows=1108526 width=8) (actual time=12966.741..12966.741 rows=414346 loops=1)
        Buckets: 131072  Batches: 16  Memory Usage: 2023kB
        ->  Hash Join  (cost=77046.03..568680.22 rows=1108526 width=8) (actual time=1567.237..12854.815 rows=414346 loops=1)
              Hash Cond: (mi.movie_id = t.id)
              ->  Seq Scan on movie_info mi  (cost=0.00..309384.22 rows=14739122 width=4) (actual time=0.023..5826.611 rows=14835720 loops=1)
              ->  Hash  (cost=73925.90..73925.90 rows=190170 width=4) (actual time=1128.699..1128.699 rows=72643 loops=1)
                    Buckets: 131072  Batches: 4  Memory Usage: 1667kB
                    ->  Seq Scan on title t  (cost=0.00..73925.90 rows=190170 width=4) (actual time=0.019..1101.464 rows=72643 loops=1)
                          Filter: ((kind_id > 3) AND (production_year < 1964))
                          Rows Removed by Filter: 2455669
Planning time: 1.208 ms
Execution time: 37471.431 ms
