Seq Scan on movie_keyword mk  (cost=0.00..81003.12 rows=3877868 width=0) (actual time=0.027..1602.798 rows=3867383 loops=1)
  Filter: (keyword_id < 28620)
  Rows Removed by Filter: 656547
Planning time: 0.338 ms
Execution time: 2071.994 ms
