Hash Join  (cost=263115.61..1176870.44 rows=4549293 width=0) (actual time=21818.690..65544.450 rows=18349506 loops=1)
  Hash Cond: (ci.movie_id = t.id)
  ->  Seq Scan on cast_info ci  (cost=0.00..796071.18 rows=4408755 width=4) (actual time=9040.297..40990.260 rows=6878268 loops=1)
        Filter: ((person_id > 2975814) AND (role_id > 1))
        Rows Removed by Filter: 29366076
  ->  Hash  (cost=220309.49..220309.49 rows=2609129 width=8) (actual time=12776.870..12776.870 rows=2609129 loops=1)
        Buckets: 131072  Batches: 64  Memory Usage: 2610kB
        ->  Hash Join  (cost=102767.86..220309.49 rows=2609129 width=8) (actual time=5622.611..11821.805 rows=2609129 loops=1)
              Hash Cond: (mc.movie_id = t.id)
              ->  Seq Scan on movie_companies mc  (cost=0.00..44881.29 rows=2609129 width=4) (actual time=0.023..2890.402 rows=2609129 loops=1)
              ->  Hash  (cost=61283.27..61283.27 rows=2528527 width=4) (actual time=5621.323..5621.323 rows=2528312 loops=1)
                    Buckets: 131072  Batches: 64  Memory Usage: 2415kB
                    ->  Seq Scan on title t  (cost=0.00..61283.27 rows=2528527 width=4) (actual time=0.021..4428.251 rows=2528312 loops=1)
Planning time: 3.188 ms
Execution time: 68165.396 ms
