Seq Scan on cast_info ci  (cost=0.00..705507.15 rows=500 width=0) (actual time=9385.237..11250.871 rows=62 loops=1)
  Filter: (person_id = 1229941)
  Rows Removed by Filter: 36244282
Planning time: 0.374 ms
Execution time: 11250.952 ms
