Seq Scan on movie_companies mc  (cost=0.00..57926.93 rows=1033535 width=0) (actual time=0.014..1079.743 rows=747723 loops=1)
  Filter: ((company_id < 70905) AND (company_type_id > 1))
  Rows Removed by Filter: 1861406
Planning time: 0.312 ms
Execution time: 1175.800 ms
