Seq Scan on movie_companies mc  (cost=0.00..51404.11 rows=463146 width=0) (actual time=259.740..822.566 rows=467880 loops=1)
  Filter: (company_id > 76177)
  Rows Removed by Filter: 2141249
Planning time: 0.389 ms
Execution time: 888.830 ms
