Hash Join  (cost=178157.40..601088.29 rows=401321 width=0) (actual time=3404.812..12397.153 rows=1312303 loops=1)
  Hash Cond: (mi.movie_id = t.id)
  ->  Seq Scan on movie_info mi  (cost=0.00..346232.03 rows=6231111 width=4) (actual time=0.013..6310.368 rows=6223494 loops=1)
        Filter: (info_type_id > 8)
        Rows Removed by Filter: 8612226
  ->  Hash  (cost=175484.75..175484.75 rows=162852 width=8) (actual time=3404.007..3404.007 rows=56889 loops=1)
        Buckets: 131072  Batches: 4  Memory Usage: 1574kB
        ->  Hash Join  (cost=71408.55..175484.75 rows=162852 width=8) (actual time=1083.114..3382.457 rows=56889 loops=1)
              Hash Cond: (mk.movie_id = t.id)
              ->  Seq Scan on movie_keyword mk  (cost=0.00..81003.12 rows=1776147 width=4) (actual time=0.015..1566.415 rows=1781477 loops=1)
                    Filter: (keyword_id < 2888)
                    Rows Removed by Filter: 2742453
              ->  Hash  (cost=67604.59..67604.59 rows=231837 width=4) (actual time=1081.292..1081.292 rows=231649 loops=1)
                    Buckets: 131072  Batches: 4  Memory Usage: 3082kB
                    ->  Seq Scan on title t  (cost=0.00..67604.59 rows=231837 width=4) (actual time=0.013..1000.665 rows=231649 loops=1)
                          Filter: (production_year > 2011)
                          Rows Removed by Filter: 2296663
Planning time: 0.775 ms
Execution time: 12556.693 ms
