Seq Scan on movie_keyword mk  (cost=0.00..81003.12 rows=246 width=0) (actual time=2.101..1309.015 rows=809 loops=1)
  Filter: (keyword_id = 8449)
  Rows Removed by Filter: 4523121
Planning time: 0.353 ms
Execution time: 1309.404 ms
