Seq Scan on movie_companies mc  (cost=0.00..57926.93 rows=53 width=0) (actual time=304.610..896.255 rows=83 loops=1)
  Filter: ((company_type_id > 1) AND (company_id = 14120))
  Rows Removed by Filter: 2609046
Planning time: 0.404 ms
Execution time: 896.393 ms
