Seq Scan on movie_keyword mk  (cost=0.00..81003.12 rows=246 width=0) (actual time=3.440..812.947 rows=300 loops=1)
  Filter: (keyword_id = 2695)
  Rows Removed by Filter: 4523630
Planning time: 0.363 ms
Execution time: 813.151 ms
