Hash Join  (cost=129522.47..857561.59 rows=62154 width=0) (actual time=2615.411..13859.649 rows=188434 loops=1)
  Hash Cond: (ci.movie_id = t.id)
  ->  Seq Scan on cast_info ci  (cost=0.00..705507.15 rows=5842780 width=4) (actual time=0.028..9665.314 rows=5756591 loops=1)
        Filter: (person_id < 558159)
        Rows Removed by Filter: 30487753
  ->  Hash  (cost=129186.25..129186.25 rows=26898 width=8) (actual time=2615.169..2615.169 rows=40318 loops=1)
        Buckets: 65536 (originally 32768)  Batches: 1 (originally 1)  Memory Usage: 2087kB
        ->  Hash Join  (cost=74251.74..129186.25 rows=26898 width=8) (actual time=1259.276..2598.418 rows=40318 loops=1)
              Hash Cond: (mc.movie_id = t.id)
              ->  Seq Scan on movie_companies mc  (cost=0.00..44881.29 rows=2609129 width=4) (actual time=0.013..654.467 rows=2609129 loops=1)
              ->  Hash  (cost=73925.90..73925.90 rows=26067 width=4) (actual time=1258.962..1258.962 rows=27085 loops=1)
                    Buckets: 32768  Batches: 1  Memory Usage: 1209kB
                    ->  Seq Scan on title t  (cost=0.00..73925.90 rows=26067 width=4) (actual time=0.025..1247.846 rows=27085 loops=1)
                          Filter: ((kind_id < 7) AND (production_year > 2012))
                          Rows Removed by Filter: 2501227
Planning time: 1.153 ms
Execution time: 13884.041 ms
