Seq Scan on movie_keyword mk  (cost=0.00..81003.12 rows=246 width=0) (actual time=29.110..1283.761 rows=312 loops=1)
  Filter: (keyword_id = 21)
  Rows Removed by Filter: 4523618
Planning time: 0.362 ms
Execution time: 1284.182 ms
