Seq Scan on movie_keyword mk  (cost=0.00..81003.12 rows=2661796 width=0) (actual time=0.024..1469.235 rows=2652016 loops=1)
  Filter: (keyword_id > 3169)
  Rows Removed by Filter: 1871914
Planning time: 0.309 ms
Execution time: 1798.105 ms
