Hash Join  (cost=73950.44..100871.63 rows=1071 width=0) (actual time=3148.068..4800.996 rows=697 loops=1)
  Hash Cond: (mi_idx.movie_id = t.id)
  ->  Seq Scan on movie_info_idx mi_idx  (cost=0.00..21735.35 rows=1380035 width=4) (actual time=0.017..1251.377 rows=1380035 loops=1)
  ->  Hash  (cost=73925.90..73925.90 rows=1963 width=4) (actual time=3146.086..3146.086 rows=3065 loops=1)
        Buckets: 4096 (originally 2048)  Batches: 1 (originally 1)  Memory Usage: 140kB
        ->  Seq Scan on title t  (cost=0.00..73925.90 rows=1963 width=4) (actual time=1572.282..3144.424 rows=3065 loops=1)
              Filter: ((kind_id = 1) AND (production_year = 1922))
              Rows Removed by Filter: 2525247
Planning time: 0.733 ms
Execution time: 4801.270 ms
