Hash Join  (cost=166489.34..532840.72 rows=169544 width=0) (actual time=3103.614..11073.101 rows=560068 loops=1)
  Hash Cond: (mi.movie_id = t.id)
  ->  Seq Scan on movie_info mi  (cost=0.00..309384.22 rows=14739122 width=4) (actual time=0.015..4603.914 rows=14835720 loops=1)
  ->  Hash  (cost=166125.76..166125.76 rows=29086 width=8) (actual time=3103.017..3103.017 rows=20949 loops=1)
        Buckets: 32768  Batches: 1  Memory Usage: 1075kB
        ->  Hash Join  (cost=74251.74..166125.76 rows=29086 width=8) (actual time=1114.219..3095.069 rows=20949 loops=1)
              Hash Cond: (mk.movie_id = t.id)
              ->  Seq Scan on movie_keyword mk  (cost=0.00..81003.12 rows=2821342 width=4) (actual time=0.025..1504.850 rows=2814044 loops=1)
                    Filter: (keyword_id > 2709)
                    Rows Removed by Filter: 1709886
              ->  Hash  (cost=73925.90..73925.90 rows=26067 width=4) (actual time=1113.660..1113.660 rows=27085 loops=1)
                    Buckets: 32768  Batches: 1  Memory Usage: 1209kB
                    ->  Seq Scan on title t  (cost=0.00..73925.90 rows=26067 width=4) (actual time=0.015..1101.997 rows=27085 loops=1)
                          Filter: ((kind_id < 7) AND (production_year > 2012))
                          Rows Removed by Filter: 2501227
Planning time: 1.093 ms
Execution time: 11150.549 ms
