Seq Scan on title t  (cost=0.00..67604.59 rows=68270 width=0) (actual time=247.400..1150.550 rows=67517 loops=1)
  Filter: (production_year < 1916)
  Rows Removed by Filter: 2460795
Planning time: 0.278 ms
Execution time: 1160.084 ms
