Seq Scan on cast_info ci  (cost=0.00..796071.18 rows=1270882 width=0) (actual time=1427.200..12364.794 rows=881491 loops=1)
  Filter: ((person_id < 1122828) AND (role_id = 3))
  Rows Removed by Filter: 35362853
Planning time: 0.378 ms
Execution time: 12474.152 ms
