Hash Join  (cost=462755.09..593860.17 rows=747105 width=0) (actual time=8617.508..13554.162 rows=3839132 loops=1)
  Hash Cond: (mk.movie_id = t.id)
  ->  Seq Scan on movie_keyword mk  (cost=0.00..69693.30 rows=4523930 width=4) (actual time=0.014..1460.951 rows=4523930 loops=1)
  ->  Hash  (cost=455903.41..455903.41 rows=417574 width=8) (actual time=8616.598..8616.598 rows=793356 loops=1)
        Buckets: 131072 (originally 131072)  Batches: 16 (originally 8)  Memory Usage: 3073kB
        ->  Hash Join  (cost=87539.85..455903.41 rows=417574 width=8) (actual time=2349.810..8417.814 rows=793356 loops=1)
              Hash Cond: (mi.movie_id = t.id)
              ->  Seq Scan on movie_info mi  (cost=0.00..346232.03 rows=1272478 width=4) (actual time=789.711..5934.977 rows=1325361 loops=1)
                    Filter: (info_type_id = 8)
                    Rows Removed by Filter: 13510359
              ->  Hash  (cost=73925.90..73925.90 rows=829756 width=4) (actual time=1559.204..1559.204 rows=744086 loops=1)
                    Buckets: 131072  Batches: 16  Memory Usage: 2671kB
                    ->  Seq Scan on title t  (cost=0.00..73925.90 rows=829756 width=4) (actual time=0.031..1316.867 rows=744086 loops=1)
                          Filter: ((kind_id < 7) AND (production_year > 1967))
                          Rows Removed by Filter: 1784226
Planning time: 1.163 ms
Execution time: 13982.149 ms
