Hash Join  (cost=101762.73..156638.78 rows=21053 width=0) (actual time=1736.626..3031.042 rows=93302 loops=1)
  Hash Cond: (mc.movie_id = t.id)
  ->  Seq Scan on movie_companies mc  (cost=0.00..44881.29 rows=2609129 width=4) (actual time=0.027..666.852 rows=2609129 loops=1)
  ->  Hash  (cost=101507.69..101507.69 rows=20403 width=8) (actual time=1736.324..1736.324 rows=26531 loops=1)
        Buckets: 32768  Batches: 1  Memory Usage: 1293kB
        ->  Hash Join  (cost=74393.18..101507.69 rows=20403 width=8) (actual time=1283.453..1727.758 rows=26531 loops=1)
              Hash Cond: (mi_idx.movie_id = t.id)
              ->  Seq Scan on movie_info_idx mi_idx  (cost=0.00..21735.35 rows=1380035 width=4) (actual time=0.026..281.262 rows=1380035 loops=1)
              ->  Hash  (cost=73925.90..73925.90 rows=37382 width=4) (actual time=1135.616..1135.616 rows=33190 loops=1)
                    Buckets: 65536  Batches: 1  Memory Usage: 1679kB
                    ->  Seq Scan on title t  (cost=0.00..73925.90 rows=37382 width=4) (actual time=0.024..1122.462 rows=33190 loops=1)
                          Filter: ((kind_id = 1) AND (production_year = 2010))
                          Rows Removed by Filter: 2495122
Planning time: 5.967 ms
Execution time: 3043.530 ms
