Hash Join  (cost=130351.58..259479.02 rows=584841 width=0) (actual time=2882.055..6423.924 rows=1431982 loops=1)
  Hash Cond: (mk.movie_id = t.id)
  ->  Seq Scan on movie_keyword mk  (cost=0.00..69693.30 rows=4523930 width=4) (actual time=0.025..1400.219 rows=4523930 loops=1)
  ->  Hash  (cost=124988.56..124988.56 rows=326881 width=8) (actual time=2881.322..2881.322 rows=246088 loops=1)
        Buckets: 131072  Batches: 8  Memory Usage: 2223kB
        ->  Hash Join  (cost=82423.69..124988.56 rows=326881 width=8) (actual time=1572.160..2801.690 rows=246088 loops=1)
              Hash Cond: (mi_idx.movie_id = t.id)
              ->  Seq Scan on movie_info_idx mi_idx  (cost=0.00..25185.44 rows=915101 width=4) (actual time=0.034..514.274 rows=919850 loops=1)
                    Filter: (info_type_id < 101)
                    Rows Removed by Filter: 460185
              ->  Hash  (cost=67604.59..67604.59 rows=903208 width=4) (actual time=1571.141..1571.141 rows=904491 loops=1)
                    Buckets: 131072  Batches: 16  Memory Usage: 3010kB
                    ->  Seq Scan on title t  (cost=0.00..67604.59 rows=903208 width=4) (actual time=0.026..1292.597 rows=904491 loops=1)
                          Filter: (production_year > 2006)
                          Rows Removed by Filter: 1623821
Planning time: 2.620 ms
Execution time: 6585.232 ms
