Seq Scan on movie_companies mc  (cost=0.00..57926.93 rows=1069574 width=0) (actual time=168.404..1148.768 rows=1198428 loops=1)
  Filter: ((company_id > 465) AND (company_type_id > 1))
  Rows Removed by Filter: 1410701
Planning time: 0.354 ms
Execution time: 1301.728 ms
