Seq Scan on cast_info ci  (cost=0.00..705507.15 rows=500 width=0) (actual time=5895.653..11056.626 rows=82 loops=1)
  Filter: (person_id = 2799814)
  Rows Removed by Filter: 36244262
Planning time: 0.365 ms
Execution time: 11056.737 ms
