Hash Join  (cost=96144.17..450917.43 rows=31143 width=0) (actual time=2287.150..8066.544 rows=25947 loops=1)
  Hash Cond: (mi.movie_id = t.id)
  ->  Seq Scan on movie_info mi  (cost=0.00..346232.03 rows=2194617 width=4) (actual time=493.178..5918.632 rows=2233850 loops=1)
        Filter: (info_type_id > 16)
        Rows Removed by Filter: 12601870
  ->  Hash  (cost=95695.65..95695.65 rows=35881 width=8) (actual time=1734.667..1734.667 rows=14808 loops=1)
        Buckets: 65536  Batches: 1  Memory Usage: 1091kB
        ->  Hash Join  (cost=68426.36..95695.65 rows=35881 width=8) (actual time=1117.424..1729.264 rows=14808 loops=1)
              Hash Cond: (mi_idx.movie_id = t.id)
              ->  Seq Scan on movie_info_idx mi_idx  (cost=0.00..21735.35 rows=1380035 width=4) (actual time=0.020..281.080 rows=1380035 loops=1)
              ->  Hash  (cost=67604.59..67604.59 rows=65742 width=4) (actual time=1116.332..1116.332 rows=63827 loops=1)
                    Buckets: 131072  Batches: 1  Memory Usage: 3268kB
                    ->  Seq Scan on title t  (cost=0.00..67604.59 rows=65742 width=4) (actual time=0.022..1090.679 rows=63827 loops=1)
                          Filter: (production_year = 2013)
                          Rows Removed by Filter: 2464485
Planning time: 4.457 ms
Execution time: 8070.697 ms
