Hash Join  (cost=102767.86..241398.51 rows=1984340 width=0) (actual time=1975.323..5873.569 rows=1984712 loops=1)
  Hash Cond: (mk.movie_id = t.id)
  ->  Seq Scan on movie_keyword mk  (cost=0.00..81003.12 rows=1984340 width=4) (actual time=0.024..1549.339 rows=1984712 loops=1)
        Filter: (keyword_id < 3511)
        Rows Removed by Filter: 2539218
  ->  Hash  (cost=61283.27..61283.27 rows=2528527 width=4) (actual time=1973.555..1973.555 rows=2528312 loops=1)
        Buckets: 131072  Batches: 64  Memory Usage: 2425kB
        ->  Seq Scan on title t  (cost=0.00..61283.27 rows=2528527 width=4) (actual time=0.018..1097.735 rows=2528312 loops=1)
Planning time: 0.719 ms
Execution time: 6069.089 ms
