Hash Join  (cost=137593.54..264788.40 rows=426182 width=0) (actual time=2898.036..6103.937 rows=559660 loops=1)
  Hash Cond: (mk.movie_id = t.id)
  ->  Seq Scan on movie_keyword mk  (cost=0.00..69693.30 rows=4523930 width=4) (actual time=0.013..1465.990 rows=4523930 loops=1)
  ->  Hash  (cost=133685.00..133685.00 rows=238203 width=8) (actual time=2895.132..2895.132 rows=155632 loops=1)
        Buckets: 131072  Batches: 4  Memory Usage: 2545kB
        ->  Hash Join  (cost=95685.57..133685.00 rows=238203 width=8) (actual time=1827.578..2839.985 rows=155632 loops=1)
              Hash Cond: (mi_idx.movie_id = t.id)
              ->  Seq Scan on movie_info_idx mi_idx  (cost=0.00..25185.44 rows=454124 width=4) (actual time=0.031..463.735 rows=459925 loops=1)
                    Filter: (info_type_id = 100)
                    Rows Removed by Filter: 920110
              ->  Hash  (cost=73925.90..73925.90 rows=1326293 width=4) (actual time=1826.766..1826.766 rows=1438916 loops=1)
                    Buckets: 131072  Batches: 32  Memory Usage: 2614kB
                    ->  Seq Scan on title t  (cost=0.00..73925.90 rows=1326293 width=4) (actual time=0.010..1370.636 rows=1438916 loops=1)
                          Filter: ((kind_id > 3) AND (production_year > 1975))
                          Rows Removed by Filter: 1089396
Planning time: 1.167 ms
Execution time: 6169.827 ms
