Hash Join  (cost=300220.87..1335448.61 rows=13989973 width=0) (actual time=10283.435..27664.482 rows=7663764 loops=1)
  Hash Cond: (ci.movie_id = t.id)
  ->  Seq Scan on cast_info ci  (cost=0.00..705507.15 rows=12726058 width=4) (actual time=4036.206..14424.470 rows=12670688 loops=1)
        Filter: (role_id < 2)
        Rows Removed by Filter: 23573656
  ->  Hash  (cost=254616.21..254616.21 rows=2779653 width=8) (actual time=6245.263..6245.263 rows=730679 loops=1)
        Buckets: 131072  Batches: 64  Memory Usage: 1439kB
        ->  Hash Join  (cost=93093.72..254616.21 rows=2779653 width=8) (actual time=2229.558..6044.103 rows=730679 loops=1)
              Hash Cond: (mk.movie_id = t.id)
              ->  Seq Scan on movie_keyword mk  (cost=0.00..69693.30 rows=4523930 width=4) (actual time=0.017..1508.985 rows=4523930 loops=1)
              ->  Hash  (cost=67604.59..67604.59 rows=1553611 width=4) (actual time=2219.712..2219.712 rows=1555864 loops=1)
                    Buckets: 131072  Batches: 32  Memory Usage: 2740kB
                    ->  Seq Scan on title t  (cost=0.00..67604.59 rows=1553611 width=4) (actual time=0.020..1442.355 rows=1555864 loops=1)
                          Filter: (kind_id > 4)
                          Rows Removed by Filter: 972448
Planning time: 1.181 ms
Execution time: 28428.918 ms
