Hash Join  (cost=192379.86..332533.52 rows=1489863 width=0) (actual time=4467.028..9200.656 rows=2481857 loops=1)
  Hash Cond: (mk.movie_id = t.id)
  ->  Seq Scan on movie_keyword mk  (cost=0.00..69693.30 rows=4523930 width=4) (actual time=0.012..1425.173 rows=4523930 loops=1)
  ->  Hash  (cost=178717.88..178717.88 rows=832718 width=8) (actual time=4464.712..4464.712 rows=674370 loops=1)
        Buckets: 131072  Batches: 16  Memory Usage: 2679kB
        ->  Hash Join  (cost=89201.08..178717.88 rows=832718 width=8) (actual time=1685.240..4254.774 rows=674370 loops=1)
              Hash Cond: (mc.movie_id = t.id)
              ->  Seq Scan on movie_companies mc  (cost=0.00..51404.11 rows=2261469 width=4) (actual time=0.020..1167.959 rows=2256776 loops=1)
                    Filter: (company_id < 88037)
                    Rows Removed by Filter: 352353
              ->  Hash  (cost=73925.90..73925.90 rows=931054 width=4) (actual time=1684.042..1684.042 rows=852178 loops=1)
                    Buckets: 131072  Batches: 16  Memory Usage: 2899kB
                    ->  Seq Scan on title t  (cost=0.00..73925.90 rows=931054 width=4) (actual time=0.024..1415.536 rows=852178 loops=1)
                          Filter: ((kind_id > 1) AND (production_year < 2004))
                          Rows Removed by Filter: 1676134
Planning time: 1.138 ms
Execution time: 9491.070 ms
