Seq Scan on movie_keyword mk  (cost=0.00..81003.12 rows=1460292 width=0) (actual time=0.026..4315.456 rows=1478347 loops=1)
  Filter: (keyword_id < 2109)
  Rows Removed by Filter: 3045583
Planning time: 0.354 ms
Execution time: 4577.185 ms
