Seq Scan on cast_info ci  (cost=0.00..705507.15 rows=500 width=0) (actual time=1272.063..11018.851 rows=131 loops=1)
  Filter: (person_id = 416183)
  Rows Removed by Filter: 36244213
Planning time: 0.362 ms
Execution time: 11018.966 ms
