Seq Scan on cast_info ci  (cost=0.00..705507.15 rows=500 width=0) (actual time=4264.192..11117.121 rows=591 loops=1)
  Filter: (person_id = 2555785)
  Rows Removed by Filter: 36243753
Planning time: 0.381 ms
Execution time: 11122.489 ms
