Hash Join  (cost=797557.24..1148808.41 rows=47 width=0) (actual time=14585.755..16941.879 rows=23 loops=1)
  Hash Cond: (mi.movie_id = t.id)
  ->  Seq Scan on movie_info mi  (cost=0.00..346232.03 rows=1338312 width=4) (actual time=3371.743..5601.167 rows=1401902 loops=1)
        Filter: (info_type_id = 7)
        Rows Removed by Filter: 13433818
  ->  Hash  (cost=797556.14..797556.14 rows=88 width=8) (actual time=11154.146..11154.146 rows=16 loops=1)
        Buckets: 1024  Batches: 1  Memory Usage: 9kB
        ->  Nested Loop  (cost=0.43..797556.14 rows=88 width=8) (actual time=251.551..11154.118 rows=16 loops=1)
              ->  Seq Scan on cast_info ci  (cost=0.00..796071.18 rows=176 width=4) (actual time=251.426..11153.566 rows=16 loops=1)
                    Filter: ((person_id = 1515969) AND (role_id = 1))
                    Rows Removed by Filter: 36244328
              ->  Index Scan using title_pkey on title t  (cost=0.43..8.43 rows=1 width=4) (actual time=0.029..0.030 rows=1 loops=16)
                    Index Cond: (id = ci.movie_id)
                    Filter: (production_year < 2004)
Planning time: 1.185 ms
Execution time: 16942.029 ms
