Hash Join  (cost=238273.74..1592077.18 rows=26742626 width=0) (actual time=5837.633..46076.176 rows=32543690 loops=1)
  Hash Cond: (ci.movie_id = t.id)
  ->  Seq Scan on cast_info ci  (cost=0.00..614943.12 rows=36225612 width=4) (actual time=9.797..13221.080 rows=36244344 loops=1)
  ->  Hash  (cost=207648.99..207648.99 rows=1866620 width=8) (actual time=5826.571..5826.571 rows=1287264 loops=1)
        Buckets: 131072  Batches: 32  Memory Usage: 2568kB
        ->  Hash Join  (cost=103604.85..207648.99 rows=1866620 width=8) (actual time=2582.569..5481.843 rows=1287264 loops=1)
              Hash Cond: (mc.movie_id = t.id)
              ->  Seq Scan on movie_companies mc  (cost=0.00..44881.29 rows=2609129 width=4) (actual time=0.021..980.304 rows=2609129 loops=1)
              ->  Hash  (cost=73925.90..73925.90 rows=1808956 width=4) (actual time=2581.365..2581.365 rows=1799907 loops=1)
                    Buckets: 131072  Batches: 32  Memory Usage: 3007kB
                    ->  Seq Scan on title t  (cost=0.00..73925.90 rows=1808956 width=4) (actual time=0.021..1682.313 rows=1799907 loops=1)
                          Filter: ((kind_id > 1) AND (production_year > 0))
                          Rows Removed by Filter: 728405
Planning time: 4.137 ms
Execution time: 49547.014 ms
