Hash Join  (cost=424174.89..511117.98 rows=28505 width=0) (actual time=6944.080..8952.544 rows=170964 loops=1)
  Hash Cond: (mk.movie_id = t.id)
  ->  Seq Scan on movie_keyword mk  (cost=0.00..69693.30 rows=4523930 width=4) (actual time=0.016..1097.314 rows=4523930 loops=1)
  ->  Hash  (cost=423975.74..423975.74 rows=15932 width=8) (actual time=6943.700..6943.700 rows=34255 loops=1)
        Buckets: 65536 (originally 16384)  Batches: 1 (originally 1)  Memory Usage: 1851kB
        ->  Hash Join  (cost=74547.77..423975.74 rows=15932 width=8) (actual time=5404.465..6929.739 rows=34255 loops=1)
              Hash Cond: (mi.movie_id = t.id)
              ->  Seq Scan on movie_info mi  (cost=0.00..346232.03 rows=809768 width=4) (actual time=4222.878..5515.100 rows=802140 loops=1)
                    Filter: (info_type_id < 2)
                    Rows Removed by Filter: 14033580
              ->  Hash  (cost=73925.90..73925.90 rows=49749 width=4) (actual time=1181.109..1181.109 rows=44012 loops=1)
                    Buckets: 65536  Batches: 1  Memory Usage: 2060kB
                    ->  Seq Scan on title t  (cost=0.00..73925.90 rows=49749 width=4) (actual time=1.126..1162.967 rows=44012 loops=1)
                          Filter: ((kind_id < 7) AND (production_year = 2009))
                          Rows Removed by Filter: 2484300
Planning time: 5.621 ms
Execution time: 8975.655 ms
