Seq Scan on cast_info ci  (cost=0.00..796071.18 rows=224 width=0) (actual time=104.342..13629.005 rows=1199 loops=1)
  Filter: ((role_id > 2) AND (person_id = 28845))
  Rows Removed by Filter: 36243145
Planning time: 0.406 ms
Execution time: 13629.283 ms
