Seq Scan on cast_info ci  (cost=0.00..705507.15 rows=6197748 width=0) (actual time=0.020..9749.174 rows=6092978 loops=1)
  Filter: (person_id < 587940)
  Rows Removed by Filter: 30151366
Planning time: 0.338 ms
Execution time: 10389.925 ms
