Hash Join  (cost=228670.69..754699.37 rows=4709180 width=0) (actual time=5616.738..44127.506 rows=134731442 loops=1)
  Hash Cond: (mi.movie_id = t.id)
  ->  Seq Scan on movie_info mi  (cost=0.00..346232.03 rows=11115165 width=4) (actual time=0.013..6878.803 rows=11210743 loops=1)
        Filter: (info_type_id > 3)
        Rows Removed by Filter: 3624977
  ->  Hash  (cost=211094.88..211094.88 rows=1071265 width=8) (actual time=5615.765..5615.765 rows=2319088 loops=1)
        Buckets: 131072 (originally 131072)  Batches: 32 (originally 16)  Memory Usage: 3921kB
        ->  Hash Join  (cost=83810.17..211094.88 rows=1071265 width=8) (actual time=1440.091..4982.263 rows=2319088 loops=1)
              Hash Cond: (mk.movie_id = t.id)
              ->  Seq Scan on movie_keyword mk  (cost=0.00..81003.12 rows=2742380 width=4) (actual time=0.018..1605.426 rows=2734006 loops=1)
                    Filter: (keyword_id > 2891)
                    Rows Removed by Filter: 1789924
              ->  Hash  (cost=67604.59..67604.59 rows=987727 width=4) (actual time=1439.413..1439.413 rows=985048 loops=1)
                    Buckets: 131072  Batches: 16  Memory Usage: 3197kB
                    ->  Seq Scan on title t  (cost=0.00..67604.59 rows=987727 width=4) (actual time=0.020..1129.661 rows=985048 loops=1)
                          Filter: (kind_id < 7)
                          Rows Removed by Filter: 1543264
Planning time: 1.180 ms
Execution time: 57544.601 ms
