Seq Scan on movie_keyword mk  (cost=0.00..81003.12 rows=308058 width=0) (actual time=0.019..3788.022 rows=327246 loops=1)
  Filter: (keyword_id < 266)
  Rows Removed by Filter: 4196684
Planning time: 19.012 ms
Execution time: 3844.720 ms
