Nested Loop  (cost=0.43..83071.67 rows=246 width=0) (actual time=2.951..1214.659 rows=366 loops=1)
  ->  Seq Scan on movie_keyword mk  (cost=0.00..81003.12 rows=246 width=4) (actual time=2.876..1193.058 rows=366 loops=1)
        Filter: (keyword_id = 4447)
        Rows Removed by Filter: 4523564
  ->  Index Only Scan using title_pkey on title t  (cost=0.43..8.40 rows=1 width=4) (actual time=0.056..0.057 rows=1 loops=366)
        Index Cond: (id = mk.movie_id)
        Heap Fetches: 366
Planning time: 0.645 ms
Execution time: 1214.920 ms
