Hash Join  (cost=102767.86..1581206.82 rows=31711250 width=0) (actual time=2886.593..46537.260 rows=31852069 loops=1)
  Hash Cond: (ci.movie_id = t.id)
  ->  Seq Scan on cast_info ci  (cost=0.00..705507.15 rows=31711250 width=4) (actual time=0.020..16502.182 rows=31852069 loops=1)
        Filter: (person_id > 423947)
        Rows Removed by Filter: 4392275
  ->  Hash  (cost=61283.27..61283.27 rows=2528527 width=4) (actual time=2884.864..2884.864 rows=2528312 loops=1)
        Buckets: 131072  Batches: 64  Memory Usage: 2415kB
        ->  Seq Scan on title t  (cost=0.00..61283.27 rows=2528527 width=4) (actual time=0.016..1102.032 rows=2528312 loops=1)
Planning time: 0.729 ms
Execution time: 50241.576 ms
