Seq Scan on movie_keyword mk  (cost=0.00..81003.12 rows=2726847 width=0) (actual time=0.030..1508.548 rows=2722958 loops=1)
  Filter: (keyword_id < 7724)
  Rows Removed by Filter: 1800972
Planning time: 0.288 ms
Execution time: 1849.083 ms
