Hash Join  (cost=255451.16..1566534.87 rows=22584055 width=0) (actual time=5643.783..40798.394 rows=20111632 loops=1)
  Hash Cond: (ci.movie_id = t.id)
  ->  Seq Scan on cast_info ci  (cost=0.00..614943.12 rows=36225612 width=4) (actual time=0.019..13042.391 rows=36244344 loops=1)
  ->  Hash  (cost=229588.73..229588.73 rows=1576354 width=8) (actual time=5642.098..5642.098 rows=816098 loops=1)
        Buckets: 131072  Batches: 32  Memory Usage: 1982kB
        ->  Hash Join  (cost=88381.15..229588.73 rows=1576354 width=8) (actual time=1636.430..5395.316 rows=816098 loops=1)
              Hash Cond: (mk.movie_id = t.id)
              ->  Seq Scan on movie_keyword mk  (cost=0.00..69693.30 rows=4523930 width=4) (actual time=0.013..1475.579 rows=4523930 loops=1)
              ->  Hash  (cost=73925.90..73925.90 rows=881060 width=4) (actual time=1635.450..1635.450 rows=795183 loops=1)
                    Buckets: 131072  Batches: 16  Memory Usage: 2779kB
                    ->  Seq Scan on title t  (cost=0.00..73925.90 rows=881060 width=4) (actual time=0.025..1366.339 rows=795183 loops=1)
                          Filter: ((kind_id > 1) AND (production_year < 2003))
                          Rows Removed by Filter: 1733129
Planning time: 1.216 ms
Execution time: 43084.305 ms
