Hash Join  (cost=216915.96..259992.28 rows=313784 width=0) (actual time=10715.119..13367.934 rows=1341646 loops=1)
  Hash Cond: (mi_idx.movie_id = t.id)
  ->  Seq Scan on movie_info_idx mi_idx  (cost=0.00..21735.35 rows=1380035 width=4) (actual time=0.021..1461.365 rows=1380035 loops=1)
  ->  Hash  (cost=207483.45..207483.45 rows=574921 width=8) (actual time=10714.197..10714.197 rows=572983 loops=1)
        Buckets: 131072  Batches: 8  Memory Usage: 3852kB
        ->  Hash Join  (cost=102767.86..207483.45 rows=574921 width=8) (actual time=5100.059..10515.056 rows=572983 loops=1)
              Hash Cond: (mk.movie_id = t.id)
              ->  Seq Scan on movie_keyword mk  (cost=0.00..81003.12 rows=574921 width=4) (actual time=0.029..4422.134 rows=572983 loops=1)
                    Filter: (keyword_id > 32082)
                    Rows Removed by Filter: 3950947
              ->  Hash  (cost=61283.27..61283.27 rows=2528527 width=4) (actual time=5094.657..5094.657 rows=2528312 loops=1)
                    Buckets: 131072  Batches: 64  Memory Usage: 2425kB
                    ->  Seq Scan on title t  (cost=0.00..61283.27 rows=2528527 width=4) (actual time=0.016..3993.944 rows=2528312 loops=1)
Planning time: 1.083 ms
Execution time: 13545.826 ms
