Hash Join  (cost=68438.72..164530.44 rows=99207 width=0) (actual time=1180.405..3357.237 rows=36990 loops=1)
  Hash Cond: (mk.movie_id = t.id)
  ->  Seq Scan on movie_keyword mk  (cost=0.00..81003.12 rows=3759073 width=4) (actual time=0.024..1570.447 rows=3758910 loops=1)
        Filter: (keyword_id > 720)
        Rows Removed by Filter: 765020
  ->  Hash  (cost=67604.59..67604.59 rows=66731 width=4) (actual time=1179.204..1179.204 rows=67342 loops=1)
        Buckets: 131072  Batches: 1  Memory Usage: 3392kB
        ->  Seq Scan on title t  (cost=0.00..67604.59 rows=66731 width=4) (actual time=0.029..1149.997 rows=67342 loops=1)
              Filter: (production_year > 2012)
              Rows Removed by Filter: 2460970
Planning time: 0.755 ms
Execution time: 3362.681 ms
