Seq Scan on movie_keyword mk  (cost=0.00..81003.12 rows=246 width=0) (actual time=3.526..1288.004 rows=99 loops=1)
  Filter: (keyword_id = 1857)
  Rows Removed by Filter: 4523831
Planning time: 0.361 ms
Execution time: 1288.171 ms
