Seq Scan on movie_companies mc  (cost=0.00..51404.11 rows=2154267 width=0) (actual time=0.007..917.111 rows=2158479 loops=1)
  Filter: (company_id > 370)
  Rows Removed by Filter: 450650
Planning time: 0.328 ms
Execution time: 1191.531 ms
