Seq Scan on movie_keyword mk  (cost=0.00..81003.12 rows=902546 width=0) (actual time=0.015..1351.396 rows=901067 loops=1)
  Filter: (keyword_id > 20485)
  Rows Removed by Filter: 3622863
Planning time: 0.358 ms
Execution time: 1477.175 ms
