Hash Join  (cost=720721.56..2803138.71 rows=80038086 width=0) (actual time=15860.502..64985.527 rows=59621184 loops=1)
  Hash Cond: (ci.movie_id = t.id)
  ->  Seq Scan on cast_info ci  (cost=0.00..614943.12 rows=36225612 width=4) (actual time=0.019..13654.857 rows=36244344 loops=1)
  ->  Hash  (cost=629065.90..629065.90 rows=5586613 width=8) (actual time=15859.300..15859.300 rows=2320579 loops=1)
        Buckets: 131072  Batches: 128  Memory Usage: 1728kB
        ->  Hash Join  (cost=89649.84..629065.90 rows=5586613 width=8) (actual time=1693.343..15235.547 rows=2320579 loops=1)
              Hash Cond: (mi.movie_id = t.id)
              ->  Seq Scan on movie_info mi  (cost=0.00..309384.22 rows=14739122 width=4) (actual time=0.025..6008.423 rows=14835720 loops=1)
              ->  Hash  (cost=73925.90..73925.90 rows=958395 width=4) (actual time=1660.555..1660.555 rows=1050192 loops=1)
                    Buckets: 131072  Batches: 16  Memory Usage: 3346kB
                    ->  Seq Scan on title t  (cost=0.00..73925.90 rows=958395 width=4) (actual time=315.540..1317.164 rows=1050192 loops=1)
                          Filter: ((production_year > 1996) AND (kind_id = 7))
                          Rows Removed by Filter: 1478120
Planning time: 1.217 ms
Execution time: 71931.133 ms
