Seq Scan on movie_companies mc  (cost=0.00..57926.93 rows=650685 width=0) (actual time=79.295..969.584 rows=886933 loops=1)
  Filter: ((company_id < 11369) AND (company_type_id < 2))
  Rows Removed by Filter: 1722196
Planning time: 0.325 ms
Execution time: 1083.682 ms
