Hash Join  (cost=103601.52..207642.72 rows=1866427 width=0) (actual time=2055.756..5036.944 rows=1286921 loops=1)
  Hash Cond: (mc.movie_id = t.id)
  ->  Seq Scan on movie_companies mc  (cost=0.00..44881.29 rows=2609129 width=4) (actual time=0.018..981.709 rows=2609129 loops=1)
  ->  Hash  (cost=73925.90..73925.90 rows=1808769 width=4) (actual time=2054.493..2054.493 rows=1799609 loops=1)
        Buckets: 131072  Batches: 32  Memory Usage: 3007kB
        ->  Seq Scan on title t  (cost=0.00..73925.90 rows=1808769 width=4) (actual time=0.023..1463.336 rows=1799609 loops=1)
              Filter: ((kind_id > 1) AND (production_year < 2014))
              Rows Removed by Filter: 728703
Planning time: 0.737 ms
Execution time: 5190.785 ms
