Nested Loop  (cost=0.43..58375.18 rows=53 width=0) (actual time=114.147..924.490 rows=53 loops=1)
  ->  Seq Scan on movie_companies mc  (cost=0.00..57926.93 rows=53 width=4) (actual time=114.059..922.498 rows=53 loops=1)
        Filter: ((company_type_id > 1) AND (company_id = 1705))
        Rows Removed by Filter: 2609076
  ->  Index Only Scan using title_pkey on title t  (cost=0.43..8.45 rows=1 width=4) (actual time=0.034..0.035 rows=1 loops=53)
        Index Cond: (id = mc.movie_id)
        Heap Fetches: 53
Planning time: 0.791 ms
Execution time: 924.594 ms
