Seq Scan on movie_keyword mk  (cost=0.00..81003.12 rows=246 width=0) (actual time=1.169..1087.499 rows=691 loops=1)
  Filter: (keyword_id = 3237)
  Rows Removed by Filter: 4523239
Planning time: 0.359 ms
Execution time: 1087.838 ms
