Hash Join  (cost=134140.21..272310.89 rows=460705 width=0) (actual time=2864.638..6934.095 rows=1471060 loops=1)
  Hash Cond: (mk.movie_id = t.id)
  ->  Seq Scan on movie_keyword mk  (cost=0.00..81003.12 rows=4457467 width=4) (actual time=0.018..1860.296 rows=4455121 loops=1)
        Filter: (keyword_id > 58)
        Rows Removed by Filter: 68809
  ->  Hash  (cost=129852.49..129852.49 rows=261338 width=8) (actual time=2863.617..2863.617 rows=232828 loops=1)
        Buckets: 131072  Batches: 4  Memory Usage: 3303kB
        ->  Hash Join  (cost=91123.00..129852.49 rows=261338 width=8) (actual time=1759.223..2785.991 rows=232828 loops=1)
              Hash Cond: (mi_idx.movie_id = t.id)
              ->  Seq Scan on movie_info_idx mi_idx  (cost=0.00..25185.44 rows=460978 width=4) (actual time=0.029..452.179 rows=459925 loops=1)
                    Filter: (info_type_id < 100)
                    Rows Removed by Filter: 920110
              ->  Hash  (cost=67604.59..67604.59 rows=1433473 width=4) (actual time=1758.197..1758.197 rows=1434466 loops=1)
                    Buckets: 131072  Batches: 32  Memory Usage: 2600kB
                    ->  Seq Scan on title t  (cost=0.00..67604.59 rows=1433473 width=4) (actual time=0.016..1305.587 rows=1434466 loops=1)
                          Filter: (production_year > 1999)
                          Rows Removed by Filter: 1093846
Planning time: 1.184 ms
Execution time: 7108.273 ms
