Hash Join  (cost=78869.03..577414.56 rows=1756260 width=0) (actual time=1317.499..16244.655 rows=4950798 loops=1)
  Hash Cond: (mi.movie_id = t.id)
  ->  Seq Scan on movie_info mi  (cost=0.00..309384.22 rows=14739122 width=4) (actual time=0.018..5427.797 rows=14835720 loops=1)
  ->  Hash  (cost=73925.90..73925.90 rows=301290 width=4) (actual time=1315.835..1315.835 rows=433166 loops=1)
        Buckets: 131072 (originally 131072)  Batches: 8 (originally 4)  Memory Usage: 3073kB
        ->  Seq Scan on title t  (cost=0.00..73925.90 rows=301290 width=4) (actual time=0.014..1161.577 rows=433166 loops=1)
              Filter: ((kind_id < 4) AND (production_year < 1997))
              Rows Removed by Filter: 2095146
Planning time: 0.736 ms
Execution time: 16797.702 ms
