Hash Join  (cost=176726.33..1226189.03 rows=1524351 width=0) (actual time=3195.361..29791.741 rows=4965686 loops=1)
  Hash Cond: (ci.movie_id = t.id)
  ->  Seq Scan on cast_info ci  (cost=0.00..614943.12 rows=36225612 width=4) (actual time=0.010..13001.151 rows=36244344 loops=1)
  ->  Hash  (cost=174980.35..174980.35 rows=106399 width=8) (actual time=3194.464..3194.464 rows=77085 loops=1)
        Buckets: 131072  Batches: 2  Memory Usage: 2524kB
        ->  Hash Join  (cost=85777.42..174980.35 rows=106399 width=8) (actual time=1545.909..3168.171 rows=77085 loops=1)
              Hash Cond: (mk.movie_id = t.id)
              ->  Seq Scan on movie_keyword mk  (cost=0.00..81003.12 rows=242882 width=4) (actual time=0.020..1266.322 rows=241645 loops=1)
                    Filter: (keyword_id > 61619)
                    Rows Removed by Filter: 4282285
              ->  Hash  (cost=67604.59..67604.59 rows=1107667 width=4) (actual time=1544.870..1544.870 rows=1107925 loops=1)
                    Buckets: 131072  Batches: 16  Memory Usage: 3467kB
                    ->  Seq Scan on title t  (cost=0.00..67604.59 rows=1107667 width=4) (actual time=0.008..1186.133 rows=1107925 loops=1)
                          Filter: (production_year > 2004)
                          Rows Removed by Filter: 1420387
Planning time: 0.775 ms
Execution time: 30340.000 ms
