Seq Scan on cast_info ci  (cost=0.00..705507.15 rows=6580981 width=0) (actual time=0.612..11303.429 rows=6504373 loops=1)
  Filter: (person_id < 627991)
  Rows Removed by Filter: 29739971
Planning time: 0.863 ms
Execution time: 12096.574 ms
