Seq Scan on movie_keyword mk  (cost=0.00..81003.12 rows=3790859 width=0) (actual time=0.027..1513.200 rows=3783068 loops=1)
  Filter: (keyword_id < 25353)
  Rows Removed by Filter: 740862
Planning time: 0.468 ms
Execution time: 1967.050 ms
