Hash Join  (cost=217858.32..1144124.95 rows=3907650 width=0) (actual time=10075.960..19732.756 rows=1617592 loops=1)
  Hash Cond: (ci.movie_id = t.id)
  ->  Seq Scan on cast_info ci  (cost=0.00..796071.18 rows=7431189 width=4) (actual time=5413.950..13586.309 rows=1898649 loops=1)
        Filter: ((person_id > 1475541) AND (role_id = 1))
        Rows Removed by Filter: 34345695
  ->  Hash  (cost=196044.17..196044.17 rows=1329612 width=8) (actual time=4660.827..4660.827 rows=1334883 loops=1)
        Buckets: 131072  Batches: 32  Memory Usage: 2639kB
        ->  Hash Join  (cost=102767.86..196044.17 rows=1329612 width=8) (actual time=2240.910..4287.345 rows=1334883 loops=1)
              Hash Cond: (mc.movie_id = t.id)
              ->  Seq Scan on movie_companies mc  (cost=0.00..51404.11 rows=1329612 width=4) (actual time=369.950..951.232 rows=1334883 loops=1)
                    Filter: (company_type_id = 2)
                    Rows Removed by Filter: 1274246
              ->  Hash  (cost=61283.27..61283.27 rows=2528527 width=4) (actual time=1869.658..1869.658 rows=2528312 loops=1)
                    Buckets: 131072  Batches: 64  Memory Usage: 2415kB
                    ->  Seq Scan on title t  (cost=0.00..61283.27 rows=2528527 width=4) (actual time=0.067..1013.425 rows=2528312 loops=1)
Planning time: 1.187 ms
Execution time: 19905.438 ms
