Hash Join  (cost=190230.21..1181753.82 rows=6094630 width=0) (actual time=4196.379..24050.627 rows=7439323 loops=1)
  Hash Cond: (ci.movie_id = t.id)
  ->  Seq Scan on cast_info ci  (cost=0.00..796071.18 rows=11166700 width=4) (actual time=0.030..15065.534 rows=5840499 loops=1)
        Filter: ((person_id < 2576147) AND (role_id > 2))
        Rows Removed by Filter: 30403845
  ->  Hash  (cost=167588.78..167588.78 rows=1380035 width=8) (actual time=4194.266..4194.266 rows=1380035 loops=1)
        Buckets: 131072  Batches: 32  Memory Usage: 2708kB
        ->  Hash Join  (cost=102767.86..167588.78 rows=1380035 width=8) (actual time=1822.567..3810.210 rows=1380035 loops=1)
              Hash Cond: (mi_idx.movie_id = t.id)
              ->  Seq Scan on movie_info_idx mi_idx  (cost=0.00..21735.35 rows=1380035 width=4) (actual time=0.026..487.863 rows=1380035 loops=1)
              ->  Hash  (cost=61283.27..61283.27 rows=2528527 width=4) (actual time=1820.761..1820.761 rows=2528312 loops=1)
                    Buckets: 131072  Batches: 64  Memory Usage: 2415kB
                    ->  Seq Scan on title t  (cost=0.00..61283.27 rows=2528527 width=4) (actual time=0.021..982.964 rows=2528312 loops=1)
Planning time: 1.162 ms
Execution time: 24821.575 ms
