Seq Scan on cast_info ci  (cost=0.00..796071.18 rows=16179067 width=0) (actual time=20950.950..43580.893 rows=15155315 loops=1)
  Filter: ((person_id > 666078) AND (role_id < 3))
  Rows Removed by Filter: 21089029
Planning time: 0.307 ms
Execution time: 46348.805 ms
