Seq Scan on title t  (cost=0.00..73925.90 rows=26736 width=94) (actual time=0.068..1729.094 rows=30647 loops=1)
  Filter: ((kind_id > 1) AND (production_year = 1996))
  Rows Removed by Filter: 2497665
Planning time: 0.532 ms
Execution time: 1731.310 ms
