Seq Scan on title t  (cost=0.00..67604.59 rows=1572773 width=0) (actual time=0.013..4076.613 rows=1570568 loops=1)
  Filter: (production_year > 1996)
  Rows Removed by Filter: 957744
Planning time: 0.294 ms
Execution time: 4306.374 ms
