Hash Join  (cost=83074.74..476363.24 rows=1221 width=0) (actual time=2086.033..9368.178 rows=1409 loops=1)
  Hash Cond: (mi.movie_id = t.id)
  ->  Seq Scan on movie_info mi  (cost=0.00..346232.03 rows=12545135 width=4) (actual time=772.341..6323.631 rows=12601870 loops=1)
        Filter: (info_type_id < 17)
        Rows Removed by Filter: 2233850
  ->  Hash  (cost=83071.67..83071.67 rows=246 width=8) (actual time=1280.042..1280.042 rows=29 loops=1)
        Buckets: 1024  Batches: 1  Memory Usage: 10kB
        ->  Nested Loop  (cost=0.43..83071.67 rows=246 width=8) (actual time=171.969..1279.958 rows=29 loops=1)
              ->  Seq Scan on movie_keyword mk  (cost=0.00..81003.12 rows=246 width=4) (actual time=171.887..1278.517 rows=29 loops=1)
                    Filter: (keyword_id = 22773)
                    Rows Removed by Filter: 4523901
              ->  Index Only Scan using title_pkey on title t  (cost=0.43..8.40 rows=1 width=4) (actual time=0.043..0.044 rows=1 loops=29)
                    Index Cond: (id = mk.movie_id)
                    Heap Fetches: 29
Planning time: 1.152 ms
Execution time: 9368.634 ms
