Hash Join  (cost=92883.59..1131491.89 rows=7623196 width=0) (actual time=7204.171..21676.757 rows=3853385 loops=1)
  Hash Cond: (ci.movie_id = t.id)
  ->  Seq Scan on cast_info ci  (cost=0.00..796071.18 rows=12510032 width=4) (actual time=5134.558..14919.676 rows=6515916 loops=1)
        Filter: ((person_id < 1917003) AND (role_id > 1))
        Rows Removed by Filter: 29728428
  ->  Hash  (cost=67604.59..67604.59 rows=1540800 width=4) (actual time=2068.583..2068.583 rows=1543264 loops=1)
        Buckets: 131072  Batches: 32  Memory Usage: 2722kB
        ->  Seq Scan on title t  (cost=0.00..67604.59 rows=1540800 width=4) (actual time=0.027..1258.358 rows=1543264 loops=1)
              Filter: (kind_id = 7)
              Rows Removed by Filter: 985048
Planning time: 0.768 ms
Execution time: 22100.253 ms
