Hash Join  (cost=439286.61..1420583.02 rows=409712 width=0) (actual time=8633.418..27868.435 rows=453272 loops=1)
  Hash Cond: (ci.movie_id = t.id)
  ->  Seq Scan on cast_info ci  (cost=0.00..614943.12 rows=36225612 width=4) (actual time=0.014..9507.682 rows=36244344 loops=1)
  ->  Hash  (cost=438929.14..438929.14 rows=28598 width=8) (actual time=8631.810..8631.810 rows=26990 loops=1)
        Buckets: 32768  Batches: 1  Memory Usage: 1311kB
        ->  Hash Join  (cost=73987.23..438929.14 rows=28598 width=8) (actual time=1287.372..8620.249 rows=26990 loops=1)
              Hash Cond: (mi.movie_id = t.id)
              ->  Seq Scan on movie_info mi  (cost=0.00..309384.22 rows=14739122 width=4) (actual time=0.017..4350.358 rows=14835720 loops=1)
              ->  Hash  (cost=73925.90..73925.90 rows=4906 width=4) (actual time=1202.352..1202.352 rows=8279 loops=1)
                    Buckets: 16384 (originally 8192)  Batches: 1 (originally 1)  Memory Usage: 420kB
                    ->  Seq Scan on title t  (cost=0.00..73925.90 rows=4906 width=4) (actual time=0.107..1198.166 rows=8279 loops=1)
                          Filter: ((kind_id > 3) AND (production_year = 1971))
                          Rows Removed by Filter: 2520033
Planning time: 1.146 ms
Execution time: 27928.696 ms
