Hash Join  (cost=841507.34..1050441.64 rows=1101340 width=0) (actual time=28027.945..31780.449 rows=1361700 loops=1)
  Hash Cond: (mk.movie_id = t.id)
  ->  Seq Scan on movie_keyword mk  (cost=0.00..69693.30 rows=4523930 width=4) (actual time=0.027..1453.853 rows=4523930 loops=1)
  ->  Hash  (cost=831407.79..831407.79 rows=615564 width=8) (actual time=28022.755..28022.755 rows=560256 loops=1)
        Buckets: 131072  Batches: 16  Memory Usage: 2339kB
        ->  Hash Join  (cost=74462.98..831407.79 rows=615564 width=8) (actual time=1215.262..26805.066 rows=560256 loops=1)
              Hash Cond: (ci.movie_id = t.id)
              ->  Seq Scan on cast_info ci  (cost=0.00..614943.12 rows=36225612 width=4) (actual time=0.018..9701.234 rows=36244344 loops=1)
              ->  Hash  (cost=73925.90..73925.90 rows=42966 width=4) (actual time=1214.723..1214.723 rows=112512 loops=1)
                    Buckets: 131072 (originally 65536)  Batches: 2 (originally 1)  Memory Usage: 3073kB
                    ->  Seq Scan on title t  (cost=0.00..73925.90 rows=42966 width=4) (actual time=101.415..1168.117 rows=112512 loops=1)
                          Filter: ((kind_id < 7) AND (production_year < 1929))
                          Rows Removed by Filter: 2415800
Planning time: 1.118 ms
Execution time: 31946.254 ms
