Seq Scan on movie_keyword mk  (cost=0.00..81003.12 rows=246 width=0) (actual time=1.078..1080.567 rows=679 loops=1)
  Filter: (keyword_id = 4066)
  Rows Removed by Filter: 4523251
Planning time: 0.388 ms
Execution time: 1080.901 ms
