Seq Scan on movie_companies mc  (cost=0.00..51404.11 rows=43884 width=0) (actual time=73.070..926.731 rows=42928 loops=1)
  Filter: (company_id > 197066)
  Rows Removed by Filter: 2566201
Planning time: 0.345 ms
Execution time: 932.499 ms
