Seq Scan on movie_companies mc  (cost=0.00..57926.93 rows=817101 width=0) (actual time=257.869..1128.267 rows=1029932 loops=1)
  Filter: ((company_id > 4897) AND (company_type_id > 1))
  Rows Removed by Filter: 1579197
Planning time: 0.355 ms
Execution time: 1251.720 ms
