Hash Join  (cost=102767.86..1127592.92 rows=9096116 width=0) (actual time=9067.778..28952.056 rows=12670688 loops=1)
  Hash Cond: (ci.movie_id = t.id)
  ->  Seq Scan on cast_info ci  (cost=0.00..796071.18 rows=9096116 width=4) (actual time=6997.354..15111.554 rows=12670688 loops=1)
        Filter: ((person_id < 2676801) AND (role_id < 2))
        Rows Removed by Filter: 23573656
  ->  Hash  (cost=61283.27..61283.27 rows=2528527 width=4) (actual time=2069.076..2069.076 rows=2528312 loops=1)
        Buckets: 131072  Batches: 64  Memory Usage: 2415kB
        ->  Seq Scan on title t  (cost=0.00..61283.27 rows=2528527 width=4) (actual time=0.013..1140.473 rows=2528312 loops=1)
Planning time: 0.720 ms
Execution time: 30441.848 ms
