Seq Scan on cast_info ci  (cost=0.00..705507.15 rows=33729786 width=0) (actual time=0.010..12794.778 rows=33805765 loops=1)
  Filter: (person_id > 236980)
  Rows Removed by Filter: 2438579
Planning time: 0.352 ms
Execution time: 16731.058 ms
