Hash Join  (cost=177465.34..679333.43 rows=852746 width=0) (actual time=4006.691..16859.533 rows=700099 loops=1)
  Hash Cond: (mi.movie_id = t.id)
  ->  Seq Scan on movie_info mi  (cost=0.00..346232.03 rows=12665229 width=4) (actual time=0.031..7273.335 rows=12744652 loops=1)
        Filter: (info_type_id > 2)
        Rows Removed by Filter: 2091068
  ->  Hash  (cost=174671.27..174671.27 rows=170245 width=8) (actual time=4005.309..4005.309 rows=69324 loops=1)
        Buckets: 131072  Batches: 4  Memory Usage: 1711kB
        ->  Hash Join  (cost=102767.86..174671.27 rows=170245 width=8) (actual time=2232.065..3976.704 rows=69324 loops=1)
              Hash Cond: (mc.movie_id = t.id)
              ->  Seq Scan on movie_companies mc  (cost=0.00..57926.93 rows=170245 width=4) (actual time=237.950..823.550 rows=69324 loops=1)
                    Filter: ((company_id < 164) AND (company_type_id = 2))
                    Rows Removed by Filter: 2539805
              ->  Hash  (cost=61283.27..61283.27 rows=2528527 width=4) (actual time=1993.017..1993.017 rows=2528312 loops=1)
                    Buckets: 131072  Batches: 64  Memory Usage: 2415kB
                    ->  Seq Scan on title t  (cost=0.00..61283.27 rows=2528527 width=4) (actual time=0.021..1182.903 rows=2528312 loops=1)
Planning time: 1.174 ms
Execution time: 16936.139 ms
