Hash Join  (cost=133202.33..884420.29 rows=42880 width=0) (actual time=2051.682..18792.593 rows=118878 loops=1)
  Hash Cond: (ci.movie_id = t.id)
  ->  Seq Scan on cast_info ci  (cost=0.00..614943.12 rows=36225612 width=4) (actual time=0.012..8968.491 rows=36244344 loops=1)
  ->  Hash  (cost=133164.91..133164.91 rows=2993 width=8) (actual time=2051.475..2051.475 rows=3609 loops=1)
        Buckets: 4096  Batches: 1  Memory Usage: 173kB
        ->  Hash Join  (cost=74329.88..133164.91 rows=2993 width=8) (actual time=1504.251..2049.932 rows=3609 loops=1)
              Hash Cond: (mc.movie_id = t.id)
              ->  Seq Scan on movie_companies mc  (cost=0.00..57926.93 rows=234178 width=4) (actual time=397.520..862.780 rows=349086 loops=1)
                    Filter: ((company_id < 419) AND (company_type_id < 2))
                    Rows Removed by Filter: 2260043
              ->  Hash  (cost=73925.90..73925.90 rows=32318 width=4) (actual time=1106.551..1106.551 rows=20209 loops=1)
                    Buckets: 32768  Batches: 1  Memory Usage: 967kB
                    ->  Seq Scan on title t  (cost=0.00..73925.90 rows=32318 width=4) (actual time=0.053..1097.411 rows=20209 loops=1)
                          Filter: ((kind_id < 3) AND (production_year = 2006))
                          Rows Removed by Filter: 2508103
Planning time: 1.220 ms
Execution time: 18814.296 ms
