Hash Join  (cost=174513.97..213265.24 rows=61679 width=0) (actual time=9017.926..11688.614 rows=771978 loops=1)
  Hash Cond: (mi_idx.movie_id = t.id)
  ->  Seq Scan on movie_info_idx mi_idx  (cost=0.00..21735.35 rows=1380035 width=4) (actual time=0.030..1558.963 rows=1380035 loops=1)
  ->  Hash  (cost=172659.34..172659.34 rows=113010 width=8) (actual time=9017.103..9017.103 rows=306558 loops=1)
        Buckets: 131072 (originally 131072)  Batches: 4 (originally 2)  Memory Usage: 4045kB
        ->  Hash Join  (cost=81703.78..172659.34 rows=113010 width=8) (actual time=3977.272..8889.674 rows=306558 loops=1)
              Hash Cond: (mk.movie_id = t.id)
              ->  Seq Scan on movie_keyword mk  (cost=0.00..81003.12 rows=602757 width=4) (actual time=0.027..3872.677 rows=605838 loops=1)
                    Filter: (keyword_id < 456)
                    Rows Removed by Filter: 3918092
              ->  Hash  (cost=73925.90..73925.90 rows=474070 width=4) (actual time=3976.171..3976.171 rows=496025 loops=1)
                    Buckets: 131072  Batches: 8  Memory Usage: 3223kB
                    ->  Seq Scan on title t  (cost=0.00..73925.90 rows=474070 width=4) (actual time=0.010..3750.403 rows=496025 loops=1)
                          Filter: ((production_year < 2009) AND (kind_id = 1))
                          Rows Removed by Filter: 2032287
Planning time: 10.854 ms
Execution time: 11802.835 ms
