Hash Join  (cost=439368.21..1358608.78 rows=266356 width=0) (actual time=8939.510..27415.348 rows=620027 loops=1)
  Hash Cond: (ci.movie_id = t.id)
  ->  Seq Scan on cast_info ci  (cost=0.00..705507.15 rows=21106980 width=4) (actual time=0.016..12290.101 rows=20976452 loops=1)
        Filter: (person_id < 2115380)
        Rows Removed by Filter: 15267892
  ->  Hash  (cost=438969.35..438969.35 rows=31909 width=8) (actual time=8937.978..8937.978 rows=48641 loops=1)
        Buckets: 65536 (originally 32768)  Batches: 1 (originally 1)  Memory Usage: 2413kB
        ->  Hash Join  (cost=73994.33..438969.35 rows=31909 width=8) (actual time=1311.307..8914.206 rows=48641 loops=1)
              Hash Cond: (mi.movie_id = t.id)
              ->  Seq Scan on movie_info mi  (cost=0.00..309384.22 rows=14739122 width=4) (actual time=0.011..4273.681 rows=14835720 loops=1)
              ->  Hash  (cost=73925.90..73925.90 rows=5474 width=4) (actual time=1311.136..1311.136 rows=10482 loops=1)
                    Buckets: 16384 (originally 8192)  Batches: 1 (originally 1)  Memory Usage: 497kB
                    ->  Seq Scan on title t  (cost=0.00..73925.90 rows=5474 width=4) (actual time=0.030..1305.382 rows=10482 loops=1)
                          Filter: ((kind_id > 1) AND (production_year = 1982))
                          Rows Removed by Filter: 2517830
Planning time: 3.910 ms
Execution time: 27496.968 ms
