Hash Join  (cost=92883.59..872447.35 rows=2192864 width=0) (actual time=2482.662..18187.779 rows=2026501 loops=1)
  Hash Cond: (ci.movie_id = t.id)
  ->  Seq Scan on cast_info ci  (cost=0.00..705507.15 rows=3598595 width=4) (actual time=49.110..11149.689 rows=3478204 loops=1)
        Filter: (person_id < 333851)
        Rows Removed by Filter: 32766140
  ->  Hash  (cost=67604.59..67604.59 rows=1540800 width=4) (actual time=2431.962..2431.962 rows=1543264 loops=1)
        Buckets: 131072  Batches: 32  Memory Usage: 2722kB
        ->  Seq Scan on title t  (cost=0.00..67604.59 rows=1540800 width=4) (actual time=0.031..1187.362 rows=1543264 loops=1)
              Filter: (kind_id = 7)
              Rows Removed by Filter: 985048
Planning time: 0.803 ms
Execution time: 18428.773 ms
