Hash Join  (cost=68237.77..880563.10 rows=82430 width=0) (actual time=6651.497..15188.407 rows=101408 loops=1)
  Hash Cond: (ci.movie_id = t.id)
  ->  Seq Scan on cast_info ci  (cost=0.00..796071.18 rows=4114626 width=4) (actual time=5583.330..12542.921 rows=5319964 loops=1)
        Filter: ((person_id < 713607) AND (role_id < 3))
        Rows Removed by Filter: 30924380
  ->  Hash  (cost=67604.59..67604.59 rows=50655 width=4) (actual time=1067.713..1067.713 rows=50564 loops=1)
        Buckets: 65536  Batches: 1  Memory Usage: 2290kB
        ->  Seq Scan on title t  (cost=0.00..67604.59 rows=50655 width=4) (actual time=0.030..1046.878 rows=50564 loops=1)
              Filter: (production_year = 1999)
              Rows Removed by Filter: 2477748
Planning time: 0.735 ms
Execution time: 15203.917 ms
