Hash Join  (cost=171229.02..678468.79 rows=2571085 width=0) (actual time=3526.270..16449.505 rows=3554918 loops=1)
  Hash Cond: (mi.movie_id = t.id)
  ->  Seq Scan on movie_info mi  (cost=0.00..309384.22 rows=14739122 width=4) (actual time=0.024..5652.220 rows=14835720 loops=1)
  ->  Hash  (cost=163992.58..163992.58 rows=441075 width=8) (actual time=3390.150..3390.150 rows=380810 loops=1)
        Buckets: 131072  Batches: 8  Memory Usage: 2888kB
        ->  Hash Join  (cost=92883.59..163992.58 rows=441075 width=8) (actual time=1726.270..3277.401 rows=380810 loops=1)
              Hash Cond: (mc.movie_id = t.id)
              ->  Seq Scan on movie_companies mc  (cost=0.00..51404.11 rows=723826 width=4) (actual time=0.026..856.706 rows=712609 loops=1)
                    Filter: (company_id < 1373)
                    Rows Removed by Filter: 1896520
              ->  Hash  (cost=67604.59..67604.59 rows=1540800 width=4) (actual time=1724.574..1724.574 rows=1543264 loops=1)
                    Buckets: 131072  Batches: 32  Memory Usage: 2722kB
                    ->  Seq Scan on title t  (cost=0.00..67604.59 rows=1540800 width=4) (actual time=0.016..1224.255 rows=1543264 loops=1)
                          Filter: (kind_id = 7)
                          Rows Removed by Filter: 985048
Planning time: 1.230 ms
Execution time: 16851.646 ms
