Hash Join  (cost=123112.52..209825.86 rows=5530 width=0) (actual time=2232.430..3841.827 rows=599 loops=1)
  Hash Cond: (mk.movie_id = t.id)
  ->  Seq Scan on movie_keyword mk  (cost=0.00..69693.30 rows=4523930 width=4) (actual time=0.022..914.706 rows=4523930 loops=1)
  ->  Hash  (cost=123073.88..123073.88 rows=3091 width=8) (actual time=2198.703..2198.703 rows=397 loops=1)
        Buckets: 4096  Batches: 1  Memory Usage: 48kB
        ->  Hash Join  (cost=67697.55..123073.88 rows=3091 width=8) (actual time=1144.404..2198.329 rows=397 loops=1)
              Hash Cond: (mc.movie_id = t.id)
              ->  Seq Scan on movie_companies mc  (cost=0.00..51404.11 rows=1051016 width=4) (actual time=0.018..915.235 rows=1060801 loops=1)
                    Filter: (company_id > 14712)
                    Rows Removed by Filter: 1548328
              ->  Hash  (cost=67604.59..67604.59 rows=7437 width=4) (actual time=1118.939..1118.939 rows=1787 loops=1)
                    Buckets: 8192  Batches: 1  Memory Usage: 127kB
                    ->  Seq Scan on title t  (cost=0.00..67604.59 rows=7437 width=4) (actual time=520.570..1117.899 rows=1787 loops=1)
                          Filter: (production_year = 1899)
                          Rows Removed by Filter: 2526525
Planning time: 1.054 ms
Execution time: 3842.059 ms
