Hash Join  (cost=102767.86..1162142.70 rows=10531918 width=0) (actual time=8606.994..21954.401 rows=5639828 loops=1)
  Hash Cond: (ci.movie_id = t.id)
  ->  Seq Scan on cast_info ci  (cost=0.00..796071.18 rows=10531918 width=4) (actual time=6624.281..14995.141 rows=5639828 loops=1)
        Filter: ((person_id < 2400545) AND (role_id > 2))
        Rows Removed by Filter: 30604516
  ->  Hash  (cost=61283.27..61283.27 rows=2528527 width=4) (actual time=1981.415..1981.415 rows=2528312 loops=1)
        Buckets: 131072  Batches: 64  Memory Usage: 2415kB
        ->  Seq Scan on title t  (cost=0.00..61283.27 rows=2528527 width=4) (actual time=0.018..1128.717 rows=2528312 loops=1)
Planning time: 0.538 ms
Execution time: 22617.519 ms
