Seq Scan on movie_companies mc  (cost=0.00..57926.93 rows=852047 width=0) (actual time=0.013..959.431 rows=1165506 loops=1)
  Filter: ((company_id < 22993) AND (company_type_id = 1))
  Rows Removed by Filter: 1443623
Planning time: 0.477 ms
Execution time: 1101.643 ms
