Hash Join  (cost=102767.86..274587.32 rows=3363590 width=0) (actual time=1822.359..6779.197 rows=3349670 loops=1)
  Hash Cond: (mk.movie_id = t.id)
  ->  Seq Scan on movie_keyword mk  (cost=0.00..81003.12 rows=3363590 width=4) (actual time=0.016..1647.595 rows=3349670 loops=1)
        Filter: (keyword_id < 15878)
        Rows Removed by Filter: 1174260
  ->  Hash  (cost=61283.27..61283.27 rows=2528527 width=4) (actual time=1820.975..1820.975 rows=2528312 loops=1)
        Buckets: 131072  Batches: 64  Memory Usage: 2425kB
        ->  Seq Scan on title t  (cost=0.00..61283.27 rows=2528527 width=4) (actual time=0.013..966.957 rows=2528312 loops=1)
Planning time: 0.663 ms
Execution time: 7216.916 ms
