Hash Join  (cost=195028.27..275257.82 rows=375703 width=0) (actual time=3465.279..5418.087 rows=142238 loops=1)
  Hash Cond: (mc.movie_id = t.id)
  ->  Seq Scan on movie_companies mc  (cost=0.00..44881.29 rows=2609129 width=4) (actual time=0.027..849.981 rows=2609129 loops=1)
  ->  Hash  (cost=189054.05..189054.05 rows=364097 width=8) (actual time=3464.413..3464.413 rows=72328 loops=1)
        Buckets: 131072  Batches: 8  Memory Usage: 1378kB
        ->  Hash Join  (cost=89472.60..189054.05 rows=364097 width=8) (actual time=1401.521..3439.984 rows=72328 loops=1)
              Hash Cond: (mk.movie_id = t.id)
              ->  Seq Scan on movie_keyword mk  (cost=0.00..81003.12 rows=971561 width=4) (actual time=0.024..1405.104 rows=973772 loops=1)
                    Filter: (keyword_id < 912)
                    Rows Removed by Filter: 3550158
              ->  Hash  (cost=73925.90..73925.90 rows=947576 width=4) (actual time=1400.559..1400.559 rows=876037 loops=1)
                    Buckets: 131072  Batches: 16  Memory Usage: 2955kB
                    ->  Seq Scan on title t  (cost=0.00..73925.90 rows=947576 width=4) (actual time=0.019..1124.521 rows=876037 loops=1)
                          Filter: ((production_year < 2007) AND (kind_id = 7))
                          Rows Removed by Filter: 1652275
Planning time: 1.230 ms
Execution time: 5436.170 ms
