Nested Loop  (cost=0.43..83072.29 rows=9 width=0) (actual time=909.551..1276.183 rows=23 loops=1)
  ->  Seq Scan on movie_keyword mk  (cost=0.00..81003.12 rows=246 width=4) (actual time=0.356..1248.637 rows=880 loops=1)
        Filter: (keyword_id = 4673)
        Rows Removed by Filter: 4523050
  ->  Index Scan using title_pkey on title t  (cost=0.43..8.40 rows=1 width=4) (actual time=0.030..0.030 rows=0 loops=880)
        Index Cond: (id = mk.movie_id)
        Filter: (kind_id = 2)
        Rows Removed by Filter: 1
Planning time: 0.769 ms
Execution time: 1276.325 ms
