Hash Join  (cost=83073.03..109983.56 rows=6 width=0) (actual time=3525.717..4976.323 rows=21 loops=1)
  Hash Cond: (mi_idx.movie_id = t.id)
  ->  Seq Scan on movie_info_idx mi_idx  (cost=0.00..21735.35 rows=1380035 width=4) (actual time=0.025..1094.949 rows=1380035 loops=1)
  ->  Hash  (cost=83072.90..83072.90 rows=10 width=8) (actual time=3516.695..3516.695 rows=8 loops=1)
        Buckets: 1024  Batches: 1  Memory Usage: 9kB
        ->  Nested Loop  (cost=0.43..83072.90 rows=10 width=8) (actual time=102.655..3516.661 rows=8 loops=1)
              ->  Seq Scan on movie_keyword mk  (cost=0.00..81003.12 rows=246 width=4) (actual time=1.280..3423.369 rows=630 loops=1)
                    Filter: (keyword_id = 10500)
                    Rows Removed by Filter: 4523300
              ->  Index Scan using title_pkey on title t  (cost=0.43..8.40 rows=1 width=4) (actual time=0.146..0.146 rows=0 loops=630)
                    Index Cond: (id = mk.movie_id)
                    Filter: ((kind_id > 1) AND (production_year = 2010))
                    Rows Removed by Filter: 1
Planning time: 1.210 ms
Execution time: 4976.485 ms
