Hash Join  (cost=160816.70..912943.70 rows=133786 width=0) (actual time=3130.159..20718.316 rows=836863 loops=1)
  Hash Cond: (ci.movie_id = t.id)
  ->  Seq Scan on cast_info ci  (cost=0.00..614943.12 rows=36225612 width=4) (actual time=0.017..8969.321 rows=36244344 loops=1)
  ->  Hash  (cost=160699.98..160699.98 rows=9338 width=8) (actual time=3127.992..3127.992 rows=24878 loops=1)
        Buckets: 32768 (originally 16384)  Batches: 1 (originally 1)  Memory Usage: 1228kB
        ->  Hash Join  (cost=67697.55..160699.98 rows=9338 width=8) (actual time=997.793..3118.900 rows=24878 loops=1)
              Hash Cond: (mk.movie_id = t.id)
              ->  Seq Scan on movie_keyword mk  (cost=0.00..81003.12 rows=3174913 width=4) (actual time=0.023..1592.349 rows=3165342 loops=1)
                    Filter: (keyword_id < 12351)
                    Rows Removed by Filter: 1358588
              ->  Hash  (cost=67604.59..67604.59 rows=7437 width=4) (actual time=996.759..996.759 rows=14284 loops=1)
                    Buckets: 16384 (originally 8192)  Batches: 1 (originally 1)  Memory Usage: 631kB
                    ->  Seq Scan on title t  (cost=0.00..67604.59 rows=7437 width=4) (actual time=0.026..989.868 rows=14284 loops=1)
                          Filter: (production_year = 1973)
                          Rows Removed by Filter: 2514028
Planning time: 1.395 ms
Execution time: 20828.590 ms
