Hash Join  (cost=71408.55..142480.45 rows=89922 width=0) (actual time=1367.010..2905.116 rows=62327 loops=1)
  Hash Cond: (mc.movie_id = t.id)
  ->  Seq Scan on movie_companies mc  (cost=0.00..57926.93 rows=980731 width=4) (actual time=208.871..1209.050 rows=1266432 loops=1)
        Filter: ((company_id < 63857) AND (company_type_id < 2))
        Rows Removed by Filter: 1342697
  ->  Hash  (cost=67604.59..67604.59 rows=231837 width=4) (actual time=1157.209..1157.209 rows=231649 loops=1)
        Buckets: 131072  Batches: 4  Memory Usage: 3076kB
        ->  Seq Scan on title t  (cost=0.00..67604.59 rows=231837 width=4) (actual time=0.020..1074.712 rows=231649 loops=1)
              Filter: (production_year > 2011)
              Rows Removed by Filter: 2296663
Planning time: 0.682 ms
Execution time: 2912.843 ms
