Hash Join  (cost=199888.76..341194.18 rows=1584339 width=0) (actual time=4067.270..8935.404 rows=6928214 loops=1)
  Hash Cond: (mk.movie_id = t.id)
  ->  Seq Scan on movie_keyword mk  (cost=0.00..69693.30 rows=4523930 width=4) (actual time=0.023..1408.113 rows=4523930 loops=1)
  ->  Hash  (cost=185359.72..185359.72 rows=885523 width=8) (actual time=4066.270..4066.270 rows=892189 loops=1)
        Buckets: 131072  Batches: 16  Memory Usage: 3229kB
        ->  Hash Join  (cost=102767.86..185359.72 rows=885523 width=8) (actual time=1809.364..3811.894 rows=892189 loops=1)
              Hash Cond: (mc.movie_id = t.id)
              ->  Seq Scan on movie_companies mc  (cost=0.00..51404.11 rows=885523 width=4) (actual time=0.026..885.763 rows=892189 loops=1)
                    Filter: (company_id > 21944)
                    Rows Removed by Filter: 1716940
              ->  Hash  (cost=61283.27..61283.27 rows=2528527 width=4) (actual time=1808.121..1808.121 rows=2528312 loops=1)
                    Buckets: 131072  Batches: 64  Memory Usage: 2415kB
                    ->  Seq Scan on title t  (cost=0.00..61283.27 rows=2528527 width=4) (actual time=0.025..981.972 rows=2528312 loops=1)
Planning time: 1.072 ms
Execution time: 9658.321 ms
