Seq Scan on cast_info ci  (cost=0.00..796071.18 rows=4101293 width=0) (actual time=2495.573..12515.789 rows=6401298 loops=1)
  Filter: ((person_id > 3014201) AND (role_id > 1))
  Rows Removed by Filter: 29843046
Planning time: 0.360 ms
Execution time: 13311.337 ms
