Nested Loop  (cost=0.43..447802.20 rows=17937 width=0) (actual time=3916.239..5355.802 rows=6594 loops=1)
  ->  Seq Scan on movie_info mi  (cost=0.00..346232.03 rows=17937 width=4) (actual time=3916.164..5235.005 rows=6594 loops=1)
        Filter: (info_type_id = 51)
        Rows Removed by Filter: 14829126
  ->  Index Only Scan using title_pkey on title t  (cost=0.43..5.65 rows=1 width=4) (actual time=0.017..0.018 rows=1 loops=6594)
        Index Cond: (id = mi.movie_id)
        Heap Fetches: 6594
Planning time: 0.708 ms
Execution time: 5357.246 ms
