Hash Join  (cost=111883.39..188405.93 rows=106802 width=0) (actual time=5545.130..10319.720 rows=375724 loops=1)
  Hash Cond: (mc.movie_id = t.id)
  ->  Seq Scan on movie_companies mc  (cost=0.00..44881.29 rows=2609129 width=4) (actual time=0.012..3254.042 rows=2609129 loops=1)
  ->  Hash  (cost=110184.60..110184.60 rows=103503 width=8) (actual time=5544.369..5544.369 rows=98973 loops=1)
        Buckets: 131072  Batches: 2  Memory Usage: 2949kB
        ->  Hash Join  (cost=70716.09..110184.60 rows=103503 width=8) (actual time=2972.688..5494.113 rows=98973 loops=1)
              Hash Cond: (mi_idx.movie_id = t.id)
              ->  Seq Scan on movie_info_idx mi_idx  (cost=0.00..21735.35 rows=1380035 width=4) (actual time=0.022..1590.367 rows=1380035 loops=1)
              ->  Hash  (cost=67604.59..67604.59 rows=189640 width=4) (actual time=2971.843..2971.843 rows=187790 loops=1)
                    Buckets: 131072  Batches: 4  Memory Usage: 2673kB
                    ->  Seq Scan on title t  (cost=0.00..67604.59 rows=189640 width=4) (actual time=0.022..2893.227 rows=187790 loops=1)
                          Filter: (production_year < 1954)
                          Rows Removed by Filter: 2340522
Planning time: 1.133 ms
Execution time: 10384.573 ms
