Seq Scan on movie_keyword mk  (cost=0.00..81003.12 rows=2946974 width=0) (actual time=0.025..1514.924 rows=2931447 loops=1)
  Filter: (keyword_id < 9698)
  Rows Removed by Filter: 1592483
Planning time: 0.336 ms
Execution time: 1886.426 ms
