Hash Join  (cost=88706.82..624545.83 rows=5251309 width=0) (actual time=1509.695..18137.131 rows=9002971 loops=1)
  Hash Cond: (mi.movie_id = t.id)
  ->  Seq Scan on movie_info mi  (cost=0.00..309384.22 rows=14739122 width=4) (actual time=0.029..6228.833 rows=14835720 loops=1)
  ->  Hash  (cost=73925.90..73925.90 rows=900873 width=4) (actual time=1508.634..1508.634 rows=820569 loops=1)
        Buckets: 131072  Batches: 16  Memory Usage: 2837kB
        ->  Seq Scan on title t  (cost=0.00..73925.90 rows=900873 width=4) (actual time=0.012..1249.037 rows=820569 loops=1)
              Filter: ((kind_id < 7) AND (production_year > 1947))
              Rows Removed by Filter: 1707743
Planning time: 0.725 ms
Execution time: 19260.186 ms
