Hash Join  (cost=351984.96..1055691.90 rows=17198918 width=0) (actual time=8031.694..65014.914 rows=195942947 loops=1)
  Hash Cond: (mi.movie_id = t.id)
  ->  Seq Scan on movie_info mi  (cost=0.00..346232.03 rows=11115165 width=4) (actual time=0.013..7233.163 rows=11210743 loops=1)
        Filter: (info_type_id > 3)
        Rows Removed by Filter: 3624977
  ->  Hash  (cost=287794.88..287794.88 rows=3912486 width=8) (actual time=8030.816..8030.816 rows=3911792 loops=1)
        Buckets: 131072  Batches: 64  Memory Usage: 3515kB
        ->  Hash Join  (cost=102767.86..287794.88 rows=3912486 width=8) (actual time=1976.994..6956.649 rows=3911792 loops=1)
              Hash Cond: (mk.movie_id = t.id)
              ->  Seq Scan on movie_keyword mk  (cost=0.00..81003.12 rows=3912486 width=4) (actual time=0.018..1798.809 rows=3911792 loops=1)
                    Filter: (keyword_id > 460)
                    Rows Removed by Filter: 612138
              ->  Hash  (cost=61283.27..61283.27 rows=2528527 width=4) (actual time=1975.343..1975.343 rows=2528312 loops=1)
                    Buckets: 131072  Batches: 64  Memory Usage: 2425kB
                    ->  Seq Scan on title t  (cost=0.00..61283.27 rows=2528527 width=4) (actual time=0.008..1117.472 rows=2528312 loops=1)
Planning time: 1.003 ms
Execution time: 86229.023 ms
