Seq Scan on movie_keyword mk  (cost=0.00..81003.12 rows=939344 width=0) (actual time=0.027..1438.995 rows=949866 loops=1)
  Filter: (keyword_id > 19992)
  Rows Removed by Filter: 3574064
Planning time: 0.300 ms
Execution time: 1558.715 ms
