Hash Join  (cost=201206.45..245987.32 rows=413139 width=0) (actual time=4493.928..6187.656 rows=1273376 loops=1)
  Hash Cond: (mi_idx.movie_id = t.id)
  ->  Seq Scan on movie_info_idx mi_idx  (cost=0.00..21735.35 rows=1380035 width=4) (actual time=0.017..509.903 rows=1380035 loops=1)
  ->  Hash  (cost=188787.42..188787.42 rows=756962 width=8) (actual time=4493.158..4493.158 rows=973666 loops=1)
        Buckets: 131072  Batches: 16  Memory Usage: 3401kB
        ->  Hash Join  (cost=102767.86..188787.42 rows=756962 width=8) (actual time=1934.430..4214.859 rows=973666 loops=1)
              Hash Cond: (mc.movie_id = t.id)
              ->  Seq Scan on movie_companies mc  (cost=0.00..57926.93 rows=756962 width=4) (actual time=55.254..1112.165 rows=973666 loops=1)
                    Filter: ((company_id > 7879) AND (company_type_id > 1))
                    Rows Removed by Filter: 1635463
              ->  Hash  (cost=61283.27..61283.27 rows=2528527 width=4) (actual time=1878.057..1878.057 rows=2528312 loops=1)
                    Buckets: 131072  Batches: 64  Memory Usage: 2415kB
                    ->  Seq Scan on title t  (cost=0.00..61283.27 rows=2528527 width=4) (actual time=0.017..1061.502 rows=2528312 loops=1)
Planning time: 1.144 ms
Execution time: 6339.500 ms
