Hash Join  (cost=181432.96..313906.29 rows=859430 width=0) (actual time=4211.582..8240.746 rows=809442 loops=1)
  Hash Cond: (mk.movie_id = t.id)
  ->  Seq Scan on movie_keyword mk  (cost=0.00..69693.30 rows=4523930 width=4) (actual time=0.020..1476.280 rows=4523930 loops=1)
  ->  Hash  (cost=173551.52..173551.52 rows=480355 width=8) (actual time=4208.951..4208.951 rows=278807 loops=1)
        Buckets: 131072  Batches: 8  Memory Usage: 2389kB
        ->  Hash Join  (cost=94973.51..173551.52 rows=480355 width=8) (actual time=2560.058..4117.412 rows=278807 loops=1)
              Hash Cond: (mc.movie_id = t.id)
              ->  Seq Scan on movie_companies mc  (cost=0.00..57926.93 rows=728104 width=4) (actual time=443.372..1120.353 rows=947238 loops=1)
                    Filter: ((company_id > 10000) AND (company_type_id = 2))
                    Rows Removed by Filter: 1661891
              ->  Hash  (cost=67604.59..67604.59 rows=1668154 width=4) (actual time=2115.599..2115.599 rows=1674098 loops=1)
                    Buckets: 131072  Batches: 32  Memory Usage: 2869kB
                    ->  Seq Scan on title t  (cost=0.00..67604.59 rows=1668154 width=4) (actual time=0.023..1272.361 rows=1674098 loops=1)
                          Filter: (kind_id > 3)
                          Rows Removed by Filter: 854214
Planning time: 1.149 ms
Execution time: 8348.035 ms
