Hash Join  (cost=238253.97..786612.05 rows=6424615 width=0) (actual time=5179.862..29696.355 rows=48870620 loops=1)
  Hash Cond: (mi.movie_id = t.id)
  ->  Seq Scan on movie_info mi  (cost=0.00..309384.22 rows=14739122 width=4) (actual time=0.008..6588.545 rows=14835720 loops=1)
  ->  Hash  (cost=220171.02..220171.02 rows=1102156 width=8) (actual time=5179.085..5179.085 rows=1109647 loops=1)
        Buckets: 131072  Batches: 16  Memory Usage: 3840kB
        ->  Hash Join  (cost=102767.86..220171.02 rows=1102156 width=8) (actual time=1957.527..4851.281 rows=1109647 loops=1)
              Hash Cond: (mk.movie_id = t.id)
              ->  Seq Scan on movie_keyword mk  (cost=0.00..81003.12 rows=1102156 width=4) (actual time=0.024..1574.447 rows=1109647 loops=1)
                    Filter: (keyword_id < 1138)
                    Rows Removed by Filter: 3414283
              ->  Hash  (cost=61283.27..61283.27 rows=2528527 width=4) (actual time=1956.325..1956.325 rows=2528312 loops=1)
                    Buckets: 131072  Batches: 64  Memory Usage: 2425kB
                    ->  Seq Scan on title t  (cost=0.00..61283.27 rows=2528527 width=4) (actual time=2.845..1056.997 rows=2528312 loops=1)
Planning time: 1.074 ms
Execution time: 34851.523 ms
