Hash Join  (cost=125772.76..252623.60 rows=397980 width=0) (actual time=2524.416..6191.631 rows=379524 loops=1)
  Hash Cond: (mk.movie_id = t.id)
  ->  Seq Scan on movie_keyword mk  (cost=0.00..69693.30 rows=4523930 width=4) (actual time=0.018..1349.278 rows=4523930 loops=1)
  ->  Hash  (cost=122123.26..122123.26 rows=222440 width=8) (actual time=2521.748..2521.748 rows=119721 loops=1)
        Buckets: 131072  Batches: 4  Memory Usage: 2201kB
        ->  Hash Join  (cost=80613.38..122123.26 rows=222440 width=8) (actual time=1343.349..2484.944 rows=119721 loops=1)
              Hash Cond: (mi_idx.movie_id = t.id)
              ->  Seq Scan on movie_info_idx mi_idx  (cost=0.00..21735.35 rows=1380035 width=4) (actual time=0.025..519.690 rows=1380035 loops=1)
              ->  Hash  (cost=73925.90..73925.90 rows=407558 width=4) (actual time=1341.992..1341.992 rows=270281 loops=1)
                    Buckets: 131072  Batches: 8  Memory Usage: 2203kB
                    ->  Seq Scan on title t  (cost=0.00..73925.90 rows=407558 width=4) (actual time=0.022..1254.728 rows=270281 loops=1)
                          Filter: ((kind_id > 1) AND (production_year < 1983))
                          Rows Removed by Filter: 2258031
Planning time: 1.131 ms
Execution time: 6228.764 ms
