Seq Scan on movie_keyword mk  (cost=0.00..81003.12 rows=2525578 width=0) (actual time=0.023..1381.434 rows=2513219 loops=1)
  Filter: (keyword_id < 6224)
  Rows Removed by Filter: 2010711
Planning time: 0.318 ms
Execution time: 1678.225 ms
