Hash Join  (cost=250383.98..838312.72 rows=8406492 width=0) (actual time=6740.559..60651.483 rows=190959001 loops=1)
  Hash Cond: (mi.movie_id = t.id)
  ->  Seq Scan on movie_info mi  (cost=0.00..309384.22 rows=14739122 width=4) (actual time=0.019..6356.970 rows=14835720 loops=1)
  ->  Hash  (cost=226723.09..226723.09 rows=1442151 width=8) (actual time=6739.644..6739.644 rows=2934383 loops=1)
        Buckets: 131072 (originally 131072)  Batches: 64 (originally 32)  Memory Usage: 3073kB
        ->  Hash Join  (cost=87150.54..226723.09 rows=1442151 width=8) (actual time=1586.837..5852.029 rows=2934383 loops=1)
              Hash Cond: (mk.movie_id = t.id)
              ->  Seq Scan on movie_keyword mk  (cost=0.00..69693.30 rows=4523930 width=4) (actual time=0.015..1434.713 rows=4523930 loops=1)
              ->  Hash  (cost=73925.90..73925.90 rows=806051 width=4) (actual time=1585.992..1585.992 rows=719730 loops=1)
                    Buckets: 131072  Batches: 16  Memory Usage: 2615kB
                    ->  Seq Scan on title t  (cost=0.00..73925.90 rows=806051 width=4) (actual time=0.011..1348.209 rows=719730 loops=1)
                          Filter: ((kind_id < 7) AND (production_year > 1971))
                          Rows Removed by Filter: 1808582
Planning time: 1.089 ms
Execution time: 80213.948 ms
