Hash Join  (cost=114570.55..466082.87 rows=26162 width=0) (actual time=2100.134..8156.112 rows=42297 loops=1)
  Hash Cond: (mi.movie_id = t.id)
  ->  Seq Scan on movie_info mi  (cost=0.00..346232.03 rows=1338312 width=4) (actual time=167.014..5950.089 rows=1401902 loops=1)
        Filter: (info_type_id = 7)
        Rows Removed by Filter: 13433818
  ->  Hash  (cost=113952.70..113952.70 rows=49428 width=8) (actual time=1932.318..1932.318 rows=38610 loops=1)
        Buckets: 65536  Batches: 1  Memory Usage: 2021kB
        ->  Hash Join  (cost=75411.94..113952.70 rows=49428 width=8) (actual time=978.725..1918.361 rows=38610 loops=1)
              Hash Cond: (mi_idx.movie_id = t.id)
              ->  Seq Scan on movie_info_idx mi_idx  (cost=0.00..21735.35 rows=1380035 width=4) (actual time=0.033..461.696 rows=1380035 loops=1)
              ->  Hash  (cost=73925.90..73925.90 rows=90563 width=4) (actual time=977.440..977.440 rows=80990 loops=1)
                    Buckets: 131072  Batches: 2  Memory Usage: 2450kB
                    ->  Seq Scan on title t  (cost=0.00..73925.90 rows=90563 width=4) (actual time=0.354..949.644 rows=80990 loops=1)
                          Filter: ((kind_id < 7) AND (production_year > 2011))
                          Rows Removed by Filter: 2447322
Planning time: 0.976 ms
Execution time: 8162.579 ms
