Hash Join  (cost=162785.79..189747.12 rows=5084 width=0) (actual time=7885.698..9480.622 rows=45283 loops=1)
  Hash Cond: (mi_idx.movie_id = t.id)
  ->  Seq Scan on movie_info_idx mi_idx  (cost=0.00..21735.35 rows=1380035 width=4) (actual time=0.021..1330.698 rows=1380035 loops=1)
  ->  Hash  (cost=162669.34..162669.34 rows=9316 width=8) (actual time=7647.667..7647.667 rows=22099 loops=1)
        Buckets: 32768 (originally 16384)  Batches: 1 (originally 1)  Memory Usage: 1120kB
        ->  Hash Join  (cost=78556.72..162669.34 rows=9316 width=8) (actual time=4061.719..7639.040 rows=22099 loops=1)
              Hash Cond: (mk.movie_id = t.id)
              ->  Seq Scan on movie_keyword mk  (cost=0.00..81003.12 rows=35287 width=4) (actual time=0.073..3322.549 rows=29440 loops=1)
                    Filter: (keyword_id = 359)
                    Rows Removed by Filter: 4494490
              ->  Hash  (cost=67604.59..67604.59 rows=667531 width=4) (actual time=4046.497..4046.497 rows=662825 loops=1)
                    Buckets: 131072  Batches: 16  Memory Usage: 2486kB
                    ->  Seq Scan on title t  (cost=0.00..67604.59 rows=667531 width=4) (actual time=313.754..3762.517 rows=662825 loops=1)
                          Filter: (kind_id = 1)
                          Rows Removed by Filter: 1865487
Planning time: 3.452 ms
Execution time: 9497.653 ms
