Hash Join  (cost=68449.54..124931.25 rows=33789 width=0) (actual time=1145.705..2377.705 rows=33473 loops=1)
  Hash Cond: (mc.movie_id = t.id)
  ->  Seq Scan on movie_companies mc  (cost=0.00..51404.11 rows=1263923 width=4) (actual time=0.018..888.423 rows=1275177 loops=1)
        Filter: (company_id > 11412)
        Rows Removed by Filter: 1333952
  ->  Hash  (cost=67604.59..67604.59 rows=67596 width=4) (actual time=1144.811..1144.811 rows=67777 loops=1)
        Buckets: 131072  Batches: 1  Memory Usage: 3407kB
        ->  Seq Scan on title t  (cost=0.00..67604.59 rows=67596 width=4) (actual time=0.020..1117.290 rows=67777 loops=1)
              Filter: (production_year = 2003)
              Rows Removed by Filter: 2460535
Planning time: 0.751 ms
Execution time: 2383.030 ms
