Seq Scan on cast_info ci  (cost=0.00..796071.18 rows=168 width=0) (actual time=811.133..12248.645 rows=1 loops=1)
  Filter: ((role_id > 3) AND (person_id = 2161246))
  Rows Removed by Filter: 36244343
Planning time: 0.393 ms
Execution time: 12248.747 ms
