Hash Join  (cost=229211.73..1277365.68 rows=5317811 width=0) (actual time=5204.329..42605.995 rows=50797651 loops=1)
  Hash Cond: (ci.movie_id = t.id)
  ->  Seq Scan on cast_info ci  (cost=0.00..796071.18 rows=15255331 width=4) (actual time=0.014..17155.097 rows=20060865 loops=1)
        Filter: ((person_id > 1249338) AND (role_id > 1))
        Rows Removed by Filter: 16183479
  ->  Hash  (cost=214750.08..214750.08 rows=881412 width=8) (actual time=5203.120..5203.120 rows=1378310 loops=1)
        Buckets: 131072 (originally 131072)  Batches: 32 (originally 16)  Memory Usage: 3073kB
        ->  Hash Join  (cost=82008.92..214750.08 rows=881412 width=8) (actual time=1277.149..4769.181 rows=1378310 loops=1)
              Hash Cond: (mk.movie_id = t.id)
              ->  Seq Scan on movie_keyword mk  (cost=0.00..69693.30 rows=4523930 width=4) (actual time=0.021..1418.097 rows=4523930 loops=1)
              ->  Hash  (cost=73925.90..73925.90 rows=492641 width=4) (actual time=1276.137..1276.137 rows=420285 loops=1)
                    Buckets: 131072  Batches: 8  Memory Usage: 2876kB
                    ->  Seq Scan on title t  (cost=0.00..73925.90 rows=492641 width=4) (actual time=0.012..1139.461 rows=420285 loops=1)
                          Filter: ((kind_id < 7) AND (production_year > 2002))
                          Rows Removed by Filter: 2108027
Planning time: 1.586 ms
Execution time: 47874.405 ms
