Hash Join  (cost=83074.74..110002.76 rows=45 width=0) (actual time=1254.352..1765.563 rows=148 loops=1)
  Hash Cond: (mi_idx.movie_id = t.id)
  ->  Seq Scan on movie_info_idx mi_idx  (cost=0.00..25185.44 rows=464566 width=4) (actual time=0.026..455.145 rows=459925 loops=1)
        Filter: (info_type_id = 101)
        Rows Removed by Filter: 920110
  ->  Hash  (cost=83071.67..83071.67 rows=246 width=8) (actual time=1244.301..1244.301 rows=177 loops=1)
        Buckets: 1024  Batches: 1  Memory Usage: 15kB
        ->  Nested Loop  (cost=0.43..83071.67 rows=246 width=8) (actual time=8.737..1244.106 rows=177 loops=1)
              ->  Seq Scan on movie_keyword mk  (cost=0.00..81003.12 rows=246 width=4) (actual time=8.637..1233.387 rows=177 loops=1)
                    Filter: (keyword_id = 3465)
                    Rows Removed by Filter: 4523753
              ->  Index Only Scan using title_pkey on title t  (cost=0.43..8.40 rows=1 width=4) (actual time=0.056..0.057 rows=1 loops=177)
                    Index Cond: (id = mk.movie_id)
                    Heap Fetches: 177
Planning time: 1.213 ms
Execution time: 1765.750 ms
