Nested Loop  (cost=0.43..709671.90 rows=500 width=0) (actual time=4093.509..10574.665 rows=474 loops=1)
  ->  Seq Scan on cast_info ci  (cost=0.00..705507.15 rows=500 width=4) (actual time=4093.422..10567.115 rows=474 loops=1)
        Filter: (person_id = 2544736)
        Rows Removed by Filter: 36243870
  ->  Index Only Scan using title_pkey on title t  (cost=0.43..8.32 rows=1 width=4) (actual time=0.015..0.015 rows=1 loops=474)
        Index Cond: (id = ci.movie_id)
        Heap Fetches: 474
Planning time: 0.802 ms
Execution time: 10574.847 ms
