Hash Join  (cost=686434.30..2240466.71 rows=41259570 width=0) (actual time=24455.491..100239.520 rows=201415205 loops=1)
  Hash Cond: (ci.movie_id = t.id)
  ->  Seq Scan on cast_info ci  (cost=0.00..705507.15 rows=23499554 width=4) (actual time=3782.635..15972.130 rows=23573656 loops=1)
        Filter: (role_id > 1)
        Rows Removed by Filter: 12670688
  ->  Hash  (cost=613598.73..613598.73 rows=4439486 width=8) (actual time=20669.959..20669.959 rows=7361041 loops=1)
        Buckets: 131072 (originally 131072)  Batches: 128 (originally 64)  Memory Usage: 3276kB
        ->  Hash Join  (cost=86421.94..613598.73 rows=4439486 width=8) (actual time=1618.123..17121.633 rows=7361041 loops=1)
              Hash Cond: (mi.movie_id = t.id)
              ->  Seq Scan on movie_info mi  (cost=0.00..309384.22 rows=14739122 width=4) (actual time=0.022..6070.010 rows=14835720 loops=1)
              ->  Hash  (cost=73925.90..73925.90 rows=761603 width=4) (actual time=1616.938..1616.938 rows=670584 loops=1)
                    Buckets: 131072  Batches: 16  Memory Usage: 2506kB
                    ->  Seq Scan on title t  (cost=0.00..73925.90 rows=761603 width=4) (actual time=0.025..1174.502 rows=670584 loops=1)
                          Filter: ((kind_id < 7) AND (production_year > 1979))
                          Rows Removed by Filter: 1857728
Planning time: 3.434 ms
Execution time: 122306.412 ms
