Seq Scan on movie_keyword mk  (cost=0.00..81003.12 rows=3346130 width=0) (actual time=0.026..1543.586 rows=3340134 loops=1)
  Filter: (keyword_id > 1404)
  Rows Removed by Filter: 1183796
Planning time: 0.401 ms
Execution time: 1959.184 ms
