Seq Scan on cast_info ci  (cost=0.00..796071.18 rows=4186680 width=0) (actual time=7356.902..13339.048 rows=8027643 loops=1)
  Filter: ((person_id > 2429802) AND (role_id > 3))
  Rows Removed by Filter: 28216701
Planning time: 0.378 ms
Execution time: 14328.583 ms
