Hash Join  (cost=149183.21..233256.01 rows=510114 width=0) (actual time=3223.077..5315.701 rows=583866 loops=1)
  Hash Cond: (mc.movie_id = t.id)
  ->  Seq Scan on movie_companies mc  (cost=0.00..51404.11 rows=2184680 width=4) (actual time=0.018..1105.348 rows=2180523 loops=1)
        Filter: (company_id < 79301)
        Rows Removed by Filter: 428606
  ->  Hash  (cost=139496.20..139496.20 rows=590401 width=8) (actual time=3125.040..3125.040 rows=314985 loops=1)
        Buckets: 131072  Batches: 8  Memory Usage: 2557kB
        ->  Hash Join  (cost=91673.71..139496.20 rows=590401 width=8) (actual time=2001.889..3042.300 rows=314985 loops=1)
              Hash Cond: (mi_idx.movie_id = t.id)
              ->  Seq Scan on movie_info_idx mi_idx  (cost=0.00..21735.35 rows=1380035 width=4) (actual time=0.014..418.847 rows=1380035 loops=1)
              ->  Hash  (cost=73925.90..73925.90 rows=1081744 width=4) (actual time=1790.335..1790.335 rows=1176905 loops=1)
                    Buckets: 131072  Batches: 16  Memory Usage: 3619kB
                    ->  Seq Scan on title t  (cost=0.00..73925.90 rows=1081744 width=4) (actual time=246.103..1374.692 rows=1176905 loops=1)
                          Filter: ((production_year > 1989) AND (kind_id = 7))
                          Rows Removed by Filter: 1351407
Planning time: 1.234 ms
Execution time: 5380.796 ms
