Seq Scan on cast_info ci  (cost=0.00..705507.15 rows=29162035 width=0) (actual time=0.021..13472.058 rows=29110722 loops=1)
  Filter: (person_id < 2953857)
  Rows Removed by Filter: 7133622
Planning time: 0.242 ms
Execution time: 17156.591 ms
