Hash Join  (cost=100948.70..499552.09 rows=13626 width=0) (actual time=1861.291..10037.535 rows=25914 loops=1)
  Hash Cond: (mi.movie_id = t.id)
  ->  Seq Scan on movie_info mi  (cost=0.00..346232.03 rows=13929354 width=4) (actual time=0.017..6149.260 rows=14033580 loops=1)
        Filter: (info_type_id > 1)
        Rows Removed by Filter: 802140
  ->  Hash  (cost=100917.78..100917.78 rows=2474 width=8) (actual time=1836.376..1836.376 rows=2415 loops=1)
        Buckets: 4096  Batches: 1  Memory Usage: 127kB
        ->  Hash Join  (cost=73982.55..100917.78 rows=2474 width=8) (actual time=1267.587..1835.552 rows=2415 loops=1)
              Hash Cond: (mi_idx.movie_id = t.id)
              ->  Seq Scan on movie_info_idx mi_idx  (cost=0.00..21735.35 rows=1380035 width=4) (actual time=0.016..278.698 rows=1380035 loops=1)
              ->  Hash  (cost=73925.90..73925.90 rows=4532 width=4) (actual time=1267.355..1267.355 rows=6682 loops=1)
                    Buckets: 8192  Batches: 1  Memory Usage: 299kB
                    ->  Seq Scan on title t  (cost=0.00..73925.90 rows=4532 width=4) (actual time=0.052..1263.940 rows=6682 loops=1)
                          Filter: ((kind_id = 7) AND (production_year = 1959))
                          Rows Removed by Filter: 2521630
Planning time: 1.205 ms
Execution time: 10041.201 ms
