Hash Join  (cost=365418.15..1498489.22 rows=16582296 width=0) (actual time=9475.450..46976.180 rows=64585861 loops=1)
  Hash Cond: (ci.movie_id = t.id)
  ->  Seq Scan on cast_info ci  (cost=0.00..796071.18 rows=9268221 width=4) (actual time=644.693..14221.612 rows=10847595 loops=1)
        Filter: ((person_id < 1230782) AND (role_id < 5))
        Rows Removed by Filter: 25396749
  ->  Hash  (cost=291197.02..291197.02 rows=4523930 width=8) (actual time=8829.133..8829.133 rows=4523930 loops=1)
        Buckets: 131072  Batches: 64  Memory Usage: 3816kB
        ->  Hash Join  (cost=102767.86..291197.02 rows=4523930 width=8) (actual time=2509.224..7587.536 rows=4523930 loops=1)
              Hash Cond: (mk.movie_id = t.id)
              ->  Seq Scan on movie_keyword mk  (cost=0.00..69693.30 rows=4523930 width=4) (actual time=0.024..1458.501 rows=4523930 loops=1)
              ->  Hash  (cost=61283.27..61283.27 rows=2528527 width=4) (actual time=2507.664..2507.664 rows=2528312 loops=1)
                    Buckets: 131072  Batches: 64  Memory Usage: 2425kB
                    ->  Seq Scan on title t  (cost=0.00..61283.27 rows=2528527 width=4) (actual time=0.018..1031.803 rows=2528312 loops=1)
Planning time: 1.166 ms
Execution time: 54336.978 ms
