Hash Join  (cost=798791.46..1150080.73 rows=173 width=0) (actual time=15453.515..19750.133 rows=50 loops=1)
  Hash Cond: (mi.movie_id = t.id)
  ->  Seq Scan on movie_info mi  (cost=0.00..346232.03 rows=1348138 width=4) (actual time=1314.370..5437.877 rows=1298989 loops=1)
        Filter: (info_type_id = 4)
        Rows Removed by Filter: 13536731
  ->  Hash  (cost=798787.41..798787.41 rows=324 width=8) (actual time=14132.264..14132.264 rows=177 loops=1)
        Buckets: 1024  Batches: 1  Memory Usage: 15kB
        ->  Nested Loop  (cost=0.43..798787.41 rows=324 width=8) (actual time=7551.995..14132.167 rows=177 loops=1)
              ->  Seq Scan on cast_info ci  (cost=0.00..796071.18 rows=324 width=4) (actual time=7551.859..14128.414 rows=177 loops=1)
                    Filter: ((role_id > 1) AND (person_id = 1875511))
                    Rows Removed by Filter: 36244167
              ->  Index Only Scan using title_pkey on title t  (cost=0.43..8.37 rows=1 width=4) (actual time=0.020..0.020 rows=1 loops=177)
                    Index Cond: (id = ci.movie_id)
                    Heap Fetches: 177
Planning time: 1.114 ms
Execution time: 19750.289 ms
