Hash Join  (cost=1156936.94..2110355.92 rows=35753353 width=0) (actual time=17936.102..40431.686 rows=37261380 loops=1)
  Hash Cond: (mi.movie_id = t.id)
  ->  Seq Scan on movie_info mi  (cost=0.00..309384.22 rows=14739122 width=4) (actual time=0.007..6279.441 rows=14835720 loops=1)
  ->  Hash  (cost=1056307.42..1056307.42 rows=6133562 width=8) (actual time=17933.081..17933.081 rows=2607842 loops=1)
        Buckets: 131072  Batches: 128  Memory Usage: 1854kB
        ->  Hash Join  (cost=102767.86..1056307.42 rows=6133562 width=8) (actual time=1924.305..17164.305 rows=2607842 loops=1)
              Hash Cond: (ci.movie_id = t.id)
              ->  Seq Scan on cast_info ci  (cost=0.00..796071.18 rows=6133562 width=4) (actual time=32.605..12718.480 rows=2607842 loops=1)
                    Filter: ((person_id < 914534) AND (role_id > 1))
                    Rows Removed by Filter: 33636502
              ->  Hash  (cost=61283.27..61283.27 rows=2528527 width=4) (actual time=1889.365..1889.365 rows=2528312 loops=1)
                    Buckets: 131072  Batches: 64  Memory Usage: 2415kB
                    ->  Seq Scan on title t  (cost=0.00..61283.27 rows=2528527 width=4) (actual time=0.021..1073.475 rows=2528312 loops=1)
Planning time: 1.003 ms
Execution time: 44287.789 ms
