Seq Scan on cast_info ci  (cost=0.00..796071.18 rows=757507 width=0) (actual time=6797.489..15263.290 rows=396156 loops=1)
  Filter: ((person_id < 3083058) AND (role_id = 5))
  Rows Removed by Filter: 35848188
Planning time: 0.372 ms
Execution time: 15312.897 ms
