Hash Join  (cost=199257.95..1361095.37 rows=12463526 width=0) (actual time=4200.464..44815.368 rows=29178087 loops=1)
  Hash Cond: (ci.movie_id = t.id)
  ->  Seq Scan on cast_info ci  (cost=0.00..614943.12 rows=36225612 width=4) (actual time=0.011..13021.488 rows=36244344 loops=1)
  ->  Hash  (cost=184984.61..184984.61 rows=869947 width=8) (actual time=4199.386..4199.386 rows=864467 loops=1)
        Buckets: 131072  Batches: 16  Memory Usage: 3119kB
        ->  Hash Join  (cost=102767.86..184984.61 rows=869947 width=8) (actual time=1955.978..3957.425 rows=864467 loops=1)
              Hash Cond: (mc.movie_id = t.id)
              ->  Seq Scan on movie_companies mc  (cost=0.00..51404.11 rows=869947 width=4) (actual time=0.023..923.203 rows=864467 loops=1)
                    Filter: (company_id < 2561)
                    Rows Removed by Filter: 1744662
              ->  Hash  (cost=61283.27..61283.27 rows=2528527 width=4) (actual time=1954.712..1954.712 rows=2528312 loops=1)
                    Buckets: 131072  Batches: 64  Memory Usage: 2415kB
                    ->  Seq Scan on title t  (cost=0.00..61283.27 rows=2528527 width=4) (actual time=0.025..1122.872 rows=2528312 loops=1)
Planning time: 0.801 ms
Execution time: 47946.627 ms
