Hash Join  (cost=102767.86..1003049.21 rows=3920257 width=0) (actual time=2209.612..17553.099 rows=2329108 loops=1)
  Hash Cond: (ci.movie_id = t.id)
  ->  Seq Scan on cast_info ci  (cost=0.00..796071.18 rows=3920257 width=4) (actual time=0.053..12938.428 rows=2329108 loops=1)
        Filter: ((person_id < 1135875) AND (role_id > 3))
        Rows Removed by Filter: 33915236
  ->  Hash  (cost=61283.27..61283.27 rows=2528527 width=4) (actual time=2208.017..2208.017 rows=2528312 loops=1)
        Buckets: 131072  Batches: 64  Memory Usage: 2415kB
        ->  Seq Scan on title t  (cost=0.00..61283.27 rows=2528527 width=4) (actual time=0.013..1064.248 rows=2528312 loops=1)
Planning time: 0.815 ms
Execution time: 17834.513 ms
