Hash Join  (cost=128654.33..254504.95 rows=315858 width=0) (actual time=2746.625..6575.846 rows=3131867 loops=1)
  Hash Cond: (mk.movie_id = t.id)
  ->  Seq Scan on movie_keyword mk  (cost=0.00..69693.30 rows=4523930 width=4) (actual time=0.022..1443.443 rows=4523930 loops=1)
  ->  Hash  (cost=125757.58..125757.58 rows=176540 width=8) (actual time=2745.996..2745.996 rows=318269 loops=1)
        Buckets: 131072 (originally 131072)  Batches: 8 (originally 4)  Memory Usage: 3073kB
        ->  Hash Join  (cost=89678.24..125757.58 rows=176540 width=8) (actual time=1629.353..2642.577 rows=318269 loops=1)
              Hash Cond: (mi_idx.movie_id = t.id)
              ->  Seq Scan on movie_info_idx mi_idx  (cost=0.00..25185.44 rows=464934 width=4) (actual time=0.012..472.085 rows=460185 loops=1)
                    Filter: (info_type_id > 100)
                    Rows Removed by Filter: 919850
              ->  Hash  (cost=73925.90..73925.90 rows=960107 width=4) (actual time=1628.291..1628.291 rows=977778 loops=1)
                    Buckets: 131072  Batches: 16  Memory Usage: 3172kB
                    ->  Seq Scan on title t  (cost=0.00..73925.90 rows=960107 width=4) (actual time=0.023..1329.038 rows=977778 loops=1)
                          Filter: ((kind_id < 7) AND (production_year > 0))
                          Rows Removed by Filter: 1550534
Planning time: 0.808 ms
Execution time: 6886.553 ms
