Seq Scan on cast_info ci  (cost=0.00..705507.15 rows=14406183 width=0) (actual time=0.017..11998.140 rows=14335932 loops=1)
  Filter: (person_id < 1411591)
  Rows Removed by Filter: 21908412
Planning time: 0.315 ms
Execution time: 13737.802 ms
