Hash Join  (cost=68257.79..155850.77 rows=93494 width=0) (actual time=2898.066..7543.672 rows=108792 loops=1)
  Hash Cond: (mk.movie_id = t.id)
  ->  Seq Scan on movie_keyword mk  (cost=0.00..69693.30 rows=4523930 width=4) (actual time=0.023..3372.394 rows=4523930 loops=1)
  ->  Hash  (cost=67604.59..67604.59 rows=52256 width=4) (actual time=2897.666..2897.666 rows=53013 loops=1)
        Buckets: 65536  Batches: 1  Memory Usage: 2376kB
        ->  Seq Scan on title t  (cost=0.00..67604.59 rows=52256 width=4) (actual time=0.022..2874.535 rows=53013 loops=1)
              Filter: (production_year = 2000)
              Rows Removed by Filter: 2475299
Planning time: 0.664 ms
Execution time: 7559.349 ms
