Hash Join  (cost=182100.35..299914.65 rows=925910 width=0) (actual time=4023.745..7332.371 rows=3739668 loops=1)
  Hash Cond: (mk.movie_id = t.id)
  ->  Seq Scan on movie_keyword mk  (cost=0.00..81003.12 rows=1984022 width=4) (actual time=0.014..1484.735 rows=1983992 loops=1)
        Filter: (keyword_id < 3510)
        Rows Removed by Filter: 2539938
  ->  Hash  (cost=162740.07..162740.07 rows=1180022 width=8) (actual time=4022.376..4022.376 rows=1209704 loops=1)
        Buckets: 131072  Batches: 16  Memory Usage: 4000kB
        ->  Hash Join  (cost=103076.32..162740.07 rows=1180022 width=8) (actual time=1904.462..3665.106 rows=1209704 loops=1)
              Hash Cond: (mi_idx.movie_id = t.id)
              ->  Seq Scan on movie_info_idx mi_idx  (cost=0.00..21735.35 rows=1380035 width=4) (actual time=0.015..411.549 rows=1380035 loops=1)
              ->  Hash  (cost=67604.59..67604.59 rows=2162059 width=4) (actual time=1903.254..1903.254 rows=2159747 loops=1)
                    Buckets: 131072  Batches: 32  Memory Usage: 3400kB
                    ->  Seq Scan on title t  (cost=0.00..67604.59 rows=2162059 width=4) (actual time=0.007..1234.150 rows=2159747 loops=1)
                          Filter: (production_year > 1964)
                          Rows Removed by Filter: 368565
Planning time: 1.095 ms
Execution time: 7723.206 ms
