Hash Join  (cost=230233.28..735478.03 rows=3404818 width=0) (actual time=6953.336..36737.500 rows=89954353 loops=1)
  Hash Cond: (mi.movie_id = t.id)
  ->  Seq Scan on movie_info mi  (cost=0.00..346232.03 rows=9476311 width=4) (actual time=14.333..6709.951 rows=9565151 loops=1)
        Filter: (info_type_id < 16)
        Rows Removed by Filter: 5270569
  ->  Hash  (cost=215328.11..215328.11 rows=908494 width=8) (actual time=6822.803..6822.803 rows=2619657 loops=1)
        Buckets: 131072 (originally 131072)  Batches: 64 (originally 16)  Memory Usage: 3073kB
        ->  Hash Join  (cost=82257.13..215328.11 rows=908494 width=8) (actual time=1466.379..5488.125 rows=2619657 loops=1)
              Hash Cond: (mk.movie_id = t.id)
              ->  Seq Scan on movie_keyword mk  (cost=0.00..69693.30 rows=4523930 width=4) (actual time=0.026..1459.013 rows=4523930 loops=1)
              ->  Hash  (cost=73925.90..73925.90 rows=507778 width=4) (actual time=1465.449..1465.449 rows=524129 loops=1)
                    Buckets: 131072  Batches: 8  Memory Usage: 3348kB
                    ->  Seq Scan on title t  (cost=0.00..73925.90 rows=507778 width=4) (actual time=0.026..1294.943 rows=524129 loops=1)
                          Filter: ((production_year < 2010) AND (kind_id = 1))
                          Rows Removed by Filter: 2004183
Planning time: 1.208 ms
Execution time: 45725.887 ms
