Seq Scan on movie_companies mc  (cost=0.00..57926.93 rows=247447 width=0) (actual time=825.323..2602.830 rows=488604 loops=1)
  Filter: ((company_id > 74784) AND (company_type_id = 2))
  Rows Removed by Filter: 2120525
Planning time: 0.391 ms
Execution time: 2675.151 ms
