Seq Scan on movie_keyword mk  (cost=0.00..81003.12 rows=2177903 width=0) (actual time=0.020..1467.378 rows=2178642 loops=1)
  Filter: (keyword_id > 5228)
  Rows Removed by Filter: 2345288
Planning time: 0.349 ms
Execution time: 1737.004 ms
