Hash Join  (cost=141613.48..266173.50 rows=209898 width=0) (actual time=2886.185..5757.955 rows=616108 loops=1)
  Hash Cond: (mk.movie_id = t.id)
  ->  Seq Scan on movie_keyword mk  (cost=0.00..69693.30 rows=4523930 width=4) (actual time=0.014..1424.908 rows=4523930 loops=1)
  ->  Hash  (cost=139688.02..139688.02 rows=117317 width=8) (actual time=2883.909..2883.909 rows=63157 loops=1)
        Buckets: 131072  Batches: 2  Memory Usage: 2273kB
        ->  Hash Join  (cost=71408.55..139688.02 rows=117317 width=8) (actual time=1427.781..2859.738 rows=63157 loops=1)
              Hash Cond: (mc.movie_id = t.id)
              ->  Seq Scan on movie_companies mc  (cost=0.00..51404.11 rows=1279517 width=4) (actual time=197.183..1057.261 rows=1274246 loops=1)
                    Filter: (company_type_id = 1)
                    Rows Removed by Filter: 1334883
              ->  Hash  (cost=67604.59..67604.59 rows=231837 width=4) (actual time=1229.608..1229.608 rows=231649 loops=1)
                    Buckets: 131072  Batches: 4  Memory Usage: 3076kB
                    ->  Seq Scan on title t  (cost=0.00..67604.59 rows=231837 width=4) (actual time=0.029..1146.120 rows=231649 loops=1)
                          Filter: (production_year > 2011)
                          Rows Removed by Filter: 2296663
Planning time: 2.662 ms
Execution time: 5830.586 ms
