Seq Scan on movie_keyword mk  (cost=0.00..81003.12 rows=246 width=0) (actual time=1.510..1243.129 rows=371 loops=1)
  Filter: (keyword_id = 4783)
  Rows Removed by Filter: 4523559
Planning time: 0.365 ms
Execution time: 1243.387 ms
