Hash Join  (cost=311108.33..1817505.50 rows=35484137 width=0) (actual time=7007.236..66150.267 rows=116735020 loops=1)
  Hash Cond: (ci.movie_id = t.id)
  ->  Seq Scan on cast_info ci  (cost=0.00..705507.15 rows=30912743 width=4) (actual time=0.013..16916.770 rows=31023887 loops=1)
        Filter: (person_id > 504891)
        Rows Removed by Filter: 5220457
  ->  Hash  (cost=263489.75..263489.75 rows=2902447 width=8) (actual time=7005.962..7005.962 rows=2892837 loops=1)
        Buckets: 131072  Batches: 64  Memory Usage: 2808kB
        ->  Hash Join  (cost=102767.86..263489.75 rows=2902447 width=8) (actual time=1972.522..6215.853 rows=2892837 loops=1)
              Hash Cond: (mk.movie_id = t.id)
              ->  Seq Scan on movie_keyword mk  (cost=0.00..81003.12 rows=2902447 width=4) (actual time=0.014..1731.252 rows=2892837 loops=1)
                    Filter: (keyword_id < 9117)
                    Rows Removed by Filter: 1631093
              ->  Hash  (cost=61283.27..61283.27 rows=2528527 width=4) (actual time=1970.168..1970.168 rows=2528312 loops=1)
                    Buckets: 131072  Batches: 64  Memory Usage: 2425kB
                    ->  Seq Scan on title t  (cost=0.00..61283.27 rows=2528527 width=4) (actual time=0.017..1098.373 rows=2528312 loops=1)
Planning time: 1.142 ms
Execution time: 77961.069 ms
