Seq Scan on cast_info ci  (cost=0.00..796071.18 rows=12488855 width=0) (actual time=0.012..14624.660 rows=6474859 loops=1)
  Filter: ((person_id < 1913129) AND (role_id > 1))
  Rows Removed by Filter: 29769485
Planning time: 0.358 ms
Execution time: 15436.308 ms
