Hash Join  (cost=102767.86..197926.41 rows=177688 width=0) (actual time=2005.613..3780.766 rows=175293 loops=1)
  Hash Cond: (mk.movie_id = t.id)
  ->  Seq Scan on movie_keyword mk  (cost=0.00..81003.12 rows=177688 width=4) (actual time=0.019..1242.366 rows=175293 loops=1)
        Filter: (keyword_id > 71892)
        Rows Removed by Filter: 4348637
  ->  Hash  (cost=61283.27..61283.27 rows=2528527 width=4) (actual time=2003.526..2003.526 rows=2528312 loops=1)
        Buckets: 131072  Batches: 64  Memory Usage: 2425kB
        ->  Seq Scan on title t  (cost=0.00..61283.27 rows=2528527 width=4) (actual time=0.020..1147.147 rows=2528312 loops=1)
Planning time: 0.593 ms
Execution time: 3801.242 ms
