Hash Join  (cost=74006.08..156719.48 rows=1149 width=0) (actual time=1128.128..2527.364 rows=2931 loops=1)
  Hash Cond: (mk.movie_id = t.id)
  ->  Seq Scan on movie_keyword mk  (cost=0.00..81003.12 rows=453008 width=4) (actual time=0.022..1294.204 rows=465401 loops=1)
        Filter: (keyword_id < 355)
        Rows Removed by Filter: 4058529
  ->  Hash  (cost=73925.90..73925.90 rows=6414 width=4) (actual time=1127.544..1127.544 rows=7736 loops=1)
        Buckets: 8192  Batches: 1  Memory Usage: 336kB
        ->  Seq Scan on title t  (cost=0.00..73925.90 rows=6414 width=4) (actual time=0.043..1124.075 rows=7736 loops=1)
              Filter: ((kind_id = 4) AND (production_year = 2010))
              Rows Removed by Filter: 2520576
Planning time: 0.806 ms
Execution time: 2528.109 ms
