Hash Join  (cost=77339.01..570082.99 rows=1212506 width=0) (actual time=1250.756..13724.172 rows=566964 loops=1)
  Hash Cond: (mi.movie_id = t.id)
  ->  Seq Scan on movie_info mi  (cost=0.00..309384.22 rows=14739122 width=4) (actual time=0.022..6148.754 rows=14835720 loops=1)
  ->  Hash  (cost=73925.90..73925.90 rows=208008 width=4) (actual time=1247.940..1247.940 rows=104154 loops=1)
        Buckets: 131072  Batches: 4  Memory Usage: 1942kB
        ->  Seq Scan on title t  (cost=0.00..73925.90 rows=208008 width=4) (actual time=0.032..1209.617 rows=104154 loops=1)
              Filter: ((production_year < 1968) AND (kind_id = 7))
              Rows Removed by Filter: 2424158
Planning time: 0.771 ms
Execution time: 13786.144 ms
