Hash Join  (cost=157631.36..1242693.08 rows=2286317 width=0) (actual time=3247.022..33073.813 rows=6718724 loops=1)
  Hash Cond: (ci.movie_id = t.id)
  ->  Seq Scan on cast_info ci  (cost=0.00..705507.15 rows=30785440 width=4) (actual time=0.014..15541.818 rows=30734867 loops=1)
        Filter: (person_id < 3102771)
        Rows Removed by Filter: 5509477
  ->  Hash  (cost=154550.06..154550.06 rows=187784 width=8) (actual time=3246.162..3246.162 rows=236838 loops=1)
        Buckets: 131072  Batches: 4  Memory Usage: 3307kB
        ->  Hash Join  (cost=76911.69..154550.06 rows=187784 width=8) (actual time=1118.965..3168.416 rows=236838 loops=1)
              Hash Cond: (mc.movie_id = t.id)
              ->  Seq Scan on movie_companies mc  (cost=0.00..44881.29 rows=2609129 width=4) (actual time=0.017..857.012 rows=2609129 loops=1)
              ->  Hash  (cost=73925.90..73925.90 rows=181983 width=4) (actual time=1118.238..1118.238 rows=161370 loops=1)
                    Buckets: 131072  Batches: 4  Memory Usage: 2449kB
                    ->  Seq Scan on title t  (cost=0.00..73925.90 rows=181983 width=4) (actual time=0.028..1063.010 rows=161370 loops=1)
                          Filter: ((kind_id < 4) AND (production_year > 2009))
                          Rows Removed by Filter: 2366942
Planning time: 1.211 ms
Execution time: 33788.896 ms
