Hash Join  (cost=272401.25..1637881.12 rows=27879269 width=0) (actual time=5977.244..60822.730 rows=94718494 loops=1)
  Hash Cond: (ci.movie_id = t.id)
  ->  Seq Scan on cast_info ci  (cost=0.00..614943.12 rows=36225612 width=4) (actual time=0.010..12753.054 rows=36244344 loops=1)
  ->  Hash  (cost=240474.78..240474.78 rows=1945957 width=8) (actual time=5975.879..5975.879 rows=1954346 loops=1)
        Buckets: 131072  Batches: 32  Memory Usage: 3397kB
        ->  Hash Join  (cost=102767.86..240474.78 rows=1945957 width=8) (actual time=1956.083..5401.629 rows=1954346 loops=1)
              Hash Cond: (mk.movie_id = t.id)
              ->  Seq Scan on movie_keyword mk  (cost=0.00..81003.12 rows=1945957 width=4) (actual time=0.016..1485.664 rows=1954346 loops=1)
                    Filter: (keyword_id > 6568)
                    Rows Removed by Filter: 2569584
              ->  Hash  (cost=61283.27..61283.27 rows=2528527 width=4) (actual time=1954.017..1954.017 rows=2528312 loops=1)
                    Buckets: 131072  Batches: 64  Memory Usage: 2425kB
                    ->  Seq Scan on title t  (cost=0.00..61283.27 rows=2528527 width=4) (actual time=0.007..1100.154 rows=2528312 loops=1)
Planning time: 0.704 ms
Execution time: 70793.489 ms
