Hash Join  (cost=83743.23..824795.69 rows=564140 width=0) (actual time=1279.474..14113.448 rows=502052 loops=1)
  Hash Cond: (ci.movie_id = t.id)
  ->  Seq Scan on cast_info ci  (cost=0.00..705507.15 rows=2383977 width=4) (actual time=0.020..11237.961 rows=2321957 loops=1)
        Filter: (person_id < 226278)
        Rows Removed by Filter: 33922387
  ->  Hash  (cost=73925.90..73925.90 rows=598346 width=4) (actual time=1278.492..1278.492 rows=507407 loops=1)
        Buckets: 131072  Batches: 8  Memory Usage: 3251kB
        ->  Seq Scan on title t  (cost=0.00..73925.90 rows=598346 width=4) (actual time=0.018..1116.058 rows=507407 loops=1)
              Filter: ((kind_id < 7) AND (production_year > 1997))
              Rows Removed by Filter: 2020905
Planning time: 0.733 ms
Execution time: 14178.083 ms
