Hash Join  (cost=74485.76..161945.12 rows=80133 width=0) (actual time=1206.204..3131.043 rows=59349 loops=1)
  Hash Cond: (mk.movie_id = t.id)
  ->  Seq Scan on movie_keyword mk  (cost=0.00..69693.30 rows=4523930 width=4) (actual time=0.016..1021.341 rows=4523930 loops=1)
  ->  Hash  (cost=73925.90..73925.90 rows=44788 width=4) (actual time=1205.824..1205.824 rows=52864 loops=1)
        Buckets: 65536  Batches: 1  Memory Usage: 2371kB
        ->  Seq Scan on title t  (cost=0.00..73925.90 rows=44788 width=4) (actual time=0.016..1183.210 rows=52864 loops=1)
              Filter: ((kind_id > 1) AND (production_year = 2002))
              Rows Removed by Filter: 2475448
Planning time: 0.722 ms
Execution time: 3139.079 ms
