Hash Join  (cost=159884.90..992460.73 rows=23319 width=0) (actual time=2649.484..17777.401 rows=230315 loops=1)
  Hash Cond: (ci.movie_id = t.id)
  ->  Seq Scan on cast_info ci  (cost=0.00..796071.18 rows=9672389 width=4) (actual time=0.024..13283.179 rows=10805871 loops=1)
        Filter: ((person_id < 1123767) AND (role_id < 9))
        Rows Removed by Filter: 25438473
  ->  Hash  (cost=159808.70..159808.70 rows=6096 width=8) (actual time=2649.200..2649.200 rows=11613 loops=1)
        Buckets: 16384 (originally 8192)  Batches: 1 (originally 1)  Memory Usage: 582kB
        ->  Hash Join  (cost=74080.83..159808.70 rows=6096 width=8) (actual time=1121.282..2644.773 rows=11613 loops=1)
              Hash Cond: (mk.movie_id = t.id)
              ->  Seq Scan on movie_keyword mk  (cost=0.00..81003.12 rows=1243676 width=4) (actual time=0.044..1353.842 rows=1256361 loops=1)
                    Filter: (keyword_id > 14313)
                    Rows Removed by Filter: 3267569
              ->  Hash  (cost=73925.90..73925.90 rows=12394 width=4) (actual time=1079.773..1079.773 rows=7075 loops=1)
                    Buckets: 16384  Batches: 1  Memory Usage: 377kB
                    ->  Seq Scan on title t  (cost=0.00..73925.90 rows=12394 width=4) (actual time=487.619..1076.667 rows=7075 loops=1)
                          Filter: ((kind_id = 1) AND (production_year = 1998))
                          Rows Removed by Filter: 2521237
Planning time: 1.279 ms
Execution time: 17807.781 ms
