Hash Join  (cost=82012.37..177825.99 rows=185861 width=0) (actual time=2049.074..3099.525 rows=32848 loops=1)
  Hash Cond: (mk.movie_id = t.id)
  ->  Seq Scan on movie_keyword mk  (cost=0.00..81003.12 rows=953569 width=4) (actual time=0.029..1331.803 rows=954647 loops=1)
        Filter: (keyword_id < 894)
        Rows Removed by Filter: 3569283
  ->  Hash  (cost=73925.90..73925.90 rows=492837 width=4) (actual time=1268.247..1268.247 rows=379345 loops=1)
        Buckets: 131072  Batches: 8  Memory Usage: 2683kB
        ->  Seq Scan on title t  (cost=0.00..73925.90 rows=492837 width=4) (actual time=0.024..1136.777 rows=379345 loops=1)
              Filter: ((production_year < 1995) AND (kind_id = 7))
              Rows Removed by Filter: 2148967
Planning time: 0.727 ms
Execution time: 3104.101 ms
