Seq Scan on cast_info ci  (cost=0.00..796071.18 rows=8325366 width=0) (actual time=7210.192..12596.345 rows=4984795 loops=1)
  Filter: ((person_id > 2615046) AND (role_id < 6))
  Rows Removed by Filter: 31259549
Planning time: 0.391 ms
Execution time: 13209.528 ms
