Hash Join  (cost=83810.17..923601.92 rows=1006621 width=0) (actual time=4738.864..19377.351 rows=2803437 loops=1)
  Hash Cond: (ci.movie_id = t.id)
  ->  Seq Scan on cast_info ci  (cost=0.00..796071.18 rows=2576894 width=4) (actual time=3183.029..13213.871 rows=6672556 loops=1)
        Filter: ((person_id > 2908114) AND (role_id > 3))
        Rows Removed by Filter: 29571788
  ->  Hash  (cost=67604.59..67604.59 rows=987727 width=4) (actual time=1554.853..1554.853 rows=985048 loops=1)
        Buckets: 131072  Batches: 16  Memory Usage: 3188kB
        ->  Seq Scan on title t  (cost=0.00..67604.59 rows=987727 width=4) (actual time=0.027..1247.709 rows=985048 loops=1)
              Filter: (kind_id < 7)
              Rows Removed by Filter: 1543264
Planning time: 1.691 ms
Execution time: 19721.715 ms
