Seq Scan on movie_companies mc  (cost=0.00..51404.11 rows=1101956 width=0) (actual time=0.134..859.056 rows=1113828 loops=1)
  Filter: (company_id > 13874)
  Rows Removed by Filter: 1495301
Planning time: 0.298 ms
Execution time: 999.767 ms
