Seq Scan on movie_keyword mk  (cost=0.00..81003.12 rows=246 width=0) (actual time=216.299..3576.453 rows=15 loops=1)
  Filter: (keyword_id = 16092)
  Rows Removed by Filter: 4523915
Planning time: 0.372 ms
Execution time: 3576.574 ms
