Hash Join  (cost=158250.08..917266.82 rows=188525 width=0) (actual time=2854.255..16106.256 rows=197595 loops=1)
  Hash Cond: (ci.movie_id = t.id)
  ->  Seq Scan on cast_info ci  (cost=0.00..705507.15 rows=3992665 width=4) (actual time=0.018..11865.372 rows=3871321 loops=1)
        Filter: (person_id < 370728)
        Rows Removed by Filter: 32373023
  ->  Hash  (cost=156290.68..156290.68 rows=119392 width=8) (actual time=2851.779..2851.779 rows=44223 loops=1)
        Buckets: 131072  Batches: 2  Memory Usage: 1894kB
        ->  Hash Join  (cost=68438.72..156290.68 rows=119392 width=8) (actual time=953.139..2833.425 rows=44223 loops=1)
              Hash Cond: (mk.movie_id = t.id)
              ->  Seq Scan on movie_keyword mk  (cost=0.00..69693.30 rows=4523930 width=4) (actual time=0.015..1001.283 rows=4523930 loops=1)
              ->  Hash  (cost=67604.59..67604.59 rows=66731 width=4) (actual time=952.253..952.253 rows=67342 loops=1)
                    Buckets: 131072  Batches: 1  Memory Usage: 3392kB
                    ->  Seq Scan on title t  (cost=0.00..67604.59 rows=66731 width=4) (actual time=0.032..923.487 rows=67342 loops=1)
                          Filter: (production_year > 2012)
                          Rows Removed by Filter: 2460970
Planning time: 1.170 ms
Execution time: 16129.710 ms
