Seq Scan on cast_info ci  (cost=0.00..705507.15 rows=500 width=0) (actual time=1506.322..10945.319 rows=55 loops=1)
  Filter: (person_id = 2092016)
  Rows Removed by Filter: 36244289
Planning time: 0.346 ms
Execution time: 10945.430 ms
