Hash Join  (cost=83073.82..109984.97 rows=67 width=0) (actual time=1254.797..1760.130 rows=96 loops=1)
  Hash Cond: (mi_idx.movie_id = t.id)
  ->  Seq Scan on movie_info_idx mi_idx  (cost=0.00..21735.35 rows=1380035 width=4) (actual time=0.014..265.819 rows=1380035 loops=1)
  ->  Hash  (cost=83072.29..83072.29 rows=123 width=8) (actual time=1242.496..1242.496 rows=46 loops=1)
        Buckets: 1024  Batches: 1  Memory Usage: 10kB
        ->  Nested Loop  (cost=0.43..83072.29 rows=123 width=8) (actual time=22.208..1242.404 rows=46 loops=1)
              ->  Seq Scan on movie_keyword mk  (cost=0.00..81003.12 rows=246 width=4) (actual time=22.159..1233.613 rows=69 loops=1)
                    Filter: (keyword_id = 3041)
                    Rows Removed by Filter: 4523861
              ->  Index Scan using title_pkey on title t  (cost=0.43..8.40 rows=1 width=4) (actual time=0.122..0.122 rows=1 loops=69)
                    Index Cond: (id = mk.movie_id)
                    Filter: (production_year > 2002)
                    Rows Removed by Filter: 0
Planning time: 1.279 ms
Execution time: 1760.317 ms
