Seq Scan on movie_keyword mk  (cost=0.00..81003.12 rows=1821557 width=0) (actual time=0.014..1403.107 rows=1827282 loops=1)
  Filter: (keyword_id < 3004)
  Rows Removed by Filter: 2696648
Planning time: 0.412 ms
Execution time: 1624.930 ms
