Hash Join  (cost=102069.17..936620.59 rows=107124 width=0) (actual time=3585.595..20753.774 rows=380560 loops=1)
  Hash Cond: (ci.movie_id = t.id)
  ->  Seq Scan on cast_info ci  (cost=0.00..796071.18 rows=9975738 width=4) (actual time=1741.322..15790.401 rows=12670688 loops=1)
        Filter: ((person_id < 2895769) AND (role_id = 1))
        Rows Removed by Filter: 23573656
  ->  Hash  (cost=101729.77..101729.77 rows=27152 width=8) (actual time=1843.988..1843.988 rows=39721 loops=1)
        Buckets: 65536 (originally 32768)  Batches: 1 (originally 1)  Memory Usage: 2064kB
        ->  Hash Join  (cost=74547.77..101729.77 rows=27152 width=8) (actual time=1135.944..1830.272 rows=39721 loops=1)
              Hash Cond: (mi_idx.movie_id = t.id)
              ->  Seq Scan on movie_info_idx mi_idx  (cost=0.00..21735.35 rows=1380035 width=4) (actual time=0.010..349.544 rows=1380035 loops=1)
              ->  Hash  (cost=73925.90..73925.90 rows=49749 width=4) (actual time=1135.605..1135.605 rows=44012 loops=1)
                    Buckets: 65536  Batches: 1  Memory Usage: 2060kB
                    ->  Seq Scan on title t  (cost=0.00..73925.90 rows=49749 width=4) (actual time=0.040..1117.712 rows=44012 loops=1)
                          Filter: ((kind_id < 7) AND (production_year = 2009))
                          Rows Removed by Filter: 2484300
Planning time: 1.232 ms
Execution time: 20805.558 ms
