Hash Join  (cost=92883.59..179838.24 rows=741584 width=0) (actual time=1803.462..3999.789 rows=370336 loops=1)
  Hash Cond: (mc.movie_id = t.id)
  ->  Seq Scan on movie_companies mc  (cost=0.00..57926.93 rows=1216975 width=4) (actual time=0.017..1267.536 rows=1284305 loops=1)
        Filter: ((company_id > 73) AND (company_type_id > 1))
        Rows Removed by Filter: 1324824
  ->  Hash  (cost=67604.59..67604.59 rows=1540800 width=4) (actual time=1802.385..1802.385 rows=1543264 loops=1)
        Buckets: 131072  Batches: 32  Memory Usage: 2722kB
        ->  Seq Scan on title t  (cost=0.00..67604.59 rows=1540800 width=4) (actual time=169.424..1310.397 rows=1543264 loops=1)
              Filter: (kind_id = 7)
              Rows Removed by Filter: 985048
Planning time: 4.529 ms
Execution time: 4040.044 ms
