Seq Scan on cast_info ci  (cost=0.00..796071.18 rows=8503698 width=0) (actual time=3092.319..14780.446 rows=4053571 loops=1)
  Filter: ((person_id > 1173793) AND (role_id < 2))
  Rows Removed by Filter: 32190773
Planning time: 0.351 ms
Execution time: 15276.417 ms
