Hash Join  (cost=987487.30..3179909.35 rows=89503999 width=0) (actual time=25100.773..107958.806 rows=216348605 loops=1)
  Hash Cond: (ci.movie_id = t.id)
  ->  Seq Scan on cast_info ci  (cost=0.00..796071.18 rows=16043393 width=4) (actual time=288.419..17248.601 rows=15742499 loops=1)
        Filter: ((person_id < 3991369) AND (role_id > 2))
        Rows Removed by Filter: 20501845
  ->  Hash  (cost=756055.26..756055.26 rows=14106323 width=8) (actual time=24810.898..24810.898 rows=14324477 loops=1)
        Buckets: 131072  Batches: 256  Memory Usage: 3188kB
        ->  Hash Join  (cost=107308.20..756055.26 rows=14106323 width=8) (actual time=2167.369..20799.908 rows=14324477 loops=1)
              Hash Cond: (mi.movie_id = t.id)
              ->  Seq Scan on movie_info mi  (cost=0.00..309384.22 rows=14739122 width=4) (actual time=0.019..6045.866 rows=14835720 loops=1)
              ->  Hash  (cost=67604.59..67604.59 rows=2419969 width=4) (actual time=2166.211..2166.211 rows=2413398 loops=1)
                    Buckets: 131072  Batches: 32  Memory Usage: 3686kB
                    ->  Seq Scan on title t  (cost=0.00..67604.59 rows=2419969 width=4) (actual time=0.022..1381.087 rows=2413398 loops=1)
                          Filter: (production_year > 1912)
                          Rows Removed by Filter: 114914
Planning time: 3.723 ms
Execution time: 130577.068 ms
