Hash Join  (cost=73998.02..136287.32 rows=2638 width=0) (actual time=3082.475..6638.133 rows=5277 loops=1)
  Hash Cond: (mc.movie_id = t.id)
  ->  Seq Scan on movie_companies mc  (cost=0.00..57926.93 rows=1156264 width=4) (actual time=0.018..3249.173 rows=1085904 loops=1)
        Filter: ((company_id > 114) AND (company_type_id < 2))
        Rows Removed by Filter: 1523225
  ->  Hash  (cost=73925.90..73925.90 rows=5769 width=4) (actual time=3082.367..3082.367 rows=7749 loops=1)
        Buckets: 8192  Batches: 1  Memory Usage: 337kB
        ->  Seq Scan on title t  (cost=0.00..73925.90 rows=5769 width=4) (actual time=0.019..3069.044 rows=7749 loops=1)
              Filter: ((kind_id = 4) AND (production_year = 2009))
              Rows Removed by Filter: 2520563
Planning time: 0.862 ms
Execution time: 6639.216 ms
