Seq Scan on movie_info mi  (cost=0.00..346232.03 rows=9293409 width=75) (actual time=0.013..7225.019 rows=9425200 loops=1)
  Filter: (info_type_id > 5)
  Rows Removed by Filter: 5410520
Planning time: 0.612 ms
Execution time: 7758.489 ms
