Hash Join  (cost=797489.39..883065.94 rows=36 width=0) (actual time=13834.215..14914.543 rows=51 loops=1)
  Hash Cond: (mk.movie_id = t.id)
  ->  Seq Scan on movie_keyword mk  (cost=0.00..81003.12 rows=1219484 width=4) (actual time=0.023..1416.977 rows=1225753 loops=1)
        Filter: (keyword_id < 1556)
        Rows Removed by Filter: 3298177
  ->  Hash  (cost=797488.46..797488.46 rows=74 width=8) (actual time=13325.680..13325.680 rows=13 loops=1)
        Buckets: 1024  Batches: 1  Memory Usage: 9kB
        ->  Nested Loop  (cost=0.43..797488.46 rows=74 width=8) (actual time=5206.033..13325.600 rows=13 loops=1)
              ->  Seq Scan on cast_info ci  (cost=0.00..796071.18 rows=168 width=4) (actual time=5205.950..13325.128 rows=19 loops=1)
                    Filter: ((role_id > 3) AND (person_id = 2786833))
                    Rows Removed by Filter: 36244325
              ->  Index Scan using title_pkey on title t  (cost=0.43..8.43 rows=1 width=4) (actual time=0.020..0.021 rows=1 loops=19)
                    Index Cond: (id = ci.movie_id)
                    Filter: (production_year > 2004)
                    Rows Removed by Filter: 0
Planning time: 3.422 ms
Execution time: 14914.734 ms
