Seq Scan on cast_info ci  (cost=0.00..796071.18 rows=7369624 width=0) (actual time=0.019..14074.999 rows=10965034 loops=1)
  Filter: ((person_id > 1967323) AND (role_id > 2))
  Rows Removed by Filter: 25279310
Planning time: 0.372 ms
Execution time: 15370.668 ms
