Hash Join  (cost=92883.59..1146839.22 rows=8117852 width=0) (actual time=1766.723..29654.655 rows=8555886 loops=1)
  Hash Cond: (ci.movie_id = t.id)
  ->  Seq Scan on cast_info ci  (cost=0.00..796071.18 rows=13321786 width=4) (actual time=0.018..17668.403 rows=14349721 loops=1)
        Filter: ((person_id > 612003) AND (role_id > 2))
        Rows Removed by Filter: 21894623
  ->  Hash  (cost=67604.59..67604.59 rows=1540800 width=4) (actual time=1765.648..1765.648 rows=1543264 loops=1)
        Buckets: 131072  Batches: 32  Memory Usage: 2722kB
        ->  Seq Scan on title t  (cost=0.00..67604.59 rows=1540800 width=4) (actual time=0.011..1282.461 rows=1543264 loops=1)
              Filter: (kind_id = 7)
              Rows Removed by Filter: 985048
Planning time: 0.649 ms
Execution time: 30621.381 ms
