Hash Join  (cost=214983.36..991536.04 rows=1989965 width=0) (actual time=15350.874..22898.247 rows=4453553 loops=1)
  Hash Cond: (ci.movie_id = t.id)
  ->  Seq Scan on cast_info ci  (cost=0.00..705507.15 rows=3998100 width=4) (actual time=9711.558..12980.190 rows=4008037 loops=1)
        Filter: (role_id = 3)
        Rows Removed by Filter: 32236307
  ->  Hash  (cost=194334.89..194334.89 rows=1258518 width=8) (actual time=5638.136..5638.136 rows=1251345 loops=1)
        Buckets: 131072  Batches: 32  Memory Usage: 2518kB
        ->  Hash Join  (cost=102767.86..194334.89 rows=1258518 width=8) (actual time=2026.876..5291.746 rows=1251345 loops=1)
              Hash Cond: (mc.movie_id = t.id)
              ->  Seq Scan on movie_companies mc  (cost=0.00..51404.11 rows=1258518 width=4) (actual time=0.030..1106.293 rows=1251345 loops=1)
                    Filter: (company_id < 11153)
                    Rows Removed by Filter: 1357784
              ->  Hash  (cost=61283.27..61283.27 rows=2528527 width=4) (actual time=2025.674..2025.674 rows=2528312 loops=1)
                    Buckets: 131072  Batches: 64  Memory Usage: 2415kB
                    ->  Seq Scan on title t  (cost=0.00..61283.27 rows=2528527 width=4) (actual time=0.020..1173.005 rows=2528312 loops=1)
Planning time: 2.741 ms
Execution time: 23456.025 ms
