Hash Join  (cost=194824.48..721311.80 rows=4374940 width=0) (actual time=4850.550..21139.082 rows=7324682 loops=1)
  Hash Cond: (mi.movie_id = t.id)
  ->  Seq Scan on movie_info mi  (cost=0.00..309384.22 rows=14739122 width=4) (actual time=0.012..6313.905 rows=14835720 loops=1)
  ->  Hash  (cost=182510.85..182510.85 rows=750530 width=8) (actual time=4849.142..4849.142 rows=490621 loops=1)
        Buckets: 131072  Batches: 16  Memory Usage: 2217kB
        ->  Hash Join  (cost=96356.06..182510.85 rows=750530 width=8) (actual time=1990.732..4705.618 rows=490621 loops=1)
              Hash Cond: (mc.movie_id = t.id)
              ->  Seq Scan on movie_companies mc  (cost=0.00..57926.93 rows=1082911 width=4) (actual time=0.016..1290.612 rows=847444 loops=1)
                    Filter: ((company_id < 74852) AND (company_type_id = 2))
                    Rows Removed by Filter: 1761685
              ->  Hash  (cost=67604.59..67604.59 rows=1752438 width=4) (actual time=1989.374..1989.374 rows=1749032 loops=1)
                    Buckets: 131072  Batches: 32  Memory Usage: 2950kB
                    ->  Seq Scan on title t  (cost=0.00..67604.59 rows=1752438 width=4) (actual time=1.177..1406.140 rows=1749032 loops=1)
                          Filter: (production_year > 1990)
                          Rows Removed by Filter: 779280
Planning time: 1.201 ms
Execution time: 21991.872 ms
