Hash Join  (cost=130059.46..634071.62 rows=2268525 width=0) (actual time=3102.731..18577.931 rows=7814449 loops=1)
  Hash Cond: (mi.movie_id = t.id)
  ->  Seq Scan on movie_info mi  (cost=0.00..309384.22 rows=14739122 width=4) (actual time=0.018..6639.916 rows=14835720 loops=1)
  ->  Hash  (cost=123673.83..123673.83 rows=389170 width=8) (actual time=3101.866..3101.866 rows=469277 loops=1)
        Buckets: 131072  Batches: 8  Memory Usage: 3331kB
        ->  Hash Join  (cost=79303.65..123673.83 rows=389170 width=8) (actual time=1587.915..2962.535 rows=469277 loops=1)
              Hash Cond: (mi_idx.movie_id = t.id)
              ->  Seq Scan on movie_info_idx mi_idx  (cost=0.00..21735.35 rows=1380035 width=4) (actual time=0.014..487.828 rows=1380035 loops=1)
              ->  Hash  (cost=67604.59..67604.59 rows=713045 width=4) (actual time=1586.399..1586.399 rows=707186 loops=1)
                    Buckets: 131072  Batches: 16  Memory Usage: 2578kB
                    ->  Seq Scan on title t  (cost=0.00..67604.59 rows=713045 width=4) (actual time=0.018..1354.416 rows=707186 loops=1)
                          Filter: (production_year < 1991)
                          Rows Removed by Filter: 1821126
Planning time: 1.068 ms
Execution time: 19474.176 ms
