Hash Join  (cost=74434.21..891630.58 rows=459289 width=0) (actual time=1136.457..23453.568 rows=417566 loops=1)
  Hash Cond: (ci.movie_id = t.id)
  ->  Seq Scan on cast_info ci  (cost=0.00..705507.15 rows=28559022 width=4) (actual time=0.010..13807.867 rows=28673036 loops=1)
        Filter: (person_id > 733782)
        Rows Removed by Filter: 7571308
  ->  Hash  (cost=73925.90..73925.90 rows=40664 width=4) (actual time=1136.143..1136.143 rows=40257 loops=1)
        Buckets: 65536  Batches: 1  Memory Usage: 1928kB
        ->  Seq Scan on title t  (cost=0.00..73925.90 rows=40664 width=4) (actual time=0.007..1120.118 rows=40257 loops=1)
              Filter: ((production_year > 2012) AND (kind_id = 7))
              Rows Removed by Filter: 2488055
Planning time: 0.574 ms
Execution time: 23513.461 ms
