Seq Scan on movie_keyword mk  (cost=0.00..81003.12 rows=2431010 width=0) (actual time=0.024..1529.568 rows=2434104 loops=1)
  Filter: (keyword_id < 5771)
  Rows Removed by Filter: 2089826
Planning time: 0.326 ms
Execution time: 1842.391 ms
