Seq Scan on movie_companies mc  (cost=0.00..57926.93 rows=1791 width=0) (actual time=0.041..2544.937 rows=4136 loops=1)
  Filter: ((company_type_id < 2) AND (company_id = 11138))
  Rows Removed by Filter: 2604993
Planning time: 0.366 ms
Execution time: 2545.836 ms
