Hash Join  (cost=102767.86..181943.28 rows=743588 width=0) (actual time=1734.813..4251.492 rows=737675 loops=1)
  Hash Cond: (mc.movie_id = t.id)
  ->  Seq Scan on movie_companies mc  (cost=0.00..51404.11 rows=743588 width=4) (actual time=0.014..921.548 rows=737675 loops=1)
        Filter: (company_id < 1446)
        Rows Removed by Filter: 1871454
  ->  Hash  (cost=61283.27..61283.27 rows=2528527 width=4) (actual time=1733.867..1733.867 rows=2528312 loops=1)
        Buckets: 131072  Batches: 64  Memory Usage: 2415kB
        ->  Seq Scan on title t  (cost=0.00..61283.27 rows=2528527 width=4) (actual time=0.014..927.947 rows=2528312 loops=1)
Planning time: 0.703 ms
Execution time: 4336.567 ms
