Hash Join  (cost=75915.84..176459.21 rows=75933 width=0) (actual time=1309.031..3325.919 rows=15819 loops=1)
  Hash Cond: (mk.movie_id = t.id)
  ->  Seq Scan on movie_keyword mk  (cost=0.00..81003.12 rows=1583177 width=4) (actual time=0.033..1487.944 rows=1588991 loops=1)
        Filter: (keyword_id < 2439)
        Rows Removed by Filter: 2934939
  ->  Hash  (cost=73925.90..73925.90 rows=121275 width=4) (actual time=1308.069..1308.069 rows=124747 loops=1)
        Buckets: 131072  Batches: 2  Memory Usage: 3225kB
        ->  Seq Scan on title t  (cost=0.00..73925.90 rows=121275 width=4) (actual time=0.022..1260.999 rows=124747 loops=1)
              Filter: ((kind_id > 1) AND (production_year = 2012))
              Rows Removed by Filter: 2403565
Planning time: 0.752 ms
Execution time: 3328.299 ms
