Hash Join  (cost=107058.56..1106047.31 rows=12103331 width=0) (actual time=8398.760..27317.374 rows=12498405 loops=1)
  Hash Cond: (ci.movie_id = t.id)
  ->  Seq Scan on cast_info ci  (cost=0.00..705507.15 rows=12726058 width=4) (actual time=6091.028..14280.086 rows=12670688 loops=1)
        Filter: (role_id = 1)
        Rows Removed by Filter: 23573656
  ->  Hash  (cost=67604.59..67604.59 rows=2404798 width=4) (actual time=2306.682..2306.682 rows=2396371 loops=1)
        Buckets: 131072  Batches: 32  Memory Usage: 3657kB
        ->  Seq Scan on title t  (cost=0.00..67604.59 rows=2404798 width=4) (actual time=0.025..1533.860 rows=2396371 loops=1)
              Filter: (production_year > 1914)
              Rows Removed by Filter: 131941
Planning time: 0.717 ms
Execution time: 28669.994 ms
