Hash Join  (cost=97042.53..189535.65 rows=194626 width=0) (actual time=2374.305..3630.944 rows=51370 loops=1)
  Hash Cond: (mk.movie_id = t.id)
  ->  Seq Scan on movie_keyword mk  (cost=0.00..81003.12 rows=349264 width=4) (actual time=0.020..1252.660 rows=363692 loops=1)
        Filter: (keyword_id < 335)
        Rows Removed by Filter: 4160238
  ->  Hash  (cost=73925.90..73925.90 rows=1409010 width=4) (actual time=1918.084..1918.084 rows=1478395 loops=1)
        Buckets: 131072  Batches: 32  Memory Usage: 2656kB
        ->  Seq Scan on title t  (cost=0.00..73925.90 rows=1409010 width=4) (actual time=0.007..1430.673 rows=1478395 loops=1)
              Filter: ((production_year > 1943) AND (kind_id = 7))
              Rows Removed by Filter: 1049917
Planning time: 0.763 ms
Execution time: 3637.473 ms
