Seq Scan on movie_keyword mk  (cost=0.00..81003.12 rows=3410938 width=0) (actual time=0.020..1546.564 rows=3403942 loops=1)
  Filter: (keyword_id > 1191)
  Rows Removed by Filter: 1119988
Planning time: 0.328 ms
Execution time: 1960.979 ms
