Seq Scan on cast_info ci  (cost=0.00..796071.18 rows=5866109 width=0) (actual time=0.022..14139.253 rows=11947389 loops=1)
  Filter: ((person_id < 1638909) AND (role_id < 2))
  Rows Removed by Filter: 24296955
Planning time: 0.382 ms
Execution time: 15598.093 ms
