Hash Join  (cost=134005.74..499033.21 rows=37155 width=0) (actual time=7188.250..26160.912 rows=23664 loops=1)
  Hash Cond: (mi.movie_id = t.id)
  ->  Seq Scan on movie_info mi  (cost=0.00..309384.22 rows=14739122 width=4) (actual time=0.015..15881.487 rows=14835720 loops=1)
  ->  Hash  (cost=133926.06..133926.06 rows=6374 width=8) (actual time=6181.416..6181.416 rows=4661 loops=1)
        Buckets: 8192  Batches: 1  Memory Usage: 247kB
        ->  Hash Join  (cost=74426.67..133926.06 rows=6374 width=8) (actual time=5487.247..6179.415 rows=4661 loops=1)
              Hash Cond: (mc.movie_id = t.id)
              ->  Seq Scan on movie_companies mc  (cost=0.00..57926.93 rows=402325 width=4) (actual time=0.017..2726.296 rows=726480 loops=1)
                    Filter: ((company_id > 30869) AND (company_type_id = 2))
                    Rows Removed by Filter: 1882649
              ->  Hash  (cost=73925.90..73925.90 rows=40061 width=4) (actual time=3219.261..3219.261 rows=40120 loops=1)
                    Buckets: 65536  Batches: 1  Memory Usage: 1923kB
                    ->  Seq Scan on title t  (cost=0.00..73925.90 rows=40061 width=4) (actual time=0.018..3197.191 rows=40120 loops=1)
                          Filter: ((kind_id = 7) AND (production_year = 2013))
                          Rows Removed by Filter: 2488192
Planning time: 1.041 ms
Execution time: 26165.000 ms
