Seq Scan on cast_info ci  (cost=0.00..796071.18 rows=2490532 width=0) (actual time=2357.246..9334.443 rows=338407 loops=1)
  Filter: ((person_id > 3516340) AND (role_id < 10))
  Rows Removed by Filter: 35905937
Planning time: 0.323 ms
Execution time: 9371.983 ms
