Hash Join  (cost=130690.03..217734.19 rows=38612 width=0) (actual time=2307.570..4273.885 rows=550869 loops=1)
  Hash Cond: (mk.movie_id = t.id)
  ->  Seq Scan on movie_keyword mk  (cost=0.00..69693.30 rows=4523930 width=4) (actual time=0.019..983.706 rows=4523930 loops=1)
  ->  Hash  (cost=130420.27..130420.27 rows=21581 width=8) (actual time=2306.766..2306.766 rows=15623 loops=1)
        Buckets: 32768  Batches: 1  Memory Usage: 867kB
        ->  Hash Join  (cost=68237.77..130420.27 rows=21581 width=8) (actual time=998.184..2300.310 rows=15623 loops=1)
              Hash Cond: (mc.movie_id = t.id)
              ->  Seq Scan on movie_companies mc  (cost=0.00..57926.93 rows=1077266 width=4) (actual time=0.017..1071.682 rows=957696 loops=1)
                    Filter: ((company_id > 276) AND (company_type_id < 2))
                    Rows Removed by Filter: 1651433
              ->  Hash  (cost=67604.59..67604.59 rows=50655 width=4) (actual time=997.791..997.791 rows=50564 loops=1)
                    Buckets: 65536  Batches: 1  Memory Usage: 2290kB
                    ->  Seq Scan on title t  (cost=0.00..67604.59 rows=50655 width=4) (actual time=0.025..976.944 rows=50564 loops=1)
                          Filter: (production_year = 1999)
                          Rows Removed by Filter: 2477748
Planning time: 9.459 ms
Execution time: 4343.585 ms
