Hash Join  (cost=317652.09..1024886.77 rows=17861095 width=0) (actual time=7176.038..56670.122 rows=164359985 loops=1)
  Hash Cond: (mi.movie_id = t.id)
  ->  Seq Scan on movie_info mi  (cost=0.00..309384.22 rows=14739122 width=4) (actual time=0.029..6293.085 rows=14835720 loops=1)
  ->  Hash  (cost=267380.74..267380.74 rows=3064108 width=8) (actual time=7174.014..7174.014 rows=3045583 loops=1)
        Buckets: 131072  Batches: 64  Memory Usage: 2986kB
        ->  Hash Join  (cost=102767.86..267380.74 rows=3064108 width=8) (actual time=1915.403..6276.607 rows=3045583 loops=1)
              Hash Cond: (mk.movie_id = t.id)
              ->  Seq Scan on movie_keyword mk  (cost=0.00..81003.12 rows=3064108 width=4) (actual time=0.022..1667.150 rows=3045583 loops=1)
                    Filter: (keyword_id > 2108)
                    Rows Removed by Filter: 1478347
              ->  Hash  (cost=61283.27..61283.27 rows=2528527 width=4) (actual time=1912.976..1912.976 rows=2528312 loops=1)
                    Buckets: 131072  Batches: 64  Memory Usage: 2425kB
                    ->  Seq Scan on title t  (cost=0.00..61283.27 rows=2528527 width=4) (actual time=0.024..1046.225 rows=2528312 loops=1)
Planning time: 1.123 ms
Execution time: 73535.954 ms
