Hash Join  (cost=102767.86..175888.63 rows=220913 width=0) (actual time=2107.112..3575.136 rows=438326 loops=1)
  Hash Cond: (mc.movie_id = t.id)
  ->  Seq Scan on movie_companies mc  (cost=0.00..57926.93 rows=220913 width=4) (actual time=214.232..941.410 rows=438326 loops=1)
        Filter: ((company_id > 78373) AND (company_type_id = 2))
        Rows Removed by Filter: 2170803
  ->  Hash  (cost=61283.27..61283.27 rows=2528527 width=4) (actual time=1890.736..1890.736 rows=2528312 loops=1)
        Buckets: 131072  Batches: 64  Memory Usage: 2415kB
        ->  Seq Scan on title t  (cost=0.00..61283.27 rows=2528527 width=4) (actual time=0.036..1056.077 rows=2528312 loops=1)
Planning time: 0.738 ms
Execution time: 3622.898 ms
