Hash Join  (cost=144836.65..278219.68 rows=934099 width=0) (actual time=3371.462..9983.543 rows=9311593 loops=1)
  Hash Cond: (mk.movie_id = t.id)
  ->  Seq Scan on movie_keyword mk  (cost=0.00..69693.30 rows=4523930 width=4) (actual time=0.025..1366.703 rows=4523930 loops=1)
  ->  Hash  (cost=136270.54..136270.54 rows=522089 width=8) (actual time=3370.750..3370.750 rows=949649 loops=1)
        Buckets: 131072 (originally 131072)  Batches: 16 (originally 8)  Memory Usage: 3358kB
        ->  Hash Join  (cost=89620.17..136270.54 rows=522089 width=8) (actual time=1465.648..3059.690 rows=949649 loops=1)
              Hash Cond: (mi_idx.movie_id = t.id)
              ->  Seq Scan on movie_info_idx mi_idx  (cost=0.00..21735.35 rows=1380035 width=4) (actual time=0.018..438.281 rows=1380035 loops=1)
              ->  Hash  (cost=73925.90..73925.90 rows=956581 width=4) (actual time=1464.620..1464.620 rows=968344 loops=1)
                    Buckets: 131072  Batches: 16  Memory Usage: 3152kB
                    ->  Seq Scan on title t  (cost=0.00..73925.90 rows=956581 width=4) (actual time=0.013..1136.853 rows=968344 loops=1)
                          Filter: ((kind_id < 7) AND (production_year > 1901))
                          Rows Removed by Filter: 1559968
Planning time: 1.082 ms
Execution time: 11025.135 ms
