Seq Scan on movie_keyword mk  (cost=0.00..81003.12 rows=93814 width=0) (actual time=144.831..1251.162 rows=91609 loops=1)
  Filter: (keyword_id > 84486)
  Rows Removed by Filter: 4432321
Planning time: 0.351 ms
Execution time: 1264.676 ms
