Hash Join  (cost=463878.75..593908.78 rows=658900 width=0) (actual time=7707.206..11013.754 rows=960047 loops=1)
  Hash Cond: (mk.movie_id = t.id)
  ->  Seq Scan on movie_keyword mk  (cost=0.00..69693.30 rows=4523930 width=4) (actual time=0.022..1346.684 rows=4523930 loops=1)
  ->  Hash  (cost=457836.32..457836.32 rows=368274 width=8) (actual time=7700.504..7700.504 rows=163782 loops=1)
        Buckets: 131072  Batches: 8  Memory Usage: 1815kB
        ->  Hash Join  (cost=80887.74..457836.32 rows=368274 width=8) (actual time=1409.915..7647.496 rows=163782 loops=1)
              Hash Cond: (mi.movie_id = t.id)
              ->  Seq Scan on movie_info mi  (cost=0.00..346232.03 rows=2194617 width=4) (actual time=150.487..5337.641 rows=2233850 loops=1)
                    Filter: (info_type_id > 16)
                    Rows Removed by Filter: 12601870
              ->  Hash  (cost=73925.90..73925.90 rows=424307 width=4) (actual time=1248.435..1248.435 rows=281315 loops=1)
                    Buckets: 131072  Batches: 8  Memory Usage: 2256kB
                    ->  Seq Scan on title t  (cost=0.00..73925.90 rows=424307 width=4) (actual time=0.023..1145.988 rows=281315 loops=1)
                          Filter: ((kind_id > 1) AND (production_year < 1984))
                          Rows Removed by Filter: 2246997
Planning time: 1.952 ms
Execution time: 11128.962 ms
