Hash Join  (cost=58358.90..85273.10 rows=9 width=0) (actual time=1029.207..1460.017 rows=1 loops=1)
  Hash Cond: (mi_idx.movie_id = t.id)
  ->  Seq Scan on movie_info_idx mi_idx  (cost=0.00..25185.44 rows=460978 width=4) (actual time=0.015..444.270 rows=459925 loops=1)
        Filter: (info_type_id = 99)
        Rows Removed by Filter: 920110
  ->  Hash  (cost=58358.27..58358.27 rows=51 width=8) (actual time=951.430..951.430 rows=190 loops=1)
        Buckets: 1024  Batches: 1  Memory Usage: 16kB
        ->  Nested Loop  (cost=0.43..58358.27 rows=51 width=8) (actual time=436.602..951.277 rows=190 loops=1)
              ->  Seq Scan on movie_companies mc  (cost=0.00..57926.93 rows=51 width=4) (actual time=436.514..938.661 rows=190 loops=1)
                    Filter: ((company_type_id < 2) AND (company_id = 16315))
                    Rows Removed by Filter: 2608939
              ->  Index Only Scan using title_pkey on title t  (cost=0.43..8.45 rows=1 width=4) (actual time=0.064..0.065 rows=1 loops=190)
                    Index Cond: (id = mc.movie_id)
                    Heap Fetches: 190
Planning time: 11.491 ms
Execution time: 1460.113 ms
