Hash Join  (cost=502528.22..648041.22 rows=1929696 width=0) (actual time=23260.376..44807.190 rows=52460268 loops=1)
  Hash Cond: (mk.movie_id = t.id)
  ->  Seq Scan on movie_keyword mk  (cost=0.00..69693.30 rows=4523930 width=4) (actual time=0.018..4441.843 rows=4523930 loops=1)
  ->  Hash  (cost=484832.34..484832.34 rows=1078551 width=8) (actual time=23258.689..23258.689 rows=1135201 loops=1)
        Buckets: 131072  Batches: 16  Memory Usage: 3794kB
        ->  Hash Join  (cost=102767.86..484832.34 rows=1078551 width=8) (actual time=14362.035..22858.354 rows=1135201 loops=1)
              Hash Cond: (mi.movie_id = t.id)
              ->  Seq Scan on movie_info mi  (cost=0.00..346232.03 rows=1078551 width=4) (actual time=8909.749..15735.084 rows=1135201 loops=1)
                    Filter: (info_type_id > 57)
                    Rows Removed by Filter: 13700519
              ->  Hash  (cost=61283.27..61283.27 rows=2528527 width=4) (actual time=5438.745..5438.745 rows=2528312 loops=1)
                    Buckets: 131072  Batches: 64  Memory Usage: 2425kB
                    ->  Seq Scan on title t  (cost=0.00..61283.27 rows=2528527 width=4) (actual time=0.019..4156.592 rows=2528312 loops=1)
Planning time: 1.185 ms
Execution time: 51935.972 ms
