Hash Join  (cost=798388.90..852584.73 rows=81 width=0) (actual time=13559.359..14556.708 rows=229 loops=1)
  Hash Cond: (mc.movie_id = t.id)
  ->  Seq Scan on movie_companies mc  (cost=0.00..51404.11 rows=744242 width=4) (actual time=0.030..900.031 rows=738251 loops=1)
        Filter: (company_id < 1451)
        Rows Removed by Filter: 1870878
  ->  Hash  (cost=798385.45..798385.45 rows=276 width=8) (actual time=13550.035..13550.035 rows=143 loops=1)
        Buckets: 1024  Batches: 1  Memory Usage: 14kB
        ->  Nested Loop  (cost=0.43..798385.45 rows=276 width=8) (actual time=10100.416..13549.956 rows=143 loops=1)
              ->  Seq Scan on cast_info ci  (cost=0.00..796071.18 rows=276 width=4) (actual time=10100.303..13542.716 rows=143 loops=1)
                    Filter: ((role_id < 3) AND (person_id = 1663072))
                    Rows Removed by Filter: 36244201
              ->  Index Only Scan using title_pkey on title t  (cost=0.43..8.38 rows=1 width=4) (actual time=0.049..0.050 rows=1 loops=143)
                    Index Cond: (id = ci.movie_id)
                    Heap Fetches: 143
Planning time: 2.016 ms
Execution time: 14556.895 ms
