Seq Scan on movie_companies mc  (cost=0.00..57926.93 rows=573125 width=0) (actual time=221.670..879.580 rows=299214 loops=1)
  Filter: ((company_id > 12681) AND (company_type_id = 1))
  Rows Removed by Filter: 2309915
Planning time: 0.375 ms
Execution time: 917.416 ms
