Hash Join  (cost=74185.18..129064.73 rows=21403 width=0) (actual time=1286.068..2510.443 rows=100607 loops=1)
  Hash Cond: (mc.movie_id = t.id)
  ->  Seq Scan on movie_companies mc  (cost=0.00..44881.29 rows=2609129 width=4) (actual time=0.021..597.060 rows=2609129 loops=1)
  ->  Hash  (cost=73925.90..73925.90 rows=20742 width=4) (actual time=1166.851..1166.851 rows=51721 loops=1)
        Buckets: 65536 (originally 32768)  Batches: 1 (originally 1)  Memory Usage: 2331kB
        ->  Seq Scan on title t  (cost=0.00..73925.90 rows=20742 width=4) (actual time=163.150..1146.225 rows=51721 loops=1)
              Filter: ((kind_id < 7) AND (production_year < 1914))
              Rows Removed by Filter: 2476591
Planning time: 0.810 ms
Execution time: 2524.201 ms
