Hash Join  (cost=102651.51..157334.04 rows=1700 width=0) (actual time=1967.547..2948.575 rows=5748 loops=1)
  Hash Cond: (mc.movie_id = t.id)
  ->  Seq Scan on movie_companies mc  (cost=0.00..44881.29 rows=2609129 width=4) (actual time=0.028..619.835 rows=2609129 loops=1)
  ->  Hash  (cost=102630.93..102630.93 rows=1647 width=8) (actual time=1831.202..1831.202 rows=3692 loops=1)
        Buckets: 4096 (originally 2048)  Batches: 1 (originally 1)  Memory Usage: 177kB
        ->  Hash Join  (cost=73982.55..102630.93 rows=1647 width=8) (actual time=1186.140..1829.842 rows=3692 loops=1)
              Hash Cond: (mi_idx.movie_id = t.id)
              ->  Seq Scan on movie_info_idx mi_idx  (cost=0.00..25185.44 rows=919057 width=4) (actual time=0.013..469.055 rows=920110 loops=1)
                    Filter: (info_type_id > 99)
                    Rows Removed by Filter: 459925
              ->  Hash  (cost=73925.90..73925.90 rows=4532 width=4) (actual time=1184.739..1184.739 rows=12643 loops=1)
                    Buckets: 16384 (originally 8192)  Batches: 1 (originally 1)  Memory Usage: 573kB
                    ->  Seq Scan on title t  (cost=0.00..73925.90 rows=4532 width=4) (actual time=124.540..1178.624 rows=12643 loops=1)
                          Filter: ((kind_id = 7) AND (production_year = 1989))
                          Rows Removed by Filter: 2515669
Planning time: 1.149 ms
Execution time: 2949.635 ms
