Seq Scan on cast_info ci  (cost=0.00..705507.15 rows=22132790 width=0) (actual time=0.029..12955.990 rows=22189099 loops=1)
  Filter: (person_id > 1384858)
  Rows Removed by Filter: 14055245
Planning time: 0.337 ms
Execution time: 15724.250 ms
