Nested Loop  (cost=0.43..52283.69 rows=104 width=0) (actual time=348.095..793.331 rows=3 loops=1)
  ->  Seq Scan on movie_companies mc  (cost=0.00..51404.11 rows=104 width=4) (actual time=348.016..793.214 rows=3 loops=1)
        Filter: (company_id = 136994)
        Rows Removed by Filter: 2609126
  ->  Index Only Scan using title_pkey on title t  (cost=0.43..8.45 rows=1 width=4) (actual time=0.034..0.035 rows=1 loops=3)
        Index Cond: (id = mc.movie_id)
        Heap Fetches: 3
Planning time: 0.769 ms
Execution time: 793.399 ms
