Hash Join  (cost=98137.04..966086.79 rows=2357259 width=0) (actual time=9710.641..20048.995 rows=3862631 loops=1)
  Hash Cond: (ci.movie_id = t.id)
  ->  Seq Scan on cast_info ci  (cost=0.00..796071.18 rows=3202797 width=4) (actual time=7772.290..13852.459 rows=5137757 loops=1)
        Filter: ((person_id > 2032076) AND (role_id = 2))
        Rows Removed by Filter: 31106587
  ->  Hash  (cost=67604.59..67604.59 rows=1860996 width=4) (actual time=1936.659..1936.659 rows=1865487 loops=1)
        Buckets: 131072  Batches: 32  Memory Usage: 3079kB
        ->  Seq Scan on title t  (cost=0.00..67604.59 rows=1860996 width=4) (actual time=0.030..1327.207 rows=1865487 loops=1)
              Filter: (kind_id > 1)
              Rows Removed by Filter: 662825
Planning time: 0.784 ms
Execution time: 20504.159 ms
