Hash Join  (cost=156227.53..655083.41 rows=1785295 width=0) (actual time=3107.506..18984.282 rows=14655432 loops=1)
  Hash Cond: (mi.movie_id = t.id)
  ->  Seq Scan on movie_info mi  (cost=0.00..309384.22 rows=14739122 width=4) (actual time=0.015..5788.936 rows=14835720 loops=1)
  ->  Hash  (cost=151202.14..151202.14 rows=306271 width=8) (actual time=3106.665..3106.665 rows=369675 loops=1)
        Buckets: 131072  Batches: 8  Memory Usage: 2865kB
        ->  Hash Join  (cost=83810.17..151202.14 rows=306271 width=8) (actual time=1508.467..2994.613 rows=369675 loops=1)
              Hash Cond: (mc.movie_id = t.id)
              ->  Seq Scan on movie_companies mc  (cost=0.00..51404.11 rows=784038 width=4) (actual time=0.017..813.298 rows=772170 loops=1)
                    Filter: (company_id < 1660)
                    Rows Removed by Filter: 1836959
              ->  Hash  (cost=67604.59..67604.59 rows=987727 width=4) (actual time=1507.383..1507.383 rows=985048 loops=1)
                    Buckets: 131072  Batches: 16  Memory Usage: 3188kB
                    ->  Seq Scan on title t  (cost=0.00..67604.59 rows=987727 width=4) (actual time=0.011..1209.726 rows=985048 loops=1)
                          Filter: (kind_id < 7)
                          Rows Removed by Filter: 1543264
Planning time: 0.800 ms
Execution time: 20601.014 ms
