Seq Scan on movie_keyword mk  (cost=0.00..81003.12 rows=246 width=0) (actual time=16.164..3631.473 rows=134 loops=1)
  Filter: (keyword_id = 23212)
  Rows Removed by Filter: 4523796
Planning time: 0.318 ms
Execution time: 3631.685 ms
