Nested Loop  (cost=0.43..83072.90 rows=85 width=0) (actual time=1.022..1327.388 rows=704 loops=1)
  ->  Seq Scan on movie_keyword mk  (cost=0.00..81003.12 rows=246 width=4) (actual time=0.961..1283.613 rows=856 loops=1)
        Filter: (keyword_id = 3778)
        Rows Removed by Filter: 4523074
  ->  Index Scan using title_pkey on title t  (cost=0.43..8.40 rows=1 width=4) (actual time=0.049..0.050 rows=1 loops=856)
        Index Cond: (id = mk.movie_id)
        Filter: ((kind_id < 7) AND (production_year < 2012))
        Rows Removed by Filter: 0
Planning time: 0.840 ms
Execution time: 1327.809 ms
