Seq Scan on movie_keyword mk  (cost=0.00..81003.12 rows=2796482 width=0) (actual time=0.025..1132.821 rows=2791404 loops=1)
  Filter: (keyword_id > 2826)
  Rows Removed by Filter: 1732526
Planning time: 0.332 ms
Execution time: 1420.523 ms
