Seq Scan on movie_companies mc  (cost=0.00..51404.11 rows=1055048 width=0) (actual time=102.252..993.251 rows=1064326 loops=1)
  Filter: (company_id > 14617)
  Rows Removed by Filter: 1544803
Planning time: 0.339 ms
Execution time: 1124.879 ms
