Seq Scan on movie_keyword mk  (cost=0.00..81003.12 rows=246 width=0) (actual time=16.371..1267.731 rows=49 loops=1)
  Filter: (keyword_id = 1262)
  Rows Removed by Filter: 4523881
Planning time: 0.386 ms
Execution time: 1267.868 ms
