Hash Join  (cost=78556.72..453115.57 rows=478043 width=0) (actual time=1537.708..7930.885 rows=557441 loops=1)
  Hash Cond: (mi.movie_id = t.id)
  ->  Seq Scan on movie_info mi  (cost=0.00..346232.03 rows=1810770 width=4) (actual time=282.180..5599.970 rows=1865632 loops=1)
        Filter: (info_type_id > 17)
        Rows Removed by Filter: 12970088
  ->  Hash  (cost=67604.59..67604.59 rows=667531 width=4) (actual time=1252.122..1252.122 rows=662834 loops=1)
        Buckets: 131072  Batches: 16  Memory Usage: 2485kB
        ->  Seq Scan on title t  (cost=0.00..67604.59 rows=667531 width=4) (actual time=0.019..1029.335 rows=662834 loops=1)
              Filter: (production_year < 1989)
              Rows Removed by Filter: 1865478
Planning time: 0.798 ms
Execution time: 7995.076 ms
