Seq Scan on movie_keyword mk  (cost=0.00..81003.12 rows=426573 width=0) (actual time=0.035..1417.114 rows=438602 loops=1)
  Filter: (keyword_id < 339)
  Rows Removed by Filter: 4085328
Planning time: 0.323 ms
Execution time: 1476.477 ms
