Seq Scan on cast_info ci  (cost=0.00..796071.18 rows=10041707 width=0) (actual time=13355.318..43136.879 rows=15602650 loops=1)
  Filter: ((person_id > 2077818) AND (role_id > 1))
  Rows Removed by Filter: 20641694
Planning time: 3.664 ms
Execution time: 45819.560 ms
