Nested Loop  (cost=0.43..76737.73 rows=2393 width=0) (actual time=2.697..1006.448 rows=1626 loops=1)
  ->  Seq Scan on movie_companies mc  (cost=0.00..57926.93 rows=2393 width=4) (actual time=2.649..941.990 rows=1626 loops=1)
        Filter: ((company_type_id > 1) AND (company_id = 475))
        Rows Removed by Filter: 2607503
  ->  Index Only Scan using title_pkey on title t  (cost=0.43..7.85 rows=1 width=4) (actual time=0.038..0.039 rows=1 loops=1626)
        Index Cond: (id = mc.movie_id)
        Heap Fetches: 1626
Planning time: 0.964 ms
Execution time: 1006.988 ms
