Seq Scan on movie_companies mc  (cost=0.00..57926.93 rows=53 width=0) (actual time=140.014..624.893 rows=2 loops=1)
  Filter: ((company_id = 112531) AND (company_type_id = 2))
  Rows Removed by Filter: 2609127
Planning time: 0.386 ms
Execution time: 624.976 ms
