Hash Join  (cost=102767.86..1383769.25 rows=19742413 width=0) (actual time=1994.378..38542.624 rows=20122661 loops=1)
  Hash Cond: (ci.movie_id = t.id)
  ->  Seq Scan on cast_info ci  (cost=0.00..796071.18 rows=19742413 width=4) (actual time=0.021..19065.768 rows=20122661 loops=1)
        Filter: ((person_id < 3959320) AND (role_id < 3))
        Rows Removed by Filter: 16121683
  ->  Hash  (cost=61283.27..61283.27 rows=2528527 width=4) (actual time=1989.591..1989.591 rows=2528312 loops=1)
        Buckets: 131072  Batches: 64  Memory Usage: 2415kB
        ->  Seq Scan on title t  (cost=0.00..61283.27 rows=2528527 width=4) (actual time=0.025..1131.160 rows=2528312 loops=1)
Planning time: 2.758 ms
Execution time: 40891.049 ms
