Seq Scan on movie_companies mc  (cost=0.00..51404.11 rows=1887949 width=0) (actual time=0.023..904.967 rows=1884032 loops=1)
  Filter: (company_id < 41434)
  Rows Removed by Filter: 725097
Planning time: 0.330 ms
Execution time: 1153.229 ms
