Seq Scan on cast_info ci  (cost=0.00..796071.18 rows=324 width=0) (actual time=1311.232..14389.344 rows=204 loops=1)
  Filter: ((role_id > 1) AND (person_id = 812992))
  Rows Removed by Filter: 36244140
Planning time: 0.415 ms
Execution time: 14389.484 ms
