Seq Scan on movie_companies mc  (cost=0.00..57926.93 rows=909976 width=0) (actual time=0.025..1072.272 rows=748084 loops=1)
  Filter: ((company_id > 1453) AND (company_type_id < 2))
  Rows Removed by Filter: 1861045
Planning time: 0.362 ms
Execution time: 1170.993 ms
