Nested Loop  (cost=0.43..83071.67 rows=246 width=0) (actual time=1.785..1391.029 rows=2025 loops=1)
  ->  Seq Scan on movie_keyword mk  (cost=0.00..81003.12 rows=246 width=4) (actual time=1.702..1296.841 rows=2025 loops=1)
        Filter: (keyword_id = 3945)
        Rows Removed by Filter: 4521905
  ->  Index Only Scan using title_pkey on title t  (cost=0.43..8.40 rows=1 width=4) (actual time=0.045..0.045 rows=1 loops=2025)
        Index Cond: (id = mk.movie_id)
        Heap Fetches: 2025
Planning time: 0.746 ms
Execution time: 1391.800 ms
