Hash Join  (cost=102767.86..1370315.84 rows=22947005 width=0) (actual time=1895.212..38856.288 rows=22996968 loops=1)
  Hash Cond: (ci.movie_id = t.id)
  ->  Seq Scan on cast_info ci  (cost=0.00..705507.15 rows=22947005 width=4) (actual time=0.046..14703.411 rows=22996968 loops=1)
        Filter: (person_id > 1306142)
        Rows Removed by Filter: 13247376
  ->  Hash  (cost=61283.27..61283.27 rows=2528527 width=4) (actual time=1893.758..1893.758 rows=2528312 loops=1)
        Buckets: 131072  Batches: 64  Memory Usage: 2415kB
        ->  Seq Scan on title t  (cost=0.00..61283.27 rows=2528527 width=4) (actual time=0.025..1043.518 rows=2528312 loops=1)
Planning time: 0.750 ms
Execution time: 41397.614 ms
