Seq Scan on movie_keyword mk  (cost=0.00..81003.12 rows=3878004 width=0) (actual time=0.014..1543.243 rows=3867459 loops=1)
  Filter: (keyword_id < 28625)
  Rows Removed by Filter: 656471
Planning time: 0.364 ms
Execution time: 2029.766 ms
