Seq Scan on cast_info ci  (cost=0.00..705507.15 rows=24594892 width=0) (actual time=0.014..13308.276 rows=24711503 loops=1)
  Filter: (person_id > 1135161)
  Rows Removed by Filter: 11532841
Planning time: 0.354 ms
Execution time: 16392.501 ms
