Seq Scan on movie_keyword mk  (cost=0.00..81003.12 rows=246 width=0) (actual time=30.770..1160.553 rows=57 loops=1)
  Filter: (keyword_id = 31776)
  Rows Removed by Filter: 4523873
Planning time: 0.370 ms
Execution time: 1160.694 ms
