Seq Scan on movie_companies mc  (cost=0.00..57926.93 rows=53 width=0) (actual time=0.441..766.370 rows=240 loops=1)
  Filter: ((company_id = 77731) AND (company_type_id = 2))
  Rows Removed by Filter: 2608889
Planning time: 0.343 ms
Execution time: 766.526 ms
