Hash Join  (cost=463069.97..544089.83 rows=433034 width=0) (actual time=8438.086..11438.681 rows=1938185 loops=1)
  Hash Cond: (mc.movie_id = t.id)
  ->  Seq Scan on movie_companies mc  (cost=0.00..44881.29 rows=2609129 width=4) (actual time=0.014..952.241 rows=2609129 loops=1)
  ->  Hash  (cost=456184.25..456184.25 rows=419657 width=8) (actual time=8437.218..8437.218 rows=967264 loops=1)
        Buckets: 131072 (originally 131072)  Batches: 16 (originally 8)  Memory Usage: 3380kB
        ->  Hash Join  (cost=85157.92..456184.25 rows=419657 width=8) (actual time=4941.060..8149.591 rows=967264 loops=1)
              Hash Cond: (mi.movie_id = t.id)
              ->  Seq Scan on movie_info mi  (cost=0.00..346232.03 rows=1550064 width=4) (actual time=3509.757..5209.974 rows=1533909 loops=1)
                    Filter: (info_type_id = 3)
                    Rows Removed by Filter: 13301811
              ->  Hash  (cost=73925.90..73925.90 rows=684561 width=4) (actual time=1430.521..1430.521 rows=585759 loops=1)
                    Buckets: 131072  Batches: 16  Memory Usage: 2316kB
                    ->  Seq Scan on title t  (cost=0.00..73925.90 rows=684561 width=4) (actual time=0.027..1235.223 rows=585759 loops=1)
                          Filter: ((kind_id < 7) AND (production_year > 1990))
                          Rows Removed by Filter: 1942553
Planning time: 0.863 ms
Execution time: 11692.659 ms
