Seq Scan on cast_info ci  (cost=0.00..796071.18 rows=9703142 width=0) (actual time=2206.605..14726.622 rows=5412675 loops=1)
  Filter: ((person_id < 2186771) AND (role_id > 2))
  Rows Removed by Filter: 30831669
Planning time: 0.364 ms
Execution time: 15395.652 ms
