Seq Scan on cast_info ci  (cost=0.00..796071.18 rows=5261421 width=0) (actual time=0.014..13780.383 rows=10356202 loops=1)
  Filter: ((person_id > 2506938) AND (role_id > 2))
  Rows Removed by Filter: 25888142
Planning time: 0.348 ms
Execution time: 15055.928 ms
