Hash Join  (cost=164341.20..292423.78 rows=499055 width=0) (actual time=5483.569..7134.032 rows=356031 loops=1)
  Hash Cond: (mk.movie_id = t.id)
  ->  Seq Scan on movie_keyword mk  (cost=0.00..69693.30 rows=4523930 width=4) (actual time=0.021..1529.670 rows=4523930 loops=1)
  ->  Hash  (cost=159764.53..159764.53 rows=278933 width=8) (actual time=3879.231..3879.231 rows=129514 loops=1)
        Buckets: 131072  Batches: 4  Memory Usage: 2283kB
        ->  Hash Join  (cost=79273.71..159764.53 rows=278933 width=8) (actual time=1374.433..3834.218 rows=129514 loops=1)
              Hash Cond: (mc.movie_id = t.id)
              ->  Seq Scan on movie_companies mc  (cost=0.00..51404.11 rows=2164103 width=4) (actual time=0.015..1169.171 rows=2160228 loops=1)
                    Filter: (company_id < 77355)
                    Rows Removed by Filter: 448901
              ->  Hash  (cost=73925.90..73925.90 rows=325904 width=4) (actual time=1373.530..1373.530 rows=349534 loops=1)
                    Buckets: 131072  Batches: 8  Memory Usage: 2566kB
                    ->  Seq Scan on title t  (cost=0.00..73925.90 rows=325904 width=4) (actual time=0.029..1260.625 rows=349534 loops=1)
                          Filter: ((production_year > 2009) AND (kind_id = 7))
                          Rows Removed by Filter: 2178778
Planning time: 1.220 ms
Execution time: 7178.996 ms
