Hash Join  (cost=83810.17..162215.30 rows=419657 width=0) (actual time=4615.933..9566.297 rows=957407 loops=1)
  Hash Cond: (mc.movie_id = t.id)
  ->  Seq Scan on movie_companies mc  (cost=0.00..57926.93 rows=1074298 width=4) (actual time=0.024..3020.374 rows=1274246 loops=1)
        Filter: ((company_id < 79899) AND (company_type_id < 2))
        Rows Removed by Filter: 1334883
  ->  Hash  (cost=67604.59..67604.59 rows=987727 width=4) (actual time=4614.748..4614.748 rows=985048 loops=1)
        Buckets: 131072  Batches: 16  Memory Usage: 3188kB
        ->  Seq Scan on title t  (cost=0.00..67604.59 rows=987727 width=4) (actual time=0.016..4100.466 rows=985048 loops=1)
              Filter: (kind_id < 7)
              Rows Removed by Filter: 1543264
Planning time: 0.705 ms
Execution time: 9712.968 ms
