Seq Scan on cast_info ci  (cost=0.00..796071.18 rows=3303134 width=0) (actual time=10286.988..14944.546 rows=3994877 loops=1)
  Filter: ((person_id > 825540) AND (role_id = 10))
  Rows Removed by Filter: 32249467
Planning time: 0.418 ms
Execution time: 15443.851 ms
