Hash Join  (cost=134703.28..637076.30 rows=2114911 width=0) (actual time=2789.111..15737.673 rows=1848642 loops=1)
  Hash Cond: (mi.movie_id = t.id)
  ->  Seq Scan on movie_info mi  (cost=0.00..309384.22 rows=14739122 width=4) (actual time=0.013..5918.101 rows=14835720 loops=1)
  ->  Hash  (cost=128750.07..128750.07 rows=362817 width=8) (actual time=2788.074..2788.074 rows=217557 loops=1)
        Buckets: 131072  Batches: 8  Memory Usage: 2085kB
        ->  Hash Join  (cost=84832.42..128750.07 rows=362817 width=8) (actual time=1436.407..2716.587 rows=217557 loops=1)
              Hash Cond: (mi_idx.movie_id = t.id)
              ->  Seq Scan on movie_info_idx mi_idx  (cost=0.00..21735.35 rows=1380035 width=4) (actual time=0.017..454.187 rows=1380035 loops=1)
              ->  Hash  (cost=73925.90..73925.90 rows=664761 width=4) (actual time=1435.328..1435.328 rows=704326 loops=1)
                    Buckets: 131072  Batches: 16  Memory Usage: 2575kB
                    ->  Seq Scan on title t  (cost=0.00..73925.90 rows=664761 width=4) (actual time=0.011..1202.433 rows=704326 loops=1)
                          Filter: ((kind_id > 1) AND (production_year > 2006))
                          Rows Removed by Filter: 1823986
Planning time: 0.745 ms
Execution time: 15954.288 ms
