Seq Scan on cast_info ci  (cost=0.00..796071.18 rows=2482924 width=0) (actual time=6503.828..12181.711 rows=5044315 loops=1)
  Filter: ((person_id < 677256) AND (role_id = 1))
  Rows Removed by Filter: 31200029
Planning time: 1.384 ms
Execution time: 12842.373 ms
