Hash Join  (cost=129161.14..250447.65 rows=293859 width=0) (actual time=2885.812..6714.793 rows=3648370 loops=1)
  Hash Cond: (mk.movie_id = t.id)
  ->  Seq Scan on movie_keyword mk  (cost=0.00..81003.12 rows=3150079 width=4) (actual time=0.027..1671.048 rows=3140069 loops=1)
        Filter: (keyword_id > 1859)
        Rows Removed by Filter: 1383861
  ->  Hash  (cost=125290.68..125290.68 rows=235877 width=8) (actual time=2885.089..2885.089 rows=505844 loops=1)
        Buckets: 131072 (originally 131072)  Batches: 8 (originally 4)  Memory Usage: 3522kB
        ->  Hash Join  (cost=84618.84..125290.68 rows=235877 width=8) (actual time=1453.102..2715.531 rows=505844 loops=1)
              Hash Cond: (mi_idx.movie_id = t.id)
              ->  Seq Scan on movie_info_idx mi_idx  (cost=0.00..25185.44 rows=915101 width=4) (actual time=0.018..539.073 rows=919850 loops=1)
                    Filter: (info_type_id < 101)
                    Rows Removed by Filter: 460185
              ->  Hash  (cost=73925.90..73925.90 rows=651755 width=4) (actual time=1452.021..1452.021 rows=711179 loops=1)
                    Buckets: 131072  Batches: 16  Memory Usage: 2590kB
                    ->  Seq Scan on title t  (cost=0.00..73925.90 rows=651755 width=4) (actual time=0.022..1229.030 rows=711179 loops=1)
                          Filter: ((kind_id < 7) AND (production_year < 2008))
                          Rows Removed by Filter: 1817133
Planning time: 1.219 ms
Execution time: 7115.579 ms
