Seq Scan on movie_keyword mk  (cost=0.00..81003.12 rows=246 width=0) (actual time=3.729..1276.062 rows=331 loops=1)
  Filter: (keyword_id = 2458)
  Rows Removed by Filter: 4523599
Planning time: 0.357 ms
Execution time: 1277.968 ms
