Hash Join  (cost=348534.79..2081452.96 rows=54831796 width=0) (actual time=9385.184..83814.540 rows=182215020 loops=1)
  Hash Cond: (ci.movie_id = t.id)
  ->  Seq Scan on cast_info ci  (cost=0.00..614943.12 rows=36225612 width=4) (actual time=0.022..13545.024 rows=36244344 loops=1)
  ->  Hash  (cost=285743.44..285743.44 rows=3827228 width=8) (actual time=9383.412..9383.412 rows=3822502 loops=1)
        Buckets: 131072  Batches: 64  Memory Usage: 3381kB
        ->  Hash Join  (cost=102767.86..285743.44 rows=3827228 width=8) (actual time=2562.543..8262.236 rows=3822502 loops=1)
              Hash Cond: (mk.movie_id = t.id)
              ->  Seq Scan on movie_keyword mk  (cost=0.00..81003.12 rows=3827228 width=4) (actual time=0.026..1859.809 rows=3822502 loops=1)
                    Filter: (keyword_id < 26875)
                    Rows Removed by Filter: 701428
              ->  Hash  (cost=61283.27..61283.27 rows=2528527 width=4) (actual time=2558.939..2558.939 rows=2528312 loops=1)
                    Buckets: 131072  Batches: 64  Memory Usage: 2425kB
                    ->  Seq Scan on title t  (cost=0.00..61283.27 rows=2528527 width=4) (actual time=0.013..1114.670 rows=2528312 loops=1)
Planning time: 1.213 ms
Execution time: 103348.922 ms
