Hash Join  (cost=836424.92..1582440.66 rows=2502208 width=0) (actual time=63275.239..96750.553 rows=2935550 loops=1)
  Hash Cond: (mi.movie_id = t.id)
  ->  Seq Scan on movie_info mi  (cost=0.00..309384.22 rows=14739122 width=4) (actual time=0.021..21549.245 rows=14835720 loops=1)
  ->  Hash  (cost=829382.19..829382.19 rows=429259 width=8) (actual time=63273.055..63273.055 rows=472035 loops=1)
        Buckets: 131072  Batches: 8  Memory Usage: 3267kB
        ->  Hash Join  (cost=74300.43..829382.19 rows=429259 width=8) (actual time=3226.072..61527.336 rows=472035 loops=1)
              Hash Cond: (ci.movie_id = t.id)
              ->  Seq Scan on cast_info ci  (cost=0.00..614943.12 rows=36225612 width=4) (actual time=0.019..41593.009 rows=36244344 loops=1)
              ->  Hash  (cost=73925.90..73925.90 rows=29962 width=4) (actual time=3225.835..3225.835 rows=32487 loops=1)
                    Buckets: 32768  Batches: 1  Memory Usage: 1399kB
                    ->  Seq Scan on title t  (cost=0.00..73925.90 rows=29962 width=4) (actual time=0.057..3208.536 rows=32487 loops=1)
                          Filter: ((kind_id > 1) AND (production_year = 1997))
                          Rows Removed by Filter: 2495825
Planning time: 1.144 ms
Execution time: 97176.877 ms
