Hash Join  (cost=102767.86..295749.26 rows=4243094 width=0) (actual time=1901.122..7020.144 rows=4244284 loops=1)
  Hash Cond: (mk.movie_id = t.id)
  ->  Seq Scan on movie_keyword mk  (cost=0.00..81003.12 rows=4243094 width=4) (actual time=0.019..1881.275 rows=4244284 loops=1)
        Filter: (keyword_id < 56948)
        Rows Removed by Filter: 279646
  ->  Hash  (cost=61283.27..61283.27 rows=2528527 width=4) (actual time=1900.242..1900.242 rows=2528312 loops=1)
        Buckets: 131072  Batches: 64  Memory Usage: 2425kB
        ->  Seq Scan on title t  (cost=0.00..61283.27 rows=2528527 width=4) (actual time=0.003..1012.456 rows=2528312 loops=1)
Planning time: 0.706 ms
Execution time: 7456.727 ms
