Seq Scan on cast_info ci  (cost=0.00..796071.18 rows=2633112 width=0) (actual time=6047.104..10835.936 rows=6506802 loops=1)
  Filter: ((person_id > 2706664) AND (role_id > 4))
  Rows Removed by Filter: 29737542
Planning time: 0.383 ms
Execution time: 11589.624 ms
