Hash Join  (cost=163865.76..530096.77 rows=157510 width=0) (actual time=2796.641..10556.459 rows=538062 loops=1)
  Hash Cond: (mi.movie_id = t.id)
  ->  Seq Scan on movie_info mi  (cost=0.00..309384.22 rows=14739122 width=4) (actual time=0.016..4312.866 rows=14835720 loops=1)
  ->  Hash  (cost=163527.99..163527.99 rows=27021 width=8) (actual time=2796.368..2796.368 rows=14605 loops=1)
        Buckets: 32768  Batches: 1  Memory Usage: 827kB
        ->  Hash Join  (cost=78473.92..163527.99 rows=27021 width=8) (actual time=1361.418..2791.375 rows=14605 loops=1)
              Hash Cond: (mk.movie_id = t.id)
              ->  Seq Scan on movie_keyword mk  (cost=0.00..81003.12 rows=103129 width=4) (actual time=0.025..1268.700 rows=117394 loops=1)
                    Filter: (keyword_id < 115)
                    Rows Removed by Filter: 4406536
              ->  Hash  (cost=67604.59..67604.59 rows=662507 width=4) (actual time=1350.874..1350.874 rows=662065 loops=1)
                    Buckets: 131072  Batches: 16  Memory Usage: 2488kB
                    ->  Seq Scan on title t  (cost=0.00..67604.59 rows=662507 width=4) (actual time=0.022..1130.861 rows=662065 loops=1)
                          Filter: (production_year > 2008)
                          Rows Removed by Filter: 1866247
Planning time: 1.191 ms
Execution time: 10628.001 ms
