Hash Join  (cost=109820.85..197198.93 rows=72005 width=0) (actual time=2429.168..5268.763 rows=1369965 loops=1)
  Hash Cond: (mk.movie_id = t.id)
  ->  Seq Scan on movie_keyword mk  (cost=0.00..69693.30 rows=4523930 width=4) (actual time=0.018..1042.191 rows=4523930 loops=1)
  ->  Hash  (cost=109317.78..109317.78 rows=40245 width=8) (actual time=2428.761..2428.761 rows=106232 loops=1)
        Buckets: 131072 (originally 65536)  Batches: 2 (originally 1)  Memory Usage: 3101kB
        ->  Hash Join  (cost=77602.93..109317.78 rows=40245 width=8) (actual time=1314.544..2163.836 rows=106232 loops=1)
              Hash Cond: (mi_idx.movie_id = t.id)
              ->  Seq Scan on movie_info_idx mi_idx  (cost=0.00..25185.44 rows=454124 width=4) (actual time=0.013..514.272 rows=459925 loops=1)
                    Filter: (info_type_id = 100)
                    Rows Removed by Filter: 920110
              ->  Hash  (cost=73925.90..73925.90 rows=224082 width=4) (actual time=1313.797..1313.797 rows=347213 loops=1)
                    Buckets: 131072  Batches: 4  Memory Usage: 4080kB
                    ->  Seq Scan on title t  (cost=0.00..73925.90 rows=224082 width=4) (actual time=0.019..1214.634 rows=347213 loops=1)
                          Filter: ((production_year < 1996) AND (kind_id = 1))
                          Rows Removed by Filter: 2181099
Planning time: 1.314 ms
Execution time: 5442.607 ms
