Hash Join  (cost=92128.39..182960.38 rows=1144846 width=0) (actual time=1838.659..4317.079 rows=446637 loops=1)
  Hash Cond: (mc.movie_id = t.id)
  ->  Seq Scan on movie_companies mc  (cost=0.00..44881.29 rows=2609129 width=4) (actual time=0.022..875.335 rows=2609129 loops=1)
  ->  Hash  (cost=73925.90..73925.90 rows=1109479 width=4) (actual time=1837.285..1837.285 rows=1201090 loops=1)
        Buckets: 131072  Batches: 16  Memory Usage: 3674kB
        ->  Seq Scan on title t  (cost=0.00..73925.90 rows=1109479 width=4) (actual time=334.158..1455.768 rows=1201090 loops=1)
              Filter: ((production_year > 1987) AND (kind_id = 7))
              Rows Removed by Filter: 1327222
Planning time: 0.740 ms
Execution time: 4372.306 ms
