Seq Scan on movie_companies mc  (cost=0.00..57926.93 rows=53 width=0) (actual time=5.881..894.660 rows=393 loops=1)
  Filter: ((company_type_id > 1) AND (company_id = 389))
  Rows Removed by Filter: 2608736
Planning time: 0.405 ms
Execution time: 894.882 ms
