Hash Join  (cost=139597.14..278576.71 rows=869786 width=0) (actual time=7143.239..18634.351 rows=8380908 loops=1)
  Hash Cond: (mk.movie_id = t.id)
  ->  Seq Scan on movie_keyword mk  (cost=0.00..81003.12 rows=4079624 width=4) (actual time=0.025..5663.632 rows=4081470 loops=1)
        Filter: (keyword_id < 39958)
        Rows Removed by Filter: 442460
  ->  Hash  (cost=130752.54..130752.54 rows=539088 width=8) (actual time=7133.355..7133.355 rows=954317 loops=1)
        Buckets: 131072 (originally 131072)  Batches: 16 (originally 8)  Memory Usage: 3370kB
        ->  Hash Join  (cost=83810.17..130752.54 rows=539088 width=8) (actual time=3718.256..6775.087 rows=954317 loops=1)
              Hash Cond: (mi_idx.movie_id = t.id)
              ->  Seq Scan on movie_info_idx mi_idx  (cost=0.00..21735.35 rows=1380035 width=4) (actual time=0.024..1568.475 rows=1380035 loops=1)
              ->  Hash  (cost=67604.59..67604.59 rows=987727 width=4) (actual time=3717.106..3717.106 rows=985048 loops=1)
                    Buckets: 131072  Batches: 16  Memory Usage: 3188kB
                    ->  Seq Scan on title t  (cost=0.00..67604.59 rows=987727 width=4) (actual time=0.022..3284.200 rows=985048 loops=1)
                          Filter: (kind_id < 7)
                          Rows Removed by Filter: 1543264
Planning time: 1.052 ms
Execution time: 20015.421 ms
