Seq Scan on cast_info ci  (cost=0.00..796071.18 rows=301594 width=0) (actual time=1794.765..14190.156 rows=297075 loops=1)
  Filter: ((person_id > 476318) AND (role_id > 10))
  Rows Removed by Filter: 35947269
Planning time: 0.365 ms
Execution time: 14223.856 ms
