Seq Scan on cast_info ci  (cost=0.00..796071.18 rows=14076329 width=0) (actual time=844.557..13437.133 rows=12518955 loops=1)
  Filter: ((person_id > 2001674) AND (role_id < 10))
  Rows Removed by Filter: 23725389
Planning time: 0.290 ms
Execution time: 14958.462 ms
