Seq Scan on cast_info ci  (cost=0.00..796071.18 rows=9796573 width=0) (actual time=0.020..44091.588 rows=15252707 loops=1)
  Filter: ((person_id > 2117185) AND (role_id > 1))
  Rows Removed by Filter: 20991637
Planning time: 0.298 ms
Execution time: 47116.699 ms
