Hash Join  (cost=162103.23..985407.89 rows=170996 width=0) (actual time=4639.430..18026.382 rows=1684501 loops=1)
  Hash Cond: (ci.movie_id = t.id)
  ->  Seq Scan on cast_info ci  (cost=0.00..796071.18 rows=2139072 width=4) (actual time=1967.005..12217.032 rows=5324515 loops=1)
        Filter: ((person_id > 2726557) AND (role_id > 6))
        Rows Removed by Filter: 30919829
  ->  Hash  (cost=158786.61..158786.61 rows=202129 width=8) (actual time=2671.579..2671.579 rows=232009 loops=1)
        Buckets: 131072  Batches: 4  Memory Usage: 3299kB
        ->  Hash Join  (cost=88771.21..158786.61 rows=202129 width=8) (actual time=1773.616..2597.360 rows=232009 loops=1)
              Hash Cond: (mc.movie_id = t.id)
              ->  Seq Scan on movie_companies mc  (cost=0.00..57926.93 rows=564849 width=4) (actual time=487.371..950.658 rows=288175 loops=1)
                    Filter: ((company_id > 12981) AND (company_type_id < 2))
                    Rows Removed by Filter: 2320954
              ->  Hash  (cost=73925.90..73925.90 rows=904824 width=4) (actual time=1285.569..1285.569 rows=832276 loops=1)
                    Buckets: 131072  Batches: 16  Memory Usage: 2854kB
                    ->  Seq Scan on title t  (cost=0.00..73925.90 rows=904824 width=4) (actual time=0.026..1042.487 rows=832276 loops=1)
                          Filter: ((kind_id < 7) AND (production_year > 1941))
                          Rows Removed by Filter: 1696036
Planning time: 1.247 ms
Execution time: 18237.872 ms
