Seq Scan on title t  (cost=0.00..73925.90 rows=20706 width=0) (actual time=0.036..1200.355 rows=15444 loops=1)
  Filter: ((kind_id < 4) AND (production_year = 2002))
  Rows Removed by Filter: 2512868
Planning time: 0.362 ms
Execution time: 1203.200 ms
