Seq Scan on movie_companies mc  (cost=0.00..51404.11 rows=2094250 width=0) (actual time=0.026..907.449 rows=2088817 loops=1)
  Filter: (company_id < 73318)
  Rows Removed by Filter: 520312
Planning time: 0.340 ms
Execution time: 1174.129 ms
