Hash Join  (cost=152319.20..277601.03 rows=750027 width=0) (actual time=3737.018..6070.203 rows=614400 loops=1)
  Hash Cond: (mk.movie_id = t.id)
  ->  Seq Scan on movie_keyword mk  (cost=0.00..81003.12 rows=2964648 width=4) (actual time=0.025..1591.093 rows=2958815 loops=1)
        Filter: (keyword_id > 2353)
        Rows Removed by Filter: 1565115
  ->  Hash  (cost=141824.04..141824.04 rows=639693 width=8) (actual time=3088.106..3088.106 rows=349320 loops=1)
        Buckets: 131072  Batches: 16  Memory Usage: 1884kB
        ->  Hash Join  (cost=93155.63..141824.04 rows=639693 width=8) (actual time=1973.797..2977.676 rows=349320 loops=1)
              Hash Cond: (mi_idx.movie_id = t.id)
              ->  Seq Scan on movie_info_idx mi_idx  (cost=0.00..21735.35 rows=1380035 width=4) (actual time=0.014..401.688 rows=1380035 loops=1)
              ->  Hash  (cost=73925.90..73925.90 rows=1172058 width=4) (actual time=1641.030..1641.030 rows=1128906 loops=1)
                    Buckets: 131072  Batches: 16  Memory Usage: 3503kB
                    ->  Seq Scan on title t  (cost=0.00..73925.90 rows=1172058 width=4) (actual time=0.024..1283.387 rows=1128906 loops=1)
                          Filter: ((production_year < 2010) AND (kind_id = 7))
                          Rows Removed by Filter: 1399406
Planning time: 1.180 ms
Execution time: 6141.908 ms
