Hash Join  (cost=92883.59..1044159.52 rows=4808382 width=0) (actual time=1926.533..19925.505 rows=4877989 loops=1)
  Hash Cond: (ci.movie_id = t.id)
  ->  Seq Scan on cast_info ci  (cost=0.00..796071.18 rows=7890786 width=4) (actual time=193.526..12699.448 rows=8542908 loops=1)
        Filter: ((person_id < 878410) AND (role_id < 10))
        Rows Removed by Filter: 27701436
  ->  Hash  (cost=67604.59..67604.59 rows=1540800 width=4) (actual time=1678.261..1678.261 rows=1543264 loops=1)
        Buckets: 131072  Batches: 32  Memory Usage: 2722kB
        ->  Seq Scan on title t  (cost=0.00..67604.59 rows=1540800 width=4) (actual time=0.023..1174.168 rows=1543264 loops=1)
              Filter: (kind_id = 7)
              Rows Removed by Filter: 985048
Planning time: 0.761 ms
Execution time: 20429.149 ms
