Nested Loop  (cost=0.43..83072.90 rows=6 width=0) (actual time=231.776..969.434 rows=1 loops=1)
  ->  Seq Scan on movie_keyword mk  (cost=0.00..81003.12 rows=246 width=4) (actual time=0.239..960.856 rows=48 loops=1)
        Filter: (keyword_id = 5198)
        Rows Removed by Filter: 4523882
  ->  Index Scan using title_pkey on title t  (cost=0.43..8.40 rows=1 width=4) (actual time=0.176..0.176 rows=0 loops=48)
        Index Cond: (id = mk.movie_id)
        Filter: ((kind_id = 7) AND (production_year = 2006))
        Rows Removed by Filter: 1
Planning time: 1.281 ms
Execution time: 969.507 ms
