Hash Join  (cost=75276.77..817797.63 rows=289994 width=169) (actual time=1770.159..15110.884 rows=486725 loops=1)
  Hash Cond: (mi.movie_id = t.id)
  ->  Seq Scan on movie_info mi  (cost=0.00..309384.22 rows=14739122 width=75) (actual time=0.013..6159.690 rows=14835720 loops=1)
  ->  Hash  (cost=73925.90..73925.90 rows=49749 width=94) (actual time=1769.807..1769.807 rows=44012 loops=1)
        Buckets: 32768  Batches: 2  Memory Usage: 2679kB
        ->  Seq Scan on title t  (cost=0.00..73925.90 rows=49749 width=94) (actual time=0.027..1385.295 rows=44012 loops=1)
              Filter: ((kind_id < 7) AND (production_year = 2009))
              Rows Removed by Filter: 2484300
Planning time: 0.995 ms
Execution time: 15148.685 ms
