Hash Join  (cost=251805.02..1258580.06 rows=8369859 width=0) (actual time=5778.409..24394.030 rows=10043210 loops=1)
  Hash Cond: (ci.movie_id = t.id)
  ->  Seq Scan on cast_info ci  (cost=0.00..796071.18 rows=9212054 width=4) (actual time=0.026..11978.803 rows=6308842 loops=1)
        Filter: ((person_id > 2507720) AND (role_id < 7))
        Rows Removed by Filter: 29935502
  ->  Hash  (cost=214113.01..214113.01 rows=2297361 width=8) (actual time=5777.147..5777.147 rows=2416390 loops=1)
        Buckets: 131072  Batches: 32  Memory Usage: 3943kB
        ->  Hash Join  (cost=104131.46..214113.01 rows=2297361 width=8) (actual time=1904.777..5087.250 rows=2416390 loops=1)
              Hash Cond: (mc.movie_id = t.id)
              ->  Seq Scan on movie_companies mc  (cost=0.00..44881.29 rows=2609129 width=4) (actual time=0.058..776.953 rows=2609129 loops=1)
              ->  Hash  (cost=67604.59..67604.59 rows=2226390 width=4) (actual time=1903.678..1903.678 rows=2224569 loops=1)
                    Buckets: 131072  Batches: 32  Memory Usage: 3463kB
                    ->  Seq Scan on title t  (cost=0.00..67604.59 rows=2226390 width=4) (actual time=0.014..1245.652 rows=2224569 loops=1)
                          Filter: (production_year < 2012)
                          Rows Removed by Filter: 303743
Planning time: 1.109 ms
Execution time: 25557.912 ms
