Hash Join  (cost=100089.65..270906.98 rows=3542538 width=0) (actual time=5883.781..15285.388 rows=3289886 loops=1)
  Hash Cond: (mk.movie_id = t.id)
  ->  Seq Scan on movie_keyword mk  (cost=0.00..69693.30 rows=4523930 width=4) (actual time=0.016..5187.545 rows=4523930 loops=1)
  ->  Hash  (cost=67604.59..67604.59 rows=1980005 width=4) (actual time=5882.200..5882.200 rows=1976617 loops=1)
        Buckets: 131072  Batches: 32  Memory Usage: 3212kB
        ->  Seq Scan on title t  (cost=0.00..67604.59 rows=1980005 width=4) (actual time=0.023..4809.230 rows=1976617 loops=1)
              Filter: (production_year > 1977)
              Rows Removed by Filter: 551695
Planning time: 11.752 ms
Execution time: 15729.901 ms
