Hash Join  (cost=153120.85..278051.14 rows=240325 width=0) (actual time=2514.009..5208.218 rows=360787 loops=1)
  Hash Cond: (mk.movie_id = t.id)
  ->  Seq Scan on movie_keyword mk  (cost=0.00..69693.30 rows=4523930 width=4) (actual time=0.019..1276.900 rows=4523930 loops=1)
  ->  Hash  (cost=150916.81..150916.81 rows=134323 width=8) (actual time=2513.131..2513.131 rows=35834 loops=1)
        Buckets: 131072  Batches: 2  Memory Usage: 1736kB
        ->  Hash Join  (cost=83810.17..150916.81 rows=134323 width=8) (actual time=1650.439..2502.019 rows=35834 loops=1)
              Hash Cond: (mc.movie_id = t.id)
              ->  Seq Scan on movie_companies mc  (cost=0.00..57926.93 rows=343859 width=4) (actual time=168.766..874.040 rows=35834 loops=1)
                    Filter: ((company_id > 44480) AND (company_type_id < 2))
                    Rows Removed by Filter: 2573295
              ->  Hash  (cost=67604.59..67604.59 rows=987727 width=4) (actual time=1480.560..1480.560 rows=985048 loops=1)
                    Buckets: 131072  Batches: 16  Memory Usage: 3188kB
                    ->  Seq Scan on title t  (cost=0.00..67604.59 rows=987727 width=4) (actual time=0.032..1161.552 rows=985048 loops=1)
                          Filter: (kind_id < 7)
                          Rows Removed by Filter: 1543264
Planning time: 1.100 ms
Execution time: 5257.194 ms
