Hash Join  (cost=208421.32..689759.79 rows=1239789 width=0) (actual time=4969.359..14115.490 rows=387554 loops=1)
  Hash Cond: (mi.movie_id = t.id)
  ->  Seq Scan on movie_info mi  (cost=0.00..346232.03 rows=9476311 width=4) (actual time=0.023..6080.597 rows=9565151 loops=1)
        Filter: (info_type_id < 16)
        Rows Removed by Filter: 5270569
  ->  Hash  (cost=202993.22..202993.22 rows=330808 width=8) (actual time=4022.428..4022.428 rows=48445 loops=1)
        Buckets: 131072  Batches: 8  Memory Usage: 1255kB
        ->  Hash Join  (cost=76960.10..202993.22 rows=330808 width=8) (actual time=2664.697..4008.277 rows=48445 loops=1)
              Hash Cond: (mk.movie_id = t.id)
              ->  Seq Scan on movie_keyword mk  (cost=0.00..69693.30 rows=4523930 width=4) (actual time=0.008..1319.334 rows=4523930 loops=1)
              ->  Hash  (cost=73925.90..73925.90 rows=184896 width=4) (actual time=1127.155..1127.155 rows=79092 loops=1)
                    Buckets: 131072  Batches: 4  Memory Usage: 1724kB
                    ->  Seq Scan on title t  (cost=0.00..73925.90 rows=184896 width=4) (actual time=0.015..1097.192 rows=79092 loops=1)
                          Filter: ((production_year < 1965) AND (kind_id = 7))
                          Rows Removed by Filter: 2449220
Planning time: 1.126 ms
Execution time: 14163.923 ms
