Hash Join  (cost=120893.03..611021.17 rows=967323 width=0) (actual time=2307.703..13970.393 rows=1638644 loops=1)
  Hash Cond: (mi.movie_id = t.id)
  ->  Seq Scan on movie_info mi  (cost=0.00..309384.22 rows=14739122 width=4) (actual time=0.013..5078.696 rows=14835720 loops=1)
  ->  Hash  (cost=118169.71..118169.71 rows=165946 width=8) (actual time=2306.917..2306.917 rows=123044 loops=1)
        Buckets: 131072  Batches: 4  Memory Usage: 2224kB
        ->  Hash Join  (cost=82423.69..118169.71 rows=165946 width=8) (actual time=1375.885..2263.896 rows=123044 loops=1)
              Hash Cond: (mi_idx.movie_id = t.id)
              ->  Seq Scan on movie_info_idx mi_idx  (cost=0.00..25185.44 rows=464566 width=4) (actual time=0.021..462.414 rows=459925 loops=1)
                    Filter: (info_type_id = 101)
                    Rows Removed by Filter: 920110
              ->  Hash  (cost=67604.59..67604.59 rows=903208 width=4) (actual time=1374.541..1374.541 rows=904491 loops=1)
                    Buckets: 131072  Batches: 16  Memory Usage: 3010kB
                    ->  Seq Scan on title t  (cost=0.00..67604.59 rows=903208 width=4) (actual time=0.014..1080.761 rows=904491 loops=1)
                          Filter: (production_year > 2006)
                          Rows Removed by Filter: 1623821
Planning time: 1.200 ms
Execution time: 14190.584 ms
