Hash Join  (cost=356568.50..1811788.25 rows=37414794 width=0) (actual time=8173.569..69411.322 rows=124755547 loops=1)
  Hash Cond: (ci.movie_id = t.id)
  ->  Seq Scan on cast_info ci  (cost=0.00..705507.15 rows=23499554 width=4) (actual time=0.014..14970.240 rows=23573656 loops=1)
        Filter: (role_id > 1)
        Rows Removed by Filter: 12670688
  ->  Hash  (cost=290520.10..290520.10 rows=4025792 width=8) (actual time=8172.787..8172.787 rows=4021945 loops=1)
        Buckets: 131072  Batches: 64  Memory Usage: 3504kB
        ->  Hash Join  (cost=102767.86..290520.10 rows=4025792 width=8) (actual time=1967.140..6987.209 rows=4021945 loops=1)
              Hash Cond: (mk.movie_id = t.id)
              ->  Seq Scan on movie_keyword mk  (cost=0.00..81003.12 rows=4025792 width=4) (actual time=0.025..1613.803 rows=4021945 loops=1)
                    Filter: (keyword_id > 359)
                    Rows Removed by Filter: 501985
              ->  Hash  (cost=61283.27..61283.27 rows=2528527 width=4) (actual time=1964.884..1964.884 rows=2528312 loops=1)
                    Buckets: 131072  Batches: 64  Memory Usage: 2425kB
                    ->  Seq Scan on title t  (cost=0.00..61283.27 rows=2528527 width=4) (actual time=0.009..1043.068 rows=2528312 loops=1)
Planning time: 1.195 ms
Execution time: 83766.857 ms
