Hash Join  (cost=156487.41..230246.47 rows=191078 width=0) (actual time=3471.909..4893.887 rows=522270 loops=1)
  Hash Cond: (mc.movie_id = t.id)
  ->  Seq Scan on movie_companies mc  (cost=0.00..57926.93 rows=1048091 width=4) (actual time=379.320..1085.095 rows=1191902 loops=1)
        Filter: ((company_id > 554) AND (company_type_id > 1))
        Rows Removed by Filter: 1417227
  ->  Hash  (cost=148924.19..148924.19 rows=460978 width=8) (actual time=3091.752..3091.752 rows=459925 loops=1)
        Buckets: 131072  Batches: 8  Memory Usage: 3275kB
        ->  Hash Join  (cost=102767.86..148924.19 rows=460978 width=8) (actual time=1661.939..2947.602 rows=459925 loops=1)
              Hash Cond: (mi_idx.movie_id = t.id)
              ->  Seq Scan on movie_info_idx mi_idx  (cost=0.00..25185.44 rows=460978 width=4) (actual time=0.027..422.952 rows=459925 loops=1)
                    Filter: (info_type_id = 99)
                    Rows Removed by Filter: 920110
              ->  Hash  (cost=61283.27..61283.27 rows=2528527 width=4) (actual time=1660.306..1660.306 rows=2528312 loops=1)
                    Buckets: 131072  Batches: 64  Memory Usage: 2415kB
                    ->  Seq Scan on title t  (cost=0.00..61283.27 rows=2528527 width=4) (actual time=0.018..841.546 rows=2528312 loops=1)
Planning time: 1.196 ms
Execution time: 4951.301 ms
