Seq Scan on movie_keyword mk  (cost=0.00..81003.12 rows=246 width=0) (actual time=6.981..1175.113 rows=228 loops=1)
  Filter: (keyword_id = 8459)
  Rows Removed by Filter: 4523702
Planning time: 0.325 ms
Execution time: 1175.316 ms
