Seq Scan on movie_keyword mk  (cost=0.00..81003.12 rows=4214673 width=0) (actual time=0.020..1531.137 rows=4218347 loops=1)
  Filter: (keyword_id < 53103)
  Rows Removed by Filter: 305583
Planning time: 0.288 ms
Execution time: 2057.645 ms
