Hash Join  (cost=174164.03..321011.25 rows=1197191 width=0) (actual time=3803.050..8356.277 rows=5371691 loops=1)
  Hash Cond: (mk.movie_id = t.id)
  ->  Seq Scan on movie_keyword mk  (cost=0.00..81003.12 rows=4428048 width=4) (actual time=0.026..1711.604 rows=4429904 loops=1)
        Filter: (keyword_id < 83929)
        Rows Removed by Filter: 94026
  ->  Hash  (cost=162947.71..162947.71 rows=683626 width=8) (actual time=3798.540..3798.540 rows=524576 loops=1)
        Buckets: 131072  Batches: 16  Memory Usage: 2303kB
        ->  Hash Join  (cost=78473.92..162947.71 rows=683626 width=8) (actual time=1297.121..3628.379 rows=524576 loops=1)
              Hash Cond: (mc.movie_id = t.id)
              ->  Seq Scan on movie_companies mc  (cost=0.00..44881.29 rows=2609129 width=4) (actual time=0.019..804.826 rows=2609129 loops=1)
              ->  Hash  (cost=67604.59..67604.59 rows=662507 width=4) (actual time=1295.991..1295.991 rows=662065 loops=1)
                    Buckets: 131072  Batches: 16  Memory Usage: 2481kB
                    ->  Seq Scan on title t  (cost=0.00..67604.59 rows=662507 width=4) (actual time=0.021..1074.588 rows=662065 loops=1)
                          Filter: (production_year > 2008)
                          Rows Removed by Filter: 1866247
Planning time: 1.154 ms
Execution time: 8886.241 ms
