Hash Join  (cost=187593.99..1085690.29 rows=4216943 width=0) (actual time=10457.860..69419.639 rows=16546414 loops=1)
  Hash Cond: (ci.movie_id = t.id)
  ->  Seq Scan on cast_info ci  (cost=0.00..705507.15 rows=12726058 width=4) (actual time=0.013..43942.375 rows=12670688 loops=1)
        Filter: (role_id = 1)
        Rows Removed by Filter: 23573656
  ->  Hash  (cost=173847.74..173847.74 rows=837860 width=8) (actual time=10456.567..10456.567 rows=1355820 loops=1)
        Buckets: 131072 (originally 131072)  Batches: 32 (originally 16)  Memory Usage: 3073kB
        ->  Hash Join  (cost=87247.62..173847.74 rows=837860 width=8) (actual time=4435.822..9959.392 rows=1355820 loops=1)
              Hash Cond: (mc.movie_id = t.id)
              ->  Seq Scan on movie_companies mc  (cost=0.00..44881.29 rows=2609129 width=4) (actual time=0.018..3313.733 rows=2609129 loops=1)
              ->  Hash  (cost=73925.90..73925.90 rows=811977 width=4) (actual time=4434.834..4434.834 rows=725903 loops=1)
                    Buckets: 131072  Batches: 16  Memory Usage: 2621kB
                    ->  Seq Scan on title t  (cost=0.00..73925.90 rows=811977 width=4) (actual time=0.024..4066.438 rows=725903 loops=1)
                          Filter: ((kind_id < 7) AND (production_year > 1970))
                          Rows Removed by Filter: 1802409
Planning time: 1.583 ms
Execution time: 71882.956 ms
