Seq Scan on movie_companies mc  (cost=0.00..57926.93 rows=53 width=0) (actual time=104.255..853.317 rows=10 loops=1)
  Filter: ((company_type_id > 1) AND (company_id = 1586))
  Rows Removed by Filter: 2609119
Planning time: 0.354 ms
Execution time: 853.412 ms
