Seq Scan on movie_keyword mk  (cost=0.00..81003.12 rows=246 width=0) (actual time=0.544..1258.516 rows=708 loops=1)
  Filter: (keyword_id = 7168)
  Rows Removed by Filter: 4523222
Planning time: 0.387 ms
Execution time: 1258.868 ms
