Hash Join  (cost=105814.36..150250.60 rows=424591 width=0) (actual time=2234.876..3458.766 rows=444736 loops=1)
  Hash Cond: (mi_idx.movie_id = t.id)
  ->  Seq Scan on movie_info_idx mi_idx  (cost=0.00..25185.44 rows=460978 width=4) (actual time=0.019..492.119 rows=459925 loops=1)
        Filter: (info_type_id < 100)
        Rows Removed by Filter: 920110
  ->  Hash  (cost=67604.59..67604.59 rows=2328942 width=4) (actual time=2233.568..2233.568 rows=2323095 loops=1)
        Buckets: 131072  Batches: 32  Memory Usage: 3579kB
        ->  Seq Scan on title t  (cost=0.00..67604.59 rows=2328942 width=4) (actual time=0.022..1312.778 rows=2323095 loops=1)
              Filter: (production_year > 1936)
              Rows Removed by Filter: 205217
Planning time: 0.809 ms
Execution time: 3507.294 ms
