Seq Scan on movie_companies mc  (cost=0.00..57926.93 rows=147159 width=0) (actual time=209.450..836.519 rows=292477 loops=1)
  Filter: ((company_id > 94820) AND (company_type_id = 2))
  Rows Removed by Filter: 2316652
Planning time: 0.408 ms
Execution time: 871.682 ms
