Hash Join  (cost=160823.02..958055.81 rows=116168 width=0) (actual time=2773.745..18164.465 rows=65030 loops=1)
  Hash Cond: (ci.movie_id = t.id)
  ->  Seq Scan on cast_info ci  (cost=0.00..614943.12 rows=36225612 width=4) (actual time=0.015..8177.962 rows=36244344 loops=1)
  ->  Hash  (cost=160721.67..160721.67 rows=8108 width=8) (actual time=2772.035..2772.035 rows=3997 loops=1)
        Buckets: 8192  Batches: 1  Memory Usage: 221kB
        ->  Hash Join  (cost=73982.55..160721.67 rows=8108 width=8) (actual time=1815.009..2770.622 rows=3997 loops=1)
              Hash Cond: (mk.movie_id = t.id)
              ->  Seq Scan on movie_keyword mk  (cost=0.00..69693.30 rows=4523930 width=4) (actual time=0.009..910.543 rows=4523930 loops=1)
              ->  Hash  (cost=73925.90..73925.90 rows=4532 width=4) (actual time=1018.647..1018.647 rows=6092 loops=1)
                    Buckets: 8192  Batches: 1  Memory Usage: 279kB
                    ->  Seq Scan on title t  (cost=0.00..73925.90 rows=4532 width=4) (actual time=0.010..1015.458 rows=6092 loops=1)
                          Filter: ((kind_id = 7) AND (production_year = 1958))
                          Rows Removed by Filter: 2522220
Planning time: 0.744 ms
Execution time: 18174.553 ms
