Seq Scan on movie_companies mc  (cost=0.00..57926.93 rows=696854 width=0) (actual time=359.334..951.360 rows=958349 loops=1)
  Filter: ((company_id < 12363) AND (company_type_id < 2))
  Rows Removed by Filter: 1650780
Planning time: 0.350 ms
Execution time: 1073.420 ms
