Hash Join  (cost=256373.26..1572716.50 rows=23096005 width=0) (actual time=4942.173..36088.686 rows=13119310 loops=1)
  Hash Cond: (ci.movie_id = t.id)
  ->  Seq Scan on cast_info ci  (cost=0.00..614943.12 rows=36225612 width=4) (actual time=0.019..11449.682 rows=36244344 loops=1)
  ->  Hash  (cost=229924.16..229924.16 rows=1612088 width=8) (actual time=4939.755..4939.755 rows=391411 loops=1)
        Buckets: 131072  Batches: 32  Memory Usage: 1495kB
        ->  Hash Join  (cost=92883.59..229924.16 rows=1612088 width=8) (actual time=2978.058..4810.809 rows=391411 loops=1)
              Hash Cond: (mk.movie_id = t.id)
              ->  Seq Scan on movie_keyword mk  (cost=0.00..81003.12 rows=2645514 width=4) (actual time=0.025..1657.448 rows=2630758 loops=1)
                    Filter: (keyword_id > 3235)
                    Rows Removed by Filter: 1893172
              ->  Hash  (cost=67604.59..67604.59 rows=1540800 width=4) (actual time=1582.048..1582.048 rows=1543264 loops=1)
                    Buckets: 131072  Batches: 32  Memory Usage: 2728kB
                    ->  Seq Scan on title t  (cost=0.00..67604.59 rows=1540800 width=4) (actual time=0.023..1081.569 rows=1543264 loops=1)
                          Filter: (kind_id = 7)
                          Rows Removed by Filter: 985048
Planning time: 1.173 ms
Execution time: 37407.902 ms
