Nested Loop  (cost=0.43..71935.10 rows=1749 width=0) (actual time=2.502..814.552 rows=3722 loops=1)
  ->  Seq Scan on movie_companies mc  (cost=0.00..57926.93 rows=1749 width=4) (actual time=2.440..745.243 rows=3722 loops=1)
        Filter: ((company_id = 312) AND (company_type_id = 1))
        Rows Removed by Filter: 2605407
  ->  Index Only Scan using title_pkey on title t  (cost=0.43..8.00 rows=1 width=4) (actual time=0.018..0.018 rows=1 loops=3722)
        Index Cond: (id = mc.movie_id)
        Heap Fetches: 3722
Planning time: 0.706 ms
Execution time: 815.639 ms
