Seq Scan on title t  (cost=0.00..73925.90 rows=634867 width=0) (actual time=267.193..598.814 rows=596465 loops=1)
  Filter: ((production_year > 1914) AND (kind_id = 1))
  Rows Removed by Filter: 1931847
Planning time: 0.365 ms
Execution time: 640.535 ms
