Hash Join  (cost=837637.85..974909.98 rows=1253309 width=0) (actual time=15068.225..17814.154 rows=514647 loops=1)
  Hash Cond: (mk.movie_id = t.id)
  ->  Seq Scan on movie_keyword mk  (cost=0.00..69693.30 rows=4523930 width=4) (actual time=0.013..1312.137 rows=4523930 loops=1)
  ->  Hash  (cost=826144.56..826144.56 rows=700503 width=8) (actual time=14367.488..14367.488 rows=532735 loops=1)
        Buckets: 131072  Batches: 16  Memory Usage: 2314kB
        ->  Hash Join  (cost=92883.59..826144.56 rows=700503 width=8) (actual time=12471.859..14196.559 rows=532735 loops=1)
              Hash Cond: (ci.movie_id = t.id)
              ->  Seq Scan on cast_info ci  (cost=0.00..705507.15 rows=1149559 width=4) (actual time=10891.474..11614.321 rows=1093558 loops=1)
                    Filter: (role_id = 9)
                    Rows Removed by Filter: 35150786
              ->  Hash  (cost=67604.59..67604.59 rows=1540800 width=4) (actual time=1578.900..1578.900 rows=1543264 loops=1)
                    Buckets: 131072  Batches: 32  Memory Usage: 2722kB
                    ->  Seq Scan on title t  (cost=0.00..67604.59 rows=1540800 width=4) (actual time=0.031..1092.654 rows=1543264 loops=1)
                          Filter: (kind_id = 7)
                          Rows Removed by Filter: 985048
Planning time: 1.124 ms
Execution time: 17878.041 ms
