Hash Join  (cost=83074.16..833884.82 rows=2148 width=0) (actual time=1167.088..14112.669 rows=2923 loops=1)
  Hash Cond: (ci.movie_id = t.id)
  ->  Seq Scan on cast_info ci  (cost=0.00..614943.12 rows=36225612 width=4) (actual time=0.024..6698.202 rows=36244344 loops=1)
  ->  Hash  (cost=83072.29..83072.29 rows=150 width=8) (actual time=1147.759..1147.759 rows=81 loops=1)
        Buckets: 1024  Batches: 1  Memory Usage: 12kB
        ->  Nested Loop  (cost=0.43..83072.29 rows=150 width=8) (actual time=304.740..1147.687 rows=81 loops=1)
              ->  Seq Scan on movie_keyword mk  (cost=0.00..81003.12 rows=246 width=4) (actual time=0.168..1125.449 rows=951 loops=1)
                    Filter: (keyword_id = 4929)
                    Rows Removed by Filter: 4522979
              ->  Index Scan using title_pkey on title t  (cost=0.43..8.40 rows=1 width=4) (actual time=0.022..0.022 rows=0 loops=951)
                    Index Cond: (id = mk.movie_id)
                    Filter: (kind_id = 7)
                    Rows Removed by Filter: 1
Planning time: 1.164 ms
Execution time: 14114.085 ms
