Hash Join  (cost=102767.86..219999.68 rows=1095058 width=0) (actual time=1795.388..4364.909 rows=1102686 loops=1)
  Hash Cond: (mk.movie_id = t.id)
  ->  Seq Scan on movie_keyword mk  (cost=0.00..81003.12 rows=1095058 width=4) (actual time=0.021..1284.634 rows=1102686 loops=1)
        Filter: (keyword_id < 1135)
        Rows Removed by Filter: 3421244
  ->  Hash  (cost=61283.27..61283.27 rows=2528527 width=4) (actual time=1793.554..1793.554 rows=2528312 loops=1)
        Buckets: 131072  Batches: 64  Memory Usage: 2425kB
        ->  Seq Scan on title t  (cost=0.00..61283.27 rows=2528527 width=4) (actual time=0.013..943.157 rows=2528312 loops=1)
Planning time: 0.520 ms
Execution time: 4501.843 ms
