Hash Join  (cost=173126.84..301221.52 rows=684586 width=0) (actual time=8717.553..20663.192 rows=19767050 loops=1)
  Hash Cond: (mk.movie_id = t.id)
  ->  Seq Scan on movie_keyword mk  (cost=0.00..81003.12 rows=3303650 width=4) (actual time=0.024..4464.041 rows=3294371 loops=1)
        Filter: (keyword_id < 14756)
        Rows Removed by Filter: 1229559
  ->  Hash  (cost=164530.29..164530.29 rows=523964 width=8) (actual time=8716.335..8716.335 rows=1121924 loops=1)
        Buckets: 131072 (originally 131072)  Batches: 16 (originally 8)  Memory Usage: 3839kB
        ->  Hash Join  (cost=82257.13..164530.29 rows=523964 width=8) (actual time=3690.664..8305.712 rows=1121924 loops=1)
              Hash Cond: (mc.movie_id = t.id)
              ->  Seq Scan on movie_companies mc  (cost=0.00..44881.29 rows=2609129 width=4) (actual time=0.022..2621.886 rows=2609129 loops=1)
              ->  Hash  (cost=73925.90..73925.90 rows=507778 width=4) (actual time=3689.788..3689.788 rows=524129 loops=1)
                    Buckets: 131072  Batches: 8  Memory Usage: 3340kB
                    ->  Seq Scan on title t  (cost=0.00..73925.90 rows=507778 width=4) (actual time=0.022..3217.128 rows=524129 loops=1)
                          Filter: ((kind_id < 2) AND (production_year < 2010))
                          Rows Removed by Filter: 2004183
Planning time: 1.097 ms
Execution time: 23482.869 ms
