Seq Scan on movie_keyword mk  (cost=0.00..81003.12 rows=697455 width=0) (actual time=0.017..1263.874 rows=701889 loops=1)
  Filter: (keyword_id > 26850)
  Rows Removed by Filter: 3822041
Planning time: 0.246 ms
Execution time: 1358.427 ms
