Seq Scan on title t  (cost=0.00..73925.90 rows=58621 width=0) (actual time=436.480..1127.014 rows=2 loops=1)
  Filter: ((kind_id > 1) AND (production_year < 1918))
  Rows Removed by Filter: 2528310
Planning time: 0.325 ms
Execution time: 1127.137 ms
