Hash Join  (cost=481914.64..567994.40 rows=800123 width=0) (actual time=8127.988..10000.068 rows=337182 loops=1)
  Hash Cond: (mc.movie_id = t.id)
  ->  Seq Scan on movie_companies mc  (cost=0.00..44881.29 rows=2609129 width=4) (actual time=0.026..919.502 rows=2609129 loops=1)
  ->  Hash  (cost=469193.06..469193.06 rows=775406 width=8) (actual time=7555.702..7555.702 rows=286384 loops=1)
        Buckets: 131072  Batches: 16  Memory Usage: 1719kB
        ->  Hash Join  (cost=92883.59..469193.06 rows=775406 width=8) (actual time=1963.077..7463.049 rows=286384 loops=1)
              Hash Cond: (mi.movie_id = t.id)
              ->  Seq Scan on movie_info mi  (cost=0.00..346232.03 rows=1272478 width=4) (actual time=296.630..4784.286 rows=1325361 loops=1)
                    Filter: (info_type_id = 8)
                    Rows Removed by Filter: 13510359
              ->  Hash  (cost=67604.59..67604.59 rows=1540800 width=4) (actual time=1665.169..1665.169 rows=1543264 loops=1)
                    Buckets: 131072  Batches: 32  Memory Usage: 2728kB
                    ->  Seq Scan on title t  (cost=0.00..67604.59 rows=1540800 width=4) (actual time=0.024..1156.542 rows=1543264 loops=1)
                          Filter: (kind_id = 7)
                          Rows Removed by Filter: 985048
Planning time: 1.092 ms
Execution time: 10038.832 ms
