Hash Join  (cost=96369.35..248190.26 rows=2447487 width=0) (actual time=1650.362..5791.949 rows=1369236 loops=1)
  Hash Cond: (mk.movie_id = t.id)
  ->  Seq Scan on movie_keyword mk  (cost=0.00..69693.30 rows=4523930 width=4) (actual time=0.028..1296.358 rows=4523930 loops=1)
  ->  Hash  (cost=73925.90..73925.90 rows=1367956 width=4) (actual time=1649.010..1649.010 rows=1492937 loops=1)
        Buckets: 131072  Batches: 32  Memory Usage: 2681kB
        ->  Seq Scan on title t  (cost=0.00..73925.90 rows=1367956 width=4) (actual time=0.015..1175.656 rows=1492937 loops=1)
              Filter: ((kind_id > 1) AND (production_year > 1985))
              Rows Removed by Filter: 1035375
Planning time: 0.737 ms
Execution time: 5961.061 ms
