Seq Scan on cast_info ci  (cost=0.00..796071.18 rows=259491 width=0) (actual time=7826.154..11396.705 rows=137327 loops=1)
  Filter: ((person_id < 1014398) AND (role_id = 5))
  Rows Removed by Filter: 36107017
Planning time: 0.380 ms
Execution time: 11414.229 ms
