Hash Join  (cost=69694.50..139946.87 rows=49369 width=0) (actual time=1239.456..2477.241 rows=52983 loops=1)
  Hash Cond: (mc.movie_id = t.id)
  ->  Seq Scan on movie_companies mc  (cost=0.00..57926.93 rows=980198 width=4) (actual time=262.142..1051.183 rows=1141739 loops=1)
        Filter: ((company_id > 1133) AND (company_type_id = 2))
        Rows Removed by Filter: 1467390
  ->  Hash  (cost=67604.59..67604.59 rows=127353 width=4) (actual time=976.433..976.433 rows=128696 loops=1)
        Buckets: 131072  Batches: 2  Memory Usage: 3284kB
        ->  Seq Scan on title t  (cost=0.00..67604.59 rows=127353 width=4) (actual time=0.022..924.437 rows=128696 loops=1)
              Filter: (production_year = 2009)
              Rows Removed by Filter: 2399616
Planning time: 0.704 ms
Execution time: 2484.979 ms
