Seq Scan on title t  (cost=0.00..73925.90 rows=6414 width=0) (actual time=0.023..923.236 rows=7736 loops=1)
  Filter: ((kind_id = 4) AND (production_year = 2010))
  Rows Removed by Filter: 2520576
Planning time: 0.385 ms
Execution time: 924.879 ms
