Nested Loop  (cost=0.43..58358.52 rows=32 width=0) (actual time=166.469..723.422 rows=1 loops=1)
  ->  Seq Scan on movie_companies mc  (cost=0.00..57926.93 rows=51 width=4) (actual time=166.386..723.277 rows=2 loops=1)
        Filter: ((company_type_id < 2) AND (company_id = 5386))
        Rows Removed by Filter: 2609127
  ->  Index Scan using title_pkey on title t  (cost=0.43..8.45 rows=1 width=4) (actual time=0.065..0.066 rows=0 loops=2)
        Index Cond: (id = mc.movie_id)
        Filter: ((kind_id > 1) AND (production_year > 1963))
        Rows Removed by Filter: 0
Planning time: 0.519 ms
Execution time: 723.500 ms
