Hash Join  (cost=102767.86..171320.66 rows=31007 width=0) (actual time=5739.988..8713.878 rows=55497 loops=1)
  Hash Cond: (mc.movie_id = t.id)
  ->  Seq Scan on movie_companies mc  (cost=0.00..57926.93 rows=31007 width=4) (actual time=0.142..2518.541 rows=55497 loops=1)
        Filter: ((company_id = 6) AND (company_type_id = 1))
        Rows Removed by Filter: 2553632
  ->  Hash  (cost=61283.27..61283.27 rows=2528527 width=4) (actual time=5738.861..5738.861 rows=2528312 loops=1)
        Buckets: 131072  Batches: 64  Memory Usage: 2415kB
        ->  Seq Scan on title t  (cost=0.00..61283.27 rows=2528527 width=4) (actual time=0.020..4224.170 rows=2528312 loops=1)
Planning time: 3.760 ms
Execution time: 8721.209 ms
