Hash Join  (cost=719511.94..2238327.92 rows=44371582 width=0) (actual time=19921.444..97458.296 rows=195098579 loops=1)
  Hash Cond: (ci.movie_id = t.id)
  ->  Seq Scan on cast_info ci  (cost=0.00..705507.15 rows=19486398 width=4) (actual time=0.015..13595.112 rows=19647700 loops=1)
        Filter: (person_id > 1642945)
        Rows Removed by Filter: 16596644
  ->  Hash  (cost=625051.03..625051.03 rows=5757593 width=8) (actual time=19916.095..19916.095 rows=10872384 loops=1)
        Buckets: 131072 (originally 131072)  Batches: 256 (originally 128)  Memory Usage: 3073kB
        ->  Hash Join  (cost=83810.17..625051.03 rows=5757593 width=8) (actual time=1415.629..16904.872 rows=10872384 loops=1)
              Hash Cond: (mi.movie_id = t.id)
              ->  Seq Scan on movie_info mi  (cost=0.00..309384.22 rows=14739122 width=4) (actual time=0.030..5197.684 rows=14835720 loops=1)
              ->  Hash  (cost=67604.59..67604.59 rows=987727 width=4) (actual time=1414.615..1414.615 rows=985048 loops=1)
                    Buckets: 131072  Batches: 16  Memory Usage: 3197kB
                    ->  Seq Scan on title t  (cost=0.00..67604.59 rows=987727 width=4) (actual time=0.023..1108.033 rows=985048 loops=1)
                          Filter: (kind_id < 7)
                          Rows Removed by Filter: 1543264
Planning time: 1.211 ms
Execution time: 119354.594 ms
