Hash Join  (cost=98137.04..1187400.84 rows=10431944 width=0) (actual time=1765.115..26007.129 rows=8990736 loops=1)
  Hash Cond: (ci.movie_id = t.id)
  ->  Seq Scan on cast_info ci  (cost=0.00..796071.18 rows=14173836 width=4) (actual time=0.020..13071.074 rows=12615993 loops=1)
        Filter: ((person_id > 1990087) AND (role_id < 10))
        Rows Removed by Filter: 23628351
  ->  Hash  (cost=67604.59..67604.59 rows=1860996 width=4) (actual time=1764.283..1764.283 rows=1865487 loops=1)
        Buckets: 131072  Batches: 32  Memory Usage: 3079kB
        ->  Seq Scan on title t  (cost=0.00..67604.59 rows=1860996 width=4) (actual time=0.020..1171.740 rows=1865487 loops=1)
              Filter: (kind_id > 1)
              Rows Removed by Filter: 662825
Planning time: 0.763 ms
Execution time: 27046.239 ms
