Hash Join  (cost=219208.65..1069270.75 rows=4074225 width=0) (actual time=7164.451..25590.571 rows=15106626 loops=1)
  Hash Cond: (ci.movie_id = t.id)
  ->  Seq Scan on cast_info ci  (cost=0.00..705507.15 rows=8572187 width=4) (actual time=2445.530..11682.605 rows=8486314 loops=1)
        Filter: (role_id > 5)
        Rows Removed by Filter: 27758030
  ->  Hash  (cost=199491.54..199491.54 rows=1201769 width=8) (actual time=4718.082..4718.082 rows=1150147 loops=1)
        Buckets: 131072  Batches: 16  Memory Usage: 3807kB
        ->  Hash Join  (cost=102767.86..199491.54 rows=1201769 width=8) (actual time=2174.933..4380.874 rows=1150147 loops=1)
              Hash Cond: (mc.movie_id = t.id)
              ->  Seq Scan on movie_companies mc  (cost=0.00..57926.93 rows=1201769 width=4) (actual time=295.435..1168.994 rows=1150147 loops=1)
                    Filter: ((company_id > 27) AND (company_type_id < 2))
                    Rows Removed by Filter: 1458982
              ->  Hash  (cost=61283.27..61283.27 rows=2528527 width=4) (actual time=1878.631..1878.631 rows=2528312 loops=1)
                    Buckets: 131072  Batches: 64  Memory Usage: 2415kB
                    ->  Seq Scan on title t  (cost=0.00..61283.27 rows=2528527 width=4) (actual time=0.024..1050.056 rows=2528312 loops=1)
Planning time: 1.103 ms
Execution time: 27265.456 ms
