Seq Scan on cast_info ci  (cost=0.00..705507.15 rows=33154693 width=0) (actual time=0.021..12604.724 rows=33110330 loops=1)
  Filter: (person_id < 3484382)
  Rows Removed by Filter: 3134014
Planning time: 0.326 ms
Execution time: 16722.186 ms
