Hash Join  (cost=152762.36..277119.14 rows=193274 width=0) (actual time=3093.391..5705.390 rows=134288 loops=1)
  Hash Cond: (mk.movie_id = t.id)
  ->  Seq Scan on movie_keyword mk  (cost=0.00..69693.30 rows=4523930 width=4) (actual time=0.013..1294.414 rows=4523930 loops=1)
  ->  Hash  (cost=150990.05..150990.05 rows=108025 width=8) (actual time=3092.297..3092.297 rows=41682 loops=1)
        Buckets: 131072  Batches: 2  Memory Usage: 1844kB
        ->  Hash Join  (cost=77854.63..150990.05 rows=108025 width=8) (actual time=2485.166..3077.949 rows=41682 loops=1)
              Hash Cond: (mc.movie_id = t.id)
              ->  Seq Scan on movie_companies mc  (cost=0.00..57926.93 rows=1140863 width=4) (actual time=0.015..1083.172 rows=1274246 loops=1)
                    Filter: ((company_id < 95345) AND (company_type_id < 2))
                    Rows Removed by Filter: 1334883
              ->  Hash  (cost=73925.90..73925.90 rows=239418 width=4) (actual time=1133.897..1133.897 rows=256906 loops=1)
                    Buckets: 131072  Batches: 4  Memory Usage: 3296kB
                    ->  Seq Scan on title t  (cost=0.00..73925.90 rows=239418 width=4) (actual time=0.018..1043.140 rows=256906 loops=1)
                          Filter: ((production_year > 2010) AND (kind_id = 7))
                          Rows Removed by Filter: 2271406
Planning time: 2.735 ms
Execution time: 5719.231 ms
