Hash Join  (cost=448864.50..575449.68 rows=420252 width=0) (actual time=7353.234..19027.813 rows=41646603 loops=1)
  Hash Cond: (mk.movie_id = t.id)
  ->  Seq Scan on movie_keyword mk  (cost=0.00..81003.12 rows=3475344 width=4) (actual time=0.015..1536.226 rows=3464905 loops=1)
        Filter: (keyword_id < 16666)
        Rows Removed by Filter: 1059025
  ->  Hash  (cost=443847.51..443847.51 rows=305759 width=8) (actual time=7351.774..7351.774 rows=933893 loops=1)
        Buckets: 131072 (originally 131072)  Batches: 16 (originally 4)  Memory Usage: 3331kB
        ->  Hash Join  (cost=78556.72..443847.51 rows=305759 width=8) (actual time=1387.389..7061.538 rows=933893 loops=1)
              Hash Cond: (mi.movie_id = t.id)
              ->  Seq Scan on movie_info mi  (cost=0.00..346232.03 rows=1158179 width=4) (actual time=222.423..4932.364 rows=1204709 loops=1)
                    Filter: (info_type_id > 18)
                    Rows Removed by Filter: 13631011
              ->  Hash  (cost=67604.59..67604.59 rows=667531 width=4) (actual time=1162.773..1162.773 rows=662825 loops=1)
                    Buckets: 131072  Batches: 16  Memory Usage: 2485kB
                    ->  Seq Scan on title t  (cost=0.00..67604.59 rows=667531 width=4) (actual time=309.955..961.567 rows=662825 loops=1)
                          Filter: (kind_id = 1)
                          Rows Removed by Filter: 1865487
Planning time: 1.099 ms
Execution time: 23519.411 ms
