Seq Scan on movie_keyword mk  (cost=0.00..81003.12 rows=1962055 width=0) (actual time=0.019..1383.161 rows=1966349 loops=1)
  Filter: (keyword_id > 6441)
  Rows Removed by Filter: 2557581
Planning time: 0.312 ms
Execution time: 1628.121 ms
