Hash Join  (cost=919578.98..1047431.15 rows=480113 width=0) (actual time=13682.074..16940.476 rows=972350 loops=1)
  Hash Cond: (mk.movie_id = t.id)
  ->  Seq Scan on movie_keyword mk  (cost=0.00..69693.30 rows=4523930 width=4) (actual time=0.019..1278.667 rows=4523930 loops=1)
  ->  Hash  (cost=915175.66..915175.66 rows=268346 width=8) (actual time=13681.223..13681.223 rows=143205 loops=1)
        Buckets: 131072  Batches: 4  Memory Usage: 2423kB
        ->  Hash Join  (cost=102767.86..915175.66 rows=268346 width=8) (actual time=3968.791..13639.230 rows=143205 loops=1)
              Hash Cond: (ci.movie_id = t.id)
              ->  Seq Scan on cast_info ci  (cost=0.00..796071.18 rows=268346 width=4) (actual time=2167.097..11373.704 rows=143205 loops=1)
                    Filter: ((person_id < 1052317) AND (role_id = 5))
                    Rows Removed by Filter: 36101139
              ->  Hash  (cost=61283.27..61283.27 rows=2528527 width=4) (actual time=1800.237..1800.237 rows=2528312 loops=1)
                    Buckets: 131072  Batches: 64  Memory Usage: 2415kB
                    ->  Seq Scan on title t  (cost=0.00..61283.27 rows=2528527 width=4) (actual time=0.027..1013.303 rows=2528312 loops=1)
Planning time: 1.161 ms
Execution time: 17064.232 ms
