Seq Scan on cast_info ci  (cost=0.00..796071.18 rows=17454437 width=0) (actual time=0.014..15933.495 rows=16838709 loops=1)
  Filter: ((person_id > 438774) AND (role_id < 3))
  Rows Removed by Filter: 19405635
Planning time: 0.353 ms
Execution time: 18023.961 ms
