Seq Scan on movie_keyword mk  (cost=0.00..81003.12 rows=2743365 width=0) (actual time=2.161..4303.847 rows=2740935 loops=1)
  Filter: (keyword_id < 7776)
  Rows Removed by Filter: 1782995
Planning time: 0.282 ms
Execution time: 4790.755 ms
