Hash Join  (cost=164492.50..196003.77 rows=30333 width=0) (actual time=3142.361..3865.893 rows=119917 loops=1)
  Hash Cond: (mi_idx.movie_id = t.id)
  ->  Seq Scan on movie_info_idx mi_idx  (cost=0.00..25185.44 rows=464934 width=4) (actual time=0.022..452.508 rows=460185 loops=1)
        Filter: (info_type_id > 100)
        Rows Removed by Filter: 919850
  ->  Hash  (cost=161785.44..161785.44 rows=164965 width=8) (actual time=3141.575..3141.575 rows=196199 loops=1)
        Buckets: 131072  Batches: 4  Memory Usage: 2926kB
        ->  Hash Join  (cost=92735.26..161785.44 rows=164965 width=8) (actual time=1714.518..3079.061 rows=196199 loops=1)
              Hash Cond: (mc.movie_id = t.id)
              ->  Seq Scan on movie_companies mc  (cost=0.00..57926.93 rows=272318 width=4) (actual time=0.006..836.353 rows=406891 loops=1)
                    Filter: ((company_id < 565) AND (company_type_id = 1))
                    Rows Removed by Filter: 2202238
              ->  Hash  (cost=67604.59..67604.59 rows=1531734 width=4) (actual time=1713.221..1713.221 rows=1531613 loops=1)
                    Buckets: 131072  Batches: 32  Memory Usage: 2708kB
                    ->  Seq Scan on title t  (cost=0.00..67604.59 rows=1531734 width=4) (actual time=0.019..1220.101 rows=1531613 loops=1)
                          Filter: (production_year > 1997)
                          Rows Removed by Filter: 996699
Planning time: 1.030 ms
Execution time: 3882.269 ms
