Hash Join  (cost=83073.51..137739.55 rows=51 width=0) (actual time=1172.663..1825.183 rows=6136 loops=1)
  Hash Cond: (mc.movie_id = t.id)
  ->  Seq Scan on movie_companies mc  (cost=0.00..44881.29 rows=2609129 width=4) (actual time=0.012..313.569 rows=2609129 loops=1)
  ->  Hash  (cost=83072.90..83072.90 rows=49 width=8) (actual time=1171.374..1171.374 rows=653 loops=1)
        Buckets: 1024  Batches: 1  Memory Usage: 34kB
        ->  Nested Loop  (cost=0.43..83072.90 rows=49 width=8) (actual time=1.806..1170.832 rows=653 loops=1)
              ->  Seq Scan on movie_keyword mk  (cost=0.00..81003.12 rows=246 width=4) (actual time=1.768..1102.521 rows=1790 loops=1)
                    Filter: (keyword_id = 5882)
                    Rows Removed by Filter: 4522140
              ->  Index Scan using title_pkey on title t  (cost=0.43..8.40 rows=1 width=4) (actual time=0.037..0.037 rows=0 loops=1790)
                    Index Cond: (id = mk.movie_id)
                    Filter: ((production_year > 1981) AND (kind_id = 1))
                    Rows Removed by Filter: 1
Planning time: 1.148 ms
Execution time: 1826.034 ms
