Hash Join  (cost=174588.97..214932.21 rows=154476 width=0) (actual time=3781.811..5102.924 rows=773100 loops=1)
  Hash Cond: (mi_idx.movie_id = t.id)
  ->  Seq Scan on movie_info_idx mi_idx  (cost=0.00..21735.35 rows=1380035 width=4) (actual time=0.030..427.962 rows=1380035 loops=1)
  ->  Hash  (cost=169945.04..169945.04 rows=283034 width=8) (actual time=3780.852..3780.852 rows=524866 loops=1)
        Buckets: 131072 (originally 131072)  Batches: 8 (originally 4)  Memory Usage: 3603kB
        ->  Hash Join  (cost=97066.09..169945.04 rows=283034 width=8) (actual time=1745.739..3612.928 rows=524866 loops=1)
              Hash Cond: (mc.movie_id = t.id)
              ->  Seq Scan on movie_companies mc  (cost=0.00..57926.93 rows=398536 width=4) (actual time=0.014..960.721 rows=720480 loops=1)
                    Filter: ((company_id > 31716) AND (company_type_id > 1))
                    Rows Removed by Filter: 1888649
              ->  Hash  (cost=67604.59..67604.59 rows=1795720 width=4) (actual time=1744.950..1744.950 rows=1794153 loops=1)
                    Buckets: 131072  Batches: 32  Memory Usage: 2992kB
                    ->  Seq Scan on title t  (cost=0.00..67604.59 rows=1795720 width=4) (actual time=0.012..1123.888 rows=1794153 loops=1)
                          Filter: (production_year < 2009)
                          Rows Removed by Filter: 734159
Planning time: 1.125 ms
Execution time: 5195.287 ms
