Hash Join  (cost=509121.87..1266107.15 rows=1458575 width=0) (actual time=16902.378..22240.588 rows=877521 loops=1)
  Hash Cond: (ci.movie_id = t.id)
  ->  Seq Scan on cast_info ci  (cost=0.00..705507.15 rows=2735034 width=4) (actual time=8596.503..12381.388 rows=2728943 loops=1)
        Filter: (role_id = 4)
        Rows Removed by Filter: 33515401
  ->  Hash  (cost=486998.29..486998.29 rows=1348446 width=8) (actual time=8303.785..8303.785 rows=380120 loops=1)
        Buckets: 131072  Batches: 32  Memory Usage: 1474kB
        ->  Hash Join  (cost=93093.72..486998.29 rows=1348446 width=8) (actual time=2030.402..8184.643 rows=380120 loops=1)
              Hash Cond: (mi.movie_id = t.id)
              ->  Seq Scan on movie_info mi  (cost=0.00..346232.03 rows=2194617 width=4) (actual time=368.164..5086.007 rows=2233850 loops=1)
                    Filter: (info_type_id > 16)
                    Rows Removed by Filter: 12601870
              ->  Hash  (cost=67604.59..67604.59 rows=1553611 width=4) (actual time=1661.299..1661.299 rows=1555864 loops=1)
                    Buckets: 131072  Batches: 32  Memory Usage: 2740kB
                    ->  Seq Scan on title t  (cost=0.00..67604.59 rows=1553611 width=4) (actual time=0.031..1141.167 rows=1555864 loops=1)
                          Filter: (kind_id > 4)
                          Rows Removed by Filter: 972448
Planning time: 1.170 ms
Execution time: 22350.959 ms
