Seq Scan on movie_keyword mk  (cost=0.00..81003.12 rows=2486501 width=0) (actual time=0.028..4593.665 rows=2480352 loops=1)
  Filter: (keyword_id < 6014)
  Rows Removed by Filter: 2043578
Planning time: 0.280 ms
Execution time: 5014.697 ms
