Seq Scan on movie_keyword mk  (cost=0.00..81003.12 rows=3853516 width=0) (actual time=0.015..1517.399 rows=3848423 loops=1)
  Filter: (keyword_id < 27747)
  Rows Removed by Filter: 675507
Planning time: 0.340 ms
Execution time: 1993.104 ms
