Seq Scan on movie_keyword mk  (cost=0.00..81003.12 rows=246 width=0) (actual time=0.500..797.740 rows=3050 loops=1)
  Filter: (keyword_id = 2273)
  Rows Removed by Filter: 4520880
Planning time: 0.263 ms
Execution time: 798.460 ms
