Seq Scan on cast_info ci  (cost=0.00..705507.15 rows=10877134 width=0) (actual time=5465.781..10775.544 rows=10883018 loops=1)
  Filter: (person_id > 2618187)
  Rows Removed by Filter: 25361326
Planning time: 0.322 ms
Execution time: 12063.992 ms
