Seq Scan on movie_keyword mk  (cost=0.00..81003.12 rows=99422 width=0) (actual time=0.048..1220.862 rows=97444 loops=1)
  Filter: (keyword_id > 82975)
  Rows Removed by Filter: 4426486
Planning time: 0.309 ms
Execution time: 1234.492 ms
