Hash Join  (cost=100964.10..187672.47 rows=5033 width=0) (actual time=1582.381..3174.422 rows=17877 loops=1)
  Hash Cond: (mk.movie_id = t.id)
  ->  Seq Scan on movie_keyword mk  (cost=0.00..69693.30 rows=4523930 width=4) (actual time=0.016..940.324 rows=4523930 loops=1)
  ->  Hash  (cost=100928.94..100928.94 rows=2813 width=8) (actual time=1448.992..1448.992 rows=4107 loops=1)
        Buckets: 8192 (originally 4096)  Batches: 1 (originally 1)  Memory Usage: 225kB
        ->  Hash Join  (cost=73990.33..100928.94 rows=2813 width=8) (actual time=1055.272..1447.249 rows=4107 loops=1)
              Hash Cond: (mi_idx.movie_id = t.id)
              ->  Seq Scan on movie_info_idx mi_idx  (cost=0.00..21735.35 rows=1380035 width=4) (actual time=0.010..275.778 rows=1380035 loops=1)
              ->  Hash  (cost=73925.90..73925.90 rows=5154 width=4) (actual time=894.892..894.892 rows=3618 loops=1)
                    Buckets: 8192  Batches: 1  Memory Usage: 192kB
                    ->  Seq Scan on title t  (cost=0.00..73925.90 rows=5154 width=4) (actual time=96.008..893.121 rows=3618 loops=1)
                          Filter: ((kind_id = 3) AND (production_year = 2009))
                          Rows Removed by Filter: 2524694
Planning time: 0.743 ms
Execution time: 3176.975 ms
