Hash Join  (cost=160687.50..510979.12 rows=1125 width=0) (actual time=5633.600..7289.684 rows=38594 loops=1)
  Hash Cond: (mi.movie_id = t.id)
  ->  Seq Scan on movie_info mi  (cost=0.00..346232.03 rows=809669 width=4) (actual time=3035.489..4665.662 rows=802140 loops=1)
        Filter: (info_type_id = 1)
        Rows Removed by Filter: 14033580
  ->  Hash  (cost=160643.60..160643.60 rows=3512 width=8) (actual time=2469.898..2469.898 rows=29282 loops=1)
        Buckets: 32768 (originally 4096)  Batches: 1 (originally 1)  Memory Usage: 1400kB
        ->  Hash Join  (cost=73950.44..160643.60 rows=3512 width=8) (actual time=909.061..2460.059 rows=29282 loops=1)
              Hash Cond: (mk.movie_id = t.id)
              ->  Seq Scan on movie_keyword mk  (cost=0.00..69693.30 rows=4523930 width=4) (actual time=0.026..787.994 rows=4523930 loops=1)
              ->  Hash  (cost=73925.90..73925.90 rows=1963 width=4) (actual time=908.371..908.371 rows=5006 loops=1)
                    Buckets: 8192 (originally 2048)  Batches: 1 (originally 1)  Memory Usage: 240kB
                    ->  Seq Scan on title t  (cost=0.00..73925.90 rows=1963 width=4) (actual time=0.024..905.982 rows=5006 loops=1)
                          Filter: ((kind_id < 2) AND (production_year = 1991))
                          Rows Removed by Filter: 2523306
Planning time: 0.753 ms
Execution time: 7295.091 ms
