Hash Join  (cost=81925.97..155323.78 rows=193910 width=0) (actual time=1272.459..2801.198 rows=63396 loops=1)
  Hash Cond: (mc.movie_id = t.id)
  ->  Seq Scan on movie_companies mc  (cost=0.00..57926.93 rows=1005541 width=4) (actual time=0.016..1027.224 rows=862613 loops=1)
        Filter: ((company_id > 578) AND (company_type_id = 1))
        Rows Removed by Filter: 1746516
  ->  Hash  (cost=73925.90..73925.90 rows=487605 width=4) (actual time=1270.896..1270.896 rows=501779 loops=1)
        Buckets: 131072  Batches: 8  Memory Usage: 3231kB
        ->  Seq Scan on title t  (cost=0.00..73925.90 rows=487605 width=4) (actual time=0.021..1110.196 rows=501779 loops=1)
              Filter: ((kind_id > 1) AND (production_year > 2008))
              Rows Removed by Filter: 2026533
Planning time: 0.713 ms
Execution time: 2810.384 ms
