Seq Scan on movie_companies mc  (cost=0.00..51404.11 rows=104 width=0) (actual time=275.813..2154.657 rows=887 loops=1)
  Filter: (company_id = 11386)
  Rows Removed by Filter: 2608242
Planning time: 0.397 ms
Execution time: 2154.978 ms
