Hash Join  (cost=90601.07..196762.95 rows=546507 width=0) (actual time=1684.167..3950.308 rows=296104 loops=1)
  Hash Cond: (mk.movie_id = t.id)
  ->  Seq Scan on movie_keyword mk  (cost=0.00..81003.12 rows=1359651 width=4) (actual time=0.016..1345.495 rows=1374307 loops=1)
        Filter: (keyword_id > 12154)
        Rows Removed by Filter: 3149623
  ->  Hash  (cost=73925.90..73925.90 rows=1016333 width=4) (actual time=1682.654..1682.654 rows=1107438 loops=1)
        Buckets: 131072  Batches: 16  Memory Usage: 3469kB
        ->  Seq Scan on title t  (cost=0.00..73925.90 rows=1016333 width=4) (actual time=0.024..1309.092 rows=1107438 loops=1)
              Filter: ((kind_id > 1) AND (production_year > 2000))
              Rows Removed by Filter: 1420874
Planning time: 0.700 ms
Execution time: 3987.211 ms
