Seq Scan on cast_info ci  (cost=0.00..796071.18 rows=165279 width=0) (actual time=2367.353..10287.739 rows=154842 loops=1)
  Filter: ((person_id < 208784) AND (role_id = 4))
  Rows Removed by Filter: 36089502
Planning time: 0.382 ms
Execution time: 10308.284 ms
