Hash Join  (cost=195180.91..1098431.34 rows=1804290 width=0) (actual time=4574.494..19710.218 rows=1374082 loops=1)
  Hash Cond: (ci.movie_id = t.id)
  ->  Seq Scan on cast_info ci  (cost=0.00..796071.18 rows=7503562 width=4) (actual time=785.310..12542.651 rows=4627342 loops=1)
        Filter: ((person_id < 1646744) AND (role_id > 2))
        Rows Removed by Filter: 31617002
  ->  Hash  (cost=185204.86..185204.86 rows=608004 width=8) (actual time=3788.455..3788.455 rows=392947 loops=1)
        Buckets: 131072  Batches: 8  Memory Usage: 2938kB
        ->  Hash Join  (cost=102767.86..185204.86 rows=608004 width=8) (actual time=2086.898..3666.963 rows=392947 loops=1)
              Hash Cond: (mc.movie_id = t.id)
              ->  Seq Scan on movie_companies mc  (cost=0.00..57926.93 rows=608004 width=4) (actual time=65.576..901.144 rows=392947 loops=1)
                    Filter: ((company_id < 10455) AND (company_type_id > 1))
                    Rows Removed by Filter: 2216182
              ->  Hash  (cost=61283.27..61283.27 rows=2528527 width=4) (actual time=2020.130..2020.130 rows=2528312 loops=1)
                    Buckets: 131072  Batches: 64  Memory Usage: 2415kB
                    ->  Seq Scan on title t  (cost=0.00..61283.27 rows=2528527 width=4) (actual time=0.010..991.624 rows=2528312 loops=1)
Planning time: 0.789 ms
Execution time: 19884.889 ms
