Hash Join  (cost=67697.55..126131.53 rows=395 width=0) (actual time=1000.096..1819.049 rows=1628 loops=1)
  Hash Cond: (mc.movie_id = t.id)
  ->  Seq Scan on movie_companies mc  (cost=0.00..57926.93 rows=134158 width=4) (actual time=0.017..759.862 rows=267113 loops=1)
        Filter: ((company_id > 98239) AND (company_type_id = 2))
        Rows Removed by Filter: 2342016
  ->  Hash  (cost=67604.59..67604.59 rows=7437 width=4) (actual time=1000.001..1000.001 rows=14038 loops=1)
        Buckets: 16384 (originally 8192)  Batches: 1 (originally 1)  Memory Usage: 622kB
        ->  Seq Scan on title t  (cost=0.00..67604.59 rows=7437 width=4) (actual time=0.112..993.515 rows=14038 loops=1)
              Filter: (production_year = 1977)
              Rows Removed by Filter: 2514274
Planning time: 0.726 ms
Execution time: 1819.566 ms
