Seq Scan on movie_companies mc  (cost=0.00..57926.93 rows=996652 width=0) (actual time=0.033..1084.877 rows=1274246 loops=1)
  Filter: ((company_id < 71042) AND (company_type_id < 2))
  Rows Removed by Filter: 1334883
Planning time: 0.331 ms
Execution time: 1250.524 ms
