Seq Scan on cast_info ci  (cost=0.00..705507.15 rows=30324465 width=0) (actual time=0.016..12660.795 rows=30428939 loops=1)
  Filter: (person_id > 563230)
  Rows Removed by Filter: 5815405
Planning time: 0.226 ms
Execution time: 16515.357 ms
