Hash Join  (cost=73950.44..160643.60 rows=3512 width=0) (actual time=1036.324..2758.473 rows=24529 loops=1)
  Hash Cond: (mk.movie_id = t.id)
  ->  Seq Scan on movie_keyword mk  (cost=0.00..69693.30 rows=4523930 width=4) (actual time=0.019..901.436 rows=4523930 loops=1)
  ->  Hash  (cost=73925.90..73925.90 rows=1963 width=4) (actual time=1036.260..1036.260 rows=4288 loops=1)
        Buckets: 8192 (originally 2048)  Batches: 1 (originally 1)  Memory Usage: 215kB
        ->  Seq Scan on title t  (cost=0.00..73925.90 rows=1963 width=4) (actual time=469.071..1034.083 rows=4288 loops=1)
              Filter: ((kind_id = 1) AND (production_year = 1982))
              Rows Removed by Filter: 2524024
Planning time: 4.995 ms
Execution time: 2761.973 ms
