Hash Join  (cost=83074.74..833899.15 rows=3524 width=0) (actual time=1285.759..15999.100 rows=5106 loops=1)
  Hash Cond: (ci.movie_id = t.id)
  ->  Seq Scan on cast_info ci  (cost=0.00..614943.12 rows=36225612 width=4) (actual time=0.018..7863.218 rows=36244344 loops=1)
  ->  Hash  (cost=83071.67..83071.67 rows=246 width=8) (actual time=1285.101..1285.101 rows=142 loops=1)
        Buckets: 1024  Batches: 1  Memory Usage: 14kB
        ->  Nested Loop  (cost=0.43..83071.67 rows=246 width=8) (actual time=1.496..1284.903 rows=142 loops=1)
              ->  Seq Scan on movie_keyword mk  (cost=0.00..81003.12 rows=246 width=4) (actual time=1.430..1277.558 rows=142 loops=1)
                    Filter: (keyword_id = 13450)
                    Rows Removed by Filter: 4523788
              ->  Index Only Scan using title_pkey on title t  (cost=0.43..8.40 rows=1 width=4) (actual time=0.047..0.048 rows=1 loops=142)
                    Index Cond: (id = mk.movie_id)
                    Heap Fetches: 142
Planning time: 1.179 ms
Execution time: 16001.578 ms
