Hash Join  (cost=67697.55..123551.27 rows=3463 width=0) (actual time=761.044..1823.323 rows=12188 loops=1)
  Hash Cond: (mc.movie_id = t.id)
  ->  Seq Scan on movie_companies mc  (cost=0.00..51404.11 rows=1177327 width=4) (actual time=0.013..793.787 rows=1173285 loops=1)
        Filter: (company_id < 9892)
        Rows Removed by Filter: 1435844
  ->  Hash  (cost=67604.59..67604.59 rows=7437 width=4) (actual time=759.796..759.796 rows=23799 loops=1)
        Buckets: 32768 (originally 8192)  Batches: 1 (originally 1)  Memory Usage: 1093kB
        ->  Seq Scan on title t  (cost=0.00..67604.59 rows=7437 width=4) (actual time=0.022..749.865 rows=23799 loops=1)
              Filter: (production_year = 1991)
              Rows Removed by Filter: 2504513
Planning time: 0.703 ms
Execution time: 1825.686 ms
