Hash Join  (cost=162646.59..660900.21 rows=1728869 width=0) (actual time=3744.782..21714.404 rows=21987271 loops=1)
  Hash Cond: (mi.movie_id = t.id)
  ->  Seq Scan on movie_info mi  (cost=0.00..309384.22 rows=14739122 width=4) (actual time=0.011..5284.542 rows=14835720 loops=1)
  ->  Hash  (cost=157780.20..157780.20 rows=296591 width=8) (actual time=3742.788..3742.788 rows=819499 loops=1)
        Buckets: 131072 (originally 131072)  Batches: 8 (originally 4)  Memory Usage: 5077kB
        ->  Hash Join  (cost=78641.77..157780.20 rows=296591 width=8) (actual time=1281.867..3480.715 rows=819499 loops=1)
              Hash Cond: (mc.movie_id = t.id)
              ->  Seq Scan on movie_companies mc  (cost=0.00..44881.29 rows=2609129 width=4) (actual time=0.015..700.572 rows=2609129 loops=1)
              ->  Hash  (cost=73925.90..73925.90 rows=287429 width=4) (actual time=1280.937..1280.937 rows=401493 loops=1)
                    Buckets: 131072 (originally 131072)  Batches: 8 (originally 4)  Memory Usage: 3073kB
                    ->  Seq Scan on title t  (cost=0.00..73925.90 rows=287429 width=4) (actual time=0.015..1145.080 rows=401493 loops=1)
                          Filter: ((kind_id < 7) AND (production_year < 1992))
                          Rows Removed by Filter: 2126819
Planning time: 1.139 ms
Execution time: 24304.506 ms
