Hash Join  (cost=102767.86..187693.56 rows=711432 width=0) (actual time=1783.506..3380.162 rows=447923 loops=1)
  Hash Cond: (mc.movie_id = t.id)
  ->  Seq Scan on movie_companies mc  (cost=0.00..57926.93 rows=711432 width=4) (actual time=0.024..879.954 rows=447923 loops=1)
        Filter: ((company_id < 11976) AND (company_type_id = 2))
        Rows Removed by Filter: 2161206
  ->  Hash  (cost=61283.27..61283.27 rows=2528527 width=4) (actual time=1782.185..1782.185 rows=2528312 loops=1)
        Buckets: 131072  Batches: 64  Memory Usage: 2415kB
        ->  Seq Scan on title t  (cost=0.00..61283.27 rows=2528527 width=4) (actual time=0.020..888.812 rows=2528312 loops=1)
Planning time: 0.745 ms
Execution time: 3430.959 ms
