Hash Join  (cost=186248.38..556628.25 rows=380211 width=0) (actual time=7489.990..8555.604 rows=11939 loops=1)
  Hash Cond: (mi.movie_id = t.id)
  ->  Seq Scan on movie_info mi  (cost=0.00..346232.03 rows=1550064 width=4) (actual time=0.016..4130.678 rows=1533909 loops=1)
        Filter: (info_type_id = 3)
        Rows Removed by Filter: 13301811
  ->  Hash  (cost=176072.69..176072.69 rows=620215 width=8) (actual time=3714.105..3714.105 rows=310930 loops=1)
        Buckets: 131072  Batches: 16  Memory Usage: 1776kB
        ->  Hash Join  (cost=92883.59..176072.69 rows=620215 width=8) (actual time=1840.261..3628.455 rows=310930 loops=1)
              Hash Cond: (mc.movie_id = t.id)
              ->  Seq Scan on movie_companies mc  (cost=0.00..57926.93 rows=1017803 width=4) (actual time=169.552..1121.411 rows=1163243 loops=1)
                    Filter: ((company_id > 711) AND (company_type_id = 2))
                    Rows Removed by Filter: 1445886
              ->  Hash  (cost=67604.59..67604.59 rows=1540800 width=4) (actual time=1669.614..1669.614 rows=1543264 loops=1)
                    Buckets: 131072  Batches: 32  Memory Usage: 2722kB
                    ->  Seq Scan on title t  (cost=0.00..67604.59 rows=1540800 width=4) (actual time=0.028..1170.548 rows=1543264 loops=1)
                          Filter: (kind_id = 7)
                          Rows Removed by Filter: 985048
Planning time: 1.758 ms
Execution time: 8557.534 ms
