Hash Join  (cost=449551.65..527557.03 rows=214386 width=0) (actual time=6714.966..8605.935 rows=138846 loops=1)
  Hash Cond: (mc.movie_id = t.id)
  ->  Seq Scan on movie_companies mc  (cost=0.00..44881.29 rows=2609129 width=4) (actual time=0.015..869.677 rows=2609129 loops=1)
  ->  Hash  (cost=446142.61..446142.61 rows=207763 width=8) (actual time=6714.281..6714.281 rows=56167 loops=1)
        Buckets: 131072  Batches: 4  Memory Usage: 1572kB
        ->  Hash Join  (cost=87146.10..446142.61 rows=207763 width=8) (actual time=4149.915..6694.271 rows=56167 loops=1)
              Hash Cond: (mi.movie_id = t.id)
              ->  Seq Scan on movie_info mi  (cost=0.00..346232.03 rows=651960 width=4) (actual time=2688.361..4753.571 rows=660923 loops=1)
                    Filter: (info_type_id = 18)
                    Rows Removed by Filter: 14174797
              ->  Hash  (cost=73925.90..73925.90 rows=805776 width=4) (actual time=1460.289..1460.289 rows=881945 loops=1)
                    Buckets: 131072  Batches: 16  Memory Usage: 2976kB
                    ->  Seq Scan on title t  (cost=0.00..73925.90 rows=805776 width=4) (actual time=178.481..1175.197 rows=881945 loops=1)
                          Filter: ((production_year > 2001) AND (kind_id = 7))
                          Rows Removed by Filter: 1646367
Planning time: 0.730 ms
Execution time: 8623.100 ms
