Seq Scan on cast_info ci  (cost=0.00..796071.18 rows=4718413 width=0) (actual time=0.018..12562.770 rows=9682853 loops=1)
  Filter: ((person_id < 1320914) AND (role_id = 1))
  Rows Removed by Filter: 26561491
Planning time: 0.412 ms
Execution time: 13763.109 ms
