Hash Join  (cost=67697.55..122439.81 rows=7674 width=0) (actual time=3010.436..6033.065 rows=3662 loops=1)
  Hash Cond: (mc.movie_id = t.id)
  ->  Seq Scan on movie_companies mc  (cost=0.00..44881.29 rows=2609129 width=4) (actual time=0.020..2708.022 rows=2609129 loops=1)
  ->  Hash  (cost=67604.59..67604.59 rows=7437 width=4) (actual time=2625.139..2625.139 rows=1799 loops=1)
        Buckets: 8192  Batches: 1  Memory Usage: 128kB
        ->  Seq Scan on title t  (cost=0.00..67604.59 rows=7437 width=4) (actual time=0.191..2624.077 rows=1799 loops=1)
              Filter: (production_year = 1902)
              Rows Removed by Filter: 2526513
Planning time: 0.731 ms
Execution time: 6034.009 ms
