Seq Scan on cast_info ci  (cost=0.00..705507.15 rows=7021166 width=0) (actual time=218.125..10369.134 rows=7095254 loops=1)
  Filter: (person_id > 2957341)
  Rows Removed by Filter: 29149090
Planning time: 0.320 ms
Execution time: 11219.073 ms
