Hash Join  (cost=74111.10..130388.38 rows=7497 width=0) (actual time=1423.672..2048.004 rows=33783 loops=1)
  Hash Cond: (mc.movie_id = t.id)
  ->  Seq Scan on movie_companies mc  (cost=0.00..51404.11 rows=1279517 width=4) (actual time=195.859..772.466 rows=1274246 loops=1)
        Filter: (company_type_id = 1)
        Rows Removed by Filter: 1334883
  ->  Hash  (cost=73925.90..73925.90 rows=14816 width=4) (actual time=982.180..982.180 rows=35049 loops=1)
        Buckets: 65536 (originally 16384)  Batches: 1 (originally 1)  Memory Usage: 1745kB
        ->  Seq Scan on title t  (cost=0.00..73925.90 rows=14816 width=4) (actual time=0.026..963.652 rows=35049 loops=1)
              Filter: ((kind_id < 7) AND (production_year < 1912))
              Rows Removed by Filter: 2493263
Planning time: 0.767 ms
Execution time: 2052.805 ms
