Nested Loop  (cost=0.43..96420.78 rows=6349 width=0) (actual time=0.087..831.475 rows=6067 loops=1)
  ->  Seq Scan on movie_companies mc  (cost=0.00..51404.11 rows=6349 width=4) (actual time=0.035..719.493 rows=6067 loops=1)
        Filter: (company_id = 93)
        Rows Removed by Filter: 2603062
  ->  Index Only Scan using title_pkey on title t  (cost=0.43..7.08 rows=1 width=4) (actual time=0.017..0.018 rows=1 loops=6067)
        Index Cond: (id = mc.movie_id)
        Heap Fetches: 6067
Planning time: 0.711 ms
Execution time: 833.180 ms
