Seq Scan on movie_companies mc  (cost=0.00..57926.93 rows=51 width=0) (actual time=94.099..675.131 rows=584 loops=1)
  Filter: ((company_id = 13865) AND (company_type_id = 1))
  Rows Removed by Filter: 2608545
Planning time: 0.338 ms
Execution time: 675.349 ms
