Seq Scan on cast_info ci  (cost=0.00..796071.18 rows=16661355 width=0) (actual time=4418.923..14851.506 rows=13025605 loops=1)
  Filter: ((person_id < 2654301) AND (role_id > 1))
  Rows Removed by Filter: 23218739
Planning time: 0.349 ms
Execution time: 16490.642 ms
