Hash Join  (cost=69460.45..999022.58 rows=495564 width=0) (actual time=4028.334..47351.749 rows=235041 loops=1)
  Hash Cond: (ci.movie_id = t.id)
  ->  Seq Scan on cast_info ci  (cost=0.00..796071.18 rows=11078216 width=4) (actual time=0.025..40006.404 rows=4733849 loops=1)
        Filter: ((person_id < 1675073) AND (role_id > 1))
        Rows Removed by Filter: 31510495
  ->  Hash  (cost=67604.59..67604.59 rows=113109 width=4) (actual time=4027.328..4027.328 rows=119565 loops=1)
        Buckets: 131072  Batches: 2  Memory Usage: 3115kB
        ->  Seq Scan on title t  (cost=0.00..67604.59 rows=113109 width=4) (actual time=0.011..3607.285 rows=119565 loops=1)
              Filter: (production_year = 2007)
              Rows Removed by Filter: 2408747
Planning time: 0.775 ms
Execution time: 47401.497 ms
