Seq Scan on movie_keyword mk  (cost=0.00..81003.12 rows=246 width=0) (actual time=2.225..1120.978 rows=223 loops=1)
  Filter: (keyword_id = 13908)
  Rows Removed by Filter: 4523707
Planning time: 0.334 ms
Execution time: 1121.177 ms
