Seq Scan on movie_keyword mk  (cost=0.00..81003.12 rows=246 width=0) (actual time=43.068..1199.132 rows=85 loops=1)
  Filter: (keyword_id = 50910)
  Rows Removed by Filter: 4523845
Planning time: 0.242 ms
Execution time: 1199.261 ms
