Nested Loop  (cost=0.43..52283.69 rows=104 width=0) (actual time=0.451..749.572 rows=619 loops=1)
  ->  Seq Scan on movie_companies mc  (cost=0.00..51404.11 rows=104 width=4) (actual time=0.391..737.280 rows=619 loops=1)
        Filter: (company_id = 94756)
        Rows Removed by Filter: 2608510
  ->  Index Only Scan using title_pkey on title t  (cost=0.43..8.45 rows=1 width=4) (actual time=0.019..0.019 rows=1 loops=619)
        Index Cond: (id = mc.movie_id)
        Heap Fetches: 619
Planning time: 0.693 ms
Execution time: 749.782 ms
