Hash Join  (cost=116931.52..219928.61 rows=60144 width=0) (actual time=2164.158..4136.655 rows=34926 loops=1)
  Hash Cond: (mk.movie_id = t.id)
  ->  Seq Scan on movie_keyword mk  (cost=0.00..81003.12 rows=1821741 width=4) (actual time=0.026..1474.579 rows=1822785 loops=1)
        Filter: (keyword_id > 7635)
        Rows Removed by Filter: 2701145
  ->  Hash  (cost=115561.04..115561.04 rows=83478 width=8) (actual time=2094.554..2094.554 rows=32889 loops=1)
        Buckets: 131072  Batches: 2  Memory Usage: 1673kB
        ->  Hash Join  (cost=76435.78..115561.04 rows=83478 width=8) (actual time=1207.391..2082.865 rows=32889 loops=1)
              Hash Cond: (mi_idx.movie_id = t.id)
              ->  Seq Scan on movie_info_idx mi_idx  (cost=0.00..21735.35 rows=1380035 width=4) (actual time=0.015..424.953 rows=1380035 loops=1)
              ->  Hash  (cost=73925.90..73925.90 rows=152950 width=4) (actual time=1206.576..1206.576 rows=157522 loops=1)
                    Buckets: 131072  Batches: 2  Memory Usage: 3795kB
                    ->  Seq Scan on title t  (cost=0.00..73925.90 rows=152950 width=4) (actual time=0.024..1150.572 rows=157522 loops=1)
                          Filter: ((kind_id > 3) AND (production_year > 2011))
                          Rows Removed by Filter: 2370790
Planning time: 1.093 ms
Execution time: 4141.262 ms
