Hash Join  (cost=74153.96..101075.13 rows=3277 width=0) (actual time=1004.605..1517.578 rows=6254 loops=1)
  Hash Cond: (mi_idx.movie_id = t.id)
  ->  Seq Scan on movie_info_idx mi_idx  (cost=0.00..25185.44 rows=454124 width=4) (actual time=0.030..415.857 rows=459925 loops=1)
        Filter: (info_type_id = 100)
        Rows Removed by Filter: 920110
  ->  Hash  (cost=73925.90..73925.90 rows=18244 width=4) (actual time=1004.137..1004.137 rows=12404 loops=1)
        Buckets: 32768  Batches: 1  Memory Usage: 693kB
        ->  Seq Scan on title t  (cost=0.00..73925.90 rows=18244 width=4) (actual time=0.053..998.367 rows=12404 loops=1)
              Filter: ((kind_id < 3) AND (production_year = 2002))
              Rows Removed by Filter: 2515908
Planning time: 0.701 ms
Execution time: 1518.762 ms
