Hash Join  (cost=97066.09..224399.15 rows=1402015 width=0) (actual time=5399.303..12791.874 rows=1674834 loops=1)
  Hash Cond: (mk.movie_id = t.id)
  ->  Seq Scan on movie_keyword mk  (cost=0.00..81003.12 rows=1974157 width=4) (actual time=0.026..5066.858 rows=1976237 loops=1)
        Filter: (keyword_id < 3479)
        Rows Removed by Filter: 2547693
  ->  Hash  (cost=67604.59..67604.59 rows=1795720 width=4) (actual time=5397.895..5397.895 rows=1794153 loops=1)
        Buckets: 131072  Batches: 32  Memory Usage: 3001kB
        ->  Seq Scan on title t  (cost=0.00..67604.59 rows=1795720 width=4) (actual time=0.019..4597.324 rows=1794153 loops=1)
              Filter: (production_year < 2009)
              Rows Removed by Filter: 734159
Planning time: 0.713 ms
Execution time: 13017.152 ms
