Hash Join  (cost=133284.89..211326.23 rows=216981 width=0) (actual time=2596.666..4505.671 rows=399953 loops=1)
  Hash Cond: (mc.movie_id = t.id)
  ->  Seq Scan on movie_companies mc  (cost=0.00..44881.29 rows=2609129 width=4) (actual time=0.027..725.662 rows=2609129 loops=1)
  ->  Hash  (cost=129834.42..129834.42 rows=210278 width=8) (actual time=2595.811..2595.811 rows=177467 loops=1)
        Buckets: 131072  Batches: 4  Memory Usage: 2762kB
        ->  Hash Join  (cost=92703.08..129834.42 rows=210278 width=8) (actual time=1640.112..2539.807 rows=177467 loops=1)
              Hash Cond: (mi_idx.movie_id = t.id)
              ->  Seq Scan on movie_info_idx mi_idx  (cost=0.00..25185.44 rows=464566 width=4) (actual time=0.013..409.520 rows=459925 loops=1)
                    Filter: (info_type_id = 101)
                    Rows Removed by Filter: 920110
              ->  Hash  (cost=73925.90..73925.90 rows=1144494 width=4) (actual time=1639.075..1639.075 rows=1095581 loops=1)
                    Buckets: 131072  Batches: 16  Memory Usage: 3437kB
                    ->  Seq Scan on title t  (cost=0.00..73925.90 rows=1144494 width=4) (actual time=0.009..1291.139 rows=1095581 loops=1)
                          Filter: ((kind_id > 1) AND (production_year < 2007))
                          Rows Removed by Filter: 1432731
Planning time: 6.084 ms
Execution time: 4557.548 ms
