Hash Join  (cost=184378.33..606206.06 rows=1510335 width=0) (actual time=5387.618..11778.926 rows=1278538 loops=1)
  Hash Cond: (mi.movie_id = t.id)
  ->  Seq Scan on movie_info mi  (cost=0.00..346232.03 rows=4972096 width=4) (actual time=1482.069..5321.114 rows=4923966 loops=1)
        Filter: (info_type_id < 5)
        Rows Removed by Filter: 9911754
  ->  Hash  (cost=171776.44..171776.44 rows=768071 width=8) (actual time=3904.423..3904.423 rows=480621 loops=1)
        Buckets: 131072  Batches: 16  Memory Usage: 2182kB
        ->  Hash Join  (cost=86138.21..171776.44 rows=768071 width=8) (actual time=1410.961..3680.393 rows=480621 loops=1)
              Hash Cond: (mc.movie_id = t.id)
              ->  Seq Scan on movie_companies mc  (cost=0.00..44881.29 rows=2609129 width=4) (actual time=0.035..809.052 rows=2609129 loops=1)
              ->  Hash  (cost=73925.90..73925.90 rows=744344 width=4) (actual time=1409.889..1409.889 rows=796638 loops=1)
                    Buckets: 131072  Batches: 16  Memory Usage: 2779kB
                    ->  Seq Scan on title t  (cost=0.00..73925.90 rows=744344 width=4) (actual time=0.036..1156.720 rows=796638 loops=1)
                          Filter: ((kind_id > 1) AND (production_year > 2005))
                          Rows Removed by Filter: 1731674
Planning time: 1.090 ms
Execution time: 11917.487 ms
