Hash Join  (cost=177176.01..218153.84 rows=191435 width=0) (actual time=3278.688..4286.491 rows=48567 loops=1)
  Hash Cond: (mi_idx.movie_id = t.id)
  ->  Seq Scan on movie_info_idx mi_idx  (cost=0.00..21735.35 rows=1380035 width=4) (actual time=0.009..433.218 rows=1380035 loops=1)
  ->  Hash  (cost=171420.62..171420.62 rows=350751 width=8) (actual time=3277.688..3277.688 rows=45568 loops=1)
        Buckets: 131072  Batches: 8  Memory Usage: 1250kB
        ->  Hash Join  (cost=96651.52..171420.62 rows=350751 width=8) (actual time=1951.259..3261.614 rows=45568 loops=1)
              Hash Cond: (mc.movie_id = t.id)
              ->  Seq Scan on movie_companies mc  (cost=0.00..57926.93 rows=500930 width=4) (actual time=0.027..903.098 rows=201132 loops=1)
                    Filter: ((company_id > 15549) AND (company_type_id < 2))
                    Rows Removed by Filter: 2407997
              ->  Hash  (cost=67604.59..67604.59 rows=1770475 width=4) (actual time=1949.267..1949.267 rows=1774635 loops=1)
                    Buckets: 131072  Batches: 32  Memory Usage: 2978kB
                    ->  Seq Scan on title t  (cost=0.00..67604.59 rows=1770475 width=4) (actual time=0.020..1384.779 rows=1774635 loops=1)
                          Filter: (kind_id > 2)
                          Rows Removed by Filter: 753677
Planning time: 1.048 ms
Execution time: 4293.163 ms
