Hash Join  (cost=709678.15..736591.36 rows=273 width=0) (actual time=10226.492..10769.545 rows=181 loops=1)
  Hash Cond: (mi_idx.movie_id = t.id)
  ->  Seq Scan on movie_info_idx mi_idx  (cost=0.00..21735.35 rows=1380035 width=4) (actual time=0.027..291.820 rows=1380035 loops=1)
  ->  Hash  (cost=709671.90..709671.90 rows=500 width=8) (actual time=10223.297..10223.297 rows=209 loops=1)
        Buckets: 1024  Batches: 1  Memory Usage: 17kB
        ->  Nested Loop  (cost=0.43..709671.90 rows=500 width=8) (actual time=3734.934..10223.156 rows=209 loops=1)
              ->  Seq Scan on cast_info ci  (cost=0.00..705507.15 rows=500 width=4) (actual time=3734.760..10212.601 rows=209 loops=1)
                    Filter: (person_id = 2368680)
                    Rows Removed by Filter: 36244135
              ->  Index Only Scan using title_pkey on title t  (cost=0.43..8.32 rows=1 width=4) (actual time=0.049..0.049 rows=1 loops=209)
                    Index Cond: (id = ci.movie_id)
                    Heap Fetches: 209
Planning time: 1.121 ms
Execution time: 10769.716 ms
