Seq Scan on movie_companies mc  (cost=0.00..51404.11 rows=839607 width=0) (actual time=0.024..634.045 rows=849322 loops=1)
  Filter: (company_id > 25320)
  Rows Removed by Filter: 1759807
Planning time: 0.355 ms
Execution time: 722.282 ms
