Hash Join  (cost=102767.86..175675.96 rows=212010 width=0) (actual time=1751.194..3353.827 rows=419278 loops=1)
  Hash Cond: (mc.movie_id = t.id)
  ->  Seq Scan on movie_companies mc  (cost=0.00..57926.93 rows=212010 width=4) (actual time=0.024..811.334 rows=419278 loops=1)
        Filter: ((company_id > 80133) AND (company_type_id = 2))
        Rows Removed by Filter: 2189851
  ->  Hash  (cost=61283.27..61283.27 rows=2528527 width=4) (actual time=1750.490..1750.490 rows=2528312 loops=1)
        Buckets: 131072  Batches: 64  Memory Usage: 2415kB
        ->  Seq Scan on title t  (cost=0.00..61283.27 rows=2528527 width=4) (actual time=0.019..914.973 rows=2528312 loops=1)
Planning time: 0.737 ms
Execution time: 3406.936 ms
