Seq Scan on cast_info ci  (cost=0.00..796071.18 rows=101 width=0) (actual time=2940.834..9942.297 rows=69 loops=1)
  Filter: ((person_id = 1824755) AND (role_id = 2))
  Rows Removed by Filter: 36244275
Planning time: 1.150 ms
Execution time: 9942.409 ms
