Hash Join  (cost=83810.17..220476.22 rows=1308173 width=0) (actual time=1393.887..5671.138 rows=2844499 loops=1)
  Hash Cond: (mk.movie_id = t.id)
  ->  Seq Scan on movie_keyword mk  (cost=0.00..81003.12 rows=3348850 width=4) (actual time=0.016..1652.628 rows=3345139 loops=1)
        Filter: (keyword_id > 1393)
        Rows Removed by Filter: 1178791
  ->  Hash  (cost=67604.59..67604.59 rows=987727 width=4) (actual time=1392.630..1392.630 rows=985048 loops=1)
        Buckets: 131072  Batches: 16  Memory Usage: 3197kB
        ->  Seq Scan on title t  (cost=0.00..67604.59 rows=987727 width=4) (actual time=0.025..1067.681 rows=985048 loops=1)
              Filter: (kind_id < 7)
              Rows Removed by Filter: 1543264
Planning time: 0.767 ms
Execution time: 6005.149 ms
