Seq Scan on cast_info ci  (cost=0.00..705507.15 rows=21843936 width=0) (actual time=0.022..11067.903 rows=21931430 loops=1)
  Filter: (person_id > 1409195)
  Rows Removed by Filter: 14312914
Planning time: 1.254 ms
Execution time: 13649.204 ms
