Seq Scan on title t  (cost=0.00..67604.59 rows=118841 width=94) (actual time=80.210..408.469 rows=122932 loops=1)
  Filter: (production_year < 1933)
  Rows Removed by Filter: 2405380
Planning time: 0.478 ms
Execution time: 412.210 ms
