Hash Join  (cost=516384.95..1765116.75 rows=16514357 width=0) (actual time=10360.266..53420.073 rows=34545559 loops=1)
  Hash Cond: (ci.movie_id = t.id)
  ->  Seq Scan on cast_info ci  (cost=0.00..614943.12 rows=36225612 width=4) (actual time=0.023..11754.638 rows=36244344 loops=1)
  ->  Hash  (cost=497473.28..497473.28 rows=1152693 width=8) (actual time=10359.345..10359.345 rows=1236047 loops=1)
        Buckets: 131072 (originally 131072)  Batches: 32 (originally 16)  Memory Usage: 4018kB
        ->  Hash Join  (cost=76690.42..497473.28 rows=1152693 width=8) (actual time=1130.254..9345.877 rows=1236047 loops=1)
              Hash Cond: (mi.movie_id = t.id)
              ->  Seq Scan on movie_info mi  (cost=0.00..346232.03 rows=5263441 width=4) (actual time=0.023..5389.746 rows=5270569 loops=1)
                    Filter: (info_type_id > 15)
                    Rows Removed by Filter: 9565151
              ->  Hash  (cost=67604.59..67604.59 rows=553747 width=4) (actual time=1129.476..1129.476 rows=552960 loops=1)
                    Buckets: 131072  Batches: 8  Memory Usage: 3452kB
                    ->  Seq Scan on title t  (cost=0.00..67604.59 rows=553747 width=4) (actual time=0.017..949.702 rows=552960 loops=1)
                          Filter: (production_year < 1983)
                          Rows Removed by Filter: 1975352
Planning time: 1.101 ms
Execution time: 57449.722 ms
