Seq Scan on cast_info ci  (cost=0.00..796071.18 rows=5953274 width=0) (actual time=5180.363..14419.384 rows=7450650 loops=1)
  Filter: ((person_id > 638244) AND (role_id = 2))
  Rows Removed by Filter: 28793694
Planning time: 0.385 ms
Execution time: 15314.781 ms
