Seq Scan on movie_companies mc  (cost=0.00..57926.93 rows=765076 width=0) (actual time=64.767..1064.471 rows=986876 loops=1)
  Filter: ((company_id > 7561) AND (company_type_id = 2))
  Rows Removed by Filter: 1622253
Planning time: 0.364 ms
Execution time: 1187.274 ms
