Seq Scan on movie_keyword mk  (cost=0.00..81003.12 rows=592964 width=0) (actual time=0.025..1012.148 rows=594064 loops=1)
  Filter: (keyword_id > 30982)
  Rows Removed by Filter: 3929866
Planning time: 0.316 ms
Execution time: 1078.812 ms
