Nested Loop  (cost=0.43..83072.29 rows=65 width=0) (actual time=0.504..1227.907 rows=905 loops=1)
  ->  Seq Scan on movie_keyword mk  (cost=0.00..81003.12 rows=246 width=4) (actual time=0.452..1204.138 rows=1055 loops=1)
        Filter: (keyword_id = 2010)
        Rows Removed by Filter: 4522875
  ->  Index Scan using title_pkey on title t  (cost=0.43..8.40 rows=1 width=4) (actual time=0.021..0.021 rows=1 loops=1055)
        Index Cond: (id = mk.movie_id)
        Filter: (kind_id < 2)
        Rows Removed by Filter: 0
Planning time: 0.675 ms
Execution time: 1228.293 ms
