Hash Join  (cost=185652.39..1297749.65 rows=7621509 width=0) (actual time=3626.633..34699.753 rows=7855430 loops=1)
  Hash Cond: (ci.movie_id = t.id)
  ->  Seq Scan on cast_info ci  (cost=0.00..614943.12 rows=36225612 width=4) (actual time=0.019..12026.740 rows=36244344 loops=1)
  ->  Hash  (cost=176923.68..176923.68 rows=531977 width=8) (actual time=3625.689..3625.689 rows=319572 loops=1)
        Buckets: 131072  Batches: 8  Memory Usage: 2594kB
        ->  Hash Join  (cost=103604.85..176923.68 rows=531977 width=8) (actual time=1847.081..3526.427 rows=319572 loops=1)
              Hash Cond: (mc.movie_id = t.id)
              ->  Seq Scan on movie_companies mc  (cost=0.00..51404.11 rows=743588 width=4) (actual time=0.038..878.848 rows=748454 loops=1)
                    Filter: (company_id > 37328)
                    Rows Removed by Filter: 1860675
              ->  Hash  (cost=73925.90..73925.90 rows=1808956 width=4) (actual time=1845.021..1845.021 rows=1799907 loops=1)
                    Buckets: 131072  Batches: 32  Memory Usage: 3007kB
                    ->  Seq Scan on title t  (cost=0.00..73925.90 rows=1808956 width=4) (actual time=0.020..1273.462 rows=1799907 loops=1)
                          Filter: ((kind_id > 1) AND (production_year > 0))
                          Rows Removed by Filter: 728405
Planning time: 1.133 ms
Execution time: 35571.385 ms
