Hash Join  (cost=77014.96..440454.00 rows=99635 width=0) (actual time=6857.136..21195.451 rows=743971 loops=1)
  Hash Cond: (mi.movie_id = t.id)
  ->  Seq Scan on movie_info mi  (cost=0.00..346232.03 rows=1338312 width=4) (actual time=2448.139..16284.159 rows=1401902 loops=1)
        Filter: (info_type_id = 7)
        Rows Removed by Filter: 13433818
  ->  Hash  (cost=73925.90..73925.90 rows=188244 width=4) (actual time=3892.819..3892.819 rows=321026 loops=1)
        Buckets: 131072  Batches: 4  Memory Usage: 3853kB
        ->  Seq Scan on title t  (cost=0.00..73925.90 rows=188244 width=4) (actual time=952.448..3728.388 rows=321026 loops=1)
              Filter: ((production_year < 1991) AND (kind_id = 1))
              Rows Removed by Filter: 2207286
Planning time: 0.561 ms
Execution time: 21302.684 ms
