Seq Scan on movie_keyword mk  (cost=0.00..81003.12 rows=1660930 width=0) (actual time=0.020..1328.953 rows=1675117 loops=1)
  Filter: (keyword_id < 2567)
  Rows Removed by Filter: 2848813
Planning time: 0.260 ms
Execution time: 1538.959 ms
