Hash Join  (cost=491105.15..579870.60 rows=994892 width=0) (actual time=8350.613..11322.046 rows=1728022 loops=1)
  Hash Cond: (mc.movie_id = t.id)
  ->  Seq Scan on movie_companies mc  (cost=0.00..44881.29 rows=2609129 width=4) (actual time=0.024..784.350 rows=2609129 loops=1)
  ->  Hash  (cost=475286.17..475286.17 rows=964158 width=8) (actual time=8349.594..8349.594 rows=895199 loops=1)
        Buckets: 131072  Batches: 16  Memory Usage: 3201kB
        ->  Hash Join  (cost=93408.25..475286.17 rows=964158 width=8) (actual time=2881.881..8073.912 rows=895199 loops=1)
              Hash Cond: (mi.movie_id = t.id)
              ->  Seq Scan on movie_info mi  (cost=0.00..346232.03 rows=1550064 width=4) (actual time=1149.629..4983.918 rows=1533909 loops=1)
                    Filter: (info_type_id = 3)
                    Rows Removed by Filter: 13301811
              ->  Hash  (cost=67604.59..67604.59 rows=1572773 width=4) (actual time=1729.568..1729.568 rows=1570568 loops=1)
                    Buckets: 131072  Batches: 32  Memory Usage: 2759kB
                    ->  Seq Scan on title t  (cost=0.00..67604.59 rows=1572773 width=4) (actual time=0.027..1213.842 rows=1570568 loops=1)
                          Filter: (production_year > 1996)
                          Rows Removed by Filter: 957744
Planning time: 1.113 ms
Execution time: 11540.741 ms
