Hash Join  (cost=154654.97..500977.62 rows=95 width=0) (actual time=3508.300..6496.646 rows=2288 loops=1)
  Hash Cond: (mi.movie_id = t.id)
  ->  Seq Scan on movie_info mi  (cost=0.00..346232.03 rows=17937 width=4) (actual time=851.490..3848.834 rows=121863 loops=1)
        Filter: (info_type_id = 105)
        Rows Removed by Filter: 14713857
  ->  Hash  (cost=154488.65..154488.65 rows=13306 width=8) (actual time=2619.691..2619.691 rows=18181 loops=1)
        Buckets: 32768 (originally 16384)  Batches: 1 (originally 1)  Memory Usage: 967kB
        ->  Hash Join  (cost=67697.55..154488.65 rows=13306 width=8) (actual time=870.968..2612.890 rows=18181 loops=1)
              Hash Cond: (mk.movie_id = t.id)
              ->  Seq Scan on movie_keyword mk  (cost=0.00..69693.30 rows=4523930 width=4) (actual time=0.024..884.281 rows=4523930 loops=1)
              ->  Hash  (cost=67604.59..67604.59 rows=7437 width=4) (actual time=870.848..870.848 rows=9768 loops=1)
                    Buckets: 16384 (originally 8192)  Batches: 1 (originally 1)  Memory Usage: 472kB
                    ->  Seq Scan on title t  (cost=0.00..67604.59 rows=7437 width=4) (actual time=0.293..865.797 rows=9768 loops=1)
                          Filter: (production_year = 1958)
                          Rows Removed by Filter: 2518544
Planning time: 7.530 ms
Execution time: 6497.268 ms
