Hash Join  (cost=172925.79..260734.49 rows=115066 width=0) (actual time=3347.172..7826.157 rows=391619 loops=1)
  Hash Cond: (mk.movie_id = t.id)
  ->  Seq Scan on movie_keyword mk  (cost=0.00..69693.30 rows=4523930 width=4) (actual time=0.018..2927.561 rows=4523930 loops=1)
  ->  Hash  (cost=172121.88..172121.88 rows=64313 width=8) (actual time=3346.565..3346.565 rows=111266 loops=1)
        Buckets: 131072 (originally 65536)  Batches: 2 (originally 1)  Memory Usage: 3195kB
        ->  Hash Join  (cost=102767.86..172121.88 rows=64313 width=8) (actual time=2160.713..3303.164 rows=111266 loops=1)
              Hash Cond: (mc.movie_id = t.id)
              ->  Seq Scan on movie_companies mc  (cost=0.00..57926.93 rows=64313 width=4) (actual time=75.288..706.210 rows=111266 loops=1)
                    Filter: ((company_id < 27) AND (company_type_id < 2))
                    Rows Removed by Filter: 2497863
              ->  Hash  (cost=61283.27..61283.27 rows=2528527 width=4) (actual time=2084.274..2084.274 rows=2528312 loops=1)
                    Buckets: 131072  Batches: 64  Memory Usage: 2415kB
                    ->  Seq Scan on title t  (cost=0.00..61283.27 rows=2528527 width=4) (actual time=0.024..967.231 rows=2528312 loops=1)
Planning time: 1.026 ms
Execution time: 7876.876 ms
