Seq Scan on movie_companies mc  (cost=0.00..51404.11 rows=828053 width=0) (actual time=0.025..2672.884 rows=820340 loops=1)
  Filter: (company_id < 1961)
  Rows Removed by Filter: 1788789
Planning time: 0.332 ms
Execution time: 2806.861 ms
