Hash Join  (cost=149828.07..1113497.38 rows=830014 width=0) (actual time=7755.148..20663.322 rows=2036080 loops=1)
  Hash Cond: (ci.movie_id = t.id)
  ->  Seq Scan on cast_info ci  (cost=0.00..796071.18 rows=13725328 width=4) (actual time=4573.660..12944.056 rows=8347073 loops=1)
        Filter: ((person_id < 2119982) AND (role_id > 1))
        Rows Removed by Filter: 27897271
  ->  Hash  (cost=147318.72..147318.72 rows=152908 width=8) (actual time=3180.244..3180.244 rows=247206 loops=1)
        Buckets: 131072 (originally 131072)  Batches: 4 (originally 2)  Memory Usage: 3444kB
        ->  Hash Join  (cost=78556.72..147318.72 rows=152908 width=8) (actual time=1786.125..3099.527 rows=247206 loops=1)
              Hash Cond: (mc.movie_id = t.id)
              ->  Seq Scan on movie_companies mc  (cost=0.00..57926.93 rows=579196 width=4) (actual time=0.053..939.716 rows=311630 loops=1)
                    Filter: ((company_id > 12471) AND (company_type_id = 1))
                    Rows Removed by Filter: 2297499
              ->  Hash  (cost=67604.59..67604.59 rows=667531 width=4) (actual time=1275.355..1275.355 rows=662825 loops=1)
                    Buckets: 131072  Batches: 16  Memory Usage: 2476kB
                    ->  Seq Scan on title t  (cost=0.00..67604.59 rows=667531 width=4) (actual time=32.467..1069.764 rows=662825 loops=1)
                          Filter: (kind_id = 1)
                          Rows Removed by Filter: 1865487
Planning time: 2.200 ms
Execution time: 20916.164 ms
