Seq Scan on movie_companies mc  (cost=0.00..57926.93 rows=51 width=0) (actual time=0.077..745.473 rows=1394 loops=1)
  Filter: ((company_type_id < 2) AND (company_id = 13114))
  Rows Removed by Filter: 2607735
Planning time: 0.324 ms
Execution time: 745.792 ms
