Hash Join  (cost=78473.92..622696.38 rows=3609883 width=0) (actual time=1407.870..15240.341 rows=2875851 loops=1)
  Hash Cond: (mi.movie_id = t.id)
  ->  Seq Scan on movie_info mi  (cost=0.00..346232.03 rows=13777494 width=4) (actual time=0.023..6522.623 rows=13816125 loops=1)
        Filter: (info_type_id < 86)
        Rows Removed by Filter: 1019595
  ->  Hash  (cost=67604.59..67604.59 rows=662507 width=4) (actual time=1406.923..1406.923 rows=662065 loops=1)
        Buckets: 131072  Batches: 16  Memory Usage: 2487kB
        ->  Seq Scan on title t  (cost=0.00..67604.59 rows=662507 width=4) (actual time=0.012..1188.242 rows=662065 loops=1)
              Filter: (production_year > 2008)
              Rows Removed by Filter: 1866247
Planning time: 0.730 ms
Execution time: 15538.647 ms
