Hash Join  (cost=83073.67..136211.68 rows=20 width=0) (actual time=1131.992..1970.328 rows=301 loops=1)
  Hash Cond: (mc.movie_id = t.id)
  ->  Seq Scan on movie_companies mc  (cost=0.00..51404.11 rows=462318 width=4) (actual time=0.027..772.036 rows=466655 loops=1)
        Filter: (company_id > 76232)
        Rows Removed by Filter: 2142474
  ->  Hash  (cost=83072.29..83072.29 rows=111 width=8) (actual time=1125.035..1125.035 rows=583 loops=1)
        Buckets: 1024  Batches: 1  Memory Usage: 31kB
        ->  Nested Loop  (cost=0.43..83072.29 rows=111 width=8) (actual time=0.334..1124.525 rows=583 loops=1)
              ->  Seq Scan on movie_keyword mk  (cost=0.00..81003.12 rows=246 width=4) (actual time=0.293..1095.487 rows=1052 loops=1)
                    Filter: (keyword_id = 858)
                    Rows Removed by Filter: 4522878
              ->  Index Scan using title_pkey on title t  (cost=0.43..8.40 rows=1 width=4) (actual time=0.026..0.026 rows=1 loops=1052)
                    Index Cond: (id = mk.movie_id)
                    Filter: (production_year < 2002)
                    Rows Removed by Filter: 0
Planning time: 1.079 ms
Execution time: 1970.522 ms
