Hash Join  (cost=263698.18..915077.94 rows=14353093 width=0) (actual time=7390.945..38984.270 rows=64860841 loops=1)
  Hash Cond: (mi.movie_id = t.id)
  ->  Seq Scan on movie_info mi  (cost=0.00..309384.22 rows=14739122 width=4) (actual time=0.013..5140.174 rows=14835720 loops=1)
  ->  Hash  (cost=223300.39..223300.39 rows=2462303 width=8) (actual time=7389.790..7389.790 rows=2463692 loops=1)
        Buckets: 131072  Batches: 64  Memory Usage: 2599kB
        ->  Hash Join  (cost=102767.86..223300.39 rows=2462303 width=8) (actual time=2497.568..6068.688 rows=2463692 loops=1)
              Hash Cond: (mc.movie_id = t.id)
              ->  Seq Scan on movie_companies mc  (cost=0.00..51404.11 rows=2462303 width=4) (actual time=0.018..1027.195 rows=2463692 loops=1)
                    Filter: (company_id < 133932)
                    Rows Removed by Filter: 145437
              ->  Hash  (cost=61283.27..61283.27 rows=2528527 width=4) (actual time=2496.346..2496.346 rows=2528312 loops=1)
                    Buckets: 131072  Batches: 64  Memory Usage: 2415kB
                    ->  Seq Scan on title t  (cost=0.00..61283.27 rows=2528527 width=4) (actual time=0.009..960.041 rows=2528312 loops=1)
Planning time: 1.114 ms
Execution time: 46346.427 ms
