Hash Join  (cost=345425.65..1127853.37 rows=23181511 width=0) (actual time=7920.298..61888.278 rows=210222439 loops=1)
  Hash Cond: (mi.movie_id = t.id)
  ->  Seq Scan on movie_info mi  (cost=0.00..309384.22 rows=14739122 width=4) (actual time=0.016..5271.759 rows=14835720 loops=1)
  ->  Hash  (cost=280180.20..280180.20 rows=3976836 width=8) (actual time=7917.964..7917.964 rows=3776658 loops=1)
        Buckets: 131072  Batches: 64  Memory Usage: 3362kB
        ->  Hash Join  (cost=104071.89..280180.20 rows=3976836 width=8) (actual time=2308.346..6890.262 rows=3776658 loops=1)
              Hash Cond: (mk.movie_id = t.id)
              ->  Seq Scan on movie_keyword mk  (cost=0.00..69693.30 rows=4523930 width=4) (actual time=0.019..1290.824 rows=4523930 loops=1)
              ->  Hash  (cost=67604.59..67604.59 rows=2222744 width=4) (actual time=2306.998..2306.998 rows=2214818 loops=1)
                    Buckets: 131072  Batches: 32  Memory Usage: 3469kB
                    ->  Seq Scan on title t  (cost=0.00..67604.59 rows=2222744 width=4) (actual time=0.019..1356.574 rows=2214818 loops=1)
                          Filter: (production_year > 1959)
                          Rows Removed by Filter: 313494
Planning time: 3.441 ms
Execution time: 82842.015 ms
