Seq Scan on cast_info ci  (cost=0.00..796071.18 rows=176 width=0) (actual time=6326.512..12415.002 rows=216 loops=1)
  Filter: ((role_id < 2) AND (person_id = 1110394))
  Rows Removed by Filter: 36244128
Planning time: 0.362 ms
Execution time: 12415.188 ms
