Seq Scan on movie_companies mc  (cost=0.00..51404.11 rows=2535133 width=0) (actual time=0.023..995.431 rows=2535844 loops=1)
  Filter: (company_id < 174435)
  Rows Removed by Filter: 73285
Planning time: 0.286 ms
Execution time: 1315.516 ms
