Seq Scan on title t  (cost=0.00..73925.90 rows=216312 width=0) (actual time=0.022..2948.562 rows=327454 loops=1)
  Filter: ((kind_id < 7) AND (production_year < 1983))
  Rows Removed by Filter: 2200858
Planning time: 0.312 ms
Execution time: 3017.600 ms
