Hash Join  (cost=948767.01..1414993.60 rows=2936811 width=0) (actual time=15968.385..27538.352 rows=8717672 loops=1)
  Hash Cond: (mi.movie_id = t.id)
  ->  Seq Scan on movie_info mi  (cost=0.00..346232.03 rows=7503588 width=4) (actual time=748.583..5824.186 rows=7548855 loops=1)
        Filter: (info_type_id > 7)
        Rows Removed by Filter: 7286865
  ->  Hash  (cost=932530.59..932530.59 rows=989634 width=8) (actual time=15218.940..15218.940 rows=1718123 loops=1)
        Buckets: 131072 (originally 131072)  Batches: 32 (originally 16)  Memory Usage: 3103kB
        ->  Hash Join  (cost=102767.86..932530.59 rows=989634 width=8) (actual time=5789.357..14699.613 rows=1718123 loops=1)
              Hash Cond: (ci.movie_id = t.id)
              ->  Seq Scan on cast_info ci  (cost=0.00..796071.18 rows=989634 width=4) (actual time=3995.897..11096.585 rows=1718123 loops=1)
                    Filter: ((person_id > 2798045) AND (role_id = 3))
                    Rows Removed by Filter: 34526221
              ->  Hash  (cost=61283.27..61283.27 rows=2528527 width=4) (actual time=1791.942..1791.942 rows=2528312 loops=1)
                    Buckets: 131072  Batches: 64  Memory Usage: 2415kB
                    ->  Seq Scan on title t  (cost=0.00..61283.27 rows=2528527 width=4) (actual time=0.017..943.094 rows=2528312 loops=1)
Planning time: 1.133 ms
Execution time: 28494.640 ms
