Seq Scan on movie_companies mc  (cost=0.00..51404.11 rows=1678013 width=0) (actual time=0.022..821.920 rows=1669182 loops=1)
  Filter: (company_id < 19054)
  Rows Removed by Filter: 939947
Planning time: 0.286 ms
Execution time: 1015.952 ms
