Hash Join  (cost=430442.16..1228607.81 rows=257442 width=0) (actual time=8277.165..23343.279 rows=1821 loops=1)
  Hash Cond: (ci.movie_id = t.id)
  ->  Seq Scan on cast_info ci  (cost=0.00..705507.15 rows=24022411 width=4) (actual time=2315.697..13715.567 rows=24130698 loops=1)
        Filter: (role_id < 4)
        Rows Removed by Filter: 12113646
  ->  Hash  (cost=430103.44..430103.44 rows=27098 width=8) (actual time=5942.577..5942.577 rows=395 loops=1)
        Buckets: 32768  Batches: 1  Memory Usage: 272kB
        ->  Hash Join  (cost=75650.58..430103.44 rows=27098 width=8) (actual time=1858.261..5942.236 rows=395 loops=1)
              Hash Cond: (mi.movie_id = t.id)
              ->  Seq Scan on movie_info mi  (cost=0.00..346232.03 rows=651960 width=4) (actual time=746.520..4622.468 rows=660923 loops=1)
                    Filter: (info_type_id = 18)
                    Rows Removed by Filter: 14174797
              ->  Hash  (cost=73925.90..73925.90 rows=105094 width=4) (actual time=1107.972..1107.972 rows=1973 loops=1)
                    Buckets: 131072  Batches: 2  Memory Usage: 1064kB
                    ->  Seq Scan on title t  (cost=0.00..73925.90 rows=105094 width=4) (actual time=0.538..1105.862 rows=1973 loops=1)
                          Filter: ((kind_id > 3) AND (production_year < 1950))
                          Rows Removed by Filter: 2526339
Planning time: 1.224 ms
Execution time: 23344.301 ms
