Hash Join  (cost=102767.86..971176.74 rows=2595674 width=0) (actual time=6307.329..18385.797 rows=2728943 loops=1)
  Hash Cond: (ci.movie_id = t.id)
  ->  Seq Scan on cast_info ci  (cost=0.00..796071.18 rows=2595674 width=4) (actual time=4466.878..14045.304 rows=2728943 loops=1)
        Filter: ((person_id < 3690151) AND (role_id = 4))
        Rows Removed by Filter: 33515401
  ->  Hash  (cost=61283.27..61283.27 rows=2528527 width=4) (actual time=1838.478..1838.478 rows=2528312 loops=1)
        Buckets: 131072  Batches: 64  Memory Usage: 2415kB
        ->  Seq Scan on title t  (cost=0.00..61283.27 rows=2528527 width=4) (actual time=0.019..1009.803 rows=2528312 loops=1)
Planning time: 0.734 ms
Execution time: 18702.726 ms
