Seq Scan on cast_info ci  (cost=0.00..796071.18 rows=3504930 width=0) (actual time=687.735..12806.327 rows=4057712 loops=1)
  Filter: ((person_id > 654357) AND (role_id = 10))
  Rows Removed by Filter: 32186632
Planning time: 0.371 ms
Execution time: 13315.149 ms
