Seq Scan on cast_info ci  (cost=0.00..796071.18 rows=4301759 width=0) (actual time=5869.962..11571.997 rows=2564396 loops=1)
  Filter: ((person_id < 1255541) AND (role_id > 3))
  Rows Removed by Filter: 33679948
Planning time: 0.326 ms
Execution time: 11895.607 ms
