Hash Join  (cost=74183.63..827926.69 rows=295389 width=0) (actual time=1001.285..14992.279 rows=352 loops=1)
  Hash Cond: (ci.movie_id = t.id)
  ->  Seq Scan on cast_info ci  (cost=0.00..614943.12 rows=36225612 width=4) (actual time=0.012..7144.731 rows=36244344 loops=1)
  ->  Hash  (cost=73925.90..73925.90 rows=20618 width=4) (actual time=983.442..983.442 rows=45 loops=1)
        Buckets: 32768  Batches: 1  Memory Usage: 258kB
        ->  Seq Scan on title t  (cost=0.00..73925.90 rows=20618 width=4) (actual time=358.504..983.370 rows=45 loops=1)
              Filter: ((production_year < 1976) AND (kind_id = 4))
              Rows Removed by Filter: 2528267
Planning time: 0.553 ms
Execution time: 14992.676 ms
