Hash Join  (cost=174865.45..274569.26 rows=360564 width=0) (actual time=4346.653..6479.802 rows=1438684 loops=1)
  Hash Cond: (mk.movie_id = t.id)
  ->  Seq Scan on movie_keyword mk  (cost=0.00..81003.12 rows=996280 width=4) (actual time=0.016..1284.517 rows=1003207 loops=1)
        Filter: (keyword_id < 958)
        Rows Removed by Filter: 3520723
  ->  Hash  (cost=159851.69..159851.69 rows=915101 width=8) (actual time=4345.762..4345.762 rows=919850 loops=1)
        Buckets: 131072  Batches: 16  Memory Usage: 3282kB
        ->  Hash Join  (cost=102767.86..159851.69 rows=915101 width=8) (actual time=2402.346..4080.562 rows=919850 loops=1)
              Hash Cond: (mi_idx.movie_id = t.id)
              ->  Seq Scan on movie_info_idx mi_idx  (cost=0.00..25185.44 rows=915101 width=4) (actual time=0.027..567.338 rows=919850 loops=1)
                    Filter: (info_type_id < 101)
                    Rows Removed by Filter: 460185
              ->  Hash  (cost=61283.27..61283.27 rows=2528527 width=4) (actual time=2400.826..2400.826 rows=2528312 loops=1)
                    Buckets: 131072  Batches: 64  Memory Usage: 2415kB
                    ->  Seq Scan on title t  (cost=0.00..61283.27 rows=2528527 width=4) (actual time=0.004..953.439 rows=2528312 loops=1)
Planning time: 1.083 ms
Execution time: 6612.420 ms
