Seq Scan on movie_keyword mk  (cost=0.00..81003.12 rows=2449008 width=0) (actual time=0.019..1342.587 rows=2437405 loops=1)
  Filter: (keyword_id > 3722)
  Rows Removed by Filter: 2086525
Planning time: 0.292 ms
Execution time: 1648.108 ms
