Hash Join  (cost=83074.74..109986.57 rows=134 width=0) (actual time=1224.176..1682.298 rows=631 loops=1)
  Hash Cond: (mi_idx.movie_id = t.id)
  ->  Seq Scan on movie_info_idx mi_idx  (cost=0.00..21735.35 rows=1380035 width=4) (actual time=0.021..240.155 rows=1380035 loops=1)
  ->  Hash  (cost=83071.67..83071.67 rows=246 width=8) (actual time=1220.172..1220.172 rows=248 loops=1)
        Buckets: 1024  Batches: 1  Memory Usage: 18kB
        ->  Nested Loop  (cost=0.43..83071.67 rows=246 width=8) (actual time=10.667..1219.972 rows=248 loops=1)
              ->  Seq Scan on movie_keyword mk  (cost=0.00..81003.12 rows=246 width=4) (actual time=10.570..1210.775 rows=248 loops=1)
                    Filter: (keyword_id = 8201)
                    Rows Removed by Filter: 4523682
              ->  Index Only Scan using title_pkey on title t  (cost=0.43..8.40 rows=1 width=4) (actual time=0.035..0.035 rows=1 loops=248)
                    Index Cond: (id = mk.movie_id)
                    Heap Fetches: 248
Planning time: 1.106 ms
Execution time: 1682.501 ms
