Hash Join  (cost=150320.67..509423.57 rows=157924 width=0) (actual time=6132.180..8440.727 rows=109944 loops=1)
  Hash Cond: (mi.movie_id = t.id)
  ->  Seq Scan on movie_info mi  (cost=0.00..346232.03 rows=809768 width=4) (actual time=2790.792..4668.196 rows=802140 loops=1)
        Filter: (info_type_id < 2)
        Rows Removed by Filter: 14033580
  ->  Hash  (cost=142229.64..142229.64 rows=493123 width=8) (actual time=3340.505..3340.505 rows=263138 loops=1)
        Buckets: 131072  Batches: 8  Memory Usage: 2314kB
        ->  Hash Join  (cost=96184.51..142229.64 rows=493123 width=8) (actual time=1757.908..3255.875 rows=263138 loops=1)
              Hash Cond: (mi_idx.movie_id = t.id)
              ->  Seq Scan on movie_info_idx mi_idx  (cost=0.00..25185.44 rows=919057 width=4) (actual time=0.030..513.807 rows=920110 loops=1)
                    Filter: (info_type_id > 99)
                    Rows Removed by Filter: 459925
              ->  Hash  (cost=73925.90..73925.90 rows=1356688 width=4) (actual time=1679.024..1679.024 rows=1327781 loops=1)
                    Buckets: 131072  Batches: 32  Memory Usage: 2479kB
                    ->  Seq Scan on title t  (cost=0.00..73925.90 rows=1356688 width=4) (actual time=0.019..1260.477 rows=1327781 loops=1)
                          Filter: ((production_year < 2012) AND (kind_id = 7))
                          Rows Removed by Filter: 1200531
Planning time: 1.179 ms
Execution time: 8455.996 ms
