Hash Join  (cost=78988.28..156913.14 rows=241630 width=0) (actual time=1175.561..3175.345 rows=367722 loops=1)
  Hash Cond: (mc.movie_id = t.id)
  ->  Seq Scan on movie_companies mc  (cost=0.00..51404.11 rows=1980387 width=4) (actual time=0.027..964.546 rows=1985136 loops=1)
        Filter: (company_id > 790)
        Rows Removed by Filter: 623993
  ->  Hash  (cost=73925.90..73925.90 rows=308510 width=4) (actual time=1172.536..1172.536 rows=266599 loops=1)
        Buckets: 131072  Batches: 8  Memory Usage: 2191kB
        ->  Seq Scan on title t  (cost=0.00..73925.90 rows=308510 width=4) (actual time=0.024..1087.069 rows=266599 loops=1)
              Filter: ((kind_id < 7) AND (production_year > 2007))
              Rows Removed by Filter: 2261713
Planning time: 0.670 ms
Execution time: 3221.930 ms
