Hash Join  (cost=101779.36..459769.14 rows=25202 width=0) (actual time=5467.677..18314.980 rows=121378 loops=1)
  Hash Cond: (mi.movie_id = t.id)
  ->  Seq Scan on movie_info mi  (cost=0.00..346232.03 rows=3068194 width=4) (actual time=1738.015..13673.157 rows=3036719 loops=1)
        Filter: (info_type_id = 16)
        Rows Removed by Filter: 11799001
  ->  Hash  (cost=101519.75..101519.75 rows=20769 width=8) (actual time=3725.052..3725.052 rows=30226 loops=1)
        Buckets: 32768  Batches: 1  Memory Usage: 1437kB
        ->  Hash Join  (cost=74401.58..101519.75 rows=20769 width=8) (actual time=2554.996..3714.729 rows=30226 loops=1)
              Hash Cond: (mi_idx.movie_id = t.id)
              ->  Seq Scan on movie_info_idx mi_idx  (cost=0.00..21735.35 rows=1380035 width=4) (actual time=0.023..776.129 rows=1380035 loops=1)
              ->  Hash  (cost=73925.90..73925.90 rows=38054 width=4) (actual time=2549.887..2549.887 rows=26139 loops=1)
                    Buckets: 65536  Batches: 1  Memory Usage: 1431kB
                    ->  Seq Scan on title t  (cost=0.00..73925.90 rows=38054 width=4) (actual time=0.070..2537.616 rows=26139 loops=1)
                          Filter: ((kind_id < 3) AND (production_year = 2008))
                          Rows Removed by Filter: 2502173
Planning time: 11.007 ms
Execution time: 18331.966 ms
