Seq Scan on cast_info ci  (cost=0.00..796071.18 rows=565802 width=0) (actual time=2044.802..11001.278 rows=839312 loops=1)
  Filter: ((person_id > 2502317) AND (role_id = 8))
  Rows Removed by Filter: 35405032
Planning time: 0.344 ms
Execution time: 11108.231 ms
