Hash Join  (cost=138304.79..256732.30 rows=448969 width=0) (actual time=4729.588..5479.827 rows=383613 loops=1)
  Hash Cond: (mk.movie_id = t.id)
  ->  Seq Scan on movie_keyword mk  (cost=0.00..81003.12 rows=2706586 width=4) (actual time=0.014..1445.060 rows=2701175 loops=1)
        Filter: (keyword_id > 2988)
        Rows Removed by Filter: 1822755
  ->  Hash  (cost=131422.88..131422.88 rows=419433 width=8) (actual time=2912.309..2912.309 rows=202476 loops=1)
        Buckets: 131072  Batches: 8  Memory Usage: 2010kB
        ->  Hash Join  (cost=86534.07..131422.88 rows=419433 width=8) (actual time=1895.106..2848.101 rows=202476 loops=1)
              Hash Cond: (mi_idx.movie_id = t.id)
              ->  Seq Scan on movie_info_idx mi_idx  (cost=0.00..21735.35 rows=1380035 width=4) (actual time=0.028..383.006 rows=1380035 loops=1)
              ->  Hash  (cost=73925.90..73925.90 rows=768493 width=4) (actual time=1644.294..1644.294 rows=840010 loops=1)
                    Buckets: 131072  Batches: 16  Memory Usage: 2877kB
                    ->  Seq Scan on title t  (cost=0.00..73925.90 rows=768493 width=4) (actual time=206.261..1227.455 rows=840010 loops=1)
                          Filter: ((production_year > 2002) AND (kind_id = 7))
                          Rows Removed by Filter: 1688302
Planning time: 1.253 ms
Execution time: 5518.998 ms
