Hash Join  (cost=102767.86..913962.30 rows=217924 width=0) (actual time=11752.830..14324.911 rows=263929 loops=1)
  Hash Cond: (ci.movie_id = t.id)
  ->  Seq Scan on cast_info ci  (cost=0.00..796071.18 rows=217924 width=4) (actual time=9386.466..11378.231 rows=263929 loops=1)
        Filter: ((person_id > 1344134) AND (role_id = 11))
        Rows Removed by Filter: 35980415
  ->  Hash  (cost=61283.27..61283.27 rows=2528527 width=4) (actual time=2364.809..2364.809 rows=2528312 loops=1)
        Buckets: 131072  Batches: 64  Memory Usage: 2415kB
        ->  Seq Scan on title t  (cost=0.00..61283.27 rows=2528527 width=4) (actual time=0.030..856.614 rows=2528312 loops=1)
Planning time: 0.710 ms
Execution time: 14356.660 ms
