Nested Loop  (cost=0.43..83071.67 rows=246 width=0) (actual time=3.422..1143.972 rows=159 loops=1)
  ->  Seq Scan on movie_keyword mk  (cost=0.00..81003.12 rows=246 width=4) (actual time=3.352..1138.359 rows=159 loops=1)
        Filter: (keyword_id = 2821)
        Rows Removed by Filter: 4523771
  ->  Index Only Scan using title_pkey on title t  (cost=0.43..8.40 rows=1 width=4) (actual time=0.031..0.032 rows=1 loops=159)
        Index Cond: (id = mk.movie_id)
        Heap Fetches: 159
Planning time: 0.688 ms
Execution time: 1144.169 ms
