Hash Join  (cost=102605.37..189282.98 rows=1957 width=0) (actual time=1503.290..3070.512 rows=416 loops=1)
  Hash Cond: (mk.movie_id = t.id)
  ->  Seq Scan on movie_keyword mk  (cost=0.00..69693.30 rows=4523930 width=4) (actual time=0.014..787.676 rows=4523930 loops=1)
  ->  Hash  (cost=102591.70..102591.70 rows=1094 width=8) (actual time=1480.513..1480.513 rows=88 loops=1)
        Buckets: 2048  Batches: 1  Memory Usage: 20kB
        ->  Hash Join  (cost=73963.69..102591.70 rows=1094 width=8) (actual time=962.266..1480.386 rows=88 loops=1)
              Hash Cond: (mi_idx.movie_id = t.id)
              ->  Seq Scan on movie_info_idx mi_idx  (cost=0.00..25185.44 rows=915101 width=4) (actual time=0.028..435.255 rows=919850 loops=1)
                    Filter: (info_type_id < 101)
                    Rows Removed by Filter: 460185
              ->  Hash  (cost=73925.90..73925.90 rows=3023 width=4) (actual time=910.834..910.834 rows=1148 loops=1)
                    Buckets: 4096  Batches: 1  Memory Usage: 73kB
                    ->  Seq Scan on title t  (cost=0.00..73925.90 rows=3023 width=4) (actual time=406.175..910.129 rows=1148 loops=1)
                          Filter: ((production_year > 2012) AND (kind_id = 4))
                          Rows Removed by Filter: 2527164
Planning time: 1.105 ms
Execution time: 3070.677 ms
