Hash Join  (cost=234427.15..1184488.54 rows=8821977 width=0) (actual time=5164.581..24953.801 rows=12273892 loops=1)
  Hash Cond: (ci.movie_id = t.id)
  ->  Seq Scan on cast_info ci  (cost=0.00..705507.15 rows=11616094 width=4) (actual time=0.026..11699.739 rows=11650851 loops=1)
        Filter: (person_id > 2528779)
        Rows Removed by Filter: 24593493
  ->  Hash  (cost=202921.16..202921.16 rows=1920319 width=8) (actual time=5163.406..5163.406 rows=1301439 loops=1)
        Buckets: 131072  Batches: 32  Memory Usage: 2584kB
        ->  Hash Join  (cost=98137.04..202921.16 rows=1920319 width=8) (actual time=1653.210..4788.407 rows=1301439 loops=1)
              Hash Cond: (mc.movie_id = t.id)
              ->  Seq Scan on movie_companies mc  (cost=0.00..44881.29 rows=2609129 width=4) (actual time=0.020..825.272 rows=2609129 loops=1)
              ->  Hash  (cost=67604.59..67604.59 rows=1860996 width=4) (actual time=1651.861..1651.861 rows=1865487 loops=1)
                    Buckets: 131072  Batches: 32  Memory Usage: 3079kB
                    ->  Seq Scan on title t  (cost=0.00..67604.59 rows=1860996 width=4) (actual time=0.022..1056.676 rows=1865487 loops=1)
                          Filter: (kind_id > 1)
                          Rows Removed by Filter: 662825
Planning time: 1.166 ms
Execution time: 26113.659 ms
