Hash Join  (cost=77642.13..434846.69 rows=72528 width=0) (actual time=4785.642..6135.582 rows=47721 loops=1)
  Hash Cond: (mi.movie_id = t.id)
  ->  Seq Scan on movie_info mi  (cost=0.00..346232.03 rows=809669 width=4) (actual time=3665.187..4632.623 rows=802140 loops=1)
        Filter: (info_type_id = 1)
        Rows Removed by Filter: 14033580
  ->  Hash  (cost=73925.90..73925.90 rows=226498 width=4) (actual time=1119.450..1119.450 rows=120787 loops=1)
        Buckets: 131072  Batches: 4  Memory Usage: 2088kB
        ->  Seq Scan on title t  (cost=0.00..73925.90 rows=226498 width=4) (actual time=0.035..1075.265 rows=120787 loops=1)
              Filter: ((production_year < 1970) AND (kind_id = 7))
              Rows Removed by Filter: 2407525
Planning time: 0.724 ms
Execution time: 6142.122 ms
