Hash Join  (cost=102767.86..1053843.03 rows=6031138 width=0) (actual time=1725.697..23467.107 rows=7450653 loops=1)
  Hash Cond: (ci.movie_id = t.id)
  ->  Seq Scan on cast_info ci  (cost=0.00..796071.18 rows=6031138 width=4) (actual time=0.027..15031.038 rows=7450653 loops=1)
        Filter: ((person_id > 596632) AND (role_id = 2))
        Rows Removed by Filter: 28793691
  ->  Hash  (cost=61283.27..61283.27 rows=2528527 width=4) (actual time=1723.801..1723.801 rows=2528312 loops=1)
        Buckets: 131072  Batches: 64  Memory Usage: 2415kB
        ->  Seq Scan on title t  (cost=0.00..61283.27 rows=2528527 width=4) (actual time=0.026..884.233 rows=2528312 loops=1)
Planning time: 0.841 ms
Execution time: 24352.749 ms
