Seq Scan on cast_info ci  (cost=0.00..796071.18 rows=1873706 width=0) (actual time=0.066..10659.513 rows=610521 loops=1)
  Filter: ((person_id < 1539471) AND (role_id = 10))
  Rows Removed by Filter: 35633823
Planning time: 0.372 ms
Execution time: 10738.007 ms
