Hash Join  (cost=119308.94..196527.50 rows=157304 width=0) (actual time=2279.256..4434.330 rows=579521 loops=1)
  Hash Cond: (mc.movie_id = t.id)
  ->  Seq Scan on movie_companies mc  (cost=0.00..44881.29 rows=2609129 width=4) (actual time=0.026..837.247 rows=2609129 loops=1)
  ->  Hash  (cost=116807.39..116807.39 rows=152444 width=8) (actual time=2278.423..2278.423 rows=189745 loops=1)
        Buckets: 131072 (originally 131072)  Batches: 4 (originally 2)  Memory Usage: 3073kB
        ->  Hash Join  (cost=81530.55..116807.39 rows=152444 width=8) (actual time=1370.885..2214.938 rows=189745 loops=1)
              Hash Cond: (mi_idx.movie_id = t.id)
              ->  Seq Scan on movie_info_idx mi_idx  (cost=0.00..25185.44 rows=454124 width=4) (actual time=0.018..430.212 rows=459925 loops=1)
                    Filter: (info_type_id = 100)
                    Rows Removed by Filter: 920110
              ->  Hash  (cost=67604.59..67604.59 rows=848797 width=4) (actual time=1369.752..1369.752 rows=849141 loops=1)
                    Buckets: 131072  Batches: 16  Memory Usage: 2892kB
                    ->  Seq Scan on title t  (cost=0.00..67604.59 rows=848797 width=4) (actual time=0.020..1094.094 rows=849141 loops=1)
                          Filter: (production_year < 1996)
                          Rows Removed by Filter: 1679171
Planning time: 1.041 ms
Execution time: 4511.376 ms
