Seq Scan on movie_keyword mk  (cost=0.00..81003.12 rows=673579 width=0) (actual time=0.024..1255.930 rows=677421 loops=1)
  Filter: (keyword_id > 27642)
  Rows Removed by Filter: 3846509
Planning time: 0.290 ms
Execution time: 1341.974 ms
