Hash Join  (cost=101352.68..156075.10 rows=5690 width=0) (actual time=1563.971..2655.931 rows=7321 loops=1)
  Hash Cond: (mc.movie_id = t.id)
  ->  Seq Scan on movie_companies mc  (cost=0.00..44881.29 rows=2609129 width=4) (actual time=0.024..568.121 rows=2609129 loops=1)
  ->  Hash  (cost=101283.75..101283.75 rows=5514 width=8) (actual time=1563.659..1563.659 rows=3268 loops=1)
        Buckets: 8192  Batches: 1  Memory Usage: 192kB
        ->  Hash Join  (cost=74301.05..101283.75 rows=5514 width=8) (actual time=1057.963..1562.114 rows=3268 loops=1)
              Hash Cond: (mi_idx.movie_id = t.id)
              ->  Seq Scan on movie_info_idx mi_idx  (cost=0.00..25185.44 rows=464566 width=4) (actual time=0.015..387.269 rows=459925 loops=1)
                    Filter: (info_type_id = 101)
                    Rows Removed by Filter: 920110
              ->  Hash  (cost=73925.90..73925.90 rows=30012 width=4) (actual time=1057.590..1057.590 rows=28831 loops=1)
                    Buckets: 32768  Batches: 1  Memory Usage: 1270kB
                    ->  Seq Scan on title t  (cost=0.00..73925.90 rows=30012 width=4) (actual time=0.051..1045.919 rows=28831 loops=1)
                          Filter: ((production_year > 2008) AND (kind_id = 4))
                          Rows Removed by Filter: 2499481
Planning time: 1.190 ms
Execution time: 2657.516 ms
