Hash Join  (cost=522411.00..1839217.53 rows=23141138 width=0) (actual time=25284.955..102362.020 rows=19885998 loops=1)
  Hash Cond: (ci.movie_id = t.id)
  ->  Seq Scan on cast_info ci  (cost=0.00..614943.12 rows=36225612 width=4) (actual time=0.019..46006.392 rows=36244344 loops=1)
  ->  Hash  (cost=495910.53..495910.53 rows=1615238 width=8) (actual time=25283.129..25283.129 rows=687938 loops=1)
        Buckets: 131072  Batches: 32  Memory Usage: 1827kB
        ->  Hash Join  (cost=98137.04..495910.53 rows=1615238 width=8) (actual time=6521.349..25057.900 rows=687938 loops=1)
              Hash Cond: (mi.movie_id = t.id)
              ->  Seq Scan on movie_info mi  (cost=0.00..346232.03 rows=2194617 width=4) (actual time=0.012..16625.117 rows=2233850 loops=1)
                    Filter: (info_type_id > 16)
                    Rows Removed by Filter: 12601870
              ->  Hash  (cost=67604.59..67604.59 rows=1860996 width=4) (actual time=6505.312..6505.312 rows=1865487 loops=1)
                    Buckets: 131072  Batches: 32  Memory Usage: 3085kB
                    ->  Seq Scan on title t  (cost=0.00..67604.59 rows=1860996 width=4) (actual time=0.016..4634.105 rows=1865487 loops=1)
                          Filter: (kind_id > 1)
                          Rows Removed by Filter: 662825
Planning time: 1.124 ms
Execution time: 105354.105 ms
