Hash Join  (cost=125637.39..510881.80 rows=267366 width=0) (actual time=4806.554..8488.723 rows=235494 loops=1)
  Hash Cond: (mi.movie_id = t.id)
  ->  Seq Scan on movie_info mi  (cost=0.00..346232.03 rows=3068194 width=4) (actual time=2515.511..4939.744 rows=3036719 loops=1)
        Filter: (info_type_id = 16)
        Rows Removed by Filter: 11799001
  ->  Hash  (cost=122022.15..122022.15 rows=220339 width=8) (actual time=2290.145..2290.145 rows=96867 loops=1)
        Buckets: 131072  Batches: 4  Memory Usage: 1967kB
        ->  Hash Join  (cost=80549.28..122022.15 rows=220339 width=8) (actual time=1646.214..2254.584 rows=96867 loops=1)
              Hash Cond: (mi_idx.movie_id = t.id)
              ->  Seq Scan on movie_info_idx mi_idx  (cost=0.00..21735.35 rows=1380035 width=4) (actual time=0.018..421.150 rows=1380035 loops=1)
              ->  Hash  (cost=73925.90..73925.90 rows=403710 width=4) (actual time=1173.803..1173.803 rows=434218 loops=1)
                    Buckets: 131072  Batches: 8  Memory Usage: 2935kB
                    ->  Seq Scan on title t  (cost=0.00..73925.90 rows=403710 width=4) (actual time=0.028..1039.125 rows=434218 loops=1)
                          Filter: ((production_year > 2008) AND (kind_id = 7))
                          Rows Removed by Filter: 2094094
Planning time: 1.190 ms
Execution time: 8518.931 ms
