Hash Join  (cost=174403.47..316197.18 rows=1107796 width=0) (actual time=4746.269..15657.706 rows=26657553 loops=1)
  Hash Cond: (mk.movie_id = t.id)
  ->  Seq Scan on movie_keyword mk  (cost=0.00..81003.12 rows=4066567 width=4) (actual time=0.024..1690.406 rows=4070329 loops=1)
        Filter: (keyword_id < 39025)
        Rows Removed by Filter: 453601
  ->  Hash  (cost=163102.35..163102.35 rows=688810 width=8) (actual time=4298.549..4298.549 rows=1307690 loops=1)
        Buckets: 131072 (originally 131072)  Batches: 32 (originally 16)  Memory Usage: 3073kB
        ->  Hash Join  (cost=78556.72..163102.35 rows=688810 width=8) (actual time=1291.674..3883.427 rows=1307690 loops=1)
              Hash Cond: (mc.movie_id = t.id)
              ->  Seq Scan on movie_companies mc  (cost=0.00..44881.29 rows=2609129 width=4) (actual time=0.013..828.944 rows=2609129 loops=1)
              ->  Hash  (cost=67604.59..67604.59 rows=667531 width=4) (actual time=1290.710..1290.710 rows=662825 loops=1)
                    Buckets: 131072  Batches: 16  Memory Usage: 2476kB
                    ->  Seq Scan on title t  (cost=0.00..67604.59 rows=667531 width=4) (actual time=439.296..1088.395 rows=662825 loops=1)
                          Filter: (kind_id = 1)
                          Rows Removed by Filter: 1865487
Planning time: 1.096 ms
Execution time: 18749.210 ms
