Seq Scan on movie_keyword mk  (cost=0.00..81003.12 rows=3342173 width=0) (actual time=0.027..1345.152 rows=3332533 loops=1)
  Filter: (keyword_id > 1420)
  Rows Removed by Filter: 1191397
Planning time: 0.333 ms
Execution time: 1752.235 ms
