Hash Join  (cost=510374.62..670289.74 rows=2242260 width=0) (actual time=8546.072..13198.888 rows=4989842 loops=1)
  Hash Cond: (mk.movie_id = t.id)
  ->  Seq Scan on movie_keyword mk  (cost=0.00..81003.12 rows=4455570 width=4) (actual time=0.013..1648.651 rows=4457045 loops=1)
        Filter: (keyword_id < 92400)
        Rows Removed by Filter: 66885
  ->  Hash  (cost=489497.65..489497.65 rows=1272478 width=8) (actual time=8544.620..8544.620 rows=1325361 loops=1)
        Buckets: 131072  Batches: 32  Memory Usage: 2648kB
        ->  Hash Join  (cost=102767.86..489497.65 rows=1272478 width=8) (actual time=4602.369..8194.698 rows=1325361 loops=1)
              Hash Cond: (mi.movie_id = t.id)
              ->  Seq Scan on movie_info mi  (cost=0.00..346232.03 rows=1272478 width=4) (actual time=2849.216..4999.470 rows=1325361 loops=1)
                    Filter: (info_type_id = 8)
                    Rows Removed by Filter: 13510359
              ->  Hash  (cost=61283.27..61283.27 rows=2528527 width=4) (actual time=1751.751..1751.751 rows=2528312 loops=1)
                    Buckets: 131072  Batches: 64  Memory Usage: 2425kB
                    ->  Seq Scan on title t  (cost=0.00..61283.27 rows=2528527 width=4) (actual time=0.023..923.549 rows=2528312 loops=1)
Planning time: 1.778 ms
Execution time: 13653.355 ms
