Seq Scan on movie_keyword mk  (cost=0.00..81003.12 rows=246 width=0) (actual time=30.594..1148.578 rows=51 loops=1)
  Filter: (keyword_id = 16381)
  Rows Removed by Filter: 4523879
Planning time: 0.310 ms
Execution time: 1148.693 ms
