Seq Scan on movie_keyword mk  (cost=0.00..81003.12 rows=1741176 width=0) (actual time=0.019..1332.853 rows=1751599 loops=1)
  Filter: (keyword_id > 7953)
  Rows Removed by Filter: 2772331
Planning time: 1.273 ms
Execution time: 1556.799 ms
