Hash Join  (cost=191057.41..284895.82 rows=1362888 width=0) (actual time=4900.849..8616.322 rows=4049063 loops=1)
  Hash Cond: (mc.movie_id = t.id)
  ->  Seq Scan on movie_companies mc  (cost=0.00..44881.29 rows=2609129 width=4) (actual time=0.025..627.126 rows=2609129 loops=1)
  ->  Hash  (cost=169387.58..169387.58 rows=1320786 width=8) (actual time=4899.197..4899.197 rows=1368353 loops=1)
        Buckets: 131072  Batches: 32  Memory Usage: 2693kB
        ->  Hash Join  (cost=107308.20..169387.58 rows=1320786 width=8) (actual time=2637.781..4487.334 rows=1368353 loops=1)
              Hash Cond: (mi_idx.movie_id = t.id)
              ->  Seq Scan on movie_info_idx mi_idx  (cost=0.00..21735.35 rows=1380035 width=4) (actual time=0.027..354.867 rows=1380035 loops=1)
              ->  Hash  (cost=67604.59..67604.59 rows=2419969 width=4) (actual time=2636.929..2636.929 rows=2413398 loops=1)
                    Buckets: 131072  Batches: 32  Memory Usage: 3676kB
                    ->  Seq Scan on title t  (cost=0.00..67604.59 rows=2419969 width=4) (actual time=0.018..1207.145 rows=2413398 loops=1)
                          Filter: (production_year > 1912)
                          Rows Removed by Filter: 114914
Planning time: 7.704 ms
Execution time: 9078.947 ms
