Seq Scan on cast_info ci  (cost=0.00..796071.18 rows=10287623 width=0) (actual time=4324.864..13147.239 rows=6367835 loops=1)
  Filter: ((person_id < 3072132) AND (role_id > 3))
  Rows Removed by Filter: 29876509
Planning time: 0.400 ms
Execution time: 13973.123 ms
