Hash Join  (cost=73994.33..163217.90 rows=4718 width=0) (actual time=1041.518..2736.421 rows=5932 loops=1)
  Hash Cond: (mk.movie_id = t.id)
  ->  Seq Scan on movie_keyword mk  (cost=0.00..81003.12 rows=2179537 width=4) (actual time=0.028..1333.339 rows=2179069 loops=1)
        Filter: (keyword_id < 4297)
        Rows Removed by Filter: 2344861
  ->  Hash  (cost=73925.90..73925.90 rows=5474 width=4) (actual time=1041.375..1041.375 rows=11034 loops=1)
        Buckets: 16384 (originally 8192)  Batches: 1 (originally 1)  Memory Usage: 516kB
        ->  Seq Scan on title t  (cost=0.00..73925.90 rows=5474 width=4) (actual time=0.296..1035.931 rows=11034 loops=1)
              Filter: ((kind_id > 1) AND (production_year = 1983))
              Rows Removed by Filter: 2517278
Planning time: 0.710 ms
Execution time: 2737.558 ms
