Hash Join  (cost=106229.42..150899.38 rows=432885 width=0) (actual time=1999.246..3267.080 rows=452697 loops=1)
  Hash Cond: (mi_idx.movie_id = t.id)
  ->  Seq Scan on movie_info_idx mi_idx  (cost=0.00..25185.44 rows=464934 width=4) (actual time=0.029..439.761 rows=460185 loops=1)
        Filter: (info_type_id > 100)
        Rows Removed by Filter: 919850
  ->  Hash  (cost=67604.59..67604.59 rows=2354227 width=4) (actual time=1998.349..1998.349 rows=2349391 loops=1)
        Buckets: 131072  Batches: 32  Memory Usage: 3609kB
        ->  Seq Scan on title t  (cost=0.00..67604.59 rows=2354227 width=4) (actual time=0.018..1239.223 rows=2349391 loops=1)
              Filter: (production_year > 1926)
              Rows Removed by Filter: 178921
Planning time: 0.748 ms
Execution time: 3322.996 ms
