Hash Join  (cost=86372.90..212042.33 rows=859176 width=0) (actual time=1272.926..5282.884 rows=1653590 loops=1)
  Hash Cond: (mk.movie_id = t.id)
  ->  Seq Scan on movie_keyword mk  (cost=0.00..81003.12 rows=2863610 width=4) (actual time=0.016..1556.577 rows=2848883 loops=1)
        Filter: (keyword_id > 2565)
        Rows Removed by Filter: 1675047
  ->  Hash  (cost=73925.90..73925.90 rows=758640 width=4) (actual time=1271.688..1271.688 rows=663849 loops=1)
        Buckets: 131072  Batches: 16  Memory Usage: 2491kB
        ->  Seq Scan on title t  (cost=0.00..73925.90 rows=758640 width=4) (actual time=0.038..1059.002 rows=663849 loops=1)
              Filter: ((kind_id < 7) AND (production_year > 1980))
              Rows Removed by Filter: 1864463
Planning time: 0.659 ms
Execution time: 5487.676 ms
