Seq Scan on movie_keyword mk  (cost=0.00..81003.12 rows=246 width=0) (actual time=0.376..569.647 rows=2024 loops=1)
  Filter: (keyword_id = 2241)
  Rows Removed by Filter: 4521906
Planning time: 0.327 ms
Execution time: 570.142 ms
