Hash Join  (cost=83072.36..137737.94 rows=6 width=0) (actual time=1211.136..2232.674 rows=115 loops=1)
  Hash Cond: (mc.movie_id = t.id)
  ->  Seq Scan on movie_companies mc  (cost=0.00..44881.29 rows=2609129 width=4) (actual time=0.022..564.139 rows=2609129 loops=1)
  ->  Hash  (cost=83072.29..83072.29 rows=6 width=8) (actual time=1206.893..1206.893 rows=9 loops=1)
        Buckets: 1024  Batches: 1  Memory Usage: 9kB
        ->  Nested Loop  (cost=0.43..83072.29 rows=6 width=8) (actual time=13.543..1206.867 rows=9 loops=1)
              ->  Seq Scan on movie_keyword mk  (cost=0.00..81003.12 rows=246 width=4) (actual time=1.069..1181.713 rows=494 loops=1)
                    Filter: (keyword_id = 8843)
                    Rows Removed by Filter: 4523436
              ->  Index Scan using title_pkey on title t  (cost=0.43..8.40 rows=1 width=4) (actual time=0.050..0.050 rows=0 loops=494)
                    Index Cond: (id = mk.movie_id)
                    Filter: (production_year = 2001)
                    Rows Removed by Filter: 1
Planning time: 2.367 ms
Execution time: 2232.804 ms
