Seq Scan on movie_companies mc  (cost=0.00..57926.93 rows=1038955 width=0) (actual time=0.019..2753.606 rows=920541 loops=1)
  Filter: ((company_id > 424) AND (company_type_id < 2))
  Rows Removed by Filter: 1688588
Planning time: 5.136 ms
Execution time: 2874.742 ms
