Hash Join  (cost=210558.07..730556.16 rows=3766717 width=0) (actual time=4470.630..17055.847 rows=1757762 loops=1)
  Hash Cond: (mi.movie_id = t.id)
  ->  Seq Scan on movie_info mi  (cost=0.00..309384.22 rows=14739122 width=4) (actual time=0.018..5572.669 rows=14835720 loops=1)
  ->  Hash  (cost=199955.72..199955.72 rows=646188 width=8) (actual time=4291.136..4291.136 rows=176748 loops=1)
        Buckets: 131072  Batches: 16  Memory Usage: 1470kB
        ->  Hash Join  (cost=92883.59..199955.72 rows=646188 width=8) (actual time=3311.504..4239.638 rows=176748 loops=1)
              Hash Cond: (mk.movie_id = t.id)
              ->  Seq Scan on movie_keyword mk  (cost=0.00..81003.12 rows=1060426 width=4) (actual time=0.017..1458.869 rows=1064196 loops=1)
                    Filter: (keyword_id > 16501)
                    Rows Removed by Filter: 3459734
              ->  Hash  (cost=67604.59..67604.59 rows=1540800 width=4) (actual time=1746.031..1746.031 rows=1543264 loops=1)
                    Buckets: 131072  Batches: 32  Memory Usage: 2728kB
                    ->  Seq Scan on title t  (cost=0.00..67604.59 rows=1540800 width=4) (actual time=0.022..1242.307 rows=1543264 loops=1)
                          Filter: (kind_id = 7)
                          Rows Removed by Filter: 985048
Planning time: 1.140 ms
Execution time: 17244.246 ms
