Hash Join  (cost=82257.13..165729.18 rows=7147 width=0) (actual time=1242.778..2508.535 rows=28434 loops=1)
  Hash Cond: (mk.movie_id = t.id)
  ->  Seq Scan on movie_keyword mk  (cost=0.00..81003.12 rows=35588 width=4) (actual time=0.074..1157.103 rows=34710 loops=1)
        Filter: (keyword_id = 2488)
        Rows Removed by Filter: 4489220
  ->  Hash  (cost=73925.90..73925.90 rows=507778 width=4) (actual time=1241.136..1241.136 rows=524129 loops=1)
        Buckets: 131072  Batches: 8  Memory Usage: 3348kB
        ->  Seq Scan on title t  (cost=0.00..73925.90 rows=507778 width=4) (actual time=0.030..1076.837 rows=524129 loops=1)
              Filter: ((production_year < 2010) AND (kind_id = 1))
              Rows Removed by Filter: 2004183
Planning time: 0.703 ms
Execution time: 2512.757 ms
