Seq Scan on cast_info ci  (cost=0.00..796071.18 rows=14488986 width=0) (actual time=0.086..15352.544 rows=12254253 loops=1)
  Filter: ((person_id < 3352599) AND (role_id > 2))
  Rows Removed by Filter: 23990091
Planning time: 0.292 ms
Execution time: 16879.700 ms
