Hash Join  (cost=124453.12..877203.77 rows=196148 width=0) (actual time=2053.095..18353.926 rows=581178 loops=1)
  Hash Cond: (ci.movie_id = t.id)
  ->  Seq Scan on cast_info ci  (cost=0.00..614943.12 rows=36225612 width=4) (actual time=0.005..7880.412 rows=36244344 loops=1)
  ->  Hash  (cost=124281.99..124281.99 rows=13691 width=8) (actual time=2052.899..2052.899 rows=13046 loops=1)
        Buckets: 16384  Batches: 1  Memory Usage: 638kB
        ->  Hash Join  (cost=67942.77..124281.99 rows=13691 width=8) (actual time=940.705..2047.717 rows=13046 loops=1)
              Hash Cond: (mc.movie_id = t.id)
              ->  Seq Scan on movie_companies mc  (cost=0.00..51404.11 rows=1279517 width=4) (actual time=0.023..840.073 rows=1274246 loops=1)
                    Filter: (company_type_id = 1)
                    Rows Removed by Filter: 1334883
              ->  Hash  (cost=67604.59..67604.59 rows=27055 width=4) (actual time=940.093..940.093 rows=26775 loops=1)
                    Buckets: 32768  Batches: 1  Memory Usage: 1198kB
                    ->  Seq Scan on title t  (cost=0.00..67604.59 rows=27055 width=4) (actual time=0.037..928.529 rows=26775 loops=1)
                          Filter: (production_year = 1993)
                          Rows Removed by Filter: 2501537
Planning time: 1.157 ms
Execution time: 18437.865 ms
