Hash Join  (cost=709678.15..1092555.83 rows=1931 width=0) (actual time=10478.117..17375.623 rows=210 loops=1)
  Hash Cond: (mi.movie_id = t.id)
  ->  Seq Scan on movie_info mi  (cost=0.00..346232.03 rows=9767026 width=4) (actual time=74.997..5765.721 rows=9911754 loops=1)
        Filter: (info_type_id > 4)
        Rows Removed by Filter: 4923966
  ->  Hash  (cost=709671.90..709671.90 rows=500 width=8) (actual time=10224.957..10224.957 rows=33 loops=1)
        Buckets: 1024  Batches: 1  Memory Usage: 10kB
        ->  Nested Loop  (cost=0.43..709671.90 rows=500 width=8) (actual time=4906.083..10224.855 rows=33 loops=1)
              ->  Seq Scan on cast_info ci  (cost=0.00..705507.15 rows=500 width=4) (actual time=4905.979..10223.827 rows=33 loops=1)
                    Filter: (person_id = 2006398)
                    Rows Removed by Filter: 36244311
              ->  Index Only Scan using title_pkey on title t  (cost=0.43..8.32 rows=1 width=4) (actual time=0.028..0.028 rows=1 loops=33)
                    Index Cond: (id = ci.movie_id)
                    Heap Fetches: 33
Planning time: 1.149 ms
Execution time: 17375.790 ms
