Hash Join  (cost=191363.01..555244.70 rows=125099 width=0) (actual time=5896.785..9574.698 rows=889021 loops=1)
  Hash Cond: (mi.movie_id = t.id)
  ->  Seq Scan on movie_info mi  (cost=0.00..346232.03 rows=1338312 width=4) (actual time=1600.024..4643.635 rows=1401902 loops=1)
        Filter: (info_type_id = 7)
        Rows Removed by Filter: 13433818
  ->  Hash  (cost=187484.59..187484.59 rows=236354 width=8) (actual time=4215.781..4215.781 rows=281943 loops=1)
        Buckets: 131072  Batches: 4  Memory Usage: 3835kB
        ->  Hash Join  (cost=93117.31..187484.59 rows=236354 width=8) (actual time=2324.635..4125.064 rows=281943 loops=1)
              Hash Cond: (mk.movie_id = t.id)
              ->  Seq Scan on movie_keyword mk  (cost=0.00..81003.12 rows=384322 width=4) (actual time=0.043..1250.219 rows=381669 loops=1)
                    Filter: (keyword_id > 44804)
                    Rows Removed by Filter: 4142261
              ->  Hash  (cost=67604.59..67604.59 rows=1555018 width=4) (actual time=2323.599..2323.599 rows=1551727 loops=1)
                    Buckets: 131072  Batches: 32  Memory Usage: 2736kB
                    ->  Seq Scan on title t  (cost=0.00..67604.59 rows=1555018 width=4) (actual time=0.019..1065.736 rows=1551727 loops=1)
                          Filter: (production_year < 2007)
                          Rows Removed by Filter: 976585
Planning time: 1.137 ms
Execution time: 9659.461 ms
