Hash Join  (cost=74062.04..428160.50 rows=8933 width=0) (actual time=3037.264..6352.550 rows=12047 loops=1)
  Hash Cond: (mi.movie_id = t.id)
  ->  Seq Scan on movie_info mi  (cost=0.00..346232.03 rows=2073893 width=4) (actual time=2096.166..5050.687 rows=2091068 loops=1)
        Filter: (info_type_id < 3)
        Rows Removed by Filter: 12744652
  ->  Hash  (cost=73925.90..73925.90 rows=10891 width=4) (actual time=940.628..940.628 rows=7563 loops=1)
        Buckets: 16384  Batches: 1  Memory Usage: 394kB
        ->  Seq Scan on title t  (cost=0.00..73925.90 rows=10891 width=4) (actual time=0.027..936.867 rows=7563 loops=1)
              Filter: ((kind_id < 3) AND (production_year = 1996))
              Rows Removed by Filter: 2520749
Planning time: 0.758 ms
Execution time: 6354.830 ms
