Hash Join  (cost=165344.40..534484.35 rows=461313 width=0) (actual time=6026.963..10005.269 rows=775449 loops=1)
  Hash Cond: (mi.movie_id = t.id)
  ->  Seq Scan on movie_info mi  (cost=0.00..346232.03 rows=1272478 width=4) (actual time=1781.371..4788.968 rows=1325361 loops=1)
        Filter: (info_type_id = 8)
        Rows Removed by Filter: 13510359
  ->  Hash  (cost=150305.04..150305.04 rows=916669 width=8) (actual time=4244.719..4244.719 rows=855351 loops=1)
        Buckets: 131072  Batches: 16  Memory Usage: 3128kB
        ->  Hash Join  (cost=95159.82..150305.04 rows=916669 width=8) (actual time=2422.775..3980.169 rows=855351 loops=1)
              Hash Cond: (mi_idx.movie_id = t.id)
              ->  Seq Scan on movie_info_idx mi_idx  (cost=0.00..21735.35 rows=1380035 width=4) (actual time=0.032..404.320 rows=1380035 loops=1)
              ->  Hash  (cost=67604.59..67604.59 rows=1679539 width=4) (actual time=2421.572..2421.572 rows=1673541 loops=1)
                    Buckets: 131072  Batches: 32  Memory Usage: 2866kB
                    ->  Seq Scan on title t  (cost=0.00..67604.59 rows=1679539 width=4) (actual time=0.037..1163.439 rows=1673541 loops=1)
                          Filter: (production_year > 1993)
                          Rows Removed by Filter: 854771
Planning time: 1.163 ms
Execution time: 10099.009 ms
