Hash Join  (cost=91342.70..1010448.22 rows=6884186 width=0) (actual time=4063.430..20935.798 rows=5837304 loops=1)
  Hash Cond: (ci.movie_id = t.id)
  ->  Seq Scan on cast_info ci  (cost=0.00..705507.15 rows=12030536 width=4) (actual time=2471.773..11903.366 rows=12086641 loops=1)
        Filter: (person_id > 2477953)
        Rows Removed by Filter: 24157703
  ->  Hash  (cost=67604.59..67604.59 rows=1446889 width=4) (actual time=1590.088..1590.088 rows=1443298 loops=1)
        Buckets: 131072  Batches: 32  Memory Usage: 2608kB
        ->  Seq Scan on title t  (cost=0.00..67604.59 rows=1446889 width=4) (actual time=0.029..1133.186 rows=1443298 loops=1)
              Filter: (production_year < 2006)
              Rows Removed by Filter: 1085014
Planning time: 0.741 ms
Execution time: 21537.713 ms
