Hash Join  (cost=94744.57..653475.30 rows=7396780 width=0) (actual time=1808.786..16170.824 rows=4102514 loops=1)
  Hash Cond: (mi.movie_id = t.id)
  ->  Seq Scan on movie_info mi  (cost=0.00..309384.22 rows=14739122 width=4) (actual time=0.009..5355.832 rows=14835720 loops=1)
  ->  Hash  (cost=73925.90..73925.90 rows=1268933 width=4) (actual time=1807.559..1807.559 rows=1236795 loops=1)
        Buckets: 131072  Batches: 32  Memory Usage: 2389kB
        ->  Seq Scan on title t  (cost=0.00..73925.90 rows=1268933 width=4) (actual time=0.029..1388.425 rows=1236795 loops=1)
              Filter: ((kind_id > 3) AND (production_year < 2010))
              Rows Removed by Filter: 1291517
Planning time: 0.749 ms
Execution time: 16686.543 ms
