Seq Scan on movie_keyword mk  (cost=0.00..81003.12 rows=1858870 width=0) (actual time=0.018..1335.906 rows=1869744 loops=1)
  Filter: (keyword_id < 3155)
  Rows Removed by Filter: 2654186
Planning time: 0.299 ms
Execution time: 1567.937 ms
