Seq Scan on movie_companies mc  (cost=0.00..57926.93 rows=916891 width=0) (actual time=0.251..961.918 rows=756399 loops=1)
  Filter: ((company_id > 1431) AND (company_type_id < 2))
  Rows Removed by Filter: 1852730
Planning time: 0.330 ms
Execution time: 1063.100 ms
