Seq Scan on movie_companies mc  (cost=0.00..51404.11 rows=104 width=0) (actual time=0.024..2101.757 rows=21 loops=1)
  Filter: (company_id = 31888)
  Rows Removed by Filter: 2609108
Planning time: 0.360 ms
Execution time: 2101.838 ms
