Hash Join  (cost=203338.83..1258970.04 rows=7524573 width=0) (actual time=5657.359..35464.485 rows=16541976 loops=1)
  Hash Cond: (ci.movie_id = t.id)
  ->  Seq Scan on cast_info ci  (cost=0.00..705507.15 rows=23499554 width=4) (actual time=1118.173..15013.868 rows=23573656 loops=1)
        Filter: (role_id > 1)
        Rows Removed by Filter: 12670688
  ->  Hash  (cost=190055.38..190055.38 rows=809636 width=8) (actual time=4538.281..4538.281 rows=1024584 loops=1)
        Buckets: 131072  Batches: 16  Memory Usage: 3525kB
        ->  Hash Join  (cost=102767.86..190055.38 rows=809636 width=8) (actual time=1878.426..4276.853 rows=1024584 loops=1)
              Hash Cond: (mc.movie_id = t.id)
              ->  Seq Scan on movie_companies mc  (cost=0.00..57926.93 rows=809636 width=4) (actual time=0.393..1056.392 rows=1024584 loops=1)
                    Filter: ((company_id > 5376) AND (company_type_id > 1))
                    Rows Removed by Filter: 1584545
              ->  Hash  (cost=61283.27..61283.27 rows=2528527 width=4) (actual time=1876.865..1876.865 rows=2528312 loops=1)
                    Buckets: 131072  Batches: 64  Memory Usage: 2415kB
                    ->  Seq Scan on title t  (cost=0.00..61283.27 rows=2528527 width=4) (actual time=0.019..1029.524 rows=2528312 loops=1)
Planning time: 1.101 ms
Execution time: 37220.017 ms
