Seq Scan on movie_keyword mk  (cost=0.00..81003.12 rows=3487319 width=0) (actual time=0.024..1381.549 rows=3485549 loops=1)
  Filter: (keyword_id > 1028)
  Rows Removed by Filter: 1038381
Planning time: 0.284 ms
Execution time: 1832.507 ms
