Seq Scan on cast_info ci  (cost=0.00..796071.18 rows=324 width=0) (actual time=1874.920..9103.656 rows=2 loops=1)
  Filter: ((role_id > 1) AND (person_id = 1162803))
  Rows Removed by Filter: 36244342
Planning time: 0.383 ms
Execution time: 9103.760 ms
