Hash Join  (cost=327537.40..1938814.85 rows=47398626 width=0) (actual time=6753.057..71794.639 rows=158894515 loops=1)
  Hash Cond: (ci.movie_id = t.id)
  ->  Seq Scan on cast_info ci  (cost=0.00..614943.12 rows=36225612 width=4) (actual time=0.022..12213.833 rows=36244344 loops=1)
  ->  Hash  (cost=273258.43..273258.43 rows=3308397 width=8) (actual time=6751.127..6751.127 rows=3299820 loops=1)
        Buckets: 131072  Batches: 64  Memory Usage: 3058kB
        ->  Hash Join  (cost=102767.86..273258.43 rows=3308397 width=8) (actual time=1716.582..5934.411 rows=3299820 loops=1)
              Hash Cond: (mk.movie_id = t.id)
              ->  Seq Scan on movie_keyword mk  (cost=0.00..81003.12 rows=3308397 width=4) (actual time=0.024..1609.726 rows=3299820 loops=1)
                    Filter: (keyword_id < 14846)
                    Rows Removed by Filter: 1224110
              ->  Hash  (cost=61283.27..61283.27 rows=2528527 width=4) (actual time=1714.576..1714.576 rows=2528312 loops=1)
                    Buckets: 131072  Batches: 64  Memory Usage: 2425kB
                    ->  Seq Scan on title t  (cost=0.00..61283.27 rows=2528527 width=4) (actual time=0.015..877.042 rows=2528312 loops=1)
Planning time: 1.167 ms
Execution time: 87461.757 ms
