Hash Join  (cost=77184.65..983523.07 rows=1272639 width=0) (actual time=1227.020..23804.326 rows=1561021 loops=1)
  Hash Cond: (ci.movie_id = t.id)
  ->  Seq Scan on cast_info ci  (cost=0.00..705507.15 rows=16201301 width=4) (actual time=1.002..12919.062 rows=16121683 loops=1)
        Filter: (role_id > 2)
        Rows Removed by Filter: 20122661
  ->  Hash  (cost=73925.90..73925.90 rows=198620 width=4) (actual time=1225.165..1225.165 rows=182023 loops=1)
        Buckets: 131072  Batches: 4  Memory Usage: 2629kB
        ->  Seq Scan on title t  (cost=0.00..73925.90 rows=198620 width=4) (actual time=0.679..1163.693 rows=182023 loops=1)
              Filter: ((kind_id < 3) AND (production_year > 2008))
              Rows Removed by Filter: 2346289
Planning time: 0.840 ms
Execution time: 24015.378 ms
