Hash Join  (cost=74452.28..135427.94 rows=12964 width=0) (actual time=1014.780..2139.617 rows=28592 loops=1)
  Hash Cond: (mc.movie_id = t.id)
  ->  Seq Scan on movie_companies mc  (cost=0.00..57926.93 rows=778423 width=4) (actual time=19.749..917.384 rows=1072635 loops=1)
        Filter: ((company_id < 15535) AND (company_type_id < 2))
        Rows Removed by Filter: 1536494
  ->  Hash  (cost=73925.90..73925.90 rows=42110 width=4) (actual time=994.646..994.646 rows=33905 loops=1)
        Buckets: 65536  Batches: 1  Memory Usage: 1704kB
        ->  Seq Scan on title t  (cost=0.00..73925.90 rows=42110 width=4) (actual time=0.036..981.043 rows=33905 loops=1)
              Filter: ((kind_id < 7) AND (production_year = 2006))
              Rows Removed by Filter: 2494407
Planning time: 0.831 ms
Execution time: 2144.101 ms
