Seq Scan on movie_keyword mk  (cost=0.00..81003.12 rows=246 width=0) (actual time=28.971..1274.111 rows=19 loops=1)
  Filter: (keyword_id = 66701)
  Rows Removed by Filter: 4523911
Planning time: 0.350 ms
Execution time: 1274.199 ms
