Hash Join  (cost=796578.94..892954.90 rows=2 width=0) (actual time=10922.730..11400.474 rows=11 loops=1)
  Hash Cond: (mk.movie_id = t.id)
  ->  Seq Scan on movie_keyword mk  (cost=0.00..81003.12 rows=4099418 width=4) (actual time=0.014..1198.083 rows=4087742 loops=1)
        Filter: (keyword_id > 335)
        Rows Removed by Filter: 436188
  ->  Hash  (cost=796578.93..796578.93 rows=1 width=8) (actual time=9712.671..9712.671 rows=2 loops=1)
        Buckets: 1024  Batches: 1  Memory Usage: 9kB
        ->  Nested Loop  (cost=0.43..796578.93 rows=1 width=8) (actual time=1462.649..9712.624 rows=2 loops=1)
              ->  Seq Scan on cast_info ci  (cost=0.00..796071.18 rows=60 width=4) (actual time=1460.224..9709.370 rows=47 loops=1)
                    Filter: ((person_id = 3706349) AND (role_id = 10))
                    Rows Removed by Filter: 36244297
              ->  Index Scan using title_pkey on title t  (cost=0.43..8.45 rows=1 width=4) (actual time=0.067..0.067 rows=0 loops=47)
                    Index Cond: (id = ci.movie_id)
                    Filter: ((kind_id < 3) AND (production_year = 2009))
                    Rows Removed by Filter: 1
Planning time: 1.201 ms
Execution time: 11400.612 ms
