Hash Join  (cost=74421.58..101422.00 rows=7286 width=0) (actual time=962.167..1523.261 rows=15458 loops=1)
  Hash Cond: (mi_idx.movie_id = t.id)
  ->  Seq Scan on movie_info_idx mi_idx  (cost=0.00..25185.44 rows=464566 width=4) (actual time=0.018..428.030 rows=459925 loops=1)
        Filter: (info_type_id = 101)
        Rows Removed by Filter: 920110
  ->  Hash  (cost=73925.90..73925.90 rows=39654 width=4) (actual time=961.845..961.845 rows=37544 loops=1)
        Buckets: 65536  Batches: 1  Memory Usage: 1832kB
        ->  Seq Scan on title t  (cost=0.00..73925.90 rows=39654 width=4) (actual time=0.025..947.191 rows=37544 loops=1)
              Filter: ((production_year > 2004) AND (kind_id = 2))
              Rows Removed by Filter: 2490768
Planning time: 0.540 ms
Execution time: 1525.452 ms
