Hash Join  (cost=81598.21..453944.45 rows=334883 width=0) (actual time=1243.127..7337.836 rows=835210 loops=1)
  Hash Cond: (mi.movie_id = t.id)
  ->  Seq Scan on movie_info mi  (cost=0.00..346232.03 rows=1810770 width=4) (actual time=0.096..4986.075 rows=1865632 loops=1)
        Filter: (info_type_id > 17)
        Rows Removed by Filter: 12970088
  ->  Hash  (cost=73925.90..73925.90 rows=467624 width=4) (actual time=1241.064..1241.064 rows=557493 loops=1)
        Buckets: 131072  Batches: 8  Memory Usage: 3494kB
        ->  Seq Scan on title t  (cost=0.00..73925.90 rows=467624 width=4) (actual time=0.018..1067.621 rows=557493 loops=1)
              Filter: ((kind_id < 7) AND (production_year < 2003))
              Rows Removed by Filter: 1970819
Planning time: 5.271 ms
Execution time: 7429.941 ms
