Seq Scan on cast_info ci  (cost=0.00..705507.15 rows=500 width=0) (actual time=984.486..9938.900 rows=1 loops=1)
  Filter: (person_id = 3637494)
  Rows Removed by Filter: 36244343
Planning time: 0.267 ms
Execution time: 9938.969 ms
