Hash Join  (cost=102767.86..257308.59 rows=2645514 width=0) (actual time=4410.100..12719.602 rows=2630758 loops=1)
  Hash Cond: (mk.movie_id = t.id)
  ->  Seq Scan on movie_keyword mk  (cost=0.00..81003.12 rows=2645514 width=4) (actual time=0.022..5022.949 rows=2630758 loops=1)
        Filter: (keyword_id > 3235)
        Rows Removed by Filter: 1893172
  ->  Hash  (cost=61283.27..61283.27 rows=2528527 width=4) (actual time=4408.872..4408.872 rows=2528312 loops=1)
        Buckets: 131072  Batches: 64  Memory Usage: 2425kB
        ->  Seq Scan on title t  (cost=0.00..61283.27 rows=2528527 width=4) (actual time=0.022..3344.013 rows=2528312 loops=1)
Planning time: 0.661 ms
Execution time: 13103.586 ms
