Hash Join  (cost=83073.92..137740.80 rows=136 width=0) (actual time=1047.860..2248.757 rows=7078 loops=1)
  Hash Cond: (mc.movie_id = t.id)
  ->  Seq Scan on movie_companies mc  (cost=0.00..44881.29 rows=2609129 width=4) (actual time=0.007..688.214 rows=2609129 loops=1)
  ->  Hash  (cost=83072.29..83072.29 rows=131 width=8) (actual time=1047.307..1047.307 rows=760 loops=1)
        Buckets: 1024  Batches: 1  Memory Usage: 38kB
        ->  Nested Loop  (cost=0.43..83072.29 rows=131 width=8) (actual time=0.213..1046.817 rows=760 loops=1)
              ->  Seq Scan on movie_keyword mk  (cost=0.00..81003.12 rows=246 width=4) (actual time=0.179..1024.275 rows=1063 loops=1)
                    Filter: (keyword_id = 1582)
                    Rows Removed by Filter: 4522867
              ->  Index Scan using title_pkey on title t  (cost=0.43..8.40 rows=1 width=4) (actual time=0.020..0.020 rows=1 loops=1063)
                    Index Cond: (id = mk.movie_id)
                    Filter: (production_year < 2005)
                    Rows Removed by Filter: 0
Planning time: 0.776 ms
Execution time: 2250.057 ms
