Nested Loop  (cost=0.43..83072.29 rows=5 width=0) (actual time=102.474..1209.544 rows=51 loops=1)
  ->  Seq Scan on movie_keyword mk  (cost=0.00..81003.12 rows=246 width=4) (actual time=0.394..1162.187 rows=2038 loops=1)
        Filter: (keyword_id = 430)
        Rows Removed by Filter: 4521892
  ->  Index Scan using title_pkey on title t  (cost=0.43..8.40 rows=1 width=4) (actual time=0.023..0.023 rows=0 loops=2038)
        Index Cond: (id = mk.movie_id)
        Filter: (production_year = 1999)
        Rows Removed by Filter: 1
Planning time: 0.809 ms
Execution time: 1209.745 ms
