Hash Join  (cost=283635.21..450725.05 rows=1662202 width=156) (actual time=6618.212..13611.315 rows=7052035 loops=1)
  Hash Cond: (mk.movie_id = t.id)
  ->  Seq Scan on movie_keyword mk  (cost=0.00..81003.12 rows=3045519 width=12) (actual time=0.026..2005.392 rows=3033922 loops=1)
        Filter: (keyword_id < 10925)
        Rows Removed by Filter: 1490008
  ->  Hash  (cost=238082.78..238082.78 rows=1380035 width=144) (actual time=6613.657..6613.657 rows=1380035 loops=1)
        Buckets: 32768  Batches: 64  Memory Usage: 3137kB
        ->  Hash Join  (cost=129928.86..238082.78 rows=1380035 width=144) (actual time=2759.117..5751.814 rows=1380035 loops=1)
              Hash Cond: (mi_idx.movie_id = t.id)
              ->  Seq Scan on movie_info_idx mi_idx  (cost=0.00..21735.35 rows=1380035 width=50) (actual time=0.028..493.152 rows=1380035 loops=1)
              ->  Hash  (cost=61283.27..61283.27 rows=2528527 width=94) (actual time=2758.327..2758.327 rows=2528312 loops=1)
                    Buckets: 32768  Batches: 128  Memory Usage: 2453kB
                    ->  Seq Scan on title t  (cost=0.00..61283.27 rows=2528527 width=94) (actual time=0.018..1352.741 rows=2528312 loops=1)
Planning time: 1.343 ms
Execution time: 13979.313 ms
