Seq Scan on cast_info ci  (cost=0.00..796071.18 rows=176 width=0) (actual time=7457.014..9435.453 rows=1 loops=1)
  Filter: ((person_id = 102488) AND (role_id = 1))
  Rows Removed by Filter: 36244343
Planning time: 0.393 ms
Execution time: 9435.576 ms
