Seq Scan on cast_info ci  (cost=0.00..796071.18 rows=9700749 width=0) (actual time=2964.298..13194.577 rows=15122584 loops=1)
  Filter: ((person_id > 2132978) AND (role_id > 1))
  Rows Removed by Filter: 21121760
Planning time: 0.343 ms
Execution time: 15130.591 ms
