Hash Join  (cost=100957.97..465769.99 rows=15608 width=0) (actual time=1903.208..8456.498 rows=23670 loops=1)
  Hash Cond: (mi.movie_id = t.id)
  ->  Seq Scan on movie_info mi  (cost=0.00..309384.22 rows=14739122 width=4) (actual time=0.020..3998.091 rows=14835720 loops=1)
  ->  Hash  (cost=100924.49..100924.49 rows=2678 width=8) (actual time=1600.266..1600.266 rows=1971 loops=1)
        Buckets: 4096  Batches: 1  Memory Usage: 109kB
        ->  Hash Join  (cost=73987.23..100924.49 rows=2678 width=8) (actual time=1024.772..1599.474 rows=1971 loops=1)
              Hash Cond: (mi_idx.movie_id = t.id)
              ->  Seq Scan on movie_info_idx mi_idx  (cost=0.00..21735.35 rows=1380035 width=4) (actual time=0.022..279.720 rows=1380035 loops=1)
              ->  Hash  (cost=73925.90..73925.90 rows=4906 width=4) (actual time=1022.344..1022.344 rows=6093 loops=1)
                    Buckets: 8192  Batches: 1  Memory Usage: 279kB
                    ->  Seq Scan on title t  (cost=0.00..73925.90 rows=4906 width=4) (actual time=0.050..1019.227 rows=6093 loops=1)
                          Filter: ((kind_id > 3) AND (production_year = 1958))
                          Rows Removed by Filter: 2522219
Planning time: 1.114 ms
Execution time: 8460.010 ms
