Hash Join  (cost=156649.15..266714.68 rows=373801 width=0) (actual time=3248.894..6203.901 rows=1555931 loops=1)
  Hash Cond: (mk.movie_id = t.id)
  ->  Seq Scan on movie_keyword mk  (cost=0.00..81003.12 rows=2032905 width=4) (actual time=0.020..1562.994 rows=2036196 loops=1)
        Filter: (keyword_id < 3639)
        Rows Removed by Filter: 2487734
  ->  Hash  (cost=149020.47..149020.47 rows=464934 width=8) (actual time=3246.886..3246.886 rows=460185 loops=1)
        Buckets: 131072  Batches: 8  Memory Usage: 3286kB
        ->  Hash Join  (cost=102767.86..149020.47 rows=464934 width=8) (actual time=1823.521..3101.702 rows=460185 loops=1)
              Hash Cond: (mi_idx.movie_id = t.id)
              ->  Seq Scan on movie_info_idx mi_idx  (cost=0.00..25185.44 rows=464934 width=4) (actual time=0.027..441.453 rows=460185 loops=1)
                    Filter: (info_type_id > 100)
                    Rows Removed by Filter: 919850
              ->  Hash  (cost=61283.27..61283.27 rows=2528527 width=4) (actual time=1822.248..1822.248 rows=2528312 loops=1)
                    Buckets: 131072  Batches: 64  Memory Usage: 2415kB
                    ->  Seq Scan on title t  (cost=0.00..61283.27 rows=2528527 width=4) (actual time=0.018..980.854 rows=2528312 loops=1)
Planning time: 1.147 ms
Execution time: 6407.651 ms
