Hash Join  (cost=79715.42..112253.79 rows=64327 width=0) (actual time=1277.951..2283.465 rows=28099 loops=1)
  Hash Cond: (mi_idx.movie_id = t.id)
  ->  Seq Scan on movie_info_idx mi_idx  (cost=0.00..25185.44 rows=460978 width=4) (actual time=0.025..498.281 rows=459925 loops=1)
        Filter: (info_type_id = 99)
        Rows Removed by Filter: 920110
  ->  Hash  (cost=73925.90..73925.90 rows=352841 width=4) (actual time=1276.559..1276.559 rows=371999 loops=1)
        Buckets: 131072  Batches: 8  Memory Usage: 2665kB
        ->  Seq Scan on title t  (cost=0.00..73925.90 rows=352841 width=4) (actual time=0.015..1156.155 rows=371999 loops=1)
              Filter: ((kind_id > 3) AND (production_year > 2009))
              Rows Removed by Filter: 2156313
Planning time: 0.770 ms
Execution time: 2286.467 ms
