Hash Join  (cost=190230.21..308731.19 rows=1029520 width=0) (actual time=4572.972..8545.318 rows=4366920 loops=1)
  Hash Cond: (mk.movie_id = t.id)
  ->  Seq Scan on movie_keyword mk  (cost=0.00..81003.12 rows=1886306 width=4) (actual time=0.022..1523.231 rows=1892171 loops=1)
        Filter: (keyword_id > 7185)
        Rows Removed by Filter: 2631759
  ->  Hash  (cost=167588.78..167588.78 rows=1380035 width=8) (actual time=4571.521..4571.521 rows=1380035 loops=1)
        Buckets: 131072  Batches: 32  Memory Usage: 2726kB
        ->  Hash Join  (cost=102767.86..167588.78 rows=1380035 width=8) (actual time=1857.918..4134.877 rows=1380035 loops=1)
              Hash Cond: (mi_idx.movie_id = t.id)
              ->  Seq Scan on movie_info_idx mi_idx  (cost=0.00..21735.35 rows=1380035 width=4) (actual time=0.026..437.606 rows=1380035 loops=1)
              ->  Hash  (cost=61283.27..61283.27 rows=2528527 width=4) (actual time=1856.719..1856.719 rows=2528312 loops=1)
                    Buckets: 131072  Batches: 64  Memory Usage: 2415kB
                    ->  Seq Scan on title t  (cost=0.00..61283.27 rows=2528527 width=4) (actual time=0.021..1013.544 rows=2528312 loops=1)
Planning time: 1.126 ms
Execution time: 9074.383 ms
