Hash Join  (cost=130169.55..497483.10 rows=265762 width=0) (actual time=2287.811..10714.848 rows=2440369 loops=1)
  Hash Cond: (mi.movie_id = t.id)
  ->  Seq Scan on movie_info mi  (cost=0.00..309384.22 rows=14739122 width=4) (actual time=0.007..3866.875 rows=14835720 loops=1)
  ->  Hash  (cost=129599.65..129599.65 rows=45592 width=8) (actual time=2287.267..2287.267 rows=72198 loops=1)
        Buckets: 131072 (originally 65536)  Batches: 1 (originally 1)  Memory Usage: 3845kB
        ->  Hash Join  (cost=74478.21..129599.65 rows=45592 width=8) (actual time=980.173..2258.122 rows=72198 loops=1)
              Hash Cond: (mc.movie_id = t.id)
              ->  Seq Scan on movie_companies mc  (cost=0.00..44881.29 rows=2609129 width=4) (actual time=0.013..578.948 rows=2609129 loops=1)
              ->  Hash  (cost=73925.90..73925.90 rows=44184 width=4) (actual time=979.876..979.876 rows=35489 loops=1)
                    Buckets: 65536  Batches: 1  Memory Usage: 1760kB
                    ->  Seq Scan on title t  (cost=0.00..73925.90 rows=44184 width=4) (actual time=0.022..965.487 rows=35489 loops=1)
                          Filter: ((kind_id < 7) AND (production_year = 2007))
                          Rows Removed by Filter: 2492823
Planning time: 0.836 ms
Execution time: 11029.518 ms
