Hash Join  (cost=569528.01..1938636.56 rows=10600425 width=0) (actual time=34654.858..114005.107 rows=22763345 loops=1)
  Hash Cond: (ci.movie_id = t.id)
  ->  Seq Scan on cast_info ci  (cost=0.00..614943.12 rows=36225612 width=4) (actual time=0.019..48378.649 rows=36244344 loops=1)
  ->  Hash  (cost=557388.20..557388.20 rows=739904 width=8) (actual time=34653.576..34653.576 rows=633134 loops=1)
        Buckets: 131072  Batches: 16  Memory Usage: 2536kB
        ->  Hash Join  (cost=69687.24..557388.20 rows=739904 width=8) (actual time=3541.900..33835.757 rows=633134 loops=1)
              Hash Cond: (mi.movie_id = t.id)
              ->  Seq Scan on movie_info mi  (cost=0.00..309384.22 rows=14739122 width=4) (actual time=0.018..22262.499 rows=14835720 loops=1)
              ->  Hash  (cost=67604.59..67604.59 rows=126932 width=4) (actual time=3541.118..3541.118 rows=122861 loops=1)
                    Buckets: 131072  Batches: 2  Memory Usage: 3197kB
                    ->  Seq Scan on title t  (cost=0.00..67604.59 rows=126932 width=4) (actual time=0.022..3474.543 rows=122861 loops=1)
                          Filter: (production_year = 2008)
                          Rows Removed by Filter: 2405451
Planning time: 1.086 ms
Execution time: 117284.040 ms
