Hash Join  (cost=83074.74..109986.57 rows=134 width=0) (actual time=1134.718..1743.851 rows=1913 loops=1)
  Hash Cond: (mi_idx.movie_id = t.id)
  ->  Seq Scan on movie_info_idx mi_idx  (cost=0.00..21735.35 rows=1380035 width=4) (actual time=0.016..328.539 rows=1380035 loops=1)
  ->  Hash  (cost=83071.67..83071.67 rows=246 width=8) (actual time=1134.109..1134.109 rows=770 loops=1)
        Buckets: 1024  Batches: 1  Memory Usage: 39kB
        ->  Nested Loop  (cost=0.43..83071.67 rows=246 width=8) (actual time=4.357..1133.539 rows=770 loops=1)
              ->  Seq Scan on movie_keyword mk  (cost=0.00..81003.12 rows=246 width=4) (actual time=4.260..1101.213 rows=770 loops=1)
                    Filter: (keyword_id = 707)
                    Rows Removed by Filter: 4523160
              ->  Index Only Scan using title_pkey on title t  (cost=0.43..8.40 rows=1 width=4) (actual time=0.040..0.041 rows=1 loops=770)
                    Index Cond: (id = mk.movie_id)
                    Heap Fetches: 770
Planning time: 21.230 ms
Execution time: 1744.299 ms
