Seq Scan on movie_keyword mk  (cost=0.00..81003.12 rows=435593 width=0) (actual time=0.027..1122.268 rows=430435 loops=1)
  Filter: (keyword_id > 40642)
  Rows Removed by Filter: 4093495
Planning time: 0.315 ms
Execution time: 1176.395 ms
