Hash Join  (cost=150766.47..668842.77 rows=3586639 width=0) (actual time=3129.632..16191.218 rows=4237209 loops=1)
  Hash Cond: (mi.movie_id = t.id)
  ->  Seq Scan on movie_info mi  (cost=0.00..309384.22 rows=14739122 width=4) (actual time=0.013..5358.567 rows=14835720 loops=1)
  ->  Hash  (cost=140671.29..140671.29 rows=615295 width=8) (actual time=3128.185..3128.185 rows=465249 loops=1)
        Buckets: 131072  Batches: 16  Memory Usage: 2170kB
        ->  Hash Join  (cost=92421.85..140671.29 rows=615295 width=8) (actual time=1624.654..2981.885 rows=465249 loops=1)
              Hash Cond: (mi_idx.movie_id = t.id)
              ->  Seq Scan on movie_info_idx mi_idx  (cost=0.00..21735.35 rows=1380035 width=4) (actual time=0.026..355.940 rows=1380035 loops=1)
              ->  Hash  (cost=73925.90..73925.90 rows=1127356 width=4) (actual time=1623.512..1623.512 rows=1234845 loops=1)
                    Buckets: 131072  Batches: 16  Memory Usage: 3745kB
                    ->  Seq Scan on title t  (cost=0.00..73925.90 rows=1127356 width=4) (actual time=0.022..1243.263 rows=1234845 loops=1)
                          Filter: ((kind_id > 1) AND (production_year > 1997))
                          Rows Removed by Filter: 1293467
Planning time: 0.900 ms
Execution time: 16699.860 ms
