Hash Join  (cost=187508.02..326605.95 rows=1403189 width=0) (actual time=5488.951..7226.977 rows=1190787 loops=1)
  Hash Cond: (mk.movie_id = t.id)
  ->  Seq Scan on movie_keyword mk  (cost=0.00..69693.30 rows=4523930 width=4) (actual time=0.013..1343.062 rows=4523930 loops=1)
  ->  Hash  (cost=174640.60..174640.60 rows=784274 width=8) (actual time=3606.750..3606.750 rows=518277 loops=1)
        Buckets: 131072  Batches: 16  Memory Usage: 2275kB
        ->  Hash Join  (cost=92883.59..174640.60 rows=784274 width=8) (actual time=1709.582..3450.295 rows=518277 loops=1)
              Hash Cond: (mc.movie_id = t.id)
              ->  Seq Scan on movie_companies mc  (cost=0.00..51404.11 rows=1287031 width=4) (actual time=0.018..865.278 rows=1279822 loops=1)
                    Filter: (company_id < 11213)
                    Rows Removed by Filter: 1329307
              ->  Hash  (cost=67604.59..67604.59 rows=1540800 width=4) (actual time=1527.476..1527.476 rows=1543264 loops=1)
                    Buckets: 131072  Batches: 32  Memory Usage: 2722kB
                    ->  Seq Scan on title t  (cost=0.00..67604.59 rows=1540800 width=4) (actual time=0.019..1027.828 rows=1543264 loops=1)
                          Filter: (kind_id = 7)
                          Rows Removed by Filter: 985048
Planning time: 0.727 ms
Execution time: 7375.847 ms
