Hash Join  (cost=102767.86..924558.44 rows=658302 width=0) (actual time=5734.078..13664.412 rows=213090 loops=1)
  Hash Cond: (ci.movie_id = t.id)
  ->  Seq Scan on cast_info ci  (cost=0.00..796071.18 rows=658302 width=4) (actual time=3592.853..10925.449 rows=213090 loops=1)
        Filter: ((person_id < 524695) AND (role_id = 10))
        Rows Removed by Filter: 36031254
  ->  Hash  (cost=61283.27..61283.27 rows=2528527 width=4) (actual time=2139.993..2139.993 rows=2528312 loops=1)
        Buckets: 131072  Batches: 64  Memory Usage: 2415kB
        ->  Seq Scan on title t  (cost=0.00..61283.27 rows=2528527 width=4) (actual time=0.021..1074.880 rows=2528312 loops=1)
Planning time: 0.693 ms
Execution time: 13691.259 ms
