Hash Join  (cost=196400.36..1001046.85 rows=63049 width=0) (actual time=6048.534..15077.857 rows=15766 loops=1)
  Hash Cond: (ci.movie_id = t.id)
  ->  Seq Scan on cast_info ci  (cost=0.00..796071.18 rows=2118619 width=4) (actual time=2599.933..11546.400 rows=322486 loops=1)
        Filter: ((person_id > 2657013) AND (role_id = 2))
        Rows Removed by Filter: 35921858
  ->  Hash  (cost=195459.76..195459.76 rows=75248 width=8) (actual time=3447.638..3447.638 rows=72496 loops=1)
        Buckets: 131072  Batches: 1  Memory Usage: 3856kB
        ->  Hash Join  (cost=102767.86..195459.76 rows=75248 width=8) (actual time=1811.221..3418.995 rows=72496 loops=1)
              Hash Cond: (mk.movie_id = t.id)
              ->  Seq Scan on movie_keyword mk  (cost=0.00..81003.12 rows=75248 width=4) (actual time=0.031..1144.616 rows=72496 loops=1)
                    Filter: (keyword_id = 335)
                    Rows Removed by Filter: 4451434
              ->  Hash  (cost=61283.27..61283.27 rows=2528527 width=4) (actual time=1810.329..1810.329 rows=2528312 loops=1)
                    Buckets: 131072  Batches: 64  Memory Usage: 2425kB
                    ->  Seq Scan on title t  (cost=0.00..61283.27 rows=2528527 width=4) (actual time=0.019..950.607 rows=2528312 loops=1)
Planning time: 8.589 ms
Execution time: 15080.714 ms
