Seq Scan on movie_keyword mk  (cost=0.00..81003.12 rows=935808 width=0) (actual time=0.012..906.424 rows=944386 loops=1)
  Filter: (keyword_id > 20095)
  Rows Removed by Filter: 3579544
Planning time: 0.305 ms
Execution time: 1001.362 ms
