Hash Join  (cost=162887.29..915227.76 rows=155137 width=0) (actual time=2419.990..19046.976 rows=630094 loops=1)
  Hash Cond: (ci.movie_id = t.id)
  ->  Seq Scan on cast_info ci  (cost=0.00..614943.12 rows=36225612 width=4) (actual time=0.014..7549.888 rows=36244344 loops=1)
  ->  Hash  (cost=162751.94..162751.94 rows=10828 width=8) (actual time=2419.844..2419.844 rows=20360 loops=1)
        Buckets: 32768 (originally 16384)  Batches: 1 (originally 1)  Memory Usage: 1052kB
        ->  Hash Join  (cost=78556.72..162751.94 rows=10828 width=8) (actual time=1212.901..2413.478 rows=20360 loops=1)
              Hash Cond: (mk.movie_id = t.id)
              ->  Seq Scan on movie_keyword mk  (cost=0.00..81003.12 rows=41017 width=4) (actual time=0.024..1095.605 rows=41840 loops=1)
                    Filter: (keyword_id = 117)
                    Rows Removed by Filter: 4482090
              ->  Hash  (cost=67604.59..67604.59 rows=667531 width=4) (actual time=1210.252..1210.252 rows=662825 loops=1)
                    Buckets: 131072  Batches: 16  Memory Usage: 2486kB
                    ->  Seq Scan on title t  (cost=0.00..67604.59 rows=667531 width=4) (actual time=241.782..993.479 rows=662825 loops=1)
                          Filter: (kind_id = 1)
                          Rows Removed by Filter: 1865487
Planning time: 1.172 ms
Execution time: 19140.182 ms
