Hash Join  (cost=73994.33..428048.35 rows=4490 width=0) (actual time=2144.103..6436.884 rows=2 loops=1)
  Hash Cond: (mi.movie_id = t.id)
  ->  Seq Scan on movie_info mi  (cost=0.00..346232.03 rows=2073893 width=4) (actual time=926.779..5122.111 rows=2091068 loops=1)
        Filter: (info_type_id < 3)
        Rows Removed by Filter: 12744652
  ->  Hash  (cost=73925.90..73925.90 rows=5474 width=4) (actual time=1020.947..1020.947 rows=1 loops=1)
        Buckets: 8192  Batches: 1  Memory Usage: 65kB
        ->  Seq Scan on title t  (cost=0.00..73925.90 rows=5474 width=4) (actual time=85.022..1020.939 rows=1 loops=1)
              Filter: ((kind_id > 1) AND (production_year = 1931))
              Rows Removed by Filter: 2528311
Planning time: 1.521 ms
Execution time: 6436.958 ms
