Seq Scan on movie_keyword mk  (cost=0.00..81003.12 rows=806909 width=0) (actual time=0.014..1257.563 rows=810909 loops=1)
  Filter: (keyword_id > 22687)
  Rows Removed by Filter: 3713021
Planning time: 0.318 ms
Execution time: 1360.676 ms
