Nested Loop  (cost=0.43..58358.52 rows=1 width=0) (actual time=350.390..770.048 rows=66 loops=1)
  ->  Seq Scan on movie_companies mc  (cost=0.00..57926.93 rows=51 width=4) (actual time=347.718..755.637 rows=808 loops=1)
        Filter: ((company_id = 464) AND (company_type_id = 1))
        Rows Removed by Filter: 2608321
  ->  Index Scan using title_pkey on title t  (cost=0.43..8.45 rows=1 width=4) (actual time=0.017..0.017 rows=0 loops=808)
        Index Cond: (id = mc.movie_id)
        Filter: ((kind_id = 7) AND (production_year = 2006))
        Rows Removed by Filter: 1
Planning time: 0.753 ms
Execution time: 770.187 ms
