Seq Scan on movie_keyword mk  (cost=0.00..81003.12 rows=246 width=0) (actual time=55.499..1247.843 rows=434 loops=1)
  Filter: (keyword_id = 2514)
  Rows Removed by Filter: 4523496
Planning time: 0.340 ms
Execution time: 1248.123 ms
