Nested Loop  (cost=0.43..83072.29 rows=187 width=0) (actual time=33.972..1102.980 rows=92 loops=1)
  ->  Seq Scan on movie_keyword mk  (cost=0.00..81003.12 rows=246 width=4) (actual time=33.897..1099.705 rows=93 loops=1)
        Filter: (keyword_id = 44829)
        Rows Removed by Filter: 4523837
  ->  Index Scan using title_pkey on title t  (cost=0.43..8.40 rows=1 width=4) (actual time=0.031..0.031 rows=1 loops=93)
        Index Cond: (id = mk.movie_id)
        Filter: (production_year < 2010)
        Rows Removed by Filter: 0
Planning time: 0.747 ms
Execution time: 1103.142 ms
