Hash Join  (cost=969734.36..1130257.01 rows=2697570 width=0) (actual time=47702.944..69609.518 rows=43524498 loops=1)
  Hash Cond: (mk.movie_id = t.id)
  ->  Seq Scan on movie_keyword mk  (cost=0.00..69693.30 rows=4523930 width=4) (actual time=0.023..5233.027 rows=4523930 loops=1)
  ->  Hash  (cost=944997.70..944997.70 rows=1507733 width=8) (actual time=47700.587..47700.587 rows=3422369 loops=1)
        Buckets: 131072 (originally 131072)  Batches: 64 (originally 32)  Memory Usage: 3153kB
        ->  Hash Join  (cost=102767.86..944997.70 rows=1507733 width=8) (actual time=21687.826..46480.172 rows=3422369 loops=1)
              Hash Cond: (ci.movie_id = t.id)
              ->  Seq Scan on cast_info ci  (cost=0.00..796071.18 rows=1507733 width=4) (actual time=16344.163..37050.690 rows=3422369 loops=1)
                    Filter: ((person_id > 2404582) AND (role_id = 10))
                    Rows Removed by Filter: 32821975
              ->  Hash  (cost=61283.27..61283.27 rows=2528527 width=4) (actual time=5341.828..5341.828 rows=2528312 loops=1)
                    Buckets: 131072  Batches: 64  Memory Usage: 2415kB
                    ->  Seq Scan on title t  (cost=0.00..61283.27 rows=2528527 width=4) (actual time=0.018..4114.387 rows=2528312 loops=1)
Planning time: 1.042 ms
Execution time: 75949.121 ms
