Seq Scan on cast_info ci  (cost=0.00..796071.18 rows=224 width=0) (actual time=4065.939..12286.067 rows=110 loops=1)
  Filter: ((role_id > 2) AND (person_id = 3131858))
  Rows Removed by Filter: 36244234
Planning time: 0.373 ms
Execution time: 12286.227 ms
