Hash Join  (cost=139938.32..240710.10 rows=171223 width=0) (actual time=2803.730..4961.665 rows=587893 loops=1)
  Hash Cond: (mk.movie_id = t.id)
  ->  Seq Scan on movie_keyword mk  (cost=0.00..81003.12 rows=1461445 width=4) (actual time=0.030..1396.823 rows=1471311 loops=1)
        Filter: (keyword_id > 11186)
        Rows Removed by Filter: 3052619
  ->  Hash  (cost=135077.29..135077.29 rows=296243 width=8) (actual time=2802.950..2802.950 rows=277936 loops=1)
        Buckets: 131072  Batches: 4  Memory Usage: 3738kB
        ->  Hash Join  (cost=94666.80..135077.29 rows=296243 width=8) (actual time=1656.606..2708.083 rows=277936 loops=1)
              Hash Cond: (mi_idx.movie_id = t.id)
              ->  Seq Scan on movie_info_idx mi_idx  (cost=0.00..25185.44 rows=454124 width=4) (actual time=0.021..421.440 rows=459925 loops=1)
                    Filter: (info_type_id = 100)
                    Rows Removed by Filter: 920110
              ->  Hash  (cost=67604.59..67604.59 rows=1649457 width=4) (actual time=1655.766..1655.766 rows=1643514 loops=1)
                    Buckets: 131072  Batches: 32  Memory Usage: 2831kB
                    ->  Seq Scan on title t  (cost=0.00..67604.59 rows=1649457 width=4) (actual time=0.018..1147.198 rows=1643514 loops=1)
                          Filter: (production_year > 1994)
                          Rows Removed by Filter: 884798
Planning time: 1.195 ms
Execution time: 5034.931 ms
