Hash Join  (cost=102767.86..252364.58 rows=2440098 width=0) (actual time=1766.613..5884.653 rows=2438713 loops=1)
  Hash Cond: (mk.movie_id = t.id)
  ->  Seq Scan on movie_keyword mk  (cost=0.00..81003.12 rows=2440098 width=4) (actual time=0.019..1601.450 rows=2438713 loops=1)
        Filter: (keyword_id < 5808)
        Rows Removed by Filter: 2085217
  ->  Hash  (cost=61283.27..61283.27 rows=2528527 width=4) (actual time=1765.656..1765.656 rows=2528312 loops=1)
        Buckets: 131072  Batches: 64  Memory Usage: 2425kB
        ->  Seq Scan on title t  (cost=0.00..61283.27 rows=2528527 width=4) (actual time=0.018..915.835 rows=2528312 loops=1)
Planning time: 0.710 ms
Execution time: 6189.802 ms
