Hash Join  (cost=73950.44..163733.79 rows=1814 width=0) (actual time=1214.993..2703.893 rows=14922 loops=1)
  Hash Cond: (mk.movie_id = t.id)
  ->  Seq Scan on movie_keyword mk  (cost=0.00..81003.12 rows=2336556 width=4) (actual time=0.028..1380.305 rows=2337824 loops=1)
        Filter: (keyword_id < 5169)
        Rows Removed by Filter: 2186106
  ->  Hash  (cost=73925.90..73925.90 rows=1963 width=4) (actual time=955.350..955.350 rows=4793 loops=1)
        Buckets: 8192 (originally 2048)  Batches: 1 (originally 1)  Memory Usage: 233kB
        ->  Seq Scan on title t  (cost=0.00..73925.90 rows=1963 width=4) (actual time=365.916..953.051 rows=4793 loops=1)
              Filter: ((kind_id = 1) AND (production_year = 1985))
              Rows Removed by Filter: 2523519
Planning time: 1.171 ms
Execution time: 2706.130 ms
