Hash Join  (cost=313581.18..895021.69 rows=10165751 width=0) (actual time=6904.742..28989.662 rows=46185527 loops=1)
  Hash Cond: (mi.movie_id = t.id)
  ->  Seq Scan on movie_info mi  (cost=0.00..346232.03 rows=8673596 width=4) (actual time=103.210..6314.179 rows=8786582 loops=1)
        Filter: (info_type_id < 13)
        Rows Removed by Filter: 6049138
  ->  Hash  (cost=264960.18..264960.18 rows=2963520 width=8) (actual time=6778.716..6778.716 rows=2947433 loops=1)
        Buckets: 131072  Batches: 64  Memory Usage: 2923kB
        ->  Hash Join  (cost=102767.86..264960.18 rows=2963520 width=8) (actual time=1801.753..5951.623 rows=2947433 loops=1)
              Hash Cond: (mk.movie_id = t.id)
              ->  Seq Scan on movie_keyword mk  (cost=0.00..81003.12 rows=2963520 width=4) (actual time=0.029..1604.196 rows=2947433 loops=1)
                    Filter: (keyword_id < 9915)
                    Rows Removed by Filter: 1576497
              ->  Hash  (cost=61283.27..61283.27 rows=2528527 width=4) (actual time=1800.599..1800.599 rows=2528312 loops=1)
                    Buckets: 131072  Batches: 64  Memory Usage: 2425kB
                    ->  Seq Scan on title t  (cost=0.00..61283.27 rows=2528527 width=4) (actual time=0.015..923.255 rows=2528312 loops=1)
Planning time: 1.079 ms
Execution time: 34246.062 ms
