Hash Join  (cost=114204.45..474646.95 rows=62062 width=0) (actual time=2151.888..6875.387 rows=79179 loops=1)
  Hash Cond: (mi.movie_id = t.id)
  ->  Seq Scan on movie_info mi  (cost=0.00..346232.03 rows=3623957 width=4) (actual time=0.024..4014.456 rows=3624977 loops=1)
        Filter: (info_type_id < 4)
        Rows Removed by Filter: 11210743
  ->  Hash  (cost=113663.17..113663.17 rows=43303 width=8) (actual time=2151.364..2151.364 rows=39072 loops=1)
        Buckets: 65536  Batches: 1  Memory Usage: 2039kB
        ->  Hash Join  (cost=75227.65..113663.17 rows=43303 width=8) (actual time=1239.228..2137.841 rows=39072 loops=1)
              Hash Cond: (mi_idx.movie_id = t.id)
              ->  Seq Scan on movie_info_idx mi_idx  (cost=0.00..21735.35 rows=1380035 width=4) (actual time=0.013..439.473 rows=1380035 loops=1)
              ->  Hash  (cost=73925.90..73925.90 rows=79340 width=4) (actual time=1238.325..1238.325 rows=92312 loops=1)
                    Buckets: 131072  Batches: 2  Memory Usage: 2648kB
                    ->  Seq Scan on title t  (cost=0.00..73925.90 rows=79340 width=4) (actual time=0.040..1203.404 rows=92312 loops=1)
                          Filter: ((kind_id > 1) AND (production_year = 2006))
                          Rows Removed by Filter: 2436000
Planning time: 1.215 ms
Execution time: 6885.767 ms
