Seq Scan on movie_keyword mk  (cost=0.00..81003.12 rows=1490756 width=0) (actual time=0.025..1379.936 rows=1500860 loops=1)
  Filter: (keyword_id < 2163)
  Rows Removed by Filter: 3023070
Planning time: 0.218 ms
Execution time: 1569.551 ms
