Seq Scan on title t  (cost=0.00..73925.90 rows=1963 width=0) (actual time=257.757..970.997 rows=3065 loops=1)
  Filter: ((kind_id = 1) AND (production_year = 1922))
  Rows Removed by Filter: 2525247
Planning time: 0.383 ms
Execution time: 971.800 ms
