Hash Join  (cost=178922.53..699139.16 rows=3787270 width=0) (actual time=3821.341..16495.505 rows=3175335 loops=1)
  Hash Cond: (mi.movie_id = t.id)
  ->  Seq Scan on movie_info mi  (cost=0.00..309384.22 rows=14739122 width=4) (actual time=0.018..5349.520 rows=14835720 loops=1)
  ->  Hash  (cost=168263.11..168263.11 rows=649714 width=8) (actual time=3641.645..3641.645 rows=366643 loops=1)
        Buckets: 131072  Batches: 16  Memory Usage: 1921kB
        ->  Hash Join  (cost=84256.44..168263.11 rows=649714 width=8) (actual time=1356.131..3535.740 rows=366643 loops=1)
              Hash Cond: (mc.movie_id = t.id)
              ->  Seq Scan on movie_companies mc  (cost=0.00..44881.29 rows=2609129 width=4) (actual time=0.019..844.822 rows=2609129 loops=1)
              ->  Hash  (cost=73925.90..73925.90 rows=629643 width=4) (actual time=1354.971..1354.971 rows=527832 loops=1)
                    Buckets: 131072  Batches: 16  Memory Usage: 2183kB
                    ->  Seq Scan on title t  (cost=0.00..73925.90 rows=629643 width=4) (actual time=0.076..1185.835 rows=527832 loops=1)
                          Filter: ((kind_id > 4) AND (production_year < 2000))
                          Rows Removed by Filter: 2000480
Planning time: 1.123 ms
Execution time: 16849.446 ms
