Seq Scan on movie_companies mc  (cost=0.00..51404.11 rows=2164721 width=0) (actual time=0.024..942.469 rows=2160880 loops=1)
  Filter: (company_id < 77395)
  Rows Removed by Filter: 448249
Planning time: 0.653 ms
Execution time: 1224.534 ms
