Hash Join  (cost=92883.59..923444.57 rows=917582 width=0) (actual time=4695.591..17648.736 rows=692496 loops=1)
  Hash Cond: (ci.movie_id = t.id)
  ->  Seq Scan on cast_info ci  (cost=0.00..796071.18 rows=1505796 width=4) (actual time=2958.114..14564.952 rows=1483121 loops=1)
        Filter: ((person_id > 456354) AND (role_id = 8))
        Rows Removed by Filter: 34761223
  ->  Hash  (cost=67604.59..67604.59 rows=1540800 width=4) (actual time=1736.030..1736.030 rows=1543264 loops=1)
        Buckets: 131072  Batches: 32  Memory Usage: 2722kB
        ->  Seq Scan on title t  (cost=0.00..67604.59 rows=1540800 width=4) (actual time=82.917..1236.596 rows=1543264 loops=1)
              Filter: (kind_id = 7)
              Rows Removed by Filter: 985048
Planning time: 0.509 ms
Execution time: 17737.001 ms
