Hash Join  (cost=89240.26..157577.16 rows=163650 width=0) (actual time=2101.013..2824.065 rows=59909 loops=1)
  Hash Cond: (mc.movie_id = t.id)
  ->  Seq Scan on movie_companies mc  (cost=0.00..57926.93 rows=443325 width=4) (actual time=457.893..877.100 rows=252961 loops=1)
        Filter: ((company_id < 2561) AND (company_type_id > 1))
        Rows Removed by Filter: 2356168
  ->  Hash  (cost=73925.90..73925.90 rows=933388 width=4) (actual time=1642.021..1642.021 rows=1024206 loops=1)
        Buckets: 131072  Batches: 16  Memory Usage: 3285kB
        ->  Seq Scan on title t  (cost=0.00..73925.90 rows=933388 width=4) (actual time=0.019..1326.925 rows=1024206 loops=1)
              Filter: ((production_year > 1997) AND (kind_id = 7))
              Rows Removed by Filter: 1504106
Planning time: 0.824 ms
Execution time: 2831.173 ms
