Hash Join  (cost=600279.89..1714610.41 rows=11332739 width=0) (actual time=15917.127..40818.105 rows=15755340 loops=1)
  Hash Cond: (ci.movie_id = t.id)
  ->  Seq Scan on cast_info ci  (cost=0.00..705507.15 rows=16201301 width=4) (actual time=1241.968..14090.065 rows=16121683 loops=1)
        Filter: (role_id > 2)
        Rows Removed by Filter: 20122661
  ->  Hash  (cost=571262.23..571262.23 rows=1768693 width=8) (actual time=14673.166..14673.166 rows=2997185 loops=1)
        Buckets: 131072 (originally 131072)  Batches: 64 (originally 32)  Memory Usage: 3073kB
        ->  Hash Join  (cost=72583.38..571262.23 rows=1768693 width=8) (actual time=1358.516..13840.828 rows=2997185 loops=1)
              Hash Cond: (mi.movie_id = t.id)
              ->  Seq Scan on movie_info mi  (cost=0.00..309384.22 rows=14739122 width=4) (actual time=0.027..5513.838 rows=14835720 loops=1)
              ->  Hash  (cost=67604.59..67604.59 rows=303423 width=4) (actual time=1357.704..1357.704 rows=296471 loops=1)
                    Buckets: 131072  Batches: 4  Memory Usage: 3632kB
                    ->  Seq Scan on title t  (cost=0.00..67604.59 rows=303423 width=4) (actual time=0.033..977.938 rows=296471 loops=1)
                          Filter: (production_year < 1965)
                          Rows Removed by Filter: 2231841
Planning time: 1.226 ms
Execution time: 42532.990 ms
