Hash Join  (cost=422794.06..1174964.04 rows=138087 width=0) (actual time=19574.927..69215.540 rows=334363 loops=1)
  Hash Cond: (ci.movie_id = t.id)
  ->  Seq Scan on cast_info ci  (cost=0.00..614943.12 rows=36225612 width=4) (actual time=0.022..36233.548 rows=36244344 loops=1)
  ->  Hash  (cost=422673.59..422673.59 rows=9638 width=8) (actual time=19574.174..19574.174 rows=16650 loops=1)
        Buckets: 32768 (originally 16384)  Batches: 1 (originally 1)  Memory Usage: 907kB
        ->  Hash Join  (cost=74569.12..422673.59 rows=9638 width=8) (actual time=9496.868..19566.513 rows=16650 loops=1)
              Hash Cond: (mi.movie_id = t.id)
              ->  Seq Scan on movie_info mi  (cost=0.00..346232.03 rows=473617 width=4) (actual time=6036.060..16167.526 rows=486554 loops=1)
                    Filter: (info_type_id = 5)
                    Rows Removed by Filter: 14349166
              ->  Hash  (cost=73925.90..73925.90 rows=51457 width=4) (actual time=3239.730..3239.730 rows=34605 loops=1)
                    Buckets: 65536  Batches: 1  Memory Usage: 1729kB
                    ->  Seq Scan on title t  (cost=0.00..73925.90 rows=51457 width=4) (actual time=177.912..3225.752 rows=34605 loops=1)
                          Filter: ((production_year < 2002) AND (kind_id = 4))
                          Rows Removed by Filter: 2493707
Planning time: 32.908 ms
Execution time: 69282.045 ms
