Hash Join  (cost=278310.01..1423681.03 rows=16938379 width=0) (actual time=8196.873..42076.092 rows=53345556 loops=1)
  Hash Cond: (ci.movie_id = t.id)
  ->  Seq Scan on cast_info ci  (cost=0.00..705507.15 rows=20472815 width=4) (actual time=1901.459..13400.027 rows=20600077 loops=1)
        Filter: (person_id > 1544389)
        Rows Removed by Filter: 15644267
  ->  Hash  (cost=243988.00..243988.00 rows=2092001 width=8) (actual time=6294.414..6294.414 rows=2097982 loops=1)
        Buckets: 131072  Batches: 32  Memory Usage: 3570kB
        ->  Hash Join  (cost=102767.86..243988.00 rows=2092001 width=8) (actual time=1747.406..5708.222 rows=2097982 loops=1)
              Hash Cond: (mk.movie_id = t.id)
              ->  Seq Scan on movie_keyword mk  (cost=0.00..81003.12 rows=2092001 width=4) (actual time=0.049..1384.368 rows=2097982 loops=1)
                    Filter: (keyword_id < 3778)
                    Rows Removed by Filter: 2425948
              ->  Hash  (cost=61283.27..61283.27 rows=2528527 width=4) (actual time=1746.309..1746.309 rows=2528312 loops=1)
                    Buckets: 131072  Batches: 64  Memory Usage: 2425kB
                    ->  Seq Scan on title t  (cost=0.00..61283.27 rows=2528527 width=4) (actual time=0.015..897.756 rows=2528312 loops=1)
Planning time: 1.162 ms
Execution time: 47249.121 ms
