Hash Join  (cost=94574.69..196550.45 rows=483152 width=0) (actual time=2333.758..3593.484 rows=134304 loops=1)
  Hash Cond: (mk.movie_id = t.id)
  ->  Seq Scan on movie_keyword mk  (cost=0.00..81003.12 rows=970696 width=4) (actual time=0.033..1303.729 rows=976030 loops=1)
        Filter: (keyword_id > 19183)
        Rows Removed by Filter: 3547900
  ->  Hash  (cost=73925.90..73925.90 rows=1258543 width=4) (actual time=1661.957..1661.957 rows=1221534 loops=1)
        Buckets: 131072  Batches: 32  Memory Usage: 2369kB
        ->  Seq Scan on title t  (cost=0.00..73925.90 rows=1258543 width=4) (actual time=71.887..1216.194 rows=1221534 loops=1)
              Filter: ((production_year < 2011) AND (kind_id = 7))
              Rows Removed by Filter: 1306778
Planning time: 0.771 ms
Execution time: 3606.872 ms
