Hash Join  (cost=102767.86..182642.61 rows=501527 width=0) (actual time=1772.950..3212.964 rows=201913 loops=1)
  Hash Cond: (mc.movie_id = t.id)
  ->  Seq Scan on movie_companies mc  (cost=0.00..57926.93 rows=501527 width=4) (actual time=0.022..874.201 rows=201913 loops=1)
        Filter: ((company_id > 15498) AND (company_type_id < 2))
        Rows Removed by Filter: 2407216
  ->  Hash  (cost=61283.27..61283.27 rows=2528527 width=4) (actual time=1771.461..1771.461 rows=2528312 loops=1)
        Buckets: 131072  Batches: 64  Memory Usage: 2415kB
        ->  Seq Scan on title t  (cost=0.00..61283.27 rows=2528527 width=4) (actual time=0.021..972.992 rows=2528312 loops=1)
Planning time: 0.788 ms
Execution time: 3237.753 ms
