Hash Join  (cost=143507.67..512428.49 rows=426489 width=0) (actual time=2738.482..10965.368 rows=1226059 loops=1)
  Hash Cond: (mi.movie_id = t.id)
  ->  Seq Scan on movie_info mi  (cost=0.00..309384.22 rows=14739122 width=4) (actual time=0.016..4081.757 rows=14835720 loops=1)
  ->  Hash  (cost=142593.11..142593.11 rows=73165 width=8) (actual time=2737.804..2737.804 rows=45850 loops=1)
        Buckets: 131072  Batches: 1  Memory Usage: 2816kB
        ->  Hash Join  (cost=70308.29..142593.11 rows=73165 width=8) (actual time=1027.448..2722.511 rows=45850 loops=1)
              Hash Cond: (mc.movie_id = t.id)
              ->  Seq Scan on movie_companies mc  (cost=0.00..57926.93 rows=1122729 width=4) (actual time=0.020..1180.888 rows=1274246 loops=1)
                    Filter: ((company_id < 91513) AND (company_type_id = 1))
                    Rows Removed by Filter: 1334883
              ->  Hash  (cost=67604.59..67604.59 rows=164776 width=4) (actual time=1026.702..1026.702 rows=164307 loops=1)
                    Buckets: 131072  Batches: 4  Memory Usage: 2482kB
                    ->  Seq Scan on title t  (cost=0.00..67604.59 rows=164776 width=4) (actual time=0.018..969.134 rows=164307 loops=1)
                          Filter: (production_year = 2012)
                          Rows Removed by Filter: 2364005
Planning time: 0.868 ms
Execution time: 11126.115 ms
