Seq Scan on movie_companies mc  (cost=0.00..57926.93 rows=260134 width=0) (actual time=0.029..816.281 rows=388608 loops=1)
  Filter: ((company_id < 502) AND (company_type_id = 1))
  Rows Removed by Filter: 2220521
Planning time: 0.416 ms
Execution time: 867.999 ms
