Hash Join  (cost=130043.83..224681.96 rows=57781 width=0) (actual time=2137.894..4095.233 rows=14695 loops=1)
  Hash Cond: (mk.movie_id = t.id)
  ->  Seq Scan on movie_keyword mk  (cost=0.00..81003.12 rows=3481919 width=4) (actual time=0.023..1440.363 rows=3481153 loops=1)
        Filter: (keyword_id > 1037)
        Rows Removed by Filter: 1042777
  ->  Hash  (cost=129519.33..129519.33 rows=41960 width=8) (actual time=2125.823..2125.823 rows=13319 loops=1)
        Buckets: 65536  Batches: 1  Memory Usage: 1033kB
        ->  Hash Join  (cost=74434.21..129519.33 rows=41960 width=8) (actual time=994.337..2120.449 rows=13319 loops=1)
              Hash Cond: (mc.movie_id = t.id)
              ->  Seq Scan on movie_companies mc  (cost=0.00..44881.29 rows=2609129 width=4) (actual time=0.014..461.611 rows=2609129 loops=1)
              ->  Hash  (cost=73925.90..73925.90 rows=40664 width=4) (actual time=993.967..993.967 rows=40257 loops=1)
                    Buckets: 65536  Batches: 1  Memory Usage: 1928kB
                    ->  Seq Scan on title t  (cost=0.00..73925.90 rows=40664 width=4) (actual time=94.417..977.312 rows=40257 loops=1)
                          Filter: ((production_year > 2012) AND (kind_id = 7))
                          Rows Removed by Filter: 2488055
Planning time: 1.245 ms
Execution time: 4097.544 ms
