Hash Join  (cost=201759.99..1161534.46 rows=741845 width=0) (actual time=5072.163..23091.697 rows=673406 loops=1)
  Hash Cond: (ci.movie_id = t.id)
  ->  Seq Scan on cast_info ci  (cost=0.00..796071.18 rows=12150573 width=4) (actual time=1002.224..13755.740 rows=13334468 loops=1)
        Filter: ((person_id < 1372703) AND (role_id < 10))
        Rows Removed by Filter: 22909876
  ->  Hash  (cost=199226.28..199226.28 rows=154377 width=8) (actual time=4068.963..4068.963 rows=48813 loops=1)
        Buckets: 131072  Batches: 4  Memory Usage: 1496kB
        ->  Hash Join  (cost=75342.47..199226.28 rows=154377 width=8) (actual time=2753.586..4043.538 rows=48813 loops=1)
              Hash Cond: (mk.movie_id = t.id)
              ->  Seq Scan on movie_keyword mk  (cost=0.00..69693.30 rows=4523930 width=4) (actual time=0.035..1308.255 rows=4523930 loops=1)
              ->  Hash  (cost=73925.90..73925.90 rows=86285 width=4) (actual time=1201.000..1201.000 rows=92628 loops=1)
                    Buckets: 131072  Batches: 2  Memory Usage: 2659kB
                    ->  Seq Scan on title t  (cost=0.00..73925.90 rows=86285 width=4) (actual time=0.027..1163.965 rows=92628 loops=1)
                          Filter: ((kind_id = 7) AND (production_year = 2010))
                          Rows Removed by Filter: 2435684
Planning time: 1.287 ms
Execution time: 23174.950 ms
