Hash Join  (cost=129128.39..882322.31 rows=240475 width=0) (actual time=2303.979..20181.485 rows=779081 loops=1)
  Hash Cond: (ci.movie_id = t.id)
  ->  Seq Scan on cast_info ci  (cost=0.00..614943.12 rows=36225612 width=4) (actual time=0.018..8070.633 rows=36244344 loops=1)
  ->  Hash  (cost=128918.58..128918.58 rows=16785 width=8) (actual time=2303.432..2303.432 rows=28715 loops=1)
        Buckets: 32768  Batches: 1  Memory Usage: 1378kB
        ->  Hash Join  (cost=68438.72..128918.58 rows=16785 width=8) (actual time=1045.513..2292.595 rows=28715 loops=1)
              Hash Cond: (mc.movie_id = t.id)
              ->  Seq Scan on movie_companies mc  (cost=0.00..57926.93 rows=636019 width=4) (actual time=0.020..1021.830 rows=895938 loops=1)
                    Filter: ((company_id > 11548) AND (company_type_id > 1))
                    Rows Removed by Filter: 1713191
              ->  Hash  (cost=67604.59..67604.59 rows=66731 width=4) (actual time=1044.656..1044.656 rows=67342 loops=1)
                    Buckets: 131072  Batches: 1  Memory Usage: 3392kB
                    ->  Seq Scan on title t  (cost=0.00..67604.59 rows=66731 width=4) (actual time=0.030..1017.734 rows=67342 loops=1)
                          Filter: (production_year > 2012)
                          Rows Removed by Filter: 2460970
Planning time: 1.746 ms
Execution time: 20295.567 ms
