Hash Join  (cost=122593.72..248355.80 rows=308604 width=0) (actual time=3247.863..7295.320 rows=5221633 loops=1)
  Hash Cond: (mk.movie_id = t.id)
  ->  Seq Scan on movie_keyword mk  (cost=0.00..69693.30 rows=4523930 width=4) (actual time=0.020..1237.123 rows=4523930 loops=1)
  ->  Hash  (cost=119763.65..119763.65 rows=172486 width=8) (actual time=3247.073..3247.073 rows=398500 loops=1)
        Buckets: 131072 (originally 131072)  Batches: 8 (originally 4)  Memory Usage: 3073kB
        ->  Hash Join  (cost=79111.30..119763.65 rows=172486 width=8) (actual time=1221.561..3139.813 rows=398500 loops=1)
              Hash Cond: (mi_idx.movie_id = t.id)
              ->  Seq Scan on movie_info_idx mi_idx  (cost=0.00..21735.35 rows=1380035 width=4) (actual time=0.019..514.606 rows=1380035 loops=1)
              ->  Hash  (cost=73925.90..73925.90 rows=316032 width=4) (actual time=1220.657..1220.657 rows=400740 loops=1)
                    Buckets: 131072  Batches: 8  Memory Usage: 2793kB
                    ->  Seq Scan on title t  (cost=0.00..73925.90 rows=316032 width=4) (actual time=412.663..1095.011 rows=400740 loops=1)
                          Filter: ((production_year < 2003) AND (kind_id = 1))
                          Rows Removed by Filter: 2127572
Planning time: 1.824 ms
Execution time: 7831.518 ms
