Seq Scan on title t  (cost=0.00..67604.59 rows=2451154 width=0) (actual time=0.013..1133.216 rows=2450346 loops=1)
  Filter: (production_year > 1899)
  Rows Removed by Filter: 77966
Planning time: 0.360 ms
Execution time: 1448.018 ms
