Hash Join  (cost=172694.89..301009.85 rows=518093 width=0) (actual time=3886.530..8847.948 rows=8651784 loops=1)
  Hash Cond: (mk.movie_id = t.id)
  ->  Seq Scan on movie_keyword mk  (cost=0.00..69693.30 rows=4523930 width=4) (actual time=0.013..1213.925 rows=4523930 loops=1)
  ->  Hash  (cost=167943.21..167943.21 rows=289574 width=8) (actual time=3885.636..3885.636 rows=484279 loops=1)
        Buckets: 131072 (originally 131072)  Batches: 8 (originally 4)  Memory Usage: 3406kB
        ->  Hash Join  (cost=94978.31..167943.21 rows=289574 width=8) (actual time=1842.244..3485.510 rows=484279 loops=1)
              Hash Cond: (mc.movie_id = t.id)
              ->  Seq Scan on movie_companies mc  (cost=0.00..57926.93 rows=438845 width=4) (actual time=0.025..849.234 rows=631654 loops=1)
                    Filter: ((company_id < 2778) AND (company_type_id = 1))
                    Rows Removed by Filter: 1977475
              ->  Hash  (cost=67604.59..67604.59 rows=1668458 width=4) (actual time=1840.963..1840.963 rows=1671292 loops=1)
                    Buckets: 131072  Batches: 32  Memory Usage: 2858kB
                    ->  Seq Scan on title t  (cost=0.00..67604.59 rows=1668458 width=4) (actual time=0.885..1302.460 rows=1671292 loops=1)
                          Filter: (production_year < 2008)
                          Rows Removed by Filter: 857020
Planning time: 6.585 ms
Execution time: 9840.190 ms
