Seq Scan on movie_keyword mk  (cost=0.00..81003.12 rows=1332877 width=0) (actual time=0.025..1297.539 rows=1347049 loops=1)
  Filter: (keyword_id > 12650)
  Rows Removed by Filter: 3176881
Planning time: 0.360 ms
Execution time: 1462.485 ms
