Hash Join  (cost=102767.86..179636.28 rows=376584 width=0) (actual time=1803.635..3624.299 rows=694420 loops=1)
  Hash Cond: (mc.movie_id = t.id)
  ->  Seq Scan on movie_companies mc  (cost=0.00..57926.93 rows=376584 width=4) (actual time=7.827..974.322 rows=694420 loops=1)
        Filter: ((company_id > 38134) AND (company_type_id = 2))
        Rows Removed by Filter: 1914709
  ->  Hash  (cost=61283.27..61283.27 rows=2528527 width=4) (actual time=1794.545..1794.545 rows=2528312 loops=1)
        Buckets: 131072  Batches: 64  Memory Usage: 2415kB
        ->  Seq Scan on title t  (cost=0.00..61283.27 rows=2528527 width=4) (actual time=0.029..971.812 rows=2528312 loops=1)
Planning time: 1.813 ms
Execution time: 3694.853 ms
