Hash Join  (cost=202419.29..721753.14 rows=1977800 width=0) (actual time=4164.369..21924.715 rows=19975033 loops=1)
  Hash Cond: (mi.movie_id = t.id)
  ->  Seq Scan on movie_info mi  (cost=0.00..309384.22 rows=14739122 width=4) (actual time=0.014..5571.584 rows=14835720 loops=1)
  ->  Hash  (cost=196852.09..196852.09 rows=339296 width=8) (actual time=4163.384..4163.384 rows=603515 loops=1)
        Buckets: 131072 (originally 131072)  Batches: 16 (originally 8)  Memory Usage: 4022kB
        ->  Hash Join  (cost=70716.09..196852.09 rows=339296 width=8) (actual time=1053.548..4006.002 rows=603515 loops=1)
              Hash Cond: (mk.movie_id = t.id)
              ->  Seq Scan on movie_keyword mk  (cost=0.00..69693.30 rows=4523930 width=4) (actual time=0.018..1224.732 rows=4523930 loops=1)
              ->  Hash  (cost=67604.59..67604.59 rows=189640 width=4) (actual time=1052.163..1052.163 rows=187790 loops=1)
                    Buckets: 131072  Batches: 4  Memory Usage: 2679kB
                    ->  Seq Scan on title t  (cost=0.00..67604.59 rows=189640 width=4) (actual time=0.106..987.761 rows=187790 loops=1)
                          Filter: (production_year < 1954)
                          Rows Removed by Filter: 2340522
Planning time: 1.205 ms
Execution time: 24175.182 ms
