Hash Join  (cost=971185.45..4299638.69 rows=169235071 width=0) (actual time=23086.112..147435.550 rows=330954654 loops=1)
  Hash Cond: (ci.movie_id = t.id)
  ->  Seq Scan on cast_info ci  (cost=0.00..705507.15 rows=31554923 width=4) (actual time=0.024..16615.624 rows=31605208 loops=1)
        Filter: (role_id < 10)
        Rows Removed by Filter: 4639136
  ->  Hash  (cost=748700.30..748700.30 rows=13560972 width=8) (actual time=23080.991..23080.991 rows=13260508 loops=1)
        Buckets: 131072  Batches: 256  Memory Usage: 3021kB
        ->  Hash Join  (cost=105772.75..748700.30 rows=13560972 width=8) (actual time=2045.220..19359.197 rows=13260508 loops=1)
              Hash Cond: (mi.movie_id = t.id)
              ->  Seq Scan on movie_info mi  (cost=0.00..309384.22 rows=14739122 width=4) (actual time=0.016..5296.483 rows=14835720 loops=1)
              ->  Hash  (cost=67604.59..67604.59 rows=2326413 width=4) (actual time=2043.692..2043.692 rows=2320300 loops=1)
                    Buckets: 131072  Batches: 32  Memory Usage: 3586kB
                    ->  Seq Scan on title t  (cost=0.00..67604.59 rows=2326413 width=4) (actual time=0.012..1281.973 rows=2320300 loops=1)
                          Filter: (production_year > 1937)
                          Rows Removed by Filter: 208012
Planning time: 1.181 ms
Execution time: 185335.568 ms
