Nested Loop  (cost=0.43..709671.90 rows=500 width=0) (actual time=539.845..9347.413 rows=6 loops=1)
  ->  Seq Scan on cast_info ci  (cost=0.00..705507.15 rows=500 width=4) (actual time=539.773..9347.108 rows=6 loops=1)
        Filter: (person_id = 2732355)
        Rows Removed by Filter: 36244338
  ->  Index Only Scan using title_pkey on title t  (cost=0.43..8.32 rows=1 width=4) (actual time=0.027..0.028 rows=1 loops=6)
        Index Cond: (id = ci.movie_id)
        Heap Fetches: 6
Planning time: 0.837 ms
Execution time: 9347.523 ms
