Seq Scan on movie_keyword mk  (cost=0.00..81003.12 rows=299571 width=0) (actual time=0.019..1164.444 rows=317219 loops=1)
  Filter: (keyword_id < 250)
  Rows Removed by Filter: 4206711
Planning time: 0.254 ms
Execution time: 1204.706 ms
