Hash Join  (cost=96906.53..610675.21 rows=5249449 width=0) (actual time=5916.772..33061.019 rows=1920281 loops=1)
  Hash Cond: (mi.movie_id = t.id)
  ->  Seq Scan on movie_info mi  (cost=0.00..346232.03 rows=9476311 width=4) (actual time=0.014..20615.443 rows=9565151 loops=1)
        Filter: (info_type_id < 16)
        Rows Removed by Filter: 5270569
  ->  Hash  (cost=73925.90..73925.90 rows=1400690 width=4) (actual time=4909.767..4909.767 rows=1474425 loops=1)
        Buckets: 131072  Batches: 32  Memory Usage: 2652kB
        ->  Seq Scan on title t  (cost=0.00..73925.90 rows=1400690 width=4) (actual time=0.013..4268.295 rows=1474425 loops=1)
              Filter: ((production_year > 1950) AND (kind_id = 7))
              Rows Removed by Filter: 1053887
Planning time: 10.281 ms
Execution time: 33318.045 ms
