Hash Join  (cost=168061.42..279232.73 rows=105829 width=0) (actual time=2939.764..5549.461 rows=328383 loops=1)
  Hash Cond: (mk.movie_id = t.id)
  ->  Seq Scan on movie_keyword mk  (cost=0.00..81003.12 rows=2481040 width=4) (actual time=0.024..1542.196 rows=2472837 loops=1)
        Filter: (keyword_id > 3659)
        Rows Removed by Filter: 2051093
  ->  Hash  (cost=166291.23..166291.23 rows=107855 width=8) (actual time=2938.028..2938.028 rows=202211 loops=1)
        Buckets: 131072 (originally 131072)  Batches: 4 (originally 2)  Memory Usage: 3073kB
        ->  Hash Join  (cost=98137.04..166291.23 rows=107855 width=8) (actual time=1666.479..2875.301 rows=202211 loops=1)
              Hash Cond: (mc.movie_id = t.id)
              ->  Seq Scan on movie_companies mc  (cost=0.00..57926.93 rows=146542 width=4) (actual time=0.036..767.566 rows=224384 loops=1)
                    Filter: ((company_id < 160) AND (company_type_id < 2))
                    Rows Removed by Filter: 2384745
              ->  Hash  (cost=67604.59..67604.59 rows=1860996 width=4) (actual time=1664.669..1664.669 rows=1865487 loops=1)
                    Buckets: 131072  Batches: 32  Memory Usage: 3079kB
                    ->  Seq Scan on title t  (cost=0.00..67604.59 rows=1860996 width=4) (actual time=0.023..1057.723 rows=1865487 loops=1)
                          Filter: (kind_id > 1)
                          Rows Removed by Filter: 662825
Planning time: 1.253 ms
Execution time: 5592.256 ms
