Hash Join  (cost=73950.44..100871.63 rows=1071 width=0) (actual time=1130.676..1551.913 rows=6795 loops=1)
  Hash Cond: (mi_idx.movie_id = t.id)
  ->  Seq Scan on movie_info_idx mi_idx  (cost=0.00..21735.35 rows=1380035 width=4) (actual time=0.016..288.742 rows=1380035 loops=1)
  ->  Hash  (cost=73925.90..73925.90 rows=1963 width=4) (actual time=972.592..972.592 rows=4682 loops=1)
        Buckets: 8192 (originally 2048)  Batches: 1 (originally 1)  Memory Usage: 229kB
        ->  Seq Scan on title t  (cost=0.00..73925.90 rows=1963 width=4) (actual time=0.033..970.449 rows=4682 loops=1)
              Filter: ((kind_id < 2) AND (production_year = 1987))
              Rows Removed by Filter: 2523630
Planning time: 0.792 ms
Execution time: 1553.141 ms
