Hash Join  (cost=102767.86..173768.08 rows=132756 width=0) (actual time=1805.548..3082.101 rows=59792 loops=1)
  Hash Cond: (mc.movie_id = t.id)
  ->  Seq Scan on movie_companies mc  (cost=0.00..57926.93 rows=132756 width=4) (actual time=0.027..807.453 rows=59792 loops=1)
        Filter: ((company_id < 126) AND (company_type_id > 1))
        Rows Removed by Filter: 2549337
  ->  Hash  (cost=61283.27..61283.27 rows=2528527 width=4) (actual time=1804.724..1804.724 rows=2528312 loops=1)
        Buckets: 131072  Batches: 64  Memory Usage: 2415kB
        ->  Seq Scan on title t  (cost=0.00..61283.27 rows=2528527 width=4) (actual time=0.010..955.008 rows=2528312 loops=1)
Planning time: 0.863 ms
Execution time: 3089.448 ms
