Hash Join  (cost=83074.74..440815.49 rows=299 width=0) (actual time=3471.131..19099.702 rows=2783 loops=1)
  Hash Cond: (mi.movie_id = t.id)
  ->  Seq Scan on movie_info mi  (cost=0.00..346232.03 rows=3068194 width=4) (actual time=0.031..15112.267 rows=3036719 loops=1)
        Filter: (info_type_id = 16)
        Rows Removed by Filter: 11799001
  ->  Hash  (cost=83071.67..83071.67 rows=246 width=8) (actual time=3468.703..3468.703 rows=313 loops=1)
        Buckets: 1024  Batches: 1  Memory Usage: 21kB
        ->  Nested Loop  (cost=0.43..83071.67 rows=246 width=8) (actual time=10.684..3468.292 rows=313 loops=1)
              ->  Seq Scan on movie_keyword mk  (cost=0.00..81003.12 rows=246 width=4) (actual time=10.614..3422.291 rows=313 loops=1)
                    Filter: (keyword_id = 8576)
                    Rows Removed by Filter: 4523617
              ->  Index Only Scan using title_pkey on title t  (cost=0.43..8.40 rows=1 width=4) (actual time=0.143..0.143 rows=1 loops=313)
                    Index Cond: (id = mk.movie_id)
                    Heap Fetches: 313
Planning time: 20.572 ms
Execution time: 19100.323 ms
