Hash Join  (cost=218287.07..810047.61 rows=8765571 width=0) (actual time=5263.389..18494.902 rows=6096271 loops=1)
  Hash Cond: (mi.movie_id = t.id)
  ->  Seq Scan on movie_info mi  (cost=0.00..309384.22 rows=14739122 width=4) (actual time=0.016..5289.305 rows=14835720 loops=1)
  ->  Hash  (cost=193615.17..193615.17 rows=1503752 width=8) (actual time=4371.210..4371.210 rows=691033 loops=1)
        Buckets: 131072  Batches: 32  Memory Usage: 1847kB
        ->  Hash Join  (cost=97835.13..193615.17 rows=1503752 width=8) (actual time=1719.469..4159.926 rows=691033 loops=1)
              Hash Cond: (mc.movie_id = t.id)
              ->  Seq Scan on movie_companies mc  (cost=0.00..44881.29 rows=2609129 width=4) (actual time=0.043..760.115 rows=2609129 loops=1)
              ->  Hash  (cost=73925.90..73925.90 rows=1457298 width=4) (actual time=1718.207..1718.207 rows=1438183 loops=1)
                    Buckets: 131072  Batches: 32  Memory Usage: 2604kB
                    ->  Seq Scan on title t  (cost=0.00..73925.90 rows=1457298 width=4) (actual time=0.020..1263.662 rows=1438183 loops=1)
                          Filter: ((production_year < 2013) AND (kind_id = 7))
                          Rows Removed by Filter: 1090129
Planning time: 1.486 ms
Execution time: 19240.189 ms
