Hash Join  (cost=52284.50..416941.77 rows=134 width=0) (actual time=749.731..7086.117 rows=32715 loops=1)
  Hash Cond: (mi.movie_id = t.id)
  ->  Seq Scan on movie_info mi  (cost=0.00..309384.22 rows=14739122 width=4) (actual time=0.019..3533.892 rows=14835720 loops=1)
  ->  Hash  (cost=52284.21..52284.21 rows=23 width=8) (actual time=741.273..741.273 rows=289 loops=1)
        Buckets: 1024  Batches: 1  Memory Usage: 20kB
        ->  Nested Loop  (cost=0.43..52284.21 rows=23 width=8) (actual time=0.211..741.055 rows=289 loops=1)
              ->  Seq Scan on movie_companies mc  (cost=0.00..51404.11 rows=104 width=4) (actual time=0.171..732.946 rows=346 loops=1)
                    Filter: (company_id = 3270)
                    Rows Removed by Filter: 2608783
              ->  Index Scan using title_pkey on title t  (cost=0.43..8.45 rows=1 width=4) (actual time=0.022..0.022 rows=1 loops=346)
                    Index Cond: (id = mc.movie_id)
                    Filter: ((kind_id < 7) AND (production_year > 1999))
                    Rows Removed by Filter: 0
Planning time: 1.247 ms
Execution time: 7091.164 ms
