Hash Join  (cost=128661.55..210234.16 rows=121 width=0) (actual time=2105.211..3190.960 rows=82 loops=1)
  Hash Cond: (mk.movie_id = t.id)
  ->  Seq Scan on movie_keyword mk  (cost=0.00..81003.12 rows=151540 width=4) (actual time=0.020..1113.942 rows=163809 loops=1)
        Filter: (keyword_id < 121)
        Rows Removed by Filter: 4360121
  ->  Hash  (cost=128636.23..128636.23 rows=2026 width=8) (actual time=2043.757..2043.757 rows=2565 loops=1)
        Buckets: 4096 (originally 2048)  Batches: 1 (originally 1)  Memory Usage: 133kB
        ->  Hash Join  (cost=73950.44..128636.23 rows=2026 width=8) (actual time=1039.420..2042.392 rows=2565 loops=1)
              Hash Cond: (mc.movie_id = t.id)
              ->  Seq Scan on movie_companies mc  (cost=0.00..44881.29 rows=2609129 width=4) (actual time=0.019..551.032 rows=2609129 loops=1)
              ->  Hash  (cost=73925.90..73925.90 rows=1963 width=4) (actual time=992.727..992.727 rows=1136 loops=1)
                    Buckets: 2048  Batches: 1  Memory Usage: 56kB
                    ->  Seq Scan on title t  (cost=0.00..73925.90 rows=1963 width=4) (actual time=604.762..992.108 rows=1136 loops=1)
                          Filter: ((kind_id = 1) AND (production_year = 1904))
                          Rows Removed by Filter: 2527176
Planning time: 1.210 ms
Execution time: 3191.121 ms
