Hash Join  (cost=146168.99..994340.81 rows=182480 width=0) (actual time=6980.310..17711.256 rows=563330 loops=1)
  Hash Cond: (ci.movie_id = t.id)
  ->  Seq Scan on cast_info ci  (cost=0.00..796071.18 rows=4311957 width=4) (actual time=3878.356..12973.130 rows=3213035 loops=1)
        Filter: ((person_id < 2149659) AND (role_id = 2))
        Rows Removed by Filter: 33031309
  ->  Hash  (cost=144413.42..144413.42 rows=107006 width=8) (actual time=3100.740..3100.740 rows=340542 loops=1)
        Buckets: 131072 (originally 131072)  Batches: 8 (originally 2)  Memory Usage: 3073kB
        ->  Hash Join  (cost=77815.08..144413.42 rows=107006 width=8) (actual time=1139.427..2983.436 rows=340542 loops=1)
              Hash Cond: (mc.movie_id = t.id)
              ->  Seq Scan on movie_companies mc  (cost=0.00..51404.11 rows=1141377 width=4) (actual time=0.025..845.184 rows=1148586 loops=1)
                    Filter: (company_id > 13124)
                    Rows Removed by Filter: 1460543
              ->  Hash  (cost=73925.90..73925.90 rows=237054 width=4) (actual time=1138.651..1138.651 rows=349645 loops=1)
                    Buckets: 131072 (originally 131072)  Batches: 8 (originally 4)  Memory Usage: 3073kB
                    ->  Seq Scan on title t  (cost=0.00..73925.90 rows=237054 width=4) (actual time=0.024..1019.719 rows=349645 loops=1)
                          Filter: ((kind_id < 7) AND (production_year < 1986))
                          Rows Removed by Filter: 2178667
Planning time: 1.438 ms
Execution time: 17783.030 ms
