Hash Join  (cost=94574.69..174853.08 rows=524604 width=0) (actual time=1589.507..3394.175 rows=267015 loops=1)
  Hash Cond: (mc.movie_id = t.id)
  ->  Seq Scan on movie_companies mc  (cost=0.00..57926.93 rows=1053976 width=4) (actual time=65.661..1045.724 rows=1193785 loops=1)
        Filter: ((company_id > 530) AND (company_type_id > 1))
        Rows Removed by Filter: 1415344
  ->  Hash  (cost=73925.90..73925.90 rows=1258543 width=4) (actual time=1522.621..1522.621 rows=1221534 loops=1)
        Buckets: 131072  Batches: 32  Memory Usage: 2363kB
        ->  Seq Scan on title t  (cost=0.00..73925.90 rows=1258543 width=4) (actual time=0.021..1156.511 rows=1221534 loops=1)
              Filter: ((production_year < 2011) AND (kind_id = 7))
              Rows Removed by Filter: 1306778
Planning time: 0.810 ms
Execution time: 3427.915 ms
