Hash Join  (cost=205288.79..349503.06 rows=1823123 width=0) (actual time=4776.861..10348.318 rows=9124566 loops=1)
  Hash Cond: (mk.movie_id = t.id)
  ->  Seq Scan on movie_keyword mk  (cost=0.00..69693.30 rows=4523930 width=4) (actual time=0.011..1276.192 rows=4523930 loops=1)
  ->  Hash  (cost=188570.48..188570.48 rows=1018985 width=8) (actual time=4775.876..4775.876 rows=1028582 loops=1)
        Buckets: 131072  Batches: 16  Memory Usage: 3567kB
        ->  Hash Join  (cost=102767.86..188570.48 rows=1018985 width=8) (actual time=1864.832..4524.633 rows=1028582 loops=1)
              Hash Cond: (mc.movie_id = t.id)
              ->  Seq Scan on movie_companies mc  (cost=0.00..51404.11 rows=1018985 width=4) (actual time=0.013..869.792 rows=1028582 loops=1)
                    Filter: (company_id > 15653)
                    Rows Removed by Filter: 1580547
              ->  Hash  (cost=61283.27..61283.27 rows=2528527 width=4) (actual time=1863.432..1863.432 rows=2528312 loops=1)
                    Buckets: 131072  Batches: 64  Memory Usage: 2415kB
                    ->  Seq Scan on title t  (cost=0.00..61283.27 rows=2528527 width=4) (actual time=0.024..1023.499 rows=2528312 loops=1)
Planning time: 1.094 ms
Execution time: 11389.106 ms
