Seq Scan on movie_companies mc  (cost=0.00..57926.93 rows=765497 width=0) (actual time=0.048..961.687 rows=548483 loops=1)
  Filter: ((company_id > 6077) AND (company_type_id < 2))
  Rows Removed by Filter: 2060646
Planning time: 0.439 ms
Execution time: 1031.910 ms
