Seq Scan on movie_companies mc  (cost=0.00..51404.11 rows=104 width=0) (actual time=42.999..816.975 rows=267 loops=1)
  Filter: (company_id = 13447)
  Rows Removed by Filter: 2608862
Planning time: 0.417 ms
Execution time: 817.142 ms
