Seq Scan on cast_info ci  (cost=0.00..705507.15 rows=23432957 width=0) (actual time=0.012..10434.932 rows=23486913 loops=1)
  Filter: (person_id > 1258161)
  Rows Removed by Filter: 12757431
Planning time: 0.345 ms
Execution time: 13040.167 ms
