Hash Join  (cost=102767.86..192561.54 rows=913769 width=0) (actual time=2375.793..4571.420 rows=1100875 loops=1)
  Hash Cond: (mc.movie_id = t.id)
  ->  Seq Scan on movie_companies mc  (cost=0.00..57926.93 rows=913769 width=4) (actual time=0.012..957.201 rows=1100875 loops=1)
        Filter: ((company_id > 1844) AND (company_type_id > 1))
        Rows Removed by Filter: 1508254
  ->  Hash  (cost=61283.27..61283.27 rows=2528527 width=4) (actual time=2374.226..2374.226 rows=2528312 loops=1)
        Buckets: 131072  Batches: 64  Memory Usage: 2415kB
        ->  Seq Scan on title t  (cost=0.00..61283.27 rows=2528527 width=4) (actual time=0.009..934.391 rows=2528312 loops=1)
Planning time: 0.775 ms
Execution time: 4693.008 ms
