Hash Join  (cost=694129.99..2202823.97 rows=35441972 width=0) (actual time=15586.409..48139.713 rows=24995987 loops=1)
  Hash Cond: (ci.movie_id = t.id)
  ->  Seq Scan on cast_info ci  (cost=0.00..796071.18 rows=19079507 width=4) (actual time=337.204..16608.134 rows=16679245 loops=1)
        Filter: ((person_id < 2974384) AND (role_id > 1))
        Rows Removed by Filter: 19565099
  ->  Hash  (cost=617069.79..617069.79 rows=4696976 width=8) (actual time=15247.833..15247.833 rows=1881673 loops=1)
        Buckets: 131072  Batches: 64  Memory Usage: 2150kB
        ->  Hash Join  (cost=87146.10..617069.79 rows=4696976 width=8) (actual time=1564.265..14638.749 rows=1881673 loops=1)
              Hash Cond: (mi.movie_id = t.id)
              ->  Seq Scan on movie_info mi  (cost=0.00..309384.22 rows=14739122 width=4) (actual time=0.027..5182.986 rows=14835720 loops=1)
              ->  Hash  (cost=73925.90..73925.90 rows=805776 width=4) (actual time=1439.833..1439.833 rows=881945 loops=1)
                    Buckets: 131072  Batches: 16  Memory Usage: 2976kB
                    ->  Seq Scan on title t  (cost=0.00..73925.90 rows=805776 width=4) (actual time=172.845..1152.963 rows=881945 loops=1)
                          Filter: ((production_year > 2001) AND (kind_id = 7))
                          Rows Removed by Filter: 1646367
Planning time: 1.187 ms
Execution time: 51095.701 ms
