Hash Join  (cost=917636.32..999482.68 rows=492984 width=0) (actual time=16204.737..19429.821 rows=3055279 loops=1)
  Hash Cond: (mc.movie_id = t.id)
  ->  Seq Scan on movie_companies mc  (cost=0.00..44881.29 rows=2609129 width=4) (actual time=0.006..889.469 rows=2609129 loops=1)
  ->  Hash  (cost=909797.40..909797.40 rows=477754 width=8) (actual time=16203.751..16203.751 rows=1896724 loops=1)
        Buckets: 131072 (originally 131072)  Batches: 32 (originally 8)  Memory Usage: 3316kB
        ->  Hash Join  (cost=92883.59..909797.40 rows=477754 width=8) (actual time=1828.994..15613.318 rows=1896724 loops=1)
              Hash Cond: (ci.movie_id = t.id)
              ->  Seq Scan on cast_info ci  (cost=0.00..796071.18 rows=784018 width=4) (actual time=55.031..11485.960 rows=2887507 loops=1)
                    Filter: ((person_id > 3035064) AND (role_id > 9))
                    Rows Removed by Filter: 33356837
              ->  Hash  (cost=67604.59..67604.59 rows=1540800 width=4) (actual time=1772.406..1772.406 rows=1543264 loops=1)
                    Buckets: 131072  Batches: 32  Memory Usage: 2722kB
                    ->  Seq Scan on title t  (cost=0.00..67604.59 rows=1540800 width=4) (actual time=0.013..1288.458 rows=1543264 loops=1)
                          Filter: (kind_id = 7)
                          Rows Removed by Filter: 985048
Planning time: 1.372 ms
Execution time: 19790.189 ms
