Hash Join  (cost=73994.33..100934.69 rows=2988 width=0) (actual time=1141.018..1754.379 rows=8667 loops=1)
  Hash Cond: (mi_idx.movie_id = t.id)
  ->  Seq Scan on movie_info_idx mi_idx  (cost=0.00..21735.35 rows=1380035 width=4) (actual time=0.021..297.204 rows=1380035 loops=1)
  ->  Hash  (cost=73925.90..73925.90 rows=5474 width=4) (actual time=1140.912..1140.912 rows=15440 loops=1)
        Buckets: 16384 (originally 8192)  Batches: 1 (originally 1)  Memory Usage: 671kB
        ->  Seq Scan on title t  (cost=0.00..73925.90 rows=5474 width=4) (actual time=0.040..1133.667 rows=15440 loops=1)
              Filter: ((kind_id > 1) AND (production_year = 1987))
              Rows Removed by Filter: 2512872
Planning time: 0.809 ms
Execution time: 1755.892 ms
