Hash Join  (cost=850388.18..1628240.46 rows=5485862 width=0) (actual time=23493.311..36694.492 rows=4823162 loops=1)
  Hash Cond: (mi.movie_id = t.id)
  ->  Seq Scan on movie_info mi  (cost=0.00..309384.22 rows=14739122 width=4) (actual time=0.020..5117.681 rows=14835720 loops=1)
  ->  Hash  (cost=834947.29..834947.29 rows=941111 width=8) (actual time=23393.985..23393.985 rows=1084280 loops=1)
        Buckets: 131072  Batches: 16  Memory Usage: 3731kB
        ->  Hash Join  (cost=74747.02..834947.29 rows=941111 width=8) (actual time=1193.199..20788.909 rows=1084280 loops=1)
              Hash Cond: (ci.movie_id = t.id)
              ->  Seq Scan on cast_info ci  (cost=0.00..614943.12 rows=36225612 width=4) (actual time=0.023..7747.570 rows=36244344 loops=1)
              ->  Hash  (cost=73925.90..73925.90 rows=65689 width=4) (actual time=1192.521..1192.521 rows=74524 loops=1)
                    Buckets: 131072  Batches: 1  Memory Usage: 3644kB
                    ->  Seq Scan on title t  (cost=0.00..73925.90 rows=65689 width=4) (actual time=0.018..1162.196 rows=74524 loops=1)
                          Filter: ((kind_id = 7) AND (production_year = 2006))
                          Rows Removed by Filter: 2453788
Planning time: 1.210 ms
Execution time: 37260.523 ms
