Hash Join  (cost=179113.75..935160.79 rows=281718 width=0) (actual time=9025.747..18506.994 rows=257416 loops=1)
  Hash Cond: (ci.movie_id = t.id)
  ->  Seq Scan on cast_info ci  (cost=0.00..705507.15 rows=12726058 width=4) (actual time=5967.597..12658.205 rows=12670688 loops=1)
        Filter: (role_id = 1)
        Rows Removed by Filter: 23573656
  ->  Hash  (cost=178414.07..178414.07 rows=55974 width=8) (actual time=3057.769..3057.769 rows=49733 loops=1)
        Buckets: 65536  Batches: 1  Memory Usage: 2455kB
        ->  Hash Join  (cost=75183.24..178414.07 rows=55974 width=8) (actual time=1120.106..3042.798 rows=49733 loops=1)
              Hash Cond: (mk.movie_id = t.id)
              ->  Seq Scan on movie_keyword mk  (cost=0.00..81003.12 rows=1847991 width=4) (actual time=0.025..1340.063 rows=1852113 loops=1)
                    Filter: (keyword_id > 7469)
                    Rows Removed by Filter: 2671817
              ->  Hash  (cost=73925.90..73925.90 rows=76587 width=4) (actual time=1119.464..1119.464 rows=84519 loops=1)
                    Buckets: 131072  Batches: 2  Memory Usage: 2519kB
                    ->  Seq Scan on title t  (cost=0.00..73925.90 rows=76587 width=4) (actual time=0.017..1042.066 rows=84519 loops=1)
                          Filter: ((production_year > 1966) AND (kind_id = 2))
                          Rows Removed by Filter: 2443793
Planning time: 1.148 ms
Execution time: 18542.903 ms
