Hash Join  (cost=126664.07..930804.80 rows=48014 width=0) (actual time=9443.569..15222.333 rows=506756 loops=1)
  Hash Cond: (ci.movie_id = t.id)
  ->  Seq Scan on cast_info ci  (cost=0.00..796071.18 rows=586244 width=4) (actual time=6938.359..11291.223 rows=2673537 loops=1)
        Filter: ((person_id > 3227659) AND (role_id > 9))
        Rows Removed by Filter: 33570807
  ->  Hash  (cost=123266.46..123266.46 rows=207089 width=8) (actual time=2504.159..2504.159 rows=251034 loops=1)
        Buckets: 131072  Batches: 4  Memory Usage: 3480kB
        ->  Hash Join  (cost=86241.46..123266.46 rows=207089 width=8) (actual time=1479.975..2425.388 rows=251034 loops=1)
              Hash Cond: (mi_idx.movie_id = t.id)
              ->  Seq Scan on movie_info_idx mi_idx  (cost=0.00..25185.44 rows=460978 width=4) (actual time=0.025..436.327 rows=459925 loops=1)
                    Filter: (info_type_id < 100)
                    Rows Removed by Filter: 920110
              ->  Hash  (cost=67604.59..67604.59 rows=1135910 width=4) (actual time=1479.064..1479.064 rows=1133355 loops=1)
                    Buckets: 131072  Batches: 16  Memory Usage: 3516kB
                    ->  Seq Scan on title t  (cost=0.00..67604.59 rows=1135910 width=4) (actual time=0.026..1127.994 rows=1133355 loops=1)
                          Filter: (production_year < 2002)
                          Rows Removed by Filter: 1394957
Planning time: 2.570 ms
Execution time: 15290.164 ms
