Seq Scan on movie_keyword mk  (cost=0.00..81003.12 rows=4435616 width=0) (actual time=0.044..4113.167 rows=4437612 loops=1)
  Filter: (keyword_id < 85968)
  Rows Removed by Filter: 86318
Planning time: 0.283 ms
Execution time: 4801.029 ms
