Hash Join  (cost=128297.80..1194496.47 rows=3153550 width=0) (actual time=2529.536..33516.683 rows=7356183 loops=1)
  Hash Cond: (ci.movie_id = t.id)
  ->  Seq Scan on cast_info ci  (cost=0.00..614943.12 rows=36225612 width=4) (actual time=0.041..11908.887 rows=36244344 loops=1)
  ->  Hash  (cost=124686.35..124686.35 rows=220116 width=8) (actual time=2528.667..2528.667 rows=265071 loops=1)
        Buckets: 131072  Batches: 4  Memory Usage: 3621kB
        ->  Hash Join  (cost=87245.25..124686.35 rows=220116 width=8) (actual time=1593.501..2459.744 rows=265071 loops=1)
              Hash Cond: (mi_idx.movie_id = t.id)
              ->  Seq Scan on movie_info_idx mi_idx  (cost=0.00..25185.44 rows=464934 width=4) (actual time=0.022..414.804 rows=460185 loops=1)
                    Filter: (info_type_id > 100)
                    Rows Removed by Filter: 919850
              ->  Hash  (cost=67604.59..67604.59 rows=1197093 width=4) (actual time=1592.553..1592.553 rows=1195923 loops=1)
                    Buckets: 131072  Batches: 16  Memory Usage: 3653kB
                    ->  Seq Scan on title t  (cost=0.00..67604.59 rows=1197093 width=4) (actual time=0.021..1219.631 rows=1195923 loops=1)
                          Filter: (production_year < 2003)
                          Rows Removed by Filter: 1332389
Planning time: 8.462 ms
Execution time: 34320.516 ms
