Hash Join  (cost=83072.91..470986.85 rows=1 width=0) (actual time=2464.111..8454.222 rows=2 loops=1)
  Hash Cond: (mi.movie_id = t.id)
  ->  Seq Scan on movie_info mi  (cost=0.00..346232.03 rows=11115165 width=4) (actual time=0.014..5664.403 rows=11210743 loops=1)
        Filter: (info_type_id > 3)
        Rows Removed by Filter: 3624977
  ->  Hash  (cost=83072.90..83072.90 rows=1 width=8) (actual time=1256.418..1256.418 rows=1 loops=1)
        Buckets: 1024  Batches: 1  Memory Usage: 9kB
        ->  Nested Loop  (cost=0.43..83072.90 rows=1 width=8) (actual time=1220.832..1256.372 rows=1 loops=1)
              ->  Seq Scan on movie_keyword mk  (cost=0.00..81003.12 rows=246 width=4) (actual time=0.613..1161.069 rows=3275 loops=1)
                    Filter: (keyword_id = 3262)
                    Rows Removed by Filter: 4520655
              ->  Index Scan using title_pkey on title t  (cost=0.43..8.40 rows=1 width=4) (actual time=0.028..0.028 rows=0 loops=3275)
                    Index Cond: (id = mk.movie_id)
                    Filter: ((kind_id < 3) AND (production_year = 1922))
                    Rows Removed by Filter: 1
Planning time: 1.314 ms
Execution time: 8454.345 ms
