Hash Join  (cost=74432.12..458854.78 rows=156429 width=0) (actual time=3510.048..24688.226 rows=769603 loops=1)
  Hash Cond: (mi.movie_id = t.id)
  ->  Seq Scan on movie_info mi  (cost=0.00..346232.03 rows=9767026 width=4) (actual time=0.027..16752.658 rows=9911754 loops=1)
        Filter: (info_type_id > 4)
        Rows Removed by Filter: 4923966
  ->  Hash  (cost=73925.90..73925.90 rows=40497 width=4) (actual time=3509.406..3509.406 rows=103977 loops=1)
        Buckets: 131072 (originally 65536)  Batches: 2 (originally 1)  Memory Usage: 3073kB
        ->  Seq Scan on title t  (cost=0.00..73925.90 rows=40497 width=4) (actual time=1232.737..3459.847 rows=103977 loops=1)
              Filter: ((kind_id < 7) AND (production_year < 1926))
              Rows Removed by Filter: 2424335
Planning time: 0.864 ms
Execution time: 24799.919 ms
