Hash Join  (cost=957657.56..1512681.54 rows=7049405 width=0) (actual time=17096.996..32974.969 rows=8698305 loops=1)
  Hash Cond: (mi.movie_id = t.id)
  ->  Seq Scan on movie_info mi  (cost=0.00..309384.22 rows=14739122 width=4) (actual time=0.018..5385.025 rows=14835720 loops=1)
  ->  Hash  (cost=937816.81..937816.81 rows=1209340 width=8) (actual time=17095.924..17095.924 rows=1216263 loops=1)
        Buckets: 131072  Batches: 16  Memory Usage: 3985kB
        ->  Hash Join  (cost=102767.86..937816.81 rows=1209340 width=8) (actual time=4444.321..16721.890 rows=1216263 loops=1)
              Hash Cond: (ci.movie_id = t.id)
              ->  Seq Scan on cast_info ci  (cost=0.00..796071.18 rows=1209340 width=4) (actual time=2691.620..13497.747 rows=1216263 loops=1)
                    Filter: ((person_id > 1071468) AND (role_id = 8))
                    Rows Removed by Filter: 35028081
              ->  Hash  (cost=61283.27..61283.27 rows=2528527 width=4) (actual time=1751.482..1751.482 rows=2528312 loops=1)
                    Buckets: 131072  Batches: 64  Memory Usage: 2415kB
                    ->  Seq Scan on title t  (cost=0.00..61283.27 rows=2528527 width=4) (actual time=0.023..931.296 rows=2528312 loops=1)
Planning time: 1.233 ms
Execution time: 34037.277 ms
