Seq Scan on movie_keyword mk  (cost=0.00..81003.12 rows=197487 width=0) (actual time=0.037..1239.237 rows=199931 loops=1)
  Filter: (keyword_id > 68715)
  Rows Removed by Filter: 4323999
Planning time: 0.256 ms
Execution time: 1265.674 ms
