Nested Loop  (cost=0.43..796612.62 rows=22 width=0) (actual time=1275.914..12116.016 rows=1 loops=1)
  ->  Seq Scan on cast_info ci  (cost=0.00..796071.18 rows=64 width=4) (actual time=1275.821..12115.915 rows=1 loops=1)
        Filter: ((role_id > 9) AND (person_id = 3008776))
        Rows Removed by Filter: 36244343
  ->  Index Scan using title_pkey on title t  (cost=0.43..8.45 rows=1 width=4) (actual time=0.072..0.073 rows=1 loops=1)
        Index Cond: (id = ci.movie_id)
        Filter: (kind_id < 4)
Planning time: 0.796 ms
Execution time: 12116.112 ms
