Seq Scan on movie_companies mc  (cost=0.00..51404.11 rows=104 width=0) (actual time=209.016..773.059 rows=6 loops=1)
  Filter: (company_id = 114474)
  Rows Removed by Filter: 2609123
Planning time: 0.374 ms
Execution time: 773.124 ms
