Hash Join  (cost=234427.15..395626.57 rows=2705339 width=0) (actual time=5454.822..9580.885 rows=3919202 loops=1)
  Hash Cond: (mk.movie_id = t.id)
  ->  Seq Scan on movie_keyword mk  (cost=0.00..81003.12 rows=3562181 width=4) (actual time=0.020..1531.429 rows=3552730 loops=1)
        Filter: (keyword_id < 19458)
        Rows Removed by Filter: 971200
  ->  Hash  (cost=202921.16..202921.16 rows=1920319 width=8) (actual time=5452.740..5452.740 rows=1301439 loops=1)
        Buckets: 131072  Batches: 32  Memory Usage: 2591kB
        ->  Hash Join  (cost=98137.04..202921.16 rows=1920319 width=8) (actual time=1871.323..5055.839 rows=1301439 loops=1)
              Hash Cond: (mc.movie_id = t.id)
              ->  Seq Scan on movie_companies mc  (cost=0.00..44881.29 rows=2609129 width=4) (actual time=0.023..891.724 rows=2609129 loops=1)
              ->  Hash  (cost=67604.59..67604.59 rows=1860996 width=4) (actual time=1870.648..1870.648 rows=1865487 loops=1)
                    Buckets: 131072  Batches: 32  Memory Usage: 3079kB
                    ->  Seq Scan on title t  (cost=0.00..67604.59 rows=1860996 width=4) (actual time=0.018..1272.126 rows=1865487 loops=1)
                          Filter: (kind_id > 1)
                          Rows Removed by Filter: 662825
Planning time: 1.185 ms
Execution time: 10011.186 ms
