Hash Join  (cost=161784.19..970636.47 rows=322358 width=0) (actual time=2741.773..22656.916 rows=2971506 loops=1)
  Hash Cond: (ci.movie_id = t.id)
  ->  Seq Scan on cast_info ci  (cost=0.00..705507.15 rows=20024311 width=4) (actual time=0.020..12750.039 rows=20122661 loops=1)
        Filter: (role_id < 3)
        Rows Removed by Filter: 16121683
  ->  Hash  (cost=161275.38..161275.38 rows=40705 width=8) (actual time=2741.080..2741.080 rows=101621 loops=1)
        Buckets: 131072 (originally 65536)  Batches: 2 (originally 1)  Memory Usage: 3073kB
        ->  Hash Join  (cost=74210.29..161275.38 rows=40705 width=8) (actual time=1067.930..2706.097 rows=101621 loops=1)
              Hash Cond: (mk.movie_id = t.id)
              ->  Seq Scan on movie_keyword mk  (cost=0.00..69693.30 rows=4523930 width=4) (actual time=0.018..785.442 rows=4523930 loops=1)
              ->  Hash  (cost=73925.90..73925.90 rows=22751 width=4) (actual time=1067.581..1067.581 rows=18892 loops=1)
                    Buckets: 32768  Batches: 1  Memory Usage: 921kB
                    ->  Seq Scan on title t  (cost=0.00..73925.90 rows=22751 width=4) (actual time=0.837..1059.446 rows=18892 loops=1)
                          Filter: ((kind_id < 7) AND (production_year = 2001))
                          Rows Removed by Filter: 2509420
Planning time: 1.205 ms
Execution time: 23010.533 ms
