Nested Loop  (cost=0.43..83071.67 rows=246 width=0) (actual time=110.827..1150.627 rows=39 loops=1)
  ->  Seq Scan on movie_keyword mk  (cost=0.00..81003.12 rows=246 width=4) (actual time=110.746..1148.765 rows=39 loops=1)
        Filter: (keyword_id = 3996)
        Rows Removed by Filter: 4523891
  ->  Index Only Scan using title_pkey on title t  (cost=0.43..8.40 rows=1 width=4) (actual time=0.042..0.043 rows=1 loops=39)
        Index Cond: (id = mk.movie_id)
        Heap Fetches: 39
Planning time: 0.778 ms
Execution time: 1150.724 ms
