Hash Join  (cost=161136.82..554525.03 rows=68915 width=0) (actual time=2872.119..11153.995 rows=3291991 loops=1)
  Hash Cond: (mi.movie_id = t.id)
  ->  Seq Scan on movie_info mi  (cost=0.00..346232.03 rows=9293409 width=4) (actual time=0.009..5770.430 rows=9425200 loops=1)
        Filter: (info_type_id > 5)
        Rows Removed by Filter: 5410520
  ->  Hash  (cost=160902.44..160902.44 rows=18750 width=8) (actual time=2850.613..2850.613 rows=39375 loops=1)
        Buckets: 65536 (originally 32768)  Batches: 1 (originally 1)  Memory Usage: 2051kB
        ->  Hash Join  (cost=74056.90..160902.44 rows=18750 width=8) (actual time=1063.715..2836.965 rows=39375 loops=1)
              Hash Cond: (mk.movie_id = t.id)
              ->  Seq Scan on movie_keyword mk  (cost=0.00..69693.30 rows=4523930 width=4) (actual time=0.011..938.232 rows=4523930 loops=1)
              ->  Hash  (cost=73925.90..73925.90 rows=10480 width=4) (actual time=1063.303..1063.303 rows=5587 loops=1)
                    Buckets: 16384  Batches: 1  Memory Usage: 325kB
                    ->  Seq Scan on title t  (cost=0.00..73925.90 rows=10480 width=4) (actual time=212.431..1060.607 rows=5587 loops=1)
                          Filter: ((kind_id < 2) AND (production_year = 1995))
                          Rows Removed by Filter: 2522725
Planning time: 1.168 ms
Execution time: 11567.354 ms
