Hash Join  (cost=217858.32..365090.70 rows=1908034 width=0) (actual time=4797.635..10082.851 rows=6710399 loops=1)
  Hash Cond: (mk.movie_id = t.id)
  ->  Seq Scan on movie_keyword mk  (cost=0.00..81003.12 rows=3628513 width=4) (actual time=0.021..1627.270 rows=3625273 loops=1)
        Filter: (keyword_id < 20545)
        Rows Removed by Filter: 898657
  ->  Hash  (cost=196044.17..196044.17 rows=1329612 width=8) (actual time=4796.356..4796.356 rows=1334883 loops=1)
        Buckets: 131072  Batches: 32  Memory Usage: 2660kB
        ->  Hash Join  (cost=102767.86..196044.17 rows=1329612 width=8) (actual time=1745.019..4400.247 rows=1334883 loops=1)
              Hash Cond: (mc.movie_id = t.id)
              ->  Seq Scan on movie_companies mc  (cost=0.00..51404.11 rows=1329612 width=4) (actual time=0.017..812.018 rows=1334883 loops=1)
                    Filter: (company_type_id > 1)
                    Rows Removed by Filter: 1274246
              ->  Hash  (cost=61283.27..61283.27 rows=2528527 width=4) (actual time=1743.355..1743.355 rows=2528312 loops=1)
                    Buckets: 131072  Batches: 64  Memory Usage: 2415kB
                    ->  Seq Scan on title t  (cost=0.00..61283.27 rows=2528527 width=4) (actual time=0.030..899.397 rows=2528312 loops=1)
Planning time: 1.195 ms
Execution time: 10949.499 ms
