Hash Join  (cost=114612.66..872584.55 rows=718277 width=0) (actual time=2164.292..26285.791 rows=2932208 loops=1)
  Hash Cond: (ci.movie_id = t.id)
  ->  Seq Scan on cast_info ci  (cost=0.00..614943.12 rows=36225612 width=4) (actual time=0.019..7928.381 rows=36244344 loops=1)
  ->  Hash  (cost=113985.97..113985.97 rows=50135 width=8) (actual time=2163.281..2163.281 rows=116637 loops=1)
        Buckets: 131072 (originally 65536)  Batches: 2 (originally 1)  Memory Usage: 3296kB
        ->  Hash Join  (cost=75433.14..113985.97 rows=50135 width=8) (actual time=1118.102..2123.487 rows=116637 loops=1)
              Hash Cond: (mi_idx.movie_id = t.id)
              ->  Seq Scan on movie_info_idx mi_idx  (cost=0.00..21735.35 rows=1380035 width=4) (actual time=0.025..418.632 rows=1380035 loops=1)
              ->  Hash  (cost=73925.90..73925.90 rows=91859 width=4) (actual time=1116.512..1116.512 rows=191138 loops=1)
                    Buckets: 131072 (originally 131072)  Batches: 4 (originally 2)  Memory Usage: 3073kB
                    ->  Seq Scan on title t  (cost=0.00..73925.90 rows=91859 width=4) (actual time=0.255..1047.888 rows=191138 loops=1)
                          Filter: ((kind_id < 7) AND (production_year < 1959))
                          Rows Removed by Filter: 2337174
Planning time: 1.245 ms
Execution time: 26672.928 ms
