Hash Join  (cost=69687.24..160485.71 rows=38693 width=0) (actual time=1050.449..2568.858 rows=33087 loops=1)
  Hash Cond: (mk.movie_id = t.id)
  ->  Seq Scan on movie_keyword mk  (cost=0.00..81003.12 rows=770777 width=4) (actual time=0.022..1219.929 rows=771771 loops=1)
        Filter: (keyword_id < 731)
        Rows Removed by Filter: 3752159
  ->  Hash  (cost=67604.59..67604.59 rows=126932 width=4) (actual time=1049.338..1049.338 rows=122861 loops=1)
        Buckets: 131072  Batches: 2  Memory Usage: 3197kB
        ->  Seq Scan on title t  (cost=0.00..67604.59 rows=126932 width=4) (actual time=0.018..1001.332 rows=122861 loops=1)
              Filter: (production_year = 2008)
              Rows Removed by Filter: 2405451
Planning time: 7.648 ms
Execution time: 2574.015 ms
