Hash Join  (cost=945907.05..1385098.97 rows=2137291 width=0) (actual time=15738.954..34313.529 rows=34417316 loops=1)
  Hash Cond: (mi.movie_id = t.id)
  ->  Seq Scan on movie_info mi  (cost=0.00..346232.03 rows=5880796 width=4) (actual time=0.029..5606.908 rows=5869026 loops=1)
        Filter: (info_type_id > 13)
        Rows Removed by Filter: 8966694
  ->  Hash  (cost=930830.09..930830.09 rows=918957 width=8) (actual time=15737.576..15737.576 rows=2099732 loops=1)
        Buckets: 131072 (originally 131072)  Batches: 32 (originally 16)  Memory Usage: 3637kB
        ->  Hash Join  (cost=102767.86..930830.09 rows=918957 width=8) (actual time=8980.350..15110.394 rows=2099732 loops=1)
              Hash Cond: (ci.movie_id = t.id)
              ->  Seq Scan on cast_info ci  (cost=0.00..796071.18 rows=918957 width=4) (actual time=6733.235..10751.951 rows=2099732 loops=1)
                    Filter: ((person_id > 3651984) AND (role_id > 2))
                    Rows Removed by Filter: 34144612
              ->  Hash  (cost=61283.27..61283.27 rows=2528527 width=4) (actual time=2245.876..2245.876 rows=2528312 loops=1)
                    Buckets: 131072  Batches: 64  Memory Usage: 2415kB
                    ->  Seq Scan on title t  (cost=0.00..61283.27 rows=2528527 width=4) (actual time=0.012..1126.991 rows=2528312 loops=1)
Planning time: 1.219 ms
Execution time: 38305.690 ms
