Hash Join  (cost=100888.25..155559.24 rows=547 width=0) (actual time=4240.503..7175.923 rows=1365 loops=1)
  Hash Cond: (mc.movie_id = t.id)
  ->  Seq Scan on movie_companies mc  (cost=0.00..44881.29 rows=2609129 width=4) (actual time=0.021..2364.783 rows=2609129 loops=1)
  ->  Hash  (cost=100881.62..100881.62 rows=530 width=8) (actual time=4240.219..4240.219 rows=424 loops=1)
        Buckets: 1024  Batches: 1  Memory Usage: 25kB
        ->  Hash Join  (cost=73962.22..100881.62 rows=530 width=8) (actual time=3052.788..4239.845 rows=424 loops=1)
              Hash Cond: (mi_idx.movie_id = t.id)
              ->  Seq Scan on movie_info_idx mi_idx  (cost=0.00..25185.44 rows=460978 width=4) (actual time=0.022..1157.640 rows=459925 loops=1)
                    Filter: (info_type_id = 99)
                    Rows Removed by Filter: 920110
              ->  Hash  (cost=73925.90..73925.90 rows=2905 width=4) (actual time=2958.973..2958.973 rows=2915 loops=1)
                    Buckets: 4096  Batches: 1  Memory Usage: 135kB
                    ->  Seq Scan on title t  (cost=0.00..73925.90 rows=2905 width=4) (actual time=0.249..2957.280 rows=2915 loops=1)
                          Filter: ((kind_id < 7) AND (production_year = 1927))
                          Rows Removed by Filter: 2525397
Planning time: 1.616 ms
Execution time: 7176.393 ms
