Hash Join  (cost=130834.00..928045.96 rows=7296 width=0) (actual time=6201.164..10878.950 rows=32 loops=1)
  Hash Cond: (ci.movie_id = t.id)
  ->  Seq Scan on cast_info ci  (cost=0.00..796071.18 rows=284754 width=4) (actual time=4073.032..8758.685 rows=171 loops=1)
        Filter: ((person_id < 133572) AND (role_id = 2))
        Rows Removed by Filter: 36244173
  ->  Hash  (cost=130024.15..130024.15 rows=64788 width=8) (actual time=2111.765..2111.765 rows=79358 loops=1)
        Buckets: 131072 (originally 65536)  Batches: 2 (originally 1)  Memory Usage: 3073kB
        ->  Hash Join  (cost=74710.74..130024.15 rows=64788 width=8) (actual time=859.045..2079.983 rows=79358 loops=1)
              Hash Cond: (mc.movie_id = t.id)
              ->  Seq Scan on movie_companies mc  (cost=0.00..44881.29 rows=2609129 width=4) (actual time=0.016..519.784 rows=2609129 loops=1)
              ->  Hash  (cost=73925.90..73925.90 rows=62787 width=4) (actual time=858.541..858.541 rows=53770 loops=1)
                    Buckets: 65536  Batches: 1  Memory Usage: 2403kB
                    ->  Seq Scan on title t  (cost=0.00..73925.90 rows=62787 width=4) (actual time=0.197..838.420 rows=53770 loops=1)
                          Filter: ((kind_id < 7) AND (production_year = 2011))
                          Rows Removed by Filter: 2474542
Planning time: 1.238 ms
Execution time: 10879.402 ms
