Hash Join  (cost=75246.10..926049.30 rows=388104 width=0) (actual time=3096.746..18883.609 rows=333552 loops=1)
  Hash Cond: (ci.movie_id = t.id)
  ->  Seq Scan on cast_info ci  (cost=0.00..705507.15 rows=12203201 width=4) (actual time=1820.242..13047.318 rows=12113646 loops=1)
        Filter: (role_id > 3)
        Rows Removed by Filter: 24130698
  ->  Hash  (cost=73925.90..73925.90 rows=80416 width=4) (actual time=1275.508..1275.508 rows=112952 loops=1)
        Buckets: 131072  Batches: 2  Memory Usage: 3011kB
        ->  Seq Scan on title t  (cost=0.00..73925.90 rows=80416 width=4) (actual time=153.148..1111.707 rows=112952 loops=1)
              Filter: ((production_year > 1989) AND (kind_id = 4))
              Rows Removed by Filter: 2415360
Planning time: 0.807 ms
Execution time: 18929.576 ms
