Hash Join  (cost=71051.24..819202.20 rows=739904 width=169) (actual time=1484.815..18715.576 rows=633134 loops=1)
  Hash Cond: (mi.movie_id = t.id)
  ->  Seq Scan on movie_info mi  (cost=0.00..309384.22 rows=14739122 width=75) (actual time=0.022..7694.866 rows=14835720 loops=1)
  ->  Hash  (cost=67604.59..67604.59 rows=126932 width=94) (actual time=1483.878..1483.878 rows=122861 loops=1)
        Buckets: 32768  Batches: 8  Memory Usage: 1992kB
        ->  Seq Scan on title t  (cost=0.00..67604.59 rows=126932 width=94) (actual time=0.012..1424.039 rows=122861 loops=1)
              Filter: (production_year = 2008)
              Rows Removed by Filter: 2405451
Planning time: 1.037 ms
Execution time: 18751.113 ms
