Seq Scan on movie_info mi  (cost=0.00..346232.03 rows=5445713 width=75) (actual time=1324.672..6040.843 rows=5410520 loops=1)
  Filter: (info_type_id < 6)
  Rows Removed by Filter: 9425200
Planning time: 0.446 ms
Execution time: 6336.066 ms
