Hash Join  (cost=83074.74..137742.81 rows=254 width=0) (actual time=1234.714..2388.320 rows=2936 loops=1)
  Hash Cond: (mc.movie_id = t.id)
  ->  Seq Scan on movie_companies mc  (cost=0.00..44881.29 rows=2609129 width=4) (actual time=0.014..673.419 rows=2609129 loops=1)
  ->  Hash  (cost=83071.67..83071.67 rows=246 width=8) (actual time=1233.873..1233.873 rows=381 loops=1)
        Buckets: 1024  Batches: 1  Memory Usage: 23kB
        ->  Nested Loop  (cost=0.43..83071.67 rows=246 width=8) (actual time=0.394..1233.502 rows=381 loops=1)
              ->  Seq Scan on movie_keyword mk  (cost=0.00..81003.12 rows=246 width=4) (actual time=0.339..1213.731 rows=381 loops=1)
                    Filter: (keyword_id = 6442)
                    Rows Removed by Filter: 4523549
              ->  Index Only Scan using title_pkey on title t  (cost=0.43..8.40 rows=1 width=4) (actual time=0.049..0.049 rows=1 loops=381)
                    Index Cond: (id = mk.movie_id)
                    Heap Fetches: 381
Planning time: 1.153 ms
Execution time: 2388.948 ms
