Seq Scan on cast_info ci  (cost=0.00..705507.15 rows=7722468 width=0) (actual time=0.011..11146.663 rows=7742546 loops=1)
  Filter: (person_id > 2903099)
  Rows Removed by Filter: 28501798
Planning time: 0.358 ms
Execution time: 12023.986 ms
