Seq Scan on movie_keyword mk  (cost=0.00..81003.12 rows=1694493 width=0) (actual time=0.020..1378.661 rows=1703013 loops=1)
  Filter: (keyword_id < 2661)
  Rows Removed by Filter: 2820917
Planning time: 0.361 ms
Execution time: 1600.874 ms
