Hash Join  (cost=449394.87..1339946.16 rows=391609 width=0) (actual time=9193.691..34624.094 rows=3382294 loops=1)
  Hash Cond: (ci.movie_id = t.id)
  ->  Seq Scan on cast_info ci  (cost=0.00..614943.12 rows=36225612 width=4) (actual time=0.016..9279.162 rows=36244344 loops=1)
  ->  Hash  (cost=449053.20..449053.20 rows=27334 width=8) (actual time=9193.469..9193.469 rows=81392 loops=1)
        Buckets: 131072 (originally 32768)  Batches: 2 (originally 1)  Memory Usage: 3073kB
        ->  Hash Join  (cost=67697.55..449053.20 rows=27334 width=8) (actual time=1096.420..9153.578 rows=81392 loops=1)
              Hash Cond: (mi.movie_id = t.id)
              ->  Seq Scan on movie_info mi  (cost=0.00..346232.03 rows=9293409 width=4) (actual time=0.021..6157.182 rows=9425200 loops=1)
                    Filter: (info_type_id > 5)
                    Rows Removed by Filter: 5410520
              ->  Hash  (cost=67604.59..67604.59 rows=7437 width=4) (actual time=1096.339..1096.339 rows=19861 loops=1)
                    Buckets: 32768 (originally 8192)  Batches: 1 (originally 1)  Memory Usage: 955kB
                    ->  Seq Scan on title t  (cost=0.00..67604.59 rows=7437 width=4) (actual time=0.045..1087.030 rows=19861 loops=1)
                          Filter: (production_year = 1988)
                          Rows Removed by Filter: 2508451
Planning time: 1.162 ms
Execution time: 35052.299 ms
