Seq Scan on movie_keyword mk  (cost=0.00..81003.12 rows=246 width=0) (actual time=5.288..1150.926 rows=171 loops=1)
  Filter: (keyword_id = 9391)
  Rows Removed by Filter: 4523759
Planning time: 1.396 ms
Execution time: 1151.139 ms
