Hash Join  (cost=917592.68..989785.62 rows=139068 width=0) (actual time=13451.526..15117.152 rows=176676 loops=1)
  Hash Cond: (mc.movie_id = t.id)
  ->  Seq Scan on movie_companies mc  (cost=0.00..51404.11 rows=1603506 width=4) (actual time=0.016..965.012 rows=1594417 loops=1)
        Filter: (company_id < 16212)
        Rows Removed by Filter: 1014712
  ->  Hash  (cost=913994.53..913994.53 rows=219292 width=8) (actual time=13450.703..13450.703 rows=89054 loops=1)
        Buckets: 131072  Batches: 4  Memory Usage: 1884kB
        ->  Hash Join  (cost=102767.86..913994.53 rows=219292 width=8) (actual time=2406.042..13420.794 rows=89054 loops=1)
              Hash Cond: (ci.movie_id = t.id)
              ->  Seq Scan on cast_info ci  (cost=0.00..796071.18 rows=219292 width=4) (actual time=446.434..10931.463 rows=89054 loops=1)
                    Filter: ((person_id < 92968) AND (role_id > 6))
                    Rows Removed by Filter: 36155290
              ->  Hash  (cost=61283.27..61283.27 rows=2528527 width=4) (actual time=1957.204..1957.204 rows=2528312 loops=1)
                    Buckets: 131072  Batches: 64  Memory Usage: 2415kB
                    ->  Seq Scan on title t  (cost=0.00..61283.27 rows=2528527 width=4) (actual time=0.018..1111.809 rows=2528312 loops=1)
Planning time: 1.160 ms
Execution time: 15140.146 ms
