Hash Join  (cost=194378.96..1362385.92 rows=6577562 width=0) (actual time=4311.260..39215.043 rows=9718961 loops=1)
  Hash Cond: (ci.movie_id = t.id)
  ->  Seq Scan on cast_info ci  (cost=0.00..796071.18 rows=26264577 width=4) (actual time=0.020..19425.815 rows=26154723 loops=1)
        Filter: ((person_id > 287717) AND (role_id < 8))
        Rows Removed by Filter: 10089621
  ->  Hash  (cost=183989.57..183989.57 rows=633231 width=8) (actual time=4308.961..4308.961 rows=565980 loops=1)
        Buckets: 131072  Batches: 16  Memory Usage: 2392kB
        ->  Hash Join  (cost=100809.69..183989.57 rows=633231 width=8) (actual time=1941.109..4133.271 rows=565980 loops=1)
              Hash Cond: (mc.movie_id = t.id)
              ->  Seq Scan on movie_companies mc  (cost=0.00..57926.93 rows=977126 width=4) (actual time=0.026..1106.285 rows=1264278 loops=1)
                    Filter: ((company_id < 62102) AND (company_type_id < 2))
                    Rows Removed by Filter: 1344851
              ->  Hash  (cost=73925.90..73925.90 rows=1638623 width=4) (actual time=1939.535..1939.535 rows=1629839 loops=1)
                    Buckets: 131072  Batches: 32  Memory Usage: 2813kB
                    ->  Seq Scan on title t  (cost=0.00..73925.90 rows=1638623 width=4) (actual time=0.027..1435.784 rows=1629839 loops=1)
                          Filter: ((kind_id > 1) AND (production_year < 2012))
                          Rows Removed by Filter: 898473
Planning time: 1.310 ms
Execution time: 40243.989 ms
