Seq Scan on title t  (cost=0.00..73925.90 rows=540745 width=0) (actual time=0.017..1126.148 rows=416412 loops=1)
  Filter: ((production_year > 1972) AND (kind_id = 1))
  Rows Removed by Filter: 2111900
Planning time: 0.294 ms
Execution time: 1179.275 ms
