Seq Scan on movie_keyword mk  (cost=0.00..81003.12 rows=246 width=0) (actual time=3.245..2527.486 rows=1358 loops=1)
  Filter: (keyword_id = 2144)
  Rows Removed by Filter: 4522572
Planning time: 0.307 ms
Execution time: 2530.658 ms
