Nested Loop  (cost=0.43..52283.69 rows=104 width=0) (actual time=353.896..790.628 rows=8 loops=1)
  ->  Seq Scan on movie_companies mc  (cost=0.00..51404.11 rows=104 width=4) (actual time=353.817..790.112 rows=8 loops=1)
        Filter: (company_id = 31818)
        Rows Removed by Filter: 2609121
  ->  Index Only Scan using title_pkey on title t  (cost=0.43..8.45 rows=1 width=4) (actual time=0.056..0.057 rows=1 loops=8)
        Index Cond: (id = mc.movie_id)
        Heap Fetches: 8
Planning time: 0.767 ms
Execution time: 790.700 ms
