Hash Join  (cost=102767.86..1377386.43 rows=23240826 width=0) (actual time=1874.722..35464.644 rows=23305640 loops=1)
  Hash Cond: (ci.movie_id = t.id)
  ->  Seq Scan on cast_info ci  (cost=0.00..705507.15 rows=23240826 width=4) (actual time=0.022..14775.120 rows=23305640 loops=1)
        Filter: (person_id > 1278554)
        Rows Removed by Filter: 12938704
  ->  Hash  (cost=61283.27..61283.27 rows=2528527 width=4) (actual time=1872.823..1872.823 rows=2528312 loops=1)
        Buckets: 131072  Batches: 64  Memory Usage: 2415kB
        ->  Seq Scan on title t  (cost=0.00..61283.27 rows=2528527 width=4) (actual time=0.008..1032.586 rows=2528312 loops=1)
Planning time: 0.755 ms
Execution time: 38167.914 ms
