Hash Join  (cost=83126.54..1108681.45 rows=3658010 width=0) (actual time=1295.319..26235.812 rows=3108564 loops=1)
  Hash Cond: (ci.movie_id = t.id)
  ->  Seq Scan on cast_info ci  (cost=0.00..796071.18 rows=16494035 width=4) (actual time=0.025..16920.599 rows=15588933 loops=1)
        Filter: ((person_id > 606851) AND (role_id < 3))
        Rows Removed by Filter: 20655411
  ->  Hash  (cost=73925.90..73925.90 rows=560771 width=4) (actual time=1294.342..1294.342 rows=438714 loops=1)
        Buckets: 131072  Batches: 8  Memory Usage: 2965kB
        ->  Seq Scan on title t  (cost=0.00..73925.90 rows=560771 width=4) (actual time=378.382..1147.741 rows=438714 loops=1)
              Filter: ((kind_id < 2) AND (production_year > 1967))
              Rows Removed by Filter: 2089598
Planning time: 3.547 ms
Execution time: 26562.299 ms
