Seq Scan on movie_companies mc  (cost=0.00..51404.11 rows=104 width=0) (actual time=23.296..749.837 rows=5 loops=1)
  Filter: (company_id = 118994)
  Rows Removed by Filter: 2609124
Planning time: 0.374 ms
Execution time: 749.915 ms
