Hash Join  (cost=28267.67..392923.77 rows=15 width=0) (actual time=436.351..6495.465 rows=1873 loops=1)
  Hash Cond: (mi.movie_id = t.id)
  ->  Seq Scan on movie_info mi  (cost=0.00..309384.22 rows=14739122 width=4) (actual time=0.014..3670.713 rows=14835720 loops=1)
  ->  Hash  (cost=28267.64..28267.64 rows=3 width=8) (actual time=434.776..434.776 rows=4 loops=1)
        Buckets: 1024  Batches: 1  Memory Usage: 9kB
        ->  Nested Loop  (cost=0.43..28267.64 rows=3 width=8) (actual time=270.888..434.766 rows=4 loops=1)
              ->  Seq Scan on movie_info_idx mi_idx  (cost=0.00..25185.44 rows=368 width=4) (actual time=270.476..430.316 rows=260 loops=1)
                    Filter: (info_type_id > 101)
                    Rows Removed by Filter: 1379775
              ->  Index Scan using title_pkey on title t  (cost=0.43..8.37 rows=1 width=4) (actual time=0.017..0.017 rows=0 loops=260)
                    Index Cond: (id = mi_idx.movie_id)
                    Filter: ((kind_id < 3) AND (production_year = 2002))
                    Rows Removed by Filter: 1
Planning time: 1.994 ms
Execution time: 6495.911 ms
