Seq Scan on movie_companies mc  (cost=0.00..51404.11 rows=2264895 width=0) (actual time=0.024..950.730 rows=2261274 loops=1)
  Filter: (company_id < 88480)
  Rows Removed by Filter: 347855
Planning time: 0.313 ms
Execution time: 1216.536 ms
