Hash Join  (cost=223322.47..1381377.63 rows=12095396 width=0) (actual time=8714.900..63199.235 rows=7909091 loops=1)
  Hash Cond: (ci.movie_id = t.id)
  ->  Seq Scan on cast_info ci  (cost=0.00..614943.12 rows=36225612 width=4) (actual time=0.014..33629.841 rows=36244344 loops=1)
  ->  Hash  (cost=209471.32..209471.32 rows=844252 width=8) (actual time=8713.966..8713.966 rows=236693 loops=1)
        Buckets: 131072  Batches: 16  Memory Usage: 1614kB
        ->  Hash Join  (cost=96957.05..209471.32 rows=844252 width=8) (actual time=4555.701..8638.305 rows=236693 loops=1)
              Hash Cond: (mk.movie_id = t.id)
              ->  Seq Scan on movie_keyword mk  (cost=0.00..81003.12 rows=1520698 width=4) (actual time=0.019..3037.958 rows=1536309 loops=1)
                    Filter: (keyword_id > 10337)
                    Rows Removed by Filter: 2987621
              ->  Hash  (cost=73925.90..73925.90 rows=1403772 width=4) (actual time=4554.114..4554.114 rows=1477664 loops=1)
                    Buckets: 131072  Batches: 32  Memory Usage: 2656kB
                    ->  Seq Scan on title t  (cost=0.00..73925.90 rows=1403772 width=4) (actual time=0.026..3993.924 rows=1477664 loops=1)
                          Filter: ((production_year > 1948) AND (kind_id = 7))
                          Rows Removed by Filter: 1050648
Planning time: 1.054 ms
Execution time: 64260.324 ms
