Hash Join  (cost=89762.59..939536.12 rows=1530151 width=0) (actual time=5017.312..18808.883 rows=1517448 loops=1)
  Hash Cond: (ci.movie_id = t.id)
  ->  Seq Scan on cast_info ci  (cost=0.00..796071.18 rows=2864759 width=4) (actual time=3286.610..14525.934 rows=3851805 loops=1)
        Filter: ((person_id > 1192614) AND (role_id = 10))
        Rows Removed by Filter: 32392539
  ->  Hash  (cost=67604.59..67604.59 rows=1350560 width=4) (actual time=1729.130..1729.130 rows=1348293 loops=1)
        Buckets: 131072  Batches: 32  Memory Usage: 2505kB
        ->  Seq Scan on title t  (cost=0.00..67604.59 rows=1350560 width=4) (actual time=0.021..1274.949 rows=1348293 loops=1)
              Filter: (production_year < 2005)
              Rows Removed by Filter: 1180019
Planning time: 0.783 ms
Execution time: 18992.226 ms
