Hash Join  (cost=92280.96..197322.88 rows=544271 width=0) (actual time=1982.847..4113.469 rows=151040 loops=1)
  Hash Cond: (mk.movie_id = t.id)
  ->  Seq Scan on movie_keyword mk  (cost=0.00..81003.12 rows=1230156 width=4) (actual time=0.028..1559.740 rows=1241268 loops=1)
        Filter: (keyword_id > 14569)
        Rows Removed by Filter: 3282662
  ->  Hash  (cost=73925.90..73925.90 rows=1118724 width=4) (actual time=1734.214..1734.214 rows=1213086 loops=1)
        Buckets: 131072  Batches: 16  Memory Usage: 3707kB
        ->  Seq Scan on title t  (cost=0.00..73925.90 rows=1118724 width=4) (actual time=0.020..1355.510 rows=1213086 loops=1)
              Filter: ((production_year > 1986) AND (kind_id = 7))
              Rows Removed by Filter: 1315226
Planning time: 0.632 ms
Execution time: 4130.567 ms
