Hash Join  (cost=127728.59..649956.24 rows=1394755 width=0) (actual time=2620.465..15453.768 rows=951018 loops=1)
  Hash Cond: (mi.movie_id = t.id)
  ->  Seq Scan on movie_info mi  (cost=0.00..346232.03 rows=13929354 width=4) (actual time=0.020..7026.796 rows=14033580 loops=1)
        Filter: (info_type_id > 1)
        Rows Removed by Filter: 802140
  ->  Hash  (cost=123574.80..123574.80 rows=253183 width=8) (actual time=2618.961..2618.961 rows=124125 loops=1)
        Buckets: 131072  Batches: 4  Memory Usage: 2221kB
        ->  Hash Join  (cost=81537.49..123574.80 rows=253183 width=8) (actual time=1513.780..2579.516 rows=124125 loops=1)
              Hash Cond: (mi_idx.movie_id = t.id)
              ->  Seq Scan on movie_info_idx mi_idx  (cost=0.00..21735.35 rows=1380035 width=4) (actual time=0.022..402.565 rows=1380035 loops=1)
              ->  Hash  (cost=73925.90..73925.90 rows=463887 width=4) (actual time=1511.883..1511.883 rows=480042 loops=1)
                    Buckets: 131072  Batches: 8  Memory Usage: 3133kB
                    ->  Seq Scan on title t  (cost=0.00..73925.90 rows=463887 width=4) (actual time=0.022..1354.124 rows=480042 loops=1)
                          Filter: ((kind_id > 2) AND (production_year > 2008))
                          Rows Removed by Filter: 2048270
Planning time: 2.584 ms
Execution time: 15574.232 ms
