Hash Join  (cost=199321.06..706818.18 rows=2595121 width=0) (actual time=4546.945..31559.759 rows=65007179 loops=1)
  Hash Cond: (mi.movie_id = t.id)
  ->  Seq Scan on movie_info mi  (cost=0.00..309384.22 rows=14739122 width=4) (actual time=0.024..6127.849 rows=14835720 loops=1)
  ->  Hash  (cost=192016.09..192016.09 rows=445198 width=8) (actual time=4545.912..4545.912 rows=1060614 loops=1)
        Buckets: 131072 (originally 131072)  Batches: 16 (originally 8)  Memory Usage: 3767kB
        ->  Hash Join  (cost=88195.18..192016.09 rows=445198 width=8) (actual time=1558.532..4221.902 rows=1060614 loops=1)
              Hash Cond: (mk.movie_id = t.id)
              ->  Seq Scan on movie_keyword mk  (cost=0.00..81003.12 rows=1294347 width=4) (actual time=0.021..1581.775 rows=1306296 loops=1)
                    Filter: (keyword_id > 13448)
                    Rows Removed by Filter: 3217634
              ->  Hash  (cost=73925.90..73925.90 rows=869702 width=4) (actual time=1556.874..1556.874 rows=896788 loops=1)
                    Buckets: 131072  Batches: 16  Memory Usage: 3007kB
                    ->  Seq Scan on title t  (cost=0.00..73925.90 rows=869702 width=4) (actual time=0.028..1256.052 rows=896788 loops=1)
                          Filter: ((kind_id < 7) AND (production_year < 2012))
                          Rows Removed by Filter: 1631524
Planning time: 1.208 ms
Execution time: 38255.609 ms
