Hash Join  (cost=83074.74..879638.24 rows=2362 width=0) (actual time=1380.918..18699.190 rows=39605 loops=1)
  Hash Cond: (ci.movie_id = t.id)
  ->  Seq Scan on cast_info ci  (cost=0.00..705507.15 rows=24275393 width=4) (actual time=0.014..12913.516 rows=24229220 loops=1)
        Filter: (person_id < 2486874)
        Rows Removed by Filter: 12015124
  ->  Hash  (cost=83071.67..83071.67 rows=246 width=8) (actual time=1380.353..1380.353 rows=1381 loops=1)
        Buckets: 2048 (originally 1024)  Batches: 1 (originally 1)  Memory Usage: 70kB
        ->  Nested Loop  (cost=0.43..83071.67 rows=246 width=8) (actual time=0.142..1379.323 rows=1381 loops=1)
              ->  Seq Scan on movie_keyword mk  (cost=0.00..81003.12 rows=246 width=4) (actual time=0.076..1314.051 rows=1381 loops=1)
                    Filter: (keyword_id = 829)
                    Rows Removed by Filter: 4522549
              ->  Index Only Scan using title_pkey on title t  (cost=0.43..8.40 rows=1 width=4) (actual time=0.046..0.046 rows=1 loops=1381)
                    Index Cond: (id = mk.movie_id)
                    Heap Fetches: 1381
Planning time: 1.125 ms
Execution time: 18708.789 ms
