Hash Join  (cost=101489.21..212938.67 rows=871163 width=0) (actual time=1999.651..4933.138 rows=1002894 loops=1)
  Hash Cond: (mk.movie_id = t.id)
  ->  Seq Scan on movie_keyword mk  (cost=0.00..81003.12 rows=1066541 width=4) (actual time=0.019..1405.115 rows=1073410 loops=1)
        Filter: (keyword_id < 1078)
        Rows Removed by Filter: 3450520
  ->  Hash  (cost=67604.59..67604.59 rows=2065330 width=4) (actual time=1998.691..1998.691 rows=2064552 loops=1)
        Buckets: 131072  Batches: 32  Memory Usage: 3298kB
        ->  Seq Scan on title t  (cost=0.00..67604.59 rows=2065330 width=4) (actual time=0.010..1315.750 rows=2064552 loops=1)
              Filter: (production_year < 2011)
              Rows Removed by Filter: 463760
Planning time: 0.524 ms
Execution time: 5063.563 ms
