Nested Loop  (cost=0.43..58358.27 rows=51 width=0) (actual time=1.405..892.153 rows=1 loops=1)
  ->  Seq Scan on movie_companies mc  (cost=0.00..57926.93 rows=51 width=4) (actual time=1.327..892.074 rows=1 loops=1)
        Filter: ((company_id = 21351) AND (company_type_id = 1))
        Rows Removed by Filter: 2609128
  ->  Index Only Scan using title_pkey on title t  (cost=0.43..8.45 rows=1 width=4) (actual time=0.071..0.072 rows=1 loops=1)
        Index Cond: (id = mc.movie_id)
        Heap Fetches: 1
Planning time: 0.602 ms
Execution time: 892.203 ms
