Hash Join  (cost=102767.86..193973.66 rows=972484 width=0) (actual time=1892.889..4398.870 rows=1261292 loops=1)
  Hash Cond: (mc.movie_id = t.id)
  ->  Seq Scan on movie_companies mc  (cost=0.00..57926.93 rows=972484 width=4) (actual time=0.020..1132.147 rows=1261292 loops=1)
        Filter: ((company_id < 59667) AND (company_type_id < 2))
        Rows Removed by Filter: 1347837
  ->  Hash  (cost=61283.27..61283.27 rows=2528527 width=4) (actual time=1891.973..1891.973 rows=2528312 loops=1)
        Buckets: 131072  Batches: 64  Memory Usage: 2415kB
        ->  Seq Scan on title t  (cost=0.00..61283.27 rows=2528527 width=4) (actual time=0.007..1057.502 rows=2528312 loops=1)
Planning time: 0.964 ms
Execution time: 4542.370 ms
