Hash Join  (cost=269739.10..1636514.44 rows=28005422 width=0) (actual time=6133.470..43615.314 rows=32694814 loops=1)
  Hash Cond: (ci.movie_id = t.id)
  ->  Seq Scan on cast_info ci  (cost=0.00..614943.12 rows=36225612 width=4) (actual time=0.019..13159.497 rows=36244344 loops=1)
  ->  Hash  (cost=237668.58..237668.58 rows=1954762 width=8) (actual time=6132.265..6132.265 rows=1014277 loops=1)
        Buckets: 131072  Batches: 32  Memory Usage: 2298kB
        ->  Hash Join  (cost=91850.92..237668.58 rows=1954762 width=8) (actual time=2143.601..5850.037 rows=1014277 loops=1)
              Hash Cond: (mk.movie_id = t.id)
              ->  Seq Scan on movie_keyword mk  (cost=0.00..69693.30 rows=4523930 width=4) (actual time=0.014..1400.477 rows=4523930 loops=1)
              ->  Hash  (cost=73925.90..73925.90 rows=1092561 width=4) (actual time=2141.210..2141.210 rows=1195337 loops=1)
                    Buckets: 131072  Batches: 16  Memory Usage: 3662kB
                    ->  Seq Scan on title t  (cost=0.00..73925.90 rows=1092561 width=4) (actual time=0.013..1490.563 rows=1195337 loops=1)
                          Filter: ((kind_id > 1) AND (production_year > 1998))
                          Rows Removed by Filter: 1332975
Planning time: 1.173 ms
Execution time: 46953.653 ms
