Nested Loop  (cost=0.43..58375.18 rows=53 width=0) (actual time=321.556..651.903 rows=2 loops=1)
  ->  Seq Scan on movie_companies mc  (cost=0.00..57926.93 rows=53 width=4) (actual time=321.473..651.773 rows=2 loops=1)
        Filter: ((company_id = 64998) AND (company_type_id = 2))
        Rows Removed by Filter: 2609127
  ->  Index Only Scan using title_pkey on title t  (cost=0.43..8.45 rows=1 width=4) (actual time=0.054..0.055 rows=1 loops=2)
        Index Cond: (id = mc.movie_id)
        Heap Fetches: 2
Planning time: 2.182 ms
Execution time: 651.975 ms
