Seq Scan on movie_companies mc  (cost=0.00..57926.93 rows=954270 width=0) (actual time=0.022..1196.299 rows=1248983 loops=1)
  Filter: ((company_id < 50871) AND (company_type_id = 1))
  Rows Removed by Filter: 1360146
Planning time: 0.375 ms
Execution time: 1362.472 ms
