Seq Scan on movie_keyword mk  (cost=0.00..81003.12 rows=1872091 width=0) (actual time=0.023..3661.329 rows=1880718 loops=1)
  Filter: (keyword_id > 7281)
  Rows Removed by Filter: 2643212
Planning time: 1.851 ms
Execution time: 3960.018 ms
