Hash Join  (cost=75260.80..560126.85 rows=474212 width=0) (actual time=1362.023..12075.668 rows=683542 loops=1)
  Hash Cond: (mi.movie_id = t.id)
  ->  Seq Scan on movie_info mi  (cost=0.00..309384.22 rows=14739122 width=4) (actual time=0.020..5580.226 rows=14835720 loops=1)
  ->  Hash  (cost=73925.90..73925.90 rows=81352 width=4) (actual time=1361.200..1361.200 rows=82857 loops=1)
        Buckets: 131072  Batches: 2  Memory Usage: 2488kB
        ->  Seq Scan on title t  (cost=0.00..73925.90 rows=81352 width=4) (actual time=699.110..1331.547 rows=82857 loops=1)
              Filter: ((production_year > 1975) AND (kind_id = 3))
              Rows Removed by Filter: 2445455
Planning time: 0.734 ms
Execution time: 12165.018 ms
