Hash Join  (cost=83810.17..865838.74 rows=1834938 width=0) (actual time=2282.638..17008.315 rows=1947860 loops=1)
  Hash Cond: (ci.movie_id = t.id)
  ->  Seq Scan on cast_info ci  (cost=0.00..705507.15 rows=4697342 width=4) (actual time=673.455..11857.525 rows=4736580 loops=1)
        Filter: (person_id > 3205974)
        Rows Removed by Filter: 31507764
  ->  Hash  (cost=67604.59..67604.59 rows=987727 width=4) (actual time=1608.107..1608.107 rows=985048 loops=1)
        Buckets: 131072  Batches: 16  Memory Usage: 3188kB
        ->  Seq Scan on title t  (cost=0.00..67604.59 rows=987727 width=4) (actual time=0.026..1268.170 rows=985048 loops=1)
              Filter: (kind_id < 7)
              Rows Removed by Filter: 1543264
Planning time: 0.804 ms
Execution time: 17266.586 ms
