Hash Join  (cost=796952.06..883611.96 rows=186 width=0) (actual time=14541.433..15343.773 rows=5 loops=1)
  Hash Cond: (mk.movie_id = t.id)
  ->  Seq Scan on movie_keyword mk  (cost=0.00..69693.30 rows=4523930 width=4) (actual time=0.026..984.151 rows=4523930 loops=1)
  ->  Hash  (cost=796950.76..796950.76 rows=104 width=8) (actual time=13584.500..13584.500 rows=2 loops=1)
        Buckets: 1024  Batches: 1  Memory Usage: 9kB
        ->  Nested Loop  (cost=0.43..796950.76 rows=104 width=8) (actual time=1646.968..13584.490 rows=2 loops=1)
              ->  Seq Scan on cast_info ci  (cost=0.00..796071.18 rows=104 width=4) (actual time=1646.878..13584.372 rows=2 loops=1)
                    Filter: ((role_id > 7) AND (person_id = 434277))
                    Rows Removed by Filter: 36244342
              ->  Index Only Scan using title_pkey on title t  (cost=0.43..8.45 rows=1 width=4) (actual time=0.042..0.043 rows=1 loops=2)
                    Index Cond: (id = ci.movie_id)
                    Heap Fetches: 2
Planning time: 1.140 ms
Execution time: 15343.919 ms
