Hash Join  (cost=175027.18..1016592.47 rows=1002167 width=0) (actual time=4988.097..18467.812 rows=2333587 loops=1)
  Hash Cond: (ci.movie_id = t.id)
  ->  Seq Scan on cast_info ci  (cost=0.00..796071.18 rows=2757182 width=4) (actual time=567.936..11836.406 rows=3013895 loops=1)
        Filter: ((person_id < 323126) AND (role_id < 8))
        Rows Removed by Filter: 33230449
  ->  Hash  (cost=159947.97..159947.97 rows=919057 width=8) (actual time=4419.409..4419.409 rows=920110 loops=1)
        Buckets: 131072  Batches: 16  Memory Usage: 3269kB
        ->  Hash Join  (cost=102767.86..159947.97 rows=919057 width=8) (actual time=2591.541..4176.439 rows=920110 loops=1)
              Hash Cond: (mi_idx.movie_id = t.id)
              ->  Seq Scan on movie_info_idx mi_idx  (cost=0.00..25185.44 rows=919057 width=4) (actual time=0.019..519.577 rows=920110 loops=1)
                    Filter: (info_type_id > 99)
                    Rows Removed by Filter: 459925
              ->  Hash  (cost=61283.27..61283.27 rows=2528527 width=4) (actual time=2589.864..2589.864 rows=2528312 loops=1)
                    Buckets: 131072  Batches: 64  Memory Usage: 2415kB
                    ->  Seq Scan on title t  (cost=0.00..61283.27 rows=2528527 width=4) (actual time=0.028..1020.658 rows=2528312 loops=1)
Planning time: 0.781 ms
Execution time: 18727.613 ms
