Seq Scan on title t  (cost=0.00..73925.90 rows=598316 width=0) (actual time=0.049..1250.851 rows=492663 loops=1)
  Filter: ((kind_id > 4) AND (production_year < 1999))
  Rows Removed by Filter: 2035649
Planning time: 0.340 ms
Execution time: 1310.339 ms
