Hash Join  (cost=74419.77..918103.78 rows=190455 width=0) (actual time=1221.199..20188.725 rows=98740 loops=1)
  Hash Cond: (ci.movie_id = t.id)
  ->  Seq Scan on cast_info ci  (cost=0.00..796071.18 rows=12188876 width=4) (actual time=0.025..16339.376 rows=7131414 loops=1)
        Filter: ((person_id < 2797669) AND (role_id > 2))
        Rows Removed by Filter: 29112930
  ->  Hash  (cost=73925.90..73925.90 rows=39509 width=4) (actual time=1210.850..1210.850 rows=101191 loops=1)
        Buckets: 131072 (originally 65536)  Batches: 2 (originally 1)  Memory Usage: 3073kB
        ->  Seq Scan on title t  (cost=0.00..73925.90 rows=39509 width=4) (actual time=546.771..1169.193 rows=101191 loops=1)
              Filter: ((kind_id < 7) AND (production_year < 1925))
              Rows Removed by Filter: 2427121
Planning time: 0.760 ms
Execution time: 20201.838 ms
