Seq Scan on movie_companies mc  (cost=0.00..57926.93 rows=206490 width=0) (actual time=0.024..885.735 rows=323207 loops=1)
  Filter: ((company_id < 302) AND (company_type_id = 1))
  Rows Removed by Filter: 2285922
Planning time: 0.372 ms
Execution time: 940.530 ms
