Seq Scan on cast_info ci  (cost=0.00..705507.15 rows=23312543 width=0) (actual time=0.030..12897.735 rows=23204932 loops=1)
  Filter: (person_id < 2372971)
  Rows Removed by Filter: 13039412
Planning time: 0.329 ms
Execution time: 15778.945 ms
