Seq Scan on cast_info ci  (cost=0.00..796071.18 rows=2869425 width=0) (actual time=0.065..37507.564 rows=3853682 loops=1)
  Filter: ((person_id > 1189334) AND (role_id = 10))
  Rows Removed by Filter: 32390662
Planning time: 0.341 ms
Execution time: 38114.779 ms
