Hash Join  (cost=191934.69..264649.88 rows=101455 width=0) (actual time=3484.041..4971.817 rows=38204 loops=1)
  Hash Cond: (mc.movie_id = t.id)
  ->  Seq Scan on movie_companies mc  (cost=0.00..57926.93 rows=1113255 width=4) (actual time=41.003..1191.299 rows=1009943 loops=1)
        Filter: ((company_id > 164) AND (company_type_id = 1))
        Rows Removed by Filter: 1599186
  ->  Hash  (cost=188153.27..188153.27 rows=230434 width=8) (actual time=3389.466..3389.466 rows=45001 loops=1)
        Buckets: 131072  Batches: 4  Memory Usage: 1470kB
        ->  Hash Join  (cost=94574.69..188153.27 rows=230434 width=8) (actual time=2190.847..3375.856 rows=45001 loops=1)
              Hash Cond: (mk.movie_id = t.id)
              ->  Seq Scan on movie_keyword mk  (cost=0.00..81003.12 rows=462962 width=4) (actual time=0.042..1331.294 rows=459537 loops=1)
                    Filter: (keyword_id > 38625)
                    Rows Removed by Filter: 4064393
              ->  Hash  (cost=73925.90..73925.90 rows=1258543 width=4) (actual time=1637.572..1637.572 rows=1221534 loops=1)
                    Buckets: 131072  Batches: 32  Memory Usage: 2369kB
                    ->  Seq Scan on title t  (cost=0.00..73925.90 rows=1258543 width=4) (actual time=256.972..1262.795 rows=1221534 loops=1)
                          Filter: ((production_year < 2011) AND (kind_id = 7))
                          Rows Removed by Filter: 1306778
Planning time: 1.166 ms
Execution time: 4976.790 ms
