Seq Scan on movie_companies mc  (cost=0.00..51404.11 rows=1619903 width=0) (actual time=0.020..948.109 rows=1609319 loops=1)
  Filter: (company_id < 16723)
  Rows Removed by Filter: 999810
Planning time: 0.324 ms
Execution time: 1154.519 ms
