Hash Join  (cost=73962.22..128657.72 rows=2998 width=0) (actual time=960.296..2049.257 rows=9524 loops=1)
  Hash Cond: (mc.movie_id = t.id)
  ->  Seq Scan on movie_companies mc  (cost=0.00..44881.29 rows=2609129 width=4) (actual time=0.039..585.486 rows=2609129 loops=1)
  ->  Hash  (cost=73925.90..73925.90 rows=2905 width=4) (actual time=959.922..959.922 rows=4962 loops=1)
        Buckets: 8192 (originally 4096)  Batches: 1 (originally 1)  Memory Usage: 239kB
        ->  Seq Scan on title t  (cost=0.00..73925.90 rows=2905 width=4) (actual time=0.039..957.335 rows=4962 loops=1)
              Filter: ((kind_id < 7) AND (production_year = 1964))
              Rows Removed by Filter: 2523350
Planning time: 0.519 ms
Execution time: 2051.039 ms
