Seq Scan on cast_info ci  (cost=0.00..796071.18 rows=168 width=0) (actual time=5972.044..14145.659 rows=76 loops=1)
  Filter: ((role_id > 3) AND (person_id = 57182))
  Rows Removed by Filter: 36244268
Planning time: 0.371 ms
Execution time: 14145.801 ms
