Hash Join  (cost=73956.15..160657.49 rows=4330 width=0) (actual time=2168.365..2892.009 rows=8142 loops=1)
  Hash Cond: (mk.movie_id = t.id)
  ->  Seq Scan on movie_keyword mk  (cost=0.00..69693.30 rows=4523930 width=4) (actual time=0.024..990.887 rows=4523930 loops=1)
  ->  Hash  (cost=73925.90..73925.90 rows=2420 width=4) (actual time=1081.793..1081.793 rows=3058 loops=1)
        Buckets: 4096  Batches: 1  Memory Usage: 140kB
        ->  Seq Scan on title t  (cost=0.00..73925.90 rows=2420 width=4) (actual time=0.157..1080.176 rows=3058 loops=1)
              Filter: ((kind_id = 2) AND (production_year = 2003))
              Rows Removed by Filter: 2525254
Planning time: 0.702 ms
Execution time: 2893.204 ms
