Hash Join  (cost=126315.19..212981.89 rows=866 width=0) (actual time=2827.692..3961.365 rows=5 loops=1)
  Hash Cond: (mk.movie_id = t.id)
  ->  Seq Scan on movie_keyword mk  (cost=0.00..69693.30 rows=4523930 width=4) (actual time=0.022..948.468 rows=4523930 loops=1)
  ->  Hash  (cost=126309.14..126309.14 rows=484 width=8) (actual time=2256.079..2256.079 rows=1 loops=1)
        Buckets: 1024  Batches: 1  Memory Usage: 9kB
        ->  Hash Join  (cost=74837.24..126309.14 rows=484 width=8) (actual time=2255.605..2256.073 rows=1 loops=1)
              Hash Cond: (mc.movie_id = t.id)
              ->  Seq Scan on movie_companies mc  (cost=0.00..51404.11 rows=16785 width=4) (actual time=4.878..865.179 rows=16220 loops=1)
                    Filter: (company_id = 166)
                    Rows Removed by Filter: 2592909
              ->  Hash  (cost=73925.90..73925.90 rows=72907 width=4) (actual time=1376.122..1376.122 rows=101633 loops=1)
                    Buckets: 131072 (originally 131072)  Batches: 2 (originally 1)  Memory Usage: 3073kB
                    ->  Seq Scan on title t  (cost=0.00..73925.90 rows=72907 width=4) (actual time=562.085..1333.634 rows=101633 loops=1)
                          Filter: ((production_year > 1995) AND (kind_id = 4))
                          Rows Removed by Filter: 2426679
Planning time: 1.174 ms
Execution time: 3961.472 ms
