Seq Scan on movie_companies mc  (cost=0.00..57926.93 rows=849422 width=0) (actual time=0.026..944.982 rows=534603 loops=1)
  Filter: ((company_id < 18547) AND (company_type_id = 2))
  Rows Removed by Filter: 2074526
Planning time: 0.486 ms
Execution time: 1002.129 ms
