Seq Scan on cast_info ci  (cost=0.00..796071.18 rows=8160150 width=0) (actual time=0.028..13148.598 rows=4126817 loops=1)
  Filter: ((person_id < 2481130) AND (role_id > 3))
  Rows Removed by Filter: 32117527
Planning time: 0.357 ms
Execution time: 13583.163 ms
