Seq Scan on movie_companies mc  (cost=0.00..51404.11 rows=1622989 width=0) (actual time=0.014..712.828 rows=1621919 loops=1)
  Filter: (company_id > 4539)
  Rows Removed by Filter: 987210
Planning time: 0.317 ms
Execution time: 875.541 ms
