Hash Join  (cost=501014.08..1659678.22 rows=7746592 width=0) (actual time=10717.867..44572.136 rows=8419581 loops=1)
  Hash Cond: (ci.movie_id = t.id)
  ->  Seq Scan on cast_info ci  (cost=0.00..614943.12 rows=36225612 width=4) (actual time=0.021..13060.778 rows=36244344 loops=1)
  ->  Hash  (cost=492142.23..492142.23 rows=540708 width=8) (actual time=10716.514..10716.514 rows=429936 loops=1)
        Buckets: 131072  Batches: 8  Memory Usage: 3119kB
        ->  Hash Join  (cost=71408.55..492142.23 rows=540708 width=8) (actual time=1579.402..10574.763 rows=429936 loops=1)
              Hash Cond: (mi.movie_id = t.id)
              ->  Seq Scan on movie_info mi  (cost=0.00..346232.03 rows=5897221 width=4) (actual time=323.965..5830.487 rows=5884963 loops=1)
                    Filter: (info_type_id < 7)
                    Rows Removed by Filter: 8950757
              ->  Hash  (cost=67604.59..67604.59 rows=231837 width=4) (actual time=1254.548..1254.548 rows=231649 loops=1)
                    Buckets: 131072  Batches: 4  Memory Usage: 3082kB
                    ->  Seq Scan on title t  (cost=0.00..67604.59 rows=231837 width=4) (actual time=0.040..1169.675 rows=231649 loops=1)
                          Filter: (production_year > 2011)
                          Rows Removed by Filter: 2296663
Planning time: 1.176 ms
Execution time: 45514.790 ms
