Nested Loop  (cost=0.43..83072.29 rows=77 width=0) (actual time=11.111..1283.445 rows=69 loops=1)
  ->  Seq Scan on movie_keyword mk  (cost=0.00..81003.12 rows=246 width=4) (actual time=1.648..1254.316 rows=420 loops=1)
        Filter: (keyword_id = 8228)
        Rows Removed by Filter: 4523510
  ->  Index Scan using title_pkey on title t  (cost=0.43..8.40 rows=1 width=4) (actual time=0.067..0.067 rows=0 loops=420)
        Index Cond: (id = mk.movie_id)
        Filter: (production_year > 2007)
        Rows Removed by Filter: 1
Planning time: 0.780 ms
Execution time: 1283.623 ms
