Hash Join  (cost=186709.06..712099.65 rows=4272166 width=0) (actual time=4394.907..18001.391 rows=3568290 loops=1)
  Hash Cond: (mi.movie_id = t.id)
  ->  Seq Scan on movie_info mi  (cost=0.00..309384.22 rows=14739122 width=4) (actual time=0.024..6540.395 rows=14835720 loops=1)
  ->  Hash  (cost=174684.82..174684.82 rows=732899 width=8) (actual time=4393.938..4393.938 rows=370593 loops=1)
        Buckets: 131072  Batches: 16  Memory Usage: 1916kB
        ->  Hash Join  (cost=88872.62..174684.82 rows=732899 width=8) (actual time=1905.996..4283.020 rows=370593 loops=1)
              Hash Cond: (mc.movie_id = t.id)
              ->  Seq Scan on movie_companies mc  (cost=0.00..51404.11 rows=2034161 width=4) (actual time=7.795..1199.937 rows=2029689 loops=1)
                    Filter: (company_id < 71095)
                    Rows Removed by Filter: 579440
              ->  Hash  (cost=73925.90..73925.90 rows=911017 width=4) (actual time=1896.871..1896.871 rows=1014366 loops=1)
                    Buckets: 131072  Batches: 16  Memory Usage: 3262kB
                    ->  Seq Scan on title t  (cost=0.00..73925.90 rows=911017 width=4) (actual time=0.015..1359.501 rows=1014366 loops=1)
                          Filter: ((kind_id > 3) AND (production_year > 2000))
                          Rows Removed by Filter: 1513946
Planning time: 2.745 ms
Execution time: 18364.579 ms
