Seq Scan on movie_companies mc  (cost=0.00..57926.93 rows=276283 width=0) (actual time=137.888..934.800 rows=415610 loops=1)
  Filter: ((company_id < 596) AND (company_type_id = 1))
  Rows Removed by Filter: 2193519
Planning time: 0.438 ms
Execution time: 985.828 ms
