Hash Join  (cost=71408.55..144572.38 rows=105284 width=0) (actual time=1676.622..3006.821 rows=71675 loops=1)
  Hash Cond: (mc.movie_id = t.id)
  ->  Seq Scan on movie_companies mc  (cost=0.00..57926.93 rows=1148282 width=4) (actual time=294.244..1146.492 rows=974711 loops=1)
        Filter: ((company_id < 86981) AND (company_type_id = 2))
        Rows Removed by Filter: 1634418
  ->  Hash  (cost=67604.59..67604.59 rows=231837 width=4) (actual time=1381.437..1381.437 rows=231649 loops=1)
        Buckets: 131072  Batches: 4  Memory Usage: 3076kB
        ->  Seq Scan on title t  (cost=0.00..67604.59 rows=231837 width=4) (actual time=0.015..1298.951 rows=231649 loops=1)
              Filter: (production_year > 2011)
              Rows Removed by Filter: 2296663
Planning time: 0.566 ms
Execution time: 3016.448 ms
