Hash Join  (cost=648735.57..2271611.52 rows=37439826 width=0) (actual time=37959.359..153403.982 rows=232505040 loops=1)
  Hash Cond: (ci.movie_id = t.id)
  ->  Seq Scan on cast_info ci  (cost=0.00..705507.15 rows=29785448 width=4) (actual time=0.013..35863.976 rows=29904914 loops=1)
        Filter: (person_id > 612189)
        Rows Removed by Filter: 6339430
  ->  Hash  (cost=596590.60..596590.60 rows=3178318 width=8) (actual time=37941.944..37941.944 rows=7264648 loops=1)
        Buckets: 131072 (originally 131072)  Batches: 128 (originally 64)  Memory Usage: 3250kB
        ->  Hash Join  (cost=82871.49..596590.60 rows=3178318 width=8) (actual time=3415.560..35197.673 rows=7264648 loops=1)
              Hash Cond: (mi.movie_id = t.id)
              ->  Seq Scan on movie_info mi  (cost=0.00..309384.22 rows=14739122 width=4) (actual time=0.021..20479.125 rows=14835720 loops=1)
              ->  Hash  (cost=73925.90..73925.90 rows=545247 width=4) (actual time=3274.624..3274.624 rows=557319 loops=1)
                    Buckets: 131072  Batches: 8  Memory Usage: 3494kB
                    ->  Seq Scan on title t  (cost=0.00..73925.90 rows=545247 width=4) (actual time=130.927..3069.515 rows=557319 loops=1)
                          Filter: ((production_year < 2011) AND (kind_id = 1))
                          Rows Removed by Filter: 1970993
Planning time: 2.367 ms
Execution time: 179212.980 ms
