Hash Join  (cost=75574.02..172682.22 rows=52168 width=0) (actual time=2533.614..3235.622 rows=10062 loops=1)
  Hash Cond: (mk.movie_id = t.id)
  ->  Seq Scan on movie_keyword mk  (cost=0.00..81003.12 rows=1313706 width=4) (actual time=0.010..1512.881 rows=1325242 loops=1)
        Filter: (keyword_id > 13037)
        Rows Removed by Filter: 3198688
  ->  Hash  (cost=73925.90..73925.90 rows=100409 width=4) (actual time=1294.947..1294.947 rows=110402 loops=1)
        Buckets: 131072  Batches: 2  Memory Usage: 2970kB
        ->  Seq Scan on title t  (cost=0.00..73925.90 rows=100409 width=4) (actual time=0.021..1252.455 rows=110402 loops=1)
              Filter: ((kind_id = 7) AND (production_year = 2012))
              Rows Removed by Filter: 2417910
Planning time: 0.671 ms
Execution time: 3237.018 ms
