Hash Join  (cost=223663.60..1173148.97 rows=2782308 width=0) (actual time=7416.995..39346.838 rows=49359408 loops=1)
  Hash Cond: (ci.movie_id = t.id)
  ->  Seq Scan on cast_info ci  (cost=0.00..796071.18 rows=9578224 width=4) (actual time=1432.561..15917.779 rows=12670688 loops=1)
        Filter: ((person_id < 2798527) AND (role_id = 1))
        Rows Removed by Filter: 23573656
  ->  Hash  (cost=211612.43..211612.43 rows=734493 width=8) (actual time=5982.160..5982.160 rows=2287440 loops=1)
        Buckets: 131072 (originally 131072)  Batches: 32 (originally 16)  Memory Usage: 3764kB
        ->  Hash Join  (cost=80661.47..211612.43 rows=734493 width=8) (actual time=1396.998..5314.251 rows=2287440 loops=1)
              Hash Cond: (mk.movie_id = t.id)
              ->  Seq Scan on movie_keyword mk  (cost=0.00..69693.30 rows=4523930 width=4) (actual time=0.024..1441.368 rows=4523930 loops=1)
              ->  Hash  (cost=73925.90..73925.90 rows=410525 width=4) (actual time=1396.224..1396.224 rows=456146 loops=1)
                    Buckets: 131072  Batches: 8  Memory Usage: 3048kB
                    ->  Seq Scan on title t  (cost=0.00..73925.90 rows=410525 width=4) (actual time=638.549..1244.617 rows=456146 loops=1)
                          Filter: ((production_year < 2007) AND (kind_id = 1))
                          Rows Removed by Filter: 2072166
Planning time: 1.182 ms
Execution time: 44561.017 ms
