Seq Scan on cast_info ci  (cost=0.00..705507.15 rows=9228721 width=0) (actual time=0.034..11663.617 rows=9224973 loops=1)
  Filter: (person_id > 2777853)
  Rows Removed by Filter: 27019371
Planning time: 3.194 ms
Execution time: 12837.764 ms
