Seq Scan on cast_info ci  (cost=0.00..796071.18 rows=6489939 width=0) (actual time=5911.881..13791.061 rows=10707397 loops=1)
  Filter: ((person_id > 2189087) AND (role_id > 2))
  Rows Removed by Filter: 25536947
Planning time: 0.285 ms
Execution time: 15101.199 ms
