Hash Join  (cost=234704.89..751778.61 rows=4476015 width=0) (actual time=7416.944..40345.642 rows=97765462 loops=1)
  Hash Cond: (mi.movie_id = t.id)
  ->  Seq Scan on movie_info mi  (cost=0.00..346232.03 rows=9476311 width=4) (actual time=0.015..6546.148 rows=9565151 loops=1)
        Filter: (info_type_id < 16)
        Rows Removed by Filter: 5270569
  ->  Hash  (cost=215109.93..215109.93 rows=1194317 width=8) (actual time=7415.478..7415.478 rows=2886675 loops=1)
        Buckets: 131072 (originally 131072)  Batches: 64 (originally 16)  Memory Usage: 3073kB
        ->  Hash Join  (cost=78556.72..215109.93 rows=1194317 width=8) (actual time=2210.347..6222.513 rows=2886675 loops=1)
              Hash Cond: (mk.movie_id = t.id)
              ->  Seq Scan on movie_keyword mk  (cost=0.00..69693.30 rows=4523930 width=4) (actual time=0.027..1419.421 rows=4523930 loops=1)
              ->  Hash  (cost=67604.59..67604.59 rows=667531 width=4) (actual time=1967.992..1967.992 rows=662825 loops=1)
                    Buckets: 131072  Batches: 16  Memory Usage: 2486kB
                    ->  Seq Scan on title t  (cost=0.00..67604.59 rows=667531 width=4) (actual time=0.031..1055.943 rows=662825 loops=1)
                          Filter: (kind_id = 1)
                          Rows Removed by Filter: 1865487
Planning time: 1.182 ms
Execution time: 51073.505 ms
