Hash Join  (cost=75482.52..1123245.47 rows=1358879 width=0) (actual time=1327.593..28601.323 rows=1376709 loops=1)
  Hash Cond: (ci.movie_id = t.id)
  ->  Seq Scan on cast_info ci  (cost=0.00..614943.12 rows=36225612 width=4) (actual time=0.018..12084.102 rows=36244344 loops=1)
  ->  Hash  (cost=73925.90..73925.90 rows=94849 width=4) (actual time=1326.848..1326.848 rows=117911 loops=1)
        Buckets: 131072  Batches: 2  Memory Usage: 3095kB
        ->  Seq Scan on title t  (cost=0.00..73925.90 rows=94849 width=4) (actual time=0.014..1287.741 rows=117911 loops=1)
              Filter: ((production_year > 1969) AND (kind_id = 4))
              Rows Removed by Filter: 2410401
Planning time: 0.800 ms
Execution time: 28779.646 ms
