Seq Scan on movie_companies mc  (cost=0.00..57926.93 rows=53 width=0) (actual time=622.552..857.150 rows=1 loops=1)
  Filter: ((company_id = 160497) AND (company_type_id = 2))
  Rows Removed by Filter: 2609128
Planning time: 3.683 ms
Execution time: 857.240 ms
