Hash Join  (cost=94666.80..258279.11 rows=2951136 width=0) (actual time=1983.856..6569.816 rows=2500886 loops=1)
  Hash Cond: (mk.movie_id = t.id)
  ->  Seq Scan on movie_keyword mk  (cost=0.00..69693.30 rows=4523930 width=4) (actual time=0.023..1527.593 rows=4523930 loops=1)
  ->  Hash  (cost=67604.59..67604.59 rows=1649457 width=4) (actual time=1973.151..1973.151 rows=1643514 loops=1)
        Buckets: 131072  Batches: 32  Memory Usage: 2839kB
        ->  Seq Scan on title t  (cost=0.00..67604.59 rows=1649457 width=4) (actual time=0.016..1402.046 rows=1643514 loops=1)
              Filter: (production_year > 1994)
              Rows Removed by Filter: 884798
Planning time: 0.680 ms
Execution time: 6849.313 ms
