Seq Scan on movie_companies mc  (cost=0.00..57926.93 rows=1085058 width=0) (actual time=1.014..1084.539 rows=851758 loops=1)
  Filter: ((company_id < 75065) AND (company_type_id > 1))
  Rows Removed by Filter: 1757371
Planning time: 0.319 ms
Execution time: 1189.558 ms
