Hash Join  (cost=102767.86..189315.45 rows=1049937 width=0) (actual time=1842.648..4065.951 rows=1048645 loops=1)
  Hash Cond: (mc.movie_id = t.id)
  ->  Seq Scan on movie_companies mc  (cost=0.00..51404.11 rows=1049937 width=4) (actual time=0.011..993.827 rows=1048645 loops=1)
        Filter: (company_id < 6110)
        Rows Removed by Filter: 1560484
  ->  Hash  (cost=61283.27..61283.27 rows=2528527 width=4) (actual time=1841.931..1841.931 rows=2528312 loops=1)
        Buckets: 131072  Batches: 64  Memory Usage: 2415kB
        ->  Seq Scan on title t  (cost=0.00..61283.27 rows=2528527 width=4) (actual time=0.015..1019.947 rows=2528312 loops=1)
Planning time: 0.769 ms
Execution time: 4186.880 ms
