Hash Join  (cost=74531.43..832260.77 rows=694017 width=0) (actual time=1157.623..21342.916 rows=1115437 loops=1)
  Hash Cond: (ci.movie_id = t.id)
  ->  Seq Scan on cast_info ci  (cost=0.00..614943.12 rows=36225612 width=4) (actual time=0.026..8261.007 rows=36244344 loops=1)
  ->  Hash  (cost=73925.90..73925.90 rows=48442 width=4) (actual time=1157.185..1157.185 rows=62614 loops=1)
        Buckets: 65536  Batches: 1  Memory Usage: 2714kB
        ->  Seq Scan on title t  (cost=0.00..73925.90 rows=48442 width=4) (actual time=231.315..1132.756 rows=62614 loops=1)
              Filter: ((production_year < 2003) AND (kind_id = 3))
              Rows Removed by Filter: 2465698
Planning time: 1.793 ms
Execution time: 21488.251 ms
