Seq Scan on cast_info ci  (cost=0.00..705507.15 rows=500 width=0) (actual time=3737.461..11478.620 rows=21 loops=1)
  Filter: (person_id = 3541649)
  Rows Removed by Filter: 36244323
Planning time: 0.375 ms
Execution time: 11478.706 ms
