Hash Join  (cost=98033.59..252065.76 rows=2629013 width=0) (actual time=2959.716..6761.388 rows=711135 loops=1)
  Hash Cond: (mk.movie_id = t.id)
  ->  Seq Scan on movie_keyword mk  (cost=0.00..69693.30 rows=4523930 width=4) (actual time=0.030..1451.011 rows=4523930 loops=1)
  ->  Hash  (cost=73925.90..73925.90 rows=1469415 width=4) (actual time=2639.456..2639.456 rows=1450465 loops=1)
        Buckets: 131072  Batches: 32  Memory Usage: 2623kB
        ->  Seq Scan on title t  (cost=0.00..73925.90 rows=1469415 width=4) (actual time=0.021..1391.583 rows=1450465 loops=1)
              Filter: ((kind_id > 4) AND (production_year < 2013))
              Rows Removed by Filter: 1077847
Planning time: 0.711 ms
Execution time: 6848.324 ms
