Hash Join  (cost=1158166.23..2016432.48 rows=28562371 width=0) (actual time=30447.906..86809.540 rows=167831942 loops=1)
  Hash Cond: (mi.movie_id = t.id)
  ->  Seq Scan on movie_info mi  (cost=0.00..309384.22 rows=14739122 width=4) (actual time=0.019..6201.271 rows=14835720 loops=1)
  ->  Hash  (cost=1077776.06..1077776.06 rows=4899934 width=8) (actual time=30446.957..30446.957 rows=7107708 loops=1)
        Buckets: 131072  Batches: 128  Memory Usage: 3329kB
        ->  Hash Join  (cost=83810.17..1077776.06 rows=4899934 width=8) (actual time=1585.369..28211.607 rows=7107708 loops=1)
              Hash Cond: (ci.movie_id = t.id)
              ->  Seq Scan on cast_info ci  (cost=0.00..796071.18 rows=12543563 width=4) (actual time=0.019..15932.691 rows=17026798 loops=1)
                    Filter: ((person_id < 2301386) AND (role_id < 3))
                    Rows Removed by Filter: 19217546
              ->  Hash  (cost=67604.59..67604.59 rows=987727 width=4) (actual time=1584.312..1584.312 rows=985048 loops=1)
                    Buckets: 131072  Batches: 16  Memory Usage: 3188kB
                    ->  Seq Scan on title t  (cost=0.00..67604.59 rows=987727 width=4) (actual time=0.020..1280.192 rows=985048 loops=1)
                          Filter: (kind_id < 7)
                          Rows Removed by Filter: 1543264
Planning time: 0.778 ms
Execution time: 104681.777 ms
