Hash Join  (cost=125875.28..890402.32 rows=413881 width=0) (actual time=4968.912..19471.356 rows=1800062 loops=1)
  Hash Cond: (ci.movie_id = t.id)
  ->  Seq Scan on cast_info ci  (cost=0.00..705507.15 rows=4670689 width=4) (actual time=2271.737..13542.565 rows=4639136 loops=1)
        Filter: (role_id > 9)
        Rows Removed by Filter: 31605208
  ->  Hash  (cost=122198.54..122198.54 rows=224059 width=8) (actual time=2696.170..2696.170 rows=478281 loops=1)
        Buckets: 131072 (originally 131072)  Batches: 8 (originally 4)  Memory Usage: 3374kB
        ->  Hash Join  (cost=80661.47..122198.54 rows=224059 width=8) (actual time=1437.325..2549.625 rows=478281 loops=1)
              Hash Cond: (mi_idx.movie_id = t.id)
              ->  Seq Scan on movie_info_idx mi_idx  (cost=0.00..21735.35 rows=1380035 width=4) (actual time=0.024..425.847 rows=1380035 loops=1)
              ->  Hash  (cost=73925.90..73925.90 rows=410525 width=4) (actual time=1340.673..1340.673 rows=456146 loops=1)
                    Buckets: 131072  Batches: 8  Memory Usage: 3040kB
                    ->  Seq Scan on title t  (cost=0.00..73925.90 rows=410525 width=4) (actual time=0.023..1199.583 rows=456146 loops=1)
                          Filter: ((production_year < 2007) AND (kind_id = 1))
                          Rows Removed by Filter: 2072166
Planning time: 1.139 ms
Execution time: 19669.331 ms
