Seq Scan on movie_companies mc  (cost=0.00..51404.11 rows=1767987 width=0) (actual time=0.026..612.082 rows=1758481 loops=1)
  Filter: (company_id < 25154)
  Rows Removed by Filter: 850648
Planning time: 0.306 ms
Execution time: 778.438 ms
