Seq Scan on cast_info ci  (cost=0.00..796071.18 rows=736243 width=0) (actual time=2381.708..15489.748 rows=816312 loops=1)
  Filter: ((person_id > 614233) AND (role_id = 5))
  Rows Removed by Filter: 35428032
Planning time: 0.368 ms
Execution time: 15589.245 ms
