Hash Join  (cost=139597.14..251267.79 rows=444654 width=0) (actual time=3299.458..7144.070 rows=4279539 loops=1)
  Hash Cond: (mk.movie_id = t.id)
  ->  Seq Scan on movie_keyword mk  (cost=0.00..81003.12 rows=2085596 width=4) (actual time=0.016..1600.471 rows=2093947 loops=1)
        Filter: (keyword_id < 3757)
        Rows Removed by Filter: 2429983
  ->  Hash  (cost=130752.54..130752.54 rows=539088 width=8) (actual time=3298.287..3298.287 rows=954317 loops=1)
        Buckets: 131072 (originally 131072)  Batches: 16 (originally 8)  Memory Usage: 3370kB
        ->  Hash Join  (cost=83810.17..130752.54 rows=539088 width=8) (actual time=1467.925..2991.068 rows=954317 loops=1)
              Hash Cond: (mi_idx.movie_id = t.id)
              ->  Seq Scan on movie_info_idx mi_idx  (cost=0.00..21735.35 rows=1380035 width=4) (actual time=0.018..389.678 rows=1380035 loops=1)
              ->  Hash  (cost=67604.59..67604.59 rows=987727 width=4) (actual time=1466.679..1466.679 rows=985048 loops=1)
                    Buckets: 131072  Batches: 16  Memory Usage: 3188kB
                    ->  Seq Scan on title t  (cost=0.00..67604.59 rows=987727 width=4) (actual time=0.015..1137.421 rows=985048 loops=1)
                          Filter: (kind_id < 7)
                          Rows Removed by Filter: 1543264
Planning time: 1.116 ms
Execution time: 7589.893 ms
