Nested Loop  (cost=0.43..799382.33 rows=85 width=0) (actual time=14630.229..14715.046 rows=2 loops=1)
  ->  Seq Scan on cast_info ci  (cost=0.00..796071.18 rows=396 width=4) (actual time=14630.104..14714.818 rows=9 loops=1)
        Filter: ((role_id < 8) AND (person_id = 1656734))
        Rows Removed by Filter: 36244335
  ->  Index Scan using title_pkey on title t  (cost=0.43..8.35 rows=1 width=4) (actual time=0.018..0.018 rows=0 loops=9)
        Index Cond: (id = ci.movie_id)
        Filter: ((kind_id > 2) AND (production_year < 1994))
        Rows Removed by Filter: 1
Planning time: 0.865 ms
Execution time: 14715.144 ms
