Hash Join  (cost=190230.21..1113126.18 rows=3893929 width=0) (actual time=12664.614..26745.631 rows=7070329 loops=1)
  Hash Cond: (ci.movie_id = t.id)
  ->  Seq Scan on cast_info ci  (cost=0.00..796071.18 rows=7134532 width=4) (actual time=8320.530..16376.783 rows=7451825 loops=1)
        Filter: ((person_id > 74085) AND (role_id = 2))
        Rows Removed by Filter: 28792519
  ->  Hash  (cost=167588.78..167588.78 rows=1380035 width=8) (actual time=4343.197..4343.197 rows=1380035 loops=1)
        Buckets: 131072  Batches: 32  Memory Usage: 2708kB
        ->  Hash Join  (cost=102767.86..167588.78 rows=1380035 width=8) (actual time=1962.539..3967.850 rows=1380035 loops=1)
              Hash Cond: (mi_idx.movie_id = t.id)
              ->  Seq Scan on movie_info_idx mi_idx  (cost=0.00..21735.35 rows=1380035 width=4) (actual time=0.021..577.983 rows=1380035 loops=1)
              ->  Hash  (cost=61283.27..61283.27 rows=2528527 width=4) (actual time=1960.986..1960.986 rows=2528312 loops=1)
                    Buckets: 131072  Batches: 64  Memory Usage: 2415kB
                    ->  Seq Scan on title t  (cost=0.00..61283.27 rows=2528527 width=4) (actual time=0.019..1109.331 rows=2528312 loops=1)
Planning time: 0.736 ms
Execution time: 27592.543 ms
