Seq Scan on cast_info ci  (cost=0.00..796071.18 rows=7208682 width=0) (actual time=2988.356..14653.632 rows=3397985 loops=1)
  Filter: ((person_id < 2824499) AND (role_id > 4))
  Rows Removed by Filter: 32846359
Planning time: 0.344 ms
Execution time: 15078.920 ms
