Hash Join  (cost=159243.36..666082.28 rows=2533499 width=0) (actual time=3566.914..17957.285 rows=6890393 loops=1)
  Hash Cond: (mi.movie_id = t.id)
  ->  Seq Scan on movie_info mi  (cost=0.00..309384.22 rows=14739122 width=4) (actual time=0.020..5910.115 rows=14835720 loops=1)
  ->  Hash  (cost=152112.53..152112.53 rows=434627 width=8) (actual time=3565.949..3565.949 rows=456031 loops=1)
        Buckets: 131072  Batches: 8  Memory Usage: 3266kB
        ->  Hash Join  (cost=107308.20..152112.53 rows=434627 width=8) (actual time=2159.521..3435.958 rows=456031 loops=1)
              Hash Cond: (mi_idx.movie_id = t.id)
              ->  Seq Scan on movie_info_idx mi_idx  (cost=0.00..25185.44 rows=454124 width=4) (actual time=0.030..502.540 rows=459925 loops=1)
                    Filter: (info_type_id = 100)
                    Rows Removed by Filter: 920110
              ->  Hash  (cost=67604.59..67604.59 rows=2419969 width=4) (actual time=2158.373..2158.373 rows=2413398 loops=1)
                    Buckets: 131072  Batches: 32  Memory Usage: 3676kB
                    ->  Seq Scan on title t  (cost=0.00..67604.59 rows=2419969 width=4) (actual time=0.020..1399.560 rows=2413398 loops=1)
                          Filter: (production_year > 1912)
                          Rows Removed by Filter: 114914
Planning time: 1.154 ms
Execution time: 18723.808 ms
