Hash Join  (cost=797960.46..1162629.45 rows=1306 width=0) (actual time=13965.095..19102.273 rows=14 loops=1)
  Hash Cond: (mi.movie_id = t.id)
  ->  Seq Scan on movie_info mi  (cost=0.00..309384.22 rows=14739122 width=4) (actual time=0.023..3766.098 rows=14835720 loops=1)
  ->  Hash  (cost=797957.66..797957.66 rows=224 width=8) (actual time=12695.170..12695.170 rows=2 loops=1)
        Buckets: 1024  Batches: 1  Memory Usage: 9kB
        ->  Nested Loop  (cost=0.43..797957.66 rows=224 width=8) (actual time=10894.608..12695.123 rows=2 loops=1)
              ->  Seq Scan on cast_info ci  (cost=0.00..796071.18 rows=224 width=4) (actual time=10894.513..12694.979 rows=2 loops=1)
                    Filter: ((role_id > 2) AND (person_id = 1146465))
                    Rows Removed by Filter: 36244342
              ->  Index Only Scan using title_pkey on title t  (cost=0.43..8.41 rows=1 width=4) (actual time=0.043..0.044 rows=1 loops=2)
                    Index Cond: (id = ci.movie_id)
                    Heap Fetches: 2
Planning time: 1.154 ms
Execution time: 19102.417 ms
