Seq Scan on cast_info ci  (cost=0.00..796071.18 rows=6645027 width=0) (actual time=3698.879..13510.381 rows=12670688 loops=1)
  Filter: ((person_id < 1875198) AND (role_id = 1))
  Rows Removed by Filter: 23573656
Planning time: 0.914 ms
Execution time: 15053.955 ms
