Hash Join  (cost=433328.88..1416738.92 rows=621083 width=0) (actual time=8936.909..34176.611 rows=2949303 loops=1)
  Hash Cond: (ci.movie_id = t.id)
  ->  Seq Scan on cast_info ci  (cost=0.00..614943.12 rows=36225612 width=4) (actual time=0.009..9493.360 rows=36244344 loops=1)
  ->  Hash  (cost=432786.99..432786.99 rows=43351 width=8) (actual time=8936.418..8936.418 rows=95640 loops=1)
        Buckets: 131072 (originally 65536)  Batches: 2 (originally 1)  Memory Usage: 3073kB
        ->  Hash Join  (cost=67697.55..432786.99 rows=43351 width=8) (actual time=1045.056..8887.756 rows=95640 loops=1)
              Hash Cond: (mi.movie_id = t.id)
              ->  Seq Scan on movie_info mi  (cost=0.00..309384.22 rows=14739122 width=4) (actual time=0.012..4386.726 rows=14835720 loops=1)
              ->  Hash  (cost=67604.59..67604.59 rows=7437 width=4) (actual time=1044.977..1044.977 rows=14456 loops=1)
                    Buckets: 16384 (originally 8192)  Batches: 1 (originally 1)  Memory Usage: 637kB
                    ->  Seq Scan on title t  (cost=0.00..67604.59 rows=7437 width=4) (actual time=0.051..1038.192 rows=14456 loops=1)
                          Filter: (production_year = 1981)
                          Rows Removed by Filter: 2513856
Planning time: 0.778 ms
Execution time: 34543.654 ms
