Hash Join  (cost=77620.93..450561.15 rows=184710 width=0) (actual time=1320.467..7986.310 rows=480582 loops=1)
  Hash Cond: (mi.movie_id = t.id)
  ->  Seq Scan on movie_info mi  (cost=0.00..346232.03 rows=2073893 width=4) (actual time=0.019..5489.380 rows=2091068 loops=1)
        Filter: (info_type_id < 3)
        Rows Removed by Filter: 12744652
  ->  Hash  (cost=73925.90..73925.90 rows=225202 width=4) (actual time=1319.704..1319.704 rows=334539 loops=1)
        Buckets: 131072  Batches: 4  Memory Usage: 3972kB
        ->  Seq Scan on title t  (cost=0.00..73925.90 rows=225202 width=4) (actual time=0.029..1193.648 rows=334539 loops=1)
              Filter: ((kind_id < 7) AND (production_year < 1984))
              Rows Removed by Filter: 2193773
Planning time: 0.750 ms
Execution time: 8040.016 ms
