Hash Join  (cost=135174.28..1052736.71 rows=2909210 width=0) (actual time=3013.569..27466.413 rows=9527277 loops=1)
  Hash Cond: (ci.movie_id = t.id)
  ->  Seq Scan on cast_info ci  (cost=0.00..705507.15 rows=15665109 width=4) (actual time=0.023..13774.593 rows=15777400 loops=1)
        Filter: (person_id > 2058707)
        Rows Removed by Filter: 20466944
  ->  Hash  (cost=127469.53..127469.53 rows=469580 width=8) (actual time=3012.660..3012.660 rows=854105 loops=1)
        Buckets: 131072 (originally 131072)  Batches: 16 (originally 8)  Memory Usage: 3104kB
        ->  Hash Join  (cost=81720.25..127469.53 rows=469580 width=8) (actual time=1426.765..2787.795 rows=854105 loops=1)
              Hash Cond: (mi_idx.movie_id = t.id)
              ->  Seq Scan on movie_info_idx mi_idx  (cost=0.00..21735.35 rows=1380035 width=4) (actual time=0.015..405.501 rows=1380035 loops=1)
              ->  Hash  (cost=67604.59..67604.59 rows=860373 width=4) (actual time=1425.737..1425.737 rows=854214 loops=1)
                    Buckets: 131072  Batches: 16  Memory Usage: 2897kB
                    ->  Seq Scan on title t  (cost=0.00..67604.59 rows=860373 width=4) (actual time=0.016..1157.664 rows=854214 loops=1)
                          Filter: (kind_id < 4)
                          Rows Removed by Filter: 1674098
Planning time: 1.170 ms
Execution time: 28498.317 ms
