Seq Scan on movie_keyword mk  (cost=0.00..81003.12 rows=2794030 width=0) (actual time=0.026..1507.527 rows=2783432 loops=1)
  Filter: (keyword_id < 8071)
  Rows Removed by Filter: 1740498
Planning time: 0.300 ms
Execution time: 1863.905 ms
