Hash Join  (cost=73994.33..100934.69 rows=2988 width=0) (actual time=1155.825..1690.925 rows=3513 loops=1)
  Hash Cond: (mi_idx.movie_id = t.id)
  ->  Seq Scan on movie_info_idx mi_idx  (cost=0.00..21735.35 rows=1380035 width=4) (actual time=0.012..259.206 rows=1380035 loops=1)
  ->  Hash  (cost=73925.90..73925.90 rows=5474 width=4) (actual time=1153.052..1153.052 rows=8012 loops=1)
        Buckets: 8192  Batches: 1  Memory Usage: 346kB
        ->  Seq Scan on title t  (cost=0.00..73925.90 rows=5474 width=4) (actual time=0.889..1149.245 rows=8012 loops=1)
              Filter: ((kind_id > 1) AND (production_year = 1960))
              Rows Removed by Filter: 2520300
Planning time: 0.709 ms
Execution time: 1691.483 ms
