Hash Join  (cost=208871.02..355014.61 rows=1981455 width=0) (actual time=4525.571..12171.701 rows=16120235 loops=1)
  Hash Cond: (mk.movie_id = t.id)
  ->  Seq Scan on movie_keyword mk  (cost=0.00..69693.30 rows=4523930 width=4) (actual time=0.029..1345.209 rows=4523930 loops=1)
  ->  Hash  (cost=190700.52..190700.52 rows=1107480 width=8) (actual time=4524.429..4524.429 rows=1099279 loops=1)
        Buckets: 131072  Batches: 16  Memory Usage: 3729kB
        ->  Hash Join  (cost=102767.86..190700.52 rows=1107480 width=8) (actual time=1894.155..4208.372 rows=1099279 loops=1)
              Hash Cond: (mc.movie_id = t.id)
              ->  Seq Scan on movie_companies mc  (cost=0.00..51404.11 rows=1107480 width=4) (actual time=0.027..976.583 rows=1099279 loops=1)
                    Filter: (company_id < 7550)
                    Rows Removed by Filter: 1509850
              ->  Hash  (cost=61283.27..61283.27 rows=2528527 width=4) (actual time=1893.070..1893.070 rows=2528312 loops=1)
                    Buckets: 131072  Batches: 64  Memory Usage: 2415kB
                    ->  Seq Scan on title t  (cost=0.00..61283.27 rows=2528527 width=4) (actual time=0.013..1051.153 rows=2528312 loops=1)
Planning time: 1.138 ms
Execution time: 13963.024 ms
