Hash Join  (cost=89201.08..231498.13 rows=1665801 width=0) (actual time=1622.188..5387.947 rows=888859 loops=1)
  Hash Cond: (mk.movie_id = t.id)
  ->  Seq Scan on movie_keyword mk  (cost=0.00..69693.30 rows=4523930 width=4) (actual time=0.011..1482.355 rows=4523930 loops=1)
  ->  Hash  (cost=73925.90..73925.90 rows=931054 width=4) (actual time=1621.318..1621.318 rows=852178 loops=1)
        Buckets: 131072  Batches: 16  Memory Usage: 2905kB
        ->  Seq Scan on title t  (cost=0.00..73925.90 rows=931054 width=4) (actual time=0.027..1334.012 rows=852178 loops=1)
              Filter: ((kind_id > 1) AND (production_year < 2004))
              Rows Removed by Filter: 1676134
Planning time: 0.707 ms
Execution time: 5494.753 ms
