Nested Loop  (cost=0.43..83072.29 rows=96 width=0) (actual time=0.772..1348.232 rows=374 loops=1)
  ->  Seq Scan on movie_keyword mk  (cost=0.00..81003.12 rows=246 width=4) (actual time=0.714..1315.635 rows=435 loops=1)
        Filter: (keyword_id = 13572)
        Rows Removed by Filter: 4523495
  ->  Index Scan using title_pkey on title t  (cost=0.43..8.40 rows=1 width=4) (actual time=0.072..0.073 rows=1 loops=435)
        Index Cond: (id = mk.movie_id)
        Filter: (kind_id < 7)
        Rows Removed by Filter: 0
Planning time: 2.112 ms
Execution time: 1348.529 ms
