Hash Join  (cost=75580.59..161120.47 rows=13813 width=0) (actual time=1188.641..2618.522 rows=26350 loops=1)
  Hash Cond: (mk.movie_id = t.id)
  ->  Seq Scan on movie_keyword mk  (cost=0.00..81003.12 rows=346299 width=4) (actual time=0.019..1294.023 rows=344667 loops=1)
        Filter: (keyword_id > 48281)
        Rows Removed by Filter: 4179263
  ->  Hash  (cost=73925.90..73925.90 rows=100855 width=4) (actual time=1187.757..1187.757 rows=111586 loops=1)
        Buckets: 131072  Batches: 2  Memory Usage: 2988kB
        ->  Seq Scan on title t  (cost=0.00..73925.90 rows=100855 width=4) (actual time=11.644..1146.656 rows=111586 loops=1)
              Filter: ((production_year < 2012) AND (kind_id = 4))
              Rows Removed by Filter: 2416726
Planning time: 0.710 ms
Execution time: 2622.231 ms
