Hash Join  (cost=102767.86..191639.57 rows=875494 width=0) (actual time=2048.673..4046.045 rows=695185 loops=1)
  Hash Cond: (mc.movie_id = t.id)
  ->  Seq Scan on movie_companies mc  (cost=0.00..57926.93 rows=875494 width=4) (actual time=0.028..1081.098 rows=695185 loops=1)
        Filter: ((company_id > 1901) AND (company_type_id < 2))
        Rows Removed by Filter: 1913944
  ->  Hash  (cost=61283.27..61283.27 rows=2528527 width=4) (actual time=2046.409..2046.409 rows=2528312 loops=1)
        Buckets: 131072  Batches: 64  Memory Usage: 2415kB
        ->  Seq Scan on title t  (cost=0.00..61283.27 rows=2528527 width=4) (actual time=0.006..1192.259 rows=2528312 loops=1)
Planning time: 0.727 ms
Execution time: 4126.932 ms
