Hash Join  (cost=244129.83..814973.29 rows=6805263 width=0) (actual time=7572.781..63740.330 rows=207300634 loops=1)
  Hash Cond: (mi.movie_id = t.id)
  ->  Seq Scan on movie_info mi  (cost=0.00..309384.22 rows=14739122 width=4) (actual time=0.019..6247.513 rows=14835720 loops=1)
  ->  Hash  (cost=224975.62..224975.62 rows=1167457 width=8) (actual time=7570.417..7570.417 rows=2824904 loops=1)
        Buckets: 131072 (originally 131072)  Batches: 64 (originally 16)  Memory Usage: 3073kB
        ->  Hash Join  (cost=78556.72..224975.62 rows=1167457 width=8) (actual time=1381.657..6051.957 rows=2824904 loops=1)
              Hash Cond: (mk.movie_id = t.id)
              ->  Seq Scan on movie_keyword mk  (cost=0.00..81003.12 rows=4422187 width=4) (actual time=0.026..1877.441 rows=4407784 loops=1)
                    Filter: (keyword_id > 110)
                    Rows Removed by Filter: 116146
              ->  Hash  (cost=67604.59..67604.59 rows=667531 width=4) (actual time=1380.630..1380.630 rows=662825 loops=1)
                    Buckets: 131072  Batches: 16  Memory Usage: 2486kB
                    ->  Seq Scan on title t  (cost=0.00..67604.59 rows=667531 width=4) (actual time=0.141..1170.457 rows=662825 loops=1)
                          Filter: (kind_id = 1)
                          Rows Removed by Filter: 1865487
Planning time: 1.122 ms
Execution time: 85142.268 ms
