Hash Join  (cost=549882.55..1603149.29 rows=10075582 width=0) (actual time=11636.226..29554.407 rows=2879204 loops=1)
  Hash Cond: (ci.movie_id = t.id)
  ->  Seq Scan on cast_info ci  (cost=0.00..796071.18 rows=11536552 width=4) (actual time=1683.411..13002.220 rows=9700111 loops=1)
        Filter: ((person_id > 2334699) AND (role_id < 10))
        Rows Removed by Filter: 26544233
  ->  Hash  (cost=513651.58..513651.58 rows=2208318 width=8) (actual time=9951.249..9951.249 rows=535381 loops=1)
        Buckets: 131072  Batches: 32  Memory Usage: 1661kB
        ->  Hash Join  (cost=92883.59..513651.58 rows=2208318 width=8) (actual time=3966.557..9787.824 rows=535381 loops=1)
              Hash Cond: (mi.movie_id = t.id)
              ->  Seq Scan on movie_info mi  (cost=0.00..346232.03 rows=3623957 width=4) (actual time=2271.085..5848.766 rows=3624977 loops=1)
                    Filter: (info_type_id < 4)
                    Rows Removed by Filter: 11210743
              ->  Hash  (cost=67604.59..67604.59 rows=1540800 width=4) (actual time=1694.259..1694.259 rows=1543264 loops=1)
                    Buckets: 131072  Batches: 32  Memory Usage: 2728kB
                    ->  Seq Scan on title t  (cost=0.00..67604.59 rows=1540800 width=4) (actual time=243.614..1204.157 rows=1543264 loops=1)
                          Filter: (kind_id = 7)
                          Rows Removed by Filter: 985048
Planning time: 12.046 ms
Execution time: 29903.075 ms
