Hash Join  (cost=159595.75..524740.04 rows=48838 width=0) (actual time=2537.268..8905.727 rows=3435 loops=1)
  Hash Cond: (mi.movie_id = t.id)
  ->  Seq Scan on movie_info mi  (cost=0.00..309384.22 rows=14739122 width=4) (actual time=0.013..3779.279 rows=14835720 loops=1)
  ->  Hash  (cost=159491.03..159491.03 rows=8378 width=8) (actual time=2452.021..2452.021 rows=444 loops=1)
        Buckets: 16384  Batches: 1  Memory Usage: 146kB
        ->  Hash Join  (cost=75587.46..159491.03 rows=8378 width=8) (actual time=1071.887..2451.784 rows=444 loops=1)
              Hash Cond: (mk.movie_id = t.id)
              ->  Seq Scan on movie_keyword mk  (cost=0.00..81003.12 rows=209245 width=4) (actual time=3.633..1294.983 rows=211261 loops=1)
                    Filter: (keyword_id > 66467)
                    Rows Removed by Filter: 4312669
              ->  Hash  (cost=73925.90..73925.90 rows=101244 width=4) (actual time=1067.111..1067.111 rows=110779 loops=1)
                    Buckets: 131072  Batches: 2  Memory Usage: 2976kB
                    ->  Seq Scan on title t  (cost=0.00..73925.90 rows=101244 width=4) (actual time=0.015..1023.788 rows=110779 loops=1)
                          Filter: ((kind_id > 4) AND (production_year = 2012))
                          Rows Removed by Filter: 2417533
Planning time: 1.121 ms
Execution time: 8906.653 ms
