Seq Scan on cast_info ci  (cost=0.00..705507.15 rows=16098086 width=0) (actual time=0.013..10992.841 rows=15991234 loops=1)
  Filter: (person_id < 1581329)
  Rows Removed by Filter: 20253110
Planning time: 0.255 ms
Execution time: 12948.522 ms
