Seq Scan on cast_info ci  (cost=0.00..796071.18 rows=187742 width=0) (actual time=4999.271..13442.131 rows=74051 loops=1)
  Filter: ((person_id < 1933242) AND (role_id > 10))
  Rows Removed by Filter: 36170293
Planning time: 0.296 ms
Execution time: 13451.395 ms
