Seq Scan on movie_info mi  (cost=0.00..346232.03 rows=4972096 width=75) (actual time=3595.803..7222.678 rows=4923966 loops=1)
  Filter: (info_type_id < 5)
  Rows Removed by Filter: 9911754
Planning time: 0.458 ms
Execution time: 7508.235 ms
