Hash Join  (cost=102767.86..188669.04 rows=752015 width=0) (actual time=2391.364..4163.018 rows=469281 loops=1)
  Hash Cond: (mc.movie_id = t.id)
  ->  Seq Scan on movie_companies mc  (cost=0.00..57926.93 rows=752015 width=4) (actual time=0.029..992.726 rows=469281 loops=1)
        Filter: ((company_id < 13273) AND (company_type_id = 2))
        Rows Removed by Filter: 2139848
  ->  Hash  (cost=61283.27..61283.27 rows=2528527 width=4) (actual time=2389.272..2389.272 rows=2528312 loops=1)
        Buckets: 131072  Batches: 64  Memory Usage: 2415kB
        ->  Seq Scan on title t  (cost=0.00..61283.27 rows=2528527 width=4) (actual time=0.016..915.903 rows=2528312 loops=1)
Planning time: 0.828 ms
Execution time: 4217.840 ms
