Hash Join  (cost=73940.96..100858.01 rows=657 width=0) (actual time=957.500..1569.866 rows=2244 loops=1)
  Hash Cond: (mi_idx.movie_id = t.id)
  ->  Seq Scan on movie_info_idx mi_idx  (cost=0.00..21735.35 rows=1380035 width=4) (actual time=0.022..339.651 rows=1380035 loops=1)
  ->  Hash  (cost=73925.90..73925.90 rows=1204 width=4) (actual time=956.681..956.681 rows=1696 loops=1)
        Buckets: 2048  Batches: 1  Memory Usage: 76kB
        ->  Seq Scan on title t  (cost=0.00..73925.90 rows=1204 width=4) (actual time=2.403..955.736 rows=1696 loops=1)
              Filter: ((kind_id = 3) AND (production_year = 1994))
              Rows Removed by Filter: 2526616
Planning time: 1.016 ms
Execution time: 1570.318 ms
