Hash Join  (cost=73929.13..100841.02 rows=141 width=0) (actual time=1635.648..1693.689 rows=3 loops=1)
  Hash Cond: (mi_idx.movie_id = t.id)
  ->  Seq Scan on movie_info_idx mi_idx  (cost=0.00..21735.35 rows=1380035 width=4) (actual time=0.026..348.512 rows=1380035 loops=1)
  ->  Hash  (cost=73925.90..73925.90 rows=258 width=4) (actual time=1071.954..1071.954 rows=3378 loops=1)
        Buckets: 4096 (originally 1024)  Batches: 1 (originally 1)  Memory Usage: 151kB
        ->  Seq Scan on title t  (cost=0.00..73925.90 rows=258 width=4) (actual time=0.029..1070.077 rows=3378 loops=1)
              Filter: ((kind_id < 7) AND (production_year > 2013))
              Rows Removed by Filter: 2524934
Planning time: 2.324 ms
Execution time: 1693.759 ms
