Seq Scan on cast_info ci  (cost=0.00..705507.15 rows=3009146 width=0) (actual time=1153.865..11096.512 rows=2933091 loops=1)
  Filter: (person_id < 285343)
  Rows Removed by Filter: 33311253
Planning time: 0.308 ms
Execution time: 11407.409 ms
