Hash Join  (cost=134865.62..501539.71 rows=201816 width=0) (actual time=2234.904..9889.949 rows=353103 loops=1)
  Hash Cond: (mi.movie_id = t.id)
  ->  Seq Scan on movie_info mi  (cost=0.00..309384.22 rows=14739122 width=4) (actual time=0.009..4351.365 rows=14835720 loops=1)
  ->  Hash  (cost=134432.84..134432.84 rows=34622 width=8) (actual time=2226.892..2226.892 rows=4085 loops=1)
        Buckets: 65536  Batches: 1  Memory Usage: 672kB
        ->  Hash Join  (cost=78556.72..134432.84 rows=34622 width=8) (actual time=1206.295..2224.626 rows=4085 loops=1)
              Hash Cond: (mc.movie_id = t.id)
              ->  Seq Scan on movie_companies mc  (cost=0.00..51404.11 rows=131143 width=4) (actual time=0.108..839.961 rows=134807 loops=1)
                    Filter: (company_id < 27)
                    Rows Removed by Filter: 2474322
              ->  Hash  (cost=67604.59..67604.59 rows=667531 width=4) (actual time=1201.606..1201.606 rows=662825 loops=1)
                    Buckets: 131072  Batches: 16  Memory Usage: 2476kB
                    ->  Seq Scan on title t  (cost=0.00..67604.59 rows=667531 width=4) (actual time=0.013..997.559 rows=662825 loops=1)
                          Filter: (kind_id = 1)
                          Rows Removed by Filter: 1865487
Planning time: 3.239 ms
Execution time: 9938.580 ms
