Hash Join  (cost=425638.34..1177720.36 rows=129289 width=0) (actual time=7049.478..25110.550 rows=501895 loops=1)
  Hash Cond: (ci.movie_id = t.id)
  ->  Seq Scan on cast_info ci  (cost=0.00..614943.12 rows=36225612 width=4) (actual time=0.022..8703.012 rows=36244344 loops=1)
  ->  Hash  (cost=425525.54..425525.54 rows=9024 width=8) (actual time=7049.212..7049.212 rows=20082 loops=1)
        Buckets: 32768 (originally 16384)  Batches: 1 (originally 1)  Memory Usage: 1041kB
        ->  Hash Join  (cost=67697.55..425525.54 rows=9024 width=8) (actual time=1555.431..7039.334 rows=20082 loops=1)
              Hash Cond: (mi.movie_id = t.id)
              ->  Seq Scan on movie_info mi  (cost=0.00..346232.03 rows=3068194 width=4) (actual time=433.825..5292.871 rows=3036719 loops=1)
                    Filter: (info_type_id = 16)
                    Rows Removed by Filter: 11799001
              ->  Hash  (cost=67604.59..67604.59 rows=7437 width=4) (actual time=1121.289..1121.289 rows=18391 loops=1)
                    Buckets: 32768 (originally 8192)  Batches: 1 (originally 1)  Memory Usage: 903kB
                    ->  Seq Scan on title t  (cost=0.00..67604.59 rows=7437 width=4) (actual time=0.072..1112.179 rows=18391 loops=1)
                          Filter: (production_year = 1985)
                          Rows Removed by Filter: 2509921
Planning time: 1.156 ms
Execution time: 25184.106 ms
