Seq Scan on movie_keyword mk  (cost=0.00..81003.12 rows=2653787 width=0) (actual time=0.013..1463.238 rows=2644971 loops=1)
  Filter: (keyword_id < 7300)
  Rows Removed by Filter: 1878959
Planning time: 0.234 ms
Execution time: 1784.451 ms
