Seq Scan on movie_keyword mk  (cost=0.00..81003.12 rows=3942825 width=0) (actual time=0.019..1556.305 rows=3945379 loops=1)
  Filter: (keyword_id < 31688)
  Rows Removed by Filter: 578551
Planning time: 4.402 ms
Execution time: 2048.975 ms
