Hash Join  (cost=58358.61..85269.18 rows=9 width=0) (actual time=934.915..1493.669 rows=150 loops=1)
  Hash Cond: (mi_idx.movie_id = t.id)
  ->  Seq Scan on movie_info_idx mi_idx  (cost=0.00..21735.35 rows=1380035 width=4) (actual time=0.018..307.430 rows=1380035 loops=1)
  ->  Hash  (cost=58358.39..58358.39 rows=17 width=8) (actual time=933.883..933.883 rows=51 loops=1)
        Buckets: 1024  Batches: 1  Memory Usage: 10kB
        ->  Nested Loop  (cost=0.43..58358.39 rows=17 width=8) (actual time=530.687..933.811 rows=51 loops=1)
              ->  Seq Scan on movie_companies mc  (cost=0.00..57926.93 rows=51 width=4) (actual time=530.629..931.984 rows=51 loops=1)
                    Filter: ((company_type_id < 2) AND (company_id = 11358))
                    Rows Removed by Filter: 2609078
              ->  Index Scan using title_pkey on title t  (cost=0.43..8.45 rows=1 width=4) (actual time=0.031..0.032 rows=1 loops=51)
                    Index Cond: (id = mc.movie_id)
                    Filter: (production_year < 1996)
Planning time: 1.202 ms
Execution time: 1493.870 ms
