Hash Join  (cost=201387.12..1153684.10 rows=3166350 width=0) (actual time=3834.841..29353.227 rows=3797485 loops=1)
  Hash Cond: (ci.movie_id = t.id)
  ->  Seq Scan on cast_info ci  (cost=0.00..796071.18 rows=10515546 width=4) (actual time=0.019..16969.788 rows=12670688 loops=1)
        Filter: ((person_id < 3016788) AND (role_id < 2))
        Rows Removed by Filter: 23573656
  ->  Hash  (cost=188895.02..188895.02 rows=761368 width=8) (actual time=3833.861..3833.861 rows=474118 loops=1)
        Buckets: 131072  Batches: 16  Memory Usage: 2174kB
        ->  Hash Join  (cost=102767.86..188895.02 rows=761368 width=8) (actual time=2047.487..3715.940 rows=474118 loops=1)
              Hash Cond: (mc.movie_id = t.id)
              ->  Seq Scan on movie_companies mc  (cost=0.00..57926.93 rows=761368 width=4) (actual time=72.715..1031.196 rows=474118 loops=1)
                    Filter: ((company_id < 13608) AND (company_type_id = 2))
                    Rows Removed by Filter: 2135011
              ->  Hash  (cost=61283.27..61283.27 rows=2528527 width=4) (actual time=1973.480..1973.480 rows=2528312 loops=1)
                    Buckets: 131072  Batches: 64  Memory Usage: 2415kB
                    ->  Seq Scan on title t  (cost=0.00..61283.27 rows=2528527 width=4) (actual time=0.019..1117.071 rows=2528312 loops=1)
Planning time: 1.151 ms
Execution time: 29798.750 ms
