Hash Join  (cost=939634.31..1466954.27 rows=4452904 width=0) (actual time=14477.613..28862.459 rows=6591029 loops=1)
  Hash Cond: (mi.movie_id = t.id)
  ->  Seq Scan on movie_info mi  (cost=0.00..309384.22 rows=14739122 width=4) (actual time=0.017..6356.130 rows=14835720 loops=1)
  ->  Hash  (cost=927100.49..927100.49 rows=763905 width=8) (actual time=14476.407..14476.407 rows=259518 loops=1)
        Buckets: 131072  Batches: 16  Memory Usage: 1666kB
        ->  Hash Join  (cost=102767.86..927100.49 rows=763905 width=8) (actual time=1968.791..14394.967 rows=259518 loops=1)
              Hash Cond: (ci.movie_id = t.id)
              ->  Seq Scan on cast_info ci  (cost=0.00..796071.18 rows=763905 width=4) (actual time=68.607..11902.372 rows=259518 loops=1)
                    Filter: ((person_id < 450381) AND (role_id > 8))
                    Rows Removed by Filter: 35984826
              ->  Hash  (cost=61283.27..61283.27 rows=2528527 width=4) (actual time=1899.255..1899.255 rows=2528312 loops=1)
                    Buckets: 131072  Batches: 64  Memory Usage: 2415kB
                    ->  Seq Scan on title t  (cost=0.00..61283.27 rows=2528527 width=4) (actual time=0.020..1053.835 rows=2528312 loops=1)
Planning time: 1.168 ms
Execution time: 29555.556 ms
