Seq Scan on cast_info ci  (cost=0.00..796071.18 rows=324 width=0) (actual time=3182.909..13667.054 rows=508 loops=1)
  Filter: ((role_id > 1) AND (person_id = 111564))
  Rows Removed by Filter: 36243836
Planning time: 0.421 ms
Execution time: 13667.259 ms
