Seq Scan on movie_companies mc  (cost=0.00..57926.93 rows=1283948 width=0) (actual time=22.770..1196.355 rows=1245048 loops=1)
  Filter: ((company_id < 163808) AND (company_type_id = 2))
  Rows Removed by Filter: 1364081
Planning time: 0.410 ms
Execution time: 1365.784 ms
