Nested Loop  (cost=87687.83..503407.02 rows=18509 width=0) (actual time=5333.263..7673.919 rows=35477 loops=1)
  ->  Hash Join  (cost=87687.40..453057.22 rows=95636 width=8) (actual time=5333.200..7396.094 rows=35477 loops=1)
        Hash Cond: (mi.movie_id = mc.movie_id)
        ->  Seq Scan on movie_info mi  (cost=0.00..346232.03 rows=17937 width=4) (actual time=3516.429..5129.480 rows=4339 loops=1)
              Filter: (info_type_id = 35)
              Rows Removed by Filter: 14831381
        ->  Hash  (cost=44881.29..44881.29 rows=2609129 width=4) (actual time=1815.842..1815.842 rows=2609129 loops=1)
              Buckets: 131072  Batches: 64  Memory Usage: 2532kB
              ->  Seq Scan on movie_companies mc  (cost=0.00..44881.29 rows=2609129 width=4) (actual time=0.029..941.872 rows=2609129 loops=1)
  ->  Index Only Scan using title_pkey on title t  (cost=0.43..0.52 rows=1 width=4) (actual time=0.007..0.007 rows=1 loops=35477)
        Index Cond: (id = mc.movie_id)
        Heap Fetches: 35477
Planning time: 1.129 ms
Execution time: 7680.093 ms
