Hash Join  (cost=219701.64..264997.18 rows=443106 width=0) (actual time=4309.187..5504.149 rows=426663 loops=1)
  Hash Cond: (mi_idx.movie_id = t.id)
  ->  Seq Scan on movie_info_idx mi_idx  (cost=0.00..21735.35 rows=1380035 width=4) (actual time=0.023..446.306 rows=1380035 loops=1)
  ->  Hash  (cost=206381.30..206381.30 rows=811867 width=8) (actual time=4308.123..4308.123 rows=310997 loops=1)
        Buckets: 131072  Batches: 16  Memory Usage: 1784kB
        ->  Hash Join  (cost=94973.51..206381.30 rows=811867 width=8) (actual time=1702.023..4216.504 rows=310997 loops=1)
              Hash Cond: (mk.movie_id = t.id)
              ->  Seq Scan on movie_keyword mk  (cost=0.00..81003.12 rows=1230599 width=4) (actual time=0.026..1574.196 rows=1239555 loops=1)
                    Filter: (keyword_id < 1578)
                    Rows Removed by Filter: 3284375
              ->  Hash  (cost=67604.59..67604.59 rows=1668154 width=4) (actual time=1700.705..1700.705 rows=1674098 loops=1)
                    Buckets: 131072  Batches: 32  Memory Usage: 2875kB
                    ->  Seq Scan on title t  (cost=0.00..67604.59 rows=1668154 width=4) (actual time=0.025..1164.258 rows=1674098 loops=1)
                          Filter: (kind_id > 3)
                          Rows Removed by Filter: 854214
Planning time: 1.140 ms
Execution time: 5554.247 ms
