Hash Join  (cost=123741.96..191651.40 rows=96414 width=0) (actual time=2531.135..4166.534 rows=496102 loops=1)
  Hash Cond: (mc.movie_id = t.id)
  ->  Seq Scan on movie_companies mc  (cost=0.00..51404.11 rows=1279517 width=4) (actual time=0.018..1023.814 rows=1274246 loops=1)
        Filter: (company_type_id < 2)
        Rows Removed by Filter: 1334883
  ->  Hash  (cost=120615.34..120615.34 rows=190530 width=8) (actual time=2530.290..2530.290 rows=246428 loops=1)
        Buckets: 131072  Batches: 4  Memory Usage: 3430kB
        ->  Hash Join  (cost=79653.55..120615.34 rows=190530 width=8) (actual time=1565.139..2453.881 rows=246428 loops=1)
              Hash Cond: (mi_idx.movie_id = t.id)
              ->  Seq Scan on movie_info_idx mi_idx  (cost=0.00..21735.35 rows=1380035 width=4) (actual time=0.020..448.547 rows=1380035 loops=1)
              ->  Hash  (cost=73925.90..73925.90 rows=349092 width=4) (actual time=1296.541..1296.541 rows=265275 loops=1)
                    Buckets: 131072  Batches: 8  Memory Usage: 2190kB
                    ->  Seq Scan on title t  (cost=0.00..73925.90 rows=349092 width=4) (actual time=5.346..1205.203 rows=265275 loops=1)
                          Filter: ((kind_id < 2) AND (production_year > 2001))
                          Rows Removed by Filter: 2263037
Planning time: 1.122 ms
Execution time: 4215.135 ms
