Seq Scan on title t  (cost=0.00..73925.90 rows=1386823 width=0) (actual time=126.012..1263.935 rows=1464545 loops=1)
  Filter: ((production_year > 1953) AND (kind_id = 7))
  Rows Removed by Filter: 1063767
Planning time: 0.408 ms
Execution time: 1452.914 ms
