Hash Join  (cost=501028.05..1485958.98 rows=7988251 width=0) (actual time=10346.643..40165.279 rows=25948740 loops=1)
  Hash Cond: (ci.movie_id = t.id)
  ->  Seq Scan on cast_info ci  (cost=0.00..705507.15 rows=16852607 width=4) (actual time=0.030..14229.764 rows=16709592 loops=1)
        Filter: (person_id < 1654128)
        Rows Removed by Filter: 19534752
  ->  Hash  (cost=481364.32..481364.32 rows=1198539 width=8) (actual time=10344.653..10344.653 rows=1394915 loops=1)
        Buckets: 131072 (originally 131072)  Batches: 32 (originally 16)  Memory Usage: 3073kB
        ->  Hash Join  (cost=83810.17..481364.32 rows=1198539 width=8) (actual time=6437.838..9941.619 rows=1394915 loops=1)
              Hash Cond: (mi.movie_id = t.id)
              ->  Seq Scan on movie_info mi  (cost=0.00..346232.03 rows=3068194 width=4) (actual time=4238.431..5772.891 rows=3036719 loops=1)
                    Filter: (info_type_id = 16)
                    Rows Removed by Filter: 11799001
              ->  Hash  (cost=67604.59..67604.59 rows=987727 width=4) (actual time=2198.197..2198.197 rows=985048 loops=1)
                    Buckets: 131072  Batches: 16  Memory Usage: 3197kB
                    ->  Seq Scan on title t  (cost=0.00..67604.59 rows=987727 width=4) (actual time=0.021..1210.905 rows=985048 loops=1)
                          Filter: (kind_id < 7)
                          Rows Removed by Filter: 1543264
Planning time: 1.165 ms
Execution time: 43039.022 ms
