Seq Scan on cast_info ci  (cost=0.00..796071.18 rows=5473663 width=0) (actual time=6979.616..13528.022 rows=3254093 loops=1)
  Filter: ((person_id < 1596776) AND (role_id > 3))
  Rows Removed by Filter: 32990251
Planning time: 0.308 ms
Execution time: 13910.917 ms
