Hash Join  (cost=108242.29..483450.25 rows=83747 width=0) (actual time=1887.617..9907.782 rows=224215 loops=1)
  Hash Cond: (mi.movie_id = t.id)
  ->  Seq Scan on movie_info mi  (cost=0.00..346232.03 rows=7503588 width=4) (actual time=0.010..6340.271 rows=7548855 loops=1)
        Filter: (info_type_id > 7)
        Rows Removed by Filter: 7286865
  ->  Hash  (cost=107889.53..107889.53 rows=28221 width=8) (actual time=1887.219..1887.219 rows=25535 loops=1)
        Buckets: 32768  Batches: 1  Memory Usage: 1254kB
        ->  Hash Join  (cost=76444.38..107889.53 rows=28221 width=8) (actual time=1178.401..1877.747 rows=25535 loops=1)
              Hash Cond: (mi_idx.movie_id = t.id)
              ->  Seq Scan on movie_info_idx mi_idx  (cost=0.00..25185.44 rows=464934 width=4) (actual time=0.011..480.170 rows=460185 loops=1)
                    Filter: (info_type_id > 100)
                    Rows Removed by Filter: 919850
              ->  Hash  (cost=73925.90..73925.90 rows=153478 width=4) (actual time=1177.598..1177.598 rows=134760 loops=1)
                    Buckets: 131072  Batches: 4  Memory Usage: 2216kB
                    ->  Seq Scan on title t  (cost=0.00..73925.90 rows=153478 width=4) (actual time=0.019..1131.155 rows=134760 loops=1)
                          Filter: ((kind_id < 7) AND (production_year > 2010))
                          Rows Removed by Filter: 2393552
Planning time: 0.788 ms
Execution time: 9939.060 ms
