Hash Join  (cost=236947.14..361986.99 rows=1322053 width=0) (actual time=5348.647..10116.880 rows=9805183 loops=1)
  Hash Cond: (mk.movie_id = t.id)
  ->  Seq Scan on movie_keyword mk  (cost=0.00..81003.12 rows=1855840 width=4) (actual time=0.013..1515.038 rows=1863010 loops=1)
        Filter: (keyword_id < 3142)
        Rows Removed by Filter: 2660920
  ->  Hash  (cost=207394.41..207394.41 rows=1801258 width=8) (actual time=5347.676..5347.676 rows=1806284 loops=1)
        Buckets: 131072  Batches: 32  Memory Usage: 3287kB
        ->  Hash Join  (cost=102767.86..207394.41 rows=1801258 width=8) (actual time=1952.185..4823.653 rows=1806284 loops=1)
              Hash Cond: (mc.movie_id = t.id)
              ->  Seq Scan on movie_companies mc  (cost=0.00..51404.11 rows=1801258 width=4) (actual time=14.532..1038.215 rows=1806284 loops=1)
                    Filter: (company_id > 1772)
                    Rows Removed by Filter: 802845
              ->  Hash  (cost=61283.27..61283.27 rows=2528527 width=4) (actual time=1936.055..1936.055 rows=2528312 loops=1)
                    Buckets: 131072  Batches: 64  Memory Usage: 2415kB
                    ->  Seq Scan on title t  (cost=0.00..61283.27 rows=2528527 width=4) (actual time=0.017..1090.436 rows=2528312 loops=1)
Planning time: 1.130 ms
Execution time: 11189.267 ms
