Hash Join  (cost=88913.31..453648.22 rows=7898 width=0) (actual time=1004.686..8155.343 rows=249947 loops=1)
  Hash Cond: (mi.movie_id = t.id)
  ->  Seq Scan on movie_info mi  (cost=0.00..309384.22 rows=14739122 width=4) (actual time=0.016..4247.119 rows=14835720 loops=1)
  ->  Hash  (cost=88896.37..88896.37 rows=1355 width=8) (actual time=978.863..978.863 rows=1634 loops=1)
        Buckets: 2048  Batches: 1  Memory Usage: 80kB
        ->  Nested Loop  (cost=0.43..88896.37 rows=1355 width=8) (actual time=155.041..978.006 rows=1634 loops=1)
              ->  Seq Scan on movie_companies mc  (cost=0.00..51404.11 rows=5131 width=4) (actual time=0.350..862.329 rows=4542 loops=1)
                    Filter: (company_id = 52)
                    Rows Removed by Filter: 2604587
              ->  Index Scan using title_pkey on title t  (cost=0.43..7.30 rows=1 width=4) (actual time=0.025..0.025 rows=0 loops=4542)
                    Index Cond: (id = mc.movie_id)
                    Filter: (kind_id = 1)
                    Rows Removed by Filter: 1
Planning time: 1.188 ms
Execution time: 8189.030 ms
