Seq Scan on cast_info ci  (cost=0.00..705507.15 rows=34327030 width=0) (actual time=0.023..13985.664 rows=34403836 loops=1)
  Filter: (person_id > 181480)
  Rows Removed by Filter: 1840508
Planning time: 0.431 ms
Execution time: 18202.741 ms
