Hash Join  (cost=176154.07..717362.26 rows=5754527 width=0) (actual time=3961.253..19099.167 rows=7245393 loops=1)
  Hash Cond: (mi.movie_id = t.id)
  ->  Seq Scan on movie_info mi  (cost=0.00..309384.22 rows=14739122 width=4) (actual time=0.009..6045.319 rows=14835720 loops=1)
  ->  Hash  (cost=159957.05..159957.05 rows=987201 width=8) (actual time=3958.981..3958.981 rows=749958 loops=1)
        Buckets: 131072  Batches: 16  Memory Usage: 2874kB
        ->  Hash Join  (cost=103601.52..159957.05 rows=987201 width=8) (actual time=2066.093..3729.117 rows=749958 loops=1)
              Hash Cond: (mi_idx.movie_id = t.id)
              ->  Seq Scan on movie_info_idx mi_idx  (cost=0.00..21735.35 rows=1380035 width=4) (actual time=0.028..458.932 rows=1380035 loops=1)
              ->  Hash  (cost=73925.90..73925.90 rows=1808769 width=4) (actual time=2065.252..2065.252 rows=1799609 loops=1)
                    Buckets: 131072  Batches: 32  Memory Usage: 3007kB
                    ->  Seq Scan on title t  (cost=0.00..73925.90 rows=1808769 width=4) (actual time=0.020..1492.376 rows=1799609 loops=1)
                          Filter: ((kind_id > 1) AND (production_year < 2014))
                          Rows Removed by Filter: 728703
Planning time: 1.130 ms
Execution time: 19931.586 ms
