Nested Loop  (cost=0.43..709674.40 rows=201 width=0) (actual time=4847.276..10146.948 rows=6 loops=1)
  ->  Seq Scan on cast_info ci  (cost=0.00..705507.15 rows=500 width=4) (actual time=3857.780..10145.646 rows=61 loops=1)
        Filter: (person_id = 1186454)
        Rows Removed by Filter: 36244283
  ->  Index Scan using title_pkey on title t  (cost=0.43..8.32 rows=1 width=4) (actual time=0.020..0.020 rows=0 loops=61)
        Index Cond: (id = ci.movie_id)
        Filter: ((production_year < 2008) AND (kind_id = 7))
        Rows Removed by Filter: 1
Planning time: 0.603 ms
Execution time: 10147.039 ms
