Seq Scan on cast_info ci  (cost=0.00..796071.18 rows=168 width=0) (actual time=1288.766..13007.359 rows=4 loops=1)
  Filter: ((role_id > 3) AND (person_id = 2804412))
  Rows Removed by Filter: 36244340
Planning time: 0.380 ms
Execution time: 13007.462 ms
