Hash Join  (cost=705874.48..1969088.11 rows=30717990 width=0) (actual time=16205.215..59978.243 rows=92028768 loops=1)
  Hash Cond: (ci.movie_id = t.id)
  ->  Seq Scan on cast_info ci  (cost=0.00..705507.15 rows=12726058 width=4) (actual time=698.269..14852.807 rows=12670688 loops=1)
        Filter: (role_id < 2)
        Rows Removed by Filter: 23573656
  ->  Hash  (cost=605740.91..605740.91 rows=6103325 width=8) (actual time=15505.769..15505.769 rows=6083429 loops=1)
        Buckets: 131072  Batches: 128  Memory Usage: 2875kB
        ->  Hash Join  (cost=102767.86..605740.91 rows=6103325 width=8) (actual time=3188.749..13551.807 rows=6083429 loops=1)
              Hash Cond: (mi.movie_id = t.id)
              ->  Seq Scan on movie_info mi  (cost=0.00..346232.03 rows=6103325 width=4) (actual time=1169.955..6312.785 rows=6083429 loops=1)
                    Filter: (info_type_id > 9)
                    Rows Removed by Filter: 8752291
              ->  Hash  (cost=61283.27..61283.27 rows=2528527 width=4) (actual time=2017.925..2017.925 rows=2528312 loops=1)
                    Buckets: 131072  Batches: 64  Memory Usage: 2425kB
                    ->  Seq Scan on title t  (cost=0.00..61283.27 rows=2528527 width=4) (actual time=0.022..1164.492 rows=2528312 loops=1)
Planning time: 1.167 ms
Execution time: 69840.470 ms
