Hash Join  (cost=75628.47..142689.56 rows=29899 width=0) (actual time=1529.128..2997.943 rows=33690 loops=1)
  Hash Cond: (mc.movie_id = t.id)
  ->  Seq Scan on movie_companies mc  (cost=0.00..57926.93 rows=728844 width=4) (actual time=244.574..1009.737 rows=513709 loops=1)
        Filter: ((company_id > 7851) AND (company_type_id = 1))
        Rows Removed by Filter: 2095420
  ->  Hash  (cost=73925.90..73925.90 rows=103725 width=4) (actual time=1186.823..1186.823 rows=98992 loops=1)
        Buckets: 131072  Batches: 2  Memory Usage: 2760kB
        ->  Seq Scan on title t  (cost=0.00..73925.90 rows=103725 width=4) (actual time=23.063..1152.784 rows=98992 loops=1)
              Filter: ((production_year > 2010) AND (kind_id = 1))
              Rows Removed by Filter: 2429320
Planning time: 0.837 ms
Execution time: 3002.546 ms
