Hash Join  (cost=83810.17..213212.91 rows=1124737 width=0) (actual time=1438.993..5654.203 rows=2429101 loops=1)
  Hash Cond: (mk.movie_id = t.id)
  ->  Seq Scan on movie_keyword mk  (cost=0.00..81003.12 rows=2879264 width=4) (actual time=0.024..1684.766 rows=2866746 loops=1)
        Filter: (keyword_id > 2529)
        Rows Removed by Filter: 1657184
  ->  Hash  (cost=67604.59..67604.59 rows=987727 width=4) (actual time=1437.628..1437.628 rows=985048 loops=1)
        Buckets: 131072  Batches: 16  Memory Usage: 3197kB
        ->  Seq Scan on title t  (cost=0.00..67604.59 rows=987727 width=4) (actual time=0.014..1141.968 rows=985048 loops=1)
              Filter: (kind_id < 7)
              Rows Removed by Filter: 1543264
Planning time: 0.721 ms
Execution time: 5907.768 ms
