Hash Join  (cost=102767.86..259854.01 rows=2751325 width=0) (actual time=1821.113..6647.672 rows=2743825 loops=1)
  Hash Cond: (mk.movie_id = t.id)
  ->  Seq Scan on movie_keyword mk  (cost=0.00..81003.12 rows=2751325 width=4) (actual time=0.023..1624.861 rows=2743825 loops=1)
        Filter: (keyword_id > 2879)
        Rows Removed by Filter: 1780105
  ->  Hash  (cost=61283.27..61283.27 rows=2528527 width=4) (actual time=1820.001..1820.001 rows=2528312 loops=1)
        Buckets: 131072  Batches: 64  Memory Usage: 2425kB
        ->  Seq Scan on title t  (cost=0.00..61283.27 rows=2528527 width=4) (actual time=0.009..974.072 rows=2528312 loops=1)
Planning time: 0.528 ms
Execution time: 6992.137 ms
