Hash Join  (cost=244421.18..415368.60 rows=3553247 width=0) (actual time=6499.235..17698.979 rows=30624910 loops=1)
  Hash Cond: (mk.movie_id = t.id)
  ->  Seq Scan on movie_keyword mk  (cost=0.00..69693.30 rows=4523930 width=4) (actual time=0.033..1492.845 rows=4523930 loops=1)
  ->  Hash  (cost=211838.31..211838.31 rows=1985990 width=8) (actual time=6497.545..6497.545 rows=1981965 loops=1)
        Buckets: 131072  Batches: 32  Memory Usage: 3485kB
        ->  Hash Join  (cost=102767.86..211838.31 rows=1985990 width=8) (actual time=2683.926..5881.235 rows=1981965 loops=1)
              Hash Cond: (mc.movie_id = t.id)
              ->  Seq Scan on movie_companies mc  (cost=0.00..51404.11 rows=1985990 width=4) (actual time=0.018..1084.818 rows=1981965 loops=1)
                    Filter: (company_id < 60472)
                    Rows Removed by Filter: 627164
              ->  Hash  (cost=61283.27..61283.27 rows=2528527 width=4) (actual time=2682.366..2682.366 rows=2528312 loops=1)
                    Buckets: 131072  Batches: 64  Memory Usage: 2415kB
                    ->  Seq Scan on title t  (cost=0.00..61283.27 rows=2528527 width=4) (actual time=0.017..1095.482 rows=2528312 loops=1)
Planning time: 7.591 ms
Execution time: 21188.349 ms
