Hash Join  (cost=74006.08..426090.17 rows=3932 width=0) (actual time=3309.855..6671.137 rows=15568 loops=1)
  Hash Cond: (mi.movie_id = t.id)
  ->  Seq Scan on movie_info mi  (cost=0.00..346232.03 rows=1550064 width=4) (actual time=2187.828..5358.653 rows=1533909 loops=1)
        Filter: (info_type_id = 3)
        Rows Removed by Filter: 13301811
  ->  Hash  (cost=73925.90..73925.90 rows=6414 width=4) (actual time=1037.673..1037.673 rows=7736 loops=1)
        Buckets: 8192  Batches: 1  Memory Usage: 336kB
        ->  Seq Scan on title t  (cost=0.00..73925.90 rows=6414 width=4) (actual time=33.798..1034.151 rows=7736 loops=1)
              Filter: ((kind_id = 4) AND (production_year = 2010))
              Rows Removed by Filter: 2520576
Planning time: 0.540 ms
Execution time: 6673.633 ms
