Seq Scan on cast_info ci  (cost=0.00..705507.15 rows=6144737 width=0) (actual time=513.324..11497.190 rows=6214851 loops=1)
  Filter: (person_id > 3029541)
  Rows Removed by Filter: 30029493
Planning time: 2.851 ms
Execution time: 12266.389 ms
