Hash Join  (cost=174164.03..937628.00 rows=1047746 width=0) (actual time=5910.529..18077.527 rows=1759812 loops=1)
  Hash Cond: (ci.movie_id = t.id)
  ->  Seq Scan on cast_info ci  (cost=0.00..705507.15 rows=3875296 width=4) (actual time=1841.019..11552.652 rows=3752290 loops=1)
        Filter: (person_id < 359820)
        Rows Removed by Filter: 32492054
  ->  Hash  (cost=162947.71..162947.71 rows=683626 width=8) (actual time=4058.480..4058.480 rows=524576 loops=1)
        Buckets: 131072  Batches: 16  Memory Usage: 2280kB
        ->  Hash Join  (cost=78473.92..162947.71 rows=683626 width=8) (actual time=1423.389..3751.559 rows=524576 loops=1)
              Hash Cond: (mc.movie_id = t.id)
              ->  Seq Scan on movie_companies mc  (cost=0.00..44881.29 rows=2609129 width=4) (actual time=0.035..919.974 rows=2609129 loops=1)
              ->  Hash  (cost=67604.59..67604.59 rows=662507 width=4) (actual time=1422.163..1422.163 rows=662065 loops=1)
                    Buckets: 131072  Batches: 16  Memory Usage: 2481kB
                    ->  Seq Scan on title t  (cost=0.00..67604.59 rows=662507 width=4) (actual time=0.034..1207.326 rows=662065 loops=1)
                          Filter: (production_year > 2008)
                          Rows Removed by Filter: 1866247
Planning time: 1.227 ms
Execution time: 18277.481 ms
