Hash Join  (cost=101342.22..885936.59 rows=91847 width=0) (actual time=1823.810..19516.990 rows=376588 loops=1)
  Hash Cond: (ci.movie_id = t.id)
  ->  Seq Scan on cast_info ci  (cost=0.00..705507.15 rows=20845003 width=4) (actual time=0.026..12722.818 rows=20727383 loops=1)
        Filter: (person_id < 2087291)
        Rows Removed by Filter: 15516961
  ->  Hash  (cost=101202.96..101202.96 rows=11141 width=8) (actual time=1823.623..1823.623 rows=23669 loops=1)
        Buckets: 32768 (originally 16384)  Batches: 1 (originally 1)  Memory Usage: 1181kB
        ->  Hash Join  (cost=74181.07..101202.96 rows=11141 width=8) (actual time=1174.510..1814.963 rows=23669 loops=1)
              Hash Cond: (mi_idx.movie_id = t.id)
              ->  Seq Scan on movie_info_idx mi_idx  (cost=0.00..21735.35 rows=1380035 width=4) (actual time=0.026..321.039 rows=1380035 loops=1)
              ->  Hash  (cost=73925.90..73925.90 rows=20413 width=4) (actual time=1174.221..1174.221 rows=17357 loops=1)
                    Buckets: 32768  Batches: 1  Memory Usage: 867kB
                    ->  Seq Scan on title t  (cost=0.00..73925.90 rows=20413 width=4) (actual time=2.823..1166.546 rows=17357 loops=1)
                          Filter: ((kind_id < 7) AND (production_year = 2000))
                          Rows Removed by Filter: 2510955
Planning time: 1.251 ms
Execution time: 19570.803 ms
