Seq Scan on movie_keyword mk  (cost=0.00..81003.12 rows=4152619 width=0) (actual time=0.024..1587.249 rows=4154114 loops=1)
  Filter: (keyword_id < 45686)
  Rows Removed by Filter: 369816
Planning time: 0.357 ms
Execution time: 2095.316 ms
