Hash Join  (cost=266289.22..1214072.94 rows=5158824 width=0) (actual time=16099.411..30199.136 rows=14120480 loops=1)
  Hash Cond: (ci.movie_id = t.id)
  ->  Seq Scan on cast_info ci  (cost=0.00..796071.18 rows=7267261 width=4) (actual time=10289.048..16388.128 rows=7451958 loops=1)
        Filter: ((person_id > 15640) AND (role_id = 2))
        Rows Removed by Filter: 28792386
  ->  Hash  (cost=236840.60..236840.60 rows=1794930 width=8) (actual time=5809.370..5809.370 rows=1802904 loops=1)
        Buckets: 131072  Batches: 32  Memory Usage: 3211kB
        ->  Hash Join  (cost=102767.86..236840.60 rows=1794930 width=8) (actual time=1902.579..5284.284 rows=1802904 loops=1)
              Hash Cond: (mk.movie_id = t.id)
              ->  Seq Scan on movie_keyword mk  (cost=0.00..81003.12 rows=1794930 width=4) (actual time=0.031..1589.905 rows=1802904 loops=1)
                    Filter: (keyword_id < 2925)
                    Rows Removed by Filter: 2721026
              ->  Hash  (cost=61283.27..61283.27 rows=2528527 width=4) (actual time=1901.580..1901.580 rows=2528312 loops=1)
                    Buckets: 131072  Batches: 64  Memory Usage: 2425kB
                    ->  Seq Scan on title t  (cost=0.00..61283.27 rows=2528527 width=4) (actual time=0.015..1036.502 rows=2528312 loops=1)
Planning time: 1.161 ms
Execution time: 31930.307 ms
