Seq Scan on movie_companies mc  (cost=0.00..57926.93 rows=916788 width=0) (actual time=0.025..1013.340 rows=1224593 loops=1)
  Filter: ((company_id < 38008) AND (company_type_id = 1))
  Rows Removed by Filter: 1384536
Planning time: 0.422 ms
Execution time: 1177.166 ms
