Seq Scan on cast_info ci  (cost=0.00..796071.18 rows=1125674 width=0) (actual time=7664.014..10290.458 rows=2335770 loops=1)
  Filter: ((person_id > 2691734) AND (role_id = 3))
  Rows Removed by Filter: 33908574
Planning time: 0.416 ms
Execution time: 10464.132 ms
