Hash Join  (cost=122535.74..205807.20 rows=1821 width=0) (actual time=2380.451..3773.350 rows=51762 loops=1)
  Hash Cond: (mk.movie_id = t.id)
  ->  Seq Scan on movie_keyword mk  (cost=0.00..81003.12 rows=600034 width=4) (actual time=0.025..1264.084 rows=602577 loops=1)
        Filter: (keyword_id > 30579)
        Rows Removed by Filter: 3921353
  ->  Hash  (cost=122439.81..122439.81 rows=7674 width=8) (actual time=2379.859..2379.859 rows=24726 loops=1)
        Buckets: 32768 (originally 8192)  Batches: 1 (originally 1)  Memory Usage: 1222kB
        ->  Hash Join  (cost=67697.55..122439.81 rows=7674 width=8) (actual time=1091.001..2369.530 rows=24726 loops=1)
              Hash Cond: (mc.movie_id = t.id)
              ->  Seq Scan on movie_companies mc  (cost=0.00..44881.29 rows=2609129 width=4) (actual time=0.031..631.146 rows=2609129 loops=1)
              ->  Hash  (cost=67604.59..67604.59 rows=7437 width=4) (actual time=1090.430..1090.430 rows=23040 loops=1)
                    Buckets: 32768 (originally 8192)  Batches: 1 (originally 1)  Memory Usage: 1066kB
                    ->  Seq Scan on title t  (cost=0.00..67604.59 rows=7437 width=4) (actual time=0.030..1079.747 rows=23040 loops=1)
                          Filter: (production_year = 1990)
                          Rows Removed by Filter: 2505272
Planning time: 1.004 ms
Execution time: 3780.983 ms
