Seq Scan on movie_keyword mk  (cost=0.00..81003.12 rows=1460761 width=0) (actual time=0.026..1454.784 rows=1480460 loops=1)
  Filter: (keyword_id < 2110)
  Rows Removed by Filter: 3043470
Planning time: 0.366 ms
Execution time: 1642.854 ms
