Hash Join  (cost=102767.86..1133846.17 rows=9356008 width=0) (actual time=1990.803..30003.296 rows=14578384 loops=1)
  Hash Cond: (ci.movie_id = t.id)
  ->  Seq Scan on cast_info ci  (cost=0.00..796071.18 rows=9356008 width=4) (actual time=0.033..15365.086 rows=14578384 loops=1)
        Filter: ((person_id > 2200252) AND (role_id > 1))
        Rows Removed by Filter: 21665960
  ->  Hash  (cost=61283.27..61283.27 rows=2528527 width=4) (actual time=1989.109..1989.109 rows=2528312 loops=1)
        Buckets: 131072  Batches: 64  Memory Usage: 2415kB
        ->  Seq Scan on title t  (cost=0.00..61283.27 rows=2528527 width=4) (actual time=0.013..1171.433 rows=2528312 loops=1)
Planning time: 0.783 ms
Execution time: 31774.795 ms
