Hash Join  (cost=106623.69..672693.28 rows=8913101 width=0) (actual time=2170.515..17520.301 rows=8748574 loops=1)
  Hash Cond: (mi.movie_id = t.id)
  ->  Seq Scan on movie_info mi  (cost=0.00..346232.03 rows=9476311 width=4) (actual time=0.030..6651.506 rows=9565151 loops=1)
        Filter: (info_type_id < 16)
        Rows Removed by Filter: 5270569
  ->  Hash  (cost=67604.59..67604.59 rows=2378248 width=4) (actual time=2169.372..2169.372 rows=2374571 loops=1)
        Buckets: 131072  Batches: 32  Memory Usage: 3644kB
        ->  Seq Scan on title t  (cost=0.00..67604.59 rows=2378248 width=4) (actual time=0.017..1382.931 rows=2374571 loops=1)
              Filter: (production_year > 1918)
              Rows Removed by Filter: 153741
Planning time: 0.655 ms
Execution time: 18382.441 ms
