Hash Join  (cost=190230.21..1142486.60 rows=4835461 width=0) (actual time=9121.160..30376.781 rows=14406374 loops=1)
  Hash Cond: (ci.movie_id = t.id)
  ->  Seq Scan on cast_info ci  (cost=0.00..796071.18 rows=8859626 width=4) (actual time=4999.451..16554.850 rows=12670688 loops=1)
        Filter: ((person_id < 2604214) AND (role_id = 1))
        Rows Removed by Filter: 23573656
  ->  Hash  (cost=167588.78..167588.78 rows=1380035 width=8) (actual time=4120.097..4120.097 rows=1380035 loops=1)
        Buckets: 131072  Batches: 32  Memory Usage: 2708kB
        ->  Hash Join  (cost=102767.86..167588.78 rows=1380035 width=8) (actual time=1892.529..3745.073 rows=1380035 loops=1)
              Hash Cond: (mi_idx.movie_id = t.id)
              ->  Seq Scan on movie_info_idx mi_idx  (cost=0.00..21735.35 rows=1380035 width=4) (actual time=0.023..441.086 rows=1380035 loops=1)
              ->  Hash  (cost=61283.27..61283.27 rows=2528527 width=4) (actual time=1891.702..1891.702 rows=2528312 loops=1)
                    Buckets: 131072  Batches: 64  Memory Usage: 2415kB
                    ->  Seq Scan on title t  (cost=0.00..61283.27 rows=2528527 width=4) (actual time=0.014..1064.773 rows=2528312 loops=1)
Planning time: 1.166 ms
Execution time: 31915.235 ms
