Hash Join  (cost=135654.86..1132925.38 rows=2285468 width=0) (actual time=2764.099..22746.880 rows=2107371 loops=1)
  Hash Cond: (ci.movie_id = t.id)
  ->  Seq Scan on cast_info ci  (cost=0.00..796071.18 rows=15296710 width=4) (actual time=0.029..15036.125 rows=10815785 loops=1)
        Filter: ((person_id < 2404194) AND (role_id > 1))
        Rows Removed by Filter: 25428559
  ->  Hash  (cost=129456.55..129456.55 rows=377785 width=8) (actual time=2761.756..2761.756 rows=210393 loops=1)
        Buckets: 131072  Batches: 8  Memory Usage: 2059kB
        ->  Hash Join  (cost=85282.22..129456.55 rows=377785 width=8) (actual time=1462.667..2699.189 rows=210393 loops=1)
              Hash Cond: (mi_idx.movie_id = t.id)
              ->  Seq Scan on movie_info_idx mi_idx  (cost=0.00..21735.35 rows=1380035 width=4) (actual time=0.015..504.278 rows=1380035 loops=1)
              ->  Hash  (cost=73925.90..73925.90 rows=692185 width=4) (actual time=1402.404..1402.404 rows=596495 loops=1)
                    Buckets: 131072  Batches: 16  Memory Usage: 2332kB
                    ->  Seq Scan on title t  (cost=0.00..73925.90 rows=692185 width=4) (actual time=0.023..1209.463 rows=596495 loops=1)
                          Filter: ((production_year < 2002) AND (kind_id = 7))
                          Rows Removed by Filter: 1931817
Planning time: 7.350 ms
Execution time: 22979.172 ms
