Hash Join  (cost=302981.49..813969.73 rows=6657577 width=0) (actual time=7235.301..42486.795 rows=107391138 loops=1)
  Hash Cond: (mi.movie_id = t.id)
  ->  Seq Scan on movie_info mi  (cost=0.00..346232.03 rows=6231111 width=4) (actual time=368.007..6376.464 rows=6223494 loops=1)
        Filter: (info_type_id > 8)
        Rows Removed by Filter: 8612226
  ->  Hash  (cost=258657.71..258657.71 rows=2701583 width=8) (actual time=6849.562..6849.562 rows=2695261 loops=1)
        Buckets: 131072  Batches: 64  Memory Usage: 2770kB
        ->  Hash Join  (cost=102767.86..258657.71 rows=2701583 width=8) (actual time=1943.960..6045.556 rows=2695261 loops=1)
              Hash Cond: (mk.movie_id = t.id)
              ->  Seq Scan on movie_keyword mk  (cost=0.00..81003.12 rows=2701583 width=4) (actual time=0.020..1608.277 rows=2695261 loops=1)
                    Filter: (keyword_id > 3007)
                    Rows Removed by Filter: 1828669
              ->  Hash  (cost=61283.27..61283.27 rows=2528527 width=4) (actual time=1942.293..1942.293 rows=2528312 loops=1)
                    Buckets: 131072  Batches: 64  Memory Usage: 2425kB
                    ->  Seq Scan on title t  (cost=0.00..61283.27 rows=2528527 width=4) (actual time=0.014..1102.305 rows=2528312 loops=1)
Planning time: 1.114 ms
Execution time: 54595.118 ms
