Hash Join  (cost=235133.73..1033057.48 rows=3007735 width=0) (actual time=12625.069..21587.142 rows=8818201 loops=1)
  Hash Cond: (ci.movie_id = t.id)
  ->  Seq Scan on cast_info ci  (cost=0.00..705507.15 rows=4329850 width=4) (actual time=7174.138..11538.695 rows=4381108 loops=1)
        Filter: (person_id > 3260517)
        Rows Removed by Filter: 31863236
  ->  Hash  (cost=206316.18..206316.18 rows=1756444 width=8) (actual time=5449.953..5449.953 rows=1760824 loops=1)
        Buckets: 131072  Batches: 32  Memory Usage: 3159kB
        ->  Hash Join  (cost=102767.86..206316.18 rows=1756444 width=8) (actual time=1974.458..4926.861 rows=1760824 loops=1)
              Hash Cond: (mc.movie_id = t.id)
              ->  Seq Scan on movie_companies mc  (cost=0.00..51404.11 rows=1756444 width=4) (actual time=0.026..1056.632 rows=1760824 loops=1)
                    Filter: (company_id > 2316)
                    Rows Removed by Filter: 848305
              ->  Hash  (cost=61283.27..61283.27 rows=2528527 width=4) (actual time=1973.177..1973.177 rows=2528312 loops=1)
                    Buckets: 131072  Batches: 64  Memory Usage: 2415kB
                    ->  Seq Scan on title t  (cost=0.00..61283.27 rows=2528527 width=4) (actual time=0.022..1108.651 rows=2528312 loops=1)
Planning time: 1.105 ms
Execution time: 22543.925 ms
