Nested Loop  (cost=72397.51..168388.06 rows=954 width=0) (actual time=1396.749..3034.199 rows=20328 loops=1)
  ->  Hash Join  (cost=72397.08..160676.96 rows=12838 width=8) (actual time=1396.689..2840.589 rows=20983 loops=1)
        Hash Cond: (mk.movie_id = mc.movie_id)
        ->  Seq Scan on movie_keyword mk  (cost=0.00..81003.12 rows=4826 width=4) (actual time=0.277..1213.295 rows=3189 loops=1)
              Filter: (keyword_id = 845)
              Rows Removed by Filter: 4520741
        ->  Hash  (cost=51404.11..51404.11 rows=1279517 width=4) (actual time=1390.698..1390.698 rows=1274246 loops=1)
              Buckets: 131072  Batches: 32  Memory Usage: 2474kB
              ->  Seq Scan on movie_companies mc  (cost=0.00..51404.11 rows=1279517 width=4) (actual time=21.406..984.217 rows=1274246 loops=1)
                    Filter: (company_type_id < 2)
                    Rows Removed by Filter: 1334883
  ->  Index Scan using title_pkey on title t  (cost=0.43..0.59 rows=1 width=4) (actual time=0.008..0.009 rows=1 loops=20983)
        Index Cond: (id = mc.movie_id)
        Filter: (kind_id < 7)
        Rows Removed by Filter: 0
Planning time: 0.983 ms
Execution time: 3037.745 ms
