Hash Join  (cost=164960.81..1011480.65 rows=3264481 width=0) (actual time=8411.836..23355.395 rows=7365307 loops=1)
  Hash Cond: (ci.movie_id = t.id)
  ->  Seq Scan on cast_info ci  (cost=0.00..705507.15 rows=9064503 width=4) (actual time=4542.920..12735.595 rows=9069334 loops=1)
        Filter: (person_id > 2790512)
        Rows Removed by Filter: 27175010
  ->  Hash  (cost=150020.05..150020.05 rows=910621 width=8) (actual time=3867.835..3867.835 rows=1068706 loops=1)
        Buckets: 131072  Batches: 16  Memory Usage: 3646kB
        ->  Hash Join  (cost=94978.31..150020.05 rows=910621 width=8) (actual time=1816.834..3552.083 rows=1068706 loops=1)
              Hash Cond: (mi_idx.movie_id = t.id)
              ->  Seq Scan on movie_info_idx mi_idx  (cost=0.00..21735.35 rows=1380035 width=4) (actual time=0.021..501.745 rows=1380035 loops=1)
              ->  Hash  (cost=67604.59..67604.59 rows=1668458 width=4) (actual time=1816.052..1816.052 rows=1671292 loops=1)
                    Buckets: 131072  Batches: 32  Memory Usage: 2858kB
                    ->  Seq Scan on title t  (cost=0.00..67604.59 rows=1668458 width=4) (actual time=0.034..1273.295 rows=1671292 loops=1)
                          Filter: (production_year < 2008)
                          Rows Removed by Filter: 857020
Planning time: 1.236 ms
Execution time: 24230.096 ms
