Seq Scan on movie_keyword mk  (cost=0.00..81003.12 rows=1194163 width=0) (actual time=0.030..1467.352 rows=1202333 loops=1)
  Filter: (keyword_id > 15267)
  Rows Removed by Filter: 3321597
Planning time: 0.299 ms
Execution time: 1619.062 ms
