Hash Join  (cost=126590.31..213260.50 rows=1215 width=0) (actual time=2199.931..3962.595 rows=4505 loops=1)
  Hash Cond: (mk.movie_id = t.id)
  ->  Seq Scan on movie_keyword mk  (cost=0.00..69693.30 rows=4523930 width=4) (actual time=0.017..964.469 rows=4523930 loops=1)
  ->  Hash  (cost=126581.82..126581.82 rows=679 width=8) (actual time=2197.635..2197.635 rows=637 loops=1)
        Buckets: 1024  Batches: 1  Memory Usage: 33kB
        ->  Hash Join  (cost=73994.33..126581.82 rows=679 width=8) (actual time=1244.849..2197.251 rows=637 loops=1)
              Hash Cond: (mc.movie_id = t.id)
              ->  Seq Scan on movie_companies mc  (cost=0.00..51404.11 rows=313757 width=4) (actual time=0.023..889.055 rows=313732 loops=1)
                    Filter: (company_id > 92222)
                    Rows Removed by Filter: 2295397
              ->  Hash  (cost=73925.90..73925.90 rows=5474 width=4) (actual time=1242.619..1242.619 rows=18793 loops=1)
                    Buckets: 32768 (originally 8192)  Batches: 1 (originally 1)  Memory Usage: 917kB
                    ->  Seq Scan on title t  (cost=0.00..73925.90 rows=5474 width=4) (actual time=0.247..1233.766 rows=18793 loops=1)
                          Filter: ((kind_id > 1) AND (production_year = 1991))
                          Rows Removed by Filter: 2509519
Planning time: 1.163 ms
Execution time: 3963.500 ms
