Hash Join  (cost=101742.09..158045.33 rows=10094 width=0) (actual time=1923.595..3170.463 rows=32442 loops=1)
  Hash Cond: (mc.movie_id = t.id)
  ->  Seq Scan on movie_companies mc  (cost=0.00..51404.11 rows=1279517 width=4) (actual time=0.028..994.134 rows=1274246 loops=1)
        Filter: (company_type_id < 2)
        Rows Removed by Filter: 1334883
  ->  Hash  (cost=101492.74..101492.74 rows=19948 width=8) (actual time=1917.163..1917.163 rows=24564 loops=1)
        Buckets: 32768  Batches: 1  Memory Usage: 1216kB
        ->  Hash Join  (cost=74382.78..101492.74 rows=19948 width=8) (actual time=1220.325..1908.520 rows=24564 loops=1)
              Hash Cond: (mi_idx.movie_id = t.id)
              ->  Seq Scan on movie_info_idx mi_idx  (cost=0.00..21735.35 rows=1380035 width=4) (actual time=0.023..371.967 rows=1380035 loops=1)
              ->  Hash  (cost=73925.90..73925.90 rows=36550 width=4) (actual time=1219.967..1219.967 rows=22961 loops=1)
                    Buckets: 65536  Batches: 1  Memory Usage: 1320kB
                    ->  Seq Scan on title t  (cost=0.00..73925.90 rows=36550 width=4) (actual time=581.090..1210.607 rows=22961 loops=1)
                          Filter: ((production_year > 2006) AND (kind_id = 3))
                          Rows Removed by Filter: 2505351
Planning time: 3.241 ms
Execution time: 3175.290 ms
