Seq Scan on movie_keyword mk  (cost=0.00..81003.12 rows=4038065 width=0) (actual time=0.024..1533.854 rows=4042931 loops=1)
  Filter: (keyword_id < 37215)
  Rows Removed by Filter: 480999
Planning time: 0.320 ms
Execution time: 2027.588 ms
