Hash Join  (cost=446253.54..558633.26 rows=160175 width=0) (actual time=7450.987..10291.145 rows=725214 loops=1)
  Hash Cond: (mk.movie_id = t.id)
  ->  Seq Scan on movie_keyword mk  (cost=0.00..81003.12 rows=2520759 width=4) (actual time=0.013..1659.491 rows=2516619 loops=1)
        Filter: (keyword_id > 3573)
        Rows Removed by Filter: 2007311
  ->  Hash  (cost=443617.18..443617.18 rows=160669 width=8) (actual time=7450.082..7450.082 rows=169128 loops=1)
        Buckets: 131072  Batches: 4  Memory Usage: 2681kB
        ->  Hash Join  (cost=87180.69..443617.18 rows=160669 width=8) (actual time=4814.926..7407.058 rows=169128 loops=1)
              Hash Cond: (mi.movie_id = t.id)
              ->  Seq Scan on movie_info mi  (cost=0.00..346232.03 rows=340474 width=4) (actual time=3106.050..5354.370 rows=328857 loops=1)
                    Filter: (info_type_id = 98)
                    Rows Removed by Filter: 14506863
              ->  Hash  (cost=67604.59..67604.59 rows=1193208 width=4) (actual time=1707.942..1707.942 rows=1192518 loops=1)
                    Buckets: 131072  Batches: 16  Memory Usage: 3653kB
                    ->  Seq Scan on title t  (cost=0.00..67604.59 rows=1193208 width=4) (actual time=0.020..1324.783 rows=1192518 loops=1)
                          Filter: (production_year > 2003)
                          Rows Removed by Filter: 1335794
Planning time: 0.884 ms
Execution time: 10384.053 ms
