Hash Join  (cost=102767.86..208806.99 rows=629908 width=0) (actual time=1975.867..4508.419 rows=635903 loops=1)
  Hash Cond: (mk.movie_id = t.id)
  ->  Seq Scan on movie_keyword mk  (cost=0.00..81003.12 rows=629908 width=4) (actual time=0.028..1467.301 rows=635903 loops=1)
        Filter: (keyword_id > 29032)
        Rows Removed by Filter: 3888027
  ->  Hash  (cost=61283.27..61283.27 rows=2528527 width=4) (actual time=1974.143..1974.143 rows=2528312 loops=1)
        Buckets: 131072  Batches: 64  Memory Usage: 2425kB
        ->  Seq Scan on title t  (cost=0.00..61283.27 rows=2528527 width=4) (actual time=0.025..1102.997 rows=2528312 loops=1)
Planning time: 0.735 ms
Execution time: 4578.484 ms
