Hash Join  (cost=955336.78..1355525.15 rows=1397862 width=0) (actual time=16266.970..24108.532 rows=1774233 loops=1)
  Hash Cond: (mi.movie_id = t.id)
  ->  Seq Scan on movie_info mi  (cost=0.00..346232.03 rows=3068194 width=4) (actual time=0.025..5845.705 rows=3036719 loops=1)
        Filter: (info_type_id = 16)
        Rows Removed by Filter: 11799001
  ->  Hash  (cost=936436.89..936436.89 rows=1151991 width=8) (actual time=16265.919..16265.919 rows=794096 loops=1)
        Buckets: 131072  Batches: 16  Memory Usage: 2961kB
        ->  Hash Join  (cost=102767.86..936436.89 rows=1151991 width=8) (actual time=9130.751..16020.900 rows=794096 loops=1)
              Hash Cond: (ci.movie_id = t.id)
              ->  Seq Scan on cast_info ci  (cost=0.00..796071.18 rows=1151991 width=4) (actual time=7126.350..12907.011 rows=794096 loops=1)
                    Filter: ((person_id < 1009234) AND (role_id = 3))
                    Rows Removed by Filter: 35450248
              ->  Hash  (cost=61283.27..61283.27 rows=2528527 width=4) (actual time=2003.229..2003.229 rows=2528312 loops=1)
                    Buckets: 131072  Batches: 64  Memory Usage: 2415kB
                    ->  Seq Scan on title t  (cost=0.00..61283.27 rows=2528527 width=4) (actual time=0.029..1159.673 rows=2528312 loops=1)
Planning time: 1.183 ms
Execution time: 24290.543 ms
