Hash Join  (cost=75533.21..554973.63 rows=430553 width=0) (actual time=1335.340..12163.852 rows=188190 loops=1)
  Hash Cond: (mi.movie_id = t.id)
  ->  Seq Scan on movie_info mi  (cost=0.00..346232.03 rows=11115165 width=4) (actual time=0.018..6872.835 rows=11210743 loops=1)
        Filter: (info_type_id > 3)
        Rows Removed by Filter: 3624977
  ->  Hash  (cost=73925.90..73925.90 rows=97944 width=4) (actual time=1334.531..1334.531 rows=106247 loops=1)
        Buckets: 131072  Batches: 2  Memory Usage: 2896kB
        ->  Seq Scan on title t  (cost=0.00..73925.90 rows=97944 width=4) (actual time=92.715..1292.784 rows=106247 loops=1)
              Filter: ((kind_id = 7) AND (production_year = 2011))
              Rows Removed by Filter: 2422065
Planning time: 0.725 ms
Execution time: 12189.538 ms
