Hash Join  (cost=697533.99..2866255.11 rows=81654735 width=0) (actual time=15161.878..87557.949 rows=121619402 loops=1)
  Hash Cond: (ci.movie_id = t.id)
  ->  Seq Scan on cast_info ci  (cost=0.00..705507.15 rows=35010762 width=4) (actual time=0.010..17344.172 rows=35003385 loops=1)
        Filter: (person_id < 3821725)
        Rows Removed by Filter: 1240959
  ->  Hash  (cost=600781.72..600781.72 rows=5897221 width=8) (actual time=15159.246..15159.246 rows=5884963 loops=1)
        Buckets: 131072  Batches: 128  Memory Usage: 2812kB
        ->  Hash Join  (cost=102767.86..600781.72 rows=5897221 width=8) (actual time=1923.775..13564.022 rows=5884963 loops=1)
              Hash Cond: (mi.movie_id = t.id)
              ->  Seq Scan on movie_info mi  (cost=0.00..346232.03 rows=5897221 width=4) (actual time=0.029..6437.318 rows=5884963 loops=1)
                    Filter: (info_type_id < 7)
                    Rows Removed by Filter: 8950757
              ->  Hash  (cost=61283.27..61283.27 rows=2528527 width=4) (actual time=1922.623..1922.623 rows=2528312 loops=1)
                    Buckets: 131072  Batches: 64  Memory Usage: 2425kB
                    ->  Seq Scan on title t  (cost=0.00..61283.27 rows=2528527 width=4) (actual time=0.026..1098.951 rows=2528312 loops=1)
Planning time: 0.811 ms
Execution time: 101165.835 ms
