Hash Join  (cost=236467.99..1452095.96 rows=10203896 width=0) (actual time=5897.788..39361.035 rows=17389878 loops=1)
  Hash Cond: (ci.movie_id = t.id)
  ->  Seq Scan on cast_info ci  (cost=0.00..796071.18 rows=24460166 width=4) (actual time=112.765..17930.461 rows=23937623 loops=1)
        Filter: ((person_id > 783416) AND (role_id < 10))
        Rows Removed by Filter: 12306721
  ->  Hash  (cost=219161.87..219161.87 rows=1054810 width=8) (actual time=5784.092..5784.092 rows=621586 loops=1)
        Buckets: 131072  Batches: 16  Memory Usage: 2556kB
        ->  Hash Join  (cost=78473.92..219161.87 rows=1054810 width=8) (actual time=1343.363..5626.334 rows=621586 loops=1)
              Hash Cond: (mk.movie_id = t.id)
              ->  Seq Scan on movie_keyword mk  (cost=0.00..81003.12 rows=4025792 width=4) (actual time=0.029..1623.787 rows=4021945 loops=1)
                    Filter: (keyword_id > 359)
                    Rows Removed by Filter: 501985
              ->  Hash  (cost=67604.59..67604.59 rows=662507 width=4) (actual time=1341.683..1341.683 rows=662065 loops=1)
                    Buckets: 131072  Batches: 16  Memory Usage: 2488kB
                    ->  Seq Scan on title t  (cost=0.00..67604.59 rows=662507 width=4) (actual time=0.019..1114.178 rows=662065 loops=1)
                          Filter: (production_year > 2008)
                          Rows Removed by Filter: 1866247
Planning time: 2.418 ms
Execution time: 41069.052 ms
