Seq Scan on movie_keyword mk  (cost=0.00..81003.12 rows=3936580 width=0) (actual time=0.021..1571.117 rows=3937734 loops=1)
  Filter: (keyword_id < 31302)
  Rows Removed by Filter: 586196
Planning time: 0.320 ms
Execution time: 2062.108 ms
