Hash Join  (cost=175027.18..250020.11 rows=322241 width=0) (actual time=4152.389..5535.571 rows=874585 loops=1)
  Hash Cond: (mc.movie_id = t.id)
  ->  Seq Scan on movie_companies mc  (cost=0.00..57926.93 rows=886556 width=4) (actual time=368.130..1062.259 rows=711061 loops=1)
        Filter: ((company_id > 1714) AND (company_type_id < 2))
        Rows Removed by Filter: 1898068
  ->  Hash  (cost=159947.97..159947.97 rows=919057 width=8) (actual time=3783.177..3783.177 rows=920110 loops=1)
        Buckets: 131072  Batches: 16  Memory Usage: 3269kB
        ->  Hash Join  (cost=102767.86..159947.97 rows=919057 width=8) (actual time=1846.742..3511.379 rows=920110 loops=1)
              Hash Cond: (mi_idx.movie_id = t.id)
              ->  Seq Scan on movie_info_idx mi_idx  (cost=0.00..25185.44 rows=919057 width=4) (actual time=0.026..493.789 rows=920110 loops=1)
                    Filter: (info_type_id > 99)
                    Rows Removed by Filter: 459925
              ->  Hash  (cost=61283.27..61283.27 rows=2528527 width=4) (actual time=1845.103..1845.103 rows=2528312 loops=1)
                    Buckets: 131072  Batches: 64  Memory Usage: 2415kB
                    ->  Seq Scan on title t  (cost=0.00..61283.27 rows=2528527 width=4) (actual time=0.024..1034.333 rows=2528312 loops=1)
Planning time: 1.176 ms
Execution time: 5635.065 ms
