Hash Join  (cost=58375.85..143670.93 rows=24 width=0) (actual time=957.346..2491.295 rows=76 loops=1)
  Hash Cond: (mk.movie_id = t.id)
  ->  Seq Scan on movie_keyword mk  (cost=0.00..81003.12 rows=1144459 width=4) (actual time=0.032..1391.500 rows=1154563 loops=1)
        Filter: (keyword_id > 16144)
        Rows Removed by Filter: 3369367
  ->  Hash  (cost=58375.18..58375.18 rows=53 width=8) (actual time=944.511..944.511 rows=7 loops=1)
        Buckets: 1024  Batches: 1  Memory Usage: 9kB
        ->  Nested Loop  (cost=0.43..58375.18 rows=53 width=8) (actual time=131.086..944.496 rows=7 loops=1)
              ->  Seq Scan on movie_companies mc  (cost=0.00..57926.93 rows=53 width=4) (actual time=131.012..944.174 rows=7 loops=1)
                    Filter: ((company_type_id > 1) AND (company_id = 7876))
                    Rows Removed by Filter: 2609122
              ->  Index Only Scan using title_pkey on title t  (cost=0.43..8.45 rows=1 width=4) (actual time=0.040..0.041 rows=1 loops=7)
                    Index Cond: (id = mc.movie_id)
                    Heap Fetches: 7
Planning time: 1.199 ms
Execution time: 2491.416 ms
