Hash Join  (cost=101826.53..854155.54 rows=153984 width=0) (actual time=1835.378..19171.885 rows=228135 loops=1)
  Hash Cond: (ci.movie_id = t.id)
  ->  Seq Scan on cast_info ci  (cost=0.00..614943.12 rows=36225612 width=4) (actual time=0.005..9405.780 rows=36244344 loops=1)
  ->  Hash  (cost=101692.18..101692.18 rows=10748 width=8) (actual time=1833.808..1833.808 rows=6070 loops=1)
        Buckets: 16384  Batches: 1  Memory Usage: 366kB
        ->  Hash Join  (cost=74657.14..101692.18 rows=10748 width=8) (actual time=1273.131..1831.409 rows=6070 loops=1)
              Hash Cond: (mi_idx.movie_id = t.id)
              ->  Seq Scan on movie_info_idx mi_idx  (cost=0.00..25185.44 rows=464566 width=4) (actual time=0.016..442.538 rows=459925 loops=1)
                    Filter: (info_type_id = 101)
                    Rows Removed by Filter: 920110
              ->  Hash  (cost=73925.90..73925.90 rows=58499 width=4) (actual time=1232.048..1232.048 rows=62752 loops=1)
                    Buckets: 65536  Batches: 1  Memory Usage: 2719kB
                    ->  Seq Scan on title t  (cost=0.00..73925.90 rows=58499 width=4) (actual time=0.021..1207.584 rows=62752 loops=1)
                          Filter: ((kind_id = 7) AND (production_year = 2005))
                          Rows Removed by Filter: 2465560
Planning time: 1.071 ms
Execution time: 19208.330 ms
