Hash Join  (cost=164694.83..1252785.12 rows=5284613 width=0) (actual time=3983.184..38218.060 rows=16541898 loops=1)
  Hash Cond: (ci.movie_id = t.id)
  ->  Seq Scan on cast_info ci  (cost=0.00..614943.12 rows=36225612 width=4) (actual time=0.023..13208.134 rows=36244344 loops=1)
  ->  Hash  (cost=158643.04..158643.04 rows=368863 width=8) (actual time=3982.066..3982.066 rows=731413 loops=1)
        Buckets: 131072 (originally 131072)  Batches: 16 (originally 8)  Memory Usage: 3073kB
        ->  Hash Join  (cost=85435.26..158643.04 rows=368863 width=8) (actual time=1862.735..3781.987 rows=731413 loops=1)
              Hash Cond: (mc.movie_id = t.id)
              ->  Seq Scan on movie_companies mc  (cost=0.00..51404.11 rows=1329612 width=4) (actual time=19.502..1034.187 rows=1334883 loops=1)
                    Filter: (company_type_id > 1)
                    Rows Removed by Filter: 1274246
              ->  Hash  (cost=73925.90..73925.90 rows=701468 width=4) (actual time=1842.122..1842.122 rows=749931 loops=1)
                    Buckets: 131072  Batches: 16  Memory Usage: 2673kB
                    ->  Seq Scan on title t  (cost=0.00..73925.90 rows=701468 width=4) (actual time=0.031..1313.094 rows=749931 loops=1)
                          Filter: ((kind_id < 7) AND (production_year < 2009))
                          Rows Removed by Filter: 1778381
Planning time: 1.154 ms
Execution time: 39964.992 ms
