Hash Join  (cost=83810.17..203673.73 rows=883858 width=0) (actual time=1476.465..4625.355 rows=1963853 loops=1)
  Hash Cond: (mk.movie_id = t.id)
  ->  Seq Scan on movie_keyword mk  (cost=0.00..81003.12 rows=2262627 width=4) (actual time=0.025..1552.696 rows=2265817 loops=1)
        Filter: (keyword_id < 4727)
        Rows Removed by Filter: 2258113
  ->  Hash  (cost=67604.59..67604.59 rows=987727 width=4) (actual time=1475.029..1475.029 rows=985048 loops=1)
        Buckets: 131072  Batches: 16  Memory Usage: 3197kB
        ->  Seq Scan on title t  (cost=0.00..67604.59 rows=987727 width=4) (actual time=0.026..1150.022 rows=985048 loops=1)
              Filter: (kind_id < 7)
              Rows Removed by Filter: 1543264
Planning time: 0.776 ms
Execution time: 4835.061 ms
