Seq Scan on movie_keyword mk  (cost=0.00..81003.12 rows=464291 width=0) (actual time=0.022..1232.105 rows=460916 loops=1)
  Filter: (keyword_id > 38530)
  Rows Removed by Filter: 4063014
Planning time: 0.330 ms
Execution time: 1289.136 ms
