Seq Scan on movie_keyword mk  (cost=0.00..81003.12 rows=2335914 width=0) (actual time=0.011..1491.928 rows=2336505 loops=1)
  Filter: (keyword_id < 5165)
  Rows Removed by Filter: 2187425
Planning time: 0.238 ms
Execution time: 1778.630 ms
