Hash Join  (cost=100882.53..162528.93 rows=7917 width=0) (actual time=1817.641..2989.128 rows=11298 loops=1)
  Hash Cond: (mc.movie_id = t.id)
  ->  Seq Scan on movie_companies mc  (cost=0.00..57926.93 rows=970745 width=4) (actual time=0.019..1012.841 rows=662409 loops=1)
        Filter: ((company_id < 44018) AND (company_type_id = 2))
        Rows Removed by Filter: 1946720
  ->  Hash  (cost=100624.76..100624.76 rows=20621 width=8) (actual time=1817.396..1817.396 rows=19339 loops=1)
        Buckets: 32768  Batches: 1  Memory Usage: 1012kB
        ->  Hash Join  (cost=69460.45..100624.76 rows=20621 width=8) (actual time=1175.084..1810.928 rows=19339 loops=1)
              Hash Cond: (mi_idx.movie_id = t.id)
              ->  Seq Scan on movie_info_idx mi_idx  (cost=0.00..25185.44 rows=460978 width=4) (actual time=0.023..454.931 rows=459925 loops=1)
                    Filter: (info_type_id = 99)
                    Rows Removed by Filter: 920110
              ->  Hash  (cost=67604.59..67604.59 rows=113109 width=4) (actual time=1174.179..1174.179 rows=119565 loops=1)
                    Buckets: 131072  Batches: 2  Memory Usage: 3115kB
                    ->  Seq Scan on title t  (cost=0.00..67604.59 rows=113109 width=4) (actual time=0.020..1129.713 rows=119565 loops=1)
                          Filter: (production_year = 2007)
                          Rows Removed by Filter: 2408747
Planning time: 1.212 ms
Execution time: 2991.095 ms
