Seq Scan on cast_info ci  (cost=0.00..705507.15 rows=500 width=0) (actual time=1652.533..10914.775 rows=242 loops=1)
  Filter: (person_id = 3367474)
  Rows Removed by Filter: 36244102
Planning time: 0.402 ms
Execution time: 10914.922 ms
