Seq Scan on cast_info ci  (cost=0.00..705507.15 rows=500 width=0) (actual time=2482.591..10773.590 rows=309 loops=1)
  Filter: (person_id = 1309138)
  Rows Removed by Filter: 36244035
Planning time: 0.371 ms
Execution time: 10773.762 ms
