Seq Scan on cast_info ci  (cost=0.00..796071.18 rows=3241456 width=0) (actual time=0.015..14080.700 rows=1181664 loops=1)
  Filter: ((person_id < 2791831) AND (role_id = 10))
  Rows Removed by Filter: 35062680
Planning time: 6.639 ms
Execution time: 14234.261 ms
