Seq Scan on movie_keyword mk  (cost=0.00..81003.12 rows=996035 width=0) (actual time=0.023..1395.449 rows=1005697 loops=1)
  Filter: (keyword_id > 18318)
  Rows Removed by Filter: 3518233
Planning time: 0.343 ms
Execution time: 1515.334 ms
