Hash Join  (cost=449433.56..1378950.67 rows=1572501 width=0) (actual time=7661.136..29716.710 rows=1155946 loops=1)
  Hash Cond: (ci.movie_id = t.id)
  ->  Seq Scan on cast_info ci  (cost=0.00..705507.15 rows=17938922 width=4) (actual time=1.559..14537.709 rows=17786588 loops=1)
        Filter: (person_id < 1762109)
        Rows Removed by Filter: 18457756
  ->  Hash  (cost=445796.97..445796.97 rows=221647 width=8) (actual time=7501.762..7501.762 rows=106521 loops=1)
        Buckets: 131072  Batches: 4  Memory Usage: 2060kB
        ->  Hash Join  (cost=85282.22..445796.97 rows=221647 width=8) (actual time=5794.589..7466.958 rows=106521 loops=1)
              Hash Cond: (mi.movie_id = t.id)
              ->  Seq Scan on movie_info mi  (cost=0.00..346232.03 rows=809669 width=4) (actual time=4367.267..5262.960 rows=802140 loops=1)
                    Filter: (info_type_id = 1)
                    Rows Removed by Filter: 14033580
              ->  Hash  (cost=73925.90..73925.90 rows=692185 width=4) (actual time=1426.162..1426.162 rows=596495 loops=1)
                    Buckets: 131072  Batches: 16  Memory Usage: 2338kB
                    ->  Seq Scan on title t  (cost=0.00..73925.90 rows=692185 width=4) (actual time=0.028..1223.873 rows=596495 loops=1)
                          Filter: ((production_year < 2002) AND (kind_id = 7))
                          Rows Removed by Filter: 1931817
Planning time: 1.304 ms
Execution time: 29857.155 ms
