Seq Scan on movie_companies mc  (cost=0.00..57926.93 rows=603007 width=0) (actual time=0.016..1043.725 rows=881236 loops=1)
  Filter: ((company_id > 12437) AND (company_type_id > 1))
  Rows Removed by Filter: 1727893
Planning time: 0.345 ms
Execution time: 1149.337 ms
