Hash Join  (cost=75411.94..933178.61 rows=184302 width=0) (actual time=11557.110..17961.489 rows=104830 loops=1)
  Hash Cond: (ci.movie_id = t.id)
  ->  Seq Scan on cast_info ci  (cost=0.00..796071.18 rows=5145726 width=4) (actual time=10332.883..15766.996 rows=2529990 loops=1)
        Filter: ((person_id < 3282213) AND (role_id > 8))
        Rows Removed by Filter: 33714354
  ->  Hash  (cost=73925.90..73925.90 rows=90563 width=4) (actual time=1223.280..1223.280 rows=80990 loops=1)
        Buckets: 131072  Batches: 2  Memory Usage: 2450kB
        ->  Seq Scan on title t  (cost=0.00..73925.90 rows=90563 width=4) (actual time=0.036..1191.432 rows=80990 loops=1)
              Filter: ((kind_id < 7) AND (production_year > 2011))
              Rows Removed by Filter: 2447322
Planning time: 0.836 ms
Execution time: 17976.942 ms
