Hash Join  (cost=102767.86..1206130.24 rows=12359951 width=0) (actual time=5787.570..28890.079 rows=11991047 loops=1)
  Hash Cond: (ci.movie_id = t.id)
  ->  Seq Scan on cast_info ci  (cost=0.00..796071.18 rows=12359951 width=4) (actual time=4083.976..16996.506 rows=11991047 loops=1)
        Filter: ((person_id > 95397) AND (role_id = 1))
        Rows Removed by Filter: 24253297
  ->  Hash  (cost=61283.27..61283.27 rows=2528527 width=4) (actual time=1701.777..1701.777 rows=2528312 loops=1)
        Buckets: 131072  Batches: 64  Memory Usage: 2415kB
        ->  Seq Scan on title t  (cost=0.00..61283.27 rows=2528527 width=4) (actual time=0.028..876.115 rows=2528312 loops=1)
Planning time: 0.611 ms
Execution time: 30335.765 ms
