Hash Join  (cost=206669.19..1018363.57 rows=215541 width=0) (actual time=5339.611..18050.801 rows=974020 loops=1)
  Hash Cond: (ci.movie_id = t.id)
  ->  Seq Scan on cast_info ci  (cost=0.00..796071.18 rows=975941 width=4) (actual time=430.218..12138.362 rows=670329 loops=1)
        Filter: ((person_id < 859342) AND (role_id = 3))
        Rows Removed by Filter: 35574015
  ->  Hash  (cost=197506.71..197506.71 rows=558438 width=8) (actual time=4908.556..4908.556 rows=1495636 loops=1)
        Buckets: 131072 (originally 131072)  Batches: 32 (originally 8)  Memory Usage: 3073kB
        ->  Hash Join  (cost=86252.72..197506.71 rows=558438 width=8) (actual time=1460.169..4460.488 rows=1495636 loops=1)
              Hash Cond: (mk.movie_id = t.id)
              ->  Seq Scan on movie_keyword mk  (cost=0.00..81003.12 rows=1879331 width=4) (actual time=0.032..1578.511 rows=1893516 loops=1)
                    Filter: (keyword_id < 3237)
                    Rows Removed by Filter: 2630414
              ->  Hash  (cost=73925.90..73925.90 rows=751345 width=4) (actual time=1459.115..1459.115 rows=793943 loops=1)
                    Buckets: 131072  Batches: 16  Memory Usage: 2779kB
                    ->  Seq Scan on title t  (cost=0.00..73925.90 rows=751345 width=4) (actual time=0.020..1205.649 rows=793943 loops=1)
                          Filter: ((kind_id < 7) AND (production_year < 2010))
                          Rows Removed by Filter: 1734369
Planning time: 1.242 ms
Execution time: 18158.548 ms
