Seq Scan on title t  (cost=0.00..73925.90 rows=266 width=0) (actual time=6.049..1103.950 rows=605 loops=1)
  Filter: ((kind_id = 2) AND (production_year = 1969))
  Rows Removed by Filter: 2527707
Planning time: 0.409 ms
Execution time: 1104.296 ms
