Hash Join  (cost=431898.86..1186646.94 rows=395892 width=0) (actual time=7008.704..24026.955 rows=245530 loops=1)
  Hash Cond: (ci.movie_id = t.id)
  ->  Seq Scan on cast_info ci  (cost=0.00..614943.12 rows=36225612 width=4) (actual time=0.017..8782.396 rows=36244344 loops=1)
  ->  Hash  (cost=431553.45..431553.45 rows=27633 width=8) (actual time=7008.373..7008.373 rows=8033 loops=1)
        Buckets: 32768  Batches: 1  Memory Usage: 570kB
        ->  Hash Join  (cost=75342.47..431553.45 rows=27633 width=8) (actual time=4035.802..7005.015 rows=8033 loops=1)
              Hash Cond: (mi.movie_id = t.id)
              ->  Seq Scan on movie_info mi  (cost=0.00..346232.03 rows=809768 width=4) (actual time=2842.095..5494.018 rows=802140 loops=1)
                    Filter: (info_type_id < 2)
                    Rows Removed by Filter: 14033580
              ->  Hash  (cost=73925.90..73925.90 rows=86285 width=4) (actual time=1192.790..1192.790 rows=92628 loops=1)
                    Buckets: 131072  Batches: 2  Memory Usage: 2659kB
                    ->  Seq Scan on title t  (cost=0.00..73925.90 rows=86285 width=4) (actual time=0.031..1156.954 rows=92628 loops=1)
                          Filter: ((kind_id = 7) AND (production_year = 2010))
                          Rows Removed by Filter: 2435684
Planning time: 1.311 ms
Execution time: 24078.091 ms
