Seq Scan on movie_keyword mk  (cost=0.00..81003.12 rows=246 width=0) (actual time=53.963..1207.657 rows=176 loops=1)
  Filter: (keyword_id = 1813)
  Rows Removed by Filter: 4523754
Planning time: 0.378 ms
Execution time: 1207.857 ms
