Hash Join  (cost=198227.87..720534.68 rows=3983088 width=0) (actual time=3835.293..17945.683 rows=5640905 loops=1)
  Hash Cond: (mi.movie_id = t.id)
  ->  Seq Scan on movie_info mi  (cost=0.00..309384.22 rows=14739122 width=4) (actual time=0.023..5953.147 rows=14835720 loops=1)
  ->  Hash  (cost=187016.53..187016.53 rows=683307 width=8) (actual time=3834.293..3834.293 rows=435569 loops=1)
        Buckets: 131072  Batches: 16  Memory Usage: 2089kB
        ->  Hash Join  (cost=102767.86..187016.53 rows=683307 width=8) (actual time=2067.315..3718.612 rows=435569 loops=1)
              Hash Cond: (mc.movie_id = t.id)
              ->  Seq Scan on movie_companies mc  (cost=0.00..57926.93 rows=683307 width=4) (actual time=0.031..950.892 rows=435569 loops=1)
                    Filter: ((company_id < 11391) AND (company_type_id > 1))
                    Rows Removed by Filter: 2173560
              ->  Hash  (cost=61283.27..61283.27 rows=2528527 width=4) (actual time=2065.963..2065.963 rows=2528312 loops=1)
                    Buckets: 131072  Batches: 64  Memory Usage: 2415kB
                    ->  Seq Scan on title t  (cost=0.00..61283.27 rows=2528527 width=4) (actual time=0.022..1205.484 rows=2528312 loops=1)
Planning time: 1.282 ms
Execution time: 18551.559 ms
