Hash Join  (cost=152147.56..520891.52 rows=408803 width=0) (actual time=2919.506..16525.386 rows=5507698 loops=1)
  Hash Cond: (mi.movie_id = t.id)
  ->  Seq Scan on movie_info mi  (cost=0.00..309384.22 rows=14739122 width=4) (actual time=0.015..4726.784 rows=14835720 loops=1)
  ->  Hash  (cost=151270.92..151270.92 rows=70131 width=8) (actual time=2918.722..2918.722 rows=275551 loops=1)
        Buckets: 131072 (originally 131072)  Batches: 4 (originally 1)  Memory Usage: 3706kB
        ->  Hash Join  (cost=86956.38..151270.92 rows=70131 width=8) (actual time=1472.051..2828.610 rows=275551 loops=1)
              Hash Cond: (mc.movie_id = t.id)
              ->  Seq Scan on movie_companies mc  (cost=0.00..57926.93 rows=223280 width=4) (actual time=0.031..942.809 rows=443383 loops=1)
                    Filter: ((company_id > 77897) AND (company_type_id = 2))
                    Rows Removed by Filter: 2165746
              ->  Hash  (cost=73925.90..73925.90 rows=794198 width=4) (actual time=1470.868..1470.868 rows=707863 loops=1)
                    Buckets: 131072  Batches: 16  Memory Usage: 2579kB
                    ->  Seq Scan on title t  (cost=0.00..73925.90 rows=794198 width=4) (actual time=0.019..1246.600 rows=707863 loops=1)
                          Filter: ((kind_id < 7) AND (production_year > 1973))
                          Rows Removed by Filter: 1820449
Planning time: 1.220 ms
Execution time: 17167.724 ms
