Hash Join  (cost=213619.12..955613.94 rows=815362 width=181) (actual time=5145.103..22284.413 rows=3768709 loops=1)
  Hash Cond: (mi.movie_id = t.id)
  ->  Seq Scan on movie_info mi  (cost=0.00..346232.03 rows=12665229 width=75) (actual time=0.021..8496.915 rows=12744652 loops=1)
        Filter: (info_type_id > 2)
        Rows Removed by Filter: 2091068
  ->  Hash  (cost=208881.34..208881.34 rows=162782 width=106) (actual time=5144.100..5144.100 rows=225111 loops=1)
        Buckets: 32768  Batches: 8  Memory Usage: 3866kB
        ->  Hash Join  (cost=70382.60..208881.34 rows=162782 width=106) (actual time=1414.268..4999.188 rows=225111 loops=1)
              Hash Cond: (mk.movie_id = t.id)
              ->  Seq Scan on movie_keyword mk  (cost=0.00..81003.12 rows=4022613 width=12) (actual time=0.024..2025.266 rows=4029237 loops=1)
                    Filter: (keyword_id < 36458)
                    Rows Removed by Filter: 494693
              ->  Hash  (cost=67604.59..67604.59 rows=102321 width=94) (actual time=1413.454..1413.454 rows=100537 loops=1)
                    Buckets: 32768  Batches: 4  Memory Usage: 3105kB
                    ->  Seq Scan on title t  (cost=0.00..67604.59 rows=102321 width=94) (actual time=502.931..1365.796 rows=100537 loops=1)
                          Filter: (kind_id = 3)
                          Rows Removed by Filter: 2427775
Planning time: 1.589 ms
Execution time: 22478.400 ms
