Seq Scan on title t  (cost=0.00..73925.90 rows=61239 width=0) (actual time=4.809..1140.965 rows=159561 loops=1)
  Filter: ((kind_id < 7) AND (production_year < 1949))
  Rows Removed by Filter: 2368751
Planning time: 0.230 ms
Execution time: 1160.870 ms
