Hash Join  (cost=52284.01..863033.36 rows=8 width=0) (actual time=2662.126..13952.144 rows=4 loops=1)
  Hash Cond: (ci.movie_id = t.id)
  ->  Seq Scan on cast_info ci  (cost=0.00..796071.18 rows=3914156 width=4) (actual time=61.371..12154.830 rows=7971542 loops=1)
        Filter: ((person_id < 1085824) AND (role_id = 1))
        Rows Removed by Filter: 28272802
  ->  Hash  (cost=52283.95..52283.95 rows=5 width=8) (actual time=769.545..769.545 rows=4 loops=1)
        Buckets: 1024  Batches: 1  Memory Usage: 9kB
        ->  Nested Loop  (cost=0.43..52283.95 rows=5 width=8) (actual time=399.313..769.531 rows=4 loops=1)
              ->  Seq Scan on movie_companies mc  (cost=0.00..51404.11 rows=104 width=4) (actual time=41.818..767.619 rows=63 loops=1)
                    Filter: (company_id = 16040)
                    Rows Removed by Filter: 2609066
              ->  Index Scan using title_pkey on title t  (cost=0.43..8.45 rows=1 width=4) (actual time=0.028..0.028 rows=0 loops=63)
                    Index Cond: (id = mc.movie_id)
                    Filter: (production_year = 2007)
                    Rows Removed by Filter: 1
Planning time: 1.068 ms
Execution time: 13952.314 ms
