Hash Join  (cost=90606.68..633649.53 rows=5926492 width=0) (actual time=1832.936..16592.944 rows=2894095 loops=1)
  Hash Cond: (mi.movie_id = t.id)
  ->  Seq Scan on movie_info mi  (cost=0.00..309384.22 rows=14739122 width=4) (actual time=0.057..6183.873 rows=14835720 loops=1)
  ->  Hash  (cost=73925.90..73925.90 rows=1016702 width=4) (actual time=1832.183..1832.183 rows=960113 loops=1)
        Buckets: 131072  Batches: 16  Memory Usage: 3141kB
        ->  Seq Scan on title t  (cost=0.00..73925.90 rows=1016702 width=4) (actual time=218.878..1512.048 rows=960113 loops=1)
              Filter: ((production_year < 2008) AND (kind_id = 7))
              Rows Removed by Filter: 1568199
Planning time: 0.743 ms
Execution time: 16929.485 ms
