Seq Scan on movie_companies mc  (cost=0.00..51404.11 rows=104 width=0) (actual time=397.917..873.199 rows=11 loops=1)
  Filter: (company_id = 74667)
  Rows Removed by Filter: 2609118
Planning time: 0.400 ms
Execution time: 873.279 ms
