Nested Loop  (cost=58416.24..139606.14 rows=4 width=0) (actual time=1115.106..2278.845 rows=4 loops=1)
  ->  Hash Join  (cost=58415.81..139526.76 rows=20 width=8) (actual time=1115.025..2278.575 rows=4 loops=1)
        Hash Cond: (mk.movie_id = mc.movie_id)
        ->  Seq Scan on movie_keyword mk  (cost=0.00..81003.12 rows=246 width=4) (actual time=16.796..1358.201 rows=54 loops=1)
              Filter: (keyword_id = 4359)
              Rows Removed by Filter: 4523876
        ->  Hash  (cost=57926.93..57926.93 rows=39110 width=4) (actual time=919.470..919.470 rows=65387 loops=1)
              Buckets: 65536  Batches: 1  Memory Usage: 2811kB
              ->  Seq Scan on movie_companies mc  (cost=0.00..57926.93 rows=39110 width=4) (actual time=0.053..897.614 rows=65387 loops=1)
                    Filter: ((company_id < 16) AND (company_type_id < 2))
                    Rows Removed by Filter: 2543742
  ->  Index Only Scan using title_pkey on title t  (cost=0.43..3.96 rows=1 width=4) (actual time=0.056..0.057 rows=1 loops=4)
        Index Cond: (id = mc.movie_id)
        Heap Fetches: 4
Planning time: 1.214 ms
Execution time: 2279.451 ms
