Seq Scan on title t  (cost=0.00..67604.59 rows=98613 width=0) (actual time=6.913..1117.840 rows=98579 loops=1)
  Filter: (production_year < 1924)
  Rows Removed by Filter: 2429733
Planning time: 6.095 ms
Execution time: 1131.024 ms
