Seq Scan on movie_companies mc  (cost=0.00..51404.11 rows=1081775 width=0) (actual time=80.789..662.212 rows=1093850 loops=1)
  Filter: (company_id > 14147)
  Rows Removed by Filter: 1515279
Planning time: 0.396 ms
Execution time: 763.922 ms
