Hash Join  (cost=122589.21..613437.54 rows=1034839 width=0) (actual time=2556.350..16391.291 rows=3484957 loops=1)
  Hash Cond: (mi.movie_id = t.id)
  ->  Seq Scan on movie_info mi  (cost=0.00..309384.22 rows=14739122 width=4) (actual time=0.024..5896.491 rows=14835720 loops=1)
  ->  Hash  (cost=119676.10..119676.10 rows=177529 width=8) (actual time=2555.410..2555.410 rows=216565 loops=1)
        Buckets: 131072  Batches: 4  Memory Usage: 3151kB
        ->  Hash Join  (cost=83580.70..119676.10 rows=177529 width=8) (actual time=1480.811..2479.934 rows=216565 loops=1)
              Hash Cond: (mi_idx.movie_id = t.id)
              ->  Seq Scan on movie_info_idx mi_idx  (cost=0.00..25185.44 rows=460978 width=4) (actual time=0.024..482.134 rows=459925 loops=1)
                    Filter: (info_type_id < 100)
                    Rows Removed by Filter: 920110
              ->  Hash  (cost=67604.59..67604.59 rows=973769 width=4) (actual time=1480.107..1480.107 rows=971188 loops=1)
                    Buckets: 131072  Batches: 16  Memory Usage: 3161kB
                    ->  Seq Scan on title t  (cost=0.00..67604.59 rows=973769 width=4) (actual time=0.015..1173.145 rows=971188 loops=1)
                          Filter: (production_year < 1999)
                          Rows Removed by Filter: 1557124
Planning time: 1.063 ms
Execution time: 16826.127 ms
