Seq Scan on cast_info ci  (cost=0.00..705507.15 rows=500 width=0) (actual time=6718.884..11227.942 rows=1 loops=1)
  Filter: (person_id = 809899)
  Rows Removed by Filter: 36244343
Planning time: 0.371 ms
Execution time: 11228.014 ms
