Hash Join  (cost=149322.10..281808.69 rows=860556 width=0) (actual time=3331.436..6983.790 rows=1537212 loops=1)
  Hash Cond: (mk.movie_id = t.id)
  ->  Seq Scan on movie_keyword mk  (cost=0.00..69693.30 rows=4523930 width=4) (actual time=0.014..1454.888 rows=4523930 loops=1)
  ->  Hash  (cost=141430.80..141430.80 rows=480984 width=8) (actual time=3329.943..3329.943 rows=389918 loops=1)
        Buckets: 131072  Batches: 8  Memory Usage: 2938kB
        ->  Hash Join  (cost=95637.05..141430.80 rows=480984 width=8) (actual time=1861.736..3202.748 rows=389918 loops=1)
              Hash Cond: (mi_idx.movie_id = t.id)
              ->  Seq Scan on movie_info_idx mi_idx  (cost=0.00..25185.44 rows=919057 width=4) (actual time=0.028..521.136 rows=920110 loops=1)
                    Filter: (info_type_id > 99)
                    Rows Removed by Filter: 459925
              ->  Hash  (cost=73925.90..73925.90 rows=1323292 width=4) (actual time=1860.252..1860.252 rows=1447699 loops=1)
                    Buckets: 131072  Batches: 32  Memory Usage: 2623kB
                    ->  Seq Scan on title t  (cost=0.00..73925.90 rows=1323292 width=4) (actual time=0.012..1392.667 rows=1447699 loops=1)
                          Filter: ((kind_id > 1) AND (production_year > 1988))
                          Rows Removed by Filter: 1080613
Planning time: 11.118 ms
Execution time: 7164.912 ms
