Seq Scan on cast_info ci  (cost=0.00..705507.15 rows=500 width=0) (actual time=10584.485..10881.663 rows=4 loops=1)
  Filter: (person_id = 2641242)
  Rows Removed by Filter: 36244340
Planning time: 0.363 ms
Execution time: 10881.744 ms
