Seq Scan on cast_info ci  (cost=0.00..796071.18 rows=9728358 width=0) (actual time=0.021..14424.167 rows=5420020 loops=1)
  Filter: ((person_id < 2193876) AND (role_id > 2))
  Rows Removed by Filter: 30824324
Planning time: 0.353 ms
Execution time: 15095.370 ms
