Hash Join  (cost=73962.22..825167.57 rows=41619 width=0) (actual time=1214.992..18234.354 rows=55514 loops=1)
  Hash Cond: (ci.movie_id = t.id)
  ->  Seq Scan on cast_info ci  (cost=0.00..614943.12 rows=36225612 width=4) (actual time=0.024..9150.497 rows=36244344 loops=1)
  ->  Hash  (cost=73925.90..73925.90 rows=2905 width=4) (actual time=1209.384..1209.384 rows=3316 loops=1)
        Buckets: 4096  Batches: 1  Memory Usage: 149kB
        ->  Seq Scan on title t  (cost=0.00..73925.90 rows=2905 width=4) (actual time=0.317..1207.624 rows=3316 loops=1)
              Filter: ((kind_id < 7) AND (production_year = 1955))
              Rows Removed by Filter: 2524996
Planning time: 0.822 ms
Execution time: 18246.680 ms
