Hash Join  (cost=165092.72..531153.53 rows=140488 width=0) (actual time=2874.140..10070.074 rows=480906 loops=1)
  Hash Cond: (mi.movie_id = t.id)
  ->  Seq Scan on movie_info mi  (cost=0.00..309384.22 rows=14739122 width=4) (actual time=0.023..4030.237 rows=14835720 loops=1)
  ->  Hash  (cost=164791.46..164791.46 rows=24101 width=8) (actual time=2873.874..2873.874 rows=16347 loops=1)
        Buckets: 32768  Batches: 1  Memory Usage: 895kB
        ->  Hash Join  (cost=75411.94..164791.46 rows=24101 width=8) (actual time=1219.353..2867.235 rows=16347 loops=1)
              Hash Cond: (mk.movie_id = t.id)
              ->  Seq Scan on movie_keyword mk  (cost=0.00..81003.12 rows=672901 width=4) (actual time=0.014..1400.625 rows=671159 loops=1)
                    Filter: (keyword_id < 536)
                    Rows Removed by Filter: 3852771
              ->  Hash  (cost=73925.90..73925.90 rows=90563 width=4) (actual time=1218.381..1218.381 rows=80990 loops=1)
                    Buckets: 131072  Batches: 2  Memory Usage: 2456kB
                    ->  Seq Scan on title t  (cost=0.00..73925.90 rows=90563 width=4) (actual time=0.030..1184.875 rows=80990 loops=1)
                          Filter: ((kind_id < 7) AND (production_year > 2011))
                          Rows Removed by Filter: 2447322
Planning time: 1.078 ms
Execution time: 10132.029 ms
