Hash Join  (cost=156632.57..229889.86 rows=185310 width=0) (actual time=3392.869..5089.903 rows=550078 loops=1)
  Hash Cond: (mc.movie_id = t.id)
  ->  Seq Scan on movie_companies mc  (cost=0.00..57926.93 rows=1008602 width=4) (actual time=0.014..1073.656 rows=868489 loops=1)
        Filter: ((company_id > 554) AND (company_type_id < 2))
        Rows Removed by Filter: 1740640
  ->  Hash  (cost=149010.49..149010.49 rows=464566 width=8) (actual time=3391.649..3391.649 rows=459925 loops=1)
        Buckets: 131072  Batches: 8  Memory Usage: 3275kB
        ->  Hash Join  (cost=102767.86..149010.49 rows=464566 width=8) (actual time=1925.881..3254.790 rows=459925 loops=1)
              Hash Cond: (mi_idx.movie_id = t.id)
              ->  Seq Scan on movie_info_idx mi_idx  (cost=0.00..25185.44 rows=464566 width=4) (actual time=0.020..539.206 rows=459925 loops=1)
                    Filter: (info_type_id = 101)
                    Rows Removed by Filter: 920110
              ->  Hash  (cost=61283.27..61283.27 rows=2528527 width=4) (actual time=1924.435..1924.435 rows=2528312 loops=1)
                    Buckets: 131072  Batches: 64  Memory Usage: 2415kB
                    ->  Seq Scan on title t  (cost=0.00..61283.27 rows=2528527 width=4) (actual time=0.023..1104.041 rows=2528312 loops=1)
Planning time: 1.275 ms
Execution time: 5156.878 ms
