Hash Join  (cost=102767.86..224762.69 rows=1293028 width=0) (actual time=1858.984..5091.121 rows=1304238 loops=1)
  Hash Cond: (mk.movie_id = t.id)
  ->  Seq Scan on movie_keyword mk  (cost=0.00..81003.12 rows=1293028 width=4) (actual time=0.025..1620.094 rows=1304238 loops=1)
        Filter: (keyword_id > 13476)
        Rows Removed by Filter: 3219692
  ->  Hash  (cost=61283.27..61283.27 rows=2528527 width=4) (actual time=1857.394..1857.394 rows=2528312 loops=1)
        Buckets: 131072  Batches: 64  Memory Usage: 2425kB
        ->  Seq Scan on title t  (cost=0.00..61283.27 rows=2528527 width=4) (actual time=0.020..1023.664 rows=2528312 loops=1)
Planning time: 2.489 ms
Execution time: 5232.261 ms
