Hash Join  (cost=67612.84..154282.68 rows=1181 width=0) (actual time=1104.909..2889.616 rows=5598 loops=1)
  Hash Cond: (mk.movie_id = t.id)
  ->  Seq Scan on movie_keyword mk  (cost=0.00..69693.30 rows=4523930 width=4) (actual time=0.018..963.890 rows=4523930 loops=1)
  ->  Hash  (cost=67604.59..67604.59 rows=660 width=4) (actual time=1103.601..1103.601 rows=3515 loops=1)
        Buckets: 4096 (originally 1024)  Batches: 1 (originally 1)  Memory Usage: 156kB
        ->  Seq Scan on title t  (cost=0.00..67604.59 rows=660 width=4) (actual time=0.420..1101.799 rows=3515 loops=1)
              Filter: (production_year > 2013)
              Rows Removed by Filter: 2524797
Planning time: 0.773 ms
Execution time: 2890.611 ms
