Hash Join  (cost=584208.46..1565611.56 rows=5018966 width=0) (actual time=14829.901..40459.717 rows=26526978 loops=1)
  Hash Cond: (ci.movie_id = t.id)
  ->  Seq Scan on cast_info ci  (cost=0.00..705507.15 rows=12447529 width=4) (actual time=191.777..12956.987 rows=12550457 loops=1)
        Filter: (person_id > 2427408)
        Rows Removed by Filter: 23693887
  ->  Hash  (cost=567481.38..567481.38 rows=1019527 width=8) (actual time=14636.329..14636.329 rows=1748239 loops=1)
        Buckets: 131072 (originally 131072)  Batches: 32 (originally 16)  Memory Usage: 3123kB
        ->  Hash Join  (cost=76796.18..567481.38 rows=1019527 width=8) (actual time=1132.836..14098.240 rows=1748239 loops=1)
              Hash Cond: (mi.movie_id = t.id)
              ->  Seq Scan on movie_info mi  (cost=0.00..309384.22 rows=14739122 width=4) (actual time=0.023..6162.238 rows=14835720 loops=1)
              ->  Hash  (cost=73925.90..73925.90 rows=174902 width=4) (actual time=1122.384..1122.384 rows=160286 loops=1)
                    Buckets: 131072  Batches: 4  Memory Usage: 2441kB
                    ->  Seq Scan on title t  (cost=0.00..73925.90 rows=174902 width=4) (actual time=0.020..1061.872 rows=160286 loops=1)
                          Filter: ((production_year > 2008) AND (kind_id = 1))
                          Rows Removed by Filter: 2368026
Planning time: 1.266 ms
Execution time: 43282.683 ms
