Hash Join  (cost=467076.32..1450144.09 rows=586848 width=0) (actual time=10085.613..28742.210 rows=456063 loops=1)
  Hash Cond: (ci.movie_id = t.id)
  ->  Seq Scan on cast_info ci  (cost=0.00..614943.12 rows=36225612 width=4) (actual time=0.013..9450.969 rows=36244344 loops=1)
  ->  Hash  (cost=466564.29..466564.29 rows=40962 width=8) (actual time=10084.617..10084.617 rows=28576 loops=1)
        Buckets: 65536  Batches: 1  Memory Usage: 1629kB
        ->  Hash Join  (cost=67697.55..466564.29 rows=40962 width=8) (actual time=1151.429..10065.727 rows=28576 loops=1)
              Hash Cond: (mi.movie_id = t.id)
              ->  Seq Scan on movie_info mi  (cost=0.00..346232.03 rows=13926693 width=4) (actual time=126.663..6936.145 rows=13963496 loops=1)
                    Filter: (info_type_id < 98)
                    Rows Removed by Filter: 872224
              ->  Hash  (cost=67604.59..67604.59 rows=7437 width=4) (actual time=1019.403..1019.403 rows=2543 loops=1)
                    Buckets: 8192  Batches: 1  Memory Usage: 154kB
                    ->  Seq Scan on title t  (cost=0.00..67604.59 rows=7437 width=4) (actual time=363.735..1018.165 rows=2543 loops=1)
                          Filter: (production_year = 1930)
                          Rows Removed by Filter: 2525769
Planning time: 1.254 ms
Execution time: 28801.868 ms
