Hash Join  (cost=514276.96..1747244.36 rows=14979729 width=0) (actual time=11368.862..50870.638 rows=22972377 loops=1)
  Hash Cond: (ci.movie_id = t.id)
  ->  Seq Scan on cast_info ci  (cost=0.00..614943.12 rows=36225612 width=4) (actual time=0.017..13605.350 rows=36244344 loops=1)
  ->  Hash  (cost=497122.26..497122.26 rows=1045576 width=8) (actual time=11366.638..11366.638 rows=1430610 loops=1)
        Buckets: 131072 (originally 131072)  Batches: 32 (originally 16)  Memory Usage: 3073kB
        ->  Hash Join  (cost=75570.05..497122.26 rows=1045576 width=8) (actual time=1901.032..10925.499 rows=1430610 loops=1)
              Hash Cond: (mi.movie_id = t.id)
              ->  Seq Scan on movie_info mi  (cost=0.00..346232.03 rows=5445713 width=4) (actual time=396.822..5807.465 rows=5410520 loops=1)
                    Filter: (info_type_id < 6)
                    Rows Removed by Filter: 9425200
              ->  Hash  (cost=67604.59..67604.59 rows=485477 width=4) (actual time=1497.125..1497.125 rows=479601 loops=1)
                    Buckets: 131072  Batches: 8  Memory Usage: 3131kB
                    ->  Seq Scan on title t  (cost=0.00..67604.59 rows=485477 width=4) (actual time=0.021..981.374 rows=479601 loops=1)
                          Filter: (production_year < 1978)
                          Rows Removed by Filter: 2048711
Planning time: 1.185 ms
Execution time: 53500.850 ms
