Hash Join  (cost=83958.69..127377.67 rows=333750 width=0) (actual time=1687.821..2669.969 rows=569144 loops=1)
  Hash Cond: (mi_idx.movie_id = t.id)
  ->  Seq Scan on movie_info_idx mi_idx  (cost=0.00..21735.35 rows=1380035 width=4) (actual time=0.024..428.651 rows=1380035 loops=1)
  ->  Hash  (cost=73925.90..73925.90 rows=611503 width=4) (actual time=1428.056..1428.056 rows=511129 loops=1)
        Buckets: 131072  Batches: 8  Memory Usage: 3286kB
        ->  Seq Scan on title t  (cost=0.00..73925.90 rows=611503 width=4) (actual time=606.345..1269.039 rows=511129 loops=1)
              Filter: ((production_year > 1941) AND (kind_id = 1))
              Rows Removed by Filter: 2017183
Planning time: 0.789 ms
Execution time: 2735.470 ms
