Seq Scan on cast_info ci  (cost=0.00..796071.18 rows=2631451 width=0) (actual time=9666.946..12485.463 rows=1591618 loops=1)
  Filter: ((person_id < 2435466) AND (role_id = 3))
  Rows Removed by Filter: 34652726
Planning time: 3.911 ms
Execution time: 12685.486 ms
