Hash Join  (cost=67697.55..819325.63 rows=35893 width=0) (actual time=1104.323..17209.639 rows=8667 loops=1)
  Hash Cond: (ci.movie_id = t.id)
  ->  Seq Scan on cast_info ci  (cost=0.00..705507.15 rows=12203201 width=4) (actual time=0.015..14210.815 rows=12113646 loops=1)
        Filter: (role_id > 3)
        Rows Removed by Filter: 24130698
  ->  Hash  (cost=67604.59..67604.59 rows=7437 width=4) (actual time=1071.714..1071.714 rows=3613 loops=1)
        Buckets: 8192  Batches: 1  Memory Usage: 192kB
        ->  Seq Scan on title t  (cost=0.00..67604.59 rows=7437 width=4) (actual time=405.063..1069.917 rows=3613 loops=1)
              Filter: (production_year = 1919)
              Rows Removed by Filter: 2524699
Planning time: 4.196 ms
Execution time: 17211.658 ms
