Seq Scan on movie_keyword mk  (cost=0.00..81003.12 rows=2514856 width=0) (actual time=0.017..1572.725 rows=2509077 loops=1)
  Filter: (keyword_id > 3593)
  Rows Removed by Filter: 2014853
Planning time: 0.339 ms
Execution time: 1899.529 ms
