Nested Loop  (cost=0.43..799703.28 rows=24 width=0) (actual time=3371.971..14768.398 rows=1 loops=1)
  ->  Seq Scan on cast_info ci  (cost=0.00..796071.18 rows=435 width=4) (actual time=3371.621..14766.582 rows=35 loops=1)
        Filter: ((role_id < 10) AND (person_id = 2000318))
        Rows Removed by Filter: 36244309
  ->  Index Scan using title_pkey on title t  (cost=0.43..8.34 rows=1 width=4) (actual time=0.049..0.049 rows=0 loops=35)
        Index Cond: (id = ci.movie_id)
        Filter: (production_year = 2010)
        Rows Removed by Filter: 1
Planning time: 3.719 ms
Execution time: 14768.596 ms
