Hash Join  (cost=68438.72..470571.28 rows=367543 width=0) (actual time=1113.948..11243.404 rows=269623 loops=1)
  Hash Cond: (mi.movie_id = t.id)
  ->  Seq Scan on movie_info mi  (cost=0.00..346232.03 rows=13926693 width=4) (actual time=0.016..6628.044 rows=13963496 loops=1)
        Filter: (info_type_id < 98)
        Rows Removed by Filter: 872224
  ->  Hash  (cost=67604.59..67604.59 rows=66731 width=4) (actual time=1111.918..1111.918 rows=67342 loops=1)
        Buckets: 131072  Batches: 1  Memory Usage: 3392kB
        ->  Seq Scan on title t  (cost=0.00..67604.59 rows=66731 width=4) (actual time=0.048..1084.740 rows=67342 loops=1)
              Filter: (production_year > 2012)
              Rows Removed by Filter: 2460970
Planning time: 5.412 ms
Execution time: 11282.090 ms
