Hash Join  (cost=151031.90..910955.82 rows=913475 width=0) (actual time=2631.686..22537.022 rows=925154 loops=1)
  Hash Cond: (ci.movie_id = t.id)
  ->  Seq Scan on cast_info ci  (cost=0.00..614943.12 rows=36225612 width=4) (actual time=0.023..8774.032 rows=36244344 loops=1)
  ->  Hash  (cost=150234.90..150234.90 rows=63760 width=8) (actual time=2631.111..2631.111 rows=44200 loops=1)
        Buckets: 65536  Batches: 1  Memory Usage: 2239kB
        ->  Hash Join  (cost=86252.72..150234.90 rows=63760 width=8) (actual time=1551.268..2614.055 rows=44200 loops=1)
              Hash Cond: (mc.movie_id = t.id)
              ->  Seq Scan on movie_companies mc  (cost=0.00..57926.93 rows=214574 width=4) (actual time=0.022..858.578 rows=98828 loops=1)
                    Filter: ((company_id < 302) AND (company_type_id = 2))
                    Rows Removed by Filter: 2510301
              ->  Hash  (cost=73925.90..73925.90 rows=751345 width=4) (actual time=1550.087..1550.087 rows=793943 loops=1)
                    Buckets: 131072  Batches: 16  Memory Usage: 2771kB
                    ->  Seq Scan on title t  (cost=0.00..73925.90 rows=751345 width=4) (actual time=0.024..1310.101 rows=793943 loops=1)
                          Filter: ((kind_id < 7) AND (production_year < 2010))
                          Rows Removed by Filter: 1734369
Planning time: 1.154 ms
Execution time: 22670.928 ms
