Seq Scan on movie_keyword mk  (cost=0.00..81003.12 rows=4124974 width=0) (actual time=0.021..1532.642 rows=4130348 loops=1)
  Filter: (keyword_id < 43812)
  Rows Removed by Filter: 393582
Planning time: 0.302 ms
Execution time: 2049.182 ms
