Nested Loop  (cost=0.43..78361.83 rows=1925 width=0) (actual time=452.541..766.745 rows=42 loops=1)
  ->  Seq Scan on movie_companies mc  (cost=0.00..57926.93 rows=2615 width=4) (actual time=452.466..765.068 rows=46 loops=1)
        Filter: ((company_id = 52) AND (company_type_id = 2))
        Rows Removed by Filter: 2609083
  ->  Index Scan using title_pkey on title t  (cost=0.43..7.80 rows=1 width=4) (actual time=0.033..0.033 rows=1 loops=46)
        Index Cond: (id = mc.movie_id)
        Filter: (kind_id > 1)
        Rows Removed by Filter: 0
Planning time: 0.754 ms
Execution time: 766.879 ms
