Hash Join  (cost=365666.80..1457728.28 rows=14567153 width=0) (actual time=11990.713..48130.089 rows=71368608 loops=1)
  Hash Cond: (ci.movie_id = t.id)
  ->  Seq Scan on cast_info ci  (cost=0.00..796071.18 rows=8741702 width=4) (actual time=3471.114..15220.300 rows=10069608 loops=1)
        Filter: ((person_id > 993943) AND (role_id > 3))
        Rows Removed by Filter: 26174736
  ->  Hash  (cost=296537.65..296537.65 rows=4213532 width=8) (actual time=8517.870..8517.870 rows=4427961 loops=1)
        Buckets: 131072  Batches: 64  Memory Usage: 3756kB
        ->  Hash Join  (cost=106271.04..296537.65 rows=4213532 width=8) (actual time=2058.152..7341.236 rows=4427961 loops=1)
              Hash Cond: (mk.movie_id = t.id)
              ->  Seq Scan on movie_keyword mk  (cost=0.00..81003.12 rows=4520633 width=4) (actual time=0.031..1811.512 rows=4521451 loops=1)
                    Filter: (keyword_id < 131779)
                    Rows Removed by Filter: 2479
              ->  Hash  (cost=67604.59..67604.59 rows=2356756 width=4) (actual time=2056.973..2056.973 rows=2352238 loops=1)
                    Buckets: 131072  Batches: 32  Memory Usage: 3622kB
                    ->  Seq Scan on title t  (cost=0.00..67604.59 rows=2356756 width=4) (actual time=0.022..1277.833 rows=2352238 loops=1)
                          Filter: (production_year > 1925)
                          Rows Removed by Filter: 176074
Planning time: 1.147 ms
Execution time: 56082.742 ms
