Seq Scan on cast_info ci  (cost=0.00..796071.18 rows=6946732 width=0) (actual time=4758.248..15678.212 rows=7294024 loops=1)
  Filter: ((person_id > 385920) AND (role_id > 6))
  Rows Removed by Filter: 28950320
Planning time: 0.332 ms
Execution time: 16589.722 ms
