Hash Join  (cost=85435.26..465872.43 rows=608834 width=0) (actual time=1464.341..7749.057 rows=1478020 loops=1)
  Hash Cond: (mi.movie_id = t.id)
  ->  Seq Scan on movie_info mi  (cost=0.00..346232.03 rows=2194617 width=4) (actual time=0.022..4743.106 rows=2233850 loops=1)
        Filter: (info_type_id > 16)
        Rows Removed by Filter: 12601870
  ->  Hash  (cost=73925.90..73925.90 rows=701468 width=4) (actual time=1463.018..1463.018 rows=749931 loops=1)
        Buckets: 131072  Batches: 16  Memory Usage: 2682kB
        ->  Seq Scan on title t  (cost=0.00..73925.90 rows=701468 width=4) (actual time=0.038..1214.654 rows=749931 loops=1)
              Filter: ((kind_id < 7) AND (production_year < 2009))
              Rows Removed by Filter: 1778381
Planning time: 0.786 ms
Execution time: 7910.080 ms
