Seq Scan on movie_keyword mk  (cost=0.00..81003.12 rows=10707 width=0) (actual time=0.379..1243.559 rows=10307 loops=1)
  Filter: (keyword_id = 870)
  Rows Removed by Filter: 4513623
Planning time: 0.334 ms
Execution time: 1245.850 ms
