Hash Join  (cost=1272235.40..2458132.57 rows=52361103 width=0) (actual time=34168.069..92407.719 rows=160233289 loops=1)
  Hash Cond: (mi.movie_id = t.id)
  ->  Seq Scan on movie_info mi  (cost=0.00..309384.22 rows=14739122 width=4) (actual time=0.018..6497.014 rows=14835720 loops=1)
  ->  Hash  (cost=1124863.20..1124863.20 rows=8982656 width=8) (actual time=34163.020..34163.020 rows=12670688 loops=1)
        Buckets: 131072 (originally 131072)  Batches: 256 (originally 128)  Memory Usage: 3073kB
        ->  Hash Join  (cost=102767.86..1124863.20 rows=8982656 width=8) (actual time=1949.638..30074.822 rows=12670688 loops=1)
              Hash Cond: (ci.movie_id = t.id)
              ->  Seq Scan on cast_info ci  (cost=0.00..796071.18 rows=8982656 width=4) (actual time=0.029..16813.548 rows=12670688 loops=1)
                    Filter: ((person_id < 2642084) AND (role_id = 1))
                    Rows Removed by Filter: 23573656
              ->  Hash  (cost=61283.27..61283.27 rows=2528527 width=4) (actual time=1948.142..1948.142 rows=2528312 loops=1)
                    Buckets: 131072  Batches: 64  Memory Usage: 2415kB
                    ->  Seq Scan on title t  (cost=0.00..61283.27 rows=2528527 width=4) (actual time=0.016..1093.203 rows=2528312 loops=1)
Planning time: 1.126 ms
Execution time: 110055.095 ms
