Seq Scan on movie_companies mc  (cost=0.00..51404.11 rows=104 width=0) (actual time=117.840..654.574 rows=359 loops=1)
  Filter: (company_id = 1376)
  Rows Removed by Filter: 2608770
Planning time: 0.375 ms
Execution time: 654.768 ms
