Hash Join  (cost=195221.86..334014.00 rows=1378110 width=0) (actual time=4010.372..8694.455 rows=5461569 loops=1)
  Hash Cond: (mk.movie_id = t.id)
  ->  Seq Scan on movie_keyword mk  (cost=0.00..69693.30 rows=4523930 width=4) (actual time=0.012..1360.180 rows=4523930 loops=1)
  ->  Hash  (cost=182584.65..182584.65 rows=770257 width=8) (actual time=4009.155..4009.155 rows=775279 loops=1)
        Buckets: 131072  Batches: 16  Memory Usage: 2943kB
        ->  Hash Join  (cost=102767.86..182584.65 rows=770257 width=8) (actual time=1826.958..3785.271 rows=775279 loops=1)
              Hash Cond: (mc.movie_id = t.id)
              ->  Seq Scan on movie_companies mc  (cost=0.00..51404.11 rows=770257 width=4) (actual time=20.163..926.684 rows=775279 loops=1)
                    Filter: (company_id > 33239)
                    Rows Removed by Filter: 1833850
              ->  Hash  (cost=61283.27..61283.27 rows=2528527 width=4) (actual time=1804.355..1804.355 rows=2528312 loops=1)
                    Buckets: 131072  Batches: 64  Memory Usage: 2415kB
                    ->  Seq Scan on title t  (cost=0.00..61283.27 rows=2528527 width=4) (actual time=0.024..966.602 rows=2528312 loops=1)
Planning time: 1.172 ms
Execution time: 9335.347 ms
