Hash Join  (cost=96500.14..183271.77 rows=11359 width=0) (actual time=790.019..2618.508 rows=26252 loops=1)
  Hash Cond: (mk.movie_id = t.id)
  ->  Seq Scan on movie_keyword mk  (cost=0.00..69693.30 rows=4523930 width=4) (actual time=0.024..998.024 rows=4523930 loops=1)
  ->  Hash  (cost=96420.78..96420.78 rows=6349 width=8) (actual time=789.791..789.791 rows=6067 loops=1)
        Buckets: 8192  Batches: 1  Memory Usage: 301kB
        ->  Nested Loop  (cost=0.43..96420.78 rows=6349 width=8) (actual time=0.900..786.705 rows=6067 loops=1)
              ->  Seq Scan on movie_companies mc  (cost=0.00..51404.11 rows=6349 width=4) (actual time=0.843..670.575 rows=6067 loops=1)
                    Filter: (company_id = 93)
                    Rows Removed by Filter: 2603062
              ->  Index Only Scan using title_pkey on title t  (cost=0.43..7.08 rows=1 width=4) (actual time=0.018..0.018 rows=1 loops=6067)
                    Index Cond: (id = mc.movie_id)
                    Heap Fetches: 6067
Planning time: 1.096 ms
Execution time: 2622.335 ms
