Hash Join  (cost=217431.86..260627.64 rows=320730 width=0) (actual time=4310.421..5812.379 rows=1375003 loops=1)
  Hash Cond: (mi_idx.movie_id = t.id)
  ->  Seq Scan on movie_info_idx mi_idx  (cost=0.00..21735.35 rows=1380035 width=4) (actual time=0.024..490.977 rows=1380035 loops=1)
  ->  Hash  (cost=207790.26..207790.26 rows=587648 width=8) (actual time=4309.452..4309.452 rows=586422 loops=1)
        Buckets: 131072  Batches: 8  Memory Usage: 3921kB
        ->  Hash Join  (cost=102767.86..207790.26 rows=587648 width=8) (actual time=1923.995..4122.336 rows=586422 loops=1)
              Hash Cond: (mk.movie_id = t.id)
              ->  Seq Scan on movie_keyword mk  (cost=0.00..81003.12 rows=587648 width=4) (actual time=0.018..1274.720 rows=586422 loops=1)
                    Filter: (keyword_id > 31285)
                    Rows Removed by Filter: 3937508
              ->  Hash  (cost=61283.27..61283.27 rows=2528527 width=4) (actual time=1922.006..1922.006 rows=2528312 loops=1)
                    Buckets: 131072  Batches: 64  Memory Usage: 2425kB
                    ->  Seq Scan on title t  (cost=0.00..61283.27 rows=2528527 width=4) (actual time=0.012..1036.755 rows=2528312 loops=1)
Planning time: 1.136 ms
Execution time: 5968.993 ms
