Seq Scan on movie_keyword mk  (cost=0.00..81003.12 rows=588227 width=0) (actual time=0.016..1182.069 rows=587306 loops=1)
  Filter: (keyword_id > 31252)
  Rows Removed by Filter: 3936624
Planning time: 0.304 ms
Execution time: 1253.286 ms
