Hash Join  (cost=129437.25..216458.07 rows=36279 width=0) (actual time=3084.418..4034.577 rows=54810 loops=1)
  Hash Cond: (mk.movie_id = t.id)
  ->  Seq Scan on movie_keyword mk  (cost=0.00..69693.30 rows=4523930 width=4) (actual time=0.023..990.189 rows=4523930 loops=1)
  ->  Hash  (cost=129183.78..129183.78 rows=20277 width=8) (actual time=2202.977..2202.977 rows=14965 loops=1)
        Buckets: 32768  Batches: 1  Memory Usage: 841kB
        ->  Hash Join  (cost=74787.47..129183.78 rows=20277 width=8) (actual time=1464.605..2190.358 rows=14965 loops=1)
              Hash Cond: (mc.movie_id = t.id)
              ->  Seq Scan on movie_companies mc  (cost=0.00..51404.11 rows=743849 width=4) (actual time=0.026..676.277 rows=737990 loops=1)
                    Filter: (company_id < 1448)
                    Rows Removed by Filter: 1871139
              ->  Hash  (cost=73925.90..73925.90 rows=68925 width=4) (actual time=1315.373..1315.373 rows=84076 loops=1)
                    Buckets: 131072  Batches: 1  Memory Usage: 3980kB
                    ->  Seq Scan on title t  (cost=0.00..73925.90 rows=68925 width=4) (actual time=228.297..1281.223 rows=84076 loops=1)
                          Filter: ((kind_id = 7) AND (production_year = 2007))
                          Rows Removed by Filter: 2444236
Planning time: 1.115 ms
Execution time: 4041.706 ms
