Seq Scan on cast_info ci  (cost=0.00..705507.15 rows=4678884 width=0) (actual time=303.501..12020.434 rows=4578451 loops=1)
  Filter: (person_id < 442050)
  Rows Removed by Filter: 31665893
Planning time: 0.266 ms
Execution time: 12594.684 ms
