Hash Join  (cost=1018504.83..4184811.67 rows=160367420 width=0) (actual time=25857.384..144750.316 rows=346657873 loops=1)
  Hash Cond: (ci.movie_id = t.id)
  ->  Seq Scan on cast_info ci  (cost=0.00..705507.15 rows=27511364 width=4) (actual time=0.300..16701.433 rows=27642870 loops=1)
        Filter: (person_id > 845336)
        Rows Removed by Filter: 8601474
  ->  Hash  (cost=776690.81..776690.81 rows=14739122 width=8) (actual time=25854.401..25854.401 rows=14835720 loops=1)
        Buckets: 131072  Batches: 256  Memory Usage: 3268kB
        ->  Hash Join  (cost=102767.86..776690.81 rows=14739122 width=8) (actual time=2002.226..21303.733 rows=14835720 loops=1)
              Hash Cond: (mi.movie_id = t.id)
              ->  Seq Scan on movie_info mi  (cost=0.00..309384.22 rows=14739122 width=4) (actual time=0.020..6289.929 rows=14835720 loops=1)
              ->  Hash  (cost=61283.27..61283.27 rows=2528527 width=4) (actual time=2000.642..2000.642 rows=2528312 loops=1)
                    Buckets: 131072  Batches: 64  Memory Usage: 2425kB
                    ->  Seq Scan on title t  (cost=0.00..61283.27 rows=2528527 width=4) (actual time=0.026..1126.777 rows=2528312 loops=1)
Planning time: 1.227 ms
Execution time: 180189.155 ms
