Hash Join  (cost=162075.31..253205.45 rows=65048 width=0) (actual time=3392.963..5224.764 rows=301641 loops=1)
  Hash Cond: (mk.movie_id = t.id)
  ->  Seq Scan on movie_keyword mk  (cost=0.00..81003.12 rows=744943 width=4) (actual time=0.022..1423.735 rows=750555 loops=1)
        Filter: (keyword_id < 683)
        Rows Removed by Filter: 3773375
  ->  Hash  (cost=158452.45..158452.45 rows=220789 width=8) (actual time=3391.932..3391.932 rows=215914 loops=1)
        Buckets: 131072  Batches: 4  Memory Usage: 3141kB
        ->  Hash Join  (cost=87162.74..158452.45 rows=220789 width=8) (actual time=1791.172..3323.849 rows=215914 loops=1)
              Hash Cond: (mc.movie_id = t.id)
              ->  Seq Scan on movie_companies mc  (cost=0.00..57926.93 rows=691969 width=4) (actual time=281.200..1067.477 rows=438261 loops=1)
                    Filter: ((company_id < 11513) AND (company_type_id > 1))
                    Rows Removed by Filter: 2170868
              ->  Hash  (cost=73925.90..73925.90 rows=806787 width=4) (actual time=1509.096..1509.096 rows=843018 loops=1)
                    Buckets: 131072  Batches: 16  Memory Usage: 2879kB
                    ->  Seq Scan on title t  (cost=0.00..73925.90 rows=806787 width=4) (actual time=0.042..1245.067 rows=843018 loops=1)
                          Filter: ((kind_id < 7) AND (production_year < 2011))
                          Rows Removed by Filter: 1685294
Planning time: 1.100 ms
Execution time: 5262.065 ms
