Hash Join  (cost=263115.61..1493013.35 rows=21762114 width=0) (actual time=5987.760..47845.235 rows=45676622 loops=1)
  Hash Cond: (ci.movie_id = t.id)
  ->  Seq Scan on cast_info ci  (cost=0.00..705507.15 rows=21089832 width=4) (actual time=0.019..14831.976 rows=20959217 loops=1)
        Filter: (person_id < 2113535)
        Rows Removed by Filter: 15285127
  ->  Hash  (cost=220309.49..220309.49 rows=2609129 width=8) (actual time=5982.558..5982.558 rows=2609129 loops=1)
        Buckets: 131072  Batches: 64  Memory Usage: 2610kB
        ->  Hash Join  (cost=102767.86..220309.49 rows=2609129 width=8) (actual time=1873.392..5232.987 rows=2609129 loops=1)
              Hash Cond: (mc.movie_id = t.id)
              ->  Seq Scan on movie_companies mc  (cost=0.00..44881.29 rows=2609129 width=4) (actual time=0.021..861.627 rows=2609129 loops=1)
              ->  Hash  (cost=61283.27..61283.27 rows=2528527 width=4) (actual time=1871.791..1871.791 rows=2528312 loops=1)
                    Buckets: 131072  Batches: 64  Memory Usage: 2415kB
                    ->  Seq Scan on title t  (cost=0.00..61283.27 rows=2528527 width=4) (actual time=0.018..1045.460 rows=2528312 loops=1)
Planning time: 5.034 ms
Execution time: 52614.193 ms
