Seq Scan on movie_keyword mk  (cost=0.00..81003.12 rows=246 width=0) (actual time=4.040..1211.689 rows=149 loops=1)
  Filter: (keyword_id = 16905)
  Rows Removed by Filter: 4523781
Planning time: 0.381 ms
Execution time: 1211.878 ms
