Hash Join  (cost=474404.93..515690.35 rows=209393 width=0) (actual time=8322.883..9569.752 rows=1063629 loops=1)
  Hash Cond: (mi_idx.movie_id = t.id)
  ->  Seq Scan on movie_info_idx mi_idx  (cost=0.00..21735.35 rows=1380035 width=4) (actual time=0.016..382.402 rows=1380035 loops=1)
  ->  Hash  (cost=468110.26..468110.26 rows=383654 width=8) (actual time=8322.144..8322.144 rows=428651 loops=1)
        Buckets: 131072  Batches: 8  Memory Usage: 3122kB
        ->  Hash Join  (cost=102767.86..468110.26 rows=383654 width=8) (actual time=4180.853..8193.659 rows=428651 loops=1)
              Hash Cond: (mi.movie_id = t.id)
              ->  Seq Scan on movie_info mi  (cost=0.00..346232.03 rows=383654 width=4) (actual time=2184.713..5440.405 rows=428651 loops=1)
                    Filter: (info_type_id > 104)
                    Rows Removed by Filter: 14407069
              ->  Hash  (cost=61283.27..61283.27 rows=2528527 width=4) (actual time=1987.454..1987.454 rows=2528312 loops=1)
                    Buckets: 131072  Batches: 64  Memory Usage: 2425kB
                    ->  Seq Scan on title t  (cost=0.00..61283.27 rows=2528527 width=4) (actual time=0.029..1126.834 rows=2528312 loops=1)
Planning time: 0.935 ms
Execution time: 9696.374 ms
