Seq Scan on movie_companies mc  (cost=0.00..57926.93 rows=264613 width=0) (actual time=441.952..966.993 rows=396388 loops=1)
  Filter: ((company_id < 525) AND (company_type_id < 2))
  Rows Removed by Filter: 2212741
Planning time: 0.373 ms
Execution time: 1014.222 ms
