Nested Loop  (cost=0.43..83071.67 rows=246 width=0) (actual time=6.192..2178.694 rows=339 loops=1)
  ->  Seq Scan on movie_keyword mk  (cost=0.00..81003.12 rows=246 width=4) (actual time=6.127..1301.058 rows=339 loops=1)
        Filter: (keyword_id = 6099)
        Rows Removed by Filter: 4523591
  ->  Index Only Scan using title_pkey on title t  (cost=0.43..8.40 rows=1 width=4) (actual time=2.585..2.586 rows=1 loops=339)
        Index Cond: (id = mk.movie_id)
        Heap Fetches: 339
Planning time: 0.744 ms
Execution time: 2178.959 ms
