Seq Scan on cast_info ci  (cost=0.00..705507.15 rows=500 width=0) (actual time=1594.371..11627.995 rows=505 loops=1)
  Filter: (person_id = 2249059)
  Rows Removed by Filter: 36243839
Planning time: 0.367 ms
Execution time: 11628.112 ms
