Hash Join  (cost=52284.99..138944.89 rows=186 width=0) (actual time=894.192..2655.036 rows=159 loops=1)
  Hash Cond: (mk.movie_id = t.id)
  ->  Seq Scan on movie_keyword mk  (cost=0.00..69693.30 rows=4523930 width=4) (actual time=0.013..1024.543 rows=4523930 loops=1)
  ->  Hash  (cost=52283.69..52283.69 rows=104 width=8) (actual time=850.864..850.864 rows=211 loops=1)
        Buckets: 1024  Batches: 1  Memory Usage: 17kB
        ->  Nested Loop  (cost=0.43..52283.69 rows=104 width=8) (actual time=0.716..850.661 rows=211 loops=1)
              ->  Seq Scan on movie_companies mc  (cost=0.00..51404.11 rows=104 width=4) (actual time=0.651..844.648 rows=211 loops=1)
                    Filter: (company_id = 14972)
                    Rows Removed by Filter: 2608918
              ->  Index Only Scan using title_pkey on title t  (cost=0.43..8.45 rows=1 width=4) (actual time=0.026..0.026 rows=1 loops=211)
                    Index Cond: (id = mc.movie_id)
                    Heap Fetches: 211
Planning time: 1.042 ms
Execution time: 2655.191 ms
