Hash Join  (cost=124166.67..492016.50 rows=319390 width=0) (actual time=2635.477..13862.486 rows=1155444 loops=1)
  Hash Cond: (mi.movie_id = t.id)
  ->  Seq Scan on movie_info mi  (cost=0.00..309384.22 rows=14739122 width=4) (actual time=0.015..4765.765 rows=14835720 loops=1)
  ->  Hash  (cost=123481.77..123481.77 rows=54792 width=8) (actual time=2589.483..2589.483 rows=100607 loops=1)
        Buckets: 131072 (originally 65536)  Batches: 2 (originally 1)  Memory Usage: 3073kB
        ->  Hash Join  (cost=68268.32..123481.77 rows=54792 width=8) (actual time=1104.524..2545.249 rows=100607 loops=1)
              Hash Cond: (mc.movie_id = t.id)
              ->  Seq Scan on movie_companies mc  (cost=0.00..44881.29 rows=2609129 width=4) (actual time=0.019..673.054 rows=2609129 loops=1)
              ->  Hash  (cost=67604.59..67604.59 rows=53099 width=4) (actual time=1104.138..1104.138 rows=51722 loops=1)
                    Buckets: 65536  Batches: 1  Memory Usage: 2331kB
                    ->  Seq Scan on title t  (cost=0.00..67604.59 rows=53099 width=4) (actual time=185.524..1083.888 rows=51722 loops=1)
                          Filter: (production_year < 1914)
                          Rows Removed by Filter: 2476590
Planning time: 1.190 ms
Execution time: 14005.437 ms
