Hash Join  (cost=74242.71..963956.84 rows=243779 width=0) (actual time=3193.096..22273.626 rows=192258 loops=1)
  Hash Cond: (ci.movie_id = t.id)
  ->  Seq Scan on cast_info ci  (cost=0.00..796071.18 rows=24321377 width=4) (actual time=2248.790..16539.228 rows=23753712 loops=1)
        Filter: ((person_id > 801609) AND (role_id < 10))
        Rows Removed by Filter: 12490632
  ->  Hash  (cost=73925.90..73925.90 rows=25344 width=4) (actual time=943.647..943.647 rows=15457 loops=1)
        Buckets: 32768  Batches: 1  Memory Usage: 800kB
        ->  Seq Scan on title t  (cost=0.00..73925.90 rows=25344 width=4) (actual time=391.079..937.384 rows=15457 loops=1)
              Filter: ((kind_id = 1) AND (production_year = 2005))
              Rows Removed by Filter: 2512855
Planning time: 0.779 ms
Execution time: 22307.538 ms
