Seq Scan on movie_keyword mk  (cost=0.00..81003.12 rows=636946 width=0) (actual time=0.017..1307.612 rows=649953 loops=1)
  Filter: (keyword_id > 28956)
  Rows Removed by Filter: 3873977
Planning time: 0.380 ms
Execution time: 1389.716 ms
