Seq Scan on cast_info ci  (cost=0.00..796071.18 rows=11763992 width=0) (actual time=2022.875..13519.756 rows=13384742 loops=1)
  Filter: ((person_id < 1471514) AND (role_id < 7))
  Rows Removed by Filter: 22859602
Planning time: 0.360 ms
Execution time: 15034.154 ms
