Seq Scan on cast_info ci  (cost=0.00..796071.18 rows=16167177 width=0) (actual time=9.192..15205.625 rows=20435235 loops=1)
  Filter: ((person_id > 1101676) AND (role_id > 1))
  Rows Removed by Filter: 15809109
Planning time: 0.291 ms
Execution time: 17517.861 ms
