Hash Join  (cost=880431.09..1041632.56 rows=2753252 width=0) (actual time=15612.812..21197.211 rows=8737639 loops=1)
  Hash Cond: (mk.movie_id = t.id)
  ->  Seq Scan on movie_keyword mk  (cost=0.00..69693.30 rows=4523930 width=4) (actual time=0.022..1408.630 rows=4523930 loops=1)
  ->  Hash  (cost=855183.40..855183.40 rows=1538855 width=8) (actual time=15611.397..15611.397 rows=1460127 loops=1)
        Buckets: 131072  Batches: 32  Memory Usage: 2830kB
        ->  Hash Join  (cost=102767.86..855183.40 rows=1538855 width=8) (actual time=3179.236..15180.548 rows=1460127 loops=1)
              Hash Cond: (ci.movie_id = t.id)
              ->  Seq Scan on cast_info ci  (cost=0.00..705507.15 rows=1538855 width=4) (actual time=1278.260..11393.972 rows=1460127 loops=1)
                    Filter: (person_id < 146858)
                    Rows Removed by Filter: 34784217
              ->  Hash  (cost=61283.27..61283.27 rows=2528527 width=4) (actual time=1899.865..1899.865 rows=2528312 loops=1)
                    Buckets: 131072  Batches: 64  Memory Usage: 2415kB
                    ->  Seq Scan on title t  (cost=0.00..61283.27 rows=2528527 width=4) (actual time=0.018..1068.645 rows=2528312 loops=1)
Planning time: 2.022 ms
Execution time: 22073.007 ms
