Seq Scan on movie_keyword mk  (cost=0.00..81003.12 rows=1207462 width=0) (actual time=2.009..1279.069 rows=1216368 loops=1)
  Filter: (keyword_id > 15005)
  Rows Removed by Filter: 3307562
Planning time: 0.231 ms
Execution time: 1425.340 ms
