Seq Scan on movie_keyword mk  (cost=0.00..81003.12 rows=3690261 width=0) (actual time=0.015..1644.120 rows=3683749 loops=1)
  Filter: (keyword_id < 21864)
  Rows Removed by Filter: 840181
Planning time: 0.310 ms
Execution time: 2114.369 ms
