Hash Join  (cost=83072.95..833862.69 rows=59 width=0) (actual time=1276.631..16795.613 rows=254 loops=1)
  Hash Cond: (ci.movie_id = t.id)
  ->  Seq Scan on cast_info ci  (cost=0.00..614943.12 rows=36225612 width=4) (actual time=0.013..8888.585 rows=36244344 loops=1)
  ->  Hash  (cost=83072.90..83072.90 rows=4 width=8) (actual time=1088.537..1088.537 rows=5 loops=1)
        Buckets: 1024  Batches: 1  Memory Usage: 9kB
        ->  Nested Loop  (cost=0.43..83072.90 rows=4 width=8) (actual time=26.284..1088.523 rows=5 loops=1)
              ->  Seq Scan on movie_keyword mk  (cost=0.00..81003.12 rows=246 width=4) (actual time=18.076..1078.750 rows=200 loops=1)
                    Filter: (keyword_id = 21361)
                    Rows Removed by Filter: 4523730
              ->  Index Scan using title_pkey on title t  (cost=0.43..8.40 rows=1 width=4) (actual time=0.047..0.047 rows=0 loops=200)
                    Index Cond: (id = mk.movie_id)
                    Filter: ((kind_id < 7) AND (production_year = 2006))
                    Rows Removed by Filter: 1
Planning time: 1.164 ms
Execution time: 16796.018 ms
