Seq Scan on movie_companies mc  (cost=0.00..51404.11 rows=104 width=0) (actual time=69.414..768.120 rows=91 loops=1)
  Filter: (company_id = 13204)
  Rows Removed by Filter: 2609038
Planning time: 0.352 ms
Execution time: 768.228 ms
