Hash Join  (cost=137663.70..904760.16 rows=626023 width=0) (actual time=5646.383..18556.203 rows=2519890 loops=1)
  Hash Cond: (ci.movie_id = t.id)
  ->  Seq Scan on cast_info ci  (cost=0.00..705507.15 rows=4670689 width=4) (actual time=2121.808..12180.456 rows=4639136 loops=1)
        Filter: (role_id > 9)
        Rows Removed by Filter: 31605208
  ->  Hash  (cost=132103.40..132103.40 rows=338904 width=8) (actual time=3523.575..3523.575 rows=626896 loops=1)
        Buckets: 131072 (originally 131072)  Batches: 16 (originally 8)  Memory Usage: 3073kB
        ->  Hash Join  (cost=89289.29..132103.40 rows=338904 width=8) (actual time=1488.019..3337.605 rows=626896 loops=1)
              Hash Cond: (mi_idx.movie_id = t.id)
              ->  Seq Scan on movie_info_idx mi_idx  (cost=0.00..25185.44 rows=915101 width=4) (actual time=0.030..497.816 rows=919850 loops=1)
                    Filter: (info_type_id < 101)
                    Rows Removed by Filter: 460185
              ->  Hash  (cost=73925.90..73925.90 rows=936431 width=4) (actual time=1487.221..1487.221 rows=910262 loops=1)
                    Buckets: 131072  Batches: 16  Memory Usage: 3024kB
                    ->  Seq Scan on title t  (cost=0.00..73925.90 rows=936431 width=4) (actual time=0.030..1209.135 rows=910262 loops=1)
                          Filter: ((kind_id < 7) AND (production_year > 1915))
                          Rows Removed by Filter: 1618050
Planning time: 1.240 ms
Execution time: 18840.596 ms
