Hash Join  (cost=190230.21..971448.05 rows=2254880 width=0) (actual time=4285.136..19105.215 rows=4667210 loops=1)
  Hash Cond: (ci.movie_id = t.id)
  ->  Seq Scan on cast_info ci  (cost=0.00..705507.15 rows=4131435 width=4) (actual time=24.906..10626.819 rows=4004682 loops=1)
        Filter: (person_id < 384291)
        Rows Removed by Filter: 32239662
  ->  Hash  (cost=167588.78..167588.78 rows=1380035 width=8) (actual time=4172.402..4172.402 rows=1380035 loops=1)
        Buckets: 131072  Batches: 32  Memory Usage: 2708kB
        ->  Hash Join  (cost=102767.86..167588.78 rows=1380035 width=8) (actual time=1993.833..3809.702 rows=1380035 loops=1)
              Hash Cond: (mi_idx.movie_id = t.id)
              ->  Seq Scan on movie_info_idx mi_idx  (cost=0.00..21735.35 rows=1380035 width=4) (actual time=0.009..430.777 rows=1380035 loops=1)
              ->  Hash  (cost=61283.27..61283.27 rows=2528527 width=4) (actual time=1992.495..1992.495 rows=2528312 loops=1)
                    Buckets: 131072  Batches: 64  Memory Usage: 2415kB
                    ->  Seq Scan on title t  (cost=0.00..61283.27 rows=2528527 width=4) (actual time=0.019..1134.295 rows=2528312 loops=1)
Planning time: 1.177 ms
Execution time: 19625.968 ms
