Hash Join  (cost=83074.74..876728.08 rows=2286 width=0) (actual time=4091.101..19212.846 rows=36014 loops=1)
  Hash Cond: (ci.movie_id = t.id)
  ->  Seq Scan on cast_info ci  (cost=0.00..705507.15 rows=23499554 width=4) (actual time=2795.299..14236.147 rows=23573656 loops=1)
        Filter: (role_id > 1)
        Rows Removed by Filter: 12670688
  ->  Hash  (cost=83071.67..83071.67 rows=246 width=8) (actual time=1295.462..1295.462 rows=1007 loops=1)
        Buckets: 1024  Batches: 1  Memory Usage: 48kB
        ->  Nested Loop  (cost=0.43..83071.67 rows=246 width=8) (actual time=0.266..1294.699 rows=1007 loops=1)
              ->  Seq Scan on movie_keyword mk  (cost=0.00..81003.12 rows=246 width=4) (actual time=0.189..1252.335 rows=1007 loops=1)
                    Filter: (keyword_id = 2194)
                    Rows Removed by Filter: 4522923
              ->  Index Only Scan using title_pkey on title t  (cost=0.43..8.40 rows=1 width=4) (actual time=0.040..0.041 rows=1 loops=1007)
                    Index Cond: (id = mk.movie_id)
                    Heap Fetches: 1007
Planning time: 1.274 ms
Execution time: 19221.104 ms
