Nested Loop  (cost=0.43..58375.18 rows=53 width=0) (actual time=126.021..754.600 rows=17 loops=1)
  ->  Seq Scan on movie_companies mc  (cost=0.00..57926.93 rows=53 width=4) (actual time=125.918..752.318 rows=17 loops=1)
        Filter: ((company_id = 22512) AND (company_type_id = 2))
        Rows Removed by Filter: 2609112
  ->  Index Only Scan using title_pkey on title t  (cost=0.43..8.45 rows=1 width=4) (actual time=0.128..0.128 rows=1 loops=17)
        Index Cond: (id = mc.movie_id)
        Heap Fetches: 17
Planning time: 0.765 ms
Execution time: 754.689 ms
