Hash Join  (cost=144038.94..182903.06 rows=68264 width=0) (actual time=3251.939..4120.994 rows=228819 loops=1)
  Hash Cond: (mi_idx.movie_id = t.id)
  ->  Seq Scan on movie_info_idx mi_idx  (cost=0.00..21735.35 rows=1380035 width=4) (actual time=0.027..418.268 rows=1380035 loops=1)
  ->  Hash  (cost=141986.51..141986.51 rows=125074 width=8) (actual time=3251.231..3251.231 rows=124001 loops=1)
        Buckets: 131072  Batches: 2  Memory Usage: 3449kB
        ->  Hash Join  (cost=81720.25..141986.51 rows=125074 width=8) (actual time=2042.703..3209.735 rows=124001 loops=1)
              Hash Cond: (mc.movie_id = t.id)
              ->  Seq Scan on movie_companies mc  (cost=0.00..51404.11 rows=367576 width=4) (actual time=0.018..802.817 rows=368162 loops=1)
                    Filter: (company_id < 197)
                    Rows Removed by Filter: 2240967
              ->  Hash  (cost=67604.59..67604.59 rows=860373 width=4) (actual time=2041.532..2041.532 rows=854214 loops=1)
                    Buckets: 131072  Batches: 16  Memory Usage: 2897kB
                    ->  Seq Scan on title t  (cost=0.00..67604.59 rows=860373 width=4) (actual time=0.019..1101.826 rows=854214 loops=1)
                          Filter: (kind_id < 4)
                          Rows Removed by Filter: 1674098
Planning time: 3.125 ms
Execution time: 4143.571 ms
