Seq Scan on cast_info ci  (cost=0.00..705507.15 rows=6060717 width=0) (actual time=192.707..10657.452 rows=5960058 loops=1)
  Filter: (person_id < 577406)
  Rows Removed by Filter: 30284286
Planning time: 0.221 ms
Execution time: 11338.790 ms
