Seq Scan on movie_keyword mk  (cost=0.00..81003.12 rows=246 width=0) (actual time=1.097..1166.084 rows=1029 loops=1)
  Filter: (keyword_id = 2124)
  Rows Removed by Filter: 4522901
Planning time: 0.322 ms
Execution time: 1166.511 ms
