Hash Join  (cost=846949.83..1616963.34 rows=4751286 width=0) (actual time=29161.649..47772.289 rows=20505361 loops=1)
  Hash Cond: (mi.movie_id = t.id)
  ->  Seq Scan on movie_info mi  (cost=0.00..309384.22 rows=14739122 width=4) (actual time=0.022..5909.549 rows=14835720 loops=1)
  ->  Hash  (cost=833577.16..833577.16 rows=815093 width=8) (actual time=29160.752..29160.752 rows=1176316 loops=1)
        Buckets: 131072  Batches: 16  Memory Usage: 3863kB
        ->  Hash Join  (cost=74637.07..833577.16 rows=815093 width=8) (actual time=1216.928..28052.086 rows=1176316 loops=1)
              Hash Cond: (ci.movie_id = t.id)
              ->  Seq Scan on cast_info ci  (cost=0.00..614943.12 rows=36225612 width=4) (actual time=0.014..9942.229 rows=36244344 loops=1)
              ->  Hash  (cost=73925.90..73925.90 rows=56893 width=4) (actual time=1216.498..1216.498 rows=147679 loops=1)
                    Buckets: 131072 (originally 65536)  Batches: 2 (originally 1)  Memory Usage: 3617kB
                    ->  Seq Scan on title t  (cost=0.00..73925.90 rows=56893 width=4) (actual time=0.308..1158.151 rows=147679 loops=1)
                          Filter: ((kind_id < 7) AND (production_year < 1943))
                          Rows Removed by Filter: 2380633
Planning time: 1.151 ms
Execution time: 49997.821 ms
