Seq Scan on cast_info ci  (cost=0.00..796071.18 rows=617744 width=0) (actual time=1874.440..10974.766 rows=737532 loops=1)
  Filter: ((person_id < 103200) AND (role_id < 3))
  Rows Removed by Filter: 35506812
Planning time: 0.348 ms
Execution time: 11068.450 ms
