Hash Join  (cost=93038.76..130294.75 rows=214205 width=0) (actual time=2020.692..2789.379 rows=114773 loops=1)
  Hash Cond: (mi_idx.movie_id = t.id)
  ->  Seq Scan on movie_info_idx mi_idx  (cost=0.00..25185.44 rows=464934 width=4) (actual time=0.016..467.700 rows=460185 loops=1)
        Filter: (info_type_id > 100)
        Rows Removed by Filter: 919850
  ->  Hash  (cost=73925.90..73925.90 rows=1164948 width=4) (actual time=1844.347..1844.347 rows=1252934 loops=1)
        Buckets: 131072  Batches: 16  Memory Usage: 3788kB
        ->  Seq Scan on title t  (cost=0.00..73925.90 rows=1164948 width=4) (actual time=0.015..1436.981 rows=1252934 loops=1)
              Filter: ((production_year > 1982) AND (kind_id = 7))
              Rows Removed by Filter: 1275378
Planning time: 0.709 ms
Execution time: 2802.652 ms
