Hash Join  (cost=94699.36..150922.20 rows=2054 width=0) (actual time=1624.792..2866.979 rows=699 loops=1)
  Hash Cond: (mc.movie_id = t.id)
  ->  Seq Scan on movie_companies mc  (cost=0.00..51404.11 rows=1279517 width=4) (actual time=0.025..1065.087 rows=1274246 loops=1)
        Filter: (company_type_id < 2)
        Rows Removed by Filter: 1334883
  ->  Hash  (cost=94648.62..94648.62 rows=4059 width=8) (actual time=1622.694..1622.694 rows=678 loops=1)
        Buckets: 4096  Batches: 1  Memory Usage: 59kB
        ->  Hash Join  (cost=67697.55..94648.62 rows=4059 width=8) (actual time=1047.792..1622.330 rows=678 loops=1)
              Hash Cond: (mi_idx.movie_id = t.id)
              ->  Seq Scan on movie_info_idx mi_idx  (cost=0.00..21735.35 rows=1380035 width=4) (actual time=0.013..319.420 rows=1380035 loops=1)
              ->  Hash  (cost=67604.59..67604.59 rows=7437 width=4) (actual time=1044.618..1044.618 rows=2712 loops=1)
                    Buckets: 8192  Batches: 1  Memory Usage: 160kB
                    ->  Seq Scan on title t  (cost=0.00..67604.59 rows=7437 width=4) (actual time=186.264..1043.215 rows=2712 loops=1)
                          Filter: (production_year = 1908)
                          Rows Removed by Filter: 2525600
Planning time: 1.084 ms
Execution time: 2867.239 ms
