Seq Scan on cast_info ci  (cost=0.00..705507.15 rows=33099906 width=0) (actual time=0.022..13793.414 rows=33211638 loops=1)
  Filter: (person_id > 294397)
  Rows Removed by Filter: 3032706
Planning time: 0.316 ms
Execution time: 17959.245 ms
