Seq Scan on cast_info ci  (cost=0.00..796071.18 rows=4534498 width=0) (actual time=1527.192..13340.227 rows=9306988 loops=1)
  Filter: ((person_id < 1271002) AND (role_id = 1))
  Rows Removed by Filter: 26937356
Planning time: 0.425 ms
Execution time: 14452.794 ms
