Hash Join  (cost=81720.25..1007520.03 rows=2873234 width=0) (actual time=7522.587..24762.602 rows=4876847 loops=1)
  Hash Cond: (ci.movie_id = t.id)
  ->  Seq Scan on cast_info ci  (cost=0.00..796071.18 rows=8444069 width=4) (actual time=6099.539..15761.897 rows=12670688 loops=1)
        Filter: ((person_id < 2459596) AND (role_id = 1))
        Rows Removed by Filter: 23573656
  ->  Hash  (cost=67604.59..67604.59 rows=860373 width=4) (actual time=1422.062..1422.062 rows=854214 loops=1)
        Buckets: 131072  Batches: 16  Memory Usage: 2897kB
        ->  Seq Scan on title t  (cost=0.00..67604.59 rows=860373 width=4) (actual time=0.015..1156.248 rows=854214 loops=1)
              Filter: (kind_id < 4)
              Rows Removed by Filter: 1674098
Planning time: 12.597 ms
Execution time: 25336.665 ms
