Hash Join  (cost=140881.64..959886.21 rows=333182 width=0) (actual time=11020.588..15615.720 rows=544 loops=1)
  Hash Cond: (ci.movie_id = t.id)
  ->  Seq Scan on cast_info ci  (cost=0.00..796071.18 rows=1506285 width=4) (actual time=7215.176..12063.100 rows=1400 loops=1)
        Filter: ((person_id < 716585) AND (role_id = 2))
        Rows Removed by Filter: 36242944
  ->  Hash  (cost=131705.44..131705.44 rows=559296 width=8) (actual time=3455.016..3455.016 rows=681292 loops=1)
        Buckets: 131072 (originally 131072)  Batches: 16 (originally 8)  Memory Usage: 3073kB
        ->  Hash Join  (cost=84417.00..131705.44 rows=559296 width=8) (actual time=1876.128..3249.902 rows=681292 loops=1)
              Hash Cond: (mi_idx.movie_id = t.id)
              ->  Seq Scan on movie_info_idx mi_idx  (cost=0.00..21735.35 rows=1380035 width=4) (actual time=0.023..402.749 rows=1380035 loops=1)
              ->  Hash  (cost=67604.59..67604.59 rows=1024753 width=4) (actual time=1873.501..1873.501 rows=1021752 loops=1)
                    Buckets: 131072  Batches: 16  Memory Usage: 3274kB
                    ->  Seq Scan on title t  (cost=0.00..67604.59 rows=1024753 width=4) (actual time=0.029..1249.199 rows=1021752 loops=1)
                          Filter: (production_year < 2000)
                          Rows Removed by Filter: 1506560
Planning time: 1.260 ms
Execution time: 15616.410 ms
