Seq Scan on movie_keyword mk  (cost=0.00..81003.12 rows=1917929 width=0) (actual time=0.019..1497.083 rows=1935385 loops=1)
  Filter: (keyword_id < 3325)
  Rows Removed by Filter: 2588545
Planning time: 0.300 ms
Execution time: 1743.848 ms
