Hash Join  (cost=83072.98..447729.25 rows=37 width=0) (actual time=1275.032..7931.296 rows=570 loops=1)
  Hash Cond: (mi.movie_id = t.id)
  ->  Seq Scan on movie_info mi  (cost=0.00..309384.22 rows=14739122 width=4) (actual time=0.011..4112.395 rows=14835720 loops=1)
  ->  Hash  (cost=83072.90..83072.90 rows=6 width=8) (actual time=1200.138..1200.138 rows=4 loops=1)
        Buckets: 1024  Batches: 1  Memory Usage: 9kB
        ->  Nested Loop  (cost=0.43..83072.90 rows=6 width=8) (actual time=343.942..1200.124 rows=4 loops=1)
              ->  Seq Scan on movie_keyword mk  (cost=0.00..81003.12 rows=246 width=4) (actual time=1.743..1163.513 rows=1248 loops=1)
                    Filter: (keyword_id = 800)
                    Rows Removed by Filter: 4522682
              ->  Index Scan using title_pkey on title t  (cost=0.43..8.40 rows=1 width=4) (actual time=0.028..0.028 rows=0 loops=1248)
                    Index Cond: (id = mk.movie_id)
                    Filter: ((kind_id < 7) AND (production_year = 2012))
                    Rows Removed by Filter: 1
Planning time: 1.211 ms
Execution time: 7931.545 ms
