Seq Scan on movie_companies mc  (cost=0.00..57926.93 rows=422437 width=0) (actual time=18.218..944.850 rows=749504 loops=1)
  Filter: ((company_id > 26472) AND (company_type_id > 1))
  Rows Removed by Filter: 1859625
Planning time: 0.333 ms
Execution time: 1030.385 ms
