Seq Scan on movie_companies mc  (cost=0.00..57926.93 rows=546052 width=0) (actual time=402.271..916.367 rows=756513 loops=1)
  Filter: ((company_id < 7755) AND (company_type_id = 1))
  Rows Removed by Filter: 1852616
Planning time: 0.369 ms
Execution time: 1013.085 ms
