Hash Join  (cost=513038.35..1401912.64 rows=2749958 width=0) (actual time=19292.140..29873.734 rows=6291681 loops=1)
  Hash Cond: (ci.movie_id = t.id)
  ->  Seq Scan on cast_info ci  (cost=0.00..796071.18 rows=5195607 width=4) (actual time=9768.557..15460.729 rows=5522892 loops=1)
        Filter: ((person_id > 361046) AND (role_id > 8))
        Rows Removed by Filter: 30721452
  ->  Hash  (cost=491081.45..491081.45 rows=1338312 width=8) (actual time=9522.400..9522.400 rows=1401902 loops=1)
        Buckets: 131072  Batches: 32  Memory Usage: 2687kB
        ->  Hash Join  (cost=102767.86..491081.45 rows=1338312 width=8) (actual time=4621.757..9123.827 rows=1401902 loops=1)
              Hash Cond: (mi.movie_id = t.id)
              ->  Seq Scan on movie_info mi  (cost=0.00..346232.03 rows=1338312 width=4) (actual time=2778.073..5798.157 rows=1401902 loops=1)
                    Filter: (info_type_id = 7)
                    Rows Removed by Filter: 13433818
              ->  Hash  (cost=61283.27..61283.27 rows=2528527 width=4) (actual time=1842.385..1842.385 rows=2528312 loops=1)
                    Buckets: 131072  Batches: 64  Memory Usage: 2425kB
                    ->  Seq Scan on title t  (cost=0.00..61283.27 rows=2528527 width=4) (actual time=0.033..1013.707 rows=2528312 loops=1)
Planning time: 3.108 ms
Execution time: 30526.515 ms
