Hash Join  (cost=68237.77..128363.95 rows=11153 width=0) (actual time=1367.524..2090.420 rows=6046 loops=1)
  Hash Cond: (mc.movie_id = t.id)
  ->  Seq Scan on movie_companies mc  (cost=0.00..57926.93 rows=556724 width=4) (actual time=295.298..914.324 rows=341070 loops=1)
        Filter: ((company_id < 7093) AND (company_type_id > 1))
        Rows Removed by Filter: 2268059
  ->  Hash  (cost=67604.59..67604.59 rows=50655 width=4) (actual time=1071.163..1071.163 rows=50564 loops=1)
        Buckets: 65536  Batches: 1  Memory Usage: 2290kB
        ->  Seq Scan on title t  (cost=0.00..67604.59 rows=50655 width=4) (actual time=0.035..1048.991 rows=50564 loops=1)
              Filter: (production_year = 1999)
              Rows Removed by Filter: 2477748
Planning time: 0.971 ms
Execution time: 2091.684 ms
