Hash Join  (cost=261338.15..363442.22 rows=1725914 width=0) (actual time=5882.406..11502.381 rows=13256667 loops=1)
  Hash Cond: (mc.movie_id = t.id)
  ->  Seq Scan on movie_companies mc  (cost=0.00..44881.29 rows=2609129 width=4) (actual time=0.011..1001.559 rows=2609129 loops=1)
  ->  Hash  (cost=233896.68..233896.68 rows=1672597 width=8) (actual time=5881.430..5881.430 rows=1683735 loops=1)
        Buckets: 131072  Batches: 32  Memory Usage: 3068kB
        ->  Hash Join  (cost=102767.86..233896.68 rows=1672597 width=8) (actual time=1852.305..5416.335 rows=1683735 loops=1)
              Hash Cond: (mk.movie_id = t.id)
              ->  Seq Scan on movie_keyword mk  (cost=0.00..81003.12 rows=1672597 width=4) (actual time=0.025..1395.720 rows=1683735 loops=1)
                    Filter: (keyword_id > 8621)
                    Rows Removed by Filter: 2840195
              ->  Hash  (cost=61283.27..61283.27 rows=2528527 width=4) (actual time=1849.514..1849.514 rows=2528312 loops=1)
                    Buckets: 131072  Batches: 64  Memory Usage: 2425kB
                    ->  Seq Scan on title t  (cost=0.00..61283.27 rows=2528527 width=4) (actual time=0.022..1005.180 rows=2528312 loops=1)
Planning time: 1.126 ms
Execution time: 13043.856 ms
