Seq Scan on movie_companies mc  (cost=0.00..51404.11 rows=953631 width=0) (actual time=0.016..895.682 rows=961954 loops=1)
  Filter: (company_id > 18025)
  Rows Removed by Filter: 1647175
Planning time: 0.332 ms
Execution time: 1011.740 ms
