Hash Join  (cost=96846.68..249301.63 rows=2499491 width=0) (actual time=1880.927..6109.556 rows=1313486 loops=1)
  Hash Cond: (mk.movie_id = t.id)
  ->  Seq Scan on movie_keyword mk  (cost=0.00..69693.30 rows=4523930 width=4) (actual time=0.020..1571.033 rows=4523930 loops=1)
  ->  Hash  (cost=73925.90..73925.90 rows=1397022 width=4) (actual time=1879.831..1879.831 rows=1512814 loops=1)
        Buckets: 131072  Batches: 32  Memory Usage: 2702kB
        ->  Seq Scan on title t  (cost=0.00..73925.90 rows=1397022 width=4) (actual time=0.028..1378.182 rows=1512814 loops=1)
              Filter: ((kind_id > 2) AND (production_year > 1976))
              Rows Removed by Filter: 1015498
Planning time: 10.589 ms
Execution time: 6275.218 ms
