Hash Join  (cost=74567.93..101758.74 rows=28033 width=0) (actual time=1235.112..2066.170 rows=45397 loops=1)
  Hash Cond: (mi_idx.movie_id = t.id)
  ->  Seq Scan on movie_info_idx mi_idx  (cost=0.00..21735.35 rows=1380035 width=4) (actual time=0.026..337.629 rows=1380035 loops=1)
  ->  Hash  (cost=73925.90..73925.90 rows=51362 width=4) (actual time=1234.564..1234.564 rows=133108 loops=1)
        Buckets: 131072 (originally 65536)  Batches: 2 (originally 1)  Memory Usage: 3361kB
        ->  Seq Scan on title t  (cost=0.00..73925.90 rows=51362 width=4) (actual time=30.001..1181.674 rows=133108 loops=1)
              Filter: ((kind_id < 7) AND (production_year < 1937))
              Rows Removed by Filter: 2395204
Planning time: 0.857 ms
Execution time: 2071.363 ms
