Seq Scan on title t  (cost=0.00..73925.90 rows=1025156 width=94) (actual time=0.025..1417.880 rows=970290 loops=1)
  Filter: ((kind_id > 4) AND (production_year < 2008))
  Rows Removed by Filter: 1558022
Planning time: 0.604 ms
Execution time: 1474.461 ms
