Hash Join  (cost=114841.79..524945.53 rows=253581 width=0) (actual time=2164.957..10168.161 rows=469013 loops=1)
  Hash Cond: (mi.movie_id = t.id)
  ->  Seq Scan on movie_info mi  (cost=0.00..346232.03 rows=5263441 width=4) (actual time=0.017..6098.138 rows=5270569 loops=1)
        Filter: (info_type_id > 15)
        Rows Removed by Filter: 9565151
  ->  Hash  (cost=112843.05..112843.05 rows=121819 width=8) (actual time=2164.226..2164.226 rows=84201 loops=1)
        Buckets: 131072  Batches: 2  Memory Usage: 2672kB
        ->  Hash Join  (cost=78473.92..112843.05 rows=121819 width=8) (actual time=1330.407..2137.294 rows=84201 loops=1)
              Hash Cond: (mi_idx.movie_id = t.id)
              ->  Seq Scan on movie_info_idx mi_idx  (cost=0.00..25185.44 rows=464934 width=4) (actual time=0.015..472.300 rows=460185 loops=1)
                    Filter: (info_type_id > 100)
                    Rows Removed by Filter: 919850
              ->  Hash  (cost=67604.59..67604.59 rows=662507 width=4) (actual time=1329.046..1329.046 rows=662065 loops=1)
                    Buckets: 131072  Batches: 16  Memory Usage: 2481kB
                    ->  Seq Scan on title t  (cost=0.00..67604.59 rows=662507 width=4) (actual time=0.005..1106.798 rows=662065 loops=1)
                          Filter: (production_year > 2008)
                          Rows Removed by Filter: 1866247
Planning time: 1.240 ms
Execution time: 10229.919 ms
