Hash Join  (cost=83074.80..109986.38 rows=110 width=0) (actual time=1325.072..1887.293 rows=3064 loops=1)
  Hash Cond: (mi_idx.movie_id = t.id)
  ->  Seq Scan on movie_info_idx mi_idx  (cost=0.00..21735.35 rows=1380035 width=4) (actual time=0.016..301.134 rows=1380035 loops=1)
  ->  Hash  (cost=83072.29..83072.29 rows=201 width=8) (actual time=1324.715..1324.715 rows=1295 loops=1)
        Buckets: 2048 (originally 1024)  Batches: 1 (originally 1)  Memory Usage: 67kB
        ->  Nested Loop  (cost=0.43..83072.29 rows=201 width=8) (actual time=0.618..1323.734 rows=1295 loops=1)
              ->  Seq Scan on movie_keyword mk  (cost=0.00..81003.12 rows=246 width=4) (actual time=0.570..1271.021 rows=1898 loops=1)
                    Filter: (keyword_id = 5761)
                    Rows Removed by Filter: 4522032
              ->  Index Scan using title_pkey on title t  (cost=0.43..8.40 rows=1 width=4) (actual time=0.026..0.027 rows=1 loops=1898)
                    Index Cond: (id = mk.movie_id)
                    Filter: (production_year > 1971)
                    Rows Removed by Filter: 0
Planning time: 1.143 ms
Execution time: 1887.926 ms
