Hash Join  (cost=138799.99..226273.90 rows=81587 width=0) (actual time=2979.029..5139.544 rows=953437 loops=1)
  Hash Cond: (mk.movie_id = t.id)
  ->  Seq Scan on movie_keyword mk  (cost=0.00..69693.30 rows=4523930 width=4) (actual time=0.017..1076.304 rows=4523930 loops=1)
  ->  Hash  (cost=138229.98..138229.98 rows=45601 width=8) (actual time=2978.508..2978.508 rows=17408 loops=1)
        Buckets: 65536  Batches: 1  Memory Usage: 1192kB
        ->  Hash Join  (cost=81703.78..138229.98 rows=45601 width=8) (actual time=1821.079..2971.375 rows=17408 loops=1)
              Hash Cond: (mc.movie_id = t.id)
              ->  Seq Scan on movie_companies mc  (cost=0.00..51404.11 rows=243220 width=4) (actual time=0.036..947.788 rows=239564 loops=1)
                    Filter: (company_id < 97)
                    Rows Removed by Filter: 2369565
              ->  Hash  (cost=73925.90..73925.90 rows=474070 width=4) (actual time=1820.173..1820.173 rows=496025 loops=1)
                    Buckets: 131072  Batches: 8  Memory Usage: 3214kB
                    ->  Seq Scan on title t  (cost=0.00..73925.90 rows=474070 width=4) (actual time=0.013..1307.659 rows=496025 loops=1)
                          Filter: ((production_year < 2009) AND (kind_id = 1))
                          Rows Removed by Filter: 2032287
Planning time: 2.675 ms
Execution time: 5261.340 ms
