Hash Join  (cost=139153.58..626463.54 rows=703203 width=0) (actual time=2712.654..14024.472 rows=984134 loops=1)
  Hash Cond: (mi.movie_id = t.id)
  ->  Seq Scan on movie_info mi  (cost=0.00..309384.22 rows=14739122 width=4) (actual time=0.022..5865.839 rows=14835720 loops=1)
  ->  Hash  (cost=137173.63..137173.63 rows=120636 width=8) (actual time=2711.833..2711.833 rows=78515 loops=1)
        Buckets: 131072  Batches: 2  Memory Usage: 2563kB
        ->  Hash Join  (cost=74050.79..137173.63 rows=120636 width=8) (actual time=1232.819..2683.705 rows=78515 loops=1)
              Hash Cond: (mc.movie_id = t.id)
              ->  Seq Scan on movie_companies mc  (cost=0.00..51404.11 rows=776366 width=4) (actual time=0.016..988.087 rows=767116 loops=1)
                    Filter: (company_id < 1606)
                    Rows Removed by Filter: 1842013
              ->  Hash  (cost=67604.59..67604.59 rows=392896 width=4) (actual time=1231.940..1231.940 rows=391666 loops=1)
                    Buckets: 131072  Batches: 8  Memory Usage: 2753kB
                    ->  Seq Scan on title t  (cost=0.00..67604.59 rows=392896 width=4) (actual time=0.008..1101.542 rows=391666 loops=1)
                          Filter: (production_year > 2010)
                          Rows Removed by Filter: 2136646
Planning time: 1.145 ms
Execution time: 14154.364 ms
