Hash Join  (cost=102767.86..180138.14 rows=668564 width=0) (actual time=1863.129..4161.983 rows=661367 loops=1)
  Hash Cond: (mc.movie_id = t.id)
  ->  Seq Scan on movie_companies mc  (cost=0.00..51404.11 rows=668564 width=4) (actual time=0.033..960.538 rows=661367 loops=1)
        Filter: (company_id < 979)
        Rows Removed by Filter: 1947762
  ->  Hash  (cost=61283.27..61283.27 rows=2528527 width=4) (actual time=1862.317..1862.317 rows=2528312 loops=1)
        Buckets: 131072  Batches: 64  Memory Usage: 2415kB
        ->  Seq Scan on title t  (cost=0.00..61283.27 rows=2528527 width=4) (actual time=0.020..1012.605 rows=2528312 loops=1)
Planning time: 0.627 ms
Execution time: 4243.078 ms
