Seq Scan on movie_companies mc  (cost=0.00..51404.11 rows=1807483 width=0) (actual time=0.048..974.185 rows=1814081 loops=1)
  Filter: (company_id > 1717)
  Rows Removed by Filter: 795048
Planning time: 0.302 ms
Execution time: 1205.760 ms
