Seq Scan on movie_companies mc  (cost=0.00..57926.93 rows=3856 width=0) (actual time=21.897..886.769 rows=8606 loops=1)
  Filter: ((company_id = 596) AND (company_type_id = 2))
  Rows Removed by Filter: 2600523
Planning time: 0.388 ms
Execution time: 888.050 ms
