Hash Join  (cost=100948.70..482809.61 rows=9270 width=0) (actual time=1844.405..9032.202 rows=2721 loops=1)
  Hash Cond: (mi.movie_id = t.id)
  ->  Seq Scan on movie_info mi  (cost=0.00..346232.03 rows=9476311 width=4) (actual time=0.026..5987.772 rows=9565151 loops=1)
        Filter: (info_type_id < 16)
        Rows Removed by Filter: 5270569
  ->  Hash  (cost=100917.78..100917.78 rows=2474 width=8) (actual time=1770.842..1770.842 rows=402 loops=1)
        Buckets: 4096  Batches: 1  Memory Usage: 48kB
        ->  Hash Join  (cost=73982.55..100917.78 rows=2474 width=8) (actual time=1192.279..1770.614 rows=402 loops=1)
              Hash Cond: (mi_idx.movie_id = t.id)
              ->  Seq Scan on movie_info_idx mi_idx  (cost=0.00..21735.35 rows=1380035 width=4) (actual time=0.015..321.073 rows=1380035 loops=1)
              ->  Hash  (cost=73925.90..73925.90 rows=4532 width=4) (actual time=1181.296..1181.296 rows=2915 loops=1)
                    Buckets: 8192  Batches: 1  Memory Usage: 167kB
                    ->  Seq Scan on title t  (cost=0.00..73925.90 rows=4532 width=4) (actual time=0.091..1179.627 rows=2915 loops=1)
                          Filter: ((kind_id = 7) AND (production_year = 1951))
                          Rows Removed by Filter: 2525397
Planning time: 12.349 ms
Execution time: 9032.742 ms
