Nested Loop  (cost=0.43..83071.67 rows=246 width=0) (actual time=0.083..1399.220 rows=1820 loops=1)
  ->  Seq Scan on movie_keyword mk  (cost=0.00..81003.12 rows=246 width=4) (actual time=0.025..1304.625 rows=1820 loops=1)
        Filter: (keyword_id = 323)
        Rows Removed by Filter: 4522110
  ->  Index Only Scan using title_pkey on title t  (cost=0.43..8.40 rows=1 width=4) (actual time=0.050..0.051 rows=1 loops=1820)
        Index Cond: (id = mk.movie_id)
        Heap Fetches: 1820
Planning time: 0.758 ms
Execution time: 1399.931 ms
