Hash Join  (cost=73994.33..100934.69 rows=2988 width=0) (actual time=1186.639..1823.650 rows=10263 loops=1)
  Hash Cond: (mi_idx.movie_id = t.id)
  ->  Seq Scan on movie_info_idx mi_idx  (cost=0.00..21735.35 rows=1380035 width=4) (actual time=0.015..342.846 rows=1380035 loops=1)
  ->  Hash  (cost=73925.90..73925.90 rows=5474 width=4) (actual time=1186.193..1186.193 rows=17579 loops=1)
        Buckets: 32768 (originally 8192)  Batches: 1 (originally 1)  Memory Usage: 875kB
        ->  Seq Scan on title t  (cost=0.00..73925.90 rows=5474 width=4) (actual time=1.438..1178.052 rows=17579 loops=1)
              Filter: ((kind_id > 1) AND (production_year = 1990))
              Rows Removed by Filter: 2510733
Planning time: 0.752 ms
Execution time: 1825.324 ms
