Hash Join  (cost=73956.69..100880.61 rows=1344 width=0) (actual time=1120.278..1687.654 rows=4458 loops=1)
  Hash Cond: (mi_idx.movie_id = t.id)
  ->  Seq Scan on movie_info_idx mi_idx  (cost=0.00..21735.35 rows=1380035 width=4) (actual time=0.025..314.919 rows=1380035 loops=1)
  ->  Hash  (cost=73925.90..73925.90 rows=2463 width=4) (actual time=1119.942..1119.942 rows=3040 loops=1)
        Buckets: 4096  Batches: 1  Memory Usage: 139kB
        ->  Seq Scan on title t  (cost=0.00..73925.90 rows=2463 width=4) (actual time=0.053..1118.502 rows=3040 loops=1)
              Filter: ((kind_id = 3) AND (production_year = 2002))
              Rows Removed by Filter: 2525272
Planning time: 0.811 ms
Execution time: 1688.419 ms
