Nested Loop  (cost=0.43..83071.67 rows=246 width=0) (actual time=0.190..1299.112 rows=1136 loops=1)
  ->  Seq Scan on movie_keyword mk  (cost=0.00..81003.12 rows=246 width=4) (actual time=0.123..1253.593 rows=1136 loops=1)
        Filter: (keyword_id = 1053)
        Rows Removed by Filter: 4522794
  ->  Index Only Scan using title_pkey on title t  (cost=0.43..8.40 rows=1 width=4) (actual time=0.039..0.039 rows=1 loops=1136)
        Index Cond: (id = mk.movie_id)
        Heap Fetches: 1136
Planning time: 1.063 ms
Execution time: 1299.612 ms
