Hash Join  (cost=93360.65..236992.25 rows=1672360 width=0) (actual time=2149.349..5710.232 rows=869655 loops=1)
  Hash Cond: (mk.movie_id = t.id)
  ->  Seq Scan on movie_keyword mk  (cost=0.00..81003.12 rows=3569831 width=4) (actual time=0.017..1659.821 rows=3565962 loops=1)
        Filter: (keyword_id > 895)
        Rows Removed by Filter: 957968
  ->  Hash  (cost=73925.90..73925.90 rows=1184540 width=4) (actual time=2148.396..2148.396 rows=1297979 loops=1)
        Buckets: 131072  Batches: 16  Memory Usage: 3888kB
        ->  Seq Scan on title t  (cost=0.00..73925.90 rows=1184540 width=4) (actual time=0.020..1439.483 rows=1297979 loops=1)
              Filter: ((kind_id > 1) AND (production_year > 1995))
              Rows Removed by Filter: 1230333
Planning time: 0.633 ms
Execution time: 5814.723 ms
