Hash Join  (cost=102767.86..1224321.50 rows=16879661 width=0) (actual time=2030.908..31932.234 rows=16745179 loops=1)
  Hash Cond: (ci.movie_id = t.id)
  ->  Seq Scan on cast_info ci  (cost=0.00..705507.15 rows=16879661 width=4) (actual time=2.945..14679.834 rows=16745179 loops=1)
        Filter: (person_id < 1656796)
        Rows Removed by Filter: 19499165
  ->  Hash  (cost=61283.27..61283.27 rows=2528527 width=4) (actual time=1986.250..1986.250 rows=2528312 loops=1)
        Buckets: 131072  Batches: 64  Memory Usage: 2415kB
        ->  Seq Scan on title t  (cost=0.00..61283.27 rows=2528527 width=4) (actual time=0.015..1159.322 rows=2528312 loops=1)
Planning time: 0.774 ms
Execution time: 33759.610 ms
