Hash Join  (cost=181766.51..566468.66 rows=226340 width=0) (actual time=6364.647..12889.256 rows=497100 loops=1)
  Hash Cond: (mi.movie_id = t.id)
  ->  Seq Scan on movie_info mi  (cost=0.00..346232.03 rows=3068194 width=4) (actual time=1436.416..5503.288 rows=3036719 loops=1)
        Filter: (info_type_id = 16)
        Rows Removed by Filter: 11799001
  ->  Hash  (cost=178705.89..178705.89 rows=186529 width=8) (actual time=4925.789..4925.789 rows=66112 loops=1)
        Buckets: 131072  Batches: 4  Memory Usage: 1661kB
        ->  Hash Join  (cost=71408.55..178705.89 rows=186529 width=8) (actual time=1917.825..4404.567 rows=66112 loops=1)
              Hash Cond: (mk.movie_id = t.id)
              ->  Seq Scan on movie_keyword mk  (cost=0.00..81003.12 rows=2034381 width=4) (actual time=0.040..1637.739 rows=2039123 loops=1)
                    Filter: (keyword_id < 3644)
                    Rows Removed by Filter: 2484807
              ->  Hash  (cost=67604.59..67604.59 rows=231837 width=4) (actual time=1916.446..1916.446 rows=231649 loops=1)
                    Buckets: 131072  Batches: 4  Memory Usage: 3082kB
                    ->  Seq Scan on title t  (cost=0.00..67604.59 rows=231837 width=4) (actual time=0.017..1162.126 rows=231649 loops=1)
                          Filter: (production_year > 2011)
                          Rows Removed by Filter: 2296663
Planning time: 1.041 ms
Execution time: 12936.191 ms
