Hash Join  (cost=102767.86..1184585.27 rows=15228324 width=0) (actual time=2201.332..29571.719 rows=15368290 loops=1)
  Hash Cond: (ci.movie_id = t.id)
  ->  Seq Scan on cast_info ci  (cost=0.00..705507.15 rows=15228324 width=4) (actual time=0.014..14190.452 rows=15368290 loops=1)
        Filter: (person_id > 2103578)
        Rows Removed by Filter: 20876054
  ->  Hash  (cost=61283.27..61283.27 rows=2528527 width=4) (actual time=2200.458..2200.458 rows=2528312 loops=1)
        Buckets: 131072  Batches: 64  Memory Usage: 2415kB
        ->  Seq Scan on title t  (cost=0.00..61283.27 rows=2528527 width=4) (actual time=0.015..1125.154 rows=2528312 loops=1)
Planning time: 0.838 ms
Execution time: 31377.178 ms
