Hash Join  (cost=100089.65..142609.50 rows=364074 width=0) (actual time=1930.235..3110.394 rows=361485 loops=1)
  Hash Cond: (mi_idx.movie_id = t.id)
  ->  Seq Scan on movie_info_idx mi_idx  (cost=0.00..25185.44 rows=464934 width=4) (actual time=0.029..474.975 rows=460185 loops=1)
        Filter: (info_type_id > 100)
        Rows Removed by Filter: 919850
  ->  Hash  (cost=67604.59..67604.59 rows=1980005 width=4) (actual time=1929.075..1929.075 rows=1976617 loops=1)
        Buckets: 131072  Batches: 32  Memory Usage: 3203kB
        ->  Seq Scan on title t  (cost=0.00..67604.59 rows=1980005 width=4) (actual time=0.022..1305.953 rows=1976617 loops=1)
              Filter: (production_year > 1977)
              Rows Removed by Filter: 551695
Planning time: 0.778 ms
Execution time: 3151.375 ms
