Hash Join  (cost=160163.17..527211.90 rows=239281 width=0) (actual time=2837.107..10580.820 rows=775919 loops=1)
  Hash Cond: (mi.movie_id = t.id)
  ->  Seq Scan on movie_info mi  (cost=0.00..309384.22 rows=14739122 width=4) (actual time=0.020..4239.616 rows=14835720 loops=1)
  ->  Hash  (cost=159650.06..159650.06 rows=41049 width=8) (actual time=2836.677..2836.677 rows=18810 loops=1)
        Buckets: 65536  Batches: 1  Memory Usage: 1247kB
        ->  Hash Join  (cost=70308.29..159650.06 rows=41049 width=8) (actual time=1146.321..2829.955 rows=18810 loops=1)
              Hash Cond: (mk.movie_id = t.id)
              ->  Seq Scan on movie_keyword mk  (cost=0.00..81003.12 rows=629908 width=4) (actual time=0.014..1411.251 rows=635903 loops=1)
                    Filter: (keyword_id > 29032)
                    Rows Removed by Filter: 3888027
              ->  Hash  (cost=67604.59..67604.59 rows=164776 width=4) (actual time=1141.633..1141.633 rows=164307 loops=1)
                    Buckets: 131072  Batches: 4  Memory Usage: 2488kB
                    ->  Seq Scan on title t  (cost=0.00..67604.59 rows=164776 width=4) (actual time=0.018..1082.175 rows=164307 loops=1)
                          Filter: (production_year = 2012)
                          Rows Removed by Filter: 2364005
Planning time: 2.089 ms
Execution time: 10676.386 ms
