Hash Join  (cost=84618.08..926551.80 rows=2440294 width=0) (actual time=1564.649..20942.978 rows=1426554 loops=1)
  Hash Cond: (ci.movie_id = t.id)
  ->  Seq Scan on cast_info ci  (cost=0.00..705507.15 rows=9468168 width=4) (actual time=0.016..14712.680 rows=9384703 loops=1)
        Filter: (role_id > 4)
        Rows Removed by Filter: 26859641
  ->  Hash  (cost=73925.90..73925.90 rows=651694 width=4) (actual time=1563.565..1563.565 rows=532575 loops=1)
        Buckets: 131072  Batches: 16  Memory Usage: 2197kB
        ->  Seq Scan on title t  (cost=0.00..73925.90 rows=651694 width=4) (actual time=0.018..1382.275 rows=532575 loops=1)
              Filter: ((kind_id > 1) AND (production_year < 1997))
              Rows Removed by Filter: 1995737
Planning time: 0.811 ms
Execution time: 21112.280 ms
