Hash Join  (cost=102767.86..929333.14 rows=856745 width=0) (actual time=10241.821..15093.046 rows=1056074 loops=1)
  Hash Cond: (ci.movie_id = t.id)
  ->  Seq Scan on cast_info ci  (cost=0.00..796071.18 rows=856745 width=4) (actual time=8336.725..11964.826 rows=1056074 loops=1)
        Filter: ((person_id > 2900329) AND (role_id = 3))
        Rows Removed by Filter: 35188270
  ->  Hash  (cost=61283.27..61283.27 rows=2528527 width=4) (actual time=1903.502..1903.502 rows=2528312 loops=1)
        Buckets: 131072  Batches: 64  Memory Usage: 2415kB
        ->  Seq Scan on title t  (cost=0.00..61283.27 rows=2528527 width=4) (actual time=0.032..1068.293 rows=2528312 loops=1)
Planning time: 2.222 ms
Execution time: 15209.775 ms
