Seq Scan on cast_info ci  (cost=0.00..705507.15 rows=500 width=0) (actual time=6562.723..10606.343 rows=70 loops=1)
  Filter: (person_id = 2950780)
  Rows Removed by Filter: 36244274
Planning time: 0.373 ms
Execution time: 10606.457 ms
