Hash Join  (cost=230871.90..736816.40 rows=3468190 width=0) (actual time=6167.956..18245.493 rows=1579916 loops=1)
  Hash Cond: (mi.movie_id = t.id)
  ->  Seq Scan on movie_info mi  (cost=0.00..346232.03 rows=9476311 width=4) (actual time=0.014..7300.660 rows=9565151 loops=1)
        Filter: (info_type_id < 16)
        Rows Removed by Filter: 5270569
  ->  Hash  (cost=215689.35..215689.35 rows=925404 width=8) (actual time=5597.352..5597.352 rows=199426 loops=1)
        Buckets: 131072  Batches: 16  Memory Usage: 1494kB
        ->  Hash Join  (cost=82412.27..215689.35 rows=925404 width=8) (actual time=2292.598..5534.297 rows=199426 loops=1)
              Hash Cond: (mk.movie_id = t.id)
              ->  Seq Scan on movie_keyword mk  (cost=0.00..69693.30 rows=4523930 width=4) (actual time=0.013..1541.137 rows=4523930 loops=1)
              ->  Hash  (cost=73925.90..73925.90 rows=517229 width=4) (actual time=1396.321..1396.321 rows=403947 loops=1)
                    Buckets: 131072  Batches: 8  Memory Usage: 2790kB
                    ->  Seq Scan on title t  (cost=0.00..73925.90 rows=517229 width=4) (actual time=0.014..1244.431 rows=403947 loops=1)
                          Filter: ((production_year < 1996) AND (kind_id = 7))
                          Rows Removed by Filter: 2124365
Planning time: 1.193 ms
Execution time: 18412.192 ms
