Seq Scan on cast_info ci  (cost=0.00..796071.18 rows=703682 width=0) (actual time=3050.950..13694.102 rows=916752 loops=1)
  Filter: ((person_id > 1381396) AND (role_id = 9))
  Rows Removed by Filter: 35327592
Planning time: 0.416 ms
Execution time: 13807.836 ms
