Hash Join  (cost=74071.18..101045.09 rows=6343 width=0) (actual time=1076.672..1713.994 rows=14217 loops=1)
  Hash Cond: (mi_idx.movie_id = t.id)
  ->  Seq Scan on movie_info_idx mi_idx  (cost=0.00..21735.35 rows=1380035 width=4) (actual time=0.015..334.924 rows=1380035 loops=1)
  ->  Hash  (cost=73925.90..73925.90 rows=11622 width=4) (actual time=1076.446..1076.446 rows=11141 loops=1)
        Buckets: 16384  Batches: 1  Memory Usage: 520kB
        ->  Seq Scan on title t  (cost=0.00..73925.90 rows=11622 width=4) (actual time=0.020..1071.620 rows=11141 loops=1)
              Filter: ((kind_id < 7) AND (production_year = 1994))
              Rows Removed by Filter: 2517171
Planning time: 0.728 ms
Execution time: 1716.299 ms
