Seq Scan on movie_companies mc  (cost=0.00..51404.11 rows=2267734 width=0) (actual time=0.012..1025.584 rows=2264673 loops=1)
  Filter: (company_id < 88847)
  Rows Removed by Filter: 344456
Planning time: 0.298 ms
Execution time: 1308.204 ms
