Seq Scan on cast_info ci  (cost=0.00..796071.18 rows=2038858 width=0) (actual time=8340.060..12149.931 rows=4138851 loops=1)
  Filter: ((person_id < 554024) AND (role_id = 1))
  Rows Removed by Filter: 32105493
Planning time: 0.367 ms
Execution time: 12683.440 ms
