Hash Join  (cost=117693.49..987115.79 rows=517095 width=0) (actual time=2227.027..20202.844 rows=1222250 loops=1)
  Hash Cond: (ci.movie_id = t.id)
  ->  Seq Scan on cast_info ci  (cost=0.00..705507.15 rows=13696855 width=4) (actual time=0.021..11842.970 rows=13668586 loops=1)
        Filter: (person_id < 1345789)
        Rows Removed by Filter: 22575758
  ->  Hash  (cost=116127.25..116127.25 rows=95459 width=8) (actual time=2226.200..2226.200 rows=105012 loops=1)
        Buckets: 131072  Batches: 2  Memory Usage: 3073kB
        ->  Hash Join  (cost=76796.18..116127.25 rows=95459 width=8) (actual time=1139.571..2193.469 rows=105012 loops=1)
              Hash Cond: (mi_idx.movie_id = t.id)
              ->  Seq Scan on movie_info_idx mi_idx  (cost=0.00..21735.35 rows=1380035 width=4) (actual time=0.009..473.583 rows=1380035 loops=1)
              ->  Hash  (cost=73925.90..73925.90 rows=174902 width=4) (actual time=1138.640..1138.640 rows=160286 loops=1)
                    Buckets: 131072  Batches: 4  Memory Usage: 2435kB
                    ->  Seq Scan on title t  (cost=0.00..73925.90 rows=174902 width=4) (actual time=287.233..1086.637 rows=160286 loops=1)
                          Filter: ((production_year > 2008) AND (kind_id = 1))
                          Rows Removed by Filter: 2368026
Planning time: 1.162 ms
Execution time: 20351.344 ms
