Hash Join  (cost=102767.86..219166.91 rows=1060426 width=0) (actual time=1915.289..4491.214 rows=1064196 loops=1)
  Hash Cond: (mk.movie_id = t.id)
  ->  Seq Scan on movie_keyword mk  (cost=0.00..81003.12 rows=1060426 width=4) (actual time=0.025..1428.984 rows=1064196 loops=1)
        Filter: (keyword_id > 16501)
        Rows Removed by Filter: 3459734
  ->  Hash  (cost=61283.27..61283.27 rows=2528527 width=4) (actual time=1910.545..1910.545 rows=2528312 loops=1)
        Buckets: 131072  Batches: 64  Memory Usage: 2425kB
        ->  Seq Scan on title t  (cost=0.00..61283.27 rows=2528527 width=4) (actual time=0.012..1044.647 rows=2528312 loops=1)
Planning time: 0.817 ms
Execution time: 4601.402 ms
