Hash Join  (cost=542515.92..1926433.07 rows=29674099 width=0) (actual time=10881.916..62538.675 rows=65780645 loops=1)
  Hash Cond: (ci.movie_id = t.id)
  ->  Seq Scan on cast_info ci  (cost=0.00..614943.12 rows=36225612 width=4) (actual time=0.019..13717.365 rows=36244344 loops=1)
  ->  Hash  (cost=508534.48..508534.48 rows=2071235 width=8) (actual time=10880.854..10880.854 rows=2168947 loops=1)
        Buckets: 131072  Batches: 32  Memory Usage: 3671kB
        ->  Hash Join  (cost=95609.14..508534.48 rows=2071235 width=8) (actual time=5757.274..10285.989 rows=2168947 loops=1)
              Hash Cond: (mi.movie_id = t.id)
              ->  Seq Scan on movie_info mi  (cost=0.00..346232.03 rows=3068194 width=4) (actual time=3746.985..5614.872 rows=3036719 loops=1)
                    Filter: (info_type_id = 16)
                    Rows Removed by Filter: 11799001
              ->  Hash  (cost=67604.59..67604.59 rows=1706924 width=4) (actual time=2008.756..2008.756 rows=1700316 loops=1)
                    Buckets: 131072  Batches: 32  Memory Usage: 2903kB
                    ->  Seq Scan on title t  (cost=0.00..67604.59 rows=1706924 width=4) (actual time=0.022..1439.082 rows=1700316 loops=1)
                          Filter: (production_year > 1992)
                          Rows Removed by Filter: 827996
Planning time: 1.217 ms
Execution time: 70346.208 ms
