Seq Scan on movie_keyword mk  (cost=0.00..81003.12 rows=3020653 width=0) (actual time=0.017..1525.457 rows=3001772 loops=1)
  Filter: (keyword_id < 10575)
  Rows Removed by Filter: 1522158
Planning time: 0.362 ms
Execution time: 1899.494 ms
