Hash Join  (cost=116949.60..576219.14 rows=313936 width=0) (actual time=2774.185..12135.007 rows=679329 loops=1)
  Hash Cond: (mi.movie_id = t.id)
  ->  Seq Scan on movie_info mi  (cost=0.00..346232.03 rows=9476311 width=4) (actual time=680.066..6437.410 rows=9565151 loops=1)
        Filter: (info_type_id < 16)
        Rows Removed by Filter: 5270569
  ->  Hash  (cost=115574.52..115574.52 rows=83766 width=8) (actual time=2093.479..2093.479 rows=76581 loops=1)
        Buckets: 131072  Batches: 2  Memory Usage: 2517kB
        ->  Hash Join  (cost=76444.38..115574.52 rows=83766 width=8) (actual time=1109.066..2068.908 rows=76581 loops=1)
              Hash Cond: (mi_idx.movie_id = t.id)
              ->  Seq Scan on movie_info_idx mi_idx  (cost=0.00..21735.35 rows=1380035 width=4) (actual time=0.020..427.111 rows=1380035 loops=1)
              ->  Hash  (cost=73925.90..73925.90 rows=153478 width=4) (actual time=1108.344..1108.344 rows=134760 loops=1)
                    Buckets: 131072  Batches: 4  Memory Usage: 2216kB
                    ->  Seq Scan on title t  (cost=0.00..73925.90 rows=153478 width=4) (actual time=0.010..1052.007 rows=134760 loops=1)
                          Filter: ((kind_id < 7) AND (production_year > 2010))
                          Rows Removed by Filter: 2393552
Planning time: 1.089 ms
Execution time: 12216.158 ms
