Seq Scan on movie_companies mc  (cost=0.00..57926.93 rows=51 width=0) (actual time=153.409..875.876 rows=4 loops=1)
  Filter: ((company_id = 22804) AND (company_type_id = 1))
  Rows Removed by Filter: 2609125
Planning time: 0.332 ms
Execution time: 875.967 ms
