Hash Join  (cost=81573.24..162006.04 rows=374113 width=0) (actual time=1602.639..3867.890 rows=602724 loops=1)
  Hash Cond: (mc.movie_id = t.id)
  ->  Seq Scan on movie_companies mc  (cost=0.00..51404.11 rows=2029482 width=4) (actual time=0.038..1073.668 rows=2032343 loops=1)
        Filter: (company_id > 629)
        Rows Removed by Filter: 576786
  ->  Hash  (cost=73925.90..73925.90 rows=466107 width=4) (actual time=1601.704..1601.704 rows=396359 loops=1)
        Buckets: 131072  Batches: 8  Memory Usage: 2762kB
        ->  Seq Scan on title t  (cost=0.00..73925.90 rows=466107 width=4) (actual time=0.015..1220.757 rows=396359 loops=1)
              Filter: ((kind_id < 7) AND (production_year > 2003))
              Rows Removed by Filter: 2131953
Planning time: 0.824 ms
Execution time: 3940.226 ms
