Seq Scan on cast_info ci  (cost=0.00..796071.18 rows=396 width=0) (actual time=5109.479..13971.300 rows=18 loops=1)
  Filter: ((role_id < 8) AND (person_id = 928147))
  Rows Removed by Filter: 36244326
Planning time: 0.517 ms
Execution time: 13971.425 ms
