Hash Join  (cost=94699.36..905280.21 rows=6185 width=0) (actual time=7022.025..16383.492 rows=6160 loops=1)
  Hash Cond: (ci.movie_id = t.id)
  ->  Seq Scan on cast_info ci  (cost=0.00..796071.18 rows=3852753 width=4) (actual time=5994.471..14751.866 rows=4008037 loops=1)
        Filter: ((person_id < 3802323) AND (role_id = 3))
        Rows Removed by Filter: 32236307
  ->  Hash  (cost=94648.62..94648.62 rows=4059 width=8) (actual time=1025.760..1025.760 rows=5284 loops=1)
        Buckets: 8192 (originally 4096)  Batches: 1 (originally 1)  Memory Usage: 271kB
        ->  Hash Join  (cost=67697.55..94648.62 rows=4059 width=8) (actual time=720.054..1024.410 rows=5284 loops=1)
              Hash Cond: (mi_idx.movie_id = t.id)
              ->  Seq Scan on movie_info_idx mi_idx  (cost=0.00..21735.35 rows=1380035 width=4) (actual time=0.017..134.448 rows=1380035 loops=1)
              ->  Hash  (cost=67604.59..67604.59 rows=7437 width=4) (actual time=712.963..712.963 rows=8007 loops=1)
                    Buckets: 8192  Batches: 1  Memory Usage: 346kB
                    ->  Seq Scan on title t  (cost=0.00..67604.59 rows=7437 width=4) (actual time=0.159..709.256 rows=8007 loops=1)
                          Filter: (production_year = 1955)
                          Rows Removed by Filter: 2520305
Planning time: 1.318 ms
Execution time: 16384.770 ms
