Seq Scan on movie_keyword mk  (cost=0.00..81003.12 rows=2769534 width=0) (actual time=0.010..1483.361 rows=2761143 loops=1)
  Filter: (keyword_id > 2863)
  Rows Removed by Filter: 1762787
Planning time: 0.316 ms
Execution time: 1816.747 ms
