Seq Scan on cast_info ci  (cost=0.00..796071.18 rows=2045263 width=0) (actual time=0.022..13036.822 rows=679390 loops=1)
  Filter: ((person_id < 1556838) AND (role_id > 9))
  Rows Removed by Filter: 35564954
Planning time: 0.416 ms
Execution time: 13122.150 ms
