Hash Join  (cost=93117.31..152130.05 rows=49731 width=0) (actual time=1869.080..3029.901 rows=71246 loops=1)
  Hash Cond: (mc.movie_id = t.id)
  ->  Seq Scan on movie_companies mc  (cost=0.00..51404.11 rows=80864 width=4) (actual time=0.240..847.350 rows=84071 loops=1)
        Filter: (company_id < 19)
        Rows Removed by Filter: 2525058
  ->  Hash  (cost=67604.59..67604.59 rows=1555018 width=4) (actual time=1867.397..1867.397 rows=1551727 loops=1)
        Buckets: 131072  Batches: 32  Memory Usage: 2728kB
        ->  Seq Scan on title t  (cost=0.00..67604.59 rows=1555018 width=4) (actual time=0.018..1358.463 rows=1551727 loops=1)
              Filter: (production_year < 2007)
              Rows Removed by Filter: 976585
Planning time: 0.778 ms
Execution time: 3038.047 ms
