Hash Join  (cost=156464.07..283716.33 rows=430922 width=0) (actual time=4658.744..6318.375 rows=594897 loops=1)
  Hash Cond: (mk.movie_id = t.id)
  ->  Seq Scan on movie_keyword mk  (cost=0.00..69693.30 rows=4523930 width=4) (actual time=0.017..1436.488 rows=4523930 loops=1)
  ->  Hash  (cost=152512.42..152512.42 rows=240852 width=8) (actual time=3028.733..3028.733 rows=168356 loops=1)
        Buckets: 131072  Batches: 4  Memory Usage: 2666kB
        ->  Hash Join  (cost=86534.07..152512.42 rows=240852 width=8) (actual time=1522.575..2972.378 rows=168356 loops=1)
              Hash Cond: (mc.movie_id = t.id)
              ->  Seq Scan on movie_companies mc  (cost=0.00..51404.11 rows=792460 width=4) (actual time=0.025..829.533 rows=779541 loops=1)
                    Filter: (company_id < 1685)
                    Rows Removed by Filter: 1829588
              ->  Hash  (cost=73925.90..73925.90 rows=768493 width=4) (actual time=1519.541..1519.541 rows=840010 loops=1)
                    Buckets: 131072  Batches: 16  Memory Usage: 2877kB
                    ->  Seq Scan on title t  (cost=0.00..73925.90 rows=768493 width=4) (actual time=0.028..1246.639 rows=840010 loops=1)
                          Filter: ((production_year > 2002) AND (kind_id = 7))
                          Rows Removed by Filter: 1688302
Planning time: 1.145 ms
Execution time: 6388.897 ms
