Hash Join  (cost=253387.89..846263.25 rows=8870050 width=0) (actual time=8183.543..66293.693 rows=200463146 loops=1)
  Hash Cond: (mi.movie_id = t.id)
  ->  Seq Scan on movie_info mi  (cost=0.00..309384.22 rows=14739122 width=4) (actual time=0.015..6105.238 rows=14835720 loops=1)
  ->  Hash  (cost=228421.94..228421.94 rows=1521676 width=8) (actual time=8180.923..8180.923 rows=3112638 loops=1)
        Buckets: 131072 (originally 131072)  Batches: 64 (originally 32)  Memory Usage: 3073kB
        ->  Hash Join  (cost=87880.14..228421.94 rows=1521676 width=8) (actual time=2086.834..7201.788 rows=3112638 loops=1)
              Hash Cond: (mk.movie_id = t.id)
              ->  Seq Scan on movie_keyword mk  (cost=0.00..69693.30 rows=4523930 width=4) (actual time=0.020..1446.621 rows=4523930 loops=1)
              ->  Hash  (cost=73925.90..73925.90 rows=850499 width=4) (actual time=2085.768..2085.768 rows=765361 loops=1)
                    Buckets: 131072  Batches: 16  Memory Usage: 2718kB
                    ->  Seq Scan on title t  (cost=0.00..73925.90 rows=850499 width=4) (actual time=0.027..1236.670 rows=765361 loops=1)
                          Filter: ((kind_id < 7) AND (production_year > 1963))
                          Rows Removed by Filter: 1762951
Planning time: 1.173 ms
Execution time: 87726.032 ms
