Nested Loop  (cost=0.43..52283.95 rows=63 width=0) (actual time=1.271..855.872 rows=313 loops=1)
  ->  Seq Scan on movie_companies mc  (cost=0.00..51404.11 rows=104 width=4) (actual time=1.237..829.680 rows=658 loops=1)
        Filter: (company_id = 772)
        Rows Removed by Filter: 2608471
  ->  Index Scan using title_pkey on title t  (cost=0.43..8.45 rows=1 width=4) (actual time=0.039..0.039 rows=0 loops=658)
        Index Cond: (id = mc.movie_id)
        Filter: (kind_id = 7)
        Rows Removed by Filter: 1
Planning time: 0.788 ms
Execution time: 856.049 ms
