Seq Scan on cast_info ci  (cost=0.00..705507.15 rows=500 width=0) (actual time=4765.843..10495.955 rows=14 loops=1)
  Filter: (person_id = 512596)
  Rows Removed by Filter: 36244330
Planning time: 0.315 ms
Execution time: 10496.026 ms
