Seq Scan on movie_companies mc  (cost=0.00..57926.93 rows=1017398 width=0) (actual time=0.023..1152.667 rows=1274246 loops=1)
  Filter: ((company_id < 72312) AND (company_type_id = 1))
  Rows Removed by Filter: 1334883
Planning time: 3.637 ms
Execution time: 1332.626 ms
