Nested Loop  (cost=0.43..83071.67 rows=246 width=0) (actual time=591.624..1115.986 rows=1 loops=1)
  ->  Seq Scan on movie_keyword mk  (cost=0.00..81003.12 rows=246 width=4) (actual time=591.550..1115.910 rows=1 loops=1)
        Filter: (keyword_id = 131743)
        Rows Removed by Filter: 4523929
  ->  Index Only Scan using title_pkey on title t  (cost=0.43..8.40 rows=1 width=4) (actual time=0.063..0.064 rows=1 loops=1)
        Index Cond: (id = mk.movie_id)
        Heap Fetches: 1
Planning time: 0.776 ms
Execution time: 1116.044 ms
