Seq Scan on cast_info ci  (cost=0.00..705507.15 rows=1581010 width=0) (actual time=1791.362..10432.681 rows=1506849 loops=1)
  Filter: (person_id < 150998)
  Rows Removed by Filter: 34737495
Planning time: 0.325 ms
Execution time: 10625.265 ms
