Hash Join  (cost=474386.37..1233678.82 rows=605942 width=0) (actual time=14378.179..24427.040 rows=1457111 loops=1)
  Hash Cond: (ci.movie_id = t.id)
  ->  Seq Scan on cast_info ci  (cost=0.00..705507.15 rows=3998100 width=4) (actual time=6125.979..13694.428 rows=4008037 loops=1)
        Filter: (role_id = 3)
        Rows Removed by Filter: 32236307
  ->  Hash  (cost=468099.16..468099.16 rows=383217 width=8) (actual time=8251.230..8251.230 rows=368218 loops=1)
        Buckets: 131072  Batches: 8  Memory Usage: 2837kB
        ->  Hash Join  (cost=102767.86..468099.16 rows=383217 width=8) (actual time=4878.112..8139.065 rows=368218 loops=1)
              Hash Cond: (mi.movie_id = t.id)
              ->  Seq Scan on movie_info mi  (cost=0.00..346232.03 rows=383217 width=4) (actual time=2865.225..5403.576 rows=368218 loops=1)
                    Filter: (info_type_id = 17)
                    Rows Removed by Filter: 14467502
              ->  Hash  (cost=61283.27..61283.27 rows=2528527 width=4) (actual time=2002.803..2002.803 rows=2528312 loops=1)
                    Buckets: 131072  Batches: 64  Memory Usage: 2425kB
                    ->  Seq Scan on title t  (cost=0.00..61283.27 rows=2528527 width=4) (actual time=0.020..1106.939 rows=2528312 loops=1)
Planning time: 9.959 ms
Execution time: 24606.020 ms
