Nested Loop  (cost=44377.22..431427.55 rows=7205 width=0) (actual time=4820.614..6302.286 rows=1917 loops=1)
  Join Filter: (mi.movie_id = t.id)
  ->  Hash Join  (cost=44376.79..399813.99 rows=53320 width=8) (actual time=4820.505..6013.208 rows=20212 loops=1)
        Hash Cond: (mi.movie_id = mi_idx.movie_id)
        ->  Seq Scan on movie_info mi  (cost=0.00..346232.03 rows=17937 width=4) (actual time=3928.249..4907.431 rows=6620 loops=1)
              Filter: (info_type_id = 65)
              Rows Removed by Filter: 14829100
        ->  Hash  (cost=21735.35..21735.35 rows=1380035 width=4) (actual time=889.715..889.715 rows=1380035 loops=1)
              Buckets: 131072  Batches: 32  Memory Usage: 2557kB
              ->  Seq Scan on movie_info_idx mi_idx  (cost=0.00..21735.35 rows=1380035 width=4) (actual time=0.026..458.449 rows=1380035 loops=1)
  ->  Index Scan using title_pkey on title t  (cost=0.43..0.58 rows=1 width=4) (actual time=0.014..0.014 rows=0 loops=20212)
        Index Cond: (id = mi_idx.movie_id)
        Filter: (kind_id > 1)
        Rows Removed by Filter: 1
Planning time: 1.123 ms
Execution time: 6302.791 ms
