Hash Join  (cost=654205.76..1967073.55 rows=21524653 width=0) (actual time=20312.426..65690.446 rows=90856357 loops=1)
  Hash Cond: (ci.movie_id = t.id)
  ->  Seq Scan on cast_info ci  (cost=0.00..796071.18 rows=16191908 width=4) (actual time=1703.612..15652.017 rows=14770943 loops=1)
        Filter: ((person_id > 1151228) AND (role_id < 4))
        Rows Removed by Filter: 21473401
  ->  Hash  (cost=599058.66..599058.66 rows=3361288 width=8) (actual time=18604.675..18604.675 rows=7527320 loops=1)
        Buckets: 131072 (originally 131072)  Batches: 128 (originally 64)  Memory Usage: 3309kB
        ->  Hash Join  (cost=83386.85..599058.66 rows=3361288 width=8) (actual time=1311.960..16364.189 rows=7527320 loops=1)
              Hash Cond: (mi.movie_id = t.id)
              ->  Seq Scan on movie_info mi  (cost=0.00..309384.22 rows=14739122 width=4) (actual time=0.029..5373.189 rows=14835720 loops=1)
              ->  Hash  (cost=73925.90..73925.90 rows=576636 width=4) (actual time=1311.037..1311.037 rows=597161 loops=1)
                    Buckets: 131072  Batches: 8  Memory Usage: 3671kB
                    ->  Seq Scan on title t  (cost=0.00..73925.90 rows=576636 width=4) (actual time=0.026..1110.702 rows=597161 loops=1)
                          Filter: ((kind_id < 3) AND (production_year < 2010))
                          Rows Removed by Filter: 1931151
Planning time: 1.246 ms
Execution time: 75611.991 ms
