Seq Scan on cast_info ci  (cost=0.00..705507.15 rows=25222875 width=0) (actual time=0.013..11692.338 rows=25244542 loops=1)
  Filter: (person_id < 2604575)
  Rows Removed by Filter: 10999802
Planning time: 0.518 ms
Execution time: 14758.593 ms
