Seq Scan on movie_keyword mk  (cost=0.00..81003.12 rows=1723676 width=0) (actual time=0.025..1410.290 rows=1734133 loops=1)
  Filter: (keyword_id > 8138)
  Rows Removed by Filter: 2789797
Planning time: 0.310 ms
Execution time: 1634.578 ms
