Hash Join  (cost=82423.69..1249156.34 rows=12940049 width=0) (actual time=1675.794..36996.646 rows=14326172 loops=1)
  Hash Cond: (ci.movie_id = t.id)
  ->  Seq Scan on cast_info ci  (cost=0.00..614943.12 rows=36225612 width=4) (actual time=0.012..13372.087 rows=36244344 loops=1)
  ->  Hash  (cost=67604.59..67604.59 rows=903208 width=4) (actual time=1674.572..1674.572 rows=904491 loops=1)
        Buckets: 131072  Batches: 16  Memory Usage: 3010kB
        ->  Seq Scan on title t  (cost=0.00..67604.59 rows=903208 width=4) (actual time=0.017..1388.878 rows=904491 loops=1)
              Filter: (production_year > 2006)
              Rows Removed by Filter: 1623821
Planning time: 0.790 ms
Execution time: 38465.490 ms
