Seq Scan on movie_companies mc  (cost=0.00..57926.93 rows=1012646 width=0) (actual time=0.023..991.414 rows=872023 loops=1)
  Filter: ((company_id > 531) AND (company_type_id = 1))
  Rows Removed by Filter: 1737106
Planning time: 0.391 ms
Execution time: 1111.604 ms
