Hash Join  (cost=78364.59..132587.62 rows=14915 width=0) (actual time=1322.313..2778.385 rows=46303 loops=1)
  Hash Cond: (mc.movie_id = t.id)
  ->  Seq Scan on movie_companies mc  (cost=0.00..51404.11 rows=139403 width=4) (actual time=127.786..737.551 rows=138423 loops=1)
        Filter: (company_id > 137077)
        Rows Removed by Filter: 2470706
  ->  Hash  (cost=73925.90..73925.90 rows=270535 width=4) (actual time=1193.569..1193.569 rows=374196 loops=1)
        Buckets: 131072 (originally 131072)  Batches: 8 (originally 4)  Memory Usage: 3073kB
        ->  Seq Scan on title t  (cost=0.00..73925.90 rows=270535 width=4) (actual time=0.036..1066.004 rows=374196 loops=1)
              Filter: ((kind_id < 2) AND (production_year < 2000))
              Rows Removed by Filter: 2154116
Planning time: 0.498 ms
Execution time: 2784.771 ms
