Seq Scan on movie_keyword mk  (cost=0.00..81003.12 rows=3230573 width=0) (actual time=0.014..1320.273 rows=3219021 loops=1)
  Filter: (keyword_id < 13469)
  Rows Removed by Filter: 1304909
Planning time: 0.234 ms
Execution time: 1706.701 ms
