Hash Join  (cost=232412.45..777699.33 rows=6136797 width=0) (actual time=6037.530..58093.423 rows=166106999 loops=1)
  Hash Cond: (mi.movie_id = t.id)
  ->  Seq Scan on movie_info mi  (cost=0.00..309384.22 rows=14739122 width=4) (actual time=0.023..5618.133 rows=14835720 loops=1)
  ->  Hash  (cost=215139.70..215139.70 rows=1052780 width=8) (actual time=6036.441..6036.441 rows=2387947 loops=1)
        Buckets: 131072 (originally 131072)  Batches: 32 (originally 16)  Memory Usage: 4009kB
        ->  Hash Join  (cost=80042.24..215139.70 rows=1052780 width=8) (actual time=1315.885..5321.448 rows=2387947 loops=1)
              Hash Cond: (mk.movie_id = t.id)
              ->  Seq Scan on movie_keyword mk  (cost=0.00..81003.12 rows=3511611 width=4) (actual time=0.025..1655.638 rows=3504470 loops=1)
                    Filter: (keyword_id < 17670)
                    Rows Removed by Filter: 1019460
              ->  Hash  (cost=67604.59..67604.59 rows=758052 width=4) (actual time=1314.515..1314.515 rows=753677 loops=1)
                    Buckets: 131072  Batches: 16  Memory Usage: 2686kB
                    ->  Seq Scan on title t  (cost=0.00..67604.59 rows=758052 width=4) (actual time=0.031..1068.559 rows=753677 loops=1)
                          Filter: (kind_id < 3)
                          Rows Removed by Filter: 1774635
Planning time: 1.158 ms
Execution time: 77076.002 ms
