Seq Scan on cast_info ci  (cost=0.00..705507.15 rows=30330411 width=0) (actual time=0.020..11951.357 rows=30433141 loops=1)
  Filter: (person_id > 562681)
  Rows Removed by Filter: 5811203
Planning time: 0.317 ms
Execution time: 15729.329 ms
