Seq Scan on movie_companies mc  (cost=0.00..51404.11 rows=2349199 width=0) (actual time=0.054..946.528 rows=2353403 loops=1)
  Filter: (company_id > 124)
  Rows Removed by Filter: 255726
Planning time: 0.300 ms
Execution time: 1248.897 ms
