Hash Join  (cost=81159.51..122981.08 rows=240609 width=0) (actual time=1944.786..3022.644 rows=125478 loops=1)
  Hash Cond: (mi_idx.movie_id = t.id)
  ->  Seq Scan on movie_info_idx mi_idx  (cost=0.00..21735.35 rows=1380035 width=4) (actual time=0.029..412.377 rows=1380035 loops=1)
  ->  Hash  (cost=73925.90..73925.90 rows=440848 width=4) (actual time=1943.179..1943.179 rows=301510 loops=1)
        Buckets: 131072  Batches: 8  Memory Usage: 2340kB
        ->  Seq Scan on title t  (cost=0.00..73925.90 rows=440848 width=4) (actual time=0.031..1180.699 rows=301510 loops=1)
              Filter: ((kind_id > 2) AND (production_year < 1987))
              Rows Removed by Filter: 2226802
Planning time: 0.643 ms
Execution time: 3038.507 ms
