Hash Join  (cost=278853.69..908033.99 rows=12272547 width=0) (actual time=6067.240..42791.322 rows=115167735 loops=1)
  Hash Cond: (mi.movie_id = t.id)
  ->  Seq Scan on movie_info mi  (cost=0.00..309384.22 rows=14739122 width=4) (actual time=0.017..4994.814 rows=14835720 loops=1)
  ->  Hash  (cost=244311.42..244311.42 rows=2105381 width=8) (actual time=6066.033..6066.033 rows=2104681 loops=1)
        Buckets: 131072  Batches: 32  Memory Usage: 3657kB
        ->  Hash Join  (cost=102767.86..244311.42 rows=2105381 width=8) (actual time=1850.244..5485.021 rows=2104681 loops=1)
              Hash Cond: (mk.movie_id = t.id)
              ->  Seq Scan on movie_keyword mk  (cost=0.00..81003.12 rows=2105381 width=4) (actual time=0.016..1443.855 rows=2104681 loops=1)
                    Filter: (keyword_id > 5704)
                    Rows Removed by Filter: 2419249
              ->  Hash  (cost=61283.27..61283.27 rows=2528527 width=4) (actual time=1849.437..1849.437 rows=2528312 loops=1)
                    Buckets: 131072  Batches: 64  Memory Usage: 2425kB
                    ->  Seq Scan on title t  (cost=0.00..61283.27 rows=2528527 width=4) (actual time=0.016..993.534 rows=2528312 loops=1)
Planning time: 1.121 ms
Execution time: 54320.107 ms
