Hash Join  (cost=67697.55..126584.73 rows=5824 width=0) (actual time=939.141..2193.757 rows=14453 loops=1)
  Hash Cond: (mc.movie_id = t.id)
  ->  Seq Scan on movie_companies mc  (cost=0.00..51404.11 rows=1979955 width=4) (actual time=0.025..908.795 rows=1975918 loops=1)
        Filter: (company_id < 58824)
        Rows Removed by Filter: 633211
  ->  Hash  (cost=67604.59..67604.59 rows=7437 width=4) (actual time=938.818..938.818 rows=8902 loops=1)
        Buckets: 16384 (originally 8192)  Batches: 1 (originally 1)  Memory Usage: 441kB
        ->  Seq Scan on title t  (cost=0.00..67604.59 rows=7437 width=4) (actual time=0.022..934.721 rows=8902 loops=1)
              Filter: (production_year = 1913)
              Rows Removed by Filter: 2519410
Planning time: 2.576 ms
Execution time: 2196.213 ms
