Hash Join  (cost=102767.86..1137588.39 rows=9511468 width=0) (actual time=1896.376..27240.420 rows=10531739 loops=1)
  Hash Cond: (ci.movie_id = t.id)
  ->  Seq Scan on cast_info ci  (cost=0.00..796071.18 rows=9511468 width=4) (actual time=0.022..16819.501 rows=10531739 loops=1)
        Filter: ((person_id > 767248) AND (role_id > 3))
        Rows Removed by Filter: 25712605
  ->  Hash  (cost=61283.27..61283.27 rows=2528527 width=4) (actual time=1895.096..1895.096 rows=2528312 loops=1)
        Buckets: 131072  Batches: 64  Memory Usage: 2415kB
        ->  Seq Scan on title t  (cost=0.00..61283.27 rows=2528527 width=4) (actual time=0.023..1057.297 rows=2528312 loops=1)
Planning time: 0.755 ms
Execution time: 28442.643 ms
