Hash Join  (cost=98137.04..202620.42 rows=1671320 width=0) (actual time=1676.148..4484.706 rows=1243624 loops=1)
  Hash Cond: (mc.movie_id = t.id)
  ->  Seq Scan on movie_companies mc  (cost=0.00..51404.11 rows=2270815 width=4) (actual time=0.021..1112.655 rows=2268258 loops=1)
        Filter: (company_id < 89231)
        Rows Removed by Filter: 340871
  ->  Hash  (cost=67604.59..67604.59 rows=1860996 width=4) (actual time=1674.842..1674.842 rows=1865487 loops=1)
        Buckets: 131072  Batches: 32  Memory Usage: 3079kB
        ->  Seq Scan on title t  (cost=0.00..67604.59 rows=1860996 width=4) (actual time=0.018..1093.021 rows=1865487 loops=1)
              Filter: (kind_id > 1)
              Rows Removed by Filter: 662825
Planning time: 0.754 ms
Execution time: 4626.583 ms
