Hash Join  (cost=112200.01..867482.34 rows=449323 width=0) (actual time=1983.445..16794.615 rows=632748 loops=1)
  Hash Cond: (ci.movie_id = t.id)
  ->  Seq Scan on cast_info ci  (cost=0.00..614943.12 rows=36225612 width=4) (actual time=0.015..6936.956 rows=36244344 loops=1)
  ->  Hash  (cost=111807.99..111807.99 rows=31362 width=8) (actual time=1983.197..1983.197 rows=14202 loops=1)
        Buckets: 32768  Batches: 1  Memory Usage: 811kB
        ->  Hash Join  (cost=75342.47..111807.99 rows=31362 width=8) (actual time=1150.890..1978.046 rows=14202 loops=1)
              Hash Cond: (mi_idx.movie_id = t.id)
              ->  Seq Scan on movie_info_idx mi_idx  (cost=0.00..25185.44 rows=919057 width=4) (actual time=0.028..498.891 rows=920110 loops=1)
                    Filter: (info_type_id > 99)
                    Rows Removed by Filter: 459925
              ->  Hash  (cost=73925.90..73925.90 rows=86285 width=4) (actual time=1149.978..1149.978 rows=92628 loops=1)
                    Buckets: 131072  Batches: 2  Memory Usage: 2653kB
                    ->  Seq Scan on title t  (cost=0.00..73925.90 rows=86285 width=4) (actual time=0.785..1115.198 rows=92628 loops=1)
                          Filter: ((kind_id = 7) AND (production_year = 2010))
                          Rows Removed by Filter: 2435684
Planning time: 1.279 ms
Execution time: 16879.289 ms
