Seq Scan on movie_companies mc  (cost=0.00..51404.11 rows=46415 width=0) (actual time=530.760..718.633 rows=45387 loops=1)
  Filter: (company_id > 195099)
  Rows Removed by Filter: 2563742
Planning time: 0.295 ms
Execution time: 724.462 ms
