Seq Scan on movie_keyword mk  (cost=0.00..81003.12 rows=246 width=0) (actual time=34.547..1181.400 rows=92 loops=1)
  Filter: (keyword_id = 3615)
  Rows Removed by Filter: 4523838
Planning time: 0.365 ms
Execution time: 1181.562 ms
