Hash Join  (cost=866747.60..1342780.65 rows=3263936 width=0) (actual time=16133.367..30638.399 rows=18240688 loops=1)
  Hash Cond: (mi.movie_id = t.id)
  ->  Seq Scan on movie_info mi  (cost=0.00..346232.03 rows=7235534 width=4) (actual time=0.015..5849.904 rows=7286865 loops=1)
        Filter: (info_type_id < 8)
        Rows Removed by Filter: 7548855
  ->  Hash  (cost=848033.92..848033.92 rows=1140614 width=8) (actual time=16132.163..16132.163 rows=986086 loops=1)
        Buckets: 131072  Batches: 16  Memory Usage: 3518kB
        ->  Hash Join  (cost=78556.72..848033.92 rows=1140614 width=8) (actual time=6801.441..15830.424 rows=986086 loops=1)
              Hash Cond: (ci.movie_id = t.id)
              ->  Seq Scan on cast_info ci  (cost=0.00..705507.15 rows=4320508 width=4) (actual time=5651.182..12368.876 rows=4323018 loops=1)
                    Filter: (role_id = 10)
                    Rows Removed by Filter: 31921326
              ->  Hash  (cost=67604.59..67604.59 rows=667531 width=4) (actual time=1149.352..1149.352 rows=662825 loops=1)
                    Buckets: 131072  Batches: 16  Memory Usage: 2476kB
                    ->  Seq Scan on title t  (cost=0.00..67604.59 rows=667531 width=4) (actual time=302.110..967.955 rows=662825 loops=1)
                          Filter: (kind_id = 1)
                          Rows Removed by Filter: 1865487
Planning time: 1.485 ms
Execution time: 32817.976 ms
