Hash Join  (cost=112835.91..479820.81 rows=232899 width=0) (actual time=2309.823..10988.000 rows=563096 loops=1)
  Hash Cond: (mi.movie_id = t.id)
  ->  Seq Scan on movie_info mi  (cost=0.00..309384.22 rows=14739122 width=4) (actual time=0.020..4567.544 rows=14835720 loops=1)
  ->  Hash  (cost=112336.49..112336.49 rows=39954 width=8) (actual time=2309.346..2309.346 rows=55694 loops=1)
        Buckets: 65536  Batches: 1  Memory Usage: 2688kB
        ->  Hash Join  (cost=75737.88..112336.49 rows=39954 width=8) (actual time=1589.475..2290.570 rows=55694 loops=1)
              Hash Cond: (mi_idx.movie_id = t.id)
              ->  Seq Scan on movie_info_idx mi_idx  (cost=0.00..25185.44 rows=915101 width=4) (actual time=0.030..576.005 rows=919850 loops=1)
                    Filter: (info_type_id < 101)
                    Rows Removed by Filter: 460185
              ->  Hash  (cost=73925.90..73925.90 rows=110398 width=4) (actual time=1379.775..1379.775 rows=117920 loops=1)
                    Buckets: 131072  Batches: 2  Memory Usage: 3095kB
                    ->  Seq Scan on title t  (cost=0.00..73925.90 rows=110398 width=4) (actual time=0.021..1337.615 rows=117920 loops=1)
                          Filter: ((production_year > 1908) AND (kind_id = 4))
                          Rows Removed by Filter: 2410392
Planning time: 1.153 ms
Execution time: 11061.792 ms
