Nested Loop  (cost=0.43..150060.35 rows=2805 width=0) (actual time=5.660..1577.465 rows=1370 loops=1)
  ->  Seq Scan on movie_keyword mk  (cost=0.00..81003.12 rows=10707 width=4) (actual time=1.213..1332.696 rows=9226 loops=1)
        Filter: (keyword_id = 875)
        Rows Removed by Filter: 4514704
  ->  Index Scan using title_pkey on title t  (cost=0.43..6.44 rows=1 width=4) (actual time=0.026..0.026 rows=0 loops=9226)
        Index Cond: (id = mk.movie_id)
        Filter: (production_year > 2008)
        Rows Removed by Filter: 1
Planning time: 0.737 ms
Execution time: 1578.129 ms
