Hash Join  (cost=72085.10..169573.33 rows=131704 width=0) (actual time=1649.508..3594.331 rows=204774 loops=1)
  Hash Cond: (mk.movie_id = t.id)
  ->  Seq Scan on movie_keyword mk  (cost=0.00..81003.12 rows=1219484 width=4) (actual time=0.015..1355.393 rows=1225753 loops=1)
        Filter: (keyword_id < 1556)
        Rows Removed by Filter: 3298177
  ->  Hash  (cost=67604.59..67604.59 rows=273081 width=4) (actual time=1648.554..1648.554 rows=273902 loops=1)
        Buckets: 131072  Batches: 4  Memory Usage: 3434kB
        ->  Seq Scan on title t  (cost=0.00..67604.59 rows=273081 width=4) (actual time=0.014..1052.206 rows=273902 loops=1)
              Filter: (production_year < 1963)
              Rows Removed by Filter: 2254410
Planning time: 0.701 ms
Execution time: 3621.402 ms
