Hash Join  (cost=366115.88..2162971.96 rows=61055887 width=0) (actual time=8251.931..81486.337 rows=202737924 loops=1)
  Hash Cond: (ci.movie_id = t.id)
  ->  Seq Scan on cast_info ci  (cost=0.00..614943.12 rows=36225612 width=4) (actual time=0.013..12194.331 rows=36244344 loops=1)
  ->  Hash  (cost=296197.06..296197.06 rows=4261666 width=8) (actual time=8250.346..8250.346 rows=4262833 loops=1)
        Buckets: 131072  Batches: 64  Memory Usage: 3651kB
        ->  Hash Join  (cost=102767.86..296197.06 rows=4261666 width=8) (actual time=1696.081..7014.590 rows=4262833 loops=1)
              Hash Cond: (mk.movie_id = t.id)
              ->  Seq Scan on movie_keyword mk  (cost=0.00..81003.12 rows=4261666 width=4) (actual time=0.014..1715.431 rows=4262833 loops=1)
                    Filter: (keyword_id < 59232)
                    Rows Removed by Filter: 261097
              ->  Hash  (cost=61283.27..61283.27 rows=2528527 width=4) (actual time=1694.293..1694.293 rows=2528312 loops=1)
                    Buckets: 131072  Batches: 64  Memory Usage: 2425kB
                    ->  Seq Scan on title t  (cost=0.00..61283.27 rows=2528527 width=4) (actual time=0.011..853.279 rows=2528312 loops=1)
Planning time: 1.071 ms
Execution time: 101217.826 ms
