Nested Loop  (cost=0.43..83072.29 rows=72 width=0) (actual time=0.604..1100.889 rows=584 loops=1)
  ->  Seq Scan on movie_keyword mk  (cost=0.00..81003.12 rows=246 width=4) (actual time=0.568..1085.746 rows=599 loops=1)
        Filter: (keyword_id = 53104)
        Rows Removed by Filter: 4523331
  ->  Index Scan using title_pkey on title t  (cost=0.43..8.40 rows=1 width=4) (actual time=0.024..0.024 rows=1 loops=599)
        Index Cond: (id = mk.movie_id)
        Filter: (production_year < 1992)
        Rows Removed by Filter: 0
Planning time: 0.711 ms
Execution time: 1101.237 ms
