Hash Join  (cost=547692.12..1585653.23 rows=13079770 width=0) (actual time=14817.802..46636.989 rows=52211925 loops=1)
  Hash Cond: (ci.movie_id = t.id)
  ->  Seq Scan on cast_info ci  (cost=0.00..705507.15 rows=15069851 width=4) (actual time=4507.607..13835.855 rows=15229023 loops=1)
        Filter: (person_id > 2119719)
        Rows Removed by Filter: 21015321
  ->  Hash  (cost=511686.41..511686.41 rows=2194617 width=8) (actual time=10308.750..10308.750 rows=2233850 loops=1)
        Buckets: 131072  Batches: 32  Memory Usage: 3598kB
        ->  Hash Join  (cost=102767.86..511686.41 rows=2194617 width=8) (actual time=3326.705..9675.224 rows=2233850 loops=1)
              Hash Cond: (mi.movie_id = t.id)
              ->  Seq Scan on movie_info mi  (cost=0.00..346232.03 rows=2194617 width=4) (actual time=1312.812..5498.457 rows=2233850 loops=1)
                    Filter: (info_type_id > 16)
                    Rows Removed by Filter: 12601870
              ->  Hash  (cost=61283.27..61283.27 rows=2528527 width=4) (actual time=2003.666..2003.666 rows=2528312 loops=1)
                    Buckets: 131072  Batches: 64  Memory Usage: 2425kB
                    ->  Seq Scan on title t  (cost=0.00..61283.27 rows=2528527 width=4) (actual time=0.023..1147.167 rows=2528312 loops=1)
Planning time: 1.179 ms
Execution time: 52805.209 ms
