Hash Join  (cost=186137.38..1276535.97 rows=5509243 width=0) (actual time=3271.760..31974.501 rows=5655345 loops=1)
  Hash Cond: (ci.movie_id = t.id)
  ->  Seq Scan on cast_info ci  (cost=0.00..614943.12 rows=36225612 width=4) (actual time=0.018..11937.144 rows=36244344 loops=1)
  ->  Hash  (cost=179827.60..179827.60 rows=384542 width=8) (actual time=3269.469..3269.469 rows=222885 loops=1)
        Buckets: 131072  Batches: 8  Memory Usage: 2120kB
        ->  Hash Join  (cost=102767.86..179827.60 rows=384542 width=8) (actual time=2048.580..3196.439 rows=222885 loops=1)
              Hash Cond: (mc.movie_id = t.id)
              ->  Seq Scan on movie_companies mc  (cost=0.00..57926.93 rows=384542 width=4) (actual time=329.559..830.685 rows=222885 loops=1)
                    Filter: ((company_id < 1461) AND (company_type_id > 1))
                    Rows Removed by Filter: 2386244
              ->  Hash  (cost=61283.27..61283.27 rows=2528527 width=4) (actual time=1717.668..1717.668 rows=2528312 loops=1)
                    Buckets: 131072  Batches: 64  Memory Usage: 2415kB
                    ->  Seq Scan on title t  (cost=0.00..61283.27 rows=2528527 width=4) (actual time=0.022..886.290 rows=2528312 loops=1)
Planning time: 1.135 ms
Execution time: 32574.007 ms
