Hash Join  (cost=244317.10..808492.94 rows=7907094 width=0) (actual time=5704.827..32465.547 rows=67899812 loops=1)
  Hash Cond: (mi.movie_id = t.id)
  ->  Seq Scan on movie_info mi  (cost=0.00..309384.22 rows=14739122 width=4) (actual time=0.015..5158.499 rows=14835720 loops=1)
  ->  Hash  (cost=222062.12..222062.12 rows=1356478 width=8) (actual time=5703.237..5703.237 rows=1120636 loops=1)
        Buckets: 131072  Batches: 32  Memory Usage: 2501kB
        ->  Hash Join  (cost=93408.25..222062.12 rows=1356478 width=8) (actual time=1584.252..5375.433 rows=1120636 loops=1)
              Hash Cond: (mk.movie_id = t.id)
              ->  Seq Scan on movie_keyword mk  (cost=0.00..81003.12 rows=2180793 width=4) (actual time=0.015..1488.390 rows=2180433 loops=1)
                    Filter: (keyword_id > 5210)
                    Rows Removed by Filter: 2343497
              ->  Hash  (cost=67604.59..67604.59 rows=1572773 width=4) (actual time=1581.625..1581.625 rows=1570568 loops=1)
                    Buckets: 131072  Batches: 32  Memory Usage: 2759kB
                    ->  Seq Scan on title t  (cost=0.00..67604.59 rows=1572773 width=4) (actual time=0.023..1061.577 rows=1570568 loops=1)
                          Filter: (production_year > 1996)
                          Rows Removed by Filter: 957744
Planning time: 1.185 ms
Execution time: 39366.625 ms
