Hash Join  (cost=136357.96..266836.03 rows=695703 width=0) (actual time=2732.925..7517.873 rows=6445248 loops=1)
  Hash Cond: (mk.movie_id = t.id)
  ->  Seq Scan on movie_keyword mk  (cost=0.00..69693.30 rows=4523930 width=4) (actual time=0.009..1246.157 rows=4523930 loops=1)
  ->  Hash  (cost=129978.41..129978.41 rows=388844 width=8) (actual time=2731.808..2731.808 rows=678749 loops=1)
        Buckets: 131072 (originally 131072)  Batches: 16 (originally 8)  Memory Usage: 3073kB
        ->  Hash Join  (cost=85614.49..129978.41 rows=388844 width=8) (actual time=1317.283..2556.752 rows=678749 loops=1)
              Hash Cond: (mi_idx.movie_id = t.id)
              ->  Seq Scan on movie_info_idx mi_idx  (cost=0.00..21735.35 rows=1380035 width=4) (actual time=0.016..390.196 rows=1380035 loops=1)
              ->  Hash  (cost=73925.90..73925.90 rows=712447 width=4) (actual time=1316.398..1316.398 rows=601795 loops=1)
                    Buckets: 131072  Batches: 16  Memory Usage: 2345kB
                    ->  Seq Scan on title t  (cost=0.00..73925.90 rows=712447 width=4) (actual time=0.011..1131.324 rows=601795 loops=1)
                          Filter: ((kind_id < 4) AND (production_year > 1969))
                          Rows Removed by Filter: 1926517
Planning time: 1.099 ms
Execution time: 8271.605 ms
