Hash Join  (cost=261389.77..1466467.15 rows=16795782 width=0) (actual time=5965.123..48612.137 rows=55754041 loops=1)
  Hash Cond: (ci.movie_id = t.id)
  ->  Seq Scan on cast_info ci  (cost=0.00..705507.15 rows=25371482 width=4) (actual time=0.015..14181.283 rows=25386995 loops=1)
        Filter: (person_id < 2620680)
        Rows Removed by Filter: 10857349
  ->  Hash  (cost=233927.39..233927.39 rows=1673871 width=8) (actual time=5964.126..5964.126 rows=1684967 loops=1)
        Buckets: 131072  Batches: 32  Memory Usage: 3070kB
        ->  Hash Join  (cost=102767.86..233927.39 rows=1673871 width=8) (actual time=2412.250..5457.189 rows=1684967 loops=1)
              Hash Cond: (mk.movie_id = t.id)
              ->  Seq Scan on movie_keyword mk  (cost=0.00..81003.12 rows=1673871 width=4) (actual time=0.017..1346.527 rows=1684967 loops=1)
                    Filter: (keyword_id > 8610)
                    Rows Removed by Filter: 2838963
              ->  Hash  (cost=61283.27..61283.27 rows=2528527 width=4) (actual time=2410.048..2410.048 rows=2528312 loops=1)
                    Buckets: 131072  Batches: 64  Memory Usage: 2425kB
                    ->  Seq Scan on title t  (cost=0.00..61283.27 rows=2528527 width=4) (actual time=0.010..1051.715 rows=2528312 loops=1)
Planning time: 1.127 ms
Execution time: 55094.988 ms
