Seq Scan on cast_info ci  (cost=0.00..796071.18 rows=176 width=0) (actual time=5258.904..12633.949 rows=6 loops=1)
  Filter: ((role_id < 2) AND (person_id = 1577802))
  Rows Removed by Filter: 36244338
Planning time: 0.348 ms
Execution time: 12634.035 ms
