Hash Join  (cost=83440.39..167444.33 rows=502049 width=0) (actual time=1221.910..3982.069 rows=699711 loops=1)
  Hash Cond: (mc.movie_id = t.id)
  ->  Seq Scan on movie_companies mc  (cost=0.00..51404.11 rows=2189155 width=4) (actual time=0.017..961.442 rows=2184755 loops=1)
        Filter: (company_id < 79755)
        Rows Removed by Filter: 424374
  ->  Hash  (cost=73925.90..73925.90 rows=579879 width=4) (actual time=1221.001..1221.001 rows=492958 loops=1)
        Buckets: 131072  Batches: 8  Memory Usage: 3188kB
        ->  Seq Scan on title t  (cost=0.00..73925.90 rows=579879 width=4) (actual time=0.023..1062.937 rows=492958 loops=1)
              Filter: ((kind_id < 7) AND (production_year > 1998))
              Rows Removed by Filter: 2035354
Planning time: 0.712 ms
Execution time: 4062.872 ms
