Hash Join  (cost=476772.20..1582672.46 rows=7018315 width=0) (actual time=7937.751..39320.510 rows=10004956 loops=1)
  Hash Cond: (ci.movie_id = t.id)
  ->  Seq Scan on cast_info ci  (cost=0.00..614943.12 rows=36225612 width=4) (actual time=0.014..11853.261 rows=36244344 loops=1)
  ->  Hash  (cost=468734.77..468734.77 rows=489874 width=8) (actual time=7936.942..7936.942 rows=495317 loops=1)
        Buckets: 131072  Batches: 8  Memory Usage: 3432kB
        ->  Hash Join  (cost=80549.28..468734.77 rows=489874 width=8) (actual time=1483.841..7785.925 rows=495317 loops=1)
              Hash Cond: (mi.movie_id = t.id)
              ->  Seq Scan on movie_info mi  (cost=0.00..346232.03 rows=3068194 width=4) (actual time=252.669..4981.848 rows=3036719 loops=1)
                    Filter: (info_type_id = 16)
                    Rows Removed by Filter: 11799001
              ->  Hash  (cost=73925.90..73925.90 rows=403710 width=4) (actual time=1230.364..1230.364 rows=434218 loops=1)
                    Buckets: 131072  Batches: 8  Memory Usage: 2941kB
                    ->  Seq Scan on title t  (cost=0.00..73925.90 rows=403710 width=4) (actual time=149.328..1085.172 rows=434218 loops=1)
                          Filter: ((production_year > 2008) AND (kind_id = 7))
                          Rows Removed by Filter: 2094094
Planning time: 1.158 ms
Execution time: 40413.201 ms
