Hash Join  (cost=73987.23..825479.27 rows=70287 width=0) (actual time=1158.780..16747.586 rows=103540 loops=1)
  Hash Cond: (ci.movie_id = t.id)
  ->  Seq Scan on cast_info ci  (cost=0.00..614943.12 rows=36225612 width=4) (actual time=0.020..7562.032 rows=36244344 loops=1)
  ->  Hash  (cost=73925.90..73925.90 rows=4906 width=4) (actual time=1158.648..1158.648 rows=8030 loops=1)
        Buckets: 8192  Batches: 1  Memory Usage: 347kB
        ->  Seq Scan on title t  (cost=0.00..73925.90 rows=4906 width=4) (actual time=0.025..1154.630 rows=8030 loops=1)
              Filter: ((kind_id > 3) AND (production_year = 1975))
              Rows Removed by Filter: 2520282
Planning time: 0.816 ms
Execution time: 16764.705 ms
