Hash Join  (cost=266824.69..877516.78 rows=10539826 width=0) (actual time=5373.383..36338.749 rows=87368506 loops=1)
  Hash Cond: (mi.movie_id = t.id)
  ->  Seq Scan on movie_info mi  (cost=0.00..309384.22 rows=14739122 width=4) (actual time=0.022..5291.391 rows=14835720 loops=1)
  ->  Hash  (cost=237159.08..237159.08 rows=1808129 width=8) (actual time=5372.359..5372.359 rows=1813520 loops=1)
        Buckets: 131072  Batches: 32  Memory Usage: 3307kB
        ->  Hash Join  (cost=102767.86..237159.08 rows=1808129 width=8) (actual time=1752.733..4858.960 rows=1813520 loops=1)
              Hash Cond: (mk.movie_id = t.id)
              ->  Seq Scan on movie_keyword mk  (cost=0.00..81003.12 rows=1808129 width=4) (actual time=0.017..1390.997 rows=1813520 loops=1)
                    Filter: (keyword_id < 2953)
                    Rows Removed by Filter: 2710410
              ->  Hash  (cost=61283.27..61283.27 rows=2528527 width=4) (actual time=1751.092..1751.092 rows=2528312 loops=1)
                    Buckets: 131072  Batches: 64  Memory Usage: 2425kB
                    ->  Seq Scan on title t  (cost=0.00..61283.27 rows=2528527 width=4) (actual time=0.015..873.518 rows=2528312 loops=1)
Planning time: 0.720 ms
Execution time: 45538.138 ms
