Seq Scan on cast_info ci  (cost=0.00..705507.15 rows=500 width=0) (actual time=1948.609..9932.246 rows=827 loops=1)
  Filter: (person_id = 2753168)
  Rows Removed by Filter: 36243517
Planning time: 0.340 ms
Execution time: 9932.411 ms
