Seq Scan on cast_info ci  (cost=0.00..796071.18 rows=435 width=0) (actual time=9663.437..13830.857 rows=64 loops=1)
  Filter: ((role_id < 10) AND (person_id = 2890147))
  Rows Removed by Filter: 36244280
Planning time: 0.398 ms
Execution time: 13830.969 ms
