Hash Join  (cost=174354.31..685693.14 rows=2955190 width=0) (actual time=3404.798..16199.248 rows=3858900 loops=1)
  Hash Cond: (mi.movie_id = t.id)
  ->  Seq Scan on movie_info mi  (cost=0.00..309384.22 rows=14739122 width=4) (actual time=0.020..5125.089 rows=14835720 loops=1)
  ->  Hash  (cost=166036.20..166036.20 rows=506969 width=8) (actual time=3403.472..3403.472 rows=413187 loops=1)
        Buckets: 131072  Batches: 8  Memory Usage: 3039kB
        ->  Hash Join  (cost=92883.59..166036.20 rows=506969 width=8) (actual time=1671.556..3278.090 rows=413187 loops=1)
              Hash Cond: (mc.movie_id = t.id)
              ->  Seq Scan on movie_companies mc  (cost=0.00..51404.11 rows=831961 width=4) (actual time=0.017..840.144 rows=823981 loops=1)
                    Filter: (company_id < 2017)
                    Rows Removed by Filter: 1785148
              ->  Hash  (cost=67604.59..67604.59 rows=1540800 width=4) (actual time=1670.322..1670.322 rows=1543264 loops=1)
                    Buckets: 131072  Batches: 32  Memory Usage: 2722kB
                    ->  Seq Scan on title t  (cost=0.00..67604.59 rows=1540800 width=4) (actual time=0.014..1140.717 rows=1543264 loops=1)
                          Filter: (kind_id = 7)
                          Rows Removed by Filter: 985048
Planning time: 9.461 ms
Execution time: 16637.711 ms
