Hash Join  (cost=83134.59..169424.06 rows=526520 width=0) (actual time=1627.213..4305.618 rows=707983 loops=1)
  Hash Cond: (mc.movie_id = t.id)
  ->  Seq Scan on movie_companies mc  (cost=0.00..51404.11 rows=2372042 width=4) (actual time=0.031..1017.583 rows=2369657 loops=1)
        Filter: (company_id < 103264)
        Rows Removed by Filter: 239472
  ->  Hash  (cost=73925.90..73925.90 rows=561255 width=4) (actual time=1626.226..1626.226 rows=433035 loops=1)
        Buckets: 131072  Batches: 8  Memory Usage: 2927kB
        ->  Seq Scan on title t  (cost=0.00..73925.90 rows=561255 width=4) (actual time=0.062..1075.216 rows=433035 loops=1)
              Filter: ((kind_id < 4) AND (production_year > 1994))
              Rows Removed by Filter: 2095277
Planning time: 0.744 ms
Execution time: 4394.944 ms
