Hash Join  (cost=190230.21..289716.78 rows=1368958 width=0) (actual time=4048.073..7837.263 rows=3925640 loops=1)
  Hash Cond: (mc.movie_id = t.id)
  ->  Seq Scan on movie_companies mc  (cost=0.00..51404.11 rows=2508232 width=4) (actual time=0.019..1097.796 rows=2507394 loops=1)
        Filter: (company_id < 156518)
        Rows Removed by Filter: 101735
  ->  Hash  (cost=167588.78..167588.78 rows=1380035 width=8) (actual time=4047.013..4047.013 rows=1380035 loops=1)
        Buckets: 131072  Batches: 32  Memory Usage: 2708kB
        ->  Hash Join  (cost=102767.86..167588.78 rows=1380035 width=8) (actual time=1742.811..3647.991 rows=1380035 loops=1)
              Hash Cond: (mi_idx.movie_id = t.id)
              ->  Seq Scan on movie_info_idx mi_idx  (cost=0.00..21735.35 rows=1380035 width=4) (actual time=0.015..384.121 rows=1380035 loops=1)
              ->  Hash  (cost=61283.27..61283.27 rows=2528527 width=4) (actual time=1741.375..1741.375 rows=2528312 loops=1)
                    Buckets: 131072  Batches: 64  Memory Usage: 2415kB
                    ->  Seq Scan on title t  (cost=0.00..61283.27 rows=2528527 width=4) (actual time=0.011..899.912 rows=2528312 loops=1)
Planning time: 1.058 ms
Execution time: 8301.843 ms
