Hash Join  (cost=195597.18..236074.48 rows=224740 width=0) (actual time=3605.046..4681.024 rows=442435 loops=1)
  Hash Cond: (mi_idx.movie_id = t.id)
  ->  Seq Scan on movie_info_idx mi_idx  (cost=0.00..25185.44 rows=919057 width=4) (actual time=0.012..482.568 rows=920110 loops=1)
        Filter: (info_type_id > 99)
        Rows Removed by Filter: 459925
  ->  Hash  (cost=185452.31..185452.31 rows=618309 width=8) (actual time=3603.891..3603.891 rows=374526 loops=1)
        Buckets: 131072  Batches: 16  Memory Usage: 1942kB
        ->  Hash Join  (cost=102767.86..185452.31 rows=618309 width=8) (actual time=2093.413..3494.191 rows=374526 loops=1)
              Hash Cond: (mc.movie_id = t.id)
              ->  Seq Scan on movie_companies mc  (cost=0.00..57926.93 rows=618309 width=4) (actual time=243.399..942.234 rows=374526 loops=1)
                    Filter: ((company_id > 11427) AND (company_type_id < 2))
                    Rows Removed by Filter: 2234603
              ->  Hash  (cost=61283.27..61283.27 rows=2528527 width=4) (actual time=1848.975..1848.975 rows=2528312 loops=1)
                    Buckets: 131072  Batches: 64  Memory Usage: 2415kB
                    ->  Seq Scan on title t  (cost=0.00..61283.27 rows=2528527 width=4) (actual time=0.026..1006.127 rows=2528312 loops=1)
Planning time: 1.074 ms
Execution time: 4737.653 ms
