Hash Join  (cost=146900.66..512773.42 rows=121683 width=209) (actual time=2613.412..10853.276 rows=283282 loops=1)
  Hash Cond: (mi.movie_id = t.id)
  ->  Seq Scan on movie_info mi  (cost=0.00..309384.22 rows=14739122 width=75) (actual time=0.015..4713.999 rows=14835720 loops=1)
  ->  Hash  (cost=146639.72..146639.72 rows=20875 width=134) (actual time=2612.547..2612.547 rows=16669 loops=1)
        Buckets: 32768  Batches: 1  Memory Usage: 2477kB
        ->  Hash Join  (cost=68682.81..146639.72 rows=20875 width=134) (actual time=1330.290..2603.447 rows=16669 loops=1)
              Hash Cond: (mc.movie_id = t.id)
              ->  Seq Scan on movie_companies mc  (cost=0.00..51404.11 rows=1329612 width=40) (actual time=93.312..705.682 rows=1334883 loops=1)
                    Filter: (company_type_id = 2)
                    Rows Removed by Filter: 1274246
              ->  Hash  (cost=67604.59..67604.59 rows=39698 width=94) (actual time=1235.570..1235.570 rows=36437 loops=1)
                    Buckets: 32768  Batches: 2  Memory Usage: 2296kB
                    ->  Seq Scan on title t  (cost=0.00..67604.59 rows=39698 width=94) (actual time=0.066..1215.089 rows=36437 loops=1)
                          Filter: (production_year = 1995)
                          Rows Removed by Filter: 2491875
Planning time: 1.448 ms
Execution time: 10870.283 ms
