Hash Join  (cost=102767.86..213265.87 rows=2045286 width=0) (actual time=2130.820..5361.123 rows=2040539 loops=1)
  Hash Cond: (mc.movie_id = t.id)
  ->  Seq Scan on movie_companies mc  (cost=0.00..51404.11 rows=2045286 width=4) (actual time=0.021..1041.297 rows=2040539 loops=1)
        Filter: (company_id < 71416)
        Rows Removed by Filter: 568590
  ->  Hash  (cost=61283.27..61283.27 rows=2528527 width=4) (actual time=2129.826..2129.826 rows=2528312 loops=1)
        Buckets: 131072  Batches: 64  Memory Usage: 2415kB
        ->  Seq Scan on title t  (cost=0.00..61283.27 rows=2528527 width=4) (actual time=0.023..988.214 rows=2528312 loops=1)
Planning time: 0.647 ms
Execution time: 5622.868 ms
