Hash Join  (cost=441410.37..480198.23 rows=63838 width=0) (actual time=7077.269..7863.881 rows=43848 loops=1)
  Hash Cond: (mi_idx.movie_id = t.id)
  ->  Seq Scan on movie_info_idx mi_idx  (cost=0.00..21735.35 rows=1380035 width=4) (actual time=0.010..367.836 rows=1380035 loops=1)
  ->  Hash  (cost=439491.29..439491.29 rows=116966 width=8) (actual time=7076.690..7076.690 rows=23089 loops=1)
        Buckets: 131072  Batches: 2  Memory Usage: 1473kB
        ->  Hash Join  (cost=84171.54..439491.29 rows=116966 width=8) (actual time=5855.598..7066.950 rows=23089 loops=1)
              Hash Cond: (mi.movie_id = t.id)
              ->  Seq Scan on movie_info mi  (cost=0.00..346232.03 rows=473617 width=4) (actual time=3885.861..4788.246 rows=486554 loops=1)
                    Filter: (info_type_id = 5)
                    Rows Removed by Filter: 14349166
              ->  Hash  (cost=73925.90..73925.90 rows=624451 width=4) (actual time=1968.794..1968.794 rows=521141 loops=1)
                    Buckets: 131072  Batches: 16  Memory Usage: 2174kB
                    ->  Seq Scan on title t  (cost=0.00..73925.90 rows=624451 width=4) (actual time=0.034..1144.144 rows=521141 loops=1)
                          Filter: ((production_year < 2000) AND (kind_id = 7))
                          Rows Removed by Filter: 2007171
Planning time: 0.636 ms
Execution time: 7869.930 ms
