Hash Join  (cost=52284.99..138944.89 rows=186 width=0) (actual time=753.470..2063.763 rows=12771 loops=1)
  Hash Cond: (mk.movie_id = t.id)
  ->  Seq Scan on movie_keyword mk  (cost=0.00..69693.30 rows=4523930 width=4) (actual time=0.019..711.228 rows=4523930 loops=1)
  ->  Hash  (cost=52283.69..52283.69 rows=104 width=8) (actual time=688.575..688.575 rows=391 loops=1)
        Buckets: 1024  Batches: 1  Memory Usage: 24kB
        ->  Nested Loop  (cost=0.43..52283.69 rows=104 width=8) (actual time=0.162..688.305 rows=391 loops=1)
              ->  Seq Scan on movie_companies mc  (cost=0.00..51404.11 rows=104 width=4) (actual time=0.092..680.100 rows=391 loops=1)
                    Filter: (company_id = 8651)
                    Rows Removed by Filter: 2608738
              ->  Index Only Scan using title_pkey on title t  (cost=0.43..8.45 rows=1 width=4) (actual time=0.019..0.020 rows=1 loops=391)
                    Index Cond: (id = mc.movie_id)
                    Heap Fetches: 391
Planning time: 1.101 ms
Execution time: 2065.255 ms
