Hash Join  (cost=114270.17..170697.14 rows=22467 width=0) (actual time=2409.149..3173.306 rows=87732 loops=1)
  Hash Cond: (mc.movie_id = t.id)
  ->  Seq Scan on movie_companies mc  (cost=0.00..51404.11 rows=1279517 width=4) (actual time=180.469..912.909 rows=1274246 loops=1)
        Filter: (company_type_id = 1)
        Rows Removed by Filter: 1334883
  ->  Hash  (cost=113715.19..113715.19 rows=44398 width=8) (actual time=1957.975..1957.975 rows=73737 loops=1)
        Buckets: 131072 (originally 65536)  Batches: 1 (originally 1)  Memory Usage: 3905kB
        ->  Hash Join  (cost=75260.73..113715.19 rows=44398 width=8) (actual time=1294.972..1932.246 rows=73737 loops=1)
              Hash Cond: (mi_idx.movie_id = t.id)
              ->  Seq Scan on movie_info_idx mi_idx  (cost=0.00..21735.35 rows=1380035 width=4) (actual time=0.030..399.627 rows=1380035 loops=1)
              ->  Hash  (cost=73925.90..73925.90 rows=81346 width=4) (actual time=1050.208..1050.208 rows=89089 loops=1)
                    Buckets: 131072  Batches: 2  Memory Usage: 2584kB
                    ->  Seq Scan on title t  (cost=0.00..73925.90 rows=81346 width=4) (actual time=283.407..1016.977 rows=89089 loops=1)
                          Filter: ((production_year < 2009) AND (kind_id = 4))
                          Rows Removed by Filter: 2439223
Planning time: 1.153 ms
Execution time: 3185.399 ms
