Nested Loop  (cost=0.43..115557.62 rows=3320 width=0) (actual time=0.142..930.422 rows=4249 loops=1)
  ->  Seq Scan on movie_keyword mk  (cost=0.00..81003.12 rows=4675 width=4) (actual time=0.037..827.426 rows=5058 loops=1)
        Filter: (keyword_id = 1633)
        Rows Removed by Filter: 4518872
  ->  Index Scan using title_pkey on title t  (cost=0.43..7.38 rows=1 width=4) (actual time=0.020..0.020 rows=1 loops=5058)
        Index Cond: (id = mk.movie_id)
        Filter: (production_year < 2009)
        Rows Removed by Filter: 0
Planning time: 0.755 ms
Execution time: 931.560 ms
