Hash Join  (cost=102767.86..913611.15 rows=203330 width=0) (actual time=13658.713..14860.886 rows=76534 loops=1)
  Hash Cond: (ci.movie_id = t.id)
  ->  Seq Scan on cast_info ci  (cost=0.00..796071.18 rows=203330 width=4) (actual time=11950.741..12697.830 rows=76534 loops=1)
        Filter: ((person_id < 2107545) AND (role_id > 10))
        Rows Removed by Filter: 36167810
  ->  Hash  (cost=61283.27..61283.27 rows=2528527 width=4) (actual time=1706.488..1706.488 rows=2528312 loops=1)
        Buckets: 131072  Batches: 64  Memory Usage: 2415kB
        ->  Seq Scan on title t  (cost=0.00..61283.27 rows=2528527 width=4) (actual time=0.016..890.356 rows=2528312 loops=1)
Planning time: 0.693 ms
Execution time: 14870.299 ms
