Hash Join  (cost=190230.21..334579.18 rows=1858406 width=0) (actual time=4166.524..9521.723 rows=7958042 loops=1)
  Hash Cond: (mk.movie_id = t.id)
  ->  Seq Scan on movie_keyword mk  (cost=0.00..81003.12 rows=3405008 width=4) (actual time=0.029..1660.802 rows=3397705 loops=1)
        Filter: (keyword_id > 1220)
        Rows Removed by Filter: 1126225
  ->  Hash  (cost=167588.78..167588.78 rows=1380035 width=8) (actual time=4165.649..4165.649 rows=1380035 loops=1)
        Buckets: 131072  Batches: 32  Memory Usage: 2726kB
        ->  Hash Join  (cost=102767.86..167588.78 rows=1380035 width=8) (actual time=1771.133..3742.140 rows=1380035 loops=1)
              Hash Cond: (mi_idx.movie_id = t.id)
              ->  Seq Scan on movie_info_idx mi_idx  (cost=0.00..21735.35 rows=1380035 width=4) (actual time=0.026..435.073 rows=1380035 loops=1)
              ->  Hash  (cost=61283.27..61283.27 rows=2528527 width=4) (actual time=1769.751..1769.751 rows=2528312 loops=1)
                    Buckets: 131072  Batches: 64  Memory Usage: 2415kB
                    ->  Seq Scan on title t  (cost=0.00..61283.27 rows=2528527 width=4) (actual time=0.015..935.398 rows=2528312 loops=1)
Planning time: 1.136 ms
Execution time: 10231.721 ms
