Seq Scan on movie_keyword mk  (cost=0.00..81003.12 rows=1728966 width=0) (actual time=0.013..1173.746 rows=1735670 loops=1)
  Filter: (keyword_id < 2835)
  Rows Removed by Filter: 2788260
Planning time: 0.220 ms
Execution time: 1379.757 ms
