Hash Join  (cost=102767.86..189208.91 rows=774407 width=0) (actual time=1861.596..3480.925 rows=559927 loops=1)
  Hash Cond: (mc.movie_id = t.id)
  ->  Seq Scan on movie_companies mc  (cost=0.00..57926.93 rows=774407 width=4) (actual time=11.609..947.931 rows=559927 loops=1)
        Filter: ((company_id > 5643) AND (company_type_id = 1))
        Rows Removed by Filter: 2049202
  ->  Hash  (cost=61283.27..61283.27 rows=2528527 width=4) (actual time=1848.966..1848.966 rows=2528312 loops=1)
        Buckets: 131072  Batches: 64  Memory Usage: 2415kB
        ->  Seq Scan on title t  (cost=0.00..61283.27 rows=2528527 width=4) (actual time=0.019..974.322 rows=2528312 loops=1)
Planning time: 0.645 ms
Execution time: 3531.243 ms
