Hash Join  (cost=711045.32..2004558.27 rows=27460899 width=0) (actual time=15249.947..45524.353 rows=40808413 loops=1)
  Hash Cond: (ci.movie_id = t.id)
  ->  Seq Scan on cast_info ci  (cost=0.00..796071.18 rows=11143378 width=4) (actual time=0.031..13181.953 rows=9251116 loops=1)
        Filter: ((person_id > 2387088) AND (role_id < 10))
        Rows Removed by Filter: 26993228
  ->  Hash  (cost=608815.44..608815.44 rows=6231111 width=8) (actual time=15248.850..15248.850 rows=6223494 loops=1)
        Buckets: 131072  Batches: 128  Memory Usage: 2920kB
        ->  Hash Join  (cost=102767.86..608815.44 rows=6231111 width=8) (actual time=1731.187..13120.821 rows=6223494 loops=1)
              Hash Cond: (mi.movie_id = t.id)
              ->  Seq Scan on movie_info mi  (cost=0.00..346232.03 rows=6231111 width=4) (actual time=0.027..5529.824 rows=6223494 loops=1)
                    Filter: (info_type_id > 8)
                    Rows Removed by Filter: 8612226
              ->  Hash  (cost=61283.27..61283.27 rows=2528527 width=4) (actual time=1729.895..1729.895 rows=2528312 loops=1)
                    Buckets: 131072  Batches: 64  Memory Usage: 2425kB
                    ->  Seq Scan on title t  (cost=0.00..61283.27 rows=2528527 width=4) (actual time=0.014..855.486 rows=2528312 loops=1)
Planning time: 1.406 ms
Execution time: 50153.075 ms
