Seq Scan on cast_info ci  (cost=0.00..705507.15 rows=23445176 width=0) (actual time=0.031..10653.219 rows=23342945 loops=1)
  Filter: (person_id < 2388519)
  Rows Removed by Filter: 12901399
Planning time: 0.317 ms
Execution time: 13420.627 ms
