Hash Join  (cost=69928.56..195018.01 rows=253341 width=0) (actual time=1044.070..3837.260 rows=335801 loops=1)
  Hash Cond: (mk.movie_id = t.id)
  ->  Seq Scan on movie_keyword mk  (cost=0.00..69693.30 rows=4523930 width=4) (actual time=0.026..1333.070 rows=4523930 loops=1)
  ->  Hash  (cost=67604.59..67604.59 rows=141598 width=4) (actual time=1042.860..1042.860 rows=143333 loops=1)
        Buckets: 131072  Batches: 2  Memory Usage: 3547kB
        ->  Seq Scan on title t  (cost=0.00..67604.59 rows=141598 width=4) (actual time=25.806..991.829 rows=143333 loops=1)
              Filter: (production_year < 1941)
              Rows Removed by Filter: 2384979
Planning time: 0.696 ms
Execution time: 3881.132 ms
