Hash Join  (cost=169944.60..1244436.97 rows=3960921 width=0) (actual time=3249.359..34348.127 rows=9951084 loops=1)
  Hash Cond: (ci.movie_id = t.id)
  ->  Seq Scan on cast_info ci  (cost=0.00..614943.12 rows=36225612 width=4) (actual time=0.014..11897.575 rows=36244344 loops=1)
  ->  Hash  (cost=165408.72..165408.72 rows=276470 width=8) (actual time=3248.560..3248.560 rows=299854 loops=1)
        Buckets: 131072  Batches: 4  Memory Usage: 3931kB
        ->  Hash Join  (cost=92883.59..165408.72 rows=276470 width=8) (actual time=1690.749..3166.779 rows=299854 loops=1)
              Hash Cond: (mc.movie_id = t.id)
              ->  Seq Scan on movie_companies mc  (cost=0.00..57926.93 rows=453700 width=4) (actual time=0.013..855.929 rows=655021 loops=1)
                    Filter: ((company_id < 3232) AND (company_type_id < 2))
                    Rows Removed by Filter: 1954108
              ->  Hash  (cost=67604.59..67604.59 rows=1540800 width=4) (actual time=1689.768..1689.768 rows=1543264 loops=1)
                    Buckets: 131072  Batches: 32  Memory Usage: 2722kB
                    ->  Seq Scan on title t  (cost=0.00..67604.59 rows=1540800 width=4) (actual time=151.214..1194.171 rows=1543264 loops=1)
                          Filter: (kind_id = 7)
                          Rows Removed by Filter: 985048
Planning time: 1.148 ms
Execution time: 35551.088 ms
