Seq Scan on movie_companies mc  (cost=0.00..51404.11 rows=254572 width=0) (actual time=150.025..799.810 rows=257893 loops=1)
  Filter: (company_id > 99779)
  Rows Removed by Filter: 2351236
Planning time: 0.358 ms
Execution time: 831.750 ms
