Hash Join  (cost=151618.18..279534.88 rows=485466 width=0) (actual time=3260.172..8381.654 rows=7941363 loops=1)
  Hash Cond: (mk.movie_id = t.id)
  ->  Seq Scan on movie_keyword mk  (cost=0.00..69693.30 rows=4523930 width=4) (actual time=0.029..1297.392 rows=4523930 loops=1)
  ->  Hash  (cost=147166.46..147166.46 rows=271338 width=8) (actual time=3095.238..3095.238 rows=638337 loops=1)
        Buckets: 131072 (originally 131072)  Batches: 16 (originally 4)  Memory Usage: 3073kB
        ->  Hash Join  (cost=78556.72..147166.46 rows=271338 width=8) (actual time=1298.272..2891.255 rows=638337 loops=1)
              Hash Cond: (mc.movie_id = t.id)
              ->  Seq Scan on movie_companies mc  (cost=0.00..51404.11 rows=1027797 width=4) (actual time=135.575..885.798 rows=1037005 loops=1)
                    Filter: (company_id > 15336)
                    Rows Removed by Filter: 1572124
              ->  Hash  (cost=67604.59..67604.59 rows=667531 width=4) (actual time=1161.767..1161.767 rows=662825 loops=1)
                    Buckets: 131072  Batches: 16  Memory Usage: 2476kB
                    ->  Seq Scan on title t  (cost=0.00..67604.59 rows=667531 width=4) (actual time=232.400..950.689 rows=662825 loops=1)
                          Filter: (kind_id = 1)
                          Rows Removed by Filter: 1865487
Planning time: 0.800 ms
Execution time: 9340.977 ms
