Hash Join  (cost=137684.34..214361.08 rows=249170 width=0) (actual time=2587.691..4856.118 rows=1653706 loops=1)
  Hash Cond: (mc.movie_id = t.id)
  ->  Seq Scan on movie_companies mc  (cost=0.00..51404.11 rows=1855449 width=4) (actual time=0.021..985.469 rows=1860085 loops=1)
        Filter: (company_id > 1454)
        Rows Removed by Filter: 749044
  ->  Hash  (cost=132112.86..132112.86 rows=339558 width=8) (actual time=2586.824..2586.824 rows=631916 loops=1)
        Buckets: 131072 (originally 131072)  Batches: 16 (originally 8)  Memory Usage: 3073kB
        ->  Hash Join  (cost=89253.38..132112.86 rows=339558 width=8) (actual time=1458.392..2460.731 rows=631916 loops=1)
              Hash Cond: (mi_idx.movie_id = t.id)
              ->  Seq Scan on movie_info_idx mi_idx  (cost=0.00..25185.44 rows=919057 width=4) (actual time=0.016..426.089 rows=920110 loops=1)
                    Filter: (info_type_id > 99)
                    Rows Removed by Filter: 459925
              ->  Hash  (cost=73925.90..73925.90 rows=934198 width=4) (actual time=1457.412..1457.412 rows=950693 loops=1)
                    Buckets: 131072  Batches: 16  Memory Usage: 3114kB
                    ->  Seq Scan on title t  (cost=0.00..73925.90 rows=934198 width=4) (actual time=0.023..1151.995 rows=950693 loops=1)
                          Filter: ((kind_id < 7) AND (production_year < 2013))
                          Rows Removed by Filter: 1577619
Planning time: 1.028 ms
Execution time: 5022.817 ms
