Hash Join  (cost=101505.77..188427.58 rows=26378 width=0) (actual time=1847.717..3721.986 rows=155232 loops=1)
  Hash Cond: (mk.movie_id = t.id)
  ->  Seq Scan on movie_keyword mk  (cost=0.00..69693.30 rows=4523930 width=4) (actual time=0.009..959.585 rows=4523930 loops=1)
  ->  Hash  (cost=101321.48..101321.48 rows=14743 width=8) (actual time=1846.231..1846.231 rows=27939 loops=1)
        Buckets: 32768 (originally 16384)  Batches: 1 (originally 1)  Memory Usage: 1348kB
        ->  Hash Join  (cost=74263.57..101321.48 rows=14743 width=8) (actual time=1137.155..1836.581 rows=27939 loops=1)
              Hash Cond: (mi_idx.movie_id = t.id)
              ->  Seq Scan on movie_info_idx mi_idx  (cost=0.00..21735.35 rows=1380035 width=4) (actual time=0.012..370.804 rows=1380035 loops=1)
              ->  Hash  (cost=73925.90..73925.90 rows=27013 width=4) (actual time=1136.870..1136.870 rows=33837 loops=1)
                    Buckets: 65536 (originally 32768)  Batches: 1 (originally 1)  Memory Usage: 1702kB
                    ->  Seq Scan on title t  (cost=0.00..73925.90 rows=27013 width=4) (actual time=214.457..1123.006 rows=33837 loops=1)
                          Filter: ((production_year < 1989) AND (kind_id = 3))
                          Rows Removed by Filter: 2494475
Planning time: 1.137 ms
Execution time: 3742.205 ms
