Hash Join  (cost=83074.74..109986.57 rows=134 width=0) (actual time=1190.749..1633.651 rows=2039 loops=1)
  Hash Cond: (mi_idx.movie_id = t.id)
  ->  Seq Scan on movie_info_idx mi_idx  (cost=0.00..21735.35 rows=1380035 width=4) (actual time=0.029..219.325 rows=1380035 loops=1)
  ->  Hash  (cost=83071.67..83071.67 rows=246 width=8) (actual time=1190.625..1190.625 rows=864 loops=1)
        Buckets: 1024  Batches: 1  Memory Usage: 42kB
        ->  Nested Loop  (cost=0.43..83071.67 rows=246 width=8) (actual time=0.873..1190.003 rows=864 loops=1)
              ->  Seq Scan on movie_keyword mk  (cost=0.00..81003.12 rows=246 width=4) (actual time=0.811..1145.680 rows=864 loops=1)
                    Filter: (keyword_id = 3278)
                    Rows Removed by Filter: 4523066
              ->  Index Only Scan using title_pkey on title t  (cost=0.43..8.40 rows=1 width=4) (actual time=0.049..0.050 rows=1 loops=864)
                    Index Cond: (id = mk.movie_id)
                    Heap Fetches: 864
Planning time: 1.111 ms
Execution time: 1634.059 ms
