Hash Join  (cost=109295.88..196602.26 rows=64834 width=0) (actual time=1964.472..3318.630 rows=27149 loops=1)
  Hash Cond: (mk.movie_id = t.id)
  ->  Seq Scan on movie_keyword mk  (cost=0.00..69693.30 rows=4523930 width=4) (actual time=0.010..949.511 rows=4523930 loops=1)
  ->  Hash  (cost=108842.92..108842.92 rows=36237 width=8) (actual time=1528.598..1528.598 rows=11264 loops=1)
        Buckets: 65536  Batches: 1  Memory Usage: 952kB
        ->  Hash Join  (cost=77187.44..108842.92 rows=36237 width=8) (actual time=1181.566..1523.901 rows=11264 loops=1)
              Hash Cond: (mi_idx.movie_id = t.id)
              ->  Seq Scan on movie_info_idx mi_idx  (cost=0.00..25185.44 rows=460978 width=4) (actual time=0.018..427.556 rows=459925 loops=1)
                    Filter: (info_type_id < 100)
                    Rows Removed by Filter: 920110
              ->  Hash  (cost=73925.90..73925.90 rows=198763 width=4) (actual time=907.910..907.910 rows=95336 loops=1)
                    Buckets: 131072  Batches: 4  Memory Usage: 1860kB
                    ->  Seq Scan on title t  (cost=0.00..73925.90 rows=198763 width=4) (actual time=0.005..874.400 rows=95336 loops=1)
                          Filter: ((production_year < 1967) AND (kind_id = 7))
                          Rows Removed by Filter: 2432976
Planning time: 1.024 ms
Execution time: 3322.164 ms
