Hash Join  (cost=91342.70..982455.71 rows=2959269 width=0) (actual time=1758.043..20694.334 rows=4033979 loops=1)
  Hash Cond: (ci.movie_id = t.id)
  ->  Seq Scan on cast_info ci  (cost=0.00..796071.18 rows=5171504 width=4) (actual time=0.030..12865.767 rows=6623791 loops=1)
        Filter: ((person_id < 905554) AND (role_id < 3))
        Rows Removed by Filter: 29620553
  ->  Hash  (cost=67604.59..67604.59 rows=1446889 width=4) (actual time=1757.140..1757.140 rows=1443298 loops=1)
        Buckets: 131072  Batches: 32  Memory Usage: 2608kB
        ->  Seq Scan on title t  (cost=0.00..67604.59 rows=1446889 width=4) (actual time=0.011..1281.465 rows=1443298 loops=1)
              Filter: (production_year < 2006)
              Rows Removed by Filter: 1085014
Planning time: 1.232 ms
Execution time: 21191.536 ms
