Nested Loop  (cost=0.43..709671.90 rows=500 width=0) (actual time=1005.484..10257.934 rows=1051 loops=1)
  ->  Seq Scan on cast_info ci  (cost=0.00..705507.15 rows=500 width=4) (actual time=1005.408..10251.991 rows=1051 loops=1)
        Filter: (person_id = 142135)
        Rows Removed by Filter: 36243293
  ->  Index Only Scan using title_pkey on title t  (cost=0.43..8.32 rows=1 width=4) (actual time=0.005..0.005 rows=1 loops=1051)
        Index Cond: (id = ci.movie_id)
        Heap Fetches: 1051
Planning time: 0.704 ms
Execution time: 10258.173 ms
