Hash Join  (cost=156649.15..268848.89 rows=403090 width=0) (actual time=2770.027..5810.490 rows=1711856 loops=1)
  Hash Cond: (mk.movie_id = t.id)
  ->  Seq Scan on movie_keyword mk  (cost=0.00..81003.12 rows=2192190 width=4) (actual time=0.019..1432.491 rows=2192931 loops=1)
        Filter: (keyword_id > 5139)
        Rows Removed by Filter: 2330999
  ->  Hash  (cost=149020.47..149020.47 rows=464934 width=8) (actual time=2769.157..2769.157 rows=460185 loops=1)
        Buckets: 131072  Batches: 8  Memory Usage: 3286kB
        ->  Hash Join  (cost=102767.86..149020.47 rows=464934 width=8) (actual time=1472.869..2628.253 rows=460185 loops=1)
              Hash Cond: (mi_idx.movie_id = t.id)
              ->  Seq Scan on movie_info_idx mi_idx  (cost=0.00..25185.44 rows=464934 width=4) (actual time=0.017..398.115 rows=460185 loops=1)
                    Filter: (info_type_id > 100)
                    Rows Removed by Filter: 919850
              ->  Hash  (cost=61283.27..61283.27 rows=2528527 width=4) (actual time=1471.242..1471.242 rows=2528312 loops=1)
                    Buckets: 131072  Batches: 64  Memory Usage: 2415kB
                    ->  Seq Scan on title t  (cost=0.00..61283.27 rows=2528527 width=4) (actual time=0.025..770.298 rows=2528312 loops=1)
Planning time: 1.101 ms
Execution time: 5997.257 ms
