Hash Join  (cost=123871.12..635661.40 rows=1492554 width=0) (actual time=2400.933..14087.459 rows=1915167 loops=1)
  Hash Cond: (mi.movie_id = t.id)
  ->  Seq Scan on movie_info mi  (cost=0.00..346232.03 rows=12928982 width=4) (actual time=0.027..6071.252 rows=12970088 loops=1)
        Filter: (info_type_id < 18)
        Rows Removed by Filter: 1865632
  ->  Hash  (cost=119081.37..119081.37 rows=291900 width=8) (actual time=2399.936..2399.936 rows=192209 loops=1)
        Buckets: 131072  Batches: 4  Memory Usage: 2901kB
        ->  Hash Join  (cost=76379.89..119081.37 rows=291900 width=8) (actual time=1218.803..2340.213 rows=192209 loops=1)
              Hash Cond: (mi_idx.movie_id = t.id)
              ->  Seq Scan on movie_info_idx mi_idx  (cost=0.00..21735.35 rows=1380035 width=4) (actual time=0.016..392.020 rows=1380035 loops=1)
              ->  Hash  (cost=67604.59..67604.59 rows=534824 width=4) (actual time=1217.957..1217.957 rows=533369 loops=1)
                    Buckets: 131072  Batches: 8  Memory Usage: 3369kB
                    ->  Seq Scan on title t  (cost=0.00..67604.59 rows=534824 width=4) (actual time=0.021..1051.495 rows=533369 loops=1)
                          Filter: (production_year > 2009)
                          Rows Removed by Filter: 1994943
Planning time: 5.001 ms
Execution time: 14310.853 ms
