Hash Join  (cost=67697.55..151121.09 rows=1884 width=0) (actual time=1012.133..2377.094 rows=7200 loops=1)
  Hash Cond: (mk.movie_id = t.id)
  ->  Seq Scan on movie_keyword mk  (cost=0.00..81003.12 rows=640419 width=4) (actual time=0.015..1241.290 rows=652145 loops=1)
        Filter: (keyword_id > 28828)
        Rows Removed by Filter: 3871785
  ->  Hash  (cost=67604.59..67604.59 rows=7437 width=4) (actual time=1011.734..1011.734 rows=20122 loops=1)
        Buckets: 32768 (originally 8192)  Batches: 1 (originally 1)  Memory Usage: 964kB
        ->  Seq Scan on title t  (cost=0.00..67604.59 rows=7437 width=4) (actual time=0.062..1002.340 rows=20122 loops=1)
              Filter: (production_year = 1987)
              Rows Removed by Filter: 2508190
Planning time: 0.763 ms
Execution time: 2378.442 ms
