Nested Loop  (cost=0.43..83071.67 rows=246 width=0) (actual time=18.794..1167.282 rows=102 loops=1)
  ->  Seq Scan on movie_keyword mk  (cost=0.00..81003.12 rows=246 width=4) (actual time=18.683..1161.603 rows=102 loops=1)
        Filter: (keyword_id = 8815)
        Rows Removed by Filter: 4523828
  ->  Index Only Scan using title_pkey on title t  (cost=0.43..8.40 rows=1 width=4) (actual time=0.051..0.052 rows=1 loops=102)
        Index Cond: (id = mk.movie_id)
        Heap Fetches: 102
Planning time: 0.719 ms
Execution time: 1167.416 ms
