Seq Scan on movie_companies mc  (cost=0.00..57926.93 rows=938537 width=0) (actual time=0.018..1049.853 rows=1240030 loops=1)
  Filter: ((company_id < 45383) AND (company_type_id < 2))
  Rows Removed by Filter: 1369099
Planning time: 0.359 ms
Execution time: 1199.346 ms
