Hash Join  (cost=84037.34..118135.18 rows=113228 width=0) (actual time=1478.981..2135.236 rows=51879 loops=1)
  Hash Cond: (mi_idx.movie_id = t.id)
  ->  Seq Scan on movie_info_idx mi_idx  (cost=0.00..25185.44 rows=464566 width=4) (actual time=0.023..460.944 rows=459925 loops=1)
        Filter: (info_type_id = 101)
        Rows Removed by Filter: 920110
  ->  Hash  (cost=73925.90..73925.90 rows=616275 width=4) (actual time=1326.478..1326.478 rows=676927 loops=1)
        Buckets: 131072  Batches: 16  Memory Usage: 2516kB
        ->  Seq Scan on title t  (cost=0.00..73925.90 rows=616275 width=4) (actual time=0.017..1110.534 rows=676927 loops=1)
              Filter: ((production_year > 2005) AND (kind_id = 7))
              Rows Removed by Filter: 1851385
Planning time: 0.717 ms
Execution time: 2141.982 ms
