Hash Join  (cost=102767.86..972876.28 rows=6429986 width=0) (actual time=2645.611..18850.907 rows=6520592 loops=1)
  Hash Cond: (ci.movie_id = t.id)
  ->  Seq Scan on cast_info ci  (cost=0.00..705507.15 rows=6429986 width=4) (actual time=234.821..10228.022 rows=6520592 loops=1)
        Filter: (person_id > 3005042)
        Rows Removed by Filter: 29723752
  ->  Hash  (cost=61283.27..61283.27 rows=2528527 width=4) (actual time=2409.362..2409.362 rows=2528312 loops=1)
        Buckets: 131072  Batches: 64  Memory Usage: 2415kB
        ->  Seq Scan on title t  (cost=0.00..61283.27 rows=2528527 width=4) (actual time=0.019..841.821 rows=2528312 loops=1)
Planning time: 0.716 ms
Execution time: 19653.162 ms
