Hash Join  (cost=140019.00..1186574.88 rows=1241371 width=0) (actual time=2684.982..26839.163 rows=2048658 loops=1)
  Hash Cond: (ci.movie_id = t.id)
  ->  Seq Scan on cast_info ci  (cost=0.00..614943.12 rows=36225612 width=4) (actual time=0.014..10996.049 rows=36244344 loops=1)
  ->  Hash  (cost=138596.91..138596.91 rows=86647 width=8) (actual time=2684.144..2684.144 rows=68676 loops=1)
        Buckets: 131072  Batches: 2  Memory Usage: 2361kB
        ->  Hash Join  (cost=70308.29..138596.91 rows=86647 width=8) (actual time=1434.665..2660.141 rows=68676 loops=1)
              Hash Cond: (mc.movie_id = t.id)
              ->  Seq Scan on movie_companies mc  (cost=0.00..51404.11 rows=1329612 width=4) (actual time=317.111..929.674 rows=1334883 loops=1)
                    Filter: (company_type_id > 1)
                    Rows Removed by Filter: 1274246
              ->  Hash  (cost=67604.59..67604.59 rows=164776 width=4) (actual time=1116.642..1116.642 rows=164307 loops=1)
                    Buckets: 131072  Batches: 4  Memory Usage: 2482kB
                    ->  Seq Scan on title t  (cost=0.00..67604.59 rows=164776 width=4) (actual time=0.025..1061.604 rows=164307 loops=1)
                          Filter: (production_year = 2012)
                          Rows Removed by Filter: 2364005
Planning time: 0.945 ms
Execution time: 27103.644 ms
