Seq Scan on movie_companies mc  (cost=0.00..57926.93 rows=53 width=0) (actual time=104.311..757.787 rows=25 loops=1)
  Filter: ((company_id = 1431) AND (company_type_id = 2))
  Rows Removed by Filter: 2609104
Planning time: 0.426 ms
Execution time: 757.892 ms
