Seq Scan on movie_companies mc  (cost=0.00..57926.93 rows=53 width=0) (actual time=201.318..695.124 rows=47 loops=1)
  Filter: ((company_id = 239) AND (company_type_id = 2))
  Rows Removed by Filter: 2609082
Planning time: 0.338 ms
Execution time: 695.225 ms
