Seq Scan on movie_keyword mk  (cost=0.00..81003.12 rows=246 width=0) (actual time=103.564..1195.362 rows=32 loops=1)
  Filter: (keyword_id = 17178)
  Rows Removed by Filter: 4523898
Planning time: 0.327 ms
Execution time: 1195.475 ms
