Seq Scan on movie_companies mc  (cost=0.00..51404.11 rows=289833 width=0) (actual time=0.022..731.500 rows=284209 loops=1)
  Filter: (company_id < 156)
  Rows Removed by Filter: 2324920
Planning time: 0.324 ms
Execution time: 770.013 ms
