Seq Scan on movie_keyword mk  (cost=0.00..81003.12 rows=1226089 width=0) (actual time=0.027..1264.924 rows=1235754 loops=1)
  Filter: (keyword_id > 14646)
  Rows Removed by Filter: 3288176
Planning time: 0.307 ms
Execution time: 1423.230 ms
