Seq Scan on movie_companies mc  (cost=0.00..51404.11 rows=1123725 width=0) (actual time=0.020..716.154 rows=1121755 loops=1)
  Filter: (company_id < 7879)
  Rows Removed by Filter: 1487374
Planning time: 0.289 ms
Execution time: 848.416 ms
