Seq Scan on movie_keyword mk  (cost=0.00..81003.12 rows=4025940 width=0) (actual time=0.022..1390.879 rows=4031870 loops=1)
  Filter: (keyword_id < 36621)
  Rows Removed by Filter: 492060
Planning time: 0.283 ms
Execution time: 1895.048 ms
