Hash Join  (cost=74071.18..165649.48 rows=12805 width=0) (actual time=989.802..2801.544 rows=31865 loops=1)
  Hash Cond: (mk.movie_id = t.id)
  ->  Seq Scan on movie_keyword mk  (cost=0.00..81003.12 rows=2785901 width=4) (actual time=0.016..1359.237 rows=2777135 loops=1)
        Filter: (keyword_id > 2849)
        Rows Removed by Filter: 1746795
  ->  Hash  (cost=73925.90..73925.90 rows=11622 width=4) (actual time=989.250..989.250 rows=11141 loops=1)
        Buckets: 16384  Batches: 1  Memory Usage: 520kB
        ->  Seq Scan on title t  (cost=0.00..73925.90 rows=11622 width=4) (actual time=0.124..984.017 rows=11141 loops=1)
              Filter: ((kind_id < 7) AND (production_year = 1994))
              Rows Removed by Filter: 2517171
Planning time: 0.573 ms
Execution time: 2805.989 ms
