Seq Scan on movie_keyword mk  (cost=0.00..81003.12 rows=2069737 width=0) (actual time=0.014..1474.219 rows=2083222 loops=1)
  Filter: (keyword_id < 3705)
  Rows Removed by Filter: 2440708
Planning time: 0.235 ms
Execution time: 1739.690 ms
