Seq Scan on cast_info ci  (cost=0.00..796071.18 rows=420 width=0) (actual time=12216.476..13718.077 rows=218 loops=1)
  Filter: ((role_id < 9) AND (person_id = 1636105))
  Rows Removed by Filter: 36244126
Planning time: 0.372 ms
Execution time: 13718.213 ms
