Hash Join  (cost=185525.87..579956.01 rows=962239 width=0) (actual time=7141.458..10596.664 rows=894709 loops=1)
  Hash Cond: (mi.movie_id = t.id)
  ->  Seq Scan on movie_info mi  (cost=0.00..346232.03 rows=3068194 width=4) (actual time=3154.844..5197.199 rows=3036719 loops=1)
        Filter: (info_type_id = 16)
        Rows Removed by Filter: 11799001
  ->  Hash  (cost=172515.49..172515.49 rows=792990 width=8) (actual time=3985.161..3985.161 rows=318578 loops=1)
        Buckets: 131072  Batches: 16  Memory Usage: 1790kB
        ->  Hash Join  (cost=86534.07..172515.49 rows=792990 width=8) (actual time=1573.016..3879.010 rows=318578 loops=1)
              Hash Cond: (mc.movie_id = t.id)
              ->  Seq Scan on movie_companies mc  (cost=0.00..44881.29 rows=2609129 width=4) (actual time=0.031..906.675 rows=2609129 loops=1)
              ->  Hash  (cost=73925.90..73925.90 rows=768493 width=4) (actual time=1349.599..1349.599 rows=840010 loops=1)
                    Buckets: 131072  Batches: 16  Memory Usage: 2877kB
                    ->  Seq Scan on title t  (cost=0.00..73925.90 rows=768493 width=4) (actual time=13.459..1093.865 rows=840010 loops=1)
                          Filter: ((production_year > 2002) AND (kind_id = 7))
                          Rows Removed by Filter: 1688302
Planning time: 1.175 ms
Execution time: 10670.943 ms
