Hash Join  (cost=94699.36..459591.89 rows=23660 width=0) (actual time=1568.704..8940.685 rows=248649 loops=1)
  Hash Cond: (mi.movie_id = t.id)
  ->  Seq Scan on movie_info mi  (cost=0.00..309384.22 rows=14739122 width=4) (actual time=0.008..4055.585 rows=14835720 loops=1)
  ->  Hash  (cost=94648.62..94648.62 rows=4059 width=8) (actual time=1568.043..1568.043 rows=17033 loops=1)
        Buckets: 32768 (originally 4096)  Batches: 1 (originally 1)  Memory Usage: 922kB
        ->  Hash Join  (cost=67697.55..94648.62 rows=4059 width=8) (actual time=933.466..1561.510 rows=17033 loops=1)
              Hash Cond: (mi_idx.movie_id = t.id)
              ->  Seq Scan on movie_info_idx mi_idx  (cost=0.00..21735.35 rows=1380035 width=4) (actual time=0.011..313.002 rows=1380035 loops=1)
              ->  Hash  (cost=67604.59..67604.59 rows=7437 width=4) (actual time=933.400..933.400 rows=21312 loops=1)
                    Buckets: 32768 (originally 8192)  Batches: 1 (originally 1)  Memory Usage: 1006kB
                    ->  Seq Scan on title t  (cost=0.00..67604.59 rows=7437 width=4) (actual time=0.015..923.440 rows=21312 loops=1)
                          Filter: (production_year = 1989)
                          Rows Removed by Filter: 2507000
Planning time: 1.491 ms
Execution time: 8976.108 ms
