Seq Scan on cast_info ci  (cost=0.00..705507.15 rows=14685016 width=0) (actual time=0.020..11600.118 rows=14852757 loops=1)
  Filter: (person_id > 2167154)
  Rows Removed by Filter: 21391587
Planning time: 0.292 ms
Execution time: 13454.869 ms
