Seq Scan on cast_info ci  (cost=0.00..796071.18 rows=4294569 width=0) (actual time=0.007..12303.503 rows=9568603 loops=1)
  Filter: ((person_id > 2749608) AND (role_id > 2))
  Rows Removed by Filter: 26675741
Planning time: 0.308 ms
Execution time: 13499.202 ms
