Hash Join  (cost=262228.79..364645.94 rows=1748621 width=0) (actual time=5387.455..11095.783 rows=13454704 loops=1)
  Hash Cond: (mc.movie_id = t.id)
  ->  Seq Scan on movie_companies mc  (cost=0.00..44881.29 rows=2609129 width=4) (actual time=0.016..831.793 rows=2609129 loops=1)
  ->  Hash  (cost=234426.27..234426.27 rows=1694602 width=8) (actual time=5386.216..5386.216 rows=1706057 loops=1)
        Buckets: 131072  Batches: 32  Memory Usage: 3095kB
        ->  Hash Join  (cost=102767.86..234426.27 rows=1694602 width=8) (actual time=1898.419..4942.742 rows=1706057 loops=1)
              Hash Cond: (mk.movie_id = t.id)
              ->  Seq Scan on movie_keyword mk  (cost=0.00..81003.12 rows=1694602 width=4) (actual time=0.020..1453.458 rows=1706057 loops=1)
                    Filter: (keyword_id > 8431)
                    Rows Removed by Filter: 2817873
              ->  Hash  (cost=61283.27..61283.27 rows=2528527 width=4) (actual time=1895.078..1895.078 rows=2528312 loops=1)
                    Buckets: 131072  Batches: 64  Memory Usage: 2425kB
                    ->  Seq Scan on title t  (cost=0.00..61283.27 rows=2528527 width=4) (actual time=0.015..1032.574 rows=2528312 loops=1)
Planning time: 1.147 ms
Execution time: 12744.692 ms
