Hash Join  (cost=102767.86..178328.18 rows=322301 width=0) (actual time=2117.338..3556.439 rows=621356 loops=1)
  Hash Cond: (mc.movie_id = t.id)
  ->  Seq Scan on movie_companies mc  (cost=0.00..57926.93 rows=322301 width=4) (actual time=320.307..913.824 rows=621356 loops=1)
        Filter: ((company_id > 57927) AND (company_type_id > 1))
        Rows Removed by Filter: 1987773
  ->  Hash  (cost=61283.27..61283.27 rows=2528527 width=4) (actual time=1795.823..1795.823 rows=2528312 loops=1)
        Buckets: 131072  Batches: 64  Memory Usage: 2415kB
        ->  Seq Scan on title t  (cost=0.00..61283.27 rows=2528527 width=4) (actual time=0.019..949.232 rows=2528312 loops=1)
Planning time: 0.739 ms
Execution time: 3623.928 ms
