Hash Join  (cost=102767.86..209279.93 rows=649535 width=0) (actual time=1843.827..3970.155 rows=659691 loops=1)
  Hash Cond: (mk.movie_id = t.id)
  ->  Seq Scan on movie_keyword mk  (cost=0.00..81003.12 rows=649535 width=4) (actual time=0.026..1233.030 rows=659691 loops=1)
        Filter: (keyword_id > 28492)
        Rows Removed by Filter: 3864239
  ->  Hash  (cost=61283.27..61283.27 rows=2528527 width=4) (actual time=1841.769..1841.769 rows=2528312 loops=1)
        Buckets: 131072  Batches: 64  Memory Usage: 2425kB
        ->  Seq Scan on title t  (cost=0.00..61283.27 rows=2528527 width=4) (actual time=0.018..974.021 rows=2528312 loops=1)
Planning time: 0.707 ms
Execution time: 4047.368 ms
