Nested Loop  (cost=52731.34..758884.73 rows=5 width=0) (actual time=7141.213..9883.982 rows=5 loops=1)
  ->  Hash Join  (cost=52730.91..758777.21 rows=40 width=8) (actual time=7141.162..9883.843 rows=5 loops=1)
        Hash Cond: (ci.movie_id = mc.movie_id)
        ->  Seq Scan on cast_info ci  (cost=0.00..705507.15 rows=500 width=4) (actual time=1181.815..9124.678 rows=225 loops=1)
              Filter: (person_id = 338869)
              Rows Removed by Filter: 36244119
        ->  Hash  (cost=51404.11..51404.11 rows=80864 width=4) (actual time=749.860..749.860 rows=84071 loops=1)
              Buckets: 131072  Batches: 2  Memory Usage: 2499kB
              ->  Seq Scan on movie_companies mc  (cost=0.00..51404.11 rows=80864 width=4) (actual time=0.130..720.610 rows=84071 loops=1)
                    Filter: (company_id < 19)
                    Rows Removed by Filter: 2525058
  ->  Index Scan using title_pkey on title t  (cost=0.43..2.68 rows=1 width=4) (actual time=0.022..0.022 rows=1 loops=5)
        Index Cond: (id = mc.movie_id)
        Filter: ((kind_id < 7) AND (production_year < 2011))
Planning time: 2.437 ms
Execution time: 9884.094 ms
