Hash Join  (cost=161197.08..871257.81 rows=7368 width=0) (actual time=4586.515..14905.845 rows=43270 loops=1)
  Hash Cond: (ci.movie_id = t.id)
  ->  Seq Scan on cast_info ci  (cost=0.00..705507.15 rows=895980 width=4) (actual time=1828.652..11940.925 rows=898389 loops=1)
        Filter: (role_id = 5)
        Rows Removed by Filter: 35345955
  ->  Hash  (cost=160937.16..160937.16 rows=20794 width=8) (actual time=2757.182..2757.182 rows=55637 loops=1)
        Buckets: 65536 (originally 32768)  Batches: 1 (originally 1)  Memory Usage: 2686kB
        ->  Hash Join  (cost=74071.18..160937.16 rows=20794 width=8) (actual time=1041.021..2738.180 rows=55637 loops=1)
              Hash Cond: (mk.movie_id = t.id)
              ->  Seq Scan on movie_keyword mk  (cost=0.00..69693.30 rows=4523930 width=4) (actual time=0.027..829.253 rows=4523930 loops=1)
              ->  Hash  (cost=73925.90..73925.90 rows=11622 width=4) (actual time=1040.359..1040.359 rows=11141 loops=1)
                    Buckets: 16384  Batches: 1  Memory Usage: 520kB
                    ->  Seq Scan on title t  (cost=0.00..73925.90 rows=11622 width=4) (actual time=0.206..1035.212 rows=11141 loops=1)
                          Filter: ((kind_id < 7) AND (production_year = 1994))
                          Rows Removed by Filter: 2517171
Planning time: 1.153 ms
Execution time: 14911.774 ms
