Hash Join  (cost=180835.13..670483.73 rows=922369 width=0) (actual time=3786.942..22436.122 rows=22590982 loops=1)
  Hash Cond: (mi.movie_id = t.id)
  ->  Seq Scan on movie_info mi  (cost=0.00..309384.22 rows=14739122 width=4) (actual time=0.021..5849.197 rows=14835720 loops=1)
  ->  Hash  (cost=178238.21..178238.21 rows=158234 width=8) (actual time=3786.153..3786.153 rows=522005 loops=1)
        Buckets: 131072 (originally 131072)  Batches: 8 (originally 4)  Memory Usage: 3654kB
        ->  Hash Join  (cost=78741.46..178238.21 rows=158234 width=8) (actual time=1395.444..3635.491 rows=522005 loops=1)
              Hash Cond: (mk.movie_id = t.id)
              ->  Seq Scan on movie_keyword mk  (cost=0.00..81003.12 rows=1363276 width=4) (actual time=0.009..1419.472 rows=1376739 loops=1)
                    Filter: (keyword_id < 1827)
                    Rows Removed by Filter: 3147191
              ->  Hash  (cost=73925.90..73925.90 rows=293484 width=4) (actual time=1394.637..1394.637 rows=411690 loops=1)
                    Buckets: 131072 (originally 131072)  Batches: 8 (originally 4)  Memory Usage: 3073kB
                    ->  Seq Scan on title t  (cost=0.00..73925.90 rows=293484 width=4) (actual time=0.015..1247.649 rows=411690 loops=1)
                          Filter: ((kind_id < 7) AND (production_year < 1993))
                          Rows Removed by Filter: 2116622
Planning time: 1.184 ms
Execution time: 25230.464 ms
