Hash Join  (cost=106685.10..286265.49 rows=4261844 width=0) (actual time=2599.455..7264.948 rows=4466769 loops=1)
  Hash Cond: (mk.movie_id = t.id)
  ->  Seq Scan on movie_keyword mk  (cost=0.00..69693.30 rows=4523930 width=4) (actual time=0.014..1247.032 rows=4523930 loops=1)
  ->  Hash  (cost=67604.59..67604.59 rows=2382041 width=4) (actual time=2598.108..2598.108 rows=2378352 loops=1)
        Buckets: 131072  Batches: 32  Memory Usage: 3648kB
        ->  Seq Scan on title t  (cost=0.00..67604.59 rows=2382041 width=4) (actual time=0.015..1169.888 rows=2378352 loops=1)
              Filter: (production_year > 1917)
              Rows Removed by Filter: 149960
Planning time: 0.720 ms
Execution time: 7731.224 ms
