Hash Join  (cost=75752.64..562483.67 rows=649010 width=0) (actual time=1211.960..12103.486 rows=881174 loops=1)
  Hash Cond: (mi.movie_id = t.id)
  ->  Seq Scan on movie_info mi  (cost=0.00..309384.22 rows=14739122 width=4) (actual time=0.018..4954.307 rows=14835720 loops=1)
  ->  Hash  (cost=73925.90..73925.90 rows=111339 width=4) (actual time=1211.270..1211.270 rows=117920 loops=1)
        Buckets: 131072  Batches: 2  Memory Usage: 3101kB
        ->  Seq Scan on title t  (cost=0.00..73925.90 rows=111339 width=4) (actual time=0.014..1168.499 rows=117920 loops=1)
              Filter: ((production_year > 0) AND (kind_id = 4))
              Rows Removed by Filter: 2410392
Planning time: 0.756 ms
Execution time: 12210.398 ms
