Hash Join  (cost=132230.04..883798.30 rows=77913 width=0) (actual time=1206.509..14122.223 rows=68453 loops=1)
  Hash Cond: (ci.movie_id = t.id)
  ->  Seq Scan on cast_info ci  (cost=0.00..614943.12 rows=36225612 width=4) (actual time=0.018..6493.162 rows=36244344 loops=1)
  ->  Hash  (cost=132162.07..132162.07 rows=5438 width=8) (actual time=1205.591..1205.591 rows=1802 loops=1)
        Buckets: 8192  Batches: 1  Memory Usage: 135kB
        ->  Nested Loop  (cost=0.43..132162.07 rows=5438 width=8) (actual time=0.717..1204.261 rows=1802 loops=1)
              ->  Seq Scan on movie_keyword mk  (cost=0.00..81003.12 rows=7389 width=4) (actual time=0.242..1081.900 rows=7328 loops=1)
                    Filter: (keyword_id = 229)
                    Rows Removed by Filter: 4516602
              ->  Index Scan using title_pkey on title t  (cost=0.43..6.91 rows=1 width=4) (actual time=0.016..0.016 rows=0 loops=7328)
                    Index Cond: (id = mk.movie_id)
                    Filter: (kind_id > 1)
                    Rows Removed by Filter: 1
Planning time: 1.182 ms
Execution time: 14135.377 ms
