Hash Join  (cost=182100.35..1010663.69 rows=3405974 width=0) (actual time=6862.867..22499.715 rows=6331476 loops=1)
  Hash Cond: (ci.movie_id = t.id)
  ->  Seq Scan on cast_info ci  (cost=0.00..705507.15 rows=7298253 width=4) (actual time=2936.498..12915.407 rows=7451973 loops=1)
        Filter: (role_id = 2)
        Rows Removed by Filter: 28792371
  ->  Hash  (cost=162740.07..162740.07 rows=1180022 width=8) (actual time=3925.567..3925.567 rows=1209704 loops=1)
        Buckets: 131072  Batches: 16  Memory Usage: 3984kB
        ->  Hash Join  (cost=103076.32..162740.07 rows=1180022 width=8) (actual time=1853.897..3588.458 rows=1209704 loops=1)
              Hash Cond: (mi_idx.movie_id = t.id)
              ->  Seq Scan on movie_info_idx mi_idx  (cost=0.00..21735.35 rows=1380035 width=4) (actual time=0.034..401.337 rows=1380035 loops=1)
              ->  Hash  (cost=67604.59..67604.59 rows=2162059 width=4) (actual time=1852.557..1852.557 rows=2159747 loops=1)
                    Buckets: 131072  Batches: 32  Memory Usage: 3400kB
                    ->  Seq Scan on title t  (cost=0.00..67604.59 rows=2162059 width=4) (actual time=0.016..1172.538 rows=2159747 loops=1)
                          Filter: (production_year > 1964)
                          Rows Removed by Filter: 368565
Planning time: 1.157 ms
Execution time: 23259.089 ms
