Hash Join  (cost=191684.29..558190.01 rows=276103 width=0) (actual time=4399.270..10079.427 rows=384640 loops=1)
  Hash Cond: (mi.movie_id = t.id)
  ->  Seq Scan on movie_info mi  (cost=0.00..346232.03 rows=1338312 width=4) (actual time=487.353..5392.687 rows=1401902 loops=1)
        Filter: (info_type_id = 7)
        Rows Removed by Filter: 13433818
  ->  Hash  (cost=183125.64..183125.64 rows=521652 width=8) (actual time=3911.158..3911.158 rows=311288 loops=1)
        Buckets: 131072  Batches: 8  Memory Usage: 2552kB
        ->  Hash Join  (cost=102767.86..183125.64 rows=521652 width=8) (actual time=2203.795..3810.621 rows=311288 loops=1)
              Hash Cond: (mc.movie_id = t.id)
              ->  Seq Scan on movie_companies mc  (cost=0.00..57926.93 rows=521652 width=4) (actual time=0.034..933.769 rows=311288 loops=1)
                    Filter: ((company_id < 5477) AND (company_type_id = 2))
                    Rows Removed by Filter: 2297841
              ->  Hash  (cost=61283.27..61283.27 rows=2528527 width=4) (actual time=2203.005..2203.005 rows=2528312 loops=1)
                    Buckets: 131072  Batches: 64  Memory Usage: 2415kB
                    ->  Seq Scan on title t  (cost=0.00..61283.27 rows=2528527 width=4) (actual time=0.016..1099.207 rows=2528312 loops=1)
Planning time: 1.100 ms
Execution time: 10128.587 ms
