Hash Join  (cost=101016.81..852375.33 rows=56933 width=0) (actual time=1474.830..15500.403 rows=47736 loops=1)
  Hash Cond: (ci.movie_id = t.id)
  ->  Seq Scan on cast_info ci  (cost=0.00..614943.12 rows=36225612 width=4) (actual time=0.007..7387.475 rows=36244344 loops=1)
  ->  Hash  (cost=100967.14..100967.14 rows=3974 width=8) (actual time=1474.416..1474.416 rows=1971 loops=1)
        Buckets: 4096  Batches: 1  Memory Usage: 109kB
        ->  Hash Join  (cost=74016.92..100967.14 rows=3974 width=8) (actual time=899.813..1473.530 rows=1971 loops=1)
              Hash Cond: (mi_idx.movie_id = t.id)
              ->  Seq Scan on movie_info_idx mi_idx  (cost=0.00..21735.35 rows=1380035 width=4) (actual time=0.016..289.516 rows=1380035 loops=1)
              ->  Hash  (cost=73925.90..73925.90 rows=7281 width=4) (actual time=899.677..899.677 rows=7012 loops=1)
                    Buckets: 8192  Batches: 1  Memory Usage: 311kB
                    ->  Seq Scan on title t  (cost=0.00..73925.90 rows=7281 width=4) (actual time=472.407..896.485 rows=7012 loops=1)
                          Filter: ((kind_id = 4) AND (production_year = 2011))
                          Rows Removed by Filter: 2521300
Planning time: 1.116 ms
Execution time: 15508.546 ms
