Hash Join  (cost=87846.69..192797.63 rows=464066 width=0) (actual time=1537.608..3668.003 rows=131311 loops=1)
  Hash Cond: (mk.movie_id = t.id)
  ->  Seq Scan on movie_keyword mk  (cost=0.00..81003.12 rows=1382975 width=4) (actual time=0.014..1357.363 rows=1398302 loops=1)
        Filter: (keyword_id > 11976)
        Rows Removed by Filter: 3125628
  ->  Hash  (cost=73925.90..73925.90 rows=848463 width=4) (actual time=1500.235..1500.235 rows=926957 loops=1)
        Buckets: 131072  Batches: 16  Memory Usage: 3075kB
        ->  Seq Scan on title t  (cost=0.00..73925.90 rows=848463 width=4) (actual time=0.024..1196.519 rows=926957 loops=1)
              Filter: ((kind_id > 4) AND (production_year > 2000))
              Rows Removed by Filter: 1601355
Planning time: 1.079 ms
Execution time: 3684.514 ms
