Seq Scan on movie_companies mc  (cost=0.00..57926.93 rows=512940 width=0) (actual time=0.031..854.143 rows=724650 loops=1)
  Filter: ((company_id < 6036) AND (company_type_id < 2))
  Rows Removed by Filter: 1884479
Planning time: 0.361 ms
Execution time: 943.957 ms
