Hash Join  (cost=532159.52..684641.20 rows=2309078 width=0) (actual time=9527.727..22364.629 rows=47410166 loops=1)
  Hash Cond: (mk.movie_id = t.id)
  ->  Seq Scan on movie_keyword mk  (cost=0.00..81003.12 rows=3224355 width=4) (actual time=0.030..1535.240 rows=3208808 loops=1)
        Filter: (keyword_id < 13337)
        Rows Removed by Filter: 1315122
  ->  Hash  (cost=502450.90..502450.90 rows=1810770 width=8) (actual time=9526.232..9526.232 rows=1865632 loops=1)
        Buckets: 131072  Batches: 32  Memory Usage: 3254kB
        ->  Hash Join  (cost=102767.86..502450.90 rows=1810770 width=8) (actual time=2408.459..8961.374 rows=1865632 loops=1)
              Hash Cond: (mi.movie_id = t.id)
              ->  Seq Scan on movie_info mi  (cost=0.00..346232.03 rows=1810770 width=4) (actual time=594.252..5224.868 rows=1865632 loops=1)
                    Filter: (info_type_id > 17)
                    Rows Removed by Filter: 12970088
              ->  Hash  (cost=61283.27..61283.27 rows=2528527 width=4) (actual time=1808.048..1808.048 rows=2528312 loops=1)
                    Buckets: 131072  Batches: 64  Memory Usage: 2425kB
                    ->  Seq Scan on title t  (cost=0.00..61283.27 rows=2528527 width=4) (actual time=0.016..935.718 rows=2528312 loops=1)
Planning time: 1.133 ms
Execution time: 27197.106 ms
