Hash Join  (cost=130244.13..211403.85 rows=278 width=0) (actual time=2967.215..3277.570 rows=3 loops=1)
  Hash Cond: (mk.movie_id = t.id)
  ->  Seq Scan on movie_keyword mk  (cost=0.00..81003.12 rows=41017 width=4) (actual time=0.031..1083.741 rows=41840 loops=1)
        Filter: (keyword_id = 117)
        Rows Removed by Filter: 4482090
  ->  Hash  (cost=130029.87..130029.87 rows=17141 width=8) (actual time=2181.306..2181.306 rows=7705 loops=1)
        Buckets: 32768  Batches: 1  Memory Usage: 557kB
        ->  Hash Join  (cost=74430.83..130029.87 rows=17141 width=8) (actual time=1147.122..2177.999 rows=7705 loops=1)
              Hash Cond: (mc.movie_id = t.id)
              ->  Seq Scan on movie_companies mc  (cost=0.00..51404.11 rows=1072937 width=4) (actual time=0.021..851.714 rows=1069171 loops=1)
                    Filter: (company_id < 6578)
                    Rows Removed by Filter: 1539958
              ->  Hash  (cost=73925.90..73925.90 rows=40394 width=4) (actual time=1052.681..1052.681 rows=40264 loops=1)
                    Buckets: 65536  Batches: 1  Memory Usage: 1928kB
                    ->  Seq Scan on title t  (cost=0.00..73925.90 rows=40394 width=4) (actual time=0.023..1036.049 rows=40264 loops=1)
                          Filter: ((kind_id > 4) AND (production_year = 2013))
                          Rows Removed by Filter: 2488048
Planning time: 1.188 ms
Execution time: 3277.812 ms
