Hash Join  (cost=107494.42..756948.72 rows=14172647 width=0) (actual time=2128.618..20473.761 rows=14487604 loops=1)
  Hash Cond: (mi.movie_id = t.id)
  ->  Seq Scan on movie_info mi  (cost=0.00..309384.22 rows=14739122 width=4) (actual time=0.016..5613.348 rows=14835720 loops=1)
  ->  Hash  (cost=67604.59..67604.59 rows=2431347 width=4) (actual time=2127.831..2127.831 rows=2427113 loops=1)
        Buckets: 131072  Batches: 32  Memory Usage: 3700kB
        ->  Seq Scan on title t  (cost=0.00..67604.59 rows=2431347 width=4) (actual time=0.024..1345.138 rows=2427113 loops=1)
              Filter: (production_year > 1910)
              Rows Removed by Filter: 101199
Planning time: 0.818 ms
Execution time: 22121.264 ms
