Seq Scan on cast_info ci  (cost=0.00..796071.18 rows=22567145 width=0) (actual time=0.024..16315.857 rows=23188735 loops=1)
  Filter: ((person_id > 136237) AND (role_id > 1))
  Rows Removed by Filter: 13055609
Planning time: 0.316 ms
Execution time: 19239.827 ms
