Hash Join  (cost=814852.21..1274128.38 rows=314598 width=0) (actual time=15110.208..23887.719 rows=235413 loops=1)
  Hash Cond: (mi.movie_id = t.id)
  ->  Seq Scan on movie_info mi  (cost=0.00..346232.03 rows=9476311 width=4) (actual time=853.110..6092.211 rows=9565151 loops=1)
        Filter: (info_type_id < 16)
        Rows Removed by Filter: 5270569
  ->  Hash  (cost=813474.93..813474.93 rows=83943 width=8) (actual time=14252.634..14252.634 rows=118650 loops=1)
        Buckets: 131072  Batches: 2  Memory Usage: 3350kB
        ->  Hash Join  (cost=75199.97..813474.93 rows=83943 width=8) (actual time=2696.427..14214.205 rows=118650 loops=1)
              Hash Cond: (ci.movie_id = t.id)
              ->  Seq Scan on cast_info ci  (cost=0.00..705507.15 rows=2735034 width=4) (actual time=1608.230..11986.163 rows=2728943 loops=1)
                    Filter: (role_id = 4)
                    Rows Removed by Filter: 33515401
              ->  Hash  (cost=73925.90..73925.90 rows=77605 width=4) (actual time=1086.821..1086.821 rows=84684 loops=1)
                    Buckets: 131072  Batches: 2  Memory Usage: 2512kB
                    ->  Seq Scan on title t  (cost=0.00..73925.90 rows=77605 width=4) (actual time=0.035..1054.868 rows=84684 loops=1)
                          Filter: ((kind_id = 7) AND (production_year = 2009))
                          Rows Removed by Filter: 2443628
Planning time: 1.836 ms
Execution time: 23921.082 ms
