Seq Scan on title t  (cost=0.00..73925.90 rows=266993 width=0) (actual time=0.026..928.803 rows=216282 loops=1)
  Filter: ((kind_id < 2) AND (production_year > 2005))
  Rows Removed by Filter: 2312030
Planning time: 0.340 ms
Execution time: 956.195 ms
