Hash Join  (cost=280698.48..1676351.65 rows=30816499 width=0) (actual time=6650.924..64550.734 rows=100233954 loops=1)
  Hash Cond: (ci.movie_id = t.id)
  ->  Seq Scan on cast_info ci  (cost=0.00..614943.12 rows=36225612 width=4) (actual time=0.015..11905.637 rows=36244344 loops=1)
  ->  Hash  (cost=245408.31..245408.31 rows=2150974 width=8) (actual time=6650.230..6650.230 rows=2157198 loops=1)
        Buckets: 131072  Batches: 32  Memory Usage: 3644kB
        ->  Hash Join  (cost=102767.86..245408.31 rows=2150974 width=8) (actual time=1856.076..5877.322 rows=2157198 loops=1)
              Hash Cond: (mk.movie_id = t.id)
              ->  Seq Scan on movie_keyword mk  (cost=0.00..81003.12 rows=2150974 width=4) (actual time=0.026..1403.860 rows=2157198 loops=1)
                    Filter: (keyword_id < 4096)
                    Rows Removed by Filter: 2366732
              ->  Hash  (cost=61283.27..61283.27 rows=2528527 width=4) (actual time=1855.124..1855.124 rows=2528312 loops=1)
                    Buckets: 131072  Batches: 64  Memory Usage: 2425kB
                    ->  Seq Scan on title t  (cost=0.00..61283.27 rows=2528527 width=4) (actual time=0.019..966.286 rows=2528312 loops=1)
Planning time: 1.691 ms
Execution time: 75342.285 ms
