Hash Join  (cost=101554.89..193900.40 rows=18619 width=0) (actual time=1674.420..3579.764 rows=185654 loops=1)
  Hash Cond: (mk.movie_id = t.id)
  ->  Seq Scan on movie_keyword mk  (cost=0.00..81003.12 rows=2974986 width=4) (actual time=0.017..1362.015 rows=2961023 loops=1)
        Filter: (keyword_id < 10042)
        Rows Removed by Filter: 1562907
  ->  Hash  (cost=101357.07..101357.07 rows=15825 width=8) (actual time=1673.580..1673.580 rows=29085 loops=1)
        Buckets: 32768 (originally 16384)  Batches: 1 (originally 1)  Memory Usage: 1393kB
        ->  Hash Join  (cost=74288.34..101357.07 rows=15825 width=8) (actual time=1058.708..1662.845 rows=29085 loops=1)
              Hash Cond: (mi_idx.movie_id = t.id)
              ->  Seq Scan on movie_info_idx mi_idx  (cost=0.00..21735.35 rows=1380035 width=4) (actual time=0.026..283.068 rows=1380035 loops=1)
              ->  Hash  (cost=73925.90..73925.90 rows=28995 width=4) (actual time=1058.509..1058.509 rows=19956 loops=1)
                    Buckets: 32768  Batches: 1  Memory Usage: 958kB
                    ->  Seq Scan on title t  (cost=0.00..73925.90 rows=28995 width=4) (actual time=0.041..1050.115 rows=19956 loops=1)
                          Filter: ((kind_id < 4) AND (production_year = 2004))
                          Rows Removed by Filter: 2508356
Planning time: 4.862 ms
Execution time: 3604.661 ms
