Hash Join  (cost=67612.84..129969.91 rows=308 width=0) (actual time=1273.280..2205.201 rows=2484 loops=1)
  Hash Cond: (mc.movie_id = t.id)
  ->  Seq Scan on movie_companies mc  (cost=0.00..57926.93 rows=1180548 width=4) (actual time=247.418..1014.247 rows=1035816 loops=1)
        Filter: ((company_id < 94495) AND (company_type_id > 1))
        Rows Removed by Filter: 1573313
  ->  Hash  (cost=67604.59..67604.59 rows=660 width=4) (actual time=1024.711..1024.711 rows=3515 loops=1)
        Buckets: 4096 (originally 1024)  Batches: 1 (originally 1)  Memory Usage: 156kB
        ->  Seq Scan on title t  (cost=0.00..67604.59 rows=660 width=4) (actual time=0.348..1022.954 rows=3515 loops=1)
              Filter: (production_year > 2013)
              Rows Removed by Filter: 2524797
Planning time: 0.735 ms
Execution time: 2205.778 ms
