Hash Join  (cost=956220.25..1107755.94 rows=2424065 width=0) (actual time=14889.777..19929.299 rows=6052146 loops=1)
  Hash Cond: (mk.movie_id = t.id)
  ->  Seq Scan on movie_keyword mk  (cost=0.00..69693.30 rows=4523930 width=4) (actual time=0.013..1365.396 rows=4523930 loops=1)
  ->  Hash  (cost=933991.44..933991.44 rows=1354865 width=8) (actual time=14888.675..14888.675 rows=400223 loops=1)
        Buckets: 131072  Batches: 32  Memory Usage: 1523kB
        ->  Hash Join  (cost=91342.70..933991.44 rows=1354865 width=8) (actual time=12011.014..14756.528 rows=400223 loops=1)
              Hash Cond: (ci.movie_id = t.id)
              ->  Seq Scan on cast_info ci  (cost=0.00..796071.18 rows=2367710 width=4) (actual time=10404.623..12348.315 rows=814873 loops=1)
                    Filter: ((person_id < 1443297) AND (role_id > 8))
                    Rows Removed by Filter: 35429471
              ->  Hash  (cost=67604.59..67604.59 rows=1446889 width=4) (actual time=1605.511..1605.511 rows=1443298 loops=1)
                    Buckets: 131072  Batches: 32  Memory Usage: 2608kB
                    ->  Seq Scan on title t  (cost=0.00..67604.59 rows=1446889 width=4) (actual time=0.025..1150.496 rows=1443298 loops=1)
                          Filter: (production_year < 2006)
                          Rows Removed by Filter: 1085014
Planning time: 1.170 ms
Execution time: 20614.802 ms
