Hash Join  (cost=102767.86..1119406.74 rows=8755920 width=0) (actual time=1882.532..29271.580 rows=12670688 loops=1)
  Hash Cond: (ci.movie_id = t.id)
  ->  Seq Scan on cast_info ci  (cost=0.00..796071.18 rows=8755920 width=4) (actual time=1.216..14996.112 rows=12670688 loops=1)
        Filter: ((person_id < 2571181) AND (role_id < 2))
        Rows Removed by Filter: 23573656
  ->  Hash  (cost=61283.27..61283.27 rows=2528527 width=4) (actual time=1880.017..1880.017 rows=2528312 loops=1)
        Buckets: 131072  Batches: 64  Memory Usage: 2415kB
        ->  Seq Scan on title t  (cost=0.00..61283.27 rows=2528527 width=4) (actual time=0.014..1021.014 rows=2528312 loops=1)
Planning time: 1.222 ms
Execution time: 30735.404 ms
