Hash Join  (cost=102702.86..733992.46 rows=12470277 width=0) (actual time=1858.109..18496.107 rows=11592722 loops=1)
  Hash Cond: (mi.movie_id = t.id)
  ->  Seq Scan on movie_info mi  (cost=0.00..309384.22 rows=14739122 width=4) (actual time=0.015..5421.767 rows=14835720 loops=1)
  ->  Hash  (cost=67604.59..67604.59 rows=2139302 width=4) (actual time=1857.158..1857.158 rows=2132973 loops=1)
        Buckets: 131072  Batches: 32  Memory Usage: 3380kB
        ->  Seq Scan on title t  (cost=0.00..67604.59 rows=2139302 width=4) (actual time=0.025..1171.340 rows=2132973 loops=1)
              Filter: (production_year > 1966)
              Rows Removed by Filter: 395339
Planning time: 0.736 ms
Execution time: 19745.417 ms
