Hash Join  (cost=106103.37..161127.40 rows=35851 width=0) (actual time=1711.560..2912.894 rows=109016 loops=1)
  Hash Cond: (mc.movie_id = t.id)
  ->  Seq Scan on movie_companies mc  (cost=0.00..44881.29 rows=2609129 width=4) (actual time=0.011..560.663 rows=2609129 loops=1)
  ->  Hash  (cost=105669.08..105669.08 rows=34743 width=8) (actual time=1711.101..1711.101 rows=38578 loops=1)
        Buckets: 65536  Batches: 1  Memory Usage: 2019kB
        ->  Hash Join  (cost=69179.59..105669.08 rows=34743 width=8) (actual time=879.134..1697.102 rows=38578 loops=1)
              Hash Cond: (mi_idx.movie_id = t.id)
              ->  Seq Scan on movie_info_idx mi_idx  (cost=0.00..25185.44 rows=915101 width=4) (actual time=0.016..484.597 rows=919850 loops=1)
                    Filter: (info_type_id < 101)
                    Rows Removed by Filter: 460185
              ->  Hash  (cost=67604.59..67604.59 rows=96000 width=4) (actual time=776.614..776.614 rows=95005 loops=1)
                    Buckets: 131072  Batches: 2  Memory Usage: 2716kB
                    ->  Seq Scan on title t  (cost=0.00..67604.59 rows=96000 width=4) (actual time=0.021..741.999 rows=95005 loops=1)
                          Filter: (production_year = 2005)
                          Rows Removed by Filter: 2433307
Planning time: 1.136 ms
Execution time: 2928.092 ms
