Hash Join  (cost=1056218.69..1274634.42 rows=6521095 width=0) (actual time=17870.428..28813.760 rows=22611076 loops=1)
  Hash Cond: (mk.movie_id = t.id)
  ->  Seq Scan on movie_keyword mk  (cost=0.00..69693.30 rows=4523930 width=4) (actual time=0.025..1327.525 rows=4523930 loops=1)
  ->  Hash  (cost=996420.84..996420.84 rows=3644788 width=8) (actual time=17868.845..17868.845 rows=3881854 loops=1)
        Buckets: 131072  Batches: 64  Memory Usage: 3459kB
        ->  Hash Join  (cost=102767.86..996420.84 rows=3644788 width=8) (actual time=2395.889..16679.966 rows=3881854 loops=1)
              Hash Cond: (ci.movie_id = t.id)
              ->  Seq Scan on cast_info ci  (cost=0.00..796071.18 rows=3644788 width=4) (actual time=568.224..11145.673 rows=3881854 loops=1)
                    Filter: ((person_id < 389171) AND (role_id < 10))
                    Rows Removed by Filter: 32362490
              ->  Hash  (cost=61283.27..61283.27 rows=2528527 width=4) (actual time=1826.538..1826.538 rows=2528312 loops=1)
                    Buckets: 131072  Batches: 64  Memory Usage: 2415kB
                    ->  Seq Scan on title t  (cost=0.00..61283.27 rows=2528527 width=4) (actual time=0.027..993.624 rows=2528312 loops=1)
Planning time: 1.197 ms
Execution time: 31328.372 ms
