Hash Join  (cost=110878.98..931432.76 rows=70317 width=0) (actual time=3539.376..15138.181 rows=73074 loops=1)
  Hash Cond: (ci.movie_id = t.id)
  ->  Seq Scan on cast_info ci  (cost=0.00..796071.18 rows=2026780 width=4) (actual time=1636.326..12061.466 rows=653731 loops=1)
        Filter: ((person_id < 1667431) AND (role_id = 10))
        Rows Removed by Filter: 35590613
  ->  Hash  (cost=109439.43..109439.43 rows=87724 width=8) (actual time=1902.005..1902.005 rows=62055 loops=1)
        Buckets: 131072  Batches: 2  Memory Usage: 2230kB
        ->  Hash Join  (cost=70241.71..109439.43 rows=87724 width=8) (actual time=938.872..1883.481 rows=62055 loops=1)
              Hash Cond: (mi_idx.movie_id = t.id)
              ->  Seq Scan on movie_info_idx mi_idx  (cost=0.00..21735.35 rows=1380035 width=4) (actual time=0.027..398.325 rows=1380035 loops=1)
              ->  Hash  (cost=67604.59..67604.59 rows=160730 width=4) (actual time=937.519..937.519 rows=160017 loops=1)
                    Buckets: 131072  Batches: 4  Memory Usage: 2436kB
                    ->  Seq Scan on title t  (cost=0.00..67604.59 rows=160730 width=4) (actual time=0.034..883.030 rows=160017 loops=1)
                          Filter: (production_year = 2011)
                          Rows Removed by Filter: 2368295
Planning time: 1.245 ms
Execution time: 15148.851 ms
