Hash Join  (cost=256012.07..895579.32 rows=13246042 width=0) (actual time=6208.546..35726.350 rows=61367129 loops=1)
  Hash Cond: (mi.movie_id = t.id)
  ->  Seq Scan on movie_info mi  (cost=0.00..309384.22 rows=14739122 width=4) (actual time=0.021..6105.142 rows=14835720 loops=1)
  ->  Hash  (cost=218730.24..218730.24 rows=2272386 width=8) (actual time=6207.736..6207.736 rows=2269932 loops=1)
        Buckets: 131072  Batches: 32  Memory Usage: 3833kB
        ->  Hash Join  (cost=102767.86..218730.24 rows=2272386 width=8) (actual time=2153.510..5542.240 rows=2269932 loops=1)
              Hash Cond: (mc.movie_id = t.id)
              ->  Seq Scan on movie_companies mc  (cost=0.00..51404.11 rows=2272386 width=4) (actual time=0.015..1123.628 rows=2269932 loops=1)
                    Filter: (company_id < 89424)
                    Rows Removed by Filter: 339197
              ->  Hash  (cost=61283.27..61283.27 rows=2528527 width=4) (actual time=2152.660..2152.660 rows=2528312 loops=1)
                    Buckets: 131072  Batches: 64  Memory Usage: 2415kB
                    ->  Seq Scan on title t  (cost=0.00..61283.27 rows=2528527 width=4) (actual time=0.010..1079.387 rows=2528312 loops=1)
Planning time: 1.123 ms
Execution time: 42794.304 ms
