Hash Join  (cost=838033.83..1587717.07 rows=2845859 width=0) (actual time=22943.226..35348.599 rows=3901178 loops=1)
  Hash Cond: (mi.movie_id = t.id)
  ->  Seq Scan on movie_info mi  (cost=0.00..309384.22 rows=14739122 width=4) (actual time=0.010..5268.728 rows=14835720 loops=1)
  ->  Hash  (cost=830023.16..830023.16 rows=488213 width=8) (actual time=22916.833..22916.833 rows=325746 loops=1)
        Buckets: 131072  Batches: 8  Memory Usage: 2587kB
        ->  Hash Join  (cost=74351.87..830023.16 rows=488213 width=8) (actual time=1152.435..21114.822 rows=325746 loops=1)
              Hash Cond: (ci.movie_id = t.id)
              ->  Seq Scan on cast_info ci  (cost=0.00..614943.12 rows=36225612 width=4) (actual time=0.015..7855.716 rows=36244344 loops=1)
              ->  Hash  (cost=73925.90..73925.90 rows=34077 width=4) (actual time=1151.849..1151.849 rows=85258 loops=1)
                    Buckets: 131072 (originally 65536)  Batches: 1 (originally 1)  Memory Usage: 4022kB
                    ->  Seq Scan on title t  (cost=0.00..73925.90 rows=34077 width=4) (actual time=630.518..1118.054 rows=85258 loops=1)
                          Filter: ((kind_id < 7) AND (production_year < 1920))
                          Rows Removed by Filter: 2443054
Planning time: 0.965 ms
Execution time: 35728.098 ms
