Hash Join  (cost=190230.21..1247469.29 rows=8201906 width=0) (actual time=5238.230..28472.109 rows=11694904 loops=1)
  Hash Cond: (ci.movie_id = t.id)
  ->  Seq Scan on cast_info ci  (cost=0.00..796071.18 rows=15027691 width=4) (actual time=20.754..14935.805 rows=10388624 loops=1)
        Filter: ((person_id < 2356595) AND (role_id > 1))
        Rows Removed by Filter: 25855720
  ->  Hash  (cost=167588.78..167588.78 rows=1380035 width=8) (actual time=4996.960..4996.960 rows=1380035 loops=1)
        Buckets: 131072  Batches: 32  Memory Usage: 2708kB
        ->  Hash Join  (cost=102767.86..167588.78 rows=1380035 width=8) (actual time=2540.828..4582.348 rows=1380035 loops=1)
              Hash Cond: (mi_idx.movie_id = t.id)
              ->  Seq Scan on movie_info_idx mi_idx  (cost=0.00..21735.35 rows=1380035 width=4) (actual time=0.030..472.026 rows=1380035 loops=1)
              ->  Hash  (cost=61283.27..61283.27 rows=2528527 width=4) (actual time=2539.161..2539.161 rows=2528312 loops=1)
                    Buckets: 131072  Batches: 64  Memory Usage: 2415kB
                    ->  Seq Scan on title t  (cost=0.00..61283.27 rows=2528527 width=4) (actual time=0.019..957.346 rows=2528312 loops=1)
Planning time: 1.713 ms
Execution time: 29789.398 ms
