Hash Join  (cost=79677.10..570138.50 rows=2842203 width=0) (actual time=1342.897..13231.112 rows=4004585 loops=1)
  Hash Cond: (mi.movie_id = t.id)
  ->  Seq Scan on movie_info mi  (cost=0.00..346232.03 rows=9767026 width=4) (actual time=71.940..6328.170 rows=9911754 loops=1)
        Filter: (info_type_id > 4)
        Rows Removed by Filter: 4923966
  ->  Hash  (cost=67604.59..67604.59 rows=735801 width=4) (actual time=1269.822..1269.822 rows=730985 loops=1)
        Buckets: 131072  Batches: 16  Memory Usage: 2638kB
        ->  Seq Scan on title t  (cost=0.00..67604.59 rows=735801 width=4) (actual time=0.029..1031.208 rows=730985 loops=1)
              Filter: (production_year < 1992)
              Rows Removed by Filter: 1797327
Planning time: 0.730 ms
Execution time: 13636.326 ms
