Nested Loop  (cost=0.43..83071.67 rows=246 width=0) (actual time=0.149..1181.356 rows=2735 loops=1)
  ->  Seq Scan on movie_keyword mk  (cost=0.00..81003.12 rows=246 width=4) (actual time=0.076..1117.907 rows=2735 loops=1)
        Filter: (keyword_id = 830)
        Rows Removed by Filter: 4521195
  ->  Index Only Scan using title_pkey on title t  (cost=0.43..8.40 rows=1 width=4) (actual time=0.022..0.022 rows=1 loops=2735)
        Index Cond: (id = mk.movie_id)
        Heap Fetches: 2735
Planning time: 0.759 ms
Execution time: 1182.294 ms
