Hash Join  (cost=161793.79..973946.34 rows=140556 width=0) (actual time=3803.771..16090.324 rows=258671 loops=1)
  Hash Cond: (ci.movie_id = t.id)
  ->  Seq Scan on cast_info ci  (cost=0.00..796071.18 rows=1166082 width=4) (actual time=111.001..11570.530 rows=1428584 loops=1)
        Filter: ((person_id > 2080673) AND (role_id = 4))
        Rows Removed by Filter: 34815760
  ->  Hash  (cost=156793.04..156793.04 rows=304780 width=8) (actual time=3691.827..3691.827 rows=293019 loops=1)
        Buckets: 131072  Batches: 4  Memory Usage: 3847kB
        ->  Hash Join  (cost=82423.69..156793.04 rows=304780 width=8) (actual time=1268.924..3605.984 rows=293019 loops=1)
              Hash Cond: (mc.movie_id = t.id)
              ->  Seq Scan on movie_companies mc  (cost=0.00..57926.93 rows=853231 width=4) (actual time=0.029..1055.538 rows=1166744 loops=1)
                    Filter: ((company_id < 23177) AND (company_type_id = 1))
                    Rows Removed by Filter: 1442385
              ->  Hash  (cost=67604.59..67604.59 rows=903208 width=4) (actual time=1267.589..1267.589 rows=904491 loops=1)
                    Buckets: 131072  Batches: 16  Memory Usage: 3010kB
                    ->  Seq Scan on title t  (cost=0.00..67604.59 rows=903208 width=4) (actual time=0.018..979.638 rows=904491 loops=1)
                          Filter: (production_year > 2006)
                          Rows Removed by Filter: 1623821
Planning time: 3.159 ms
Execution time: 16121.344 ms
