Seq Scan on cast_info ci  (cost=0.00..705507.15 rows=500 width=0) (actual time=5224.631..10086.184 rows=1 loops=1)
  Filter: (person_id = 2522656)
  Rows Removed by Filter: 36244343
Planning time: 4.183 ms
Execution time: 10086.287 ms
