Hash Join  (cost=83074.74..137742.81 rows=254 width=0) (actual time=1010.677..1862.323 rows=522 loops=1)
  Hash Cond: (mc.movie_id = t.id)
  ->  Seq Scan on movie_companies mc  (cost=0.00..44881.29 rows=2609129 width=4) (actual time=0.024..472.889 rows=2609129 loops=1)
  ->  Hash  (cost=83071.67..83071.67 rows=246 width=8) (actual time=1008.392..1008.392 rows=48 loops=1)
        Buckets: 1024  Batches: 1  Memory Usage: 10kB
        ->  Nested Loop  (cost=0.43..83071.67 rows=246 width=8) (actual time=5.205..1008.329 rows=48 loops=1)
              ->  Seq Scan on movie_keyword mk  (cost=0.00..81003.12 rows=246 width=4) (actual time=5.130..1006.189 rows=48 loops=1)
                    Filter: (keyword_id = 20252)
                    Rows Removed by Filter: 4523882
              ->  Index Only Scan using title_pkey on title t  (cost=0.43..8.40 rows=1 width=4) (actual time=0.040..0.041 rows=1 loops=48)
                    Index Cond: (id = mk.movie_id)
                    Heap Fetches: 48
Planning time: 1.115 ms
Execution time: 1862.511 ms
