Seq Scan on cast_info ci  (cost=0.00..705507.15 rows=27348194 width=0) (actual time=0.026..11866.690 rows=27349801 loops=1)
  Filter: (person_id < 2804437)
  Rows Removed by Filter: 8894543
Planning time: 0.308 ms
Execution time: 15311.089 ms
