Seq Scan on title t  (cost=0.00..73925.90 rows=74622 width=0) (actual time=0.036..1219.229 rows=93597 loops=1)
  Filter: ((kind_id > 3) AND (production_year = 2007))
  Rows Removed by Filter: 2434715
Planning time: 0.419 ms
Execution time: 1233.517 ms
