Hash Join  (cost=128681.84..926909.83 rows=25472 width=0) (actual time=2358.441..16510.263 rows=162704 loops=1)
  Hash Cond: (ci.movie_id = t.id)
  ->  Seq Scan on cast_info ci  (cost=0.00..705507.15 rows=24657633 width=4) (actual time=154.760..9770.806 rows=24766553 loops=1)
        Filter: (person_id > 1128469)
        Rows Removed by Filter: 11477791
  ->  Hash  (cost=128649.19..128649.19 rows=2612 width=8) (actual time=2203.433..2203.433 rows=11402 loops=1)
        Buckets: 16384 (originally 4096)  Batches: 1 (originally 1)  Memory Usage: 574kB
        ->  Hash Join  (cost=73957.54..128649.19 rows=2612 width=8) (actual time=1021.745..2198.372 rows=11402 loops=1)
              Hash Cond: (mc.movie_id = t.id)
              ->  Seq Scan on movie_companies mc  (cost=0.00..44881.29 rows=2609129 width=4) (actual time=0.026..626.060 rows=2609129 loops=1)
              ->  Hash  (cost=73925.90..73925.90 rows=2531 width=4) (actual time=1021.401..1021.401 rows=6089 loops=1)
                    Buckets: 8192 (originally 4096)  Batches: 1 (originally 1)  Memory Usage: 279kB
                    ->  Seq Scan on title t  (cost=0.00..73925.90 rows=2531 width=4) (actual time=0.816..1018.161 rows=6089 loops=1)
                          Filter: ((kind_id < 4) AND (production_year = 1968))
                          Rows Removed by Filter: 2522223
Planning time: 1.205 ms
Execution time: 16532.929 ms
