Hash Join  (cost=83074.74..833899.15 rows=3524 width=0) (actual time=1173.888..16287.282 rows=85658 loops=1)
  Hash Cond: (ci.movie_id = t.id)
  ->  Seq Scan on cast_info ci  (cost=0.00..614943.12 rows=36225612 width=4) (actual time=0.019..7552.647 rows=36244344 loops=1)
  ->  Hash  (cost=83071.67..83071.67 rows=246 width=8) (actual time=1173.803..1173.803 rows=2667 loops=1)
        Buckets: 4096 (originally 1024)  Batches: 1 (originally 1)  Memory Usage: 137kB
        ->  Nested Loop  (cost=0.43..83071.67 rows=246 width=8) (actual time=0.121..1172.139 rows=2667 loops=1)
              ->  Seq Scan on movie_keyword mk  (cost=0.00..81003.12 rows=246 width=4) (actual time=0.042..1109.771 rows=2667 loops=1)
                    Filter: (keyword_id = 1415)
                    Rows Removed by Filter: 4521263
              ->  Index Only Scan using title_pkey on title t  (cost=0.43..8.40 rows=1 width=4) (actual time=0.022..0.022 rows=1 loops=2667)
                    Index Cond: (id = mk.movie_id)
                    Heap Fetches: 2667
Planning time: 1.201 ms
Execution time: 16305.753 ms
