Seq Scan on movie_companies mc  (cost=0.00..57926.93 rows=1123214 width=0) (actual time=462.428..1019.868 rows=926104 loops=1)
  Filter: ((company_id < 81189) AND (company_type_id = 2))
  Rows Removed by Filter: 1683025
Planning time: 0.401 ms
Execution time: 1135.635 ms
