Hash Join  (cost=204524.27..1321565.03 rows=3694754 width=0) (actual time=4951.309..32911.512 rows=6038765 loops=1)
  Hash Cond: (ci.movie_id = t.id)
  ->  Seq Scan on cast_info ci  (cost=0.00..614943.12 rows=36225612 width=4) (actual time=0.021..12021.034 rows=36244344 loops=1)
  ->  Hash  (cost=200292.62..200292.62 rows=257892 width=8) (actual time=4949.626..4949.626 rows=96713 loops=1)
        Buckets: 131072  Batches: 4  Memory Usage: 1898kB
        ->  Hash Join  (cost=70308.29..200292.62 rows=257892 width=8) (actual time=1111.401..4912.936 rows=96713 loops=1)
              Hash Cond: (mk.movie_id = t.id)
              ->  Seq Scan on movie_keyword mk  (cost=0.00..81003.12 rows=3957410 width=4) (actual time=0.013..1720.896 rows=3954620 loops=1)
                    Filter: (keyword_id > 402)
                    Rows Removed by Filter: 569310
              ->  Hash  (cost=67604.59..67604.59 rows=164776 width=4) (actual time=1107.996..1107.996 rows=164307 loops=1)
                    Buckets: 131072  Batches: 4  Memory Usage: 2488kB
                    ->  Seq Scan on title t  (cost=0.00..67604.59 rows=164776 width=4) (actual time=0.025..1048.798 rows=164307 loops=1)
                          Filter: (production_year = 2012)
                          Rows Removed by Filter: 2364005
Planning time: 1.125 ms
Execution time: 33620.329 ms
