Hash Join  (cost=84197.31..1030205.76 rows=3752038 width=0) (actual time=4342.355..19668.489 rows=2297112 loops=1)
  Hash Cond: (ci.movie_id = t.id)
  ->  Seq Scan on cast_info ci  (cost=0.00..796071.18 rows=9380769 width=4) (actual time=2896.062..14255.543 rows=5949844 loops=1)
        Filter: ((person_id > 920076) AND (role_id < 2))
        Rows Removed by Filter: 30294500
  ->  Hash  (cost=67604.59..67604.59 rows=1011338 width=4) (actual time=1445.238..1445.238 rows=1012920 loops=1)
        Buckets: 131072  Batches: 16  Memory Usage: 3250kB
        ->  Seq Scan on title t  (cost=0.00..67604.59 rows=1011338 width=4) (actual time=0.027..1126.821 rows=1012920 loops=1)
              Filter: (production_year > 2005)
              Rows Removed by Filter: 1515392
Planning time: 0.777 ms
Execution time: 19929.751 ms
