Hash Join  (cost=433328.88..1390835.35 rows=424769 width=0) (actual time=6705.539..22174.097 rows=1078436 loops=1)
  Hash Cond: (ci.movie_id = t.id)
  ->  Seq Scan on cast_info ci  (cost=0.00..705507.15 rows=24775168 width=4) (actual time=0.019..9986.991 rows=24791102 loops=1)
        Filter: (person_id < 2553178)
        Rows Removed by Filter: 11453242
  ->  Hash  (cost=432786.99..432786.99 rows=43351 width=8) (actual time=6704.129..6704.129 rows=34447 loops=1)
        Buckets: 65536  Batches: 1  Memory Usage: 1858kB
        ->  Hash Join  (cost=67697.55..432786.99 rows=43351 width=8) (actual time=833.495..6689.184 rows=34447 loops=1)
              Hash Cond: (mi.movie_id = t.id)
              ->  Seq Scan on movie_info mi  (cost=0.00..309384.22 rows=14739122 width=4) (actual time=0.023..3278.442 rows=14835720 loops=1)
              ->  Hash  (cost=67604.59..67604.59 rows=7437 width=4) (actual time=833.331..833.331 rows=2206 loops=1)
                    Buckets: 8192  Batches: 1  Memory Usage: 142kB
                    ->  Seq Scan on title t  (cost=0.00..67604.59 rows=7437 width=4) (actual time=3.353..832.087 rows=2206 loops=1)
                          Filter: (production_year = 1941)
                          Rows Removed by Filter: 2526106
Planning time: 1.010 ms
Execution time: 22291.589 ms
