Hash Join  (cost=887560.70..1480273.04 rows=8854851 width=0) (actual time=16194.759..31261.307 rows=8938712 loops=1)
  Hash Cond: (mi.movie_id = t.id)
  ->  Seq Scan on movie_info mi  (cost=0.00..309384.22 rows=14739122 width=4) (actual time=0.017..4878.753 rows=14835720 loops=1)
  ->  Hash  (cost=862638.35..862638.35 rows=1519068 width=8) (actual time=16183.016..16183.016 rows=1152524 loops=1)
        Buckets: 131072  Batches: 32  Memory Usage: 2435kB
        ->  Hash Join  (cost=88511.62..862638.35 rows=1519068 width=8) (actual time=2812.637..15812.445 rows=1152524 loops=1)
              Hash Cond: (ci.movie_id = t.id)
              ->  Seq Scan on cast_info ci  (cost=0.00..705507.15 rows=4320508 width=4) (actual time=1415.802..11908.188 rows=4323018 loops=1)
                    Filter: (role_id = 10)
                    Rows Removed by Filter: 31921326
              ->  Hash  (cost=73925.90..73925.90 rows=889017 width=4) (actual time=1395.772..1395.772 rows=810813 loops=1)
                    Buckets: 131072  Batches: 16  Memory Usage: 2806kB
                    ->  Seq Scan on title t  (cost=0.00..73925.90 rows=889017 width=4) (actual time=0.035..1150.159 rows=810813 loops=1)
                          Filter: ((kind_id > 4) AND (production_year < 2006))
                          Rows Removed by Filter: 1717499
Planning time: 2.601 ms
Execution time: 32338.099 ms
