Seq Scan on cast_info ci  (cost=0.00..796071.18 rows=3899064 width=0) (actual time=542.582..12073.657 rows=8722649 loops=1)
  Filter: ((person_id > 2818175) AND (role_id > 2))
  Rows Removed by Filter: 27521695
Planning time: 0.347 ms
Execution time: 13181.780 ms
