Hash Join  (cost=830767.01..1195696.27 rows=27333 width=0) (actual time=13544.902..25478.485 rows=1595149 loops=1)
  Hash Cond: (mi.movie_id = t.id)
  ->  Seq Scan on movie_info mi  (cost=0.00..309384.22 rows=14739122 width=4) (actual time=0.025..4321.649 rows=14835720 loops=1)
  ->  Hash  (cost=830708.40..830708.40 rows=4689 width=8) (actual time=13544.599..13544.599 rows=163380 loops=1)
        Buckets: 131072 (originally 8192)  Batches: 4 (originally 1)  Memory Usage: 3073kB
        ->  Nested Loop  (cost=0.43..830708.40 rows=4689 width=8) (actual time=3300.440..13455.296 rows=163380 loops=1)
              ->  Seq Scan on cast_info ci  (cost=0.00..796071.18 rows=4689 width=4) (actual time=3300.341..10389.860 rows=163380 loops=1)
                    Filter: ((person_id > 3964418) AND (role_id > 10))
                    Rows Removed by Filter: 36080964
              ->  Index Only Scan using title_pkey on title t  (cost=0.43..7.38 rows=1 width=4) (actual time=0.018..0.018 rows=1 loops=163380)
                    Index Cond: (id = ci.movie_id)
                    Heap Fetches: 163380
Planning time: 1.210 ms
Execution time: 25666.178 ms
