Seq Scan on movie_keyword mk  (cost=0.00..81003.12 rows=1549040 width=0) (actual time=0.023..1325.964 rows=1562907 loops=1)
  Filter: (keyword_id > 10041)
  Rows Removed by Filter: 2961023
Planning time: 0.247 ms
Execution time: 1527.876 ms
