Seq Scan on title t  (cost=0.00..73925.90 rows=889017 width=94) (actual time=0.115..1259.457 rows=810813 loops=1)
  Filter: ((kind_id > 4) AND (production_year < 2006))
  Rows Removed by Filter: 1717499
Planning time: 1.166 ms
Execution time: 1308.307 ms
