Seq Scan on movie_keyword mk  (cost=0.00..81003.12 rows=3732690 width=0) (actual time=0.023..1491.095 rows=3728531 loops=1)
  Filter: (keyword_id < 23375)
  Rows Removed by Filter: 795399
Planning time: 0.338 ms
Execution time: 1951.682 ms
