Seq Scan on movie_keyword mk  (cost=0.00..81003.12 rows=1034490 width=0) (actual time=0.019..1293.127 rows=1040121 loops=1)
  Filter: (keyword_id > 17043)
  Rows Removed by Filter: 3483809
Planning time: 1.606 ms
Execution time: 1427.797 ms
