Hash Join  (cost=447381.56..487328.58 rows=131353 width=0) (actual time=5670.132..6901.521 rows=1090534 loops=1)
  Hash Cond: (mi_idx.movie_id = t.id)
  ->  Seq Scan on movie_info_idx mi_idx  (cost=0.00..21735.35 rows=1380035 width=4) (actual time=0.020..383.286 rows=1380035 loops=1)
  ->  Hash  (cost=443432.23..443432.23 rows=240667 width=8) (actual time=5669.357..5669.357 rows=364525 loops=1)
        Buckets: 131072 (originally 131072)  Batches: 8 (originally 4)  Memory Usage: 3073kB
        ->  Hash Join  (cost=83810.17..443432.23 rows=240667 width=8) (actual time=1680.267..5553.596 rows=364525 loops=1)
              Hash Cond: (mi.movie_id = t.id)
              ->  Seq Scan on movie_info mi  (cost=0.00..346232.03 rows=616095 width=4) (actual time=338.062..3691.028 rows=598457 loops=1)
                    Filter: (info_type_id = 15)
                    Rows Removed by Filter: 14237263
              ->  Hash  (cost=67604.59..67604.59 rows=987727 width=4) (actual time=1305.001..1305.001 rows=985048 loops=1)
                    Buckets: 131072  Batches: 16  Memory Usage: 3197kB
                    ->  Seq Scan on title t  (cost=0.00..67604.59 rows=987727 width=4) (actual time=0.029..994.098 rows=985048 loops=1)
                          Filter: (kind_id < 7)
                          Rows Removed by Filter: 1543264
Planning time: 1.041 ms
Execution time: 7024.758 ms
