Seq Scan on cast_info ci  (cost=0.00..705507.15 rows=17406936 width=0) (actual time=531.964..11158.216 rows=17534216 loops=1)
  Filter: (person_id > 1864387)
  Rows Removed by Filter: 18710128
Planning time: 0.331 ms
Execution time: 13314.356 ms
