Hash Join  (cost=89762.59..171213.43 rows=576584 width=0) (actual time=1547.376..3582.664 rows=732702 loops=1)
  Hash Cond: (mc.movie_id = t.id)
  ->  Seq Scan on movie_companies mc  (cost=0.00..57926.93 rows=1079484 width=4) (actual time=106.935..1098.449 rows=1203151 loops=1)
        Filter: ((company_id > 425) AND (company_type_id > 1))
        Rows Removed by Filter: 1405978
  ->  Hash  (cost=67604.59..67604.59 rows=1350560 width=4) (actual time=1439.309..1439.309 rows=1348293 loops=1)
        Buckets: 131072  Batches: 32  Memory Usage: 2505kB
        ->  Seq Scan on title t  (cost=0.00..67604.59 rows=1350560 width=4) (actual time=0.030..1016.874 rows=1348293 loops=1)
              Filter: (production_year < 2005)
              Rows Removed by Filter: 1180019
Planning time: 0.995 ms
Execution time: 3671.114 ms
