Seq Scan on movie_keyword mk  (cost=0.00..81003.12 rows=4500973 width=0) (actual time=0.026..1505.917 rows=4500269 loops=1)
  Filter: (keyword_id > 5)
  Rows Removed by Filter: 23661
Planning time: 0.292 ms
Execution time: 2080.894 ms
