Hash Join  (cost=179247.17..283124.58 rows=243666 width=0) (actual time=3753.303..6110.204 rows=838745 loops=1)
  Hash Cond: (mk.movie_id = t.id)
  ->  Seq Scan on movie_keyword mk  (cost=0.00..81003.12 rows=1640701 width=4) (actual time=0.024..1388.040 rows=1649736 loops=1)
        Filter: (keyword_id < 2516)
        Rows Removed by Filter: 2874194
  ->  Hash  (cost=173086.17..173086.17 rows=375520 width=8) (actual time=3752.537..3752.537 rows=374721 loops=1)
        Buckets: 131072  Batches: 8  Memory Usage: 2874kB
        ->  Hash Join  (cost=102767.86..173086.17 rows=375520 width=8) (actual time=2114.347..3636.626 rows=374721 loops=1)
              Hash Cond: (mc.movie_id = t.id)
              ->  Seq Scan on movie_companies mc  (cost=0.00..51404.11 rows=375520 width=4) (actual time=0.046..817.041 rows=374721 loops=1)
                    Filter: (company_id < 219)
                    Rows Removed by Filter: 2234408
              ->  Hash  (cost=61283.27..61283.27 rows=2528527 width=4) (actual time=2112.262..2112.262 rows=2528312 loops=1)
                    Buckets: 131072  Batches: 64  Memory Usage: 2415kB
                    ->  Seq Scan on title t  (cost=0.00..61283.27 rows=2528527 width=4) (actual time=0.004..992.158 rows=2528312 loops=1)
Planning time: 1.066 ms
Execution time: 6212.740 ms
