Seq Scan on cast_info ci  (cost=0.00..796071.18 rows=11980549 width=0) (actual time=3036.292..15124.521 rows=11433145 loops=1)
  Filter: ((person_id < 3929954) AND (role_id > 3))
  Rows Removed by Filter: 24811199
Planning time: 0.319 ms
Execution time: 16558.700 ms
