Seq Scan on cast_info ci  (cost=0.00..796071.18 rows=201722 width=0) (actual time=5209.819..10331.407 rows=804015 loops=1)
  Filter: ((person_id > 3907757) AND (role_id > 4))
  Rows Removed by Filter: 35440329
Planning time: 0.263 ms
Execution time: 10436.825 ms
