Hash Join  (cost=98969.27..228719.02 rows=1531834 width=0) (actual time=1891.870..5016.515 rows=1389159 loops=1)
  Hash Cond: (mk.movie_id = t.id)
  ->  Seq Scan on movie_keyword mk  (cost=0.00..81003.12 rows=2026057 width=4) (actual time=0.023..1495.863 rows=2030563 loops=1)
        Filter: (keyword_id > 6069)
        Rows Removed by Filter: 2493367
  ->  Hash  (cost=67604.59..67604.59 rows=1911735 width=4) (actual time=1890.841..1890.841 rows=1903258 loops=1)
        Buckets: 131072  Batches: 32  Memory Usage: 3131kB
        ->  Seq Scan on title t  (cost=0.00..67604.59 rows=1911735 width=4) (actual time=0.021..1263.156 rows=1903258 loops=1)
              Filter: (production_year > 1982)
              Rows Removed by Filter: 625054
Planning time: 0.686 ms
Execution time: 5183.279 ms
