Seq Scan on cast_info ci  (cost=0.00..705507.15 rows=500 width=0) (actual time=301.717..9066.644 rows=22 loops=1)
  Filter: (person_id = 1396602)
  Rows Removed by Filter: 36244322
Planning time: 0.386 ms
Execution time: 9066.743 ms
