Hash Join  (cost=78368.68..877136.04 rows=781576 width=0) (actual time=3799.699..17954.158 rows=574613 loops=1)
  Hash Cond: (ci.movie_id = t.id)
  ->  Seq Scan on cast_info ci  (cost=0.00..705507.15 rows=7298253 width=4) (actual time=2576.632..13019.995 rows=7451973 loops=1)
        Filter: (role_id = 2)
        Rows Removed by Filter: 28792371
  ->  Hash  (cost=73925.90..73925.90 rows=270782 width=4) (actual time=1221.819..1221.819 rows=229992 loops=1)
        Buckets: 131072  Batches: 4  Memory Usage: 3047kB
        ->  Seq Scan on title t  (cost=0.00..73925.90 rows=270782 width=4) (actual time=0.026..1145.469 rows=229992 loops=1)
              Filter: ((kind_id < 3) AND (production_year > 2006))
              Rows Removed by Filter: 2298320
Planning time: 0.754 ms
Execution time: 18031.859 ms
