Hash Join  (cost=207111.72..1397512.38 rows=15244050 width=0) (actual time=4309.823..44050.483 rows=36987994 loops=1)
  Hash Cond: (ci.movie_id = t.id)
  ->  Seq Scan on cast_info ci  (cost=0.00..614943.12 rows=36225612 width=4) (actual time=0.013..12385.423 rows=36244344 loops=1)
  ->  Hash  (cost=189654.39..189654.39 rows=1064026 width=8) (actual time=4308.936..4308.936 rows=1060401 loops=1)
        Buckets: 131072  Batches: 16  Memory Usage: 3584kB
        ->  Hash Join  (cost=102767.86..189654.39 rows=1064026 width=8) (actual time=1717.057..3985.502 rows=1060401 loops=1)
              Hash Cond: (mc.movie_id = t.id)
              ->  Seq Scan on movie_companies mc  (cost=0.00..51404.11 rows=1064026 width=4) (actual time=0.025..972.380 rows=1060401 loops=1)
                    Filter: (company_id < 6327)
                    Rows Removed by Filter: 1548728
              ->  Hash  (cost=61283.27..61283.27 rows=2528527 width=4) (actual time=1716.051..1716.051 rows=2528312 loops=1)
                    Buckets: 131072  Batches: 64  Memory Usage: 2415kB
                    ->  Seq Scan on title t  (cost=0.00..61283.27 rows=2528527 width=4) (actual time=0.024..869.362 rows=2528312 loops=1)
Planning time: 1.077 ms
Execution time: 47994.271 ms
