Hash Join  (cost=76411.51..201715.90 rows=271036 width=0) (actual time=1055.147..3770.640 rows=212690 loops=1)
  Hash Cond: (mk.movie_id = t.id)
  ->  Seq Scan on movie_keyword mk  (cost=0.00..69693.30 rows=4523930 width=4) (actual time=0.024..1320.080 rows=4523930 loops=1)
  ->  Hash  (cost=73925.90..73925.90 rows=151488 width=4) (actual time=1054.357..1054.357 rows=133817 loops=1)
        Buckets: 131072  Batches: 2  Memory Usage: 3384kB
        ->  Seq Scan on title t  (cost=0.00..73925.90 rows=151488 width=4) (actual time=0.046..1002.934 rows=133817 loops=1)
              Filter: ((kind_id < 6) AND (production_year > 2010))
              Rows Removed by Filter: 2394495
Planning time: 0.710 ms
Execution time: 3796.623 ms
