Nested Loop  (cost=0.43..58375.18 rows=53 width=0) (actual time=13.817..731.364 rows=42 loops=1)
  ->  Seq Scan on movie_companies mc  (cost=0.00..57926.93 rows=53 width=4) (actual time=13.743..729.905 rows=42 loops=1)
        Filter: ((company_id = 540) AND (company_type_id = 2))
        Rows Removed by Filter: 2609087
  ->  Index Only Scan using title_pkey on title t  (cost=0.43..8.45 rows=1 width=4) (actual time=0.031..0.032 rows=1 loops=42)
        Index Cond: (id = mc.movie_id)
        Heap Fetches: 42
Planning time: 0.699 ms
Execution time: 731.456 ms
