Hash Join  (cost=83198.94..126184.22 rows=308480 width=0) (actual time=1384.187..2800.572 rows=679177 loops=1)
  Hash Cond: (mi_idx.movie_id = t.id)
  ->  Seq Scan on movie_info_idx mi_idx  (cost=0.00..21735.35 rows=1380035 width=4) (actual time=0.019..453.968 rows=1380035 loops=1)
  ->  Hash  (cost=73925.90..73925.90 rows=565203 width=4) (actual time=1382.856..1382.856 rows=641785 loops=1)
        Buckets: 131072  Batches: 8  Memory Usage: 3862kB
        ->  Seq Scan on title t  (cost=0.00..73925.90 rows=565203 width=4) (actual time=0.037..1183.659 rows=641785 loops=1)
              Filter: ((kind_id < 7) AND (production_year < 2006))
              Rows Removed by Filter: 1886527
Planning time: 3.931 ms
Execution time: 2888.749 ms
