Nested Loop  (cost=0.43..709674.40 rows=211 width=0) (actual time=873.049..9979.487 rows=1 loops=1)
  ->  Seq Scan on cast_info ci  (cost=0.00..705507.15 rows=500 width=4) (actual time=872.919..9979.328 rows=4 loops=1)
        Filter: (person_id = 3412145)
        Rows Removed by Filter: 36244340
  ->  Index Scan using title_pkey on title t  (cost=0.43..8.32 rows=1 width=4) (actual time=0.036..0.036 rows=0 loops=4)
        Index Cond: (id = ci.movie_id)
        Filter: ((kind_id > 1) AND (production_year < 2006))
        Rows Removed by Filter: 1
Planning time: 0.990 ms
Execution time: 9979.605 ms
