Nested Loop  (cost=0.43..799704.37 rows=89 width=0) (actual time=1670.045..13857.600 rows=3 loops=1)
  ->  Seq Scan on cast_info ci  (cost=0.00..796071.18 rows=435 width=4) (actual time=1669.847..13835.291 rows=1112 loops=1)
        Filter: ((role_id < 10) AND (person_id = 651453))
        Rows Removed by Filter: 36243232
  ->  Index Scan using title_pkey on title t  (cost=0.43..8.34 rows=1 width=4) (actual time=0.020..0.020 rows=0 loops=1112)
        Index Cond: (id = ci.movie_id)
        Filter: ((kind_id < 7) AND (production_year > 2001))
        Rows Removed by Filter: 1
Planning time: 0.778 ms
Execution time: 13857.730 ms
