Seq Scan on cast_info ci  (cost=0.00..796071.18 rows=23336028 width=0) (actual time=0.013..16665.963 rows=23290953 loops=1)
  Filter: ((person_id < 4011455) AND (role_id > 1))
  Rows Removed by Filter: 12953391
Planning time: 0.361 ms
Execution time: 19558.630 ms
