Seq Scan on title t  (cost=0.00..73925.90 rows=958161 width=0) (actual time=0.006..1078.265 rows=975433 loops=1)
  Filter: ((kind_id < 7) AND (production_year > 1897))
  Rows Removed by Filter: 1552879
Planning time: 0.313 ms
Execution time: 1209.278 ms
