Hash Join  (cost=438999.16..1312459.58 rows=51483 width=0) (actual time=8384.670..20694.690 rows=159008 loops=1)
  Hash Cond: (ci.movie_id = t.id)
  ->  Seq Scan on cast_info ci  (cost=0.00..796071.18 rows=7687440 width=4) (actual time=26.100..12072.905 rows=3275545 loops=1)
        Filter: ((person_id < 1155903) AND (role_id > 1))
        Rows Removed by Filter: 32968799
  ->  Hash  (cost=438787.48..438787.48 rows=16934 width=8) (actual time=7632.730..7632.730 rows=62211 loops=1)
        Buckets: 65536 (originally 32768)  Batches: 1 (originally 1)  Memory Usage: 2943kB
        ->  Hash Join  (cost=73962.22..438787.48 rows=16934 width=8) (actual time=828.570..7603.873 rows=62211 loops=1)
              Hash Cond: (mi.movie_id = t.id)
              ->  Seq Scan on movie_info mi  (cost=0.00..309384.22 rows=14739122 width=4) (actual time=0.020..3652.866 rows=14835720 loops=1)
              ->  Hash  (cost=73925.90..73925.90 rows=2905 width=4) (actual time=828.114..828.114 rows=5914 loops=1)
                    Buckets: 8192 (originally 4096)  Batches: 1 (originally 1)  Memory Usage: 272kB
                    ->  Seq Scan on title t  (cost=0.00..73925.90 rows=2905 width=4) (actual time=0.085..825.183 rows=5914 loops=1)
                          Filter: ((kind_id < 7) AND (production_year = 1974))
                          Rows Removed by Filter: 2522398
Planning time: 1.243 ms
Execution time: 20715.821 ms
