Hash Join  (cost=190995.86..1182764.15 rows=3812637 width=0) (actual time=3821.665..27423.830 rows=5673683 loops=1)
  Hash Cond: (ci.movie_id = t.id)
  ->  Seq Scan on cast_info ci  (cost=0.00..796071.18 rows=13384195 width=4) (actual time=0.026..14925.653 rows=14396126 loops=1)
        Filter: ((person_id > 597699) AND (role_id > 2))
        Rows Removed by Filter: 21848218
  ->  Hash  (cost=179178.38..179178.38 rows=720279 width=8) (actual time=3820.847..3820.847 rows=400469 loops=1)
        Buckets: 131072  Batches: 16  Memory Usage: 1989kB
        ->  Hash Join  (cost=92883.59..179178.38 rows=720279 width=8) (actual time=2004.893..3693.751 rows=400469 loops=1)
              Hash Cond: (mc.movie_id = t.id)
              ->  Seq Scan on movie_companies mc  (cost=0.00..57926.93 rows=1182013 width=4) (actual time=431.495..1154.221 rows=1037216 loops=1)
                    Filter: ((company_id < 94745) AND (company_type_id > 1))
                    Rows Removed by Filter: 1571913
              ->  Hash  (cost=67604.59..67604.59 rows=1540800 width=4) (actual time=1572.238..1572.238 rows=1543264 loops=1)
                    Buckets: 131072  Batches: 32  Memory Usage: 2722kB
                    ->  Seq Scan on title t  (cost=0.00..67604.59 rows=1540800 width=4) (actual time=73.491..1089.787 rows=1543264 loops=1)
                          Filter: (kind_id = 7)
                          Rows Removed by Filter: 985048
Planning time: 1.283 ms
Execution time: 28063.651 ms
