Seq Scan on cast_info ci  (cost=0.00..705507.15 rows=500 width=0) (actual time=6095.904..9157.191 rows=1 loops=1)
  Filter: (person_id = 2051394)
  Rows Removed by Filter: 36244343
Planning time: 0.396 ms
Execution time: 9157.298 ms
