Hash Join  (cost=52284.99..79196.04 rows=57 width=0) (actual time=759.892..1257.469 rows=3081 loops=1)
  Hash Cond: (mi_idx.movie_id = t.id)
  ->  Seq Scan on movie_info_idx mi_idx  (cost=0.00..21735.35 rows=1380035 width=4) (actual time=0.026..247.588 rows=1380035 loops=1)
  ->  Hash  (cost=52283.69..52283.69 rows=104 width=8) (actual time=736.765..736.765 rows=1391 loops=1)
        Buckets: 2048 (originally 1024)  Batches: 1 (originally 1)  Memory Usage: 71kB
        ->  Nested Loop  (cost=0.43..52283.69 rows=104 width=8) (actual time=0.266..735.902 rows=1391 loops=1)
              ->  Seq Scan on movie_companies mc  (cost=0.00..51404.11 rows=104 width=4) (actual time=0.201..699.473 rows=1391 loops=1)
                    Filter: (company_id = 11313)
                    Rows Removed by Filter: 2607738
              ->  Index Only Scan using title_pkey on title t  (cost=0.43..8.45 rows=1 width=4) (actual time=0.025..0.025 rows=1 loops=1391)
                    Index Cond: (id = mc.movie_id)
                    Heap Fetches: 1391
Planning time: 1.215 ms
Execution time: 1258.054 ms
