Hash Join  (cost=78556.72..155095.02 rows=297438 width=0) (actual time=1595.290..2815.244 rows=346471 loops=1)
  Hash Cond: (mc.movie_id = t.id)
  ->  Seq Scan on movie_companies mc  (cost=0.00..57926.93 rows=1126661 width=4) (actual time=155.001..1035.010 rows=931441 loops=1)
        Filter: ((company_id < 81867) AND (company_type_id > 1))
        Rows Removed by Filter: 1677688
  ->  Hash  (cost=67604.59..67604.59 rows=667531 width=4) (actual time=1156.776..1156.776 rows=662825 loops=1)
        Buckets: 131072  Batches: 16  Memory Usage: 2476kB
        ->  Seq Scan on title t  (cost=0.00..67604.59 rows=667531 width=4) (actual time=401.478..946.474 rows=662825 loops=1)
              Filter: (kind_id < 2)
              Rows Removed by Filter: 1865487
Planning time: 0.834 ms
Execution time: 2857.802 ms
