Hash Join  (cost=214241.21..256698.69 rows=277700 width=0) (actual time=4046.996..5387.216 rows=1174494 loops=1)
  Hash Cond: (mi_idx.movie_id = t.id)
  ->  Seq Scan on movie_info_idx mi_idx  (cost=0.00..21735.35 rows=1380035 width=4) (actual time=0.019..390.371 rows=1380035 loops=1)
  ->  Hash  (cost=205893.11..205893.11 rows=508808 width=8) (actual time=4046.218..4046.218 rows=499527 loops=1)
        Buckets: 131072  Batches: 8  Memory Usage: 3492kB
        ->  Hash Join  (cost=102767.86..205893.11 rows=508808 width=8) (actual time=1858.083..3897.625 rows=499527 loops=1)
              Hash Cond: (mk.movie_id = t.id)
              ->  Seq Scan on movie_keyword mk  (cost=0.00..81003.12 rows=508808 width=4) (actual time=0.016..1221.321 rows=499527 loops=1)
                    Filter: (keyword_id > 36091)
                    Rows Removed by Filter: 4024403
              ->  Hash  (cost=61283.27..61283.27 rows=2528527 width=4) (actual time=1855.941..1855.941 rows=2528312 loops=1)
                    Buckets: 131072  Batches: 64  Memory Usage: 2425kB
                    ->  Seq Scan on title t  (cost=0.00..61283.27 rows=2528527 width=4) (actual time=0.049..994.901 rows=2528312 loops=1)
Planning time: 1.227 ms
Execution time: 5528.006 ms
