Nested Loop  (cost=0.43..798787.41 rows=324 width=0) (actual time=1311.508..13947.539 rows=14 loops=1)
  ->  Seq Scan on cast_info ci  (cost=0.00..796071.18 rows=324 width=4) (actual time=1311.345..13946.882 rows=14 loops=1)
        Filter: ((role_id > 1) AND (person_id = 2423713))
        Rows Removed by Filter: 36244330
  ->  Index Only Scan using title_pkey on title t  (cost=0.43..8.37 rows=1 width=4) (actual time=0.037..0.038 rows=1 loops=14)
        Index Cond: (id = ci.movie_id)
        Heap Fetches: 14
Planning time: 0.568 ms
Execution time: 13947.616 ms
