Hash Join  (cost=364987.65..1371541.53 rows=10130247 width=0) (actual time=8842.528..35313.870 rows=33500934 loops=1)
  Hash Cond: (ci.movie_id = t.id)
  ->  Seq Scan on cast_info ci  (cost=0.00..796071.18 rows=6050031 width=4) (actual time=0.027..13996.013 rows=7451973 loops=1)
        Filter: ((person_id < 3025141) AND (role_id = 2))
        Rows Removed by Filter: 28792371
  ->  Hash  (cost=295526.18..295526.18 rows=4233797 width=8) (actual time=8840.841..8840.841 rows=4213440 loops=1)
        Buckets: 131072  Batches: 64  Memory Usage: 3624kB
        ->  Hash Join  (cost=102767.86..295526.18 rows=4233797 width=8) (actual time=2120.237..7620.277 rows=4213440 loops=1)
              Hash Cond: (mk.movie_id = t.id)
              ->  Seq Scan on movie_keyword mk  (cost=0.00..81003.12 rows=4233797 width=4) (actual time=0.013..1714.556 rows=4213440 loops=1)
                    Filter: (keyword_id > 245)
                    Rows Removed by Filter: 310490
              ->  Hash  (cost=61283.27..61283.27 rows=2528527 width=4) (actual time=2119.257..2119.257 rows=2528312 loops=1)
                    Buckets: 131072  Batches: 64  Memory Usage: 2425kB
                    ->  Seq Scan on title t  (cost=0.00..61283.27 rows=2528527 width=4) (actual time=0.010..972.859 rows=2528312 loops=1)
Planning time: 1.251 ms
Execution time: 38938.964 ms
