Hash Join  (cost=111304.25..228125.52 rows=112769 width=0) (actual time=2458.725..5105.250 rows=793310 loops=1)
  Hash Cond: (mk.movie_id = t.id)
  ->  Seq Scan on movie_keyword mk  (cost=0.00..81003.12 rows=2967587 width=4) (actual time=0.016..1522.455 rows=2961417 loops=1)
        Filter: (keyword_id > 2342)
        Rows Removed by Filter: 1562513
  ->  Hash  (cost=109727.19..109727.19 rows=96085 width=8) (actual time=2457.831..2457.831 rows=97984 loops=1)
        Buckets: 131072  Batches: 2  Memory Usage: 2945kB
        ->  Hash Join  (cost=71961.27..109727.19 rows=96085 width=8) (actual time=1161.170..2425.999 rows=97984 loops=1)
              Hash Cond: (mi_idx.movie_id = t.id)
              ->  Seq Scan on movie_info_idx mi_idx  (cost=0.00..25185.44 rows=915101 width=4) (actual time=0.028..398.698 rows=919850 loops=1)
                    Filter: (info_type_id < 101)
                    Rows Removed by Filter: 460185
              ->  Hash  (cost=67604.59..67604.59 rows=265495 width=4) (actual time=1160.072..1160.072 rows=263594 loops=1)
                    Buckets: 131072  Batches: 4  Memory Usage: 3340kB
                    ->  Seq Scan on title t  (cost=0.00..67604.59 rows=265495 width=4) (actual time=0.021..1071.495 rows=263594 loops=1)
                          Filter: (production_year < 1962)
                          Rows Removed by Filter: 2264718
Planning time: 1.139 ms
Execution time: 5205.713 ms
