Seq Scan on movie_keyword mk  (cost=0.00..81003.12 rows=4259308 width=0) (actual time=0.027..1457.476 rows=4240083 loops=1)
  Filter: (keyword_id > 235)
  Rows Removed by Filter: 283847
Planning time: 0.359 ms
Execution time: 1986.933 ms
