Hash Join  (cost=146960.28..270998.52 rows=167120 width=0) (actual time=3483.062..5985.308 rows=996557 loops=1)
  Hash Cond: (mk.movie_id = t.id)
  ->  Seq Scan on movie_keyword mk  (cost=0.00..69693.30 rows=4523930 width=4) (actual time=0.024..1268.479 rows=4523930 loops=1)
  ->  Hash  (cost=145427.69..145427.69 rows=93407 width=8) (actual time=2846.278..2846.278 rows=194257 loops=1)
        Buckets: 131072 (originally 131072)  Batches: 4 (originally 2)  Memory Usage: 3073kB
        ->  Hash Join  (cost=69090.10..145427.69 rows=93407 width=8) (actual time=1366.316..2772.394 rows=194257 loops=1)
              Hash Cond: (mc.movie_id = t.id)
              ->  Seq Scan on movie_companies mc  (cost=0.00..44881.29 rows=2609129 width=4) (actual time=0.024..796.926 rows=2609129 loops=1)
              ->  Hash  (cost=67604.59..67604.59 rows=90521 width=4) (actual time=983.891..983.891 rows=90852 loops=1)
                    Buckets: 131072  Batches: 2  Memory Usage: 2626kB
                    ->  Seq Scan on title t  (cost=0.00..67604.59 rows=90521 width=4) (actual time=0.020..949.500 rows=90852 loops=1)
                          Filter: (kind_id = 2)
                          Rows Removed by Filter: 2437460
Planning time: 1.166 ms
Execution time: 6109.028 ms
