Seq Scan on movie_keyword mk  (cost=0.00..81003.12 rows=3381071 width=0) (actual time=0.023..989.721 rows=3370142 loops=1)
  Filter: (keyword_id > 1331)
  Rows Removed by Filter: 1153788
Planning time: 0.337 ms
Execution time: 1309.521 ms
