Hash Join  (cost=1215163.45..2250807.82 rows=41732803 width=0) (actual time=30183.994..59052.478 rows=50920590 loops=1)
  Hash Cond: (mi.movie_id = t.id)
  ->  Seq Scan on movie_info mi  (cost=0.00..309384.22 rows=14739122 width=4) (actual time=0.019..5838.693 rows=14835720 loops=1)
  ->  Hash  (cost=1097704.59..1097704.59 rows=7159349 width=8) (actual time=30182.456..30182.456 rows=8639478 loops=1)
        Buckets: 131072  Batches: 128  Memory Usage: 3587kB
        ->  Hash Join  (cost=98137.04..1097704.59 rows=7159349 width=8) (actual time=2501.533..27378.859 rows=8639478 loops=1)
              Hash Cond: (ci.movie_id = t.id)
              ->  Seq Scan on cast_info ci  (cost=0.00..796071.18 rows=9727376 width=4) (actual time=320.303..14605.110 rows=12120804 loops=1)
                    Filter: ((person_id > 1418368) AND (role_id > 2))
                    Rows Removed by Filter: 24123540
              ->  Hash  (cost=67604.59..67604.59 rows=1860996 width=4) (actual time=2179.720..2179.720 rows=1865487 loops=1)
                    Buckets: 131072  Batches: 32  Memory Usage: 3079kB
                    ->  Seq Scan on title t  (cost=0.00..67604.59 rows=1860996 width=4) (actual time=0.027..1256.638 rows=1865487 loops=1)
                          Filter: (kind_id > 1)
                          Rows Removed by Filter: 662825
Planning time: 1.238 ms
Execution time: 64759.658 ms
