Hash Join  (cost=190230.21..310619.16 rows=1090096 width=0) (actual time=4069.202..7943.053 rows=4635788 loops=1)
  Hash Cond: (mk.movie_id = t.id)
  ->  Seq Scan on movie_keyword mk  (cost=0.00..81003.12 rows=1997296 width=4) (actual time=0.013..1685.884 rows=2007349 loops=1)
        Filter: (keyword_id > 6230)
        Rows Removed by Filter: 2516581
  ->  Hash  (cost=167588.78..167588.78 rows=1380035 width=8) (actual time=4068.042..4068.042 rows=1380035 loops=1)
        Buckets: 131072  Batches: 32  Memory Usage: 2726kB
        ->  Hash Join  (cost=102767.86..167588.78 rows=1380035 width=8) (actual time=1709.720..3650.513 rows=1380035 loops=1)
              Hash Cond: (mi_idx.movie_id = t.id)
              ->  Seq Scan on movie_info_idx mi_idx  (cost=0.00..21735.35 rows=1380035 width=4) (actual time=0.031..426.234 rows=1380035 loops=1)
              ->  Hash  (cost=61283.27..61283.27 rows=2528527 width=4) (actual time=1708.734..1708.734 rows=2528312 loops=1)
                    Buckets: 131072  Batches: 64  Memory Usage: 2415kB
                    ->  Seq Scan on title t  (cost=0.00..61283.27 rows=2528527 width=4) (actual time=0.017..867.217 rows=2528312 loops=1)
Planning time: 1.182 ms
Execution time: 8467.622 ms
