Hash Join  (cost=74712.48..834516.91 rows=901526 width=0) (actual time=1241.424..22554.729 rows=1436083 loops=1)
  Hash Cond: (ci.movie_id = t.id)
  ->  Seq Scan on cast_info ci  (cost=0.00..614943.12 rows=36225612 width=4) (actual time=0.020..8623.363 rows=36244344 loops=1)
  ->  Hash  (cost=73925.90..73925.90 rows=62926 width=4) (actual time=1240.892..1240.892 rows=77497 loops=1)
        Buckets: 131072 (originally 65536)  Batches: 1 (originally 1)  Memory Usage: 3749kB
        ->  Seq Scan on title t  (cost=0.00..73925.90 rows=62926 width=4) (actual time=0.025..1209.630 rows=77497 loops=1)
              Filter: ((production_year < 2007) AND (kind_id = 3))
              Rows Removed by Filter: 2450815
Planning time: 0.767 ms
Execution time: 22754.003 ms
