Nested Loop  (cost=0.43..709671.90 rows=500 width=0) (actual time=7829.257..10129.746 rows=87 loops=1)
  ->  Seq Scan on cast_info ci  (cost=0.00..705507.15 rows=500 width=4) (actual time=7829.081..10124.214 rows=87 loops=1)
        Filter: (person_id = 2043338)
        Rows Removed by Filter: 36244257
  ->  Index Only Scan using title_pkey on title t  (cost=0.43..8.32 rows=1 width=4) (actual time=0.061..0.062 rows=1 loops=87)
        Index Cond: (id = ci.movie_id)
        Heap Fetches: 87
Planning time: 1.178 ms
Execution time: 10129.847 ms
