Seq Scan on movie_keyword mk  (cost=0.00..81003.12 rows=2842068 width=0) (actual time=0.039..1333.966 rows=2831901 loops=1)
  Filter: (keyword_id < 8541)
  Rows Removed by Filter: 1692029
Planning time: 0.393 ms
Execution time: 1673.252 ms
