Hash Join  (cost=95500.90..828685.34 rows=30885 width=0) (actual time=9536.550..14767.023 rows=68657 loops=1)
  Hash Cond: (ci.movie_id = t.id)
  ->  Seq Scan on cast_info ci  (cost=0.00..705507.15 rows=7298253 width=4) (actual time=7980.554..11966.745 rows=7451973 loops=1)
        Filter: (role_id = 2)
        Rows Removed by Filter: 28792371
  ->  Hash  (cost=95367.15..95367.15 rows=10700 width=8) (actual time=1555.437..1555.437 rows=12483 loops=1)
        Buckets: 16384  Batches: 1  Memory Usage: 616kB
        ->  Hash Join  (cost=68332.59..95367.15 rows=10700 width=8) (actual time=986.858..1550.162 rows=12483 loops=1)
              Hash Cond: (mi_idx.movie_id = t.id)
              ->  Seq Scan on movie_info_idx mi_idx  (cost=0.00..25185.44 rows=464566 width=4) (actual time=0.029..413.938 rows=459925 loops=1)
                    Filter: (info_type_id = 101)
                    Rows Removed by Filter: 920110
              ->  Hash  (cost=67604.59..67604.59 rows=58240 width=4) (actual time=986.168..986.168 rows=58590 loops=1)
                    Buckets: 65536  Batches: 1  Memory Usage: 2572kB
                    ->  Seq Scan on title t  (cost=0.00..67604.59 rows=58240 width=4) (actual time=0.029..962.684 rows=58590 loops=1)
                          Filter: (production_year = 2001)
                          Rows Removed by Filter: 2469722
Planning time: 1.236 ms
Execution time: 14777.328 ms
