Hash Join  (cost=102767.86..195212.05 rows=1023954 width=0) (actual time=2575.561..4726.667 rows=1274246 loops=1)
  Hash Cond: (mc.movie_id = t.id)
  ->  Seq Scan on movie_companies mc  (cost=0.00..57926.93 rows=1023954 width=4) (actual time=435.583..1203.426 rows=1274246 loops=1)
        Filter: ((company_id < 72982) AND (company_type_id < 2))
        Rows Removed by Filter: 1334883
  ->  Hash  (cost=61283.27..61283.27 rows=2528527 width=4) (actual time=2138.549..2138.549 rows=2528312 loops=1)
        Buckets: 131072  Batches: 64  Memory Usage: 2415kB
        ->  Seq Scan on title t  (cost=0.00..61283.27 rows=2528527 width=4) (actual time=0.094..893.154 rows=2528312 loops=1)
Planning time: 0.793 ms
Execution time: 4879.030 ms
