Seq Scan on cast_info ci  (cost=0.00..796071.18 rows=7049698 width=0) (actual time=14.759..12234.317 rows=9189647 loops=1)
  Filter: ((person_id < 1253647) AND (role_id < 3))
  Rows Removed by Filter: 27054697
Planning time: 0.294 ms
Execution time: 13339.915 ms
