Seq Scan on cast_info ci  (cost=0.00..796071.18 rows=1877169 width=0) (actual time=7712.433..13456.440 rows=1932145 loops=1)
  Filter: ((person_id > 1107501) AND (role_id = 4))
  Rows Removed by Filter: 34312199
Planning time: 0.398 ms
Execution time: 13680.840 ms
