Hash Join  (cost=74709.85..133192.75 rows=3449 width=0) (actual time=1450.449..1892.736 rows=2294 loops=1)
  Hash Cond: (mc.movie_id = t.id)
  ->  Seq Scan on movie_companies mc  (cost=0.00..57926.93 rows=139059 width=4) (actual time=376.526..742.103 rows=274320 loops=1)
        Filter: ((company_id > 96731) AND (company_type_id = 2))
        Rows Removed by Filter: 2334809
  ->  Hash  (cost=73925.90..73925.90 rows=62716 width=4) (actual time=1073.390..1073.390 rows=71543 loops=1)
        Buckets: 131072 (originally 65536)  Batches: 1 (originally 1)  Memory Usage: 3540kB
        ->  Seq Scan on title t  (cost=0.00..73925.90 rows=62716 width=4) (actual time=0.075..1041.909 rows=71543 loops=1)
              Filter: ((kind_id > 1) AND (production_year = 2004))
              Rows Removed by Filter: 2456769
Planning time: 0.814 ms
Execution time: 1893.453 ms
