Hash Join  (cost=128714.20..880011.53 rows=50817 width=0) (actual time=1794.291..17194.212 rows=118774 loops=1)
  Hash Cond: (ci.movie_id = t.id)
  ->  Seq Scan on cast_info ci  (cost=0.00..614943.12 rows=36225612 width=4) (actual time=0.025..7434.150 rows=36244344 loops=1)
  ->  Hash  (cost=128669.86..128669.86 rows=3547 width=8) (actual time=1793.869..1793.869 rows=9054 loops=1)
        Buckets: 16384 (originally 4096)  Batches: 1 (originally 1)  Memory Usage: 482kB
        ->  Hash Join  (cost=73968.87..128669.86 rows=3547 width=8) (actual time=862.617..1790.531 rows=9054 loops=1)
              Hash Cond: (mc.movie_id = t.id)
              ->  Seq Scan on movie_companies mc  (cost=0.00..44881.29 rows=2609129 width=4) (actual time=0.006..444.230 rows=2609129 loops=1)
              ->  Hash  (cost=73925.90..73925.90 rows=3437 width=4) (actual time=862.509..862.509 rows=3625 loops=1)
                    Buckets: 4096  Batches: 1  Memory Usage: 160kB
                    ->  Seq Scan on title t  (cost=0.00..73925.90 rows=3437 width=4) (actual time=0.193..860.619 rows=3625 loops=1)
                          Filter: ((kind_id = 2) AND (production_year = 2005))
                          Rows Removed by Filter: 2524687
Planning time: 2.076 ms
Execution time: 17214.274 ms
