Seq Scan on cast_info ci  (cost=0.00..796071.18 rows=2143827 width=0) (actual time=9776.433..12634.636 rows=1421965 loops=1)
  Filter: ((person_id < 1933566) AND (role_id = 3))
  Rows Removed by Filter: 34822379
Planning time: 0.410 ms
Execution time: 12815.939 ms
