Hash Join  (cost=481914.64..1275597.27 rows=1784855 width=0) (actual time=16810.825..22993.883 rows=1229040 loops=1)
  Hash Cond: (ci.movie_id = t.id)
  ->  Seq Scan on cast_info ci  (cost=0.00..705507.15 rows=5820248 width=4) (actual time=8460.115..11924.650 rows=5732694 loops=1)
        Filter: (role_id > 8)
        Rows Removed by Filter: 30511650
  ->  Hash  (cost=469193.06..469193.06 rows=775406 width=8) (actual time=8344.671..8344.671 rows=286384 loops=1)
        Buckets: 131072  Batches: 16  Memory Usage: 1719kB
        ->  Hash Join  (cost=92883.59..469193.06 rows=775406 width=8) (actual time=3667.041..8227.324 rows=286384 loops=1)
              Hash Cond: (mi.movie_id = t.id)
              ->  Seq Scan on movie_info mi  (cost=0.00..346232.03 rows=1272478 width=4) (actual time=1893.414..4763.276 rows=1325361 loops=1)
                    Filter: (info_type_id = 8)
                    Rows Removed by Filter: 13510359
              ->  Hash  (cost=67604.59..67604.59 rows=1540800 width=4) (actual time=1772.401..1772.401 rows=1543264 loops=1)
                    Buckets: 131072  Batches: 32  Memory Usage: 2728kB
                    ->  Seq Scan on title t  (cost=0.00..67604.59 rows=1540800 width=4) (actual time=0.029..1265.900 rows=1543264 loops=1)
                          Filter: (kind_id = 7)
                          Rows Removed by Filter: 985048
Planning time: 1.163 ms
Execution time: 23116.271 ms
