Hash Join  (cost=112365.91..480462.14 rows=344031 width=0) (actual time=1887.305..8636.227 rows=180258 loops=1)
  Hash Cond: (mi.movie_id = t.id)
  ->  Seq Scan on movie_info mi  (cost=0.00..309384.22 rows=14739122 width=4) (actual time=0.011..3308.220 rows=14835720 loops=1)
  ->  Hash  (cost=111628.17..111628.17 rows=59019 width=8) (actual time=1886.789..1886.789 rows=25977 loops=1)
        Buckets: 65536  Batches: 1  Memory Usage: 1527kB
        ->  Hash Join  (cost=79317.58..111628.17 rows=59019 width=8) (actual time=1263.336..1879.385 rows=25977 loops=1)
              Hash Cond: (mi_idx.movie_id = t.id)
              ->  Seq Scan on movie_info_idx mi_idx  (cost=0.00..25185.44 rows=454124 width=4) (actual time=0.015..422.667 rows=459925 loops=1)
                    Filter: (info_type_id = 100)
                    Rows Removed by Filter: 920110
              ->  Hash  (cost=73925.90..73925.90 rows=328614 width=4) (actual time=1241.962..1241.962 rows=350917 loops=1)
                    Buckets: 131072  Batches: 8  Memory Usage: 2572kB
                    ->  Seq Scan on title t  (cost=0.00..73925.90 rows=328614 width=4) (actual time=0.018..1112.745 rows=350917 loops=1)
                          Filter: ((kind_id > 4) AND (production_year > 2009))
                          Rows Removed by Filter: 2177395
Planning time: 1.232 ms
Execution time: 8660.971 ms
