Hash Join  (cost=106114.42..471170.64 rows=40029 width=0) (actual time=1005.381..9075.982 rows=770959 loops=1)
  Hash Cond: (mi.movie_id = t.id)
  ->  Seq Scan on movie_info mi  (cost=0.00..309384.22 rows=14739122 width=4) (actual time=0.015..4486.113 rows=14835720 loops=1)
  ->  Hash  (cost=106028.59..106028.59 rows=6867 width=8) (actual time=1004.257..1004.257 rows=12787 loops=1)
        Buckets: 16384 (originally 8192)  Batches: 1 (originally 1)  Memory Usage: 628kB
        ->  Nested Loop  (cost=0.43..106028.59 rows=6867 width=8) (actual time=0.078..997.845 rows=12787 loops=1)
              ->  Seq Scan on movie_companies mc  (cost=0.00..57926.93 rows=6867 width=4) (actual time=0.034..757.467 rows=12787 loops=1)
                    Filter: ((company_id = 34) AND (company_type_id = 1))
                    Rows Removed by Filter: 2596342
              ->  Index Only Scan using title_pkey on title t  (cost=0.43..6.99 rows=1 width=4) (actual time=0.018..0.018 rows=1 loops=12787)
                    Index Cond: (id = mc.movie_id)
                    Heap Fetches: 12787
Planning time: 1.774 ms
Execution time: 9179.912 ms
