Hash Join  (cost=118941.10..481699.67 rows=107207 width=0) (actual time=4263.769..8180.964 rows=99426 loops=1)
  Hash Cond: (mi.movie_id = t.id)
  ->  Seq Scan on movie_info mi  (cost=0.00..346232.03 rows=1264125 width=4) (actual time=1688.134..5103.997 rows=1288928 loops=1)
        Filter: (info_type_id = 2)
        Rows Removed by Filter: 13546792
  ->  Hash  (cost=115422.64..115422.64 rows=214437 width=8) (actual time=2574.617..2574.617 rows=131526 loops=1)
        Buckets: 131072  Batches: 4  Memory Usage: 2318kB
        ->  Hash Join  (cost=74050.79..115422.64 rows=214437 width=8) (actual time=1377.310..2529.954 rows=131526 loops=1)
              Hash Cond: (mi_idx.movie_id = t.id)
              ->  Seq Scan on movie_info_idx mi_idx  (cost=0.00..21735.35 rows=1380035 width=4) (actual time=0.032..442.344 rows=1380035 loops=1)
              ->  Hash  (cost=67604.59..67604.59 rows=392896 width=4) (actual time=1376.483..1376.483 rows=391666 loops=1)
                    Buckets: 131072  Batches: 8  Memory Usage: 2753kB
                    ->  Seq Scan on title t  (cost=0.00..67604.59 rows=392896 width=4) (actual time=0.027..1040.078 rows=391666 loops=1)
                          Filter: (production_year > 2010)
                          Rows Removed by Filter: 2136646
Planning time: 1.280 ms
Execution time: 8191.568 ms
