Hash Join  (cost=797959.10..884617.61 rows=47 width=0) (actual time=12338.251..12724.499 rows=5 loops=1)
  Hash Cond: (mk.movie_id = t.id)
  ->  Seq Scan on movie_keyword mk  (cost=0.00..69693.30 rows=4523930 width=4) (actual time=0.012..814.446 rows=4523930 loops=1)
  ->  Hash  (cost=797958.78..797958.78 rows=26 width=8) (actual time=11114.392..11114.392 rows=1 loops=1)
        Buckets: 1024  Batches: 1  Memory Usage: 9kB
        ->  Nested Loop  (cost=0.43..797958.78 rows=26 width=8) (actual time=4203.855..11114.372 rows=1 loops=1)
              ->  Seq Scan on cast_info ci  (cost=0.00..796071.18 rows=224 width=4) (actual time=4203.721..11114.230 rows=3 loops=1)
                    Filter: ((role_id > 2) AND (person_id = 4049257))
                    Rows Removed by Filter: 36244341
              ->  Index Scan using title_pkey on title t  (cost=0.43..8.42 rows=1 width=4) (actual time=0.038..0.038 rows=0 loops=3)
                    Index Cond: (id = ci.movie_id)
                    Filter: ((kind_id < 7) AND (production_year < 1993))
                    Rows Removed by Filter: 1
Planning time: 1.257 ms
Execution time: 12724.636 ms
