Seq Scan on cast_info ci  (cost=0.00..796071.18 rows=5765554 width=0) (actual time=0.026..14198.580 rows=7451973 loops=1)
  Filter: ((person_id < 2910997) AND (role_id = 2))
  Rows Removed by Filter: 28792371
Planning time: 0.458 ms
Execution time: 15122.303 ms
