Hash Join  (cost=129457.83..495208.88 rows=109512 width=0) (actual time=2226.393..9465.035 rows=272721 loops=1)
  Hash Cond: (mi.movie_id = t.id)
  ->  Seq Scan on movie_info mi  (cost=0.00..309384.22 rows=14739122 width=4) (actual time=0.011..3582.192 rows=14835720 loops=1)
  ->  Hash  (cost=129222.99..129222.99 rows=18787 width=8) (actual time=2224.773..2224.773 rows=28897 loops=1)
        Buckets: 32768  Batches: 1  Memory Usage: 1385kB
        ->  Hash Join  (cost=68438.72..129222.99 rows=18787 width=8) (actual time=918.664..2213.113 rows=28897 loops=1)
              Hash Cond: (mc.movie_id = t.id)
              ->  Seq Scan on movie_companies mc  (cost=0.00..57926.93 rows=711857 width=4) (actual time=0.015..1028.908 rows=936706 loops=1)
                    Filter: ((company_id > 10949) AND (company_type_id > 1))
                    Rows Removed by Filter: 1672423
              ->  Hash  (cost=67604.59..67604.59 rows=66731 width=4) (actual time=917.988..917.988 rows=67342 loops=1)
                    Buckets: 131072  Batches: 1  Memory Usage: 3392kB
                    ->  Seq Scan on title t  (cost=0.00..67604.59 rows=66731 width=4) (actual time=0.025..886.329 rows=67342 loops=1)
                          Filter: (production_year > 2012)
                          Rows Removed by Filter: 2460970
Planning time: 1.168 ms
Execution time: 9503.106 ms
