Hash Join  (cost=235094.72..1449656.64 rows=17596081 width=0) (actual time=4658.903..47443.354 rows=58424749 loops=1)
  Hash Cond: (ci.movie_id = t.id)
  ->  Seq Scan on cast_info ci  (cost=0.00..614943.12 rows=36225612 width=4) (actual time=0.015..12075.899 rows=36244344 loops=1)
  ->  Hash  (cost=214944.27..214944.27 rows=1228196 width=8) (actual time=4657.164..4657.164 rows=974328 loops=1)
        Buckets: 131072  Batches: 32  Memory Usage: 2246kB
        ->  Hash Join  (cost=90260.67..214944.27 rows=1228196 width=8) (actual time=1455.501..4366.891 rows=974328 loops=1)
              Hash Cond: (mk.movie_id = t.id)
              ->  Seq Scan on movie_keyword mk  (cost=0.00..81003.12 rows=2248937 width=4) (actual time=0.011..1396.947 rows=2247131 loops=1)
                    Filter: (keyword_id > 4801)
                    Rows Removed by Filter: 2276799
              ->  Hash  (cost=67604.59..67604.59 rows=1380887 width=4) (actual time=1454.113..1454.113 rows=1381453 loops=1)
                    Buckets: 131072  Batches: 32  Memory Usage: 2551kB
                    ->  Seq Scan on title t  (cost=0.00..67604.59 rows=1380887 width=4) (actual time=0.023..1014.532 rows=1381453 loops=1)
                          Filter: (production_year > 2000)
                          Rows Removed by Filter: 1146859
Planning time: 1.183 ms
Execution time: 53958.415 ms
