Seq Scan on cast_info ci  (cost=0.00..796071.18 rows=415186 width=0) (actual time=3425.059..11926.753 rows=655341 loops=1)
  Filter: ((person_id > 1935144) AND (role_id = 5))
  Rows Removed by Filter: 35589003
Planning time: 0.396 ms
Execution time: 12010.476 ms
