Seq Scan on movie_keyword mk  (cost=0.00..81003.12 rows=2240188 width=0) (actual time=0.026..1361.920 rows=2236801 loops=1)
  Filter: (keyword_id > 4853)
  Rows Removed by Filter: 2287129
Planning time: 0.349 ms
Execution time: 1651.634 ms
