Hash Join  (cost=102767.86..1514698.81 rows=28947311 width=0) (actual time=1707.337..42365.947 rows=28906182 loops=1)
  Hash Cond: (ci.movie_id = t.id)
  ->  Seq Scan on cast_info ci  (cost=0.00..705507.15 rows=28947311 width=4) (actual time=0.015..14962.265 rows=28906182 loops=1)
        Filter: (person_id < 2936014)
        Rows Removed by Filter: 7338162
  ->  Hash  (cost=61283.27..61283.27 rows=2528527 width=4) (actual time=1706.633..1706.633 rows=2528312 loops=1)
        Buckets: 131072  Batches: 64  Memory Usage: 2415kB
        ->  Seq Scan on title t  (cost=0.00..61283.27 rows=2528527 width=4) (actual time=0.011..896.317 rows=2528312 loops=1)
Planning time: 0.587 ms
Execution time: 45577.579 ms
