Hash Join  (cost=89762.59..460849.95 rows=618617 width=0) (actual time=3964.926..7626.030 rows=752593 loops=1)
  Hash Cond: (mi.movie_id = t.id)
  ->  Seq Scan on movie_info mi  (cost=0.00..346232.03 rows=1158179 width=4) (actual time=2387.838..4998.616 rows=1204709 loops=1)
        Filter: (info_type_id > 18)
        Rows Removed by Filter: 13631011
  ->  Hash  (cost=67604.59..67604.59 rows=1350560 width=4) (actual time=1574.677..1574.677 rows=1348293 loops=1)
        Buckets: 131072  Batches: 32  Memory Usage: 2514kB
        ->  Seq Scan on title t  (cost=0.00..67604.59 rows=1350560 width=4) (actual time=0.029..1123.493 rows=1348293 loops=1)
              Filter: (production_year < 2005)
              Rows Removed by Filter: 1180019
Planning time: 0.586 ms
Execution time: 7722.573 ms
