Hash Join  (cost=73982.55..973621.83 rows=49266 width=0) (actual time=1168.730..21815.878 rows=139834 loops=1)
  Hash Cond: (ci.movie_id = t.id)
  ->  Seq Scan on cast_info ci  (cost=0.00..796071.18 rows=27486784 width=4) (actual time=666.630..16075.958 rows=27234583 loops=1)
        Filter: ((person_id > 441105) AND (role_id < 10))
        Rows Removed by Filter: 9009761
  ->  Hash  (cost=73925.90..73925.90 rows=4532 width=4) (actual time=501.700..501.700 rows=12643 loops=1)
        Buckets: 16384 (originally 8192)  Batches: 1 (originally 1)  Memory Usage: 573kB
        ->  Seq Scan on title t  (cost=0.00..73925.90 rows=4532 width=4) (actual time=0.064..497.948 rows=12643 loops=1)
              Filter: ((kind_id = 7) AND (production_year = 1989))
              Rows Removed by Filter: 2515669
Planning time: 0.810 ms
Execution time: 21837.546 ms
