Hash Join  (cost=710196.35..1826773.35 rows=17045583 width=0) (actual time=18302.440..43981.900 rows=38413787 loops=1)
  Hash Cond: (ci.movie_id = t.id)
  ->  Seq Scan on cast_info ci  (cost=0.00..796071.18 rows=7090799 width=4) (actual time=2664.135..13631.180 rows=9062921 loops=1)
        Filter: ((person_id > 1485291) AND (role_id > 3))
        Rows Removed by Filter: 27181423
  ->  Hash  (cost=610473.22..610473.22 rows=6078330 width=8) (actual time=15634.541..15634.541 rows=5117785 loops=1)
        Buckets: 131072  Batches: 128  Memory Usage: 2567kB
        ->  Hash Join  (cost=102454.22..610473.22 rows=6078330 width=8) (actual time=3641.938..14151.912 rows=5117785 loops=1)
              Hash Cond: (mi.movie_id = t.id)
              ->  Seq Scan on movie_info mi  (cost=0.00..346232.03 rows=7235534 width=4) (actual time=1853.909..5354.585 rows=7286865 loops=1)
                    Filter: (info_type_id < 8)
                    Rows Removed by Filter: 7548855
              ->  Hash  (cost=67604.59..67604.59 rows=2124131 width=4) (actual time=1787.077..1787.077 rows=2118372 loops=1)
                    Buckets: 131072  Batches: 32  Memory Usage: 3365kB
                    ->  Seq Scan on title t  (cost=0.00..67604.59 rows=2124131 width=4) (actual time=0.024..1115.307 rows=2118372 loops=1)
                          Filter: (production_year > 1967)
                          Rows Removed by Filter: 409940
Planning time: 4.011 ms
Execution time: 48029.132 ms
