Hash Join  (cost=197498.35..306720.59 rows=474948 width=0) (actual time=3898.264..6494.401 rows=865903 loops=1)
  Hash Cond: (mk.movie_id = t.id)
  ->  Seq Scan on movie_keyword mk  (cost=0.00..81003.12 rows=1804969 width=4) (actual time=0.019..1539.921 rows=1810921 loops=1)
        Filter: (keyword_id < 2941)
        Rows Removed by Filter: 2713009
  ->  Hash  (cost=186582.58..186582.58 rows=665341 width=8) (actual time=3897.005..3897.005 rows=423876 loops=1)
        Buckets: 131072  Batches: 16  Memory Usage: 2061kB
        ->  Hash Join  (cost=102767.86..186582.58 rows=665341 width=8) (actual time=2138.779..3774.813 rows=423876 loops=1)
              Hash Cond: (mc.movie_id = t.id)
              ->  Seq Scan on movie_companies mc  (cost=0.00..57926.93 rows=665341 width=4) (actual time=116.827..985.891 rows=423876 loops=1)
                    Filter: ((company_id < 11272) AND (company_type_id = 2))
                    Rows Removed by Filter: 2185253
              ->  Hash  (cost=61283.27..61283.27 rows=2528527 width=4) (actual time=2020.718..2020.718 rows=2528312 loops=1)
                    Buckets: 131072  Batches: 64  Memory Usage: 2415kB
                    ->  Seq Scan on title t  (cost=0.00..61283.27 rows=2528527 width=4) (actual time=1.017..1185.028 rows=2528312 loops=1)
Planning time: 3.198 ms
Execution time: 6592.950 ms
