Seq Scan on movie_keyword mk  (cost=0.00..81003.12 rows=3971280 width=0) (actual time=0.023..1504.250 rows=3970033 loops=1)
  Filter: (keyword_id > 395)
  Rows Removed by Filter: 553897
Planning time: 0.337 ms
Execution time: 2008.123 ms
