Hash Join  (cost=253030.72..769556.91 rows=5499200 width=0) (actual time=5207.057..24820.789 rows=35009070 loops=1)
  Hash Cond: (mi.movie_id = t.id)
  ->  Seq Scan on movie_info mi  (cost=0.00..346232.03 rows=9476311 width=4) (actual time=0.027..6177.142 rows=9565151 loops=1)
        Filter: (info_type_id < 16)
        Rows Removed by Filter: 5270569
  ->  Hash  (cost=228957.10..228957.10 rows=1467330 width=8) (actual time=5206.291..5206.291 rows=1484357 loops=1)
        Buckets: 131072  Batches: 32  Memory Usage: 2902kB
        ->  Hash Join  (cost=102767.86..228957.10 rows=1467330 width=8) (actual time=1847.339..4771.436 rows=1484357 loops=1)
              Hash Cond: (mk.movie_id = t.id)
              ->  Seq Scan on movie_keyword mk  (cost=0.00..81003.12 rows=1467330 width=4) (actual time=0.014..1383.824 rows=1484357 loops=1)
                    Filter: (keyword_id < 2124)
                    Rows Removed by Filter: 3039573
              ->  Hash  (cost=61283.27..61283.27 rows=2528527 width=4) (actual time=1845.634..1845.634 rows=2528312 loops=1)
                    Buckets: 131072  Batches: 64  Memory Usage: 2425kB
                    ->  Seq Scan on title t  (cost=0.00..61283.27 rows=2528527 width=4) (actual time=0.006..994.648 rows=2528312 loops=1)
Planning time: 1.174 ms
Execution time: 28507.601 ms
