Hash Join  (cost=796846.00..1182293.51 rows=236768 width=0) (actual time=13967.394..23070.801 rows=4717012 loops=1)
  Hash Cond: (mi.movie_id = t.id)
  ->  Seq Scan on movie_info mi  (cost=0.00..309384.22 rows=14739122 width=4) (actual time=0.023..3830.676 rows=14835720 loops=1)
  ->  Hash  (cost=796338.28..796338.28 rows=40618 width=8) (actual time=13965.515..13965.515 rows=54154 loops=1)
        Buckets: 65536  Batches: 1  Memory Usage: 2628kB
        ->  Hash Join  (cost=74223.04..796338.28 rows=40618 width=8) (actual time=11118.070..13940.527 rows=54154 loops=1)
              Hash Cond: (ci.movie_id = t.id)
              ->  Seq Scan on cast_info ci  (cost=0.00..705507.15 rows=4320508 width=4) (actual time=9972.263..11880.173 rows=4323018 loops=1)
                    Filter: (role_id = 10)
                    Rows Removed by Filter: 31921326
              ->  Hash  (cost=73925.90..73925.90 rows=23771 width=4) (actual time=1145.510..1145.510 rows=20633 loops=1)
                    Buckets: 32768  Batches: 1  Memory Usage: 982kB
                    ->  Seq Scan on title t  (cost=0.00..73925.90 rows=23771 width=4) (actual time=0.149..1136.337 rows=20633 loops=1)
                          Filter: ((kind_id < 7) AND (production_year = 2002))
                          Rows Removed by Filter: 2507679
Planning time: 1.236 ms
Execution time: 23671.622 ms
