Nested Loop  (cost=0.43..52283.69 rows=104 width=0) (actual time=8.111..767.393 rows=43 loops=1)
  ->  Seq Scan on movie_companies mc  (cost=0.00..51404.11 rows=104 width=4) (actual time=8.058..765.438 rows=43 loops=1)
        Filter: (company_id = 32653)
        Rows Removed by Filter: 2609086
  ->  Index Only Scan using title_pkey on title t  (cost=0.43..8.45 rows=1 width=4) (actual time=0.041..0.041 rows=1 loops=43)
        Index Cond: (id = mc.movie_id)
        Heap Fetches: 43
Planning time: 0.618 ms
Execution time: 767.486 ms
