Hash Join  (cost=94973.51..1121463.58 rows=10688541 width=0) (actual time=1625.302..26479.298 rows=10173589 loops=1)
  Hash Cond: (ci.movie_id = t.id)
  ->  Seq Scan on cast_info ci  (cost=0.00..705507.15 rows=16201301 width=4) (actual time=0.021..13708.855 rows=16121683 loops=1)
        Filter: (role_id > 2)
        Rows Removed by Filter: 20122661
  ->  Hash  (cost=67604.59..67604.59 rows=1668154 width=4) (actual time=1624.274..1624.274 rows=1674098 loops=1)
        Buckets: 131072  Batches: 32  Memory Usage: 2869kB
        ->  Seq Scan on title t  (cost=0.00..67604.59 rows=1668154 width=4) (actual time=0.016..1110.635 rows=1674098 loops=1)
              Filter: (kind_id > 3)
              Rows Removed by Filter: 854214
Planning time: 0.809 ms
Execution time: 27482.710 ms
