Hash Join  (cost=73974.15..471996.13 rows=20998 width=0) (actual time=1016.794..9674.437 rows=56148 loops=1)
  Hash Cond: (mi.movie_id = t.id)
  ->  Seq Scan on movie_info mi  (cost=0.00..346232.03 rows=13754658 width=4) (actual time=0.020..6197.440 rows=13789404 loops=1)
        Filter: (info_type_id < 80)
        Rows Removed by Filter: 1046316
  ->  Hash  (cost=73925.90..73925.90 rows=3860 width=4) (actual time=1016.690..1016.690 rows=7727 loops=1)
        Buckets: 8192 (originally 4096)  Batches: 1 (originally 1)  Memory Usage: 336kB
        ->  Seq Scan on title t  (cost=0.00..73925.90 rows=3860 width=4) (actual time=443.896..1013.345 rows=7727 loops=1)
              Filter: ((kind_id = 4) AND (production_year = 2004))
              Rows Removed by Filter: 2520585
Planning time: 0.776 ms
Execution time: 9684.677 ms
