Seq Scan on cast_info ci  (cost=0.00..796071.18 rows=2212215 width=0) (actual time=578.340..11483.029 rows=1100140 loops=1)
  Filter: ((person_id < 904925) AND (role_id > 5))
  Rows Removed by Filter: 35144204
Planning time: 0.331 ms
Execution time: 11619.603 ms
