Hash Join  (cost=93093.72..939462.25 rows=1433507 width=0) (actual time=2130.081..13426.025 rows=586354 loops=1)
  Hash Cond: (ci.movie_id = t.id)
  ->  Seq Scan on cast_info ci  (cost=0.00..796071.18 rows=2333056 width=4) (actual time=467.622..10758.349 rows=978434 loops=1)
        Filter: ((person_id < 333656) AND (role_id > 1))
        Rows Removed by Filter: 35265910
  ->  Hash  (cost=67604.59..67604.59 rows=1553611 width=4) (actual time=1661.325..1661.325 rows=1555864 loops=1)
        Buckets: 131072  Batches: 32  Memory Usage: 2734kB
        ->  Seq Scan on title t  (cost=0.00..67604.59 rows=1553611 width=4) (actual time=0.013..1165.304 rows=1555864 loops=1)
              Filter: (kind_id > 4)
              Rows Removed by Filter: 972448
Planning time: 0.809 ms
Execution time: 13488.671 ms
