Hash Join  (cost=219807.22..1345322.92 rows=10698395 width=0) (actual time=4452.346..33827.970 rows=10920545 loops=1)
  Hash Cond: (ci.movie_id = t.id)
  ->  Seq Scan on cast_info ci  (cost=0.00..796071.18 rows=16873915 width=4) (actual time=0.017..15956.392 rows=21219151 loops=1)
        Filter: ((person_id < 2628727) AND (role_id < 4))
        Rows Removed by Filter: 15025193
  ->  Hash  (cost=193505.02..193505.02 rows=1603136 width=8) (actual time=4451.639..4451.639 rows=747310 loops=1)
        Buckets: 131072  Batches: 32  Memory Usage: 1906kB
        ->  Hash Join  (cost=93093.72..193505.02 rows=1603136 width=8) (actual time=1591.439..4228.072 rows=747310 loops=1)
              Hash Cond: (mc.movie_id = t.id)
              ->  Seq Scan on movie_companies mc  (cost=0.00..44881.29 rows=2609129 width=4) (actual time=0.009..893.230 rows=2609129 loops=1)
              ->  Hash  (cost=67604.59..67604.59 rows=1553611 width=4) (actual time=1587.310..1587.310 rows=1555864 loops=1)
                    Buckets: 131072  Batches: 32  Memory Usage: 2734kB
                    ->  Seq Scan on title t  (cost=0.00..67604.59 rows=1553611 width=4) (actual time=0.026..1087.109 rows=1555864 loops=1)
                          Filter: (kind_id > 4)
                          Rows Removed by Filter: 972448
Planning time: 0.827 ms
Execution time: 35039.692 ms
