Hash Join  (cost=156746.01..1052119.32 rows=878501 width=0) (actual time=3287.878..24814.026 rows=4325022 loops=1)
  Hash Cond: (ci.movie_id = t.id)
  ->  Seq Scan on cast_info ci  (cost=0.00..796071.18 rows=7731232 width=4) (actual time=0.015..14134.800 rows=12670688 loops=1)
        Filter: ((person_id < 2223909) AND (role_id = 1))
        Rows Removed by Filter: 23573656
  ->  Hash  (cost=152031.55..152031.55 rows=287317 width=8) (actual time=3286.742..3286.742 rows=517895 loops=1)
        Buckets: 131072 (originally 131072)  Batches: 8 (originally 4)  Memory Usage: 3543kB
        ->  Hash Join  (cost=73702.75..152031.55 rows=287317 width=8) (actual time=1018.224..3131.181 rows=517895 loops=1)
              Hash Cond: (mc.movie_id = t.id)
              ->  Seq Scan on movie_companies mc  (cost=0.00..51404.11 rows=1954537 width=4) (actual time=0.024..993.083 rows=1960702 loops=1)
                    Filter: (company_id > 868)
                    Rows Removed by Filter: 648427
              ->  Hash  (cost=67604.59..67604.59 rows=371693 width=4) (actual time=1017.339..1017.339 rows=366430 loops=1)
                    Buckets: 131072  Batches: 8  Memory Usage: 2627kB
                    ->  Seq Scan on title t  (cost=0.00..67604.59 rows=371693 width=4) (actual time=0.011..897.487 rows=366430 loops=1)
                          Filter: (production_year < 1970)
                          Rows Removed by Filter: 2161882
Planning time: 1.240 ms
Execution time: 25331.078 ms
