Hash Join  (cost=83073.49..137740.00 rows=99 width=0) (actual time=1098.694..2081.137 rows=3053 loops=1)
  Hash Cond: (mc.movie_id = t.id)
  ->  Seq Scan on movie_companies mc  (cost=0.00..44881.29 rows=2609129 width=4) (actual time=0.011..521.796 rows=2609129 loops=1)
  ->  Hash  (cost=83072.29..83072.29 rows=96 width=8) (actual time=1096.781..1096.781 rows=223 loops=1)
        Buckets: 1024  Batches: 1  Memory Usage: 17kB
        ->  Nested Loop  (cost=0.43..83072.29 rows=96 width=8) (actual time=33.854..1096.542 rows=223 loops=1)
              ->  Seq Scan on movie_keyword mk  (cost=0.00..81003.12 rows=246 width=4) (actual time=12.836..1078.558 rows=292 loops=1)
                    Filter: (keyword_id = 9413)
                    Rows Removed by Filter: 4523638
              ->  Index Scan using title_pkey on title t  (cost=0.43..8.40 rows=1 width=4) (actual time=0.058..0.059 rows=1 loops=292)
                    Index Cond: (id = mk.movie_id)
                    Filter: (kind_id < 7)
                    Rows Removed by Filter: 0
Planning time: 1.277 ms
Execution time: 2081.734 ms
