Hash Join  (cost=448699.29..575053.76 rows=357243 width=0) (actual time=7116.438..12387.856 rows=8475276 loops=1)
  Hash Cond: (mk.movie_id = t.id)
  ->  Seq Scan on movie_keyword mk  (cost=0.00..69693.30 rows=4523930 width=4) (actual time=0.015..1301.166 rows=4523930 loops=1)
  ->  Hash  (cost=445423.40..445423.40 rows=199671 width=8) (actual time=7114.842..7114.842 rows=419612 loops=1)
        Buckets: 131072 (originally 131072)  Batches: 8 (originally 4)  Memory Usage: 3097kB
        ->  Hash Join  (cost=86630.82..445423.40 rows=199671 width=8) (actual time=1428.460..6971.255 rows=419612 loops=1)
              Hash Cond: (mi.movie_id = t.id)
              ->  Seq Scan on movie_info mi  (cost=0.00..346232.03 rows=651960 width=4) (actual time=67.320..5041.336 rows=660923 loops=1)
                    Filter: (info_type_id = 18)
                    Rows Removed by Filter: 14174797
              ->  Hash  (cost=73925.90..73925.90 rows=774393 width=4) (actual time=1360.312..1360.312 rows=673530 loops=1)
                    Buckets: 131072  Batches: 16  Memory Usage: 2511kB
                    ->  Seq Scan on title t  (cost=0.00..73925.90 rows=774393 width=4) (actual time=0.039..1141.093 rows=673530 loops=1)
                          Filter: ((kind_id < 4) AND (production_year > 1953))
                          Rows Removed by Filter: 1854782
Planning time: 1.203 ms
Execution time: 13428.669 ms
