Seq Scan on movie_companies mc  (cost=0.00..51404.11 rows=104 width=0) (actual time=701.664..814.808 rows=1 loops=1)
  Filter: (company_id = 199154)
  Rows Removed by Filter: 2609128
Planning time: 0.441 ms
Execution time: 814.877 ms
