Hash Join  (cost=149390.61..611239.73 rows=547593 width=0) (actual time=2701.225..12270.850 rows=1311855 loops=1)
  Hash Cond: (mi.movie_id = t.id)
  ->  Seq Scan on movie_info mi  (cost=0.00..346232.03 rows=9476311 width=4) (actual time=0.008..5868.389 rows=9565151 loops=1)
        Filter: (info_type_id < 16)
        Rows Removed by Filter: 5270569
  ->  Hash  (cost=146993.21..146993.21 rows=146112 width=8) (actual time=2700.131..2700.131 rows=114616 loops=1)
        Buckets: 131072  Batches: 2  Memory Usage: 3247kB
        ->  Hash Join  (cost=69928.56..146993.21 rows=146112 width=8) (actual time=941.916..2663.855 rows=114616 loops=1)
              Hash Cond: (mc.movie_id = t.id)
              ->  Seq Scan on movie_companies mc  (cost=0.00..44881.29 rows=2609129 width=4) (actual time=0.015..786.849 rows=2609129 loops=1)
              ->  Hash  (cost=67604.59..67604.59 rows=141598 width=4) (actual time=941.018..941.018 rows=141703 loops=1)
                    Buckets: 131072  Batches: 2  Memory Usage: 3511kB
                    ->  Seq Scan on title t  (cost=0.00..67604.59 rows=141598 width=4) (actual time=0.016..889.590 rows=141703 loops=1)
                          Filter: (production_year = 2010)
                          Rows Removed by Filter: 2386609
Planning time: 1.234 ms
Execution time: 12436.853 ms
