Seq Scan on movie_keyword mk  (cost=0.00..81003.12 rows=1913593 width=0) (actual time=0.033..1467.616 rows=1922324 loops=1)
  Filter: (keyword_id > 6996)
  Rows Removed by Filter: 2601606
Planning time: 0.372 ms
Execution time: 1712.200 ms
