Seq Scan on movie_companies mc  (cost=0.00..57926.93 rows=53 width=0) (actual time=88.840..718.225 rows=78 loops=1)
  Filter: ((company_id = 45193) AND (company_type_id = 2))
  Rows Removed by Filter: 2609051
Planning time: 1.396 ms
Execution time: 718.342 ms
