Seq Scan on cast_info ci  (cost=0.00..796071.18 rows=533033 width=0) (actual time=132.266..12574.496 rows=492910 loops=1)
  Filter: ((person_id < 1083698) AND (role_id = 8))
  Rows Removed by Filter: 35751434
Planning time: 0.410 ms
Execution time: 12636.508 ms
