Hash Join  (cost=74131.99..101132.45 rows=8998 width=0) (actual time=1109.478..1665.150 rows=6552 loops=1)
  Hash Cond: (mi_idx.movie_id = t.id)
  ->  Seq Scan on movie_info_idx mi_idx  (cost=0.00..21735.35 rows=1380035 width=4) (actual time=0.014..259.144 rows=1380035 loops=1)
  ->  Hash  (cost=73925.90..73925.90 rows=16487 width=4) (actual time=1108.388..1108.388 rows=16247 loops=1)
        Buckets: 32768  Batches: 1  Memory Usage: 828kB
        ->  Seq Scan on title t  (cost=0.00..73925.90 rows=16487 width=4) (actual time=0.061..1101.045 rows=16247 loops=1)
              Filter: ((kind_id = 7) AND (production_year = 1993))
              Rows Removed by Filter: 2512065
Planning time: 1.352 ms
Execution time: 1666.163 ms
