Hash Join  (cost=190230.21..343963.71 rows=2159312 width=0) (actual time=4106.896..10102.244 rows=9259799 loops=1)
  Hash Cond: (mk.movie_id = t.id)
  ->  Seq Scan on movie_keyword mk  (cost=0.00..81003.12 rows=3956333 width=4) (actual time=0.008..1747.213 rows=3953632 loops=1)
        Filter: (keyword_id > 404)
        Rows Removed by Filter: 570298
  ->  Hash  (cost=167588.78..167588.78 rows=1380035 width=8) (actual time=4105.358..4105.358 rows=1380035 loops=1)
        Buckets: 131072  Batches: 32  Memory Usage: 2726kB
        ->  Hash Join  (cost=102767.86..167588.78 rows=1380035 width=8) (actual time=1684.865..3676.689 rows=1380035 loops=1)
              Hash Cond: (mi_idx.movie_id = t.id)
              ->  Seq Scan on movie_info_idx mi_idx  (cost=0.00..21735.35 rows=1380035 width=4) (actual time=0.010..459.008 rows=1380035 loops=1)
              ->  Hash  (cost=61283.27..61283.27 rows=2528527 width=4) (actual time=1683.979..1683.979 rows=2528312 loops=1)
                    Buckets: 131072  Batches: 64  Memory Usage: 2415kB
                    ->  Seq Scan on title t  (cost=0.00..61283.27 rows=2528527 width=4) (actual time=0.021..852.347 rows=2528312 loops=1)
Planning time: 1.241 ms
Execution time: 11209.535 ms
