Hash Join  (cost=83073.49..141596.95 rows=72 width=0) (actual time=1140.668..2322.317 rows=10639 loops=1)
  Hash Cond: (mc.movie_id = t.id)
  ->  Seq Scan on movie_companies mc  (cost=0.00..51404.11 rows=1898301 width=4) (actual time=0.023..896.170 rows=1892467 loops=1)
        Filter: (company_id < 43011)
        Rows Removed by Filter: 716662
  ->  Hash  (cost=83072.29..83072.29 rows=96 width=8) (actual time=1133.507..1133.507 rows=1292 loops=1)
        Buckets: 2048 (originally 1024)  Batches: 1 (originally 1)  Memory Usage: 67kB
        ->  Nested Loop  (cost=0.43..83072.29 rows=96 width=8) (actual time=0.431..1132.650 rows=1292 loops=1)
              ->  Seq Scan on movie_keyword mk  (cost=0.00..81003.12 rows=246 width=4) (actual time=0.383..1099.755 rows=1412 loops=1)
                    Filter: (keyword_id = 958)
                    Rows Removed by Filter: 4522518
              ->  Index Scan using title_pkey on title t  (cost=0.43..8.40 rows=1 width=4) (actual time=0.022..0.022 rows=1 loops=1412)
                    Index Cond: (id = mk.movie_id)
                    Filter: (kind_id < 7)
                    Rows Removed by Filter: 0
Planning time: 1.200 ms
Execution time: 2324.054 ms
