Hash Join  (cost=78641.77..116572.07 rows=104024 width=0) (actual time=1227.447..2093.241 rows=243090 loops=1)
  Hash Cond: (mi_idx.movie_id = t.id)
  ->  Seq Scan on movie_info_idx mi_idx  (cost=0.00..25185.44 rows=915101 width=4) (actual time=0.020..371.029 rows=919850 loops=1)
        Filter: (info_type_id < 101)
        Rows Removed by Filter: 460185
  ->  Hash  (cost=73925.90..73925.90 rows=287429 width=4) (actual time=1226.574..1226.574 rows=401493 loops=1)
        Buckets: 131072 (originally 131072)  Batches: 8 (originally 4)  Memory Usage: 3073kB
        ->  Seq Scan on title t  (cost=0.00..73925.90 rows=287429 width=4) (actual time=0.030..1092.354 rows=401493 loops=1)
              Filter: ((kind_id < 7) AND (production_year < 1992))
              Rows Removed by Filter: 2126819
Planning time: 0.819 ms
Execution time: 2122.978 ms
