Hash Join  (cost=213572.61..1293692.23 rows=9874614 width=0) (actual time=5166.270..38975.804 rows=24050852 loops=1)
  Hash Cond: (ci.movie_id = t.id)
  ->  Seq Scan on cast_info ci  (cost=0.00..705507.15 rows=23499554 width=4) (actual time=0.016..13966.320 rows=23573656 loops=1)
        Filter: (role_id > 1)
        Rows Removed by Filter: 12670688
  ->  Hash  (cost=196140.39..196140.39 rows=1062498 width=8) (actual time=5165.391..5165.391 rows=938336 loops=1)
        Buckets: 131072  Batches: 16  Memory Usage: 3293kB
        ->  Hash Join  (cost=102767.86..196140.39 rows=1062498 width=8) (actual time=2638.838..4873.926 rows=938336 loops=1)
              Hash Cond: (mc.movie_id = t.id)
              ->  Seq Scan on movie_companies mc  (cost=0.00..57926.93 rows=1062498 width=4) (actual time=0.011..1044.656 rows=938336 loops=1)
                    Filter: ((company_id > 329) AND (company_type_id < 2))
                    Rows Removed by Filter: 1670793
              ->  Hash  (cost=61283.27..61283.27 rows=2528527 width=4) (actual time=2636.977..2636.977 rows=2528312 loops=1)
                    Buckets: 131072  Batches: 64  Memory Usage: 2415kB
                    ->  Seq Scan on title t  (cost=0.00..61283.27 rows=2528527 width=4) (actual time=0.013..1027.810 rows=2528312 loops=1)
Planning time: 1.373 ms
Execution time: 41874.462 ms
