Hash Join  (cost=103604.85..263572.82 rows=2576141 width=0) (actual time=2094.123..6093.383 rows=1258344 loops=1)
  Hash Cond: (mk.movie_id = t.id)
  ->  Seq Scan on movie_keyword mk  (cost=0.00..81003.12 rows=3600885 width=4) (actual time=0.029..1721.699 rows=3593291 loops=1)
        Filter: (keyword_id > 870)
        Rows Removed by Filter: 930639
  ->  Hash  (cost=73925.90..73925.90 rows=1808956 width=4) (actual time=2092.889..2092.889 rows=1799907 loops=1)
        Buckets: 131072  Batches: 32  Memory Usage: 3013kB
        ->  Seq Scan on title t  (cost=0.00..73925.90 rows=1808956 width=4) (actual time=0.022..1495.180 rows=1799907 loops=1)
              Filter: ((kind_id > 1) AND (production_year > 0))
              Rows Removed by Filter: 728405
Planning time: 0.635 ms
Execution time: 6244.770 ms
