Seq Scan on cast_info ci  (cost=0.00..796071.18 rows=2152611 width=0) (actual time=6892.317..11628.695 rows=466162 loops=1)
  Filter: ((person_id > 2639005) AND (role_id = 2))
  Rows Removed by Filter: 35778182
Planning time: 0.411 ms
Execution time: 11689.576 ms
