Hash Join  (cost=102767.86..240869.67 rows=1962381 width=0) (actual time=1815.840..5048.368 rows=1969168 loops=1)
  Hash Cond: (mk.movie_id = t.id)
  ->  Seq Scan on movie_keyword mk  (cost=0.00..81003.12 rows=1962381 width=4) (actual time=0.029..1371.475 rows=1969168 loops=1)
        Filter: (keyword_id < 3442)
        Rows Removed by Filter: 2554762
  ->  Hash  (cost=61283.27..61283.27 rows=2528527 width=4) (actual time=1815.017..1815.017 rows=2528312 loops=1)
        Buckets: 131072  Batches: 64  Memory Usage: 2425kB
        ->  Seq Scan on title t  (cost=0.00..61283.27 rows=2528527 width=4) (actual time=0.027..933.352 rows=2528312 loops=1)
Planning time: 0.787 ms
Execution time: 5282.165 ms
