Seq Scan on movie_companies mc  (cost=0.00..57926.93 rows=786957 width=0) (actual time=171.794..943.176 rows=1084479 loops=1)
  Filter: ((company_id < 16263) AND (company_type_id < 2))
  Rows Removed by Filter: 1524650
Planning time: 0.352 ms
Execution time: 1082.339 ms
