Hash Join  (cost=89154.34..158533.74 rows=345739 width=0) (actual time=1972.763..3556.113 rows=308749 loops=1)
  Hash Cond: (mc.movie_id = t.id)
  ->  Seq Scan on movie_companies mc  (cost=0.00..51404.11 rows=941838 width=4) (actual time=0.014..814.267 rows=942540 loops=1)
        Filter: (company_id < 3520)
        Rows Removed by Filter: 1666589
  ->  Hash  (cost=73925.90..73925.90 rows=928195 width=4) (actual time=1971.723..1971.723 rows=1004724 loops=1)
        Buckets: 131072  Batches: 16  Memory Usage: 3239kB
        ->  Seq Scan on title t  (cost=0.00..73925.90 rows=928195 width=4) (actual time=0.010..1176.603 rows=1004724 loops=1)
              Filter: ((kind_id > 1) AND (production_year > 2002))
              Rows Removed by Filter: 1523588
Planning time: 0.820 ms
Execution time: 3595.952 ms
