Seq Scan on movie_keyword mk  (cost=0.00..81003.12 rows=764857 width=0) (actual time=0.016..1265.471 rows=762742 loops=1)
  Filter: (keyword_id < 720)
  Rows Removed by Filter: 3761188
Planning time: 0.351 ms
Execution time: 1363.810 ms
