Hash Join  (cost=120929.94..1023713.61 rows=937562 width=0) (actual time=5041.727..21144.781 rows=528201 loops=1)
  Hash Cond: (ci.movie_id = t.id)
  ->  Seq Scan on cast_info ci  (cost=0.00..705507.15 rows=16201301 width=4) (actual time=3087.521..14006.910 rows=16121683 loops=1)
        Filter: (role_id > 2)
        Rows Removed by Filter: 20122661
  ->  Hash  (cost=118528.87..118528.87 rows=146325 width=8) (actual time=1953.005..1953.005 rows=55827 loops=1)
        Buckets: 131072  Batches: 2  Memory Usage: 2119kB
        ->  Hash Join  (cost=78325.14..118528.87 rows=146325 width=8) (actual time=1021.257..1936.058 rows=55827 loops=1)
              Hash Cond: (mi_idx.movie_id = t.id)
              ->  Seq Scan on movie_info_idx mi_idx  (cost=0.00..21735.35 rows=1380035 width=4) (actual time=0.035..365.696 rows=1380035 loops=1)
              ->  Hash  (cost=73925.90..73925.90 rows=268099 width=4) (actual time=1019.210..1019.210 rows=161686 loops=1)
                    Buckets: 131072  Batches: 4  Memory Usage: 2444kB
                    ->  Seq Scan on title t  (cost=0.00..73925.90 rows=268099 width=4) (actual time=186.819..962.840 rows=161686 loops=1)
                          Filter: ((production_year < 1975) AND (kind_id = 7))
                          Rows Removed by Filter: 2366626
Planning time: 1.204 ms
Execution time: 21200.852 ms
