Hash Join  (cost=100948.70..852092.31 rows=35437 width=0) (actual time=1645.089..15494.746 rows=109119 loops=1)
  Hash Cond: (ci.movie_id = t.id)
  ->  Seq Scan on cast_info ci  (cost=0.00..614943.12 rows=36225612 width=4) (actual time=0.016..7052.473 rows=36244344 loops=1)
  ->  Hash  (cost=100917.78..100917.78 rows=2474 width=8) (actual time=1643.816..1643.816 rows=3309 loops=1)
        Buckets: 4096  Batches: 1  Memory Usage: 162kB
        ->  Hash Join  (cost=73982.55..100917.78 rows=2474 width=8) (actual time=1350.983..1642.510 rows=3309 loops=1)
              Hash Cond: (mi_idx.movie_id = t.id)
              ->  Seq Scan on movie_info_idx mi_idx  (cost=0.00..21735.35 rows=1380035 width=4) (actual time=0.015..289.086 rows=1380035 loops=1)
              ->  Hash  (cost=73925.90..73925.90 rows=4532 width=4) (actual time=1065.892..1065.892 rows=8404 loops=1)
                    Buckets: 16384 (originally 8192)  Batches: 1 (originally 1)  Memory Usage: 424kB
                    ->  Seq Scan on title t  (cost=0.00..73925.90 rows=4532 width=4) (actual time=0.038..1061.714 rows=8404 loops=1)
                          Filter: ((kind_id = 7) AND (production_year = 1983))
                          Rows Removed by Filter: 2519908
Planning time: 1.216 ms
Execution time: 15510.110 ms
