Seq Scan on movie_keyword mk  (cost=0.00..81003.12 rows=246 width=0) (actual time=0.395..1119.992 rows=268 loops=1)
  Filter: (keyword_id = 1620)
  Rows Removed by Filter: 4523662
Planning time: 0.386 ms
Execution time: 1120.190 ms
