Hash Join  (cost=114204.45..913909.68 rows=411399 width=0) (actual time=2138.950..21263.389 rows=746805 loops=1)
  Hash Cond: (ci.movie_id = t.id)
  ->  Seq Scan on cast_info ci  (cost=0.00..705507.15 rows=24022411 width=4) (actual time=0.021..13565.846 rows=24130698 loops=1)
        Filter: (role_id < 4)
        Rows Removed by Filter: 12113646
  ->  Hash  (cost=113663.17..113663.17 rows=43303 width=8) (actual time=2138.520..2138.520 rows=39072 loops=1)
        Buckets: 65536  Batches: 1  Memory Usage: 2039kB
        ->  Hash Join  (cost=75227.65..113663.17 rows=43303 width=8) (actual time=1251.636..2126.051 rows=39072 loops=1)
              Hash Cond: (mi_idx.movie_id = t.id)
              ->  Seq Scan on movie_info_idx mi_idx  (cost=0.00..21735.35 rows=1380035 width=4) (actual time=0.014..422.526 rows=1380035 loops=1)
              ->  Hash  (cost=73925.90..73925.90 rows=79340 width=4) (actual time=1250.465..1250.465 rows=92312 loops=1)
                    Buckets: 131072  Batches: 2  Memory Usage: 2648kB
                    ->  Seq Scan on title t  (cost=0.00..73925.90 rows=79340 width=4) (actual time=0.013..1215.807 rows=92312 loops=1)
                          Filter: ((kind_id > 1) AND (production_year = 2006))
                          Rows Removed by Filter: 2436000
Planning time: 1.256 ms
Execution time: 21363.813 ms
