Hash Join  (cost=97835.13..251603.51 rows=2607334 width=0) (actual time=3325.934..5814.248 rows=626680 loops=1)
  Hash Cond: (mk.movie_id = t.id)
  ->  Seq Scan on movie_keyword mk  (cost=0.00..69693.30 rows=4523930 width=4) (actual time=0.023..1477.720 rows=4523930 loops=1)
  ->  Hash  (cost=73925.90..73925.90 rows=1457298 width=4) (actual time=2008.749..2008.749 rows=1438183 loops=1)
        Buckets: 131072  Batches: 32  Memory Usage: 2610kB
        ->  Seq Scan on title t  (cost=0.00..73925.90 rows=1457298 width=4) (actual time=0.014..1542.776 rows=1438183 loops=1)
              Filter: ((production_year < 2013) AND (kind_id = 7))
              Rows Removed by Filter: 1090129
Planning time: 0.781 ms
Execution time: 5888.660 ms
