Seq Scan on movie_companies mc  (cost=0.00..57926.93 rows=984496 width=0) (actual time=0.350..922.460 rows=1144865 loops=1)
  Filter: ((company_id > 1056) AND (company_type_id = 2))
  Rows Removed by Filter: 1464264
Planning time: 0.400 ms
Execution time: 1068.859 ms
