Hash Join  (cost=540502.89..1917550.88 rows=29005386 width=0) (actual time=10065.148..59622.618 rows=56005739 loops=1)
  Hash Cond: (ci.movie_id = t.id)
  ->  Seq Scan on cast_info ci  (cost=0.00..614943.12 rows=36225612 width=4) (actual time=0.021..11841.015 rows=36244344 loops=1)
  ->  Hash  (cost=507286.90..507286.90 rows=2024559 width=8) (actual time=10064.295..10064.295 rows=2076341 loops=1)
        Buckets: 131072  Batches: 32  Memory Usage: 3566kB
        ->  Hash Join  (cost=94978.31..507286.90 rows=2024559 width=8) (actual time=3584.525..9505.485 rows=2076341 loops=1)
              Hash Cond: (mi.movie_id = t.id)
              ->  Seq Scan on movie_info mi  (cost=0.00..346232.03 rows=3068194 width=4) (actual time=1772.520..5333.911 rows=3036719 loops=1)
                    Filter: (info_type_id = 16)
                    Rows Removed by Filter: 11799001
              ->  Hash  (cost=67604.59..67604.59 rows=1668458 width=4) (actual time=1810.438..1810.438 rows=1671292 loops=1)
                    Buckets: 131072  Batches: 32  Memory Usage: 2867kB
                    ->  Seq Scan on title t  (cost=0.00..67604.59 rows=1668458 width=4) (actual time=0.032..1257.342 rows=1671292 loops=1)
                          Filter: (production_year < 2008)
                          Rows Removed by Filter: 857020
Planning time: 1.166 ms
Execution time: 66175.393 ms
