Seq Scan on movie_keyword mk  (cost=0.00..81003.12 rows=246 width=0) (actual time=3.080..1032.976 rows=118 loops=1)
  Filter: (keyword_id = 14160)
  Rows Removed by Filter: 4523812
Planning time: 0.307 ms
Execution time: 1033.125 ms
