Seq Scan on movie_companies mc  (cost=0.00..57926.93 rows=53 width=0) (actual time=160.011..707.407 rows=529 loops=1)
  Filter: ((company_id = 390) AND (company_type_id = 2))
  Rows Removed by Filter: 2608600
Planning time: 0.357 ms
Execution time: 707.620 ms
