Seq Scan on cast_info ci  (cost=0.00..705507.15 rows=33577288 width=0) (actual time=0.021..12619.821 rows=33554225 loops=1)
  Filter: (person_id < 3545356)
  Rows Removed by Filter: 2690119
Planning time: 0.341 ms
Execution time: 16769.140 ms
