Hash Join  (cost=1171931.84..2043393.01 rows=29798963 width=0) (actual time=30945.967..66802.607 rows=86053941 loops=1)
  Hash Cond: (mi.movie_id = t.id)
  ->  Seq Scan on movie_info mi  (cost=0.00..309384.22 rows=14739122 width=4) (actual time=0.014..5269.763 rows=14835720 loops=1)
  ->  Hash  (cost=1088060.92..1088060.92 rows=5112074 width=8) (actual time=30943.359..30943.359 rows=6006465 loops=1)
        Buckets: 131072  Batches: 128  Memory Usage: 2893kB
        ->  Hash Join  (cost=83580.70..1088060.92 rows=5112074 width=8) (actual time=2315.510..28985.595 rows=6006465 loops=1)
              Hash Cond: (ci.movie_id = t.id)
              ->  Seq Scan on cast_info ci  (cost=0.00..796071.18 rows=13274212 width=4) (actual time=862.362..15295.337 rows=19199505 loops=1)
                    Filter: ((person_id > 1545547) AND (role_id > 1))
                    Rows Removed by Filter: 17044839
              ->  Hash  (cost=67604.59..67604.59 rows=973769 width=4) (actual time=1451.957..1451.957 rows=971188 loops=1)
                    Buckets: 131072  Batches: 16  Memory Usage: 3161kB
                    ->  Seq Scan on title t  (cost=0.00..67604.59 rows=973769 width=4) (actual time=0.022..1143.343 rows=971188 loops=1)
                          Filter: (production_year < 1999)
                          Rows Removed by Filter: 1557124
Planning time: 1.161 ms
Execution time: 76441.061 ms
