Seq Scan on movie_keyword mk  (cost=0.00..81003.12 rows=1281781 width=0) (actual time=0.022..1226.623 rows=1293455 loops=1)
  Filter: (keyword_id < 1680)
  Rows Removed by Filter: 3230475
Planning time: 0.312 ms
Execution time: 1393.085 ms
