Hash Join  (cost=94699.36..913013.53 rows=9481 width=0) (actual time=1450.181..15602.804 rows=29658 loops=1)
  Hash Cond: (ci.movie_id = t.id)
  ->  Seq Scan on cast_info ci  (cost=0.00..796071.18 rows=5906181 width=4) (actual time=0.016..12780.037 rows=8475858 loops=1)
        Filter: ((person_id > 1850338) AND (role_id > 3))
        Rows Removed by Filter: 27768486
  ->  Hash  (cost=94648.62..94648.62 rows=4059 width=8) (actual time=1450.100..1450.100 rows=7031 loops=1)
        Buckets: 8192 (originally 4096)  Batches: 1 (originally 1)  Memory Usage: 339kB
        ->  Hash Join  (cost=67697.55..94648.62 rows=4059 width=8) (actual time=866.070..1447.032 rows=7031 loops=1)
              Hash Cond: (mi_idx.movie_id = t.id)
              ->  Seq Scan on movie_info_idx mi_idx  (cost=0.00..21735.35 rows=1380035 width=4) (actual time=0.018..264.591 rows=1380035 loops=1)
              ->  Hash  (cost=67604.59..67604.59 rows=7437 width=4) (actual time=864.004..864.004 rows=11121 loops=1)
                    Buckets: 16384 (originally 8192)  Batches: 1 (originally 1)  Memory Usage: 519kB
                    ->  Seq Scan on title t  (cost=0.00..67604.59 rows=7437 width=4) (actual time=0.127..858.382 rows=11121 loops=1)
                          Filter: (production_year = 1960)
                          Rows Removed by Filter: 2517191
Planning time: 1.162 ms
Execution time: 15607.591 ms
