Seq Scan on cast_info ci  (cost=0.00..705507.15 rows=15760891 width=0) (actual time=0.024..10585.801 rows=15651991 loops=1)
  Filter: (person_id < 1545324)
  Rows Removed by Filter: 20592353
Planning time: 0.319 ms
Execution time: 12468.600 ms
