Seq Scan on cast_info ci  (cost=0.00..796071.18 rows=3650832 width=0) (actual time=2450.428..10685.380 rows=4040700 loops=1)
  Filter: ((person_id < 434815) AND (role_id < 8))
  Rows Removed by Filter: 32203644
Planning time: 0.342 ms
Execution time: 11123.136 ms
