Seq Scan on movie_keyword mk  (cost=0.00..81003.12 rows=246 width=0) (actual time=4.894..1235.567 rows=181 loops=1)
  Filter: (keyword_id = 362)
  Rows Removed by Filter: 4523749
Planning time: 0.371 ms
Execution time: 1235.780 ms
