Hash Join  (cost=114053.05..201995.04 rows=128395 width=0) (actual time=2135.182..3919.690 rows=117364 loops=1)
  Hash Cond: (mk.movie_id = t.id)
  ->  Seq Scan on movie_keyword mk  (cost=0.00..69693.30 rows=4523930 width=4) (actual time=0.008..935.206 rows=4523930 loops=1)
  ->  Hash  (cost=113156.01..113156.01 rows=71763 width=8) (actual time=2134.405..2134.405 rows=37696 loops=1)
        Buckets: 131072  Batches: 1  Memory Usage: 2497kB
        ->  Hash Join  (cost=80384.28..113156.01 rows=71763 width=8) (actual time=1345.806..2118.895 rows=37696 loops=1)
              Hash Cond: (mi_idx.movie_id = t.id)
              ->  Seq Scan on movie_info_idx mi_idx  (cost=0.00..25185.44 rows=460978 width=4) (actual time=0.019..482.584 rows=459925 loops=1)
                    Filter: (info_type_id < 100)
                    Rows Removed by Filter: 920110
              ->  Hash  (cost=73925.90..73925.90 rows=393630 width=4) (actual time=1344.959..1344.959 rows=401187 loops=1)
                    Buckets: 131072  Batches: 8  Memory Usage: 2794kB
                    ->  Seq Scan on title t  (cost=0.00..73925.90 rows=393630 width=4) (actual time=0.015..1214.065 rows=401187 loops=1)
                          Filter: ((kind_id > 1) AND (production_year > 2009))
                          Rows Removed by Filter: 2127125
Planning time: 2.745 ms
Execution time: 3935.201 ms
