Hash Join  (cost=175988.31..300907.10 rows=239375 width=0) (actual time=3082.094..5768.879 rows=190125 loops=1)
  Hash Cond: (mk.movie_id = t.id)
  ->  Seq Scan on movie_keyword mk  (cost=0.00..69693.30 rows=4523930 width=4) (actual time=0.015..1319.101 rows=4523930 loops=1)
  ->  Hash  (cost=173792.91..173792.91 rows=133792 width=8) (actual time=3080.154..3080.154 rows=60301 loops=1)
        Buckets: 131072  Batches: 2  Memory Usage: 2212kB
        ->  Hash Join  (cost=102767.86..173792.91 rows=133792 width=8) (actual time=2176.875..3056.866 rows=60301 loops=1)
              Hash Cond: (mc.movie_id = t.id)
              ->  Seq Scan on movie_companies mc  (cost=0.00..57926.93 rows=133792 width=4) (actual time=342.093..754.275 rows=60301 loops=1)
                    Filter: ((company_id < 133) AND (company_type_id = 2))
                    Rows Removed by Filter: 2548828
              ->  Hash  (cost=61283.27..61283.27 rows=2528527 width=4) (actual time=1833.400..1833.400 rows=2528312 loops=1)
                    Buckets: 131072  Batches: 64  Memory Usage: 2415kB
                    ->  Seq Scan on title t  (cost=0.00..61283.27 rows=2528527 width=4) (actual time=0.020..975.688 rows=2528312 loops=1)
Planning time: 1.106 ms
Execution time: 5791.954 ms
