Hash Join  (cost=196966.72..1058389.78 rows=813717 width=0) (actual time=9318.339..22045.734 rows=2634455 loops=1)
  Hash Cond: (ci.movie_id = t.id)
  ->  Seq Scan on cast_info ci  (cost=0.00..705507.15 rows=12726058 width=4) (actual time=5757.839..12536.206 rows=12670688 loops=1)
        Filter: (role_id < 2)
        Rows Removed by Filter: 23573656
  ->  Hash  (cost=194313.76..194313.76 rows=161677 width=8) (actual time=3558.963..3558.963 rows=145468 loops=1)
        Buckets: 131072  Batches: 4  Memory Usage: 2416kB
        ->  Hash Join  (cost=69460.45..194313.76 rows=161677 width=8) (actual time=755.745..3511.160 rows=145468 loops=1)
              Hash Cond: (mk.movie_id = t.id)
              ->  Seq Scan on movie_keyword mk  (cost=0.00..81003.12 rows=3614244 width=4) (actual time=0.031..1593.698 rows=3609579 loops=1)
                    Filter: (keyword_id > 865)
                    Rows Removed by Filter: 914351
              ->  Hash  (cost=67604.59..67604.59 rows=113109 width=4) (actual time=754.593..754.593 rows=119565 loops=1)
                    Buckets: 131072  Batches: 2  Memory Usage: 3121kB
                    ->  Seq Scan on title t  (cost=0.00..67604.59 rows=113109 width=4) (actual time=0.018..710.539 rows=119565 loops=1)
                          Filter: (production_year = 2007)
                          Rows Removed by Filter: 2408747
Planning time: 1.175 ms
Execution time: 22369.477 ms
