Hash Join  (cost=281234.75..1678832.06 rows=31005806 width=0) (actual time=5589.052..43234.700 rows=30538012 loops=1)
  Hash Cond: (ci.movie_id = t.id)
  ->  Seq Scan on cast_info ci  (cost=0.00..614943.12 rows=36225612 width=4) (actual time=0.026..11371.486 rows=36244344 loops=1)
  ->  Hash  (cost=245728.40..245728.40 rows=2164188 width=8) (actual time=5587.436..5587.436 rows=1055455 loops=1)
        Buckets: 131072  Batches: 32  Memory Usage: 2314kB
        ->  Hash Join  (cost=98137.04..245728.40 rows=2164188 width=8) (actual time=1878.627..5302.377 rows=1055455 loops=1)
              Hash Cond: (mk.movie_id = t.id)
              ->  Seq Scan on movie_keyword mk  (cost=0.00..81003.12 rows=2940472 width=4) (actual time=0.021..1578.330 rows=2929413 loops=1)
                    Filter: (keyword_id > 2440)
                    Rows Removed by Filter: 1594517
              ->  Hash  (cost=67604.59..67604.59 rows=1860996 width=4) (actual time=1876.411..1876.411 rows=1865487 loops=1)
                    Buckets: 131072  Batches: 32  Memory Usage: 3085kB
                    ->  Seq Scan on title t  (cost=0.00..67604.59 rows=1860996 width=4) (actual time=0.030..1270.672 rows=1865487 loops=1)
                          Filter: (kind_id > 1)
                          Rows Removed by Filter: 662825
Planning time: 1.032 ms
Execution time: 46783.750 ms
