Hash Join  (cost=168007.03..206615.16 rows=53365 width=0) (actual time=3302.918..3831.804 rows=142732 loops=1)
  Hash Cond: (mi_idx.movie_id = t.id)
  ->  Seq Scan on movie_info_idx mi_idx  (cost=0.00..21735.35 rows=1380035 width=4) (actual time=0.017..353.428 rows=1380035 loops=1)
  ->  Hash  (cost=166402.83..166402.83 rows=97776 width=8) (actual time=2967.177..2967.177 rows=98425 loops=1)
        Buckets: 131072  Batches: 2  Memory Usage: 2954kB
        ->  Hash Join  (cost=102767.86..166402.83 rows=97776 width=8) (actual time=1866.895..2934.825 rows=98425 loops=1)
              Hash Cond: (mc.movie_id = t.id)
              ->  Seq Scan on movie_companies mc  (cost=0.00..51404.11 rows=97776 width=4) (actual time=21.352..637.983 rows=98425 loops=1)
                    Filter: (company_id > 158464)
                    Rows Removed by Filter: 2510704
              ->  Hash  (cost=61283.27..61283.27 rows=2528527 width=4) (actual time=1844.685..1844.685 rows=2528312 loops=1)
                    Buckets: 131072  Batches: 64  Memory Usage: 2415kB
                    ->  Seq Scan on title t  (cost=0.00..61283.27 rows=2528527 width=4) (actual time=0.013..938.735 rows=2528312 loops=1)
Planning time: 0.724 ms
Execution time: 3850.787 ms
