Seq Scan on movie_keyword mk  (cost=0.00..81003.12 rows=246 width=0) (actual time=98.728..1241.022 rows=48 loops=1)
  Filter: (keyword_id = 169)
  Rows Removed by Filter: 4523882
Planning time: 0.365 ms
Execution time: 1241.149 ms
