Seq Scan on cast_info ci  (cost=0.00..796071.18 rows=12820094 width=0) (actual time=0.026..12036.767 rows=11146348 loops=1)
  Filter: ((person_id > 2163004) AND (role_id < 10))
  Rows Removed by Filter: 25097996
Planning time: 0.304 ms
Execution time: 13419.573 ms
