Hash Join  (cost=245338.60..294991.88 rows=697080 width=0) (actual time=5318.112..7202.133 rows=2872410 loops=1)
  Hash Cond: (mi_idx.movie_id = t.id)
  ->  Seq Scan on movie_info_idx mi_idx  (cost=0.00..21735.35 rows=1380035 width=4) (actual time=0.023..492.673 rows=1380035 loops=1)
  ->  Hash  (cost=224383.55..224383.55 rows=1277204 width=8) (actual time=5316.557..5316.557 rows=1284969 loops=1)
        Buckets: 131072  Batches: 32  Memory Usage: 2583kB
        ->  Hash Join  (cost=102767.86..224383.55 rows=1277204 width=8) (actual time=2059.546..4950.868 rows=1284969 loops=1)
              Hash Cond: (mk.movie_id = t.id)
              ->  Seq Scan on movie_keyword mk  (cost=0.00..81003.12 rows=1277204 width=4) (actual time=0.023..1490.705 rows=1284969 loops=1)
                    Filter: (keyword_id > 13751)
                    Rows Removed by Filter: 3238961
              ->  Hash  (cost=61283.27..61283.27 rows=2528527 width=4) (actual time=2057.573..2057.573 rows=2528312 loops=1)
                    Buckets: 131072  Batches: 64  Memory Usage: 2425kB
                    ->  Seq Scan on title t  (cost=0.00..61283.27 rows=2528527 width=4) (actual time=0.017..1201.975 rows=2528312 loops=1)
Planning time: 1.089 ms
Execution time: 7505.604 ms
