Seq Scan on movie_keyword mk  (cost=0.00..81003.12 rows=246 width=0) (actual time=10.539..1299.050 rows=122 loops=1)
  Filter: (keyword_id = 7703)
  Rows Removed by Filter: 4523808
Planning time: 0.387 ms
Execution time: 1299.241 ms
