Hash Join  (cost=316577.58..1469771.17 rows=16355680 width=0) (actual time=8001.572..39128.945 rows=38910677 loops=1)
  Hash Cond: (ci.movie_id = t.id)
  ->  Seq Scan on cast_info ci  (cost=0.00..796071.18 rows=12872097 width=4) (actual time=0.019..15190.483 rows=8620613 loops=1)
        Filter: ((person_id < 2922191) AND (role_id > 2))
        Rows Removed by Filter: 27623731
  ->  Hash  (cost=263866.28..263866.28 rows=3212824 width=8) (actual time=7999.011..7999.011 rows=3815930 loops=1)
        Buckets: 131072  Batches: 64  Memory Usage: 3370kB
        ->  Hash Join  (cost=97066.09..263866.28 rows=3212824 width=8) (actual time=1924.259..6837.425 rows=3815930 loops=1)
              Hash Cond: (mk.movie_id = t.id)
              ->  Seq Scan on movie_keyword mk  (cost=0.00..69693.30 rows=4523930 width=4) (actual time=1.230..1451.631 rows=4523930 loops=1)
              ->  Hash  (cost=67604.59..67604.59 rows=1795720 width=4) (actual time=1922.027..1922.027 rows=1794153 loops=1)
                    Buckets: 131072  Batches: 32  Memory Usage: 3001kB
                    ->  Seq Scan on title t  (cost=0.00..67604.59 rows=1795720 width=4) (actual time=0.011..1335.593 rows=1794153 loops=1)
                          Filter: (production_year < 2009)
                          Rows Removed by Filter: 734159
Planning time: 1.133 ms
Execution time: 43195.100 ms
