Hash Join  (cost=144620.30..1338782.20 rows=7105053 width=0) (actual time=3143.945..41514.638 rows=14023402 loops=1)
  Hash Cond: (ci.movie_id = t.id)
  ->  Seq Scan on cast_info ci  (cost=0.00..705507.15 rows=35948052 width=4) (actual time=0.021..17057.548 rows=35939707 loops=1)
        Filter: (person_id < 4006388)
        Rows Removed by Filter: 304637
  ->  Hash  (cost=136420.32..136420.32 rows=499758 width=8) (actual time=3143.083..3143.083 rows=442628 loops=1)
        Buckets: 131072  Batches: 8  Memory Usage: 3181kB
        ->  Hash Join  (cost=90260.67..136420.32 rows=499758 width=8) (actual time=1641.394..3002.995 rows=442628 loops=1)
              Hash Cond: (mi_idx.movie_id = t.id)
              ->  Seq Scan on movie_info_idx mi_idx  (cost=0.00..25185.44 rows=915101 width=4) (actual time=0.014..500.408 rows=919850 loops=1)
                    Filter: (info_type_id < 101)
                    Rows Removed by Filter: 460185
              ->  Hash  (cost=67604.59..67604.59 rows=1380887 width=4) (actual time=1639.697..1639.697 rows=1381453 loops=1)
                    Buckets: 131072  Batches: 32  Memory Usage: 2543kB
                    ->  Seq Scan on title t  (cost=0.00..67604.59 rows=1380887 width=4) (actual time=0.011..1191.695 rows=1381453 loops=1)
                          Filter: (production_year > 2000)
                          Rows Removed by Filter: 1146859
Planning time: 1.144 ms
Execution time: 43207.216 ms
