Seq Scan on movie_keyword mk  (cost=0.00..81003.12 rows=2370882 width=0) (actual time=0.010..1521.360 rows=2363478 loops=1)
  Filter: (keyword_id > 4110)
  Rows Removed by Filter: 2160452
Planning time: 0.312 ms
Execution time: 1805.746 ms
