Hash Join  (cost=227829.61..763421.04 rows=5228150 width=0) (actual time=5530.447..34395.869 rows=55233729 loops=1)
  Hash Cond: (mi.movie_id = t.id)
  ->  Seq Scan on movie_info mi  (cost=0.00..309384.22 rows=14739122 width=4) (actual time=0.012..6139.085 rows=14835720 loops=1)
  ->  Hash  (cost=213114.36..213114.36 rows=896900 width=8) (actual time=5528.853..5528.853 rows=1247793 loops=1)
        Buckets: 131072 (originally 131072)  Batches: 32 (originally 16)  Memory Usage: 3073kB
        ->  Hash Join  (cost=77561.16..213114.36 rows=896900 width=8) (actual time=1417.695..5142.948 rows=1247793 loops=1)
              Hash Cond: (mk.movie_id = t.id)
              ->  Seq Scan on movie_keyword mk  (cost=0.00..81003.12 rows=3737087 width=4) (actual time=0.029..1783.687 rows=3733700 loops=1)
                    Filter: (keyword_id > 750)
                    Rows Removed by Filter: 790230
              ->  Hash  (cost=67604.59..67604.59 rows=606846 width=4) (actual time=1416.377..1416.377 rows=603411 loops=1)
                    Buckets: 131072  Batches: 8  Memory Usage: 3675kB
                    ->  Seq Scan on title t  (cost=0.00..67604.59 rows=606846 width=4) (actual time=0.030..1220.859 rows=603411 loops=1)
                          Filter: (production_year < 1986)
                          Rows Removed by Filter: 1924901
Planning time: 1.122 ms
Execution time: 40563.260 ms
