Hash Join  (cost=78306.32..435798.55 rows=85495 width=0) (actual time=3518.231..7266.558 rows=180022 loops=1)
  Hash Cond: (mi.movie_id = t.id)
  ->  Seq Scan on movie_info mi  (cost=0.00..346232.03 rows=809669 width=4) (actual time=2247.959..5543.414 rows=802140 loops=1)
        Filter: (info_type_id = 1)
        Rows Removed by Filter: 14033580
  ->  Hash  (cost=73925.90..73925.90 rows=266993 width=4) (actual time=1256.272..1256.272 rows=216282 loops=1)
        Buckets: 131072  Batches: 4  Memory Usage: 2934kB
        ->  Seq Scan on title t  (cost=0.00..73925.90 rows=266993 width=4) (actual time=16.656..1160.863 rows=216282 loops=1)
              Filter: ((production_year > 2005) AND (kind_id = 1))
              Rows Removed by Filter: 2312030
Planning time: 0.875 ms
Execution time: 7288.513 ms
