Hash Join  (cost=222293.10..591100.13 rows=446754 width=0) (actual time=6225.278..10720.336 rows=144708 loops=1)
  Hash Cond: (mi.movie_id = t.id)
  ->  Seq Scan on movie_info mi  (cost=0.00..346232.03 rows=1264125 width=4) (actual time=1438.563..5309.019 rows=1288928 loops=1)
        Filter: (info_type_id = 2)
        Rows Removed by Filter: 13546792
  ->  Hash  (cost=207632.02..207632.02 rows=893606 width=8) (actual time=4772.693..4772.693 rows=230367 loops=1)
        Buckets: 131072  Batches: 16  Memory Usage: 1604kB
        ->  Hash Join  (cost=92883.59..207632.02 rows=893606 width=8) (actual time=3636.048..4703.304 rows=230367 loops=1)
              Hash Cond: (mk.movie_id = t.id)
              ->  Seq Scan on movie_keyword mk  (cost=0.00..81003.12 rows=1466450 width=4) (actual time=0.042..1382.091 rows=1477988 loops=1)
                    Filter: (keyword_id > 11109)
                    Rows Removed by Filter: 3045942
              ->  Hash  (cost=67604.59..67604.59 rows=1540800 width=4) (actual time=2325.240..2325.240 rows=1543264 loops=1)
                    Buckets: 131072  Batches: 32  Memory Usage: 2728kB
                    ->  Seq Scan on title t  (cost=0.00..67604.59 rows=1540800 width=4) (actual time=0.023..1145.431 rows=1543264 loops=1)
                          Filter: (kind_id = 7)
                          Rows Removed by Filter: 985048
Planning time: 1.156 ms
Execution time: 10737.915 ms
