Hash Join  (cost=150954.50..516146.13 rows=53572 width=0) (actual time=2603.960..9632.489 rows=54871 loops=1)
  Hash Cond: (mi.movie_id = t.id)
  ->  Seq Scan on movie_info mi  (cost=0.00..309384.22 rows=14739122 width=4) (actual time=0.013..4227.410 rows=14835720 loops=1)
  ->  Hash  (cost=150839.62..150839.62 rows=9190 width=8) (actual time=2602.986..2602.986 rows=3288 loops=1)
        Buckets: 16384  Batches: 1  Memory Usage: 257kB
        ->  Hash Join  (cost=68438.72..150839.62 rows=9190 width=8) (actual time=1237.417..2601.201 rows=3288 loops=1)
              Hash Cond: (mk.movie_id = t.id)
              ->  Seq Scan on movie_keyword mk  (cost=0.00..81003.12 rows=348233 width=4) (actual time=0.032..1279.304 rows=362095 loops=1)
                    Filter: (keyword_id < 333)
                    Rows Removed by Filter: 4161835
              ->  Hash  (cost=67604.59..67604.59 rows=66731 width=4) (actual time=1236.674..1236.674 rows=67342 loops=1)
                    Buckets: 131072  Batches: 1  Memory Usage: 3392kB
                    ->  Seq Scan on title t  (cost=0.00..67604.59 rows=66731 width=4) (actual time=0.022..1209.233 rows=67342 loops=1)
                          Filter: (production_year > 2012)
                          Rows Removed by Filter: 2460970
Planning time: 1.184 ms
Execution time: 9641.774 ms
