Seq Scan on movie_keyword mk  (cost=0.00..81003.12 rows=3728823 width=0) (actual time=0.025..1506.214 rows=3728623 loops=1)
  Filter: (keyword_id > 764)
  Rows Removed by Filter: 795307
Planning time: 0.313 ms
Execution time: 1953.763 ms
