Hash Join  (cost=344912.45..1126496.05 rows=23102395 width=0) (actual time=8777.886..66950.071 rows=209359341 loops=1)
  Hash Cond: (mi.movie_id = t.id)
  ->  Seq Scan on movie_info mi  (cost=0.00..309384.22 rows=14739122 width=4) (actual time=0.016..6638.041 rows=14835720 loops=1)
  ->  Hash  (cost=279889.65..279889.65 rows=3963264 width=8) (actual time=8775.850..8775.850 rows=3757120 loops=1)
        Buckets: 131072  Batches: 64  Memory Usage: 3358kB
        ->  Hash Join  (cost=103947.06..279889.65 rows=3963264 width=8) (actual time=2105.084..6794.319 rows=3757120 loops=1)
              Hash Cond: (mk.movie_id = t.id)
              ->  Seq Scan on movie_keyword mk  (cost=0.00..69693.30 rows=4523930 width=4) (actual time=0.026..1423.693 rows=4523930 loops=1)
              ->  Hash  (cost=67604.59..67604.59 rows=2215158 width=4) (actual time=2103.385..2103.385 rows=2203697 loops=1)
                    Buckets: 131072  Batches: 32  Memory Usage: 3457kB
                    ->  Seq Scan on title t  (cost=0.00..67604.59 rows=2215158 width=4) (actual time=0.025..1386.758 rows=2203697 loops=1)
                          Filter: (production_year > 1960)
                          Rows Removed by Filter: 324615
Planning time: 1.137 ms
Execution time: 89169.204 ms
