Seq Scan on cast_info ci  (cost=0.00..796071.18 rows=13561470 width=0) (actual time=194.095..15656.110 rows=18718795 loops=1)
  Filter: ((person_id < 2517627) AND (role_id < 3))
  Rows Removed by Filter: 17525549
Planning time: 0.400 ms
Execution time: 17953.057 ms
