Hash Join  (cost=129893.11..496745.92 rows=219688 width=0) (actual time=2313.183..10222.560 rows=255996 loops=1)
  Hash Cond: (mi.movie_id = t.id)
  ->  Seq Scan on movie_info mi  (cost=0.00..309384.22 rows=14739122 width=4) (actual time=0.010..4212.354 rows=14835720 loops=1)
  ->  Hash  (cost=129422.01..129422.01 rows=37688 width=8) (actual time=2312.438..2312.438 rows=24933 loops=1)
        Buckets: 65536  Batches: 1  Memory Usage: 1486kB
        ->  Hash Join  (cost=70308.29..129422.01 rows=37688 width=8) (actual time=1221.672..2302.508 rows=24933 loops=1)
              Hash Cond: (mc.movie_id = t.id)
              ->  Seq Scan on movie_companies mc  (cost=0.00..51404.11 rows=578329 width=4) (actual time=0.023..803.065 rows=574727 loops=1)
                    Filter: (company_id < 624)
                    Rows Removed by Filter: 2034402
              ->  Hash  (cost=67604.59..67604.59 rows=164776 width=4) (actual time=1220.496..1220.496 rows=164307 loops=1)
                    Buckets: 131072  Batches: 4  Memory Usage: 2482kB
                    ->  Seq Scan on title t  (cost=0.00..67604.59 rows=164776 width=4) (actual time=0.014..1162.365 rows=164307 loops=1)
                          Filter: (production_year = 2012)
                          Rows Removed by Filter: 2364005
Planning time: 1.141 ms
Execution time: 10259.095 ms
