Hash Join  (cost=80562.70..1048559.09 rows=3590892 width=0) (actual time=2761.902..25180.062 rows=3737138 loops=1)
  Hash Cond: (ci.movie_id = t.id)
  ->  Seq Scan on cast_info ci  (cost=0.00..796071.18 rows=11496611 width=4) (actual time=1393.635..16659.538 rows=12670688 loops=1)
        Filter: ((person_id < 3424609) AND (role_id < 2))
        Rows Removed by Filter: 23573656
  ->  Hash  (cost=67604.59..67604.59 rows=789769 width=4) (actual time=1367.078..1367.078 rows=784926 loops=1)
        Buckets: 131072  Batches: 16  Memory Usage: 2749kB
        ->  Seq Scan on title t  (cost=0.00..67604.59 rows=789769 width=4) (actual time=0.032..1118.995 rows=784926 loops=1)
              Filter: (production_year > 2007)
              Rows Removed by Filter: 1743386
Planning time: 0.490 ms
Execution time: 25598.201 ms
