Hash Join  (cost=102702.86..1257882.19 rows=17551755 width=0) (actual time=2065.322..35772.772 rows=19026513 loops=1)
  Hash Cond: (ci.movie_id = t.id)
  ->  Seq Scan on cast_info ci  (cost=0.00..705507.15 rows=20745125 width=4) (actual time=0.029..14472.585 rows=20893507 loops=1)
        Filter: (person_id > 1512932)
        Rows Removed by Filter: 15350837
  ->  Hash  (cost=67604.59..67604.59 rows=2139302 width=4) (actual time=2064.202..2064.202 rows=2132973 loops=1)
        Buckets: 131072  Batches: 32  Memory Usage: 3371kB
        ->  Seq Scan on title t  (cost=0.00..67604.59 rows=2139302 width=4) (actual time=0.020..1405.752 rows=2132973 loops=1)
              Filter: (production_year > 1966)
              Rows Removed by Filter: 395339
Planning time: 0.782 ms
Execution time: 37785.067 ms
