Hash Join  (cost=102767.86..275125.76 rows=3386017 width=0) (actual time=1948.123..6444.784 rows=3377349 loops=1)
  Hash Cond: (mk.movie_id = t.id)
  ->  Seq Scan on movie_keyword mk  (cost=0.00..81003.12 rows=3386017 width=4) (actual time=0.021..1768.859 rows=3377349 loops=1)
        Filter: (keyword_id > 1311)
        Rows Removed by Filter: 1146581
  ->  Hash  (cost=61283.27..61283.27 rows=2528527 width=4) (actual time=1945.955..1945.955 rows=2528312 loops=1)
        Buckets: 131072  Batches: 64  Memory Usage: 2425kB
        ->  Seq Scan on title t  (cost=0.00..61283.27 rows=2528527 width=4) (actual time=0.023..1059.859 rows=2528312 loops=1)
Planning time: 0.741 ms
Execution time: 6811.815 ms
