Hash Join  (cost=949789.06..1103647.65 rows=1775118 width=0) (actual time=13759.507..18454.032 rows=3960926 loops=1)
  Hash Cond: (mk.movie_id = t.id)
  ->  Seq Scan on movie_keyword mk  (cost=0.00..81003.12 rows=4422742 width=4) (actual time=0.014..1853.337 rows=4412394 loops=1)
        Filter: (keyword_id > 108)
        Rows Removed by Filter: 111536
  ->  Hash  (cost=933138.40..933138.40 rows=1014853 width=8) (actual time=13758.107..13758.107 rows=486234 loops=1)
        Buckets: 131072  Batches: 16  Memory Usage: 2220kB
        ->  Hash Join  (cost=102767.86..933138.40 rows=1014853 width=8) (actual time=7635.007..13617.126 rows=486234 loops=1)
              Hash Cond: (ci.movie_id = t.id)
              ->  Seq Scan on cast_info ci  (cost=0.00..796071.18 rows=1014853 width=4) (actual time=5842.332..10643.740 rows=486234 loops=1)
                    Filter: ((person_id < 460920) AND (role_id > 7))
                    Rows Removed by Filter: 35758110
              ->  Hash  (cost=61283.27..61283.27 rows=2528527 width=4) (actual time=1791.473..1791.473 rows=2528312 loops=1)
                    Buckets: 131072  Batches: 64  Memory Usage: 2415kB
                    ->  Seq Scan on title t  (cost=0.00..61283.27 rows=2528527 width=4) (actual time=0.022..983.769 rows=2528312 loops=1)
Planning time: 0.691 ms
Execution time: 18910.177 ms
