Nested Loop  (cost=0.43..52283.95 rows=5 width=0) (actual time=60.634..787.388 rows=6 loops=1)
  ->  Seq Scan on movie_companies mc  (cost=0.00..51404.11 rows=104 width=4) (actual time=57.580..780.522 rows=122 loops=1)
        Filter: (company_id = 12597)
        Rows Removed by Filter: 2609007
  ->  Index Scan using title_pkey on title t  (cost=0.43..8.45 rows=1 width=4) (actual time=0.054..0.054 rows=0 loops=122)
        Index Cond: (id = mc.movie_id)
        Filter: (production_year = 2009)
        Rows Removed by Filter: 1
Planning time: 0.732 ms
Execution time: 787.508 ms
