Seq Scan on movie_keyword mk  (cost=0.00..81003.12 rows=2554229 width=0) (actual time=0.027..807.023 rows=2548979 loops=1)
  Filter: (keyword_id > 3465)
  Rows Removed by Filter: 1974951
Planning time: 0.326 ms
Execution time: 1001.618 ms
