Hash Join  (cost=644544.80..2138753.36 rows=31292737 width=0) (actual time=17563.976..85100.003 rows=152054949 loops=1)
  Hash Cond: (ci.movie_id = t.id)
  ->  Seq Scan on cast_info ci  (cost=0.00..705507.15 rows=26043802 width=4) (actual time=0.014..15889.492 rows=26251657 loops=1)
        Filter: (person_id > 983415)
        Rows Removed by Filter: 9992687
  ->  Hash  (cost=594700.14..594700.14 rows=3038133 width=8) (actual time=17561.729..17561.729 rows=4762300 loops=1)
        Buckets: 131072 (originally 131072)  Batches: 128 (originally 64)  Memory Usage: 3857kB
        ->  Hash Join  (cost=82476.88..594700.14 rows=3038133 width=8) (actual time=1351.802..16126.383 rows=4762300 loops=1)
              Hash Cond: (mi.movie_id = t.id)
              ->  Seq Scan on movie_info mi  (cost=0.00..309384.22 rows=14739122 width=4) (actual time=0.020..6091.049 rows=14835720 loops=1)
              ->  Hash  (cost=73925.90..73925.90 rows=521198 width=4) (actual time=1350.890..1350.890 rows=403873 loops=1)
                    Buckets: 131072  Batches: 8  Memory Usage: 2805kB
                    ->  Seq Scan on title t  (cost=0.00..73925.90 rows=521198 width=4) (actual time=0.029..1214.668 rows=403873 loops=1)
                          Filter: ((kind_id < 4) AND (production_year > 1997))
                          Rows Removed by Filter: 2124439
Planning time: 1.178 ms
Execution time: 100738.369 ms
