Seq Scan on cast_info ci  (cost=0.00..796071.18 rows=997155 width=0) (actual time=1573.282..13025.440 rows=1369755 loops=1)
  Filter: ((person_id > 2339106) AND (role_id = 4))
  Rows Removed by Filter: 34874589
Planning time: 3.225 ms
Execution time: 13191.406 ms
