Seq Scan on cast_info ci  (cost=0.00..796071.18 rows=600138 width=0) (actual time=3971.315..12332.491 rows=850049 loops=1)
  Filter: ((person_id > 2418642) AND (role_id = 8))
  Rows Removed by Filter: 35394295
Planning time: 0.447 ms
Execution time: 12435.961 ms
