Hash Join  (cost=102767.86..200620.46 rows=289691 width=0) (actual time=1941.434..3767.628 rows=286029 loops=1)
  Hash Cond: (mk.movie_id = t.id)
  ->  Seq Scan on movie_keyword mk  (cost=0.00..81003.12 rows=289691 width=4) (actual time=0.032..1253.933 rows=286029 loops=1)
        Filter: (keyword_id > 55859)
        Rows Removed by Filter: 4237901
  ->  Hash  (cost=61283.27..61283.27 rows=2528527 width=4) (actual time=1940.103..1940.103 rows=2528312 loops=1)
        Buckets: 131072  Batches: 64  Memory Usage: 2425kB
        ->  Seq Scan on title t  (cost=0.00..61283.27 rows=2528527 width=4) (actual time=0.008..1091.442 rows=2528312 loops=1)
Planning time: 0.723 ms
Execution time: 3799.423 ms
