Hash Join  (cost=75195.76..870692.98 rows=231159 width=0) (actual time=8125.000..17858.991 rows=312347 loops=1)
  Hash Cond: (ci.movie_id = t.id)
  ->  Seq Scan on cast_info ci  (cost=0.00..705507.15 rows=7556663 width=4) (actual time=6838.591..13747.540 rows=7436237 loops=1)
        Filter: (role_id > 7)
        Rows Removed by Filter: 28808107
  ->  Hash  (cost=73925.90..73925.90 rows=77348 width=4) (actual time=1285.227..1285.227 rows=84109 loops=1)
        Buckets: 131072  Batches: 2  Memory Usage: 2509kB
        ->  Seq Scan on title t  (cost=0.00..73925.90 rows=77348 width=4) (actual time=164.634..1253.904 rows=84109 loops=1)
              Filter: ((kind_id = 7) AND (production_year = 2008))
              Rows Removed by Filter: 2444203
Planning time: 0.748 ms
Execution time: 17912.984 ms
