Seq Scan on cast_info ci  (cost=0.00..796071.18 rows=324 width=0) (actual time=2706.603..14187.969 rows=288 loops=1)
  Filter: ((role_id > 1) AND (person_id = 2068034))
  Rows Removed by Filter: 36244056
Planning time: 0.398 ms
Execution time: 14188.135 ms
