Hash Join  (cost=145831.07..652914.71 rows=2556371 width=0) (actual time=3096.189..15885.568 rows=1918358 loops=1)
  Hash Cond: (mi.movie_id = t.id)
  ->  Seq Scan on movie_info mi  (cost=0.00..309384.22 rows=14739122 width=4) (actual time=0.016..6178.376 rows=14835720 loops=1)
  ->  Hash  (cost=138635.18..138635.18 rows=438551 width=8) (actual time=3094.016..3094.016 rows=240328 loops=1)
        Buckets: 131072  Batches: 8  Memory Usage: 2206kB
        ->  Hash Join  (cost=93721.77..138635.18 rows=438551 width=8) (actual time=2167.420..3030.276 rows=240328 loops=1)
              Hash Cond: (mi_idx.movie_id = t.id)
              ->  Seq Scan on movie_info_idx mi_idx  (cost=0.00..25185.44 rows=919057 width=4) (actual time=0.027..496.125 rows=920110 loops=1)
                    Filter: (info_type_id > 99)
                    Rows Removed by Filter: 459925
              ->  Hash  (cost=73925.90..73925.90 rows=1206549 width=4) (actual time=1885.396..1885.396 rows=1293155 loops=1)
                    Buckets: 131072  Batches: 16  Memory Usage: 3876kB
                    ->  Seq Scan on title t  (cost=0.00..73925.90 rows=1206549 width=4) (actual time=0.023..1477.984 rows=1293155 loops=1)
                          Filter: ((production_year > 1977) AND (kind_id = 7))
                          Rows Removed by Filter: 1235157
Planning time: 1.249 ms
Execution time: 16075.692 ms
