Hash Join  (cost=83810.17..191105.01 rows=566471 width=0) (actual time=2145.573..4761.839 rows=1233943 loops=1)
  Hash Cond: (mk.movie_id = t.id)
  ->  Seq Scan on movie_keyword mk  (cost=0.00..81003.12 rows=1450134 width=4) (actual time=0.017..1471.227 rows=1461243 loops=1)
        Filter: (keyword_id > 11360)
        Rows Removed by Filter: 3062687
  ->  Hash  (cost=67604.59..67604.59 rows=987727 width=4) (actual time=2144.574..2144.574 rows=985048 loops=1)
        Buckets: 131072  Batches: 16  Memory Usage: 3197kB
        ->  Seq Scan on title t  (cost=0.00..67604.59 rows=987727 width=4) (actual time=0.039..1245.569 rows=985048 loops=1)
              Filter: (kind_id < 7)
              Rows Removed by Filter: 1543264
Planning time: 0.738 ms
Execution time: 4911.886 ms
