Seq Scan on movie_keyword mk  (cost=0.00..81003.12 rows=246 width=0) (actual time=173.249..1233.639 rows=54 loops=1)
  Filter: (keyword_id = 24381)
  Rows Removed by Filter: 4523876
Planning time: 0.363 ms
Execution time: 1233.744 ms
