Hash Join  (cost=58375.47..409663.02 rows=1 width=0) (actual time=6183.889..6742.957 rows=1 loops=1)
  Hash Cond: (mi.movie_id = t.id)
  ->  Seq Scan on movie_info mi  (cost=0.00..346232.03 rows=1348138 width=4) (actual time=5094.128..5777.468 rows=1298989 loops=1)
        Filter: (info_type_id = 4)
        Rows Removed by Filter: 13536731
  ->  Hash  (cost=58375.45..58375.45 rows=2 width=8) (actual time=790.072..790.072 rows=1 loops=1)
        Buckets: 1024  Batches: 1  Memory Usage: 9kB
        ->  Nested Loop  (cost=0.43..58375.45 rows=2 width=8) (actual time=44.614..790.061 rows=1 loops=1)
              ->  Seq Scan on movie_companies mc  (cost=0.00..57926.93 rows=53 width=4) (actual time=4.428..788.564 rows=56 loops=1)
                    Filter: ((company_id = 18) AND (company_type_id = 2))
                    Rows Removed by Filter: 2609073
              ->  Index Scan using title_pkey on title t  (cost=0.43..8.45 rows=1 width=4) (actual time=0.024..0.024 rows=0 loops=56)
                    Index Cond: (id = mc.movie_id)
                    Filter: ((production_year > 1954) AND (kind_id = 4))
                    Rows Removed by Filter: 1
Planning time: 1.211 ms
Execution time: 6743.082 ms
