Hash Join  (cost=129075.48..256197.01 rows=420149 width=0) (actual time=2850.115..7761.223 rows=5006610 loops=1)
  Hash Cond: (mk.movie_id = t.id)
  ->  Seq Scan on movie_keyword mk  (cost=0.00..69693.30 rows=4523930 width=4) (actual time=0.016..1435.791 rows=4523930 loops=1)
  ->  Hash  (cost=125222.09..125222.09 rows=234831 width=8) (actual time=2849.250..2849.250 rows=419758 loops=1)
        Buckets: 131072 (originally 131072)  Batches: 8 (originally 4)  Memory Usage: 3091kB
        ->  Hash Join  (cost=84571.72..125222.09 rows=234831 width=8) (actual time=1740.452..2719.961 rows=419758 loops=1)
              Hash Cond: (mi_idx.movie_id = t.id)
              ->  Seq Scan on movie_info_idx mi_idx  (cost=0.00..25185.44 rows=915101 width=4) (actual time=0.019..514.154 rows=919850 loops=1)
                    Filter: (info_type_id < 101)
                    Rows Removed by Filter: 460185
              ->  Hash  (cost=73925.90..73925.90 rows=648865 width=4) (actual time=1549.747..1549.747 rows=656311 loops=1)
                    Buckets: 131072  Batches: 16  Memory Usage: 2462kB
                    ->  Seq Scan on title t  (cost=0.00..73925.90 rows=648865 width=4) (actual time=443.474..1350.307 rows=656311 loops=1)
                          Filter: ((production_year > 0) AND (kind_id = 1))
                          Rows Removed by Filter: 1872001
Planning time: 0.925 ms
Execution time: 8278.660 ms
