Hash Join  (cost=559684.19..1917597.67 rows=22734727 width=0) (actual time=13521.721..91246.073 rows=185010057 loops=1)
  Hash Cond: (ci.movie_id = t.id)
  ->  Seq Scan on cast_info ci  (cost=0.00..614943.12 rows=36225612 width=4) (actual time=0.019..13502.947 rows=36244344 loops=1)
  ->  Hash  (cost=533649.31..533649.31 rows=1586871 width=8) (actual time=13520.146..13520.146 rows=2807289 loops=1)
        Buckets: 131072 (originally 131072)  Batches: 64 (originally 32)  Memory Usage: 3073kB
        ->  Hash Join  (cost=82699.12..533649.31 rows=1586871 width=8) (actual time=1593.919..12476.388 rows=2807289 loops=1)
              Hash Cond: (mi.movie_id = t.id)
              ->  Seq Scan on movie_info mi  (cost=0.00..346232.03 rows=7503588 width=4) (actual time=0.028..6932.006 rows=7548855 loops=1)
                    Filter: (info_type_id > 7)
                    Rows Removed by Filter: 7286865
              ->  Hash  (cost=73925.90..73925.90 rows=534737 width=4) (actual time=1425.669..1425.669 rows=408101 loops=1)
                    Buckets: 131072  Batches: 8  Memory Usage: 2834kB
                    ->  Seq Scan on title t  (cost=0.00..73925.90 rows=534737 width=4) (actual time=597.815..1294.146 rows=408101 loops=1)
                          Filter: ((production_year > 1974) AND (kind_id = 1))
                          Rows Removed by Filter: 2120211
Planning time: 1.169 ms
Execution time: 111651.462 ms
