Seq Scan on cast_info ci  (cost=0.00..796071.18 rows=18637360 width=0) (actual time=0.027..15755.961 rows=16021451 loops=1)
  Filter: ((person_id < 2918235) AND (role_id > 1))
  Rows Removed by Filter: 20222893
Planning time: 0.348 ms
Execution time: 17770.226 ms
