Hash Join  (cost=28268.58..779068.49 rows=1077 width=0) (actual time=448.868..15184.987 rows=13372 loops=1)
  Hash Cond: (ci.movie_id = t.id)
  ->  Seq Scan on cast_info ci  (cost=0.00..614943.12 rows=36225612 width=4) (actual time=0.009..8215.837 rows=36244344 loops=1)
  ->  Hash  (cost=28267.64..28267.64 rows=75 width=8) (actual time=448.441..448.441 rows=68 loops=1)
        Buckets: 1024  Batches: 1  Memory Usage: 11kB
        ->  Nested Loop  (cost=0.43..28267.64 rows=75 width=8) (actual time=341.258..448.391 rows=68 loops=1)
              ->  Seq Scan on movie_info_idx mi_idx  (cost=0.00..25185.44 rows=368 width=4) (actual time=341.088..439.736 rows=260 loops=1)
                    Filter: (info_type_id > 101)
                    Rows Removed by Filter: 1379775
              ->  Index Scan using title_pkey on title t  (cost=0.43..8.37 rows=1 width=4) (actual time=0.033..0.033 rows=0 loops=260)
                    Index Cond: (id = mi_idx.movie_id)
                    Filter: ((kind_id < 7) AND (production_year > 2001))
                    Rows Removed by Filter: 1
Planning time: 0.862 ms
Execution time: 15188.986 ms
