Seq Scan on movie_keyword mk  (cost=0.00..81003.12 rows=246 width=0) (actual time=17.426..1202.649 rows=190 loops=1)
  Filter: (keyword_id = 19957)
  Rows Removed by Filter: 4523740
Planning time: 0.377 ms
Execution time: 1202.868 ms
