Hash Join  (cost=102767.86..287536.76 rows=3901771 width=0) (actual time=1815.551..7321.846 rows=3897641 loops=1)
  Hash Cond: (mk.movie_id = t.id)
  ->  Seq Scan on movie_keyword mk  (cost=0.00..81003.12 rows=3901771 width=4) (actual time=0.018..1720.389 rows=3897641 loops=1)
        Filter: (keyword_id < 29318)
        Rows Removed by Filter: 626289
  ->  Hash  (cost=61283.27..61283.27 rows=2528527 width=4) (actual time=1812.264..1812.264 rows=2528312 loops=1)
        Buckets: 131072  Batches: 64  Memory Usage: 2425kB
        ->  Seq Scan on title t  (cost=0.00..61283.27 rows=2528527 width=4) (actual time=0.010..942.162 rows=2528312 loops=1)
Planning time: 0.773 ms
Execution time: 7748.237 ms
