Hash Join  (cost=266631.42..1287975.06 rows=7803743 width=0) (actual time=8347.671..24316.022 rows=11025871 loops=1)
  Hash Cond: (ci.movie_id = t.id)
  ->  Seq Scan on cast_info ci  (cost=0.00..796071.18 rows=10941607 width=4) (actual time=2353.877..12938.516 rows=4660444 loops=1)
        Filter: ((person_id < 1655545) AND (role_id > 1))
        Rows Removed by Filter: 31583900
  ->  Hash  (cost=237044.05..237044.05 rows=1803389 width=8) (actual time=5964.995..5964.995 rows=1808438 loops=1)
        Buckets: 131072  Batches: 32  Memory Usage: 3219kB
        ->  Hash Join  (cost=102767.86..237044.05 rows=1803389 width=8) (actual time=1802.566..5469.025 rows=1808438 loops=1)
              Hash Cond: (mk.movie_id = t.id)
              ->  Seq Scan on movie_keyword mk  (cost=0.00..81003.12 rows=1803389 width=4) (actual time=0.025..1338.051 rows=1808438 loops=1)
                    Filter: (keyword_id < 2935)
                    Rows Removed by Filter: 2715492
              ->  Hash  (cost=61283.27..61283.27 rows=2528527 width=4) (actual time=1801.143..1801.143 rows=2528312 loops=1)
                    Buckets: 131072  Batches: 64  Memory Usage: 2425kB
                    ->  Seq Scan on title t  (cost=0.00..61283.27 rows=2528527 width=4) (actual time=0.014..949.487 rows=2528312 loops=1)
Planning time: 1.161 ms
Execution time: 25499.118 ms
