Seq Scan on movie_keyword mk  (cost=0.00..81003.12 rows=3600885 width=0) (actual time=0.032..1480.704 rows=3593291 loops=1)
  Filter: (keyword_id > 870)
  Rows Removed by Filter: 930639
Planning time: 0.364 ms
Execution time: 1908.496 ms
