Hash Join  (cost=83072.93..874845.01 rows=473 width=0) (actual time=1959.905..17700.092 rows=68 loops=1)
  Hash Cond: (ci.movie_id = t.id)
  ->  Seq Scan on cast_info ci  (cost=0.00..705507.15 rows=23002719 width=4) (actual time=15.177..12650.520 rows=22889559 loops=1)
        Filter: (person_id < 2337246)
        Rows Removed by Filter: 13354785
  ->  Hash  (cost=83072.29..83072.29 rows=52 width=8) (actual time=1332.939..1332.939 rows=7 loops=1)
        Buckets: 1024  Batches: 1  Memory Usage: 9kB
        ->  Nested Loop  (cost=0.43..83072.29 rows=52 width=8) (actual time=194.832..1332.921 rows=7 loops=1)
              ->  Seq Scan on movie_keyword mk  (cost=0.00..81003.12 rows=246 width=4) (actual time=11.658..1328.159 rows=87 loops=1)
                    Filter: (keyword_id = 8103)
                    Rows Removed by Filter: 4523843
              ->  Index Scan using title_pkey on title t  (cost=0.43..8.40 rows=1 width=4) (actual time=0.051..0.051 rows=0 loops=87)
                    Index Cond: (id = mk.movie_id)
                    Filter: (production_year > 2009)
                    Rows Removed by Filter: 1
Planning time: 1.311 ms
Execution time: 17700.319 ms
