Hash Join  (cost=116159.50..916854.26 rows=706430 width=0) (actual time=3679.333..27352.109 rows=2058046 loops=1)
  Hash Cond: (ci.movie_id = t.id)
  ->  Seq Scan on cast_info ci  (cost=0.00..705507.15 rows=23499554 width=4) (actual time=1491.353..15071.648 rows=23573656 loops=1)
        Filter: (role_id > 1)
        Rows Removed by Filter: 12670688
  ->  Hash  (cost=115209.36..115209.36 rows=76011 width=8) (actual time=2186.925..2186.925 rows=168697 loops=1)
        Buckets: 131072 (originally 131072)  Batches: 4 (originally 1)  Memory Usage: 3073kB
        ->  Hash Join  (cost=76211.77..115209.36 rows=76011 width=8) (actual time=1131.909..2140.178 rows=168697 loops=1)
              Hash Cond: (mi_idx.movie_id = t.id)
              ->  Seq Scan on movie_info_idx mi_idx  (cost=0.00..21735.35 rows=1380035 width=4) (actual time=0.025..432.706 rows=1380035 loops=1)
              ->  Hash  (cost=73925.90..73925.90 rows=139269 width=4) (actual time=1130.791..1130.791 rows=239782 loops=1)
                    Buckets: 131072 (originally 131072)  Batches: 4 (originally 2)  Memory Usage: 3133kB
                    ->  Seq Scan on title t  (cost=0.00..73925.90 rows=139269 width=4) (actual time=0.119..1048.753 rows=239782 loops=1)
                          Filter: ((kind_id < 7) AND (production_year < 1969))
                          Rows Removed by Filter: 2288530
Planning time: 1.061 ms
Execution time: 27589.367 ms
