Hash Join  (cost=107587.54..288366.87 rows=4360238 width=0) (actual time=2188.661..7680.225 rows=4493197 loops=1)
  Hash Cond: (mk.movie_id = t.id)
  ->  Seq Scan on movie_keyword mk  (cost=0.00..69693.30 rows=4523930 width=4) (actual time=0.012..1505.172 rows=4523930 loops=1)
  ->  Hash  (cost=67604.59..67604.59 rows=2437036 width=4) (actual time=2187.768..2187.768 rows=2435127 loops=1)
        Buckets: 131072  Batches: 32  Memory Usage: 3709kB
        ->  Seq Scan on title t  (cost=0.00..67604.59 rows=2437036 width=4) (actual time=0.023..1378.874 rows=2435127 loops=1)
              Filter: (production_year > 1908)
              Rows Removed by Filter: 93185
Planning time: 0.726 ms
Execution time: 8233.741 ms
