Seq Scan on cast_info ci  (cost=0.00..705507.15 rows=30698495 width=0) (actual time=0.026..10955.607 rows=30797452 loops=1)
  Filter: (person_id > 525483)
  Rows Removed by Filter: 5446892
Planning time: 0.365 ms
Execution time: 14424.943 ms
