Seq Scan on movie_keyword mk  (cost=0.00..81003.12 rows=2420081 width=0) (actual time=0.021..1454.970 rows=2421806 loops=1)
  Filter: (keyword_id < 5713)
  Rows Removed by Filter: 2102124
Planning time: 0.242 ms
Execution time: 1762.748 ms
