Hash Join  (cost=128252.65..254020.51 rows=309082 width=0) (actual time=4920.369..6025.253 rows=227509 loops=1)
  Hash Cond: (mk.movie_id = t.id)
  ->  Seq Scan on movie_keyword mk  (cost=0.00..69693.30 rows=4523930 width=4) (actual time=0.023..1503.779 rows=4523930 loops=1)
  ->  Hash  (cost=125418.24..125418.24 rows=172753 width=8) (actual time=2814.176..2814.176 rows=96715 loops=1)
        Buckets: 131072  Batches: 4  Memory Usage: 1976kB
        ->  Hash Join  (cost=89472.60..125418.24 rows=172753 width=8) (actual time=1881.337..2779.730 rows=96715 loops=1)
              Hash Cond: (mi_idx.movie_id = t.id)
              ->  Seq Scan on movie_info_idx mi_idx  (cost=0.00..25185.44 rows=460978 width=4) (actual time=0.024..471.060 rows=459925 loops=1)
                    Filter: (info_type_id = 99)
                    Rows Removed by Filter: 920110
              ->  Hash  (cost=73925.90..73925.90 rows=947576 width=4) (actual time=1880.374..1880.374 rows=876037 loops=1)
                    Buckets: 131072  Batches: 16  Memory Usage: 2949kB
                    ->  Seq Scan on title t  (cost=0.00..73925.90 rows=947576 width=4) (actual time=0.026..1306.246 rows=876037 loops=1)
                          Filter: ((production_year < 2007) AND (kind_id = 7))
                          Rows Removed by Filter: 1652275
Planning time: 1.168 ms
Execution time: 6050.351 ms
