Seq Scan on movie_companies mc  (cost=0.00..57926.93 rows=645147 width=0) (actual time=77.216..1052.854 rows=898468 loops=1)
  Filter: ((company_id > 11402) AND (company_type_id = 2))
  Rows Removed by Filter: 1710661
Planning time: 0.387 ms
Execution time: 1163.440 ms
