Hash Join  (cost=215833.08..346444.93 rows=1358008 width=0) (actual time=4688.271..11173.278 rows=15162025 loops=1)
  Hash Cond: (mk.movie_id = t.id)
  ->  Seq Scan on movie_keyword mk  (cost=0.00..81003.12 rows=2683637 width=4) (actual time=0.024..1606.326 rows=2679450 loops=1)
        Filter: (keyword_id < 7522)
        Rows Removed by Filter: 1844480
  ->  Hash  (cost=194840.12..194840.12 rows=1279517 width=8) (actual time=4687.459..4687.459 rows=1274246 loops=1)
        Buckets: 131072  Batches: 32  Memory Usage: 2633kB
        ->  Hash Join  (cost=102767.86..194840.12 rows=1279517 width=8) (actual time=2044.969..4311.491 rows=1274246 loops=1)
              Hash Cond: (mc.movie_id = t.id)
              ->  Seq Scan on movie_companies mc  (cost=0.00..51404.11 rows=1279517 width=4) (actual time=211.118..1031.360 rows=1274246 loops=1)
                    Filter: (company_type_id = 1)
                    Rows Removed by Filter: 1334883
              ->  Hash  (cost=61283.27..61283.27 rows=2528527 width=4) (actual time=1832.528..1832.528 rows=2528312 loops=1)
                    Buckets: 131072  Batches: 64  Memory Usage: 2415kB
                    ->  Seq Scan on title t  (cost=0.00..61283.27 rows=2528527 width=4) (actual time=0.022..1007.334 rows=2528312 loops=1)
Planning time: 1.101 ms
Execution time: 12926.959 ms
