Hash Join  (cost=102767.86..195224.64 rows=1024483 width=0) (actual time=1919.996..4575.964 rows=1274246 loops=1)
  Hash Cond: (mc.movie_id = t.id)
  ->  Seq Scan on movie_companies mc  (cost=0.00..57926.93 rows=1024483 width=4) (actual time=0.019..1208.137 rows=1274246 loops=1)
        Filter: ((company_id < 73039) AND (company_type_id < 2))
        Rows Removed by Filter: 1334883
  ->  Hash  (cost=61283.27..61283.27 rows=2528527 width=4) (actual time=1918.074..1918.074 rows=2528312 loops=1)
        Buckets: 131072  Batches: 64  Memory Usage: 2415kB
        ->  Seq Scan on title t  (cost=0.00..61283.27 rows=2528527 width=4) (actual time=0.014..1091.892 rows=2528312 loops=1)
Planning time: 1.731 ms
Execution time: 4725.803 ms
