Hash Join  (cost=139597.14..268080.39 rows=706375 width=0) (actual time=3225.219..8733.550 rows=6920596 loops=1)
  Hash Cond: (mk.movie_id = t.id)
  ->  Seq Scan on movie_keyword mk  (cost=0.00..81003.12 rows=3313168 width=4) (actual time=0.030..1820.024 rows=3304132 loops=1)
        Filter: (keyword_id < 14940)
        Rows Removed by Filter: 1219798
  ->  Hash  (cost=130752.54..130752.54 rows=539088 width=8) (actual time=3224.414..3224.414 rows=954317 loops=1)
        Buckets: 131072 (originally 131072)  Batches: 16 (originally 8)  Memory Usage: 3370kB
        ->  Hash Join  (cost=83810.17..130752.54 rows=539088 width=8) (actual time=1455.324..2944.347 rows=954317 loops=1)
              Hash Cond: (mi_idx.movie_id = t.id)
              ->  Seq Scan on movie_info_idx mi_idx  (cost=0.00..21735.35 rows=1380035 width=4) (actual time=0.022..426.102 rows=1380035 loops=1)
              ->  Hash  (cost=67604.59..67604.59 rows=987727 width=4) (actual time=1454.328..1454.328 rows=985048 loops=1)
                    Buckets: 131072  Batches: 16  Memory Usage: 3188kB
                    ->  Seq Scan on title t  (cost=0.00..67604.59 rows=987727 width=4) (actual time=0.023..1142.373 rows=985048 loops=1)
                          Filter: (kind_id < 7)
                          Rows Removed by Filter: 1543264
Planning time: 1.159 ms
Execution time: 9596.240 ms
