Hash Join  (cost=1018504.83..4097114.53 rows=154515436 width=0) (actual time=25018.635..140718.746 rows=326546206 loops=1)
  Hash Cond: (ci.movie_id = t.id)
  ->  Seq Scan on cast_info ci  (cost=0.00..705507.15 rows=26507444 width=4) (actual time=0.030..16176.078 rows=26552637 loops=1)
        Filter: (person_id < 2740039)
        Rows Removed by Filter: 9691707
  ->  Hash  (cost=776690.81..776690.81 rows=14739122 width=8) (actual time=25015.471..25015.471 rows=14835720 loops=1)
        Buckets: 131072  Batches: 256  Memory Usage: 3268kB
        ->  Hash Join  (cost=102767.86..776690.81 rows=14739122 width=8) (actual time=1878.904..20736.057 rows=14835720 loops=1)
              Hash Cond: (mi.movie_id = t.id)
              ->  Seq Scan on movie_info mi  (cost=0.00..309384.22 rows=14739122 width=4) (actual time=0.018..5968.414 rows=14835720 loops=1)
              ->  Hash  (cost=61283.27..61283.27 rows=2528527 width=4) (actual time=1877.568..1877.568 rows=2528312 loops=1)
                    Buckets: 131072  Batches: 64  Memory Usage: 2425kB
                    ->  Seq Scan on title t  (cost=0.00..61283.27 rows=2528527 width=4) (actual time=0.016..1038.165 rows=2528312 loops=1)
Planning time: 1.200 ms
Execution time: 175291.948 ms
