Hash Join  (cost=249426.60..1561667.40 rows=22696659 width=0) (actual time=7331.948..56411.451 rows=81024808 loops=1)
  Hash Cond: (ci.movie_id = t.id)
  ->  Seq Scan on cast_info ci  (cost=0.00..614943.12 rows=36225612 width=4) (actual time=0.022..12969.348 rows=36244344 loops=1)
  ->  Hash  (cost=223434.93..223434.93 rows=1584214 width=8) (actual time=7330.881..7330.881 rows=2148405 loops=1)
        Buckets: 131072  Batches: 32  Memory Usage: 3578kB
        ->  Hash Join  (cost=82131.75..223434.93 rows=1584214 width=8) (actual time=1978.241..6021.797 rows=2148405 loops=1)
              Hash Cond: (mk.movie_id = t.id)
              ->  Seq Scan on movie_keyword mk  (cost=0.00..69693.30 rows=4523930 width=4) (actual time=0.016..1445.688 rows=4523930 loops=1)
              ->  Hash  (cost=67604.59..67604.59 rows=885453 width=4) (actual time=1976.836..1976.836 rows=885650 loops=1)
                    Buckets: 131072  Batches: 16  Memory Usage: 2979kB
                    ->  Seq Scan on title t  (cost=0.00..67604.59 rows=885453 width=4) (actual time=0.021..1055.119 rows=885650 loops=1)
                          Filter: (production_year < 1997)
                          Rows Removed by Filter: 1642662
Planning time: 1.207 ms
Execution time: 65240.961 ms
