Hash Join  (cost=124460.89..479098.05 rows=49177 width=0) (actual time=2383.921..8145.778 rows=103215 loops=1)
  Hash Cond: (mi.movie_id = t.id)
  ->  Seq Scan on movie_info mi  (cost=0.00..346232.03 rows=616095 width=4) (actual time=0.016..5505.321 rows=598457 loops=1)
        Filter: (info_type_id = 15)
        Rows Removed by Filter: 14237263
  ->  Hash  (cost=121149.06..121149.06 rows=201827 width=8) (actual time=2383.070..2383.070 rows=92310 loops=1)
        Buckets: 131072  Batches: 4  Memory Usage: 1939kB
        ->  Hash Join  (cost=79993.30..121149.06 rows=201827 width=8) (actual time=1507.910..2351.433 rows=92310 loops=1)
              Hash Cond: (mi_idx.movie_id = t.id)
              ->  Seq Scan on movie_info_idx mi_idx  (cost=0.00..21735.35 rows=1380035 width=4) (actual time=0.022..464.201 rows=1380035 loops=1)
              ->  Hash  (cost=73925.90..73925.90 rows=369792 width=4) (actual time=1232.147..1232.147 rows=253766 loops=1)
                    Buckets: 131072  Batches: 8  Memory Usage: 2127kB
                    ->  Seq Scan on title t  (cost=0.00..73925.90 rows=369792 width=4) (actual time=0.021..1147.802 rows=253766 loops=1)
                          Filter: ((production_year < 1986) AND (kind_id = 7))
                          Rows Removed by Filter: 2274546
Planning time: 1.169 ms
Execution time: 8158.688 ms
