Seq Scan on cast_info ci  (cost=0.00..796071.18 rows=5946601 width=0) (actual time=0.022..13902.592 rows=7451973 loops=1)
  Filter: ((person_id < 2982838) AND (role_id = 2))
  Rows Removed by Filter: 28792371
Planning time: 0.379 ms
Execution time: 14709.325 ms
