Hash Join  (cost=74291.01..422006.05 rows=4432 width=0) (actual time=5561.483..6726.778 rows=101 loops=1)
  Hash Cond: (mi.movie_id = t.id)
  ->  Seq Scan on movie_info mi  (cost=0.00..346232.03 rows=383654 width=4) (actual time=4388.030..5566.365 rows=428651 loops=1)
        Filter: (info_type_id > 104)
        Rows Removed by Filter: 14407069
  ->  Hash  (cost=73925.90..73925.90 rows=29208 width=4) (actual time=1097.271..1097.271 rows=3125 loops=1)
        Buckets: 32768  Batches: 1  Memory Usage: 366kB
        ->  Seq Scan on title t  (cost=0.00..73925.90 rows=29208 width=4) (actual time=609.740..1095.808 rows=3125 loops=1)
              Filter: ((production_year < 1988) AND (kind_id = 4))
              Rows Removed by Filter: 2525187
Planning time: 0.846 ms
Execution time: 6726.971 ms
