Nested Loop  (cost=0.43..83071.67 rows=246 width=0) (actual time=2.329..1297.407 rows=176 loops=1)
  ->  Seq Scan on movie_keyword mk  (cost=0.00..81003.12 rows=246 width=4) (actual time=2.267..1289.782 rows=176 loops=1)
        Filter: (keyword_id = 158)
        Rows Removed by Filter: 4523754
  ->  Index Only Scan using title_pkey on title t  (cost=0.43..8.40 rows=1 width=4) (actual time=0.039..0.040 rows=1 loops=176)
        Index Cond: (id = mk.movie_id)
        Heap Fetches: 176
Planning time: 0.756 ms
Execution time: 1297.631 ms
