Hash Join  (cost=139137.64..231709.78 rows=95048 width=0) (actual time=3363.855..5211.371 rows=326084 loops=1)
  Hash Cond: (mk.movie_id = t.id)
  ->  Seq Scan on movie_keyword mk  (cost=0.00..81003.12 rows=819077 width=4) (actual time=0.024..1434.097 rows=827394 loops=1)
        Filter: (keyword_id > 22230)
        Rows Removed by Filter: 3696536
  ->  Hash  (cost=134322.94..134322.94 rows=293416 width=8) (actual time=3363.143..3363.143 rows=270120 loops=1)
        Buckets: 131072  Batches: 4  Memory Usage: 3662kB
        ->  Hash Join  (cost=94009.45..134322.94 rows=293416 width=8) (actual time=2221.897..3283.804 rows=270120 loops=1)
              Hash Cond: (mi_idx.movie_id = t.id)
              ->  Seq Scan on movie_info_idx mi_idx  (cost=0.00..25185.44 rows=460978 width=4) (actual time=0.022..510.648 rows=459925 loops=1)
                    Filter: (info_type_id = 99)
                    Rows Removed by Filter: 920110
              ->  Hash  (cost=67604.59..67604.59 rows=1609429 width=4) (actual time=2220.602..2220.602 rows=1607077 loops=1)
                    Buckets: 131072  Batches: 32  Memory Usage: 2791kB
                    ->  Seq Scan on title t  (cost=0.00..67604.59 rows=1609429 width=4) (actual time=0.009..1402.996 rows=1607077 loops=1)
                          Filter: (production_year > 1995)
                          Rows Removed by Filter: 921235
Planning time: 0.799 ms
Execution time: 5245.923 ms
