Seq Scan on movie_keyword mk  (cost=0.00..81003.12 rows=575329 width=0) (actual time=0.015..1289.031 rows=577636 loops=1)
  Filter: (keyword_id < 408)
  Rows Removed by Filter: 3946294
Planning time: 11.016 ms
Execution time: 1360.526 ms
