Hash Join  (cost=91123.00..937439.61 rows=4448321 width=0) (actual time=6858.418..20710.422 rows=5201728 loops=1)
  Hash Cond: (ci.movie_id = t.id)
  ->  Seq Scan on cast_info ci  (cost=0.00..705507.15 rows=7846468 width=4) (actual time=4840.164..13425.433 rows=7712640 loops=1)
        Filter: (role_id > 6)
        Rows Removed by Filter: 28531704
  ->  Hash  (cost=67604.59..67604.59 rows=1433473 width=4) (actual time=2016.863..2016.863 rows=1434466 loops=1)
        Buckets: 131072  Batches: 32  Memory Usage: 2600kB
        ->  Seq Scan on title t  (cost=0.00..67604.59 rows=1433473 width=4) (actual time=0.032..1303.589 rows=1434466 loops=1)
              Filter: (production_year > 1999)
              Rows Removed by Filter: 1093846
Planning time: 0.726 ms
Execution time: 21247.909 ms
