Hash Join  (cost=89678.24..1141877.35 rows=8477929 width=0) (actual time=1560.860..29891.586 rows=8884571 loops=1)
  Hash Cond: (ci.movie_id = t.id)
  ->  Seq Scan on cast_info ci  (cost=0.00..705507.15 rows=22327378 width=4) (actual time=0.022..14721.644 rows=22362160 loops=1)
        Filter: (person_id > 1367805)
        Rows Removed by Filter: 13882184
  ->  Hash  (cost=73925.90..73925.90 rows=960107 width=4) (actual time=1559.794..1559.794 rows=977778 loops=1)
        Buckets: 131072  Batches: 16  Memory Usage: 3172kB
        ->  Seq Scan on title t  (cost=0.00..73925.90 rows=960107 width=4) (actual time=0.029..1255.584 rows=977778 loops=1)
              Filter: ((kind_id < 7) AND (production_year > 0))
              Rows Removed by Filter: 1550534
Planning time: 0.727 ms
Execution time: 30873.305 ms
