Hash Join  (cost=166234.04..515677.00 rows=17468 width=0) (actual time=4817.824..9218.161 rows=44907 loops=1)
  Hash Cond: (mi.movie_id = t.id)
  ->  Seq Scan on movie_info mi  (cost=0.00..346232.03 rows=809669 width=4) (actual time=1356.070..5562.500 rows=802140 loops=1)
        Filter: (info_type_id = 1)
        Rows Removed by Filter: 14033580
  ->  Hash  (cost=165552.15..165552.15 rows=54551 width=8) (actual time=3461.268..3461.268 rows=50947 loops=1)
        Buckets: 65536  Batches: 1  Memory Usage: 2503kB
        ->  Hash Join  (cost=69460.45..165552.15 rows=54551 width=8) (actual time=1438.949..3443.276 rows=50947 loops=1)
              Hash Cond: (mk.movie_id = t.id)
              ->  Seq Scan on movie_keyword mk  (cost=0.00..81003.12 rows=1219484 width=4) (actual time=0.032..1562.213 rows=1225753 loops=1)
                    Filter: (keyword_id < 1556)
                    Rows Removed by Filter: 3298177
              ->  Hash  (cost=67604.59..67604.59 rows=113109 width=4) (actual time=1437.996..1437.996 rows=119565 loops=1)
                    Buckets: 131072  Batches: 2  Memory Usage: 3121kB
                    ->  Seq Scan on title t  (cost=0.00..67604.59 rows=113109 width=4) (actual time=0.023..1060.823 rows=119565 loops=1)
                          Filter: (production_year = 2007)
                          Rows Removed by Filter: 2408747
Planning time: 1.233 ms
Execution time: 9224.959 ms
