Hash Join  (cost=709677.69..1074354.77 rows=2116 width=0) (actual time=10840.493..17633.304 rows=150 loops=1)
  Hash Cond: (mi.movie_id = t.id)
  ->  Seq Scan on movie_info mi  (cost=0.00..309384.22 rows=14739122 width=4) (actual time=0.016..4214.978 rows=14835720 loops=1)
  ->  Hash  (cost=709673.15..709673.15 rows=363 width=8) (actual time=10782.870..10782.870 rows=19 loops=1)
        Buckets: 1024  Batches: 1  Memory Usage: 9kB
        ->  Nested Loop  (cost=0.43..709673.15 rows=363 width=8) (actual time=3575.417..10782.797 rows=19 loops=1)
              ->  Seq Scan on cast_info ci  (cost=0.00..705507.15 rows=500 width=4) (actual time=673.663..10779.307 rows=72 loops=1)
                    Filter: (person_id = 352284)
                    Rows Removed by Filter: 36244272
              ->  Index Scan using title_pkey on title t  (cost=0.43..8.32 rows=1 width=4) (actual time=0.047..0.047 rows=0 loops=72)
                    Index Cond: (id = ci.movie_id)
                    Filter: (production_year > 1986)
                    Rows Removed by Filter: 1
Planning time: 0.871 ms
Execution time: 17633.521 ms
