Hash Join  (cost=176984.21..694323.29 rows=3517515 width=0) (actual time=4134.671..19845.530 rows=14098392 loops=1)
  Hash Cond: (mi.movie_id = t.id)
  ->  Seq Scan on movie_info mi  (cost=0.00..309384.22 rows=14739122 width=4) (actual time=0.022..6099.702 rows=14835720 loops=1)
  ->  Hash  (cost=167083.25..167083.25 rows=603437 width=8) (actual time=4133.507..4133.507 rows=493658 loops=1)
        Buckets: 131072  Batches: 8  Memory Usage: 3434kB
        ->  Hash Join  (cost=91959.31..167083.25 rows=603437 width=8) (actual time=2080.369..3972.306 rows=493658 loops=1)
              Hash Cond: (mc.movie_id = t.id)
              ->  Seq Scan on movie_companies mc  (cost=0.00..51404.11 rows=1027854 width=4) (actual time=0.024..944.265 rows=1026818 loops=1)
                    Filter: (company_id < 5587)
                    Rows Removed by Filter: 1582311
              ->  Hash  (cost=67604.59..67604.59 rows=1484458 width=4) (actual time=2079.270..2079.270 rows=1485030 loops=1)
                    Buckets: 131072  Batches: 32  Memory Usage: 2655kB
                    ->  Seq Scan on title t  (cost=0.00..67604.59 rows=1484458 width=4) (actual time=0.016..1316.274 rows=1485030 loops=1)
                          Filter: (production_year > 1998)
                          Rows Removed by Filter: 1043282
Planning time: 2.114 ms
Execution time: 21357.387 ms
