Hash Join  (cost=1111103.36..1814602.12 rows=18380741 width=0) (actual time=30426.849..73542.305 rows=106307357 loops=1)
  Hash Cond: (mi.movie_id = t.id)
  ->  Seq Scan on movie_info mi  (cost=0.00..346232.03 rows=9293409 width=4) (actual time=0.012..6748.384 rows=9425200 loops=1)
        Filter: (info_type_id > 5)
        Rows Removed by Filter: 5410520
  ->  Hash  (cost=1029055.04..1029055.04 rows=5000985 width=8) (actual time=30424.335..30424.335 rows=10272558 loops=1)
        Buckets: 131072 (originally 131072)  Batches: 256 (originally 128)  Memory Usage: 4154kB
        ->  Hash Join  (cost=102767.86..1029055.04 rows=5000985 width=8) (actual time=1971.666..26527.195 rows=10272558 loops=1)
              Hash Cond: (ci.movie_id = t.id)
              ->  Seq Scan on cast_info ci  (cost=0.00..796071.18 rows=5000985 width=4) (actual time=0.037..14125.413 rows=10272558 loops=1)
                    Filter: ((person_id > 2584619) AND (role_id > 2))
                    Rows Removed by Filter: 25971786
              ->  Hash  (cost=61283.27..61283.27 rows=2528527 width=4) (actual time=1970.247..1970.247 rows=2528312 loops=1)
                    Buckets: 131072  Batches: 64  Memory Usage: 2415kB
                    ->  Seq Scan on title t  (cost=0.00..61283.27 rows=2528527 width=4) (actual time=0.016..1111.155 rows=2528312 loops=1)
Planning time: 0.805 ms
Execution time: 85981.287 ms
