Seq Scan on movie_keyword mk  (cost=0.00..81003.12 rows=246 width=0) (actual time=1.470..1313.502 rows=149 loops=1)
  Filter: (keyword_id = 11902)
  Rows Removed by Filter: 4523781
Planning time: 0.377 ms
Execution time: 1313.685 ms
