Hash Join  (cost=494772.42..583591.99 rows=998805 width=0) (actual time=7853.064..10632.683 rows=2178085 loops=1)
  Hash Cond: (mc.movie_id = t.id)
  ->  Seq Scan on movie_companies mc  (cost=0.00..44881.29 rows=2609129 width=4) (actual time=0.017..863.722 rows=2609129 loops=1)
  ->  Hash  (cost=478891.04..478891.04 rows=967950 width=8) (actual time=7852.057..7852.057 rows=1081319 loops=1)
        Buckets: 131072  Batches: 16  Memory Usage: 3667kB
        ->  Hash Join  (cost=99161.12..478891.04 rows=967950 width=8) (actual time=2597.533..7556.183 rows=1081319 loops=1)
              Hash Cond: (mi.movie_id = t.id)
              ->  Seq Scan on movie_info mi  (cost=0.00..346232.03 rows=1272478 width=4) (actual time=473.771..4028.317 rows=1325361 loops=1)
                    Filter: (info_type_id = 8)
                    Rows Removed by Filter: 13510359
              ->  Hash  (cost=67604.59..67604.59 rows=1923403 width=4) (actual time=2122.680..2122.680 rows=1922849 loops=1)
                    Buckets: 131072  Batches: 32  Memory Usage: 3141kB
                    ->  Seq Scan on title t  (cost=0.00..67604.59 rows=1923403 width=4) (actual time=0.017..1345.351 rows=1922849 loops=1)
                          Filter: (production_year < 2010)
                          Rows Removed by Filter: 605463
Planning time: 1.162 ms
Execution time: 10859.876 ms
