Hash Join  (cost=84417.00..226834.06 rows=1490003 width=0) (actual time=1523.761..5427.053 rows=1959642 loops=1)
  Hash Cond: (mk.movie_id = t.id)
  ->  Seq Scan on movie_keyword mk  (cost=0.00..81003.12 rows=3676507 width=4) (actual time=0.025..1710.765 rows=3669775 loops=1)
        Filter: (keyword_id < 21519)
        Rows Removed by Filter: 854155
  ->  Hash  (cost=67604.59..67604.59 rows=1024753 width=4) (actual time=1522.383..1522.383 rows=1021752 loops=1)
        Buckets: 131072  Batches: 16  Memory Usage: 3281kB
        ->  Seq Scan on title t  (cost=0.00..67604.59 rows=1024753 width=4) (actual time=0.024..1193.578 rows=1021752 loops=1)
              Filter: (production_year < 2000)
              Rows Removed by Filter: 1506560
Planning time: 0.768 ms
Execution time: 5655.265 ms
