Hash Join  (cost=74384.42..880214.09 rows=36345 width=0) (actual time=5385.904..15928.928 rows=52802 loops=1)
  Hash Cond: (ci.movie_id = t.id)
  ->  Seq Scan on cast_info ci  (cost=0.00..796071.18 rows=2505345 width=4) (actual time=4242.998..13906.333 rows=3732051 loops=1)
        Filter: ((person_id > 1489305) AND (role_id = 10))
        Rows Removed by Filter: 32512293
  ->  Hash  (cost=73925.90..73925.90 rows=36681 width=4) (actual time=1142.473..1142.473 rows=24195 loops=1)
        Buckets: 65536  Batches: 1  Memory Usage: 1363kB
        ->  Seq Scan on title t  (cost=0.00..73925.90 rows=36681 width=4) (actual time=0.218..1132.159 rows=24195 loops=1)
              Filter: ((kind_id < 4) AND (production_year = 2006))
              Rows Removed by Filter: 2504117
Planning time: 0.508 ms
Execution time: 15937.781 ms
