Hash Join  (cost=97057.37..183973.56 rows=25816 width=0) (actual time=1772.662..3631.309 rows=120106 loops=1)
  Hash Cond: (mk.movie_id = t.id)
  ->  Seq Scan on movie_keyword mk  (cost=0.00..69693.30 rows=4523930 width=4) (actual time=0.031..1011.056 rows=4523930 loops=1)
  ->  Hash  (cost=96877.00..96877.00 rows=14429 width=8) (actual time=1772.356..1772.356 rows=15640 loops=1)
        Buckets: 16384  Batches: 1  Memory Usage: 739kB
        ->  Hash Join  (cost=68100.81..96877.00 rows=14429 width=8) (actual time=1088.896..1766.577 rows=15640 loops=1)
              Hash Cond: (mi_idx.movie_id = t.id)
              ->  Seq Scan on movie_info_idx mi_idx  (cost=0.00..25185.44 rows=919057 width=4) (actual time=0.015..475.745 rows=920110 loops=1)
                    Filter: (info_type_id > 99)
                    Rows Removed by Filter: 459925
              ->  Hash  (cost=67604.59..67604.59 rows=39698 width=4) (actual time=1088.493..1088.493 rows=36437 loops=1)
                    Buckets: 65536  Batches: 1  Memory Usage: 1793kB
                    ->  Seq Scan on title t  (cost=0.00..67604.59 rows=39698 width=4) (actual time=0.025..1071.533 rows=36437 loops=1)
                          Filter: (production_year = 1995)
                          Rows Removed by Filter: 2491875
Planning time: 1.224 ms
Execution time: 3646.535 ms
