Seq Scan on cast_info ci  (cost=0.00..796071.18 rows=224 width=42) (actual time=281.877..14984.113 rows=3 loops=1)
  Filter: ((role_id > 2) AND (person_id = 681768))
  Rows Removed by Filter: 36244341
Planning time: 1.269 ms
Execution time: 14984.155 ms
