Nested Loop  (cost=0.43..117491.64 rows=4976 width=0) (actual time=0.100..1395.244 rows=4036 loops=1)
  ->  Seq Scan on movie_keyword mk  (cost=0.00..81003.12 rows=4976 width=4) (actual time=0.030..1258.374 rows=4036 loops=1)
        Filter: (keyword_id = 7763)
        Rows Removed by Filter: 4519894
  ->  Index Only Scan using title_pkey on title t  (cost=0.43..7.32 rows=1 width=4) (actual time=0.033..0.033 rows=1 loops=4036)
        Index Cond: (id = mk.movie_id)
        Heap Fetches: 4036
Planning time: 0.684 ms
Execution time: 1396.508 ms
