Hash Join  (cost=156889.20..211679.22 rows=12449 width=0) (actual time=1569.396..2749.770 rows=39992 loops=1)
  Hash Cond: (mc.movie_id = t.id)
  ->  Seq Scan on movie_companies mc  (cost=0.00..44881.29 rows=2609129 width=4) (actual time=0.022..587.383 rows=2609129 loops=1)
  ->  Hash  (cost=156738.40..156738.40 rows=12064 width=8) (actual time=1565.871..1565.871 rows=13753 loops=1)
        Buckets: 16384  Batches: 1  Memory Usage: 666kB
        ->  Nested Loop  (cost=0.43..156738.40 rows=12064 width=8) (actual time=0.247..1558.463 rows=13753 loops=1)
              ->  Seq Scan on movie_keyword mk  (cost=0.00..81003.12 rows=12064 width=4) (actual time=0.194..1240.735 rows=13753 loops=1)
                    Filter: (keyword_id = 121)
                    Rows Removed by Filter: 4510177
              ->  Index Only Scan using title_pkey on title t  (cost=0.43..6.27 rows=1 width=4) (actual time=0.022..0.022 rows=1 loops=13753)
                    Index Cond: (id = mk.movie_id)
                    Heap Fetches: 13753
Planning time: 1.109 ms
Execution time: 2755.686 ms
