Seq Scan on movie_keyword mk  (cost=0.00..81003.12 rows=246 width=0) (actual time=15.659..1283.010 rows=60 loops=1)
  Filter: (keyword_id = 24961)
  Rows Removed by Filter: 4523870
Planning time: 0.312 ms
Execution time: 1283.147 ms
