Hash Join  (cost=156487.41..220147.43 rows=142395 width=0) (actual time=3468.457..5059.239 rows=415908 loops=1)
  Hash Cond: (mc.movie_id = t.id)
  ->  Seq Scan on movie_companies mc  (cost=0.00..51404.11 rows=781054 width=4) (actual time=0.020..998.452 rows=770537 loops=1)
        Filter: (company_id < 1639)
        Rows Removed by Filter: 1838592
  ->  Hash  (cost=148924.19..148924.19 rows=460978 width=8) (actual time=3467.642..3467.642 rows=459925 loops=1)
        Buckets: 131072  Batches: 8  Memory Usage: 3275kB
        ->  Hash Join  (cost=102767.86..148924.19 rows=460978 width=8) (actual time=1976.048..3325.949 rows=459925 loops=1)
              Hash Cond: (mi_idx.movie_id = t.id)
              ->  Seq Scan on movie_info_idx mi_idx  (cost=0.00..25185.44 rows=460978 width=4) (actual time=0.025..505.567 rows=459925 loops=1)
                    Filter: (info_type_id < 100)
                    Rows Removed by Filter: 920110
              ->  Hash  (cost=61283.27..61283.27 rows=2528527 width=4) (actual time=1974.051..1974.051 rows=2528312 loops=1)
                    Buckets: 131072  Batches: 64  Memory Usage: 2415kB
                    ->  Seq Scan on title t  (cost=0.00..61283.27 rows=2528527 width=4) (actual time=0.019..1144.812 rows=2528312 loops=1)
Planning time: 0.706 ms
Execution time: 5111.362 ms
