Hash Join  (cost=74721.85..834633.73 rows=912271 width=0) (actual time=1249.610..27772.321 rows=1824303 loops=1)
  Hash Cond: (ci.movie_id = t.id)
  ->  Seq Scan on cast_info ci  (cost=0.00..614943.12 rows=36225612 width=4) (actual time=0.027..9637.419 rows=36244344 loops=1)
  ->  Hash  (cost=73925.90..73925.90 rows=63676 width=4) (actual time=1248.282..1248.282 rows=182212 loops=1)
        Buckets: 131072 (originally 65536)  Batches: 4 (originally 1)  Memory Usage: 3073kB
        ->  Seq Scan on title t  (cost=0.00..73925.90 rows=63676 width=4) (actual time=0.284..1172.695 rows=182212 loops=1)
              Filter: ((kind_id < 3) AND (production_year < 1957))
              Rows Removed by Filter: 2346100
Planning time: 5.438 ms
Execution time: 27992.447 ms
