Seq Scan on movie_keyword mk  (cost=0.00..81003.12 rows=246 width=0) (actual time=13.208..1325.344 rows=83 loops=1)
  Filter: (keyword_id = 27982)
  Rows Removed by Filter: 4523847
Planning time: 0.334 ms
Execution time: 1325.510 ms
