Hash Join  (cost=150895.36..244521.53 rows=65060 width=0) (actual time=2846.077..4969.033 rows=1614462 loops=1)
  Hash Cond: (mk.movie_id = t.id)
  ->  Seq Scan on movie_keyword mk  (cost=0.00..81003.12 rows=978519 width=4) (actual time=0.016..1332.421 rows=984236 loops=1)
        Filter: (keyword_id < 925)
        Rows Removed by Filter: 3539694
  ->  Hash  (cost=148136.88..148136.88 rows=168118 width=8) (actual time=2845.149..2845.149 rows=318065 loops=1)
        Buckets: 131072 (originally 131072)  Batches: 8 (originally 4)  Memory Usage: 3073kB
        ->  Hash Join  (cost=78556.72..148136.88 rows=168118 width=8) (actual time=1466.293..2745.420 rows=318065 loops=1)
              Hash Cond: (mc.movie_id = t.id)
              ->  Seq Scan on movie_companies mc  (cost=0.00..57926.93 rows=636811 width=4) (actual time=141.240..1020.257 rows=400164 loops=1)
                    Filter: ((company_id > 11298) AND (company_type_id < 2))
                    Rows Removed by Filter: 2208965
              ->  Hash  (cost=67604.59..67604.59 rows=667531 width=4) (actual time=1323.992..1323.992 rows=662825 loops=1)
                    Buckets: 131072  Batches: 16  Memory Usage: 2476kB
                    ->  Seq Scan on title t  (cost=0.00..67604.59 rows=667531 width=4) (actual time=3.544..1106.327 rows=662825 loops=1)
                          Filter: (kind_id < 2)
                          Rows Removed by Filter: 1865487
Planning time: 2.566 ms
Execution time: 5128.704 ms
