Seq Scan on cast_info ci  (cost=0.00..796071.18 rows=396 width=0) (actual time=618.763..13547.845 rows=29 loops=1)
  Filter: ((role_id < 8) AND (person_id = 3430779))
  Rows Removed by Filter: 36244315
Planning time: 0.726 ms
Execution time: 13547.960 ms
