Hash Join  (cost=243654.86..292918.34 rows=674400 width=0) (actual time=5888.688..8209.018 rows=2782145 loops=1)
  Hash Cond: (mi_idx.movie_id = t.id)
  ->  Seq Scan on movie_info_idx mi_idx  (cost=0.00..21735.35 rows=1380035 width=4) (actual time=0.025..417.664 rows=1380035 loops=1)
  ->  Hash  (cost=223382.26..223382.26 rows=1235648 width=8) (actual time=5887.602..5887.602 rows=1247925 loops=1)
        Buckets: 131072  Batches: 32  Memory Usage: 2539kB
        ->  Hash Join  (cost=102767.86..223382.26 rows=1235648 width=8) (actual time=1938.218..5497.042 rows=1247925 loops=1)
              Hash Cond: (mk.movie_id = t.id)
              ->  Seq Scan on movie_keyword mk  (cost=0.00..81003.12 rows=1235648 width=4) (actual time=0.021..1460.276 rows=1247925 loops=1)
                    Filter: (keyword_id > 14465)
                    Rows Removed by Filter: 3276005
              ->  Hash  (cost=61283.27..61283.27 rows=2528527 width=4) (actual time=1936.557..1936.557 rows=2528312 loops=1)
                    Buckets: 131072  Batches: 64  Memory Usage: 2425kB
                    ->  Seq Scan on title t  (cost=0.00..61283.27 rows=2528527 width=4) (actual time=0.016..1059.918 rows=2528312 loops=1)
Planning time: 1.132 ms
Execution time: 8550.307 ms
