Hash Join  (cost=160833.59..913481.51 rows=185878 width=0) (actual time=2448.058..18460.498 rows=111608 loops=1)
  Hash Cond: (ci.movie_id = t.id)
  ->  Seq Scan on cast_info ci  (cost=0.00..614943.12 rows=36225612 width=4) (actual time=0.026..8595.669 rows=36244344 loops=1)
  ->  Hash  (cost=160671.42..160671.42 rows=12974 width=8) (actual time=2447.619..2447.619 rows=3461 loops=1)
        Buckets: 16384  Batches: 1  Memory Usage: 264kB
        ->  Hash Join  (cost=75867.62..160671.42 rows=12974 width=8) (actual time=1212.928..2445.953 rows=3461 loops=1)
              Hash Cond: (mk.movie_id = t.id)
              ->  Seq Scan on movie_keyword mk  (cost=0.00..81003.12 rows=277316 width=4) (actual time=0.039..1113.294 rows=297845 loops=1)
                    Filter: (keyword_id < 245)
                    Rows Removed by Filter: 4226085
              ->  Hash  (cost=73925.90..73925.90 rows=118297 width=4) (actual time=1211.211..1211.211 rows=122606 loops=1)
                    Buckets: 131072  Batches: 2  Memory Usage: 3185kB
                    ->  Seq Scan on title t  (cost=0.00..73925.90 rows=118297 width=4) (actual time=0.026..1160.880 rows=122606 loops=1)
                          Filter: ((kind_id > 1) AND (production_year = 2011))
                          Rows Removed by Filter: 2405706
Planning time: 1.164 ms
Execution time: 18481.546 ms
