Seq Scan on movie_companies mc  (cost=0.00..57926.93 rows=51 width=0) (actual time=4.147..762.658 rows=1084 loops=1)
  Filter: ((company_id = 12) AND (company_type_id = 1))
  Rows Removed by Filter: 2608045
Planning time: 0.361 ms
Execution time: 762.966 ms
