Hash Join  (cost=101217.37..183971.55 rows=1536 width=0) (actual time=1626.896..3011.409 rows=16338 loops=1)
  Hash Cond: (mk.movie_id = t.id)
  ->  Seq Scan on movie_keyword mk  (cost=0.00..81003.12 rows=462851 width=4) (actual time=0.015..1280.854 rows=472545 loops=1)
        Filter: (keyword_id < 359)
        Rows Removed by Filter: 4051385
  ->  Hash  (cost=101112.48..101112.48 rows=8391 width=8) (actual time=1625.833..1625.833 rows=13362 loops=1)
        Buckets: 16384  Batches: 1  Memory Usage: 650kB
        ->  Hash Join  (cost=74118.09..101112.48 rows=8391 width=8) (actual time=1046.292..1621.167 rows=13362 loops=1)
              Hash Cond: (mi_idx.movie_id = t.id)
              ->  Seq Scan on movie_info_idx mi_idx  (cost=0.00..21735.35 rows=1380035 width=4) (actual time=0.032..298.143 rows=1380035 loops=1)
              ->  Hash  (cost=73925.90..73925.90 rows=15375 width=4) (actual time=1046.140..1046.140 rows=8740 loops=1)
                    Buckets: 16384  Batches: 1  Memory Usage: 436kB
                    ->  Seq Scan on title t  (cost=0.00..73925.90 rows=15375 width=4) (actual time=0.047..1042.436 rows=8740 loops=1)
                          Filter: ((kind_id = 1) AND (production_year = 2001))
                          Rows Removed by Filter: 2519572
Planning time: 1.180 ms
Execution time: 3013.879 ms
