Hash Join  (cost=69928.56..558542.43 rows=825394 width=0) (actual time=1139.545..12621.384 rows=1629818 loops=1)
  Hash Cond: (mi.movie_id = t.id)
  ->  Seq Scan on movie_info mi  (cost=0.00..309384.22 rows=14739122 width=4) (actual time=0.008..5487.099 rows=14835720 loops=1)
  ->  Hash  (cost=67604.59..67604.59 rows=141598 width=4) (actual time=1138.724..1138.724 rows=143333 loops=1)
        Buckets: 131072  Batches: 2  Memory Usage: 3547kB
        ->  Seq Scan on title t  (cost=0.00..67604.59 rows=141598 width=4) (actual time=11.071..1089.707 rows=143333 loops=1)
              Filter: (production_year < 1941)
              Rows Removed by Filter: 2384979
Planning time: 0.691 ms
Execution time: 12803.772 ms
