Seq Scan on movie_keyword mk  (cost=0.00..81003.12 rows=969581 width=0) (actual time=0.027..1299.245 rows=974812 loops=1)
  Filter: (keyword_id > 19229)
  Rows Removed by Filter: 3549118
Planning time: 0.354 ms
Execution time: 1426.065 ms
