Hash Join  (cost=74251.74..810417.52 rows=82029 width=0) (actual time=2254.961..15004.145 rows=100174 loops=1)
  Hash Cond: (ci.movie_id = t.id)
  ->  Seq Scan on cast_info ci  (cost=0.00..705507.15 rows=7956889 width=4) (actual time=1107.001..11700.704 rows=7837931 loops=1)
        Filter: (person_id < 763602)
        Rows Removed by Filter: 28406413
  ->  Hash  (cost=73925.90..73925.90 rows=26067 width=4) (actual time=1118.570..1118.570 rows=27085 loops=1)
        Buckets: 32768  Batches: 1  Memory Usage: 1209kB
        ->  Seq Scan on title t  (cost=0.00..73925.90 rows=26067 width=4) (actual time=0.313..1107.585 rows=27085 loops=1)
              Filter: ((kind_id < 7) AND (production_year > 2012))
              Rows Removed by Filter: 2501227
Planning time: 0.767 ms
Execution time: 15020.992 ms
