Seq Scan on movie_keyword mk  (cost=0.00..81003.12 rows=332005 width=0) (actual time=0.018..1396.943 rows=331002 loops=1)
  Filter: (keyword_id > 49903)
  Rows Removed by Filter: 4192928
Planning time: 0.324 ms
Execution time: 1439.138 ms
