Hash Join  (cost=102767.86..969466.31 rows=2524632 width=0) (actual time=11233.934..14958.660 rows=2168 loops=1)
  Hash Cond: (ci.movie_id = t.id)
  ->  Seq Scan on cast_info ci  (cost=0.00..796071.18 rows=2524632 width=4) (actual time=9255.574..12605.849 rows=2168 loops=1)
        Filter: ((person_id < 1228877) AND (role_id = 2))
        Rows Removed by Filter: 36242176
  ->  Hash  (cost=61283.27..61283.27 rows=2528527 width=4) (actual time=1950.509..1950.509 rows=2528312 loops=1)
        Buckets: 131072  Batches: 64  Memory Usage: 2415kB
        ->  Seq Scan on title t  (cost=0.00..61283.27 rows=2528527 width=4) (actual time=0.016..1038.679 rows=2528312 loops=1)
Planning time: 1.080 ms
Execution time: 14959.064 ms
