Hash Join  (cost=195735.94..276330.52 rows=402206 width=0) (actual time=4216.400..8006.240 rows=8377274 loops=1)
  Hash Cond: (mc.movie_id = t.id)
  ->  Seq Scan on movie_companies mc  (cost=0.00..44881.29 rows=2609129 width=4) (actual time=0.016..935.012 rows=2609129 loops=1)
  ->  Hash  (cost=189340.68..189340.68 rows=389781 width=8) (actual time=4215.425..4215.425 rows=969295 loops=1)
        Buckets: 131072 (originally 131072)  Batches: 16 (originally 8)  Memory Usage: 3446kB
        ->  Hash Join  (cost=87162.74..189340.68 rows=389781 width=8) (actual time=1428.399..3916.828 rows=969295 loops=1)
              Hash Cond: (mk.movie_id = t.id)
              ->  Seq Scan on movie_keyword mk  (cost=0.00..81003.12 rows=1221600 width=4) (actual time=0.023..1491.309 rows=1230707 loops=1)
                    Filter: (keyword_id > 14731)
                    Rows Removed by Filter: 3293223
              ->  Hash  (cost=73925.90..73925.90 rows=806787 width=4) (actual time=1427.355..1427.355 rows=843018 loops=1)
                    Buckets: 131072  Batches: 16  Memory Usage: 2888kB
                    ->  Seq Scan on title t  (cost=0.00..73925.90 rows=806787 width=4) (actual time=0.010..1158.200 rows=843018 loops=1)
                          Filter: ((kind_id < 7) AND (production_year < 2011))
                          Rows Removed by Filter: 1685294
Planning time: 0.759 ms
Execution time: 8821.946 ms
