Seq Scan on cast_info ci  (cost=0.00..705507.15 rows=500 width=0) (actual time=8366.884..10615.378 rows=9 loops=1)
  Filter: (person_id = 3110645)
  Rows Removed by Filter: 36244335
Planning time: 0.360 ms
Execution time: 10615.489 ms
