Seq Scan on movie_keyword mk  (cost=0.00..81003.12 rows=3902070 width=0) (actual time=0.030..1169.799 rows=3901205 loops=1)
  Filter: (keyword_id < 29335)
  Rows Removed by Filter: 622725
Planning time: 0.301 ms
Execution time: 1539.468 ms
