Hash Join  (cost=490457.30..633238.88 rows=1705554 width=0) (actual time=9076.743..14331.840 rows=6976669 loops=1)
  Hash Cond: (mk.movie_id = t.id)
  ->  Seq Scan on movie_keyword mk  (cost=0.00..69693.30 rows=4523930 width=4) (actual time=0.014..1498.294 rows=4523930 loops=1)
  ->  Hash  (cost=474817.39..474817.39 rows=953273 width=8) (actual time=9075.688..9075.688 rows=942472 loops=1)
        Buckets: 131072  Batches: 16  Memory Usage: 3345kB
        ->  Hash Join  (cost=93117.31..474817.39 rows=953273 width=8) (actual time=4013.743..8787.593 rows=942472 loops=1)
              Hash Cond: (mi.movie_id = t.id)
              ->  Seq Scan on movie_info mi  (cost=0.00..346232.03 rows=1550064 width=4) (actual time=2087.092..5570.010 rows=1533909 loops=1)
                    Filter: (info_type_id = 3)
                    Rows Removed by Filter: 13301811
              ->  Hash  (cost=67604.59..67604.59 rows=1555018 width=4) (actual time=1925.625..1925.625 rows=1551727 loops=1)
                    Buckets: 131072  Batches: 32  Memory Usage: 2737kB
                    ->  Seq Scan on title t  (cost=0.00..67604.59 rows=1555018 width=4) (actual time=0.033..1401.413 rows=1551727 loops=1)
                          Filter: (production_year < 2007)
                          Rows Removed by Filter: 976585
Planning time: 1.183 ms
Execution time: 15157.045 ms
