Nested Loop  (cost=0.43..83072.90 rows=106 width=0) (actual time=573.995..1348.413 rows=129 loops=1)
  ->  Seq Scan on movie_keyword mk  (cost=0.00..81003.12 rows=246 width=4) (actual time=0.292..1278.017 rows=1749 loops=1)
        Filter: (keyword_id = 1221)
        Rows Removed by Filter: 4522181
  ->  Index Scan using title_pkey on title t  (cost=0.43..8.40 rows=1 width=4) (actual time=0.039..0.039 rows=0 loops=1749)
        Index Cond: (id = mk.movie_id)
        Filter: ((production_year < 2009) AND (kind_id = 7))
        Rows Removed by Filter: 1
Planning time: 0.772 ms
Execution time: 1348.578 ms
