Hash Join  (cost=178741.37..685851.55 rows=4354183 width=0) (actual time=4250.690..20441.168 rows=14660118 loops=1)
  Hash Cond: (mi.movie_id = t.id)
  ->  Seq Scan on movie_info mi  (cost=0.00..346232.03 rows=9767026 width=4) (actual time=0.026..6746.111 rows=9911754 loops=1)
        Filter: (info_type_id > 4)
        Rows Removed by Filter: 4923966
  ->  Hash  (cost=160247.02..160247.02 rows=1127228 width=8) (actual time=4249.751..4249.751 rows=1248329 loops=1)
        Buckets: 131072 (originally 131072)  Batches: 32 (originally 16)  Memory Usage: 4093kB
        ->  Hash Join  (cost=101489.21..160247.02 rows=1127228 width=8) (actual time=2032.866..3900.657 rows=1248329 loops=1)
              Hash Cond: (mi_idx.movie_id = t.id)
              ->  Seq Scan on movie_info_idx mi_idx  (cost=0.00..21735.35 rows=1380035 width=4) (actual time=0.017..517.035 rows=1380035 loops=1)
              ->  Hash  (cost=67604.59..67604.59 rows=2065330 width=4) (actual time=2031.928..2031.928 rows=2064552 loops=1)
                    Buckets: 131072  Batches: 32  Memory Usage: 3289kB
                    ->  Seq Scan on title t  (cost=0.00..67604.59 rows=2065330 width=4) (actual time=0.020..1384.831 rows=2064552 loops=1)
                          Filter: (production_year < 2011)
                          Rows Removed by Filter: 463760
Planning time: 5.255 ms
Execution time: 22010.459 ms
