Seq Scan on cast_info ci  (cost=0.00..705507.15 rows=500 width=0) (actual time=6731.836..11267.952 rows=247 loops=1)
  Filter: (person_id = 1360578)
  Rows Removed by Filter: 36244097
Planning time: 0.395 ms
Execution time: 11268.088 ms
