Seq Scan on movie_keyword mk  (cost=0.00..81003.12 rows=3564526 width=0) (actual time=0.025..1573.565 rows=3559072 loops=1)
  Filter: (keyword_id > 905)
  Rows Removed by Filter: 964858
Planning time: 0.337 ms
Execution time: 2020.491 ms
