Seq Scan on cast_info ci  (cost=0.00..705507.15 rows=500 width=0) (actual time=1574.579..11632.918 rows=30 loops=1)
  Filter: (person_id = 2853441)
  Rows Removed by Filter: 36244314
Planning time: 0.345 ms
Execution time: 11633.019 ms
