Hash Join  (cost=129534.55..216680.08 rows=48749 width=0) (actual time=2485.542..4640.059 rows=1232339 loops=1)
  Hash Cond: (mk.movie_id = t.id)
  ->  Seq Scan on movie_keyword mk  (cost=0.00..69693.30 rows=4523930 width=4) (actual time=0.023..971.874 rows=4523930 loops=1)
  ->  Hash  (cost=129193.96..129193.96 rows=27247 width=8) (actual time=2485.313..2485.313 rows=51151 loops=1)
        Buckets: 65536 (originally 32768)  Batches: 1 (originally 1)  Memory Usage: 2511kB
        ->  Hash Join  (cost=74255.97..129193.96 rows=27247 width=8) (actual time=1210.451..2465.472 rows=51151 loops=1)
              Hash Cond: (mc.movie_id = t.id)
              ->  Seq Scan on movie_companies mc  (cost=0.00..44881.29 rows=2609129 width=4) (actual time=0.023..621.709 rows=2609129 loops=1)
              ->  Hash  (cost=73925.90..73925.90 rows=26405 width=4) (actual time=1210.249..1210.249 rows=23926 loops=1)
                    Buckets: 32768  Batches: 1  Memory Usage: 1098kB
                    ->  Seq Scan on title t  (cost=0.00..73925.90 rows=26405 width=4) (actual time=0.038..1199.589 rows=23926 loops=1)
                          Filter: ((kind_id < 7) AND (production_year = 2003))
                          Rows Removed by Filter: 2504386
Planning time: 1.082 ms
Execution time: 4793.678 ms
