Hash Join  (cost=77590.39..109436.96 rows=41063 width=0) (actual time=1271.074..1917.760 rows=11303 loops=1)
  Hash Cond: (mi_idx.movie_id = t.id)
  ->  Seq Scan on movie_info_idx mi_idx  (cost=0.00..25185.44 rows=464934 width=4) (actual time=0.010..449.837 rows=460185 loops=1)
        Filter: (info_type_id > 100)
        Rows Removed by Filter: 919850
  ->  Hash  (cost=73925.90..73925.90 rows=223319 width=4) (actual time=1269.294..1269.294 rows=90472 loops=1)
        Buckets: 131072  Batches: 4  Memory Usage: 1819kB
        ->  Seq Scan on title t  (cost=0.00..73925.90 rows=223319 width=4) (actual time=0.097..1235.924 rows=90472 loops=1)
              Filter: ((kind_id > 1) AND (production_year < 1965))
              Rows Removed by Filter: 2437840
Planning time: 0.793 ms
Execution time: 1919.381 ms
