Hash Join  (cost=162624.13..692292.12 rows=4673006 width=0) (actual time=3416.653..16976.380 rows=4517706 loops=1)
  Hash Cond: (mi.movie_id = t.id)
  ->  Seq Scan on movie_info mi  (cost=0.00..309384.22 rows=14739122 width=4) (actual time=3.724..5913.200 rows=14835720 loops=1)
  ->  Hash  (cost=149471.33..149471.33 rows=801664 width=8) (actual time=3408.589..3408.589 rows=492882 loops=1)
        Buckets: 131072  Batches: 16  Memory Usage: 2240kB
        ->  Hash Join  (cost=98024.21..149471.33 rows=801664 width=8) (actual time=1841.885..3279.038 rows=492882 loops=1)
              Hash Cond: (mi_idx.movie_id = t.id)
              ->  Seq Scan on movie_info_idx mi_idx  (cost=0.00..21735.35 rows=1380035 width=4) (actual time=0.018..500.064 rows=1380035 loops=1)
              ->  Hash  (cost=73925.90..73925.90 rows=1468824 width=4) (actual time=1840.768..1840.768 rows=1451272 loops=1)
                    Buckets: 131072  Batches: 32  Memory Usage: 2618kB
                    ->  Seq Scan on title t  (cost=0.00..73925.90 rows=1468824 width=4) (actual time=0.053..1381.978 rows=1451272 loops=1)
                          Filter: ((kind_id > 3) AND (production_year < 2012))
                          Rows Removed by Filter: 1077040
Planning time: 2.872 ms
Execution time: 17488.083 ms
