Hash Join  (cost=993352.55..1621658.33 rows=12190596 width=0) (actual time=15900.664..34170.996 rows=18856677 loops=1)
  Hash Cond: (mi.movie_id = t.id)
  ->  Seq Scan on movie_info mi  (cost=0.00..309384.22 rows=14739122 width=4) (actual time=0.016..6295.829 rows=14835720 loops=1)
  ->  Hash  (cost=959041.02..959041.02 rows=2091322 width=8) (actual time=15899.460..15899.460 rows=1032865 loops=1)
        Buckets: 131072  Batches: 32  Memory Usage: 2301kB
        ->  Hash Join  (cost=102767.86..959041.02 rows=2091322 width=8) (actual time=5555.070..15638.180 rows=1032865 loops=1)
              Hash Cond: (ci.movie_id = t.id)
              ->  Seq Scan on cast_info ci  (cost=0.00..796071.18 rows=2091322 width=4) (actual time=3675.054..12644.585 rows=1032865 loops=1)
                    Filter: ((person_id < 858849) AND (role_id > 5))
                    Rows Removed by Filter: 35211479
              ->  Hash  (cost=61283.27..61283.27 rows=2528527 width=4) (actual time=1878.521..1878.521 rows=2528312 loops=1)
                    Buckets: 131072  Batches: 64  Memory Usage: 2415kB
                    ->  Seq Scan on title t  (cost=0.00..61283.27 rows=2528527 width=4) (actual time=0.023..1046.965 rows=2528312 loops=1)
Planning time: 0.749 ms
Execution time: 36190.703 ms
