Hash Join  (cost=121323.05..175989.50 rows=93 width=0) (actual time=1119.583..2175.478 rows=1022 loops=1)
  Hash Cond: (mc.movie_id = t.id)
  ->  Seq Scan on movie_companies mc  (cost=0.00..44881.29 rows=2609129 width=4) (actual time=0.022..623.696 rows=2609129 loops=1)
  ->  Hash  (cost=121321.93..121321.93 rows=90 width=8) (actual time=1099.386..1099.386 rows=100 loops=1)
        Buckets: 1024  Batches: 1  Memory Usage: 12kB
        ->  Nested Loop  (cost=0.43..121321.93 rows=90 width=8) (actual time=15.802..1099.235 rows=100 loops=1)
              ->  Seq Scan on movie_keyword mk  (cost=0.00..81003.12 rows=5580 width=4) (actual time=0.113..967.380 rows=5857 loops=1)
                    Filter: (keyword_id = 405)
                    Rows Removed by Filter: 4518073
              ->  Index Scan using title_pkey on title t  (cost=0.43..7.22 rows=1 width=4) (actual time=0.022..0.022 rows=0 loops=5857)
                    Index Cond: (id = mk.movie_id)
                    Filter: (production_year = 1997)
                    Rows Removed by Filter: 1
Planning time: 1.187 ms
Execution time: 2175.827 ms
