Hash Join  (cost=194114.57..573043.90 rows=504849 width=0) (actual time=5294.026..15225.045 rows=10335756 loops=1)
  Hash Cond: (mi.movie_id = t.id)
  ->  Seq Scan on movie_info mi  (cost=0.00..346232.03 rows=2194617 width=4) (actual time=429.617..5802.597 rows=2233850 loops=1)
        Filter: (info_type_id > 16)
        Rows Removed by Filter: 12601870
  ->  Hash  (cost=184570.80..184570.80 rows=581662 width=8) (actual time=4835.723..4835.723 rows=790655 loops=1)
        Buckets: 131072 (originally 131072)  Batches: 16 (originally 8)  Memory Usage: 3073kB
        ->  Hash Join  (cost=102767.86..184570.80 rows=581662 width=8) (actual time=1883.463..4566.564 rows=790655 loops=1)
              Hash Cond: (mc.movie_id = t.id)
              ->  Seq Scan on movie_companies mc  (cost=0.00..57926.93 rows=581662 width=4) (actual time=0.019..1026.476 rows=790655 loops=1)
                    Filter: ((company_id < 10205) AND (company_type_id < 2))
                    Rows Removed by Filter: 1818474
              ->  Hash  (cost=61283.27..61283.27 rows=2528527 width=4) (actual time=1882.336..1882.336 rows=2528312 loops=1)
                    Buckets: 131072  Batches: 64  Memory Usage: 2415kB
                    ->  Seq Scan on title t  (cost=0.00..61283.27 rows=2528527 width=4) (actual time=0.013..1055.752 rows=2528312 loops=1)
Planning time: 2.122 ms
Execution time: 16291.918 ms
