Hash Join  (cost=130814.01..218620.89 rows=114884 width=0) (actual time=3203.897..6453.451 rows=3360874 loops=1)
  Hash Cond: (mk.movie_id = t.id)
  ->  Seq Scan on movie_keyword mk  (cost=0.00..69693.30 rows=4523930 width=4) (actual time=0.024..1009.903 rows=4523930 loops=1)
  ->  Hash  (cost=130011.38..130011.38 rows=64211 width=8) (actual time=3202.920..3202.920 rows=345409 loops=1)
        Buckets: 131072 (originally 65536)  Batches: 2 (originally 1)  Memory Usage: 7796kB
        ->  Hash Join  (cost=74703.74..130011.38 rows=64211 width=8) (actual time=1169.872..3083.029 rows=345409 loops=1)
              Hash Cond: (mc.movie_id = t.id)
              ->  Seq Scan on movie_companies mc  (cost=0.00..44881.29 rows=2609129 width=4) (actual time=0.017..613.868 rows=2609129 loops=1)
              ->  Hash  (cost=73925.90..73925.90 rows=62227 width=4) (actual time=1168.801..1168.801 rows=162212 loops=1)
                    Buckets: 131072 (originally 65536)  Batches: 2 (originally 1)  Memory Usage: 3877kB
                    ->  Seq Scan on title t  (cost=0.00..73925.90 rows=62227 width=4) (actual time=2.631..1110.206 rows=162212 loops=1)
                          Filter: ((kind_id < 7) AND (production_year < 1950))
                          Rows Removed by Filter: 2366100
Planning time: 1.137 ms
Execution time: 6852.699 ms
