Hash Join  (cost=77134.53..992259.08 rows=741665 width=0) (actual time=8328.310..24908.600 rows=1641065 loops=1)
  Hash Cond: (ci.movie_id = t.id)
  ->  Seq Scan on cast_info ci  (cost=0.00..796071.18 rows=9588992 width=4) (actual time=6944.503..16814.212 rows=12670688 loops=1)
        Filter: ((person_id < 2800890) AND (role_id < 2))
        Rows Removed by Filter: 23573656
  ->  Hash  (cost=73925.90..73925.90 rows=195570 width=4) (actual time=1382.850..1382.850 rows=300646 loops=1)
        Buckets: 131072  Batches: 4  Memory Usage: 3670kB
        ->  Seq Scan on title t  (cost=0.00..73925.90 rows=195570 width=4) (actual time=0.038..1282.915 rows=300646 loops=1)
              Filter: ((kind_id < 7) AND (production_year < 1979))
              Rows Removed by Filter: 2227666
Planning time: 0.820 ms
Execution time: 25102.817 ms
