Seq Scan on movie_keyword mk  (cost=0.00..81003.12 rows=246 width=0) (actual time=14.569..1281.974 rows=71 loops=1)
  Filter: (keyword_id = 9851)
  Rows Removed by Filter: 4523859
Planning time: 0.372 ms
Execution time: 1282.125 ms
