Seq Scan on movie_companies mc  (cost=0.00..51404.11 rows=510509 width=0) (actual time=0.029..873.955 rows=509300 loops=1)
  Filter: (company_id < 466)
  Rows Removed by Filter: 2099829
Planning time: 0.312 ms
Execution time: 940.758 ms
