Seq Scan on movie_companies mc  (cost=0.00..51404.11 rows=1820612 width=0) (actual time=0.027..988.106 rows=1813079 loops=1)
  Filter: (company_id < 30980)
  Rows Removed by Filter: 796050
Planning time: 3.559 ms
Execution time: 1210.843 ms
