Seq Scan on cast_info ci  (cost=0.00..705507.15 rows=500 width=0) (actual time=1872.019..10839.479 rows=202 loops=1)
  Filter: (person_id = 1999412)
  Rows Removed by Filter: 36244142
Planning time: 0.424 ms
Execution time: 10839.589 ms
