Seq Scan on movie_companies mc  (cost=0.00..51404.11 rows=104 width=0) (actual time=22.048..743.287 rows=1157 loops=1)
  Filter: (company_id = 6209)
  Rows Removed by Filter: 2607972
Planning time: 0.670 ms
Execution time: 743.462 ms
