Seq Scan on movie_companies mc  (cost=0.00..57926.93 rows=712245 width=0) (actual time=54.558..1001.103 rows=448119 loops=1)
  Filter: ((company_id < 12001) AND (company_type_id > 1))
  Rows Removed by Filter: 2161010
Planning time: 0.341 ms
Execution time: 1063.798 ms
