Seq Scan on cast_info ci  (cost=0.00..796071.18 rows=176 width=0) (actual time=6759.893..12817.600 rows=63 loops=1)
  Filter: ((role_id < 2) AND (person_id = 504748))
  Rows Removed by Filter: 36244281
Planning time: 0.400 ms
Execution time: 12817.704 ms
