Seq Scan on movie_keyword mk  (cost=0.00..81003.12 rows=2706586 width=0) (actual time=0.024..1448.179 rows=2701175 loops=1)
  Filter: (keyword_id > 2988)
  Rows Removed by Filter: 1822755
Planning time: 0.336 ms
Execution time: 1790.417 ms
