Seq Scan on cast_info ci  (cost=0.00..796071.18 rows=324 width=0) (actual time=10773.414..11549.518 rows=108 loops=1)
  Filter: ((role_id > 1) AND (person_id = 4047466))
  Rows Removed by Filter: 36244236
Planning time: 0.407 ms
Execution time: 11549.665 ms
