Seq Scan on movie_companies mc  (cost=0.00..57926.93 rows=51 width=0) (actual time=0.114..804.010 rows=29 loops=1)
  Filter: ((company_id = 10417) AND (company_type_id = 1))
  Rows Removed by Filter: 2609100
Planning time: 0.394 ms
Execution time: 804.110 ms
