Hash Join  (cost=73990.99..160742.19 rows=9316 width=0) (actual time=1287.849..3120.486 rows=23475 loops=1)
  Hash Cond: (mk.movie_id = t.id)
  ->  Seq Scan on movie_keyword mk  (cost=0.00..69693.30 rows=4523930 width=4) (actual time=0.019..1017.300 rows=4523930 loops=1)
  ->  Hash  (cost=73925.90..73925.90 rows=5207 width=4) (actual time=1287.399..1287.399 rows=17639 loops=1)
        Buckets: 32768 (originally 8192)  Batches: 1 (originally 1)  Memory Usage: 877kB
        ->  Seq Scan on title t  (cost=0.00..73925.90 rows=5207 width=4) (actual time=0.055..1278.588 rows=17639 loops=1)
              Filter: ((kind_id > 2) AND (production_year = 1991))
              Rows Removed by Filter: 2510673
Planning time: 0.728 ms
Execution time: 3123.795 ms
