Hash Join  (cost=116193.50..203945.93 rows=18176 width=0) (actual time=2347.499..4079.657 rows=243492 loops=1)
  Hash Cond: (mk.movie_id = t.id)
  ->  Seq Scan on movie_keyword mk  (cost=0.00..81003.12 rows=539078 width=4) (actual time=0.025..1412.098 rows=533915 loops=1)
        Filter: (keyword_id > 34325)
        Rows Removed by Filter: 3990015
  ->  Hash  (cost=114793.84..114793.84 rows=85253 width=8) (actual time=2346.595..2346.595 rows=190511 loops=1)
        Buckets: 131072 (originally 131072)  Batches: 4 (originally 2)  Memory Usage: 3073kB
        ->  Hash Join  (cost=81598.21..114793.84 rows=85253 width=8) (actual time=1410.317..2276.076 rows=190511 loops=1)
              Hash Cond: (mi_idx.movie_id = t.id)
              ->  Seq Scan on movie_info_idx mi_idx  (cost=0.00..25185.44 rows=460978 width=4) (actual time=0.020..462.639 rows=459925 loops=1)
                    Filter: (info_type_id < 100)
                    Rows Removed by Filter: 920110
              ->  Hash  (cost=73925.90..73925.90 rows=467624 width=4) (actual time=1409.387..1409.387 rows=557493 loops=1)
                    Buckets: 131072  Batches: 8  Memory Usage: 3486kB
                    ->  Seq Scan on title t  (cost=0.00..73925.90 rows=467624 width=4) (actual time=0.034..1238.578 rows=557493 loops=1)
                          Filter: ((kind_id < 7) AND (production_year < 2003))
                          Rows Removed by Filter: 1970819
Planning time: 1.129 ms
Execution time: 4110.955 ms
