Nested Loop  (cost=0.43..709673.15 rows=236 width=0) (actual time=2883.384..11192.557 rows=177 loops=1)
  ->  Seq Scan on cast_info ci  (cost=0.00..705507.15 rows=500 width=4) (actual time=2883.273..11173.832 rows=232 loops=1)
        Filter: (person_id = 1784060)
        Rows Removed by Filter: 36244112
  ->  Index Scan using title_pkey on title t  (cost=0.43..8.32 rows=1 width=4) (actual time=0.080..0.080 rows=1 loops=232)
        Index Cond: (id = ci.movie_id)
        Filter: (production_year > 2003)
        Rows Removed by Filter: 0
Planning time: 0.790 ms
Execution time: 11192.718 ms
