Seq Scan on cast_info ci  (cost=0.00..796071.18 rows=2227942 width=0) (actual time=6623.881..13033.749 rows=1446459 loops=1)
  Filter: ((person_id < 2015342) AND (role_id = 3))
  Rows Removed by Filter: 34797885
Planning time: 0.381 ms
Execution time: 13223.457 ms
