Seq Scan on cast_info ci  (cost=0.00..796071.18 rows=11627333 width=0) (actual time=0.021..14423.564 rows=18049346 loops=1)
  Filter: ((person_id > 1806459) AND (role_id > 1))
  Rows Removed by Filter: 18194998
Planning time: 0.447 ms
Execution time: 16608.518 ms
