Hash Join  (cost=445012.17..484978.64 rows=132499 width=0) (actual time=7597.745..8960.412 rows=670180 loops=1)
  Hash Cond: (mi_idx.movie_id = t.id)
  ->  Seq Scan on movie_info_idx mi_idx  (cost=0.00..21735.35 rows=1380035 width=4) (actual time=0.024..479.084 rows=1380035 loops=1)
  ->  Hash  (cost=441028.57..441028.57 rows=242768 width=8) (actual time=7596.973..7596.973 rows=493670 loops=1)
        Buckets: 131072 (originally 131072)  Batches: 8 (originally 4)  Memory Usage: 3457kB
        ->  Hash Join  (cost=80042.24..441028.57 rows=242768 width=8) (actual time=5532.290..7451.303 rows=493670 loops=1)
              Hash Cond: (mi.movie_id = t.id)
              ->  Seq Scan on movie_info mi  (cost=0.00..346232.03 rows=809768 width=4) (actual time=4136.266..5352.419 rows=802140 loops=1)
                    Filter: (info_type_id < 2)
                    Rows Removed by Filter: 14033580
              ->  Hash  (cost=67604.59..67604.59 rows=758052 width=4) (actual time=1395.213..1395.213 rows=753677 loops=1)
                    Buckets: 131072  Batches: 16  Memory Usage: 2686kB
                    ->  Seq Scan on title t  (cost=0.00..67604.59 rows=758052 width=4) (actual time=0.036..1149.384 rows=753677 loops=1)
                          Filter: (kind_id < 3)
                          Rows Removed by Filter: 1774635
Planning time: 1.133 ms
Execution time: 9035.202 ms
