Hash Join  (cost=75867.62..187564.07 rows=117558 width=0) (actual time=1248.163..3093.623 rows=36617 loops=1)
  Hash Cond: (mk.movie_id = t.id)
  ->  Seq Scan on movie_keyword mk  (cost=0.00..81003.12 rows=2512733 width=4) (actual time=0.018..1089.754 rows=2506132 loops=1)
        Filter: (keyword_id < 6151)
        Rows Removed by Filter: 2017798
  ->  Hash  (cost=73925.90..73925.90 rows=118297 width=4) (actual time=1246.853..1246.853 rows=122606 loops=1)
        Buckets: 131072  Batches: 2  Memory Usage: 3185kB
        ->  Seq Scan on title t  (cost=0.00..73925.90 rows=118297 width=4) (actual time=0.008..1197.996 rows=122606 loops=1)
              Filter: ((kind_id > 1) AND (production_year = 2011))
              Rows Removed by Filter: 2405706
Planning time: 0.531 ms
Execution time: 3098.225 ms
