Hash Join  (cost=122708.15..209565.36 rows=19917 width=0) (actual time=1051.753..2906.478 rows=2328 loops=1)
  Hash Cond: (mk.movie_id = t.id)
  ->  Seq Scan on movie_keyword mk  (cost=0.00..69693.30 rows=4523930 width=4) (actual time=0.014..1064.076 rows=4523930 loops=1)
  ->  Hash  (cost=122569.00..122569.00 rows=11132 width=8) (actual time=1035.789..1035.789 rows=11817 loops=1)
        Buckets: 16384  Batches: 1  Memory Usage: 590kB
        ->  Nested Loop  (cost=0.43..122569.00 rows=11132 width=8) (actual time=72.964..1029.935 rows=11817 loops=1)
              ->  Seq Scan on movie_companies mc  (cost=0.00..51404.11 rows=11132 width=4) (actual time=72.876..829.287 rows=11817 loops=1)
                    Filter: (company_id = 11203)
                    Rows Removed by Filter: 2597312
              ->  Index Only Scan using title_pkey on title t  (cost=0.43..6.38 rows=1 width=4) (actual time=0.016..0.016 rows=1 loops=11817)
                    Index Cond: (id = mc.movie_id)
                    Heap Fetches: 11817
Planning time: 1.907 ms
Execution time: 2907.052 ms
