Hash Join  (cost=798791.46..885455.30 rows=580 width=0) (actual time=14225.059..16024.876 rows=9 loops=1)
  Hash Cond: (mk.movie_id = t.id)
  ->  Seq Scan on movie_keyword mk  (cost=0.00..69693.30 rows=4523930 width=4) (actual time=0.027..1168.580 rows=4523930 loops=1)
  ->  Hash  (cost=798787.41..798787.41 rows=324 width=8) (actual time=14101.316..14101.316 rows=149 loops=1)
        Buckets: 1024  Batches: 1  Memory Usage: 14kB
        ->  Nested Loop  (cost=0.43..798787.41 rows=324 width=8) (actual time=10379.306..14101.232 rows=149 loops=1)
              ->  Seq Scan on cast_info ci  (cost=0.00..796071.18 rows=324 width=4) (actual time=10379.209..14097.755 rows=149 loops=1)
                    Filter: ((role_id > 1) AND (person_id = 2024322))
                    Rows Removed by Filter: 36244195
              ->  Index Only Scan using title_pkey on title t  (cost=0.43..8.37 rows=1 width=4) (actual time=0.022..0.022 rows=1 loops=149)
                    Index Cond: (id = ci.movie_id)
                    Heap Fetches: 149
Planning time: 1.129 ms
Execution time: 16024.976 ms
