Hash Join  (cost=190230.21..1080128.89 rows=2835813 width=0) (actual time=4240.045..25959.166 rows=6810001 loops=1)
  Hash Cond: (ci.movie_id = t.id)
  ->  Seq Scan on cast_info ci  (cost=0.00..796071.18 rows=5195831 width=4) (actual time=0.019..16136.655 rows=7197819 loops=1)
        Filter: ((person_id < 2665594) AND (role_id = 2))
        Rows Removed by Filter: 29046525
  ->  Hash  (cost=167588.78..167588.78 rows=1380035 width=8) (actual time=4238.812..4238.812 rows=1380035 loops=1)
        Buckets: 131072  Batches: 32  Memory Usage: 2708kB
        ->  Hash Join  (cost=102767.86..167588.78 rows=1380035 width=8) (actual time=1920.473..3855.683 rows=1380035 loops=1)
              Hash Cond: (mi_idx.movie_id = t.id)
              ->  Seq Scan on movie_info_idx mi_idx  (cost=0.00..21735.35 rows=1380035 width=4) (actual time=0.020..470.163 rows=1380035 loops=1)
              ->  Hash  (cost=61283.27..61283.27 rows=2528527 width=4) (actual time=1919.537..1919.537 rows=2528312 loops=1)
                    Buckets: 131072  Batches: 64  Memory Usage: 2415kB
                    ->  Seq Scan on title t  (cost=0.00..61283.27 rows=2528527 width=4) (actual time=0.021..1091.888 rows=2528312 loops=1)
Planning time: 1.214 ms
Execution time: 26749.966 ms
