Nested Loop  (cost=0.43..132180.54 rows=1 width=0) (actual time=129.050..1580.888 rows=2 loops=1)
  ->  Seq Scan on movie_keyword mk  (cost=0.00..81003.12 rows=7389 width=4) (actual time=0.071..1314.851 rows=9638 loops=1)
        Filter: (keyword_id = 236)
        Rows Removed by Filter: 4514292
  ->  Index Scan using title_pkey on title t  (cost=0.43..6.92 rows=1 width=4) (actual time=0.027..0.027 rows=0 loops=9638)
        Index Cond: (id = mk.movie_id)
        Filter: ((production_year > 2013) AND (kind_id = 1))
        Rows Removed by Filter: 1
Planning time: 0.778 ms
Execution time: 1581.001 ms
