Hash Join  (cost=447983.67..1244613.27 rows=103843 width=0) (actual time=5940.366..23710.077 rows=6323 loops=1)
  Hash Cond: (ci.movie_id = t.id)
  ->  Seq Scan on cast_info ci  (cost=0.00..705507.15 rows=24022411 width=4) (actual time=0.017..14343.113 rows=24130698 loops=1)
        Filter: (role_id < 4)
        Rows Removed by Filter: 12113646
  ->  Hash  (cost=447847.04..447847.04 rows=10930 width=8) (actual time=5938.373..5938.373 rows=314 loops=1)
        Buckets: 16384  Batches: 1  Memory Usage: 141kB
        ->  Nested Loop  (cost=0.43..447847.04 rows=10930 width=8) (actual time=251.815..5938.176 rows=314 loops=1)
              ->  Seq Scan on movie_info mi  (cost=0.00..346232.03 rows=17937 width=4) (actual time=251.650..5267.930 rows=68025 loops=1)
                    Filter: (info_type_id = 94)
                    Rows Removed by Filter: 14767695
              ->  Index Scan using title_pkey on title t  (cost=0.43..5.66 rows=1 width=4) (actual time=0.009..0.010 rows=0 loops=68025)
                    Index Cond: (id = mi.movie_id)
                    Filter: (kind_id = 7)
                    Rows Removed by Filter: 1
Planning time: 1.202 ms
Execution time: 23712.618 ms
