Hash Join  (cost=102767.86..991702.53 rows=3448707 width=0) (actual time=12010.996..20894.300 rows=3642897 loops=1)
  Hash Cond: (ci.movie_id = t.id)
  ->  Seq Scan on cast_info ci  (cost=0.00..796071.18 rows=3448707 width=4) (actual time=9905.903..15601.476 rows=3642897 loops=1)
        Filter: ((person_id > 471698) AND (role_id = 3))
        Rows Removed by Filter: 32601447
  ->  Hash  (cost=61283.27..61283.27 rows=2528527 width=4) (actual time=2103.917..2103.917 rows=2528312 loops=1)
        Buckets: 131072  Batches: 64  Memory Usage: 2415kB
        ->  Seq Scan on title t  (cost=0.00..61283.27 rows=2528527 width=4) (actual time=0.025..1144.047 rows=2528312 loops=1)
Planning time: 0.778 ms
Execution time: 21310.905 ms
