Hash Join  (cost=245620.78..825702.14 rows=7671054 width=0) (actual time=5198.078..18624.345 rows=3983507 loops=1)
  Hash Cond: (mi.movie_id = t.id)
  ->  Seq Scan on movie_info mi  (cost=0.00..309384.22 rows=14739122 width=4) (actual time=0.016..6052.356 rows=14835720 loops=1)
  ->  Hash  (cost=224029.97..224029.97 rows=1315985 width=8) (actual time=5035.455..5035.455 rows=347587 loops=1)
        Buckets: 131072  Batches: 32  Memory Usage: 1411kB
        ->  Hash Join  (cost=85994.08..224029.97 rows=1315985 width=8) (actual time=1476.460..4932.453 rows=347587 loops=1)
              Hash Cond: (mk.movie_id = t.id)
              ->  Seq Scan on movie_keyword mk  (cost=0.00..69693.30 rows=4523930 width=4) (actual time=0.011..1449.212 rows=4523930 loops=1)
              ->  Hash  (cost=73925.90..73925.90 rows=735534 width=4) (actual time=1475.252..1475.252 rows=646443 loops=1)
                    Buckets: 131072  Batches: 16  Memory Usage: 2449kB
                    ->  Seq Scan on title t  (cost=0.00..73925.90 rows=735534 width=4) (actual time=0.029..1254.566 rows=646443 loops=1)
                          Filter: ((kind_id > 4) AND (production_year < 2003))
                          Rows Removed by Filter: 1881869
Planning time: 1.109 ms
Execution time: 19091.536 ms
