Hash Join  (cost=229712.23..1234556.82 rows=7318493 width=0) (actual time=5999.226..49588.923 rows=73788625 loops=1)
  Hash Cond: (ci.movie_id = t.id)
  ->  Seq Scan on cast_info ci  (cost=0.00..705507.15 rows=19234010 width=4) (actual time=46.568..14527.392 rows=19130295 loops=1)
        Filter: (person_id < 1910979)
        Rows Removed by Filter: 17114049
  ->  Hash  (cost=213927.00..213927.00 rows=962098 width=8) (actual time=5888.130..5888.130 rows=2298294 loops=1)
        Buckets: 131072 (originally 131072)  Batches: 32 (originally 16)  Memory Usage: 3821kB
        ->  Hash Join  (cost=78556.72..213927.00 rows=962098 width=8) (actual time=1492.720..5237.011 rows=2298294 loops=1)
              Hash Cond: (mk.movie_id = t.id)
              ->  Seq Scan on movie_keyword mk  (cost=0.00..81003.12 rows=3644312 width=4) (actual time=0.028..1715.676 rows=3636921 loops=1)
                    Filter: (keyword_id < 20795)
                    Rows Removed by Filter: 887009
              ->  Hash  (cost=67604.59..67604.59 rows=667531 width=4) (actual time=1227.111..1227.111 rows=662825 loops=1)
                    Buckets: 131072  Batches: 16  Memory Usage: 2486kB
                    ->  Seq Scan on title t  (cost=0.00..67604.59 rows=667531 width=4) (actual time=276.120..1025.229 rows=662825 loops=1)
                          Filter: (kind_id = 1)
                          Rows Removed by Filter: 1865487
Planning time: 1.221 ms
Execution time: 57668.980 ms
