Hash Join  (cost=74389.43..909394.14 rows=146530 width=0) (actual time=7020.109..19949.105 rows=174139 loops=1)
  Hash Cond: (ci.movie_id = t.id)
  ->  Seq Scan on cast_info ci  (cost=0.00..796071.18 rows=9991528 width=4) (actual time=5809.749..15351.055 rows=12275494 loops=1)
        Filter: ((person_id > 1366343) AND (role_id > 2))
        Rows Removed by Filter: 23968850
  ->  Hash  (cost=73925.90..73925.90 rows=37082 width=4) (actual time=1209.013..1209.013 rows=41935 loops=1)
        Buckets: 65536  Batches: 1  Memory Usage: 1987kB
        ->  Seq Scan on title t  (cost=0.00..73925.90 rows=37082 width=4) (actual time=1.167..1191.427 rows=41935 loops=1)
              Filter: ((kind_id = 7) AND (production_year = 2002))
              Rows Removed by Filter: 2486377
Planning time: 0.762 ms
Execution time: 19974.036 ms
