Hash Join  (cost=454924.12..535590.91 rows=407428 width=0) (actual time=7721.787..9984.543 rows=532987 loops=1)
  Hash Cond: (mc.movie_id = t.id)
  ->  Seq Scan on movie_companies mc  (cost=0.00..44881.29 rows=2609129 width=4) (actual time=0.020..945.863 rows=2609129 loops=1)
  ->  Hash  (cost=448445.60..448445.60 rows=394841 width=8) (actual time=7721.032..7721.032 rows=333047 loops=1)
        Buckets: 131072  Batches: 8  Memory Usage: 2642kB
        ->  Hash Join  (cost=80562.70..448445.60 rows=394841 width=8) (actual time=3339.916..7618.142 rows=333047 loops=1)
              Hash Cond: (mi.movie_id = t.id)
              ->  Seq Scan on movie_info mi  (cost=0.00..346232.03 rows=1264125 width=4) (actual time=1947.210..5291.543 rows=1288928 loops=1)
                    Filter: (info_type_id = 2)
                    Rows Removed by Filter: 13546792
              ->  Hash  (cost=67604.59..67604.59 rows=789769 width=4) (actual time=1391.823..1391.823 rows=784926 loops=1)
                    Buckets: 131072  Batches: 16  Memory Usage: 2755kB
                    ->  Seq Scan on title t  (cost=0.00..67604.59 rows=789769 width=4) (actual time=0.026..1126.649 rows=784926 loops=1)
                          Filter: (production_year > 2007)
                          Rows Removed by Filter: 1743386
Planning time: 1.184 ms
Execution time: 10050.410 ms
