Seq Scan on movie_keyword mk  (cost=0.00..81003.12 rows=2427108 width=0) (actual time=0.028..1477.882 rows=2416748 loops=1)
  Filter: (keyword_id > 3800)
  Rows Removed by Filter: 2107182
Planning time: 0.359 ms
Execution time: 1782.131 ms
