Nested Loop  (cost=0.43..709673.15 rows=408 width=0) (actual time=754.043..11008.285 rows=46 loops=1)
  ->  Seq Scan on cast_info ci  (cost=0.00..705507.15 rows=500 width=4) (actual time=753.941..11005.243 rows=46 loops=1)
        Filter: (person_id = 3772393)
        Rows Removed by Filter: 36244298
  ->  Index Scan using title_pkey on title t  (cost=0.43..8.32 rows=1 width=4) (actual time=0.065..0.065 rows=1 loops=46)
        Index Cond: (id = ci.movie_id)
        Filter: (production_year < 2011)
Planning time: 0.785 ms
Execution time: 11008.398 ms
