Hash Join  (cost=73702.75..872900.50 rows=18884 width=0) (actual time=1971.309..12133.066 rows=32478 loops=1)
  Hash Cond: (ci.movie_id = t.id)
  ->  Seq Scan on cast_info ci  (cost=0.00..796071.18 rows=128461 width=4) (actual time=878.789..10880.494 rows=231728 loops=1)
        Filter: ((person_id < 35967) AND (role_id < 2))
        Rows Removed by Filter: 36012616
  ->  Hash  (cost=67604.59..67604.59 rows=371693 width=4) (actual time=1091.477..1091.477 rows=366430 loops=1)
        Buckets: 131072  Batches: 8  Memory Usage: 2627kB
        ->  Seq Scan on title t  (cost=0.00..67604.59 rows=371693 width=4) (actual time=0.027..969.659 rows=366430 loops=1)
              Filter: (production_year < 1970)
              Rows Removed by Filter: 2161882
Planning time: 3.024 ms
Execution time: 12137.506 ms
