Hash Join  (cost=102767.86..191576.98 rows=872873 width=0) (actual time=2138.082..3931.614 rows=553713 loops=1)
  Hash Cond: (mc.movie_id = t.id)
  ->  Seq Scan on movie_companies mc  (cost=0.00..57926.93 rows=872873 width=4) (actual time=131.305..1131.028 rows=553713 loops=1)
        Filter: ((company_id < 21165) AND (company_type_id > 1))
        Rows Removed by Filter: 2055416
  ->  Hash  (cost=61283.27..61283.27 rows=2528527 width=4) (actual time=2005.439..2005.439 rows=2528312 loops=1)
        Buckets: 131072  Batches: 64  Memory Usage: 2415kB
        ->  Seq Scan on title t  (cost=0.00..61283.27 rows=2528527 width=4) (actual time=0.021..1162.632 rows=2528312 loops=1)
Planning time: 0.534 ms
Execution time: 3986.945 ms
