Seq Scan on cast_info ci  (cost=0.00..705507.15 rows=17517312 width=0) (actual time=0.018..12617.812 rows=17638871 loops=1)
  Filter: (person_id > 1852067)
  Rows Removed by Filter: 18605473
Planning time: 0.236 ms
Execution time: 14757.572 ms
