Hash Join  (cost=201924.21..694447.39 rows=1191825 width=0) (actual time=3619.984..18068.093 rows=8189502 loops=1)
  Hash Cond: (mi.movie_id = t.id)
  ->  Seq Scan on movie_info mi  (cost=0.00..309384.22 rows=14739122 width=4) (actual time=0.010..6094.043 rows=14835720 loops=1)
  ->  Hash  (cost=198569.46..198569.46 rows=204460 width=8) (actual time=3619.154..3619.154 rows=220327 loops=1)
        Buckets: 131072  Batches: 4  Memory Usage: 3209kB
        ->  Hash Join  (cost=102767.86..198569.46 rows=204460 width=8) (actual time=1780.711..3554.041 rows=220327 loops=1)
              Hash Cond: (mk.movie_id = t.id)
              ->  Seq Scan on movie_keyword mk  (cost=0.00..81003.12 rows=204460 width=4) (actual time=0.028..1225.533 rows=220327 loops=1)
                    Filter: (keyword_id < 171)
                    Rows Removed by Filter: 4303603
              ->  Hash  (cost=61283.27..61283.27 rows=2528527 width=4) (actual time=1778.205..1778.205 rows=2528312 loops=1)
                    Buckets: 131072  Batches: 64  Memory Usage: 2425kB
                    ->  Seq Scan on title t  (cost=0.00..61283.27 rows=2528527 width=4) (actual time=0.017..975.158 rows=2528312 loops=1)
Planning time: 1.144 ms
Execution time: 19010.776 ms
