Seq Scan on cast_info ci  (cost=0.00..796071.18 rows=3182523 width=0) (actual time=3494.845..14267.978 rows=1029646 loops=1)
  Filter: ((person_id < 2539672) AND (role_id > 9))
  Rows Removed by Filter: 35214698
Planning time: 0.355 ms
Execution time: 14397.339 ms
