Seq Scan on cast_info ci  (cost=0.00..796071.18 rows=131 width=0) (actual time=4691.341..12853.652 rows=1 loops=1)
  Filter: ((role_id > 4) AND (person_id = 361046))
  Rows Removed by Filter: 36244343
Planning time: 0.475 ms
Execution time: 12853.805 ms
