Hash Join  (cost=853752.86..998555.33 rows=1871443 width=0) (actual time=15773.244..23761.203 rows=15654289 loops=1)
  Hash Cond: (mk.movie_id = t.id)
  ->  Seq Scan on movie_keyword mk  (cost=0.00..69693.30 rows=4523930 width=4) (actual time=0.012..1517.479 rows=4523930 loops=1)
  ->  Hash  (cost=836591.96..836591.96 rows=1045992 width=8) (actual time=15772.386..15772.386 rows=1133786 loops=1)
        Buckets: 131072  Batches: 16  Memory Usage: 3810kB
        ->  Hash Join  (cost=81720.25..836591.96 rows=1045992 width=8) (actual time=2415.506..15364.930 rows=1133786 loops=1)
              Hash Cond: (ci.movie_id = t.id)
              ->  Seq Scan on cast_info ci  (cost=0.00..705507.15 rows=3074038 width=4) (actual time=1046.854..11426.634 rows=2991068 loops=1)
                    Filter: (person_id < 290659)
                    Rows Removed by Filter: 33253276
              ->  Hash  (cost=67604.59..67604.59 rows=860373 width=4) (actual time=1367.699..1367.699 rows=854214 loops=1)
                    Buckets: 131072  Batches: 16  Memory Usage: 2897kB
                    ->  Seq Scan on title t  (cost=0.00..67604.59 rows=860373 width=4) (actual time=0.025..1104.126 rows=854214 loops=1)
                          Filter: (kind_id < 4)
                          Rows Removed by Filter: 1674098
Planning time: 1.649 ms
Execution time: 25579.981 ms
