Hash Join  (cost=160526.42..236780.06 rows=481709 width=0) (actual time=3687.958..5668.839 rows=664986 loops=1)
  Hash Cond: (mc.movie_id = t.id)
  ->  Seq Scan on movie_companies mc  (cost=0.00..51404.11 rows=1448384 width=4) (actual time=0.021..1058.027 rows=1439332 loops=1)
        Filter: (company_id < 12821)
        Rows Removed by Filter: 1169797
  ->  Hash  (cost=146729.58..146729.58 rows=840947 width=8) (actual time=3179.241..3179.241 rows=425718 loops=1)
        Buckets: 131072  Batches: 16  Memory Usage: 2062kB
        ->  Hash Join  (cost=92883.59..146729.58 rows=840947 width=8) (actual time=1708.438..3064.047 rows=425718 loops=1)
              Hash Cond: (mi_idx.movie_id = t.id)
              ->  Seq Scan on movie_info_idx mi_idx  (cost=0.00..21735.35 rows=1380035 width=4) (actual time=0.018..387.216 rows=1380035 loops=1)
              ->  Hash  (cost=67604.59..67604.59 rows=1540800 width=4) (actual time=1706.997..1706.997 rows=1543264 loops=1)
                    Buckets: 131072  Batches: 32  Memory Usage: 2722kB
                    ->  Seq Scan on title t  (cost=0.00..67604.59 rows=1540800 width=4) (actual time=0.024..1218.118 rows=1543264 loops=1)
                          Filter: (kind_id = 7)
                          Rows Removed by Filter: 985048
Planning time: 1.038 ms
Execution time: 5746.855 ms
