Hash Join  (cost=67697.55..122439.81 rows=7674 width=0) (actual time=901.241..2108.415 rows=17095 loops=1)
  Hash Cond: (mc.movie_id = t.id)
  ->  Seq Scan on movie_companies mc  (cost=0.00..44881.29 rows=2609129 width=4) (actual time=0.024..626.920 rows=2609129 loops=1)
  ->  Hash  (cost=67604.59..67604.59 rows=7437 width=4) (actual time=901.071..901.071 rows=13623 loops=1)
        Buckets: 16384 (originally 8192)  Batches: 1 (originally 1)  Memory Usage: 607kB
        ->  Seq Scan on title t  (cost=0.00..67604.59 rows=7437 width=4) (actual time=0.103..894.851 rows=13623 loops=1)
              Filter: (production_year = 1972)
              Rows Removed by Filter: 2514689
Planning time: 3.133 ms
Execution time: 2111.379 ms
