Hash Join  (cost=427358.51..1186953.77 rows=880614 width=0) (actual time=7376.086..28653.233 rows=1899687 loops=1)
  Hash Cond: (ci.movie_id = t.id)
  ->  Seq Scan on cast_info ci  (cost=0.00..614943.12 rows=36225612 width=4) (actual time=0.005..9147.139 rows=36244344 loops=1)
  ->  Hash  (cost=426590.19..426590.19 rows=61466 width=8) (actual time=7375.517..7375.517 rows=61545 loops=1)
        Buckets: 65536  Batches: 1  Memory Usage: 2917kB
        ->  Hash Join  (cost=68237.77..426590.19 rows=61466 width=8) (actual time=2677.926..7352.012 rows=61545 loops=1)
              Hash Cond: (mi.movie_id = t.id)
              ->  Seq Scan on movie_info mi  (cost=0.00..346232.03 rows=3068194 width=4) (actual time=1587.278..5514.121 rows=3036719 loops=1)
                    Filter: (info_type_id = 16)
                    Rows Removed by Filter: 11799001
              ->  Hash  (cost=67604.59..67604.59 rows=50655 width=4) (actual time=1089.790..1089.790 rows=50564 loops=1)
                    Buckets: 65536  Batches: 1  Memory Usage: 2290kB
                    ->  Seq Scan on title t  (cost=0.00..67604.59 rows=50655 width=4) (actual time=0.041..1067.704 rows=50564 loops=1)
                          Filter: (production_year = 1999)
                          Rows Removed by Filter: 2477748
Planning time: 1.158 ms
Execution time: 28907.017 ms
