Seq Scan on movie_companies mc  (cost=0.00..51404.11 rows=2609 width=0) (actual time=4.020..771.004 rows=2323 loops=1)
  Filter: (company_id = 2805)
  Rows Removed by Filter: 2606806
Planning time: 0.368 ms
Execution time: 771.614 ms
