Seq Scan on cast_info ci  (cost=0.00..705507.15 rows=500 width=0) (actual time=4394.016..11185.977 rows=33 loops=1)
  Filter: (person_id = 2793514)
  Rows Removed by Filter: 36244311
Planning time: 0.403 ms
Execution time: 11186.092 ms
