Seq Scan on movie_companies mc  (cost=0.00..57926.93 rows=802993 width=0) (actual time=323.879..1023.163 rows=1019659 loops=1)
  Filter: ((company_id > 5732) AND (company_type_id = 2))
  Rows Removed by Filter: 1589470
Planning time: 0.411 ms
Execution time: 1149.237 ms
