Seq Scan on movie_companies mc  (cost=0.00..51404.11 rows=2030661 width=0) (actual time=0.024..606.408 rows=2025208 loops=1)
  Filter: (company_id < 70994)
  Rows Removed by Filter: 583921
Planning time: 0.365 ms
Execution time: 793.971 ms
