Hash Join  (cost=137413.28..1208020.25 rows=3190797 width=0) (actual time=2808.349..31354.157 rows=4021929 loops=1)
  Hash Cond: (ci.movie_id = t.id)
  ->  Seq Scan on cast_info ci  (cost=0.00..705507.15 rows=28721551 width=4) (actual time=0.025..15626.094 rows=28816614 loops=1)
        Filter: (person_id > 719071)
        Rows Removed by Filter: 7427730
  ->  Hash  (cost=132803.96..132803.96 rows=280905 width=8) (actual time=2807.557..2807.557 rows=141906 loops=1)
        Buckets: 131072  Batches: 4  Memory Usage: 2407kB
        ->  Hash Join  (cost=92883.59..132803.96 rows=280905 width=8) (actual time=1906.813..2765.838 rows=141906 loops=1)
              Hash Cond: (mi_idx.movie_id = t.id)
              ->  Seq Scan on movie_info_idx mi_idx  (cost=0.00..25185.44 rows=460978 width=4) (actual time=0.032..469.570 rows=459925 loops=1)
                    Filter: (info_type_id < 100)
                    Rows Removed by Filter: 920110
              ->  Hash  (cost=67604.59..67604.59 rows=1540800 width=4) (actual time=1800.521..1800.521 rows=1543264 loops=1)
                    Buckets: 131072  Batches: 32  Memory Usage: 2722kB
                    ->  Seq Scan on title t  (cost=0.00..67604.59 rows=1540800 width=4) (actual time=0.019..1296.965 rows=1543264 loops=1)
                          Filter: (kind_id = 7)
                          Rows Removed by Filter: 985048
Planning time: 1.200 ms
Execution time: 31828.341 ms
