Seq Scan on movie_keyword mk  (cost=0.00..81003.12 rows=1166370 width=0) (actual time=0.022..1089.835 rows=1181683 loops=1)
  Filter: (keyword_id > 15777)
  Rows Removed by Filter: 3342247
Planning time: 0.371 ms
Execution time: 1217.371 ms
