Seq Scan on movie_keyword mk  (cost=0.00..81003.12 rows=1776147 width=0) (actual time=0.025..1361.928 rows=1781477 loops=1)
  Filter: (keyword_id < 2888)
  Rows Removed by Filter: 2742453
Planning time: 0.358 ms
Execution time: 1574.367 ms
