Hash Join  (cost=148437.91..637594.19 rows=876235 width=0) (actual time=2644.706..16133.992 rows=8289809 loops=1)
  Hash Cond: (mi.movie_id = t.id)
  ->  Seq Scan on movie_info mi  (cost=0.00..309384.22 rows=14739122 width=4) (actual time=0.014..6357.663 rows=14835720 loops=1)
  ->  Hash  (cost=145970.91..145970.91 rows=150320 width=8) (actual time=2643.981..2643.981 rows=108863 loops=1)
        Buckets: 131072  Batches: 2  Memory Usage: 3173kB
        ->  Hash Join  (cost=82871.49..145970.91 rows=150320 width=8) (actual time=1592.424..2610.625 rows=108863 loops=1)
              Hash Cond: (mc.movie_id = t.id)
              ->  Seq Scan on movie_companies mc  (cost=0.00..51404.11 rows=697095 width=4) (actual time=0.023..852.363 rows=687837 loops=1)
                    Filter: (company_id < 1238)
                    Rows Removed by Filter: 1921292
              ->  Hash  (cost=73925.90..73925.90 rows=545247 width=4) (actual time=1320.136..1320.136 rows=557319 loops=1)
                    Buckets: 131072  Batches: 8  Memory Usage: 3485kB
                    ->  Seq Scan on title t  (cost=0.00..73925.90 rows=545247 width=4) (actual time=547.454..1164.236 rows=557319 loops=1)
                          Filter: ((kind_id < 2) AND (production_year < 2011))
                          Rows Removed by Filter: 1970993
Planning time: 17.059 ms
Execution time: 17110.535 ms
