Hash Join  (cost=165859.31..562426.12 rows=185108 width=0) (actual time=3304.269..10649.840 rows=56172 loops=1)
  Hash Cond: (mi.movie_id = t.id)
  ->  Seq Scan on movie_info mi  (cost=0.00..346232.03 rows=12928982 width=4) (actual time=230.167..5510.543 rows=12970088 loops=1)
        Filter: (info_type_id < 18)
        Rows Removed by Filter: 1865632
  ->  Hash  (cost=165406.78..165406.78 rows=36202 width=8) (actual time=3057.627..3057.627 rows=7908 loops=1)
        Buckets: 65536  Batches: 1  Memory Usage: 821kB
        ->  Hash Join  (cost=74369.53..165406.78 rows=36202 width=8) (actual time=2417.070..3054.677 rows=7908 loops=1)
              Hash Cond: (mk.movie_id = t.id)
              ->  Seq Scan on movie_keyword mk  (cost=0.00..81003.12 rows=2579229 width=4) (actual time=0.029..1561.673 rows=2566826 loops=1)
                    Filter: (keyword_id > 3404)
                    Rows Removed by Filter: 1957104
              ->  Hash  (cost=73925.90..73925.90 rows=35490 width=4) (actual time=1070.885..1070.885 rows=39698 loops=1)
                    Buckets: 65536  Batches: 1  Memory Usage: 1908kB
                    ->  Seq Scan on title t  (cost=0.00..73925.90 rows=35490 width=4) (actual time=0.023..1055.842 rows=39698 loops=1)
                          Filter: ((kind_id = 7) AND (production_year = 2001))
                          Rows Removed by Filter: 2488614
Planning time: 4.371 ms
Execution time: 10656.859 ms
