Hash Join  (cost=179728.60..730611.60 rows=6661307 width=0) (actual time=4374.278..22450.298 rows=16962879 loops=1)
  Hash Cond: (mi.movie_id = t.id)
  ->  Seq Scan on movie_info mi  (cost=0.00..309384.22 rows=14739122 width=4) (actual time=0.003..6249.695 rows=14835720 loops=1)
  ->  Hash  (cost=160980.08..160980.08 rows=1142761 width=8) (actual time=4373.090..4373.090 rows=1161074 loops=1)
        Buckets: 131072  Batches: 16  Memory Usage: 3882kB
        ->  Hash Join  (cost=101955.95..160980.08 rows=1142761 width=8) (actual time=2108.882..4009.734 rows=1161074 loops=1)
              Hash Cond: (mi_idx.movie_id = t.id)
              ->  Seq Scan on movie_info_idx mi_idx  (cost=0.00..21735.35 rows=1380035 width=4) (actual time=0.023..481.852 rows=1380035 loops=1)
              ->  Hash  (cost=67604.59..67604.59 rows=2093789 width=4) (actual time=2107.737..2107.737 rows=2089788 loops=1)
                    Buckets: 131072  Batches: 32  Memory Usage: 3324kB
                    ->  Seq Scan on title t  (cost=0.00..67604.59 rows=2093789 width=4) (actual time=0.014..1442.585 rows=2089788 loops=1)
                          Filter: (production_year > 1969)
                          Rows Removed by Filter: 438524
Planning time: 1.217 ms
Execution time: 24322.228 ms
