Seq Scan on title t  (cost=0.00..73925.90 rows=474659 width=0) (actual time=58.408..1066.782 rows=345685 loops=1)
  Filter: ((production_year > 1988) AND (kind_id = 1))
  Rows Removed by Filter: 2182627
Planning time: 0.391 ms
Execution time: 1106.762 ms
