Nested Loop  (cost=0.43..83071.67 rows=246 width=0) (actual time=0.177..1297.217 rows=1118 loops=1)
  ->  Seq Scan on movie_keyword mk  (cost=0.00..81003.12 rows=246 width=4) (actual time=0.128..1239.730 rows=1118 loops=1)
        Filter: (keyword_id = 3086)
        Rows Removed by Filter: 4522812
  ->  Index Only Scan using title_pkey on title t  (cost=0.43..8.40 rows=1 width=4) (actual time=0.050..0.050 rows=1 loops=1118)
        Index Cond: (id = mk.movie_id)
        Heap Fetches: 1118
Planning time: 0.712 ms
Execution time: 1297.697 ms
