Seq Scan on movie_keyword mk  (cost=0.00..81003.12 rows=85838 width=0) (actual time=0.017..1338.921 rows=90016 loops=1)
  Filter: (keyword_id < 77)
  Rows Removed by Filter: 4433914
Planning time: 0.326 ms
Execution time: 1353.753 ms
