Nested Loop  (cost=44377.22..140898.37 rows=249 width=0) (actual time=1268.306..2442.413 rows=117 loops=1)
  ->  Hash Join  (cost=44376.79..131862.54 rows=15240 width=8) (actual time=932.869..2394.744 rows=2711 loops=1)
        Hash Cond: (mk.movie_id = mi_idx.movie_id)
        ->  Seq Scan on movie_keyword mk  (cost=0.00..81003.12 rows=5127 width=4) (actual time=0.069..1264.894 rows=4540 loops=1)
              Filter: (keyword_id = 2762)
              Rows Removed by Filter: 4519390
        ->  Hash  (cost=21735.35..21735.35 rows=1380035 width=4) (actual time=918.658..918.658 rows=1380035 loops=1)
              Buckets: 131072  Batches: 32  Memory Usage: 2556kB
              ->  Seq Scan on movie_info_idx mi_idx  (cost=0.00..21735.35 rows=1380035 width=4) (actual time=0.025..473.695 rows=1380035 loops=1)
  ->  Index Scan using title_pkey on title t  (cost=0.43..0.58 rows=1 width=4) (actual time=0.017..0.017 rows=0 loops=2711)
        Index Cond: (id = mi_idx.movie_id)
        Filter: ((kind_id < 4) AND (production_year > 2008))
        Rows Removed by Filter: 1
Planning time: 1.238 ms
Execution time: 2442.599 ms
