Seq Scan on movie_keyword mk  (cost=0.00..81003.12 rows=246 width=0) (actual time=74.937..1369.083 rows=16 loops=1)
  Filter: (keyword_id = 11686)
  Rows Removed by Filter: 4523914
Planning time: 0.366 ms
Execution time: 1369.184 ms
