Hash Join  (cost=102767.86..195176.50 rows=63478 width=0) (actual time=2102.942..3829.966 rows=61040 loops=1)
  Hash Cond: (mk.movie_id = t.id)
  ->  Seq Scan on movie_keyword mk  (cost=0.00..81003.12 rows=63478 width=4) (actual time=0.016..1312.276 rows=61040 loops=1)
        Filter: (keyword_id > 94781)
        Rows Removed by Filter: 4462890
  ->  Hash  (cost=61283.27..61283.27 rows=2528527 width=4) (actual time=2102.235..2102.235 rows=2528312 loops=1)
        Buckets: 131072  Batches: 64  Memory Usage: 2425kB
        ->  Seq Scan on title t  (cost=0.00..61283.27 rows=2528527 width=4) (actual time=0.013..1259.906 rows=2528312 loops=1)
Planning time: 0.514 ms
Execution time: 3836.595 ms
