Seq Scan on movie_keyword mk  (cost=0.00..81003.12 rows=246 width=0) (actual time=564.518..1284.079 rows=1 loops=1)
  Filter: (keyword_id = 36244)
  Rows Removed by Filter: 4523929
Planning time: 0.632 ms
Execution time: 1284.157 ms
