Seq Scan on movie_companies mc  (cost=0.00..57926.93 rows=1072413 width=0) (actual time=445.784..901.524 rows=1198533 loops=1)
  Filter: ((company_id > 451) AND (company_type_id > 1))
  Rows Removed by Filter: 1410596
Planning time: 0.384 ms
Execution time: 1016.053 ms
