Hash Join  (cost=28268.15..379555.91 rows=22 width=0) (actual time=2266.722..5655.484 rows=331 loops=1)
  Hash Cond: (mi.movie_id = t.id)
  ->  Seq Scan on movie_info mi  (cost=0.00..346232.03 rows=1348138 width=4) (actual time=1588.739..5075.465 rows=1298989 loops=1)
        Filter: (info_type_id = 4)
        Rows Removed by Filter: 13536731
  ->  Hash  (cost=28267.64..28267.64 rows=41 width=8) (actual time=412.939..412.939 rows=186 loops=1)
        Buckets: 1024  Batches: 1  Memory Usage: 16kB
        ->  Nested Loop  (cost=0.43..28267.64 rows=41 width=8) (actual time=218.532..412.840 rows=186 loops=1)
              ->  Seq Scan on movie_info_idx mi_idx  (cost=0.00..25185.44 rows=368 width=4) (actual time=218.388..407.067 rows=260 loops=1)
                    Filter: (info_type_id > 101)
                    Rows Removed by Filter: 1379775
              ->  Index Scan using title_pkey on title t  (cost=0.43..8.37 rows=1 width=4) (actual time=0.021..0.021 rows=1 loops=260)
                    Index Cond: (id = mi_idx.movie_id)
                    Filter: ((production_year < 2001) AND (kind_id = 1))
                    Rows Removed by Filter: 0
Planning time: 1.322 ms
Execution time: 5655.696 ms
