Hash Join  (cost=438639.57..1184164.77 rows=3707 width=0) (actual time=16524.340..21528.315 rows=219 loops=1)
  Hash Cond: (ci.movie_id = t.id)
  ->  Seq Scan on cast_info ci  (cost=0.00..705507.15 rows=3998100 width=4) (actual time=8387.392..12871.340 rows=4008037 loops=1)
        Filter: (role_id = 3)
        Rows Removed by Filter: 32236307
  ->  Hash  (cost=438610.29..438610.29 rows=2343 width=8) (actual time=8107.755..8107.755 rows=152 loops=1)
        Buckets: 4096  Batches: 1  Memory Usage: 38kB
        ->  Hash Join  (cost=73930.93..438610.29 rows=2343 width=8) (actual time=1229.853..8107.464 rows=152 loops=1)
              Hash Cond: (mi.movie_id = t.id)
              ->  Seq Scan on movie_info mi  (cost=0.00..309384.22 rows=14739122 width=4) (actual time=0.019..4415.773 rows=14835720 loops=1)
              ->  Hash  (cost=73925.90..73925.90 rows=402 width=4) (actual time=973.253..973.253 rows=137 loops=1)
                    Buckets: 1024  Batches: 1  Memory Usage: 13kB
                    ->  Seq Scan on title t  (cost=0.00..73925.90 rows=402 width=4) (actual time=168.438..973.079 rows=137 loops=1)
                          Filter: ((production_year > 2013) AND (kind_id = 7))
                          Rows Removed by Filter: 2528175
Planning time: 1.293 ms
Execution time: 21528.535 ms
