Nested Loop  (cost=0.43..58375.18 rows=53 width=0) (actual time=12.902..849.611 rows=67 loops=1)
  ->  Seq Scan on movie_companies mc  (cost=0.00..57926.93 rows=53 width=4) (actual time=12.833..847.410 rows=67 loops=1)
        Filter: ((company_id = 27930) AND (company_type_id = 2))
        Rows Removed by Filter: 2609062
  ->  Index Only Scan using title_pkey on title t  (cost=0.43..8.45 rows=1 width=4) (actual time=0.030..0.030 rows=1 loops=67)
        Index Cond: (id = mc.movie_id)
        Heap Fetches: 67
Planning time: 0.612 ms
Execution time: 849.719 ms
