Hash Join  (cost=308857.94..1002577.38 rows=16594471 width=0) (actual time=7070.076..51800.131 rows=143828195 loops=1)
  Hash Cond: (mi.movie_id = t.id)
  ->  Seq Scan on movie_info mi  (cost=0.00..309384.22 rows=14739122 width=4) (actual time=0.022..6220.841 rows=14835720 loops=1)
  ->  Hash  (cost=262151.74..262151.74 rows=2846816 width=8) (actual time=7067.337..7067.337 rows=2835630 loops=1)
        Buckets: 131072  Batches: 64  Memory Usage: 2853kB
        ->  Hash Join  (cost=102767.86..262151.74 rows=2846816 width=8) (actual time=2441.968..6353.921 rows=2835630 loops=1)
              Hash Cond: (mk.movie_id = t.id)
              ->  Seq Scan on movie_keyword mk  (cost=0.00..81003.12 rows=2846816 width=4) (actual time=0.021..1575.788 rows=2835630 loops=1)
                    Filter: (keyword_id < 8582)
                    Rows Removed by Filter: 1688300
              ->  Hash  (cost=61283.27..61283.27 rows=2528527 width=4) (actual time=2439.923..2439.923 rows=2528312 loops=1)
                    Buckets: 131072  Batches: 64  Memory Usage: 2425kB
                    ->  Seq Scan on title t  (cost=0.00..61283.27 rows=2528527 width=4) (actual time=0.023..1060.552 rows=2528312 loops=1)
Planning time: 1.472 ms
Execution time: 66563.870 ms
