Nested Loop  (cost=0.43..797555.70 rows=176 width=0) (actual time=6929.552..11181.670 rows=83 loops=1)
  ->  Seq Scan on cast_info ci  (cost=0.00..796071.18 rows=176 width=4) (actual time=6929.383..11178.478 rows=83 loops=1)
        Filter: ((person_id = 1109857) AND (role_id = 1))
        Rows Removed by Filter: 36244261
  ->  Index Only Scan using title_pkey on title t  (cost=0.43..8.42 rows=1 width=4) (actual time=0.037..0.037 rows=1 loops=83)
        Index Cond: (id = ci.movie_id)
        Heap Fetches: 83
Planning time: 4.031 ms
Execution time: 11181.763 ms
