Hash Join  (cost=228733.03..316038.52 rows=888997 width=0) (actual time=4918.344..9320.818 rows=6724781 loops=1)
  Hash Cond: (mc.movie_id = t.id)
  ->  Seq Scan on movie_companies mc  (cost=0.00..44881.29 rows=2609129 width=4) (actual time=0.019..899.333 rows=2609129 loops=1)
  ->  Hash  (cost=214597.85..214597.85 rows=861534 width=8) (actual time=4917.413..4917.413 rows=823318 loops=1)
        Buckets: 131072  Batches: 16  Memory Usage: 3072kB
        ->  Hash Join  (cost=103698.42..214597.85 rows=861534 width=8) (actual time=2173.085..4681.827 rows=823318 loops=1)
              Hash Cond: (mk.movie_id = t.id)
              ->  Seq Scan on movie_keyword mk  (cost=0.00..81003.12 rows=990193 width=4) (actual time=0.019..1433.144 rows=999707 loops=1)
                    Filter: (keyword_id > 18559)
                    Rows Removed by Filter: 3524223
              ->  Hash  (cost=67604.59..67604.59 rows=2199987 width=4) (actual time=2172.182..2172.182 rows=2192624 loops=1)
                    Buckets: 131072  Batches: 32  Memory Usage: 3445kB
                    ->  Seq Scan on title t  (cost=0.00..67604.59 rows=2199987 width=4) (actual time=0.017..1442.473 rows=2192624 loops=1)
                          Filter: (production_year > 1961)
                          Rows Removed by Filter: 335688
Planning time: 1.146 ms
Execution time: 10124.061 ms
