Hash Join  (cost=109748.56..204161.22 rows=97711 width=0) (actual time=2264.063..4373.714 rows=444446 loops=1)
  Hash Cond: (mk.movie_id = t.id)
  ->  Seq Scan on movie_keyword mk  (cost=0.00..81003.12 rows=3315312 width=4) (actual time=0.021..1631.799 rows=3312834 loops=1)
        Filter: (keyword_id > 1518)
        Rows Removed by Filter: 1211096
  ->  Hash  (cost=108817.04..108817.04 rows=74522 width=8) (actual time=2116.479..2116.479 rows=51871 loops=1)
        Buckets: 131072  Batches: 1  Memory Usage: 3051kB
        ->  Hash Join  (cost=69845.34..108817.04 rows=74522 width=8) (actual time=1139.199..2098.620 rows=51871 loops=1)
              Hash Cond: (mi_idx.movie_id = t.id)
              ->  Seq Scan on movie_info_idx mi_idx  (cost=0.00..21735.35 rows=1380035 width=4) (actual time=0.024..483.990 rows=1380035 loops=1)
              ->  Hash  (cost=67604.59..67604.59 rows=136540 width=4) (actual time=1138.013..1138.013 rows=138648 loops=1)
                    Buckets: 131072  Batches: 2  Memory Usage: 3458kB
                    ->  Seq Scan on title t  (cost=0.00..67604.59 rows=136540 width=4) (actual time=47.112..1087.720 rows=138648 loops=1)
                          Filter: (production_year < 1939)
                          Rows Removed by Filter: 2389664
Planning time: 1.161 ms
Execution time: 4429.298 ms
