Hash Join  (cost=75428.32..170251.56 rows=47569 width=134) (actual time=1529.885..3535.859 rows=69663 loops=1)
  Hash Cond: (mc.movie_id = t.id)
  ->  Seq Scan on movie_companies mc  (cost=0.00..51404.11 rows=2174518 width=40) (actual time=0.018..1135.155 rows=2173857 loops=1)
        Filter: (company_id > 312)
        Rows Removed by Filter: 435272
  ->  Hash  (cost=73925.90..73925.90 rows=55313 width=94) (actual time=1529.586..1529.586 rows=49075 loops=1)
        Buckets: 32768  Batches: 2  Memory Usage: 2931kB
        ->  Seq Scan on title t  (cost=0.00..73925.90 rows=55313 width=94) (actual time=0.033..1489.282 rows=49075 loops=1)
              Filter: ((kind_id < 7) AND (production_year = 2010))
              Rows Removed by Filter: 2479237
Planning time: 1.614 ms
Execution time: 3540.771 ms
