Seq Scan on movie_keyword mk  (cost=0.00..81003.12 rows=246 width=0) (actual time=66.359..1377.082 rows=52 loops=1)
  Filter: (keyword_id = 26977)
  Rows Removed by Filter: 4523878
Planning time: 0.372 ms
Execution time: 1377.207 ms
