Hash Join  (cost=138053.85..506662.75 rows=395297 width=0) (actual time=2354.183..14147.321 rows=2354795 loops=1)
  Hash Cond: (mi.movie_id = t.id)
  ->  Seq Scan on movie_info mi  (cost=0.00..309384.22 rows=14739122 width=4) (actual time=0.011..4426.344 rows=14835720 loops=1)
  ->  Hash  (cost=137206.18..137206.18 rows=67814 width=8) (actual time=2353.266..2353.266 rows=141407 loops=1)
        Buckets: 131072 (originally 131072)  Batches: 2 (originally 1)  Memory Usage: 3786kB
        ->  Hash Join  (cost=69803.74..137206.18 rows=67814 width=8) (actual time=846.344..2300.195 rows=141407 loops=1)
              Hash Cond: (mc.movie_id = t.id)
              ->  Seq Scan on movie_companies mc  (cost=0.00..51404.11 rows=1279517 width=4) (actual time=0.026..938.215 rows=1274246 loops=1)
                    Filter: (company_type_id = 1)
                    Rows Removed by Filter: 1334883
              ->  Hash  (cost=67604.59..67604.59 rows=134012 width=4) (actual time=845.577..845.577 rows=135918 loops=1)
                    Buckets: 131072  Batches: 2  Memory Usage: 3410kB
                    ->  Seq Scan on title t  (cost=0.00..67604.59 rows=134012 width=4) (actual time=9.910..799.901 rows=135918 loops=1)
                          Filter: (production_year < 1938)
                          Rows Removed by Filter: 2392394
Planning time: 1.191 ms
Execution time: 14410.772 ms
