Seq Scan on movie_companies mc  (cost=0.00..57926.93 rows=353823 width=0) (actual time=34.707..834.268 rows=41965 loops=1)
  Filter: ((company_id > 41375) AND (company_type_id < 2))
  Rows Removed by Filter: 2567164
Planning time: 0.337 ms
Execution time: 839.553 ms
