Hash Join  (cost=74357.80..169687.25 rows=50369 width=0) (actual time=1284.239..3092.099 rows=33697 loops=1)
  Hash Cond: (mk.movie_id = t.id)
  ->  Seq Scan on movie_keyword mk  (cost=0.00..81003.12 rows=3686035 width=4) (actual time=0.024..1288.598 rows=3680738 loops=1)
        Filter: (keyword_id < 21758)
        Rows Removed by Filter: 843192
  ->  Hash  (cost=73925.90..73925.90 rows=34552 width=4) (actual time=1283.722..1283.722 rows=39508 loops=1)
        Buckets: 65536  Batches: 1  Memory Usage: 1901kB
        ->  Seq Scan on title t  (cost=0.00..73925.90 rows=34552 width=4) (actual time=0.025..1266.810 rows=39508 loops=1)
              Filter: ((kind_id > 1) AND (production_year = 1998))
              Rows Removed by Filter: 2488804
Planning time: 2.213 ms
Execution time: 3096.327 ms
