Hash Join  (cost=580474.80..1972356.58 rows=12817350 width=0) (actual time=13457.543..53432.348 rows=37969121 loops=1)
  Hash Cond: (ci.movie_id = t.id)
  ->  Seq Scan on cast_info ci  (cost=0.00..614943.12 rows=36225612 width=4) (actual time=0.017..13168.965 rows=36244344 loops=1)
  ->  Hash  (cost=565796.75..565796.75 rows=894644 width=8) (actual time=13455.758..13455.758 rows=1276255 loops=1)
        Buckets: 131072 (originally 131072)  Batches: 32 (originally 16)  Memory Usage: 3073kB
        ->  Hash Join  (cost=76444.38..565796.75 rows=894644 width=8) (actual time=1309.483..13072.342 rows=1276255 loops=1)
              Hash Cond: (mi.movie_id = t.id)
              ->  Seq Scan on movie_info mi  (cost=0.00..309384.22 rows=14739122 width=4) (actual time=0.015..5691.555 rows=14835720 loops=1)
              ->  Hash  (cost=73925.90..73925.90 rows=153478 width=4) (actual time=1308.558..1308.558 rows=134760 loops=1)
                    Buckets: 131072  Batches: 4  Memory Usage: 2222kB
                    ->  Seq Scan on title t  (cost=0.00..73925.90 rows=153478 width=4) (actual time=0.026..1260.411 rows=134760 loops=1)
                          Filter: ((kind_id < 7) AND (production_year > 2010))
                          Rows Removed by Filter: 2393552
Planning time: 2.827 ms
Execution time: 57761.424 ms
