Seq Scan on cast_info ci  (cost=0.00..796071.18 rows=3506524 width=0) (actual time=0.025..13201.577 rows=7028266 loops=1)
  Filter: ((person_id < 960932) AND (role_id < 2))
  Rows Removed by Filter: 29216078
Planning time: 0.889 ms
Execution time: 14073.198 ms
