Hash Join  (cost=71587.82..876846.48 rows=63154 width=0) (actual time=1991.353..14387.139 rows=119366 loops=1)
  Hash Cond: (ci.movie_id = t.id)
  ->  Seq Scan on cast_info ci  (cost=0.00..796071.18 rows=657850 width=4) (actual time=188.760..11938.735 rows=1293334 loops=1)
        Filter: ((person_id < 178988) AND (role_id = 1))
        Rows Removed by Filter: 34951010
  ->  Hash  (cost=67604.59..67604.59 rows=242739 width=4) (actual time=1801.620..1801.620 rows=241400 loops=1)
        Buckets: 131072  Batches: 4  Memory Usage: 3146kB
        ->  Seq Scan on title t  (cost=0.00..67604.59 rows=242739 width=4) (actual time=0.020..1170.906 rows=241400 loops=1)
              Filter: (production_year < 1960)
              Rows Removed by Filter: 2286912
Planning time: 0.763 ms
Execution time: 14402.191 ms
