Hash Join  (cost=190337.40..684581.09 rows=1353077 width=0) (actual time=3757.637..14860.883 rows=418735 loops=1)
  Hash Cond: (mi.movie_id = t.id)
  ->  Seq Scan on movie_info mi  (cost=0.00..309384.22 rows=14739122 width=4) (actual time=0.018..5792.316 rows=14835720 loops=1)
  ->  Hash  (cost=186528.87..186528.87 rows=232123 width=8) (actual time=3756.626..3756.626 rows=48743 loops=1)
        Buckets: 131072  Batches: 4  Memory Usage: 1516kB
        ->  Hash Join  (cost=92811.40..186528.87 rows=232123 width=8) (actual time=1808.222..3741.118 rows=48743 loops=1)
              Hash Cond: (mk.movie_id = t.id)
              ->  Seq Scan on movie_keyword mk  (cost=0.00..81003.12 rows=509895 width=4) (actual time=0.032..1494.552 rows=509486 loops=1)
                    Filter: (keyword_id < 373)
                    Rows Removed by Filter: 4014444
              ->  Hash  (cost=73925.90..73925.90 rows=1151080 width=4) (actual time=1806.583..1806.583 rows=1244530 loops=1)
                    Buckets: 131072  Batches: 16  Memory Usage: 3777kB
                    ->  Seq Scan on title t  (cost=0.00..73925.90 rows=1151080 width=4) (actual time=0.026..1409.303 rows=1244530 loops=1)
                          Filter: ((production_year > 1983) AND (kind_id = 7))
                          Rows Removed by Filter: 1283782
Planning time: 1.221 ms
Execution time: 14904.661 ms
