Hash Join  (cost=100888.25..923695.52 rows=1493 width=0) (actual time=6309.569..14471.217 rows=158 loops=1)
  Hash Cond: (ci.movie_id = t.id)
  ->  Seq Scan on cast_info ci  (cost=0.00..796071.18 rows=7125642 width=4) (actual time=4394.562..12233.260 rows=4165246 loops=1)
        Filter: ((person_id > 2795188) AND (role_id < 8))
        Rows Removed by Filter: 32079098
  ->  Hash  (cost=100881.62..100881.62 rows=530 width=8) (actual time=1647.449..1647.449 rows=280 loops=1)
        Buckets: 1024  Batches: 1  Memory Usage: 19kB
        ->  Hash Join  (cost=73962.22..100881.62 rows=530 width=8) (actual time=1078.175..1647.246 rows=280 loops=1)
              Hash Cond: (mi_idx.movie_id = t.id)
              ->  Seq Scan on movie_info_idx mi_idx  (cost=0.00..25185.44 rows=460978 width=4) (actual time=0.026..475.832 rows=459925 loops=1)
                    Filter: (info_type_id < 100)
                    Rows Removed by Filter: 920110
              ->  Hash  (cost=73925.90..73925.90 rows=2905 width=4) (actual time=1077.358..1077.358 rows=7770 loops=1)
                    Buckets: 8192 (originally 4096)  Batches: 1 (originally 1)  Memory Usage: 338kB
                    ->  Seq Scan on title t  (cost=0.00..73925.90 rows=2905 width=4) (actual time=0.059..1073.992 rows=7770 loops=1)
                          Filter: ((kind_id < 7) AND (production_year = 1912))
                          Rows Removed by Filter: 2520542
Planning time: 1.333 ms
Execution time: 14471.610 ms
