Seq Scan on movie_keyword mk  (cost=0.00..81003.12 rows=981869 width=0) (actual time=0.025..1432.396 rows=987211 loops=1)
  Filter: (keyword_id > 18722)
  Rows Removed by Filter: 3536719
Planning time: 0.327 ms
Execution time: 1557.682 ms
