Hash Join  (cost=155561.86..1222504.03 rows=3225900 width=0) (actual time=3572.686..38223.703 rows=14395341 loops=1)
  Hash Cond: (ci.movie_id = t.id)
  ->  Seq Scan on cast_info ci  (cost=0.00..614943.12 rows=36225612 width=4) (actual time=0.017..13438.862 rows=36244344 loops=1)
  ->  Hash  (cost=151867.29..151867.29 rows=225166 width=8) (actual time=3571.814..3571.814 rows=618420 loops=1)
        Buckets: 131072 (originally 131072)  Batches: 8 (originally 4)  Memory Usage: 4056kB
        ->  Hash Join  (cost=80042.24..151867.29 rows=225166 width=8) (actual time=1722.879..3374.153 rows=618420 loops=1)
              Hash Cond: (mc.movie_id = t.id)
              ->  Seq Scan on movie_companies mc  (cost=0.00..57926.93 rows=751055 width=4) (actual time=316.301..1167.821 rows=968397 loops=1)
                    Filter: ((company_id > 8278) AND (company_type_id = 2))
                    Rows Removed by Filter: 1640732
              ->  Hash  (cost=67604.59..67604.59 rows=758052 width=4) (actual time=1405.735..1405.735 rows=753677 loops=1)
                    Buckets: 131072  Batches: 16  Memory Usage: 2677kB
                    ->  Seq Scan on title t  (cost=0.00..67604.59 rows=758052 width=4) (actual time=0.015..1177.894 rows=753677 loops=1)
                          Filter: (kind_id < 3)
                          Rows Removed by Filter: 1774635
Planning time: 1.211 ms
Execution time: 39786.621 ms
