Hash Join  (cost=166022.71..684427.12 rows=2386778 width=0) (actual time=3851.003..26180.265 rows=42344235 loops=1)
  Hash Cond: (mi.movie_id = t.id)
  ->  Seq Scan on movie_info mi  (cost=0.00..346232.03 rows=12665229 width=4) (actual time=0.017..6997.292 rows=12744652 loops=1)
        Filter: (info_type_id > 2)
        Rows Removed by Filter: 2091068
  ->  Hash  (cost=158204.41..158204.41 rows=476504 width=8) (actual time=3745.432..3745.432 rows=840628 loops=1)
        Buckets: 131072 (originally 131072)  Batches: 16 (originally 8)  Memory Usage: 3142kB
        ->  Hash Join  (cost=78556.72..158204.41 rows=476504 width=8) (actual time=1303.504..3507.324 rows=840628 loops=1)
              Hash Cond: (mc.movie_id = t.id)
              ->  Seq Scan on movie_companies mc  (cost=0.00..51404.11 rows=1804941 width=4) (actual time=0.017..1027.719 rows=1798509 loops=1)
                    Filter: (company_id < 29166)
                    Rows Removed by Filter: 810620
              ->  Hash  (cost=67604.59..67604.59 rows=667531 width=4) (actual time=1302.646..1302.646 rows=662825 loops=1)
                    Buckets: 131072  Batches: 16  Memory Usage: 2476kB
                    ->  Seq Scan on title t  (cost=0.00..67604.59 rows=667531 width=4) (actual time=378.532..1093.867 rows=662825 loops=1)
                          Filter: (kind_id < 2)
                          Rows Removed by Filter: 1865487
Planning time: 1.360 ms
Execution time: 30777.284 ms
