Hash Join  (cost=189632.99..337869.02 rows=1635006 width=0) (actual time=5288.535..15979.181 rows=29638181 loops=1)
  Hash Cond: (mk.movie_id = t.id)
  ->  Seq Scan on movie_keyword mk  (cost=0.00..81003.12 rows=4056224 width=4) (actual time=0.016..1771.457 rows=4058985 loops=1)
        Filter: (keyword_id < 38286)
        Rows Removed by Filter: 464945
  ->  Hash  (cost=172910.83..172910.83 rows=1019213 width=8) (actual time=5286.023..5286.023 rows=1891821 loops=1)
        Buckets: 131072 (originally 131072)  Batches: 32 (originally 16)  Memory Usage: 3402kB
        ->  Hash Join  (cost=83810.17..172910.83 rows=1019213 width=8) (actual time=1518.141..4687.699 rows=1891821 loops=1)
              Hash Cond: (mc.movie_id = t.id)
              ->  Seq Scan on movie_companies mc  (cost=0.00..44881.29 rows=2609129 width=4) (actual time=0.019..1046.549 rows=2609129 loops=1)
              ->  Hash  (cost=67604.59..67604.59 rows=987727 width=4) (actual time=1517.195..1517.195 rows=985048 loops=1)
                    Buckets: 131072  Batches: 16  Memory Usage: 3188kB
                    ->  Seq Scan on title t  (cost=0.00..67604.59 rows=987727 width=4) (actual time=0.023..1212.570 rows=985048 loops=1)
                          Filter: (kind_id < 7)
                          Rows Removed by Filter: 1543264
Planning time: 5.889 ms
Execution time: 19285.618 ms
