Seq Scan on movie_companies mc  (cost=0.00..57926.93 rows=610700 width=0) (actual time=241.887..1055.175 rows=833618 loops=1)
  Filter: ((company_id < 11146) AND (company_type_id < 2))
  Rows Removed by Filter: 1775511
Planning time: 0.310 ms
Execution time: 1158.394 ms
