Hash Join  (cost=102767.86..215779.41 rows=919657 width=0) (actual time=1875.689..4454.351 rows=911542 loops=1)
  Hash Cond: (mk.movie_id = t.id)
  ->  Seq Scan on movie_keyword mk  (cost=0.00..81003.12 rows=919657 width=4) (actual time=0.016..1450.837 rows=911542 loops=1)
        Filter: (keyword_id > 20341)
        Rows Removed by Filter: 3612388
  ->  Hash  (cost=61283.27..61283.27 rows=2528527 width=4) (actual time=1873.947..1873.947 rows=2528312 loops=1)
        Buckets: 131072  Batches: 64  Memory Usage: 2425kB
        ->  Seq Scan on title t  (cost=0.00..61283.27 rows=2528527 width=4) (actual time=0.014..1028.933 rows=2528312 loops=1)
Planning time: 0.676 ms
Execution time: 4560.499 ms
