Hash Join  (cost=52284.86..403289.05 rows=37 width=0) (actual time=3300.036..5676.163 rows=15 loops=1)
  Hash Cond: (mi.movie_id = t.id)
  ->  Seq Scan on movie_info mi  (cost=0.00..346232.03 rows=1272478 width=4) (actual time=2191.004..4582.136 rows=1325361 loops=1)
        Filter: (info_type_id = 8)
        Rows Removed by Filter: 13510359
  ->  Hash  (cost=52283.95..52283.95 rows=73 width=8) (actual time=907.950..907.950 rows=11 loops=1)
        Buckets: 1024  Batches: 1  Memory Usage: 9kB
        ->  Nested Loop  (cost=0.43..52283.95 rows=73 width=8) (actual time=120.142..907.924 rows=11 loops=1)
              ->  Seq Scan on movie_companies mc  (cost=0.00..51404.11 rows=104 width=4) (actual time=120.038..907.372 rows=11 loops=1)
                    Filter: (company_id = 42103)
                    Rows Removed by Filter: 2609118
              ->  Index Scan using title_pkey on title t  (cost=0.43..8.45 rows=1 width=4) (actual time=0.039..0.040 rows=1 loops=11)
                    Index Cond: (id = mc.movie_id)
                    Filter: (production_year > 1989)
Planning time: 0.977 ms
Execution time: 5676.287 ms
