Seq Scan on cast_info ci  (cost=0.00..796071.18 rows=9546465 width=0) (actual time=9367.060..13406.401 rows=6241754 loops=1)
  Filter: ((person_id > 877622) AND (role_id = 1))
  Rows Removed by Filter: 30002590
Planning time: 0.394 ms
Execution time: 14080.482 ms
