Seq Scan on movie_keyword mk  (cost=0.00..81003.12 rows=1322470 width=0) (actual time=0.025..1385.925 rows=1339169 loops=1)
  Filter: (keyword_id < 1744)
  Rows Removed by Filter: 3184761
Planning time: 0.287 ms
Execution time: 1551.338 ms
