Hash Join  (cost=84466.26..118566.46 rows=115380 width=0) (actual time=1370.522..2152.089 rows=69414 loops=1)
  Hash Cond: (mi_idx.movie_id = t.id)
  ->  Seq Scan on movie_info_idx mi_idx  (cost=0.00..25185.44 rows=454124 width=4) (actual time=0.023..469.307 rows=459925 loops=1)
        Filter: (info_type_id = 100)
        Rows Removed by Filter: 920110
  ->  Hash  (cost=73925.90..73925.90 rows=642428 width=4) (actual time=1368.179..1368.179 rows=516249 loops=1)
        Buckets: 131072  Batches: 16  Memory Usage: 2158kB
        ->  Seq Scan on title t  (cost=0.00..73925.90 rows=642428 width=4) (actual time=0.046..1196.134 rows=516249 loops=1)
              Filter: ((kind_id > 3) AND (production_year < 1999))
              Rows Removed by Filter: 2012063
Planning time: 0.762 ms
Execution time: 2161.059 ms
