Seq Scan on movie_companies mc  (cost=0.00..57926.93 rows=404055 width=0) (actual time=0.322..909.961 rows=230193 loops=1)
  Filter: ((company_id < 1688) AND (company_type_id > 1))
  Rows Removed by Filter: 2378936
Planning time: 0.319 ms
Execution time: 938.453 ms
