Seq Scan on movie_keyword mk  (cost=0.00..81003.12 rows=69537 width=0) (actual time=253.169..1297.409 rows=68436 loops=1)
  Filter: (keyword_id > 91826)
  Rows Removed by Filter: 4455494
Planning time: 0.324 ms
Execution time: 1307.484 ms
