Seq Scan on title t  (cost=0.00..73925.90 rows=127417 width=0) (actual time=0.070..1242.953 rows=227909 loops=1)
  Filter: ((kind_id < 7) AND (production_year < 1967))
  Rows Removed by Filter: 2300403
Planning time: 0.404 ms
Execution time: 1271.861 ms
