Hash Join  (cost=102767.86..195794.27 rows=1048091 width=0) (actual time=1930.290..4435.887 rows=1191902 loops=1)
  Hash Cond: (mc.movie_id = t.id)
  ->  Seq Scan on movie_companies mc  (cost=0.00..57926.93 rows=1048091 width=4) (actual time=72.036..1170.505 rows=1191902 loops=1)
        Filter: ((company_id > 554) AND (company_type_id = 2))
        Rows Removed by Filter: 1417227
  ->  Hash  (cost=61283.27..61283.27 rows=2528527 width=4) (actual time=1856.882..1856.882 rows=2528312 loops=1)
        Buckets: 131072  Batches: 64  Memory Usage: 2415kB
        ->  Seq Scan on title t  (cost=0.00..61283.27 rows=2528527 width=4) (actual time=0.029..1010.655 rows=2528312 loops=1)
Planning time: 0.742 ms
Execution time: 4572.268 ms
