Seq Scan on movie_keyword mk  (cost=0.00..81003.12 rows=1727280 width=0) (actual time=0.025..1489.655 rows=1732286 loops=1)
  Filter: (keyword_id < 2825)
  Rows Removed by Filter: 2791644
Planning time: 0.311 ms
Execution time: 1707.137 ms
