Hash Join  (cost=739281.03..2516461.79 rows=60700343 width=0) (actual time=18748.169..61772.451 rows=56825488 loops=1)
  Hash Cond: (ci.movie_id = t.id)
  ->  Seq Scan on cast_info ci  (cost=0.00..705507.15 rows=24725315 width=4) (actual time=410.377..15379.410 rows=24835284 loops=1)
        Filter: (person_id > 1121250)
        Rows Removed by Filter: 11409060
  ->  Hash  (cost=637438.24..637438.24 rows=6207503 width=8) (actual time=18335.672..18335.672 rows=4166737 loops=1)
        Buckets: 131072  Batches: 128  Memory Usage: 2260kB
        ->  Hash Join  (cost=91397.28..637438.24 rows=6207503 width=8) (actual time=1685.766..17115.348 rows=4166737 loops=1)
              Hash Cond: (mi.movie_id = t.id)
              ->  Seq Scan on movie_info mi  (cost=0.00..309384.22 rows=14739122 width=4) (actual time=0.017..6009.299 rows=14835720 loops=1)
              ->  Hash  (cost=73925.90..73925.90 rows=1064910 width=4) (actual time=1683.115..1683.115 rows=1003269 loops=1)
                    Buckets: 131072  Batches: 16  Memory Usage: 3239kB
                    ->  Seq Scan on title t  (cost=0.00..73925.90 rows=1064910 width=4) (actual time=0.019..1343.208 rows=1003269 loops=1)
                          Filter: ((kind_id > 1) AND (production_year < 2006))
                          Rows Removed by Filter: 1525043
Planning time: 0.926 ms
Execution time: 68280.196 ms
