Hash Join  (cost=182261.79..224168.37 rows=245610 width=0) (actual time=3745.274..4987.551 rows=625689 loops=1)
  Hash Cond: (mi_idx.movie_id = t.id)
  ->  Seq Scan on movie_info_idx mi_idx  (cost=0.00..21735.35 rows=1380035 width=4) (actual time=0.023..438.017 rows=1380035 loops=1)
  ->  Hash  (cost=174878.65..174878.65 rows=450011 width=8) (actual time=3744.330..3744.330 rows=453058 loops=1)
        Buckets: 131072  Batches: 8  Memory Usage: 3249kB
        ->  Hash Join  (cost=102767.86..174878.65 rows=450011 width=8) (actual time=1930.742..3618.039 rows=453058 loops=1)
              Hash Cond: (mc.movie_id = t.id)
              ->  Seq Scan on movie_companies mc  (cost=0.00..51404.11 rows=450011 width=4) (actual time=1.467..883.403 rows=453058 loops=1)
                    Filter: (company_id > 77032)
                    Rows Removed by Filter: 2156071
              ->  Hash  (cost=61283.27..61283.27 rows=2528527 width=4) (actual time=1927.396..1927.396 rows=2528312 loops=1)
                    Buckets: 131072  Batches: 64  Memory Usage: 2415kB
                    ->  Seq Scan on title t  (cost=0.00..61283.27 rows=2528527 width=4) (actual time=0.016..1069.249 rows=2528312 loops=1)
Planning time: 1.116 ms
Execution time: 5057.555 ms
