Hash Join  (cost=83073.32..447734.09 rows=481 width=0) (actual time=1337.097..6878.253 rows=6195 loops=1)
  Hash Cond: (mi.movie_id = t.id)
  ->  Seq Scan on movie_info mi  (cost=0.00..309384.22 rows=14739122 width=4) (actual time=0.012..3289.291 rows=14835720 loops=1)
  ->  Hash  (cost=83072.29..83072.29 rows=83 width=8) (actual time=1336.618..1336.618 rows=129 loops=1)
        Buckets: 1024  Batches: 1  Memory Usage: 14kB
        ->  Nested Loop  (cost=0.43..83072.29 rows=83 width=8) (actual time=7.690..1336.454 rows=129 loops=1)
              ->  Seq Scan on movie_keyword mk  (cost=0.00..81003.12 rows=246 width=4) (actual time=1.449..1319.119 rows=284 loops=1)
                    Filter: (keyword_id = 4557)
                    Rows Removed by Filter: 4523646
              ->  Index Scan using title_pkey on title t  (cost=0.43..8.40 rows=1 width=4) (actual time=0.058..0.058 rows=0 loops=284)
                    Index Cond: (id = mk.movie_id)
                    Filter: (production_year < 1996)
                    Rows Removed by Filter: 1
Planning time: 1.175 ms
Execution time: 6879.478 ms
