Seq Scan on movie_companies mc  (cost=0.00..51404.11 rows=576700 width=0) (actual time=513.914..1049.521 rows=580698 loops=1)
  Filter: (company_id > 71045)
  Rows Removed by Filter: 2028431
Planning time: 0.286 ms
Execution time: 1124.556 ms
