Hash Join  (cost=230570.70..318598.43 rows=941421 width=0) (actual time=5012.232..8498.450 rows=5961161 loops=1)
  Hash Cond: (mc.movie_id = t.id)
  ->  Seq Scan on movie_companies mc  (cost=0.00..44881.29 rows=2609129 width=4) (actual time=0.014..828.468 rows=2609129 loops=1)
  ->  Hash  (cost=215602.48..215602.48 rows=912338 width=8) (actual time=5011.477..5011.477 rows=920332 loops=1)
        Buckets: 131072  Batches: 16  Memory Usage: 3298kB
        ->  Hash Join  (cost=102767.86..215602.48 rows=912338 width=8) (actual time=1986.731..4735.152 rows=920332 loops=1)
              Hash Cond: (mk.movie_id = t.id)
              ->  Seq Scan on movie_keyword mk  (cost=0.00..81003.12 rows=912338 width=4) (actual time=0.027..1553.224 rows=920332 loops=1)
                    Filter: (keyword_id < 870)
                    Rows Removed by Filter: 3603598
              ->  Hash  (cost=61283.27..61283.27 rows=2528527 width=4) (actual time=1984.906..1984.906 rows=2528312 loops=1)
                    Buckets: 131072  Batches: 64  Memory Usage: 2425kB
                    ->  Seq Scan on title t  (cost=0.00..61283.27 rows=2528527 width=4) (actual time=0.018..1112.127 rows=2528312 loops=1)
Planning time: 1.057 ms
Execution time: 9151.697 ms
