Hash Join  (cost=228870.91..373141.81 rows=1886136 width=0) (actual time=5104.591..13163.380 rows=16916621 loops=1)
  Hash Cond: (mk.movie_id = t.id)
  ->  Seq Scan on movie_keyword mk  (cost=0.00..81003.12 rows=2977484 width=4) (actual time=0.018..1734.151 rows=2962482 loops=1)
        Filter: (keyword_id < 10068)
        Rows Removed by Filter: 1561448
  ->  Hash  (cost=202592.20..202592.20 rows=1601737 width=8) (actual time=5103.511..5103.511 rows=1592118 loops=1)
        Buckets: 131072  Batches: 32  Memory Usage: 3007kB
        ->  Hash Join  (cost=102767.86..202592.20 rows=1601737 width=8) (actual time=1910.523..4637.656 rows=1592118 loops=1)
              Hash Cond: (mc.movie_id = t.id)
              ->  Seq Scan on movie_companies mc  (cost=0.00..51404.11 rows=1601737 width=4) (actual time=0.034..1043.147 rows=1592118 loops=1)
                    Filter: (company_id < 16138)
                    Rows Removed by Filter: 1017011
              ->  Hash  (cost=61283.27..61283.27 rows=2528527 width=4) (actual time=1909.414..1909.414 rows=2528312 loops=1)
                    Buckets: 131072  Batches: 64  Memory Usage: 2415kB
                    ->  Seq Scan on title t  (cost=0.00..61283.27 rows=2528527 width=4) (actual time=0.025..1090.340 rows=2528312 loops=1)
Planning time: 1.140 ms
Execution time: 15236.551 ms
