Hash Join  (cost=68237.77..414540.65 rows=359 width=0) (actual time=3709.316..6557.376 rows=7410 loops=1)
  Hash Cond: (mi.movie_id = t.id)
  ->  Seq Scan on movie_info mi  (cost=0.00..346232.03 rows=17937 width=4) (actual time=2499.788..5406.690 rows=147487 loops=1)
        Filter: (info_type_id = 107)
        Rows Removed by Filter: 14688233
  ->  Hash  (cost=67604.59..67604.59 rows=50655 width=4) (actual time=1123.549..1123.549 rows=50564 loops=1)
        Buckets: 65536  Batches: 1  Memory Usage: 2290kB
        ->  Seq Scan on title t  (cost=0.00..67604.59 rows=50655 width=4) (actual time=0.071..1102.058 rows=50564 loops=1)
              Filter: (production_year = 1999)
              Rows Removed by Filter: 2477748
Planning time: 0.704 ms
Execution time: 6558.757 ms
