Seq Scan on movie_keyword mk  (cost=0.00..81003.12 rows=25467 width=0) (actual time=0.029..1182.027 rows=21996 loops=1)
  Filter: (keyword_id > 115875)
  Rows Removed by Filter: 4501934
Planning time: 0.313 ms
Execution time: 1185.447 ms
