Seq Scan on movie_keyword mk  (cost=0.00..81003.12 rows=246 width=0) (actual time=3.443..1380.610 rows=64 loops=1)
  Filter: (keyword_id = 13282)
  Rows Removed by Filter: 4523866
Planning time: 0.382 ms
Execution time: 1380.756 ms
