Seq Scan on movie_keyword mk  (cost=0.00..81003.12 rows=2244090 width=0) (actual time=0.018..1659.369 rows=2245037 loops=1)
  Filter: (keyword_id > 4830)
  Rows Removed by Filter: 2278893
Planning time: 0.279 ms
Execution time: 1942.360 ms
