Hash Join  (cost=83074.74..110002.76 rows=45 width=0) (actual time=1338.267..1860.170 rows=57 loops=1)
  Hash Cond: (mi_idx.movie_id = t.id)
  ->  Seq Scan on movie_info_idx mi_idx  (cost=0.00..25185.44 rows=464566 width=4) (actual time=0.023..463.286 rows=459925 loops=1)
        Filter: (info_type_id = 101)
        Rows Removed by Filter: 920110
  ->  Hash  (cost=83071.67..83071.67 rows=246 width=8) (actual time=1333.050..1333.050 rows=58 loops=1)
        Buckets: 1024  Batches: 1  Memory Usage: 11kB
        ->  Nested Loop  (cost=0.43..83071.67 rows=246 width=8) (actual time=9.568..1332.974 rows=58 loops=1)
              ->  Seq Scan on movie_keyword mk  (cost=0.00..81003.12 rows=246 width=4) (actual time=9.479..1327.171 rows=58 loops=1)
                    Filter: (keyword_id = 21312)
                    Rows Removed by Filter: 4523872
              ->  Index Only Scan using title_pkey on title t  (cost=0.43..8.40 rows=1 width=4) (actual time=0.095..0.095 rows=1 loops=58)
                    Index Cond: (id = mk.movie_id)
                    Heap Fetches: 58
Planning time: 3.922 ms
Execution time: 1860.313 ms
