Hash Join  (cost=190230.21..331559.68 rows=1761582 width=0) (actual time=4683.351..9994.590 rows=7490312 loops=1)
  Hash Cond: (mk.movie_id = t.id)
  ->  Seq Scan on movie_keyword mk  (cost=0.00..81003.12 rows=3227605 width=4) (actual time=0.017..1797.282 rows=3212892 loops=1)
        Filter: (keyword_id < 13406)
        Rows Removed by Filter: 1311038
  ->  Hash  (cost=167588.78..167588.78 rows=1380035 width=8) (actual time=4681.992..4681.992 rows=1380035 loops=1)
        Buckets: 131072  Batches: 32  Memory Usage: 2726kB
        ->  Hash Join  (cost=102767.86..167588.78 rows=1380035 width=8) (actual time=1957.744..4282.774 rows=1380035 loops=1)
              Hash Cond: (mi_idx.movie_id = t.id)
              ->  Seq Scan on movie_info_idx mi_idx  (cost=0.00..21735.35 rows=1380035 width=4) (actual time=0.013..493.981 rows=1380035 loops=1)
              ->  Hash  (cost=61283.27..61283.27 rows=2528527 width=4) (actual time=1956.850..1956.850 rows=2528312 loops=1)
                    Buckets: 131072  Batches: 64  Memory Usage: 2415kB
                    ->  Seq Scan on title t  (cost=0.00..61283.27 rows=2528527 width=4) (actual time=0.022..1097.239 rows=2528312 loops=1)
Planning time: 1.095 ms
Execution time: 10888.746 ms
