Seq Scan on movie_companies mc  (cost=0.00..57926.93 rows=53 width=0) (actual time=225.809..804.563 rows=15 loops=1)
  Filter: ((company_id = 18029) AND (company_type_id = 2))
  Rows Removed by Filter: 2609114
Planning time: 1.529 ms
Execution time: 804.656 ms
