Hash Join  (cost=190230.21..326888.53 rows=1611788 width=0) (actual time=4206.800..9158.194 rows=6813234 loops=1)
  Hash Cond: (mk.movie_id = t.id)
  ->  Seq Scan on movie_keyword mk  (cost=0.00..81003.12 rows=2953150 width=4) (actual time=0.022..1727.985 rows=2935873 loops=1)
        Filter: (keyword_id < 9779)
        Rows Removed by Filter: 1588057
  ->  Hash  (cost=167588.78..167588.78 rows=1380035 width=8) (actual time=4205.676..4205.676 rows=1380035 loops=1)
        Buckets: 131072  Batches: 32  Memory Usage: 2726kB
        ->  Hash Join  (cost=102767.86..167588.78 rows=1380035 width=8) (actual time=1891.387..3812.210 rows=1380035 loops=1)
              Hash Cond: (mi_idx.movie_id = t.id)
              ->  Seq Scan on movie_info_idx mi_idx  (cost=0.00..21735.35 rows=1380035 width=4) (actual time=0.018..433.769 rows=1380035 loops=1)
              ->  Hash  (cost=61283.27..61283.27 rows=2528527 width=4) (actual time=1889.478..1889.478 rows=2528312 loops=1)
                    Buckets: 131072  Batches: 64  Memory Usage: 2415kB
                    ->  Seq Scan on title t  (cost=0.00..61283.27 rows=2528527 width=4) (actual time=0.013..1046.412 rows=2528312 loops=1)
Planning time: 1.182 ms
Execution time: 9978.766 ms
