Seq Scan on movie_keyword mk  (cost=0.00..81003.12 rows=304840 width=0) (actual time=0.032..1274.498 rows=302039 loops=1)
  Filter: (keyword_id > 53740)
  Rows Removed by Filter: 4221891
Planning time: 0.299 ms
Execution time: 1314.194 ms
