Seq Scan on cast_info ci  (cost=0.00..796071.18 rows=8032806 width=0) (actual time=4111.702..15234.672 rows=8664227 loops=1)
  Filter: ((person_id > 522450) AND (role_id > 4))
  Rows Removed by Filter: 27580117
Planning time: 0.366 ms
Execution time: 16281.541 ms
