Hash Join  (cost=100960.39..226155.58 rows=1397677 width=0) (actual time=2028.884..5160.874 rows=1328785 loops=1)
  Hash Cond: (mk.movie_id = t.id)
  ->  Seq Scan on movie_keyword mk  (cost=0.00..81003.12 rows=1738260 width=4) (actual time=0.016..1589.147 rows=1749067 loops=1)
        Filter: (keyword_id > 7981)
        Rows Removed by Filter: 2774863
  ->  Hash  (cost=67604.59..67604.59 rows=2033104 width=4) (actual time=2027.733..2027.733 rows=2032439 loops=1)
        Buckets: 131072  Batches: 32  Memory Usage: 3269kB
        ->  Seq Scan on title t  (cost=0.00..67604.59 rows=2033104 width=4) (actual time=0.018..1342.622 rows=2032439 loops=1)
              Filter: (production_year > 1973)
              Rows Removed by Filter: 495873
Planning time: 0.760 ms
Execution time: 5328.254 ms
