Seq Scan on movie_companies mc  (cost=0.00..51404.11 rows=248895 width=0) (actual time=0.018..872.030 rows=243927 loops=1)
  Filter: (company_id < 114)
  Rows Removed by Filter: 2365202
Planning time: 0.293 ms
Execution time: 909.373 ms
