Hash Join  (cost=94009.45..176240.38 rows=814423 width=0) (actual time=1801.736..3837.205 rows=646529 loops=1)
  Hash Cond: (mc.movie_id = t.id)
  ->  Seq Scan on movie_companies mc  (cost=0.00..51404.11 rows=1279517 width=4) (actual time=0.017..904.899 rows=1274246 loops=1)
        Filter: (company_type_id < 2)
        Rows Removed by Filter: 1334883
  ->  Hash  (cost=67604.59..67604.59 rows=1609429 width=4) (actual time=1800.590..1800.590 rows=1607077 loops=1)
        Buckets: 131072  Batches: 32  Memory Usage: 2791kB
        ->  Seq Scan on title t  (cost=0.00..67604.59 rows=1609429 width=4) (actual time=0.011..1276.474 rows=1607077 loops=1)
              Filter: (production_year > 1995)
              Rows Removed by Filter: 921235
Planning time: 0.733 ms
Execution time: 3917.935 ms
