Hash Join  (cost=73962.22..827338.30 rows=14621 width=0) (actual time=4643.395..16612.460 rows=10130 loops=1)
  Hash Cond: (ci.movie_id = t.id)
  ->  Seq Scan on cast_info ci  (cost=0.00..705507.15 rows=12726058 width=4) (actual time=3587.473..13524.661 rows=12670688 loops=1)
        Filter: (role_id = 1)
        Rows Removed by Filter: 23573656
  ->  Hash  (cost=73925.90..73925.90 rows=2905 width=4) (actual time=1050.835..1050.835 rows=3065 loops=1)
        Buckets: 4096  Batches: 1  Memory Usage: 140kB
        ->  Seq Scan on title t  (cost=0.00..73925.90 rows=2905 width=4) (actual time=64.700..1049.256 rows=3065 loops=1)
              Filter: ((kind_id < 7) AND (production_year = 1922))
              Rows Removed by Filter: 2525247
Planning time: 0.801 ms
Execution time: 16614.952 ms
