Hash Join  (cost=499829.50..1362514.31 rows=4143431 width=0) (actual time=10501.019..32564.218 rows=11525519 loops=1)
  Hash Cond: (ci.movie_id = t.id)
  ->  Seq Scan on cast_info ci  (cost=0.00..705507.15 rows=9643024 width=4) (actual time=1.241..13310.680 rows=9455794 loops=1)
        Filter: (person_id < 930876)
        Rows Removed by Filter: 26788550
  ->  Hash  (cost=482004.72..482004.72 rows=1086462 width=8) (actual time=10426.033..10426.033 rows=2426185 loops=1)
        Buckets: 131072 (originally 131072)  Batches: 32 (originally 16)  Memory Usage: 3963kB
        ->  Hash Join  (cost=80042.24..482004.72 rows=1086462 width=8) (actual time=3309.108..9741.802 rows=2426185 loops=1)
              Hash Cond: (mi.movie_id = t.id)
              ->  Seq Scan on movie_info mi  (cost=0.00..346232.03 rows=3623957 width=4) (actual time=1923.607..5767.397 rows=3624977 loops=1)
                    Filter: (info_type_id < 4)
                    Rows Removed by Filter: 11210743
              ->  Hash  (cost=67604.59..67604.59 rows=758052 width=4) (actual time=1384.616..1384.616 rows=753677 loops=1)
                    Buckets: 131072  Batches: 16  Memory Usage: 2686kB
                    ->  Seq Scan on title t  (cost=0.00..67604.59 rows=758052 width=4) (actual time=0.035..1151.032 rows=753677 loops=1)
                          Filter: (kind_id < 3)
                          Rows Removed by Filter: 1774635
Planning time: 1.152 ms
Execution time: 33742.865 ms
