Hash Join  (cost=71711.64..1126751.98 rows=2749007 width=0) (actual time=1409.109..32109.375 rows=2134128 loops=1)
  Hash Cond: (ci.movie_id = t.id)
  ->  Seq Scan on cast_info ci  (cost=0.00..705507.15 rows=27767765 width=4) (actual time=0.017..15946.534 rows=27810716 loops=1)
        Filter: (person_id < 2842051)
        Rows Removed by Filter: 8433628
  ->  Hash  (cost=67604.59..67604.59 rows=250324 width=4) (actual time=1407.960..1407.960 rows=252521 loops=1)
        Buckets: 131072  Batches: 4  Memory Usage: 3244kB
        ->  Seq Scan on title t  (cost=0.00..67604.59 rows=250324 width=4) (actual time=1.933..1322.929 rows=252521 loops=1)
              Filter: (production_year < 1961)
              Rows Removed by Filter: 2275791
Planning time: 0.491 ms
Execution time: 32347.424 ms
