Hash Join  (cost=323681.69..1040183.50 rows=18729607 width=0) (actual time=8634.488..61913.285 rows=175064061 loops=1)
  Hash Cond: (mi.movie_id = t.id)
  ->  Seq Scan on movie_info mi  (cost=0.00..309384.22 rows=14739122 width=4) (actual time=0.010..6374.128 rows=14835720 loops=1)
  ->  Hash  (cost=270965.91..270965.91 rows=3213103 width=8) (actual time=8633.536..8633.536 rows=3204472 loops=1)
        Buckets: 131072  Batches: 64  Memory Usage: 3081kB
        ->  Hash Join  (cost=102767.86..270965.91 rows=3213103 width=8) (actual time=2486.185..7676.597 rows=3204472 loops=1)
              Hash Cond: (mk.movie_id = t.id)
              ->  Seq Scan on movie_keyword mk  (cost=0.00..81003.12 rows=3213103 width=4) (actual time=0.027..1653.178 rows=3204472 loops=1)
                    Filter: (keyword_id > 1730)
                    Rows Removed by Filter: 1319458
              ->  Hash  (cost=61283.27..61283.27 rows=2528527 width=4) (actual time=2483.605..2483.605 rows=2528312 loops=1)
                    Buckets: 131072  Batches: 64  Memory Usage: 2425kB
                    ->  Seq Scan on title t  (cost=0.00..61283.27 rows=2528527 width=4) (actual time=0.028..1121.667 rows=2528312 loops=1)
Planning time: 1.123 ms
Execution time: 80793.287 ms
