Seq Scan on movie_keyword mk  (cost=0.00..81003.12 rows=246 width=0) (actual time=3.838..1318.771 rows=90 loops=1)
  Filter: (keyword_id = 11113)
  Rows Removed by Filter: 4523840
Planning time: 0.382 ms
Execution time: 1318.933 ms
