Seq Scan on movie_keyword mk  (cost=0.00..81003.12 rows=246 width=0) (actual time=101.781..1388.450 rows=13 loops=1)
  Filter: (keyword_id = 5444)
  Rows Removed by Filter: 4523917
Planning time: 0.584 ms
Execution time: 1388.556 ms
