Nested Loop  (cost=0.43..139126.79 rows=1 width=0) (actual time=815.465..2376.820 rows=39 loops=1)
  Join Filter: (mc.movie_id = t.id)
  ->  Nested Loop  (cost=0.00..139118.38 rows=1 width=8) (actual time=815.407..2373.496 rows=41 loops=1)
        Join Filter: (mc.movie_id = mk.movie_id)
        Rows Removed by Join Filter: 722215
        ->  Seq Scan on movie_keyword mk  (cost=0.00..81003.12 rows=246 width=4) (actual time=0.032..1371.975 rows=1968 loops=1)
              Filter: (keyword_id = 1768)
              Rows Removed by Filter: 4521962
        ->  Materialize  (cost=0.00..57927.19 rows=51 width=4) (actual time=0.094..0.442 rows=367 loops=1968)
              ->  Seq Scan on movie_companies mc  (cost=0.00..57926.93 rows=51 width=4) (actual time=184.872..807.818 rows=367 loops=1)
                    Filter: ((company_id = 2610) AND (company_type_id = 1))
                    Rows Removed by Filter: 2608762
  ->  Index Scan using title_pkey on title t  (cost=0.43..8.40 rows=1 width=4) (actual time=0.075..0.075 rows=1 loops=41)
        Index Cond: (id = mk.movie_id)
        Filter: (production_year < 2010)
        Rows Removed by Filter: 0
Planning time: 1.229 ms
Execution time: 2376.984 ms
