Seq Scan on movie_keyword mk  (cost=0.00..81003.12 rows=32490 width=0) (actual time=568.642..1231.289 rows=29487 loops=1)
  Filter: (keyword_id > 110837)
  Rows Removed by Filter: 4494443
Planning time: 0.314 ms
Execution time: 1235.737 ms
