Seq Scan on movie_companies mc  (cost=0.00..57926.93 rows=967252 width=0) (actual time=391.201..1083.179 rows=820353 loops=1)
  Filter: ((company_id > 836) AND (company_type_id = 1))
  Rows Removed by Filter: 1788776
Planning time: 0.411 ms
Execution time: 1180.817 ms
