Hash Join  (cost=92883.59..183921.83 rows=129420 width=0) (actual time=2954.951..3419.761 rows=6116 loops=1)
  Hash Cond: (mk.movie_id = t.id)
  ->  Seq Scan on movie_keyword mk  (cost=0.00..81003.12 rows=212384 width=4) (actual time=0.025..1319.999 rows=213631 loops=1)
        Filter: (keyword_id > 65867)
        Rows Removed by Filter: 4310299
  ->  Hash  (cost=67604.59..67604.59 rows=1540800 width=4) (actual time=1712.981..1712.981 rows=1543264 loops=1)
        Buckets: 131072  Batches: 32  Memory Usage: 2728kB
        ->  Seq Scan on title t  (cost=0.00..67604.59 rows=1540800 width=4) (actual time=0.021..1219.724 rows=1543264 loops=1)
              Filter: (kind_id = 7)
              Rows Removed by Filter: 985048
Planning time: 2.149 ms
Execution time: 3420.652 ms
