Hash Join  (cost=502491.49..648165.98 rows=1942945 width=0) (actual time=9158.048..20090.767 rows=32785672 loops=1)
  Hash Cond: (mk.movie_id = t.id)
  ->  Seq Scan on movie_keyword mk  (cost=0.00..69693.30 rows=4523930 width=4) (actual time=0.014..1526.079 rows=4523930 loops=1)
  ->  Hash  (cost=484674.04..484674.04 rows=1085956 width=8) (actual time=9156.594..9156.594 rows=1187616 loops=1)
        Buckets: 131072  Batches: 16  Memory Usage: 4029kB
        ->  Hash Join  (cost=88608.73..484674.04 rows=1085956 width=8) (actual time=5470.717..8811.503 rows=1187616 loops=1)
              Hash Cond: (mi.movie_id = t.id)
              ->  Seq Scan on movie_info mi  (cost=0.00..346232.03 rows=3068194 width=4) (actual time=3899.424..5323.622 rows=3036719 loops=1)
                    Filter: (info_type_id = 16)
                    Rows Removed by Filter: 11799001
              ->  Hash  (cost=73925.90..73925.90 rows=894946 width=4) (actual time=1570.042..1570.042 rows=810098 loops=1)
                    Buckets: 131072  Batches: 16  Memory Usage: 2815kB
                    ->  Seq Scan on title t  (cost=0.00..73925.90 rows=894946 width=4) (actual time=0.038..1301.751 rows=810098 loops=1)
                          Filter: ((kind_id < 7) AND (production_year > 1951))
                          Rows Removed by Filter: 1718214
Planning time: 1.399 ms
Execution time: 23714.420 ms
