Hash Join  (cost=197176.03..592102.10 rows=999732 width=0) (actual time=7623.134..11885.520 rows=680645 loops=1)
  Hash Cond: (mi.movie_id = t.id)
  ->  Seq Scan on movie_info mi  (cost=0.00..346232.03 rows=3068194 width=4) (actual time=3485.493..6132.646 rows=3036719 loops=1)
        Filter: (info_type_id = 16)
        Rows Removed by Filter: 11799001
  ->  Hash  (cost=183658.43..183658.43 rows=823888 width=8) (actual time=4136.349..4136.349 rows=456187 loops=1)
        Buckets: 131072  Batches: 16  Memory Usage: 2132kB
        ->  Hash Join  (cost=94973.51..183658.43 rows=823888 width=8) (actual time=1811.125..3997.845 rows=456187 loops=1)
              Hash Cond: (mc.movie_id = t.id)
              ->  Seq Scan on movie_companies mc  (cost=0.00..57926.93 rows=1248820 width=4) (actual time=0.034..1179.080 rows=1296872 loops=1)
                    Filter: ((company_id > 27) AND (company_type_id > 1))
                    Rows Removed by Filter: 1312257
              ->  Hash  (cost=67604.59..67604.59 rows=1668154 width=4) (actual time=1809.700..1809.700 rows=1674098 loops=1)
                    Buckets: 131072  Batches: 32  Memory Usage: 2869kB
                    ->  Seq Scan on title t  (cost=0.00..67604.59 rows=1668154 width=4) (actual time=0.022..1280.898 rows=1674098 loops=1)
                          Filter: (kind_id > 3)
                          Rows Removed by Filter: 854214
Planning time: 1.173 ms
Execution time: 11966.370 ms
