Seq Scan on movie_keyword mk  (cost=0.00..81003.12 rows=246 width=0) (actual time=0.503..1270.039 rows=514 loops=1)
  Filter: (keyword_id = 981)
  Rows Removed by Filter: 4523416
Planning time: 0.319 ms
Execution time: 1270.390 ms
