Hash Join  (cost=156487.41..293906.38 rows=743847 width=0) (actual time=3293.365..7609.336 rows=3119134 loops=1)
  Hash Cond: (mk.movie_id = t.id)
  ->  Seq Scan on movie_keyword mk  (cost=0.00..81003.12 rows=4080100 width=4) (actual time=0.015..1756.809 rows=4082379 loops=1)
        Filter: (keyword_id < 39992)
        Rows Removed by Filter: 441551
  ->  Hash  (cost=148924.19..148924.19 rows=460978 width=8) (actual time=3292.315..3292.315 rows=459925 loops=1)
        Buckets: 131072  Batches: 8  Memory Usage: 3284kB
        ->  Hash Join  (cost=102767.86..148924.19 rows=460978 width=8) (actual time=1907.106..3160.885 rows=459925 loops=1)
              Hash Cond: (mi_idx.movie_id = t.id)
              ->  Seq Scan on movie_info_idx mi_idx  (cost=0.00..25185.44 rows=460978 width=4) (actual time=0.027..466.349 rows=459925 loops=1)
                    Filter: (info_type_id < 100)
                    Rows Removed by Filter: 920110
              ->  Hash  (cost=61283.27..61283.27 rows=2528527 width=4) (actual time=1905.328..1905.328 rows=2528312 loops=1)
                    Buckets: 131072  Batches: 64  Memory Usage: 2415kB
                    ->  Seq Scan on title t  (cost=0.00..61283.27 rows=2528527 width=4) (actual time=0.019..1073.628 rows=2528312 loops=1)
Planning time: 8.478 ms
Execution time: 7987.338 ms
