Seq Scan on cast_info ci  (cost=0.00..796071.18 rows=5629129 width=0) (actual time=0.027..16175.728 rows=5675172 loops=1)
  Filter: ((person_id > 111212) AND (role_id > 8))
  Rows Removed by Filter: 30569172
Planning time: 0.329 ms
Execution time: 16872.613 ms
