Hash Join  (cost=205574.63..739173.64 rows=5041408 width=0) (actual time=5613.073..23157.831 rows=16083636 loops=1)
  Hash Cond: (mi.movie_id = t.id)
  ->  Seq Scan on movie_info mi  (cost=0.00..309384.22 rows=14739122 width=4) (actual time=0.021..6061.888 rows=14835720 loops=1)
  ->  Hash  (cost=191384.83..191384.83 rows=864864 width=8) (actual time=5612.187..5612.187 rows=1069951 loops=1)
        Buckets: 131072  Batches: 16  Memory Usage: 3649kB
        ->  Hash Join  (cost=102767.86..191384.83 rows=864864 width=8) (actual time=2192.162..5191.998 rows=1069951 loops=1)
              Hash Cond: (mc.movie_id = t.id)
              ->  Seq Scan on movie_companies mc  (cost=0.00..57926.93 rows=864864 width=4) (actual time=160.922..1184.911 rows=1069951 loops=1)
                    Filter: ((company_id > 3051) AND (company_type_id > 1))
                    Rows Removed by Filter: 1539178
              ->  Hash  (cost=61283.27..61283.27 rows=2528527 width=4) (actual time=2029.947..2029.947 rows=2528312 loops=1)
                    Buckets: 131072  Batches: 64  Memory Usage: 2415kB
                    ->  Seq Scan on title t  (cost=0.00..61283.27 rows=2528527 width=4) (actual time=0.026..1190.556 rows=2528312 loops=1)
Planning time: 1.176 ms
Execution time: 24909.439 ms
