Hash Join  (cost=159968.69..292742.08 rows=383426 width=0) (actual time=3805.307..9413.762 rows=8665659 loops=1)
  Hash Cond: (mk.movie_id = t.id)
  ->  Seq Scan on movie_keyword mk  (cost=0.00..81003.12 rows=4065069 width=4) (actual time=0.015..1830.843 rows=4068500 loops=1)
        Filter: (keyword_id < 38918)
        Rows Removed by Filter: 455430
  ->  Hash  (cost=156055.49..156055.49 rows=238496 width=8) (actual time=3804.119..3804.119 rows=699374 loops=1)
        Buckets: 131072 (originally 131072)  Batches: 16 (originally 4)  Memory Usage: 3073kB
        ->  Hash Join  (cost=77718.01..156055.49 rows=238496 width=8) (actual time=1166.786..3568.087 rows=699374 loops=1)
              Hash Cond: (mc.movie_id = t.id)
              ->  Seq Scan on movie_companies mc  (cost=0.00..44881.29 rows=2609129 width=4) (actual time=0.022..904.315 rows=2609129 loops=1)
              ->  Hash  (cost=73925.90..73925.90 rows=231128 width=4) (actual time=1166.001..1166.001 rows=341868 loops=1)
                    Buckets: 131072  Batches: 4  Memory Usage: 4031kB
                    ->  Seq Scan on title t  (cost=0.00..73925.90 rows=231128 width=4) (actual time=0.150..1061.297 rows=341868 loops=1)
                          Filter: ((kind_id < 7) AND (production_year < 1985))
                          Rows Removed by Filter: 2186444
Planning time: 1.146 ms
Execution time: 10417.465 ms
