Hash Join  (cost=98137.04..180214.24 rows=853849 width=0) (actual time=1937.936..3962.553 rows=419277 loops=1)
  Hash Cond: (mc.movie_id = t.id)
  ->  Seq Scan on movie_companies mc  (cost=0.00..51404.11 rows=1160121 width=4) (actual time=0.022..986.025 rows=1168318 loops=1)
        Filter: (company_id > 12832)
        Rows Removed by Filter: 1440811
  ->  Hash  (cost=67604.59..67604.59 rows=1860996 width=4) (actual time=1936.514..1936.514 rows=1865487 loops=1)
        Buckets: 131072  Batches: 32  Memory Usage: 3079kB
        ->  Seq Scan on title t  (cost=0.00..67604.59 rows=1860996 width=4) (actual time=0.016..1330.758 rows=1865487 loops=1)
              Filter: (kind_id > 1)
              Rows Removed by Filter: 662825
Planning time: 0.723 ms
Execution time: 4011.737 ms
