Seq Scan on movie_keyword mk  (cost=0.00..81003.12 rows=863829 width=0) (actual time=0.025..1338.084 rows=873404 loops=1)
  Filter: (keyword_id > 21144)
  Rows Removed by Filter: 3650526
Planning time: 0.296 ms
Execution time: 1445.164 ms
