Hash Join  (cost=97835.13..1260128.90 rows=11992914 width=0) (actual time=2638.021..41033.947 rows=12942456 loops=1)
  Hash Cond: (ci.movie_id = t.id)
  ->  Seq Scan on cast_info ci  (cost=0.00..796071.18 rows=20808652 width=4) (actual time=0.015..18480.094 rows=22454623 loops=1)
        Filter: ((person_id > 385304) AND (role_id > 1))
        Rows Removed by Filter: 13789721
  ->  Hash  (cost=73925.90..73925.90 rows=1457298 width=4) (actual time=2636.618..2636.618 rows=1438183 loops=1)
        Buckets: 131072  Batches: 32  Memory Usage: 2604kB
        ->  Seq Scan on title t  (cost=0.00..73925.90 rows=1457298 width=4) (actual time=0.027..1477.547 rows=1438183 loops=1)
              Filter: ((production_year < 2013) AND (kind_id = 7))
              Rows Removed by Filter: 1090129
Planning time: 0.793 ms
Execution time: 42499.095 ms
