Seq Scan on movie_keyword mk  (cost=0.00..81003.12 rows=4429815 width=0) (actual time=0.024..1635.226 rows=4431944 loops=1)
  Filter: (keyword_id < 84405)
  Rows Removed by Filter: 91986
Planning time: 0.289 ms
Execution time: 2187.105 ms
