Seq Scan on cast_info ci  (cost=0.00..796071.18 rows=27254800 width=0) (actual time=0.021..17702.209 rows=27758030 loops=1)
  Filter: ((person_id < 3956824) AND (role_id < 6))
  Rows Removed by Filter: 8486314
Planning time: 0.368 ms
Execution time: 21087.279 ms
