Hash Join  (cost=83074.74..451427.09 rows=574 width=0) (actual time=4341.011..8413.628 rows=7336 loops=1)
  Hash Cond: (mi.movie_id = t.id)
  ->  Seq Scan on movie_info mi  (cost=0.00..346232.03 rows=5897221 width=4) (actual time=2915.041..6096.099 rows=5884963 loops=1)
        Filter: (info_type_id < 7)
        Rows Removed by Filter: 8950757
  ->  Hash  (cost=83071.67..83071.67 rows=246 width=8) (actual time=1417.169..1417.169 rows=649 loops=1)
        Buckets: 1024  Batches: 1  Memory Usage: 34kB
        ->  Nested Loop  (cost=0.43..83071.67 rows=246 width=8) (actual time=0.981..1416.580 rows=649 loops=1)
              ->  Seq Scan on movie_keyword mk  (cost=0.00..81003.12 rows=246 width=4) (actual time=0.904..1355.446 rows=649 loops=1)
                    Filter: (keyword_id = 3172)
                    Rows Removed by Filter: 4523281
              ->  Index Only Scan using title_pkey on title t  (cost=0.43..8.40 rows=1 width=4) (actual time=0.092..0.092 rows=1 loops=649)
                    Index Cond: (id = mk.movie_id)
                    Heap Fetches: 649
Planning time: 1.103 ms
Execution time: 8415.174 ms
