Seq Scan on title t  (cost=0.00..73925.90 rows=20148 width=0) (actual time=0.202..1134.338 rows=16928 loops=1)
  Filter: ((kind_id < 6) AND (production_year = 2000))
  Rows Removed by Filter: 2511384
Planning time: 0.339 ms
Execution time: 1137.596 ms
