Seq Scan on movie_companies mc  (cost=0.00..51404.11 rows=104 width=0) (actual time=143.089..788.716 rows=87 loops=1)
  Filter: (company_id = 14228)
  Rows Removed by Filter: 2609042
Planning time: 0.930 ms
Execution time: 788.849 ms
