Hash Join  (cost=102803.67..710510.47 rows=10260097 width=0) (actual time=2063.982..17272.789 rows=6409746 loops=1)
  Hash Cond: (mi.movie_id = t.id)
  ->  Seq Scan on movie_info mi  (cost=0.00..309384.22 rows=14739122 width=4) (actual time=0.030..5875.912 rows=14835720 loops=1)
  ->  Hash  (cost=73925.90..73925.90 rows=1760141 width=4) (actual time=2062.671..2062.671 rows=1754586 loops=1)
        Buckets: 131072  Batches: 32  Memory Usage: 2961kB
        ->  Seq Scan on title t  (cost=0.00..73925.90 rows=1760141 width=4) (actual time=0.015..1485.941 rows=1754586 loops=1)
              Filter: ((kind_id > 1) AND (production_year < 2013))
              Rows Removed by Filter: 773726
Planning time: 0.766 ms
Execution time: 17985.373 ms
