Hash Join  (cost=162956.93..530092.40 rows=247956 width=0) (actual time=2935.506..10971.354 rows=1350368 loops=1)
  Hash Cond: (mi.movie_id = t.id)
  ->  Seq Scan on movie_info mi  (cost=0.00..309384.22 rows=14739122 width=4) (actual time=0.026..4275.961 rows=14835720 loops=1)
  ->  Hash  (cost=162425.22..162425.22 rows=42537 width=8) (actual time=2935.076..2935.076 rows=27031 loops=1)
        Buckets: 65536  Batches: 1  Memory Usage: 1568kB
        ->  Hash Join  (cost=74730.49..162425.22 rows=42537 width=8) (actual time=1213.750..2924.395 rows=27031 loops=1)
              Hash Cond: (mk.movie_id = t.id)
              ->  Seq Scan on movie_keyword mk  (cost=0.00..81003.12 rows=1670995 width=4) (actual time=0.024..1379.162 rows=1680667 loops=1)
                    Filter: (keyword_id < 2600)
                    Rows Removed by Filter: 2843263
              ->  Hash  (cost=73925.90..73925.90 rows=64367 width=4) (actual time=1213.101..1213.101 rows=53905 loops=1)
                    Buckets: 65536  Batches: 1  Memory Usage: 2408kB
                    ->  Seq Scan on title t  (cost=0.00..73925.90 rows=64367 width=4) (actual time=0.069..1191.812 rows=53905 loops=1)
                          Filter: ((kind_id < 7) AND (production_year = 2012))
                          Rows Removed by Filter: 2474407
Planning time: 0.864 ms
Execution time: 11144.308 ms
