Seq Scan on cast_info ci  (cost=0.00..796071.18 rows=4657406 width=0) (actual time=1408.460..15524.951 rows=5328534 loops=1)
  Filter: ((person_id > 694395) AND (role_id > 8))
  Rows Removed by Filter: 30915810
Planning time: 0.399 ms
Execution time: 16189.232 ms
