Hash Join  (cost=67697.55..122439.81 rows=7674 width=0) (actual time=1014.008..2299.753 rows=15409 loops=1)
  Hash Cond: (mc.movie_id = t.id)
  ->  Seq Scan on movie_companies mc  (cost=0.00..44881.29 rows=2609129 width=4) (actual time=0.019..710.018 rows=2609129 loops=1)
  ->  Hash  (cost=67604.59..67604.59 rows=7437 width=4) (actual time=1013.868..1013.868 rows=9768 loops=1)
        Buckets: 16384 (originally 8192)  Batches: 1 (originally 1)  Memory Usage: 472kB
        ->  Seq Scan on title t  (cost=0.00..67604.59 rows=7437 width=4) (actual time=1.313..1008.907 rows=9768 loops=1)
              Filter: (production_year = 1958)
              Rows Removed by Filter: 2518544
Planning time: 1.283 ms
Execution time: 2302.408 ms
