Seq Scan on cast_info ci  (cost=0.00..796071.18 rows=19115305 width=0) (actual time=0.010..15400.992 rows=17982684 loops=1)
  Filter: ((person_id > 1153093) AND (role_id < 7))
  Rows Removed by Filter: 18261660
Planning time: 0.348 ms
Execution time: 17566.120 ms
