Hash Join  (cost=131805.26..498337.24 rows=187605 width=0) (actual time=2407.216..10496.393 rows=725831 loops=1)
  Hash Cond: (mi.movie_id = t.id)
  ->  Seq Scan on movie_info mi  (cost=0.00..309384.22 rows=14739122 width=4) (actual time=0.009..4077.847 rows=14835720 loops=1)
  ->  Hash  (cost=131402.96..131402.96 rows=32184 width=8) (actual time=2406.982..2406.982 rows=49368 loops=1)
        Buckets: 65536 (originally 32768)  Batches: 1 (originally 1)  Memory Usage: 2441kB
        ->  Hash Join  (cost=74690.97..131402.96 rows=32184 width=8) (actual time=1316.874..2389.053 rows=49368 loops=1)
              Hash Cond: (mc.movie_id = t.id)
              ->  Seq Scan on movie_companies mc  (cost=0.00..51404.11 rows=1329612 width=4) (actual time=0.023..897.925 rows=1334883 loops=1)
                    Filter: (company_type_id = 2)
                    Rows Removed by Filter: 1274246
              ->  Hash  (cost=73925.90..73925.90 rows=61205 width=4) (actual time=1154.981..1154.981 rows=61581 loops=1)
                    Buckets: 65536  Batches: 1  Memory Usage: 2677kB
                    ->  Seq Scan on title t  (cost=0.00..73925.90 rows=61205 width=4) (actual time=403.469..1132.854 rows=61581 loops=1)
                          Filter: ((production_year > 2011) AND (kind_id = 1))
                          Rows Removed by Filter: 2466731
Planning time: 1.708 ms
Execution time: 10589.391 ms
