Seq Scan on movie_keyword mk  (cost=0.00..81003.12 rows=4087309 width=0) (actual time=0.029..1450.357 rows=4091850 loops=1)
  Filter: (keyword_id < 40551)
  Rows Removed by Filter: 432080
Planning time: 0.303 ms
Execution time: 1941.650 ms
