Hash Join  (cost=107924.17..298394.65 rows=4307828 width=0) (actual time=2267.008..7635.700 rows=4405280 loops=1)
  Hash Cond: (mk.movie_id = t.id)
  ->  Seq Scan on movie_keyword mk  (cost=0.00..81003.12 rows=4432213 width=4) (actual time=0.030..1885.596 rows=4434404 loops=1)
        Filter: (keyword_id < 85051)
        Rows Removed by Filter: 89526
  ->  Hash  (cost=67604.59..67604.59 rows=2457567 width=4) (actual time=2265.654..2265.654 rows=2452703 loops=1)
        Buckets: 131072  Batches: 64  Memory Usage: 2383kB
        ->  Seq Scan on title t  (cost=0.00..67604.59 rows=2457567 width=4) (actual time=0.028..1399.828 rows=2452703 loops=1)
              Filter: (production_year < 2014)
              Rows Removed by Filter: 75609
Planning time: 4.113 ms
Execution time: 8132.953 ms
