Hash Join  (cost=58358.70..145016.99 rows=25 width=0) (actual time=914.040..2659.552 rows=2336 loops=1)
  Hash Cond: (mk.movie_id = t.id)
  ->  Seq Scan on movie_keyword mk  (cost=0.00..69693.30 rows=4523930 width=4) (actual time=0.015..993.481 rows=4523930 loops=1)
  ->  Hash  (cost=58358.52..58358.52 rows=14 width=8) (actual time=890.503..890.503 rows=86 loops=1)
        Buckets: 1024  Batches: 1  Memory Usage: 12kB
        ->  Nested Loop  (cost=0.43..58358.52 rows=14 width=8) (actual time=584.572..890.411 rows=86 loops=1)
              ->  Seq Scan on movie_companies mc  (cost=0.00..57926.93 rows=51 width=4) (actual time=584.492..884.745 rows=86 loops=1)
                    Filter: ((company_type_id < 2) AND (company_id = 14171))
                    Rows Removed by Filter: 2609043
              ->  Index Scan using title_pkey on title t  (cost=0.43..8.45 rows=1 width=4) (actual time=0.063..0.063 rows=1 loops=86)
                    Index Cond: (id = mc.movie_id)
                    Filter: ((kind_id < 7) AND (production_year < 2009))
Planning time: 1.217 ms
Execution time: 2660.026 ms
