Seq Scan on cast_info ci  (cost=0.00..796071.18 rows=7036556 width=0) (actual time=0.024..15675.903 rows=7451806 loops=1)
  Filter: ((person_id > 122314) AND (role_id = 2))
  Rows Removed by Filter: 28792538
Planning time: 0.444 ms
Execution time: 16589.816 ms
