Hash Join  (cost=262164.19..865694.15 rows=9868613 width=0) (actual time=7166.056..41526.310 rows=92661389 loops=1)
  Hash Cond: (mi.movie_id = t.id)
  ->  Seq Scan on movie_info mi  (cost=0.00..309384.22 rows=14739122 width=4) (actual time=0.015..5913.475 rows=14835720 loops=1)
  ->  Hash  (cost=234387.92..234387.92 rows=1692981 width=8) (actual time=7164.462..7164.462 rows=1704855 loops=1)
        Buckets: 131072  Batches: 32  Memory Usage: 3174kB
        ->  Hash Join  (cost=102767.86..234387.92 rows=1692981 width=8) (actual time=2577.911..6577.161 rows=1704855 loops=1)
              Hash Cond: (mk.movie_id = t.id)
              ->  Seq Scan on movie_keyword mk  (cost=0.00..81003.12 rows=1692981 width=4) (actual time=0.030..1616.763 rows=1704855 loops=1)
                    Filter: (keyword_id > 8445)
                    Rows Removed by Filter: 2819075
              ->  Hash  (cost=61283.27..61283.27 rows=2528527 width=4) (actual time=2576.867..2576.867 rows=2528312 loops=1)
                    Buckets: 131072  Batches: 64  Memory Usage: 2425kB
                    ->  Seq Scan on title t  (cost=0.00..61283.27 rows=2528527 width=4) (actual time=0.021..1024.187 rows=2528312 loops=1)
Planning time: 1.478 ms
Execution time: 52029.050 ms
