Nested Loop  (cost=44377.22..859654.71 rows=7545 width=0) (actual time=5044.076..15449.930 rows=222292 loops=1)
  Join Filter: (ci.movie_id = t.id)
  ->  Hash Join  (cost=44376.79..848556.32 rows=18798 width=8) (actual time=5043.956..12424.447 rows=222292 loops=1)
        Hash Cond: (ci.movie_id = mi_idx.movie_id)
        ->  Seq Scan on cast_info ci  (cost=0.00..796071.18 rows=13825 width=4) (actual time=4150.566..11097.653 rows=170244 loops=1)
              Filter: ((person_id > 3780655) AND (role_id = 11))
              Rows Removed by Filter: 36074100
        ->  Hash  (cost=21735.35..21735.35 rows=1380035 width=4) (actual time=892.027..892.027 rows=1380035 loops=1)
              Buckets: 131072  Batches: 32  Memory Usage: 2540kB
              ->  Seq Scan on movie_info_idx mi_idx  (cost=0.00..21735.35 rows=1380035 width=4) (actual time=0.035..474.500 rows=1380035 loops=1)
  ->  Index Only Scan using title_pkey on title t  (cost=0.43..0.58 rows=1 width=4) (actual time=0.013..0.013 rows=1 loops=222292)
        Index Cond: (id = mi_idx.movie_id)
        Heap Fetches: 222292
Planning time: 1.151 ms
Execution time: 15492.048 ms
