Hash Join  (cost=222859.75..1217703.57 rows=6411110 width=0) (actual time=7451.151..29277.914 rows=10424986 loops=1)
  Hash Cond: (ci.movie_id = t.id)
  ->  Seq Scan on cast_info ci  (cost=0.00..796071.18 rows=11155343 width=4) (actual time=2538.628..16588.632 rows=9534667 loops=1)
        Filter: ((person_id > 419192) AND (role_id = 1))
        Rows Removed by Filter: 26709677
  ->  Hash  (cost=199018.06..199018.06 rows=1453175 width=8) (actual time=4911.160..4911.160 rows=1457055 loops=1)
        Buckets: 131072  Batches: 32  Memory Usage: 2791kB
        ->  Hash Join  (cost=102767.86..199018.06 rows=1453175 width=8) (actual time=1883.822..4484.941 rows=1457055 loops=1)
              Hash Cond: (mc.movie_id = t.id)
              ->  Seq Scan on movie_companies mc  (cost=0.00..51404.11 rows=1453175 width=4) (actual time=0.033..969.212 rows=1457055 loops=1)
                    Filter: (company_id > 9053)
                    Rows Removed by Filter: 1152074
              ->  Hash  (cost=61283.27..61283.27 rows=2528527 width=4) (actual time=1882.045..1882.045 rows=2528312 loops=1)
                    Buckets: 131072  Batches: 64  Memory Usage: 2415kB
                    ->  Seq Scan on title t  (cost=0.00..61283.27 rows=2528527 width=4) (actual time=0.025..1057.939 rows=2528312 loops=1)
Planning time: 4.848 ms
Execution time: 30423.704 ms
