Hash Join  (cost=243404.84..336494.55 rows=1091815 width=0) (actual time=5174.437..9223.928 rows=7692729 loops=1)
  Hash Cond: (mc.movie_id = t.id)
  ->  Seq Scan on movie_companies mc  (cost=0.00..51404.11 rows=2245451 width=4) (actual time=0.014..1146.772 rows=2242222 loops=1)
        Filter: (company_id < 85966)
        Rows Removed by Filter: 366907
  ->  Hash  (cost=223233.64..223233.64 rows=1229456 width=8) (actual time=5172.933..5172.933 rows=1237304 loops=1)
        Buckets: 131072  Batches: 32  Memory Usage: 2532kB
        ->  Hash Join  (cost=102767.86..223233.64 rows=1229456 width=8) (actual time=1937.984..4814.355 rows=1237304 loops=1)
              Hash Cond: (mk.movie_id = t.id)
              ->  Seq Scan on movie_keyword mk  (cost=0.00..81003.12 rows=1229456 width=4) (actual time=0.016..1488.184 rows=1237304 loops=1)
                    Filter: (keyword_id < 1574)
                    Rows Removed by Filter: 3286626
              ->  Hash  (cost=61283.27..61283.27 rows=2528527 width=4) (actual time=1935.498..1935.498 rows=2528312 loops=1)
                    Buckets: 131072  Batches: 64  Memory Usage: 2425kB
                    ->  Seq Scan on title t  (cost=0.00..61283.27 rows=2528527 width=4) (actual time=0.018..1085.391 rows=2528312 loops=1)
Planning time: 1.228 ms
Execution time: 10056.304 ms
