Seq Scan on movie_companies mc  (cost=0.00..57926.93 rows=692741 width=0) (actual time=207.457..902.868 rows=930209 loops=1)
  Filter: ((company_id > 11146) AND (company_type_id = 2))
  Rows Removed by Filter: 1678920
Planning time: 0.359 ms
Execution time: 1019.947 ms
