Hash Join  (cost=74037.93..100997.32 rows=4891 width=0) (actual time=1216.659..1802.841 rows=3168 loops=1)
  Hash Cond: (mi_idx.movie_id = t.id)
  ->  Seq Scan on movie_info_idx mi_idx  (cost=0.00..21735.35 rows=1380035 width=4) (actual time=0.018..339.389 rows=1380035 loops=1)
  ->  Hash  (cost=73925.90..73925.90 rows=8962 width=4) (actual time=1201.734..1201.734 rows=3520 loops=1)
        Buckets: 16384  Batches: 1  Memory Usage: 252kB
        ->  Seq Scan on title t  (cost=0.00..73925.90 rows=8962 width=4) (actual time=281.008..1199.725 rows=3520 loops=1)
              Filter: ((production_year < 1961) AND (kind_id = 2))
              Rows Removed by Filter: 2524792
Planning time: 0.833 ms
Execution time: 1803.436 ms
