Hash Join  (cost=100928.86..465633.34 rows=4854 width=0) (actual time=1825.331..8970.889 rows=7918 loops=1)
  Hash Cond: (mi.movie_id = t.id)
  ->  Seq Scan on movie_info mi  (cost=0.00..309384.22 rows=14739122 width=4) (actual time=0.013..4407.833 rows=14835720 loops=1)
  ->  Hash  (cost=100918.44..100918.44 rows=833 width=8) (actual time=1756.818..1756.818 rows=685 loops=1)
        Buckets: 1024  Batches: 1  Memory Usage: 35kB
        ->  Hash Join  (cost=73982.55..100918.44 rows=833 width=8) (actual time=1240.007..1756.491 rows=685 loops=1)
              Hash Cond: (mi_idx.movie_id = t.id)
              ->  Seq Scan on movie_info_idx mi_idx  (cost=0.00..25185.44 rows=464566 width=4) (actual time=0.014..433.846 rows=459925 loops=1)
                    Filter: (info_type_id = 101)
                    Rows Removed by Filter: 920110
              ->  Hash  (cost=73925.90..73925.90 rows=4532 width=4) (actual time=1233.441..1233.441 rows=8269 loops=1)
                    Buckets: 16384 (originally 8192)  Batches: 1 (originally 1)  Memory Usage: 419kB
                    ->  Seq Scan on title t  (cost=0.00..73925.90 rows=4532 width=4) (actual time=0.022..1229.314 rows=8269 loops=1)
                          Filter: ((kind_id = 7) AND (production_year = 1971))
                          Rows Removed by Filter: 2520043
Planning time: 1.155 ms
Execution time: 8972.329 ms
