Seq Scan on cast_info ci  (cost=0.00..796071.18 rows=12690380 width=0) (actual time=9831.366..17292.231 rows=12605605 loops=1)
  Filter: ((person_id > 10460) AND (role_id < 2))
  Rows Removed by Filter: 23638739
Planning time: 3.177 ms
Execution time: 18868.128 ms
