Hash Join  (cost=102353.79..708354.66 rows=10100204 width=0) (actual time=3075.549..19879.230 rows=6505057 loops=1)
  Hash Cond: (mi.movie_id = t.id)
  ->  Seq Scan on movie_info mi  (cost=0.00..309384.22 rows=14739122 width=4) (actual time=0.012..6446.215 rows=14835720 loops=1)
  ->  Hash  (cost=73925.90..73925.90 rows=1732711 width=4) (actual time=3074.576..3074.576 rows=1799904 loops=1)
        Buckets: 131072  Batches: 32  Memory Usage: 3013kB
        ->  Seq Scan on title t  (cost=0.00..73925.90 rows=1732711 width=4) (actual time=0.022..1746.254 rows=1799904 loops=1)
              Filter: ((kind_id > 1) AND (production_year > 1926))
              Rows Removed by Filter: 728408
Planning time: 0.837 ms
Execution time: 20595.641 ms
