Seq Scan on cast_info ci  (cost=0.00..796071.18 rows=324 width=0) (actual time=11575.984..14218.350 rows=37 loops=1)
  Filter: ((role_id > 1) AND (person_id = 2035916))
  Rows Removed by Filter: 36244307
Planning time: 0.420 ms
Execution time: 14218.495 ms
