Hash Join  (cost=677076.03..1942190.84 rows=28685268 width=0) (actual time=18501.381..84525.353 rows=149191166 loops=1)
  Hash Cond: (ci.movie_id = t.id)
  ->  Seq Scan on cast_info ci  (cost=0.00..705507.15 rows=16704799 width=4) (actual time=0.025..14817.648 rows=16559441 loops=1)
        Filter: (person_id < 1639551)
        Rows Removed by Filter: 19684903
  ->  Hash  (cost=605840.61..605840.61 rows=4341954 width=8) (actual time=18500.004..18500.004 rows=7782788 loops=1)
        Buckets: 131072 (originally 131072)  Batches: 128 (originally 64)  Memory Usage: 3415kB
        ->  Hash Join  (cost=83810.17..605840.61 rows=4341954 width=8) (actual time=1506.807..16362.745 rows=7782788 loops=1)
              Hash Cond: (mi.movie_id = t.id)
              ->  Seq Scan on movie_info mi  (cost=0.00..346232.03 rows=11115165 width=4) (actual time=0.024..7200.406 rows=11210743 loops=1)
                    Filter: (info_type_id > 3)
                    Rows Removed by Filter: 3624977
              ->  Hash  (cost=67604.59..67604.59 rows=987727 width=4) (actual time=1505.309..1505.309 rows=985048 loops=1)
                    Buckets: 131072  Batches: 16  Memory Usage: 3197kB
                    ->  Seq Scan on title t  (cost=0.00..67604.59 rows=987727 width=4) (actual time=0.018..1185.615 rows=985048 loops=1)
                          Filter: (kind_id < 7)
                          Rows Removed by Filter: 1543264
Planning time: 3.977 ms
Execution time: 101359.230 ms
