Hash Join  (cost=320987.28..1256489.78 rows=6113561 width=0) (actual time=9149.987..31177.388 rows=14035466 loops=1)
  Hash Cond: (ci.movie_id = t.id)
  ->  Seq Scan on cast_info ci  (cost=0.00..796071.18 rows=4642673 width=4) (actual time=2831.977..13299.749 rows=10181559 loops=1)
        Filter: ((person_id > 2671433) AND (role_id > 2))
        Rows Removed by Filter: 26062785
  ->  Hash  (cost=266360.12..266360.12 rows=3329613 width=8) (actual time=6315.297..6315.297 rows=1637255 loops=1)
        Buckets: 131072  Batches: 64  Memory Usage: 2002kB
        ->  Hash Join  (cost=98137.04..266360.12 rows=3329613 width=8) (actual time=1972.499..5903.127 rows=1637255 loops=1)
              Hash Cond: (mk.movie_id = t.id)
              ->  Seq Scan on movie_keyword mk  (cost=0.00..69693.30 rows=4523930 width=4) (actual time=0.014..1409.492 rows=4523930 loops=1)
              ->  Hash  (cost=67604.59..67604.59 rows=1860996 width=4) (actual time=1970.775..1970.775 rows=1865487 loops=1)
                    Buckets: 131072  Batches: 32  Memory Usage: 3085kB
                    ->  Seq Scan on title t  (cost=0.00..67604.59 rows=1860996 width=4) (actual time=0.028..1329.229 rows=1865487 loops=1)
                          Filter: (kind_id > 1)
                          Rows Removed by Filter: 662825
Planning time: 1.175 ms
Execution time: 32743.970 ms
