Hash Join  (cost=52284.46..805516.39 rows=206 width=0) (actual time=8200.665..16698.351 rows=118 loops=1)
  Hash Cond: (ci.movie_id = t.id)
  ->  Seq Scan on cast_info ci  (cost=0.00..705507.15 rows=12726058 width=4) (actual time=7245.051..14098.144 rows=12670688 loops=1)
        Filter: (role_id < 2)
        Rows Removed by Filter: 23573656
  ->  Hash  (cost=52283.95..52283.95 rows=41 width=8) (actual time=904.599..904.599 rows=25 loops=1)
        Buckets: 1024  Batches: 1  Memory Usage: 9kB
        ->  Nested Loop  (cost=0.43..52283.95 rows=41 width=8) (actual time=8.302..904.556 rows=25 loops=1)
              ->  Seq Scan on movie_companies mc  (cost=0.00..51404.11 rows=104 width=4) (actual time=8.177..902.074 rows=26 loops=1)
                    Filter: (company_id = 4638)
                    Rows Removed by Filter: 2609103
              ->  Index Scan using title_pkey on title t  (cost=0.43..8.45 rows=1 width=4) (actual time=0.086..0.087 rows=1 loops=26)
                    Index Cond: (id = mc.movie_id)
                    Filter: (kind_id < 7)
                    Rows Removed by Filter: 0
Planning time: 1.272 ms
Execution time: 16698.581 ms
