Seq Scan on movie_keyword mk  (cost=0.00..81003.12 rows=485824 width=0) (actual time=0.020..1428.819 rows=480860 loops=1)
  Filter: (keyword_id > 37217)
  Rows Removed by Filter: 4043070
Planning time: 0.316 ms
Execution time: 1494.334 ms
