Seq Scan on title t  (cost=0.00..73925.90 rows=14075 width=94) (actual time=0.335..1443.105 rows=9093 loops=1)
  Filter: ((kind_id < 3) AND (production_year = 1998))
  Rows Removed by Filter: 2519219
Planning time: 0.506 ms
Execution time: 1443.857 ms
