Seq Scan on movie_companies mc  (cost=0.00..57926.93 rows=1194 width=0) (actual time=511.502..839.775 rows=265 loops=1)
  Filter: ((company_id = 14048) AND (company_type_id = 1))
  Rows Removed by Filter: 2608864
Planning time: 0.372 ms
Execution time: 839.932 ms
