Hash Join  (cost=83074.74..447745.01 rows=1434 width=0) (actual time=1326.283..8181.700 rows=6116 loops=1)
  Hash Cond: (mi.movie_id = t.id)
  ->  Seq Scan on movie_info mi  (cost=0.00..309384.22 rows=14739122 width=4) (actual time=0.011..4239.921 rows=14835720 loops=1)
  ->  Hash  (cost=83071.67..83071.67 rows=246 width=8) (actual time=1321.366..1321.366 rows=89 loops=1)
        Buckets: 1024  Batches: 1  Memory Usage: 12kB
        ->  Nested Loop  (cost=0.43..83071.67 rows=246 width=8) (actual time=21.871..1321.233 rows=89 loops=1)
              ->  Seq Scan on movie_keyword mk  (cost=0.00..81003.12 rows=246 width=4) (actual time=21.788..1309.290 rows=89 loops=1)
                    Filter: (keyword_id = 14538)
                    Rows Removed by Filter: 4523841
              ->  Index Only Scan using title_pkey on title t  (cost=0.43..8.40 rows=1 width=4) (actual time=0.127..0.128 rows=1 loops=89)
                    Index Cond: (id = mk.movie_id)
                    Heap Fetches: 89
Planning time: 1.064 ms
Execution time: 8183.089 ms
