Hash Join  (cost=847562.58..1380492.17 rows=3251975 width=0) (actual time=16914.119..34217.807 rows=9929040 loops=1)
  Hash Cond: (mi.movie_id = t.id)
  ->  Seq Scan on movie_info mi  (cost=0.00..309384.22 rows=14739122 width=4) (actual time=0.021..5975.248 rows=14835720 loops=1)
  ->  Hash  (cost=838409.05..838409.05 rows=557883 width=8) (actual time=16913.237..16913.237 rows=629013 loops=1)
        Buckets: 131072 (originally 131072)  Batches: 16 (originally 8)  Memory Usage: 4052kB
        ->  Hash Join  (cost=79715.19..838409.05 rows=557883 width=8) (actual time=9757.655..16708.784 rows=629013 loops=1)
              Hash Cond: (ci.movie_id = t.id)
              ->  Seq Scan on cast_info ci  (cost=0.00..705507.15 rows=3998100 width=4) (actual time=8517.099..13113.515 rows=4008037 loops=1)
                    Filter: (role_id = 3)
                    Rows Removed by Filter: 32236307
              ->  Hash  (cost=73925.90..73925.90 rows=352823 width=4) (actual time=1239.055..1239.055 rows=302088 loops=1)
                    Buckets: 131072  Batches: 8  Memory Usage: 2342kB
                    ->  Seq Scan on title t  (cost=0.00..73925.90 rows=352823 width=4) (actual time=0.033..1137.428 rows=302088 loops=1)
                          Filter: ((kind_id < 7) AND (production_year > 2006))
                          Rows Removed by Filter: 2226224
Planning time: 1.190 ms
Execution time: 35300.067 ms
