Seq Scan on movie_keyword mk  (cost=0.00..81003.12 rows=3343320 width=0) (actual time=0.024..1439.930 rows=3331347 loops=1)
  Filter: (keyword_id < 15534)
  Rows Removed by Filter: 1192583
Planning time: 0.321 ms
Execution time: 1860.220 ms
