Seq Scan on cast_info ci  (cost=0.00..705507.15 rows=20130877 width=0) (actual time=0.019..12910.124 rows=20256981 loops=1)
  Filter: (person_id > 1580957)
  Rows Removed by Filter: 15987363
Planning time: 0.326 ms
Execution time: 15473.604 ms
