Hash Join  (cost=79737.69..112283.59 rows=64579 width=0) (actual time=1416.115..2141.252 rows=28382 loops=1)
  Hash Cond: (mi_idx.movie_id = t.id)
  ->  Seq Scan on movie_info_idx mi_idx  (cost=0.00..25185.44 rows=460978 width=4) (actual time=0.030..471.551 rows=459925 loops=1)
        Filter: (info_type_id = 99)
        Rows Removed by Filter: 920110
  ->  Hash  (cost=73925.90..73925.90 rows=354223 width=4) (actual time=1414.981..1414.981 rows=235776 loops=1)
        Buckets: 131072  Batches: 8  Memory Usage: 2048kB
        ->  Seq Scan on title t  (cost=0.00..73925.90 rows=354223 width=4) (actual time=0.171..1335.788 rows=235776 loops=1)
              Filter: ((kind_id > 4) AND (production_year < 1984))
              Rows Removed by Filter: 2292536
Planning time: 2.194 ms
Execution time: 2145.097 ms
