Hash Join  (cost=160737.19..957552.93 rows=74463 width=0) (actual time=2752.391..19674.217 rows=672234 loops=1)
  Hash Cond: (ci.movie_id = t.id)
  ->  Seq Scan on cast_info ci  (cost=0.00..614943.12 rows=36225612 width=4) (actual time=0.008..8926.279 rows=36244344 loops=1)
  ->  Hash  (cost=160672.23..160672.23 rows=5197 width=8) (actual time=2751.122..2751.122 rows=18110 loops=1)
        Buckets: 32768 (originally 8192)  Batches: 1 (originally 1)  Memory Usage: 964kB
        ->  Hash Join  (cost=73962.22..160672.23 rows=5197 width=8) (actual time=1018.722..2744.571 rows=18110 loops=1)
              Hash Cond: (mk.movie_id = t.id)
              ->  Seq Scan on movie_keyword mk  (cost=0.00..69693.30 rows=4523930 width=4) (actual time=0.013..910.900 rows=4523930 loops=1)
              ->  Hash  (cost=73925.90..73925.90 rows=2905 width=4) (actual time=1018.126..1018.126 rows=3316 loops=1)
                    Buckets: 4096  Batches: 1  Memory Usage: 149kB
                    ->  Seq Scan on title t  (cost=0.00..73925.90 rows=2905 width=4) (actual time=0.224..1016.284 rows=3316 loops=1)
                          Filter: ((kind_id < 7) AND (production_year = 1955))
                          Rows Removed by Filter: 2524996
Planning time: 1.023 ms
Execution time: 19764.071 ms
