Nested Loop  (cost=0.43..150060.35 rows=2184 width=0) (actual time=13.341..1726.748 rows=2172 loops=1)
  ->  Seq Scan on movie_keyword mk  (cost=0.00..81003.12 rows=10707 width=4) (actual time=0.250..1407.898 rows=10307 loops=1)
        Filter: (keyword_id = 870)
        Rows Removed by Filter: 4513623
  ->  Index Scan using title_pkey on title t  (cost=0.43..6.44 rows=1 width=4) (actual time=0.030..0.030 rows=0 loops=10307)
        Index Cond: (id = mk.movie_id)
        Filter: (production_year < 1980)
        Rows Removed by Filter: 1
Planning time: 0.789 ms
Execution time: 1727.708 ms
