Hash Join  (cost=68449.54..129649.53 rows=65187 width=0) (actual time=1030.525..2636.202 rows=60887 loops=1)
  Hash Cond: (mc.movie_id = t.id)
  ->  Seq Scan on movie_companies mc  (cost=0.00..51404.11 rows=2438402 width=4) (actual time=0.024..996.005 rows=2439227 loops=1)
        Filter: (company_id < 123898)
        Rows Removed by Filter: 169902
  ->  Hash  (cost=67604.59..67604.59 rows=67596 width=4) (actual time=1029.734..1029.734 rows=67777 loops=1)
        Buckets: 131072  Batches: 1  Memory Usage: 3407kB
        ->  Seq Scan on title t  (cost=0.00..67604.59 rows=67596 width=4) (actual time=0.027..1003.023 rows=67777 loops=1)
              Filter: (production_year = 2003)
              Rows Removed by Filter: 2460535
Planning time: 4.372 ms
Execution time: 2645.151 ms
