Hash Join  (cost=96168.68..178135.66 rows=3565 width=0) (actual time=1816.908..3261.162 rows=2157 loops=1)
  Hash Cond: (mk.movie_id = t.id)
  ->  Seq Scan on movie_keyword mk  (cost=0.00..81003.12 rows=247523 width=4) (actual time=0.013..1402.929 rows=245987 loops=1)
        Filter: (keyword_id > 61047)
        Rows Removed by Filter: 4277943
  ->  Hash  (cost=95713.42..95713.42 rows=36421 width=8) (actual time=1811.340..1811.340 rows=14811 loops=1)
        Buckets: 65536  Batches: 1  Memory Usage: 1091kB
        ->  Hash Join  (cost=68438.72..95713.42 rows=36421 width=8) (actual time=1117.693..1805.784 rows=14811 loops=1)
              Hash Cond: (mi_idx.movie_id = t.id)
              ->  Seq Scan on movie_info_idx mi_idx  (cost=0.00..21735.35 rows=1380035 width=4) (actual time=0.030..343.266 rows=1380035 loops=1)
              ->  Hash  (cost=67604.59..67604.59 rows=66731 width=4) (actual time=1117.024..1117.024 rows=67342 loops=1)
                    Buckets: 131072  Batches: 1  Memory Usage: 3392kB
                    ->  Seq Scan on title t  (cost=0.00..67604.59 rows=66731 width=4) (actual time=0.022..1089.387 rows=67342 loops=1)
                          Filter: (production_year > 2012)
                          Rows Removed by Filter: 2460970
Planning time: 10.025 ms
Execution time: 3261.825 ms
