Hash Join  (cost=796926.60..1184843.01 rows=251 width=0) (actual time=10945.895..18720.652 rows=241 loops=1)
  Hash Cond: (mi.movie_id = t.id)
  ->  Seq Scan on movie_info mi  (cost=0.00..346232.03 rows=11115165 width=4) (actual time=0.020..6313.919 rows=11210743 loops=1)
        Filter: (info_type_id > 3)
        Rows Removed by Filter: 3624977
  ->  Hash  (cost=796925.89..796925.89 rows=57 width=8) (actual time=10850.398..10850.398 rows=75 loops=1)
        Buckets: 1024  Batches: 1  Memory Usage: 11kB
        ->  Nested Loop  (cost=0.43..796925.89 rows=57 width=8) (actual time=5063.808..10850.345 rows=75 loops=1)
              ->  Seq Scan on cast_info ci  (cost=0.00..796071.18 rows=101 width=4) (actual time=5063.658..10848.821 rows=77 loops=1)
                    Filter: ((person_id = 2116198) AND (role_id = 2))
                    Rows Removed by Filter: 36244267
              ->  Index Scan using title_pkey on title t  (cost=0.43..8.45 rows=1 width=4) (actual time=0.018..0.019 rows=1 loops=77)
                    Index Cond: (id = ci.movie_id)
                    Filter: ((kind_id > 1) AND (production_year < 2010))
                    Rows Removed by Filter: 0
Planning time: 1.294 ms
Execution time: 18720.929 ms
