Hash Join  (cost=120113.47..493401.98 rows=115867 width=0) (actual time=4353.188..9927.655 rows=1841929 loops=1)
  Hash Cond: (mi.movie_id = t.id)
  ->  Seq Scan on movie_info mi  (cost=0.00..346232.03 rows=2194617 width=4) (actual time=1527.465..5689.657 rows=2233850 loops=1)
        Filter: (info_type_id > 16)
        Rows Removed by Filter: 12601870
  ->  Hash  (cost=117922.77..117922.77 rows=133496 width=8) (actual time=2648.059..2648.059 rows=336376 loops=1)
        Buckets: 131072 (originally 131072)  Batches: 8 (originally 2)  Memory Usage: 3073kB
        ->  Hash Join  (cost=77939.33..117922.77 rows=133496 width=8) (actual time=1591.353..2534.493 rows=336376 loops=1)
              Hash Cond: (mi_idx.movie_id = t.id)
              ->  Seq Scan on movie_info_idx mi_idx  (cost=0.00..21735.35 rows=1380035 width=4) (actual time=0.017..441.042 rows=1380035 loops=1)
              ->  Hash  (cost=73925.90..73925.90 rows=244594 width=4) (actual time=1338.067..1338.067 rows=359543 loops=1)
                    Buckets: 131072 (originally 131072)  Batches: 8 (originally 4)  Memory Usage: 3073kB
                    ->  Seq Scan on title t  (cost=0.00..73925.90 rows=244594 width=4) (actual time=269.809..1220.036 rows=359543 loops=1)
                          Filter: ((production_year < 1998) AND (kind_id = 1))
                          Rows Removed by Filter: 2168769
Planning time: 1.164 ms
Execution time: 10136.846 ms
