Hash Join  (cost=74787.47..101799.66 rows=12379 width=0) (actual time=1629.465..1951.630 rows=6523 loops=1)
  Hash Cond: (mi_idx.movie_id = t.id)
  ->  Seq Scan on movie_info_idx mi_idx  (cost=0.00..25185.44 rows=454124 width=4) (actual time=0.017..443.017 rows=459925 loops=1)
        Filter: (info_type_id = 100)
        Rows Removed by Filter: 920110
  ->  Hash  (cost=73925.90..73925.90 rows=68925 width=4) (actual time=1343.647..1343.647 rows=84076 loops=1)
        Buckets: 131072  Batches: 1  Memory Usage: 3980kB
        ->  Seq Scan on title t  (cost=0.00..73925.90 rows=68925 width=4) (actual time=0.018..1303.149 rows=84076 loops=1)
              Filter: ((kind_id = 7) AND (production_year = 2007))
              Rows Removed by Filter: 2444236
Planning time: 3.182 ms
Execution time: 1952.744 ms
