Hash Join  (cost=100972.04..820779.63 rows=4492 width=0) (actual time=6059.311..13935.049 rows=6036 loops=1)
  Hash Cond: (ci.movie_id = t.id)
  ->  Seq Scan on cast_info ci  (cost=0.00..705507.15 rows=3801471 width=4) (actual time=4048.460..11188.685 rows=3837615 loops=1)
        Filter: (person_id > 3359090)
        Rows Removed by Filter: 32406729
  ->  Hash  (cost=100934.69..100934.69 rows=2988 width=8) (actual time=2010.182..2010.182 rows=4065 loops=1)
        Buckets: 4096  Batches: 1  Memory Usage: 191kB
        ->  Hash Join  (cost=73994.33..100934.69 rows=2988 width=8) (actual time=1415.171..2008.845 rows=4065 loops=1)
              Hash Cond: (mi_idx.movie_id = t.id)
              ->  Seq Scan on movie_info_idx mi_idx  (cost=0.00..21735.35 rows=1380035 width=4) (actual time=0.023..319.311 rows=1380035 loops=1)
              ->  Hash  (cost=73925.90..73925.90 rows=5474 width=4) (actual time=1409.723..1409.723 rows=10047 loops=1)
                    Buckets: 16384 (originally 8192)  Batches: 1 (originally 1)  Memory Usage: 482kB
                    ->  Seq Scan on title t  (cost=0.00..73925.90 rows=5474 width=4) (actual time=0.128..1404.332 rows=10047 loops=1)
                          Filter: ((kind_id > 1) AND (production_year = 1969))
                          Rows Removed by Filter: 2518265
Planning time: 1.219 ms
Execution time: 13936.424 ms
