Seq Scan on movie_keyword mk  (cost=0.00..81003.12 rows=3390696 width=0) (actual time=0.023..1545.238 rows=3384137 loops=1)
  Filter: (keyword_id > 1290)
  Rows Removed by Filter: 1139793
Planning time: 0.346 ms
Execution time: 1967.438 ms
