Hash Join  (cost=71214.36..102905.85 rows=39509 width=0) (actual time=1110.548..1837.467 rows=39904 loops=1)
  Hash Cond: (mi_idx.movie_id = t.id)
  ->  Seq Scan on movie_info_idx mi_idx  (cost=0.00..25185.44 rows=454124 width=4) (actual time=0.020..471.333 rows=459925 loops=1)
        Filter: (info_type_id = 100)
        Rows Removed by Filter: 920110
  ->  Hash  (cost=67604.59..67604.59 rows=219982 width=4) (actual time=1107.839..1107.839 rows=221115 loops=1)
        Buckets: 131072  Batches: 4  Memory Usage: 2967kB
        ->  Seq Scan on title t  (cost=0.00..67604.59 rows=219982 width=4) (actual time=0.020..1024.329 rows=221115 loops=1)
              Filter: (production_year < 1958)
              Rows Removed by Filter: 2307197
Planning time: 0.707 ms
Execution time: 1843.192 ms
