Seq Scan on movie_keyword mk  (cost=0.00..81003.12 rows=289935 width=0) (actual time=0.020..1287.523 rows=286172 loops=1)
  Filter: (keyword_id > 55829)
  Rows Removed by Filter: 4237758
Planning time: 0.333 ms
Execution time: 1324.741 ms
