Seq Scan on movie_companies mc  (cost=0.00..51404.11 rows=2294935 width=0) (actual time=0.028..1069.041 rows=2294842 loops=1)
  Filter: (company_id < 92170)
  Rows Removed by Filter: 314287
Planning time: 15.613 ms
Execution time: 1360.595 ms
