Hash Join  (cost=58358.90..85286.55 rows=9 width=0) (actual time=838.217..1311.401 rows=3 loops=1)
  Hash Cond: (mi_idx.movie_id = t.id)
  ->  Seq Scan on movie_info_idx mi_idx  (cost=0.00..25185.44 rows=464566 width=4) (actual time=0.020..421.399 rows=459925 loops=1)
        Filter: (info_type_id = 101)
        Rows Removed by Filter: 920110
  ->  Hash  (cost=58358.27..58358.27 rows=51 width=8) (actual time=826.214..826.214 rows=21 loops=1)
        Buckets: 1024  Batches: 1  Memory Usage: 9kB
        ->  Nested Loop  (cost=0.43..58358.27 rows=51 width=8) (actual time=51.725..826.184 rows=21 loops=1)
              ->  Seq Scan on movie_companies mc  (cost=0.00..57926.93 rows=51 width=4) (actual time=51.636..825.440 rows=21 loops=1)
                    Filter: ((company_type_id < 2) AND (company_id = 5376))
                    Rows Removed by Filter: 2609108
              ->  Index Only Scan using title_pkey on title t  (cost=0.43..8.45 rows=1 width=4) (actual time=0.031..0.032 rows=1 loops=21)
                    Index Cond: (id = mc.movie_id)
                    Heap Fetches: 21
Planning time: 1.215 ms
Execution time: 1311.509 ms
