Hash Join  (cost=489816.72..577813.18 rows=939094 width=0) (actual time=8695.369..11822.395 rows=1480443 loops=1)
  Hash Cond: (mc.movie_id = t.id)
  ->  Seq Scan on movie_companies mc  (cost=0.00..44881.29 rows=2609129 width=4) (actual time=0.026..830.851 rows=2609129 loops=1)
  ->  Hash  (cost=474884.68..474884.68 rows=910083 width=8) (actual time=8694.236..8694.236 rows=797073 loops=1)
        Buckets: 131072  Batches: 16  Memory Usage: 2956kB
        ->  Hash Join  (cost=95609.14..474884.68 rows=910083 width=8) (actual time=3714.519..8475.938 rows=797073 loops=1)
              Hash Cond: (mi.movie_id = t.id)
              ->  Seq Scan on movie_info mi  (cost=0.00..346232.03 rows=1348138 width=4) (actual time=1866.844..5353.367 rows=1298989 loops=1)
                    Filter: (info_type_id = 4)
                    Rows Removed by Filter: 13536731
              ->  Hash  (cost=67604.59..67604.59 rows=1706924 width=4) (actual time=1846.759..1846.759 rows=1700316 loops=1)
                    Buckets: 131072  Batches: 32  Memory Usage: 2903kB
                    ->  Seq Scan on title t  (cost=0.00..67604.59 rows=1706924 width=4) (actual time=0.036..1274.852 rows=1700316 loops=1)
                          Filter: (production_year > 1992)
                          Rows Removed by Filter: 827996
Planning time: 1.208 ms
Execution time: 11992.464 ms
