Hash Join  (cost=102767.86..243383.85 rows=2066884 width=0) (actual time=1985.597..5836.675 rows=2070910 loops=1)
  Hash Cond: (mk.movie_id = t.id)
  ->  Seq Scan on movie_keyword mk  (cost=0.00..81003.12 rows=2066884 width=4) (actual time=0.014..1657.040 rows=2070910 loops=1)
        Filter: (keyword_id > 5877)
        Rows Removed by Filter: 2453020
  ->  Hash  (cost=61283.27..61283.27 rows=2528527 width=4) (actual time=1983.675..1983.675 rows=2528312 loops=1)
        Buckets: 131072  Batches: 64  Memory Usage: 2425kB
        ->  Seq Scan on title t  (cost=0.00..61283.27 rows=2528527 width=4) (actual time=0.012..1107.628 rows=2528312 loops=1)
Planning time: 1.336 ms
Execution time: 6071.645 ms
