Seq Scan on title t  (cost=0.00..73925.90 rows=273566 width=0) (actual time=0.024..1221.382 rows=139974 loops=1)
  Filter: ((kind_id > 1) AND (production_year < 1970))
  Rows Removed by Filter: 2388338
Planning time: 0.364 ms
Execution time: 1241.968 ms
