Hash Join  (cost=155674.58..538861.97 rows=141919 width=0) (actual time=2763.963..10560.480 rows=144411 loops=1)
  Hash Cond: (mi.movie_id = t.id)
  ->  Seq Scan on movie_info mi  (cost=0.00..346232.03 rows=9476311 width=4) (actual time=0.026..6013.323 rows=9565151 loops=1)
        Filter: (info_type_id < 16)
        Rows Removed by Filter: 5270569
  ->  Hash  (cost=155201.23..155201.23 rows=37868 width=8) (actual time=2763.239..2763.239 rows=14525 loops=1)
        Buckets: 65536  Batches: 1  Memory Usage: 1080kB
        ->  Hash Join  (cost=68438.72..155201.23 rows=37868 width=8) (actual time=1129.560..2756.531 rows=14525 loops=1)
              Hash Cond: (mk.movie_id = t.id)
              ->  Seq Scan on movie_keyword mk  (cost=0.00..81003.12 rows=1434853 width=4) (actual time=0.024..1358.087 rows=1450815 loops=1)
                    Filter: (keyword_id < 2042)
                    Rows Removed by Filter: 3073115
              ->  Hash  (cost=67604.59..67604.59 rows=66731 width=4) (actual time=1128.867..1128.867 rows=67342 loops=1)
                    Buckets: 131072  Batches: 1  Memory Usage: 3392kB
                    ->  Seq Scan on title t  (cost=0.00..67604.59 rows=66731 width=4) (actual time=0.034..1100.867 rows=67342 loops=1)
                          Filter: (production_year > 2012)
                          Rows Removed by Filter: 2460970
Planning time: 1.158 ms
Execution time: 10592.763 ms
