Hash Join  (cost=559669.70..1404822.50 rows=1731516 width=0) (actual time=16156.471..31341.069 rows=7394686 loops=1)
  Hash Cond: (ci.movie_id = t.id)
  ->  Seq Scan on cast_info ci  (cost=0.00..705507.15 rows=7846468 width=4) (actual time=3833.595..13365.613 rows=7712640 loops=1)
        Filter: (role_id > 6)
        Rows Removed by Filter: 28531704
  ->  Hash  (cost=550514.94..550514.94 rows=557981 width=8) (actual time=12321.720..12321.720 rows=480316 loops=1)
        Buckets: 131072  Batches: 8  Memory Usage: 3278kB
        ->  Hash Join  (cost=69687.24..550514.94 rows=557981 width=8) (actual time=1149.928..12141.371 rows=480316 loops=1)
              Hash Cond: (mi.movie_id = t.id)
              ->  Seq Scan on movie_info mi  (cost=0.00..346232.03 rows=11115165 width=4) (actual time=0.029..6704.578 rows=11210743 loops=1)
                    Filter: (info_type_id > 3)
                    Rows Removed by Filter: 3624977
              ->  Hash  (cost=67604.59..67604.59 rows=126932 width=4) (actual time=1149.164..1149.164 rows=122861 loops=1)
                    Buckets: 131072  Batches: 2  Memory Usage: 3197kB
                    ->  Seq Scan on title t  (cost=0.00..67604.59 rows=126932 width=4) (actual time=0.019..1101.246 rows=122861 loops=1)
                          Filter: (production_year = 2008)
                          Rows Removed by Filter: 2405451
Planning time: 1.220 ms
Execution time: 32123.237 ms
