Seq Scan on movie_companies mc  (cost=0.00..57926.93 rows=575134 width=0) (actual time=0.021..961.411 rows=865060 loops=1)
  Filter: ((company_id > 13377) AND (company_type_id > 1))
  Rows Removed by Filter: 1744069
Planning time: 4.360 ms
Execution time: 1069.332 ms
