Seq Scan on movie_keyword mk  (cost=0.00..81003.12 rows=2513675 width=0) (actual time=0.022..1614.944 rows=2508114 loops=1)
  Filter: (keyword_id > 3597)
  Rows Removed by Filter: 2015816
Planning time: 3.359 ms
Execution time: 1932.602 ms
