Seq Scan on cast_info ci  (cost=0.00..705507.15 rows=500 width=0) (actual time=3760.211..10202.527 rows=228 loops=1)
  Filter: (person_id = 1797516)
  Rows Removed by Filter: 36244116
Planning time: 0.331 ms
Execution time: 10202.643 ms
