Hash Join  (cost=97102.97..954102.62 rows=1923853 width=0) (actual time=12334.001..20045.552 rows=1944929 loops=1)
  Hash Cond: (ci.movie_id = t.id)
  ->  Seq Scan on cast_info ci  (cost=0.00..796071.18 rows=2705588 width=4) (actual time=10237.796..15483.313 rows=2728943 loops=1)
        Filter: ((person_id < 3983833) AND (role_id = 4))
        Rows Removed by Filter: 33515401
  ->  Hash  (cost=67604.59..67604.59 rows=1797951 width=4) (actual time=2095.010..2095.010 rows=1793384 loops=1)
        Buckets: 131072  Batches: 32  Memory Usage: 2998kB
        ->  Seq Scan on title t  (cost=0.00..67604.59 rows=1797951 width=4) (actual time=0.025..1519.428 rows=1793384 loops=1)
              Filter: (production_year > 1988)
              Rows Removed by Filter: 734928
Planning time: 0.788 ms
Execution time: 20284.078 ms
