Nested Loop  (cost=0.43..52284.21 rows=10 width=0) (actual time=0.421..795.880 rows=185 loops=1)
  ->  Seq Scan on movie_companies mc  (cost=0.00..51404.11 rows=104 width=4) (actual time=0.158..790.419 rows=234 loops=1)
        Filter: (company_id = 3234)
        Rows Removed by Filter: 2608895
  ->  Index Scan using title_pkey on title t  (cost=0.43..8.45 rows=1 width=4) (actual time=0.022..0.022 rows=1 loops=234)
        Index Cond: (id = mc.movie_id)
        Filter: ((production_year < 1997) AND (kind_id = 1))
        Rows Removed by Filter: 0
Planning time: 0.854 ms
Execution time: 796.070 ms
