Hash Join  (cost=218092.83..590975.88 rows=672023 width=0) (actual time=5378.377..10298.208 rows=1206816 loops=1)
  Hash Cond: (mi.movie_id = t.id)
  ->  Seq Scan on movie_info mi  (cost=0.00..346232.03 rows=1272478 width=4) (actual time=1149.800..4872.683 rows=1325361 loops=1)
        Filter: (info_type_id = 8)
        Rows Removed by Filter: 13510359
  ->  Hash  (cost=196183.72..196183.72 rows=1335369 width=8) (actual time=4227.679..4227.679 rows=1323773 loops=1)
        Buckets: 131072  Batches: 32  Memory Usage: 2671kB
        ->  Hash Join  (cost=102767.86..196183.72 rows=1335369 width=8) (actual time=1728.298..3902.715 rows=1323773 loops=1)
              Hash Cond: (mc.movie_id = t.id)
              ->  Seq Scan on movie_companies mc  (cost=0.00..51404.11 rows=1335369 width=4) (actual time=0.043..881.955 rows=1323773 loops=1)
                    Filter: (company_id < 11385)
                    Rows Removed by Filter: 1285356
              ->  Hash  (cost=61283.27..61283.27 rows=2528527 width=4) (actual time=1726.559..1726.559 rows=2528312 loops=1)
                    Buckets: 131072  Batches: 64  Memory Usage: 2415kB
                    ->  Seq Scan on title t  (cost=0.00..61283.27 rows=2528527 width=4) (actual time=0.016..876.069 rows=2528312 loops=1)
Planning time: 1.160 ms
Execution time: 10441.957 ms
