Hash Join  (cost=76379.89..139446.30 rows=47152 width=0) (actual time=1201.412..2566.731 rows=44708 loops=1)
  Hash Cond: (mc.movie_id = t.id)
  ->  Seq Scan on movie_companies mc  (cost=0.00..57926.93 rows=222922 width=4) (actual time=0.027..822.037 rows=340981 loops=1)
        Filter: ((company_id < 369) AND (company_type_id = 1))
        Rows Removed by Filter: 2268148
  ->  Hash  (cost=67604.59..67604.59 rows=534824 width=4) (actual time=1200.464..1200.464 rows=533369 loops=1)
        Buckets: 131072  Batches: 8  Memory Usage: 3369kB
        ->  Seq Scan on title t  (cost=0.00..67604.59 rows=534824 width=4) (actual time=0.017..1031.632 rows=533369 loops=1)
              Filter: (production_year > 2009)
              Rows Removed by Filter: 1994943
Planning time: 0.794 ms
Execution time: 2571.891 ms
