Nested Loop  (cost=0.43..52283.95 rows=31 width=0) (actual time=14.137..783.975 rows=108 loops=1)
  ->  Seq Scan on movie_companies mc  (cost=0.00..51404.11 rows=104 width=4) (actual time=14.092..779.805 rows=164 loops=1)
        Filter: (company_id = 1275)
        Rows Removed by Filter: 2608965
  ->  Index Scan using title_pkey on title t  (cost=0.43..8.45 rows=1 width=4) (actual time=0.024..0.024 rows=1 loops=164)
        Index Cond: (id = mc.movie_id)
        Filter: (production_year < 1993)
        Rows Removed by Filter: 0
Planning time: 0.830 ms
Execution time: 784.142 ms
