Seq Scan on cast_info ci  (cost=0.00..796071.18 rows=80 width=0) (actual time=1353.243..12082.290 rows=1 loops=1)
  Filter: ((role_id > 8) AND (person_id = 383530))
  Rows Removed by Filter: 36244343
Planning time: 0.410 ms
Execution time: 12082.421 ms
