Seq Scan on cast_info ci  (cost=0.00..705507.15 rows=500 width=0) (actual time=737.742..10163.807 rows=256 loops=1)
  Filter: (person_id = 917293)
  Rows Removed by Filter: 36244088
Planning time: 0.397 ms
Execution time: 10163.929 ms
