Seq Scan on cast_info ci  (cost=0.00..796071.18 rows=3537245 width=0) (actual time=8761.897..13379.055 rows=1568971 loops=1)
  Filter: ((person_id < 2994115) AND (role_id = 10))
  Rows Removed by Filter: 34675373
Planning time: 0.401 ms
Execution time: 13578.597 ms
