Seq Scan on movie_companies mc  (cost=0.00..51404.11 rows=2081832 width=0) (actual time=0.025..896.272 rows=2078166 loops=1)
  Filter: (company_id < 72673)
  Rows Removed by Filter: 530963
Planning time: 0.307 ms
Execution time: 1165.206 ms
