Hash Join  (cost=73962.22..160672.23 rows=5197 width=0) (actual time=987.728..2611.177 rows=43904 loops=1)
  Hash Cond: (mk.movie_id = t.id)
  ->  Seq Scan on movie_keyword mk  (cost=0.00..69693.30 rows=4523930 width=4) (actual time=0.026..832.155 rows=4523930 loops=1)
  ->  Hash  (cost=73925.90..73925.90 rows=2905 width=4) (actual time=986.614..986.614 rows=8126 loops=1)
        Buckets: 8192 (originally 4096)  Batches: 1 (originally 1)  Memory Usage: 350kB
        ->  Seq Scan on title t  (cost=0.00..73925.90 rows=2905 width=4) (actual time=0.135..982.987 rows=8126 loops=1)
              Filter: ((kind_id < 7) AND (production_year = 1987))
              Rows Removed by Filter: 2520186
Planning time: 0.833 ms
Execution time: 2616.677 ms
