Hash Join  (cost=75411.94..113952.70 rows=49428 width=0) (actual time=1188.396..2155.176 rows=38610 loops=1)
  Hash Cond: (mi_idx.movie_id = t.id)
  ->  Seq Scan on movie_info_idx mi_idx  (cost=0.00..21735.35 rows=1380035 width=4) (actual time=0.019..488.809 rows=1380035 loops=1)
  ->  Hash  (cost=73925.90..73925.90 rows=90563 width=4) (actual time=1186.706..1186.706 rows=80990 loops=1)
        Buckets: 131072  Batches: 2  Memory Usage: 2450kB
        ->  Seq Scan on title t  (cost=0.00..73925.90 rows=90563 width=4) (actual time=0.034..1156.327 rows=80990 loops=1)
              Filter: ((kind_id < 7) AND (production_year > 2011))
              Rows Removed by Filter: 2447322
Planning time: 0.717 ms
Execution time: 2160.858 ms
