Seq Scan on title t  (cost=0.00..73925.90 rows=2389 width=0) (actual time=202.661..1021.322 rows=2310 loops=1)
  Filter: ((production_year > 2012) AND (kind_id = 2))
  Rows Removed by Filter: 2526002
Planning time: 0.407 ms
Execution time: 1022.101 ms
