Hash Join  (cost=100908.38..465656.76 rows=9242 width=0) (actual time=1620.692..7713.445 rows=9213 loops=1)
  Hash Cond: (mi.movie_id = t.id)
  ->  Seq Scan on movie_info mi  (cost=0.00..309384.22 rows=14739122 width=4) (actual time=0.012..3508.289 rows=14835720 loops=1)
  ->  Hash  (cost=100888.56..100888.56 rows=1586 width=8) (actual time=1511.712..1511.712 rows=663 loops=1)
        Buckets: 2048  Batches: 1  Memory Usage: 42kB
        ->  Hash Join  (cost=73962.22..100888.56 rows=1586 width=8) (actual time=1048.169..1511.396 rows=663 loops=1)
              Hash Cond: (mi_idx.movie_id = t.id)
              ->  Seq Scan on movie_info_idx mi_idx  (cost=0.00..21735.35 rows=1380035 width=4) (actual time=0.024..252.578 rows=1380035 loops=1)
              ->  Hash  (cost=73925.90..73925.90 rows=2905 width=4) (actual time=971.537..971.537 rows=8902 loops=1)
                    Buckets: 16384 (originally 4096)  Batches: 1 (originally 1)  Memory Usage: 441kB
                    ->  Seq Scan on title t  (cost=0.00..73925.90 rows=2905 width=4) (actual time=236.415..967.462 rows=8902 loops=1)
                          Filter: ((kind_id < 7) AND (production_year = 1913))
                          Rows Removed by Filter: 2519410
Planning time: 10.432 ms
Execution time: 7715.238 ms
