Seq Scan on movie_companies mc  (cost=0.00..51404.11 rows=364281 width=0) (actual time=104.903..813.833 rows=367830 loops=1)
  Filter: (company_id > 85888)
  Rows Removed by Filter: 2241299
Planning time: 0.297 ms
Execution time: 861.814 ms
