Nested Loop  (cost=0.43..447802.20 rows=17937 width=0) (actual time=4000.677..5017.126 rows=16603 loops=1)
  ->  Seq Scan on movie_info mi  (cost=0.00..346232.03 rows=17937 width=4) (actual time=4000.600..4744.087 rows=16603 loops=1)
        Filter: (info_type_id = 102)
        Rows Removed by Filter: 14819117
  ->  Index Only Scan using title_pkey on title t  (cost=0.43..5.65 rows=1 width=4) (actual time=0.016..0.016 rows=1 loops=16603)
        Index Cond: (id = mi.movie_id)
        Heap Fetches: 16603
Planning time: 0.818 ms
Execution time: 5020.858 ms
