Nested Loop  (cost=0.43..52284.21 rows=28 width=0) (actual time=7.168..781.071 rows=48 loops=1)
  ->  Seq Scan on movie_companies mc  (cost=0.00..51404.11 rows=104 width=4) (actual time=0.395..772.544 rows=288 loops=1)
        Filter: (company_id = 12871)
        Rows Removed by Filter: 2608841
  ->  Index Scan using title_pkey on title t  (cost=0.43..8.45 rows=1 width=4) (actual time=0.028..0.028 rows=0 loops=288)
        Index Cond: (id = mc.movie_id)
        Filter: ((kind_id < 7) AND (production_year > 1990))
        Rows Removed by Filter: 1
Planning time: 0.786 ms
Execution time: 781.217 ms
