Hash Join  (cost=603029.20..1768710.82 rows=17679088 width=0) (actual time=16165.854..63224.564 rows=85902645 loops=1)
  Hash Cond: (ci.movie_id = t.id)
  ->  Seq Scan on cast_info ci  (cost=0.00..705507.15 rows=17868343 width=4) (actual time=0.016..12459.251 rows=17717089 loops=1)
        Filter: (person_id < 1754734)
        Rows Removed by Filter: 18527255
  ->  Hash  (cost=561984.38..561984.38 rows=2501746 width=8) (actual time=16163.171..16163.171 rows=5671540 loops=1)
        Buckets: 131072 (originally 131072)  Batches: 128 (originally 64)  Memory Usage: 3073kB
        ->  Hash Join  (cost=78556.72..561984.38 rows=2501746 width=8) (actual time=2282.928..14453.962 rows=5671540 loops=1)
              Hash Cond: (mi.movie_id = t.id)
              ->  Seq Scan on movie_info mi  (cost=0.00..346232.03 rows=9476311 width=4) (actual time=662.977..5904.454 rows=9565151 loops=1)
                    Filter: (info_type_id < 16)
                    Rows Removed by Filter: 5270569
              ->  Hash  (cost=67604.59..67604.59 rows=667531 width=4) (actual time=1035.642..1035.642 rows=662825 loops=1)
                    Buckets: 131072  Batches: 16  Memory Usage: 2485kB
                    ->  Seq Scan on title t  (cost=0.00..67604.59 rows=667531 width=4) (actual time=56.111..822.844 rows=662825 loops=1)
                          Filter: (kind_id = 1)
                          Rows Removed by Filter: 1865487
Planning time: 1.246 ms
Execution time: 73087.857 ms
