Seq Scan on movie_companies mc  (cost=0.00..51404.11 rows=1431814 width=0) (actual time=0.014..855.852 rows=1422541 loops=1)
  Filter: (company_id < 12529)
  Rows Removed by Filter: 1186588
Planning time: 0.302 ms
Execution time: 1041.935 ms
