Hash Join  (cost=102353.79..152383.49 rows=629798 width=0) (actual time=1909.297..3201.643 rows=499972 loops=1)
  Hash Cond: (mi_idx.movie_id = t.id)
  ->  Seq Scan on movie_info_idx mi_idx  (cost=0.00..25185.44 rows=919057 width=4) (actual time=0.020..488.408 rows=920110 loops=1)
        Filter: (info_type_id > 99)
        Rows Removed by Filter: 459925
  ->  Hash  (cost=73925.90..73925.90 rows=1732711 width=4) (actual time=1907.964..1907.964 rows=1799904 loops=1)
        Buckets: 131072  Batches: 32  Memory Usage: 3007kB
        ->  Seq Scan on title t  (cost=0.00..73925.90 rows=1732711 width=4) (actual time=0.019..1331.634 rows=1799904 loops=1)
              Filter: ((kind_id > 1) AND (production_year > 1926))
              Rows Removed by Filter: 728408
Planning time: 0.899 ms
Execution time: 3253.379 ms
