Hash Join  (cost=28270.48..392943.96 rows=1752 width=0) (actual time=571.358..6528.849 rows=89784 loops=1)
  Hash Cond: (mi.movie_id = t.id)
  ->  Seq Scan on movie_info mi  (cost=0.00..309384.22 rows=14739122 width=4) (actual time=0.004..3592.736 rows=14835720 loops=1)
  ->  Hash  (cost=28266.72..28266.72 rows=301 width=8) (actual time=453.618..453.618 rows=248 loops=1)
        Buckets: 1024  Batches: 1  Memory Usage: 18kB
        ->  Nested Loop  (cost=0.43..28266.72 rows=301 width=8) (actual time=105.572..453.498 rows=248 loops=1)
              ->  Seq Scan on movie_info_idx mi_idx  (cost=0.00..25185.44 rows=368 width=4) (actual time=105.496..437.526 rows=260 loops=1)
                    Filter: (info_type_id > 101)
                    Rows Removed by Filter: 1379775
              ->  Index Scan using title_pkey on title t  (cost=0.43..8.36 rows=1 width=4) (actual time=0.061..0.061 rows=1 loops=260)
                    Index Cond: (id = mi_idx.movie_id)
                    Filter: (production_year < 2011)
                    Rows Removed by Filter: 0
Planning time: 1.139 ms
Execution time: 6541.283 ms
