Seq Scan on cast_info ci  (cost=0.00..705507.15 rows=500 width=0) (actual time=2677.692..10366.687 rows=152 loops=1)
  Filter: (person_id = 2048273)
  Rows Removed by Filter: 36244192
Planning time: 0.344 ms
Execution time: 10366.813 ms
