Seq Scan on cast_info ci  (cost=0.00..796071.18 rows=324 width=0) (actual time=1619.619..13446.810 rows=212 loops=1)
  Filter: ((role_id > 1) AND (person_id = 2217380))
  Rows Removed by Filter: 36244132
Planning time: 0.398 ms
Execution time: 13446.957 ms
