Seq Scan on movie_keyword mk  (cost=0.00..81003.12 rows=602757 width=0) (actual time=0.024..1239.640 rows=605838 loops=1)
  Filter: (keyword_id < 456)
  Rows Removed by Filter: 3918092
Planning time: 0.306 ms
Execution time: 1319.515 ms
