Hash Join  (cost=116128.06..239983.92 rows=152082 width=0) (actual time=2034.044..5074.921 rows=1291691 loops=1)
  Hash Cond: (mk.movie_id = t.id)
  ->  Seq Scan on movie_keyword mk  (cost=0.00..69693.30 rows=4523930 width=4) (actual time=0.029..1321.933 rows=4523930 loops=1)
  ->  Hash  (cost=114732.54..114732.54 rows=85002 width=8) (actual time=2033.230..2033.230 rows=115316 loops=1)
        Buckets: 131072  Batches: 2  Memory Usage: 3287kB
        ->  Hash Join  (cost=81516.96..114732.54 rows=85002 width=8) (actual time=1226.367..1989.765 rows=115316 loops=1)
              Hash Cond: (mi_idx.movie_id = t.id)
              ->  Seq Scan on movie_info_idx mi_idx  (cost=0.00..25185.44 rows=464566 width=4) (actual time=0.030..437.840 rows=459925 loops=1)
                    Filter: (info_type_id = 101)
                    Rows Removed by Filter: 920110
              ->  Hash  (cost=73925.90..73925.90 rows=462644 width=4) (actual time=1225.420..1225.420 rows=335285 loops=1)
                    Buckets: 131072  Batches: 8  Memory Usage: 2503kB
                    ->  Seq Scan on title t  (cost=0.00..73925.90 rows=462644 width=4) (actual time=0.032..1120.722 rows=335285 loops=1)
                          Filter: ((production_year > 1990) AND (kind_id = 1))
                          Rows Removed by Filter: 2193027
Planning time: 1.098 ms
Execution time: 5241.004 ms
