Seq Scan on movie_keyword mk  (cost=0.00..81003.12 rows=246 width=0) (actual time=5.595..1120.510 rows=227 loops=1)
  Filter: (keyword_id = 13622)
  Rows Removed by Filter: 4523703
Planning time: 0.380 ms
Execution time: 1120.731 ms
