Hash Join  (cost=131000.72..482114.00 rows=14079 width=0) (actual time=5691.120..7518.497 rows=12432 loops=1)
  Hash Cond: (mi.movie_id = t.id)
  ->  Seq Scan on movie_info mi  (cost=0.00..346232.03 rows=1264125 width=4) (actual time=3445.202..5016.635 rows=1288928 loops=1)
        Filter: (info_type_id = 2)
        Rows Removed by Filter: 13546792
  ->  Hash  (cost=130648.71..130648.71 rows=28161 width=8) (actual time=2245.465..2245.465 rows=16647 loops=1)
        Buckets: 32768  Batches: 1  Memory Usage: 907kB
        ->  Hash Join  (cost=68438.72..130648.71 rows=28161 width=8) (actual time=983.459..2238.779 rows=16647 loops=1)
              Hash Cond: (mc.movie_id = t.id)
              ->  Seq Scan on movie_companies mc  (cost=0.00..57926.93 rows=1067050 width=4) (actual time=0.057..1022.174 rows=813860 loops=1)
                    Filter: ((company_id < 73299) AND (company_type_id = 2))
                    Rows Removed by Filter: 1795269
              ->  Hash  (cost=67604.59..67604.59 rows=66731 width=4) (actual time=982.605..982.605 rows=67342 loops=1)
                    Buckets: 131072  Batches: 1  Memory Usage: 3392kB
                    ->  Seq Scan on title t  (cost=0.00..67604.59 rows=66731 width=4) (actual time=0.017..953.769 rows=67342 loops=1)
                          Filter: (production_year > 2012)
                          Rows Removed by Filter: 2460970
Planning time: 1.150 ms
Execution time: 7521.045 ms
