Seq Scan on movie_keyword mk  (cost=0.00..81003.12 rows=2803877 width=0) (actual time=0.026..1613.275 rows=2791903 loops=1)
  Filter: (keyword_id < 8177)
  Rows Removed by Filter: 1732027
Planning time: 2.705 ms
Execution time: 1958.003 ms
