Nested Loop  (cost=0.43..709671.90 rows=500 width=0) (actual time=1926.948..9324.379 rows=292 loops=1)
  ->  Seq Scan on cast_info ci  (cost=0.00..705507.15 rows=500 width=4) (actual time=1926.747..9306.566 rows=292 loops=1)
        Filter: (person_id = 1531709)
        Rows Removed by Filter: 36244052
  ->  Index Only Scan using title_pkey on title t  (cost=0.43..8.32 rows=1 width=4) (actual time=0.060..0.060 rows=1 loops=292)
        Index Cond: (id = ci.movie_id)
        Heap Fetches: 292
Planning time: 0.761 ms
Execution time: 9324.536 ms
