Seq Scan on movie_keyword mk  (cost=0.00..81003.12 rows=3551901 width=0) (actual time=0.021..1462.340 rows=3546937 loops=1)
  Filter: (keyword_id < 19128)
  Rows Removed by Filter: 976993
Planning time: 5.570 ms
Execution time: 1913.706 ms
