Hash Join  (cost=911306.05..1280088.02 rows=412604 width=0) (actual time=11937.224..19033.755 rows=672703 loops=1)
  Hash Cond: (mi.movie_id = t.id)
  ->  Seq Scan on movie_info mi  (cost=0.00..309384.22 rows=14739122 width=4) (actual time=0.013..3605.811 rows=14835720 loops=1)
  ->  Hash  (cost=910421.26..910421.26 rows=70783 width=8) (actual time=11936.211..11936.211 rows=29615 loops=1)
        Buckets: 131072  Batches: 1  Memory Usage: 2181kB
        ->  Hash Join  (cost=102767.86..910421.26 rows=70783 width=8) (actual time=2661.355..11924.238 rows=29615 loops=1)
              Hash Cond: (ci.movie_id = t.id)
              ->  Seq Scan on cast_info ci  (cost=0.00..796071.18 rows=70783 width=4) (actual time=839.921..9732.542 rows=29615 loops=1)
                    Filter: ((person_id < 702950) AND (role_id > 10))
                    Rows Removed by Filter: 36214729
              ->  Hash  (cost=61283.27..61283.27 rows=2528527 width=4) (actual time=1819.273..1819.273 rows=2528312 loops=1)
                    Buckets: 131072  Batches: 64  Memory Usage: 2415kB
                    ->  Seq Scan on title t  (cost=0.00..61283.27 rows=2528527 width=4) (actual time=0.007..930.609 rows=2528312 loops=1)
Planning time: 1.263 ms
Execution time: 19122.922 ms
