Hash Join  (cost=77354.40..205472.38 rows=308777 width=0) (actual time=1049.990..4187.314 rows=287134 loops=1)
  Hash Cond: (mk.movie_id = t.id)
  ->  Seq Scan on movie_keyword mk  (cost=0.00..81003.12 rows=3737087 width=4) (actual time=0.023..1673.152 rows=3733700 loops=1)
        Filter: (keyword_id > 750)
        Rows Removed by Filter: 790230
  ->  Hash  (cost=73925.90..73925.90 rows=208920 width=4) (actual time=1047.510..1047.510 rows=183835 loops=1)
        Buckets: 131072  Batches: 4  Memory Usage: 2655kB
        ->  Seq Scan on title t  (cost=0.00..73925.90 rows=208920 width=4) (actual time=0.014..983.195 rows=183835 loops=1)
              Filter: ((kind_id < 7) AND (production_year > 2009))
              Rows Removed by Filter: 2344477
Planning time: 0.777 ms
Execution time: 4224.879 ms
