Hash Join  (cost=102767.86..241030.29 rows=1969065 width=0) (actual time=1799.277..5399.178 rows=1974423 loops=1)
  Hash Cond: (mk.movie_id = t.id)
  ->  Seq Scan on movie_keyword mk  (cost=0.00..81003.12 rows=1969065 width=4) (actual time=0.025..1409.350 rows=1974423 loops=1)
        Filter: (keyword_id < 3463)
        Rows Removed by Filter: 2549507
  ->  Hash  (cost=61283.27..61283.27 rows=2528527 width=4) (actual time=1797.941..1797.941 rows=2528312 loops=1)
        Buckets: 131072  Batches: 64  Memory Usage: 2425kB
        ->  Seq Scan on title t  (cost=0.00..61283.27 rows=2528527 width=4) (actual time=0.004..913.607 rows=2528312 loops=1)
Planning time: 0.628 ms
Execution time: 5641.337 ms
