Hash Join  (cost=203515.41..248830.61 rows=444272 width=0) (actual time=4556.530..6343.864 rows=2064487 loops=1)
  Hash Cond: (mi_idx.movie_id = t.id)
  ->  Seq Scan on movie_info_idx mi_idx  (cost=0.00..21735.35 rows=1380035 width=4) (actual time=0.010..431.884 rows=1380035 loops=1)
  ->  Hash  (cost=190160.36..190160.36 rows=814004 width=8) (actual time=4555.697..4555.697 rows=1118481 loops=1)
        Buckets: 131072  Batches: 16  Memory Usage: 3730kB
        ->  Hash Join  (cost=102767.86..190160.36 rows=814004 width=8) (actual time=1888.304..4221.173 rows=1118481 loops=1)
              Hash Cond: (mc.movie_id = t.id)
              ->  Seq Scan on movie_companies mc  (cost=0.00..57926.93 rows=814004 width=4) (actual time=71.039..1057.555 rows=1118481 loops=1)
                    Filter: ((company_id < 18227) AND (company_type_id < 2))
                    Rows Removed by Filter: 1490648
              ->  Hash  (cost=61283.27..61283.27 rows=2528527 width=4) (actual time=1815.882..1815.882 rows=2528312 loops=1)
                    Buckets: 131072  Batches: 64  Memory Usage: 2415kB
                    ->  Seq Scan on title t  (cost=0.00..61283.27 rows=2528527 width=4) (actual time=0.021..983.927 rows=2528312 loops=1)
Planning time: 1.079 ms
Execution time: 6595.053 ms
