Hash Join  (cost=73982.55..827440.52 rows=22810 width=0) (actual time=7777.421..17398.730 rows=41359 loops=1)
  Hash Cond: (ci.movie_id = t.id)
  ->  Seq Scan on cast_info ci  (cost=0.00..705507.15 rows=12726058 width=4) (actual time=6627.394..13851.279 rows=12670688 loops=1)
        Filter: (role_id = 1)
        Rows Removed by Filter: 23573656
  ->  Hash  (cost=73925.90..73925.90 rows=4532 width=4) (actual time=1149.568..1149.568 rows=7824 loops=1)
        Buckets: 8192  Batches: 1  Memory Usage: 340kB
        ->  Seq Scan on title t  (cost=0.00..73925.90 rows=4532 width=4) (actual time=0.280..1146.035 rows=7824 loops=1)
              Filter: ((kind_id = 7) AND (production_year = 1965))
              Rows Removed by Filter: 2520488
Planning time: 0.802 ms
Execution time: 17405.981 ms
