Hash Join  (cost=102767.86..292944.51 rows=4126494 width=0) (actual time=1727.259..6794.513 rows=4131368 loops=1)
  Hash Cond: (mk.movie_id = t.id)
  ->  Seq Scan on movie_keyword mk  (cost=0.00..81003.12 rows=4126494 width=4) (actual time=0.018..1724.714 rows=4131368 loops=1)
        Filter: (keyword_id < 43915)
        Rows Removed by Filter: 392562
  ->  Hash  (cost=61283.27..61283.27 rows=2528527 width=4) (actual time=1726.324..1726.324 rows=2528312 loops=1)
        Buckets: 131072  Batches: 64  Memory Usage: 2425kB
        ->  Seq Scan on title t  (cost=0.00..61283.27 rows=2528527 width=4) (actual time=0.011..894.971 rows=2528312 loops=1)
Planning time: 0.716 ms
Execution time: 7266.387 ms
