Hash Join  (cost=271295.43..772631.72 rows=5490360 width=0) (actual time=6675.139..21954.081 rows=26260571 loops=1)
  Hash Cond: (mi.movie_id = t.id)
  ->  Seq Scan on movie_info mi  (cost=0.00..346232.03 rows=7235534 width=4) (actual time=811.439..5496.912 rows=7286865 loops=1)
        Filter: (info_type_id < 8)
        Rows Removed by Filter: 7548855
  ->  Hash  (cost=239817.19..239817.19 rows=1918659 width=8) (actual time=5846.007..5846.007 rows=1929306 loops=1)
        Buckets: 131072  Batches: 32  Memory Usage: 3447kB
        ->  Hash Join  (cost=102767.86..239817.19 rows=1918659 width=8) (actual time=1827.170..5247.372 rows=1929306 loops=1)
              Hash Cond: (mk.movie_id = t.id)
              ->  Seq Scan on movie_keyword mk  (cost=0.00..81003.12 rows=1918659 width=4) (actual time=0.030..1522.423 rows=1929306 loops=1)
                    Filter: (keyword_id > 6929)
                    Rows Removed by Filter: 2594624
              ->  Hash  (cost=61283.27..61283.27 rows=2528527 width=4) (actual time=1824.776..1824.776 rows=2528312 loops=1)
                    Buckets: 131072  Batches: 64  Memory Usage: 2425kB
                    ->  Seq Scan on title t  (cost=0.00..61283.27 rows=2528527 width=4) (actual time=0.016..951.239 rows=2528312 loops=1)
Planning time: 0.742 ms
Execution time: 25029.276 ms
