Hash Join  (cost=132723.69..243090.50 rows=355641 width=0) (actual time=2621.590..5281.085 rows=752678 loops=1)
  Hash Cond: (mk.movie_id = t.id)
  ->  Seq Scan on movie_keyword mk  (cost=0.00..81003.12 rows=2086206 width=4) (actual time=0.015..1539.718 rows=2095057 loops=1)
        Filter: (keyword_id < 3759)
        Rows Removed by Filter: 2428873
  ->  Hash  (cost=125651.63..125651.63 rows=431045 width=8) (actual time=2620.452..2620.452 rows=311149 loops=1)
        Buckets: 131072  Batches: 8  Memory Usage: 2541kB
        ->  Hash Join  (cost=80562.70..125651.63 rows=431045 width=8) (actual time=1316.636..2521.803 rows=311149 loops=1)
              Hash Cond: (mi_idx.movie_id = t.id)
              ->  Seq Scan on movie_info_idx mi_idx  (cost=0.00..21735.35 rows=1380035 width=4) (actual time=0.012..372.795 rows=1380035 loops=1)
              ->  Hash  (cost=67604.59..67604.59 rows=789769 width=4) (actual time=1315.495..1315.495 rows=784926 loops=1)
                    Buckets: 131072  Batches: 16  Memory Usage: 2749kB
                    ->  Seq Scan on title t  (cost=0.00..67604.59 rows=789769 width=4) (actual time=0.014..1064.840 rows=784926 loops=1)
                          Filter: (production_year > 2007)
                          Rows Removed by Filter: 1743386
Planning time: 1.294 ms
Execution time: 5376.471 ms
