Hash Join  (cost=181938.04..601286.74 rows=422109 width=0) (actual time=3225.656..10944.672 rows=291861 loops=1)
  Hash Cond: (mi.movie_id = t.id)
  ->  Seq Scan on movie_info mi  (cost=0.00..346232.03 rows=5897221 width=4) (actual time=0.015..5272.497 rows=5884963 loops=1)
        Filter: (info_type_id < 7)
        Rows Removed by Filter: 8950757
  ->  Hash  (cost=178968.72..178968.72 rows=180986 width=8) (actual time=3224.849..3224.849 rows=73131 loops=1)
        Buckets: 131072  Batches: 4  Memory Usage: 1749kB
        ->  Hash Join  (cost=86138.21..178968.72 rows=180986 width=8) (actual time=1479.624..3200.734 rows=73131 loops=1)
              Hash Cond: (mk.movie_id = t.id)
              ->  Seq Scan on movie_keyword mk  (cost=0.00..81003.12 rows=614807 width=4) (actual time=0.032..1299.544 rows=615101 loops=1)
                    Filter: (keyword_id > 29737)
                    Rows Removed by Filter: 3908829
              ->  Hash  (cost=73925.90..73925.90 rows=744344 width=4) (actual time=1475.174..1475.174 rows=796638 loops=1)
                    Buckets: 131072  Batches: 16  Memory Usage: 2785kB
                    ->  Seq Scan on title t  (cost=0.00..73925.90 rows=744344 width=4) (actual time=0.028..1211.091 rows=796638 loops=1)
                          Filter: ((kind_id > 1) AND (production_year > 2005))
                          Rows Removed by Filter: 1731674
Planning time: 1.109 ms
Execution time: 10983.910 ms
