Seq Scan on cast_info ci  (cost=0.00..796071.18 rows=435 width=0) (actual time=65.898..13844.349 rows=268 loops=1)
  Filter: ((role_id < 10) AND (person_id = 2634949))
  Rows Removed by Filter: 36244076
Planning time: 0.402 ms
Execution time: 13844.490 ms
