Seq Scan on cast_info ci  (cost=0.00..796071.18 rows=324 width=0) (actual time=1266.914..12787.992 rows=101 loops=1)
  Filter: ((role_id > 1) AND (person_id = 2837247))
  Rows Removed by Filter: 36244243
Planning time: 0.275 ms
Execution time: 12788.152 ms
