Hash Join  (cost=280953.66..828392.91 rows=7889730 width=0) (actual time=6348.731..17687.469 rows=2456980 loops=1)
  Hash Cond: (mi.movie_id = t.id)
  ->  Seq Scan on movie_info mi  (cost=0.00..346232.03 rows=8859586 width=4) (actual time=0.026..6526.497 rows=8966694 loops=1)
        Filter: (info_type_id < 15)
        Rows Removed by Filter: 5869026
  ->  Hash  (cost=244011.03..244011.03 rows=2251730 width=8) (actual time=6347.184..6347.184 rows=551117 loops=1)
        Buckets: 131072  Batches: 32  Memory Usage: 1690kB
        ->  Hash Join  (cost=94574.69..244011.03 rows=2251730 width=8) (actual time=4144.359..6188.659 rows=551117 loops=1)
              Hash Cond: (mk.movie_id = t.id)
              ->  Seq Scan on movie_keyword mk  (cost=0.00..69693.30 rows=4523930 width=4) (actual time=0.019..1447.726 rows=4523930 loops=1)
              ->  Hash  (cost=73925.90..73925.90 rows=1258543 width=4) (actual time=1767.259..1767.259 rows=1221534 loops=1)
                    Buckets: 131072  Batches: 32  Memory Usage: 2369kB
                    ->  Seq Scan on title t  (cost=0.00..73925.90 rows=1258543 width=4) (actual time=0.021..1373.507 rows=1221534 loops=1)
                          Filter: ((production_year < 2011) AND (kind_id = 7))
                          Rows Removed by Filter: 1306778
Planning time: 1.209 ms
Execution time: 17961.098 ms
