Hash Join  (cost=190230.21..302129.15 rows=817791 width=0) (actual time=4060.573..6960.200 rows=3442119 loops=1)
  Hash Cond: (mk.movie_id = t.id)
  ->  Seq Scan on movie_keyword mk  (cost=0.00..81003.12 rows=1498373 width=4) (actual time=0.025..1262.360 rows=1519499 loops=1)
        Filter: (keyword_id > 10642)
        Rows Removed by Filter: 3004431
  ->  Hash  (cost=167588.78..167588.78 rows=1380035 width=8) (actual time=4059.360..4059.360 rows=1380035 loops=1)
        Buckets: 131072  Batches: 32  Memory Usage: 2726kB
        ->  Hash Join  (cost=102767.86..167588.78 rows=1380035 width=8) (actual time=1769.621..3642.074 rows=1380035 loops=1)
              Hash Cond: (mi_idx.movie_id = t.id)
              ->  Seq Scan on movie_info_idx mi_idx  (cost=0.00..21735.35 rows=1380035 width=4) (actual time=0.024..376.357 rows=1380035 loops=1)
              ->  Hash  (cost=61283.27..61283.27 rows=2528527 width=4) (actual time=1767.886..1767.886 rows=2528312 loops=1)
                    Buckets: 131072  Batches: 64  Memory Usage: 2415kB
                    ->  Seq Scan on title t  (cost=0.00..61283.27 rows=2528527 width=4) (actual time=0.022..929.789 rows=2528312 loops=1)
Planning time: 7.217 ms
Execution time: 7341.369 ms
