Hash Join  (cost=141930.74..169094.76 rows=25354 width=0) (actual time=2637.951..3244.430 rows=148878 loops=1)
  Hash Cond: (mi_idx.movie_id = t.id)
  ->  Seq Scan on movie_info_idx mi_idx  (cost=0.00..21735.35 rows=1380035 width=4) (actual time=0.020..287.111 rows=1380035 loops=1)
  ->  Hash  (cost=141350.05..141350.05 rows=46455 width=8) (actual time=2406.932..2406.932 rows=99633 loops=1)
        Buckets: 131072 (originally 65536)  Batches: 2 (originally 1)  Memory Usage: 3073kB
        ->  Hash Join  (cost=69283.60..141350.05 rows=46455 width=8) (actual time=1369.492..2369.406 rows=99633 loops=1)
              Hash Cond: (mc.movie_id = t.id)
              ->  Seq Scan on movie_companies mc  (cost=0.00..57926.93 rows=1147991 width=4) (actual time=194.368..1029.886 rows=1257392 loops=1)
                    Filter: ((company_id > 166) AND (company_type_id > 1))
                    Rows Removed by Filter: 1351737
              ->  Hash  (cost=67604.59..67604.59 rows=102321 width=4) (actual time=874.706..874.706 rows=100537 loops=1)
                    Buckets: 131072  Batches: 2  Memory Usage: 2797kB
                    ->  Seq Scan on title t  (cost=0.00..67604.59 rows=102321 width=4) (actual time=153.186..837.982 rows=100537 loops=1)
                          Filter: (kind_id = 3)
                          Rows Removed by Filter: 2427775
Planning time: 1.125 ms
Execution time: 3263.724 ms
