Hash Join  (cost=244247.11..1407546.39 rows=13959790 width=0) (actual time=5692.209..45314.791 rows=43057080 loops=1)
  Hash Cond: (ci.movie_id = t.id)
  ->  Seq Scan on cast_info ci  (cost=0.00..705507.15 rows=24393446 width=4) (actual time=0.019..13770.073 rows=24495436 loops=1)
        Filter: (person_id > 1153868)
        Rows Removed by Filter: 11748908
  ->  Hash  (cost=220506.41..220506.41 rows=1447016 width=8) (actual time=5691.039..5691.039 rows=1999086 loops=1)
        Buckets: 131072  Batches: 32  Memory Usage: 3424kB
        ->  Hash Join  (cost=80874.21..220506.41 rows=1447016 width=8) (actual time=1403.565..5174.963 rows=1999086 loops=1)
              Hash Cond: (mk.movie_id = t.id)
              ->  Seq Scan on movie_keyword mk  (cost=0.00..69693.30 rows=4523930 width=4) (actual time=0.010..1299.131 rows=4523930 loops=1)
              ->  Hash  (cost=67604.59..67604.59 rows=808770 width=4) (actual time=1401.944..1401.944 rows=812704 loops=1)
                    Buckets: 131072  Batches: 16  Memory Usage: 2819kB
                    ->  Seq Scan on title t  (cost=0.00..67604.59 rows=808770 width=4) (actual time=0.012..1132.270 rows=812704 loops=1)
                          Filter: (production_year < 1995)
                          Rows Removed by Filter: 1715608
Planning time: 1.196 ms
Execution time: 49847.893 ms
