Hash Join  (cost=213830.86..584199.13 rows=534377 width=0) (actual time=7711.838..10342.075 rows=930454 loops=1)
  Hash Cond: (mi.movie_id = t.id)
  ->  Seq Scan on movie_info mi  (cost=0.00..346232.03 rows=1264125 width=4) (actual time=3208.186..4794.654 rows=1288928 loops=1)
        Filter: (info_type_id = 2)
        Rows Removed by Filter: 13546792
  ->  Hash  (cost=196293.96..196293.96 rows=1068872 width=8) (actual time=4501.439..4501.439 rows=946338 loops=1)
        Buckets: 131072  Batches: 16  Memory Usage: 3390kB
        ->  Hash Join  (cost=102767.86..196293.96 rows=1068872 width=8) (actual time=1932.930..4209.183 rows=946338 loops=1)
              Hash Cond: (mc.movie_id = t.id)
              ->  Seq Scan on movie_companies mc  (cost=0.00..57926.93 rows=1068872 width=4) (actual time=0.056..1080.315 rows=946338 loops=1)
                    Filter: ((company_id > 305) AND (company_type_id = 1))
                    Rows Removed by Filter: 1662791
              ->  Hash  (cost=61283.27..61283.27 rows=2528527 width=4) (actual time=1931.875..1931.875 rows=2528312 loops=1)
                    Buckets: 131072  Batches: 64  Memory Usage: 2415kB
                    ->  Seq Scan on title t  (cost=0.00..61283.27 rows=2528527 width=4) (actual time=0.021..965.123 rows=2528312 loops=1)
Planning time: 1.153 ms
Execution time: 10453.367 ms
