Nested Loop  (cost=0.43..709673.15 rows=371 width=0) (actual time=5282.225..8608.958 rows=100 loops=1)
  ->  Seq Scan on cast_info ci  (cost=0.00..705507.15 rows=500 width=4) (actual time=5282.140..8607.535 rows=100 loops=1)
        Filter: (person_id = 3007776)
        Rows Removed by Filter: 36244244
  ->  Index Scan using title_pkey on title t  (cost=0.43..8.32 rows=1 width=4) (actual time=0.013..0.013 rows=1 loops=100)
        Index Cond: (id = ci.movie_id)
        Filter: (production_year > 1984)
Planning time: 0.745 ms
Execution time: 8609.104 ms
