Hash Join  (cost=69928.56..801250.93 rows=116694 width=0) (actual time=6325.892..11342.325 rows=167486 loops=1)
  Hash Cond: (ci.movie_id = t.id)
  ->  Seq Scan on cast_info ci  (cost=0.00..705507.15 rows=2083807 width=4) (actual time=5295.303..9411.889 rows=2128581 loops=1)
        Filter: (person_id > 3646678)
        Rows Removed by Filter: 34115763
  ->  Hash  (cost=67604.59..67604.59 rows=141598 width=4) (actual time=1029.628..1029.628 rows=141703 loops=1)
        Buckets: 131072  Batches: 2  Memory Usage: 3511kB
        ->  Seq Scan on title t  (cost=0.00..67604.59 rows=141598 width=4) (actual time=0.023..976.606 rows=141703 loops=1)
              Filter: (production_year = 2010)
              Rows Removed by Filter: 2386609
Planning time: 0.810 ms
Execution time: 11365.614 ms
