Seq Scan on cast_info ci  (cost=0.00..796071.18 rows=324 width=0) (actual time=1460.895..13362.969 rows=242 loops=1)
  Filter: ((role_id > 1) AND (person_id = 3412809))
  Rows Removed by Filter: 36244102
Planning time: 0.287 ms
Execution time: 13363.104 ms
