Seq Scan on cast_info ci  (cost=0.00..796071.18 rows=224 width=0) (actual time=5330.419..12059.628 rows=20 loops=1)
  Filter: ((role_id > 2) AND (person_id = 2930802))
  Rows Removed by Filter: 36244324
Planning time: 0.398 ms
Execution time: 12059.753 ms
