Seq Scan on cast_info ci  (cost=0.00..796071.18 rows=1277654 width=0) (actual time=805.071..9744.884 rows=2007149 loops=1)
  Filter: ((person_id > 3667548) AND (role_id > 1))
  Rows Removed by Filter: 34237195
Planning time: 0.239 ms
Execution time: 10000.043 ms
