Hash Join  (cost=219852.35..306881.89 rows=869002 width=0) (actual time=5184.233..6778.969 rows=485924 loops=1)
  Hash Cond: (mc.movie_id = t.id)
  ->  Seq Scan on movie_companies mc  (cost=0.00..44881.29 rows=2609129 width=4) (actual time=0.010..908.701 rows=2609129 loops=1)
  ->  Hash  (cost=206035.38..206035.38 rows=842157 width=8) (actual time=4603.590..4603.590 rows=218847 loops=1)
        Buckets: 131072  Batches: 16  Memory Usage: 1568kB
        ->  Hash Join  (cost=92883.59..206035.38 rows=842157 width=8) (actual time=2534.678..4544.681 rows=218847 loops=1)
              Hash Cond: (mk.movie_id = t.id)
              ->  Seq Scan on movie_keyword mk  (cost=0.00..81003.12 rows=1382020 width=4) (actual time=0.022..1460.204 rows=1397697 loops=1)
                    Filter: (keyword_id > 11985)
                    Rows Removed by Filter: 3126233
              ->  Hash  (cost=67604.59..67604.59 rows=1540800 width=4) (actual time=1878.686..1878.686 rows=1543264 loops=1)
                    Buckets: 131072  Batches: 32  Memory Usage: 2728kB
                    ->  Seq Scan on title t  (cost=0.00..67604.59 rows=1540800 width=4) (actual time=323.270..1361.457 rows=1543264 loops=1)
                          Filter: (kind_id = 7)
                          Rows Removed by Filter: 985048
Planning time: 1.136 ms
Execution time: 6834.993 ms
