Hash Join  (cost=483817.44..571660.65 rows=725259 width=0) (actual time=8214.093..9940.310 rows=482098 loops=1)
  Hash Cond: (mc.movie_id = t.id)
  ->  Seq Scan on movie_companies mc  (cost=0.00..51404.11 rows=2248666 width=4) (actual time=0.023..1066.586 rows=2251064 loops=1)
        Filter: (company_id > 180)
        Rows Removed by Filter: 358065
  ->  Hash  (cost=470437.40..470437.40 rows=815523 width=8) (actual time=7727.813..7727.813 rows=309514 loops=1)
        Buckets: 131072  Batches: 16  Memory Usage: 1772kB
        ->  Hash Join  (cost=92883.59..470437.40 rows=815523 width=8) (actual time=3443.382..7640.348 rows=309514 loops=1)
              Hash Cond: (mi.movie_id = t.id)
              ->  Seq Scan on movie_info mi  (cost=0.00..346232.03 rows=1338312 width=4) (actual time=1763.349..4997.435 rows=1401902 loops=1)
                    Filter: (info_type_id = 7)
                    Rows Removed by Filter: 13433818
              ->  Hash  (cost=67604.59..67604.59 rows=1540800 width=4) (actual time=1678.668..1678.668 rows=1543264 loops=1)
                    Buckets: 131072  Batches: 32  Memory Usage: 2728kB
                    ->  Seq Scan on title t  (cost=0.00..67604.59 rows=1540800 width=4) (actual time=141.035..1160.284 rows=1543264 loops=1)
                          Filter: (kind_id = 7)
                          Rows Removed by Filter: 985048
Planning time: 1.287 ms
Execution time: 9998.930 ms
