Hash Join  (cost=184162.35..933185.31 rows=300291 width=0) (actual time=3397.700..17130.128 rows=836737 loops=1)
  Hash Cond: (ci.movie_id = t.id)
  ->  Seq Scan on cast_info ci  (cost=0.00..705507.15 rows=10803434 width=4) (actual time=83.700..10866.599 rows=10663915 loops=1)
        Filter: (person_id < 1046282)
        Rows Removed by Filter: 25580429
  ->  Hash  (cost=183283.81..183283.81 rows=70283 width=8) (actual time=3313.123..3313.123 rows=47748 loops=1)
        Buckets: 131072  Batches: 1  Memory Usage: 2890kB
        ->  Hash Join  (cost=75220.98..183283.81 rows=70283 width=8) (actual time=1038.083..3295.394 rows=47748 loops=1)
              Hash Cond: (mk.movie_id = t.id)
              ->  Seq Scan on movie_keyword mk  (cost=0.00..81003.12 rows=2252767 width=4) (actual time=0.033..1532.276 rows=2256092 loops=1)
                    Filter: (keyword_id < 4668)
                    Rows Removed by Filter: 2267838
              ->  Hash  (cost=73925.90..73925.90 rows=78886 width=4) (actual time=1037.251..1037.251 rows=74127 loops=1)
                    Buckets: 131072  Batches: 2  Memory Usage: 2334kB
                    ->  Seq Scan on title t  (cost=0.00..73925.90 rows=78886 width=4) (actual time=0.326..1008.074 rows=74127 loops=1)
                          Filter: ((kind_id < 4) AND (production_year > 2011))
                          Rows Removed by Filter: 2454185
Planning time: 1.144 ms
Execution time: 17244.004 ms
