Hash Join  (cost=114270.08..472900.29 rows=89245 width=0) (actual time=2637.673..8474.422 rows=366536 loops=1)
  Hash Cond: (mi.movie_id = t.id)
  ->  Seq Scan on movie_info mi  (cost=0.00..346232.03 rows=3068194 width=4) (actual time=526.258..5049.400 rows=3036719 loops=1)
        Filter: (info_type_id = 16)
        Rows Removed by Filter: 11799001
  ->  Hash  (cost=113350.73..113350.73 rows=73548 width=8) (actual time=2110.336..2110.336 rows=164488 loops=1)
        Buckets: 131072 (originally 131072)  Batches: 4 (originally 1)  Memory Usage: 3073kB
        ->  Hash Join  (cost=80493.69..113350.73 rows=73548 width=8) (actual time=1255.585..2054.850 rows=164488 loops=1)
              Hash Cond: (mi_idx.movie_id = t.id)
              ->  Seq Scan on movie_info_idx mi_idx  (cost=0.00..25185.44 rows=464566 width=4) (actual time=0.016..471.558 rows=459925 loops=1)
                    Filter: (info_type_id = 101)
                    Rows Removed by Filter: 920110
              ->  Hash  (cost=73925.90..73925.90 rows=400303 width=4) (actual time=1254.617..1254.617 rows=500611 loops=1)
                    Buckets: 131072  Batches: 8  Memory Usage: 3236kB
                    ->  Seq Scan on title t  (cost=0.00..73925.90 rows=400303 width=4) (actual time=0.030..1099.251 rows=500611 loops=1)
                          Filter: ((kind_id < 7) AND (production_year < 2000))
                          Rows Removed by Filter: 2027701
Planning time: 1.157 ms
Execution time: 8516.704 ms
