Hash Join  (cost=77296.92..175830.63 rows=128119 width=134) (actual time=1411.368..4147.393 rows=542362 loops=1)
  Hash Cond: (mc.movie_id = t.id)
  ->  Seq Scan on movie_companies mc  (cost=0.00..44881.29 rows=2609129 width=40) (actual time=0.016..1014.281 rows=2609129 loops=1)
  ->  Hash  (cost=73925.90..73925.90 rows=124161 width=94) (actual time=1361.029..1361.029 rows=256948 loops=1)
        Buckets: 32768  Batches: 8  Memory Usage: 3756kB
        ->  Seq Scan on title t  (cost=0.00..73925.90 rows=124161 width=94) (actual time=1.626..1255.260 rows=256948 loops=1)
              Filter: ((production_year < 1977) AND (kind_id = 1))
              Rows Removed by Filter: 2271364
Planning time: 0.958 ms
Execution time: 4177.848 ms
