Hash Join  (cost=28267.71..779057.74 rows=91 width=0) (actual time=418.769..15319.720 rows=2498 loops=1)
  Hash Cond: (ci.movie_id = t.id)
  ->  Seq Scan on cast_info ci  (cost=0.00..614943.12 rows=36225612 width=4) (actual time=0.007..8029.689 rows=36244344 loops=1)
  ->  Hash  (cost=28267.64..28267.64 rows=6 width=8) (actual time=411.500..411.500 rows=6 loops=1)
        Buckets: 1024  Batches: 1  Memory Usage: 9kB
        ->  Nested Loop  (cost=0.43..28267.64 rows=6 width=8) (actual time=55.424..411.489 rows=6 loops=1)
              ->  Seq Scan on movie_info_idx mi_idx  (cost=0.00..25185.44 rows=368 width=4) (actual time=54.376..404.470 rows=260 loops=1)
                    Filter: (info_type_id > 101)
                    Rows Removed by Filter: 1379775
              ->  Index Scan using title_pkey on title t  (cost=0.43..8.37 rows=1 width=4) (actual time=0.026..0.026 rows=0 loops=260)
                    Index Cond: (id = mi_idx.movie_id)
                    Filter: ((kind_id = 1) AND (production_year = 2012))
                    Rows Removed by Filter: 1
Planning time: 1.145 ms
Execution time: 15320.961 ms
