Hash Join  (cost=197334.74..1298248.00 rows=7998839 width=0) (actual time=5191.001..36403.461 rows=21472179 loops=1)
  Hash Cond: (ci.movie_id = t.id)
  ->  Seq Scan on cast_info ci  (cost=0.00..796071.18 rows=19088719 width=4) (actual time=0.020..15933.935 rows=20864648 loops=1)
        Filter: ((person_id < 2214275) AND (role_id < 10))
        Rows Removed by Filter: 15379696
  ->  Hash  (cost=179951.48..179951.48 rows=1059541 width=8) (actual time=5189.321..5189.321 rows=1349210 loops=1)
        Buckets: 131072 (originally 131072)  Batches: 32 (originally 16)  Memory Usage: 3073kB
        ->  Hash Join  (cost=86241.46..179951.48 rows=1059541 width=8) (actual time=1828.880..4745.345 rows=1349210 loops=1)
              Hash Cond: (mc.movie_id = t.id)
              ->  Seq Scan on movie_companies mc  (cost=0.00..51404.11 rows=2358531 width=4) (actual time=0.022..1068.863 rows=2355503 loops=1)
                    Filter: (company_id < 100523)
                    Rows Removed by Filter: 253626
              ->  Hash  (cost=67604.59..67604.59 rows=1135910 width=4) (actual time=1828.077..1828.077 rows=1133355 loops=1)
                    Buckets: 131072  Batches: 16  Memory Usage: 3516kB
                    ->  Seq Scan on title t  (cost=0.00..67604.59 rows=1135910 width=4) (actual time=0.032..1213.851 rows=1133355 loops=1)
                          Filter: (production_year < 2002)
                          Rows Removed by Filter: 1394957
Planning time: 1.760 ms
Execution time: 38536.403 ms
