Seq Scan on movie_companies mc  (cost=0.00..51404.11 rows=2162717 width=0) (actual time=0.024..922.246 rows=2162625 loops=1)
  Filter: (company_id > 347)
  Rows Removed by Filter: 446504
Planning time: 0.308 ms
Execution time: 1194.975 ms
