Nested Loop  (cost=0.43..83072.29 rows=10 width=0) (actual time=20.851..1262.807 rows=46 loops=1)
  ->  Seq Scan on movie_keyword mk  (cost=0.00..81003.12 rows=246 width=4) (actual time=3.770..1209.654 rows=1524 loops=1)
        Filter: (keyword_id = 262)
        Rows Removed by Filter: 4522406
  ->  Index Scan using title_pkey on title t  (cost=0.43..8.40 rows=1 width=4) (actual time=0.034..0.034 rows=0 loops=1524)
        Index Cond: (id = mk.movie_id)
        Filter: (kind_id = 3)
        Rows Removed by Filter: 1
Planning time: 0.767 ms
Execution time: 1262.947 ms
