Hash Join  (cost=69720.52..550645.16 rows=566874 width=0) (actual time=1623.661..11778.993 rows=1077707 loops=1)
  Hash Cond: (mi.movie_id = t.id)
  ->  Seq Scan on movie_info mi  (cost=0.00..346232.03 rows=11115165 width=4) (actual time=144.925..6419.930 rows=11210743 loops=1)
        Filter: (info_type_id > 3)
        Rows Removed by Filter: 3624977
  ->  Hash  (cost=67604.59..67604.59 rows=128955 width=4) (actual time=1185.269..1185.269 rows=130325 loops=1)
        Buckets: 131072  Batches: 2  Memory Usage: 3316kB
        ->  Seq Scan on title t  (cost=0.00..67604.59 rows=128955 width=4) (actual time=0.042..950.814 rows=130325 loops=1)
              Filter: (production_year < 1936)
              Rows Removed by Filter: 2397987
Planning time: 2.062 ms
Execution time: 11901.060 ms
