Seq Scan on movie_keyword mk  (cost=0.00..81003.12 rows=246 width=0) (actual time=1.323..864.620 rows=1593 loops=1)
  Filter: (keyword_id = 13751)
  Rows Removed by Filter: 4522337
Planning time: 0.345 ms
Execution time: 865.089 ms
