Hash Join  (cost=132397.51..853665.09 rows=145521 width=0) (actual time=2647.361..13657.320 rows=682345 loops=1)
  Hash Cond: (ci.movie_id = t.id)
  ->  Seq Scan on cast_info ci  (cost=0.00..705507.15 rows=1126725 width=4) (actual time=0.014..10226.055 rows=1151721 loops=1)
        Filter: (person_id > 3838472)
        Rows Removed by Filter: 35092623
  ->  Hash  (cost=127039.40..127039.40 rows=326569 width=8) (actual time=2646.615..2646.615 rows=500629 loops=1)
        Buckets: 131072  Batches: 8  Memory Usage: 3477kB
        ->  Hash Join  (cost=83743.23..127039.40 rows=326569 width=8) (actual time=1181.409..2486.336 rows=500629 loops=1)
              Hash Cond: (mi_idx.movie_id = t.id)
              ->  Seq Scan on movie_info_idx mi_idx  (cost=0.00..21735.35 rows=1380035 width=4) (actual time=0.015..449.788 rows=1380035 loops=1)
              ->  Hash  (cost=73925.90..73925.90 rows=598346 width=4) (actual time=1180.562..1180.562 rows=507407 loops=1)
                    Buckets: 131072  Batches: 8  Memory Usage: 3251kB
                    ->  Seq Scan on title t  (cost=0.00..73925.90 rows=598346 width=4) (actual time=0.024..1019.003 rows=507407 loops=1)
                          Filter: ((kind_id < 7) AND (production_year > 1997))
                          Rows Removed by Filter: 2020905
Planning time: 1.023 ms
Execution time: 13743.473 ms
