Hash Join  (cost=208332.58..799687.06 rows=7849637 width=0) (actual time=4563.901..25279.594 rows=30677955 loops=1)
  Hash Cond: (mi.movie_id = t.id)
  ->  Seq Scan on movie_info mi  (cost=0.00..346232.03 rows=13929354 width=4) (actual time=0.016..6761.173 rows=14033580 loops=1)
        Filter: (info_type_id > 1)
        Rows Removed by Filter: 802140
  ->  Hash  (cost=184954.26..184954.26 rows=1424906 width=8) (actual time=4562.757..4562.757 rows=1170186 loops=1)
        Buckets: 131072  Batches: 32  Memory Usage: 2480kB
        ->  Hash Join  (cost=90260.67..184954.26 rows=1424906 width=8) (actual time=1439.956..4126.141 rows=1170186 loops=1)
              Hash Cond: (mc.movie_id = t.id)
              ->  Seq Scan on movie_companies mc  (cost=0.00..44881.29 rows=2609129 width=4) (actual time=0.010..798.479 rows=2609129 loops=1)
              ->  Hash  (cost=67604.59..67604.59 rows=1380887 width=4) (actual time=1438.589..1438.589 rows=1381453 loops=1)
                    Buckets: 131072  Batches: 32  Memory Usage: 2543kB
                    ->  Seq Scan on title t  (cost=0.00..67604.59 rows=1380887 width=4) (actual time=0.018..1030.219 rows=1381453 loops=1)
                          Filter: (production_year > 2000)
                          Rows Removed by Filter: 1146859
Planning time: 1.246 ms
Execution time: 28167.693 ms
