Hash Join  (cost=58375.85..85290.05 rows=10 width=0) (actual time=1018.690..1311.499 rows=31 loops=1)
  Hash Cond: (mi_idx.movie_id = t.id)
  ->  Seq Scan on movie_info_idx mi_idx  (cost=0.00..25185.44 rows=460978 width=4) (actual time=0.019..440.181 rows=459925 loops=1)
        Filter: (info_type_id = 99)
        Rows Removed by Filter: 920110
  ->  Hash  (cost=58375.18..58375.18 rows=53 width=8) (actual time=807.758..807.758 rows=67 loops=1)
        Buckets: 1024  Batches: 1  Memory Usage: 11kB
        ->  Nested Loop  (cost=0.43..58375.18 rows=53 width=8) (actual time=1.157..807.700 rows=67 loops=1)
              ->  Seq Scan on movie_companies mc  (cost=0.00..57926.93 rows=53 width=4) (actual time=1.106..805.828 rows=67 loops=1)
                    Filter: ((company_id = 15098) AND (company_type_id = 2))
                    Rows Removed by Filter: 2609062
              ->  Index Only Scan using title_pkey on title t  (cost=0.43..8.45 rows=1 width=4) (actual time=0.025..0.026 rows=1 loops=67)
                    Index Cond: (id = mc.movie_id)
                    Heap Fetches: 67
Planning time: 2.501 ms
Execution time: 1311.607 ms
