Hash Join  (cost=93038.76..130229.69 rows=212383 width=0) (actual time=1757.622..2743.567 rows=114773 loops=1)
  Hash Cond: (mi_idx.movie_id = t.id)
  ->  Seq Scan on movie_info_idx mi_idx  (cost=0.00..25185.44 rows=460978 width=4) (actual time=0.028..522.081 rows=459925 loops=1)
        Filter: (info_type_id < 100)
        Rows Removed by Filter: 920110
  ->  Hash  (cost=73925.90..73925.90 rows=1164948 width=4) (actual time=1756.636..1756.636 rows=1252934 loops=1)
        Buckets: 131072  Batches: 16  Memory Usage: 3788kB
        ->  Seq Scan on title t  (cost=0.00..73925.90 rows=1164948 width=4) (actual time=0.022..1372.117 rows=1252934 loops=1)
              Filter: ((production_year > 1982) AND (kind_id = 7))
              Rows Removed by Filter: 1275378
Planning time: 0.710 ms
Execution time: 2757.881 ms
