Hash Join  (cost=221926.06..1100056.80 rows=5486756 width=0) (actual time=4660.366..26776.310 rows=14651095 loops=1)
  Hash Cond: (ci.movie_id = t.id)
  ->  Seq Scan on cast_info ci  (cost=0.00..705507.15 rows=9701076 width=4) (actual time=0.017..11784.670 rows=9672819 loops=1)
        Filter: (person_id > 2741502)
        Rows Removed by Filter: 26571525
  ->  Hash  (cost=198462.93..198462.93 rows=1430090 width=8) (actual time=4659.037..4659.037 rows=1419814 loops=1)
        Buckets: 131072  Batches: 32  Memory Usage: 2719kB
        ->  Hash Join  (cost=102767.86..198462.93 rows=1430090 width=8) (actual time=1816.638..4270.540 rows=1419814 loops=1)
              Hash Cond: (mc.movie_id = t.id)
              ->  Seq Scan on movie_companies mc  (cost=0.00..51404.11 rows=1430090 width=4) (actual time=0.012..932.139 rows=1419814 loops=1)
                    Filter: (company_id < 12502)
                    Rows Removed by Filter: 1189315
              ->  Hash  (cost=61283.27..61283.27 rows=2528527 width=4) (actual time=1815.325..1815.325 rows=2528312 loops=1)
                    Buckets: 131072  Batches: 64  Memory Usage: 2415kB
                    ->  Seq Scan on title t  (cost=0.00..61283.27 rows=2528527 width=4) (actual time=0.012..948.687 rows=2528312 loops=1)
Planning time: 1.144 ms
Execution time: 28490.314 ms
