Seq Scan on cast_info ci  (cost=0.00..796071.18 rows=5791004 width=0) (actual time=3026.148..11918.556 rows=7418900 loops=1)
  Filter: ((person_id < 1012940) AND (role_id < 3))
  Rows Removed by Filter: 28825444
Planning time: 0.334 ms
Execution time: 12842.657 ms
