Hash Join  (cost=58359.02..423017.86 rows=291 width=0) (actual time=834.481..6915.422 rows=7961 loops=1)
  Hash Cond: (mi.movie_id = t.id)
  ->  Seq Scan on movie_info mi  (cost=0.00..309384.22 rows=14739122 width=4) (actual time=0.013..3547.778 rows=14835720 loops=1)
  ->  Hash  (cost=58358.39..58358.39 rows=50 width=8) (actual time=821.649..821.649 rows=366 loops=1)
        Buckets: 1024  Batches: 1  Memory Usage: 23kB
        ->  Nested Loop  (cost=0.43..58358.39 rows=50 width=8) (actual time=1.836..821.398 rows=366 loops=1)
              ->  Seq Scan on movie_companies mc  (cost=0.00..57926.93 rows=51 width=4) (actual time=1.802..812.876 rows=366 loops=1)
                    Filter: ((company_type_id < 2) AND (company_id = 3747))
                    Rows Removed by Filter: 2608763
              ->  Index Scan using title_pkey on title t  (cost=0.43..8.45 rows=1 width=4) (actual time=0.022..0.022 rows=1 loops=366)
                    Index Cond: (id = mc.movie_id)
                    Filter: (production_year > 0)
Planning time: 1.167 ms
Execution time: 6917.106 ms
