Hash Join  (cost=68438.72..154308.06 rows=31995 width=0) (actual time=864.860..2370.680 rows=12103 loops=1)
  Hash Cond: (mk.movie_id = t.id)
  ->  Seq Scan on movie_keyword mk  (cost=0.00..81003.12 rows=1212335 width=4) (actual time=0.019..1264.116 rows=1214706 loops=1)
        Filter: (keyword_id < 1531)
        Rows Removed by Filter: 3309224
  ->  Hash  (cost=67604.59..67604.59 rows=66731 width=4) (actual time=863.983..863.983 rows=67342 loops=1)
        Buckets: 131072  Batches: 1  Memory Usage: 3392kB
        ->  Seq Scan on title t  (cost=0.00..67604.59 rows=66731 width=4) (actual time=0.032..836.888 rows=67342 loops=1)
              Filter: (production_year > 2012)
              Rows Removed by Filter: 2460970
Planning time: 0.664 ms
Execution time: 2372.969 ms
