Nested Loop  (cost=0.43..709673.15 rows=83 width=0) (actual time=2367.747..10662.730 rows=1 loops=1)
  ->  Seq Scan on cast_info ci  (cost=0.00..705507.15 rows=500 width=4) (actual time=2367.579..10662.413 rows=8 loops=1)
        Filter: (person_id = 473396)
        Rows Removed by Filter: 36244336
  ->  Index Scan using title_pkey on title t  (cost=0.43..8.32 rows=1 width=4) (actual time=0.037..0.037 rows=0 loops=8)
        Index Cond: (id = ci.movie_id)
        Filter: (production_year < 1973)
        Rows Removed by Filter: 1
Planning time: 0.726 ms
Execution time: 10662.836 ms
