Seq Scan on title t  (cost=0.00..73925.90 rows=641876 width=0) (actual time=0.020..1294.765 rows=627207 loops=1)
  Filter: ((production_year > 1910) AND (kind_id = 1))
  Rows Removed by Filter: 1901105
Planning time: 0.413 ms
Execution time: 1375.947 ms
