Hash Join  (cost=256167.15..1670252.30 rows=32610797 width=0) (actual time=5457.578..58942.051 rows=71174378 loops=1)
  Hash Cond: (ci.movie_id = t.id)
  ->  Seq Scan on cast_info ci  (cost=0.00..614943.12 rows=36225612 width=4) (actual time=0.010..12222.389 rows=36244344 loops=1)
  ->  Hash  (cost=218822.46..218822.46 rows=2276215 width=8) (actual time=5456.514..5456.514 rows=2280116 loops=1)
        Buckets: 131072  Batches: 32  Memory Usage: 3780kB
        ->  Hash Join  (cost=102767.86..218822.46 rows=2276215 width=8) (actual time=1777.309..4870.957 rows=2280116 loops=1)
              Hash Cond: (mc.movie_id = t.id)
              ->  Seq Scan on movie_companies mc  (cost=0.00..51404.11 rows=2276215 width=4) (actual time=0.014..1031.342 rows=2280116 loops=1)
                    Filter: (company_id > 160)
                    Rows Removed by Filter: 329013
              ->  Hash  (cost=61283.27..61283.27 rows=2528527 width=4) (actual time=1776.320..1776.320 rows=2528312 loops=1)
                    Buckets: 131072  Batches: 64  Memory Usage: 2415kB
                    ->  Seq Scan on title t  (cost=0.00..61283.27 rows=2528527 width=4) (actual time=0.018..930.723 rows=2528312 loops=1)
Planning time: 1.119 ms
Execution time: 67198.917 ms
