Hash Join  (cost=200406.32..1342701.52 rows=10561204 width=0) (actual time=3606.166..37534.472 rows=18300775 loops=1)
  Hash Cond: (ci.movie_id = t.id)
  ->  Seq Scan on cast_info ci  (cost=0.00..614943.12 rows=36225612 width=4) (actual time=0.014..11790.631 rows=36244344 loops=1)
  ->  Hash  (cost=188311.74..188311.74 rows=737166 width=8) (actual time=3605.106..3605.106 rows=523876 loops=1)
        Buckets: 131072  Batches: 16  Memory Usage: 2302kB
        ->  Hash Join  (cost=102767.86..188311.74 rows=737166 width=8) (actual time=2064.060..3449.023 rows=523876 loops=1)
              Hash Cond: (mc.movie_id = t.id)
              ->  Seq Scan on movie_companies mc  (cost=0.00..57926.93 rows=737166 width=4) (actual time=372.251..897.423 rows=523876 loops=1)
                    Filter: ((company_id > 7503) AND (company_type_id = 1))
                    Rows Removed by Filter: 2085253
              ->  Hash  (cost=61283.27..61283.27 rows=2528527 width=4) (actual time=1689.395..1689.395 rows=2528312 loops=1)
                    Buckets: 131072  Batches: 64  Memory Usage: 2415kB
                    ->  Seq Scan on title t  (cost=0.00..61283.27 rows=2528527 width=4) (actual time=0.025..856.236 rows=2528312 loops=1)
Planning time: 1.022 ms
Execution time: 39737.831 ms
