Hash Join  (cost=327432.30..1061947.79 rows=17969260 width=0) (actual time=7251.133..53846.690 rows=142340627 loops=1)
  Hash Cond: (mi.movie_id = t.id)
  ->  Seq Scan on movie_info mi  (cost=0.00..346232.03 rows=13926693 width=4) (actual time=0.010..6695.999 rows=13963496 loops=1)
        Filter: (info_type_id < 98)
        Rows Removed by Filter: 872224
  ->  Hash  (cost=273906.11..273906.11 rows=3262495 width=8) (actual time=7248.411..7248.411 rows=3119644 loops=1)
        Buckets: 131072  Batches: 64  Memory Usage: 2990kB
        ->  Hash Join  (cost=104818.80..273906.11 rows=3262495 width=8) (actual time=1953.317..6303.741 rows=3119644 loops=1)
              Hash Cond: (mk.movie_id = t.id)
              ->  Seq Scan on movie_keyword mk  (cost=0.00..81003.12 rows=3636848 width=4) (actual time=0.027..1567.756 rows=3630606 loops=1)
                    Filter: (keyword_id < 20630)
                    Rows Removed by Filter: 893324
              ->  Hash  (cost=67604.59..67604.59 rows=2268257 width=4) (actual time=1952.470..1952.470 rows=2261229 loops=1)
                    Buckets: 131072  Batches: 32  Memory Usage: 3520kB
                    ->  Seq Scan on title t  (cost=0.00..67604.59 rows=2268257 width=4) (actual time=0.020..1205.251 rows=2261229 loops=1)
                          Filter: (production_year > 1954)
                          Rows Removed by Filter: 267083
Planning time: 1.178 ms
Execution time: 69942.286 ms
