Seq Scan on movie_keyword mk  (cost=0.00..81003.12 rows=3490359 width=0) (actual time=0.018..1462.672 rows=3485041 loops=1)
  Filter: (keyword_id < 17069)
  Rows Removed by Filter: 1038889
Planning time: 0.320 ms
Execution time: 1884.335 ms
