Hash Join  (cost=87162.74..154139.80 rows=127530 width=0) (actual time=1655.818..2637.607 rows=69943 loops=1)
  Hash Cond: (mc.movie_id = t.id)
  ->  Seq Scan on movie_companies mc  (cost=0.00..57926.93 rows=399687 width=4) (actual time=0.014..790.742 rows=81158 loops=1)
        Filter: ((company_id > 28115) AND (company_type_id = 1))
        Rows Removed by Filter: 2527971
  ->  Hash  (cost=73925.90..73925.90 rows=806787 width=4) (actual time=1654.991..1654.991 rows=843018 loops=1)
        Buckets: 131072  Batches: 16  Memory Usage: 2879kB
        ->  Seq Scan on title t  (cost=0.00..73925.90 rows=806787 width=4) (actual time=0.021..1084.052 rows=843018 loops=1)
              Filter: ((kind_id < 7) AND (production_year < 2011))
              Rows Removed by Filter: 1685294
Planning time: 0.760 ms
Execution time: 2646.051 ms
