Seq Scan on cast_info ci  (cost=0.00..796071.18 rows=276 width=0) (actual time=4762.602..12639.428 rows=1 loops=1)
  Filter: ((role_id < 3) AND (person_id = 625557))
  Rows Removed by Filter: 36244343
Planning time: 0.387 ms
Execution time: 12639.524 ms
