Hash Join  (cost=421655.37..476348.11 rows=2721 width=0) (actual time=6155.048..7265.602 rows=20483 loops=1)
  Hash Cond: (mc.movie_id = t.id)
  ->  Seq Scan on movie_companies mc  (cost=0.00..44881.29 rows=2609129 width=4) (actual time=0.014..620.342 rows=2609129 loops=1)
  ->  Hash  (cost=421622.41..421622.41 rows=2637 width=8) (actual time=6154.206..6154.206 rows=1380 loops=1)
        Buckets: 4096  Batches: 1  Memory Usage: 86kB
        ->  Hash Join  (cost=73702.75..421622.41 rows=2637 width=8) (actual time=4593.832..6153.636 rows=1380 loops=1)
              Hash Cond: (mi.movie_id = t.id)
              ->  Seq Scan on movie_info mi  (cost=0.00..346232.03 rows=17937 width=4) (actual time=3012.918..4514.545 rows=5576 loops=1)
                    Filter: (info_type_id = 50)
                    Rows Removed by Filter: 14830144
              ->  Hash  (cost=67604.59..67604.59 rows=371693 width=4) (actual time=1140.625..1140.625 rows=366430 loops=1)
                    Buckets: 131072  Batches: 8  Memory Usage: 2633kB
                    ->  Seq Scan on title t  (cost=0.00..67604.59 rows=371693 width=4) (actual time=0.030..1017.506 rows=366430 loops=1)
                          Filter: (production_year < 1970)
                          Rows Removed by Filter: 2161882
Planning time: 1.107 ms
Execution time: 7268.950 ms
