Nested Loop  (cost=0.43..797957.66 rows=224 width=0) (actual time=2375.322..12683.947 rows=39 loops=1)
  ->  Seq Scan on cast_info ci  (cost=0.00..796071.18 rows=224 width=4) (actual time=2375.222..12681.349 rows=39 loops=1)
        Filter: ((role_id > 2) AND (person_id = 1304281))
        Rows Removed by Filter: 36244305
  ->  Index Only Scan using title_pkey on title t  (cost=0.43..8.41 rows=1 width=4) (actual time=0.064..0.064 rows=1 loops=39)
        Index Cond: (id = ci.movie_id)
        Heap Fetches: 39
Planning time: 0.748 ms
Execution time: 12684.037 ms
