Hash Join  (cost=73994.33..438969.35 rows=31909 width=0) (actual time=1074.931..8023.488 rows=35292 loops=1)
  Hash Cond: (mi.movie_id = t.id)
  ->  Seq Scan on movie_info mi  (cost=0.00..309384.22 rows=14739122 width=4) (actual time=0.019..3843.654 rows=14835720 loops=1)
  ->  Hash  (cost=73925.90..73925.90 rows=5474 width=4) (actual time=1074.549..1074.549 rows=5206 loops=1)
        Buckets: 8192  Batches: 1  Memory Usage: 248kB
        ->  Seq Scan on title t  (cost=0.00..73925.90 rows=5474 width=4) (actual time=8.836..1071.955 rows=5206 loops=1)
              Filter: ((kind_id > 1) AND (production_year = 1955))
              Rows Removed by Filter: 2523106
Planning time: 0.767 ms
Execution time: 8029.002 ms
