Seq Scan on movie_keyword mk  (cost=0.00..81003.12 rows=3580638 width=0) (actual time=0.031..1400.201 rows=3569709 loops=1)
  Filter: (keyword_id < 19877)
  Rows Removed by Filter: 954221
Planning time: 0.404 ms
Execution time: 1850.018 ms
