Hash Join  (cost=83074.74..476813.70 rows=1232 width=0) (actual time=1194.306..8340.506 rows=109104 loops=1)
  Hash Cond: (mi.movie_id = t.id)
  ->  Seq Scan on movie_info mi  (cost=0.00..346232.03 rows=12665229 width=4) (actual time=0.018..5266.171 rows=12744652 loops=1)
        Filter: (info_type_id > 2)
        Rows Removed by Filter: 2091068
  ->  Hash  (cost=83071.67..83071.67 rows=246 width=8) (actual time=1193.712..1193.712 rows=2750 loops=1)
        Buckets: 4096 (originally 1024)  Batches: 1 (originally 1)  Memory Usage: 140kB
        ->  Nested Loop  (cost=0.43..83071.67 rows=246 width=8) (actual time=1.084..1191.675 rows=2750 loops=1)
              ->  Seq Scan on movie_keyword mk  (cost=0.00..81003.12 rows=246 width=4) (actual time=0.033..1122.495 rows=2750 loops=1)
                    Filter: (keyword_id = 1074)
                    Rows Removed by Filter: 4521180
              ->  Index Only Scan using title_pkey on title t  (cost=0.43..8.40 rows=1 width=4) (actual time=0.024..0.024 rows=1 loops=2750)
                    Index Cond: (id = mk.movie_id)
                    Heap Fetches: 2750
Planning time: 1.076 ms
Execution time: 8355.705 ms
