Seq Scan on cast_info ci  (cost=0.00..705507.15 rows=500 width=0) (actual time=2485.917..9727.821 rows=208 loops=1)
  Filter: (person_id = 3237679)
  Rows Removed by Filter: 36244136
Planning time: 0.378 ms
Execution time: 9727.948 ms
