Hash Join  (cost=953166.10..1485970.86 rows=3240293 width=0) (actual time=21791.281..36857.973 rows=7921078 loops=1)
  Hash Cond: (mi.movie_id = t.id)
  ->  Seq Scan on movie_info mi  (cost=0.00..309384.22 rows=14739122 width=4) (actual time=0.022..5370.860 rows=14835720 loops=1)
  ->  Hash  (cost=944045.61..944045.61 rows=555879 width=8) (actual time=21790.073..21790.073 rows=1011227 loops=1)
        Buckets: 131072 (originally 131072)  Batches: 16 (originally 8)  Memory Usage: 3475kB
        ->  Hash Join  (cost=71408.55..944045.61 rows=555879 width=8) (actual time=2661.428..21460.699 rows=1011227 loops=1)
              Hash Cond: (ci.movie_id = t.id)
              ->  Seq Scan on cast_info ci  (cost=0.00..796071.18 rows=6062691 width=4) (actual time=1576.763..14348.234 rows=12353354 loops=1)
                    Filter: ((person_id < 1693053) AND (role_id = 1))
                    Rows Removed by Filter: 23890990
              ->  Hash  (cost=67604.59..67604.59 rows=231837 width=4) (actual time=1083.852..1083.852 rows=231649 loops=1)
                    Buckets: 131072  Batches: 4  Memory Usage: 3076kB
                    ->  Seq Scan on title t  (cost=0.00..67604.59 rows=231837 width=4) (actual time=0.027..1005.392 rows=231649 loops=1)
                          Filter: (production_year > 2011)
                          Rows Removed by Filter: 2296663
Planning time: 1.148 ms
Execution time: 37802.318 ms
