Hash Join  (cost=237713.69..1222498.52 rows=9790699 width=0) (actual time=6520.010..29846.029 rows=23539942 loops=1)
  Hash Cond: (ci.movie_id = t.id)
  ->  Seq Scan on cast_info ci  (cost=0.00..705507.15 rows=13600737 width=4) (actual time=1430.006..12084.366 rows=13759334 loops=1)
        Filter: (person_id > 2293359)
        Rows Removed by Filter: 22485010
  ->  Hash  (cost=207850.20..207850.20 rows=1820199 width=8) (actual time=5088.919..5088.919 rows=1812832 loops=1)
        Buckets: 131072  Batches: 32  Memory Usage: 3199kB
        ->  Hash Join  (cost=102767.86..207850.20 rows=1820199 width=8) (actual time=1782.774..4590.675 rows=1812832 loops=1)
              Hash Cond: (mc.movie_id = t.id)
              ->  Seq Scan on movie_companies mc  (cost=0.00..51404.11 rows=1820199 width=4) (actual time=0.035..991.527 rows=1812832 loops=1)
                    Filter: (company_id < 30933)
                    Rows Removed by Filter: 796297
              ->  Hash  (cost=61283.27..61283.27 rows=2528527 width=4) (actual time=1781.701..1781.701 rows=2528312 loops=1)
                    Buckets: 131072  Batches: 64  Memory Usage: 2415kB
                    ->  Seq Scan on title t  (cost=0.00..61283.27 rows=2528527 width=4) (actual time=0.024..924.098 rows=2528312 loops=1)
Planning time: 1.099 ms
Execution time: 32299.052 ms
