Hash Join  (cost=365418.15..1895481.51 rows=37197506 width=0) (actual time=8831.083..59318.326 rows=88108456 loops=1)
  Hash Cond: (ci.movie_id = t.id)
  ->  Seq Scan on cast_info ci  (cost=0.00..796071.18 rows=20790529 width=4) (actual time=0.018..15998.631 rows=19853627 loops=1)
        Filter: ((person_id > 1209520) AND (role_id < 10))
        Rows Removed by Filter: 16390717
  ->  Hash  (cost=291197.02..291197.02 rows=4523930 width=8) (actual time=8830.088..8830.088 rows=4523930 loops=1)
        Buckets: 131072  Batches: 64  Memory Usage: 3816kB
        ->  Hash Join  (cost=102767.86..291197.02 rows=4523930 width=8) (actual time=2877.499..7700.317 rows=4523930 loops=1)
              Hash Cond: (mk.movie_id = t.id)
              ->  Seq Scan on movie_keyword mk  (cost=0.00..69693.30 rows=4523930 width=4) (actual time=0.024..1371.408 rows=4523930 loops=1)
              ->  Hash  (cost=61283.27..61283.27 rows=2528527 width=4) (actual time=2876.630..2876.630 rows=2528312 loops=1)
                    Buckets: 131072  Batches: 64  Memory Usage: 2425kB
                    ->  Seq Scan on title t  (cost=0.00..61283.27 rows=2528527 width=4) (actual time=0.012..949.254 rows=2528312 loops=1)
Planning time: 1.071 ms
Execution time: 68525.279 ms
