Hash Join  (cost=225270.24..380764.36 rows=2351506 width=0) (actual time=6800.725..16300.318 rows=21722724 loops=1)
  Hash Cond: (mk.movie_id = t.id)
  ->  Seq Scan on movie_keyword mk  (cost=0.00..81003.12 rows=3453587 width=4) (actual time=0.016..1630.427 rows=3442627 loops=1)
        Filter: (keyword_id > 1086)
        Rows Removed by Filter: 1081303
  ->  Hash  (cost=197023.69..197023.69 rows=1721644 width=8) (actual time=6799.882..6799.882 rows=1954214 loops=1)
        Buckets: 131072  Batches: 32  Memory Usage: 3445kB
        ->  Hash Join  (cost=94978.31..197023.69 rows=1721644 width=8) (actual time=2695.153..6188.078 rows=1954214 loops=1)
              Hash Cond: (mc.movie_id = t.id)
              ->  Seq Scan on movie_companies mc  (cost=0.00..44881.29 rows=2609129 width=4) (actual time=0.018..830.432 rows=2609129 loops=1)
              ->  Hash  (cost=67604.59..67604.59 rows=1668458 width=4) (actual time=2694.471..2694.471 rows=1671292 loops=1)
                    Buckets: 131072  Batches: 32  Memory Usage: 2858kB
                    ->  Seq Scan on title t  (cost=0.00..67604.59 rows=1668458 width=4) (actual time=0.010..1326.757 rows=1671292 loops=1)
                          Filter: (production_year < 2008)
                          Rows Removed by Filter: 857020
Planning time: 1.191 ms
Execution time: 18721.054 ms
