Seq Scan on cast_info ci  (cost=0.00..705507.15 rows=500 width=0) (actual time=1298.350..10719.350 rows=13 loops=1)
  Filter: (person_id = 2395179)
  Rows Removed by Filter: 36244331
Planning time: 0.398 ms
Execution time: 10719.471 ms
