Hash Join  (cost=181070.30..989506.94 rows=134840 width=0) (actual time=7855.131..16765.827 rows=1171633 loops=1)
  Hash Cond: (ci.movie_id = t.id)
  ->  Seq Scan on cast_info ci  (cost=0.00..796071.18 rows=810684 width=4) (actual time=3691.041..11051.183 rows=2786655 loops=1)
        Filter: ((person_id > 2975736) AND (role_id = 10))
        Rows Removed by Filter: 33457689
  ->  Hash  (cost=174170.20..174170.20 rows=420568 width=8) (actual time=4163.153..4163.153 rows=425127 loops=1)
        Buckets: 131072  Batches: 8  Memory Usage: 3116kB
        ->  Hash Join  (cost=102767.86..174170.20 rows=420568 width=8) (actual time=1692.947..4032.060 rows=425127 loops=1)
              Hash Cond: (mc.movie_id = t.id)
              ->  Seq Scan on movie_companies mc  (cost=0.00..51404.11 rows=420568 width=4) (actual time=0.032..736.143 rows=425127 loops=1)
                    Filter: (company_id > 79698)
                    Rows Removed by Filter: 2184002
              ->  Hash  (cost=61283.27..61283.27 rows=2528527 width=4) (actual time=1691.683..1691.683 rows=2528312 loops=1)
                    Buckets: 131072  Batches: 64  Memory Usage: 2415kB
                    ->  Seq Scan on title t  (cost=0.00..61283.27 rows=2528527 width=4) (actual time=0.035..850.862 rows=2528312 loops=1)
Planning time: 1.150 ms
Execution time: 16889.598 ms
