Hash Join  (cost=156928.95..257755.54 rows=189369 width=0) (actual time=3138.537..5177.689 rows=635350 loops=1)
  Hash Cond: (mk.movie_id = t.id)
  ->  Seq Scan on movie_keyword mk  (cost=0.00..81003.12 rows=1438073 width=4) (actual time=0.022..1284.649 rows=1456462 loops=1)
        Filter: (keyword_id < 2053)
        Rows Removed by Filter: 3067468
  ->  Hash  (cost=151465.91..151465.91 rows=332963 width=8) (actual time=3137.601..3137.601 rows=311789 loops=1)
        Buckets: 131072  Batches: 8  Memory Usage: 2548kB
        ->  Hash Join  (cost=82423.69..151465.91 rows=332963 width=8) (actual time=1510.945..3041.712 rows=311789 loops=1)
              Hash Cond: (mc.movie_id = t.id)
              ->  Seq Scan on movie_companies mc  (cost=0.00..51404.11 rows=932129 width=4) (actual time=0.015..835.140 rows=940517 loops=1)
                    Filter: (company_id > 19008)
                    Rows Removed by Filter: 1668612
              ->  Hash  (cost=67604.59..67604.59 rows=903208 width=4) (actual time=1509.967..1509.967 rows=904491 loops=1)
                    Buckets: 131072  Batches: 16  Memory Usage: 3010kB
                    ->  Seq Scan on title t  (cost=0.00..67604.59 rows=903208 width=4) (actual time=0.020..941.506 rows=904491 loops=1)
                          Filter: (production_year > 2006)
                          Rows Removed by Filter: 1623821
Planning time: 3.253 ms
Execution time: 5244.990 ms
