Hash Join  (cost=99217.91..1156601.66 rows=9465042 width=0) (actual time=2188.431..24020.541 rows=6451458 loops=1)
  Hash Cond: (ci.movie_id = t.id)
  ->  Seq Scan on cast_info ci  (cost=0.00..796071.18 rows=12420229 width=4) (actual time=0.035..15134.908 rows=7692729 loops=1)
        Filter: ((person_id < 2842400) AND (role_id > 2))
        Rows Removed by Filter: 28551615
  ->  Hash  (cost=67604.59..67604.59 rows=1926906 width=4) (actual time=2187.065..2187.065 rows=1918028 loops=1)
        Buckets: 131072  Batches: 32  Memory Usage: 3139kB
        ->  Seq Scan on title t  (cost=0.00..67604.59 rows=1926906 width=4) (actual time=0.022..1274.635 rows=1918028 loops=1)
              Filter: (production_year > 1981)
              Rows Removed by Filter: 610284
Planning time: 0.766 ms
Execution time: 24796.625 ms
