Seq Scan on movie_companies mc  (cost=0.00..51404.11 rows=1295692 width=0) (actual time=0.018..808.333 rows=1304829 loops=1)
  Filter: (company_id > 11313)
  Rows Removed by Filter: 1304300
Planning time: 0.231 ms
Execution time: 968.895 ms
