Hash Join  (cost=83073.10..137739.29 rows=67 width=0) (actual time=1196.614..2076.341 rows=11000 loops=1)
  Hash Cond: (mc.movie_id = t.id)
  ->  Seq Scan on movie_companies mc  (cost=0.00..44881.29 rows=2609129 width=4) (actual time=0.017..524.142 rows=2609129 loops=1)
  ->  Hash  (cost=83072.29..83072.29 rows=65 width=8) (actual time=1045.835..1045.835 rows=900 loops=1)
        Buckets: 1024  Batches: 1  Memory Usage: 44kB
        ->  Nested Loop  (cost=0.43..83072.29 rows=65 width=8) (actual time=2.967..1045.244 rows=900 loops=1)
              ->  Seq Scan on movie_keyword mk  (cost=0.00..81003.12 rows=246 width=4) (actual time=2.922..1014.300 rows=1042 loops=1)
                    Filter: (keyword_id = 6933)
                    Rows Removed by Filter: 4522888
              ->  Index Scan using title_pkey on title t  (cost=0.43..8.40 rows=1 width=4) (actual time=0.028..0.029 rows=1 loops=1042)
                    Index Cond: (id = mk.movie_id)
                    Filter: (kind_id = 1)
                    Rows Removed by Filter: 0
Planning time: 1.154 ms
Execution time: 2078.057 ms
