Seq Scan on movie_companies mc  (cost=0.00..57926.93 rows=900461 width=0) (actual time=82.891..1025.846 rows=1210709 loops=1)
  Filter: ((company_id < 32888) AND (company_type_id < 2))
  Rows Removed by Filter: 1398420
Planning time: 0.300 ms
Execution time: 1178.400 ms
