Hash Join  (cost=74626.82..871198.08 rows=2792 width=0) (actual time=9314.309..11420.508 rows=1669 loops=1)
  Hash Cond: (ci.movie_id = t.id)
  ->  Seq Scan on cast_info ci  (cost=0.00..796071.18 rows=125909 width=4) (actual time=8297.234..10311.456 rows=50425 loops=1)
        Filter: ((person_id < 1282505) AND (role_id = 11))
        Rows Removed by Filter: 36193919
  ->  Hash  (cost=73925.90..73925.90 rows=56073 width=4) (actual time=1015.722..1015.722 rows=180127 loops=1)
        Buckets: 131072 (originally 65536)  Batches: 4 (originally 1)  Memory Usage: 3073kB
        ->  Seq Scan on title t  (cost=0.00..73925.90 rows=56073 width=4) (actual time=0.025..944.371 rows=180127 loops=1)
              Filter: ((production_year < 1957) AND (kind_id = 1))
              Rows Removed by Filter: 2348185
Planning time: 0.786 ms
Execution time: 11420.849 ms
