Hash Join  (cost=92883.59..176067.36 rows=620032 width=0) (actual time=1618.675..3316.183 rows=82819 loops=1)
  Hash Cond: (mc.movie_id = t.id)
  ->  Seq Scan on movie_companies mc  (cost=0.00..57926.93 rows=1017503 width=4) (actual time=125.744..964.657 rows=882019 loops=1)
        Filter: ((company_id > 518) AND (company_type_id < 2))
        Rows Removed by Filter: 1727110
  ->  Hash  (cost=67604.59..67604.59 rows=1540800 width=4) (actual time=1491.948..1491.948 rows=1543264 loops=1)
        Buckets: 131072  Batches: 32  Memory Usage: 2722kB
        ->  Seq Scan on title t  (cost=0.00..67604.59 rows=1540800 width=4) (actual time=0.040..1008.022 rows=1543264 loops=1)
              Filter: (kind_id = 7)
              Rows Removed by Filter: 985048
Planning time: 0.723 ms
Execution time: 3326.962 ms
