Seq Scan on movie_keyword mk  (cost=0.00..81003.12 rows=837257 width=0) (actual time=0.072..1240.301 rows=842817 loops=1)
  Filter: (keyword_id > 21774)
  Rows Removed by Filter: 3681113
Planning time: 0.304 ms
Execution time: 1346.766 ms
