Seq Scan on movie_companies mc  (cost=0.00..51404.11 rows=1922691 width=0) (actual time=0.037..879.918 rows=1916094 loops=1)
  Filter: (company_id < 46748)
  Rows Removed by Filter: 693035
Planning time: 0.298 ms
Execution time: 1108.624 ms
