Hash Join  (cost=52284.99..416946.98 rows=606 width=0) (actual time=707.341..6942.074 rows=27380 loops=1)
  Hash Cond: (mi.movie_id = t.id)
  ->  Seq Scan on movie_info mi  (cost=0.00..309384.22 rows=14739122 width=4) (actual time=0.027..3530.880 rows=14835720 loops=1)
  ->  Hash  (cost=52283.69..52283.69 rows=104 width=8) (actual time=707.176..707.176 rows=1391 loops=1)
        Buckets: 2048 (originally 1024)  Batches: 1 (originally 1)  Memory Usage: 71kB
        ->  Nested Loop  (cost=0.43..52283.69 rows=104 width=8) (actual time=95.258..706.294 rows=1391 loops=1)
              ->  Seq Scan on movie_companies mc  (cost=0.00..51404.11 rows=104 width=4) (actual time=95.182..669.178 rows=1391 loops=1)
                    Filter: (company_id = 11313)
                    Rows Removed by Filter: 2607738
              ->  Index Only Scan using title_pkey on title t  (cost=0.43..8.45 rows=1 width=4) (actual time=0.026..0.026 rows=1 loops=1391)
                    Index Cond: (id = mc.movie_id)
                    Heap Fetches: 1391
Planning time: 1.038 ms
Execution time: 6946.385 ms
