Hash Join  (cost=1065896.49..1834374.34 rows=21874122 width=0) (actual time=24055.756..48036.999 rows=25648178 loops=1)
  Hash Cond: (mi.movie_id = t.id)
  ->  Seq Scan on movie_info mi  (cost=0.00..309384.22 rows=14739122 width=4) (actual time=0.020..5308.084 rows=14835720 loops=1)
  ->  Hash  (cost=1004330.60..1004330.60 rows=3752551 width=8) (actual time=24052.346..24052.346 rows=5609693 loops=1)
        Buckets: 131072 (originally 131072)  Batches: 128 (originally 64)  Memory Usage: 3073kB
        ->  Hash Join  (cost=98137.04..1004330.60 rows=3752551 width=8) (actual time=3551.059..21671.314 rows=5609693 loops=1)
              Hash Cond: (ci.movie_id = t.id)
              ->  Seq Scan on cast_info ci  (cost=0.00..796071.18 rows=5098574 width=4) (actual time=1815.191..12672.012 rows=7450182 loops=1)
                    Filter: ((person_id > 1061310) AND (role_id = 2))
                    Rows Removed by Filter: 28794162
              ->  Hash  (cost=67604.59..67604.59 rows=1860996 width=4) (actual time=1734.816..1734.816 rows=1865487 loops=1)
                    Buckets: 131072  Batches: 32  Memory Usage: 3079kB
                    ->  Seq Scan on title t  (cost=0.00..67604.59 rows=1860996 width=4) (actual time=0.027..1138.209 rows=1865487 loops=1)
                          Filter: (kind_id > 1)
                          Rows Removed by Filter: 662825
Planning time: 1.118 ms
Execution time: 50965.199 ms
