Seq Scan on cast_info ci  (cost=0.00..796071.18 rows=2412076 width=0) (actual time=4772.356..15269.830 rows=2728943 loops=1)
  Filter: ((person_id < 3268430) AND (role_id = 4))
  Rows Removed by Filter: 33515401
Planning time: 0.515 ms
Execution time: 15601.216 ms
