Hash Join  (cost=95402.93..177065.44 rows=662 width=0) (actual time=1408.562..2753.027 rows=3267 loops=1)
  Hash Cond: (mk.movie_id = t.id)
  ->  Seq Scan on movie_keyword mk  (cost=0.00..81003.12 rows=174072 width=4) (actual time=0.017..1294.443 rows=188777 loops=1)
        Filter: (keyword_id < 137)
        Rows Removed by Filter: 4335153
  ->  Hash  (cost=95282.82..95282.82 rows=9609 width=8) (actual time=1406.379..1406.379 rows=11519 loops=1)
        Buckets: 16384  Batches: 1  Memory Usage: 578kB
        ->  Hash Join  (cost=68257.79..95282.82 rows=9609 width=8) (actual time=854.746..1401.054 rows=11519 loops=1)
              Hash Cond: (mi_idx.movie_id = t.id)
              ->  Seq Scan on movie_info_idx mi_idx  (cost=0.00..25185.44 rows=464934 width=4) (actual time=0.021..392.942 rows=460185 loops=1)
                    Filter: (info_type_id > 100)
                    Rows Removed by Filter: 919850
              ->  Hash  (cost=67604.59..67604.59 rows=52256 width=4) (actual time=854.349..854.349 rows=53013 loops=1)
                    Buckets: 65536  Batches: 1  Memory Usage: 2376kB
                    ->  Seq Scan on title t  (cost=0.00..67604.59 rows=52256 width=4) (actual time=0.020..832.225 rows=53013 loops=1)
                          Filter: (production_year = 2000)
                          Rows Removed by Filter: 2475299
Planning time: 1.074 ms
Execution time: 2753.927 ms
