Hash Join  (cost=182854.26..223388.79 rows=165605 width=0) (actual time=3762.827..5083.470 rows=745480 loops=1)
  Hash Cond: (mi_idx.movie_id = t.id)
  ->  Seq Scan on movie_info_idx mi_idx  (cost=0.00..21735.35 rows=1380035 width=4) (actual time=0.025..415.695 rows=1380035 loops=1)
  ->  Hash  (cost=177875.45..177875.45 rows=303425 width=8) (actual time=3761.975..3761.975 rows=443373 loops=1)
        Buckets: 131072 (originally 131072)  Batches: 8 (originally 4)  Memory Usage: 3181kB
        ->  Hash Join  (cost=102767.86..177875.45 rows=303425 width=8) (actual time=1931.851..3613.274 rows=443373 loops=1)
              Hash Cond: (mc.movie_id = t.id)
              ->  Seq Scan on movie_companies mc  (cost=0.00..57926.93 rows=303425 width=4) (actual time=0.024..858.261 rows=443373 loops=1)
                    Filter: ((company_id < 749) AND (company_type_id < 2))
                    Rows Removed by Filter: 2165756
              ->  Hash  (cost=61283.27..61283.27 rows=2528527 width=4) (actual time=1930.265..1930.265 rows=2528312 loops=1)
                    Buckets: 131072  Batches: 64  Memory Usage: 2415kB
                    ->  Seq Scan on title t  (cost=0.00..61283.27 rows=2528527 width=4) (actual time=0.007..1088.336 rows=2528312 loops=1)
Planning time: 1.105 ms
Execution time: 5180.737 ms
