Hash Join  (cost=112150.14..167137.88 rows=32223 width=0) (actual time=2186.806..3099.644 rows=37036 loops=1)
  Hash Cond: (mc.movie_id = t.id)
  ->  Seq Scan on movie_companies mc  (cost=0.00..44881.29 rows=2609129 width=4) (actual time=0.013..549.624 rows=2609129 loops=1)
  ->  Hash  (cost=111759.80..111759.80 rows=31227 width=8) (actual time=2014.124..2014.124 rows=14202 loops=1)
        Buckets: 32768  Batches: 1  Memory Usage: 811kB
        ->  Hash Join  (cost=75342.47..111759.80 rows=31227 width=8) (actual time=1532.675..2008.960 rows=14202 loops=1)
              Hash Cond: (mi_idx.movie_id = t.id)
              ->  Seq Scan on movie_info_idx mi_idx  (cost=0.00..25185.44 rows=915101 width=4) (actual time=0.016..480.215 rows=919850 loops=1)
                    Filter: (info_type_id < 101)
                    Rows Removed by Filter: 460185
              ->  Hash  (cost=73925.90..73925.90 rows=86285 width=4) (actual time=1190.094..1190.094 rows=92628 loops=1)
                    Buckets: 131072  Batches: 2  Memory Usage: 2653kB
                    ->  Seq Scan on title t  (cost=0.00..73925.90 rows=86285 width=4) (actual time=298.183..1155.611 rows=92628 loops=1)
                          Filter: ((kind_id = 7) AND (production_year = 2010))
                          Rows Removed by Filter: 2435684
Planning time: 1.164 ms
Execution time: 3104.563 ms
