Hash Join  (cost=917800.20..1411565.05 rows=1308192 width=0) (actual time=12328.289..23753.113 rows=1728017 loops=1)
  Hash Cond: (mi.movie_id = t.id)
  ->  Seq Scan on movie_info mi  (cost=0.00..309384.22 rows=14739122 width=4) (actual time=0.022..5062.394 rows=14835720 loops=1)
  ->  Hash  (cost=914117.91..914117.91 rows=224423 width=8) (actual time=12327.459..12327.459 rows=70799 loops=1)
        Buckets: 131072  Batches: 4  Memory Usage: 1717kB
        ->  Hash Join  (cost=102767.86..914117.91 rows=224423 width=8) (actual time=2608.155..12308.162 rows=70799 loops=1)
              Hash Cond: (ci.movie_id = t.id)
              ->  Seq Scan on cast_info ci  (cost=0.00..796071.18 rows=224423 width=4) (actual time=834.487..10174.213 rows=70799 loops=1)
                    Filter: ((person_id < 131727) AND (role_id > 8))
                    Rows Removed by Filter: 36173545
              ->  Hash  (cost=61283.27..61283.27 rows=2528527 width=4) (actual time=1771.449..1771.449 rows=2528312 loops=1)
                    Buckets: 131072  Batches: 64  Memory Usage: 2415kB
                    ->  Seq Scan on title t  (cost=0.00..61283.27 rows=2528527 width=4) (actual time=0.027..949.712 rows=2528312 loops=1)
Planning time: 4.049 ms
Execution time: 23969.955 ms
