Hash Join  (cost=179974.31..316636.98 rows=1203263 width=0) (actual time=4692.990..14254.723 rows=26663953 loops=1)
  Hash Cond: (mk.movie_id = t.id)
  ->  Seq Scan on movie_keyword mk  (cost=0.00..69693.30 rows=4523930 width=4) (actual time=0.019..1390.904 rows=4523930 loops=1)
  ->  Hash  (cost=168939.68..168939.68 rows=672531 width=8) (actual time=4691.941..4691.941 rows=1460112 loops=1)
        Buckets: 131072 (originally 131072)  Batches: 32 (originally 16)  Memory Usage: 3073kB
        ->  Hash Join  (cost=84618.84..168939.68 rows=672531 width=8) (actual time=1540.097..4274.804 rows=1460112 loops=1)
              Hash Cond: (mc.movie_id = t.id)
              ->  Seq Scan on movie_companies mc  (cost=0.00..44881.29 rows=2609129 width=4) (actual time=0.013..921.433 rows=2609129 loops=1)
              ->  Hash  (cost=73925.90..73925.90 rows=651755 width=4) (actual time=1538.900..1538.900 rows=711179 loops=1)
                    Buckets: 131072  Batches: 16  Memory Usage: 2590kB
                    ->  Seq Scan on title t  (cost=0.00..73925.90 rows=651755 width=4) (actual time=0.023..1310.008 rows=711179 loops=1)
                          Filter: ((kind_id < 7) AND (production_year < 2008))
                          Rows Removed by Filter: 1817133
Planning time: 1.195 ms
Execution time: 16925.877 ms
