Seq Scan on movie_keyword mk  (cost=0.00..81003.12 rows=498316 width=0) (actual time=0.015..1176.513 rows=492372 loops=1)
  Filter: (keyword_id > 36605)
  Rows Removed by Filter: 4031558
Planning time: 0.271 ms
Execution time: 1237.108 ms
