Seq Scan on movie_companies mc  (cost=0.00..51404.11 rows=784962 width=0) (actual time=0.026..720.666 rows=793412 loops=1)
  Filter: (company_id > 31385)
  Rows Removed by Filter: 1815717
Planning time: 0.306 ms
Execution time: 820.511 ms
