Seq Scan on cast_info ci  (cost=0.00..796071.18 rows=4652360 width=0) (actual time=5744.191..11806.910 rows=7235257 loops=1)
  Filter: ((person_id > 2944897) AND (role_id > 1))
  Rows Removed by Filter: 29009087
Planning time: 0.355 ms
Execution time: 12727.982 ms
