Hash Join  (cost=73953.78..448390.44 rows=6618 width=0) (actual time=1756.677..7340.921 rows=12531 loops=1)
  Hash Cond: (mi.movie_id = t.id)
  ->  Seq Scan on movie_info mi  (cost=0.00..346232.03 rows=7503588 width=4) (actual time=704.816..5246.856 rows=7548855 loops=1)
        Filter: (info_type_id > 7)
        Rows Removed by Filter: 7286865
  ->  Hash  (cost=73925.90..73925.90 rows=2230 width=4) (actual time=928.356..928.356 rows=2493 loops=1)
        Buckets: 4096  Batches: 1  Memory Usage: 120kB
        ->  Seq Scan on title t  (cost=0.00..73925.90 rows=2230 width=4) (actual time=281.111..927.025 rows=2493 loops=1)
              Filter: ((kind_id < 3) AND (production_year = 1934))
              Rows Removed by Filter: 2525819
Planning time: 0.698 ms
Execution time: 7343.455 ms
