Hash Join  (cost=125781.74..490444.71 rows=705 width=0) (actual time=1595.589..7092.029 rows=1213 loops=1)
  Hash Cond: (mi.movie_id = t.id)
  ->  Seq Scan on movie_info mi  (cost=0.00..309384.22 rows=14739122 width=4) (actual time=0.029..3044.927 rows=14835720 loops=1)
  ->  Hash  (cost=125780.22..125780.22 rows=121 width=8) (actual time=1594.401..1594.401 rows=98 loops=1)
        Buckets: 1024  Batches: 1  Memory Usage: 12kB
        ->  Hash Join  (cost=67697.55..125780.22 rows=121 width=8) (actual time=931.711..1594.334 rows=98 loops=1)
              Hash Cond: (mc.movie_id = t.id)
              ->  Seq Scan on movie_companies mc  (cost=0.00..57926.93 rows=41208 width=4) (actual time=0.205..667.758 rows=17551 loops=1)
                    Filter: ((company_id < 19) AND (company_type_id = 2))
                    Rows Removed by Filter: 2591578
              ->  Hash  (cost=67604.59..67604.59 rows=7437 width=4) (actual time=920.702..920.702 rows=14038 loops=1)
                    Buckets: 16384 (originally 8192)  Batches: 1 (originally 1)  Memory Usage: 622kB
                    ->  Seq Scan on title t  (cost=0.00..67604.59 rows=7437 width=4) (actual time=0.248..913.981 rows=14038 loops=1)
                          Filter: (production_year = 1977)
                          Rows Removed by Filter: 2514274
Planning time: 1.181 ms
Execution time: 7092.540 ms
