Seq Scan on movie_keyword mk  (cost=0.00..81003.12 rows=246 width=0) (actual time=76.413..1194.705 rows=22 loops=1)
  Filter: (keyword_id = 48374)
  Rows Removed by Filter: 4523908
Planning time: 3.088 ms
Execution time: 1194.865 ms
