Hash Join  (cost=250065.58..760889.77 rows=4982799 width=0) (actual time=6167.487..16713.594 rows=2002787 loops=1)
  Hash Cond: (mi.movie_id = t.id)
  ->  Seq Scan on movie_info mi  (cost=0.00..346232.03 rows=9476311 width=4) (actual time=845.973..6751.962 rows=9565151 loops=1)
        Filter: (info_type_id < 16)
        Rows Removed by Filter: 5270569
  ->  Hash  (cost=228252.32..228252.32 rows=1329541 width=8) (actual time=5196.374..5196.374 rows=340765 loops=1)
        Buckets: 131072  Batches: 32  Memory Usage: 1460kB
        ->  Hash Join  (cost=89649.84..228252.32 rows=1329541 width=8) (actual time=3279.215..5099.451 rows=340765 loops=1)
              Hash Cond: (mk.movie_id = t.id)
              ->  Seq Scan on movie_keyword mk  (cost=0.00..81003.12 rows=3507718 width=4) (actual time=0.021..1670.300 rows=3502351 loops=1)
                    Filter: (keyword_id > 994)
                    Rows Removed by Filter: 1021579
              ->  Hash  (cost=73925.90..73925.90 rows=958395 width=4) (actual time=1727.127..1727.127 rows=1050192 loops=1)
                    Buckets: 131072  Batches: 16  Memory Usage: 3346kB
                    ->  Seq Scan on title t  (cost=0.00..73925.90 rows=958395 width=4) (actual time=0.021..1382.493 rows=1050192 loops=1)
                          Filter: ((production_year > 1996) AND (kind_id = 7))
                          Rows Removed by Filter: 1478120
Planning time: 1.521 ms
Execution time: 16930.943 ms
