Nested Loop  (cost=0.43..52284.21 rows=1 width=0) (actual time=258.545..733.492 rows=4 loops=1)
  ->  Seq Scan on movie_companies mc  (cost=0.00..51404.11 rows=104 width=4) (actual time=50.348..718.404 rows=391 loops=1)
        Filter: (company_id = 2540)
        Rows Removed by Filter: 2608738
  ->  Index Scan using title_pkey on title t  (cost=0.43..8.45 rows=1 width=4) (actual time=0.038..0.038 rows=0 loops=391)
        Index Cond: (id = mc.movie_id)
        Filter: ((production_year > 2007) AND (kind_id = 4))
        Rows Removed by Filter: 1
Planning time: 0.786 ms
Execution time: 733.583 ms
