Hash Join  (cost=214136.09..301756.36 rows=505298 width=0) (actual time=3863.289..7168.361 rows=3993937 loops=1)
  Hash Cond: (mc.movie_id = t.id)
  ->  Seq Scan on movie_companies mc  (cost=0.00..51404.11 rows=2524047 width=4) (actual time=0.021..1064.637 rows=2524016 loops=1)
        Filter: (company_id < 166769)
        Rows Removed by Filter: 85113
  ->  Hash  (cost=205830.65..205830.65 rows=506195 width=8) (actual time=3848.883..3848.883 rows=498023 loops=1)
        Buckets: 131072  Batches: 8  Memory Usage: 3485kB
        ->  Hash Join  (cost=102767.86..205830.65 rows=506195 width=8) (actual time=1741.202..3691.964 rows=498023 loops=1)
              Hash Cond: (mk.movie_id = t.id)
              ->  Seq Scan on movie_keyword mk  (cost=0.00..81003.12 rows=506195 width=4) (actual time=0.040..1138.717 rows=498023 loops=1)
                    Filter: (keyword_id > 36219)
                    Rows Removed by Filter: 4025907
              ->  Hash  (cost=61283.27..61283.27 rows=2528527 width=4) (actual time=1739.729..1739.729 rows=2528312 loops=1)
                    Buckets: 131072  Batches: 64  Memory Usage: 2425kB
                    ->  Seq Scan on title t  (cost=0.00..61283.27 rows=2528527 width=4) (actual time=0.013..897.833 rows=2528312 loops=1)
Planning time: 1.078 ms
Execution time: 7656.694 ms
