Hash Join  (cost=102767.86..993002.09 rows=3502711 width=0) (actual time=12187.210..14375.180 rows=2828 loops=1)
  Hash Cond: (ci.movie_id = t.id)
  ->  Seq Scan on cast_info ci  (cost=0.00..796071.18 rows=3502711 width=4) (actual time=16.511..12371.279 rows=2828 loops=1)
        Filter: ((person_id < 1706095) AND (role_id = 2))
        Rows Removed by Filter: 36241516
  ->  Hash  (cost=61283.27..61283.27 rows=2528527 width=4) (actual time=1644.559..1644.559 rows=2528312 loops=1)
        Buckets: 131072  Batches: 64  Memory Usage: 2415kB
        ->  Seq Scan on title t  (cost=0.00..61283.27 rows=2528527 width=4) (actual time=0.020..860.510 rows=2528312 loops=1)
Planning time: 0.768 ms
Execution time: 14375.644 ms
