Seq Scan on cast_info ci  (cost=0.00..796071.18 rows=4281390 width=0) (actual time=0.016..9310.423 rows=1826957 loops=1)
  Filter: ((person_id < 630120) AND (role_id > 1))
  Rows Removed by Filter: 34417387
Planning time: 0.243 ms
Execution time: 9490.944 ms
