Seq Scan on cast_info ci  (cost=0.00..705507.15 rows=3679176 width=0) (actual time=103.242..9066.911 rows=3572283 loops=1)
  Filter: (person_id < 341388)
  Rows Removed by Filter: 32672061
Planning time: 0.234 ms
Execution time: 9402.004 ms
