Seq Scan on cast_info ci  (cost=0.00..796071.18 rows=11540727 width=0) (actual time=0.021..14194.499 rows=17920613 loops=1)
  Filter: ((person_id > 1822103) AND (role_id > 1))
  Rows Removed by Filter: 18323731
Planning time: 0.323 ms
Execution time: 16507.330 ms
