Hash Join  (cost=83074.74..137642.66 rows=82 width=0) (actual time=1313.295..2183.733 rows=22 loops=1)
  Hash Cond: (mc.movie_id = t.id)
  ->  Seq Scan on movie_companies mc  (cost=0.00..51404.11 rows=843461 width=4) (actual time=0.019..800.221 rows=838115 loops=1)
        Filter: (company_id < 2182)
        Rows Removed by Filter: 1771014
  ->  Hash  (cost=83071.67..83071.67 rows=246 width=8) (actual time=1261.358..1261.358 rows=8 loops=1)
        Buckets: 1024  Batches: 1  Memory Usage: 9kB
        ->  Nested Loop  (cost=0.43..83071.67 rows=246 width=8) (actual time=44.486..1261.339 rows=8 loops=1)
              ->  Seq Scan on movie_keyword mk  (cost=0.00..81003.12 rows=246 width=4) (actual time=44.422..1260.932 rows=8 loops=1)
                    Filter: (keyword_id = 38957)
                    Rows Removed by Filter: 4523922
              ->  Index Only Scan using title_pkey on title t  (cost=0.43..8.40 rows=1 width=4) (actual time=0.043..0.043 rows=1 loops=8)
                    Index Cond: (id = mk.movie_id)
                    Heap Fetches: 8
Planning time: 1.170 ms
Execution time: 2183.831 ms
