Hash Join  (cost=94699.36..154570.16 rows=829 width=0) (actual time=1354.368..2423.420 rows=11527 loops=1)
  Hash Cond: (mc.movie_id = t.id)
  ->  Seq Scan on movie_companies mc  (cost=0.00..57926.93 rows=516153 width=4) (actual time=0.011..937.834 rows=726703 loops=1)
        Filter: ((company_id < 6158) AND (company_type_id < 2))
        Rows Removed by Filter: 1882426
  ->  Hash  (cost=94648.62..94648.62 rows=4059 width=8) (actual time=1354.140..1354.140 rows=10523 loops=1)
        Buckets: 16384 (originally 4096)  Batches: 1 (originally 1)  Memory Usage: 540kB
        ->  Hash Join  (cost=67697.55..94648.62 rows=4059 width=8) (actual time=889.455..1350.838 rows=10523 loops=1)
              Hash Cond: (mi_idx.movie_id = t.id)
              ->  Seq Scan on movie_info_idx mi_idx  (cost=0.00..21735.35 rows=1380035 width=4) (actual time=0.011..212.087 rows=1380035 loops=1)
              ->  Hash  (cost=67604.59..67604.59 rows=7437 width=4) (actual time=885.860..885.860 rows=14601 loops=1)
                    Buckets: 16384 (originally 8192)  Batches: 1 (originally 1)  Memory Usage: 642kB
                    ->  Seq Scan on title t  (cost=0.00..67604.59 rows=7437 width=4) (actual time=0.027..879.158 rows=14601 loops=1)
                          Filter: (production_year = 1967)
                          Rows Removed by Filter: 2513711
Planning time: 0.687 ms
Execution time: 2425.378 ms
