Hash Join  (cost=796926.44..823837.16 rows=24 width=0) (actual time=10433.040..10943.229 rows=3 loops=1)
  Hash Cond: (mi_idx.movie_id = t.id)
  ->  Seq Scan on movie_info_idx mi_idx  (cost=0.00..21735.35 rows=1380035 width=4) (actual time=0.015..351.203 rows=1380035 loops=1)
  ->  Hash  (cost=796925.89..796925.89 rows=44 width=8) (actual time=10334.505..10334.505 rows=2 loops=1)
        Buckets: 1024  Batches: 1  Memory Usage: 9kB
        ->  Nested Loop  (cost=0.43..796925.89 rows=44 width=8) (actual time=2611.189..10334.455 rows=2 loops=1)
              ->  Seq Scan on cast_info ci  (cost=0.00..796071.18 rows=101 width=4) (actual time=2610.892..10334.124 rows=7 loops=1)
                    Filter: ((person_id = 2144259) AND (role_id = 2))
                    Rows Removed by Filter: 36244337
              ->  Index Scan using title_pkey on title t  (cost=0.43..8.45 rows=1 width=4) (actual time=0.036..0.036 rows=0 loops=7)
                    Index Cond: (id = ci.movie_id)
                    Filter: ((kind_id > 3) AND (production_year > 1993))
                    Rows Removed by Filter: 1
Planning time: 1.188 ms
Execution time: 10943.353 ms
