Hash Join  (cost=81720.25..1242148.04 rows=12326362 width=0) (actual time=1390.923..35325.487 rows=13235809 loops=1)
  Hash Cond: (ci.movie_id = t.id)
  ->  Seq Scan on cast_info ci  (cost=0.00..614943.12 rows=36225612 width=4) (actual time=0.011..12958.982 rows=36244344 loops=1)
  ->  Hash  (cost=67604.59..67604.59 rows=860373 width=4) (actual time=1389.920..1389.920 rows=854214 loops=1)
        Buckets: 131072  Batches: 16  Memory Usage: 2897kB
        ->  Seq Scan on title t  (cost=0.00..67604.59 rows=860373 width=4) (actual time=0.022..1128.564 rows=854214 loops=1)
              Filter: (kind_id < 4)
              Rows Removed by Filter: 1674098
Planning time: 0.746 ms
Execution time: 36841.986 ms
