Hash Join  (cost=83074.74..109989.30 rows=45 width=0) (actual time=1190.046..1662.684 rows=11 loops=1)
  Hash Cond: (mi_idx.movie_id = t.id)
  ->  Seq Scan on movie_info_idx mi_idx  (cost=0.00..25185.44 rows=460978 width=4) (actual time=0.016..417.761 rows=459925 loops=1)
        Filter: (info_type_id = 99)
        Rows Removed by Filter: 920110
  ->  Hash  (cost=83071.67..83071.67 rows=246 width=8) (actual time=1179.298..1179.298 rows=20 loops=1)
        Buckets: 1024  Batches: 1  Memory Usage: 9kB
        ->  Nested Loop  (cost=0.43..83071.67 rows=246 width=8) (actual time=134.837..1179.261 rows=20 loops=1)
              ->  Seq Scan on movie_keyword mk  (cost=0.00..81003.12 rows=246 width=4) (actual time=134.750..1178.228 rows=20 loops=1)
                    Filter: (keyword_id = 21490)
                    Rows Removed by Filter: 4523910
              ->  Index Only Scan using title_pkey on title t  (cost=0.43..8.40 rows=1 width=4) (actual time=0.044..0.044 rows=1 loops=20)
                    Index Cond: (id = mk.movie_id)
                    Heap Fetches: 20
Planning time: 1.116 ms
Execution time: 1662.799 ms
