Seq Scan on movie_keyword mk  (cost=0.00..81003.12 rows=616263 width=0) (actual time=0.016..1311.126 rows=615582 loops=1)
  Filter: (keyword_id > 29654)
  Rows Removed by Filter: 3908348
Planning time: 0.305 ms
Execution time: 1390.649 ms
