Seq Scan on cast_info ci  (cost=0.00..705507.15 rows=21407539 width=0) (actual time=0.026..12063.532 rows=21524884 loops=1)
  Filter: (person_id > 1451495)
  Rows Removed by Filter: 14719460
Planning time: 0.368 ms
Execution time: 14812.420 ms
