Nested Loop  (cost=0.43..83071.67 rows=246 width=0) (actual time=1.109..1236.047 rows=406 loops=1)
  ->  Seq Scan on movie_keyword mk  (cost=0.00..81003.12 rows=246 width=4) (actual time=1.046..1208.145 rows=406 loops=1)
        Filter: (keyword_id = 1986)
        Rows Removed by Filter: 4523524
  ->  Index Only Scan using title_pkey on title t  (cost=0.43..8.40 rows=1 width=4) (actual time=0.066..0.067 rows=1 loops=406)
        Index Cond: (id = mk.movie_id)
        Heap Fetches: 406
Planning time: 0.708 ms
Execution time: 1236.314 ms
