Hash Join  (cost=98137.04..1047187.46 rows=8620446 width=0) (actual time=6121.701..22686.846 rows=8433958 loops=1)
  Hash Cond: (ci.movie_id = t.id)
  ->  Seq Scan on cast_info ci  (cost=0.00..705507.15 rows=11712562 width=4) (actual time=4314.126..11958.273 rows=11773081 loops=1)
        Filter: (person_id > 2514570)
        Rows Removed by Filter: 24471263
  ->  Hash  (cost=67604.59..67604.59 rows=1860996 width=4) (actual time=1806.177..1806.177 rows=1865487 loops=1)
        Buckets: 131072  Batches: 32  Memory Usage: 3079kB
        ->  Seq Scan on title t  (cost=0.00..67604.59 rows=1860996 width=4) (actual time=0.028..1203.801 rows=1865487 loops=1)
              Filter: (kind_id > 1)
              Rows Removed by Filter: 662825
Planning time: 0.693 ms
Execution time: 23676.126 ms
