Seq Scan on movie_keyword mk  (cost=0.00..81003.12 rows=3098447 width=0) (actual time=0.017..1383.800 rows=3082749 loops=1)
  Filter: (keyword_id > 2010)
  Rows Removed by Filter: 1441181
Planning time: 0.288 ms
Execution time: 1778.610 ms
