Hash Join  (cost=316320.91..1886811.60 rows=43428250 width=0) (actual time=7256.742..74763.796 rows=143901134 loops=1)
  Hash Cond: (ci.movie_id = t.id)
  ->  Seq Scan on cast_info ci  (cost=0.00..614943.12 rows=36225612 width=4) (actual time=0.021..13442.909 rows=36244344 loops=1)
  ->  Hash  (cost=266589.07..266589.07 rows=3031267 width=8) (actual time=7255.980..7255.980 rows=3012950 loops=1)
        Buckets: 131072  Batches: 64  Memory Usage: 2883kB
        ->  Hash Join  (cost=102767.86..266589.07 rows=3031267 width=8) (actual time=1867.880..6352.012 rows=3012950 loops=1)
              Hash Cond: (mk.movie_id = t.id)
              ->  Seq Scan on movie_keyword mk  (cost=0.00..81003.12 rows=3031267 width=4) (actual time=0.022..1776.814 rows=3012950 loops=1)
                    Filter: (keyword_id < 10720)
                    Rows Removed by Filter: 1510980
              ->  Hash  (cost=61283.27..61283.27 rows=2528527 width=4) (actual time=1866.677..1866.677 rows=2528312 loops=1)
                    Buckets: 131072  Batches: 64  Memory Usage: 2425kB
                    ->  Seq Scan on title t  (cost=0.00..61283.27 rows=2528527 width=4) (actual time=0.012..1007.174 rows=2528312 loops=1)
Planning time: 1.116 ms
Execution time: 91112.056 ms
