Hash Join  (cost=73930.12..160860.09 rows=211 width=0) (actual time=909.208..2480.043 rows=2365 loops=1)
  Hash Cond: (mk.movie_id = t.id)
  ->  Seq Scan on movie_keyword mk  (cost=0.00..81003.12 rows=1579929 width=4) (actual time=0.028..1330.967 rows=1594593 loops=1)
        Filter: (keyword_id > 9659)
        Rows Removed by Filter: 2929337
  ->  Hash  (cost=73925.90..73925.90 rows=337 width=4) (actual time=909.127..909.127 rows=1387 loops=1)
        Buckets: 2048 (originally 1024)  Batches: 1 (originally 1)  Memory Usage: 65kB
        ->  Seq Scan on title t  (cost=0.00..73925.90 rows=337 width=4) (actual time=229.081..908.289 rows=1387 loops=1)
              Filter: ((kind_id = 4) AND (production_year = 1991))
              Rows Removed by Filter: 2526925
Planning time: 0.804 ms
Execution time: 2480.594 ms
