Seq Scan on cast_info ci  (cost=0.00..705507.15 rows=500 width=0) (actual time=1985.143..9475.906 rows=147 loops=1)
  Filter: (person_id = 1278049)
  Rows Removed by Filter: 36244197
Planning time: 0.361 ms
Execution time: 9476.023 ms
