Hash Join  (cost=797557.48..852224.10 rows=111 width=0) (actual time=10503.859..11547.927 rows=61 loops=1)
  Hash Cond: (mc.movie_id = t.id)
  ->  Seq Scan on movie_companies mc  (cost=0.00..44881.29 rows=2609129 width=4) (actual time=0.015..519.093 rows=2609129 loops=1)
  ->  Hash  (cost=797556.14..797556.14 rows=107 width=8) (actual time=10498.852..10498.852 rows=3907 loops=1)
        Buckets: 4096 (originally 1024)  Batches: 1 (originally 1)  Memory Usage: 185kB
        ->  Nested Loop  (cost=0.43..797556.14 rows=107 width=8) (actual time=4261.652..10497.073 rows=3907 loops=1)
              ->  Seq Scan on cast_info ci  (cost=0.00..796071.18 rows=176 width=4) (actual time=4260.891..9288.814 rows=3937 loops=1)
                    Filter: ((person_id = 1362169) AND (role_id = 1))
                    Rows Removed by Filter: 36240407
              ->  Index Scan using title_pkey on title t  (cost=0.43..8.43 rows=1 width=4) (actual time=0.306..0.306 rows=1 loops=3937)
                    Index Cond: (id = ci.movie_id)
                    Filter: (kind_id = 7)
                    Rows Removed by Filter: 0
Planning time: 1.227 ms
Execution time: 11548.080 ms
