Seq Scan on movie_companies mc  (cost=0.00..51404.11 rows=497508 width=0) (actual time=0.018..351.124 rows=495944 loops=1)
  Filter: (company_id < 439)
  Rows Removed by Filter: 2113185
Planning time: 0.241 ms
Execution time: 384.766 ms
