Nested Loop  (cost=0.43..70092.15 rows=31 width=0) (actual time=281.963..915.244 rows=52 loops=1)
  ->  Seq Scan on movie_companies mc  (cost=0.00..57926.93 rows=1507 width=4) (actual time=279.157..849.900 rows=2411 loops=1)
        Filter: ((company_type_id > 1) AND (company_id = 68))
        Rows Removed by Filter: 2606718
  ->  Index Scan using title_pkey on title t  (cost=0.43..8.06 rows=1 width=4) (actual time=0.027..0.027 rows=0 loops=2411)
        Index Cond: (id = mc.movie_id)
        Filter: (production_year = 2000)
        Rows Removed by Filter: 1
Planning time: 0.735 ms
Execution time: 915.372 ms
