Seq Scan on title t  (cost=0.00..73925.90 rows=245944 width=0) (actual time=0.042..619.130 rows=357497 loops=1)
  Filter: ((kind_id < 7) AND (production_year < 1987))
  Rows Removed by Filter: 2170815
Planning time: 0.338 ms
Execution time: 647.376 ms
