Hash Join  (cost=282190.81..763556.74 rows=5102680 width=0) (actual time=6280.611..20551.654 rows=23358654 loops=1)
  Hash Cond: (mi.movie_id = t.id)
  ->  Seq Scan on movie_info mi  (cost=0.00..346232.03 rows=5897221 width=4) (actual time=431.418..5214.075 rows=5884963 loops=1)
        Filter: (info_type_id < 7)
        Rows Removed by Filter: 8950757
  ->  Hash  (cost=246295.63..246295.63 rows=2187855 width=8) (actual time=5834.886..5834.886 rows=2186775 loops=1)
        Buckets: 131072  Batches: 32  Memory Usage: 3757kB
        ->  Hash Join  (cost=102767.86..246295.63 rows=2187855 width=8) (actual time=1701.184..5210.528 rows=2186775 loops=1)
              Hash Cond: (mk.movie_id = t.id)
              ->  Seq Scan on movie_keyword mk  (cost=0.00..81003.12 rows=2187855 width=4) (actual time=2.535..1473.124 rows=2186775 loops=1)
                    Filter: (keyword_id > 5166)
                    Rows Removed by Filter: 2337155
              ->  Hash  (cost=61283.27..61283.27 rows=2528527 width=4) (actual time=1695.441..1695.441 rows=2528312 loops=1)
                    Buckets: 131072  Batches: 64  Memory Usage: 2425kB
                    ->  Seq Scan on title t  (cost=0.00..61283.27 rows=2528527 width=4) (actual time=0.014..839.449 rows=2528312 loops=1)
Planning time: 1.197 ms
Execution time: 23059.396 ms
