Seq Scan on movie_companies mc  (cost=0.00..51404.11 rows=104 width=0) (actual time=210.660..778.419 rows=6 loops=1)
  Filter: (company_id = 6855)
  Rows Removed by Filter: 2609123
Planning time: 0.321 ms
Execution time: 778.491 ms
