Seq Scan on cast_info ci  (cost=0.00..796071.18 rows=13262307 width=0) (actual time=0.024..11984.651 rows=19194273 loops=1)
  Filter: ((person_id > 1547667) AND (role_id > 1))
  Rows Removed by Filter: 17050071
Planning time: 0.324 ms
Execution time: 14140.908 ms
