Hash Join  (cost=83074.16..464847.97 rows=562 width=0) (actual time=1678.496..7637.626 rows=530 loops=1)
  Hash Cond: (mi.movie_id = t.id)
  ->  Seq Scan on movie_info mi  (cost=0.00..346232.03 rows=9476311 width=4) (actual time=457.040..5201.758 rows=9565151 loops=1)
        Filter: (info_type_id < 16)
        Rows Removed by Filter: 5270569
  ->  Hash  (cost=83072.29..83072.29 rows=150 width=8) (actual time=1139.587..1139.587 rows=101 loops=1)
        Buckets: 1024  Batches: 1  Memory Usage: 12kB
        ->  Nested Loop  (cost=0.43..83072.29 rows=150 width=8) (actual time=578.994..1139.465 rows=101 loops=1)
              ->  Seq Scan on movie_keyword mk  (cost=0.00..81003.12 rows=246 width=4) (actual time=0.473..1128.068 rows=424 loops=1)
                    Filter: (keyword_id = 2738)
                    Rows Removed by Filter: 4523506
              ->  Index Scan using title_pkey on title t  (cost=0.43..8.40 rows=1 width=4) (actual time=0.025..0.025 rows=0 loops=424)
                    Index Cond: (id = mk.movie_id)
                    Filter: (kind_id = 7)
                    Rows Removed by Filter: 1
Planning time: 1.150 ms
Execution time: 7637.930 ms
