Hash Join  (cost=306780.10..997308.25 rows=16295442 width=0) (actual time=6661.031..52381.700 rows=140726550 loops=1)
  Hash Cond: (mi.movie_id = t.id)
  ->  Seq Scan on movie_info mi  (cost=0.00..309384.22 rows=14739122 width=4) (actual time=0.023..5517.945 rows=14835720 loops=1)
  ->  Hash  (cost=260916.13..260916.13 rows=2795517 width=8) (actual time=6659.083..6659.083 rows=2785194 loops=1)
        Buckets: 131072  Batches: 64  Memory Usage: 2819kB
        ->  Hash Join  (cost=102767.86..260916.13 rows=2795517 width=8) (actual time=1766.323..5779.719 rows=2785194 loops=1)
              Hash Cond: (mk.movie_id = t.id)
              ->  Seq Scan on movie_keyword mk  (cost=0.00..81003.12 rows=2795517 width=4) (actual time=0.023..1441.829 rows=2785194 loops=1)
                    Filter: (keyword_id < 8087)
                    Rows Removed by Filter: 1738736
              ->  Hash  (cost=61283.27..61283.27 rows=2528527 width=4) (actual time=1764.276..1764.276 rows=2528312 loops=1)
                    Buckets: 131072  Batches: 64  Memory Usage: 2425kB
                    ->  Seq Scan on title t  (cost=0.00..61283.27 rows=2528527 width=4) (actual time=0.021..928.491 rows=2528312 loops=1)
Planning time: 1.072 ms
Execution time: 68582.243 ms
