Hash Join  (cost=102767.86..201988.00 rows=1305551 width=0) (actual time=1679.715..4855.219 rows=1288698 loops=1)
  Hash Cond: (mc.movie_id = t.id)
  ->  Seq Scan on movie_companies mc  (cost=0.00..57926.93 rows=1305551 width=4) (actual time=0.027..1108.033 rows=1288698 loops=1)
        Filter: ((company_id < 194477) AND (company_type_id = 2))
        Rows Removed by Filter: 1320431
  ->  Hash  (cost=61283.27..61283.27 rows=2528527 width=4) (actual time=1678.402..1678.402 rows=2528312 loops=1)
        Buckets: 131072  Batches: 64  Memory Usage: 2415kB
        ->  Seq Scan on title t  (cost=0.00..61283.27 rows=2528527 width=4) (actual time=0.035..852.204 rows=2528312 loops=1)
Planning time: 1.368 ms
Execution time: 4983.590 ms
