Hash Join  (cost=847899.67..988742.01 rows=1546330 width=0) (actual time=15609.861..19621.022 rows=471565 loops=1)
  Hash Cond: (mk.movie_id = t.id)
  ->  Seq Scan on movie_keyword mk  (cost=0.00..69693.30 rows=4523930 width=4) (actual time=0.022..1240.650 rows=4523930 loops=1)
  ->  Hash  (cost=833719.19..833719.19 rows=864279 width=8) (actual time=15608.834..15608.834 rows=647530 loops=1)
        Buckets: 131072  Batches: 16  Memory Usage: 2596kB
        ->  Hash Join  (cost=94574.69..833719.19 rows=864279 width=8) (actual time=10111.484..15428.603 rows=647530 loops=1)
              Hash Cond: (ci.movie_id = t.id)
              ->  Seq Scan on cast_info ci  (cost=0.00..705507.15 rows=1736414 width=4) (actual time=7829.252..11220.111 rows=1703543 loops=1)
                    Filter: (role_id = 8)
                    Rows Removed by Filter: 34540801
              ->  Hash  (cost=73925.90..73925.90 rows=1258543 width=4) (actual time=2280.742..2280.742 rows=1221534 loops=1)
                    Buckets: 131072  Batches: 32  Memory Usage: 2363kB
                    ->  Seq Scan on title t  (cost=0.00..73925.90 rows=1258543 width=4) (actual time=49.130..1272.716 rows=1221534 loops=1)
                          Filter: ((production_year < 2011) AND (kind_id = 7))
                          Rows Removed by Filter: 1306778
Planning time: 1.145 ms
Execution time: 19677.883 ms
