Nested Loop  (cost=0.43..709673.15 rows=307 width=0) (actual time=4658.338..8599.861 rows=2 loops=1)
  ->  Seq Scan on cast_info ci  (cost=0.00..705507.15 rows=500 width=4) (actual time=4658.125..8599.616 rows=3 loops=1)
        Filter: (person_id = 981941)
        Rows Removed by Filter: 36244341
  ->  Index Scan using title_pkey on title t  (cost=0.43..8.32 rows=1 width=4) (actual time=0.048..0.048 rows=1 loops=3)
        Index Cond: (id = ci.movie_id)
        Filter: (kind_id > 4)
        Rows Removed by Filter: 0
Planning time: 0.747 ms
Execution time: 8599.968 ms
