Seq Scan on movie_companies mc  (cost=0.00..51404.11 rows=104 width=0) (actual time=0.485..639.451 rows=120 loops=1)
  Filter: (company_id = 1744)
  Rows Removed by Filter: 2609009
Planning time: 0.350 ms
Execution time: 639.569 ms
