Seq Scan on cast_info ci  (cost=0.00..796071.18 rows=5 width=0) (actual time=1143.978..12763.738 rows=896 loops=1)
  Filter: ((role_id > 10) AND (person_id = 1417425))
  Rows Removed by Filter: 36243448
Planning time: 0.418 ms
Execution time: 12763.951 ms
