Hash Join  (cost=76155.23..1017476.69 rows=216021 width=136) (actual time=1354.745..26588.210 rows=1066467 loops=1)
  Hash Cond: (ci.movie_id = t.id)
  ->  Seq Scan on cast_info ci  (cost=0.00..796071.18 rows=6652552 width=42) (actual time=0.018..17928.429 rows=12670688 loops=1)
        Filter: ((person_id < 1877589) AND (role_id < 2))
        Rows Removed by Filter: 23573656
  ->  Hash  (cost=73925.90..73925.90 rows=82106 width=94) (actual time=1354.387..1354.387 rows=209752 loops=1)
        Buckets: 32768 (originally 32768)  Batches: 8 (originally 4)  Memory Usage: 3841kB
        ->  Seq Scan on title t  (cost=0.00..73925.90 rows=82106 width=94) (actual time=163.915..1273.139 rows=209752 loops=1)
              Filter: ((production_year < 1966) AND (kind_id = 1))
              Rows Removed by Filter: 2318560
Planning time: 6.844 ms
Execution time: 26646.400 ms
