Hash Join  (cost=238643.10..1440072.34 rows=18697332 width=0) (actual time=5468.921..43825.340 rows=44567756 loops=1)
  Hash Cond: (ci.movie_id = t.id)
  ->  Seq Scan on cast_info ci  (cost=0.00..705507.15 rows=23499554 width=4) (actual time=0.024..14941.093 rows=23573656 loops=1)
        Filter: (role_id > 1)
        Rows Removed by Filter: 12670688
  ->  Hash  (cost=205636.44..205636.44 rows=2011813 width=8) (actual time=5467.932..5467.932 rows=1744631 loops=1)
        Buckets: 131072  Batches: 32  Memory Usage: 3122kB
        ->  Hash Join  (cost=99591.38..205636.44 rows=2011813 width=8) (actual time=2059.164..4978.478 rows=1744631 loops=1)
              Hash Cond: (mc.movie_id = t.id)
              ->  Seq Scan on movie_companies mc  (cost=0.00..44881.29 rows=2609129 width=4) (actual time=0.018..806.774 rows=2609129 loops=1)
              ->  Hash  (cost=67604.59..67604.59 rows=1949663 width=4) (actual time=2057.850..2057.850 rows=1947263 loops=1)
                    Buckets: 131072  Batches: 32  Memory Usage: 3171kB
                    ->  Seq Scan on title t  (cost=0.00..67604.59 rows=1949663 width=4) (actual time=0.036..1195.615 rows=1947263 loops=1)
                          Filter: (production_year > 1979)
                          Rows Removed by Filter: 581049
Planning time: 1.222 ms
Execution time: 48677.972 ms
