Nested Loop  (cost=0.43..709671.90 rows=500 width=0) (actual time=6594.733..10699.736 rows=1 loops=1)
  ->  Seq Scan on cast_info ci  (cost=0.00..705507.15 rows=500 width=4) (actual time=6594.642..10699.639 rows=1 loops=1)
        Filter: (person_id = 1899612)
        Rows Removed by Filter: 36244343
  ->  Index Only Scan using title_pkey on title t  (cost=0.43..8.32 rows=1 width=4) (actual time=0.072..0.073 rows=1 loops=1)
        Index Cond: (id = ci.movie_id)
        Heap Fetches: 1
Planning time: 0.742 ms
Execution time: 10699.806 ms
