Seq Scan on movie_keyword mk  (cost=0.00..81003.12 rows=737476 width=0) (actual time=0.013..1223.838 rows=745030 loops=1)
  Filter: (keyword_id > 25169)
  Rows Removed by Filter: 3778900
Planning time: 0.333 ms
Execution time: 1319.690 ms
