Hash Join  (cost=190340.79..1376203.78 rows=11199488 width=0) (actual time=4841.869..49978.157 rows=42525926 loops=1)
  Hash Cond: (ci.movie_id = t.id)
  ->  Seq Scan on cast_info ci  (cost=0.00..705507.15 rows=31554923 width=4) (actual time=0.017..15741.945 rows=31605208 loops=1)
        Filter: (role_id < 10)
        Rows Removed by Filter: 4639136
  ->  Hash  (cost=175616.96..175616.96 rows=897426 width=8) (actual time=4840.763..4840.763 rows=1770929 loops=1)
        Buckets: 131072 (originally 131072)  Batches: 32 (originally 16)  Memory Usage: 3178kB
        ->  Hash Join  (cost=88195.18..175616.96 rows=897426 width=8) (actual time=1454.916..4286.850 rows=1770929 loops=1)
              Hash Cond: (mc.movie_id = t.id)
              ->  Seq Scan on movie_companies mc  (cost=0.00..44881.29 rows=2609129 width=4) (actual time=0.020..780.195 rows=2609129 loops=1)
              ->  Hash  (cost=73925.90..73925.90 rows=869702 width=4) (actual time=1454.239..1454.239 rows=896788 loops=1)
                    Buckets: 131072  Batches: 16  Memory Usage: 2998kB
                    ->  Seq Scan on title t  (cost=0.00..73925.90 rows=869702 width=4) (actual time=0.024..1169.565 rows=896788 loops=1)
                          Filter: ((kind_id < 7) AND (production_year < 2012))
                          Rows Removed by Filter: 1631524
Planning time: 1.161 ms
Execution time: 54496.138 ms
