Seq Scan on movie_keyword mk  (cost=0.00..81003.12 rows=2384218 width=0) (actual time=0.028..1342.993 rows=2379613 loops=1)
  Filter: (keyword_id > 4020)
  Rows Removed by Filter: 2144317
Planning time: 4.655 ms
Execution time: 1641.062 ms
