Seq Scan on movie_companies mc  (cost=0.00..57926.93 rows=51 width=0) (actual time=0.474..980.381 rows=333 loops=1)
  Filter: ((company_type_id < 2) AND (company_id = 522))
  Rows Removed by Filter: 2608796
Planning time: 0.423 ms
Execution time: 980.550 ms
