Hash Join  (cost=102767.86..184453.78 rows=576799 width=0) (actual time=1880.174..3416.388 rows=306171 loops=1)
  Hash Cond: (mc.movie_id = t.id)
  ->  Seq Scan on movie_companies mc  (cost=0.00..57926.93 rows=576799 width=4) (actual time=81.671..830.329 rows=306171 loops=1)
        Filter: ((company_id > 12549) AND (company_type_id = 1))
        Rows Removed by Filter: 2302958
  ->  Hash  (cost=61283.27..61283.27 rows=2528527 width=4) (actual time=1796.932..1796.932 rows=2528312 loops=1)
        Buckets: 131072  Batches: 64  Memory Usage: 2415kB
        ->  Seq Scan on title t  (cost=0.00..61283.27 rows=2528527 width=4) (actual time=0.026..938.194 rows=2528312 loops=1)
Planning time: 0.715 ms
Execution time: 3450.918 ms
