Seq Scan on cast_info ci  (cost=0.00..705507.15 rows=22113506 width=0) (actual time=0.026..12017.470 rows=21968897 loops=1)
  Filter: (person_id < 2235174)
  Rows Removed by Filter: 14275447
Planning time: 0.305 ms
Execution time: 14822.464 ms
