Hash Join  (cost=201872.95..1035202.89 rows=589495 width=0) (actual time=12270.285..21572.368 rows=1029971 loops=1)
  Hash Cond: (ci.movie_id = t.id)
  ->  Seq Scan on cast_info ci  (cost=0.00..705507.15 rows=9468168 width=4) (actual time=8316.692..12959.317 rows=9384703 loops=1)
        Filter: (role_id > 4)
        Rows Removed by Filter: 26859641
  ->  Hash  (cost=199290.10..199290.10 rows=157428 width=8) (actual time=3952.768..3952.768 rows=182995 loops=1)
        Buckets: 131072  Batches: 4  Memory Usage: 2819kB
        ->  Hash Join  (cost=75369.78..199290.10 rows=157428 width=8) (actual time=2096.025..3895.245 rows=182995 loops=1)
              Hash Cond: (mk.movie_id = t.id)
              ->  Seq Scan on movie_keyword mk  (cost=0.00..69693.30 rows=4523930 width=4) (actual time=0.025..1244.143 rows=4523930 loops=1)
              ->  Hash  (cost=73925.90..73925.90 rows=87990 width=4) (actual time=1239.546..1239.546 rows=90655 loops=1)
                    Buckets: 131072  Batches: 2  Memory Usage: 2628kB
                    ->  Seq Scan on title t  (cost=0.00..73925.90 rows=87990 width=4) (actual time=0.015..1203.818 rows=90655 loops=1)
                          Filter: ((production_year > 0) AND (kind_id = 2))
                          Rows Removed by Filter: 2437657
Planning time: 1.190 ms
Execution time: 21696.566 ms
