Seq Scan on cast_info ci  (cost=0.00..796071.18 rows=16968113 width=0) (actual time=0.008..14077.299 rows=19315855 loops=1)
  Filter: ((person_id < 2154459) AND (role_id < 8))
  Rows Removed by Filter: 16928489
Planning time: 0.338 ms
Execution time: 16304.085 ms
