Hash Join  (cost=129652.37..882696.99 rows=225546 width=0) (actual time=2042.186..17455.229 rows=504536 loops=1)
  Hash Cond: (ci.movie_id = t.id)
  ->  Seq Scan on cast_info ci  (cost=0.00..614943.12 rows=36225612 width=4) (actual time=0.018..7637.272 rows=36244344 loops=1)
  ->  Hash  (cost=129455.58..129455.58 rows=15743 width=8) (actual time=2041.816..2041.816 rows=9492 loops=1)
        Buckets: 16384  Batches: 1  Memory Usage: 499kB
        ->  Hash Join  (cost=68191.41..129455.58 rows=15743 width=8) (actual time=993.208..2037.980 rows=9492 loops=1)
              Hash Cond: (mc.movie_id = t.id)
              ->  Seq Scan on movie_companies mc  (cost=0.00..57926.93 rows=847947 width=4) (actual time=0.013..891.937 rows=655620 loops=1)
                    Filter: ((company_id > 2561) AND (company_type_id = 1))
                    Rows Removed by Filter: 1953509
              ->  Hash  (cost=67604.59..67604.59 rows=46946 width=4) (actual time=992.841..992.841 rows=46583 loops=1)
                    Buckets: 65536  Batches: 1  Memory Usage: 2150kB
                    ->  Seq Scan on title t  (cost=0.00..67604.59 rows=46946 width=4) (actual time=0.027..973.415 rows=46583 loops=1)
                          Filter: (production_year = 1998)
                          Rows Removed by Filter: 2481729
Planning time: 7.459 ms
Execution time: 17525.816 ms
