Hash Join  (cost=438999.16..1420811.90 rows=123566 width=0) (actual time=7850.894..28867.546 rows=149852 loops=1)
  Hash Cond: (ci.movie_id = t.id)
  ->  Seq Scan on cast_info ci  (cost=0.00..796071.18 rows=18450589 width=4) (actual time=0.019..15076.921 rows=15785967 loops=1)
        Filter: ((person_id < 2898919) AND (role_id > 1))
        Rows Removed by Filter: 20458377
  ->  Hash  (cost=438787.48..438787.48 rows=16934 width=8) (actual time=7849.673..7849.673 rows=93236 loops=1)
        Buckets: 131072 (originally 32768)  Batches: 2 (originally 1)  Memory Usage: 3073kB
        ->  Hash Join  (cost=73962.22..438787.48 rows=16934 width=8) (actual time=961.339..7791.945 rows=93236 loops=1)
              Hash Cond: (mi.movie_id = t.id)
              ->  Seq Scan on movie_info mi  (cost=0.00..309384.22 rows=14739122 width=4) (actual time=0.013..3635.462 rows=14835720 loops=1)
              ->  Hash  (cost=73925.90..73925.90 rows=2905 width=4) (actual time=961.135..961.135 rows=7770 loops=1)
                    Buckets: 8192 (originally 4096)  Batches: 1 (originally 1)  Memory Usage: 338kB
                    ->  Seq Scan on title t  (cost=0.00..73925.90 rows=2905 width=4) (actual time=358.715..957.576 rows=7770 loops=1)
                          Filter: ((kind_id < 7) AND (production_year = 1912))
                          Rows Removed by Filter: 2520542
Planning time: 1.204 ms
Execution time: 28887.127 ms
