Hash Join  (cost=174771.68..1223835.26 rows=1485442 width=0) (actual time=2980.813..27011.219 rows=941508 loops=1)
  Hash Cond: (ci.movie_id = t.id)
  ->  Seq Scan on cast_info ci  (cost=0.00..614943.12 rows=36225612 width=4) (actual time=0.021..11372.750 rows=36244344 loops=1)
  ->  Hash  (cost=173069.64..173069.64 rows=103683 width=8) (actual time=2980.021..2980.021 rows=42016 loops=1)
        Buckets: 131072  Batches: 2  Memory Usage: 1851kB
        ->  Hash Join  (cost=102767.86..173069.64 rows=103683 width=8) (actual time=1747.113..2964.733 rows=42016 loops=1)
              Hash Cond: (mc.movie_id = t.id)
              ->  Seq Scan on movie_companies mc  (cost=0.00..57926.93 rows=103683 width=4) (actual time=0.088..806.370 rows=42016 loops=1)
                    Filter: ((company_id < 67) AND (company_type_id = 2))
                    Rows Removed by Filter: 2567113
              ->  Hash  (cost=61283.27..61283.27 rows=2528527 width=4) (actual time=1728.193..1728.193 rows=2528312 loops=1)
                    Buckets: 131072  Batches: 64  Memory Usage: 2415kB
                    ->  Seq Scan on title t  (cost=0.00..61283.27 rows=2528527 width=4) (actual time=0.013..907.949 rows=2528312 loops=1)
Planning time: 2.796 ms
Execution time: 27140.863 ms
