Hash Join  (cost=172576.16..1237386.67 rows=3018434 width=0) (actual time=3235.576..33188.027 rows=5545152 loops=1)
  Hash Cond: (ci.movie_id = t.id)
  ->  Seq Scan on cast_info ci  (cost=0.00..614943.12 rows=36225612 width=4) (actual time=0.004..12081.902 rows=36244344 loops=1)
  ->  Hash  (cost=169119.60..169119.60 rows=210685 width=8) (actual time=3234.882..3234.882 rows=211728 loops=1)
        Buckets: 131072  Batches: 4  Memory Usage: 3100kB
        ->  Hash Join  (cost=102767.86..169119.60 rows=210685 width=8) (actual time=1764.937..3172.419 rows=211728 loops=1)
              Hash Cond: (mc.movie_id = t.id)
              ->  Seq Scan on movie_companies mc  (cost=0.00..51404.11 rows=210685 width=4) (actual time=0.020..857.571 rows=211728 loops=1)
                    Filter: (company_id > 110063)
                    Rows Removed by Filter: 2397401
              ->  Hash  (cost=61283.27..61283.27 rows=2528527 width=4) (actual time=1764.065..1764.065 rows=2528312 loops=1)
                    Buckets: 131072  Batches: 64  Memory Usage: 2415kB
                    ->  Seq Scan on title t  (cost=0.00..61283.27 rows=2528527 width=4) (actual time=0.021..931.358 rows=2528312 loops=1)
Planning time: 0.760 ms
Execution time: 33779.743 ms
