Seq Scan on cast_info ci  (cost=0.00..796071.18 rows=214463 width=0) (actual time=507.053..12934.021 rows=264655 loops=1)
  Filter: ((person_id > 911160) AND (role_id = 7))
  Rows Removed by Filter: 35979689
Planning time: 0.377 ms
Execution time: 12968.609 ms
