Hash Join  (cost=365418.15..1666328.96 rows=25297994 width=0) (actual time=8473.609..57243.470 rows=93620715 loops=1)
  Hash Cond: (ci.movie_id = t.id)
  ->  Seq Scan on cast_info ci  (cost=0.00..796071.18 rows=14139622 width=4) (actual time=0.017..16278.657 rows=14872350 loops=1)
        Filter: ((person_id > 434454) AND (role_id > 2))
        Rows Removed by Filter: 21371994
  ->  Hash  (cost=291197.02..291197.02 rows=4523930 width=8) (actual time=8471.436..8471.436 rows=4523930 loops=1)
        Buckets: 131072  Batches: 64  Memory Usage: 3816kB
        ->  Hash Join  (cost=102767.86..291197.02 rows=4523930 width=8) (actual time=1928.335..7128.672 rows=4523930 loops=1)
              Hash Cond: (mk.movie_id = t.id)
              ->  Seq Scan on movie_keyword mk  (cost=0.00..69693.30 rows=4523930 width=4) (actual time=0.023..1382.154 rows=4523930 loops=1)
              ->  Hash  (cost=61283.27..61283.27 rows=2528527 width=4) (actual time=1926.215..1926.215 rows=2528312 loops=1)
                    Buckets: 131072  Batches: 64  Memory Usage: 2425kB
                    ->  Seq Scan on title t  (cost=0.00..61283.27 rows=2528527 width=4) (actual time=0.009..1066.834 rows=2528312 loops=1)
Planning time: 1.160 ms
Execution time: 68075.427 ms
