Seq Scan on movie_companies mc  (cost=0.00..51404.11 rows=104 width=0) (actual time=11.495..745.492 rows=394 loops=1)
  Filter: (company_id = 1153)
  Rows Removed by Filter: 2608735
Planning time: 0.350 ms
Execution time: 745.632 ms
