Hash Join  (cost=850331.61..1660294.71 rows=5419471 width=0) (actual time=22687.804..36895.447 rows=7122960 loops=1)
  Hash Cond: (mi.movie_id = t.id)
  ->  Seq Scan on movie_info mi  (cost=0.00..346232.03 rows=14592968 width=4) (actual time=0.020..5879.362 rows=14637966 loops=1)
        Filter: (info_type_id < 107)
        Rows Removed by Filter: 197754
  ->  Hash  (cost=834924.70..834924.70 rows=939033 width=8) (actual time=21471.237..21471.237 rows=730035 loops=1)
        Buckets: 131072  Batches: 16  Memory Usage: 2825kB
        ->  Hash Join  (cost=74745.21..834924.70 rows=939033 width=8) (actual time=1099.139..20081.169 rows=730035 loops=1)
              Hash Cond: (ci.movie_id = t.id)
              ->  Seq Scan on cast_info ci  (cost=0.00..614943.12 rows=36225612 width=4) (actual time=0.022..7796.712 rows=36244344 loops=1)
              ->  Hash  (cost=73925.90..73925.90 rows=65544 width=4) (actual time=1098.469..1098.469 rows=62209 loops=1)
                    Buckets: 131072  Batches: 1  Memory Usage: 3212kB
                    ->  Seq Scan on title t  (cost=0.00..73925.90 rows=65544 width=4) (actual time=555.661..1075.336 rows=62209 loops=1)
                          Filter: ((production_year < 2006) AND (kind_id = 4))
                          Rows Removed by Filter: 2466103
Planning time: 1.195 ms
Execution time: 37641.580 ms
