Hash Join  (cost=171645.95..291654.54 rows=903395 width=0) (actual time=3508.591..6460.990 rows=1437003 loops=1)
  Hash Cond: (mk.movie_id = t.id)
  ->  Seq Scan on movie_keyword mk  (cost=0.00..81003.12 rows=2248937 width=4) (actual time=0.022..1489.539 rows=2247131 loops=1)
        Filter: (keyword_id > 4801)
        Rows Removed by Filter: 2276799
  ->  Hash  (cost=154981.62..154981.62 rows=1015706 width=8) (actual time=3507.190..3507.190 rows=750135 loops=1)
        Buckets: 131072  Batches: 16  Memory Usage: 2873kB
        ->  Hash Join  (cost=98137.04..154981.62 rows=1015706 width=8) (actual time=1629.816..3273.983 rows=750135 loops=1)
              Hash Cond: (mi_idx.movie_id = t.id)
              ->  Seq Scan on movie_info_idx mi_idx  (cost=0.00..21735.35 rows=1380035 width=4) (actual time=0.026..386.197 rows=1380035 loops=1)
              ->  Hash  (cost=67604.59..67604.59 rows=1860996 width=4) (actual time=1628.542..1628.542 rows=1865487 loops=1)
                    Buckets: 131072  Batches: 32  Memory Usage: 3079kB
                    ->  Seq Scan on title t  (cost=0.00..67604.59 rows=1860996 width=4) (actual time=0.015..1078.547 rows=1865487 loops=1)
                          Filter: (kind_id > 1)
                          Rows Removed by Filter: 662825
Planning time: 0.841 ms
Execution time: 6634.953 ms
