Hash Join  (cost=76308.85..144418.52 rows=76351 width=0) (actual time=1355.145..2627.612 rows=233817 loops=1)
  Hash Cond: (mc.movie_id = t.id)
  ->  Seq Scan on movie_companies mc  (cost=0.00..51404.11 rows=1329612 width=4) (actual time=300.617..922.555 rows=1334883 loops=1)
        Filter: (company_type_id = 2)
        Rows Removed by Filter: 1274246
  ->  Hash  (cost=73925.90..73925.90 rows=145196 width=4) (actual time=1052.466..1052.466 rows=245643 loops=1)
        Buckets: 131072 (originally 131072)  Batches: 4 (originally 2)  Memory Usage: 3183kB
        ->  Seq Scan on title t  (cost=0.00..73925.90 rows=145196 width=4) (actual time=0.099..964.508 rows=245643 loops=1)
              Filter: ((kind_id < 7) AND (production_year < 1970))
              Rows Removed by Filter: 2282669
Planning time: 0.736 ms
Execution time: 2651.961 ms
