Hash Join  (cost=94657.25..181339.74 rows=2446 width=0) (actual time=1616.600..3047.090 rows=1508 loops=1)
  Hash Cond: (mk.movie_id = t.id)
  ->  Seq Scan on movie_keyword mk  (cost=0.00..69693.30 rows=4523930 width=4) (actual time=0.021..880.505 rows=4523930 loops=1)
  ->  Hash  (cost=94640.16..94640.16 rows=1367 width=8) (actual time=1393.828..1393.828 rows=252 loops=1)
        Buckets: 2048  Batches: 1  Memory Usage: 26kB
        ->  Hash Join  (cost=67697.55..94640.16 rows=1367 width=8) (actual time=901.064..1393.594 rows=252 loops=1)
              Hash Cond: (mi_idx.movie_id = t.id)
              ->  Seq Scan on movie_info_idx mi_idx  (cost=0.00..25185.44 rows=464934 width=4) (actual time=0.018..416.345 rows=460185 loops=1)
                    Filter: (info_type_id > 100)
                    Rows Removed by Filter: 919850
              ->  Hash  (cost=67604.59..67604.59 rows=7437 width=4) (actual time=899.121..899.121 rows=3627 loops=1)
                    Buckets: 8192  Batches: 1  Memory Usage: 192kB
                    ->  Seq Scan on title t  (cost=0.00..67604.59 rows=7437 width=4) (actual time=0.080..897.356 rows=3627 loops=1)
                          Filter: (production_year = 1921)
                          Rows Removed by Filter: 2524685
Planning time: 1.115 ms
Execution time: 3047.457 ms
