Hash Join  (cost=74393.18..474919.61 rows=205933 width=0) (actual time=1008.529..10325.629 rows=349033 loops=1)
  Hash Cond: (mi.movie_id = t.id)
  ->  Seq Scan on movie_info mi  (cost=0.00..346232.03 rows=13929354 width=4) (actual time=0.023..6137.019 rows=14033580 loops=1)
        Filter: (info_type_id > 1)
        Rows Removed by Filter: 802140
  ->  Hash  (cost=73925.90..73925.90 rows=37382 width=4) (actual time=1007.947..1007.947 rows=33190 loops=1)
        Buckets: 65536  Batches: 1  Memory Usage: 1679kB
        ->  Seq Scan on title t  (cost=0.00..73925.90 rows=37382 width=4) (actual time=0.016..994.414 rows=33190 loops=1)
              Filter: ((kind_id < 2) AND (production_year = 2010))
              Rows Removed by Filter: 2495122
Planning time: 0.947 ms
Execution time: 10372.777 ms
