Hash Join  (cost=174403.47..303308.68 rows=862043 width=0) (actual time=3979.476..11821.609 rows=20854907 loops=1)
  Hash Cond: (mk.movie_id = t.id)
  ->  Seq Scan on movie_keyword mk  (cost=0.00..81003.12 rows=3164441 width=4) (actual time=0.020..1582.612 rows=3150166 loops=1)
        Filter: (keyword_id < 12157)
        Rows Removed by Filter: 1373764
  ->  Hash  (cost=163102.35..163102.35 rows=688810 width=8) (actual time=3977.361..3977.361 rows=1307690 loops=1)
        Buckets: 131072 (originally 131072)  Batches: 32 (originally 16)  Memory Usage: 3073kB
        ->  Hash Join  (cost=78556.72..163102.35 rows=688810 width=8) (actual time=1244.836..3633.259 rows=1307690 loops=1)
              Hash Cond: (mc.movie_id = t.id)
              ->  Seq Scan on movie_companies mc  (cost=0.00..44881.29 rows=2609129 width=4) (actual time=0.014..795.796 rows=2609129 loops=1)
              ->  Hash  (cost=67604.59..67604.59 rows=667531 width=4) (actual time=1243.830..1243.830 rows=662825 loops=1)
                    Buckets: 131072  Batches: 16  Memory Usage: 2476kB
                    ->  Seq Scan on title t  (cost=0.00..67604.59 rows=667531 width=4) (actual time=0.137..1039.640 rows=662825 loops=1)
                          Filter: (kind_id < 2)
                          Rows Removed by Filter: 1865487
Planning time: 1.195 ms
Execution time: 14140.517 ms
