Nested Loop  (cost=0.43..83072.29 rows=65 width=0) (actual time=0.143..1194.473 rows=2351 loops=1)
  ->  Seq Scan on movie_keyword mk  (cost=0.00..81003.12 rows=246 width=4) (actual time=0.097..1131.355 rows=2926 loops=1)
        Filter: (keyword_id = 3287)
        Rows Removed by Filter: 4521004
  ->  Index Scan using title_pkey on title t  (cost=0.43..8.40 rows=1 width=4) (actual time=0.020..0.021 rows=1 loops=2926)
        Index Cond: (id = mk.movie_id)
        Filter: (kind_id = 1)
        Rows Removed by Filter: 0
Planning time: 0.778 ms
Execution time: 1195.290 ms
