Seq Scan on movie_companies mc  (cost=0.00..51404.11 rows=104 width=0) (actual time=18.640..742.355 rows=80 loops=1)
  Filter: (company_id = 505)
  Rows Removed by Filter: 2609049
Planning time: 0.427 ms
Execution time: 742.464 ms
