Hash Join  (cost=263115.61..1659734.50 rows=24985342 width=0) (actual time=5986.405..50169.719 rows=44599530 loops=1)
  Hash Cond: (ci.movie_id = t.id)
  ->  Seq Scan on cast_info ci  (cost=0.00..796071.18 rows=24213487 width=4) (actual time=0.008..17652.134 rows=23647594 loops=1)
        Filter: ((person_id > 814097) AND (role_id < 10))
        Rows Removed by Filter: 12596750
  ->  Hash  (cost=220309.49..220309.49 rows=2609129 width=8) (actual time=5984.929..5984.929 rows=2609129 loops=1)
        Buckets: 131072  Batches: 64  Memory Usage: 2610kB
        ->  Hash Join  (cost=102767.86..220309.49 rows=2609129 width=8) (actual time=1789.596..5259.150 rows=2609129 loops=1)
              Hash Cond: (mc.movie_id = t.id)
              ->  Seq Scan on movie_companies mc  (cost=0.00..44881.29 rows=2609129 width=4) (actual time=0.012..922.230 rows=2609129 loops=1)
              ->  Hash  (cost=61283.27..61283.27 rows=2528527 width=4) (actual time=1788.326..1788.326 rows=2528312 loops=1)
                    Buckets: 131072  Batches: 64  Memory Usage: 2415kB
                    ->  Seq Scan on title t  (cost=0.00..61283.27 rows=2528527 width=4) (actual time=0.009..951.517 rows=2528312 loops=1)
Planning time: 1.233 ms
Execution time: 55630.471 ms
