Seq Scan on cast_info ci  (cost=0.00..705507.15 rows=35136858 width=0) (actual time=0.019..11447.994 rows=35130997 loops=1)
  Filter: (person_id < 3845688)
  Rows Removed by Filter: 1113347
Planning time: 0.333 ms
Execution time: 15549.764 ms
