Seq Scan on cast_info ci  (cost=0.00..796071.18 rows=12509656 width=0) (actual time=213.394..16508.909 rows=12287061 loops=1)
  Filter: ((person_id > 56921) AND (role_id = 1))
  Rows Removed by Filter: 23957283
Planning time: 0.368 ms
Execution time: 18038.431 ms
