Hash Join  (cost=101435.84..466861.39 rows=76963 width=0) (actual time=1615.356..8245.488 rows=62043 loops=1)
  Hash Cond: (mi.movie_id = t.id)
  ->  Seq Scan on movie_info mi  (cost=0.00..309384.22 rows=14739122 width=4) (actual time=0.022..3630.048 rows=14835720 loops=1)
  ->  Hash  (cost=101270.80..101270.80 rows=13203 width=8) (actual time=1614.494..1614.494 rows=8031 loops=1)
        Buckets: 16384  Batches: 1  Memory Usage: 442kB
        ->  Hash Join  (cost=74228.29..101270.80 rows=13203 width=8) (actual time=1029.259..1611.639 rows=8031 loops=1)
              Hash Cond: (mi_idx.movie_id = t.id)
              ->  Seq Scan on movie_info_idx mi_idx  (cost=0.00..21735.35 rows=1380035 width=4) (actual time=0.012..265.324 rows=1380035 loops=1)
              ->  Hash  (cost=73925.90..73925.90 rows=24191 width=4) (actual time=1028.867..1028.867 rows=24602 loops=1)
                    Buckets: 32768  Batches: 1  Memory Usage: 1121kB
                    ->  Seq Scan on title t  (cost=0.00..73925.90 rows=24191 width=4) (actual time=0.021..1018.611 rows=24602 loops=1)
                          Filter: ((kind_id = 7) AND (production_year = 1995))
                          Rows Removed by Filter: 2503710
Planning time: 1.193 ms
Execution time: 8254.116 ms
