Nested Loop  (cost=0.43..83071.67 rows=246 width=0) (actual time=0.272..1221.562 rows=816 loops=1)
  ->  Seq Scan on movie_keyword mk  (cost=0.00..81003.12 rows=246 width=4) (actual time=0.227..1178.076 rows=816 loops=1)
        Filter: (keyword_id = 1936)
        Rows Removed by Filter: 4523114
  ->  Index Only Scan using title_pkey on title t  (cost=0.43..8.40 rows=1 width=4) (actual time=0.052..0.052 rows=1 loops=816)
        Index Cond: (id = mk.movie_id)
        Heap Fetches: 816
Planning time: 0.748 ms
Execution time: 1221.975 ms
