Nested Loop  (cost=0.43..796536.48 rows=34 width=0) (actual time=5303.917..9564.962 rows=70 loops=1)
  ->  Seq Scan on cast_info ci  (cost=0.00..796071.18 rows=55 width=4) (actual time=5302.780..9562.799 rows=79 loops=1)
        Filter: ((person_id = 1393414) AND (role_id = 3))
        Rows Removed by Filter: 36244265
  ->  Index Scan using title_pkey on title t  (cost=0.43..8.45 rows=1 width=4) (actual time=0.026..0.027 rows=1 loops=79)
        Index Cond: (id = ci.movie_id)
        Filter: (production_year < 2007)
        Rows Removed by Filter: 0
Planning time: 1.039 ms
Execution time: 9565.069 ms
