Hash Join  (cost=78183.26..1032763.15 rows=2818587 width=0) (actual time=1201.841..21649.438 rows=2591339 loops=1)
  Hash Cond: (ci.movie_id = t.id)
  ->  Seq Scan on cast_info ci  (cost=0.00..796071.18 rows=11053290 width=4) (actual time=0.026..14196.977 rows=9304643 loops=1)
        Filter: ((person_id > 451157) AND (role_id = 1))
        Rows Removed by Filter: 26939701
  ->  Hash  (cost=67604.59..67604.59 rows=644774 width=4) (actual time=1200.612..1200.612 rows=642973 loops=1)
        Buckets: 131072  Batches: 16  Memory Usage: 2432kB
        ->  Seq Scan on title t  (cost=0.00..67604.59 rows=644774 width=4) (actual time=0.013..992.455 rows=642973 loops=1)
              Filter: (production_year < 1988)
              Rows Removed by Filter: 1885339
Planning time: 0.767 ms
Execution time: 21974.001 ms
