Hash Join  (cost=150492.46..1258844.16 rows=2210409 width=0) (actual time=2960.239..31317.787 rows=3334626 loops=1)
  Hash Cond: (ci.movie_id = t.id)
  ->  Seq Scan on cast_info ci  (cost=0.00..705507.15 rows=32871321 width=4) (actual time=0.027..15070.837 rows=32877796 loops=1)
        Filter: (person_id < 3443294)
        Rows Removed by Filter: 3366548
  ->  Hash  (cost=147702.10..147702.10 rows=170029 width=8) (actual time=2959.400..2959.400 rows=114526 loops=1)
        Buckets: 131072  Batches: 4  Memory Usage: 2155kB
        ->  Hash Join  (cost=70308.29..147702.10 rows=170029 width=8) (actual time=1001.233..2916.453 rows=114526 loops=1)
              Hash Cond: (mc.movie_id = t.id)
              ->  Seq Scan on movie_companies mc  (cost=0.00..44881.29 rows=2609129 width=4) (actual time=0.023..783.233 rows=2609129 loops=1)
              ->  Hash  (cost=67604.59..67604.59 rows=164776 width=4) (actual time=1000.277..1000.277 rows=164307 loops=1)
                    Buckets: 131072  Batches: 4  Memory Usage: 2482kB
                    ->  Seq Scan on title t  (cost=0.00..67604.59 rows=164776 width=4) (actual time=0.028..943.991 rows=164307 loops=1)
                          Filter: (production_year = 2012)
                          Rows Removed by Filter: 2364005
Planning time: 1.132 ms
Execution time: 31676.301 ms
