Nested Loop  (cost=0.43..709671.90 rows=500 width=0) (actual time=3202.504..9363.023 rows=29 loops=1)
  ->  Seq Scan on cast_info ci  (cost=0.00..705507.15 rows=500 width=4) (actual time=3202.360..9362.267 rows=29 loops=1)
        Filter: (person_id = 970814)
        Rows Removed by Filter: 36244315
  ->  Index Only Scan using title_pkey on title t  (cost=0.43..8.32 rows=1 width=4) (actual time=0.023..0.023 rows=1 loops=29)
        Index Cond: (id = ci.movie_id)
        Heap Fetches: 29
Planning time: 0.510 ms
Execution time: 9363.087 ms
