Hash Join  (cost=431909.37..1289384.40 rows=447319 width=0) (actual time=5427.865..23326.259 rows=1750920 loops=1)
  Hash Cond: (ci.movie_id = t.id)
  ->  Seq Scan on cast_info ci  (cost=0.00..705507.15 rows=12726058 width=4) (actual time=0.022..13439.476 rows=12670688 loops=1)
        Filter: (role_id = 1)
        Rows Removed by Filter: 23573656
  ->  Hash  (cost=430450.40..430450.40 rows=88877 width=8) (actual time=5427.090..5427.090 rows=87711 loops=1)
        Buckets: 131072  Batches: 2  Memory Usage: 2703kB
        ->  Hash Join  (cost=76379.89..430450.40 rows=88877 width=8) (actual time=3360.789..5397.339 rows=87711 loops=1)
              Hash Cond: (mi.movie_id = t.id)
              ->  Seq Scan on movie_info mi  (cost=0.00..346232.03 rows=420192 width=4) (actual time=1976.721..3933.438 rows=465636 loops=1)
                    Filter: (info_type_id > 103)
                    Rows Removed by Filter: 14370084
              ->  Hash  (cost=67604.59..67604.59 rows=534824 width=4) (actual time=1139.209..1139.209 rows=533369 loops=1)
                    Buckets: 131072  Batches: 8  Memory Usage: 3376kB
                    ->  Seq Scan on title t  (cost=0.00..67604.59 rows=534824 width=4) (actual time=0.027..963.288 rows=533369 loops=1)
                          Filter: (production_year > 2009)
                          Rows Removed by Filter: 1994943
Planning time: 0.936 ms
Execution time: 23511.268 ms
