Seq Scan on cast_info ci  (cost=0.00..796071.18 rows=104483 width=0) (actual time=9941.677..11696.401 rows=233091 loops=1)
  Filter: ((person_id > 2625616) AND (role_id > 10))
  Rows Removed by Filter: 36011253
Planning time: 0.316 ms
Execution time: 11726.043 ms
