Hash Join  (cost=153785.25..994503.50 rows=2253106 width=0) (actual time=3774.041..21325.591 rows=4391092 loops=1)
  Hash Cond: (ci.movie_id = t.id)
  ->  Seq Scan on cast_info ci  (cost=0.00..705507.15 rows=9543480 width=4) (actual time=503.214..12345.566 rows=9367591 loops=1)
        Filter: (person_id < 921961)
        Rows Removed by Filter: 26876753
  ->  Hash  (cost=143991.30..143991.30 rows=596956 width=8) (actual time=3269.885..3269.885 rows=555872 loops=1)
        Buckets: 131072  Batches: 8  Memory Usage: 3739kB
        ->  Hash Join  (cost=94666.80..143991.30 rows=596956 width=8) (actual time=1819.819..3131.631 rows=555872 loops=1)
              Hash Cond: (mi_idx.movie_id = t.id)
              ->  Seq Scan on movie_info_idx mi_idx  (cost=0.00..25185.44 rows=915101 width=4) (actual time=0.034..505.837 rows=919850 loops=1)
                    Filter: (info_type_id < 101)
                    Rows Removed by Filter: 460185
              ->  Hash  (cost=67604.59..67604.59 rows=1649457 width=4) (actual time=1814.741..1814.741 rows=1643514 loops=1)
                    Buckets: 131072  Batches: 32  Memory Usage: 2831kB
                    ->  Seq Scan on title t  (cost=0.00..67604.59 rows=1649457 width=4) (actual time=0.024..1297.658 rows=1643514 loops=1)
                          Filter: (production_year > 1994)
                          Rows Removed by Filter: 884798
Planning time: 1.205 ms
Execution time: 21856.983 ms
