Hash Join  (cost=195591.07..275695.06 rows=366647 width=0) (actual time=3576.101..5600.025 rows=523231 loops=1)
  Hash Cond: (mc.movie_id = t.id)
  ->  Seq Scan on movie_companies mc  (cost=0.00..44881.29 rows=2609129 width=4) (actual time=0.012..769.971 rows=2609129 loops=1)
  ->  Hash  (cost=189761.57..189761.57 rows=355320 width=8) (actual time=3575.138..3575.138 rows=165580 loops=1)
        Buckets: 131072  Batches: 8  Memory Usage: 1858kB
        ->  Hash Join  (cost=91235.85..189761.57 rows=355320 width=8) (actual time=1586.059..3523.157 rows=165580 loops=1)
              Hash Cond: (mk.movie_id = t.id)
              ->  Seq Scan on movie_keyword mk  (cost=0.00..81003.12 rows=851570 width=4) (actual time=0.021..1309.224 rows=857785 loops=1)
                    Filter: (keyword_id > 21415)
                    Rows Removed by Filter: 3666145
              ->  Hash  (cost=73925.90..73925.90 rows=1055036 width=4) (actual time=1583.803..1583.803 rows=1152351 loops=1)
                    Buckets: 131072  Batches: 16  Memory Usage: 3567kB
                    ->  Seq Scan on title t  (cost=0.00..73925.90 rows=1055036 width=4) (actual time=0.022..1202.268 rows=1152351 loops=1)
                          Filter: ((kind_id > 1) AND (production_year > 1999))
                          Rows Removed by Filter: 1375961
Planning time: 1.116 ms
Execution time: 5669.632 ms
