Seq Scan on cast_info ci  (cost=0.00..796071.18 rows=504726 width=0) (actual time=8216.590..10714.012 rows=2458570 loops=1)
  Filter: ((person_id > 3276337) AND (role_id = 10))
  Rows Removed by Filter: 33785774
Planning time: 0.376 ms
Execution time: 11030.142 ms
