Hash Join  (cost=70308.29..138627.84 rows=52004 width=0) (actual time=1475.084..2776.607 rows=18724 loops=1)
  Hash Cond: (mc.movie_id = t.id)
  ->  Seq Scan on movie_companies mc  (cost=0.00..57926.93 rows=798021 width=4) (actual time=0.017..1044.023 rows=583808 loops=1)
        Filter: ((company_id > 4441) AND (company_type_id = 1))
        Rows Removed by Filter: 2025321
  ->  Hash  (cost=67604.59..67604.59 rows=164776 width=4) (actual time=1474.145..1474.145 rows=164307 loops=1)
        Buckets: 131072  Batches: 4  Memory Usage: 2482kB
        ->  Seq Scan on title t  (cost=0.00..67604.59 rows=164776 width=4) (actual time=0.021..1173.756 rows=164307 loops=1)
              Filter: (production_year = 2012)
              Rows Removed by Filter: 2364005
Planning time: 0.837 ms
Execution time: 2779.609 ms
