Hash Join  (cost=154654.97..538510.42 rows=77562 width=0) (actual time=2774.164..10000.274 rows=1106781 loops=1)
  Hash Cond: (mi.movie_id = t.id)
  ->  Seq Scan on movie_info mi  (cost=0.00..309384.22 rows=14739122 width=4) (actual time=0.009..3954.660 rows=14835720 loops=1)
  ->  Hash  (cost=154488.65..154488.65 rows=13306 width=8) (actual time=2773.798..2773.798 rows=18311 loops=1)
        Buckets: 32768 (originally 16384)  Batches: 1 (originally 1)  Memory Usage: 972kB
        ->  Hash Join  (cost=67697.55..154488.65 rows=13306 width=8) (actual time=973.055..2766.953 rows=18311 loops=1)
              Hash Cond: (mk.movie_id = t.id)
              ->  Seq Scan on movie_keyword mk  (cost=0.00..69693.30 rows=4523930 width=4) (actual time=0.019..947.028 rows=4523930 loops=1)
              ->  Hash  (cost=67604.59..67604.59 rows=7437 width=4) (actual time=972.450..972.450 rows=10308 loops=1)
                    Buckets: 16384 (originally 8192)  Batches: 1 (originally 1)  Memory Usage: 491kB
                    ->  Seq Scan on title t  (cost=0.00..67604.59 rows=7437 width=4) (actual time=0.061..967.261 rows=10308 loops=1)
                          Filter: (production_year = 1962)
                          Rows Removed by Filter: 2518004
Planning time: 0.748 ms
Execution time: 10136.526 ms
