Hash Join  (cost=100885.02..187562.22 rows=1916 width=0) (actual time=1601.124..3250.763 rows=48781 loops=1)
  Hash Cond: (mk.movie_id = t.id)
  ->  Seq Scan on movie_keyword mk  (cost=0.00..69693.30 rows=4523930 width=4) (actual time=0.018..858.093 rows=4523930 loops=1)
  ->  Hash  (cost=100871.63..100871.63 rows=1071 width=8) (actual time=1586.232..1586.232 rows=3266 loops=1)
        Buckets: 4096 (originally 2048)  Batches: 1 (originally 1)  Memory Usage: 160kB
        ->  Hash Join  (cost=73950.44..100871.63 rows=1071 width=8) (actual time=1042.199..1584.832 rows=3266 loops=1)
              Hash Cond: (mi_idx.movie_id = t.id)
              ->  Seq Scan on movie_info_idx mi_idx  (cost=0.00..21735.35 rows=1380035 width=4) (actual time=0.021..265.516 rows=1380035 loops=1)
              ->  Hash  (cost=73925.90..73925.90 rows=1963 width=4) (actual time=1042.152..1042.152 rows=2465 loops=1)
                    Buckets: 4096 (originally 2048)  Batches: 1 (originally 1)  Memory Usage: 119kB
                    ->  Seq Scan on title t  (cost=0.00..73925.90 rows=1963 width=4) (actual time=0.043..1040.860 rows=2465 loops=1)
                          Filter: ((kind_id = 1) AND (production_year = 1951))
                          Rows Removed by Filter: 2525847
Planning time: 0.959 ms
Execution time: 3257.312 ms
