Hash Join  (cost=223049.34..1304389.71 rows=9274997 width=0) (actual time=5088.869..47906.932 rows=70245600 loops=1)
  Hash Cond: (ci.movie_id = t.id)
  ->  Seq Scan on cast_info ci  (cost=0.00..705507.15 rows=24154726 width=4) (actual time=0.026..13996.834 rows=24260160 loops=1)
        Filter: (person_id > 1179515)
        Rows Removed by Filter: 11984184
  ->  Hash  (cost=207119.95..207119.95 rows=970911 width=8) (actual time=5087.874..5087.874 rows=2105566 loops=1)
        Buckets: 131072 (originally 131072)  Batches: 32 (originally 16)  Memory Usage: 3582kB
        ->  Hash Join  (cost=83810.17..207119.95 rows=970911 width=8) (actual time=1253.320..4499.042 rows=2105566 loops=1)
              Hash Cond: (mk.movie_id = t.id)
              ->  Seq Scan on movie_keyword mk  (cost=0.00..81003.12 rows=2485478 width=4) (actual time=0.025..1470.325 rows=2480656 loops=1)
                    Filter: (keyword_id > 3644)
                    Rows Removed by Filter: 2043274
              ->  Hash  (cost=67604.59..67604.59 rows=987727 width=4) (actual time=1252.416..1252.416 rows=985048 loops=1)
                    Buckets: 131072  Batches: 16  Memory Usage: 3197kB
                    ->  Seq Scan on title t  (cost=0.00..67604.59 rows=987727 width=4) (actual time=0.026..959.670 rows=985048 loops=1)
                          Filter: (kind_id < 7)
                          Rows Removed by Filter: 1543264
Planning time: 1.692 ms
Execution time: 54705.283 ms
