Hash Join  (cost=73962.22..827338.30 rows=14621 width=0) (actual time=6364.981..15983.072 rows=32566 loops=1)
  Hash Cond: (ci.movie_id = t.id)
  ->  Seq Scan on cast_info ci  (cost=0.00..705507.15 rows=12726058 width=4) (actual time=5438.621..12937.679 rows=12670688 loops=1)
        Filter: (role_id < 2)
        Rows Removed by Filter: 23573656
  ->  Hash  (cost=73925.90..73925.90 rows=2905 width=4) (actual time=926.108..926.108 rows=4962 loops=1)
        Buckets: 8192 (originally 4096)  Batches: 1 (originally 1)  Memory Usage: 239kB
        ->  Seq Scan on title t  (cost=0.00..73925.90 rows=2905 width=4) (actual time=0.042..923.496 rows=4962 loops=1)
              Filter: ((kind_id < 7) AND (production_year = 1964))
              Rows Removed by Filter: 2523350
Planning time: 0.800 ms
Execution time: 15989.569 ms
