Nested Loop  (cost=0.43..52284.21 rows=1 width=0) (actual time=245.850..731.694 rows=1 loops=1)
  ->  Seq Scan on movie_companies mc  (cost=0.00..51404.11 rows=104 width=4) (actual time=5.053..728.701 rows=198 loops=1)
        Filter: (company_id = 40969)
        Rows Removed by Filter: 2608931
  ->  Index Scan using title_pkey on title t  (cost=0.43..8.45 rows=1 width=4) (actual time=0.014..0.014 rows=0 loops=198)
        Index Cond: (id = mc.movie_id)
        Filter: ((production_year > 2012) AND (kind_id = 1))
        Rows Removed by Filter: 1
Planning time: 0.839 ms
Execution time: 731.823 ms
