Nested Loop  (cost=0.43..58358.27 rows=51 width=0) (actual time=106.855..707.109 rows=22 loops=1)
  ->  Seq Scan on movie_companies mc  (cost=0.00..57926.93 rows=51 width=4) (actual time=106.742..706.095 rows=22 loops=1)
        Filter: ((company_id = 24125) AND (company_type_id = 1))
        Rows Removed by Filter: 2609107
  ->  Index Only Scan using title_pkey on title t  (cost=0.43..8.45 rows=1 width=4) (actual time=0.040..0.041 rows=1 loops=22)
        Index Cond: (id = mc.movie_id)
        Heap Fetches: 22
Planning time: 0.872 ms
Execution time: 707.188 ms
