Hash Join  (cost=187680.47..264214.29 rows=202052 width=0) (actual time=3723.057..7162.553 rows=4118835 loops=1)
  Hash Cond: (mc.movie_id = t.id)
  ->  Seq Scan on movie_companies mc  (cost=0.00..51404.11 rows=1908052 width=4) (actual time=0.132..1019.398 rows=1917679 loops=1)
        Filter: (company_id > 1271)
        Rows Removed by Filter: 691450
  ->  Hash  (cost=183287.50..183287.50 rows=267757 width=8) (actual time=3722.166..3722.166 rows=727839 loops=1)
        Buckets: 131072 (originally 131072)  Batches: 16 (originally 4)  Memory Usage: 3073kB
        ->  Hash Join  (cost=86252.72..183287.50 rows=267757 width=8) (actual time=1351.260..3492.120 rows=727839 loops=1)
              Hash Cond: (mk.movie_id = t.id)
              ->  Seq Scan on movie_keyword mk  (cost=0.00..81003.12 rows=901091 width=4) (actual time=0.021..1344.644 rows=906014 loops=1)
                    Filter: (keyword_id < 865)
                    Rows Removed by Filter: 3617916
              ->  Hash  (cost=73925.90..73925.90 rows=751345 width=4) (actual time=1349.988..1349.988 rows=793943 loops=1)
                    Buckets: 131072  Batches: 16  Memory Usage: 2779kB
                    ->  Seq Scan on title t  (cost=0.00..73925.90 rows=751345 width=4) (actual time=0.016..1098.215 rows=793943 loops=1)
                          Filter: ((kind_id < 7) AND (production_year < 2010))
                          Rows Removed by Filter: 1734369
Planning time: 1.231 ms
Execution time: 7614.524 ms
