Hash Join  (cost=238284.15..391220.65 rows=2449874 width=0) (actual time=5519.215..13004.574 rows=18036627 loops=1)
  Hash Cond: (mk.movie_id = t.id)
  ->  Seq Scan on movie_keyword mk  (cost=0.00..81003.12 rows=3091127 width=4) (actual time=0.014..1636.653 rows=3075469 loops=1)
        Filter: (keyword_id > 2035)
        Rows Removed by Filter: 1448461
  ->  Hash  (cost=205405.33..205405.33 rows=2003985 width=8) (actual time=5517.691..5517.691 rows=1726648 loops=1)
        Buckets: 131072  Batches: 32  Memory Usage: 3180kB
        ->  Hash Join  (cost=99467.55..205405.33 rows=2003985 width=8) (actual time=1768.686..5041.567 rows=1726648 loops=1)
              Hash Cond: (mc.movie_id = t.id)
              ->  Seq Scan on movie_companies mc  (cost=0.00..44881.29 rows=2609129 width=4) (actual time=0.023..829.602 rows=2609129 loops=1)
              ->  Hash  (cost=67604.59..67604.59 rows=1942077 width=4) (actual time=1767.695..1767.695 rows=1932484 loops=1)
                    Buckets: 131072  Batches: 32  Memory Usage: 3155kB
                    ->  Seq Scan on title t  (cost=0.00..67604.59 rows=1942077 width=4) (actual time=0.027..1146.917 rows=1932484 loops=1)
                          Filter: (production_year > 1980)
                          Rows Removed by Filter: 595828
Planning time: 1.856 ms
Execution time: 15134.651 ms
