Seq Scan on movie_companies mc  (cost=0.00..57926.93 rows=53 width=0) (actual time=3.491..829.140 rows=495 loops=1)
  Filter: ((company_id = 10822) AND (company_type_id = 2))
  Rows Removed by Filter: 2608634
Planning time: 0.325 ms
Execution time: 829.309 ms
