Hash Join  (cost=102767.86..253456.00 rows=2485478 width=0) (actual time=1744.986..5484.109 rows=2480656 loops=1)
  Hash Cond: (mk.movie_id = t.id)
  ->  Seq Scan on movie_keyword mk  (cost=0.00..81003.12 rows=2485478 width=4) (actual time=0.022..1587.300 rows=2480656 loops=1)
        Filter: (keyword_id > 3644)
        Rows Removed by Filter: 2043274
  ->  Hash  (cost=61283.27..61283.27 rows=2528527 width=4) (actual time=1743.546..1743.546 rows=2528312 loops=1)
        Buckets: 131072  Batches: 64  Memory Usage: 2425kB
        ->  Seq Scan on title t  (cost=0.00..61283.27 rows=2528527 width=4) (actual time=0.024..862.627 rows=2528312 loops=1)
Planning time: 0.773 ms
Execution time: 5763.590 ms
