Hash Join  (cost=190230.21..282527.47 rows=1138424 width=0) (actual time=4905.728..8240.095 rows=3344249 loops=1)
  Hash Cond: (mc.movie_id = t.id)
  ->  Seq Scan on movie_companies mc  (cost=0.00..51404.11 rows=2085842 width=4) (actual time=0.025..1124.072 rows=2081161 loops=1)
        Filter: (company_id < 72874)
        Rows Removed by Filter: 527968
  ->  Hash  (cost=167588.78..167588.78 rows=1380035 width=8) (actual time=4904.542..4904.542 rows=1380035 loops=1)
        Buckets: 131072  Batches: 32  Memory Usage: 2708kB
        ->  Hash Join  (cost=102767.86..167588.78 rows=1380035 width=8) (actual time=1880.371..3891.918 rows=1380035 loops=1)
              Hash Cond: (mi_idx.movie_id = t.id)
              ->  Seq Scan on movie_info_idx mi_idx  (cost=0.00..21735.35 rows=1380035 width=4) (actual time=0.050..458.369 rows=1380035 loops=1)
              ->  Hash  (cost=61283.27..61283.27 rows=2528527 width=4) (actual time=1878.583..1878.583 rows=2528312 loops=1)
                    Buckets: 131072  Batches: 64  Memory Usage: 2415kB
                    ->  Seq Scan on title t  (cost=0.00..61283.27 rows=2528527 width=4) (actual time=0.016..1042.545 rows=2528312 loops=1)
Planning time: 1.175 ms
Execution time: 8672.236 ms
