Hash Join  (cost=298395.90..1745129.70 rows=35788954 width=0) (actual time=5316.659..39659.132 rows=20272475 loops=1)
  Hash Cond: (ci.movie_id = t.id)
  ->  Seq Scan on cast_info ci  (cost=0.00..614943.12 rows=36225612 width=4) (actual time=0.011..12295.013 rows=36244344 loops=1)
  ->  Hash  (cost=257411.29..257411.29 rows=2498049 width=8) (actual time=5315.068..5315.068 rows=592370 loops=1)
        Buckets: 131072  Batches: 64  Memory Usage: 1370kB
        ->  Hash Join  (cost=92883.59..257411.29 rows=2498049 width=8) (actual time=2918.906..5149.249 rows=592370 loops=1)
              Hash Cond: (mk.movie_id = t.id)
              ->  Seq Scan on movie_keyword mk  (cost=0.00..81003.12 rows=4099418 width=4) (actual time=0.008..1575.959 rows=4087742 loops=1)
                    Filter: (keyword_id > 335)
                    Rows Removed by Filter: 436188
              ->  Hash  (cost=67604.59..67604.59 rows=1540800 width=4) (actual time=1489.981..1489.981 rows=1543264 loops=1)
                    Buckets: 131072  Batches: 32  Memory Usage: 2728kB
                    ->  Seq Scan on title t  (cost=0.00..67604.59 rows=1540800 width=4) (actual time=232.173..993.349 rows=1543264 loops=1)
                          Filter: (kind_id = 7)
                          Rows Removed by Filter: 985048
Planning time: 0.737 ms
Execution time: 41848.705 ms
