Hash Join  (cost=164300.97..278046.41 rows=688043 width=0) (actual time=3578.508..6560.687 rows=2392738 loops=1)
  Hash Cond: (mk.movie_id = t.id)
  ->  Seq Scan on movie_keyword mk  (cost=0.00..81003.12 rows=1932501 width=4) (actual time=0.024..1435.481 rows=1947380 loops=1)
        Filter: (keyword_id < 3368)
        Rows Removed by Filter: 2576550
  ->  Hash  (cost=149530.83..149530.83 rows=900251 width=8) (actual time=3572.576..3572.576 rows=833913 loops=1)
        Buckets: 131072  Batches: 16  Memory Usage: 3073kB
        ->  Hash Join  (cost=94666.80..149530.83 rows=900251 width=8) (actual time=1693.541..3313.203 rows=833913 loops=1)
              Hash Cond: (mi_idx.movie_id = t.id)
              ->  Seq Scan on movie_info_idx mi_idx  (cost=0.00..21735.35 rows=1380035 width=4) (actual time=0.016..409.240 rows=1380035 loops=1)
              ->  Hash  (cost=67604.59..67604.59 rows=1649457 width=4) (actual time=1692.588..1692.588 rows=1643514 loops=1)
                    Buckets: 131072  Batches: 32  Memory Usage: 2831kB
                    ->  Seq Scan on title t  (cost=0.00..67604.59 rows=1649457 width=4) (actual time=0.025..1159.477 rows=1643514 loops=1)
                          Filter: (production_year > 1994)
                          Rows Removed by Filter: 884798
Planning time: 2.314 ms
Execution time: 6876.674 ms
