Hash Join  (cost=80560.63..792256.99 rows=56003 width=0) (actual time=3452.346..13332.058 rows=62056 loops=1)
  Hash Cond: (ci.movie_id = t.id)
  ->  Seq Scan on cast_info ci  (cost=0.00..705507.15 rows=350181 width=4) (actual time=2100.032..11768.332 rows=316118 loops=1)
        Filter: (role_id > 10)
        Rows Removed by Filter: 35928226
  ->  Hash  (cost=73925.90..73925.90 rows=404378 width=4) (actual time=1351.385..1351.385 rows=296768 loops=1)
        Buckets: 131072  Batches: 8  Memory Usage: 2332kB
        ->  Seq Scan on title t  (cost=0.00..73925.90 rows=404378 width=4) (actual time=582.269..1255.860 rows=296768 loops=1)
              Filter: ((production_year > 1997) AND (kind_id = 1))
              Rows Removed by Filter: 2231544
Planning time: 0.797 ms
Execution time: 13340.543 ms
