Seq Scan on cast_info ci  (cost=0.00..796071.18 rows=60 width=0) (actual time=2252.979..10193.302 rows=18 loops=1)
  Filter: ((person_id = 3565749) AND (role_id = 10))
  Rows Removed by Filter: 36244326
Planning time: 0.404 ms
Execution time: 10193.403 ms
