Hash Join  (cost=68237.77..156710.07 rows=37879 width=0) (actual time=1031.492..2806.899 rows=44058 loops=1)
  Hash Cond: (mk.movie_id = t.id)
  ->  Seq Scan on movie_keyword mk  (cost=0.00..81003.12 rows=1890768 width=4) (actual time=0.016..1416.245 rows=1901968 loops=1)
        Filter: (keyword_id < 3262)
        Rows Removed by Filter: 2621962
  ->  Hash  (cost=67604.59..67604.59 rows=50655 width=4) (actual time=1030.736..1030.736 rows=50564 loops=1)
        Buckets: 65536  Batches: 1  Memory Usage: 2290kB
        ->  Seq Scan on title t  (cost=0.00..67604.59 rows=50655 width=4) (actual time=0.047..1009.874 rows=50564 loops=1)
              Filter: (production_year = 1999)
              Rows Removed by Filter: 2477748
Planning time: 0.819 ms
Execution time: 2813.283 ms
