Hash Join  (cost=98137.04..276330.71 rows=3280711 width=0) (actual time=2417.414..6789.943 rows=1628577 loops=1)
  Hash Cond: (mk.movie_id = t.id)
  ->  Seq Scan on movie_keyword mk  (cost=0.00..81003.12 rows=4457487 width=4) (actual time=0.022..1666.106 rows=4459539 loops=1)
        Filter: (keyword_id < 93335)
        Rows Removed by Filter: 64391
  ->  Hash  (cost=67604.59..67604.59 rows=1860996 width=4) (actual time=2415.424..2415.424 rows=1865487 loops=1)
        Buckets: 131072  Batches: 32  Memory Usage: 3085kB
        ->  Seq Scan on title t  (cost=0.00..67604.59 rows=1860996 width=4) (actual time=0.014..1209.611 rows=1865487 loops=1)
              Filter: (kind_id > 1)
              Rows Removed by Filter: 662825
Planning time: 0.763 ms
Execution time: 6987.428 ms
