Hash Join  (cost=83810.17..156482.13 rows=274902 width=0) (actual time=1349.243..2753.215 rows=242072 loops=1)
  Hash Cond: (mc.movie_id = t.id)
  ->  Seq Scan on movie_companies mc  (cost=0.00..57926.93 rows=703734 width=4) (actual time=0.077..945.985 rows=443978 loops=1)
        Filter: ((company_id < 11777) AND (company_type_id > 1))
        Rows Removed by Filter: 2165151
  ->  Hash  (cost=67604.59..67604.59 rows=987727 width=4) (actual time=1348.250..1348.250 rows=985048 loops=1)
        Buckets: 131072  Batches: 16  Memory Usage: 3188kB
        ->  Seq Scan on title t  (cost=0.00..67604.59 rows=987727 width=4) (actual time=0.031..1042.178 rows=985048 loops=1)
              Filter: (kind_id < 7)
              Rows Removed by Filter: 1543264
Planning time: 2.157 ms
Execution time: 2784.453 ms
