Hash Join  (cost=709678.15..1074363.23 rows=2915 width=0) (actual time=10337.008..16704.645 rows=371 loops=1)
  Hash Cond: (mi.movie_id = t.id)
  ->  Seq Scan on movie_info mi  (cost=0.00..309384.22 rows=14739122 width=4) (actual time=0.023..3987.744 rows=14835720 loops=1)
  ->  Hash  (cost=709671.90..709671.90 rows=500 width=8) (actual time=10037.559..10037.559 rows=29 loops=1)
        Buckets: 1024  Batches: 1  Memory Usage: 10kB
        ->  Nested Loop  (cost=0.43..709671.90 rows=500 width=8) (actual time=3122.347..10037.496 rows=29 loops=1)
              ->  Seq Scan on cast_info ci  (cost=0.00..705507.15 rows=500 width=4) (actual time=3122.246..10033.486 rows=29 loops=1)
                    Filter: (person_id = 3156883)
                    Rows Removed by Filter: 36244315
              ->  Index Only Scan using title_pkey on title t  (cost=0.43..8.32 rows=1 width=4) (actual time=0.135..0.135 rows=1 loops=29)
                    Index Cond: (id = ci.movie_id)
                    Heap Fetches: 29
Planning time: 1.188 ms
Execution time: 16705.014 ms
