Hash Join  (cost=100921.83..454946.40 rows=1543 width=0) (actual time=2035.347..6635.133 rows=9096 loops=1)
  Hash Cond: (mi.movie_id = t.id)
  ->  Seq Scan on movie_info mi  (cost=0.00..346232.03 rows=2073893 width=4) (actual time=433.264..4870.741 rows=2091068 loops=1)
        Filter: (info_type_id < 3)
        Rows Removed by Filter: 12744652
  ->  Hash  (cost=100898.31..100898.31 rows=1882 width=8) (actual time=1455.610..1455.610 rows=4878 loops=1)
        Buckets: 8192 (originally 2048)  Batches: 1 (originally 1)  Memory Usage: 255kB
        ->  Hash Join  (cost=73969.01..100898.31 rows=1882 width=8) (actual time=862.119..1453.745 rows=4878 loops=1)
              Hash Cond: (mi_idx.movie_id = t.id)
              ->  Seq Scan on movie_info_idx mi_idx  (cost=0.00..21735.35 rows=1380035 width=4) (actual time=0.023..315.326 rows=1380035 loops=1)
              ->  Hash  (cost=73925.90..73925.90 rows=3448 width=4) (actual time=861.514..861.514 rows=3637 loops=1)
                    Buckets: 4096  Batches: 1  Memory Usage: 160kB
                    ->  Seq Scan on title t  (cost=0.00..73925.90 rows=3448 width=4) (actual time=530.988..859.730 rows=3637 loops=1)
                          Filter: ((kind_id = 3) AND (production_year = 2004))
                          Rows Removed by Filter: 2524675
Planning time: 1.186 ms
Execution time: 6636.775 ms
