Hash Join  (cost=272036.03..377900.46 rows=1998649 width=0) (actual time=5949.446..12381.673 rows=14255283 loops=1)
  Hash Cond: (mc.movie_id = t.id)
  ->  Seq Scan on movie_companies mc  (cost=0.00..44881.29 rows=2609129 width=4) (actual time=0.025..884.270 rows=2609129 loops=1)
  ->  Hash  (cost=240257.71..240257.71 rows=1936906 width=8) (actual time=5948.025..5948.025 rows=1949768 loops=1)
        Buckets: 131072  Batches: 32  Memory Usage: 3389kB
        ->  Hash Join  (cost=102767.86..240257.71 rows=1936906 width=8) (actual time=2000.255..5397.952 rows=1949768 loops=1)
              Hash Cond: (mk.movie_id = t.id)
              ->  Seq Scan on movie_keyword mk  (cost=0.00..81003.12 rows=1936906 width=4) (actual time=0.008..1455.158 rows=1949768 loops=1)
                    Filter: (keyword_id < 3381)
                    Rows Removed by Filter: 2574162
              ->  Hash  (cost=61283.27..61283.27 rows=2528527 width=4) (actual time=1998.889..1998.889 rows=2528312 loops=1)
                    Buckets: 131072  Batches: 64  Memory Usage: 2425kB
                    ->  Seq Scan on title t  (cost=0.00..61283.27 rows=2528527 width=4) (actual time=0.012..1103.811 rows=2528312 loops=1)
Planning time: 1.136 ms
Execution time: 14081.500 ms
