Seq Scan on cast_info ci  (cost=0.00..705507.15 rows=35219489 width=0) (actual time=0.019..12347.136 rows=35365705 loops=1)
  Filter: (person_id > 92321)
  Rows Removed by Filter: 878639
Planning time: 0.335 ms
Execution time: 16714.609 ms
