Hash Join  (cost=74451.58..839714.17 rows=253769 width=0) (actual time=4900.641..19260.317 rows=446993 loops=1)
  Hash Cond: (ci.movie_id = t.id)
  ->  Seq Scan on cast_info ci  (cost=0.00..705507.15 rows=15258066 width=4) (actual time=3880.811..11138.231 rows=15400091 loops=1)
        Filter: (person_id > 2100378)
        Rows Removed by Filter: 20844253
  ->  Hash  (cost=73925.90..73925.90 rows=42054 width=4) (actual time=1019.030..1019.030 rows=161366 loops=1)
        Buckets: 131072 (originally 65536)  Batches: 2 (originally 1)  Memory Usage: 3861kB
        ->  Seq Scan on title t  (cost=0.00..73925.90 rows=42054 width=4) (actual time=459.725..957.516 rows=161366 loops=1)
              Filter: ((production_year < 1950) AND (kind_id = 1))
              Rows Removed by Filter: 2366946
Planning time: 1.012 ms
Execution time: 19317.342 ms
