Seq Scan on movie_keyword mk  (cost=0.00..81003.12 rows=3398670 width=0) (actual time=0.015..1490.072 rows=3389815 loops=1)
  Filter: (keyword_id > 1251)
  Rows Removed by Filter: 1134115
Planning time: 0.319 ms
Execution time: 1925.863 ms
