Seq Scan on movie_keyword mk  (cost=0.00..81003.12 rows=2998809 width=0) (actual time=0.024..1375.486 rows=2983390 loops=1)
  Filter: (keyword_id < 10290)
  Rows Removed by Filter: 1540540
Planning time: 0.353 ms
Execution time: 1761.295 ms
