Seq Scan on movie_keyword mk  (cost=0.00..81003.12 rows=599982 width=0) (actual time=0.025..1254.302 rows=602229 loops=1)
  Filter: (keyword_id > 30582)
  Rows Removed by Filter: 3921701
Planning time: 0.365 ms
Execution time: 1333.051 ms
