Hash Join  (cost=74210.29..161275.38 rows=40705 width=0) (actual time=1151.011..2998.326 rows=101621 loops=1)
  Hash Cond: (mk.movie_id = t.id)
  ->  Seq Scan on movie_keyword mk  (cost=0.00..69693.30 rows=4523930 width=4) (actual time=0.018..968.564 rows=4523930 loops=1)
  ->  Hash  (cost=73925.90..73925.90 rows=22751 width=4) (actual time=1150.665..1150.665 rows=18892 loops=1)
        Buckets: 32768  Batches: 1  Memory Usage: 921kB
        ->  Seq Scan on title t  (cost=0.00..73925.90 rows=22751 width=4) (actual time=0.024..1142.299 rows=18892 loops=1)
              Filter: ((kind_id < 7) AND (production_year = 2001))
              Rows Removed by Filter: 2509420
Planning time: 0.789 ms
Execution time: 3011.993 ms
