Hash Join  (cost=183002.95..215324.81 rows=56430 width=0) (actual time=3527.285..4366.448 rows=251677 loops=1)
  Hash Cond: (mi_idx.movie_id = t.id)
  ->  Seq Scan on movie_info_idx mi_idx  (cost=0.00..25185.44 rows=464566 width=4) (actual time=0.034..461.703 rows=459925 loops=1)
        Filter: (info_type_id = 101)
        Rows Removed by Filter: 920110
  ->  Hash  (cost=177963.75..177963.75 rows=307136 width=8) (actual time=3526.295..3526.295 rows=448948 loops=1)
        Buckets: 131072  Batches: 8  Memory Usage: 3208kB
        ->  Hash Join  (cost=102767.86..177963.75 rows=307136 width=8) (actual time=1879.327..3399.798 rows=448948 loops=1)
              Hash Cond: (mc.movie_id = t.id)
              ->  Seq Scan on movie_companies mc  (cost=0.00..57926.93 rows=307136 width=4) (actual time=95.655..863.867 rows=448948 loops=1)
                    Filter: ((company_id < 776) AND (company_type_id = 1))
                    Rows Removed by Filter: 2160181
              ->  Hash  (cost=61283.27..61283.27 rows=2528527 width=4) (actual time=1782.381..1782.381 rows=2528312 loops=1)
                    Buckets: 131072  Batches: 64  Memory Usage: 2415kB
                    ->  Seq Scan on title t  (cost=0.00..61283.27 rows=2528527 width=4) (actual time=0.022..952.935 rows=2528312 loops=1)
Planning time: 2.370 ms
Execution time: 4398.929 ms
