Seq Scan on movie_companies mc  (cost=0.00..57926.93 rows=379266 width=0) (actual time=194.337..813.916 rows=218186 loops=1)
  Filter: ((company_id < 1451) AND (company_type_id > 1))
  Rows Removed by Filter: 2390943
Planning time: 0.366 ms
Execution time: 842.502 ms
