Hash Join  (cost=193761.56..328253.23 rows=1025063 width=0) (actual time=4119.603..8164.765 rows=6236524 loops=1)
  Hash Cond: (mk.movie_id = t.id)
  ->  Seq Scan on movie_keyword mk  (cost=0.00..69693.30 rows=4523930 width=4) (actual time=0.010..1341.821 rows=4523930 loops=1)
  ->  Hash  (cost=184360.92..184360.92 rows=572931 width=8) (actual time=4118.224..4118.224 rows=298757 loops=1)
        Buckets: 131072  Batches: 8  Memory Usage: 2508kB
        ->  Hash Join  (cost=102767.86..184360.92 rows=572931 width=8) (actual time=3004.887..4022.409 rows=298757 loops=1)
              Hash Cond: (mc.movie_id = t.id)
              ->  Seq Scan on movie_companies mc  (cost=0.00..57926.93 rows=572931 width=4) (actual time=522.201..865.597 rows=298757 loops=1)
                    Filter: ((company_id > 12688) AND (company_type_id < 2))
                    Rows Removed by Filter: 2310372
              ->  Hash  (cost=61283.27..61283.27 rows=2528527 width=4) (actual time=2480.737..2480.737 rows=2528312 loops=1)
                    Buckets: 131072  Batches: 64  Memory Usage: 2415kB
                    ->  Seq Scan on title t  (cost=0.00..61283.27 rows=2528527 width=4) (actual time=0.024..929.748 rows=2528312 loops=1)
Planning time: 0.816 ms
Execution time: 8648.574 ms
