Hash Join  (cost=67697.55..128947.99 rows=2586 width=0) (actual time=1208.781..2051.797 rows=2529 loops=1)
  Hash Cond: (mc.movie_id = t.id)
  ->  Seq Scan on movie_companies mc  (cost=0.00..57926.93 rows=879371 width=4) (actual time=33.093..983.995 rows=1077989 loops=1)
        Filter: ((company_id > 2609) AND (company_type_id > 1))
        Rows Removed by Filter: 1531140
  ->  Hash  (cost=67604.59..67604.59 rows=7437 width=4) (actual time=906.962..906.962 rows=2712 loops=1)
        Buckets: 8192  Batches: 1  Memory Usage: 160kB
        ->  Seq Scan on title t  (cost=0.00..67604.59 rows=7437 width=4) (actual time=0.034..905.634 rows=2712 loops=1)
              Filter: (production_year = 1908)
              Rows Removed by Filter: 2525600
Planning time: 0.821 ms
Execution time: 2052.347 ms
