Hash Join  (cost=129657.98..216867.31 rows=55129 width=0) (actual time=1992.037..4083.450 rows=1303294 loops=1)
  Hash Cond: (mk.movie_id = t.id)
  ->  Seq Scan on movie_keyword mk  (cost=0.00..69693.30 rows=4523930 width=4) (actual time=0.022..929.992 rows=4523930 loops=1)
  ->  Hash  (cost=129272.82..129272.82 rows=30813 width=8) (actual time=1991.230..1991.230 rows=39710 loops=1)
        Buckets: 65536 (originally 32768)  Batches: 1 (originally 1)  Memory Usage: 2064kB
        ->  Hash Join  (cost=74299.17..129272.82 rows=30813 width=8) (actual time=912.107..1975.644 rows=39710 loops=1)
              Hash Cond: (mc.movie_id = t.id)
              ->  Seq Scan on movie_companies mc  (cost=0.00..44881.29 rows=2609129 width=4) (actual time=0.021..480.568 rows=2609129 loops=1)
              ->  Hash  (cost=73925.90..73925.90 rows=29861 width=4) (actual time=911.887..911.887 rows=17772 loops=1)
                    Buckets: 32768  Batches: 1  Memory Usage: 881kB
                    ->  Seq Scan on title t  (cost=0.00..73925.90 rows=29861 width=4) (actual time=254.984..904.953 rows=17772 loops=1)
                          Filter: ((kind_id = 1) AND (production_year = 2007))
                          Rows Removed by Filter: 2510540
Planning time: 1.228 ms
Execution time: 4250.410 ms
