Hash Join  (cost=821422.19..1242505.68 rows=115586 width=0) (actual time=13274.253..19633.988 rows=189070 loops=1)
  Hash Cond: (mi.movie_id = t.id)
  ->  Seq Scan on movie_info mi  (cost=0.00..309384.22 rows=14739122 width=4) (actual time=0.021..3272.774 rows=14835720 loops=1)
  ->  Hash  (cost=821174.32..821174.32 rows=19829 width=8) (actual time=13108.658..13108.658 rows=35192 loops=1)
        Buckets: 65536 (originally 32768)  Batches: 1 (originally 1)  Memory Usage: 1887kB
        ->  Hash Join  (cost=73982.55..821174.32 rows=19829 width=8) (actual time=2061.947..13091.780 rows=35192 loops=1)
              Hash Cond: (ci.movie_id = t.id)
              ->  Seq Scan on cast_info ci  (cost=0.00..705507.15 rows=11063021 width=4) (actual time=11.248..10026.094 rows=10975742 loops=1)
                    Filter: (person_id < 1078662)
                    Rows Removed by Filter: 25268602
              ->  Hash  (cost=73925.90..73925.90 rows=4532 width=4) (actual time=1039.775..1039.775 rows=8269 loops=1)
                    Buckets: 16384 (originally 8192)  Batches: 1 (originally 1)  Memory Usage: 419kB
                    ->  Seq Scan on title t  (cost=0.00..73925.90 rows=4532 width=4) (actual time=0.743..1035.584 rows=8269 loops=1)
                          Filter: ((kind_id = 7) AND (production_year = 1971))
                          Rows Removed by Filter: 2520043
Planning time: 1.306 ms
Execution time: 19654.451 ms
