Hash Join  (cost=102767.86..186132.38 rows=646621 width=0) (actual time=1825.998..4033.134 rows=899316 loops=1)
  Hash Cond: (mc.movie_id = t.id)
  ->  Seq Scan on movie_companies mc  (cost=0.00..57926.93 rows=646621 width=4) (actual time=101.572..924.699 rows=899316 loops=1)
        Filter: ((company_id > 11388) AND (company_type_id = 2))
        Rows Removed by Filter: 1709813
  ->  Hash  (cost=61283.27..61283.27 rows=2528527 width=4) (actual time=1723.157..1723.157 rows=2528312 loops=1)
        Buckets: 131072  Batches: 64  Memory Usage: 2415kB
        ->  Seq Scan on title t  (cost=0.00..61283.27 rows=2528527 width=4) (actual time=0.018..880.681 rows=2528312 loops=1)
Planning time: 0.835 ms
Execution time: 4144.923 ms
