Hash Join  (cost=130078.93..636092.70 rows=955904 width=0) (actual time=2834.831..15075.016 rows=800263 loops=1)
  Hash Cond: (mi.movie_id = t.id)
  ->  Seq Scan on movie_info mi  (cost=0.00..346232.03 rows=12928982 width=4) (actual time=0.014..6610.224 rows=12970088 loops=1)
        Filter: (info_type_id < 18)
        Rows Removed by Filter: 1865632
  ->  Hash  (cost=127011.09..127011.09 rows=186947 width=8) (actual time=2789.325..2789.325 rows=103238 loops=1)
        Buckets: 131072  Batches: 4  Memory Usage: 2038kB
        ->  Hash Join  (cost=90606.68..127011.09 rows=186947 width=8) (actual time=2040.642..2755.369 rows=103238 loops=1)
              Hash Cond: (mi_idx.movie_id = t.id)
              ->  Seq Scan on movie_info_idx mi_idx  (cost=0.00..25185.44 rows=464934 width=4) (actual time=0.011..453.701 rows=460185 loops=1)
                    Filter: (info_type_id > 100)
                    Rows Removed by Filter: 919850
              ->  Hash  (cost=73925.90..73925.90 rows=1016702 width=4) (actual time=1880.529..1880.529 rows=960113 loops=1)
                    Buckets: 131072  Batches: 16  Memory Usage: 3135kB
                    ->  Seq Scan on title t  (cost=0.00..73925.90 rows=1016702 width=4) (actual time=0.023..1339.340 rows=960113 loops=1)
                          Filter: ((production_year < 2008) AND (kind_id = 7))
                          Rows Removed by Filter: 1568199
Planning time: 1.001 ms
Execution time: 15176.696 ms
