Hash Join  (cost=148712.82..983929.72 rows=555734 width=0) (actual time=2796.097..17942.674 rows=1771509 loops=1)
  Hash Cond: (ci.movie_id = t.id)
  ->  Seq Scan on cast_info ci  (cost=0.00..705507.15 rows=10692910 width=4) (actual time=0.024..10870.928 rows=10697778 loops=1)
        Filter: (person_id > 2638129)
        Rows Removed by Filter: 25546566
  ->  Hash  (cost=146556.15..146556.15 rows=131413 width=8) (actual time=2795.315..2795.315 rows=115325 loops=1)
        Buckets: 131072  Batches: 2  Memory Usage: 3270kB
        ->  Hash Join  (cost=69694.50..146556.15 rows=131413 width=8) (actual time=1028.577..2756.552 rows=115325 loops=1)
              Hash Cond: (mc.movie_id = t.id)
              ->  Seq Scan on movie_companies mc  (cost=0.00..44881.29 rows=2609129 width=4) (actual time=0.026..767.351 rows=2609129 loops=1)
              ->  Hash  (cost=67604.59..67604.59 rows=127353 width=4) (actual time=1027.776..1027.776 rows=128696 loops=1)
                    Buckets: 131072  Batches: 2  Memory Usage: 3284kB
                    ->  Seq Scan on title t  (cost=0.00..67604.59 rows=127353 width=4) (actual time=0.016..977.254 rows=128696 loops=1)
                          Filter: (production_year = 2009)
                          Rows Removed by Filter: 2399616
Planning time: 1.221 ms
Execution time: 18156.110 ms
