Seq Scan on movie_keyword mk  (cost=0.00..81003.12 rows=1479327 width=0) (actual time=0.021..1243.874 rows=1493536 loops=1)
  Filter: (keyword_id < 2138)
  Rows Removed by Filter: 3030394
Planning time: 0.345 ms
Execution time: 1436.932 ms
