Hash Join  (cost=199522.70..243914.19 rows=390401 width=0) (actual time=3954.088..5206.252 rows=567743 loops=1)
  Hash Cond: (mi_idx.movie_id = t.id)
  ->  Seq Scan on movie_info_idx mi_idx  (cost=0.00..21735.35 rows=1380035 width=4) (actual time=0.026..435.769 rows=1380035 loops=1)
  ->  Hash  (cost=187786.43..187786.43 rows=715301 width=8) (actual time=3952.952..3952.952 rows=449041 loops=1)
        Buckets: 131072  Batches: 16  Memory Usage: 2111kB
        ->  Hash Join  (cost=102767.86..187786.43 rows=715301 width=8) (actual time=2229.581..3812.329 rows=449041 loops=1)
              Hash Cond: (mc.movie_id = t.id)
              ->  Seq Scan on movie_companies mc  (cost=0.00..57926.93 rows=715301 width=4) (actual time=197.126..915.593 rows=449041 loops=1)
                    Filter: ((company_id < 12095) AND (company_type_id = 2))
                    Rows Removed by Filter: 2160088
              ->  Hash  (cost=61283.27..61283.27 rows=2528527 width=4) (actual time=2031.144..2031.144 rows=2528312 loops=1)
                    Buckets: 131072  Batches: 64  Memory Usage: 2415kB
                    ->  Seq Scan on title t  (cost=0.00..61283.27 rows=2528527 width=4) (actual time=0.015..1179.967 rows=2528312 loops=1)
Planning time: 1.422 ms
Execution time: 5274.908 ms
