Hash Join  (cost=153140.21..952317.35 rows=7190 width=0) (actual time=14864.761..16814.416 rows=7559 loops=1)
  Hash Cond: (ci.movie_id = t.id)
  ->  Seq Scan on cast_info ci  (cost=0.00..796071.18 rows=809081 width=4) (actual time=12616.945..14448.277 rows=898389 loops=1)
        Filter: ((person_id < 3422683) AND (role_id = 5))
        Rows Removed by Filter: 35345955
  ->  Hash  (cost=152859.34..152859.34 rows=22470 width=8) (actual time=2247.393..2247.393 rows=9830 loops=1)
        Buckets: 32768  Batches: 1  Memory Usage: 640kB
        ->  Hash Join  (cost=68438.72..152859.34 rows=22470 width=8) (actual time=913.338..2243.580 rows=9830 loops=1)
              Hash Cond: (mk.movie_id = t.id)
              ->  Seq Scan on movie_keyword mk  (cost=0.00..81003.12 rows=851410 width=4) (actual time=0.030..1179.169 rows=857420 loops=1)
                    Filter: (keyword_id > 21419)
                    Rows Removed by Filter: 3666510
              ->  Hash  (cost=67604.59..67604.59 rows=66731 width=4) (actual time=909.743..909.743 rows=67342 loops=1)
                    Buckets: 131072  Batches: 1  Memory Usage: 3392kB
                    ->  Seq Scan on title t  (cost=0.00..67604.59 rows=66731 width=4) (actual time=0.027..881.809 rows=67342 loops=1)
                          Filter: (production_year > 2012)
                          Rows Removed by Filter: 2460970
Planning time: 1.349 ms
Execution time: 16815.716 ms
