Nested Loop  (cost=0.43..709673.15 rows=150 width=0) (actual time=5839.067..10013.487 rows=29 loops=1)
  ->  Seq Scan on cast_info ci  (cost=0.00..705507.15 rows=500 width=4) (actual time=5838.920..9998.218 rows=278 loops=1)
        Filter: (person_id = 1321879)
        Rows Removed by Filter: 36244066
  ->  Index Scan using title_pkey on title t  (cost=0.43..8.32 rows=1 width=4) (actual time=0.054..0.054 rows=0 loops=278)
        Index Cond: (id = ci.movie_id)
        Filter: (kind_id < 3)
        Rows Removed by Filter: 1
Planning time: 0.786 ms
Execution time: 10013.602 ms
