Nested Loop  (cost=0.43..796925.39 rows=101 width=0) (actual time=9618.460..9792.792 rows=234 loops=1)
  ->  Seq Scan on cast_info ci  (cost=0.00..796071.18 rows=101 width=4) (actual time=9618.358..9789.073 rows=234 loops=1)
        Filter: ((person_id = 2666662) AND (role_id = 2))
        Rows Removed by Filter: 36244110
  ->  Index Only Scan using title_pkey on title t  (cost=0.43..8.45 rows=1 width=4) (actual time=0.015..0.015 rows=1 loops=234)
        Index Cond: (id = ci.movie_id)
        Heap Fetches: 234
Planning time: 0.852 ms
Execution time: 9792.933 ms
