Hash Join  (cost=501028.05..1468853.08 rows=4857713 width=0) (actual time=9665.219..28711.000 rows=7003127 loops=1)
  Hash Cond: (ci.movie_id = t.id)
  ->  Seq Scan on cast_info ci  (cost=0.00..796071.18 rows=10248192 width=4) (actual time=0.017..14318.745 rows=4384446 loops=1)
        Filter: ((person_id < 1549616) AND (role_id > 1))
        Rows Removed by Filter: 31859898
  ->  Hash  (cost=481364.32..481364.32 rows=1198539 width=8) (actual time=9664.408..9664.408 rows=1394915 loops=1)
        Buckets: 131072 (originally 131072)  Batches: 32 (originally 16)  Memory Usage: 3073kB
        ->  Hash Join  (cost=83810.17..481364.32 rows=1198539 width=8) (actual time=5825.770..9295.315 rows=1394915 loops=1)
              Hash Cond: (mi.movie_id = t.id)
              ->  Seq Scan on movie_info mi  (cost=0.00..346232.03 rows=3068194 width=4) (actual time=4347.719..5806.129 rows=3036719 loops=1)
                    Filter: (info_type_id = 16)
                    Rows Removed by Filter: 11799001
              ->  Hash  (cost=67604.59..67604.59 rows=987727 width=4) (actual time=1476.933..1476.933 rows=985048 loops=1)
                    Buckets: 131072  Batches: 16  Memory Usage: 3197kB
                    ->  Seq Scan on title t  (cost=0.00..67604.59 rows=987727 width=4) (actual time=0.031..1159.254 rows=985048 loops=1)
                          Filter: (kind_id < 7)
                          Rows Removed by Filter: 1543264
Planning time: 1.233 ms
Execution time: 29503.807 ms
