Hash Join  (cost=229263.77..840675.60 rows=9246289 width=0) (actual time=5311.701..26067.025 rows=31968302 loops=1)
  Hash Cond: (mi.movie_id = t.id)
  ->  Seq Scan on movie_info mi  (cost=0.00..346232.03 rows=12928982 width=4) (actual time=0.020..6521.375 rows=12970088 loops=1)
        Filter: (info_type_id < 18)
        Rows Removed by Filter: 1865632
  ->  Hash  (cost=199596.01..199596.01 rows=1808301 width=8) (actual time=5310.411..5310.411 rows=1508127 loops=1)
        Buckets: 131072  Batches: 32  Memory Usage: 2906kB
        ->  Hash Join  (cost=96356.06..199596.01 rows=1808301 width=8) (actual time=1767.479..4865.985 rows=1508127 loops=1)
              Hash Cond: (mc.movie_id = t.id)
              ->  Seq Scan on movie_companies mc  (cost=0.00..44881.29 rows=2609129 width=4) (actual time=0.014..880.988 rows=2609129 loops=1)
              ->  Hash  (cost=67604.59..67604.59 rows=1752438 width=4) (actual time=1766.425..1766.425 rows=1749032 loops=1)
                    Buckets: 131072  Batches: 32  Memory Usage: 2950kB
                    ->  Seq Scan on title t  (cost=0.00..67604.59 rows=1752438 width=4) (actual time=0.019..1200.183 rows=1749032 loops=1)
                          Filter: (production_year > 1990)
                          Rows Removed by Filter: 779280
Planning time: 1.143 ms
Execution time: 29557.346 ms
