Seq Scan on movie_companies mc  (cost=0.00..51404.11 rows=2469012 width=0) (actual time=0.016..988.588 rows=2469885 loops=1)
  Filter: (company_id < 136730)
  Rows Removed by Filter: 139244
Planning time: 0.321 ms
Execution time: 1309.117 ms
