Hash Join  (cost=234112.81..795240.00 rows=5894633 width=0) (actual time=6552.083..54009.113 rows=168882396 loops=1)
  Hash Cond: (mi.movie_id = t.id)
  ->  Seq Scan on movie_info mi  (cost=0.00..309384.22 rows=14739122 width=4) (actual time=0.024..5240.650 rows=14835720 loops=1)
  ->  Hash  (cost=217521.35..217521.35 rows=1011237 width=8) (actual time=6550.029..6550.029 rows=2891650 loops=1)
        Buckets: 131072 (originally 131072)  Batches: 64 (originally 16)  Memory Usage: 3073kB
        ->  Hash Join  (cost=83198.94..217521.35 rows=1011237 width=8) (actual time=1277.698..5124.380 rows=2891650 loops=1)
              Hash Cond: (mk.movie_id = t.id)
              ->  Seq Scan on movie_keyword mk  (cost=0.00..69693.30 rows=4523930 width=4) (actual time=0.015..1242.149 rows=4523930 loops=1)
              ->  Hash  (cost=73925.90..73925.90 rows=565203 width=4) (actual time=1276.560..1276.560 rows=641785 loops=1)
                    Buckets: 131072  Batches: 8  Memory Usage: 3870kB
                    ->  Seq Scan on title t  (cost=0.00..73925.90 rows=565203 width=4) (actual time=0.016..1074.313 rows=641785 loops=1)
                          Filter: ((kind_id < 7) AND (production_year < 2006))
                          Rows Removed by Filter: 1886527
Planning time: 1.174 ms
Execution time: 70875.826 ms
