Nested Loop  (cost=0.43..107980.65 rows=8028 width=0) (actual time=0.499..777.562 rows=9015 loops=1)
  ->  Seq Scan on movie_companies mc  (cost=0.00..51404.11 rows=8349 width=4) (actual time=0.460..667.789 rows=9025 loops=1)
        Filter: (company_id = 225)
        Rows Removed by Filter: 2600104
  ->  Index Scan using title_pkey on title t  (cost=0.43..6.77 rows=1 width=4) (actual time=0.011..0.012 rows=1 loops=9025)
        Index Cond: (id = mc.movie_id)
        Filter: (production_year > 1910)
        Rows Removed by Filter: 0
Planning time: 0.839 ms
Execution time: 779.727 ms
