Hash Join  (cost=799385.30..826297.94 rows=216 width=0) (actual time=13194.530..13729.888 rows=12 loops=1)
  Hash Cond: (mi_idx.movie_id = t.id)
  ->  Seq Scan on movie_info_idx mi_idx  (cost=0.00..21735.35 rows=1380035 width=4) (actual time=0.042..286.586 rows=1380035 loops=1)
  ->  Hash  (cost=799380.35..799380.35 rows=396 width=8) (actual time=13185.718..13185.718 rows=10 loops=1)
        Buckets: 1024  Batches: 1  Memory Usage: 9kB
        ->  Nested Loop  (cost=0.43..799380.35 rows=396 width=8) (actual time=5790.869..13185.673 rows=10 loops=1)
              ->  Seq Scan on cast_info ci  (cost=0.00..796071.18 rows=396 width=4) (actual time=5790.696..13185.264 rows=10 loops=1)
                    Filter: ((role_id < 8) AND (person_id = 1454441))
                    Rows Removed by Filter: 36244334
              ->  Index Only Scan using title_pkey on title t  (cost=0.43..8.35 rows=1 width=4) (actual time=0.030..0.031 rows=1 loops=10)
                    Index Cond: (id = ci.movie_id)
                    Heap Fetches: 10
Planning time: 1.184 ms
Execution time: 13729.989 ms
