Seq Scan on movie_info mi  (cost=0.00..346232.03 rows=17937 width=0) (actual time=3602.485..4761.248 rows=6160 loops=1)
  Filter: (info_type_id = 87)
  Rows Removed by Filter: 14829560
Planning time: 0.350 ms
Execution time: 4762.249 ms
