Hash Join  (cost=83072.34..447728.49 rows=21 width=0) (actual time=1210.549..6870.978 rows=4057 loops=1)
  Hash Cond: (mi.movie_id = t.id)
  ->  Seq Scan on movie_info mi  (cost=0.00..309384.22 rows=14739122 width=4) (actual time=0.010..3144.762 rows=14835720 loops=1)
  ->  Hash  (cost=83072.29..83072.29 rows=4 width=8) (actual time=1206.535..1206.535 rows=21 loops=1)
        Buckets: 1024  Batches: 1  Memory Usage: 9kB
        ->  Nested Loop  (cost=0.43..83072.29 rows=4 width=8) (actual time=56.472..1206.480 rows=21 loops=1)
              ->  Seq Scan on movie_keyword mk  (cost=0.00..81003.12 rows=246 width=4) (actual time=0.102..1166.519 rows=981 loops=1)
                    Filter: (keyword_id = 10557)
                    Rows Removed by Filter: 4522949
              ->  Index Scan using title_pkey on title t  (cost=0.43..8.40 rows=1 width=4) (actual time=0.040..0.040 rows=0 loops=981)
                    Index Cond: (id = mk.movie_id)
                    Filter: (production_year = 1996)
                    Rows Removed by Filter: 1
Planning time: 1.309 ms
Execution time: 6871.796 ms
