Hash Join  (cost=135528.76..222223.59 rows=3679 width=0) (actual time=1771.606..3517.356 rows=21937 loops=1)
  Hash Cond: (mk.movie_id = t.id)
  ->  Seq Scan on movie_keyword mk  (cost=0.00..69693.30 rows=4523930 width=4) (actual time=0.009..898.287 rows=4523930 loops=1)
  ->  Hash  (cost=135503.06..135503.06 rows=2056 width=8) (actual time=1770.911..1770.911 rows=5184 loops=1)
        Buckets: 8192 (originally 4096)  Batches: 1 (originally 1)  Memory Usage: 267kB
        ->  Hash Join  (cost=73994.33..135503.06 rows=2056 width=8) (actual time=729.370..1768.617 rows=5184 loops=1)
              Hash Cond: (mc.movie_id = t.id)
              ->  Seq Scan on movie_companies mc  (cost=0.00..57926.93 rows=949662 width=4) (actual time=0.019..838.001 rows=1246416 loops=1)
                    Filter: ((company_id < 49135) AND (company_type_id = 1))
                    Rows Removed by Filter: 1362713
              ->  Hash  (cost=73925.90..73925.90 rows=5474 width=4) (actual time=729.294..729.294 rows=10482 loops=1)
                    Buckets: 16384 (originally 8192)  Batches: 1 (originally 1)  Memory Usage: 497kB
                    ->  Seq Scan on title t  (cost=0.00..73925.90 rows=5474 width=4) (actual time=0.026..725.281 rows=10482 loops=1)
                          Filter: ((kind_id > 1) AND (production_year = 1982))
                          Rows Removed by Filter: 2517830
Planning time: 0.851 ms
Execution time: 3520.509 ms
