Hash Join  (cost=200739.55..649265.42 rows=843618 width=0) (actual time=4434.469..13612.524 rows=1095194 loops=1)
  Hash Cond: (mi.movie_id = t.id)
  ->  Seq Scan on movie_info mi  (cost=0.00..346232.03 rows=7235534 width=4) (actual time=0.024..6088.054 rows=7286865 loops=1)
        Filter: (info_type_id < 8)
        Rows Removed by Filter: 7548855
  ->  Hash  (cost=195902.42..195902.42 rows=294810 width=8) (actual time=4433.212..4433.212 rows=107578 loops=1)
        Buckets: 131072  Batches: 4  Memory Usage: 2007kB
        ->  Hash Join  (cost=70308.29..195902.42 rows=294810 width=8) (actual time=1109.174..4396.590 rows=107578 loops=1)
              Hash Cond: (mk.movie_id = t.id)
              ->  Seq Scan on movie_keyword mk  (cost=0.00..69693.30 rows=4523930 width=4) (actual time=0.023..1316.201 rows=4523930 loops=1)
              ->  Hash  (cost=67604.59..67604.59 rows=164776 width=4) (actual time=1107.826..1107.826 rows=164307 loops=1)
                    Buckets: 131072  Batches: 4  Memory Usage: 2488kB
                    ->  Seq Scan on title t  (cost=0.00..67604.59 rows=164776 width=4) (actual time=0.027..1048.175 rows=164307 loops=1)
                          Filter: (production_year = 2012)
                          Rows Removed by Filter: 2364005
Planning time: 1.202 ms
Execution time: 13749.036 ms
