Hash Join  (cost=211471.66..322037.60 rows=657956 width=0) (actual time=4489.473..8970.900 rows=8360063 loops=1)
  Hash Cond: (mk.movie_id = t.id)
  ->  Seq Scan on movie_keyword mk  (cost=0.00..81003.12 rows=1646202 width=4) (actual time=0.030..1607.850 rows=1651787 loops=1)
        Filter: (keyword_id > 8857)
        Rows Removed by Filter: 2872143
  ->  Hash  (cost=194891.11..194891.11 rows=1010604 width=8) (actual time=4486.562..4486.562 rows=870132 loops=1)
        Buckets: 131072  Batches: 16  Memory Usage: 3199kB
        ->  Hash Join  (cost=102767.86..194891.11 rows=1010604 width=8) (actual time=2406.877..4236.493 rows=870132 loops=1)
              Hash Cond: (mc.movie_id = t.id)
              ->  Seq Scan on movie_companies mc  (cost=0.00..57926.93 rows=1010604 width=4) (actual time=491.685..1234.622 rows=870132 loops=1)
                    Filter: ((company_id > 547) AND (company_type_id = 1))
                    Rows Removed by Filter: 1738997
              ->  Hash  (cost=61283.27..61283.27 rows=2528527 width=4) (actual time=1913.470..1913.470 rows=2528312 loops=1)
                    Buckets: 131072  Batches: 64  Memory Usage: 2415kB
                    ->  Seq Scan on title t  (cost=0.00..61283.27 rows=2528527 width=4) (actual time=0.024..1080.681 rows=2528312 loops=1)
Planning time: 6.267 ms
Execution time: 9973.211 ms
