Hash Join  (cost=919779.13..1416585.54 rows=1593248 width=0) (actual time=12514.492..25414.435 rows=2429914 loops=1)
  Hash Cond: (mi.movie_id = t.id)
  ->  Seq Scan on movie_info mi  (cost=0.00..309384.22 rows=14739122 width=4) (actual time=0.014..5273.366 rows=14835720 loops=1)
  ->  Hash  (cost=915294.57..915294.57 rows=273325 width=8) (actual time=12513.622..12513.622 rows=249165 loops=1)
        Buckets: 131072  Batches: 4  Memory Usage: 3475kB
        ->  Hash Join  (cost=102767.86..915294.57 rows=273325 width=8) (actual time=2458.485..12435.764 rows=249165 loops=1)
              Hash Cond: (ci.movie_id = t.id)
              ->  Seq Scan on cast_info ci  (cost=0.00..796071.18 rows=273325 width=4) (actual time=468.365..9867.509 rows=249165 loops=1)
                    Filter: ((person_id < 335872) AND (role_id = 4))
                    Rows Removed by Filter: 35995179
              ->  Hash  (cost=61283.27..61283.27 rows=2528527 width=4) (actual time=1988.233..1988.233 rows=2528312 loops=1)
                    Buckets: 131072  Batches: 64  Memory Usage: 2415kB
                    ->  Seq Scan on title t  (cost=0.00..61283.27 rows=2528527 width=4) (actual time=0.012..954.692 rows=2528312 loops=1)
Planning time: 1.193 ms
Execution time: 25703.825 ms
