Hash Join  (cost=92883.59..977363.71 rows=2655496 width=0) (actual time=4813.218..20157.661 rows=3010430 loops=1)
  Hash Cond: (ci.movie_id = t.id)
  ->  Seq Scan on cast_info ci  (cost=0.00..796071.18 rows=4357796 width=4) (actual time=3206.153..14601.414 rows=4538469 loops=1)
        Filter: ((person_id > 230374) AND (role_id > 9))
        Rows Removed by Filter: 31705875
  ->  Hash  (cost=67604.59..67604.59 rows=1540800 width=4) (actual time=1605.405..1605.405 rows=1543264 loops=1)
        Buckets: 131072  Batches: 32  Memory Usage: 2722kB
        ->  Seq Scan on title t  (cost=0.00..67604.59 rows=1540800 width=4) (actual time=0.033..1104.442 rows=1543264 loops=1)
              Filter: (kind_id = 7)
              Rows Removed by Filter: 985048
Planning time: 2.137 ms
Execution time: 20511.044 ms
