Hash Join  (cost=213354.53..1371982.18 rows=7751110 width=0) (actual time=4763.647..48698.034 rows=56487572 loops=1)
  Hash Cond: (ci.movie_id = t.id)
  ->  Seq Scan on cast_info ci  (cost=0.00..705507.15 rows=32279835 width=4) (actual time=0.015..15410.273 rows=32425325 loops=1)
        Filter: (person_id > 366134)
        Rows Removed by Filter: 3819019
  ->  Hash  (cost=203393.08..203393.08 rows=607156 width=8) (actual time=4762.743..4762.743 rows=1042408 loops=1)
        Buckets: 131072 (originally 131072)  Batches: 16 (originally 8)  Memory Usage: 3592kB
        ->  Hash Join  (cost=83440.39..203393.08 rows=607156 width=8) (actual time=1588.740..4502.662 rows=1042408 loops=1)
              Hash Cond: (mk.movie_id = t.id)
              ->  Seq Scan on movie_keyword mk  (cost=0.00..81003.12 rows=2647466 width=4) (actual time=0.008..1558.909 rows=2638966 loops=1)
                    Filter: (keyword_id < 7281)
                    Rows Removed by Filter: 1884964
              ->  Hash  (cost=73925.90..73925.90 rows=579879 width=4) (actual time=1587.404..1587.404 rows=492958 loops=1)
                    Buckets: 131072  Batches: 8  Memory Usage: 3196kB
                    ->  Seq Scan on title t  (cost=0.00..73925.90 rows=579879 width=4) (actual time=0.015..1168.001 rows=492958 loops=1)
                          Filter: ((kind_id < 7) AND (production_year > 1998))
                          Rows Removed by Filter: 2035354
Planning time: 1.237 ms
Execution time: 55107.053 ms
