Hash Join  (cost=75733.69..429789.44 rows=26837 width=0) (actual time=4466.336..5945.299 rows=55068 loops=1)
  Hash Cond: (mi.movie_id = t.id)
  ->  Seq Scan on movie_info mi  (cost=0.00..346232.03 rows=616095 width=4) (actual time=3185.928..4641.778 rows=598457 loops=1)
        Filter: (info_type_id = 15)
        Rows Removed by Filter: 14237263
  ->  Hash  (cost=73925.90..73925.90 rows=110143 width=4) (actual time=1036.232..1036.232 rows=239899 loops=1)
        Buckets: 131072 (originally 131072)  Batches: 4 (originally 2)  Memory Usage: 3141kB
        ->  Seq Scan on title t  (cost=0.00..73925.90 rows=110143 width=4) (actual time=0.035..943.401 rows=239899 loops=1)
              Filter: ((production_year < 1973) AND (kind_id = 1))
              Rows Removed by Filter: 2288413
Planning time: 0.848 ms
Execution time: 5952.482 ms
