Seq Scan on movie_keyword mk  (cost=0.00..81003.12 rows=428504 width=0) (actual time=0.017..1219.700 rows=423214 loops=1)
  Filter: (keyword_id > 41270)
  Rows Removed by Filter: 4100716
Planning time: 0.340 ms
Execution time: 1275.533 ms
