Hash Join  (cost=237102.89..1426854.18 rows=15180815 width=0) (actual time=6199.583..66783.289 rows=118968614 loops=1)
  Hash Cond: (ci.movie_id = t.id)
  ->  Seq Scan on cast_info ci  (cost=0.00..614943.12 rows=36225612 width=4) (actual time=0.010..11918.794 rows=36244344 loops=1)
  ->  Hash  (cost=219717.74..219717.74 rows=1059612 width=8) (actual time=6198.160..6198.160 rows=2171873 loops=1)
        Buckets: 131072 (originally 131072)  Batches: 32 (originally 16)  Memory Usage: 3607kB
        ->  Hash Join  (cost=87539.85..219717.74 rows=1059612 width=8) (actual time=1353.122..4993.830 rows=2171873 loops=1)
              Hash Cond: (mk.movie_id = t.id)
              ->  Seq Scan on movie_keyword mk  (cost=0.00..81003.12 rows=3228971 width=4) (actual time=0.020..1601.489 rows=3214530 loops=1)
                    Filter: (keyword_id < 13435)
                    Rows Removed by Filter: 1309400
              ->  Hash  (cost=73925.90..73925.90 rows=829756 width=4) (actual time=1352.300..1352.300 rows=744086 loops=1)
                    Buckets: 131072  Batches: 16  Memory Usage: 2671kB
                    ->  Seq Scan on title t  (cost=0.00..73925.90 rows=829756 width=4) (actual time=0.016..1113.659 rows=744086 loops=1)
                          Filter: ((kind_id < 7) AND (production_year > 1967))
                          Rows Removed by Filter: 1784226
Planning time: 1.094 ms
Execution time: 80354.375 ms
