Hash Join  (cost=102767.86..1004218.25 rows=3968813 width=0) (actual time=7870.012..15915.299 rows=2357074 loops=1)
  Hash Cond: (ci.movie_id = t.id)
  ->  Seq Scan on cast_info ci  (cost=0.00..796071.18 rows=3968813 width=4) (actual time=6021.671..11906.033 rows=2357074 loops=1)
        Filter: ((person_id < 1148287) AND (role_id > 3))
        Rows Removed by Filter: 33887270
  ->  Hash  (cost=61283.27..61283.27 rows=2528527 width=4) (actual time=1846.110..1846.110 rows=2528312 loops=1)
        Buckets: 131072  Batches: 64  Memory Usage: 2415kB
        ->  Seq Scan on title t  (cost=0.00..61283.27 rows=2528527 width=4) (actual time=0.019..1014.335 rows=2528312 loops=1)
Planning time: 3.484 ms
Execution time: 16172.576 ms
