Hash Join  (cost=878718.49..3860601.77 rows=149965296 width=0) (actual time=23931.055..154669.701 rows=365207433 loops=1)
  Hash Cond: (ci.movie_id = t.id)
  ->  Seq Scan on cast_info ci  (cost=0.00..614943.12 rows=36225612 width=4) (actual time=0.004..14293.083 rows=36244344 loops=1)
  ->  Hash  (cost=706985.84..706985.84 rows=10467492 width=8) (actual time=23925.483..23925.483 rows=11658103 loops=1)
        Buckets: 131072  Batches: 256  Memory Usage: 2768kB
        ->  Hash Join  (cost=97066.09..706985.84 rows=10467492 width=8) (actual time=1952.005..19699.623 rows=11658103 loops=1)
              Hash Cond: (mi.movie_id = t.id)
              ->  Seq Scan on movie_info mi  (cost=0.00..309384.22 rows=14739122 width=4) (actual time=0.017..6127.073 rows=14835720 loops=1)
              ->  Hash  (cost=67604.59..67604.59 rows=1795720 width=4) (actual time=1950.940..1950.940 rows=1794153 loops=1)
                    Buckets: 131072  Batches: 32  Memory Usage: 3001kB
                    ->  Seq Scan on title t  (cost=0.00..67604.59 rows=1795720 width=4) (actual time=0.014..1349.049 rows=1794153 loops=1)
                          Filter: (production_year < 2009)
                          Rows Removed by Filter: 734159
Planning time: 0.918 ms
Execution time: 196361.124 ms
