Hash Join  (cost=100908.38..465656.76 rows=9242 width=0) (actual time=1507.541..8320.391 rows=151888 loops=1)
  Hash Cond: (mi.movie_id = t.id)
  ->  Seq Scan on movie_info mi  (cost=0.00..309384.22 rows=14739122 width=4) (actual time=0.013..3725.984 rows=14835720 loops=1)
  ->  Hash  (cost=100888.56..100888.56 rows=1586 width=8) (actual time=1507.182..1507.182 rows=8813 loops=1)
        Buckets: 16384 (originally 2048)  Batches: 1 (originally 1)  Memory Usage: 473kB
        ->  Hash Join  (cost=73962.22..100888.56 rows=1586 width=8) (actual time=961.897..1503.642 rows=8813 loops=1)
              Hash Cond: (mi_idx.movie_id = t.id)
              ->  Seq Scan on movie_info_idx mi_idx  (cost=0.00..21735.35 rows=1380035 width=4) (actual time=0.008..246.920 rows=1380035 loops=1)
              ->  Hash  (cost=73925.90..73925.90 rows=2905 width=4) (actual time=961.508..961.508 rows=7085 loops=1)
                    Buckets: 8192 (originally 4096)  Batches: 1 (originally 1)  Memory Usage: 314kB
                    ->  Seq Scan on title t  (cost=0.00..73925.90 rows=2905 width=4) (actual time=0.036..958.062 rows=7085 loops=1)
                          Filter: ((kind_id < 7) AND (production_year = 1983))
                          Rows Removed by Filter: 2521227
Planning time: 1.214 ms
Execution time: 8342.909 ms
