Hash Join  (cost=83074.28..109985.36 rows=60 width=0) (actual time=1216.619..1757.286 rows=39 loops=1)
  Hash Cond: (mi_idx.movie_id = t.id)
  ->  Seq Scan on movie_info_idx mi_idx  (cost=0.00..21735.35 rows=1380035 width=4) (actual time=0.016..286.311 rows=1380035 loops=1)
  ->  Hash  (cost=83072.90..83072.90 rows=110 width=8) (actual time=1212.154..1212.154 rows=17 loops=1)
        Buckets: 1024  Batches: 1  Memory Usage: 9kB
        ->  Nested Loop  (cost=0.43..83072.90 rows=110 width=8) (actual time=377.763..1212.121 rows=17 loops=1)
              ->  Seq Scan on movie_keyword mk  (cost=0.00..81003.12 rows=246 width=4) (actual time=1.089..1196.193 rows=613 loops=1)
                    Filter: (keyword_id = 7201)
                    Rows Removed by Filter: 4523317
              ->  Index Scan using title_pkey on title t  (cost=0.43..8.40 rows=1 width=4) (actual time=0.025..0.025 rows=0 loops=613)
                    Index Cond: (id = mk.movie_id)
                    Filter: ((production_year > 1985) AND (kind_id = 7))
                    Rows Removed by Filter: 1
Planning time: 1.118 ms
Execution time: 1757.427 ms
