Seq Scan on movie_keyword mk  (cost=0.00..81003.12 rows=2254452 width=0) (actual time=0.020..1345.233 rows=2253136 loops=1)
  Filter: (keyword_id > 4768)
  Rows Removed by Filter: 2270794
Planning time: 0.348 ms
Execution time: 1652.946 ms
