Hash Join  (cost=796926.13..1161584.33 rows=227 width=0) (actual time=11381.029..16154.831 rows=7 loops=1)
  Hash Cond: (mi.movie_id = t.id)
  ->  Seq Scan on movie_info mi  (cost=0.00..309384.22 rows=14739122 width=4) (actual time=0.012..3590.567 rows=14835720 loops=1)
  ->  Hash  (cost=796925.64..796925.64 rows=39 width=8) (actual time=9840.104..9840.104 rows=1 loops=1)
        Buckets: 1024  Batches: 1  Memory Usage: 9kB
        ->  Nested Loop  (cost=0.43..796925.64 rows=39 width=8) (actual time=485.870..9840.096 rows=1 loops=1)
              ->  Seq Scan on cast_info ci  (cost=0.00..796071.18 rows=101 width=4) (actual time=485.808..9840.028 rows=1 loops=1)
                    Filter: ((person_id = 2620041) AND (role_id = 2))
                    Rows Removed by Filter: 36244343
              ->  Index Scan using title_pkey on title t  (cost=0.43..8.45 rows=1 width=4) (actual time=0.056..0.057 rows=1 loops=1)
                    Index Cond: (id = ci.movie_id)
                    Filter: (kind_id < 7)
Planning time: 1.580 ms
Execution time: 16154.968 ms
