Hash Join  (cost=82567.99..441909.51 rows=168686 width=0) (actual time=2467.611..6914.367 rows=324303 loops=1)
  Hash Cond: (mi.movie_id = t.id)
  ->  Seq Scan on movie_info mi  (cost=0.00..346232.03 rows=809768 width=4) (actual time=862.467..5046.104 rows=802140 loops=1)
        Filter: (info_type_id < 2)
        Rows Removed by Filter: 14033580
  ->  Hash  (cost=73925.90..73925.90 rows=526727 width=4) (actual time=1433.938..1433.938 rows=399363 loops=1)
        Buckets: 131072  Batches: 8  Memory Usage: 2796kB
        ->  Seq Scan on title t  (cost=0.00..73925.90 rows=526727 width=4) (actual time=419.676..1134.072 rows=399363 loops=1)
              Filter: ((production_year > 1976) AND (kind_id = 1))
              Rows Removed by Filter: 2128949
Planning time: 0.807 ms
Execution time: 6940.245 ms
