Hash Join  (cost=74547.77..894927.65 rows=572656 width=0) (actual time=956.916..20425.103 rows=561251 loops=1)
  Hash Cond: (ci.movie_id = t.id)
  ->  Seq Scan on cast_info ci  (cost=0.00..705507.15 rows=29105647 width=4) (actual time=0.014..11474.622 rows=29056425 loops=1)
        Filter: (person_id < 2949223)
        Rows Removed by Filter: 7187919
  ->  Hash  (cost=73925.90..73925.90 rows=49749 width=4) (actual time=956.541..956.541 rows=44012 loops=1)
        Buckets: 65536  Batches: 1  Memory Usage: 2060kB
        ->  Seq Scan on title t  (cost=0.00..73925.90 rows=49749 width=4) (actual time=0.111..938.410 rows=44012 loops=1)
              Filter: ((kind_id < 7) AND (production_year = 2009))
              Rows Removed by Filter: 2484300
Planning time: 0.782 ms
Execution time: 20508.010 ms
