Hash Join  (cost=143745.54..492367.24 rows=7932 width=0) (actual time=4209.027..7928.444 rows=23838 loops=1)
  Hash Cond: (mi.movie_id = t.id)
  ->  Seq Scan on movie_info mi  (cost=0.00..346232.03 rows=616095 width=4) (actual time=1781.918..5411.343 rows=598457 loops=1)
        Filter: (info_type_id = 15)
        Rows Removed by Filter: 14237263
  ->  Hash  (cost=143338.60..143338.60 rows=32555 width=8) (actual time=2410.774..2410.774 rows=23091 loops=1)
        Buckets: 32768  Batches: 1  Memory Usage: 1158kB
        ->  Hash Join  (cost=81206.46..143338.60 rows=32555 width=8) (actual time=1594.975..2402.411 rows=23091 loops=1)
              Hash Cond: (mc.movie_id = t.id)
              ->  Seq Scan on movie_companies mc  (cost=0.00..57926.93 rows=185510 width=4) (actual time=206.120..880.503 rows=82200 loops=1)
                    Filter: ((company_id < 183) AND (company_type_id = 2))
                    Rows Removed by Filter: 2526929
              ->  Hash  (cost=73925.90..73925.90 rows=443724 width=4) (actual time=1387.893..1387.893 rows=536860 loops=1)
                    Buckets: 131072  Batches: 8  Memory Usage: 3395kB
                    ->  Seq Scan on title t  (cost=0.00..73925.90 rows=443724 width=4) (actual time=0.033..1213.705 rows=536860 loops=1)
                          Filter: ((kind_id < 7) AND (production_year < 2002))
                          Rows Removed by Filter: 1991452
Planning time: 1.190 ms
Execution time: 7931.948 ms
