Nested Loop  (cost=0.43..83071.67 rows=246 width=0) (actual time=6.805..1157.119 rows=24 loops=1)
  ->  Seq Scan on movie_keyword mk  (cost=0.00..81003.12 rows=246 width=4) (actual time=6.734..1155.925 rows=24 loops=1)
        Filter: (keyword_id = 46141)
        Rows Removed by Filter: 4523906
  ->  Index Only Scan using title_pkey on title t  (cost=0.43..8.40 rows=1 width=4) (actual time=0.043..0.043 rows=1 loops=24)
        Index Cond: (id = mk.movie_id)
        Heap Fetches: 24
Planning time: 0.827 ms
Execution time: 1157.212 ms
