Hash Join  (cost=90016.07..586404.77 rows=3675551 width=0) (actual time=1212.177..12692.885 rows=975956 loops=1)
  Hash Cond: (mi.movie_id = t.id)
  ->  Seq Scan on movie_info mi  (cost=0.00..346232.03 rows=9476311 width=4) (actual time=0.029..6247.367 rows=9565151 loops=1)
        Filter: (info_type_id < 16)
        Rows Removed by Filter: 5270569
  ->  Hash  (cost=73925.90..73925.90 rows=980733 width=4) (actual time=1210.997..1210.997 rows=1074493 loops=1)
        Buckets: 131072  Batches: 16  Memory Usage: 3400kB
        ->  Seq Scan on title t  (cost=0.00..73925.90 rows=980733 width=4) (actual time=0.025..912.822 rows=1074493 loops=1)
              Filter: ((kind_id > 6) AND (production_year > 1995))
              Rows Removed by Filter: 1453819
Planning time: 0.970 ms
Execution time: 12790.704 ms
