Hash Join  (cost=102767.86..230995.28 rows=1552018 width=0) (actual time=1870.280..4756.686 rows=1566577 loops=1)
  Hash Cond: (mk.movie_id = t.id)
  ->  Seq Scan on movie_keyword mk  (cost=0.00..81003.12 rows=1552018 width=4) (actual time=0.014..1441.874 rows=1566577 loops=1)
        Filter: (keyword_id > 10010)
        Rows Removed by Filter: 2957353
  ->  Hash  (cost=61283.27..61283.27 rows=2528527 width=4) (actual time=1869.240..1869.240 rows=2528312 loops=1)
        Buckets: 131072  Batches: 64  Memory Usage: 2425kB
        ->  Seq Scan on title t  (cost=0.00..61283.27 rows=2528527 width=4) (actual time=0.018..990.904 rows=2528312 loops=1)
Planning time: 0.813 ms
Execution time: 4913.063 ms
