Seq Scan on movie_companies mc  (cost=0.00..51404.11 rows=736633 width=0) (actual time=0.020..901.391 rows=740869 loops=1)
  Filter: (company_id > 38569)
  Rows Removed by Filter: 1868260
Planning time: 0.256 ms
Execution time: 997.511 ms
