Seq Scan on movie_keyword mk  (cost=0.00..81003.12 rows=246 width=0) (actual time=9.760..1155.790 rows=237 loops=1)
  Filter: (keyword_id = 5623)
  Rows Removed by Filter: 4523693
Planning time: 0.381 ms
Execution time: 1156.005 ms
