Seq Scan on cast_info ci  (cost=0.00..705507.15 rows=9917221 width=0) (actual time=4609.782..10065.838 rows=9898287 loops=1)
  Filter: (person_id > 2723001)
  Rows Removed by Filter: 26346057
Planning time: 0.331 ms
Execution time: 11330.541 ms
