Hash Join  (cost=83072.96..833862.85 rows=69 width=0) (actual time=1348.194..16306.118 rows=4593 loops=1)
  Hash Cond: (ci.movie_id = t.id)
  ->  Seq Scan on cast_info ci  (cost=0.00..614943.12 rows=36225612 width=4) (actual time=0.009..8043.606 rows=36244344 loops=1)
  ->  Hash  (cost=83072.90..83072.90 rows=5 width=8) (actual time=1340.352..1340.352 rows=61 loops=1)
        Buckets: 1024  Batches: 1  Memory Usage: 11kB
        ->  Nested Loop  (cost=0.43..83072.90 rows=5 width=8) (actual time=8.295..1340.256 rows=61 loops=1)
              ->  Seq Scan on movie_keyword mk  (cost=0.00..81003.12 rows=246 width=4) (actual time=0.056..1212.895 rows=4326 loops=1)
                    Filter: (keyword_id = 585)
                    Rows Removed by Filter: 4519604
              ->  Index Scan using title_pkey on title t  (cost=0.43..8.40 rows=1 width=4) (actual time=0.029..0.029 rows=0 loops=4326)
                    Index Cond: (id = mk.movie_id)
                    Filter: ((kind_id < 7) AND (production_year = 2009))
                    Rows Removed by Filter: 1
Planning time: 1.299 ms
Execution time: 16308.337 ms
