Seq Scan on movie_companies mc  (cost=0.00..51404.11 rows=128918 width=0) (actual time=0.290..863.437 rows=132152 loops=1)
  Filter: (company_id < 21)
  Rows Removed by Filter: 2476977
Planning time: 0.296 ms
Execution time: 881.162 ms
