Hash Join  (cost=83074.74..447745.01 rows=1434 width=0) (actual time=2949.497..7708.490 rows=5 loops=1)
  Hash Cond: (mi.movie_id = t.id)
  ->  Seq Scan on movie_info mi  (cost=0.00..309384.22 rows=14739122 width=4) (actual time=0.021..3843.787 rows=14835720 loops=1)
  ->  Hash  (cost=83071.67..83071.67 rows=246 width=8) (actual time=1191.297..1191.297 rows=1 loops=1)
        Buckets: 1024  Batches: 1  Memory Usage: 9kB
        ->  Nested Loop  (cost=0.43..83071.67 rows=246 width=8) (actual time=875.294..1191.290 rows=1 loops=1)
              ->  Seq Scan on movie_keyword mk  (cost=0.00..81003.12 rows=246 width=4) (actual time=875.192..1191.187 rows=1 loops=1)
                    Filter: (keyword_id = 57733)
                    Rows Removed by Filter: 4523929
              ->  Index Only Scan using title_pkey on title t  (cost=0.43..8.40 rows=1 width=4) (actual time=0.075..0.076 rows=1 loops=1)
                    Index Cond: (id = mk.movie_id)
                    Heap Fetches: 1
Planning time: 1.127 ms
Execution time: 7708.593 ms
