Hash Join  (cost=102595.22..189269.65 rows=1639 width=0) (actual time=1610.480..3308.025 rows=71820 loops=1)
  Hash Cond: (mk.movie_id = t.id)
  ->  Seq Scan on movie_keyword mk  (cost=0.00..69693.30 rows=4523930 width=4) (actual time=0.023..836.903 rows=4523930 loops=1)
  ->  Hash  (cost=102583.77..102583.77 rows=916 width=8) (actual time=1606.932..1606.932 rows=6884 loops=1)
        Buckets: 8192 (originally 1024)  Batches: 1 (originally 1)  Memory Usage: 333kB
        ->  Hash Join  (cost=73957.54..102583.77 rows=916 width=8) (actual time=1000.000..1604.144 rows=6884 loops=1)
              Hash Cond: (mi_idx.movie_id = t.id)
              ->  Seq Scan on movie_info_idx mi_idx  (cost=0.00..25185.44 rows=915101 width=4) (actual time=0.023..433.043 rows=919850 loops=1)
                    Filter: (info_type_id < 101)
                    Rows Removed by Filter: 460185
              ->  Hash  (cost=73925.90..73925.90 rows=2531 width=4) (actual time=999.540..999.540 rows=7991 loops=1)
                    Buckets: 8192 (originally 4096)  Batches: 1 (originally 1)  Memory Usage: 345kB
                    ->  Seq Scan on title t  (cost=0.00..73925.90 rows=2531 width=4) (actual time=0.042..995.777 rows=7991 loops=1)
                          Filter: ((kind_id < 4) AND (production_year = 1992))
                          Rows Removed by Filter: 2520321
Planning time: 4.415 ms
Execution time: 3318.238 ms
