Hash Join  (cost=67697.55..94648.62 rows=4059 width=0) (actual time=997.154..1588.595 rows=2068 loops=1)
  Hash Cond: (mi_idx.movie_id = t.id)
  ->  Seq Scan on movie_info_idx mi_idx  (cost=0.00..21735.35 rows=1380035 width=4) (actual time=0.015..328.012 rows=1380035 loops=1)
  ->  Hash  (cost=67604.59..67604.59 rows=7437 width=4) (actual time=995.865..995.865 rows=2543 loops=1)
        Buckets: 8192  Batches: 1  Memory Usage: 154kB
        ->  Seq Scan on title t  (cost=0.00..67604.59 rows=7437 width=4) (actual time=484.689..994.480 rows=2543 loops=1)
              Filter: (production_year = 1930)
              Rows Removed by Filter: 2525769
Planning time: 0.476 ms
Execution time: 1589.065 ms
