Hash Join  (cost=444725.56..523228.58 rows=250449 width=0) (actual time=7093.147..9321.560 rows=782350 loops=1)
  Hash Cond: (mc.movie_id = t.id)
  ->  Seq Scan on movie_companies mc  (cost=0.00..44881.29 rows=2609129 width=4) (actual time=0.030..761.426 rows=2609129 loops=1)
  ->  Hash  (cost=440742.66..440742.66 rows=242712 width=8) (actual time=7092.390..7092.390 rows=355208 loops=1)
        Buckets: 131072 (originally 131072)  Batches: 8 (originally 4)  Memory Usage: 3073kB
        ->  Hash Join  (cost=75570.05..440742.66 rows=242712 width=8) (actual time=4471.866..6971.182 rows=355208 loops=1)
              Hash Cond: (mi.movie_id = t.id)
              ->  Seq Scan on movie_info mi  (cost=0.00..346232.03 rows=1264125 width=4) (actual time=3275.131..4912.289 rows=1288928 loops=1)
                    Filter: (info_type_id = 2)
                    Rows Removed by Filter: 13546792
              ->  Hash  (cost=67604.59..67604.59 rows=485477 width=4) (actual time=1195.560..1195.560 rows=479601 loops=1)
                    Buckets: 131072  Batches: 8  Memory Usage: 3131kB
                    ->  Seq Scan on title t  (cost=0.00..67604.59 rows=485477 width=4) (actual time=0.023..1025.601 rows=479601 loops=1)
                          Filter: (production_year < 1978)
                          Rows Removed by Filter: 2048711
Planning time: 1.105 ms
Execution time: 9422.187 ms
