Hash Join  (cost=52284.99..890826.17 rows=1459 width=0) (actual time=909.772..19942.883 rows=892 loops=1)
  Hash Cond: (ci.movie_id = t.id)
  ->  Seq Scan on cast_info ci  (cost=0.00..705507.15 rows=35471850 width=4) (actual time=0.012..13158.533 rows=35602487 loops=1)
        Filter: (person_id > 68664)
        Rows Removed by Filter: 641857
  ->  Hash  (cost=52283.69..52283.69 rows=104 width=8) (actual time=897.054..897.054 rows=61 loops=1)
        Buckets: 1024  Batches: 1  Memory Usage: 11kB
        ->  Nested Loop  (cost=0.43..52283.69 rows=104 width=8) (actual time=238.414..897.019 rows=61 loops=1)
              ->  Seq Scan on movie_companies mc  (cost=0.00..51404.11 rows=104 width=4) (actual time=238.334..896.135 rows=61 loops=1)
                    Filter: (company_id = 6665)
                    Rows Removed by Filter: 2609068
              ->  Index Only Scan using title_pkey on title t  (cost=0.43..8.45 rows=1 width=4) (actual time=0.013..0.014 rows=1 loops=61)
                    Index Cond: (id = mc.movie_id)
                    Heap Fetches: 61
Planning time: 2.587 ms
Execution time: 19943.316 ms
