Hash Join  (cost=174305.27..526492.86 rows=16073 width=0) (actual time=5984.666..9337.073 rows=2014329 loops=1)
  Hash Cond: (mi.movie_id = t.id)
  ->  Seq Scan on movie_info mi  (cost=0.00..346232.03 rows=471955 width=4) (actual time=2518.856..5106.491 rows=543367 loops=1)
        Filter: (info_type_id > 98)
        Rows Removed by Filter: 14292353
  ->  Hash  (cost=172891.87..172891.87 rows=86112 width=8) (actual time=3464.119..3464.119 rows=240979 loops=1)
        Buckets: 131072 (originally 131072)  Batches: 4 (originally 2)  Memory Usage: 3430kB
        ->  Hash Join  (cost=84618.84..172891.87 rows=86112 width=8) (actual time=1449.911..3382.636 rows=240979 loops=1)
              Hash Cond: (mk.movie_id = t.id)
              ->  Seq Scan on movie_keyword mk  (cost=0.00..81003.12 rows=334076 width=4) (actual time=0.031..1287.318 rows=332613 loops=1)
                    Filter: (keyword_id > 49668)
                    Rows Removed by Filter: 4191317
              ->  Hash  (cost=73925.90..73925.90 rows=651755 width=4) (actual time=1448.272..1448.272 rows=711179 loops=1)
                    Buckets: 131072  Batches: 16  Memory Usage: 2598kB
                    ->  Seq Scan on title t  (cost=0.00..73925.90 rows=651755 width=4) (actual time=0.047..1221.633 rows=711179 loops=1)
                          Filter: ((kind_id < 7) AND (production_year < 2008))
                          Rows Removed by Filter: 1817133
Planning time: 1.174 ms
Execution time: 9590.949 ms
