Hash Join  (cost=102767.86..197609.13 rows=1394656 width=0) (actual time=1816.723..4547.597 rows=1382495 loops=1)
  Hash Cond: (mc.movie_id = t.id)
  ->  Seq Scan on movie_companies mc  (cost=0.00..51404.11 rows=1394656 width=4) (actual time=0.027..1001.031 rows=1382495 loops=1)
        Filter: (company_id < 11954)
        Rows Removed by Filter: 1226634
  ->  Hash  (cost=61283.27..61283.27 rows=2528527 width=4) (actual time=1815.344..1815.344 rows=2528312 loops=1)
        Buckets: 131072  Batches: 64  Memory Usage: 2415kB
        ->  Seq Scan on title t  (cost=0.00..61283.27 rows=2528527 width=4) (actual time=0.025..967.931 rows=2528312 loops=1)
Planning time: 0.727 ms
Execution time: 4714.461 ms
