Seq Scan on movie_keyword mk  (cost=0.00..81003.12 rows=4191162 width=0) (actual time=0.023..1296.794 rows=4175308 loops=1)
  Filter: (keyword_id > 303)
  Rows Removed by Filter: 348622
Planning time: 0.290 ms
Execution time: 1792.588 ms
