Nested Loop  (cost=0.43..83072.90 rows=6 width=0) (actual time=783.293..1043.180 rows=30 loops=1)
  ->  Seq Scan on movie_keyword mk  (cost=0.00..81003.12 rows=246 width=4) (actual time=0.931..1013.889 rows=835 loops=1)
        Filter: (keyword_id = 1658)
        Rows Removed by Filter: 4523095
  ->  Index Scan using title_pkey on title t  (cost=0.43..8.40 rows=1 width=4) (actual time=0.034..0.034 rows=0 loops=835)
        Index Cond: (id = mk.movie_id)
        Filter: ((kind_id = 7) AND (production_year = 2006))
        Rows Removed by Filter: 1
Planning time: 0.730 ms
Execution time: 1043.290 ms
