Seq Scan on cast_info ci  (cost=0.00..705507.15 rows=27915189 width=0) (actual time=0.019..11514.555 rows=28032682 loops=1)
  Filter: (person_id > 802315)
  Rows Removed by Filter: 8211662
Planning time: 0.323 ms
Execution time: 14982.291 ms
