Nested Loop  (cost=0.43..83072.90 rows=64 width=0) (actual time=904.520..1230.860 rows=4 loops=1)
  ->  Seq Scan on movie_keyword mk  (cost=0.00..81003.12 rows=246 width=4) (actual time=0.309..1171.350 rows=3527 loops=1)
        Filter: (keyword_id = 20329)
        Rows Removed by Filter: 4520403
  ->  Index Scan using title_pkey on title t  (cost=0.43..8.40 rows=1 width=4) (actual time=0.016..0.016 rows=0 loops=3527)
        Index Cond: (id = mk.movie_id)
        Filter: ((production_year < 2001) AND (kind_id = 7))
        Rows Removed by Filter: 1
Planning time: 0.696 ms
Execution time: 1230.973 ms
