Seq Scan on movie_keyword mk  (cost=0.00..81003.12 rows=1094649 width=0) (actual time=0.026..1175.992 rows=1102305 loops=1)
  Filter: (keyword_id < 1133)
  Rows Removed by Filter: 3421625
Planning time: 0.330 ms
Execution time: 1323.391 ms
