Hash Join  (cost=832590.92..1559177.44 rows=2606891 width=0) (actual time=20026.891..33675.894 rows=8132422 loops=1)
  Hash Cond: (mi.movie_id = t.id)
  ->  Seq Scan on movie_info mi  (cost=0.00..346232.03 rows=12665229 width=4) (actual time=0.024..6355.240 rows=12744652 loops=1)
        Filter: (info_type_id > 2)
        Rows Removed by Filter: 2091068
  ->  Hash  (cost=824052.32..824052.32 rows=520448 width=8) (actual time=20024.427..20024.427 rows=560419 loops=1)
        Buckets: 131072  Batches: 8  Memory Usage: 3782kB
        ->  Hash Join  (cost=68058.67..824052.32 rows=520448 width=8) (actual time=1072.779..19314.323 rows=560419 loops=1)
              Hash Cond: (ci.movie_id = t.id)
              ->  Seq Scan on cast_info ci  (cost=0.00..614943.12 rows=36225612 width=4) (actual time=0.019..7875.728 rows=36244344 loops=1)
              ->  Hash  (cost=67604.59..67604.59 rows=36327 width=4) (actual time=1072.211..1072.211 rows=36509 loops=1)
                    Buckets: 65536  Batches: 1  Memory Usage: 1796kB
                    ->  Seq Scan on title t  (cost=0.00..67604.59 rows=36327 width=4) (actual time=0.036..1057.357 rows=36509 loops=1)
                          Filter: (production_year = 1996)
                          Rows Removed by Filter: 2491803
Planning time: 1.153 ms
Execution time: 34502.422 ms
