Hash Join  (cost=616752.87..2320162.16 rows=51959308 width=0) (actual time=13072.527..68366.637 rows=87862458 loops=1)
  Hash Cond: (ci.movie_id = t.id)
  ->  Seq Scan on cast_info ci  (cost=0.00..614943.12 rows=36225612 width=4) (actual time=0.022..12287.937 rows=36244344 loops=1)
  ->  Hash  (cost=557251.74..557251.74 rows=3626730 width=8) (actual time=13071.676..13071.676 rows=4071743 loops=1)
        Buckets: 131072  Batches: 64  Memory Usage: 3495kB
        ->  Hash Join  (cost=93117.31..557251.74 rows=3626730 width=8) (actual time=1833.168..11824.313 rows=4071743 loops=1)
              Hash Cond: (mi.movie_id = t.id)
              ->  Seq Scan on movie_info mi  (cost=0.00..346232.03 rows=5897221 width=4) (actual time=218.431..5412.895 rows=5884963 loops=1)
                    Filter: (info_type_id < 7)
                    Rows Removed by Filter: 8950757
              ->  Hash  (cost=67604.59..67604.59 rows=1555018 width=4) (actual time=1613.851..1613.851 rows=1551727 loops=1)
                    Buckets: 131072  Batches: 32  Memory Usage: 2737kB
                    ->  Seq Scan on title t  (cost=0.00..67604.59 rows=1555018 width=4) (actual time=0.035..1115.250 rows=1551727 loops=1)
                          Filter: (production_year < 2007)
                          Rows Removed by Filter: 976585
Planning time: 1.159 ms
Execution time: 77928.462 ms
