Hash Join  (cost=71961.27..142739.80 rows=98341 width=0) (actual time=1034.332..2595.303 rows=207211 loops=1)
  Hash Cond: (mc.movie_id = t.id)
  ->  Seq Scan on movie_companies mc  (cost=0.00..57926.93 rows=936582 width=4) (actual time=0.023..930.753 rows=1108635 loops=1)
        Filter: ((company_id > 1570) AND (company_type_id > 1))
        Rows Removed by Filter: 1500494
  ->  Hash  (cost=67604.59..67604.59 rows=265495 width=4) (actual time=1033.635..1033.635 rows=263594 loops=1)
        Buckets: 131072  Batches: 4  Memory Usage: 3340kB
        ->  Seq Scan on title t  (cost=0.00..67604.59 rows=265495 width=4) (actual time=0.031..944.728 rows=263594 loops=1)
              Filter: (production_year < 1962)
              Rows Removed by Filter: 2264718
Planning time: 0.755 ms
Execution time: 2623.086 ms
