Seq Scan on movie_keyword mk  (cost=0.00..81003.12 rows=2991797 width=0) (actual time=0.021..1402.288 rows=2977669 loops=1)
  Filter: (keyword_id < 10217)
  Rows Removed by Filter: 1546261
Planning time: 0.302 ms
Execution time: 1771.385 ms
