Hash Join  (cost=102767.86..180366.23 rows=678047 width=0) (actual time=2146.076..4037.049 rows=683403 loops=1)
  Hash Cond: (mc.movie_id = t.id)
  ->  Seq Scan on movie_companies mc  (cost=0.00..51404.11 rows=678047 width=4) (actual time=0.017..881.143 rows=683403 loops=1)
        Filter: (company_id > 48133)
        Rows Removed by Filter: 1925726
  ->  Hash  (cost=61283.27..61283.27 rows=2528527 width=4) (actual time=2066.984..2066.984 rows=2528312 loops=1)
        Buckets: 131072  Batches: 64  Memory Usage: 2415kB
        ->  Seq Scan on title t  (cost=0.00..61283.27 rows=2528527 width=4) (actual time=0.019..941.587 rows=2528312 loops=1)
Planning time: 0.698 ms
Execution time: 4122.184 ms
