Hash Join  (cost=75321.41..157061.92 rows=485298 width=0) (actual time=1221.848..3580.410 rows=783282 loops=1)
  Hash Cond: (mc.movie_id = t.id)
  ->  Seq Scan on movie_companies mc  (cost=0.00..44881.29 rows=2609129 width=4) (actual time=0.015..887.014 rows=2609129 loops=1)
  ->  Hash  (cost=67604.59..67604.59 rows=470306 width=4) (actual time=1220.983..1220.983 rows=465563 loops=1)
        Buckets: 131072  Batches: 8  Memory Usage: 3063kB
        ->  Seq Scan on title t  (cost=0.00..67604.59 rows=470306 width=4) (actual time=0.015..1073.720 rows=465563 loops=1)
              Filter: (production_year < 1977)
              Rows Removed by Filter: 2062749
Planning time: 2.188 ms
Execution time: 3675.361 ms
