Seq Scan on movie_keyword mk  (cost=0.00..81003.12 rows=185702 width=0) (actual time=34.068..1122.465 rows=189880 loops=1)
  Filter: (keyword_id > 70968)
  Rows Removed by Filter: 4334050
Planning time: 0.298 ms
Execution time: 1148.644 ms
