Seq Scan on cast_info ci  (cost=0.00..796071.18 rows=15908676 width=0) (actual time=4785.237..13937.058 rows=11813010 loops=1)
  Filter: ((person_id < 2516173) AND (role_id > 1))
  Rows Removed by Filter: 24431334
Planning time: 8.079 ms
Execution time: 15376.774 ms
