Hash Join  (cost=100915.24..854186.68 rows=4159 width=0) (actual time=7027.324..15138.945 rows=19846 loops=1)
  Hash Cond: (ci.movie_id = t.id)
  ->  Seq Scan on cast_info ci  (cost=0.00..705507.15 rows=12726058 width=4) (actual time=5419.328..11602.502 rows=12670688 loops=1)
        Filter: (role_id = 1)
        Rows Removed by Filter: 23573656
  ->  Hash  (cost=100904.92..100904.92 rows=826 width=8) (actual time=1607.697..1607.697 rows=1967 loops=1)
        Buckets: 2048 (originally 1024)  Batches: 1 (originally 1)  Memory Usage: 93kB
        ->  Hash Join  (cost=73982.55..100904.92 rows=826 width=8) (actual time=1078.824..1606.865 rows=1967 loops=1)
              Hash Cond: (mi_idx.movie_id = t.id)
              ->  Seq Scan on movie_info_idx mi_idx  (cost=0.00..25185.44 rows=460978 width=4) (actual time=0.023..420.659 rows=459925 loops=1)
                    Filter: (info_type_id < 100)
                    Rows Removed by Filter: 920110
              ->  Hash  (cost=73925.90..73925.90 rows=4532 width=4) (actual time=1075.076..1075.076 rows=14720 loops=1)
                    Buckets: 16384 (originally 8192)  Batches: 1 (originally 1)  Memory Usage: 646kB
                    ->  Seq Scan on title t  (cost=0.00..73925.90 rows=4532 width=4) (actual time=0.049..1067.987 rows=14720 loops=1)
                          Filter: ((kind_id = 7) AND (production_year = 1992))
                          Rows Removed by Filter: 2513592
Planning time: 2.026 ms
Execution time: 15142.702 ms
