Seq Scan on cast_info ci  (cost=0.00..796071.18 rows=168 width=0) (actual time=2319.402..12336.829 rows=767 loops=1)
  Filter: ((role_id > 3) AND (person_id = 165695))
  Rows Removed by Filter: 36243577
Planning time: 0.360 ms
Execution time: 12337.055 ms
