Hash Join  (cost=203426.72..1268756.50 rows=2739207 width=0) (actual time=3815.433..33391.591 rows=8187405 loops=1)
  Hash Cond: (ci.movie_id = t.id)
  ->  Seq Scan on cast_info ci  (cost=0.00..705507.15 rows=28668949 width=4) (actual time=0.016..14912.119 rows=28808107 loops=1)
        Filter: (role_id < 8)
        Rows Removed by Filter: 7436237
  ->  Hash  (cost=199462.84..199462.84 rows=241591 width=8) (actual time=3814.492..3814.492 rows=240641 loops=1)
        Buckets: 131072  Batches: 4  Memory Usage: 3384kB
        ->  Hash Join  (cost=102767.86..199462.84 rows=241591 width=8) (actual time=1809.018..3737.087 rows=240641 loops=1)
              Hash Cond: (mk.movie_id = t.id)
              ->  Seq Scan on movie_keyword mk  (cost=0.00..81003.12 rows=241591 width=4) (actual time=0.032..1271.547 rows=240641 loops=1)
                    Filter: (keyword_id > 61778)
                    Rows Removed by Filter: 4283289
              ->  Hash  (cost=61283.27..61283.27 rows=2528527 width=4) (actual time=1807.483..1807.483 rows=2528312 loops=1)
                    Buckets: 131072  Batches: 64  Memory Usage: 2425kB
                    ->  Seq Scan on title t  (cost=0.00..61283.27 rows=2528527 width=4) (actual time=0.018..959.465 rows=2528312 loops=1)
Planning time: 1.095 ms
Execution time: 34303.721 ms
