Seq Scan on cast_info ci  (cost=0.00..796071.18 rows=224 width=0) (actual time=1474.728..12808.435 rows=86 loops=1)
  Filter: ((role_id > 2) AND (person_id = 3216833))
  Rows Removed by Filter: 36244258
Planning time: 0.341 ms
Execution time: 12808.532 ms
