Hash Join  (cost=83074.74..144258.66 rows=84 width=0) (actual time=1661.247..2407.776 rows=961 loops=1)
  Hash Cond: (mc.movie_id = t.id)
  ->  Seq Scan on movie_companies mc  (cost=0.00..57926.93 rows=868303 width=4) (actual time=417.401..1006.384 rows=1071306 loops=1)
        Filter: ((company_id > 2924) AND (company_type_id > 1))
        Rows Removed by Filter: 1537823
  ->  Hash  (cost=83071.67..83071.67 rows=246 width=8) (actual time=1242.122..1242.122 rows=427 loops=1)
        Buckets: 1024  Batches: 1  Memory Usage: 25kB
        ->  Nested Loop  (cost=0.43..83071.67 rows=246 width=8) (actual time=3.754..1241.667 rows=427 loops=1)
              ->  Seq Scan on movie_keyword mk  (cost=0.00..81003.12 rows=246 width=4) (actual time=3.670..1229.580 rows=427 loops=1)
                    Filter: (keyword_id = 2174)
                    Rows Removed by Filter: 4523503
              ->  Index Only Scan using title_pkey on title t  (cost=0.43..8.40 rows=1 width=4) (actual time=0.025..0.026 rows=1 loops=427)
                    Index Cond: (id = mk.movie_id)
                    Heap Fetches: 427
Planning time: 1.145 ms
Execution time: 2408.066 ms
