Seq Scan on cast_info ci  (cost=0.00..796071.18 rows=461338 width=0) (actual time=2939.535..10553.523 rows=307701 loops=1)
  Filter: ((person_id < 388718) AND (role_id = 3))
  Rows Removed by Filter: 35936643
Planning time: 0.371 ms
Execution time: 10593.366 ms
