Hash Join  (cost=94973.51..1419568.19 rows=23899250 width=0) (actual time=1852.428..42290.985 rows=23008535 loops=1)
  Hash Cond: (ci.movie_id = t.id)
  ->  Seq Scan on cast_info ci  (cost=0.00..614943.12 rows=36225612 width=4) (actual time=0.014..13454.192 rows=36244344 loops=1)
  ->  Hash  (cost=67604.59..67604.59 rows=1668154 width=4) (actual time=1851.568..1851.568 rows=1674098 loops=1)
        Buckets: 131072  Batches: 32  Memory Usage: 2869kB
        ->  Seq Scan on title t  (cost=0.00..67604.59 rows=1668154 width=4) (actual time=0.022..1314.843 rows=1674098 loops=1)
              Filter: (kind_id > 3)
              Rows Removed by Filter: 854214
Planning time: 0.734 ms
Execution time: 44882.788 ms
