Hash Join  (cost=159998.15..651279.89 rows=1075481 width=0) (actual time=3581.492..15263.989 rows=1668245 loops=1)
  Hash Cond: (mi.movie_id = t.id)
  ->  Seq Scan on movie_info mi  (cost=0.00..309384.22 rows=14739122 width=4) (actual time=0.016..5267.015 rows=14835720 loops=1)
  ->  Hash  (cost=156970.89..156970.89 rows=184501 width=8) (actual time=3031.414..3031.414 rows=184996 loops=1)
        Buckets: 131072  Batches: 4  Memory Usage: 2832kB
        ->  Hash Join  (cost=87428.23..156970.89 rows=184501 width=8) (actual time=1446.178..2970.200 rows=184996 loops=1)
              Hash Cond: (mc.movie_id = t.id)
              ->  Seq Scan on movie_companies mc  (cost=0.00..57926.93 rows=566858 width=4) (actual time=46.180..976.604 rows=776527 loops=1)
                    Filter: ((company_id < 9051) AND (company_type_id = 1))
                    Rows Removed by Filter: 1832602
              ->  Hash  (cost=73925.90..73925.90 rows=822986 width=4) (actual time=1398.937..1398.937 rows=738761 loops=1)
                    Buckets: 131072  Batches: 16  Memory Usage: 2648kB
                    ->  Seq Scan on title t  (cost=0.00..73925.90 rows=822986 width=4) (actual time=0.029..1165.824 rows=738761 loops=1)
                          Filter: ((production_year < 2005) AND (kind_id = 7))
                          Rows Removed by Filter: 1789551
Planning time: 0.796 ms
Execution time: 15475.212 ms
