Seq Scan on movie_keyword mk  (cost=0.00..81003.12 rows=246 width=0) (actual time=34.208..1135.692 rows=63 loops=1)
  Filter: (keyword_id = 13940)
  Rows Removed by Filter: 4523867
Planning time: 0.308 ms
Execution time: 1135.823 ms
