Hash Join  (cost=350290.40..2089599.68 rows=55454007 width=0) (actual time=7713.185..85142.568 rows=190213528 loops=1)
  Hash Cond: (ci.movie_id = t.id)
  ->  Seq Scan on cast_info ci  (cost=0.00..614943.12 rows=36225612 width=4) (actual time=0.017..12320.043 rows=36244344 loops=1)
  ->  Hash  (cost=286787.18..286787.18 rows=3870658 width=8) (actual time=7711.595..7711.595 rows=3869227 loops=1)
        Buckets: 131072  Batches: 64  Memory Usage: 3410kB
        ->  Hash Join  (cost=102767.86..286787.18 rows=3870658 width=8) (actual time=1732.158..6648.860 rows=3869227 loops=1)
              Hash Cond: (mk.movie_id = t.id)
              ->  Seq Scan on movie_keyword mk  (cost=0.00..81003.12 rows=3870658 width=4) (actual time=0.026..1723.542 rows=3869227 loops=1)
                    Filter: (keyword_id > 500)
                    Rows Removed by Filter: 654703
              ->  Hash  (cost=61283.27..61283.27 rows=2528527 width=4) (actual time=1731.073..1731.073 rows=2528312 loops=1)
                    Buckets: 131072  Batches: 64  Memory Usage: 2425kB
                    ->  Seq Scan on title t  (cost=0.00..61283.27 rows=2528527 width=4) (actual time=0.014..867.225 rows=2528312 loops=1)
Planning time: 1.029 ms
Execution time: 105625.055 ms
