Hash Join  (cost=74721.47..103568.87 rows=23034 width=0) (actual time=1012.435..1716.740 rows=44282 loops=1)
  Hash Cond: (mi_idx.movie_id = t.id)
  ->  Seq Scan on movie_info_idx mi_idx  (cost=0.00..25185.44 rows=915101 width=4) (actual time=0.030..482.036 rows=919850 loops=1)
        Filter: (info_type_id < 101)
        Rows Removed by Filter: 460185
  ->  Hash  (cost=73925.90..73925.90 rows=63645 width=4) (actual time=1012.017..1012.017 rows=53382 loops=1)
        Buckets: 65536  Batches: 1  Memory Usage: 2389kB
        ->  Seq Scan on title t  (cost=0.00..73925.90 rows=63645 width=4) (actual time=141.349..990.811 rows=53382 loops=1)
              Filter: ((production_year > 1996) AND (kind_id = 3))
              Rows Removed by Filter: 2474930
Planning time: 0.677 ms
Execution time: 1722.929 ms
