Hash Join  (cost=104282.02..159422.12 rows=47458 width=0) (actual time=1677.745..3031.553 rows=168262 loops=1)
  Hash Cond: (mc.movie_id = t.id)
  ->  Seq Scan on movie_companies mc  (cost=0.00..44881.29 rows=2609129 width=4) (actual time=0.019..590.401 rows=2609129 loops=1)
  ->  Hash  (cost=103707.12..103707.12 rows=45992 width=8) (actual time=1677.365..1677.365 rows=46498 loops=1)
        Buckets: 65536  Batches: 1  Memory Usage: 2329kB
        ->  Hash Join  (cost=71711.64..103707.12 rows=45992 width=8) (actual time=1028.019..1660.315 rows=46498 loops=1)
              Hash Cond: (mi_idx.movie_id = t.id)
              ->  Seq Scan on movie_info_idx mi_idx  (cost=0.00..25185.44 rows=464566 width=4) (actual time=0.016..386.400 rows=459925 loops=1)
                    Filter: (info_type_id = 101)
                    Rows Removed by Filter: 920110
              ->  Hash  (cost=67604.59..67604.59 rows=250324 width=4) (actual time=1027.298..1027.298 rows=252521 loops=1)
                    Buckets: 131072  Batches: 4  Memory Usage: 3244kB
                    ->  Seq Scan on title t  (cost=0.00..67604.59 rows=250324 width=4) (actual time=0.020..942.613 rows=252521 loops=1)
                          Filter: (production_year < 1961)
                          Rows Removed by Filter: 2275791
Planning time: 1.097 ms
Execution time: 3054.365 ms
