Seq Scan on cast_info ci  (cost=0.00..705507.15 rows=500 width=0) (actual time=4478.156..9859.913 rows=144 loops=1)
  Filter: (person_id = 2127340)
  Rows Removed by Filter: 36244200
Planning time: 0.332 ms
Execution time: 9860.016 ms
