Hash Join  (cost=751691.49..2852345.75 rows=82037944 width=0) (actual time=16517.869..85068.881 rows=120765779 loops=1)
  Hash Cond: (ci.movie_id = t.id)
  ->  Seq Scan on cast_info ci  (cost=0.00..705507.15 rows=28668949 width=4) (actual time=0.013..15463.414 rows=28808107 loops=1)
        Filter: (role_id < 8)
        Rows Removed by Filter: 7436237
  ->  Hash  (cost=632983.31..632983.31 rows=7235534 width=8) (actual time=16514.977..16514.977 rows=7286865 loops=1)
        Buckets: 131072  Batches: 128  Memory Usage: 3236kB
        ->  Hash Join  (cost=102767.86..632983.31 rows=7235534 width=8) (actual time=2710.560..14584.485 rows=7286865 loops=1)
              Hash Cond: (mi.movie_id = t.id)
              ->  Seq Scan on movie_info mi  (cost=0.00..346232.03 rows=7235534 width=4) (actual time=857.611..5415.358 rows=7286865 loops=1)
                    Filter: (info_type_id < 8)
                    Rows Removed by Filter: 7548855
              ->  Hash  (cost=61283.27..61283.27 rows=2528527 width=4) (actual time=1852.096..1852.096 rows=2528312 loops=1)
                    Buckets: 131072  Batches: 64  Memory Usage: 2425kB
                    ->  Seq Scan on title t  (cost=0.00..61283.27 rows=2528527 width=4) (actual time=0.029..997.572 rows=2528312 loops=1)
Planning time: 1.828 ms
Execution time: 98037.538 ms
