Seq Scan on cast_info ci  (cost=0.00..796071.18 rows=2092598 width=0) (actual time=751.713..12987.623 rows=1404230 loops=1)
  Filter: ((person_id < 1880208) AND (role_id = 3))
  Rows Removed by Filter: 34840114
Planning time: 0.499 ms
Execution time: 13174.831 ms
