Hash Join  (cost=102767.86..246685.09 rows=2204068 width=0) (actual time=1829.976..5152.276 rows=2202272 loops=1)
  Hash Cond: (mk.movie_id = t.id)
  ->  Seq Scan on movie_keyword mk  (cost=0.00..81003.12 rows=2204068 width=4) (actual time=0.022..1450.289 rows=2202272 loops=1)
        Filter: (keyword_id > 5065)
        Rows Removed by Filter: 2321658
  ->  Hash  (cost=61283.27..61283.27 rows=2528527 width=4) (actual time=1828.657..1828.657 rows=2528312 loops=1)
        Buckets: 131072  Batches: 64  Memory Usage: 2425kB
        ->  Seq Scan on title t  (cost=0.00..61283.27 rows=2528527 width=4) (actual time=0.010..934.364 rows=2528312 loops=1)
Planning time: 0.656 ms
Execution time: 5376.807 ms
