Seq Scan on cast_info ci  (cost=0.00..705507.15 rows=31111945 width=0) (actual time=0.026..12218.181 rows=31073838 loops=1)
  Filter: (person_id < 3148241)
  Rows Removed by Filter: 5170506
Planning time: 0.375 ms
Execution time: 16131.579 ms
