Seq Scan on movie_companies mc  (cost=0.00..57926.93 rows=411348 width=0) (actual time=1.069..898.383 rows=590192 loops=1)
  Filter: ((company_id < 2115) AND (company_type_id < 2))
  Rows Removed by Filter: 2018937
Planning time: 0.304 ms
Execution time: 977.840 ms
