Hash Join  (cost=78670.55..187372.06 rows=239130 width=0) (actual time=1258.942..3519.967 rows=66895 loops=1)
  Hash Cond: (mk.movie_id = t.id)
  ->  Seq Scan on movie_keyword mk  (cost=0.00..81003.12 rows=2090955 width=4) (actual time=0.018..1405.450 rows=2088267 loops=1)
        Filter: (keyword_id > 5779)
        Rows Removed by Filter: 2435663
  ->  Hash  (cost=73925.90..73925.90 rows=289172 width=4) (actual time=1257.201..1257.201 rows=292674 loops=1)
        Buckets: 131072  Batches: 4  Memory Usage: 3623kB
        ->  Seq Scan on title t  (cost=0.00..73925.90 rows=289172 width=4) (actual time=0.005..1156.450 rows=292674 loops=1)
              Filter: ((kind_id > 1) AND (production_year > 2010))
              Rows Removed by Filter: 2235638
Planning time: 0.638 ms
Execution time: 3528.360 ms
