Seq Scan on cast_info ci  (cost=0.00..705507.15 rows=500 width=0) (actual time=6607.650..9648.607 rows=6 loops=1)
  Filter: (person_id = 547034)
  Rows Removed by Filter: 36244338
Planning time: 0.365 ms
Execution time: 9648.740 ms
