Hash Join  (cost=150145.48..285347.54 rows=1083402 width=0) (actual time=4694.672..6447.280 rows=871179 loops=1)
  Hash Cond: (mk.movie_id = t.id)
  ->  Seq Scan on movie_keyword mk  (cost=0.00..69693.30 rows=4523930 width=4) (actual time=0.031..1277.994 rows=4523930 loops=1)
  ->  Hash  (cost=140210.25..140210.25 rows=605538 width=8) (actual time=3276.469..3276.469 rows=324600 loops=1)
        Buckets: 131072  Batches: 8  Memory Usage: 2609kB
        ->  Hash Join  (cost=92128.39..140210.25 rows=605538 width=8) (actual time=1880.802..2914.592 rows=324600 loops=1)
              Hash Cond: (mi_idx.movie_id = t.id)
              ->  Seq Scan on movie_info_idx mi_idx  (cost=0.00..21735.35 rows=1380035 width=4) (actual time=0.017..377.332 rows=1380035 loops=1)
              ->  Hash  (cost=73925.90..73925.90 rows=1109479 width=4) (actual time=1639.816..1639.816 rows=1201090 loops=1)
                    Buckets: 131072  Batches: 16  Memory Usage: 3674kB
                    ->  Seq Scan on title t  (cost=0.00..73925.90 rows=1109479 width=4) (actual time=0.023..1263.098 rows=1201090 loops=1)
                          Filter: ((production_year > 1987) AND (kind_id = 7))
                          Rows Removed by Filter: 1327222
Planning time: 1.092 ms
Execution time: 6532.151 ms
