Hash Join  (cost=132235.95..956996.19 rows=92212 width=0) (actual time=1488.287..20901.769 rows=257117 loops=1)
  Hash Cond: (ci.movie_id = t.id)
  ->  Seq Scan on cast_info ci  (cost=0.00..705507.15 rows=31554923 width=4) (actual time=0.026..13846.707 rows=31605208 loops=1)
        Filter: (role_id < 10)
        Rows Removed by Filter: 4639136
  ->  Hash  (cost=132143.59..132143.59 rows=7389 width=8) (actual time=1487.859..1487.859 rows=7704 loops=1)
        Buckets: 8192  Batches: 1  Memory Usage: 365kB
        ->  Nested Loop  (cost=0.43..132143.59 rows=7389 width=8) (actual time=0.216..1483.382 rows=7704 loops=1)
              ->  Seq Scan on movie_keyword mk  (cost=0.00..81003.12 rows=7389 width=4) (actual time=0.160..1048.687 rows=7704 loops=1)
                    Filter: (keyword_id = 797)
                    Rows Removed by Filter: 4516226
              ->  Index Only Scan using title_pkey on title t  (cost=0.43..6.91 rows=1 width=4) (actual time=0.055..0.056 rows=1 loops=7704)
                    Index Cond: (id = mk.movie_id)
                    Heap Fetches: 7704
Planning time: 1.124 ms
Execution time: 20944.602 ms
