Seq Scan on movie_companies mc  (cost=0.00..57926.93 rows=788392 width=0) (actual time=338.187..1082.062 rows=1086475 loops=1)
  Filter: ((company_id < 16356) AND (company_type_id < 2))
  Rows Removed by Filter: 1522654
Planning time: 0.329 ms
Execution time: 1216.254 ms
