Hash Join  (cost=69899.65..877283.69 rows=1093 width=0) (actual time=11970.720..13453.423 rows=1691 loops=1)
  Hash Cond: (ci.movie_id = t.id)
  ->  Seq Scan on cast_info ci  (cost=0.00..796071.18 rows=3013847 width=4) (actual time=0.036..12414.260 rows=1410755 loops=1)
        Filter: ((person_id < 1368906) AND (role_id > 6))
        Rows Removed by Filter: 34833589
  ->  Hash  (cost=69888.19..69888.19 rows=917 width=8) (actual time=796.024..796.024 rows=2869 loops=1)
        Buckets: 4096 (originally 1024)  Batches: 1 (originally 1)  Memory Usage: 145kB
        ->  Nested Loop  (cost=0.43..69888.19 rows=917 width=8) (actual time=9.018..794.465 rows=2869 loops=1)
              ->  Seq Scan on movie_companies mc  (cost=0.00..51404.11 rows=2348 width=4) (actual time=8.948..744.065 rows=2869 loops=1)
                    Filter: (company_id = 11339)
                    Rows Removed by Filter: 2606260
              ->  Index Scan using title_pkey on title t  (cost=0.43..7.86 rows=1 width=4) (actual time=0.017..0.017 rows=1 loops=2869)
                    Index Cond: (id = mc.movie_id)
                    Filter: (kind_id < 7)
Planning time: 1.160 ms
Execution time: 13453.829 ms
