Seq Scan on movie_companies mc  (cost=0.00..57926.93 rows=793469 width=0) (actual time=0.023..1031.799 rows=1011942 loops=1)
  Filter: ((company_id > 6150) AND (company_type_id = 2))
  Rows Removed by Filter: 1597187
Planning time: 1.446 ms
Execution time: 1155.261 ms
