Seq Scan on cast_info ci  (cost=0.00..796071.18 rows=324 width=0) (actual time=3601.986..13377.991 rows=12 loops=1)
  Filter: ((role_id > 1) AND (person_id = 1985545))
  Rows Removed by Filter: 36244332
Planning time: 0.357 ms
Execution time: 13378.118 ms
