Seq Scan on cast_info ci  (cost=0.00..796071.18 rows=8690028 width=0) (actual time=3158.945..13052.369 rows=4453908 loops=1)
  Filter: ((person_id > 1120028) AND (role_id < 2))
  Rows Removed by Filter: 31790436
Planning time: 0.366 ms
Execution time: 13643.203 ms
