Hash Join  (cost=83073.01..447729.46 rows=53 width=0) (actual time=2112.689..7572.643 rows=16 loops=1)
  Hash Cond: (mi.movie_id = t.id)
  ->  Seq Scan on movie_info mi  (cost=0.00..309384.22 rows=14739122 width=4) (actual time=0.016..3646.162 rows=14835720 loops=1)
  ->  Hash  (cost=83072.90..83072.90 rows=9 width=8) (actual time=1175.812..1175.812 rows=1 loops=1)
        Buckets: 1024  Batches: 1  Memory Usage: 9kB
        ->  Nested Loop  (cost=0.43..83072.90 rows=9 width=8) (actual time=570.787..1175.802 rows=1 loops=1)
              ->  Seq Scan on movie_keyword mk  (cost=0.00..81003.12 rows=246 width=4) (actual time=62.176..1174.270 rows=32 loops=1)
                    Filter: (keyword_id = 9872)
                    Rows Removed by Filter: 4523898
              ->  Index Scan using title_pkey on title t  (cost=0.43..8.40 rows=1 width=4) (actual time=0.044..0.044 rows=0 loops=32)
                    Index Cond: (id = mk.movie_id)
                    Filter: ((kind_id > 1) AND (production_year = 2009))
                    Rows Removed by Filter: 1
Planning time: 1.124 ms
Execution time: 7572.816 ms
