Seq Scan on movie_keyword mk  (cost=0.00..81003.12 rows=246 width=0) (actual time=0.139..1047.568 rows=1039 loops=1)
  Filter: (keyword_id = 6848)
  Rows Removed by Filter: 4522891
Planning time: 0.375 ms
Execution time: 1048.004 ms
