Seq Scan on movie_keyword mk  (cost=0.00..81003.12 rows=2983615 width=0) (actual time=0.024..989.811 rows=2973114 loops=1)
  Filter: (keyword_id > 2282)
  Rows Removed by Filter: 1550816
Planning time: 0.293 ms
Execution time: 1279.103 ms
