Hash Join  (cost=101489.21..213014.80 rows=2026471 width=0) (actual time=1942.655..5581.151 rows=2165407 loops=1)
  Hash Cond: (mc.movie_id = t.id)
  ->  Seq Scan on movie_companies mc  (cost=0.00..51404.11 rows=2480953 width=4) (actual time=0.063..1120.452 rows=2477806 loops=1)
        Filter: (company_id > 19)
        Rows Removed by Filter: 131323
  ->  Hash  (cost=67604.59..67604.59 rows=2065330 width=4) (actual time=1941.141..1941.141 rows=2064552 loops=1)
        Buckets: 131072  Batches: 32  Memory Usage: 3289kB
        ->  Seq Scan on title t  (cost=0.00..67604.59 rows=2065330 width=4) (actual time=0.024..1277.755 rows=2064552 loops=1)
              Filter: (production_year < 2011)
              Rows Removed by Filter: 463760
Planning time: 2.955 ms
Execution time: 5828.689 ms
