Hash Join  (cost=102767.86..169461.93 rows=224859 width=0) (actual time=1801.009..3138.124 rows=226343 loops=1)
  Hash Cond: (mc.movie_id = t.id)
  ->  Seq Scan on movie_companies mc  (cost=0.00..51404.11 rows=224859 width=4) (actual time=0.023..781.222 rows=226343 loops=1)
        Filter: (company_id > 106338)
        Rows Removed by Filter: 2382786
  ->  Hash  (cost=61283.27..61283.27 rows=2528527 width=4) (actual time=1799.106..1799.106 rows=2528312 loops=1)
        Buckets: 131072  Batches: 64  Memory Usage: 2415kB
        ->  Seq Scan on title t  (cost=0.00..61283.27 rows=2528527 width=4) (actual time=0.010..943.486 rows=2528312 loops=1)
Planning time: 0.751 ms
Execution time: 3165.892 ms
