Hash Join  (cost=74611.35..156405.79 rows=4326 width=0) (actual time=1838.271..2253.650 rows=458 loops=1)
  Hash Cond: (mk.movie_id = t.id)
  ->  Seq Scan on movie_keyword mk  (cost=0.00..81003.12 rows=199480 width=4) (actual time=0.036..1111.178 rows=201373 loops=1)
        Filter: (keyword_id > 68334)
        Rows Removed by Filter: 4322557
  ->  Hash  (cost=73925.90..73925.90 rows=54836 width=4) (actual time=1093.261..1093.261 rows=55815 loops=1)
        Buckets: 65536  Batches: 1  Memory Usage: 2475kB
        ->  Seq Scan on title t  (cost=0.00..73925.90 rows=54836 width=4) (actual time=208.566..1070.305 rows=55815 loops=1)
              Filter: ((production_year > 1997) AND (kind_id = 2))
              Rows Removed by Filter: 2472497
Planning time: 0.700 ms
Execution time: 2253.952 ms
