Hash Join  (cost=218752.20..754173.90 rows=5212277 width=0) (actual time=5133.975..38994.385 rows=109588513 loops=1)
  Hash Cond: (mi.movie_id = t.id)
  ->  Seq Scan on movie_info mi  (cost=0.00..309384.22 rows=14739122 width=4) (actual time=0.014..5424.983 rows=14835720 loops=1)
  ->  Hash  (cost=204081.98..204081.98 rows=894177 width=8) (actual time=5132.757..5132.757 rows=1984589 loops=1)
        Buckets: 131072 (originally 131072)  Batches: 32 (originally 16)  Memory Usage: 3520kB
        ->  Hash Join  (cost=83810.17..204081.98 rows=894177 width=8) (actual time=1394.532..4581.365 rows=1984589 loops=1)
              Hash Cond: (mk.movie_id = t.id)
              ->  Seq Scan on movie_keyword mk  (cost=0.00..81003.12 rows=2289044 width=4) (actual time=0.022..1505.421 rows=2289780 loops=1)
                    Filter: (keyword_id < 4884)
                    Rows Removed by Filter: 2234150
              ->  Hash  (cost=67604.59..67604.59 rows=987727 width=4) (actual time=1393.724..1393.724 rows=985048 loops=1)
                    Buckets: 131072  Batches: 16  Memory Usage: 3197kB
                    ->  Seq Scan on title t  (cost=0.00..67604.59 rows=987727 width=4) (actual time=0.015..1082.638 rows=985048 loops=1)
                          Filter: (kind_id < 7)
                          Rows Removed by Filter: 1543264
Planning time: 1.122 ms
Execution time: 49666.290 ms
