Hash Join  (cost=117979.19..604029.04 rows=585092 width=0) (actual time=2431.731..11870.890 rows=456056 loops=1)
  Hash Cond: (mi.movie_id = t.id)
  ->  Seq Scan on movie_info mi  (cost=0.00..309384.22 rows=14739122 width=4) (actual time=0.026..4639.256 rows=14835720 loops=1)
  ->  Hash  (cost=116331.51..116331.51 rows=100374 width=8) (actual time=2425.849..2425.849 rows=39182 loops=1)
        Buckets: 131072  Batches: 2  Memory Usage: 1799kB
        ->  Hash Join  (cost=78476.71..116331.51 rows=100374 width=8) (actual time=1106.642..2414.228 rows=39182 loops=1)
              Hash Cond: (mi_idx.movie_id = t.id)
              ->  Seq Scan on movie_info_idx mi_idx  (cost=0.00..25185.44 rows=915101 width=4) (actual time=0.021..491.257 rows=919850 loops=1)
                    Filter: (info_type_id < 101)
                    Rows Removed by Filter: 460185
              ->  Hash  (cost=73925.90..73925.90 rows=277344 width=4) (actual time=990.736..990.736 rows=169544 loops=1)
                    Buckets: 131072  Batches: 4  Memory Usage: 2513kB
                    ->  Seq Scan on title t  (cost=0.00..73925.90 rows=277344 width=4) (actual time=222.018..935.487 rows=169544 loops=1)
                          Filter: ((production_year < 1976) AND (kind_id = 7))
                          Rows Removed by Filter: 2358768
Planning time: 1.221 ms
Execution time: 11926.537 ms
