Hash Join  (cost=175362.91..316118.04 rows=1539209 width=0) (actual time=3940.615..8680.810 rows=6928041 loops=1)
  Hash Cond: (mk.movie_id = t.id)
  ->  Seq Scan on movie_keyword mk  (cost=0.00..69693.30 rows=4523930 width=4) (actual time=0.015..1395.511 rows=4523930 loops=1)
  ->  Hash  (cost=161248.17..161248.17 rows=860299 width=8) (actual time=3939.809..3939.809 rows=908251 loops=1)
        Buckets: 131072  Batches: 16  Memory Usage: 3256kB
        ->  Hash Join  (cost=106436.46..161248.17 rows=860299 width=8) (actual time=1993.184..3652.399 rows=908251 loops=1)
              Hash Cond: (mi_idx.movie_id = t.id)
              ->  Seq Scan on movie_info_idx mi_idx  (cost=0.00..25185.44 rows=919057 width=4) (actual time=0.013..471.710 rows=920110 loops=1)
                    Filter: (info_type_id > 99)
                    Rows Removed by Filter: 459925
              ->  Hash  (cost=67604.59..67604.59 rows=2366870 width=4) (actual time=1992.324..1992.324 rows=2363319 loops=1)
                    Buckets: 131072  Batches: 32  Memory Usage: 3623kB
                    ->  Seq Scan on title t  (cost=0.00..67604.59 rows=2366870 width=4) (actual time=0.020..1249.606 rows=2363319 loops=1)
                          Filter: (production_year > 1921)
                          Rows Removed by Filter: 164993
Planning time: 1.141 ms
Execution time: 9364.035 ms
