Hash Join  (cost=709678.15..764348.83 rows=516 width=0) (actual time=9687.310..10211.082 rows=9 loops=1)
  Hash Cond: (mc.movie_id = t.id)
  ->  Seq Scan on movie_companies mc  (cost=0.00..44881.29 rows=2609129 width=4) (actual time=0.014..518.193 rows=2609129 loops=1)
  ->  Hash  (cost=709671.90..709671.90 rows=500 width=8) (actual time=9192.562..9192.562 rows=735 loops=1)
        Buckets: 1024  Batches: 1  Memory Usage: 37kB
        ->  Nested Loop  (cost=0.43..709671.90 rows=500 width=8) (actual time=1095.860..9192.300 rows=735 loops=1)
              ->  Seq Scan on cast_info ci  (cost=0.00..705507.15 rows=500 width=4) (actual time=1095.769..9174.610 rows=735 loops=1)
                    Filter: (person_id = 1600808)
                    Rows Removed by Filter: 36243609
              ->  Index Only Scan using title_pkey on title t  (cost=0.43..8.32 rows=1 width=4) (actual time=0.023..0.023 rows=1 loops=735)
                    Index Cond: (id = ci.movie_id)
                    Heap Fetches: 735
Planning time: 10.323 ms
Execution time: 10211.260 ms
