Seq Scan on cast_info ci  (cost=0.00..705507.15 rows=500 width=0) (actual time=8960.521..9090.046 rows=36 loops=1)
  Filter: (person_id = 2459901)
  Rows Removed by Filter: 36244308
Planning time: 0.413 ms
Execution time: 9090.144 ms
