Hash Join  (cost=156209.36..222242.83 rows=85122 width=0) (actual time=3401.279..4252.593 rows=92490 loops=1)
  Hash Cond: (mc.movie_id = t.id)
  ->  Seq Scan on movie_companies mc  (cost=0.00..57926.93 rows=473950 width=4) (actual time=163.778..821.394 rows=168342 loops=1)
        Filter: ((company_id > 17466) AND (company_type_id < 2))
        Rows Removed by Filter: 2440787
  ->  Hash  (cost=148758.81..148758.81 rows=454124 width=8) (actual time=3236.642..3236.642 rows=459925 loops=1)
        Buckets: 131072  Batches: 8  Memory Usage: 3275kB
        ->  Hash Join  (cost=102767.86..148758.81 rows=454124 width=8) (actual time=1840.066..3099.879 rows=459925 loops=1)
              Hash Cond: (mi_idx.movie_id = t.id)
              ->  Seq Scan on movie_info_idx mi_idx  (cost=0.00..25185.44 rows=454124 width=4) (actual time=0.040..436.267 rows=459925 loops=1)
                    Filter: (info_type_id = 100)
                    Rows Removed by Filter: 920110
              ->  Hash  (cost=61283.27..61283.27 rows=2528527 width=4) (actual time=1838.517..1838.517 rows=2528312 loops=1)
                    Buckets: 131072  Batches: 64  Memory Usage: 2415kB
                    ->  Seq Scan on title t  (cost=0.00..61283.27 rows=2528527 width=4) (actual time=0.017..990.848 rows=2528312 loops=1)
Planning time: 1.152 ms
Execution time: 4264.998 ms
