Hash Join  (cost=75819.18..206108.57 rows=185414 width=0) (actual time=1657.949..4671.946 rows=523 loops=1)
  Hash Cond: (mk.movie_id = t.id)
  ->  Seq Scan on movie_keyword mk  (cost=0.00..81003.12 rows=4063232 width=4) (actual time=0.022..1846.697 rows=4052028 loops=1)
        Filter: (keyword_id > 355)
        Rows Removed by Filter: 471902
  ->  Hash  (cost=73925.90..73925.90 rows=115382 width=4) (actual time=1273.566..1273.566 rows=1393 loops=1)
        Buckets: 131072  Batches: 2  Memory Usage: 1055kB
        ->  Seq Scan on title t  (cost=0.00..73925.90 rows=115382 width=4) (actual time=2.044..1272.350 rows=1393 loops=1)
              Filter: ((kind_id > 1) AND (production_year < 1949))
              Rows Removed by Filter: 2526919
Planning time: 0.779 ms
Execution time: 4672.197 ms
