Seq Scan on movie_companies mc  (cost=0.00..57926.93 rows=903795 width=0) (actual time=365.341..921.863 rows=739898 loops=1)
  Filter: ((company_id > 1532) AND (company_type_id = 1))
  Rows Removed by Filter: 1869231
Planning time: 5.383 ms
Execution time: 1019.330 ms
