Seq Scan on movie_keyword mk  (cost=0.00..81003.12 rows=442668 width=0) (actual time=0.024..738.249 rows=440289 loops=1)
  Filter: (keyword_id > 40075)
  Rows Removed by Filter: 4083641
Planning time: 0.318 ms
Execution time: 779.542 ms
