Hash Join  (cost=102767.86..176601.60 rows=250511 width=0) (actual time=1962.308..3046.713 rows=131732 loops=1)
  Hash Cond: (mc.movie_id = t.id)
  ->  Seq Scan on movie_companies mc  (cost=0.00..57926.93 rows=250511 width=4) (actual time=199.285..768.135 rows=131732 loops=1)
        Filter: ((company_id < 428) AND (company_type_id = 2))
        Rows Removed by Filter: 2477397
  ->  Hash  (cost=61283.27..61283.27 rows=2528527 width=4) (actual time=1761.607..1761.607 rows=2528312 loops=1)
        Buckets: 131072  Batches: 64  Memory Usage: 2415kB
        ->  Seq Scan on title t  (cost=0.00..61283.27 rows=2528527 width=4) (actual time=0.030..933.045 rows=2528312 loops=1)
Planning time: 0.785 ms
Execution time: 3063.199 ms
