Seq Scan on movie_companies mc  (cost=0.00..51404.11 rows=910375 width=0) (actual time=0.042..798.786 rows=919340 loops=1)
  Filter: (company_id > 20214)
  Rows Removed by Filter: 1689789
Planning time: 0.213 ms
Execution time: 914.864 ms
