Hash Join  (cost=132841.07..875059.77 rows=246080 width=219) (actual time=3096.247..16002.188 rows=155550 loops=1)
  Hash Cond: (mi.movie_id = t.id)
  ->  Seq Scan on movie_info mi  (cost=0.00..309384.22 rows=14739122 width=75) (actual time=0.024..6238.474 rows=14835720 loops=1)
  ->  Hash  (cost=131447.39..131447.39 rows=42215 width=144) (actual time=3095.784..3095.784 rows=18987 loops=1)
        Buckets: 32768  Batches: 2  Memory Usage: 1587kB
        ->  Hash Join  (cost=76026.76..131447.39 rows=42215 width=144) (actual time=1964.644..3082.629 rows=18987 loops=1)
              Hash Cond: (mi_idx.movie_id = t.id)
              ->  Seq Scan on movie_info_idx mi_idx  (cost=0.00..21735.35 rows=1380035 width=50) (actual time=0.013..516.395 rows=1380035 loops=1)
              ->  Hash  (cost=73925.90..73925.90 rows=77348 width=94) (actual time=1963.833..1963.833 rows=84109 loops=1)
                    Buckets: 32768  Batches: 4  Memory Usage: 2635kB
                    ->  Seq Scan on title t  (cost=0.00..73925.90 rows=77348 width=94) (actual time=0.026..1406.399 rows=84109 loops=1)
                          Filter: ((kind_id = 7) AND (production_year = 2008))
                          Rows Removed by Filter: 2444203
Planning time: 1.421 ms
Execution time: 16011.603 ms
