Hash Join  (cost=286329.68..884131.26 rows=10024673 width=0) (actual time=6602.220..23076.603 rows=13456867 loops=1)
  Hash Cond: (mi.movie_id = t.id)
  ->  Seq Scan on movie_info mi  (cost=0.00..346232.03 rows=11115165 width=4) (actual time=0.013..7830.639 rows=11210743 loops=1)
        Filter: (info_type_id > 3)
        Rows Removed by Filter: 3624977
  ->  Hash  (cost=248914.97..248914.97 rows=2280457 width=8) (actual time=6600.997..6600.997 rows=1103865 loops=1)
        Buckets: 131072  Batches: 32  Memory Usage: 2389kB
        ->  Hash Join  (cost=98137.04..248914.97 rows=2280457 width=8) (actual time=2367.447..6261.696 rows=1103865 loops=1)
              Hash Cond: (mk.movie_id = t.id)
              ->  Seq Scan on movie_keyword mk  (cost=0.00..81003.12 rows=3098447 width=4) (actual time=0.023..1818.632 rows=3082749 loops=1)
                    Filter: (keyword_id > 2010)
                    Rows Removed by Filter: 1441181
              ->  Hash  (cost=67604.59..67604.59 rows=1860996 width=4) (actual time=2365.643..2365.643 rows=1865487 loops=1)
                    Buckets: 131072  Batches: 32  Memory Usage: 3085kB
                    ->  Seq Scan on title t  (cost=0.00..67604.59 rows=1860996 width=4) (actual time=0.008..1427.503 rows=1865487 loops=1)
                          Filter: (kind_id > 1)
                          Rows Removed by Filter: 662825
Planning time: 9.708 ms
Execution time: 24581.258 ms
