Hash Join  (cost=102767.86..194366.74 rows=988797 width=0) (actual time=2119.081..4183.659 rows=1147901 loops=1)
  Hash Cond: (mc.movie_id = t.id)
  ->  Seq Scan on movie_companies mc  (cost=0.00..57926.93 rows=988797 width=4) (actual time=342.857..1148.733 rows=1147901 loops=1)
        Filter: ((company_id > 981) AND (company_type_id = 2))
        Rows Removed by Filter: 1461228
  ->  Hash  (cost=61283.27..61283.27 rows=2528527 width=4) (actual time=1774.968..1774.968 rows=2528312 loops=1)
        Buckets: 131072  Batches: 64  Memory Usage: 2415kB
        ->  Seq Scan on title t  (cost=0.00..61283.27 rows=2528527 width=4) (actual time=0.016..926.715 rows=2528312 loops=1)
Planning time: 0.766 ms
Execution time: 4310.981 ms
