Seq Scan on cast_info ci  (cost=0.00..796071.18 rows=11607222 width=0) (actual time=2045.155..12775.398 rows=10456674 loops=1)
  Filter: ((person_id > 298648) AND (role_id = 1))
  Rows Removed by Filter: 25787670
Planning time: 0.368 ms
Execution time: 13906.770 ms
