Hash Join  (cost=299355.01..1400344.12 rows=16800823 width=0) (actual time=4989.474..26968.431 rows=8991462 loops=1)
  Hash Cond: (ci.movie_id = t.id)
  ->  Seq Scan on cast_info ci  (cost=0.00..705507.15 rows=15410035 width=4) (actual time=0.028..12838.972 rows=15290132 loops=1)
        Filter: (person_id < 1505626)
        Rows Removed by Filter: 20954212
  ->  Hash  (cost=254126.86..254126.86 rows=2756732 width=8) (actual time=4986.980..4986.980 rows=645461 loops=1)
        Buckets: 131072  Batches: 64  Memory Usage: 1402kB
        ->  Hash Join  (cost=92883.59..254126.86 rows=2756732 width=8) (actual time=2144.333..4846.340 rows=645461 loops=1)
              Hash Cond: (mk.movie_id = t.id)
              ->  Seq Scan on movie_keyword mk  (cost=0.00..69693.30 rows=4523930 width=4) (actual time=0.020..1324.246 rows=4523930 loops=1)
              ->  Hash  (cost=67604.59..67604.59 rows=1540800 width=4) (actual time=1386.801..1386.801 rows=1543264 loops=1)
                    Buckets: 131072  Batches: 32  Memory Usage: 2728kB
                    ->  Seq Scan on title t  (cost=0.00..67604.59 rows=1540800 width=4) (actual time=83.453..940.030 rows=1543264 loops=1)
                          Filter: (kind_id = 7)
                          Rows Removed by Filter: 985048
Planning time: 8.603 ms
Execution time: 28004.198 ms
