Hash Join  (cost=283552.46..1689591.46 rows=31827582 width=0) (actual time=6366.052..59411.604 rows=107634278 loops=1)
  Hash Cond: (ci.movie_id = t.id)
  ->  Seq Scan on cast_info ci  (cost=0.00..614943.12 rows=36225612 width=4) (actual time=0.017..11622.724 rows=36244344 loops=1)
  ->  Hash  (cost=247105.12..247105.12 rows=2221547 width=8) (actual time=6365.062..6365.062 rows=2214006 loops=1)
        Buckets: 131072  Batches: 32  Memory Usage: 3709kB
        ->  Hash Join  (cost=102767.86..247105.12 rows=2221547 width=8) (actual time=1767.118..5722.189 rows=2214006 loops=1)
              Hash Cond: (mk.movie_id = t.id)
              ->  Seq Scan on movie_keyword mk  (cost=0.00..81003.12 rows=2221547 width=4) (actual time=0.020..1602.635 rows=2214006 loops=1)
                    Filter: (keyword_id > 4962)
                    Rows Removed by Filter: 2309924
              ->  Hash  (cost=61283.27..61283.27 rows=2528527 width=4) (actual time=1765.568..1765.568 rows=2528312 loops=1)
                    Buckets: 131072  Batches: 64  Memory Usage: 2425kB
                    ->  Seq Scan on title t  (cost=0.00..61283.27 rows=2528527 width=4) (actual time=0.011..919.680 rows=2528312 loops=1)
Planning time: 0.745 ms
Execution time: 70559.450 ms
