Seq Scan on cast_info ci  (cost=0.00..796071.18 rows=176 width=0) (actual time=5833.371..10627.625 rows=1 loops=1)
  Filter: ((role_id < 2) AND (person_id = 966349))
  Rows Removed by Filter: 36244343
Planning time: 0.363 ms
Execution time: 10627.756 ms
