Hash Join  (cost=178743.66..541625.45 rows=114131 width=0) (actual time=3745.024..9245.716 rows=316323 loops=1)
  Hash Cond: (mi.movie_id = t.id)
  ->  Seq Scan on movie_info mi  (cost=0.00..346232.03 rows=1264125 width=4) (actual time=191.360..4946.574 rows=1288928 loops=1)
        Filter: (info_type_id = 2)
        Rows Removed by Filter: 13546792
  ->  Hash  (cost=174998.08..174998.08 rows=228286 width=8) (actual time=3552.463..3552.463 rows=316487 loops=1)
        Buckets: 131072 (originally 131072)  Batches: 8 (originally 4)  Memory Usage: 3073kB
        ->  Hash Join  (cost=74823.14..174998.08 rows=228286 width=8) (actual time=1349.612..3444.537 rows=316487 loops=1)
              Hash Cond: (mk.movie_id = t.id)
              ->  Seq Scan on movie_keyword mk  (cost=0.00..81003.12 rows=1311989 width=4) (actual time=0.033..1334.990 rows=1320444 loops=1)
                    Filter: (keyword_id < 1732)
                    Rows Removed by Filter: 3203486
              ->  Hash  (cost=67604.59..67604.59 rows=439964 width=4) (actual time=1348.661..1348.661 rows=437515 loops=1)
                    Buckets: 131072  Batches: 8  Memory Usage: 2950kB
                    ->  Seq Scan on title t  (cost=0.00..67604.59 rows=439964 width=4) (actual time=0.013..978.904 rows=437515 loops=1)
                          Filter: (production_year < 1975)
                          Rows Removed by Filter: 2090797
Planning time: 4.714 ms
Execution time: 9286.962 ms
