Nested Loop  (cost=0.43..78355.30 rows=2615 width=0) (actual time=50.641..841.919 rows=46 loops=1)
  ->  Seq Scan on movie_companies mc  (cost=0.00..57926.93 rows=2615 width=4) (actual time=50.558..839.322 rows=46 loops=1)
        Filter: ((company_id = 52) AND (company_type_id = 2))
        Rows Removed by Filter: 2609083
  ->  Index Only Scan using title_pkey on title t  (cost=0.43..7.80 rows=1 width=4) (actual time=0.053..0.053 rows=1 loops=46)
        Index Cond: (id = mc.movie_id)
        Heap Fetches: 46
Planning time: 0.778 ms
Execution time: 842.018 ms
