Seq Scan on cast_info ci  (cost=0.00..796071.18 rows=16824596 width=0) (actual time=2992.968..12418.333 rows=15444823 loops=1)
  Filter: ((person_id > 1466446) AND (role_id < 8))
  Rows Removed by Filter: 20799521
Planning time: 0.335 ms
Execution time: 14180.489 ms
