Hash Join  (cost=953449.91..1338969.57 rows=959382 width=0) (actual time=15685.548..22823.146 rows=2222290 loops=1)
  Hash Cond: (mi.movie_id = t.id)
  ->  Seq Scan on movie_info mi  (cost=0.00..346232.03 rows=2194617 width=4) (actual time=245.135..5007.104 rows=2233850 loops=1)
        Filter: (info_type_id > 16)
        Rows Removed by Filter: 12601870
  ->  Hash  (cost=935315.01..935315.01 rows=1105352 width=8) (actual time=15439.445..15439.445 rows=1021126 loops=1)
        Buckets: 131072  Batches: 16  Memory Usage: 3530kB
        ->  Hash Join  (cost=102767.86..935315.01 rows=1105352 width=8) (actual time=10329.546..15129.607 rows=1021126 loops=1)
              Hash Cond: (ci.movie_id = t.id)
              ->  Seq Scan on cast_info ci  (cost=0.00..796071.18 rows=1105352 width=4) (actual time=8628.183..12171.901 rows=1021126 loops=1)
                    Filter: ((person_id < 1434493) AND (role_id = 4))
                    Rows Removed by Filter: 35223218
              ->  Hash  (cost=61283.27..61283.27 rows=2528527 width=4) (actual time=1699.420..1699.420 rows=2528312 loops=1)
                    Buckets: 131072  Batches: 64  Memory Usage: 2415kB
                    ->  Seq Scan on title t  (cost=0.00..61283.27 rows=2528527 width=4) (actual time=0.025..872.193 rows=2528312 loops=1)
Planning time: 1.215 ms
Execution time: 23130.782 ms
