Seq Scan on cast_info ci  (cost=0.00..705507.15 rows=17021610 width=0) (actual time=0.025..11771.780 rows=17144921 loops=1)
  Filter: (person_id > 1907418)
  Rows Removed by Filter: 19099423
Planning time: 3.033 ms
Execution time: 13971.892 ms
