Hash Join  (cost=1237442.70..2351611.54 rows=47365460 width=0) (actual time=26718.923..74685.027 rows=121004378 loops=1)
  Hash Cond: (mi.movie_id = t.id)
  ->  Seq Scan on movie_info mi  (cost=0.00..309384.22 rows=14739122 width=4) (actual time=0.015..5332.338 rows=14835720 loops=1)
  ->  Hash  (cost=1104131.16..1104131.16 rows=8125643 width=8) (actual time=26717.340..26717.340 rows=9550233 loops=1)
        Buckets: 131072  Batches: 128  Memory Usage: 3996kB
        ->  Hash Join  (cost=106498.88..1104131.16 rows=8125643 width=8) (actual time=2329.102..23966.657 rows=9550233 loops=1)
              Hash Cond: (ci.movie_id = t.id)
              ->  Seq Scan on cast_info ci  (cost=0.00..796071.18 rows=8666735 width=4) (actual time=315.871..13088.868 rows=9758138 loops=1)
                    Filter: ((person_id < 1065602) AND (role_id < 8))
                    Rows Removed by Filter: 26486206
              ->  Hash  (cost=67604.59..67604.59 rows=2370663 width=4) (actual time=2012.374..2012.374 rows=2366946 loops=1)
                    Buckets: 131072  Batches: 32  Memory Usage: 3627kB
                    ->  Seq Scan on title t  (cost=0.00..67604.59 rows=2370663 width=4) (actual time=0.022..1264.306 rows=2366946 loops=1)
                          Filter: (production_year > 1920)
                          Rows Removed by Filter: 161366
Planning time: 1.156 ms
Execution time: 87484.300 ms
