Hash Join  (cost=92883.59..216858.92 rows=1191042 width=0) (actual time=3019.398..4855.446 rows=261746 loops=1)
  Hash Cond: (mk.movie_id = t.id)
  ->  Seq Scan on movie_keyword mk  (cost=0.00..81003.12 rows=1954557 width=4) (actual time=0.016..1405.261 rows=1964384 loops=1)
        Filter: (keyword_id < 3434)
        Rows Removed by Filter: 2559546
  ->  Hash  (cost=67604.59..67604.59 rows=1540800 width=4) (actual time=2301.263..2301.263 rows=1543264 loops=1)
        Buckets: 131072  Batches: 32  Memory Usage: 2728kB
        ->  Seq Scan on title t  (cost=0.00..67604.59 rows=1540800 width=4) (actual time=0.024..1142.747 rows=1543264 loops=1)
              Filter: (kind_id = 7)
              Rows Removed by Filter: 985048
Planning time: 0.797 ms
Execution time: 4883.445 ms
