Hash Join  (cost=72085.10..140734.28 rows=138188 width=0) (actual time=1231.172..2941.906 rows=282301 loops=1)
  Hash Cond: (mc.movie_id = t.id)
  ->  Seq Scan on movie_companies mc  (cost=0.00..51404.11 rows=1279517 width=4) (actual time=0.017..1025.113 rows=1274246 loops=1)
        Filter: (company_type_id < 2)
        Rows Removed by Filter: 1334883
  ->  Hash  (cost=67604.59..67604.59 rows=273081 width=4) (actual time=1230.463..1230.463 rows=273902 loops=1)
        Buckets: 131072  Batches: 4  Memory Usage: 3428kB
        ->  Seq Scan on title t  (cost=0.00..67604.59 rows=273081 width=4) (actual time=0.016..1138.825 rows=273902 loops=1)
              Filter: (production_year < 1963)
              Rows Removed by Filter: 2254410
Planning time: 0.675 ms
Execution time: 2976.508 ms
