Seq Scan on title t  (cost=0.00..67604.59 rows=7437 width=0) (actual time=282.315..912.851 rows=2483 loops=1)
  Filter: (production_year = 1939)
  Rows Removed by Filter: 2525829
Planning time: 0.337 ms
Execution time: 913.573 ms
