Hash Join  (cost=258512.31..901923.95 rows=13606381 width=0) (actual time=6324.869..35881.602 rows=62578049 loops=1)
  Hash Cond: (mi.movie_id = t.id)
  ->  Seq Scan on movie_info mi  (cost=0.00..309384.22 rows=14739122 width=4) (actual time=0.019..5602.198 rows=14835720 loops=1)
  ->  Hash  (cost=220216.77..220216.77 rows=2334203 width=8) (actual time=6323.855..6323.855 rows=2337752 loops=1)
        Buckets: 131072  Batches: 32  Memory Usage: 3927kB
        ->  Hash Join  (cost=102767.86..220216.77 rows=2334203 width=8) (actual time=1945.966..5614.397 rows=2337752 loops=1)
              Hash Cond: (mc.movie_id = t.id)
              ->  Seq Scan on movie_companies mc  (cost=0.00..51404.11 rows=2334203 width=4) (actual time=0.023..1132.126 rows=2337752 loops=1)
                    Filter: (company_id > 143)
                    Rows Removed by Filter: 271377
              ->  Hash  (cost=61283.27..61283.27 rows=2528527 width=4) (actual time=1945.222..1945.222 rows=2528312 loops=1)
                    Buckets: 131072  Batches: 64  Memory Usage: 2415kB
                    ->  Seq Scan on title t  (cost=0.00..61283.27 rows=2528527 width=4) (actual time=0.011..1117.786 rows=2528312 loops=1)
Planning time: 2.227 ms
Execution time: 43448.190 ms
