Nested Loop  (cost=60192.96..141971.21 rows=9 width=0) (actual time=860.293..1888.847 rows=28 loops=1)
  ->  Hash Join  (cost=60192.53..141845.99 rows=71 width=8) (actual time=860.225..1887.378 rows=36 loops=1)
        Hash Cond: (mk.movie_id = mc.movie_id)
        ->  Seq Scan on movie_keyword mk  (cost=0.00..81003.12 rows=246 width=4) (actual time=1.202..1117.647 rows=509 loops=1)
              Filter: (keyword_id = 3768)
              Rows Removed by Filter: 4523421
        ->  Hash  (cost=57926.93..57926.93 rows=138048 width=4) (actual time=761.065..761.065 rows=62483 loops=1)
              Buckets: 131072  Batches: 2  Memory Usage: 2131kB
              ->  Seq Scan on movie_companies mc  (cost=0.00..57926.93 rows=138048 width=4) (actual time=100.525..737.722 rows=62483 loops=1)
                    Filter: ((company_id < 139) AND (company_type_id = 2))
                    Rows Removed by Filter: 2546646
  ->  Index Scan using title_pkey on title t  (cost=0.43..1.75 rows=1 width=4) (actual time=0.036..0.036 rows=1 loops=36)
        Index Cond: (id = mc.movie_id)
        Filter: (production_year > 1991)
        Rows Removed by Filter: 0
Planning time: 13.297 ms
Execution time: 1888.985 ms
