Nested Loop  (cost=32749.09..399431.55 rows=508 width=0) (actual time=1456.143..5559.536 rows=2547 loops=1)
  Join Filter: (mi.movie_id = t.id)
  ->  Hash Join  (cost=32748.66..384240.77 rows=17811 width=8) (actual time=1226.303..5071.577 rows=26578 loops=1)
        Hash Cond: (mi.movie_id = mi_idx.movie_id)
        ->  Seq Scan on movie_info mi  (cost=0.00..346232.03 rows=17937 width=4) (actual time=576.651..4078.924 rows=36985 loops=1)
              Filter: (info_type_id = 104)
              Rows Removed by Filter: 14798735
        ->  Hash  (cost=25185.44..25185.44 rows=460978 width=4) (actual time=648.856..648.856 rows=459925 loops=1)
              Buckets: 131072  Batches: 8  Memory Usage: 3059kB
              ->  Seq Scan on movie_info_idx mi_idx  (cost=0.00..25185.44 rows=460978 width=4) (actual time=0.023..495.722 rows=459925 loops=1)
                    Filter: (info_type_id < 100)
                    Rows Removed by Filter: 920110
  ->  Index Scan using title_pkey on title t  (cost=0.43..0.84 rows=1 width=4) (actual time=0.018..0.018 rows=0 loops=26578)
        Index Cond: (id = mi_idx.movie_id)
        Filter: (production_year > 2010)
        Rows Removed by Filter: 1
Planning time: 1.137 ms
Execution time: 5560.260 ms
