Hash Join  (cost=83810.17..1276979.29 rows=12217422 width=0) (actual time=1340.886..35984.656 rows=12759378 loops=1)
  Hash Cond: (ci.movie_id = t.id)
  ->  Seq Scan on cast_info ci  (cost=0.00..705507.15 rows=31275931 width=4) (actual time=0.033..14919.513 rows=31259338 loops=1)
        Filter: (person_id < 3171820)
        Rows Removed by Filter: 4985006
  ->  Hash  (cost=67604.59..67604.59 rows=987727 width=4) (actual time=1340.247..1340.247 rows=985048 loops=1)
        Buckets: 131072  Batches: 16  Memory Usage: 3188kB
        ->  Seq Scan on title t  (cost=0.00..67604.59 rows=987727 width=4) (actual time=0.011..1036.085 rows=985048 loops=1)
              Filter: (kind_id < 7)
              Rows Removed by Filter: 1543264
Planning time: 0.506 ms
Execution time: 37485.958 ms
