Hash Join  (cost=67636.20..154339.49 rows=4525 width=0) (actual time=1000.769..2623.422 rows=85 loops=1)
  Hash Cond: (mk.movie_id = t.id)
  ->  Seq Scan on movie_keyword mk  (cost=0.00..69693.30 rows=4523930 width=4) (actual time=0.019..891.988 rows=4523930 loops=1)
  ->  Hash  (cost=67604.59..67604.59 rows=2529 width=4) (actual time=948.030..948.030 rows=32 loops=1)
        Buckets: 4096  Batches: 1  Memory Usage: 34kB
        ->  Seq Scan on title t  (cost=0.00..67604.59 rows=2529 width=4) (actual time=16.006..947.982 rows=32 loops=1)
              Filter: (production_year < 1894)
              Rows Removed by Filter: 2528280
Planning time: 0.503 ms
Execution time: 2623.503 ms
