Hash Join  (cost=75372.22..113890.56 rows=48086 width=0) (actual time=1633.010..2343.762 rows=108330 loops=1)
  Hash Cond: (mi_idx.movie_id = t.id)
  ->  Seq Scan on movie_info_idx mi_idx  (cost=0.00..21735.35 rows=1380035 width=4) (actual time=0.015..365.214 rows=1380035 loops=1)
  ->  Hash  (cost=73925.90..73925.90 rows=88105 width=4) (actual time=1066.742..1066.742 rows=95027 loops=1)
        Buckets: 131072  Batches: 2  Memory Usage: 2698kB
        ->  Seq Scan on title t  (cost=0.00..73925.90 rows=88105 width=4) (actual time=458.381..833.213 rows=95027 loops=1)
              Filter: ((production_year > 1963) AND (kind_id = 3))
              Rows Removed by Filter: 2433285
Planning time: 0.680 ms
Execution time: 2358.020 ms
