Hash Join  (cost=98137.04..1404652.28 rows=21662701 width=0) (actual time=1802.152..39626.954 rows=21143457 loops=1)
  Hash Cond: (ci.movie_id = t.id)
  ->  Seq Scan on cast_info ci  (cost=0.00..705507.15 rows=29433016 width=4) (actual time=0.024..14947.978 rows=29519337 loops=1)
        Filter: (person_id > 649823)
        Rows Removed by Filter: 6725007
  ->  Hash  (cost=67604.59..67604.59 rows=1860996 width=4) (actual time=1800.792..1800.792 rows=1865487 loops=1)
        Buckets: 131072  Batches: 32  Memory Usage: 3079kB
        ->  Seq Scan on title t  (cost=0.00..67604.59 rows=1860996 width=4) (actual time=0.022..1210.023 rows=1865487 loops=1)
              Filter: (kind_id > 1)
              Rows Removed by Filter: 662825
Planning time: 1.913 ms
Execution time: 41964.169 ms
