Hash Join  (cost=67697.55..129936.97 rows=3356 width=0) (actual time=1192.456..2107.439 rows=8999 loops=1)
  Hash Cond: (mc.movie_id = t.id)
  ->  Seq Scan on movie_companies mc  (cost=0.00..57926.93 rows=1141046 width=4) (actual time=351.126..1041.980 rows=961916 loops=1)
        Filter: ((company_id < 85145) AND (company_type_id = 2))
        Rows Removed by Filter: 1647213
  ->  Hash  (cost=67604.59..67604.59 rows=7437 width=4) (actual time=841.161..841.161 rows=21312 loops=1)
        Buckets: 32768 (originally 8192)  Batches: 1 (originally 1)  Memory Usage: 1006kB
        ->  Seq Scan on title t  (cost=0.00..67604.59 rows=7437 width=4) (actual time=0.027..831.446 rows=21312 loops=1)
              Filter: (production_year = 1989)
              Rows Removed by Filter: 2507000
Planning time: 0.811 ms
Execution time: 2109.252 ms
