Hash Join  (cost=142766.68..494278.83 rows=22461 width=0) (actual time=3307.219..7765.873 rows=28412 loops=1)
  Hash Cond: (mi.movie_id = t.id)
  ->  Seq Scan on movie_info mi  (cost=0.00..346232.03 rows=1348138 width=4) (actual time=398.605..4567.924 rows=1298989 loops=1)
        Filter: (info_type_id = 4)
        Rows Removed by Filter: 13536731
  ->  Hash  (cost=142240.09..142240.09 rows=42127 width=8) (actual time=2908.044..2908.044 rows=31720 loops=1)
        Buckets: 65536  Batches: 1  Memory Usage: 1752kB
        ->  Hash Join  (cost=75292.52..142240.09 rows=42127 width=8) (actual time=1015.991..2895.829 rows=31720 loops=1)
              Hash Cond: (mc.movie_id = t.id)
              ->  Seq Scan on movie_companies mc  (cost=0.00..51404.11 rows=1279517 width=4) (actual time=0.017..813.403 rows=1274246 loops=1)
                    Filter: (company_type_id = 1)
                    Rows Removed by Filter: 1334883
              ->  Hash  (cost=73925.90..73925.90 rows=83249 width=4) (actual time=1015.176..1015.176 rows=101793 loops=1)
                    Buckets: 131072  Batches: 2  Memory Usage: 2803kB
                    ->  Seq Scan on title t  (cost=0.00..73925.90 rows=83249 width=4) (actual time=0.016..977.741 rows=101793 loops=1)
                          Filter: ((kind_id > 1) AND (production_year = 2007))
                          Rows Removed by Filter: 2426519
Planning time: 1.010 ms
Execution time: 7770.700 ms
