Seq Scan on movie_keyword mk  (cost=0.00..81003.12 rows=1658795 width=0) (actual time=0.020..1380.864 rows=1669930 loops=1)
  Filter: (keyword_id < 2560)
  Rows Removed by Filter: 2854000
Planning time: 0.331 ms
Execution time: 1588.740 ms
