Seq Scan on movie_companies mc  (cost=0.00..51404.11 rows=1419503 width=0) (actual time=0.030..878.020 rows=1424466 loops=1)
  Filter: (company_id > 10331)
  Rows Removed by Filter: 1184663
Planning time: 0.317 ms
Execution time: 1055.237 ms
