Hash Join  (cost=102767.86..243013.78 rows=2051495 width=0) (actual time=1944.163..5520.435 rows=2059636 loops=1)
  Hash Cond: (mk.movie_id = t.id)
  ->  Seq Scan on movie_keyword mk  (cost=0.00..81003.12 rows=2051495 width=4) (actual time=0.021..1579.912 rows=2059636 loops=1)
        Filter: (keyword_id < 3662)
        Rows Removed by Filter: 2464294
  ->  Hash  (cost=61283.27..61283.27 rows=2528527 width=4) (actual time=1942.018..1942.018 rows=2528312 loops=1)
        Buckets: 131072  Batches: 64  Memory Usage: 2425kB
        ->  Seq Scan on title t  (cost=0.00..61283.27 rows=2528527 width=4) (actual time=0.009..1068.423 rows=2528312 loops=1)
Planning time: 0.777 ms
Execution time: 5763.466 ms
