Hash Join  (cost=83072.94..833862.53 rows=47 width=0) (actual time=1034.864..15158.075 rows=30 loops=1)
  Hash Cond: (ci.movie_id = t.id)
  ->  Seq Scan on cast_info ci  (cost=0.00..614943.12 rows=36225612 width=4) (actual time=0.013..7510.891 rows=36244344 loops=1)
  ->  Hash  (cost=83072.90..83072.90 rows=3 width=8) (actual time=901.637..901.637 rows=1 loops=1)
        Buckets: 1024  Batches: 1  Memory Usage: 9kB
        ->  Nested Loop  (cost=0.43..83072.90 rows=3 width=8) (actual time=518.785..901.629 rows=1 loops=1)
              ->  Seq Scan on movie_keyword mk  (cost=0.00..81003.12 rows=246 width=4) (actual time=0.215..867.981 rows=1748 loops=1)
                    Filter: (keyword_id = 574)
                    Rows Removed by Filter: 4522182
              ->  Index Scan using title_pkey on title t  (cost=0.43..8.40 rows=1 width=4) (actual time=0.019..0.019 rows=0 loops=1748)
                    Index Cond: (id = mk.movie_id)
                    Filter: ((kind_id > 3) AND (production_year = 1999))
                    Rows Removed by Filter: 1
Planning time: 1.204 ms
Execution time: 15158.288 ms
