Hash Join  (cost=94699.36..445692.14 rows=2029 width=0) (actual time=3594.127..5883.065 rows=537 loops=1)
  Hash Cond: (mi.movie_id = t.id)
  ->  Seq Scan on movie_info mi  (cost=0.00..346232.03 rows=1264125 width=4) (actual time=1897.600..4210.902 rows=1288928 loops=1)
        Filter: (info_type_id = 2)
        Rows Removed by Filter: 13546792
  ->  Hash  (cost=94648.62..94648.62 rows=4059 width=8) (actual time=1489.633..1489.633 rows=537 loops=1)
        Buckets: 4096  Batches: 1  Memory Usage: 53kB
        ->  Hash Join  (cost=67697.55..94648.62 rows=4059 width=8) (actual time=947.940..1489.339 rows=537 loops=1)
              Hash Cond: (mi_idx.movie_id = t.id)
              ->  Seq Scan on movie_info_idx mi_idx  (cost=0.00..21735.35 rows=1380035 width=4) (actual time=0.030..275.019 rows=1380035 loops=1)
              ->  Hash  (cost=67604.59..67604.59 rows=7437 width=4) (actual time=945.411..945.411 rows=1747 loops=1)
                    Buckets: 8192  Batches: 1  Memory Usage: 126kB
                    ->  Seq Scan on title t  (cost=0.00..67604.59 rows=7437 width=4) (actual time=0.055..944.469 rows=1747 loops=1)
                          Filter: (production_year = 1901)
                          Rows Removed by Filter: 2526565
Planning time: 1.183 ms
Execution time: 5883.333 ms
