Seq Scan on title t  (cost=0.00..73925.90 rows=16150 width=0) (actual time=45.162..849.367 rows=9 loops=1)
  Filter: ((production_year < 1969) AND (kind_id = 4))
  Rows Removed by Filter: 2528303
Planning time: 0.386 ms
Execution time: 849.507 ms
