Seq Scan on movie_companies mc  (cost=0.00..51404.11 rows=1528680 width=0) (actual time=0.015..663.102 rows=1533308 loops=1)
  Filter: (company_id > 6800)
  Rows Removed by Filter: 1075821
Planning time: 0.297 ms
Execution time: 833.898 ms
