Hash Join  (cost=162757.01..567804.51 rows=323966 width=0) (actual time=2819.380..11019.872 rows=178375 loops=1)
  Hash Cond: (mi.movie_id = t.id)
  ->  Seq Scan on movie_info mi  (cost=0.00..346232.03 rows=11115165 width=4) (actual time=12.642..6009.973 rows=11210743 loops=1)
        Filter: (info_type_id > 3)
        Rows Removed by Filter: 3624977
  ->  Hash  (cost=161835.80..161835.80 rows=73697 width=8) (actual time=2805.794..2805.794 rows=20743 loops=1)
        Buckets: 131072  Batches: 1  Memory Usage: 1835kB
        ->  Hash Join  (cost=74440.79..161835.80 rows=73697 width=8) (actual time=1772.234..2798.968 rows=20743 loops=1)
              Hash Cond: (mk.movie_id = t.id)
              ->  Seq Scan on movie_keyword mk  (cost=0.00..69693.30 rows=4523930 width=4) (actual time=0.020..848.242 rows=4523930 loops=1)
              ->  Hash  (cost=73925.90..73925.90 rows=41191 width=4) (actual time=1083.143..1083.143 rows=43851 loops=1)
                    Buckets: 65536  Batches: 1  Memory Usage: 2054kB
                    ->  Seq Scan on title t  (cost=0.00..73925.90 rows=41191 width=4) (actual time=20.222..1065.356 rows=43851 loops=1)
                          Filter: ((kind_id = 7) AND (production_year = 2003))
                          Rows Removed by Filter: 2484461
Planning time: 1.315 ms
Execution time: 11043.180 ms
