Hash Join  (cost=97816.89..487752.36 rows=1263863 width=0) (actual time=2291.607..7883.217 rows=366589 loops=1)
  Hash Cond: (mi.movie_id = t.id)
  ->  Seq Scan on movie_info mi  (cost=0.00..346232.03 rows=2194617 width=4) (actual time=0.018..4238.628 rows=2233850 loops=1)
        Filter: (info_type_id > 16)
        Rows Removed by Filter: 12601870
  ->  Hash  (cost=73925.90..73925.90 rows=1456159 width=4) (actual time=2290.349..2290.349 rows=1478439 loops=1)
        Buckets: 131072  Batches: 32  Memory Usage: 2656kB
        ->  Seq Scan on title t  (cost=0.00..73925.90 rows=1456159 width=4) (actual time=0.015..1193.272 rows=1478439 loops=1)
              Filter: ((production_year > 1916) AND (kind_id = 7))
              Rows Removed by Filter: 1049873
Planning time: 0.753 ms
Execution time: 7924.449 ms
