Hash Join  (cost=346427.56..1116314.81 rows=22006262 width=0) (actual time=8779.919..65973.285 rows=204902288 loops=1)
  Hash Cond: (mi.movie_id = t.id)
  ->  Seq Scan on movie_info mi  (cost=0.00..309384.22 rows=14739122 width=4) (actual time=0.015..5479.805 rows=14835720 loops=1)
  ->  Hash  (cost=284490.31..284490.31 rows=3775220 width=8) (actual time=8778.774..8778.774 rows=3767596 loops=1)
        Buckets: 131072  Batches: 64  Memory Usage: 3429kB
        ->  Hash Join  (cost=102767.86..284490.31 rows=3775220 width=8) (actual time=1755.025..7793.635 rows=3767596 loops=1)
              Hash Cond: (mk.movie_id = t.id)
              ->  Seq Scan on movie_keyword mk  (cost=0.00..81003.12 rows=3775220 width=4) (actual time=0.021..3038.530 rows=3767596 loops=1)
                    Filter: (keyword_id > 690)
                    Rows Removed by Filter: 756334
              ->  Hash  (cost=61283.27..61283.27 rows=2528527 width=4) (actual time=1752.627..1752.627 rows=2528312 loops=1)
                    Buckets: 131072  Batches: 64  Memory Usage: 2425kB
                    ->  Seq Scan on title t  (cost=0.00..61283.27 rows=2528527 width=4) (actual time=0.010..897.857 rows=2528312 loops=1)
Planning time: 1.194 ms
Execution time: 88043.498 ms
