Hash Join  (cost=122535.74..208957.89 rows=4351 width=0) (actual time=1944.608..3528.777 rows=119386 loops=1)
  Hash Cond: (mk.movie_id = t.id)
  ->  Seq Scan on movie_keyword mk  (cost=0.00..81003.12 rows=1433472 width=4) (actual time=0.026..1302.437 rows=1447433 loops=1)
        Filter: (keyword_id > 11540)
        Rows Removed by Filter: 3076497
  ->  Hash  (cost=122439.81..122439.81 rows=7674 width=8) (actual time=1943.786..1943.786 rows=23502 loops=1)
        Buckets: 32768 (originally 8192)  Batches: 1 (originally 1)  Memory Usage: 1175kB
        ->  Hash Join  (cost=67697.55..122439.81 rows=7674 width=8) (actual time=932.301..1934.748 rows=23502 loops=1)
              Hash Cond: (mc.movie_id = t.id)
              ->  Seq Scan on movie_companies mc  (cost=0.00..44881.29 rows=2609129 width=4) (actual time=0.016..473.922 rows=2609129 loops=1)
              ->  Hash  (cost=67604.59..67604.59 rows=7437 width=4) (actual time=932.102..932.102 rows=20122 loops=1)
                    Buckets: 32768 (originally 8192)  Batches: 1 (originally 1)  Memory Usage: 964kB
                    ->  Seq Scan on title t  (cost=0.00..67604.59 rows=7437 width=4) (actual time=0.087..922.955 rows=20122 loops=1)
                          Filter: (production_year = 1987)
                          Rows Removed by Filter: 2508190
Planning time: 1.182 ms
Execution time: 3544.838 ms
