Seq Scan on cast_info ci  (cost=0.00..796071.18 rows=3550001 width=0) (actual time=0.024..11373.921 rows=1696599 loops=1)
  Filter: ((person_id < 1669878) AND (role_id > 7))
  Rows Removed by Filter: 34547745
Planning time: 0.369 ms
Execution time: 11572.281 ms
