Seq Scan on cast_info ci  (cost=0.00..796071.18 rows=7635004 width=0) (actual time=0.035..13375.506 rows=3979977 loops=1)
  Filter: ((person_id < 2298086) AND (role_id > 3))
  Rows Removed by Filter: 32264367
Planning time: 0.371 ms
Execution time: 13899.767 ms
