Hash Join  (cost=83810.17..148861.06 rows=247134 width=0) (actual time=1408.155..2773.832 rows=463570 loops=1)
  Hash Cond: (mc.movie_id = t.id)
  ->  Seq Scan on movie_companies mc  (cost=0.00..51404.11 rows=632649 width=4) (actual time=0.029..822.777 rows=636874 loops=1)
        Filter: (company_id > 57875)
        Rows Removed by Filter: 1972255
  ->  Hash  (cost=67604.59..67604.59 rows=987727 width=4) (actual time=1407.355..1407.355 rows=985048 loops=1)
        Buckets: 131072  Batches: 16  Memory Usage: 3188kB
        ->  Seq Scan on title t  (cost=0.00..67604.59 rows=987727 width=4) (actual time=0.020..1097.685 rows=985048 loops=1)
              Filter: (kind_id < 7)
              Rows Removed by Filter: 1543264
Planning time: 0.716 ms
Execution time: 2820.623 ms
