Seq Scan on cast_info ci  (cost=0.00..796071.18 rows=2355522 width=0) (actual time=2306.471..15218.786 rows=2391924 loops=1)
  Filter: ((person_id < 3160947) AND (role_id = 4))
  Rows Removed by Filter: 33852420
Planning time: 1.971 ms
Execution time: 15520.999 ms
