Hash Join  (cost=255359.45..434775.58 rows=4248318 width=0) (actual time=6558.658..16497.572 rows=31465404 loops=1)
  Hash Cond: (mk.movie_id = t.id)
  ->  Seq Scan on movie_keyword mk  (cost=0.00..69693.30 rows=4523930 width=4) (actual time=0.013..1210.873 rows=4523930 loops=1)
  ->  Hash  (cost=216402.43..216402.43 rows=2374481 width=8) (actual time=6557.531..6557.531 rows=2237755 loops=1)
        Buckets: 131072  Batches: 32  Memory Usage: 3801kB
        ->  Hash Join  (cost=105357.69..216402.43 rows=2374481 width=8) (actual time=1875.785..5794.557 rows=2237755 loops=1)
              Hash Cond: (mc.movie_id = t.id)
              ->  Seq Scan on movie_companies mc  (cost=0.00..44881.29 rows=2609129 width=4) (actual time=0.016..768.518 rows=2609129 loops=1)
              ->  Hash  (cost=67604.59..67604.59 rows=2301128 width=4) (actual time=1874.725..1874.725 rows=2292034 loops=1)
                    Buckets: 131072  Batches: 32  Memory Usage: 3546kB
                    ->  Seq Scan on title t  (cost=0.00..67604.59 rows=2301128 width=4) (actual time=0.017..1176.077 rows=2292034 loops=1)
                          Filter: (production_year > 1949)
                          Rows Removed by Filter: 236278
Planning time: 0.690 ms
Execution time: 19797.766 ms
