Hash Join  (cost=477121.99..561172.89 rows=652937 width=0) (actual time=7722.102..9865.383 rows=598145 loops=1)
  Hash Cond: (mc.movie_id = t.id)
  ->  Seq Scan on movie_companies mc  (cost=0.00..44881.29 rows=2609129 width=4) (actual time=0.011..835.162 rows=2609129 loops=1)
  ->  Hash  (cost=466740.42..466740.42 rows=632766 width=8) (actual time=7721.116..7721.116 rows=422419 loops=1)
        Buckets: 131072  Batches: 16  Memory Usage: 2059kB
        ->  Hash Join  (cost=94554.94..466740.42 rows=632766 width=8) (actual time=3543.236..7589.462 rows=422419 loops=1)
              Hash Cond: (mi.movie_id = t.id)
              ->  Seq Scan on movie_info mi  (cost=0.00..346232.03 rows=1272478 width=4) (actual time=1750.130..4776.908 rows=1325361 loops=1)
                    Filter: (info_type_id = 8)
                    Rows Removed by Filter: 13510359
              ->  Hash  (cost=73925.90..73925.90 rows=1257363 width=4) (actual time=1791.803..1791.803 rows=1229210 loops=1)
                    Buckets: 131072  Batches: 32  Memory Usage: 2380kB
                    ->  Seq Scan on title t  (cost=0.00..73925.90 rows=1257363 width=4) (actual time=0.035..1377.016 rows=1229210 loops=1)
                          Filter: ((kind_id > 2) AND (production_year < 2009))
                          Rows Removed by Filter: 1299102
Planning time: 1.188 ms
Execution time: 9929.474 ms
