Seq Scan on movie_companies mc  (cost=0.00..57926.93 rows=1230969 width=0) (actual time=499.710..1146.173 rows=1140276 loops=1)
  Filter: ((company_id < 115199) AND (company_type_id > 1))
  Rows Removed by Filter: 1468853
Planning time: 0.330 ms
Execution time: 1296.060 ms
