Hash Join  (cost=76766.32..1136042.24 rows=2479576 width=0) (actual time=1102.634..26730.938 rows=377137 loops=1)
  Hash Cond: (ci.movie_id = t.id)
  ->  Seq Scan on cast_info ci  (cost=0.00..614943.12 rows=36225612 width=4) (actual time=0.019..11829.079 rows=36244344 loops=1)
  ->  Hash  (cost=73925.90..73925.90 rows=173073 width=4) (actual time=1100.865..1100.865 rows=44674 loops=1)
        Buckets: 131072  Batches: 4  Memory Usage: 1418kB
        ->  Seq Scan on title t  (cost=0.00..73925.90 rows=173073 width=4) (actual time=0.236..1083.646 rows=44674 loops=1)
              Filter: ((kind_id > 1) AND (production_year < 1959))
              Rows Removed by Filter: 2483638
Planning time: 0.697 ms
Execution time: 26774.205 ms
