Hash Join  (cost=226136.94..1378088.65 rows=11501255 width=0) (actual time=4341.868..43960.889 rows=32891096 loops=1)
  Hash Cond: (ci.movie_id = t.id)
  ->  Seq Scan on cast_info ci  (cost=0.00..614943.12 rows=36225612 width=4) (actual time=0.013..13198.476 rows=36244344 loops=1)
  ->  Hash  (cost=212966.17..212966.17 rows=802781 width=8) (actual time=4340.722..4340.722 rows=803603 loops=1)
        Buckets: 131072  Batches: 16  Memory Usage: 3014kB
        ->  Hash Join  (cost=102767.86..212966.17 rows=802781 width=8) (actual time=1902.265..4140.647 rows=803603 loops=1)
              Hash Cond: (mk.movie_id = t.id)
              ->  Seq Scan on movie_keyword mk  (cost=0.00..81003.12 rows=802781 width=4) (actual time=0.022..1313.023 rows=803603 loops=1)
                    Filter: (keyword_id < 777)
                    Rows Removed by Filter: 3720327
              ->  Hash  (cost=61283.27..61283.27 rows=2528527 width=4) (actual time=1899.112..1899.112 rows=2528312 loops=1)
                    Buckets: 131072  Batches: 64  Memory Usage: 2425kB
                    ->  Seq Scan on title t  (cost=0.00..61283.27 rows=2528527 width=4) (actual time=0.020..1053.717 rows=2528312 loops=1)
Planning time: 1.149 ms
Execution time: 47595.635 ms
