Hash Join  (cost=102767.86..857076.93 rows=1617595 width=0) (actual time=5932.720..14346.644 rows=1632579 loops=1)
  Hash Cond: (ci.movie_id = t.id)
  ->  Seq Scan on cast_info ci  (cost=0.00..705507.15 rows=1617595 width=4) (actual time=3809.385..10522.080 rows=1632579 loops=1)
        Filter: (person_id > 3738613)
        Rows Removed by Filter: 34611765
  ->  Hash  (cost=61283.27..61283.27 rows=2528527 width=4) (actual time=2121.403..2121.403 rows=2528312 loops=1)
        Buckets: 131072  Batches: 64  Memory Usage: 2415kB
        ->  Seq Scan on title t  (cost=0.00..61283.27 rows=2528527 width=4) (actual time=0.020..1075.904 rows=2528312 loops=1)
Planning time: 0.780 ms
Execution time: 14543.546 ms
