Seq Scan on title t  (cost=0.00..73925.90 rows=1963 width=0) (actual time=77.007..1000.637 rows=2566 loops=1)
  Filter: ((kind_id = 1) AND (production_year = 1932))
  Rows Removed by Filter: 2525746
Planning time: 0.340 ms
Execution time: 1001.448 ms
