Seq Scan on movie_companies mc  (cost=0.00..51404.11 rows=893690 width=0) (actual time=0.032..856.565 rows=901411 loops=1)
  Filter: (company_id > 21352)
  Rows Removed by Filter: 1707718
Planning time: 0.299 ms
Execution time: 974.739 ms
