Hash Join  (cost=160332.95..991178.57 rows=1436184 width=0) (actual time=3554.924..21441.519 rows=2093296 loops=1)
  Hash Cond: (ci.movie_id = t.id)
  ->  Seq Scan on cast_info ci  (cost=0.00..705507.15 rows=9468168 width=4) (actual time=0.024..12834.063 rows=9384703 loops=1)
        Filter: (role_id > 4)
        Rows Removed by Filter: 26859641
  ->  Hash  (cost=154039.68..154039.68 rows=383541 width=8) (actual time=3552.953..3552.953 rows=657193 loops=1)
        Buckets: 131072 (originally 131072)  Batches: 16 (originally 8)  Memory Usage: 3073kB
        ->  Hash Join  (cost=73702.75..154039.68 rows=383541 width=8) (actual time=989.937..3341.163 rows=657193 loops=1)
              Hash Cond: (mc.movie_id = t.id)
              ->  Seq Scan on movie_companies mc  (cost=0.00..44881.29 rows=2609129 width=4) (actual time=0.011..833.957 rows=2609129 loops=1)
              ->  Hash  (cost=67604.59..67604.59 rows=371693 width=4) (actual time=989.056..989.056 rows=366430 loops=1)
                    Buckets: 131072  Batches: 8  Memory Usage: 2627kB
                    ->  Seq Scan on title t  (cost=0.00..67604.59 rows=371693 width=4) (actual time=0.025..870.921 rows=366430 loops=1)
                          Filter: (production_year < 1970)
                          Rows Removed by Filter: 2161882
Planning time: 1.145 ms
Execution time: 21688.942 ms
