Seq Scan on movie_companies mc  (cost=0.00..51404.11 rows=1294548 width=0) (actual time=56.620..863.389 rows=1302624 loops=1)
  Filter: (company_id > 11319)
  Rows Removed by Filter: 1306505
Planning time: 2.027 ms
Execution time: 1027.580 ms
