Hash Join  (cost=102191.01..198363.75 rows=46935 width=0) (actual time=2053.074..4218.517 rows=54995 loops=1)
  Hash Cond: (mk.movie_id = t.id)
  ->  Seq Scan on movie_keyword mk  (cost=0.00..81003.12 rows=3920071 width=4) (actual time=0.029..1528.799 rows=3915666 loops=1)
        Filter: (keyword_id < 30361)
        Rows Removed by Filter: 608264
  ->  Hash  (cost=101812.59..101812.59 rows=30274 width=8) (actual time=2052.437..2052.437 rows=18218 loops=1)
        Buckets: 32768  Batches: 1  Memory Usage: 968kB
        ->  Hash Join  (cost=70308.29..101812.59 rows=30274 width=8) (actual time=1407.290..2045.913 rows=18218 loops=1)
              Hash Cond: (mi_idx.movie_id = t.id)
              ->  Seq Scan on movie_info_idx mi_idx  (cost=0.00..25185.44 rows=464566 width=4) (actual time=0.011..429.399 rows=459925 loops=1)
                    Filter: (info_type_id = 101)
                    Rows Removed by Filter: 920110
              ->  Hash  (cost=67604.59..67604.59 rows=164776 width=4) (actual time=1405.373..1405.373 rows=164307 loops=1)
                    Buckets: 131072  Batches: 4  Memory Usage: 2482kB
                    ->  Seq Scan on title t  (cost=0.00..67604.59 rows=164776 width=4) (actual time=0.017..1059.735 rows=164307 loops=1)
                          Filter: (production_year = 2012)
                          Rows Removed by Filter: 2364005
Planning time: 1.123 ms
Execution time: 4226.046 ms
