Nested Loop  (cost=0.43..58358.39 rows=13 width=0) (actual time=564.480..867.391 rows=99 loops=1)
  ->  Seq Scan on movie_companies mc  (cost=0.00..57926.93 rows=51 width=4) (actual time=564.022..864.374 rows=99 loops=1)
        Filter: ((company_type_id = 1) AND (company_id = 20445))
        Rows Removed by Filter: 2609030
  ->  Index Scan using title_pkey on title t  (cost=0.43..8.45 rows=1 width=4) (actual time=0.028..0.028 rows=1 loops=99)
        Index Cond: (id = mc.movie_id)
        Filter: (kind_id = 1)
Planning time: 0.736 ms
Execution time: 867.544 ms
