Seq Scan on title t  (cost=0.00..73925.90 rows=459550 width=0) (actual time=0.016..1048.420 rows=547302 loops=1)
  Filter: ((kind_id < 4) AND (production_year < 2005))
  Rows Removed by Filter: 1981010
Planning time: 0.295 ms
Execution time: 1121.405 ms
