Nested Loop  (cost=0.43..83072.29 rows=20 width=0) (actual time=37.579..1119.178 rows=5 loops=1)
  ->  Seq Scan on movie_keyword mk  (cost=0.00..81003.12 rows=246 width=4) (actual time=37.506..1118.021 rows=23 loops=1)
        Filter: (keyword_id = 67393)
        Rows Removed by Filter: 4523907
  ->  Index Scan using title_pkey on title t  (cost=0.43..8.40 rows=1 width=4) (actual time=0.045..0.045 rows=0 loops=23)
        Index Cond: (id = mk.movie_id)
        Filter: (production_year < 1956)
        Rows Removed by Filter: 1
Planning time: 0.787 ms
Execution time: 1119.288 ms
