Seq Scan on movie_keyword mk  (cost=0.00..81003.12 rows=246 width=0) (actual time=0.076..988.630 rows=376 loops=1)
  Filter: (keyword_id = 1609)
  Rows Removed by Filter: 4523554
Planning time: 0.343 ms
Execution time: 988.860 ms
