Hash Join  (cost=28268.36..114928.73 rows=234 width=0) (actual time=396.155..2062.889 rows=6417 loops=1)
  Hash Cond: (mk.movie_id = t.id)
  ->  Seq Scan on movie_keyword mk  (cost=0.00..69693.30 rows=4523930 width=4) (actual time=0.021..882.780 rows=4523930 loops=1)
  ->  Hash  (cost=28266.72..28266.72 rows=131 width=8) (actual time=381.398..381.398 rows=41 loops=1)
        Buckets: 1024  Batches: 1  Memory Usage: 10kB
        ->  Nested Loop  (cost=0.43..28266.72 rows=131 width=8) (actual time=163.117..381.354 rows=41 loops=1)
              ->  Seq Scan on movie_info_idx mi_idx  (cost=0.00..25185.44 rows=368 width=4) (actual time=162.901..363.421 rows=260 loops=1)
                    Filter: (info_type_id > 101)
                    Rows Removed by Filter: 1379775
              ->  Index Scan using title_pkey on title t  (cost=0.43..8.36 rows=1 width=4) (actual time=0.068..0.068 rows=0 loops=260)
                    Index Cond: (id = mi_idx.movie_id)
                    Filter: (production_year > 2006)
                    Rows Removed by Filter: 1
Planning time: 1.070 ms
Execution time: 2063.945 ms
