Hash Join  (cost=240403.58..288914.66 rows=630560 width=0) (actual time=4861.395..6634.915 rows=2595596 loops=1)
  Hash Cond: (mi_idx.movie_id = t.id)
  ->  Seq Scan on movie_info_idx mi_idx  (cost=0.00..21735.35 rows=1380035 width=4) (actual time=0.031..399.864 rows=1380035 loops=1)
  ->  Hash  (cost=221449.01..221449.01 rows=1155325 width=8) (actual time=4860.229..4860.229 rows=1170075 loops=1)
        Buckets: 131072  Batches: 16  Memory Usage: 3942kB
        ->  Hash Join  (cost=102767.86..221449.01 rows=1155325 width=8) (actual time=1843.997..4502.123 rows=1170075 loops=1)
              Hash Cond: (mk.movie_id = t.id)
              ->  Seq Scan on movie_keyword mk  (cost=0.00..81003.12 rows=1155325 width=4) (actual time=0.016..1294.846 rows=1170075 loops=1)
                    Filter: (keyword_id > 15962)
                    Rows Removed by Filter: 3353855
              ->  Hash  (cost=61283.27..61283.27 rows=2528527 width=4) (actual time=1842.840..1842.840 rows=2528312 loops=1)
                    Buckets: 131072  Batches: 64  Memory Usage: 2425kB
                    ->  Seq Scan on title t  (cost=0.00..61283.27 rows=2528527 width=4) (actual time=0.018..962.023 rows=2528312 loops=1)
Planning time: 1.138 ms
Execution time: 6938.654 ms
