Hash Join  (cost=81878.30..591830.41 rows=2825218 width=0) (actual time=1238.738..14712.070 rows=4694425 loops=1)
  Hash Cond: (mi.movie_id = t.id)
  ->  Seq Scan on movie_info mi  (cost=0.00..309384.22 rows=14739122 width=4) (actual time=0.021..5296.411 rows=14835720 loops=1)
  ->  Hash  (cost=73925.90..73925.90 rows=484672 width=4) (actual time=1237.679..1237.679 rows=355227 loops=1)
        Buckets: 131072  Batches: 8  Memory Usage: 2599kB
        ->  Seq Scan on title t  (cost=0.00..73925.90 rows=484672 width=4) (actual time=479.301..1123.791 rows=355227 loops=1)
              Filter: ((production_year > 1986) AND (kind_id = 1))
              Rows Removed by Filter: 2173085
Planning time: 0.776 ms
Execution time: 15296.110 ms
