Hash Join  (cost=82042.47..214828.20 rows=885069 width=0) (actual time=1210.281..4824.714 rows=1652933 loops=1)
  Hash Cond: (mk.movie_id = t.id)
  ->  Seq Scan on movie_keyword mk  (cost=0.00..69693.30 rows=4523930 width=4) (actual time=0.031..1320.145 rows=4523930 loops=1)
  ->  Hash  (cost=73925.90..73925.90 rows=494685 width=4) (actual time=1209.190..1209.190 rows=364663 loops=1)
        Buckets: 131072  Batches: 8  Memory Usage: 2641kB
        ->  Seq Scan on title t  (cost=0.00..73925.90 rows=494685 width=4) (actual time=76.347..1096.050 rows=364663 loops=1)
              Filter: ((production_year > 1984) AND (kind_id = 1))
              Rows Removed by Filter: 2163649
Planning time: 3.761 ms
Execution time: 5026.575 ms
