Hash Join  (cost=1022102.70..1561203.94 rows=8017413 width=0) (actual time=23615.526..43797.043 rows=32920681 loops=1)
  Hash Cond: (mi.movie_id = t.id)
  ->  Seq Scan on movie_info mi  (cost=0.00..346232.03 rows=7235534 width=4) (actual time=0.015..6217.094 rows=7286865 loops=1)
        Filter: (info_type_id < 8)
        Rows Removed by Filter: 7548855
  ->  Hash  (cost=976135.67..976135.67 rows=2801762 width=8) (actual time=23609.743..23609.743 rows=6563059 loops=1)
        Buckets: 131072 (originally 131072)  Batches: 128 (originally 64)  Memory Usage: 3073kB
        ->  Hash Join  (cost=102767.86..976135.67 rows=2801762 width=8) (actual time=1993.287..21444.359 rows=6563059 loops=1)
              Hash Cond: (ci.movie_id = t.id)
              ->  Seq Scan on cast_info ci  (cost=0.00..796071.18 rows=2801762 width=4) (actual time=0.013..13686.395 rows=6563059 loops=1)
                    Filter: ((person_id > 2635253) AND (role_id > 4))
                    Rows Removed by Filter: 29681285
              ->  Hash  (cost=61283.27..61283.27 rows=2528527 width=4) (actual time=1991.700..1991.700 rows=2528312 loops=1)
                    Buckets: 131072  Batches: 64  Memory Usage: 2415kB
                    ->  Seq Scan on title t  (cost=0.00..61283.27 rows=2528527 width=4) (actual time=0.011..1128.086 rows=2528312 loops=1)
Planning time: 1.435 ms
Execution time: 47600.789 ms
