Nested Loop  (cost=0.43..799702.19 rows=435 width=0) (actual time=7341.739..13671.083 rows=5 loops=1)
  ->  Seq Scan on cast_info ci  (cost=0.00..796071.18 rows=435 width=4) (actual time=7341.636..13670.899 rows=5 loops=1)
        Filter: ((role_id < 10) AND (person_id = 2872875))
        Rows Removed by Filter: 36244339
  ->  Index Only Scan using title_pkey on title t  (cost=0.43..8.34 rows=1 width=4) (actual time=0.026..0.027 rows=1 loops=5)
        Index Cond: (id = ci.movie_id)
        Heap Fetches: 5
Planning time: 0.753 ms
Execution time: 13671.155 ms
