Hash Join  (cost=162267.58..510285.09 rows=942 width=0) (actual time=3800.299..7547.846 rows=21505 loops=1)
  Hash Cond: (mi.movie_id = t.id)
  ->  Seq Scan on movie_info mi  (cost=0.00..346232.03 rows=473617 width=4) (actual time=1271.109..5013.599 rows=486554 loops=1)
        Filter: (info_type_id = 5)
        Rows Removed by Filter: 14349166
  ->  Hash  (cost=162204.71..162204.71 rows=5030 width=8) (actual time=2446.854..2446.854 rows=6635 loops=1)
        Buckets: 8192  Batches: 1  Memory Usage: 324kB
        ->  Hash Join  (cost=79405.47..162204.71 rows=5030 width=8) (actual time=1195.479..2444.180 rows=6635 loops=1)
              Hash Cond: (mk.movie_id = t.id)
              ->  Seq Scan on movie_keyword mk  (cost=0.00..81003.12 rows=38084 width=4) (actual time=0.065..1167.482 rows=28021 loops=1)
                    Filter: (keyword_id < 36)
                    Rows Removed by Filter: 4495909
              ->  Hash  (cost=73925.90..73925.90 rows=333965 width=4) (actual time=1193.265..1193.265 rows=411522 loops=1)
                    Buckets: 131072  Batches: 8  Memory Usage: 2849kB
                    ->  Seq Scan on title t  (cost=0.00..73925.90 rows=333965 width=4) (actual time=0.029..1058.308 rows=411522 loops=1)
                          Filter: ((production_year < 2004) AND (kind_id = 1))
                          Rows Removed by Filter: 2116790
Planning time: 2.141 ms
Execution time: 7550.921 ms
