Hash Join  (cost=124787.50..236416.32 rows=144978 width=0) (actual time=2356.633..5238.066 rows=1612432 loops=1)
  Hash Cond: (mk.movie_id = t.id)
  ->  Seq Scan on movie_keyword mk  (cost=0.00..81003.12 rows=2473045 width=4) (actual time=0.026..1522.867 rows=2465197 loops=1)
        Filter: (keyword_id > 3660)
        Rows Removed by Filter: 2058733
  ->  Hash  (cost=122354.61..122354.61 rows=148231 width=8) (actual time=2355.604..2355.604 rows=292486 loops=1)
        Buckets: 131072 (originally 131072)  Batches: 4 (originally 2)  Memory Usage: 3892kB
        ->  Hash Join  (cost=87162.74..122354.61 rows=148231 width=8) (actual time=1368.207..2255.417 rows=292486 loops=1)
              Hash Cond: (mi_idx.movie_id = t.id)
              ->  Seq Scan on movie_info_idx mi_idx  (cost=0.00..25185.44 rows=464566 width=4) (actual time=0.024..421.896 rows=459925 loops=1)
                    Filter: (info_type_id = 101)
                    Rows Removed by Filter: 920110
              ->  Hash  (cost=73925.90..73925.90 rows=806787 width=4) (actual time=1367.165..1367.165 rows=843018 loops=1)
                    Buckets: 131072  Batches: 16  Memory Usage: 2879kB
                    ->  Seq Scan on title t  (cost=0.00..73925.90 rows=806787 width=4) (actual time=0.023..1097.698 rows=843018 loops=1)
                          Filter: ((kind_id < 7) AND (production_year < 2011))
                          Rows Removed by Filter: 1685294
Planning time: 1.762 ms
Execution time: 5426.020 ms
