Hash Join  (cost=146136.19..953808.84 rows=1565905 width=0) (actual time=5426.531..19075.412 rows=2127474 loops=1)
  Hash Cond: (ci.movie_id = t.id)
  ->  Seq Scan on cast_info ci  (cost=0.00..705507.15 rows=7298253 width=4) (actual time=2496.079..12695.307 rows=7451973 loops=1)
        Filter: (role_id = 2)
        Rows Removed by Filter: 28792371
  ->  Hash  (cost=137234.72..137234.72 rows=542518 width=8) (actual time=2929.328..2929.328 rows=456969 loops=1)
        Buckets: 131072  Batches: 8  Memory Usage: 3269kB
        ->  Hash Join  (cost=90234.05..137234.72 rows=542518 width=8) (actual time=1552.269..2799.982 rows=456969 loops=1)
              Hash Cond: (mi_idx.movie_id = t.id)
              ->  Seq Scan on movie_info_idx mi_idx  (cost=0.00..21735.35 rows=1380035 width=4) (actual time=0.028..373.556 rows=1380035 loops=1)
              ->  Hash  (cost=73925.90..73925.90 rows=994012 width=4) (actual time=1551.066..1551.066 rows=923721 loops=1)
                    Buckets: 131072  Batches: 16  Memory Usage: 3057kB
                    ->  Seq Scan on title t  (cost=0.00..73925.90 rows=994012 width=4) (actual time=0.023..1262.793 rows=923721 loops=1)
                          Filter: ((kind_id > 1) AND (production_year < 2005))
                          Rows Removed by Filter: 1604591
Planning time: 1.191 ms
Execution time: 19259.747 ms
