Seq Scan on movie_companies mc  (cost=0.00..57926.93 rows=722975 width=0) (actual time=0.026..979.351 rows=997159 loops=1)
  Filter: ((company_id < 13242) AND (company_type_id < 2))
  Rows Removed by Filter: 1611970
Planning time: 0.337 ms
Execution time: 1107.213 ms
