Hash Join  (cost=316399.62..1202616.09 rows=3604321 width=0) (actual time=14339.945..30464.274 rows=33235841 loops=1)
  Hash Cond: (ci.movie_id = t.id)
  ->  Seq Scan on cast_info ci  (cost=0.00..796071.18 rows=3004653 width=4) (actual time=6987.692..12797.038 rows=3896449 loops=1)
        Filter: ((person_id > 1075504) AND (role_id = 10))
        Rows Removed by Filter: 32347895
  ->  Hash  (cost=266635.99..266635.99 rows=3033170 width=8) (actual time=7350.326..7350.326 rows=3015967 loops=1)
        Buckets: 131072  Batches: 64  Memory Usage: 2885kB
        ->  Hash Join  (cost=102767.86..266635.99 rows=3033170 width=8) (actual time=1816.834..6455.989 rows=3015967 loops=1)
              Hash Cond: (mk.movie_id = t.id)
              ->  Seq Scan on movie_keyword mk  (cost=0.00..81003.12 rows=3033170 width=4) (actual time=0.036..1626.739 rows=3015967 loops=1)
                    Filter: (keyword_id < 10746)
                    Rows Removed by Filter: 1507963
              ->  Hash  (cost=61283.27..61283.27 rows=2528527 width=4) (actual time=1813.757..1813.757 rows=2528312 loops=1)
                    Buckets: 131072  Batches: 64  Memory Usage: 2425kB
                    ->  Seq Scan on title t  (cost=0.00..61283.27 rows=2528527 width=4) (actual time=0.020..963.463 rows=2528312 loops=1)
Planning time: 1.178 ms
Execution time: 34350.327 ms
