Hash Join  (cost=212184.17..341153.85 rows=1240751 width=0) (actual time=4996.095..9297.256 rows=4824886 loops=1)
  Hash Cond: (mk.movie_id = t.id)
  ->  Seq Scan on movie_keyword mk  (cost=0.00..81003.12 rows=2679746 width=4) (actual time=0.021..1710.468 rows=2666402 loops=1)
        Filter: (keyword_id > 3092)
        Rows Removed by Filter: 1857528
  ->  Hash  (cost=192975.98..192975.98 rows=1170735 width=8) (actual time=4994.615..4994.615 rows=1209784 loops=1)
        Buckets: 131072  Batches: 16  Memory Usage: 4001kB
        ->  Hash Join  (cost=104131.46..192975.98 rows=1170735 width=8) (actual time=2145.887..4638.432 rows=1209784 loops=1)
              Hash Cond: (mc.movie_id = t.id)
              ->  Seq Scan on movie_companies mc  (cost=0.00..51404.11 rows=1329612 width=4) (actual time=0.019..991.155 rows=1334883 loops=1)
                    Filter: (company_type_id > 1)
                    Rows Removed by Filter: 1274246
              ->  Hash  (cost=67604.59..67604.59 rows=2226390 width=4) (actual time=2144.534..2144.534 rows=2224569 loops=1)
                    Buckets: 131072  Batches: 32  Memory Usage: 3463kB
                    ->  Seq Scan on title t  (cost=0.00..67604.59 rows=2226390 width=4) (actual time=0.021..1439.031 rows=2224569 loops=1)
                          Filter: (production_year < 2012)
                          Rows Removed by Filter: 303743
Planning time: 1.163 ms
Execution time: 9885.268 ms
