Seq Scan on movie_keyword mk  (cost=0.00..81003.12 rows=134924 width=0) (actual time=0.035..1179.764 rows=131558 loops=1)
  Filter: (keyword_id > 76134)
  Rows Removed by Filter: 4392372
Planning time: 0.318 ms
Execution time: 1203.595 ms
