Seq Scan on movie_keyword mk  (cost=0.00..81003.12 rows=246 width=0) (actual time=3.304..1111.126 rows=502 loops=1)
  Filter: (keyword_id = 5460)
  Rows Removed by Filter: 4523428
Planning time: 0.378 ms
Execution time: 1111.424 ms
