Hash Join  (cost=76242.82..167462.73 rows=44517 width=0) (actual time=1028.477..2911.425 rows=56496 loops=1)
  Hash Cond: (mk.movie_id = t.id)
  ->  Seq Scan on movie_keyword mk  (cost=0.00..81003.12 rows=797230 width=4) (actual time=0.026..1320.430 rows=799694 loops=1)
        Filter: (keyword_id > 23112)
        Rows Removed by Filter: 3724236
  ->  Hash  (cost=73925.90..73925.90 rows=141193 width=4) (actual time=1027.470..1027.470 rows=132182 loops=1)
        Buckets: 131072  Batches: 2  Memory Usage: 3346kB
        ->  Seq Scan on title t  (cost=0.00..73925.90 rows=141193 width=4) (actual time=0.021..979.313 rows=132182 loops=1)
              Filter: ((production_year > 2009) AND (kind_id = 1))
              Rows Removed by Filter: 2396130
Planning time: 0.744 ms
Execution time: 2919.552 ms
