Hash Join  (cost=145867.03..173136.78 rows=35927 width=0) (actual time=2568.545..2911.465 rows=1116 loops=1)
  Hash Cond: (mi_idx.movie_id = t.id)
  ->  Seq Scan on movie_info_idx mi_idx  (cost=0.00..21735.35 rows=1380035 width=4) (actual time=0.007..263.534 rows=1380035 loops=1)
  ->  Hash  (cost=145044.19..145044.19 rows=65827 width=8) (actual time=2368.412..2368.412 rows=832 loops=1)
        Buckets: 131072  Batches: 1  Memory Usage: 1057kB
        ->  Hash Join  (cost=79317.58..145044.19 rows=65827 width=8) (actual time=1659.649..2366.728 rows=832 loops=1)
              Hash Cond: (mc.movie_id = t.id)
              ->  Seq Scan on movie_companies mc  (cost=0.00..57926.93 rows=506509 width=4) (actual time=372.956..945.710 rows=208137 loops=1)
                    Filter: ((company_id > 15193) AND (company_type_id = 1))
                    Rows Removed by Filter: 2400992
              ->  Hash  (cost=73925.90..73925.90 rows=328614 width=4) (actual time=1278.055..1278.055 rows=350917 loops=1)
                    Buckets: 131072  Batches: 8  Memory Usage: 2572kB
                    ->  Seq Scan on title t  (cost=0.00..73925.90 rows=328614 width=4) (actual time=0.024..1166.662 rows=350917 loops=1)
                          Filter: ((kind_id > 4) AND (production_year > 2009))
                          Rows Removed by Filter: 2177395
Planning time: 1.105 ms
Execution time: 2911.908 ms
