Seq Scan on title t  (cost=0.00..67604.59 rows=288252 width=0) (actual time=0.020..1029.397 rows=285055 loops=1)
  Filter: (production_year < 1964)
  Rows Removed by Filter: 2243257
Planning time: 0.341 ms
Execution time: 1070.529 ms
