Hash Join  (cost=127837.36..1186622.91 rows=2431843 width=0) (actual time=2475.172..31145.775 rows=3825803 loops=1)
  Hash Cond: (ci.movie_id = t.id)
  ->  Seq Scan on cast_info ci  (cost=0.00..614943.12 rows=36225612 width=4) (actual time=0.013..12037.347 rows=36244344 loops=1)
  ->  Hash  (cost=125051.60..125051.60 rows=169741 width=8) (actual time=2474.514..2474.514 rows=141787 loops=1)
        Buckets: 131072  Batches: 4  Memory Usage: 2417kB
        ->  Hash Join  (cost=89201.08..125051.60 rows=169741 width=8) (actual time=1509.027..2426.406 rows=141787 loops=1)
              Hash Cond: (mi_idx.movie_id = t.id)
              ->  Seq Scan on movie_info_idx mi_idx  (cost=0.00..25185.44 rows=460978 width=4) (actual time=0.011..473.756 rows=459925 loops=1)
                    Filter: (info_type_id < 100)
                    Rows Removed by Filter: 920110
              ->  Hash  (cost=73925.90..73925.90 rows=931054 width=4) (actual time=1507.985..1507.985 rows=852178 loops=1)
                    Buckets: 131072  Batches: 16  Memory Usage: 2899kB
                    ->  Seq Scan on title t  (cost=0.00..73925.90 rows=931054 width=4) (actual time=0.018..1239.168 rows=852178 loops=1)
                          Filter: ((kind_id > 1) AND (production_year < 2004))
                          Rows Removed by Filter: 1676134
Planning time: 0.836 ms
Execution time: 31629.360 ms
