Seq Scan on movie_companies mc  (cost=0.00..57926.93 rows=287232 width=0) (actual time=36.043..869.708 rows=420332 loops=1)
  Filter: ((company_id < 652) AND (company_type_id < 2))
  Rows Removed by Filter: 2188797
Planning time: 0.375 ms
Execution time: 923.326 ms
