Nested Loop  (cost=0.43..709673.15 rows=307 width=0) (actual time=802.441..9803.498 rows=211 loops=1)
  ->  Seq Scan on cast_info ci  (cost=0.00..705507.15 rows=500 width=4) (actual time=802.378..9792.513 rows=276 loops=1)
        Filter: (person_id = 84475)
        Rows Removed by Filter: 36244068
  ->  Index Scan using title_pkey on title t  (cost=0.43..8.32 rows=1 width=4) (actual time=0.039..0.039 rows=1 loops=276)
        Index Cond: (id = ci.movie_id)
        Filter: (production_year < 2007)
        Rows Removed by Filter: 0
Planning time: 0.850 ms
Execution time: 9803.676 ms
