Hash Join  (cost=151238.57..907361.45 rows=289301 width=0) (actual time=5679.422..20415.175 rows=2397252 loops=1)
  Hash Cond: (ci.movie_id = t.id)
  ->  Seq Scan on cast_info ci  (cost=0.00..705507.15 rows=12726058 width=4) (actual time=3074.643..12457.556 rows=12670688 loops=1)
        Filter: (role_id = 1)
        Rows Removed by Filter: 23573656
  ->  Hash  (cost=150520.05..150520.05 rows=57481 width=8) (actual time=2604.223..2604.223 rows=243661 loops=1)
        Buckets: 131072 (originally 65536)  Batches: 4 (originally 1)  Memory Usage: 3395kB
        ->  Hash Join  (cost=86810.27..150520.05 rows=57481 width=8) (actual time=1340.709..2515.480 rows=243661 loops=1)
              Hash Cond: (mc.movie_id = t.id)
              ->  Seq Scan on movie_companies mc  (cost=0.00..57926.93 rows=185078 width=4) (actual time=0.029..773.343 rows=366364 loops=1)
                    Filter: ((company_id > 86030) AND (company_type_id > 1))
                    Rows Removed by Filter: 2242765
              ->  Hash  (cost=73925.90..73925.90 rows=785309 width=4) (actual time=1339.808..1339.808 rows=695753 loops=1)
                    Buckets: 131072  Batches: 16  Memory Usage: 2553kB
                    ->  Seq Scan on title t  (cost=0.00..73925.90 rows=785309 width=4) (actual time=0.029..1121.875 rows=695753 loops=1)
                          Filter: ((kind_id < 7) AND (production_year > 1975))
                          Rows Removed by Filter: 1832559
Planning time: 1.223 ms
Execution time: 20635.356 ms
