Hash Join  (cost=74406.54..423182.56 rows=9914 width=0) (actual time=3682.048..6171.445 rows=2549 loops=1)
  Hash Cond: (mi.movie_id = t.id)
  ->  Seq Scan on movie_info mi  (cost=0.00..346232.03 rows=651960 width=4) (actual time=2449.839..4951.337 rows=660923 loops=1)
        Filter: (info_type_id = 18)
        Rows Removed by Filter: 14174797
  ->  Hash  (cost=73925.90..73925.90 rows=38451 width=4) (actual time=1091.848..1091.848 rows=16287 loops=1)
        Buckets: 65536  Batches: 1  Memory Usage: 1085kB
        ->  Seq Scan on title t  (cost=0.00..73925.90 rows=38451 width=4) (actual time=218.941..1085.010 rows=16287 loops=1)
              Filter: ((production_year < 1996) AND (kind_id = 4))
              Rows Removed by Filter: 2512025
Planning time: 0.814 ms
Execution time: 6172.033 ms
