Hash Join  (cost=98137.04..170597.34 rows=264946 width=0) (actual time=2375.923..3803.659 rows=416407 loops=1)
  Hash Cond: (mc.movie_id = t.id)
  ->  Seq Scan on movie_companies mc  (cost=0.00..57926.93 rows=359981 width=4) (actual time=125.636..860.430 rows=516509 loops=1)
        Filter: ((company_id < 1427) AND (company_type_id = 1))
        Rows Removed by Filter: 2092620
  ->  Hash  (cost=67604.59..67604.59 rows=1860996 width=4) (actual time=2249.427..2249.427 rows=1865487 loops=1)
        Buckets: 131072  Batches: 32  Memory Usage: 3079kB
        ->  Seq Scan on title t  (cost=0.00..67604.59 rows=1860996 width=4) (actual time=0.017..1107.432 rows=1865487 loops=1)
              Filter: (kind_id > 1)
              Rows Removed by Filter: 662825
Planning time: 0.803 ms
Execution time: 3852.690 ms
