Seq Scan on movie_keyword mk  (cost=0.00..81003.12 rows=246 width=0) (actual time=2.113..1229.672 rows=397 loops=1)
  Filter: (keyword_id = 2517)
  Rows Removed by Filter: 4523533
Planning time: 2.292 ms
Execution time: 1229.947 ms
