Hash Join  (cost=902270.76..1390001.36 rows=742667 width=0) (actual time=16378.611..29632.582 rows=5936518 loops=1)
  Hash Cond: (mi.movie_id = t.id)
  ->  Seq Scan on movie_info mi  (cost=0.00..309384.22 rows=14739122 width=4) (actual time=0.020..5466.622 rows=14835720 loops=1)
  ->  Hash  (cost=900180.18..900180.18 rows=127406 width=8) (actual time=16377.701..16377.701 rows=228009 loops=1)
        Buckets: 131072 (originally 131072)  Batches: 4 (originally 2)  Memory Usage: 3195kB
        ->  Hash Join  (cost=69460.45..900180.18 rows=127406 width=8) (actual time=4876.447..16284.461 rows=228009 loops=1)
              Hash Cond: (ci.movie_id = t.id)
              ->  Seq Scan on cast_info ci  (cost=0.00..796071.18 rows=2848132 width=4) (actual time=3679.743..13440.589 rows=3844886 loops=1)
                    Filter: ((person_id > 1208132) AND (role_id = 10))
                    Rows Removed by Filter: 32399458
              ->  Hash  (cost=67604.59..67604.59 rows=113109 width=4) (actual time=1195.848..1195.848 rows=119565 loops=1)
                    Buckets: 131072  Batches: 2  Memory Usage: 3115kB
                    ->  Seq Scan on title t  (cost=0.00..67604.59 rows=113109 width=4) (actual time=0.033..1148.023 rows=119565 loops=1)
                          Filter: (production_year = 2007)
                          Rows Removed by Filter: 2408747
Planning time: 1.254 ms
Execution time: 30334.287 ms
