Hash Join  (cost=76160.10..107373.08 rows=24457 width=0) (actual time=1097.972..1751.084 rows=71477 loops=1)
  Hash Cond: (mi_idx.movie_id = t.id)
  ->  Seq Scan on movie_info_idx mi_idx  (cost=0.00..25185.44 rows=454124 width=4) (actual time=0.015..420.442 rows=459925 loops=1)
        Filter: (info_type_id = 100)
        Rows Removed by Filter: 920110
  ->  Hash  (cost=73925.90..73925.90 rows=136176 width=4) (actual time=1048.883..1048.883 rows=269736 loops=1)
        Buckets: 131072 (originally 131072)  Batches: 4 (originally 2)  Memory Usage: 3395kB
        ->  Seq Scan on title t  (cost=0.00..73925.90 rows=136176 width=4) (actual time=137.798..961.512 rows=269736 loops=1)
              Filter: ((production_year < 1980) AND (kind_id = 1))
              Rows Removed by Filter: 2258576
Planning time: 0.854 ms
Execution time: 1760.853 ms
