Nested Loop  (cost=0.43..58358.27 rows=51 width=0) (actual time=414.524..870.562 rows=3 loops=1)
  ->  Seq Scan on movie_companies mc  (cost=0.00..57926.93 rows=51 width=4) (actual time=414.445..870.385 rows=3 loops=1)
        Filter: ((company_type_id < 2) AND (company_id = 37681))
        Rows Removed by Filter: 2609126
  ->  Index Only Scan using title_pkey on title t  (cost=0.43..8.45 rows=1 width=4) (actual time=0.052..0.052 rows=1 loops=3)
        Index Cond: (id = mc.movie_id)
        Heap Fetches: 3
Planning time: 0.827 ms
Execution time: 870.633 ms
