Hash Join  (cost=328003.35..899358.05 rows=10059517 width=0) (actual time=7304.226..29872.506 rows=43389541 loops=1)
  Hash Cond: (mi.movie_id = t.id)
  ->  Seq Scan on movie_info mi  (cost=0.00..346232.03 rows=7235534 width=4) (actual time=0.009..5928.100 rows=7286865 loops=1)
        Filter: (info_type_id < 8)
        Rows Removed by Filter: 7548855
  ->  Hash  (cost=270327.91..270327.91 rows=3515395 width=8) (actual time=7303.336..7303.336 rows=3257336 loops=1)
        Buckets: 131072  Batches: 64  Memory Usage: 3085kB
        ->  Hash Join  (cost=99841.01..270327.91 rows=3515395 width=8) (actual time=1843.790..6364.003 rows=3257336 loops=1)
              Hash Cond: (mk.movie_id = t.id)
              ->  Seq Scan on movie_keyword mk  (cost=0.00..69693.30 rows=4523930 width=4) (actual time=0.010..1325.329 rows=4523930 loops=1)
              ->  Hash  (cost=67604.59..67604.59 rows=1964834 width=4) (actual time=1842.316..1842.316 rows=1962189 loops=1)
                    Buckets: 131072  Batches: 32  Memory Usage: 3196kB
                    ->  Seq Scan on title t  (cost=0.00..67604.59 rows=1964834 width=4) (actual time=0.011..1209.419 rows=1962189 loops=1)
                          Filter: (production_year > 1978)
                          Rows Removed by Filter: 566123
Planning time: 0.819 ms
Execution time: 35029.781 ms
