Hash Join  (cost=75199.97..159724.41 rows=8317 width=0) (actual time=1468.431..2417.124 rows=1198 loops=1)
  Hash Cond: (mk.movie_id = t.id)
  ->  Seq Scan on movie_keyword mk  (cost=0.00..81003.12 rows=270973 width=4) (actual time=0.022..1184.157 rows=271112 loops=1)
        Filter: (keyword_id > 58161)
        Rows Removed by Filter: 4252818
  ->  Hash  (cost=73925.90..73925.90 rows=77605 width=4) (actual time=1128.628..1128.628 rows=84684 loops=1)
        Buckets: 131072  Batches: 2  Memory Usage: 2518kB
        ->  Seq Scan on title t  (cost=0.00..73925.90 rows=77605 width=4) (actual time=0.015..1095.345 rows=84684 loops=1)
              Filter: ((kind_id = 7) AND (production_year = 2009))
              Rows Removed by Filter: 2443628
Planning time: 0.806 ms
Execution time: 2417.417 ms
