Seq Scan on movie_companies mc  (cost=0.00..57926.93 rows=339092 width=0) (actual time=0.027..852.178 rows=645074 loops=1)
  Filter: ((company_id > 50468) AND (company_type_id > 1))
  Rows Removed by Filter: 1964055
Planning time: 0.390 ms
Execution time: 932.410 ms
