Seq Scan on cast_info ci  (cost=0.00..705507.15 rows=18036508 width=0) (actual time=0.018..11682.836 rows=18186105 loops=1)
  Filter: (person_id > 1792124)
  Rows Removed by Filter: 18058239
Planning time: 0.237 ms
Execution time: 14005.681 ms
