Seq Scan on movie_keyword mk  (cost=0.00..81003.12 rows=246 width=0) (actual time=66.836..1082.679 rows=10 loops=1)
  Filter: (keyword_id = 84434)
  Rows Removed by Filter: 4523920
Planning time: 0.398 ms
Execution time: 1082.773 ms
