Hash Join  (cost=204469.99..732503.03 rows=1952733 width=0) (actual time=4374.579..20721.255 rows=16570974 loops=1)
  Hash Cond: (mi.movie_id = t.id)
  ->  Seq Scan on movie_info mi  (cost=0.00..346232.03 rows=12545135 width=4) (actual time=0.017..6150.649 rows=12601870 loops=1)
        Filter: (info_type_id < 17)
        Rows Removed by Filter: 2233850
  ->  Hash  (cost=198012.22..198012.22 rows=393582 width=8) (actual time=4371.124..4371.124 rows=685297 loops=1)
        Buckets: 131072 (originally 131072)  Batches: 16 (originally 8)  Memory Usage: 3073kB
        ->  Hash Join  (cost=71214.36..198012.22 rows=393582 width=8) (actual time=1014.666..4159.442 rows=685297 loops=1)
              Hash Cond: (mk.movie_id = t.id)
              ->  Seq Scan on movie_keyword mk  (cost=0.00..69693.30 rows=4523930 width=4) (actual time=0.024..1288.380 rows=4523930 loops=1)
              ->  Hash  (cost=67604.59..67604.59 rows=219982 width=4) (actual time=1013.671..1013.671 rows=221115 loops=1)
                    Buckets: 131072  Batches: 4  Memory Usage: 2973kB
                    ->  Seq Scan on title t  (cost=0.00..67604.59 rows=219982 width=4) (actual time=0.016..938.509 rows=221115 loops=1)
                          Filter: (production_year < 1958)
                          Rows Removed by Filter: 2307197
Planning time: 1.310 ms
Execution time: 22743.491 ms
