Seq Scan on movie_keyword mk  (cost=0.00..81003.12 rows=246 width=0) (actual time=1.959..1119.481 rows=747 loops=1)
  Filter: (keyword_id = 17086)
  Rows Removed by Filter: 4523183
Planning time: 0.465 ms
Execution time: 1119.850 ms
