Hash Join  (cost=225255.37..700468.11 rows=4241916 width=0) (actual time=4584.439..14716.954 rows=3841627 loops=1)
  Hash Cond: (mi.movie_id = t.id)
  ->  Seq Scan on movie_info mi  (cost=0.00..346232.03 rows=6231111 width=4) (actual time=0.030..5901.043 rows=6223494 loops=1)
        Filter: (info_type_id > 8)
        Rows Removed by Filter: 8612226
  ->  Hash  (cost=197014.75..197014.75 rows=1721330 width=8) (actual time=4582.798..4582.798 rows=906814 loops=1)
        Buckets: 131072  Batches: 32  Memory Usage: 2111kB
        ->  Hash Join  (cost=94973.51..197014.75 rows=1721330 width=8) (actual time=1588.152..4302.737 rows=906814 loops=1)
              Hash Cond: (mc.movie_id = t.id)
              ->  Seq Scan on movie_companies mc  (cost=0.00..44881.29 rows=2609129 width=4) (actual time=0.033..849.837 rows=2609129 loops=1)
              ->  Hash  (cost=67604.59..67604.59 rows=1668154 width=4) (actual time=1586.813..1586.813 rows=1674098 loops=1)
                    Buckets: 131072  Batches: 32  Memory Usage: 2869kB
                    ->  Seq Scan on title t  (cost=0.00..67604.59 rows=1668154 width=4) (actual time=0.025..1057.489 rows=1674098 loops=1)
                          Filter: (kind_id > 3)
                          Rows Removed by Filter: 854214
Planning time: 1.189 ms
Execution time: 15137.217 ms
