Hash Join  (cost=921712.58..1520884.63 rows=6006841 width=0) (actual time=19240.213..39655.517 rows=32250147 loops=1)
  Hash Cond: (mi.movie_id = t.id)
  ->  Seq Scan on movie_info mi  (cost=0.00..309384.22 rows=14739122 width=4) (actual time=0.020..4954.906 rows=14835720 loops=1)
  ->  Hash  (cost=904805.51..904805.51 rows=1030486 width=8) (actual time=19238.967..19238.967 rows=1287893 loops=1)
        Buckets: 131072 (originally 131072)  Batches: 32 (originally 16)  Memory Usage: 3073kB
        ->  Hash Join  (cost=78440.87..904805.51 rows=1030486 width=8) (actual time=2621.023..18842.752 rows=1287893 loops=1)
              Hash Cond: (ci.movie_id = t.id)
              ->  Seq Scan on cast_info ci  (cost=0.00..705507.15 rows=9468168 width=4) (actual time=1482.273..12524.009 rows=9384703 loops=1)
                    Filter: (role_id > 4)
                    Rows Removed by Filter: 26859641
              ->  Hash  (cost=73925.90..73925.90 rows=275197 width=4) (actual time=1137.730..1137.730 rows=414389 loops=1)
                    Buckets: 131072 (originally 131072)  Batches: 8 (originally 4)  Memory Usage: 3073kB
                    ->  Seq Scan on title t  (cost=0.00..73925.90 rows=275197 width=4) (actual time=0.037..1013.732 rows=414389 loops=1)
                          Filter: ((kind_id < 4) AND (production_year < 1995))
                          Rows Removed by Filter: 2113923
Planning time: 8.511 ms
Execution time: 43189.721 ms
