Seq Scan on movie_keyword mk  (cost=0.00..81003.12 rows=1891683 width=0) (actual time=0.025..1212.082 rows=1905446 loops=1)
  Filter: (keyword_id < 3264)
  Rows Removed by Filter: 2618484
Planning time: 0.345 ms
Execution time: 1450.033 ms
