Hash Join  (cost=86573.65..163284.62 rows=329052 width=0) (actual time=1571.830..3303.824 rows=182096 loops=1)
  Hash Cond: (mc.movie_id = t.id)
  ->  Seq Scan on movie_companies mc  (cost=0.00..57926.93 rows=1079336 width=4) (actual time=75.723..1095.884 rows=1203151 loops=1)
        Filter: ((company_id > 426) AND (company_type_id > 1))
        Rows Removed by Filter: 1405978
  ->  Hash  (cost=73925.90..73925.90 rows=770860 width=4) (actual time=1494.885..1494.885 rows=682281 loops=1)
        Buckets: 131072  Batches: 16  Memory Usage: 2522kB
        ->  Seq Scan on title t  (cost=0.00..73925.90 rows=770860 width=4) (actual time=0.030..1069.555 rows=682281 loops=1)
              Filter: ((kind_id > 6) AND (production_year < 2004))
              Rows Removed by Filter: 1846031
Planning time: 0.812 ms
Execution time: 3325.918 ms
