Hash Join  (cost=200739.55..621699.61 rows=613684 width=0) (actual time=4184.331..13083.534 rows=2556822 loops=1)
  Hash Cond: (mi.movie_id = t.id)
  ->  Seq Scan on movie_info mi  (cost=0.00..346232.03 rows=5263441 width=4) (actual time=0.020..6189.939 rows=5270569 loops=1)
        Filter: (info_type_id > 15)
        Rows Removed by Filter: 9565151
  ->  Hash  (cost=195902.42..195902.42 rows=294810 width=8) (actual time=4120.748..4120.748 rows=107578 loops=1)
        Buckets: 131072  Batches: 4  Memory Usage: 2007kB
        ->  Hash Join  (cost=70308.29..195902.42 rows=294810 width=8) (actual time=1129.935..4088.837 rows=107578 loops=1)
              Hash Cond: (mk.movie_id = t.id)
              ->  Seq Scan on movie_keyword mk  (cost=0.00..69693.30 rows=4523930 width=4) (actual time=0.019..1375.956 rows=4523930 loops=1)
              ->  Hash  (cost=67604.59..67604.59 rows=164776 width=4) (actual time=1127.353..1127.353 rows=164307 loops=1)
                    Buckets: 131072  Batches: 4  Memory Usage: 2488kB
                    ->  Seq Scan on title t  (cost=0.00..67604.59 rows=164776 width=4) (actual time=0.017..1064.557 rows=164307 loops=1)
                          Filter: (production_year = 2012)
                          Rows Removed by Filter: 2364005
Planning time: 1.027 ms
Execution time: 13346.929 ms
