Hash Join  (cost=67697.55..159068.98 rows=8069 width=0) (actual time=948.230..2725.925 rows=33566 loops=1)
  Hash Cond: (mk.movie_id = t.id)
  ->  Seq Scan on movie_keyword mk  (cost=0.00..81003.12 rows=2743365 width=4) (actual time=0.014..1299.249 rows=2740935 loops=1)
        Filter: (keyword_id < 7776)
        Rows Removed by Filter: 1782995
  ->  Hash  (cost=67604.59..67604.59 rows=7437 width=4) (actual time=948.136..948.136 rows=23799 loops=1)
        Buckets: 32768 (originally 8192)  Batches: 1 (originally 1)  Memory Usage: 1093kB
        ->  Seq Scan on title t  (cost=0.00..67604.59 rows=7437 width=4) (actual time=0.076..937.242 rows=23799 loops=1)
              Filter: (production_year = 1991)
              Rows Removed by Filter: 2504513
Planning time: 0.801 ms
Execution time: 2730.853 ms
