Hash Join  (cost=80429.80..121834.74 rows=216345 width=0) (actual time=1232.663..2287.347 rows=113853 loops=1)
  Hash Cond: (mi_idx.movie_id = t.id)
  ->  Seq Scan on movie_info_idx mi_idx  (cost=0.00..21735.35 rows=1380035 width=4) (actual time=0.017..395.488 rows=1380035 loops=1)
  ->  Hash  (cost=73925.90..73925.90 rows=396392 width=4) (actual time=1231.814..1231.814 rows=259799 loops=1)
        Buckets: 131072  Batches: 8  Memory Usage: 2157kB
        ->  Seq Scan on title t  (cost=0.00..73925.90 rows=396392 width=4) (actual time=0.021..1143.380 rows=259799 loops=1)
              Filter: ((kind_id > 1) AND (production_year < 1982))
              Rows Removed by Filter: 2268513
Planning time: 0.795 ms
Execution time: 2304.931 ms
