Seq Scan on movie_keyword mk  (cost=0.00..81003.12 rows=2885364 width=0) (actual time=0.016..1405.287 rows=2875476 loops=1)
  Filter: (keyword_id > 2509)
  Rows Removed by Filter: 1648454
Planning time: 0.337 ms
Execution time: 1753.232 ms
