Hash Join  (cost=83810.17..163201.69 rows=444575 width=0) (actual time=1433.740..3649.603 rows=957407 loops=1)
  Hash Cond: (mc.movie_id = t.id)
  ->  Seq Scan on movie_companies mc  (cost=0.00..57926.93 rows=1138088 width=4) (actual time=0.015..1165.559 rows=1274246 loops=1)
        Filter: ((company_id < 94853) AND (company_type_id = 1))
        Rows Removed by Filter: 1334883
  ->  Hash  (cost=67604.59..67604.59 rows=987727 width=4) (actual time=1432.772..1432.772 rows=985048 loops=1)
        Buckets: 131072  Batches: 16  Memory Usage: 3188kB
        ->  Seq Scan on title t  (cost=0.00..67604.59 rows=987727 width=4) (actual time=0.020..1112.798 rows=985048 loops=1)
              Filter: (kind_id < 7)
              Rows Removed by Filter: 1543264
Planning time: 0.869 ms
Execution time: 3758.170 ms
