Hash Join  (cost=79930.86..152697.34 rows=243341 width=0) (actual time=1328.745..2723.564 rows=241315 loops=1)
  Hash Cond: (mc.movie_id = t.id)
  ->  Seq Scan on movie_companies mc  (cost=0.00..57926.93 rows=818969 width=4) (actual time=0.022..1003.034 rows=511683 loops=1)
        Filter: ((company_id < 16339) AND (company_type_id = 2))
        Rows Removed by Filter: 2097446
  ->  Hash  (cost=67604.59..67604.59 rows=751302 width=4) (actual time=1327.613..1327.613 rows=755902 loops=1)
        Buckets: 131072  Batches: 16  Memory Usage: 2685kB
        ->  Seq Scan on title t  (cost=0.00..67604.59 rows=751302 width=4) (actual time=0.020..1080.733 rows=755902 loops=1)
              Filter: (production_year < 1993)
              Rows Removed by Filter: 1772410
Planning time: 0.853 ms
Execution time: 2748.712 ms
