Hash Join  (cost=102767.86..229337.23 rows=1483092 width=0) (actual time=1889.191..4851.816 rows=1495704 loops=1)
  Hash Cond: (mk.movie_id = t.id)
  ->  Seq Scan on movie_keyword mk  (cost=0.00..81003.12 rows=1483092 width=4) (actual time=0.016..1350.009 rows=1495704 loops=1)
        Filter: (keyword_id > 10853)
        Rows Removed by Filter: 3028226
  ->  Hash  (cost=61283.27..61283.27 rows=2528527 width=4) (actual time=1886.127..1886.127 rows=2528312 loops=1)
        Buckets: 131072  Batches: 64  Memory Usage: 2425kB
        ->  Seq Scan on title t  (cost=0.00..61283.27 rows=2528527 width=4) (actual time=0.014..1028.090 rows=2528312 loops=1)
Planning time: 0.858 ms
Execution time: 5038.852 ms
