Hash Join  (cost=102191.01..902365.21 rows=12695 width=0) (actual time=7107.523..16781.287 rows=18126 loops=1)
  Hash Cond: (ci.movie_id = t.id)
  ->  Seq Scan on cast_info ci  (cost=0.00..796071.18 rows=1060286 width=4) (actual time=5087.764..14550.968 rows=1057204 loops=1)
        Filter: ((person_id > 266501) AND (role_id = 9))
        Rows Removed by Filter: 35187140
  ->  Hash  (cost=101812.59..101812.59 rows=30274 width=8) (actual time=2019.275..2019.275 rows=18218 loops=1)
        Buckets: 32768  Batches: 1  Memory Usage: 968kB
        ->  Hash Join  (cost=70308.29..101812.59 rows=30274 width=8) (actual time=1316.577..2012.465 rows=18218 loops=1)
              Hash Cond: (mi_idx.movie_id = t.id)
              ->  Seq Scan on movie_info_idx mi_idx  (cost=0.00..25185.44 rows=464566 width=4) (actual time=0.030..482.111 rows=459925 loops=1)
                    Filter: (info_type_id = 101)
                    Rows Removed by Filter: 920110
              ->  Hash  (cost=67604.59..67604.59 rows=164776 width=4) (actual time=1312.258..1312.258 rows=164307 loops=1)
                    Buckets: 131072  Batches: 4  Memory Usage: 2482kB
                    ->  Seq Scan on title t  (cost=0.00..67604.59 rows=164776 width=4) (actual time=0.020..989.486 rows=164307 loops=1)
                          Filter: (production_year = 2012)
                          Rows Removed by Filter: 2364005
Planning time: 1.342 ms
Execution time: 16784.441 ms
