Hash Join  (cost=919408.33..1568279.26 rows=14118010 width=0) (actual time=18186.157..39422.551 rows=27676195 loops=1)
  Hash Cond: (mi.movie_id = t.id)
  ->  Seq Scan on movie_info mi  (cost=0.00..309384.22 rows=14739122 width=4) (actual time=0.009..5187.358 rows=14835720 loops=1)
  ->  Hash  (cost=879672.65..879672.65 rows=2421974 width=8) (actual time=18185.351..18185.351 rows=3010893 loops=1)
        Buckets: 131072 (originally 131072)  Batches: 64 (originally 32)  Memory Usage: 3073kB
        ->  Hash Join  (cost=92735.26..879672.65 rows=2421974 width=8) (actual time=5871.622..17236.708 rows=3010893 loops=1)
              Hash Cond: (ci.movie_id = t.id)
              ->  Seq Scan on cast_info ci  (cost=0.00..705507.15 rows=3998100 width=4) (actual time=4217.777..12300.706 rows=4008037 loops=1)
                    Filter: (role_id = 3)
                    Rows Removed by Filter: 32236307
              ->  Hash  (cost=67604.59..67604.59 rows=1531734 width=4) (actual time=1652.793..1652.793 rows=1531613 loops=1)
                    Buckets: 131072  Batches: 32  Memory Usage: 2708kB
                    ->  Seq Scan on title t  (cost=0.00..67604.59 rows=1531734 width=4) (actual time=0.032..1162.687 rows=1531613 loops=1)
                          Filter: (production_year > 1997)
                          Rows Removed by Filter: 996699
Planning time: 1.192 ms
Execution time: 42757.186 ms
