Hash Join  (cost=68426.36..127098.29 rows=4830 width=0) (actual time=971.767..1914.428 rows=12264 loops=1)
  Hash Cond: (mc.movie_id = t.id)
  ->  Seq Scan on movie_companies mc  (cost=0.00..57926.93 rows=185784 width=4) (actual time=0.016..838.643 rows=368010 loops=1)
        Filter: ((company_id > 85851) AND (company_type_id = 2))
        Rows Removed by Filter: 2241119
  ->  Hash  (cost=67604.59..67604.59 rows=65742 width=4) (actual time=970.703..970.703 rows=63827 loops=1)
        Buckets: 131072  Batches: 1  Memory Usage: 3268kB
        ->  Seq Scan on title t  (cost=0.00..67604.59 rows=65742 width=4) (actual time=0.025..944.824 rows=63827 loops=1)
              Filter: (production_year = 2013)
              Rows Removed by Filter: 2464485
Planning time: 0.950 ms
Execution time: 1916.499 ms
