Hash Join  (cost=211014.83..360915.40 rows=2289853 width=0) (actual time=4424.536..7836.725 rows=1336487 loops=1)
  Hash Cond: (mk.movie_id = t.id)
  ->  Seq Scan on movie_keyword mk  (cost=0.00..69693.30 rows=4523930 width=4) (actual time=0.018..1285.363 rows=4523930 loops=1)
  ->  Hash  (cost=190016.70..190016.70 rows=1279851 width=8) (actual time=4422.181..4422.181 rows=599907 loops=1)
        Buckets: 131072  Batches: 32  Memory Usage: 1738kB
        ->  Hash Join  (cost=92883.59..190016.70 rows=1279851 width=8) (actual time=2211.854..4231.762 rows=599907 loops=1)
              Hash Cond: (mc.movie_id = t.id)
              ->  Seq Scan on movie_companies mc  (cost=0.00..51404.11 rows=2100297 width=4) (actual time=0.017..992.197 rows=2095040 loops=1)
                    Filter: (company_id < 73644)
                    Rows Removed by Filter: 514089
              ->  Hash  (cost=67604.59..67604.59 rows=1540800 width=4) (actual time=1721.075..1721.075 rows=1543264 loops=1)
                    Buckets: 131072  Batches: 32  Memory Usage: 2722kB
                    ->  Seq Scan on title t  (cost=0.00..67604.59 rows=1540800 width=4) (actual time=49.768..1220.261 rows=1543264 loops=1)
                          Filter: (kind_id = 7)
                          Rows Removed by Filter: 985048
Planning time: 1.259 ms
Execution time: 7966.300 ms
