Seq Scan on movie_companies mc  (cost=0.00..57926.93 rows=1156477 width=0) (actual time=151.172..1060.822 rows=992575 loops=1)
  Filter: ((company_id < 89055) AND (company_type_id = 2))
  Rows Removed by Filter: 1616554
Planning time: 0.403 ms
Execution time: 1179.486 ms
