Hash Join  (cost=79863.89..1092136.30 rows=3363593 width=0) (actual time=1175.735..27294.301 rows=3688709 loops=1)
  Hash Cond: (ci.movie_id = t.id)
  ->  Seq Scan on cast_info ci  (cost=0.00..705507.15 rows=23499554 width=4) (actual time=0.018..14015.149 rows=23573656 loops=1)
        Filter: (role_id > 1)
        Rows Removed by Filter: 12670688
  ->  Hash  (cost=73925.90..73925.90 rows=361919 width=4) (actual time=1174.628..1174.628 rows=470371 loops=1)
        Buckets: 131072  Batches: 8  Memory Usage: 3103kB
        ->  Seq Scan on title t  (cost=0.00..73925.90 rows=361919 width=4) (actual time=0.050..1021.108 rows=470371 loops=1)
              Filter: ((kind_id < 7) AND (production_year < 1998))
              Rows Removed by Filter: 2057941
Planning time: 1.977 ms
Execution time: 27725.745 ms
