Hash Join  (cost=223485.73..762985.67 rows=3867812 width=0) (actual time=4771.981..20080.616 rows=11117537 loops=1)
  Hash Cond: (mi.movie_id = t.id)
  ->  Seq Scan on movie_info mi  (cost=0.00..309384.22 rows=14739122 width=4) (actual time=0.008..5322.683 rows=14835720 loops=1)
  ->  Hash  (cost=212599.59..212599.59 rows=663531 width=8) (actual time=4770.794..4770.794 rows=280291 loops=1)
        Buckets: 131072  Batches: 16  Memory Usage: 1745kB
        ->  Hash Join  (cost=74050.79..212599.59 rows=663531 width=8) (actual time=1145.420..4684.502 rows=280291 loops=1)
              Hash Cond: (mk.movie_id = t.id)
              ->  Seq Scan on movie_keyword mk  (cost=0.00..81003.12 rows=4270231 width=4) (actual time=0.016..1689.401 rows=4272237 loops=1)
                    Filter: (keyword_id < 60286)
                    Rows Removed by Filter: 251693
              ->  Hash  (cost=67604.59..67604.59 rows=392896 width=4) (actual time=1143.903..1143.903 rows=391666 loops=1)
                    Buckets: 131072  Batches: 8  Memory Usage: 2759kB
                    ->  Seq Scan on title t  (cost=0.00..67604.59 rows=392896 width=4) (actual time=0.024..1013.185 rows=391666 loops=1)
                          Filter: (production_year > 2010)
                          Rows Removed by Filter: 2136646
Planning time: 1.139 ms
Execution time: 21465.687 ms
