Hash Join  (cost=195894.74..708311.08 rows=3459045 width=0) (actual time=4027.156..20415.275 rows=16725372 loops=1)
  Hash Cond: (mi.movie_id = t.id)
  ->  Seq Scan on movie_info mi  (cost=0.00..346232.03 rows=11115165 width=4) (actual time=0.009..6848.854 rows=11210743 loops=1)
        Filter: (info_type_id > 3)
        Rows Removed by Filter: 3624977
  ->  Hash  (cost=182984.75..182984.75 rows=786879 width=8) (actual time=4026.381..4026.381 rows=774424 loops=1)
        Buckets: 131072  Batches: 16  Memory Usage: 2941kB
        ->  Hash Join  (cost=102767.86..182984.75 rows=786879 width=8) (actual time=1972.680..3810.865 rows=774424 loops=1)
              Hash Cond: (mc.movie_id = t.id)
              ->  Seq Scan on movie_companies mc  (cost=0.00..51404.11 rows=786879 width=4) (actual time=0.010..841.336 rows=774424 loops=1)
                    Filter: (company_id < 1680)
                    Rows Removed by Filter: 1834705
              ->  Hash  (cost=61283.27..61283.27 rows=2528527 width=4) (actual time=1971.790..1971.790 rows=2528312 loops=1)
                    Buckets: 131072  Batches: 64  Memory Usage: 2415kB
                    ->  Seq Scan on title t  (cost=0.00..61283.27 rows=2528527 width=4) (actual time=0.012..1135.008 rows=2528312 loops=1)
Planning time: 0.736 ms
Execution time: 22282.685 ms
