Hash Join  (cost=78556.72..210774.90 rows=903510 width=0) (actual time=1224.156..5060.217 rows=2201098 loops=1)
  Hash Cond: (mk.movie_id = t.id)
  ->  Seq Scan on movie_keyword mk  (cost=0.00..81003.12 rows=3422388 width=4) (actual time=0.015..1634.334 rows=3414464 loops=1)
        Filter: (keyword_id > 1135)
        Rows Removed by Filter: 1109466
  ->  Hash  (cost=67604.59..67604.59 rows=667531 width=4) (actual time=1223.030..1223.030 rows=662825 loops=1)
        Buckets: 131072  Batches: 16  Memory Usage: 2486kB
        ->  Seq Scan on title t  (cost=0.00..67604.59 rows=667531 width=4) (actual time=0.008..1006.092 rows=662825 loops=1)
              Filter: (kind_id = 1)
              Rows Removed by Filter: 1865487
Planning time: 0.871 ms
Execution time: 5330.916 ms
