Hash Join  (cost=518496.73..618667.23 rows=1585656 width=0) (actual time=9026.147..11529.331 rows=1489340 loops=1)
  Hash Cond: (mc.movie_id = t.id)
  ->  Seq Scan on movie_companies mc  (cost=0.00..44881.29 rows=2609129 width=4) (actual time=0.023..898.166 rows=2609129 loops=1)
  ->  Hash  (cost=493285.34..493285.34 rows=1536671 width=8) (actual time=9024.410..9024.410 rows=559536 loops=1)
        Buckets: 131072  Batches: 32  Memory Usage: 1689kB
        ->  Hash Join  (cost=96651.52..493285.34 rows=1536671 width=8) (actual time=2428.901..8865.496 rows=559536 loops=1)
              Hash Cond: (mi.movie_id = t.id)
              ->  Seq Scan on movie_info mi  (cost=0.00..346232.03 rows=2194617 width=4) (actual time=432.970..5130.867 rows=2233850 loops=1)
                    Filter: (info_type_id > 16)
                    Rows Removed by Filter: 12601870
              ->  Hash  (cost=67604.59..67604.59 rows=1770475 width=4) (actual time=1983.387..1983.387 rows=1774635 loops=1)
                    Buckets: 131072  Batches: 32  Memory Usage: 2984kB
                    ->  Seq Scan on title t  (cost=0.00..67604.59 rows=1770475 width=4) (actual time=0.035..1225.602 rows=1774635 loops=1)
                          Filter: (kind_id > 2)
                          Rows Removed by Filter: 753677
Planning time: 1.301 ms
Execution time: 11699.550 ms
