Seq Scan on cast_info ci  (cost=0.00..796071.18 rows=168 width=0) (actual time=5621.445..12604.281 rows=1 loops=1)
  Filter: ((role_id > 3) AND (person_id = 673644))
  Rows Removed by Filter: 36244343
Planning time: 0.474 ms
Execution time: 12604.411 ms
