Hash Join  (cost=71408.55..1009486.48 rows=1036689 width=0) (actual time=1752.536..25326.883 rows=1855940 loops=1)
  Hash Cond: (ci.movie_id = t.id)
  ->  Seq Scan on cast_info ci  (cost=0.00..796071.18 rows=11306630 width=4) (actual time=743.286..14840.445 rows=17553271 loops=1)
        Filter: ((person_id > 1861849) AND (role_id > 1))
        Rows Removed by Filter: 18691073
  ->  Hash  (cost=67604.59..67604.59 rows=231837 width=4) (actual time=1002.488..1002.488 rows=231649 loops=1)
        Buckets: 131072  Batches: 4  Memory Usage: 3076kB
        ->  Seq Scan on title t  (cost=0.00..67604.59 rows=231837 width=4) (actual time=0.024..923.581 rows=231649 loops=1)
              Filter: (production_year > 2011)
              Rows Removed by Filter: 2296663
Planning time: 0.948 ms
Execution time: 25568.274 ms
