Nested Loop  (cost=0.43..709671.90 rows=500 width=0) (actual time=529.288..10115.511 rows=6 loops=1)
  ->  Seq Scan on cast_info ci  (cost=0.00..705507.15 rows=500 width=4) (actual time=529.182..10115.238 rows=6 loops=1)
        Filter: (person_id = 3325120)
        Rows Removed by Filter: 36244338
  ->  Index Only Scan using title_pkey on title t  (cost=0.43..8.32 rows=1 width=4) (actual time=0.042..0.042 rows=1 loops=6)
        Index Cond: (id = ci.movie_id)
        Heap Fetches: 6
Planning time: 0.760 ms
Execution time: 10115.572 ms
