Hash Join  (cost=441121.37..532081.98 rows=68356 width=0) (actual time=6288.515..7991.872 rows=168638 loops=1)
  Hash Cond: (mk.movie_id = t.id)
  ->  Seq Scan on movie_keyword mk  (cost=0.00..81003.12 rows=2473045 width=4) (actual time=0.016..1271.805 rows=2465197 loops=1)
        Filter: (keyword_id > 3660)
        Rows Removed by Filter: 2058733
  ->  Hash  (cost=440247.75..440247.75 rows=69890 width=8) (actual time=6287.611..6287.611 rows=65379 loops=1)
        Buckets: 131072  Batches: 1  Memory Usage: 3578kB
        ->  Hash Join  (cost=69002.72..440247.75 rows=69890 width=8) (actual time=1138.615..6261.719 rows=65379 loops=1)
              Hash Cond: (mi.movie_id = t.id)
              ->  Seq Scan on movie_info mi  (cost=0.00..346232.03 rows=2073893 width=4) (actual time=148.602..4422.341 rows=2091068 loops=1)
                    Filter: (info_type_id < 3)
                    Rows Removed by Filter: 12744652
              ->  Hash  (cost=67604.59..67604.59 rows=85211 width=4) (actual time=989.213..989.213 rows=84593 loops=1)
                    Buckets: 131072  Batches: 2  Memory Usage: 2524kB
                    ->  Seq Scan on title t  (cost=0.00..67604.59 rows=85211 width=4) (actual time=0.034..955.498 rows=84593 loops=1)
                          Filter: (production_year = 2004)
                          Rows Removed by Filter: 2443719
Planning time: 1.153 ms
Execution time: 8015.155 ms
