Nested Loop  (cost=0.43..798851.07 rows=332 width=0) (actual time=4982.803..13230.787 rows=449 loops=1)
  ->  Seq Scan on cast_info ci  (cost=0.00..796071.18 rows=332 width=4) (actual time=4982.613..13222.989 rows=449 loops=1)
        Filter: ((role_id < 4) AND (person_id = 1656437))
        Rows Removed by Filter: 36243895
  ->  Index Only Scan using title_pkey on title t  (cost=0.43..8.36 rows=1 width=4) (actual time=0.016..0.017 rows=1 loops=449)
        Index Cond: (id = ci.movie_id)
        Heap Fetches: 449
Planning time: 0.808 ms
Execution time: 13230.990 ms
