Hash Join  (cost=168261.81..295278.28 rows=561467 width=0) (actual time=3483.531..6412.359 rows=321815 loops=1)
  Hash Cond: (mk.movie_id = t.id)
  ->  Seq Scan on movie_keyword mk  (cost=0.00..81003.12 rows=3350581 width=4) (actual time=0.021..1792.585 rows=3349321 loops=1)
        Filter: (keyword_id > 1386)
        Rows Removed by Filter: 1174609
  ->  Hash  (cost=161309.39..161309.39 rows=423713 width=8) (actual time=3154.443..3154.443 rows=181878 loops=1)
        Buckets: 131072  Batches: 8  Memory Usage: 1920kB
        ->  Hash Join  (cost=87146.10..161309.39 rows=423713 width=8) (actual time=1563.973..3096.869 rows=181878 loops=1)
              Hash Cond: (mc.movie_id = t.id)
              ->  Seq Scan on movie_companies mc  (cost=0.00..51404.11 rows=1329612 width=4) (actual time=202.477..905.344 rows=1334883 loops=1)
                    Filter: (company_type_id = 2)
                    Rows Removed by Filter: 1274246
              ->  Hash  (cost=73925.90..73925.90 rows=805776 width=4) (actual time=1360.340..1360.340 rows=881945 loops=1)
                    Buckets: 131072  Batches: 16  Memory Usage: 2970kB
                    ->  Seq Scan on title t  (cost=0.00..73925.90 rows=805776 width=4) (actual time=0.021..1076.759 rows=881945 loops=1)
                          Filter: ((production_year > 2001) AND (kind_id = 7))
                          Rows Removed by Filter: 1646367
Planning time: 1.231 ms
Execution time: 6452.888 ms
