Hash Join  (cost=203467.45..698362.27 rows=1414090 width=0) (actual time=3751.916..17957.014 rows=10155485 loops=1)
  Hash Cond: (mi.movie_id = t.id)
  ->  Seq Scan on movie_info mi  (cost=0.00..309384.22 rows=14739122 width=4) (actual time=0.021..5237.225 rows=14835720 loops=1)
  ->  Hash  (cost=199487.07..199487.07 rows=242590 width=8) (actual time=3751.104..3751.104 rows=260933 loops=1)
        Buckets: 131072  Batches: 4  Memory Usage: 3609kB
        ->  Hash Join  (cost=102767.86..199487.07 rows=242590 width=8) (actual time=1865.235..3663.433 rows=260933 loops=1)
              Hash Cond: (mk.movie_id = t.id)
              ->  Seq Scan on movie_keyword mk  (cost=0.00..81003.12 rows=242590 width=4) (actual time=0.018..1138.141 rows=260933 loops=1)
                    Filter: (keyword_id < 229)
                    Rows Removed by Filter: 4262997
              ->  Hash  (cost=61283.27..61283.27 rows=2528527 width=4) (actual time=1863.451..1863.451 rows=2528312 loops=1)
                    Buckets: 131072  Batches: 64  Memory Usage: 2425kB
                    ->  Seq Scan on title t  (cost=0.00..61283.27 rows=2528527 width=4) (actual time=0.013..1013.413 rows=2528312 loops=1)
Planning time: 1.042 ms
Execution time: 19167.684 ms
