Hash Join  (cost=92508.29..232204.35 rows=1515242 width=0) (actual time=3847.283..5075.141 rows=392876 loops=1)
  Hash Cond: (mk.movie_id = t.id)
  ->  Seq Scan on movie_keyword mk  (cost=0.00..81003.12 rows=3382802 width=4) (actual time=0.015..1545.085 rows=3370802 loops=1)
        Filter: (keyword_id > 1324)
        Rows Removed by Filter: 1153128
  ->  Hash  (cost=73925.90..73925.90 rows=1132591 width=4) (actual time=1780.670..1780.670 rows=1224674 loops=1)
        Buckets: 131072  Batches: 16  Memory Usage: 3733kB
        ->  Seq Scan on title t  (cost=0.00..73925.90 rows=1132591 width=4) (actual time=156.860..1390.585 rows=1224674 loops=1)
              Filter: ((production_year > 1985) AND (kind_id = 7))
              Rows Removed by Filter: 1303638
Planning time: 3.471 ms
Execution time: 5125.120 ms
