Hash Join  (cost=102767.86..236534.17 rows=1782227 width=0) (actual time=2275.501..5567.075 rows=1789167 loops=1)
  Hash Cond: (mk.movie_id = t.id)
  ->  Seq Scan on movie_keyword mk  (cost=0.00..81003.12 rows=1782227 width=4) (actual time=0.014..1515.305 rows=1789167 loops=1)
        Filter: (keyword_id > 7768)
        Rows Removed by Filter: 2734763
  ->  Hash  (cost=61283.27..61283.27 rows=2528527 width=4) (actual time=2274.017..2274.017 rows=2528312 loops=1)
        Buckets: 131072  Batches: 64  Memory Usage: 2425kB
        ->  Seq Scan on title t  (cost=0.00..61283.27 rows=2528527 width=4) (actual time=0.040..1089.451 rows=2528312 loops=1)
Planning time: 0.764 ms
Execution time: 5788.606 ms
