Hash Join  (cost=122535.74..209331.08 rows=13730 width=0) (actual time=2157.942..3891.311 rows=14210 loops=1)
  Hash Cond: (mk.movie_id = t.id)
  ->  Seq Scan on movie_keyword mk  (cost=0.00..69693.30 rows=4523930 width=4) (actual time=0.013..891.822 rows=4523930 loops=1)
  ->  Hash  (cost=122439.81..122439.81 rows=7674 width=8) (actual time=2156.501..2156.501 rows=6404 loops=1)
        Buckets: 8192  Batches: 1  Memory Usage: 315kB
        ->  Hash Join  (cost=67697.55..122439.81 rows=7674 width=8) (actual time=1021.583..2153.602 rows=6404 loops=1)
              Hash Cond: (mc.movie_id = t.id)
              ->  Seq Scan on movie_companies mc  (cost=0.00..44881.29 rows=2609129 width=4) (actual time=0.021..628.760 rows=2609129 loops=1)
              ->  Hash  (cost=67604.59..67604.59 rows=7437 width=4) (actual time=1020.532..1020.532 rows=3613 loops=1)
                    Buckets: 8192  Batches: 1  Memory Usage: 192kB
                    ->  Seq Scan on title t  (cost=0.00..67604.59 rows=7437 width=4) (actual time=163.560..1018.713 rows=3613 loops=1)
                          Filter: (production_year = 1919)
                          Rows Removed by Filter: 2524699
Planning time: 1.688 ms
Execution time: 3893.421 ms
