Hash Join  (cost=83073.29..434324.14 rows=16 width=0) (actual time=4400.111..6097.446 rows=3685 loops=1)
  Hash Cond: (mi.movie_id = t.id)
  ->  Seq Scan on movie_info mi  (cost=0.00..346232.03 rows=1338312 width=4) (actual time=3014.691..4562.074 rows=1401902 loops=1)
        Filter: (info_type_id = 7)
        Rows Removed by Filter: 13433818
  ->  Hash  (cost=83072.90..83072.90 rows=31 width=8) (actual time=1329.277..1329.277 rows=856 loops=1)
        Buckets: 1024  Batches: 1  Memory Usage: 42kB
        ->  Nested Loop  (cost=0.43..83072.90 rows=31 width=8) (actual time=0.387..1328.574 rows=856 loops=1)
              ->  Seq Scan on movie_keyword mk  (cost=0.00..81003.12 rows=246 width=4) (actual time=0.292..1254.050 rows=1915 loops=1)
                    Filter: (keyword_id = 1907)
                    Rows Removed by Filter: 4522015
              ->  Index Scan using title_pkey on title t  (cost=0.43..8.40 rows=1 width=4) (actual time=0.038..0.038 rows=0 loops=1915)
                    Index Cond: (id = mk.movie_id)
                    Filter: ((kind_id < 7) AND (production_year < 1995))
                    Rows Removed by Filter: 1
Planning time: 1.326 ms
Execution time: 6098.155 ms
