Seq Scan on movie_companies mc  (cost=0.00..57926.93 rows=371631 width=0) (actual time=342.328..808.422 rows=688506 loops=1)
  Filter: ((company_id > 39936) AND (company_type_id > 1))
  Rows Removed by Filter: 1920623
Planning time: 0.371 ms
Execution time: 897.469 ms
