Seq Scan on movie_companies mc  (cost=0.00..57926.93 rows=385677 width=0) (actual time=0.021..825.657 rows=543587 loops=1)
  Filter: ((company_id < 1677) AND (company_type_id = 1))
  Rows Removed by Filter: 2065542
Planning time: 0.409 ms
Execution time: 902.426 ms
