Hash Join  (cost=83810.17..1007133.67 rows=3116018 width=0) (actual time=1359.100..17339.577 rows=2072391 loops=1)
  Hash Cond: (ci.movie_id = t.id)
  ->  Seq Scan on cast_info ci  (cost=0.00..796071.18 rows=7976835 width=4) (actual time=0.127..12896.058 rows=4918586 loops=1)
        Filter: ((person_id < 1751350) AND (role_id > 2))
        Rows Removed by Filter: 31325758
  ->  Hash  (cost=67604.59..67604.59 rows=987727 width=4) (actual time=1357.980..1357.980 rows=985048 loops=1)
        Buckets: 131072  Batches: 16  Memory Usage: 3188kB
        ->  Seq Scan on title t  (cost=0.00..67604.59 rows=987727 width=4) (actual time=0.043..1047.810 rows=985048 loops=1)
              Filter: (kind_id < 7)
              Rows Removed by Filter: 1543264
Planning time: 0.807 ms
Execution time: 17581.179 ms
