Hash Join  (cost=101682.02..151324.65 rows=612269 width=0) (actual time=1947.472..3353.624 rows=499168 loops=1)
  Hash Cond: (mi_idx.movie_id = t.id)
  ->  Seq Scan on movie_info_idx mi_idx  (cost=0.00..25185.44 rows=915101 width=4) (actual time=0.024..518.061 rows=919850 loops=1)
        Filter: (info_type_id < 101)
        Rows Removed by Filter: 460185
  ->  Hash  (cost=73925.90..73925.90 rows=1691769 width=4) (actual time=1945.731..1945.731 rows=1794788 loops=1)
        Buckets: 131072  Batches: 32  Memory Usage: 3001kB
        ->  Seq Scan on title t  (cost=0.00..73925.90 rows=1691769 width=4) (actual time=0.011..1364.159 rows=1794788 loops=1)
              Filter: ((kind_id > 1) AND (production_year > 1950))
              Rows Removed by Filter: 733524
Planning time: 0.570 ms
Execution time: 3418.033 ms
