Hash Join  (cost=102767.86..249938.36 rows=2339285 width=0) (actual time=1968.927..5506.461 rows=2340169 loops=1)
  Hash Cond: (mk.movie_id = t.id)
  ->  Seq Scan on movie_keyword mk  (cost=0.00..81003.12 rows=2339285 width=4) (actual time=0.012..1564.191 rows=2340169 loops=1)
        Filter: (keyword_id < 5186)
        Rows Removed by Filter: 2183761
  ->  Hash  (cost=61283.27..61283.27 rows=2528527 width=4) (actual time=1967.690..1967.690 rows=2528312 loops=1)
        Buckets: 131072  Batches: 64  Memory Usage: 2425kB
        ->  Seq Scan on title t  (cost=0.00..61283.27 rows=2528527 width=4) (actual time=0.018..1092.764 rows=2528312 loops=1)
Planning time: 0.731 ms
Execution time: 5740.551 ms
