Hash Join  (cost=111444.75..166649.92 rows=53964 width=0) (actual time=2079.580..3773.699 rows=458571 loops=1)
  Hash Cond: (mc.movie_id = t.id)
  ->  Seq Scan on movie_companies mc  (cost=0.00..44881.29 rows=2609129 width=4) (actual time=0.010..579.002 rows=2609129 loops=1)
  ->  Hash  (cost=110791.04..110791.04 rows=52297 width=8) (actual time=2002.727..2002.727 rows=123493 loops=1)
        Buckets: 131072 (originally 65536)  Batches: 2 (originally 1)  Memory Usage: 3438kB
        ->  Hash Join  (cost=78593.13..110791.04 rows=52297 width=8) (actual time=1257.496..1957.545 rows=123493 loops=1)
              Hash Cond: (mi_idx.movie_id = t.id)
              ->  Seq Scan on movie_info_idx mi_idx  (cost=0.00..25185.44 rows=464934 width=4) (actual time=0.023..410.645 rows=460185 loops=1)
                    Filter: (info_type_id > 100)
                    Rows Removed by Filter: 919850
              ->  Hash  (cost=73925.90..73925.90 rows=284418 width=4) (actual time=1216.917..1216.917 rows=382296 loops=1)
                    Buckets: 131072 (originally 131072)  Batches: 8 (originally 4)  Memory Usage: 3073kB
                    ->  Seq Scan on title t  (cost=0.00..73925.90 rows=284418 width=4) (actual time=493.094..1091.298 rows=382296 loops=1)
                          Filter: ((production_year < 2001) AND (kind_id = 1))
                          Rows Removed by Filter: 2146016
Planning time: 0.986 ms
Execution time: 3832.206 ms
