Seq Scan on movie_companies mc  (cost=0.00..51404.11 rows=2253425 width=0) (actual time=0.041..936.733 rows=2249214 loops=1)
  Filter: (company_id < 86997)
  Rows Removed by Filter: 359915
Planning time: 0.443 ms
Execution time: 1223.093 ms
