Hash Join  (cost=123201.60..898029.81 rows=1467 width=0) (actual time=1288.000..15918.993 rows=1428 loops=1)
  Hash Cond: (ci.movie_id = t.id)
  ->  Seq Scan on cast_info ci  (cost=0.00..705507.15 rows=18481700 width=4) (actual time=0.022..11520.841 rows=18648723 loops=1)
        Filter: (person_id > 1741732)
        Rows Removed by Filter: 17595621
  ->  Hash  (cost=123199.09..123199.09 rows=201 width=8) (actual time=1272.800..1272.800 rows=42 loops=1)
        Buckets: 1024  Batches: 1  Memory Usage: 10kB
        ->  Nested Loop  (cost=0.43..123199.09 rows=201 width=8) (actual time=116.709..1272.748 rows=42 loops=1)
              ->  Seq Scan on movie_keyword mk  (cost=0.00..81003.12 rows=5881 width=4) (actual time=0.487..1144.347 rows=4261 loops=1)
                    Filter: (keyword_id = 2867)
                    Rows Removed by Filter: 4519669
              ->  Index Scan using title_pkey on title t  (cost=0.43..7.16 rows=1 width=4) (actual time=0.029..0.029 rows=0 loops=4261)
                    Index Cond: (id = mk.movie_id)
                    Filter: ((kind_id = 7) AND (production_year = 2010))
                    Rows Removed by Filter: 1
Planning time: 1.785 ms
Execution time: 15919.878 ms
