Hash Join  (cost=83072.43..109982.99 rows=7 width=0) (actual time=1324.875..1862.247 rows=18 loops=1)
  Hash Cond: (mi_idx.movie_id = t.id)
  ->  Seq Scan on movie_info_idx mi_idx  (cost=0.00..21735.35 rows=1380035 width=4) (actual time=0.017..299.296 rows=1380035 loops=1)
  ->  Hash  (cost=83072.29..83072.29 rows=12 width=8) (actual time=1319.277..1319.277 rows=10 loops=1)
        Buckets: 1024  Batches: 1  Memory Usage: 9kB
        ->  Nested Loop  (cost=0.43..83072.29 rows=12 width=8) (actual time=149.342..1319.247 rows=10 loops=1)
              ->  Seq Scan on movie_keyword mk  (cost=0.00..81003.12 rows=246 width=4) (actual time=41.213..1307.554 rows=173 loops=1)
                    Filter: (keyword_id = 1438)
                    Rows Removed by Filter: 4523757
              ->  Index Scan using title_pkey on title t  (cost=0.43..8.40 rows=1 width=4) (actual time=0.064..0.064 rows=0 loops=173)
                    Index Cond: (id = mk.movie_id)
                    Filter: (production_year = 2009)
                    Rows Removed by Filter: 1
Planning time: 1.217 ms
Execution time: 1862.404 ms
