Hash Join  (cost=100872.60..155541.82 rows=369 width=0) (actual time=1410.717..2482.109 rows=4191 loops=1)
  Hash Cond: (mc.movie_id = t.id)
  ->  Seq Scan on movie_companies mc  (cost=0.00..44881.29 rows=2609129 width=4) (actual time=0.012..571.836 rows=2609129 loops=1)
  ->  Hash  (cost=100868.13..100868.13 rows=358 width=8) (actual time=1410.329..1410.329 rows=1194 loops=1)
        Buckets: 2048 (originally 1024)  Batches: 1 (originally 1)  Memory Usage: 63kB
        ->  Hash Join  (cost=73950.44..100868.13 rows=358 width=8) (actual time=1056.483..1409.650 rows=1194 loops=1)
              Hash Cond: (mi_idx.movie_id = t.id)
              ->  Seq Scan on movie_info_idx mi_idx  (cost=0.00..25185.44 rows=460978 width=4) (actual time=0.029..418.076 rows=459925 loops=1)
                    Filter: (info_type_id = 99)
                    Rows Removed by Filter: 920110
              ->  Hash  (cost=73925.90..73925.90 rows=1963 width=4) (actual time=911.821..911.821 rows=2928 loops=1)
                    Buckets: 4096 (originally 2048)  Batches: 1 (originally 1)  Memory Usage: 135kB
                    ->  Seq Scan on title t  (cost=0.00..73925.90 rows=1963 width=4) (actual time=0.025..910.384 rows=2928 loops=1)
                          Filter: ((kind_id = 1) AND (production_year = 1956))
                          Rows Removed by Filter: 2525384
Planning time: 5.069 ms
Execution time: 2483.002 ms
