Hash Join  (cost=102767.86..202401.63 rows=1593825 width=0) (actual time=1811.153..4302.118 rows=1584601 loops=1)
  Hash Cond: (mc.movie_id = t.id)
  ->  Seq Scan on movie_companies mc  (cost=0.00..51404.11 rows=1593825 width=4) (actual time=0.026..915.483 rows=1584601 loops=1)
        Filter: (company_id < 15807)
        Rows Removed by Filter: 1024528
  ->  Hash  (cost=61283.27..61283.27 rows=2528527 width=4) (actual time=1807.812..1807.812 rows=2528312 loops=1)
        Buckets: 131072  Batches: 64  Memory Usage: 2415kB
        ->  Seq Scan on title t  (cost=0.00..61283.27 rows=2528527 width=4) (actual time=0.016..957.097 rows=2528312 loops=1)
Planning time: 0.820 ms
Execution time: 4490.892 ms
