Hash Join  (cost=136369.05..223277.61 rows=25052 width=0) (actual time=870.713..2685.523 rows=409391 loops=1)
  Hash Cond: (mk.movie_id = t.id)
  ->  Seq Scan on movie_keyword mk  (cost=0.00..69693.30 rows=4523930 width=4) (actual time=0.022..854.746 rows=4523930 loops=1)
  ->  Hash  (cost=136194.03..136194.03 rows=14002 width=8) (actual time=870.351..870.351 rows=12894 loops=1)
        Buckets: 16384  Batches: 1  Memory Usage: 632kB
        ->  Nested Loop  (cost=0.43..136194.03 rows=14002 width=8) (actual time=0.263..864.009 rows=12894 loops=1)
              ->  Seq Scan on movie_companies mc  (cost=0.00..51404.11 rows=14002 width=4) (actual time=0.230..712.058 rows=12894 loops=1)
                    Filter: (company_id = 34)
                    Rows Removed by Filter: 2596235
              ->  Index Only Scan using title_pkey on title t  (cost=0.43..6.05 rows=1 width=4) (actual time=0.011..0.011 rows=1 loops=12894)
                    Index Cond: (id = mc.movie_id)
                    Heap Fetches: 12894
Planning time: 0.826 ms
Execution time: 2739.034 ms
