Seq Scan on movie_keyword mk  (cost=0.00..81003.12 rows=246 width=0) (actual time=100.881..1160.880 rows=32 loops=1)
  Filter: (keyword_id = 4451)
  Rows Removed by Filter: 4523898
Planning time: 0.408 ms
Execution time: 1160.990 ms
