Seq Scan on movie_companies mc  (cost=0.00..57926.93 rows=942383 width=0) (actual time=0.027..975.501 rows=1110978 loops=1)
  Filter: ((company_id > 1484) AND (company_type_id = 2))
  Rows Removed by Filter: 1498151
Planning time: 0.423 ms
Execution time: 1117.652 ms
