Seq Scan on movie_keyword mk  (cost=0.00..81003.12 rows=3283159 width=0) (actual time=0.018..1456.268 rows=3270622 loops=1)
  Filter: (keyword_id < 14368)
  Rows Removed by Filter: 1253308
Planning time: 0.362 ms
Execution time: 1882.946 ms
