Hash Join  (cost=102767.86..995695.34 rows=3614665 width=0) (actual time=2146.414..14625.203 rows=1523593 loops=1)
  Hash Cond: (ci.movie_id = t.id)
  ->  Seq Scan on cast_info ci  (cost=0.00..796071.18 rows=3614665 width=4) (actual time=327.220..11147.421 rows=1523593 loops=1)
        Filter: ((person_id < 530256) AND (role_id > 1))
        Rows Removed by Filter: 34720751
  ->  Hash  (cost=61283.27..61283.27 rows=2528527 width=4) (actual time=1790.454..1790.454 rows=2528312 loops=1)
        Buckets: 131072  Batches: 64  Memory Usage: 2415kB
        ->  Seq Scan on title t  (cost=0.00..61283.27 rows=2528527 width=4) (actual time=0.017..942.344 rows=2528312 loops=1)
Planning time: 0.766 ms
Execution time: 14816.783 ms
