Seq Scan on movie_keyword mk  (cost=0.00..81003.12 rows=4068078 width=0) (actual time=0.027..1496.250 rows=4071495 loops=1)
  Filter: (keyword_id < 39133)
  Rows Removed by Filter: 452435
Planning time: 0.354 ms
Execution time: 2019.358 ms
