Hash Join  (cost=102767.86..186138.66 rows=917950 width=0) (actual time=1811.639..3878.840 rows=925842 loops=1)
  Hash Cond: (mc.movie_id = t.id)
  ->  Seq Scan on movie_companies mc  (cost=0.00..51404.11 rows=917950 width=4) (actual time=0.018..833.655 rows=925842 loops=1)
        Filter: (company_id > 19747)
        Rows Removed by Filter: 1683287
  ->  Hash  (cost=61283.27..61283.27 rows=2528527 width=4) (actual time=1809.774..1809.774 rows=2528312 loops=1)
        Buckets: 131072  Batches: 64  Memory Usage: 2415kB
        ->  Seq Scan on title t  (cost=0.00..61283.27 rows=2528527 width=4) (actual time=0.022..949.114 rows=2528312 loops=1)
Planning time: 1.552 ms
Execution time: 3997.907 ms
