Seq Scan on title t  (cost=0.00..73925.90 rows=593382 width=0) (actual time=0.014..1219.352 rows=486368 loops=1)
  Filter: ((production_year < 1999) AND (kind_id = 7))
  Rows Removed by Filter: 2041944
Planning time: 0.385 ms
Execution time: 1280.752 ms
