Seq Scan on movie_keyword mk  (cost=0.00..81003.12 rows=4497557 width=0) (actual time=0.024..1489.563 rows=4501024 loops=1)
  Filter: (keyword_id < 115225)
  Rows Removed by Filter: 22906
Planning time: 0.332 ms
Execution time: 2078.815 ms
