Hash Join  (cost=117398.96..602854.02 rows=529414 width=0) (actual time=1966.578..11745.253 rows=222228 loops=1)
  Hash Cond: (mi.movie_id = t.id)
  ->  Seq Scan on movie_info mi  (cost=0.00..309384.22 rows=14739122 width=4) (actual time=0.016..5014.779 rows=14835720 loops=1)
  ->  Hash  (cost=115908.68..115908.68 rows=90822 width=8) (actual time=1870.484..1870.484 rows=20112 loops=1)
        Buckets: 131072  Batches: 2  Memory Usage: 1426kB
        ->  Hash Join  (cost=76656.98..115908.68 rows=90822 width=8) (actual time=1279.925..1863.193 rows=20112 loops=1)
              Hash Cond: (mi_idx.movie_id = t.id)
              ->  Seq Scan on movie_info_idx mi_idx  (cost=0.00..21735.35 rows=1380035 width=4) (actual time=0.029..373.523 rows=1380035 loops=1)
              ->  Hash  (cost=73925.90..73925.90 rows=166406 width=4) (actual time=928.412..928.412 rows=66078 loops=1)
                    Buckets: 131072  Batches: 4  Memory Usage: 1604kB
                    ->  Seq Scan on title t  (cost=0.00..73925.90 rows=166406 width=4) (actual time=0.020..904.270 rows=66078 loops=1)
                          Filter: ((production_year < 1963) AND (kind_id = 7))
                          Rows Removed by Filter: 2462234
Planning time: 1.310 ms
Execution time: 11772.098 ms
