Hash Join  (cost=261325.14..1505301.34 rows=18109531 width=0) (actual time=5738.097..49615.668 rows=59103884 loops=1)
  Hash Cond: (ci.movie_id = t.id)
  ->  Seq Scan on cast_info ci  (cost=0.00..705507.15 rows=27382548 width=4) (actual time=0.013..13987.143 rows=27395057 loops=1)
        Filter: (person_id < 2807401)
        Rows Removed by Filter: 8849287
  ->  Hash  (cost=233889.03..233889.03 rows=1672249 width=8) (actual time=5737.377..5737.377 rows=1683399 loops=1)
        Buckets: 131072  Batches: 32  Memory Usage: 3068kB
        ->  Hash Join  (cost=102767.86..233889.03 rows=1672249 width=8) (actual time=1819.905..5332.744 rows=1683399 loops=1)
              Hash Cond: (mk.movie_id = t.id)
              ->  Seq Scan on movie_keyword mk  (cost=0.00..81003.12 rows=1672249 width=4) (actual time=0.013..1327.970 rows=1683399 loops=1)
                    Filter: (keyword_id > 8624)
                    Rows Removed by Filter: 2840531
              ->  Hash  (cost=61283.27..61283.27 rows=2528527 width=4) (actual time=1818.160..1818.160 rows=2528312 loops=1)
                    Buckets: 131072  Batches: 64  Memory Usage: 2425kB
                    ->  Seq Scan on title t  (cost=0.00..61283.27 rows=2528527 width=4) (actual time=0.013..952.836 rows=2528312 loops=1)
Planning time: 0.866 ms
Execution time: 56428.294 ms
