Seq Scan on cast_info ci  (cost=0.00..796071.18 rows=15927192 width=0) (actual time=2509.903..13324.955 rows=14579145 loops=1)
  Filter: ((person_id > 1762317) AND (role_id < 10))
  Rows Removed by Filter: 21665199
Planning time: 0.435 ms
Execution time: 15159.560 ms
