Hash Join  (cost=231965.33..770658.17 rows=5518791 width=0) (actual time=4972.906..30364.643 rows=51996596 loops=1)
  Hash Cond: (mi.movie_id = t.id)
  ->  Seq Scan on movie_info mi  (cost=0.00..309384.22 rows=14739122 width=4) (actual time=0.020..5565.456 rows=14835720 loops=1)
  ->  Hash  (cost=216431.83..216431.83 rows=946760 width=8) (actual time=4972.000..4972.000 rows=961125 loops=1)
        Buckets: 131072  Batches: 16  Memory Usage: 3499kB
        ->  Hash Join  (cost=102767.86..216431.83 rows=946760 width=8) (actual time=1839.587..4683.589 rows=961125 loops=1)
              Hash Cond: (mk.movie_id = t.id)
              ->  Seq Scan on movie_keyword mk  (cost=0.00..81003.12 rows=946760 width=4) (actual time=0.016..1397.222 rows=961125 loops=1)
                    Filter: (keyword_id > 19776)
                    Rows Removed by Filter: 3562805
              ->  Hash  (cost=61283.27..61283.27 rows=2528527 width=4) (actual time=1838.628..1838.628 rows=2528312 loops=1)
                    Buckets: 131072  Batches: 64  Memory Usage: 2425kB
                    ->  Seq Scan on title t  (cost=0.00..61283.27 rows=2528527 width=4) (actual time=0.010..977.954 rows=2528312 loops=1)
Planning time: 1.208 ms
Execution time: 36247.499 ms
