Hash Join  (cost=100888.25..155559.24 rows=547 width=0) (actual time=1350.473..2435.149 rows=4522 loops=1)
  Hash Cond: (mc.movie_id = t.id)
  ->  Seq Scan on movie_companies mc  (cost=0.00..44881.29 rows=2609129 width=4) (actual time=0.024..572.489 rows=2609129 loops=1)
  ->  Hash  (cost=100881.62..100881.62 rows=530 width=8) (actual time=1350.252..1350.252 rows=1223 loops=1)
        Buckets: 2048 (originally 1024)  Batches: 1 (originally 1)  Memory Usage: 64kB
        ->  Hash Join  (cost=73962.22..100881.62 rows=530 width=8) (actual time=909.213..1349.602 rows=1223 loops=1)
              Hash Cond: (mi_idx.movie_id = t.id)
              ->  Seq Scan on movie_info_idx mi_idx  (cost=0.00..25185.44 rows=460978 width=4) (actual time=0.017..368.434 rows=459925 loops=1)
                    Filter: (info_type_id = 99)
                    Rows Removed by Filter: 920110
              ->  Hash  (cost=73925.90..73925.90 rows=2905 width=4) (actual time=908.347..908.347 rows=3178 loops=1)
                    Buckets: 4096  Batches: 1  Memory Usage: 144kB
                    ->  Seq Scan on title t  (cost=0.00..73925.90 rows=2905 width=4) (actual time=1.918..906.634 rows=3178 loops=1)
                          Filter: ((kind_id < 7) AND (production_year = 1954))
                          Rows Removed by Filter: 2525134
Planning time: 1.277 ms
Execution time: 2436.133 ms
