Seq Scan on movie_companies mc  (cost=0.00..57926.93 rows=53 width=0) (actual time=432.114..732.521 rows=30 loops=1)
  Filter: ((company_id = 73371) AND (company_type_id = 2))
  Rows Removed by Filter: 2609099
Planning time: 0.319 ms
Execution time: 732.605 ms
