Seq Scan on movie_companies mc  (cost=0.00..57926.93 rows=702266 width=0) (actual time=45.573..1049.438 rows=487601 loops=1)
  Filter: ((company_id > 9884) AND (company_type_id < 2))
  Rows Removed by Filter: 2121528
Planning time: 0.361 ms
Execution time: 1110.747 ms
