Hash Join  (cost=796579.38..881793.30 rows=27 width=0) (actual time=9071.357..9803.346 rows=207 loops=1)
  Hash Cond: (mk.movie_id = t.id)
  ->  Seq Scan on movie_keyword mk  (cost=0.00..81003.12 rows=1122806 width=4) (actual time=0.017..1012.518 rows=1131662 loops=1)
        Filter: (keyword_id < 1239)
        Rows Removed by Filter: 3392268
  ->  Hash  (cost=796578.63..796578.63 rows=60 width=8) (actual time=8653.698..8653.698 rows=28 loops=1)
        Buckets: 1024  Batches: 1  Memory Usage: 10kB
        ->  Nested Loop  (cost=0.43..796578.63 rows=60 width=8) (actual time=2966.884..8653.659 rows=28 loops=1)
              ->  Seq Scan on cast_info ci  (cost=0.00..796071.18 rows=60 width=4) (actual time=2966.709..8653.146 rows=28 loops=1)
                    Filter: ((person_id = 524266) AND (role_id = 10))
                    Rows Removed by Filter: 36244316
              ->  Index Only Scan using title_pkey on title t  (cost=0.43..8.45 rows=1 width=4) (actual time=0.015..0.015 rows=1 loops=28)
                    Index Cond: (id = ci.movie_id)
                    Heap Fetches: 28
Planning time: 1.839 ms
Execution time: 9803.493 ms
