Hash Join  (cost=89472.60..205460.67 rows=765696 width=0) (actual time=2464.994..4268.341 rows=155311 loops=1)
  Hash Cond: (mk.movie_id = t.id)
  ->  Seq Scan on movie_keyword mk  (cost=0.00..81003.12 rows=2043195 width=4) (actual time=0.020..1486.186 rows=2051093 loops=1)
        Filter: (keyword_id < 3660)
        Rows Removed by Filter: 2472837
  ->  Hash  (cost=73925.90..73925.90 rows=947576 width=4) (actual time=1693.321..1693.321 rows=876037 loops=1)
        Buckets: 131072  Batches: 16  Memory Usage: 2955kB
        ->  Seq Scan on title t  (cost=0.00..73925.90 rows=947576 width=4) (actual time=147.336..1401.282 rows=876037 loops=1)
              Filter: ((production_year < 2007) AND (kind_id = 7))
              Rows Removed by Filter: 1652275
Planning time: 0.918 ms
Execution time: 4287.561 ms
