Hash Join  (cost=74434.21..831049.21 rows=582584 width=0) (actual time=1094.702..21117.007 rows=513120 loops=1)
  Hash Cond: (ci.movie_id = t.id)
  ->  Seq Scan on cast_info ci  (cost=0.00..614943.12 rows=36225612 width=4) (actual time=0.018..8888.154 rows=36244344 loops=1)
  ->  Hash  (cost=73925.90..73925.90 rows=40664 width=4) (actual time=1094.284..1094.284 rows=40257 loops=1)
        Buckets: 65536  Batches: 1  Memory Usage: 1928kB
        ->  Seq Scan on title t  (cost=0.00..73925.90 rows=40664 width=4) (actual time=330.873..1077.116 rows=40257 loops=1)
              Filter: ((production_year > 2012) AND (kind_id = 7))
              Rows Removed by Filter: 2488055
Planning time: 0.824 ms
Execution time: 21195.114 ms
