Seq Scan on movie_keyword mk  (cost=0.00..81003.12 rows=246 width=0) (actual time=2.056..1194.706 rows=119 loops=1)
  Filter: (keyword_id = 10689)
  Rows Removed by Filter: 4523811
Planning time: 0.386 ms
Execution time: 1194.863 ms
