Hash Join  (cost=223710.20..309326.40 rows=766468 width=0) (actual time=4607.724..8021.243 rows=4587358 loops=1)
  Hash Cond: (mc.movie_id = t.id)
  ->  Seq Scan on movie_companies mc  (cost=0.00..44881.29 rows=2609129 width=4) (actual time=0.015..799.729 rows=2609129 loops=1)
  ->  Hash  (cost=211523.32..211523.32 rows=742790 width=8) (actual time=4606.306..4606.306 rows=744757 loops=1)
        Buckets: 131072  Batches: 16  Memory Usage: 2867kB
        ->  Hash Join  (cost=102767.86..211523.32 rows=742790 width=8) (actual time=1799.990..4063.294 rows=744757 loops=1)
              Hash Cond: (mk.movie_id = t.id)
              ->  Seq Scan on movie_keyword mk  (cost=0.00..81003.12 rows=742790 width=4) (actual time=0.034..1220.572 rows=744757 loops=1)
                    Filter: (keyword_id < 679)
                    Rows Removed by Filter: 3779173
              ->  Hash  (cost=61283.27..61283.27 rows=2528527 width=4) (actual time=1798.447..1798.447 rows=2528312 loops=1)
                    Buckets: 131072  Batches: 64  Memory Usage: 2425kB
                    ->  Seq Scan on title t  (cost=0.00..61283.27 rows=2528527 width=4) (actual time=0.016..930.632 rows=2528312 loops=1)
Planning time: 1.655 ms
Execution time: 8602.739 ms
