Hash Join  (cost=190614.44..1269767.52 rows=4414591 width=0) (actual time=3523.235..31095.740 rows=3434194 loops=1)
  Hash Cond: (ci.movie_id = t.id)
  ->  Seq Scan on cast_info ci  (cost=0.00..614943.12 rows=36225612 width=4) (actual time=0.025..12059.856 rows=36244344 loops=1)
  ->  Hash  (cost=185558.74..185558.74 rows=308136 width=8) (actual time=3522.290..3522.290 rows=81153 loops=1)
        Buckets: 131072  Batches: 8  Memory Usage: 1434kB
        ->  Hash Join  (cost=82955.72..185558.74 rows=308136 width=8) (actual time=2817.960..3497.666 rows=81153 loops=1)
              Hash Cond: (mk.movie_id = t.id)
              ->  Seq Scan on movie_keyword mk  (cost=0.00..81003.12 rows=1415609 width=4) (actual time=0.023..1347.482 rows=1429133 loops=1)
                    Filter: (keyword_id > 11662)
                    Rows Removed by Filter: 3094797
              ->  Hash  (cost=73925.90..73925.90 rows=550385 width=4) (actual time=1428.244..1428.244 rows=602403 loops=1)
                    Buckets: 131072  Batches: 8  Memory Usage: 3678kB
                    ->  Seq Scan on title t  (cost=0.00..73925.90 rows=550385 width=4) (actual time=156.213..1234.587 rows=602403 loops=1)
                          Filter: ((production_year > 2006) AND (kind_id = 7))
                          Rows Removed by Filter: 1925909
Planning time: 3.095 ms
Execution time: 31511.665 ms
