Seq Scan on movie_keyword mk  (cost=0.00..81003.12 rows=2366946 width=0) (actual time=0.019..1372.074 rows=2369532 loops=1)
  Filter: (keyword_id < 5370)
  Rows Removed by Filter: 2154398
Planning time: 1.003 ms
Execution time: 1668.573 ms
