Hash Join  (cost=69283.60..566046.48 rows=507660 width=0) (actual time=1003.695..12476.986 rows=705532 loops=1)
  Hash Cond: (mi.movie_id = t.id)
  ->  Seq Scan on movie_info mi  (cost=0.00..346232.03 rows=12545135 width=4) (actual time=0.013..6646.158 rows=12601870 loops=1)
        Filter: (info_type_id < 17)
        Rows Removed by Filter: 2233850
  ->  Hash  (cost=67604.59..67604.59 rows=102321 width=4) (actual time=970.274..970.274 rows=100537 loops=1)
        Buckets: 131072  Batches: 2  Memory Usage: 2803kB
        ->  Seq Scan on title t  (cost=0.00..67604.59 rows=102321 width=4) (actual time=2.041..934.229 rows=100537 loops=1)
              Filter: (kind_id = 3)
              Rows Removed by Filter: 2427775
Planning time: 0.756 ms
Execution time: 12568.612 ms
