Hash Join  (cost=88463.62..176118.16 rows=914302 width=0) (actual time=1473.129..4196.909 rows=1500842 loops=1)
  Hash Cond: (mc.movie_id = t.id)
  ->  Seq Scan on movie_companies mc  (cost=0.00..44881.29 rows=2609129 width=4) (actual time=0.017..786.563 rows=2609129 loops=1)
  ->  Hash  (cost=73925.90..73925.90 rows=886057 width=4) (actual time=1472.089..1472.089 rows=800705 loops=1)
        Buckets: 131072  Batches: 16  Memory Usage: 2785kB
        ->  Seq Scan on title t  (cost=0.00..73925.90 rows=886057 width=4) (actual time=0.039..1225.614 rows=800705 loops=1)
              Filter: ((kind_id < 7) AND (production_year > 1954))
              Rows Removed by Filter: 1727607
Planning time: 0.563 ms
Execution time: 4397.086 ms
