Hash Join  (cost=194044.22..694797.71 rows=3776911 width=0) (actual time=4185.032..16063.630 rows=3105449 loops=1)
  Hash Cond: (mi.movie_id = t.id)
  ->  Seq Scan on movie_info mi  (cost=0.00..346232.03 rows=9767026 width=4) (actual time=0.021..6320.552 rows=9911754 loops=1)
        Filter: (info_type_id > 4)
        Rows Removed by Filter: 4923966
  ->  Hash  (cost=178001.95..178001.95 rows=977782 width=8) (actual time=4182.750..4182.750 rows=465794 loops=1)
        Buckets: 131072  Batches: 16  Memory Usage: 2160kB
        ->  Hash Join  (cost=89472.60..178001.95 rows=977782 width=8) (actual time=1635.865..4032.882 rows=465794 loops=1)
              Hash Cond: (mc.movie_id = t.id)
              ->  Seq Scan on movie_companies mc  (cost=0.00..44881.29 rows=2609129 width=4) (actual time=0.022..833.916 rows=2609129 loops=1)
              ->  Hash  (cost=73925.90..73925.90 rows=947576 width=4) (actual time=1634.092..1634.092 rows=876037 loops=1)
                    Buckets: 131072  Batches: 16  Memory Usage: 2949kB
                    ->  Seq Scan on title t  (cost=0.00..73925.90 rows=947576 width=4) (actual time=202.550..1366.208 rows=876037 loops=1)
                          Filter: ((production_year < 2007) AND (kind_id = 7))
                          Rows Removed by Filter: 1652275
Planning time: 1.172 ms
Execution time: 16432.985 ms
