Hash Join  (cost=101326.70..188177.95 rows=19321 width=0) (actual time=1595.006..3354.426 rows=223245 loops=1)
  Hash Cond: (mk.movie_id = t.id)
  ->  Seq Scan on movie_keyword mk  (cost=0.00..69693.30 rows=4523930 width=4) (actual time=0.016..879.656 rows=4523930 loops=1)
  ->  Hash  (cost=101191.71..101191.71 rows=10799 width=8) (actual time=1594.379..1594.379 rows=21002 loops=1)
        Buckets: 32768 (originally 16384)  Batches: 1 (originally 1)  Memory Usage: 1077kB
        ->  Hash Join  (cost=74173.24..101191.71 rows=10799 width=8) (actual time=990.529..1586.298 rows=21002 loops=1)
              Hash Cond: (mi_idx.movie_id = t.id)
              ->  Seq Scan on movie_info_idx mi_idx  (cost=0.00..21735.35 rows=1380035 width=4) (actual time=0.017..285.941 rows=1380035 loops=1)
              ->  Hash  (cost=73925.90..73925.90 rows=19787 width=4) (actual time=990.333..990.333 rows=15791 loops=1)
                    Buckets: 32768  Batches: 1  Memory Usage: 812kB
                    ->  Seq Scan on title t  (cost=0.00..73925.90 rows=19787 width=4) (actual time=0.370..982.973 rows=15791 loops=1)
                          Filter: ((kind_id < 7) AND (production_year = 1999))
                          Rows Removed by Filter: 2512521
Planning time: 0.758 ms
Execution time: 3383.091 ms
