Seq Scan on movie_keyword mk  (cost=0.00..81003.12 rows=246 width=0) (actual time=3.505..1246.439 rows=778 loops=1)
  Filter: (keyword_id = 4255)
  Rows Removed by Filter: 4523152
Planning time: 0.408 ms
Execution time: 1246.861 ms
