Seq Scan on movie_companies mc  (cost=0.00..57926.93 rows=778751 width=0) (actual time=0.025..968.200 rows=1073462 loops=1)
  Filter: ((company_id < 15563) AND (company_type_id < 2))
  Rows Removed by Filter: 1535667
Planning time: 0.316 ms
Execution time: 1107.192 ms
