Seq Scan on title t  (cost=0.00..73925.90 rows=4906 width=0) (actual time=0.060..1162.826 rows=13906 loops=1)
  Filter: ((kind_id > 3) AND (production_year = 1989))
  Rows Removed by Filter: 2514406
Planning time: 0.329 ms
Execution time: 1166.295 ms
