Seq Scan on cast_info ci  (cost=0.00..796071.18 rows=10823719 width=0) (actual time=0.034..12313.339 rows=11820305 loops=1)
  Filter: ((person_id < 1217101) AND (role_id < 10))
  Rows Removed by Filter: 24424039
Planning time: 0.334 ms
Execution time: 13827.793 ms
