Hash Join  (cost=128912.78..939971.44 rows=6644 width=0) (actual time=2001.942..15485.905 rows=92134 loops=1)
  Hash Cond: (ci.movie_id = t.id)
  ->  Seq Scan on cast_info ci  (cost=0.00..796071.18 rows=3978943 width=4) (actual time=0.018..11859.088 rows=7970840 loops=1)
        Filter: ((person_id > 2501463) AND (role_id > 3))
        Rows Removed by Filter: 28273504
  ->  Hash  (cost=128860.01..128860.01 rows=4222 width=8) (actual time=2001.357..2001.357 rows=13270 loops=1)
        Buckets: 16384 (originally 8192)  Batches: 1 (originally 1)  Memory Usage: 647kB
        ->  Hash Join  (cost=69283.60..128860.01 rows=4222 width=8) (actual time=1335.735..1996.270 rows=13270 loops=1)
              Hash Cond: (mc.movie_id = t.id)
              ->  Seq Scan on movie_companies mc  (cost=0.00..57926.93 rows=104334 width=4) (actual time=286.314..851.830 rows=206196 loops=1)
                    Filter: ((company_id > 111658) AND (company_type_id = 2))
                    Rows Removed by Filter: 2402933
              ->  Hash  (cost=67604.59..67604.59 rows=102321 width=4) (actual time=1048.644..1048.644 rows=100537 loops=1)
                    Buckets: 131072  Batches: 2  Memory Usage: 2797kB
                    ->  Seq Scan on title t  (cost=0.00..67604.59 rows=102321 width=4) (actual time=56.085..1012.678 rows=100537 loops=1)
                          Filter: (kind_id = 3)
                          Rows Removed by Filter: 2427775
Planning time: 2.102 ms
Execution time: 15501.488 ms
