Hash Join  (cost=112623.46..167332.56 rows=4357 width=0) (actual time=1214.175..2200.905 rows=10202 loops=1)
  Hash Cond: (mc.movie_id = t.id)
  ->  Seq Scan on movie_companies mc  (cost=0.00..44881.29 rows=2609129 width=4) (actual time=0.012..483.449 rows=2609129 loops=1)
  ->  Hash  (cost=112570.69..112570.69 rows=4222 width=8) (actual time=1213.616..1213.616 rows=3511 loops=1)
        Buckets: 8192  Batches: 1  Memory Usage: 202kB
        ->  Nested Loop  (cost=0.43..112570.69 rows=4222 width=8) (actual time=0.221..1211.579 rows=3511 loops=1)
              ->  Seq Scan on movie_keyword mk  (cost=0.00..81003.12 rows=4222 width=4) (actual time=0.161..1131.751 rows=3511 loops=1)
                    Filter: (keyword_id = 365)
                    Rows Removed by Filter: 4520419
              ->  Index Only Scan using title_pkey on title t  (cost=0.43..7.47 rows=1 width=4) (actual time=0.022..0.022 rows=1 loops=3511)
                    Index Cond: (id = mk.movie_id)
                    Heap Fetches: 3511
Planning time: 1.110 ms
Execution time: 2202.494 ms
