Hash Join  (cost=102767.86..255217.60 rows=2558684 width=0) (actual time=2662.108..6522.206 rows=2551811 loops=1)
  Hash Cond: (mk.movie_id = t.id)
  ->  Seq Scan on movie_keyword mk  (cost=0.00..81003.12 rows=2558684 width=4) (actual time=0.031..1696.576 rows=2551811 loops=1)
        Filter: (keyword_id > 3451)
        Rows Removed by Filter: 1972119
  ->  Hash  (cost=61283.27..61283.27 rows=2528527 width=4) (actual time=2659.300..2659.300 rows=2528312 loops=1)
        Buckets: 131072  Batches: 64  Memory Usage: 2425kB
        ->  Seq Scan on title t  (cost=0.00..61283.27 rows=2528527 width=4) (actual time=0.004..1067.378 rows=2528312 loops=1)
Planning time: 0.779 ms
Execution time: 6793.465 ms
