Hash Join  (cost=83810.17..1262822.50 rows=11859929 width=0) (actual time=1327.867..35958.754 rows=12352838 loops=1)
  Hash Cond: (ci.movie_id = t.id)
  ->  Seq Scan on cast_info ci  (cost=0.00..705507.15 rows=30360769 width=4) (actual time=0.018..13784.999 rows=30348472 loops=1)
        Filter: (person_id < 3054836)
        Rows Removed by Filter: 5895872
  ->  Hash  (cost=67604.59..67604.59 rows=987727 width=4) (actual time=1326.794..1326.794 rows=985048 loops=1)
        Buckets: 131072  Batches: 16  Memory Usage: 3188kB
        ->  Seq Scan on title t  (cost=0.00..67604.59 rows=987727 width=4) (actual time=0.041..1016.827 rows=985048 loops=1)
              Filter: (kind_id < 7)
              Rows Removed by Filter: 1543264
Planning time: 0.748 ms
Execution time: 37344.650 ms
