Seq Scan on title t  (cost=0.00..73925.90 rows=1764348 width=0) (actual time=0.022..1292.485 rows=1799906 loops=1)
  Filter: ((kind_id > 1) AND (production_year > 1915))
  Rows Removed by Filter: 728406
Planning time: 0.333 ms
Execution time: 1533.774 ms
