Seq Scan on movie_keyword mk  (cost=0.00..81003.12 rows=231650 width=0) (actual time=0.026..1261.373 rows=232161 loops=1)
  Filter: (keyword_id > 63003)
  Rows Removed by Filter: 4291769
Planning time: 0.309 ms
Execution time: 1292.859 ms
