Seq Scan on movie_keyword mk  (cost=0.00..81003.12 rows=246 width=0) (actual time=2.858..1153.177 rows=784 loops=1)
  Filter: (keyword_id = 916)
  Rows Removed by Filter: 4523146
Planning time: 0.343 ms
Execution time: 1153.510 ms
