Seq Scan on movie_companies mc  (cost=0.00..57926.93 rows=3284 width=0) (actual time=1.884..877.721 rows=6150 loops=1)
  Filter: ((company_type_id < 2) AND (company_id = 145))
  Rows Removed by Filter: 2602979
Planning time: 0.338 ms
Execution time: 878.650 ms
