Hash Join  (cost=102767.86..205529.01 rows=493663 width=0) (actual time=1840.057..3721.214 rows=487619 loops=1)
  Hash Cond: (mk.movie_id = t.id)
  ->  Seq Scan on movie_keyword mk  (cost=0.00..81003.12 rows=493663 width=4) (actual time=0.029..1093.085 rows=487619 loops=1)
        Filter: (keyword_id > 36833)
        Rows Removed by Filter: 4036311
  ->  Hash  (cost=61283.27..61283.27 rows=2528527 width=4) (actual time=1837.079..1837.079 rows=2528312 loops=1)
        Buckets: 131072  Batches: 64  Memory Usage: 2425kB
        ->  Seq Scan on title t  (cost=0.00..61283.27 rows=2528527 width=4) (actual time=0.017..983.153 rows=2528312 loops=1)
Planning time: 0.727 ms
Execution time: 3781.529 ms
