Hash Join  (cost=102767.86..1618142.31 rows=33246234 width=0) (actual time=1840.713..46264.999 rows=33194009 loops=1)
  Hash Cond: (ci.movie_id = t.id)
  ->  Seq Scan on cast_info ci  (cost=0.00..705507.15 rows=33246234 width=4) (actual time=0.016..15212.624 rows=33194009 loops=1)
        Filter: (person_id < 3498198)
        Rows Removed by Filter: 3050335
  ->  Hash  (cost=61283.27..61283.27 rows=2528527 width=4) (actual time=1839.986..1839.986 rows=2528312 loops=1)
        Buckets: 131072  Batches: 64  Memory Usage: 2415kB
        ->  Seq Scan on title t  (cost=0.00..61283.27 rows=2528527 width=4) (actual time=0.018..1009.451 rows=2528312 loops=1)
Planning time: 0.511 ms
Execution time: 50074.461 ms
