Hash Join  (cost=174865.45..249606.84 rows=315566 width=0) (actual time=3752.449..5323.151 rows=451744 loops=1)
  Hash Cond: (mc.movie_id = t.id)
  ->  Seq Scan on movie_companies mc  (cost=0.00..57926.93 rows=871945 width=4) (actual time=0.026..940.297 rows=552247 loops=1)
        Filter: ((company_id < 21033) AND (company_type_id = 2))
        Rows Removed by Filter: 2056882
  ->  Hash  (cost=159851.69..159851.69 rows=915101 width=8) (actual time=3751.428..3751.428 rows=919850 loops=1)
        Buckets: 131072  Batches: 16  Memory Usage: 3269kB
        ->  Hash Join  (cost=102767.86..159851.69 rows=915101 width=8) (actual time=1783.827..3481.063 rows=919850 loops=1)
              Hash Cond: (mi_idx.movie_id = t.id)
              ->  Seq Scan on movie_info_idx mi_idx  (cost=0.00..25185.44 rows=915101 width=4) (actual time=0.025..544.048 rows=919850 loops=1)
                    Filter: (info_type_id < 101)
                    Rows Removed by Filter: 460185
              ->  Hash  (cost=61283.27..61283.27 rows=2528527 width=4) (actual time=1782.215..1782.215 rows=2528312 loops=1)
                    Buckets: 131072  Batches: 64  Memory Usage: 2415kB
                    ->  Seq Scan on title t  (cost=0.00..61283.27 rows=2528527 width=4) (actual time=0.021..932.940 rows=2528312 loops=1)
Planning time: 1.216 ms
Execution time: 5381.415 ms
