Seq Scan on movie_keyword mk  (cost=0.00..81003.12 rows=246 width=0) (actual time=3.822..1245.710 rows=525 loops=1)
  Filter: (keyword_id = 2922)
  Rows Removed by Filter: 4523405
Planning time: 0.329 ms
Execution time: 1245.989 ms
