Seq Scan on movie_companies mc  (cost=0.00..57926.93 rows=1279335 width=0) (actual time=0.025..1027.352 rows=1272038 loops=1)
  Filter: ((company_id > 2) AND (company_type_id < 2))
  Rows Removed by Filter: 1337091
Planning time: 0.319 ms
Execution time: 1191.823 ms
