Seq Scan on movie_keyword mk  (cost=0.00..81003.12 rows=4263268 width=0) (actual time=0.024..1346.788 rows=4264787 loops=1)
  Filter: (keyword_id < 59429)
  Rows Removed by Filter: 259143
Planning time: 0.297 ms
Execution time: 1856.277 ms
