Hash Join  (cost=76653.59..566798.41 rows=968889 width=0) (actual time=2009.264..14518.976 rows=3579893 loops=1)
  Hash Cond: (mi.movie_id = t.id)
  ->  Seq Scan on movie_info mi  (cost=0.00..309384.22 rows=14739122 width=4) (actual time=0.018..5181.599 rows=14835720 loops=1)
  ->  Hash  (cost=73925.90..73925.90 rows=166215 width=4) (actual time=1120.299..1120.299 rows=301084 loops=1)
        Buckets: 131072  Batches: 4  Memory Usage: 3680kB
        ->  Seq Scan on title t  (cost=0.00..73925.90 rows=166215 width=4) (actual time=0.008..1018.988 rows=301084 loops=1)
              Filter: ((production_year < 1987) AND (kind_id = 1))
              Rows Removed by Filter: 2227228
Planning time: 0.703 ms
Execution time: 14946.768 ms
