Seq Scan on cast_info ci  (cost=0.00..796071.18 rows=18956594 width=0) (actual time=1457.799..16923.275 rows=20122661 loops=1)
  Filter: ((person_id < 3674485) AND (role_id < 3))
  Rows Removed by Filter: 16121683
Planning time: 0.362 ms
Execution time: 19446.498 ms
