Hash Join  (cost=114892.54..932545.93 rows=117921 width=0) (actual time=4554.226..16364.111 rows=193374 loops=1)
  Hash Cond: (ci.movie_id = t.id)
  ->  Seq Scan on cast_info ci  (cost=0.00..796071.18 rows=5440798 width=4) (actual time=2713.192..12323.251 rows=11057722 loops=1)
        Filter: ((person_id < 1513755) AND (role_id = 1))
        Rows Removed by Filter: 25186622
  ->  Hash  (cost=114207.52..114207.52 rows=54802 width=8) (actual time=1840.171..1840.171 rows=22593 loops=1)
        Buckets: 65536  Batches: 1  Memory Usage: 1395kB
        ->  Hash Join  (cost=75574.02..114207.52 rows=54802 width=8) (actual time=1002.299..1832.848 rows=22593 loops=1)
              Hash Cond: (mi_idx.movie_id = t.id)
              ->  Seq Scan on movie_info_idx mi_idx  (cost=0.00..21735.35 rows=1380035 width=4) (actual time=0.026..364.392 rows=1380035 loops=1)
              ->  Hash  (cost=73925.90..73925.90 rows=100409 width=4) (actual time=1001.070..1001.070 rows=110402 loops=1)
                    Buckets: 131072  Batches: 2  Memory Usage: 2964kB
                    ->  Seq Scan on title t  (cost=0.00..73925.90 rows=100409 width=4) (actual time=0.026..962.561 rows=110402 loops=1)
                          Filter: ((kind_id = 7) AND (production_year = 2012))
                          Rows Removed by Filter: 2417910
Planning time: 1.123 ms
Execution time: 16390.769 ms
