Seq Scan on cast_info ci  (cost=0.00..705507.15 rows=24556712 width=0) (actual time=0.025..11244.271 rows=24527273 loops=1)
  Filter: (person_id < 2521001)
  Rows Removed by Filter: 11717071
Planning time: 4.640 ms
Execution time: 14292.592 ms
