Hash Join  (cost=147359.44..608218.58 rows=457894 width=0) (actual time=2553.846..13314.792 rows=3081056 loops=1)
  Hash Cond: (mi.movie_id = t.id)
  ->  Seq Scan on movie_info mi  (cost=0.00..346232.03 rows=9476311 width=4) (actual time=0.021..5414.792 rows=9565151 loops=1)
        Filter: (info_type_id < 16)
        Rows Removed by Filter: 5270569
  ->  Hash  (cost=145354.22..145354.22 rows=122178 width=8) (actual time=2553.024..2553.024 rows=234165 loops=1)
        Buckets: 131072 (originally 131072)  Batches: 4 (originally 2)  Memory Usage: 3309kB
        ->  Hash Join  (cost=78306.32..145354.22 rows=122178 width=8) (actual time=1087.798..2479.482 rows=234165 loops=1)
              Hash Cond: (mc.movie_id = t.id)
              ->  Seq Scan on movie_companies mc  (cost=0.00..51404.11 rows=1157069 width=4) (actual time=0.022..798.862 rows=1165543 loops=1)
                    Filter: (company_id > 12886)
                    Rows Removed by Filter: 1443586
              ->  Hash  (cost=73925.90..73925.90 rows=266993 width=4) (actual time=889.333..889.333 rows=216282 loops=1)
                    Buckets: 131072  Batches: 4  Memory Usage: 2928kB
                    ->  Seq Scan on title t  (cost=0.00..73925.90 rows=266993 width=4) (actual time=21.095..735.671 rows=216282 loops=1)
                          Filter: ((production_year > 2005) AND (kind_id = 1))
                          Rows Removed by Filter: 2312030
Planning time: 1.546 ms
Execution time: 13706.538 ms
