Hash Join  (cost=102767.86..195703.92 rows=85350 width=0) (actual time=2431.310..4052.367 rows=88988 loops=1)
  Hash Cond: (mk.movie_id = t.id)
  ->  Seq Scan on movie_keyword mk  (cost=0.00..81003.12 rows=85350 width=4) (actual time=0.024..1122.430 rows=88988 loops=1)
        Filter: (keyword_id < 76)
        Rows Removed by Filter: 4434942
  ->  Hash  (cost=61283.27..61283.27 rows=2528527 width=4) (actual time=2430.032..2430.032 rows=2528312 loops=1)
        Buckets: 131072  Batches: 64  Memory Usage: 2425kB
        ->  Seq Scan on title t  (cost=0.00..61283.27 rows=2528527 width=4) (actual time=0.017..773.724 rows=2528312 loops=1)
Planning time: 0.677 ms
Execution time: 4064.194 ms
