Seq Scan on movie_companies mc  (cost=0.00..51404.11 rows=104 width=0) (actual time=96.113..671.108 rows=644 loops=1)
  Filter: (company_id = 73644)
  Rows Removed by Filter: 2608485
Planning time: 0.342 ms
Execution time: 671.297 ms
