Hash Join  (cost=265514.12..874194.47 rows=10351352 width=0) (actual time=5430.192..39071.569 rows=96982092 loops=1)
  Hash Cond: (mi.movie_id = t.id)
  ->  Seq Scan on movie_info mi  (cost=0.00..309384.22 rows=14739122 width=4) (actual time=0.017..4689.451 rows=14835720 loops=1)
  ->  Hash  (cost=236379.67..236379.67 rows=1775796 width=8) (actual time=5427.684..5427.684 rows=1777136 loops=1)
        Buckets: 131072  Batches: 32  Memory Usage: 3262kB
        ->  Hash Join  (cost=102767.86..236379.67 rows=1775796 width=8) (actual time=2006.044..4966.148 rows=1777136 loops=1)
              Hash Cond: (mk.movie_id = t.id)
              ->  Seq Scan on movie_keyword mk  (cost=0.00..81003.12 rows=1775796 width=4) (actual time=0.030..1337.721 rows=1777136 loops=1)
                    Filter: (keyword_id > 7778)
                    Rows Removed by Filter: 2746794
              ->  Hash  (cost=61283.27..61283.27 rows=2528527 width=4) (actual time=2004.232..2004.232 rows=2528312 loops=1)
                    Buckets: 131072  Batches: 64  Memory Usage: 2425kB
                    ->  Seq Scan on title t  (cost=0.00..61283.27 rows=2528527 width=4) (actual time=0.020..886.548 rows=2528312 loops=1)
Planning time: 1.115 ms
Execution time: 49856.696 ms
