Nested Loop  (cost=0.43..58375.45 rows=31 width=0) (actual time=365.095..689.729 rows=7 loops=1)
  ->  Seq Scan on movie_companies mc  (cost=0.00..57926.93 rows=53 width=4) (actual time=365.003..689.426 rows=10 loops=1)
        Filter: ((company_id = 72795) AND (company_type_id = 2))
        Rows Removed by Filter: 2609119
  ->  Index Scan using title_pkey on title t  (cost=0.43..8.45 rows=1 width=4) (actual time=0.027..0.027 rows=1 loops=10)
        Index Cond: (id = mc.movie_id)
        Filter: ((kind_id > 2) AND (production_year > 1968))
        Rows Removed by Filter: 0
Planning time: 0.981 ms
Execution time: 689.851 ms
