Seq Scan on movie_companies mc  (cost=0.00..51404.11 rows=2456747 width=0) (actual time=0.033..893.937 rows=2458084 loops=1)
  Filter: (company_id < 131621)
  Rows Removed by Filter: 151045
Planning time: 0.334 ms
Execution time: 1232.279 ms
