Hash Join  (cost=929865.69..972452.05 rows=285188 width=0) (actual time=12106.662..13171.488 rows=346087 loops=1)
  Hash Cond: (mi_idx.movie_id = t.id)
  ->  Seq Scan on movie_info_idx mi_idx  (cost=0.00..21735.35 rows=1380035 width=4) (actual time=0.023..343.046 rows=1380035 loops=1)
  ->  Hash  (cost=921292.10..921292.10 rows=522527 width=8) (actual time=12105.105..12105.105 rows=287315 loops=1)
        Buckets: 131072  Batches: 8  Memory Usage: 2422kB
        ->  Hash Join  (cost=102767.86..921292.10 rows=522527 width=8) (actual time=2599.885..12026.131 rows=287315 loops=1)
              Hash Cond: (ci.movie_id = t.id)
              ->  Seq Scan on cast_info ci  (cost=0.00..796071.18 rows=522527 width=4) (actual time=943.372..9192.038 rows=287315 loops=1)
                    Filter: ((person_id < 108854) AND (role_id > 2))
                    Rows Removed by Filter: 35957029
              ->  Hash  (cost=61283.27..61283.27 rows=2528527 width=4) (actual time=1654.555..1654.555 rows=2528312 loops=1)
                    Buckets: 131072  Batches: 64  Memory Usage: 2415kB
                    ->  Seq Scan on title t  (cost=0.00..61283.27 rows=2528527 width=4) (actual time=0.021..825.476 rows=2528312 loops=1)
Planning time: 1.125 ms
Execution time: 13216.534 ms
