Seq Scan on movie_companies mc  (cost=0.00..57926.93 rows=634610 width=0) (actual time=0.038..791.604 rows=402236 loops=1)
  Filter: ((company_id < 11146) AND (company_type_id > 1))
  Rows Removed by Filter: 2206893
Planning time: 0.311 ms
Execution time: 842.409 ms
