Nested Loop  (cost=25190.47..106244.60 rows=1 width=0) (actual time=408.706..1483.276 rows=19 loops=1)
  ->  Hash Join  (cost=25190.04..106236.22 rows=1 width=8) (actual time=408.643..1482.228 rows=20 loops=1)
        Hash Cond: (mk.movie_id = mi_idx.movie_id)
        ->  Seq Scan on movie_keyword mk  (cost=0.00..81003.12 rows=246 width=4) (actual time=1.282..1117.955 rows=1072 loops=1)
              Filter: (keyword_id = 2354)
              Rows Removed by Filter: 4522858
        ->  Hash  (cost=25185.44..25185.44 rows=368 width=4) (actual time=363.738..363.738 rows=260 loops=1)
              Buckets: 1024  Batches: 1  Memory Usage: 18kB
              ->  Seq Scan on movie_info_idx mi_idx  (cost=0.00..25185.44 rows=368 width=4) (actual time=159.977..363.650 rows=260 loops=1)
                    Filter: (info_type_id > 101)
                    Rows Removed by Filter: 1379775
  ->  Index Scan using title_pkey on title t  (cost=0.43..8.37 rows=1 width=4) (actual time=0.045..0.047 rows=1 loops=20)
        Index Cond: (id = mi_idx.movie_id)
        Filter: ((kind_id < 7) AND (production_year < 2012))
        Rows Removed by Filter: 0
Planning time: 0.754 ms
Execution time: 1483.424 ms
