Seq Scan on cast_info ci  (cost=0.00..705507.15 rows=500 width=0) (actual time=521.548..8649.369 rows=237 loops=1)
  Filter: (person_id = 327536)
  Rows Removed by Filter: 36244107
Planning time: 0.386 ms
Execution time: 8649.512 ms
