Seq Scan on movie_companies mc  (cost=0.00..57926.93 rows=797258 width=0) (actual time=254.951..794.131 rows=498187 loops=1)
  Filter: ((company_id < 14862) AND (company_type_id = 2))
  Rows Removed by Filter: 2110942
Planning time: 0.347 ms
Execution time: 859.586 ms
