Hash Join  (cost=81720.25..160507.57 rows=397863 width=0) (actual time=1768.899..3595.926 rows=564437 loops=1)
  Hash Cond: (mc.movie_id = t.id)
  ->  Seq Scan on movie_companies mc  (cost=0.00..57926.93 rows=1169268 width=4) (actual time=339.365..1248.836 rows=1020387 loops=1)
        Filter: ((company_id < 92116) AND (company_type_id > 1))
        Rows Removed by Filter: 1588742
  ->  Hash  (cost=67604.59..67604.59 rows=860373 width=4) (actual time=1428.627..1428.627 rows=854214 loops=1)
        Buckets: 131072  Batches: 16  Memory Usage: 2897kB
        ->  Seq Scan on title t  (cost=0.00..67604.59 rows=860373 width=4) (actual time=0.034..1166.962 rows=854214 loops=1)
              Filter: (kind_id < 4)
              Rows Removed by Filter: 1674098
Planning time: 0.514 ms
Execution time: 3656.315 ms
