Seq Scan on movie_keyword mk  (cost=0.00..81003.12 rows=3544873 width=0) (actual time=0.031..1337.234 rows=3537504 loops=1)
  Filter: (keyword_id > 926)
  Rows Removed by Filter: 986426
Planning time: 0.299 ms
Execution time: 1787.635 ms
