Seq Scan on movie_companies mc  (cost=0.00..57926.93 rows=51 width=0) (actual time=2.861..790.317 rows=480 loops=1)
  Filter: ((company_type_id < 2) AND (company_id = 1841))
  Rows Removed by Filter: 2608649
Planning time: 0.342 ms
Execution time: 790.495 ms
