Seq Scan on movie_keyword mk  (cost=0.00..81003.12 rows=246 width=0) (actual time=8.552..1089.832 rows=122 loops=1)
  Filter: (keyword_id = 72503)
  Rows Removed by Filter: 4523808
Planning time: 0.346 ms
Execution time: 1090.012 ms
