Hash Join  (cost=177446.57..667814.43 rows=989793 width=0) (actual time=2888.884..13391.608 rows=810653 loops=1)
  Hash Cond: (mi.movie_id = t.id)
  ->  Seq Scan on movie_info mi  (cost=0.00..309384.22 rows=14739122 width=4) (actual time=0.013..4537.042 rows=14835720 loops=1)
  ->  Hash  (cost=174660.06..174660.06 rows=169801 width=8) (actual time=2888.095..2888.095 rows=69112 loops=1)
        Buckets: 131072  Batches: 4  Memory Usage: 1709kB
        ->  Hash Join  (cost=102767.86..174660.06 rows=169801 width=8) (actual time=1679.218..2864.086 rows=69112 loops=1)
              Hash Cond: (mc.movie_id = t.id)
              ->  Seq Scan on movie_companies mc  (cost=0.00..57926.93 rows=169801 width=4) (actual time=0.025..711.360 rows=69112 loops=1)
                    Filter: ((company_id < 161) AND (company_type_id > 1))
                    Rows Removed by Filter: 2540017
              ->  Hash  (cost=61283.27..61283.27 rows=2528527 width=4) (actual time=1677.691..1677.691 rows=2528312 loops=1)
                    Buckets: 131072  Batches: 64  Memory Usage: 2415kB
                    ->  Seq Scan on title t  (cost=0.00..61283.27 rows=2528527 width=4) (actual time=0.022..838.754 rows=2528312 loops=1)
Planning time: 1.170 ms
Execution time: 13499.375 ms
