Seq Scan on movie_companies mc  (cost=0.00..57926.93 rows=479727 width=0) (actual time=376.183..642.173 rows=175293 loops=1)
  Filter: ((company_id > 17072) AND (company_type_id < 2))
  Rows Removed by Filter: 2433836
Planning time: 0.346 ms
Execution time: 666.354 ms
