Hash Join  (cost=916648.03..994485.31 rows=202176 width=0) (actual time=16072.720..18208.758 rows=281997 loops=1)
  Hash Cond: (mc.movie_id = t.id)
  ->  Seq Scan on movie_companies mc  (cost=0.00..44881.29 rows=2609129 width=4) (actual time=0.026..1018.478 rows=2609129 loops=1)
  ->  Hash  (cost=913432.90..913432.90 rows=195930 width=8) (actual time=16071.811..16071.811 rows=75070 loops=1)
        Buckets: 131072  Batches: 4  Memory Usage: 1754kB
        ->  Hash Join  (cost=102767.86..913432.90 rows=195930 width=8) (actual time=3433.670..16046.931 rows=75070 loops=1)
              Hash Cond: (ci.movie_id = t.id)
              ->  Seq Scan on cast_info ci  (cost=0.00..796071.18 rows=195930 width=4) (actual time=1402.707..13541.217 rows=75070 loops=1)
                    Filter: ((person_id < 2025022) AND (role_id > 10))
                    Rows Removed by Filter: 36169274
              ->  Hash  (cost=61283.27..61283.27 rows=2528527 width=4) (actual time=2029.444..2029.444 rows=2528312 loops=1)
                    Buckets: 131072  Batches: 64  Memory Usage: 2415kB
                    ->  Seq Scan on title t  (cost=0.00..61283.27 rows=2528527 width=4) (actual time=0.027..1170.075 rows=2528312 loops=1)
Planning time: 1.213 ms
Execution time: 18245.539 ms
