Hash Join  (cost=74721.47..906623.09 rows=225374 width=0) (actual time=1064.848..15894.430 rows=402529 loops=1)
  Hash Cond: (ci.movie_id = t.id)
  ->  Seq Scan on cast_info ci  (cost=0.00..796071.18 rows=8953787 width=4) (actual time=0.026..11717.724 rows=11633395 loops=1)
        Filter: ((person_id > 1592660) AND (role_id > 2))
        Rows Removed by Filter: 24610949
  ->  Hash  (cost=73925.90..73925.90 rows=63645 width=4) (actual time=1064.430..1064.430 rows=53382 loops=1)
        Buckets: 65536  Batches: 1  Memory Usage: 2389kB
        ->  Seq Scan on title t  (cost=0.00..73925.90 rows=63645 width=4) (actual time=0.028..1044.317 rows=53382 loops=1)
              Filter: ((production_year > 1996) AND (kind_id = 3))
              Rows Removed by Filter: 2474930
Planning time: 0.747 ms
Execution time: 15950.619 ms
