Hash Join  (cost=172517.16..299087.22 rows=374902 width=0) (actual time=3016.215..5789.508 rows=294934 loops=1)
  Hash Cond: (mk.movie_id = t.id)
  ->  Seq Scan on movie_keyword mk  (cost=0.00..69693.30 rows=4523930 width=4) (actual time=0.023..1071.821 rows=4523930 loops=1)
  ->  Hash  (cost=169078.90..169078.90 rows=209541 width=8) (actual time=3015.536..3015.536 rows=125205 loops=1)
        Buckets: 131072  Batches: 4  Memory Usage: 2256kB
        ->  Hash Join  (cost=98137.04..169078.90 rows=209541 width=8) (actual time=1695.318..2971.355 rows=125205 loops=1)
              Hash Cond: (mc.movie_id = t.id)
              ->  Seq Scan on movie_companies mc  (cost=0.00..57926.93 rows=284703 width=4) (actual time=20.431..825.540 rows=144410 loops=1)
                    Filter: ((company_id < 578) AND (company_type_id = 2))
                    Rows Removed by Filter: 2464719
              ->  Hash  (cost=67604.59..67604.59 rows=1860996 width=4) (actual time=1674.041..1674.041 rows=1865487 loops=1)
                    Buckets: 131072  Batches: 32  Memory Usage: 3079kB
                    ->  Seq Scan on title t  (cost=0.00..67604.59 rows=1860996 width=4) (actual time=0.031..1084.560 rows=1865487 loops=1)
                          Filter: (kind_id > 1)
                          Rows Removed by Filter: 662825
Planning time: 3.779 ms
Execution time: 5827.377 ms
