Seq Scan on movie_keyword mk  (cost=0.00..81003.12 rows=548677 width=0) (actual time=0.024..1142.938 rows=544464 loops=1)
  Filter: (keyword_id > 33753)
  Rows Removed by Filter: 3979466
Planning time: 0.369 ms
Execution time: 1214.559 ms
