Seq Scan on cast_info ci  (cost=0.00..796071.18 rows=5579090 width=0) (actual time=4390.498..10897.260 rows=8600363 loops=1)
  Filter: ((person_id > 2828336) AND (role_id > 1))
  Rows Removed by Filter: 27643981
Planning time: 0.339 ms
Execution time: 12006.660 ms
