Hash Join  (cost=105731.15..478860.32 rows=744231 width=0) (actual time=4192.705..6894.852 rows=770217 loops=1)
  Hash Cond: (mi.movie_id = t.id)
  ->  Seq Scan on movie_info mi  (cost=0.00..346232.03 rows=809768 width=4) (actual time=2242.806..4025.018 rows=802140 loops=1)
        Filter: (info_type_id < 2)
        Rows Removed by Filter: 14033580
  ->  Hash  (cost=67604.59..67604.59 rows=2323885 width=4) (actual time=1948.900..1948.900 rows=2317570 loops=1)
        Buckets: 131072  Batches: 32  Memory Usage: 3584kB
        ->  Seq Scan on title t  (cost=0.00..67604.59 rows=2323885 width=4) (actual time=0.041..1204.692 rows=2317570 loops=1)
              Filter: (production_year > 1938)
              Rows Removed by Filter: 210742
Planning time: 0.750 ms
Execution time: 6981.780 ms
