Hash Join  (cost=67697.55..432786.99 rows=43351 width=0) (actual time=827.677..6646.742 rows=31482 loops=1)
  Hash Cond: (mi.movie_id = t.id)
  ->  Seq Scan on movie_info mi  (cost=0.00..309384.22 rows=14739122 width=4) (actual time=0.025..3058.354 rows=14835720 loops=1)
  ->  Hash  (cost=67604.59..67604.59 rows=7437 width=4) (actual time=820.698..820.698 rows=2847 loops=1)
        Buckets: 8192  Batches: 1  Memory Usage: 165kB
        ->  Seq Scan on title t  (cost=0.00..67604.59 rows=7437 width=4) (actual time=421.094..819.197 rows=2847 loops=1)
              Filter: (production_year = 1926)
              Rows Removed by Filter: 2525465
Planning time: 0.730 ms
Execution time: 6652.598 ms
