Hash Join  (cost=75666.39..114352.62 rows=57875 width=0) (actual time=1039.098..1903.890 rows=26559 loops=1)
  Hash Cond: (mi_idx.movie_id = t.id)
  ->  Seq Scan on movie_info_idx mi_idx  (cost=0.00..21735.35 rows=1380035 width=4) (actual time=0.014..377.556 rows=1380035 loops=1)
  ->  Hash  (cost=73925.90..73925.90 rows=106039 width=4) (actual time=1034.641..1034.641 rows=113673 loops=1)
        Buckets: 131072  Batches: 2  Memory Usage: 3022kB
        ->  Seq Scan on title t  (cost=0.00..73925.90 rows=106039 width=4) (actual time=0.033..993.279 rows=113673 loops=1)
              Filter: ((kind_id > 3) AND (production_year = 2011))
              Rows Removed by Filter: 2414639
Planning time: 1.257 ms
Execution time: 1908.158 ms
