Hash Join  (cost=83810.17..151820.38 rows=157158 width=0) (actual time=1491.805..2976.193 rows=290992 loops=1)
  Hash Cond: (mc.movie_id = t.id)
  ->  Seq Scan on movie_companies mc  (cost=0.00..57926.93 rows=402316 width=4) (actual time=0.022..925.141 rows=578245 loops=1)
        Filter: ((company_id < 1886) AND (company_type_id = 1))
        Rows Removed by Filter: 2030884
  ->  Hash  (cost=67604.59..67604.59 rows=987727 width=4) (actual time=1491.114..1491.114 rows=985048 loops=1)
        Buckets: 131072  Batches: 16  Memory Usage: 3188kB
        ->  Seq Scan on title t  (cost=0.00..67604.59 rows=987727 width=4) (actual time=0.013..916.174 rows=985048 loops=1)
              Filter: (kind_id < 7)
              Rows Removed by Filter: 1543264
Planning time: 0.756 ms
Execution time: 3013.678 ms
