Seq Scan on movie_companies mc  (cost=0.00..57926.93 rows=1100854 width=0) (actual time=219.500..1082.081 rows=994419 loops=1)
  Filter: ((company_id > 184) AND (company_type_id = 1))
  Rows Removed by Filter: 1614710
Planning time: 0.413 ms
Execution time: 1207.731 ms
