Nested Loop  (cost=0.43..83072.29 rows=141 width=0) (actual time=4.113..1162.654 rows=1092 loops=1)
  ->  Seq Scan on movie_keyword mk  (cost=0.00..81003.12 rows=246 width=4) (actual time=2.217..1123.332 rows=1573 loops=1)
        Filter: (keyword_id = 2905)
        Rows Removed by Filter: 4522357
  ->  Index Scan using title_pkey on title t  (cost=0.43..8.40 rows=1 width=4) (actual time=0.024..0.024 rows=1 loops=1573)
        Index Cond: (id = mk.movie_id)
        Filter: (production_year < 2006)
        Rows Removed by Filter: 0
Planning time: 0.704 ms
Execution time: 1163.107 ms
