Seq Scan on cast_info ci  (cost=0.00..796071.18 rows=12656874 width=0) (actual time=3133.219..14496.599 rows=12557018 loops=1)
  Filter: ((person_id > 19313) AND (role_id < 2))
  Rows Removed by Filter: 23687326
Planning time: 0.353 ms
Execution time: 16018.945 ms
