Hash Join  (cost=97102.97..138577.07 rows=330599 width=0) (actual time=1613.969..2715.600 rows=314940 loops=1)
  Hash Cond: (mi_idx.movie_id = t.id)
  ->  Seq Scan on movie_info_idx mi_idx  (cost=0.00..25185.44 rows=464934 width=4) (actual time=0.051..428.950 rows=460185 loops=1)
        Filter: (info_type_id > 100)
        Rows Removed by Filter: 919850
  ->  Hash  (cost=67604.59..67604.59 rows=1797951 width=4) (actual time=1612.707..1612.707 rows=1793384 loops=1)
        Buckets: 131072  Batches: 32  Memory Usage: 2998kB
        ->  Seq Scan on title t  (cost=0.00..67604.59 rows=1797951 width=4) (actual time=0.027..1051.966 rows=1793384 loops=1)
              Filter: (production_year > 1988)
              Rows Removed by Filter: 734928
Planning time: 0.665 ms
Execution time: 2755.060 ms
