Seq Scan on movie_companies mc  (cost=0.00..57926.93 rows=952789 width=0) (actual time=264.595..933.318 rows=1119621 loops=1)
  Filter: ((company_id > 1431) AND (company_type_id > 1))
  Rows Removed by Filter: 1489508
Planning time: 0.324 ms
Execution time: 1075.585 ms
