Hash Join  (cost=221960.05..1247518.03 rows=4998931 width=0) (actual time=4075.966..26190.613 rows=2755777 loops=1)
  Hash Cond: (ci.movie_id = t.id)
  ->  Seq Scan on cast_info ci  (cost=0.00..796071.18 rows=15243871 width=4) (actual time=0.019..13646.575 rows=16631128 loops=1)
        Filter: ((person_id < 1717716) AND (role_id < 10))
        Rows Removed by Filter: 19613216
  ->  Hash  (cost=208356.28..208356.28 rows=829181 width=8) (actual time=4074.851..4074.851 rows=183972 loops=1)
        Buckets: 131072  Batches: 16  Memory Usage: 1473kB
        ->  Hash Join  (cost=95465.71..208356.28 rows=829181 width=8) (actual time=3062.889..4011.454 rows=183972 loops=1)
              Hash Cond: (mk.movie_id = t.id)
              ->  Seq Scan on movie_keyword mk  (cost=0.00..81003.12 rows=1596972 width=4) (actual time=0.016..1299.635 rows=1606189 loops=1)
                    Filter: (keyword_id < 2488)
                    Rows Removed by Filter: 2917741
              ->  Hash  (cost=73925.90..73925.90 rows=1312864 width=4) (actual time=1662.172..1662.172 rows=1391524 loops=1)
                    Buckets: 131072  Batches: 32  Memory Usage: 2561kB
                    ->  Seq Scan on title t  (cost=0.00..73925.90 rows=1312864 width=4) (actual time=0.391..1199.529 rows=1391524 loops=1)
                          Filter: ((production_year > 1965) AND (kind_id = 7))
                          Rows Removed by Filter: 1136788
Planning time: 0.851 ms
Execution time: 26540.386 ms
