Hash Join  (cost=149390.61..261770.07 rows=146623 width=0) (actual time=2580.123..4959.857 rows=938677 loops=1)
  Hash Cond: (mk.movie_id = t.id)
  ->  Seq Scan on movie_keyword mk  (cost=0.00..81003.12 rows=2537362 width=4) (actual time=0.027..1356.578 rows=2531279 loops=1)
        Filter: (keyword_id > 3518)
        Rows Removed by Filter: 1992651
  ->  Hash  (cost=146993.21..146993.21 rows=146112 width=8) (actual time=2579.086..2579.086 rows=114616 loops=1)
        Buckets: 131072  Batches: 2  Memory Usage: 3251kB
        ->  Hash Join  (cost=69928.56..146993.21 rows=146112 width=8) (actual time=911.490..2537.927 rows=114616 loops=1)
              Hash Cond: (mc.movie_id = t.id)
              ->  Seq Scan on movie_companies mc  (cost=0.00..44881.29 rows=2609129 width=4) (actual time=0.011..656.798 rows=2609129 loops=1)
              ->  Hash  (cost=67604.59..67604.59 rows=141598 width=4) (actual time=910.672..910.672 rows=141703 loops=1)
                    Buckets: 131072  Batches: 2  Memory Usage: 3511kB
                    ->  Seq Scan on title t  (cost=0.00..67604.59 rows=141598 width=4) (actual time=0.027..858.874 rows=141703 loops=1)
                          Filter: (production_year = 2010)
                          Rows Removed by Filter: 2386609
Planning time: 1.085 ms
Execution time: 5082.686 ms
