Seq Scan on movie_companies mc  (cost=0.00..57926.93 rows=433278 width=0) (actual time=112.592..776.183 rows=620932 loops=1)
  Filter: ((company_id < 2609) AND (company_type_id < 2))
  Rows Removed by Filter: 1988197
Planning time: 0.301 ms
Execution time: 850.208 ms
