Hash Join  (cost=102767.86..1033771.46 rows=8960766 width=0) (actual time=1988.941..20918.299 rows=8832379 loops=1)
  Hash Cond: (ci.movie_id = t.id)
  ->  Seq Scan on cast_info ci  (cost=0.00..705507.15 rows=8960766 width=4) (actual time=316.733..10446.184 rows=8832379 loops=1)
        Filter: (person_id < 869399)
        Rows Removed by Filter: 27411965
  ->  Hash  (cost=61283.27..61283.27 rows=2528527 width=4) (actual time=1669.961..1669.961 rows=2528312 loops=1)
        Buckets: 131072  Batches: 64  Memory Usage: 2415kB
        ->  Seq Scan on title t  (cost=0.00..61283.27 rows=2528527 width=4) (actual time=0.016..837.401 rows=2528312 loops=1)
Planning time: 0.723 ms
Execution time: 21992.388 ms
