Seq Scan on movie_companies mc  (cost=0.00..51404.11 rows=2586966 width=0) (actual time=0.021..800.240 rows=2588376 loops=1)
  Filter: (company_id < 215688)
  Rows Removed by Filter: 20753
Planning time: 0.257 ms
Execution time: 1110.864 ms
