Seq Scan on movie_keyword mk  (cost=0.00..81003.12 rows=1722004 width=0) (actual time=0.023..1210.470 rows=1733246 loops=1)
  Filter: (keyword_id > 8156)
  Rows Removed by Filter: 2790684
Planning time: 0.296 ms
Execution time: 1430.110 ms
