Hash Join  (cost=141505.57..229111.45 rows=94784 width=0) (actual time=2503.853..4441.388 rows=1271916 loops=1)
  Hash Cond: (mk.movie_id = t.id)
  ->  Seq Scan on movie_keyword mk  (cost=0.00..69693.30 rows=4523930 width=4) (actual time=0.021..757.268 rows=4523930 loops=1)
  ->  Hash  (cost=140843.36..140843.36 rows=52977 width=8) (actual time=2503.281..2503.281 rows=52066 loops=1)
        Buckets: 65536  Batches: 1  Memory Usage: 2546kB
        ->  Hash Join  (cost=69687.24..140843.36 rows=52977 width=8) (actual time=924.318..2483.967 rows=52066 loops=1)
              Hash Cond: (mc.movie_id = t.id)
              ->  Seq Scan on movie_companies mc  (cost=0.00..57926.93 rows=1055312 width=4) (actual time=0.019..1065.761 rows=1274246 loops=1)
                    Filter: ((company_id < 76567) AND (company_type_id = 1))
                    Rows Removed by Filter: 1334883
              ->  Hash  (cost=67604.59..67604.59 rows=126932 width=4) (actual time=923.668..923.668 rows=122861 loops=1)
                    Buckets: 131072  Batches: 2  Memory Usage: 3191kB
                    ->  Seq Scan on title t  (cost=0.00..67604.59 rows=126932 width=4) (actual time=0.019..878.286 rows=122861 loops=1)
                          Filter: (production_year = 2008)
                          Rows Removed by Filter: 2405451
Planning time: 1.172 ms
Execution time: 4602.910 ms
