Nested Loop  (cost=0.43..83072.29 rows=151 width=0) (actual time=8.719..1324.109 rows=88 loops=1)
  ->  Seq Scan on movie_keyword mk  (cost=0.00..81003.12 rows=246 width=4) (actual time=8.654..1319.961 rows=115 loops=1)
        Filter: (keyword_id = 3447)
        Rows Removed by Filter: 4523815
  ->  Index Scan using title_pkey on title t  (cost=0.43..8.40 rows=1 width=4) (actual time=0.032..0.032 rows=1 loops=115)
        Index Cond: (id = mk.movie_id)
        Filter: (production_year < 2007)
        Rows Removed by Filter: 0
Planning time: 3.036 ms
Execution time: 1324.286 ms
