Seq Scan on movie_keyword mk  (cost=0.00..81003.12 rows=246 width=0) (actual time=23.851..1156.729 rows=115 loops=1)
  Filter: (keyword_id = 13407)
  Rows Removed by Filter: 4523815
Planning time: 0.368 ms
Execution time: 1156.886 ms
