Hash Join  (cost=82033.88..115436.46 rows=90864 width=0) (actual time=737.790..1501.693 rows=201313 loops=1)
  Hash Cond: (mi_idx.movie_id = t.id)
  ->  Seq Scan on movie_info_idx mi_idx  (cost=0.00..25185.44 rows=464934 width=4) (actual time=0.019..383.117 rows=460185 loops=1)
        Filter: (info_type_id > 100)
        Rows Removed by Filter: 919850
  ->  Hash  (cost=73925.90..73925.90 rows=494158 width=4) (actual time=736.843..736.843 rows=581419 loops=1)
        Buckets: 131072  Batches: 8  Memory Usage: 3592kB
        ->  Seq Scan on title t  (cost=0.00..73925.90 rows=494158 width=4) (actual time=0.019..632.553 rows=581419 loops=1)
              Filter: ((kind_id < 7) AND (production_year < 2004))
              Rows Removed by Filter: 1946893
Planning time: 0.660 ms
Execution time: 1528.240 ms
