Hash Join  (cost=58358.78..85269.43 rows=17 width=0) (actual time=787.684..1247.798 rows=66 loops=1)
  Hash Cond: (mi_idx.movie_id = t.id)
  ->  Seq Scan on movie_info_idx mi_idx  (cost=0.00..21735.35 rows=1380035 width=4) (actual time=0.029..230.659 rows=1380035 loops=1)
  ->  Hash  (cost=58358.39..58358.39 rows=31 width=8) (actual time=776.855..776.855 rows=38 loops=1)
        Buckets: 1024  Batches: 1  Memory Usage: 10kB
        ->  Nested Loop  (cost=0.43..58358.39 rows=31 width=8) (actual time=255.885..776.814 rows=38 loops=1)
              ->  Seq Scan on movie_companies mc  (cost=0.00..57926.93 rows=51 width=4) (actual time=230.645..765.603 rows=479 loops=1)
                    Filter: ((company_type_id < 2) AND (company_id = 594))
                    Rows Removed by Filter: 2608650
              ->  Index Scan using title_pkey on title t  (cost=0.43..8.45 rows=1 width=4) (actual time=0.022..0.022 rows=0 loops=479)
                    Index Cond: (id = mc.movie_id)
                    Filter: (kind_id = 7)
                    Rows Removed by Filter: 1
Planning time: 1.233 ms
Execution time: 1247.957 ms
