Hash Join  (cost=111459.90..479170.34 rows=305455 width=0) (actual time=1922.380..12324.745 rows=2250113 loops=1)
  Hash Cond: (mi.movie_id = t.id)
  ->  Seq Scan on movie_info mi  (cost=0.00..309384.22 rows=14739122 width=4) (actual time=0.019..3527.190 rows=14835720 loops=1)
  ->  Hash  (cost=110804.88..110804.88 rows=52401 width=8) (actual time=1921.815..1921.815 rows=121545 loops=1)
        Buckets: 131072 (originally 65536)  Batches: 2 (originally 1)  Memory Usage: 3403kB
        ->  Hash Join  (cost=78641.77..110804.88 rows=52401 width=8) (actual time=1109.434..1880.886 rows=121545 loops=1)
              Hash Cond: (mi_idx.movie_id = t.id)
              ->  Seq Scan on movie_info_idx mi_idx  (cost=0.00..25185.44 rows=460978 width=4) (actual time=0.023..420.566 rows=459925 loops=1)
                    Filter: (info_type_id = 99)
                    Rows Removed by Filter: 920110
              ->  Hash  (cost=73925.90..73925.90 rows=287429 width=4) (actual time=1108.615..1108.615 rows=401493 loops=1)
                    Buckets: 131072 (originally 131072)  Batches: 8 (originally 4)  Memory Usage: 3073kB
                    ->  Seq Scan on title t  (cost=0.00..73925.90 rows=287429 width=4) (actual time=0.026..968.897 rows=401493 loops=1)
                          Filter: ((kind_id < 7) AND (production_year < 1992))
                          Rows Removed by Filter: 2126819
Planning time: 1.133 ms
Execution time: 12587.975 ms
