Seq Scan on movie_keyword mk  (cost=0.00..81003.12 rows=3203222 width=0) (actual time=0.031..1354.547 rows=3191518 loops=1)
  Filter: (keyword_id > 1740)
  Rows Removed by Filter: 1332412
Planning time: 2.175 ms
Execution time: 1768.231 ms
