Hash Join  (cost=141215.63..893456.23 rows=145144 width=0) (actual time=2146.291..15126.001 rows=230635 loops=1)
  Hash Cond: (ci.movie_id = t.id)
  ->  Seq Scan on cast_info ci  (cost=0.00..614943.12 rows=36225612 width=4) (actual time=0.024..5975.157 rows=36244344 loops=1)
  ->  Hash  (cost=141088.99..141088.99 rows=10131 width=8) (actual time=2146.019..2146.019 rows=5675 loops=1)
        Buckets: 16384  Batches: 1  Memory Usage: 350kB
        ->  Hash Join  (cost=86252.72..141088.99 rows=10131 width=8) (actual time=1245.266..2143.532 rows=5675 loops=1)
              Hash Cond: (mc.movie_id = t.id)
              ->  Seq Scan on movie_companies mc  (cost=0.00..51404.11 rows=34093 width=4) (actual time=0.575..747.988 rows=36136 loops=1)
                    Filter: (company_id = 160)
                    Rows Removed by Filter: 2572993
              ->  Hash  (cost=73925.90..73925.90 rows=751345 width=4) (actual time=1241.005..1241.005 rows=793943 loops=1)
                    Buckets: 131072  Batches: 16  Memory Usage: 2771kB
                    ->  Seq Scan on title t  (cost=0.00..73925.90 rows=751345 width=4) (actual time=0.021..990.318 rows=793943 loops=1)
                          Filter: ((kind_id < 7) AND (production_year < 2010))
                          Rows Removed by Filter: 1734369
Planning time: 1.111 ms
Execution time: 15162.854 ms
