Hash Join  (cost=81821.64..153876.26 rows=173106 width=0) (actual time=1446.853..3101.034 rows=61106 loops=1)
  Hash Cond: (mc.movie_id = t.id)
  ->  Seq Scan on movie_companies mc  (cost=0.00..57926.93 rows=909498 width=4) (actual time=334.171..937.785 rows=587300 loops=1)
        Filter: ((company_id < 26965) AND (company_type_id > 1))
        Rows Removed by Filter: 2021829
  ->  Hash  (cost=73925.90..73925.90 rows=481259 width=4) (actual time=1111.702..1111.702 rows=518327 loops=1)
        Buckets: 131072  Batches: 8  Memory Usage: 3301kB
        ->  Seq Scan on title t  (cost=0.00..73925.90 rows=481259 width=4) (actual time=0.028..944.013 rows=518327 loops=1)
              Filter: ((production_year > 2007) AND (kind_id = 7))
              Rows Removed by Filter: 2009985
Planning time: 0.727 ms
Execution time: 3109.196 ms
