Hash Join  (cost=442403.45..1305532.80 rows=1068205 width=0) (actual time=7826.684..24546.616 rows=3240663 loops=1)
  Hash Cond: (ci.movie_id = t.id)
  ->  Seq Scan on cast_info ci  (cost=0.00..705507.15 rows=12636034 width=4) (actual time=1933.921..10993.781 rows=12750701 loops=1)
        Filter: (person_id > 2405238)
        Rows Removed by Filter: 23493643
  ->  Hash  (cost=438896.54..438896.54 rows=213753 width=8) (actual time=5891.686..5891.686 rows=443040 loops=1)
        Buckets: 131072 (originally 131072)  Batches: 8 (originally 4)  Memory Usage: 3204kB
        ->  Hash Join  (cost=78556.72..438896.54 rows=213753 width=8) (actual time=3399.591..5741.314 rows=443040 loops=1)
              Hash Cond: (mi.movie_id = t.id)
              ->  Seq Scan on movie_info mi  (cost=0.00..346232.03 rows=809669 width=4) (actual time=2416.323..4224.623 rows=802140 loops=1)
                    Filter: (info_type_id = 1)
                    Rows Removed by Filter: 14033580
              ->  Hash  (cost=67604.59..67604.59 rows=667531 width=4) (actual time=832.240..832.240 rows=662825 loops=1)
                    Buckets: 131072  Batches: 16  Memory Usage: 2485kB
                    ->  Seq Scan on title t  (cost=0.00..67604.59 rows=667531 width=4) (actual time=42.759..706.875 rows=662825 loops=1)
                          Filter: (kind_id = 1)
                          Rows Removed by Filter: 1865487
Planning time: 1.151 ms
Execution time: 24930.739 ms
