Hash Join  (cost=69694.50..134100.13 rows=52188 width=0) (actual time=720.665..1894.766 rows=50425 loops=1)
  Hash Cond: (mc.movie_id = t.id)
  ->  Seq Scan on movie_companies mc  (cost=0.00..51404.11 rows=1036170 width=4) (actual time=0.028..785.332 rows=1045209 loops=1)
        Filter: (company_id > 15099)
        Rows Removed by Filter: 1563920
  ->  Hash  (cost=67604.59..67604.59 rows=127353 width=4) (actual time=719.733..719.733 rows=128696 loops=1)
        Buckets: 131072  Batches: 2  Memory Usage: 3284kB
        ->  Seq Scan on title t  (cost=0.00..67604.59 rows=127353 width=4) (actual time=0.024..678.546 rows=128696 loops=1)
              Filter: (production_year = 2009)
              Rows Removed by Filter: 2399616
Planning time: 0.708 ms
Execution time: 1900.793 ms
