Hash Join  (cost=78556.72..1284269.15 rows=9249471 width=0) (actual time=1115.510..34605.318 rows=10102479 loops=1)
  Hash Cond: (ci.movie_id = t.id)
  ->  Seq Scan on cast_info ci  (cost=0.00..705507.15 rows=35035883 width=4) (actual time=0.014..13835.910 rows=35029472 loops=1)
        Filter: (person_id < 3826499)
        Rows Removed by Filter: 1214872
  ->  Hash  (cost=67604.59..67604.59 rows=667531 width=4) (actual time=1113.703..1113.703 rows=662825 loops=1)
        Buckets: 131072  Batches: 16  Memory Usage: 2476kB
        ->  Seq Scan on title t  (cost=0.00..67604.59 rows=667531 width=4) (actual time=436.624..906.423 rows=662825 loops=1)
              Filter: (kind_id < 2)
              Rows Removed by Filter: 1865487
Planning time: 2.403 ms
Execution time: 35770.480 ms
