Hash Join  (cost=224458.15..1321622.80 rows=13040826 width=0) (actual time=5415.675..41619.404 rows=31008886 loops=1)
  Hash Cond: (ci.movie_id = t.id)
  ->  Seq Scan on cast_info ci  (cost=0.00..705507.15 rows=22090196 width=4) (actual time=0.017..15141.027 rows=22152553 loops=1)
        Filter: (person_id > 1388363)
        Rows Removed by Filter: 14091791
  ->  Hash  (cost=199968.38..199968.38 rows=1492702 width=8) (actual time=5414.304..5414.304 rows=1480905 loops=1)
        Buckets: 131072  Batches: 32  Memory Usage: 2796kB
        ->  Hash Join  (cost=102767.86..199968.38 rows=1492702 width=8) (actual time=2040.237..4979.226 rows=1480905 loops=1)
              Hash Cond: (mc.movie_id = t.id)
              ->  Seq Scan on movie_companies mc  (cost=0.00..51404.11 rows=1492702 width=4) (actual time=0.026..1028.034 rows=1480905 loops=1)
                    Filter: (company_id < 13579)
                    Rows Removed by Filter: 1128224
              ->  Hash  (cost=61283.27..61283.27 rows=2528527 width=4) (actual time=2038.705..2038.705 rows=2528312 loops=1)
                    Buckets: 131072  Batches: 64  Memory Usage: 2415kB
                    ->  Seq Scan on title t  (cost=0.00..61283.27 rows=2528527 width=4) (actual time=0.013..1182.496 rows=2528312 loops=1)
Planning time: 1.224 ms
Execution time: 45447.105 ms
