Hash Join  (cost=287627.94..847015.25 rows=8307973 width=0) (actual time=5525.832..15502.048 rows=3414449 loops=1)
  Hash Cond: (mi.movie_id = t.id)
  ->  Seq Scan on movie_info mi  (cost=0.00..346232.03 rows=9476311 width=4) (actual time=0.029..5029.096 rows=9565151 loops=1)
        Filter: (info_type_id < 16)
        Rows Removed by Filter: 5270569
  ->  Hash  (cost=251258.14..251258.14 rows=2216784 width=8) (actual time=5210.608..5210.608 rows=529901 loops=1)
        Buckets: 131072  Batches: 32  Memory Usage: 1672kB
        ->  Hash Join  (cost=97703.22..251258.14 rows=2216784 width=8) (actual time=2994.846..5069.178 rows=529901 loops=1)
              Hash Cond: (mk.movie_id = t.id)
              ->  Seq Scan on movie_keyword mk  (cost=0.00..81003.12 rows=3867721 width=4) (actual time=0.025..1542.876 rows=3859365 loops=1)
                    Filter: (keyword_id < 28246)
                    Rows Removed by Filter: 664565
              ->  Hash  (cost=73925.90..73925.90 rows=1449225 width=4) (actual time=1578.502..1578.502 rows=1478438 loops=1)
                    Buckets: 131072  Batches: 32  Memory Usage: 2656kB
                    ->  Seq Scan on title t  (cost=0.00..73925.90 rows=1449225 width=4) (actual time=0.013..1105.483 rows=1478438 loops=1)
                          Filter: ((production_year > 1918) AND (kind_id = 7))
                          Rows Removed by Filter: 1049874
Planning time: 1.111 ms
Execution time: 15900.973 ms
