Hash Join  (cost=83855.48..448655.16 rows=14375 width=0) (actual time=869.774..6213.595 rows=160 loops=1)
  Hash Cond: (mi.movie_id = t.id)
  ->  Seq Scan on movie_info mi  (cost=0.00..309384.22 rows=14739122 width=4) (actual time=0.022..2878.092 rows=14835720 loops=1)
  ->  Hash  (cost=83824.65..83824.65 rows=2466 width=8) (actual time=687.584..687.584 rows=7 loops=1)
        Buckets: 4096  Batches: 1  Memory Usage: 33kB
        ->  Nested Loop  (cost=0.43..83824.65 rows=2466 width=8) (actual time=277.936..687.566 rows=7 loops=1)
              ->  Seq Scan on movie_companies mc  (cost=0.00..51404.11 rows=4349 width=4) (actual time=110.100..641.137 rows=4831 loops=1)
                    Filter: (company_id = 11149)
                    Rows Removed by Filter: 2604298
              ->  Index Scan using title_pkey on title t  (cost=0.43..7.44 rows=1 width=4) (actual time=0.009..0.009 rows=0 loops=4831)
                    Index Cond: (id = mc.movie_id)
                    Filter: (production_year > 1999)
                    Rows Removed by Filter: 1
Planning time: 1.138 ms
Execution time: 6213.868 ms
