Seq Scan on movie_keyword mk  (cost=0.00..81003.12 rows=2028124 width=0) (actual time=0.026..1086.597 rows=2034523 loops=1)
  Filter: (keyword_id > 6059)
  Rows Removed by Filter: 2489407
Planning time: 0.299 ms
Execution time: 1320.295 ms
