Nested Loop  (cost=0.43..798788.22 rows=86 width=0) (actual time=4839.397..12246.535 rows=5 loops=1)
  ->  Seq Scan on cast_info ci  (cost=0.00..796071.18 rows=324 width=4) (actual time=3823.976..12245.178 rows=33 loops=1)
        Filter: ((role_id > 1) AND (person_id = 3022036))
        Rows Removed by Filter: 36244311
  ->  Index Scan using title_pkey on title t  (cost=0.43..8.38 rows=1 width=4) (actual time=0.037..0.037 rows=0 loops=33)
        Index Cond: (id = ci.movie_id)
        Filter: (kind_id < 2)
        Rows Removed by Filter: 1
Planning time: 3.375 ms
Execution time: 12246.665 ms
