Seq Scan on cast_info ci  (cost=0.00..796071.18 rows=12003217 width=0) (actual time=6879.645..13082.618 rows=11236198 loops=1)
  Filter: ((person_id > 196163) AND (role_id = 1))
  Rows Removed by Filter: 25008146
Planning time: 0.330 ms
Execution time: 14437.813 ms
