Hash Join  (cost=182359.48..1259023.63 rows=4172298 width=0) (actual time=2889.231..29899.225 rows=3907469 loops=1)
  Hash Cond: (ci.movie_id = t.id)
  ->  Seq Scan on cast_info ci  (cost=0.00..614943.12 rows=36225612 width=4) (actual time=0.010..10276.230 rows=36244344 loops=1)
  ->  Hash  (cost=177581.18..177581.18 rows=291224 width=8) (actual time=2888.571..2888.571 rows=154675 loops=1)
        Buckets: 131072  Batches: 4  Memory Usage: 2539kB
        ->  Hash Join  (cost=102767.86..177581.18 rows=291224 width=8) (actual time=1741.370..2835.874 rows=154675 loops=1)
              Hash Cond: (mc.movie_id = t.id)
              ->  Seq Scan on movie_companies mc  (cost=0.00..57926.93 rows=291224 width=4) (actual time=108.949..628.899 rows=154675 loops=1)
                    Filter: ((company_id < 598) AND (company_type_id = 2))
                    Rows Removed by Filter: 2454454
              ->  Hash  (cost=61283.27..61283.27 rows=2528527 width=4) (actual time=1631.181..1631.181 rows=2528312 loops=1)
                    Buckets: 131072  Batches: 64  Memory Usage: 2415kB
                    ->  Seq Scan on title t  (cost=0.00..61283.27 rows=2528527 width=4) (actual time=0.021..807.079 rows=2528312 loops=1)
Planning time: 0.871 ms
Execution time: 30338.056 ms
