Seq Scan on movie_companies mc  (cost=0.00..57926.93 rows=51 width=0) (actual time=0.904..636.919 rows=1352 loops=1)
  Filter: ((company_id = 14060) AND (company_type_id = 1))
  Rows Removed by Filter: 2607777
Planning time: 0.361 ms
Execution time: 637.198 ms
