Hash Join  (cost=83073.49..109984.49 rows=52 width=0) (actual time=1108.697..1600.083 rows=1282 loops=1)
  Hash Cond: (mi_idx.movie_id = t.id)
  ->  Seq Scan on movie_info_idx mi_idx  (cost=0.00..21735.35 rows=1380035 width=4) (actual time=0.019..230.903 rows=1380035 loops=1)
  ->  Hash  (cost=83072.29..83072.29 rows=96 width=8) (actual time=1096.340..1096.340 rows=532 loops=1)
        Buckets: 1024  Batches: 1  Memory Usage: 29kB
        ->  Nested Loop  (cost=0.43..83072.29 rows=96 width=8) (actual time=0.481..1095.963 rows=532 loops=1)
              ->  Seq Scan on movie_keyword mk  (cost=0.00..81003.12 rows=246 width=4) (actual time=0.439..1081.268 rows=591 loops=1)
                    Filter: (keyword_id = 4893)
                    Rows Removed by Filter: 4523339
              ->  Index Scan using title_pkey on title t  (cost=0.43..8.40 rows=1 width=4) (actual time=0.023..0.023 rows=1 loops=591)
                    Index Cond: (id = mk.movie_id)
                    Filter: (kind_id < 7)
                    Rows Removed by Filter: 0
Planning time: 1.115 ms
Execution time: 1600.465 ms
