Hash Join  (cost=222111.19..664672.15 rows=2986403 width=0) (actual time=4455.439..17549.045 rows=21402613 loops=1)
  Hash Cond: (mi.movie_id = t.id)
  ->  Seq Scan on movie_info mi  (cost=0.00..346232.03 rows=5263441 width=4) (actual time=8.731..4855.505 rows=5270569 loops=1)
        Filter: (info_type_id > 15)
        Rows Removed by Filter: 9565151
  ->  Hash  (cost=198573.05..198573.05 rows=1434651 width=8) (actual time=4445.302..4445.302 rows=1425299 loops=1)
        Buckets: 131072  Batches: 32  Memory Usage: 2802kB
        ->  Hash Join  (cost=102767.86..198573.05 rows=1434651 width=8) (actual time=1599.518..4031.418 rows=1425299 loops=1)
              Hash Cond: (mc.movie_id = t.id)
              ->  Seq Scan on movie_companies mc  (cost=0.00..51404.11 rows=1434651 width=4) (actual time=0.035..868.508 rows=1425299 loops=1)
                    Filter: (company_id < 12579)
                    Rows Removed by Filter: 1183830
              ->  Hash  (cost=61283.27..61283.27 rows=2528527 width=4) (actual time=1597.704..1597.704 rows=2528312 loops=1)
                    Buckets: 131072  Batches: 64  Memory Usage: 2415kB
                    ->  Seq Scan on title t  (cost=0.00..61283.27 rows=2528527 width=4) (actual time=0.013..791.332 rows=2528312 loops=1)
Planning time: 1.103 ms
Execution time: 20098.495 ms
