Hash Join  (cost=94655.84..149335.47 rows=1410 width=0) (actual time=1195.567..2209.478 rows=5859 loops=1)
  Hash Cond: (mc.movie_id = t.id)
  ->  Seq Scan on movie_companies mc  (cost=0.00..44881.29 rows=2609129 width=4) (actual time=0.022..496.811 rows=2609129 loops=1)
  ->  Hash  (cost=94638.77..94638.77 rows=1366 width=8) (actual time=1194.858..1194.858 rows=1761 loops=1)
        Buckets: 2048  Batches: 1  Memory Usage: 85kB
        ->  Hash Join  (cost=67697.55..94638.77 rows=1366 width=8) (actual time=757.676..1194.012 rows=1761 loops=1)
              Hash Cond: (mi_idx.movie_id = t.id)
              ->  Seq Scan on movie_info_idx mi_idx  (cost=0.00..25185.44 rows=464566 width=4) (actual time=0.027..350.525 rows=459925 loops=1)
                    Filter: (info_type_id = 101)
                    Rows Removed by Filter: 920110
              ->  Hash  (cost=67604.59..67604.59 rows=7437 width=4) (actual time=756.195..756.195 rows=8007 loops=1)
                    Buckets: 8192  Batches: 1  Memory Usage: 346kB
                    ->  Seq Scan on title t  (cost=0.00..67604.59 rows=7437 width=4) (actual time=0.078..752.813 rows=8007 loops=1)
                          Filter: (production_year = 1955)
                          Rows Removed by Filter: 2520305
Planning time: 1.149 ms
Execution time: 2210.602 ms
