Seq Scan on movie_keyword mk  (cost=0.00..81003.12 rows=2180793 width=0) (actual time=0.025..1303.997 rows=2180433 loops=1)
  Filter: (keyword_id > 5210)
  Rows Removed by Filter: 2343497
Planning time: 1.500 ms
Execution time: 1587.483 ms
