Hash Join  (cost=156487.41..263411.24 rows=328490 width=0) (actual time=3609.968..6906.812 rows=1359035 loops=1)
  Hash Cond: (mk.movie_id = t.id)
  ->  Seq Scan on movie_keyword mk  (cost=0.00..81003.12 rows=1801815 width=4) (actual time=0.024..1382.167 rows=1808008 loops=1)
        Filter: (keyword_id < 2931)
        Rows Removed by Filter: 2715922
  ->  Hash  (cost=148924.19..148924.19 rows=460978 width=8) (actual time=3608.902..3608.902 rows=459925 loops=1)
        Buckets: 131072  Batches: 8  Memory Usage: 3284kB
        ->  Hash Join  (cost=102767.86..148924.19 rows=460978 width=8) (actual time=2343.222..3476.965 rows=459925 loops=1)
              Hash Cond: (mi_idx.movie_id = t.id)
              ->  Seq Scan on movie_info_idx mi_idx  (cost=0.00..25185.44 rows=460978 width=4) (actual time=0.020..413.436 rows=459925 loops=1)
                    Filter: (info_type_id < 100)
                    Rows Removed by Filter: 920110
              ->  Hash  (cost=61283.27..61283.27 rows=2528527 width=4) (actual time=2342.464..2342.464 rows=2528312 loops=1)
                    Buckets: 131072  Batches: 64  Memory Usage: 2415kB
                    ->  Seq Scan on title t  (cost=0.00..61283.27 rows=2528527 width=4) (actual time=0.025..813.533 rows=2528312 loops=1)
Planning time: 1.092 ms
Execution time: 7066.962 ms
