Hash Join  (cost=197230.73..656694.86 rows=331594 width=0) (actual time=3903.231..14554.897 rows=1699024 loops=1)
  Hash Cond: (mi.movie_id = t.id)
  ->  Seq Scan on movie_info mi  (cost=0.00..346232.03 rows=9476311 width=4) (actual time=90.356..6981.985 rows=9565151 loops=1)
        Filter: (info_type_id < 16)
        Rows Removed by Filter: 5270569
  ->  Hash  (cost=195778.75..195778.75 rows=88478 width=8) (actual time=3812.037..3812.037 rows=94902 loops=1)
        Buckets: 131072  Batches: 2  Memory Usage: 2908kB
        ->  Hash Join  (cost=102767.86..195778.75 rows=88478 width=8) (actual time=1813.725..3777.540 rows=94902 loops=1)
              Hash Cond: (mk.movie_id = t.id)
              ->  Seq Scan on movie_keyword mk  (cost=0.00..81003.12 rows=88478 width=4) (actual time=0.028..1260.511 rows=94902 loops=1)
                    Filter: (keyword_id < 85)
                    Rows Removed by Filter: 4429028
              ->  Hash  (cost=61283.27..61283.27 rows=2528527 width=4) (actual time=1812.651..1812.651 rows=2528312 loops=1)
                    Buckets: 131072  Batches: 64  Memory Usage: 2425kB
                    ->  Seq Scan on title t  (cost=0.00..61283.27 rows=2528527 width=4) (actual time=0.016..963.219 rows=2528312 loops=1)
Planning time: 1.215 ms
Execution time: 14770.511 ms
