Hash Join  (cost=125192.68..203036.92 rows=202672 width=0) (actual time=2624.437..4793.372 rows=708736 loops=1)
  Hash Cond: (mc.movie_id = t.id)
  ->  Seq Scan on movie_companies mc  (cost=0.00..44881.29 rows=2609129 width=4) (actual time=0.018..772.261 rows=2609129 loops=1)
  ->  Hash  (cost=121969.54..121969.54 rows=196411 width=8) (actual time=2623.638..2623.638 rows=238551 loops=1)
        Buckets: 131072  Batches: 4  Memory Usage: 3360kB
        ->  Hash Join  (cost=85280.32..121969.54 rows=196411 width=8) (actual time=1368.436..2533.511 rows=238551 loops=1)
              Hash Cond: (mi_idx.movie_id = t.id)
              ->  Seq Scan on movie_info_idx mi_idx  (cost=0.00..25185.44 rows=460978 width=4) (actual time=0.025..414.890 rows=459925 loops=1)
                    Filter: (info_type_id < 100)
                    Rows Removed by Filter: 920110
              ->  Hash  (cost=67604.59..67604.59 rows=1077339 width=4) (actual time=1367.565..1367.565 rows=1074765 loops=1)
                    Buckets: 131072  Batches: 16  Memory Usage: 3388kB
                    ->  Seq Scan on title t  (cost=0.00..67604.59 rows=1077339 width=4) (actual time=0.021..1029.976 rows=1074765 loops=1)
                          Filter: (production_year < 2001)
                          Rows Removed by Filter: 1453547
Planning time: 1.142 ms
Execution time: 4885.994 ms
