Hash Join  (cost=219874.45..1068526.97 rows=1534048 width=0) (actual time=12856.720..18551.904 rows=2091016 loops=1)
  Hash Cond: (ci.movie_id = t.id)
  ->  Seq Scan on cast_info ci  (cost=0.00..796071.18 rows=2417371 width=4) (actual time=7826.774..11649.077 rows=1521291 loops=1)
        Filter: ((person_id < 2212877) AND (role_id = 3))
        Rows Removed by Filter: 34723053
  ->  Hash  (cost=193549.12..193549.12 rows=1604587 width=8) (actual time=5028.973..5028.973 rows=1853708 loops=1)
        Buckets: 131072  Batches: 32  Memory Usage: 3252kB
        ->  Hash Join  (cost=93117.31..193549.12 rows=1604587 width=8) (actual time=1557.125..4447.907 rows=1853708 loops=1)
              Hash Cond: (mc.movie_id = t.id)
              ->  Seq Scan on movie_companies mc  (cost=0.00..44881.29 rows=2609129 width=4) (actual time=0.031..699.441 rows=2609129 loops=1)
              ->  Hash  (cost=67604.59..67604.59 rows=1555018 width=4) (actual time=1556.236..1556.236 rows=1551727 loops=1)
                    Buckets: 131072  Batches: 32  Memory Usage: 2728kB
                    ->  Seq Scan on title t  (cost=0.00..67604.59 rows=1555018 width=4) (actual time=0.031..1052.016 rows=1551727 loops=1)
                          Filter: (production_year < 2007)
                          Rows Removed by Filter: 976585
Planning time: 1.157 ms
Execution time: 18795.004 ms
