Seq Scan on movie_companies mc  (cost=0.00..57926.93 rows=53 width=0) (actual time=0.044..1059.402 rows=743 loops=1)
  Filter: ((company_type_id > 1) AND (company_id = 8278))
  Rows Removed by Filter: 2608386
Planning time: 2.364 ms
Execution time: 1059.666 ms
