Hash Join  (cost=77815.08..195989.78 rows=271836 width=0) (actual time=1380.376..3868.242 rows=893511 loops=1)
  Hash Cond: (mk.movie_id = t.id)
  ->  Seq Scan on movie_keyword mk  (cost=0.00..81003.12 rows=2899525 width=4) (actual time=0.025..1274.223 rows=2888895 loops=1)
        Filter: (keyword_id < 9079)
        Rows Removed by Filter: 1635035
  ->  Hash  (cost=73925.90..73925.90 rows=237054 width=4) (actual time=1379.628..1379.628 rows=349645 loops=1)
        Buckets: 131072 (originally 131072)  Batches: 8 (originally 4)  Memory Usage: 3073kB
        ->  Seq Scan on title t  (cost=0.00..73925.90 rows=237054 width=4) (actual time=0.026..936.629 rows=349645 loops=1)
              Filter: ((kind_id < 7) AND (production_year < 1986))
              Rows Removed by Filter: 2178667
Planning time: 0.698 ms
Execution time: 3943.449 ms
