Hash Join  (cost=220509.15..344481.93 rows=1212009 width=0) (actual time=4595.373..9738.419 rows=10623697 loops=1)
  Hash Cond: (mk.movie_id = t.id)
  ->  Seq Scan on movie_keyword mk  (cost=0.00..81003.12 rows=2196684 width=4) (actual time=0.019..1266.532 rows=2195385 loops=1)
        Filter: (keyword_id > 5111)
        Rows Removed by Filter: 2328545
  ->  Hash  (cost=197620.38..197620.38 rows=1395102 width=8) (actual time=4594.599..4594.599 rows=1382793 loops=1)
        Buckets: 131072  Batches: 32  Memory Usage: 2740kB
        ->  Hash Join  (cost=102767.86..197620.38 rows=1395102 width=8) (actual time=1684.601..4138.822 rows=1382793 loops=1)
              Hash Cond: (mc.movie_id = t.id)
              ->  Seq Scan on movie_companies mc  (cost=0.00..51404.11 rows=1395102 width=4) (actual time=0.009..845.062 rows=1382793 loops=1)
                    Filter: (company_id < 11961)
                    Rows Removed by Filter: 1226336
              ->  Hash  (cost=61283.27..61283.27 rows=2528527 width=4) (actual time=1683.907..1683.907 rows=2528312 loops=1)
                    Buckets: 131072  Batches: 64  Memory Usage: 2415kB
                    ->  Seq Scan on title t  (cost=0.00..61283.27 rows=2528527 width=4) (actual time=0.029..836.537 rows=2528312 loops=1)
Planning time: 0.708 ms
Execution time: 11096.441 ms
