Seq Scan on cast_info ci  (cost=0.00..796071.18 rows=514423 width=0) (actual time=654.464..12242.042 rows=602777 loops=1)
  Filter: ((person_id > 1019753) AND (role_id = 6))
  Rows Removed by Filter: 35641567
Planning time: 0.340 ms
Execution time: 12316.891 ms
