Seq Scan on cast_info ci  (cost=0.00..796071.18 rows=168 width=0) (actual time=3447.477..11116.654 rows=55 loops=1)
  Filter: ((role_id > 3) AND (person_id = 3044920))
  Rows Removed by Filter: 36244289
Planning time: 0.349 ms
Execution time: 11116.779 ms
