Hash Join  (cost=102767.86..284782.36 rows=3787285 width=0) (actual time=1671.564..6377.889 rows=3779374 loops=1)
  Hash Cond: (mk.movie_id = t.id)
  ->  Seq Scan on movie_keyword mk  (cost=0.00..81003.12 rows=3787285 width=4) (actual time=0.015..1551.330 rows=3779374 loops=1)
        Filter: (keyword_id < 25200)
        Rows Removed by Filter: 744556
  ->  Hash  (cost=61283.27..61283.27 rows=2528527 width=4) (actual time=1670.719..1670.719 rows=2528312 loops=1)
        Buckets: 131072  Batches: 64  Memory Usage: 2425kB
        ->  Seq Scan on title t  (cost=0.00..61283.27 rows=2528527 width=4) (actual time=0.023..840.871 rows=2528312 loops=1)
Planning time: 0.642 ms
Execution time: 6766.677 ms
