Seq Scan on cast_info ci  (cost=0.00..705507.15 rows=7245 width=0) (actual time=2062.799..8856.784 rows=6516 loops=1)
  Filter: (person_id = 1663347)
  Rows Removed by Filter: 36237828
Planning time: 0.252 ms
Execution time: 8857.740 ms
