Hash Join  (cost=365418.15..2022001.50 rows=48470411 width=0) (actual time=8430.927..70741.046 rows=159312418 loops=1)
  Hash Cond: (ci.movie_id = t.id)
  ->  Seq Scan on cast_info ci  (cost=0.00..705507.15 rows=27091211 width=4) (actual time=0.018..12897.644 rows=27241888 loops=1)
        Filter: (person_id > 885414)
        Rows Removed by Filter: 9002456
  ->  Hash  (cost=291197.02..291197.02 rows=4523930 width=8) (actual time=8428.691..8428.691 rows=4523930 loops=1)
        Buckets: 131072  Batches: 64  Memory Usage: 3816kB
        ->  Hash Join  (cost=102767.86..291197.02 rows=4523930 width=8) (actual time=1541.981..6422.775 rows=4523930 loops=1)
              Hash Cond: (mk.movie_id = t.id)
              ->  Seq Scan on movie_keyword mk  (cost=0.00..69693.30 rows=4523930 width=4) (actual time=0.021..1145.364 rows=4523930 loops=1)
              ->  Hash  (cost=61283.27..61283.27 rows=2528527 width=4) (actual time=1539.626..1539.626 rows=2528312 loops=1)
                    Buckets: 131072  Batches: 64  Memory Usage: 2425kB
                    ->  Seq Scan on title t  (cost=0.00..61283.27 rows=2528527 width=4) (actual time=0.021..756.794 rows=2528312 loops=1)
Planning time: 1.003 ms
Execution time: 87073.835 ms
