Seq Scan on cast_info ci  (cost=0.00..796071.18 rows=7849970 width=0) (actual time=7981.530..11996.076 rows=2652693 loops=1)
  Filter: ((person_id > 1365825) AND (role_id < 2))
  Rows Removed by Filter: 33591651
Planning time: 0.314 ms
Execution time: 12288.079 ms
