Hash Join  (cost=190230.21..338132.90 rows=1972314 width=0) (actual time=3747.536..8835.210 rows=8466825 loops=1)
  Hash Cond: (mk.movie_id = t.id)
  ->  Seq Scan on movie_keyword mk  (cost=0.00..81003.12 rows=3613713 width=4) (actual time=0.016..1548.997 rows=3607676 loops=1)
        Filter: (keyword_id > 866)
        Rows Removed by Filter: 916254
  ->  Hash  (cost=167588.78..167588.78 rows=1380035 width=8) (actual time=3746.681..3746.681 rows=1380035 loops=1)
        Buckets: 131072  Batches: 32  Memory Usage: 2726kB
        ->  Hash Join  (cost=102767.86..167588.78 rows=1380035 width=8) (actual time=1684.842..3405.134 rows=1380035 loops=1)
              Hash Cond: (mi_idx.movie_id = t.id)
              ->  Seq Scan on movie_info_idx mi_idx  (cost=0.00..21735.35 rows=1380035 width=4) (actual time=0.020..412.974 rows=1380035 loops=1)
              ->  Hash  (cost=61283.27..61283.27 rows=2528527 width=4) (actual time=1683.784..1683.784 rows=2528312 loops=1)
                    Buckets: 131072  Batches: 64  Memory Usage: 2415kB
                    ->  Seq Scan on title t  (cost=0.00..61283.27 rows=2528527 width=4) (actual time=0.016..847.066 rows=2528312 loops=1)
Planning time: 0.694 ms
Execution time: 9710.813 ms
