Seq Scan on movie_keyword mk  (cost=0.00..81003.12 rows=2781966 width=0) (actual time=0.023..1306.418 rows=2772130 loops=1)
  Filter: (keyword_id > 2859)
  Rows Removed by Filter: 1751800
Planning time: 0.315 ms
Execution time: 1625.657 ms
