Hash Join  (cost=567119.23..1661818.88 rows=4936921 width=0) (actual time=10875.967..33583.551 rows=12545037 loops=1)
  Hash Cond: (ci.movie_id = t.id)
  ->  Seq Scan on cast_info ci  (cost=0.00..705507.15 rows=18933134 width=4) (actual time=0.013..11509.913 rows=19065788 loops=1)
        Filter: (person_id > 1696570)
        Rows Removed by Filter: 17178556
  ->  Hash  (cost=556301.65..556301.65 rows=659327 width=8) (actual time=10874.898..10874.898 rows=597410 loops=1)
        Buckets: 131072  Batches: 16  Memory Usage: 2482kB
        ->  Hash Join  (cost=69460.45..556301.65 rows=659327 width=8) (actual time=863.342..10661.649 rows=597410 loops=1)
              Hash Cond: (mi.movie_id = t.id)
              ->  Seq Scan on movie_info mi  (cost=0.00..309384.22 rows=14739122 width=4) (actual time=0.014..4396.119 rows=14835720 loops=1)
              ->  Hash  (cost=67604.59..67604.59 rows=113109 width=4) (actual time=862.492..862.492 rows=119565 loops=1)
                    Buckets: 131072  Batches: 2  Memory Usage: 3121kB
                    ->  Seq Scan on title t  (cost=0.00..67604.59 rows=113109 width=4) (actual time=0.039..815.289 rows=119565 loops=1)
                          Filter: (production_year = 2007)
                          Rows Removed by Filter: 2408747
Planning time: 1.214 ms
Execution time: 34830.338 ms
