Seq Scan on cast_info ci  (cost=0.00..705507.15 rows=11523211 width=0) (actual time=0.021..9241.492 rows=11436208 loops=1)
  Filter: (person_id < 1123694)
  Rows Removed by Filter: 24808136
Planning time: 0.231 ms
Execution time: 10594.648 ms
