Seq Scan on cast_info ci  (cost=0.00..705507.15 rows=500 width=0) (actual time=156.858..11597.448 rows=263 loops=1)
  Filter: (person_id = 2930976)
  Rows Removed by Filter: 36244081
Planning time: 0.412 ms
Execution time: 11597.544 ms
