Hash Join  (cost=94531.42..907587.95 rows=4084 width=0) (actual time=4546.153..17518.062 rows=30 loops=1)
  Hash Cond: (ci.movie_id = t.id)
  ->  Seq Scan on cast_info ci  (cost=0.00..705507.15 rows=28668949 width=4) (actual time=0.026..12327.870 rows=28808107 loops=1)
        Filter: (role_id < 8)
        Rows Removed by Filter: 7436237
  ->  Hash  (cost=94526.92..94526.92 rows=360 width=8) (actual time=1325.534..1325.534 rows=3 loops=1)
        Buckets: 1024  Batches: 1  Memory Usage: 9kB
        ->  Hash Join  (cost=67612.84..94526.92 rows=360 width=8) (actual time=949.355..1325.525 rows=3 loops=1)
              Hash Cond: (mi_idx.movie_id = t.id)
              ->  Seq Scan on movie_info_idx mi_idx  (cost=0.00..21735.35 rows=1380035 width=4) (actual time=0.019..249.690 rows=1380035 loops=1)
              ->  Hash  (cost=67604.59..67604.59 rows=660 width=4) (actual time=797.727..797.727 rows=3515 loops=1)
                    Buckets: 4096 (originally 1024)  Batches: 1 (originally 1)  Memory Usage: 156kB
                    ->  Seq Scan on title t  (cost=0.00..67604.59 rows=660 width=4) (actual time=2.361..796.079 rows=3515 loops=1)
                          Filter: (production_year > 2013)
                          Rows Removed by Filter: 2524797
Planning time: 2.723 ms
Execution time: 17518.186 ms
