Hash Join  (cost=461004.54..541039.15 rows=361608 width=0) (actual time=6891.747..8489.487 rows=283349 loops=1)
  Hash Cond: (mc.movie_id = t.id)
  ->  Seq Scan on movie_companies mc  (cost=0.00..44881.29 rows=2609129 width=4) (actual time=0.023..698.569 rows=2609129 loops=1)
  ->  Hash  (cost=455255.08..455255.08 rows=350437 width=8) (actual time=6659.101..6659.101 rows=135036 loops=1)
        Buckets: 131072  Batches: 8  Memory Usage: 1675kB
        ->  Hash Join  (cost=91879.05..455255.08 rows=350437 width=8) (actual time=2002.669..6624.648 rows=135036 loops=1)
              Hash Cond: (mi.movie_id = t.id)
              ->  Seq Scan on movie_info mi  (cost=0.00..346232.03 rows=809768 width=4) (actual time=251.300..4314.488 rows=802140 loops=1)
                    Filter: (info_type_id < 2)
                    Rows Removed by Filter: 14033580
              ->  Hash  (cost=73925.90..73925.90 rows=1094252 width=4) (actual time=1750.312..1750.312 rows=1044222 loops=1)
                    Buckets: 131072  Batches: 16  Memory Usage: 3325kB
                    ->  Seq Scan on title t  (cost=0.00..73925.90 rows=1094252 width=4) (actual time=0.028..1134.698 rows=1044222 loops=1)
                          Filter: ((production_year < 2009) AND (kind_id = 7))
                          Rows Removed by Filter: 1484090
Planning time: 1.159 ms
Execution time: 8526.046 ms
