Seq Scan on movie_info mi  (cost=0.00..346232.03 rows=8508011 width=75) (actual time=0.024..6947.643 rows=8612226 loops=1)
  Filter: (info_type_id < 9)
  Rows Removed by Filter: 6223494
Planning time: 0.481 ms
Execution time: 7451.499 ms
