Hash Join  (cost=52284.55..133569.86 rows=1 width=0) (actual time=1033.322..1778.875 rows=5 loops=1)
  Hash Cond: (mk.movie_id = t.id)
  ->  Seq Scan on movie_keyword mk  (cost=0.00..81003.12 rows=75248 width=4) (actual time=0.091..1113.882 rows=72496 loops=1)
        Filter: (keyword_id = 335)
        Rows Removed by Filter: 4451434
  ->  Hash  (cost=52284.21..52284.21 rows=27 width=8) (actual time=653.383..653.383 rows=60 loops=1)
        Buckets: 1024  Batches: 1  Memory Usage: 11kB
        ->  Nested Loop  (cost=0.43..52284.21 rows=27 width=8) (actual time=191.420..653.324 rows=60 loops=1)
              ->  Seq Scan on movie_companies mc  (cost=0.00..51404.11 rows=104 width=4) (actual time=191.349..651.664 rows=60 loops=1)
                    Filter: (company_id = 93334)
                    Rows Removed by Filter: 2609069
              ->  Index Scan using title_pkey on title t  (cost=0.43..8.45 rows=1 width=4) (actual time=0.025..0.026 rows=1 loops=60)
                    Index Cond: (id = mc.movie_id)
                    Filter: ((kind_id < 7) AND (production_year < 2008))
Planning time: 1.074 ms
Execution time: 1779.021 ms
