Seq Scan on cast_info ci  (cost=0.00..796071.18 rows=18089647 width=0) (actual time=0.026..12984.321 rows=21281261 loops=1)
  Filter: ((person_id > 805648) AND (role_id > 1))
  Rows Removed by Filter: 14963083
Planning time: 0.313 ms
Execution time: 15319.327 ms
