Hash Join  (cost=138637.86..633725.21 rows=1432144 width=0) (actual time=3163.143..14650.486 rows=1229700 loops=1)
  Hash Cond: (mi.movie_id = t.id)
  ->  Seq Scan on movie_info mi  (cost=0.00..309384.22 rows=14739122 width=4) (actual time=0.024..4431.310 rows=14835720 loops=1)
  ->  Hash  (cost=134606.78..134606.78 rows=245687 width=8) (actual time=3160.039..3160.039 rows=136939 loops=1)
        Buckets: 131072  Batches: 4  Memory Usage: 2366kB
        ->  Hash Join  (cost=96369.51..134606.78 rows=245687 width=8) (actual time=1527.898..3114.824 rows=136939 loops=1)
              Hash Cond: (mi_idx.movie_id = t.id)
              ->  Seq Scan on movie_info_idx mi_idx  (cost=0.00..25185.44 rows=454124 width=4) (actual time=0.031..408.454 rows=459925 loops=1)
                    Filter: (info_type_id = 100)
                    Rows Removed by Filter: 920110
              ->  Hash  (cost=73925.90..73925.90 rows=1367968 width=4) (actual time=1523.782..1523.782 rows=1339686 loops=1)
                    Buckets: 131072  Batches: 32  Memory Usage: 2491kB
                    ->  Seq Scan on title t  (cost=0.00..73925.90 rows=1367968 width=4) (actual time=0.024..1136.103 rows=1339686 loops=1)
                          Filter: ((kind_id > 4) AND (production_year < 2012))
                          Rows Removed by Filter: 1188626
Planning time: 1.173 ms
Execution time: 14810.974 ms
