Seq Scan on movie_companies mc  (cost=0.00..51404.11 rows=2568658 width=0) (actual time=0.025..926.797 rows=2569467 loops=1)
  Filter: (company_id < 199719)
  Rows Removed by Filter: 39662
Planning time: 0.291 ms
Execution time: 1256.160 ms
