Seq Scan on cast_info ci  (cost=0.00..705507.15 rows=2232222 width=0) (actual time=1993.149..9365.918 rows=2271251 loops=1)
  Filter: (person_id > 3618050)
  Rows Removed by Filter: 33973093
Planning time: 0.300 ms
Execution time: 9655.211 ms
