Hash Join  (cost=263115.61..1203157.73 rows=5661791 width=0) (actual time=8857.279..31855.236 rows=24125074 loops=1)
  Hash Cond: (ci.movie_id = t.id)
  ->  Seq Scan on cast_info ci  (cost=0.00..796071.18 rows=5486885 width=4) (actual time=1912.329..11341.103 rows=11163730 loops=1)
        Filter: ((person_id < 1528910) AND (role_id = 1))
        Rows Removed by Filter: 25080614
  ->  Hash  (cost=220309.49..220309.49 rows=2609129 width=8) (actual time=6943.836..6943.836 rows=2609129 loops=1)
        Buckets: 131072  Batches: 64  Memory Usage: 2610kB
        ->  Hash Join  (cost=102767.86..220309.49 rows=2609129 width=8) (actual time=2080.937..5401.402 rows=2609129 loops=1)
              Hash Cond: (mc.movie_id = t.id)
              ->  Seq Scan on movie_companies mc  (cost=0.00..44881.29 rows=2609129 width=4) (actual time=0.021..779.897 rows=2609129 loops=1)
              ->  Hash  (cost=61283.27..61283.27 rows=2528527 width=4) (actual time=2080.377..2080.377 rows=2528312 loops=1)
                    Buckets: 131072  Batches: 64  Memory Usage: 2415kB
                    ->  Seq Scan on title t  (cost=0.00..61283.27 rows=2528527 width=4) (actual time=0.015..760.506 rows=2528312 loops=1)
Planning time: 1.342 ms
Execution time: 34647.997 ms
