Hash Join  (cost=74342.55..129352.03 rows=34395 width=0) (actual time=911.550..1987.289 rows=9947 loops=1)
  Hash Cond: (mc.movie_id = t.id)
  ->  Seq Scan on movie_companies mc  (cost=0.00..44881.29 rows=2609129 width=4) (actual time=0.023..499.622 rows=2609129 loops=1)
  ->  Hash  (cost=73925.90..73925.90 rows=33332 width=4) (actual time=911.096..911.096 rows=7279 loops=1)
        Buckets: 65536  Batches: 1  Memory Usage: 768kB
        ->  Seq Scan on title t  (cost=0.00..73925.90 rows=33332 width=4) (actual time=0.018..907.925 rows=7279 loops=1)
              Filter: ((production_year < 1992) AND (kind_id = 4))
              Rows Removed by Filter: 2521033
Planning time: 0.836 ms
Execution time: 1989.216 ms
