Hash Join  (cost=125844.89..969146.21 rows=1358048 width=0) (actual time=3687.285..18655.487 rows=1893196 loops=1)
  Hash Cond: (ci.movie_id = t.id)
  ->  Seq Scan on cast_info ci  (cost=0.00..705507.15 rows=10633518 width=4) (actual time=1291.826..10208.392 rows=10639243 loops=1)
        Filter: (person_id > 2644468)
        Rows Removed by Filter: 25605101
  ->  Hash  (cost=120546.29..120546.29 rows=322928 width=8) (actual time=2394.102..2394.102 rows=375670 loops=1)
        Buckets: 131072  Batches: 8  Memory Usage: 2865kB
        ->  Hash Join  (cost=77312.52..120546.29 rows=322928 width=8) (actual time=1075.730..2272.760 rows=375670 loops=1)
              Hash Cond: (mi_idx.movie_id = t.id)
              ->  Seq Scan on movie_info_idx mi_idx  (cost=0.00..21735.35 rows=1380035 width=4) (actual time=0.027..367.044 rows=1380035 loops=1)
              ->  Hash  (cost=67604.59..67604.59 rows=591675 width=4) (actual time=1074.927..1074.927 rows=585020 loops=1)
                    Buckets: 131072  Batches: 8  Memory Usage: 3586kB
                    ->  Seq Scan on title t  (cost=0.00..67604.59 rows=591675 width=4) (actual time=0.020..888.530 rows=585020 loops=1)
                          Filter: (production_year < 1985)
                          Rows Removed by Filter: 1943292
Planning time: 1.088 ms
Execution time: 18871.024 ms
