Hash Join  (cost=177160.49..216377.36 rows=88839 width=0) (actual time=3096.640..4127.091 rows=445783 loops=1)
  Hash Cond: (mi_idx.movie_id = t.id)
  ->  Seq Scan on movie_info_idx mi_idx  (cost=0.00..21735.35 rows=1380035 width=4) (actual time=0.020..361.809 rows=1380035 loops=1)
  ->  Hash  (cost=174489.84..174489.84 rows=162772 width=8) (actual time=3095.796..3095.796 rows=319376 loops=1)
        Buckets: 131072 (originally 131072)  Batches: 8 (originally 4)  Memory Usage: 3073kB
        ->  Hash Join  (cost=102767.86..174489.84 rows=162772 width=8) (actual time=1637.458..3002.520 rows=319376 loops=1)
              Hash Cond: (mc.movie_id = t.id)
              ->  Seq Scan on movie_companies mc  (cost=0.00..57926.93 rows=162772 width=4) (actual time=0.015..749.495 rows=319376 loops=1)
                    Filter: ((company_id > 91549) AND (company_type_id = 2))
                    Rows Removed by Filter: 2289753
              ->  Hash  (cost=61283.27..61283.27 rows=2528527 width=4) (actual time=1636.561..1636.561 rows=2528312 loops=1)
                    Buckets: 131072  Batches: 64  Memory Usage: 2415kB
                    ->  Seq Scan on title t  (cost=0.00..61283.27 rows=2528527 width=4) (actual time=0.003..834.508 rows=2528312 loops=1)
Planning time: 1.167 ms
Execution time: 4166.516 ms
