Hash Join  (cost=992998.61..1526642.16 rows=8993671 width=0) (actual time=18280.411..39259.452 rows=58130680 loops=1)
  Hash Cond: (mi.movie_id = t.id)
  ->  Seq Scan on movie_info mi  (cost=0.00..346232.03 rows=5263441 width=4) (actual time=315.879..4810.860 rows=5270569 loops=1)
        Filter: (info_type_id > 15)
        Rows Removed by Filter: 9565151
  ->  Hash  (cost=922115.26..922115.26 rows=4320508 width=8) (actual time=17962.693..17962.693 rows=4323018 loops=1)
        Buckets: 131072  Batches: 64  Memory Usage: 3697kB
        ->  Hash Join  (cost=102767.86..922115.26 rows=4320508 width=8) (actual time=2982.597..16687.387 rows=4323018 loops=1)
              Hash Cond: (ci.movie_id = t.id)
              ->  Seq Scan on cast_info ci  (cost=0.00..705507.15 rows=4320508 width=4) (actual time=1296.454..11191.351 rows=4323018 loops=1)
                    Filter: (role_id = 10)
                    Rows Removed by Filter: 31921326
              ->  Hash  (cost=61283.27..61283.27 rows=2528527 width=4) (actual time=1684.212..1684.212 rows=2528312 loops=1)
                    Buckets: 131072  Batches: 64  Memory Usage: 2415kB
                    ->  Seq Scan on title t  (cost=0.00..61283.27 rows=2528527 width=4) (actual time=0.031..841.700 rows=2528312 loops=1)
Planning time: 1.071 ms
Execution time: 45459.207 ms
