Hash Join  (cost=137335.56..954639.17 rows=1136878 width=0) (actual time=4443.558..19080.862 rows=4298643 loops=1)
  Hash Cond: (ci.movie_id = t.id)
  ->  Seq Scan on cast_info ci  (cost=0.00..705507.15 rows=8572187 width=4) (actual time=1823.062..11600.278 rows=8486314 loops=1)
        Filter: (role_id > 5)
        Rows Removed by Filter: 27758030
  ->  Hash  (cost=131833.77..131833.77 rows=335343 width=8) (actual time=2619.526..2619.526 rows=623556 loops=1)
        Buckets: 131072 (originally 131072)  Batches: 16 (originally 8)  Memory Usage: 4083kB
        ->  Hash Join  (cost=89062.44..131833.77 rows=335343 width=8) (actual time=1344.321..2481.146 rows=623556 loops=1)
              Hash Cond: (mi_idx.movie_id = t.id)
              ->  Seq Scan on movie_info_idx mi_idx  (cost=0.00..25185.44 rows=919057 width=4) (actual time=0.029..475.371 rows=920110 loops=1)
                    Filter: (info_type_id > 99)
                    Rows Removed by Filter: 459925
              ->  Hash  (cost=73925.90..73925.90 rows=922603 width=4) (actual time=1343.396..1343.396 rows=879202 loops=1)
                    Buckets: 131072  Batches: 16  Memory Usage: 2956kB
                    ->  Seq Scan on title t  (cost=0.00..73925.90 rows=922603 width=4) (actual time=0.363..1070.496 rows=879202 loops=1)
                          Filter: ((kind_id < 7) AND (production_year > 1923))
                          Rows Removed by Filter: 1649110
Planning time: 1.191 ms
Execution time: 19489.916 ms
