Nested Loop  (cost=0.43..83071.67 rows=246 width=0) (actual time=54.200..1150.664 rows=8 loops=1)
  ->  Seq Scan on movie_keyword mk  (cost=0.00..81003.12 rows=246 width=4) (actual time=54.104..1150.088 rows=8 loops=1)
        Filter: (keyword_id = 41313)
        Rows Removed by Filter: 4523922
  ->  Index Only Scan using title_pkey on title t  (cost=0.43..8.40 rows=1 width=4) (actual time=0.063..0.064 rows=1 loops=8)
        Index Cond: (id = mk.movie_id)
        Heap Fetches: 8
Planning time: 0.730 ms
Execution time: 1150.726 ms
