Seq Scan on cast_info ci  (cost=0.00..705507.15 rows=21294389 width=0) (actual time=0.038..10505.647 rows=21146716 loops=1)
  Filter: (person_id < 2135888)
  Rows Removed by Filter: 15097628
Planning time: 0.990 ms
Execution time: 13154.926 ms
