Hash Join  (cost=83073.10..137739.29 rows=67 width=0) (actual time=1129.509..1984.964 rows=4466 loops=1)
  Hash Cond: (mc.movie_id = t.id)
  ->  Seq Scan on movie_companies mc  (cost=0.00..44881.29 rows=2609129 width=4) (actual time=0.022..485.268 rows=2609129 loops=1)
  ->  Hash  (cost=83072.29..83072.29 rows=65 width=8) (actual time=1056.498..1056.498 rows=341 loops=1)
        Buckets: 1024  Batches: 1  Memory Usage: 22kB
        ->  Nested Loop  (cost=0.43..83072.29 rows=65 width=8) (actual time=2.481..1056.207 rows=341 loops=1)
              ->  Seq Scan on movie_keyword mk  (cost=0.00..81003.12 rows=246 width=4) (actual time=2.435..1044.313 rows=426 loops=1)
                    Filter: (keyword_id = 4208)
                    Rows Removed by Filter: 4523504
              ->  Index Scan using title_pkey on title t  (cost=0.43..8.40 rows=1 width=4) (actual time=0.026..0.026 rows=1 loops=426)
                    Index Cond: (id = mk.movie_id)
                    Filter: (kind_id = 1)
                    Rows Removed by Filter: 0
Planning time: 2.186 ms
Execution time: 1985.827 ms
