Hash Join  (cost=52284.99..138944.89 rows=186 width=0) (actual time=861.076..2573.322 rows=399 loops=1)
  Hash Cond: (mk.movie_id = t.id)
  ->  Seq Scan on movie_keyword mk  (cost=0.00..69693.30 rows=4523930 width=4) (actual time=0.023..1000.289 rows=4523930 loops=1)
  ->  Hash  (cost=52283.69..52283.69 rows=104 width=8) (actual time=813.930..813.930 rows=98 loops=1)
        Buckets: 1024  Batches: 1  Memory Usage: 12kB
        ->  Nested Loop  (cost=0.43..52283.69 rows=104 width=8) (actual time=477.786..813.840 rows=98 loops=1)
              ->  Seq Scan on movie_companies mc  (cost=0.00..51404.11 rows=104 width=4) (actual time=477.692..810.597 rows=98 loops=1)
                    Filter: (company_id = 12074)
                    Rows Removed by Filter: 2609031
              ->  Index Only Scan using title_pkey on title t  (cost=0.43..8.45 rows=1 width=4) (actual time=0.030..0.031 rows=1 loops=98)
                    Index Cond: (id = mc.movie_id)
                    Heap Fetches: 98
Planning time: 1.188 ms
Execution time: 2573.513 ms
