Hash Join  (cost=839371.36..1592105.09 rows=3131807 width=0) (actual time=18676.033..36346.868 rows=16058806 loops=1)
  Hash Cond: (mi.movie_id = t.id)
  ->  Seq Scan on movie_info mi  (cost=0.00..309384.22 rows=14739122 width=4) (actual time=0.020..4753.021 rows=14835720 loops=1)
  ->  Hash  (cost=830556.51..830556.51 rows=537268 width=8) (actual time=18674.235..18674.235 rows=547979 loops=1)
        Buckets: 131072  Batches: 8  Memory Usage: 3916kB
        ->  Hash Join  (cost=74394.67..830556.51 rows=537268 width=8) (actual time=893.216..17795.245 rows=547979 loops=1)
              Hash Cond: (ci.movie_id = t.id)
              ->  Seq Scan on cast_info ci  (cost=0.00..614943.12 rows=36225612 width=4) (actual time=0.023..6930.374 rows=36244344 loops=1)
              ->  Hash  (cost=73925.90..73925.90 rows=37501 width=4) (actual time=892.781..892.781 rows=32253 loops=1)
                    Buckets: 65536  Batches: 1  Memory Usage: 1646kB
                    ->  Seq Scan on title t  (cost=0.00..73925.90 rows=37501 width=4) (actual time=0.140..879.057 rows=32253 loops=1)
                          Filter: ((kind_id < 7) AND (production_year = 2005))
                          Rows Removed by Filter: 2496059
Planning time: 1.249 ms
Execution time: 38093.381 ms
