Seq Scan on movie_companies mc  (cost=0.00..57926.93 rows=1053780 width=0) (actual time=0.038..886.553 rows=788412 loops=1)
  Filter: ((company_id < 71983) AND (company_type_id = 2))
  Rows Removed by Filter: 1820717
Planning time: 0.360 ms
Execution time: 981.363 ms
