Seq Scan on movie_companies mc  (cost=0.00..51404.11 rows=104 width=0) (actual time=98.098..640.809 rows=3 loops=1)
  Filter: (company_id = 51428)
  Rows Removed by Filter: 2609126
Planning time: 0.370 ms
Execution time: 640.878 ms
