Hash Join  (cost=912586.38..1333926.58 rows=141257 width=0) (actual time=14398.985..21727.774 rows=341723 loops=1)
  Hash Cond: (mi.movie_id = t.id)
  ->  Seq Scan on movie_info mi  (cost=0.00..309384.22 rows=14739122 width=4) (actual time=0.012..3205.914 rows=14835720 loops=1)
  ->  Hash  (cost=912283.46..912283.46 rows=24233 width=8) (actual time=14398.664..14398.664 rows=57852 loops=1)
        Buckets: 65536 (originally 32768)  Batches: 1 (originally 1)  Memory Usage: 2772kB
        ->  Hash Join  (cost=73994.33..912283.46 rows=24233 width=8) (actual time=922.257..14371.217 rows=57852 loops=1)
              Hash Cond: (ci.movie_id = t.id)
              ->  Seq Scan on cast_info ci  (cost=0.00..796071.18 rows=11193500 width=4) (actual time=0.025..11598.763 rows=8947533 loops=1)
                    Filter: ((person_id > 2324984) AND (role_id < 9))
                    Rows Removed by Filter: 27296811
              ->  Hash  (cost=73925.90..73925.90 rows=5474 width=4) (actual time=922.180..922.180 rows=17579 loops=1)
                    Buckets: 32768 (originally 8192)  Batches: 1 (originally 1)  Memory Usage: 875kB
                    ->  Seq Scan on title t  (cost=0.00..73925.90 rows=5474 width=4) (actual time=0.144..914.319 rows=17579 loops=1)
                          Filter: ((kind_id > 1) AND (production_year = 1990))
                          Rows Removed by Filter: 2510733
Planning time: 1.194 ms
Execution time: 21772.662 ms
