Hash Join  (cost=314560.14..1032937.88 rows=16459225 width=0) (actual time=6491.473..54548.646 rows=149175908 loops=1)
  Hash Cond: (mi.movie_id = t.id)
  ->  Seq Scan on movie_info mi  (cost=0.00..346232.03 rows=13929354 width=4) (actual time=0.019..6126.096 rows=14033580 loops=1)
        Filter: (info_type_id > 1)
        Rows Removed by Filter: 802140
  ->  Hash  (cost=265542.11..265542.11 rows=2987762 width=8) (actual time=6490.546..6490.546 rows=2973000 loops=1)
        Buckets: 131072  Batches: 64  Memory Usage: 2941kB
        ->  Hash Join  (cost=102767.86..265542.11 rows=2987762 width=8) (actual time=1576.368..5652.547 rows=2973000 loops=1)
              Hash Cond: (mk.movie_id = t.id)
              ->  Seq Scan on movie_keyword mk  (cost=0.00..81003.12 rows=2987762 width=4) (actual time=0.018..1476.786 rows=2973000 loops=1)
                    Filter: (keyword_id < 10175)
                    Rows Removed by Filter: 1550930
              ->  Hash  (cost=61283.27..61283.27 rows=2528527 width=4) (actual time=1574.310..1574.310 rows=2528312 loops=1)
                    Buckets: 131072  Batches: 64  Memory Usage: 2425kB
                    ->  Seq Scan on title t  (cost=0.00..61283.27 rows=2528527 width=4) (actual time=0.024..763.404 rows=2528312 loops=1)
Planning time: 1.104 ms
Execution time: 71234.490 ms
