Hash Join  (cost=75628.29..561885.67 rows=604545 width=0) (actual time=1264.820..14524.491 rows=2405164 loops=1)
  Hash Cond: (mi.movie_id = t.id)
  ->  Seq Scan on movie_info mi  (cost=0.00..309384.22 rows=14739122 width=4) (actual time=0.023..6261.795 rows=14835720 loops=1)
  ->  Hash  (cost=73925.90..73925.90 rows=103711 width=4) (actual time=1263.955..1263.955 rows=203434 loops=1)
        Buckets: 131072 (originally 131072)  Batches: 4 (originally 2)  Memory Usage: 3073kB
        ->  Seq Scan on title t  (cost=0.00..73925.90 rows=103711 width=4) (actual time=0.026..1185.051 rows=203434 loops=1)
              Filter: ((kind_id < 7) AND (production_year < 1962))
              Rows Removed by Filter: 2324878
Planning time: 0.717 ms
Execution time: 14806.056 ms
