Hash Join  (cost=74255.97..101233.46 rows=4855 width=0) (actual time=897.718..1395.035 rows=10606 loops=1)
  Hash Cond: (mi_idx.movie_id = t.id)
  ->  Seq Scan on movie_info_idx mi_idx  (cost=0.00..25185.44 rows=464934 width=4) (actual time=0.026..377.977 rows=460185 loops=1)
        Filter: (info_type_id > 100)
        Rows Removed by Filter: 919850
  ->  Hash  (cost=73925.90..73925.90 rows=26405 width=4) (actual time=897.484..897.484 rows=23926 loops=1)
        Buckets: 32768  Batches: 1  Memory Usage: 1098kB
        ->  Seq Scan on title t  (cost=0.00..73925.90 rows=26405 width=4) (actual time=0.063..887.511 rows=23926 loops=1)
              Filter: ((kind_id < 7) AND (production_year = 2003))
              Rows Removed by Filter: 2504386
Planning time: 0.712 ms
Execution time: 1397.187 ms
