Seq Scan on cast_info ci  (cost=0.00..705507.15 rows=5464078 width=0) (actual time=1407.430..9474.336 rows=5535604 loops=1)
  Filter: (person_id > 3099797)
  Rows Removed by Filter: 30708740
Planning time: 0.293 ms
Execution time: 10165.575 ms
