Hash Join  (cost=83075.20..139278.68 rows=118 width=0) (actual time=1091.728..1990.429 rows=658 loops=1)
  Hash Cond: (mc.movie_id = t.id)
  ->  Seq Scan on movie_companies mc  (cost=0.00..51404.11 rows=1279517 width=4) (actual time=25.893..755.730 rows=1274246 loops=1)
        Filter: (company_type_id = 1)
        Rows Removed by Filter: 1334883
  ->  Hash  (cost=83072.29..83072.29 rows=233 width=8) (actual time=1062.216..1062.216 rows=115 loops=1)
        Buckets: 1024  Batches: 1  Memory Usage: 13kB
        ->  Nested Loop  (cost=0.43..83072.29 rows=233 width=8) (actual time=0.827..1062.098 rows=115 loops=1)
              ->  Seq Scan on movie_keyword mk  (cost=0.00..81003.12 rows=246 width=4) (actual time=0.779..1058.674 rows=116 loops=1)
                    Filter: (keyword_id = 3461)
                    Rows Removed by Filter: 4523814
              ->  Index Scan using title_pkey on title t  (cost=0.43..8.40 rows=1 width=4) (actual time=0.026..0.027 rows=1 loops=116)
                    Index Cond: (id = mk.movie_id)
                    Filter: (production_year < 2013)
                    Rows Removed by Filter: 0
Planning time: 1.108 ms
Execution time: 1990.710 ms
