Seq Scan on movie_companies mc  (cost=0.00..57926.93 rows=1163296 width=0) (actual time=0.010..1042.163 rows=1274246 loops=1)
  Filter: ((company_id < 103288) AND (company_type_id < 2))
  Rows Removed by Filter: 1334883
Planning time: 0.296 ms
Execution time: 1204.244 ms
