Hash Join  (cost=75628.47..203532.83 rows=159299 width=0) (actual time=934.439..3360.765 rows=134106 loops=1)
  Hash Cond: (mk.movie_id = t.id)
  ->  Seq Scan on movie_keyword mk  (cost=0.00..81003.12 rows=3883267 width=4) (actual time=0.020..1324.015 rows=3871609 loops=1)
        Filter: (keyword_id < 28819)
        Rows Removed by Filter: 652321
  ->  Hash  (cost=73925.90..73925.90 rows=103725 width=4) (actual time=933.529..933.529 rows=98992 loops=1)
        Buckets: 131072  Batches: 2  Memory Usage: 2766kB
        ->  Seq Scan on title t  (cost=0.00..73925.90 rows=103725 width=4) (actual time=337.615..897.773 rows=98992 loops=1)
              Filter: ((production_year > 2010) AND (kind_id = 1))
              Rows Removed by Filter: 2429320
Planning time: 0.776 ms
Execution time: 3378.204 ms
