Hash Join  (cost=109031.43..859147.47 rows=275918 width=0) (actual time=2229.054..15705.001 rows=552003 loops=1)
  Hash Cond: (ci.movie_id = t.id)
  ->  Seq Scan on cast_info ci  (cost=0.00..705507.15 rows=11159926 width=4) (actual time=519.283..9467.100 rows=11085775 loops=1)
        Filter: (person_id < 1087594)
        Rows Removed by Filter: 25158569
  ->  Hash  (cost=108249.99..108249.99 rows=62515 width=8) (actual time=1703.096..1703.096 rows=83550 loops=1)
        Buckets: 131072 (originally 65536)  Batches: 2 (originally 1)  Memory Usage: 3073kB
        ->  Hash Join  (cost=69484.36..108249.99 rows=62515 width=8) (actual time=834.603..1671.900 rows=83550 loops=1)
              Hash Cond: (mi_idx.movie_id = t.id)
              ->  Seq Scan on movie_info_idx mi_idx  (cost=0.00..21735.35 rows=1380035 width=4) (actual time=0.016..353.189 rows=1380035 loops=1)
              ->  Hash  (cost=67604.59..67604.59 rows=114542 width=4) (actual time=833.727..833.727 rows=118234 loops=1)
                    Buckets: 131072  Batches: 2  Memory Usage: 3101kB
                    ->  Seq Scan on title t  (cost=0.00..67604.59 rows=114542 width=4) (actual time=150.009..792.518 rows=118234 loops=1)
                          Filter: (kind_id = 4)
                          Rows Removed by Filter: 2410078
Planning time: 1.212 ms
Execution time: 15772.225 ms
