Seq Scan on cast_info ci  (cost=0.00..796071.18 rows=17273182 width=0) (actual time=1648.753..13489.513 rows=16608057 loops=1)
  Filter: ((person_id > 471615) AND (role_id < 3))
  Rows Removed by Filter: 19636287
Planning time: 0.346 ms
Execution time: 15466.982 ms
