Hash Join  (cost=227945.02..1178389.06 rows=5429701 width=0) (actual time=6140.011..27966.648 rows=15840861 loops=1)
  Hash Cond: (ci.movie_id = t.id)
  ->  Seq Scan on cast_info ci  (cost=0.00..705507.15 rows=16201301 width=4) (actual time=1801.436..12486.601 rows=16121683 loops=1)
        Filter: (role_id > 2)
        Rows Removed by Filter: 20122661
  ->  Hash  (cost=214041.40..214041.40 rows=847410 width=8) (actual time=4337.341..4337.341 rows=849012 loops=1)
        Buckets: 131072  Batches: 16  Memory Usage: 3123kB
        ->  Hash Join  (cost=102767.86..214041.40 rows=847410 width=8) (actual time=1721.808..4074.285 rows=849012 loops=1)
              Hash Cond: (mk.movie_id = t.id)
              ->  Seq Scan on movie_keyword mk  (cost=0.00..81003.12 rows=847410 width=4) (actual time=0.044..1218.327 rows=849012 loops=1)
                    Filter: (keyword_id < 813)
                    Rows Removed by Filter: 3674918
              ->  Hash  (cost=61283.27..61283.27 rows=2528527 width=4) (actual time=1715.262..1715.262 rows=2528312 loops=1)
                    Buckets: 131072  Batches: 64  Memory Usage: 2425kB
                    ->  Seq Scan on title t  (cost=0.00..61283.27 rows=2528527 width=4) (actual time=0.021..835.899 rows=2528312 loops=1)
Planning time: 1.131 ms
Execution time: 29705.012 ms
