Hash Join  (cost=615588.04..1633932.16 rows=10023632 width=0) (actual time=15892.666..28335.847 rows=5803608 loops=1)
  Hash Cond: (ci.movie_id = t.id)
  ->  Seq Scan on cast_info ci  (cost=0.00..796071.18 rows=7052882 width=4) (actual time=6225.272..13375.033 rows=8181170 loops=1)
        Filter: ((person_id > 895747) AND (role_id > 4))
        Rows Removed by Filter: 28063174
  ->  Hash  (cost=556630.42..556630.42 rows=3593570 width=8) (actual time=9664.520..9664.520 rows=1079219 loops=1)
        Buckets: 131072  Batches: 64  Memory Usage: 1666kB
        ->  Hash Join  (cost=92883.59..556630.42 rows=3593570 width=8) (actual time=1561.627..9377.050 rows=1079219 loops=1)
              Hash Cond: (mi.movie_id = t.id)
              ->  Seq Scan on movie_info mi  (cost=0.00..346232.03 rows=5897221 width=4) (actual time=37.678..4684.523 rows=5884963 loops=1)
                    Filter: (info_type_id < 7)
                    Rows Removed by Filter: 8950757
              ->  Hash  (cost=67604.59..67604.59 rows=1540800 width=4) (actual time=1523.179..1523.179 rows=1543264 loops=1)
                    Buckets: 131072  Batches: 32  Memory Usage: 2728kB
                    ->  Seq Scan on title t  (cost=0.00..67604.59 rows=1540800 width=4) (actual time=0.019..1011.094 rows=1543264 loops=1)
                          Filter: (kind_id = 7)
                          Rows Removed by Filter: 985048
Planning time: 1.175 ms
Execution time: 28957.300 ms
