Seq Scan on movie_companies mc  (cost=0.00..51404.11 rows=552061 width=0) (actual time=298.000..707.823 rows=557183 loops=1)
  Filter: (company_id > 71718)
  Rows Removed by Filter: 2051946
Planning time: 0.587 ms
Execution time: 781.916 ms
