Hash Join  (cost=1357945.00..2712420.18 rows=64706823 width=0) (actual time=32052.718..97888.586 rows=179556040 loops=1)
  Hash Cond: (mi.movie_id = t.id)
  ->  Seq Scan on movie_info mi  (cost=0.00..309384.22 rows=14739122 width=4) (actual time=0.015..4229.357 rows=14835720 loops=1)
  ->  Hash  (cost=1175825.62..1175825.62 rows=11100590 width=8) (actual time=32050.445..32050.445 rows=12964200 loops=1)
        Buckets: 131072  Batches: 256  Memory Usage: 3071kB
        ->  Hash Join  (cost=102767.86..1175825.62 rows=11100590 width=8) (actual time=4117.602..27102.067 rows=12964200 loops=1)
              Hash Cond: (ci.movie_id = t.id)
              ->  Seq Scan on cast_info ci  (cost=0.00..796071.18 rows=11100590 width=4) (actual time=2480.061..14103.671 rows=12964200 loops=1)
                    Filter: ((person_id > 1111733) AND (role_id > 2))
                    Rows Removed by Filter: 23280144
              ->  Hash  (cost=61283.27..61283.27 rows=2528527 width=4) (actual time=1636.657..1636.657 rows=2528312 loops=1)
                    Buckets: 131072  Batches: 64  Memory Usage: 2415kB
                    ->  Seq Scan on title t  (cost=0.00..61283.27 rows=2528527 width=4) (actual time=0.017..804.182 rows=2528312 loops=1)
Planning time: 1.162 ms
Execution time: 118707.813 ms
