Hash Join  (cost=73953.78..447382.87 rows=6381 width=0) (actual time=885.975..6853.912 rows=34176 loops=1)
  Hash Cond: (mi.movie_id = t.id)
  ->  Seq Scan on movie_info mi  (cost=0.00..346232.03 rows=7235534 width=4) (actual time=0.024..4759.719 rows=7286865 loops=1)
        Filter: (info_type_id < 8)
        Rows Removed by Filter: 7548855
  ->  Hash  (cost=73925.90..73925.90 rows=2230 width=4) (actual time=885.537..885.537 rows=6160 loops=1)
        Buckets: 8192 (originally 4096)  Batches: 1 (originally 1)  Memory Usage: 281kB
        ->  Seq Scan on title t  (cost=0.00..73925.90 rows=2230 width=4) (actual time=0.055..882.562 rows=6160 loops=1)
              Filter: ((kind_id < 3) AND (production_year = 1991))
              Rows Removed by Filter: 2522152
Planning time: 0.770 ms
Execution time: 6860.033 ms
