Seq Scan on cast_info ci  (cost=0.00..705507.15 rows=500 width=0) (actual time=1403.551..11115.172 rows=2 loops=1)
  Filter: (person_id = 3783904)
  Rows Removed by Filter: 36244342
Planning time: 0.360 ms
Execution time: 11115.241 ms
