Seq Scan on cast_info ci  (cost=0.00..796071.18 rows=201742 width=0) (actual time=7854.282..10950.579 rows=256899 loops=1)
  Filter: ((person_id > 1501238) AND (role_id > 10))
  Rows Removed by Filter: 35987445
Planning time: 0.336 ms
Execution time: 10972.856 ms
