Hash Join  (cost=207546.80..1162492.14 rows=5854031 width=0) (actual time=3543.175..24851.811 rows=6705885 loops=1)
  Hash Cond: (ci.movie_id = t.id)
  ->  Seq Scan on cast_info ci  (cost=0.00..705507.15 rows=16201301 width=4) (actual time=0.017..12527.473 rows=16121683 loops=1)
        Filter: (role_id > 2)
        Rows Removed by Filter: 20122661
  ->  Hash  (cost=192557.36..192557.36 rows=913635 width=8) (actual time=3542.353..3542.353 rows=591643 loops=1)
        Buckets: 131072  Batches: 16  Memory Usage: 2458kB
        ->  Hash Join  (cost=102767.86..192557.36 rows=913635 width=8) (actual time=1769.662..3394.417 rows=591643 loops=1)
              Hash Cond: (mc.movie_id = t.id)
              ->  Seq Scan on movie_companies mc  (cost=0.00..57926.93 rows=913635 width=4) (actual time=59.041..900.995 rows=591643 loops=1)
                    Filter: ((company_id < 27959) AND (company_type_id = 2))
                    Rows Removed by Filter: 2017486
              ->  Hash  (cost=61283.27..61283.27 rows=2528527 width=4) (actual time=1709.409..1709.409 rows=2528312 loops=1)
                    Buckets: 131072  Batches: 64  Memory Usage: 2415kB
                    ->  Seq Scan on title t  (cost=0.00..61283.27 rows=2528527 width=4) (actual time=0.016..851.390 rows=2528312 loops=1)
Planning time: 1.134 ms
Execution time: 25490.937 ms
