Hash Join  (cost=79930.86..933465.95 rows=1114770 width=0) (actual time=1118.908..16679.535 rows=1790767 loops=1)
  Hash Cond: (ci.movie_id = t.id)
  ->  Seq Scan on cast_info ci  (cost=0.00..796071.18 rows=3751789 width=4) (actual time=0.065..11244.923 rows=8351903 loops=1)
        Filter: ((person_id > 2848110) AND (role_id > 2))
        Rows Removed by Filter: 27892441
  ->  Hash  (cost=67604.59..67604.59 rows=751302 width=4) (actual time=1117.772..1117.772 rows=755902 loops=1)
        Buckets: 131072  Batches: 16  Memory Usage: 2685kB
        ->  Seq Scan on title t  (cost=0.00..67604.59 rows=751302 width=4) (actual time=0.020..892.110 rows=755902 loops=1)
              Filter: (production_year < 1993)
              Rows Removed by Filter: 1772410
Planning time: 0.820 ms
Execution time: 16859.141 ms
