Hash Join  (cost=102767.86..1512820.50 rows=25105567 width=0) (actual time=1489.894..39576.782 rows=27941906 loops=1)
  Hash Cond: (ci.movie_id = t.id)
  ->  Seq Scan on cast_info ci  (cost=0.00..796071.18 rows=25105567 width=4) (actual time=0.020..16671.205 rows=27941906 loops=1)
        Filter: ((person_id < 3285636) AND (role_id < 7))
        Rows Removed by Filter: 8302438
  ->  Hash  (cost=61283.27..61283.27 rows=2528527 width=4) (actual time=1488.350..1488.350 rows=2528312 loops=1)
        Buckets: 131072  Batches: 64  Memory Usage: 2415kB
        ->  Seq Scan on title t  (cost=0.00..61283.27 rows=2528527 width=4) (actual time=0.024..738.645 rows=2528312 loops=1)
Planning time: 3.386 ms
Execution time: 42544.346 ms
