Hash Join  (cost=123360.54..517251.57 rows=16439 width=0) (actual time=1707.976..9326.144 rows=151060 loops=1)
  Hash Cond: (mi.movie_id = t.id)
  ->  Seq Scan on movie_info mi  (cost=0.00..346232.03 rows=12665229 width=4) (actual time=0.011..5341.205 rows=12744652 loops=1)
        Filter: (info_type_id > 2)
        Rows Removed by Filter: 2091068
  ->  Hash  (cost=123319.52..123319.52 rows=3282 width=8) (actual time=1707.510..1707.510 rows=7926 loops=1)
        Buckets: 8192 (originally 4096)  Batches: 1 (originally 1)  Memory Usage: 374kB
        ->  Hash Join  (cost=67697.55..123319.52 rows=3282 width=8) (actual time=821.816..1704.261 rows=7926 loops=1)
              Hash Cond: (mc.movie_id = t.id)
              ->  Seq Scan on movie_companies mc  (cost=0.00..51404.11 rows=1116009 width=4) (actual time=0.013..677.276 rows=1127289 loops=1)
                    Filter: (company_id > 13588)
                    Rows Removed by Filter: 1481840
              ->  Hash  (cost=67604.59..67604.59 rows=7437 width=4) (actual time=821.749..821.749 rows=16571 loops=1)
                    Buckets: 32768 (originally 8192)  Batches: 1 (originally 1)  Memory Usage: 839kB
                    ->  Seq Scan on title t  (cost=0.00..67604.59 rows=7437 width=4) (actual time=0.054..813.876 rows=16571 loops=1)
                          Filter: (production_year = 1984)
                          Rows Removed by Filter: 2511741
Planning time: 1.195 ms
Execution time: 9348.153 ms
