Seq Scan on movie_companies mc  (cost=0.00..51404.11 rows=664862 width=0) (actual time=4.347..570.066 rows=670442 loops=1)
  Filter: (company_id > 50569)
  Rows Removed by Filter: 1938687
Planning time: 0.946 ms
Execution time: 641.440 ms
