Hash Join  (cost=140197.13..277638.38 rows=728231 width=0) (actual time=3220.168..6518.389 rows=530724 loops=1)
  Hash Cond: (mk.movie_id = t.id)
  ->  Seq Scan on movie_keyword mk  (cost=0.00..81003.12 rows=4099418 width=4) (actual time=0.028..1510.068 rows=4087742 loops=1)
        Filter: (keyword_id > 335)
        Rows Removed by Filter: 436188
  ->  Hash  (cost=132827.45..132827.45 rows=449174 width=8) (actual time=3205.643..3205.643 rows=251721 loops=1)
        Buckets: 131072  Batches: 8  Memory Usage: 2265kB
        ->  Hash Join  (cost=87428.23..132827.45 rows=449174 width=8) (actual time=1286.415..3122.625 rows=251721 loops=1)
              Hash Cond: (mi_idx.movie_id = t.id)
              ->  Seq Scan on movie_info_idx mi_idx  (cost=0.00..21735.35 rows=1380035 width=4) (actual time=0.014..339.023 rows=1380035 loops=1)
              ->  Hash  (cost=73925.90..73925.90 rows=822986 width=4) (actual time=1285.598..1285.598 rows=738761 loops=1)
                    Buckets: 131072  Batches: 16  Memory Usage: 2648kB
                    ->  Seq Scan on title t  (cost=0.00..73925.90 rows=822986 width=4) (actual time=0.018..1051.219 rows=738761 loops=1)
                          Filter: ((production_year < 2005) AND (kind_id = 7))
                          Rows Removed by Filter: 1789551
Planning time: 7.350 ms
Execution time: 6587.990 ms
