Hash Join  (cost=82871.49..156087.86 rows=206841 width=0) (actual time=1648.431..2909.432 rows=525761 loops=1)
  Hash Cond: (mc.movie_id = t.id)
  ->  Seq Scan on movie_companies mc  (cost=0.00..57926.93 rows=959206 width=4) (actual time=163.570..974.926 rows=1125054 loops=1)
        Filter: ((company_id > 1396) AND (company_type_id > 1))
        Rows Removed by Filter: 1484075
  ->  Hash  (cost=73925.90..73925.90 rows=545247 width=4) (actual time=1165.188..1165.188 rows=557319 loops=1)
        Buckets: 131072  Batches: 8  Memory Usage: 3485kB
        ->  Seq Scan on title t  (cost=0.00..73925.90 rows=545247 width=4) (actual time=0.526..1001.834 rows=557319 loops=1)
              Filter: ((production_year < 2011) AND (kind_id = 1))
              Rows Removed by Filter: 1970993
Planning time: 0.758 ms
Execution time: 2973.762 ms
