Hash Join  (cost=491650.71..1600475.01 rows=8679296 width=0) (actual time=7479.844..37260.098 rows=12112144 loops=1)
  Hash Cond: (ci.movie_id = t.id)
  ->  Seq Scan on cast_info ci  (cost=0.00..705507.15 rows=27101384 width=4) (actual time=0.015..12934.405 rows=27116316 loops=1)
        Filter: (person_id < 2785908)
        Rows Removed by Filter: 9128028
  ->  Hash  (cost=478364.61..478364.61 rows=809768 width=8) (actual time=7478.950..7478.950 rows=802140 loops=1)
        Buckets: 131072  Batches: 16  Memory Usage: 2973kB
        ->  Hash Join  (cost=102767.86..478364.61 rows=809768 width=8) (actual time=4164.494..7272.773 rows=802140 loops=1)
              Hash Cond: (mi.movie_id = t.id)
              ->  Seq Scan on movie_info mi  (cost=0.00..346232.03 rows=809768 width=4) (actual time=2623.403..4167.170 rows=802140 loops=1)
                    Filter: (info_type_id < 2)
                    Rows Removed by Filter: 14033580
              ->  Hash  (cost=61283.27..61283.27 rows=2528527 width=4) (actual time=1540.011..1540.011 rows=2528312 loops=1)
                    Buckets: 131072  Batches: 64  Memory Usage: 2425kB
                    ->  Seq Scan on title t  (cost=0.00..61283.27 rows=2528527 width=4) (actual time=0.009..737.504 rows=2528312 loops=1)
Planning time: 1.144 ms
Execution time: 38486.203 ms
