Hash Join  (cost=102767.86..197767.88 rows=1130159 width=0) (actual time=1636.299..4835.076 rows=1274246 loops=1)
  Hash Cond: (mc.movie_id = t.id)
  ->  Seq Scan on movie_companies mc  (cost=0.00..57926.93 rows=1130159 width=4) (actual time=0.028..1102.444 rows=1274246 loops=1)
        Filter: ((company_id < 93316) AND (company_type_id < 2))
        Rows Removed by Filter: 1334883
  ->  Hash  (cost=61283.27..61283.27 rows=2528527 width=4) (actual time=1634.243..1634.243 rows=2528312 loops=1)
        Buckets: 131072  Batches: 64  Memory Usage: 2415kB
        ->  Seq Scan on title t  (cost=0.00..61283.27 rows=2528527 width=4) (actual time=0.019..778.138 rows=2528312 loops=1)
Planning time: 0.732 ms
Execution time: 4973.395 ms
