Seq Scan on movie_keyword mk  (cost=0.00..81003.12 rows=3278774 width=0) (actual time=0.013..1552.220 rows=3264839 loops=1)
  Filter: (keyword_id > 1605)
  Rows Removed by Filter: 1259091
Planning time: 0.174 ms
Execution time: 1943.630 ms
