Hash Join  (cost=58375.85..145034.83 rows=95 width=0) (actual time=713.321..2275.553 rows=323 loops=1)
  Hash Cond: (mk.movie_id = t.id)
  ->  Seq Scan on movie_keyword mk  (cost=0.00..69693.30 rows=4523930 width=4) (actual time=0.012..786.250 rows=4523930 loops=1)
  ->  Hash  (cost=58375.18..58375.18 rows=53 width=8) (actual time=705.254..705.254 rows=49 loops=1)
        Buckets: 1024  Batches: 1  Memory Usage: 10kB
        ->  Nested Loop  (cost=0.43..58375.18 rows=53 width=8) (actual time=55.153..705.201 rows=49 loops=1)
              ->  Seq Scan on movie_companies mc  (cost=0.00..57926.93 rows=53 width=4) (actual time=55.035..699.733 rows=49 loops=1)
                    Filter: ((company_id = 2440) AND (company_type_id = 2))
                    Rows Removed by Filter: 2609080
              ->  Index Only Scan using title_pkey on title t  (cost=0.43..8.45 rows=1 width=4) (actual time=0.109..0.109 rows=1 loops=49)
                    Index Cond: (id = mc.movie_id)
                    Heap Fetches: 49
Planning time: 1.131 ms
Execution time: 2275.715 ms
