Hash Join  (cost=92883.59..150952.91 rows=20775 width=0) (actual time=1639.136..2469.210 rows=30233 loops=1)
  Hash Cond: (mc.movie_id = t.id)
  ->  Seq Scan on movie_companies mc  (cost=0.00..51404.11 rows=34093 width=4) (actual time=0.607..674.541 rows=36136 loops=1)
        Filter: (company_id = 160)
        Rows Removed by Filter: 2572993
  ->  Hash  (cost=67604.59..67604.59 rows=1540800 width=4) (actual time=1516.243..1516.243 rows=1543264 loops=1)
        Buckets: 131072  Batches: 32  Memory Usage: 2722kB
        ->  Seq Scan on title t  (cost=0.00..67604.59 rows=1540800 width=4) (actual time=0.013..1017.736 rows=1543264 loops=1)
              Filter: (kind_id = 7)
              Rows Removed by Filter: 985048
Planning time: 0.731 ms
Execution time: 2473.243 ms
