Hash Join  (cost=637586.34..2055790.75 rows=23457046 width=0) (actual time=13958.177..42637.722 rows=16260520 loops=1)
  Hash Cond: (ci.movie_id = t.id)
  ->  Seq Scan on cast_info ci  (cost=0.00..796071.18 rows=21142580 width=4) (actual time=1714.425..15773.080 rows=24319290 loops=1)
        Filter: ((person_id < 2756562) AND (role_id < 8))
        Rows Removed by Filter: 11925054
  ->  Hash  (cost=591560.80..591560.80 rows=2805323 width=8) (actual time=12242.486..12242.486 rows=1043249 loops=1)
        Buckets: 131072  Batches: 64  Memory Usage: 1654kB
        ->  Hash Join  (cost=81821.64..591560.80 rows=2805323 width=8) (actual time=1128.419..11962.054 rows=1043249 loops=1)
              Hash Cond: (mi.movie_id = t.id)
              ->  Seq Scan on movie_info mi  (cost=0.00..309384.22 rows=14739122 width=4) (actual time=0.027..4336.895 rows=14835720 loops=1)
              ->  Hash  (cost=73925.90..73925.90 rows=481259 width=4) (actual time=1127.414..1127.414 rows=518327 loops=1)
                    Buckets: 131072  Batches: 8  Memory Usage: 3307kB
                    ->  Seq Scan on title t  (cost=0.00..73925.90 rows=481259 width=4) (actual time=0.022..956.554 rows=518327 loops=1)
                          Filter: ((production_year > 2007) AND (kind_id = 7))
                          Rows Removed by Filter: 2009985
Planning time: 1.170 ms
Execution time: 44251.060 ms
