Hash Join  (cost=68438.72..898453.07 rows=818628 width=0) (actual time=698.749..18998.776 rows=856862 loops=1)
  Hash Cond: (ci.movie_id = t.id)
  ->  Seq Scan on cast_info ci  (cost=0.00..705507.15 rows=31018910 width=4) (actual time=0.009..9866.750 rows=31137900 loops=1)
        Filter: (person_id > 493953)
        Rows Removed by Filter: 5106444
  ->  Hash  (cost=67604.59..67604.59 rows=66731 width=4) (actual time=698.041..698.041 rows=67342 loops=1)
        Buckets: 131072  Batches: 1  Memory Usage: 3392kB
        ->  Seq Scan on title t  (cost=0.00..67604.59 rows=66731 width=4) (actual time=0.027..673.518 rows=67342 loops=1)
              Filter: (production_year > 2012)
              Rows Removed by Filter: 2460970
Planning time: 0.757 ms
Execution time: 19108.796 ms
