Nested Loop  (cost=0.43..52283.95 rows=41 width=0) (actual time=0.118..662.778 rows=951 loops=1)
  ->  Seq Scan on movie_companies mc  (cost=0.00..51404.11 rows=104 width=4) (actual time=0.075..648.698 rows=955 loops=1)
        Filter: (company_id = 2215)
        Rows Removed by Filter: 2608174
  ->  Index Scan using title_pkey on title t  (cost=0.43..8.45 rows=1 width=4) (actual time=0.014..0.014 rows=1 loops=955)
        Index Cond: (id = mc.movie_id)
        Filter: (kind_id < 7)
        Rows Removed by Filter: 0
Planning time: 0.757 ms
Execution time: 663.133 ms
