Hash Join  (cost=709678.15..765882.98 rows=253 width=0) (actual time=9429.839..10212.252 rows=960 loops=1)
  Hash Cond: (mc.movie_id = t.id)
  ->  Seq Scan on movie_companies mc  (cost=0.00..51404.11 rows=1279517 width=4) (actual time=136.464..732.616 rows=1274246 loops=1)
        Filter: (company_type_id < 2)
        Rows Removed by Filter: 1334883
  ->  Hash  (cost=709671.90..709671.90 rows=500 width=8) (actual time=9289.033..9289.033 rows=1297 loops=1)
        Buckets: 2048 (originally 1024)  Batches: 1 (originally 1)  Memory Usage: 67kB
        ->  Nested Loop  (cost=0.43..709671.90 rows=500 width=8) (actual time=604.336..9288.430 rows=1297 loops=1)
              ->  Seq Scan on cast_info ci  (cost=0.00..705507.15 rows=500 width=4) (actual time=604.242..9270.716 rows=1297 loops=1)
                    Filter: (person_id = 1082620)
                    Rows Removed by Filter: 36243047
              ->  Index Only Scan using title_pkey on title t  (cost=0.43..8.32 rows=1 width=4) (actual time=0.013..0.013 rows=1 loops=1297)
                    Index Cond: (id = ci.movie_id)
                    Heap Fetches: 1297
Planning time: 1.421 ms
Execution time: 10212.587 ms
