Hash Join  (cost=202649.95..240090.91 rows=80489 width=0) (actual time=3318.146..4389.800 rows=348040 loops=1)
  Hash Cond: (mi_idx.movie_id = t.id)
  ->  Seq Scan on movie_info_idx mi_idx  (cost=0.00..25185.44 rows=915101 width=4) (actual time=0.020..431.026 rows=919850 loops=1)
        Filter: (info_type_id < 101)
        Rows Removed by Filter: 460185
  ->  Hash  (cost=199000.97..199000.97 rows=222399 width=8) (actual time=3317.209..3317.209 rows=224270 loops=1)
        Buckets: 131072  Batches: 4  Memory Usage: 3223kB
        ->  Hash Join  (cost=102767.86..199000.97 rows=222399 width=8) (actual time=1759.010..3258.892 rows=224270 loops=1)
              Hash Cond: (mk.movie_id = t.id)
              ->  Seq Scan on movie_keyword mk  (cost=0.00..81003.12 rows=222399 width=4) (actual time=97.416..1089.950 rows=224270 loops=1)
                    Filter: (keyword_id > 64143)
                    Rows Removed by Filter: 4299660
              ->  Hash  (cost=61283.27..61283.27 rows=2528527 width=4) (actual time=1660.414..1660.414 rows=2528312 loops=1)
                    Buckets: 131072  Batches: 64  Memory Usage: 2425kB
                    ->  Seq Scan on title t  (cost=0.00..61283.27 rows=2528527 width=4) (actual time=0.023..797.044 rows=2528312 loops=1)
Planning time: 1.141 ms
Execution time: 4417.837 ms
