Hash Join  (cost=871976.64..1448828.33 rows=2379462 width=0) (actual time=14322.076..27958.016 rows=9363192 loops=1)
  Hash Cond: (mi.movie_id = t.id)
  ->  Seq Scan on movie_info mi  (cost=0.00..346232.03 rows=14592968 width=4) (actual time=0.016..5962.026 rows=14637966 loops=1)
        Filter: (info_type_id < 107)
        Rows Removed by Filter: 197754
  ->  Hash  (cost=865212.01..865212.01 rows=412290 width=8) (actual time=14321.269..14321.269 rows=443472 loops=1)
        Buckets: 131072  Batches: 8  Memory Usage: 3137kB
        ->  Hash Join  (cost=76444.38..865212.01 rows=412290 width=8) (actual time=984.019..13872.384 rows=443472 loops=1)
              Hash Cond: (ci.movie_id = t.id)
              ->  Seq Scan on cast_info ci  (cost=0.00..705507.15 rows=6792422 width=4) (actual time=0.025..9935.666 rows=6874045 loops=1)
                    Filter: (person_id > 2976132)
                    Rows Removed by Filter: 29370299
              ->  Hash  (cost=73925.90..73925.90 rows=153478 width=4) (actual time=982.991..982.991 rows=134760 loops=1)
                    Buckets: 131072  Batches: 4  Memory Usage: 2216kB
                    ->  Seq Scan on title t  (cost=0.00..73925.90 rows=153478 width=4) (actual time=0.089..938.509 rows=134760 loops=1)
                          Filter: ((kind_id < 7) AND (production_year > 2010))
                          Rows Removed by Filter: 2393552
Planning time: 1.222 ms
Execution time: 28756.534 ms
