Seq Scan on movie_keyword mk  (cost=0.00..81003.12 rows=670202 width=0) (actual time=0.023..1151.546 rows=675436 loops=1)
  Filter: (keyword_id > 27754)
  Rows Removed by Filter: 3848494
Planning time: 0.324 ms
Execution time: 1242.016 ms
