Hash Join  (cost=93633.68..648151.12 rows=7001851 width=0) (actual time=1536.117..14878.336 rows=3722384 loops=1)
  Hash Cond: (mi.movie_id = t.id)
  ->  Seq Scan on movie_info mi  (cost=0.00..309384.22 rows=14739122 width=4) (actual time=0.022..4846.353 rows=14835720 loops=1)
  ->  Hash  (cost=73925.90..73925.90 rows=1201182 width=4) (actual time=1533.715..1533.715 rows=1325344 loops=1)
        Buckets: 131072  Batches: 16  Memory Usage: 3956kB
        ->  Seq Scan on title t  (cost=0.00..73925.90 rows=1201182 width=4) (actual time=0.022..1122.707 rows=1325344 loops=1)
              Filter: ((kind_id > 3) AND (production_year > 1987))
              Rows Removed by Filter: 1202968
Planning time: 0.733 ms
Execution time: 15264.259 ms
