Seq Scan on movie_keyword mk  (cost=0.00..81003.12 rows=3025997 width=0) (actual time=0.024..1340.511 rows=3005103 loops=1)
  Filter: (keyword_id < 10648)
  Rows Removed by Filter: 1518827
Planning time: 0.346 ms
Execution time: 1724.993 ms
