Hash Join  (cost=52284.31..417161.86 rows=16 width=0) (actual time=715.164..5841.836 rows=14 loops=1)
  Hash Cond: (mi.movie_id = t.id)
  ->  Seq Scan on movie_info mi  (cost=0.00..346232.03 rows=4972096 width=4) (actual time=0.023..4484.915 rows=4923966 loops=1)
        Filter: (info_type_id < 5)
        Rows Removed by Filter: 9911754
  ->  Hash  (cost=52284.21..52284.21 rows=8 width=8) (actual time=705.833..705.833 rows=3 loops=1)
        Buckets: 1024  Batches: 1  Memory Usage: 9kB
        ->  Nested Loop  (cost=0.43..52284.21 rows=8 width=8) (actual time=95.357..705.822 rows=3 loops=1)
              ->  Seq Scan on movie_companies mc  (cost=0.00..51404.11 rows=104 width=4) (actual time=32.982..695.701 rows=826 loops=1)
                    Filter: (company_id = 11663)
                    Rows Removed by Filter: 2608303
              ->  Index Scan using title_pkey on title t  (cost=0.43..8.45 rows=1 width=4) (actual time=0.012..0.012 rows=0 loops=826)
                    Index Cond: (id = mc.movie_id)
                    Filter: ((production_year < 1992) AND (kind_id = 1))
                    Rows Removed by Filter: 1
Planning time: 1.162 ms
Execution time: 5841.983 ms
