Hash Join  (cost=78097.80..573717.25 rows=1481952 width=0) (actual time=1387.860..11700.252 rows=714708 loops=1)
  Hash Cond: (mi.movie_id = t.id)
  ->  Seq Scan on movie_info mi  (cost=0.00..309384.22 rows=14739122 width=4) (actual time=0.019..4710.554 rows=14835720 loops=1)
  ->  Hash  (cost=73925.90..73925.90 rows=254232 width=4) (actual time=957.762..957.762 rows=145458 loops=1)
        Buckets: 131072  Batches: 4  Memory Usage: 2307kB
        ->  Seq Scan on title t  (cost=0.00..73925.90 rows=254232 width=4) (actual time=0.019..905.968 rows=145458 loops=1)
              Filter: ((production_year < 1973) AND (kind_id = 7))
              Rows Removed by Filter: 2382854
Planning time: 3.219 ms
Execution time: 11785.766 ms
