Hash Join  (cost=98137.04..219723.16 rows=1215412 width=0) (actual time=1657.818..4034.700 rows=596776 loops=1)
  Hash Cond: (mk.movie_id = t.id)
  ->  Seq Scan on movie_keyword mk  (cost=0.00..81003.12 rows=1651375 width=4) (actual time=0.020..1340.947 rows=1663280 loops=1)
        Filter: (keyword_id < 2551)
        Rows Removed by Filter: 2860650
  ->  Hash  (cost=67604.59..67604.59 rows=1860996 width=4) (actual time=1656.766..1656.766 rows=1865487 loops=1)
        Buckets: 131072  Batches: 32  Memory Usage: 3085kB
        ->  Seq Scan on title t  (cost=0.00..67604.59 rows=1860996 width=4) (actual time=0.011..1035.129 rows=1865487 loops=1)
              Filter: (kind_id > 1)
              Rows Removed by Filter: 662825
Planning time: 0.719 ms
Execution time: 4083.818 ms
