Nested Loop  (cost=0.43..125050.76 rows=1200 width=0) (actual time=0.227..1449.247 rows=2414 loops=1)
  ->  Seq Scan on movie_keyword mk  (cost=0.00..81003.12 rows=6183 width=4) (actual time=0.181..1236.986 rows=6790 loops=1)
        Filter: (keyword_id = 495)
        Rows Removed by Filter: 4517140
  ->  Index Scan using title_pkey on title t  (cost=0.43..7.11 rows=1 width=4) (actual time=0.030..0.031 rows=0 loops=6790)
        Index Cond: (id = mk.movie_id)
        Filter: ((production_year > 1985) AND (kind_id = 1))
        Rows Removed by Filter: 1
Planning time: 0.765 ms
Execution time: 1450.156 ms
