Hash Join  (cost=101844.05..927418.96 rows=274607 width=0) (actual time=1463.683..18203.524 rows=258117 loops=1)
  Hash Cond: (ci.movie_id = t.id)
  ->  Seq Scan on cast_info ci  (cost=0.00..705507.15 rows=31285779 width=4) (actual time=0.018..10821.929 rows=31269154 loops=1)
        Filter: (person_id < 3173153)
        Rows Removed by Filter: 4975190
  ->  Hash  (cost=101566.63..101566.63 rows=22194 width=8) (actual time=1463.257..1463.257 rows=8268 loops=1)
        Buckets: 32768  Batches: 1  Memory Usage: 579kB
        ->  Hash Join  (cost=74434.21..101566.63 rows=22194 width=8) (actual time=1144.140..1460.120 rows=8268 loops=1)
              Hash Cond: (mi_idx.movie_id = t.id)
              ->  Seq Scan on movie_info_idx mi_idx  (cost=0.00..21735.35 rows=1380035 width=4) (actual time=0.021..259.941 rows=1380035 loops=1)
              ->  Hash  (cost=73925.90..73925.90 rows=40664 width=4) (actual time=868.369..868.369 rows=40257 loops=1)
                    Buckets: 65536  Batches: 1  Memory Usage: 1928kB
                    ->  Seq Scan on title t  (cost=0.00..73925.90 rows=40664 width=4) (actual time=264.027..852.650 rows=40257 loops=1)
                          Filter: ((production_year > 2012) AND (kind_id = 7))
                          Rows Removed by Filter: 2488055
Planning time: 1.119 ms
Execution time: 18239.036 ms
