Hash Join  (cost=71408.55..166472.88 rows=96646 width=0) (actual time=926.735..2601.063 rows=32834 loops=1)
  Hash Cond: (mk.movie_id = t.id)
  ->  Seq Scan on movie_keyword mk  (cost=0.00..81003.12 rows=1054065 width=4) (actual time=0.025..1198.148 rows=1061117 loops=1)
        Filter: (keyword_id < 1060)
        Rows Removed by Filter: 3462813
  ->  Hash  (cost=67604.59..67604.59 rows=231837 width=4) (actual time=925.261..925.261 rows=231649 loops=1)
        Buckets: 131072  Batches: 4  Memory Usage: 3082kB
        ->  Seq Scan on title t  (cost=0.00..67604.59 rows=231837 width=4) (actual time=0.034..845.254 rows=231649 loops=1)
              Filter: (production_year > 2011)
              Rows Removed by Filter: 2296663
Planning time: 0.788 ms
Execution time: 2605.864 ms
