Hash Join  (cost=163628.03..1060619.44 rows=2135316 width=0) (actual time=13136.846..21063.745 rows=1843134 loops=1)
  Hash Cond: (ci.movie_id = t.id)
  ->  Seq Scan on cast_info ci  (cost=0.00..796071.18 rows=6605083 width=4) (actual time=9659.828..15482.940 rows=3214125 loops=1)
        Filter: ((person_id < 2855721) AND (role_id > 5))
        Rows Removed by Filter: 33030219
  ->  Hash  (cost=150216.13..150216.13 rows=817432 width=8) (actual time=3475.099..3475.099 rows=425568 loops=1)
        Buckets: 131072  Batches: 16  Memory Usage: 2062kB
        ->  Hash Join  (cost=98498.33..150216.13 rows=817432 width=8) (actual time=2309.641..3338.726 rows=425568 loops=1)
              Hash Cond: (mi_idx.movie_id = t.id)
              ->  Seq Scan on movie_info_idx mi_idx  (cost=0.00..21735.35 rows=1380035 width=4) (actual time=0.027..474.935 rows=1380035 loops=1)
              ->  Hash  (cost=73925.90..73925.90 rows=1497714 width=4) (actual time=1827.159..1827.159 rows=1478440 loops=1)
                    Buckets: 131072  Batches: 32  Memory Usage: 2651kB
                    ->  Seq Scan on title t  (cost=0.00..73925.90 rows=1497714 width=4) (actual time=0.022..1372.330 rows=1478440 loops=1)
                          Filter: ((production_year > 0) AND (kind_id = 7))
                          Rows Removed by Filter: 1049872
Planning time: 1.271 ms
Execution time: 21236.913 ms
