Hash Join  (cost=148543.12..516674.90 rows=347585 width=0) (actual time=2597.037..12487.141 rows=1945132 loops=1)
  Hash Cond: (mi.movie_id = t.id)
  ->  Seq Scan on movie_info mi  (cost=0.00..309384.22 rows=14739122 width=4) (actual time=0.017..3404.171 rows=14835720 loops=1)
  ->  Hash  (cost=147797.76..147797.76 rows=59629 width=8) (actual time=2596.599..2596.599 rows=145062 loops=1)
        Buckets: 131072 (originally 65536)  Batches: 2 (originally 1)  Memory Usage: 3858kB
        ->  Hash Join  (cost=76211.77..147797.76 rows=59629 width=8) (actual time=1360.322..2539.099 rows=145062 loops=1)
              Hash Cond: (mc.movie_id = t.id)
              ->  Seq Scan on movie_companies mc  (cost=0.00..57926.93 rows=1082604 width=4) (actual time=336.783..1016.665 rows=846688 loops=1)
                    Filter: ((company_id < 74824) AND (company_type_id = 2))
                    Rows Removed by Filter: 1762441
              ->  Hash  (cost=73925.90..73925.90 rows=139269 width=4) (actual time=1021.505..1021.505 rows=239782 loops=1)
                    Buckets: 131072 (originally 131072)  Batches: 4 (originally 2)  Memory Usage: 3133kB
                    ->  Seq Scan on title t  (cost=0.00..73925.90 rows=139269 width=4) (actual time=0.243..935.494 rows=239782 loops=1)
                          Filter: ((kind_id < 7) AND (production_year < 1969))
                          Rows Removed by Filter: 2288530
Planning time: 1.846 ms
Execution time: 12696.783 ms
