Seq Scan on cast_info ci  (cost=0.00..796071.18 rows=898159 width=0) (actual time=4012.354..10959.186 rows=831977 loops=1)
  Filter: ((person_id < 1160957) AND (role_id = 4))
  Rows Removed by Filter: 35412367
Planning time: 0.421 ms
Execution time: 11065.519 ms
