Hash Join  (cost=842372.82..3581847.72 rows=126762796 width=0) (actual time=18371.440..114653.133 rows=223256930 loops=1)
  Hash Cond: (ci.movie_id = t.id)
  ->  Seq Scan on cast_info ci  (cost=0.00..705507.15 rows=33823621 width=4) (actual time=0.017..14223.420 rows=33790350 loops=1)
        Filter: (person_id < 3584394)
        Rows Removed by Filter: 2453994
  ->  Hash  (cost=686901.94..686901.94 rows=9476311 width=8) (actual time=18365.528..18365.528 rows=9565151 loops=1)
        Buckets: 131072  Batches: 128  Memory Usage: 3919kB
        ->  Hash Join  (cost=102767.86..686901.94 rows=9476311 width=8) (actual time=1820.216..15558.178 rows=9565151 loops=1)
              Hash Cond: (mi.movie_id = t.id)
              ->  Seq Scan on movie_info mi  (cost=0.00..346232.03 rows=9476311 width=4) (actual time=142.012..5414.071 rows=9565151 loops=1)
                    Filter: (info_type_id < 16)
                    Rows Removed by Filter: 5270569
              ->  Hash  (cost=61283.27..61283.27 rows=2528527 width=4) (actual time=1677.388..1677.388 rows=2528312 loops=1)
                    Buckets: 131072  Batches: 64  Memory Usage: 2425kB
                    ->  Seq Scan on title t  (cost=0.00..61283.27 rows=2528527 width=4) (actual time=0.032..803.681 rows=2528312 loops=1)
Planning time: 1.271 ms
Execution time: 139845.887 ms
