Hash Join  (cost=102767.86..241196.06 rows=1975943 width=0) (actual time=1668.755..4854.077 rows=1984538 loops=1)
  Hash Cond: (mk.movie_id = t.id)
  ->  Seq Scan on movie_keyword mk  (cost=0.00..81003.12 rows=1975943 width=4) (actual time=0.014..1359.285 rows=1984538 loops=1)
        Filter: (keyword_id > 6356)
        Rows Removed by Filter: 2539392
  ->  Hash  (cost=61283.27..61283.27 rows=2528527 width=4) (actual time=1667.802..1667.802 rows=2528312 loops=1)
        Buckets: 131072  Batches: 64  Memory Usage: 2425kB
        ->  Seq Scan on title t  (cost=0.00..61283.27 rows=2528527 width=4) (actual time=0.010..821.663 rows=2528312 loops=1)
Planning time: 0.545 ms
Execution time: 5082.590 ms
