Hash Join  (cost=736769.47..2431256.34 rows=55355636 width=0) (actual time=13620.556..54767.738 rows=54349208 loops=1)
  Hash Cond: (ci.movie_id = t.id)
  ->  Seq Scan on cast_info ci  (cost=0.00..705507.15 rows=21508294 width=4) (actual time=0.024..12098.525 rows=21360878 loops=1)
        Filter: (person_id < 2163052)
        Rows Removed by Filter: 14883466
  ->  Hash  (cost=630002.97..630002.97 rows=6507640 width=8) (actual time=13618.190..13618.190 rows=4088125 loops=1)
        Buckets: 131072  Batches: 128  Memory Usage: 2256kB
        ->  Hash Join  (cost=98137.04..630002.97 rows=6507640 width=8) (actual time=2397.655..12598.856 rows=4088125 loops=1)
              Hash Cond: (mi.movie_id = t.id)
              ->  Seq Scan on movie_info mi  (cost=0.00..346232.03 rows=8841901 width=4) (actual time=695.888..5413.369 rows=8950757 loops=1)
                    Filter: (info_type_id > 6)
                    Rows Removed by Filter: 5884963
              ->  Hash  (cost=67604.59..67604.59 rows=1860996 width=4) (actual time=1700.941..1700.941 rows=1865487 loops=1)
                    Buckets: 131072  Batches: 32  Memory Usage: 3085kB
                    ->  Seq Scan on title t  (cost=0.00..67604.59 rows=1860996 width=4) (actual time=0.022..1079.240 rows=1865487 loops=1)
                          Filter: (kind_id > 1)
                          Rows Removed by Filter: 662825
Planning time: 1.217 ms
Execution time: 60780.587 ms
