Seq Scan on movie_companies mc  (cost=0.00..57926.93 rows=53 width=0) (actual time=48.459..667.717 rows=960 loops=1)
  Filter: ((company_id = 3503) AND (company_type_id = 2))
  Rows Removed by Filter: 2608169
Planning time: 0.380 ms
Execution time: 667.964 ms
