Nested Loop  (cost=0.43..83071.67 rows=246 width=0) (actual time=4.229..1167.144 rows=386 loops=1)
  ->  Seq Scan on movie_keyword mk  (cost=0.00..81003.12 rows=246 width=4) (actual time=4.147..1157.160 rows=386 loops=1)
        Filter: (keyword_id = 5785)
        Rows Removed by Filter: 4523544
  ->  Index Only Scan using title_pkey on title t  (cost=0.43..8.40 rows=1 width=4) (actual time=0.023..0.024 rows=1 loops=386)
        Index Cond: (id = mk.movie_id)
        Heap Fetches: 386
Planning time: 0.747 ms
Execution time: 1167.430 ms
