Hash Join  (cost=366106.07..1517265.28 rows=22477781 width=0) (actual time=7914.089..44150.320 rows=78533855 loops=1)
  Hash Cond: (ci.movie_id = t.id)
  ->  Seq Scan on cast_info ci  (cost=0.00..705507.15 rows=13337234 width=4) (actual time=0.009..10838.047 rows=13302779 loops=1)
        Filter: (person_id < 1311814)
        Rows Removed by Filter: 22941565
  ->  Hash  (cost=296191.20..296191.20 rows=4261429 width=8) (actual time=7913.172..7913.172 rows=4243816 loops=1)
        Buckets: 131072  Batches: 64  Memory Usage: 3643kB
        ->  Hash Join  (cost=102767.86..296191.20 rows=4261429 width=8) (actual time=1642.623..6709.888 rows=4243816 loops=1)
              Hash Cond: (mk.movie_id = t.id)
              ->  Seq Scan on movie_keyword mk  (cost=0.00..81003.12 rows=4261429 width=4) (actual time=0.015..1600.912 rows=4243816 loops=1)
                    Filter: (keyword_id > 231)
                    Rows Removed by Filter: 280114
              ->  Hash  (cost=61283.27..61283.27 rows=2528527 width=4) (actual time=1640.190..1640.190 rows=2528312 loops=1)
                    Buckets: 131072  Batches: 64  Memory Usage: 2425kB
                    ->  Seq Scan on title t  (cost=0.00..61283.27 rows=2528527 width=4) (actual time=0.018..790.348 rows=2528312 loops=1)
Planning time: 0.757 ms
Execution time: 52643.253 ms
