Hash Join  (cost=87499.23..227535.07 rows=1480180 width=0) (actual time=1248.840..5551.082 rows=3303721 loops=1)
  Hash Cond: (mk.movie_id = t.id)
  ->  Seq Scan on movie_keyword mk  (cost=0.00..69693.30 rows=4523930 width=4) (actual time=0.021..1206.241 rows=4523930 loops=1)
  ->  Hash  (cost=73925.90..73925.90 rows=827306 width=4) (actual time=1246.973..1246.973 rows=818320 loops=1)
        Buckets: 131072  Batches: 16  Memory Usage: 2827kB
        ->  Seq Scan on title t  (cost=0.00..73925.90 rows=827306 width=4) (actual time=0.020..974.380 rows=818320 loops=1)
              Filter: ((kind_id < 4) AND (production_year > 1910))
              Rows Removed by Filter: 1709992
Planning time: 0.744 ms
Execution time: 5913.376 ms
