Hash Join  (cost=141671.24..608652.47 rows=1012302 width=0) (actual time=3450.375..14494.047 rows=754565 loops=1)
  Hash Cond: (mi.movie_id = t.id)
  ->  Seq Scan on movie_info mi  (cost=0.00..346232.03 rows=9476311 width=4) (actual time=120.065..6706.378 rows=9565151 loops=1)
        Filter: (info_type_id < 16)
        Rows Removed by Filter: 5270569
  ->  Hash  (cost=137238.88..137238.88 rows=270109 width=8) (actual time=3329.637..3329.637 rows=141856 loops=1)
        Buckets: 131072  Batches: 4  Memory Usage: 2413kB
        ->  Hash Join  (cost=98233.68..137238.88 rows=270109 width=8) (actual time=2203.232..3280.915 rows=141856 loops=1)
              Hash Cond: (mi_idx.movie_id = t.id)
              ->  Seq Scan on movie_info_idx mi_idx  (cost=0.00..25185.44 rows=460978 width=4) (actual time=0.025..562.676 rows=459925 loops=1)
                    Filter: (info_type_id < 100)
                    Rows Removed by Filter: 920110
              ->  Hash  (cost=73925.90..73925.90 rows=1481582 width=4) (actual time=2173.342..2173.342 rows=1478439 loops=1)
                    Buckets: 131072  Batches: 32  Memory Usage: 2651kB
                    ->  Seq Scan on title t  (cost=0.00..73925.90 rows=1481582 width=4) (actual time=0.007..1510.816 rows=1478439 loops=1)
                          Filter: ((production_year > 1910) AND (kind_id = 7))
                          Rows Removed by Filter: 1049873
Planning time: 1.229 ms
Execution time: 14583.822 ms
