Hash Join  (cost=83074.74..434363.60 rows=131 width=0) (actual time=3028.480..4866.682 rows=506 loops=1)
  Hash Cond: (mi.movie_id = t.id)
  ->  Seq Scan on movie_info mi  (cost=0.00..346232.03 rows=1348138 width=4) (actual time=1908.180..3578.824 rows=1298989 loops=1)
        Filter: (info_type_id = 4)
        Rows Removed by Filter: 13536731
  ->  Hash  (cost=83071.67..83071.67 rows=246 width=8) (actual time=1103.858..1103.858 rows=355 loops=1)
        Buckets: 1024  Batches: 1  Memory Usage: 22kB
        ->  Nested Loop  (cost=0.43..83071.67 rows=246 width=8) (actual time=0.930..1103.532 rows=355 loops=1)
              ->  Seq Scan on movie_keyword mk  (cost=0.00..81003.12 rows=246 width=4) (actual time=0.801..1094.500 rows=355 loops=1)
                    Filter: (keyword_id = 18692)
                    Rows Removed by Filter: 4523575
              ->  Index Only Scan using title_pkey on title t  (cost=0.43..8.40 rows=1 width=4) (actual time=0.023..0.024 rows=1 loops=355)
                    Index Cond: (id = mk.movie_id)
                    Heap Fetches: 355
Planning time: 1.161 ms
Execution time: 4866.922 ms
