Seq Scan on movie_companies mc  (cost=0.00..51404.11 rows=104 width=0) (actual time=123.529..610.981 rows=163 loops=1)
  Filter: (company_id = 4834)
  Rows Removed by Filter: 2608966
Planning time: 0.368 ms
Execution time: 611.111 ms
