Hash Join  (cost=83810.17..150204.72 rows=116359 width=0) (actual time=1457.910..2717.216 rows=423351 loops=1)
  Hash Cond: (mc.movie_id = t.id)
  ->  Seq Scan on movie_companies mc  (cost=0.00..57926.93 rows=297873 width=4) (actual time=167.662..821.435 rows=591040 loops=1)
        Filter: ((company_id > 70011) AND (company_type_id = 2))
        Rows Removed by Filter: 2018089
  ->  Hash  (cost=67604.59..67604.59 rows=987727 width=4) (actual time=1289.371..1289.371 rows=985048 loops=1)
        Buckets: 131072  Batches: 16  Memory Usage: 3188kB
        ->  Seq Scan on title t  (cost=0.00..67604.59 rows=987727 width=4) (actual time=0.037..976.175 rows=985048 loops=1)
              Filter: (kind_id < 7)
              Rows Removed by Filter: 1543264
Planning time: 0.800 ms
Execution time: 2768.625 ms
