Hash Join  (cost=102767.86..178887.12 rows=616563 width=0) (actual time=1531.952..3100.734 rows=612577 loops=1)
  Hash Cond: (mc.movie_id = t.id)
  ->  Seq Scan on movie_companies mc  (cost=0.00..51404.11 rows=616563 width=4) (actual time=0.015..750.856 rows=612577 loops=1)
        Filter: (company_id < 737)
        Rows Removed by Filter: 1996552
  ->  Hash  (cost=61283.27..61283.27 rows=2528527 width=4) (actual time=1530.778..1530.778 rows=2528312 loops=1)
        Buckets: 131072  Batches: 64  Memory Usage: 2415kB
        ->  Seq Scan on title t  (cost=0.00..61283.27 rows=2528527 width=4) (actual time=0.024..736.956 rows=2528312 loops=1)
Planning time: 0.736 ms
Execution time: 3164.462 ms
