Hash Join  (cost=156209.36..227874.31 rows=248540 width=0) (actual time=3595.965..5295.025 rows=755903 loops=1)
  Hash Cond: (mc.movie_id = t.id)
  ->  Seq Scan on movie_companies mc  (cost=0.00..51404.11 rows=1383850 width=4) (actual time=0.029..840.325 rows=1371963 loops=1)
        Filter: (company_id < 11812)
        Rows Removed by Filter: 1237166
  ->  Hash  (cost=148758.81..148758.81 rows=454124 width=8) (actual time=3595.143..3595.143 rows=459925 loops=1)
        Buckets: 131072  Batches: 8  Memory Usage: 3275kB
        ->  Hash Join  (cost=102767.86..148758.81 rows=454124 width=8) (actual time=2336.039..3471.255 rows=459925 loops=1)
              Hash Cond: (mi_idx.movie_id = t.id)
              ->  Seq Scan on movie_info_idx mi_idx  (cost=0.00..25185.44 rows=454124 width=4) (actual time=0.012..420.904 rows=459925 loops=1)
                    Filter: (info_type_id = 100)
                    Rows Removed by Filter: 920110
              ->  Hash  (cost=61283.27..61283.27 rows=2528527 width=4) (actual time=2335.240..2335.240 rows=2528312 loops=1)
                    Buckets: 131072  Batches: 64  Memory Usage: 2415kB
                    ->  Seq Scan on title t  (cost=0.00..61283.27 rows=2528527 width=4) (actual time=0.010..795.641 rows=2528312 loops=1)
Planning time: 1.140 ms
Execution time: 5378.783 ms
