Hash Join  (cost=195594.40..563351.24 rows=310092 width=0) (actual time=3070.301..10367.949 rows=3675863 loops=1)
  Hash Cond: (mi.movie_id = t.id)
  ->  Seq Scan on movie_info mi  (cost=0.00..309384.22 rows=14739122 width=4) (actual time=0.016..2971.006 rows=14835720 loops=1)
  ->  Hash  (cost=194929.43..194929.43 rows=53197 width=8) (actual time=3069.919..3069.919 rows=49524 loops=1)
        Buckets: 65536  Batches: 1  Memory Usage: 2447kB
        ->  Hash Join  (cost=102767.86..194929.43 rows=53197 width=8) (actual time=1608.568..3052.145 rows=49524 loops=1)
              Hash Cond: (mk.movie_id = t.id)
              ->  Seq Scan on movie_keyword mk  (cost=0.00..81003.12 rows=53197 width=4) (actual time=0.037..976.368 rows=49524 loops=1)
                    Filter: (keyword_id > 99795)
                    Rows Removed by Filter: 4474406
              ->  Hash  (cost=61283.27..61283.27 rows=2528527 width=4) (actual time=1605.899..1605.899 rows=2528312 loops=1)
                    Buckets: 131072  Batches: 64  Memory Usage: 2425kB
                    ->  Seq Scan on title t  (cost=0.00..61283.27 rows=2528527 width=4) (actual time=0.008..759.828 rows=2528312 loops=1)
Planning time: 1.132 ms
Execution time: 10827.736 ms
