Seq Scan on cast_info ci  (cost=0.00..705507.15 rows=22619741 width=0) (actual time=0.024..9960.977 rows=22677794 loops=1)
  Filter: (person_id > 1336636)
  Rows Removed by Filter: 13566550
Planning time: 0.312 ms
Execution time: 12628.922 ms
