Hash Join  (cost=100586.94..172370.46 rows=229826 width=0) (actual time=1818.887..3216.745 rows=422134 loops=1)
  Hash Cond: (mc.movie_id = t.id)
  ->  Seq Scan on movie_companies mc  (cost=0.00..57926.93 rows=289065 width=4) (actual time=86.107..792.858 rows=571538 loops=1)
        Filter: ((company_id > 71318) AND (company_type_id > 1))
        Rows Removed by Filter: 2037591
  ->  Hash  (cost=67604.59..67604.59 rows=2010348 width=4) (actual time=1731.391..1731.391 rows=2004649 loops=1)
        Buckets: 131072  Batches: 32  Memory Usage: 3233kB
        ->  Seq Scan on title t  (cost=0.00..67604.59 rows=2010348 width=4) (actual time=0.024..1087.014 rows=2004649 loops=1)
              Filter: (production_year > 1975)
              Rows Removed by Filter: 523663
Planning time: 0.724 ms
Execution time: 3263.418 ms
