Seq Scan on cast_info ci  (cost=0.00..705507.15 rows=500 width=0) (actual time=154.097..8957.235 rows=22 loops=1)
  Filter: (person_id = 2940746)
  Rows Removed by Filter: 36244322
Planning time: 0.359 ms
Execution time: 8957.318 ms
