Hash Join  (cost=709678.15..771180.93 rows=188 width=0) (actual time=8859.093..9788.434 rows=54 loops=1)
  Hash Cond: (mc.movie_id = t.id)
  ->  Seq Scan on movie_companies mc  (cost=0.00..57926.93 rows=953056 width=4) (actual time=0.031..850.595 rows=1119668 loops=1)
        Filter: ((company_id > 1427) AND (company_type_id > 1))
        Rows Removed by Filter: 1489461
  ->  Hash  (cost=709671.90..709671.90 rows=500 width=8) (actual time=8809.087..8809.087 rows=284 loops=1)
        Buckets: 1024  Batches: 1  Memory Usage: 20kB
        ->  Nested Loop  (cost=0.43..709671.90 rows=500 width=8) (actual time=2855.352..8808.920 rows=284 loops=1)
              ->  Seq Scan on cast_info ci  (cost=0.00..705507.15 rows=500 width=4) (actual time=2855.143..8805.122 rows=284 loops=1)
                    Filter: (person_id = 1589560)
                    Rows Removed by Filter: 36244060
              ->  Index Only Scan using title_pkey on title t  (cost=0.43..8.32 rows=1 width=4) (actual time=0.012..0.012 rows=1 loops=284)
                    Index Cond: (id = ci.movie_id)
                    Heap Fetches: 284
Planning time: 1.179 ms
Execution time: 9788.552 ms
