Seq Scan on cast_info ci  (cost=0.00..705507.15 rows=22795509 width=0) (actual time=2729.870..13329.191 rows=22853978 loops=1)
  Filter: (person_id > 1320799)
  Rows Removed by Filter: 13390366
Planning time: 0.329 ms
Execution time: 16153.071 ms
