Hash Join  (cost=128602.19..529575.79 rows=1795 width=0) (actual time=1924.638..9326.995 rows=16883 loops=1)
  Hash Cond: (mi.movie_id = t.id)
  ->  Seq Scan on movie_info mi  (cost=0.00..346232.03 rows=14592968 width=4) (actual time=0.026..5220.557 rows=14637966 loops=1)
        Filter: (info_type_id < 107)
        Rows Removed by Filter: 197754
  ->  Hash  (cost=128598.30..128598.30 rows=311 width=8) (actual time=1787.713..1787.713 rows=1802 loops=1)
        Buckets: 2048 (originally 1024)  Batches: 1 (originally 1)  Memory Usage: 87kB
        ->  Hash Join  (cost=73929.67..128598.30 rows=311 width=8) (actual time=809.720..1786.721 rows=1802 loops=1)
              Hash Cond: (mc.movie_id = t.id)
              ->  Seq Scan on movie_companies mc  (cost=0.00..44881.29 rows=2609129 width=4) (actual time=0.021..488.191 rows=2609129 loops=1)
              ->  Hash  (cost=73925.90..73925.90 rows=301 width=4) (actual time=808.310..808.310 rows=1073 loops=1)
                    Buckets: 2048 (originally 1024)  Batches: 1 (originally 1)  Memory Usage: 54kB
                    ->  Seq Scan on title t  (cost=0.00..73925.90 rows=301 width=4) (actual time=186.075..807.697 rows=1073 loops=1)
                          Filter: ((kind_id = 3) AND (production_year = 1970))
                          Rows Removed by Filter: 2527239
Planning time: 1.159 ms
Execution time: 9330.019 ms
