Seq Scan on movie_keyword mk  (cost=0.00..81003.12 rows=3090458 width=0) (actual time=0.024..1168.873 rows=3076144 loops=1)
  Filter: (keyword_id < 11540)
  Rows Removed by Filter: 1447786
Planning time: 0.318 ms
Execution time: 1529.188 ms
