Seq Scan on movie_keyword mk  (cost=0.00..81003.12 rows=1858157 width=0) (actual time=0.030..1210.319 rows=1863198 loops=1)
  Filter: (keyword_id > 7399)
  Rows Removed by Filter: 2660732
Planning time: 0.357 ms
Execution time: 1445.240 ms
