Hash Join  (cost=102767.86..182743.18 rows=505747 width=0) (actual time=2002.845..3549.533 rows=714666 loops=1)
  Hash Cond: (mc.movie_id = t.id)
  ->  Seq Scan on movie_companies mc  (cost=0.00..57926.93 rows=505747 width=4) (actual time=351.910..851.351 rows=714666 loops=1)
        Filter: ((company_id < 5677) AND (company_type_id < 2))
        Rows Removed by Filter: 1894463
  ->  Hash  (cost=61283.27..61283.27 rows=2528527 width=4) (actual time=1649.588..1649.588 rows=2528312 loops=1)
        Buckets: 131072  Batches: 64  Memory Usage: 2415kB
        ->  Seq Scan on title t  (cost=0.00..61283.27 rows=2528527 width=4) (actual time=0.042..808.214 rows=2528312 loops=1)
Planning time: 0.734 ms
Execution time: 3638.574 ms
