Seq Scan on movie_keyword mk  (cost=0.00..81003.12 rows=3548823 width=0) (actual time=0.021..1336.232 rows=3544480 loops=1)
  Filter: (keyword_id < 19001)
  Rows Removed by Filter: 979450
Planning time: 0.317 ms
Execution time: 1766.878 ms
