Hash Join  (cost=127293.06..950551.80 rows=7273 width=0) (actual time=1988.468..17870.616 rows=250 loops=1)
  Hash Cond: (ci.movie_id = t.id)
  ->  Seq Scan on cast_info ci  (cost=0.00..705507.15 rows=31381029 width=4) (actual time=0.014..11017.221 rows=31362674 loops=1)
        Filter: (person_id < 3186045)
        Rows Removed by Filter: 4881670
  ->  Hash  (cost=127285.74..127285.74 rows=586 width=8) (actual time=1657.933..1657.933 rows=7 loops=1)
        Buckets: 1024  Batches: 1  Memory Usage: 9kB
        ->  Hash Join  (cost=73962.22..127285.74 rows=586 width=8) (actual time=1465.348..1657.852 rows=7 loops=1)
              Hash Cond: (mc.movie_id = t.id)
              ->  Seq Scan on movie_companies mc  (cost=0.00..51404.11 rows=510279 width=4) (actual time=0.017..688.307 rows=508486 loops=1)
                    Filter: (company_id < 465)
                    Rows Removed by Filter: 2100643
              ->  Hash  (cost=73925.90..73925.90 rows=2905 width=4) (actual time=865.492..865.492 rows=8125 loops=1)
                    Buckets: 8192 (originally 4096)  Batches: 1 (originally 1)  Memory Usage: 350kB
                    ->  Seq Scan on title t  (cost=0.00..73925.90 rows=2905 width=4) (actual time=0.010..861.730 rows=8125 loops=1)
                          Filter: ((kind_id < 7) AND (production_year = 1914))
                          Rows Removed by Filter: 2520187
Planning time: 1.191 ms
Execution time: 17871.040 ms
