Seq Scan on movie_companies mc  (cost=0.00..51404.11 rows=104 width=0) (actual time=18.092..604.223 rows=145 loops=1)
  Filter: (company_id = 1487)
  Rows Removed by Filter: 2608984
Planning time: 0.371 ms
Execution time: 604.353 ms
