Seq Scan on movie_keyword mk  (cost=0.00..81003.12 rows=2234220 width=0) (actual time=0.017..1277.708 rows=2226432 loops=1)
  Filter: (keyword_id < 4574)
  Rows Removed by Filter: 2297498
Planning time: 0.220 ms
Execution time: 1565.308 ms
