Seq Scan on movie_keyword mk  (cost=0.00..81003.12 rows=2368482 width=0) (actual time=0.021..1149.307 rows=2372207 loops=1)
  Filter: (keyword_id < 5381)
  Rows Removed by Filter: 2151723
Planning time: 0.320 ms
Execution time: 1420.410 ms
