Nested Loop  (cost=0.43..83071.67 rows=246 width=0) (actual time=8.943..1179.334 rows=606 loops=1)
  ->  Seq Scan on movie_keyword mk  (cost=0.00..81003.12 rows=246 width=4) (actual time=8.876..1154.999 rows=606 loops=1)
        Filter: (keyword_id = 3791)
        Rows Removed by Filter: 4523324
  ->  Index Only Scan using title_pkey on title t  (cost=0.43..8.40 rows=1 width=4) (actual time=0.038..0.039 rows=1 loops=606)
        Index Cond: (id = mk.movie_id)
        Heap Fetches: 606
Planning time: 0.862 ms
Execution time: 1179.651 ms
