Hash Join  (cost=70342.62..195982.46 rows=298580 width=0) (actual time=768.842..3843.291 rows=538236 loops=1)
  Hash Cond: (mk.movie_id = t.id)
  ->  Seq Scan on movie_keyword mk  (cost=0.00..69693.30 rows=4523930 width=4) (actual time=0.027..1266.486 rows=4523930 loops=1)
  ->  Hash  (cost=67604.59..67604.59 rows=166883 width=4) (actual time=767.890..767.890 rows=168947 loops=1)
        Buckets: 131072  Batches: 4  Memory Usage: 2513kB
        ->  Seq Scan on title t  (cost=0.00..67604.59 rows=166883 width=4) (actual time=0.011..722.243 rows=168947 loops=1)
              Filter: (production_year < 1951)
              Rows Removed by Filter: 2359365
Planning time: 0.542 ms
Execution time: 3912.676 ms
