Hash Join  (cost=165040.61..1612278.33 rows=5219659 width=186) (actual time=3921.769..51757.561 rows=18640518 loops=1)
  Hash Cond: (ci.movie_id = t.id)
  ->  Seq Scan on cast_info ci  (cost=0.00..614943.12 rows=36225612 width=42) (actual time=0.021..13428.684 rows=36244344 loops=1)
  ->  Hash  (cost=153014.50..153014.50 rows=364329 width=144) (actual time=3920.867..3920.867 rows=629900 loops=1)
        Buckets: 32768  Batches: 32  Memory Usage: 2722kB
        ->  Hash Join  (cost=85727.72..153014.50 rows=364329 width=144) (actual time=1620.111..3561.194 rows=629900 loops=1)
              Hash Cond: (mi_idx.movie_id = t.id)
              ->  Seq Scan on movie_info_idx mi_idx  (cost=0.00..21735.35 rows=1380035 width=50) (actual time=0.012..514.394 rows=1380035 loops=1)
              ->  Hash  (cost=67604.59..67604.59 rows=667531 width=94) (actual time=1619.751..1619.751 rows=662825 loops=1)
                    Buckets: 32768  Batches: 32  Memory Usage: 2489kB
                    ->  Seq Scan on title t  (cost=0.00..67604.59 rows=667531 width=94) (actual time=0.015..1363.199 rows=662825 loops=1)
                          Filter: (kind_id = 1)
                          Rows Removed by Filter: 1865487
Planning time: 6.425 ms
Execution time: 52760.834 ms
