Hash Join  (cost=175929.76..314940.23 rows=518777 width=0) (actual time=3541.260..6531.210 rows=2480584 loops=1)
  Hash Cond: (mk.movie_id = t.id)
  ->  Seq Scan on movie_keyword mk  (cost=0.00..81003.12 rows=4468955 width=4) (actual time=0.024..1495.362 rows=4469193 loops=1)
        Filter: (keyword_id > 53)
        Rows Removed by Filter: 54737
  ->  Hash  (cost=171113.72..171113.72 rows=293523 width=8) (actual time=3107.070..3107.070 rows=299497 loops=1)
        Buckets: 131072  Batches: 4  Memory Usage: 3964kB
        ->  Hash Join  (cost=102767.86..171113.72 rows=293523 width=8) (actual time=1594.404..3008.806 rows=299497 loops=1)
              Hash Cond: (mc.movie_id = t.id)
              ->  Seq Scan on movie_companies mc  (cost=0.00..51404.11 rows=293523 width=4) (actual time=0.022..741.114 rows=299497 loops=1)
                    Filter: (company_id > 94407)
                    Rows Removed by Filter: 2309632
              ->  Hash  (cost=61283.27..61283.27 rows=2528527 width=4) (actual time=1593.221..1593.221 rows=2528312 loops=1)
                    Buckets: 131072  Batches: 64  Memory Usage: 2415kB
                    ->  Seq Scan on title t  (cost=0.00..61283.27 rows=2528527 width=4) (actual time=0.016..754.034 rows=2528312 loops=1)
Planning time: 1.144 ms
Execution time: 6749.759 ms
