Seq Scan on movie_companies mc  (cost=0.00..57926.93 rows=439549 width=0) (actual time=333.779..813.140 rows=632842 loops=1)
  Filter: ((company_id < 2805) AND (company_type_id < 2))
  Rows Removed by Filter: 1976287
Planning time: 0.324 ms
Execution time: 896.166 ms
