Seq Scan on movie_keyword mk  (cost=0.00..81003.12 rows=246 width=0) (actual time=8.395..1052.177 rows=76 loops=1)
  Filter: (keyword_id = 16070)
  Rows Removed by Filter: 4523854
Planning time: 0.380 ms
Execution time: 1052.331 ms
