Hash Join  (cost=132477.56..219141.04 rows=544 width=0) (actual time=1801.865..3309.587 rows=77 loops=1)
  Hash Cond: (mk.movie_id = t.id)
  ->  Seq Scan on movie_keyword mk  (cost=0.00..69693.30 rows=4523930 width=4) (actual time=0.013..772.792 rows=4523930 loops=1)
  ->  Hash  (cost=132473.76..132473.76 rows=304 width=8) (actual time=1753.245..1753.245 rows=16 loops=1)
        Buckets: 1024  Batches: 1  Memory Usage: 9kB
        ->  Hash Join  (cost=73990.99..132473.76 rows=304 width=8) (actual time=1153.341..1753.182 rows=16 loops=1)
              Hash Cond: (mc.movie_id = t.id)
              ->  Seq Scan on movie_companies mc  (cost=0.00..57926.93 rows=147411 width=4) (actual time=141.573..701.347 rows=293665 loops=1)
                    Filter: ((company_id > 94777) AND (company_type_id = 2))
                    Rows Removed by Filter: 2315464
              ->  Hash  (cost=73925.90..73925.90 rows=5207 width=4) (actual time=997.988..997.988 rows=6427 loops=1)
                    Buckets: 8192  Batches: 1  Memory Usage: 290kB
                    ->  Seq Scan on title t  (cost=0.00..73925.90 rows=5207 width=4) (actual time=0.067..994.462 rows=6427 loops=1)
                          Filter: ((kind_id > 2) AND (production_year = 1958))
                          Rows Removed by Filter: 2521885
Planning time: 1.142 ms
Execution time: 3309.718 ms
