Seq Scan on cast_info ci  (cost=0.00..705507.15 rows=500 width=0) (actual time=3118.174..8356.032 rows=175 loops=1)
  Filter: (person_id = 2415970)
  Rows Removed by Filter: 36244169
Planning time: 0.337 ms
Execution time: 8356.127 ms
