Hash Join  (cost=125325.91..1187001.67 rows=2713261 width=0) (actual time=2576.441..30563.711 rows=3602672 loops=1)
  Hash Cond: (ci.movie_id = t.id)
  ->  Seq Scan on cast_info ci  (cost=0.00..614943.12 rows=36225612 width=4) (actual time=0.008..13127.590 rows=36244344 loops=1)
  ->  Hash  (cost=122218.61..122218.61 rows=189384 width=8) (actual time=2575.158..2575.158 rows=88740 loops=1)
        Buckets: 131072  Batches: 4  Memory Usage: 1885kB
        ->  Hash Join  (cost=82474.87..122218.61 rows=189384 width=8) (actual time=1521.015..2546.140 rows=88740 loops=1)
              Hash Cond: (mi_idx.movie_id = t.id)
              ->  Seq Scan on movie_info_idx mi_idx  (cost=0.00..25185.44 rows=919057 width=4) (actual time=0.013..495.425 rows=920110 loops=1)
                    Filter: (info_type_id > 99)
                    Rows Removed by Filter: 459925
              ->  Hash  (cost=73925.90..73925.90 rows=521037 width=4) (actual time=1519.286..1519.286 rows=557941 loops=1)
                    Buckets: 131072  Batches: 8  Memory Usage: 3476kB
                    ->  Seq Scan on title t  (cost=0.00..73925.90 rows=521037 width=4) (actual time=0.008..1340.648 rows=557941 loops=1)
                          Filter: ((kind_id > 3) AND (production_year > 2007))
                          Rows Removed by Filter: 1970371
Planning time: 0.781 ms
Execution time: 30965.302 ms
