Nested Loop  (cost=0.43..117297.05 rows=30 width=0) (actual time=10.283..905.633 rows=32 loops=1)
  ->  Seq Scan on movie_companies mc  (cost=0.00..51404.11 rows=10089 width=4) (actual time=0.029..709.218 rows=10160 loops=1)
        Filter: (company_id = 2561)
        Rows Removed by Filter: 2598969
  ->  Index Scan using title_pkey on title t  (cost=0.43..6.52 rows=1 width=4) (actual time=0.019..0.019 rows=0 loops=10160)
        Index Cond: (id = mc.movie_id)
        Filter: (production_year = 1979)
        Rows Removed by Filter: 1
Planning time: 0.801 ms
Execution time: 905.760 ms
