Hash Join  (cost=200015.73..283025.77 rows=577451 width=0) (actual time=3825.447..8359.025 rows=10650252 loops=1)
  Hash Cond: (mc.movie_id = t.id)
  ->  Seq Scan on movie_companies mc  (cost=0.00..44881.29 rows=2609129 width=4) (actual time=0.014..713.632 rows=2609129 loops=1)
  ->  Hash  (cost=190834.58..190834.58 rows=559612 width=8) (actual time=3824.521..3824.521 rows=1221534 loops=1)
        Buckets: 131072 (originally 131072)  Batches: 16 (originally 8)  Memory Usage: 4073kB
        ->  Hash Join  (cost=83810.17..190834.58 rows=559612 width=8) (actual time=1241.209..3493.129 rows=1221534 loops=1)
              Hash Cond: (mk.movie_id = t.id)
              ->  Seq Scan on movie_keyword mk  (cost=0.00..81003.12 rows=1432577 width=4) (actual time=0.020..1161.607 rows=1446400 loops=1)
                    Filter: (keyword_id > 11549)
                    Rows Removed by Filter: 3077530
              ->  Hash  (cost=67604.59..67604.59 rows=987727 width=4) (actual time=1240.576..1240.576 rows=985048 loops=1)
                    Buckets: 131072  Batches: 16  Memory Usage: 3197kB
                    ->  Seq Scan on title t  (cost=0.00..67604.59 rows=987727 width=4) (actual time=0.019..923.786 rows=985048 loops=1)
                          Filter: (kind_id < 7)
                          Rows Removed by Filter: 1543264
Planning time: 1.120 ms
Execution time: 9420.950 ms
