Seq Scan on cast_info ci  (cost=0.00..796071.18 rows=324 width=0) (actual time=8813.898..11153.399 rows=80 loops=1)
  Filter: ((role_id > 1) AND (person_id = 1529980))
  Rows Removed by Filter: 36244264
Planning time: 0.364 ms
Execution time: 11153.511 ms
