Seq Scan on cast_info ci  (cost=0.00..796071.18 rows=638421 width=0) (actual time=6967.176..9162.835 rows=1248202 loops=1)
  Filter: ((person_id < 173612) AND (role_id < 2))
  Rows Removed by Filter: 34996142
Planning time: 0.326 ms
Execution time: 9317.411 ms
