Seq Scan on movie_keyword mk  (cost=0.00..81003.12 rows=1992546 width=0) (actual time=0.024..1187.937 rows=1999130 loops=1)
  Filter: (keyword_id > 6257)
  Rows Removed by Filter: 2524800
Planning time: 0.299 ms
Execution time: 1442.160 ms
