Seq Scan on movie_companies mc  (cost=0.00..57926.93 rows=854357 width=0) (actual time=0.012..987.693 rows=1168130 loops=1)
  Filter: ((company_id < 23352) AND (company_type_id = 1))
  Rows Removed by Filter: 1440999
Planning time: 0.369 ms
Execution time: 1136.639 ms
