Hash Join  (cost=102803.67..215859.79 rows=886296 width=0) (actual time=1867.985..4051.682 rows=480548 loops=1)
  Hash Cond: (mk.movie_id = t.id)
  ->  Seq Scan on movie_keyword mk  (cost=0.00..81003.12 rows=1273207 width=4) (actual time=0.020..1188.717 rows=1280401 loops=1)
        Filter: (keyword_id > 13815)
        Rows Removed by Filter: 3243529
  ->  Hash  (cost=73925.90..73925.90 rows=1760141 width=4) (actual time=1866.710..1866.710 rows=1754586 loops=1)
        Buckets: 131072  Batches: 32  Memory Usage: 2961kB
        ->  Seq Scan on title t  (cost=0.00..73925.90 rows=1760141 width=4) (actual time=0.021..1293.044 rows=1754586 loops=1)
              Filter: ((kind_id > 1) AND (production_year < 2013))
              Rows Removed by Filter: 773726
Planning time: 0.867 ms
Execution time: 4108.668 ms
