Hash Join  (cost=102767.86..1617589.20 rows=29459579 width=0) (actual time=1620.739..44233.966 rows=31605208 loops=1)
  Hash Cond: (ci.movie_id = t.id)
  ->  Seq Scan on cast_info ci  (cost=0.00..796071.18 rows=29459579 width=4) (actual time=0.017..17502.346 rows=31605208 loops=1)
        Filter: ((person_id < 3583700) AND (role_id < 10))
        Rows Removed by Filter: 4639136
  ->  Hash  (cost=61283.27..61283.27 rows=2528527 width=4) (actual time=1619.805..1619.805 rows=2528312 loops=1)
        Buckets: 131072  Batches: 64  Memory Usage: 2415kB
        ->  Seq Scan on title t  (cost=0.00..61283.27 rows=2528527 width=4) (actual time=0.022..805.090 rows=2528312 loops=1)
Planning time: 0.754 ms
Execution time: 47261.162 ms
