Hash Join  (cost=467435.04..548603.87 rows=443831 width=0) (actual time=8457.785..10477.275 rows=466874 loops=1)
  Hash Cond: (mc.movie_id = t.id)
  ->  Seq Scan on movie_companies mc  (cost=0.00..44881.29 rows=2609129 width=4) (actual time=0.026..864.724 rows=2609129 loops=1)
  ->  Hash  (cost=460377.54..460377.54 rows=430120 width=8) (actual time=8446.962..8446.962 rows=197585 loops=1)
        Buckets: 131072  Batches: 8  Memory Usage: 1993kB
        ->  Hash Join  (cost=94973.51..460377.54 rows=430120 width=8) (actual time=5217.790..8392.313 rows=197585 loops=1)
              Hash Cond: (mi.movie_id = t.id)
              ->  Seq Scan on movie_info mi  (cost=0.00..346232.03 rows=651960 width=4) (actual time=3407.106..5932.239 rows=660923 loops=1)
                    Filter: (info_type_id = 18)
                    Rows Removed by Filter: 14174797
              ->  Hash  (cost=67604.59..67604.59 rows=1668154 width=4) (actual time=1809.751..1809.751 rows=1674098 loops=1)
                    Buckets: 131072  Batches: 32  Memory Usage: 2875kB
                    ->  Seq Scan on title t  (cost=0.00..67604.59 rows=1668154 width=4) (actual time=0.036..1264.231 rows=1674098 loops=1)
                          Filter: (kind_id > 3)
                          Rows Removed by Filter: 854214
Planning time: 1.130 ms
Execution time: 10525.184 ms
