Hash Join  (cost=73983.02..950060.98 rows=38367 width=0) (actual time=1649.544..19628.468 rows=12145 loops=1)
  Hash Cond: (ci.movie_id = t.id)
  ->  Seq Scan on cast_info ci  (cost=0.00..796071.18 rows=21232829 width=4) (actual time=710.565..15199.213 rows=22630967 loops=1)
        Filter: ((person_id > 324092) AND (role_id > 1))
        Rows Removed by Filter: 13613377
  ->  Hash  (cost=73925.90..73925.90 rows=4569 width=4) (actual time=935.740..935.740 rows=3303 loops=1)
        Buckets: 8192  Batches: 1  Memory Usage: 181kB
        ->  Seq Scan on title t  (cost=0.00..73925.90 rows=4569 width=4) (actual time=1.876..933.780 rows=3303 loops=1)
              Filter: ((kind_id > 4) AND (production_year = 1952))
              Rows Removed by Filter: 2525009
Planning time: 0.821 ms
Execution time: 19631.156 ms
