Nested Loop  (cost=0.43..81841.61 rows=47 width=0) (actual time=162.544..819.715 rows=70 loops=1)
  ->  Seq Scan on movie_companies mc  (cost=0.00..57926.93 rows=3102 width=4) (actual time=135.857..736.040 rows=4042 loops=1)
        Filter: ((company_id = 687) AND (company_type_id = 2))
        Rows Removed by Filter: 2605087
  ->  Index Scan using title_pkey on title t  (cost=0.43..7.70 rows=1 width=4) (actual time=0.020..0.020 rows=0 loops=4042)
        Index Cond: (id = mc.movie_id)
        Filter: ((kind_id > 1) AND (production_year = 2000))
        Rows Removed by Filter: 1
Planning time: 0.669 ms
Execution time: 819.847 ms
