Seq Scan on cast_info ci  (cost=0.00..796071.18 rows=1238463 width=0) (actual time=0.017..10932.280 rows=862703 loops=1)
  Filter: ((person_id < 1093632) AND (role_id = 3))
  Rows Removed by Filter: 35381641
Planning time: 0.348 ms
Execution time: 11038.996 ms
