Hash Join  (cost=202919.40..345857.69 rows=1718426 width=0) (actual time=4055.805..10273.895 rows=13448509 loops=1)
  Hash Cond: (mk.movie_id = t.id)
  ->  Seq Scan on movie_keyword mk  (cost=0.00..69693.30 rows=4523930 width=4) (actual time=0.030..1209.140 rows=4523930 loops=1)
  ->  Hash  (cost=187161.56..187161.56 rows=960467 width=8) (actual time=4055.105..4055.105 rows=961553 loops=1)
        Buckets: 131072  Batches: 16  Memory Usage: 3389kB
        ->  Hash Join  (cost=102767.86..187161.56 rows=960467 width=8) (actual time=1683.389..3750.242 rows=961553 loops=1)
              Hash Cond: (mc.movie_id = t.id)
              ->  Seq Scan on movie_companies mc  (cost=0.00..51404.11 rows=960467 width=4) (actual time=0.017..787.027 rows=961553 loops=1)
                    Filter: (company_id < 3928)
                    Rows Removed by Filter: 1647576
              ->  Hash  (cost=61283.27..61283.27 rows=2528527 width=4) (actual time=1681.532..1681.532 rows=2528312 loops=1)
                    Buckets: 131072  Batches: 64  Memory Usage: 2415kB
                    ->  Seq Scan on title t  (cost=0.00..61283.27 rows=2528527 width=4) (actual time=0.009..824.863 rows=2528312 loops=1)
Planning time: 1.062 ms
Execution time: 11767.837 ms
