Hash Join  (cost=97892.67..1090033.88 rows=9359818 width=0) (actual time=7163.204..24798.201 rows=9387683 loops=1)
  Hash Cond: (ci.movie_id = t.id)
  ->  Seq Scan on cast_info ci  (cost=0.00..705507.15 rows=16201301 width=4) (actual time=5479.122..12339.258 rows=16121683 loops=1)
        Filter: (role_id > 2)
        Rows Removed by Filter: 20122661
  ->  Hash  (cost=73925.90..73925.90 rows=1460781 width=4) (actual time=1682.884..1682.884 rows=1478439 loops=1)
        Buckets: 131072  Batches: 32  Memory Usage: 2651kB
        ->  Seq Scan on title t  (cost=0.00..73925.90 rows=1460781 width=4) (actual time=0.031..1206.181 rows=1478439 loops=1)
              Filter: ((production_year > 1915) AND (kind_id = 7))
              Rows Removed by Filter: 1049873
Planning time: 0.733 ms
Execution time: 25911.609 ms
