Hash Join  (cost=215607.35..781011.85 rows=8022258 width=0) (actual time=4347.108..16840.981 rows=6267926 loops=1)
  Hash Cond: (mi.movie_id = t.id)
  ->  Seq Scan on movie_info mi  (cost=0.00..309384.22 rows=14739122 width=4) (actual time=0.016..4714.190 rows=14835720 loops=1)
  ->  Hash  (cost=193028.41..193028.41 rows=1376235 width=8) (actual time=4338.226..4338.226 rows=714456 loops=1)
        Buckets: 131072  Batches: 32  Memory Usage: 1876kB
        ->  Hash Join  (cost=93093.72..193028.41 rows=1376235 width=8) (actual time=1543.650..4101.025 rows=714456 loops=1)
              Hash Cond: (mc.movie_id = t.id)
              ->  Seq Scan on movie_companies mc  (cost=0.00..51404.11 rows=2239844 width=4) (actual time=0.030..944.196 rows=2236924 loops=1)
                    Filter: (company_id < 85241)
                    Rows Removed by Filter: 372205
              ->  Hash  (cost=67604.59..67604.59 rows=1553611 width=4) (actual time=1525.643..1525.643 rows=1555864 loops=1)
                    Buckets: 131072  Batches: 32  Memory Usage: 2734kB
                    ->  Seq Scan on title t  (cost=0.00..67604.59 rows=1553611 width=4) (actual time=0.030..1011.230 rows=1555864 loops=1)
                          Filter: (kind_id > 4)
                          Rows Removed by Filter: 972448
Planning time: 1.069 ms
Execution time: 17467.856 ms
