Seq Scan on cast_info ci  (cost=0.00..705507.15 rows=500 width=0) (actual time=674.681..9029.938 rows=37 loops=1)
  Filter: (person_id = 271681)
  Rows Removed by Filter: 36244307
Planning time: 0.325 ms
Execution time: 9030.039 ms
