Hash Join  (cost=114516.79..872255.59 rows=694968 width=0) (actual time=1829.254..17605.684 rows=1085463 loops=1)
  Hash Cond: (ci.movie_id = t.id)
  ->  Seq Scan on cast_info ci  (cost=0.00..614943.12 rows=36225612 width=4) (actual time=0.010..6732.208 rows=36244344 loops=1)
  ->  Hash  (cost=113910.44..113910.44 rows=48508 width=8) (actual time=1828.764..1828.764 rows=28374 loops=1)
        Buckets: 65536  Batches: 1  Memory Usage: 1621kB
        ->  Hash Join  (cost=75384.88..113910.44 rows=48508 width=8) (actual time=959.494..1815.137 rows=28374 loops=1)
              Hash Cond: (mi_idx.movie_id = t.id)
              ->  Seq Scan on movie_info_idx mi_idx  (cost=0.00..21735.35 rows=1380035 width=4) (actual time=0.018..393.102 rows=1380035 loops=1)
              ->  Hash  (cost=73925.90..73925.90 rows=88878 width=4) (actual time=958.513..958.513 rows=96722 loops=1)
                    Buckets: 131072  Batches: 2  Memory Usage: 2730kB
                    ->  Seq Scan on title t  (cost=0.00..73925.90 rows=88878 width=4) (actual time=0.025..923.410 rows=96722 loops=1)
                          Filter: ((kind_id > 2) AND (production_year = 2008))
                          Rows Removed by Filter: 2431590
Planning time: 1.121 ms
Execution time: 17754.788 ms
