Hash Join  (cost=162778.53..294271.15 rows=778958 width=0) (actual time=3382.130..12372.965 rows=24714051 loops=1)
  Hash Cond: (mk.movie_id = t.id)
  ->  Seq Scan on movie_keyword mk  (cost=0.00..69693.30 rows=4523930 width=4) (actual time=0.017..1164.088 rows=4523930 loops=1)
  ->  Hash  (cost=155635.32..155635.32 rows=435377 width=8) (actual time=3381.347..3381.347 rows=851136 loops=1)
        Buckets: 131072 (originally 131072)  Batches: 16 (originally 8)  Memory Usage: 3167kB
        ->  Hash Join  (cost=81720.25..155635.32 rows=435377 width=8) (actual time=1167.220..3104.905 rows=851136 loops=1)
              Hash Cond: (mc.movie_id = t.id)
              ->  Seq Scan on movie_companies mc  (cost=0.00..51404.11 rows=1279517 width=4) (actual time=0.026..852.385 rows=1274246 loops=1)
                    Filter: (company_type_id = 1)
                    Rows Removed by Filter: 1334883
              ->  Hash  (cost=67604.59..67604.59 rows=860373 width=4) (actual time=1166.105..1166.105 rows=854214 loops=1)
                    Buckets: 131072  Batches: 16  Memory Usage: 2897kB
                    ->  Seq Scan on title t  (cost=0.00..67604.59 rows=860373 width=4) (actual time=0.021..896.047 rows=854214 loops=1)
                          Filter: (kind_id < 4)
                          Rows Removed by Filter: 1674098
Planning time: 1.106 ms
Execution time: 15331.145 ms
