Seq Scan on cast_info ci  (cost=0.00..796071.18 rows=22923802 width=0) (actual time=0.020..14321.179 rows=22650233 loops=1)
  Filter: ((person_id < 3885050) AND (role_id > 1))
  Rows Removed by Filter: 13594111
Planning time: 0.349 ms
Execution time: 16955.004 ms
