Seq Scan on movie_keyword mk  (cost=0.00..81003.12 rows=3987587 width=0) (actual time=0.013..1377.223 rows=3996563 loops=1)
  Filter: (keyword_id < 34488)
  Rows Removed by Filter: 527367
Planning time: 0.270 ms
Execution time: 1893.221 ms
