Seq Scan on movie_companies mc  (cost=0.00..51404.11 rows=1401546 width=0) (actual time=0.023..782.390 rows=1389724 loops=1)
  Filter: (company_id < 12062)
  Rows Removed by Filter: 1219405
Planning time: 0.304 ms
Execution time: 962.160 ms
