Hash Join  (cost=263115.61..1741623.76 rows=28451091 width=0) (actual time=6355.408..58998.885 rows=58363951 loops=1)
  Hash Cond: (ci.movie_id = t.id)
  ->  Seq Scan on cast_info ci  (cost=0.00..796071.18 rows=27572171 width=4) (actual time=0.015..20054.981 rows=29674542 loops=1)
        Filter: ((person_id < 3223815) AND (role_id < 10))
        Rows Removed by Filter: 6569802
  ->  Hash  (cost=220309.49..220309.49 rows=2609129 width=8) (actual time=6353.861..6353.861 rows=2609129 loops=1)
        Buckets: 131072  Batches: 64  Memory Usage: 2610kB
        ->  Hash Join  (cost=102767.86..220309.49 rows=2609129 width=8) (actual time=1801.823..5568.358 rows=2609129 loops=1)
              Hash Cond: (mc.movie_id = t.id)
              ->  Seq Scan on movie_companies mc  (cost=0.00..44881.29 rows=2609129 width=4) (actual time=0.027..945.134 rows=2609129 loops=1)
              ->  Hash  (cost=61283.27..61283.27 rows=2528527 width=4) (actual time=1800.146..1800.146 rows=2528312 loops=1)
                    Buckets: 131072  Batches: 64  Memory Usage: 2415kB
                    ->  Seq Scan on title t  (cost=0.00..61283.27 rows=2528527 width=4) (actual time=0.018..1005.011 rows=2528312 loops=1)
Planning time: 1.195 ms
Execution time: 65692.035 ms
