Seq Scan on cast_info ci  (cost=0.00..705507.15 rows=26879930 width=0) (actual time=0.012..10771.652 rows=26912872 loops=1)
  Filter: (person_id < 2768953)
  Rows Removed by Filter: 9331472
Planning time: 0.325 ms
Execution time: 14098.396 ms
