Seq Scan on movie_keyword mk  (cost=0.00..81003.12 rows=246 width=0) (actual time=1.380..1090.848 rows=900 loops=1)
  Filter: (keyword_id = 2447)
  Rows Removed by Filter: 4523030
Planning time: 0.314 ms
Execution time: 1091.278 ms
