Seq Scan on movie_companies mc  (cost=0.00..57926.93 rows=193217 width=0) (actual time=141.587..808.718 rows=382576 loops=1)
  Filter: ((company_id > 83965) AND (company_type_id = 2))
  Rows Removed by Filter: 2226553
Planning time: 2.681 ms
Execution time: 855.829 ms
