Nested Loop  (cost=87687.83..503646.11 rows=11279 width=0) (actual time=6036.751..8931.298 rows=71 loops=1)
  ->  Hash Join  (cost=87687.40..453057.22 rows=95636 width=8) (actual time=2276.293..6406.245 rows=604241 loops=1)
        Hash Cond: (mi.movie_id = mc.movie_id)
        ->  Seq Scan on movie_info mi  (cost=0.00..346232.03 rows=17937 width=4) (actual time=636.806..4144.456 rows=30180 loops=1)
              Filter: (info_type_id = 110)
              Rows Removed by Filter: 14805540
        ->  Hash  (cost=44881.29..44881.29 rows=2609129 width=4) (actual time=1610.093..1610.093 rows=2609129 loops=1)
              Buckets: 131072  Batches: 64  Memory Usage: 2532kB
              ->  Seq Scan on movie_companies mc  (cost=0.00..44881.29 rows=2609129 width=4) (actual time=0.047..742.358 rows=2609129 loops=1)
  ->  Index Scan using title_pkey on title t  (cost=0.43..0.52 rows=1 width=4) (actual time=0.004..0.004 rows=0 loops=604241)
        Index Cond: (id = mc.movie_id)
        Filter: (kind_id = 7)
        Rows Removed by Filter: 1
Planning time: 1.128 ms
Execution time: 8931.473 ms
