Hash Join  (cost=70308.29..1180516.56 rows=2155776 width=0) (actual time=1410.924..29815.521 rows=2154543 loops=1)
  Hash Cond: (ci.movie_id = t.id)
  ->  Seq Scan on cast_info ci  (cost=0.00..705507.15 rows=33080896 width=4) (actual time=0.020..13805.774 rows=33050218 loops=1)
        Filter: (person_id < 3473244)
        Rows Removed by Filter: 3194126
  ->  Hash  (cost=67604.59..67604.59 rows=164776 width=4) (actual time=1409.984..1409.984 rows=164307 loops=1)
        Buckets: 131072  Batches: 4  Memory Usage: 2482kB
        ->  Seq Scan on title t  (cost=0.00..67604.59 rows=164776 width=4) (actual time=0.019..1012.307 rows=164307 loops=1)
              Filter: (production_year = 2012)
              Rows Removed by Filter: 2364005
Planning time: 0.575 ms
Execution time: 30109.060 ms
