Hash Join  (cost=181387.64..305165.29 rows=525239 width=0) (actual time=3966.749..7875.970 rows=2271762 loops=1)
  Hash Cond: (mk.movie_id = t.id)
  ->  Seq Scan on movie_keyword mk  (cost=0.00..81003.12 rows=3100304 width=4) (actual time=0.021..1451.883 rows=3086275 loops=1)
        Filter: (keyword_id < 11639)
        Rows Removed by Filter: 1437655
  ->  Hash  (cost=174359.00..174359.00 rows=428371 width=8) (actual time=3965.681..3965.681 rows=432405 loops=1)
        Buckets: 131072  Batches: 8  Memory Usage: 3163kB
        ->  Hash Join  (cost=102767.86..174359.00 rows=428371 width=8) (actual time=1633.028..3823.863 rows=432405 loops=1)
              Hash Cond: (mc.movie_id = t.id)
              ->  Seq Scan on movie_companies mc  (cost=0.00..51404.11 rows=428371 width=4) (actual time=0.029..665.174 rows=432405 loops=1)
                    Filter: (company_id > 78899)
                    Rows Removed by Filter: 2176724
              ->  Hash  (cost=61283.27..61283.27 rows=2528527 width=4) (actual time=1630.904..1630.904 rows=2528312 loops=1)
                    Buckets: 131072  Batches: 64  Memory Usage: 2415kB
                    ->  Seq Scan on title t  (cost=0.00..61283.27 rows=2528527 width=4) (actual time=0.022..785.315 rows=2528312 loops=1)
Planning time: 1.140 ms
Execution time: 8163.673 ms
