Seq Scan on cast_info ci  (cost=0.00..796071.18 rows=352136 width=0) (actual time=1043.135..7743.654 rows=113664 loops=1)
  Filter: ((person_id < 280699) AND (role_id = 10))
  Rows Removed by Filter: 36130680
Planning time: 0.369 ms
Execution time: 7761.134 ms
