Seq Scan on movie_keyword mk  (cost=0.00..81003.12 rows=438427 width=0) (actual time=0.027..1249.603 rows=434339 loops=1)
  Filter: (keyword_id > 40391)
  Rows Removed by Filter: 4089591
Planning time: 0.372 ms
Execution time: 1306.544 ms
