Seq Scan on movie_keyword mk  (cost=0.00..81003.12 rows=4257657 width=0) (actual time=0.023..1417.439 rows=4256947 loops=1)
  Filter: (keyword_id < 58739)
  Rows Removed by Filter: 266983
Planning time: 0.319 ms
Execution time: 1959.204 ms
