Hash Join  (cost=190230.21..1246022.83 rows=11059595 width=0) (actual time=4261.984..32419.190 rows=23215826 loops=1)
  Hash Cond: (ci.movie_id = t.id)
  ->  Seq Scan on cast_info ci  (cost=0.00..705507.15 rows=20263605 width=4) (actual time=0.020..11811.112 rows=20152097 loops=1)
        Filter: (person_id < 2024435)
        Rows Removed by Filter: 16092247
  ->  Hash  (cost=167588.78..167588.78 rows=1380035 width=8) (actual time=4260.711..4260.711 rows=1380035 loops=1)
        Buckets: 131072  Batches: 32  Memory Usage: 2708kB
        ->  Hash Join  (cost=102767.86..167588.78 rows=1380035 width=8) (actual time=1651.403..3854.756 rows=1380035 loops=1)
              Hash Cond: (mi_idx.movie_id = t.id)
              ->  Seq Scan on movie_info_idx mi_idx  (cost=0.00..21735.35 rows=1380035 width=4) (actual time=0.014..404.611 rows=1380035 loops=1)
              ->  Hash  (cost=61283.27..61283.27 rows=2528527 width=4) (actual time=1650.505..1650.505 rows=2528312 loops=1)
                    Buckets: 131072  Batches: 64  Memory Usage: 2415kB
                    ->  Seq Scan on title t  (cost=0.00..61283.27 rows=2528527 width=4) (actual time=0.024..834.432 rows=2528312 loops=1)
Planning time: 1.164 ms
Execution time: 35046.220 ms
