Nested Loop  (cost=0.43..709671.90 rows=500 width=0) (actual time=1951.649..8437.007 rows=396 loops=1)
  ->  Seq Scan on cast_info ci  (cost=0.00..705507.15 rows=500 width=4) (actual time=1951.450..8431.365 rows=396 loops=1)
        Filter: (person_id = 222359)
        Rows Removed by Filter: 36243948
  ->  Index Only Scan using title_pkey on title t  (cost=0.43..8.32 rows=1 width=4) (actual time=0.013..0.013 rows=1 loops=396)
        Index Cond: (id = ci.movie_id)
        Heap Fetches: 396
Planning time: 0.510 ms
Execution time: 8437.166 ms
