Hash Join  (cost=923331.81..1433240.00 rows=2821126 width=0) (actual time=15152.659..30257.864 rows=12179703 loops=1)
  Hash Cond: (mi.movie_id = t.id)
  ->  Seq Scan on movie_info mi  (cost=0.00..309384.22 rows=14739122 width=4) (actual time=0.010..4652.469 rows=14835720 loops=1)
  ->  Hash  (cost=915391.18..915391.18 rows=483970 width=8) (actual time=15151.626..15151.626 rows=553979 loops=1)
        Buckets: 131072  Batches: 8  Memory Usage: 3725kB
        ->  Hash Join  (cost=81319.76..915391.18 rows=483970 width=8) (actual time=2585.618..14436.821 rows=553979 loops=1)
              Hash Cond: (ci.movie_id = t.id)
              ->  Seq Scan on cast_info ci  (cost=0.00..796071.18 rows=2715613 width=4) (actual time=1610.568..11984.932 rows=3120854 loops=1)
                    Filter: ((person_id > 1134043) AND (role_id = 3))
                    Rows Removed by Filter: 33123490
              ->  Hash  (cost=73925.90..73925.90 rows=450628 width=4) (actual time=974.313..974.313 rows=325089 loops=1)
                    Buckets: 131072  Batches: 8  Memory Usage: 2458kB
                    ->  Seq Scan on title t  (cost=0.00..73925.90 rows=450628 width=4) (actual time=0.035..895.624 rows=325089 loops=1)
                          Filter: ((kind_id < 2) AND (production_year > 1992))
                          Rows Removed by Filter: 2203223
Planning time: 1.133 ms
Execution time: 31622.881 ms
