Hash Join  (cost=114969.38..1016150.05 rows=786462 width=0) (actual time=4057.935..21947.111 rows=2601965 loops=1)
  Hash Cond: (ci.movie_id = t.id)
  ->  Seq Scan on cast_info ci  (cost=0.00..705507.15 rows=16201301 width=4) (actual time=2198.514..12376.982 rows=16121683 loops=1)
        Filter: (role_id > 2)
        Rows Removed by Filter: 20122661
  ->  Hash  (cost=112955.10..112955.10 rows=122743 width=8) (actual time=1858.437..1858.437 rows=210140 loops=1)
        Buckets: 131072 (originally 131072)  Batches: 4 (originally 2)  Memory Usage: 3077kB
        ->  Hash Join  (cost=78556.72..112955.10 rows=122743 width=8) (actual time=1204.517..1801.781 rows=210140 loops=1)
              Hash Cond: (mi_idx.movie_id = t.id)
              ->  Seq Scan on movie_info_idx mi_idx  (cost=0.00..25185.44 rows=464934 width=4) (actual time=0.039..392.085 rows=460185 loops=1)
                    Filter: (info_type_id > 100)
                    Rows Removed by Filter: 919850
              ->  Hash  (cost=67604.59..67604.59 rows=667531 width=4) (actual time=1074.833..1074.833 rows=662825 loops=1)
                    Buckets: 131072  Batches: 16  Memory Usage: 2476kB
                    ->  Seq Scan on title t  (cost=0.00..67604.59 rows=667531 width=4) (actual time=114.443..871.841 rows=662825 loops=1)
                          Filter: (kind_id = 1)
                          Rows Removed by Filter: 1865487
Planning time: 1.097 ms
Execution time: 22271.597 ms
