Hash Join  (cost=97078.28..462596.75 rows=86252 width=0) (actual time=1385.160..7848.064 rows=269306 loops=1)
  Hash Cond: (mi.movie_id = t.id)
  ->  Seq Scan on movie_info mi  (cost=0.00..309384.22 rows=14739122 width=4) (actual time=0.023..3236.332 rows=14835720 loops=1)
  ->  Hash  (cost=96893.32..96893.32 rows=14797 width=8) (actual time=1384.432..1384.432 rows=18000 loops=1)
        Buckets: 32768 (originally 16384)  Batches: 1 (originally 1)  Memory Usage: 960kB
        ->  Hash Join  (cost=68113.45..96893.32 rows=14797 width=8) (actual time=779.743..1377.076 rows=18000 loops=1)
              Hash Cond: (mi_idx.movie_id = t.id)
              ->  Seq Scan on movie_info_idx mi_idx  (cost=0.00..25185.44 rows=919057 width=4) (actual time=0.018..402.825 rows=920110 loops=1)
                    Filter: (info_type_id > 99)
                    Rows Removed by Filter: 459925
              ->  Hash  (cost=67604.59..67604.59 rows=40709 width=4) (actual time=779.372..779.372 rows=38955 loops=1)
                    Buckets: 65536  Batches: 1  Memory Usage: 1882kB
                    ->  Seq Scan on title t  (cost=0.00..67604.59 rows=40709 width=4) (actual time=0.036..762.802 rows=38955 loops=1)
                          Filter: (production_year = 1997)
                          Rows Removed by Filter: 2489357
Planning time: 1.139 ms
Execution time: 7886.126 ms
