Seq Scan on movie_keyword mk  (cost=0.00..81003.12 rows=1302113 width=0) (actual time=0.026..1078.000 rows=1309461 loops=1)
  Filter: (keyword_id < 1715)
  Rows Removed by Filter: 3214469
Planning time: 0.311 ms
Execution time: 1232.681 ms
