Hash Join  (cost=1018504.83..4667720.72 rows=192592083 width=0) (actual time=26278.660..166775.914 rows=390384039 loops=1)
  Hash Cond: (ci.movie_id = t.id)
  ->  Seq Scan on cast_info ci  (cost=0.00..705507.15 rows=33039572 width=4) (actual time=0.024..14349.173 rows=33011486 loops=1)
        Filter: (person_id < 3467007)
        Rows Removed by Filter: 3232858
  ->  Hash  (cost=776690.81..776690.81 rows=14739122 width=8) (actual time=26274.784..26274.784 rows=14835720 loops=1)
        Buckets: 131072  Batches: 256  Memory Usage: 3268kB
        ->  Hash Join  (cost=102767.86..776690.81 rows=14739122 width=8) (actual time=2372.393..21036.752 rows=14835720 loops=1)
              Hash Cond: (mi.movie_id = t.id)
              ->  Seq Scan on movie_info mi  (cost=0.00..309384.22 rows=14739122 width=4) (actual time=0.022..4869.560 rows=14835720 loops=1)
              ->  Hash  (cost=61283.27..61283.27 rows=2528527 width=4) (actual time=2371.368..2371.368 rows=2528312 loops=1)
                    Buckets: 131072  Batches: 64  Memory Usage: 2425kB
                    ->  Seq Scan on title t  (cost=0.00..61283.27 rows=2528527 width=4) (actual time=0.017..867.740 rows=2528312 loops=1)
Planning time: 1.157 ms
Execution time: 211272.359 ms
