Hash Join  (cost=255451.16..745655.18 rows=4510833 width=0) (actual time=5475.038..15387.425 rows=5052668 loops=1)
  Hash Cond: (mi.movie_id = t.id)
  ->  Seq Scan on movie_info mi  (cost=0.00..346232.03 rows=7235534 width=4) (actual time=112.091..5153.749 rows=7286865 loops=1)
        Filter: (info_type_id < 8)
        Rows Removed by Filter: 7548855
  ->  Hash  (cost=229588.73..229588.73 rows=1576354 width=8) (actual time=5361.909..5361.909 rows=816098 loops=1)
        Buckets: 131072  Batches: 32  Memory Usage: 2006kB
        ->  Hash Join  (cost=88381.15..229588.73 rows=1576354 width=8) (actual time=1361.500..5119.182 rows=816098 loops=1)
              Hash Cond: (mk.movie_id = t.id)
              ->  Seq Scan on movie_keyword mk  (cost=0.00..69693.30 rows=4523930 width=4) (actual time=0.035..1246.045 rows=4523930 loops=1)
              ->  Hash  (cost=73925.90..73925.90 rows=881060 width=4) (actual time=1359.973..1359.973 rows=795183 loops=1)
                    Buckets: 131072  Batches: 16  Memory Usage: 2779kB
                    ->  Seq Scan on title t  (cost=0.00..73925.90 rows=881060 width=4) (actual time=0.020..1094.926 rows=795183 loops=1)
                          Filter: ((kind_id > 1) AND (production_year < 2003))
                          Rows Removed by Filter: 1733129
Planning time: 1.108 ms
Execution time: 16017.129 ms
