Hash Join  (cost=83126.54..1199753.80 rows=6581229 width=0) (actual time=1101.106..28333.289 rows=6526572 loops=1)
  Hash Cond: (ci.movie_id = t.id)
  ->  Seq Scan on cast_info ci  (cost=0.00..705507.15 rows=29674885 width=4) (actual time=0.025..13263.450 rows=29776057 loops=1)
        Filter: (person_id > 624596)
        Rows Removed by Filter: 6468287
  ->  Hash  (cost=73925.90..73925.90 rows=560771 width=4) (actual time=1100.162..1100.162 rows=438714 loops=1)
        Buckets: 131072  Batches: 8  Memory Usage: 2965kB
        ->  Seq Scan on title t  (cost=0.00..73925.90 rows=560771 width=4) (actual time=0.023..963.992 rows=438714 loops=1)
              Filter: ((production_year > 1967) AND (kind_id = 1))
              Rows Removed by Filter: 2089598
Planning time: 0.753 ms
Execution time: 28969.254 ms
