Seq Scan on movie_keyword mk  (cost=0.00..81003.12 rows=246 width=0) (actual time=150.472..1046.450 rows=18 loops=1)
  Filter: (keyword_id = 328)
  Rows Removed by Filter: 4523912
Planning time: 0.328 ms
Execution time: 1046.557 ms
