Hash Join  (cost=268867.80..1036783.46 rows=2010434 width=0) (actual time=7595.157..21239.506 rows=3643827 loops=1)
  Hash Cond: (ci.movie_id = t.id)
  ->  Seq Scan on cast_info ci  (cost=0.00..705507.15 rows=2735034 width=4) (actual time=1627.334..12860.609 rows=2728943 loops=1)
        Filter: (role_id = 4)
        Rows Removed by Filter: 33515401
  ->  Hash  (cost=238373.83..238373.83 rows=1858637 width=8) (actual time=5966.758..5966.758 rows=1865772 loops=1)
        Buckets: 131072  Batches: 32  Memory Usage: 3289kB
        ->  Hash Join  (cost=102767.86..238373.83 rows=1858637 width=8) (actual time=1836.426..5407.138 rows=1865772 loops=1)
              Hash Cond: (mk.movie_id = t.id)
              ->  Seq Scan on movie_keyword mk  (cost=0.00..81003.12 rows=1858637 width=4) (actual time=0.042..1682.870 rows=1865772 loops=1)
                    Filter: (keyword_id < 3154)
                    Rows Removed by Filter: 2658158
              ->  Hash  (cost=61283.27..61283.27 rows=2528527 width=4) (actual time=1835.484..1835.484 rows=2528312 loops=1)
                    Buckets: 131072  Batches: 64  Memory Usage: 2425kB
                    ->  Seq Scan on title t  (cost=0.00..61283.27 rows=2528527 width=4) (actual time=0.019..1023.961 rows=2528312 loops=1)
Planning time: 1.158 ms
Execution time: 21635.743 ms
