Seq Scan on cast_info ci  (cost=0.00..705507.15 rows=1802379 width=0) (actual time=7043.642..8709.835 rows=1842067 loops=1)
  Filter: (person_id > 3698088)
  Rows Removed by Filter: 34402277
Planning time: 0.307 ms
Execution time: 8935.371 ms
