Hash Join  (cost=215833.08..1104216.31 rows=2657983 width=0) (actual time=7330.900..24541.847 rows=13876295 loops=1)
  Hash Cond: (ci.movie_id = t.id)
  ->  Seq Scan on cast_info ci  (cost=0.00..796071.18 rows=5252592 width=4) (actual time=2733.401..11282.586 rows=10699649 loops=1)
        Filter: ((person_id < 1464988) AND (role_id = 1))
        Rows Removed by Filter: 25544695
  ->  Hash  (cost=194840.12..194840.12 rows=1279517 width=8) (actual time=4596.419..4596.419 rows=1274246 loops=1)
        Buckets: 131072  Batches: 32  Memory Usage: 2553kB
        ->  Hash Join  (cost=102767.86..194840.12 rows=1279517 width=8) (actual time=2026.427..4245.928 rows=1274246 loops=1)
              Hash Cond: (mc.movie_id = t.id)
              ->  Seq Scan on movie_companies mc  (cost=0.00..51404.11 rows=1279517 width=4) (actual time=0.028..866.599 rows=1274246 loops=1)
                    Filter: (company_type_id < 2)
                    Rows Removed by Filter: 1334883
              ->  Hash  (cost=61283.27..61283.27 rows=2528527 width=4) (actual time=2025.636..2025.636 rows=2528312 loops=1)
                    Buckets: 131072  Batches: 64  Memory Usage: 2415kB
                    ->  Seq Scan on title t  (cost=0.00..61283.27 rows=2528527 width=4) (actual time=0.024..896.793 rows=2528312 loops=1)
Planning time: 1.165 ms
Execution time: 25823.147 ms
