Seq Scan on cast_info ci  (cost=0.00..796071.18 rows=12216444 width=0) (actual time=6633.584..13510.638 rows=12670688 loops=1)
  Filter: ((person_id < 3776058) AND (role_id < 2))
  Rows Removed by Filter: 23573656
Planning time: 0.359 ms
Execution time: 15080.407 ms
