Hash Join  (cost=73952.40..136705.80 rows=38727 width=0) (actual time=1576.448..2312.452 rows=89538 loops=1)
  Hash Cond: (mc.movie_id = t.id)
  ->  Seq Scan on movie_companies mc  (cost=0.00..57926.93 rows=253119 width=4) (actual time=212.901..724.336 rows=378019 loops=1)
        Filter: ((company_id < 475) AND (company_type_id < 2))
        Rows Removed by Filter: 2231110
  ->  Hash  (cost=67604.59..67604.59 rows=386865 width=4) (actual time=1362.339..1362.339 rows=381430 loops=1)
        Buckets: 131072  Batches: 8  Memory Usage: 2693kB
        ->  Seq Scan on title t  (cost=0.00..67604.59 rows=386865 width=4) (actual time=0.033..933.239 rows=381430 loops=1)
              Filter: (production_year < 1971)
              Rows Removed by Filter: 2146882
Planning time: 0.741 ms
Execution time: 2321.468 ms
