Seq Scan on cast_info ci  (cost=0.00..796071.18 rows=4353433 width=0) (actual time=7565.762..11533.484 rows=3396253 loops=1)
  Filter: ((person_id < 2175779) AND (role_id = 2))
  Rows Removed by Filter: 32848091
Planning time: 0.366 ms
Execution time: 11947.595 ms
