Hash Join  (cost=83075.20..137743.12 rows=240 width=0) (actual time=1390.073..2463.332 rows=5646 loops=1)
  Hash Cond: (mc.movie_id = t.id)
  ->  Seq Scan on movie_companies mc  (cost=0.00..44881.29 rows=2609129 width=4) (actual time=0.018..611.818 rows=2609129 loops=1)
  ->  Hash  (cost=83072.29..83072.29 rows=233 width=8) (actual time=1388.642..1388.642 rows=590 loops=1)
        Buckets: 1024  Batches: 1  Memory Usage: 32kB
        ->  Nested Loop  (cost=0.43..83072.29 rows=233 width=8) (actual time=0.492..1388.200 rows=590 loops=1)
              ->  Seq Scan on movie_keyword mk  (cost=0.00..81003.12 rows=246 width=4) (actual time=0.438..1368.907 rows=594 loops=1)
                    Filter: (keyword_id = 8699)
                    Rows Removed by Filter: 4523336
              ->  Index Scan using title_pkey on title t  (cost=0.43..8.40 rows=1 width=4) (actual time=0.030..0.031 rows=1 loops=594)
                    Index Cond: (id = mk.movie_id)
                    Filter: (production_year < 2013)
                    Rows Removed by Filter: 0
Planning time: 1.180 ms
Execution time: 2464.389 ms
