Hash Join  (cost=284701.36..922871.39 rows=13115120 width=0) (actual time=5841.802..43560.079 rows=110663949 loops=1)
  Hash Cond: (mi.movie_id = t.id)
  ->  Seq Scan on movie_info mi  (cost=0.00..309384.22 rows=14739122 width=4) (actual time=0.013..4317.585 rows=14835720 loops=1)
  ->  Hash  (cost=247788.28..247788.28 rows=2249926 width=8) (actual time=5840.649..5840.649 rows=2253206 loops=1)
        Buckets: 131072  Batches: 32  Memory Usage: 3839kB
        ->  Hash Join  (cost=102767.86..247788.28 rows=2249926 width=8) (actual time=1578.206..5239.172 rows=2253206 loops=1)
              Hash Cond: (mk.movie_id = t.id)
              ->  Seq Scan on movie_keyword mk  (cost=0.00..81003.12 rows=2249926 width=4) (actual time=0.029..1459.036 rows=2253206 loops=1)
                    Filter: (keyword_id < 4651)
                    Rows Removed by Filter: 2270724
              ->  Hash  (cost=61283.27..61283.27 rows=2528527 width=4) (actual time=1576.697..1576.697 rows=2528312 loops=1)
                    Buckets: 131072  Batches: 64  Memory Usage: 2425kB
                    ->  Seq Scan on title t  (cost=0.00..61283.27 rows=2528527 width=4) (actual time=0.011..745.408 rows=2528312 loops=1)
Planning time: 1.092 ms
Execution time: 56506.302 ms
