Seq Scan on movie_keyword mk  (cost=0.00..81003.12 rows=2797156 width=0) (actual time=0.026..1310.539 rows=2791884 loops=1)
  Filter: (keyword_id > 2822)
  Rows Removed by Filter: 1732046
Planning time: 0.320 ms
Execution time: 1669.414 ms
