Hash Join  (cost=102767.86..248423.57 rows=2276344 width=0) (actual time=1642.756..5571.870 rows=2273373 loops=1)
  Hash Cond: (mk.movie_id = t.id)
  ->  Seq Scan on movie_keyword mk  (cost=0.00..81003.12 rows=2276344 width=4) (actual time=0.021..1257.059 rows=2273373 loops=1)
        Filter: (keyword_id > 4637)
        Rows Removed by Filter: 2250557
  ->  Hash  (cost=61283.27..61283.27 rows=2528527 width=4) (actual time=1638.607..1638.607 rows=2528312 loops=1)
        Buckets: 131072  Batches: 64  Memory Usage: 2425kB
        ->  Seq Scan on title t  (cost=0.00..61283.27 rows=2528527 width=4) (actual time=0.073..775.500 rows=2528312 loops=1)
Planning time: 0.713 ms
Execution time: 5847.171 ms
