Seq Scan on movie_companies mc  (cost=0.00..57926.93 rows=53 width=0) (actual time=254.844..539.543 rows=32 loops=1)
  Filter: ((company_id = 12333) AND (company_type_id = 2))
  Rows Removed by Filter: 2609097
Planning time: 0.268 ms
Execution time: 539.629 ms
