Hash Join  (cost=58358.87..85269.56 rows=21 width=0) (actual time=776.830..1278.688 rows=375 loops=1)
  Hash Cond: (mi_idx.movie_id = t.id)
  ->  Seq Scan on movie_info_idx mi_idx  (cost=0.00..21735.35 rows=1380035 width=4) (actual time=0.027..247.515 rows=1380035 loops=1)
  ->  Hash  (cost=58358.39..58358.39 rows=38 width=8) (actual time=775.958..775.958 rows=146 loops=1)
        Buckets: 1024  Batches: 1  Memory Usage: 14kB
        ->  Nested Loop  (cost=0.43..58358.39 rows=38 width=8) (actual time=4.624..775.845 rows=146 loops=1)
              ->  Seq Scan on movie_companies mc  (cost=0.00..57926.93 rows=51 width=4) (actual time=4.584..763.821 rows=592 loops=1)
                    Filter: ((company_type_id < 2) AND (company_id = 1371))
                    Rows Removed by Filter: 2608537
              ->  Index Scan using title_pkey on title t  (cost=0.43..8.45 rows=1 width=4) (actual time=0.019..0.019 rows=0 loops=592)
                    Index Cond: (id = mc.movie_id)
                    Filter: (kind_id > 1)
                    Rows Removed by Filter: 1
Planning time: 1.188 ms
Execution time: 1278.926 ms
