Seq Scan on movie_companies mc  (cost=0.00..57926.93 rows=368260 width=0) (actual time=338.429..793.091 rows=54112 loops=1)
  Filter: ((company_id > 36114) AND (company_type_id < 2))
  Rows Removed by Filter: 2555017
Planning time: 0.304 ms
Execution time: 800.480 ms
