Hash Join  (cost=102767.86..1069521.07 rows=6682710 width=0) (actual time=11531.054..21643.850 rows=7451493 loops=1)
  Hash Cond: (ci.movie_id = t.id)
  ->  Seq Scan on cast_info ci  (cost=0.00..796071.18 rows=6682710 width=4) (actual time=9900.365..14061.492 rows=7451493 loops=1)
        Filter: ((person_id > 289125) AND (role_id = 2))
        Rows Removed by Filter: 28792851
  ->  Hash  (cost=61283.27..61283.27 rows=2528527 width=4) (actual time=1629.270..1629.270 rows=2528312 loops=1)
        Buckets: 131072  Batches: 64  Memory Usage: 2415kB
        ->  Seq Scan on title t  (cost=0.00..61283.27 rows=2528527 width=4) (actual time=0.020..826.093 rows=2528312 loops=1)
Planning time: 1.023 ms
Execution time: 22432.435 ms
