Hash Join  (cost=105986.33..865168.41 rows=839290 width=0) (actual time=1617.490..19535.027 rows=1518347 loops=1)
  Hash Cond: (ci.movie_id = t.id)
  ->  Seq Scan on cast_info ci  (cost=0.00..614943.12 rows=36225612 width=4) (actual time=0.016..6558.394 rows=36244344 loops=1)
  ->  Hash  (cost=105254.06..105254.06 rows=58582 width=8) (actual time=1616.991..1616.991 rows=63191 loops=1)
        Buckets: 65536  Batches: 1  Memory Usage: 2981kB
        ->  Hash Join  (cost=72956.84..105254.06 rows=58582 width=8) (actual time=960.253..1598.452 rows=63191 loops=1)
              Hash Cond: (mi_idx.movie_id = t.id)
              ->  Seq Scan on movie_info_idx mi_idx  (cost=0.00..25185.44 rows=454124 width=4) (actual time=0.024..394.132 rows=459925 loops=1)
                    Filter: (info_type_id = 100)
                    Rows Removed by Filter: 920110
              ->  Hash  (cost=67604.59..67604.59 rows=326180 width=4) (actual time=959.400..959.400 rows=323245 loops=1)
                    Buckets: 131072  Batches: 8  Memory Usage: 2437kB
                    ->  Seq Scan on title t  (cost=0.00..67604.59 rows=326180 width=4) (actual time=0.023..856.276 rows=323245 loops=1)
                          Filter: (production_year < 1967)
                          Rows Removed by Filter: 2205067
Planning time: 1.188 ms
Execution time: 19725.727 ms
