Hash Join  (cost=263115.61..1582717.66 rows=21725761 width=0) (actual time=5770.106..42156.576 rows=40241809 loops=1)
  Hash Cond: (ci.movie_id = t.id)
  ->  Seq Scan on cast_info ci  (cost=0.00..796071.18 rows=21054602 width=4) (actual time=0.023..15421.853 rows=19775656 loops=1)
        Filter: ((person_id < 3366834) AND (role_id > 1))
        Rows Removed by Filter: 16468688
  ->  Hash  (cost=220309.49..220309.49 rows=2609129 width=8) (actual time=5767.411..5767.411 rows=2609129 loops=1)
        Buckets: 131072  Batches: 64  Memory Usage: 2610kB
        ->  Hash Join  (cost=102767.86..220309.49 rows=2609129 width=8) (actual time=1667.479..5016.743 rows=2609129 loops=1)
              Hash Cond: (mc.movie_id = t.id)
              ->  Seq Scan on movie_companies mc  (cost=0.00..44881.29 rows=2609129 width=4) (actual time=0.014..801.046 rows=2609129 loops=1)
              ->  Hash  (cost=61283.27..61283.27 rows=2528527 width=4) (actual time=1666.341..1666.341 rows=2528312 loops=1)
                    Buckets: 131072  Batches: 64  Memory Usage: 2415kB
                    ->  Seq Scan on title t  (cost=0.00..61283.27 rows=2528527 width=4) (actual time=0.025..829.649 rows=2528312 loops=1)
Planning time: 1.157 ms
Execution time: 46724.138 ms
