Hash Join  (cost=74449.67..113356.66 rows=150992 width=0) (actual time=1080.356..1989.964 rows=163848 loops=1)
  Hash Cond: (mi_idx.movie_id = t.id)
  ->  Seq Scan on movie_info_idx mi_idx  (cost=0.00..25185.44 rows=915101 width=4) (actual time=0.021..452.784 rows=919850 loops=1)
        Filter: (info_type_id < 101)
        Rows Removed by Filter: 460185
  ->  Hash  (cost=67604.59..67604.59 rows=417207 width=4) (actual time=1079.286..1079.286 rows=409495 loops=1)
        Buckets: 131072  Batches: 8  Memory Usage: 2821kB
        ->  Seq Scan on title t  (cost=0.00..67604.59 rows=417207 width=4) (actual time=0.012..946.561 rows=409495 loops=1)
              Filter: (production_year < 1973)
              Rows Removed by Filter: 2118817
Planning time: 1.928 ms
Execution time: 2006.979 ms
