Seq Scan on cast_info ci  (cost=0.00..796071.18 rows=21424586 width=0) (actual time=0.024..14766.090 rows=20331605 loops=1)
  Filter: ((person_id < 3465103) AND (role_id > 1))
  Rows Removed by Filter: 15912739
Planning time: 0.359 ms
Execution time: 17292.694 ms
