Seq Scan on movie_keyword mk  (cost=0.00..81003.12 rows=759929 width=0) (actual time=0.018..1185.186 rows=766496 loops=1)
  Filter: (keyword_id > 24404)
  Rows Removed by Filter: 3757434
Planning time: 0.300 ms
Execution time: 1284.313 ms
