Seq Scan on movie_companies mc  (cost=0.00..51404.11 rows=1033359 width=0) (actual time=0.041..804.029 rows=1030892 loops=1)
  Filter: (company_id < 5731)
  Rows Removed by Filter: 1578237
Planning time: 0.255 ms
Execution time: 925.711 ms
