Hash Join  (cost=102767.86..273133.58 rows=3303175 width=0) (actual time=1787.731..6256.174 rows=3294146 loops=1)
  Hash Cond: (mk.movie_id = t.id)
  ->  Seq Scan on movie_keyword mk  (cost=0.00..81003.12 rows=3303175 width=4) (actual time=0.019..1545.190 rows=3294146 loops=1)
        Filter: (keyword_id < 14747)
        Rows Removed by Filter: 1229784
  ->  Hash  (cost=61283.27..61283.27 rows=2528527 width=4) (actual time=1786.364..1786.364 rows=2528312 loops=1)
        Buckets: 131072  Batches: 64  Memory Usage: 2425kB
        ->  Seq Scan on title t  (cost=0.00..61283.27 rows=2528527 width=4) (actual time=0.022..948.448 rows=2528312 loops=1)
Planning time: 0.525 ms
Execution time: 6678.643 ms
