Seq Scan on movie_keyword mk  (cost=0.00..81003.12 rows=864932 width=0) (actual time=0.024..1181.478 rows=864832 loops=1)
  Filter: (keyword_id < 823)
  Rows Removed by Filter: 3659098
Planning time: 0.300 ms
Execution time: 1296.161 ms
