Hash Join  (cost=252138.59..1550306.99 rows=21326815 width=0) (actual time=4799.362..36945.702 rows=21779187 loops=1)
  Hash Cond: (ci.movie_id = t.id)
  ->  Seq Scan on cast_info ci  (cost=0.00..614943.12 rows=36225612 width=4) (actual time=0.022..10500.590 rows=36244344 loops=1)
  ->  Hash  (cost=227716.09..227716.09 rows=1488600 width=8) (actual time=4798.214..4798.214 rows=645239 loops=1)
        Buckets: 131072  Batches: 32  Memory Usage: 1815kB
        ->  Hash Join  (cost=87577.05..227716.09 rows=1488600 width=8) (actual time=1241.872..4612.022 rows=645239 loops=1)
              Hash Cond: (mk.movie_id = t.id)
              ->  Seq Scan on movie_keyword mk  (cost=0.00..69693.30 rows=4523930 width=4) (actual time=0.027..1193.906 rows=4523930 loops=1)
              ->  Hash  (cost=73925.90..73925.90 rows=832012 width=4) (actual time=1238.222..1238.222 rows=923009 loops=1)
                    Buckets: 131072  Batches: 16  Memory Usage: 3069kB
                    ->  Seq Scan on title t  (cost=0.00..73925.90 rows=832012 width=4) (actual time=0.017..965.207 rows=923009 loops=1)
                          Filter: ((kind_id > 3) AND (production_year > 2002))
                          Rows Removed by Filter: 1605303
Planning time: 1.195 ms
Execution time: 39464.990 ms
