Hash Join  (cost=68191.41..129051.12 rows=44607 width=0) (actual time=841.152..2193.165 rows=36590 loops=1)
  Hash Cond: (mc.movie_id = t.id)
  ->  Seq Scan on movie_companies mc  (cost=0.00..51404.11 rows=2402539 width=4) (actual time=0.011..815.064 rows=2402157 loops=1)
        Filter: (company_id > 67)
        Rows Removed by Filter: 206972
  ->  Hash  (cost=67604.59..67604.59 rows=46946 width=4) (actual time=840.788..840.788 rows=46583 loops=1)
        Buckets: 65536  Batches: 1  Memory Usage: 2150kB
        ->  Seq Scan on title t  (cost=0.00..67604.59 rows=46946 width=4) (actual time=0.013..821.900 rows=46583 loops=1)
              Filter: (production_year = 1998)
              Rows Removed by Filter: 2481729
Planning time: 0.548 ms
Execution time: 2198.518 ms
