Hash Join  (cost=443164.87..497993.55 rows=16316 width=0) (actual time=7519.872..8677.733 rows=71 loops=1)
  Hash Cond: (mc.movie_id = t.id)
  ->  Seq Scan on movie_companies mc  (cost=0.00..44881.29 rows=2609129 width=4) (actual time=0.024..671.625 rows=2609129 loops=1)
  ->  Hash  (cost=442967.22..442967.22 rows=15812 width=8) (actual time=7518.007..7518.007 rows=8 loops=1)
        Buckets: 16384  Batches: 1  Memory Usage: 129kB
        ->  Hash Join  (cost=91879.05..442967.22 rows=15812 width=8) (actual time=7373.925..7517.928 rows=8 loops=1)
              Hash Cond: (mi.movie_id = t.id)
              ->  Seq Scan on movie_info mi  (cost=0.00..346232.03 rows=36538 width=4) (actual time=2679.022..5685.678 rows=32053 loops=1)
                    Filter: (info_type_id > 108)
                    Rows Removed by Filter: 14803667
              ->  Hash  (cost=73925.90..73925.90 rows=1094252 width=4) (actual time=1661.553..1661.553 rows=1044222 loops=1)
                    Buckets: 131072  Batches: 16  Memory Usage: 3325kB
                    ->  Seq Scan on title t  (cost=0.00..73925.90 rows=1094252 width=4) (actual time=0.035..1327.741 rows=1044222 loops=1)
                          Filter: ((production_year < 2009) AND (kind_id = 7))
                          Rows Removed by Filter: 1484090
Planning time: 1.090 ms
Execution time: 8677.973 ms
