Hash Join  (cost=214620.70..323779.37 rows=648446 width=0) (actual time=4071.136..8117.232 rows=8360421 loops=1)
  Hash Cond: (mk.movie_id = t.id)
  ->  Seq Scan on movie_keyword mk  (cost=0.00..81003.12 rows=1506424 width=4) (actual time=0.023..1134.990 rows=1524738 loops=1)
        Filter: (keyword_id > 10532)
        Rows Removed by Filter: 2999192
  ->  Hash  (cost=196763.52..196763.52 rows=1088414 width=8) (actual time=4070.103..4070.103 rows=976686 loops=1)
        Buckets: 131072  Batches: 16  Memory Usage: 3462kB
        ->  Hash Join  (cost=102767.86..196763.52 rows=1088414 width=8) (actual time=1730.303..3806.866 rows=976686 loops=1)
              Hash Cond: (mc.movie_id = t.id)
              ->  Seq Scan on movie_companies mc  (cost=0.00..57926.93 rows=1088414 width=4) (actual time=0.021..981.717 rows=976686 loops=1)
                    Filter: ((company_id > 228) AND (company_type_id < 2))
                    Rows Removed by Filter: 1632443
              ->  Hash  (cost=61283.27..61283.27 rows=2528527 width=4) (actual time=1728.956..1728.956 rows=2528312 loops=1)
                    Buckets: 131072  Batches: 64  Memory Usage: 2415kB
                    ->  Seq Scan on title t  (cost=0.00..61283.27 rows=2528527 width=4) (actual time=0.015..869.225 rows=2528312 loops=1)
Planning time: 1.135 ms
Execution time: 9077.642 ms
