Seq Scan on cast_info ci  (cost=0.00..796071.18 rows=324 width=0) (actual time=6647.718..10968.118 rows=407 loops=1)
  Filter: ((role_id > 1) AND (person_id = 2975215))
  Rows Removed by Filter: 36243937
Planning time: 0.375 ms
Execution time: 10968.289 ms
