Hash Join  (cost=206676.33..352352.36 rows=1943099 width=0) (actual time=4777.331..10025.420 rows=7786686 loops=1)
  Hash Cond: (mk.movie_id = t.id)
  ->  Seq Scan on movie_keyword mk  (cost=0.00..69693.30 rows=4523930 width=4) (actual time=0.018..1162.462 rows=4523930 loops=1)
  ->  Hash  (cost=188857.80..188857.80 rows=1086042 width=8) (actual time=4776.546..4776.546 rows=1138593 loops=1)
        Buckets: 131072  Batches: 16  Memory Usage: 3823kB
        ->  Hash Join  (cost=101489.21..188857.80 rows=1086042 width=8) (actual time=1721.091..4308.578 rows=1138593 loops=1)
              Hash Cond: (mc.movie_id = t.id)
              ->  Seq Scan on movie_companies mc  (cost=0.00..51404.11 rows=1329612 width=4) (actual time=4.446..781.868 rows=1334883 loops=1)
                    Filter: (company_type_id > 1)
                    Rows Removed by Filter: 1274246
              ->  Hash  (cost=67604.59..67604.59 rows=2065330 width=4) (actual time=1715.810..1715.810 rows=2064552 loops=1)
                    Buckets: 131072  Batches: 32  Memory Usage: 3289kB
                    ->  Seq Scan on title t  (cost=0.00..67604.59 rows=2065330 width=4) (actual time=0.018..1048.342 rows=2064552 loops=1)
                          Filter: (production_year < 2011)
                          Rows Removed by Filter: 463760
Planning time: 1.120 ms
Execution time: 10983.990 ms
