Seq Scan on movie_companies mc  (cost=0.00..51404.11 rows=482164 width=0) (actual time=0.030..727.849 rows=476660 loops=1)
  Filter: (company_id < 423)
  Rows Removed by Filter: 2132469
Planning time: 0.312 ms
Execution time: 790.903 ms
