Hash Join  (cost=73990.99..100929.89 rows=2842 width=0) (actual time=966.751..1518.285 rows=7290 loops=1)
  Hash Cond: (mi_idx.movie_id = t.id)
  ->  Seq Scan on movie_info_idx mi_idx  (cost=0.00..21735.35 rows=1380035 width=4) (actual time=0.028..248.468 rows=1380035 loops=1)
  ->  Hash  (cost=73925.90..73925.90 rows=5207 width=4) (actual time=965.989..965.989 rows=14491 loops=1)
        Buckets: 16384 (originally 8192)  Batches: 1 (originally 1)  Memory Usage: 638kB
        ->  Seq Scan on title t  (cost=0.00..73925.90 rows=5207 width=4) (actual time=0.044..959.008 rows=14491 loops=1)
              Filter: ((kind_id > 2) AND (production_year = 1987))
              Rows Removed by Filter: 2513821
Planning time: 0.755 ms
Execution time: 1519.626 ms
