Hash Join  (cost=102767.86..195452.89 rows=1305041 width=0) (actual time=1674.111..3954.977 rows=1314151 loops=1)
  Hash Cond: (mc.movie_id = t.id)
  ->  Seq Scan on movie_companies mc  (cost=0.00..51404.11 rows=1305041 width=4) (actual time=53.758..823.400 rows=1314151 loops=1)
        Filter: (company_id > 11264)
        Rows Removed by Filter: 1294978
  ->  Hash  (cost=61283.27..61283.27 rows=2528527 width=4) (actual time=1618.789..1618.789 rows=2528312 loops=1)
        Buckets: 131072  Batches: 64  Memory Usage: 2415kB
        ->  Seq Scan on title t  (cost=0.00..61283.27 rows=2528527 width=4) (actual time=0.024..772.148 rows=2528312 loops=1)
Planning time: 0.707 ms
Execution time: 4120.888 ms
