Hash Join  (cost=74745.21..101794.67 rows=12052 width=0) (actual time=931.293..1384.327 rows=19373 loops=1)
  Hash Cond: (mi_idx.movie_id = t.id)
  ->  Seq Scan on movie_info_idx mi_idx  (cost=0.00..25185.44 rows=464934 width=4) (actual time=0.019..332.982 rows=460185 loops=1)
        Filter: (info_type_id > 100)
        Rows Removed by Filter: 919850
  ->  Hash  (cost=73925.90..73925.90 rows=65544 width=4) (actual time=930.599..930.599 rows=62209 loops=1)
        Buckets: 131072  Batches: 1  Memory Usage: 3212kB
        ->  Seq Scan on title t  (cost=0.00..73925.90 rows=65544 width=4) (actual time=0.026..909.368 rows=62209 loops=1)
              Filter: ((production_year < 2006) AND (kind_id = 4))
              Rows Removed by Filter: 2466103
Planning time: 0.385 ms
Execution time: 1386.735 ms
