Hash Join  (cost=521607.22..669344.01 rows=1963663 width=0) (actual time=9739.520..14705.853 rows=6297952 loops=1)
  Hash Cond: (mk.movie_id = t.id)
  ->  Seq Scan on movie_keyword mk  (cost=0.00..81003.12 rows=3203206 width=4) (actual time=0.023..1765.943 rows=3188940 loops=1)
        Filter: (keyword_id < 12888)
        Rows Removed by Filter: 1334990
  ->  Hash  (cost=496176.42..496176.42 rows=1550064 width=8) (actual time=9738.258..9738.258 rows=1533909 loops=1)
        Buckets: 131072  Batches: 32  Memory Usage: 2900kB
        ->  Hash Join  (cost=102767.86..496176.42 rows=1550064 width=8) (actual time=1964.619..9284.698 rows=1533909 loops=1)
              Hash Cond: (mi.movie_id = t.id)
              ->  Seq Scan on movie_info mi  (cost=0.00..346232.03 rows=1550064 width=4) (actual time=0.018..5682.927 rows=1533909 loops=1)
                    Filter: (info_type_id = 3)
                    Rows Removed by Filter: 13301811
              ->  Hash  (cost=61283.27..61283.27 rows=2528527 width=4) (actual time=1963.586..1963.586 rows=2528312 loops=1)
                    Buckets: 131072  Batches: 64  Memory Usage: 2425kB
                    ->  Seq Scan on title t  (cost=0.00..61283.27 rows=2528527 width=4) (actual time=0.020..1091.951 rows=2528312 loops=1)
Planning time: 1.178 ms
Execution time: 15442.662 ms
