Seq Scan on movie_companies mc  (cost=0.00..51404.11 rows=2157751 width=0) (actual time=0.030..814.914 rows=2159696 loops=1)
  Filter: (company_id > 358)
  Rows Removed by Filter: 449433
Planning time: 0.275 ms
Execution time: 1095.913 ms
