Hash Join  (cost=82805.75..439871.25 rows=173541 width=0) (actual time=1683.237..5965.518 rows=243941 loops=1)
  Hash Cond: (mi.movie_id = t.id)
  ->  Seq Scan on movie_info mi  (cost=0.00..346232.03 rows=473617 width=4) (actual time=472.800..4350.068 rows=486554 loops=1)
        Filter: (info_type_id = 5)
        Rows Removed by Filter: 14349166
  ->  Hash  (cost=67604.59..67604.59 rows=926493 width=4) (actual time=1209.481..1209.481 rows=924605 loops=1)
        Buckets: 131072  Batches: 16  Memory Usage: 3064kB
        ->  Seq Scan on title t  (cost=0.00..67604.59 rows=926493 width=4) (actual time=0.034..925.706 rows=924605 loops=1)
              Filter: (production_year < 1998)
              Rows Removed by Filter: 1603707
Planning time: 0.696 ms
Execution time: 5990.966 ms
