Seq Scan on movie_keyword mk  (cost=0.00..81003.12 rows=4065209 width=0) (actual time=0.023..1335.756 rows=4068594 loops=1)
  Filter: (keyword_id < 38928)
  Rows Removed by Filter: 455336
Planning time: 0.284 ms
Execution time: 1857.489 ms
