Seq Scan on cast_info ci  (cost=0.00..705507.15 rows=13729098 width=0) (actual time=0.051..10244.977 rows=13702864 loops=1)
  Filter: (person_id < 1349314)
  Rows Removed by Filter: 22541480
Planning time: 0.307 ms
Execution time: 12008.886 ms
