Seq Scan on movie_keyword mk  (cost=0.00..81003.12 rows=2281519 width=0) (actual time=0.020..1271.429 rows=2282505 loops=1)
  Filter: (keyword_id < 4840)
  Rows Removed by Filter: 2241425
Planning time: 0.297 ms
Execution time: 1570.139 ms
