Nested Loop  (cost=0.43..709673.15 rows=305 width=0) (actual time=4049.996..9463.622 rows=195 loops=1)
  ->  Seq Scan on cast_info ci  (cost=0.00..705507.15 rows=500 width=4) (actual time=4049.486..9458.473 rows=211 loops=1)
        Filter: (person_id = 1891661)
        Rows Removed by Filter: 36244133
  ->  Index Scan using title_pkey on title t  (cost=0.43..8.32 rows=1 width=4) (actual time=0.023..0.023 rows=1 loops=211)
        Index Cond: (id = ci.movie_id)
        Filter: (kind_id = 7)
        Rows Removed by Filter: 0
Planning time: 0.787 ms
Execution time: 9463.803 ms
