Seq Scan on cast_info ci  (cost=0.00..796071.18 rows=675928 width=0) (actual time=1793.937..9347.527 rows=2629127 loops=1)
  Filter: ((person_id > 3553851) AND (role_id > 4))
  Rows Removed by Filter: 33615217
Planning time: 0.323 ms
Execution time: 9688.990 ms
