Seq Scan on movie_keyword mk  (cost=0.00..81003.12 rows=798163 width=0) (actual time=0.017..1369.649 rows=802149 loops=1)
  Filter: (keyword_id > 23071)
  Rows Removed by Filter: 3721781
Planning time: 5.125 ms
Execution time: 1471.577 ms
