Hash Join  (cost=69928.56..202126.04 rows=233932 width=0) (actual time=803.266..3717.089 rows=160881 loops=1)
  Hash Cond: (mk.movie_id = t.id)
  ->  Seq Scan on movie_keyword mk  (cost=0.00..81003.12 rows=4177341 width=4) (actual time=0.025..1593.563 rows=4178880 loops=1)
        Filter: (keyword_id < 48248)
        Rows Removed by Filter: 345050
  ->  Hash  (cost=67604.59..67604.59 rows=141598 width=4) (actual time=802.031..802.031 rows=141703 loops=1)
        Buckets: 131072  Batches: 2  Memory Usage: 3517kB
        ->  Seq Scan on title t  (cost=0.00..67604.59 rows=141598 width=4) (actual time=0.019..751.694 rows=141703 loops=1)
              Filter: (production_year = 2010)
              Rows Removed by Filter: 2386609
Planning time: 5.246 ms
Execution time: 3738.371 ms
