Hash Join  (cost=276522.31..918475.74 rows=11143128 width=0) (actual time=6099.006..39106.135 rows=90829743 loops=1)
  Hash Cond: (mi.movie_id = t.id)
  ->  Seq Scan on movie_info mi  (cost=0.00..346232.03 rows=13759225 width=4) (actual time=0.029..5232.979 rows=13795839 loops=1)
        Filter: (info_type_id < 81)
        Rows Removed by Filter: 1039881
  ->  Hash  (cost=242925.21..242925.21 rows=2047768 width=8) (actual time=6097.844..6097.844 rows=2051034 loops=1)
        Buckets: 131072  Batches: 32  Memory Usage: 3595kB
        ->  Hash Join  (cost=102767.86..242925.21 rows=2047768 width=8) (actual time=1613.953..4727.375 rows=2051034 loops=1)
              Hash Cond: (mk.movie_id = t.id)
              ->  Seq Scan on movie_keyword mk  (cost=0.00..81003.12 rows=2047768 width=4) (actual time=0.017..1228.404 rows=2051034 loops=1)
                    Filter: (keyword_id > 5964)
                    Rows Removed by Filter: 2472896
              ->  Hash  (cost=61283.27..61283.27 rows=2528527 width=4) (actual time=1612.861..1612.861 rows=2528312 loops=1)
                    Buckets: 131072  Batches: 64  Memory Usage: 2425kB
                    ->  Seq Scan on title t  (cost=0.00..61283.27 rows=2528527 width=4) (actual time=0.016..751.827 rows=2528312 loops=1)
Planning time: 1.101 ms
Execution time: 49482.648 ms
