Hash Join  (cost=28269.54..89184.40 rows=71 width=0) (actual time=620.108..1466.493 rows=416 loops=1)
  Hash Cond: (mc.movie_id = t.id)
  ->  Seq Scan on movie_companies mc  (cost=0.00..57926.93 rows=796589 width=4) (actual time=3.368..926.503 rows=1015568 loops=1)
        Filter: ((company_id > 6036) AND (company_type_id = 2))
        Rows Removed by Filter: 1593561
  ->  Hash  (cost=28266.72..28266.72 rows=226 width=8) (actual time=389.362..389.362 rows=219 loops=1)
        Buckets: 1024  Batches: 1  Memory Usage: 17kB
        ->  Nested Loop  (cost=0.43..28266.72 rows=226 width=8) (actual time=271.278..389.260 rows=219 loops=1)
              ->  Seq Scan on movie_info_idx mi_idx  (cost=0.00..25185.44 rows=368 width=4) (actual time=271.202..378.054 rows=260 loops=1)
                    Filter: (info_type_id > 101)
                    Rows Removed by Filter: 1379775
              ->  Index Scan using title_pkey on title t  (cost=0.43..8.36 rows=1 width=4) (actual time=0.042..0.042 rows=1 loops=260)
                    Index Cond: (id = mi_idx.movie_id)
                    Filter: (production_year < 2007)
                    Rows Removed by Filter: 0
Planning time: 1.158 ms
Execution time: 1466.726 ms
