Hash Join  (cost=83073.49..109984.49 rows=52 width=0) (actual time=1069.502..1532.702 rows=1181 loops=1)
  Hash Cond: (mi_idx.movie_id = t.id)
  ->  Seq Scan on movie_info_idx mi_idx  (cost=0.00..21735.35 rows=1380035 width=4) (actual time=0.018..214.603 rows=1380035 loops=1)
  ->  Hash  (cost=83072.29..83072.29 rows=96 width=8) (actual time=1068.510..1068.510 rows=455 loops=1)
        Buckets: 1024  Batches: 1  Memory Usage: 26kB
        ->  Nested Loop  (cost=0.43..83072.29 rows=96 width=8) (actual time=3.364..1068.128 rows=455 loops=1)
              ->  Seq Scan on movie_keyword mk  (cost=0.00..81003.12 rows=246 width=4) (actual time=3.310..1052.178 rows=567 loops=1)
                    Filter: (keyword_id = 6014)
                    Rows Removed by Filter: 4523363
              ->  Index Scan using title_pkey on title t  (cost=0.43..8.40 rows=1 width=4) (actual time=0.026..0.026 rows=1 loops=567)
                    Index Cond: (id = mk.movie_id)
                    Filter: (kind_id < 7)
                    Rows Removed by Filter: 0
Planning time: 1.126 ms
Execution time: 1533.005 ms
