Hash Join  (cost=143931.71..530933.91 rows=400344 width=0) (actual time=6507.911..10245.065 rows=879735 loops=1)
  Hash Cond: (mi.movie_id = t.id)
  ->  Seq Scan on movie_info mi  (cost=0.00..346232.03 rows=3068194 width=4) (actual time=3120.915..4472.625 rows=3036719 loops=1)
        Filter: (info_type_id = 16)
        Rows Removed by Filter: 11799001
  ->  Hash  (cost=138518.62..138518.62 rows=329927 width=8) (actual time=3385.725..3385.725 rows=375691 loops=1)
        Buckets: 131072  Batches: 8  Memory Usage: 2878kB
        ->  Hash Join  (cost=97066.09..138518.62 rows=329927 width=8) (actual time=2192.405..3264.547 rows=375691 loops=1)
              Hash Cond: (mi_idx.movie_id = t.id)
              ->  Seq Scan on movie_info_idx mi_idx  (cost=0.00..25185.44 rows=464566 width=4) (actual time=0.050..395.855 rows=459925 loops=1)
                    Filter: (info_type_id = 101)
                    Rows Removed by Filter: 920110
              ->  Hash  (cost=67604.59..67604.59 rows=1795720 width=4) (actual time=2191.492..2191.492 rows=1794153 loops=1)
                    Buckets: 131072  Batches: 32  Memory Usage: 2992kB
                    ->  Seq Scan on title t  (cost=0.00..67604.59 rows=1795720 width=4) (actual time=0.021..943.803 rows=1794153 loops=1)
                          Filter: (production_year < 2009)
                          Rows Removed by Filter: 734159
Planning time: 1.118 ms
Execution time: 10359.684 ms
