Nested Loop  (cost=0.43..709673.15 rows=132 width=0) (actual time=1530.471..8144.023 rows=60 loops=1)
  ->  Seq Scan on cast_info ci  (cost=0.00..705507.15 rows=500 width=4) (actual time=1530.053..8142.116 rows=77 loops=1)
        Filter: (person_id = 1718841)
        Rows Removed by Filter: 36244267
  ->  Index Scan using title_pkey on title t  (cost=0.43..8.32 rows=1 width=4) (actual time=0.022..0.022 rows=1 loops=77)
        Index Cond: (id = ci.movie_id)
        Filter: (kind_id = 1)
        Rows Removed by Filter: 0
Planning time: 0.732 ms
Execution time: 8144.179 ms
