Hash Join  (cost=129928.86..907799.94 rows=9476311 width=169) (actual time=3359.328..23552.783 rows=9565151 loops=1)
  Hash Cond: (mi.movie_id = t.id)
  ->  Seq Scan on movie_info mi  (cost=0.00..346232.03 rows=9476311 width=75) (actual time=0.018..8021.223 rows=9565151 loops=1)
        Filter: (info_type_id < 16)
        Rows Removed by Filter: 5270569
  ->  Hash  (cost=61283.27..61283.27 rows=2528527 width=94) (actual time=3356.219..3356.219 rows=2528312 loops=1)
        Buckets: 32768  Batches: 128  Memory Usage: 2470kB
        ->  Seq Scan on title t  (cost=0.00..61283.27 rows=2528527 width=94) (actual time=0.016..1403.420 rows=2528312 loops=1)
Planning time: 0.956 ms
Execution time: 24055.161 ms
