Seq Scan on movie_keyword mk  (cost=0.00..81003.12 rows=4523564 width=0) (actual time=0.011..1314.896 rows=4523723 loops=1)
  Filter: (keyword_id < 133964)
  Rows Removed by Filter: 207
Planning time: 0.253 ms
Execution time: 1858.859 ms
