Hash Join  (cost=81201.38..190404.01 rows=348529 width=0) (actual time=1090.099..3211.513 rows=618283 loops=1)
  Hash Cond: (mk.movie_id = t.id)
  ->  Seq Scan on movie_keyword mk  (cost=0.00..81003.12 rows=1987523 width=4) (actual time=0.026..1228.076 rows=1993113 loops=1)
        Filter: (keyword_id < 3521)
        Rows Removed by Filter: 2530817
  ->  Hash  (cost=73925.90..73925.90 rows=443398 width=4) (actual time=1089.265..1089.265 rows=320021 loops=1)
        Buckets: 131072  Batches: 8  Memory Usage: 2442kB
        ->  Seq Scan on title t  (cost=0.00..73925.90 rows=443398 width=4) (actual time=0.017..984.386 rows=320021 loops=1)
              Filter: ((production_year > 1993) AND (kind_id = 1))
              Rows Removed by Filter: 2208291
Planning time: 0.799 ms
Execution time: 3267.588 ms
