Hash Join  (cost=211854.74..701168.10 rows=1629222 width=0) (actual time=3935.090..13346.682 rows=721127 loops=1)
  Hash Cond: (mi.movie_id = t.id)
  ->  Seq Scan on movie_info mi  (cost=0.00..346232.03 rows=9767026 width=4) (actual time=147.364..5196.752 rows=9911754 loops=1)
        Filter: (info_type_id > 4)
        Rows Removed by Filter: 4923966
  ->  Hash  (cost=204934.51..204934.51 rows=421779 width=8) (actual time=3786.759..3786.759 rows=72660 loops=1)
        Buckets: 131072  Batches: 8  Memory Usage: 1359kB
        ->  Hash Join  (cost=77793.68..204934.51 rows=421779 width=8) (actual time=2060.004..3761.516 rows=72660 loops=1)
              Hash Cond: (mk.movie_id = t.id)
              ->  Seq Scan on movie_keyword mk  (cost=0.00..69693.30 rows=4523930 width=4) (actual time=0.038..1141.297 rows=4523930 loops=1)
              ->  Hash  (cost=73925.90..73925.90 rows=235742 width=4) (actual time=907.559..907.559 rows=129555 loops=1)
                    Buckets: 131072  Batches: 4  Memory Usage: 2166kB
                    ->  Seq Scan on title t  (cost=0.00..73925.90 rows=235742 width=4) (actual time=134.717..862.328 rows=129555 loops=1)
                          Filter: ((production_year < 1971) AND (kind_id = 7))
                          Rows Removed by Filter: 2398757
Planning time: 1.140 ms
Execution time: 13431.498 ms
