Hash Join  (cost=92659.85..643485.93 rows=6655915 width=0) (actual time=1764.510..15736.160 rows=2881120 loops=1)
  Hash Cond: (mi.movie_id = t.id)
  ->  Seq Scan on movie_info mi  (cost=0.00..309384.22 rows=14739122 width=4) (actual time=0.012..5843.775 rows=14835720 loops=1)
  ->  Hash  (cost=73925.90..73925.90 rows=1141836 width=4) (actual time=1763.477..1763.477 rows=1235288 loops=1)
        Buckets: 131072  Batches: 16  Memory Usage: 3756kB
        ->  Seq Scan on title t  (cost=0.00..73925.90 rows=1141836 width=4) (actual time=319.522..1367.166 rows=1235288 loops=1)
              Filter: ((production_year > 1984) AND (kind_id = 7))
              Rows Removed by Filter: 1293024
Planning time: 0.776 ms
Execution time: 16051.126 ms
