Hash Join  (cost=74478.21..133477.92 rows=4776 width=0) (actual time=1072.790..1775.489 rows=7462 loops=1)
  Hash Cond: (mc.movie_id = t.id)
  ->  Seq Scan on movie_companies mc  (cost=0.00..57926.93 rows=273338 width=4) (actual time=174.797..779.661 rows=407405 loops=1)
        Filter: ((company_id < 573) AND (company_type_id = 1))
        Rows Removed by Filter: 2201724
  ->  Hash  (cost=73925.90..73925.90 rows=44184 width=4) (actual time=897.419..897.419 rows=35489 loops=1)
        Buckets: 65536  Batches: 1  Memory Usage: 1760kB
        ->  Seq Scan on title t  (cost=0.00..73925.90 rows=44184 width=4) (actual time=0.083..881.133 rows=35489 loops=1)
              Filter: ((kind_id < 7) AND (production_year = 2007))
              Rows Removed by Filter: 2492823
Planning time: 0.848 ms
Execution time: 1776.999 ms
