Hash Join  (cost=1018504.83..3603861.85 rows=121600608 width=0) (actual time=27428.700..117505.674 rows=260702276 loops=1)
  Hash Cond: (ci.movie_id = t.id)
  ->  Seq Scan on cast_info ci  (cost=0.00..705507.15 rows=20860837 width=4) (actual time=2223.877..12599.002 rows=20991819 loops=1)
        Filter: (person_id > 1502080)
        Rows Removed by Filter: 15252525
  ->  Hash  (cost=776690.81..776690.81 rows=14739122 width=8) (actual time=25200.406..25200.406 rows=14835720 loops=1)
        Buckets: 131072  Batches: 256  Memory Usage: 3268kB
        ->  Hash Join  (cost=102767.86..776690.81 rows=14739122 width=8) (actual time=1710.243..19446.713 rows=14835720 loops=1)
              Hash Cond: (mi.movie_id = t.id)
              ->  Seq Scan on movie_info mi  (cost=0.00..309384.22 rows=14739122 width=4) (actual time=0.025..4671.676 rows=14835720 loops=1)
              ->  Hash  (cost=61283.27..61283.27 rows=2528527 width=4) (actual time=1708.562..1708.562 rows=2528312 loops=1)
                    Buckets: 131072  Batches: 64  Memory Usage: 2425kB
                    ->  Seq Scan on title t  (cost=0.00..61283.27 rows=2528527 width=4) (actual time=0.016..852.659 rows=2528312 loops=1)
Planning time: 1.500 ms
Execution time: 146334.623 ms
