Seq Scan on title t  (cost=0.00..73925.90 rows=17236 width=0) (actual time=0.054..855.169 rows=12281 loops=1)
  Filter: ((kind_id < 4) AND (production_year = 1999))
  Rows Removed by Filter: 2516031
Planning time: 0.391 ms
Execution time: 857.897 ms
