Hash Join  (cost=130319.63..217870.96 rows=89329 width=0) (actual time=2159.910..3721.874 rows=31432 loops=1)
  Hash Cond: (mk.movie_id = t.id)
  ->  Seq Scan on movie_keyword mk  (cost=0.00..69693.30 rows=4523930 width=4) (actual time=0.029..742.140 rows=4523930 loops=1)
  ->  Hash  (cost=129695.53..129695.53 rows=49928 width=8) (actual time=2159.317..2159.317 rows=22197 loops=1)
        Buckets: 65536  Batches: 1  Memory Usage: 1380kB
        ->  Hash Join  (cost=74530.73..129695.53 rows=49928 width=8) (actual time=1023.407..2151.093 rows=22197 loops=1)
              Hash Cond: (mc.movie_id = t.id)
              ->  Seq Scan on movie_companies mc  (cost=0.00..44881.29 rows=2609129 width=4) (actual time=0.016..447.100 rows=2609129 loops=1)
              ->  Hash  (cost=73925.90..73925.90 rows=48386 width=4) (actual time=1022.978..1022.978 rows=45023 loops=1)
                    Buckets: 65536  Batches: 1  Memory Usage: 2095kB
                    ->  Seq Scan on title t  (cost=0.00..73925.90 rows=48386 width=4) (actual time=0.037..1004.451 rows=45023 loops=1)
                          Filter: ((kind_id > 1) AND (production_year = 2013))
                          Rows Removed by Filter: 2483289
Planning time: 1.150 ms
Execution time: 3726.275 ms
