Seq Scan on movie_companies mc  (cost=0.00..51404.11 rows=2001859 width=0) (actual time=0.023..827.080 rows=2003904 loops=1)
  Filter: (company_id > 699)
  Rows Removed by Filter: 605225
Planning time: 0.334 ms
Execution time: 1083.234 ms
