Seq Scan on movie_keyword mk  (cost=0.00..81003.12 rows=246 width=0) (actual time=3.280..1108.269 rows=586 loops=1)
  Filter: (keyword_id = 7267)
  Rows Removed by Filter: 4523344
Planning time: 0.266 ms
Execution time: 1108.588 ms
