Hash Join  (cost=83073.27..447733.81 rows=459 width=0) (actual time=1029.013..6327.797 rows=40404 loops=1)
  Hash Cond: (mi.movie_id = t.id)
  ->  Seq Scan on movie_info mi  (cost=0.00..309384.22 rows=14739122 width=4) (actual time=0.020..2741.027 rows=14835720 loops=1)
  ->  Hash  (cost=83072.29..83072.29 rows=79 width=8) (actual time=1028.882..1028.882 rows=823 loops=1)
        Buckets: 1024  Batches: 1  Memory Usage: 41kB
        ->  Nested Loop  (cost=0.43..83072.29 rows=79 width=8) (actual time=0.354..1028.322 rows=823 loops=1)
              ->  Seq Scan on movie_keyword mk  (cost=0.00..81003.12 rows=246 width=4) (actual time=0.301..982.194 rows=2506 loops=1)
                    Filter: (keyword_id = 2853)
                    Rows Removed by Filter: 4521424
              ->  Index Scan using title_pkey on title t  (cost=0.43..8.40 rows=1 width=4) (actual time=0.018..0.018 rows=0 loops=2506)
                    Index Cond: (id = mk.movie_id)
                    Filter: (production_year < 1995)
                    Rows Removed by Filter: 1
Planning time: 1.225 ms
Execution time: 6333.941 ms
