Seq Scan on movie_keyword mk  (cost=0.00..81003.12 rows=2123255 width=0) (actual time=0.027..1234.802 rows=2120245 loops=1)
  Filter: (keyword_id > 5599)
  Rows Removed by Filter: 2403685
Planning time: 0.331 ms
Execution time: 1509.166 ms
