Hash Join  (cost=89435.42..628038.38 rows=5510403 width=0) (actual time=1317.678..17110.615 rows=10387133 loops=1)
  Hash Cond: (mi.movie_id = t.id)
  ->  Seq Scan on movie_info mi  (cost=0.00..309384.22 rows=14739122 width=4) (actual time=0.004..4228.324 rows=14835720 loops=1)
  ->  Hash  (cost=73925.90..73925.90 rows=945321 width=4) (actual time=1317.005..1317.005 rows=934959 loops=1)
        Buckets: 131072  Batches: 16  Memory Usage: 3088kB
        ->  Seq Scan on title t  (cost=0.00..73925.90 rows=945321 width=4) (actual time=0.018..1018.117 rows=934959 loops=1)
              Filter: ((kind_id < 7) AND (production_year > 1912))
              Rows Removed by Filter: 1593353
Planning time: 0.470 ms
Execution time: 18456.412 ms
