Hash Join  (cost=100872.60..155541.82 rows=369 width=0) (actual time=1502.556..2304.985 rows=749 loops=1)
  Hash Cond: (mc.movie_id = t.id)
  ->  Seq Scan on movie_companies mc  (cost=0.00..44881.29 rows=2609129 width=4) (actual time=0.028..422.467 rows=2609129 loops=1)
  ->  Hash  (cost=100868.13..100868.13 rows=358 width=8) (actual time=1433.037..1433.037 rows=247 loops=1)
        Buckets: 1024  Batches: 1  Memory Usage: 18kB
        ->  Hash Join  (cost=73950.44..100868.13 rows=358 width=8) (actual time=1056.973..1432.858 rows=247 loops=1)
              Hash Cond: (mi_idx.movie_id = t.id)
              ->  Seq Scan on movie_info_idx mi_idx  (cost=0.00..25185.44 rows=460978 width=4) (actual time=0.021..396.185 rows=459925 loops=1)
                    Filter: (info_type_id < 100)
                    Rows Removed by Filter: 920110
              ->  Hash  (cost=73925.90..73925.90 rows=1963 width=4) (actual time=945.985..945.985 rows=8125 loops=1)
                    Buckets: 8192 (originally 2048)  Batches: 1 (originally 1)  Memory Usage: 350kB
                    ->  Seq Scan on title t  (cost=0.00..73925.90 rows=1963 width=4) (actual time=0.033..942.661 rows=8125 loops=1)
                          Filter: ((kind_id = 1) AND (production_year = 1914))
                          Rows Removed by Filter: 2520187
Planning time: 1.174 ms
Execution time: 2305.307 ms
