Hash Join  (cost=94616.01..149264.44 rows=456 width=0) (actual time=1313.141..1977.853 rows=1245 loops=1)
  Hash Cond: (mc.movie_id = t.id)
  ->  Seq Scan on movie_companies mc  (cost=0.00..51404.11 rows=863935 width=4) (actual time=14.266..570.906 rows=870776 loops=1)
        Filter: (company_id > 23583)
        Rows Removed by Filter: 1738353
  ->  Hash  (cost=94599.31..94599.31 rows=1336 width=8) (actual time=1297.931..1297.931 rows=1449 loops=1)
        Buckets: 2048  Batches: 1  Memory Usage: 73kB
        ->  Hash Join  (cost=67697.55..94599.31 rows=1336 width=8) (actual time=826.888..1297.137 rows=1449 loops=1)
              Hash Cond: (mi_idx.movie_id = t.id)
              ->  Seq Scan on movie_info_idx mi_idx  (cost=0.00..25185.44 rows=454124 width=4) (actual time=0.027..380.630 rows=459925 loops=1)
                    Filter: (info_type_id = 100)
                    Rows Removed by Filter: 920110
              ->  Hash  (cost=67604.59..67604.59 rows=7437 width=4) (actual time=825.277..825.277 rows=7199 loops=1)
                    Buckets: 8192  Batches: 1  Memory Usage: 318kB
                    ->  Seq Scan on title t  (cost=0.00..67604.59 rows=7437 width=4) (actual time=0.118..821.814 rows=7199 loops=1)
                          Filter: (production_year = 1954)
                          Rows Removed by Filter: 2521113
Planning time: 1.206 ms
Execution time: 1978.195 ms
