Seq Scan on movie_companies mc  (cost=0.00..51404.11 rows=2174 width=0) (actual time=0.059..638.475 rows=2164 loops=1)
  Filter: (company_id = 439)
  Rows Removed by Filter: 2606965
Planning time: 0.276 ms
Execution time: 638.961 ms
