Seq Scan on cast_info ci  (cost=0.00..796071.18 rows=26409459 width=0) (actual time=0.054..14983.787 rows=28512345 loops=1)
  Filter: ((person_id < 3050784) AND (role_id < 10))
  Rows Removed by Filter: 7731999
Planning time: 0.349 ms
Execution time: 18536.910 ms
