Hash Join  (cost=58358.72..85269.29 rows=9 width=0) (actual time=1045.257..1164.124 rows=9 loops=1)
  Hash Cond: (mi_idx.movie_id = t.id)
  ->  Seq Scan on movie_info_idx mi_idx  (cost=0.00..21735.35 rows=1380035 width=4) (actual time=0.025..224.518 rows=1380035 loops=1)
  ->  Hash  (cost=58358.52..58358.52 rows=16 width=8) (actual time=686.889..686.889 rows=4 loops=1)
        Buckets: 1024  Batches: 1  Memory Usage: 9kB
        ->  Nested Loop  (cost=0.43..58358.52 rows=16 width=8) (actual time=531.440..686.876 rows=4 loops=1)
              ->  Seq Scan on movie_companies mc  (cost=0.00..57926.93 rows=51 width=4) (actual time=531.382..686.640 rows=4 loops=1)
                    Filter: ((company_id = 6256) AND (company_type_id = 1))
                    Rows Removed by Filter: 2609125
              ->  Index Scan using title_pkey on title t  (cost=0.43..8.45 rows=1 width=4) (actual time=0.051..0.052 rows=1 loops=4)
                    Index Cond: (id = mc.movie_id)
                    Filter: ((kind_id < 4) AND (production_year > 1917))
Planning time: 1.223 ms
Execution time: 1164.269 ms
