Nested Loop  (cost=32807.94..193752.21 rows=13825 width=0) (actual time=561.939..3922.093 rows=22210 loops=1)
  ->  Hash Join  (cost=32807.51..130135.02 rows=75298 width=8) (actual time=561.870..1794.174 rows=22210 loops=1)
        Hash Cond: (mk.movie_id = mi_idx.movie_id)
        ->  Seq Scan on movie_keyword mk  (cost=0.00..81003.12 rows=75248 width=4) (actual time=0.039..1099.023 rows=72496 loops=1)
              Filter: (keyword_id = 335)
              Rows Removed by Filter: 4451434
        ->  Hash  (cost=25185.44..25185.44 rows=464566 width=4) (actual time=560.918..560.918 rows=459925 loops=1)
              Buckets: 131072  Batches: 8  Memory Usage: 3059kB
              ->  Seq Scan on movie_info_idx mi_idx  (cost=0.00..25185.44 rows=464566 width=4) (actual time=0.024..419.224 rows=459925 loops=1)
                    Filter: (info_type_id = 101)
                    Rows Removed by Filter: 920110
  ->  Index Only Scan using title_pkey on title t  (cost=0.43..0.83 rows=1 width=4) (actual time=0.095..0.095 rows=1 loops=22210)
        Index Cond: (id = mi_idx.movie_id)
        Heap Fetches: 22210
Planning time: 9.255 ms
Execution time: 3927.086 ms
