Seq Scan on movie_companies mc  (cost=0.00..57926.93 rows=618798 width=0) (actual time=0.028..961.164 rows=888099 loops=1)
  Filter: ((company_id > 11957) AND (company_type_id > 1))
  Rows Removed by Filter: 1721030
Planning time: 0.303 ms
Execution time: 1079.361 ms
