Hash Join  (cost=74016.92..846992.34 rows=51413 width=0) (actual time=1040.726..17274.540 rows=37092 loops=1)
  Hash Cond: (ci.movie_id = t.id)
  ->  Seq Scan on cast_info ci  (cost=0.00..705507.15 rows=17854437 width=4) (actual time=0.012..12462.540 rows=17705463 loops=1)
        Filter: (person_id < 1753281)
        Rows Removed by Filter: 18538881
  ->  Hash  (cost=73925.90..73925.90 rows=7281 width=4) (actual time=1040.604..1040.604 rows=7012 loops=1)
        Buckets: 8192  Batches: 1  Memory Usage: 311kB
        ->  Seq Scan on title t  (cost=0.00..73925.90 rows=7281 width=4) (actual time=84.494..1037.380 rows=7012 loops=1)
              Filter: ((kind_id = 4) AND (production_year = 2011))
              Rows Removed by Filter: 2521300
Planning time: 0.933 ms
Execution time: 17282.943 ms
