Hash Join  (cost=76120.03..153072.07 rows=137952 width=0) (actual time=984.119..2758.151 rows=171379 loops=1)
  Hash Cond: (mc.movie_id = t.id)
  ->  Seq Scan on movie_companies mc  (cost=0.00..44881.29 rows=2609129 width=4) (actual time=0.014..708.782 rows=2609129 loops=1)
  ->  Hash  (cost=73925.90..73925.90 rows=133690 width=4) (actual time=983.325..983.325 rows=120471 loops=1)
        Buckets: 131072  Batches: 2  Memory Usage: 3141kB
        ->  Seq Scan on title t  (cost=0.00..73925.90 rows=133690 width=4) (actual time=0.035..939.857 rows=120471 loops=1)
              Filter: ((kind_id < 4) AND (production_year > 2010))
              Rows Removed by Filter: 2407841
Planning time: 0.822 ms
Execution time: 2781.741 ms
