Hash Join  (cost=472951.23..1413974.92 rows=2351248 width=0) (actual time=10591.653..28366.004 rows=2715921 loops=1)
  Hash Cond: (ci.movie_id = t.id)
  ->  Seq Scan on cast_info ci  (cost=0.00..796071.18 rows=10308007 width=4) (actual time=3671.383..13350.115 rows=16014541 loops=1)
        Filter: ((person_id > 2032922) AND (role_id > 1))
        Rows Removed by Filter: 20229803
  ->  Hash  (cost=463488.80..463488.80 rows=576755 width=8) (actual time=6919.119..6919.119 rows=236399 loops=1)
        Buckets: 131072  Batches: 8  Memory Usage: 2179kB
        ->  Hash Join  (cost=91673.71..463488.80 rows=576755 width=8) (actual time=5990.657..6841.661 rows=236399 loops=1)
              Hash Cond: (mi.movie_id = t.id)
              ->  Seq Scan on movie_info mi  (cost=0.00..346232.03 rows=1348138 width=4) (actual time=0.019..4385.764 rows=1298989 loops=1)
                    Filter: (info_type_id = 4)
                    Rows Removed by Filter: 13536731
              ->  Hash  (cost=73925.90..73925.90 rows=1081744 width=4) (actual time=1547.934..1547.934 rows=1176905 loops=1)
                    Buckets: 131072  Batches: 16  Memory Usage: 3625kB
                    ->  Seq Scan on title t  (cost=0.00..73925.90 rows=1081744 width=4) (actual time=0.024..1171.248 rows=1176905 loops=1)
                          Filter: ((production_year > 1989) AND (kind_id = 7))
                          Rows Removed by Filter: 1351407
Planning time: 1.199 ms
Execution time: 28715.878 ms
