Hash Join  (cost=142214.21..514707.30 rows=344369 width=0) (actual time=2897.817..8413.349 rows=543759 loops=1)
  Hash Cond: (mi.movie_id = t.id)
  ->  Seq Scan on movie_info mi  (cost=0.00..346232.03 rows=1810770 width=4) (actual time=170.279..4434.415 rows=1865632 loops=1)
        Filter: (info_type_id > 17)
        Rows Removed by Filter: 12970088
  ->  Hash  (cost=134324.34..134324.34 rows=480870 width=8) (actual time=2669.494..2669.494 rows=396321 loops=1)
        Buckets: 131072  Batches: 8  Memory Usage: 2983kB
        ->  Hash Join  (cost=88381.15..134324.34 rows=480870 width=8) (actual time=1291.521..2536.997 rows=396321 loops=1)
              Hash Cond: (mi_idx.movie_id = t.id)
              ->  Seq Scan on movie_info_idx mi_idx  (cost=0.00..21735.35 rows=1380035 width=4) (actual time=0.024..367.821 rows=1380035 loops=1)
              ->  Hash  (cost=73925.90..73925.90 rows=881060 width=4) (actual time=1290.835..1290.835 rows=795183 loops=1)
                    Buckets: 131072  Batches: 16  Memory Usage: 2773kB
                    ->  Seq Scan on title t  (cost=0.00..73925.90 rows=881060 width=4) (actual time=0.025..1039.344 rows=795183 loops=1)
                          Filter: ((kind_id > 1) AND (production_year < 2003))
                          Rows Removed by Filter: 1733129
Planning time: 1.189 ms
Execution time: 8480.339 ms
