Hash Join  (cost=74148.17..161124.34 rows=31813 width=0) (actual time=887.588..2523.643 rows=74069 loops=1)
  Hash Cond: (mk.movie_id = t.id)
  ->  Seq Scan on movie_keyword mk  (cost=0.00..69693.30 rows=4523930 width=4) (actual time=0.011..765.318 rows=4523930 loops=1)
  ->  Hash  (cost=73925.90..73925.90 rows=17781 width=4) (actual time=887.151..887.151 rows=13117 loops=1)
        Buckets: 32768  Batches: 1  Memory Usage: 718kB
        ->  Seq Scan on title t  (cost=0.00..73925.90 rows=17781 width=4) (actual time=0.798..880.763 rows=13117 loops=1)
              Filter: ((kind_id < 4) AND (production_year = 2000))
              Rows Removed by Filter: 2515195
Planning time: 0.767 ms
Execution time: 2534.154 ms
