Hash Join  (cost=190230.21..1493737.50 rows=19002934 width=0) (actual time=3764.879..47203.675 rows=39377526 loops=1)
  Hash Cond: (ci.movie_id = t.id)
  ->  Seq Scan on cast_info ci  (cost=0.00..705507.15 rows=34817545 width=4) (actual time=0.019..13921.324 rows=34911095 loops=1)
        Filter: (person_id > 132978)
        Rows Removed by Filter: 1333249
  ->  Hash  (cost=167588.78..167588.78 rows=1380035 width=8) (actual time=3763.630..3763.630 rows=1380035 loops=1)
        Buckets: 131072  Batches: 32  Memory Usage: 2708kB
        ->  Hash Join  (cost=102767.86..167588.78 rows=1380035 width=8) (actual time=1575.840..3394.131 rows=1380035 loops=1)
              Hash Cond: (mi_idx.movie_id = t.id)
              ->  Seq Scan on movie_info_idx mi_idx  (cost=0.00..21735.35 rows=1380035 width=4) (actual time=0.025..387.331 rows=1380035 loops=1)
              ->  Hash  (cost=61283.27..61283.27 rows=2528527 width=4) (actual time=1573.759..1573.759 rows=2528312 loops=1)
                    Buckets: 131072  Batches: 64  Memory Usage: 2415kB
                    ->  Seq Scan on title t  (cost=0.00..61283.27 rows=2528527 width=4) (actual time=0.024..759.932 rows=2528312 loops=1)
Planning time: 1.093 ms
Execution time: 51584.418 ms
