Hash Join  (cost=245726.12..295468.90 rows=702330 width=0) (actual time=5383.751..7710.859 rows=2902151 loops=1)
  Hash Cond: (mi_idx.movie_id = t.id)
  ->  Seq Scan on movie_info_idx mi_idx  (cost=0.00..21735.35 rows=1380035 width=4) (actual time=0.021..297.229 rows=1380035 loops=1)
  ->  Hash  (cost=224613.84..224613.84 rows=1286822 width=8) (actual time=5382.526..5382.526 rows=1297898 loops=1)
        Buckets: 131072  Batches: 32  Memory Usage: 2600kB
        ->  Hash Join  (cost=102767.86..224613.84 rows=1286822 width=8) (actual time=1639.892..5023.895 rows=1297898 loops=1)
              Hash Cond: (mk.movie_id = t.id)
              ->  Seq Scan on movie_keyword mk  (cost=0.00..81003.12 rows=1286822 width=4) (actual time=0.041..1240.901 rows=1297898 loops=1)
                    Filter: (keyword_id > 13597)
                    Rows Removed by Filter: 3226032
              ->  Hash  (cost=61283.27..61283.27 rows=2528527 width=4) (actual time=1638.714..1638.714 rows=2528312 loops=1)
                    Buckets: 131072  Batches: 64  Memory Usage: 2425kB
                    ->  Seq Scan on title t  (cost=0.00..61283.27 rows=2528527 width=4) (actual time=0.015..778.507 rows=2528312 loops=1)
Planning time: 1.146 ms
Execution time: 8060.136 ms
