Hash Join  (cost=212415.11..655900.84 rows=2489513 width=0) (actual time=4211.513..13832.771 rows=5605667 loops=1)
  Hash Cond: (mi.movie_id = t.id)
  ->  Seq Scan on movie_info mi  (cost=0.00..346232.03 rows=5897221 width=4) (actual time=0.016..4822.752 rows=5884963 loops=1)
        Filter: (info_type_id < 7)
        Rows Removed by Filter: 8950757
  ->  Hash  (cost=194902.38..194902.38 rows=1067418 width=8) (actual time=4210.690..4210.690 rows=1103815 loops=1)
        Buckets: 131072  Batches: 16  Memory Usage: 3732kB
        ->  Hash Join  (cost=101489.21..194902.38 rows=1067418 width=8) (actual time=1548.838..3854.814 rows=1103815 loops=1)
              Hash Cond: (mc.movie_id = t.id)
              ->  Seq Scan on movie_companies mc  (cost=0.00..57926.93 rows=1306811 width=4) (actual time=0.031..931.126 rows=1291118 loops=1)
                    Filter: ((company_id < 196398) AND (company_type_id = 2))
                    Rows Removed by Filter: 1318011
              ->  Hash  (cost=67604.59..67604.59 rows=2065330 width=4) (actual time=1547.765..1547.765 rows=2064552 loops=1)
                    Buckets: 131072  Batches: 32  Memory Usage: 3289kB
                    ->  Seq Scan on title t  (cost=0.00..67604.59 rows=2065330 width=4) (actual time=0.017..949.276 rows=2064552 loops=1)
                          Filter: (production_year < 2011)
                          Rows Removed by Filter: 463760
Planning time: 1.136 ms
Execution time: 14524.091 ms
