Seq Scan on movie_companies mc  (cost=0.00..51404.11 rows=1854759 width=0) (actual time=0.026..820.655 rows=1849740 loops=1)
  Filter: (company_id < 35547)
  Rows Removed by Filter: 759389
Planning time: 0.306 ms
Execution time: 1060.345 ms
