Nested Loop  (cost=0.43..83071.67 rows=246 width=0) (actual time=0.449..1110.276 rows=440 loops=1)
  ->  Seq Scan on movie_keyword mk  (cost=0.00..81003.12 rows=246 width=4) (actual time=0.376..1089.129 rows=440 loops=1)
        Filter: (keyword_id = 4519)
        Rows Removed by Filter: 4523490
  ->  Index Only Scan using title_pkey on title t  (cost=0.43..8.40 rows=1 width=4) (actual time=0.046..0.046 rows=1 loops=440)
        Index Cond: (id = mk.movie_id)
        Heap Fetches: 440
Planning time: 0.734 ms
Execution time: 1110.560 ms
