Hash Join  (cost=78556.72..1172062.14 rows=7163706 width=0) (actual time=946.256..29206.110 rows=7750765 loops=1)
  Hash Cond: (ci.movie_id = t.id)
  ->  Seq Scan on cast_info ci  (cost=0.00..705507.15 rows=27135255 width=4) (actual time=0.022..13050.336 rows=27150028 loops=1)
        Filter: (person_id < 2788519)
        Rows Removed by Filter: 9094316
  ->  Hash  (cost=67604.59..67604.59 rows=667531 width=4) (actual time=945.557..945.557 rows=662825 loops=1)
        Buckets: 131072  Batches: 16  Memory Usage: 2476kB
        ->  Seq Scan on title t  (cost=0.00..67604.59 rows=667531 width=4) (actual time=82.109..754.671 rows=662825 loops=1)
              Filter: (kind_id = 1)
              Rows Removed by Filter: 1865487
Planning time: 0.780 ms
Execution time: 29993.462 ms
