Hash Join  (cost=102126.61..460209.18 rows=34483 width=0) (actual time=4585.089..7447.803 rows=264334 loops=1)
  Hash Cond: (mi.movie_id = t.id)
  ->  Seq Scan on movie_info mi  (cost=0.00..346232.03 rows=3068194 width=4) (actual time=1780.334..4025.418 rows=3036719 loops=1)
        Filter: (info_type_id = 16)
        Rows Removed by Filter: 11799001
  ->  Hash  (cost=101771.39..101771.39 rows=28417 width=8) (actual time=1757.089..1757.089 rows=98561 loops=1)
        Buckets: 131072 (originally 32768)  Batches: 2 (originally 1)  Memory Usage: 3073kB
        ->  Hash Join  (cost=74576.74..101771.39 rows=28417 width=8) (actual time=899.291..1720.946 rows=98561 loops=1)
              Hash Cond: (mi_idx.movie_id = t.id)
              ->  Seq Scan on movie_info_idx mi_idx  (cost=0.00..21735.35 rows=1380035 width=4) (actual time=0.015..259.830 rows=1380035 loops=1)
              ->  Hash  (cost=73925.90..73925.90 rows=52067 width=4) (actual time=898.947..898.947 rows=174398 loops=1)
                    Buckets: 131072 (originally 65536)  Batches: 2 (originally 1)  Memory Usage: 4093kB
                    ->  Seq Scan on title t  (cost=0.00..73925.90 rows=52067 width=4) (actual time=0.019..810.463 rows=174398 loops=1)
                          Filter: ((production_year < 1955) AND (kind_id = 1))
                          Rows Removed by Filter: 2353914
Planning time: 1.218 ms
Execution time: 7483.612 ms
