Seq Scan on movie_keyword mk  (cost=0.00..81003.12 rows=1865632 width=0) (actual time=0.014..1477.018 rows=1872345 loops=1)
  Filter: (keyword_id > 7344)
  Rows Removed by Filter: 2651585
Planning time: 0.356 ms
Execution time: 1713.955 ms
