Hash Join  (cost=197475.58..333968.18 rows=1189356 width=0) (actual time=3397.056..6713.973 rows=2195344 loops=1)
  Hash Cond: (mk.movie_id = t.id)
  ->  Seq Scan on movie_keyword mk  (cost=0.00..69693.30 rows=4523930 width=4) (actual time=0.029..1166.133 rows=4523930 loops=1)
  ->  Hash  (cost=186569.11..186569.11 rows=664758 width=8) (actual time=3396.340..3396.340 rows=423860 loops=1)
        Buckets: 131072  Batches: 16  Memory Usage: 2061kB
        ->  Hash Join  (cost=102767.86..186569.11 rows=664758 width=8) (actual time=1897.916..3261.698 rows=423860 loops=1)
              Hash Cond: (mc.movie_id = t.id)
              ->  Seq Scan on movie_companies mc  (cost=0.00..57926.93 rows=664758 width=4) (actual time=278.690..861.442 rows=423860 loops=1)
                    Filter: ((company_id < 11266) AND (company_type_id = 2))
                    Rows Removed by Filter: 2185269
              ->  Hash  (cost=61283.27..61283.27 rows=2528527 width=4) (actual time=1617.952..1617.952 rows=2528312 loops=1)
                    Buckets: 131072  Batches: 64  Memory Usage: 2415kB
                    ->  Seq Scan on title t  (cost=0.00..61283.27 rows=2528527 width=4) (actual time=0.027..781.379 rows=2528312 loops=1)
Planning time: 2.538 ms
Execution time: 6890.674 ms
