Seq Scan on title t  (cost=0.00..73925.90 rows=1736433 width=0) (actual time=0.021..1146.567 rows=1799904 loops=1)
  Filter: ((kind_id > 1) AND (production_year > 1924))
  Rows Removed by Filter: 728408
Planning time: 0.344 ms
Execution time: 1389.893 ms
