Seq Scan on cast_info ci  (cost=0.00..796071.18 rows=3589662 width=0) (actual time=5754.415..12074.008 rows=1639052 loops=1)
  Filter: ((person_id < 3031001) AND (role_id = 10))
  Rows Removed by Filter: 34605292
Planning time: 0.397 ms
Execution time: 12285.086 ms
