Hash Join  (cost=131237.35..219263.04 rows=136765 width=0) (actual time=2876.100..6060.253 rows=3915682 loops=1)
  Hash Cond: (mk.movie_id = t.id)
  ->  Seq Scan on movie_keyword mk  (cost=0.00..69693.30 rows=4523930 width=4) (actual time=0.020..778.950 rows=4523930 loops=1)
  ->  Hash  (cost=130281.84..130281.84 rows=76441 width=8) (actual time=2875.003..2875.003 rows=372499 loops=1)
        Buckets: 131072 (originally 131072)  Batches: 2 (originally 1)  Memory Usage: 8326kB
        ->  Hash Join  (cost=74851.90..130281.84 rows=76441 width=8) (actual time=1062.529..2744.444 rows=372499 loops=1)
              Hash Cond: (mc.movie_id = t.id)
              ->  Seq Scan on movie_companies mc  (cost=0.00..44881.29 rows=2609129 width=4) (actual time=0.012..474.046 rows=2609129 loops=1)
              ->  Hash  (cost=73925.90..73925.90 rows=74080 width=4) (actual time=1061.898..1061.898 rows=173895 loops=1)
                    Buckets: 131072 (originally 131072)  Batches: 2 (originally 1)  Memory Usage: 4084kB
                    ->  Seq Scan on title t  (cost=0.00..73925.90 rows=74080 width=4) (actual time=0.106..994.430 rows=173895 loops=1)
                          Filter: ((kind_id < 7) AND (production_year < 1954))
                          Rows Removed by Filter: 2354417
Planning time: 0.811 ms
Execution time: 6460.469 ms
