Seq Scan on cast_info ci  (cost=0.00..796071.18 rows=1345808 width=0) (actual time=4880.662..10308.011 rows=1222604 loops=1)
  Filter: ((person_id < 1750234) AND (role_id = 4))
  Rows Removed by Filter: 35021740
Planning time: 0.365 ms
Execution time: 10431.771 ms
