Hash Join  (cost=106685.10..672910.85 rows=8927317 width=0) (actual time=1891.001..14853.740 rows=8781319 loops=1)
  Hash Cond: (mi.movie_id = t.id)
  ->  Seq Scan on movie_info mi  (cost=0.00..346232.03 rows=9476311 width=4) (actual time=0.013..5519.127 rows=9565151 loops=1)
        Filter: (info_type_id < 16)
        Rows Removed by Filter: 5270569
  ->  Hash  (cost=67604.59..67604.59 rows=2382041 width=4) (actual time=1889.826..1889.826 rows=2378352 loops=1)
        Buckets: 131072  Batches: 32  Memory Usage: 3648kB
        ->  Seq Scan on title t  (cost=0.00..67604.59 rows=2382041 width=4) (actual time=0.026..1120.173 rows=2378352 loops=1)
              Filter: (production_year > 1917)
              Rows Removed by Filter: 149960
Planning time: 0.748 ms
Execution time: 15793.211 ms
