Hash Join  (cost=83072.39..452671.28 rows=20 width=0) (actual time=1115.586..6683.445 rows=453 loops=1)
  Hash Cond: (mi.movie_id = t.id)
  ->  Seq Scan on movie_info mi  (cost=0.00..346232.03 rows=6231111 width=4) (actual time=0.019..4733.628 rows=6223494 loops=1)
        Filter: (info_type_id > 8)
        Rows Removed by Filter: 8612226
  ->  Hash  (cost=83072.29..83072.29 rows=8 width=8) (actual time=1094.590..1094.590 rows=6 loops=1)
        Buckets: 1024  Batches: 1  Memory Usage: 9kB
        ->  Nested Loop  (cost=0.43..83072.29 rows=8 width=8) (actual time=66.452..1094.572 rows=6 loops=1)
              ->  Seq Scan on movie_keyword mk  (cost=0.00..81003.12 rows=246 width=4) (actual time=4.705..1086.960 rows=125 loops=1)
                    Filter: (keyword_id = 10223)
                    Rows Removed by Filter: 4523805
              ->  Index Scan using title_pkey on title t  (cost=0.43..8.40 rows=1 width=4) (actual time=0.058..0.058 rows=0 loops=125)
                    Index Cond: (id = mk.movie_id)
                    Filter: (production_year = 2004)
                    Rows Removed by Filter: 1
Planning time: 1.318 ms
Execution time: 6683.693 ms
