Hash Join  (cost=74344.78..884818.46 rows=49162 width=0) (actual time=6057.975..11551.779 rows=27732 loops=1)
  Hash Cond: (ci.movie_id = t.id)
  ->  Seq Scan on cast_info ci  (cost=0.00..796071.18 rows=3709569 width=4) (actual time=5190.168..10220.888 rows=1866703 loops=1)
        Filter: ((person_id < 1393099) AND (role_id > 4))
        Rows Removed by Filter: 34377641
  ->  Hash  (cost=73925.90..73925.90 rows=33510 width=4) (actual time=867.302..867.302 rows=22107 loops=1)
        Buckets: 65536  Batches: 1  Memory Usage: 1290kB
        ->  Seq Scan on title t  (cost=0.00..73925.90 rows=33510 width=4) (actual time=0.027..858.539 rows=22107 loops=1)
              Filter: ((kind_id = 1) AND (production_year = 2008))
              Rows Removed by Filter: 2506205
Planning time: 0.837 ms
Execution time: 11556.781 ms
