Seq Scan on movie_keyword mk  (cost=0.00..81003.12 rows=2393696 width=0) (actual time=0.015..1253.933 rows=2394322 loops=1)
  Filter: (keyword_id < 5558)
  Rows Removed by Filter: 2129608
Planning time: 0.321 ms
Execution time: 1555.032 ms
