Hash Join  (cost=194594.34..239354.82 rows=411900 width=0) (actual time=3268.059..4736.945 rows=1052488 loops=1)
  Hash Cond: (mi_idx.movie_id = t.id)
  ->  Seq Scan on movie_info_idx mi_idx  (cost=0.00..21735.35 rows=1380035 width=4) (actual time=0.025..394.100 rows=1380035 loops=1)
  ->  Hash  (cost=182211.70..182211.70 rows=754691 width=8) (actual time=3267.207..3267.207 rows=759824 loops=1)
        Buckets: 131072  Batches: 16  Memory Usage: 2887kB
        ->  Hash Join  (cost=102767.86..182211.70 rows=754691 width=8) (actual time=1504.127..3043.119 rows=759824 loops=1)
              Hash Cond: (mc.movie_id = t.id)
              ->  Seq Scan on movie_companies mc  (cost=0.00..51404.11 rows=754691 width=4) (actual time=0.030..531.317 rows=759824 loops=1)
                    Filter: (company_id > 35494)
                    Rows Removed by Filter: 1849305
              ->  Hash  (cost=61283.27..61283.27 rows=2528527 width=4) (actual time=1503.150..1503.150 rows=2528312 loops=1)
                    Buckets: 131072  Batches: 64  Memory Usage: 2415kB
                    ->  Seq Scan on title t  (cost=0.00..61283.27 rows=2528527 width=4) (actual time=0.028..715.352 rows=2528312 loops=1)
Planning time: 1.143 ms
Execution time: 4875.730 ms
