Hash Join  (cost=128080.93..623980.22 rows=1508235 width=0) (actual time=2792.225..18561.322 rows=11623779 loops=1)
  Hash Cond: (mi.movie_id = t.id)
  ->  Seq Scan on movie_info mi  (cost=0.00..309384.22 rows=14739122 width=4) (actual time=0.014..6092.113 rows=14835720 loops=1)
  ->  Hash  (cost=123835.67..123835.67 rows=258741 width=8) (actual time=2791.404..2791.404 rows=524885 loops=1)
        Buckets: 131072 (originally 131072)  Batches: 8 (originally 4)  Memory Usage: 3613kB
        ->  Hash Join  (cost=81703.78..123835.67 rows=258741 width=8) (actual time=1349.738..2630.066 rows=524885 loops=1)
              Hash Cond: (mi_idx.movie_id = t.id)
              ->  Seq Scan on movie_info_idx mi_idx  (cost=0.00..21735.35 rows=1380035 width=4) (actual time=0.022..431.437 rows=1380035 loops=1)
              ->  Hash  (cost=73925.90..73925.90 rows=474070 width=4) (actual time=1348.868..1348.868 rows=496025 loops=1)
                    Buckets: 131072  Batches: 8  Memory Usage: 3214kB
                    ->  Seq Scan on title t  (cost=0.00..73925.90 rows=474070 width=4) (actual time=22.698..1196.219 rows=496025 loops=1)
                          Filter: ((production_year < 2009) AND (kind_id = 1))
                          Rows Removed by Filter: 2032287
Planning time: 1.173 ms
Execution time: 19887.735 ms
