Hash Join  (cost=263115.61..1679331.04 rows=29647541 width=0) (actual time=6034.429..54179.234 rows=63554455 loops=1)
  Hash Cond: (ci.movie_id = t.id)
  ->  Seq Scan on cast_info ci  (cost=0.00..705507.15 rows=28731660 width=4) (actual time=547.920..12865.986 rows=28823240 loops=1)
        Filter: (person_id > 718156)
        Rows Removed by Filter: 7421104
  ->  Hash  (cost=220309.49..220309.49 rows=2609129 width=8) (actual time=5484.510..5484.510 rows=2609129 loops=1)
        Buckets: 131072  Batches: 64  Memory Usage: 2610kB
        ->  Hash Join  (cost=102767.86..220309.49 rows=2609129 width=8) (actual time=1549.882..4747.305 rows=2609129 loops=1)
              Hash Cond: (mc.movie_id = t.id)
              ->  Seq Scan on movie_companies mc  (cost=0.00..44881.29 rows=2609129 width=4) (actual time=0.026..729.691 rows=2609129 loops=1)
              ->  Hash  (cost=61283.27..61283.27 rows=2528527 width=4) (actual time=1548.722..1548.722 rows=2528312 loops=1)
                    Buckets: 131072  Batches: 64  Memory Usage: 2415kB
                    ->  Seq Scan on title t  (cost=0.00..61283.27 rows=2528527 width=4) (actual time=0.014..773.856 rows=2528312 loops=1)
Planning time: 1.186 ms
Execution time: 61616.412 ms
