Hash Join  (cost=83074.74..878689.31 rows=2337 width=0) (actual time=2019.326..16427.903 rows=202 loops=1)
  Hash Cond: (ci.movie_id = t.id)
  ->  Seq Scan on cast_info ci  (cost=0.00..705507.15 rows=24022411 width=4) (actual time=801.264..12098.595 rows=24130698 loops=1)
        Filter: (role_id < 4)
        Rows Removed by Filter: 12113646
  ->  Hash  (cost=83071.67..83071.67 rows=246 width=8) (actual time=1117.223..1117.223 rows=16 loops=1)
        Buckets: 1024  Batches: 1  Memory Usage: 9kB
        ->  Nested Loop  (cost=0.43..83071.67 rows=246 width=8) (actual time=806.701..1117.162 rows=16 loops=1)
              ->  Seq Scan on movie_keyword mk  (cost=0.00..81003.12 rows=246 width=4) (actual time=806.499..1116.641 rows=16 loops=1)
                    Filter: (keyword_id = 28674)
                    Rows Removed by Filter: 4523914
              ->  Index Only Scan using title_pkey on title t  (cost=0.43..8.40 rows=1 width=4) (actual time=0.023..0.024 rows=1 loops=16)
                    Index Cond: (id = mk.movie_id)
                    Heap Fetches: 16
Planning time: 1.162 ms
Execution time: 16428.104 ms
