Hash Join  (cost=479392.52..626479.17 rows=1192234 width=0) (actual time=6880.109..10374.326 rows=462555 loops=1)
  Hash Cond: (mk.movie_id = t.id)
  ->  Seq Scan on movie_keyword mk  (cost=0.00..81003.12 rows=4455515 width=4) (actual time=0.027..1617.227 rows=4451961 loops=1)
        Filter: (keyword_id > 62)
        Rows Removed by Filter: 71969
  ->  Hash  (cost=468292.04..468292.04 rows=676599 width=8) (actual time=6876.965..6876.965 rows=341209 loops=1)
        Buckets: 131072  Batches: 16  Memory Usage: 1861kB
        ->  Hash Join  (cost=94746.51..468292.04 rows=676599 width=8) (actual time=2896.218..6775.176 rows=341209 loops=1)
              Hash Cond: (mi.movie_id = t.id)
              ->  Seq Scan on movie_info mi  (cost=0.00..346232.03 rows=1348138 width=4) (actual time=1495.128..4440.119 rows=1298989 loops=1)
                    Filter: (info_type_id = 4)
                    Rows Removed by Filter: 13536731
              ->  Hash  (cost=73925.90..73925.90 rows=1269008 width=4) (actual time=1399.801..1399.801 rows=1233025 loops=1)
                    Buckets: 131072  Batches: 32  Memory Usage: 2381kB
                    ->  Seq Scan on title t  (cost=0.00..73925.90 rows=1269008 width=4) (actual time=0.037..1012.934 rows=1233025 loops=1)
                          Filter: ((kind_id > 4) AND (production_year < 2011))
                          Rows Removed by Filter: 1295287
Planning time: 1.161 ms
Execution time: 10421.867 ms
