Hash Join  (cost=52284.99..79214.12 rows=19 width=0) (actual time=868.134..1274.158 rows=374 loops=1)
  Hash Cond: (mi_idx.movie_id = t.id)
  ->  Seq Scan on movie_info_idx mi_idx  (cost=0.00..25185.44 rows=464934 width=4) (actual time=0.017..345.440 rows=460185 loops=1)
        Filter: (info_type_id > 100)
        Rows Removed by Filter: 919850
  ->  Hash  (cost=52283.69..52283.69 rows=104 width=8) (actual time=866.472..866.472 rows=380 loops=1)
        Buckets: 1024  Batches: 1  Memory Usage: 23kB
        ->  Nested Loop  (cost=0.43..52283.69 rows=104 width=8) (actual time=98.566..866.187 rows=380 loops=1)
              ->  Seq Scan on movie_companies mc  (cost=0.00..51404.11 rows=104 width=4) (actual time=98.486..840.902 rows=380 loops=1)
                    Filter: (company_id = 2165)
                    Rows Removed by Filter: 2608749
              ->  Index Only Scan using title_pkey on title t  (cost=0.43..8.45 rows=1 width=4) (actual time=0.064..0.065 rows=1 loops=380)
                    Index Cond: (id = mc.movie_id)
                    Heap Fetches: 380
Planning time: 0.968 ms
Execution time: 1274.332 ms
