Hash Join  (cost=129825.52..885722.61 rows=510792 width=0) (actual time=2128.134..16525.250 rows=595530 loops=1)
  Hash Cond: (ci.movie_id = t.id)
  ->  Seq Scan on cast_info ci  (cost=0.00..614943.12 rows=36225612 width=4) (actual time=0.020..6251.830 rows=36244344 loops=1)
  ->  Hash  (cost=129379.86..129379.86 rows=35653 width=8) (actual time=2127.350..2127.350 rows=23413 loops=1)
        Buckets: 65536  Batches: 1  Memory Usage: 1427kB
        ->  Hash Join  (cost=74357.80..129379.86 rows=35653 width=8) (actual time=983.299..2117.988 rows=23413 loops=1)
              Hash Cond: (mc.movie_id = t.id)
              ->  Seq Scan on movie_companies mc  (cost=0.00..44881.29 rows=2609129 width=4) (actual time=0.012..473.073 rows=2609129 loops=1)
              ->  Hash  (cost=73925.90..73925.90 rows=34552 width=4) (actual time=982.834..982.834 rows=39508 loops=1)
                    Buckets: 65536  Batches: 1  Memory Usage: 1901kB
                    ->  Seq Scan on title t  (cost=0.00..73925.90 rows=34552 width=4) (actual time=0.026..966.496 rows=39508 loops=1)
                          Filter: ((kind_id > 1) AND (production_year = 1998))
                          Rows Removed by Filter: 2488804
Planning time: 1.184 ms
Execution time: 16604.857 ms
