Hash Join  (cost=365418.15..1208419.20 rows=24878896 width=0) (actual time=8468.509..66732.759 rows=198866676 loops=1)
  Hash Cond: (mi.movie_id = t.id)
  ->  Seq Scan on movie_info mi  (cost=0.00..346232.03 rows=13905379 width=4) (actual time=0.017..5796.194 rows=13949798 loops=1)
        Filter: (info_type_id < 97)
        Rows Removed by Filter: 885922
  ->  Hash  (cost=291197.02..291197.02 rows=4523930 width=8) (actual time=8465.571..8465.571 rows=4523930 loops=1)
        Buckets: 131072  Batches: 64  Memory Usage: 3893kB
        ->  Hash Join  (cost=102767.86..291197.02 rows=4523930 width=8) (actual time=2061.953..7096.990 rows=4523930 loops=1)
              Hash Cond: (mk.movie_id = t.id)
              ->  Seq Scan on movie_keyword mk  (cost=0.00..69693.30 rows=4523930 width=4) (actual time=0.024..1059.326 rows=4523930 loops=1)
              ->  Hash  (cost=61283.27..61283.27 rows=2528527 width=4) (actual time=2060.705..2060.705 rows=2528312 loops=1)
                    Buckets: 131072  Batches: 64  Memory Usage: 2425kB
                    ->  Seq Scan on title t  (cost=0.00..61283.27 rows=2528527 width=4) (actual time=0.023..817.609 rows=2528312 loops=1)
Planning time: 1.129 ms
Execution time: 88926.998 ms
