Hash Join  (cost=90260.67..167845.33 rows=457515 width=0) (actual time=1888.978..3346.156 rows=261785 loops=1)
  Hash Cond: (mc.movie_id = t.id)
  ->  Seq Scan on movie_companies mc  (cost=0.00..57926.93 rows=837751 width=4) (actual time=396.009..874.699 rows=638313 loops=1)
        Filter: ((company_id > 2841) AND (company_type_id < 2))
        Rows Removed by Filter: 1970816
  ->  Hash  (cost=67604.59..67604.59 rows=1380887 width=4) (actual time=1491.791..1491.791 rows=1381453 loops=1)
        Buckets: 131072  Batches: 32  Memory Usage: 2543kB
        ->  Seq Scan on title t  (cost=0.00..67604.59 rows=1380887 width=4) (actual time=0.025..1039.822 rows=1381453 loops=1)
              Filter: (production_year > 2000)
              Rows Removed by Filter: 1146859
Planning time: 0.852 ms
Execution time: 3379.708 ms
