Hash Join  (cost=95162.59..219524.63 rows=1175371 width=0) (actual time=2034.844..4887.910 rows=273572 loops=1)
  Hash Cond: (mk.movie_id = t.id)
  ->  Seq Scan on movie_keyword mk  (cost=0.00..81003.12 rows=2296055 width=4) (actual time=0.025..1388.274 rows=2297513 loops=1)
        Filter: (keyword_id < 4925)
        Rows Removed by Filter: 2226417
  ->  Hash  (cost=73925.90..73925.90 rows=1294375 width=4) (actual time=1602.378..1602.378 rows=1374286 loops=1)
        Buckets: 131072  Batches: 32  Memory Usage: 2543kB
        ->  Seq Scan on title t  (cost=0.00..73925.90 rows=1294375 width=4) (actual time=237.795..1141.663 rows=1374286 loops=1)
              Filter: ((production_year > 1967) AND (kind_id = 7))
              Rows Removed by Filter: 1154026
Planning time: 1.505 ms
Execution time: 4913.883 ms
