Hash Join  (cost=156632.57..882519.31 rows=254538 width=0) (actual time=7791.053..13652.195 rows=699294 loops=1)
  Hash Cond: (ci.movie_id = t.id)
  ->  Seq Scan on cast_info ci  (cost=0.00..705507.15 rows=1385391 width=4) (actual time=4847.307..9178.014 rows=1399400 loops=1)
        Filter: (person_id > 3789316)
        Rows Removed by Filter: 34844944
  ->  Hash  (cost=149010.49..149010.49 rows=464566 width=8) (actual time=2942.891..2942.891 rows=459925 loops=1)
        Buckets: 131072  Batches: 8  Memory Usage: 3275kB
        ->  Hash Join  (cost=102767.86..149010.49 rows=464566 width=8) (actual time=1553.490..2797.764 rows=459925 loops=1)
              Hash Cond: (mi_idx.movie_id = t.id)
              ->  Seq Scan on movie_info_idx mi_idx  (cost=0.00..25185.44 rows=464566 width=4) (actual time=0.018..406.834 rows=459925 loops=1)
                    Filter: (info_type_id = 101)
                    Rows Removed by Filter: 920110
              ->  Hash  (cost=61283.27..61283.27 rows=2528527 width=4) (actual time=1551.907..1551.907 rows=2528312 loops=1)
                    Buckets: 131072  Batches: 64  Memory Usage: 2415kB
                    ->  Seq Scan on title t  (cost=0.00..61283.27 rows=2528527 width=4) (actual time=0.010..761.319 rows=2528312 loops=1)
Planning time: 1.041 ms
Execution time: 13716.508 ms
