Seq Scan on movie_companies mc  (cost=0.00..57926.93 rows=846249 width=0) (actual time=0.026..899.489 rows=533051 loops=1)
  Filter: ((company_id < 18261) AND (company_type_id > 1))
  Rows Removed by Filter: 2076078
Planning time: 0.360 ms
Execution time: 969.756 ms
