Hash Join  (cost=58375.85..85286.62 rows=29 width=0) (actual time=779.748..1295.532 rows=6 loops=1)
  Hash Cond: (mi_idx.movie_id = t.id)
  ->  Seq Scan on movie_info_idx mi_idx  (cost=0.00..21735.35 rows=1380035 width=4) (actual time=0.028..257.520 rows=1380035 loops=1)
  ->  Hash  (cost=58375.18..58375.18 rows=53 width=8) (actual time=766.972..766.972 rows=2 loops=1)
        Buckets: 1024  Batches: 1  Memory Usage: 9kB
        ->  Nested Loop  (cost=0.43..58375.18 rows=53 width=8) (actual time=158.006..766.963 rows=2 loops=1)
              ->  Seq Scan on movie_companies mc  (cost=0.00..57926.93 rows=53 width=4) (actual time=157.876..766.780 rows=2 loops=1)
                    Filter: ((company_type_id > 1) AND (company_id = 4357))
                    Rows Removed by Filter: 2609127
              ->  Index Only Scan using title_pkey on title t  (cost=0.43..8.45 rows=1 width=4) (actual time=0.071..0.072 rows=1 loops=2)
                    Index Cond: (id = mc.movie_id)
                    Heap Fetches: 2
Planning time: 1.063 ms
Execution time: 1295.673 ms
