Seq Scan on movie_companies mc  (cost=0.00..57926.93 rows=53 width=0) (actual time=289.933..771.158 rows=959 loops=1)
  Filter: ((company_type_id > 1) AND (company_id = 3929))
  Rows Removed by Filter: 2608170
Planning time: 6.619 ms
Execution time: 771.465 ms
