Hash Join  (cost=114107.08..169518.88 rows=74627 width=0) (actual time=1918.279..3017.201 rows=92451 loops=1)
  Hash Cond: (mc.movie_id = t.id)
  ->  Seq Scan on movie_companies mc  (cost=0.00..44881.29 rows=2609129 width=4) (actual time=0.011..484.161 rows=2609129 loops=1)
  ->  Hash  (cost=113203.06..113203.06 rows=72322 width=8) (actual time=1917.614..1917.614 rows=37696 loops=1)
        Buckets: 131072  Batches: 1  Memory Usage: 2497kB
        ->  Hash Join  (cost=80384.28..113203.06 rows=72322 width=8) (actual time=1211.671..1903.118 rows=37696 loops=1)
              Hash Cond: (mi_idx.movie_id = t.id)
              ->  Seq Scan on movie_info_idx mi_idx  (cost=0.00..25185.44 rows=464566 width=4) (actual time=0.015..406.323 rows=459925 loops=1)
                    Filter: (info_type_id = 101)
                    Rows Removed by Filter: 920110
              ->  Hash  (cost=73925.90..73925.90 rows=393630 width=4) (actual time=1210.742..1210.742 rows=401187 loops=1)
                    Buckets: 131072  Batches: 8  Memory Usage: 2794kB
                    ->  Seq Scan on title t  (cost=0.00..73925.90 rows=393630 width=4) (actual time=0.020..1082.246 rows=401187 loops=1)
                          Filter: ((kind_id > 1) AND (production_year > 2009))
                          Rows Removed by Filter: 2127125
Planning time: 1.154 ms
Execution time: 3028.298 ms
