Hash Join  (cost=102767.86..886488.86 rows=2839868 width=0) (actual time=1524.310..13194.764 rows=2889548 loops=1)
  Hash Cond: (ci.movie_id = t.id)
  ->  Seq Scan on cast_info ci  (cost=0.00..705507.15 rows=2839868 width=4) (actual time=0.012..9222.424 rows=2889548 loops=1)
        Filter: (person_id > 3519194)
        Rows Removed by Filter: 33354796
  ->  Hash  (cost=61283.27..61283.27 rows=2528527 width=4) (actual time=1522.301..1522.301 rows=2528312 loops=1)
        Buckets: 131072  Batches: 64  Memory Usage: 2415kB
        ->  Seq Scan on title t  (cost=0.00..61283.27 rows=2528527 width=4) (actual time=0.010..738.560 rows=2528312 loops=1)
Planning time: 0.828 ms
Execution time: 13505.101 ms
