Hash Join  (cost=92883.59..890597.36 rows=2777861 width=0) (actual time=1876.825..14609.022 rows=2572327 loops=1)
  Hash Cond: (ci.movie_id = t.id)
  ->  Seq Scan on cast_info ci  (cost=0.00..705507.15 rows=4558603 width=4) (actual time=365.422..9197.697 rows=4438999 loops=1)
        Filter: (person_id < 428815)
        Rows Removed by Filter: 31805345
  ->  Hash  (cost=67604.59..67604.59 rows=1540800 width=4) (actual time=1510.140..1510.140 rows=1543264 loops=1)
        Buckets: 131072  Batches: 32  Memory Usage: 2722kB
        ->  Seq Scan on title t  (cost=0.00..67604.59 rows=1540800 width=4) (actual time=0.034..1008.661 rows=1543264 loops=1)
              Filter: (kind_id = 7)
              Rows Removed by Filter: 985048
Planning time: 0.802 ms
Execution time: 14930.715 ms
