Nested Loop  (cost=0.43..797555.70 rows=176 width=0) (actual time=3286.083..8849.510 rows=1 loops=1)
  ->  Seq Scan on cast_info ci  (cost=0.00..796071.18 rows=176 width=4) (actual time=3285.905..8849.328 rows=1 loops=1)
        Filter: ((person_id = 793033) AND (role_id = 1))
        Rows Removed by Filter: 36244343
  ->  Index Only Scan using title_pkey on title t  (cost=0.43..8.42 rows=1 width=4) (actual time=0.096..0.097 rows=1 loops=1)
        Index Cond: (id = ci.movie_id)
        Heap Fetches: 1
Planning time: 0.825 ms
Execution time: 8849.581 ms
