Seq Scan on cast_info ci  (cost=0.00..796071.18 rows=10738408 width=0) (actual time=7139.499..14214.539 rows=5704832 loops=1)
  Filter: ((person_id < 2456374) AND (role_id > 2))
  Rows Removed by Filter: 30539512
Planning time: 0.347 ms
Execution time: 14923.662 ms
