Hash Join  (cost=140181.17..896197.88 rows=522755 width=0) (actual time=2083.026..16758.776 rows=426634 loops=1)
  Hash Cond: (ci.movie_id = t.id)
  ->  Seq Scan on cast_info ci  (cost=0.00..614943.12 rows=36225612 width=4) (actual time=0.039..6550.464 rows=36244344 loops=1)
  ->  Hash  (cost=139725.07..139725.07 rows=36488 width=8) (actual time=2082.494..2082.494 rows=11656 loops=1)
        Buckets: 65536  Batches: 1  Memory Usage: 968kB
        ->  Hash Join  (cost=75353.43..139725.07 rows=36488 width=8) (actual time=869.795..2077.388 rows=11656 loops=1)
              Hash Cond: (mc.movie_id = t.id)
              ->  Seq Scan on movie_companies mc  (cost=0.00..51404.11 rows=1060438 width=4) (actual time=0.006..801.040 rows=1070908 loops=1)
                    Filter: (company_id > 14490)
                    Rows Removed by Filter: 1538221
              ->  Hash  (cost=73925.90..73925.90 rows=87002 width=4) (actual time=868.291..868.291 rows=93068 loops=1)
                    Buckets: 131072  Batches: 2  Memory Usage: 2660kB
                    ->  Seq Scan on title t  (cost=0.00..73925.90 rows=87002 width=4) (actual time=0.013..840.396 rows=93068 loops=1)
                          Filter: ((kind_id > 4) AND (production_year = 2010))
                          Rows Removed by Filter: 2435244
Planning time: 0.826 ms
Execution time: 16818.778 ms
