Seq Scan on cast_info ci  (cost=0.00..796071.18 rows=131 width=0) (actual time=1146.109..10692.914 rows=1 loops=1)
  Filter: ((role_id > 4) AND (person_id = 3107499))
  Rows Removed by Filter: 36244343
Planning time: 0.418 ms
Execution time: 10693.011 ms
