Hash Join  (cost=434500.12..1483193.52 rows=1449428 width=0) (actual time=5783.840..36012.030 rows=19401155 loops=1)
  Hash Cond: (ci.movie_id = t.id)
  ->  Seq Scan on cast_info ci  (cost=0.00..614943.12 rows=36225612 width=4) (actual time=0.017..10641.923 rows=36244344 loops=1)
  ->  Hash  (cost=432839.50..432839.50 rows=101169 width=8) (actual time=5782.965..5782.965 rows=248467 loops=1)
        Buckets: 131072 (originally 131072)  Batches: 4 (originally 2)  Memory Usage: 3455kB
        ->  Hash Join  (cost=78556.72..432839.50 rows=101169 width=8) (actual time=4040.569..5705.095 rows=248467 loops=1)
              Hash Cond: (mi.movie_id = t.id)
              ->  Seq Scan on movie_info mi  (cost=0.00..346232.03 rows=383217 width=4) (actual time=2775.775..4184.535 rows=368218 loops=1)
                    Filter: (info_type_id = 17)
                    Rows Removed by Filter: 14467502
              ->  Hash  (cost=67604.59..67604.59 rows=667531 width=4) (actual time=1196.323..1196.323 rows=662825 loops=1)
                    Buckets: 131072  Batches: 16  Memory Usage: 2485kB
                    ->  Seq Scan on title t  (cost=0.00..67604.59 rows=667531 width=4) (actual time=382.266..987.671 rows=662825 loops=1)
                          Filter: (kind_id = 1)
                          Rows Removed by Filter: 1865487
Planning time: 1.168 ms
Execution time: 38202.738 ms
