Hash Join  (cost=92883.59..918697.24 rows=764586 width=0) (actual time=10150.035..14869.357 rows=880601 loops=1)
  Hash Cond: (ci.movie_id = t.id)
  ->  Seq Scan on cast_info ci  (cost=0.00..796071.18 rows=1254723 width=4) (actual time=8471.094..11929.371 rows=1461355 loops=1)
        Filter: ((person_id > 1952048) AND (role_id = 4))
        Rows Removed by Filter: 34782989
  ->  Hash  (cost=67604.59..67604.59 rows=1540800 width=4) (actual time=1677.178..1677.178 rows=1543264 loops=1)
        Buckets: 131072  Batches: 32  Memory Usage: 2722kB
        ->  Seq Scan on title t  (cost=0.00..67604.59 rows=1540800 width=4) (actual time=0.030..996.464 rows=1543264 loops=1)
              Filter: (kind_id = 7)
              Rows Removed by Filter: 985048
Planning time: 13.706 ms
Execution time: 14983.119 ms
