Seq Scan on cast_info ci  (cost=0.00..796071.18 rows=11223289 width=0) (actual time=0.046..13862.272 rows=12670688 loops=1)
  Filter: ((person_id < 3268407) AND (role_id = 1))
  Rows Removed by Filter: 23573656
Planning time: 0.383 ms
Execution time: 15433.566 ms
