Hash Join  (cost=98137.04..1349158.39 rows=19637993 width=0) (actual time=1604.802..34158.179 rows=19338235 loops=1)
  Hash Cond: (ci.movie_id = t.id)
  ->  Seq Scan on cast_info ci  (cost=0.00..705507.15 rows=26682054 width=4) (actual time=0.020..12888.931 rows=26876403 loops=1)
        Filter: (person_id > 921968)
        Rows Removed by Filter: 9367941
  ->  Hash  (cost=67604.59..67604.59 rows=1860996 width=4) (actual time=1603.395..1603.395 rows=1865487 loops=1)
        Buckets: 131072  Batches: 32  Memory Usage: 3079kB
        ->  Seq Scan on title t  (cost=0.00..67604.59 rows=1860996 width=4) (actual time=0.011..1044.755 rows=1865487 loops=1)
              Filter: (kind_id > 1)
              Rows Removed by Filter: 662825
Planning time: 0.802 ms
Execution time: 36344.137 ms
