Hash Join  (cost=180149.93..1248774.64 rows=3389655 width=0) (actual time=4110.755..34794.143 rows=10730668 loops=1)
  Hash Cond: (ci.movie_id = t.id)
  ->  Seq Scan on cast_info ci  (cost=0.00..614943.12 rows=36225612 width=4) (actual time=0.026..11639.194 rows=36244344 loops=1)
  ->  Hash  (cost=176267.48..176267.48 rows=236596 width=8) (actual time=4110.033..4110.033 rows=353292 loops=1)
        Buckets: 131072 (originally 131072)  Batches: 8 (originally 4)  Memory Usage: 3073kB
        ->  Hash Join  (cost=102767.86..176267.48 rows=236596 width=8) (actual time=2507.234..4006.124 rows=353292 loops=1)
              Hash Cond: (mc.movie_id = t.id)
              ->  Seq Scan on movie_companies mc  (cost=0.00..57926.93 rows=236596 width=4) (actual time=0.024..841.162 rows=353292 loops=1)
                    Filter: ((company_id < 424) AND (company_type_id < 2))
                    Rows Removed by Filter: 2255837
              ->  Hash  (cost=61283.27..61283.27 rows=2528527 width=4) (actual time=2505.894..2505.894 rows=2528312 loops=1)
                    Buckets: 131072  Batches: 64  Memory Usage: 2415kB
                    ->  Seq Scan on title t  (cost=0.00..61283.27 rows=2528527 width=4) (actual time=0.019..930.063 rows=2528312 loops=1)
Planning time: 1.166 ms
Execution time: 35956.596 ms
