Hash Join  (cost=189632.99..331836.56 rows=1479050 width=0) (actual time=4875.364..13869.067 rows=28047845 loops=1)
  Hash Cond: (mk.movie_id = t.id)
  ->  Seq Scan on movie_keyword mk  (cost=0.00..81003.12 rows=3669318 width=4) (actual time=0.015..1773.493 rows=3664519 loops=1)
        Filter: (keyword_id > 816)
        Rows Removed by Filter: 859411
  ->  Hash  (cost=172910.83..172910.83 rows=1019213 width=8) (actual time=4874.098..4874.098 rows=1891821 loops=1)
        Buckets: 131072 (originally 131072)  Batches: 32 (originally 16)  Memory Usage: 3402kB
        ->  Hash Join  (cost=83810.17..172910.83 rows=1019213 width=8) (actual time=1502.987..4319.640 rows=1891821 loops=1)
              Hash Cond: (mc.movie_id = t.id)
              ->  Seq Scan on movie_companies mc  (cost=0.00..44881.29 rows=2609129 width=4) (actual time=0.024..811.155 rows=2609129 loops=1)
              ->  Hash  (cost=67604.59..67604.59 rows=987727 width=4) (actual time=1501.994..1501.994 rows=985048 loops=1)
                    Buckets: 131072  Batches: 16  Memory Usage: 3188kB
                    ->  Seq Scan on title t  (cost=0.00..67604.59 rows=987727 width=4) (actual time=0.025..1169.031 rows=985048 loops=1)
                          Filter: (kind_id < 7)
                          Rows Removed by Filter: 1543264
Planning time: 1.102 ms
Execution time: 16469.904 ms
