Seq Scan on cast_info ci  (cost=0.00..705507.15 rows=21028060 width=0) (actual time=1244.030..10478.511 rows=21170837 loops=1)
  Filter: (person_id > 1487270)
  Rows Removed by Filter: 15073507
Planning time: 0.310 ms
Execution time: 13049.849 ms
