Hash Join  (cost=171764.95..924746.96 rows=219285 width=0) (actual time=1141.321..16372.156 rows=839124 loops=1)
  Hash Cond: (ci.movie_id = t.id)
  ->  Seq Scan on cast_info ci  (cost=0.00..614943.12 rows=36225612 width=4) (actual time=0.015..6920.162 rows=36244344 loops=1)
  ->  Hash  (cost=171573.62..171573.62 rows=15306 width=8) (actual time=1140.602..1140.602 rows=12371 loops=1)
        Buckets: 16384  Batches: 1  Memory Usage: 612kB
        ->  Nested Loop  (cost=0.43..171573.62 rows=15306 width=8) (actual time=0.105..1135.383 rows=12371 loops=1)
              ->  Seq Scan on movie_keyword mk  (cost=0.00..81003.12 rows=15306 width=4) (actual time=0.041..1045.166 rows=12371 loops=1)
                    Filter: (keyword_id > 123164)
                    Rows Removed by Filter: 4511559
              ->  Index Only Scan using title_pkey on title t  (cost=0.43..5.91 rows=1 width=4) (actual time=0.006..0.007 rows=1 loops=12371)
                    Index Cond: (id = mk.movie_id)
                    Heap Fetches: 12371
Planning time: 1.164 ms
Execution time: 16488.579 ms
