Hash Join  (cost=102767.86..914620.38 rows=245252 width=0) (actual time=2647.572..14696.098 rows=83010 loops=1)
  Hash Cond: (ci.movie_id = t.id)
  ->  Seq Scan on cast_info ci  (cost=0.00..796071.18 rows=245252 width=4) (actual time=166.215..11756.135 rows=83010 loops=1)
        Filter: ((person_id < 2620615) AND (role_id > 10))
        Rows Removed by Filter: 36161334
  ->  Hash  (cost=61283.27..61283.27 rows=2528527 width=4) (actual time=2479.828..2479.828 rows=2528312 loops=1)
        Buckets: 131072  Batches: 64  Memory Usage: 2415kB
        ->  Seq Scan on title t  (cost=0.00..61283.27 rows=2528527 width=4) (actual time=0.021..992.748 rows=2528312 loops=1)
Planning time: 0.723 ms
Execution time: 14706.236 ms
