Hash Join  (cost=81437.64..152933.58 rows=159486 width=0) (actual time=2364.317..2895.295 rows=7075 loops=1)
  Hash Cond: (mc.movie_id = t.id)
  ->  Seq Scan on movie_companies mc  (cost=0.00..57926.93 rows=880839 width=4) (actual time=0.022..1004.503 rows=702561 loops=1)
        Filter: ((company_id > 1817) AND (company_type_id = 1))
        Rows Removed by Filter: 1906568
  ->  Hash  (cost=73925.90..73925.90 rows=457819 width=4) (actual time=1526.669..1526.669 rows=344212 loops=1)
        Buckets: 131072  Batches: 8  Memory Usage: 2523kB
        ->  Seq Scan on title t  (cost=0.00..73925.90 rows=457819 width=4) (actual time=0.019..1094.939 rows=344212 loops=1)
              Filter: ((production_year < 1993) AND (kind_id = 7))
              Rows Removed by Filter: 2184100
Planning time: 0.732 ms
Execution time: 2896.343 ms
