Seq Scan on cast_info ci  (cost=0.00..796071.18 rows=627370 width=0) (actual time=957.468..10018.424 rows=1085980 loops=1)
  Filter: ((person_id > 2856056) AND (role_id = 4))
  Rows Removed by Filter: 35158364
Planning time: 0.364 ms
Execution time: 10156.595 ms
