Seq Scan on cast_info ci  (cost=0.00..705507.15 rows=29206269 width=0) (actual time=0.013..10990.580 rows=29287685 loops=1)
  Filter: (person_id > 672363)
  Rows Removed by Filter: 6956659
Planning time: 0.335 ms
Execution time: 14534.468 ms
