Hash Join  (cost=124618.24..944194.31 rows=156936 width=0) (actual time=3551.849..15287.853 rows=577066 loops=1)
  Hash Cond: (ci.movie_id = t.id)
  ->  Seq Scan on cast_info ci  (cost=0.00..796071.18 rows=5849475 width=4) (actual time=1494.815..10831.649 rows=10524619 loops=1)
        Filter: ((person_id > 2354286) AND (role_id > 2))
        Rows Removed by Filter: 25719725
  ->  Hash  (cost=123770.27..123770.27 rows=67838 width=8) (actual time=2056.167..2056.167 rows=47312 loops=1)
        Buckets: 131072  Batches: 1  Memory Usage: 2873kB
        ->  Hash Join  (cost=68426.36..123770.27 rows=67838 width=8) (actual time=786.804..2037.322 rows=47312 loops=1)
              Hash Cond: (mc.movie_id = t.id)
              ->  Seq Scan on movie_companies mc  (cost=0.00..44881.29 rows=2609129 width=4) (actual time=0.022..513.405 rows=2609129 loops=1)
              ->  Hash  (cost=67604.59..67604.59 rows=65742 width=4) (actual time=786.020..786.020 rows=63827 loops=1)
                    Buckets: 131072  Batches: 1  Memory Usage: 3268kB
                    ->  Seq Scan on title t  (cost=0.00..67604.59 rows=65742 width=4) (actual time=0.020..762.048 rows=63827 loops=1)
                          Filter: (production_year = 2013)
                          Rows Removed by Filter: 2464485
Planning time: 1.176 ms
Execution time: 15348.746 ms
