Seq Scan on movie_keyword mk  (cost=0.00..81003.12 rows=2699270 width=0) (actual time=0.021..1331.924 rows=2692654 loops=1)
  Filter: (keyword_id < 7622)
  Rows Removed by Filter: 1831276
Planning time: 0.327 ms
Execution time: 1669.900 ms
