Hash Join  (cost=957127.88..1052019.93 rows=1126988 width=0) (actual time=12452.595..15096.145 rows=2814 loops=1)
  Hash Cond: (mc.movie_id = t.id)
  ->  Seq Scan on movie_companies mc  (cost=0.00..51404.11 rows=2382150 width=4) (actual time=0.022..1026.659 rows=2380652 loops=1)
        Filter: (company_id < 105805)
        Rows Removed by Filter: 228477
  ->  Hash  (cost=937501.90..937501.90 rows=1196238 width=8) (actual time=12423.606..12423.606 rows=1307 loops=1)
        Buckets: 131072  Batches: 16  Memory Usage: 1028kB
        ->  Hash Join  (cost=102767.86..937501.90 rows=1196238 width=8) (actual time=6758.127..12422.525 rows=1307 loops=1)
              Hash Cond: (ci.movie_id = t.id)
              ->  Seq Scan on cast_info ci  (cost=0.00..796071.18 rows=1196238 width=4) (actual time=4705.094..10032.565 rows=1307 loops=1)
                    Filter: ((person_id < 566600) AND (role_id = 2))
                    Rows Removed by Filter: 36243037
              ->  Hash  (cost=61283.27..61283.27 rows=2528527 width=4) (actual time=2020.001..2020.001 rows=2528312 loops=1)
                    Buckets: 131072  Batches: 64  Memory Usage: 2415kB
                    ->  Seq Scan on title t  (cost=0.00..61283.27 rows=2528527 width=4) (actual time=0.019..918.412 rows=2528312 loops=1)
Planning time: 1.130 ms
Execution time: 15096.743 ms
