Seq Scan on cast_info ci  (cost=0.00..705507.15 rows=6648229 width=0) (actual time=0.015..10585.559 rows=6736216 loops=1)
  Filter: (person_id > 2987678)
  Rows Removed by Filter: 29508128
Planning time: 0.257 ms
Execution time: 11438.867 ms
