Seq Scan on movie_keyword mk  (cost=0.00..81003.12 rows=1388240 width=0) (actual time=0.025..1349.682 rows=1401700 loops=1)
  Filter: (keyword_id < 1905)
  Rows Removed by Filter: 3122230
Planning time: 0.298 ms
Execution time: 1530.667 ms
