Hash Join  (cost=138388.45..1234111.89 rows=6027624 width=0) (actual time=2658.826..33173.981 rows=7340676 loops=1)
  Hash Cond: (ci.movie_id = t.id)
  ->  Seq Scan on cast_info ci  (cost=0.00..614943.12 rows=36225612 width=4) (actual time=0.016..11991.228 rows=36244344 loops=1)
  ->  Hash  (cost=131485.39..131485.39 rows=420725 width=8) (actual time=2657.915..2657.915 rows=236601 loops=1)
        Buckets: 131072  Batches: 8  Memory Usage: 2185kB
        ->  Hash Join  (cost=86573.65..131485.39 rows=420725 width=8) (actual time=1593.674..2578.279 rows=236601 loops=1)
              Hash Cond: (mi_idx.movie_id = t.id)
              ->  Seq Scan on movie_info_idx mi_idx  (cost=0.00..21735.35 rows=1380035 width=4) (actual time=0.019..388.559 rows=1380035 loops=1)
              ->  Hash  (cost=73925.90..73925.90 rows=770860 width=4) (actual time=1382.812..1382.812 rows=682281 loops=1)
                    Buckets: 131072  Batches: 16  Memory Usage: 2522kB
                    ->  Seq Scan on title t  (cost=0.00..73925.90 rows=770860 width=4) (actual time=0.034..1164.558 rows=682281 loops=1)
                          Filter: ((production_year < 2004) AND (kind_id = 7))
                          Rows Removed by Filter: 1846031
Planning time: 1.128 ms
Execution time: 33947.919 ms
