Seq Scan on cast_info ci  (cost=0.00..705507.15 rows=26706516 width=0) (actual time=0.041..11998.218 rows=26905153 loops=1)
  Filter: (person_id > 919760)
  Rows Removed by Filter: 9339191
Planning time: 0.316 ms
Execution time: 15389.008 ms
