Hash Join  (cost=82995.40..217047.18 rows=988974 width=0) (actual time=1388.732..5720.236 rows=2033928 loops=1)
  Hash Cond: (mk.movie_id = t.id)
  ->  Seq Scan on movie_keyword mk  (cost=0.00..69693.30 rows=4523930 width=4) (actual time=0.013..1308.269 rows=4523930 loops=1)
  ->  Hash  (cost=73925.90..73925.90 rows=552760 width=4) (actual time=1387.677..1387.677 rows=429855 loops=1)
        Buckets: 131072  Batches: 8  Memory Usage: 2934kB
        ->  Seq Scan on title t  (cost=0.00..73925.90 rows=552760 width=4) (actual time=0.022..1248.514 rows=429855 loops=1)
              Filter: ((production_year > 1969) AND (kind_id = 1))
              Rows Removed by Filter: 2098457
Planning time: 0.484 ms
Execution time: 5954.015 ms
