Hash Join  (cost=193415.47..721194.51 rows=4496011 width=0) (actual time=3808.108..16786.578 rows=3180212 loops=1)
  Hash Cond: (mi.movie_id = t.id)
  ->  Seq Scan on movie_info mi  (cost=0.00..309384.22 rows=14739122 width=4) (actual time=0.021..5498.369 rows=14835720 loops=1)
  ->  Hash  (cost=180761.22..180761.22 rows=771300 width=8) (actual time=3807.137..3807.137 rows=316839 loops=1)
        Buckets: 131072  Batches: 16  Memory Usage: 1789kB
        ->  Hash Join  (cost=92883.59..180761.22 rows=771300 width=8) (actual time=1600.198..3711.324 rows=316839 loops=1)
              Hash Cond: (mc.movie_id = t.id)
              ->  Seq Scan on movie_companies mc  (cost=0.00..57926.93 rows=1265740 width=4) (actual time=0.026..1170.704 rows=1274246 loops=1)
                    Filter: ((company_id < 210503) AND (company_type_id = 1))
                    Rows Removed by Filter: 1334883
              ->  Hash  (cost=67604.59..67604.59 rows=1540800 width=4) (actual time=1599.332..1599.332 rows=1543264 loops=1)
                    Buckets: 131072  Batches: 32  Memory Usage: 2722kB
                    ->  Seq Scan on title t  (cost=0.00..67604.59 rows=1540800 width=4) (actual time=0.029..1113.945 rows=1543264 loops=1)
                          Filter: (kind_id = 7)
                          Rows Removed by Filter: 985048
Planning time: 1.127 ms
Execution time: 17163.186 ms
