Hash Join  (cost=213226.30..361716.13 rows=2174079 width=0) (actual time=4049.476..10865.504 rows=18209488 loops=1)
  Hash Cond: (mk.movie_id = t.id)
  ->  Seq Scan on movie_keyword mk  (cost=0.00..69693.30 rows=4523930 width=4) (actual time=0.025..1143.432 rows=4523930 loops=1)
  ->  Hash  (cost=193290.03..193290.03 rows=1215142 width=8) (actual time=4048.553..4048.553 rows=1203521 loops=1)
        Buckets: 131072  Batches: 16  Memory Usage: 3983kB
        ->  Hash Join  (cost=102767.86..193290.03 rows=1215142 width=8) (actual time=1691.377..3759.454 rows=1203521 loops=1)
              Hash Cond: (mc.movie_id = t.id)
              ->  Seq Scan on movie_companies mc  (cost=0.00..51404.11 rows=1215142 width=4) (actual time=0.020..887.059 rows=1203521 loops=1)
                    Filter: (company_id < 11031)
                    Rows Removed by Filter: 1405608
              ->  Hash  (cost=61283.27..61283.27 rows=2528527 width=4) (actual time=1689.577..1689.577 rows=2528312 loops=1)
                    Buckets: 131072  Batches: 64  Memory Usage: 2415kB
                    ->  Seq Scan on title t  (cost=0.00..61283.27 rows=2528527 width=4) (actual time=0.021..874.498 rows=2528312 loops=1)
Planning time: 1.855 ms
Execution time: 12725.320 ms
