Hash Join  (cost=89472.60..215549.51 rows=1012657 width=0) (actual time=1722.859..4154.977 rows=215742 loops=1)
  Hash Cond: (mk.movie_id = t.id)
  ->  Seq Scan on movie_keyword mk  (cost=0.00..81003.12 rows=2702189 width=4) (actual time=0.028..1470.587 rows=2699975 loops=1)
        Filter: (keyword_id < 7635)
        Rows Removed by Filter: 1823955
  ->  Hash  (cost=73925.90..73925.90 rows=947576 width=4) (actual time=1358.795..1358.795 rows=876037 loops=1)
        Buckets: 131072  Batches: 16  Memory Usage: 2955kB
        ->  Seq Scan on title t  (cost=0.00..73925.90 rows=947576 width=4) (actual time=0.020..1081.359 rows=876037 loops=1)
              Filter: ((production_year < 2007) AND (kind_id = 7))
              Rows Removed by Filter: 1652275
Planning time: 0.733 ms
Execution time: 4179.916 ms
