Hash Join  (cost=217858.32..348010.79 rows=1374048 width=0) (actual time=5349.206..9623.622 rows=4892404 loops=1)
  Hash Cond: (mk.movie_id = t.id)
  ->  Seq Scan on movie_keyword mk  (cost=0.00..81003.12 rows=2613032 width=4) (actual time=0.020..1543.991 rows=2604670 loops=1)
        Filter: (keyword_id > 3306)
        Rows Removed by Filter: 1919260
  ->  Hash  (cost=196044.17..196044.17 rows=1329612 width=8) (actual time=5347.355..5347.355 rows=1334883 loops=1)
        Buckets: 131072  Batches: 32  Memory Usage: 2660kB
        ->  Hash Join  (cost=102767.86..196044.17 rows=1329612 width=8) (actual time=1799.304..4941.046 rows=1334883 loops=1)
              Hash Cond: (mc.movie_id = t.id)
              ->  Seq Scan on movie_companies mc  (cost=0.00..51404.11 rows=1329612 width=4) (actual time=0.025..939.635 rows=1334883 loops=1)
                    Filter: (company_type_id > 1)
                    Rows Removed by Filter: 1274246
              ->  Hash  (cost=61283.27..61283.27 rows=2528527 width=4) (actual time=1798.012..1798.012 rows=2528312 loops=1)
                    Buckets: 131072  Batches: 64  Memory Usage: 2415kB
                    ->  Seq Scan on title t  (cost=0.00..61283.27 rows=2528527 width=4) (actual time=0.021..980.834 rows=2528312 loops=1)
Planning time: 1.119 ms
Execution time: 10211.702 ms
