Hash Join  (cost=132723.69..1057634.58 rows=2797510 width=0) (actual time=4816.833..23802.101 rows=5265626 loops=1)
  Hash Cond: (ci.movie_id = t.id)
  ->  Seq Scan on cast_info ci  (cost=0.00..705507.15 rows=16410304 width=4) (actual time=2161.549..12403.059 rows=16541636 loops=1)
        Filter: (person_id > 1974760)
        Rows Removed by Filter: 19702708
  ->  Hash  (cost=125651.63..125651.63 rows=431045 width=8) (actual time=2654.147..2654.147 rows=311149 loops=1)
        Buckets: 131072  Batches: 8  Memory Usage: 2532kB
        ->  Hash Join  (cost=80562.70..125651.63 rows=431045 width=8) (actual time=1330.794..2564.987 rows=311149 loops=1)
              Hash Cond: (mi_idx.movie_id = t.id)
              ->  Seq Scan on movie_info_idx mi_idx  (cost=0.00..21735.35 rows=1380035 width=4) (actual time=0.027..425.601 rows=1380035 loops=1)
              ->  Hash  (cost=67604.59..67604.59 rows=789769 width=4) (actual time=1329.749..1329.749 rows=784926 loops=1)
                    Buckets: 131072  Batches: 16  Memory Usage: 2749kB
                    ->  Seq Scan on title t  (cost=0.00..67604.59 rows=789769 width=4) (actual time=0.020..1071.694 rows=784926 loops=1)
                          Filter: (production_year > 2007)
                          Rows Removed by Filter: 1743386
Planning time: 1.168 ms
Execution time: 24465.234 ms
