Hash Join  (cost=605984.25..2123464.22 rows=25043765 width=0) (actual time=16594.940..89185.317 rows=165876483 loops=1)
  Hash Cond: (ci.movie_id = t.id)
  ->  Seq Scan on cast_info ci  (cost=0.00..614943.12 rows=36225612 width=4) (actual time=0.016..12897.108 rows=36244344 loops=1)
  ->  Hash  (cost=577304.74..577304.74 rows=1748041 width=8) (actual time=16593.493..16593.493 rows=4895229 loops=1)
        Buckets: 131072 (originally 131072)  Batches: 128 (originally 32)  Memory Usage: 3999kB
        ->  Hash Join  (cost=78846.40..577304.74 rows=1748041 width=8) (actual time=1236.776..14950.690 rows=4895229 loops=1)
              Hash Cond: (mi.movie_id = t.id)
              ->  Seq Scan on movie_info mi  (cost=0.00..309384.22 rows=14739122 width=4) (actual time=0.021..5694.355 rows=14835720 loops=1)
              ->  Hash  (cost=73925.90..73925.90 rows=299880 width=4) (actual time=1235.875..1235.875 rows=391036 loops=1)
                    Buckets: 131072 (originally 131072)  Batches: 8 (originally 4)  Memory Usage: 3073kB
                    ->  Seq Scan on title t  (cost=0.00..73925.90 rows=299880 width=4) (actual time=0.016..1100.162 rows=391036 loops=1)
                          Filter: ((production_year < 2002) AND (kind_id = 1))
                          Rows Removed by Filter: 2137276
Planning time: 1.375 ms
Execution time: 106266.475 ms
