Hash Join  (cost=222910.69..267374.29 rows=394612 width=0) (actual time=4974.031..7009.441 rows=1491335 loops=1)
  Hash Cond: (mi_idx.movie_id = t.id)
  ->  Seq Scan on movie_info_idx mi_idx  (cost=0.00..21735.35 rows=1380035 width=4) (actual time=0.025..434.639 rows=1380035 loops=1)
  ->  Hash  (cost=211047.99..211047.99 rows=723016 width=8) (actual time=4973.114..4973.114 rows=717872 loops=1)
        Buckets: 131072  Batches: 16  Memory Usage: 2806kB
        ->  Hash Join  (cost=102767.86..211047.99 rows=723016 width=8) (actual time=2522.571..4758.773 rows=717872 loops=1)
              Hash Cond: (mk.movie_id = t.id)
              ->  Seq Scan on movie_keyword mk  (cost=0.00..81003.12 rows=723016 width=4) (actual time=0.027..1237.176 rows=717872 loops=1)
                    Filter: (keyword_id < 630)
                    Rows Removed by Filter: 3806058
              ->  Hash  (cost=61283.27..61283.27 rows=2528527 width=4) (actual time=2521.706..2521.706 rows=2528312 loops=1)
                    Buckets: 131072  Batches: 64  Memory Usage: 2425kB
                    ->  Seq Scan on title t  (cost=0.00..61283.27 rows=2528527 width=4) (actual time=0.019..1054.499 rows=2528312 loops=1)
Planning time: 1.162 ms
Execution time: 7162.862 ms
