Seq Scan on cast_info ci  (cost=0.00..796071.18 rows=12363282 width=0) (actual time=0.024..12945.018 rows=14908212 loops=1)
  Filter: ((person_id < 1844797) AND (role_id < 4))
  Rows Removed by Filter: 21336132
Planning time: 0.335 ms
Execution time: 14719.330 ms
