Hash Join  (cost=83810.17..203950.63 rows=890843 width=0) (actual time=1325.288..4731.345 rows=1975603 loops=1)
  Hash Cond: (mk.movie_id = t.id)
  ->  Seq Scan on movie_keyword mk  (cost=0.00..81003.12 rows=2280508 width=4) (actual time=0.021..1306.485 rows=2279601 loops=1)
        Filter: (keyword_id < 4834)
        Rows Removed by Filter: 2244329
  ->  Hash  (cost=67604.59..67604.59 rows=987727 width=4) (actual time=1324.228..1324.228 rows=985048 loops=1)
        Buckets: 131072  Batches: 16  Memory Usage: 3197kB
        ->  Seq Scan on title t  (cost=0.00..67604.59 rows=987727 width=4) (actual time=0.022..1000.233 rows=985048 loops=1)
              Filter: (kind_id < 7)
              Rows Removed by Filter: 1543264
Planning time: 0.725 ms
Execution time: 4941.892 ms
