Seq Scan on movie_keyword mk  (cost=0.00..81003.12 rows=6786 width=0) (actual time=0.026..1387.784 rows=6560 loops=1)
  Filter: (keyword_id = 12015)
  Rows Removed by Filter: 4517370
Planning time: 0.396 ms
Execution time: 1389.301 ms
