Nested Loop  (cost=0.43..709673.15 rows=408 width=136) (actual time=8841.410..11674.118 rows=5 loops=1)
  ->  Seq Scan on cast_info ci  (cost=0.00..705507.15 rows=500 width=42) (actual time=8841.254..11673.852 rows=5 loops=1)
        Filter: (person_id = 1896629)
        Rows Removed by Filter: 36244339
  ->  Index Scan using title_pkey on title t  (cost=0.43..8.32 rows=1 width=94) (actual time=0.039..0.040 rows=1 loops=5)
        Index Cond: (id = ci.movie_id)
        Filter: (production_year < 2011)
Planning time: 1.049 ms
Execution time: 11674.204 ms
