Hash Join  (cost=73950.44..425211.53 rows=1039 width=0) (actual time=1933.906..6178.331 rows=4823 loops=1)
  Hash Cond: (mi.movie_id = t.id)
  ->  Seq Scan on movie_info mi  (cost=0.00..346232.03 rows=1338312 width=4) (actual time=746.149..4939.864 rows=1401902 loops=1)
        Filter: (info_type_id = 7)
        Rows Removed by Filter: 13433818
  ->  Hash  (cost=73925.90..73925.90 rows=1963 width=4) (actual time=1029.852..1029.852 rows=2712 loops=1)
        Buckets: 4096 (originally 2048)  Batches: 1 (originally 1)  Memory Usage: 128kB
        ->  Seq Scan on title t  (cost=0.00..73925.90 rows=1963 width=4) (actual time=0.040..1028.356 rows=2712 loops=1)
              Filter: ((kind_id = 1) AND (production_year = 1954))
              Rows Removed by Filter: 2525600
Planning time: 0.737 ms
Execution time: 6179.213 ms
