Seq Scan on movie_keyword mk  (cost=0.00..81003.12 rows=3828223 width=0) (actual time=0.020..1491.668 rows=3823318 loops=1)
  Filter: (keyword_id < 26908)
  Rows Removed by Filter: 700612
Planning time: 0.196 ms
Execution time: 1974.122 ms
