Hash Join  (cost=52284.99..80917.27 rows=38 width=0) (actual time=826.236..1281.992 rows=68 loops=1)
  Hash Cond: (mi_idx.movie_id = t.id)
  ->  Seq Scan on movie_info_idx mi_idx  (cost=0.00..25185.44 rows=919057 width=4) (actual time=0.023..412.426 rows=920110 loops=1)
        Filter: (info_type_id > 99)
        Rows Removed by Filter: 459925
  ->  Hash  (cost=52283.69..52283.69 rows=104 width=8) (actual time=747.118..747.118 rows=244 loops=1)
        Buckets: 1024  Batches: 1  Memory Usage: 18kB
        ->  Nested Loop  (cost=0.43..52283.69 rows=104 width=8) (actual time=3.568..746.949 rows=244 loops=1)
              ->  Seq Scan on movie_companies mc  (cost=0.00..51404.11 rows=104 width=4) (actual time=3.518..741.784 rows=244 loops=1)
                    Filter: (company_id = 21368)
                    Rows Removed by Filter: 2608885
              ->  Index Only Scan using title_pkey on title t  (cost=0.43..8.45 rows=1 width=4) (actual time=0.019..0.020 rows=1 loops=244)
                    Index Cond: (id = mc.movie_id)
                    Heap Fetches: 244
Planning time: 1.164 ms
Execution time: 1282.146 ms
