Seq Scan on cast_info ci  (cost=0.00..796071.18 rows=4387493 width=0) (actual time=138.614..10708.727 rows=4287605 loops=1)
  Filter: ((person_id < 414725) AND (role_id < 11))
  Rows Removed by Filter: 31956739
Planning time: 0.278 ms
Execution time: 11254.056 ms
