Hash Join  (cost=74621.78..129861.75 rows=57445 width=0) (actual time=1218.087..2531.704 rows=128737 loops=1)
  Hash Cond: (mc.movie_id = t.id)
  ->  Seq Scan on movie_companies mc  (cost=0.00..44881.29 rows=2609129 width=4) (actual time=0.012..508.411 rows=2609129 loops=1)
  ->  Hash  (cost=73925.90..73925.90 rows=55670 width=4) (actual time=1217.642..1217.642 rows=60828 loops=1)
        Buckets: 65536  Batches: 1  Memory Usage: 2651kB
        ->  Seq Scan on title t  (cost=0.00..73925.90 rows=55670 width=4) (actual time=0.020..1193.327 rows=60828 loops=1)
              Filter: ((production_year < 2007) AND (kind_id = 2))
              Rows Removed by Filter: 2467484
Planning time: 0.729 ms
Execution time: 2548.624 ms
