Hash Join  (cost=94666.80..1187020.70 rows=9778285 width=0) (actual time=6053.120..27086.352 rows=7219518 loops=1)
  Hash Cond: (ci.movie_id = t.id)
  ->  Seq Scan on cast_info ci  (cost=0.00..796071.18 rows=14989574 width=4) (actual time=3504.063..15062.085 rows=10332052 loops=1)
        Filter: ((person_id < 2349634) AND (role_id > 1))
        Rows Removed by Filter: 25912292
  ->  Hash  (cost=67604.59..67604.59 rows=1649457 width=4) (actual time=2433.851..2433.851 rows=1643514 loops=1)
        Buckets: 131072  Batches: 32  Memory Usage: 2831kB
        ->  Seq Scan on title t  (cost=0.00..67604.59 rows=1649457 width=4) (actual time=0.023..1181.601 rows=1643514 loops=1)
              Filter: (production_year > 1994)
              Rows Removed by Filter: 884798
Planning time: 0.705 ms
Execution time: 28002.549 ms
