Hash Join  (cost=132723.69..509756.75 rows=374122 width=0) (actual time=4155.968..8866.720 rows=868405 loops=1)
  Hash Cond: (mi.movie_id = t.id)
  ->  Seq Scan on movie_info mi  (cost=0.00..346232.03 rows=2194617 width=4) (actual time=1535.859..4977.821 rows=2233850 loops=1)
        Filter: (info_type_id > 16)
        Rows Removed by Filter: 12601870
  ->  Hash  (cost=125651.63..125651.63 rows=431045 width=8) (actual time=2606.431..2606.431 rows=311149 loops=1)
        Buckets: 131072  Batches: 8  Memory Usage: 2539kB
        ->  Hash Join  (cost=80562.70..125651.63 rows=431045 width=8) (actual time=1251.874..2511.059 rows=311149 loops=1)
              Hash Cond: (mi_idx.movie_id = t.id)
              ->  Seq Scan on movie_info_idx mi_idx  (cost=0.00..21735.35 rows=1380035 width=4) (actual time=0.021..434.862 rows=1380035 loops=1)
              ->  Hash  (cost=67604.59..67604.59 rows=789769 width=4) (actual time=1251.125..1251.125 rows=784926 loops=1)
                    Buckets: 131072  Batches: 16  Memory Usage: 2749kB
                    ->  Seq Scan on title t  (cost=0.00..67604.59 rows=789769 width=4) (actual time=0.037..993.590 rows=784926 loops=1)
                          Filter: (production_year > 2007)
                          Rows Removed by Filter: 1743386
Planning time: 1.183 ms
Execution time: 8978.588 ms
