Hash Join  (cost=199106.76..344816.81 rows=1945902 width=0) (actual time=4078.765..7672.603 rows=1192133 loops=1)
  Hash Cond: (mk.movie_id = t.id)
  ->  Seq Scan on movie_keyword mk  (cost=0.00..69693.30 rows=4523930 width=4) (actual time=0.016..1392.986 rows=4523930 loops=1)
  ->  Hash  (cost=181262.64..181262.64 rows=1087609 width=8) (actual time=4077.028..4077.028 rows=422498 loops=1)
        Buckets: 131072  Batches: 16  Memory Usage: 2039kB
        ->  Hash Join  (cost=91219.03..181262.64 rows=1087609 width=8) (actual time=1555.013..3962.574 rows=422498 loops=1)
              Hash Cond: (mc.movie_id = t.id)
              ->  Seq Scan on movie_companies mc  (cost=0.00..44881.29 rows=2609129 width=4) (actual time=0.021..940.050 rows=2609129 loops=1)
              ->  Hash  (cost=73925.90..73925.90 rows=1054010 width=4) (actual time=1553.751..1553.751 rows=1148948 loops=1)
                    Buckets: 131072  Batches: 16  Memory Usage: 3556kB
                    ->  Seq Scan on title t  (cost=0.00..73925.90 rows=1054010 width=4) (actual time=0.006..1202.347 rows=1148948 loops=1)
                          Filter: ((production_year > 1991) AND (kind_id = 7))
                          Rows Removed by Filter: 1379364
Planning time: 0.765 ms
Execution time: 7809.902 ms
