Hash Join  (cost=104570.16..1419600.88 rows=24641044 width=0) (actual time=1955.103..39996.071 rows=25697330 loops=1)
  Hash Cond: (ci.movie_id = t.id)
  ->  Seq Scan on cast_info ci  (cost=0.00..705507.15 rows=27653425 width=4) (actual time=0.021..15413.016 rows=27758030 loops=1)
        Filter: (role_id < 6)
        Rows Removed by Filter: 8486314
  ->  Hash  (cost=67604.59..67604.59 rows=2253086 width=4) (actual time=1954.140..1954.140 rows=2244594 loops=1)
        Buckets: 131072  Batches: 32  Memory Usage: 3493kB
        ->  Seq Scan on title t  (cost=0.00..67604.59 rows=2253086 width=4) (actual time=0.024..1249.604 rows=2244594 loops=1)
              Filter: (production_year > 1956)
              Rows Removed by Filter: 283718
Planning time: 0.696 ms
Execution time: 42980.528 ms
