Hash Join  (cost=102767.86..247554.04 rows=2240188 width=0) (actual time=1809.716..6120.534 rows=2236801 loops=1)
  Hash Cond: (mk.movie_id = t.id)
  ->  Seq Scan on movie_keyword mk  (cost=0.00..81003.12 rows=2240188 width=4) (actual time=0.024..1513.744 rows=2236801 loops=1)
        Filter: (keyword_id > 4853)
        Rows Removed by Filter: 2287129
  ->  Hash  (cost=61283.27..61283.27 rows=2528527 width=4) (actual time=1808.283..1808.283 rows=2528312 loops=1)
        Buckets: 131072  Batches: 64  Memory Usage: 2425kB
        ->  Seq Scan on title t  (cost=0.00..61283.27 rows=2528527 width=4) (actual time=0.028..943.489 rows=2528312 loops=1)
Planning time: 0.709 ms
Execution time: 6403.768 ms
