Hash Join  (cost=100908.38..465656.76 rows=9242 width=0) (actual time=1628.441..7266.533 rows=86495 loops=1)
  Hash Cond: (mi.movie_id = t.id)
  ->  Seq Scan on movie_info mi  (cost=0.00..309384.22 rows=14739122 width=4) (actual time=0.011..3008.179 rows=14835720 loops=1)
  ->  Hash  (cost=100888.56..100888.56 rows=1586 width=8) (actual time=1627.925..1627.925 rows=4711 loops=1)
        Buckets: 8192 (originally 2048)  Batches: 1 (originally 1)  Memory Usage: 249kB
        ->  Hash Join  (cost=73962.22..100888.56 rows=1586 width=8) (actual time=1053.930..1625.848 rows=4711 loops=1)
              Hash Cond: (mi_idx.movie_id = t.id)
              ->  Seq Scan on movie_info_idx mi_idx  (cost=0.00..21735.35 rows=1380035 width=4) (actual time=0.019..293.130 rows=1380035 loops=1)
              ->  Hash  (cost=73925.90..73925.90 rows=2905 width=4) (actual time=1053.611..1053.611 rows=4390 loops=1)
                    Buckets: 8192 (originally 4096)  Batches: 1 (originally 1)  Memory Usage: 219kB
                    ->  Seq Scan on title t  (cost=0.00..73925.90 rows=2905 width=4) (actual time=2.753..1051.314 rows=4390 loops=1)
                          Filter: ((kind_id < 7) AND (production_year = 1962))
                          Rows Removed by Filter: 2523922
Planning time: 1.156 ms
Execution time: 7278.776 ms
