Hash Join  (cost=102767.86..974714.04 rows=6506402 width=0) (actual time=1775.490..18223.132 rows=6415858 loops=1)
  Hash Cond: (ci.movie_id = t.id)
  ->  Seq Scan on cast_info ci  (cost=0.00..705507.15 rows=6506402 width=4) (actual time=0.029..10549.542 rows=6415858 loops=1)
        Filter: (person_id < 619622)
        Rows Removed by Filter: 29828486
  ->  Hash  (cost=61283.27..61283.27 rows=2528527 width=4) (actual time=1774.052..1774.052 rows=2528312 loops=1)
        Buckets: 131072  Batches: 64  Memory Usage: 2415kB
        ->  Seq Scan on title t  (cost=0.00..61283.27 rows=2528527 width=4) (actual time=0.035..919.790 rows=2528312 loops=1)
Planning time: 1.184 ms
Execution time: 19019.818 ms
