Hash Join  (cost=85777.42..129880.26 rows=400877 width=0) (actual time=1421.978..2630.622 rows=325712 loops=1)
  Hash Cond: (mi_idx.movie_id = t.id)
  ->  Seq Scan on movie_info_idx mi_idx  (cost=0.00..25185.44 rows=915101 width=4) (actual time=0.028..489.242 rows=919850 loops=1)
        Filter: (info_type_id < 101)
        Rows Removed by Filter: 460185
  ->  Hash  (cost=67604.59..67604.59 rows=1107667 width=4) (actual time=1420.920..1420.920 rows=1107925 loops=1)
        Buckets: 131072  Batches: 16  Memory Usage: 3460kB
        ->  Seq Scan on title t  (cost=0.00..67604.59 rows=1107667 width=4) (actual time=0.013..1073.976 rows=1107925 loops=1)
              Filter: (production_year > 2004)
              Rows Removed by Filter: 1420387
Planning time: 9.309 ms
Execution time: 2671.329 ms
