Hash Join  (cost=83074.74..436098.92 rows=176 width=0) (actual time=1442.189..5652.255 rows=9625 loops=1)
  Hash Cond: (mi.movie_id = t.id)
  ->  Seq Scan on movie_info mi  (cost=0.00..346232.03 rows=1810770 width=4) (actual time=325.173..4253.444 rows=1865632 loops=1)
        Filter: (info_type_id > 17)
        Rows Removed by Filter: 12970088
  ->  Hash  (cost=83071.67..83071.67 rows=246 width=8) (actual time=1112.234..1112.234 rows=1620 loops=1)
        Buckets: 2048 (originally 1024)  Batches: 1 (originally 1)  Memory Usage: 80kB
        ->  Nested Loop  (cost=0.43..83071.67 rows=246 width=8) (actual time=0.487..1111.206 rows=1620 loops=1)
              ->  Seq Scan on movie_keyword mk  (cost=0.00..81003.12 rows=246 width=4) (actual time=0.441..1063.392 rows=1620 loops=1)
                    Filter: (keyword_id = 2616)
                    Rows Removed by Filter: 4522310
              ->  Index Only Scan using title_pkey on title t  (cost=0.43..8.40 rows=1 width=4) (actual time=0.028..0.028 rows=1 loops=1620)
                    Index Cond: (id = mk.movie_id)
                    Heap Fetches: 1620
Planning time: 1.143 ms
Execution time: 5653.801 ms
