Seq Scan on title t  (cost=0.00..73925.90 rows=368477 width=0) (actual time=0.025..1097.119 rows=228675 loops=1)
  Filter: ((kind_id > 1) AND (production_year < 1979))
  Rows Removed by Filter: 2299637
Planning time: 0.332 ms
Execution time: 1127.845 ms
