Hash Join  (cost=156209.36..943776.03 rows=1079399 width=0) (actual time=3372.033..19049.605 rows=2305034 loops=1)
  Hash Cond: (ci.movie_id = t.id)
  ->  Seq Scan on cast_info ci  (cost=0.00..705507.15 rows=6010009 width=4) (actual time=214.292..10704.972 rows=5921246 loops=1)
        Filter: (person_id < 572724)
        Rows Removed by Filter: 30323098
  ->  Hash  (cost=148758.81..148758.81 rows=454124 width=8) (actual time=3156.859..3156.859 rows=459925 loops=1)
        Buckets: 131072  Batches: 8  Memory Usage: 3275kB
        ->  Hash Join  (cost=102767.86..148758.81 rows=454124 width=8) (actual time=1713.898..3016.987 rows=459925 loops=1)
              Hash Cond: (mi_idx.movie_id = t.id)
              ->  Seq Scan on movie_info_idx mi_idx  (cost=0.00..25185.44 rows=454124 width=4) (actual time=0.025..489.437 rows=459925 loops=1)
                    Filter: (info_type_id = 100)
                    Rows Removed by Filter: 920110
              ->  Hash  (cost=61283.27..61283.27 rows=2528527 width=4) (actual time=1712.336..1712.336 rows=2528312 loops=1)
                    Buckets: 131072  Batches: 64  Memory Usage: 2415kB
                    ->  Seq Scan on title t  (cost=0.00..61283.27 rows=2528527 width=4) (actual time=0.016..856.046 rows=2528312 loops=1)
Planning time: 3.354 ms
Execution time: 19332.995 ms
