Hash Join  (cost=121538.28..486303.68 rows=10947 width=0) (actual time=1614.696..7031.096 rows=68145 loops=1)
  Hash Cond: (mi.movie_id = t.id)
  ->  Seq Scan on movie_info mi  (cost=0.00..309384.22 rows=14739122 width=4) (actual time=0.024..2893.979 rows=14835720 loops=1)
  ->  Hash  (cost=121514.81..121514.81 rows=1878 width=8) (actual time=1614.172..1614.172 rows=4843 loops=1)
        Buckets: 8192 (originally 2048)  Batches: 1 (originally 1)  Memory Usage: 254kB
        ->  Hash Join  (cost=67697.55..121514.81 rows=1878 width=8) (actual time=799.061..1611.988 rows=4843 loops=1)
              Hash Cond: (mc.movie_id = t.id)
              ->  Seq Scan on movie_companies mc  (cost=0.00..51404.11 rows=638497 width=4) (actual time=0.037..689.368 rows=632067 loops=1)
                    Filter: (company_id < 846)
                    Rows Removed by Filter: 1977062
              ->  Hash  (cost=67604.59..67604.59 rows=7437 width=4) (actual time=798.633..798.633 rows=8007 loops=1)
                    Buckets: 8192  Batches: 1  Memory Usage: 346kB
                    ->  Seq Scan on title t  (cost=0.00..67604.59 rows=7437 width=4) (actual time=0.062..794.771 rows=8007 loops=1)
                          Filter: (production_year = 1955)
                          Rows Removed by Filter: 2520305
Planning time: 1.064 ms
Execution time: 7040.472 ms
