Seq Scan on cast_info ci  (cost=0.00..796071.18 rows=916039 width=0) (actual time=6503.578..11378.897 rows=1167 loops=1)
  Filter: ((person_id < 427522) AND (role_id = 2))
  Rows Removed by Filter: 36243177
Planning time: 1.349 ms
Execution time: 11379.177 ms
