Seq Scan on movie_keyword mk  (cost=0.00..81003.12 rows=1721883 width=0) (actual time=0.024..1438.099 rows=1725148 loops=1)
  Filter: (keyword_id < 2793)
  Rows Removed by Filter: 2798782
Planning time: 0.321 ms
Execution time: 1652.724 ms
