Hash Join  (cost=139635.72..220949.94 rows=454370 width=0) (actual time=3842.646..6708.888 rows=2935954 loops=1)
  Hash Cond: (mc.movie_id = t.id)
  ->  Seq Scan on movie_companies mc  (cost=0.00..44881.29 rows=2609129 width=4) (actual time=0.011..836.744 rows=2609129 loops=1)
  ->  Hash  (cost=132410.55..132410.55 rows=440333 width=8) (actual time=3841.606..3841.606 rows=877706 loops=1)
        Buckets: 131072 (originally 131072)  Batches: 16 (originally 8)  Memory Usage: 3171kB
        ->  Hash Join  (cost=87162.74..132410.55 rows=440333 width=8) (actual time=1420.639..2849.600 rows=877706 loops=1)
              Hash Cond: (mi_idx.movie_id = t.id)
              ->  Seq Scan on movie_info_idx mi_idx  (cost=0.00..21735.35 rows=1380035 width=4) (actual time=0.017..408.134 rows=1380035 loops=1)
              ->  Hash  (cost=73925.90..73925.90 rows=806787 width=4) (actual time=1419.945..1419.945 rows=843018 loops=1)
                    Buckets: 131072  Batches: 16  Memory Usage: 2879kB
                    ->  Seq Scan on title t  (cost=0.00..73925.90 rows=806787 width=4) (actual time=0.024..1160.226 rows=843018 loops=1)
                          Filter: ((kind_id < 7) AND (production_year < 2011))
                          Rows Removed by Filter: 1685294
Planning time: 0.969 ms
Execution time: 7057.053 ms
