Hash Join  (cost=187031.69..718190.76 rows=4812714 width=0) (actual time=4950.925..29361.446 rows=49093306 loops=1)
  Hash Cond: (mi.movie_id = t.id)
  ->  Seq Scan on movie_info mi  (cost=0.00..309384.22 rows=14739122 width=4) (actual time=0.023..5045.011 rows=14835720 loops=1)
  ->  Hash  (cost=173485.30..173485.30 rows=825631 width=8) (actual time=4940.770..4940.770 rows=1331765 loops=1)
        Buckets: 131072 (originally 131072)  Batches: 32 (originally 16)  Memory Usage: 3073kB
        ->  Hash Join  (cost=87053.47..173485.30 rows=825631 width=8) (actual time=2074.878..4568.182 rows=1331765 loops=1)
              Hash Cond: (mc.movie_id = t.id)
              ->  Seq Scan on movie_companies mc  (cost=0.00..44881.29 rows=2609129 width=4) (actual time=0.012..817.281 rows=2609129 loops=1)
              ->  Hash  (cost=73925.90..73925.90 rows=800125 width=4) (actual time=2074.038..2074.038 rows=713741 loops=1)
                    Buckets: 131072  Batches: 16  Memory Usage: 2592kB
                    ->  Seq Scan on title t  (cost=0.00..73925.90 rows=800125 width=4) (actual time=0.016..1081.228 rows=713741 loops=1)
                          Filter: ((kind_id < 7) AND (production_year > 1972))
                          Rows Removed by Filter: 1814571
Planning time: 1.119 ms
Execution time: 34670.185 ms
