Hash Join  (cost=130318.35..888255.29 rows=714777 width=0) (actual time=2455.541..26428.297 rows=1690918 loops=1)
  Hash Cond: (ci.movie_id = t.id)
  ->  Seq Scan on cast_info ci  (cost=0.00..614943.12 rows=36225612 width=4) (actual time=0.013..8709.420 rows=36244344 loops=1)
  ->  Hash  (cost=129694.71..129694.71 rows=49891 width=8) (actual time=2454.907..2454.907 rows=109603 loops=1)
        Buckets: 131072 (originally 65536)  Batches: 2 (originally 1)  Memory Usage: 3168kB
        ->  Hash Join  (cost=74530.28..129694.71 rows=49891 width=8) (actual time=1075.071..2409.820 rows=109603 loops=1)
              Hash Cond: (mc.movie_id = t.id)
              ->  Seq Scan on movie_companies mc  (cost=0.00..44881.29 rows=2609129 width=4) (actual time=0.014..570.945 rows=2609129 loops=1)
              ->  Hash  (cost=73925.90..73925.90 rows=48350 width=4) (actual time=1074.707..1074.707 rows=53111 loops=1)
                    Buckets: 65536  Batches: 1  Memory Usage: 2380kB
                    ->  Seq Scan on title t  (cost=0.00..73925.90 rows=48350 width=4) (actual time=0.027..1052.753 rows=53111 loops=1)
                          Filter: ((production_year < 2005) AND (kind_id = 2))
                          Rows Removed by Filter: 2475201
Planning time: 1.218 ms
Execution time: 26641.058 ms
