Hash Join  (cost=78641.77..206909.36 rows=514255 width=0) (actual time=1234.654..4792.068 rows=1649085 loops=1)
  Hash Cond: (mk.movie_id = t.id)
  ->  Seq Scan on movie_keyword mk  (cost=0.00..69693.30 rows=4523930 width=4) (actual time=0.017..1265.265 rows=4523930 loops=1)
  ->  Hash  (cost=73925.90..73925.90 rows=287429 width=4) (actual time=1233.871..1233.871 rows=401493 loops=1)
        Buckets: 131072 (originally 131072)  Batches: 8 (originally 4)  Memory Usage: 3073kB
        ->  Seq Scan on title t  (cost=0.00..73925.90 rows=287429 width=4) (actual time=0.018..1095.407 rows=401493 loops=1)
              Filter: ((kind_id < 7) AND (production_year < 1992))
              Rows Removed by Filter: 2126819
Planning time: 0.665 ms
Execution time: 4985.009 ms
