Hash Join  (cost=164301.27..673318.31 rows=2737612 width=0) (actual time=4465.206..21155.673 rows=14767157 loops=1)
  Hash Cond: (mi.movie_id = t.id)
  ->  Seq Scan on movie_info mi  (cost=0.00..309384.22 rows=14739122 width=4) (actual time=0.016..5624.268 rows=14835720 loops=1)
  ->  Hash  (cost=156595.73..156595.73 rows=469643 width=8) (actual time=4464.187..4464.187 rows=764485 loops=1)
        Buckets: 131072 (originally 131072)  Batches: 16 (originally 8)  Memory Usage: 3073kB
        ->  Hash Join  (cost=75071.77..156595.73 rows=469643 width=8) (actual time=1100.617..4234.820 rows=764485 loops=1)
              Hash Cond: (mc.movie_id = t.id)
              ->  Seq Scan on movie_companies mc  (cost=0.00..44881.29 rows=2609129 width=4) (actual time=0.035..945.882 rows=2609129 loops=1)
              ->  Hash  (cost=67604.59..67604.59 rows=455135 width=4) (actual time=1099.269..1099.269 rows=451569 loops=1)
                    Buckets: 131072  Batches: 8  Memory Usage: 3003kB
                    ->  Seq Scan on title t  (cost=0.00..67604.59 rows=455135 width=4) (actual time=0.021..952.588 rows=451569 loops=1)
                          Filter: (production_year < 1976)
                          Rows Removed by Filter: 2076743
Planning time: 1.189 ms
Execution time: 22809.647 ms
