Hash Join  (cost=196129.87..695418.80 rows=1825898 width=0) (actual time=4316.948..34709.674 rows=75278975 loops=1)
  Hash Cond: (mi.movie_id = t.id)
  ->  Seq Scan on movie_info mi  (cost=0.00..309384.22 rows=14739122 width=4) (actual time=0.009..5684.330 rows=14835720 loops=1)
  ->  Hash  (cost=190990.41..190990.41 rows=313237 width=8) (actual time=4289.569..4289.569 rows=1027797 loops=1)
        Buckets: 131072 (originally 131072)  Batches: 16 (originally 8)  Memory Usage: 3637kB
        ->  Hash Join  (cost=79775.76..190990.41 rows=313237 width=8) (actual time=1217.528..3974.374 rows=1027797 loops=1)
              Hash Cond: (mk.movie_id = t.id)
              ->  Seq Scan on movie_keyword mk  (cost=0.00..81003.12 rows=2221376 width=4) (actual time=0.012..1474.478 rows=2213751 loops=1)
                    Filter: (keyword_id > 4963)
                    Rows Removed by Filter: 2310179
              ->  Hash  (cost=73925.90..73925.90 rows=356548 width=4) (actual time=1216.568..1216.568 rows=424572 loops=1)
                    Buckets: 131072  Batches: 8  Memory Usage: 2905kB
                    ->  Seq Scan on title t  (cost=0.00..73925.90 rows=356548 width=4) (actual time=0.018..1081.290 rows=424572 loops=1)
                          Filter: ((production_year < 2005) AND (kind_id = 1))
                          Rows Removed by Filter: 2103740
Planning time: 1.176 ms
Execution time: 43586.979 ms
