Seq Scan on movie_companies mc  (cost=0.00..57926.93 rows=871609 width=0) (actual time=34.668..1019.190 rows=1184461 loops=1)
  Filter: ((company_id < 26166) AND (company_type_id = 1))
  Rows Removed by Filter: 1424668
Planning time: 0.407 ms
Execution time: 1166.200 ms
