Hash Join  (cost=73963.69..825185.96 rows=43310 width=0) (actual time=912.612..15281.523 rows=13926 loops=1)
  Hash Cond: (ci.movie_id = t.id)
  ->  Seq Scan on cast_info ci  (cost=0.00..614943.12 rows=36225612 width=4) (actual time=0.012..7641.656 rows=36244344 loops=1)
  ->  Hash  (cost=73925.90..73925.90 rows=3023 width=4) (actual time=912.131..912.131 rows=1148 loops=1)
        Buckets: 4096  Batches: 1  Memory Usage: 73kB
        ->  Seq Scan on title t  (cost=0.00..73925.90 rows=3023 width=4) (actual time=574.239..911.482 rows=1148 loops=1)
              Filter: ((production_year > 2012) AND (kind_id = 4))
              Rows Removed by Filter: 2527164
Planning time: 0.726 ms
Execution time: 15285.336 ms
