Hash Join  (cost=102767.86..1468990.41 rows=23284023 width=0) (actual time=4664.976..43897.984 rows=23504455 loops=1)
  Hash Cond: (ci.movie_id = t.id)
  ->  Seq Scan on cast_info ci  (cost=0.00..796071.18 rows=23284023 width=4) (actual time=2181.193..17680.070 rows=23504455 loops=1)
        Filter: ((person_id > 32722) AND (role_id > 1))
        Rows Removed by Filter: 12739889
  ->  Hash  (cost=61283.27..61283.27 rows=2528527 width=4) (actual time=2482.241..2482.241 rows=2528312 loops=1)
        Buckets: 131072  Batches: 64  Memory Usage: 2415kB
        ->  Seq Scan on title t  (cost=0.00..61283.27 rows=2528527 width=4) (actual time=0.024..947.261 rows=2528312 loops=1)
Planning time: 0.778 ms
Execution time: 46753.820 ms
