Hash Join  (cost=81720.25..210478.89 rows=1009407 width=0) (actual time=1288.055..4551.217 rows=2134865 loops=1)
  Hash Cond: (mk.movie_id = t.id)
  ->  Seq Scan on movie_keyword mk  (cost=0.00..81003.12 rows=2966518 width=4) (actual time=0.025..1577.205 rows=2960017 loops=1)
        Filter: (keyword_id > 2346)
        Rows Removed by Filter: 1563913
  ->  Hash  (cost=67604.59..67604.59 rows=860373 width=4) (actual time=1286.435..1286.435 rows=854214 loops=1)
        Buckets: 131072  Batches: 16  Memory Usage: 2906kB
        ->  Seq Scan on title t  (cost=0.00..67604.59 rows=860373 width=4) (actual time=0.018..1007.805 rows=854214 loops=1)
              Filter: (kind_id < 4)
              Rows Removed by Filter: 1674098
Planning time: 0.737 ms
Execution time: 4746.189 ms
