Hash Join  (cost=83072.57..143046.43 rows=5 width=0) (actual time=1246.882..2138.382 rows=12 loops=1)
  Hash Cond: (mc.movie_id = t.id)
  ->  Seq Scan on movie_companies mc  (cost=0.00..57926.93 rows=545834 width=4) (actual time=0.072..876.371 rows=845758 loops=1)
        Filter: ((company_id > 14326) AND (company_type_id > 1))
        Rows Removed by Filter: 1763371
  ->  Hash  (cost=83072.29..83072.29 rows=23 width=8) (actual time=1143.825..1143.825 rows=7 loops=1)
        Buckets: 1024  Batches: 1  Memory Usage: 9kB
        ->  Nested Loop  (cost=0.43..83072.29 rows=23 width=8) (actual time=222.920..1143.806 rows=7 loops=1)
              ->  Seq Scan on movie_keyword mk  (cost=0.00..81003.12 rows=246 width=4) (actual time=0.746..1133.329 rows=166 loops=1)
                    Filter: (keyword_id = 7421)
                    Rows Removed by Filter: 4523764
              ->  Index Scan using title_pkey on title t  (cost=0.43..8.40 rows=1 width=4) (actual time=0.060..0.060 rows=0 loops=166)
                    Index Cond: (id = mk.movie_id)
                    Filter: (production_year > 2011)
                    Rows Removed by Filter: 1
Planning time: 1.136 ms
Execution time: 2138.510 ms
