Seq Scan on movie_companies mc  (cost=0.00..57926.93 rows=1009764 width=0) (actual time=0.024..1076.716 rows=1274246 loops=1)
  Filter: ((company_id < 71767) AND (company_type_id = 1))
  Rows Removed by Filter: 1334883
Planning time: 0.356 ms
Execution time: 1242.391 ms
