Seq Scan on movie_keyword mk  (cost=0.00..81003.12 rows=96594 width=0) (actual time=0.029..1293.142 rows=94588 loops=1)
  Filter: (keyword_id > 83737)
  Rows Removed by Filter: 4429342
Planning time: 0.305 ms
Execution time: 1307.323 ms
