Seq Scan on movie_keyword mk  (cost=0.00..81003.12 rows=3324031 width=0) (actual time=0.030..1402.219 rows=3314725 loops=1)
  Filter: (keyword_id < 15154)
  Rows Removed by Filter: 1209205
Planning time: 0.280 ms
Execution time: 1829.811 ms
