Hash Join  (cost=174364.87..1107971.86 rows=3383243 width=0) (actual time=3337.749..23944.963 rows=2846541 loops=1)
  Hash Cond: (ci.movie_id = t.id)
  ->  Seq Scan on cast_info ci  (cost=0.00..705507.15 rows=16627577 width=4) (actual time=0.067..12605.483 rows=16757838 loops=1)
        Filter: (person_id > 1951099)
        Rows Removed by Filter: 19486506
  ->  Hash  (cost=165923.82..165923.82 rows=514484 width=8) (actual time=3336.726..3336.726 rows=224904 loops=1)
        Buckets: 131072  Batches: 8  Memory Usage: 2116kB
        ->  Hash Join  (cost=90606.68..165923.82 rows=514484 width=8) (actual time=2123.446..3269.564 rows=224904 loops=1)
              Hash Cond: (mc.movie_id = t.id)
              ->  Seq Scan on movie_companies mc  (cost=0.00..51404.11 rows=1279517 width=4) (actual time=0.031..919.096 rows=1274246 loops=1)
                    Filter: (company_type_id = 1)
                    Rows Removed by Filter: 1334883
              ->  Hash  (cost=73925.90..73925.90 rows=1016702 width=4) (actual time=1514.337..1514.337 rows=960113 loops=1)
                    Buckets: 131072  Batches: 16  Memory Usage: 3135kB
                    ->  Seq Scan on title t  (cost=0.00..73925.90 rows=1016702 width=4) (actual time=0.018..1207.868 rows=960113 loops=1)
                          Filter: ((production_year < 2008) AND (kind_id = 7))
                          Rows Removed by Filter: 1568199
Planning time: 1.238 ms
Execution time: 24258.905 ms
