Hash Join  (cost=156487.41..229426.45 rows=268764 width=0) (actual time=3200.380..5109.644 rows=809929 loops=1)
  Hash Cond: (mc.movie_id = t.id)
  ->  Seq Scan on movie_companies mc  (cost=0.00..51404.11 rows=1474209 width=4) (actual time=0.030..881.529 rows=1466173 loops=1)
        Filter: (company_id < 13241)
        Rows Removed by Filter: 1142956
  ->  Hash  (cost=148924.19..148924.19 rows=460978 width=8) (actual time=3199.598..3199.598 rows=459925 loops=1)
        Buckets: 131072  Batches: 8  Memory Usage: 3275kB
        ->  Hash Join  (cost=102767.86..148924.19 rows=460978 width=8) (actual time=1723.401..3055.511 rows=459925 loops=1)
              Hash Cond: (mi_idx.movie_id = t.id)
              ->  Seq Scan on movie_info_idx mi_idx  (cost=0.00..25185.44 rows=460978 width=4) (actual time=0.019..469.375 rows=459925 loops=1)
                    Filter: (info_type_id = 99)
                    Rows Removed by Filter: 920110
              ->  Hash  (cost=61283.27..61283.27 rows=2528527 width=4) (actual time=1721.900..1721.900 rows=2528312 loops=1)
                    Buckets: 131072  Batches: 64  Memory Usage: 2415kB
                    ->  Seq Scan on title t  (cost=0.00..61283.27 rows=2528527 width=4) (actual time=0.017..897.832 rows=2528312 loops=1)
Planning time: 1.341 ms
Execution time: 5216.779 ms
