Hash Join  (cost=153250.71..520934.36 rows=379283 width=0) (actual time=7591.020..9129.432 rows=596862 loops=1)
  Hash Cond: (mi.movie_id = t.id)
  ->  Seq Scan on movie_info mi  (cost=0.00..346232.03 rows=1272478 width=4) (actual time=4215.833..4898.420 rows=1325361 loops=1)
        Filter: (info_type_id = 8)
        Rows Removed by Filter: 13510359
  ->  Hash  (cost=140884.85..140884.85 rows=753669 width=8) (actual time=3374.378..3374.378 rows=664016 loops=1)
        Buckets: 131072  Batches: 16  Memory Usage: 2649kB
        ->  Hash Join  (cost=90260.67..140884.85 rows=753669 width=8) (actual time=1658.809..3176.154 rows=664016 loops=1)
              Hash Cond: (mi_idx.movie_id = t.id)
              ->  Seq Scan on movie_info_idx mi_idx  (cost=0.00..21735.35 rows=1380035 width=4) (actual time=0.012..437.909 rows=1380035 loops=1)
              ->  Hash  (cost=67604.59..67604.59 rows=1380887 width=4) (actual time=1657.466..1657.466 rows=1381453 loops=1)
                    Buckets: 131072  Batches: 32  Memory Usage: 2543kB
                    ->  Seq Scan on title t  (cost=0.00..67604.59 rows=1380887 width=4) (actual time=0.029..1209.975 rows=1381453 loops=1)
                          Filter: (production_year > 2000)
                          Rows Removed by Filter: 1146859
Planning time: 1.207 ms
Execution time: 9201.070 ms
