Hash Join  (cost=102767.86..1471442.46 rows=27149628 width=0) (actual time=1731.524..42109.862 rows=27163917 loops=1)
  Hash Cond: (ci.movie_id = t.id)
  ->  Seq Scan on cast_info ci  (cost=0.00..705507.15 rows=27149628 width=4) (actual time=0.021..14351.515 rows=27163917 loops=1)
        Filter: (person_id < 2789627)
        Rows Removed by Filter: 9080427
  ->  Hash  (cost=61283.27..61283.27 rows=2528527 width=4) (actual time=1729.391..1729.391 rows=2528312 loops=1)
        Buckets: 131072  Batches: 64  Memory Usage: 2415kB
        ->  Seq Scan on title t  (cost=0.00..61283.27 rows=2528527 width=4) (actual time=0.012..874.495 rows=2528312 loops=1)
Planning time: 0.803 ms
Execution time: 45317.714 ms
