Seq Scan on cast_info ci  (cost=0.00..796071.18 rows=8083866 width=0) (actual time=2082.509..11465.968 rows=3433012 loops=1)
  Filter: ((person_id < 1221088) AND (role_id > 1))
  Rows Removed by Filter: 32811332
Planning time: 0.350 ms
Execution time: 11887.255 ms
