Seq Scan on movie_keyword mk  (cost=0.00..81003.12 rows=3089956 width=0) (actual time=0.025..1406.324 rows=3073628 loops=1)
  Filter: (keyword_id > 2039)
  Rows Removed by Filter: 1450302
Planning time: 0.328 ms
Execution time: 1796.603 ms
