Hash Join  (cost=439232.89..1420216.97 rows=378480 width=0) (actual time=7308.008..24643.581 rows=647954 loops=1)
  Hash Cond: (ci.movie_id = t.id)
  ->  Seq Scan on cast_info ci  (cost=0.00..614943.12 rows=36225612 width=4) (actual time=0.008..7553.037 rows=36244344 loops=1)
  ->  Hash  (cost=438902.66..438902.66 rows=26418 width=8) (actual time=7306.763..7306.763 rows=38493 loops=1)
        Buckets: 65536 (originally 32768)  Batches: 1 (originally 1)  Memory Usage: 2016kB
        ->  Hash Join  (cost=73982.55..438902.66 rows=26418 width=8) (actual time=1125.025..7289.669 rows=38493 loops=1)
              Hash Cond: (mi.movie_id = t.id)
              ->  Seq Scan on movie_info mi  (cost=0.00..309384.22 rows=14739122 width=4) (actual time=0.011..3300.769 rows=14835720 loops=1)
              ->  Hash  (cost=73925.90..73925.90 rows=4532 width=4) (actual time=1008.136..1008.136 rows=7824 loops=1)
                    Buckets: 8192  Batches: 1  Memory Usage: 340kB
                    ->  Seq Scan on title t  (cost=0.00..73925.90 rows=4532 width=4) (actual time=159.549..1004.324 rows=7824 loops=1)
                          Filter: ((kind_id = 7) AND (production_year = 1965))
                          Rows Removed by Filter: 2520488
Planning time: 1.180 ms
Execution time: 24731.211 ms
