Hash Join  (cost=156649.15..968097.90 rows=186041 width=0) (actual time=3327.671..16433.282 rows=267973 loops=1)
  Hash Cond: (ci.movie_id = t.id)
  ->  Seq Scan on cast_info ci  (cost=0.00..796071.18 rows=1011776 width=4) (actual time=0.014..12517.992 rows=828502 loops=1)
        Filter: ((person_id < 2115488) AND (role_id = 8))
        Rows Removed by Filter: 35415842
  ->  Hash  (cost=149020.47..149020.47 rows=464934 width=8) (actual time=3326.744..3326.744 rows=460185 loops=1)
        Buckets: 131072  Batches: 8  Memory Usage: 3276kB
        ->  Hash Join  (cost=102767.86..149020.47 rows=464934 width=8) (actual time=1870.597..3187.753 rows=460185 loops=1)
              Hash Cond: (mi_idx.movie_id = t.id)
              ->  Seq Scan on movie_info_idx mi_idx  (cost=0.00..25185.44 rows=464934 width=4) (actual time=0.020..501.482 rows=460185 loops=1)
                    Filter: (info_type_id > 100)
                    Rows Removed by Filter: 919850
              ->  Hash  (cost=61283.27..61283.27 rows=2528527 width=4) (actual time=1869.402..1869.402 rows=2528312 loops=1)
                    Buckets: 131072  Batches: 64  Memory Usage: 2415kB
                    ->  Seq Scan on title t  (cost=0.00..61283.27 rows=2528527 width=4) (actual time=0.014..1016.866 rows=2528312 loops=1)
Planning time: 1.413 ms
Execution time: 16467.783 ms
