Seq Scan on movie_companies mc  (cost=0.00..51404.11 rows=2321045 width=0) (actual time=0.021..960.553 rows=2317749 loops=1)
  Filter: (company_id < 94880)
  Rows Removed by Filter: 291380
Planning time: 0.320 ms
Execution time: 1251.243 ms
