Seq Scan on cast_info ci  (cost=0.00..705507.15 rows=500 width=0) (actual time=828.186..10456.877 rows=151 loops=1)
  Filter: (person_id = 1613405)
  Rows Removed by Filter: 36244193
Planning time: 0.325 ms
Execution time: 10456.996 ms
