Seq Scan on movie_keyword mk  (cost=0.00..81003.12 rows=2204229 width=0) (actual time=0.026..1381.533 rows=2202746 loops=1)
  Filter: (keyword_id > 5064)
  Rows Removed by Filter: 2321184
Planning time: 0.330 ms
Execution time: 1648.678 ms
