Hash Join  (cost=82606.92..216142.76 rows=946680 width=0) (actual time=1190.841..5080.144 rows=2636753 loops=1)
  Hash Cond: (mk.movie_id = t.id)
  ->  Seq Scan on movie_keyword mk  (cost=0.00..69693.30 rows=4523930 width=4) (actual time=0.011..1356.337 rows=4523930 loops=1)
  ->  Hash  (cost=73925.90..73925.90 rows=529121 width=4) (actual time=1190.030..1190.030 rows=594471 loops=1)
        Buckets: 131072  Batches: 8  Memory Usage: 3661kB
        ->  Seq Scan on title t  (cost=0.00..73925.90 rows=529121 width=4) (actual time=0.012..1004.847 rows=594471 loops=1)
              Filter: ((kind_id < 4) AND (production_year < 2007))
              Rows Removed by Filter: 1933841
Planning time: 0.531 ms
Execution time: 5380.005 ms
