Hash Join  (cost=74434.21..129519.33 rows=41960 width=0) (actual time=1436.510..2569.522 rows=13319 loops=1)
  Hash Cond: (mc.movie_id = t.id)
  ->  Seq Scan on movie_companies mc  (cost=0.00..44881.29 rows=2609129 width=4) (actual time=0.011..681.092 rows=2609129 loops=1)
  ->  Hash  (cost=73925.90..73925.90 rows=40664 width=4) (actual time=1206.644..1206.644 rows=40257 loops=1)
        Buckets: 65536  Batches: 1  Memory Usage: 1928kB
        ->  Seq Scan on title t  (cost=0.00..73925.90 rows=40664 width=4) (actual time=0.026..1189.758 rows=40257 loops=1)
              Filter: ((production_year > 2012) AND (kind_id = 7))
              Rows Removed by Filter: 2488055
Planning time: 0.979 ms
Execution time: 2571.420 ms
