Seq Scan on cast_info ci  (cost=0.00..796071.18 rows=2210613 width=0) (actual time=9635.202..11247.923 rows=760990 loops=1)
  Filter: ((person_id < 1352583) AND (role_id > 8))
  Rows Removed by Filter: 35483354
Planning time: 0.318 ms
Execution time: 11327.631 ms
