Seq Scan on cast_info ci  (cost=0.00..705507.15 rows=500 width=0) (actual time=5913.992..9601.065 rows=48 loops=1)
  Filter: (person_id = 3122711)
  Rows Removed by Filter: 36244296
Planning time: 0.353 ms
Execution time: 9601.147 ms
