Hash Join  (cost=217750.93..613606.30 rows=1070062 width=0) (actual time=4685.272..13228.064 rows=7389305 loops=1)
  Hash Cond: (mi.movie_id = t.id)
  ->  Seq Scan on movie_info mi  (cost=0.00..346232.03 rows=3068194 width=4) (actual time=0.019..4919.570 rows=3036719 loops=1)
        Filter: (info_type_id = 16)
        Rows Removed by Filter: 11799001
  ->  Hash  (cost=203282.83..203282.83 rows=881848 width=8) (actual time=4683.668..4683.668 rows=1135359 loops=1)
        Buckets: 131072  Batches: 16  Memory Usage: 3900kB
        ->  Hash Join  (cost=87245.25..203282.83 rows=881848 width=8) (actual time=1494.553..4347.833 rows=1135359 loops=1)
              Hash Cond: (mk.movie_id = t.id)
              ->  Seq Scan on movie_keyword mk  (cost=0.00..81003.12 rows=1862659 width=4) (actual time=0.027..1500.436 rows=1867811 loops=1)
                    Filter: (keyword_id > 7368)
                    Rows Removed by Filter: 2656119
              ->  Hash  (cost=67604.59..67604.59 rows=1197093 width=4) (actual time=1493.059..1493.059 rows=1195923 loops=1)
                    Buckets: 131072  Batches: 16  Memory Usage: 3661kB
                    ->  Seq Scan on title t  (cost=0.00..67604.59 rows=1197093 width=4) (actual time=0.019..1099.041 rows=1195923 loops=1)
                          Filter: (production_year < 2003)
                          Rows Removed by Filter: 1332389
Planning time: 1.191 ms
Execution time: 14135.255 ms
