Hash Join  (cost=291857.18..1268172.11 rows=7313181 width=0) (actual time=6377.628..39123.781 rows=41696061 loops=1)
  Hash Cond: (ci.movie_id = t.id)
  ->  Seq Scan on cast_info ci  (cost=0.00..796071.18 rows=7619987 width=4) (actual time=0.016..14763.987 rows=12670688 loops=1)
        Filter: ((person_id < 2186128) AND (role_id < 2))
        Rows Removed by Filter: 23573656
  ->  Hash  (cost=252043.18..252043.18 rows=2426720 width=8) (actual time=6376.424..6376.424 rows=2426918 loops=1)
        Buckets: 131072  Batches: 32  Memory Usage: 3971kB
        ->  Hash Join  (cost=102767.86..252043.18 rows=2426720 width=8) (actual time=1833.962..5681.012 rows=2426918 loops=1)
              Hash Cond: (mk.movie_id = t.id)
              ->  Seq Scan on movie_keyword mk  (cost=0.00..81003.12 rows=2426720 width=4) (actual time=0.024..1602.217 rows=2426918 loops=1)
                    Filter: (keyword_id < 5752)
                    Rows Removed by Filter: 2097012
              ->  Hash  (cost=61283.27..61283.27 rows=2528527 width=4) (actual time=1830.995..1830.995 rows=2528312 loops=1)
                    Buckets: 131072  Batches: 64  Memory Usage: 2425kB
                    ->  Seq Scan on title t  (cost=0.00..61283.27 rows=2528527 width=4) (actual time=0.017..976.202 rows=2528312 loops=1)
Planning time: 4.193 ms
Execution time: 44084.006 ms
