Nested Loop  (cost=0.43..797555.70 rows=176 width=0) (actual time=9158.432..9811.335 rows=2 loops=1)
  ->  Seq Scan on cast_info ci  (cost=0.00..796071.18 rows=176 width=4) (actual time=9158.301..9811.195 rows=2 loops=1)
        Filter: ((person_id = 1355614) AND (role_id = 1))
        Rows Removed by Filter: 36244342
  ->  Index Only Scan using title_pkey on title t  (cost=0.43..8.42 rows=1 width=4) (actual time=0.039..0.040 rows=1 loops=2)
        Index Cond: (id = ci.movie_id)
        Heap Fetches: 2
Planning time: 0.863 ms
Execution time: 9811.427 ms
