Seq Scan on movie_companies mc  (cost=0.00..51404.11 rows=1367883 width=0) (actual time=0.022..770.731 rows=1353394 loops=1)
  Filter: (company_id < 11623)
  Rows Removed by Filter: 1255735
Planning time: 0.305 ms
Execution time: 939.014 ms
