Hash Join  (cost=94403.79..651842.11 rows=7275639 width=0) (actual time=1882.141..15081.514 rows=3222636 loops=1)
  Hash Cond: (mi.movie_id = t.id)
  ->  Seq Scan on movie_info mi  (cost=0.00..309384.22 rows=14739122 width=4) (actual time=0.043..5422.746 rows=14835720 loops=1)
  ->  Hash  (cost=73925.90..73925.90 rows=1248151 width=4) (actual time=1575.176..1575.176 rows=1332982 loops=1)
        Buckets: 131072  Batches: 32  Memory Usage: 2499kB
        ->  Seq Scan on title t  (cost=0.00..73925.90 rows=1248151 width=4) (actual time=249.472..1128.917 rows=1332982 loops=1)
              Filter: ((production_year > 1972) AND (kind_id = 7))
              Rows Removed by Filter: 1195330
Planning time: 0.777 ms
Execution time: 15439.523 ms
