Hash Join  (cost=213212.40..742481.05 rows=4635570 width=0) (actual time=4991.868..41078.577 rows=108470106 loops=1)
  Hash Cond: (mi.movie_id = t.id)
  ->  Seq Scan on movie_info mi  (cost=0.00..309384.22 rows=14739122 width=4) (actual time=0.007..5281.257 rows=14835720 loops=1)
  ->  Hash  (cost=200164.88..200164.88 rows=795242 width=8) (actual time=4990.267..4990.267 rows=1728854 loops=1)
        Buckets: 131072 (originally 131072)  Batches: 32 (originally 16)  Memory Usage: 3205kB
        ->  Hash Join  (cost=83810.17..200164.88 rows=795242 width=8) (actual time=1332.842..4470.455 rows=1728854 loops=1)
              Hash Cond: (mk.movie_id = t.id)
              ->  Seq Scan on movie_keyword mk  (cost=0.00..81003.12 rows=2035775 width=4) (actual time=0.017..1488.714 rows=2040531 loops=1)
                    Filter: (keyword_id > 6022)
                    Rows Removed by Filter: 2483399
              ->  Hash  (cost=67604.59..67604.59 rows=987727 width=4) (actual time=1332.140..1332.140 rows=985048 loops=1)
                    Buckets: 131072  Batches: 16  Memory Usage: 3197kB
                    ->  Seq Scan on title t  (cost=0.00..67604.59 rows=987727 width=4) (actual time=0.027..1005.442 rows=985048 loops=1)
                          Filter: (kind_id < 7)
                          Rows Removed by Filter: 1543264
Planning time: 4.970 ms
Execution time: 52188.115 ms
