Hash Join  (cost=154673.79..279418.02 rows=225020 width=0) (actual time=2721.806..5489.221 rows=178663 loops=1)
  Hash Cond: (mk.movie_id = t.id)
  ->  Seq Scan on movie_keyword mk  (cost=0.00..69693.30 rows=4523930 width=4) (actual time=0.023..1364.286 rows=4523930 loops=1)
  ->  Hash  (cost=152609.67..152609.67 rows=125769 width=8) (actual time=2720.393..2720.393 rows=48359 loops=1)
        Buckets: 131072  Batches: 2  Memory Usage: 1978kB
        ->  Hash Join  (cost=85777.42..152609.67 rows=125769 width=8) (actual time=1675.205..2702.109 rows=48359 loops=1)
              Hash Cond: (mc.movie_id = t.id)
              ->  Seq Scan on movie_companies mc  (cost=0.00..57926.93 rows=287100 width=4) (actual time=157.680..920.815 rows=146068 loops=1)
                    Filter: ((company_id < 596) AND (company_type_id = 2))
                    Rows Removed by Filter: 2463061
              ->  Hash  (cost=67604.59..67604.59 rows=1107667 width=4) (actual time=1516.663..1516.663 rows=1107925 loops=1)
                    Buckets: 131072  Batches: 16  Memory Usage: 3460kB
                    ->  Seq Scan on title t  (cost=0.00..67604.59 rows=1107667 width=4) (actual time=0.020..1153.137 rows=1107925 loops=1)
                          Filter: (production_year > 2004)
                          Rows Removed by Filter: 1420387
Planning time: 1.029 ms
Execution time: 5513.123 ms
