Hash Join  (cost=102767.86..241169.37 rows=1974793 width=0) (actual time=1892.774..5316.198 rows=1977254 loops=1)
  Hash Cond: (mk.movie_id = t.id)
  ->  Seq Scan on movie_keyword mk  (cost=0.00..81003.12 rows=1974793 width=4) (actual time=0.018..1484.327 rows=1977254 loops=1)
        Filter: (keyword_id < 3481)
        Rows Removed by Filter: 2546676
  ->  Hash  (cost=61283.27..61283.27 rows=2528527 width=4) (actual time=1890.757..1890.757 rows=2528312 loops=1)
        Buckets: 131072  Batches: 64  Memory Usage: 2425kB
        ->  Seq Scan on title t  (cost=0.00..61283.27 rows=2528527 width=4) (actual time=0.021..1029.192 rows=2528312 loops=1)
Planning time: 0.646 ms
Execution time: 5554.146 ms
