Hash Join  (cost=80587.02..211439.20 rows=726414 width=0) (actual time=1082.185..5234.738 rows=990699 loops=1)
  Hash Cond: (mk.movie_id = t.id)
  ->  Seq Scan on movie_keyword mk  (cost=0.00..69693.30 rows=4523930 width=4) (actual time=0.013..1355.984 rows=4523930 loops=1)
  ->  Hash  (cost=73925.90..73925.90 rows=406009 width=4) (actual time=1081.411..1081.411 rows=320078 loops=1)
        Buckets: 131072  Batches: 8  Memory Usage: 2433kB
        ->  Seq Scan on title t  (cost=0.00..73925.90 rows=406009 width=4) (actual time=0.028..973.791 rows=320078 loops=1)
              Filter: ((kind_id < 4) AND (production_year > 2003))
              Rows Removed by Filter: 2208234
Planning time: 0.692 ms
Execution time: 5353.486 ms
