Hash Join  (cost=139597.14..1121433.76 rows=4269229 width=0) (actual time=2823.192..30593.835 rows=14989164 loops=1)
  Hash Cond: (ci.movie_id = t.id)
  ->  Seq Scan on cast_info ci  (cost=0.00..705507.15 rows=20024311 width=4) (actual time=0.025..13971.461 rows=20122661 loops=1)
        Filter: (role_id < 3)
        Rows Removed by Filter: 16121683
  ->  Hash  (cost=130752.54..130752.54 rows=539088 width=8) (actual time=2822.319..2822.319 rows=954317 loops=1)
        Buckets: 131072 (originally 131072)  Batches: 16 (originally 8)  Memory Usage: 3354kB
        ->  Hash Join  (cost=83810.17..130752.54 rows=539088 width=8) (actual time=1262.003..2594.138 rows=954317 loops=1)
              Hash Cond: (mi_idx.movie_id = t.id)
              ->  Seq Scan on movie_info_idx mi_idx  (cost=0.00..21735.35 rows=1380035 width=4) (actual time=0.006..393.331 rows=1380035 loops=1)
              ->  Hash  (cost=67604.59..67604.59 rows=987727 width=4) (actual time=1261.277..1261.277 rows=985048 loops=1)
                    Buckets: 131072  Batches: 16  Memory Usage: 3188kB
                    ->  Seq Scan on title t  (cost=0.00..67604.59 rows=987727 width=4) (actual time=0.017..962.126 rows=985048 loops=1)
                          Filter: (kind_id < 7)
                          Rows Removed by Filter: 1543264
Planning time: 0.729 ms
Execution time: 32379.471 ms
