Seq Scan on movie_companies mc  (cost=0.00..57926.93 rows=1125959 width=0) (actual time=204.846..964.578 rows=1240694 loops=1)
  Filter: ((company_id > 250) AND (company_type_id = 2))
  Rows Removed by Filter: 1368435
Planning time: 0.317 ms
Execution time: 1111.897 ms
