Hash Join  (cost=117588.21..223513.39 rows=76329 width=0) (actual time=2299.995..4975.839 rows=1079737 loops=1)
  Hash Cond: (mk.movie_id = t.id)
  ->  Seq Scan on movie_keyword mk  (cost=0.00..81003.12 rows=2057537 width=4) (actual time=0.024..1455.375 rows=2069963 loops=1)
        Filter: (keyword_id < 3665)
        Rows Removed by Filter: 2453967
  ->  Hash  (cost=116048.70..116048.70 rows=93801 width=8) (actual time=2299.023..2299.023 rows=209702 loops=1)
        Buckets: 131072 (originally 131072)  Batches: 4 (originally 2)  Memory Usage: 3091kB
        ->  Hash Join  (cost=76746.21..116048.70 rows=93801 width=8) (actual time=1133.442..2226.850 rows=209702 loops=1)
              Hash Cond: (mi_idx.movie_id = t.id)
              ->  Seq Scan on movie_info_idx mi_idx  (cost=0.00..21735.35 rows=1380035 width=4) (actual time=0.020..403.268 rows=1380035 loops=1)
              ->  Hash  (cost=73925.90..73925.90 rows=171864 width=4) (actual time=1132.116..1132.116 rows=275829 loops=1)
                    Buckets: 131072  Batches: 4  Memory Usage: 3453kB
                    ->  Seq Scan on title t  (cost=0.00..73925.90 rows=171864 width=4) (actual time=0.013..1044.109 rows=275829 loops=1)
                          Filter: ((kind_id < 7) AND (production_year < 1975))
                          Rows Removed by Filter: 2252483
Planning time: 1.182 ms
Execution time: 5081.719 ms
