Seq Scan on movie_companies mc  (cost=0.00..57926.93 rows=311991 width=0) (actual time=586.901..852.409 rows=16595 loops=1)
  Filter: ((company_id > 56906) AND (company_type_id < 2))
  Rows Removed by Filter: 2592534
Planning time: 0.382 ms
Execution time: 854.929 ms
