Hash Join  (cost=67697.55..154488.65 rows=13306 width=0) (actual time=1000.317..2949.001 rows=29168 loops=1)
  Hash Cond: (mk.movie_id = t.id)
  ->  Seq Scan on movie_keyword mk  (cost=0.00..69693.30 rows=4523930 width=4) (actual time=0.020..1062.543 rows=4523930 loops=1)
  ->  Hash  (cost=67604.59..67604.59 rows=7437 width=4) (actual time=999.701..999.701 rows=15000 loops=1)
        Buckets: 16384 (originally 8192)  Batches: 1 (originally 1)  Memory Usage: 656kB
        ->  Seq Scan on title t  (cost=0.00..67604.59 rows=7437 width=4) (actual time=0.027..992.873 rows=15000 loops=1)
              Filter: (production_year = 1970)
              Rows Removed by Filter: 2513312
Planning time: 0.775 ms
Execution time: 2953.216 ms
