Seq Scan on movie_keyword mk  (cost=0.00..81003.12 rows=246 width=0) (actual time=8.255..1149.702 rows=239 loops=1)
  Filter: (keyword_id = 364)
  Rows Removed by Filter: 4523691
Planning time: 0.332 ms
Execution time: 1149.920 ms
