Hash Join  (cost=74690.97..875277.79 rows=27381 width=0) (actual time=1046.028..14269.602 rows=47042 loops=1)
  Hash Cond: (ci.movie_id = t.id)
  ->  Seq Scan on cast_info ci  (cost=0.00..796071.18 rows=1131156 width=4) (actual time=0.026..12835.259 rows=1139108 loops=1)
        Filter: ((person_id > 1239918) AND (role_id = 8))
        Rows Removed by Filter: 35105236
  ->  Hash  (cost=73925.90..73925.90 rows=61205 width=4) (actual time=1045.613..1045.613 rows=61581 loops=1)
        Buckets: 65536  Batches: 1  Memory Usage: 2677kB
        ->  Seq Scan on title t  (cost=0.00..73925.90 rows=61205 width=4) (actual time=0.017..1022.709 rows=61581 loops=1)
              Filter: ((production_year > 2011) AND (kind_id = 1))
              Rows Removed by Filter: 2466731
Planning time: 0.800 ms
Execution time: 14276.487 ms
