Hash Join  (cost=100948.70..193699.01 rows=3057 width=0) (actual time=1854.273..3741.901 rows=6501 loops=1)
  Hash Cond: (mk.movie_id = t.id)
  ->  Seq Scan on movie_keyword mk  (cost=0.00..81003.12 rows=3124429 width=4) (actual time=0.010..1407.155 rows=3107543 loops=1)
        Filter: (keyword_id > 1941)
        Rows Removed by Filter: 1416387
  ->  Hash  (cost=100917.78..100917.78 rows=2474 width=8) (actual time=1852.377..1852.377 rows=3795 loops=1)
        Buckets: 4096  Batches: 1  Memory Usage: 181kB
        ->  Hash Join  (cost=73982.55..100917.78 rows=2474 width=8) (actual time=1180.612..1851.015 rows=3795 loops=1)
              Hash Cond: (mi_idx.movie_id = t.id)
              ->  Seq Scan on movie_info_idx mi_idx  (cost=0.00..21735.35 rows=1380035 width=4) (actual time=0.005..364.543 rows=1380035 loops=1)
              ->  Hash  (cost=73925.90..73925.90 rows=4532 width=4) (actual time=1177.643..1177.643 rows=7824 loops=1)
                    Buckets: 8192  Batches: 1  Memory Usage: 340kB
                    ->  Seq Scan on title t  (cost=0.00..73925.90 rows=4532 width=4) (actual time=0.011..1173.911 rows=7824 loops=1)
                          Filter: ((kind_id = 7) AND (production_year = 1965))
                          Rows Removed by Filter: 2520488
Planning time: 4.636 ms
Execution time: 3742.863 ms
