Hash Join  (cost=74444.47..170945.59 rows=64964 width=0) (actual time=1336.652..3928.658 rows=62378 loops=1)
  Hash Cond: (mk.movie_id = t.id)
  ->  Seq Scan on movie_keyword mk  (cost=0.00..81003.12 rows=3959562 width=4) (actual time=0.029..1453.015 rows=3957660 loops=1)
        Filter: (keyword_id > 398)
        Rows Removed by Filter: 566270
  ->  Hash  (cost=73925.90..73925.90 rows=41485 width=4) (actual time=1059.859..1059.859 rows=106824 loops=1)
        Buckets: 131072 (originally 65536)  Batches: 2 (originally 1)  Memory Usage: 3073kB
        ->  Seq Scan on title t  (cost=0.00..73925.90 rows=41485 width=4) (actual time=243.472..1017.494 rows=106824 loops=1)
              Filter: ((kind_id < 7) AND (production_year < 1927))
              Rows Removed by Filter: 2421488
Planning time: 0.863 ms
Execution time: 3937.607 ms
