Hash Join  (cost=225791.08..1409688.90 rows=14611067 width=0) (actual time=5498.404..59538.526 rows=113001571 loops=1)
  Hash Cond: (ci.movie_id = t.id)
  ->  Seq Scan on cast_info ci  (cost=0.00..614943.12 rows=36225612 width=4) (actual time=0.014..12058.714 rows=36244344 loops=1)
  ->  Hash  (cost=209059.03..209059.03 rows=1019844 width=8) (actual time=5497.284..5497.284 rows=2209374 loops=1)
        Buckets: 131072 (originally 131072)  Batches: 32 (originally 16)  Memory Usage: 3709kB
        ->  Hash Join  (cost=83810.17..209059.03 rows=1019844 width=8) (actual time=1369.836..4841.519 rows=2209374 loops=1)
              Hash Cond: (mk.movie_id = t.id)
              ->  Seq Scan on movie_keyword mk  (cost=0.00..81003.12 rows=2610745 width=4) (actual time=0.030..1523.130 rows=2597028 loops=1)
                    Filter: (keyword_id > 3311)
                    Rows Removed by Filter: 1926902
              ->  Hash  (cost=67604.59..67604.59 rows=987727 width=4) (actual time=1368.958..1368.958 rows=985048 loops=1)
                    Buckets: 131072  Batches: 16  Memory Usage: 3197kB
                    ->  Seq Scan on title t  (cost=0.00..67604.59 rows=987727 width=4) (actual time=0.031..1061.343 rows=985048 loops=1)
                          Filter: (kind_id < 7)
                          Rows Removed by Filter: 1543264
Planning time: 1.121 ms
Execution time: 71015.776 ms
