Seq Scan on title t  (cost=0.00..73925.90 rows=2905 width=0) (actual time=366.756..994.344 rows=4513 loops=1)
  Filter: ((kind_id < 7) AND (production_year = 1917))
  Rows Removed by Filter: 2523799
Planning time: 0.335 ms
Execution time: 995.607 ms
