Hash Join  (cost=124789.35..617470.05 rows=1206578 width=0) (actual time=2536.839..16434.759 rows=9902374 loops=1)
  Hash Cond: (mi.movie_id = t.id)
  ->  Seq Scan on movie_info mi  (cost=0.00..309384.22 rows=14739122 width=4) (actual time=0.009..5273.405 rows=14835720 loops=1)
  ->  Hash  (cost=121392.96..121392.96 rows=206991 width=8) (actual time=2536.022..2536.022 rows=476728 loops=1)
        Buckets: 131072 (originally 131072)  Batches: 8 (originally 4)  Memory Usage: 3380kB
        ->  Hash Join  (cost=80148.57..121392.96 rows=206991 width=8) (actual time=1161.752..2388.519 rows=476728 loops=1)
              Hash Cond: (mi_idx.movie_id = t.id)
              ->  Seq Scan on movie_info_idx mi_idx  (cost=0.00..21735.35 rows=1380035 width=4) (actual time=0.018..406.914 rows=1380035 loops=1)
              ->  Hash  (cost=73925.90..73925.90 rows=379253 width=4) (actual time=1160.416..1160.416 rows=461364 loops=1)
                    Buckets: 131072  Batches: 8  Memory Usage: 3063kB
                    ->  Seq Scan on title t  (cost=0.00..73925.90 rows=379253 width=4) (actual time=3.118..1011.284 rows=461364 loops=1)
                          Filter: ((kind_id < 3) AND (production_year < 2004))
                          Rows Removed by Filter: 2066948
Planning time: 1.221 ms
Execution time: 17403.971 ms
