Seq Scan on movie_keyword mk  (cost=0.00..81003.12 rows=246 width=0) (actual time=1.341..1236.094 rows=270 loops=1)
  Filter: (keyword_id = 9000)
  Rows Removed by Filter: 4523660
Planning time: 1.155 ms
Execution time: 1236.355 ms
