Seq Scan on cast_info ci  (cost=0.00..705507.15 rows=500 width=0) (actual time=3808.881..10059.133 rows=32 loops=1)
  Filter: (person_id = 3320445)
  Rows Removed by Filter: 36244312
Planning time: 0.445 ms
Execution time: 10059.233 ms
