Seq Scan on movie_keyword mk  (cost=0.00..81003.12 rows=394545 width=0) (actual time=0.021..1243.706 rows=390108 loops=1)
  Filter: (keyword_id > 44111)
  Rows Removed by Filter: 4133822
Planning time: 0.388 ms
Execution time: 1295.185 ms
