Hash Join  (cost=87162.74..523307.84 rows=1876409 width=0) (actual time=1389.057..10804.838 rows=3238327 loops=1)
  Hash Cond: (mi.movie_id = t.id)
  ->  Seq Scan on movie_info mi  (cost=0.00..346232.03 rows=5880796 width=4) (actual time=0.011..5527.691 rows=5869026 loops=1)
        Filter: (info_type_id > 13)
        Rows Removed by Filter: 8966694
  ->  Hash  (cost=73925.90..73925.90 rows=806787 width=4) (actual time=1388.361..1388.361 rows=843018 loops=1)
        Buckets: 131072  Batches: 16  Memory Usage: 2888kB
        ->  Seq Scan on title t  (cost=0.00..73925.90 rows=806787 width=4) (actual time=0.033..1115.628 rows=843018 loops=1)
              Filter: ((kind_id < 7) AND (production_year < 2011))
              Rows Removed by Filter: 1685294
Planning time: 0.834 ms
Execution time: 11119.784 ms
