Seq Scan on movie_keyword mk  (cost=0.00..81003.12 rows=3298157 width=0) (actual time=0.019..1456.400 rows=3288456 loops=1)
  Filter: (keyword_id < 14652)
  Rows Removed by Filter: 1235474
Planning time: 0.442 ms
Execution time: 1875.302 ms
