Hash Join  (cost=299328.51..976501.53 rows=15043732 width=0) (actual time=6653.472..48519.732 rows=133698710 loops=1)
  Hash Cond: (mi.movie_id = t.id)
  ->  Seq Scan on movie_info mi  (cost=0.00..309384.22 rows=14739122 width=4) (actual time=9.842..5585.796 rows=14835720 loops=1)
  ->  Hash  (cost=256986.72..256986.72 rows=2580783 width=8) (actual time=6642.639..6642.639 rows=2421002 loops=1)
        Buckets: 131072  Batches: 64  Memory Usage: 2554kB
        ->  Hash Join  (cost=102951.51..256986.72 rows=2580783 width=8) (actual time=2005.681..5957.816 rows=2421002 loops=1)
              Hash Cond: (mk.movie_id = t.id)
              ->  Seq Scan on movie_keyword mk  (cost=0.00..81003.12 rows=3028851 width=4) (actual time=0.024..1651.245 rows=3008611 loops=1)
                    Filter: (keyword_id < 10687)
                    Rows Removed by Filter: 1515319
              ->  Hash  (cost=67604.59..67604.59 rows=2154474 width=4) (actual time=2004.750..2004.750 rows=2146684 loops=1)
                    Buckets: 131072  Batches: 32  Memory Usage: 3394kB
                    ->  Seq Scan on title t  (cost=0.00..67604.59 rows=2154474 width=4) (actual time=0.020..1290.874 rows=2146684 loops=1)
                          Filter: (production_year > 1965)
                          Rows Removed by Filter: 381628
Planning time: 5.009 ms
Execution time: 62184.355 ms
