Nested Loop  (cost=0.43..52283.69 rows=104 width=0) (actual time=468.177..742.765 rows=170 loops=1)
  ->  Seq Scan on movie_companies mc  (cost=0.00..51404.11 rows=104 width=4) (actual time=468.074..734.927 rows=170 loops=1)
        Filter: (company_id = 14541)
        Rows Removed by Filter: 2608959
  ->  Index Only Scan using title_pkey on title t  (cost=0.43..8.45 rows=1 width=4) (actual time=0.044..0.044 rows=1 loops=170)
        Index Cond: (id = mc.movie_id)
        Heap Fetches: 170
Planning time: 2.397 ms
Execution time: 742.906 ms
