Seq Scan on movie_companies mc  (cost=0.00..57926.93 rows=1127235 width=0) (actual time=0.013..1169.718 rows=1240845 loops=1)
  Filter: ((company_id > 240) AND (company_type_id = 2))
  Rows Removed by Filter: 1368284
Planning time: 0.404 ms
Execution time: 1328.334 ms
