Hash Join  (cost=139012.04..212313.15 rows=260096 width=0) (actual time=3481.905..5355.583 rows=636750 loops=1)
  Hash Cond: (mc.movie_id = t.id)
  ->  Seq Scan on movie_companies mc  (cost=0.00..51404.11 rows=1522942 width=4) (actual time=0.024..985.355 rows=1510592 loops=1)
        Filter: (company_id < 14073)
        Rows Removed by Filter: 1098537
  ->  Hash  (cost=131927.10..131927.10 rows=431835 width=8) (actual time=3480.925..3480.925 rows=359780 loops=1)
        Buckets: 131072  Batches: 8  Memory Usage: 2774kB
        ->  Hash Join  (cost=87180.69..131927.10 rows=431835 width=8) (actual time=1513.826..3367.157 rows=359780 loops=1)
              Hash Cond: (mi_idx.movie_id = t.id)
              ->  Seq Scan on movie_info_idx mi_idx  (cost=0.00..25185.44 rows=915101 width=4) (actual time=0.029..508.142 rows=919850 loops=1)
                    Filter: (info_type_id < 101)
                    Rows Removed by Filter: 460185
              ->  Hash  (cost=67604.59..67604.59 rows=1193208 width=4) (actual time=1512.945..1512.945 rows=1192518 loops=1)
                    Buckets: 131072  Batches: 16  Memory Usage: 3646kB
                    ->  Seq Scan on title t  (cost=0.00..67604.59 rows=1193208 width=4) (actual time=0.017..1155.664 rows=1192518 loops=1)
                          Filter: (production_year > 2003)
                          Rows Removed by Filter: 1335794
Planning time: 1.190 ms
Execution time: 5434.824 ms
