Hash Join  (cost=430216.06..484939.40 rows=5781 width=0) (actual time=6368.408..7727.875 rows=722952 loops=1)
  Hash Cond: (mc.movie_id = t.id)
  ->  Seq Scan on movie_companies mc  (cost=0.00..44881.29 rows=2609129 width=4) (actual time=0.020..608.352 rows=2609129 loops=1)
  ->  Hash  (cost=430146.02..430146.02 rows=5603 width=8) (actual time=6367.702..6367.702 rows=29988 loops=1)
        Buckets: 32768 (originally 8192)  Batches: 1 (originally 1)  Memory Usage: 1428kB
        ->  Hash Join  (cost=80562.70..430146.02 rows=5603 width=8) (actual time=2502.346..6358.427 rows=29988 loops=1)
              Hash Cond: (mi.movie_id = t.id)
              ->  Seq Scan on movie_info mi  (cost=0.00..346232.03 rows=17937 width=4) (actual time=945.986..4768.506 rows=109034 loops=1)
                    Filter: (info_type_id = 106)
                    Rows Removed by Filter: 14726686
              ->  Hash  (cost=67604.59..67604.59 rows=789769 width=4) (actual time=1401.046..1401.046 rows=784926 loops=1)
                    Buckets: 131072  Batches: 16  Memory Usage: 2755kB
                    ->  Seq Scan on title t  (cost=0.00..67604.59 rows=789769 width=4) (actual time=0.033..1133.267 rows=784926 loops=1)
                          Filter: (production_year > 2007)
                          Rows Removed by Filter: 1743386
Planning time: 1.227 ms
Execution time: 7823.311 ms
