Seq Scan on movie_companies mc  (cost=0.00..51404.11 rows=2149041 width=0) (actual time=0.022..885.671 rows=2144872 loops=1)
  Filter: (company_id < 76379)
  Rows Removed by Filter: 464257
Planning time: 0.325 ms
Execution time: 1155.561 ms
