Hash Join  (cost=100948.70..187651.00 rows=4426 width=0) (actual time=2697.581..3347.085 rows=9786 loops=1)
  Hash Cond: (mk.movie_id = t.id)
  ->  Seq Scan on movie_keyword mk  (cost=0.00..69693.30 rows=4523930 width=4) (actual time=0.017..787.562 rows=4523930 loops=1)
  ->  Hash  (cost=100917.78..100917.78 rows=2474 width=8) (actual time=1783.455..1783.455 rows=2736 loops=1)
        Buckets: 4096  Batches: 1  Memory Usage: 139kB
        ->  Hash Join  (cost=73982.55..100917.78 rows=2474 width=8) (actual time=1389.103..1782.379 rows=2736 loops=1)
              Hash Cond: (mi_idx.movie_id = t.id)
              ->  Seq Scan on movie_info_idx mi_idx  (cost=0.00..21735.35 rows=1380035 width=4) (actual time=0.018..325.309 rows=1380035 loops=1)
              ->  Hash  (cost=73925.90..73925.90 rows=4532 width=4) (actual time=1171.422..1171.422 rows=8406 loops=1)
                    Buckets: 16384 (originally 8192)  Batches: 1 (originally 1)  Memory Usage: 424kB
                    ->  Seq Scan on title t  (cost=0.00..73925.90 rows=4532 width=4) (actual time=335.060..1167.282 rows=8406 loops=1)
                          Filter: ((kind_id = 7) AND (production_year = 1973))
                          Rows Removed by Filter: 2519906
Planning time: 1.975 ms
Execution time: 3348.646 ms
