Hash Join  (cost=185257.67..537888.62 rows=54987 width=0) (actual time=7918.999..8974.701 rows=94159 loops=1)
  Hash Cond: (mi.movie_id = t.id)
  ->  Seq Scan on movie_info mi  (cost=0.00..346232.03 rows=383217 width=4) (actual time=4348.974..5196.983 rows=368218 loops=1)
        Filter: (info_type_id = 17)
        Rows Removed by Filter: 14467502
  ->  Hash  (cost=179304.50..179304.50 rows=362813 width=8) (actual time=3557.083..3557.083 rows=205310 loops=1)
        Buckets: 131072  Batches: 8  Memory Usage: 2044kB
        ->  Hash Join  (cost=102767.86..179304.50 rows=362813 width=8) (actual time=2050.949..3490.319 rows=205310 loops=1)
              Hash Cond: (mc.movie_id = t.id)
              ->  Seq Scan on movie_companies mc  (cost=0.00..57926.93 rows=362813 width=4) (actual time=87.019..926.377 rows=205310 loops=1)
                    Filter: ((company_id < 1310) AND (company_type_id > 1))
                    Rows Removed by Filter: 2403819
              ->  Hash  (cost=61283.27..61283.27 rows=2528527 width=4) (actual time=1962.652..1962.652 rows=2528312 loops=1)
                    Buckets: 131072  Batches: 64  Memory Usage: 2415kB
                    ->  Seq Scan on title t  (cost=0.00..61283.27 rows=2528527 width=4) (actual time=0.019..1120.475 rows=2528312 loops=1)
Planning time: 1.341 ms
Execution time: 8987.857 ms
