Seq Scan on movie_companies mc  (cost=0.00..57926.93 rows=1303733 width=0) (actual time=0.022..1096.611 rows=1285228 loops=1)
  Filter: ((company_id < 191703) AND (company_type_id > 1))
  Rows Removed by Filter: 1323901
Planning time: 0.363 ms
Execution time: 1260.557 ms
