Hash Join  (cost=77815.08..208566.50 rows=366172 width=0) (actual time=1573.127..5180.511 rows=1176347 loops=1)
  Hash Cond: (mk.movie_id = t.id)
  ->  Seq Scan on movie_keyword mk  (cost=0.00..81003.12 rows=3905754 width=4) (actual time=0.027..1624.228 rows=3906562 loops=1)
        Filter: (keyword_id < 29545)
        Rows Removed by Filter: 617368
  ->  Hash  (cost=73925.90..73925.90 rows=237054 width=4) (actual time=1572.189..1572.189 rows=349645 loops=1)
        Buckets: 131072 (originally 131072)  Batches: 8 (originally 4)  Memory Usage: 3073kB
        ->  Seq Scan on title t  (cost=0.00..73925.90 rows=237054 width=4) (actual time=0.082..1069.218 rows=349645 loops=1)
              Filter: ((kind_id < 7) AND (production_year < 1986))
              Rows Removed by Filter: 2178667
Planning time: 6.367 ms
Execution time: 5330.802 ms
