Seq Scan on movie_keyword mk  (cost=0.00..81003.12 rows=2437114 width=0) (actual time=0.032..1422.222 rows=2428112 loops=1)
  Filter: (keyword_id > 3761)
  Rows Removed by Filter: 2095818
Planning time: 0.409 ms
Execution time: 1727.334 ms
