Hash Join  (cost=92883.59..1024878.23 rows=7105893 width=0) (actual time=1715.118..21845.980 rows=7015375 loops=1)
  Hash Cond: (ci.movie_id = t.id)
  ->  Seq Scan on cast_info ci  (cost=0.00..705507.15 rows=11661113 width=4) (actual time=0.017..11829.651 rows=11706585 loops=1)
        Filter: (person_id > 2522148)
        Rows Removed by Filter: 24537759
  ->  Hash  (cost=67604.59..67604.59 rows=1540800 width=4) (actual time=1714.142..1714.142 rows=1543264 loops=1)
        Buckets: 131072  Batches: 32  Memory Usage: 2722kB
        ->  Seq Scan on title t  (cost=0.00..67604.59 rows=1540800 width=4) (actual time=0.022..1223.155 rows=1543264 loops=1)
              Filter: (kind_id = 7)
              Rows Removed by Filter: 985048
Planning time: 0.716 ms
Execution time: 22694.122 ms
