Seq Scan on cast_info ci  (cost=0.00..796071.18 rows=332 width=0) (actual time=7404.401..12289.588 rows=1 loops=1)
  Filter: ((role_id < 4) AND (person_id = 1031699))
  Rows Removed by Filter: 36244343
Planning time: 0.406 ms
Execution time: 12289.686 ms
