Seq Scan on movie_keyword mk  (cost=0.00..81003.12 rows=2963520 width=0) (actual time=0.013..1328.092 rows=2947433 loops=1)
  Filter: (keyword_id < 9915)
  Rows Removed by Filter: 1576497
Planning time: 0.396 ms
Execution time: 1686.815 ms
