Hash Join  (cost=76590.05..566493.53 rows=946255 width=0) (actual time=1203.156..12331.416 rows=328165 loops=1)
  Hash Cond: (mi.movie_id = t.id)
  ->  Seq Scan on movie_info mi  (cost=0.00..309384.22 rows=14739122 width=4) (actual time=0.010..5365.106 rows=14835720 loops=1)
  ->  Hash  (cost=73925.90..73925.90 rows=162332 width=4) (actual time=1191.705..1191.705 rows=162218 loops=1)
        Buckets: 131072  Batches: 4  Memory Usage: 2469kB
        ->  Seq Scan on title t  (cost=0.00..73925.90 rows=162332 width=4) (actual time=0.039..1132.049 rows=162218 loops=1)
              Filter: ((kind_id > 2) AND (production_year > 2011))
              Rows Removed by Filter: 2366094
Planning time: 0.893 ms
Execution time: 12370.059 ms
