Hash Join  (cost=100089.65..185643.82 rows=1001947 width=0) (actual time=2660.164..4716.292 rows=853275 loops=1)
  Hash Cond: (mc.movie_id = t.id)
  ->  Seq Scan on movie_companies mc  (cost=0.00..51404.11 rows=1279517 width=4) (actual time=0.021..905.393 rows=1274246 loops=1)
        Filter: (company_type_id < 2)
        Rows Removed by Filter: 1334883
  ->  Hash  (cost=67604.59..67604.59 rows=1980005 width=4) (actual time=2658.810..2658.810 rows=1976617 loops=1)
        Buckets: 131072  Batches: 32  Memory Usage: 3203kB
        ->  Seq Scan on title t  (cost=0.00..67604.59 rows=1980005 width=4) (actual time=0.012..1369.326 rows=1976617 loops=1)
              Filter: (production_year > 1977)
              Rows Removed by Filter: 551695
Planning time: 0.922 ms
Execution time: 4810.498 ms
