Seq Scan on cast_info ci  (cost=0.00..705507.15 rows=6603589 width=42) (actual time=180.703..11924.672 rows=6531299 loops=1)
  Filter: (person_id < 630528)
  Rows Removed by Filter: 29713045
Planning time: 1.570 ms
Execution time: 12224.811 ms
