Seq Scan on movie_companies mc  (cost=0.00..57926.93 rows=794014 width=0) (actual time=0.019..919.046 rows=496289 loops=1)
  Filter: ((company_id < 14712) AND (company_type_id = 2))
  Rows Removed by Filter: 2112840
Planning time: 0.401 ms
Execution time: 984.268 ms
