Seq Scan on movie_keyword mk  (cost=0.00..81003.12 rows=2589057 width=0) (actual time=0.027..1435.914 rows=2574726 loops=1)
  Filter: (keyword_id > 3375)
  Rows Removed by Filter: 1949204
Planning time: 0.410 ms
Execution time: 1749.344 ms
