Hash Join  (cost=193969.39..1312850.72 rows=8281916 width=0) (actual time=3392.897..34067.258 rows=9597948 loops=1)
  Hash Cond: (ci.movie_id = t.id)
  ->  Seq Scan on cast_info ci  (cost=0.00..614943.12 rows=36225612 width=4) (actual time=0.024..11463.655 rows=36244344 loops=1)
  ->  Hash  (cost=184484.48..184484.48 rows=578073 width=8) (actual time=3392.060..3392.060 rows=365398 loops=1)
        Buckets: 131072  Batches: 8  Memory Usage: 2807kB
        ->  Hash Join  (cost=102767.86..184484.48 rows=578073 width=8) (actual time=1951.018..3287.682 rows=365398 loops=1)
              Hash Cond: (mc.movie_id = t.id)
              ->  Seq Scan on movie_companies mc  (cost=0.00..57926.93 rows=578073 width=4) (actual time=190.362..841.447 rows=365398 loops=1)
                    Filter: ((company_id < 8243) AND (company_type_id = 2))
                    Rows Removed by Filter: 2243731
              ->  Hash  (cost=61283.27..61283.27 rows=2528527 width=4) (actual time=1759.538..1759.538 rows=2528312 loops=1)
                    Buckets: 131072  Batches: 64  Memory Usage: 2415kB
                    ->  Seq Scan on title t  (cost=0.00..61283.27 rows=2528527 width=4) (actual time=0.023..921.582 rows=2528312 loops=1)
Planning time: 1.202 ms
Execution time: 35116.869 ms
