Seq Scan on cast_info ci  (cost=0.00..796071.18 rows=16057429 width=0) (actual time=6723.775..14221.262 rows=14993531 loops=1)
  Filter: ((person_id > 688218) AND (role_id < 3))
  Rows Removed by Filter: 21250813
Planning time: 0.311 ms
Execution time: 16136.173 ms
