Hash Join  (cost=168991.84..675808.37 rows=2531360 width=0) (actual time=4381.777..24850.026 rows=32653577 loops=1)
  Hash Cond: (mi.movie_id = t.id)
  ->  Seq Scan on movie_info mi  (cost=0.00..309384.22 rows=14739122 width=4) (actual time=0.009..5597.503 rows=14835720 loops=1)
  ->  Hash  (cost=161866.59..161866.59 rows=434260 width=8) (actual time=4380.580..4380.580 rows=1053136 loops=1)
        Buckets: 131072 (originally 131072)  Batches: 16 (originally 8)  Memory Usage: 3671kB
        ->  Hash Join  (cost=80830.47..161866.59 rows=434260 width=8) (actual time=1283.526..3738.271 rows=1053136 loops=1)
              Hash Cond: (mc.movie_id = t.id)
              ->  Seq Scan on movie_companies mc  (cost=0.00..44881.29 rows=2609129 width=4) (actual time=0.017..849.145 rows=2609129 loops=1)
              ->  Hash  (cost=73925.90..73925.90 rows=420845 width=4) (actual time=1282.650..1282.650 rows=517968 loops=1)
                    Buckets: 131072  Batches: 8  Memory Usage: 3313kB
                    ->  Seq Scan on title t  (cost=0.00..73925.90 rows=420845 width=4) (actual time=0.033..1122.870 rows=517968 loops=1)
                          Filter: ((kind_id < 7) AND (production_year < 2001))
                          Rows Removed by Filter: 2010344
Planning time: 1.286 ms
Execution time: 28502.268 ms
