Hash Join  (cost=798387.47..883932.90 rows=24 width=0) (actual time=13611.526..14659.565 rows=2 loops=1)
  Hash Cond: (mk.movie_id = t.id)
  ->  Seq Scan on movie_keyword mk  (cost=0.00..81003.12 rows=1211219 width=4) (actual time=0.015..1257.422 rows=1220306 loops=1)
        Filter: (keyword_id > 14931)
        Rows Removed by Filter: 3303624
  ->  Hash  (cost=798386.83..798386.83 rows=51 width=8) (actual time=13235.387..13235.387 rows=2 loops=1)
        Buckets: 1024  Batches: 1  Memory Usage: 9kB
        ->  Nested Loop  (cost=0.43..798386.83 rows=51 width=8) (actual time=1385.545..13235.330 rows=2 loops=1)
              ->  Seq Scan on cast_info ci  (cost=0.00..796071.18 rows=276 width=4) (actual time=1385.393..13235.139 rows=2 loops=1)
                    Filter: ((role_id < 3) AND (person_id = 963858))
                    Rows Removed by Filter: 36244342
              ->  Index Scan using title_pkey on title t  (cost=0.43..8.38 rows=1 width=4) (actual time=0.056..0.056 rows=1 loops=2)
                    Index Cond: (id = ci.movie_id)
                    Filter: ((kind_id < 2) AND (production_year > 1989))
Planning time: 3.161 ms
Execution time: 14659.718 ms
