Hash Join  (cost=85456.44..200536.60 rows=607133 width=0) (actual time=1222.615..4249.791 rows=1533392 loops=1)
  Hash Cond: (mk.movie_id = t.id)
  ->  Seq Scan on movie_keyword mk  (cost=0.00..81003.12 rows=2184453 width=4) (actual time=0.030..1503.784 rows=2184258 loops=1)
        Filter: (keyword_id < 4333)
        Rows Removed by Filter: 2339672
  ->  Hash  (cost=73925.90..73925.90 rows=702763 width=4) (actual time=1221.725..1221.725 rows=726953 loops=1)
        Buckets: 131072  Batches: 16  Memory Usage: 2630kB
        ->  Seq Scan on title t  (cost=0.00..73925.90 rows=702763 width=4) (actual time=0.037..986.720 rows=726953 loops=1)
              Filter: ((kind_id < 4) AND (production_year < 2011))
              Rows Removed by Filter: 1801359
Planning time: 0.797 ms
Execution time: 4389.525 ms
