Hash Join  (cost=86678.77..131650.48 rows=424223 width=0) (actual time=1365.356..2575.703 rows=246627 loops=1)
  Hash Cond: (mi_idx.movie_id = t.id)
  ->  Seq Scan on movie_info_idx mi_idx  (cost=0.00..21735.35 rows=1380035 width=4) (actual time=0.023..437.287 rows=1380035 loops=1)
  ->  Hash  (cost=73925.90..73925.90 rows=777269 width=4) (actual time=1361.296..1361.296 rows=690703 loops=1)
        Buckets: 131072  Batches: 16  Memory Usage: 2541kB
        ->  Seq Scan on title t  (cost=0.00..73925.90 rows=777269 width=4) (actual time=0.031..1142.858 rows=690703 loops=1)
              Filter: ((kind_id > 4) AND (production_year < 2004))
              Rows Removed by Filter: 1837609
Planning time: 0.797 ms
Execution time: 2606.295 ms
