Hash Join  (cost=78556.72..950747.92 rows=1366438 width=0) (actual time=7318.867..18303.641 rows=2344847 loops=1)
  Hash Cond: (ci.movie_id = t.id)
  ->  Seq Scan on cast_info ci  (cost=0.00..796071.18 rows=5175903 width=4) (actual time=6053.761..12032.895 rows=7954228 loops=1)
        Filter: ((person_id > 2883987) AND (role_id > 1))
        Rows Removed by Filter: 28290116
  ->  Hash  (cost=67604.59..67604.59 rows=667531 width=4) (actual time=1263.853..1263.853 rows=662825 loops=1)
        Buckets: 131072  Batches: 16  Memory Usage: 2476kB
        ->  Seq Scan on title t  (cost=0.00..67604.59 rows=667531 width=4) (actual time=235.328..1066.568 rows=662825 loops=1)
              Filter: (kind_id = 1)
              Rows Removed by Filter: 1865487
Planning time: 0.797 ms
Execution time: 18574.621 ms
