Hash Join  (cost=97725.07..163620.20 rows=28792 width=0) (actual time=1821.349..2813.734 rows=27153 loops=1)
  Hash Cond: (mc.movie_id = t.id)
  ->  Seq Scan on movie_companies mc  (cost=0.00..57926.93 rows=39655 width=4) (actual time=156.568..724.048 rows=66520 loops=1)
        Filter: ((company_id < 19) AND (company_type_id = 1))
        Rows Removed by Filter: 2542609
  ->  Hash  (cost=67604.59..67604.59 rows=1835879 width=4) (actual time=1663.918..1663.918 rows=1833367 loops=1)
        Buckets: 131072  Batches: 32  Memory Usage: 3045kB
        ->  Seq Scan on title t  (cost=0.00..67604.59 rows=1835879 width=4) (actual time=0.027..1092.129 rows=1833367 loops=1)
              Filter: (production_year > 1986)
              Rows Removed by Filter: 694945
Planning time: 0.800 ms
Execution time: 2817.178 ms
