Seq Scan on movie_companies mc  (cost=0.00..51404.11 rows=104 width=0) (actual time=57.937..837.262 rows=231 loops=1)
  Filter: (company_id = 78405)
  Rows Removed by Filter: 2608898
Planning time: 0.363 ms
Execution time: 837.342 ms
