Hash Join  (cost=139597.14..216235.58 rows=258492 width=0) (actual time=3422.531..5374.269 rows=984505 loops=1)
  Hash Cond: (mc.movie_id = t.id)
  ->  Seq Scan on movie_companies mc  (cost=0.00..57926.93 rows=1212425 width=4) (actual time=0.020..1060.647 rows=1103384 loops=1)
        Filter: ((company_id < 105056) AND (company_type_id > 1))
        Rows Removed by Filter: 1505745
  ->  Hash  (cost=130752.54..130752.54 rows=539088 width=8) (actual time=3421.363..3421.363 rows=954317 loops=1)
        Buckets: 131072 (originally 131072)  Batches: 16 (originally 8)  Memory Usage: 3354kB
        ->  Hash Join  (cost=83810.17..130752.54 rows=539088 width=8) (actual time=1615.949..3142.964 rows=954317 loops=1)
              Hash Cond: (mi_idx.movie_id = t.id)
              ->  Seq Scan on movie_info_idx mi_idx  (cost=0.00..21735.35 rows=1380035 width=4) (actual time=0.026..432.030 rows=1380035 loops=1)
              ->  Hash  (cost=67604.59..67604.59 rows=987727 width=4) (actual time=1615.076..1615.076 rows=985048 loops=1)
                    Buckets: 131072  Batches: 16  Memory Usage: 3188kB
                    ->  Seq Scan on title t  (cost=0.00..67604.59 rows=987727 width=4) (actual time=0.015..1012.677 rows=985048 loops=1)
                          Filter: (kind_id < 7)
                          Rows Removed by Filter: 1543264
Planning time: 1.207 ms
Execution time: 5490.120 ms
