Nested Loop  (cost=0.43..52283.95 rows=44 width=0) (actual time=57.641..756.241 rows=1 loops=1)
  ->  Seq Scan on movie_companies mc  (cost=0.00..51404.11 rows=104 width=4) (actual time=57.579..756.178 rows=1 loops=1)
        Filter: (company_id = 167376)
        Rows Removed by Filter: 2609128
  ->  Index Scan using title_pkey on title t  (cost=0.43..8.45 rows=1 width=4) (actual time=0.055..0.056 rows=1 loops=1)
        Index Cond: (id = mc.movie_id)
        Filter: (production_year < 2001)
Planning time: 0.845 ms
Execution time: 756.351 ms
