Hash Join  (cost=84618.84..202983.32 rows=634639 width=0) (actual time=1611.399..4573.615 rows=1698839 loops=1)
  Hash Cond: (mk.movie_id = t.id)
  ->  Seq Scan on movie_keyword mk  (cost=0.00..81003.12 rows=2462123 width=4) (actual time=0.019..1484.100 rows=2443669 loops=1)
        Filter: (keyword_id > 3679)
        Rows Removed by Filter: 2080261
  ->  Hash  (cost=73925.90..73925.90 rows=651755 width=4) (actual time=1610.070..1610.070 rows=711179 loops=1)
        Buckets: 131072  Batches: 16  Memory Usage: 2598kB
        ->  Seq Scan on title t  (cost=0.00..73925.90 rows=651755 width=4) (actual time=0.022..1117.126 rows=711179 loops=1)
              Filter: ((kind_id < 7) AND (production_year < 2008))
              Rows Removed by Filter: 1817133
Planning time: 0.930 ms
Execution time: 4746.701 ms
