Hash Join  (cost=114969.38..476911.53 rows=61365 width=0) (actual time=3415.940..9296.527 rows=209503 loops=1)
  Hash Cond: (mi.movie_id = t.id)
  ->  Seq Scan on movie_info mi  (cost=0.00..346232.03 rows=1264125 width=4) (actual time=252.586..5811.893 rows=1288928 loops=1)
        Filter: (info_type_id = 2)
        Rows Removed by Filter: 13546792
  ->  Hash  (cost=112955.10..112955.10 rows=122743 width=8) (actual time=2436.617..2436.617 rows=210140 loops=1)
        Buckets: 131072 (originally 131072)  Batches: 4 (originally 2)  Memory Usage: 3086kB
        ->  Hash Join  (cost=78556.72..112955.10 rows=122743 width=8) (actual time=1488.879..2356.952 rows=210140 loops=1)
              Hash Cond: (mi_idx.movie_id = t.id)
              ->  Seq Scan on movie_info_idx mi_idx  (cost=0.00..25185.44 rows=464934 width=4) (actual time=0.028..549.017 rows=460185 loops=1)
                    Filter: (info_type_id > 100)
                    Rows Removed by Filter: 919850
              ->  Hash  (cost=67604.59..67604.59 rows=667531 width=4) (actual time=1411.227..1411.227 rows=662825 loops=1)
                    Buckets: 131072  Batches: 16  Memory Usage: 2476kB
                    ->  Seq Scan on title t  (cost=0.00..67604.59 rows=667531 width=4) (actual time=444.281..1199.790 rows=662825 loops=1)
                          Filter: (kind_id = 1)
                          Rows Removed by Filter: 1865487
Planning time: 1.173 ms
Execution time: 9322.174 ms
