Hash Join  (cost=80408.18..184622.86 rows=257919 width=0) (actual time=1109.893..3383.457 rows=350535 loops=1)
  Hash Cond: (mk.movie_id = t.id)
  ->  Seq Scan on movie_keyword mk  (cost=0.00..81003.12 rows=1650765 width=4) (actual time=0.009..1403.412 rows=1660839 loops=1)
        Filter: (keyword_id < 2549)
        Rows Removed by Filter: 2863091
  ->  Hash  (cost=73925.90..73925.90 rows=395062 width=4) (actual time=1109.068..1109.068 rows=335993 loops=1)
        Buckets: 131072  Batches: 8  Memory Usage: 2499kB
        ->  Seq Scan on title t  (cost=0.00..73925.90 rows=395062 width=4) (actual time=0.030..994.298 rows=335993 loops=1)
              Filter: ((kind_id < 7) AND (production_year > 2005))
              Rows Removed by Filter: 2192319
Planning time: 0.812 ms
Execution time: 3428.587 ms
