Hash Join  (cost=83074.74..434363.60 rows=131 width=0) (actual time=3225.118..5383.917 rows=606 loops=1)
  Hash Cond: (mi.movie_id = t.id)
  ->  Seq Scan on movie_info mi  (cost=0.00..346232.03 rows=1348138 width=4) (actual time=2701.100..4681.420 rows=1298989 loops=1)
        Filter: (info_type_id = 4)
        Rows Removed by Filter: 13536731
  ->  Hash  (cost=83071.67..83071.67 rows=246 width=8) (actual time=521.211..521.211 rows=570 loops=1)
        Buckets: 1024  Batches: 1  Memory Usage: 31kB
        ->  Nested Loop  (cost=0.43..83071.67 rows=246 width=8) (actual time=0.438..520.927 rows=570 loops=1)
              ->  Seq Scan on movie_keyword mk  (cost=0.00..81003.12 rows=246 width=4) (actual time=0.330..512.183 rows=570 loops=1)
                    Filter: (keyword_id = 3960)
                    Rows Removed by Filter: 4523360
              ->  Index Only Scan using title_pkey on title t  (cost=0.43..8.40 rows=1 width=4) (actual time=0.014..0.015 rows=1 loops=570)
                    Index Cond: (id = mk.movie_id)
                    Heap Fetches: 570
Planning time: 3.545 ms
Execution time: 5384.175 ms
