Hash Join  (cost=222774.88..357167.03 rows=1480160 width=0) (actual time=4843.479..9284.122 rows=5391005 loops=1)
  Hash Cond: (mk.movie_id = t.id)
  ->  Seq Scan on movie_keyword mk  (cost=0.00..81003.12 rows=2901448 width=4) (actual time=0.026..1532.516 rows=2892000 loops=1)
        Filter: (keyword_id < 9104)
        Rows Removed by Filter: 1631930
  ->  Hash  (cost=201611.93..201611.93 rows=1289916 width=8) (actual time=4842.671..4842.671 rows=1318337 loops=1)
        Buckets: 131072  Batches: 32  Memory Usage: 2641kB
        ->  Hash Join  (cost=102767.86..201611.93 rows=1289916 width=8) (actual time=1792.059..4433.891 rows=1318337 loops=1)
              Hash Cond: (mc.movie_id = t.id)
              ->  Seq Scan on movie_companies mc  (cost=0.00..57926.93 rows=1289916 width=4) (actual time=0.028..1126.400 rows=1318337 loops=1)
                    Filter: ((company_id > 11) AND (company_type_id = 2))
                    Rows Removed by Filter: 1290792
              ->  Hash  (cost=61283.27..61283.27 rows=2528527 width=4) (actual time=1789.713..1789.713 rows=2528312 loops=1)
                    Buckets: 131072  Batches: 64  Memory Usage: 2415kB
                    ->  Seq Scan on title t  (cost=0.00..61283.27 rows=2528527 width=4) (actual time=0.018..952.127 rows=2528312 loops=1)
Planning time: 1.314 ms
Execution time: 9931.690 ms
