Hash Join  (cost=128695.20..493525.88 rows=17476 width=0) (actual time=2133.541..8288.238 rows=638822 loops=1)
  Hash Cond: (mi.movie_id = t.id)
  ->  Seq Scan on movie_info mi  (cost=0.00..309384.22 rows=14739122 width=4) (actual time=0.033..3141.741 rows=14835720 loops=1)
  ->  Hash  (cost=128657.72..128657.72 rows=2998 width=8) (actual time=2131.770..2131.770 rows=17237 loops=1)
        Buckets: 32768 (originally 4096)  Batches: 1 (originally 1)  Memory Usage: 930kB
        ->  Hash Join  (cost=73962.22..128657.72 rows=2998 width=8) (actual time=1004.833..2124.738 rows=17237 loops=1)
              Hash Cond: (mc.movie_id = t.id)
              ->  Seq Scan on movie_companies mc  (cost=0.00..44881.29 rows=2609129 width=4) (actual time=0.008..566.100 rows=2609129 loops=1)
              ->  Hash  (cost=73925.90..73925.90 rows=2905 width=4) (actual time=1004.447..1004.447 rows=8319 loops=1)
                    Buckets: 16384 (originally 4096)  Batches: 1 (originally 1)  Memory Usage: 421kB
                    ->  Seq Scan on title t  (cost=0.00..73925.90 rows=2905 width=4) (actual time=0.094..1000.524 rows=8319 loops=1)
                          Filter: ((kind_id < 7) AND (production_year = 1988))
                          Rows Removed by Filter: 2519993
Planning time: 0.813 ms
Execution time: 8367.571 ms
