Hash Join  (cost=101723.15..897168.79 rows=181516 width=0) (actual time=2248.767..19339.567 rows=340698 loops=1)
  Hash Cond: (ci.movie_id = t.id)
  ->  Seq Scan on cast_info ci  (cost=0.00..705507.15 rows=23499554 width=4) (actual time=571.629..13489.195 rows=23573656 loops=1)
        Filter: (role_id > 1)
        Rows Removed by Filter: 12670688
  ->  Hash  (cost=101479.01..101479.01 rows=19531 width=8) (actual time=1672.413..1672.413 rows=12720 loops=1)
        Buckets: 32768  Batches: 1  Memory Usage: 753kB
        ->  Hash Join  (cost=74373.22..101479.01 rows=19531 width=8) (actual time=1047.113..1668.074 rows=12720 loops=1)
              Hash Cond: (mi_idx.movie_id = t.id)
              ->  Seq Scan on movie_info_idx mi_idx  (cost=0.00..21735.35 rows=1380035 width=4) (actual time=0.025..306.484 rows=1380035 loops=1)
              ->  Hash  (cost=73925.90..73925.90 rows=35785 width=4) (actual time=1046.521..1046.521 rows=40139 loops=1)
                    Buckets: 65536  Batches: 1  Memory Usage: 1924kB
                    ->  Seq Scan on title t  (cost=0.00..73925.90 rows=35785 width=4) (actual time=1.181..1029.483 rows=40139 loops=1)
                          Filter: ((kind_id > 4) AND (production_year = 2001))
                          Rows Removed by Filter: 2488173
Planning time: 1.160 ms
Execution time: 19386.814 ms
