Seq Scan on cast_info ci  (cost=0.00..796071.18 rows=11065996 width=0) (actual time=1098.856..12352.983 rows=4730683 loops=1)
  Filter: ((person_id < 1673917) AND (role_id > 1))
  Rows Removed by Filter: 31513661
Planning time: 3.028 ms
Execution time: 12943.515 ms
