Hash Join  (cost=75472.97..199530.20 rows=168619 width=0) (actual time=1138.274..3574.225 rows=250817 loops=1)
  Hash Cond: (mk.movie_id = t.id)
  ->  Seq Scan on movie_keyword mk  (cost=0.00..69693.30 rows=4523930 width=4) (actual time=0.018..1121.859 rows=4523930 loops=1)
  ->  Hash  (cost=73925.90..73925.90 rows=94245 width=4) (actual time=1137.387..1137.387 rows=100449 loops=1)
        Buckets: 131072  Batches: 2  Memory Usage: 2801kB
        ->  Seq Scan on title t  (cost=0.00..73925.90 rows=94245 width=4) (actual time=0.017..1100.130 rows=100449 loops=1)
              Filter: ((production_year > 1936) AND (kind_id = 3))
              Rows Removed by Filter: 2427863
Planning time: 0.880 ms
Execution time: 3606.231 ms
