Nested Loop  (cost=0.43..83071.67 rows=246 width=0) (actual time=0.135..1161.212 rows=485 loops=1)
  ->  Seq Scan on movie_keyword mk  (cost=0.00..81003.12 rows=246 width=4) (actual time=0.074..1142.256 rows=485 loops=1)
        Filter: (keyword_id = 7732)
        Rows Removed by Filter: 4523445
  ->  Index Only Scan using title_pkey on title t  (cost=0.43..8.40 rows=1 width=4) (actual time=0.037..0.037 rows=1 loops=485)
        Index Cond: (id = mk.movie_id)
        Heap Fetches: 485
Planning time: 1.739 ms
Execution time: 1161.506 ms
