Seq Scan on movie_keyword mk  (cost=0.00..81003.12 rows=4232532 width=0) (actual time=0.032..1571.290 rows=4236657 loops=1)
  Filter: (keyword_id < 55649)
  Rows Removed by Filter: 287273
Planning time: 0.335 ms
Execution time: 2118.041 ms
