Hash Join  (cost=449294.51..1391745.80 rows=1810815 width=0) (actual time=14043.299..31657.172 rows=6989623 loops=1)
  Hash Cond: (ci.movie_id = t.id)
  ->  Seq Scan on cast_info ci  (cost=0.00..705507.15 rows=12203201 width=4) (actual time=3502.231..13287.227 rows=12113646 loops=1)
        Filter: (role_id > 3)
        Rows Removed by Filter: 24130698
  ->  Hash  (cost=443138.46..443138.46 rows=375204 width=8) (actual time=10540.152..10540.152 rows=511682 loops=1)
        Buckets: 131072  Batches: 8  Memory Usage: 3479kB
        ->  Hash Join  (cost=74730.49..443138.46 rows=375204 width=8) (actual time=1125.121..9009.680 rows=511682 loops=1)
              Hash Cond: (mi.movie_id = t.id)
              ->  Seq Scan on movie_info mi  (cost=0.00..309384.22 rows=14739122 width=4) (actual time=0.024..3572.187 rows=14835720 loops=1)
              ->  Hash  (cost=73925.90..73925.90 rows=64367 width=4) (actual time=1124.699..1124.699 rows=53905 loops=1)
                    Buckets: 65536  Batches: 1  Memory Usage: 2408kB
                    ->  Seq Scan on title t  (cost=0.00..73925.90 rows=64367 width=4) (actual time=0.131..1102.122 rows=53905 loops=1)
                          Filter: ((kind_id < 7) AND (production_year = 2012))
                          Rows Removed by Filter: 2474407
Planning time: 1.264 ms
Execution time: 32424.400 ms
