Seq Scan on movie_keyword mk  (cost=0.00..81003.12 rows=996280 width=0) (actual time=0.018..1288.215 rows=1003207 loops=1)
  Filter: (keyword_id < 958)
  Rows Removed by Filter: 3520723
Planning time: 0.973 ms
Execution time: 1416.221 ms
