Seq Scan on cast_info ci  (cost=0.00..796071.18 rows=6985193 width=0) (actual time=27.338..10585.569 rows=2973051 loops=1)
  Filter: ((person_id < 1042909) AND (role_id > 1))
  Rows Removed by Filter: 33271293
Planning time: 0.380 ms
Execution time: 10949.979 ms
