Hash Join  (cost=72433.26..99349.41 rows=567 width=0) (actual time=921.264..1458.491 rows=3840 loops=1)
  Hash Cond: (mi_idx.movie_id = t.id)
  ->  Seq Scan on movie_info_idx mi_idx  (cost=0.00..21735.35 rows=1380035 width=4) (actual time=0.017..268.063 rows=1380035 loops=1)
  ->  Hash  (cost=72420.27..72420.27 rows=1039 width=8) (actual time=921.144..921.144 rows=1348 loops=1)
        Buckets: 2048  Batches: 1  Memory Usage: 69kB
        ->  Nested Loop  (cost=0.43..72420.27 rows=1039 width=8) (actual time=9.564..920.252 rows=1348 loops=1)
              ->  Seq Scan on movie_companies mc  (cost=0.00..51404.11 rows=2696 width=4) (actual time=9.519..845.443 rows=2760 loops=1)
                    Filter: (company_id = 31)
                    Rows Removed by Filter: 2606369
              ->  Index Scan using title_pkey on title t  (cost=0.43..7.79 rows=1 width=4) (actual time=0.026..0.026 rows=0 loops=2760)
                    Index Cond: (id = mc.movie_id)
                    Filter: (kind_id < 6)
                    Rows Removed by Filter: 1
Planning time: 0.847 ms
Execution time: 1459.233 ms
