Hash Join  (cost=962120.68..1524003.15 rows=7692154 width=0) (actual time=13326.874..28859.495 rows=11871974 loops=1)
  Hash Cond: (mi.movie_id = t.id)
  ->  Seq Scan on movie_info mi  (cost=0.00..309384.22 rows=14739122 width=4) (actual time=0.012..5384.845 rows=14835720 loops=1)
  ->  Hash  (cost=940470.62..940470.62 rows=1319605 width=8) (actual time=13325.426..13325.426 rows=450692 loops=1)
        Buckets: 131072  Batches: 32  Memory Usage: 1590kB
        ->  Hash Join  (cost=102767.86..940470.62 rows=1319605 width=8) (actual time=2159.842..13179.546 rows=450692 loops=1)
              Hash Cond: (ci.movie_id = t.id)
              ->  Seq Scan on cast_info ci  (cost=0.00..796071.18 rows=1319605 width=4) (actual time=362.221..10594.646 rows=450692 loops=1)
                    Filter: ((person_id < 791226) AND (role_id > 8))
                    Rows Removed by Filter: 35793652
              ->  Hash  (cost=61283.27..61283.27 rows=2528527 width=4) (actual time=1795.335..1795.335 rows=2528312 loops=1)
                    Buckets: 131072  Batches: 64  Memory Usage: 2415kB
                    ->  Seq Scan on title t  (cost=0.00..61283.27 rows=2528527 width=4) (actual time=0.015..951.115 rows=2528312 loops=1)
Planning time: 1.146 ms
Execution time: 30252.595 ms
