Hash Join  (cost=154639.43..969754.43 rows=212820 width=0) (actual time=3306.439..16173.340 rows=1579531 loops=1)
  Hash Cond: (ci.movie_id = t.id)
  ->  Seq Scan on cast_info ci  (cost=0.00..796071.18 rows=1325765 width=4) (actual time=0.019..10661.352 rows=3359226 loops=1)
        Filter: ((person_id > 2592067) AND (role_id = 10))
        Rows Removed by Filter: 32885118
  ->  Hash  (cost=147979.74..147979.74 rows=405895 width=8) (actual time=3305.521..3305.521 rows=436710 loops=1)
        Buckets: 131072  Batches: 8  Memory Usage: 3163kB
        ->  Hash Join  (cost=104131.46..147979.74 rows=405895 width=8) (actual time=1937.314..3169.615 rows=436710 loops=1)
              Hash Cond: (mi_idx.movie_id = t.id)
              ->  Seq Scan on movie_info_idx mi_idx  (cost=0.00..25185.44 rows=460978 width=4) (actual time=0.017..440.097 rows=459925 loops=1)
                    Filter: (info_type_id = 99)
                    Rows Removed by Filter: 920110
              ->  Hash  (cost=67604.59..67604.59 rows=2226390 width=4) (actual time=1936.410..1936.410 rows=2224569 loops=1)
                    Buckets: 131072  Batches: 32  Memory Usage: 3463kB
                    ->  Seq Scan on title t  (cost=0.00..67604.59 rows=2226390 width=4) (actual time=0.016..1236.566 rows=2224569 loops=1)
                          Filter: (production_year < 2012)
                          Rows Removed by Filter: 303743
Planning time: 1.212 ms
Execution time: 16347.445 ms
