Hash Join  (cost=73983.02..825426.77 rows=65459 width=0) (actual time=1064.166..15943.640 rows=96235 loops=1)
  Hash Cond: (ci.movie_id = t.id)
  ->  Seq Scan on cast_info ci  (cost=0.00..614943.12 rows=36225612 width=4) (actual time=0.013..7064.484 rows=36244344 loops=1)
  ->  Hash  (cost=73925.90..73925.90 rows=4569 width=4) (actual time=1063.755..1063.755 rows=8818 loops=1)
        Buckets: 16384 (originally 8192)  Batches: 1 (originally 1)  Memory Usage: 439kB
        ->  Seq Scan on title t  (cost=0.00..73925.90 rows=4569 width=4) (actual time=181.598..1059.381 rows=8818 loops=1)
              Filter: ((kind_id > 4) AND (production_year = 1967))
              Rows Removed by Filter: 2519494
Planning time: 0.831 ms
Execution time: 15963.246 ms
