Hash Join  (cost=74710.74..915996.82 rows=280806 width=0) (actual time=1244.211..19431.241 rows=287596 loops=1)
  Hash Cond: (ci.movie_id = t.id)
  ->  Seq Scan on cast_info ci  (cost=0.00..796071.18 rows=11308491 width=4) (actual time=204.906..14334.511 rows=15111324 loops=1)
        Filter: ((person_id < 2047426) AND (role_id < 3))
        Rows Removed by Filter: 21133020
  ->  Hash  (cost=73925.90..73925.90 rows=62787 width=4) (actual time=1038.889..1038.889 rows=53770 loops=1)
        Buckets: 65536  Batches: 1  Memory Usage: 2403kB
        ->  Seq Scan on title t  (cost=0.00..73925.90 rows=62787 width=4) (actual time=0.520..1018.100 rows=53770 loops=1)
              Filter: ((kind_id < 7) AND (production_year = 2011))
              Rows Removed by Filter: 2474542
Planning time: 0.621 ms
Execution time: 19473.279 ms
