Seq Scan on title t  (cost=0.00..73925.90 rows=61205 width=0) (actual time=17.046..1157.236 rows=61581 loops=1)
  Filter: ((production_year > 2011) AND (kind_id = 1))
  Rows Removed by Filter: 2466731
Planning time: 0.404 ms
Execution time: 1165.957 ms
