Hash Join  (cost=232371.63..823223.62 rows=5528123 width=0) (actual time=5667.047..37128.105 rows=86611858 loops=1)
  Hash Cond: (mi.movie_id = t.id)
  ->  Seq Scan on movie_info mi  (cost=0.00..346232.03 rows=14483353 width=4) (actual time=0.007..6941.693 rows=14528932 loops=1)
        Filter: (info_type_id < 106)
        Rows Removed by Filter: 306788
  ->  Hash  (cost=216537.78..216537.78 rows=965108 width=8) (actual time=5666.037..5666.037 rows=1592510 loops=1)
        Buckets: 131072 (originally 131072)  Batches: 32 (originally 16)  Memory Usage: 3087kB
        ->  Hash Join  (cost=82776.67..216537.78 rows=965108 width=8) (actual time=1364.880..5197.857 rows=1592510 loops=1)
              Hash Cond: (mk.movie_id = t.id)
              ->  Seq Scan on movie_keyword mk  (cost=0.00..69693.30 rows=4523930 width=4) (actual time=0.031..1359.297 rows=4523930 loops=1)
              ->  Hash  (cost=73925.90..73925.90 rows=539421 width=4) (actual time=1363.973..1363.973 rows=459810 loops=1)
                    Buckets: 131072  Batches: 8  Memory Usage: 3049kB
                    ->  Seq Scan on title t  (cost=0.00..73925.90 rows=539421 width=4) (actual time=0.022..1212.363 rows=459810 loops=1)
                          Filter: ((kind_id < 7) AND (production_year > 2000))
                          Rows Removed by Filter: 2068502
Planning time: 1.204 ms
Execution time: 46116.010 ms
