Seq Scan on cast_info ci  (cost=0.00..796071.18 rows=4025647 width=0) (actual time=1318.035..14988.278 rows=4229601 loops=1)
  Filter: ((person_id > 234727) AND (role_id = 10))
  Rows Removed by Filter: 32014743
Planning time: 0.423 ms
Execution time: 15519.691 ms
