Hash Join  (cost=75819.10..152510.17 rows=119054 width=0) (actual time=1183.632..2869.309 rows=58990 loops=1)
  Hash Cond: (mc.movie_id = t.id)
  ->  Seq Scan on movie_companies mc  (cost=0.00..44881.29 rows=2609129 width=4) (actual time=0.009..746.590 rows=2609129 loops=1)
  ->  Hash  (cost=73925.90..73925.90 rows=115376 width=4) (actual time=1182.510..1182.510 rows=119207 loops=1)
        Buckets: 131072  Batches: 2  Memory Usage: 3119kB
        ->  Seq Scan on title t  (cost=0.00..73925.90 rows=115376 width=4) (actual time=0.020..1139.725 rows=119207 loops=1)
              Filter: ((kind_id > 2) AND (production_year = 2012))
              Rows Removed by Filter: 2409105
Planning time: 0.786 ms
Execution time: 2878.045 ms
