Nested Loop  (cost=0.43..58375.18 rows=53 width=0) (actual time=252.487..867.221 rows=4 loops=1)
  ->  Seq Scan on movie_companies mc  (cost=0.00..57926.93 rows=53 width=4) (actual time=252.399..866.978 rows=4 loops=1)
        Filter: ((company_type_id > 1) AND (company_id = 4942))
        Rows Removed by Filter: 2609125
  ->  Index Only Scan using title_pkey on title t  (cost=0.43..8.45 rows=1 width=4) (actual time=0.053..0.053 rows=1 loops=4)
        Index Cond: (id = mc.movie_id)
        Heap Fetches: 4
Planning time: 0.813 ms
Execution time: 867.289 ms
