Hash Join  (cost=368521.59..1520795.47 rows=17896514 width=0) (actual time=16937.602..37828.447 rows=48322271 loops=1)
  Hash Cond: (ci.movie_id = t.id)
  ->  Seq Scan on cast_info ci  (cost=0.00..796071.18 rows=10472209 width=4) (actual time=8567.620..15158.158 rows=8120998 loops=1)
        Filter: ((person_id > 609448) AND (role_id = 1))
        Rows Removed by Filter: 28123346
  ->  Hash  (cost=297627.41..297627.41 rows=4321134 width=8) (actual time=8368.350..8368.350 rows=4304256 loops=1)
        Buckets: 131072  Batches: 64  Memory Usage: 3679kB
        ->  Hash Join  (cost=102767.86..297627.41 rows=4321134 width=8) (actual time=1775.746..7106.774 rows=4304256 loops=1)
              Hash Cond: (mk.movie_id = t.id)
              ->  Seq Scan on movie_keyword mk  (cost=0.00..81003.12 rows=4321134 width=4) (actual time=0.037..1695.437 rows=4304256 loops=1)
                    Filter: (keyword_id > 165)
                    Rows Removed by Filter: 219674
              ->  Hash  (cost=61283.27..61283.27 rows=2528527 width=4) (actual time=1774.767..1774.767 rows=2528312 loops=1)
                    Buckets: 131072  Batches: 64  Memory Usage: 2425kB
                    ->  Seq Scan on title t  (cost=0.00..61283.27 rows=2528527 width=4) (actual time=0.018..919.731 rows=2528312 loops=1)
Planning time: 1.209 ms
Execution time: 42458.849 ms
