Hash Join  (cost=111975.90..168462.82 rows=28462 width=0) (actual time=2178.709..3092.131 rows=114640 loops=1)
  Hash Cond: (mc.movie_id = t.id)
  ->  Seq Scan on movie_companies mc  (cost=0.00..51404.11 rows=1279517 width=4) (actual time=299.572..870.117 rows=1274246 loops=1)
        Filter: (company_type_id < 2)
        Rows Removed by Filter: 1334883
  ->  Hash  (cost=111272.83..111272.83 rows=56245 width=8) (actual time=1878.684..1878.684 rows=65087 loops=1)
        Buckets: 65536  Batches: 1  Memory Usage: 3055kB
        ->  Hash Join  (cost=78988.28..111272.83 rows=56245 width=8) (actual time=1139.577..1854.844 rows=65087 loops=1)
              Hash Cond: (mi_idx.movie_id = t.id)
              ->  Seq Scan on movie_info_idx mi_idx  (cost=0.00..25185.44 rows=460978 width=4) (actual time=0.023..442.388 rows=459925 loops=1)
                    Filter: (info_type_id = 99)
                    Rows Removed by Filter: 920110
              ->  Hash  (cost=73925.90..73925.90 rows=308510 width=4) (actual time=1138.642..1138.642 rows=266599 loops=1)
                    Buckets: 131072  Batches: 8  Memory Usage: 2191kB
                    ->  Seq Scan on title t  (cost=0.00..73925.90 rows=308510 width=4) (actual time=0.031..1054.188 rows=266599 loops=1)
                          Filter: ((kind_id < 7) AND (production_year > 2007))
                          Rows Removed by Filter: 2261713
Planning time: 1.125 ms
Execution time: 3107.543 ms
