Hash Join  (cost=69911.67..434704.47 rows=13687 width=0) (actual time=887.154..7279.328 rows=113082 loops=1)
  Hash Cond: (mi.movie_id = t.id)
  ->  Seq Scan on movie_info mi  (cost=0.00..309384.22 rows=14739122 width=4) (actual time=0.010..3506.161 rows=14835720 loops=1)
  ->  Hash  (cost=69882.32..69882.32 rows=2348 width=8) (actual time=822.692..822.692 rows=2910 loops=1)
        Buckets: 4096  Batches: 1  Memory Usage: 146kB
        ->  Nested Loop  (cost=0.43..69882.32 rows=2348 width=8) (actual time=75.738..821.110 rows=2910 loops=1)
              ->  Seq Scan on movie_companies mc  (cost=0.00..51404.11 rows=2348 width=4) (actual time=75.671..739.415 rows=2910 loops=1)
                    Filter: (company_id = 28339)
                    Rows Removed by Filter: 2606219
              ->  Index Only Scan using title_pkey on title t  (cost=0.43..7.86 rows=1 width=4) (actual time=0.026..0.026 rows=1 loops=2910)
                    Index Cond: (id = mc.movie_id)
                    Heap Fetches: 2910
Planning time: 5.220 ms
Execution time: 7296.376 ms
