Hash Join  (cost=68426.36..120020.19 rows=1230 width=0) (actual time=1017.235..1781.089 rows=258 loops=1)
  Hash Cond: (mc.movie_id = t.id)
  ->  Seq Scan on movie_companies mc  (cost=0.00..51404.11 rows=47312 width=4) (actual time=0.080..763.375 rows=47252 loops=1)
        Filter: (company_id = 19)
        Rows Removed by Filter: 2561877
  ->  Hash  (cost=67604.59..67604.59 rows=65742 width=4) (actual time=1000.112..1000.112 rows=63827 loops=1)
        Buckets: 131072  Batches: 1  Memory Usage: 3268kB
        ->  Seq Scan on title t  (cost=0.00..67604.59 rows=65742 width=4) (actual time=0.010..973.322 rows=63827 loops=1)
              Filter: (production_year = 2013)
              Rows Removed by Filter: 2464485
Planning time: 0.825 ms
Execution time: 1781.349 ms
