Seq Scan on movie_companies mc  (cost=0.00..51404.11 rows=1616097 width=0) (actual time=0.025..874.689 rows=1606387 loops=1)
  Filter: (company_id < 16609)
  Rows Removed by Filter: 1002742
Planning time: 0.347 ms
Execution time: 1077.951 ms
