Hash Join  (cost=944687.52..1637345.58 rows=14223851 width=0) (actual time=19999.045..39824.923 rows=18996481 loops=1)
  Hash Cond: (mi.movie_id = t.id)
  ->  Seq Scan on movie_info mi  (cost=0.00..346232.03 rows=13795764 width=4) (actual time=0.012..6884.431 rows=13838458 loops=1)
        Filter: (info_type_id < 90)
        Rows Removed by Filter: 997262
  ->  Hash  (cost=901916.17..901916.17 rows=2606988 width=8) (actual time=19995.928..19995.928 rows=2857123 loops=1)
        Buckets: 131072  Batches: 64  Memory Usage: 2758kB
        ->  Hash Join  (cost=82423.69..901916.17 rows=2606988 width=8) (actual time=5009.706..18528.936 rows=2857123 loops=1)
              Hash Cond: (ci.movie_id = t.id)
              ->  Seq Scan on cast_info ci  (cost=0.00..705507.15 rows=7298253 width=4) (actual time=3629.042..12599.010 rows=7451973 loops=1)
                    Filter: (role_id = 2)
                    Rows Removed by Filter: 28792371
              ->  Hash  (cost=67604.59..67604.59 rows=903208 width=4) (actual time=1379.708..1379.708 rows=904491 loops=1)
                    Buckets: 131072  Batches: 16  Memory Usage: 3010kB
                    ->  Seq Scan on title t  (cost=0.00..67604.59 rows=903208 width=4) (actual time=0.032..1094.712 rows=904491 loops=1)
                          Filter: (production_year > 2006)
                          Rows Removed by Filter: 1623821
Planning time: 4.708 ms
Execution time: 42040.453 ms
