Hash Join  (cost=709678.15..796345.14 rows=895 width=0) (actual time=10443.158..11634.605 rows=88 loops=1)
  Hash Cond: (mk.movie_id = t.id)
  ->  Seq Scan on movie_keyword mk  (cost=0.00..69693.30 rows=4523930 width=4) (actual time=0.012..880.325 rows=4523930 loops=1)
  ->  Hash  (cost=709671.90..709671.90 rows=500 width=8) (actual time=9976.654..9976.654 rows=26 loops=1)
        Buckets: 1024  Batches: 1  Memory Usage: 10kB
        ->  Nested Loop  (cost=0.43..709671.90 rows=500 width=8) (actual time=9606.893..9976.632 rows=26 loops=1)
              ->  Seq Scan on cast_info ci  (cost=0.00..705507.15 rows=500 width=4) (actual time=9606.789..9969.905 rows=26 loops=1)
                    Filter: (person_id = 1141636)
                    Rows Removed by Filter: 36244318
              ->  Index Only Scan using title_pkey on title t  (cost=0.43..8.32 rows=1 width=4) (actual time=0.256..0.257 rows=1 loops=26)
                    Index Cond: (id = ci.movie_id)
                    Heap Fetches: 26
Planning time: 1.190 ms
Execution time: 11634.709 ms
