Hash Join  (cost=67697.55..432786.99 rows=43351 width=0) (actual time=929.976..6536.114 rows=27449 loops=1)
  Hash Cond: (mi.movie_id = t.id)
  ->  Seq Scan on movie_info mi  (cost=0.00..309384.22 rows=14739122 width=4) (actual time=0.015..3077.724 rows=14835720 loops=1)
  ->  Hash  (cost=67604.59..67604.59 rows=7437 width=4) (actual time=929.886..929.886 rows=2615 loops=1)
        Buckets: 8192  Batches: 1  Memory Usage: 156kB
        ->  Seq Scan on title t  (cost=0.00..67604.59 rows=7437 width=4) (actual time=329.400..928.553 rows=2615 loops=1)
              Filter: (production_year = 1924)
              Rows Removed by Filter: 2525697
Planning time: 0.807 ms
Execution time: 6541.025 ms
