Seq Scan on movie_keyword mk  (cost=0.00..81003.12 rows=145904 width=0) (actual time=0.031..1069.595 rows=145074 loops=1)
  Filter: (keyword_id > 74366)
  Rows Removed by Filter: 4378856
Planning time: 2.997 ms
Execution time: 1089.065 ms
