Seq Scan on movie_companies mc  (cost=0.00..57926.93 rows=332426 width=0) (actual time=355.205..841.646 rows=181968 loops=1)
  Filter: ((company_id < 855) AND (company_type_id > 1))
  Rows Removed by Filter: 2427161
Planning time: 0.372 ms
Execution time: 863.968 ms
