Hash Join  (cost=102767.86..921268.01 rows=521537 width=0) (actual time=8005.023..15862.294 rows=3126206 loops=1)
  Hash Cond: (ci.movie_id = t.id)
  ->  Seq Scan on cast_info ci  (cost=0.00..796071.18 rows=521537 width=4) (actual time=6179.751..10904.623 rows=3126206 loops=1)
        Filter: ((person_id > 3458457) AND (role_id > 8))
        Rows Removed by Filter: 33118138
  ->  Hash  (cost=61283.27..61283.27 rows=2528527 width=4) (actual time=1823.277..1823.277 rows=2528312 loops=1)
        Buckets: 131072  Batches: 64  Memory Usage: 2415kB
        ->  Seq Scan on title t  (cost=0.00..61283.27 rows=2528527 width=4) (actual time=0.027..947.380 rows=2528312 loops=1)
Planning time: 0.789 ms
Execution time: 16238.485 ms
