Hash Join  (cost=83073.08..139275.45 rows=7 width=0) (actual time=1254.079..2293.259 rows=13 loops=1)
  Hash Cond: (mc.movie_id = t.id)
  ->  Seq Scan on movie_companies mc  (cost=0.00..51404.11 rows=1279517 width=4) (actual time=0.017..866.912 rows=1274246 loops=1)
        Filter: (company_type_id = 1)
        Rows Removed by Filter: 1334883
  ->  Hash  (cost=83072.90..83072.90 rows=14 width=8) (actual time=1252.857..1252.857 rows=7 loops=1)
        Buckets: 1024  Batches: 1  Memory Usage: 9kB
        ->  Nested Loop  (cost=0.43..83072.90 rows=14 width=8) (actual time=77.383..1252.796 rows=7 loops=1)
              ->  Seq Scan on movie_keyword mk  (cost=0.00..81003.12 rows=246 width=4) (actual time=0.856..1223.082 rows=763 loops=1)
                    Filter: (keyword_id = 5071)
                    Rows Removed by Filter: 4523167
              ->  Index Scan using title_pkey on title t  (cost=0.43..8.40 rows=1 width=4) (actual time=0.038..0.038 rows=0 loops=763)
                    Index Cond: (id = mk.movie_id)
                    Filter: ((production_year > 2011) AND (kind_id = 7))
                    Rows Removed by Filter: 1
Planning time: 1.286 ms
Execution time: 2293.410 ms
