Seq Scan on movie_companies mc  (cost=0.00..57926.93 rows=756890 width=0) (actual time=0.018..955.938 rows=1040059 loops=1)
  Filter: ((company_id < 14421) AND (company_type_id < 2))
  Rows Removed by Filter: 1569070
Planning time: 0.396 ms
Execution time: 1109.020 ms
