Hash Join  (cost=73976.52..130387.96 rows=2129 width=0) (actual time=879.246..1869.360 rows=4448 loops=1)
  Hash Cond: (mc.movie_id = t.id)
  ->  Seq Scan on movie_companies mc  (cost=0.00..51404.11 rows=1329612 width=4) (actual time=69.922..837.450 rows=1334883 loops=1)
        Filter: (company_type_id > 1)
        Rows Removed by Filter: 1274246
  ->  Hash  (cost=73925.90..73925.90 rows=4049 width=4) (actual time=809.155..809.155 rows=4058 loops=1)
        Buckets: 4096  Batches: 1  Memory Usage: 175kB
        ->  Seq Scan on title t  (cost=0.00..73925.90 rows=4049 width=4) (actual time=195.865..807.075 rows=4058 loops=1)
              Filter: ((kind_id = 2) AND (production_year = 2007))
              Rows Removed by Filter: 2524254
Planning time: 1.293 ms
Execution time: 1870.120 ms
