Seq Scan on cast_info ci  (cost=0.00..705507.15 rows=12436814 width=0) (actual time=0.014..10507.886 rows=12538534 loops=1)
  Filter: (person_id > 2428742)
  Rows Removed by Filter: 23705810
Planning time: 0.340 ms
Execution time: 11959.479 ms
