Hash Join  (cost=465835.78..599772.59 rows=979577 width=0) (actual time=7630.409..12807.553 rows=6449558 loops=1)
  Hash Cond: (mk.movie_id = t.id)
  ->  Seq Scan on movie_keyword mk  (cost=0.00..69693.30 rows=4523930 width=4) (actual time=0.026..1305.722 rows=4523930 loops=1)
  ->  Hash  (cost=456852.93..456852.93 rows=547508 width=8) (actual time=7629.618..7629.618 rows=1068150 loops=1)
        Buckets: 131072 (originally 131072)  Batches: 16 (originally 8)  Memory Usage: 3636kB
        ->  Hash Join  (cost=78556.72..456852.93 rows=547508 width=8) (actual time=1930.960..7282.912 rows=1068150 loops=1)
              Hash Cond: (mi.movie_id = t.id)
              ->  Seq Scan on movie_info mi  (cost=0.00..346232.03 rows=2073893 width=4) (actual time=424.985..4655.817 rows=2091068 loops=1)
                    Filter: (info_type_id < 3)
                    Rows Removed by Filter: 12744652
              ->  Hash  (cost=67604.59..67604.59 rows=667531 width=4) (actual time=1158.039..1158.039 rows=662825 loops=1)
                    Buckets: 131072  Batches: 16  Memory Usage: 2485kB
                    ->  Seq Scan on title t  (cost=0.00..67604.59 rows=667531 width=4) (actual time=228.582..942.692 rows=662825 loops=1)
                          Filter: (kind_id = 1)
                          Rows Removed by Filter: 1865487
Planning time: 1.179 ms
Execution time: 13584.082 ms
