Seq Scan on movie_companies mc  (cost=0.00..57926.93 rows=784276 width=0) (actual time=292.811..1008.887 rows=569363 loops=1)
  Filter: ((company_id > 5033) AND (company_type_id = 1))
  Rows Removed by Filter: 2039766
Planning time: 0.405 ms
Execution time: 1083.189 ms
