Nested Loop  (cost=0.43..52283.69 rows=104 width=0) (actual time=187.612..773.803 rows=35 loops=1)
  ->  Seq Scan on movie_companies mc  (cost=0.00..51404.11 rows=104 width=4) (actual time=187.533..769.933 rows=35 loops=1)
        Filter: (company_id = 1147)
        Rows Removed by Filter: 2609094
  ->  Index Only Scan using title_pkey on title t  (cost=0.43..8.45 rows=1 width=4) (actual time=0.106..0.106 rows=1 loops=35)
        Index Cond: (id = mc.movie_id)
        Heap Fetches: 35
Planning time: 2.494 ms
Execution time: 773.913 ms
