Hash Join  (cost=86616.10..225478.48 rows=1383834 width=0) (actual time=1424.711..5444.959 rows=2754925 loops=1)
  Hash Cond: (mk.movie_id = t.id)
  ->  Seq Scan on movie_keyword mk  (cost=0.00..69693.30 rows=4523930 width=4) (actual time=0.015..1267.272 rows=4523930 loops=1)
  ->  Hash  (cost=73925.90..73925.90 rows=773456 width=4) (actual time=1423.521..1423.521 rows=683462 loops=1)
        Buckets: 131072  Batches: 16  Memory Usage: 2535kB
        ->  Seq Scan on title t  (cost=0.00..73925.90 rows=773456 width=4) (actual time=0.017..1195.859 rows=683462 loops=1)
              Filter: ((kind_id < 7) AND (production_year > 1977))
              Rows Removed by Filter: 1844850
Planning time: 0.870 ms
Execution time: 5772.235 ms
