Nested Loop  (cost=0.43..83072.29 rows=116 width=0) (actual time=7.489..1075.302 rows=363 loops=1)
  ->  Seq Scan on movie_keyword mk  (cost=0.00..81003.12 rows=246 width=4) (actual time=1.866..1053.034 rows=494 loops=1)
        Filter: (keyword_id = 14150)
        Rows Removed by Filter: 4523436
  ->  Index Scan using title_pkey on title t  (cost=0.43..8.40 rows=1 width=4) (actual time=0.043..0.044 rows=1 loops=494)
        Index Cond: (id = mk.movie_id)
        Filter: (production_year < 2003)
        Rows Removed by Filter: 0
Planning time: 0.602 ms
Execution time: 1075.562 ms
