Hash Join  (cost=197248.81..673271.73 rows=758432 width=0) (actual time=3801.278..13925.535 rows=4881690 loops=1)
  Hash Cond: (mi.movie_id = t.id)
  ->  Seq Scan on movie_info mi  (cost=0.00..346232.03 rows=9476311 width=4) (actual time=61.460..5734.433 rows=9565151 loops=1)
        Filter: (info_type_id < 16)
        Rows Removed by Filter: 5270569
  ->  Hash  (cost=193928.19..193928.19 rows=202370 width=8) (actual time=3738.841..3738.841 rows=183280 loops=1)
        Buckets: 131072  Batches: 4  Memory Usage: 2779kB
        ->  Hash Join  (cost=69460.45..193928.19 rows=202370 width=8) (actual time=964.746..3676.887 rows=183280 loops=1)
              Hash Cond: (mk.movie_id = t.id)
              ->  Seq Scan on movie_keyword mk  (cost=0.00..69693.30 rows=4523930 width=4) (actual time=0.024..1253.055 rows=4523930 loops=1)
              ->  Hash  (cost=67604.59..67604.59 rows=113109 width=4) (actual time=963.853..963.853 rows=119565 loops=1)
                    Buckets: 131072  Batches: 2  Memory Usage: 3121kB
                    ->  Seq Scan on title t  (cost=0.00..67604.59 rows=113109 width=4) (actual time=0.030..917.899 rows=119565 loops=1)
                          Filter: (production_year = 2007)
                          Rows Removed by Filter: 2408747
Planning time: 1.184 ms
Execution time: 14395.918 ms
