Seq Scan on cast_info ci  (cost=0.00..796071.18 rows=1731344 width=0) (actual time=0.024..11652.546 rows=3491593 loops=1)
  Filter: ((person_id > 2188422) AND (role_id = 10))
  Rows Removed by Filter: 32752751
Planning time: 0.432 ms
Execution time: 12034.915 ms
