Hash Join  (cost=474357.47..516694.69 rows=270674 width=0) (actual time=7786.286..9167.031 rows=995967 loops=1)
  Hash Cond: (mi_idx.movie_id = t.id)
  ->  Seq Scan on movie_info_idx mi_idx  (cost=0.00..21735.35 rows=1380035 width=4) (actual time=0.023..418.968 rows=1380035 loops=1)
  ->  Hash  (cost=466220.29..466220.29 rows=495934 width=8) (actual time=7785.478..7785.478 rows=541058 loops=1)
        Buckets: 131072  Batches: 8  Memory Usage: 3663kB
        ->  Hash Join  (cost=99161.12..466220.29 rows=495934 width=8) (actual time=4110.031..7614.522 rows=541058 loops=1)
              Hash Cond: (mi.movie_id = t.id)
              ->  Seq Scan on movie_info mi  (cost=0.00..346232.03 rows=651960 width=4) (actual time=2279.824..4957.391 rows=660923 loops=1)
                    Filter: (info_type_id = 18)
                    Rows Removed by Filter: 14174797
              ->  Hash  (cost=67604.59..67604.59 rows=1923403 width=4) (actual time=1772.812..1772.812 rows=1922849 loops=1)
                    Buckets: 131072  Batches: 32  Memory Usage: 3141kB
                    ->  Seq Scan on title t  (cost=0.00..67604.59 rows=1923403 width=4) (actual time=0.028..1165.435 rows=1922849 loops=1)
                          Filter: (production_year < 2010)
                          Rows Removed by Filter: 605463
Planning time: 1.255 ms
Execution time: 9298.071 ms
