Hash Join  (cost=149615.46..639566.11 rows=950673 width=0) (actual time=3080.204..15889.884 rows=2369147 loops=1)
  Hash Cond: (mi.movie_id = t.id)
  ->  Seq Scan on movie_info mi  (cost=0.00..309384.22 rows=14739122 width=4) (actual time=0.011..6002.375 rows=14835720 loops=1)
  ->  Hash  (cost=146938.83..146938.83 rows=163090 width=8) (actual time=3079.492..3079.492 rows=193054 loops=1)
        Buckets: 131072  Batches: 4  Memory Usage: 2911kB
        ->  Hash Join  (cost=74823.14..146938.83 rows=163090 width=8) (actual time=1482.880..3025.187 rows=193054 loops=1)
              Hash Cond: (mc.movie_id = t.id)
              ->  Seq Scan on movie_companies mc  (cost=0.00..57926.93 rows=937296 width=4) (actual time=0.025..1148.544 rows=622114 loops=1)
                    Filter: ((company_id < 33292) AND (company_type_id > 1))
                    Rows Removed by Filter: 1987015
              ->  Hash  (cost=67604.59..67604.59 rows=439964 width=4) (actual time=1482.019..1482.019 rows=437515 loops=1)
                    Buckets: 131072  Batches: 8  Memory Usage: 2944kB
                    ->  Seq Scan on title t  (cost=0.00..67604.59 rows=439964 width=4) (actual time=0.018..1339.894 rows=437515 loops=1)
                          Filter: (production_year < 1975)
                          Rows Removed by Filter: 2090797
Planning time: 1.240 ms
Execution time: 16181.964 ms
