Hash Join  (cost=263115.61..1353040.56 rows=12005275 width=0) (actual time=13498.007..34862.471 rows=22626456 loops=1)
  Hash Cond: (ci.movie_id = t.id)
  ->  Seq Scan on cast_info ci  (cost=0.00..796071.18 rows=11634404 width=4) (actual time=7397.551..15280.676 rows=10499311 loops=1)
        Filter: ((person_id > 292903) AND (role_id < 2))
        Rows Removed by Filter: 25745033
  ->  Hash  (cost=220309.49..220309.49 rows=2609129 width=8) (actual time=6098.476..6098.476 rows=2609129 loops=1)
        Buckets: 131072  Batches: 64  Memory Usage: 2610kB
        ->  Hash Join  (cost=102767.86..220309.49 rows=2609129 width=8) (actual time=1838.554..5296.131 rows=2609129 loops=1)
              Hash Cond: (mc.movie_id = t.id)
              ->  Seq Scan on movie_companies mc  (cost=0.00..44881.29 rows=2609129 width=4) (actual time=0.028..829.038 rows=2609129 loops=1)
              ->  Hash  (cost=61283.27..61283.27 rows=2528527 width=4) (actual time=1836.872..1836.872 rows=2528312 loops=1)
                    Buckets: 131072  Batches: 64  Memory Usage: 2415kB
                    ->  Seq Scan on title t  (cost=0.00..61283.27 rows=2528527 width=4) (actual time=0.016..939.455 rows=2528312 loops=1)
Planning time: 1.210 ms
Execution time: 37563.360 ms
