Hash Join  (cost=68438.72..127484.91 rows=50246 width=0) (actual time=1041.025..2401.219 rows=28648 loops=1)
  Hash Cond: (mc.movie_id = t.id)
  ->  Seq Scan on movie_companies mc  (cost=0.00..51404.11 rows=1903897 width=4) (actual time=0.017..884.128 rows=1896804 loops=1)
        Filter: (company_id < 43863)
        Rows Removed by Filter: 712325
  ->  Hash  (cost=67604.59..67604.59 rows=66731 width=4) (actual time=1040.356..1040.356 rows=67342 loops=1)
        Buckets: 131072  Batches: 1  Memory Usage: 3392kB
        ->  Seq Scan on title t  (cost=0.00..67604.59 rows=66731 width=4) (actual time=0.013..1012.200 rows=67342 loops=1)
              Filter: (production_year > 2012)
              Rows Removed by Filter: 2460970
Planning time: 0.832 ms
Execution time: 2406.027 ms
