Hash Join  (cost=204611.27..344947.19 rows=1504788 width=0) (actual time=4348.123..9708.254 rows=6978608 loops=1)
  Hash Cond: (mk.movie_id = t.id)
  ->  Seq Scan on movie_keyword mk  (cost=0.00..69693.30 rows=4523930 width=4) (actual time=0.013..1461.032 rows=4523930 loops=1)
  ->  Hash  (cost=190812.02..190812.02 rows=841060 width=8) (actual time=4346.698..4346.698 rows=1051399 loops=1)
        Buckets: 131072  Batches: 16  Memory Usage: 3609kB
        ->  Hash Join  (cost=102767.86..190812.02 rows=841060 width=8) (actual time=1774.661..4061.599 rows=1051399 loops=1)
              Hash Cond: (mc.movie_id = t.id)
              ->  Seq Scan on movie_companies mc  (cost=0.00..57926.93 rows=841060 width=4) (actual time=0.017..1079.102 rows=1051399 loops=1)
                    Filter: ((company_id > 3885) AND (company_type_id > 1))
                    Rows Removed by Filter: 1557730
              ->  Hash  (cost=61283.27..61283.27 rows=2528527 width=4) (actual time=1772.985..1772.985 rows=2528312 loops=1)
                    Buckets: 131072  Batches: 64  Memory Usage: 2415kB
                    ->  Seq Scan on title t  (cost=0.00..61283.27 rows=2528527 width=4) (actual time=0.017..928.837 rows=2528312 loops=1)
Planning time: 1.179 ms
Execution time: 10519.979 ms
