Seq Scan on movie_keyword mk  (cost=0.00..81003.12 rows=2538317 width=0) (actual time=0.022..1176.049 rows=2535029 loops=1)
  Filter: (keyword_id > 3515)
  Rows Removed by Filter: 1988901
Planning time: 0.298 ms
Execution time: 1449.300 ms
