Hash Join  (cost=98201.10..458076.38 rows=264209 width=0) (actual time=3979.184..7239.198 rows=98885 loops=1)
  Hash Cond: (mi.movie_id = t.id)
  ->  Seq Scan on movie_info mi  (cost=0.00..346232.03 rows=451508 width=4) (actual time=2085.877..4827.129 rows=474443 loops=1)
        Filter: (info_type_id = 6)
        Rows Removed by Filter: 14361277
  ->  Hash  (cost=73925.90..73925.90 rows=1479616 width=4) (actual time=1892.298..1892.298 rows=1600919 loops=1)
        Buckets: 131072  Batches: 32  Memory Usage: 2798kB
        ->  Seq Scan on title t  (cost=0.00..73925.90 rows=1479616 width=4) (actual time=0.034..1373.633 rows=1600919 loops=1)
              Filter: ((kind_id > 1) AND (production_year > 1975))
              Rows Removed by Filter: 927393
Planning time: 0.867 ms
Execution time: 7251.876 ms
