Hash Join  (cost=83915.32..167626.25 rows=628241 width=0) (actual time=1356.817..3881.748 rows=965046 loops=1)
  Hash Cond: (mc.movie_id = t.id)
  ->  Seq Scan on movie_companies mc  (cost=0.00..44881.29 rows=2609129 width=4) (actual time=0.026..936.442 rows=2609129 loops=1)
  ->  Hash  (cost=73925.90..73925.90 rows=608833 width=4) (actual time=1356.063..1356.063 rows=499571 loops=1)
        Buckets: 131072  Batches: 8  Memory Usage: 3233kB
        ->  Seq Scan on title t  (cost=0.00..73925.90 rows=608833 width=4) (actual time=0.024..1200.510 rows=499571 loops=1)
              Filter: ((production_year > 1947) AND (kind_id = 1))
              Rows Removed by Filter: 2028741
Planning time: 0.700 ms
Execution time: 3999.006 ms
