Hash Join  (cost=85506.37..170596.85 rows=728296 width=0) (actual time=1330.902..3815.199 rows=1288828 loops=1)
  Hash Cond: (mc.movie_id = t.id)
  ->  Seq Scan on movie_companies mc  (cost=0.00..44881.29 rows=2609129 width=4) (actual time=0.020..863.132 rows=2609129 loops=1)
  ->  Hash  (cost=73925.90..73925.90 rows=705797 width=4) (actual time=1329.785..1329.785 rows=640142 loops=1)
        Buckets: 131072  Batches: 16  Memory Usage: 2430kB
        ->  Seq Scan on title t  (cost=0.00..73925.90 rows=705797 width=4) (actual time=0.033..1115.634 rows=640142 loops=1)
              Filter: ((kind_id < 3) AND (production_year > 1926))
              Rows Removed by Filter: 1888170
Planning time: 0.773 ms
Execution time: 3959.351 ms
