Hash Join  (cost=156487.41..266825.01 rows=375000 width=0) (actual time=3294.273..6042.683 rows=1551183 loops=1)
  Hash Cond: (mk.movie_id = t.id)
  ->  Seq Scan on movie_keyword mk  (cost=0.00..81003.12 rows=2056927 width=4) (actual time=0.027..1386.775 rows=2063974 loops=1)
        Filter: (keyword_id < 3663)
        Rows Removed by Filter: 2459956
  ->  Hash  (cost=148924.19..148924.19 rows=460978 width=8) (actual time=3293.388..3293.388 rows=459925 loops=1)
        Buckets: 131072  Batches: 8  Memory Usage: 3284kB
        ->  Hash Join  (cost=102767.86..148924.19 rows=460978 width=8) (actual time=1836.341..3138.334 rows=459925 loops=1)
              Hash Cond: (mi_idx.movie_id = t.id)
              ->  Seq Scan on movie_info_idx mi_idx  (cost=0.00..25185.44 rows=460978 width=4) (actual time=0.019..465.667 rows=459925 loops=1)
                    Filter: (info_type_id = 99)
                    Rows Removed by Filter: 920110
              ->  Hash  (cost=61283.27..61283.27 rows=2528527 width=4) (actual time=1834.886..1834.886 rows=2528312 loops=1)
                    Buckets: 131072  Batches: 64  Memory Usage: 2415kB
                    ->  Seq Scan on title t  (cost=0.00..61283.27 rows=2528527 width=4) (actual time=0.019..1021.513 rows=2528312 loops=1)
Planning time: 1.335 ms
Execution time: 6229.350 ms
