Hash Join  (cost=443869.57..569491.09 rows=297048 width=0) (actual time=6945.041..10220.858 rows=1294054 loops=1)
  Hash Cond: (mk.movie_id = t.id)
  ->  Seq Scan on movie_keyword mk  (cost=0.00..69693.30 rows=4523930 width=4) (actual time=0.023..1242.092 rows=4523930 loops=1)
  ->  Hash  (cost=441145.23..441145.23 rows=166027 width=8) (actual time=6944.222..6944.222 rows=127818 loops=1)
        Buckets: 131072  Batches: 4  Memory Usage: 2276kB
        ->  Hash Join  (cost=71408.55..441145.23 rows=166027 width=8) (actual time=3469.697..6897.292 rows=127818 loops=1)
              Hash Cond: (mi.movie_id = t.id)
              ->  Seq Scan on movie_info mi  (cost=0.00..346232.03 rows=1810770 width=4) (actual time=2242.270..4975.431 rows=1865632 loops=1)
                    Filter: (info_type_id > 17)
                    Rows Removed by Filter: 12970088
              ->  Hash  (cost=67604.59..67604.59 rows=231837 width=4) (actual time=1057.255..1057.255 rows=231649 loops=1)
                    Buckets: 131072  Batches: 4  Memory Usage: 3082kB
                    ->  Seq Scan on title t  (cost=0.00..67604.59 rows=231837 width=4) (actual time=0.020..974.441 rows=231649 loops=1)
                          Filter: (production_year > 2011)
                          Rows Removed by Filter: 2296663
Planning time: 1.123 ms
Execution time: 10387.338 ms
