Hash Join  (cost=102767.86..237963.31 rows=1841620 width=0) (actual time=1891.638..5086.784 rows=1850473 loops=1)
  Hash Cond: (mk.movie_id = t.id)
  ->  Seq Scan on movie_keyword mk  (cost=0.00..81003.12 rows=1841620 width=4) (actual time=0.021..1417.684 rows=1850473 loops=1)
        Filter: (keyword_id < 3081)
        Rows Removed by Filter: 2673457
  ->  Hash  (cost=61283.27..61283.27 rows=2528527 width=4) (actual time=1890.039..1890.039 rows=2528312 loops=1)
        Buckets: 131072  Batches: 64  Memory Usage: 2425kB
        ->  Seq Scan on title t  (cost=0.00..61283.27 rows=2528527 width=4) (actual time=0.021..1038.493 rows=2528312 loops=1)
Planning time: 0.670 ms
Execution time: 5307.062 ms
