Hash Join  (cost=85112.82..221977.92 rows=1219906 width=0) (actual time=1273.653..5250.320 rows=524667 loops=1)
  Hash Cond: (mk.movie_id = t.id)
  ->  Seq Scan on movie_keyword mk  (cost=0.00..69693.30 rows=4523930 width=4) (actual time=0.022..1223.604 rows=4523930 loops=1)
  ->  Hash  (cost=73925.90..73925.90 rows=681833 width=4) (actual time=1272.271..1272.271 rows=567712 loops=1)
        Buckets: 131072  Batches: 16  Memory Usage: 2278kB
        ->  Seq Scan on title t  (cost=0.00..73925.90 rows=681833 width=4) (actual time=0.031..1097.973 rows=567712 loops=1)
              Filter: ((kind_id > 2) AND (production_year < 1999))
              Rows Removed by Filter: 1960600
Planning time: 0.672 ms
Execution time: 5317.702 ms
