Hash Join  (cost=215833.08..324477.58 rows=689257 width=0) (actual time=4513.874..8695.451 rows=8079834 loops=1)
  Hash Cond: (mk.movie_id = t.id)
  ->  Seq Scan on movie_keyword mk  (cost=0.00..81003.12 rows=1362080 width=4) (actual time=0.018..1407.123 rows=1376157 loops=1)
        Filter: (keyword_id > 12109)
        Rows Removed by Filter: 3147773
  ->  Hash  (cost=194840.12..194840.12 rows=1279517 width=8) (actual time=4512.720..4512.720 rows=1274246 loops=1)
        Buckets: 131072  Batches: 32  Memory Usage: 2633kB
        ->  Hash Join  (cost=102767.86..194840.12 rows=1279517 width=8) (actual time=1728.774..4119.628 rows=1274246 loops=1)
              Hash Cond: (mc.movie_id = t.id)
              ->  Seq Scan on movie_companies mc  (cost=0.00..51404.11 rows=1279517 width=4) (actual time=0.029..886.467 rows=1274246 loops=1)
                    Filter: (company_type_id < 2)
                    Rows Removed by Filter: 1334883
              ->  Hash  (cost=61283.27..61283.27 rows=2528527 width=4) (actual time=1726.462..1726.462 rows=2528312 loops=1)
                    Buckets: 131072  Batches: 64  Memory Usage: 2415kB
                    ->  Seq Scan on title t  (cost=0.00..61283.27 rows=2528527 width=4) (actual time=0.011..855.156 rows=2528312 loops=1)
Planning time: 1.136 ms
Execution time: 9671.340 ms
