Hash Join  (cost=206112.43..1324890.75 rows=3863917 width=0) (actual time=3658.395..29355.078 rows=223397 loops=1)
  Hash Cond: (ci.movie_id = t.id)
  ->  Seq Scan on cast_info ci  (cost=0.00..614943.12 rows=36225612 width=4) (actual time=0.013..11661.203 rows=36244344 loops=1)
  ->  Hash  (cost=201687.20..201687.20 rows=269699 width=8) (actual time=3655.683..3655.683 rows=19960 loops=1)
        Buckets: 131072  Batches: 4  Memory Usage: 1224kB
        ->  Hash Join  (cost=76399.17..201687.20 rows=269699 width=8) (actual time=1131.856..3648.469 rows=19960 loops=1)
              Hash Cond: (mk.movie_id = t.id)
              ->  Seq Scan on movie_keyword mk  (cost=0.00..69693.30 rows=4523930 width=4) (actual time=0.011..1211.275 rows=4523930 loops=1)
              ->  Hash  (cost=73925.90..73925.90 rows=150741 width=4) (actual time=1125.584..1125.584 rows=25797 loops=1)
                    Buckets: 131072  Batches: 2  Memory Usage: 1485kB
                    ->  Seq Scan on title t  (cost=0.00..73925.90 rows=150741 width=4) (actual time=0.290..1113.780 rows=25797 loops=1)
                          Filter: ((kind_id > 1) AND (production_year < 1956))
                          Rows Removed by Filter: 2502515
Planning time: 1.449 ms
Execution time: 29382.800 ms
