Seq Scan on movie_companies mc  (cost=0.00..57926.93 rows=316385 width=0) (actual time=249.236..782.953 rows=613882 loops=1)
  Filter: ((company_id > 61092) AND (company_type_id = 2))
  Rows Removed by Filter: 1995247
Planning time: 0.352 ms
Execution time: 853.758 ms
