Hash Join  (cost=150883.13..275674.25 rows=228908 width=0) (actual time=3130.093..7005.017 rows=2732300 loops=1)
  Hash Cond: (mk.movie_id = t.id)
  ->  Seq Scan on movie_keyword mk  (cost=0.00..69693.30 rows=4523930 width=4) (actual time=0.019..1524.537 rows=4523930 loops=1)
  ->  Hash  (cost=148783.85..148783.85 rows=127942 width=8) (actual time=3128.984..3128.984 rows=281800 loops=1)
        Buckets: 131072 (originally 131072)  Batches: 4 (originally 2)  Memory Usage: 3785kB
        ->  Hash Join  (cost=88414.58..148783.85 rows=127942 width=8) (actual time=1790.044..3037.433 rows=281800 loops=1)
              Hash Cond: (mc.movie_id = t.id)
              ->  Seq Scan on movie_companies mc  (cost=0.00..51404.11 rows=366331 width=4) (actual time=0.016..865.128 rows=369436 loops=1)
                    Filter: (company_id > 85623)
                    Rows Removed by Filter: 2239693
              ->  Hash  (cost=73925.90..73925.90 rows=883094 width=4) (actual time=1789.210..1789.210 rows=797389 loops=1)
                    Buckets: 131072  Batches: 16  Memory Usage: 2777kB
                    ->  Seq Scan on title t  (cost=0.00..73925.90 rows=883094 width=4) (actual time=0.024..1256.842 rows=797389 loops=1)
                          Filter: ((kind_id < 7) AND (production_year > 1955))
                          Rows Removed by Filter: 1730923
Planning time: 1.166 ms
Execution time: 7320.179 ms
