Hash Join  (cost=719511.94..2071072.29 rows=34987131 width=0) (actual time=21850.560..82526.656 rows=161486015 loops=1)
  Hash Cond: (ci.movie_id = t.id)
  ->  Seq Scan on cast_info ci  (cost=0.00..705507.15 rows=15365086 width=4) (actual time=0.066..13081.236 rows=15252788 loops=1)
        Filter: (person_id < 1502109)
        Rows Removed by Filter: 20991556
  ->  Hash  (cost=625051.03..625051.03 rows=5757593 width=8) (actual time=21848.828..21848.828 rows=10872384 loops=1)
        Buckets: 131072 (originally 131072)  Batches: 256 (originally 128)  Memory Usage: 3073kB
        ->  Hash Join  (cost=83810.17..625051.03 rows=5757593 width=8) (actual time=1707.435..18465.477 rows=10872384 loops=1)
              Hash Cond: (mi.movie_id = t.id)
              ->  Seq Scan on movie_info mi  (cost=0.00..309384.22 rows=14739122 width=4) (actual time=0.023..4729.941 rows=14835720 loops=1)
              ->  Hash  (cost=67604.59..67604.59 rows=987727 width=4) (actual time=1706.467..1706.467 rows=985048 loops=1)
                    Buckets: 131072  Batches: 16  Memory Usage: 3197kB
                    ->  Seq Scan on title t  (cost=0.00..67604.59 rows=987727 width=4) (actual time=0.027..892.127 rows=985048 loops=1)
                          Filter: (kind_id < 7)
                          Rows Removed by Filter: 1543264
Planning time: 1.159 ms
Execution time: 99771.733 ms
