Seq Scan on movie_keyword mk  (cost=0.00..81003.12 rows=1583177 width=0) (actual time=0.026..1293.560 rows=1588991 loops=1)
  Filter: (keyword_id < 2439)
  Rows Removed by Filter: 2934939
Planning time: 0.313 ms
Execution time: 1498.268 ms
