Hash Join  (cost=58358.90..423017.80 rows=297 width=0) (actual time=785.457..7332.260 rows=5021 loops=1)
  Hash Cond: (mi.movie_id = t.id)
  ->  Seq Scan on movie_info mi  (cost=0.00..309384.22 rows=14739122 width=4) (actual time=0.023..3872.175 rows=14835720 loops=1)
  ->  Hash  (cost=58358.27..58358.27 rows=51 width=8) (actual time=706.867..706.867 rows=199 loops=1)
        Buckets: 1024  Batches: 1  Memory Usage: 16kB
        ->  Nested Loop  (cost=0.43..58358.27 rows=51 width=8) (actual time=227.840..706.714 rows=199 loops=1)
              ->  Seq Scan on movie_companies mc  (cost=0.00..57926.93 rows=51 width=4) (actual time=227.723..700.673 rows=199 loops=1)
                    Filter: ((company_id = 15657) AND (company_type_id = 1))
                    Rows Removed by Filter: 2608930
              ->  Index Only Scan using title_pkey on title t  (cost=0.43..8.45 rows=1 width=4) (actual time=0.029..0.029 rows=1 loops=199)
                    Index Cond: (id = mc.movie_id)
                    Heap Fetches: 199
Planning time: 5.864 ms
Execution time: 7333.500 ms
