Hash Join  (cost=102767.86..171186.08 rows=25433 width=0) (actual time=2063.038..2879.449 rows=48801 loops=1)
  Hash Cond: (mc.movie_id = t.id)
  ->  Seq Scan on movie_companies mc  (cost=0.00..57926.93 rows=25433 width=4) (actual time=321.018..715.402 rows=48801 loops=1)
        Filter: ((company_id > 192384) AND (company_type_id = 2))
        Rows Removed by Filter: 2560328
  ->  Hash  (cost=61283.27..61283.27 rows=2528527 width=4) (actual time=1739.889..1739.889 rows=2528312 loops=1)
        Buckets: 131072  Batches: 64  Memory Usage: 2415kB
        ->  Seq Scan on title t  (cost=0.00..61283.27 rows=2528527 width=4) (actual time=0.027..904.457 rows=2528312 loops=1)
Planning time: 0.703 ms
Execution time: 2885.515 ms
