Hash Join  (cost=104131.46..288376.12 rows=3850904 width=0) (actual time=1838.833..7187.405 rows=4189800 loops=1)
  Hash Cond: (mk.movie_id = t.id)
  ->  Seq Scan on movie_keyword mk  (cost=0.00..81003.12 rows=4373499 width=4) (actual time=0.019..1632.560 rows=4360169 loops=1)
        Filter: (keyword_id > 117)
        Rows Removed by Filter: 163761
  ->  Hash  (cost=67604.59..67604.59 rows=2226390 width=4) (actual time=1837.872..1837.872 rows=2224569 loops=1)
        Buckets: 131072  Batches: 32  Memory Usage: 3472kB
        ->  Seq Scan on title t  (cost=0.00..67604.59 rows=2226390 width=4) (actual time=0.020..1145.539 rows=2224569 loops=1)
              Filter: (production_year < 2012)
              Rows Removed by Filter: 303743
Planning time: 0.707 ms
Execution time: 7571.754 ms
