Hash Join  (cost=102767.86..202745.34 rows=1608084 width=0) (actual time=1796.847..4328.348 rows=1599340 loops=1)
  Hash Cond: (mc.movie_id = t.id)
  ->  Seq Scan on movie_companies mc  (cost=0.00..51404.11 rows=1608084 width=4) (actual time=0.027..914.028 rows=1599340 loops=1)
        Filter: (company_id < 16369)
        Rows Removed by Filter: 1009789
  ->  Hash  (cost=61283.27..61283.27 rows=2528527 width=4) (actual time=1795.206..1795.206 rows=2528312 loops=1)
        Buckets: 131072  Batches: 64  Memory Usage: 2415kB
        ->  Seq Scan on title t  (cost=0.00..61283.27 rows=2528527 width=4) (actual time=0.023..939.743 rows=2528312 loops=1)
Planning time: 0.787 ms
Execution time: 4515.168 ms
