Hash Join  (cost=102767.86..185677.62 rows=898809 width=0) (actual time=1772.709..3736.674 rows=907347 loops=1)
  Hash Cond: (mc.movie_id = t.id)
  ->  Seq Scan on movie_companies mc  (cost=0.00..51404.11 rows=898809 width=4) (actual time=0.022..791.902 rows=907347 loops=1)
        Filter: (company_id > 20981)
        Rows Removed by Filter: 1701782
  ->  Hash  (cost=61283.27..61283.27 rows=2528527 width=4) (actual time=1771.057..1771.057 rows=2528312 loops=1)
        Buckets: 131072  Batches: 64  Memory Usage: 2415kB
        ->  Seq Scan on title t  (cost=0.00..61283.27 rows=2528527 width=4) (actual time=0.010..837.203 rows=2528312 loops=1)
Planning time: 0.718 ms
Execution time: 3848.850 ms
