Hash Join  (cost=28267.83..114926.13 rows=27 width=0) (actual time=421.215..1941.028 rows=1481 loops=1)
  Hash Cond: (mk.movie_id = t.id)
  ->  Seq Scan on movie_keyword mk  (cost=0.00..69693.30 rows=4523930 width=4) (actual time=0.016..774.319 rows=4523930 loops=1)
  ->  Hash  (cost=28267.64..28267.64 rows=15 width=8) (actual time=417.539..417.539 rows=12 loops=1)
        Buckets: 1024  Batches: 1  Memory Usage: 9kB
        ->  Nested Loop  (cost=0.43..28267.64 rows=15 width=8) (actual time=269.560..417.524 rows=12 loops=1)
              ->  Seq Scan on movie_info_idx mi_idx  (cost=0.00..25185.44 rows=368 width=4) (actual time=260.120..403.932 rows=260 loops=1)
                    Filter: (info_type_id > 101)
                    Rows Removed by Filter: 1379775
              ->  Index Scan using title_pkey on title t  (cost=0.43..8.37 rows=1 width=4) (actual time=0.052..0.052 rows=0 loops=260)
                    Index Cond: (id = mi_idx.movie_id)
                    Filter: ((production_year > 2010) AND (kind_id = 1))
                    Rows Removed by Filter: 1
Planning time: 1.097 ms
Execution time: 1941.365 ms
