Seq Scan on title t  (cost=0.00..73925.90 rows=2700 width=0) (actual time=607.520..969.602 rows=1454 loops=1)
  Filter: ((production_year > 2012) AND (kind_id = 3))
  Rows Removed by Filter: 2526858
Planning time: 0.322 ms
Execution time: 970.151 ms
