Seq Scan on cast_info ci  (cost=0.00..796071.18 rows=60 width=0) (actual time=7256.980..9233.077 rows=39 loops=1)
  Filter: ((person_id = 3784503) AND (role_id = 10))
  Rows Removed by Filter: 36244305
Planning time: 2.857 ms
Execution time: 9233.234 ms
