Hash Join  (cost=193093.56..233048.59 rows=201396 width=0) (actual time=4237.918..5663.388 rows=973416 loops=1)
  Hash Cond: (mi_idx.movie_id = t.id)
  ->  Seq Scan on movie_info_idx mi_idx  (cost=0.00..25185.44 rows=915101 width=4) (actual time=0.017..561.079 rows=919850 loops=1)
        Filter: (info_type_id < 101)
        Rows Removed by Filter: 460185
  ->  Hash  (cost=183963.58..183963.58 rows=556479 width=8) (actual time=4236.977..4236.977 rows=764480 loops=1)
        Buckets: 131072 (originally 131072)  Batches: 16 (originally 8)  Memory Usage: 3073kB
        ->  Hash Join  (cost=102767.86..183963.58 rows=556479 width=8) (actual time=1930.188..4033.897 rows=764480 loops=1)
              Hash Cond: (mc.movie_id = t.id)
              ->  Seq Scan on movie_companies mc  (cost=0.00..57926.93 rows=556479 width=4) (actual time=0.010..1129.490 rows=764480 loops=1)
                    Filter: ((company_id < 8257) AND (company_type_id < 2))
                    Rows Removed by Filter: 1844649
              ->  Hash  (cost=61283.27..61283.27 rows=2528527 width=4) (actual time=1929.184..1929.184 rows=2528312 loops=1)
                    Buckets: 131072  Batches: 64  Memory Usage: 2415kB
                    ->  Seq Scan on title t  (cost=0.00..61283.27 rows=2528527 width=4) (actual time=0.009..1072.162 rows=2528312 loops=1)
Planning time: 0.815 ms
Execution time: 5784.008 ms
