Hash Join  (cost=74452.28..836004.60 rows=238316 width=0) (actual time=883.814..14880.441 rows=243592 loops=1)
  Hash Cond: (ci.movie_id = t.id)
  ->  Seq Scan on cast_info ci  (cost=0.00..705507.15 rows=14309868 width=4) (actual time=0.074..10227.207 rows=14462351 loops=1)
        Filter: (person_id > 2214471)
        Rows Removed by Filter: 21781993
  ->  Hash  (cost=73925.90..73925.90 rows=42110 width=4) (actual time=883.240..883.240 rows=33905 loops=1)
        Buckets: 65536  Batches: 1  Memory Usage: 1704kB
        ->  Seq Scan on title t  (cost=0.00..73925.90 rows=42110 width=4) (actual time=0.061..869.982 rows=33905 loops=1)
              Filter: ((kind_id < 7) AND (production_year = 2006))
              Rows Removed by Filter: 2494407
Planning time: 0.723 ms
Execution time: 14917.992 ms
