Hash Join  (cost=258859.84..857311.47 rows=9392681 width=0) (actual time=6031.717..36942.365 rows=87568307 loops=1)
  Hash Cond: (mi.movie_id = t.id)
  ->  Seq Scan on movie_info mi  (cost=0.00..309384.22 rows=14739122 width=4) (actual time=0.010..4901.804 rows=14835720 loops=1)
  ->  Hash  (cost=232423.16..232423.16 rows=1611334 width=8) (actual time=6029.535..6029.535 rows=1622416 loops=1)
        Buckets: 131072  Batches: 32  Memory Usage: 3075kB
        ->  Hash Join  (cost=102767.86..232423.16 rows=1611334 width=8) (actual time=1997.369..5499.286 rows=1622416 loops=1)
              Hash Cond: (mk.movie_id = t.id)
              ->  Seq Scan on movie_keyword mk  (cost=0.00..81003.12 rows=1611334 width=4) (actual time=0.027..1402.582 rows=1622416 loops=1)
                    Filter: (keyword_id > 9249)
                    Rows Removed by Filter: 2901514
              ->  Hash  (cost=61283.27..61283.27 rows=2528527 width=4) (actual time=1993.811..1993.811 rows=2528312 loops=1)
                    Buckets: 131072  Batches: 64  Memory Usage: 2425kB
                    ->  Seq Scan on title t  (cost=0.00..61283.27 rows=2528527 width=4) (actual time=0.022..1129.345 rows=2528312 loops=1)
Planning time: 1.036 ms
Execution time: 45929.059 ms
