Hash Join  (cost=149716.86..274739.73 rows=247884 width=0) (actual time=4494.573..5289.783 rows=98246 loops=1)
  Hash Cond: (mk.movie_id = t.id)
  ->  Seq Scan on movie_keyword mk  (cost=0.00..69693.30 rows=4523930 width=4) (actual time=0.019..1141.028 rows=4523930 loops=1)
  ->  Hash  (cost=147443.01..147443.01 rows=138548 width=8) (actual time=2781.151..2781.151 rows=93755 loops=1)
        Buckets: 131072  Batches: 2  Memory Usage: 2853kB
        ->  Hash Join  (cost=78249.37..147443.01 rows=138548 width=8) (actual time=1306.350..2747.659 rows=93755 loops=1)
              Hash Cond: (mc.movie_id = t.id)
              ->  Seq Scan on movie_companies mc  (cost=0.00..51404.11 rows=1329612 width=4) (actual time=332.335..885.969 rows=1334883 loops=1)
                    Filter: (company_type_id = 2)
                    Rows Removed by Filter: 1274246
              ->  Hash  (cost=73925.90..73925.90 rows=263477 width=4) (actual time=972.829..972.829 rows=153864 loops=1)
                    Buckets: 131072  Batches: 4  Memory Usage: 2376kB
                    ->  Seq Scan on title t  (cost=0.00..73925.90 rows=263477 width=4) (actual time=47.133..920.750 rows=153864 loops=1)
                          Filter: ((production_year < 1974) AND (kind_id = 7))
                          Rows Removed by Filter: 2374448
Planning time: 2.542 ms
Execution time: 5303.006 ms
