Hash Join  (cost=162936.25..514331.47 rows=14452 width=0) (actual time=5798.374..6783.587 rows=196951 loops=1)
  Hash Cond: (mi.movie_id = t.id)
  ->  Seq Scan on movie_info mi  (cost=0.00..346232.03 rows=1338312 width=4) (actual time=3180.931..4046.767 rows=1401902 loops=1)
        Filter: (info_type_id = 7)
        Rows Removed by Filter: 13433818
  ->  Hash  (cost=162594.95..162594.95 rows=27304 width=8) (actual time=2441.256..2441.256 rows=41274 loops=1)
        Buckets: 65536 (originally 32768)  Batches: 1 (originally 1)  Memory Usage: 2125kB
        ->  Hash Join  (cost=74393.18..162594.95 rows=27304 width=8) (actual time=855.854..2425.993 rows=41274 loops=1)
              Hash Cond: (mk.movie_id = t.id)
              ->  Seq Scan on movie_keyword mk  (cost=0.00..81003.12 rows=1846829 width=4) (actual time=0.035..1252.521 rows=1849477 loops=1)
                    Filter: (keyword_id > 7477)
                    Rows Removed by Filter: 2674453
              ->  Hash  (cost=73925.90..73925.90 rows=37382 width=4) (actual time=855.094..855.094 rows=33190 loops=1)
                    Buckets: 65536  Batches: 1  Memory Usage: 1679kB
                    ->  Seq Scan on title t  (cost=0.00..73925.90 rows=37382 width=4) (actual time=240.863..842.489 rows=33190 loops=1)
                          Filter: ((kind_id = 1) AND (production_year = 2010))
                          Rows Removed by Filter: 2495122
Planning time: 1.184 ms
Execution time: 6810.269 ms
