Hash Join  (cost=67697.55..157934.59 rows=7186 width=0) (actual time=827.045..2580.197 rows=26646 loops=1)
  Hash Cond: (mk.movie_id = t.id)
  ->  Seq Scan on movie_keyword mk  (cost=0.00..81003.12 rows=2443214 width=4) (actual time=0.025..1366.350 rows=2432077 loops=1)
        Filter: (keyword_id > 3741)
        Rows Removed by Filter: 2091853
  ->  Hash  (cost=67604.59..67604.59 rows=7437 width=4) (actual time=824.619..824.619 rows=20122 loops=1)
        Buckets: 32768 (originally 8192)  Batches: 1 (originally 1)  Memory Usage: 964kB
        ->  Seq Scan on title t  (cost=0.00..67604.59 rows=7437 width=4) (actual time=0.022..815.395 rows=20122 loops=1)
              Filter: (production_year = 1987)
              Rows Removed by Filter: 2508190
Planning time: 0.671 ms
Execution time: 2583.901 ms
