Hash Join  (cost=435894.31..2459103.55 rows=48847205 width=148) (actual time=13522.687..114553.653 rows=167403690 loops=1)
  Hash Cond: (ci.movie_id = t.id)
  ->  Seq Scan on cast_info ci  (cost=0.00..614943.12 rows=36225612 width=42) (actual time=0.019..10626.860 rows=36244344 loops=1)
  ->  Hash  (cost=336671.47..336671.47 rows=3409507 width=106) (actual time=13520.606..13520.606 rows=3401285 loops=1)
        Buckets: 32768  Batches: 128  Memory Usage: 3624kB
        ->  Hash Join  (cost=129928.86..336671.47 rows=3409507 width=106) (actual time=3403.416..10303.820 rows=3401285 loops=1)
              Hash Cond: (mk.movie_id = t.id)
              ->  Seq Scan on movie_keyword mk  (cost=0.00..81003.12 rows=3409507 width=12) (actual time=0.020..2136.867 rows=3401285 loops=1)
                    Filter: (keyword_id > 1198)
                    Rows Removed by Filter: 1122645
              ->  Hash  (cost=61283.27..61283.27 rows=2528527 width=94) (actual time=3402.528..3402.528 rows=2528312 loops=1)
                    Buckets: 32768  Batches: 128  Memory Usage: 2470kB
                    ->  Seq Scan on title t  (cost=0.00..61283.27 rows=2528527 width=94) (actual time=0.011..1238.607 rows=2528312 loops=1)
Planning time: 1.515 ms
Execution time: 122347.247 ms
