Nested Loop  (cost=0.43..28267.64 rows=97 width=0) (actual time=202.913..330.926 rows=115 loops=1)
  ->  Seq Scan on movie_info_idx mi_idx  (cost=0.00..25185.44 rows=368 width=4) (actual time=202.856..325.978 rows=260 loops=1)
        Filter: (info_type_id > 101)
        Rows Removed by Filter: 1379775
  ->  Index Scan using title_pkey on title t  (cost=0.43..8.37 rows=1 width=4) (actual time=0.018..0.018 rows=0 loops=260)
        Index Cond: (id = mi_idx.movie_id)
        Filter: ((kind_id < 7) AND (production_year > 1992))
        Rows Removed by Filter: 1
Planning time: 0.753 ms
Execution time: 331.064 ms
