Hash Join  (cost=117720.05..603489.25 rows=558827 width=0) (actual time=2083.614..10569.485 rows=253068 loops=1)
  Hash Cond: (mi.movie_id = t.id)
  ->  Seq Scan on movie_info mi  (cost=0.00..309384.22 rows=14739122 width=4) (actual time=0.024..4200.838 rows=14835720 loops=1)
  ->  Hash  (cost=116146.70..116146.70 rows=95868 width=8) (actual time=1733.746..1733.746 rows=22776 loops=1)
        Buckets: 131072  Batches: 2  Memory Usage: 1479kB
        ->  Hash Join  (cost=76808.54..116146.70 rows=95868 width=8) (actual time=870.255..1724.733 rows=22776 loops=1)
              Hash Cond: (mi_idx.movie_id = t.id)
              ->  Seq Scan on movie_info_idx mi_idx  (cost=0.00..21735.35 rows=1380035 width=4) (actual time=0.024..350.521 rows=1380035 loops=1)
              ->  Hash  (cost=73925.90..73925.90 rows=175651 width=4) (actual time=869.299..869.299 rows=72638 loops=1)
                    Buckets: 131072  Batches: 4  Memory Usage: 1661kB
                    ->  Seq Scan on title t  (cost=0.00..73925.90 rows=175651 width=4) (actual time=107.390..843.186 rows=72638 loops=1)
                          Filter: ((production_year < 1964) AND (kind_id = 7))
                          Rows Removed by Filter: 2455674
Planning time: 1.198 ms
Execution time: 10599.904 ms
