Hash Join  (cost=146799.48..229714.68 rows=570569 width=0) (actual time=2859.230..5547.412 rows=893802 loops=1)
  Hash Cond: (mc.movie_id = t.id)
  ->  Seq Scan on movie_companies mc  (cost=0.00..44881.29 rows=2609129 width=4) (actual time=0.028..684.805 rows=2609129 loops=1)
  ->  Hash  (cost=137727.71..137727.71 rows=552942 width=8) (actual time=2858.476..2858.476 rows=421236 loops=1)
        Buckets: 131072  Batches: 8  Memory Usage: 3094kB
        ->  Hash Join  (cost=90547.80..137727.71 rows=552942 width=8) (actual time=1439.601..2737.524 rows=421236 loops=1)
              Hash Cond: (mi_idx.movie_id = t.id)
              ->  Seq Scan on movie_info_idx mi_idx  (cost=0.00..21735.35 rows=1380035 width=4) (actual time=0.029..403.088 rows=1380035 loops=1)
              ->  Hash  (cost=73925.90..73925.90 rows=1013112 width=4) (actual time=1438.499..1438.499 rows=946533 loops=1)
                    Buckets: 131072  Batches: 16  Memory Usage: 3108kB
                    ->  Seq Scan on title t  (cost=0.00..73925.90 rows=1013112 width=4) (actual time=0.018..1136.864 rows=946533 loops=1)
                          Filter: ((kind_id > 2) AND (production_year < 2006))
                          Rows Removed by Filter: 1581779
Planning time: 7.112 ms
Execution time: 5644.370 ms
