Hash Join  (cost=106491.61..461293.54 rows=34008 width=0) (actual time=1752.577..6629.718 rows=134114 loops=1)
  Hash Cond: (mi.movie_id = t.id)
  ->  Seq Scan on movie_info mi  (cost=0.00..346232.03 rows=2194617 width=4) (actual time=0.018..4392.636 rows=2233850 loops=1)
        Filter: (info_type_id > 16)
        Rows Removed by Filter: 12601870
  ->  Hash  (cost=106001.82..106001.82 rows=39183 width=8) (actual time=1749.752..1749.752 rows=41051 loops=1)
        Buckets: 65536  Batches: 1  Memory Usage: 2116kB
        ->  Hash Join  (cost=69374.09..106001.82 rows=39183 width=8) (actual time=926.064..1734.793 rows=41051 loops=1)
              Hash Cond: (mi_idx.movie_id = t.id)
              ->  Seq Scan on movie_info_idx mi_idx  (cost=0.00..25185.44 rows=919057 width=4) (actual time=0.021..465.255 rows=920110 loops=1)
                    Filter: (info_type_id > 99)
                    Rows Removed by Filter: 459925
              ->  Hash  (cost=67604.59..67604.59 rows=107800 width=4) (actual time=925.304..925.304 rows=108429 loops=1)
                    Buckets: 131072  Batches: 2  Memory Usage: 2931kB
                    ->  Seq Scan on title t  (cost=0.00..67604.59 rows=107800 width=4) (actual time=0.022..884.995 rows=108429 loops=1)
                          Filter: (production_year = 2006)
                          Rows Removed by Filter: 2419883
Planning time: 1.225 ms
Execution time: 6648.033 ms
