Hash Join  (cost=84197.31..149986.42 rows=100496 width=0) (actual time=1290.417..2385.944 rows=115371 loops=1)
  Hash Cond: (mc.movie_id = t.id)
  ->  Seq Scan on movie_companies mc  (cost=0.00..57926.93 rows=251257 width=4) (actual time=0.029..686.095 rows=375853 loops=1)
        Filter: ((company_id < 474) AND (company_type_id < 2))
        Rows Removed by Filter: 2233276
  ->  Hash  (cost=67604.59..67604.59 rows=1011338 width=4) (actual time=1289.354..1289.354 rows=1012920 loops=1)
        Buckets: 131072  Batches: 16  Memory Usage: 3250kB
        ->  Seq Scan on title t  (cost=0.00..67604.59 rows=1011338 width=4) (actual time=0.015..994.449 rows=1012920 loops=1)
              Filter: (production_year > 2005)
              Rows Removed by Filter: 1515392
Planning time: 0.694 ms
Execution time: 2401.235 ms
