Seq Scan on movie_companies mc  (cost=0.00..51404.11 rows=865431 width=0) (actual time=0.025..739.258 rows=872369 loops=1)
  Filter: (company_id > 23469)
  Rows Removed by Filter: 1736760
Planning time: 0.314 ms
Execution time: 854.091 ms
