Hash Join  (cost=185183.66..685380.18 rows=1910956 width=0) (actual time=3086.569..28039.215 rows=59215776 loops=1)
  Hash Cond: (mi.movie_id = t.id)
  ->  Seq Scan on movie_info mi  (cost=0.00..309384.22 rows=14739122 width=4) (actual time=0.028..4289.676 rows=14835720 loops=1)
  ->  Hash  (cost=179804.80..179804.80 rows=327829 width=8) (actual time=3085.774..3085.774 rows=773721 loops=1)
        Buckets: 131072 (originally 131072)  Batches: 16 (originally 8)  Memory Usage: 3073kB
        ->  Hash Join  (cost=78556.72..179804.80 rows=327829 width=8) (actual time=1050.672..2865.928 rows=773721 loops=1)
              Hash Cond: (mk.movie_id = t.id)
              ->  Seq Scan on movie_keyword mk  (cost=0.00..81003.12 rows=1241775 width=4) (actual time=0.027..991.338 rows=1254454 loops=1)
                    Filter: (keyword_id > 14349)
                    Rows Removed by Filter: 3269476
              ->  Hash  (cost=67604.59..67604.59 rows=667531 width=4) (actual time=1049.271..1049.271 rows=662825 loops=1)
                    Buckets: 131072  Batches: 16  Memory Usage: 2486kB
                    ->  Seq Scan on title t  (cost=0.00..67604.59 rows=667531 width=4) (actual time=0.017..857.721 rows=662825 loops=1)
                          Filter: (kind_id = 1)
                          Rows Removed by Filter: 1865487
Planning time: 1.065 ms
Execution time: 34676.161 ms
