Seq Scan on cast_info ci  (cost=0.00..796071.18 rows=80 width=0) (actual time=8577.216..10953.760 rows=16 loops=1)
  Filter: ((role_id > 8) AND (person_id = 2836657))
  Rows Removed by Filter: 36244328
Planning time: 0.357 ms
Execution time: 10953.844 ms
