Hash Join  (cost=73987.23..160733.05 rows=8778 width=0) (actual time=1130.172..2574.063 rows=2227 loops=1)
  Hash Cond: (mk.movie_id = t.id)
  ->  Seq Scan on movie_keyword mk  (cost=0.00..69693.30 rows=4523930 width=4) (actual time=0.023..775.022 rows=4523930 loops=1)
  ->  Hash  (cost=73925.90..73925.90 rows=4906 width=4) (actual time=990.586..990.586 rows=3662 loops=1)
        Buckets: 8192  Batches: 1  Memory Usage: 193kB
        ->  Seq Scan on title t  (cost=0.00..73925.90 rows=4906 width=4) (actual time=0.201..988.652 rows=3662 loops=1)
              Filter: ((kind_id > 3) AND (production_year = 1953))
              Rows Removed by Filter: 2524650
Planning time: 0.662 ms
Execution time: 2574.465 ms
