Hash Join  (cost=83074.74..109963.59 rows=44 width=0) (actual time=1099.055..1531.997 rows=305 loops=1)
  Hash Cond: (mi_idx.movie_id = t.id)
  ->  Seq Scan on movie_info_idx mi_idx  (cost=0.00..25185.44 rows=454124 width=4) (actual time=0.028..366.799 rows=459925 loops=1)
        Filter: (info_type_id = 100)
        Rows Removed by Filter: 920110
  ->  Hash  (cost=83071.67..83071.67 rows=246 width=8) (actual time=1097.701..1097.701 rows=348 loops=1)
        Buckets: 1024  Batches: 1  Memory Usage: 22kB
        ->  Nested Loop  (cost=0.43..83071.67 rows=246 width=8) (actual time=0.507..1097.404 rows=348 loops=1)
              ->  Seq Scan on movie_keyword mk  (cost=0.00..81003.12 rows=246 width=4) (actual time=0.401..1085.070 rows=348 loops=1)
                    Filter: (keyword_id = 2571)
                    Rows Removed by Filter: 4523582
              ->  Index Only Scan using title_pkey on title t  (cost=0.43..8.40 rows=1 width=4) (actual time=0.033..0.033 rows=1 loops=348)
                    Index Cond: (id = mk.movie_id)
                    Heap Fetches: 348
Planning time: 1.132 ms
Execution time: 1532.188 ms
