Seq Scan on movie_companies mc  (cost=0.00..57926.93 rows=120211 width=0) (actual time=0.041..764.443 rows=237942 loops=1)
  Filter: ((company_id > 103564) AND (company_type_id > 1))
  Rows Removed by Filter: 2371187
Planning time: 0.333 ms
Execution time: 796.085 ms
