Seq Scan on cast_info ci  (cost=0.00..705507.15 rows=2576526 width=0) (actual time=2225.880..8796.240 rows=2531340 loops=1)
  Filter: (person_id < 244710)
  Rows Removed by Filter: 33713004
Planning time: 0.328 ms
Execution time: 9104.036 ms
