Hash Join  (cost=565894.22..1902779.90 rows=16279746 width=0) (actual time=11701.192..55100.016 rows=55272635 loops=1)
  Hash Cond: (ci.movie_id = t.id)
  ->  Seq Scan on cast_info ci  (cost=0.00..614943.12 rows=36225612 width=4) (actual time=0.022..10879.675 rows=36244344 loops=1)
  ->  Hash  (cost=547251.25..547251.25 rows=1136317 width=8) (actual time=11699.383..11699.383 rows=1882385 loops=1)
        Buckets: 131072 (originally 131072)  Batches: 32 (originally 16)  Memory Usage: 3289kB
        ->  Hash Join  (cost=78900.89..547251.25 rows=1136317 width=8) (actual time=1158.564..11094.897 rows=1882385 loops=1)
              Hash Cond: (mi.movie_id = t.id)
              ->  Seq Scan on movie_info mi  (cost=0.00..346232.03 rows=9476311 width=4) (actual time=134.279..5250.539 rows=9565151 loops=1)
                    Filter: (info_type_id < 16)
                    Rows Removed by Filter: 5270569
              ->  Hash  (cost=73925.90..73925.90 rows=303199 width=4) (actual time=1023.255..1023.255 rows=250201 loops=1)
                    Buckets: 131072  Batches: 4  Memory Usage: 3231kB
                    ->  Seq Scan on title t  (cost=0.00..73925.90 rows=303199 width=4) (actual time=0.034..939.900 rows=250201 loops=1)
                          Filter: ((kind_id < 3) AND (production_year > 2005))
                          Rows Removed by Filter: 2278111
Planning time: 1.147 ms
Execution time: 61393.441 ms
