Seq Scan on movie_companies mc  (cost=0.00..51404.11 rows=104 width=0) (actual time=286.514..557.029 rows=19 loops=1)
  Filter: (company_id = 71776)
  Rows Removed by Filter: 2609110
Planning time: 0.300 ms
Execution time: 557.090 ms
