Hash Join  (cost=80827.88..1176538.87 rows=6026382 width=0) (actual time=909.728..27242.311 rows=3725259 loops=1)
  Hash Cond: (ci.movie_id = t.id)
  ->  Seq Scan on cast_info ci  (cost=0.00..614943.12 rows=36225612 width=4) (actual time=0.024..10188.816 rows=36244344 loops=1)
  ->  Hash  (cost=73925.90..73925.90 rows=420638 width=4) (actual time=908.953..908.953 rows=301535 loops=1)
        Buckets: 131072  Batches: 8  Memory Usage: 2337kB
        ->  Seq Scan on title t  (cost=0.00..73925.90 rows=420638 width=4) (actual time=0.023..827.480 rows=301535 loops=1)
              Filter: ((production_year < 1990) AND (kind_id = 7))
              Rows Removed by Filter: 2226777
Planning time: 0.708 ms
Execution time: 27658.164 ms
