Hash Join  (cost=102767.86..213311.54 rows=817142 width=0) (actual time=1714.253..3976.827 rows=819631 loops=1)
  Hash Cond: (mk.movie_id = t.id)
  ->  Seq Scan on movie_keyword mk  (cost=0.00..81003.12 rows=817142 width=4) (actual time=0.031..1240.998 rows=819631 loops=1)
        Filter: (keyword_id < 786)
        Rows Removed by Filter: 3704299
  ->  Hash  (cost=61283.27..61283.27 rows=2528527 width=4) (actual time=1713.214..1713.214 rows=2528312 loops=1)
        Buckets: 131072  Batches: 64  Memory Usage: 2425kB
        ->  Seq Scan on title t  (cost=0.00..61283.27 rows=2528527 width=4) (actual time=0.024..846.399 rows=2528312 loops=1)
Planning time: 0.663 ms
Execution time: 4073.432 ms
