Hash Join  (cost=68438.72..126575.84 rows=44269 width=0) (actual time=948.104..1736.804 rows=40432 loops=1)
  Hash Cond: (mc.movie_id = t.id)
  ->  Seq Scan on movie_companies mc  (cost=0.00..51404.11 rows=1677417 width=4) (actual time=0.036..505.209 rows=1677652 loops=1)
        Filter: (company_id > 3335)
        Rows Removed by Filter: 931477
  ->  Hash  (cost=67604.59..67604.59 rows=66731 width=4) (actual time=947.337..947.337 rows=67342 loops=1)
        Buckets: 131072  Batches: 1  Memory Usage: 3392kB
        ->  Seq Scan on title t  (cost=0.00..67604.59 rows=66731 width=4) (actual time=0.042..919.409 rows=67342 loops=1)
              Filter: (production_year > 2012)
              Rows Removed by Filter: 2460970
Planning time: 0.729 ms
Execution time: 1743.890 ms
