Hash Join  (cost=202590.21..1352824.84 rows=11334047 width=0) (actual time=4078.872..47115.986 rows=42015736 loops=1)
  Hash Cond: (ci.movie_id = t.id)
  ->  Seq Scan on cast_info ci  (cost=0.00..614943.12 rows=36225612 width=4) (actual time=0.021..10751.588 rows=36244344 loops=1)
  ->  Hash  (cost=189610.33..189610.33 rows=791110 width=8) (actual time=4077.863..4077.863 rows=1089704 loops=1)
        Buckets: 131072  Batches: 16  Memory Usage: 3660kB
        ->  Hash Join  (cost=102767.86..189610.33 rows=791110 width=8) (actual time=1628.572..3736.057 rows=1089704 loops=1)
              Hash Cond: (mc.movie_id = t.id)
              ->  Seq Scan on movie_companies mc  (cost=0.00..57926.93 rows=791110 width=4) (actual time=0.029..818.282 rows=1089704 loops=1)
                    Filter: ((company_id < 16522) AND (company_type_id < 2))
                    Rows Removed by Filter: 1519425
              ->  Hash  (cost=61283.27..61283.27 rows=2528527 width=4) (actual time=1627.146..1627.146 rows=2528312 loops=1)
                    Buckets: 131072  Batches: 64  Memory Usage: 2415kB
                    ->  Seq Scan on title t  (cost=0.00..61283.27 rows=2528527 width=4) (actual time=0.020..797.252 rows=2528312 loops=1)
Planning time: 1.190 ms
Execution time: 52099.300 ms
