Hash Join  (cost=100885.02..185600.13 rows=419 width=0) (actual time=1381.782..2464.681 rows=19152 loops=1)
  Hash Cond: (mk.movie_id = t.id)
  ->  Seq Scan on movie_keyword mk  (cost=0.00..81003.12 rows=988745 width=4) (actual time=0.025..943.570 rows=995203 loops=1)
        Filter: (keyword_id < 944)
        Rows Removed by Filter: 3528727
  ->  Hash  (cost=100871.63..100871.63 rows=1071 width=8) (actual time=1381.646..1381.646 rows=6992 loops=1)
        Buckets: 8192 (originally 2048)  Batches: 1 (originally 1)  Memory Usage: 338kB
        ->  Hash Join  (cost=73950.44..100871.63 rows=1071 width=8) (actual time=898.165..1378.875 rows=6992 loops=1)
              Hash Cond: (mi_idx.movie_id = t.id)
              ->  Seq Scan on movie_info_idx mi_idx  (cost=0.00..21735.35 rows=1380035 width=4) (actual time=0.021..241.888 rows=1380035 loops=1)
              ->  Hash  (cost=73925.90..73925.90 rows=1963 width=4) (actual time=851.191..851.191 rows=4860 loops=1)
                    Buckets: 8192 (originally 2048)  Batches: 1 (originally 1)  Memory Usage: 235kB
                    ->  Seq Scan on title t  (cost=0.00..73925.90 rows=1963 width=4) (actual time=0.068..849.159 rows=4860 loops=1)
                          Filter: ((kind_id = 1) AND (production_year = 1988))
                          Rows Removed by Filter: 2523452
Planning time: 3.790 ms
Execution time: 2467.087 ms
