Seq Scan on cast_info ci  (cost=0.00..705507.15 rows=500 width=0) (actual time=1413.487..8917.111 rows=66 loops=1)
  Filter: (person_id = 505938)
  Rows Removed by Filter: 36244278
Planning time: 0.354 ms
Execution time: 8917.240 ms
