Hash Join  (cost=94655.84..181338.32 rows=2444 width=0) (actual time=1297.324..2948.991 rows=22308 loops=1)
  Hash Cond: (mk.movie_id = t.id)
  ->  Seq Scan on movie_keyword mk  (cost=0.00..69693.30 rows=4523930 width=4) (actual time=0.023..818.138 rows=4523930 loops=1)
  ->  Hash  (cost=94638.77..94638.77 rows=1366 width=8) (actual time=1297.222..1297.222 rows=3122 loops=1)
        Buckets: 4096 (originally 2048)  Batches: 1 (originally 1)  Memory Usage: 154kB
        ->  Hash Join  (cost=67697.55..94638.77 rows=1366 width=8) (actual time=812.897..1295.624 rows=3122 loops=1)
              Hash Cond: (mi_idx.movie_id = t.id)
              ->  Seq Scan on movie_info_idx mi_idx  (cost=0.00..25185.44 rows=464566 width=4) (actual time=0.021..380.656 rows=459925 loops=1)
                    Filter: (info_type_id = 101)
                    Rows Removed by Filter: 920110
              ->  Hash  (cost=67604.59..67604.59 rows=7437 width=4) (actual time=812.609..812.609 rows=14349 loops=1)
                    Buckets: 16384 (originally 8192)  Batches: 1 (originally 1)  Memory Usage: 633kB
                    ->  Seq Scan on title t  (cost=0.00..67604.59 rows=7437 width=4) (actual time=0.399..805.938 rows=14349 loops=1)
                          Filter: (production_year = 1969)
                          Rows Removed by Filter: 2513963
Planning time: 1.078 ms
Execution time: 2952.329 ms
