Seq Scan on cast_info ci  (cost=0.00..796071.18 rows=14567951 width=0) (actual time=0.012..14540.355 rows=12450171 loops=1)
  Filter: ((person_id < 3394712) AND (role_id > 2))
  Rows Removed by Filter: 23794173
Planning time: 0.317 ms
Execution time: 16094.532 ms
