Hash Join  (cost=934437.48..1465989.82 rows=4849641 width=0) (actual time=16566.681..32766.646 rows=13263245 loops=1)
  Hash Cond: (mi.movie_id = t.id)
  ->  Seq Scan on movie_info mi  (cost=0.00..309384.22 rows=14739122 width=4) (actual time=0.018..4589.430 rows=14835720 loops=1)
  ->  Hash  (cost=920787.91..920787.91 rows=831966 width=8) (actual time=16565.637..16565.637 rows=2816088 loops=1)
        Buckets: 131072 (originally 131072)  Batches: 32 (originally 16)  Memory Usage: 4427kB
        ->  Hash Join  (cost=92883.59..920787.91 rows=831966 width=8) (actual time=2134.665..15635.454 rows=2816088 loops=1)
              Hash Cond: (ci.movie_id = t.id)
              ->  Seq Scan on cast_info ci  (cost=0.00..796071.18 rows=1365296 width=4) (actual time=0.019..9765.848 rows=4818789 loops=1)
                    Filter: ((person_id > 3132179) AND (role_id > 4))
                    Rows Removed by Filter: 31425555
              ->  Hash  (cost=67604.59..67604.59 rows=1540800 width=4) (actual time=2133.290..2133.290 rows=1543264 loops=1)
                    Buckets: 131072  Batches: 32  Memory Usage: 2722kB
                    ->  Seq Scan on title t  (cost=0.00..67604.59 rows=1540800 width=4) (actual time=91.065..954.937 rows=1543264 loops=1)
                          Filter: (kind_id = 7)
                          Rows Removed by Filter: 985048
Planning time: 1.154 ms
Execution time: 34338.742 ms
