Hash Join  (cost=74119.74..136301.10 rows=6846 width=0) (actual time=1133.933..2428.953 rows=11180 loops=1)
  Hash Cond: (mc.movie_id = t.id)
  ->  Seq Scan on movie_companies mc  (cost=0.00..57926.93 rows=1116256 width=4) (actual time=12.821..1117.641 rows=1014345 loops=1)
        Filter: ((company_id > 160) AND (company_type_id < 2))
        Rows Removed by Filter: 1594784
  ->  Hash  (cost=73925.90..73925.90 rows=15507 width=4) (actual time=1120.813..1120.813 rows=11835 loops=1)
        Buckets: 16384  Batches: 1  Memory Usage: 545kB
        ->  Seq Scan on title t  (cost=0.00..73925.90 rows=15507 width=4) (actual time=1.608..1115.471 rows=11835 loops=1)
              Filter: ((kind_id < 7) AND (production_year = 1995))
              Rows Removed by Filter: 2516477
Planning time: 0.790 ms
Execution time: 2430.758 ms
