Hash Join  (cost=105814.36..150329.59 rows=427896 width=0) (actual time=2141.239..3322.239 rows=444736 loops=1)
  Hash Cond: (mi_idx.movie_id = t.id)
  ->  Seq Scan on movie_info_idx mi_idx  (cost=0.00..25185.44 rows=464566 width=4) (actual time=0.013..401.609 rows=459925 loops=1)
        Filter: (info_type_id = 101)
        Rows Removed by Filter: 920110
  ->  Hash  (cost=67604.59..67604.59 rows=2328942 width=4) (actual time=2139.998..2139.998 rows=2323095 loops=1)
        Buckets: 131072  Batches: 32  Memory Usage: 3579kB
        ->  Seq Scan on title t  (cost=0.00..67604.59 rows=2328942 width=4) (actual time=0.018..1110.767 rows=2323095 loops=1)
              Filter: (production_year > 1936)
              Rows Removed by Filter: 205217
Planning time: 0.680 ms
Execution time: 3371.292 ms
