Hash Join  (cost=101576.35..452226.20 rows=7465 width=0) (actual time=1422.937..5894.748 rows=85889 loops=1)
  Hash Cond: (mi.movie_id = t.id)
  ->  Seq Scan on movie_info mi  (cost=0.00..346232.03 rows=1158179 width=4) (actual time=0.021..4232.451 rows=1204709 loops=1)
        Filter: (info_type_id > 18)
        Rows Removed by Filter: 13631011
  ->  Hash  (cost=101372.63..101372.63 rows=16298 width=8) (actual time=1422.650..1422.650 rows=22000 loops=1)
        Buckets: 32768 (originally 16384)  Batches: 1 (originally 1)  Memory Usage: 1116kB
        ->  Hash Join  (cost=74299.17..101372.63 rows=16298 width=8) (actual time=975.071..1414.916 rows=22000 loops=1)
              Hash Cond: (mi_idx.movie_id = t.id)
              ->  Seq Scan on movie_info_idx mi_idx  (cost=0.00..21735.35 rows=1380035 width=4) (actual time=0.016..222.153 rows=1380035 loops=1)
              ->  Hash  (cost=73925.90..73925.90 rows=29861 width=4) (actual time=900.463..900.463 rows=17772 loops=1)
                    Buckets: 32768  Batches: 1  Memory Usage: 881kB
                    ->  Seq Scan on title t  (cost=0.00..73925.90 rows=29861 width=4) (actual time=184.460..893.221 rows=17772 loops=1)
                          Filter: ((kind_id = 1) AND (production_year = 2007))
                          Rows Removed by Filter: 2510540
Planning time: 1.111 ms
Execution time: 5906.337 ms
