Hash Join  (cost=205456.10..717868.20 rows=3055819 width=0) (actual time=3653.103..14571.829 rows=1025353 loops=1)
  Hash Cond: (mi.movie_id = t.id)
  ->  Seq Scan on movie_info mi  (cost=0.00..309384.22 rows=14739122 width=4) (actual time=0.014..4617.672 rows=14835720 loops=1)
  ->  Hash  (cost=196855.20..196855.20 rows=524232 width=8) (actual time=3341.177..3341.177 rows=95957 loops=1)
        Buckets: 131072  Batches: 8  Memory Usage: 1491kB
        ->  Hash Join  (cost=84697.09..196855.20 rows=524232 width=8) (actual time=2511.945..3309.219 rows=95957 loops=1)
              Hash Cond: (mk.movie_id = t.id)
              ->  Seq Scan on movie_keyword mk  (cost=0.00..81003.12 rows=2019109 width=4) (actual time=0.026..1189.377 rows=2023603 loops=1)
                    Filter: (keyword_id < 3627)
                    Rows Removed by Filter: 2500327
              ->  Hash  (cost=73925.90..73925.90 rows=656495 width=4) (actual time=1145.615..1145.615 rows=556797 loops=1)
                    Buckets: 131072  Batches: 16  Memory Usage: 2252kB
                    ->  Seq Scan on title t  (cost=0.00..73925.90 rows=656495 width=4) (actual time=0.022..961.638 rows=556797 loops=1)
                          Filter: ((production_year < 2001) AND (kind_id = 7))
                          Rows Removed by Filter: 1971515
Planning time: 1.103 ms
Execution time: 14691.672 ms
