Hash Join  (cost=174465.07..317407.83 rows=1718773 width=0) (actual time=3444.840..7299.835 rows=2856672 loops=1)
  Hash Cond: (mk.movie_id = t.id)
  ->  Seq Scan on movie_keyword mk  (cost=0.00..69693.30 rows=4523930 width=4) (actual time=0.021..1184.024 rows=4523930 loops=1)
  ->  Hash  (cost=158703.80..158703.80 rows=960661 width=8) (actual time=3432.043..3432.043 rows=739611 loops=1)
        Buckets: 131072  Batches: 16  Memory Usage: 2846kB
        ->  Hash Join  (cost=102803.67..158703.80 rows=960661 width=8) (actual time=1653.036..3206.463 rows=739611 loops=1)
              Hash Cond: (mi_idx.movie_id = t.id)
              ->  Seq Scan on movie_info_idx mi_idx  (cost=0.00..21735.35 rows=1380035 width=4) (actual time=0.033..377.205 rows=1380035 loops=1)
              ->  Hash  (cost=73925.90..73925.90 rows=1760141 width=4) (actual time=1651.519..1651.519 rows=1754586 loops=1)
                    Buckets: 131072  Batches: 32  Memory Usage: 2955kB
                    ->  Seq Scan on title t  (cost=0.00..73925.90 rows=1760141 width=4) (actual time=0.024..1136.064 rows=1754586 loops=1)
                          Filter: ((kind_id > 1) AND (production_year < 2013))
                          Rows Removed by Filter: 773726
Planning time: 2.526 ms
Execution time: 7642.912 ms
