Seq Scan on movie_keyword mk  (cost=0.00..81003.12 rows=3285747 width=0) (actual time=0.025..856.507 rows=3273357 loops=1)
  Filter: (keyword_id < 14417)
  Rows Removed by Filter: 1250573
Planning time: 0.303 ms
Execution time: 1136.063 ms
