Hash Join  (cost=102767.86..231825.40 rows=1586487 width=0) (actual time=1599.092..5203.538 rows=1600207 loops=1)
  Hash Cond: (mk.movie_id = t.id)
  ->  Seq Scan on movie_keyword mk  (cost=0.00..81003.12 rows=1586487 width=4) (actual time=0.028..1302.263 rows=1600207 loops=1)
        Filter: (keyword_id > 9573)
        Rows Removed by Filter: 2923723
  ->  Hash  (cost=61283.27..61283.27 rows=2528527 width=4) (actual time=1597.688..1597.688 rows=2528312 loops=1)
        Buckets: 131072  Batches: 64  Memory Usage: 2425kB
        ->  Seq Scan on title t  (cost=0.00..61283.27 rows=2528527 width=4) (actual time=0.026..774.646 rows=2528312 loops=1)
Planning time: 0.663 ms
Execution time: 5400.409 ms
