Hash Join  (cost=52284.46..803079.50 rows=587 width=0) (actual time=646.137..12477.309 rows=29 loops=1)
  Hash Cond: (ci.movie_id = t.id)
  ->  Seq Scan on cast_info ci  (cost=0.00..614943.12 rows=36225612 width=4) (actual time=0.011..5826.252 rows=36244344 loops=1)
  ->  Hash  (cost=52283.95..52283.95 rows=41 width=8) (actual time=638.785..638.785 rows=1 loops=1)
        Buckets: 1024  Batches: 1  Memory Usage: 9kB
        ->  Nested Loop  (cost=0.43..52283.95 rows=41 width=8) (actual time=34.477..638.768 rows=1 loops=1)
              ->  Seq Scan on movie_companies mc  (cost=0.00..51404.11 rows=104 width=4) (actual time=34.432..638.720 rows=1 loops=1)
                    Filter: (company_id = 176461)
                    Rows Removed by Filter: 2609128
              ->  Index Scan using title_pkey on title t  (cost=0.43..8.45 rows=1 width=4) (actual time=0.038..0.040 rows=1 loops=1)
                    Index Cond: (id = mc.movie_id)
                    Filter: (kind_id < 7)
Planning time: 1.073 ms
Execution time: 12477.456 ms
