Hash Join  (cost=83072.41..447728.92 rows=58 width=0) (actual time=1441.906..6116.431 rows=94 loops=1)
  Hash Cond: (mi.movie_id = t.id)
  ->  Seq Scan on movie_info mi  (cost=0.00..309384.22 rows=14739122 width=4) (actual time=0.024..2610.824 rows=14835720 loops=1)
  ->  Hash  (cost=83072.29..83072.29 rows=10 width=8) (actual time=1150.559..1150.559 rows=5 loops=1)
        Buckets: 1024  Batches: 1  Memory Usage: 9kB
        ->  Nested Loop  (cost=0.43..83072.29 rows=10 width=8) (actual time=89.440..1150.510 rows=5 loops=1)
              ->  Seq Scan on movie_keyword mk  (cost=0.00..81003.12 rows=246 width=4) (actual time=2.885..1131.733 rows=1624 loops=1)
                    Filter: (keyword_id = 21304)
                    Rows Removed by Filter: 4522306
              ->  Index Scan using title_pkey on title t  (cost=0.43..8.40 rows=1 width=4) (actual time=0.011..0.011 rows=0 loops=1624)
                    Index Cond: (id = mk.movie_id)
                    Filter: (kind_id = 3)
                    Rows Removed by Filter: 1
Planning time: 1.104 ms
Execution time: 6116.604 ms
