Seq Scan on movie_keyword mk  (cost=0.00..81003.12 rows=9048 width=0) (actual time=0.509..1409.949 rows=9234 loops=1)
  Filter: (keyword_id = 784)
  Rows Removed by Filter: 4514696
Planning time: 0.401 ms
Execution time: 1412.178 ms
