Seq Scan on cast_info ci  (cost=0.00..796071.18 rows=435 width=0) (actual time=4478.218..12230.391 rows=2 loops=1)
  Filter: ((role_id < 10) AND (person_id = 245420))
  Rows Removed by Filter: 36244342
Planning time: 0.450 ms
Execution time: 12230.497 ms
