Hash Join  (cost=102767.86..228126.03 rows=1432803 width=0) (actual time=1673.557..4652.357 rows=1447488 loops=1)
  Hash Cond: (mk.movie_id = t.id)
  ->  Seq Scan on movie_keyword mk  (cost=0.00..81003.12 rows=1432803 width=4) (actual time=0.026..1264.505 rows=1447488 loops=1)
        Filter: (keyword_id < 2035)
        Rows Removed by Filter: 3076442
  ->  Hash  (cost=61283.27..61283.27 rows=2528527 width=4) (actual time=1671.468..1671.468 rows=2528312 loops=1)
        Buckets: 131072  Batches: 64  Memory Usage: 2425kB
        ->  Seq Scan on title t  (cost=0.00..61283.27 rows=2528527 width=4) (actual time=0.021..780.965 rows=2528312 loops=1)
Planning time: 0.688 ms
Execution time: 4812.712 ms
