Hash Join  (cost=74690.97..937676.91 rows=405737 width=0) (actual time=5473.630..18837.065 rows=443648 loops=1)
  Hash Cond: (ci.movie_id = t.id)
  ->  Seq Scan on cast_info ci  (cost=0.00..796071.18 rows=16761972 width=4) (actual time=4564.510..13175.183 rows=15381027 loops=1)
        Filter: ((person_id > 1474426) AND (role_id < 8))
        Rows Removed by Filter: 20863317
  ->  Hash  (cost=73925.90..73925.90 rows=61205 width=4) (actual time=908.575..908.575 rows=61581 loops=1)
        Buckets: 65536  Batches: 1  Memory Usage: 2677kB
        ->  Seq Scan on title t  (cost=0.00..73925.90 rows=61205 width=4) (actual time=173.957..854.281 rows=61581 loops=1)
              Filter: ((kind_id < 2) AND (production_year > 2011))
              Rows Removed by Filter: 2466731
Planning time: 0.717 ms
Execution time: 18900.572 ms
