Hash Join  (cost=156974.89..1237132.20 rows=4512315 width=0) (actual time=3136.352..33538.056 rows=9824868 loops=1)
  Hash Cond: (ci.movie_id = t.id)
  ->  Seq Scan on cast_info ci  (cost=0.00..614943.12 rows=36225612 width=4) (actual time=0.029..10658.512 rows=36244344 loops=1)
  ->  Hash  (cost=151806.92..151806.92 rows=314957 width=8) (actual time=3135.536..3135.536 rows=236899 loops=1)
        Buckets: 131072  Batches: 8  Memory Usage: 2166kB
        ->  Hash Join  (cost=84197.31..151806.92 rows=314957 width=8) (actual time=1349.214..3058.402 rows=236899 loops=1)
              Hash Cond: (mc.movie_id = t.id)
              ->  Seq Scan on movie_companies mc  (cost=0.00..51404.11 rows=787448 width=4) (actual time=0.025..789.210 rows=775555 loops=1)
                    Filter: (company_id < 1684)
                    Rows Removed by Filter: 1833574
              ->  Hash  (cost=67604.59..67604.59 rows=1011338 width=4) (actual time=1348.236..1348.236 rows=1012920 loops=1)
                    Buckets: 131072  Batches: 16  Memory Usage: 3250kB
                    ->  Seq Scan on title t  (cost=0.00..67604.59 rows=1011338 width=4) (actual time=0.038..1028.183 rows=1012920 loops=1)
                          Filter: (production_year > 2005)
                          Rows Removed by Filter: 1515392
Planning time: 1.207 ms
Execution time: 34617.692 ms
