Seq Scan on movie_companies mc  (cost=0.00..51404.11 rows=104 width=0) (actual time=512.108..698.935 rows=11 loops=1)
  Filter: (company_id = 144703)
  Rows Removed by Filter: 2609118
Planning time: 0.303 ms
Execution time: 699.001 ms
