Hash Join  (cost=128774.91..880323.54 rows=75946 width=0) (actual time=1839.232..15703.778 rows=242595 loops=1)
  Hash Cond: (ci.movie_id = t.id)
  ->  Seq Scan on cast_info ci  (cost=0.00..614943.12 rows=36225612 width=4) (actual time=0.019..6376.730 rows=36244344 loops=1)
  ->  Hash  (cost=128708.65..128708.65 rows=5301 width=8) (actual time=1838.942..1838.942 rows=8432 loops=1)
        Buckets: 16384 (originally 8192)  Batches: 1 (originally 1)  Memory Usage: 458kB
        ->  Hash Join  (cost=73990.12..128708.65 rows=5301 width=8) (actual time=1043.267..1835.125 rows=8432 loops=1)
              Hash Cond: (mc.movie_id = t.id)
              ->  Seq Scan on movie_companies mc  (cost=0.00..44881.29 rows=2609129 width=4) (actual time=0.022..462.570 rows=2609129 loops=1)
              ->  Hash  (cost=73925.90..73925.90 rows=5137 width=4) (actual time=857.386..857.386 rows=3640 loops=1)
                    Buckets: 8192  Batches: 1  Memory Usage: 192kB
                    ->  Seq Scan on title t  (cost=0.00..73925.90 rows=5137 width=4) (actual time=124.330..855.707 rows=3640 loops=1)
                          Filter: ((kind_id = 3) AND (production_year = 2008))
                          Rows Removed by Filter: 2524672
Planning time: 1.140 ms
Execution time: 15740.506 ms
