Hash Join  (cost=76796.18..932528.47 rows=844114 width=0) (actual time=5731.013..16776.527 rows=1100173 loops=1)
  Hash Cond: (ci.movie_id = t.id)
  ->  Seq Scan on cast_info ci  (cost=0.00..705507.15 rows=12203201 width=4) (actual time=4821.507..10492.187 rows=12113646 loops=1)
        Filter: (role_id > 3)
        Rows Removed by Filter: 24130698
  ->  Hash  (cost=73925.90..73925.90 rows=174902 width=4) (actual time=908.739..908.739 rows=160286 loops=1)
        Buckets: 131072  Batches: 4  Memory Usage: 2435kB
        ->  Seq Scan on title t  (cost=0.00..73925.90 rows=174902 width=4) (actual time=0.015..861.645 rows=160286 loops=1)
              Filter: ((production_year > 2008) AND (kind_id = 1))
              Rows Removed by Filter: 2368026
Planning time: 0.660 ms
Execution time: 16905.336 ms
