Hash Join  (cost=122941.36..611132.43 rows=785812 width=0) (actual time=2458.869..11996.988 rows=524816 loops=1)
  Hash Cond: (mi.movie_id = t.id)
  ->  Seq Scan on movie_info mi  (cost=0.00..309384.22 rows=14739122 width=4) (actual time=0.019..4296.444 rows=14835720 loops=1)
  ->  Hash  (cost=120729.26..120729.26 rows=134808 width=8) (actual time=2457.709..2457.709 rows=65201 loops=1)
        Buckets: 131072  Batches: 2  Memory Usage: 2302kB
        ->  Hash Join  (cost=85954.24..120729.26 rows=134808 width=8) (actual time=1363.692..2433.652 rows=65201 loops=1)
              Hash Cond: (mi_idx.movie_id = t.id)
              ->  Seq Scan on movie_info_idx mi_idx  (cost=0.00..25185.44 rows=464934 width=4) (actual time=0.027..454.038 rows=460185 loops=1)
                    Filter: (info_type_id > 100)
                    Rows Removed by Filter: 919850
              ->  Hash  (cost=73925.90..73925.90 rows=733147 width=4) (actual time=1362.687..1362.687 rows=800171 loops=1)
                    Buckets: 131072  Batches: 16  Memory Usage: 2789kB
                    ->  Seq Scan on title t  (cost=0.00..73925.90 rows=733147 width=4) (actual time=0.079..1112.640 rows=800171 loops=1)
                          Filter: ((kind_id > 4) AND (production_year > 2003))
                          Rows Removed by Filter: 1728141
Planning time: 1.047 ms
Execution time: 12065.847 ms
