Hash Join  (cost=125421.47..847715.01 rows=58448 width=0) (actual time=10488.426..13946.584 rows=468159 loops=1)
  Hash Cond: (ci.movie_id = t.id)
  ->  Seq Scan on cast_info ci  (cost=0.00..705507.15 rows=4320508 width=4) (actual time=8468.445..10817.781 rows=4323018 loops=1)
        Filter: (role_id = 10)
        Rows Removed by Filter: 31921326
  ->  Hash  (cost=124993.90..124993.90 rows=34206 width=8) (actual time=2019.407..2019.407 rows=33024 loops=1)
        Buckets: 65536  Batches: 1  Memory Usage: 1802kB
        ->  Hash Join  (cost=68449.54..124993.90 rows=34206 width=8) (actual time=1017.084..2006.093 rows=33024 loops=1)
              Hash Cond: (mc.movie_id = t.id)
              ->  Seq Scan on movie_companies mc  (cost=0.00..51404.11 rows=1279517 width=4) (actual time=122.343..794.230 rows=1274246 loops=1)
                    Filter: (company_type_id < 2)
                    Rows Removed by Filter: 1334883
              ->  Hash  (cost=67604.59..67604.59 rows=67596 width=4) (actual time=893.946..893.946 rows=67777 loops=1)
                    Buckets: 131072  Batches: 1  Memory Usage: 3407kB
                    ->  Seq Scan on title t  (cost=0.00..67604.59 rows=67596 width=4) (actual time=0.020..866.176 rows=67777 loops=1)
                          Filter: (production_year = 2003)
                          Rows Removed by Filter: 2460535
Planning time: 2.755 ms
Execution time: 14008.501 ms
