Nested Loop  (cost=0.43..83072.90 rows=3 width=0) (actual time=40.984..1018.465 rows=8 loops=1)
  ->  Seq Scan on movie_keyword mk  (cost=0.00..81003.12 rows=246 width=4) (actual time=1.246..1012.225 rows=209 loops=1)
        Filter: (keyword_id = 11576)
        Rows Removed by Filter: 4523721
  ->  Index Scan using title_pkey on title t  (cost=0.43..8.40 rows=1 width=4) (actual time=0.028..0.028 rows=0 loops=209)
        Index Cond: (id = mk.movie_id)
        Filter: ((kind_id = 1) AND (production_year = 2007))
        Rows Removed by Filter: 1
Planning time: 0.664 ms
Execution time: 1018.592 ms
