Hash Join  (cost=92883.59..913768.04 rows=3524716 width=0) (actual time=6773.277..14846.055 rows=3377454 loops=1)
  Hash Cond: (ci.movie_id = t.id)
  ->  Seq Scan on cast_info ci  (cost=0.00..705507.15 rows=5784228 width=4) (actual time=5441.859..9304.181 rows=5816880 loops=1)
        Filter: (person_id > 3062569)
        Rows Removed by Filter: 30427464
  ->  Hash  (cost=67604.59..67604.59 rows=1540800 width=4) (actual time=1329.949..1329.949 rows=1543264 loops=1)
        Buckets: 131072  Batches: 32  Memory Usage: 2722kB
        ->  Seq Scan on title t  (cost=0.00..67604.59 rows=1540800 width=4) (actual time=0.023..863.504 rows=1543264 loops=1)
              Filter: (kind_id = 7)
              Rows Removed by Filter: 985048
Planning time: 0.663 ms
Execution time: 15255.522 ms
