Hash Join  (cost=164357.96..925475.71 rows=1032864 width=0) (actual time=2300.070..23829.552 rows=4427100 loops=1)
  Hash Cond: (ci.movie_id = t.id)
  ->  Seq Scan on cast_info ci  (cost=0.00..614943.12 rows=36225612 width=4) (actual time=0.021..6923.462 rows=36244344 loops=1)
  ->  Hash  (cost=163456.79..163456.79 rows=72093 width=8) (actual time=2299.344..2299.344 rows=82072 loops=1)
        Buckets: 131072 (originally 131072)  Batches: 2 (originally 1)  Memory Usage: 3073kB
        ->  Hash Join  (cost=68237.77..163456.79 rows=72093 width=8) (actual time=776.682..2274.986 rows=82072 loops=1)
              Hash Cond: (mk.movie_id = t.id)
              ->  Seq Scan on movie_keyword mk  (cost=0.00..81003.12 rows=3598657 width=4) (actual time=0.023..985.873 rows=3602080 loops=1)
                    Filter: (keyword_id < 20328)
                    Rows Removed by Filter: 921850
              ->  Hash  (cost=67604.59..67604.59 rows=50655 width=4) (actual time=776.306..776.306 rows=50564 loops=1)
                    Buckets: 65536  Batches: 1  Memory Usage: 2290kB
                    ->  Seq Scan on title t  (cost=0.00..67604.59 rows=50655 width=4) (actual time=0.028..756.145 rows=50564 loops=1)
                          Filter: (production_year = 1999)
                          Rows Removed by Filter: 2477748
Planning time: 1.039 ms
Execution time: 24352.286 ms
