Hash Join  (cost=80830.47..122463.86 rows=229691 width=0) (actual time=1462.451..3403.290 rows=517314 loops=1)
  Hash Cond: (mi_idx.movie_id = t.id)
  ->  Seq Scan on movie_info_idx mi_idx  (cost=0.00..21735.35 rows=1380035 width=4) (actual time=0.018..448.613 rows=1380035 loops=1)
  ->  Hash  (cost=73925.90..73925.90 rows=420845 width=4) (actual time=1460.123..1460.123 rows=517968 loops=1)
        Buckets: 131072  Batches: 8  Memory Usage: 3313kB
        ->  Seq Scan on title t  (cost=0.00..73925.90 rows=420845 width=4) (actual time=0.025..1299.212 rows=517968 loops=1)
              Filter: ((kind_id < 7) AND (production_year < 2001))
              Rows Removed by Filter: 2010344
Planning time: 0.829 ms
Execution time: 3462.723 ms
