Hash Join  (cost=204645.22..250221.83 rows=459513 width=0) (actual time=4251.375..5903.548 rows=2126688 loops=1)
  Hash Cond: (mi_idx.movie_id = t.id)
  ->  Seq Scan on movie_info_idx mi_idx  (cost=0.00..21735.35 rows=1380035 width=4) (actual time=0.033..356.602 rows=1380035 loops=1)
  ->  Hash  (cost=190832.12..190832.12 rows=841928 width=8) (actual time=4250.325..4250.325 rows=1153749 loops=1)
        Buckets: 131072  Batches: 16  Memory Usage: 3814kB
        ->  Hash Join  (cost=102767.86..190832.12 rows=841928 width=8) (actual time=1581.130..3873.798 rows=1153749 loops=1)
              Hash Cond: (mc.movie_id = t.id)
              ->  Seq Scan on movie_companies mc  (cost=0.00..57926.93 rows=841928 width=4) (actual time=0.024..880.472 rows=1153749 loops=1)
                    Filter: ((company_id < 21452) AND (company_type_id = 1))
                    Rows Removed by Filter: 1455380
              ->  Hash  (cost=61283.27..61283.27 rows=2528527 width=4) (actual time=1579.067..1579.067 rows=2528312 loops=1)
                    Buckets: 131072  Batches: 64  Memory Usage: 2415kB
                    ->  Seq Scan on title t  (cost=0.00..61283.27 rows=2528527 width=4) (actual time=0.021..798.563 rows=2528312 loops=1)
Planning time: 1.137 ms
Execution time: 6140.374 ms
