Seq Scan on title t  (cost=0.00..73925.90 rows=1201182 width=0) (actual time=0.022..1076.084 rows=1325344 loops=1)
  Filter: ((kind_id > 3) AND (production_year > 1987))
  Rows Removed by Filter: 1202968
Planning time: 0.302 ms
Execution time: 1250.185 ms
