Hash Join  (cost=128096.74..196619.56 rows=131051 width=0) (actual time=2163.386..3252.128 rows=142089 loops=1)
  Hash Cond: (mc.movie_id = t.id)
  ->  Seq Scan on movie_companies mc  (cost=0.00..51404.11 rows=1279517 width=4) (actual time=338.149..849.905 rows=1274246 loops=1)
        Filter: (company_type_id = 1)
        Rows Removed by Filter: 1334883
  ->  Hash  (cost=123847.50..123847.50 rows=258979 width=8) (actual time=1824.213..1824.213 rows=134070 loops=1)
        Buckets: 131072  Batches: 4  Memory Usage: 2346kB
        ->  Hash Join  (cost=81711.23..123847.50 rows=258979 width=8) (actual time=797.432..1782.312 rows=134070 loops=1)
              Hash Cond: (mi_idx.movie_id = t.id)
              ->  Seq Scan on movie_info_idx mi_idx  (cost=0.00..21735.35 rows=1380035 width=4) (actual time=0.017..323.161 rows=1380035 loops=1)
              ->  Hash  (cost=73925.90..73925.90 rows=474506 width=4) (actual time=796.265..796.265 rows=360459 loops=1)
                    Buckets: 131072  Batches: 8  Memory Usage: 2595kB
                    ->  Seq Scan on title t  (cost=0.00..73925.90 rows=474506 width=4) (actual time=0.019..716.886 rows=360459 loops=1)
                          Filter: ((production_year < 1994) AND (kind_id = 7))
                          Rows Removed by Filter: 2167853
Planning time: 1.164 ms
Execution time: 3271.956 ms
