Hash Join  (cost=102767.86..183902.89 rows=553975 width=0) (actual time=1640.583..3580.428 rows=852167 loops=1)
  Hash Cond: (mc.movie_id = t.id)
  ->  Seq Scan on movie_companies mc  (cost=0.00..57926.93 rows=553975 width=4) (actual time=134.245..823.790 rows=852167 loops=1)
        Filter: ((company_id > 14056) AND (company_type_id = 2))
        Rows Removed by Filter: 1756962
  ->  Hash  (cost=61283.27..61283.27 rows=2528527 width=4) (actual time=1505.138..1505.138 rows=2528312 loops=1)
        Buckets: 131072  Batches: 64  Memory Usage: 2415kB
        ->  Seq Scan on title t  (cost=0.00..61283.27 rows=2528527 width=4) (actual time=0.029..727.506 rows=2528312 loops=1)
Planning time: 0.669 ms
Execution time: 3673.093 ms
