Hash Join  (cost=188823.58..691146.84 rows=2110236 width=0) (actual time=3821.758..17019.984 rows=6699871 loops=1)
  Hash Cond: (mi.movie_id = t.id)
  ->  Seq Scan on movie_info mi  (cost=0.00..309384.22 rows=14739122 width=4) (actual time=0.024..4531.595 rows=14835720 loops=1)
  ->  Hash  (cost=182883.39..182883.39 rows=362015 width=8) (actual time=3820.621..3820.621 rows=169009 loops=1)
        Buckets: 131072  Batches: 8  Memory Usage: 1855kB
        ->  Hash Join  (cost=76379.89..182883.39 rows=362015 width=8) (actual time=941.160..3200.576 rows=169009 loops=1)
              Hash Cond: (mk.movie_id = t.id)
              ->  Seq Scan on movie_keyword mk  (cost=0.00..81003.12 rows=1711527 width=4) (actual time=0.026..1277.483 rows=1717688 loops=1)
                    Filter: (keyword_id < 2762)
                    Rows Removed by Filter: 2806242
              ->  Hash  (cost=67604.59..67604.59 rows=534824 width=4) (actual time=940.071..940.071 rows=533369 loops=1)
                    Buckets: 131072  Batches: 8  Memory Usage: 3376kB
                    ->  Seq Scan on title t  (cost=0.00..67604.59 rows=534824 width=4) (actual time=0.024..781.232 rows=533369 loops=1)
                          Filter: (production_year > 2009)
                          Rows Removed by Filter: 1994943
Planning time: 1.066 ms
Execution time: 17846.139 ms
