Seq Scan on cast_info ci  (cost=0.00..705507.15 rows=749365 width=0) (actual time=906.209..9134.523 rows=636735 loops=1)
  Filter: (person_id < 68213)
  Rows Removed by Filter: 35607609
Planning time: 0.307 ms
Execution time: 9206.458 ms
