Seq Scan on cast_info ci  (cost=0.00..796071.18 rows=9844452 width=0) (actual time=0.023..15590.685 rows=12670688 loops=1)
  Filter: ((person_id < 2866029) AND (role_id < 2))
  Rows Removed by Filter: 23573656
Planning time: 0.325 ms
Execution time: 17074.157 ms
