Hash Join  (cost=88413.98..176025.45 rows=911195 width=0) (actual time=1313.241..3710.262 rows=519836 loops=1)
  Hash Cond: (mc.movie_id = t.id)
  ->  Seq Scan on movie_companies mc  (cost=0.00..44881.29 rows=2609129 width=4) (actual time=0.027..658.250 rows=2609129 loops=1)
  ->  Hash  (cost=73925.90..73925.90 rows=883046 width=4) (actual time=1312.199..1312.199 rows=960853 loops=1)
        Buckets: 131072  Batches: 16  Memory Usage: 3144kB
        ->  Seq Scan on title t  (cost=0.00..73925.90 rows=883046 width=4) (actual time=0.019..1023.829 rows=960853 loops=1)
              Filter: ((kind_id > 2) AND (production_year > 2002))
              Rows Removed by Filter: 1567459
Planning time: 0.728 ms
Execution time: 3775.449 ms
