Hash Join  (cost=183028.38..1005827.86 rows=457264 width=0) (actual time=5863.620..14834.569 rows=766730 loops=1)
  Hash Cond: (ci.movie_id = t.id)
  ->  Seq Scan on cast_info ci  (cost=0.00..796071.18 rows=1684178 width=4) (actual time=2239.870..9845.895 rows=842417 loops=1)
        Filter: ((person_id < 612590) AND (role_id > 4))
        Rows Removed by Filter: 35401927
  ->  Hash  (cost=171765.00..171765.00 rows=686510 width=8) (actual time=3622.092..3622.092 rows=796296 loops=1)
        Buckets: 131072  Batches: 16  Memory Usage: 2961kB
        ->  Hash Join  (cost=93117.31..171765.00 rows=686510 width=8) (actual time=1497.253..3391.652 rows=796296 loops=1)
              Hash Cond: (mc.movie_id = t.id)
              ->  Seq Scan on movie_companies mc  (cost=0.00..51404.11 rows=1116295 width=4) (actual time=0.023..820.245 rows=1113656 loops=1)
                    Filter: (company_id < 7851)
                    Rows Removed by Filter: 1495473
              ->  Hash  (cost=67604.59..67604.59 rows=1555018 width=4) (actual time=1496.249..1496.249 rows=1551727 loops=1)
                    Buckets: 131072  Batches: 32  Memory Usage: 2728kB
                    ->  Seq Scan on title t  (cost=0.00..67604.59 rows=1555018 width=4) (actual time=0.015..1004.763 rows=1551727 loops=1)
                          Filter: (production_year < 2007)
                          Rows Removed by Filter: 976585
Planning time: 1.121 ms
Execution time: 14932.227 ms
