Seq Scan on cast_info ci  (cost=0.00..796071.18 rows=14939823 width=0) (actual time=0.017..13599.472 rows=13254301 loops=1)
  Filter: ((person_id < 3521822) AND (role_id > 2))
  Rows Removed by Filter: 22990043
Planning time: 0.321 ms
Execution time: 15217.891 ms
