Hash Join  (cost=167322.81..1034859.21 rows=191494 width=0) (actual time=3506.502..15753.561 rows=273744 loops=1)
  Hash Cond: (ci.movie_id = t.id)
  ->  Seq Scan on cast_info ci  (cost=0.00..796071.18 rows=5987807 width=4) (actual time=634.088..11117.588 rows=3698017 loops=1)
        Filter: ((person_id < 1316779) AND (role_id > 2))
        Rows Removed by Filter: 32546327
  ->  Hash  (cost=165996.01..165996.01 rows=80864 width=8) (actual time=2871.576..2871.576 rows=84071 loops=1)
        Buckets: 131072  Batches: 2  Memory Usage: 2662kB
        ->  Hash Join  (cost=102767.86..165996.01 rows=80864 width=8) (actual time=1658.735..2842.410 rows=84071 loops=1)
              Hash Cond: (mc.movie_id = t.id)
              ->  Seq Scan on movie_companies mc  (cost=0.00..51404.11 rows=80864 width=4) (actual time=0.049..699.517 rows=84071 loops=1)
                    Filter: (company_id < 19)
                    Rows Removed by Filter: 2525058
              ->  Hash  (cost=61283.27..61283.27 rows=2528527 width=4) (actual time=1652.177..1652.177 rows=2528312 loops=1)
                    Buckets: 131072  Batches: 64  Memory Usage: 2415kB
                    ->  Seq Scan on title t  (cost=0.00..61283.27 rows=2528527 width=4) (actual time=0.021..793.258 rows=2528312 loops=1)
Planning time: 1.070 ms
Execution time: 15791.555 ms
