Hash Join  (cost=200466.10..1158508.53 rows=1311353 width=0) (actual time=10872.758..23395.623 rows=2483787 loops=1)
  Hash Cond: (ci.movie_id = t.id)
  ->  Seq Scan on cast_info ci  (cost=0.00..796071.18 rows=11530344 width=4) (actual time=7149.801..14265.669 rows=12670688 loops=1)
        Filter: ((person_id < 3438065) AND (role_id < 2))
        Rows Removed by Filter: 23573656
  ->  Hash  (cost=195747.46..195747.46 rows=287571 width=8) (actual time=3721.861..3721.861 rows=147733 loops=1)
        Buckets: 131072  Batches: 4  Memory Usage: 2540kB
        ->  Hash Join  (cost=70241.71..195747.46 rows=287571 width=8) (actual time=877.655..3674.647 rows=147733 loops=1)
              Hash Cond: (mk.movie_id = t.id)
              ->  Seq Scan on movie_keyword mk  (cost=0.00..69693.30 rows=4523930 width=4) (actual time=0.036..1095.419 rows=4523930 loops=1)
              ->  Hash  (cost=67604.59..67604.59 rows=160730 width=4) (actual time=876.697..876.697 rows=160017 loops=1)
                    Buckets: 131072  Batches: 4  Memory Usage: 2442kB
                    ->  Seq Scan on title t  (cost=0.00..67604.59 rows=160730 width=4) (actual time=0.026..820.725 rows=160017 loops=1)
                          Filter: (production_year = 2011)
                          Rows Removed by Filter: 2368295
Planning time: 1.141 ms
Execution time: 23682.189 ms
