Hash Join  (cost=74074.07..156985.91 rows=2357 width=0) (actual time=966.447..2208.379 rows=1130 loops=1)
  Hash Cond: (mk.movie_id = t.id)
  ->  Seq Scan on movie_keyword mk  (cost=0.00..81003.12 rows=502705 width=4) (actual time=0.026..1141.259 rows=495627 loops=1)
        Filter: (keyword_id > 36390)
        Rows Removed by Filter: 4028303
  ->  Hash  (cost=73925.90..73925.90 rows=11853 width=4) (actual time=965.938..965.938 rows=29104 loops=1)
        Buckets: 32768 (originally 16384)  Batches: 1 (originally 1)  Memory Usage: 1280kB
        ->  Seq Scan on title t  (cost=0.00..73925.90 rows=11853 width=4) (actual time=0.028..954.622 rows=29104 loops=1)
              Filter: ((kind_id < 7) AND (production_year < 1911))
              Rows Removed by Filter: 2499208
Planning time: 0.645 ms
Execution time: 2208.833 ms
