Seq Scan on movie_companies mc  (cost=0.00..57926.93 rows=1075571 width=0) (actual time=0.022..1003.710 rows=1274246 loops=1)
  Filter: ((company_id < 80148) AND (company_type_id < 2))
  Rows Removed by Filter: 1334883
Planning time: 2.677 ms
Execution time: 1168.229 ms
