Hash Join  (cost=73930.12..102563.24 rows=122 width=0) (actual time=783.460..894.506 rows=6 loops=1)
  Hash Cond: (mi_idx.movie_id = t.id)
  ->  Seq Scan on movie_info_idx mi_idx  (cost=0.00..25185.44 rows=919057 width=4) (actual time=0.037..192.611 rows=920110 loops=1)
        Filter: (info_type_id > 99)
        Rows Removed by Filter: 459925
  ->  Hash  (cost=73925.90..73925.90 rows=337 width=4) (actual time=640.346..640.346 rows=17 loops=1)
        Buckets: 1024  Batches: 1  Memory Usage: 9kB
        ->  Seq Scan on title t  (cost=0.00..73925.90 rows=337 width=4) (actual time=325.693..640.320 rows=17 loops=1)
              Filter: ((kind_id = 4) AND (production_year = 1977))
              Rows Removed by Filter: 2528295
Planning time: 0.698 ms
Execution time: 894.570 ms
