Hash Join  (cost=83074.80..137742.39 rows=207 width=0) (actual time=1346.200..2588.932 rows=15125 loops=1)
  Hash Cond: (mc.movie_id = t.id)
  ->  Seq Scan on movie_companies mc  (cost=0.00..44881.29 rows=2609129 width=4) (actual time=0.016..726.206 rows=2609129 loops=1)
  ->  Hash  (cost=83072.29..83072.29 rows=201 width=8) (actual time=1345.858..1345.858 rows=1163 loops=1)
        Buckets: 2048 (originally 1024)  Batches: 1 (originally 1)  Memory Usage: 62kB
        ->  Nested Loop  (cost=0.43..83072.29 rows=201 width=8) (actual time=0.226..1344.880 rows=1163 loops=1)
              ->  Seq Scan on movie_keyword mk  (cost=0.00..81003.12 rows=246 width=4) (actual time=0.175..1275.684 rows=1246 loops=1)
                    Filter: (keyword_id = 6314)
                    Rows Removed by Filter: 4522684
              ->  Index Scan using title_pkey on title t  (cost=0.43..8.40 rows=1 width=4) (actual time=0.054..0.054 rows=1 loops=1246)
                    Index Cond: (id = mk.movie_id)
                    Filter: (production_year < 2011)
                    Rows Removed by Filter: 0
Planning time: 1.143 ms
Execution time: 2591.235 ms
