Hash Join  (cost=74740.78..809498.00 rows=188162 width=0) (actual time=7048.899..14753.702 rows=300293 loops=1)
  Hash Cond: (ci.movie_id = t.id)
  ->  Seq Scan on cast_info ci  (cost=0.00..705507.15 rows=7298253 width=4) (actual time=5983.341..10811.972 rows=7451973 loops=1)
        Filter: (role_id = 2)
        Rows Removed by Filter: 28792371
  ->  Hash  (cost=73925.90..73925.90 rows=65190 width=4) (actual time=1064.314..1064.314 rows=164932 loops=1)
        Buckets: 131072 (originally 65536)  Batches: 2 (originally 1)  Memory Usage: 3925kB
        ->  Seq Scan on title t  (cost=0.00..73925.90 rows=65190 width=4) (actual time=0.616..1000.796 rows=164932 loops=1)
              Filter: ((kind_id < 7) AND (production_year < 1951))
              Rows Removed by Filter: 2363380
Planning time: 0.710 ms
Execution time: 14789.607 ms
