Hash Join  (cost=92097.16..457021.75 rows=26866 width=0) (actual time=651.459..6936.055 rows=157937 loops=1)
  Hash Cond: (mi.movie_id = t.id)
  ->  Seq Scan on movie_info mi  (cost=0.00..309384.22 rows=14739122 width=4) (actual time=0.004..3284.083 rows=14835720 loops=1)
  ->  Hash  (cost=92039.55..92039.55 rows=4609 width=8) (actual time=649.102..649.102 rows=3656 loops=1)
        Buckets: 8192  Batches: 1  Memory Usage: 207kB
        ->  Nested Loop  (cost=0.43..92039.55 rows=4609 width=8) (actual time=263.456..647.197 rows=3656 loops=1)
              ->  Seq Scan on movie_companies mc  (cost=0.00..57926.93 rows=4609 width=4) (actual time=263.341..594.537 rows=3656 loops=1)
                    Filter: ((company_id = 1451) AND (company_type_id = 2))
                    Rows Removed by Filter: 2605473
              ->  Index Only Scan using title_pkey on title t  (cost=0.43..7.39 rows=1 width=4) (actual time=0.013..0.014 rows=1 loops=3656)
                    Index Cond: (id = mc.movie_id)
                    Heap Fetches: 3656
Planning time: 0.691 ms
Execution time: 6959.654 ms
