Hash Join  (cost=190230.21..271359.29 rows=780280 width=0) (actual time=3965.326..6383.622 rows=2039664 loops=1)
  Hash Cond: (mc.movie_id = t.id)
  ->  Seq Scan on movie_companies mc  (cost=0.00..51404.11 rows=1429645 width=4) (actual time=0.020..894.692 rows=1434155 loops=1)
        Filter: (company_id > 9969)
        Rows Removed by Filter: 1174974
  ->  Hash  (cost=167588.78..167588.78 rows=1380035 width=8) (actual time=3964.057..3964.057 rows=1380035 loops=1)
        Buckets: 131072  Batches: 32  Memory Usage: 2708kB
        ->  Hash Join  (cost=102767.86..167588.78 rows=1380035 width=8) (actual time=1703.678..3555.287 rows=1380035 loops=1)
              Hash Cond: (mi_idx.movie_id = t.id)
              ->  Seq Scan on movie_info_idx mi_idx  (cost=0.00..21735.35 rows=1380035 width=4) (actual time=0.014..384.853 rows=1380035 loops=1)
              ->  Hash  (cost=61283.27..61283.27 rows=2528527 width=4) (actual time=1702.666..1702.666 rows=2528312 loops=1)
                    Buckets: 131072  Batches: 64  Memory Usage: 2415kB
                    ->  Seq Scan on title t  (cost=0.00..61283.27 rows=2528527 width=4) (actual time=0.024..849.498 rows=2528312 loops=1)
Planning time: 1.086 ms
Execution time: 6642.644 ms
