Hash Join  (cost=210836.82..752523.10 rows=5799335 width=0) (actual time=3875.758..18122.298 rows=9729459 loops=1)
  Hash Cond: (mi.movie_id = t.id)
  ->  Seq Scan on movie_info mi  (cost=0.00..309384.22 rows=14739122 width=4) (actual time=0.013..4691.348 rows=14835720 loops=1)
  ->  Hash  (cost=194513.72..194513.72 rows=994888 width=8) (actual time=3874.754..3874.754 rows=696309 loops=1)
        Buckets: 131072  Batches: 16  Memory Usage: 2722kB
        ->  Hash Join  (cost=102767.86..194513.72 rows=994888 width=8) (actual time=1858.277..3662.576 rows=696309 loops=1)
              Hash Cond: (mc.movie_id = t.id)
              ->  Seq Scan on movie_companies mc  (cost=0.00..57926.93 rows=994888 width=4) (actual time=124.427..936.304 rows=696309 loops=1)
                    Filter: ((company_id < 52181) AND (company_type_id > 1))
                    Rows Removed by Filter: 1912820
              ->  Hash  (cost=61283.27..61283.27 rows=2528527 width=4) (actual time=1732.553..1732.553 rows=2528312 loops=1)
                    Buckets: 131072  Batches: 64  Memory Usage: 2415kB
                    ->  Seq Scan on title t  (cost=0.00..61283.27 rows=2528527 width=4) (actual time=0.017..889.342 rows=2528312 loops=1)
Planning time: 1.129 ms
Execution time: 19144.612 ms
