Hash Join  (cost=82474.87..1192961.78 rows=7464775 width=0) (actual time=1276.764..32271.654 rows=8736082 loops=1)
  Hash Cond: (ci.movie_id = t.id)
  ->  Seq Scan on cast_info ci  (cost=0.00..614943.12 rows=36225612 width=4) (actual time=0.024..10835.800 rows=36244344 loops=1)
  ->  Hash  (cost=73925.90..73925.90 rows=521037 width=4) (actual time=1275.880..1275.880 rows=557941 loops=1)
        Buckets: 131072  Batches: 8  Memory Usage: 3476kB
        ->  Seq Scan on title t  (cost=0.00..73925.90 rows=521037 width=4) (actual time=0.028..1093.418 rows=557941 loops=1)
              Filter: ((kind_id > 3) AND (production_year > 2007))
              Rows Removed by Filter: 1970371
Planning time: 0.715 ms
Execution time: 33356.953 ms
