Hash Join  (cost=102767.86..178337.73 rows=593708 width=0) (actual time=1725.632..3351.929 rows=600251 loops=1)
  Hash Cond: (mc.movie_id = t.id)
  ->  Seq Scan on movie_companies mc  (cost=0.00..51404.11 rows=593708 width=4) (actual time=0.192..722.269 rows=600251 loops=1)
        Filter: (company_id > 67681)
        Rows Removed by Filter: 2008878
  ->  Hash  (cost=61283.27..61283.27 rows=2528527 width=4) (actual time=1724.160..1724.160 rows=2528312 loops=1)
        Buckets: 131072  Batches: 64  Memory Usage: 2415kB
        ->  Seq Scan on title t  (cost=0.00..61283.27 rows=2528527 width=4) (actual time=0.042..889.415 rows=2528312 loops=1)
Planning time: 0.664 ms
Execution time: 3427.675 ms
