Hash Join  (cost=83073.21..833872.97 rows=1057 width=0) (actual time=1273.464..17733.275 rows=37042 loops=1)
  Hash Cond: (ci.movie_id = t.id)
  ->  Seq Scan on cast_info ci  (cost=0.00..614943.12 rows=36225612 width=4) (actual time=0.009..9224.996 rows=36244344 loops=1)
  ->  Hash  (cost=83072.29..83072.29 rows=74 width=8) (actual time=1272.947..1272.947 rows=614 loops=1)
        Buckets: 1024  Batches: 1  Memory Usage: 32kB
        ->  Nested Loop  (cost=0.43..83072.29 rows=74 width=8) (actual time=1.451..1272.464 rows=614 loops=1)
              ->  Seq Scan on movie_keyword mk  (cost=0.00..81003.12 rows=246 width=4) (actual time=1.411..1245.938 rows=781 loops=1)
                    Filter: (keyword_id = 371)
                    Rows Removed by Filter: 4523149
              ->  Index Scan using title_pkey on title t  (cost=0.43..8.40 rows=1 width=4) (actual time=0.032..0.033 rows=1 loops=781)
                    Index Cond: (id = mk.movie_id)
                    Filter: (kind_id < 3)
                    Rows Removed by Filter: 0
Planning time: 1.106 ms
Execution time: 17742.484 ms
