Hash Join  (cost=76444.38..875569.79 rows=12235 width=0) (actual time=4617.255..10046.339 rows=19146 loops=1)
  Hash Cond: (ci.movie_id = t.id)
  ->  Seq Scan on cast_info ci  (cost=0.00..796071.18 rows=201567 width=4) (actual time=3709.158..8970.516 rows=351940 loops=1)
        Filter: ((person_id < 53299) AND (role_id = 1))
        Rows Removed by Filter: 35892404
  ->  Hash  (cost=73925.90..73925.90 rows=153478 width=4) (actual time=907.162..907.162 rows=134760 loops=1)
        Buckets: 131072  Batches: 4  Memory Usage: 2216kB
        ->  Seq Scan on title t  (cost=0.00..73925.90 rows=153478 width=4) (actual time=0.038..865.346 rows=134760 loops=1)
              Filter: ((kind_id < 7) AND (production_year > 2010))
              Rows Removed by Filter: 2393552
Planning time: 0.671 ms
Execution time: 10049.291 ms
