Hash Join  (cost=1041697.65..1830400.70 rows=22042951 width=0) (actual time=21719.592..61540.693 rows=115956718 loops=1)
  Hash Cond: (mi.movie_id = t.id)
  ->  Seq Scan on movie_info mi  (cost=0.00..309384.22 rows=14739122 width=4) (actual time=0.017..4709.961 rows=14835720 loops=1)
  ->  Hash  (cost=979656.73..979656.73 rows=3781514 width=8) (actual time=21718.816..21718.816 rows=4558192 loops=1)
        Buckets: 131072  Batches: 64  Memory Usage: 3942kB
        ->  Hash Join  (cost=86252.72..979656.73 rows=3781514 width=8) (actual time=4715.111..20415.338 rows=4558192 loops=1)
              Hash Cond: (ci.movie_id = t.id)
              ->  Seq Scan on cast_info ci  (cost=0.00..705507.15 rows=12726058 width=4) (actual time=3549.841..11848.720 rows=12670688 loops=1)
                    Filter: (role_id = 1)
                    Rows Removed by Filter: 23573656
              ->  Hash  (cost=73925.90..73925.90 rows=751345 width=4) (actual time=1164.419..1164.419 rows=793943 loops=1)
                    Buckets: 131072  Batches: 16  Memory Usage: 2771kB
                    ->  Seq Scan on title t  (cost=0.00..73925.90 rows=751345 width=4) (actual time=0.024..937.947 rows=793943 loops=1)
                          Filter: ((kind_id < 7) AND (production_year < 2010))
                          Rows Removed by Filter: 1734369
Planning time: 1.103 ms
Execution time: 73103.390 ms
