Hash Join  (cost=193894.67..340129.42 rows=1988971 width=0) (actual time=4353.793..11009.845 rows=18169668 loops=1)
  Hash Cond: (mk.movie_id = t.id)
  ->  Seq Scan on movie_keyword mk  (cost=0.00..69693.30 rows=4523930 width=4) (actual time=0.029..1128.625 rows=4523930 loops=1)
  ->  Hash  (cost=175655.66..175655.66 rows=1111681 width=8) (actual time=4352.104..4352.104 rows=1414367 loops=1)
        Buckets: 131072 (originally 131072)  Batches: 32 (originally 16)  Memory Usage: 3073kB
        ->  Hash Join  (cost=85280.32..175655.66 rows=1111681 width=8) (actual time=1167.349..3880.473 rows=1414367 loops=1)
              Hash Cond: (mc.movie_id = t.id)
              ->  Seq Scan on movie_companies mc  (cost=0.00..44881.29 rows=2609129 width=4) (actual time=0.031..738.698 rows=2609129 loops=1)
              ->  Hash  (cost=67604.59..67604.59 rows=1077339 width=4) (actual time=1166.387..1166.387 rows=1074765 loops=1)
                    Buckets: 131072  Batches: 16  Memory Usage: 3388kB
                    ->  Seq Scan on title t  (cost=0.00..67604.59 rows=1077339 width=4) (actual time=0.017..854.163 rows=1074765 loops=1)
                          Filter: (production_year < 2001)
                          Rows Removed by Filter: 1453547
Planning time: 1.010 ms
Execution time: 12793.572 ms
