Seq Scan on movie_companies mc  (cost=0.00..51404.11 rows=866028 width=0) (actual time=0.034..706.411 rows=860784 loops=1)
  Filter: (company_id < 2507)
  Rows Removed by Filter: 1748345
Planning time: 0.306 ms
Execution time: 814.585 ms
