Hash Join  (cost=74403.17..918191.96 rows=184707 width=0) (actual time=847.534..15514.349 rows=127930 loops=1)
  Hash Cond: (ci.movie_id = t.id)
  ->  Seq Scan on cast_info ci  (cost=0.00..796071.18 rows=12232144 width=4) (actual time=0.031..12841.714 rows=7229569 loops=1)
        Filter: ((person_id < 2804653) AND (role_id > 2))
        Rows Removed by Filter: 29014775
  ->  Hash  (cost=73925.90..73925.90 rows=38181 width=4) (actual time=847.138..847.138 rows=32218 loops=1)
        Buckets: 65536  Batches: 1  Memory Usage: 1645kB
        ->  Seq Scan on title t  (cost=0.00..73925.90 rows=38181 width=4) (actual time=0.021..833.821 rows=32218 loops=1)
              Filter: ((kind_id < 3) AND (production_year = 2009))
              Rows Removed by Filter: 2496094
Planning time: 0.742 ms
Execution time: 15535.973 ms
