Hash Join  (cost=190230.21..335797.65 rows=1897436 width=0) (actual time=4232.259..9074.948 rows=8144786 loops=1)
  Hash Cond: (mk.movie_id = t.id)
  ->  Seq Scan on movie_keyword mk  (cost=0.00..81003.12 rows=3476520 width=4) (actual time=0.019..1599.589 rows=3472791 loops=1)
        Filter: (keyword_id > 1046)
        Rows Removed by Filter: 1051139
  ->  Hash  (cost=167588.78..167588.78 rows=1380035 width=8) (actual time=4231.311..4231.311 rows=1380035 loops=1)
        Buckets: 131072  Batches: 32  Memory Usage: 2726kB
        ->  Hash Join  (cost=102767.86..167588.78 rows=1380035 width=8) (actual time=2016.524..3844.459 rows=1380035 loops=1)
              Hash Cond: (mi_idx.movie_id = t.id)
              ->  Seq Scan on movie_info_idx mi_idx  (cost=0.00..21735.35 rows=1380035 width=4) (actual time=0.022..390.093 rows=1380035 loops=1)
              ->  Hash  (cost=61283.27..61283.27 rows=2528527 width=4) (actual time=2014.713..2014.713 rows=2528312 loops=1)
                    Buckets: 131072  Batches: 64  Memory Usage: 2415kB
                    ->  Seq Scan on title t  (cost=0.00..61283.27 rows=2528527 width=4) (actual time=0.016..884.080 rows=2528312 loops=1)
Planning time: 1.102 ms
Execution time: 9856.976 ms
