Seq Scan on movie_companies mc  (cost=0.00..57926.93 rows=990475 width=0) (actual time=373.208..888.122 rows=849193 loops=1)
  Filter: ((company_id > 666) AND (company_type_id = 1))
  Rows Removed by Filter: 1759936
Planning time: 0.340 ms
Execution time: 996.760 ms
