Hash Join  (cost=74406.67..165929.06 rows=41005 width=0) (actual time=1066.704..2801.406 rows=29964 loops=1)
  Hash Cond: (mk.movie_id = t.id)
  ->  Seq Scan on movie_keyword mk  (cost=0.00..81003.12 rows=2695791 width=4) (actual time=0.027..1286.795 rows=2688809 loops=1)
        Filter: (keyword_id > 3029)
        Rows Removed by Filter: 1835121
  ->  Hash  (cost=73925.90..73925.90 rows=38461 width=4) (actual time=1065.307..1065.307 rows=44913 loops=1)
        Buckets: 65536  Batches: 1  Memory Usage: 2091kB
        ->  Seq Scan on title t  (cost=0.00..73925.90 rows=38461 width=4) (actual time=0.052..1046.079 rows=44913 loops=1)
              Filter: ((kind_id > 1) AND (production_year = 2000))
              Rows Removed by Filter: 2483399
Planning time: 0.703 ms
Execution time: 2805.701 ms
