Hash Join  (cost=190230.21..333855.91 rows=1835214 width=0) (actual time=4514.556..10015.332 rows=7817235 loops=1)
  Hash Cond: (mk.movie_id = t.id)
  ->  Seq Scan on movie_keyword mk  (cost=0.00..81003.12 rows=3362515 width=4) (actual time=0.039..1518.743 rows=3349081 loops=1)
        Filter: (keyword_id < 15860)
        Rows Removed by Filter: 1174849
  ->  Hash  (cost=167588.78..167588.78 rows=1380035 width=8) (actual time=4512.675..4512.675 rows=1380035 loops=1)
        Buckets: 131072  Batches: 32  Memory Usage: 2726kB
        ->  Hash Join  (cost=102767.86..167588.78 rows=1380035 width=8) (actual time=2242.861..4101.433 rows=1380035 loops=1)
              Hash Cond: (mi_idx.movie_id = t.id)
              ->  Seq Scan on movie_info_idx mi_idx  (cost=0.00..21735.35 rows=1380035 width=4) (actual time=0.016..386.497 rows=1380035 loops=1)
              ->  Hash  (cost=61283.27..61283.27 rows=2528527 width=4) (actual time=2240.911..2240.911 rows=2528312 loops=1)
                    Buckets: 131072  Batches: 64  Memory Usage: 2415kB
                    ->  Seq Scan on title t  (cost=0.00..61283.27 rows=2528527 width=4) (actual time=0.018..779.030 rows=2528312 loops=1)
Planning time: 1.085 ms
Execution time: 10790.501 ms
