Hash Join  (cost=87162.74..186707.14 rows=332798 width=0) (actual time=1999.059..4072.879 rows=819461 loops=1)
  Hash Cond: (mk.movie_id = t.id)
  ->  Seq Scan on movie_keyword mk  (cost=0.00..81003.12 rows=1043012 width=4) (actual time=0.018..1237.570 rows=1053153 loops=1)
        Filter: (keyword_id > 16802)
        Rows Removed by Filter: 3470777
  ->  Hash  (cost=73925.90..73925.90 rows=806787 width=4) (actual time=1998.170..1998.170 rows=843018 loops=1)
        Buckets: 131072  Batches: 16  Memory Usage: 2888kB
        ->  Seq Scan on title t  (cost=0.00..73925.90 rows=806787 width=4) (actual time=0.021..1116.401 rows=843018 loops=1)
              Filter: ((kind_id < 7) AND (production_year < 2011))
              Rows Removed by Filter: 1685294
Planning time: 0.714 ms
Execution time: 4167.057 ms
