Nested Loop  (cost=32749.09..113279.21 rows=3043 width=0) (actual time=555.358..1484.551 rows=5082 loops=1)
  Join Filter: (mc.movie_id = t.id)
  ->  Hash Join  (cost=32748.66..91222.68 rows=25861 width=8) (actual time=538.307..1306.920 rows=11796 loops=1)
        Hash Cond: (mc.movie_id = mi_idx.movie_id)
        ->  Seq Scan on movie_companies mc  (cost=0.00..51404.11 rows=27396 width=4) (actual time=0.063..669.370 rows=27303 loops=1)
              Filter: (company_id = 27)
              Rows Removed by Filter: 2581826
        ->  Hash  (cost=25185.44..25185.44 rows=460978 width=4) (actual time=536.130..536.130 rows=459925 loops=1)
              Buckets: 131072  Batches: 8  Memory Usage: 3050kB
              ->  Seq Scan on movie_info_idx mi_idx  (cost=0.00..25185.44 rows=460978 width=4) (actual time=0.017..395.790 rows=459925 loops=1)
                    Filter: (info_type_id = 99)
                    Rows Removed by Filter: 920110
  ->  Index Scan using title_pkey on title t  (cost=0.43..0.84 rows=1 width=4) (actual time=0.014..0.014 rows=0 loops=11796)
        Index Cond: (id = mi_idx.movie_id)
        Filter: (kind_id = 7)
        Rows Removed by Filter: 1
Planning time: 1.115 ms
Execution time: 1486.010 ms
