Hash Join  (cost=126645.57..490649.23 rows=125912 width=0) (actual time=3539.162..6839.799 rows=355012 loops=1)
  Hash Cond: (mi.movie_id = t.id)
  ->  Seq Scan on movie_info mi  (cost=0.00..346232.03 rows=1348138 width=4) (actual time=1004.694..3571.060 rows=1298989 loops=1)
        Filter: (info_type_id = 4)
        Rows Removed by Filter: 13536731
  ->  Hash  (cost=122770.61..122770.61 rows=236157 width=8) (actual time=2533.739..2533.739 rows=314770 loops=1)
        Buckets: 131072 (originally 131072)  Batches: 8 (originally 4)  Memory Usage: 3073kB
        ->  Hash Join  (cost=81025.55..122770.61 rows=236157 width=8) (actual time=1208.864..2423.728 rows=314770 loops=1)
              Hash Cond: (mi_idx.movie_id = t.id)
              ->  Seq Scan on movie_info_idx mi_idx  (cost=0.00..21735.35 rows=1380035 width=4) (actual time=0.018..434.823 rows=1380035 loops=1)
              ->  Hash  (cost=73925.90..73925.90 rows=432692 width=4) (actual time=1208.005..1208.005 rows=368246 loops=1)
                    Buckets: 131072  Batches: 8  Memory Usage: 2639kB
                    ->  Seq Scan on title t  (cost=0.00..73925.90 rows=432692 width=4) (actual time=0.030..960.386 rows=368246 loops=1)
                          Filter: ((kind_id < 7) AND (production_year > 2004))
                          Rows Removed by Filter: 2160066
Planning time: 1.041 ms
Execution time: 6886.732 ms
