Seq Scan on movie_companies mc  (cost=0.00..51404.11 rows=104 width=0) (actual time=215.438..804.580 rows=39 loops=1)
  Filter: (company_id = 9368)
  Rows Removed by Filter: 2609090
Planning time: 0.394 ms
Execution time: 804.672 ms
