Hash Join  (cost=164509.44..511441.49 rows=834 width=0) (actual time=6549.913..6875.812 rows=1276 loops=1)
  Hash Cond: (mi.movie_id = t.id)
  ->  Seq Scan on movie_info mi  (cost=0.00..346232.03 rows=17937 width=4) (actual time=3565.882..4048.105 rows=109034 loops=1)
        Filter: (info_type_id = 106)
        Rows Removed by Filter: 14726686
  ->  Hash  (cost=162580.34..162580.34 rows=117528 width=8) (actual time=2791.470..2791.470 rows=32611 loops=1)
        Buckets: 131072  Batches: 2  Memory Usage: 1676kB
        ->  Hash Join  (cost=74747.02..162580.34 rows=117528 width=8) (actual time=1427.289..2780.172 rows=32611 loops=1)
              Hash Cond: (mk.movie_id = t.id)
              ->  Seq Scan on movie_keyword mk  (cost=0.00..69693.30 rows=4523930 width=4) (actual time=0.040..832.424 rows=4523930 loops=1)
              ->  Hash  (cost=73925.90..73925.90 rows=65689 width=4) (actual time=1025.168..1025.168 rows=74524 loops=1)
                    Buckets: 131072  Batches: 1  Memory Usage: 3644kB
                    ->  Seq Scan on title t  (cost=0.00..73925.90 rows=65689 width=4) (actual time=146.708..995.608 rows=74524 loops=1)
                          Filter: ((kind_id = 7) AND (production_year = 2006))
                          Rows Removed by Filter: 2453788
Planning time: 1.162 ms
Execution time: 6876.229 ms
