Seq Scan on movie_companies mc  (cost=0.00..57926.93 rows=1706 width=0) (actual time=0.437..695.013 rows=2396 loops=1)
  Filter: ((company_id = 419) AND (company_type_id = 1))
  Rows Removed by Filter: 2606733
Planning time: 0.338 ms
Execution time: 695.610 ms
