Hash Join  (cost=83810.17..213268.92 rows=1126166 width=0) (actual time=1235.515..5007.784 rows=2433878 loops=1)
  Hash Cond: (mk.movie_id = t.id)
  ->  Seq Scan on movie_keyword mk  (cost=0.00..81003.12 rows=2882924 width=4) (actual time=0.021..1433.703 rows=2872884 loops=1)
        Filter: (keyword_id > 2517)
        Rows Removed by Filter: 1651046
  ->  Hash  (cost=67604.59..67604.59 rows=987727 width=4) (actual time=1234.450..1234.450 rows=985048 loops=1)
        Buckets: 131072  Batches: 16  Memory Usage: 3197kB
        ->  Seq Scan on title t  (cost=0.00..67604.59 rows=987727 width=4) (actual time=0.043..917.301 rows=985048 loops=1)
              Filter: (kind_id < 7)
              Rows Removed by Filter: 1543264
Planning time: 0.686 ms
Execution time: 5314.869 ms
