Hash Join  (cost=125039.19..179707.93 rows=321 width=0) (actual time=4065.721..4742.989 rows=1469 loops=1)
  Hash Cond: (mc.movie_id = t.id)
  ->  Seq Scan on movie_companies mc  (cost=0.00..44881.29 rows=2609129 width=4) (actual time=0.020..347.671 rows=2609129 loops=1)
  ->  Hash  (cost=125035.30..125035.30 rows=311 width=8) (actual time=4064.431..4064.431 rows=297 loops=1)
        Buckets: 1024  Batches: 1  Memory Usage: 20kB
        ->  Nested Loop  (cost=0.43..125035.30 rows=311 width=8) (actual time=8.596..4064.125 rows=297 loops=1)
              ->  Seq Scan on movie_keyword mk  (cost=0.00..81003.12 rows=6183 width=4) (actual time=0.293..1125.183 rows=6790 loops=1)
                    Filter: (keyword_id = 495)
                    Rows Removed by Filter: 4517140
              ->  Index Scan using title_pkey on title t  (cost=0.43..7.11 rows=1 width=4) (actual time=0.432..0.432 rows=0 loops=6790)
                    Index Cond: (id = mk.movie_id)
                    Filter: (production_year = 2009)
                    Rows Removed by Filter: 1
Planning time: 16.495 ms
Execution time: 4743.355 ms
