Nested Loop  (cost=0.43..83072.29 rows=96 width=0) (actual time=83.699..1004.627 rows=10 loops=1)
  ->  Seq Scan on movie_keyword mk  (cost=0.00..81003.12 rows=246 width=4) (actual time=33.205..1003.677 rows=17 loops=1)
        Filter: (keyword_id = 11579)
        Rows Removed by Filter: 4523913
  ->  Index Scan using title_pkey on title t  (cost=0.43..8.40 rows=1 width=4) (actual time=0.049..0.050 rows=1 loops=17)
        Index Cond: (id = mk.movie_id)
        Filter: (kind_id < 7)
        Rows Removed by Filter: 0
Planning time: 0.956 ms
Execution time: 1004.748 ms
