Hash Join  (cost=79202.88..117442.71 rows=116893 width=0) (actual time=984.324..1851.214 rows=50164 loops=1)
  Hash Cond: (mi_idx.movie_id = t.id)
  ->  Seq Scan on movie_info_idx mi_idx  (cost=0.00..25185.44 rows=919057 width=4) (actual time=0.032..451.821 rows=920110 loops=1)
        Filter: (info_type_id > 99)
        Rows Removed by Filter: 459925
  ->  Hash  (cost=73925.90..73925.90 rows=321598 width=4) (actual time=964.368..964.368 rows=210850 loops=1)
        Buckets: 131072  Batches: 8  Memory Usage: 1941kB
        ->  Seq Scan on title t  (cost=0.00..73925.90 rows=321598 width=4) (actual time=0.024..902.099 rows=210850 loops=1)
              Filter: ((kind_id > 4) AND (production_year < 1981))
              Rows Removed by Filter: 2317462
Planning time: 0.709 ms
Execution time: 1857.856 ms
