Hash Join  (cost=127808.79..623440.54 rows=1483181 width=0) (actual time=2563.609..16374.163 rows=11574065 loops=1)
  Hash Cond: (mi.movie_id = t.id)
  ->  Seq Scan on movie_info mi  (cost=0.00..309384.22 rows=14739122 width=4) (actual time=0.013..4790.802 rows=14835720 loops=1)
  ->  Hash  (cost=123634.25..123634.25 rows=254443 width=8) (actual time=2562.920..2562.920 rows=556575 loops=1)
        Buckets: 131072 (originally 131072)  Batches: 8 (originally 4)  Memory Usage: 3775kB
        ->  Hash Join  (cost=81575.34..123634.25 rows=254443 width=8) (actual time=1122.607..2376.593 rows=556575 loops=1)
              Hash Cond: (mi_idx.movie_id = t.id)
              ->  Seq Scan on movie_info_idx mi_idx  (cost=0.00..21735.35 rows=1380035 width=4) (actual time=0.021..370.656 rows=1380035 loops=1)
              ->  Hash  (cost=73925.90..73925.90 rows=466195 width=4) (actual time=1121.748..1121.748 rows=516974 loops=1)
                    Buckets: 131072  Batches: 8  Memory Usage: 3310kB
                    ->  Seq Scan on title t  (cost=0.00..73925.90 rows=466195 width=4) (actual time=0.027..955.882 rows=516974 loops=1)
                          Filter: ((kind_id < 3) AND (production_year < 2007))
                          Rows Removed by Filter: 2011338
Planning time: 2.038 ms
Execution time: 17570.547 ms
