Seq Scan on title t  (cost=0.00..67604.59 rows=148677 width=0) (actual time=0.018..878.223 rows=151511 loops=1)
  Filter: (production_year < 1945)
  Rows Removed by Filter: 2376801
Planning time: 0.261 ms
Execution time: 897.902 ms
