Seq Scan on movie_keyword mk  (cost=0.00..81003.12 rows=246 width=0) (actual time=7.420..1102.422 rows=1040 loops=1)
  Filter: (keyword_id = 1711)
  Rows Removed by Filter: 4522890
Planning time: 0.329 ms
Execution time: 1102.849 ms
