Hash Join  (cost=1132864.48..1935806.32 rows=25104120 width=0) (actual time=26633.960..50947.139 rows=28190827 loops=1)
  Hash Cond: (mi.movie_id = t.id)
  ->  Seq Scan on movie_info mi  (cost=0.00..309384.22 rows=14739122 width=4) (actual time=0.016..6241.466 rows=14835720 loops=1)
  ->  Hash  (cost=1062208.18..1062208.18 rows=4306664 width=8) (actual time=26631.600..26631.600 rows=5049287 loops=1)
        Buckets: 131072 (originally 131072)  Batches: 128 (originally 64)  Memory Usage: 4040kB
        ->  Hash Join  (cost=89893.22..1062208.18 rows=4306664 width=8) (actual time=7443.634..25273.505 rows=5049287 loops=1)
              Hash Cond: (ci.movie_id = t.id)
              ->  Seq Scan on cast_info ci  (cost=0.00..796071.18 rows=11189105 width=4) (actual time=5871.310..16281.646 rows=11514894 loops=1)
                    Filter: ((person_id > 285444) AND (role_id > 3))
                    Rows Removed by Filter: 24729450
              ->  Hash  (cost=73925.90..73925.90 rows=973225 width=4) (actual time=1571.021..1571.021 rows=1057588 loops=1)
                    Buckets: 131072  Batches: 16  Memory Usage: 3355kB
                    ->  Seq Scan on title t  (cost=0.00..73925.90 rows=973225 width=4) (actual time=0.027..1255.892 rows=1057588 loops=1)
                          Filter: ((kind_id > 1) AND (production_year > 2001))
                          Rows Removed by Filter: 1470724
Planning time: 1.320 ms
Execution time: 54138.642 ms
