Hash Join  (cost=139152.68..221771.78 rows=549057 width=0) (actual time=3061.103..5836.173 rows=3136685 loops=1)
  Hash Cond: (mc.movie_id = t.id)
  ->  Seq Scan on movie_companies mc  (cost=0.00..44881.29 rows=2609129 width=4) (actual time=0.022..723.465 rows=2609129 loops=1)
  ->  Hash  (cost=130422.48..130422.48 rows=532096 width=8) (actual time=3060.122..3060.122 rows=937655 loops=1)
        Buckets: 131072 (originally 131072)  Batches: 16 (originally 8)  Memory Usage: 3312kB
        ->  Hash Join  (cost=83600.04..130422.48 rows=532096 width=8) (actual time=1296.137..2781.480 rows=937655 loops=1)
              Hash Cond: (mi_idx.movie_id = t.id)
              ->  Seq Scan on movie_info_idx mi_idx  (cost=0.00..21735.35 rows=1380035 width=4) (actual time=0.023..413.618 rows=1380035 loops=1)
              ->  Hash  (cost=67604.59..67604.59 rows=974916 width=4) (actual time=1294.865..1294.865 rows=972448 loops=1)
                    Buckets: 131072  Batches: 16  Memory Usage: 3160kB
                    ->  Seq Scan on title t  (cost=0.00..67604.59 rows=974916 width=4) (actual time=0.012..991.452 rows=972448 loops=1)
                          Filter: (kind_id < 6)
                          Rows Removed by Filter: 1555864
Planning time: 1.063 ms
Execution time: 6184.546 ms
