Seq Scan on cast_info ci  (cost=0.00..796071.18 rows=168 width=42) (actual time=2999.918..5207.620 rows=159 loops=1)
  Filter: ((role_id > 3) AND (person_id = 1498381))
  Rows Removed by Filter: 36244185
Planning time: 0.379 ms
Execution time: 5207.650 ms
