Seq Scan on movie_keyword mk  (cost=0.00..81003.12 rows=4257828 width=0) (actual time=0.031..1379.303 rows=4257101 loops=1)
  Filter: (keyword_id < 58760)
  Rows Removed by Filter: 266829
Planning time: 0.261 ms
Execution time: 1913.684 ms
