Hash Join  (cost=100944.53..453974.14 rows=720 width=0) (actual time=2713.333..5562.832 rows=2856 loops=1)
  Hash Cond: (mi.movie_id = t.id)
  ->  Seq Scan on movie_info mi  (cost=0.00..346232.03 rows=1810770 width=4) (actual time=1230.143..3808.433 rows=1865632 loops=1)
        Filter: (info_type_id > 17)
        Rows Removed by Filter: 12970088
  ->  Hash  (cost=100931.95..100931.95 rows=1006 width=8) (actual time=1482.896..1482.896 rows=1900 loops=1)
        Buckets: 2048 (originally 1024)  Batches: 1 (originally 1)  Memory Usage: 91kB
        ->  Hash Join  (cost=73994.33..100931.95 rows=1006 width=8) (actual time=968.698..1482.030 rows=1900 loops=1)
              Hash Cond: (mi_idx.movie_id = t.id)
              ->  Seq Scan on movie_info_idx mi_idx  (cost=0.00..25185.44 rows=464566 width=4) (actual time=0.029..422.612 rows=459925 loops=1)
                    Filter: (info_type_id = 101)
                    Rows Removed by Filter: 920110
              ->  Hash  (cost=73925.90..73925.90 rows=5474 width=4) (actual time=966.002..966.002 rows=10544 loops=1)
                    Buckets: 16384 (originally 8192)  Batches: 1 (originally 1)  Memory Usage: 499kB
                    ->  Seq Scan on title t  (cost=0.00..73925.90 rows=5474 width=4) (actual time=0.123..960.833 rows=10544 loops=1)
                          Filter: ((kind_id > 1) AND (production_year = 1979))
                          Rows Removed by Filter: 2517768
Planning time: 1.126 ms
Execution time: 5563.546 ms
