Hash Join  (cost=190230.21..1157748.46 rows=5324818 width=0) (actual time=3785.393..24903.799 rows=13151443 loops=1)
  Hash Cond: (ci.movie_id = t.id)
  ->  Seq Scan on cast_info ci  (cost=0.00..796071.18 rows=9756235 width=4) (actual time=0.022..12012.716 rows=11436109 loops=1)
        Filter: ((person_id < 1299897) AND (role_id < 5))
        Rows Removed by Filter: 24808235
  ->  Hash  (cost=167588.78..167588.78 rows=1380035 width=8) (actual time=3784.394..3784.394 rows=1380035 loops=1)
        Buckets: 131072  Batches: 32  Memory Usage: 2708kB
        ->  Hash Join  (cost=102767.86..167588.78 rows=1380035 width=8) (actual time=1732.062..3442.003 rows=1380035 loops=1)
              Hash Cond: (mi_idx.movie_id = t.id)
              ->  Seq Scan on movie_info_idx mi_idx  (cost=0.00..21735.35 rows=1380035 width=4) (actual time=0.013..376.204 rows=1380035 loops=1)
              ->  Hash  (cost=61283.27..61283.27 rows=2528527 width=4) (actual time=1730.818..1730.818 rows=2528312 loops=1)
                    Buckets: 131072  Batches: 64  Memory Usage: 2415kB
                    ->  Seq Scan on title t  (cost=0.00..61283.27 rows=2528527 width=4) (actual time=0.015..883.888 rows=2528312 loops=1)
Planning time: 0.766 ms
Execution time: 26454.650 ms
