Seq Scan on movie_companies mc  (cost=0.00..51404.11 rows=1990431 width=0) (actual time=0.022..763.904 rows=1986193 loops=1)
  Filter: (company_id < 61606)
  Rows Removed by Filter: 622936
Planning time: 0.277 ms
Execution time: 999.514 ms
