Hash Join  (cost=170512.41..554057.56 rows=177696 width=0) (actual time=3119.739..9162.379 rows=54941 loops=1)
  Hash Cond: (mi.movie_id = t.id)
  ->  Seq Scan on movie_info mi  (cost=0.00..346232.03 rows=9476311 width=4) (actual time=0.020..4722.926 rows=9565151 loops=1)
        Filter: (info_type_id < 16)
        Rows Removed by Filter: 5270569
  ->  Hash  (cost=169919.73..169919.73 rows=47414 width=8) (actual time=2926.084..2926.084 rows=10082 loops=1)
        Buckets: 65536  Batches: 1  Memory Usage: 906kB
        ->  Hash Join  (cost=74323.94..169919.73 rows=47414 width=8) (actual time=1700.944..2922.489 rows=10082 loops=1)
              Hash Cond: (mk.movie_id = t.id)
              ->  Seq Scan on movie_keyword mk  (cost=0.00..81003.12 rows=3764940 width=4) (actual time=0.014..1397.930 rows=3758711 loops=1)
                    Filter: (keyword_id < 24436)
                    Rows Removed by Filter: 765219
              ->  Hash  (cost=73925.90..73925.90 rows=31843 width=4) (actual time=901.927..901.927 rows=35656 loops=1)
                    Buckets: 65536 (originally 32768)  Batches: 1 (originally 1)  Memory Usage: 1766kB
                    ->  Seq Scan on title t  (cost=0.00..73925.90 rows=31843 width=4) (actual time=0.026..886.665 rows=35656 loops=1)
                          Filter: ((kind_id = 7) AND (production_year = 2000))
                          Rows Removed by Filter: 2492656
Planning time: 1.422 ms
Execution time: 9169.183 ms
