Hash Join  (cost=82261.55..210194.08 rows=665392 width=0) (actual time=1871.754..4779.813 rows=232371 loops=1)
  Hash Cond: (mk.movie_id = t.id)
  ->  Seq Scan on movie_keyword mk  (cost=0.00..81003.12 rows=3311595 width=4) (actual time=0.025..1494.704 rows=3307835 loops=1)
        Filter: (keyword_id > 1531)
        Rows Removed by Filter: 1216095
  ->  Hash  (cost=73925.90..73925.90 rows=508052 width=4) (actual time=1870.932..1870.932 rows=368581 loops=1)
        Buckets: 131072  Batches: 8  Memory Usage: 2640kB
        ->  Seq Scan on title t  (cost=0.00..73925.90 rows=508052 width=4) (actual time=0.012..1029.317 rows=368581 loops=1)
              Filter: ((kind_id > 1) AND (production_year < 1990))
              Rows Removed by Filter: 2159731
Planning time: 0.746 ms
Execution time: 4806.977 ms
