Hash Join  (cost=78556.72..192172.92 rows=557708 width=0) (actual time=1120.501..3521.071 rows=1343040 loops=1)
  Hash Cond: (mk.movie_id = t.id)
  ->  Seq Scan on movie_keyword mk  (cost=0.00..81003.12 rows=2112530 width=4) (actual time=0.027..1295.115 rows=2111169 loops=1)
        Filter: (keyword_id > 5662)
        Rows Removed by Filter: 2412761
  ->  Hash  (cost=67604.59..67604.59 rows=667531 width=4) (actual time=1118.921..1118.921 rows=662825 loops=1)
        Buckets: 131072  Batches: 16  Memory Usage: 2486kB
        ->  Seq Scan on title t  (cost=0.00..67604.59 rows=667531 width=4) (actual time=18.269..910.327 rows=662825 loops=1)
              Filter: (kind_id = 1)
              Rows Removed by Filter: 1865487
Planning time: 0.694 ms
Execution time: 3625.389 ms
