Hash Join  (cost=92735.26..213487.29 rows=1083878 width=0) (actual time=1842.151..4775.810 rows=906508 loops=1)
  Hash Cond: (mk.movie_id = t.id)
  ->  Seq Scan on movie_keyword mk  (cost=0.00..81003.12 rows=1789224 width=4) (actual time=0.013..1609.062 rows=1797275 loops=1)
        Filter: (keyword_id > 7759)
        Rows Removed by Filter: 2726655
  ->  Hash  (cost=67604.59..67604.59 rows=1531734 width=4) (actual time=1840.527..1840.527 rows=1531613 loops=1)
        Buckets: 131072  Batches: 32  Memory Usage: 2716kB
        ->  Seq Scan on title t  (cost=0.00..67604.59 rows=1531734 width=4) (actual time=0.015..1331.193 rows=1531613 loops=1)
              Filter: (production_year > 1997)
              Rows Removed by Filter: 996699
Planning time: 1.277 ms
Execution time: 4879.189 ms
