Nested Loop  (cost=40199.63..130852.44 rows=1474 width=0) (actual time=1106.371..2352.758 rows=4996 loops=1)
  ->  Hash Join  (cost=40199.20..125602.18 rows=8026 width=8) (actual time=1106.285..2289.742 rows=4996 loops=1)
        Hash Cond: (mk.movie_id = mi_idx.movie_id)
        ->  Seq Scan on movie_keyword mk  (cost=0.00..81003.12 rows=4072 width=4) (actual time=0.717..1034.297 rows=3426 loops=1)
              Filter: (keyword_id = 820)
              Rows Removed by Filter: 4520504
        ->  Hash  (cost=25185.44..25185.44 rows=915101 width=4) (actual time=1098.253..1098.253 rows=919850 loops=1)
              Buckets: 131072  Batches: 16  Memory Usage: 3057kB
              ->  Seq Scan on movie_info_idx mi_idx  (cost=0.00..25185.44 rows=915101 width=4) (actual time=0.018..479.106 rows=919850 loops=1)
                    Filter: (info_type_id < 101)
                    Rows Removed by Filter: 460185
  ->  Index Only Scan using title_pkey on title t  (cost=0.43..0.64 rows=1 width=4) (actual time=0.012..0.012 rows=1 loops=4996)
        Index Cond: (id = mi_idx.movie_id)
        Heap Fetches: 4996
Planning time: 1.165 ms
Execution time: 2353.838 ms
