Seq Scan on cast_info ci  (cost=0.00..705507.15 rows=500 width=0) (actual time=6527.123..9113.921 rows=232 loops=1)
  Filter: (person_id = 2800699)
  Rows Removed by Filter: 36244112
Planning time: 0.362 ms
Execution time: 9114.023 ms
