Hash Join  (cost=75628.29..199891.88 rows=185555 width=0) (actual time=929.903..3706.257 rows=720410 loops=1)
  Hash Cond: (mk.movie_id = t.id)
  ->  Seq Scan on movie_keyword mk  (cost=0.00..69693.30 rows=4523930 width=4) (actual time=0.015..1141.172 rows=4523930 loops=1)
  ->  Hash  (cost=73925.90..73925.90 rows=103711 width=4) (actual time=928.936..928.936 rows=203434 loops=1)
        Buckets: 131072 (originally 131072)  Batches: 4 (originally 2)  Memory Usage: 3073kB
        ->  Seq Scan on title t  (cost=0.00..73925.90 rows=103711 width=4) (actual time=0.093..853.905 rows=203434 loops=1)
              Filter: ((kind_id < 7) AND (production_year < 1962))
              Rows Removed by Filter: 2324878
Planning time: 0.719 ms
Execution time: 3770.760 ms
