Hash Join  (cost=156209.36..224469.33 rows=115061 width=0) (actual time=2712.110..4195.508 rows=535211 loops=1)
  Hash Cond: (mc.movie_id = t.id)
  ->  Seq Scan on movie_companies mc  (cost=0.00..57926.93 rows=640648 width=4) (actual time=0.011..880.370 rows=871911 loops=1)
        Filter: ((company_id < 11276) AND (company_type_id < 2))
        Rows Removed by Filter: 1737218
  ->  Hash  (cost=148758.81..148758.81 rows=454124 width=8) (actual time=2711.265..2711.265 rows=459925 loops=1)
        Buckets: 131072  Batches: 8  Memory Usage: 3275kB
        ->  Hash Join  (cost=102767.86..148758.81 rows=454124 width=8) (actual time=1523.923..2599.565 rows=459925 loops=1)
              Hash Cond: (mi_idx.movie_id = t.id)
              ->  Seq Scan on movie_info_idx mi_idx  (cost=0.00..25185.44 rows=454124 width=4) (actual time=0.032..403.305 rows=459925 loops=1)
                    Filter: (info_type_id = 100)
                    Rows Removed by Filter: 920110
              ->  Hash  (cost=61283.27..61283.27 rows=2528527 width=4) (actual time=1523.068..1523.068 rows=2528312 loops=1)
                    Buckets: 131072  Batches: 64  Memory Usage: 2415kB
                    ->  Seq Scan on title t  (cost=0.00..61283.27 rows=2528527 width=4) (actual time=0.024..754.689 rows=2528312 loops=1)
Planning time: 1.067 ms
Execution time: 4258.929 ms
