Hash Join  (cost=106840.27..977463.96 rows=2769405 width=0) (actual time=8163.018..21333.426 rows=3700335 loops=1)
  Hash Cond: (ci.movie_id = t.id)
  ->  Seq Scan on cast_info ci  (cost=0.00..796071.18 rows=2928091 width=4) (actual time=5653.488..15253.976 rows=3872746 loops=1)
        Filter: ((person_id > 1139092) AND (role_id = 10))
        Rows Removed by Filter: 32371598
  ->  Hash  (cost=67604.59..67604.59 rows=2391495 width=4) (actual time=2508.115..2508.115 rows=2388876 loops=1)
        Buckets: 131072  Batches: 32  Memory Usage: 3646kB
        ->  Seq Scan on title t  (cost=0.00..67604.59 rows=2391495 width=4) (actual time=0.023..1483.845 rows=2388876 loops=1)
              Filter: (production_year < 2013)
              Rows Removed by Filter: 139436
Planning time: 0.987 ms
Execution time: 21720.147 ms
