Hash Join  (cost=224645.56..1371174.14 rows=10973342 width=0) (actual time=4195.504..40105.164 rows=30879903 loops=1)
  Hash Cond: (ci.movie_id = t.id)
  ->  Seq Scan on cast_info ci  (cost=0.00..614943.12 rows=36225612 width=4) (actual time=0.011..10630.550 rows=36244344 loops=1)
  ->  Hash  (cost=212079.39..212079.39 rows=765933 width=8) (actual time=4194.726..4194.726 rows=765423 loops=1)
        Buckets: 131072  Batches: 16  Memory Usage: 2919kB
        ->  Hash Join  (cost=102767.86..212079.39 rows=765933 width=8) (actual time=1733.498..3961.878 rows=765423 loops=1)
              Hash Cond: (mk.movie_id = t.id)
              ->  Seq Scan on movie_keyword mk  (cost=0.00..81003.12 rows=765933 width=4) (actual time=0.016..1174.776 rows=765423 loops=1)
                    Filter: (keyword_id < 722)
                    Rows Removed by Filter: 3758507
              ->  Hash  (cost=61283.27..61283.27 rows=2528527 width=4) (actual time=1732.330..1732.330 rows=2528312 loops=1)
                    Buckets: 131072  Batches: 64  Memory Usage: 2425kB
                    ->  Seq Scan on title t  (cost=0.00..61283.27 rows=2528527 width=4) (actual time=0.010..866.967 rows=2528312 loops=1)
Planning time: 1.069 ms
Execution time: 43365.018 ms
