Hash Join  (cost=475872.27..559102.24 rows=593344 width=0) (actual time=7671.401..9589.144 rows=1616888 loops=1)
  Hash Cond: (mc.movie_id = t.id)
  ->  Seq Scan on movie_companies mc  (cost=0.00..44881.29 rows=2609129 width=4) (actual time=0.025..612.257 rows=2609129 loops=1)
  ->  Hash  (cost=466437.60..466437.60 rows=575014 width=8) (actual time=7670.605..7670.605 rows=600339 loops=1)
        Buckets: 131072  Batches: 8  Memory Usage: 3965kB
        ->  Hash Join  (cost=97066.09..466437.60 rows=575014 width=8) (actual time=3855.135..7512.044 rows=600339 loops=1)
              Hash Cond: (mi.movie_id = t.id)
              ->  Seq Scan on movie_info mi  (cost=0.00..346232.03 rows=809669 width=4) (actual time=2139.073..4387.174 rows=802140 loops=1)
                    Filter: (info_type_id = 1)
                    Rows Removed by Filter: 14033580
              ->  Hash  (cost=67604.59..67604.59 rows=1795720 width=4) (actual time=1715.085..1715.085 rows=1794153 loops=1)
                    Buckets: 131072  Batches: 32  Memory Usage: 3001kB
                    ->  Seq Scan on title t  (cost=0.00..67604.59 rows=1795720 width=4) (actual time=0.030..1111.051 rows=1794153 loops=1)
                          Filter: (production_year < 2009)
                          Rows Removed by Filter: 734159
Planning time: 1.140 ms
Execution time: 9711.665 ms
