Seq Scan on movie_keyword mk  (cost=0.00..81003.12 rows=4338097 width=0) (actual time=0.022..1396.715 rows=4333917 loops=1)
  Filter: (keyword_id < 70943)
  Rows Removed by Filter: 190013
Planning time: 0.316 ms
Execution time: 1955.598 ms
