Seq Scan on movie_companies mc  (cost=0.00..51404.11 rows=1884249 width=0) (actual time=0.025..820.031 rows=1891526 loops=1)
  Filter: (company_id > 1381)
  Rows Removed by Filter: 717603
Planning time: 0.298 ms
Execution time: 1072.196 ms
