Hash Join  (cost=87540.77..469593.05 rows=720244 width=0) (actual time=3203.072..7269.383 rows=240378 loops=1)
  Hash Cond: (mi.movie_id = t.id)
  ->  Seq Scan on movie_info mi  (cost=0.00..346232.03 rows=2194617 width=4) (actual time=1854.070..4751.638 rows=2233850 loops=1)
        Filter: (info_type_id > 16)
        Rows Removed by Filter: 12601870
  ->  Hash  (cost=73925.90..73925.90 rows=829829 width=4) (actual time=1319.768..1319.768 rows=747613 loops=1)
        Buckets: 131072  Batches: 16  Memory Usage: 2673kB
        ->  Seq Scan on title t  (cost=0.00..73925.90 rows=829829 width=4) (actual time=0.029..1071.578 rows=747613 loops=1)
              Filter: ((kind_id > 4) AND (production_year < 2005))
              Rows Removed by Filter: 1780699
Planning time: 0.741 ms
Execution time: 7298.990 ms
