Hash Join  (cost=485262.73..1623457.03 rows=6191711 width=0) (actual time=6516.347..38323.462 rows=14343702 loops=1)
  Hash Cond: (ci.movie_id = t.id)
  ->  Seq Scan on cast_info ci  (cost=0.00..796071.18 rows=24013602 width=4) (actual time=0.014..16656.590 rows=24130698 loops=1)
        Filter: ((person_id < 4058948) AND (role_id < 4))
        Rows Removed by Filter: 12113646
  ->  Hash  (cost=474566.23..474566.23 rows=651960 width=8) (actual time=6515.438..6515.438 rows=660923 loops=1)
        Buckets: 131072  Batches: 16  Memory Usage: 2614kB
        ->  Hash Join  (cost=102767.86..474566.23 rows=651960 width=8) (actual time=2206.304..6340.476 rows=660923 loops=1)
              Hash Cond: (mi.movie_id = t.id)
              ->  Seq Scan on movie_info mi  (cost=0.00..346232.03 rows=651960 width=4) (actual time=733.180..3996.573 rows=660923 loops=1)
                    Filter: (info_type_id = 18)
                    Rows Removed by Filter: 14174797
              ->  Hash  (cost=61283.27..61283.27 rows=2528527 width=4) (actual time=1472.211..1472.211 rows=2528312 loops=1)
                    Buckets: 131072  Batches: 64  Memory Usage: 2425kB
                    ->  Seq Scan on title t  (cost=0.00..61283.27 rows=2528527 width=4) (actual time=0.025..723.653 rows=2528312 loops=1)
Planning time: 1.127 ms
Execution time: 39975.168 ms
