Hash Join  (cost=796579.38..883238.49 rows=107 width=0) (actual time=8391.400..9278.931 rows=31 loops=1)
  Hash Cond: (mk.movie_id = t.id)
  ->  Seq Scan on movie_keyword mk  (cost=0.00..69693.30 rows=4523930 width=4) (actual time=0.023..565.179 rows=4523930 loops=1)
  ->  Hash  (cost=796578.63..796578.63 rows=60 width=8) (actual time=8121.831..8121.831 rows=2 loops=1)
        Buckets: 1024  Batches: 1  Memory Usage: 9kB
        ->  Nested Loop  (cost=0.43..796578.63 rows=60 width=8) (actual time=1862.129..8121.791 rows=2 loops=1)
              ->  Seq Scan on cast_info ci  (cost=0.00..796071.18 rows=60 width=4) (actual time=1861.945..8121.579 rows=2 loops=1)
                    Filter: ((person_id = 2109215) AND (role_id = 10))
                    Rows Removed by Filter: 36244342
              ->  Index Only Scan using title_pkey on title t  (cost=0.43..8.45 rows=1 width=4) (actual time=0.065..0.066 rows=1 loops=2)
                    Index Cond: (id = ci.movie_id)
                    Heap Fetches: 2
Planning time: 1.183 ms
Execution time: 9279.019 ms
