Hash Join  (cost=161944.46..1312157.60 rows=11331997 width=0) (actual time=3268.442..37884.191 rows=15146007 loops=1)
  Hash Cond: (ci.movie_id = t.id)
  ->  Seq Scan on cast_info ci  (cost=0.00..614943.12 rows=36225612 width=4) (actual time=0.019..13551.556 rows=36244344 loops=1)
  ->  Hash  (cost=148967.37..148967.37 rows=790967 width=8) (actual time=3267.504..3267.504 rows=425568 loops=1)
        Buckets: 131072  Batches: 16  Memory Usage: 2062kB
        ->  Hash Join  (cost=97703.22..148967.37 rows=790967 width=8) (actual time=2095.842..3159.292 rows=425568 loops=1)
              Hash Cond: (mi_idx.movie_id = t.id)
              ->  Seq Scan on movie_info_idx mi_idx  (cost=0.00..21735.35 rows=1380035 width=4) (actual time=0.017..410.315 rows=1380035 loops=1)
              ->  Hash  (cost=73925.90..73925.90 rows=1449225 width=4) (actual time=1823.792..1823.792 rows=1478438 loops=1)
                    Buckets: 131072  Batches: 32  Memory Usage: 2651kB
                    ->  Seq Scan on title t  (cost=0.00..73925.90 rows=1449225 width=4) (actual time=77.456..1365.482 rows=1478438 loops=1)
                          Filter: ((production_year > 1918) AND (kind_id = 7))
                          Rows Removed by Filter: 1049874
Planning time: 1.190 ms
Execution time: 39693.265 ms
