Hash Join  (cost=175027.18..296105.07 rows=872555 width=0) (actual time=3505.927..6881.335 rows=3743622 loops=1)
  Hash Cond: (mk.movie_id = t.id)
  ->  Seq Scan on movie_keyword mk  (cost=0.00..81003.12 rows=2400590 width=4) (actual time=0.014..1342.298 rows=2393790 loops=1)
        Filter: (keyword_id > 3921)
        Rows Removed by Filter: 2130140
  ->  Hash  (cost=159947.97..159947.97 rows=919057 width=8) (actual time=3504.659..3504.659 rows=920110 loops=1)
        Buckets: 131072  Batches: 16  Memory Usage: 3283kB
        ->  Hash Join  (cost=102767.86..159947.97 rows=919057 width=8) (actual time=1602.929..3228.644 rows=920110 loops=1)
              Hash Cond: (mi_idx.movie_id = t.id)
              ->  Seq Scan on movie_info_idx mi_idx  (cost=0.00..25185.44 rows=919057 width=4) (actual time=0.023..460.745 rows=920110 loops=1)
                    Filter: (info_type_id > 99)
                    Rows Removed by Filter: 459925
              ->  Hash  (cost=61283.27..61283.27 rows=2528527 width=4) (actual time=1600.947..1600.947 rows=2528312 loops=1)
                    Buckets: 131072  Batches: 64  Memory Usage: 2415kB
                    ->  Seq Scan on title t  (cost=0.00..61283.27 rows=2528527 width=4) (actual time=0.016..760.450 rows=2528312 loops=1)
Planning time: 1.143 ms
Execution time: 7303.268 ms
