Seq Scan on cast_info ci  (cost=0.00..796071.18 rows=16682105 width=0) (actual time=1243.694..14242.828 rows=20965803 loops=1)
  Filter: ((person_id < 2597347) AND (role_id < 4))
  Rows Removed by Filter: 15278541
Planning time: 0.362 ms
Execution time: 16900.874 ms
