Hash Join  (cost=73994.33..128716.33 rows=5648 width=0) (actual time=1005.175..1983.189 rows=11927 loops=1)
  Hash Cond: (mc.movie_id = t.id)
  ->  Seq Scan on movie_companies mc  (cost=0.00..44881.29 rows=2609129 width=4) (actual time=0.012..445.099 rows=2609129 loops=1)
  ->  Hash  (cost=73925.90..73925.90 rows=5474 width=4) (actual time=1004.303..1004.303 rows=9919 loops=1)
        Buckets: 16384 (originally 8192)  Batches: 1 (originally 1)  Memory Usage: 477kB
        ->  Seq Scan on title t  (cost=0.00..73925.90 rows=5474 width=4) (actual time=0.147..999.376 rows=9919 loops=1)
              Filter: ((kind_id > 1) AND (production_year = 1966))
              Rows Removed by Filter: 2518393
Planning time: 0.744 ms
Execution time: 1985.207 ms
