Seq Scan on cast_info ci  (cost=0.00..705507.15 rows=22971255 width=0) (actual time=0.019..10630.292 rows=22851123 loops=1)
  Filter: (person_id < 2333479)
  Rows Removed by Filter: 13393221
Planning time: 0.299 ms
Execution time: 13491.914 ms
