Seq Scan on title t  (cost=0.00..73925.90 rows=2127 width=0) (actual time=0.067..846.198 rows=2732 loops=1)
  Filter: ((kind_id = 4) AND (production_year = 1998))
  Rows Removed by Filter: 2525580
Planning time: 0.380 ms
Execution time: 847.033 ms
