Hash Join  (cost=495114.93..640222.52 rows=1526085 width=0) (actual time=7051.944..10593.849 rows=1295471 loops=1)
  Hash Cond: (mk.movie_id = t.id)
  ->  Seq Scan on movie_keyword mk  (cost=0.00..81003.12 rows=3888964 width=4) (actual time=0.025..1552.375 rows=3879219 loops=1)
        Filter: (keyword_id < 29029)
        Rows Removed by Filter: 644711
  ->  Hash  (cost=478836.05..478836.05 rows=992230 width=8) (actual time=7050.754..7050.754 rows=680022 loops=1)
        Buckets: 131072  Batches: 16  Memory Usage: 2689kB
        ->  Hash Join  (cost=98137.04..478836.05 rows=992230 width=8) (actual time=5214.743..6850.416 rows=680022 loops=1)
              Hash Cond: (mi.movie_id = t.id)
              ->  Seq Scan on movie_info mi  (cost=0.00..346232.03 rows=1348138 width=4) (actual time=3643.043..4126.168 rows=1298989 loops=1)
                    Filter: (info_type_id = 4)
                    Rows Removed by Filter: 13536731
              ->  Hash  (cost=67604.59..67604.59 rows=1860996 width=4) (actual time=1570.829..1570.829 rows=1865487 loops=1)
                    Buckets: 131072  Batches: 32  Memory Usage: 3085kB
                    ->  Seq Scan on title t  (cost=0.00..67604.59 rows=1860996 width=4) (actual time=0.026..997.886 rows=1865487 loops=1)
                          Filter: (kind_id > 1)
                          Rows Removed by Filter: 662825
Planning time: 1.092 ms
Execution time: 10732.023 ms
