Hash Join  (cost=83074.74..137742.81 rows=254 width=0) (actual time=1094.498..2057.123 rows=792 loops=1)
  Hash Cond: (mc.movie_id = t.id)
  ->  Seq Scan on movie_companies mc  (cost=0.00..44881.29 rows=2609129 width=4) (actual time=0.014..480.944 rows=2609129 loops=1)
  ->  Hash  (cost=83071.67..83071.67 rows=246 width=8) (actual time=1093.721..1093.721 rows=105 loops=1)
        Buckets: 1024  Batches: 1  Memory Usage: 13kB
        ->  Nested Loop  (cost=0.43..83071.67 rows=246 width=8) (actual time=2.191..1093.580 rows=105 loops=1)
              ->  Seq Scan on movie_keyword mk  (cost=0.00..81003.12 rows=246 width=4) (actual time=2.115..1088.249 rows=105 loops=1)
                    Filter: (keyword_id = 2307)
                    Rows Removed by Filter: 4523825
              ->  Index Only Scan using title_pkey on title t  (cost=0.43..8.40 rows=1 width=4) (actual time=0.046..0.047 rows=1 loops=105)
                    Index Cond: (id = mk.movie_id)
                    Heap Fetches: 105
Planning time: 1.152 ms
Execution time: 2057.398 ms
