Seq Scan on movie_keyword mk  (cost=0.00..81003.12 rows=246 width=0) (actual time=1228.179..1293.668 rows=1 loops=1)
  Filter: (keyword_id = 54749)
  Rows Removed by Filter: 4523929
Planning time: 0.266 ms
Execution time: 1293.757 ms
