Hash Join  (cost=83810.17..223002.70 rows=1371974 width=0) (actual time=1282.004..5787.266 rows=3028456 loops=1)
  Hash Cond: (mk.movie_id = t.id)
  ->  Seq Scan on movie_keyword mk  (cost=0.00..81003.12 rows=3512177 width=4) (actual time=0.015..1472.184 rows=3504882 loops=1)
        Filter: (keyword_id < 17686)
        Rows Removed by Filter: 1019048
  ->  Hash  (cost=67604.59..67604.59 rows=987727 width=4) (actual time=1280.755..1280.755 rows=985048 loops=1)
        Buckets: 131072  Batches: 16  Memory Usage: 3197kB
        ->  Seq Scan on title t  (cost=0.00..67604.59 rows=987727 width=4) (actual time=0.018..948.067 rows=985048 loops=1)
              Filter: (kind_id < 7)
              Rows Removed by Filter: 1543264
Planning time: 0.679 ms
Execution time: 6120.295 ms
