Hash Join  (cost=73960.37..100893.00 rows=507 width=0) (actual time=669.430..1124.463 rows=1563 loops=1)
  Hash Cond: (mi_idx.movie_id = t.id)
  ->  Seq Scan on movie_info_idx mi_idx  (cost=0.00..25185.44 rows=464566 width=4) (actual time=0.020..375.575 rows=459925 loops=1)
        Filter: (info_type_id = 101)
        Rows Removed by Filter: 920110
  ->  Hash  (cost=73925.90..73925.90 rows=2757 width=4) (actual time=669.136..669.136 rows=4737 loops=1)
        Buckets: 8192 (originally 4096)  Batches: 1 (originally 1)  Memory Usage: 231kB
        ->  Seq Scan on title t  (cost=0.00..73925.90 rows=2757 width=4) (actual time=0.016..667.349 rows=4737 loops=1)
              Filter: ((kind_id = 4) AND (production_year = 2002))
              Rows Removed by Filter: 2523575
Planning time: 0.536 ms
Execution time: 1124.940 ms
