Hash Join  (cost=96527.63..175080.92 rows=697099 width=0) (actual time=2389.387..4154.578 rows=301633 loops=1)
  Hash Cond: (mc.movie_id = t.id)
  ->  Seq Scan on movie_companies mc  (cost=0.00..51404.11 rows=1279517 width=4) (actual time=0.023..808.802 rows=1274246 loops=1)
        Filter: (company_type_id < 2)
        Rows Removed by Filter: 1334883
  ->  Hash  (cost=73925.90..73925.90 rows=1377578 width=4) (actual time=2387.911..2387.911 rows=1455833 loops=1)
        Buckets: 131072  Batches: 32  Memory Usage: 2626kB
        ->  Seq Scan on title t  (cost=0.00..73925.90 rows=1377578 width=4) (actual time=0.018..1200.435 rows=1455833 loops=1)
              Filter: ((production_year > 1955) AND (kind_id = 7))
              Rows Removed by Filter: 1072479
Planning time: 0.750 ms
Execution time: 4195.085 ms
