Hash Join  (cost=425001.70..519290.44 rows=58180 width=0) (actual time=5022.179..6942.409 rows=283275 loops=1)
  Hash Cond: (mk.movie_id = t.id)
  ->  Seq Scan on movie_keyword mk  (cost=0.00..81003.12 rows=3387685 width=4) (actual time=0.018..1324.995 rows=3377245 loops=1)
        Filter: (keyword_id < 16264)
        Rows Removed by Filter: 1146685
  ->  Hash  (cost=424458.89..424458.89 rows=43425 width=8) (actual time=5021.565..5021.565 rows=14187 loops=1)
        Buckets: 65536  Batches: 1  Memory Usage: 1067kB
        ->  Hash Join  (cost=71408.55..424458.89 rows=43425 width=8) (actual time=2111.546..5016.300 rows=14187 loops=1)
              Hash Cond: (mi.movie_id = t.id)
              ->  Seq Scan on movie_info mi  (cost=0.00..346232.03 rows=473617 width=4) (actual time=1179.779..3846.160 rows=486554 loops=1)
                    Filter: (info_type_id = 5)
                    Rows Removed by Filter: 14349166
              ->  Hash  (cost=67604.59..67604.59 rows=231837 width=4) (actual time=929.926..929.926 rows=231649 loops=1)
                    Buckets: 131072  Batches: 4  Memory Usage: 3082kB
                    ->  Seq Scan on title t  (cost=0.00..67604.59 rows=231837 width=4) (actual time=0.038..849.457 rows=231649 loops=1)
                          Filter: (production_year > 2011)
                          Rows Removed by Filter: 2296663
Planning time: 1.131 ms
Execution time: 6979.764 ms
