Seq Scan on cast_info ci  (cost=0.00..796071.18 rows=15788253 width=0) (actual time=4504.555..12981.916 rows=11610705 loops=1)
  Filter: ((person_id < 2493056) AND (role_id > 1))
  Rows Removed by Filter: 24633639
Planning time: 0.321 ms
Execution time: 14462.072 ms
