Seq Scan on cast_info ci  (cost=0.00..796071.18 rows=985966 width=0) (actual time=1225.763..10618.292 rows=908035 loops=1)
  Filter: ((person_id < 1285846) AND (role_id = 4))
  Rows Removed by Filter: 35336309
Planning time: 0.392 ms
Execution time: 10731.992 ms
