Seq Scan on movie_keyword mk  (cost=0.00..81003.12 rows=246 width=0) (actual time=7.403..1040.349 rows=188 loops=1)
  Filter: (keyword_id = 11536)
  Rows Removed by Filter: 4523742
Planning time: 0.370 ms
Execution time: 1040.567 ms
