Hash Join  (cost=856671.06..945259.91 rows=982133 width=0) (actual time=13011.521..16150.439 rows=3759196 loops=1)
  Hash Cond: (mc.movie_id = t.id)
  ->  Seq Scan on movie_companies mc  (cost=0.00..44881.29 rows=2609129 width=4) (actual time=0.024..703.993 rows=2609129 loops=1)
  ->  Hash  (cost=841055.64..841055.64 rows=951793 width=8) (actual time=13010.362..13010.362 rows=984627 loops=1)
        Buckets: 131072  Batches: 16  Memory Usage: 3408kB
        ->  Hash Join  (cost=102767.86..841055.64 rows=951793 width=8) (actual time=4525.509..12653.050 rows=984627 loops=1)
              Hash Cond: (ci.movie_id = t.id)
              ->  Seq Scan on cast_info ci  (cost=0.00..705507.15 rows=951793 width=4) (actual time=2021.558..8314.683 rows=984627 loops=1)
                    Filter: (person_id > 3872447)
                    Rows Removed by Filter: 35259717
              ->  Hash  (cost=61283.27..61283.27 rows=2528527 width=4) (actual time=2502.341..2502.341 rows=2528312 loops=1)
                    Buckets: 131072  Batches: 64  Memory Usage: 2415kB
                    ->  Seq Scan on title t  (cost=0.00..61283.27 rows=2528527 width=4) (actual time=0.018..799.309 rows=2528312 loops=1)
Planning time: 1.257 ms
Execution time: 16616.308 ms
