Hash Join  (cost=75389.57..492041.55 rows=207397 width=0) (actual time=977.443..7479.418 rows=158045 loops=1)
  Hash Cond: (mi.movie_id = t.id)
  ->  Seq Scan on movie_info mi  (cost=0.00..346232.03 rows=5880796 width=4) (actual time=210.090..4636.071 rows=5869026 loops=1)
        Filter: (info_type_id > 13)
        Rows Removed by Filter: 8966694
  ->  Hash  (cost=73925.90..73925.90 rows=89173 width=4) (actual time=766.678..766.678 rows=96478 loops=1)
        Buckets: 131072  Batches: 2  Memory Usage: 2724kB
        ->  Seq Scan on title t  (cost=0.00..73925.90 rows=89173 width=4) (actual time=0.025..735.140 rows=96478 loops=1)
              Filter: ((kind_id > 2) AND (production_year = 2009))
              Rows Removed by Filter: 2431834
Planning time: 0.796 ms
Execution time: 7501.200 ms
