Seq Scan on cast_info ci  (cost=0.00..796071.18 rows=408301 width=0) (actual time=11122.088..13456.938 rows=222478 loops=1)
  Filter: ((person_id < 1620273) AND (role_id = 5))
  Rows Removed by Filter: 36021866
Planning time: 0.369 ms
Execution time: 13485.757 ms
