Hash Join  (cost=83074.16..863684.36 rows=1187 width=0) (actual time=4806.452..15006.015 rows=255 loops=1)
  Hash Cond: (ci.movie_id = t.id)
  ->  Seq Scan on cast_info ci  (cost=0.00..705507.15 rows=20024311 width=4) (actual time=3734.445..11400.870 rows=20122661 loops=1)
        Filter: (role_id < 3)
        Rows Removed by Filter: 16121683
  ->  Hash  (cost=83072.29..83072.29 rows=150 width=8) (actual time=1040.621..1040.621 rows=20 loops=1)
        Buckets: 1024  Batches: 1  Memory Usage: 9kB
        ->  Nested Loop  (cost=0.43..83072.29 rows=150 width=8) (actual time=1.997..1040.593 rows=20 loops=1)
              ->  Seq Scan on movie_keyword mk  (cost=0.00..81003.12 rows=246 width=4) (actual time=1.944..1035.807 rows=147 loops=1)
                    Filter: (keyword_id = 13010)
                    Rows Removed by Filter: 4523783
              ->  Index Scan using title_pkey on title t  (cost=0.43..8.40 rows=1 width=4) (actual time=0.030..0.030 rows=0 loops=147)
                    Index Cond: (id = mk.movie_id)
                    Filter: (kind_id = 7)
                    Rows Removed by Filter: 1
Planning time: 1.192 ms
Execution time: 15006.345 ms
