Hash Join  (cost=158881.17..913768.64 rows=409830 width=0) (actual time=1924.151..24931.666 rows=1420387 loops=1)
  Hash Cond: (ci.movie_id = t.id)
  ->  Seq Scan on cast_info ci  (cost=0.00..614943.12 rows=36225612 width=4) (actual time=0.017..6877.537 rows=36244344 loops=1)
  ->  Hash  (cost=158523.59..158523.59 rows=28606 width=8) (actual time=1923.621..1923.621 rows=95442 loops=1)
        Buckets: 131072 (originally 32768)  Batches: 2 (originally 1)  Memory Usage: 3073kB
        ->  Hash Join  (cost=69484.36..158523.59 rows=28606 width=8) (actual time=852.442..1892.220 rows=95442 loops=1)
              Hash Cond: (mk.movie_id = t.id)
              ->  Seq Scan on movie_keyword mk  (cost=0.00..81003.12 rows=631479 width=4) (actual time=0.015..818.810 rows=630381 loops=1)
                    Filter: (keyword_id < 492)
                    Rows Removed by Filter: 3893549
              ->  Hash  (cost=67604.59..67604.59 rows=114542 width=4) (actual time=851.615..851.615 rows=118234 loops=1)
                    Buckets: 131072  Batches: 2  Memory Usage: 3107kB
                    ->  Seq Scan on title t  (cost=0.00..67604.59 rows=114542 width=4) (actual time=0.017..807.775 rows=118234 loops=1)
                          Filter: (kind_id = 4)
                          Rows Removed by Filter: 2410078
Planning time: 1.098 ms
Execution time: 25117.371 ms
