Seq Scan on movie_companies mc  (cost=0.00..57926.93 rows=163831 width=0) (actual time=0.071..729.512 rows=260596 loops=1)
  Filter: ((company_id < 164) AND (company_type_id = 1))
  Rows Removed by Filter: 2348533
Planning time: 0.374 ms
Execution time: 766.119 ms
