Hash Join  (cost=463461.03..1560493.42 rows=6155016 width=0) (actual time=6538.156..33342.115 rows=3920817 loops=1)
  Hash Cond: (ci.movie_id = t.id)
  ->  Seq Scan on cast_info ci  (cost=0.00..614943.12 rows=36225612 width=4) (actual time=0.009..10647.186 rows=36244344 loops=1)
  ->  Hash  (cost=456411.82..456411.82 rows=429617 width=8) (actual time=6537.211..6537.211 rows=147109 loops=1)
        Buckets: 131072  Batches: 8  Memory Usage: 1746kB
        ->  Hash Join  (cost=87146.10..456411.82 rows=429617 width=8) (actual time=5190.737..6494.841 rows=147109 loops=1)
              Hash Cond: (mi.movie_id = t.id)
              ->  Seq Scan on movie_info mi  (cost=0.00..346232.03 rows=1348138 width=4) (actual time=0.027..4338.542 rows=1298989 loops=1)
                    Filter: (info_type_id = 4)
                    Rows Removed by Filter: 13536731
              ->  Hash  (cost=73925.90..73925.90 rows=805776 width=4) (actual time=1361.512..1361.512 rows=881945 loops=1)
                    Buckets: 131072  Batches: 16  Memory Usage: 2976kB
                    ->  Seq Scan on title t  (cost=0.00..73925.90 rows=805776 width=4) (actual time=288.484..1071.778 rows=881945 loops=1)
                          Filter: ((production_year > 2001) AND (kind_id = 7))
                          Rows Removed by Filter: 1646367
Planning time: 1.151 ms
Execution time: 33802.242 ms
