Seq Scan on cast_info ci  (cost=0.00..705507.15 rows=27013366 width=0) (actual time=0.025..11232.886 rows=27175217 loops=1)
  Filter: (person_id > 893153)
  Rows Removed by Filter: 9069127
Planning time: 0.315 ms
Execution time: 14708.355 ms
