Seq Scan on cast_info ci  (cost=0.00..796071.18 rows=324 width=0) (actual time=4878.235..11871.195 rows=6 loops=1)
  Filter: ((role_id > 1) AND (person_id = 153856))
  Rows Removed by Filter: 36244338
Planning time: 0.355 ms
Execution time: 11871.306 ms
