Seq Scan on movie_keyword mk  (cost=0.00..81003.12 rows=246 width=0) (actual time=0.291..1051.119 rows=387 loops=1)
  Filter: (keyword_id = 12002)
  Rows Removed by Filter: 4523543
Planning time: 0.340 ms
Execution time: 1051.370 ms
