Nested Loop  (cost=0.43..52283.69 rows=104 width=0) (actual time=19.666..700.787 rows=160 loops=1)
  ->  Seq Scan on movie_companies mc  (cost=0.00..51404.11 rows=104 width=4) (actual time=19.583..696.418 rows=160 loops=1)
        Filter: (company_id = 399)
        Rows Removed by Filter: 2608969
  ->  Index Only Scan using title_pkey on title t  (cost=0.43..8.45 rows=1 width=4) (actual time=0.025..0.025 rows=1 loops=160)
        Index Cond: (id = mc.movie_id)
        Heap Fetches: 160
Planning time: 0.704 ms
Execution time: 700.917 ms
