Hash Join  (cost=356014.13..1140631.95 rows=23386718 width=0) (actual time=8069.276..65814.965 rows=207071896 loops=1)
  Hash Cond: (mi.movie_id = t.id)
  ->  Seq Scan on movie_info mi  (cost=0.00..309384.22 rows=14739122 width=4) (actual time=0.013..4750.481 rows=14835720 loops=1)
  ->  Hash  (cost=290190.63..290190.63 rows=4012040 width=8) (actual time=8068.579..8068.579 rows=4019733 loops=1)
        Buckets: 131072  Batches: 64  Memory Usage: 3578kB
        ->  Hash Join  (cost=102767.86..290190.63 rows=4012040 width=8) (actual time=1647.896..6803.073 rows=4019733 loops=1)
              Hash Cond: (mk.movie_id = t.id)
              ->  Seq Scan on movie_keyword mk  (cost=0.00..81003.12 rows=4012040 width=4) (actual time=0.017..1595.497 rows=4019733 loops=1)
                    Filter: (keyword_id < 35940)
                    Rows Removed by Filter: 504197
              ->  Hash  (cost=61283.27..61283.27 rows=2528527 width=4) (actual time=1646.311..1646.311 rows=2528312 loops=1)
                    Buckets: 131072  Batches: 64  Memory Usage: 2425kB
                    ->  Seq Scan on title t  (cost=0.00..61283.27 rows=2528527 width=4) (actual time=0.004..792.235 rows=2528312 loops=1)
Planning time: 2.307 ms
Execution time: 88637.091 ms
