Hash Join  (cost=102767.86..1476872.22 rows=27375336 width=0) (actual time=1609.304..42241.925 rows=27510041 loops=1)
  Hash Cond: (ci.movie_id = t.id)
  ->  Seq Scan on cast_info ci  (cost=0.00..705507.15 rows=27375336 width=4) (actual time=0.013..13038.011 rows=27510041 loops=1)
        Filter: (person_id > 860103)
        Rows Removed by Filter: 8734303
  ->  Hash  (cost=61283.27..61283.27 rows=2528527 width=4) (actual time=1607.183..1607.183 rows=2528312 loops=1)
        Buckets: 131072  Batches: 64  Memory Usage: 2415kB
        ->  Seq Scan on title t  (cost=0.00..61283.27 rows=2528527 width=4) (actual time=0.011..768.680 rows=2528312 loops=1)
Planning time: 7.844 ms
Execution time: 45585.415 ms
