Hash Join  (cost=74071.18..941916.84 rows=86908 width=0) (actual time=4019.770..17634.409 rows=85823 loops=1)
  Hash Cond: (ci.movie_id = t.id)
  ->  Seq Scan on cast_info ci  (cost=0.00..796071.18 rows=18908108 width=4) (actual time=3142.008..13321.110 rows=17787974 loops=1)
        Filter: ((person_id > 1206840) AND (role_id < 8))
        Rows Removed by Filter: 18456370
  ->  Hash  (cost=73925.90..73925.90 rows=11622 width=4) (actual time=877.320..877.320 rows=11141 loops=1)
        Buckets: 16384  Batches: 1  Memory Usage: 520kB
        ->  Seq Scan on title t  (cost=0.00..73925.90 rows=11622 width=4) (actual time=0.027..871.963 rows=11141 loops=1)
              Filter: ((kind_id < 7) AND (production_year = 1994))
              Rows Removed by Filter: 2517171
Planning time: 0.749 ms
Execution time: 17651.057 ms
