Hash Join  (cost=254512.63..430895.70 rows=3999412 width=0) (actual time=5771.789..15949.948 rows=32494136 loops=1)
  Hash Cond: (mk.movie_id = t.id)
  ->  Seq Scan on movie_keyword mk  (cost=0.00..69693.30 rows=4523930 width=4) (actual time=0.012..1180.871 rows=4523930 loops=1)
  ->  Hash  (cost=217838.60..217838.60 rows=2235362 width=8) (actual time=5771.076..5771.076 rows=2235489 loops=1)
        Buckets: 131072  Batches: 32  Memory Usage: 3808kB
        ->  Hash Join  (cost=102767.86..217838.60 rows=2235362 width=8) (actual time=1732.530..5079.505 rows=2235489 loops=1)
              Hash Cond: (mc.movie_id = t.id)
              ->  Seq Scan on movie_companies mc  (cost=0.00..51404.11 rows=2235362 width=4) (actual time=0.028..976.341 rows=2235489 loops=1)
                    Filter: (company_id > 212)
                    Rows Removed by Filter: 373640
              ->  Hash  (cost=61283.27..61283.27 rows=2528527 width=4) (actual time=1731.271..1731.271 rows=2528312 loops=1)
                    Buckets: 131072  Batches: 64  Memory Usage: 2415kB
                    ->  Seq Scan on title t  (cost=0.00..61283.27 rows=2528527 width=4) (actual time=0.005..922.306 rows=2528312 loops=1)
Planning time: 1.076 ms
Execution time: 19375.568 ms
