Hash Join  (cost=195876.38..1363415.85 rows=13018631 width=0) (actual time=4290.422..46420.349 rows=36603882 loops=1)
  Hash Cond: (ci.movie_id = t.id)
  ->  Seq Scan on cast_info ci  (cost=0.00..614943.12 rows=36225612 width=4) (actual time=0.010..10600.016 rows=36244344 loops=1)
  ->  Hash  (cost=180967.71..180967.71 rows=908693 width=8) (actual time=4289.568..4289.568 rows=1044291 loops=1)
        Buckets: 131072  Batches: 16  Memory Usage: 3565kB
        ->  Hash Join  (cost=97066.09..180967.71 rows=908693 width=8) (actual time=1767.108..3965.658 rows=1044291 loops=1)
              Hash Cond: (mc.movie_id = t.id)
              ->  Seq Scan on movie_companies mc  (cost=0.00..51404.11 rows=1279517 width=4) (actual time=29.960..881.553 rows=1274246 loops=1)
                    Filter: (company_type_id < 2)
                    Rows Removed by Filter: 1334883
              ->  Hash  (cost=67604.59..67604.59 rows=1795720 width=4) (actual time=1736.003..1736.003 rows=1794153 loops=1)
                    Buckets: 131072  Batches: 32  Memory Usage: 2992kB
                    ->  Seq Scan on title t  (cost=0.00..67604.59 rows=1795720 width=4) (actual time=0.041..1145.581 rows=1794153 loops=1)
                          Filter: (production_year < 2009)
                          Rows Removed by Filter: 734159
Planning time: 1.089 ms
Execution time: 50064.491 ms
