Hash Join  (cost=114767.63..180056.33 rows=27150 width=0) (actual time=1943.898..2857.577 rows=44997 loops=1)
  Hash Cond: (mc.movie_id = t.id)
  ->  Seq Scan on movie_companies mc  (cost=0.00..57926.93 rows=572605 width=4) (actual time=0.026..703.713 rows=360781 loops=1)
        Filter: ((company_id < 7876) AND (company_type_id = 2))
        Rows Removed by Filter: 2248348
  ->  Hash  (cost=112800.02..112800.02 rows=119889 width=8) (actual time=1943.161..1943.161 rows=209880 loops=1)
        Buckets: 131072 (originally 131072)  Batches: 4 (originally 2)  Memory Usage: 3075kB
        ->  Hash Join  (cost=78556.72..112800.02 rows=119889 width=8) (actual time=1074.344..1867.876 rows=209880 loops=1)
              Hash Cond: (mi_idx.movie_id = t.id)
              ->  Seq Scan on movie_info_idx mi_idx  (cost=0.00..25185.44 rows=454124 width=4) (actual time=0.024..386.210 rows=459925 loops=1)
                    Filter: (info_type_id = 100)
                    Rows Removed by Filter: 920110
              ->  Hash  (cost=67604.59..67604.59 rows=667531 width=4) (actual time=1073.471..1073.471 rows=662825 loops=1)
                    Buckets: 131072  Batches: 16  Memory Usage: 2476kB
                    ->  Seq Scan on title t  (cost=0.00..67604.59 rows=667531 width=4) (actual time=0.012..868.571 rows=662825 loops=1)
                          Filter: (kind_id = 1)
                          Rows Removed by Filter: 1865487
Planning time: 1.869 ms
Execution time: 2863.942 ms
