Hash Join  (cost=180697.97..290627.01 rows=220251 width=0) (actual time=2728.259..5036.377 rows=231874 loops=1)
  Hash Cond: (mk.movie_id = t.id)
  ->  Seq Scan on movie_keyword mk  (cost=0.00..81003.12 rows=2226506 width=4) (actual time=0.022..1381.750 rows=2220653 loops=1)
        Filter: (keyword_id > 4933)
        Rows Removed by Filter: 2303277
  ->  Hash  (cost=176593.37..176593.37 rows=250128 width=8) (actual time=2727.281..2727.281 rows=131682 loops=1)
        Buckets: 131072  Batches: 4  Memory Usage: 2322kB
        ->  Hash Join  (cost=102767.86..176593.37 rows=250128 width=8) (actual time=1632.911..2681.523 rows=131682 loops=1)
              Hash Cond: (mc.movie_id = t.id)
              ->  Seq Scan on movie_companies mc  (cost=0.00..57926.93 rows=250128 width=4) (actual time=152.631..655.479 rows=131682 loops=1)
                    Filter: ((company_id < 425) AND (company_type_id = 2))
                    Rows Removed by Filter: 2477447
              ->  Hash  (cost=61283.27..61283.27 rows=2528527 width=4) (actual time=1479.168..1479.168 rows=2528312 loops=1)
                    Buckets: 131072  Batches: 64  Memory Usage: 2415kB
                    ->  Seq Scan on title t  (cost=0.00..61283.27 rows=2528527 width=4) (actual time=0.020..733.339 rows=2528312 loops=1)
Planning time: 1.155 ms
Execution time: 5068.000 ms
