Seq Scan on movie_companies mc  (cost=0.00..51404.11 rows=104 width=0) (actual time=298.391..787.110 rows=5 loops=1)
  Filter: (company_id = 91301)
  Rows Removed by Filter: 2609124
Planning time: 0.417 ms
Execution time: 787.187 ms
