Hash Join  (cost=91342.70..245501.69 rows=2234705 width=0) (actual time=1393.232..4969.022 rows=2788509 loops=1)
  Hash Cond: (mk.movie_id = t.id)
  ->  Seq Scan on movie_keyword mk  (cost=0.00..81003.12 rows=3905284 width=4) (actual time=0.015..1196.041 rows=3905470 loops=1)
        Filter: (keyword_id > 465)
        Rows Removed by Filter: 618460
  ->  Hash  (cost=67604.59..67604.59 rows=1446889 width=4) (actual time=1391.948..1391.948 rows=1443298 loops=1)
        Buckets: 131072  Batches: 32  Memory Usage: 2616kB
        ->  Seq Scan on title t  (cost=0.00..67604.59 rows=1446889 width=4) (actual time=0.017..942.524 rows=1443298 loops=1)
              Filter: (production_year < 2006)
              Rows Removed by Filter: 1085014
Planning time: 0.712 ms
Execution time: 5289.385 ms
