Nested Loop  (cost=81006.63..432866.77 rows=2 width=0) (actual time=1279.676..5245.229 rows=61 loops=1)
  ->  Hash Join  (cost=81006.20..432798.82 rows=12 width=8) (actual time=1279.565..5243.579 rows=61 loops=1)
        Hash Cond: (mi.movie_id = mk.movie_id)
        ->  Seq Scan on movie_info mi  (cost=0.00..346232.03 rows=17937 width=4) (actual time=249.100..4253.383 rows=36985 loops=1)
              Filter: (info_type_id = 104)
              Rows Removed by Filter: 14798735
        ->  Hash  (cost=81003.12..81003.12 rows=246 width=4) (actual time=984.321..984.321 rows=237 loops=1)
              Buckets: 1024  Batches: 1  Memory Usage: 17kB
              ->  Seq Scan on movie_keyword mk  (cost=0.00..81003.12 rows=246 width=4) (actual time=0.470..984.051 rows=237 loops=1)
                    Filter: (keyword_id = 9008)
                    Rows Removed by Filter: 4523693
  ->  Index Only Scan using title_pkey on title t  (cost=0.43..5.65 rows=1 width=4) (actual time=0.025..0.025 rows=1 loops=61)
        Index Cond: (id = mi.movie_id)
        Heap Fetches: 61
Planning time: 1.144 ms
Execution time: 5245.353 ms
