Hash Join  (cost=185408.96..228043.86 rows=288042 width=0) (actual time=4057.436..5384.457 rows=733543 loops=1)
  Hash Cond: (mi_idx.movie_id = t.id)
  ->  Seq Scan on movie_info_idx mi_idx  (cost=0.00..21735.35 rows=1380035 width=4) (actual time=0.019..438.028 rows=1380035 loops=1)
  ->  Hash  (cost=176750.01..176750.01 rows=527756 width=8) (actual time=4056.607..4056.607 rows=531440 loops=1)
        Buckets: 131072  Batches: 8  Memory Usage: 3628kB
        ->  Hash Join  (cost=102767.86..176750.01 rows=527756 width=8) (actual time=2240.809..3895.098 rows=531440 loops=1)
              Hash Cond: (mc.movie_id = t.id)
              ->  Seq Scan on movie_companies mc  (cost=0.00..51404.11 rows=527756 width=4) (actual time=172.701..966.526 rows=531440 loops=1)
                    Filter: (company_id > 72650)
                    Rows Removed by Filter: 2077689
              ->  Hash  (cost=61283.27..61283.27 rows=2528527 width=4) (actual time=2067.181..2067.181 rows=2528312 loops=1)
                    Buckets: 131072  Batches: 64  Memory Usage: 2415kB
                    ->  Seq Scan on title t  (cost=0.00..61283.27 rows=2528527 width=4) (actual time=0.020..1208.790 rows=2528312 loops=1)
Planning time: 2.856 ms
Execution time: 5469.844 ms
