Hash Join  (cost=58375.71..809169.46 rows=458 width=0) (actual time=862.281..13956.428 rows=19 loops=1)
  Hash Cond: (ci.movie_id = t.id)
  ->  Seq Scan on cast_info ci  (cost=0.00..614943.12 rows=36225612 width=4) (actual time=0.022..6444.116 rows=36244344 loops=1)
  ->  Hash  (cost=58375.31..58375.31 rows=32 width=8) (actual time=808.184..808.184 rows=1 loops=1)
        Buckets: 1024  Batches: 1  Memory Usage: 9kB
        ->  Nested Loop  (cost=0.43..58375.31 rows=32 width=8) (actual time=64.055..808.177 rows=1 loops=1)
              ->  Seq Scan on movie_companies mc  (cost=0.00..57926.93 rows=53 width=4) (actual time=5.095..805.281 rows=18 loops=1)
                    Filter: ((company_type_id > 1) AND (company_id = 442))
                    Rows Removed by Filter: 2609111
              ->  Index Scan using title_pkey on title t  (cost=0.43..8.45 rows=1 width=4) (actual time=0.157..0.157 rows=0 loops=18)
                    Index Cond: (id = mc.movie_id)
                    Filter: (kind_id = 7)
                    Rows Removed by Filter: 1
Planning time: 1.136 ms
Execution time: 13956.614 ms
