Seq Scan on cast_info ci  (cost=0.00..705507.15 rows=21441124 width=0) (actual time=0.026..10503.517 rows=21287457 loops=1)
  Filter: (person_id < 2154522)
  Rows Removed by Filter: 14956887
Planning time: 0.283 ms
Execution time: 13206.071 ms
