Seq Scan on movie_companies mc  (cost=0.00..57926.93 rows=1141055 width=0) (actual time=0.395..954.370 rows=1249163 loops=1)
  Filter: ((company_id > 197) AND (company_type_id = 2))
  Rows Removed by Filter: 1359966
Planning time: 0.360 ms
Execution time: 1111.824 ms
