Hash Join  (cost=431932.40..1228099.09 rows=290405 width=0) (actual time=13345.053..19752.435 rows=271014 loops=1)
  Hash Cond: (ci.movie_id = t.id)
  ->  Seq Scan on cast_info ci  (cost=0.00..705507.15 rows=7556663 width=4) (actual time=7747.392..11225.663 rows=7436237 loops=1)
        Filter: (role_id > 7)
        Rows Removed by Filter: 28808107
  ->  Hash  (cost=430337.75..430337.75 rows=97172 width=8) (actual time=5596.816..5596.816 rows=122405 loops=1)
        Buckets: 131072  Batches: 2  Memory Usage: 3418kB
        ->  Hash Join  (cost=72583.38..430337.75 rows=97172 width=8) (actual time=2692.302..5554.377 rows=122405 loops=1)
              Hash Cond: (mi.movie_id = t.id)
              ->  Seq Scan on movie_info mi  (cost=0.00..346232.03 rows=809768 width=4) (actual time=1592.502..3978.272 rows=802140 loops=1)
                    Filter: (info_type_id < 2)
                    Rows Removed by Filter: 14033580
              ->  Hash  (cost=67604.59..67604.59 rows=303423 width=4) (actual time=1098.954..1098.954 rows=296471 loops=1)
                    Buckets: 131072  Batches: 4  Memory Usage: 3632kB
                    ->  Seq Scan on title t  (cost=0.00..67604.59 rows=303423 width=4) (actual time=0.023..915.681 rows=296471 loops=1)
                          Filter: (production_year < 1965)
                          Rows Removed by Filter: 2231841
Planning time: 1.195 ms
Execution time: 19789.687 ms
