Hash Join  (cost=126748.79..619536.18 rows=1216544 width=0) (actual time=2379.170..14455.361 rows=4007246 loops=1)
  Hash Cond: (mi.movie_id = t.id)
  ->  Seq Scan on movie_info mi  (cost=0.00..309384.22 rows=14739122 width=4) (actual time=0.017..4421.892 rows=14835720 loops=1)
  ->  Hash  (cost=123324.03..123324.03 rows=208701 width=8) (actual time=2378.486..2378.486 rows=251034 loops=1)
        Buckets: 131072  Batches: 4  Memory Usage: 3488kB
        ->  Hash Join  (cost=86241.46..123324.03 rows=208701 width=8) (actual time=1315.780..2292.596 rows=251034 loops=1)
              Hash Cond: (mi_idx.movie_id = t.id)
              ->  Seq Scan on movie_info_idx mi_idx  (cost=0.00..25185.44 rows=464566 width=4) (actual time=0.025..411.001 rows=459925 loops=1)
                    Filter: (info_type_id = 101)
                    Rows Removed by Filter: 920110
              ->  Hash  (cost=67604.59..67604.59 rows=1135910 width=4) (actual time=1314.883..1314.883 rows=1133355 loops=1)
                    Buckets: 131072  Batches: 16  Memory Usage: 3516kB
                    ->  Seq Scan on title t  (cost=0.00..67604.59 rows=1135910 width=4) (actual time=0.010..959.256 rows=1133355 loops=1)
                          Filter: (production_year < 2002)
                          Rows Removed by Filter: 1394957
Planning time: 1.268 ms
Execution time: 14959.629 ms
