Seq Scan on movie_keyword mk  (cost=0.00..81003.12 rows=246 width=0) (actual time=7.779..1100.046 rows=16 loops=1)
  Filter: (keyword_id = 12841)
  Rows Removed by Filter: 4523914
Planning time: 0.373 ms
Execution time: 1100.137 ms
