Hash Join  (cost=162540.23..555394.82 rows=232465 width=0) (actual time=3541.020..10891.021 rows=50399 loops=1)
  Hash Cond: (mi.movie_id = t.id)
  ->  Seq Scan on movie_info mi  (cost=0.00..346232.03 rows=8859586 width=4) (actual time=0.020..5911.655 rows=8966694 loops=1)
        Filter: (info_type_id < 15)
        Rows Removed by Filter: 5869026
  ->  Hash  (cost=161710.92..161710.92 rows=66345 width=8) (actual time=3270.990..3270.990 rows=15604 loops=1)
        Buckets: 131072  Batches: 1  Memory Usage: 1634kB
        ->  Hash Join  (cost=74389.43..161710.92 rows=66345 width=8) (actual time=2437.899..3265.417 rows=15604 loops=1)
              Hash Cond: (mk.movie_id = t.id)
              ->  Seq Scan on movie_keyword mk  (cost=0.00..69693.30 rows=4523930 width=4) (actual time=0.019..1153.449 rows=4523930 loops=1)
              ->  Hash  (cost=73925.90..73925.90 rows=37082 width=4) (actual time=1228.919..1228.919 rows=41935 loops=1)
                    Buckets: 65536  Batches: 1  Memory Usage: 1987kB
                    ->  Seq Scan on title t  (cost=0.00..73925.90 rows=37082 width=4) (actual time=0.024..1212.118 rows=41935 loops=1)
                          Filter: ((kind_id = 7) AND (production_year = 2002))
                          Rows Removed by Filter: 2486377
Planning time: 1.276 ms
Execution time: 10897.534 ms
