Seq Scan on movie_companies mc  (cost=0.00..51404.11 rows=781054 width=0) (actual time=0.020..748.313 rows=770537 loops=1)
  Filter: (company_id < 1639)
  Rows Removed by Filter: 1838592
Planning time: 0.283 ms
Execution time: 848.995 ms
