Nested Loop  (cost=0.43..798851.90 rows=202 width=0) (actual time=12108.388..12380.387 rows=112 loops=1)
  ->  Seq Scan on cast_info ci  (cost=0.00..796071.18 rows=332 width=4) (actual time=12108.277..12378.757 rows=114 loops=1)
        Filter: ((role_id < 4) AND (person_id = 2237805))
        Rows Removed by Filter: 36244230
  ->  Index Scan using title_pkey on title t  (cost=0.43..8.37 rows=1 width=4) (actual time=0.013..0.014 rows=1 loops=114)
        Index Cond: (id = ci.movie_id)
        Filter: (kind_id = 7)
        Rows Removed by Filter: 0
Planning time: 0.677 ms
Execution time: 12380.489 ms
