Hash Join  (cost=263115.61..1569155.18 rows=21151773 width=0) (actual time=5854.993..42049.220 rows=38643713 loops=1)
  Hash Cond: (ci.movie_id = t.id)
  ->  Seq Scan on cast_info ci  (cost=0.00..796071.18 rows=20498346 width=4) (actual time=0.015..15350.416 rows=18908315 loops=1)
        Filter: ((person_id < 3215605) AND (role_id > 1))
        Rows Removed by Filter: 17336029
  ->  Hash  (cost=220309.49..220309.49 rows=2609129 width=8) (actual time=5853.369..5853.369 rows=2609129 loops=1)
        Buckets: 131072  Batches: 64  Memory Usage: 2610kB
        ->  Hash Join  (cost=102767.86..220309.49 rows=2609129 width=8) (actual time=1606.505..5207.584 rows=2609129 loops=1)
              Hash Cond: (mc.movie_id = t.id)
              ->  Seq Scan on movie_companies mc  (cost=0.00..44881.29 rows=2609129 width=4) (actual time=0.021..678.808 rows=2609129 loops=1)
              ->  Hash  (cost=61283.27..61283.27 rows=2528527 width=4) (actual time=1604.561..1604.561 rows=2528312 loops=1)
                    Buckets: 131072  Batches: 64  Memory Usage: 2415kB
                    ->  Seq Scan on title t  (cost=0.00..61283.27 rows=2528527 width=4) (actual time=0.021..766.997 rows=2528312 loops=1)
Planning time: 1.135 ms
Execution time: 46265.974 ms
