Hash Join  (cost=206633.87..1287650.72 rows=4595969 width=0) (actual time=3242.052..33168.400 rows=15470267 loops=1)
  Hash Cond: (ci.movie_id = t.id)
  ->  Seq Scan on cast_info ci  (cost=0.00..614943.12 rows=36225612 width=4) (actual time=0.014..10482.838 rows=36244344 loops=1)
  ->  Hash  (cost=201369.92..201369.92 rows=320796 width=8) (actual time=3241.293..3241.293 rows=317136 loops=1)
        Buckets: 131072  Batches: 8  Memory Usage: 2596kB
        ->  Hash Join  (cost=102767.86..201369.92 rows=320796 width=8) (actual time=1606.592..3167.581 rows=317136 loops=1)
              Hash Cond: (mk.movie_id = t.id)
              ->  Seq Scan on movie_keyword mk  (cost=0.00..81003.12 rows=320796 width=4) (actual time=0.015..1039.465 rows=317136 loops=1)
                    Filter: (keyword_id > 51439)
                    Rows Removed by Filter: 4206794
              ->  Hash  (cost=61283.27..61283.27 rows=2528527 width=4) (actual time=1605.241..1605.241 rows=2528312 loops=1)
                    Buckets: 131072  Batches: 64  Memory Usage: 2425kB
                    ->  Seq Scan on title t  (cost=0.00..61283.27 rows=2528527 width=4) (actual time=0.017..768.568 rows=2528312 loops=1)
Planning time: 0.727 ms
Execution time: 34711.270 ms
