Hash Join  (cost=832324.71..961719.13 rows=502983 width=0) (actual time=13320.105..16695.340 rows=1523995 loops=1)
  Hash Cond: (mk.movie_id = t.id)
  ->  Seq Scan on movie_keyword mk  (cost=0.00..81003.12 rows=3631856 width=4) (actual time=0.017..1486.209 rows=3626468 loops=1)
        Filter: (keyword_id > 848)
        Rows Removed by Filter: 897462
  ->  Hash  (cost=826579.45..826579.45 rows=350181 width=8) (actual time=13319.070..13319.070 rows=316118 loops=1)
        Buckets: 131072  Batches: 8  Memory Usage: 2577kB
        ->  Hash Join  (cost=102767.86..826579.45 rows=350181 width=8) (actual time=1935.288..13219.396 rows=316118 loops=1)
              Hash Cond: (ci.movie_id = t.id)
              ->  Seq Scan on cast_info ci  (cost=0.00..705507.15 rows=350181 width=4) (actual time=204.815..10805.152 rows=316118 loops=1)
                    Filter: (role_id > 10)
                    Rows Removed by Filter: 35928226
              ->  Hash  (cost=61283.27..61283.27 rows=2528527 width=4) (actual time=1729.475..1729.475 rows=2528312 loops=1)
                    Buckets: 131072  Batches: 64  Memory Usage: 2415kB
                    ->  Seq Scan on title t  (cost=0.00..61283.27 rows=2528527 width=4) (actual time=0.019..874.785 rows=2528312 loops=1)
Planning time: 1.227 ms
Execution time: 16880.331 ms
