Hash Join  (cost=102767.86..269901.90 rows=3168918 width=0) (actual time=1784.081..6328.587 rows=3151756 loops=1)
  Hash Cond: (mk.movie_id = t.id)
  ->  Seq Scan on movie_keyword mk  (cost=0.00..81003.12 rows=3168918 width=4) (actual time=0.026..1417.459 rows=3151756 loops=1)
        Filter: (keyword_id > 1806)
        Rows Removed by Filter: 1372174
  ->  Hash  (cost=61283.27..61283.27 rows=2528527 width=4) (actual time=1781.898..1781.898 rows=2528312 loops=1)
        Buckets: 131072  Batches: 64  Memory Usage: 2425kB
        ->  Seq Scan on title t  (cost=0.00..61283.27 rows=2528527 width=4) (actual time=0.017..913.565 rows=2528312 loops=1)
Planning time: 0.704 ms
Execution time: 6732.014 ms
