Seq Scan on cast_info ci  (cost=0.00..705507.15 rows=34483984 width=0) (actual time=0.024..10722.155 rows=34467900 loops=1)
  Filter: (person_id < 3710793)
  Rows Removed by Filter: 1776444
Planning time: 0.292 ms
Execution time: 14784.936 ms
