Hash Join  (cost=119489.91..1170727.28 rows=1697120 width=0) (actual time=1947.886..23870.154 rows=2146506 loops=1)
  Hash Cond: (ci.movie_id = t.id)
  ->  Seq Scan on cast_info ci  (cost=0.00..614943.12 rows=36225612 width=4) (actual time=0.019..9966.891 rows=36244344 loops=1)
  ->  Hash  (cost=117546.19..117546.19 rows=118458 width=8) (actual time=1943.079..1943.079 rows=50832 loops=1)
        Buckets: 131072  Batches: 2  Memory Usage: 2018kB
        ->  Hash Join  (cost=79273.71..117546.19 rows=118458 width=8) (actual time=1014.309..1925.890 rows=50832 loops=1)
              Hash Cond: (mi_idx.movie_id = t.id)
              ->  Seq Scan on movie_info_idx mi_idx  (cost=0.00..25185.44 rows=919057 width=4) (actual time=0.028..454.178 rows=920110 loops=1)
                    Filter: (info_type_id > 99)
                    Rows Removed by Filter: 459925
              ->  Hash  (cost=73925.90..73925.90 rows=325904 width=4) (actual time=1013.191..1013.191 rows=349534 loops=1)
                    Buckets: 131072  Batches: 8  Memory Usage: 2566kB
                    ->  Seq Scan on title t  (cost=0.00..73925.90 rows=325904 width=4) (actual time=54.431..905.007 rows=349534 loops=1)
                          Filter: ((production_year > 2009) AND (kind_id = 7))
                          Rows Removed by Filter: 2178778
Planning time: 1.173 ms
Execution time: 24098.663 ms
