Nested Loop  (cost=0.43..709673.15 rows=195 width=0) (actual time=4938.321..8605.436 rows=2 loops=1)
  ->  Seq Scan on cast_info ci  (cost=0.00..705507.15 rows=500 width=4) (actual time=4938.236..8605.332 rows=2 loops=1)
        Filter: (person_id = 3478615)
        Rows Removed by Filter: 36244342
  ->  Index Scan using title_pkey on title t  (cost=0.43..8.32 rows=1 width=4) (actual time=0.042..0.042 rows=1 loops=2)
        Index Cond: (id = ci.movie_id)
        Filter: (kind_id < 7)
Planning time: 0.768 ms
Execution time: 8605.549 ms
