Hash Join  (cost=83074.74..435121.02 rows=151 width=0) (actual time=2905.625..5651.122 rows=2339 loops=1)
  Hash Cond: (mi.movie_id = t.id)
  ->  Seq Scan on movie_info mi  (cost=0.00..346232.03 rows=1550064 width=4) (actual time=1844.931..4354.568 rows=1533909 loops=1)
        Filter: (info_type_id = 3)
        Rows Removed by Filter: 13301811
  ->  Hash  (cost=83071.67..83071.67 rows=246 width=8) (actual time=1059.817..1059.817 rows=900 loops=1)
        Buckets: 1024  Batches: 1  Memory Usage: 44kB
        ->  Nested Loop  (cost=0.43..83071.67 rows=246 width=8) (actual time=0.700..1059.226 rows=900 loops=1)
              ->  Seq Scan on movie_keyword mk  (cost=0.00..81003.12 rows=246 width=4) (actual time=0.567..1033.788 rows=900 loops=1)
                    Filter: (keyword_id = 2447)
                    Rows Removed by Filter: 4523030
              ->  Index Only Scan using title_pkey on title t  (cost=0.43..8.40 rows=1 width=4) (actual time=0.023..0.027 rows=1 loops=900)
                    Index Cond: (id = mk.movie_id)
                    Heap Fetches: 900
Planning time: 1.106 ms
Execution time: 5651.669 ms
