Seq Scan on movie_keyword mk  (cost=0.00..81003.12 rows=3347530 width=0) (actual time=0.029..1360.361 rows=3336128 loops=1)
  Filter: (keyword_id < 15609)
  Rows Removed by Filter: 1187802
Planning time: 1.553 ms
Execution time: 1791.331 ms
