Seq Scan on movie_companies mc  (cost=0.00..57926.93 rows=1184281 width=0) (actual time=0.017..910.392 rows=1047528 loops=1)
  Filter: ((company_id < 95132) AND (company_type_id > 1))
  Rows Removed by Filter: 1561601
Planning time: 0.347 ms
Execution time: 1048.515 ms
