Hash Join  (cost=78183.26..598092.93 rows=3758474 width=0) (actual time=1295.692..15031.476 rows=5278921 loops=1)
  Hash Cond: (mi.movie_id = t.id)
  ->  Seq Scan on movie_info mi  (cost=0.00..309384.22 rows=14739122 width=4) (actual time=0.018..4573.003 rows=14835720 loops=1)
  ->  Hash  (cost=67604.59..67604.59 rows=644774 width=4) (actual time=1294.658..1294.658 rows=642973 loops=1)
        Buckets: 131072  Batches: 16  Memory Usage: 2439kB
        ->  Seq Scan on title t  (cost=0.00..67604.59 rows=644774 width=4) (actual time=0.010..873.093 rows=642973 loops=1)
              Filter: (production_year < 1988)
              Rows Removed by Filter: 1885339
Planning time: 0.695 ms
Execution time: 15699.971 ms
