Hash Join  (cost=84037.34..152843.95 rows=261030 width=0) (actual time=1852.700..2562.302 rows=75177 loops=1)
  Hash Cond: (mc.movie_id = t.id)
  ->  Seq Scan on movie_companies mc  (cost=0.00..51404.11 rows=1070984 width=4) (actual time=0.023..738.482 rows=1082778 loops=1)
        Filter: (company_id > 14328)
        Rows Removed by Filter: 1526351
  ->  Hash  (cost=73925.90..73925.90 rows=616275 width=4) (actual time=1190.794..1190.794 rows=676927 loops=1)
        Buckets: 131072  Batches: 16  Memory Usage: 2516kB
        ->  Seq Scan on title t  (cost=0.00..73925.90 rows=616275 width=4) (actual time=177.098..975.404 rows=676927 loops=1)
              Filter: ((production_year > 2005) AND (kind_id = 7))
              Rows Removed by Filter: 1851385
Planning time: 0.758 ms
Execution time: 2571.425 ms
