Seq Scan on title t  (cost=0.00..73925.90 rows=1421 width=0) (actual time=83.193..810.350 rows=1604 loops=1)
  Filter: ((kind_id = 2) AND (production_year = 1995))
  Rows Removed by Filter: 2526708
Planning time: 0.344 ms
Execution time: 811.033 ms
