Hash Join  (cost=127518.22..513236.98 rows=303202 width=0) (actual time=5805.114..8015.617 rows=153936 loops=1)
  Hash Cond: (mi.movie_id = t.id)
  ->  Seq Scan on movie_info mi  (cost=0.00..346232.03 rows=3068194 width=4) (actual time=0.019..4625.180 rows=3036719 loops=1)
        Filter: (info_type_id = 16)
        Rows Removed by Filter: 11799001
  ->  Hash  (cost=123417.83..123417.83 rows=249871 width=8) (actual time=2150.959..2150.959 rows=127518 loops=1)
        Buckets: 131072  Batches: 4  Memory Usage: 2289kB
        ->  Hash Join  (cost=81437.64..123417.83 rows=249871 width=8) (actual time=1115.872..2110.201 rows=127518 loops=1)
              Hash Cond: (mi_idx.movie_id = t.id)
              ->  Seq Scan on movie_info_idx mi_idx  (cost=0.00..21735.35 rows=1380035 width=4) (actual time=0.019..377.885 rows=1380035 loops=1)
              ->  Hash  (cost=73925.90..73925.90 rows=457819 width=4) (actual time=1061.529..1061.529 rows=344212 loops=1)
                    Buckets: 131072  Batches: 8  Memory Usage: 2523kB
                    ->  Seq Scan on title t  (cost=0.00..73925.90 rows=457819 width=4) (actual time=0.008..952.174 rows=344212 loops=1)
                          Filter: ((production_year < 1993) AND (kind_id = 7))
                          Rows Removed by Filter: 2184100
Planning time: 1.116 ms
Execution time: 8036.560 ms
