Hash Join  (cost=164993.86..514336.95 rows=3060 width=0) (actual time=5617.299..6302.133 rows=161806 loops=1)
  Hash Cond: (mi.movie_id = t.id)
  ->  Seq Scan on movie_info mi  (cost=0.00..346232.03 rows=616095 width=4) (actual time=2876.156..3463.863 rows=598457 loops=1)
        Filter: (info_type_id = 15)
        Rows Removed by Filter: 14237263
  ->  Hash  (cost=164836.88..164836.88 rows=12558 width=8) (actual time=2707.215..2707.215 rows=24282 loops=1)
        Buckets: 32768 (originally 16384)  Batches: 1 (originally 1)  Memory Usage: 1205kB
        ->  Hash Join  (cost=67697.55..164836.88 rows=12558 width=8) (actual time=809.407..2699.109 rows=24282 loops=1)
              Hash Cond: (mk.movie_id = t.id)
              ->  Seq Scan on movie_keyword mk  (cost=0.00..81003.12 rows=4269500 width=4) (actual time=0.033..1265.802 rows=4251484 loops=1)
                    Filter: (keyword_id > 230)
                    Rows Removed by Filter: 272446
              ->  Hash  (cost=67604.59..67604.59 rows=7437 width=4) (actual time=805.453..805.453 rows=14235 loops=1)
                    Buckets: 16384 (originally 8192)  Batches: 1 (originally 1)  Memory Usage: 629kB
                    ->  Seq Scan on title t  (cost=0.00..67604.59 rows=7437 width=4) (actual time=0.355..798.013 rows=14235 loops=1)
                          Filter: (production_year = 1968)
                          Rows Removed by Filter: 2514077
Planning time: 0.728 ms
Execution time: 6323.695 ms
