Seq Scan on cast_info ci  (cost=0.00..705507.15 rows=21801226 width=0) (actual time=0.022..10075.048 rows=21662876 loops=1)
  Filter: (person_id < 2200040)
  Rows Removed by Filter: 14581468
Planning time: 0.324 ms
Execution time: 12681.231 ms
