Seq Scan on cast_info ci  (cost=0.00..796071.18 rows=2628329 width=0) (actual time=1239.219..10178.359 rows=5343284 loops=1)
  Filter: ((person_id < 717049) AND (role_id = 1))
  Rows Removed by Filter: 30901060
Planning time: 0.411 ms
Execution time: 10842.224 ms
