Hash Join  (cost=179357.99..1230862.44 rows=2385666 width=0) (actual time=3425.543..30138.414 rows=8395045 loops=1)
  Hash Cond: (ci.movie_id = t.id)
  ->  Seq Scan on cast_info ci  (cost=0.00..705507.15 rows=27787371 width=4) (actual time=0.016..12604.414 rows=27917445 loops=1)
        Filter: (person_id > 815255)
        Rows Removed by Filter: 8326899
  ->  Hash  (cost=175796.42..175796.42 rows=217085 width=8) (actual time=3424.678..3424.678 rows=430283 loops=1)
        Buckets: 131072 (originally 131072)  Batches: 8 (originally 4)  Memory Usage: 3140kB
        ->  Hash Join  (cost=102767.86..175796.42 rows=217085 width=8) (actual time=1709.001..3278.349 rows=430283 loops=1)
              Hash Cond: (mc.movie_id = t.id)
              ->  Seq Scan on movie_companies mc  (cost=0.00..57926.93 rows=217085 width=4) (actual time=37.695..797.742 rows=430283 loops=1)
                    Filter: ((company_id > 79143) AND (company_type_id = 2))
                    Rows Removed by Filter: 2178846
              ->  Hash  (cost=61283.27..61283.27 rows=2528527 width=4) (actual time=1669.329..1669.329 rows=2528312 loops=1)
                    Buckets: 131072  Batches: 64  Memory Usage: 2415kB
                    ->  Seq Scan on title t  (cost=0.00..61283.27 rows=2528527 width=4) (actual time=0.021..781.950 rows=2528312 loops=1)
Planning time: 1.211 ms
Execution time: 30988.310 ms
