Nested Loop  (cost=0.43..709673.15 rows=326 width=0) (actual time=4206.716..11075.402 rows=354 loops=1)
  ->  Seq Scan on cast_info ci  (cost=0.00..705507.15 rows=500 width=4) (actual time=4206.565..11061.215 rows=551 loops=1)
        Filter: (person_id = 441492)
        Rows Removed by Filter: 36243793
  ->  Index Scan using title_pkey on title t  (cost=0.43..8.32 rows=1 width=4) (actual time=0.025..0.025 rows=1 loops=551)
        Index Cond: (id = ci.movie_id)
        Filter: (production_year > 1994)
        Rows Removed by Filter: 0
Planning time: 0.844 ms
Execution time: 11075.607 ms
