Hash Join  (cost=102767.86..1020215.49 rows=4633628 width=0) (actual time=3804.821..22556.041 rows=9503619 loops=1)
  Hash Cond: (ci.movie_id = t.id)
  ->  Seq Scan on cast_info ci  (cost=0.00..796071.18 rows=4633628 width=4) (actual time=2156.236..12418.647 rows=9503619 loops=1)
        Filter: ((person_id < 1298078) AND (role_id = 1))
        Rows Removed by Filter: 26740725
  ->  Hash  (cost=61283.27..61283.27 rows=2528527 width=4) (actual time=1647.129..1647.129 rows=2528312 loops=1)
        Buckets: 131072  Batches: 64  Memory Usage: 2415kB
        ->  Seq Scan on title t  (cost=0.00..61283.27 rows=2528527 width=4) (actual time=0.030..799.403 rows=2528312 loops=1)
Planning time: 0.545 ms
Execution time: 23701.932 ms
