Hash Join  (cost=174462.15..1220901.52 rows=8961401 width=0) (actual time=3669.093..32505.423 rows=19711890 loops=1)
  Hash Cond: (ci.movie_id = t.id)
  ->  Seq Scan on cast_info ci  (cost=0.00..705507.15 rows=21377384 width=4) (actual time=0.032..12540.543 rows=21491709 loops=1)
        Filter: (person_id > 1454536)
        Rows Removed by Filter: 14752635
  ->  Hash  (cost=157071.66..157071.66 rows=1059959 width=8) (actual time=3668.125..3668.125 rows=1051116 loops=1)
        Buckets: 131072  Batches: 16  Memory Usage: 3600kB
        ->  Hash Join  (cost=99467.55..157071.66 rows=1059959 width=8) (actual time=1732.715..3364.316 rows=1051116 loops=1)
              Hash Cond: (mi_idx.movie_id = t.id)
              ->  Seq Scan on movie_info_idx mi_idx  (cost=0.00..21735.35 rows=1380035 width=4) (actual time=0.015..359.591 rows=1380035 loops=1)
              ->  Hash  (cost=67604.59..67604.59 rows=1942077 width=4) (actual time=1731.871..1731.871 rows=1932484 loops=1)
                    Buckets: 131072  Batches: 32  Memory Usage: 3155kB
                    ->  Seq Scan on title t  (cost=0.00..67604.59 rows=1942077 width=4) (actual time=0.012..1107.833 rows=1932484 loops=1)
                          Filter: (production_year > 1980)
                          Rows Removed by Filter: 595828
Planning time: 1.203 ms
Execution time: 34863.155 ms
