Seq Scan on movie_keyword mk  (cost=0.00..81003.12 rows=1730540 width=0) (actual time=0.028..1225.800 rows=1740476 loops=1)
  Filter: (keyword_id < 2843)
  Rows Removed by Filter: 2783454
Planning time: 0.327 ms
Execution time: 1449.391 ms
