Seq Scan on movie_keyword mk  (cost=0.00..81003.12 rows=1899003 width=0) (actual time=0.024..1241.955 rows=1908772 loops=1)
  Filter: (keyword_id < 3280)
  Rows Removed by Filter: 2615158
Planning time: 0.319 ms
Execution time: 1487.853 ms
