Hash Join  (cost=112384.80..1805711.81 rows=23631383 width=136) (actual time=2639.609..56178.792 rows=25133170 loops=1)
  Hash Cond: (ci.movie_id = t.id)
  ->  Seq Scan on cast_info ci  (cost=0.00..614943.12 rows=36225612 width=42) (actual time=0.026..13983.377 rows=36244344 loops=1)
  ->  Hash  (cost=67604.59..67604.59 rows=1649457 width=94) (actual time=2638.040..2638.040 rows=1643514 loops=1)
        Buckets: 32768  Batches: 64  Memory Usage: 3148kB
        ->  Seq Scan on title t  (cost=0.00..67604.59 rows=1649457 width=94) (actual time=0.018..1587.371 rows=1643514 loops=1)
              Filter: (production_year > 1994)
              Rows Removed by Filter: 884798
Planning time: 4.357 ms
Execution time: 57438.070 ms
