Hash Join  (cost=83074.74..447745.01 rows=1434 width=0) (actual time=1051.179..6483.290 rows=2150 loops=1)
  Hash Cond: (mi.movie_id = t.id)
  ->  Seq Scan on movie_info mi  (cost=0.00..309384.22 rows=14739122 width=4) (actual time=0.081..2901.506 rows=14835720 loops=1)
  ->  Hash  (cost=83071.67..83071.67 rows=246 width=8) (actual time=1050.128..1050.128 rows=59 loops=1)
        Buckets: 1024  Batches: 1  Memory Usage: 11kB
        ->  Nested Loop  (cost=0.43..83071.67 rows=246 width=8) (actual time=22.092..1050.032 rows=59 loops=1)
              ->  Seq Scan on movie_keyword mk  (cost=0.00..81003.12 rows=246 width=4) (actual time=22.024..1047.086 rows=59 loops=1)
                    Filter: (keyword_id = 1137)
                    Rows Removed by Filter: 4523871
              ->  Index Only Scan using title_pkey on title t  (cost=0.43..8.40 rows=1 width=4) (actual time=0.044..0.045 rows=1 loops=59)
                    Index Cond: (id = mk.movie_id)
                    Heap Fetches: 59
Planning time: 2.584 ms
Execution time: 6483.993 ms
