Hash Join  (cost=67697.55..819552.20 rows=106548 width=0) (actual time=872.989..13648.722 rows=29862 loops=1)
  Hash Cond: (ci.movie_id = t.id)
  ->  Seq Scan on cast_info ci  (cost=0.00..614943.12 rows=36225612 width=4) (actual time=0.021..6111.881 rows=36244344 loops=1)
  ->  Hash  (cost=67604.59..67604.59 rows=7437 width=4) (actual time=834.647..834.647 rows=4012 loops=1)
        Buckets: 8192  Batches: 1  Memory Usage: 206kB
        ->  Seq Scan on title t  (cost=0.00..67604.59 rows=7437 width=4) (actual time=0.251..832.732 rows=4012 loops=1)
              Filter: (production_year = 1920)
              Rows Removed by Filter: 2524300
Planning time: 0.725 ms
Execution time: 13654.538 ms
