Seq Scan on movie_keyword mk  (cost=0.00..81003.12 rows=246 width=0) (actual time=99.821..1045.220 rows=26 loops=1)
  Filter: (keyword_id = 55641)
  Rows Removed by Filter: 4523904
Planning time: 0.374 ms
Execution time: 1045.320 ms
