Seq Scan on movie_keyword mk  (cost=0.00..81003.12 rows=1455599 width=0) (actual time=0.026..1196.076 rows=1469644 loops=1)
  Filter: (keyword_id < 2099)
  Rows Removed by Filter: 3054286
Planning time: 0.311 ms
Execution time: 1383.931 ms
