Hash Join  (cost=102767.86..276251.19 rows=3432751 width=0) (actual time=1754.543..5643.140 rows=3427448 loops=1)
  Hash Cond: (mk.movie_id = t.id)
  ->  Seq Scan on movie_keyword mk  (cost=0.00..81003.12 rows=3432751 width=4) (actual time=0.025..1522.988 rows=3427448 loops=1)
        Filter: (keyword_id > 1120)
        Rows Removed by Filter: 1096482
  ->  Hash  (cost=61283.27..61283.27 rows=2528527 width=4) (actual time=1753.420..1753.420 rows=2528312 loops=1)
        Buckets: 131072  Batches: 64  Memory Usage: 2425kB
        ->  Seq Scan on title t  (cost=0.00..61283.27 rows=2528527 width=4) (actual time=0.018..874.741 rows=2528312 loops=1)
Planning time: 0.761 ms
Execution time: 5936.112 ms
