Hash Join  (cost=75411.94..532782.82 rows=332857 width=0) (actual time=1227.467..11036.519 rows=357983 loops=1)
  Hash Cond: (mi.movie_id = t.id)
  ->  Seq Scan on movie_info mi  (cost=0.00..346232.03 rows=9293409 width=4) (actual time=0.022..6294.524 rows=9425200 loops=1)
        Filter: (info_type_id > 5)
        Rows Removed by Filter: 5410520
  ->  Hash  (cost=73925.90..73925.90 rows=90563 width=4) (actual time=1226.626..1226.626 rows=80990 loops=1)
        Buckets: 131072  Batches: 2  Memory Usage: 2456kB
        ->  Seq Scan on title t  (cost=0.00..73925.90 rows=90563 width=4) (actual time=0.024..1195.246 rows=80990 loops=1)
              Filter: ((kind_id < 7) AND (production_year > 2011))
              Rows Removed by Filter: 2447322
Planning time: 0.769 ms
Execution time: 11088.407 ms
