Seq Scan on movie_companies mc  (cost=0.00..51404.11 rows=104 width=0) (actual time=111.925..661.292 rows=29 loops=1)
  Filter: (company_id = 47)
  Rows Removed by Filter: 2609100
Planning time: 0.347 ms
Execution time: 661.384 ms
