Hash Join  (cost=73962.22..438787.48 rows=16934 width=0) (actual time=633.504..6703.145 rows=29650 loops=1)
  Hash Cond: (mi.movie_id = t.id)
  ->  Seq Scan on movie_info mi  (cost=0.00..309384.22 rows=14739122 width=4) (actual time=0.023..3101.473 rows=14835720 loops=1)
  ->  Hash  (cost=73925.90..73925.90 rows=2905 width=4) (actual time=609.719..609.719 rows=2618 loops=1)
        Buckets: 4096  Batches: 1  Memory Usage: 125kB
        ->  Seq Scan on title t  (cost=0.00..73925.90 rows=2905 width=4) (actual time=257.992..608.836 rows=2618 loops=1)
              Filter: ((kind_id < 7) AND (production_year = 1903))
              Rows Removed by Filter: 2525694
Planning time: 0.719 ms
Execution time: 6708.470 ms
