Hash Join  (cost=228402.01..1117101.95 rows=1872592 width=0) (actual time=5290.509..23017.264 rows=17870519 loops=1)
  Hash Cond: (ci.movie_id = t.id)
  ->  Seq Scan on cast_info ci  (cost=0.00..796071.18 rows=5505770 width=4) (actual time=381.811..10014.143 rows=6302744 loops=1)
        Filter: ((person_id < 691859) AND (role_id < 6))
        Rows Removed by Filter: 29941600
  ->  Hash  (cost=214292.16..214292.16 rows=859988 width=8) (actual time=4906.415..4906.415 rows=1565515 loops=1)
        Buckets: 131072 (originally 131072)  Batches: 32 (originally 16)  Memory Usage: 3073kB
        ->  Hash Join  (cost=81812.24..214292.16 rows=859988 width=8) (actual time=966.978..4420.137 rows=1565515 loops=1)
              Hash Cond: (mk.movie_id = t.id)
              ->  Seq Scan on movie_keyword mk  (cost=0.00..69693.30 rows=4523930 width=4) (actual time=0.021..1136.316 rows=4523930 loops=1)
              ->  Hash  (cost=73925.90..73925.90 rows=480667 width=4) (actual time=966.234..966.234 rows=350545 loops=1)
                    Buckets: 131072  Batches: 8  Memory Usage: 2580kB
                    ->  Seq Scan on title t  (cost=0.00..73925.90 rows=480667 width=4) (actual time=0.016..888.923 rows=350545 loops=1)
                          Filter: ((production_year > 1987) AND (kind_id = 1))
                          Rows Removed by Filter: 2177767
Planning time: 1.081 ms
Execution time: 24954.246 ms
