Hash Join  (cost=75356.03..199257.96 rows=155889 width=0) (actual time=1448.710..3769.237 rows=424982 loops=1)
  Hash Cond: (mk.movie_id = t.id)
  ->  Seq Scan on movie_keyword mk  (cost=0.00..69693.30 rows=4523930 width=4) (actual time=0.020..1232.868 rows=4523930 loops=1)
  ->  Hash  (cost=73925.90..73925.90 rows=87130 width=4) (actual time=1043.081..1043.081 rows=96838 loops=1)
        Buckets: 131072  Batches: 2  Memory Usage: 2726kB
        ->  Seq Scan on title t  (cost=0.00..73925.90 rows=87130 width=4) (actual time=156.726..1005.378 rows=96838 loops=1)
              Filter: ((production_year < 2010) AND (kind_id = 4))
              Rows Removed by Filter: 2431474
Planning time: 0.847 ms
Execution time: 3824.817 ms
