Hash Join  (cost=82778.48..1220431.25 rows=6700009 width=0) (actual time=1122.075..29455.939 rows=4994740 loops=1)
  Hash Cond: (ci.movie_id = t.id)
  ->  Seq Scan on cast_info ci  (cost=0.00..705507.15 rows=31397741 width=4) (actual time=0.018..13779.181 rows=31381999 loops=1)
        Filter: (person_id < 3188307)
        Rows Removed by Filter: 4862345
  ->  Hash  (cost=73925.90..73925.90 rows=539566 width=4) (actual time=1121.211..1121.211 rows=428248 loops=1)
        Buckets: 131072  Batches: 8  Memory Usage: 2890kB
        ->  Seq Scan on title t  (cost=0.00..73925.90 rows=539566 width=4) (actual time=0.018..982.002 rows=428248 loops=1)
              Filter: ((production_year < 1997) AND (kind_id = 7))
              Rows Removed by Filter: 2100064
Planning time: 0.700 ms
Execution time: 29966.570 ms
