Hash Join  (cost=74528.24..167279.50 rows=56816 width=0) (actual time=889.656..2735.981 rows=52812 loops=1)
  Hash Cond: (mk.movie_id = t.id)
  ->  Seq Scan on movie_keyword mk  (cost=0.00..81003.12 rows=2981326 width=4) (actual time=0.013..1335.424 rows=2966400 loops=1)
        Filter: (keyword_id < 10108)
        Rows Removed by Filter: 1557530
  ->  Hash  (cost=73925.90..73925.90 rows=48187 width=4) (actual time=888.488..888.488 rows=42764 loops=1)
        Buckets: 65536  Batches: 1  Memory Usage: 2016kB
        ->  Seq Scan on title t  (cost=0.00..73925.90 rows=48187 width=4) (actual time=0.291..872.383 rows=42764 loops=1)
              Filter: ((kind_id < 3) AND (production_year = 2011))
              Rows Removed by Filter: 2485548
Planning time: 0.965 ms
Execution time: 2743.343 ms
