Hash Join  (cost=126708.52..1195414.17 rows=3397554 width=0) (actual time=2679.167..31210.206 rows=3025839 loops=1)
  Hash Cond: (ci.movie_id = t.id)
  ->  Seq Scan on cast_info ci  (cost=0.00..614943.12 rows=36225612 width=4) (actual time=0.020..12829.149 rows=36244344 loops=1)
  ->  Hash  (cost=122817.18..122817.18 rows=237147 width=8) (actual time=2678.351..2678.351 rows=116088 loops=1)
        Buckets: 131072  Batches: 4  Memory Usage: 2172kB
        ->  Hash Join  (cost=81055.23..122817.18 rows=237147 width=8) (actual time=1486.156..2642.565 rows=116088 loops=1)
              Hash Cond: (mi_idx.movie_id = t.id)
              ->  Seq Scan on movie_info_idx mi_idx  (cost=0.00..21735.35 rows=1380035 width=4) (actual time=0.022..520.659 rows=1380035 loops=1)
              ->  Hash  (cost=73925.90..73925.90 rows=434506 width=4) (actual time=1485.336..1485.336 rows=315167 loops=1)
                    Buckets: 131072  Batches: 8  Memory Usage: 2397kB
                    ->  Seq Scan on title t  (cost=0.00..73925.90 rows=434506 width=4) (actual time=0.030..1158.376 rows=315167 loops=1)
                          Filter: ((production_year < 1991) AND (kind_id = 7))
                          Rows Removed by Filter: 2213145
Planning time: 1.204 ms
Execution time: 31554.985 ms
