Hash Join  (cost=84104.26..450478.15 rows=310140 width=0) (actual time=2269.521..6583.068 rows=509824 loops=1)
  Hash Cond: (mi.movie_id = t.id)
  ->  Seq Scan on movie_info mi  (cost=0.00..346232.03 rows=1264125 width=4) (actual time=657.314..4448.633 rows=1288928 loops=1)
        Filter: (info_type_id = 2)
        Rows Removed by Filter: 13546792
  ->  Hash  (cost=73925.90..73925.90 rows=620348 width=4) (actual time=1306.904..1306.904 rows=543800 loops=1)
        Buckets: 131072  Batches: 16  Memory Usage: 2227kB
        ->  Seq Scan on title t  (cost=0.00..73925.90 rows=620348 width=4) (actual time=0.014..1125.110 rows=543800 loops=1)
              Filter: ((production_year > 1928) AND (kind_id = 1))
              Rows Removed by Filter: 1984512
Planning time: 2.930 ms
Execution time: 6644.574 ms
