Hash Join  (cost=102767.86..951993.47 rows=5562121 width=0) (actual time=5833.616..16203.233 rows=5631908 loops=1)
  Hash Cond: (ci.movie_id = t.id)
  ->  Seq Scan on cast_info ci  (cost=0.00..705507.15 rows=5562121 width=4) (actual time=4355.967..9795.650 rows=5631908 loops=1)
        Filter: (person_id > 3087600)
        Rows Removed by Filter: 30612436
  ->  Hash  (cost=61283.27..61283.27 rows=2528527 width=4) (actual time=1475.993..1475.993 rows=2528312 loops=1)
        Buckets: 131072  Batches: 64  Memory Usage: 2415kB
        ->  Seq Scan on title t  (cost=0.00..61283.27 rows=2528527 width=4) (actual time=0.033..749.002 rows=2528312 loops=1)
Planning time: 0.702 ms
Execution time: 16905.793 ms
