Hash Join  (cost=193778.88..673311.81 rows=2149074 width=0) (actual time=3841.416..17237.994 rows=7974200 loops=1)
  Hash Cond: (mi.movie_id = t.id)
  ->  Seq Scan on movie_info mi  (cost=0.00..346232.03 rows=9476311 width=4) (actual time=7.853..5513.095 rows=9565151 loops=1)
        Filter: (info_type_id < 16)
        Rows Removed by Filter: 5270569
  ->  Hash  (cost=184371.01..184371.01 rows=573429 width=8) (actual time=3832.873..3832.873 rows=864531 loops=1)
        Buckets: 131072 (originally 131072)  Batches: 16 (originally 8)  Memory Usage: 3151kB
        ->  Hash Join  (cost=102767.86..184371.01 rows=573429 width=8) (actual time=1721.453..3556.093 rows=864531 loops=1)
              Hash Cond: (mc.movie_id = t.id)
              ->  Seq Scan on movie_companies mc  (cost=0.00..57926.93 rows=573429 width=4) (actual time=49.159..743.511 rows=864531 loops=1)
                    Filter: ((company_id > 13449) AND (company_type_id = 2))
                    Rows Removed by Filter: 1744598
              ->  Hash  (cost=61283.27..61283.27 rows=2528527 width=4) (actual time=1671.228..1671.228 rows=2528312 loops=1)
                    Buckets: 131072  Batches: 64  Memory Usage: 2415kB
                    ->  Seq Scan on title t  (cost=0.00..61283.27 rows=2528527 width=4) (actual time=0.018..811.590 rows=2528312 loops=1)
Planning time: 0.726 ms
Execution time: 18068.734 ms
