Seq Scan on movie_companies mc  (cost=0.00..51404.11 rows=104 width=0) (actual time=472.728..691.872 rows=17 loops=1)
  Filter: (company_id = 96160)
  Rows Removed by Filter: 2609112
Planning time: 0.362 ms
Execution time: 691.957 ms
