Seq Scan on movie_companies mc  (cost=0.00..51404.11 rows=2416291 width=0) (actual time=0.026..842.258 rows=2417091 loops=1)
  Filter: (company_id > 51)
  Rows Removed by Filter: 192038
Planning time: 0.301 ms
Execution time: 1156.205 ms
