Seq Scan on cast_info ci  (cost=0.00..705507.15 rows=20185402 width=0) (actual time=1565.981..10285.862 rows=20311473 loops=1)
  Filter: (person_id > 1574905)
  Rows Removed by Filter: 15932871
Planning time: 0.226 ms
Execution time: 12826.633 ms
