Hash Join  (cost=97159.13..250029.38 rows=2533621 width=0) (actual time=1708.935..5452.277 rows=635481 loops=1)
  Hash Cond: (mk.movie_id = t.id)
  ->  Seq Scan on movie_keyword mk  (cost=0.00..69693.30 rows=4523930 width=4) (actual time=0.019..1241.970 rows=4523930 loops=1)
  ->  Hash  (cost=73925.90..73925.90 rows=1416098 width=4) (actual time=1707.283..1707.283 rows=1478412 loops=1)
        Buckets: 131072  Batches: 32  Memory Usage: 2656kB
        ->  Seq Scan on title t  (cost=0.00..73925.90 rows=1416098 width=4) (actual time=218.058..1217.546 rows=1478412 loops=1)
              Filter: ((production_year > 1938) AND (kind_id = 7))
              Rows Removed by Filter: 1049900
Planning time: 1.057 ms
Execution time: 5527.686 ms
