Hash Join  (cost=359518.72..1846142.20 rows=40428464 width=0) (actual time=8011.824..63356.912 rows=136814071 loops=1)
  Hash Cond: (ci.movie_id = t.id)
  ->  Seq Scan on cast_info ci  (cost=0.00..705507.15 rows=23499554 width=4) (actual time=0.023..13417.885 rows=23573656 loops=1)
        Filter: (role_id > 1)
        Rows Removed by Filter: 12670688
  ->  Hash  (cost=288149.97..288149.97 rows=4350060 width=8) (actual time=8009.829..8009.829 rows=4491605 loops=1)
        Buckets: 131072  Batches: 64  Memory Usage: 3792kB
        ->  Hash Join  (cost=107494.42..288149.97 rows=4350060 width=8) (actual time=2385.507..6891.540 rows=4491605 loops=1)
              Hash Cond: (mk.movie_id = t.id)
              ->  Seq Scan on movie_keyword mk  (cost=0.00..69693.30 rows=4523930 width=4) (actual time=0.015..1179.783 rows=4523930 loops=1)
              ->  Hash  (cost=67604.59..67604.59 rows=2431347 width=4) (actual time=2383.890..2383.890 rows=2427113 loops=1)
                    Buckets: 131072  Batches: 32  Memory Usage: 3700kB
                    ->  Seq Scan on title t  (cost=0.00..67604.59 rows=2431347 width=4) (actual time=0.019..1082.382 rows=2427113 loops=1)
                          Filter: (production_year > 1910)
                          Rows Removed by Filter: 101199
Planning time: 1.164 ms
Execution time: 77389.008 ms
