Hash Join  (cost=73962.22..160672.23 rows=5197 width=0) (actual time=926.582..2279.887 rows=17869 loops=1)
  Hash Cond: (mk.movie_id = t.id)
  ->  Seq Scan on movie_keyword mk  (cost=0.00..69693.30 rows=4523930 width=4) (actual time=0.014..650.242 rows=4523930 loops=1)
  ->  Hash  (cost=73925.90..73925.90 rows=2905 width=4) (actual time=925.404..925.404 rows=5239 loops=1)
        Buckets: 8192 (originally 4096)  Batches: 1 (originally 1)  Memory Usage: 249kB
        ->  Seq Scan on title t  (cost=0.00..73925.90 rows=2905 width=4) (actual time=0.080..922.652 rows=5239 loops=1)
              Filter: ((kind_id < 7) AND (production_year = 1965))
              Rows Removed by Filter: 2523073
Planning time: 0.742 ms
Execution time: 2282.197 ms
