Hash Join  (cost=239542.98..327969.65 rows=910867 width=0) (actual time=4353.944..7992.864 rows=6799708 loops=1)
  Hash Cond: (mc.movie_id = t.id)
  ->  Seq Scan on movie_companies mc  (cost=0.00..51404.11 rows=2030904 width=4) (actual time=0.028..966.213 rows=2025906 loops=1)
        Filter: (company_id < 71001)
        Rows Removed by Filter: 583223
  ->  Hash  (cost=220937.33..220937.33 rows=1134052 width=8) (actual time=4353.019..4353.019 rows=1140927 loops=1)
        Buckets: 131072  Batches: 16  Memory Usage: 3845kB
        ->  Hash Join  (cost=102767.86..220937.33 rows=1134052 width=8) (actual time=1631.952..4021.158 rows=1140927 loops=1)
              Hash Cond: (mk.movie_id = t.id)
              ->  Seq Scan on movie_keyword mk  (cost=0.00..81003.12 rows=1134052 width=4) (actual time=0.018..1119.078 rows=1140927 loops=1)
                    Filter: (keyword_id < 1294)
                    Rows Removed by Filter: 3383003
              ->  Hash  (cost=61283.27..61283.27 rows=2528527 width=4) (actual time=1630.366..1630.366 rows=2528312 loops=1)
                    Buckets: 131072  Batches: 64  Memory Usage: 2425kB
                    ->  Seq Scan on title t  (cost=0.00..61283.27 rows=2528527 width=4) (actual time=0.016..797.115 rows=2528312 loops=1)
Planning time: 1.122 ms
Execution time: 8674.908 ms
