Hash Join  (cost=190230.21..349649.35 rows=2341617 width=0) (actual time=4223.367..10996.772 rows=9906076 loops=1)
  Hash Cond: (mk.movie_id = t.id)
  ->  Seq Scan on movie_keyword mk  (cost=0.00..81003.12 rows=4290357 width=4) (actual time=0.021..1879.436 rows=4277446 loops=1)
        Filter: (keyword_id > 212)
        Rows Removed by Filter: 246484
  ->  Hash  (cost=167588.78..167588.78 rows=1380035 width=8) (actual time=4222.259..4222.259 rows=1380035 loops=1)
        Buckets: 131072  Batches: 32  Memory Usage: 2726kB
        ->  Hash Join  (cost=102767.86..167588.78 rows=1380035 width=8) (actual time=1839.502..3811.249 rows=1380035 loops=1)
              Hash Cond: (mi_idx.movie_id = t.id)
              ->  Seq Scan on movie_info_idx mi_idx  (cost=0.00..21735.35 rows=1380035 width=4) (actual time=0.015..467.830 rows=1380035 loops=1)
              ->  Hash  (cost=61283.27..61283.27 rows=2528527 width=4) (actual time=1837.618..1837.618 rows=2528312 loops=1)
                    Buckets: 131072  Batches: 64  Memory Usage: 2415kB
                    ->  Seq Scan on title t  (cost=0.00..61283.27 rows=2528527 width=4) (actual time=0.017..1008.407 rows=2528312 loops=1)
Planning time: 1.248 ms
Execution time: 12193.061 ms
