Hash Join  (cost=74434.21..457726.39 rows=152399 width=0) (actual time=1139.457..7741.498 rows=13858 loops=1)
  Hash Cond: (mi.movie_id = t.id)
  ->  Seq Scan on movie_info mi  (cost=0.00..346232.03 rows=9476311 width=4) (actual time=324.219..4804.491 rows=9565151 loops=1)
        Filter: (info_type_id < 16)
        Rows Removed by Filter: 5270569
  ->  Hash  (cost=73925.90..73925.90 rows=40664 width=4) (actual time=813.344..813.344 rows=40257 loops=1)
        Buckets: 65536  Batches: 1  Memory Usage: 1928kB
        ->  Seq Scan on title t  (cost=0.00..73925.90 rows=40664 width=4) (actual time=238.045..798.184 rows=40257 loops=1)
              Filter: ((production_year > 2012) AND (kind_id = 7))
              Rows Removed by Filter: 2488055
Planning time: 0.828 ms
Execution time: 7743.915 ms
