Hash Join  (cost=102767.86..188595.33 rows=748956 width=0) (actual time=2011.981..4462.946 rows=1028880 loops=1)
  Hash Cond: (mc.movie_id = t.id)
  ->  Seq Scan on movie_companies mc  (cost=0.00..57926.93 rows=748956 width=4) (actual time=351.714..936.098 rows=1028880 loops=1)
        Filter: ((company_id < 14145) AND (company_type_id = 1))
        Rows Removed by Filter: 1580249
  ->  Hash  (cost=61283.27..61283.27 rows=2528527 width=4) (actual time=1659.136..1659.136 rows=2528312 loops=1)
        Buckets: 131072  Batches: 64  Memory Usage: 2415kB
        ->  Seq Scan on title t  (cost=0.00..61283.27 rows=2528527 width=4) (actual time=0.016..857.908 rows=2528312 loops=1)
Planning time: 0.798 ms
Execution time: 4582.173 ms
