Hash Join  (cost=83074.74..109986.57 rows=134 width=0) (actual time=1005.166..1458.339 rows=339 loops=1)
  Hash Cond: (mi_idx.movie_id = t.id)
  ->  Seq Scan on movie_info_idx mi_idx  (cost=0.00..21735.35 rows=1380035 width=4) (actual time=0.021..208.867 rows=1380035 loops=1)
  ->  Hash  (cost=83071.67..83071.67 rows=246 width=8) (actual time=999.579..999.579 rows=208 loops=1)
        Buckets: 1024  Batches: 1  Memory Usage: 17kB
        ->  Nested Loop  (cost=0.43..83071.67 rows=246 width=8) (actual time=6.366..999.373 rows=208 loops=1)
              ->  Seq Scan on movie_keyword mk  (cost=0.00..81003.12 rows=246 width=4) (actual time=6.301..993.548 rows=208 loops=1)
                    Filter: (keyword_id = 4426)
                    Rows Removed by Filter: 4523722
              ->  Index Only Scan using title_pkey on title t  (cost=0.43..8.40 rows=1 width=4) (actual time=0.025..0.026 rows=1 loops=208)
                    Index Cond: (id = mk.movie_id)
                    Heap Fetches: 208
Planning time: 1.102 ms
Execution time: 1458.530 ms
