Hash Join  (cost=89649.84..152604.31 rows=31645 width=0) (actual time=1401.681..2289.767 rows=8252 loops=1)
  Hash Cond: (mc.movie_id = t.id)
  ->  Seq Scan on movie_companies mc  (cost=0.00..57926.93 rows=83489 width=4) (actual time=0.113..699.714 rows=38155 loops=1)
        Filter: ((company_id < 34) AND (company_type_id = 2))
        Rows Removed by Filter: 2570974
  ->  Hash  (cost=73925.90..73925.90 rows=958395 width=4) (actual time=1399.723..1399.723 rows=1050192 loops=1)
        Buckets: 131072  Batches: 16  Memory Usage: 3340kB
        ->  Seq Scan on title t  (cost=0.00..73925.90 rows=958395 width=4) (actual time=0.015..1081.187 rows=1050192 loops=1)
              Filter: ((production_year > 1996) AND (kind_id = 7))
              Rows Removed by Filter: 1478120
Planning time: 0.741 ms
Execution time: 2290.998 ms
