Hash Join  (cost=101271.33..194839.99 rows=30187 width=0) (actual time=1583.850..3035.561 rows=101866 loops=1)
  Hash Cond: (mk.movie_id = t.id)
  ->  Seq Scan on movie_keyword mk  (cost=0.00..81003.12 rows=3270311 width=4) (actual time=0.028..1015.691 rows=3254498 loops=1)
        Filter: (keyword_id > 1617)
        Rows Removed by Filter: 1269432
  ->  Hash  (cost=100979.58..100979.58 rows=23340 width=8) (actual time=1583.160..1583.160 rows=19538 loops=1)
        Buckets: 32768  Batches: 1  Memory Usage: 1020kB
        ->  Hash Join  (cost=69687.24..100979.58 rows=23340 width=8) (actual time=949.855..1575.532 rows=19538 loops=1)
              Hash Cond: (mi_idx.movie_id = t.id)
              ->  Seq Scan on movie_info_idx mi_idx  (cost=0.00..25185.44 rows=464934 width=4) (actual time=0.020..425.222 rows=460185 loops=1)
                    Filter: (info_type_id > 100)
                    Rows Removed by Filter: 919850
              ->  Hash  (cost=67604.59..67604.59 rows=126932 width=4) (actual time=949.098..949.098 rows=122861 loops=1)
                    Buckets: 131072  Batches: 2  Memory Usage: 3191kB
                    ->  Seq Scan on title t  (cost=0.00..67604.59 rows=126932 width=4) (actual time=0.024..903.592 rows=122861 loops=1)
                          Filter: (production_year = 2008)
                          Rows Removed by Filter: 2405451
Planning time: 1.505 ms
Execution time: 3046.298 ms
