Hash Join  (cost=70241.71..960459.47 rows=487332 width=0) (actual time=942.043..15350.098 rows=272702 loops=1)
  Hash Cond: (ci.movie_id = t.id)
  ->  Seq Scan on cast_info ci  (cost=0.00..796071.18 rows=7666469 width=4) (actual time=0.019..12338.616 rows=3993914 loops=1)
        Filter: ((person_id < 2309269) AND (role_id > 3))
        Rows Removed by Filter: 32250430
  ->  Hash  (cost=67604.59..67604.59 rows=160730 width=4) (actual time=941.113..941.113 rows=160017 loops=1)
        Buckets: 131072  Batches: 4  Memory Usage: 2436kB
        ->  Seq Scan on title t  (cost=0.00..67604.59 rows=160730 width=4) (actual time=0.026..883.201 rows=160017 loops=1)
              Filter: (production_year = 2011)
              Rows Removed by Filter: 2368295
Planning time: 0.836 ms
Execution time: 15389.096 ms
