Hash Join  (cost=83074.74..109986.57 rows=134 width=0) (actual time=1085.416..1599.780 rows=573 loops=1)
  Hash Cond: (mi_idx.movie_id = t.id)
  ->  Seq Scan on movie_info_idx mi_idx  (cost=0.00..21735.35 rows=1380035 width=4) (actual time=0.024..253.220 rows=1380035 loops=1)
  ->  Hash  (cost=83071.67..83071.67 rows=246 width=8) (actual time=1085.050..1085.050 rows=194 loops=1)
        Buckets: 1024  Batches: 1  Memory Usage: 16kB
        ->  Nested Loop  (cost=0.43..83071.67 rows=246 width=8) (actual time=1.364..1084.868 rows=194 loops=1)
              ->  Seq Scan on movie_keyword mk  (cost=0.00..81003.12 rows=246 width=4) (actual time=1.303..1077.555 rows=194 loops=1)
                    Filter: (keyword_id = 5282)
                    Rows Removed by Filter: 4523736
              ->  Index Only Scan using title_pkey on title t  (cost=0.43..8.40 rows=1 width=4) (actual time=0.034..0.035 rows=1 loops=194)
                    Index Cond: (id = mk.movie_id)
                    Heap Fetches: 194
Planning time: 1.162 ms
Execution time: 1599.992 ms
