Hash Join  (cost=92883.59..1068725.26 rows=8519169 width=0) (actual time=1717.511..25253.303 rows=8011128 loops=1)
  Hash Cond: (ci.movie_id = t.id)
  ->  Seq Scan on cast_info ci  (cost=0.00..705507.15 rows=13980366 width=4) (actual time=0.024..13241.516 rows=13954033 loops=1)
        Filter: (person_id < 1375332)
        Rows Removed by Filter: 22290311
  ->  Hash  (cost=67604.59..67604.59 rows=1540800 width=4) (actual time=1716.340..1716.340 rows=1543264 loops=1)
        Buckets: 131072  Batches: 32  Memory Usage: 2722kB
        ->  Seq Scan on title t  (cost=0.00..67604.59 rows=1540800 width=4) (actual time=0.018..1196.910 rows=1543264 loops=1)
              Filter: (kind_id = 7)
              Rows Removed by Filter: 985048
Planning time: 0.677 ms
Execution time: 26235.239 ms
