Seq Scan on cast_info ci  (cost=0.00..705507.15 rows=15741478 width=0) (actual time=0.026..9926.896 rows=15855151 loops=1)
  Filter: (person_id > 2050519)
  Rows Removed by Filter: 20389193
Planning time: 0.340 ms
Execution time: 11787.974 ms
