Hash Join  (cost=924778.78..966188.09 rows=216582 width=0) (actual time=11914.709..13645.511 rows=351932 loops=1)
  Hash Cond: (mi_idx.movie_id = t.id)
  ->  Seq Scan on movie_info_idx mi_idx  (cost=0.00..21735.35 rows=1380035 width=4) (actual time=0.013..392.826 rows=1380035 loops=1)
  ->  Hash  (cost=918267.46..918267.46 rows=396826 width=8) (actual time=11913.850..11913.850 rows=270336 loops=1)
        Buckets: 131072  Batches: 8  Memory Usage: 2336kB
        ->  Hash Join  (cost=102767.86..918267.46 rows=396826 width=8) (actual time=5639.532..11831.363 rows=270336 loops=1)
              Hash Cond: (ci.movie_id = t.id)
              ->  Seq Scan on cast_info ci  (cost=0.00..796071.18 rows=396826 width=4) (actual time=4021.243..9597.760 rows=270336 loops=1)
                    Filter: ((person_id < 333564) AND (role_id = 3))
                    Rows Removed by Filter: 35974008
              ->  Hash  (cost=61283.27..61283.27 rows=2528527 width=4) (actual time=1617.086..1617.086 rows=2528312 loops=1)
                    Buckets: 131072  Batches: 64  Memory Usage: 2415kB
                    ->  Seq Scan on title t  (cost=0.00..61283.27 rows=2528527 width=4) (actual time=0.020..787.948 rows=2528312 loops=1)
Planning time: 1.165 ms
Execution time: 13690.529 ms
