Seq Scan on cast_info ci  (cost=0.00..705507.15 rows=500 width=0) (actual time=173.572..7935.995 rows=190 loops=1)
  Filter: (person_id = 664829)
  Rows Removed by Filter: 36244154
Planning time: 0.409 ms
Execution time: 7936.090 ms
