Hash Join  (cost=167068.47..284410.15 rows=502009 width=0) (actual time=3646.829..10445.614 rows=15045011 loops=1)
  Hash Cond: (mk.movie_id = t.id)
  ->  Seq Scan on movie_keyword mk  (cost=0.00..81003.12 rows=2539590 width=4) (actual time=0.023..1494.434 rows=2536025 loops=1)
        Filter: (keyword_id > 3511)
        Rows Removed by Filter: 1987905
  ->  Hash  (cost=158867.70..158867.70 rows=499822 width=8) (actual time=3645.778..3645.778 rows=957407 loops=1)
        Buckets: 131072 (originally 131072)  Batches: 16 (originally 8)  Memory Usage: 3430kB
        ->  Hash Join  (cost=83810.17..158867.70 rows=499822 width=8) (actual time=1268.186..3343.612 rows=957407 loops=1)
              Hash Cond: (mc.movie_id = t.id)
              ->  Seq Scan on movie_companies mc  (cost=0.00..51404.11 rows=1279517 width=4) (actual time=0.007..954.384 rows=1274246 loops=1)
                    Filter: (company_type_id = 1)
                    Rows Removed by Filter: 1334883
              ->  Hash  (cost=67604.59..67604.59 rows=987727 width=4) (actual time=1267.134..1267.134 rows=985048 loops=1)
                    Buckets: 131072  Batches: 16  Memory Usage: 3188kB
                    ->  Seq Scan on title t  (cost=0.00..67604.59 rows=987727 width=4) (actual time=0.027..966.829 rows=985048 loops=1)
                          Filter: (kind_id < 7)
                          Rows Removed by Filter: 1543264
Planning time: 1.090 ms
Execution time: 12130.872 ms
