Hash Join  (cost=83072.96..447729.18 rows=28 width=0) (actual time=1208.230..7024.941 rows=99 loops=1)
  Hash Cond: (mi.movie_id = t.id)
  ->  Seq Scan on movie_info mi  (cost=0.00..309384.22 rows=14739122 width=4) (actual time=0.014..3238.939 rows=14835720 loops=1)
  ->  Hash  (cost=83072.90..83072.90 rows=5 width=8) (actual time=1116.166..1116.166 rows=6 loops=1)
        Buckets: 1024  Batches: 1  Memory Usage: 9kB
        ->  Nested Loop  (cost=0.43..83072.90 rows=5 width=8) (actual time=29.053..1116.150 rows=6 loops=1)
              ->  Seq Scan on movie_keyword mk  (cost=0.00..81003.12 rows=246 width=4) (actual time=0.404..1090.890 rows=715 loops=1)
                    Filter: (keyword_id = 8821)
                    Rows Removed by Filter: 4523215
              ->  Index Scan using title_pkey on title t  (cost=0.43..8.40 rows=1 width=4) (actual time=0.034..0.034 rows=0 loops=715)
                    Index Cond: (id = mk.movie_id)
                    Filter: ((production_year < 2001) AND (kind_id = 4))
                    Rows Removed by Filter: 1
Planning time: 1.177 ms
Execution time: 7025.157 ms
