Hash Join  (cost=123872.86..615657.30 rows=1122549 width=0) (actual time=2256.112..13620.679 rows=610200 loops=1)
  Hash Cond: (mi.movie_id = t.id)
  ->  Seq Scan on movie_info mi  (cost=0.00..309384.22 rows=14739122 width=4) (actual time=0.012..4611.917 rows=14835720 loops=1)
  ->  Hash  (cost=120712.66..120712.66 rows=192576 width=8) (actual time=2254.049..2254.049 rows=84297 loops=1)
        Buckets: 131072  Batches: 4  Memory Usage: 1849kB
        ->  Hash Join  (cost=79715.42..120712.66 rows=192576 width=8) (actual time=1210.304..2230.348 rows=84297 loops=1)
              Hash Cond: (mi_idx.movie_id = t.id)
              ->  Seq Scan on movie_info_idx mi_idx  (cost=0.00..21735.35 rows=1380035 width=4) (actual time=0.023..394.250 rows=1380035 loops=1)
              ->  Hash  (cost=73925.90..73925.90 rows=352841 width=4) (actual time=1206.543..1206.543 rows=371999 loops=1)
                    Buckets: 131072  Batches: 8  Memory Usage: 2665kB
                    ->  Seq Scan on title t  (cost=0.00..73925.90 rows=352841 width=4) (actual time=0.019..1078.822 rows=371999 loops=1)
                          Filter: ((kind_id > 3) AND (production_year > 2009))
                          Rows Removed by Filter: 2156313
Planning time: 1.187 ms
Execution time: 13694.490 ms
