Hash Join  (cost=118520.81..870044.51 rows=73453 width=0) (actual time=1123.665..14618.728 rows=61862 loops=1)
  Hash Cond: (ci.movie_id = t.id)
  ->  Seq Scan on cast_info ci  (cost=0.00..614943.12 rows=36225612 width=4) (actual time=0.017..6104.610 rows=36244344 loops=1)
  ->  Hash  (cost=118456.73..118456.73 rows=5127 width=8) (actual time=1123.393..1123.393 rows=4958 loops=1)
        Buckets: 8192  Batches: 1  Memory Usage: 258kB
        ->  Nested Loop  (cost=0.43..118456.73 rows=5127 width=8) (actual time=0.117..1120.434 rows=4958 loops=1)
              ->  Seq Scan on movie_keyword mk  (cost=0.00..81003.12 rows=5127 width=4) (actual time=0.053..1043.532 rows=4958 loops=1)
                    Filter: (keyword_id = 2632)
                    Rows Removed by Filter: 4518972
              ->  Index Only Scan using title_pkey on title t  (cost=0.43..7.30 rows=1 width=4) (actual time=0.014..0.015 rows=1 loops=4958)
                    Index Cond: (id = mk.movie_id)
                    Heap Fetches: 4958
Planning time: 1.115 ms
Execution time: 14630.184 ms
