Seq Scan on title t  (cost=0.00..73925.90 rows=541550 width=0) (actual time=0.022..1061.412 rows=404953 loops=1)
  Filter: ((kind_id > 1) AND (production_year < 1992))
  Rows Removed by Filter: 2123359
Planning time: 3.474 ms
Execution time: 1116.667 ms
