Hash Join  (cost=341220.89..983466.33 rows=13666209 width=0) (actual time=8449.968..41441.585 rows=95484149 loops=1)
  Hash Cond: (mi.movie_id = t.id)
  ->  Seq Scan on movie_info mi  (cost=0.00..346232.03 rows=9476311 width=4) (actual time=44.017..5198.870 rows=9565151 loops=1)
        Filter: (info_type_id < 16)
        Rows Removed by Filter: 5270569
  ->  Hash  (cost=281394.62..281394.62 rows=3646501 width=8) (actual time=8403.649..8403.649 rows=3636915 loops=1)
        Buckets: 131072  Batches: 64  Memory Usage: 3342kB
        ->  Hash Join  (cost=102767.86..281394.62 rows=3646501 width=8) (actual time=2413.052..7064.055 rows=3636915 loops=1)
              Hash Cond: (mk.movie_id = t.id)
              ->  Seq Scan on movie_keyword mk  (cost=0.00..81003.12 rows=3646501 width=4) (actual time=0.020..1495.614 rows=3636915 loops=1)
                    Filter: (keyword_id > 837)
                    Rows Removed by Filter: 887015
              ->  Hash  (cost=61283.27..61283.27 rows=2528527 width=4) (actual time=2409.662..2409.662 rows=2528312 loops=1)
                    Buckets: 131072  Batches: 64  Memory Usage: 2425kB
                    ->  Seq Scan on title t  (cost=0.00..61283.27 rows=2528527 width=4) (actual time=0.019..767.500 rows=2528312 loops=1)
Planning time: 1.135 ms
Execution time: 52425.927 ms
