Hash Join  (cost=797960.46..852406.04 rows=72 width=0) (actual time=12097.766..12395.625 rows=3 loops=1)
  Hash Cond: (mc.movie_id = t.id)
  ->  Seq Scan on movie_companies mc  (cost=0.00..51404.11 rows=810865 width=4) (actual time=0.033..724.904 rows=818539 loops=1)
        Filter: (company_id > 28339)
        Rows Removed by Filter: 1790590
  ->  Hash  (cost=797957.66..797957.66 rows=224 width=8) (actual time=11554.041..11554.041 rows=5 loops=1)
        Buckets: 1024  Batches: 1  Memory Usage: 9kB
        ->  Nested Loop  (cost=0.43..797957.66 rows=224 width=8) (actual time=1162.804..11553.996 rows=5 loops=1)
              ->  Seq Scan on cast_info ci  (cost=0.00..796071.18 rows=224 width=4) (actual time=1162.681..11553.690 rows=5 loops=1)
                    Filter: ((role_id > 2) AND (person_id = 1123582))
                    Rows Removed by Filter: 36244339
              ->  Index Only Scan using title_pkey on title t  (cost=0.43..8.41 rows=1 width=4) (actual time=0.047..0.048 rows=1 loops=5)
                    Index Cond: (id = ci.movie_id)
                    Heap Fetches: 5
Planning time: 1.494 ms
Execution time: 12395.835 ms
