Hash Join  (cost=190230.21..1395129.70 rows=15840919 width=0) (actual time=3459.709..40159.564 rows=32240493 loops=1)
  Hash Cond: (ci.movie_id = t.id)
  ->  Seq Scan on cast_info ci  (cost=0.00..705507.15 rows=29024040 width=4) (actual time=0.019..13030.607 rows=28978715 loops=1)
        Filter: (person_id < 2942415)
        Rows Removed by Filter: 7265629
  ->  Hash  (cost=167588.78..167588.78 rows=1380035 width=8) (actual time=3458.597..3458.597 rows=1380035 loops=1)
        Buckets: 131072  Batches: 32  Memory Usage: 2708kB
        ->  Hash Join  (cost=102767.86..167588.78 rows=1380035 width=8) (actual time=1600.986..3173.907 rows=1380035 loops=1)
              Hash Cond: (mi_idx.movie_id = t.id)
              ->  Seq Scan on movie_info_idx mi_idx  (cost=0.00..21735.35 rows=1380035 width=4) (actual time=0.018..373.924 rows=1380035 loops=1)
              ->  Hash  (cost=61283.27..61283.27 rows=2528527 width=4) (actual time=1600.073..1600.073 rows=2528312 loops=1)
                    Buckets: 131072  Batches: 64  Memory Usage: 2415kB
                    ->  Seq Scan on title t  (cost=0.00..61283.27 rows=2528527 width=4) (actual time=0.040..814.143 rows=2528312 loops=1)
Planning time: 1.181 ms
Execution time: 43960.055 ms
