Nested Loop  (cost=0.43..709671.90 rows=500 width=0) (actual time=1586.344..8089.550 rows=101 loops=1)
  ->  Seq Scan on cast_info ci  (cost=0.00..705507.15 rows=500 width=4) (actual time=1586.244..8087.199 rows=101 loops=1)
        Filter: (person_id = 106702)
        Rows Removed by Filter: 36244243
  ->  Index Only Scan using title_pkey on title t  (cost=0.43..8.32 rows=1 width=4) (actual time=0.022..0.022 rows=1 loops=101)
        Index Cond: (id = ci.movie_id)
        Heap Fetches: 101
Planning time: 0.842 ms
Execution time: 8089.657 ms
