Hash Join  (cost=195336.54..748198.57 rows=4258091 width=0) (actual time=3435.051..20651.350 rows=16283088 loops=1)
  Hash Cond: (mi.movie_id = t.id)
  ->  Seq Scan on movie_info mi  (cost=0.00..346232.03 rows=13926693 width=4) (actual time=0.015..5717.373 rows=13963496 loops=1)
        Filter: (info_type_id < 98)
        Rows Removed by Filter: 872224
  ->  Hash  (cost=182652.81..182652.81 rows=773098 width=8) (actual time=3434.037..3434.037 rows=764090 loops=1)
        Buckets: 131072  Batches: 16  Memory Usage: 2916kB
        ->  Hash Join  (cost=102767.86..182652.81 rows=773098 width=8) (actual time=1562.167..3232.181 rows=764090 loops=1)
              Hash Cond: (mc.movie_id = t.id)
              ->  Seq Scan on movie_companies mc  (cost=0.00..51404.11 rows=773098 width=4) (actual time=0.012..740.054 rows=764090 loops=1)
                    Filter: (company_id < 1583)
                    Rows Removed by Filter: 1845039
              ->  Hash  (cost=61283.27..61283.27 rows=2528527 width=4) (actual time=1561.473..1561.473 rows=2528312 loops=1)
                    Buckets: 131072  Batches: 64  Memory Usage: 2415kB
                    ->  Seq Scan on title t  (cost=0.00..61283.27 rows=2528527 width=4) (actual time=0.017..773.472 rows=2528312 loops=1)
Planning time: 1.174 ms
Execution time: 22421.917 ms
