Hash Join  (cost=1286975.00..2495524.59 rows=54484044 width=0) (actual time=30531.191..91703.201 rows=160233289 loops=1)
  Hash Cond: (mi.movie_id = t.id)
  ->  Seq Scan on movie_info mi  (cost=0.00..309384.22 rows=14739122 width=4) (actual time=0.014..4588.701 rows=14835720 loops=1)
  ->  Hash  (cost=1133627.37..1133627.37 rows=9346851 width=8) (actual time=30525.827..30525.827 rows=12670688 loops=1)
        Buckets: 131072 (originally 131072)  Batches: 256 (originally 128)  Memory Usage: 3073kB
        ->  Hash Join  (cost=102767.86..1133627.37 rows=9346851 width=8) (actual time=1885.603..26454.197 rows=12670688 loops=1)
              Hash Cond: (ci.movie_id = t.id)
              ->  Seq Scan on cast_info ci  (cost=0.00..796071.18 rows=9346851 width=4) (actual time=350.001..13279.003 rows=12670688 loops=1)
                    Filter: ((person_id < 2748356) AND (role_id = 1))
                    Rows Removed by Filter: 23573656
              ->  Hash  (cost=61283.27..61283.27 rows=2528527 width=4) (actual time=1534.301..1534.301 rows=2528312 loops=1)
                    Buckets: 131072  Batches: 64  Memory Usage: 2415kB
                    ->  Seq Scan on title t  (cost=0.00..61283.27 rows=2528527 width=4) (actual time=0.016..720.458 rows=2528312 loops=1)
Planning time: 1.208 ms
Execution time: 110112.745 ms
