Nested Loop  (cost=0.43..83072.29 rows=175 width=0) (actual time=3.105..1066.167 rows=103 loops=1)
  ->  Seq Scan on movie_keyword mk  (cost=0.00..81003.12 rows=246 width=4) (actual time=3.063..1061.795 rows=116 loops=1)
        Filter: (keyword_id = 28558)
        Rows Removed by Filter: 4523814
  ->  Index Scan using title_pkey on title t  (cost=0.43..8.40 rows=1 width=4) (actual time=0.033..0.034 rows=1 loops=116)
        Index Cond: (id = mk.movie_id)
        Filter: (production_year < 2009)
        Rows Removed by Filter: 0
Planning time: 0.754 ms
Execution time: 1066.349 ms
