Seq Scan on title t  (cost=0.00..73925.90 rows=1963 width=0) (actual time=55.824..891.400 rows=4793 loops=1)
  Filter: ((kind_id = 1) AND (production_year = 1985))
  Rows Removed by Filter: 2523519
Planning time: 0.377 ms
Execution time: 892.559 ms
