Nested Loop  (cost=0.43..58358.39 rows=20 width=0) (actual time=164.365..674.297 rows=32 loops=1)
  ->  Seq Scan on movie_companies mc  (cost=0.00..57926.93 rows=51 width=4) (actual time=164.297..673.509 rows=32 loops=1)
        Filter: ((company_id = 19559) AND (company_type_id = 1))
        Rows Removed by Filter: 2609097
  ->  Index Scan using title_pkey on title t  (cost=0.43..8.45 rows=1 width=4) (actual time=0.022..0.023 rows=1 loops=32)
        Index Cond: (id = mc.movie_id)
        Filter: (kind_id < 7)
Planning time: 0.755 ms
Execution time: 674.410 ms
