Hash Join  (cost=80493.69..455554.10 rows=328328 width=0) (actual time=2624.154..6974.805 rows=739441 loops=1)
  Hash Cond: (mi.movie_id = t.id)
  ->  Seq Scan on movie_info mi  (cost=0.00..346232.03 rows=2073893 width=4) (actual time=1527.999..4472.567 rows=2091068 loops=1)
        Filter: (info_type_id < 3)
        Rows Removed by Filter: 12744652
  ->  Hash  (cost=73925.90..73925.90 rows=400303 width=4) (actual time=1094.942..1094.942 rows=500611 loops=1)
        Buckets: 131072  Batches: 8  Memory Usage: 3244kB
        ->  Seq Scan on title t  (cost=0.00..73925.90 rows=400303 width=4) (actual time=0.062..938.551 rows=500611 loops=1)
              Filter: ((kind_id < 7) AND (production_year < 2000))
              Rows Removed by Filter: 2027701
Planning time: 0.803 ms
Execution time: 7071.262 ms
