Seq Scan on movie_companies mc  (cost=0.00..57926.93 rows=53 width=0) (actual time=10.770..667.897 rows=145 loops=1)
  Filter: ((company_type_id > 1) AND (company_id = 12681))
  Rows Removed by Filter: 2608984
Planning time: 0.376 ms
Execution time: 668.016 ms
