Hash Join  (cost=75339.30..106392.07 rows=15821 width=0) (actual time=1214.753..1903.079 rows=48399 loops=1)
  Hash Cond: (mi_idx.movie_id = t.id)
  ->  Seq Scan on movie_info_idx mi_idx  (cost=0.00..25185.44 rows=464566 width=4) (actual time=0.028..427.451 rows=459925 loops=1)
        Filter: (info_type_id = 101)
        Rows Removed by Filter: 920110
  ->  Hash  (cost=73925.90..73925.90 rows=86112 width=4) (actual time=1214.061..1214.061 rows=213544 loops=1)
        Buckets: 131072 (originally 131072)  Batches: 4 (originally 2)  Memory Usage: 3073kB
        ->  Seq Scan on title t  (cost=0.00..73925.90 rows=86112 width=4) (actual time=0.020..937.288 rows=213544 loops=1)
              Filter: ((production_year < 1967) AND (kind_id = 1))
              Rows Removed by Filter: 2314768
Planning time: 0.791 ms
Execution time: 1909.778 ms
