Seq Scan on title t  (cost=0.00..73925.90 rows=2905 width=0) (actual time=0.033..1051.181 rows=8669 loops=1)
  Filter: ((kind_id < 7) AND (production_year = 1989))
  Rows Removed by Filter: 2519643
Planning time: 0.413 ms
Execution time: 1053.060 ms
