Hash Join  (cost=83073.54..833870.01 rows=735 width=0) (actual time=1052.108..12823.850 rows=146 loops=1)
  Hash Cond: (ci.movie_id = t.id)
  ->  Seq Scan on cast_info ci  (cost=0.00..614943.12 rows=36225612 width=4) (actual time=0.012..5671.494 rows=36244344 loops=1)
  ->  Hash  (cost=83072.90..83072.90 rows=51 width=8) (actual time=1039.259..1039.259 rows=3 loops=1)
        Buckets: 1024  Batches: 1  Memory Usage: 9kB
        ->  Nested Loop  (cost=0.43..83072.90 rows=51 width=8) (actual time=304.160..1039.246 rows=3 loops=1)
              ->  Seq Scan on movie_keyword mk  (cost=0.00..81003.12 rows=246 width=4) (actual time=62.141..1038.689 rows=13 loops=1)
                    Filter: (keyword_id = 75215)
                    Rows Removed by Filter: 4523917
              ->  Index Scan using title_pkey on title t  (cost=0.43..8.40 rows=1 width=4) (actual time=0.037..0.037 rows=0 loops=13)
                    Index Cond: (id = mk.movie_id)
                    Filter: ((kind_id < 7) AND (production_year < 2005))
                    Rows Removed by Filter: 1
Planning time: 1.257 ms
Execution time: 12824.129 ms
