Hash Join  (cost=434162.72..522183.88 rows=136312 width=0) (actual time=7144.273..9412.915 rows=1342607 loops=1)
  Hash Cond: (mk.movie_id = t.id)
  ->  Seq Scan on movie_keyword mk  (cost=0.00..69693.30 rows=4523930 width=4) (actual time=0.018..1073.559 rows=4523930 loops=1)
  ->  Hash  (cost=433210.38..433210.38 rows=76188 width=8) (actual time=7143.512..7143.512 rows=68744 loops=1)
        Buckets: 131072  Batches: 1  Memory Usage: 3710kB
        ->  Hash Join  (cost=74710.74..433210.38 rows=76188 width=8) (actual time=1153.112..7113.857 rows=68744 loops=1)
              Hash Cond: (mi.movie_id = t.id)
              ->  Seq Scan on movie_info mi  (cost=0.00..346232.03 rows=3068194 width=4) (actual time=0.018..5184.755 rows=3036719 loops=1)
                    Filter: (info_type_id = 16)
                    Rows Removed by Filter: 11799001
              ->  Hash  (cost=73925.90..73925.90 rows=62787 width=4) (actual time=1152.610..1152.610 rows=53770 loops=1)
                    Buckets: 65536  Batches: 1  Memory Usage: 2403kB
                    ->  Seq Scan on title t  (cost=0.00..73925.90 rows=62787 width=4) (actual time=0.147..1128.670 rows=53770 loops=1)
                          Filter: ((kind_id < 7) AND (production_year = 2011))
                          Rows Removed by Filter: 2474542
Planning time: 1.190 ms
Execution time: 9582.524 ms
