Hash Join  (cost=83073.49..447735.01 rows=560 width=0) (actual time=1106.976..7240.949 rows=92992 loops=1)
  Hash Cond: (mi.movie_id = t.id)
  ->  Seq Scan on movie_info mi  (cost=0.00..309384.22 rows=14739122 width=4) (actual time=0.018..3123.074 rows=14835720 loops=1)
  ->  Hash  (cost=83072.29..83072.29 rows=96 width=8) (actual time=1106.894..1106.894 rows=1527 loops=1)
        Buckets: 2048 (originally 1024)  Batches: 1 (originally 1)  Memory Usage: 76kB
        ->  Nested Loop  (cost=0.43..83072.29 rows=96 width=8) (actual time=0.126..1105.759 rows=1527 loops=1)
              ->  Seq Scan on movie_keyword mk  (cost=0.00..81003.12 rows=246 width=4) (actual time=0.084..1066.017 rows=1704 loops=1)
                    Filter: (keyword_id = 793)
                    Rows Removed by Filter: 4522226
              ->  Index Scan using title_pkey on title t  (cost=0.43..8.40 rows=1 width=4) (actual time=0.022..0.022 rows=1 loops=1704)
                    Index Cond: (id = mk.movie_id)
                    Filter: (kind_id < 7)
                    Rows Removed by Filter: 0
Planning time: 1.173 ms
Execution time: 7255.517 ms
