Hash Join  (cost=72707.20..1035590.44 rows=2462992 width=0) (actual time=2369.172..22496.863 rows=2176464 loops=1)
  Hash Cond: (ci.movie_id = t.id)
  ->  Seq Scan on cast_info ci  (cost=0.00..705507.15 rows=20024311 width=4) (actual time=1346.433..12168.781 rows=20122661 loops=1)
        Filter: (role_id < 3)
        Rows Removed by Filter: 16121683
  ->  Hash  (cost=67604.59..67604.59 rows=311009 width=4) (actual time=1021.609..1021.609 rows=309534 loops=1)
        Buckets: 131072  Batches: 8  Memory Usage: 2378kB
        ->  Seq Scan on title t  (cost=0.00..67604.59 rows=311009 width=4) (actual time=0.025..920.958 rows=309534 loops=1)
              Filter: (production_year < 1966)
              Rows Removed by Filter: 2218778
Planning time: 0.826 ms
Execution time: 22724.615 ms
