Hash Join  (cost=140654.47..628730.23 rows=774983 width=0) (actual time=2252.275..12389.617 rows=1643596 loops=1)
  Hash Cond: (mi.movie_id = t.id)
  ->  Seq Scan on movie_info mi  (cost=0.00..309384.22 rows=14739122 width=4) (actual time=0.017..4415.554 rows=14835720 loops=1)
  ->  Hash  (cost=138472.60..138472.60 rows=132950 width=8) (actual time=2251.309..2251.309 rows=131991 loops=1)
        Buckets: 131072  Batches: 2  Memory Usage: 3608kB
        ->  Hash Join  (cost=76379.89..138472.60 rows=132950 width=8) (actual time=1160.458..2203.771 rows=131991 loops=1)
              Hash Cond: (mc.movie_id = t.id)
              ->  Seq Scan on movie_companies mc  (cost=0.00..51404.11 rows=628559 width=4) (actual time=126.769..730.841 rows=632581 loops=1)
                    Filter: (company_id > 58992)
                    Rows Removed by Filter: 1976548
              ->  Hash  (cost=67604.59..67604.59 rows=534824 width=4) (actual time=1032.674..1032.674 rows=533369 loops=1)
                    Buckets: 131072  Batches: 8  Memory Usage: 3369kB
                    ->  Seq Scan on title t  (cost=0.00..67604.59 rows=534824 width=4) (actual time=0.026..864.934 rows=533369 loops=1)
                          Filter: (production_year > 2009)
                          Rows Removed by Filter: 1994943
Planning time: 1.237 ms
Execution time: 12607.610 ms
