Hash Join  (cost=641062.01..2325542.79 rows=50116651 width=0) (actual time=11283.566..46337.144 rows=28562692 loops=1)
  Hash Cond: (ci.movie_id = t.id)
  ->  Seq Scan on cast_info ci  (cost=0.00..614943.12 rows=36225612 width=4) (actual time=0.030..10856.137 rows=36244344 loops=1)
  ->  Hash  (cost=583670.59..583670.59 rows=3498114 width=8) (actual time=11281.268..11281.268 rows=897855 loops=1)
        Buckets: 131072  Batches: 64  Memory Usage: 1563kB
        ->  Hash Join  (cost=89240.26..583670.59 rows=3498114 width=8) (actual time=1953.843..10995.658 rows=897855 loops=1)
              Hash Cond: (mi.movie_id = t.id)
              ->  Seq Scan on movie_info mi  (cost=0.00..346232.03 rows=9476311 width=4) (actual time=544.778..4926.419 rows=9565151 loops=1)
                    Filter: (info_type_id < 16)
                    Rows Removed by Filter: 5270569
              ->  Hash  (cost=73925.90..73925.90 rows=933388 width=4) (actual time=1349.692..1349.692 rows=1024206 loops=1)
                    Buckets: 131072  Batches: 16  Memory Usage: 3291kB
                    ->  Seq Scan on title t  (cost=0.00..73925.90 rows=933388 width=4) (actual time=0.026..1038.039 rows=1024206 loops=1)
                          Filter: ((production_year > 1997) AND (kind_id = 7))
                          Rows Removed by Filter: 1504106
Planning time: 1.176 ms
Execution time: 49575.686 ms
