Hash Join  (cost=180415.64..1298284.57 rows=8183377 width=0) (actual time=3745.101..35070.972 rows=11076661 loops=1)
  Hash Cond: (ci.movie_id = t.id)
  ->  Seq Scan on cast_info ci  (cost=0.00..614943.12 rows=36225612 width=4) (actual time=0.015..11008.168 rows=36244344 loops=1)
  ->  Hash  (cost=171043.70..171043.70 rows=571195 width=8) (actual time=3744.417..3744.417 rows=527729 loops=1)
        Buckets: 131072  Batches: 8  Memory Usage: 3598kB
        ->  Hash Join  (cost=89762.59..171043.70 rows=571195 width=8) (actual time=1551.711..3590.564 rows=527729 loops=1)
              Hash Cond: (mc.movie_id = t.id)
              ->  Seq Scan on movie_companies mc  (cost=0.00..57926.93 rows=1069394 width=4) (actual time=0.014..954.469 rows=819122 loops=1)
                    Filter: ((company_id < 73547) AND (company_type_id = 2))
                    Rows Removed by Filter: 1790007
              ->  Hash  (cost=67604.59..67604.59 rows=1350560 width=4) (actual time=1550.103..1550.103 rows=1348293 loops=1)
                    Buckets: 131072  Batches: 32  Memory Usage: 2505kB
                    ->  Seq Scan on title t  (cost=0.00..67604.59 rows=1350560 width=4) (actual time=0.022..1123.599 rows=1348293 loops=1)
                          Filter: (production_year < 2005)
                          Rows Removed by Filter: 1180019
Planning time: 1.814 ms
Execution time: 36408.603 ms
