Nested Loop  (cost=0.43..797555.70 rows=176 width=0) (actual time=3406.353..8530.040 rows=127 loops=1)
  ->  Seq Scan on cast_info ci  (cost=0.00..796071.18 rows=176 width=4) (actual time=3406.176..8527.096 rows=127 loops=1)
        Filter: ((person_id = 455968) AND (role_id = 1))
        Rows Removed by Filter: 36244217
  ->  Index Only Scan using title_pkey on title t  (cost=0.43..8.42 rows=1 width=4) (actual time=0.022..0.022 rows=1 loops=127)
        Index Cond: (id = ci.movie_id)
        Heap Fetches: 127
Planning time: 0.759 ms
Execution time: 8530.161 ms
