Seq Scan on cast_info ci  (cost=0.00..705507.15 rows=500 width=0) (actual time=677.510..8761.906 rows=2699 loops=1)
  Filter: (person_id = 2637343)
  Rows Removed by Filter: 36241645
Planning time: 0.344 ms
Execution time: 8762.324 ms
