Hash Join  (cost=919486.68..1420441.83 rows=1982022 width=0) (actual time=14613.264..25618.379 rows=1747433 loops=1)
  Hash Cond: (mi.movie_id = t.id)
  ->  Seq Scan on movie_info mi  (cost=0.00..309384.22 rows=14739122 width=4) (actual time=0.023..4954.726 rows=14835720 loops=1)
  ->  Hash  (cost=913907.43..913907.43 rows=340020 width=8) (actual time=14190.696..14190.696 rows=247382 loops=1)
        Buckets: 131072  Batches: 8  Memory Usage: 2199kB
        ->  Hash Join  (cost=78628.27..913907.43 rows=340020 width=8) (actual time=900.459..14117.702 rows=247382 loops=1)
              Hash Cond: (ci.movie_id = t.id)
              ->  Seq Scan on cast_info ci  (cost=0.00..796071.18 rows=2999942 width=4) (actual time=0.018..10743.129 rows=6791067 loops=1)
                    Filter: ((person_id > 2982940) AND (role_id > 2))
                    Rows Removed by Filter: 29453277
              ->  Hash  (cost=73925.90..73925.90 rows=286589 width=4) (actual time=898.974..898.974 rows=177340 loops=1)
                    Buckets: 131072  Batches: 4  Memory Usage: 2581kB
                    ->  Seq Scan on title t  (cost=0.00..73925.90 rows=286589 width=4) (actual time=229.987..843.450 rows=177340 loops=1)
                          Filter: ((production_year < 1977) AND (kind_id = 7))
                          Rows Removed by Filter: 2350972
Planning time: 1.128 ms
Execution time: 25803.315 ms
