Hash Join  (cost=73702.75..195238.71 rows=440798 width=0) (actual time=1001.294..4015.756 rows=620661 loops=1)
  Hash Cond: (mk.movie_id = t.id)
  ->  Seq Scan on movie_keyword mk  (cost=0.00..81003.12 rows=2998627 width=4) (actual time=0.024..1281.071 rows=2985911 loops=1)
        Filter: (keyword_id > 2245)
        Rows Removed by Filter: 1538019
  ->  Hash  (cost=67604.59..67604.59 rows=371693 width=4) (actual time=1000.007..1000.007 rows=366430 loops=1)
        Buckets: 131072  Batches: 8  Memory Usage: 2633kB
        ->  Seq Scan on title t  (cost=0.00..67604.59 rows=371693 width=4) (actual time=0.025..873.155 rows=366430 loops=1)
              Filter: (production_year < 1970)
              Rows Removed by Filter: 2161882
Planning time: 0.722 ms
Execution time: 4095.898 ms
