Hash Join  (cost=924180.55..1417220.88 rows=1679544 width=0) (actual time=13799.643..32308.689 rows=25473776 loops=1)
  Hash Cond: (mi.movie_id = t.id)
  ->  Seq Scan on movie_info mi  (cost=0.00..346232.03 rows=11115165 width=4) (actual time=0.016..5285.709 rows=11210743 loops=1)
        Filter: (info_type_id > 3)
        Rows Removed by Filter: 3624977
  ->  Hash  (cost=917911.67..917911.67 rows=382070 width=8) (actual time=13798.614..13798.614 rows=1159352 loops=1)
        Buckets: 131072 (originally 131072)  Batches: 16 (originally 8)  Memory Usage: 3883kB
        ->  Hash Join  (cost=102767.86..917911.67 rows=382070 width=8) (actual time=8723.254..13433.295 rows=1159352 loops=1)
              Hash Cond: (ci.movie_id = t.id)
              ->  Seq Scan on cast_info ci  (cost=0.00..796071.18 rows=382070 width=4) (actual time=6436.492..9133.272 rows=1159352 loops=1)
                    Filter: ((person_id > 3837054) AND (role_id > 3))
                    Rows Removed by Filter: 35084992
              ->  Hash  (cost=61283.27..61283.27 rows=2528527 width=4) (actual time=2286.035..2286.035 rows=2528312 loops=1)
                    Buckets: 131072  Batches: 64  Memory Usage: 2415kB
                    ->  Seq Scan on title t  (cost=0.00..61283.27 rows=2528527 width=4) (actual time=0.011..746.807 rows=2528312 loops=1)
Planning time: 1.156 ms
Execution time: 35068.677 ms
