Hash Join  (cost=102767.86..1176810.31 rows=11141494 width=0) (actual time=5567.510..27241.901 rows=12982651 loops=1)
  Hash Cond: (ci.movie_id = t.id)
  ->  Seq Scan on cast_info ci  (cost=0.00..796071.18 rows=11141494 width=4) (actual time=4158.668..13753.644 rows=12982651 loops=1)
        Filter: ((person_id > 1102697) AND (role_id > 2))
        Rows Removed by Filter: 23261693
  ->  Hash  (cost=61283.27..61283.27 rows=2528527 width=4) (actual time=1407.801..1407.801 rows=2528312 loops=1)
        Buckets: 131072  Batches: 64  Memory Usage: 2415kB
        ->  Seq Scan on title t  (cost=0.00..61283.27 rows=2528527 width=4) (actual time=0.017..684.303 rows=2528312 loops=1)
Planning time: 0.724 ms
Execution time: 28813.256 ms
