Hash Join  (cost=70840.90..204395.07 rows=327222 width=0) (actual time=994.149..3978.797 rows=568218 loops=1)
  Hash Cond: (mk.movie_id = t.id)
  ->  Seq Scan on movie_keyword mk  (cost=0.00..81003.12 rows=4195153 width=4) (actual time=0.024..1460.197 rows=4196612 loops=1)
        Filter: (keyword_id < 50288)
        Rows Removed by Filter: 327318
  ->  Hash  (cost=67604.59..67604.59 rows=197225 width=4) (actual time=992.960..992.960 rows=194989 loops=1)
        Buckets: 131072  Batches: 4  Memory Usage: 2744kB
        ->  Seq Scan on title t  (cost=0.00..67604.59 rows=197225 width=4) (actual time=0.025..923.163 rows=194989 loops=1)
              Filter: (production_year < 1955)
              Rows Removed by Filter: 2333323
Planning time: 0.729 ms
Execution time: 4039.182 ms
