Hash Join  (cost=94699.36..463140.63 rows=9467 width=0) (actual time=1637.513..6740.435 rows=3189 loops=1)
  Hash Cond: (mi.movie_id = t.id)
  ->  Seq Scan on movie_info mi  (cost=0.00..346232.03 rows=5897221 width=4) (actual time=151.204..4508.981 rows=5884963 loops=1)
        Filter: (info_type_id < 7)
        Rows Removed by Filter: 8950757
  ->  Hash  (cost=94648.62..94648.62 rows=4059 width=8) (actual time=1393.526..1393.526 rows=624 loops=1)
        Buckets: 4096  Batches: 1  Memory Usage: 57kB
        ->  Hash Join  (cost=67697.55..94648.62 rows=4059 width=8) (actual time=870.789..1393.208 rows=624 loops=1)
              Hash Cond: (mi_idx.movie_id = t.id)
              ->  Seq Scan on movie_info_idx mi_idx  (cost=0.00..21735.35 rows=1380035 width=4) (actual time=0.008..238.154 rows=1380035 loops=1)
              ->  Hash  (cost=67604.59..67604.59 rows=7437 width=4) (actual time=870.459..870.459 rows=5945 loops=1)
                    Buckets: 8192  Batches: 1  Memory Usage: 274kB
                    ->  Seq Scan on title t  (cost=0.00..67604.59 rows=7437 width=4) (actual time=364.960..867.765 rows=5945 loops=1)
                          Filter: (production_year = 1911)
                          Rows Removed by Filter: 2522367
Planning time: 1.218 ms
Execution time: 6741.154 ms
