Hash Join  (cost=129252.22..626295.88 rows=1615476 width=0) (actual time=3201.265..18853.298 rows=12174531 loops=1)
  Hash Cond: (mi.movie_id = t.id)
  ->  Seq Scan on movie_info mi  (cost=0.00..309384.22 rows=14739122 width=4) (actual time=0.015..5833.020 rows=14835720 loops=1)
  ->  Hash  (cost=124704.99..124704.99 rows=277138 width=8) (actual time=3200.586..3200.586 rows=550776 loops=1)
        Buckets: 131072 (originally 131072)  Batches: 8 (originally 4)  Memory Usage: 3739kB
        ->  Hash Join  (cost=82257.13..124704.99 rows=277138 width=8) (actual time=1615.152..3018.083 rows=550776 loops=1)
              Hash Cond: (mi_idx.movie_id = t.id)
              ->  Seq Scan on movie_info_idx mi_idx  (cost=0.00..21735.35 rows=1380035 width=4) (actual time=0.010..526.233 rows=1380035 loops=1)
              ->  Hash  (cost=73925.90..73925.90 rows=507778 width=4) (actual time=1407.606..1407.606 rows=524129 loops=1)
                    Buckets: 131072  Batches: 8  Memory Usage: 3340kB
                    ->  Seq Scan on title t  (cost=0.00..73925.90 rows=507778 width=4) (actual time=507.708..1225.754 rows=524129 loops=1)
                          Filter: ((production_year < 2010) AND (kind_id = 1))
                          Rows Removed by Filter: 2004183
Planning time: 0.772 ms
Execution time: 20257.855 ms
