Hash Join  (cost=85777.42..1190348.66 rows=10846104 width=0) (actual time=1328.524..30032.012 rows=12457010 loops=1)
  Hash Cond: (ci.movie_id = t.id)
  ->  Seq Scan on cast_info ci  (cost=0.00..705507.15 rows=24758945 width=4) (actual time=0.018..12409.758 rows=24872323 loops=1)
        Filter: (person_id > 1117663)
        Rows Removed by Filter: 11372021
  ->  Hash  (cost=67604.59..67604.59 rows=1107667 width=4) (actual time=1327.356..1327.356 rows=1107925 loops=1)
        Buckets: 131072  Batches: 16  Memory Usage: 3460kB
        ->  Seq Scan on title t  (cost=0.00..67604.59 rows=1107667 width=4) (actual time=0.025..983.375 rows=1107925 loops=1)
              Filter: (production_year > 2004)
              Rows Removed by Filter: 1420387
Planning time: 0.696 ms
Execution time: 31465.245 ms
