Hash Join  (cost=83072.30..437534.15 rows=1 width=0) (actual time=2697.056..5978.398 rows=47 loops=1)
  Hash Cond: (mi.movie_id = t.id)
  ->  Seq Scan on movie_info mi  (cost=0.00..346232.03 rows=2194617 width=4) (actual time=1372.411..4499.764 rows=2233850 loops=1)
        Filter: (info_type_id > 16)
        Rows Removed by Filter: 12601870
  ->  Hash  (cost=83072.29..83072.29 rows=1 width=8) (actual time=1154.366..1154.366 rows=4 loops=1)
        Buckets: 1024  Batches: 1  Memory Usage: 9kB
        ->  Nested Loop  (cost=0.43..83072.29 rows=1 width=8) (actual time=990.701..1154.350 rows=4 loops=1)
              ->  Seq Scan on movie_keyword mk  (cost=0.00..81003.12 rows=246 width=4) (actual time=6.891..1144.318 rows=265 loops=1)
                    Filter: (keyword_id = 16411)
                    Rows Removed by Filter: 4523665
              ->  Index Scan using title_pkey on title t  (cost=0.43..8.40 rows=1 width=4) (actual time=0.036..0.036 rows=0 loops=265)
                    Index Cond: (id = mk.movie_id)
                    Filter: (production_year = 1992)
                    Rows Removed by Filter: 1
Planning time: 1.180 ms
Execution time: 5978.551 ms
