Hash Join  (cost=97102.97..941748.05 rows=1482877 width=0) (actual time=8921.082..13766.459 rows=562049 loops=1)
  Hash Cond: (ci.movie_id = t.id)
  ->  Seq Scan on cast_info ci  (cost=0.00..796071.18 rows=2085426 width=4) (actual time=7316.068..11323.847 rows=675408 loops=1)
        Filter: ((person_id < 1716207) AND (role_id = 10))
        Rows Removed by Filter: 35568936
  ->  Hash  (cost=67604.59..67604.59 rows=1797951 width=4) (actual time=1603.365..1603.365 rows=1793384 loops=1)
        Buckets: 131072  Batches: 32  Memory Usage: 2998kB
        ->  Seq Scan on title t  (cost=0.00..67604.59 rows=1797951 width=4) (actual time=0.026..1038.111 rows=1793384 loops=1)
              Filter: (production_year > 1988)
              Rows Removed by Filter: 734928
Planning time: 0.782 ms
Execution time: 13840.459 ms
