Hash Join  (cost=73962.22..102604.68 rows=1056 width=0) (actual time=895.804..1499.182 rows=7664 loops=1)
  Hash Cond: (mi_idx.movie_id = t.id)
  ->  Seq Scan on movie_info_idx mi_idx  (cost=0.00..25185.44 rows=919057 width=4) (actual time=0.026..438.259 rows=920110 loops=1)
        Filter: (info_type_id > 99)
        Rows Removed by Filter: 459925
  ->  Hash  (cost=73925.90..73925.90 rows=2905 width=4) (actual time=895.724..895.724 rows=8669 loops=1)
        Buckets: 16384 (originally 4096)  Batches: 1 (originally 1)  Memory Usage: 433kB
        ->  Seq Scan on title t  (cost=0.00..73925.90 rows=2905 width=4) (actual time=0.401..891.864 rows=8669 loops=1)
              Filter: ((kind_id < 7) AND (production_year = 1989))
              Rows Removed by Filter: 2519643
Planning time: 0.786 ms
Execution time: 1500.583 ms
