Nested Loop  (cost=0.43..83071.67 rows=246 width=0) (actual time=32.606..1036.842 rows=68 loops=1)
  ->  Seq Scan on movie_keyword mk  (cost=0.00..81003.12 rows=246 width=4) (actual time=32.500..1030.935 rows=68 loops=1)
        Filter: (keyword_id = 23983)
        Rows Removed by Filter: 4523862
  ->  Index Only Scan using title_pkey on title t  (cost=0.43..8.40 rows=1 width=4) (actual time=0.082..0.083 rows=1 loops=68)
        Index Cond: (id = mk.movie_id)
        Heap Fetches: 68
Planning time: 0.731 ms
Execution time: 1036.973 ms
