Hash Join  (cost=230346.58..842509.49 rows=10677708 width=0) (actual time=4463.746..28432.771 rows=44447153 loops=1)
  Hash Cond: (mi.movie_id = t.id)
  ->  Seq Scan on movie_info mi  (cost=0.00..309384.22 rows=14739122 width=4) (actual time=0.046..4430.400 rows=14835720 loops=1)
  ->  Hash  (cost=200293.29..200293.29 rows=1831783 width=8) (actual time=4462.536..4462.536 rows=1532853 loops=1)
        Buckets: 131072  Batches: 32  Memory Usage: 2937kB
        ->  Hash Join  (cost=96729.52..200293.29 rows=1831783 width=8) (actual time=1328.341..4058.440 rows=1532853 loops=1)
              Hash Cond: (mc.movie_id = t.id)
              ->  Seq Scan on movie_companies mc  (cost=0.00..44881.29 rows=2609129 width=4) (actual time=0.016..733.695 rows=2609129 loops=1)
              ->  Hash  (cost=67604.59..67604.59 rows=1775195 width=4) (actual time=1326.838..1326.838 rows=1772072 loops=1)
                    Buckets: 131072  Batches: 32  Memory Usage: 2976kB
                    ->  Seq Scan on title t  (cost=0.00..67604.59 rows=1775195 width=4) (actual time=0.024..861.861 rows=1772072 loops=1)
                          Filter: (production_year > 1989)
                          Rows Removed by Filter: 756240
Planning time: 1.101 ms
Execution time: 33586.353 ms
