Nested Loop  (cost=0.43..83072.90 rows=115 width=0) (actual time=1.004..919.065 rows=470 loops=1)
  ->  Seq Scan on movie_keyword mk  (cost=0.00..81003.12 rows=246 width=4) (actual time=0.912..884.733 rows=2113 loops=1)
        Filter: (keyword_id = 2109)
        Rows Removed by Filter: 4521817
  ->  Index Scan using title_pkey on title t  (cost=0.43..8.40 rows=1 width=4) (actual time=0.015..0.016 rows=0 loops=2113)
        Index Cond: (id = mk.movie_id)
        Filter: ((kind_id > 1) AND (production_year > 1995))
        Rows Removed by Filter: 1
Planning time: 0.797 ms
Execution time: 919.345 ms
