Hash Join  (cost=135286.00..499982.85 rows=4092 width=0) (actual time=2423.778..8669.695 rows=94644 loops=1)
  Hash Cond: (mi.movie_id = t.id)
  ->  Seq Scan on movie_info mi  (cost=0.00..309384.22 rows=14739122 width=4) (actual time=0.011..3502.066 rows=14835720 loops=1)
  ->  Hash  (cost=135277.23..135277.23 rows=702 width=8) (actual time=2365.510..2365.510 rows=4240 loops=1)
        Buckets: 8192 (originally 1024)  Batches: 1 (originally 1)  Memory Usage: 230kB
        ->  Hash Join  (cost=73950.44..135277.23 rows=702 width=8) (actual time=1266.607..2363.562 rows=4240 loops=1)
              Hash Cond: (mc.movie_id = t.id)
              ->  Seq Scan on movie_companies mc  (cost=0.00..57926.93 rows=904755 width=4) (actual time=0.013..1090.624 rows=1091893 loops=1)
                    Filter: ((company_id > 2042) AND (company_type_id > 1))
                    Rows Removed by Filter: 1517236
              ->  Hash  (cost=73925.90..73925.90 rows=1963 width=4) (actual time=1081.562..1081.562 rows=4682 loops=1)
                    Buckets: 8192 (originally 2048)  Batches: 1 (originally 1)  Memory Usage: 229kB
                    ->  Seq Scan on title t  (cost=0.00..73925.90 rows=1963 width=4) (actual time=0.048..1079.312 rows=4682 loops=1)
                          Filter: ((kind_id = 1) AND (production_year = 1987))
                          Rows Removed by Filter: 2523630
Planning time: 1.459 ms
Execution time: 8682.089 ms
