Hash Join  (cost=102767.86..955211.12 rows=1932190 width=0) (actual time=8453.603..14857.088 rows=1987260 loops=1)
  Hash Cond: (ci.movie_id = t.id)
  ->  Seq Scan on cast_info ci  (cost=0.00..796071.18 rows=1932190 width=4) (actual time=6802.890..11142.581 rows=1987260 loops=1)
        Filter: ((person_id > 1027134) AND (role_id = 4))
        Rows Removed by Filter: 34257084
  ->  Hash  (cost=61283.27..61283.27 rows=2528527 width=4) (actual time=1648.582..1648.582 rows=2528312 loops=1)
        Buckets: 131072  Batches: 64  Memory Usage: 2415kB
        ->  Seq Scan on title t  (cost=0.00..61283.27 rows=2528527 width=4) (actual time=0.017..812.949 rows=2528312 loops=1)
Planning time: 0.766 ms
Execution time: 15108.317 ms
