Seq Scan on movie_keyword mk  (cost=0.00..81003.12 rows=246 width=0) (actual time=2.067..502.046 rows=60 loops=1)
  Filter: (keyword_id = 41783)
  Rows Removed by Filter: 4523870
Planning time: 0.253 ms
Execution time: 502.141 ms
