Seq Scan on movie_companies mc  (cost=0.00..57926.93 rows=516692 width=0) (actual time=0.013..781.833 rows=827064 loops=1)
  Filter: ((company_id > 15865) AND (company_type_id = 2))
  Rows Removed by Filter: 1782065
Planning time: 0.378 ms
Execution time: 889.221 ms
