Hash Join  (cost=74434.21..935665.62 rows=267952 width=0) (actual time=818.763..16686.690 rows=191110 loops=1)
  Hash Cond: (ci.movie_id = t.id)
  ->  Seq Scan on cast_info ci  (cost=0.00..796071.18 rows=16661525 width=4) (actual time=0.021..12712.469 rows=13026035 loops=1)
        Filter: ((person_id < 2654329) AND (role_id > 1))
        Rows Removed by Filter: 23218309
  ->  Hash  (cost=73925.90..73925.90 rows=40664 width=4) (actual time=818.215..818.215 rows=40257 loops=1)
        Buckets: 65536  Batches: 1  Memory Usage: 1928kB
        ->  Seq Scan on title t  (cost=0.00..73925.90 rows=40664 width=4) (actual time=0.021..801.209 rows=40257 loops=1)
              Filter: ((production_year > 2012) AND (kind_id = 7))
              Rows Removed by Filter: 2488055
Planning time: 0.850 ms
Execution time: 16713.571 ms
