Seq Scan on cast_info ci  (cost=0.00..705507.15 rows=15207180 width=0) (actual time=0.023..9492.003 rows=15349835 loops=1)
  Filter: (person_id > 2105853)
  Rows Removed by Filter: 20894509
Planning time: 0.311 ms
Execution time: 11362.516 ms
