Seq Scan on cast_info ci  (cost=0.00..796071.18 rows=324 width=42) (actual time=336.251..14300.795 rows=3 loops=1)
  Filter: ((role_id > 1) AND (person_id = 3037770))
  Rows Removed by Filter: 36244341
Planning time: 0.502 ms
Execution time: 14300.845 ms
