Hash Join  (cost=188084.55..267093.81 rows=287175 width=0) (actual time=3509.548..5287.497 rows=286995 loops=1)
  Hash Cond: (mc.movie_id = t.id)
  ->  Seq Scan on movie_companies mc  (cost=0.00..44881.29 rows=2609129 width=4) (actual time=0.021..774.722 rows=2609129 loops=1)
  ->  Hash  (cost=183517.76..183517.76 rows=278303 width=8) (actual time=3508.673..3508.673 rows=100609 loops=1)
        Buckets: 131072  Batches: 4  Memory Usage: 1997kB
        ->  Hash Join  (cost=83462.78..183517.76 rows=278303 width=8) (actual time=1488.167..3474.316 rows=100609 loops=1)
              Hash Cond: (mk.movie_id = t.id)
              ->  Seq Scan on movie_keyword mk  (cost=0.00..81003.12 rows=1210620 width=4) (actual time=0.016..1358.405 rows=1212398 loops=1)
                    Filter: (keyword_id < 1525)
                    Rows Removed by Filter: 3311532
              ->  Hash  (cost=73925.90..73925.90 rows=581270 width=4) (actual time=1486.728..1486.728 rows=602533 loops=1)
                    Buckets: 131072  Batches: 8  Memory Usage: 3675kB
                    ->  Seq Scan on title t  (cost=0.00..73925.90 rows=581270 width=4) (actual time=0.018..1285.274 rows=602533 loops=1)
                          Filter: ((kind_id > 1) AND (production_year > 2007))
                          Rows Removed by Filter: 1925779
Planning time: 1.106 ms
Execution time: 5318.645 ms
