Hash Join  (cost=755991.52..2737251.22 rows=73842936 width=0) (actual time=17937.803..90733.379 rows=169245451 loops=1)
  Hash Cond: (ci.movie_id = t.id)
  ->  Seq Scan on cast_info ci  (cost=0.00..705507.15 rows=26757444 width=4) (actual time=0.027..14116.187 rows=26859641 loops=1)
        Filter: (role_id < 5)
        Rows Removed by Filter: 9384703
  ->  Hash  (cost=641508.33..641508.33 rows=6978015 width=8) (actual time=17934.193..17934.193 rows=8472723 loops=1)
        Buckets: 131072  Batches: 128  Memory Usage: 3589kB
        ->  Hash Join  (cost=87245.25..641508.33 rows=6978015 width=8) (actual time=1367.238..15817.481 rows=8472723 loops=1)
              Hash Cond: (mi.movie_id = t.id)
              ->  Seq Scan on movie_info mi  (cost=0.00..309384.22 rows=14739122 width=4) (actual time=0.024..4365.414 rows=14835720 loops=1)
              ->  Hash  (cost=67604.59..67604.59 rows=1197093 width=4) (actual time=1366.057..1366.057 rows=1195923 loops=1)
                    Buckets: 131072  Batches: 16  Memory Usage: 3662kB
                    ->  Seq Scan on title t  (cost=0.00..67604.59 rows=1197093 width=4) (actual time=0.016..984.049 rows=1195923 loops=1)
                          Filter: (production_year < 2003)
                          Rows Removed by Filter: 1332389
Planning time: 1.293 ms
Execution time: 109040.634 ms
