Hash Join  (cost=132338.09..664702.77 rows=2341256 width=0) (actual time=2687.403..17073.840 rows=8199682 loops=1)
  Hash Cond: (mi.movie_id = t.id)
  ->  Seq Scan on movie_info mi  (cost=0.00..346232.03 rows=13929354 width=4) (actual time=0.039..5423.888 rows=14033580 loops=1)
        Filter: (info_type_id > 1)
        Rows Removed by Filter: 802140
  ->  Hash  (cost=125364.63..125364.63 rows=424997 width=8) (actual time=2686.450..2686.450 rows=524504 loops=1)
        Buckets: 131072  Batches: 8  Memory Usage: 3603kB
        ->  Hash Join  (cost=80380.17..125364.63 rows=424997 width=8) (actual time=1217.930..2519.093 rows=524504 loops=1)
              Hash Cond: (mi_idx.movie_id = t.id)
              ->  Seq Scan on movie_info_idx mi_idx  (cost=0.00..21735.35 rows=1380035 width=4) (actual time=0.025..353.753 rows=1380035 loops=1)
              ->  Hash  (cost=67604.59..67604.59 rows=778687 width=4) (actual time=1216.798..1216.798 rows=782677 loops=1)
                    Buckets: 131072  Batches: 16  Memory Usage: 2744kB
                    ->  Seq Scan on title t  (cost=0.00..67604.59 rows=778687 width=4) (actual time=0.020..966.293 rows=782677 loops=1)
                          Filter: (production_year < 1994)
                          Rows Removed by Filter: 1745635
Planning time: 1.174 ms
Execution time: 17929.277 ms
