Hash Join  (cost=74710.74..136277.07 rows=22602 width=0) (actual time=938.464..2231.974 rows=31830 loops=1)
  Hash Cond: (mc.movie_id = t.id)
  ->  Seq Scan on movie_companies mc  (cost=0.00..57926.93 rows=910233 width=4) (actual time=0.029..1003.710 rows=1219293 loops=1)
        Filter: ((company_id < 35769) AND (company_type_id < 2))
        Rows Removed by Filter: 1389836
  ->  Hash  (cost=73925.90..73925.90 rows=62787 width=4) (actual time=937.925..937.925 rows=53770 loops=1)
        Buckets: 65536  Batches: 1  Memory Usage: 2403kB
        ->  Seq Scan on title t  (cost=0.00..73925.90 rows=62787 width=4) (actual time=0.157..912.819 rows=53770 loops=1)
              Filter: ((kind_id < 7) AND (production_year = 2011))
              Rows Removed by Filter: 2474542
Planning time: 0.750 ms
Execution time: 2236.738 ms
