Seq Scan on cast_info ci  (cost=0.00..796071.18 rows=12233748 width=0) (actual time=0.018..11786.076 rows=18750750 loops=1)
  Filter: ((person_id > 1704129) AND (role_id > 1))
  Rows Removed by Filter: 17493594
Planning time: 0.350 ms
Execution time: 13926.584 ms
