Hash Join  (cost=184116.37..684734.23 rows=1950393 width=0) (actual time=3330.497..17585.933 rows=12468316 loops=1)
  Hash Cond: (mi.movie_id = t.id)
  ->  Seq Scan on movie_info mi  (cost=0.00..309384.22 rows=14739122 width=4) (actual time=0.021..4420.383 rows=14835720 loops=1)
  ->  Hash  (cost=178625.95..178625.95 rows=334594 width=8) (actual time=3329.491..3329.491 rows=482845 loops=1)
        Buckets: 131072  Batches: 8  Memory Usage: 3398kB
        ->  Hash Join  (cost=102767.86..178625.95 rows=334594 width=8) (actual time=1588.325..3176.925 rows=482845 loops=1)
              Hash Cond: (mc.movie_id = t.id)
              ->  Seq Scan on movie_companies mc  (cost=0.00..57926.93 rows=334594 width=4) (actual time=0.027..751.635 rows=482845 loops=1)
                    Filter: ((company_id < 1102) AND (company_type_id = 1))
                    Rows Removed by Filter: 2126284
              ->  Hash  (cost=61283.27..61283.27 rows=2528527 width=4) (actual time=1587.187..1587.187 rows=2528312 loops=1)
                    Buckets: 131072  Batches: 64  Memory Usage: 2415kB
                    ->  Seq Scan on title t  (cost=0.00..61283.27 rows=2528527 width=4) (actual time=0.024..754.925 rows=2528312 loops=1)
Planning time: 1.146 ms
Execution time: 18995.328 ms
