Seq Scan on cast_info ci  (cost=0.00..796071.18 rows=3453657 width=0) (actual time=0.014..10850.996 rows=1728571 loops=1)
  Filter: ((person_id < 1300421) AND (role_id > 4))
  Rows Removed by Filter: 34515773
Planning time: 0.339 ms
Execution time: 11060.378 ms
