Hash Join  (cost=73974.47..169074.54 rows=5752 width=0) (actual time=1139.163..2602.444 rows=9201 loops=1)
  Hash Cond: (mk.movie_id = t.id)
  ->  Seq Scan on movie_keyword mk  (cost=0.00..81003.12 rows=3743847 width=4) (actual time=0.021..1243.062 rows=3739494 loops=1)
        Filter: (keyword_id > 748)
        Rows Removed by Filter: 784436
  ->  Hash  (cost=73925.90..73925.90 rows=3885 width=4) (actual time=873.900..873.900 rows=3892 loops=1)
        Buckets: 4096  Batches: 1  Memory Usage: 169kB
        ->  Seq Scan on title t  (cost=0.00..73925.90 rows=3885 width=4) (actual time=0.028..872.183 rows=3892 loops=1)
              Filter: ((kind_id = 3) AND (production_year = 2005))
              Rows Removed by Filter: 2524420
Planning time: 0.753 ms
Execution time: 2603.680 ms
