Hash Join  (cost=233629.20..1434121.01 rows=16226370 width=0) (actual time=4047.301..31537.250 rows=8610736 loops=1)
  Hash Cond: (ci.movie_id = t.id)
  ->  Seq Scan on cast_info ci  (cost=0.00..614943.12 rows=36225612 width=4) (actual time=0.020..10792.797 rows=36244344 loops=1)
  ->  Hash  (cost=215046.81..215046.81 rows=1132591 width=8) (actual time=4045.456..4045.456 rows=250506 loops=1)
        Buckets: 131072  Batches: 16  Memory Usage: 1633kB
        ->  Hash Join  (cost=92883.59..215046.81 rows=1132591 width=8) (actual time=1505.915..3966.685 rows=250506 loops=1)
              Hash Cond: (mk.movie_id = t.id)
              ->  Seq Scan on movie_keyword mk  (cost=0.00..81003.12 rows=1858637 width=4) (actual time=0.016..1327.996 rows=1865772 loops=1)
                    Filter: (keyword_id < 3154)
                    Rows Removed by Filter: 2658158
              ->  Hash  (cost=67604.59..67604.59 rows=1540800 width=4) (actual time=1505.149..1505.149 rows=1543264 loops=1)
                    Buckets: 131072  Batches: 32  Memory Usage: 2728kB
                    ->  Seq Scan on title t  (cost=0.00..67604.59 rows=1540800 width=4) (actual time=29.842..990.213 rows=1543264 loops=1)
                          Filter: (kind_id = 7)
                          Rows Removed by Filter: 985048
Planning time: 0.740 ms
Execution time: 32372.591 ms
