Hash Join  (cost=77979.24..164699.52 rows=6224 width=0) (actual time=670.755..2243.966 rows=13623 loops=1)
  Hash Cond: (mk.movie_id = t.id)
  ->  Seq Scan on movie_keyword mk  (cost=0.00..69693.30 rows=4523930 width=4) (actual time=0.012..745.212 rows=4523930 loops=1)
  ->  Hash  (cost=77935.75..77935.75 rows=3479 width=8) (actual time=670.359..670.359 rows=3529 loops=1)
        Buckets: 4096  Batches: 1  Memory Usage: 170kB
        ->  Nested Loop  (cost=0.43..77935.75 rows=3479 width=8) (actual time=2.606..668.548 rows=3529 loops=1)
              ->  Seq Scan on movie_companies mc  (cost=0.00..51404.11 rows=3479 width=4) (actual time=2.547..616.297 rows=3529 loops=1)
                    Filter: (company_id = 419)
                    Rows Removed by Filter: 2605600
              ->  Index Only Scan using title_pkey on title t  (cost=0.43..7.62 rows=1 width=4) (actual time=0.014..0.014 rows=1 loops=3529)
                    Index Cond: (id = mc.movie_id)
                    Heap Fetches: 3529
Planning time: 1.148 ms
Execution time: 2245.994 ms
