Hash Join  (cost=102767.86..915638.13 rows=287575 width=0) (actual time=7718.193..15054.276 rows=290625 loops=1)
  Hash Cond: (ci.movie_id = t.id)
  ->  Seq Scan on cast_info ci  (cost=0.00..796071.18 rows=287575 width=4) (actual time=6043.644..12290.270 rows=290625 loops=1)
        Filter: ((person_id > 616268) AND (role_id > 10))
        Rows Removed by Filter: 35953719
  ->  Hash  (cost=61283.27..61283.27 rows=2528527 width=4) (actual time=1673.505..1673.505 rows=2528312 loops=1)
        Buckets: 131072  Batches: 64  Memory Usage: 2415kB
        ->  Seq Scan on title t  (cost=0.00..61283.27 rows=2528527 width=4) (actual time=0.020..842.756 rows=2528312 loops=1)
Planning time: 0.753 ms
Execution time: 15092.762 ms
