Hash Join  (cost=87247.62..1008015.46 rows=2641462 width=0) (actual time=10739.814..17272.767 rows=1137724 loops=1)
  Hash Cond: (ci.movie_id = t.id)
  ->  Seq Scan on cast_info ci  (cost=0.00..796071.18 rows=8225611 width=4) (actual time=9280.068..13543.971 rows=3436659 loops=1)
        Filter: ((person_id > 1260256) AND (role_id < 2))
        Rows Removed by Filter: 32807685
  ->  Hash  (cost=73925.90..73925.90 rows=811977 width=4) (actual time=1458.850..1458.850 rows=725903 loops=1)
        Buckets: 131072  Batches: 16  Memory Usage: 2621kB
        ->  Seq Scan on title t  (cost=0.00..73925.90 rows=811977 width=4) (actual time=0.022..1226.563 rows=725903 loops=1)
              Filter: ((kind_id < 7) AND (production_year > 1970))
              Rows Removed by Filter: 1802409
Planning time: 0.816 ms
Execution time: 17393.000 ms
