Hash Join  (cost=76160.10..564435.91 rows=793788 width=0) (actual time=922.835..12697.531 rows=3190788 loops=1)
  Hash Cond: (mi.movie_id = t.id)
  ->  Seq Scan on movie_info mi  (cost=0.00..309384.22 rows=14739122 width=4) (actual time=0.020..4455.264 rows=14835720 loops=1)
  ->  Hash  (cost=73925.90..73925.90 rows=136176 width=4) (actual time=922.028..922.028 rows=269736 loops=1)
        Buckets: 131072 (originally 131072)  Batches: 4 (originally 2)  Memory Usage: 3402kB
        ->  Seq Scan on title t  (cost=0.00..73925.90 rows=136176 width=4) (actual time=389.345..826.400 rows=269736 loops=1)
              Filter: ((production_year < 1980) AND (kind_id = 1))
              Rows Removed by Filter: 2258576
Planning time: 0.754 ms
Execution time: 13092.192 ms
