Hash Join  (cost=163061.55..1315862.05 rows=11583835 width=0) (actual time=3294.557..33951.332 rows=17167791 loops=1)
  Hash Cond: (ci.movie_id = t.id)
  ->  Seq Scan on cast_info ci  (cost=0.00..614943.12 rows=36225612 width=4) (actual time=0.013..10327.319 rows=36244344 loops=1)
  ->  Hash  (cost=149795.74..149795.74 rows=808545 width=8) (actual time=3293.688..3293.688 rows=518445 loops=1)
        Buckets: 131072  Batches: 16  Memory Usage: 2294kB
        ->  Hash Join  (cost=98230.80..149795.74 rows=808545 width=8) (actual time=1743.613..3148.077 rows=518445 loops=1)
              Hash Cond: (mi_idx.movie_id = t.id)
              ->  Seq Scan on movie_info_idx mi_idx  (cost=0.00..21735.35 rows=1380035 width=4) (actual time=0.010..365.316 rows=1380035 loops=1)
              ->  Hash  (cost=73925.90..73925.90 rows=1481432 width=4) (actual time=1742.420..1742.420 rows=1575139 loops=1)
                    Buckets: 131072  Batches: 32  Memory Usage: 2760kB
                    ->  Seq Scan on title t  (cost=0.00..73925.90 rows=1481432 width=4) (actual time=0.020..1231.818 rows=1575139 loops=1)
                          Filter: ((kind_id > 3) AND (production_year > 1957))
                          Rows Removed by Filter: 953173
Planning time: 0.868 ms
Execution time: 35470.707 ms
