Hash Join  (cost=101676.69..883973.44 rows=147014 width=0) (actual time=1297.240..15726.030 rows=436988 loops=1)
  Hash Cond: (ci.movie_id = t.id)
  ->  Seq Scan on cast_info ci  (cost=0.00..705507.15 rows=20085182 width=4) (actual time=0.025..9914.211 rows=20214671 loops=1)
        Filter: (person_id > 1586029)
        Rows Removed by Filter: 16029673
  ->  Hash  (cost=101445.34..101445.34 rows=18508 width=8) (actual time=1296.931..1296.931 rows=27712 loops=1)
        Buckets: 32768  Batches: 1  Memory Usage: 1339kB
        ->  Hash Join  (cost=74349.78..101445.34 rows=18508 width=8) (actual time=842.433..1289.519 rows=27712 loops=1)
              Hash Cond: (mi_idx.movie_id = t.id)
              ->  Seq Scan on movie_info_idx mi_idx  (cost=0.00..21735.35 rows=1380035 width=4) (actual time=0.009..191.608 rows=1380035 loops=1)
              ->  Hash  (cost=73925.90..73925.90 rows=33910 width=4) (actual time=841.879..841.879 rows=21830 loops=1)
                    Buckets: 65536  Batches: 1  Memory Usage: 1280kB
                    ->  Seq Scan on title t  (cost=0.00..73925.90 rows=33910 width=4) (actual time=0.735..832.868 rows=21830 loops=1)
                          Filter: ((kind_id < 3) AND (production_year = 2007))
                          Rows Removed by Filter: 2506482
Planning time: 1.261 ms
Execution time: 15785.049 ms
