Hash Join  (cost=118860.03..977686.24 rows=572734 width=0) (actual time=1933.907..17147.185 rows=1374379 loops=1)
  Hash Cond: (ci.movie_id = t.id)
  ->  Seq Scan on cast_info ci  (cost=0.00..705507.15 rows=12726058 width=4) (actual time=0.014..10438.030 rows=12670688 loops=1)
        Filter: (role_id = 1)
        Rows Removed by Filter: 23573656
  ->  Hash  (cost=116992.58..116992.58 rows=113796 width=8) (actual time=1932.898..1932.898 rows=129616 loops=1)
        Buckets: 131072  Batches: 2  Memory Usage: 3550kB
        ->  Hash Join  (cost=77347.14..116992.58 rows=113796 width=8) (actual time=1099.159..1893.601 rows=129616 loops=1)
              Hash Cond: (mi_idx.movie_id = t.id)
              ->  Seq Scan on movie_info_idx mi_idx  (cost=0.00..21735.35 rows=1380035 width=4) (actual time=0.017..320.744 rows=1380035 loops=1)
              ->  Hash  (cost=73925.90..73925.90 rows=208499 width=4) (actual time=1014.161..1014.161 rows=182393 loops=1)
                    Buckets: 131072  Batches: 4  Memory Usage: 2628kB
                    ->  Seq Scan on title t  (cost=0.00..73925.90 rows=208499 width=4) (actual time=0.407..955.104 rows=182393 loops=1)
                          Filter: ((kind_id < 2) AND (production_year > 2007))
                          Rows Removed by Filter: 2345919
Planning time: 1.250 ms
Execution time: 17316.773 ms
