Hash Join  (cost=68449.54..942903.06 rows=521595 width=0) (actual time=841.023..18249.242 rows=510026 loops=1)
  Hash Cond: (ci.movie_id = t.id)
  ->  Seq Scan on cast_info ci  (cost=0.00..796071.18 rows=19511038 width=4) (actual time=0.024..12929.445 rows=17355017 loops=1)
        Filter: ((person_id < 3029218) AND (role_id > 1))
        Rows Removed by Filter: 18889327
  ->  Hash  (cost=67604.59..67604.59 rows=67596 width=4) (actual time=840.297..840.297 rows=67777 loops=1)
        Buckets: 131072  Batches: 1  Memory Usage: 3407kB
        ->  Seq Scan on title t  (cost=0.00..67604.59 rows=67596 width=4) (actual time=0.029..813.168 rows=67777 loops=1)
              Filter: (production_year = 2003)
              Rows Removed by Filter: 2460535
Planning time: 1.196 ms
Execution time: 18316.489 ms
