Hash Join  (cost=101266.48..466474.60 rows=55217 width=0) (actual time=1383.641..7458.535 rows=72765 loops=1)
  Hash Cond: (mi.movie_id = t.id)
  ->  Seq Scan on movie_info mi  (cost=0.00..309384.22 rows=14739122 width=4) (actual time=0.019..3155.621 rows=14835720 loops=1)
  ->  Hash  (cost=101148.07..101148.07 rows=9473 width=8) (actual time=1383.293..1383.293 rows=4461 loops=1)
        Buckets: 16384  Batches: 1  Memory Usage: 303kB
        ->  Hash Join  (cost=74142.85..101148.07 rows=9473 width=8) (actual time=875.513..1381.354 rows=4461 loops=1)
              Hash Cond: (mi_idx.movie_id = t.id)
              ->  Seq Scan on movie_info_idx mi_idx  (cost=0.00..21735.35 rows=1380035 width=4) (actual time=0.014..233.874 rows=1380035 loops=1)
              ->  Hash  (cost=73925.90..73925.90 rows=17356 width=4) (actual time=870.164..870.164 rows=18804 loops=1)
                    Buckets: 32768  Batches: 1  Memory Usage: 918kB
                    ->  Seq Scan on title t  (cost=0.00..73925.90 rows=17356 width=4) (actual time=168.359..862.786 rows=18804 loops=1)
                          Filter: ((kind_id < 2) AND (production_year = 2013))
                          Rows Removed by Filter: 2509508
Planning time: 1.613 ms
Execution time: 7469.578 ms
