Hash Join  (cost=471609.43..1559895.98 rows=5303643 width=0) (actual time=6982.015..32983.353 rows=2253940 loops=1)
  Hash Cond: (ci.movie_id = t.id)
  ->  Seq Scan on cast_info ci  (cost=0.00..614943.12 rows=36225612 width=4) (actual time=0.007..10230.025 rows=36244344 loops=1)
  ->  Hash  (cost=465535.04..465535.04 rows=370191 width=8) (actual time=6981.051..6981.051 rows=199699 loops=1)
        Buckets: 131072  Batches: 8  Memory Usage: 1987kB
        ->  Hash Join  (cost=78931.38..465535.04 rows=370191 width=8) (actual time=4544.265..6913.991 rows=199699 loops=1)
              Hash Cond: (mi.movie_id = t.id)
              ->  Seq Scan on movie_info mi  (cost=0.00..346232.03 rows=3068194 width=4) (actual time=0.012..4467.367 rows=3036719 loops=1)
                    Filter: (info_type_id = 16)
                    Rows Removed by Filter: 11799001
              ->  Hash  (cost=73925.90..73925.90 rows=305078 width=4) (actual time=808.952..808.952 rows=193383 loops=1)
                    Buckets: 131072  Batches: 4  Memory Usage: 2724kB
                    ->  Seq Scan on title t  (cost=0.00..73925.90 rows=305078 width=4) (actual time=0.015..748.566 rows=193383 loops=1)
                          Filter: ((production_year < 1979) AND (kind_id = 7))
                          Rows Removed by Filter: 2334929
Planning time: 1.235 ms
Execution time: 33195.075 ms
