Hash Join  (cost=278888.54..789279.35 rows=6287013 width=0) (actual time=6887.067..15862.335 rows=7318003 loops=1)
  Hash Cond: (mi.movie_id = t.id)
  ->  Seq Scan on movie_info mi  (cost=0.00..346232.03 rows=7235534 width=4) (actual time=1364.656..4867.066 rows=7286865 loops=1)
        Filter: (info_type_id < 8)
        Rows Removed by Filter: 7548855
  ->  Hash  (cost=242842.33..242842.33 rows=2197057 width=8) (actual time=5521.039..5521.039 rows=1225880 loops=1)
        Buckets: 131072  Batches: 32  Memory Usage: 2513kB
        ->  Hash Join  (cost=94072.72..242842.33 rows=2197057 width=8) (actual time=1586.992..5164.831 rows=1225880 loops=1)
              Hash Cond: (mk.movie_id = t.id)
              ->  Seq Scan on movie_keyword mk  (cost=0.00..69693.30 rows=4523930 width=4) (actual time=0.034..1111.469 rows=4523930 loops=1)
              ->  Hash  (cost=73925.90..73925.90 rows=1227985 width=4) (actual time=1585.709..1585.709 rows=1197374 loops=1)
                    Buckets: 131072  Batches: 32  Memory Usage: 2346kB
                    ->  Seq Scan on title t  (cost=0.00..73925.90 rows=1227985 width=4) (actual time=0.029..1191.780 rows=1197374 loops=1)
                          Filter: ((kind_id > 1) AND (production_year < 2008))
                          Rows Removed by Filter: 1330938
Planning time: 1.170 ms
Execution time: 16746.714 ms
