Hash Join  (cost=102767.86..250774.39 rows=2373994 width=0) (actual time=1769.352..5071.653 rows=2367384 loops=1)
  Hash Cond: (mk.movie_id = t.id)
  ->  Seq Scan on movie_keyword mk  (cost=0.00..81003.12 rows=2373994 width=4) (actual time=0.023..1357.814 rows=2367384 loops=1)
        Filter: (keyword_id > 4089)
        Rows Removed by Filter: 2156546
  ->  Hash  (cost=61283.27..61283.27 rows=2528527 width=4) (actual time=1766.149..1766.149 rows=2528312 loops=1)
        Buckets: 131072  Batches: 64  Memory Usage: 2425kB
        ->  Seq Scan on title t  (cost=0.00..61283.27 rows=2528527 width=4) (actual time=0.012..897.829 rows=2528312 loops=1)
Planning time: 0.730 ms
Execution time: 5313.534 ms
