Hash Join  (cost=96184.51..211165.21 rows=908913 width=0) (actual time=1772.697..3831.399 rows=197249 loops=1)
  Hash Cond: (mk.movie_id = t.id)
  ->  Seq Scan on movie_keyword mk  (cost=0.00..81003.12 rows=1693987 width=4) (actual time=0.024..1267.981 rows=1702351 loops=1)
        Filter: (keyword_id < 2658)
        Rows Removed by Filter: 2821579
  ->  Hash  (cost=73925.90..73925.90 rows=1356688 width=4) (actual time=1489.890..1489.890 rows=1327781 loops=1)
        Buckets: 131072  Batches: 32  Memory Usage: 2485kB
        ->  Seq Scan on title t  (cost=0.00..73925.90 rows=1356688 width=4) (actual time=204.716..1091.433 rows=1327781 loops=1)
              Filter: ((production_year < 2012) AND (kind_id = 7))
              Rows Removed by Filter: 1200531
Planning time: 0.808 ms
Execution time: 3856.986 ms
