Hash Join  (cost=191497.43..298036.67 rows=353365 width=0) (actual time=3821.731..6565.413 rows=605271 loops=1)
  Hash Cond: (mk.movie_id = t.id)
  ->  Seq Scan on movie_keyword mk  (cost=0.00..81003.12 rows=1728123 width=4) (actual time=0.019..1552.922 rows=1732726 loops=1)
        Filter: (keyword_id < 2830)
        Rows Removed by Filter: 2791204
  ->  Hash  (cost=183014.55..183014.55 rows=517031 width=8) (actual time=3820.792..3820.792 rows=307600 loops=1)
        Buckets: 131072  Batches: 8  Memory Usage: 2534kB
        ->  Hash Join  (cost=102767.86..183014.55 rows=517031 width=8) (actual time=2076.664..3720.794 rows=307600 loops=1)
              Hash Cond: (mc.movie_id = t.id)
              ->  Seq Scan on movie_companies mc  (cost=0.00..57926.93 rows=517031 width=4) (actual time=79.290..1006.832 rows=307600 loops=1)
                    Filter: ((company_id < 5187) AND (company_type_id > 1))
                    Rows Removed by Filter: 2301529
              ->  Hash  (cost=61283.27..61283.27 rows=2528527 width=4) (actual time=1996.045..1996.045 rows=2528312 loops=1)
                    Buckets: 131072  Batches: 64  Memory Usage: 2415kB
                    ->  Seq Scan on title t  (cost=0.00..61283.27 rows=2528527 width=4) (actual time=0.030..1138.892 rows=2528312 loops=1)
Planning time: 3.249 ms
Execution time: 6638.849 ms
