Seq Scan on cast_info ci  (cost=0.00..796071.18 rows=176 width=0) (actual time=4361.042..10608.383 rows=6 loops=1)
  Filter: ((role_id < 2) AND (person_id = 1390351))
  Rows Removed by Filter: 36244338
Planning time: 0.376 ms
Execution time: 10608.512 ms
