Seq Scan on title t  (cost=0.00..73925.90 rows=331568 width=0) (actual time=0.016..888.906 rows=445194 loops=1)
  Filter: ((kind_id < 7) AND (production_year < 1996))
  Rows Removed by Filter: 2083118
Planning time: 0.377 ms
Execution time: 947.761 ms
