Hash Join  (cost=631047.24..1886391.27 rows=16385147 width=0) (actual time=16570.577..53903.978 rows=53503209 loops=1)
  Hash Cond: (ci.movie_id = t.id)
  ->  Seq Scan on cast_info ci  (cost=0.00..796071.18 rows=16017733 width=4) (actual time=0.045..13320.270 rows=14445581 loops=1)
        Filter: ((person_id > 1681472) AND (role_id < 9))
        Rows Removed by Filter: 21798763
  ->  Hash  (cost=588611.65..588611.65 rows=2586527 width=8) (actual time=16565.601..16565.601 rows=6060962 loops=1)
        Buckets: 131072 (originally 131072)  Batches: 128 (originally 64)  Memory Usage: 3073kB
        ->  Hash Join  (cost=81206.46..588611.65 rows=2586527 width=8) (actual time=1152.254..14599.432 rows=6060962 loops=1)
              Hash Cond: (mi.movie_id = t.id)
              ->  Seq Scan on movie_info mi  (cost=0.00..309384.22 rows=14739122 width=4) (actual time=0.021..4740.549 rows=14835720 loops=1)
              ->  Hash  (cost=73925.90..73925.90 rows=443724 width=4) (actual time=1151.392..1151.392 rows=536860 loops=1)
                    Buckets: 131072  Batches: 8  Memory Usage: 3403kB
                    ->  Seq Scan on title t  (cost=0.00..73925.90 rows=443724 width=4) (actual time=0.023..971.269 rows=536860 loops=1)
                          Filter: ((kind_id < 7) AND (production_year < 2002))
                          Rows Removed by Filter: 1991452
Planning time: 1.182 ms
Execution time: 60459.337 ms
