Hash Join  (cost=160737.19..879975.72 rows=5622 width=0) (actual time=3529.480..13521.948 rows=65474 loops=1)
  Hash Cond: (ci.movie_id = t.id)
  ->  Seq Scan on cast_info ci  (cost=0.00..705507.15 rows=2735034 width=4) (actual time=969.144..10466.083 rows=2728943 loops=1)
        Filter: (role_id = 4)
        Rows Removed by Filter: 33515401
  ->  Hash  (cost=160672.23..160672.23 rows=5197 width=8) (actual time=2560.109..2560.109 rows=30630 loops=1)
        Buckets: 32768 (originally 8192)  Batches: 1 (originally 1)  Memory Usage: 1453kB
        ->  Hash Join  (cost=73962.22..160672.23 rows=5197 width=8) (actual time=935.526..2548.629 rows=30630 loops=1)
              Hash Cond: (mk.movie_id = t.id)
              ->  Seq Scan on movie_keyword mk  (cost=0.00..69693.30 rows=4523930 width=4) (actual time=0.025..765.843 rows=4523930 loops=1)
              ->  Hash  (cost=73925.90..73925.90 rows=2905 width=4) (actual time=935.356..935.356 rows=5989 loops=1)
                    Buckets: 8192 (originally 4096)  Batches: 1 (originally 1)  Memory Usage: 275kB
                    ->  Seq Scan on title t  (cost=0.00..73925.90 rows=2905 width=4) (actual time=1.407..932.503 rows=5989 loops=1)
                          Filter: ((kind_id < 7) AND (production_year = 1972))
                          Rows Removed by Filter: 2522323
Planning time: 1.235 ms
Execution time: 13531.136 ms
