Seq Scan on movie_keyword mk  (cost=0.00..81003.12 rows=4523564 width=0) (actual time=0.024..1406.851 rows=4523799 loops=1)
  Filter: (keyword_id < 134040)
  Rows Removed by Filter: 131
Planning time: 0.317 ms
Execution time: 1994.020 ms
