Hash Join  (cost=150592.51..261326.40 rows=322427 width=0) (actual time=3056.049..5916.809 rows=1554846 loops=1)
  Hash Cond: (mk.movie_id = t.id)
  ->  Seq Scan on movie_keyword mk  (cost=0.00..81003.12 rows=2165198 width=4) (actual time=0.015..1396.219 rows=2166499 loops=1)
        Filter: (keyword_id < 4192)
        Rows Removed by Filter: 2357431
  ->  Hash  (cost=144414.86..144414.86 rows=376532 width=8) (actual time=3054.966..3054.966 rows=416027 loops=1)
        Buckets: 131072  Batches: 8  Memory Usage: 3071kB
        ->  Hash Join  (cost=101489.21..144414.86 rows=376532 width=8) (actual time=1756.914..2918.068 rows=416027 loops=1)
              Hash Cond: (mi_idx.movie_id = t.id)
              ->  Seq Scan on movie_info_idx mi_idx  (cost=0.00..25185.44 rows=460978 width=4) (actual time=0.024..379.081 rows=459925 loops=1)
                    Filter: (info_type_id = 99)
                    Rows Removed by Filter: 920110
              ->  Hash  (cost=67604.59..67604.59 rows=2065330 width=4) (actual time=1755.485..1755.485 rows=2064552 loops=1)
                    Buckets: 131072  Batches: 32  Memory Usage: 3289kB
                    ->  Seq Scan on title t  (cost=0.00..67604.59 rows=2065330 width=4) (actual time=0.021..1116.161 rows=2064552 loops=1)
                          Filter: (production_year < 2011)
                          Rows Removed by Filter: 463760
Planning time: 1.210 ms
Execution time: 6119.920 ms
