Hash Join  (cost=165613.24..696601.49 rows=2215513 width=0) (actual time=4090.371..20622.015 rows=12667743 loops=1)
  Hash Cond: (mi.movie_id = t.id)
  ->  Seq Scan on movie_info mi  (cost=0.00..346232.03 rows=13926693 width=4) (actual time=0.026..7107.020 rows=13963496 loops=1)
        Filter: (info_type_id < 98)
        Rows Removed by Filter: 872224
  ->  Hash  (cost=159013.14..159013.14 rows=402248 width=8) (actual time=4087.495..4087.495 rows=675419 loops=1)
        Buckets: 131072 (originally 131072)  Batches: 16 (originally 8)  Memory Usage: 3073kB
        ->  Hash Join  (cost=74698.31..159013.14 rows=402248 width=8) (actual time=1346.912..3889.259 rows=675419 loops=1)
              Hash Cond: (mc.movie_id = t.id)
              ->  Seq Scan on movie_companies mc  (cost=0.00..51404.11 rows=2352329 width=4) (actual time=0.020..1186.480 rows=2348963 loops=1)
                    Filter: (company_id < 99362)
                    Rows Removed by Filter: 260166
              ->  Hash  (cost=67604.59..67604.59 rows=432378 width=4) (actual time=1345.976..1345.976 rows=423779 loops=1)
                    Buckets: 131072  Batches: 8  Memory Usage: 2885kB
                    ->  Seq Scan on title t  (cost=0.00..67604.59 rows=432378 width=4) (actual time=0.014..1202.560 rows=423779 loops=1)
                          Filter: (production_year < 1974)
                          Rows Removed by Filter: 2104533
Planning time: 1.315 ms
Execution time: 22049.760 ms
