Hash Join  (cost=83072.49..137738.18 rows=17 width=0) (actual time=1078.879..2064.441 rows=75 loops=1)
  Hash Cond: (mc.movie_id = t.id)
  ->  Seq Scan on movie_companies mc  (cost=0.00..44881.29 rows=2609129 width=4) (actual time=0.016..522.941 rows=2609129 loops=1)
  ->  Hash  (cost=83072.29..83072.29 rows=16 width=8) (actual time=1061.857..1061.857 rows=24 loops=1)
        Buckets: 1024  Batches: 1  Memory Usage: 9kB
        ->  Nested Loop  (cost=0.43..83072.29 rows=16 width=8) (actual time=67.675..1061.804 rows=24 loops=1)
              ->  Seq Scan on movie_keyword mk  (cost=0.00..81003.12 rows=246 width=4) (actual time=0.630..1025.007 rows=1628 loops=1)
                    Filter: (keyword_id = 211)
                    Rows Removed by Filter: 4522302
              ->  Index Scan using title_pkey on title t  (cost=0.43..8.40 rows=1 width=4) (actual time=0.022..0.022 rows=0 loops=1628)
                    Index Cond: (id = mk.movie_id)
                    Filter: (production_year = 2012)
                    Rows Removed by Filter: 1
Planning time: 1.161 ms
Execution time: 2064.613 ms
