Hash Join  (cost=852329.39..1300135.52 rows=1228323 width=0) (actual time=19753.457..26154.515 rows=1803489 loops=1)
  Hash Cond: (mi.movie_id = t.id)
  ->  Seq Scan on movie_info mi  (cost=0.00..346232.03 rows=3068194 width=4) (actual time=73.538..4453.312 rows=3036719 loops=1)
        Filter: (info_type_id = 16)
        Rows Removed by Filter: 11799001
  ->  Hash  (cost=835720.99..835720.99 rows=1012272 width=8) (actual time=19677.926..19677.926 rows=1088689 loops=1)
        Buckets: 131072  Batches: 16  Memory Usage: 3742kB
        ->  Hash Join  (cost=74809.10..835720.99 rows=1012272 width=8) (actual time=920.680..18982.340 rows=1088689 loops=1)
              Hash Cond: (ci.movie_id = t.id)
              ->  Seq Scan on cast_info ci  (cost=0.00..614943.12 rows=36225612 width=4) (actual time=0.022..6572.989 rows=36244344 loops=1)
              ->  Hash  (cost=73925.90..73925.90 rows=70656 width=4) (actual time=919.791..919.791 rows=79548 loops=1)
                    Buckets: 131072  Batches: 1  Memory Usage: 3821kB
                    ->  Seq Scan on title t  (cost=0.00..73925.90 rows=70656 width=4) (actual time=0.025..890.509 rows=79548 loops=1)
                          Filter: ((kind_id > 1) AND (production_year = 2005))
                          Rows Removed by Filter: 2448764
Planning time: 1.169 ms
Execution time: 26361.364 ms
