Hash Join  (cost=176515.47..1141791.86 rows=2675821 width=0) (actual time=3466.531..21277.782 rows=2130512 loops=1)
  Hash Cond: (ci.movie_id = t.id)
  ->  Seq Scan on cast_info ci  (cost=0.00..796071.18 rows=12131201 width=4) (actual time=65.688..11894.971 rows=10401547 loops=1)
        Filter: ((person_id > 2254861) AND (role_id < 10))
        Rows Removed by Filter: 25842797
  ->  Hash  (cost=167364.90..167364.90 rows=557726 width=8) (actual time=3399.108..3399.108 rows=341872 loops=1)
        Buckets: 131072  Batches: 8  Memory Usage: 2689kB
        ->  Hash Join  (cost=89472.60..167364.90 rows=557726 width=8) (actual time=1639.291..3295.990 rows=341872 loops=1)
              Hash Cond: (mc.movie_id = t.id)
              ->  Seq Scan on movie_companies mc  (cost=0.00..51404.11 rows=1488245 width=4) (actual time=0.027..882.439 rows=1477090 loops=1)
                    Filter: (company_id < 13543)
                    Rows Removed by Filter: 1132039
              ->  Hash  (cost=73925.90..73925.90 rows=947576 width=4) (actual time=1455.616..1455.616 rows=876037 loops=1)
                    Buckets: 131072  Batches: 16  Memory Usage: 2949kB
                    ->  Seq Scan on title t  (cost=0.00..73925.90 rows=947576 width=4) (actual time=0.019..1175.340 rows=876037 loops=1)
                          Filter: ((production_year < 2007) AND (kind_id = 7))
                          Rows Removed by Filter: 1652275
Planning time: 1.237 ms
Execution time: 21502.497 ms
