Seq Scan on movie_keyword mk  (cost=0.00..81003.12 rows=4324184 width=0) (actual time=0.015..1212.622 rows=4305556 loops=1)
  Filter: (keyword_id > 154)
  Rows Removed by Filter: 218374
Planning time: 0.240 ms
Execution time: 1710.101 ms
