Hash Join  (cost=269981.06..1626664.82 rows=27023058 width=0) (actual time=5209.822..54484.535 rows=88387462 loops=1)
  Hash Cond: (ci.movie_id = t.id)
  ->  Seq Scan on cast_info ci  (cost=0.00..614943.12 rows=36225612 width=4) (actual time=0.011..10615.433 rows=36244344 loops=1)
  ->  Hash  (cost=239035.64..239035.64 rows=1886194 width=8) (actual time=5208.747..5208.747 rows=1898134 loops=1)
        Buckets: 131072  Batches: 32  Memory Usage: 3328kB
        ->  Hash Join  (cost=102767.86..239035.64 rows=1886194 width=8) (actual time=1550.736..4645.699 rows=1898134 loops=1)
              Hash Cond: (mk.movie_id = t.id)
              ->  Seq Scan on movie_keyword mk  (cost=0.00..81003.12 rows=1886194 width=4) (actual time=0.026..1238.194 rows=1898134 loops=1)
                    Filter: (keyword_id < 3252)
                    Rows Removed by Filter: 2625796
              ->  Hash  (cost=61283.27..61283.27 rows=2528527 width=4) (actual time=1549.758..1549.758 rows=2528312 loops=1)
                    Buckets: 131072  Batches: 64  Memory Usage: 2425kB
                    ->  Seq Scan on title t  (cost=0.00..61283.27 rows=2528527 width=4) (actual time=0.019..774.146 rows=2528312 loops=1)
Planning time: 1.172 ms
Execution time: 63298.791 ms
