Seq Scan on cast_info ci  (cost=0.00..796071.18 rows=176 width=0) (actual time=4034.945..8853.255 rows=7 loops=1)
  Filter: ((person_id = 665596) AND (role_id = 1))
  Rows Removed by Filter: 36244337
Planning time: 0.382 ms
Execution time: 8853.360 ms
