Hash Join  (cost=175027.18..1431575.72 rows=13093442 width=0) (actual time=3836.173..47781.859 rows=27160701 loops=1)
  Hash Cond: (ci.movie_id = t.id)
  ->  Seq Scan on cast_info ci  (cost=0.00..705507.15 rows=36022924 width=4) (actual time=0.016..16969.659 rows=36089210 loops=1)
        Filter: (person_id > 19883)
        Rows Removed by Filter: 155134
  ->  Hash  (cost=159947.97..159947.97 rows=919057 width=8) (actual time=3835.413..3835.413 rows=920110 loops=1)
        Buckets: 131072  Batches: 16  Memory Usage: 3269kB
        ->  Hash Join  (cost=102767.86..159947.97 rows=919057 width=8) (actual time=1867.723..3574.300 rows=920110 loops=1)
              Hash Cond: (mi_idx.movie_id = t.id)
              ->  Seq Scan on movie_info_idx mi_idx  (cost=0.00..25185.44 rows=919057 width=4) (actual time=0.013..574.479 rows=920110 loops=1)
                    Filter: (info_type_id > 99)
                    Rows Removed by Filter: 459925
              ->  Hash  (cost=61283.27..61283.27 rows=2528527 width=4) (actual time=1866.049..1866.049 rows=2528312 loops=1)
                    Buckets: 131072  Batches: 64  Memory Usage: 2415kB
                    ->  Seq Scan on title t  (cost=0.00..61283.27 rows=2528527 width=4) (actual time=0.020..1017.688 rows=2528312 loops=1)
Planning time: 1.130 ms
Execution time: 50991.870 ms
