Hash Join  (cost=100948.70..465748.84 rows=14419 width=0) (actual time=1539.355..6807.205 rows=31863 loops=1)
  Hash Cond: (mi.movie_id = t.id)
  ->  Seq Scan on movie_info mi  (cost=0.00..309384.22 rows=14739122 width=4) (actual time=0.021..2734.512 rows=14835720 loops=1)
  ->  Hash  (cost=100917.78..100917.78 rows=2474 width=8) (actual time=1517.836..1517.836 rows=2808 loops=1)
        Buckets: 4096  Batches: 1  Memory Usage: 142kB
        ->  Hash Join  (cost=73982.55..100917.78 rows=2474 width=8) (actual time=961.467..1516.802 rows=2808 loops=1)
              Hash Cond: (mi_idx.movie_id = t.id)
              ->  Seq Scan on movie_info_idx mi_idx  (cost=0.00..21735.35 rows=1380035 width=4) (actual time=0.019..256.825 rows=1380035 loops=1)
              ->  Hash  (cost=73925.90..73925.90 rows=4532 width=4) (actual time=960.088..960.088 rows=6999 loops=1)
                    Buckets: 8192  Batches: 1  Memory Usage: 311kB
                    ->  Seq Scan on title t  (cost=0.00..73925.90 rows=4532 width=4) (actual time=0.103..956.727 rows=6999 loops=1)
                          Filter: ((kind_id = 7) AND (production_year = 1960))
                          Rows Removed by Filter: 2521313
Planning time: 1.327 ms
Execution time: 6811.358 ms
