Hash Join  (cost=76503.02..180330.12 rows=113220 width=0) (actual time=1028.084..3410.593 rows=368737 loops=1)
  Hash Cond: (mk.movie_id = t.id)
  ->  Seq Scan on movie_keyword mk  (cost=0.00..81003.12 rows=1822873 width=4) (actual time=0.020..1266.440 rows=1828715 loops=1)
        Filter: (keyword_id < 3009)
        Rows Removed by Filter: 2695215
  ->  Hash  (cost=73925.90..73925.90 rows=157049 width=4) (actual time=1027.174..1027.174 rows=258048 loops=1)
        Buckets: 131072  Batches: 4  Memory Usage: 3301kB
        ->  Seq Scan on title t  (cost=0.00..73925.90 rows=157049 width=4) (actual time=0.201..938.352 rows=258048 loops=1)
              Filter: ((kind_id < 7) AND (production_year < 1972))
              Rows Removed by Filter: 2270264
Planning time: 0.826 ms
Execution time: 3458.305 ms
