Hash Join  (cost=82257.13..1061093.92 rows=2675212 width=0) (actual time=944.048..23300.763 rows=3079571 loops=1)
  Hash Cond: (ci.movie_id = t.id)
  ->  Seq Scan on cast_info ci  (cost=0.00..796071.18 rows=13321464 width=4) (actual time=0.024..14975.169 rows=14349614 loops=1)
        Filter: ((person_id > 612084) AND (role_id > 2))
        Rows Removed by Filter: 21894730
  ->  Hash  (cost=73925.90..73925.90 rows=507778 width=4) (actual time=942.943..942.943 rows=524129 loops=1)
        Buckets: 131072  Batches: 8  Memory Usage: 3340kB
        ->  Seq Scan on title t  (cost=0.00..73925.90 rows=507778 width=4) (actual time=0.013..806.748 rows=524129 loops=1)
              Filter: ((production_year < 2010) AND (kind_id = 1))
              Rows Removed by Filter: 2004183
Planning time: 0.810 ms
Execution time: 23625.897 ms
