Nested Loop  (cost=0.43..83072.29 rows=1 width=0) (actual time=832.609..1023.986 rows=2 loops=1)
  ->  Seq Scan on movie_keyword mk  (cost=0.00..81003.12 rows=246 width=4) (actual time=0.624..994.246 rows=1316 loops=1)
        Filter: (keyword_id = 3908)
        Rows Removed by Filter: 4522614
  ->  Index Scan using title_pkey on title t  (cost=0.43..8.40 rows=1 width=4) (actual time=0.022..0.022 rows=0 loops=1316)
        Index Cond: (id = mk.movie_id)
        Filter: (production_year = 1966)
        Rows Removed by Filter: 1
Planning time: 0.776 ms
Execution time: 1024.080 ms
