Seq Scan on cast_info ci  (cost=0.00..796071.18 rows=1201589 width=0) (actual time=6880.490..9264.026 rows=1307 loops=1)
  Filter: ((person_id < 568495) AND (role_id = 2))
  Rows Removed by Filter: 36243037
Planning time: 0.403 ms
Execution time: 9264.345 ms
