Seq Scan on cast_info ci  (cost=0.00..796071.18 rows=224 width=0) (actual time=2115.631..10705.130 rows=196 loops=1)
  Filter: ((role_id > 2) AND (person_id = 336671))
  Rows Removed by Filter: 36244148
Planning time: 0.429 ms
Execution time: 10705.266 ms
