Nested Loop  (cost=0.43..797069.17 rows=118 width=0) (actual time=3103.825..10896.621 rows=4 loops=1)
  ->  Seq Scan on cast_info ci  (cost=0.00..796071.18 rows=118 width=4) (actual time=3103.640..10896.387 rows=4 loops=1)
        Filter: ((role_id > 5) AND (person_id = 3677635))
        Rows Removed by Filter: 36244340
  ->  Index Only Scan using title_pkey on title t  (cost=0.43..8.45 rows=1 width=4) (actual time=0.034..0.035 rows=1 loops=4)
        Index Cond: (id = ci.movie_id)
        Heap Fetches: 4
Planning time: 0.751 ms
Execution time: 10896.701 ms
