Hash Join  (cost=157889.12..1013515.72 rows=191744 width=0) (actual time=8829.261..14616.267 rows=17115 loops=1)
  Hash Cond: (ci.movie_id = t.id)
  ->  Seq Scan on cast_info ci  (cost=0.00..796071.18 rows=4465396 width=4) (actual time=6125.005..10963.332 rows=2741953 loops=1)
        Filter: ((person_id < 961260) AND (role_id > 2))
        Rows Removed by Filter: 33502391
  ->  Hash  (cost=156106.94..156106.94 rows=108575 width=8) (actual time=2702.777..2702.777 rows=17645 loops=1)
        Buckets: 131072  Batches: 2  Memory Usage: 1368kB
        ->  Hash Join  (cost=68363.15..156106.94 rows=108575 width=8) (actual time=902.793..2606.786 rows=17645 loops=1)
              Hash Cond: (mk.movie_id = t.id)
              ->  Seq Scan on movie_keyword mk  (cost=0.00..69693.30 rows=4523930 width=4) (actual time=0.020..777.231 rows=4523930 loops=1)
              ->  Hash  (cost=67604.59..67604.59 rows=60685 width=4) (actual time=900.918..900.918 rows=59847 loops=1)
                    Buckets: 65536  Batches: 1  Memory Usage: 2616kB
                    ->  Seq Scan on title t  (cost=0.00..67604.59 rows=60685 width=4) (actual time=111.608..878.387 rows=59847 loops=1)
                          Filter: (production_year < 1915)
                          Rows Removed by Filter: 2468465
Planning time: 1.371 ms
Execution time: 14618.995 ms
