Hash Join  (cost=423916.70..450979.50 rows=15232 width=0) (actual time=4993.716..5556.055 rows=33045 loops=1)
  Hash Cond: (mi_idx.movie_id = t.id)
  ->  Seq Scan on movie_info_idx mi_idx  (cost=0.00..21735.35 rows=1380035 width=4) (actual time=0.025..264.608 rows=1380035 loops=1)
  ->  Hash  (cost=423567.83..423567.83 rows=27909 width=8) (actual time=4992.688..4992.688 rows=11826 loops=1)
        Buckets: 32768  Batches: 1  Memory Usage: 718kB
        ->  Hash Join  (cost=69484.36..423567.83 rows=27909 width=8) (actual time=826.585..4988.606 rows=11826 loops=1)
              Hash Cond: (mi.movie_id = t.id)
              ->  Seq Scan on movie_info mi  (cost=0.00..346232.03 rows=616095 width=4) (actual time=0.016..3965.795 rows=598457 loops=1)
                    Filter: (info_type_id = 15)
                    Rows Removed by Filter: 14237263
              ->  Hash  (cost=67604.59..67604.59 rows=114542 width=4) (actual time=814.883..814.883 rows=118234 loops=1)
                    Buckets: 131072  Batches: 2  Memory Usage: 3107kB
                    ->  Seq Scan on title t  (cost=0.00..67604.59 rows=114542 width=4) (actual time=267.685..772.599 rows=118234 loops=1)
                          Filter: (kind_id = 4)
                          Rows Removed by Filter: 2410078
Planning time: 1.202 ms
Execution time: 5560.910 ms
