Hash Join  (cost=81598.21..120884.65 rows=169238 width=0) (actual time=1091.058..2142.521 rows=381022 loops=1)
  Hash Cond: (mi_idx.movie_id = t.id)
  ->  Seq Scan on movie_info_idx mi_idx  (cost=0.00..25185.44 rows=915101 width=4) (actual time=0.029..461.751 rows=919850 loops=1)
        Filter: (info_type_id < 101)
        Rows Removed by Filter: 460185
  ->  Hash  (cost=73925.90..73925.90 rows=467624 width=4) (actual time=1090.113..1090.113 rows=557493 loops=1)
        Buckets: 131072  Batches: 8  Memory Usage: 3486kB
        ->  Seq Scan on title t  (cost=0.00..73925.90 rows=467624 width=4) (actual time=0.041..910.945 rows=557493 loops=1)
              Filter: ((kind_id < 7) AND (production_year < 2003))
              Rows Removed by Filter: 1970819
Planning time: 0.707 ms
Execution time: 2185.916 ms
