Seq Scan on movie_companies mc  (cost=0.00..51404.11 rows=104 width=0) (actual time=284.984..511.446 rows=6 loops=1)
  Filter: (company_id = 34693)
  Rows Removed by Filter: 2609123
Planning time: 1.719 ms
Execution time: 511.521 ms
