Hash Join  (cost=153723.30..190366.68 rows=39948 width=0) (actual time=2580.959..3537.504 rows=376758 loops=1)
  Hash Cond: (mi_idx.movie_id = t.id)
  ->  Seq Scan on movie_info_idx mi_idx  (cost=0.00..25185.44 rows=919057 width=4) (actual time=0.013..426.800 rows=920110 loops=1)
        Filter: (info_type_id > 99)
        Rows Removed by Filter: 459925
  ->  Hash  (cost=151919.49..151919.49 rows=109905 width=8) (actual time=2580.026..2580.026 rows=353748 loops=1)
        Buckets: 131072 (originally 131072)  Batches: 8 (originally 2)  Memory Usage: 3073kB
        ->  Hash Join  (cost=85595.27..151919.49 rows=109905 width=8) (actual time=1186.054..2468.935 rows=353748 loops=1)
              Hash Cond: (mc.movie_id = t.id)
              ->  Seq Scan on movie_companies mc  (cost=0.00..57926.93 rows=390730 width=4) (actual time=0.030..768.296 rows=711610 loops=1)
                    Filter: ((company_id > 33697) AND (company_type_id > 1))
                    Rows Removed by Filter: 1897519
              ->  Hash  (cost=73925.90..73925.90 rows=711229 width=4) (actual time=1184.604..1184.604 rows=612155 loops=1)
                    Buckets: 131072  Batches: 16  Memory Usage: 2368kB
                    ->  Seq Scan on title t  (cost=0.00..73925.90 rows=711229 width=4) (actual time=0.015..996.959 rows=612155 loops=1)
                          Filter: ((kind_id < 7) AND (production_year > 1987))
                          Rows Removed by Filter: 1916157
Planning time: 1.229 ms
Execution time: 3579.341 ms
