Hash Join  (cost=102767.86..236101.43 rows=1764212 width=0) (actual time=1880.845..5404.991 rows=1770944 loops=1)
  Hash Cond: (mk.movie_id = t.id)
  ->  Seq Scan on movie_keyword mk  (cost=0.00..81003.12 rows=1764212 width=4) (actual time=0.014..1417.364 rows=1770944 loops=1)
        Filter: (keyword_id < 2873)
        Rows Removed by Filter: 2752986
  ->  Hash  (cost=61283.27..61283.27 rows=2528527 width=4) (actual time=1877.634..1877.634 rows=2528312 loops=1)
        Buckets: 131072  Batches: 64  Memory Usage: 2425kB
        ->  Seq Scan on title t  (cost=0.00..61283.27 rows=2528527 width=4) (actual time=0.020..1007.742 rows=2528312 loops=1)
Planning time: 1.150 ms
Execution time: 5616.803 ms
