Hash Join  (cost=165302.63..1044893.77 rows=83683 width=0) (actual time=2213.855..18949.681 rows=416223 loops=1)
  Hash Cond: (ci.movie_id = t.id)
  ->  Seq Scan on cast_info ci  (cost=0.00..796071.18 rows=16536619 width=4) (actual time=0.016..14024.488 rows=15645473 loops=1)
        Filter: ((person_id > 598206) AND (role_id < 3))
        Rows Removed by Filter: 20598871
  ->  Hash  (cost=165142.68..165142.68 rows=12796 width=8) (actual time=2213.542..2213.542 rows=21679 loops=1)
        Buckets: 32768 (originally 16384)  Batches: 1 (originally 1)  Memory Usage: 1103kB
        ->  Hash Join  (cost=67697.55..165142.68 rows=12796 width=8) (actual time=615.387..2207.000 rows=21679 loops=1)
              Hash Cond: (mk.movie_id = t.id)
              ->  Seq Scan on movie_keyword mk  (cost=0.00..81003.12 rows=4350413 width=4) (actual time=0.016..1066.883 rows=4335201 loops=1)
                    Filter: (keyword_id > 135)
                    Rows Removed by Filter: 188729
              ->  Hash  (cost=67604.59..67604.59 rows=7437 width=4) (actual time=613.374..613.374 rows=6346 loops=1)
                    Buckets: 8192  Batches: 1  Memory Usage: 288kB
                    ->  Seq Scan on title t  (cost=0.00..67604.59 rows=7437 width=4) (actual time=0.185..610.716 rows=6346 loops=1)
                          Filter: (production_year = 1952)
                          Rows Removed by Filter: 2521966
Planning time: 1.217 ms
Execution time: 19003.972 ms
