Nested Loop  (cost=0.43..83072.29 rows=201 width=0) (actual time=15.456..868.421 rows=60 loops=1)
  ->  Seq Scan on movie_keyword mk  (cost=0.00..81003.12 rows=246 width=4) (actual time=15.394..866.139 rows=61 loops=1)
        Filter: (keyword_id = 16386)
        Rows Removed by Filter: 4523869
  ->  Index Scan using title_pkey on title t  (cost=0.43..8.40 rows=1 width=4) (actual time=0.033..0.034 rows=1 loops=61)
        Index Cond: (id = mk.movie_id)
        Filter: (production_year < 2011)
        Rows Removed by Filter: 0
Planning time: 0.806 ms
Execution time: 868.558 ms
