Seq Scan on title t  (cost=0.00..73925.90 rows=328190 width=0) (actual time=46.709..865.490 rows=217611 loops=1)
  Filter: ((production_year < 1982) AND (kind_id = 7))
  Rows Removed by Filter: 2310701
Planning time: 0.421 ms
Execution time: 895.579 ms
