Hash Join  (cost=102767.86..1071266.47 rows=6755288 width=0) (actual time=4619.635..26195.228 rows=12670688 loops=1)
  Hash Cond: (ci.movie_id = t.id)
  ->  Seq Scan on cast_info ci  (cost=0.00..796071.18 rows=6755288 width=4) (actual time=3016.140..13002.311 rows=12670688 loops=1)
        Filter: ((person_id < 1910432) AND (role_id = 1))
        Rows Removed by Filter: 23573656
  ->  Hash  (cost=61283.27..61283.27 rows=2528527 width=4) (actual time=1602.101..1602.101 rows=2528312 loops=1)
        Buckets: 131072  Batches: 64  Memory Usage: 2415kB
        ->  Seq Scan on title t  (cost=0.00..61283.27 rows=2528527 width=4) (actual time=0.024..769.817 rows=2528312 loops=1)
Planning time: 0.803 ms
Execution time: 27554.355 ms
