Hash Join  (cost=164477.82..1247774.90 rows=4817991 width=0) (actual time=3011.646..30852.067 rows=5829569 loops=1)
  Hash Cond: (ci.movie_id = t.id)
  ->  Seq Scan on cast_info ci  (cost=0.00..614943.12 rows=36225612 width=4) (actual time=0.019..9788.872 rows=36244344 loops=1)
  ->  Hash  (cost=158960.16..158960.16 rows=336293 width=8) (actual time=3010.752..3010.752 rows=145467 loops=1)
        Buckets: 131072  Batches: 8  Memory Usage: 1731kB
        ->  Hash Join  (cost=79273.71..158960.16 rows=336293 width=8) (actual time=1260.632..2961.931 rows=145467 loops=1)
              Hash Cond: (mc.movie_id = t.id)
              ->  Seq Scan on movie_companies mc  (cost=0.00..44881.29 rows=2609129 width=4) (actual time=0.020..725.119 rows=2609129 loops=1)
              ->  Hash  (cost=73925.90..73925.90 rows=325904 width=4) (actual time=976.014..976.014 rows=349534 loops=1)
                    Buckets: 131072  Batches: 8  Memory Usage: 2566kB
                    ->  Seq Scan on title t  (cost=0.00..73925.90 rows=325904 width=4) (actual time=0.029..864.336 rows=349534 loops=1)
                          Filter: ((production_year > 2009) AND (kind_id = 7))
                          Rows Removed by Filter: 2178778
Planning time: 1.189 ms
Execution time: 31548.250 ms
