Seq Scan on movie_companies mc  (cost=0.00..57926.93 rows=4990 width=0) (actual time=286.902..691.190 rows=7005 loops=1)
  Filter: ((company_id = 11141) AND (company_type_id = 1))
  Rows Removed by Filter: 2602124
Planning time: 0.387 ms
Execution time: 692.469 ms
