Hash Join  (cost=87180.69..216725.65 rows=1271818 width=0) (actual time=1282.380..3893.157 rows=927748 loops=1)
  Hash Cond: (mk.movie_id = t.id)
  ->  Seq Scan on movie_keyword mk  (cost=0.00..81003.12 rows=2695110 width=4) (actual time=0.024..1263.982 rows=2689693 loops=1)
        Filter: (keyword_id < 7601)
        Rows Removed by Filter: 1834237
  ->  Hash  (cost=67604.59..67604.59 rows=1193208 width=4) (actual time=1281.317..1281.317 rows=1192518 loops=1)
        Buckets: 131072  Batches: 16  Memory Usage: 3654kB
        ->  Seq Scan on title t  (cost=0.00..67604.59 rows=1193208 width=4) (actual time=0.020..903.749 rows=1192518 loops=1)
              Filter: (production_year > 2003)
              Rows Removed by Filter: 1335794
Planning time: 0.757 ms
Execution time: 3974.423 ms
