Seq Scan on movie_keyword mk  (cost=0.00..81003.12 rows=2537694 width=0) (actual time=0.024..1294.333 rows=2531691 loops=1)
  Filter: (keyword_id < 6293)
  Rows Removed by Filter: 1992239
Planning time: 0.339 ms
Execution time: 1627.126 ms
