Nested Loop  (cost=0.43..52283.69 rows=104 width=0) (actual time=91.921..672.713 rows=13 loops=1)
  ->  Seq Scan on movie_companies mc  (cost=0.00..51404.11 rows=104 width=4) (actual time=91.814..671.985 rows=13 loops=1)
        Filter: (company_id = 48207)
        Rows Removed by Filter: 2609116
  ->  Index Only Scan using title_pkey on title t  (cost=0.43..8.45 rows=1 width=4) (actual time=0.048..0.050 rows=1 loops=13)
        Index Cond: (id = mc.movie_id)
        Heap Fetches: 13
Planning time: 0.761 ms
Execution time: 672.786 ms
