Seq Scan on movie_keyword mk  (cost=0.00..81003.12 rows=246 width=0) (actual time=46.354..961.066 rows=147 loops=1)
  Filter: (keyword_id = 13010)
  Rows Removed by Filter: 4523783
Planning time: 0.390 ms
Execution time: 961.237 ms
