Hash Join  (cost=785434.25..1150762.22 rows=67204 width=0) (actual time=11452.611..17555.512 rows=78673 loops=1)
  Hash Cond: (mi.movie_id = t.id)
  ->  Seq Scan on movie_info mi  (cost=0.00..309384.22 rows=14739122 width=4) (actual time=0.026..2920.751 rows=14835720 loops=1)
  ->  Hash  (cost=785290.14..785290.14 rows=11529 width=8) (actual time=11452.283..11452.283 rows=11374 loops=1)
        Buckets: 16384  Batches: 1  Memory Usage: 573kB
        ->  Hash Join  (cost=75292.52..785290.14 rows=11529 width=8) (actual time=2372.534..11448.661 rows=11374 loops=1)
              Hash Cond: (ci.movie_id = t.id)
              ->  Seq Scan on cast_info ci  (cost=0.00..705507.15 rows=350181 width=4) (actual time=1356.034..10315.884 rows=316118 loops=1)
                    Filter: (role_id > 10)
                    Rows Removed by Filter: 35928226
              ->  Hash  (cost=73925.90..73925.90 rows=83249 width=4) (actual time=1015.648..1015.648 rows=101793 loops=1)
                    Buckets: 131072  Batches: 2  Memory Usage: 2803kB
                    ->  Seq Scan on title t  (cost=0.00..73925.90 rows=83249 width=4) (actual time=0.021..976.191 rows=101793 loops=1)
                          Filter: ((kind_id > 1) AND (production_year = 2007))
                          Rows Removed by Filter: 2426519
Planning time: 1.150 ms
Execution time: 17567.449 ms
