Seq Scan on movie_keyword mk  (cost=0.00..81003.12 rows=369261 width=0) (actual time=0.030..1084.922 rows=367861 loops=1)
  Filter: (keyword_id > 45825)
  Rows Removed by Filter: 4156069
Planning time: 0.290 ms
Execution time: 1135.868 ms
