Seq Scan on title t  (cost=0.00..73925.90 rows=88878 width=0) (actual time=0.020..1261.480 rows=96722 loops=1)
  Filter: ((kind_id > 2) AND (production_year = 2008))
  Rows Removed by Filter: 2431590
Planning time: 0.423 ms
Execution time: 1277.285 ms
