Nested Loop  (cost=44377.22..212117.86 rows=22650 width=0) (actual time=801.522..5491.550 rows=66378 loops=1)
  ->  Hash Join  (cost=44376.79..139593.03 rows=123362 width=8) (actual time=801.439..2410.234 rows=66378 loops=1)
        Hash Cond: (mk.movie_id = mi_idx.movie_id)
        ->  Seq Scan on movie_keyword mk  (cost=0.00..81003.12 rows=41500 width=4) (actual time=0.027..1042.328 rows=36407 loops=1)
              Filter: (keyword_id < 43)
              Rows Removed by Filter: 4487523
        ->  Hash  (cost=21735.35..21735.35 rows=1380035 width=4) (actual time=799.967..799.967 rows=1380035 loops=1)
              Buckets: 131072  Batches: 32  Memory Usage: 2556kB
              ->  Seq Scan on movie_info_idx mi_idx  (cost=0.00..21735.35 rows=1380035 width=4) (actual time=0.021..359.884 rows=1380035 loops=1)
  ->  Index Only Scan using title_pkey on title t  (cost=0.43..0.58 rows=1 width=4) (actual time=0.046..0.046 rows=1 loops=66378)
        Index Cond: (id = mi_idx.movie_id)
        Heap Fetches: 66378
Planning time: 1.108 ms
Execution time: 5504.186 ms
