Seq Scan on cast_info ci  (cost=0.00..796071.18 rows=12678892 width=0) (actual time=0.150..12278.236 rows=18973270 loops=1)
  Filter: ((person_id > 1637158) AND (role_id > 1))
  Rows Removed by Filter: 17271074
Planning time: 0.361 ms
Execution time: 14549.853 ms
