Hash Join  (cost=108425.96..201272.07 rows=62015 width=0) (actual time=1742.568..3633.241 rows=261937 loops=1)
  Hash Cond: (mk.movie_id = t.id)
  ->  Seq Scan on movie_keyword mk  (cost=0.00..81003.12 rows=2992757 width=4) (actual time=0.022..1314.199 rows=2978944 loops=1)
        Filter: (keyword_id < 10227)
        Rows Removed by Filter: 1544986
  ->  Hash  (cost=107771.02..107771.02 rows=52395 width=8) (actual time=1742.133..1742.133 rows=57870 loops=1)
        Buckets: 65536  Batches: 1  Memory Usage: 2773kB
        ->  Hash Join  (cost=69179.59..107771.02 rows=52395 width=8) (actual time=884.290..1722.503 rows=57870 loops=1)
              Hash Cond: (mi_idx.movie_id = t.id)
              ->  Seq Scan on movie_info_idx mi_idx  (cost=0.00..21735.35 rows=1380035 width=4) (actual time=0.022..361.889 rows=1380035 loops=1)
              ->  Hash  (cost=67604.59..67604.59 rows=96000 width=4) (actual time=883.541..883.541 rows=95005 loops=1)
                    Buckets: 131072  Batches: 2  Memory Usage: 2716kB
                    ->  Seq Scan on title t  (cost=0.00..67604.59 rows=96000 width=4) (actual time=0.019..848.132 rows=95005 loops=1)
                          Filter: (production_year = 2005)
                          Rows Removed by Filter: 2433307
Planning time: 1.212 ms
Execution time: 3667.939 ms
