Seq Scan on movie_companies mc  (cost=0.00..57926.93 rows=53 width=0) (actual time=242.126..676.183 rows=8 loops=1)
  Filter: ((company_id = 89755) AND (company_type_id = 2))
  Rows Removed by Filter: 2609121
Planning time: 0.360 ms
Execution time: 676.267 ms
