Hash Join  (cost=102767.86..205623.63 rows=1727733 width=0) (actual time=1620.165..4276.934 rows=1720627 loops=1)
  Hash Cond: (mc.movie_id = t.id)
  ->  Seq Scan on movie_companies mc  (cost=0.00..51404.11 rows=1727733 width=4) (actual time=0.018..848.354 rows=1720627 loops=1)
        Filter: (company_id < 22252)
        Rows Removed by Filter: 888502
  ->  Hash  (cost=61283.27..61283.27 rows=2528527 width=4) (actual time=1619.099..1619.099 rows=2528312 loops=1)
        Buckets: 131072  Batches: 64  Memory Usage: 2415kB
        ->  Seq Scan on title t  (cost=0.00..61283.27 rows=2528527 width=4) (actual time=0.010..793.207 rows=2528312 loops=1)
Planning time: 0.719 ms
Execution time: 4484.561 ms
