Seq Scan on movie_companies mc  (cost=0.00..51404.11 rows=104 width=0) (actual time=494.635..577.963 rows=1 loops=1)
  Filter: (company_id = 233301)
  Rows Removed by Filter: 2609128
Planning time: 0.392 ms
Execution time: 578.037 ms
