Hash Join  (cost=182048.88..568307.34 rows=344070 width=0) (actual time=6082.031..9451.609 rows=1467439 loops=1)
  Hash Cond: (mi.movie_id = t.id)
  ->  Seq Scan on movie_info mi  (cost=0.00..346232.03 rows=3068194 width=4) (actual time=2544.875..4234.095 rows=3036719 loops=1)
        Filter: (info_type_id = 16)
        Rows Removed by Filter: 11799001
  ->  Hash  (cost=177396.50..177396.50 rows=283551 width=8) (actual time=3522.601..3522.601 rows=560485 loops=1)
        Buckets: 131072 (originally 131072)  Batches: 8 (originally 4)  Memory Usage: 3784kB
        ->  Hash Join  (cost=102767.86..177396.50 rows=283551 width=8) (actual time=1793.576..3348.272 rows=560485 loops=1)
              Hash Cond: (mc.movie_id = t.id)
              ->  Seq Scan on movie_companies mc  (cost=0.00..57926.93 rows=283551 width=4) (actual time=138.432..836.348 rows=560485 loops=1)
                    Filter: ((company_id > 71611) AND (company_type_id = 2))
                    Rows Removed by Filter: 2048644
              ->  Hash  (cost=61283.27..61283.27 rows=2528527 width=4) (actual time=1653.874..1653.874 rows=2528312 loops=1)
                    Buckets: 131072  Batches: 64  Memory Usage: 2415kB
                    ->  Seq Scan on title t  (cost=0.00..61283.27 rows=2528527 width=4) (actual time=0.038..813.418 rows=2528312 loops=1)
Planning time: 1.205 ms
Execution time: 9618.756 ms
