Hash Join  (cost=709676.96..1092547.11 rows=1178 width=0) (actual time=9527.487..13270.845 rows=106 loops=1)
  Hash Cond: (mi.movie_id = t.id)
  ->  Seq Scan on movie_info mi  (cost=0.00..346232.03 rows=9767026 width=4) (actual time=0.022..3649.704 rows=9911754 loops=1)
        Filter: (info_type_id > 4)
        Rows Removed by Filter: 4923966
  ->  Hash  (cost=709673.15..709673.15 rows=305 width=8) (actual time=8576.286..8576.286 rows=132 loops=1)
        Buckets: 1024  Batches: 1  Memory Usage: 14kB
        ->  Nested Loop  (cost=0.43..709673.15 rows=305 width=8) (actual time=2938.108..8576.125 rows=132 loops=1)
              ->  Seq Scan on cast_info ci  (cost=0.00..705507.15 rows=500 width=4) (actual time=2937.851..8574.077 rows=144 loops=1)
                    Filter: (person_id = 2616575)
                    Rows Removed by Filter: 36244200
              ->  Index Scan using title_pkey on title t  (cost=0.43..8.32 rows=1 width=4) (actual time=0.013..0.013 rows=1 loops=144)
                    Index Cond: (id = ci.movie_id)
                    Filter: (kind_id = 7)
                    Rows Removed by Filter: 0
Planning time: 1.174 ms
Execution time: 13271.051 ms
