Hash Join  (cost=117693.49..910715.39 rows=275530 width=0) (actual time=9584.218..15864.997 rows=588544 loops=1)
  Hash Cond: (ci.movie_id = t.id)
  ->  Seq Scan on cast_info ci  (cost=0.00..705507.15 rows=7298253 width=4) (actual time=7618.126..11148.926 rows=7451973 loops=1)
        Filter: (role_id = 2)
        Rows Removed by Filter: 28792371
  ->  Hash  (cost=116127.25..116127.25 rows=95459 width=8) (actual time=1964.855..1964.855 rows=105012 loops=1)
        Buckets: 131072  Batches: 2  Memory Usage: 3073kB
        ->  Hash Join  (cost=76796.18..116127.25 rows=95459 width=8) (actual time=947.125..1929.518 rows=105012 loops=1)
              Hash Cond: (mi_idx.movie_id = t.id)
              ->  Seq Scan on movie_info_idx mi_idx  (cost=0.00..21735.35 rows=1380035 width=4) (actual time=0.027..379.373 rows=1380035 loops=1)
              ->  Hash  (cost=73925.90..73925.90 rows=174902 width=4) (actual time=946.289..946.289 rows=160286 loops=1)
                    Buckets: 131072  Batches: 4  Memory Usage: 2435kB
                    ->  Seq Scan on title t  (cost=0.00..73925.90 rows=174902 width=4) (actual time=228.323..892.439 rows=160286 loops=1)
                          Filter: ((production_year > 2008) AND (kind_id = 1))
                          Rows Removed by Filter: 2368026
Planning time: 0.791 ms
Execution time: 15939.305 ms
