Hash Join  (cost=132186.95..186857.76 rows=530 width=0) (actual time=1386.670..2117.920 rows=464 loops=1)
  Hash Cond: (mc.movie_id = t.id)
  ->  Seq Scan on movie_companies mc  (cost=0.00..44881.29 rows=2609129 width=4) (actual time=0.021..446.025 rows=2609129 loops=1)
  ->  Hash  (cost=132180.54..132180.54 rows=513 width=8) (actual time=1185.597..1185.597 rows=194 loops=1)
        Buckets: 1024  Batches: 1  Memory Usage: 16kB
        ->  Nested Loop  (cost=0.43..132180.54 rows=513 width=8) (actual time=171.278..1185.468 rows=194 loops=1)
              ->  Seq Scan on movie_keyword mk  (cost=0.00..81003.12 rows=7389 width=4) (actual time=0.103..1052.368 rows=9638 loops=1)
                    Filter: (keyword_id = 236)
                    Rows Removed by Filter: 4514292
              ->  Index Scan using title_pkey on title t  (cost=0.43..6.92 rows=1 width=4) (actual time=0.013..0.013 rows=0 loops=9638)
                    Index Cond: (id = mk.movie_id)
                    Filter: ((production_year < 1964) AND (kind_id = 7))
                    Rows Removed by Filter: 1
Planning time: 1.264 ms
Execution time: 2118.148 ms
