Hash Join  (cost=102767.86..260711.26 rows=2786971 width=0) (actual time=2043.898..6236.653 rows=2777706 loops=1)
  Hash Cond: (mk.movie_id = t.id)
  ->  Seq Scan on movie_keyword mk  (cost=0.00..81003.12 rows=2786971 width=4) (actual time=0.017..1662.323 rows=2777706 loops=1)
        Filter: (keyword_id < 7995)
        Rows Removed by Filter: 1746224
  ->  Hash  (cost=61283.27..61283.27 rows=2528527 width=4) (actual time=2041.797..2041.797 rows=2528312 loops=1)
        Buckets: 131072  Batches: 64  Memory Usage: 2425kB
        ->  Seq Scan on title t  (cost=0.00..61283.27 rows=2528527 width=4) (actual time=0.024..1138.713 rows=2528312 loops=1)
Planning time: 0.769 ms
Execution time: 6568.232 ms
