Hash Join  (cost=74045.78..908350.01 rows=38281 width=0) (actual time=4275.387..13803.477 rows=20043 loops=1)
  Hash Cond: (ci.movie_id = t.id)
  ->  Seq Scan on cast_info ci  (cost=0.00..796071.18 rows=10093397 width=4) (actual time=3449.580..11782.915 rows=7245786 loops=1)
        Filter: ((person_id > 1764921) AND (role_id < 3))
        Rows Removed by Filter: 28998558
  ->  Hash  (cost=73925.90..73925.90 rows=9590 width=4) (actual time=824.513..824.513 rows=5862 loops=1)
        Buckets: 16384  Batches: 1  Memory Usage: 335kB
        ->  Seq Scan on title t  (cost=0.00..73925.90 rows=9590 width=4) (actual time=0.040..822.053 rows=5862 loops=1)
              Filter: ((kind_id = 1) AND (production_year = 1996))
              Rows Removed by Filter: 2522450
Planning time: 0.747 ms
Execution time: 13807.705 ms
