Hash Join  (cost=68058.67..434832.15 rows=211755 width=0) (actual time=1122.581..9243.996 rows=209507 loops=1)
  Hash Cond: (mi.movie_id = t.id)
  ->  Seq Scan on movie_info mi  (cost=0.00..309384.22 rows=14739122 width=4) (actual time=0.019..4065.647 rows=14835720 loops=1)
  ->  Hash  (cost=67604.59..67604.59 rows=36327 width=4) (actual time=1121.963..1121.963 rows=36509 loops=1)
        Buckets: 65536  Batches: 1  Memory Usage: 1796kB
        ->  Seq Scan on title t  (cost=0.00..67604.59 rows=36327 width=4) (actual time=0.024..1106.394 rows=36509 loops=1)
              Filter: (production_year = 1996)
              Rows Removed by Filter: 2491803
Planning time: 0.774 ms
Execution time: 9276.117 ms
