Seq Scan on cast_info ci  (cost=0.00..705507.15 rows=14301755 width=0) (actual time=0.045..9683.309 rows=14237950 loops=1)
  Filter: (person_id < 1402051)
  Rows Removed by Filter: 22006394
Planning time: 0.300 ms
Execution time: 11456.461 ms
