Seq Scan on cast_info ci  (cost=0.00..705507.15 rows=26276882 width=0) (actual time=0.022..10064.901 rows=26308796 loops=1)
  Filter: (person_id < 2720304)
  Rows Removed by Filter: 9935548
Planning time: 0.312 ms
Execution time: 13237.665 ms
