Seq Scan on cast_info ci  (cost=0.00..796071.18 rows=12452372 width=0) (actual time=3468.495..13859.668 rows=12670688 loops=1)
  Filter: ((person_id < 3906331) AND (role_id = 1))
  Rows Removed by Filter: 23573656
Planning time: 0.387 ms
Execution time: 15356.135 ms
