Hash Join  (cost=165098.86..917718.13 rows=183017 width=0) (actual time=2657.669..17123.649 rows=2073034 loops=1)
  Hash Cond: (ci.movie_id = t.id)
  ->  Seq Scan on cast_info ci  (cost=0.00..614943.12 rows=36225612 width=4) (actual time=0.032..5837.709 rows=36244344 loops=1)
  ->  Hash  (cost=164939.19..164939.19 rows=12774 width=8) (actual time=2657.206..2657.206 rows=56980 loops=1)
        Buckets: 65536 (originally 16384)  Batches: 1 (originally 1)  Memory Usage: 2738kB
        ->  Hash Join  (cost=74081.57..164939.19 rows=12774 width=8) (actual time=1096.409..2637.840 rows=56980 loops=1)
              Hash Cond: (mk.movie_id = t.id)
              ->  Seq Scan on movie_keyword mk  (cost=0.00..81003.12 rows=2593801 width=4) (actual time=0.020..1230.084 rows=2577402 loops=1)
                    Filter: (keyword_id > 3361)
                    Rows Removed by Filter: 1946528
              ->  Hash  (cost=73925.90..73925.90 rows=12453 width=4) (actual time=959.156..959.156 rows=12434 loops=1)
                    Buckets: 16384  Batches: 1  Memory Usage: 566kB
                    ->  Seq Scan on title t  (cost=0.00..73925.90 rows=12453 width=4) (actual time=0.078..953.866 rows=12434 loops=1)
                          Filter: ((production_year > 0) AND (kind_id = 6))
                          Rows Removed by Filter: 2515878
Planning time: 1.171 ms
Execution time: 17369.130 ms
