Seq Scan on cast_info ci  (cost=0.00..796071.18 rows=2713608 width=0) (actual time=0.022..11589.653 rows=1619565 loops=1)
  Filter: ((person_id < 2525492) AND (role_id = 3))
  Rows Removed by Filter: 34624779
Planning time: 0.373 ms
Execution time: 11776.234 ms
