Hash Join  (cost=796926.52..823837.27 rows=27 width=0) (actual time=8747.125..8810.173 rows=3 loops=1)
  Hash Cond: (mi_idx.movie_id = t.id)
  ->  Seq Scan on movie_info_idx mi_idx  (cost=0.00..21735.35 rows=1380035 width=4) (actual time=0.019..225.805 rows=1380035 loops=1)
  ->  Hash  (cost=796925.89..796925.89 rows=50 width=8) (actual time=8320.847..8320.847 rows=1 loops=1)
        Buckets: 1024  Batches: 1  Memory Usage: 9kB
        ->  Nested Loop  (cost=0.43..796925.89 rows=50 width=8) (actual time=3510.814..8320.833 rows=1 loops=1)
              ->  Seq Scan on cast_info ci  (cost=0.00..796071.18 rows=101 width=4) (actual time=3510.723..8320.738 rows=2 loops=1)
                    Filter: ((person_id = 2536314) AND (role_id = 2))
                    Rows Removed by Filter: 36244342
              ->  Index Scan using title_pkey on title t  (cost=0.43..8.45 rows=1 width=4) (actual time=0.035..0.035 rows=0 loops=2)
                    Index Cond: (id = ci.movie_id)
                    Filter: ((kind_id > 2) AND (production_year < 2009))
                    Rows Removed by Filter: 0
Planning time: 1.239 ms
Execution time: 8810.298 ms
