Nested Loop  (cost=0.43..52283.69 rows=104 width=0) (actual time=2.087..672.333 rows=207 loops=1)
  ->  Seq Scan on movie_companies mc  (cost=0.00..51404.11 rows=104 width=4) (actual time=2.022..664.014 rows=207 loops=1)
        Filter: (company_id = 17072)
        Rows Removed by Filter: 2608922
  ->  Index Only Scan using title_pkey on title t  (cost=0.43..8.45 rows=1 width=4) (actual time=0.038..0.038 rows=1 loops=207)
        Index Cond: (id = mc.movie_id)
        Heap Fetches: 207
Planning time: 0.802 ms
Execution time: 672.494 ms
