Seq Scan on movie_companies mc  (cost=0.00..57926.93 rows=53 width=0) (actual time=147.271..564.765 rows=328 loops=1)
  Filter: ((company_id = 18631) AND (company_type_id = 2))
  Rows Removed by Filter: 2608801
Planning time: 0.377 ms
Execution time: 564.907 ms
