Hash Join  (cost=219817.80..739843.06 rows=3769334 width=0) (actual time=3860.751..20095.639 rows=25185036 loops=1)
  Hash Cond: (mi.movie_id = t.id)
  ->  Seq Scan on movie_info mi  (cost=0.00..309384.22 rows=14739122 width=4) (actual time=0.011..4150.534 rows=14835720 loops=1)
  ->  Hash  (cost=209208.83..209208.83 rows=646637 width=8) (actual time=3859.939..3859.939 rows=648054 loops=1)
        Buckets: 131072  Batches: 16  Memory Usage: 2677kB
        ->  Hash Join  (cost=102767.86..209208.83 rows=646637 width=8) (actual time=1655.183..3659.482 rows=648054 loops=1)
              Hash Cond: (mk.movie_id = t.id)
              ->  Seq Scan on movie_keyword mk  (cost=0.00..81003.12 rows=646637 width=4) (actual time=0.021..1094.857 rows=648054 loops=1)
                    Filter: (keyword_id < 500)
                    Rows Removed by Filter: 3875876
              ->  Hash  (cost=61283.27..61283.27 rows=2528527 width=4) (actual time=1653.953..1653.953 rows=2528312 loops=1)
                    Buckets: 131072  Batches: 64  Memory Usage: 2425kB
                    ->  Seq Scan on title t  (cost=0.00..61283.27 rows=2528527 width=4) (actual time=0.011..786.473 rows=2528312 loops=1)
Planning time: 1.117 ms
Execution time: 22645.577 ms
