Seq Scan on movie_keyword mk  (cost=0.00..81003.12 rows=4456595 width=0) (actual time=0.015..1362.624 rows=4458515 loops=1)
  Filter: (keyword_id < 92900)
  Rows Removed by Filter: 65415
Planning time: 0.321 ms
Execution time: 1938.474 ms
