Hash Join  (cost=89678.24..125589.99 rows=172435 width=0) (actual time=1293.997..2198.371 rows=318009 loops=1)
  Hash Cond: (mi_idx.movie_id = t.id)
  ->  Seq Scan on movie_info_idx mi_idx  (cost=0.00..25185.44 rows=454124 width=4) (actual time=0.028..429.773 rows=459925 loops=1)
        Filter: (info_type_id = 100)
        Rows Removed by Filter: 920110
  ->  Hash  (cost=73925.90..73925.90 rows=960107 width=4) (actual time=1293.293..1293.293 rows=977778 loops=1)
        Buckets: 131072  Batches: 16  Memory Usage: 3172kB
        ->  Seq Scan on title t  (cost=0.00..73925.90 rows=960107 width=4) (actual time=0.023..977.038 rows=977778 loops=1)
              Filter: ((kind_id < 7) AND (production_year > 0))
              Rows Removed by Filter: 1550534
Planning time: 0.798 ms
Execution time: 2231.799 ms
