Hash Join  (cost=73930.12..128599.12 rows=348 width=0) (actual time=661.844..1441.884 rows=1191 loops=1)
  Hash Cond: (mc.movie_id = t.id)
  ->  Seq Scan on movie_companies mc  (cost=0.00..44881.29 rows=2609129 width=4) (actual time=0.017..358.020 rows=2609129 loops=1)
  ->  Hash  (cost=73925.90..73925.90 rows=337 width=4) (actual time=661.363..661.363 rows=890 loops=1)
        Buckets: 1024  Batches: 1  Memory Usage: 40kB
        ->  Seq Scan on title t  (cost=0.00..73925.90 rows=337 width=4) (actual time=412.063..660.952 rows=890 loops=1)
              Filter: ((kind_id = 4) AND (production_year = 1988))
              Rows Removed by Filter: 2527422
Planning time: 0.768 ms
Execution time: 1442.157 ms
