Hash Join  (cost=89762.59..546601.46 rows=3328218 width=0) (actual time=2534.661..9448.404 rows=3667611 loops=1)
  Hash Cond: (mi.movie_id = t.id)
  ->  Seq Scan on movie_info mi  (cost=0.00..346232.03 rows=6231111 width=4) (actual time=1237.777..4489.490 rows=6223494 loops=1)
        Filter: (info_type_id > 8)
        Rows Removed by Filter: 8612226
  ->  Hash  (cost=67604.59..67604.59 rows=1350560 width=4) (actual time=1294.589..1294.589 rows=1348293 loops=1)
        Buckets: 131072  Batches: 32  Memory Usage: 2514kB
        ->  Seq Scan on title t  (cost=0.00..67604.59 rows=1350560 width=4) (actual time=0.019..901.474 rows=1348293 loops=1)
              Filter: (production_year < 2005)
              Rows Removed by Filter: 1180019
Planning time: 0.774 ms
Execution time: 9786.252 ms
