Seq Scan on movie_keyword mk  (cost=0.00..81003.12 rows=1474186 width=0) (actual time=0.024..1139.541 rows=1486653 loops=1)
  Filter: (keyword_id > 10990)
  Rows Removed by Filter: 3037277
Planning time: 0.295 ms
Execution time: 1323.486 ms
