Hash Join  (cost=94699.36..190136.70 rows=6153 width=0) (actual time=1000.727..2835.389 rows=44627 loops=1)
  Hash Cond: (mk.movie_id = t.id)
  ->  Seq Scan on movie_keyword mk  (cost=0.00..81003.12 rows=3832715 width=4) (actual time=0.014..1267.746 rows=3826962 loops=1)
        Filter: (keyword_id < 27057)
        Rows Removed by Filter: 696968
  ->  Hash  (cost=94648.62..94648.62 rows=4059 width=8) (actual time=1000.480..1000.480 rows=5284 loops=1)
        Buckets: 8192 (originally 4096)  Batches: 1 (originally 1)  Memory Usage: 271kB
        ->  Hash Join  (cost=67697.55..94648.62 rows=4059 width=8) (actual time=714.705..999.186 rows=5284 loops=1)
              Hash Cond: (mi_idx.movie_id = t.id)
              ->  Seq Scan on movie_info_idx mi_idx  (cost=0.00..21735.35 rows=1380035 width=4) (actual time=0.012..126.623 rows=1380035 loops=1)
              ->  Hash  (cost=67604.59..67604.59 rows=7437 width=4) (actual time=709.849..709.849 rows=8007 loops=1)
                    Buckets: 8192  Batches: 1  Memory Usage: 346kB
                    ->  Seq Scan on title t  (cost=0.00..67604.59 rows=7437 width=4) (actual time=0.287..706.050 rows=8007 loops=1)
                          Filter: (production_year = 1955)
                          Rows Removed by Filter: 2520305
Planning time: 0.812 ms
Execution time: 2841.350 ms
