Seq Scan on title t  (cost=0.00..73925.90 rows=7855 width=0) (actual time=423.343..839.811 rows=5336 loops=1)
  Filter: ((kind_id < 2) AND (production_year = 1994))
  Rows Removed by Filter: 2522976
Planning time: 0.375 ms
Execution time: 841.091 ms
