Hash Join  (cost=928172.89..1672054.88 rows=373706 width=211) (actual time=19040.164..34460.769 rows=971279 loops=1)
  Hash Cond: (mi.movie_id = t.id)
  ->  Seq Scan on movie_info mi  (cost=0.00..309384.22 rows=14739122 width=75) (actual time=0.019..6926.379 rows=14835720 loops=1)
  ->  Hash  (cost=926118.52..926118.52 rows=64110 width=136) (actual time=19039.653..19039.653 rows=84368 loops=1)
        Buckets: 32768  Batches: 4  Memory Usage: 3167kB
        ->  Hash Join  (cost=69186.59..926118.52 rows=64110 width=136) (actual time=1662.439..18704.119 rows=84368 loops=1)
              Hash Cond: (ci.movie_id = t.id)
              ->  Seq Scan on cast_info ci  (cost=0.00..796071.18 rows=2783373 width=42) (actual time=234.459..15818.684 rows=3351841 loops=1)
                    Filter: ((person_id > 2267983) AND (role_id = 2))
                    Rows Removed by Filter: 32892503
              ->  Hash  (cost=67604.59..67604.59 rows=58240 width=94) (actual time=1427.698..1427.698 rows=58590 loops=1)
                    Buckets: 32768  Batches: 2  Memory Usage: 3509kB
                    ->  Seq Scan on title t  (cost=0.00..67604.59 rows=58240 width=94) (actual time=0.021..1399.024 rows=58590 loops=1)
                          Filter: (production_year = 2001)
                          Rows Removed by Filter: 2469722
Planning time: 0.959 ms
Execution time: 34513.935 ms
