Seq Scan on movie_keyword mk  (cost=0.00..81003.12 rows=2460976 width=0) (actual time=0.025..1443.424 rows=2458573 loops=1)
  Filter: (keyword_id < 5893)
  Rows Removed by Filter: 2065357
Planning time: 0.283 ms
Execution time: 1754.919 ms
