Nested Loop  (cost=0.43..83071.67 rows=246 width=0) (actual time=0.081..1096.065 rows=2237 loops=1)
  ->  Seq Scan on movie_keyword mk  (cost=0.00..81003.12 rows=246 width=4) (actual time=0.033..1030.867 rows=2237 loops=1)
        Filter: (keyword_id = 1941)
        Rows Removed by Filter: 4521693
  ->  Index Only Scan using title_pkey on title t  (cost=0.43..8.40 rows=1 width=4) (actual time=0.028..0.028 rows=1 loops=2237)
        Index Cond: (id = mk.movie_id)
        Heap Fetches: 2237
Planning time: 0.692 ms
Execution time: 1096.902 ms
