Hash Join  (cost=190230.21..1119702.00 rows=4104815 width=0) (actual time=4245.769..30455.936 rows=14406374 loops=1)
  Hash Cond: (ci.movie_id = t.id)
  ->  Seq Scan on cast_info ci  (cost=0.00..796071.18 rows=7520922 width=4) (actual time=0.025..15542.621 rows=12670688 loops=1)
        Filter: ((person_id < 2150421) AND (role_id < 2))
        Rows Removed by Filter: 23573656
  ->  Hash  (cost=167588.78..167588.78 rows=1380035 width=8) (actual time=4244.163..4244.163 rows=1380035 loops=1)
        Buckets: 131072  Batches: 32  Memory Usage: 2708kB
        ->  Hash Join  (cost=102767.86..167588.78 rows=1380035 width=8) (actual time=2001.374..3880.347 rows=1380035 loops=1)
              Hash Cond: (mi_idx.movie_id = t.id)
              ->  Seq Scan on movie_info_idx mi_idx  (cost=0.00..21735.35 rows=1380035 width=4) (actual time=0.019..459.372 rows=1380035 loops=1)
              ->  Hash  (cost=61283.27..61283.27 rows=2528527 width=4) (actual time=2000.193..2000.193 rows=2528312 loops=1)
                    Buckets: 131072  Batches: 64  Memory Usage: 2415kB
                    ->  Seq Scan on title t  (cost=0.00..61283.27 rows=2528527 width=4) (actual time=0.023..1141.280 rows=2528312 loops=1)
Planning time: 1.214 ms
Execution time: 32172.959 ms
