Nested Loop  (cost=0.43..709673.15 rows=286 width=0) (actual time=1523.556..10003.607 rows=23 loops=1)
  ->  Seq Scan on cast_info ci  (cost=0.00..705507.15 rows=500 width=4) (actual time=1523.398..10000.291 rows=120 loops=1)
        Filter: (person_id = 3393737)
        Rows Removed by Filter: 36244224
  ->  Index Scan using title_pkey on title t  (cost=0.43..8.32 rows=1 width=4) (actual time=0.026..0.026 rows=0 loops=120)
        Index Cond: (id = ci.movie_id)
        Filter: (production_year < 2006)
        Rows Removed by Filter: 1
Planning time: 2.350 ms
Execution time: 10003.703 ms
