Seq Scan on cast_info ci  (cost=0.00..705507.15 rows=32981041 width=0) (actual time=0.024..12491.376 rows=32969188 loops=1)
  Filter: (person_id < 3458669)
  Rows Removed by Filter: 3275156
Planning time: 0.496 ms
Execution time: 16619.483 ms
