Hash Join  (cost=100216.43..164790.57 rows=228626 width=0) (actual time=1819.582..3298.618 rows=272352 loops=1)
  Hash Cond: (mc.movie_id = t.id)
  ->  Seq Scan on movie_companies mc  (cost=0.00..51404.11 rows=360753 width=4) (actual time=0.024..908.253 rows=358065 loops=1)
        Filter: (company_id < 181)
        Rows Removed by Filter: 2251064
  ->  Hash  (cost=73925.90..73925.90 rows=1602442 width=4) (actual time=1818.227..1818.227 rows=1717159 loops=1)
        Buckets: 131072  Batches: 32  Memory Usage: 2915kB
        ->  Seq Scan on title t  (cost=0.00..73925.90 rows=1602442 width=4) (actual time=0.019..1284.142 rows=1717159 loops=1)
              Filter: ((kind_id > 1) AND (production_year > 1963))
              Rows Removed by Filter: 811153
Planning time: 0.677 ms
Execution time: 3332.875 ms
