Hash Join  (cost=74071.18..100980.45 rows=2087 width=0) (actual time=1035.958..1553.589 rows=4737 loops=1)
  Hash Cond: (mi_idx.movie_id = t.id)
  ->  Seq Scan on movie_info_idx mi_idx  (cost=0.00..25185.44 rows=454124 width=4) (actual time=0.015..415.234 rows=459925 loops=1)
        Filter: (info_type_id = 100)
        Rows Removed by Filter: 920110
  ->  Hash  (cost=73925.90..73925.90 rows=11622 width=4) (actual time=1035.769..1035.769 rows=11141 loops=1)
        Buckets: 16384  Batches: 1  Memory Usage: 520kB
        ->  Seq Scan on title t  (cost=0.00..73925.90 rows=11622 width=4) (actual time=3.835..1030.610 rows=11141 loops=1)
              Filter: ((kind_id < 7) AND (production_year = 1994))
              Rows Removed by Filter: 2517171
Planning time: 0.746 ms
Execution time: 1554.616 ms
