Seq Scan on movie_keyword mk  (cost=0.00..81003.12 rows=1336547 width=0) (actual time=0.022..1237.293 rows=1348531 loops=1)
  Filter: (keyword_id > 12582)
  Rows Removed by Filter: 3175399
Planning time: 0.295 ms
Execution time: 1408.308 ms
