Hash Join  (cost=125875.28..1033943.68 rows=1435636 width=0) (actual time=2628.419..24805.968 rows=5401319 loops=1)
  Hash Cond: (ci.movie_id = t.id)
  ->  Seq Scan on cast_info ci  (cost=0.00..705507.15 rows=16201301 width=4) (actual time=0.021..13487.902 rows=16121683 loops=1)
        Filter: (role_id > 2)
        Rows Removed by Filter: 20122661
  ->  Hash  (cost=122198.54..122198.54 rows=224059 width=8) (actual time=2627.596..2627.596 rows=478281 loops=1)
        Buckets: 131072 (originally 131072)  Batches: 8 (originally 4)  Memory Usage: 3374kB
        ->  Hash Join  (cost=80661.47..122198.54 rows=224059 width=8) (actual time=1465.716..2489.122 rows=478281 loops=1)
              Hash Cond: (mi_idx.movie_id = t.id)
              ->  Seq Scan on movie_info_idx mi_idx  (cost=0.00..21735.35 rows=1380035 width=4) (actual time=0.016..442.898 rows=1380035 loops=1)
              ->  Hash  (cost=73925.90..73925.90 rows=410525 width=4) (actual time=1239.383..1239.383 rows=456146 loops=1)
                    Buckets: 131072  Batches: 8  Memory Usage: 3040kB
                    ->  Seq Scan on title t  (cost=0.00..73925.90 rows=410525 width=4) (actual time=0.019..1091.310 rows=456146 loops=1)
                          Filter: ((production_year < 2007) AND (kind_id = 1))
                          Rows Removed by Filter: 2072166
Planning time: 1.110 ms
Execution time: 25457.422 ms
