Hash Join  (cost=73994.33..160750.31 rows=9794 width=0) (actual time=1102.254..2578.928 rows=6084 loops=1)
  Hash Cond: (mk.movie_id = t.id)
  ->  Seq Scan on movie_keyword mk  (cost=0.00..69693.30 rows=4523930 width=4) (actual time=0.047..763.182 rows=4523930 loops=1)
  ->  Hash  (cost=73925.90..73925.90 rows=5474 width=4) (actual time=1098.264..1098.264 rows=10394 loops=1)
        Buckets: 16384 (originally 8192)  Batches: 1 (originally 1)  Memory Usage: 494kB
        ->  Seq Scan on title t  (cost=0.00..73925.90 rows=5474 width=4) (actual time=0.179..1093.131 rows=10394 loops=1)
              Filter: ((kind_id > 1) AND (production_year = 1970))
              Rows Removed by Filter: 2517918
Planning time: 0.712 ms
Execution time: 2580.050 ms
