Hash Join  (cost=102767.86..297447.13 rows=4313609 width=0) (actual time=1775.614..6947.503 rows=4298306 loops=1)
  Hash Cond: (mk.movie_id = t.id)
  ->  Seq Scan on movie_keyword mk  (cost=0.00..81003.12 rows=4313609 width=4) (actual time=0.024..1672.698 rows=4298306 loops=1)
        Filter: (keyword_id > 178)
        Rows Removed by Filter: 225624
  ->  Hash  (cost=61283.27..61283.27 rows=2528527 width=4) (actual time=1774.571..1774.571 rows=2528312 loops=1)
        Buckets: 131072  Batches: 64  Memory Usage: 2425kB
        ->  Seq Scan on title t  (cost=0.00..61283.27 rows=2528527 width=4) (actual time=0.016..886.206 rows=2528312 loops=1)
Planning time: 0.708 ms
Execution time: 7443.049 ms
