Hash Join  (cost=80220.64..162897.31 rows=345375 width=0) (actual time=1176.366..3082.988 rows=138308 loops=1)
  Hash Cond: (mc.movie_id = t.id)
  ->  Seq Scan on movie_companies mc  (cost=0.00..51404.11 rows=2276215 width=4) (actual time=0.023..970.502 rows=2280116 loops=1)
        Filter: (company_id > 160)
        Rows Removed by Filter: 329013
  ->  Hash  (cost=73925.90..73925.90 rows=383659 width=4) (actual time=1072.636..1072.636 rows=265354 loops=1)
        Buckets: 131072  Batches: 8  Memory Usage: 2178kB
        ->  Seq Scan on title t  (cost=0.00..73925.90 rows=383659 width=4) (actual time=0.019..985.994 rows=265354 loops=1)
              Filter: ((production_year < 1987) AND (kind_id = 7))
              Rows Removed by Filter: 2262958
Planning time: 0.744 ms
Execution time: 3100.008 ms
