Seq Scan on movie_keyword mk  (cost=0.00..81003.12 rows=246 width=0) (actual time=3.077..748.675 rows=639 loops=1)
  Filter: (keyword_id = 2799)
  Rows Removed by Filter: 4523291
Planning time: 0.327 ms
Execution time: 748.987 ms
