Hash Join  (cost=89678.24..218710.53 rows=1094597 width=0) (actual time=2010.180..5496.921 rows=2479398 loops=1)
  Hash Cond: (mk.movie_id = t.id)
  ->  Seq Scan on movie_keyword mk  (cost=0.00..81003.12 rows=2882719 width=4) (actual time=0.020..1424.363 rows=2873905 loops=1)
        Filter: (keyword_id < 8902)
        Rows Removed by Filter: 1650025
  ->  Hash  (cost=73925.90..73925.90 rows=960107 width=4) (actual time=2009.354..2009.354 rows=977778 loops=1)
        Buckets: 131072  Batches: 16  Memory Usage: 3181kB
        ->  Seq Scan on title t  (cost=0.00..73925.90 rows=960107 width=4) (actual time=0.024..1109.509 rows=977778 loops=1)
              Filter: ((kind_id < 7) AND (production_year > 0))
              Rows Removed by Filter: 1550534
Planning time: 0.702 ms
Execution time: 5802.960 ms
