Hash Join  (cost=287355.74..873980.36 rows=9701865 width=0) (actual time=8299.777..39953.872 rows=84953448 loops=1)
  Hash Cond: (mi.movie_id = t.id)
  ->  Seq Scan on movie_info mi  (cost=0.00..346232.03 rows=9476311 width=4) (actual time=569.822..6005.815 rows=9565151 loops=1)
        Filter: (info_type_id < 16)
        Rows Removed by Filter: 5270569
  ->  Hash  (cost=244883.85..244883.85 rows=2588711 width=8) (actual time=7728.607..7728.607 rows=3246881 loops=1)
        Buckets: 131072  Batches: 64  Memory Usage: 3071kB
        ->  Hash Join  (cost=91342.70..244883.85 rows=2588711 width=8) (actual time=1581.907..6624.279 rows=3246881 loops=1)
              Hash Cond: (mk.movie_id = t.id)
              ->  Seq Scan on movie_keyword mk  (cost=0.00..69693.30 rows=4523930 width=4) (actual time=0.027..1258.553 rows=4523930 loops=1)
              ->  Hash  (cost=67604.59..67604.59 rows=1446889 width=4) (actual time=1580.378..1580.378 rows=1443298 loops=1)
                    Buckets: 131072  Batches: 32  Memory Usage: 2616kB
                    ->  Seq Scan on title t  (cost=0.00..67604.59 rows=1446889 width=4) (actual time=0.029..1103.043 rows=1443298 loops=1)
                          Filter: (production_year < 2006)
                          Rows Removed by Filter: 1085014
Planning time: 3.314 ms
Execution time: 49658.549 ms
