Seq Scan on movie_keyword mk  (cost=0.00..81003.12 rows=246 width=0) (actual time=0.946..1119.804 rows=2415 loops=1)
  Filter: (keyword_id = 7634)
  Rows Removed by Filter: 4521515
Planning time: 0.300 ms
Execution time: 1120.478 ms
