Hash Join  (cost=102767.86..925334.56 rows=690555 width=0) (actual time=2118.807..11384.504 rows=251207 loops=1)
  Hash Cond: (ci.movie_id = t.id)
  ->  Seq Scan on cast_info ci  (cost=0.00..796071.18 rows=690555 width=4) (actual time=370.599..8751.540 rows=251207 loops=1)
        Filter: ((person_id < 97692) AND (role_id > 1))
        Rows Removed by Filter: 35993137
  ->  Hash  (cost=61283.27..61283.27 rows=2528527 width=4) (actual time=1746.668..1746.668 rows=2528312 loops=1)
        Buckets: 131072  Batches: 64  Memory Usage: 2415kB
        ->  Seq Scan on title t  (cost=0.00..61283.27 rows=2528527 width=4) (actual time=0.026..874.896 rows=2528312 loops=1)
Planning time: 0.720 ms
Execution time: 11415.000 ms
