Hash Join  (cost=129657.98..496110.04 rows=179613 width=0) (actual time=2193.540..10351.905 rows=2092767 loops=1)
  Hash Cond: (mi.movie_id = t.id)
  ->  Seq Scan on movie_info mi  (cost=0.00..309384.22 rows=14739122 width=4) (actual time=0.015..3928.368 rows=14835720 loops=1)
  ->  Hash  (cost=129272.82..129272.82 rows=30813 width=8) (actual time=2193.277..2193.277 rows=39710 loops=1)
        Buckets: 65536 (originally 32768)  Batches: 1 (originally 1)  Memory Usage: 2064kB
        ->  Hash Join  (cost=74299.17..129272.82 rows=30813 width=8) (actual time=956.510..2175.867 rows=39710 loops=1)
              Hash Cond: (mc.movie_id = t.id)
              ->  Seq Scan on movie_companies mc  (cost=0.00..44881.29 rows=2609129 width=4) (actual time=0.018..616.055 rows=2609129 loops=1)
              ->  Hash  (cost=73925.90..73925.90 rows=29861 width=4) (actual time=956.163..956.163 rows=17772 loops=1)
                    Buckets: 32768  Batches: 1  Memory Usage: 881kB
                    ->  Seq Scan on title t  (cost=0.00..73925.90 rows=29861 width=4) (actual time=0.024..948.588 rows=17772 loops=1)
                          Filter: ((kind_id = 1) AND (production_year = 2007))
                          Rows Removed by Filter: 2510540
Planning time: 1.105 ms
Execution time: 10620.464 ms
