Hash Join  (cost=103768.67..196704.94 rows=50885 width=0) (actual time=1941.249..4059.393 rows=376256 loops=1)
  Hash Cond: (mk.movie_id = t.id)
  ->  Seq Scan on movie_keyword mk  (cost=0.00..81003.12 rows=3046479 width=4) (actual time=0.013..1529.108 rows=3030804 loops=1)
        Filter: (keyword_id > 2134)
        Rows Removed by Filter: 1493126
  ->  Hash  (cost=103240.74..103240.74 rows=42234 width=8) (actual time=1940.817..1940.817 rows=41959 loops=1)
        Buckets: 65536  Batches: 1  Memory Usage: 2152kB
        ->  Hash Join  (cost=71463.00..103240.74 rows=42234 width=8) (actual time=1178.415..1924.992 rows=41959 loops=1)
              Hash Cond: (mi_idx.movie_id = t.id)
              ->  Seq Scan on movie_info_idx mi_idx  (cost=0.00..25185.44 rows=454124 width=4) (actual time=0.026..501.545 rows=459925 loops=1)
                    Filter: (info_type_id = 100)
                    Rows Removed by Filter: 920110
              ->  Hash  (cost=67604.59..67604.59 rows=235153 width=4) (actual time=1177.358..1177.358 rows=230883 loops=1)
                    Buckets: 131072  Batches: 4  Memory Usage: 3052kB
                    ->  Seq Scan on title t  (cost=0.00..67604.59 rows=235153 width=4) (actual time=0.052..1094.727 rows=230883 loops=1)
                          Filter: (production_year < 1959)
                          Rows Removed by Filter: 2297429
Planning time: 1.187 ms
Execution time: 4109.567 ms
