Hash Join  (cost=52284.99..138944.89 rows=186 width=0) (actual time=783.815..2409.125 rows=88839 loops=1)
  Hash Cond: (mk.movie_id = t.id)
  ->  Seq Scan on movie_keyword mk  (cost=0.00..69693.30 rows=4523930 width=4) (actual time=0.022..812.843 rows=4523930 loops=1)
  ->  Hash  (cost=52283.69..52283.69 rows=104 width=8) (actual time=783.644..783.644 rows=1826 loops=1)
        Buckets: 2048 (originally 1024)  Batches: 1 (originally 1)  Memory Usage: 88kB
        ->  Nested Loop  (cost=0.43..52283.69 rows=104 width=8) (actual time=0.416..782.572 rows=1826 loops=1)
              ->  Seq Scan on movie_companies mc  (cost=0.00..51404.11 rows=104 width=4) (actual time=0.360..723.246 rows=1826 loops=1)
                    Filter: (company_id = 595)
                    Rows Removed by Filter: 2607303
              ->  Index Only Scan using title_pkey on title t  (cost=0.43..8.45 rows=1 width=4) (actual time=0.031..0.032 rows=1 loops=1826)
                    Index Cond: (id = mc.movie_id)
                    Heap Fetches: 1826
Planning time: 1.120 ms
Execution time: 2420.345 ms
