Hash Join  (cost=68449.54..165443.68 rows=106412 width=0) (actual time=967.983..2369.516 rows=130559 loops=1)
  Hash Cond: (mk.movie_id = t.id)
  ->  Seq Scan on movie_keyword mk  (cost=0.00..81003.12 rows=3980505 width=4) (actual time=0.024..931.884 rows=3984485 loops=1)
        Filter: (keyword_id < 34066)
        Rows Removed by Filter: 539445
  ->  Hash  (cost=67604.59..67604.59 rows=67596 width=4) (actual time=966.969..966.969 rows=67777 loops=1)
        Buckets: 131072  Batches: 1  Memory Usage: 3407kB
        ->  Seq Scan on title t  (cost=0.00..67604.59 rows=67596 width=4) (actual time=0.048..939.069 rows=67777 loops=1)
              Filter: (production_year = 2003)
              Rows Removed by Filter: 2460535
Planning time: 1.996 ms
Execution time: 2381.700 ms
