Seq Scan on movie_keyword mk  (cost=0.00..81003.12 rows=246 width=0) (actual time=6.682..1125.122 rows=336 loops=1)
  Filter: (keyword_id = 6438)
  Rows Removed by Filter: 4523594
Planning time: 0.365 ms
Execution time: 1125.380 ms
