Hash Join  (cost=101661.22..162323.91 rows=5143 width=0) (actual time=1696.071..2647.131 rows=13331 loops=1)
  Hash Cond: (mc.movie_id = t.id)
  ->  Seq Scan on movie_companies mc  (cost=0.00..57926.93 rows=715821 width=4) (actual time=43.691..889.458 rows=449255 loops=1)
        Filter: ((company_id < 12111) AND (company_type_id = 2))
        Rows Removed by Filter: 2159874
  ->  Hash  (cost=101434.13..101434.13 rows=18167 width=8) (actual time=1652.083..1652.083 rows=35988 loops=1)
        Buckets: 65536 (originally 32768)  Batches: 1 (originally 1)  Memory Usage: 1918kB
        ->  Hash Join  (cost=74341.98..101434.13 rows=18167 width=8) (actual time=1037.066..1639.108 rows=35988 loops=1)
              Hash Cond: (mi_idx.movie_id = t.id)
              ->  Seq Scan on movie_info_idx mi_idx  (cost=0.00..21735.35 rows=1380035 width=4) (actual time=0.022..284.710 rows=1380035 loops=1)
              ->  Hash  (cost=73925.90..73925.90 rows=33286 width=4) (actual time=1036.711..1036.711 rows=28113 loops=1)
                    Buckets: 65536  Batches: 1  Memory Usage: 1501kB
                    ->  Seq Scan on title t  (cost=0.00..73925.90 rows=33286 width=4) (actual time=0.258..1025.092 rows=28113 loops=1)
                          Filter: ((kind_id < 7) AND (production_year = 2004))
                          Rows Removed by Filter: 2500199
Planning time: 2.210 ms
Execution time: 2649.344 ms
