Hash Join  (cost=77838.49..109771.88 rows=43845 width=0) (actual time=1347.085..1928.162 rows=50566 loops=1)
  Hash Cond: (mi_idx.movie_id = t.id)
  ->  Seq Scan on movie_info_idx mi_idx  (cost=0.00..25185.44 rows=464934 width=4) (actual time=0.016..474.630 rows=460185 loops=1)
        Filter: (info_type_id > 100)
        Rows Removed by Filter: 919850
  ->  Hash  (cost=73925.90..73925.90 rows=238447 width=4) (actual time=1200.717..1200.717 rows=200165 loops=1)
        Buckets: 131072  Batches: 4  Memory Usage: 2784kB
        ->  Seq Scan on title t  (cost=0.00..73925.90 rows=238447 width=4) (actual time=0.014..1136.450 rows=200165 loops=1)
              Filter: ((production_year > 2006) AND (kind_id = 1))
              Rows Removed by Filter: 2328147
Planning time: 0.787 ms
Execution time: 1934.855 ms
