Seq Scan on movie_companies mc  (cost=0.00..51404.11 rows=104 width=0) (actual time=595.300..712.795 rows=55 loops=1)
  Filter: (company_id = 5507)
  Rows Removed by Filter: 2609074
Planning time: 0.381 ms
Execution time: 712.870 ms
