Hash Join  (cost=128064.45..214793.64 rows=7115 width=0) (actual time=1967.591..3847.403 rows=133398 loops=1)
  Hash Cond: (mk.movie_id = t.id)
  ->  Seq Scan on movie_keyword mk  (cost=0.00..69693.30 rows=4523930 width=4) (actual time=0.022..1061.639 rows=4523930 loops=1)
  ->  Hash  (cost=128014.74..128014.74 rows=3977 width=8) (actual time=1966.114..1966.114 rows=2233 loops=1)
        Buckets: 4096  Batches: 1  Memory Usage: 120kB
        ->  Hash Join  (cost=74118.09..128014.74 rows=3977 width=8) (actual time=931.922..1964.962 rows=2233 loops=1)
              Hash Cond: (mc.movie_id = t.id)
              ->  Seq Scan on movie_companies mc  (cost=0.00..51404.11 rows=654070 width=4) (actual time=0.013..898.454 rows=645660 loops=1)
                    Filter: (company_id < 865)
                    Rows Removed by Filter: 1963469
              ->  Hash  (cost=73925.90..73925.90 rows=15375 width=4) (actual time=931.802..931.802 rows=8740 loops=1)
                    Buckets: 16384  Batches: 1  Memory Usage: 436kB
                    ->  Seq Scan on title t  (cost=0.00..73925.90 rows=15375 width=4) (actual time=500.278..928.128 rows=8740 loops=1)
                          Filter: ((kind_id = 1) AND (production_year = 2001))
                          Rows Removed by Filter: 2519572
Planning time: 1.100 ms
Execution time: 3863.961 ms
