Seq Scan on movie_keyword mk  (cost=0.00..81003.12 rows=246 width=0) (actual time=0.019..1134.127 rows=1546 loops=1)
  Filter: (keyword_id = 3573)
  Rows Removed by Filter: 4522384
Planning time: 0.337 ms
Execution time: 1134.732 ms
