Seq Scan on cast_info ci  (cost=0.00..796071.18 rows=23318118 width=0) (actual time=0.021..17141.648 rows=23266827 loops=1)
  Filter: ((person_id < 4005964) AND (role_id > 1))
  Rows Removed by Filter: 12977517
Planning time: 0.307 ms
Execution time: 20060.662 ms
