Seq Scan on cast_info ci  (cost=0.00..796071.18 rows=404783 width=0) (actual time=6434.926..10649.803 rows=764472 loops=1)
  Filter: ((person_id < 107061) AND (role_id = 1))
  Rows Removed by Filter: 35479872
Planning time: 0.459 ms
Execution time: 10711.252 ms
