Hash Join  (cost=52284.53..79195.15 rows=14 width=0) (actual time=1093.280..1327.648 rows=18 loops=1)
  Hash Cond: (mi_idx.movie_id = t.id)
  ->  Seq Scan on movie_info_idx mi_idx  (cost=0.00..21735.35 rows=1380035 width=4) (actual time=0.025..291.251 rows=1380035 loops=1)
  ->  Hash  (cost=52284.21..52284.21 rows=25 width=8) (actual time=779.995..779.995 rows=572 loops=1)
        Buckets: 1024  Batches: 1  Memory Usage: 31kB
        ->  Nested Loop  (cost=0.43..52284.21 rows=25 width=8) (actual time=229.787..779.721 rows=572 loops=1)
              ->  Seq Scan on movie_companies mc  (cost=0.00..51404.11 rows=104 width=4) (actual time=1.405..747.165 rows=1271 loops=1)
                    Filter: (company_id = 169)
                    Rows Removed by Filter: 2607858
              ->  Index Scan using title_pkey on title t  (cost=0.43..8.45 rows=1 width=4) (actual time=0.025..0.025 rows=0 loops=1271)
                    Index Cond: (id = mc.movie_id)
                    Filter: ((production_year > 2005) AND (kind_id = 7))
                    Rows Removed by Filter: 1
Planning time: 2.478 ms
Execution time: 1327.768 ms
