Hash Join  (cost=233478.24..730008.93 rows=3688350 width=0) (actual time=4727.564..20850.543 rows=25663987 loops=1)
  Hash Cond: (mi.movie_id = t.id)
  ->  Seq Scan on movie_info mi  (cost=0.00..346232.03 rows=9476311 width=4) (actual time=119.212..5925.609 rows=9565151 loops=1)
        Filter: (info_type_id < 16)
        Rows Removed by Filter: 5270569
  ->  Hash  (cost=217331.39..217331.39 rows=984148 width=8) (actual time=4599.311..4599.311 rows=993013 loops=1)
        Buckets: 131072  Batches: 16  Memory Usage: 3582kB
        ->  Hash Join  (cost=102767.86..217331.39 rows=984148 width=8) (actual time=1803.547..4343.708 rows=993013 loops=1)
              Hash Cond: (mk.movie_id = t.id)
              ->  Seq Scan on movie_keyword mk  (cost=0.00..81003.12 rows=984148 width=4) (actual time=0.034..1443.665 rows=993013 loops=1)
                    Filter: (keyword_id > 18628)
                    Rows Removed by Filter: 3530917
              ->  Hash  (cost=61283.27..61283.27 rows=2528527 width=4) (actual time=1801.777..1801.777 rows=2528312 loops=1)
                    Buckets: 131072  Batches: 64  Memory Usage: 2425kB
                    ->  Seq Scan on title t  (cost=0.00..61283.27 rows=2528527 width=4) (actual time=0.017..944.099 rows=2528312 loops=1)
Planning time: 1.140 ms
Execution time: 23580.275 ms
