Seq Scan on movie_companies mc  (cost=0.00..57926.93 rows=1749 width=0) (actual time=0.057..658.945 rows=2290 loops=1)
  Filter: ((company_id = 69) AND (company_type_id = 1))
  Rows Removed by Filter: 2606839
Planning time: 0.389 ms
Execution time: 659.431 ms
