Nested Loop  (cost=0.43..83072.90 rows=1 width=0) (actual time=48.119..1209.524 rows=1 loops=1)
  ->  Seq Scan on movie_keyword mk  (cost=0.00..81003.12 rows=246 width=4) (actual time=0.382..1189.451 rows=770 loops=1)
        Filter: (keyword_id = 3397)
        Rows Removed by Filter: 4523160
  ->  Index Scan using title_pkey on title t  (cost=0.43..8.40 rows=1 width=4) (actual time=0.025..0.025 rows=0 loops=770)
        Index Cond: (id = mk.movie_id)
        Filter: ((kind_id > 1) AND (production_year = 1949))
        Rows Removed by Filter: 1
Planning time: 3.367 ms
Execution time: 1209.623 ms
