Hash Join  (cost=102767.86..179416.88 rows=367513 width=0) (actual time=2014.864..3702.970 rows=682551 loops=1)
  Hash Cond: (mc.movie_id = t.id)
  ->  Seq Scan on movie_companies mc  (cost=0.00..57926.93 rows=367513 width=4) (actual time=146.197..889.166 rows=682551 loops=1)
        Filter: ((company_id > 41434) AND (company_type_id > 1))
        Rows Removed by Filter: 1926578
  ->  Hash  (cost=61283.27..61283.27 rows=2528527 width=4) (actual time=1867.336..1867.336 rows=2528312 loops=1)
        Buckets: 131072  Batches: 64  Memory Usage: 2415kB
        ->  Seq Scan on title t  (cost=0.00..61283.27 rows=2528527 width=4) (actual time=0.028..830.917 rows=2528312 loops=1)
Planning time: 0.665 ms
Execution time: 3783.567 ms
