Seq Scan on movie_keyword mk  (cost=0.00..81003.12 rows=1356192 width=0) (actual time=0.028..1293.018 rows=1373082 loops=1)
  Filter: (keyword_id < 1809)
  Rows Removed by Filter: 3150848
Planning time: 0.359 ms
Execution time: 1470.055 ms
