Seq Scan on cast_info ci  (cost=0.00..796071.18 rows=14971500 width=0) (actual time=0.016..12966.852 rows=13256161 loops=1)
  Filter: ((person_id > 1340525) AND (role_id < 4))
  Rows Removed by Filter: 22988183
Planning time: 0.764 ms
Execution time: 14446.752 ms
