Hash Join  (cost=174865.45..256240.65 rows=629226 width=0) (actual time=3535.911..6063.640 rows=1892278 loops=1)
  Hash Cond: (mc.movie_id = t.id)
  ->  Seq Scan on movie_companies mc  (cost=0.00..51404.11 rows=1738622 width=4) (actual time=0.014..996.643 rows=1731939 loops=1)
        Filter: (company_id < 23082)
        Rows Removed by Filter: 877190
  ->  Hash  (cost=159851.69..159851.69 rows=915101 width=8) (actual time=3535.055..3535.055 rows=919850 loops=1)
        Buckets: 131072  Batches: 16  Memory Usage: 3269kB
        ->  Hash Join  (cost=102767.86..159851.69 rows=915101 width=8) (actual time=1630.604..3280.158 rows=919850 loops=1)
              Hash Cond: (mi_idx.movie_id = t.id)
              ->  Seq Scan on movie_info_idx mi_idx  (cost=0.00..25185.44 rows=915101 width=4) (actual time=0.020..516.239 rows=919850 loops=1)
                    Filter: (info_type_id < 101)
                    Rows Removed by Filter: 460185
              ->  Hash  (cost=61283.27..61283.27 rows=2528527 width=4) (actual time=1628.827..1628.827 rows=2528312 loops=1)
                    Buckets: 131072  Batches: 64  Memory Usage: 2415kB
                    ->  Seq Scan on title t  (cost=0.00..61283.27 rows=2528527 width=4) (actual time=0.021..823.517 rows=2528312 loops=1)
Planning time: 1.190 ms
Execution time: 6293.576 ms
