Seq Scan on movie_keyword mk  (cost=0.00..81003.12 rows=4377536 width=0) (actual time=0.020..1490.335 rows=4378086 loops=1)
  Filter: (keyword_id < 74287)
  Rows Removed by Filter: 145844
Planning time: 0.295 ms
Execution time: 2029.133 ms
