Seq Scan on title t  (cost=0.00..73925.90 rows=318230 width=0) (actual time=0.070..1090.276 rows=179738 loops=1)
  Filter: ((kind_id > 1) AND (production_year < 1974))
  Rows Removed by Filter: 2348574
Planning time: 0.350 ms
Execution time: 1115.545 ms
