Hash Join  (cost=130690.16..495817.38 rows=47129 width=0) (actual time=2112.556..9112.357 rows=392782 loops=1)
  Hash Cond: (mi.movie_id = t.id)
  ->  Seq Scan on movie_info mi  (cost=0.00..309384.22 rows=14739122 width=4) (actual time=0.014..3708.763 rows=14835720 loops=1)
  ->  Hash  (cost=130589.10..130589.10 rows=8085 width=8) (actual time=2104.600..2104.600 rows=10806 loops=1)
        Buckets: 16384 (originally 8192)  Batches: 1 (originally 1)  Memory Usage: 551kB
        ->  Hash Join  (cost=74118.09..130589.10 rows=8085 width=8) (actual time=1011.810..2100.173 rows=10806 loops=1)
              Hash Cond: (mc.movie_id = t.id)
              ->  Seq Scan on movie_companies mc  (cost=0.00..51404.11 rows=1329612 width=4) (actual time=0.025..894.413 rows=1334883 loops=1)
                    Filter: (company_type_id = 2)
                    Rows Removed by Filter: 1274246
              ->  Hash  (cost=73925.90..73925.90 rows=15375 width=4) (actual time=962.321..962.321 rows=8740 loops=1)
                    Buckets: 16384  Batches: 1  Memory Usage: 436kB
                    ->  Seq Scan on title t  (cost=0.00..73925.90 rows=15375 width=4) (actual time=0.289..958.587 rows=8740 loops=1)
                          Filter: ((kind_id = 1) AND (production_year = 2001))
                          Rows Removed by Filter: 2519572
Planning time: 1.214 ms
Execution time: 9167.103 ms
