Seq Scan on movie_keyword mk  (cost=0.00..81003.12 rows=3563996 width=0) (actual time=0.020..1486.753 rows=3558142 loops=1)
  Filter: (keyword_id > 906)
  Rows Removed by Filter: 965788
Planning time: 0.309 ms
Execution time: 1928.336 ms
