Hash Join  (cost=508567.53..1739190.25 rows=19159560 width=0) (actual time=8492.175..43151.448 rows=11922136 loops=1)
  Hash Cond: (ci.movie_id = t.id)
  ->  Seq Scan on cast_info ci  (cost=0.00..614943.12 rows=36225612 width=4) (actual time=0.022..11703.702 rows=36244344 loops=1)
  ->  Hash  (cost=486626.96..486626.96 rows=1337326 width=8) (actual time=8491.280..8491.280 rows=370692 loops=1)
        Buckets: 131072  Batches: 32  Memory Usage: 1463kB
        ->  Hash Join  (cost=92883.59..486626.96 rows=1337326 width=8) (actual time=1766.936..8380.833 rows=370692 loops=1)
              Hash Cond: (mi.movie_id = t.id)
              ->  Seq Scan on movie_info mi  (cost=0.00..346232.03 rows=2194617 width=4) (actual time=127.486..5324.043 rows=2233850 loops=1)
                    Filter: (info_type_id > 16)
                    Rows Removed by Filter: 12601870
              ->  Hash  (cost=67604.59..67604.59 rows=1540800 width=4) (actual time=1620.470..1620.470 rows=1543264 loops=1)
                    Buckets: 131072  Batches: 32  Memory Usage: 2728kB
                    ->  Seq Scan on title t  (cost=0.00..67604.59 rows=1540800 width=4) (actual time=0.036..1114.176 rows=1543264 loops=1)
                          Filter: (kind_id = 7)
                          Rows Removed by Filter: 985048
Planning time: 3.763 ms
Execution time: 44447.098 ms
