Nested Loop  (cost=0.43..83071.67 rows=246 width=0) (actual time=1.387..1353.334 rows=4000 loops=1)
  ->  Seq Scan on movie_keyword mk  (cost=0.00..81003.12 rows=246 width=4) (actual time=0.141..1217.675 rows=4000 loops=1)
        Filter: (keyword_id = 917)
        Rows Removed by Filter: 4519930
  ->  Index Only Scan using title_pkey on title t  (cost=0.43..8.40 rows=1 width=4) (actual time=0.032..0.033 rows=1 loops=4000)
        Index Cond: (id = mk.movie_id)
        Heap Fetches: 4000
Planning time: 1.528 ms
Execution time: 1354.549 ms
