Hash Join  (cost=58375.46..441233.87 rows=4 width=0) (actual time=1908.597..7322.017 rows=4 loops=1)
  Hash Cond: (mi.movie_id = t.id)
  ->  Seq Scan on movie_info mi  (cost=0.00..346232.03 rows=9767026 width=4) (actual time=0.009..5253.216 rows=9911754 loops=1)
        Filter: (info_type_id > 4)
        Rows Removed by Filter: 4923966
  ->  Hash  (cost=58375.45..58375.45 rows=1 width=8) (actual time=704.071..704.071 rows=1 loops=1)
        Buckets: 1024  Batches: 1  Memory Usage: 9kB
        ->  Nested Loop  (cost=0.43..58375.45 rows=1 width=8) (actual time=689.260..704.062 rows=1 loops=1)
              ->  Seq Scan on movie_companies mc  (cost=0.00..57926.93 rows=53 width=4) (actual time=7.109..702.682 rows=36 loops=1)
                    Filter: ((company_id = 22484) AND (company_type_id = 2))
                    Rows Removed by Filter: 2609093
              ->  Index Scan using title_pkey on title t  (cost=0.43..8.45 rows=1 width=4) (actual time=0.035..0.035 rows=0 loops=36)
                    Index Cond: (id = mc.movie_id)
                    Filter: ((kind_id < 2) AND (production_year = 2008))
                    Rows Removed by Filter: 1
Planning time: 1.314 ms
Execution time: 7322.180 ms
