Hash Join  (cost=161332.55..931747.77 rows=127778 width=0) (actual time=8521.324..17416.627 rows=1277034 loops=1)
  Hash Cond: (ci.movie_id = t.id)
  ->  Seq Scan on cast_info ci  (cost=0.00..705507.15 rows=12726058 width=4) (actual time=5606.258..11569.545 rows=12670688 loops=1)
        Filter: (role_id < 2)
        Rows Removed by Filter: 23573656
  ->  Hash  (cost=161015.20..161015.20 rows=25388 width=8) (actual time=2914.724..2914.724 rows=66025 loops=1)
        Buckets: 131072 (originally 32768)  Batches: 1 (originally 1)  Memory Usage: 3604kB
        ->  Hash Join  (cost=74103.28..161015.20 rows=25388 width=8) (actual time=1063.888..2892.853 rows=66025 loops=1)
              Hash Cond: (mk.movie_id = t.id)
              ->  Seq Scan on movie_keyword mk  (cost=0.00..69693.30 rows=4523930 width=4) (actual time=0.024..965.541 rows=4523930 loops=1)
              ->  Hash  (cost=73925.90..73925.90 rows=14190 width=4) (actual time=1063.481..1063.481 rows=12208 loops=1)
                    Buckets: 16384  Batches: 1  Memory Usage: 558kB
                    ->  Seq Scan on title t  (cost=0.00..73925.90 rows=14190 width=4) (actual time=0.027..1057.724 rows=12208 loops=1)
                          Filter: ((kind_id < 7) AND (production_year = 1996))
                          Rows Removed by Filter: 2516104
Planning time: 1.196 ms
Execution time: 17569.211 ms
