Nested Loop  (cost=0.43..83071.67 rows=246 width=0) (actual time=5.308..1203.450 rows=233 loops=1)
  ->  Seq Scan on movie_keyword mk  (cost=0.00..81003.12 rows=246 width=4) (actual time=5.219..1185.662 rows=233 loops=1)
        Filter: (keyword_id = 9274)
        Rows Removed by Filter: 4523697
  ->  Index Only Scan using title_pkey on title t  (cost=0.43..8.40 rows=1 width=4) (actual time=0.072..0.073 rows=1 loops=233)
        Index Cond: (id = mk.movie_id)
        Heap Fetches: 233
Planning time: 0.745 ms
Execution time: 1203.667 ms
