Hash Join  (cost=102767.86..181158.24 rows=439843 width=0) (actual time=1971.177..3938.135 rows=766116 loops=1)
  Hash Cond: (mc.movie_id = t.id)
  ->  Seq Scan on movie_companies mc  (cost=0.00..57926.93 rows=439843 width=4) (actual time=0.038..926.356 rows=766116 loops=1)
        Filter: ((company_id > 23638) AND (company_type_id > 1))
        Rows Removed by Filter: 1843013
  ->  Hash  (cost=61283.27..61283.27 rows=2528527 width=4) (actual time=1970.201..1970.201 rows=2528312 loops=1)
        Buckets: 131072  Batches: 64  Memory Usage: 2415kB
        ->  Seq Scan on title t  (cost=0.00..61283.27 rows=2528527 width=4) (actual time=0.028..1103.861 rows=2528312 loops=1)
Planning time: 0.777 ms
Execution time: 4032.326 ms
