Hash Join  (cost=102767.86..1452413.73 rows=26358814 width=0) (actual time=1848.590..36912.619 rows=26402533 loops=1)
  Hash Cond: (ci.movie_id = t.id)
  ->  Seq Scan on cast_info ci  (cost=0.00..705507.15 rows=26358814 width=4) (actual time=0.021..14155.031 rows=26402533 loops=1)
        Filter: (person_id < 2727317)
        Rows Removed by Filter: 9841811
  ->  Hash  (cost=61283.27..61283.27 rows=2528527 width=4) (actual time=1847.574..1847.574 rows=2528312 loops=1)
        Buckets: 131072  Batches: 64  Memory Usage: 2415kB
        ->  Seq Scan on title t  (cost=0.00..61283.27 rows=2528527 width=4) (actual time=0.022..1021.308 rows=2528312 loops=1)
Planning time: 0.642 ms
Execution time: 39752.691 ms
