Seq Scan on movie_keyword mk  (cost=0.00..81003.12 rows=3142122 width=0) (actual time=0.025..1418.721 rows=3126260 loops=1)
  Filter: (keyword_id < 11987)
  Rows Removed by Filter: 1397670
Planning time: 0.719 ms
Execution time: 1795.411 ms
