Seq Scan on cast_info ci  (cost=0.00..705507.15 rows=22287710 width=0) (actual time=10.648..11419.604 rows=22123174 loops=1)
  Filter: (person_id < 2253685)
  Rows Removed by Filter: 14121170
Planning time: 0.366 ms
Execution time: 14232.090 ms
