Seq Scan on cast_info ci  (cost=0.00..796071.18 rows=5501122 width=0) (actual time=8566.097..13891.525 rows=7451973 loops=1)
  Filter: ((person_id < 2801680) AND (role_id = 2))
  Rows Removed by Filter: 28792371
Planning time: 0.376 ms
Execution time: 14835.083 ms
