Hash Join  (cost=83074.74..833899.15 rows=3524 width=0) (actual time=1213.422..14539.752 rows=11707 loops=1)
  Hash Cond: (ci.movie_id = t.id)
  ->  Seq Scan on cast_info ci  (cost=0.00..614943.12 rows=36225612 width=4) (actual time=0.023..6781.207 rows=36244344 loops=1)
  ->  Hash  (cost=83071.67..83071.67 rows=246 width=8) (actual time=1212.247..1212.247 rows=396 loops=1)
        Buckets: 1024  Batches: 1  Memory Usage: 24kB
        ->  Nested Loop  (cost=0.43..83071.67 rows=246 width=8) (actual time=22.618..1211.991 rows=396 loops=1)
              ->  Seq Scan on movie_keyword mk  (cost=0.00..81003.12 rows=246 width=4) (actual time=22.547..1205.873 rows=396 loops=1)
                    Filter: (keyword_id = 20603)
                    Rows Removed by Filter: 4523534
              ->  Index Only Scan using title_pkey on title t  (cost=0.43..8.40 rows=1 width=4) (actual time=0.013..0.014 rows=1 loops=396)
                    Index Cond: (id = mk.movie_id)
                    Heap Fetches: 396
Planning time: 1.633 ms
Execution time: 14542.978 ms
