Hash Join  (cost=92280.96..136532.14 rows=406628 width=0) (actual time=1642.883..2873.573 rows=219418 loops=1)
  Hash Cond: (mi_idx.movie_id = t.id)
  ->  Seq Scan on movie_info_idx mi_idx  (cost=0.00..25185.44 rows=919057 width=4) (actual time=0.015..498.297 rows=920110 loops=1)
        Filter: (info_type_id > 99)
        Rows Removed by Filter: 459925
  ->  Hash  (cost=73925.90..73925.90 rows=1118724 width=4) (actual time=1641.814..1641.814 rows=1213086 loops=1)
        Buckets: 131072  Batches: 16  Memory Usage: 3701kB
        ->  Seq Scan on title t  (cost=0.00..73925.90 rows=1118724 width=4) (actual time=0.011..1258.000 rows=1213086 loops=1)
              Filter: ((production_year > 1986) AND (kind_id = 7))
              Rows Removed by Filter: 1315226
Planning time: 0.758 ms
Execution time: 2900.142 ms
