Hash Join  (cost=211717.95..1250054.26 rows=4980459 width=0) (actual time=5525.065..43897.722 rows=44841164 loops=1)
  Hash Cond: (ci.movie_id = t.id)
  ->  Seq Scan on cast_info ci  (cost=0.00..796071.18 rows=16385470 width=4) (actual time=0.021..15510.800 rows=20529599 loops=1)
        Filter: ((person_id > 1067634) AND (role_id > 1))
        Rows Removed by Filter: 15714745
  ->  Hash  (cost=199107.93..199107.93 rows=768561 width=8) (actual time=5522.832..5522.832 rows=1710382 loops=1)
        Buckets: 131072 (originally 131072)  Batches: 32 (originally 16)  Memory Usage: 3102kB
        ->  Hash Join  (cost=83810.17..199107.93 rows=768561 width=8) (actual time=1391.093..5078.172 rows=1710382 loops=1)
              Hash Cond: (mk.movie_id = t.id)
              ->  Seq Scan on movie_keyword mk  (cost=0.00..81003.12 rows=1967473 width=4) (actual time=0.021..1514.435 rows=1972745 loops=1)
                    Filter: (keyword_id < 3458)
                    Rows Removed by Filter: 2551185
              ->  Hash  (cost=67604.59..67604.59 rows=987727 width=4) (actual time=1389.968..1389.968 rows=985048 loops=1)
                    Buckets: 131072  Batches: 16  Memory Usage: 3197kB
                    ->  Seq Scan on title t  (cost=0.00..67604.59 rows=987727 width=4) (actual time=0.028..1069.826 rows=985048 loops=1)
                          Filter: (kind_id < 7)
                          Rows Removed by Filter: 1543264
Planning time: 1.416 ms
Execution time: 48402.392 ms
