Hash Join  (cost=709674.41..736584.90 rows=1 width=0) (actual time=11160.487..11636.445 rows=6 loops=1)
  Hash Cond: (mi_idx.movie_id = t.id)
  ->  Seq Scan on movie_info_idx mi_idx  (cost=0.00..21735.35 rows=1380035 width=4) (actual time=0.016..298.359 rows=1380035 loops=1)
  ->  Hash  (cost=709674.40..709674.40 rows=1 width=8) (actual time=11079.712..11079.712 rows=2 loops=1)
        Buckets: 1024  Batches: 1  Memory Usage: 9kB
        ->  Nested Loop  (cost=0.43..709674.40 rows=1 width=8) (actual time=2241.150..11079.691 rows=2 loops=1)
              ->  Seq Scan on cast_info ci  (cost=0.00..705507.15 rows=500 width=4) (actual time=2240.277..11060.133 rows=289 loops=1)
                    Filter: (person_id = 2375818)
                    Rows Removed by Filter: 36244055
              ->  Index Scan using title_pkey on title t  (cost=0.43..8.32 rows=1 width=4) (actual time=0.067..0.067 rows=0 loops=289)
                    Index Cond: (id = ci.movie_id)
                    Filter: ((kind_id = 2) AND (production_year = 1990))
                    Rows Removed by Filter: 1
Planning time: 8.838 ms
Execution time: 11642.116 ms
