Seq Scan on cast_info ci  (cost=0.00..796071.18 rows=276 width=0) (actual time=10907.783..13130.700 rows=22 loops=1)
  Filter: ((role_id < 3) AND (person_id = 533698))
  Rows Removed by Filter: 36244322
Planning time: 0.423 ms
Execution time: 13130.861 ms
