Hash Join  (cost=69283.60..866376.21 rows=2098 width=0) (actual time=3281.443..10472.203 rows=1319 loops=1)
  Hash Cond: (ci.movie_id = t.id)
  ->  Seq Scan on cast_info ci  (cost=0.00..796071.18 rows=51854 width=4) (actual time=2265.147..9434.030 rows=27769 loops=1)
        Filter: ((person_id < 199898) AND (role_id = 5))
        Rows Removed by Filter: 36216575
  ->  Hash  (cost=67604.59..67604.59 rows=102321 width=4) (actual time=1015.494..1015.494 rows=100537 loops=1)
        Buckets: 131072  Batches: 2  Memory Usage: 2797kB
        ->  Seq Scan on title t  (cost=0.00..67604.59 rows=102321 width=4) (actual time=0.021..980.816 rows=100537 loops=1)
              Filter: (kind_id = 3)
              Rows Removed by Filter: 2427775
Planning time: 0.777 ms
Execution time: 10472.674 ms
