Hash Join  (cost=72956.84..202069.74 rows=583587 width=0) (actual time=1225.284..4603.672 rows=863827 loops=1)
  Hash Cond: (mk.movie_id = t.id)
  ->  Seq Scan on movie_keyword mk  (cost=0.00..69693.30 rows=4523930 width=4) (actual time=0.012..1460.398 rows=4523930 loops=1)
  ->  Hash  (cost=67604.59..67604.59 rows=326180 width=4) (actual time=1224.073..1224.073 rows=323245 loops=1)
        Buckets: 131072  Batches: 8  Memory Usage: 2443kB
        ->  Seq Scan on title t  (cost=0.00..67604.59 rows=326180 width=4) (actual time=0.020..1113.294 rows=323245 loops=1)
              Filter: (production_year < 1967)
              Rows Removed by Filter: 2205067
Planning time: 0.718 ms
Execution time: 4692.953 ms
