Hash Join  (cost=810905.59..1284729.41 rows=1331245 width=0) (actual time=14100.230..25683.475 rows=5218492 loops=1)
  Hash Cond: (mi.movie_id = t.id)
  ->  Seq Scan on movie_info mi  (cost=0.00..346232.03 rows=9767026 width=4) (actual time=0.017..5965.324 rows=9911754 loops=1)
        Filter: (info_type_id > 4)
        Rows Removed by Filter: 4923966
  ->  Hash  (cost=805250.61..805250.61 rows=344638 width=8) (actual time=14099.238..14099.238 rows=452906 loops=1)
        Buckets: 131072  Batches: 8  Memory Usage: 3252kB
        ->  Hash Join  (cost=80042.24..805250.61 rows=344638 width=8) (actual time=5351.503..13963.357 rows=452906 loops=1)
              Hash Cond: (ci.movie_id = t.id)
              ->  Seq Scan on cast_info ci  (cost=0.00..705507.15 rows=1149559 width=4) (actual time=4107.407..11972.102 rows=1093558 loops=1)
                    Filter: (role_id = 9)
                    Rows Removed by Filter: 35150786
              ->  Hash  (cost=67604.59..67604.59 rows=758052 width=4) (actual time=1242.986..1242.986 rows=753677 loops=1)
                    Buckets: 131072  Batches: 16  Memory Usage: 2677kB
                    ->  Seq Scan on title t  (cost=0.00..67604.59 rows=758052 width=4) (actual time=0.029..1001.058 rows=753677 loops=1)
                          Filter: (kind_id < 3)
                          Rows Removed by Filter: 1774635
Planning time: 0.810 ms
Execution time: 26195.609 ms
