Hash Join  (cost=159073.24..220216.04 rows=3606 width=0) (actual time=2572.528..3660.747 rows=57763 loops=1)
  Hash Cond: (mc.movie_id = t.id)
  ->  Seq Scan on movie_companies mc  (cost=0.00..57926.93 rows=847947 width=4) (actual time=0.011..948.795 rows=655620 loops=1)
        Filter: ((company_id > 2561) AND (company_type_id = 1))
        Rows Removed by Filter: 1953509
  ->  Hash  (cost=158938.84..158938.84 rows=10752 width=8) (actual time=2572.273..2572.273 rows=14745 loops=1)
        Buckets: 16384  Batches: 1  Memory Usage: 704kB
        ->  Hash Join  (cost=75321.41..158938.84 rows=10752 width=8) (actual time=1344.909..2567.543 rows=14745 loops=1)
              Hash Cond: (mk.movie_id = t.id)
              ->  Seq Scan on movie_keyword mk  (cost=0.00..81003.12 rows=57809 width=4) (actual time=0.020..1128.541 rows=54442 loops=1)
                    Filter: (keyword_id > 97546)
                    Rows Removed by Filter: 4469488
              ->  Hash  (cost=67604.59..67604.59 rows=470306 width=4) (actual time=1340.511..1340.511 rows=465563 loops=1)
                    Buckets: 131072  Batches: 8  Memory Usage: 3070kB
                    ->  Seq Scan on title t  (cost=0.00..67604.59 rows=470306 width=4) (actual time=0.019..1022.310 rows=465563 loops=1)
                          Filter: (production_year < 1977)
                          Rows Removed by Filter: 2062749
Planning time: 1.210 ms
Execution time: 3668.313 ms
