Hash Join  (cost=83074.85..109963.62 rows=37 width=0) (actual time=1202.690..1688.987 rows=269 loops=1)
  Hash Cond: (mi_idx.movie_id = t.id)
  ->  Seq Scan on movie_info_idx mi_idx  (cost=0.00..25185.44 rows=454124 width=4) (actual time=0.017..420.427 rows=459925 loops=1)
        Filter: (info_type_id = 100)
        Rows Removed by Filter: 920110
  ->  Hash  (cost=83072.29..83072.29 rows=205 width=8) (actual time=1200.979..1200.979 rows=271 loops=1)
        Buckets: 1024  Batches: 1  Memory Usage: 19kB
        ->  Nested Loop  (cost=0.43..83072.29 rows=205 width=8) (actual time=0.510..1200.688 rows=271 loops=1)
              ->  Seq Scan on movie_keyword mk  (cost=0.00..81003.12 rows=246 width=4) (actual time=0.470..1186.847 rows=294 loops=1)
                    Filter: (keyword_id = 17346)
                    Rows Removed by Filter: 4523636
              ->  Index Scan using title_pkey on title t  (cost=0.43..8.40 rows=1 width=4) (actual time=0.044..0.044 rows=1 loops=294)
                    Index Cond: (id = mk.movie_id)
                    Filter: (production_year > 1968)
                    Rows Removed by Filter: 0
Planning time: 1.319 ms
Execution time: 1689.231 ms
