Hash Join  (cost=192490.32..233348.24 rows=184444 width=0) (actual time=4042.088..5655.869 rows=2050081 loops=1)
  Hash Cond: (mi_idx.movie_id = t.id)
  ->  Seq Scan on movie_info_idx mi_idx  (cost=0.00..21735.35 rows=1380035 width=4) (actual time=0.022..400.493 rows=1380035 loops=1)
  ->  Hash  (cost=186945.04..186945.04 rows=337942 width=8) (actual time=4041.076..4041.076 rows=826720 loops=1)
        Buckets: 131072 (originally 131072)  Batches: 16 (originally 8)  Memory Usage: 3092kB
        ->  Hash Join  (cost=87162.74..186945.04 rows=337942 width=8) (actual time=1440.955..3786.910 rows=826720 loops=1)
              Hash Cond: (mk.movie_id = t.id)
              ->  Seq Scan on movie_keyword mk  (cost=0.00..81003.12 rows=1059135 width=4) (actual time=0.015..1458.356 rows=1062328 loops=1)
                    Filter: (keyword_id > 16519)
                    Rows Removed by Filter: 3461602
              ->  Hash  (cost=73925.90..73925.90 rows=806787 width=4) (actual time=1438.807..1438.807 rows=843018 loops=1)
                    Buckets: 131072  Batches: 16  Memory Usage: 2888kB
                    ->  Seq Scan on title t  (cost=0.00..73925.90 rows=806787 width=4) (actual time=0.017..1157.929 rows=843018 loops=1)
                          Filter: ((kind_id < 7) AND (production_year < 2011))
                          Rows Removed by Filter: 1685294
Planning time: 1.135 ms
Execution time: 5901.033 ms
