Seq Scan on cast_info ci  (cost=0.00..796071.18 rows=30610382 width=0) (actual time=0.027..15965.192 rows=30679551 loops=1)
  Filter: ((person_id > 99726) AND (role_id < 10))
  Rows Removed by Filter: 5564793
Planning time: 0.315 ms
Execution time: 19516.613 ms
