Hash Join  (cost=73982.55..160721.67 rows=8108 width=0) (actual time=1883.145..2772.610 rows=3577 loops=1)
  Hash Cond: (mk.movie_id = t.id)
  ->  Seq Scan on movie_keyword mk  (cost=0.00..69693.30 rows=4523930 width=4) (actual time=0.023..858.301 rows=4523930 loops=1)
  ->  Hash  (cost=73925.90..73925.90 rows=4532 width=4) (actual time=1090.803..1090.803 rows=5845 loops=1)
        Buckets: 8192  Batches: 1  Memory Usage: 270kB
        ->  Seq Scan on title t  (cost=0.00..73925.90 rows=4532 width=4) (actual time=0.097..1087.937 rows=5845 loops=1)
              Filter: ((kind_id = 7) AND (production_year = 1957))
              Rows Removed by Filter: 2522467
Planning time: 2.571 ms
Execution time: 2773.099 ms
