Seq Scan on movie_keyword mk  (cost=0.00..81003.12 rows=246 width=0) (actual time=81.466..1224.960 rows=12 loops=1)
  Filter: (keyword_id = 19043)
  Rows Removed by Filter: 4523918
Planning time: 0.351 ms
Execution time: 1225.044 ms
