Seq Scan on movie_keyword mk  (cost=0.00..81003.12 rows=2477817 width=0) (actual time=0.027..1338.724 rows=2473494 loops=1)
  Filter: (keyword_id < 5972)
  Rows Removed by Filter: 2050436
Planning time: 1.928 ms
Execution time: 1648.776 ms
