Hash Join  (cost=102803.67..1439143.41 rows=21965798 width=0) (actual time=1979.389..42794.750 rows=21506676 loops=1)
  Hash Cond: (ci.movie_id = t.id)
  ->  Seq Scan on cast_info ci  (cost=0.00..705507.15 rows=31554923 width=4) (actual time=0.021..15320.293 rows=31605208 loops=1)
        Filter: (role_id < 10)
        Rows Removed by Filter: 4639136
  ->  Hash  (cost=73925.90..73925.90 rows=1760141 width=4) (actual time=1978.415..1978.415 rows=1754586 loops=1)
        Buckets: 131072  Batches: 32  Memory Usage: 2955kB
        ->  Seq Scan on title t  (cost=0.00..73925.90 rows=1760141 width=4) (actual time=0.031..1405.381 rows=1754586 loops=1)
              Filter: ((kind_id > 1) AND (production_year < 2013))
              Rows Removed by Filter: 773726
Planning time: 3.415 ms
Execution time: 45280.237 ms
