Seq Scan on movie_companies mc  (cost=0.00..51404.11 rows=104 width=0) (actual time=172.192..756.161 rows=10 loops=1)
  Filter: (company_id = 118663)
  Rows Removed by Filter: 2609119
Planning time: 0.383 ms
Execution time: 756.231 ms
