Hash Join  (cost=333143.13..1064187.85 rows=20092598 width=0) (actual time=7895.555..59126.177 rows=175898626 loops=1)
  Hash Cond: (mi.movie_id = t.id)
  ->  Seq Scan on movie_info mi  (cost=0.00..309384.22 rows=14739122 width=4) (actual time=0.012..5228.419 rows=14835720 loops=1)
  ->  Hash  (cost=276591.55..276591.55 rows=3446927 width=8) (actual time=7893.335..7893.335 rows=3436014 loops=1)
        Buckets: 131072  Batches: 64  Memory Usage: 3224kB
        ->  Hash Join  (cost=102767.86..276591.55 rows=3446927 width=8) (actual time=1918.527..6933.125 rows=3436014 loops=1)
              Hash Cond: (mk.movie_id = t.id)
              ->  Seq Scan on movie_keyword mk  (cost=0.00..81003.12 rows=3446927 width=4) (actual time=0.027..1575.437 rows=3436014 loops=1)
                    Filter: (keyword_id < 16270)
                    Rows Removed by Filter: 1087916
              ->  Hash  (cost=61283.27..61283.27 rows=2528527 width=4) (actual time=1917.801..1917.801 rows=2528312 loops=1)
                    Buckets: 131072  Batches: 64  Memory Usage: 2425kB
                    ->  Seq Scan on title t  (cost=0.00..61283.27 rows=2528527 width=4) (actual time=0.016..1040.331 rows=2528312 loops=1)
Planning time: 1.080 ms
Execution time: 77738.891 ms
