Hash Join  (cost=137528.28..238274.14 rows=164621 width=0) (actual time=4833.579..5434.772 rows=100499 loops=1)
  Hash Cond: (mk.movie_id = t.id)
  ->  Seq Scan on movie_keyword mk  (cost=0.00..81003.12 rows=1469207 width=4) (actual time=0.015..1411.418 rows=1486357 loops=1)
        Filter: (keyword_id < 2128)
        Rows Removed by Filter: 3037573
  ->  Hash  (cost=132879.85..132879.85 rows=283315 width=8) (actual time=3322.351..3322.351 rows=141906 loops=1)
        Buckets: 131072  Batches: 4  Memory Usage: 2413kB
        ->  Hash Join  (cost=92883.59..132879.85 rows=283315 width=8) (actual time=1670.398..3272.456 rows=141906 loops=1)
              Hash Cond: (mi_idx.movie_id = t.id)
              ->  Seq Scan on movie_info_idx mi_idx  (cost=0.00..25185.44 rows=464934 width=4) (actual time=0.024..435.903 rows=460185 loops=1)
                    Filter: (info_type_id > 100)
                    Rows Removed by Filter: 919850
              ->  Hash  (cost=67604.59..67604.59 rows=1540800 width=4) (actual time=1583.726..1583.726 rows=1543264 loops=1)
                    Buckets: 131072  Batches: 32  Memory Usage: 2722kB
                    ->  Seq Scan on title t  (cost=0.00..67604.59 rows=1540800 width=4) (actual time=0.021..1092.217 rows=1543264 loops=1)
                          Filter: (kind_id = 7)
                          Rows Removed by Filter: 985048
Planning time: 0.955 ms
Execution time: 5447.936 ms
