Hash Join  (cost=83074.74..833899.15 rows=3524 width=0) (actual time=1206.272..16112.262 rows=29732 loops=1)
  Hash Cond: (ci.movie_id = t.id)
  ->  Seq Scan on cast_info ci  (cost=0.00..614943.12 rows=36225612 width=4) (actual time=0.025..7688.046 rows=36244344 loops=1)
  ->  Hash  (cost=83071.67..83071.67 rows=246 width=8) (actual time=1206.125..1206.125 rows=510 loops=1)
        Buckets: 1024  Batches: 1  Memory Usage: 28kB
        ->  Nested Loop  (cost=0.43..83071.67 rows=246 width=8) (actual time=4.528..1205.703 rows=510 loops=1)
              ->  Seq Scan on movie_keyword mk  (cost=0.00..81003.12 rows=246 width=4) (actual time=4.460..1162.777 rows=510 loops=1)
                    Filter: (keyword_id = 3804)
                    Rows Removed by Filter: 4523420
              ->  Index Only Scan using title_pkey on title t  (cost=0.43..8.40 rows=1 width=4) (actual time=0.082..0.082 rows=1 loops=510)
                    Index Cond: (id = mk.movie_id)
                    Heap Fetches: 510
Planning time: 1.147 ms
Execution time: 16119.772 ms
