Hash Join  (cost=73950.44..825020.84 rows=28123 width=0) (actual time=995.410..16157.095 rows=68120 loops=1)
  Hash Cond: (ci.movie_id = t.id)
  ->  Seq Scan on cast_info ci  (cost=0.00..614943.12 rows=36225612 width=4) (actual time=0.024..7460.528 rows=36244344 loops=1)
  ->  Hash  (cost=73925.90..73925.90 rows=1963 width=4) (actual time=994.234..994.234 rows=4302 loops=1)
        Buckets: 8192 (originally 2048)  Batches: 1 (originally 1)  Memory Usage: 216kB
        ->  Seq Scan on title t  (cost=0.00..73925.90 rows=1963 width=4) (actual time=0.210..992.072 rows=4302 loops=1)
              Filter: ((kind_id = 1) AND (production_year = 1969))
              Rows Removed by Filter: 2524010
Planning time: 0.823 ms
Execution time: 16170.757 ms
