Seq Scan on cast_info ci  (cost=0.00..705507.15 rows=8687261 width=0) (actual time=1501.839..10954.338 rows=8570630 loops=1)
  Filter: (person_id < 842334)
  Rows Removed by Filter: 27673714
Planning time: 0.299 ms
Execution time: 12026.753 ms
