Hash Join  (cost=213834.27..1341278.05 rows=4707461 width=0) (actual time=4668.908..39409.355 rows=20398864 loops=1)
  Hash Cond: (ci.movie_id = t.id)
  ->  Seq Scan on cast_info ci  (cost=0.00..614943.12 rows=36225612 width=4) (actual time=0.012..13492.091 rows=36244344 loops=1)
  ->  Hash  (cost=208443.05..208443.05 rows=328578 width=8) (actual time=4667.666..4667.666 rows=305789 loops=1)
        Buckets: 131072  Batches: 8  Memory Usage: 2479kB
        ->  Hash Join  (cost=77354.40..208443.05 rows=328578 width=8) (actual time=1170.601..4582.388 rows=305789 loops=1)
              Hash Cond: (mk.movie_id = t.id)
              ->  Seq Scan on movie_keyword mk  (cost=0.00..81003.12 rows=3976730 width=4) (actual time=0.015..1751.568 rows=3976424 loops=1)
                    Filter: (keyword_id > 393)
                    Rows Removed by Filter: 547506
              ->  Hash  (cost=73925.90..73925.90 rows=208920 width=4) (actual time=1169.684..1169.684 rows=183835 loops=1)
                    Buckets: 131072  Batches: 4  Memory Usage: 2655kB
                    ->  Seq Scan on title t  (cost=0.00..73925.90 rows=208920 width=4) (actual time=0.025..1103.818 rows=183835 loops=1)
                          Filter: ((kind_id < 7) AND (production_year > 2009))
                          Rows Removed by Filter: 2344477
Planning time: 1.177 ms
Execution time: 41853.793 ms
