Nested Loop  (cost=0.43..83072.29 rows=9 width=0) (actual time=3095.576..3185.067 rows=2 loops=1)
  ->  Seq Scan on movie_keyword mk  (cost=0.00..81003.12 rows=246 width=4) (actual time=2120.659..3183.684 rows=27 loops=1)
        Filter: (keyword_id = 33727)
        Rows Removed by Filter: 4523903
  ->  Index Scan using title_pkey on title t  (cost=0.43..8.40 rows=1 width=4) (actual time=0.046..0.046 rows=0 loops=27)
        Index Cond: (id = mk.movie_id)
        Filter: (production_year = 2005)
        Rows Removed by Filter: 1
Planning time: 0.720 ms
Execution time: 3185.160 ms
