Seq Scan on movie_companies mc  (cost=0.00..51404.11 rows=616202 width=0) (actual time=0.020..758.232 rows=612264 loops=1)
  Filter: (company_id < 735)
  Rows Removed by Filter: 1996865
Planning time: 0.329 ms
Execution time: 839.977 ms
