Hash Join  (cost=250810.23..1502954.99 rows=17626465 width=0) (actual time=5385.274..47233.876 rows=48567234 loops=1)
  Hash Cond: (ci.movie_id = t.id)
  ->  Seq Scan on cast_info ci  (cost=0.00..705507.15 rows=31554923 width=4) (actual time=0.024..16014.494 rows=31605208 loops=1)
        Filter: (role_id < 10)
        Rows Removed by Filter: 4639136
  ->  Hash  (cost=227636.91..227636.91 rows=1412426 width=8) (actual time=5384.062..5384.062 rows=1424351 loops=1)
        Buckets: 131072  Batches: 32  Memory Usage: 2750kB
        ->  Hash Join  (cost=102767.86..227636.91 rows=1412426 width=8) (actual time=1808.119..4979.857 rows=1424351 loops=1)
              Hash Cond: (mk.movie_id = t.id)
              ->  Seq Scan on movie_keyword mk  (cost=0.00..81003.12 rows=1412426 width=4) (actual time=0.014..1402.050 rows=1424351 loops=1)
                    Filter: (keyword_id > 11694)
                    Rows Removed by Filter: 3099579
              ->  Hash  (cost=61283.27..61283.27 rows=2528527 width=4) (actual time=1807.186..1807.186 rows=2528312 loops=1)
                    Buckets: 131072  Batches: 64  Memory Usage: 2425kB
                    ->  Seq Scan on title t  (cost=0.00..61283.27 rows=2528527 width=4) (actual time=0.021..944.208 rows=2528312 loops=1)
Planning time: 1.093 ms
Execution time: 52330.571 ms
