Seq Scan on movie_companies mc  (cost=0.00..51404.11 rows=1158155 width=0) (actual time=0.027..800.871 rows=1153658 loops=1)
  Filter: (company_id < 9152)
  Rows Removed by Filter: 1455471
Planning time: 0.343 ms
Execution time: 958.093 ms
