Hash Join  (cost=102767.86..184768.91 rows=589915 width=0) (actual time=2113.509..3663.946 rows=327256 loops=1)
  Hash Cond: (mc.movie_id = t.id)
  ->  Seq Scan on movie_companies mc  (cost=0.00..57926.93 rows=589915 width=4) (actual time=0.023..868.643 rows=327256 loops=1)
        Filter: ((company_id > 12135) AND (company_type_id = 1))
        Rows Removed by Filter: 2281873
  ->  Hash  (cost=61283.27..61283.27 rows=2528527 width=4) (actual time=2112.413..2112.413 rows=2528312 loops=1)
        Buckets: 131072  Batches: 64  Memory Usage: 2415kB
        ->  Seq Scan on title t  (cost=0.00..61283.27 rows=2528527 width=4) (actual time=0.018..964.706 rows=2528312 loops=1)
Planning time: 0.756 ms
Execution time: 3705.993 ms
