Seq Scan on movie_keyword mk  (cost=0.00..81003.12 rows=1395705 width=0) (actual time=0.011..1358.149 rows=1410218 loops=1)
  Filter: (keyword_id > 11856)
  Rows Removed by Filter: 3113712
Planning time: 0.338 ms
Execution time: 1532.069 ms
