Hash Join  (cost=129161.14..263932.84 rows=394523 width=0) (actual time=3142.428..7875.591 rows=4918802 loops=1)
  Hash Cond: (mk.movie_id = t.id)
  ->  Seq Scan on movie_keyword mk  (cost=0.00..81003.12 rows=4229158 width=4) (actual time=0.013..1694.353 rows=4231847 loops=1)
        Filter: (keyword_id < 55192)
        Rows Removed by Filter: 292083
  ->  Hash  (cost=125290.68..125290.68 rows=235877 width=8) (actual time=3141.724..3141.724 rows=505844 loops=1)
        Buckets: 131072 (originally 131072)  Batches: 8 (originally 4)  Memory Usage: 3522kB
        ->  Hash Join  (cost=84618.84..125290.68 rows=235877 width=8) (actual time=1754.478..2975.343 rows=505844 loops=1)
              Hash Cond: (mi_idx.movie_id = t.id)
              ->  Seq Scan on movie_info_idx mi_idx  (cost=0.00..25185.44 rows=915101 width=4) (actual time=0.016..506.252 rows=919850 loops=1)
                    Filter: (info_type_id < 101)
                    Rows Removed by Filter: 460185
              ->  Hash  (cost=73925.90..73925.90 rows=651755 width=4) (actual time=1753.625..1753.625 rows=711179 loops=1)
                    Buckets: 131072  Batches: 16  Memory Usage: 2590kB
                    ->  Seq Scan on title t  (cost=0.00..73925.90 rows=651755 width=4) (actual time=0.058..1161.633 rows=711179 loops=1)
                          Filter: ((kind_id < 7) AND (production_year < 2008))
                          Rows Removed by Filter: 1817133
Planning time: 1.167 ms
Execution time: 8465.905 ms
