Hash Join  (cost=433407.97..488540.29 rows=46680 width=0) (actual time=6185.682..7058.369 rows=14954 loops=1)
  Hash Cond: (mc.movie_id = t.id)
  ->  Seq Scan on movie_companies mc  (cost=0.00..44881.29 rows=2609129 width=4) (actual time=0.010..501.864 rows=2609129 loops=1)
  ->  Hash  (cost=432842.49..432842.49 rows=45238 width=8) (actual time=6018.308..6018.308 rows=8863 loops=1)
        Buckets: 65536  Batches: 1  Memory Usage: 859kB
        ->  Hash Join  (cost=76243.83..432842.49 rows=45238 width=8) (actual time=4091.258..6014.298 rows=8863 loops=1)
              Hash Cond: (mi.movie_id = t.id)
              ->  Seq Scan on movie_info mi  (cost=0.00..346232.03 rows=809669 width=4) (actual time=3144.417..4746.893 rows=802140 loops=1)
                    Filter: (info_type_id = 1)
                    Rows Removed by Filter: 14033580
              ->  Hash  (cost=73925.90..73925.90 rows=141274 width=4) (actual time=945.775..945.775 rows=150659 loops=1)
                    Buckets: 131072  Batches: 2  Memory Usage: 3679kB
                    ->  Seq Scan on title t  (cost=0.00..73925.90 rows=141274 width=4) (actual time=206.800..887.152 rows=150659 loops=1)
                          Filter: ((production_year > 2011) AND (kind_id = 7))
                          Rows Removed by Filter: 2377653
Planning time: 0.797 ms
Execution time: 7060.945 ms
