Hash Join  (cost=124983.31..236835.78 rows=145668 width=0) (actual time=3003.269..4442.911 rows=117195 loops=1)
  Hash Cond: (mk.movie_id = t.id)
  ->  Seq Scan on movie_keyword mk  (cost=0.00..81003.12 rows=2491910 width=4) (actual time=0.025..1413.343 rows=2487830 loops=1)
        Filter: (keyword_id > 3636)
        Rows Removed by Filter: 2036100
  ->  Hash  (cost=122557.71..122557.71 rows=147808 width=8) (actual time=2235.797..2235.797 rows=83907 loops=1)
        Buckets: 131072  Batches: 2  Memory Usage: 2673kB
        ->  Hash Join  (cost=87428.23..122557.71 rows=147808 width=8) (actual time=1409.239..2207.379 rows=83907 loops=1)
              Hash Cond: (mi_idx.movie_id = t.id)
              ->  Seq Scan on movie_info_idx mi_idx  (cost=0.00..25185.44 rows=454124 width=4) (actual time=0.016..448.299 rows=459925 loops=1)
                    Filter: (info_type_id = 100)
                    Rows Removed by Filter: 920110
              ->  Hash  (cost=73925.90..73925.90 rows=822986 width=4) (actual time=1408.325..1408.325 rows=738761 loops=1)
                    Buckets: 131072  Batches: 16  Memory Usage: 2648kB
                    ->  Seq Scan on title t  (cost=0.00..73925.90 rows=822986 width=4) (actual time=301.813..1174.145 rows=738761 loops=1)
                          Filter: ((production_year < 2005) AND (kind_id = 7))
                          Rows Removed by Filter: 1789551
Planning time: 1.143 ms
Execution time: 4458.319 ms
