Hash Join  (cost=75558.15..114182.48 rows=54284 width=0) (actual time=1197.092..2059.644 rows=111147 loops=1)
  Hash Cond: (mi_idx.movie_id = t.id)
  ->  Seq Scan on movie_info_idx mi_idx  (cost=0.00..21735.35 rows=1380035 width=4) (actual time=0.022..412.171 rows=1380035 loops=1)
  ->  Hash  (cost=73925.90..73925.90 rows=99460 width=4) (actual time=1196.423..1196.423 rows=100458 loops=1)
        Buckets: 131072  Batches: 2  Memory Usage: 2795kB
        ->  Seq Scan on title t  (cost=0.00..73925.90 rows=99460 width=4) (actual time=62.554..1161.332 rows=100458 loops=1)
              Filter: ((production_year > 0) AND (kind_id = 3))
              Rows Removed by Filter: 2427854
Planning time: 0.685 ms
Execution time: 2071.555 ms
