Hash Join  (cost=68438.72..130192.49 rows=25161 width=0) (actual time=1030.068..2079.201 rows=11744 loops=1)
  Hash Cond: (mc.movie_id = t.id)
  ->  Seq Scan on movie_companies mc  (cost=0.00..57926.93 rows=953391 width=4) (actual time=46.335..928.556 rows=641162 loops=1)
        Filter: ((company_id < 38266) AND (company_type_id = 2))
        Rows Removed by Filter: 1967967
  ->  Hash  (cost=67604.59..67604.59 rows=66731 width=4) (actual time=983.141..983.141 rows=67342 loops=1)
        Buckets: 131072  Batches: 1  Memory Usage: 3392kB
        ->  Seq Scan on title t  (cost=0.00..67604.59 rows=66731 width=4) (actual time=0.023..955.473 rows=67342 loops=1)
              Filter: (production_year > 2012)
              Rows Removed by Filter: 2460970
Planning time: 3.808 ms
Execution time: 2081.324 ms
