Hash Join  (cost=82871.49..125669.85 rows=297588 width=0) (actual time=1318.314..2524.434 rows=577307 loops=1)
  Hash Cond: (mi_idx.movie_id = t.id)
  ->  Seq Scan on movie_info_idx mi_idx  (cost=0.00..21735.35 rows=1380035 width=4) (actual time=0.026..401.996 rows=1380035 loops=1)
  ->  Hash  (cost=73925.90..73925.90 rows=545247 width=4) (actual time=1248.513..1248.513 rows=557319 loops=1)
        Buckets: 131072  Batches: 8  Memory Usage: 3485kB
        ->  Seq Scan on title t  (cost=0.00..73925.90 rows=545247 width=4) (actual time=491.978..1074.749 rows=557319 loops=1)
              Filter: ((kind_id < 2) AND (production_year < 2011))
              Rows Removed by Filter: 1970993
Planning time: 0.766 ms
Execution time: 2593.704 ms
