Hash Join  (cost=183132.72..682239.03 rows=1808739 width=0) (actual time=3751.923..16948.246 rows=1918821 loops=1)
  Hash Cond: (mi.movie_id = t.id)
  ->  Seq Scan on movie_info mi  (cost=0.00..309384.22 rows=14739122 width=4) (actual time=0.018..5361.976 rows=14835720 loops=1)
  ->  Hash  (cost=178041.05..178041.05 rows=310293 width=8) (actual time=3751.013..3751.013 rows=169590 loops=1)
        Buckets: 131072  Batches: 8  Memory Usage: 1869kB
        ->  Hash Join  (cost=102767.86..178041.05 rows=310293 width=8) (actual time=2502.703..3696.600 rows=169590 loops=1)
              Hash Cond: (mc.movie_id = t.id)
              ->  Seq Scan on movie_companies mc  (cost=0.00..57926.93 rows=310293 width=4) (actual time=176.432..818.196 rows=169590 loops=1)
                    Filter: ((company_id < 708) AND (company_type_id = 2))
                    Rows Removed by Filter: 2439539
              ->  Hash  (cost=61283.27..61283.27 rows=2528527 width=4) (actual time=2324.977..2324.977 rows=2528312 loops=1)
                    Buckets: 131072  Batches: 64  Memory Usage: 2415kB
                    ->  Seq Scan on title t  (cost=0.00..61283.27 rows=2528527 width=4) (actual time=0.023..930.549 rows=2528312 loops=1)
Planning time: 1.141 ms
Execution time: 17191.089 ms
