Hash Join  (cost=74690.97..165008.73 rows=56479 width=0) (actual time=847.550..1879.968 rows=46132 loops=1)
  Hash Cond: (mk.movie_id = t.id)
  ->  Seq Scan on movie_keyword mk  (cost=0.00..81003.12 rows=2333294 width=4) (actual time=0.024..761.138 rows=2332909 loops=1)
        Filter: (keyword_id > 4333)
        Rows Removed by Filter: 2191021
  ->  Hash  (cost=73925.90..73925.90 rows=61205 width=4) (actual time=846.704..846.704 rows=61581 loops=1)
        Buckets: 65536  Batches: 1  Memory Usage: 2677kB
        ->  Seq Scan on title t  (cost=0.00..73925.90 rows=61205 width=4) (actual time=445.462..827.703 rows=61581 loops=1)
              Filter: ((production_year > 2011) AND (kind_id = 1))
              Rows Removed by Filter: 2466731
Planning time: 0.762 ms
Execution time: 1884.279 ms
