Hash Join  (cost=100908.38..851924.77 rows=22715 width=0) (actual time=1821.120..16701.906 rows=130150 loops=1)
  Hash Cond: (ci.movie_id = t.id)
  ->  Seq Scan on cast_info ci  (cost=0.00..614943.12 rows=36225612 width=4) (actual time=0.023..7507.958 rows=36244344 loops=1)
  ->  Hash  (cost=100888.56..100888.56 rows=1586 width=8) (actual time=1820.550..1820.550 rows=5342 loops=1)
        Buckets: 8192 (originally 2048)  Batches: 1 (originally 1)  Memory Usage: 273kB
        ->  Hash Join  (cost=73962.22..100888.56 rows=1586 width=8) (actual time=1190.408..1818.239 rows=5342 loops=1)
              Hash Cond: (mi_idx.movie_id = t.id)
              ->  Seq Scan on movie_info_idx mi_idx  (cost=0.00..21735.35 rows=1380035 width=4) (actual time=0.023..345.824 rows=1380035 loops=1)
              ->  Hash  (cost=73925.90..73925.90 rows=2905 width=4) (actual time=1190.297..1190.297 rows=4962 loops=1)
                    Buckets: 8192 (originally 4096)  Batches: 1 (originally 1)  Memory Usage: 239kB
                    ->  Seq Scan on title t  (cost=0.00..73925.90 rows=2905 width=4) (actual time=2.267..1187.770 rows=4962 loops=1)
                          Filter: ((kind_id < 7) AND (production_year = 1964))
                          Rows Removed by Filter: 2523350
Planning time: 1.817 ms
Execution time: 16722.117 ms
