Hash Join  (cost=147521.74..633895.24 rows=615457 width=0) (actual time=4674.618..16894.350 rows=2250298 loops=1)
  Hash Cond: (mi.movie_id = t.id)
  ->  Seq Scan on movie_info mi  (cost=0.00..309384.22 rows=14739122 width=4) (actual time=0.014..6228.096 rows=14835720 loops=1)
  ->  Hash  (cost=145788.95..145788.95 rows=105583 width=8) (actual time=3003.738..3003.738 rows=200368 loops=1)
        Buckets: 131072 (originally 131072)  Batches: 4 (originally 2)  Memory Usage: 3073kB
        ->  Hash Join  (cost=69283.60..145788.95 rows=105583 width=8) (actual time=1194.198..2927.543 rows=200368 loops=1)
              Hash Cond: (mc.movie_id = t.id)
              ->  Seq Scan on movie_companies mc  (cost=0.00..44881.29 rows=2609129 width=4) (actual time=0.020..870.585 rows=2609129 loops=1)
              ->  Hash  (cost=67604.59..67604.59 rows=102321 width=4) (actual time=1101.592..1101.592 rows=100537 loops=1)
                    Buckets: 131072  Batches: 2  Memory Usage: 2797kB
                    ->  Seq Scan on title t  (cost=0.00..67604.59 rows=102321 width=4) (actual time=299.562..1065.605 rows=100537 loops=1)
                          Filter: (kind_id = 3)
                          Rows Removed by Filter: 2427775
Planning time: 1.138 ms
Execution time: 17160.585 ms
