Hash Join  (cost=190230.21..1205596.17 rows=6859166 width=0) (actual time=4157.794..31300.506 rows=14097977 loops=1)
  Hash Cond: (ci.movie_id = t.id)
  ->  Seq Scan on cast_info ci  (cost=0.00..796071.18 rows=12567498 width=4) (actual time=0.016..15797.959 rows=12390777 loops=1)
        Filter: ((person_id > 43316) AND (role_id = 1))
        Rows Removed by Filter: 23853567
  ->  Hash  (cost=167588.78..167588.78 rows=1380035 width=8) (actual time=4155.731..4155.731 rows=1380035 loops=1)
        Buckets: 131072  Batches: 32  Memory Usage: 2708kB
        ->  Hash Join  (cost=102767.86..167588.78 rows=1380035 width=8) (actual time=1772.222..3728.105 rows=1380035 loops=1)
              Hash Cond: (mi_idx.movie_id = t.id)
              ->  Seq Scan on movie_info_idx mi_idx  (cost=0.00..21735.35 rows=1380035 width=4) (actual time=0.017..396.728 rows=1380035 loops=1)
              ->  Hash  (cost=61283.27..61283.27 rows=2528527 width=4) (actual time=1771.177..1771.177 rows=2528312 loops=1)
                    Buckets: 131072  Batches: 64  Memory Usage: 2415kB
                    ->  Seq Scan on title t  (cost=0.00..61283.27 rows=2528527 width=4) (actual time=0.021..908.817 rows=2528312 loops=1)
Planning time: 1.162 ms
Execution time: 32917.682 ms
