Hash Join  (cost=282442.82..1684444.84 rows=31434584 width=0) (actual time=6466.497..61390.343 rows=106529504 loops=1)
  Hash Cond: (ci.movie_id = t.id)
  ->  Seq Scan on cast_info ci  (cost=0.00..614943.12 rows=36225612 width=4) (actual time=0.015..11797.137 rows=36244344 loops=1)
  ->  Hash  (cost=246445.37..246445.37 rows=2194116 width=8) (actual time=6465.482..6465.482 rows=2194236 loops=1)
        Buckets: 131072  Batches: 32  Memory Usage: 3685kB
        ->  Hash Join  (cost=102767.86..246445.37 rows=2194116 width=8) (actual time=1871.602..5809.518 rows=2194236 loops=1)
              Hash Cond: (mk.movie_id = t.id)
              ->  Seq Scan on movie_keyword mk  (cost=0.00..81003.12 rows=2194116 width=4) (actual time=0.013..1546.815 rows=2194236 loops=1)
                    Filter: (keyword_id > 5127)
                    Rows Removed by Filter: 2329694
              ->  Hash  (cost=61283.27..61283.27 rows=2528527 width=4) (actual time=1868.765..1868.765 rows=2528312 loops=1)
                    Buckets: 131072  Batches: 64  Memory Usage: 2425kB
                    ->  Seq Scan on title t  (cost=0.00..61283.27 rows=2528527 width=4) (actual time=0.014..1012.223 rows=2528312 loops=1)
Planning time: 1.120 ms
Execution time: 73176.639 ms
