Hash Join  (cost=78724.21..110967.85 rows=53770 width=0) (actual time=1113.970..1802.174 rows=65242 loops=1)
  Hash Cond: (mi_idx.movie_id = t.id)
  ->  Seq Scan on movie_info_idx mi_idx  (cost=0.00..25185.44 rows=464934 width=4) (actual time=0.023..404.087 rows=460185 loops=1)
        Filter: (info_type_id > 100)
        Rows Removed by Filter: 919850
  ->  Hash  (cost=73925.90..73925.90 rows=292424 width=4) (actual time=1113.151..1113.151 rows=231739 loops=1)
        Buckets: 131072  Batches: 4  Memory Usage: 3067kB
        ->  Seq Scan on title t  (cost=0.00..73925.90 rows=292424 width=4) (actual time=61.829..1039.704 rows=231739 loops=1)
              Filter: ((production_year > 2004) AND (kind_id = 1))
              Rows Removed by Filter: 2296573
Planning time: 0.800 ms
Execution time: 1811.308 ms
