Seq Scan on cast_info ci  (cost=0.00..796071.18 rows=324 width=0) (actual time=1481.155..11358.823 rows=707 loops=1)
  Filter: ((role_id > 1) AND (person_id = 956997))
  Rows Removed by Filter: 36243637
Planning time: 0.420 ms
Execution time: 11359.049 ms
