Seq Scan on title t  (cost=0.00..73925.90 rows=396392 width=0) (actual time=0.014..1169.647 rows=259799 loops=1)
  Filter: ((kind_id > 1) AND (production_year < 1982))
  Rows Removed by Filter: 2268513
Planning time: 0.344 ms
Execution time: 1204.798 ms
