Hash Join  (cost=339025.50..1243267.40 rows=11005107 width=209) (actual time=9563.114..55258.128 rows=56131363 loops=1)
  Hash Cond: (mi.movie_id = t.id)
  ->  Seq Scan on movie_info mi  (cost=0.00..309384.22 rows=14739122 width=75) (actual time=0.011..4977.037 rows=14835720 loops=1)
  ->  Hash  (cost=278551.14..278551.14 rows=1887949 width=134) (actual time=9561.221..9561.221 rows=1884032 loops=1)
        Buckets: 32768  Batches: 128  Memory Usage: 2437kB
        ->  Hash Join  (cost=129928.86..278551.14 rows=1887949 width=134) (actual time=2537.202..8209.669 rows=1884032 loops=1)
              Hash Cond: (mc.movie_id = t.id)
              ->  Seq Scan on movie_companies mc  (cost=0.00..51404.11 rows=1887949 width=40) (actual time=0.010..1301.518 rows=1884032 loops=1)
                    Filter: (company_id < 41434)
                    Rows Removed by Filter: 725097
              ->  Hash  (cost=61283.27..61283.27 rows=2528527 width=94) (actual time=2533.927..2533.927 rows=2528312 loops=1)
                    Buckets: 32768  Batches: 128  Memory Usage: 2453kB
                    ->  Seq Scan on title t  (cost=0.00..61283.27 rows=2528527 width=94) (actual time=0.020..1244.800 rows=2528312 loops=1)
Planning time: 1.284 ms
Execution time: 58341.064 ms
