Nested Loop  (cost=0.43..83071.67 rows=246 width=0) (actual time=4.075..1219.696 rows=109 loops=1)
  ->  Seq Scan on movie_keyword mk  (cost=0.00..81003.12 rows=246 width=4) (actual time=4.021..1215.730 rows=109 loops=1)
        Filter: (keyword_id = 13879)
        Rows Removed by Filter: 4523821
  ->  Index Only Scan using title_pkey on title t  (cost=0.43..8.40 rows=1 width=4) (actual time=0.032..0.033 rows=1 loops=109)
        Index Cond: (id = mk.movie_id)
        Heap Fetches: 109
Planning time: 0.719 ms
Execution time: 1219.835 ms
