Nested Loop  (cost=0.43..83072.29 rows=98 width=0) (actual time=189.200..1310.751 rows=4 loops=1)
  ->  Seq Scan on movie_keyword mk  (cost=0.00..81003.12 rows=246 width=4) (actual time=189.061..1310.223 rows=8 loops=1)
        Filter: (keyword_id = 64976)
        Rows Removed by Filter: 4523922
  ->  Index Scan using title_pkey on title t  (cost=0.43..8.40 rows=1 width=4) (actual time=0.060..0.060 rows=0 loops=8)
        Index Cond: (id = mk.movie_id)
        Filter: (production_year > 2005)
        Rows Removed by Filter: 0
Planning time: 0.754 ms
Execution time: 1310.866 ms
