Hash Join  (cost=256337.17..1375904.64 rows=14370731 width=0) (actual time=8648.208..53827.717 rows=106394655 loops=1)
  Hash Cond: (ci.movie_id = t.id)
  ->  Seq Scan on cast_info ci  (cost=0.00..705507.15 rows=20561804 width=4) (actual time=1653.187..13601.716 rows=20693037 loops=1)
        Filter: (person_id > 1534109)
        Rows Removed by Filter: 15551307
  ->  Hash  (cost=227343.19..227343.19 rows=1767198 width=8) (actual time=6993.406..6993.406 rows=3878469 loops=1)
        Buckets: 131072 (originally 131072)  Batches: 64 (originally 32)  Memory Usage: 3438kB
        ->  Hash Join  (cost=83810.17..227343.19 rows=1767198 width=8) (actual time=1311.591..5843.726 rows=3878469 loops=1)
              Hash Cond: (mk.movie_id = t.id)
              ->  Seq Scan on movie_keyword mk  (cost=0.00..69693.30 rows=4523930 width=4) (actual time=0.030..1329.200 rows=4523930 loops=1)
              ->  Hash  (cost=67604.59..67604.59 rows=987727 width=4) (actual time=1310.448..1310.448 rows=985048 loops=1)
                    Buckets: 131072  Batches: 16  Memory Usage: 3197kB
                    ->  Seq Scan on title t  (cost=0.00..67604.59 rows=987727 width=4) (actual time=0.028..990.049 rows=985048 loops=1)
                          Filter: (kind_id < 7)
                          Rows Removed by Filter: 1543264
Planning time: 4.127 ms
Execution time: 64652.204 ms
