Hash Join  (cost=224739.13..1192275.23 rows=4235608 width=0) (actual time=9493.591..26294.671 rows=10152672 loops=1)
  Hash Cond: (ci.movie_id = t.id)
  ->  Seq Scan on cast_info ci  (cost=0.00..796071.18 rows=10831959 width=4) (actual time=4080.072..15173.670 rows=8005226 loops=1)
        Filter: ((person_id < 3304520) AND (role_id > 3))
        Rows Removed by Filter: 28239118
  ->  Hash  (cost=208517.04..208517.04 rows=988727 width=8) (actual time=5412.182..5412.182 rows=1327807 loops=1)
        Buckets: 131072 (originally 131072)  Batches: 32 (originally 16)  Memory Usage: 3073kB
        ->  Hash Join  (cost=82805.75..208517.04 rows=988727 width=8) (actual time=1928.793..5037.539 rows=1327807 loops=1)
              Hash Cond: (mk.movie_id = t.id)
              ->  Seq Scan on movie_keyword mk  (cost=0.00..81003.12 rows=2698372 width=4) (actual time=0.027..1463.161 rows=2692226 loops=1)
                    Filter: (keyword_id < 7618)
                    Rows Removed by Filter: 1831704
              ->  Hash  (cost=67604.59..67604.59 rows=926493 width=4) (actual time=1926.170..1926.170 rows=924605 loops=1)
                    Buckets: 131072  Batches: 16  Memory Usage: 3063kB
                    ->  Seq Scan on title t  (cost=0.00..67604.59 rows=926493 width=4) (actual time=0.017..1042.781 rows=924605 loops=1)
                          Filter: (production_year < 1998)
                          Rows Removed by Filter: 1603707
Planning time: 1.397 ms
Execution time: 27194.976 ms
