Seq Scan on title t  (cost=0.00..73925.90 rows=47411 width=0) (actual time=366.540..944.711 rows=125362 loops=1)
  Filter: ((kind_id < 7) AND (production_year < 1934))
  Rows Removed by Filter: 2402950
Planning time: 0.320 ms
Execution time: 961.281 ms
