Hash Join  (cost=107891.44..862370.61 rows=368997 width=0) (actual time=1743.071..17895.640 rows=412234 loops=1)
  Hash Cond: (ci.movie_id = t.id)
  ->  Seq Scan on cast_info ci  (cost=0.00..614943.12 rows=36225612 width=4) (actual time=0.017..7969.535 rows=36244344 loops=1)
  ->  Hash  (cost=107569.49..107569.49 rows=25756 width=8) (actual time=1741.554..1741.554 rows=10287 loops=1)
        Buckets: 32768  Batches: 1  Memory Usage: 658kB
        ->  Hash Join  (cost=76243.83..107569.49 rows=25756 width=8) (actual time=1339.210..1737.521 rows=10287 loops=1)
              Hash Cond: (mi_idx.movie_id = t.id)
              ->  Seq Scan on movie_info_idx mi_idx  (cost=0.00..25185.44 rows=460978 width=4) (actual time=6.928..477.968 rows=459925 loops=1)
                    Filter: (info_type_id < 100)
                    Rows Removed by Filter: 920110
              ->  Hash  (cost=73925.90..73925.90 rows=141274 width=4) (actual time=1036.178..1036.178 rows=150659 loops=1)
                    Buckets: 131072  Batches: 2  Memory Usage: 3673kB
                    ->  Seq Scan on title t  (cost=0.00..73925.90 rows=141274 width=4) (actual time=0.026..978.949 rows=150659 loops=1)
                          Filter: ((production_year > 2011) AND (kind_id = 7))
                          Rows Removed by Filter: 2377653
Planning time: 1.184 ms
Execution time: 17956.634 ms
