Hash Join  (cost=83074.74..434048.47 rows=123 width=0) (actual time=1196.630..6191.417 rows=368 loops=1)
  Hash Cond: (mi.movie_id = t.id)
  ->  Seq Scan on movie_info mi  (cost=0.00..346232.03 rows=1264125 width=4) (actual time=0.026..4805.797 rows=1288928 loops=1)
        Filter: (info_type_id = 2)
        Rows Removed by Filter: 13546792
  ->  Hash  (cost=83071.67..83071.67 rows=246 width=8) (actual time=1194.239..1194.239 rows=536 loops=1)
        Buckets: 1024  Batches: 1  Memory Usage: 29kB
        ->  Nested Loop  (cost=0.43..83071.67 rows=246 width=8) (actual time=3.563..1193.795 rows=536 loops=1)
              ->  Seq Scan on movie_keyword mk  (cost=0.00..81003.12 rows=246 width=4) (actual time=3.469..1180.046 rows=536 loops=1)
                    Filter: (keyword_id = 2941)
                    Rows Removed by Filter: 4523394
              ->  Index Only Scan using title_pkey on title t  (cost=0.43..8.40 rows=1 width=4) (actual time=0.023..0.024 rows=1 loops=536)
                    Index Cond: (id = mk.movie_id)
                    Heap Fetches: 536
Planning time: 7.995 ms
Execution time: 6191.669 ms
