Hash Join  (cost=102767.86..215467.47 rows=2136831 width=0) (actual time=1738.709..4889.383 rows=2139487 loops=1)
  Hash Cond: (mc.movie_id = t.id)
  ->  Seq Scan on movie_companies mc  (cost=0.00..51404.11 rows=2136831 width=4) (actual time=0.031..1009.624 rows=2139487 loops=1)
        Filter: (company_id > 401)
        Rows Removed by Filter: 469642
  ->  Hash  (cost=61283.27..61283.27 rows=2528527 width=4) (actual time=1737.261..1737.261 rows=2528312 loops=1)
        Buckets: 131072  Batches: 64  Memory Usage: 2415kB
        ->  Seq Scan on title t  (cost=0.00..61283.27 rows=2528527 width=4) (actual time=0.022..902.939 rows=2528312 loops=1)
Planning time: 0.647 ms
Execution time: 5149.189 ms
