Nested Loop  (cost=0.43..709674.40 rows=78 width=0) (actual time=4029.374..10147.321 rows=4 loops=1)
  ->  Seq Scan on cast_info ci  (cost=0.00..705507.15 rows=500 width=4) (actual time=305.208..10140.631 rows=307 loops=1)
        Filter: (person_id = 265705)
        Rows Removed by Filter: 36244037
  ->  Index Scan using title_pkey on title t  (cost=0.43..8.32 rows=1 width=4) (actual time=0.021..0.021 rows=0 loops=307)
        Index Cond: (id = ci.movie_id)
        Filter: ((kind_id < 7) AND (production_year > 2005))
        Rows Removed by Filter: 1
Planning time: 0.778 ms
Execution time: 10147.441 ms
