Hash Join  (cost=160609.54..940549.44 rows=5104 width=0) (actual time=2500.811..14754.954 rows=559 loops=1)
  Hash Cond: (ci.movie_id = t.id)
  ->  Seq Scan on cast_info ci  (cost=0.00..705507.15 rows=14876337 width=4) (actual time=0.011..9991.000 rows=15042049 loops=1)
        Filter: (person_id > 2142858)
        Rows Removed by Filter: 21202295
  ->  Hash  (cost=160598.68..160598.68 rows=868 width=8) (actual time=2492.486..2492.486 rows=145 loops=1)
        Buckets: 1024  Batches: 1  Memory Usage: 14kB
        ->  Hash Join  (cost=73931.97..160598.68 rows=868 width=8) (actual time=1120.058..2492.385 rows=145 loops=1)
              Hash Cond: (mk.movie_id = t.id)
              ->  Seq Scan on movie_keyword mk  (cost=0.00..69693.30 rows=4523930 width=4) (actual time=0.007..713.559 rows=4523930 loops=1)
              ->  Hash  (cost=73925.90..73925.90 rows=485 width=4) (actual time=1106.832..1106.832 rows=298 loops=1)
                    Buckets: 1024  Batches: 1  Memory Usage: 19kB
                    ->  Seq Scan on title t  (cost=0.00..73925.90 rows=485 width=4) (actual time=3.418..1106.523 rows=298 loops=1)
                          Filter: ((kind_id > 1) AND (production_year > 2013))
                          Rows Removed by Filter: 2528014
Planning time: 1.301 ms
Execution time: 14755.312 ms
