Hash Join  (cost=146912.30..661219.43 rows=3233423 width=0) (actual time=3023.320..16101.676 rows=3650610 loops=1)
  Hash Cond: (mi.movie_id = t.id)
  ->  Seq Scan on movie_info mi  (cost=0.00..309384.22 rows=14739122 width=4) (actual time=0.018..5324.973 rows=14835720 loops=1)
  ->  Hash  (cost=137811.55..137811.55 rows=554700 width=8) (actual time=3021.729..3021.729 rows=404226 loops=1)
        Buckets: 131072  Batches: 8  Memory Usage: 2997kB
        ->  Hash Join  (cost=90601.07..137811.55 rows=554700 width=8) (actual time=1565.044..2891.126 rows=404226 loops=1)
              Hash Cond: (mi_idx.movie_id = t.id)
              ->  Seq Scan on movie_info_idx mi_idx  (cost=0.00..21735.35 rows=1380035 width=4) (actual time=0.017..404.928 rows=1380035 loops=1)
              ->  Hash  (cost=73925.90..73925.90 rows=1016333 width=4) (actual time=1564.053..1564.053 rows=1107438 loops=1)
                    Buckets: 131072  Batches: 16  Memory Usage: 3463kB
                    ->  Seq Scan on title t  (cost=0.00..73925.90 rows=1016333 width=4) (actual time=0.029..1213.622 rows=1107438 loops=1)
                          Filter: ((kind_id > 1) AND (production_year > 2000))
                          Rows Removed by Filter: 1420874
Planning time: 1.187 ms
Execution time: 16530.339 ms
