Seq Scan on movie_keyword mk  (cost=0.00..81003.12 rows=2493738 width=0) (actual time=0.026..1391.062 rows=2487249 loops=1)
  Filter: (keyword_id < 6049)
  Rows Removed by Filter: 2036681
Planning time: 0.313 ms
Execution time: 1708.981 ms
