Hash Join  (cost=168176.83..1263290.29 rows=5968229 width=0) (actual time=3412.011..33587.935 rows=7360444 loops=1)
  Hash Cond: (ci.movie_id = t.id)
  ->  Seq Scan on cast_info ci  (cost=0.00..614943.12 rows=36225612 width=4) (actual time=0.010..11799.886 rows=36244344 loops=1)
  ->  Hash  (cost=161341.59..161341.59 rows=416579 width=8) (actual time=3410.863..3410.863 rows=181381 loops=1)
        Buckets: 131072  Batches: 8  Memory Usage: 1898kB
        ->  Hash Join  (cost=80549.28..161341.59 rows=416579 width=8) (actual time=1467.739..3352.593 rows=181381 loops=1)
              Hash Cond: (mc.movie_id = t.id)
              ->  Seq Scan on movie_companies mc  (cost=0.00..44881.29 rows=2609129 width=4) (actual time=0.020..856.828 rows=2609129 loops=1)
              ->  Hash  (cost=73925.90..73925.90 rows=403710 width=4) (actual time=1209.807..1209.807 rows=434218 loops=1)
                    Buckets: 131072  Batches: 8  Memory Usage: 2935kB
                    ->  Seq Scan on title t  (cost=0.00..73925.90 rows=403710 width=4) (actual time=0.018..1073.614 rows=434218 loops=1)
                          Filter: ((production_year > 2008) AND (kind_id = 7))
                          Rows Removed by Filter: 2094094
Planning time: 1.790 ms
Execution time: 34464.153 ms
