Seq Scan on movie_keyword mk  (cost=0.00..81003.12 rows=875644 width=0) (actual time=0.025..1360.743 rows=883211 loops=1)
  Filter: (keyword_id < 835)
  Rows Removed by Filter: 3640719
Planning time: 0.348 ms
Execution time: 1474.848 ms
