Seq Scan on cast_info ci  (cost=0.00..796071.18 rows=10905732 width=0) (actual time=843.699..13632.815 rows=16923799 loops=1)
  Filter: ((person_id > 1932331) AND (role_id > 1))
  Rows Removed by Filter: 19320545
Planning time: 0.343 ms
Execution time: 15742.038 ms
