Hash Join  (cost=102767.86..1302413.72 rows=16361396 width=0) (actual time=5512.644..26769.647 rows=12572450 loops=1)
  Hash Cond: (ci.movie_id = t.id)
  ->  Seq Scan on cast_info ci  (cost=0.00..796071.18 rows=16361396 width=4) (actual time=3702.245..14786.520 rows=12572450 loops=1)
        Filter: ((person_id < 2604461) AND (role_id > 1))
        Rows Removed by Filter: 23671894
  ->  Hash  (cost=61283.27..61283.27 rows=2528527 width=4) (actual time=1808.917..1808.917 rows=2528312 loops=1)
        Buckets: 131072  Batches: 64  Memory Usage: 2415kB
        ->  Seq Scan on title t  (cost=0.00..61283.27 rows=2528527 width=4) (actual time=0.023..969.445 rows=2528312 loops=1)
Planning time: 0.780 ms
Execution time: 28162.707 ms
