Seq Scan on cast_info ci  (cost=0.00..796071.18 rows=3593476 width=0) (actual time=629.084..12326.767 rows=6760665 loops=1)
  Filter: ((person_id > 2275869) AND (role_id > 4))
  Rows Removed by Filter: 29483679
Planning time: 0.370 ms
Execution time: 13075.281 ms
