Hash Join  (cost=102767.86..226798.20 rows=2607645 width=0) (actual time=1883.850..5472.192 rows=2604417 loops=1)
  Hash Cond: (mc.movie_id = t.id)
  ->  Seq Scan on movie_companies mc  (cost=0.00..51404.11 rows=2607645 width=4) (actual time=0.022..1139.269 rows=2604417 loops=1)
        Filter: (company_id > 5)
        Rows Removed by Filter: 4712
  ->  Hash  (cost=61283.27..61283.27 rows=2528527 width=4) (actual time=1882.609..1882.609 rows=2528312 loops=1)
        Buckets: 131072  Batches: 64  Memory Usage: 2415kB
        ->  Seq Scan on title t  (cost=0.00..61283.27 rows=2528527 width=4) (actual time=0.010..1039.624 rows=2528312 loops=1)
Planning time: 0.578 ms
Execution time: 5766.287 ms
