Hash Join  (cost=101765.68..191559.63 rows=18575 width=0) (actual time=1779.523..3543.843 rows=179308 loops=1)
  Hash Cond: (mk.movie_id = t.id)
  ->  Seq Scan on movie_keyword mk  (cost=0.00..81003.12 rows=2294687 width=4) (actual time=0.018..1339.963 rows=2295655 loops=1)
        Filter: (keyword_id < 4917)
        Rows Removed by Filter: 2228275
  ->  Hash  (cost=101509.83..101509.83 rows=20468 width=8) (actual time=1778.499..1778.499 rows=39660 loops=1)
        Buckets: 65536 (originally 32768)  Batches: 1 (originally 1)  Memory Usage: 2062kB
        ->  Hash Join  (cost=74394.67..101509.83 rows=20468 width=8) (actual time=1103.106..1763.836 rows=39660 loops=1)
              Hash Cond: (mi_idx.movie_id = t.id)
              ->  Seq Scan on movie_info_idx mi_idx  (cost=0.00..21735.35 rows=1380035 width=4) (actual time=0.007..327.750 rows=1380035 loops=1)
              ->  Hash  (cost=73925.90..73925.90 rows=37501 width=4) (actual time=1102.762..1102.762 rows=32253 loops=1)
                    Buckets: 65536  Batches: 1  Memory Usage: 1646kB
                    ->  Seq Scan on title t  (cost=0.00..73925.90 rows=37501 width=4) (actual time=0.144..1089.627 rows=32253 loops=1)
                          Filter: ((kind_id < 7) AND (production_year = 2005))
                          Rows Removed by Filter: 2496059
Planning time: 3.679 ms
Execution time: 3567.407 ms
