Seq Scan on movie_keyword mk  (cost=0.00..81003.12 rows=766471 width=0) (actual time=0.018..1306.461 rows=766943 loops=1)
  Filter: (keyword_id < 723)
  Rows Removed by Filter: 3756987
Planning time: 0.353 ms
Execution time: 1403.147 ms
