Hash Join  (cost=74574.97..173417.99 rows=92622 width=0) (actual time=2197.278..3243.862 rows=19488 loops=1)
  Hash Cond: (mk.movie_id = t.id)
  ->  Seq Scan on movie_keyword mk  (cost=0.00..81003.12 rows=4510315 width=4) (actual time=0.021..1421.773 rows=4513080 loops=1)
        Filter: (keyword_id < 124377)
        Rows Removed by Filter: 10850
  ->  Hash  (cost=73925.90..73925.90 rows=51925 width=4) (actual time=1116.499..1116.499 rows=56480 loops=1)
        Buckets: 65536  Batches: 1  Memory Usage: 2498kB
        ->  Seq Scan on title t  (cost=0.00..73925.90 rows=51925 width=4) (actual time=0.014..1093.723 rows=56480 loops=1)
              Filter: ((kind_id = 7) AND (production_year = 2004))
              Rows Removed by Filter: 2471832
Planning time: 0.842 ms
Execution time: 3246.697 ms
