Seq Scan on movie_keyword mk  (cost=0.00..81003.12 rows=1567411 width=0) (actual time=0.014..1392.450 rows=1575303 loops=1)
  Filter: (keyword_id < 2383)
  Rows Removed by Filter: 2948627
Planning time: 0.370 ms
Execution time: 1597.267 ms
