Seq Scan on movie_keyword mk  (cost=0.00..81003.12 rows=4229151 width=0) (actual time=0.026..1522.961 rows=4231839 loops=1)
  Filter: (keyword_id < 55191)
  Rows Removed by Filter: 292091
Planning time: 5.965 ms
Execution time: 2065.573 ms
