Seq Scan on movie_companies mc  (cost=0.00..57926.93 rows=688319 width=0) (actual time=17.902..995.123 rows=943478 loops=1)
  Filter: ((company_id < 12094) AND (company_type_id < 2))
  Rows Removed by Filter: 1665651
Planning time: 0.427 ms
Execution time: 1123.909 ms
