Hash Join  (cost=195458.33..723535.11 rows=4523886 width=0) (actual time=3792.220..20974.149 rows=18282898 loops=1)
  Hash Cond: (mi.movie_id = t.id)
  ->  Seq Scan on movie_info mi  (cost=0.00..309384.22 rows=14739122 width=4) (actual time=0.023..5617.587 rows=14835720 loops=1)
  ->  Hash  (cost=182725.30..182725.30 rows=776082 width=8) (actual time=3791.370..3791.370 rows=766884 loops=1)
        Buckets: 131072  Batches: 16  Memory Usage: 2923kB
        ->  Hash Join  (cost=102767.86..182725.30 rows=776082 width=8) (actual time=1750.139..3572.682 rows=766884 loops=1)
              Hash Cond: (mc.movie_id = t.id)
              ->  Seq Scan on movie_companies mc  (cost=0.00..51404.11 rows=776082 width=4) (actual time=0.019..838.814 rows=766884 loops=1)
                    Filter: (company_id < 1604)
                    Rows Removed by Filter: 1842245
              ->  Hash  (cost=61283.27..61283.27 rows=2528527 width=4) (actual time=1748.719..1748.719 rows=2528312 loops=1)
                    Buckets: 131072  Batches: 64  Memory Usage: 2415kB
                    ->  Seq Scan on title t  (cost=0.00..61283.27 rows=2528527 width=4) (actual time=0.013..924.582 rows=2528312 loops=1)
Planning time: 1.239 ms
Execution time: 22936.902 ms
