Seq Scan on movie_keyword mk  (cost=0.00..81003.12 rows=292772 width=0) (actual time=0.025..1195.860 rows=289226 loops=1)
  Filter: (keyword_id > 55480)
  Rows Removed by Filter: 4234704
Planning time: 0.368 ms
Execution time: 1234.565 ms
