Hash Join  (cost=115592.72..600430.19 rows=471552 width=0) (actual time=2465.748..14817.700 rows=3352854 loops=1)
  Hash Cond: (mi.movie_id = t.id)
  ->  Seq Scan on movie_info mi  (cost=0.00..309384.22 rows=14739122 width=4) (actual time=0.017..5056.138 rows=14835720 loops=1)
  ->  Hash  (cost=114265.52..114265.52 rows=80896 width=8) (actual time=2464.947..2464.947 rows=180903 loops=1)
        Buckets: 131072 (originally 131072)  Batches: 4 (originally 2)  Memory Usage: 3073kB
        ->  Hash Join  (cost=81206.46..114265.52 rows=80896 width=8) (actual time=1270.959..2137.674 rows=180903 loops=1)
              Hash Cond: (mi_idx.movie_id = t.id)
              ->  Seq Scan on movie_info_idx mi_idx  (cost=0.00..25185.44 rows=460978 width=4) (actual time=0.023..516.594 rows=459925 loops=1)
                    Filter: (info_type_id < 100)
                    Rows Removed by Filter: 920110
              ->  Hash  (cost=73925.90..73925.90 rows=443724 width=4) (actual time=1270.036..1270.036 rows=536860 loops=1)
                    Buckets: 131072  Batches: 8  Memory Usage: 3395kB
                    ->  Seq Scan on title t  (cost=0.00..73925.90 rows=443724 width=4) (actual time=0.016..1097.520 rows=536860 loops=1)
                          Filter: ((kind_id < 7) AND (production_year < 2002))
                          Rows Removed by Filter: 1991452
Planning time: 1.315 ms
Execution time: 15251.454 ms
