Seq Scan on movie_keyword mk  (cost=0.00..81003.12 rows=1828530 width=0) (actual time=0.020..1364.546 rows=1833027 loops=1)
  Filter: (keyword_id > 7603)
  Rows Removed by Filter: 2690903
Planning time: 0.334 ms
Execution time: 1594.587 ms
