Seq Scan on movie_keyword mk  (cost=0.00..81003.12 rows=1038698 width=0) (actual time=0.022..1274.386 rows=1048687 loops=1)
  Filter: (keyword_id > 16924)
  Rows Removed by Filter: 3475243
Planning time: 0.343 ms
Execution time: 1409.328 ms
