Seq Scan on movie_keyword mk  (cost=0.00..81003.12 rows=246 width=0) (actual time=6.236..1316.659 rows=14 loops=1)
  Filter: (keyword_id = 53101)
  Rows Removed by Filter: 4523916
Planning time: 0.289 ms
Execution time: 1316.729 ms
