Hash Join  (cost=224468.50..386285.48 rows=2803803 width=0) (actual time=5342.593..10315.730 rows=4596607 loops=1)
  Hash Cond: (mk.movie_id = t.id)
  ->  Seq Scan on movie_keyword mk  (cost=0.00..69693.30 rows=4523930 width=4) (actual time=0.029..1372.933 rows=4523930 loops=1)
  ->  Hash  (cost=198757.64..198757.64 rows=1567109 width=8) (actual time=5339.395..5339.395 rows=1091178 loops=1)
        Buckets: 131072  Batches: 32  Memory Usage: 2342kB
        ->  Hash Join  (cost=98842.62..198757.64 rows=1567109 width=8) (actual time=1846.047..5012.402 rows=1091178 loops=1)
              Hash Cond: (mc.movie_id = t.id)
              ->  Seq Scan on movie_companies mc  (cost=0.00..44881.29 rows=2609129 width=4) (actual time=0.013..872.362 rows=2609129 loops=1)
              ->  Hash  (cost=73925.90..73925.90 rows=1518697 width=4) (actual time=1845.012..1845.012 rows=1639682 loops=1)
                    Buckets: 131072  Batches: 32  Memory Usage: 2832kB
                    ->  Seq Scan on title t  (cost=0.00..73925.90 rows=1518697 width=4) (actual time=0.012..1310.507 rows=1639682 loops=1)
                          Filter: ((kind_id > 1) AND (production_year > 1971))
                          Rows Removed by Filter: 888630
Planning time: 2.043 ms
Execution time: 10880.962 ms
