Hash Join  (cost=842209.15..1420296.63 rows=577504 width=0) (actual time=15973.116..28960.285 rows=3505739 loops=1)
  Hash Cond: (mi.movie_id = t.id)
  ->  Seq Scan on movie_info mi  (cost=0.00..309384.22 rows=14739122 width=4) (actual time=0.020..5711.855 rows=14835720 loops=1)
  ->  Hash  (cost=840583.75..840583.75 rows=99072 width=8) (actual time=15972.317..15972.317 rows=81010 loops=1)
        Buckets: 131072  Batches: 2  Memory Usage: 2644kB
        ->  Hash Join  (cost=74121.73..840583.75 rows=99072 width=8) (actual time=969.070..15918.968 rows=81010 loops=1)
              Hash Cond: (ci.movie_id = t.id)
              ->  Seq Scan on cast_info ci  (cost=0.00..705507.15 rows=15990439 width=4) (actual time=0.017..11443.629 rows=15890846 loops=1)
                    Filter: (person_id < 1570989)
                    Rows Removed by Filter: 20353498
              ->  Hash  (cost=73925.90..73925.90 rows=15666 width=4) (actual time=968.944..968.944 rows=10437 loops=1)
                    Buckets: 16384  Batches: 1  Memory Usage: 495kB
                    ->  Seq Scan on title t  (cost=0.00..73925.90 rows=15666 width=4) (actual time=0.022..964.092 rows=10437 loops=1)
                          Filter: ((kind_id < 3) AND (production_year = 2000))
                          Rows Removed by Filter: 2517875
Planning time: 1.341 ms
Execution time: 29415.228 ms
