Hash Join  (cost=83810.17..194534.05 rows=653055 width=0) (actual time=1382.695..4193.387 rows=1418658 loops=1)
  Hash Cond: (mk.movie_id = t.id)
  ->  Seq Scan on movie_keyword mk  (cost=0.00..81003.12 rows=1671786 width=4) (actual time=0.012..1481.100 rows=1683037 loops=1)
        Filter: (keyword_id > 8628)
        Rows Removed by Filter: 2840893
  ->  Hash  (cost=67604.59..67604.59 rows=987727 width=4) (actual time=1381.991..1381.991 rows=985048 loops=1)
        Buckets: 131072  Batches: 16  Memory Usage: 3197kB
        ->  Seq Scan on title t  (cost=0.00..67604.59 rows=987727 width=4) (actual time=0.020..1055.285 rows=985048 loops=1)
              Filter: (kind_id < 7)
              Rows Removed by Filter: 1543264
Planning time: 0.785 ms
Execution time: 4373.440 ms
