Seq Scan on cast_info ci  (cost=0.00..705507.15 rows=23167986 width=0) (actual time=0.021..11224.623 rows=23232982 loops=1)
  Filter: (person_id > 1285696)
  Rows Removed by Filter: 13011362
Planning time: 0.365 ms
Execution time: 14119.996 ms
