Hash Join  (cost=175027.18..1030778.63 rows=1341496 width=0) (actual time=3750.156..18585.193 rows=1864465 loops=1)
  Hash Cond: (ci.movie_id = t.id)
  ->  Seq Scan on cast_info ci  (cost=0.00..796071.18 rows=3690749 width=4) (actual time=0.018..12784.844 rows=2193617 loops=1)
        Filter: ((person_id < 1066252) AND (role_id > 3))
        Rows Removed by Filter: 34050727
  ->  Hash  (cost=159947.97..159947.97 rows=919057 width=8) (actual time=3748.975..3748.975 rows=920110 loops=1)
        Buckets: 131072  Batches: 16  Memory Usage: 3269kB
        ->  Hash Join  (cost=102767.86..159947.97 rows=919057 width=8) (actual time=1869.241..3504.644 rows=920110 loops=1)
              Hash Cond: (mi_idx.movie_id = t.id)
              ->  Seq Scan on movie_info_idx mi_idx  (cost=0.00..25185.44 rows=919057 width=4) (actual time=0.029..546.993 rows=920110 loops=1)
                    Filter: (info_type_id > 99)
                    Rows Removed by Filter: 459925
              ->  Hash  (cost=61283.27..61283.27 rows=2528527 width=4) (actual time=1867.649..1867.649 rows=2528312 loops=1)
                    Buckets: 131072  Batches: 64  Memory Usage: 2415kB
                    ->  Seq Scan on title t  (cost=0.00..61283.27 rows=2528527 width=4) (actual time=0.016..1019.293 rows=2528312 loops=1)
Planning time: 1.189 ms
Execution time: 18813.915 ms
