Seq Scan on cast_info ci  (cost=0.00..705507.15 rows=7094158 width=0) (actual time=0.017..10794.640 rows=7042463 loops=1)
  Filter: (person_id < 679915)
  Rows Removed by Filter: 29201881
Planning time: 0.347 ms
Execution time: 11670.247 ms
