Hash Join  (cost=74531.43..442011.11 rows=282375 width=0) (actual time=1039.078..8702.102 rows=490132 loops=1)
  Hash Cond: (mi.movie_id = t.id)
  ->  Seq Scan on movie_info mi  (cost=0.00..309384.22 rows=14739122 width=4) (actual time=0.011..3311.960 rows=14835720 loops=1)
  ->  Hash  (cost=73925.90..73925.90 rows=48442 width=4) (actual time=1038.714..1038.714 rows=62614 loops=1)
        Buckets: 65536  Batches: 1  Memory Usage: 2714kB
        ->  Seq Scan on title t  (cost=0.00..73925.90 rows=48442 width=4) (actual time=0.021..1014.286 rows=62614 loops=1)
              Filter: ((production_year < 2003) AND (kind_id = 3))
              Rows Removed by Filter: 2465698
Planning time: 0.794 ms
Execution time: 8769.100 ms
