Seq Scan on movie_keyword mk  (cost=0.00..81003.12 rows=246 width=0) (actual time=35.625..1309.733 rows=22 loops=1)
  Filter: (keyword_id = 28111)
  Rows Removed by Filter: 4523908
Planning time: 0.494 ms
Execution time: 1309.847 ms
