Seq Scan on movie_companies mc  (cost=0.00..57926.93 rows=383619 width=0) (actual time=326.330..874.065 rows=702601 loops=1)
  Filter: ((company_id > 35809) AND (company_type_id > 1))
  Rows Removed by Filter: 1906528
Planning time: 0.339 ms
Execution time: 955.401 ms
