Hash Join  (cost=70241.71..185566.39 rows=175576 width=0) (actual time=1061.736..3648.245 rows=93966 loops=1)
  Hash Cond: (mk.movie_id = t.id)
  ->  Seq Scan on movie_keyword mk  (cost=0.00..81003.12 rows=2762079 width=4) (actual time=0.015..1527.760 rows=2754759 loops=1)
        Filter: (keyword_id > 2867)
        Rows Removed by Filter: 1769171
  ->  Hash  (cost=67604.59..67604.59 rows=160730 width=4) (actual time=1060.970..1060.970 rows=160017 loops=1)
        Buckets: 131072  Batches: 4  Memory Usage: 2442kB
        ->  Seq Scan on title t  (cost=0.00..67604.59 rows=160730 width=4) (actual time=0.023..1003.006 rows=160017 loops=1)
              Filter: (production_year = 2011)
              Rows Removed by Filter: 2368295
Planning time: 0.817 ms
Execution time: 3660.675 ms
