Seq Scan on cast_info ci  (cost=0.00..796071.18 rows=694406 width=0) (actual time=554.246..7764.771 rows=252604 loops=1)
  Filter: ((person_id < 98301) AND (role_id > 1))
  Rows Removed by Filter: 35991740
Planning time: 0.403 ms
Execution time: 7788.349 ms
