Nested Loop  (cost=0.43..58375.18 rows=53 width=0) (actual time=863.769..947.208 rows=1 loops=1)
  ->  Seq Scan on movie_companies mc  (cost=0.00..57926.93 rows=53 width=4) (actual time=863.697..947.133 rows=1 loops=1)
        Filter: ((company_type_id > 1) AND (company_id = 39474))
        Rows Removed by Filter: 2609128
  ->  Index Only Scan using title_pkey on title t  (cost=0.43..8.45 rows=1 width=4) (actual time=0.060..0.061 rows=1 loops=1)
        Index Cond: (id = mc.movie_id)
        Heap Fetches: 1
Planning time: 0.822 ms
Execution time: 947.278 ms
