Hash Join  (cost=83810.17..157024.30 rows=288584 width=0) (actual time=1669.922..2786.533 rows=520974 loops=1)
  Hash Cond: (mc.movie_id = t.id)
  ->  Seq Scan on movie_companies mc  (cost=0.00..57926.93 rows=738760 width=4) (actual time=411.282..903.059 rows=525078 loops=1)
        Filter: ((company_id > 7404) AND (company_type_id = 1))
        Rows Removed by Filter: 2084051
  ->  Hash  (cost=67604.59..67604.59 rows=987727 width=4) (actual time=1257.699..1257.699 rows=985048 loops=1)
        Buckets: 131072  Batches: 16  Memory Usage: 3188kB
        ->  Seq Scan on title t  (cost=0.00..67604.59 rows=987727 width=4) (actual time=0.029..951.497 rows=985048 loops=1)
              Filter: (kind_id < 7)
              Rows Removed by Filter: 1543264
Planning time: 0.764 ms
Execution time: 2855.822 ms
