Seq Scan on cast_info ci  (cost=0.00..705507.15 rows=12409407 width=0) (actual time=0.025..10501.914 rows=12509892 loops=1)
  Filter: (person_id > 2432154)
  Rows Removed by Filter: 23734452
Planning time: 0.419 ms
Execution time: 12083.245 ms
