Seq Scan on cast_info ci  (cost=0.00..796071.18 rows=1696100 width=0) (actual time=5496.743..10462.115 rows=3406375 loops=1)
  Filter: ((person_id < 457385) AND (role_id < 2))
  Rows Removed by Filter: 32837969
Planning time: 0.320 ms
Execution time: 10869.310 ms
