Seq Scan on movie_keyword mk  (cost=0.00..81003.12 rows=246 width=0) (actual time=0.138..1070.286 rows=640 loops=1)
  Filter: (keyword_id = 9766)
  Rows Removed by Filter: 4523290
Planning time: 0.427 ms
Execution time: 1070.624 ms
