Nested Loop  (cost=0.43..111580.24 rows=1591 width=0) (actual time=0.641..1352.701 rows=3347 loops=1)
  ->  Seq Scan on movie_keyword mk  (cost=0.00..81003.12 rows=4072 width=4) (actual time=0.609..1210.041 rows=3792 loops=1)
        Filter: (keyword_id = 1617)
        Rows Removed by Filter: 4520138
  ->  Index Scan using title_pkey on title t  (cost=0.43..7.50 rows=1 width=4) (actual time=0.036..0.037 rows=1 loops=3792)
        Index Cond: (id = mk.movie_id)
        Filter: (kind_id < 7)
        Rows Removed by Filter: 0
Planning time: 0.808 ms
Execution time: 1353.931 ms
