Hash Join  (cost=79715.19..550119.34 rows=1322296 width=0) (actual time=1366.848..11936.837 rows=2138545 loops=1)
  Hash Cond: (mi.movie_id = t.id)
  ->  Seq Scan on movie_info mi  (cost=0.00..346232.03 rows=9476311 width=4) (actual time=135.441..5666.740 rows=9565151 loops=1)
        Filter: (info_type_id < 16)
        Rows Removed by Filter: 5270569
  ->  Hash  (cost=73925.90..73925.90 rows=352823 width=4) (actual time=1227.623..1227.623 rows=302088 loops=1)
        Buckets: 131072  Batches: 8  Memory Usage: 2348kB
        ->  Seq Scan on title t  (cost=0.00..73925.90 rows=352823 width=4) (actual time=0.035..1127.069 rows=302088 loops=1)
              Filter: ((kind_id < 7) AND (production_year > 2006))
              Rows Removed by Filter: 2226224
Planning time: 0.842 ms
Execution time: 12191.589 ms
