Hash Join  (cost=210486.95..785470.39 rows=6320934 width=0) (actual time=5276.585..25123.921 rows=21578241 loops=1)
  Hash Cond: (mi.movie_id = t.id)
  ->  Seq Scan on movie_info mi  (cost=0.00..346232.03 rows=13929354 width=4) (actual time=0.016..6677.006 rows=14033580 loops=1)
        Filter: (info_type_id > 1)
        Rows Removed by Filter: 802140
  ->  Hash  (cost=191661.35..191661.35 rows=1147408 width=8) (actual time=5275.719..5275.719 rows=1155215 loops=1)
        Buckets: 131072  Batches: 16  Memory Usage: 3877kB
        ->  Hash Join  (cost=102767.86..191661.35 rows=1147408 width=8) (actual time=1765.567..4895.861 rows=1155215 loops=1)
              Hash Cond: (mc.movie_id = t.id)
              ->  Seq Scan on movie_companies mc  (cost=0.00..51404.11 rows=1147408 width=4) (actual time=0.018..882.611 rows=1155215 loops=1)
                    Filter: (company_id > 13015)
                    Rows Removed by Filter: 1453914
              ->  Hash  (cost=61283.27..61283.27 rows=2528527 width=4) (actual time=1764.616..1764.616 rows=2528312 loops=1)
                    Buckets: 131072  Batches: 64  Memory Usage: 2415kB
                    ->  Seq Scan on title t  (cost=0.00..61283.27 rows=2528527 width=4) (actual time=0.010..927.402 rows=2528312 loops=1)
Planning time: 1.273 ms
Execution time: 27397.008 ms
