Hash Join  (cost=201966.88..1033626.48 rows=682662 width=0) (actual time=4900.559..18420.797 rows=2835206 loops=1)
  Hash Cond: (ci.movie_id = t.id)
  ->  Seq Scan on cast_info ci  (cost=0.00..796071.18 rows=2225281 width=4) (actual time=517.299..10899.011 rows=4493867 loops=1)
        Filter: ((person_id < 601000) AND (role_id = 1))
        Rows Removed by Filter: 31750477
  ->  Hash  (cost=189239.76..189239.76 rows=775690 width=8) (actual time=4382.350..4382.350 rows=996055 loops=1)
        Buckets: 131072  Batches: 16  Memory Usage: 3455kB
        ->  Hash Join  (cost=102767.86..189239.76 rows=775690 width=8) (actual time=1745.577..4075.976 rows=996055 loops=1)
              Hash Cond: (mc.movie_id = t.id)
              ->  Seq Scan on movie_companies mc  (cost=0.00..57926.93 rows=775690 width=4) (actual time=0.032..1042.065 rows=996055 loops=1)
                    Filter: ((company_id > 6926) AND (company_type_id > 1))
                    Rows Removed by Filter: 1613074
              ->  Hash  (cost=61283.27..61283.27 rows=2528527 width=4) (actual time=1744.651..1744.651 rows=2528312 loops=1)
                    Buckets: 131072  Batches: 64  Memory Usage: 2415kB
                    ->  Seq Scan on title t  (cost=0.00..61283.27 rows=2528527 width=4) (actual time=0.019..884.845 rows=2528312 loops=1)
Planning time: 1.255 ms
Execution time: 18744.543 ms
