Hash Join  (cost=74574.97..459439.06 rows=200572 width=0) (actual time=1370.220..9857.477 rows=98556 loops=1)
  Hash Cond: (mi.movie_id = t.id)
  ->  Seq Scan on movie_info mi  (cost=0.00..346232.03 rows=9767026 width=4) (actual time=0.012..6226.723 rows=9911754 loops=1)
        Filter: (info_type_id > 4)
        Rows Removed by Filter: 4923966
  ->  Hash  (cost=73925.90..73925.90 rows=51925 width=4) (actual time=1288.838..1288.838 rows=56480 loops=1)
        Buckets: 65536  Batches: 1  Memory Usage: 2498kB
        ->  Seq Scan on title t  (cost=0.00..73925.90 rows=51925 width=4) (actual time=0.018..1264.672 rows=56480 loops=1)
              Filter: ((kind_id = 7) AND (production_year = 2004))
              Rows Removed by Filter: 2471832
Planning time: 9.750 ms
Execution time: 9871.000 ms
