Seq Scan on movie_companies mc  (cost=0.00..57926.93 rows=51 width=0) (actual time=0.270..768.601 rows=30 loops=1)
  Filter: ((company_id = 4123) AND (company_type_id = 1))
  Rows Removed by Filter: 2609099
Planning time: 1.495 ms
Execution time: 768.706 ms
