Hash Join  (cost=114482.77..465790.97 rows=30439 width=0) (actual time=3674.134..6380.458 rows=6292 loops=1)
  Hash Cond: (mi.movie_id = t.id)
  ->  Seq Scan on movie_info mi  (cost=0.00..346232.03 rows=1272478 width=4) (actual time=1927.644..4398.413 rows=1325361 loops=1)
        Filter: (info_type_id = 8)
        Rows Removed by Filter: 13510359
  ->  Hash  (cost=113726.72..113726.72 rows=60484 width=8) (actual time=1744.943..1744.943 rows=13408 loops=1)
        Buckets: 65536  Batches: 1  Memory Usage: 1036kB
        ->  Hash Join  (cost=76656.98..113726.72 rows=60484 width=8) (actual time=1200.882..1740.278 rows=13408 loops=1)
              Hash Cond: (mi_idx.movie_id = t.id)
              ->  Seq Scan on movie_info_idx mi_idx  (cost=0.00..25185.44 rows=919057 width=4) (actual time=0.024..463.541 rows=920110 loops=1)
                    Filter: (info_type_id > 99)
                    Rows Removed by Filter: 459925
              ->  Hash  (cost=73925.90..73925.90 rows=166406 width=4) (actual time=907.680..907.680 rows=66078 loops=1)
                    Buckets: 131072  Batches: 4  Memory Usage: 1604kB
                    ->  Seq Scan on title t  (cost=0.00..73925.90 rows=166406 width=4) (actual time=0.024..883.879 rows=66078 loops=1)
                          Filter: ((production_year < 1963) AND (kind_id = 7))
                          Rows Removed by Filter: 2462234
Planning time: 1.198 ms
Execution time: 6381.496 ms
