Hash Join  (cost=78048.33..944328.79 rows=1264459 width=0) (actual time=1769.899..19903.638 rows=585995 loops=1)
  Hash Cond: (ci.movie_id = t.id)
  ->  Seq Scan on cast_info ci  (cost=0.00..705507.15 rows=12726058 width=4) (actual time=0.017..12862.264 rows=12670688 loops=1)
        Filter: (role_id = 1)
        Rows Removed by Filter: 23573656
  ->  Hash  (cost=73925.90..73925.90 rows=251234 width=4) (actual time=1769.143..1769.143 rows=120249 loops=1)
        Buckets: 131072  Batches: 4  Memory Usage: 2080kB
        ->  Seq Scan on title t  (cost=0.00..73925.90 rows=251234 width=4) (actual time=0.127..1018.455 rows=120249 loops=1)
              Filter: ((kind_id > 1) AND (production_year < 1968))
              Rows Removed by Filter: 2408063
Planning time: 0.847 ms
Execution time: 19975.280 ms
