Hash Join  (cost=102767.86..1664040.16 rows=35153671 width=0) (actual time=2391.652..47648.461 rows=35146905 loops=1)
  Hash Cond: (ci.movie_id = t.id)
  ->  Seq Scan on cast_info ci  (cost=0.00..705507.15 rows=35153671 width=4) (actual time=0.026..15813.193 rows=35146905 loops=1)
        Filter: (person_id < 3848883)
        Rows Removed by Filter: 1097439
  ->  Hash  (cost=61283.27..61283.27 rows=2528527 width=4) (actual time=2390.090..2390.090 rows=2528312 loops=1)
        Buckets: 131072  Batches: 64  Memory Usage: 2415kB
        ->  Seq Scan on title t  (cost=0.00..61283.27 rows=2528527 width=4) (actual time=0.008..906.389 rows=2528312 loops=1)
Planning time: 0.775 ms
Execution time: 51975.529 ms
