Hash Join  (cost=168015.13..1262610.87 rows=5917857 width=0) (actual time=4210.047..41659.100 rows=26627082 loops=1)
  Hash Cond: (ci.movie_id = t.id)
  ->  Seq Scan on cast_info ci  (cost=0.00..614943.12 rows=36225612 width=4) (actual time=0.012..13441.650 rows=36244344 loops=1)
  ->  Hash  (cost=161237.85..161237.85 rows=413063 width=8) (actual time=4208.848..4208.848 rows=1016498 loops=1)
        Buckets: 131072 (originally 131072)  Batches: 16 (originally 8)  Memory Usage: 3524kB
        ->  Hash Join  (cost=80493.69..161237.85 rows=413063 width=8) (actual time=1400.397..3894.910 rows=1016498 loops=1)
              Hash Cond: (mc.movie_id = t.id)
              ->  Seq Scan on movie_companies mc  (cost=0.00..44881.29 rows=2609129 width=4) (actual time=0.014..856.399 rows=2609129 loops=1)
              ->  Hash  (cost=73925.90..73925.90 rows=400303 width=4) (actual time=1399.480..1399.480 rows=500611 loops=1)
                    Buckets: 131072  Batches: 8  Memory Usage: 3236kB
                    ->  Seq Scan on title t  (cost=0.00..73925.90 rows=400303 width=4) (actual time=0.023..1241.069 rows=500611 loops=1)
                          Filter: ((kind_id < 7) AND (production_year < 2000))
                          Rows Removed by Filter: 2027701
Planning time: 1.235 ms
Execution time: 44561.575 ms
