Seq Scan on movie_companies mc  (cost=0.00..57926.93 rows=746512 width=0) (actual time=94.135..967.432 rows=1024274 loops=1)
  Filter: ((company_id < 14060) AND (company_type_id = 1))
  Rows Removed by Filter: 1584855
Planning time: 0.366 ms
Execution time: 1099.810 ms
