Hash Join  (cost=133304.41..267058.63 rows=536816 width=0) (actual time=3430.571..6323.932 rows=397545 loops=1)
  Hash Cond: (mk.movie_id = t.id)
  ->  Seq Scan on movie_keyword mk  (cost=0.00..81003.12 rows=3982650 width=4) (actual time=0.006..1715.605 rows=3982530 loops=1)
        Filter: (keyword_id > 382)
        Rows Removed by Filter: 541400
  ->  Hash  (cost=127712.19..127712.19 rows=340817 width=8) (actual time=2849.444..2849.444 rows=187647 loops=1)
        Buckets: 131072  Batches: 8  Memory Usage: 1955kB
        ->  Hash Join  (cost=84171.54..127712.19 rows=340817 width=8) (actual time=1773.021..2533.614 rows=187647 loops=1)
              Hash Cond: (mi_idx.movie_id = t.id)
              ->  Seq Scan on movie_info_idx mi_idx  (cost=0.00..21735.35 rows=1380035 width=4) (actual time=0.023..448.644 rows=1380035 loops=1)
              ->  Hash  (cost=73925.90..73925.90 rows=624451 width=4) (actual time=1309.866..1309.866 rows=521141 loops=1)
                    Buckets: 131072  Batches: 16  Memory Usage: 2168kB
                    ->  Seq Scan on title t  (cost=0.00..73925.90 rows=624451 width=4) (actual time=377.065..1144.023 rows=521141 loops=1)
                          Filter: ((production_year < 2000) AND (kind_id = 7))
                          Rows Removed by Filter: 2007171
Planning time: 0.823 ms
Execution time: 6376.983 ms
