Hash Join  (cost=77347.14..959801.47 rows=569605 width=0) (actual time=1015.106..19491.774 rows=1147204 loops=1)
  Hash Cond: (ci.movie_id = t.id)
  ->  Seq Scan on cast_info ci  (cost=0.00..796071.18 rows=6907760 width=4) (actual time=0.018..13554.955 rows=10830152 loops=1)
        Filter: ((person_id > 2080597) AND (role_id > 2))
        Rows Removed by Filter: 25414192
  ->  Hash  (cost=73925.90..73925.90 rows=208499 width=4) (actual time=1014.339..1014.339 rows=182393 loops=1)
        Buckets: 131072  Batches: 4  Memory Usage: 2628kB
        ->  Seq Scan on title t  (cost=0.00..73925.90 rows=208499 width=4) (actual time=0.022..958.604 rows=182393 loops=1)
              Filter: ((production_year > 2007) AND (kind_id = 1))
              Rows Removed by Filter: 2345919
Planning time: 0.843 ms
Execution time: 19637.066 ms
