Seq Scan on movie_companies mc  (cost=0.00..51404.11 rows=104 width=0) (actual time=143.225..685.419 rows=18 loops=1)
  Filter: (company_id = 40404)
  Rows Removed by Filter: 2609111
Planning time: 0.394 ms
Execution time: 685.502 ms
