Hash Join  (cost=190230.21..345424.63 rows=2206193 width=0) (actual time=4769.869..11956.075 rows=9303736 loops=1)
  Hash Cond: (mk.movie_id = t.id)
  ->  Seq Scan on movie_keyword mk  (cost=0.00..81003.12 rows=4042229 width=4) (actual time=0.015..1716.824 rows=4046459 loops=1)
        Filter: (keyword_id < 37419)
        Rows Removed by Filter: 477471
  ->  Hash  (cost=167588.78..167588.78 rows=1380035 width=8) (actual time=4768.914..4768.914 rows=1380035 loops=1)
        Buckets: 131072  Batches: 32  Memory Usage: 2726kB
        ->  Hash Join  (cost=102767.86..167588.78 rows=1380035 width=8) (actual time=1748.740..3695.358 rows=1380035 loops=1)
              Hash Cond: (mi_idx.movie_id = t.id)
              ->  Seq Scan on movie_info_idx mi_idx  (cost=0.00..21735.35 rows=1380035 width=4) (actual time=0.023..417.120 rows=1380035 loops=1)
              ->  Hash  (cost=61283.27..61283.27 rows=2528527 width=4) (actual time=1747.799..1747.799 rows=2528312 loops=1)
                    Buckets: 131072  Batches: 64  Memory Usage: 2415kB
                    ->  Seq Scan on title t  (cost=0.00..61283.27 rows=2528527 width=4) (actual time=0.020..893.393 rows=2528312 loops=1)
Planning time: 1.164 ms
Execution time: 13084.892 ms
