Hash Join  (cost=101489.21..1116843.47 rows=8222945 width=0) (actual time=8309.675..21544.736 rows=6192765 loops=1)
  Hash Cond: (ci.movie_id = t.id)
  ->  Seq Scan on cast_info ci  (cost=0.00..796071.18 rows=10067126 width=4) (actual time=6494.471..13967.699 rows=7269468 loops=1)
        Filter: ((person_id > 724934) AND (role_id = 1))
        Rows Removed by Filter: 28974876
  ->  Hash  (cost=67604.59..67604.59 rows=2065330 width=4) (actual time=1814.036..1814.036 rows=2064552 loops=1)
        Buckets: 131072  Batches: 32  Memory Usage: 3289kB
        ->  Seq Scan on title t  (cost=0.00..67604.59 rows=2065330 width=4) (actual time=0.038..1172.795 rows=2064552 loops=1)
              Filter: (production_year < 2011)
              Rows Removed by Filter: 463760
Planning time: 0.812 ms
Execution time: 22220.561 ms
