Hash Join  (cost=298984.75..880376.07 rows=9443249 width=0) (actual time=5868.359..18936.482 rows=12999023 loops=1)
  Hash Cond: (mi.movie_id = t.id)
  ->  Seq Scan on movie_info mi  (cost=0.00..346232.03 rows=9293409 width=4) (actual time=0.022..5742.569 rows=9425200 loops=1)
        Filter: (info_type_id > 5)
        Rows Removed by Filter: 5410520
  ->  Hash  (cost=256831.56..256831.56 rows=2569295 width=8) (actual time=5866.363..5866.363 rows=1262774 loops=1)
        Buckets: 131072  Batches: 64  Memory Usage: 1803kB
        ->  Hash Join  (cost=98137.04..256831.56 rows=2569295 width=8) (actual time=1655.392..5494.394 rows=1262774 loops=1)
              Hash Cond: (mk.movie_id = t.id)
              ->  Seq Scan on movie_keyword mk  (cost=0.00..81003.12 rows=3490890 width=4) (actual time=0.014..1636.643 rows=3485625 loops=1)
                    Filter: (keyword_id < 17084)
                    Rows Removed by Filter: 1038305
              ->  Hash  (cost=67604.59..67604.59 rows=1860996 width=4) (actual time=1654.409..1654.409 rows=1865487 loops=1)
                    Buckets: 131072  Batches: 32  Memory Usage: 3085kB
                    ->  Seq Scan on title t  (cost=0.00..67604.59 rows=1860996 width=4) (actual time=0.011..1059.439 rows=1865487 loops=1)
                          Filter: (kind_id > 1)
                          Rows Removed by Filter: 662825
Planning time: 1.208 ms
Execution time: 20337.335 ms
