Hash Join  (cost=102767.86..1581743.39 rows=31733562 width=0) (actual time=1689.282..45086.014 rows=31878387 loops=1)
  Hash Cond: (ci.movie_id = t.id)
  ->  Seq Scan on cast_info ci  (cost=0.00..705507.15 rows=31733562 width=4) (actual time=0.008..15535.272 rows=31878387 loops=1)
        Filter: (person_id > 421492)
        Rows Removed by Filter: 4365957
  ->  Hash  (cost=61283.27..61283.27 rows=2528527 width=4) (actual time=1688.465..1688.465 rows=2528312 loops=1)
        Buckets: 131072  Batches: 64  Memory Usage: 2415kB
        ->  Seq Scan on title t  (cost=0.00..61283.27 rows=2528527 width=4) (actual time=0.009..895.190 rows=2528312 loops=1)
Planning time: 0.566 ms
Execution time: 48632.661 ms
