Hash Join  (cost=68438.72..128144.58 rows=54584 width=0) (actual time=1049.617..2569.716 rows=46469 loops=1)
  Hash Cond: (mc.movie_id = t.id)
  ->  Seq Scan on movie_companies mc  (cost=0.00..51404.11 rows=2068242 width=4) (actual time=0.019..997.462 rows=2068850 loops=1)
        Filter: (company_id > 530)
        Rows Removed by Filter: 540279
  ->  Hash  (cost=67604.59..67604.59 rows=66731 width=4) (actual time=1048.746..1048.746 rows=67342 loops=1)
        Buckets: 131072  Batches: 1  Memory Usage: 3392kB
        ->  Seq Scan on title t  (cost=0.00..67604.59 rows=66731 width=4) (actual time=0.018..1021.019 rows=67342 loops=1)
              Filter: (production_year > 2012)
              Rows Removed by Filter: 2460970
Planning time: 0.796 ms
Execution time: 2576.446 ms
