Hash Join  (cost=102767.86..226454.22 rows=1363276 width=0) (actual time=1745.374..4531.282 rows=1376739 loops=1)
  Hash Cond: (mk.movie_id = t.id)
  ->  Seq Scan on movie_keyword mk  (cost=0.00..81003.12 rows=1363276 width=4) (actual time=0.026..1451.560 rows=1376739 loops=1)
        Filter: (keyword_id < 1827)
        Rows Removed by Filter: 3147191
  ->  Hash  (cost=61283.27..61283.27 rows=2528527 width=4) (actual time=1744.538..1744.538 rows=2528312 loops=1)
        Buckets: 131072  Batches: 64  Memory Usage: 2425kB
        ->  Seq Scan on title t  (cost=0.00..61283.27 rows=2528527 width=4) (actual time=0.013..854.859 rows=2528312 loops=1)
Planning time: 0.731 ms
Execution time: 4680.099 ms
