Seq Scan on cast_info ci  (cost=0.00..796071.18 rows=5570268 width=0) (actual time=2995.385..13289.797 rows=8391503 loops=1)
  Filter: ((person_id > 1961100) AND (role_id > 3))
  Rows Removed by Filter: 27852841
Planning time: 0.343 ms
Execution time: 14342.857 ms
