Hash Join  (cost=896245.94..1299208.76 rows=145909 width=0) (actual time=15496.593..23586.689 rows=412464 loops=1)
  Hash Cond: (mi.movie_id = t.id)
  ->  Seq Scan on movie_info mi  (cost=0.00..309384.22 rows=14739122 width=4) (actual time=0.019..4207.549 rows=14835720 loops=1)
  ->  Hash  (cost=895933.05..895933.05 rows=25031 width=8) (actual time=15493.667..15493.667 rows=31267 loops=1)
        Buckets: 32768  Batches: 1  Memory Usage: 1478kB
        ->  Hash Join  (cost=67697.55..895933.05 rows=25031 width=8) (actual time=1858.994..15479.221 rows=31267 loops=1)
              Hash Cond: (ci.movie_id = t.id)
              ->  Seq Scan on cast_info ci  (cost=0.00..796071.18 rows=8510403 width=4) (actual time=976.328..13742.801 rows=4071076 loops=1)
                    Filter: ((person_id > 1171678) AND (role_id = 1))
                    Rows Removed by Filter: 32173268
              ->  Hash  (cost=67604.59..67604.59 rows=7437 width=4) (actual time=882.536..882.536 rows=14770 loops=1)
                    Buckets: 16384 (originally 8192)  Batches: 1 (originally 1)  Memory Usage: 648kB
                    ->  Seq Scan on title t  (cost=0.00..67604.59 rows=7437 width=4) (actual time=0.034..875.256 rows=14770 loops=1)
                          Filter: (production_year = 1982)
                          Rows Removed by Filter: 2513542
Planning time: 1.268 ms
Execution time: 23642.992 ms
