Hash Join  (cost=595280.05..2060056.58 rows=19913335 width=0) (actual time=13835.358..63393.395 rows=92680348 loops=1)
  Hash Cond: (ci.movie_id = t.id)
  ->  Seq Scan on cast_info ci  (cost=0.00..614943.12 rows=36225612 width=4) (actual time=0.014..12150.766 rows=36244344 loops=1)
  ->  Hash  (cost=572475.81..572475.81 rows=1389939 width=8) (actual time=13833.515..13833.515 rows=2331411 loops=1)
        Buckets: 131072  Batches: 32  Memory Usage: 3857kB
        ->  Hash Join  (cost=77838.49..572475.81 rows=1389939 width=8) (actual time=1033.780..13197.954 rows=2331411 loops=1)
              Hash Cond: (mi.movie_id = t.id)
              ->  Seq Scan on movie_info mi  (cost=0.00..309384.22 rows=14739122 width=4) (actual time=0.019..5427.503 rows=14835720 loops=1)
              ->  Hash  (cost=73925.90..73925.90 rows=238447 width=4) (actual time=1032.978..1032.978 rows=200165 loops=1)
                    Buckets: 131072  Batches: 4  Memory Usage: 2790kB
                    ->  Seq Scan on title t  (cost=0.00..73925.90 rows=238447 width=4) (actual time=70.159..966.890 rows=200165 loops=1)
                          Filter: ((production_year > 2006) AND (kind_id = 1))
                          Rows Removed by Filter: 2328147
Planning time: 3.505 ms
Execution time: 72393.645 ms
