Seq Scan on cast_info ci  (cost=0.00..796071.18 rows=15892909 width=0) (actual time=3643.759..13555.441 rows=11783840 loops=1)
  Filter: ((person_id < 2512593) AND (role_id > 1))
  Rows Removed by Filter: 24460504
Planning time: 0.341 ms
Execution time: 15052.646 ms
