Hash Join  (cost=74251.74..872722.54 rows=6420 width=0) (actual time=1301.773..13951.860 rows=6082 loops=1)
  Hash Cond: (ci.movie_id = t.id)
  ->  Seq Scan on cast_info ci  (cost=0.00..796071.18 rows=622779 width=4) (actual time=345.958..12929.692 rows=251833 loops=1)
        Filter: ((person_id < 2599901) AND (role_id = 5))
        Rows Removed by Filter: 35992511
  ->  Hash  (cost=73925.90..73925.90 rows=26067 width=4) (actual time=955.374..955.374 rows=27085 loops=1)
        Buckets: 32768  Batches: 1  Memory Usage: 1209kB
        ->  Seq Scan on title t  (cost=0.00..73925.90 rows=26067 width=4) (actual time=0.379..944.708 rows=27085 loops=1)
              Filter: ((kind_id < 7) AND (production_year > 2012))
              Rows Removed by Filter: 2501227
Planning time: 0.778 ms
Execution time: 13953.082 ms
