Hash Join  (cost=215833.08..1140757.83 rows=6527326 width=0) (actual time=4498.339..28665.837 rows=17750932 loops=1)
  Hash Cond: (ci.movie_id = t.id)
  ->  Seq Scan on cast_info ci  (cost=0.00..705507.15 rows=12899023 width=4) (actual time=0.010..12066.621 rows=13019244 loops=1)
        Filter: (person_id > 2374635)
        Rows Removed by Filter: 23225100
  ->  Hash  (cost=194840.12..194840.12 rows=1279517 width=8) (actual time=4497.025..4497.025 rows=1274246 loops=1)
        Buckets: 131072  Batches: 32  Memory Usage: 2553kB
        ->  Hash Join  (cost=102767.86..194840.12 rows=1279517 width=8) (actual time=1929.526..4116.063 rows=1274246 loops=1)
              Hash Cond: (mc.movie_id = t.id)
              ->  Seq Scan on movie_companies mc  (cost=0.00..51404.11 rows=1279517 width=4) (actual time=136.649..832.751 rows=1274246 loops=1)
                    Filter: (company_type_id = 1)
                    Rows Removed by Filter: 1334883
              ->  Hash  (cost=61283.27..61283.27 rows=2528527 width=4) (actual time=1791.561..1791.561 rows=2528312 loops=1)
                    Buckets: 131072  Batches: 64  Memory Usage: 2415kB
                    ->  Seq Scan on title t  (cost=0.00..61283.27 rows=2528527 width=4) (actual time=0.024..926.461 rows=2528312 loops=1)
Planning time: 1.265 ms
Execution time: 30720.456 ms
