Seq Scan on cast_info ci  (cost=0.00..796071.18 rows=1764308 width=0) (actual time=6032.742..10813.449 rows=5307345 loops=1)
  Filter: ((person_id > 3130175) AND (role_id > 3))
  Rows Removed by Filter: 30936999
Planning time: 0.367 ms
Execution time: 11489.817 ms
