Hash Join  (cost=74144.62..128990.69 rows=18055 width=0) (actual time=959.975..2009.926 rows=24237 loops=1)
  Hash Cond: (mc.movie_id = t.id)
  ->  Seq Scan on movie_companies mc  (cost=0.00..44881.29 rows=2609129 width=4) (actual time=0.029..518.396 rows=2609129 loops=1)
  ->  Hash  (cost=73925.90..73925.90 rows=17497 width=4) (actual time=902.509..902.509 rows=15533 loops=1)
        Buckets: 32768  Batches: 1  Memory Usage: 803kB
        ->  Seq Scan on title t  (cost=0.00..73925.90 rows=17497 width=4) (actual time=466.644..895.937 rows=15533 loops=1)
              Filter: ((production_year < 1974) AND (kind_id = 3))
              Rows Removed by Filter: 2512779
Planning time: 0.713 ms
Execution time: 2013.798 ms
