Hash Join  (cost=1018504.83..4658808.56 rows=191997296 width=0) (actual time=25296.606..171168.351 rows=419092868 loops=1)
  Hash Cond: (ci.movie_id = t.id)
  ->  Seq Scan on cast_info ci  (cost=0.00..705507.15 rows=32937535 width=4) (actual time=171.180..15350.097 rows=33074225 loops=1)
        Filter: (person_id > 307105)
        Rows Removed by Filter: 3170119
  ->  Hash  (cost=776690.81..776690.81 rows=14739122 width=8) (actual time=25123.104..25123.104 rows=14835720 loops=1)
        Buckets: 131072  Batches: 256  Memory Usage: 3268kB
        ->  Hash Join  (cost=102767.86..776690.81 rows=14739122 width=8) (actual time=2096.165..20757.721 rows=14835720 loops=1)
              Hash Cond: (mi.movie_id = t.id)
              ->  Seq Scan on movie_info mi  (cost=0.00..309384.22 rows=14739122 width=4) (actual time=0.030..5373.105 rows=14835720 loops=1)
              ->  Hash  (cost=61283.27..61283.27 rows=2528527 width=4) (actual time=2095.260..2095.260 rows=2528312 loops=1)
                    Buckets: 131072  Batches: 64  Memory Usage: 2425kB
                    ->  Seq Scan on title t  (cost=0.00..61283.27 rows=2528527 width=4) (actual time=0.018..986.499 rows=2528312 loops=1)
Planning time: 1.260 ms
Execution time: 217932.180 ms
