Hash Join  (cost=119934.21..196843.09 rows=134836 width=0) (actual time=2595.152..3787.698 rows=122664 loops=1)
  Hash Cond: (mc.movie_id = t.id)
  ->  Seq Scan on movie_companies mc  (cost=0.00..44881.29 rows=2609129 width=4) (actual time=0.015..753.576 rows=2609129 loops=1)
  ->  Hash  (cost=117789.82..117789.82 rows=130671 width=8) (actual time=2154.763..2154.763 rows=54945 loops=1)
        Buckets: 131072  Batches: 2  Memory Usage: 2096kB
        ->  Hash Join  (cost=77854.63..117789.82 rows=130671 width=8) (actual time=1099.073..2137.515 rows=54945 loops=1)
              Hash Cond: (mi_idx.movie_id = t.id)
              ->  Seq Scan on movie_info_idx mi_idx  (cost=0.00..21735.35 rows=1380035 width=4) (actual time=0.020..443.224 rows=1380035 loops=1)
              ->  Hash  (cost=73925.90..73925.90 rows=239418 width=4) (actual time=1098.309..1098.309 rows=256906 loops=1)
                    Buckets: 131072  Batches: 4  Memory Usage: 3296kB
                    ->  Seq Scan on title t  (cost=0.00..73925.90 rows=239418 width=4) (actual time=0.012..1013.413 rows=256906 loops=1)
                          Filter: ((production_year > 2010) AND (kind_id = 7))
                          Rows Removed by Filter: 2271406
Planning time: 1.276 ms
Execution time: 3803.319 ms
