Hash Join  (cost=202648.09..284128.45 rows=466483 width=0) (actual time=4336.978..6209.604 rows=279155 loops=1)
  Hash Cond: (mc.movie_id = t.id)
  ->  Seq Scan on movie_companies mc  (cost=0.00..44881.29 rows=2609129 width=4) (actual time=0.021..777.471 rows=2609129 loops=1)
  ->  Hash  (cost=195231.19..195231.19 rows=452072 width=8) (actual time=4335.879..4335.879 rows=127497 loops=1)
        Buckets: 131072  Batches: 8  Memory Usage: 1657kB
        ->  Hash Join  (cost=94176.46..195231.19 rows=452072 width=8) (actual time=2189.900..3723.133 rows=127497 loops=1)
              Hash Cond: (mk.movie_id = t.id)
              ->  Seq Scan on movie_keyword mk  (cost=0.00..81003.12 rows=926105 width=4) (actual time=0.020..1302.626 rows=926811 loops=1)
                    Filter: (keyword_id > 20321)
                    Rows Removed by Filter: 3597119
              ->  Hash  (cost=73925.90..73925.90 rows=1234284 width=4) (actual time=1607.940..1607.940 rows=1316754 loops=1)
                    Buckets: 131072  Batches: 32  Memory Usage: 2482kB
                    ->  Seq Scan on title t  (cost=0.00..73925.90 rows=1234284 width=4) (actual time=0.025..1166.310 rows=1316754 loops=1)
                          Filter: ((production_year > 1974) AND (kind_id = 7))
                          Rows Removed by Filter: 1211558
Planning time: 1.087 ms
Execution time: 6239.693 ms
