Hash Join  (cost=102767.86..1090051.04 rows=7535877 width=0) (actual time=7274.649..26734.575 rows=12670688 loops=1)
  Hash Cond: (ci.movie_id = t.id)
  ->  Seq Scan on cast_info ci  (cost=0.00..796071.18 rows=7535877 width=4) (actual time=5455.332..14545.156 rows=12670688 loops=1)
        Filter: ((person_id < 2155827) AND (role_id = 1))
        Rows Removed by Filter: 23573656
  ->  Hash  (cost=61283.27..61283.27 rows=2528527 width=4) (actual time=1818.027..1818.027 rows=2528312 loops=1)
        Buckets: 131072  Batches: 64  Memory Usage: 2415kB
        ->  Seq Scan on title t  (cost=0.00..61283.27 rows=2528527 width=4) (actual time=0.016..980.433 rows=2528312 loops=1)
Planning time: 0.734 ms
Execution time: 28150.608 ms
