Seq Scan on movie_companies mc  (cost=0.00..51404.11 rows=2165847 width=0) (actual time=0.032..1020.569 rows=2161422 loops=1)
  Filter: (company_id < 77468)
  Rows Removed by Filter: 447707
Planning time: 0.351 ms
Execution time: 1293.248 ms
