Hash Join  (cost=58358.90..85269.67 rows=28 width=0) (actual time=553.574..1024.171 rows=1116 loops=1)
  Hash Cond: (mi_idx.movie_id = t.id)
  ->  Seq Scan on movie_info_idx mi_idx  (cost=0.00..21735.35 rows=1380035 width=4) (actual time=0.017..249.732 rows=1380035 loops=1)
  ->  Hash  (cost=58358.27..58358.27 rows=51 width=8) (actual time=553.334..553.334 rows=425 loops=1)
        Buckets: 1024  Batches: 1  Memory Usage: 25kB
        ->  Nested Loop  (cost=0.43..58358.27 rows=51 width=8) (actual time=24.754..553.167 rows=425 loops=1)
              ->  Seq Scan on movie_companies mc  (cost=0.00..57926.93 rows=51 width=4) (actual time=24.656..547.155 rows=425 loops=1)
                    Filter: ((company_type_id < 2) AND (company_id = 36))
                    Rows Removed by Filter: 2608704
              ->  Index Only Scan using title_pkey on title t  (cost=0.43..8.45 rows=1 width=4) (actual time=0.013..0.013 rows=1 loops=425)
                    Index Cond: (id = mc.movie_id)
                    Heap Fetches: 425
Planning time: 1.160 ms
Execution time: 1024.406 ms
