Seq Scan on movie_keyword mk  (cost=0.00..81003.12 rows=869395 width=0) (actual time=0.032..716.790 rows=871177 loops=1)
  Filter: (keyword_id < 828)
  Rows Removed by Filter: 3652753
Planning time: 0.273 ms
Execution time: 789.455 ms
