Hash Join  (cost=709676.96..768150.76 rows=227 width=0) (actual time=10567.084..11238.750 rows=46 loops=1)
  Hash Cond: (mc.movie_id = t.id)
  ->  Seq Scan on movie_companies mc  (cost=0.00..51404.11 rows=1884644 width=4) (actual time=0.014..964.300 rows=1892265 loops=1)
        Filter: (company_id > 1378)
        Rows Removed by Filter: 716864
  ->  Hash  (cost=709673.15..709673.15 rows=305 width=8) (actual time=10020.537..10020.537 rows=55 loops=1)
        Buckets: 1024  Batches: 1  Memory Usage: 11kB
        ->  Nested Loop  (cost=0.43..709673.15 rows=305 width=8) (actual time=2771.552..10020.482 rows=55 loops=1)
              ->  Seq Scan on cast_info ci  (cost=0.00..705507.15 rows=500 width=4) (actual time=2771.465..10019.029 rows=69 loops=1)
                    Filter: (person_id = 159248)
                    Rows Removed by Filter: 36244275
              ->  Index Scan using title_pkey on title t  (cost=0.43..8.32 rows=1 width=4) (actual time=0.019..0.019 rows=1 loops=69)
                    Index Cond: (id = ci.movie_id)
                    Filter: (kind_id = 7)
                    Rows Removed by Filter: 0
Planning time: 1.157 ms
Execution time: 11238.962 ms
