Nested Loop  (cost=0.43..83072.29 rows=96 width=0) (actual time=0.443..1219.236 rows=635 loops=1)
  ->  Seq Scan on movie_keyword mk  (cost=0.00..81003.12 rows=246 width=4) (actual time=0.406..1199.820 rows=693 loops=1)
        Filter: (keyword_id = 410)
        Rows Removed by Filter: 4523237
  ->  Index Scan using title_pkey on title t  (cost=0.43..8.40 rows=1 width=4) (actual time=0.026..0.027 rows=1 loops=693)
        Index Cond: (id = mk.movie_id)
        Filter: (kind_id < 7)
        Rows Removed by Filter: 0
Planning time: 0.640 ms
Execution time: 1219.553 ms
