Hash Join  (cost=102767.86..188017.36 rows=724958 width=0) (actual time=2564.700..4478.896 rows=998675 loops=1)
  Hash Cond: (mc.movie_id = t.id)
  ->  Seq Scan on movie_companies mc  (cost=0.00..57926.93 rows=724958 width=4) (actual time=316.284..1000.853 rows=998675 loops=1)
        Filter: ((company_id < 13329) AND (company_type_id = 1))
        Rows Removed by Filter: 1610454
  ->  Hash  (cost=61283.27..61283.27 rows=2528527 width=4) (actual time=2247.058..2247.058 rows=2528312 loops=1)
        Buckets: 131072  Batches: 64  Memory Usage: 2415kB
        ->  Seq Scan on title t  (cost=0.00..61283.27 rows=2528527 width=4) (actual time=0.025..844.787 rows=2528312 loops=1)
Planning time: 0.681 ms
Execution time: 4603.372 ms
