Hash Join  (cost=102767.86..194294.82 rows=985848 width=0) (actual time=1732.869..3757.337 rows=843673 loops=1)
  Hash Cond: (mc.movie_id = t.id)
  ->  Seq Scan on movie_companies mc  (cost=0.00..57926.93 rows=985848 width=4) (actual time=0.075..959.650 rows=843673 loops=1)
        Filter: ((company_id > 686) AND (company_type_id < 2))
        Rows Removed by Filter: 1765456
  ->  Hash  (cost=61283.27..61283.27 rows=2528527 width=4) (actual time=1730.835..1730.835 rows=2528312 loops=1)
        Buckets: 131072  Batches: 64  Memory Usage: 2415kB
        ->  Seq Scan on title t  (cost=0.00..61283.27 rows=2528527 width=4) (actual time=0.013..863.226 rows=2528312 loops=1)
Planning time: 0.496 ms
Execution time: 3854.607 ms
