Seq Scan on movie_keyword mk  (cost=0.00..81003.12 rows=4233797 width=0) (actual time=0.019..1650.440 rows=4213440 loops=1)
  Filter: (keyword_id > 245)
  Rows Removed by Filter: 310490
Planning time: 0.341 ms
Execution time: 2185.914 ms
