Seq Scan on movie_keyword mk  (cost=0.00..81003.12 rows=246 width=0) (actual time=4.688..679.854 rows=306 loops=1)
  Filter: (keyword_id = 9388)
  Rows Removed by Filter: 4523624
Planning time: 0.382 ms
Execution time: 680.054 ms
