Seq Scan on movie_companies mc  (cost=0.00..57926.93 rows=573949 width=0) (actual time=291.975..903.543 rows=362572 loops=1)
  Filter: ((company_id < 7966) AND (company_type_id > 1))
  Rows Removed by Filter: 2246557
Planning time: 0.322 ms
Execution time: 950.611 ms
