Hash Join  (cost=415921.36..1122750.23 rows=854 width=0) (actual time=11052.280..17170.848 rows=3654 loops=1)
  Hash Cond: (ci.movie_id = t.id)
  ->  Seq Scan on cast_info ci  (cost=0.00..705507.15 rows=350181 width=4) (actual time=5284.999..11361.010 rows=316118 loops=1)
        Filter: (role_id > 10)
        Rows Removed by Filter: 35928226
  ->  Hash  (cost=415844.24..415844.24 rows=6170 width=8) (actual time=5766.405..5766.405 rows=5401 loops=1)
        Buckets: 8192  Batches: 1  Memory Usage: 275kB
        ->  Hash Join  (cost=68113.45..415844.24 rows=6170 width=8) (actual time=2620.060..5764.272 rows=5401 loops=1)
              Hash Cond: (mi.movie_id = t.id)
              ->  Seq Scan on movie_info mi  (cost=0.00..346232.03 rows=383217 width=4) (actual time=1565.923..4677.432 rows=368218 loops=1)
                    Filter: (info_type_id = 17)
                    Rows Removed by Filter: 14467502
              ->  Hash  (cost=67604.59..67604.59 rows=40709 width=4) (actual time=1009.340..1009.340 rows=38955 loops=1)
                    Buckets: 65536  Batches: 1  Memory Usage: 1882kB
                    ->  Seq Scan on title t  (cost=0.00..67604.59 rows=40709 width=4) (actual time=0.035..993.097 rows=38955 loops=1)
                          Filter: (production_year = 1997)
                          Rows Removed by Filter: 2489357
Planning time: 1.105 ms
Execution time: 17171.574 ms
