Hash Join  (cost=258866.66..1544564.81 rows=8105517 width=186) (actual time=5522.750..45806.912 rows=21149379 loops=1)
  Hash Cond: (ci.movie_id = t.id)
  ->  Seq Scan on cast_info ci  (cost=0.00..796071.18 rows=18065547 width=42) (actual time=0.018..15438.182 rows=21272810 loops=1)
        Filter: ((person_id > 809890) AND (role_id > 1))
        Rows Removed by Filter: 14971534
  ->  Hash  (cost=221419.65..221419.65 rows=1134481 width=144) (actual time=5520.916..5520.916 rows=1152401 loops=1)
        Buckets: 32768  Batches: 64  Memory Usage: 2647kB
        ->  Hash Join  (cost=124036.31..221419.65 rows=1134481 width=144) (actual time=2516.678..4780.399 rows=1152401 loops=1)
              Hash Cond: (mi_idx.movie_id = t.id)
              ->  Seq Scan on movie_info_idx mi_idx  (cost=0.00..21735.35 rows=1380035 width=50) (actual time=0.024..349.600 rows=1380035 loops=1)
              ->  Hash  (cost=67604.59..67604.59 rows=2078618 width=94) (actual time=2514.242..2514.242 rows=2074788 loops=1)
                    Buckets: 32768  Batches: 128  Memory Usage: 2065kB
                    ->  Seq Scan on title t  (cost=0.00..67604.59 rows=2078618 width=94) (actual time=0.013..1258.628 rows=2074788 loops=1)
                          Filter: (production_year > 1970)
                          Rows Removed by Filter: 453524
Planning time: 2.343 ms
Execution time: 46814.834 ms
