Hash Join  (cost=163574.30..959794.48 rows=14894 width=0) (actual time=3091.855..17339.883 rows=97430 loops=1)
  Hash Cond: (ci.movie_id = t.id)
  ->  Seq Scan on cast_info ci  (cost=0.00..614943.12 rows=36225612 width=4) (actual time=0.019..7210.204 rows=36244344 loops=1)
  ->  Hash  (cost=163561.30..163561.30 rows=1040 width=8) (actual time=3090.320..3090.320 rows=4856 loops=1)
        Buckets: 8192 (originally 2048)  Batches: 1 (originally 1)  Memory Usage: 254kB
        ->  Hash Join  (cost=67612.84..163561.30 rows=1040 width=8) (actual time=926.085..3088.174 rows=4856 loops=1)
              Hash Cond: (mk.movie_id = t.id)
              ->  Seq Scan on movie_keyword mk  (cost=0.00..81003.12 rows=3982650 width=4) (actual time=0.013..1554.886 rows=3982530 loops=1)
                    Filter: (keyword_id > 382)
                    Rows Removed by Filter: 541400
              ->  Hash  (cost=67604.59..67604.59 rows=660 width=4) (actual time=924.889..924.889 rows=3515 loops=1)
                    Buckets: 4096 (originally 1024)  Batches: 1 (originally 1)  Memory Usage: 156kB
                    ->  Seq Scan on title t  (cost=0.00..67604.59 rows=660 width=4) (actual time=11.655..923.152 rows=3515 loops=1)
                          Filter: (production_year > 2013)
                          Rows Removed by Filter: 2524797
Planning time: 1.132 ms
Execution time: 17354.044 ms
