Hash Join  (cost=102767.86..180716.15 rows=421499 width=0) (actual time=1844.183..3521.889 rows=602977 loops=1)
  Hash Cond: (mc.movie_id = t.id)
  ->  Seq Scan on movie_companies mc  (cost=0.00..57926.93 rows=421499 width=4) (actual time=68.452..906.236 rows=602977 loops=1)
        Filter: ((company_id < 2415) AND (company_type_id < 2))
        Rows Removed by Filter: 2006152
  ->  Hash  (cost=61283.27..61283.27 rows=2528527 width=4) (actual time=1774.392..1774.392 rows=2528312 loops=1)
        Buckets: 131072  Batches: 64  Memory Usage: 2415kB
        ->  Seq Scan on title t  (cost=0.00..61283.27 rows=2528527 width=4) (actual time=0.023..920.935 rows=2528312 loops=1)
Planning time: 0.732 ms
Execution time: 3590.720 ms
