Hash Join  (cost=162223.50..248587.30 rows=820727 width=0) (actual time=3960.725..5917.925 rows=874404 loops=1)
  Hash Cond: (mc.movie_id = t.id)
  ->  Seq Scan on movie_companies mc  (cost=0.00..44881.29 rows=2609129 width=4) (actual time=0.018..950.684 rows=2609129 loops=1)
  ->  Hash  (cost=149174.34..149174.34 rows=795373 width=8) (actual time=3576.998..3576.998 rows=417300 loops=1)
        Buckets: 131072  Batches: 16  Memory Usage: 2039kB
        ->  Hash Join  (cost=97835.13..149174.34 rows=795373 width=8) (actual time=1939.937..3447.718 rows=417300 loops=1)
              Hash Cond: (mi_idx.movie_id = t.id)
              ->  Seq Scan on movie_info_idx mi_idx  (cost=0.00..21735.35 rows=1380035 width=4) (actual time=0.029..469.889 rows=1380035 loops=1)
              ->  Hash  (cost=73925.90..73925.90 rows=1457298 width=4) (actual time=1939.009..1939.009 rows=1438183 loops=1)
                    Buckets: 131072  Batches: 32  Memory Usage: 2604kB
                    ->  Seq Scan on title t  (cost=0.00..73925.90 rows=1457298 width=4) (actual time=0.020..1485.026 rows=1438183 loops=1)
                          Filter: ((production_year < 2013) AND (kind_id = 7))
                          Rows Removed by Filter: 1090129
Planning time: 1.240 ms
Execution time: 6015.585 ms
