Hash Join  (cost=131559.90..200768.30 rows=139424 width=0) (actual time=2585.915..4137.709 rows=152352 loops=1)
  Hash Cond: (mc.movie_id = t.id)
  ->  Seq Scan on movie_companies mc  (cost=0.00..51404.11 rows=1329612 width=4) (actual time=0.030..958.750 rows=1334883 loops=1)
        Filter: (company_type_id = 2)
        Rows Removed by Filter: 1274246
  ->  Hash  (cost=127209.60..127209.60 rows=265144 width=8) (actual time=2585.192..2585.192 rows=148728 loops=1)
        Buckets: 131072  Batches: 4  Memory Usage: 2485kB
        ->  Hash Join  (cost=85894.26..127209.60 rows=265144 width=8) (actual time=1592.601..2539.671 rows=148728 loops=1)
              Hash Cond: (mi_idx.movie_id = t.id)
              ->  Seq Scan on movie_info_idx mi_idx  (cost=0.00..25185.44 rows=919057 width=4) (actual time=0.017..523.526 rows=920110 loops=1)
                    Filter: (info_type_id > 99)
                    Rows Removed by Filter: 459925
              ->  Hash  (cost=73925.90..73925.90 rows=729468 width=4) (actual time=1458.448..1458.448 rows=638430 loops=1)
                    Buckets: 131072  Batches: 16  Memory Usage: 2425kB
                    ->  Seq Scan on title t  (cost=0.00..73925.90 rows=729468 width=4) (actual time=0.018..1254.314 rows=638430 loops=1)
                          Filter: ((production_year < 2003) AND (kind_id = 7))
                          Rows Removed by Filter: 1889882
Planning time: 1.162 ms
Execution time: 4157.480 ms
