Hash Join  (cost=94555.35..455887.48 rows=306374 width=0) (actual time=4183.691..7100.698 rows=211092 loops=1)
  Hash Cond: (mi.movie_id = t.id)
  ->  Seq Scan on movie_info mi  (cost=0.00..346232.03 rows=616095 width=4) (actual time=2414.868..4823.072 rows=598457 loops=1)
        Filter: (info_type_id = 15)
        Rows Removed by Filter: 14237263
  ->  Hash  (cost=73925.90..73925.90 rows=1257396 width=4) (actual time=1732.729..1732.729 rows=1340616 loops=1)
        Buckets: 131072  Batches: 32  Memory Usage: 2508kB
        ->  Seq Scan on title t  (cost=0.00..73925.90 rows=1257396 width=4) (actual time=0.041..1265.700 rows=1340616 loops=1)
              Filter: ((production_year > 1971) AND (kind_id = 7))
              Rows Removed by Filter: 1187696
Planning time: 0.724 ms
Execution time: 7125.081 ms
