Hash Join  (cost=97468.80..666526.00 rows=8364527 width=0) (actual time=1825.225..16024.456 rows=5299148 loops=1)
  Hash Cond: (mi.movie_id = t.id)
  ->  Seq Scan on movie_info mi  (cost=0.00..309384.22 rows=14739122 width=4) (actual time=0.016..5157.672 rows=14835720 loops=1)
  ->  Hash  (cost=73925.90..73925.90 rows=1434952 width=4) (actual time=1823.878..1823.878 rows=1560688 loops=1)
        Buckets: 131072  Batches: 32  Memory Usage: 2756kB
        ->  Seq Scan on title t  (cost=0.00..73925.90 rows=1434952 width=4) (actual time=0.021..1290.587 rows=1560688 loops=1)
              Filter: ((kind_id > 1) AND (production_year > 1979))
              Rows Removed by Filter: 967624
Planning time: 0.695 ms
Execution time: 16638.286 ms
