Nested Loop  (cost=0.43..797555.70 rows=176 width=0) (actual time=4759.858..8771.238 rows=2 loops=1)
  ->  Seq Scan on cast_info ci  (cost=0.00..796071.18 rows=176 width=4) (actual time=4759.747..8771.091 rows=2 loops=1)
        Filter: ((person_id = 1618710) AND (role_id = 1))
        Rows Removed by Filter: 36244342
  ->  Index Only Scan using title_pkey on title t  (cost=0.43..8.42 rows=1 width=4) (actual time=0.059..0.059 rows=1 loops=2)
        Index Cond: (id = ci.movie_id)
        Heap Fetches: 2
Planning time: 0.703 ms
Execution time: 8771.310 ms
