Hash Join  (cost=102767.86..201936.82 rows=1303386 width=0) (actual time=2046.831..4215.720 rows=1284537 loops=1)
  Hash Cond: (mc.movie_id = t.id)
  ->  Seq Scan on movie_companies mc  (cost=0.00..57926.93 rows=1303386 width=4) (actual time=387.184..1064.549 rows=1284537 loops=1)
        Filter: ((company_id < 191174) AND (company_type_id > 1))
        Rows Removed by Filter: 1324592
  ->  Hash  (cost=61283.27..61283.27 rows=2528527 width=4) (actual time=1658.327..1658.327 rows=2528312 loops=1)
        Buckets: 131072  Batches: 64  Memory Usage: 2415kB
        ->  Seq Scan on title t  (cost=0.00..61283.27 rows=2528527 width=4) (actual time=0.027..825.473 rows=2528312 loops=1)
Planning time: 0.730 ms
Execution time: 4377.924 ms
