Hash Join  (cost=212853.29..1268959.23 rows=10100739 width=0) (actual time=4456.424..37364.117 rows=24694570 loops=1)
  Hash Cond: (ci.movie_id = t.id)
  ->  Seq Scan on cast_info ci  (cost=0.00..705507.15 rows=21178774 width=4) (actual time=0.016..12976.888 rows=21307076 loops=1)
        Filter: (person_id > 1474565)
        Rows Removed by Filter: 14937268
  ->  Hash  (cost=193068.24..193068.24 rows=1205924 width=8) (actual time=4455.527..4455.527 rows=1198332 loops=1)
        Buckets: 131072  Batches: 16  Memory Usage: 3919kB
        ->  Hash Join  (cost=102767.86..193068.24 rows=1205924 width=8) (actual time=1919.309..4139.142 rows=1198332 loops=1)
              Hash Cond: (mc.movie_id = t.id)
              ->  Seq Scan on movie_companies mc  (cost=0.00..51404.11 rows=1205924 width=4) (actual time=0.015..934.854 rows=1198332 loops=1)
                    Filter: (company_id < 10771)
                    Rows Removed by Filter: 1410797
              ->  Hash  (cost=61283.27..61283.27 rows=2528527 width=4) (actual time=1917.313..1917.313 rows=2528312 loops=1)
                    Buckets: 131072  Batches: 64  Memory Usage: 2415kB
                    ->  Seq Scan on title t  (cost=0.00..61283.27 rows=2528527 width=4) (actual time=0.029..1063.979 rows=2528312 loops=1)
Planning time: 1.101 ms
Execution time: 40304.539 ms
