Hash Join  (cost=88381.15..179358.14 rows=151231 width=0) (actual time=1322.376..2765.342 rows=62107 loops=1)
  Hash Cond: (mk.movie_id = t.id)
  ->  Seq Scan on movie_keyword mk  (cost=0.00..81003.12 rows=434013 width=4) (actual time=0.025..1104.546 rows=429524 loops=1)
        Filter: (keyword_id > 40782)
        Rows Removed by Filter: 4094406
  ->  Hash  (cost=73925.90..73925.90 rows=881060 width=4) (actual time=1319.770..1319.770 rows=795183 loops=1)
        Buckets: 131072  Batches: 16  Memory Usage: 2779kB
        ->  Seq Scan on title t  (cost=0.00..73925.90 rows=881060 width=4) (actual time=0.032..1058.857 rows=795183 loops=1)
              Filter: ((kind_id > 1) AND (production_year < 2003))
              Rows Removed by Filter: 1733129
Planning time: 6.186 ms
Execution time: 2773.396 ms
