Seq Scan on cast_info ci  (cost=0.00..705507.15 rows=2151312 width=0) (actual time=872.882..9588.842 rows=2093198 loops=1)
  Filter: (person_id < 205155)
  Rows Removed by Filter: 34151146
Planning time: 0.316 ms
Execution time: 9853.787 ms
