Hash Join  (cost=102767.86..198062.81 rows=1142401 width=0) (actual time=2059.819..4014.107 rows=1274246 loops=1)
  Hash Cond: (mc.movie_id = t.id)
  ->  Seq Scan on movie_companies mc  (cost=0.00..57926.93 rows=1142401 width=4) (actual time=388.208..1052.578 rows=1274246 loops=1)
        Filter: ((company_id < 95677) AND (company_type_id < 2))
        Rows Removed by Filter: 1334883
  ->  Hash  (cost=61283.27..61283.27 rows=2528527 width=4) (actual time=1670.290..1670.290 rows=2528312 loops=1)
        Buckets: 131072  Batches: 64  Memory Usage: 2415kB
        ->  Seq Scan on title t  (cost=0.00..61283.27 rows=2528527 width=4) (actual time=0.027..849.795 rows=2528312 loops=1)
Planning time: 0.758 ms
Execution time: 4148.081 ms
