Hash Join  (cost=76379.89..1248895.25 rows=7189625 width=0) (actual time=1158.145..33524.325 rows=7513539 loops=1)
  Hash Cond: (ci.movie_id = t.id)
  ->  Seq Scan on cast_info ci  (cost=0.00..705507.15 rows=33990923 width=4) (actual time=0.024..14033.654 rows=33970766 loops=1)
        Filter: (person_id < 3617561)
        Rows Removed by Filter: 2273578
  ->  Hash  (cost=67604.59..67604.59 rows=534824 width=4) (actual time=1157.256..1157.256 rows=533369 loops=1)
        Buckets: 131072  Batches: 8  Memory Usage: 3369kB
        ->  Seq Scan on title t  (cost=0.00..67604.59 rows=534824 width=4) (actual time=0.009..991.239 rows=533369 loops=1)
              Filter: (production_year > 2009)
              Rows Removed by Filter: 1994943
Planning time: 0.740 ms
Execution time: 34392.514 ms
