Seq Scan on movie_keyword mk  (cost=0.00..81003.12 rows=772737 width=0) (actual time=0.025..1116.481 rows=781465 loops=1)
  Filter: (keyword_id > 24132)
  Rows Removed by Filter: 3742465
Planning time: 0.268 ms
Execution time: 1212.353 ms
