Seq Scan on cast_info ci  (cost=0.00..705507.15 rows=500 width=0) (actual time=6793.753..8988.463 rows=24 loops=1)
  Filter: (person_id = 3304345)
  Rows Removed by Filter: 36244320
Planning time: 0.339 ms
Execution time: 8988.586 ms
