Hash Join  (cost=464442.82..1312028.88 rows=1903824 width=0) (actual time=10268.594..24073.698 rows=2865096 loops=1)
  Hash Cond: (ci.movie_id = t.id)
  ->  Seq Scan on cast_info ci  (cost=0.00..705507.15 rows=10486045 width=4) (actual time=3271.105..11045.482 rows=10496675 loops=1)
        Filter: (person_id > 2660208)
        Rows Removed by Filter: 25747669
  ->  Hash  (cost=456910.40..456910.40 rows=459074 width=8) (actual time=6996.455..6996.455 rows=418917 loops=1)
        Buckets: 131072  Batches: 8  Memory Usage: 3072kB
        ->  Hash Join  (cost=91123.00..456910.40 rows=459074 width=8) (actual time=2751.677..6863.973 rows=418917 loops=1)
              Hash Cond: (mi.movie_id = t.id)
              ->  Seq Scan on movie_info mi  (cost=0.00..346232.03 rows=809768 width=4) (actual time=1198.921..4511.803 rows=802140 loops=1)
                    Filter: (info_type_id < 2)
                    Rows Removed by Filter: 14033580
              ->  Hash  (cost=67604.59..67604.59 rows=1433473 width=4) (actual time=1551.943..1551.943 rows=1434466 loops=1)
                    Buckets: 131072  Batches: 32  Memory Usage: 2607kB
                    ->  Seq Scan on title t  (cost=0.00..67604.59 rows=1433473 width=4) (actual time=0.025..1077.603 rows=1434466 loops=1)
                          Filter: (production_year > 1999)
                          Rows Removed by Filter: 1093846
Planning time: 0.747 ms
Execution time: 24418.862 ms
