Hash Join  (cost=100885.02..187562.22 rows=1916 width=0) (actual time=1603.847..3227.747 rows=70247 loops=1)
  Hash Cond: (mk.movie_id = t.id)
  ->  Seq Scan on movie_keyword mk  (cost=0.00..69693.30 rows=4523930 width=4) (actual time=0.008..767.925 rows=4523930 loops=1)
  ->  Hash  (cost=100871.63..100871.63 rows=1071 width=8) (actual time=1602.696..1602.696 rows=5390 loops=1)
        Buckets: 8192 (originally 2048)  Batches: 1 (originally 1)  Memory Usage: 275kB
        ->  Hash Join  (cost=73950.44..100871.63 rows=1071 width=8) (actual time=1017.609..1600.471 rows=5390 loops=1)
              Hash Cond: (mi_idx.movie_id = t.id)
              ->  Seq Scan on movie_info_idx mi_idx  (cost=0.00..21735.35 rows=1380035 width=4) (actual time=0.019..291.114 rows=1380035 loops=1)
              ->  Hash  (cost=73925.90..73925.90 rows=1963 width=4) (actual time=1017.034..1017.034 rows=4169 loops=1)
                    Buckets: 8192 (originally 2048)  Batches: 1 (originally 1)  Memory Usage: 211kB
                    ->  Seq Scan on title t  (cost=0.00..73925.90 rows=1963 width=4) (actual time=353.718..1015.120 rows=4169 loops=1)
                          Filter: ((kind_id = 1) AND (production_year = 1974))
                          Rows Removed by Filter: 2524143
Planning time: 1.117 ms
Execution time: 3237.548 ms
