Hash Join  (cost=98137.04..1191939.14 rows=13901763 width=0) (actual time=1660.769..26798.134 rows=13853655 loops=1)
  Hash Cond: (ci.movie_id = t.id)
  ->  Seq Scan on cast_info ci  (cost=0.00..705507.15 rows=18888264 width=4) (actual time=0.020..11219.657 rows=19018502 loops=1)
        Filter: (person_id > 1701137)
        Rows Removed by Filter: 17225842
  ->  Hash  (cost=67604.59..67604.59 rows=1860996 width=4) (actual time=1659.646..1659.646 rows=1865487 loops=1)
        Buckets: 131072  Batches: 32  Memory Usage: 3079kB
        ->  Seq Scan on title t  (cost=0.00..67604.59 rows=1860996 width=4) (actual time=0.005..1053.736 rows=1865487 loops=1)
              Filter: (kind_id > 1)
              Rows Removed by Filter: 662825
Planning time: 0.818 ms
Execution time: 28421.993 ms
