Hash Join  (cost=82536.92..1193578.09 rows=7518701 width=0) (actual time=1167.263..30334.740 rows=4832272 loops=1)
  Hash Cond: (ci.movie_id = t.id)
  ->  Seq Scan on cast_info ci  (cost=0.00..614943.12 rows=36225612 width=4) (actual time=0.018..10731.209 rows=36244344 loops=1)
  ->  Hash  (cost=73925.90..73925.90 rows=524801 width=4) (actual time=1166.380..1166.380 rows=386160 loops=1)
        Buckets: 131072  Batches: 8  Memory Usage: 2711kB
        ->  Seq Scan on title t  (cost=0.00..73925.90 rows=524801 width=4) (actual time=0.033..1038.170 rows=386160 loops=1)
              Filter: ((kind_id > 1) AND (production_year < 1991))
              Rows Removed by Filter: 2142152
Planning time: 0.730 ms
Execution time: 30859.077 ms
