Hash Join  (cost=68365.25..129770.15 rows=20975 width=0) (actual time=897.911..1688.032 rows=23630 loops=1)
  Hash Cond: (mc.movie_id = t.id)
  ->  Seq Scan on movie_companies mc  (cost=0.00..57926.93 rows=871525 width=4) (actual time=0.020..632.968 rows=1073442 loops=1)
        Filter: ((company_id > 2805) AND (company_type_id = 2))
        Rows Removed by Filter: 1535687
  ->  Hash  (cost=67604.59..67604.59 rows=60853 width=4) (actual time=897.490..897.490 rows=62568 loops=1)
        Buckets: 65536  Batches: 1  Memory Usage: 2712kB
        ->  Seq Scan on title t  (cost=0.00..67604.59 rows=60853 width=4) (actual time=0.020..872.495 rows=62568 loops=1)
              Filter: (production_year = 2002)
              Rows Removed by Filter: 2465744
Planning time: 0.636 ms
Execution time: 1690.295 ms
