Hash Join  (cost=487897.82..632476.10 rows=1498535 width=0) (actual time=7453.505..11322.926 rows=2455007 loops=1)
  Hash Cond: (mk.movie_id = t.id)
  ->  Seq Scan on movie_keyword mk  (cost=0.00..81003.12 rows=3871682 width=4) (actual time=0.015..1535.504 rows=3861723 loops=1)
        Filter: (keyword_id < 28392)
        Rows Removed by Filter: 662207
  ->  Hash  (cost=471841.48..471841.48 rows=978667 width=8) (actual time=7451.839..7451.839 rows=867122 loops=1)
        Buckets: 131072  Batches: 16  Memory Usage: 3143kB
        ->  Hash Join  (cost=87180.69..471841.48 rows=978667 width=8) (actual time=2143.305..7165.852 rows=867122 loops=1)
              Hash Cond: (mi.movie_id = t.id)
              ->  Seq Scan on movie_info mi  (cost=0.00..346232.03 rows=2073893 width=4) (actual time=777.074..4253.240 rows=2091068 loops=1)
                    Filter: (info_type_id < 3)
                    Rows Removed by Filter: 12744652
              ->  Hash  (cost=67604.59..67604.59 rows=1193208 width=4) (actual time=1365.415..1365.415 rows=1192518 loops=1)
                    Buckets: 131072  Batches: 16  Memory Usage: 3653kB
                    ->  Seq Scan on title t  (cost=0.00..67604.59 rows=1193208 width=4) (actual time=0.030..991.401 rows=1192518 loops=1)
                          Filter: (production_year > 2003)
                          Rows Removed by Filter: 1335794
Planning time: 1.164 ms
Execution time: 11597.174 ms
