Hash Join  (cost=79715.19..112299.99 rows=64824 width=0) (actual time=1437.834..2218.712 rows=77903 loops=1)
  Hash Cond: (mi_idx.movie_id = t.id)
  ->  Seq Scan on movie_info_idx mi_idx  (cost=0.00..25185.44 rows=464566 width=4) (actual time=0.013..506.596 rows=459925 loops=1)
        Filter: (info_type_id = 101)
        Rows Removed by Filter: 920110
  ->  Hash  (cost=73925.90..73925.90 rows=352823 width=4) (actual time=1436.936..1436.936 rows=302088 loops=1)
        Buckets: 131072  Batches: 8  Memory Usage: 2342kB
        ->  Seq Scan on title t  (cost=0.00..73925.90 rows=352823 width=4) (actual time=0.020..1335.865 rows=302088 loops=1)
              Filter: ((kind_id < 7) AND (production_year > 2006))
              Rows Removed by Filter: 2226224
Planning time: 0.702 ms
Execution time: 2228.423 ms
