Hash Join  (cost=118644.52..604859.95 rows=600649 width=0) (actual time=2197.563..14743.604 rows=4184804 loops=1)
  Hash Cond: (mi.movie_id = t.id)
  ->  Seq Scan on movie_info mi  (cost=0.00..309384.22 rows=14739122 width=4) (actual time=0.016..4759.130 rows=14835720 loops=1)
  ->  Hash  (cost=116953.48..116953.48 rows=103043 width=8) (actual time=2196.475..2196.475 rows=226321 loops=1)
        Buckets: 131072 (originally 131072)  Batches: 4 (originally 2)  Memory Usage: 3249kB
        ->  Hash Join  (cost=83198.94..116953.48 rows=103043 width=8) (actual time=1244.887..2112.582 rows=226321 loops=1)
              Hash Cond: (mi_idx.movie_id = t.id)
              ->  Seq Scan on movie_info_idx mi_idx  (cost=0.00..25185.44 rows=460978 width=4) (actual time=0.018..425.938 rows=459925 loops=1)
                    Filter: (info_type_id < 100)
                    Rows Removed by Filter: 920110
              ->  Hash  (cost=73925.90..73925.90 rows=565203 width=4) (actual time=1244.009..1244.009 rows=641785 loops=1)
                    Buckets: 131072  Batches: 8  Memory Usage: 3862kB
                    ->  Seq Scan on title t  (cost=0.00..73925.90 rows=565203 width=4) (actual time=0.026..1039.460 rows=641785 loops=1)
                          Filter: ((kind_id < 7) AND (production_year < 2006))
                          Rows Removed by Filter: 1886527
Planning time: 1.181 ms
Execution time: 15282.806 ms
