Hash Join  (cost=102767.86..1372777.03 rows=23049232 width=0) (actual time=1563.092..33079.061 rows=22946176 loops=1)
  Hash Cond: (ci.movie_id = t.id)
  ->  Seq Scan on cast_info ci  (cost=0.00..705507.15 rows=23049232 width=4) (actual time=0.016..12839.228 rows=22946176 loops=1)
        Filter: (person_id < 2342779)
        Rows Removed by Filter: 13298168
  ->  Hash  (cost=61283.27..61283.27 rows=2528527 width=4) (actual time=1561.921..1561.921 rows=2528312 loops=1)
        Buckets: 131072  Batches: 64  Memory Usage: 2415kB
        ->  Seq Scan on title t  (cost=0.00..61283.27 rows=2528527 width=4) (actual time=0.033..759.061 rows=2528312 loops=1)
Planning time: 0.549 ms
Execution time: 35511.108 ms
