Hash Join  (cost=96369.51..161315.90 rows=53360 width=0) (actual time=1627.485..3115.066 rows=113130 loops=1)
  Hash Cond: (mc.movie_id = t.id)
  ->  Seq Scan on movie_companies mc  (cost=0.00..57926.93 rows=98630 width=4) (actual time=52.768..609.038 rows=158760 loops=1)
        Filter: ((company_id < 60) AND (company_type_id < 2))
        Rows Removed by Filter: 2450369
  ->  Hash  (cost=73925.90..73925.90 rows=1367968 width=4) (actual time=1573.301..1573.301 rows=1339686 loops=1)
        Buckets: 131072  Batches: 32  Memory Usage: 2491kB
        ->  Seq Scan on title t  (cost=0.00..73925.90 rows=1367968 width=4) (actual time=0.035..1141.349 rows=1339686 loops=1)
              Filter: ((kind_id > 4) AND (production_year < 2012))
              Rows Removed by Filter: 1188626
Planning time: 0.736 ms
Execution time: 3129.655 ms
