Hash Join  (cost=102767.86..1056862.18 rows=6156624 width=0) (actual time=1558.152..25250.051 rows=12536836 loops=1)
  Hash Cond: (ci.movie_id = t.id)
  ->  Seq Scan on cast_info ci  (cost=0.00..796071.18 rows=6156624 width=4) (actual time=0.008..12584.514 rows=12536836 loops=1)
        Filter: ((person_id < 1720263) AND (role_id = 1))
        Rows Removed by Filter: 23707508
  ->  Hash  (cost=61283.27..61283.27 rows=2528527 width=4) (actual time=1556.824..1556.824 rows=2528312 loops=1)
        Buckets: 131072  Batches: 64  Memory Usage: 2415kB
        ->  Seq Scan on title t  (cost=0.00..61283.27 rows=2528527 width=4) (actual time=0.021..755.255 rows=2528312 loops=1)
Planning time: 1.241 ms
Execution time: 26634.904 ms
