Hash Join  (cost=94978.31..920211.13 rows=769716 width=0) (actual time=7888.756..11732.208 rows=378763 loops=1)
  Hash Cond: (ci.movie_id = t.id)
  ->  Seq Scan on cast_info ci  (cost=0.00..796071.18 rows=1166495 width=4) (actual time=6324.037..9578.675 rows=573915 loops=1)
        Filter: ((person_id < 418302) AND (role_id > 4))
        Rows Removed by Filter: 35670429
  ->  Hash  (cost=67604.59..67604.59 rows=1668458 width=4) (actual time=1563.950..1563.950 rows=1671292 loops=1)
        Buckets: 131072  Batches: 32  Memory Usage: 2858kB
        ->  Seq Scan on title t  (cost=0.00..67604.59 rows=1668458 width=4) (actual time=0.022..1046.919 rows=1671292 loops=1)
              Filter: (production_year < 2008)
              Rows Removed by Filter: 857020
Planning time: 0.753 ms
Execution time: 11773.448 ms
