Seq Scan on movie_keyword mk  (cost=0.00..81003.12 rows=3833408 width=0) (actual time=0.026..1312.627 rows=3827994 loops=1)
  Filter: (keyword_id < 27080)
  Rows Removed by Filter: 695936
Planning time: 0.298 ms
Execution time: 1794.880 ms
