Nested Loop  (cost=0.43..798385.45 rows=276 width=0) (actual time=496.008..11678.657 rows=2 loops=1)
  ->  Seq Scan on cast_info ci  (cost=0.00..796071.18 rows=276 width=4) (actual time=495.916..11678.509 rows=2 loops=1)
        Filter: ((role_id < 3) AND (person_id = 2058108))
        Rows Removed by Filter: 36244342
  ->  Index Only Scan using title_pkey on title t  (cost=0.43..8.38 rows=1 width=4) (actual time=0.056..0.056 rows=1 loops=2)
        Index Cond: (id = ci.movie_id)
        Heap Fetches: 2
Planning time: 1.611 ms
Execution time: 11678.756 ms
