Seq Scan on cast_info ci  (cost=0.00..705507.15 rows=34416987 width=0) (actual time=0.015..10780.114 rows=34395347 loops=1)
  Filter: (person_id < 3696947)
  Rows Removed by Filter: 1848997
Planning time: 0.328 ms
Execution time: 14953.549 ms
