Hash Join  (cost=73929.13..136431.45 rows=124 width=0) (actual time=857.388..1932.566 rows=2993 loops=1)
  Hash Cond: (mc.movie_id = t.id)
  ->  Seq Scan on movie_companies mc  (cost=0.00..57926.93 rows=1219772 width=4) (actual time=0.028..914.780 rows=1117952 loops=1)
        Filter: ((company_id < 108761) AND (company_type_id > 1))
        Rows Removed by Filter: 1491177
  ->  Hash  (cost=73925.90..73925.90 rows=258 width=4) (actual time=856.760..856.760 rows=3378 loops=1)
        Buckets: 4096 (originally 1024)  Batches: 1 (originally 1)  Memory Usage: 151kB
        ->  Seq Scan on title t  (cost=0.00..73925.90 rows=258 width=4) (actual time=7.144..855.108 rows=3378 loops=1)
              Filter: ((kind_id < 7) AND (production_year > 2013))
              Rows Removed by Filter: 2524934
Planning time: 0.731 ms
Execution time: 1933.203 ms
