Seq Scan on movie_keyword mk  (cost=0.00..81003.12 rows=246 width=0) (actual time=6.749..1305.961 rows=479 loops=1)
  Filter: (keyword_id = 8962)
  Rows Removed by Filter: 4523451
Planning time: 0.370 ms
Execution time: 1306.248 ms
