Hash Join  (cost=1022582.81..3909320.55 rows=141329253 width=0) (actual time=24431.660..129873.735 rows=305284853 loops=1)
  Hash Cond: (ci.movie_id = t.id)
  ->  Seq Scan on cast_info ci  (cost=0.00..705507.15 rows=25654803 width=4) (actual time=0.020..13530.978 rows=25669409 loops=1)
        Filter: (person_id < 2651161)
        Rows Removed by Filter: 10574935
  ->  Hash  (cost=794053.89..794053.89 rows=13929354 width=8) (actual time=24427.349..24427.349 rows=14033580 loops=1)
        Buckets: 131072  Batches: 256  Memory Usage: 3148kB
        ->  Hash Join  (cost=102767.86..794053.89 rows=13929354 width=8) (actual time=1672.729..20134.442 rows=14033580 loops=1)
              Hash Cond: (mi.movie_id = t.id)
              ->  Seq Scan on movie_info mi  (cost=0.00..346232.03 rows=13929354 width=4) (actual time=0.014..6028.409 rows=14033580 loops=1)
                    Filter: (info_type_id > 1)
                    Rows Removed by Filter: 802140
              ->  Hash  (cost=61283.27..61283.27 rows=2528527 width=4) (actual time=1670.922..1670.922 rows=2528312 loops=1)
                    Buckets: 131072  Batches: 64  Memory Usage: 2425kB
                    ->  Seq Scan on title t  (cost=0.00..61283.27 rows=2528527 width=4) (actual time=0.021..776.294 rows=2528312 loops=1)
Planning time: 1.181 ms
Execution time: 162255.417 ms
