Hash Join  (cost=190230.21..1451378.79 rows=17644689 width=0) (actual time=4033.069..42784.294 rows=35513797 loops=1)
  Hash Cond: (ci.movie_id = t.id)
  ->  Seq Scan on cast_info ci  (cost=0.00..705507.15 rows=32328943 width=4) (actual time=0.027..13912.090 rows=32297707 loops=1)
        Filter: (person_id < 3336384)
        Rows Removed by Filter: 3946637
  ->  Hash  (cost=167588.78..167588.78 rows=1380035 width=8) (actual time=4031.686..4031.686 rows=1380035 loops=1)
        Buckets: 131072  Batches: 32  Memory Usage: 2708kB
        ->  Hash Join  (cost=102767.86..167588.78 rows=1380035 width=8) (actual time=1679.009..3610.117 rows=1380035 loops=1)
              Hash Cond: (mi_idx.movie_id = t.id)
              ->  Seq Scan on movie_info_idx mi_idx  (cost=0.00..21735.35 rows=1380035 width=4) (actual time=0.014..374.198 rows=1380035 loops=1)
              ->  Hash  (cost=61283.27..61283.27 rows=2528527 width=4) (actual time=1676.849..1676.849 rows=2528312 loops=1)
                    Buckets: 131072  Batches: 64  Memory Usage: 2415kB
                    ->  Seq Scan on title t  (cost=0.00..61283.27 rows=2528527 width=4) (actual time=0.017..839.434 rows=2528312 loops=1)
Planning time: 1.059 ms
Execution time: 46522.665 ms
