Hash Join  (cost=136522.65..1227931.78 rows=5607693 width=0) (actual time=2323.349..35062.689 rows=18014905 loops=1)
  Hash Cond: (ci.movie_id = t.id)
  ->  Seq Scan on cast_info ci  (cost=0.00..614943.12 rows=36225612 width=4) (actual time=0.019..10817.454 rows=36244344 loops=1)
  ->  Hash  (cost=130100.98..130100.98 rows=391414 width=8) (actual time=2322.320..2322.320 rows=646106 loops=1)
        Buckets: 131072 (originally 131072)  Batches: 16 (originally 8)  Memory Usage: 3073kB
        ->  Hash Join  (cost=85692.35..130100.98 rows=391414 width=8) (actual time=1056.404..2162.308 rows=646106 loops=1)
              Hash Cond: (mi_idx.movie_id = t.id)
              ->  Seq Scan on movie_info_idx mi_idx  (cost=0.00..21735.35 rows=1380035 width=4) (actual time=0.021..328.658 rows=1380035 loops=1)
              ->  Hash  (cost=73925.90..73925.90 rows=717156 width=4) (actual time=1055.470..1055.470 rows=620281 loops=1)
                    Buckets: 131072  Batches: 16  Memory Usage: 2386kB
                    ->  Seq Scan on title t  (cost=0.00..73925.90 rows=717156 width=4) (actual time=0.016..874.446 rows=620281 loops=1)
                          Filter: ((kind_id < 7) AND (production_year > 1986))
                          Rows Removed by Filter: 1908031
Planning time: 1.109 ms
Execution time: 37054.236 ms
