Hash Join  (cost=215833.08..1063075.09 rows=4162516 width=0) (actual time=5160.493..22551.543 rows=10969299 loops=1)
  Hash Cond: (ci.movie_id = t.id)
  ->  Seq Scan on cast_info ci  (cost=0.00..705507.15 rows=8225786 width=4) (actual time=0.038..9618.756 rows=8104794 loops=1)
        Filter: (person_id < 792651)
        Rows Removed by Filter: 28139550
  ->  Hash  (cost=194840.12..194840.12 rows=1279517 width=8) (actual time=5159.570..5159.570 rows=1274246 loops=1)
        Buckets: 131072  Batches: 32  Memory Usage: 2553kB
        ->  Hash Join  (cost=102767.86..194840.12 rows=1279517 width=8) (actual time=2651.697..4750.352 rows=1274246 loops=1)
              Hash Cond: (mc.movie_id = t.id)
              ->  Seq Scan on movie_companies mc  (cost=0.00..51404.11 rows=1279517 width=4) (actual time=320.831..886.740 rows=1274246 loops=1)
                    Filter: (company_type_id = 1)
                    Rows Removed by Filter: 1334883
              ->  Hash  (cost=61283.27..61283.27 rows=2528527 width=4) (actual time=2329.570..2329.570 rows=2528312 loops=1)
                    Buckets: 131072  Batches: 64  Memory Usage: 2415kB
                    ->  Seq Scan on title t  (cost=0.00..61283.27 rows=2528527 width=4) (actual time=0.017..829.538 rows=2528312 loops=1)
Planning time: 1.123 ms
Execution time: 23792.131 ms
