Hash Join  (cost=68973.60..141713.48 rows=58298 width=0) (actual time=904.201..2433.092 rows=129999 loops=1)
  Hash Cond: (mc.movie_id = t.id)
  ->  Seq Scan on movie_companies mc  (cost=0.00..51404.11 rows=1766610 width=4) (actual time=0.027..849.284 rows=1757301 loops=1)
        Filter: (company_id < 25005)
        Rows Removed by Filter: 851828
  ->  Hash  (cost=67604.59..67604.59 rows=83441 width=4) (actual time=903.505..903.505 rows=81647 loops=1)
        Buckets: 131072  Batches: 2  Memory Usage: 2455kB
        ->  Seq Scan on title t  (cost=0.00..67604.59 rows=83441 width=4) (actual time=311.911..874.369 rows=81647 loops=1)
              Filter: (production_year < 1919)
              Rows Removed by Filter: 2446665
Planning time: 0.510 ms
Execution time: 2450.439 ms
