Seq Scan on movie_companies mc  (cost=0.00..51404.11 rows=473238 width=0) (actual time=118.148..704.596 rows=477586 loops=1)
  Filter: (company_id > 75507)
  Rows Removed by Filter: 2131543
Planning time: 0.308 ms
Execution time: 766.455 ms
