Hash Join  (cost=83074.74..137742.81 rows=254 width=0) (actual time=1104.918..2096.286 rows=32646 loops=1)
  Hash Cond: (mc.movie_id = t.id)
  ->  Seq Scan on movie_companies mc  (cost=0.00..44881.29 rows=2609129 width=4) (actual time=0.017..477.196 rows=2609129 loops=1)
  ->  Hash  (cost=83071.67..83071.67 rows=246 width=8) (actual time=1104.706..1104.706 rows=2488 loops=1)
        Buckets: 4096 (originally 1024)  Batches: 1 (originally 1)  Memory Usage: 130kB
        ->  Nested Loop  (cost=0.43..83071.67 rows=246 width=8) (actual time=0.551..1103.027 rows=2488 loops=1)
              ->  Seq Scan on movie_keyword mk  (cost=0.00..81003.12 rows=246 width=4) (actual time=0.483..1055.078 rows=2488 loops=1)
                    Filter: (keyword_id = 1743)
                    Rows Removed by Filter: 4521442
              ->  Index Only Scan using title_pkey on title t  (cost=0.43..8.40 rows=1 width=4) (actual time=0.018..0.018 rows=1 loops=2488)
                    Index Cond: (id = mk.movie_id)
                    Heap Fetches: 2488
Planning time: 4.028 ms
Execution time: 2100.963 ms
