Hash Join  (cost=83074.74..447745.01 rows=1434 width=0) (actual time=993.569..6706.684 rows=1928 loops=1)
  Hash Cond: (mi.movie_id = t.id)
  ->  Seq Scan on movie_info mi  (cost=0.00..309384.22 rows=14739122 width=4) (actual time=0.021..2970.645 rows=14835720 loops=1)
  ->  Hash  (cost=83071.67..83071.67 rows=246 width=8) (actual time=982.312..982.312 rows=50 loops=1)
        Buckets: 1024  Batches: 1  Memory Usage: 10kB
        ->  Nested Loop  (cost=0.43..83071.67 rows=246 width=8) (actual time=10.375..982.240 rows=50 loops=1)
              ->  Seq Scan on movie_keyword mk  (cost=0.00..81003.12 rows=246 width=4) (actual time=10.292..979.960 rows=50 loops=1)
                    Filter: (keyword_id = 4797)
                    Rows Removed by Filter: 4523880
              ->  Index Only Scan using title_pkey on title t  (cost=0.43..8.40 rows=1 width=4) (actual time=0.040..0.041 rows=1 loops=50)
                    Index Cond: (id = mk.movie_id)
                    Heap Fetches: 50
Planning time: 1.108 ms
Execution time: 6707.332 ms
