Hash Join  (cost=245074.67..338200.64 rows=1311244 width=0) (actual time=5444.732..9776.907 rows=8764355 loops=1)
  Hash Cond: (mc.movie_id = t.id)
  ->  Seq Scan on movie_companies mc  (cost=0.00..44881.29 rows=2609129 width=4) (actual time=0.014..692.033 rows=2609129 loops=1)
  ->  Hash  (cost=224226.46..224226.46 rows=1270737 width=8) (actual time=5443.606..5443.606 rows=1278728 loops=1)
        Buckets: 131072  Batches: 32  Memory Usage: 2580kB
        ->  Hash Join  (cost=102767.86..224226.46 rows=1270737 width=8) (actual time=2230.907..5034.786 rows=1278728 loops=1)
              Hash Cond: (mk.movie_id = t.id)
              ->  Seq Scan on movie_keyword mk  (cost=0.00..81003.12 rows=1270737 width=4) (actual time=0.021..1298.777 rows=1278728 loops=1)
                    Filter: (keyword_id < 1651)
                    Rows Removed by Filter: 3245202
              ->  Hash  (cost=61283.27..61283.27 rows=2528527 width=4) (actual time=2228.464..2228.464 rows=2528312 loops=1)
                    Buckets: 131072  Batches: 64  Memory Usage: 2425kB
                    ->  Seq Scan on title t  (cost=0.00..61283.27 rows=2528527 width=4) (actual time=0.020..749.697 rows=2528312 loops=1)
Planning time: 1.023 ms
Execution time: 10865.875 ms
