Hash Join  (cost=175027.18..289109.84 rows=705246 width=0) (actual time=3960.236..6978.147 rows=3006685 loops=1)
  Hash Cond: (mk.movie_id = t.id)
  ->  Seq Scan on movie_keyword mk  (cost=0.00..81003.12 rows=1940286 width=4) (actual time=0.010..1285.428 rows=1949032 loops=1)
        Filter: (keyword_id > 6643)
        Rows Removed by Filter: 2574898
  ->  Hash  (cost=159947.97..159947.97 rows=919057 width=8) (actual time=3959.248..3959.248 rows=920110 loops=1)
        Buckets: 131072  Batches: 16  Memory Usage: 3283kB
        ->  Hash Join  (cost=102767.86..159947.97 rows=919057 width=8) (actual time=1491.092..3606.950 rows=920110 loops=1)
              Hash Cond: (mi_idx.movie_id = t.id)
              ->  Seq Scan on movie_info_idx mi_idx  (cost=0.00..25185.44 rows=919057 width=4) (actual time=0.007..470.982 rows=920110 loops=1)
                    Filter: (info_type_id > 99)
                    Rows Removed by Filter: 459925
              ->  Hash  (cost=61283.27..61283.27 rows=2528527 width=4) (actual time=1489.097..1489.097 rows=2528312 loops=1)
                    Buckets: 131072  Batches: 64  Memory Usage: 2415kB
                    ->  Seq Scan on title t  (cost=0.00..61283.27 rows=2528527 width=4) (actual time=0.019..730.235 rows=2528312 loops=1)
Planning time: 1.066 ms
Execution time: 7333.232 ms
