Seq Scan on movie_companies mc  (cost=0.00..51404.11 rows=1086426 width=0) (actual time=2.639..788.477 rows=1098827 loops=1)
  Filter: (company_id > 14069)
  Rows Removed by Filter: 1510302
Planning time: 0.323 ms
Execution time: 931.191 ms
