Seq Scan on movie_keyword mk  (cost=0.00..81003.12 rows=2825622 width=0) (actual time=0.015..1364.615 rows=2814651 loops=1)
  Filter: (keyword_id < 8399)
  Rows Removed by Filter: 1709279
Planning time: 0.299 ms
Execution time: 1728.370 ms
