Seq Scan on cast_info ci  (cost=0.00..705507.15 rows=18517425 width=0) (actual time=790.745..9722.779 rows=18682258 loops=1)
  Filter: (person_id > 1737999)
  Rows Removed by Filter: 17562086
Planning time: 0.284 ms
Execution time: 11988.668 ms
