Hash Join  (cost=102767.86..226998.59 rows=1385945 width=0) (actual time=1702.095..4957.922 rows=1401477 loops=1)
  Hash Cond: (mk.movie_id = t.id)
  ->  Seq Scan on movie_keyword mk  (cost=0.00..81003.12 rows=1385945 width=4) (actual time=0.023..1159.652 rows=1401477 loops=1)
        Filter: (keyword_id > 11948)
        Rows Removed by Filter: 3122453
  ->  Hash  (cost=61283.27..61283.27 rows=2528527 width=4) (actual time=1701.018..1701.018 rows=2528312 loops=1)
        Buckets: 131072  Batches: 64  Memory Usage: 2425kB
        ->  Seq Scan on title t  (cost=0.00..61283.27 rows=2528527 width=4) (actual time=0.012..828.760 rows=2528312 loops=1)
Planning time: 0.645 ms
Execution time: 5119.798 ms
