Hash Join  (cost=155832.22..542014.96 rows=310290 width=0) (actual time=2429.385..9074.403 rows=3865001 loops=1)
  Hash Cond: (mi.movie_id = t.id)
  ->  Seq Scan on movie_info mi  (cost=0.00..309384.22 rows=14739122 width=4) (actual time=0.013..2798.289 rows=14835720 loops=1)
  ->  Hash  (cost=155166.83..155166.83 rows=53231 width=8) (actual time=2428.677..2428.677 rows=65035 loops=1)
        Buckets: 65536  Batches: 1  Memory Usage: 3053kB
        ->  Hash Join  (cost=67976.49..155166.83 rows=53231 width=8) (actual time=827.602..2408.698 rows=65035 loops=1)
              Hash Cond: (mk.movie_id = t.id)
              ->  Seq Scan on movie_keyword mk  (cost=0.00..69693.30 rows=4523930 width=4) (actual time=0.013..708.946 rows=4523930 loops=1)
              ->  Hash  (cost=67604.59..67604.59 rows=29752 width=4) (actual time=827.386..827.386 rows=30027 loops=1)
                    Buckets: 32768  Batches: 1  Memory Usage: 1312kB
                    ->  Seq Scan on title t  (cost=0.00..67604.59 rows=29752 width=4) (actual time=0.030..815.164 rows=30027 loops=1)
                          Filter: (production_year = 1994)
                          Rows Removed by Filter: 2498285
Planning time: 1.073 ms
Execution time: 9483.455 ms
