Hash Join  (cost=232380.30..790653.72 rows=5627258 width=0) (actual time=4077.828..15401.630 rows=2343864 loops=1)
  Hash Cond: (mi.movie_id = t.id)
  ->  Seq Scan on movie_info mi  (cost=0.00..309384.22 rows=14739122 width=4) (actual time=0.023..4539.690 rows=14835720 loops=1)
  ->  Hash  (cost=216542.20..216542.20 rows=965368 width=8) (actual time=4019.674..4019.674 rows=209923 loops=1)
        Buckets: 131072  Batches: 16  Memory Usage: 1519kB
        ->  Hash Join  (cost=82778.48..216542.20 rows=965368 width=8) (actual time=1311.243..3966.197 rows=209923 loops=1)
              Hash Cond: (mk.movie_id = t.id)
              ->  Seq Scan on movie_keyword mk  (cost=0.00..69693.30 rows=4523930 width=4) (actual time=0.027..1191.203 rows=4523930 loops=1)
              ->  Hash  (cost=73925.90..73925.90 rows=539566 width=4) (actual time=1067.748..1067.748 rows=428248 loops=1)
                    Buckets: 131072  Batches: 8  Memory Usage: 2896kB
                    ->  Seq Scan on title t  (cost=0.00..73925.90 rows=539566 width=4) (actual time=270.009..932.437 rows=428248 loops=1)
                          Filter: ((production_year < 1997) AND (kind_id = 7))
                          Rows Removed by Filter: 2100064
Planning time: 1.124 ms
Execution time: 15644.734 ms
