Hash Join  (cost=102767.86..1093083.15 rows=11425609 width=0) (actual time=2401.805..21460.272 rows=11419216 loops=1)
  Hash Cond: (ci.movie_id = t.id)
  ->  Seq Scan on cast_info ci  (cost=0.00..705507.15 rows=11425609 width=4) (actual time=813.058..10445.903 rows=11419216 loops=1)
        Filter: (person_id > 2556836)
        Rows Removed by Filter: 24825128
  ->  Hash  (cost=61283.27..61283.27 rows=2528527 width=4) (actual time=1588.004..1588.004 rows=2528312 loops=1)
        Buckets: 131072  Batches: 64  Memory Usage: 2415kB
        ->  Seq Scan on title t  (cost=0.00..61283.27 rows=2528527 width=4) (actual time=0.024..738.082 rows=2528312 loops=1)
Planning time: 0.654 ms
Execution time: 22793.250 ms
