Hash Join  (cost=102767.86..880966.35 rows=2610421 width=0) (actual time=4610.663..12746.307 rows=2650644 loops=1)
  Hash Cond: (ci.movie_id = t.id)
  ->  Seq Scan on cast_info ci  (cost=0.00..705507.15 rows=2610421 width=4) (actual time=2917.156..8801.808 rows=2650644 loops=1)
        Filter: (person_id > 3550533)
        Rows Removed by Filter: 33593700
  ->  Hash  (cost=61283.27..61283.27 rows=2528527 width=4) (actual time=1691.795..1691.795 rows=2528312 loops=1)
        Buckets: 131072  Batches: 64  Memory Usage: 2415kB
        ->  Seq Scan on title t  (cost=0.00..61283.27 rows=2528527 width=4) (actual time=0.035..834.783 rows=2528312 loops=1)
Planning time: 0.488 ms
Execution time: 13041.095 ms
