Hash Join  (cost=86275.83..143423.17 rows=57363 width=0) (actual time=1664.574..2196.776 rows=148347 loops=1)
  Hash Cond: (mc.movie_id = t.id)
  ->  Seq Scan on movie_companies mc  (cost=0.00..51404.11 rows=192693 width=4) (actual time=465.319..739.999 rows=193720 loops=1)
        Filter: (company_id > 115505)
        Rows Removed by Filter: 2415409
  ->  Hash  (cost=73925.90..73925.90 rows=752714 width=4) (actual time=1198.276..1198.276 rows=657199 loops=1)
        Buckets: 131072  Batches: 16  Memory Usage: 2469kB
        ->  Seq Scan on title t  (cost=0.00..73925.90 rows=752714 width=4) (actual time=0.027..983.257 rows=657199 loops=1)
              Filter: ((kind_id < 7) AND (production_year > 1981))
              Rows Removed by Filter: 1871113
Planning time: 0.702 ms
Execution time: 2216.771 ms
