Hash Join  (cost=69374.09..982359.15 rows=414254 width=0) (actual time=918.819..19225.487 rows=532534 loops=1)
  Hash Cond: (ci.movie_id = t.id)
  ->  Seq Scan on cast_info ci  (cost=0.00..796071.18 rows=9716625 width=4) (actual time=0.021..13578.574 rows=12670688 loops=1)
        Filter: ((person_id < 2831257) AND (role_id < 2))
        Rows Removed by Filter: 23573656
  ->  Hash  (cost=67604.59..67604.59 rows=107800 width=4) (actual time=918.072..918.072 rows=108429 loops=1)
        Buckets: 131072  Batches: 2  Memory Usage: 2931kB
        ->  Seq Scan on title t  (cost=0.00..67604.59 rows=107800 width=4) (actual time=0.022..878.371 rows=108429 loops=1)
              Filter: (production_year = 2006)
              Rows Removed by Filter: 2419883
Planning time: 0.642 ms
Execution time: 19296.657 ms
