Seq Scan on movie_keyword mk  (cost=0.00..81003.12 rows=4430461 width=0) (actual time=0.016..1393.837 rows=4419636 loops=1)
  Filter: (keyword_id > 103)
  Rows Removed by Filter: 104294
Planning time: 0.295 ms
Execution time: 1962.435 ms
