Seq Scan on cast_info ci  (cost=0.00..796071.18 rows=6216218 width=0) (actual time=8228.517..10563.251 rows=961096 loops=1)
  Filter: ((person_id > 2577451) AND (role_id < 3))
  Rows Removed by Filter: 35283248
Planning time: 0.329 ms
Execution time: 10687.612 ms
