Nested Loop  (cost=0.43..87212.14 rows=4870 width=0) (actual time=2.967..692.671 rows=5148 loops=1)
  ->  Seq Scan on movie_companies mc  (cost=0.00..51404.11 rows=4870 width=4) (actual time=2.896..629.146 rows=5148 loops=1)
        Filter: (company_id = 1427)
        Rows Removed by Filter: 2603981
  ->  Index Only Scan using title_pkey on title t  (cost=0.43..7.34 rows=1 width=4) (actual time=0.011..0.012 rows=1 loops=5148)
        Index Cond: (id = mc.movie_id)
        Heap Fetches: 5148
Planning time: 0.718 ms
Execution time: 694.402 ms
