Seq Scan on cast_info ci  (cost=0.00..705507.15 rows=9214162 width=0) (actual time=0.019..9553.618 rows=9070405 loops=1)
  Filter: (person_id < 893326)
  Rows Removed by Filter: 27173939
Planning time: 0.288 ms
Execution time: 10693.448 ms
