Hash Join  (cost=67697.55..161903.41 rows=10275 width=0) (actual time=867.716..2826.736 rows=15205 loops=1)
  Hash Cond: (mk.movie_id = t.id)
  ->  Seq Scan on movie_keyword mk  (cost=0.00..81003.12 rows=3493330 width=4) (actual time=0.017..1417.341 rows=3488601 loops=1)
        Filter: (keyword_id < 17153)
        Rows Removed by Filter: 1035329
  ->  Hash  (cost=67604.59..67604.59 rows=7437 width=4) (actual time=865.908..865.908 rows=11121 loops=1)
        Buckets: 16384 (originally 8192)  Batches: 1 (originally 1)  Memory Usage: 519kB
        ->  Seq Scan on title t  (cost=0.00..67604.59 rows=7437 width=4) (actual time=0.298..860.187 rows=11121 loops=1)
              Filter: (production_year = 1960)
              Rows Removed by Filter: 2517191
Planning time: 0.682 ms
Execution time: 2829.154 ms
