Hash Join  (cost=52284.99..805520.09 rows=523 width=0) (actual time=646.971..12659.501 rows=107 loops=1)
  Hash Cond: (ci.movie_id = t.id)
  ->  Seq Scan on cast_info ci  (cost=0.00..705507.15 rows=12726058 width=4) (actual time=0.023..10286.017 rows=12670688 loops=1)
        Filter: (role_id = 1)
        Rows Removed by Filter: 23573656
  ->  Hash  (cost=52283.69..52283.69 rows=104 width=8) (actual time=639.850..639.850 rows=137 loops=1)
        Buckets: 1024  Batches: 1  Memory Usage: 14kB
        ->  Nested Loop  (cost=0.43..52283.69 rows=104 width=8) (actual time=6.907..639.737 rows=137 loops=1)
              ->  Seq Scan on movie_companies mc  (cost=0.00..51404.11 rows=104 width=4) (actual time=6.821..636.219 rows=137 loops=1)
                    Filter: (company_id = 1134)
                    Rows Removed by Filter: 2608992
              ->  Index Only Scan using title_pkey on title t  (cost=0.43..8.45 rows=1 width=4) (actual time=0.023..0.024 rows=1 loops=137)
                    Index Cond: (id = mc.movie_id)
                    Heap Fetches: 137
Planning time: 1.085 ms
Execution time: 12659.734 ms
