Hash Join  (cost=149927.02..240890.27 rows=43503 width=0) (actual time=2792.998..4462.170 rows=389452 loops=1)
  Hash Cond: (mk.movie_id = t.id)
  ->  Seq Scan on movie_keyword mk  (cost=0.00..81003.12 rows=775760 width=4) (actual time=0.018..1156.561 rows=784391 loops=1)
        Filter: (keyword_id > 24029)
        Rows Removed by Filter: 3739539
  ->  Hash  (cost=147600.60..147600.60 rows=141793 width=8) (actual time=2791.894..2791.894 rows=361211 loops=1)
        Buckets: 131072 (originally 131072)  Batches: 8 (originally 2)  Memory Usage: 3073kB
        ->  Hash Join  (cost=78350.52..147600.60 rows=141793 width=8) (actual time=1115.943..2686.472 rows=361211 loops=1)
              Hash Cond: (mc.movie_id = t.id)
              ->  Seq Scan on movie_companies mc  (cost=0.00..51404.11 rows=1329612 width=4) (actual time=0.027..831.644 rows=1334883 loops=1)
                    Filter: (company_type_id > 1)
                    Rows Removed by Filter: 1274246
              ->  Hash  (cost=73925.90..73925.90 rows=269649 width=4) (actual time=1114.919..1114.919 rows=382611 loops=1)
                    Buckets: 131072 (originally 131072)  Batches: 8 (originally 4)  Memory Usage: 3073kB
                    ->  Seq Scan on title t  (cost=0.00..73925.90 rows=269649 width=4) (actual time=0.020..983.117 rows=382611 loops=1)
                          Filter: ((kind_id < 7) AND (production_year < 1990))
                          Rows Removed by Filter: 2145701
Planning time: 1.146 ms
Execution time: 4513.588 ms
