Seq Scan on movie_keyword mk  (cost=0.00..81003.12 rows=2966251 width=0) (actual time=0.028..1342.848 rows=2959796 loops=1)
  Filter: (keyword_id > 2347)
  Rows Removed by Filter: 1564134
Planning time: 0.322 ms
Execution time: 1717.562 ms
