Hash Join  (cost=69090.10..193065.70 rows=161956 width=0) (actual time=2452.679..3482.961 rows=183129 loops=1)
  Hash Cond: (mk.movie_id = t.id)
  ->  Seq Scan on movie_keyword mk  (cost=0.00..69693.30 rows=4523930 width=4) (actual time=0.023..1167.157 rows=4523930 loops=1)
  ->  Hash  (cost=67604.59..67604.59 rows=90521 width=4) (actual time=1015.305..1015.305 rows=90852 loops=1)
        Buckets: 131072  Batches: 2  Memory Usage: 2632kB
        ->  Seq Scan on title t  (cost=0.00..67604.59 rows=90521 width=4) (actual time=0.014..981.019 rows=90852 loops=1)
              Filter: (kind_id = 2)
              Rows Removed by Filter: 2437460
Planning time: 1.697 ms
Execution time: 3503.807 ms
