Hash Join  (cost=133850.49..213068.21 rows=302319 width=0) (actual time=2504.138..4733.918 rows=1671367 loops=1)
  Hash Cond: (mc.movie_id = t.id)
  ->  Seq Scan on movie_companies mc  (cost=0.00..44881.29 rows=2609129 width=4) (actual time=0.019..631.252 rows=2609129 loops=1)
  ->  Hash  (cost=129043.24..129043.24 rows=292980 width=8) (actual time=2503.285..2503.285 rows=510425 loops=1)
        Buckets: 131072 (originally 131072)  Batches: 8 (originally 4)  Memory Usage: 3526kB
        ->  Hash Join  (cost=87150.54..129043.24 rows=292980 width=8) (actual time=1218.580..2361.738 rows=510425 loops=1)
              Hash Cond: (mi_idx.movie_id = t.id)
              ->  Seq Scan on movie_info_idx mi_idx  (cost=0.00..25185.44 rows=919057 width=4) (actual time=0.017..470.339 rows=920110 loops=1)
                    Filter: (info_type_id > 99)
                    Rows Removed by Filter: 459925
              ->  Hash  (cost=73925.90..73925.90 rows=806051 width=4) (actual time=1217.636..1217.636 rows=719730 loops=1)
                    Buckets: 131072  Batches: 16  Memory Usage: 2606kB
                    ->  Seq Scan on title t  (cost=0.00..73925.90 rows=806051 width=4) (actual time=0.031..991.917 rows=719730 loops=1)
                          Filter: ((kind_id < 7) AND (production_year > 1971))
                          Rows Removed by Filter: 1808582
Planning time: 1.258 ms
Execution time: 4923.525 ms
