Hash Join  (cost=102767.86..270196.15 rows=3181118 width=0) (actual time=2384.004..6500.449 rows=3160369 loops=1)
  Hash Cond: (mk.movie_id = t.id)
  ->  Seq Scan on movie_keyword mk  (cost=0.00..81003.12 rows=3181118 width=4) (actual time=0.020..1460.301 rows=3160369 loops=1)
        Filter: (keyword_id > 1775)
        Rows Removed by Filter: 1363561
  ->  Hash  (cost=61283.27..61283.27 rows=2528527 width=4) (actual time=2381.853..2381.853 rows=2528312 loops=1)
        Buckets: 131072  Batches: 64  Memory Usage: 2425kB
        ->  Seq Scan on title t  (cost=0.00..61283.27 rows=2528527 width=4) (actual time=0.013..890.591 rows=2528312 loops=1)
Planning time: 0.679 ms
Execution time: 6869.175 ms
