Seq Scan on movie_keyword mk  (cost=0.00..81003.12 rows=4306598 width=0) (actual time=0.028..1327.916 rows=4304648 loops=1)
  Filter: (keyword_id < 64921)
  Rows Removed by Filter: 219282
Planning time: 0.290 ms
Execution time: 1853.178 ms
