Seq Scan on movie_companies mc  (cost=0.00..57926.93 rows=51 width=0) (actual time=495.204..705.054 rows=88 loops=1)
  Filter: ((company_type_id < 2) AND (company_id = 14885))
  Rows Removed by Filter: 2609041
Planning time: 0.371 ms
Execution time: 705.182 ms
