Hash Join  (cost=75574.02..139198.03 rows=39268 width=0) (actual time=1578.862..2192.962 rows=14249 loops=1)
  Hash Cond: (mc.movie_id = t.id)
  ->  Seq Scan on movie_companies mc  (cost=0.00..51404.11 rows=988859 width=4) (actual time=0.020..762.303 rows=998348 loops=1)
        Filter: (company_id > 16734)
        Rows Removed by Filter: 1610781
  ->  Hash  (cost=73925.90..73925.90 rows=100409 width=4) (actual time=1025.061..1025.061 rows=110402 loops=1)
        Buckets: 131072  Batches: 2  Memory Usage: 2964kB
        ->  Seq Scan on title t  (cost=0.00..73925.90 rows=100409 width=4) (actual time=0.037..986.934 rows=110402 loops=1)
              Filter: ((kind_id = 7) AND (production_year = 2012))
              Rows Removed by Filter: 2417910
Planning time: 0.543 ms
Execution time: 2195.189 ms
