Hash Join  (cost=83810.17..158369.87 rows=322542 width=0) (actual time=1630.929..2582.649 rows=313886 loops=1)
  Hash Cond: (mc.movie_id = t.id)
  ->  Seq Scan on movie_companies mc  (cost=0.00..57926.93 rows=825690 width=4) (actual time=399.898..799.437 rows=517383 loops=1)
        Filter: ((company_id < 16734) AND (company_type_id > 1))
        Rows Removed by Filter: 2091746
  ->  Hash  (cost=67604.59..67604.59 rows=987727 width=4) (actual time=1230.186..1230.186 rows=985048 loops=1)
        Buckets: 131072  Batches: 16  Memory Usage: 3188kB
        ->  Seq Scan on title t  (cost=0.00..67604.59 rows=987727 width=4) (actual time=0.028..916.429 rows=985048 loops=1)
              Filter: (kind_id < 7)
              Rows Removed by Filter: 1543264
Planning time: 0.640 ms
Execution time: 2623.277 ms
