Hash Join  (cost=150150.61..969665.89 rows=72749 width=0) (actual time=2750.193..12289.222 rows=506 loops=1)
  Hash Cond: (ci.movie_id = t.id)
  ->  Seq Scan on cast_info ci  (cost=0.00..796071.18 rows=1932429 width=4) (actual time=5.537..9561.894 rows=1653 loops=1)
        Filter: ((person_id < 926302) AND (role_id = 2))
        Rows Removed by Filter: 36242691
  ->  Hash  (cost=148588.74..148588.74 rows=95190 width=8) (actual time=2671.766..2671.766 rows=348447 loops=1)
        Buckets: 131072 (originally 131072)  Batches: 8 (originally 2)  Memory Usage: 3073kB
        ->  Hash Join  (cost=78364.59..148588.74 rows=95190 width=8) (actual time=1113.451..2552.286 rows=348447 loops=1)
              Hash Cond: (mc.movie_id = t.id)
              ->  Seq Scan on movie_companies mc  (cost=0.00..57926.93 rows=889683 width=4) (actual time=0.019..905.749 rows=720813 loops=1)
                    Filter: ((company_id > 1703) AND (company_type_id < 2))
                    Rows Removed by Filter: 1888316
              ->  Hash  (cost=73925.90..73925.90 rows=270535 width=4) (actual time=1112.771..1112.771 rows=374196 loops=1)
                    Buckets: 131072 (originally 131072)  Batches: 8 (originally 4)  Memory Usage: 3073kB
                    ->  Seq Scan on title t  (cost=0.00..73925.90 rows=270535 width=4) (actual time=0.029..981.887 rows=374196 loops=1)
                          Filter: ((production_year < 2000) AND (kind_id = 1))
                          Rows Removed by Filter: 2154116
Planning time: 1.178 ms
Execution time: 12289.781 ms
