Hash Join  (cost=82798.22..596237.90 rows=3152075 width=0) (actual time=1783.449..14568.821 rows=5429805 loops=1)
  Hash Cond: (mi.movie_id = t.id)
  ->  Seq Scan on movie_info mi  (cost=0.00..309384.22 rows=14739122 width=4) (actual time=0.021..4578.948 rows=14835720 loops=1)
  ->  Hash  (cost=73925.90..73925.90 rows=540745 width=4) (actual time=1674.065..1674.065 rows=416412 loops=1)
        Buckets: 131072  Batches: 8  Memory Usage: 2870kB
        ->  Seq Scan on title t  (cost=0.00..73925.90 rows=540745 width=4) (actual time=60.202..1025.470 rows=416412 loops=1)
              Filter: ((production_year > 1972) AND (kind_id = 1))
              Rows Removed by Filter: 2111900
Planning time: 0.718 ms
Execution time: 15091.574 ms
