Seq Scan on movie_keyword mk  (cost=0.00..81003.12 rows=1682325 width=0) (actual time=0.032..1217.041 rows=1692250 loops=1)
  Filter: (keyword_id > 8537)
  Rows Removed by Filter: 2831680
Planning time: 0.291 ms
Execution time: 1430.183 ms
