Hash Join  (cost=263115.61..439424.48 rows=3602169 width=0) (actual time=5361.767..14605.565 rows=26666380 loops=1)
  Hash Cond: (mk.movie_id = t.id)
  ->  Seq Scan on movie_keyword mk  (cost=0.00..81003.12 rows=3490890 width=4) (actual time=0.027..1603.698 rows=3485625 loops=1)
        Filter: (keyword_id < 17084)
        Rows Removed by Filter: 1038305
  ->  Hash  (cost=220309.49..220309.49 rows=2609129 width=8) (actual time=5360.070..5360.070 rows=2609129 loops=1)
        Buckets: 131072  Batches: 64  Memory Usage: 2691kB
        ->  Hash Join  (cost=102767.86..220309.49 rows=2609129 width=8) (actual time=1678.286..4706.415 rows=2609129 loops=1)
              Hash Cond: (mc.movie_id = t.id)
              ->  Seq Scan on movie_companies mc  (cost=0.00..44881.29 rows=2609129 width=4) (actual time=0.021..800.296 rows=2609129 loops=1)
              ->  Hash  (cost=61283.27..61283.27 rows=2528527 width=4) (actual time=1676.604..1676.604 rows=2528312 loops=1)
                    Buckets: 131072  Batches: 64  Memory Usage: 2415kB
                    ->  Seq Scan on title t  (cost=0.00..61283.27 rows=2528527 width=4) (actual time=0.024..819.998 rows=2528312 loops=1)
Planning time: 1.139 ms
Execution time: 17182.084 ms
