Hash Join  (cost=70308.29..837119.75 rows=323642 width=0) (actual time=935.407..12782.139 rows=442649 loops=1)
  Hash Cond: (ci.movie_id = t.id)
  ->  Seq Scan on cast_info ci  (cost=0.00..705507.15 rows=4966371 width=4) (actual time=0.032..9767.565 rows=5001587 loops=1)
        Filter: (person_id > 3169561)
        Rows Removed by Filter: 31242757
  ->  Hash  (cost=67604.59..67604.59 rows=164776 width=4) (actual time=934.553..934.553 rows=164307 loops=1)
        Buckets: 131072  Batches: 4  Memory Usage: 2482kB
        ->  Seq Scan on title t  (cost=0.00..67604.59 rows=164776 width=4) (actual time=0.024..877.799 rows=164307 loops=1)
              Filter: (production_year = 2012)
              Rows Removed by Filter: 2364005
Planning time: 0.676 ms
Execution time: 12831.157 ms
