Seq Scan on movie_keyword mk  (cost=0.00..81003.12 rows=1920301 width=0) (actual time=0.023..1260.739 rows=1936826 loops=1)
  Filter: (keyword_id < 3332)
  Rows Removed by Filter: 2587104
Planning time: 0.295 ms
Execution time: 1504.944 ms
