Seq Scan on cast_info ci  (cost=0.00..796071.18 rows=2532775 width=0) (actual time=1299.027..15696.989 rows=2728943 loops=1)
  Filter: ((person_id < 3541176) AND (role_id = 4))
  Rows Removed by Filter: 33515401
Planning time: 0.297 ms
Execution time: 16027.511 ms
