Seq Scan on cast_info ci  (cost=0.00..796071.18 rows=18802406 width=0) (actual time=1070.536..14611.521 rows=23028427 loops=1)
  Filter: ((person_id < 2892453) AND (role_id < 4))
  Rows Removed by Filter: 13215917
Planning time: 0.346 ms
Execution time: 17512.851 ms
