Nested Loop  (cost=0.43..52283.95 rows=90 width=0) (actual time=12.708..590.560 rows=561 loops=1)
  ->  Seq Scan on movie_companies mc  (cost=0.00..51404.11 rows=104 width=4) (actual time=12.647..583.311 rows=561 loops=1)
        Filter: (company_id = 1564)
        Rows Removed by Filter: 2608568
  ->  Index Scan using title_pkey on title t  (cost=0.43..8.45 rows=1 width=4) (actual time=0.012..0.012 rows=1 loops=561)
        Index Cond: (id = mc.movie_id)
        Filter: (production_year > 1961)
Planning time: 0.693 ms
Execution time: 590.881 ms
