Seq Scan on movie_companies mc  (cost=0.00..51404.11 rows=1245311 width=0) (actual time=0.015..515.063 rows=1235854 loops=1)
  Filter: (company_id < 11146)
  Rows Removed by Filter: 1373275
Planning time: 0.278 ms
Execution time: 623.002 ms
