Nested Loop  (cost=0.43..83071.67 rows=246 width=0) (actual time=9.937..1136.931 rows=32 loops=1)
  ->  Seq Scan on movie_keyword mk  (cost=0.00..81003.12 rows=246 width=4) (actual time=9.860..1133.884 rows=32 loops=1)
        Filter: (keyword_id = 31613)
        Rows Removed by Filter: 4523898
  ->  Index Only Scan using title_pkey on title t  (cost=0.43..8.40 rows=1 width=4) (actual time=0.089..0.090 rows=1 loops=32)
        Index Cond: (id = mk.movie_id)
        Heap Fetches: 32
Planning time: 0.675 ms
Execution time: 1137.023 ms
