Hash Join  (cost=171645.95..1297760.06 rows=8407444 width=0) (actual time=3420.549..33900.137 rows=13745436 loops=1)
  Hash Cond: (ci.movie_id = t.id)
  ->  Seq Scan on cast_info ci  (cost=0.00..796071.18 rows=20929729 width=4) (actual time=0.012..16210.937 rows=24130698 loops=1)
        Filter: ((person_id < 3210522) AND (role_id < 4))
        Rows Removed by Filter: 12113646
  ->  Hash  (cost=154981.62..154981.62 rows=1015706 width=8) (actual time=3419.744..3419.744 rows=750135 loops=1)
        Buckets: 131072  Batches: 16  Memory Usage: 2867kB
        ->  Hash Join  (cost=98137.04..154981.62 rows=1015706 width=8) (actual time=1590.673..3188.881 rows=750135 loops=1)
              Hash Cond: (mi_idx.movie_id = t.id)
              ->  Seq Scan on movie_info_idx mi_idx  (cost=0.00..21735.35 rows=1380035 width=4) (actual time=0.018..379.034 rows=1380035 loops=1)
              ->  Hash  (cost=67604.59..67604.59 rows=1860996 width=4) (actual time=1590.011..1590.011 rows=1865487 loops=1)
                    Buckets: 131072  Batches: 32  Memory Usage: 3079kB
                    ->  Seq Scan on title t  (cost=0.00..67604.59 rows=1860996 width=4) (actual time=0.018..1022.166 rows=1865487 loops=1)
                          Filter: (kind_id > 1)
                          Rows Removed by Filter: 662825
Planning time: 0.801 ms
Execution time: 35406.064 ms
