Hash Join  (cost=133102.92..498198.37 rows=43952 width=0) (actual time=1231.398..7335.747 rows=309058 loops=1)
  Hash Cond: (mi.movie_id = t.id)
  ->  Seq Scan on movie_info mi  (cost=0.00..309384.22 rows=14739122 width=4) (actual time=0.021..2901.596 rows=14835720 loops=1)
  ->  Hash  (cost=133008.67..133008.67 rows=7540 width=8) (actual time=1231.126..1231.126 rows=7692 loops=1)
        Buckets: 8192  Batches: 1  Memory Usage: 365kB
        ->  Nested Loop  (cost=0.43..133008.67 rows=7540 width=8) (actual time=0.620..1226.670 rows=7692 loops=1)
              ->  Seq Scan on movie_keyword mk  (cost=0.00..81003.12 rows=7540 width=4) (actual time=0.562..1108.853 rows=7692 loops=1)
                    Filter: (keyword_id = 186)
                    Rows Removed by Filter: 4516238
              ->  Index Only Scan using title_pkey on title t  (cost=0.43..6.89 rows=1 width=4) (actual time=0.014..0.014 rows=1 loops=7692)
                    Index Cond: (id = mk.movie_id)
                    Heap Fetches: 7692
Planning time: 1.122 ms
Execution time: 7379.786 ms
