Hash Join  (cost=100908.38..851924.77 rows=22715 width=0) (actual time=1237.954..15820.088 rows=316282 loops=1)
  Hash Cond: (ci.movie_id = t.id)
  ->  Seq Scan on cast_info ci  (cost=0.00..614943.12 rows=36225612 width=4) (actual time=0.028..6695.537 rows=36244344 loops=1)
  ->  Hash  (cost=100888.56..100888.56 rows=1586 width=8) (actual time=1237.872..1237.872 rows=11458 loops=1)
        Buckets: 16384 (originally 2048)  Batches: 1 (originally 1)  Memory Usage: 576kB
        ->  Hash Join  (cost=73962.22..100888.56 rows=1586 width=8) (actual time=767.309..1233.708 rows=11458 loops=1)
              Hash Cond: (mi_idx.movie_id = t.id)
              ->  Seq Scan on movie_info_idx mi_idx  (cost=0.00..21735.35 rows=1380035 width=4) (actual time=0.013..214.433 rows=1380035 loops=1)
              ->  Hash  (cost=73925.90..73925.90 rows=2905 width=4) (actual time=766.853..766.853 rows=9408 loops=1)
                    Buckets: 16384 (originally 4096)  Batches: 1 (originally 1)  Memory Usage: 459kB
                    ->  Seq Scan on title t  (cost=0.00..73925.90 rows=2905 width=4) (actual time=0.066..762.570 rows=9408 loops=1)
                          Filter: ((kind_id < 7) AND (production_year = 1990))
                          Rows Removed by Filter: 2518904
Planning time: 1.167 ms
Execution time: 15868.072 ms
