Hash Join  (cost=102767.86..223018.06 rows=2450590 width=0) (actual time=1639.314..5236.523 rows=2447019 loops=1)
  Hash Cond: (mc.movie_id = t.id)
  ->  Seq Scan on movie_companies mc  (cost=0.00..51404.11 rows=2450590 width=4) (actual time=0.027..945.424 rows=2447019 loops=1)
        Filter: (company_id > 27)
        Rows Removed by Filter: 162110
  ->  Hash  (cost=61283.27..61283.27 rows=2528527 width=4) (actual time=1638.454..1638.454 rows=2528312 loops=1)
        Buckets: 131072  Batches: 64  Memory Usage: 2415kB
        ->  Seq Scan on title t  (cost=0.00..61283.27 rows=2528527 width=4) (actual time=0.009..786.837 rows=2528312 loops=1)
Planning time: 0.714 ms
Execution time: 5542.986 ms
