Seq Scan on movie_keyword mk  (cost=0.00..81003.12 rows=4232402 width=0) (actual time=0.016..1392.006 rows=4236376 loops=1)
  Filter: (keyword_id < 55633)
  Rows Removed by Filter: 287554
Planning time: 0.205 ms
Execution time: 1931.280 ms
