Seq Scan on cast_info ci  (cost=0.00..705507.15 rows=500 width=0) (actual time=893.312..9043.856 rows=940 loops=1)
  Filter: (person_id = 237757)
  Rows Removed by Filter: 36243404
Planning time: 0.449 ms
Execution time: 9044.093 ms
