Seq Scan on movie_keyword mk  (cost=0.00..81003.12 rows=3161441 width=0) (actual time=0.030..1338.316 rows=3147229 loops=1)
  Filter: (keyword_id > 1825)
  Rows Removed by Filter: 1376701
Planning time: 0.304 ms
Execution time: 1734.678 ms
