Hash Join  (cost=102767.86..825789.72 rows=317336 width=0) (actual time=2113.284..13193.699 rows=266431 loops=1)
  Hash Cond: (ci.movie_id = t.id)
  ->  Seq Scan on cast_info ci  (cost=0.00..705507.15 rows=317336 width=4) (actual time=211.132..10733.970 rows=266431 loops=1)
        Filter: (person_id < 31244)
        Rows Removed by Filter: 35977913
  ->  Hash  (cost=61283.27..61283.27 rows=2528527 width=4) (actual time=1899.430..1899.430 rows=2528312 loops=1)
        Buckets: 131072  Batches: 64  Memory Usage: 2415kB
        ->  Seq Scan on title t  (cost=0.00..61283.27 rows=2528527 width=4) (actual time=0.019..1069.257 rows=2528312 loops=1)
Planning time: 0.796 ms
Execution time: 13222.440 ms
