Hash Join  (cost=365418.15..1475194.94 rows=15372653 width=0) (actual time=14549.579..27403.129 rows=25942734 loops=1)
  Hash Cond: (ci.movie_id = t.id)
  ->  Seq Scan on cast_info ci  (cost=0.00..796071.18 rows=8592124 width=4) (actual time=6366.098..10930.905 rows=4252534 loops=1)
        Filter: ((person_id > 1146791) AND (role_id = 1))
        Rows Removed by Filter: 31991810
  ->  Hash  (cost=291197.02..291197.02 rows=4523930 width=8) (actual time=8180.989..8180.989 rows=4523930 loops=1)
        Buckets: 131072  Batches: 64  Memory Usage: 3816kB
        ->  Hash Join  (cost=102767.86..291197.02 rows=4523930 width=8) (actual time=1621.625..7100.186 rows=4523930 loops=1)
              Hash Cond: (mk.movie_id = t.id)
              ->  Seq Scan on movie_keyword mk  (cost=0.00..69693.30 rows=4523930 width=4) (actual time=0.032..1259.590 rows=4523930 loops=1)
              ->  Hash  (cost=61283.27..61283.27 rows=2528527 width=4) (actual time=1619.725..1619.725 rows=2528312 loops=1)
                    Buckets: 131072  Batches: 64  Memory Usage: 2425kB
                    ->  Seq Scan on title t  (cost=0.00..61283.27 rows=2528527 width=4) (actual time=0.020..799.085 rows=2528312 loops=1)
Planning time: 1.105 ms
Execution time: 29802.504 ms
