Hash Join  (cost=117936.73..603918.81 rows=578813 width=0) (actual time=2188.729..16037.590 rows=5310482 loops=1)
  Hash Cond: (mi.movie_id = t.id)
  ->  Seq Scan on movie_info mi  (cost=0.00..309384.22 rows=14739122 width=4) (actual time=0.019..4634.762 rows=14835720 loops=1)
  ->  Hash  (cost=116307.52..116307.52 rows=99297 width=8) (actual time=2187.937..2187.937 rows=271473 loops=1)
        Buckets: 131072 (originally 131072)  Batches: 4 (originally 2)  Memory Usage: 3694kB
        ->  Hash Join  (cost=76911.07..116307.52 rows=99297 width=8) (actual time=1016.123..2096.735 rows=271473 loops=1)
              Hash Cond: (mi_idx.movie_id = t.id)
              ->  Seq Scan on movie_info_idx mi_idx  (cost=0.00..21735.35 rows=1380035 width=4) (actual time=0.011..417.962 rows=1380035 loops=1)
              ->  Hash  (cost=73925.90..73925.90 rows=181933 width=4) (actual time=1015.147..1015.147 rows=315809 loops=1)
                    Buckets: 131072  Batches: 4  Memory Usage: 3806kB
                    ->  Seq Scan on title t  (cost=0.00..73925.90 rows=181933 width=4) (actual time=0.013..914.370 rows=315809 loops=1)
                          Filter: ((kind_id < 3) AND (production_year < 1986))
                          Rows Removed by Filter: 2212503
Planning time: 1.115 ms
Execution time: 16623.501 ms
