Seq Scan on cast_info ci  (cost=0.00..796071.18 rows=23347496 width=0) (actual time=0.027..14131.862 rows=23524748 loops=1)
  Filter: ((person_id > 23026) AND (role_id > 1))
  Rows Removed by Filter: 12719596
Planning time: 0.292 ms
Execution time: 16763.232 ms
