Hash Join  (cost=73962.22..100888.56 rows=1586 width=0) (actual time=955.877..1464.414 rows=8409 loops=1)
  Hash Cond: (mi_idx.movie_id = t.id)
  ->  Seq Scan on movie_info_idx mi_idx  (cost=0.00..21735.35 rows=1380035 width=4) (actual time=0.014..227.296 rows=1380035 loops=1)
  ->  Hash  (cost=73925.90..73925.90 rows=2905 width=4) (actual time=955.491..955.491 rows=6875 loops=1)
        Buckets: 8192 (originally 4096)  Batches: 1 (originally 1)  Memory Usage: 306kB
        ->  Seq Scan on title t  (cost=0.00..73925.90 rows=2905 width=4) (actual time=0.347..952.159 rows=6875 loops=1)
              Filter: ((kind_id < 7) AND (production_year = 1982))
              Rows Removed by Filter: 2521437
Planning time: 0.758 ms
Execution time: 1465.875 ms
