Hash Join  (cost=83074.74..960174.22 rows=2102 width=148) (actual time=919.067..11989.018 rows=20682 loops=1)
  Hash Cond: (ci.movie_id = t.id)
  ->  Seq Scan on cast_info ci  (cost=0.00..796071.18 rows=21601939 width=42) (actual time=0.025..8759.407 rows=20756355 loops=1)
        Filter: ((person_id > 1113347) AND (role_id < 10))
        Rows Removed by Filter: 15487989
  ->  Hash  (cost=83071.67..83071.67 rows=246 width=106) (actual time=917.605..917.605 rows=762 loops=1)
        Buckets: 1024  Batches: 1  Memory Usage: 101kB
        ->  Nested Loop  (cost=0.43..83071.67 rows=246 width=106) (actual time=1.077..916.777 rows=762 loops=1)
              ->  Seq Scan on movie_keyword mk  (cost=0.00..81003.12 rows=246 width=12) (actual time=1.048..901.511 rows=762 loops=1)
                    Filter: (keyword_id = 8749)
                    Rows Removed by Filter: 4523168
              ->  Index Scan using title_pkey on title t  (cost=0.43..8.40 rows=1 width=94) (actual time=0.018..0.019 rows=1 loops=762)
                    Index Cond: (id = mk.movie_id)
Planning time: 1.447 ms
Execution time: 11990.464 ms
