Hash Join  (cost=144524.50..1083649.65 rows=2119803 width=0) (actual time=8220.192..20170.007 rows=1788312 loops=1)
  Hash Cond: (ci.movie_id = t.id)
  ->  Seq Scan on cast_info ci  (cost=0.00..796071.18 rows=10363981 width=4) (actual time=5616.875..13676.291 rows=7877812 loops=1)
        Filter: ((person_id > 642996) AND (role_id < 2))
        Rows Removed by Filter: 28366532
  ->  Hash  (cost=136038.83..136038.83 rows=517174 width=8) (actual time=2601.986..2601.986 rows=290145 loops=1)
        Buckets: 131072  Batches: 8  Memory Usage: 2445kB
        ->  Hash Join  (cost=89472.60..136038.83 rows=517174 width=8) (actual time=1254.102..2509.994 rows=290145 loops=1)
              Hash Cond: (mi_idx.movie_id = t.id)
              ->  Seq Scan on movie_info_idx mi_idx  (cost=0.00..21735.35 rows=1380035 width=4) (actual time=0.025..388.933 rows=1380035 loops=1)
              ->  Hash  (cost=73925.90..73925.90 rows=947576 width=4) (actual time=1253.004..1253.004 rows=876037 loops=1)
                    Buckets: 131072  Batches: 16  Memory Usage: 2949kB
                    ->  Seq Scan on title t  (cost=0.00..73925.90 rows=947576 width=4) (actual time=54.599..992.782 rows=876037 loops=1)
                          Filter: ((production_year < 2007) AND (kind_id = 7))
                          Rows Removed by Filter: 1652275
Planning time: 0.756 ms
Execution time: 20376.318 ms
