Hash Join  (cost=605537.65..1502940.79 rows=8593022 width=0) (actual time=10958.937..27889.461 rows=11335516 loops=1)
  Hash Cond: (ci.movie_id = t.id)
  ->  Seq Scan on cast_info ci  (cost=0.00..705507.15 rows=5995570 width=4) (actual time=0.025..9963.759 rows=6066163 loops=1)
        Filter: (person_id > 3042296)
        Rows Removed by Filter: 30178181
  ->  Hash  (cost=546081.18..546081.18 rows=3623957 width=8) (actual time=10958.024..10958.024 rows=3624977 loops=1)
        Buckets: 131072  Batches: 64  Memory Usage: 3234kB
        ->  Hash Join  (cost=102767.86..546081.18 rows=3623957 width=8) (actual time=2274.141..9913.368 rows=3624977 loops=1)
              Hash Cond: (mi.movie_id = t.id)
              ->  Seq Scan on movie_info mi  (cost=0.00..346232.03 rows=3623957 width=4) (actual time=571.911..4787.000 rows=3624977 loops=1)
                    Filter: (info_type_id < 4)
                    Rows Removed by Filter: 11210743
              ->  Hash  (cost=61283.27..61283.27 rows=2528527 width=4) (actual time=1700.953..1700.953 rows=2528312 loops=1)
                    Buckets: 131072  Batches: 64  Memory Usage: 2425kB
                    ->  Seq Scan on title t  (cost=0.00..61283.27 rows=2528527 width=4) (actual time=0.024..840.952 rows=2528312 loops=1)
Planning time: 1.159 ms
Execution time: 29169.526 ms
