Hash Join  (cost=153396.67..1010798.66 rows=440613 width=0) (actual time=5054.739..19411.811 rows=337826 loops=1)
  Hash Cond: (ci.movie_id = t.id)
  ->  Seq Scan on cast_info ci  (cost=0.00..705507.15 rows=12726058 width=4) (actual time=2491.908..12446.619 rows=12670688 loops=1)
        Filter: (role_id < 2)
        Rows Removed by Filter: 23573656
  ->  Hash  (cost=151960.35..151960.35 rows=87545 width=8) (actual time=2561.440..2561.440 rows=38622 loops=1)
        Buckets: 131072  Batches: 2  Memory Usage: 1775kB
        ->  Hash Join  (cost=75709.76..151960.35 rows=87545 width=8) (actual time=1015.808..2548.092 rows=38622 loops=1)
              Hash Cond: (mc.movie_id = t.id)
              ->  Seq Scan on movie_companies mc  (cost=0.00..51404.11 rows=2036276 width=4) (actual time=0.032..833.297 rows=2033748 loops=1)
                    Filter: (company_id < 71156)
                    Rows Removed by Filter: 575381
              ->  Hash  (cost=73925.90..73925.90 rows=108708 width=4) (actual time=1014.953..1014.953 rows=115965 loops=1)
                    Buckets: 131072  Batches: 2  Memory Usage: 3062kB
                    ->  Seq Scan on title t  (cost=0.00..73925.90 rows=108708 width=4) (actual time=0.036..971.433 rows=115965 loops=1)
                          Filter: ((kind_id > 3) AND (production_year = 2012))
                          Rows Removed by Filter: 2412347
Planning time: 1.153 ms
Execution time: 19458.685 ms
