Hash Join  (cost=216082.07..258965.65 rows=302510 width=0) (actual time=3790.306..5085.293 rows=1134737 loops=1)
  Hash Cond: (mi_idx.movie_id = t.id)
  ->  Seq Scan on movie_info_idx mi_idx  (cost=0.00..21735.35 rows=1380035 width=4) (actual time=0.021..388.184 rows=1380035 loops=1)
  ->  Hash  (cost=206987.77..206987.77 rows=554264 width=8) (actual time=3789.615..3789.615 rows=555726 loops=1)
        Buckets: 131072  Batches: 8  Memory Usage: 3773kB
        ->  Hash Join  (cost=102767.86..206987.77 rows=554264 width=8) (actual time=1646.165..3641.193 rows=555726 loops=1)
              Hash Cond: (mk.movie_id = t.id)
              ->  Seq Scan on movie_keyword mk  (cost=0.00..81003.12 rows=554264 width=4) (actual time=0.016..1199.358 rows=555726 loops=1)
                    Filter: (keyword_id < 398)
                    Rows Removed by Filter: 3968204
              ->  Hash  (cost=61283.27..61283.27 rows=2528527 width=4) (actual time=1644.906..1644.906 rows=2528312 loops=1)
                    Buckets: 131072  Batches: 64  Memory Usage: 2425kB
                    ->  Seq Scan on title t  (cost=0.00..61283.27 rows=2528527 width=4) (actual time=0.023..812.628 rows=2528312 loops=1)
Planning time: 1.108 ms
Execution time: 5204.916 ms
