Hash Join  (cost=868307.63..1412677.78 rows=4324232 width=0) (actual time=16931.115..36852.916 rows=26873718 loops=1)
  Hash Cond: (mi.movie_id = t.id)
  ->  Seq Scan on movie_info mi  (cost=0.00..309384.22 rows=14739122 width=4) (actual time=0.023..6027.190 rows=14835720 loops=1)
  ->  Hash  (cost=856136.74..856136.74 rows=741831 width=8) (actual time=16930.159..16930.159 rows=941781 loops=1)
        Buckets: 131072  Batches: 16  Memory Usage: 3396kB
        ->  Hash Join  (cost=79647.52..856136.74 rows=741831 width=8) (actual time=8064.372..16624.483 rows=941781 loops=1)
              Hash Cond: (ci.movie_id = t.id)
              ->  Seq Scan on cast_info ci  (cost=0.00..705507.15 rows=5379403 width=4) (actual time=6752.491..12413.735 rows=5453419 loops=1)
                    Filter: (person_id > 3110331)
                    Rows Removed by Filter: 30790925
              ->  Hash  (cost=73925.90..73925.90 rows=348689 width=4) (actual time=1310.943..1310.943 rows=467220 loops=1)
                    Buckets: 131072  Batches: 8  Memory Usage: 3086kB
                    ->  Seq Scan on title t  (cost=0.00..73925.90 rows=348689 width=4) (actual time=0.034..1170.822 rows=467220 loops=1)
                          Filter: ((kind_id < 4) AND (production_year < 2000))
                          Rows Removed by Filter: 2061092
Planning time: 1.827 ms
Execution time: 39834.747 ms
