Hash Join  (cost=88767.14..124466.40 rows=164915 width=0) (actual time=2238.485..2949.832 rows=82780 loops=1)
  Hash Cond: (mi_idx.movie_id = t.id)
  ->  Seq Scan on movie_info_idx mi_idx  (cost=0.00..25185.44 rows=460978 width=4) (actual time=0.028..402.632 rows=459925 loops=1)
        Filter: (info_type_id = 99)
        Rows Removed by Filter: 920110
  ->  Hash  (cost=73925.90..73925.90 rows=904579 width=4) (actual time=2111.978..2111.978 rows=992072 loops=1)
        Buckets: 131072  Batches: 16  Memory Usage: 3212kB
        ->  Seq Scan on title t  (cost=0.00..73925.90 rows=904579 width=4) (actual time=0.012..1118.670 rows=992072 loops=1)
              Filter: ((production_year > 1998) AND (kind_id = 7))
              Rows Removed by Filter: 1536240
Planning time: 0.517 ms
Execution time: 2960.577 ms
