Hash Join  (cost=80148.57..583543.66 rows=2210716 width=0) (actual time=1083.881..15347.649 rows=5691257 loops=1)
  Hash Cond: (mi.movie_id = t.id)
  ->  Seq Scan on movie_info mi  (cost=0.00..309384.22 rows=14739122 width=4) (actual time=0.010..4561.355 rows=14835720 loops=1)
  ->  Hash  (cost=73925.90..73925.90 rows=379253 width=4) (actual time=1083.057..1083.057 rows=461364 loops=1)
        Buckets: 131072  Batches: 8  Memory Usage: 3072kB
        ->  Seq Scan on title t  (cost=0.00..73925.90 rows=379253 width=4) (actual time=0.012..930.629 rows=461364 loops=1)
              Filter: ((kind_id < 3) AND (production_year < 2004))
              Rows Removed by Filter: 2066948
Planning time: 0.754 ms
Execution time: 15946.648 ms
