Seq Scan on movie_keyword mk  (cost=0.00..81003.12 rows=3541115 width=0) (actual time=0.029..1316.131 rows=3533017 loops=1)
  Filter: (keyword_id < 18683)
  Rows Removed by Filter: 990913
Planning time: 0.404 ms
Execution time: 1763.361 ms
