Hash Join  (cost=83072.57..833865.04 rows=323 width=0) (actual time=1081.666..14388.897 rows=1998 loops=1)
  Hash Cond: (ci.movie_id = t.id)
  ->  Seq Scan on cast_info ci  (cost=0.00..614943.12 rows=36225612 width=4) (actual time=0.018..6553.192 rows=36244344 loops=1)
  ->  Hash  (cost=83072.29..83072.29 rows=23 width=8) (actual time=1067.252..1067.252 rows=39 loops=1)
        Buckets: 1024  Batches: 1  Memory Usage: 10kB
        ->  Nested Loop  (cost=0.43..83072.29 rows=23 width=8) (actual time=0.302..1067.172 rows=39 loops=1)
              ->  Seq Scan on movie_keyword mk  (cost=0.00..81003.12 rows=246 width=4) (actual time=0.257..1027.458 rows=1748 loops=1)
                    Filter: (keyword_id = 574)
                    Rows Removed by Filter: 4522182
              ->  Index Scan using title_pkey on title t  (cost=0.43..8.40 rows=1 width=4) (actual time=0.022..0.022 rows=0 loops=1748)
                    Index Cond: (id = mk.movie_id)
                    Filter: (production_year > 2011)
                    Rows Removed by Filter: 1
Planning time: 1.142 ms
Execution time: 14390.130 ms
