Hash Join  (cost=77642.13..441556.29 rows=120762 width=0) (actual time=3258.618..5467.973 rows=60980 loops=1)
  Hash Cond: (mi.movie_id = t.id)
  ->  Seq Scan on movie_info mi  (cost=0.00..346232.03 rows=1348138 width=4) (actual time=2278.872..3961.563 rows=1298989 loops=1)
        Filter: (info_type_id = 4)
        Rows Removed by Filter: 13536731
  ->  Hash  (cost=73925.90..73925.90 rows=226498 width=4) (actual time=978.464..978.464 rows=120787 loops=1)
        Buckets: 131072  Batches: 4  Memory Usage: 2088kB
        ->  Seq Scan on title t  (cost=0.00..73925.90 rows=226498 width=4) (actual time=90.479..935.430 rows=120787 loops=1)
              Filter: ((production_year < 1970) AND (kind_id = 7))
              Rows Removed by Filter: 2407525
Planning time: 0.762 ms
Execution time: 5474.917 ms
