Seq Scan on cast_info ci  (cost=0.00..796071.18 rows=24 width=0) (actual time=2926.119..8374.161 rows=8 loops=1)
  Filter: ((person_id = 1941784) AND (role_id = 8))
  Rows Removed by Filter: 36244336
Planning time: 0.385 ms
Execution time: 8374.271 ms
