Hash Join  (cost=177727.96..541061.27 rows=93562 width=0) (actual time=5923.655..7979.038 rows=449797 loops=1)
  Hash Cond: (mi.movie_id = t.id)
  ->  Seq Scan on movie_info mi  (cost=0.00..346232.03 rows=1338312 width=4) (actual time=2764.216..4182.113 rows=1401902 loops=1)
        Filter: (info_type_id = 7)
        Rows Removed by Filter: 13433818
  ->  Hash  (cost=174827.32..174827.32 rows=176771 width=8) (actual time=3158.644..3158.644 rows=276826 loops=1)
        Buckets: 131072  Batches: 4  Memory Usage: 3738kB
        ->  Hash Join  (cost=102767.86..174827.32 rows=176771 width=8) (actual time=1911.557..3065.840 rows=276826 loops=1)
              Hash Cond: (mc.movie_id = t.id)
              ->  Seq Scan on movie_companies mc  (cost=0.00..57926.93 rows=176771 width=4) (actual time=279.091..751.049 rows=276826 loops=1)
                    Filter: ((company_id < 180) AND (company_type_id < 2))
                    Rows Removed by Filter: 2332303
              ->  Hash  (cost=61283.27..61283.27 rows=2528527 width=4) (actual time=1631.154..1631.154 rows=2528312 loops=1)
                    Buckets: 131072  Batches: 64  Memory Usage: 2415kB
                    ->  Seq Scan on title t  (cost=0.00..61283.27 rows=2528527 width=4) (actual time=0.033..788.045 rows=2528312 loops=1)
Planning time: 1.175 ms
Execution time: 8027.682 ms
