Seq Scan on movie_keyword mk  (cost=0.00..81003.12 rows=246 width=0) (actual time=3.158..1011.574 rows=401 loops=1)
  Filter: (keyword_id = 15689)
  Rows Removed by Filter: 4523529
Planning time: 0.324 ms
Execution time: 1011.844 ms
