Hash Join  (cost=78780.63..436478.42 rows=94751 width=0) (actual time=4382.304..5843.441 rows=66781 loops=1)
  Hash Cond: (mi.movie_id = t.id)
  ->  Seq Scan on movie_info mi  (cost=0.00..346232.03 rows=809669 width=4) (actual time=3164.456..4236.880 rows=802140 loops=1)
        Filter: (info_type_id = 1)
        Rows Removed by Filter: 14033580
  ->  Hash  (cost=73925.90..73925.90 rows=295898 width=4) (actual time=1216.715..1216.715 rows=160225 loops=1)
        Buckets: 131072  Batches: 4  Memory Usage: 2438kB
        ->  Seq Scan on title t  (cost=0.00..73925.90 rows=295898 width=4) (actual time=0.045..1154.560 rows=160225 loops=1)
              Filter: ((kind_id > 1) AND (production_year < 1972))
              Rows Removed by Filter: 2368087
Planning time: 0.709 ms
Execution time: 5852.675 ms
