Hash Join  (cost=83074.74..137742.81 rows=254 width=0) (actual time=1112.997..2064.023 rows=1977 loops=1)
  Hash Cond: (mc.movie_id = t.id)
  ->  Seq Scan on movie_companies mc  (cost=0.00..44881.29 rows=2609129 width=4) (actual time=0.024..491.690 rows=2609129 loops=1)
  ->  Hash  (cost=83071.67..83071.67 rows=246 width=8) (actual time=1110.667..1110.667 rows=228 loops=1)
        Buckets: 1024  Batches: 1  Memory Usage: 17kB
        ->  Nested Loop  (cost=0.43..83071.67 rows=246 width=8) (actual time=7.237..1110.424 rows=228 loops=1)
              ->  Seq Scan on movie_keyword mk  (cost=0.00..81003.12 rows=246 width=4) (actual time=7.174..1100.152 rows=228 loops=1)
                    Filter: (keyword_id = 1360)
                    Rows Removed by Filter: 4523702
              ->  Index Only Scan using title_pkey on title t  (cost=0.43..8.40 rows=1 width=4) (actual time=0.042..0.043 rows=1 loops=228)
                    Index Cond: (id = mk.movie_id)
                    Heap Fetches: 228
Planning time: 1.032 ms
Execution time: 2064.432 ms
