Hash Join  (cost=289849.84..713525.84 rows=2884500 width=0) (actual time=7976.322..16403.551 rows=18502948 loops=1)
  Hash Cond: (mi.movie_id = t.id)
  ->  Seq Scan on movie_info mi  (cost=0.00..346232.03 rows=3068194 width=4) (actual time=2190.439..4486.360 rows=3036719 loops=1)
        Filter: (info_type_id = 16)
        Rows Removed by Filter: 11799001
  ->  Hash  (cost=250849.56..250849.56 rows=2377143 width=8) (actual time=5784.487..5784.487 rows=2377585 loops=1)
        Buckets: 131072  Batches: 32  Memory Usage: 3991kB
        ->  Hash Join  (cost=102767.86..250849.56 rows=2377143 width=8) (actual time=1657.718..5117.935 rows=2377585 loops=1)
              Hash Cond: (mk.movie_id = t.id)
              ->  Seq Scan on movie_keyword mk  (cost=0.00..81003.12 rows=2377143 width=4) (actual time=0.038..1352.141 rows=2377585 loops=1)
                    Filter: (keyword_id < 5443)
                    Rows Removed by Filter: 2146345
              ->  Hash  (cost=61283.27..61283.27 rows=2528527 width=4) (actual time=1656.390..1656.390 rows=2528312 loops=1)
                    Buckets: 131072  Batches: 64  Memory Usage: 2425kB
                    ->  Seq Scan on title t  (cost=0.00..61283.27 rows=2528527 width=4) (actual time=0.022..799.815 rows=2528312 loops=1)
Planning time: 1.088 ms
Execution time: 18637.231 ms
