Hash Join  (cost=83073.49..449045.41 rows=200 width=0) (actual time=1005.958..5849.196 rows=19321 loops=1)
  Hash Cond: (mi.movie_id = t.id)
  ->  Seq Scan on movie_info mi  (cost=0.00..346232.03 rows=5263441 width=4) (actual time=215.889..4399.681 rows=5270569 loops=1)
        Filter: (info_type_id > 15)
        Rows Removed by Filter: 9565151
  ->  Hash  (cost=83072.29..83072.29 rows=96 width=8) (actual time=752.470..752.470 rows=444 loops=1)
        Buckets: 1024  Batches: 1  Memory Usage: 26kB
        ->  Nested Loop  (cost=0.43..83072.29 rows=96 width=8) (actual time=48.406..752.219 rows=444 loops=1)
              ->  Seq Scan on movie_keyword mk  (cost=0.00..81003.12 rows=246 width=4) (actual time=0.054..738.511 rows=547 loops=1)
                    Filter: (keyword_id = 4841)
                    Rows Removed by Filter: 4523383
              ->  Index Scan using title_pkey on title t  (cost=0.43..8.40 rows=1 width=4) (actual time=0.024..0.024 rows=1 loops=547)
                    Index Cond: (id = mk.movie_id)
                    Filter: (kind_id < 7)
                    Rows Removed by Filter: 0
Planning time: 1.160 ms
Execution time: 5851.791 ms
