Hash Join  (cost=102767.86..961191.23 rows=2180689 width=0) (actual time=3008.723..11185.861 rows=596092 loops=1)
  Hash Cond: (ci.movie_id = t.id)
  ->  Seq Scan on cast_info ci  (cost=0.00..796071.18 rows=2180689 width=4) (actual time=1496.948..8708.910 rows=596092 loops=1)
        Filter: ((person_id > 2623938) AND (role_id = 2))
        Rows Removed by Filter: 35648252
  ->  Hash  (cost=61283.27..61283.27 rows=2528527 width=4) (actual time=1510.327..1510.327 rows=2528312 loops=1)
        Buckets: 131072  Batches: 64  Memory Usage: 2415kB
        ->  Seq Scan on title t  (cost=0.00..61283.27 rows=2528527 width=4) (actual time=0.024..715.947 rows=2528312 loops=1)
Planning time: 0.713 ms
Execution time: 11260.291 ms
