Hash Join  (cost=74080.83..884643.80 rows=135548 width=0) (actual time=1056.090..20154.337 rows=96334 loops=1)
  Hash Cond: (ci.movie_id = t.id)
  ->  Seq Scan on cast_info ci  (cost=0.00..705507.15 rows=27653425 width=4) (actual time=0.021..14271.139 rows=27758030 loops=1)
        Filter: (role_id < 6)
        Rows Removed by Filter: 8486314
  ->  Hash  (cost=73925.90..73925.90 rows=12394 width=4) (actual time=1055.238..1055.238 rows=7075 loops=1)
        Buckets: 16384  Batches: 1  Memory Usage: 377kB
        ->  Seq Scan on title t  (cost=0.00..73925.90 rows=12394 width=4) (actual time=92.648..1052.165 rows=7075 loops=1)
              Filter: ((kind_id = 1) AND (production_year = 1998))
              Rows Removed by Filter: 2521237
Planning time: 0.680 ms
Execution time: 20173.747 ms
