Hash Join  (cost=69374.09..190850.80 rows=142423 width=0) (actual time=974.701..3511.108 rows=134322 loops=1)
  Hash Cond: (mk.movie_id = t.id)
  ->  Seq Scan on movie_keyword mk  (cost=0.00..81003.12 rows=3340630 width=4) (actual time=0.026..1475.432 rows=3329955 loops=1)
        Filter: (keyword_id < 15481)
        Rows Removed by Filter: 1193975
  ->  Hash  (cost=67604.59..67604.59 rows=107800 width=4) (actual time=973.757..973.757 rows=108429 loops=1)
        Buckets: 131072  Batches: 2  Memory Usage: 2938kB
        ->  Seq Scan on title t  (cost=0.00..67604.59 rows=107800 width=4) (actual time=0.027..931.038 rows=108429 loops=1)
              Filter: (production_year = 2006)
              Rows Removed by Filter: 2419883
Planning time: 0.756 ms
Execution time: 3529.311 ms
