Seq Scan on cast_info ci  (cost=0.00..796071.18 rows=370805 width=0) (actual time=4296.639..9014.502 rows=194550 loops=1)
  Filter: ((person_id < 101408) AND (role_id > 3))
  Rows Removed by Filter: 36049794
Planning time: 0.306 ms
Execution time: 9035.940 ms
