Seq Scan on movie_companies mc  (cost=0.00..57926.93 rows=477181 width=0) (actual time=311.296..862.352 rows=797435 loops=1)
  Filter: ((company_id > 18815) AND (company_type_id > 1))
  Rows Removed by Filter: 1811694
Planning time: 0.304 ms
Execution time: 965.792 ms
