Seq Scan on movie_keyword mk  (cost=0.00..81003.12 rows=4184822 width=0) (actual time=0.023..1578.193 rows=4187745 loops=1)
  Filter: (keyword_id < 49097)
  Rows Removed by Filter: 336185
Planning time: 0.349 ms
Execution time: 2123.347 ms
