Seq Scan on cast_info ci  (cost=0.00..796071.18 rows=12817829 width=0) (actual time=948.150..12986.698 rows=19022691 loops=1)
  Filter: ((person_id > 1616322) AND (role_id > 1))
  Rows Removed by Filter: 17221653
Planning time: 0.357 ms
Execution time: 15324.859 ms
