Nested Loop  (cost=0.43..83072.29 rows=65 width=0) (actual time=5.223..1110.554 rows=42 loops=1)
  ->  Seq Scan on movie_keyword mk  (cost=0.00..81003.12 rows=246 width=4) (actual time=5.167..1107.598 rows=62 loops=1)
        Filter: (keyword_id = 7976)
        Rows Removed by Filter: 4523868
  ->  Index Scan using title_pkey on title t  (cost=0.43..8.40 rows=1 width=4) (actual time=0.042..0.043 rows=1 loops=62)
        Index Cond: (id = mk.movie_id)
        Filter: (kind_id = 1)
        Rows Removed by Filter: 0
Planning time: 0.762 ms
Execution time: 1110.702 ms
