Hash Join  (cost=93093.72..178839.02 rows=704910 width=0) (actual time=1636.164..3259.058 rows=369345 loops=1)
  Hash Cond: (mc.movie_id = t.id)
  ->  Seq Scan on movie_companies mc  (cost=0.00..57926.93 rows=1147252 width=4) (actual time=277.462..966.616 rows=1256052 loops=1)
        Filter: ((company_id > 171) AND (company_type_id > 1))
        Rows Removed by Filter: 1353077
  ->  Hash  (cost=67604.59..67604.59 rows=1553611 width=4) (actual time=1357.572..1357.572 rows=1555864 loops=1)
        Buckets: 131072  Batches: 32  Memory Usage: 2734kB
        ->  Seq Scan on title t  (cost=0.00..67604.59 rows=1553611 width=4) (actual time=0.035..892.841 rows=1555864 loops=1)
              Filter: (kind_id > 4)
              Rows Removed by Filter: 972448
Planning time: 0.696 ms
Execution time: 3306.994 ms
