Hash Join  (cost=84417.00..238690.08 rows=1797697 width=0) (actual time=1353.320..5545.624 rows=2370425 loops=1)
  Hash Cond: (mk.movie_id = t.id)
  ->  Seq Scan on movie_keyword mk  (cost=0.00..81003.12 rows=4435729 width=4) (actual time=0.024..1580.834 rows=4429028 loops=1)
        Filter: (keyword_id > 84)
        Rows Removed by Filter: 94902
  ->  Hash  (cost=67604.59..67604.59 rows=1024753 width=4) (actual time=1351.682..1351.682 rows=1021752 loops=1)
        Buckets: 131072  Batches: 16  Memory Usage: 3281kB
        ->  Seq Scan on title t  (cost=0.00..67604.59 rows=1024753 width=4) (actual time=0.036..1019.524 rows=1021752 loops=1)
              Filter: (production_year < 2000)
              Rows Removed by Filter: 1506560
Planning time: 0.689 ms
Execution time: 5821.630 ms
