Seq Scan on movie_companies mc  (cost=0.00..51404.11 rows=1799055 width=0) (actual time=0.013..824.484 rows=1791458 loops=1)
  Filter: (company_id < 28437)
  Rows Removed by Filter: 817671
Planning time: 0.294 ms
Execution time: 1065.374 ms
