Seq Scan on movie_companies mc  (cost=0.00..51404.11 rows=2387997 width=0) (actual time=0.023..850.989 rows=2386606 loops=1)
  Filter: (company_id < 107275)
  Rows Removed by Filter: 222523
Planning time: 0.310 ms
Execution time: 1151.464 ms
