Hash Join  (cost=459149.47..527959.36 rows=147259 width=0) (actual time=6585.494..7807.276 rows=119248 loops=1)
  Hash Cond: (mc.movie_id = t.id)
  ->  Seq Scan on movie_companies mc  (cost=0.00..51404.11 rows=1279517 width=4) (actual time=55.223..776.912 rows=1274246 loops=1)
        Filter: (company_type_id = 1)
        Rows Removed by Filter: 1334883
  ->  Hash  (cost=454374.89..454374.89 rows=291006 width=8) (actual time=6529.447..6529.447 rows=63887 loops=1)
        Buckets: 131072  Batches: 4  Memory Usage: 1641kB
        ->  Hash Join  (cost=93093.72..454374.89 rows=291006 width=8) (actual time=3366.088..6507.208 rows=63887 loops=1)
              Hash Cond: (mi.movie_id = t.id)
              ->  Seq Scan on movie_info mi  (cost=0.00..346232.03 rows=473617 width=4) (actual time=1774.948..4409.322 rows=486554 loops=1)
                    Filter: (info_type_id = 5)
                    Rows Removed by Filter: 14349166
              ->  Hash  (cost=67604.59..67604.59 rows=1553611 width=4) (actual time=1590.266..1590.266 rows=1555864 loops=1)
                    Buckets: 131072  Batches: 32  Memory Usage: 2740kB
                    ->  Seq Scan on title t  (cost=0.00..67604.59 rows=1553611 width=4) (actual time=0.033..1084.113 rows=1555864 loops=1)
                          Filter: (kind_id > 4)
                          Rows Removed by Filter: 972448
Planning time: 1.417 ms
Execution time: 7823.119 ms
