Hash Join  (cost=76192.15..557619.26 rows=2021774 width=0) (actual time=1023.336..12316.896 rows=3087014 loops=1)
  Hash Cond: (mi.movie_id = t.id)
  ->  Seq Scan on movie_info mi  (cost=0.00..346232.03 rows=9767026 width=4) (actual time=0.014..5156.685 rows=9911754 loops=1)
        Filter: (info_type_id > 4)
        Rows Removed by Filter: 4923966
  ->  Hash  (cost=67604.59..67604.59 rows=523405 width=4) (actual time=1022.528..1022.528 rows=523734 loops=1)
        Buckets: 131072  Batches: 8  Memory Usage: 3326kB
        ->  Seq Scan on title t  (cost=0.00..67604.59 rows=523405 width=4) (actual time=0.016..859.526 rows=523734 loops=1)
              Filter: (production_year < 1981)
              Rows Removed by Filter: 2004578
Planning time: 0.500 ms
Execution time: 12623.643 ms
