Hash Join  (cost=81319.76..975442.09 rows=2495424 width=0) (actual time=1365.505..20911.223 rows=2202194 loops=1)
  Hash Cond: (ci.movie_id = t.id)
  ->  Seq Scan on cast_info ci  (cost=0.00..705507.15 rows=14002118 width=4) (actual time=280.646..10727.229 rows=13979647 loops=1)
        Filter: (person_id < 1377394)
        Rows Removed by Filter: 22264697
  ->  Hash  (cost=73925.90..73925.90 rows=450628 width=4) (actual time=1083.891..1083.891 rows=325089 loops=1)
        Buckets: 131072  Batches: 8  Memory Usage: 2458kB
        ->  Seq Scan on title t  (cost=0.00..73925.90 rows=450628 width=4) (actual time=0.035..980.918 rows=325089 loops=1)
              Filter: ((production_year > 1992) AND (kind_id = 1))
              Rows Removed by Filter: 2203223
Planning time: 0.578 ms
Execution time: 21165.510 ms
