Seq Scan on movie_keyword mk  (cost=0.00..81003.12 rows=2754267 width=0) (actual time=0.019..1239.403 rows=2749277 loops=1)
  Filter: (keyword_id < 7809)
  Rows Removed by Filter: 1774653
Planning time: 0.303 ms
Execution time: 1586.926 ms
