Hash Join  (cost=236813.04..782956.06 rows=6217010 width=0) (actual time=4511.763..26373.584 rows=46719276 loops=1)
  Hash Cond: (mi.movie_id = t.id)
  ->  Seq Scan on movie_info mi  (cost=0.00..309384.22 rows=14739122 width=4) (actual time=0.016..4596.383 rows=14835720 loops=1)
  ->  Hash  (cost=219314.27..219314.27 rows=1066541 width=8) (actual time=4508.326..4508.326 rows=1073410 loops=1)
        Buckets: 131072  Batches: 16  Memory Usage: 3749kB
        ->  Hash Join  (cost=102767.86..219314.27 rows=1066541 width=8) (actual time=1687.798..4191.013 rows=1073410 loops=1)
              Hash Cond: (mk.movie_id = t.id)
              ->  Seq Scan on movie_keyword mk  (cost=0.00..81003.12 rows=1066541 width=4) (actual time=0.033..1245.898 rows=1073410 loops=1)
                    Filter: (keyword_id < 1078)
                    Rows Removed by Filter: 3450520
              ->  Hash  (cost=61283.27..61283.27 rows=2528527 width=4) (actual time=1685.290..1685.290 rows=2528312 loops=1)
                    Buckets: 131072  Batches: 64  Memory Usage: 2425kB
                    ->  Seq Scan on title t  (cost=0.00..61283.27 rows=2528527 width=4) (actual time=0.027..803.832 rows=2528312 loops=1)
Planning time: 5.154 ms
Execution time: 31408.438 ms
