Hash Join  (cost=98137.04..172545.79 rows=336072 width=0) (actual time=2096.983..3201.943 rows=34217 loops=1)
  Hash Cond: (mc.movie_id = t.id)
  ->  Seq Scan on movie_companies mc  (cost=0.00..57926.93 rows=456619 width=4) (actual time=182.679..833.346 rows=144045 loops=1)
        Filter: ((company_id > 19054) AND (company_type_id = 1))
        Rows Removed by Filter: 2465084
  ->  Hash  (cost=67604.59..67604.59 rows=1860996 width=4) (actual time=1912.306..1912.306 rows=1865487 loops=1)
        Buckets: 131072  Batches: 32  Memory Usage: 3079kB
        ->  Seq Scan on title t  (cost=0.00..67604.59 rows=1860996 width=4) (actual time=0.028..1303.290 rows=1865487 loops=1)
              Filter: (kind_id > 1)
              Rows Removed by Filter: 662825
Planning time: 0.730 ms
Execution time: 3206.437 ms
