Nested Loop  (cost=0.43..124124.92 rows=498 width=0) (actual time=0.075..1233.459 rows=574 loops=1)
  ->  Seq Scan on movie_keyword mk  (cost=0.00..81003.12 rows=6032 width=4) (actual time=0.021..1101.973 rows=6673 loops=1)
        Filter: (keyword_id = 2879)
        Rows Removed by Filter: 4517257
  ->  Index Scan using title_pkey on title t  (cost=0.43..7.14 rows=1 width=4) (actual time=0.019..0.019 rows=0 loops=6673)
        Index Cond: (id = mk.movie_id)
        Filter: ((kind_id < 7) AND (production_year > 2009))
        Rows Removed by Filter: 1
Planning time: 0.731 ms
Execution time: 1233.853 ms
