Hash Join  (cost=188627.98..1311806.30 rows=8700215 width=0) (actual time=4506.840..38754.820 rows=19165337 loops=1)
  Hash Cond: (ci.movie_id = t.id)
  ->  Seq Scan on cast_info ci  (cost=0.00..614943.12 rows=36225612 width=4) (actual time=0.020..10193.349 rows=36244344 loops=1)
  ->  Hash  (cost=178664.11..178664.11 rows=607270 width=8) (actual time=4505.955..4505.955 rows=603880 loops=1)
        Buckets: 131072  Batches: 8  Memory Usage: 3973kB
        ->  Hash Join  (cost=102767.86..178664.11 rows=607270 width=8) (actual time=2654.908..4315.580 rows=603880 loops=1)
              Hash Cond: (mc.movie_id = t.id)
              ->  Seq Scan on movie_companies mc  (cost=0.00..51404.11 rows=607270 width=4) (actual time=0.012..748.794 rows=603880 loops=1)
                    Filter: (company_id < 699)
                    Rows Removed by Filter: 2005249
              ->  Hash  (cost=61283.27..61283.27 rows=2528527 width=4) (actual time=2653.549..2653.549 rows=2528312 loops=1)
                    Buckets: 131072  Batches: 64  Memory Usage: 2415kB
                    ->  Seq Scan on title t  (cost=0.00..61283.27 rows=2528527 width=4) (actual time=0.019..826.080 rows=2528312 loops=1)
Planning time: 1.116 ms
Execution time: 40907.771 ms
