Hash Join  (cost=93408.25..963219.76 rows=2209079 width=0) (actual time=2452.113..15396.783 rows=3938421 loops=1)
  Hash Cond: (ci.movie_id = t.id)
  ->  Seq Scan on cast_info ci  (cost=0.00..796071.18 rows=3551508 width=4) (actual time=1205.811..10202.756 rows=5548188 loops=1)
        Filter: ((person_id > 3098462) AND (role_id > 1))
        Rows Removed by Filter: 30696156
  ->  Hash  (cost=67604.59..67604.59 rows=1572773 width=4) (actual time=1222.044..1222.044 rows=1570568 loops=1)
        Buckets: 131072  Batches: 32  Memory Usage: 2751kB
        ->  Seq Scan on title t  (cost=0.00..67604.59 rows=1572773 width=4) (actual time=0.025..817.564 rows=1570568 loops=1)
              Filter: (production_year > 1996)
              Rows Removed by Filter: 957744
Planning time: 0.794 ms
Execution time: 15830.711 ms
