Hash Join  (cost=98137.04..999942.52 rows=3592484 width=0) (actual time=2194.663..15773.737 rows=3865921 loops=1)
  Hash Cond: (ci.movie_id = t.id)
  ->  Seq Scan on cast_info ci  (cost=0.00..796071.18 rows=4881092 width=4) (actual time=565.620..10022.790 rows=5485567 loops=1)
        Filter: ((person_id < 590978) AND (role_id < 7))
        Rows Removed by Filter: 30758777
  ->  Hash  (cost=67604.59..67604.59 rows=1860996 width=4) (actual time=1628.158..1628.158 rows=1865487 loops=1)
        Buckets: 131072  Batches: 32  Memory Usage: 3079kB
        ->  Seq Scan on title t  (cost=0.00..67604.59 rows=1860996 width=4) (actual time=0.022..1026.173 rows=1865487 loops=1)
              Filter: (kind_id > 1)
              Rows Removed by Filter: 662825
Planning time: 0.675 ms
Execution time: 16224.054 ms
