Hash Join  (cost=74391.93..161717.00 rows=66703 width=0) (actual time=968.941..2669.231 rows=46659 loops=1)
  Hash Cond: (mk.movie_id = t.id)
  ->  Seq Scan on movie_keyword mk  (cost=0.00..69693.30 rows=4523930 width=4) (actual time=0.028..797.617 rows=4523930 loops=1)
  ->  Hash  (cost=73925.90..73925.90 rows=37282 width=4) (actual time=968.327..968.327 rows=42986 loops=1)
        Buckets: 65536  Batches: 1  Memory Usage: 2024kB
        ->  Seq Scan on title t  (cost=0.00..73925.90 rows=37282 width=4) (actual time=0.185..949.719 rows=42986 loops=1)
              Filter: ((kind_id > 1) AND (production_year = 1999))
              Rows Removed by Filter: 2485326
Planning time: 0.763 ms
Execution time: 2675.855 ms
