Nested Loop  (cost=0.43..797179.44 rows=57 width=0) (actual time=324.725..11064.754 rows=1 loops=1)
  ->  Seq Scan on cast_info ci  (cost=0.00..796071.18 rows=131 width=4) (actual time=324.645..11064.648 rows=1 loops=1)
        Filter: ((role_id > 4) AND (person_id = 1788595))
        Rows Removed by Filter: 36244343
  ->  Index Scan using title_pkey on title t  (cost=0.43..8.45 rows=1 width=4) (actual time=0.071..0.072 rows=1 loops=1)
        Index Cond: (id = ci.movie_id)
        Filter: (production_year > 2004)
Planning time: 0.782 ms
Execution time: 11064.878 ms
