Hash Join  (cost=86967.26..838306.43 rows=55000 width=0) (actual time=798.675..15357.397 rows=133447 loops=1)
  Hash Cond: (ci.movie_id = t.id)
  ->  Seq Scan on cast_info ci  (cost=0.00..614943.12 rows=36225612 width=4) (actual time=0.024..6676.069 rows=36244344 loops=1)
  ->  Hash  (cost=86919.28..86919.28 rows=3839 width=8) (actual time=798.458..798.458 rows=3978 loops=1)
        Buckets: 4096  Batches: 1  Memory Usage: 188kB
        ->  Nested Loop  (cost=0.43..86919.28 rows=3839 width=8) (actual time=0.236..796.316 rows=3978 loops=1)
              ->  Seq Scan on movie_companies mc  (cost=0.00..57926.93 rows=3839 width=4) (actual time=0.176..723.766 rows=3978 loops=1)
                    Filter: ((company_type_id < 2) AND (company_id = 302))
                    Rows Removed by Filter: 2605151
              ->  Index Only Scan using title_pkey on title t  (cost=0.43..7.54 rows=1 width=4) (actual time=0.017..0.018 rows=1 loops=3978)
                    Index Cond: (id = mc.movie_id)
                    Heap Fetches: 3978
Planning time: 1.159 ms
Execution time: 15382.163 ms
