Seq Scan on movie_companies mc  (cost=0.00..51404.11 rows=1575388 width=0) (actual time=0.025..767.240 rows=1577308 loops=1)
  Filter: (company_id > 5741)
  Rows Removed by Filter: 1031821
Planning time: 0.350 ms
Execution time: 967.900 ms
