Hash Join  (cost=195083.72..1318025.37 rows=8677249 width=0) (actual time=3086.557..31977.363 rows=12716843 loops=1)
  Hash Cond: (ci.movie_id = t.id)
  ->  Seq Scan on cast_info ci  (cost=0.00..614943.12 rows=36225612 width=4) (actual time=0.014..10190.224 rows=36244344 loops=1)
  ->  Hash  (cost=185146.88..185146.88 rows=605667 width=8) (actual time=3085.741..3085.741 rows=354527 loops=1)
        Buckets: 131072  Batches: 8  Memory Usage: 2760kB
        ->  Hash Join  (cost=102767.86..185146.88 rows=605667 width=8) (actual time=1651.844..2997.478 rows=354527 loops=1)
              Hash Cond: (mc.movie_id = t.id)
              ->  Seq Scan on movie_companies mc  (cost=0.00..57926.93 rows=605667 width=4) (actual time=0.023..775.039 rows=354527 loops=1)
                    Filter: ((company_id > 11694) AND (company_type_id < 2))
                    Rows Removed by Filter: 2254602
              ->  Hash  (cost=61283.27..61283.27 rows=2528527 width=4) (actual time=1650.822..1650.822 rows=2528312 loops=1)
                    Buckets: 131072  Batches: 64  Memory Usage: 2415kB
                    ->  Seq Scan on title t  (cost=0.00..61283.27 rows=2528527 width=4) (actual time=0.015..811.129 rows=2528312 loops=1)
Planning time: 1.191 ms
Execution time: 33450.280 ms
