Seq Scan on cast_info ci  (cost=0.00..796071.18 rows=60 width=0) (actual time=4346.331..10777.926 rows=1 loops=1)
  Filter: ((person_id = 2631032) AND (role_id = 10))
  Rows Removed by Filter: 36244343
Planning time: 0.404 ms
Execution time: 10778.022 ms
