Hash Join  (cost=102767.86..1247024.15 rows=17823209 width=0) (actual time=2737.443..28010.673 rows=17952143 loops=1)
  Hash Cond: (ci.movie_id = t.id)
  ->  Seq Scan on cast_info ci  (cost=0.00..705507.15 rows=17823209 width=4) (actual time=1091.104..11999.992 rows=17952143 loops=1)
        Filter: (person_id > 1818423)
        Rows Removed by Filter: 18292201
  ->  Hash  (cost=61283.27..61283.27 rows=2528527 width=4) (actual time=1644.618..1644.618 rows=2528312 loops=1)
        Buckets: 131072  Batches: 64  Memory Usage: 2415kB
        ->  Seq Scan on title t  (cost=0.00..61283.27 rows=2528527 width=4) (actual time=0.026..791.484 rows=2528312 loops=1)
Planning time: 0.736 ms
Execution time: 30017.182 ms
