Seq Scan on movie_keyword mk  (cost=0.00..81003.12 rows=246 width=0) (actual time=16.198..1087.575 rows=78 loops=1)
  Filter: (keyword_id = 2173)
  Rows Removed by Filter: 4523852
Planning time: 0.372 ms
Execution time: 1087.708 ms
