Hash Join  (cost=892021.69..1017246.66 rows=264493 width=0) (actual time=10143.296..12262.182 rows=1597043 loops=1)
  Hash Cond: (mk.movie_id = t.id)
  ->  Seq Scan on movie_keyword mk  (cost=0.00..69693.30 rows=4523930 width=4) (actual time=0.009..757.487 rows=4523930 loops=1)
  ->  Hash  (cost=889595.81..889595.81 rows=147831 width=8) (actual time=10142.601..10142.601 rows=42016 loops=1)
        Buckets: 131072  Batches: 2  Memory Usage: 1852kB
        ->  Hash Join  (cost=83810.17..889595.81 rows=147831 width=8) (actual time=2127.190..10128.372 rows=42016 loops=1)
              Hash Cond: (ci.movie_id = t.id)
              ->  Seq Scan on cast_info ci  (cost=0.00..796071.18 rows=378438 width=4) (actual time=763.111..8527.251 rows=121482 loops=1)
                    Filter: ((person_id < 298275) AND (role_id = 10))
                    Rows Removed by Filter: 36122862
              ->  Hash  (cost=67604.59..67604.59 rows=987727 width=4) (actual time=1363.025..1363.025 rows=985048 loops=1)
                    Buckets: 131072  Batches: 16  Memory Usage: 3188kB
                    ->  Seq Scan on title t  (cost=0.00..67604.59 rows=987727 width=4) (actual time=0.016..928.747 rows=985048 loops=1)
                          Filter: (kind_id < 7)
                          Rows Removed by Filter: 1543264
Planning time: 1.176 ms
Execution time: 12428.072 ms
