Hash Join  (cost=1002203.52..1180215.21 rows=4133074 width=0) (actual time=14301.128..19278.249 rows=11233897 loops=1)
  Hash Cond: (mk.movie_id = t.id)
  ->  Seq Scan on movie_keyword mk  (cost=0.00..69693.30 rows=4523930 width=4) (actual time=0.015..1182.969 rows=4523930 loops=1)
  ->  Hash  (cost=964303.66..964303.66 rows=2310069 width=8) (actual time=14299.983..14299.983 rows=746095 loops=1)
        Buckets: 131072  Batches: 32  Memory Usage: 1962kB
        ->  Hash Join  (cost=102767.86..964303.66 rows=2310069 width=8) (actual time=6515.059..14136.627 rows=746095 loops=1)
              Hash Cond: (ci.movie_id = t.id)
              ->  Seq Scan on cast_info ci  (cost=0.00..796071.18 rows=2310069 width=4) (actual time=4914.753..11734.464 rows=746095 loops=1)
                    Filter: ((person_id < 1926991) AND (role_id = 10))
                    Rows Removed by Filter: 35498249
              ->  Hash  (cost=61283.27..61283.27 rows=2528527 width=4) (actual time=1598.438..1598.438 rows=2528312 loops=1)
                    Buckets: 131072  Batches: 64  Memory Usage: 2415kB
                    ->  Seq Scan on title t  (cost=0.00..61283.27 rows=2528527 width=4) (actual time=0.028..767.364 rows=2528312 loops=1)
Planning time: 0.794 ms
Execution time: 20240.540 ms
