Hash Join  (cost=171645.95..267662.25 rows=1047935 width=0) (actual time=3525.899..6873.557 rows=1743303 loops=1)
  Hash Cond: (mc.movie_id = t.id)
  ->  Seq Scan on movie_companies mc  (cost=0.00..51404.11 rows=2608758 width=4) (actual time=0.010..997.453 rows=2606376 loops=1)
        Filter: (company_id > 2)
        Rows Removed by Filter: 2753
  ->  Hash  (cost=154981.62..154981.62 rows=1015706 width=8) (actual time=3524.849..3524.849 rows=750135 loops=1)
        Buckets: 131072  Batches: 16  Memory Usage: 2867kB
        ->  Hash Join  (cost=98137.04..154981.62 rows=1015706 width=8) (actual time=1666.593..3286.228 rows=750135 loops=1)
              Hash Cond: (mi_idx.movie_id = t.id)
              ->  Seq Scan on movie_info_idx mi_idx  (cost=0.00..21735.35 rows=1380035 width=4) (actual time=0.020..375.218 rows=1380035 loops=1)
              ->  Hash  (cost=67604.59..67604.59 rows=1860996 width=4) (actual time=1665.458..1665.458 rows=1865487 loops=1)
                    Buckets: 131072  Batches: 32  Memory Usage: 3079kB
                    ->  Seq Scan on title t  (cost=0.00..67604.59 rows=1860996 width=4) (actual time=0.016..1045.901 rows=1865487 loops=1)
                          Filter: (kind_id > 1)
                          Rows Removed by Filter: 662825
Planning time: 1.061 ms
Execution time: 7074.428 ms
