Hash Join  (cost=134427.41..163139.77 rows=8046 width=0) (actual time=2136.612..2724.342 rows=16168 loops=1)
  Hash Cond: (mi_idx.movie_id = t.id)
  ->  Seq Scan on movie_info_idx mi_idx  (cost=0.00..25185.44 rows=919057 width=4) (actual time=0.017..414.771 rows=920110 loops=1)
        Filter: (info_type_id > 99)
        Rows Removed by Filter: 459925
  ->  Hash  (cost=134150.71..134150.71 rows=22136 width=8) (actual time=2136.341..2136.341 rows=17542 loops=1)
        Buckets: 32768  Batches: 1  Memory Usage: 942kB
        ->  Hash Join  (cost=75533.21..134150.71 rows=22136 width=8) (actual time=1376.076..2129.542 rows=17542 loops=1)
              Hash Cond: (mc.movie_id = t.id)
              ->  Seq Scan on movie_companies mc  (cost=0.00..51404.11 rows=571476 width=4) (actual time=0.026..829.668 rows=570546 loops=1)
                    Filter: (company_id < 598)
                    Rows Removed by Filter: 2038583
              ->  Hash  (cost=73925.90..73925.90 rows=97944 width=4) (actual time=1069.269..1069.269 rows=106247 loops=1)
                    Buckets: 131072  Batches: 2  Memory Usage: 2890kB
                    ->  Seq Scan on title t  (cost=0.00..73925.90 rows=97944 width=4) (actual time=0.011..1029.940 rows=106247 loops=1)
                          Filter: ((kind_id = 7) AND (production_year = 2011))
                          Rows Removed by Filter: 2422065
Planning time: 1.274 ms
Execution time: 2726.550 ms
