Hash Join  (cost=99591.38..908937.04 rows=212592 width=0) (actual time=2603.092..15730.043 rows=230636 loops=1)
  Hash Cond: (ci.movie_id = t.id)
  ->  Seq Scan on cast_info ci  (cost=0.00..796071.18 rows=275712 width=4) (actual time=894.187..13424.869 rows=276403 loops=1)
        Filter: ((person_id < 3706297) AND (role_id = 7))
        Rows Removed by Filter: 35967941
  ->  Hash  (cost=67604.59..67604.59 rows=1949663 width=4) (actual time=1707.743..1707.743 rows=1947263 loops=1)
        Buckets: 131072  Batches: 32  Memory Usage: 3171kB
        ->  Seq Scan on title t  (cost=0.00..67604.59 rows=1949663 width=4) (actual time=0.028..1084.065 rows=1947263 loops=1)
              Filter: (production_year > 1979)
              Rows Removed by Filter: 581049
Planning time: 0.785 ms
Execution time: 15759.300 ms
