Hash Join  (cost=204836.54..1386968.44 rows=14439173 width=0) (actual time=3702.042..41089.836 rows=26481343 loops=1)
  Hash Cond: (ci.movie_id = t.id)
  ->  Seq Scan on cast_info ci  (cost=0.00..614943.12 rows=36225612 width=4) (actual time=0.015..10475.242 rows=36244344 loops=1)
  ->  Hash  (cost=188301.47..188301.47 rows=1007846 width=8) (actual time=3701.352..3701.352 rows=1017244 loops=1)
        Buckets: 131072  Batches: 16  Memory Usage: 3515kB
        ->  Hash Join  (cost=102767.86..188301.47 rows=1007846 width=8) (actual time=1638.942..3437.955 rows=1017244 loops=1)
              Hash Cond: (mc.movie_id = t.id)
              ->  Seq Scan on movie_companies mc  (cost=0.00..51404.11 rows=1007846 width=4) (actual time=0.018..716.999 rows=1017244 loops=1)
                    Filter: (company_id > 16119)
                    Rows Removed by Filter: 1591885
              ->  Hash  (cost=61283.27..61283.27 rows=2528527 width=4) (actual time=1637.594..1637.594 rows=2528312 loops=1)
                    Buckets: 131072  Batches: 64  Memory Usage: 2415kB
                    ->  Seq Scan on title t  (cost=0.00..61283.27 rows=2528527 width=4) (actual time=0.017..806.906 rows=2528312 loops=1)
Planning time: 0.809 ms
Execution time: 43905.970 ms
