Hash Join  (cost=89299.55..475524.29 rows=1084562 width=0) (actual time=2009.236..8978.839 rows=969828 loops=1)
  Hash Cond: (mi.movie_id = t.id)
  ->  Seq Scan on movie_info mi  (cost=0.00..346232.03 rows=2073893 width=4) (actual time=203.591..5594.795 rows=2091068 loops=1)
        Filter: (info_type_id < 3)
        Rows Removed by Filter: 12744652
  ->  Hash  (cost=67604.59..67604.59 rows=1322317 width=4) (actual time=1804.654..1804.654 rows=1322863 loops=1)
        Buckets: 131072  Batches: 32  Memory Usage: 2488kB
        ->  Seq Scan on title t  (cost=0.00..67604.59 rows=1322317 width=4) (actual time=0.039..1356.069 rows=1322863 loops=1)
              Filter: (production_year > 2001)
              Rows Removed by Filter: 1205449
Planning time: 0.807 ms
Execution time: 9097.169 ms
