Hash Join  (cost=957591.31..1468071.24 rows=7420620 width=0) (actual time=17444.637..27511.549 rows=11027564 loops=1)
  Hash Cond: (mi.movie_id = t.id)
  ->  Seq Scan on movie_info mi  (cost=0.00..346232.03 rows=5445713 width=4) (actual time=1973.092..4682.665 rows=5410520 loops=1)
        Filter: (info_type_id < 6)
        Rows Removed by Filter: 9425200
  ->  Hash  (cost=901062.48..901062.48 rows=3445506 width=8) (actual time=15470.421..15470.421 rows=3319962 loops=1)
        Buckets: 131072  Batches: 64  Memory Usage: 3107kB
        ->  Hash Join  (cost=102767.86..901062.48 rows=3445506 width=8) (actual time=3647.662..14453.710 rows=3319962 loops=1)
              Hash Cond: (ci.movie_id = t.id)
              ->  Seq Scan on cast_info ci  (cost=0.00..705507.15 rows=3445506 width=4) (actual time=1371.322..9072.966 rows=3319962 loops=1)
                    Filter: (person_id < 319532)
                    Rows Removed by Filter: 32924382
              ->  Hash  (cost=61283.27..61283.27 rows=2528527 width=4) (actual time=2251.980..2251.980 rows=2528312 loops=1)
                    Buckets: 131072  Batches: 64  Memory Usage: 2415kB
                    ->  Seq Scan on title t  (cost=0.00..61283.27 rows=2528527 width=4) (actual time=0.038..772.335 rows=2528312 loops=1)
Planning time: 1.124 ms
Execution time: 28754.003 ms
