Hash Join  (cost=71587.82..464151.69 rows=347900 width=0) (actual time=3295.995..7752.106 rows=612943 loops=1)
  Hash Cond: (mi.movie_id = t.id)
  ->  Seq Scan on movie_info mi  (cost=0.00..346232.03 rows=3623957 width=4) (actual time=2377.511..4683.489 rows=3624977 loops=1)
        Filter: (info_type_id < 4)
        Rows Removed by Filter: 11210743
  ->  Hash  (cost=67604.59..67604.59 rows=242739 width=4) (actual time=916.803..916.803 rows=241400 loops=1)
        Buckets: 131072  Batches: 4  Memory Usage: 3153kB
        ->  Seq Scan on title t  (cost=0.00..67604.59 rows=242739 width=4) (actual time=0.027..834.243 rows=241400 loops=1)
              Filter: (production_year < 1960)
              Rows Removed by Filter: 2286912
Planning time: 0.519 ms
Execution time: 7821.842 ms
