Hash Join  (cost=81071.32..507350.35 rows=1015643 width=0) (actual time=2055.768..9469.481 rows=563801 loops=1)
  Hash Cond: (mi.movie_id = t.id)
  ->  Seq Scan on movie_info mi  (cost=0.00..346232.03 rows=5897221 width=4) (actual time=820.007..5185.584 rows=5884963 loops=1)
        Filter: (info_type_id < 7)
        Rows Removed by Filter: 8950757
  ->  Hash  (cost=73925.90..73925.90 rows=435473 width=4) (actual time=1226.727..1226.727 rows=293372 loops=1)
        Buckets: 131072  Batches: 8  Memory Usage: 2309kB
        ->  Seq Scan on title t  (cost=0.00..73925.90 rows=435473 width=4) (actual time=0.031..1126.317 rows=293372 loops=1)
              Filter: ((kind_id > 1) AND (production_year < 1985))
              Rows Removed by Filter: 2234940
Planning time: 1.341 ms
Execution time: 9539.143 ms
