Hash Join  (cost=1018852.73..1211487.21 rows=4869162 width=0) (actual time=18931.749..31476.169 rows=34768313 loops=1)
  Hash Cond: (mk.movie_id = t.id)
  ->  Seq Scan on movie_keyword mk  (cost=0.00..69693.30 rows=4523930 width=4) (actual time=0.023..1211.896 rows=4523930 loops=1)
  ->  Hash  (cost=974203.17..974203.17 rows=2721485 width=8) (actual time=18926.051..18926.051 rows=5519141 loops=1)
        Buckets: 131072 (originally 131072)  Batches: 128 (originally 64)  Memory Usage: 3073kB
        ->  Hash Join  (cost=102767.86..974203.17 rows=2721485 width=8) (actual time=5645.154..17242.246 rows=5519141 loops=1)
              Hash Cond: (ci.movie_id = t.id)
              ->  Seq Scan on cast_info ci  (cost=0.00..796071.18 rows=2721485 width=4) (actual time=4028.450..10600.141 rows=5519141 loops=1)
                    Filter: ((person_id < 741608) AND (role_id < 2))
                    Rows Removed by Filter: 30725203
              ->  Hash  (cost=61283.27..61283.27 rows=2528527 width=4) (actual time=1615.438..1615.438 rows=2528312 loops=1)
                    Buckets: 131072  Batches: 64  Memory Usage: 2415kB
                    ->  Seq Scan on title t  (cost=0.00..61283.27 rows=2528527 width=4) (actual time=0.024..771.148 rows=2528312 loops=1)
Planning time: 1.008 ms
Execution time: 35558.001 ms
