Hash Join  (cost=824248.83..1334950.47 rows=2895471 width=0) (actual time=11839.764..25752.801 rows=10713996 loops=1)
  Hash Cond: (mi.movie_id = t.id)
  ->  Seq Scan on movie_info mi  (cost=0.00..309384.22 rows=14739122 width=4) (actual time=0.011..4447.761 rows=14835720 loops=1)
  ->  Hash  (cost=816098.78..816098.78 rows=496724 width=8) (actual time=11838.832..11838.832 rows=734318 loops=1)
        Buckets: 131072 (originally 131072)  Batches: 16 (originally 8)  Memory Usage: 3073kB
        ->  Hash Join  (cost=76379.89..816098.78 rows=496724 width=8) (actual time=3360.573..11650.201 rows=734318 loops=1)
              Hash Cond: (ci.movie_id = t.id)
              ->  Seq Scan on cast_info ci  (cost=0.00..705507.15 rows=2348401 width=4) (actual time=2309.815..9317.940 rows=2393414 loops=1)
                    Filter: (person_id > 3595018)
                    Rows Removed by Filter: 33850930
              ->  Hash  (cost=67604.59..67604.59 rows=534824 width=4) (actual time=1049.712..1049.712 rows=533369 loops=1)
                    Buckets: 131072  Batches: 8  Memory Usage: 3369kB
                    ->  Seq Scan on title t  (cost=0.00..67604.59 rows=534824 width=4) (actual time=0.016..881.889 rows=533369 loops=1)
                          Filter: (production_year > 2009)
                          Rows Removed by Filter: 1994943
Planning time: 1.202 ms
Execution time: 26981.301 ms
