Hash Join  (cost=101590.23..266002.68 rows=3016850 width=0) (actual time=1796.079..5838.008 rows=1616968 loops=1)
  Hash Cond: (mk.movie_id = t.id)
  ->  Seq Scan on movie_keyword mk  (cost=0.00..69693.30 rows=4523930 width=4) (actual time=0.027..1224.475 rows=4523930 loops=1)
  ->  Hash  (cost=73925.90..73925.90 rows=1686186 width=4) (actual time=1794.528..1794.528 rows=1791590 loops=1)
        Buckets: 131072  Batches: 32  Memory Usage: 3004kB
        ->  Seq Scan on title t  (cost=0.00..73925.90 rows=1686186 width=4) (actual time=0.016..1201.826 rows=1791590 loops=1)
              Filter: ((kind_id > 1) AND (production_year > 1951))
              Rows Removed by Filter: 736722
Planning time: 0.812 ms
Execution time: 5996.917 ms
