Seq Scan on cast_info ci  (cost=0.00..705507.15 rows=500 width=0) (actual time=2553.832..9105.646 rows=26 loops=1)
  Filter: (person_id = 3659262)
  Rows Removed by Filter: 36244318
Planning time: 0.922 ms
Execution time: 9105.727 ms
