Nested Loop  (cost=0.43..116547.15 rows=64 width=0) (actual time=4.758..1199.280 rows=129 loops=1)
  ->  Seq Scan on movie_keyword mk  (cost=0.00..81003.12 rows=4826 width=4) (actual time=0.648..1100.051 rows=4626 loops=1)
        Filter: (keyword_id = 465)
        Rows Removed by Filter: 4519304
  ->  Index Scan using title_pkey on title t  (cost=0.43..7.36 rows=1 width=4) (actual time=0.021..0.021 rows=0 loops=4626)
        Index Cond: (id = mk.movie_id)
        Filter: ((kind_id < 7) AND (production_year = 2004))
        Rows Removed by Filter: 1
Planning time: 0.729 ms
Execution time: 1199.479 ms
