Hash Join  (cost=709673.43..766063.70 rows=12 width=0) (actual time=9440.077..10429.160 rows=4 loops=1)
  Hash Cond: (mc.movie_id = t.id)
  ->  Seq Scan on movie_companies mc  (cost=0.00..51404.11 rows=1329612 width=4) (actual time=0.023..858.244 rows=1334883 loops=1)
        Filter: (company_type_id > 1)
        Rows Removed by Filter: 1274246
  ->  Hash  (cost=709673.15..709673.15 rows=22 width=8) (actual time=9386.674..9386.674 rows=3 loops=1)
        Buckets: 1024  Batches: 1  Memory Usage: 9kB
        ->  Nested Loop  (cost=0.43..709673.15 rows=22 width=8) (actual time=7773.346..9386.615 rows=3 loops=1)
              ->  Seq Scan on cast_info ci  (cost=0.00..705507.15 rows=500 width=4) (actual time=2965.219..9380.605 rows=32 loops=1)
                    Filter: (person_id = 1299957)
                    Rows Removed by Filter: 36244312
              ->  Index Scan using title_pkey on title t  (cost=0.43..8.32 rows=1 width=4) (actual time=0.186..0.186 rows=0 loops=32)
                    Index Cond: (id = ci.movie_id)
                    Filter: (production_year = 2007)
                    Rows Removed by Filter: 1
Planning time: 1.178 ms
Execution time: 10429.334 ms
