Seq Scan on movie_keyword mk  (cost=0.00..81003.12 rows=448728 width=0) (actual time=0.028..1140.349 rows=447863 loops=1)
  Filter: (keyword_id > 39642)
  Rows Removed by Filter: 4076067
Planning time: 0.293 ms
Execution time: 1199.656 ms
