Hash Join  (cost=81152.82..957696.66 rows=2216897 width=0) (actual time=5551.611..19580.580 rows=2860377 loops=1)
  Hash Cond: (ci.movie_id = t.id)
  ->  Seq Scan on cast_info ci  (cost=0.00..705507.15 rows=12726058 width=4) (actual time=4508.425..12177.174 rows=12670688 loops=1)
        Filter: (role_id = 1)
        Rows Removed by Filter: 23573656
  ->  Hash  (cost=73925.90..73925.90 rows=440473 width=4) (actual time=1042.273..1042.273 rows=473918 loops=1)
        Buckets: 131072  Batches: 8  Memory Usage: 3117kB
        ->  Seq Scan on title t  (cost=0.00..73925.90 rows=440473 width=4) (actual time=368.818..897.501 rows=473918 loops=1)
              Filter: ((kind_id < 2) AND (production_year < 2008))
              Rows Removed by Filter: 2054394
Planning time: 2.896 ms
Execution time: 19876.353 ms
