Nested Loop  (cost=0.43..58358.27 rows=51 width=0) (actual time=0.755..664.407 rows=136 loops=1)
  ->  Seq Scan on movie_companies mc  (cost=0.00..57926.93 rows=51 width=4) (actual time=0.697..659.570 rows=136 loops=1)
        Filter: ((company_id = 11603) AND (company_type_id = 1))
        Rows Removed by Filter: 2608993
  ->  Index Only Scan using title_pkey on title t  (cost=0.43..8.45 rows=1 width=4) (actual time=0.034..0.034 rows=1 loops=136)
        Index Cond: (id = mc.movie_id)
        Heap Fetches: 136
Planning time: 0.697 ms
Execution time: 664.517 ms
