Hash Join  (cost=1165353.32..1846708.71 rows=18146803 width=0) (actual time=26749.101..47554.919 rows=41555911 loops=1)
  Hash Cond: (mi.movie_id = t.id)
  ->  Seq Scan on movie_info mi  (cost=0.00..346232.03 rows=7235534 width=4) (actual time=1637.885..5148.778 rows=7286865 loops=1)
        Filter: (info_type_id < 8)
        Rows Removed by Filter: 7548855
  ->  Hash  (cost=1061311.63..1061311.63 rows=6341575 width=8) (actual time=25110.126..25110.126 rows=8620366 loops=1)
        Buckets: 131072  Batches: 128  Memory Usage: 3648kB
        ->  Hash Join  (cost=102767.86..1061311.63 rows=6341575 width=8) (actual time=1661.326..22368.731 rows=8620366 loops=1)
              Hash Cond: (ci.movie_id = t.id)
              ->  Seq Scan on cast_info ci  (cost=0.00..796071.18 rows=6341575 width=4) (actual time=0.022..12812.287 rows=8620366 loops=1)
                    Filter: ((person_id > 1707558) AND (role_id > 3))
                    Rows Removed by Filter: 27623978
              ->  Hash  (cost=61283.27..61283.27 rows=2528527 width=4) (actual time=1660.020..1660.020 rows=2528312 loops=1)
                    Buckets: 131072  Batches: 64  Memory Usage: 2415kB
                    ->  Seq Scan on title t  (cost=0.00..61283.27 rows=2528527 width=4) (actual time=0.019..800.379 rows=2528312 loops=1)
Planning time: 1.152 ms
Execution time: 52442.613 ms
