Hash Join  (cost=83072.35..111704.27 rows=2 width=0) (actual time=1124.318..1660.212 rows=64 loops=1)
  Hash Cond: (mi_idx.movie_id = t.id)
  ->  Seq Scan on movie_info_idx mi_idx  (cost=0.00..25185.44 rows=919057 width=4) (actual time=0.020..406.762 rows=920110 loops=1)
        Filter: (info_type_id > 99)
        Rows Removed by Filter: 459925
  ->  Hash  (cost=83072.29..83072.29 rows=5 width=8) (actual time=1117.623..1117.623 rows=36 loops=1)
        Buckets: 1024  Batches: 1  Memory Usage: 10kB
        ->  Nested Loop  (cost=0.43..83072.29 rows=5 width=8) (actual time=3.392..1117.558 rows=36 loops=1)
              ->  Seq Scan on movie_keyword mk  (cost=0.00..81003.12 rows=246 width=4) (actual time=1.444..1073.303 rows=1176 loops=1)
                    Filter: (keyword_id = 5169)
                    Rows Removed by Filter: 4522754
              ->  Index Scan using title_pkey on title t  (cost=0.43..8.40 rows=1 width=4) (actual time=0.037..0.037 rows=0 loops=1176)
                    Index Cond: (id = mk.movie_id)
                    Filter: (production_year = 2000)
                    Rows Removed by Filter: 1
Planning time: 1.129 ms
Execution time: 1660.390 ms
