Hash Join  (cost=128753.29..215494.99 rows=8366 width=0) (actual time=3193.025..3560.981 rows=8262 loops=1)
  Hash Cond: (mk.movie_id = t.id)
  ->  Seq Scan on movie_keyword mk  (cost=0.00..69693.30 rows=4523930 width=4) (actual time=0.016..739.162 rows=4523930 loops=1)
  ->  Hash  (cost=128694.84..128694.84 rows=4676 width=8) (actual time=2034.026..2034.026 rows=6478 loops=1)
        Buckets: 8192  Batches: 1  Memory Usage: 318kB
        ->  Hash Join  (cost=73982.55..128694.84 rows=4676 width=8) (actual time=1140.237..2031.417 rows=6478 loops=1)
              Hash Cond: (mc.movie_id = t.id)
              ->  Seq Scan on movie_companies mc  (cost=0.00..44881.29 rows=2609129 width=4) (actual time=0.008..472.532 rows=2609129 loops=1)
              ->  Hash  (cost=73925.90..73925.90 rows=4532 width=4) (actual time=1021.314..1021.314 rows=8404 loops=1)
                    Buckets: 16384 (originally 8192)  Batches: 1 (originally 1)  Memory Usage: 424kB
                    ->  Seq Scan on title t  (cost=0.00..73925.90 rows=4532 width=4) (actual time=154.302..1017.031 rows=8404 loops=1)
                          Filter: ((kind_id = 7) AND (production_year = 1983))
                          Rows Removed by Filter: 2519908
Planning time: 1.134 ms
Execution time: 3562.206 ms
