Hash Join  (cost=365418.15..1703692.11 rows=31941068 width=0) (actual time=8183.849..52703.348 rows=103131146 loops=1)
  Hash Cond: (ci.movie_id = t.id)
  ->  Seq Scan on cast_info ci  (cost=0.00..705507.15 rows=17852587 width=4) (actual time=238.118..11595.897 rows=17974344 loops=1)
        Filter: (person_id > 1815113)
        Rows Removed by Filter: 18270000
  ->  Hash  (cost=291197.02..291197.02 rows=4523930 width=8) (actual time=7944.043..7944.043 rows=4523930 loops=1)
        Buckets: 131072  Batches: 64  Memory Usage: 3816kB
        ->  Hash Join  (cost=102767.86..291197.02 rows=4523930 width=8) (actual time=1335.466..6709.713 rows=4523930 loops=1)
              Hash Cond: (mk.movie_id = t.id)
              ->  Seq Scan on movie_keyword mk  (cost=0.00..69693.30 rows=4523930 width=4) (actual time=0.037..1207.814 rows=4523930 loops=1)
              ->  Hash  (cost=61283.27..61283.27 rows=2528527 width=4) (actual time=1332.651..1332.651 rows=2528312 loops=1)
                    Buckets: 131072  Batches: 64  Memory Usage: 2425kB
                    ->  Seq Scan on title t  (cost=0.00..61283.27 rows=2528527 width=4) (actual time=0.016..667.849 rows=2528312 loops=1)
Planning time: 1.127 ms
Execution time: 62853.934 ms
