Nested Loop  (cost=0.43..52283.69 rows=104 width=0) (actual time=16.043..683.873 rows=41 loops=1)
  ->  Seq Scan on movie_companies mc  (cost=0.00..51404.11 rows=104 width=4) (actual time=15.971..680.241 rows=41 loops=1)
        Filter: (company_id = 1054)
        Rows Removed by Filter: 2609088
  ->  Index Only Scan using title_pkey on title t  (cost=0.43..8.45 rows=1 width=4) (actual time=0.086..0.086 rows=1 loops=41)
        Index Cond: (id = mc.movie_id)
        Heap Fetches: 41
Planning time: 0.738 ms
Execution time: 683.966 ms
