Hash Join  (cost=190230.21..288652.70 rows=1334812 width=0) (actual time=4664.394..8269.476 rows=3856377 loops=1)
  Hash Cond: (mc.movie_id = t.id)
  ->  Seq Scan on movie_companies mc  (cost=0.00..51404.11 rows=2445668 width=4) (actual time=0.026..1013.899 rows=2441421 loops=1)
        Filter: (company_id > 33)
        Rows Removed by Filter: 167708
  ->  Hash  (cost=167588.78..167588.78 rows=1380035 width=8) (actual time=4662.985..4662.985 rows=1380035 loops=1)
        Buckets: 131072  Batches: 32  Memory Usage: 2708kB
        ->  Hash Join  (cost=102767.86..167588.78 rows=1380035 width=8) (actual time=1632.107..4233.779 rows=1380035 loops=1)
              Hash Cond: (mi_idx.movie_id = t.id)
              ->  Seq Scan on movie_info_idx mi_idx  (cost=0.00..21735.35 rows=1380035 width=4) (actual time=0.013..382.200 rows=1380035 loops=1)
              ->  Hash  (cost=61283.27..61283.27 rows=2528527 width=4) (actual time=1630.436..1630.436 rows=2528312 loops=1)
                    Buckets: 131072  Batches: 64  Memory Usage: 2415kB
                    ->  Seq Scan on title t  (cost=0.00..61283.27 rows=2528527 width=4) (actual time=0.009..792.654 rows=2528312 loops=1)
Planning time: 1.049 ms
Execution time: 8771.711 ms
