Hash Join  (cost=92883.59..173365.90 rows=532944 width=0) (actual time=1512.466..3182.033 rows=269594 loops=1)
  Hash Cond: (mc.movie_id = t.id)
  ->  Seq Scan on movie_companies mc  (cost=0.00..57926.93 rows=874587 width=4) (actual time=38.182..903.424 rows=1075824 loops=1)
        Filter: ((company_id > 2741) AND (company_type_id = 2))
        Rows Removed by Filter: 1533305
  ->  Hash  (cost=67604.59..67604.59 rows=1540800 width=4) (actual time=1473.037..1473.037 rows=1543264 loops=1)
        Buckets: 131072  Batches: 32  Memory Usage: 2722kB
        ->  Seq Scan on title t  (cost=0.00..67604.59 rows=1540800 width=4) (actual time=0.026..971.561 rows=1543264 loops=1)
              Filter: (kind_id = 7)
              Rows Removed by Filter: 985048
Planning time: 0.799 ms
Execution time: 3213.446 ms
