Seq Scan on movie_keyword mk  (cost=0.00..81003.12 rows=246 width=0) (actual time=1.634..791.174 rows=50 loops=1)
  Filter: (keyword_id = 3133)
  Rows Removed by Filter: 4523880
Planning time: 0.331 ms
Execution time: 791.291 ms
