Hash Join  (cost=100890.19..994535.25 rows=5668 width=0) (actual time=1472.299..18420.649 rows=632 loops=1)
  Hash Cond: (ci.movie_id = t.id)
  ->  Seq Scan on cast_info ci  (cost=0.00..796071.18 rows=26004589 width=4) (actual time=413.008..14060.637 rows=25650604 loops=1)
        Filter: ((person_id > 497711) AND (role_id < 9))
        Rows Removed by Filter: 10593740
  ->  Hash  (cost=100883.31..100883.31 rows=551 width=8) (actual time=1056.341..1056.341 rows=44 loops=1)
        Buckets: 1024  Batches: 1  Memory Usage: 10kB
        ->  Hash Join  (cost=73963.69..100883.31 rows=551 width=8) (actual time=833.997..1056.282 rows=44 loops=1)
              Hash Cond: (mi_idx.movie_id = t.id)
              ->  Seq Scan on movie_info_idx mi_idx  (cost=0.00..25185.44 rows=460978 width=4) (actual time=0.021..184.725 rows=459925 loops=1)
                    Filter: (info_type_id = 99)
                    Rows Removed by Filter: 920110
              ->  Hash  (cost=73925.90..73925.90 rows=3023 width=4) (actual time=832.687..832.687 rows=1148 loops=1)
                    Buckets: 4096  Batches: 1  Memory Usage: 73kB
                    ->  Seq Scan on title t  (cost=0.00..73925.90 rows=3023 width=4) (actual time=0.293..832.089 rows=1148 loops=1)
                          Filter: ((production_year > 2012) AND (kind_id = 4))
                          Rows Removed by Filter: 2527164
Planning time: 1.146 ms
Execution time: 18421.260 ms
