Hash Join  (cost=190230.21..1137466.39 rows=7578529 width=0) (actual time=4378.081..28815.722 rows=16274472 loops=1)
  Hash Cond: (ci.movie_id = t.id)
  ->  Seq Scan on cast_info ci  (cost=0.00..705507.15 rows=13885529 width=4) (actual time=132.596..12812.175 rows=13871464 loops=1)
        Filter: (person_id < 1366416)
        Rows Removed by Filter: 22372880
  ->  Hash  (cost=167588.78..167588.78 rows=1380035 width=8) (actual time=4243.915..4243.915 rows=1380035 loops=1)
        Buckets: 131072  Batches: 32  Memory Usage: 2708kB
        ->  Hash Join  (cost=102767.86..167588.78 rows=1380035 width=8) (actual time=1836.908..3844.973 rows=1380035 loops=1)
              Hash Cond: (mi_idx.movie_id = t.id)
              ->  Seq Scan on movie_info_idx mi_idx  (cost=0.00..21735.35 rows=1380035 width=4) (actual time=0.019..463.987 rows=1380035 loops=1)
              ->  Hash  (cost=61283.27..61283.27 rows=2528527 width=4) (actual time=1835.056..1835.056 rows=2528312 loops=1)
                    Buckets: 131072  Batches: 64  Memory Usage: 2415kB
                    ->  Seq Scan on title t  (cost=0.00..61283.27 rows=2528527 width=4) (actual time=0.022..1010.170 rows=2528312 loops=1)
Planning time: 1.174 ms
Execution time: 30691.546 ms
