Hash Join  (cost=288525.11..932572.43 rows=13665949 width=0) (actual time=6252.269..43349.012 rows=115876883 loops=1)
  Hash Cond: (mi.movie_id = t.id)
  ->  Seq Scan on movie_info mi  (cost=0.00..309384.22 rows=14739122 width=4) (actual time=0.005..4385.078 rows=14835720 loops=1)
  ->  Hash  (cost=250061.84..250061.84 rows=2344422 width=8) (actual time=6250.483..6250.483 rows=2344428 loops=1)
        Buckets: 131072  Batches: 32  Memory Usage: 3952kB
        ->  Hash Join  (cost=102767.86..250061.84 rows=2344422 width=8) (actual time=1784.552..5555.223 rows=2344428 loops=1)
              Hash Cond: (mk.movie_id = t.id)
              ->  Seq Scan on movie_keyword mk  (cost=0.00..81003.12 rows=2344422 width=4) (actual time=0.026..1346.268 rows=2344428 loops=1)
                    Filter: (keyword_id < 5218)
                    Rows Removed by Filter: 2179502
              ->  Hash  (cost=61283.27..61283.27 rows=2528527 width=4) (actual time=1783.704..1783.704 rows=2528312 loops=1)
                    Buckets: 131072  Batches: 64  Memory Usage: 2425kB
                    ->  Seq Scan on title t  (cost=0.00..61283.27 rows=2528527 width=4) (actual time=0.022..934.050 rows=2528312 loops=1)
Planning time: 1.164 ms
Execution time: 55227.832 ms
