Hash Join  (cost=58358.42..85272.54 rows=1 width=0) (actual time=676.369..1128.645 rows=2 loops=1)
  Hash Cond: (mi_idx.movie_id = t.id)
  ->  Seq Scan on movie_info_idx mi_idx  (cost=0.00..25185.44 rows=460978 width=4) (actual time=0.024..419.083 rows=459925 loops=1)
        Filter: (info_type_id = 99)
        Rows Removed by Filter: 920110
  ->  Hash  (cost=58358.39..58358.39 rows=2 width=8) (actual time=643.263..643.263 rows=2 loops=1)
        Buckets: 1024  Batches: 1  Memory Usage: 9kB
        ->  Nested Loop  (cost=0.43..58358.39 rows=2 width=8) (actual time=23.248..643.254 rows=2 loops=1)
              ->  Seq Scan on movie_companies mc  (cost=0.00..57926.93 rows=51 width=4) (actual time=23.180..641.988 rows=42 loops=1)
                    Filter: ((company_id = 3832) AND (company_type_id = 1))
                    Rows Removed by Filter: 2609087
              ->  Index Scan using title_pkey on title t  (cost=0.43..8.45 rows=1 width=4) (actual time=0.028..0.028 rows=0 loops=42)
                    Index Cond: (id = mc.movie_id)
                    Filter: (kind_id = 3)
                    Rows Removed by Filter: 1
Planning time: 1.447 ms
Execution time: 1128.794 ms
