Hash Join  (cost=97184.39..148152.15 rows=773728 width=0) (actual time=1769.520..2960.495 rows=425568 loops=1)
  Hash Cond: (mi_idx.movie_id = t.id)
  ->  Seq Scan on movie_info_idx mi_idx  (cost=0.00..21735.35 rows=1380035 width=4) (actual time=0.014..349.910 rows=1380035 loops=1)
  ->  Hash  (cost=73925.90..73925.90 rows=1417639 width=4) (actual time=1655.307..1655.307 rows=1478418 loops=1)
        Buckets: 131072  Batches: 32  Memory Usage: 2651kB
        ->  Seq Scan on title t  (cost=0.00..73925.90 rows=1417639 width=4) (actual time=0.030..1188.028 rows=1478418 loops=1)
              Filter: ((production_year > 1937) AND (kind_id = 7))
              Rows Removed by Filter: 1049894
Planning time: 0.746 ms
Execution time: 3011.645 ms
