Seq Scan on movie_companies mc  (cost=0.00..57926.93 rows=612893 width=0) (actual time=0.018..821.494 rows=836247 loops=1)
  Filter: ((company_id < 11147) AND (company_type_id < 2))
  Rows Removed by Filter: 1772882
Planning time: 0.311 ms
Execution time: 929.159 ms
