Hash Join  (cost=190230.21..313632.17 rows=1186654 width=0) (actual time=3929.345..8082.756 rows=5046547 loops=1)
  Hash Cond: (mk.movie_id = t.id)
  ->  Seq Scan on movie_keyword mk  (cost=0.00..81003.12 rows=2174211 width=4) (actual time=0.020..1362.181 rows=2175184 loops=1)
        Filter: (keyword_id > 5251)
        Rows Removed by Filter: 2348746
  ->  Hash  (cost=167588.78..167588.78 rows=1380035 width=8) (actual time=3927.396..3927.396 rows=1380035 loops=1)
        Buckets: 131072  Batches: 32  Memory Usage: 2726kB
        ->  Hash Join  (cost=102767.86..167588.78 rows=1380035 width=8) (actual time=1734.555..3515.917 rows=1380035 loops=1)
              Hash Cond: (mi_idx.movie_id = t.id)
              ->  Seq Scan on movie_info_idx mi_idx  (cost=0.00..21735.35 rows=1380035 width=4) (actual time=0.010..334.367 rows=1380035 loops=1)
              ->  Hash  (cost=61283.27..61283.27 rows=2528527 width=4) (actual time=1732.976..1732.976 rows=2528312 loops=1)
                    Buckets: 131072  Batches: 64  Memory Usage: 2415kB
                    ->  Seq Scan on title t  (cost=0.00..61283.27 rows=2528527 width=4) (actual time=0.012..885.570 rows=2528312 loops=1)
Planning time: 0.926 ms
Execution time: 8710.299 ms
