Seq Scan on movie_keyword mk  (cost=0.00..81003.12 rows=548861 width=0) (actual time=0.026..1097.222 rows=544733 loops=1)
  Filter: (keyword_id > 33742)
  Rows Removed by Filter: 3979197
Planning time: 0.302 ms
Execution time: 1165.874 ms
