Seq Scan on cast_info ci  (cost=0.00..796071.18 rows=11530665 width=0) (actual time=1415.447..11294.970 rows=4956994 loops=1)
  Filter: ((person_id < 1744984) AND (role_id > 1))
  Rows Removed by Filter: 31287350
Planning time: 0.324 ms
Execution time: 11886.494 ms
