Hash Join  (cost=75535.94..1123775.23 rows=1405212 width=0) (actual time=957.699..27311.604 rows=2278408 loops=1)
  Hash Cond: (ci.movie_id = t.id)
  ->  Seq Scan on cast_info ci  (cost=0.00..614943.12 rows=36225612 width=4) (actual time=0.020..10506.941 rows=36244344 loops=1)
  ->  Hash  (cost=73925.90..73925.90 rows=98083 width=4) (actual time=956.720..956.720 rows=212412 loops=1)
        Buckets: 131072 (originally 131072)  Batches: 4 (originally 2)  Memory Usage: 3073kB
        ->  Seq Scan on title t  (cost=0.00..73925.90 rows=98083 width=4) (actual time=0.017..878.370 rows=212412 loops=1)
              Filter: ((kind_id < 4) AND (production_year < 1964))
              Rows Removed by Filter: 2315900
Planning time: 0.778 ms
Execution time: 27592.306 ms
