Seq Scan on movie_keyword mk  (cost=0.00..81003.12 rows=2884754 width=0) (actual time=0.040..1268.940 rows=2875110 loops=1)
  Filter: (keyword_id > 2511)
  Rows Removed by Filter: 1648820
Planning time: 0.295 ms
Execution time: 1629.419 ms
