Hash Join  (cost=453214.25..532124.97 rows=280019 width=0) (actual time=6674.669..8800.883 rows=2015827 loops=1)
  Hash Cond: (mc.movie_id = t.id)
  ->  Seq Scan on movie_companies mc  (cost=0.00..44881.29 rows=2609129 width=4) (actual time=0.021..683.047 rows=2609129 loops=1)
  ->  Hash  (cost=448761.14..448761.14 rows=271369 width=8) (actual time=6557.984..6557.984 rows=287654 loops=1)
        Buckets: 131072  Batches: 4  Memory Usage: 3830kB
        ->  Hash Join  (cost=82337.76..448761.14 rows=271369 width=8) (actual time=4791.471..6465.944 rows=287654 loops=1)
              Hash Cond: (mi.movie_id = t.id)
              ->  Seq Scan on movie_info mi  (cost=0.00..346232.03 rows=1338312 width=4) (actual time=3396.678..4250.267 rows=1401902 loops=1)
                    Filter: (info_type_id = 7)
                    Rows Removed by Filter: 13433818
              ->  Hash  (cost=73925.90..73925.90 rows=512708 width=4) (actual time=1149.644..1149.644 rows=382109 loops=1)
                    Buckets: 131072  Batches: 8  Memory Usage: 2718kB
                    ->  Seq Scan on title t  (cost=0.00..73925.90 rows=512708 width=4) (actual time=0.043..1025.345 rows=382109 loops=1)
                          Filter: ((production_year > 1980) AND (kind_id = 1))
                          Rows Removed by Filter: 2146203
Planning time: 10.438 ms
Execution time: 9032.805 ms
