Hash Join  (cost=103947.06..904359.73 rows=3502602 width=0) (actual time=5529.994..16382.171 rows=3800209 loops=1)
  Hash Cond: (ci.movie_id = t.id)
  ->  Seq Scan on cast_info ci  (cost=0.00..705507.15 rows=3998100 width=4) (actual time=3577.296..11232.685 rows=4008037 loops=1)
        Filter: (role_id = 3)
        Rows Removed by Filter: 32236307
  ->  Hash  (cost=67604.59..67604.59 rows=2215158 width=4) (actual time=1951.734..1951.734 rows=2203697 loops=1)
        Buckets: 131072  Batches: 32  Memory Usage: 3448kB
        ->  Seq Scan on title t  (cost=0.00..67604.59 rows=2215158 width=4) (actual time=0.028..1228.521 rows=2203697 loops=1)
              Filter: (production_year > 1960)
              Rows Removed by Filter: 324615
Planning time: 0.734 ms
Execution time: 16749.322 ms
