Hash Join  (cost=156547.01..283927.69 rows=441464 width=0) (actual time=3026.193..5801.947 rows=561793 loops=1)
  Hash Cond: (mk.movie_id = t.id)
  ->  Seq Scan on movie_keyword mk  (cost=0.00..69693.30 rows=4523930 width=4) (actual time=0.024..1131.627 rows=4523930 loops=1)
  ->  Hash  (cost=152498.71..152498.71 rows=246744 width=8) (actual time=3025.342..3025.342 rows=131906 loops=1)
        Buckets: 131072  Batches: 4  Memory Usage: 2321kB
        ->  Hash Join  (cost=81925.97..152498.71 rows=246744 width=8) (actual time=1274.768..2938.885 rows=131906 loops=1)
              Hash Cond: (mc.movie_id = t.id)
              ->  Seq Scan on movie_companies mc  (cost=0.00..51404.11 rows=1279517 width=4) (actual time=0.015..781.587 rows=1274246 loops=1)
                    Filter: (company_type_id < 2)
                    Rows Removed by Filter: 1334883
              ->  Hash  (cost=73925.90..73925.90 rows=487605 width=4) (actual time=1272.350..1272.350 rows=501779 loops=1)
                    Buckets: 131072  Batches: 8  Memory Usage: 3231kB
                    ->  Seq Scan on title t  (cost=0.00..73925.90 rows=487605 width=4) (actual time=0.023..1107.093 rows=501779 loops=1)
                          Filter: ((kind_id > 1) AND (production_year > 2008))
                          Rows Removed by Filter: 2026533
Planning time: 1.136 ms
Execution time: 5863.844 ms
