Seq Scan on movie_keyword mk  (cost=0.00..81003.12 rows=1217482 width=0) (actual time=0.024..1282.466 rows=1223743 loops=1)
  Filter: (keyword_id < 1549)
  Rows Removed by Filter: 3300187
Planning time: 0.324 ms
Execution time: 1437.561 ms
