Hash Join  (cost=510035.48..1815212.52 rows=17952751 width=0) (actual time=7269.023..44947.492 rows=22107903 loops=1)
  Hash Cond: (ci.movie_id = t.id)
  ->  Seq Scan on cast_info ci  (cost=0.00..705507.15 rows=35909436 width=4) (actual time=0.018..13972.827 rows=35899275 loops=1)
        Filter: (person_id < 3998708)
        Rows Removed by Filter: 345069
  ->  Hash  (cost=489295.91..489295.91 rows=1264125 width=8) (actual time=7268.194..7268.194 rows=1288928 loops=1)
        Buckets: 131072  Batches: 32  Memory Usage: 2584kB
        ->  Hash Join  (cost=102767.86..489295.91 rows=1264125 width=8) (actual time=2388.220..6870.437 rows=1288928 loops=1)
              Hash Cond: (mi.movie_id = t.id)
              ->  Seq Scan on movie_info mi  (cost=0.00..346232.03 rows=1264125 width=4) (actual time=768.955..3802.437 rows=1288928 loops=1)
                    Filter: (info_type_id = 2)
                    Rows Removed by Filter: 13546792
              ->  Hash  (cost=61283.27..61283.27 rows=2528527 width=4) (actual time=1617.975..1617.975 rows=2528312 loops=1)
                    Buckets: 131072  Batches: 64  Memory Usage: 2425kB
                    ->  Seq Scan on title t  (cost=0.00..61283.27 rows=2528527 width=4) (actual time=0.018..751.610 rows=2528312 loops=1)
Planning time: 1.238 ms
Execution time: 47423.728 ms
