Seq Scan on cast_info ci  (cost=0.00..705507.15 rows=500 width=0) (actual time=3004.285..8455.567 rows=1262 loops=1)
  Filter: (person_id = 2570022)
  Rows Removed by Filter: 36243082
Planning time: 0.377 ms
Execution time: 8455.803 ms
