Hash Join  (cost=997250.87..1172594.85 rows=3914103 width=0) (actual time=12722.746..17238.634 rows=5480030 loops=1)
  Hash Cond: (mk.movie_id = t.id)
  ->  Seq Scan on movie_keyword mk  (cost=0.00..69693.30 rows=4523930 width=4) (actual time=0.019..1167.631 rows=4523930 loops=1)
  ->  Hash  (cost=961358.85..961358.85 rows=2187681 width=8) (actual time=12721.361..12721.361 rows=913777 loops=1)
        Buckets: 131072  Batches: 32  Memory Usage: 2144kB
        ->  Hash Join  (cost=102767.86..961358.85 rows=2187681 width=8) (actual time=1770.269..12443.764 rows=913777 loops=1)
              Hash Cond: (ci.movie_id = t.id)
              ->  Seq Scan on cast_info ci  (cost=0.00..796071.18 rows=2187681 width=4) (actual time=15.379..9654.782 rows=913777 loops=1)
                    Filter: ((person_id < 314615) AND (role_id > 1))
                    Rows Removed by Filter: 35330567
              ->  Hash  (cost=61283.27..61283.27 rows=2528527 width=4) (actual time=1607.238..1607.238 rows=2528312 loops=1)
                    Buckets: 131072  Batches: 64  Memory Usage: 2415kB
                    ->  Seq Scan on title t  (cost=0.00..61283.27 rows=2528527 width=4) (actual time=0.015..772.450 rows=2528312 loops=1)
Planning time: 1.130 ms
Execution time: 17871.877 ms
