Seq Scan on movie_companies mc  (cost=0.00..51404.11 rows=891286 width=0) (actual time=0.025..727.825 rows=888738 loops=1)
  Filter: (company_id < 2716)
  Rows Removed by Filter: 1720391
Planning time: 0.342 ms
Execution time: 843.872 ms
