Hash Join  (cost=102767.86..295201.93 rows=4220366 width=0) (actual time=1725.638..7001.970 rows=4223828 loops=1)
  Hash Cond: (mk.movie_id = t.id)
  ->  Seq Scan on movie_keyword mk  (cost=0.00..81003.12 rows=4220366 width=4) (actual time=0.022..1554.283 rows=4223828 loops=1)
        Filter: (keyword_id < 53924)
        Rows Removed by Filter: 300102
  ->  Hash  (cost=61283.27..61283.27 rows=2528527 width=4) (actual time=1724.227..1724.227 rows=2528312 loops=1)
        Buckets: 131072  Batches: 64  Memory Usage: 2425kB
        ->  Seq Scan on title t  (cost=0.00..61283.27 rows=2528527 width=4) (actual time=0.014..851.591 rows=2528312 loops=1)
Planning time: 0.752 ms
Execution time: 7446.260 ms
