Hash Join  (cost=102767.86..256662.26 rows=2618663 width=0) (actual time=1741.180..5795.759 rows=2608208 loops=1)
  Hash Cond: (mk.movie_id = t.id)
  ->  Seq Scan on movie_keyword mk  (cost=0.00..81003.12 rows=2618663 width=4) (actual time=0.012..1398.900 rows=2608208 loops=1)
        Filter: (keyword_id < 7078)
        Rows Removed by Filter: 1915722
  ->  Hash  (cost=61283.27..61283.27 rows=2528527 width=4) (actual time=1740.071..1740.071 rows=2528312 loops=1)
        Buckets: 131072  Batches: 64  Memory Usage: 2425kB
        ->  Seq Scan on title t  (cost=0.00..61283.27 rows=2528527 width=4) (actual time=0.019..733.621 rows=2528312 loops=1)
Planning time: 0.965 ms
Execution time: 6120.134 ms
