Hash Join  (cost=74101.84..432010.39 rows=17079 width=0) (actual time=3790.666..5854.820 rows=17235 loops=1)
  Hash Cond: (mi.movie_id = t.id)
  ->  Seq Scan on movie_info mi  (cost=0.00..346232.03 rows=3068194 width=4) (actual time=2921.375..4454.090 rows=3036719 loops=1)
        Filter: (info_type_id = 16)
        Rows Removed by Filter: 11799001
  ->  Hash  (cost=73925.90..73925.90 rows=14075 width=4) (actual time=866.788..866.788 rows=9093 loops=1)
        Buckets: 16384  Batches: 1  Memory Usage: 448kB
        ->  Seq Scan on title t  (cost=0.00..73925.90 rows=14075 width=4) (actual time=0.137..862.302 rows=9093 loops=1)
              Filter: ((kind_id < 3) AND (production_year = 1998))
              Rows Removed by Filter: 2519219
Planning time: 0.859 ms
Execution time: 5857.847 ms
