Seq Scan on cast_info ci  (cost=0.00..705507.15 rows=10117835 width=0) (actual time=385.397..9175.352 rows=9915333 loops=1)
  Filter: (person_id < 976232)
  Rows Removed by Filter: 26329011
Planning time: 0.323 ms
Execution time: 10335.487 ms
