Seq Scan on cast_info ci  (cost=0.00..796071.18 rows=1966567 width=0) (actual time=4642.225..12810.817 rows=2028404 loops=1)
  Filter: ((person_id > 983028) AND (role_id = 4))
  Rows Removed by Filter: 34215940
Planning time: 0.414 ms
Execution time: 13067.784 ms
