Hash Join  (cost=85727.72..238287.93 rows=1194317 width=106) (actual time=858.858..3596.874 rows=1650411 loops=1)
  Hash Cond: (mk.movie_id = t.id)
  ->  Seq Scan on movie_keyword mk  (cost=0.00..69693.30 rows=4523930 width=12) (actual time=0.009..523.278 rows=4523930 loops=1)
  ->  Hash  (cost=67604.59..67604.59 rows=667531 width=94) (actual time=858.394..858.394 rows=662834 loops=1)
        Buckets: 32768  Batches: 32  Memory Usage: 2578kB
        ->  Seq Scan on title t  (cost=0.00..67604.59 rows=667531 width=94) (actual time=0.011..655.190 rows=662834 loops=1)
              Filter: (production_year < 1989)
              Rows Removed by Filter: 1865478
Planning time: 0.584 ms
Execution time: 3664.921 ms
