Hash Join  (cost=190230.21..308918.18 rows=1035506 width=0) (actual time=3751.439..7219.483 rows=4404027 loops=1)
  Hash Cond: (mk.movie_id = t.id)
  ->  Seq Scan on movie_keyword mk  (cost=0.00..81003.12 rows=1897275 width=4) (actual time=0.026..1336.851 rows=1908049 loops=1)
        Filter: (keyword_id > 7078)
        Rows Removed by Filter: 2615881
  ->  Hash  (cost=167588.78..167588.78 rows=1380035 width=8) (actual time=3750.410..3750.410 rows=1380035 loops=1)
        Buckets: 131072  Batches: 32  Memory Usage: 2726kB
        ->  Hash Join  (cost=102767.86..167588.78 rows=1380035 width=8) (actual time=1570.416..3366.096 rows=1380035 loops=1)
              Hash Cond: (mi_idx.movie_id = t.id)
              ->  Seq Scan on movie_info_idx mi_idx  (cost=0.00..21735.35 rows=1380035 width=4) (actual time=0.014..367.071 rows=1380035 loops=1)
              ->  Hash  (cost=61283.27..61283.27 rows=2528527 width=4) (actual time=1568.041..1568.041 rows=2528312 loops=1)
                    Buckets: 131072  Batches: 64  Memory Usage: 2415kB
                    ->  Seq Scan on title t  (cost=0.00..61283.27 rows=2528527 width=4) (actual time=0.016..784.638 rows=2528312 loops=1)
Planning time: 1.210 ms
Execution time: 7739.330 ms
