Seq Scan on movie_keyword mk  (cost=0.00..81003.12 rows=4007287 width=0) (actual time=0.023..1292.807 rows=4014533 loops=1)
  Filter: (keyword_id < 35662)
  Rows Removed by Filter: 509397
Planning time: 1.372 ms
Execution time: 1763.584 ms
