Seq Scan on movie_companies mc  (cost=0.00..51404.11 rows=2342933 width=0) (actual time=0.020..848.561 rows=2346778 loops=1)
  Filter: (company_id > 133)
  Rows Removed by Filter: 262351
Planning time: 0.287 ms
Execution time: 1152.106 ms
