Hash Join  (cost=243251.04..806121.06 rows=7784709 width=0) (actual time=4674.570..16844.725 rows=2951691 loops=1)
  Hash Cond: (mi.movie_id = t.id)
  ->  Seq Scan on movie_info mi  (cost=0.00..309384.22 rows=14739122 width=4) (actual time=0.018..4798.561 rows=14835720 loops=1)
  ->  Hash  (cost=221340.50..221340.50 rows=1335483 width=8) (actual time=4573.063..4573.063 rows=291676 loops=1)
        Buckets: 131072  Batches: 32  Memory Usage: 1378kB
        ->  Hash Join  (cost=92883.59..221340.50 rows=1335483 width=8) (actual time=3244.047..4475.461 rows=291676 loops=1)
              Hash Cond: (mk.movie_id = t.id)
              ->  Seq Scan on movie_keyword mk  (cost=0.00..81003.12 rows=2191592 width=4) (actual time=0.027..1370.784 rows=2191872 loops=1)
                    Filter: (keyword_id < 4340)
                    Rows Removed by Filter: 2332058
              ->  Hash  (cost=67604.59..67604.59 rows=1540800 width=4) (actual time=1697.467..1697.467 rows=1543264 loops=1)
                    Buckets: 131072  Batches: 32  Memory Usage: 2728kB
                    ->  Seq Scan on title t  (cost=0.00..67604.59 rows=1540800 width=4) (actual time=5.056..950.692 rows=1543264 loops=1)
                          Filter: (kind_id = 7)
                          Rows Removed by Filter: 985048
Planning time: 1.189 ms
Execution time: 17215.579 ms
