Hash Join  (cost=234704.89..1212925.02 rows=7219929 width=0) (actual time=5387.257..40203.308 rows=69471670 loops=1)
  Hash Cond: (ci.movie_id = t.id)
  ->  Seq Scan on cast_info ci  (cost=0.00..705507.15 rows=15285541 width=4) (actual time=0.022..11661.827 rows=15427085 loops=1)
        Filter: (person_id > 2097422)
        Rows Removed by Filter: 20817259
  ->  Hash  (cost=215109.93..215109.93 rows=1194317 width=8) (actual time=5385.179..5385.179 rows=2886675 loops=1)
        Buckets: 131072 (originally 131072)  Batches: 64 (originally 16)  Memory Usage: 3073kB
        ->  Hash Join  (cost=78556.72..215109.93 rows=1194317 width=8) (actual time=941.528..4607.490 rows=2886675 loops=1)
              Hash Cond: (mk.movie_id = t.id)
              ->  Seq Scan on movie_keyword mk  (cost=0.00..69693.30 rows=4523930 width=4) (actual time=0.016..1090.675 rows=4523930 loops=1)
              ->  Hash  (cost=67604.59..67604.59 rows=667531 width=4) (actual time=940.307..940.307 rows=662825 loops=1)
                    Buckets: 131072  Batches: 16  Memory Usage: 2486kB
                    ->  Seq Scan on title t  (cost=0.00..67604.59 rows=667531 width=4) (actual time=0.024..765.513 rows=662825 loops=1)
                          Filter: (kind_id = 1)
                          Rows Removed by Filter: 1865487
Planning time: 1.224 ms
Execution time: 47711.713 ms
