Seq Scan on cast_info ci  (cost=0.00..796071.18 rows=4403283 width=0) (actual time=1579.453..10136.150 rows=9819797 loops=1)
  Filter: ((person_id > 2729131) AND (role_id > 2))
  Rows Removed by Filter: 26424547
Planning time: 0.306 ms
Execution time: 11196.578 ms
