Hash Join  (cost=97300.37..152161.05 rows=19515 width=0) (actual time=1442.179..2371.163 rows=61204 loops=1)
  Hash Cond: (mc.movie_id = t.id)
  ->  Seq Scan on movie_companies mc  (cost=0.00..44881.29 rows=2609129 width=4) (actual time=0.021..403.676 rows=2609129 loops=1)
  ->  Hash  (cost=97063.97..97063.97 rows=18912 width=8) (actual time=1441.708..1441.708 rows=23028 loops=1)
        Buckets: 32768  Batches: 1  Memory Usage: 1156kB
        ->  Hash Join  (cost=68257.79..97063.97 rows=18912 width=8) (actual time=840.565..1433.813 rows=23028 loops=1)
              Hash Cond: (mi_idx.movie_id = t.id)
              ->  Seq Scan on movie_info_idx mi_idx  (cost=0.00..25185.44 rows=915101 width=4) (actual time=0.014..397.384 rows=919850 loops=1)
                    Filter: (info_type_id < 101)
                    Rows Removed by Filter: 460185
              ->  Hash  (cost=67604.59..67604.59 rows=52256 width=4) (actual time=840.207..840.207 rows=53013 loops=1)
                    Buckets: 65536  Batches: 1  Memory Usage: 2376kB
                    ->  Seq Scan on title t  (cost=0.00..67604.59 rows=52256 width=4) (actual time=0.021..818.779 rows=53013 loops=1)
                          Filter: (production_year = 2000)
                          Rows Removed by Filter: 2475299
Planning time: 1.142 ms
Execution time: 2378.909 ms
