Hash Join  (cost=178393.59..304608.08 rows=345746 width=0) (actual time=3238.348..7043.401 rows=3030741 loops=1)
  Hash Cond: (mk.movie_id = t.id)
  ->  Seq Scan on movie_keyword mk  (cost=0.00..69693.30 rows=4523930 width=4) (actual time=0.009..1209.679 rows=4523930 loops=1)
  ->  Hash  (cost=175223.02..175223.02 rows=193245 width=8) (actual time=3237.512..3237.512 rows=382643 loops=1)
        Buckets: 131072 (originally 131072)  Batches: 8 (originally 4)  Memory Usage: 3073kB
        ->  Hash Join  (cost=102767.86..175223.02 rows=193245 width=8) (actual time=2118.295..3113.109 rows=382643 loops=1)
              Hash Cond: (mc.movie_id = t.id)
              ->  Seq Scan on movie_companies mc  (cost=0.00..57926.93 rows=193245 width=4) (actual time=409.081..715.121 rows=382643 loops=1)
                    Filter: ((company_id > 83958) AND (company_type_id = 2))
                    Rows Removed by Filter: 2226486
              ->  Hash  (cost=61283.27..61283.27 rows=2528527 width=4) (actual time=1707.945..1707.945 rows=2528312 loops=1)
                    Buckets: 131072  Batches: 64  Memory Usage: 2415kB
                    ->  Seq Scan on title t  (cost=0.00..61283.27 rows=2528527 width=4) (actual time=0.021..851.237 rows=2528312 loops=1)
Planning time: 6.181 ms
Execution time: 7394.186 ms
