Hash Join  (cost=203409.59..359235.99 rows=2020047 width=0) (actual time=4050.323..7895.633 rows=3224279 loops=1)
  Hash Cond: (mk.movie_id = t.id)
  ->  Seq Scan on movie_keyword mk  (cost=0.00..81003.12 rows=4325016 width=4) (actual time=0.027..1386.361 rows=4306027 loops=1)
        Filter: (keyword_id > 151)
        Rows Removed by Filter: 217903
  ->  Hash  (cost=184033.37..184033.37 rows=1180977 width=8) (actual time=4049.406..4049.406 rows=867910 loops=1)
        Buckets: 131072  Batches: 16  Memory Usage: 3150kB
        ->  Hash Join  (cost=92703.08..184033.37 rows=1180977 width=8) (actual time=1448.084..3828.788 rows=867910 loops=1)
              Hash Cond: (mc.movie_id = t.id)
              ->  Seq Scan on movie_companies mc  (cost=0.00..44881.29 rows=2609129 width=4) (actual time=0.017..803.506 rows=2609129 loops=1)
              ->  Hash  (cost=73925.90..73925.90 rows=1144494 width=4) (actual time=1447.098..1447.098 rows=1095581 loops=1)
                    Buckets: 131072  Batches: 16  Memory Usage: 3437kB
                    ->  Seq Scan on title t  (cost=0.00..73925.90 rows=1144494 width=4) (actual time=0.019..1109.604 rows=1095581 loops=1)
                          Filter: ((kind_id > 1) AND (production_year < 2007))
                          Rows Removed by Filter: 1432731
Planning time: 1.490 ms
Execution time: 8246.388 ms
