Seq Scan on cast_info ci  (cost=0.00..796071.18 rows=21036385 width=0) (actual time=1227.695..14495.728 rows=22543369 loops=1)
  Filter: ((person_id > 352157) AND (role_id > 1))
  Rows Removed by Filter: 13700975
Planning time: 0.328 ms
Execution time: 17275.432 ms
