Seq Scan on cast_info ci  (cost=0.00..796071.18 rows=843209 width=0) (actual time=630.800..9587.419 rows=412096 loops=1)
  Filter: ((person_id < 330555) AND (role_id > 5))
  Rows Removed by Filter: 35832248
Planning time: 0.343 ms
Execution time: 9631.327 ms
