Seq Scan on cast_info ci  (cost=0.00..705507.15 rows=5762 width=0) (actual time=1039.942..8804.665 rows=5826 loops=1)
  Filter: (person_id < 967)
  Rows Removed by Filter: 36238518
Planning time: 0.333 ms
Execution time: 8805.499 ms
