Hash Join  (cost=598062.58..1828740.10 rows=23212841 width=0) (actual time=14651.018..71735.129 rows=121882724 loops=1)
  Hash Cond: (ci.movie_id = t.id)
  ->  Seq Scan on cast_info ci  (cost=0.00..705507.15 rows=20024311 width=4) (actual time=0.024..13495.107 rows=20122661 loops=1)
        Filter: (role_id < 3)
        Rows Removed by Filter: 16121683
  ->  Hash  (cost=549973.18..549973.18 rows=2931152 width=8) (actual time=14649.743..14649.743 rows=4974252 loops=1)
        Buckets: 131072 (originally 131072)  Batches: 128 (originally 64)  Memory Usage: 4032kB
        ->  Hash Join  (cost=83810.17..549973.18 rows=2931152 width=8) (actual time=1513.171..12812.568 rows=4974252 loops=1)
              Hash Cond: (mi.movie_id = t.id)
              ->  Seq Scan on movie_info mi  (cost=0.00..346232.03 rows=7503588 width=4) (actual time=323.856..5341.055 rows=7548855 loops=1)
                    Filter: (info_type_id > 7)
                    Rows Removed by Filter: 7286865
              ->  Hash  (cost=67604.59..67604.59 rows=987727 width=4) (actual time=1188.462..1188.462 rows=985048 loops=1)
                    Buckets: 131072  Batches: 16  Memory Usage: 3197kB
                    ->  Seq Scan on title t  (cost=0.00..67604.59 rows=987727 width=4) (actual time=0.015..868.622 rows=985048 loops=1)
                          Filter: (kind_id < 7)
                          Rows Removed by Filter: 1543264
Planning time: 2.226 ms
Execution time: 84842.051 ms
