Seq Scan on movie_companies mc  (cost=0.00..57926.93 rows=1043357 width=0) (actual time=0.017..987.316 rows=1274246 loops=1)
  Filter: ((company_id < 74970) AND (company_type_id < 2))
  Rows Removed by Filter: 1334883
Planning time: 0.344 ms
Execution time: 1149.152 ms
