Seq Scan on cast_info ci  (cost=0.00..705507.15 rows=5969676 width=0) (actual time=0.565..9344.378 rows=5876238 loops=1)
  Filter: (person_id < 569000)
  Rows Removed by Filter: 30368106
Planning time: 0.226 ms
Execution time: 10044.460 ms
