Hash Join  (cost=83073.09..109983.92 rows=35 width=0) (actual time=1148.300..1631.810 rows=547 loops=1)
  Hash Cond: (mi_idx.movie_id = t.id)
  ->  Seq Scan on movie_info_idx mi_idx  (cost=0.00..21735.35 rows=1380035 width=4) (actual time=0.024..221.796 rows=1380035 loops=1)
  ->  Hash  (cost=83072.29..83072.29 rows=64 width=8) (actual time=1147.486..1147.486 rows=245 loops=1)
        Buckets: 1024  Batches: 1  Memory Usage: 18kB
        ->  Nested Loop  (cost=0.43..83072.29 rows=64 width=8) (actual time=0.657..1147.224 rows=245 loops=1)
              ->  Seq Scan on movie_keyword mk  (cost=0.00..81003.12 rows=246 width=4) (actual time=0.606..1080.151 rows=2315 loops=1)
                    Filter: (keyword_id = 1025)
                    Rows Removed by Filter: 4521615
              ->  Index Scan using title_pkey on title t  (cost=0.43..8.40 rows=1 width=4) (actual time=0.028..0.028 rows=0 loops=2315)
                    Index Cond: (id = mk.movie_id)
                    Filter: (production_year > 2008)
                    Rows Removed by Filter: 1
Planning time: 1.117 ms
Execution time: 1632.039 ms
