Hash Join  (cost=108612.95..475228.85 rows=64597 width=0) (actual time=2028.836..8692.544 rows=447842 loops=1)
  Hash Cond: (mi.movie_id = t.id)
  ->  Seq Scan on movie_info mi  (cost=0.00..346232.03 rows=5263441 width=4) (actual time=0.013..5385.541 rows=5270569 loops=1)
        Filter: (info_type_id > 15)
        Rows Removed by Filter: 9565151
  ->  Hash  (cost=108225.05..108225.05 rows=31032 width=8) (actual time=2028.614..2028.614 rows=67509 loops=1)
        Buckets: 131072 (originally 32768)  Batches: 1 (originally 1)  Memory Usage: 3662kB
        ->  Hash Join  (cost=76697.17..108225.05 rows=31032 width=8) (actual time=1246.219..2003.002 rows=67509 loops=1)
              Hash Cond: (mi_idx.movie_id = t.id)
              ->  Seq Scan on movie_info_idx mi_idx  (cost=0.00..25185.44 rows=464566 width=4) (actual time=0.024..478.606 rows=459925 loops=1)
                    Filter: (info_type_id = 101)
                    Rows Removed by Filter: 920110
              ->  Hash  (cost=73925.90..73925.90 rows=168901 width=4) (actual time=1245.459..1245.459 rows=269915 loops=1)
                    Buckets: 131072  Batches: 4  Memory Usage: 3401kB
                    ->  Seq Scan on title t  (cost=0.00..73925.90 rows=168901 width=4) (actual time=0.139..1156.077 rows=269915 loops=1)
                          Filter: ((kind_id < 7) AND (production_year < 1974))
                          Rows Removed by Filter: 2258397
Planning time: 3.676 ms
Execution time: 8751.939 ms
