Seq Scan on movie_companies mc  (cost=0.00..57926.93 rows=53 width=0) (actual time=206.259..795.882 rows=906 loops=1)
  Filter: ((company_type_id > 1) AND (company_id = 4437))
  Rows Removed by Filter: 2608223
Planning time: 0.285 ms
Execution time: 796.128 ms
