Hash Join  (cost=102767.86..183943.41 rows=555607 width=0) (actual time=1805.089..3192.634 rows=276083 loops=1)
  Hash Cond: (mc.movie_id = t.id)
  ->  Seq Scan on movie_companies mc  (cost=0.00..57926.93 rows=555607 width=4) (actual time=132.496..828.926 rows=276083 loops=1)
        Filter: ((company_id > 13283) AND (company_type_id = 1))
        Rows Removed by Filter: 2333046
  ->  Hash  (cost=61283.27..61283.27 rows=2528527 width=4) (actual time=1670.770..1670.770 rows=2528312 loops=1)
        Buckets: 131072  Batches: 64  Memory Usage: 2415kB
        ->  Seq Scan on title t  (cost=0.00..61283.27 rows=2528527 width=4) (actual time=0.021..833.450 rows=2528312 loops=1)
Planning time: 0.724 ms
Execution time: 3228.416 ms
