Seq Scan on cast_info ci  (cost=0.00..705507.15 rows=500 width=0) (actual time=5819.227..8908.768 rows=56 loops=1)
  Filter: (person_id = 3920247)
  Rows Removed by Filter: 36244288
Planning time: 0.355 ms
Execution time: 8908.870 ms
