Seq Scan on movie_companies mc  (cost=0.00..57926.93 rows=53 width=0) (actual time=20.136..657.868 rows=10 loops=1)
  Filter: ((company_id = 388) AND (company_type_id = 2))
  Rows Removed by Filter: 2609119
Planning time: 0.355 ms
Execution time: 657.951 ms
