Hash Join  (cost=68113.45..879726.16 rows=63978 width=0) (actual time=2926.229..13172.800 rows=36352 loops=1)
  Hash Cond: (ci.movie_id = t.id)
  ->  Seq Scan on cast_info ci  (cost=0.00..796071.18 rows=3973800 width=4) (actual time=2329.816..12156.987 rows=1930031 loops=1)
        Filter: ((person_id < 3509122) AND (role_id = 10))
        Rows Removed by Filter: 34314313
  ->  Hash  (cost=67604.59..67604.59 rows=40709 width=4) (actual time=596.016..596.016 rows=38955 loops=1)
        Buckets: 65536  Batches: 1  Memory Usage: 1882kB
        ->  Seq Scan on title t  (cost=0.00..67604.59 rows=40709 width=4) (actual time=0.529..582.943 rows=38955 loops=1)
              Filter: (production_year = 1997)
              Rows Removed by Filter: 2489357
Planning time: 0.736 ms
Execution time: 13177.666 ms
