Seq Scan on cast_info ci  (cost=0.00..705507.15 rows=9551978 width=0) (actual time=0.024..9910.205 rows=9374465 loops=1)
  Filter: (person_id < 922728)
  Rows Removed by Filter: 26869879
Planning time: 0.288 ms
Execution time: 11117.877 ms
