Hash Join  (cost=162402.70..967310.77 rows=883691 width=0) (actual time=2520.239..17432.092 rows=867089 loops=1)
  Hash Cond: (ci.movie_id = t.id)
  ->  Seq Scan on cast_info ci  (cost=0.00..614943.12 rows=36225612 width=4) (actual time=0.024..6611.630 rows=36244344 loops=1)
  ->  Hash  (cost=161631.69..161631.69 rows=61681 width=8) (actual time=2519.761..2519.761 rows=34723 loops=1)
        Buckets: 65536  Batches: 1  Memory Usage: 1869kB
        ->  Hash Join  (cost=74356.84..161631.69 rows=61681 width=8) (actual time=937.092..2507.892 rows=34723 loops=1)
              Hash Cond: (mk.movie_id = t.id)
              ->  Seq Scan on movie_keyword mk  (cost=0.00..69693.30 rows=4523930 width=4) (actual time=0.020..725.377 rows=4523930 loops=1)
              ->  Hash  (cost=73925.90..73925.90 rows=34475 width=4) (actual time=936.715..936.715 rows=39896 loops=1)
                    Buckets: 65536  Batches: 1  Memory Usage: 1915kB
                    ->  Seq Scan on title t  (cost=0.00..73925.90 rows=34475 width=4) (actual time=0.025..919.720 rows=39896 loops=1)
                          Filter: ((kind_id > 3) AND (production_year = 2000))
                          Rows Removed by Filter: 2488416
Planning time: 1.102 ms
Execution time: 17541.452 ms
