Hash Join  (cost=58375.85..809172.60 rows=759 width=0) (actual time=645.966..12610.254 rows=38 loops=1)
  Hash Cond: (ci.movie_id = t.id)
  ->  Seq Scan on cast_info ci  (cost=0.00..614943.12 rows=36225612 width=4) (actual time=0.027..5992.823 rows=36244344 loops=1)
  ->  Hash  (cost=58375.18..58375.18 rows=53 width=8) (actual time=413.521..413.521 rows=2 loops=1)
        Buckets: 1024  Batches: 1  Memory Usage: 9kB
        ->  Nested Loop  (cost=0.43..58375.18 rows=53 width=8) (actual time=338.391..413.513 rows=2 loops=1)
              ->  Seq Scan on movie_companies mc  (cost=0.00..57926.93 rows=53 width=4) (actual time=338.311..413.386 rows=2 loops=1)
                    Filter: ((company_id = 84147) AND (company_type_id = 2))
                    Rows Removed by Filter: 2609127
              ->  Index Only Scan using title_pkey on title t  (cost=0.43..8.45 rows=1 width=4) (actual time=0.049..0.049 rows=1 loops=2)
                    Index Cond: (id = mc.movie_id)
                    Heap Fetches: 2
Planning time: 1.158 ms
Execution time: 12610.386 ms
