Hash Join  (cost=485262.73..562165.08 rows=418486 width=0) (actual time=8339.589..10710.764 rows=1749557 loops=1)
  Hash Cond: (mc.movie_id = t.id)
  ->  Seq Scan on movie_companies mc  (cost=0.00..51404.11 rows=1623033 width=4) (actual time=19.921..997.733 rows=1622003 loops=1)
        Filter: (company_id > 4538)
        Rows Removed by Filter: 987126
  ->  Hash  (cost=474566.23..474566.23 rows=651960 width=8) (actual time=8318.352..8318.352 rows=660923 loops=1)
        Buckets: 131072  Batches: 16  Memory Usage: 2614kB
        ->  Hash Join  (cost=102767.86..474566.23 rows=651960 width=8) (actual time=3544.950..8121.689 rows=660923 loops=1)
              Hash Cond: (mi.movie_id = t.id)
              ->  Seq Scan on movie_info mi  (cost=0.00..346232.03 rows=651960 width=4) (actual time=1581.024..5185.004 rows=660923 loops=1)
                    Filter: (info_type_id = 18)
                    Rows Removed by Filter: 14174797
              ->  Hash  (cost=61283.27..61283.27 rows=2528527 width=4) (actual time=1963.022..1963.022 rows=2528312 loops=1)
                    Buckets: 131072  Batches: 64  Memory Usage: 2425kB
                    ->  Seq Scan on title t  (cost=0.00..61283.27 rows=2528527 width=4) (actual time=0.025..1087.359 rows=2528312 loops=1)
Planning time: 1.547 ms
Execution time: 10940.902 ms
