Hash Join  (cost=83072.93..109983.42 rows=1 width=0) (actual time=1102.587..1532.801 rows=6 loops=1)
  Hash Cond: (mi_idx.movie_id = t.id)
  ->  Seq Scan on movie_info_idx mi_idx  (cost=0.00..21735.35 rows=1380035 width=4) (actual time=0.018..232.631 rows=1380035 loops=1)
  ->  Hash  (cost=83072.90..83072.90 rows=2 width=8) (actual time=1060.905..1060.905 rows=2 loops=1)
        Buckets: 1024  Batches: 1  Memory Usage: 9kB
        ->  Nested Loop  (cost=0.43..83072.90 rows=2 width=8) (actual time=306.379..1060.895 rows=2 loops=1)
              ->  Seq Scan on movie_keyword mk  (cost=0.00..81003.12 rows=246 width=4) (actual time=4.268..1055.311 rows=188 loops=1)
                    Filter: (keyword_id = 35845)
                    Rows Removed by Filter: 4523742
              ->  Index Scan using title_pkey on title t  (cost=0.43..8.40 rows=1 width=4) (actual time=0.028..0.028 rows=0 loops=188)
                    Index Cond: (id = mk.movie_id)
                    Filter: ((kind_id < 7) AND (production_year = 2001))
                    Rows Removed by Filter: 1
Planning time: 1.103 ms
Execution time: 1532.928 ms
