Seq Scan on cast_info ci  (cost=0.00..705507.15 rows=26099975 width=0) (actual time=0.021..10300.383 rows=26320463 loops=1)
  Filter: (person_id > 977108)
  Rows Removed by Filter: 9923881
Planning time: 0.313 ms
Execution time: 13309.236 ms
