Seq Scan on cast_info ci  (cost=0.00..705507.15 rows=13265232 width=0) (actual time=0.010..10016.130 rows=13231762 loops=1)
  Filter: (person_id < 1304848)
  Rows Removed by Filter: 23012582
Planning time: 0.331 ms
Execution time: 11720.343 ms
