Hash Join  (cost=135421.66..262621.84 rows=382426 width=0) (actual time=2548.871..5716.375 rows=1266023 loops=1)
  Hash Cond: (mk.movie_id = t.id)
  ->  Seq Scan on movie_keyword mk  (cost=0.00..81003.12 rows=3573013 width=4) (actual time=0.014..1498.834 rows=3570111 loops=1)
        Filter: (keyword_id > 889)
        Rows Removed by Filter: 953819
  ->  Hash  (cost=130980.75..130980.75 rows=270633 width=8) (actual time=2547.753..2547.753 rows=243300 loops=1)
        Buckets: 131072  Batches: 4  Memory Usage: 3404kB
        ->  Hash Join  (cost=91959.31..130980.75 rows=270633 width=8) (actual time=1463.993..2460.108 rows=243300 loops=1)
              Hash Cond: (mi_idx.movie_id = t.id)
              ->  Seq Scan on movie_info_idx mi_idx  (cost=0.00..25185.44 rows=460978 width=4) (actual time=0.013..412.404 rows=459925 loops=1)
                    Filter: (info_type_id = 99)
                    Rows Removed by Filter: 920110
              ->  Hash  (cost=67604.59..67604.59 rows=1484458 width=4) (actual time=1463.121..1463.121 rows=1485030 loops=1)
                    Buckets: 131072  Batches: 32  Memory Usage: 2655kB
                    ->  Seq Scan on title t  (cost=0.00..67604.59 rows=1484458 width=4) (actual time=0.020..1002.807 rows=1485030 loops=1)
                          Filter: (production_year > 1998)
                          Rows Removed by Filter: 1043282
Planning time: 1.102 ms
Execution time: 5862.670 ms
