Seq Scan on movie_keyword mk  (cost=0.00..81003.12 rows=246 width=0) (actual time=0.092..1027.069 rows=1381 loops=1)
  Filter: (keyword_id = 829)
  Rows Removed by Filter: 4522549
Planning time: 0.217 ms
Execution time: 1027.548 ms
