Nested Loop  (cost=0.43..52284.21 rows=51 width=0) (actual time=43.894..675.623 rows=3 loops=1)
  ->  Seq Scan on movie_companies mc  (cost=0.00..51404.11 rows=104 width=4) (actual time=1.029..663.333 rows=589 loops=1)
        Filter: (company_id = 4616)
        Rows Removed by Filter: 2608540
  ->  Index Scan using title_pkey on title t  (cost=0.43..8.45 rows=1 width=4) (actual time=0.020..0.020 rows=0 loops=589)
        Index Cond: (id = mc.movie_id)
        Filter: ((production_year > 1973) AND (kind_id = 7))
        Rows Removed by Filter: 1
Planning time: 0.751 ms
Execution time: 675.717 ms
