Hash Join  (cost=75530.22..106654.96 rows=17980 width=0) (actual time=1232.388..1982.470 rows=41721 loops=1)
  Hash Cond: (mi_idx.movie_id = t.id)
  ->  Seq Scan on movie_info_idx mi_idx  (cost=0.00..25185.44 rows=464934 width=4) (actual time=0.024..478.560 rows=460185 loops=1)
        Filter: (info_type_id > 100)
        Rows Removed by Filter: 919850
  ->  Hash  (cost=73925.90..73925.90 rows=97785 width=4) (actual time=1231.519..1231.519 rows=199095 loops=1)
        Buckets: 131072 (originally 131072)  Batches: 4 (originally 2)  Memory Usage: 3073kB
        ->  Seq Scan on title t  (cost=0.00..73925.90 rows=97785 width=4) (actual time=0.013..1158.296 rows=199095 loops=1)
              Filter: ((kind_id < 7) AND (production_year < 1961))
              Rows Removed by Filter: 2329217
Planning time: 0.770 ms
Execution time: 1988.582 ms
