Hash Join  (cost=107058.56..497287.05 rows=1474214 width=0) (actual time=2286.910..7981.183 rows=1414186 loops=1)
  Hash Cond: (mi.movie_id = t.id)
  ->  Seq Scan on movie_info mi  (cost=0.00..346232.03 rows=1550064 width=4) (actual time=181.671..4491.825 rows=1533909 loops=1)
        Filter: (info_type_id = 3)
        Rows Removed by Filter: 13301811
  ->  Hash  (cost=67604.59..67604.59 rows=2404798 width=4) (actual time=2104.325..2104.325 rows=2396371 loops=1)
        Buckets: 131072  Batches: 32  Memory Usage: 3667kB
        ->  Seq Scan on title t  (cost=0.00..67604.59 rows=2404798 width=4) (actual time=0.029..1083.336 rows=2396371 loops=1)
              Filter: (production_year > 1914)
              Rows Removed by Filter: 131941
Planning time: 0.753 ms
Execution time: 8126.693 ms
