Hash Join  (cost=799385.30..826297.94 rows=216 width=0) (actual time=12291.336..12686.096 rows=39 loops=1)
  Hash Cond: (mi_idx.movie_id = t.id)
  ->  Seq Scan on movie_info_idx mi_idx  (cost=0.00..21735.35 rows=1380035 width=4) (actual time=0.022..230.649 rows=1380035 loops=1)
  ->  Hash  (cost=799380.35..799380.35 rows=396 width=8) (actual time=12195.099..12195.099 rows=113 loops=1)
        Buckets: 1024  Batches: 1  Memory Usage: 13kB
        ->  Nested Loop  (cost=0.43..799380.35 rows=396 width=8) (actual time=11339.712..12195.037 rows=113 loops=1)
              ->  Seq Scan on cast_info ci  (cost=0.00..796071.18 rows=396 width=4) (actual time=11339.512..12193.608 rows=113 loops=1)
                    Filter: ((role_id < 8) AND (person_id = 3040741))
                    Rows Removed by Filter: 36244231
              ->  Index Only Scan using title_pkey on title t  (cost=0.43..8.35 rows=1 width=4) (actual time=0.011..0.011 rows=1 loops=113)
                    Index Cond: (id = ci.movie_id)
                    Heap Fetches: 113
Planning time: 1.111 ms
Execution time: 12686.247 ms
