Hash Join  (cost=569601.48..1856631.47 rows=6906072 width=0) (actual time=13981.077..39937.432 rows=12070333 loops=1)
  Hash Cond: (ci.movie_id = t.id)
  ->  Seq Scan on cast_info ci  (cost=0.00..796071.18 rows=23522607 width=4) (actual time=2943.827..15193.155 rows=22920453 loops=1)
        Filter: ((person_id > 893965) AND (role_id < 10))
        Rows Removed by Filter: 13323891
  ->  Hash  (cost=557422.01..557422.01 rows=742358 width=8) (actual time=11035.259..11035.259 rows=687357 loops=1)
        Buckets: 131072  Batches: 16  Memory Usage: 2716kB
        ->  Hash Join  (cost=69694.50..557422.01 rows=742358 width=8) (actual time=863.689..10804.722 rows=687357 loops=1)
              Hash Cond: (mi.movie_id = t.id)
              ->  Seq Scan on movie_info mi  (cost=0.00..309384.22 rows=14739122 width=4) (actual time=0.029..4329.114 rows=14835720 loops=1)
              ->  Hash  (cost=67604.59..67604.59 rows=127353 width=4) (actual time=862.647..862.647 rows=128696 loops=1)
                    Buckets: 131072  Batches: 2  Memory Usage: 3290kB
                    ->  Seq Scan on title t  (cost=0.00..67604.59 rows=127353 width=4) (actual time=0.030..812.579 rows=128696 loops=1)
                          Filter: (production_year = 2009)
                          Rows Removed by Filter: 2399616
Planning time: 0.803 ms
Execution time: 41299.166 ms
