Hash Join  (cost=69484.36..416381.78 rows=813 width=0) (actual time=1513.944..5065.948 rows=10187 loops=1)
  Hash Cond: (mi.movie_id = t.id)
  ->  Seq Scan on movie_info mi  (cost=0.00..346232.03 rows=17937 width=4) (actual time=744.822..4301.906 rows=121863 loops=1)
        Filter: (info_type_id = 105)
        Rows Removed by Filter: 14713857
  ->  Hash  (cost=67604.59..67604.59 rows=114542 width=4) (actual time=696.385..696.385 rows=118234 loops=1)
        Buckets: 131072  Batches: 2  Memory Usage: 3107kB
        ->  Seq Scan on title t  (cost=0.00..67604.59 rows=114542 width=4) (actual time=0.040..659.654 rows=118234 loops=1)
              Filter: (kind_id = 4)
              Rows Removed by Filter: 2410078
Planning time: 0.702 ms
Execution time: 5067.505 ms
