Seq Scan on movie_keyword mk  (cost=0.00..81003.12 rows=839769 width=0) (actual time=0.018..1062.582 rows=844305 loops=1)
  Filter: (keyword_id > 21711)
  Rows Removed by Filter: 3679625
Planning time: 0.294 ms
Execution time: 1162.751 ms
