Hash Join  (cost=871824.42..898861.16 rows=12626 width=0) (actual time=10137.028..10742.888 rows=9513 loops=1)
  Hash Cond: (mi_idx.movie_id = t.id)
  ->  Seq Scan on movie_info_idx mi_idx  (cost=0.00..21735.35 rows=1380035 width=4) (actual time=0.026..281.792 rows=1380035 loops=1)
  ->  Hash  (cost=871535.24..871535.24 rows=23134 width=8) (actual time=10135.764..10135.764 rows=31253 loops=1)
        Buckets: 32768  Batches: 1  Memory Usage: 1477kB
        ->  Hash Join  (cost=71408.55..871535.24 rows=23134 width=8) (actual time=5516.202..10124.393 rows=31253 loops=1)
              Hash Cond: (ci.movie_id = t.id)
              ->  Seq Scan on cast_info ci  (cost=0.00..796071.18 rows=252312 width=4) (actual time=4539.955..8954.978 rows=354289 loops=1)
                    Filter: ((person_id > 3126319) AND (role_id = 8))
                    Rows Removed by Filter: 35890055
              ->  Hash  (cost=67604.59..67604.59 rows=231837 width=4) (actual time=975.432..975.432 rows=231649 loops=1)
                    Buckets: 131072  Batches: 4  Memory Usage: 3076kB
                    ->  Seq Scan on title t  (cost=0.00..67604.59 rows=231837 width=4) (actual time=0.037..897.799 rows=231649 loops=1)
                          Filter: (production_year > 2011)
                          Rows Removed by Filter: 2296663
Planning time: 1.168 ms
Execution time: 10744.771 ms
