Hash Join  (cost=73926.99..133930.45 rows=19 width=0) (actual time=841.042..1679.730 rows=83 loops=1)
  Hash Cond: (mc.movie_id = t.id)
  ->  Seq Scan on movie_companies mc  (cost=0.00..57926.93 rows=553688 width=4) (actual time=0.027..747.398 rows=762527 loops=1)
        Filter: ((company_id < 8061) AND (company_type_id < 2))
        Rows Removed by Filter: 1846602
  ->  Hash  (cost=73925.90..73925.90 rows=87 width=4) (actual time=838.642..838.642 rows=428 loops=1)
        Buckets: 1024  Batches: 1  Memory Usage: 24kB
        ->  Seq Scan on title t  (cost=0.00..73925.90 rows=87 width=4) (actual time=249.216..838.365 rows=428 loops=1)
              Filter: ((production_year > 2014) AND (kind_id = 1))
              Rows Removed by Filter: 2527884
Planning time: 0.736 ms
Execution time: 1679.833 ms
