Hash Join  (cost=102767.86..1109354.22 rows=8338165 width=0) (actual time=5016.377..17486.282 rows=3698199 loops=1)
  Hash Cond: (ci.movie_id = t.id)
  ->  Seq Scan on cast_info ci  (cost=0.00..796071.18 rows=8338165 width=4) (actual time=3324.628..11857.391 rows=3698199 loops=1)
        Filter: ((person_id > 1224294) AND (role_id = 1))
        Rows Removed by Filter: 32546145
  ->  Hash  (cost=61283.27..61283.27 rows=2528527 width=4) (actual time=1690.765..1690.765 rows=2528312 loops=1)
        Buckets: 131072  Batches: 64  Memory Usage: 2415kB
        ->  Seq Scan on title t  (cost=0.00..61283.27 rows=2528527 width=4) (actual time=0.030..831.159 rows=2528312 loops=1)
Planning time: 0.528 ms
Execution time: 17930.462 ms
