Hash Join  (cost=74369.53..101473.71 rows=19370 width=0) (actual time=1307.755..1702.728 rows=11868 loops=1)
  Hash Cond: (mi_idx.movie_id = t.id)
  ->  Seq Scan on movie_info_idx mi_idx  (cost=0.00..21735.35 rows=1380035 width=4) (actual time=0.025..214.240 rows=1380035 loops=1)
  ->  Hash  (cost=73925.90..73925.90 rows=35490 width=4) (actual time=1221.428..1221.428 rows=39698 loops=1)
        Buckets: 65536  Batches: 1  Memory Usage: 1908kB
        ->  Seq Scan on title t  (cost=0.00..73925.90 rows=35490 width=4) (actual time=0.030..1204.999 rows=39698 loops=1)
              Filter: ((kind_id > 6) AND (production_year = 2001))
              Rows Removed by Filter: 2488614
Planning time: 6.912 ms
Execution time: 1703.951 ms
