Hash Join  (cost=102767.86..188988.49 rows=765274 width=0) (actual time=1931.494..3790.783 rows=986956 loops=1)
  Hash Cond: (mc.movie_id = t.id)
  ->  Seq Scan on movie_companies mc  (cost=0.00..57926.93 rows=765274 width=4) (actual time=307.847..950.623 rows=986956 loops=1)
        Filter: ((company_id > 7548) AND (company_type_id = 2))
        Rows Removed by Filter: 1622173
  ->  Hash  (cost=61283.27..61283.27 rows=2528527 width=4) (actual time=1622.414..1622.414 rows=2528312 loops=1)
        Buckets: 131072  Batches: 64  Memory Usage: 2415kB
        ->  Seq Scan on title t  (cost=0.00..61283.27 rows=2528527 width=4) (actual time=0.049..780.108 rows=2528312 loops=1)
Planning time: 1.836 ms
Execution time: 3918.581 ms
