Hash Join  (cost=77561.16..447807.08 rows=372015 width=0) (actual time=2677.240..6166.983 rows=493818 loops=1)
  Hash Cond: (mi.movie_id = t.id)
  ->  Seq Scan on movie_info mi  (cost=0.00..346232.03 rows=1550064 width=4) (actual time=1656.571..4267.148 rows=1533909 loops=1)
        Filter: (info_type_id = 3)
        Rows Removed by Filter: 13301811
  ->  Hash  (cost=67604.59..67604.59 rows=606846 width=4) (actual time=1019.526..1019.526 rows=603411 loops=1)
        Buckets: 131072  Batches: 8  Memory Usage: 3675kB
        ->  Seq Scan on title t  (cost=0.00..67604.59 rows=606846 width=4) (actual time=0.044..834.829 rows=603411 loops=1)
              Filter: (production_year < 1986)
              Rows Removed by Filter: 1924901
Planning time: 0.766 ms
Execution time: 6217.645 ms
