Hash Join  (cost=101244.93..157492.76 rows=4553 width=0) (actual time=1515.475..2408.056 rows=4995 loops=1)
  Hash Cond: (mc.movie_id = t.id)
  ->  Seq Scan on movie_companies mc  (cost=0.00..51404.11 rows=1279517 width=4) (actual time=14.076..730.236 rows=1274246 loops=1)
        Filter: (company_type_id = 1)
        Rows Removed by Filter: 1334883
  ->  Hash  (cost=101132.45..101132.45 rows=8998 width=8) (actual time=1497.163..1497.163 rows=6552 loops=1)
        Buckets: 16384  Batches: 1  Memory Usage: 384kB
        ->  Hash Join  (cost=74131.99..101132.45 rows=8998 width=8) (actual time=1245.173..1494.889 rows=6552 loops=1)
              Hash Cond: (mi_idx.movie_id = t.id)
              ->  Seq Scan on movie_info_idx mi_idx  (cost=0.00..21735.35 rows=1380035 width=4) (actual time=0.012..253.827 rows=1380035 loops=1)
              ->  Hash  (cost=73925.90..73925.90 rows=16487 width=4) (actual time=925.032..925.032 rows=16247 loops=1)
                    Buckets: 32768  Batches: 1  Memory Usage: 828kB
                    ->  Seq Scan on title t  (cost=0.00..73925.90 rows=16487 width=4) (actual time=1.941..918.245 rows=16247 loops=1)
                          Filter: ((kind_id = 7) AND (production_year = 1993))
                          Rows Removed by Filter: 2512065
Planning time: 1.191 ms
Execution time: 2408.843 ms
