Hash Join  (cost=438310.99..1195160.67 rows=606048 width=0) (actual time=5564.357..21330.627 rows=677605 loops=1)
  Hash Cond: (ci.movie_id = t.id)
  ->  Seq Scan on cast_info ci  (cost=0.00..614943.12 rows=36225612 width=4) (actual time=0.014..6404.902 rows=36244344 loops=1)
  ->  Hash  (cost=437782.22..437782.22 rows=42302 width=8) (actual time=5563.929..5563.929 rows=33372 loops=1)
        Buckets: 65536  Batches: 1  Memory Usage: 1816kB
        ->  Hash Join  (cost=75227.65..437782.22 rows=42302 width=8) (actual time=1234.757..5550.087 rows=33372 loops=1)
              Hash Cond: (mi.movie_id = t.id)
              ->  Seq Scan on movie_info mi  (cost=0.00..346232.03 rows=1348138 width=4) (actual time=288.451..4075.172 rows=1298989 loops=1)
                    Filter: (info_type_id = 4)
                    Rows Removed by Filter: 13536731
              ->  Hash  (cost=73925.90..73925.90 rows=79340 width=4) (actual time=945.173..945.173 rows=92312 loops=1)
                    Buckets: 131072  Batches: 2  Memory Usage: 2654kB
                    ->  Seq Scan on title t  (cost=0.00..73925.90 rows=79340 width=4) (actual time=0.034..908.782 rows=92312 loops=1)
                          Filter: ((kind_id > 1) AND (production_year = 2006))
                          Rows Removed by Filter: 2436000
Planning time: 1.163 ms
Execution time: 21429.460 ms
