Hash Join  (cost=69484.36..1035933.97 rows=982096 width=0) (actual time=735.673..20876.529 rows=827003 loops=1)
  Hash Cond: (ci.movie_id = t.id)
  ->  Seq Scan on cast_info ci  (cost=0.00..705507.15 rows=21679866 width=4) (actual time=0.008..11842.386 rows=21772823 loops=1)
        Filter: (person_id > 1425236)
        Rows Removed by Filter: 14471521
  ->  Hash  (cost=67604.59..67604.59 rows=114542 width=4) (actual time=734.859..734.859 rows=118234 loops=1)
        Buckets: 131072  Batches: 2  Memory Usage: 3101kB
        ->  Seq Scan on title t  (cost=0.00..67604.59 rows=114542 width=4) (actual time=0.018..701.940 rows=118234 loops=1)
              Filter: (kind_id = 4)
              Rows Removed by Filter: 2410078
Planning time: 0.743 ms
Execution time: 20989.339 ms
