Hash Join  (cost=83074.74..109989.30 rows=45 width=0) (actual time=1116.410..1489.564 rows=988 loops=1)
  Hash Cond: (mi_idx.movie_id = t.id)
  ->  Seq Scan on movie_info_idx mi_idx  (cost=0.00..25185.44 rows=460978 width=4) (actual time=0.023..314.258 rows=459925 loops=1)
        Filter: (info_type_id < 100)
        Rows Removed by Filter: 920110
  ->  Hash  (cost=83071.67..83071.67 rows=246 width=8) (actual time=1113.233..1113.233 rows=1519 loops=1)
        Buckets: 2048 (originally 1024)  Batches: 1 (originally 1)  Memory Usage: 76kB
        ->  Nested Loop  (cost=0.43..83071.67 rows=246 width=8) (actual time=0.105..1112.228 rows=1519 loops=1)
              ->  Seq Scan on movie_keyword mk  (cost=0.00..81003.12 rows=246 width=4) (actual time=0.047..1069.070 rows=1519 loops=1)
                    Filter: (keyword_id = 341)
                    Rows Removed by Filter: 4522411
              ->  Index Only Scan using title_pkey on title t  (cost=0.43..8.40 rows=1 width=4) (actual time=0.027..0.027 rows=1 loops=1519)
                    Index Cond: (id = mk.movie_id)
                    Heap Fetches: 1519
Planning time: 1.157 ms
Execution time: 1489.856 ms
