Hash Join  (cost=101473.61..483498.53 rows=25671 width=0) (actual time=1388.213..7813.049 rows=46682 loops=1)
  Hash Cond: (mi.movie_id = t.id)
  ->  Seq Scan on movie_info mi  (cost=0.00..346232.03 rows=9476311 width=4) (actual time=0.025..4847.447 rows=9565151 loops=1)
        Filter: (info_type_id < 16)
        Rows Removed by Filter: 5270569
  ->  Hash  (cost=101387.99..101387.99 rows=6850 width=8) (actual time=1387.657..1387.657 rows=6753 loops=1)
        Buckets: 8192  Batches: 1  Memory Usage: 328kB
        ->  Hash Join  (cost=74391.93..101387.99 rows=6850 width=8) (actual time=976.225..1385.226 rows=6753 loops=1)
              Hash Cond: (mi_idx.movie_id = t.id)
              ->  Seq Scan on movie_info_idx mi_idx  (cost=0.00..25185.44 rows=464566 width=4) (actual time=0.028..299.423 rows=459925 loops=1)
                    Filter: (info_type_id = 101)
                    Rows Removed by Filter: 920110
              ->  Hash  (cost=73925.90..73925.90 rows=37282 width=4) (actual time=975.452..975.452 rows=42986 loops=1)
                    Buckets: 65536  Batches: 1  Memory Usage: 2024kB
                    ->  Seq Scan on title t  (cost=0.00..73925.90 rows=37282 width=4) (actual time=0.017..957.068 rows=42986 loops=1)
                          Filter: ((kind_id > 1) AND (production_year = 1999))
                          Rows Removed by Filter: 2485326
Planning time: 1.243 ms
Execution time: 7820.863 ms
