Hash Join  (cost=143052.80..895853.15 rows=201119 width=0) (actual time=975.819..17362.345 rows=714073 loops=1)
  Hash Cond: (ci.movie_id = t.id)
  ->  Seq Scan on cast_info ci  (cost=0.00..614943.12 rows=36225612 width=4) (actual time=0.007..6854.103 rows=36244344 loops=1)
  ->  Hash  (cost=142877.32..142877.32 rows=14038 width=8) (actual time=975.692..975.692 rows=26180 loops=1)
        Buckets: 32768 (originally 16384)  Batches: 1 (originally 1)  Memory Usage: 1279kB
        ->  Nested Loop  (cost=0.43..142877.32 rows=14038 width=8) (actual time=204.053..964.048 rows=26180 loops=1)
              ->  Seq Scan on movie_companies mc  (cost=0.00..57926.93 rows=14038 width=4) (actual time=203.954..726.008 rows=26180 loops=1)
                    Filter: ((company_id > 210980) AND (company_type_id = 2))
                    Rows Removed by Filter: 2582949
              ->  Index Only Scan using title_pkey on title t  (cost=0.43..6.04 rows=1 width=4) (actual time=0.008..0.009 rows=1 loops=26180)
                    Index Cond: (id = mc.movie_id)
                    Heap Fetches: 26180
Planning time: 1.264 ms
Execution time: 17468.687 ms
