Hash Join  (cost=102767.86..1346887.80 rows=21973341 width=0) (actual time=1616.044..34652.672 rows=22046320 loops=1)
  Hash Cond: (ci.movie_id = t.id)
  ->  Seq Scan on cast_info ci  (cost=0.00..705507.15 rows=21973341 width=4) (actual time=0.025..12046.942 rows=22046320 loops=1)
        Filter: (person_id > 1397979)
        Rows Removed by Filter: 14198024
  ->  Hash  (cost=61283.27..61283.27 rows=2528527 width=4) (actual time=1614.085..1614.085 rows=2528312 loops=1)
        Buckets: 131072  Batches: 64  Memory Usage: 2415kB
        ->  Seq Scan on title t  (cost=0.00..61283.27 rows=2528527 width=4) (actual time=0.022..743.872 rows=2528312 loops=1)
Planning time: 0.824 ms
Execution time: 37294.906 ms
