Nested Loop  (cost=0.43..798787.41 rows=324 width=0) (actual time=2061.378..11291.002 rows=1762 loops=1)
  ->  Seq Scan on cast_info ci  (cost=0.00..796071.18 rows=324 width=4) (actual time=2061.236..11275.467 rows=1762 loops=1)
        Filter: ((role_id > 1) AND (person_id = 930990))
        Rows Removed by Filter: 36242582
  ->  Index Only Scan using title_pkey on title t  (cost=0.43..8.37 rows=1 width=4) (actual time=0.008..0.008 rows=1 loops=1762)
        Index Cond: (id = ci.movie_id)
        Heap Fetches: 1762
Planning time: 0.533 ms
Execution time: 11291.359 ms
