Seq Scan on cast_info ci  (cost=0.00..705507.15 rows=22846445 width=0) (actual time=0.028..9931.662 rows=22900268 loops=1)
  Filter: (person_id > 1315871)
  Rows Removed by Filter: 13344076
Planning time: 0.292 ms
Execution time: 12624.075 ms
