Hash Join  (cost=78204.40..441481.49 rows=131227 width=0) (actual time=3163.663..5926.932 rows=388546 loops=1)
  Hash Cond: (mi.movie_id = t.id)
  ->  Seq Scan on movie_info mi  (cost=0.00..346232.03 rows=1272478 width=4) (actual time=2131.751..4046.661 rows=1325361 loops=1)
        Filter: (info_type_id = 8)
        Rows Removed by Filter: 13510359
  ->  Hash  (cost=73925.90..73925.90 rows=260760 width=4) (actual time=1031.099..1031.099 rows=373942 loops=1)
        Buckets: 131072 (originally 131072)  Batches: 8 (originally 4)  Memory Usage: 3073kB
        ->  Seq Scan on title t  (cost=0.00..73925.90 rows=260760 width=4) (actual time=0.017..904.394 rows=373942 loops=1)
              Filter: ((kind_id < 7) AND (production_year < 1989))
              Rows Removed by Filter: 2154370
Planning time: 0.821 ms
Execution time: 5978.061 ms
