Hash Join  (cost=510035.48..1496291.68 rows=5591910 width=0) (actual time=7905.979..29056.080 rows=5963938 loops=1)
  Hash Cond: (ci.movie_id = t.id)
  ->  Seq Scan on cast_info ci  (cost=0.00..796071.18 rows=11185046 width=4) (actual time=0.011..14060.647 rows=9601014 loops=1)
        Filter: ((person_id > 410046) AND (role_id = 1))
        Rows Removed by Filter: 26643330
  ->  Hash  (cost=489295.91..489295.91 rows=1264125 width=8) (actual time=7904.951..7904.951 rows=1288928 loops=1)
        Buckets: 131072  Batches: 32  Memory Usage: 2584kB
        ->  Hash Join  (cost=102767.86..489295.91 rows=1264125 width=8) (actual time=2891.823..7520.997 rows=1288928 loops=1)
              Hash Cond: (mi.movie_id = t.id)
              ->  Seq Scan on movie_info mi  (cost=0.00..346232.03 rows=1264125 width=4) (actual time=1222.339..4397.984 rows=1288928 loops=1)
                    Filter: (info_type_id = 2)
                    Rows Removed by Filter: 13546792
              ->  Hash  (cost=61283.27..61283.27 rows=2528527 width=4) (actual time=1668.174..1668.174 rows=2528312 loops=1)
                    Buckets: 131072  Batches: 64  Memory Usage: 2425kB
                    ->  Seq Scan on title t  (cost=0.00..61283.27 rows=2528527 width=4) (actual time=0.429..804.150 rows=2528312 loops=1)
Planning time: 0.824 ms
Execution time: 29718.466 ms
