Hash Join  (cost=139484.56..226283.76 rows=14116 width=0) (actual time=1928.444..3569.198 rows=167235 loops=1)
  Hash Cond: (mk.movie_id = t.id)
  ->  Seq Scan on movie_keyword mk  (cost=0.00..69693.30 rows=4523930 width=4) (actual time=0.020..746.725 rows=4523930 loops=1)
  ->  Hash  (cost=139385.93..139385.93 rows=7890 width=8) (actual time=1928.330..1928.330 rows=18777 loops=1)
        Buckets: 32768 (originally 8192)  Batches: 1 (originally 1)  Memory Usage: 990kB
        ->  Hash Join  (cost=83810.17..139385.93 rows=7890 width=8) (actual time=1303.487..1921.921 rows=18777 loops=1)
              Hash Cond: (mc.movie_id = t.id)
              ->  Seq Scan on movie_companies mc  (cost=0.00..51404.11 rows=20199 width=4) (actual time=187.039..649.575 rows=18777 loops=1)
                    Filter: (company_id > 217405)
                    Rows Removed by Filter: 2590352
              ->  Hash  (cost=67604.59..67604.59 rows=987727 width=4) (actual time=1115.619..1115.619 rows=985048 loops=1)
                    Buckets: 131072  Batches: 16  Memory Usage: 3188kB
                    ->  Seq Scan on title t  (cost=0.00..67604.59 rows=987727 width=4) (actual time=0.026..827.643 rows=985048 loops=1)
                          Filter: (kind_id < 7)
                          Rows Removed by Filter: 1543264
Planning time: 1.288 ms
Execution time: 3589.823 ms
