Hash Join  (cost=85280.32..216634.21 rows=1242455 width=0) (actual time=1297.663..4525.965 rows=1644665 loops=1)
  Hash Cond: (mk.movie_id = t.id)
  ->  Seq Scan on movie_keyword mk  (cost=0.00..81003.12 rows=2916056 width=4) (actual time=0.014..1471.207 rows=2903582 loops=1)
        Filter: (keyword_id < 9294)
        Rows Removed by Filter: 1620348
  ->  Hash  (cost=67604.59..67604.59 rows=1077339 width=4) (actual time=1295.937..1295.937 rows=1074765 loops=1)
        Buckets: 131072  Batches: 16  Memory Usage: 3396kB
        ->  Seq Scan on title t  (cost=0.00..67604.59 rows=1077339 width=4) (actual time=0.012..948.223 rows=1074765 loops=1)
              Filter: (production_year < 2001)
              Rows Removed by Filter: 1453547
Planning time: 0.713 ms
Execution time: 4700.470 ms
