Hash Join  (cost=217858.32..351237.36 rows=1474949 width=0) (actual time=4632.742..8790.680 rows=5275660 loops=1)
  Hash Cond: (mk.movie_id = t.id)
  ->  Seq Scan on movie_keyword mk  (cost=0.00..81003.12 rows=2804914 width=4) (actual time=0.026..1362.322 rows=2800328 loops=1)
        Filter: (keyword_id > 2776)
        Rows Removed by Filter: 1723602
  ->  Hash  (cost=196044.17..196044.17 rows=1329612 width=8) (actual time=4628.821..4628.821 rows=1334883 loops=1)
        Buckets: 131072  Batches: 32  Memory Usage: 2660kB
        ->  Hash Join  (cost=102767.86..196044.17 rows=1329612 width=8) (actual time=1718.164..4195.378 rows=1334883 loops=1)
              Hash Cond: (mc.movie_id = t.id)
              ->  Seq Scan on movie_companies mc  (cost=0.00..51404.11 rows=1329612 width=4) (actual time=0.019..863.097 rows=1334883 loops=1)
                    Filter: (company_type_id = 2)
                    Rows Removed by Filter: 1274246
              ->  Hash  (cost=61283.27..61283.27 rows=2528527 width=4) (actual time=1716.851..1716.851 rows=2528312 loops=1)
                    Buckets: 131072  Batches: 64  Memory Usage: 2415kB
                    ->  Seq Scan on title t  (cost=0.00..61283.27 rows=2528527 width=4) (actual time=0.023..857.944 rows=2528312 loops=1)
Planning time: 1.126 ms
Execution time: 9432.277 ms
