Hash Join  (cost=82108.53..214981.91 rows=892234 width=0) (actual time=1510.231..4980.405 rows=1678015 loops=1)
  Hash Cond: (mk.movie_id = t.id)
  ->  Seq Scan on movie_keyword mk  (cost=0.00..69693.30 rows=4523930 width=4) (actual time=0.015..1408.182 rows=4523930 loops=1)
  ->  Hash  (cost=73925.90..73925.90 rows=498690 width=4) (actual time=1306.511..1306.511 rows=369177 loops=1)
        Buckets: 131072  Batches: 8  Memory Usage: 2661kB
        ->  Seq Scan on title t  (cost=0.00..73925.90 rows=498690 width=4) (actual time=0.011..1187.674 rows=369177 loops=1)
              Filter: ((production_year > 1983) AND (kind_id = 1))
              Rows Removed by Filter: 2159135
Planning time: 1.781 ms
Execution time: 5175.025 ms
