Seq Scan on cast_info ci  (cost=0.00..796071.18 rows=12362579 width=0) (actual time=0.016..11423.941 rows=6281962 loops=1)
  Filter: ((person_id < 1890097) AND (role_id > 1))
  Rows Removed by Filter: 29962382
Planning time: 0.323 ms
Execution time: 12215.830 ms
