Seq Scan on movie_companies mc  (cost=0.00..57926.93 rows=1055598 width=0) (actual time=448.331..947.181 rows=932059 loops=1)
  Filter: ((company_id > 376) AND (company_type_id < 2))
  Rows Removed by Filter: 1677070
Planning time: 0.314 ms
Execution time: 1069.472 ms
