Hash Join  (cost=709678.15..796345.14 rows=895 width=0) (actual time=9941.141..10505.269 rows=159 loops=1)
  Hash Cond: (mk.movie_id = t.id)
  ->  Seq Scan on movie_keyword mk  (cost=0.00..69693.30 rows=4523930 width=4) (actual time=0.026..793.840 rows=4523930 loops=1)
  ->  Hash  (cost=709671.90..709671.90 rows=500 width=8) (actual time=8895.007..8895.007 rows=231 loops=1)
        Buckets: 1024  Batches: 1  Memory Usage: 18kB
        ->  Nested Loop  (cost=0.43..709671.90 rows=500 width=8) (actual time=2534.789..8894.831 rows=231 loops=1)
              ->  Seq Scan on cast_info ci  (cost=0.00..705507.15 rows=500 width=4) (actual time=2534.590..8891.133 rows=231 loops=1)
                    Filter: (person_id = 396526)
                    Rows Removed by Filter: 36244113
              ->  Index Only Scan using title_pkey on title t  (cost=0.43..8.32 rows=1 width=4) (actual time=0.014..0.015 rows=1 loops=231)
                    Index Cond: (id = ci.movie_id)
                    Heap Fetches: 231
Planning time: 1.107 ms
Execution time: 10505.387 ms
