Hash Join  (cost=74024.09..894597.25 rows=20131 width=0) (actual time=7102.009..14111.035 rows=28631 loops=1)
  Hash Cond: (ci.movie_id = t.id)
  ->  Seq Scan on cast_info ci  (cost=0.00..796071.18 rows=6480177 width=4) (actual time=6215.762..11754.315 rows=8710320 loops=1)
        Filter: ((person_id > 1666963) AND (role_id > 3))
        Rows Removed by Filter: 27534024
  ->  Hash  (cost=73925.90..73925.90 rows=7855 width=4) (actual time=885.995..885.995 rows=5336 loops=1)
        Buckets: 8192  Batches: 1  Memory Usage: 252kB
        ->  Seq Scan on title t  (cost=0.00..73925.90 rows=7855 width=4) (actual time=255.673..883.471 rows=5336 loops=1)
              Filter: ((kind_id = 1) AND (production_year = 1994))
              Rows Removed by Filter: 2522976
Planning time: 0.812 ms
Execution time: 14116.935 ms
