Seq Scan on movie_companies mc  (cost=0.00..51404.11 rows=104 width=0) (actual time=33.308..625.428 rows=19 loops=1)
  Filter: (company_id = 19480)
  Rows Removed by Filter: 2609110
Planning time: 0.336 ms
Execution time: 625.512 ms
