Hash Join  (cost=220271.80..766372.36 rows=3623946 width=0) (actual time=3856.350..23811.854 rows=35588911 loops=1)
  Hash Cond: (mi.movie_id = t.id)
  ->  Seq Scan on movie_info mi  (cost=0.00..346232.03 rows=13929354 width=4) (actual time=0.014..5476.137 rows=14033580 loops=1)
        Filter: (info_type_id > 1)
        Rows Removed by Filter: 802140
  ->  Hash  (cost=209478.83..209478.83 rows=657837 width=8) (actual time=3855.401..3855.401 rows=665694 loops=1)
        Buckets: 131072  Batches: 16  Memory Usage: 2762kB
        ->  Hash Join  (cost=102767.86..209478.83 rows=657837 width=8) (actual time=1779.081..3662.824 rows=665694 loops=1)
              Hash Cond: (mk.movie_id = t.id)
              ->  Seq Scan on movie_keyword mk  (cost=0.00..81003.12 rows=657837 width=4) (actual time=0.023..1003.134 rows=665694 loops=1)
                    Filter: (keyword_id > 28186)
                    Rows Removed by Filter: 3858236
              ->  Hash  (cost=61283.27..61283.27 rows=2528527 width=4) (actual time=1777.918..1777.918 rows=2528312 loops=1)
                    Buckets: 131072  Batches: 64  Memory Usage: 2425kB
                    ->  Seq Scan on title t  (cost=0.00..61283.27 rows=2528527 width=4) (actual time=0.014..909.339 rows=2528312 loops=1)
Planning time: 1.173 ms
Execution time: 27689.053 ms
