Hash Join  (cost=81720.25..156383.63 rows=452422 width=0) (actual time=1187.842..3072.506 rows=851179 loops=1)
  Hash Cond: (mc.movie_id = t.id)
  ->  Seq Scan on movie_companies mc  (cost=0.00..51404.11 rows=1329612 width=4) (actual time=0.027..765.597 rows=1334883 loops=1)
        Filter: (company_type_id > 1)
        Rows Removed by Filter: 1274246
  ->  Hash  (cost=67604.59..67604.59 rows=860373 width=4) (actual time=1186.796..1186.796 rows=854214 loops=1)
        Buckets: 131072  Batches: 16  Memory Usage: 2897kB
        ->  Seq Scan on title t  (cost=0.00..67604.59 rows=860373 width=4) (actual time=0.043..924.171 rows=854214 loops=1)
              Filter: (kind_id < 4)
              Rows Removed by Filter: 1674098
Planning time: 2.893 ms
Execution time: 3182.507 ms
