Hash Join  (cost=181897.37..575065.05 rows=866693 width=0) (actual time=4279.267..10719.543 rows=440738 loops=1)
  Hash Cond: (mi.movie_id = t.id)
  ->  Seq Scan on movie_info mi  (cost=0.00..346232.03 rows=3068194 width=4) (actual time=277.050..5229.779 rows=3036719 loops=1)
        Filter: (info_type_id = 16)
        Rows Removed by Filter: 11799001
  ->  Hash  (cost=170178.24..170178.24 rows=714250 width=8) (actual time=4000.886..4000.886 rows=372564 loops=1)
        Buckets: 131072  Batches: 16  Memory Usage: 1931kB
        ->  Hash Join  (cost=85282.22..170178.24 rows=714250 width=8) (actual time=1677.117..3883.139 rows=372564 loops=1)
              Hash Cond: (mc.movie_id = t.id)
              ->  Seq Scan on movie_companies mc  (cost=0.00..44881.29 rows=2609129 width=4) (actual time=0.027..817.395 rows=2609129 loops=1)
              ->  Hash  (cost=73925.90..73925.90 rows=692185 width=4) (actual time=1466.943..1466.943 rows=596495 loops=1)
                    Buckets: 131072  Batches: 16  Memory Usage: 2332kB
                    ->  Seq Scan on title t  (cost=0.00..73925.90 rows=692185 width=4) (actual time=281.011..1272.381 rows=596495 loops=1)
                          Filter: ((production_year < 2002) AND (kind_id = 7))
                          Rows Removed by Filter: 1931817
Planning time: 0.869 ms
Execution time: 10769.531 ms
