Hash Join  (cost=95770.31..893135.77 rows=3667 width=0) (actual time=6741.627..11841.750 rows=8640 loops=1)
  Hash Cond: (ci.movie_id = t.id)
  ->  Seq Scan on cast_info ci  (cost=0.00..796071.18 rows=335362 width=4) (actual time=5471.277..10505.063 rows=277119 loops=1)
        Filter: ((person_id < 1643042) AND (role_id = 6))
        Rows Removed by Filter: 35967225
  ->  Hash  (cost=95424.73..95424.73 rows=27647 width=8) (actual time=1269.886..1269.886 rows=31421 loops=1)
        Buckets: 32768  Batches: 1  Memory Usage: 1484kB
        ->  Hash Join  (cost=68237.77..95424.73 rows=27647 width=8) (actual time=706.731..1259.694 rows=31421 loops=1)
              Hash Cond: (mi_idx.movie_id = t.id)
              ->  Seq Scan on movie_info_idx mi_idx  (cost=0.00..21735.35 rows=1380035 width=4) (actual time=0.014..218.764 rows=1380035 loops=1)
              ->  Hash  (cost=67604.59..67604.59 rows=50655 width=4) (actual time=706.368..706.368 rows=50564 loops=1)
                    Buckets: 65536  Batches: 1  Memory Usage: 2290kB
                    ->  Seq Scan on title t  (cost=0.00..67604.59 rows=50655 width=4) (actual time=0.084..687.623 rows=50564 loops=1)
                          Filter: (production_year = 1999)
                          Rows Removed by Filter: 2477748
Planning time: 1.180 ms
Execution time: 11843.355 ms
