Nested Loop  (cost=0.43..709673.15 rows=170 width=0) (actual time=3235.837..8593.288 rows=15 loops=1)
  ->  Seq Scan on cast_info ci  (cost=0.00..705507.15 rows=500 width=4) (actual time=3235.670..8592.602 rows=20 loops=1)
        Filter: (person_id = 2663961)
        Rows Removed by Filter: 36244324
  ->  Index Scan using title_pkey on title t  (cost=0.43..8.32 rows=1 width=4) (actual time=0.029..0.029 rows=1 loops=20)
        Index Cond: (id = ci.movie_id)
        Filter: (kind_id < 4)
        Rows Removed by Filter: 0
Planning time: 0.816 ms
Execution time: 8593.427 ms
