Hash Join  (cost=232198.02..396561.77 rows=3012880 width=0) (actual time=4793.133..13308.169 rows=22105238 loops=1)
  Hash Cond: (mk.movie_id = t.id)
  ->  Seq Scan on movie_keyword mk  (cost=0.00..69693.30 rows=4523930 width=4) (actual time=0.024..1119.129 rows=4523930 loops=1)
  ->  Hash  (cost=204570.43..204570.43 rows=1683967 width=8) (actual time=4792.000..4792.000 rows=1683949 loops=1)
        Buckets: 131072  Batches: 32  Memory Usage: 3132kB
        ->  Hash Join  (cost=102767.86..204570.43 rows=1683967 width=8) (actual time=1698.183..4321.633 rows=1683949 loops=1)
              Hash Cond: (mc.movie_id = t.id)
              ->  Seq Scan on movie_companies mc  (cost=0.00..51404.11 rows=1683967 width=4) (actual time=0.027..909.251 rows=1683949 loops=1)
                    Filter: (company_id > 3232)
                    Rows Removed by Filter: 925180
              ->  Hash  (cost=61283.27..61283.27 rows=2528527 width=4) (actual time=1696.754..1696.754 rows=2528312 loops=1)
                    Buckets: 131072  Batches: 64  Memory Usage: 2415kB
                    ->  Seq Scan on title t  (cost=0.00..61283.27 rows=2528527 width=4) (actual time=0.024..837.760 rows=2528312 loops=1)
Planning time: 2.191 ms
Execution time: 15921.031 ms
