Seq Scan on movie_keyword mk  (cost=0.00..81003.12 rows=3041488 width=0) (actual time=0.026..1160.228 rows=3028550 loops=1)
  Filter: (keyword_id < 10863)
  Rows Removed by Filter: 1495380
Planning time: 0.293 ms
Execution time: 1517.191 ms
