Hash Join  (cost=276310.30..694619.67 rows=2478537 width=0) (actual time=8430.596..15353.856 rows=15538476 loops=1)
  Hash Cond: (mi.movie_id = t.id)
  ->  Seq Scan on movie_info mi  (cost=0.00..346232.03 rows=3068194 width=4) (actual time=2722.653..4281.796 rows=3036719 loops=1)
        Filter: (info_type_id = 16)
        Rows Removed by Filter: 11799001
  ->  Hash  (cost=242798.99..242798.99 rows=2042585 width=8) (actual time=5706.562..5706.562 rows=2046795 loops=1)
        Buckets: 131072  Batches: 32  Memory Usage: 3589kB
        ->  Hash Join  (cost=102767.86..242798.99 rows=2042585 width=8) (actual time=1684.578..5063.613 rows=2046795 loops=1)
              Hash Cond: (mk.movie_id = t.id)
              ->  Seq Scan on movie_keyword mk  (cost=0.00..81003.12 rows=2042585 width=4) (actual time=0.031..1343.878 rows=2046795 loops=1)
                    Filter: (keyword_id < 3658)
                    Rows Removed by Filter: 2477135
              ->  Hash  (cost=61283.27..61283.27 rows=2528527 width=4) (actual time=1682.741..1682.741 rows=2528312 loops=1)
                    Buckets: 131072  Batches: 64  Memory Usage: 2425kB
                    ->  Seq Scan on title t  (cost=0.00..61283.27 rows=2528527 width=4) (actual time=0.018..801.055 rows=2528312 loops=1)
Planning time: 1.126 ms
Execution time: 17197.407 ms
