Hash Join  (cost=78556.72..142396.52 rows=61429 width=0) (actual time=1377.777..1809.397 rows=13194 loops=1)
  Hash Cond: (mc.movie_id = t.id)
  ->  Seq Scan on movie_companies mc  (cost=0.00..57926.93 rows=232685 width=4) (actual time=229.134..652.873 rows=109893 loops=1)
        Filter: ((company_id < 376) AND (company_type_id > 1))
        Rows Removed by Filter: 2499236
  ->  Hash  (cost=67604.59..67604.59 rows=667531 width=4) (actual time=995.291..995.291 rows=662825 loops=1)
        Buckets: 131072  Batches: 16  Memory Usage: 2476kB
        ->  Seq Scan on title t  (cost=0.00..67604.59 rows=667531 width=4) (actual time=0.042..795.098 rows=662825 loops=1)
              Filter: (kind_id = 1)
              Rows Removed by Filter: 1865487
Planning time: 0.727 ms
Execution time: 1811.160 ms
