Nested Loop  (cost=44377.22..156087.85 rows=8 width=0) (actual time=1763.574..2347.524 rows=196 loops=1)
  ->  Hash Join  (cost=44376.79..133497.08 rows=38102 width=8) (actual time=825.195..2143.635 rows=26584 loops=1)
        Hash Cond: (mk.movie_id = mi_idx.movie_id)
        ->  Seq Scan on movie_keyword mk  (cost=0.00..81003.12 rows=12818 width=4) (actual time=0.018..1058.972 rows=12645 loops=1)
              Filter: (keyword_id = 245)
              Rows Removed by Filter: 4511285
        ->  Hash  (cost=21735.35..21735.35 rows=1380035 width=4) (actual time=823.866..823.866 rows=1380035 loops=1)
              Buckets: 131072  Batches: 32  Memory Usage: 2556kB
              ->  Seq Scan on movie_info_idx mi_idx  (cost=0.00..21735.35 rows=1380035 width=4) (actual time=0.013..392.919 rows=1380035 loops=1)
  ->  Index Scan using title_pkey on title t  (cost=0.43..0.58 rows=1 width=4) (actual time=0.007..0.007 rows=0 loops=26584)
        Index Cond: (id = mi_idx.movie_id)
        Filter: ((kind_id < 7) AND (production_year = 1979))
        Rows Removed by Filter: 1
Planning time: 0.837 ms
Execution time: 2347.709 ms
