Seq Scan on cast_info ci  (cost=0.00..796071.18 rows=20754200 width=0) (actual time=2022.093..14427.153 rows=19907952 loops=1)
  Filter: ((person_id > 782394) AND (role_id < 5))
  Rows Removed by Filter: 16336392
Planning time: 0.355 ms
Execution time: 16940.496 ms
