Hash Join  (cost=102767.86..974990.49 rows=2754182 width=0) (actual time=9474.504..16187.602 rows=3223630 loops=1)
  Hash Cond: (ci.movie_id = t.id)
  ->  Seq Scan on cast_info ci  (cost=0.00..796071.18 rows=2754182 width=4) (actual time=7281.342..10540.924 rows=3223630 loops=1)
        Filter: ((person_id > 2285099) AND (role_id = 2))
        Rows Removed by Filter: 33020714
  ->  Hash  (cost=61283.27..61283.27 rows=2528527 width=4) (actual time=2192.042..2192.042 rows=2528312 loops=1)
        Buckets: 131072  Batches: 64  Memory Usage: 2415kB
        ->  Seq Scan on title t  (cost=0.00..61283.27 rows=2528527 width=4) (actual time=0.032..879.008 rows=2528312 loops=1)
Planning time: 0.719 ms
Execution time: 16575.444 ms
