Hash Join  (cost=156649.15..960605.25 rows=83237 width=0) (actual time=5650.140..12574.526 rows=361107 loops=1)
  Hash Cond: (ci.movie_id = t.id)
  ->  Seq Scan on cast_info ci  (cost=0.00..796071.18 rows=452681 width=4) (actual time=2721.437..9096.548 rows=726821 loops=1)
        Filter: ((person_id > 3922419) AND (role_id > 1))
        Rows Removed by Filter: 35517523
  ->  Hash  (cost=149020.47..149020.47 rows=464934 width=8) (actual time=2927.680..2927.680 rows=460185 loops=1)
        Buckets: 131072  Batches: 8  Memory Usage: 3276kB
        ->  Hash Join  (cost=102767.86..149020.47 rows=464934 width=8) (actual time=1660.749..2802.831 rows=460185 loops=1)
              Hash Cond: (mi_idx.movie_id = t.id)
              ->  Seq Scan on movie_info_idx mi_idx  (cost=0.00..25185.44 rows=464934 width=4) (actual time=0.032..390.072 rows=460185 loops=1)
                    Filter: (info_type_id > 100)
                    Rows Removed by Filter: 919850
              ->  Hash  (cost=61283.27..61283.27 rows=2528527 width=4) (actual time=1659.858..1659.858 rows=2528312 loops=1)
                    Buckets: 131072  Batches: 64  Memory Usage: 2415kB
                    ->  Seq Scan on title t  (cost=0.00..61283.27 rows=2528527 width=4) (actual time=0.012..819.341 rows=2528312 loops=1)
Planning time: 1.210 ms
Execution time: 12622.462 ms
