Hash Join  (cost=164429.70..551822.11 rows=139742 width=0) (actual time=3355.348..7843.683 rows=1006300 loops=1)
  Hash Cond: (mi.movie_id = t.id)
  ->  Seq Scan on movie_info mi  (cost=0.00..346232.03 rows=3068194 width=4) (actual time=738.485..4022.317 rows=3036719 loops=1)
        Filter: (info_type_id = 16)
        Rows Removed by Filter: 11799001
  ->  Hash  (cost=162540.16..162540.16 rows=115163 width=8) (actual time=2615.997..2615.997 rows=76720 loops=1)
        Buckets: 131072  Batches: 2  Memory Usage: 2482kB
        ->  Hash Join  (cost=74730.49..162540.16 rows=115163 width=8) (actual time=886.330..2587.546 rows=76720 loops=1)
              Hash Cond: (mk.movie_id = t.id)
              ->  Seq Scan on movie_keyword mk  (cost=0.00..69693.30 rows=4523930 width=4) (actual time=0.027..787.896 rows=4523930 loops=1)
              ->  Hash  (cost=73925.90..73925.90 rows=64367 width=4) (actual time=885.915..885.915 rows=53905 loops=1)
                    Buckets: 65536  Batches: 1  Memory Usage: 2408kB
                    ->  Seq Scan on title t  (cost=0.00..73925.90 rows=64367 width=4) (actual time=0.094..865.210 rows=53905 loops=1)
                          Filter: ((kind_id < 7) AND (production_year = 2012))
                          Rows Removed by Filter: 2474407
Planning time: 1.201 ms
Execution time: 7963.944 ms
