Hash Join  (cost=167438.49..923720.40 rows=549276 width=0) (actual time=2765.281..18048.162 rows=257920 loops=1)
  Hash Cond: (ci.movie_id = t.id)
  ->  Seq Scan on cast_info ci  (cost=0.00..614943.12 rows=36225612 width=4) (actual time=0.012..6733.077 rows=36244344 loops=1)
  ->  Hash  (cost=166959.26..166959.26 rows=38339 width=8) (actual time=2763.662..2763.662 rows=30565 loops=1)
        Buckets: 65536  Batches: 1  Memory Usage: 1706kB
        ->  Hash Join  (cost=74330.09..166959.26 rows=38339 width=8) (actual time=1073.904..2753.905 rows=30565 loops=1)
              Hash Cond: (mk.movie_id = t.id)
              ->  Seq Scan on movie_keyword mk  (cost=0.00..81003.12 rows=2998040 width=4) (actual time=0.027..1301.083 rows=2982013 loops=1)
                    Filter: (keyword_id < 10282)
                    Rows Removed by Filter: 1541917
              ->  Hash  (cost=73925.90..73925.90 rows=32335 width=4) (actual time=940.579..940.579 rows=29827 loops=1)
                    Buckets: 32768  Batches: 1  Memory Usage: 1305kB
                    ->  Seq Scan on title t  (cost=0.00..73925.90 rows=32335 width=4) (actual time=147.913..927.830 rows=29827 loops=1)
                          Filter: ((production_year > 2006) AND (kind_id = 2))
                          Rows Removed by Filter: 2498485
Planning time: 1.140 ms
Execution time: 18086.845 ms
