Hash Join  (cost=376679.10..2257241.38 rows=64796405 width=0) (actual time=8599.911..90675.101 rows=215716622 loops=1)
  Hash Cond: (ci.movie_id = t.id)
  ->  Seq Scan on cast_info ci  (cost=0.00..614943.12 rows=36225612 width=4) (actual time=0.017..10823.017 rows=36244344 loops=1)
  ->  Hash  (cost=302477.70..302477.70 rows=4522752 width=8) (actual time=8598.549..8598.549 rows=4523041 loops=1)
        Buckets: 131072  Batches: 64  Memory Usage: 3815kB
        ->  Hash Join  (cost=102767.86..302477.70 rows=4522752 width=8) (actual time=1664.024..7239.717 rows=4523041 loops=1)
              Hash Cond: (mk.movie_id = t.id)
              ->  Seq Scan on movie_keyword mk  (cost=0.00..81003.12 rows=4522752 width=4) (actual time=0.017..1587.490 rows=4523041 loops=1)
                    Filter: (keyword_id < 133299)
                    Rows Removed by Filter: 889
              ->  Hash  (cost=61283.27..61283.27 rows=2528527 width=4) (actual time=1663.032..1663.032 rows=2528312 loops=1)
                    Buckets: 131072  Batches: 64  Memory Usage: 2425kB
                    ->  Seq Scan on title t  (cost=0.00..61283.27 rows=2528527 width=4) (actual time=0.025..824.223 rows=2528312 loops=1)
Planning time: 1.018 ms
Execution time: 115275.494 ms
