Hash Join  (cost=111975.90..870823.15 rows=805805 width=0) (actual time=1899.525..19717.938 rows=1826601 loops=1)
  Hash Cond: (ci.movie_id = t.id)
  ->  Seq Scan on cast_info ci  (cost=0.00..614943.12 rows=36225612 width=4) (actual time=0.025..6514.623 rows=36244344 loops=1)
  ->  Hash  (cost=111272.83..111272.83 rows=56245 width=8) (actual time=1898.990..1898.990 rows=65087 loops=1)
        Buckets: 65536  Batches: 1  Memory Usage: 3055kB
        ->  Hash Join  (cost=78988.28..111272.83 rows=56245 width=8) (actual time=992.017..1876.550 rows=65087 loops=1)
              Hash Cond: (mi_idx.movie_id = t.id)
              ->  Seq Scan on movie_info_idx mi_idx  (cost=0.00..25185.44 rows=460978 width=4) (actual time=0.024..359.840 rows=459925 loops=1)
                    Filter: (info_type_id < 100)
                    Rows Removed by Filter: 920110
              ->  Hash  (cost=73925.90..73925.90 rows=308510 width=4) (actual time=991.224..991.224 rows=266599 loops=1)
                    Buckets: 131072  Batches: 8  Memory Usage: 2191kB
                    ->  Seq Scan on title t  (cost=0.00..73925.90 rows=308510 width=4) (actual time=0.053..907.122 rows=266599 loops=1)
                          Filter: ((kind_id < 7) AND (production_year > 2007))
                          Rows Removed by Filter: 2261713
Planning time: 1.114 ms
Execution time: 19955.804 ms
