Seq Scan on title t  (cost=0.00..73925.90 rows=44788 width=0) (actual time=0.023..1199.202 rows=52864 loops=1)
  Filter: ((kind_id > 1) AND (production_year = 2002))
  Rows Removed by Filter: 2475448
Planning time: 0.414 ms
Execution time: 1208.091 ms
