Hash Join  (cost=88391.98..831042.13 rows=780751 width=0) (actual time=1344.668..12477.983 rows=687538 loops=1)
  Hash Cond: (ci.movie_id = t.id)
  ->  Seq Scan on cast_info ci  (cost=0.00..705507.15 rows=2239063 width=4) (actual time=0.018..9734.600 rows=2177413 loops=1)
        Filter: (person_id < 212990)
        Rows Removed by Filter: 34066931
  ->  Hash  (cost=73925.90..73925.90 rows=881686 width=4) (actual time=1343.929..1343.929 rows=801513 loops=1)
        Buckets: 131072  Batches: 16  Memory Usage: 2786kB
        ->  Seq Scan on title t  (cost=0.00..73925.90 rows=881686 width=4) (actual time=160.530..1089.517 rows=801513 loops=1)
              Filter: ((production_year < 2006) AND (kind_id = 7))
              Rows Removed by Filter: 1726799
Planning time: 0.716 ms
Execution time: 12565.631 ms
