Hash Join  (cost=79111.30..119763.65 rows=172486 width=0) (actual time=954.507..2098.088 rows=398500 loops=1)
  Hash Cond: (mi_idx.movie_id = t.id)
  ->  Seq Scan on movie_info_idx mi_idx  (cost=0.00..21735.35 rows=1380035 width=4) (actual time=0.013..388.300 rows=1380035 loops=1)
  ->  Hash  (cost=73925.90..73925.90 rows=316032 width=4) (actual time=912.000..912.000 rows=400740 loops=1)
        Buckets: 131072  Batches: 8  Memory Usage: 2793kB
        ->  Seq Scan on title t  (cost=0.00..73925.90 rows=316032 width=4) (actual time=0.020..784.323 rows=400740 loops=1)
              Filter: ((production_year < 2003) AND (kind_id = 1))
              Rows Removed by Filter: 2127572
Planning time: 0.694 ms
Execution time: 2147.339 ms
