Hash Join  (cost=92735.26..174270.03 rows=775107 width=0) (actual time=1520.050..3431.504 rows=611910 loops=1)
  Hash Cond: (mc.movie_id = t.id)
  ->  Seq Scan on movie_companies mc  (cost=0.00..51404.11 rows=1279517 width=4) (actual time=0.017..839.032 rows=1274246 loops=1)
        Filter: (company_type_id < 2)
        Rows Removed by Filter: 1334883
  ->  Hash  (cost=67604.59..67604.59 rows=1531734 width=4) (actual time=1518.509..1518.509 rows=1531613 loops=1)
        Buckets: 131072  Batches: 32  Memory Usage: 2708kB
        ->  Seq Scan on title t  (cost=0.00..67604.59 rows=1531734 width=4) (actual time=0.035..1028.650 rows=1531613 loops=1)
              Filter: (production_year > 1997)
              Rows Removed by Filter: 996699
Planning time: 0.713 ms
Execution time: 3511.854 ms
