Hash Join  (cost=74029.65..455417.02 rows=30506 width=0) (actual time=770.454..7300.865 rows=26793 loops=1)
  Hash Cond: (mi.movie_id = t.id)
  ->  Seq Scan on movie_info mi  (cost=0.00..346232.03 rows=9293409 width=4) (actual time=0.010..4914.467 rows=9425200 loops=1)
        Filter: (info_type_id > 5)
        Rows Removed by Filter: 5410520
  ->  Hash  (cost=73925.90..73925.90 rows=8300 width=4) (actual time=769.576..769.576 rows=7850 loops=1)
        Buckets: 16384  Batches: 1  Memory Usage: 404kB
        ->  Seq Scan on title t  (cost=0.00..73925.90 rows=8300 width=4) (actual time=250.875..765.689 rows=7850 loops=1)
              Filter: ((production_year > 2011) AND (kind_id = 2))
              Rows Removed by Filter: 2520462
Planning time: 0.718 ms
Execution time: 7305.354 ms
