Hash Join  (cost=99841.01..254849.84 rows=2504111 width=0) (actual time=1770.232..5836.255 rows=2305574 loops=1)
  Hash Cond: (mk.movie_id = t.id)
  ->  Seq Scan on movie_keyword mk  (cost=0.00..81003.12 rows=3222518 width=4) (actual time=0.028..1482.797 rows=3207753 loops=1)
        Filter: (keyword_id < 13298)
        Rows Removed by Filter: 1316177
  ->  Hash  (cost=67604.59..67604.59 rows=1964834 width=4) (actual time=1769.193..1769.193 rows=1962189 loops=1)
        Buckets: 131072  Batches: 32  Memory Usage: 3196kB
        ->  Seq Scan on title t  (cost=0.00..67604.59 rows=1964834 width=4) (actual time=0.020..1121.010 rows=1962189 loops=1)
              Filter: (production_year > 1978)
              Rows Removed by Filter: 566123
Planning time: 0.734 ms
Execution time: 6086.456 ms
