Seq Scan on movie_companies mc  (cost=0.00..57926.93 rows=325378 width=0) (actual time=0.023..784.528 rows=177705 loops=1)
  Filter: ((company_id < 846) AND (company_type_id > 1))
  Rows Removed by Filter: 2431424
Planning time: 0.328 ms
Execution time: 806.971 ms
