Hash Join  (cost=129928.86..2007357.17 rows=36225612 width=136) (actual time=804.552..23929.659 rows=36244344 loops=1)
  Hash Cond: (ci.movie_id = t.id)
  ->  Seq Scan on cast_info ci  (cost=0.00..614943.12 rows=36225612 width=42) (actual time=0.022..3731.819 rows=36244344 loops=1)
  ->  Hash  (cost=61283.27..61283.27 rows=2528527 width=94) (actual time=803.135..803.135 rows=2528312 loops=1)
        Buckets: 32768  Batches: 128  Memory Usage: 2453kB
        ->  Seq Scan on title t  (cost=0.00..61283.27 rows=2528527 width=94) (actual time=0.009..289.172 rows=2528312 loops=1)
Planning time: 0.604 ms
Execution time: 24930.993 ms
