Hash Join  (cost=73962.22..438787.48 rows=16934 width=169) (actual time=465.119..4225.847 rows=31665 loops=1)
  Hash Cond: (mi.movie_id = t.id)
  ->  Seq Scan on movie_info mi  (cost=0.00..309384.22 rows=14739122 width=75) (actual time=0.021..1807.652 rows=14835720 loops=1)
  ->  Hash  (cost=73925.90..73925.90 rows=2905 width=94) (actual time=464.893..464.893 rows=2433 loops=1)
        Buckets: 4096  Batches: 1  Memory Usage: 295kB
        ->  Seq Scan on title t  (cost=0.00..73925.90 rows=2905 width=94) (actual time=183.232..464.218 rows=2433 loops=1)
              Filter: ((kind_id < 7) AND (production_year = 1933))
              Rows Removed by Filter: 2525879
Planning time: 0.941 ms
Execution time: 4227.466 ms
