Hash Join  (cost=92883.59..178744.14 rows=706314 width=0) (actual time=1844.853..3298.351 rows=190134 loops=1)
  Hash Cond: (mc.movie_id = t.id)
  ->  Seq Scan on movie_companies mc  (cost=0.00..57926.93 rows=1159096 width=4) (actual time=276.951..989.672 rows=1088766 loops=1)
        Filter: ((company_id > 104) AND (company_type_id = 1))
        Rows Removed by Filter: 1520363
  ->  Hash  (cost=67604.59..67604.59 rows=1540800 width=4) (actual time=1566.325..1566.325 rows=1543264 loops=1)
        Buckets: 131072  Batches: 32  Memory Usage: 2722kB
        ->  Seq Scan on title t  (cost=0.00..67604.59 rows=1540800 width=4) (actual time=96.019..1076.111 rows=1543264 loops=1)
              Filter: (kind_id = 7)
              Rows Removed by Filter: 985048
Planning time: 0.721 ms
Execution time: 3320.050 ms
