Seq Scan on movie_keyword mk  (cost=0.00..81003.12 rows=1565159 width=0) (actual time=0.024..992.938 rows=1572372 loops=1)
  Filter: (keyword_id < 2375)
  Rows Removed by Filter: 2951558
Planning time: 0.306 ms
Execution time: 1151.471 ms
