Hash Join  (cost=129556.37..1295305.99 rows=4038058 width=0) (actual time=2717.574..36657.163 rows=11352235 loops=1)
  Hash Cond: (ci.movie_id = t.id)
  ->  Seq Scan on cast_info ci  (cost=0.00..705507.15 rows=36217034 width=4) (actual time=0.015..14094.777 rows=36235835 loops=1)
        Filter: (person_id > 1246)
        Rows Removed by Filter: 8509
  ->  Hash  (cost=124930.36..124930.36 rows=281921 width=8) (actual time=2715.845..2715.845 rows=411386 loops=1)
        Buckets: 131072 (originally 131072)  Batches: 8 (originally 4)  Memory Usage: 3073kB
        ->  Hash Join  (cost=82400.67..124930.36 rows=281921 width=8) (actual time=1063.208..2581.304 rows=411386 loops=1)
              Hash Cond: (mi_idx.movie_id = t.id)
              ->  Seq Scan on movie_info_idx mi_idx  (cost=0.00..21735.35 rows=1380035 width=4) (actual time=0.021..374.722 rows=1380035 loops=1)
              ->  Hash  (cost=73925.90..73925.90 rows=516541 width=4) (actual time=1061.660..1061.660 rows=440918 loops=1)
                    Buckets: 131072  Batches: 8  Memory Usage: 2960kB
                    ->  Seq Scan on title t  (cost=0.00..73925.90 rows=516541 width=4) (actual time=0.011..920.656 rows=440918 loops=1)
                          Filter: ((kind_id < 7) AND (production_year > 2001))
                          Rows Removed by Filter: 2087394
Planning time: 1.128 ms
Execution time: 38038.059 ms
