Hash Join  (cost=179215.74..218671.43 rows=102722 width=0) (actual time=2969.413..4314.402 rows=1007647 loops=1)
  Hash Cond: (mi_idx.movie_id = t.id)
  ->  Seq Scan on movie_info_idx mi_idx  (cost=0.00..21735.35 rows=1380035 width=4) (actual time=0.021..387.119 rows=1380035 loops=1)
  ->  Hash  (cost=176127.14..176127.14 rows=188208 width=8) (actual time=2968.534..2968.534 rows=419915 loops=1)
        Buckets: 131072 (originally 131072)  Batches: 8 (originally 4)  Memory Usage: 3101kB
        ->  Hash Join  (cost=83810.17..176127.14 rows=188208 width=8) (actual time=1155.959..2828.517 rows=419915 loops=1)
              Hash Cond: (mk.movie_id = t.id)
              ->  Seq Scan on movie_keyword mk  (cost=0.00..81003.12 rows=481803 width=4) (actual time=0.024..1128.158 rows=477583 loops=1)
                    Filter: (keyword_id > 37414)
                    Rows Removed by Filter: 4046347
              ->  Hash  (cost=67604.59..67604.59 rows=987727 width=4) (actual time=1154.926..1154.926 rows=985048 loops=1)
                    Buckets: 131072  Batches: 16  Memory Usage: 3197kB
                    ->  Seq Scan on title t  (cost=0.00..67604.59 rows=987727 width=4) (actual time=0.018..864.965 rows=985048 loops=1)
                          Filter: (kind_id < 7)
                          Rows Removed by Filter: 1543264
Planning time: 1.034 ms
Execution time: 4448.020 ms
