Seq Scan on movie_keyword mk  (cost=0.00..81003.12 rows=246 width=0) (actual time=8.716..1025.263 rows=102 loops=1)
  Filter: (keyword_id = 12926)
  Rows Removed by Filter: 4523828
Planning time: 0.298 ms
Execution time: 1025.450 ms
