Seq Scan on movie_companies mc  (cost=0.00..57926.93 rows=1062200 width=0) (actual time=0.021..998.453 rows=1274246 loops=1)
  Filter: ((company_id < 77477) AND (company_type_id < 2))
  Rows Removed by Filter: 1334883
Planning time: 0.303 ms
Execution time: 1166.683 ms
