Hash Join  (cost=844643.44..917420.72 rows=344212 width=0) (actual time=11399.022..12755.946 rows=486751 loops=1)
  Hash Cond: (mc.movie_id = t.id)
  ->  Seq Scan on movie_companies mc  (cost=0.00..51404.11 rows=1329612 width=4) (actual time=320.337..903.893 rows=1334883 loops=1)
        Filter: (company_type_id = 2)
        Rows Removed by Filter: 1274246
  ->  Hash  (cost=833904.08..833904.08 rows=654589 width=8) (actual time=11077.576..11077.576 rows=546358 loops=1)
        Buckets: 131072  Batches: 16  Memory Usage: 2337kB
        ->  Hash Join  (cost=102767.86..833904.08 rows=654589 width=8) (actual time=2066.481..10910.393 rows=546358 loops=1)
              Hash Cond: (ci.movie_id = t.id)
              ->  Seq Scan on cast_info ci  (cost=0.00..705507.15 rows=654589 width=4) (actual time=544.622..8197.013 rows=546358 loops=1)
                    Filter: (person_id < 59713)
                    Rows Removed by Filter: 35697986
              ->  Hash  (cost=61283.27..61283.27 rows=2528527 width=4) (actual time=1520.987..1520.987 rows=2528312 loops=1)
                    Buckets: 131072  Batches: 64  Memory Usage: 2415kB
                    ->  Seq Scan on title t  (cost=0.00..61283.27 rows=2528527 width=4) (actual time=0.016..706.534 rows=2528312 loops=1)
Planning time: 1.082 ms
Execution time: 12811.081 ms
