Seq Scan on cast_info ci  (cost=0.00..705507.15 rows=27969699 width=0) (actual time=0.024..9521.678 rows=28102133 loops=1)
  Filter: (person_id > 796091)
  Rows Removed by Filter: 8142211
Planning time: 0.309 ms
Execution time: 12597.790 ms
