Hash Join  (cost=470893.68..602988.73 rows=828401 width=0) (actual time=6811.372..12955.174 rows=8379692 loops=1)
  Hash Cond: (mk.movie_id = t.id)
  ->  Seq Scan on movie_keyword mk  (cost=0.00..69693.30 rows=4523930 width=4) (actual time=0.020..1109.202 rows=4523930 loops=1)
  ->  Hash  (cost=463297.03..463297.03 rows=463012 width=8) (actual time=6810.676..6810.676 rows=505837 loops=1)
        Buckets: 131072  Batches: 8  Memory Usage: 3514kB
        ->  Hash Join  (cost=97066.09..463297.03 rows=463012 width=8) (actual time=3335.114..6645.171 rows=505837 loops=1)
              Hash Cond: (mi.movie_id = t.id)
              ->  Seq Scan on movie_info mi  (cost=0.00..346232.03 rows=651960 width=4) (actual time=1590.976..4074.561 rows=660923 loops=1)
                    Filter: (info_type_id = 18)
                    Rows Removed by Filter: 14174797
              ->  Hash  (cost=67604.59..67604.59 rows=1795720 width=4) (actual time=1743.160..1743.160 rows=1794153 loops=1)
                    Buckets: 131072  Batches: 32  Memory Usage: 3001kB
                    ->  Seq Scan on title t  (cost=0.00..67604.59 rows=1795720 width=4) (actual time=0.038..1139.366 rows=1794153 loops=1)
                          Filter: (production_year < 2009)
                          Rows Removed by Filter: 734159
Planning time: 1.124 ms
Execution time: 13961.217 ms
