Hash Join  (cost=153419.20..570267.26 rows=224205 width=0) (actual time=2734.096..9974.942 rows=308609 loops=1)
  Hash Cond: (mi.movie_id = t.id)
  ->  Seq Scan on movie_info mi  (cost=0.00..346232.03 rows=5880796 width=4) (actual time=0.019..5153.476 rows=5869026 loops=1)
        Filter: (info_type_id > 13)
        Rows Removed by Filter: 8966694
  ->  Hash  (cost=151837.20..151837.20 rows=96400 width=8) (actual time=2733.015..2733.015 rows=59688 loops=1)
        Buckets: 131072  Batches: 2  Memory Usage: 2195kB
        ->  Hash Join  (cost=75458.68..151837.20 rows=96400 width=8) (actual time=1124.786..2713.765 rows=59688 loops=1)
              Hash Cond: (mc.movie_id = t.id)
              ->  Seq Scan on movie_companies mc  (cost=0.00..44881.29 rows=2609129 width=4) (actual time=0.024..729.593 rows=2609129 loops=1)
              ->  Hash  (cost=73925.90..73925.90 rows=93422 width=4) (actual time=1124.000..1124.000 rows=100754 loops=1)
                    Buckets: 131072  Batches: 2  Memory Usage: 2802kB
                    ->  Seq Scan on title t  (cost=0.00..73925.90 rows=93422 width=4) (actual time=0.022..1085.428 rows=100754 loops=1)
                          Filter: ((kind_id > 1) AND (production_year = 2008))
                          Rows Removed by Filter: 2427558
Planning time: 1.209 ms
Execution time: 10016.384 ms
