Hash Join  (cost=282445.53..1519633.70 rows=17308028 width=0) (actual time=8267.848..42341.910 rows=48400425 loops=1)
  Hash Cond: (ci.movie_id = t.id)
  ->  Seq Scan on cast_info ci  (cost=0.00..796071.18 rows=20261350 width=4) (actual time=2489.481..15679.820 rows=18542437 loops=1)
        Filter: ((person_id < 3166028) AND (role_id > 1))
        Rows Removed by Filter: 17701907
  ->  Hash  (cost=247007.97..247007.97 rows=2159965 width=8) (actual time=5777.398..5777.398 rows=1788080 loops=1)
        Buckets: 131072  Batches: 32  Memory Usage: 3228kB
        ->  Hash Join  (cost=92735.26..247007.97 rows=2159965 width=8) (actual time=1603.472..5268.816 rows=1788080 loops=1)
              Hash Cond: (mk.movie_id = t.id)
              ->  Seq Scan on movie_keyword mk  (cost=0.00..81003.12 rows=3565587 width=4) (actual time=0.031..1473.218 rows=3561091 loops=1)
                    Filter: (keyword_id > 903)
                    Rows Removed by Filter: 962839
              ->  Hash  (cost=67604.59..67604.59 rows=1531734 width=4) (actual time=1600.541..1600.541 rows=1531613 loops=1)
                    Buckets: 131072  Batches: 32  Memory Usage: 2716kB
                    ->  Seq Scan on title t  (cost=0.00..67604.59 rows=1531734 width=4) (actual time=0.014..1071.037 rows=1531613 loops=1)
                          Filter: (production_year > 1997)
                          Rows Removed by Filter: 996699
Planning time: 1.193 ms
Execution time: 47736.668 ms
