Hash Join  (cost=102767.86..1037445.48 rows=9113383 width=0) (actual time=1516.082..19384.140 rows=8978410 loops=1)
  Hash Cond: (ci.movie_id = t.id)
  ->  Seq Scan on cast_info ci  (cost=0.00..705507.15 rows=9113383 width=4) (actual time=9.960..10340.312 rows=8978410 loops=1)
        Filter: (person_id < 883299)
        Rows Removed by Filter: 27265934
  ->  Hash  (cost=61283.27..61283.27 rows=2528527 width=4) (actual time=1505.267..1505.267 rows=2528312 loops=1)
        Buckets: 131072  Batches: 64  Memory Usage: 2415kB
        ->  Seq Scan on title t  (cost=0.00..61283.27 rows=2528527 width=4) (actual time=0.015..724.848 rows=2528312 loops=1)
Planning time: 0.731 ms
Execution time: 20445.079 ms
