Seq Scan on movie_keyword mk  (cost=0.00..81003.12 rows=246 width=0) (actual time=0.491..852.511 rows=1116 loops=1)
  Filter: (keyword_id = 2908)
  Rows Removed by Filter: 4522814
Planning time: 0.367 ms
Execution time: 852.827 ms
