Seq Scan on cast_info ci  (cost=0.00..705507.15 rows=500 width=0) (actual time=457.208..9473.474 rows=13 loops=1)
  Filter: (person_id = 2931950)
  Rows Removed by Filter: 36244331
Planning time: 0.351 ms
Execution time: 9473.579 ms
