Seq Scan on title t  (cost=0.00..73925.90 rows=266 width=0) (actual time=1.016..840.823 rows=409 loops=1)
  Filter: ((kind_id = 2) AND (production_year = 1960))
  Rows Removed by Filter: 2527903
Planning time: 0.415 ms
Execution time: 841.114 ms
