Hash Join  (cost=71408.55..160048.59 rows=49449 width=0) (actual time=1030.276..2398.442 rows=22755 loops=1)
  Hash Cond: (mk.movie_id = t.id)
  ->  Seq Scan on movie_keyword mk  (cost=0.00..81003.12 rows=539313 width=4) (actual time=0.023..1121.078 rows=534465 loops=1)
        Filter: (keyword_id > 34311)
        Rows Removed by Filter: 3989465
  ->  Hash  (cost=67604.59..67604.59 rows=231837 width=4) (actual time=1029.484..1029.484 rows=231649 loops=1)
        Buckets: 131072  Batches: 4  Memory Usage: 3082kB
        ->  Seq Scan on title t  (cost=0.00..67604.59 rows=231837 width=4) (actual time=0.021..947.816 rows=231649 loops=1)
              Filter: (production_year > 2011)
              Rows Removed by Filter: 2296663
Planning time: 1.636 ms
Execution time: 2401.688 ms
