Hash Join  (cost=203102.01..622615.22 rows=872975 width=0) (actual time=3553.622..11791.920 rows=4804331 loops=1)
  Hash Cond: (mi.movie_id = t.id)
  ->  Seq Scan on movie_info mi  (cost=0.00..346232.03 rows=5445713 width=4) (actual time=0.019..4792.501 rows=5410520 loops=1)
        Filter: (info_type_id < 6)
        Rows Removed by Filter: 9425200
  ->  Hash  (cost=196451.31..196451.31 rows=405336 width=8) (actual time=3552.910..3552.910 rows=464588 loops=1)
        Buckets: 131072  Batches: 8  Memory Usage: 3390kB
        ->  Hash Join  (cost=97066.09..196451.31 rows=405336 width=8) (actual time=1600.598..3415.847 rows=464588 loops=1)
              Hash Cond: (mk.movie_id = t.id)
              ->  Seq Scan on movie_keyword mk  (cost=0.00..81003.12 rows=570747 width=4) (actual time=0.014..1112.317 rows=567521 loops=1)
                    Filter: (keyword_id > 32348)
                    Rows Removed by Filter: 3956409
              ->  Hash  (cost=67604.59..67604.59 rows=1795720 width=4) (actual time=1599.841..1599.841 rows=1794153 loops=1)
                    Buckets: 131072  Batches: 32  Memory Usage: 3001kB
                    ->  Seq Scan on title t  (cost=0.00..67604.59 rows=1795720 width=4) (actual time=0.006..1019.138 rows=1794153 loops=1)
                          Filter: (production_year < 2009)
                          Rows Removed by Filter: 734159
Planning time: 1.104 ms
Execution time: 12318.813 ms
