Seq Scan on movie_keyword mk  (cost=0.00..81003.12 rows=3075942 width=0) (actual time=0.020..1357.249 rows=3064098 loops=1)
  Filter: (keyword_id < 11393)
  Rows Removed by Filter: 1459832
Planning time: 0.305 ms
Execution time: 1753.841 ms
