Hash Join  (cost=102767.86..287584.99 rows=3903754 width=0) (actual time=1546.886..7219.199 rows=3904157 loops=1)
  Hash Cond: (mk.movie_id = t.id)
  ->  Seq Scan on movie_keyword mk  (cost=0.00..81003.12 rows=3903754 width=4) (actual time=0.025..1482.983 rows=3904157 loops=1)
        Filter: (keyword_id < 29431)
        Rows Removed by Filter: 619773
  ->  Hash  (cost=61283.27..61283.27 rows=2528527 width=4) (actual time=1545.044..1545.044 rows=2528312 loops=1)
        Buckets: 131072  Batches: 64  Memory Usage: 2425kB
        ->  Seq Scan on title t  (cost=0.00..61283.27 rows=2528527 width=4) (actual time=0.006..746.561 rows=2528312 loops=1)
Planning time: 0.736 ms
Execution time: 7672.568 ms
