Hash Join  (cost=171957.67..562937.84 rows=701242 width=0) (actual time=6225.062..12618.310 rows=7596978 loops=1)
  Hash Cond: (mi.movie_id = t.id)
  ->  Seq Scan on movie_info mi  (cost=0.00..346232.03 rows=3068194 width=4) (actual time=1854.203..4299.320 rows=3036719 loops=1)
        Filter: (info_type_id = 16)
        Rows Removed by Filter: 11799001
  ->  Hash  (cost=162475.92..162475.92 rows=577900 width=8) (actual time=4369.758..4369.758 rows=1083031 loops=1)
        Buckets: 131072 (originally 131072)  Batches: 16 (originally 8)  Memory Usage: 3733kB
        ->  Hash Join  (cost=80042.24..162475.92 rows=577900 width=8) (actual time=1102.900..3961.946 rows=1083031 loops=1)
              Hash Cond: (mc.movie_id = t.id)
              ->  Seq Scan on movie_companies mc  (cost=0.00..51404.11 rows=1927618 width=4) (actual time=0.027..887.630 rows=1921914 loops=1)
                    Filter: (company_id < 47506)
                    Rows Removed by Filter: 687215
              ->  Hash  (cost=67604.59..67604.59 rows=758052 width=4) (actual time=1101.865..1101.865 rows=753677 loops=1)
                    Buckets: 131072  Batches: 16  Memory Usage: 2677kB
                    ->  Seq Scan on title t  (cost=0.00..67604.59 rows=758052 width=4) (actual time=0.023..891.353 rows=753677 loops=1)
                          Filter: (kind_id < 3)
                          Rows Removed by Filter: 1774635
Planning time: 0.795 ms
Execution time: 13466.971 ms
