Seq Scan on cast_info ci  (cost=0.00..705507.15 rows=601347 width=0) (actual time=507.214..8388.497 rows=499338 loops=1)
  Filter: (person_id < 55664)
  Rows Removed by Filter: 35745006
Planning time: 0.349 ms
Execution time: 8450.799 ms
