Nested Loop  (cost=0.43..58375.31 rows=35 width=0) (actual time=15.643..672.041 rows=71 loops=1)
  ->  Seq Scan on movie_companies mc  (cost=0.00..57926.93 rows=53 width=4) (actual time=15.556..670.481 rows=71 loops=1)
        Filter: ((company_id = 8812) AND (company_type_id = 2))
        Rows Removed by Filter: 2609058
  ->  Index Scan using title_pkey on title t  (cost=0.43..8.45 rows=1 width=4) (actual time=0.020..0.021 rows=1 loops=71)
        Index Cond: (id = mc.movie_id)
        Filter: (production_year > 1993)
Planning time: 0.842 ms
Execution time: 672.170 ms
