Seq Scan on movie_companies mc  (cost=0.00..57926.93 rows=1185553 width=0) (actual time=391.463..967.147 rows=1050601 loops=1)
  Filter: ((company_id < 95349) AND (company_type_id = 2))
  Rows Removed by Filter: 1558528
Planning time: 0.401 ms
Execution time: 1104.621 ms
