Seq Scan on movie_companies mc  (cost=0.00..57926.93 rows=407994 width=0) (actual time=0.028..853.776 rows=583614 loops=1)
  Filter: ((company_id < 2017) AND (company_type_id = 1))
  Rows Removed by Filter: 2025515
Planning time: 0.403 ms
Execution time: 929.381 ms
