Seq Scan on cast_info ci  (cost=0.00..796071.18 rows=16474684 width=0) (actual time=0.013..11806.571 rows=18010812 loops=1)
  Filter: ((person_id < 1874941) AND (role_id < 10))
  Rows Removed by Filter: 18233532
Planning time: 0.345 ms
Execution time: 13899.494 ms
