Seq Scan on cast_info ci  (cost=0.00..796071.18 rows=7530205 width=0) (actual time=758.538..15781.775 rows=6245648 loops=1)
  Filter: ((person_id < 3773933) AND (role_id > 6))
  Rows Removed by Filter: 29998696
Planning time: 0.271 ms
Execution time: 16579.346 ms
