Hash Join  (cost=85011.79..1282601.42 rows=9187975 width=0) (actual time=1198.035..35437.253 rows=8948452 loops=1)
  Hash Cond: (ci.movie_id = t.id)
  ->  Seq Scan on cast_info ci  (cost=0.00..705507.15 rows=34383660 width=4) (actual time=0.015..13467.616 rows=34360266 loops=1)
        Filter: (person_id < 3690859)
        Rows Removed by Filter: 1884078
  ->  Hash  (cost=73925.90..73925.90 rows=675671 width=4) (actual time=1195.673..1195.673 rows=576285 loops=1)
        Buckets: 131072  Batches: 16  Memory Usage: 2287kB
        ->  Seq Scan on title t  (cost=0.00..73925.90 rows=675671 width=4) (actual time=0.034..1009.378 rows=576285 loops=1)
              Filter: ((kind_id < 7) AND (production_year > 1991))
              Rows Removed by Filter: 1952027
Planning time: 0.774 ms
Execution time: 36488.011 ms
