Hash Join  (cost=227192.51..723937.03 rows=3891922 width=0) (actual time=4640.879..27850.198 rows=52085848 loops=1)
  Hash Cond: (mi.movie_id = t.id)
  ->  Seq Scan on movie_info mi  (cost=0.00..346232.03 rows=9293409 width=4) (actual time=0.028..5083.563 rows=9425200 loops=1)
        Filter: (info_type_id > 5)
        Rows Removed by Filter: 5410520
  ->  Hash  (cost=209819.21..209819.21 rows=1058904 width=8) (actual time=4639.678..4639.678 rows=1389235 loops=1)
        Buckets: 131072 (originally 131072)  Batches: 32 (originally 16)  Memory Usage: 3073kB
        ->  Hash Join  (cost=85280.32..209819.21 rows=1058904 width=8) (actual time=1583.008..4236.292 rows=1389235 loops=1)
              Hash Cond: (mk.movie_id = t.id)
              ->  Seq Scan on movie_keyword mk  (cost=0.00..81003.12 rows=2485260 width=4) (actual time=0.032..1137.056 rows=2479629 loops=1)
                    Filter: (keyword_id < 6008)
                    Rows Removed by Filter: 2044301
              ->  Hash  (cost=67604.59..67604.59 rows=1077339 width=4) (actual time=1581.817..1581.817 rows=1074765 loops=1)
                    Buckets: 131072  Batches: 16  Memory Usage: 3396kB
                    ->  Seq Scan on title t  (cost=0.00..67604.59 rows=1077339 width=4) (actual time=0.018..911.724 rows=1074765 loops=1)
                          Filter: (production_year < 2001)
                          Rows Removed by Filter: 1453547
Planning time: 1.155 ms
Execution time: 33830.593 ms
