Seq Scan on movie_keyword mk  (cost=0.00..81003.12 rows=3347119 width=0) (actual time=0.026..1343.208 rows=3342071 loops=1)
  Filter: (keyword_id > 1400)
  Rows Removed by Filter: 1181859
Planning time: 0.312 ms
Execution time: 1767.655 ms
