Seq Scan on cast_info ci  (cost=0.00..796071.18 rows=4408480 width=0) (actual time=2003.932..10705.381 rows=9026787 loops=1)
  Filter: ((person_id < 1230926) AND (role_id = 1))
  Rows Removed by Filter: 27217557
Planning time: 0.381 ms
Execution time: 11706.161 ms
