Hash Join  (cost=83073.30..465932.91 rows=125 width=0) (actual time=1214.539..8744.067 rows=129 loops=1)
  Hash Cond: (mi.movie_id = t.id)
  ->  Seq Scan on movie_info mi  (cost=0.00..346232.03 rows=9767026 width=4) (actual time=0.021..6232.880 rows=9911754 loops=1)
        Filter: (info_type_id > 4)
        Rows Removed by Filter: 4923966
  ->  Hash  (cost=83072.90..83072.90 rows=32 width=8) (actual time=1137.824..1137.824 rows=9 loops=1)
        Buckets: 1024  Batches: 1  Memory Usage: 9kB
        ->  Nested Loop  (cost=0.43..83072.90 rows=32 width=8) (actual time=136.830..1137.804 rows=9 loops=1)
              ->  Seq Scan on movie_keyword mk  (cost=0.00..81003.12 rows=246 width=4) (actual time=136.757..1136.552 rows=30 loops=1)
                    Filter: (keyword_id = 20593)
                    Rows Removed by Filter: 4523900
              ->  Index Scan using title_pkey on title t  (cost=0.43..8.40 rows=1 width=4) (actual time=0.037..0.037 rows=0 loops=30)
                    Index Cond: (id = mk.movie_id)
                    Filter: ((kind_id < 7) AND (production_year < 1996))
                    Rows Removed by Filter: 1
Planning time: 1.239 ms
Execution time: 8744.363 ms
