Hash Join  (cost=130600.84..495840.43 rows=58367 width=0) (actual time=1934.313..8205.292 rows=1081733 loops=1)
  Hash Cond: (mi.movie_id = t.id)
  ->  Seq Scan on movie_info mi  (cost=0.00..309384.22 rows=14739122 width=4) (actual time=0.022..2851.337 rows=14835720 loops=1)
  ->  Hash  (cost=130475.67..130475.67 rows=10013 width=8) (actual time=1934.006..1934.006 rows=16072 loops=1)
        Buckets: 16384  Batches: 1  Memory Usage: 756kB
        ->  Hash Join  (cost=74173.24..130475.67 rows=10013 width=8) (actual time=1240.974..1927.802 rows=16072 loops=1)
              Hash Cond: (mc.movie_id = t.id)
              ->  Seq Scan on movie_companies mc  (cost=0.00..51404.11 rows=1279517 width=4) (actual time=345.087..791.888 rows=1274246 loops=1)
                    Filter: (company_type_id = 1)
                    Rows Removed by Filter: 1334883
              ->  Hash  (cost=73925.90..73925.90 rows=19787 width=4) (actual time=895.199..895.199 rows=15791 loops=1)
                    Buckets: 32768  Batches: 1  Memory Usage: 812kB
                    ->  Seq Scan on title t  (cost=0.00..73925.90 rows=19787 width=4) (actual time=0.073..887.959 rows=15791 loops=1)
                          Filter: ((kind_id < 7) AND (production_year = 1999))
                          Rows Removed by Filter: 2512521
Planning time: 1.159 ms
Execution time: 8338.186 ms
