Hash Join  (cost=52284.99..418257.08 rows=216 width=0) (actual time=750.149..5141.359 rows=355 loops=1)
  Hash Cond: (mi.movie_id = t.id)
  ->  Seq Scan on movie_info mi  (cost=0.00..346232.03 rows=5263441 width=4) (actual time=0.021..3700.878 rows=5270569 loops=1)
        Filter: (info_type_id > 15)
        Rows Removed by Filter: 9565151
  ->  Hash  (cost=52283.69..52283.69 rows=104 width=8) (actual time=669.762..669.762 rows=350 loops=1)
        Buckets: 1024  Batches: 1  Memory Usage: 22kB
        ->  Nested Loop  (cost=0.43..52283.69 rows=104 width=8) (actual time=45.381..669.605 rows=350 loops=1)
              ->  Seq Scan on movie_companies mc  (cost=0.00..51404.11 rows=104 width=4) (actual time=45.254..666.119 rows=350 loops=1)
                    Filter: (company_id = 82215)
                    Rows Removed by Filter: 2608779
              ->  Index Only Scan using title_pkey on title t  (cost=0.43..8.45 rows=1 width=4) (actual time=0.009..0.009 rows=1 loops=350)
                    Index Cond: (id = mc.movie_id)
                    Heap Fetches: 350
Planning time: 1.158 ms
Execution time: 5141.562 ms
