Hash Join  (cost=186285.20..670895.96 rows=450283 width=0) (actual time=9235.376..11530.589 rows=3 loops=1)
  Hash Cond: (mi.movie_id = t.id)
  ->  Seq Scan on movie_info mi  (cost=0.00..309384.22 rows=14739122 width=4) (actual time=0.021..4225.189 rows=14835720 loops=1)
  ->  Hash  (cost=185017.61..185017.61 rows=77247 width=8) (actual time=2952.486..2952.486 rows=3 loops=1)
        Buckets: 131072  Batches: 2  Memory Usage: 1031kB
        ->  Hash Join  (cost=75265.68..185017.61 rows=77247 width=8) (actual time=1298.927..2952.379 rows=3 loops=1)
              Hash Cond: (mk.movie_id = t.id)
              ->  Seq Scan on movie_keyword mk  (cost=0.00..81003.12 rows=2391824 width=4) (actual time=0.025..1382.406 rows=2391513 loops=1)
                    Filter: (keyword_id < 5547)
                    Rows Removed by Filter: 2132417
              ->  Hash  (cost=73925.90..73925.90 rows=81662 width=4) (actual time=851.733..851.733 rows=22 loops=1)
                    Buckets: 131072  Batches: 2  Memory Usage: 1031kB
                    ->  Seq Scan on title t  (cost=0.00..73925.90 rows=81662 width=4) (actual time=37.651..851.623 rows=22 loops=1)
                          Filter: ((production_year < 1938) AND (kind_id = 7))
                          Rows Removed by Filter: 2528290
Planning time: 1.163 ms
Execution time: 11530.895 ms
