Hash Join  (cost=87731.24..129890.66 rows=305852 width=0) (actual time=1200.602..2254.656 rows=151362 loops=1)
  Hash Cond: (mi_idx.movie_id = t.id)
  ->  Seq Scan on movie_info_idx mi_idx  (cost=0.00..25185.44 rows=919057 width=4) (actual time=0.027..448.098 rows=920110 loops=1)
        Filter: (info_type_id > 99)
        Rows Removed by Filter: 459925
  ->  Hash  (cost=73925.90..73925.90 rows=841467 width=4) (actual time=1199.778..1199.778 rows=921643 loops=1)
        Buckets: 131072  Batches: 16  Memory Usage: 3057kB
        ->  Seq Scan on title t  (cost=0.00..73925.90 rows=841467 width=4) (actual time=0.034..938.109 rows=921643 loops=1)
              Filter: ((production_year > 2000) AND (kind_id = 7))
              Rows Removed by Filter: 1606669
Planning time: 0.796 ms
Execution time: 2272.827 ms
