Seq Scan on cast_info ci  (cost=0.00..796071.18 rows=20795457 width=0) (actual time=0.022..13370.718 rows=20012725 loops=1)
  Filter: ((person_id > 934221) AND (role_id < 7))
  Rows Removed by Filter: 16231619
Planning time: 0.366 ms
Execution time: 15778.870 ms
