Hash Join  (cost=259454.09..1423125.78 rows=18909533 width=0) (actual time=7839.786..42618.693 rows=41186661 loops=1)
  Hash Cond: (ci.movie_id = t.id)
  ->  Seq Scan on cast_info ci  (cost=0.00..705507.15 rows=20281643 width=4) (actual time=1256.479..11493.081 rows=20402085 loops=1)
        Filter: (person_id > 1565831)
        Rows Removed by Filter: 15842259
  ->  Hash  (cost=220776.78..220776.78 rows=2357465 width=8) (actual time=6581.941..6581.941 rows=2360568 loops=1)
        Buckets: 131072  Batches: 32  Memory Usage: 3873kB
        ->  Hash Join  (cost=102767.86..220776.78 rows=2357465 width=8) (actual time=1980.944..5113.682 rows=2360568 loops=1)
              Hash Cond: (mc.movie_id = t.id)
              ->  Seq Scan on movie_companies mc  (cost=0.00..51404.11 rows=2357465 width=4) (actual time=0.024..922.553 rows=2360568 loops=1)
                    Filter: (company_id > 115)
                    Rows Removed by Filter: 248561
              ->  Hash  (cost=61283.27..61283.27 rows=2528527 width=4) (actual time=1979.984..1979.984 rows=2528312 loops=1)
                    Buckets: 131072  Batches: 64  Memory Usage: 2415kB
                    ->  Seq Scan on title t  (cost=0.00..61283.27 rows=2528527 width=4) (actual time=0.020..841.659 rows=2528312 loops=1)
Planning time: 1.194 ms
Execution time: 47378.312 ms
