Hash Join  (cost=191738.97..233304.86 rows=225740 width=0) (actual time=3783.395..6007.556 rows=2130297 loops=1)
  Hash Cond: (mi_idx.movie_id = t.id)
  ->  Seq Scan on movie_info_idx mi_idx  (cost=0.00..21735.35 rows=1380035 width=4) (actual time=0.014..364.533 rows=1380035 loops=1)
  ->  Hash  (cost=184952.91..184952.91 rows=413605 width=8) (actual time=3782.186..3782.186 rows=934429 loops=1)
        Buckets: 131072 (originally 131072)  Batches: 16 (originally 8)  Memory Usage: 3338kB
        ->  Hash Join  (cost=83600.04..184952.91 rows=413605 width=8) (actual time=1228.095..3502.774 rows=934429 loops=1)
              Hash Cond: (mk.movie_id = t.id)
              ->  Seq Scan on movie_keyword mk  (cost=0.00..81003.12 rows=1072720 width=4) (actual time=0.029..1323.947 rows=1082093 loops=1)
                    Filter: (keyword_id < 1091)
                    Rows Removed by Filter: 3441837
              ->  Hash  (cost=67604.59..67604.59 rows=974916 width=4) (actual time=1227.072..1227.072 rows=972448 loops=1)
                    Buckets: 131072  Batches: 16  Memory Usage: 3169kB
                    ->  Seq Scan on title t  (cost=0.00..67604.59 rows=974916 width=4) (actual time=0.024..902.876 rows=972448 loops=1)
                          Filter: (kind_id < 6)
                          Rows Removed by Filter: 1555864
Planning time: 1.123 ms
Execution time: 6261.395 ms
