Hash Join  (cost=217858.32..1187161.01 rows=5253020 width=0) (actual time=11771.374..28226.572 rows=10919456 loops=1)
  Hash Cond: (ci.movie_id = t.id)
  ->  Seq Scan on cast_info ci  (cost=0.00..796071.18 rows=9989684 width=4) (actual time=7486.736..14572.099 rows=12670688 loops=1)
        Filter: ((person_id < 2898501) AND (role_id < 2))
        Rows Removed by Filter: 23573656
  ->  Hash  (cost=196044.17..196044.17 rows=1329612 width=8) (actual time=4283.510..4283.510 rows=1334883 loops=1)
        Buckets: 131072  Batches: 32  Memory Usage: 2639kB
        ->  Hash Join  (cost=102767.86..196044.17 rows=1329612 width=8) (actual time=1809.037..3904.688 rows=1334883 loops=1)
              Hash Cond: (mc.movie_id = t.id)
              ->  Seq Scan on movie_companies mc  (cost=0.00..51404.11 rows=1329612 width=4) (actual time=226.306..864.017 rows=1334883 loops=1)
                    Filter: (company_type_id = 2)
                    Rows Removed by Filter: 1274246
              ->  Hash  (cost=61283.27..61283.27 rows=2528527 width=4) (actual time=1581.419..1581.419 rows=2528312 loops=1)
                    Buckets: 131072  Batches: 64  Memory Usage: 2415kB
                    ->  Seq Scan on title t  (cost=0.00..61283.27 rows=2528527 width=4) (actual time=0.086..766.046 rows=2528312 loops=1)
Planning time: 1.163 ms
Execution time: 29431.817 ms
