Hash Join  (cost=438789.30..526374.84 rows=92750 width=0) (actual time=6097.908..6480.157 rows=20482 loops=1)
  Hash Cond: (mk.movie_id = t.id)
  ->  Seq Scan on movie_keyword mk  (cost=0.00..69693.30 rows=4523930 width=4) (actual time=0.024..559.907 rows=4523930 loops=1)
  ->  Hash  (cost=438141.30..438141.30 rows=51840 width=8) (actual time=5323.265..5323.265 rows=4701 loops=1)
        Buckets: 65536  Batches: 1  Memory Usage: 696kB
        ->  Hash Join  (cost=75533.21..438141.30 rows=51840 width=8) (actual time=3305.086..5320.835 rows=4701 loops=1)
              Hash Cond: (mi.movie_id = t.id)
              ->  Seq Scan on movie_info mi  (cost=0.00..346232.03 rows=1338312 width=4) (actual time=2367.834..3895.418 rows=1401902 loops=1)
                    Filter: (info_type_id = 7)
                    Rows Removed by Filter: 13433818
              ->  Hash  (cost=73925.90..73925.90 rows=97944 width=4) (actual time=936.559..936.559 rows=106247 loops=1)
                    Buckets: 131072  Batches: 2  Memory Usage: 2896kB
                    ->  Seq Scan on title t  (cost=0.00..73925.90 rows=97944 width=4) (actual time=0.024..898.217 rows=106247 loops=1)
                          Filter: ((kind_id = 7) AND (production_year = 2011))
                          Rows Removed by Filter: 2422065
Planning time: 1.170 ms
Execution time: 6482.234 ms
