Hash Join  (cost=83074.74..833899.15 rows=3524 width=0) (actual time=1050.688..14568.382 rows=1318 loops=1)
  Hash Cond: (ci.movie_id = t.id)
  ->  Seq Scan on cast_info ci  (cost=0.00..614943.12 rows=36225612 width=4) (actual time=0.015..6586.816 rows=36244344 loops=1)
  ->  Hash  (cost=83071.67..83071.67 rows=246 width=8) (actual time=1048.086..1048.086 rows=24 loops=1)
        Buckets: 1024  Batches: 1  Memory Usage: 9kB
        ->  Nested Loop  (cost=0.43..83071.67 rows=246 width=8) (actual time=13.004..1048.043 rows=24 loops=1)
              ->  Seq Scan on movie_keyword mk  (cost=0.00..81003.12 rows=246 width=4) (actual time=12.912..1046.095 rows=24 loops=1)
                    Filter: (keyword_id = 7539)
                    Rows Removed by Filter: 4523906
              ->  Index Only Scan using title_pkey on title t  (cost=0.43..8.40 rows=1 width=4) (actual time=0.073..0.074 rows=1 loops=24)
                    Index Cond: (id = mk.movie_id)
                    Heap Fetches: 24
Planning time: 1.194 ms
Execution time: 14569.339 ms
