Nested Loop  (cost=0.43..709674.40 rows=12 width=0) (actual time=7997.748..9017.092 rows=83 loops=1)
  ->  Seq Scan on cast_info ci  (cost=0.00..705507.15 rows=500 width=4) (actual time=7990.160..9002.042 rows=1442 loops=1)
        Filter: (person_id = 3407843)
        Rows Removed by Filter: 36242902
  ->  Index Scan using title_pkey on title t  (cost=0.43..8.32 rows=1 width=4) (actual time=0.010..0.010 rows=0 loops=1442)
        Index Cond: (id = ci.movie_id)
        Filter: ((kind_id = 7) AND (production_year = 2005))
        Rows Removed by Filter: 1
Planning time: 0.855 ms
Execution time: 9017.220 ms
