Hash Join  (cost=799164.61..853833.94 rows=381 width=0) (actual time=11179.563..12084.103 rows=52 loops=1)
  Hash Cond: (mc.movie_id = t.id)
  ->  Seq Scan on movie_companies mc  (cost=0.00..44881.29 rows=2609129 width=4) (actual time=0.025..513.950 rows=2609129 loops=1)
  ->  Hash  (cost=799160.00..799160.00 rows=369 width=8) (actual time=11090.722..11090.722 rows=18 loops=1)
        Buckets: 1024  Batches: 1  Memory Usage: 9kB
        ->  Nested Loop  (cost=0.43..799160.00 rows=369 width=8) (actual time=3578.716..11090.698 rows=18 loops=1)
              ->  Seq Scan on cast_info ci  (cost=0.00..796071.18 rows=369 width=4) (actual time=3578.630..11090.159 rows=18 loops=1)
                    Filter: ((role_id < 5) AND (person_id = 1020490))
                    Rows Removed by Filter: 36244326
              ->  Index Only Scan using title_pkey on title t  (cost=0.43..8.36 rows=1 width=4) (actual time=0.026..0.027 rows=1 loops=18)
                    Index Cond: (id = ci.movie_id)
                    Heap Fetches: 18
Planning time: 1.231 ms
Execution time: 12084.220 ms
