Hash Join  (cost=102767.86..1115026.36 rows=8573866 width=0) (actual time=1669.234..18392.869 rows=5090481 loops=1)
  Hash Cond: (ci.movie_id = t.id)
  ->  Seq Scan on cast_info ci  (cost=0.00..796071.18 rows=8573866 width=4) (actual time=0.030..11961.328 rows=5090481 loops=1)
        Filter: ((person_id < 1903490) AND (role_id > 2))
        Rows Removed by Filter: 31153863
  ->  Hash  (cost=61283.27..61283.27 rows=2528527 width=4) (actual time=1667.616..1667.616 rows=2528312 loops=1)
        Buckets: 131072  Batches: 64  Memory Usage: 2415kB
        ->  Seq Scan on title t  (cost=0.00..61283.27 rows=2528527 width=4) (actual time=0.033..834.612 rows=2528312 loops=1)
Planning time: 0.817 ms
Execution time: 19040.393 ms
