Seq Scan on movie_keyword mk  (cost=0.00..81003.12 rows=2609430 width=0) (actual time=0.034..1258.789 rows=2601185 loops=1)
  Filter: (keyword_id < 6984)
  Rows Removed by Filter: 1922745
Planning time: 0.334 ms
Execution time: 1596.212 ms
