Hash Join  (cost=570799.04..1915038.94 rows=8179563 width=0) (actual time=12351.744..43312.567 rows=5491695 loops=1)
  Hash Cond: (ci.movie_id = t.id)
  ->  Seq Scan on cast_info ci  (cost=0.00..614943.12 rows=36225612 width=4) (actual time=0.016..13451.546 rows=36244344 loops=1)
  ->  Hash  (cost=561431.42..561431.42 rows=570929 width=8) (actual time=12350.960..12350.960 rows=208630 loops=1)
        Buckets: 131072  Batches: 8  Memory Usage: 2050kB
        ->  Hash Join  (cost=75533.21..561431.42 rows=570929 width=8) (actual time=1253.047..12278.236 rows=208630 loops=1)
              Hash Cond: (mi.movie_id = t.id)
              ->  Seq Scan on movie_info mi  (cost=0.00..309384.22 rows=14739122 width=4) (actual time=0.014..5695.757 rows=14835720 loops=1)
              ->  Hash  (cost=73925.90..73925.90 rows=97944 width=4) (actual time=1252.282..1252.282 rows=106247 loops=1)
                    Buckets: 131072  Batches: 2  Memory Usage: 2896kB
                    ->  Seq Scan on title t  (cost=0.00..73925.90 rows=97944 width=4) (actual time=0.023..1211.518 rows=106247 loops=1)
                          Filter: ((kind_id = 7) AND (production_year = 2011))
                          Rows Removed by Filter: 2422065
Planning time: 1.261 ms
Execution time: 43989.470 ms
