Seq Scan on movie_keyword mk  (cost=0.00..81003.12 rows=4516688 width=0) (actual time=0.025..1383.742 rows=4518314 loops=1)
  Filter: (keyword_id < 128949)
  Rows Removed by Filter: 5616
Planning time: 0.326 ms
Execution time: 1973.827 ms
