Hash Join  (cost=99217.91..191304.94 rows=132654 width=0) (actual time=1642.721..2993.484 rows=113821 loops=1)
  Hash Cond: (mk.movie_id = t.id)
  ->  Seq Scan on movie_keyword mk  (cost=0.00..81003.12 rows=174072 width=4) (actual time=0.041..932.763 rows=188777 loops=1)
        Filter: (keyword_id < 137)
        Rows Removed by Filter: 4335153
  ->  Hash  (cost=67604.59..67604.59 rows=1926906 width=4) (actual time=1640.621..1640.621 rows=1918028 loops=1)
        Buckets: 131072  Batches: 32  Memory Usage: 3147kB
        ->  Seq Scan on title t  (cost=0.00..67604.59 rows=1926906 width=4) (actual time=0.028..1021.704 rows=1918028 loops=1)
              Filter: (production_year > 1981)
              Rows Removed by Filter: 610284
Planning time: 0.772 ms
Execution time: 3006.169 ms
