Seq Scan on movie_companies mc  (cost=0.00..57926.93 rows=439392 width=0) (actual time=0.031..778.642 rows=632287 loops=1)
  Filter: ((company_id < 2799) AND (company_type_id < 2))
  Rows Removed by Filter: 1976842
Planning time: 0.318 ms
Execution time: 859.687 ms
