Hash Join  (cost=106568.31..859687.72 rows=233027 width=0) (actual time=1641.643..16646.207 rows=381620 loops=1)
  Hash Cond: (ci.movie_id = t.id)
  ->  Seq Scan on cast_info ci  (cost=0.00..614943.12 rows=36225612 width=4) (actual time=0.021..6631.838 rows=36244344 loops=1)
  ->  Hash  (cost=106365.00..106365.00 rows=16265 width=8) (actual time=1641.246..1641.246 rows=12868 loops=1)
        Buckets: 16384  Batches: 1  Memory Usage: 631kB
        ->  Hash Join  (cost=75411.94..106365.00 rows=16265 width=8) (actual time=965.722..1636.140 rows=12868 loops=1)
              Hash Cond: (mi_idx.movie_id = t.id)
              ->  Seq Scan on movie_info_idx mi_idx  (cost=0.00..25185.44 rows=454124 width=4) (actual time=0.022..483.635 rows=459925 loops=1)
                    Filter: (info_type_id = 100)
                    Rows Removed by Filter: 920110
              ->  Hash  (cost=73925.90..73925.90 rows=90563 width=4) (actual time=964.892..964.892 rows=80990 loops=1)
                    Buckets: 131072  Batches: 2  Memory Usage: 2450kB
                    ->  Seq Scan on title t  (cost=0.00..73925.90 rows=90563 width=4) (actual time=0.084..934.260 rows=80990 loops=1)
                          Filter: ((kind_id < 7) AND (production_year > 2011))
                          Rows Removed by Filter: 2447322
Planning time: 1.257 ms
Execution time: 16707.939 ms
