Hash Join  (cost=234314.86..376268.85 rows=1987881 width=0) (actual time=5335.456..11768.864 rows=14490334 loops=1)
  Hash Cond: (mk.movie_id = t.id)
  ->  Seq Scan on movie_keyword mk  (cost=0.00..81003.12 rows=2620810 width=4) (actual time=0.024..1403.405 rows=2610962 loops=1)
        Filter: (keyword_id > 3289)
        Rows Removed by Filter: 1912968
  ->  Hash  (cost=202849.31..202849.31 rows=1917884 width=8) (actual time=5334.245..5334.245 rows=1625930 loops=1)
        Buckets: 131072  Batches: 32  Memory Usage: 3057kB
        ->  Hash Join  (cost=98098.54..202849.31 rows=1917884 width=8) (actual time=2069.348..4854.228 rows=1625930 loops=1)
              Hash Cond: (mc.movie_id = t.id)
              ->  Seq Scan on movie_companies mc  (cost=0.00..44881.29 rows=2609129 width=4) (actual time=0.020..708.344 rows=2609129 loops=1)
              ->  Hash  (cost=67604.59..67604.59 rows=1858636 width=4) (actual time=2068.003..2068.003 rows=1852807 loops=1)
                    Buckets: 131072  Batches: 32  Memory Usage: 3067kB
                    ->  Seq Scan on title t  (cost=0.00..67604.59 rows=1858636 width=4) (actual time=0.015..1057.064 rows=1852807 loops=1)
                          Filter: (production_year > 1985)
                          Rows Removed by Filter: 675505
Planning time: 1.105 ms
Execution time: 13381.289 ms
