Hash Join  (cost=351480.59..1129132.71 rows=22733948 width=0) (actual time=7883.496..67044.822 rows=211146126 loops=1)
  Hash Cond: (mi.movie_id = t.id)
  ->  Seq Scan on movie_info mi  (cost=0.00..309384.22 rows=14739122 width=4) (actual time=0.008..4592.786 rows=14835720 loops=1)
  ->  Hash  (cost=287494.89..287494.89 rows=3900056 width=8) (actual time=7881.980..7881.980 rows=3903457 loops=1)
        Buckets: 131072  Batches: 64  Memory Usage: 3509kB
        ->  Hash Join  (cost=102767.86..287494.89 rows=3900056 width=8) (actual time=1793.083..6677.045 rows=3903457 loops=1)
              Hash Cond: (mk.movie_id = t.id)
              ->  Seq Scan on movie_keyword mk  (cost=0.00..81003.12 rows=3900056 width=4) (actual time=0.022..1522.680 rows=3903457 loops=1)
                    Filter: (keyword_id > 476)
                    Rows Removed by Filter: 620473
              ->  Hash  (cost=61283.27..61283.27 rows=2528527 width=4) (actual time=1790.859..1790.859 rows=2528312 loops=1)
                    Buckets: 131072  Batches: 64  Memory Usage: 2425kB
                    ->  Seq Scan on title t  (cost=0.00..61283.27 rows=2528527 width=4) (actual time=0.021..903.877 rows=2528312 loops=1)
Planning time: 1.121 ms
Execution time: 89231.179 ms
