Hash Join  (cost=239565.44..795995.93 rows=5454464 width=0) (actual time=4183.393..15647.361 rows=2319557 loops=1)
  Hash Cond: (mi.movie_id = t.id)
  ->  Seq Scan on movie_info mi  (cost=0.00..309384.22 rows=14739122 width=4) (actual time=0.027..4396.043 rows=14835720 loops=1)
  ->  Hash  (cost=224212.88..224212.88 rows=935725 width=8) (actual time=4141.267..4141.267 rows=210070 loops=1)
        Buckets: 131072  Batches: 16  Memory Usage: 1516kB
        ->  Hash Join  (cost=83189.08..224212.88 rows=935725 width=8) (actual time=1290.669..4087.835 rows=210070 loops=1)
              Hash Cond: (mk.movie_id = t.id)
              ->  Seq Scan on movie_keyword mk  (cost=0.00..81003.12 rows=4190780 width=4) (actual time=0.021..1450.457 rows=4192197 loops=1)
                    Filter: (keyword_id < 49773)
                    Rows Removed by Filter: 331733
              ->  Hash  (cost=73925.90..73925.90 rows=564574 width=4) (actual time=1080.176..1080.176 rows=454234 loops=1)
                    Buckets: 131072  Batches: 8  Memory Usage: 3010kB
                    ->  Seq Scan on title t  (cost=0.00..73925.90 rows=564574 width=4) (actual time=117.393..933.798 rows=454234 loops=1)
                          Filter: ((production_year < 1998) AND (kind_id = 7))
                          Rows Removed by Filter: 2074078
Planning time: 10.972 ms
Execution time: 15880.609 ms
