Seq Scan on cast_info ci  (cost=0.00..796071.18 rows=1392100 width=0) (actual time=0.017..9271.029 rows=2764997 loops=1)
  Filter: ((person_id < 367793) AND (role_id = 1))
  Rows Removed by Filter: 33479347
Planning time: 0.413 ms
Execution time: 9622.949 ms
