Hash Join  (cost=138936.05..507932.28 rows=434031 width=0) (actual time=2274.239..9421.519 rows=855307 loops=1)
  Hash Cond: (mi.movie_id = t.id)
  ->  Seq Scan on movie_info mi  (cost=0.00..309384.22 rows=14739122 width=4) (actual time=0.020..3151.707 rows=14835720 loops=1)
  ->  Hash  (cost=138005.31..138005.31 rows=74459 width=8) (actual time=2273.549..2273.549 rows=62484 loops=1)
        Buckets: 131072  Batches: 1  Memory Usage: 3465kB
        ->  Hash Join  (cost=69928.56..138005.31 rows=74459 width=8) (actual time=873.376..2250.564 rows=62484 loops=1)
              Hash Cond: (mc.movie_id = t.id)
              ->  Seq Scan on movie_companies mc  (cost=0.00..51404.11 rows=1329612 width=4) (actual time=0.319..834.215 rows=1334883 loops=1)
                    Filter: (company_type_id > 1)
                    Rows Removed by Filter: 1274246
              ->  Hash  (cost=67604.59..67604.59 rows=141598 width=4) (actual time=872.333..872.333 rows=141703 loops=1)
                    Buckets: 131072  Batches: 2  Memory Usage: 3511kB
                    ->  Seq Scan on title t  (cost=0.00..67604.59 rows=141598 width=4) (actual time=0.018..822.110 rows=141703 loops=1)
                          Filter: (production_year = 2010)
                          Rows Removed by Filter: 2386609
Planning time: 2.166 ms
Execution time: 9535.168 ms
