Seq Scan on movie_keyword mk  (cost=0.00..81003.12 rows=2874384 width=0) (actual time=0.025..1281.709 rows=2865154 loops=1)
  Filter: (keyword_id > 2545)
  Rows Removed by Filter: 1658776
Planning time: 0.345 ms
Execution time: 1633.859 ms
