Hash Join  (cost=107755.55..152714.92 rows=439531 width=0) (actual time=1927.483..3174.667 rows=458182 loops=1)
  Hash Cond: (mi_idx.movie_id = t.id)
  ->  Seq Scan on movie_info_idx mi_idx  (cost=0.00..25185.44 rows=454124 width=4) (actual time=0.021..426.542 rows=459925 loops=1)
        Filter: (info_type_id = 100)
        Rows Removed by Filter: 920110
  ->  Hash  (cost=67604.59..67604.59 rows=2447277 width=4) (actual time=1926.181..1926.181 rows=2444984 loops=1)
        Buckets: 131072  Batches: 32  Memory Usage: 3710kB
        ->  Seq Scan on title t  (cost=0.00..67604.59 rows=2447277 width=4) (actual time=0.014..1131.953 rows=2444984 loops=1)
              Filter: (production_year > 1902)
              Rows Removed by Filter: 83328
Planning time: 0.733 ms
Execution time: 3228.822 ms
