Seq Scan on movie_companies mc  (cost=0.00..57926.93 rows=53 width=0) (actual time=283.431..904.164 rows=1384 loops=1)
  Filter: ((company_id = 3283) AND (company_type_id = 2))
  Rows Removed by Filter: 2607745
Planning time: 0.425 ms
Execution time: 904.465 ms
