Hash Join  (cost=204137.28..715887.61 rows=1267046 width=0) (actual time=4467.995..22797.047 rows=30178812 loops=1)
  Hash Cond: (mi.movie_id = t.id)
  ->  Seq Scan on movie_info mi  (cost=0.00..309384.22 rows=14739122 width=4) (actual time=0.014..4684.400 rows=14835720 loops=1)
  ->  Hash  (cost=200570.22..200570.22 rows=217365 width=8) (actual time=4466.176..4466.176 rows=787334 loops=1)
        Buckets: 131072 (originally 131072)  Batches: 16 (originally 4)  Memory Usage: 3073kB
        ->  Hash Join  (cost=75919.53..200570.22 rows=217365 width=8) (actual time=942.521..4193.493 rows=787334 loops=1)
              Hash Cond: (mk.movie_id = t.id)
              ->  Seq Scan on movie_keyword mk  (cost=0.00..69693.30 rows=4523930 width=4) (actual time=0.023..1227.278 rows=4523930 loops=1)
              ->  Hash  (cost=73925.90..73925.90 rows=121490 width=4) (actual time=941.457..941.457 rows=222618 loops=1)
                    Buckets: 131072 (originally 131072)  Batches: 4 (originally 2)  Memory Usage: 3073kB
                    ->  Seq Scan on title t  (cost=0.00..73925.90 rows=121490 width=4) (actual time=0.077..863.502 rows=222618 loops=1)
                          Filter: ((kind_id < 7) AND (production_year < 1966))
                          Rows Removed by Filter: 2305694
Planning time: 1.155 ms
Execution time: 25847.965 ms
