Seq Scan on cast_info ci  (cost=0.00..796071.18 rows=1234962 width=0) (actual time=6478.628..12643.049 rows=1239985 loops=1)
  Filter: ((person_id > 1011503) AND (role_id = 8))
  Rows Removed by Filter: 35004359
Planning time: 0.397 ms
Execution time: 12790.550 ms
