Hash Join  (cost=174277.91..298275.32 rows=163738 width=0) (actual time=2927.102..5582.523 rows=1115916 loops=1)
  Hash Cond: (mk.movie_id = t.id)
  ->  Seq Scan on movie_keyword mk  (cost=0.00..69693.30 rows=4523930 width=4) (actual time=0.015..1108.875 rows=4523930 loops=1)
  ->  Hash  (cost=172775.94..172775.94 rows=91517 width=8) (actual time=2925.668..2925.668 rows=146931 loops=1)
        Buckets: 131072  Batches: 2  Memory Usage: 3910kB
        ->  Hash Join  (cost=102767.86..172775.94 rows=91517 width=8) (actual time=1613.860..2871.296 rows=146931 loops=1)
              Hash Cond: (mc.movie_id = t.id)
              ->  Seq Scan on movie_companies mc  (cost=0.00..57926.93 rows=91517 width=4) (actual time=0.037..691.838 rows=146931 loops=1)
                    Filter: ((company_id < 49) AND (company_type_id = 1))
                    Rows Removed by Filter: 2462198
              ->  Hash  (cost=61283.27..61283.27 rows=2528527 width=4) (actual time=1613.081..1613.081 rows=2528312 loops=1)
                    Buckets: 131072  Batches: 64  Memory Usage: 2415kB
                    ->  Seq Scan on title t  (cost=0.00..61283.27 rows=2528527 width=4) (actual time=0.023..778.971 rows=2528312 loops=1)
Planning time: 1.149 ms
Execution time: 5715.847 ms
