Seq Scan on movie_companies mc  (cost=0.00..51404.11 rows=773660 width=0) (actual time=0.019..739.013 rows=778338 loops=1)
  Filter: (company_id > 32796)
  Rows Removed by Filter: 1830791
Planning time: 0.370 ms
Execution time: 825.853 ms
