Hash Join  (cost=106996.59..910768.32 rows=455508 width=0) (actual time=1918.559..21191.937 rows=962908 loops=1)
  Hash Cond: (ci.movie_id = t.id)
  ->  Seq Scan on cast_info ci  (cost=0.00..705507.15 rows=24989213 width=4) (actual time=0.017..12325.741 rows=25084604 loops=1)
        Filter: (person_id > 1095111)
        Rows Removed by Filter: 11159740
  ->  Hash  (cost=106420.47..106420.47 rows=46090 width=8) (actual time=1918.116..1918.116 rows=40222 loops=1)
        Buckets: 65536  Batches: 1  Memory Usage: 2084kB
        ->  Hash Join  (cost=69694.50..106420.47 rows=46090 width=8) (actual time=1046.326..1903.549 rows=40222 loops=1)
              Hash Cond: (mi_idx.movie_id = t.id)
              ->  Seq Scan on movie_info_idx mi_idx  (cost=0.00..25185.44 rows=915101 width=4) (actual time=0.017..498.944 rows=919850 loops=1)
                    Filter: (info_type_id < 101)
                    Rows Removed by Filter: 460185
              ->  Hash  (cost=67604.59..67604.59 rows=127353 width=4) (actual time=1045.454..1045.454 rows=128696 loops=1)
                    Buckets: 131072  Batches: 2  Memory Usage: 3284kB
                    ->  Seq Scan on title t  (cost=0.00..67604.59 rows=127353 width=4) (actual time=0.017..999.808 rows=128696 loops=1)
                          Filter: (production_year = 2009)
                          Rows Removed by Filter: 2399616
Planning time: 1.164 ms
Execution time: 21320.341 ms
