Seq Scan on movie_keyword mk  (cost=0.00..81003.12 rows=1203472 width=0) (actual time=0.026..1253.725 rows=1201874 loops=1)
  Filter: (keyword_id < 1500)
  Rows Removed by Filter: 3322056
Planning time: 0.347 ms
Execution time: 1404.081 ms
