Hash Join  (cost=102767.86..222492.31 rows=2428698 width=0) (actual time=2061.934..5541.111 rows=2427357 loops=1)
  Hash Cond: (mc.movie_id = t.id)
  ->  Seq Scan on movie_companies mc  (cost=0.00..51404.11 rows=2428698 width=4) (actual time=0.021..1035.993 rows=2427357 loops=1)
        Filter: (company_id > 41)
        Rows Removed by Filter: 181772
  ->  Hash  (cost=61283.27..61283.27 rows=2528527 width=4) (actual time=2060.226..2060.226 rows=2528312 loops=1)
        Buckets: 131072  Batches: 64  Memory Usage: 2415kB
        ->  Seq Scan on title t  (cost=0.00..61283.27 rows=2528527 width=4) (actual time=0.023..893.052 rows=2528312 loops=1)
Planning time: 0.717 ms
Execution time: 5850.815 ms
