Hash Join  (cost=604869.42..2116861.79 rows=24509619 width=0) (actual time=15123.002..76246.323 rows=116273212 loops=1)
  Hash Cond: (ci.movie_id = t.id)
  ->  Seq Scan on cast_info ci  (cost=0.00..614943.12 rows=36225612 width=4) (actual time=0.018..10742.862 rows=36244344 loops=1)
  ->  Hash  (cost=576801.95..576801.95 rows=1710757 width=8) (actual time=15121.391..15121.391 rows=4605534 loops=1)
        Buckets: 131072 (originally 131072)  Batches: 64 (originally 32)  Memory Usage: 3881kB
        ->  Hash Join  (cost=78741.46..576801.95 rows=1710757 width=8) (actual time=984.193..13786.330 rows=4605534 loops=1)
              Hash Cond: (mi.movie_id = t.id)
              ->  Seq Scan on movie_info mi  (cost=0.00..309384.22 rows=14739122 width=4) (actual time=0.011..4691.805 rows=14835720 loops=1)
              ->  Hash  (cost=73925.90..73925.90 rows=293484 width=4) (actual time=983.347..983.347 rows=411690 loops=1)
                    Buckets: 131072 (originally 131072)  Batches: 8 (originally 4)  Memory Usage: 3073kB
                    ->  Seq Scan on title t  (cost=0.00..73925.90 rows=293484 width=4) (actual time=0.022..858.716 rows=411690 loops=1)
                          Filter: ((kind_id < 7) AND (production_year < 1993))
                          Rows Removed by Filter: 2116622
Planning time: 0.832 ms
Execution time: 89562.266 ms
