Seq Scan on movie_keyword mk  (cost=0.00..81003.12 rows=246 width=0) (actual time=81.452..1138.781 rows=59 loops=1)
  Filter: (keyword_id = 1137)
  Rows Removed by Filter: 4523871
Planning time: 0.377 ms
Execution time: 1138.900 ms
