Seq Scan on cast_info ci  (cost=0.00..705507.15 rows=24714589 width=0) (actual time=0.023..10243.884 rows=24823747 loops=1)
  Filter: (person_id > 1122394)
  Rows Removed by Filter: 11420597
Planning time: 0.337 ms
Execution time: 13194.393 ms
