Hash Join  (cost=122183.05..612315.39 rows=967740 width=0) (actual time=2517.295..14653.986 rows=7266248 loops=1)
  Hash Cond: (mi.movie_id = t.id)
  ->  Seq Scan on movie_info mi  (cost=0.00..309384.22 rows=14739122 width=4) (actual time=0.022..4614.247 rows=14835720 loops=1)
  ->  Hash  (cost=119458.83..119458.83 rows=166018 width=8) (actual time=2516.173..2516.173 rows=390434 loops=1)
        Buckets: 131072 (originally 131072)  Batches: 8 (originally 4)  Memory Usage: 3073kB
        ->  Hash Join  (cost=78917.17..119458.83 rows=166018 width=8) (actual time=1123.115..2383.805 rows=390434 loops=1)
              Hash Cond: (mi_idx.movie_id = t.id)
              ->  Seq Scan on movie_info_idx mi_idx  (cost=0.00..21735.35 rows=1380035 width=4) (actual time=0.021..404.007 rows=1380035 loops=1)
              ->  Hash  (cost=73925.90..73925.90 rows=304181 width=4) (actual time=1122.087..1122.087 rows=422218 loops=1)
                    Buckets: 131072 (originally 131072)  Batches: 8 (originally 4)  Memory Usage: 3073kB
                    ->  Seq Scan on title t  (cost=0.00..73925.90 rows=304181 width=4) (actual time=0.024..973.101 rows=422218 loops=1)
                          Filter: ((kind_id < 7) AND (production_year < 1994))
                          Rows Removed by Filter: 2106094
Planning time: 1.254 ms
Execution time: 15335.263 ms
