Hash Join  (cost=205019.31..724931.95 rows=3758772 width=0) (actual time=4087.495..25385.732 rows=39218755 loops=1)
  Hash Cond: (mi.movie_id = t.id)
  ->  Seq Scan on movie_info mi  (cost=0.00..309384.22 rows=14739122 width=4) (actual time=0.019..4613.451 rows=14835720 loops=1)
  ->  Hash  (cost=194439.99..194439.99 rows=644825 width=8) (actual time=4086.141..4086.141 rows=860979 loops=1)
        Buckets: 131072  Batches: 16  Memory Usage: 3225kB
        ->  Hash Join  (cost=85280.32..194439.99 rows=644825 width=8) (actual time=1369.955..3812.788 rows=860979 loops=1)
              Hash Cond: (mk.movie_id = t.id)
              ->  Seq Scan on movie_keyword mk  (cost=0.00..81003.12 rows=1513412 width=4) (actual time=0.022..1299.283 rows=1524639 loops=1)
                    Filter: (keyword_id < 2215)
                    Rows Removed by Filter: 2999291
              ->  Hash  (cost=67604.59..67604.59 rows=1077339 width=4) (actual time=1369.137..1369.137 rows=1074765 loops=1)
                    Buckets: 131072  Batches: 16  Memory Usage: 3396kB
                    ->  Seq Scan on title t  (cost=0.00..67604.59 rows=1077339 width=4) (actual time=0.028..1015.387 rows=1074765 loops=1)
                          Filter: (production_year < 2001)
                          Rows Removed by Filter: 1453547
Planning time: 1.239 ms
Execution time: 30145.199 ms
