Seq Scan on movie_companies mc  (cost=0.00..57926.93 rows=4609 width=0) (actual time=203.890..640.331 rows=3656 loops=1)
  Filter: ((company_id = 1451) AND (company_type_id = 2))
  Rows Removed by Filter: 2605473
Planning time: 0.357 ms
Execution time: 641.037 ms
