Seq Scan on cast_info ci  (cost=0.00..796071.18 rows=15700433 width=0) (actual time=4759.045..14124.013 rows=14977257 loops=1)
  Filter: ((person_id < 3839764) AND (role_id > 2))
  Rows Removed by Filter: 21267087
Planning time: 0.377 ms
Execution time: 15804.643 ms
