Seq Scan on cast_info ci  (cost=0.00..796071.18 rows=5063395 width=0) (actual time=1593.190..11480.676 rows=2431801 loops=1)
  Filter: ((person_id < 1927445) AND (role_id > 4))
  Rows Removed by Filter: 33812543
Planning time: 0.391 ms
Execution time: 11814.653 ms
