Hash Join  (cost=73950.44..876284.14 rows=1294 width=0) (actual time=5756.135..14529.740 rows=5221 loops=1)
  Hash Cond: (ci.movie_id = t.id)
  ->  Seq Scan on cast_info ci  (cost=0.00..796071.18 rows=1666555 width=4) (actual time=5080.809..13573.722 rows=1703543 loops=1)
        Filter: ((person_id < 3774536) AND (role_id = 8))
        Rows Removed by Filter: 34540801
  ->  Hash  (cost=73925.90..73925.90 rows=1963 width=4) (actual time=674.910..674.910 rows=5461 loops=1)
        Buckets: 8192 (originally 2048)  Batches: 1 (originally 1)  Memory Usage: 256kB
        ->  Seq Scan on title t  (cost=0.00..73925.90 rows=1963 width=4) (actual time=0.212..672.671 rows=5461 loops=1)
              Filter: ((kind_id < 2) AND (production_year = 1990))
              Rows Removed by Filter: 2522851
Planning time: 0.841 ms
Execution time: 14530.778 ms
