Hash Join  (cost=102767.86..214201.43 rows=854058 width=0) (actual time=1645.884..3833.989 rows=861528 loops=1)
  Hash Cond: (mk.movie_id = t.id)
  ->  Seq Scan on movie_keyword mk  (cost=0.00..81003.12 rows=854058 width=4) (actual time=0.023..1199.075 rows=861528 loops=1)
        Filter: (keyword_id > 21360)
        Rows Removed by Filter: 3662402
  ->  Hash  (cost=61283.27..61283.27 rows=2528527 width=4) (actual time=1643.648..1643.648 rows=2528312 loops=1)
        Buckets: 131072  Batches: 64  Memory Usage: 2425kB
        ->  Seq Scan on title t  (cost=0.00..61283.27 rows=2528527 width=4) (actual time=0.019..780.404 rows=2528312 loops=1)
Planning time: 0.766 ms
Execution time: 3929.661 ms
