Hash Join  (cost=84832.42..169338.46 rows=685952 width=0) (actual time=1705.905..4143.663 rows=419354 loops=1)
  Hash Cond: (mc.movie_id = t.id)
  ->  Seq Scan on movie_companies mc  (cost=0.00..44881.29 rows=2609129 width=4) (actual time=0.017..986.985 rows=2609129 loops=1)
  ->  Hash  (cost=73925.90..73925.90 rows=664761 width=4) (actual time=1704.640..1704.640 rows=704326 loops=1)
        Buckets: 131072  Batches: 16  Memory Usage: 2575kB
        ->  Seq Scan on title t  (cost=0.00..73925.90 rows=664761 width=4) (actual time=0.020..1475.108 rows=704326 loops=1)
              Filter: ((kind_id > 1) AND (production_year > 2006))
              Rows Removed by Filter: 1823986
Planning time: 0.823 ms
Execution time: 4196.814 ms
