Hash Join  (cost=101573.55..188375.71 rows=14412 width=0) (actual time=1584.637..2624.479 rows=115135 loops=1)
  Hash Cond: (mk.movie_id = t.id)
  ->  Seq Scan on movie_keyword mk  (cost=0.00..69693.30 rows=4523930 width=4) (actual time=0.012..488.646 rows=4523930 loops=1)
  ->  Hash  (cost=101472.86..101472.86 rows=8055 width=8) (actual time=1584.037..1584.037 rows=12816 loops=1)
        Buckets: 16384 (originally 8192)  Batches: 1 (originally 1)  Memory Usage: 629kB
        ->  Hash Join  (cost=74478.21..101472.86 rows=8055 width=8) (actual time=1010.074..1578.551 rows=12816 loops=1)
              Hash Cond: (mi_idx.movie_id = t.id)
              ->  Seq Scan on movie_info_idx mi_idx  (cost=0.00..25185.44 rows=460978 width=4) (actual time=0.024..446.408 rows=459925 loops=1)
                    Filter: (info_type_id < 100)
                    Rows Removed by Filter: 920110
              ->  Hash  (cost=73925.90..73925.90 rows=44184 width=4) (actual time=1009.343..1009.343 rows=35489 loops=1)
                    Buckets: 65536  Batches: 1  Memory Usage: 1760kB
                    ->  Seq Scan on title t  (cost=0.00..73925.90 rows=44184 width=4) (actual time=0.034..994.475 rows=35489 loops=1)
                          Filter: ((kind_id < 7) AND (production_year = 2007))
                          Rows Removed by Filter: 2492823
Planning time: 1.220 ms
Execution time: 2634.352 ms
