Nested Loop  (cost=0.43..58375.31 rows=19 width=0) (actual time=55.817..680.763 rows=1 loops=1)
  ->  Seq Scan on movie_companies mc  (cost=0.00..57926.93 rows=53 width=4) (actual time=0.258..678.689 rows=91 loops=1)
        Filter: ((company_id = 100782) AND (company_type_id = 2))
        Rows Removed by Filter: 2609038
  ->  Index Scan using title_pkey on title t  (cost=0.43..8.45 rows=1 width=4) (actual time=0.022..0.022 rows=0 loops=91)
        Index Cond: (id = mc.movie_id)
        Filter: (production_year > 2006)
        Rows Removed by Filter: 1
Planning time: 0.839 ms
Execution time: 680.884 ms
