Hash Join  (cost=83074.74..137742.81 rows=254 width=0) (actual time=1008.503..1861.702 rows=107 loops=1)
  Hash Cond: (mc.movie_id = t.id)
  ->  Seq Scan on movie_companies mc  (cost=0.00..44881.29 rows=2609129 width=4) (actual time=0.030..431.742 rows=2609129 loops=1)
  ->  Hash  (cost=83071.67..83071.67 rows=246 width=8) (actual time=1000.315..1000.315 rows=32 loops=1)
        Buckets: 1024  Batches: 1  Memory Usage: 10kB
        ->  Nested Loop  (cost=0.43..83071.67 rows=246 width=8) (actual time=54.176..1000.266 rows=32 loops=1)
              ->  Seq Scan on movie_keyword mk  (cost=0.00..81003.12 rows=246 width=4) (actual time=54.087..998.875 rows=32 loops=1)
                    Filter: (keyword_id = 4128)
                    Rows Removed by Filter: 4523898
              ->  Index Only Scan using title_pkey on title t  (cost=0.43..8.40 rows=1 width=4) (actual time=0.037..0.038 rows=1 loops=32)
                    Index Cond: (id = mk.movie_id)
                    Heap Fetches: 32
Planning time: 1.189 ms
Execution time: 1861.848 ms
