Hash Join  (cost=74403.17..161744.33 rows=68312 width=0) (actual time=926.101..2608.127 rows=127883 loops=1)
  Hash Cond: (mk.movie_id = t.id)
  ->  Seq Scan on movie_keyword mk  (cost=0.00..69693.30 rows=4523930 width=4) (actual time=0.025..797.739 rows=4523930 loops=1)
  ->  Hash  (cost=73925.90..73925.90 rows=38181 width=4) (actual time=925.717..925.717 rows=32218 loops=1)
        Buckets: 65536  Batches: 1  Memory Usage: 1645kB
        ->  Seq Scan on title t  (cost=0.00..73925.90 rows=38181 width=4) (actual time=0.669..911.825 rows=32218 loops=1)
              Filter: ((kind_id < 3) AND (production_year = 2009))
              Rows Removed by Filter: 2496094
Planning time: 0.735 ms
Execution time: 2625.013 ms
