Hash Join  (cost=234525.06..281676.09 rows=551255 width=0) (actual time=4393.761..6070.444 rows=2334529 loops=1)
  Hash Cond: (mi_idx.movie_id = t.id)
  ->  Seq Scan on movie_info_idx mi_idx  (cost=0.00..21735.35 rows=1380035 width=4) (actual time=0.020..329.918 rows=1380035 loops=1)
  ->  Hash  (cost=217953.81..217953.81 rows=1010020 width=8) (actual time=4392.846..4392.846 rows=1016869 loops=1)
        Buckets: 131072  Batches: 16  Memory Usage: 3563kB
        ->  Hash Join  (cost=102767.86..217953.81 rows=1010020 width=8) (actual time=1701.044..4103.601 rows=1016869 loops=1)
              Hash Cond: (mk.movie_id = t.id)
              ->  Seq Scan on movie_keyword mk  (cost=0.00..81003.12 rows=1010020 width=4) (actual time=0.014..1218.233 rows=1016869 loops=1)
                    Filter: (keyword_id > 17741)
                    Rows Removed by Filter: 3507061
              ->  Hash  (cost=61283.27..61283.27 rows=2528527 width=4) (actual time=1697.926..1697.926 rows=2528312 loops=1)
                    Buckets: 131072  Batches: 64  Memory Usage: 2425kB
                    ->  Seq Scan on title t  (cost=0.00..61283.27 rows=2528527 width=4) (actual time=0.018..836.789 rows=2528312 loops=1)
Planning time: 1.107 ms
Execution time: 6364.384 ms
