Seq Scan on movie_keyword mk  (cost=0.00..81003.12 rows=246 width=0) (actual time=7.466..582.243 rows=165 loops=1)
  Filter: (keyword_id = 1306)
  Rows Removed by Filter: 4523765
Planning time: 0.377 ms
Execution time: 582.352 ms
