Nested Loop  (cost=0.43..83072.29 rows=90 width=0) (actual time=17.129..1000.341 rows=122 loops=1)
  ->  Seq Scan on movie_keyword mk  (cost=0.00..81003.12 rows=246 width=4) (actual time=17.066..995.574 rows=153 loops=1)
        Filter: (keyword_id = 81)
        Rows Removed by Filter: 4523777
  ->  Index Scan using title_pkey on title t  (cost=0.43..8.40 rows=1 width=4) (actual time=0.028..0.029 rows=1 loops=153)
        Index Cond: (id = mk.movie_id)
        Filter: (production_year < 1998)
        Rows Removed by Filter: 0
Planning time: 0.777 ms
Execution time: 1000.536 ms
