Seq Scan on movie_companies mc  (cost=0.00..51404.11 rows=104 width=0) (actual time=2.000..672.050 rows=976 loops=1)
  Filter: (company_id = 184)
  Rows Removed by Filter: 2608153
Planning time: 0.335 ms
Execution time: 672.375 ms
