Hash Join  (cost=102767.86..214262.59 rows=856591 width=0) (actual time=1643.953..3959.874 rows=864018 loops=1)
  Hash Cond: (mk.movie_id = t.id)
  ->  Seq Scan on movie_keyword mk  (cost=0.00..81003.12 rows=856591 width=4) (actual time=0.014..1098.634 rows=864018 loops=1)
        Filter: (keyword_id > 21304)
        Rows Removed by Filter: 3659912
  ->  Hash  (cost=61283.27..61283.27 rows=2528527 width=4) (actual time=1642.876..1642.876 rows=2528312 loops=1)
        Buckets: 131072  Batches: 64  Memory Usage: 2425kB
        ->  Seq Scan on title t  (cost=0.00..61283.27 rows=2528527 width=4) (actual time=0.023..794.157 rows=2528312 loops=1)
Planning time: 0.757 ms
Execution time: 4049.692 ms
