Seq Scan on cast_info ci  (cost=0.00..796071.18 rows=369 width=0) (actual time=1563.717..12453.101 rows=3 loops=1)
  Filter: ((role_id < 5) AND (person_id = 2755687))
  Rows Removed by Filter: 36244341
Planning time: 4.078 ms
Execution time: 12453.230 ms
