Hash Join  (cost=117947.23..570492.70 rows=348500 width=0) (actual time=2136.134..12388.559 rows=3236662 loops=1)
  Hash Cond: (mi.movie_id = t.id)
  ->  Seq Scan on movie_info mi  (cost=0.00..346232.03 rows=8859586 width=4) (actual time=0.013..5255.726 rows=8966694 loops=1)
        Filter: (info_type_id < 15)
        Rows Removed by Filter: 5869026
  ->  Hash  (cost=116314.96..116314.96 rows=99462 width=8) (actual time=2131.906..2131.906 rows=277129 loops=1)
        Buckets: 131072 (originally 131072)  Batches: 4 (originally 2)  Memory Usage: 3746kB
        ->  Hash Join  (cost=76915.85..116314.96 rows=99462 width=8) (actual time=1228.887..2043.205 rows=277129 loops=1)
              Hash Cond: (mi_idx.movie_id = t.id)
              ->  Seq Scan on movie_info_idx mi_idx  (cost=0.00..21735.35 rows=1380035 width=4) (actual time=0.024..380.616 rows=1380035 loops=1)
              ->  Hash  (cost=73925.90..73925.90 rows=182236 width=4) (actual time=993.440..993.440 rows=315565 loops=1)
                    Buckets: 131072  Batches: 4  Memory Usage: 3798kB
                    ->  Seq Scan on title t  (cost=0.00..73925.90 rows=182236 width=4) (actual time=281.835..893.112 rows=315565 loops=1)
                          Filter: ((production_year < 1990) AND (kind_id = 1))
                          Rows Removed by Filter: 2212747
Planning time: 1.234 ms
Execution time: 12778.653 ms
