Hash Join  (cost=101707.31..160589.65 rows=1134481 width=0) (actual time=1967.138..4063.780 rows=1152401 loops=1)
  Hash Cond: (mi_idx.movie_id = t.id)
  ->  Seq Scan on movie_info_idx mi_idx  (cost=0.00..21735.35 rows=1380035 width=4) (actual time=0.010..464.357 rows=1380035 loops=1)
  ->  Hash  (cost=67604.59..67604.59 rows=2078618 width=4) (actual time=1966.223..1966.223 rows=2074788 loops=1)
        Buckets: 131072  Batches: 32  Memory Usage: 3309kB
        ->  Seq Scan on title t  (cost=0.00..67604.59 rows=2078618 width=4) (actual time=0.016..1313.576 rows=2074788 loops=1)
              Filter: (production_year > 1970)
              Rows Removed by Filter: 453524
Planning time: 0.547 ms
Execution time: 4202.084 ms
