Hash Join  (cost=80380.17..509392.28 rows=1677066 width=0) (actual time=1904.760..9703.152 rows=2130453 loops=1)
  Hash Cond: (mi.movie_id = t.id)
  ->  Seq Scan on movie_info mi  (cost=0.00..346232.03 rows=5445713 width=4) (actual time=693.867..4821.019 rows=5410520 loops=1)
        Filter: (info_type_id < 6)
        Rows Removed by Filter: 9425200
  ->  Hash  (cost=67604.59..67604.59 rows=778687 width=4) (actual time=1210.021..1210.021 rows=782677 loops=1)
        Buckets: 131072  Batches: 16  Memory Usage: 2751kB
        ->  Seq Scan on title t  (cost=0.00..67604.59 rows=778687 width=4) (actual time=0.026..948.488 rows=782677 loops=1)
              Filter: (production_year < 1994)
              Rows Removed by Filter: 1745635
Planning time: 0.831 ms
Execution time: 9961.666 ms
