Seq Scan on movie_companies mc  (cost=0.00..51404.11 rows=2375925 width=0) (actual time=0.022..800.476 rows=2374522 loops=1)
  Filter: (company_id < 104240)
  Rows Removed by Filter: 234607
Planning time: 0.320 ms
Execution time: 1100.354 ms
