Hash Join  (cost=94699.36..155774.86 rows=4122 width=0) (actual time=1631.403..3059.551 rows=29813 loops=1)
  Hash Cond: (mc.movie_id = t.id)
  ->  Seq Scan on movie_companies mc  (cost=0.00..51404.11 rows=2568045 width=4) (actual time=0.011..1001.730 rows=2568882 loops=1)
        Filter: (company_id < 199242)
        Rows Removed by Filter: 40247
  ->  Hash  (cost=94648.62..94648.62 rows=4059 width=8) (actual time=1630.744..1630.744 rows=9615 loops=1)
        Buckets: 16384 (originally 4096)  Batches: 1 (originally 1)  Memory Usage: 504kB
        ->  Hash Join  (cost=67697.55..94648.62 rows=4059 width=8) (actual time=1019.929..1626.754 rows=9615 loops=1)
              Hash Cond: (mi_idx.movie_id = t.id)
              ->  Seq Scan on movie_info_idx mi_idx  (cost=0.00..21735.35 rows=1380035 width=4) (actual time=0.016..297.133 rows=1380035 loops=1)
              ->  Hash  (cost=67604.59..67604.59 rows=7437 width=4) (actual time=1019.307..1019.307 rows=14284 loops=1)
                    Buckets: 16384 (originally 8192)  Batches: 1 (originally 1)  Memory Usage: 631kB
                    ->  Seq Scan on title t  (cost=0.00..67604.59 rows=7437 width=4) (actual time=0.077..1012.694 rows=14284 loops=1)
                          Filter: (production_year = 1973)
                          Rows Removed by Filter: 2514028
Planning time: 1.186 ms
Execution time: 3063.952 ms
