Seq Scan on title t  (cost=0.00..67604.59 rows=2301128 width=0) (actual time=0.016..1004.524 rows=2292034 loops=1)
  Filter: (production_year > 1949)
  Rows Removed by Filter: 236278
Planning time: 0.319 ms
Execution time: 1312.424 ms
