Hash Join  (cost=102275.51..157268.10 rows=32707 width=0) (actual time=1951.664..3593.805 rows=419029 loops=1)
  Hash Cond: (mc.movie_id = t.id)
  ->  Seq Scan on movie_companies mc  (cost=0.00..44881.29 rows=2609129 width=4) (actual time=0.011..502.841 rows=2609129 loops=1)
  ->  Hash  (cost=101879.29..101879.29 rows=31697 width=8) (actual time=1951.401..1951.401 rows=109480 loops=1)
        Buckets: 131072 (originally 32768)  Batches: 2 (originally 1)  Memory Usage: 3151kB
        ->  Hash Join  (cost=74651.84..101879.29 rows=31697 width=8) (actual time=967.766..1910.871 rows=109480 loops=1)
              Hash Cond: (mi_idx.movie_id = t.id)
              ->  Seq Scan on movie_info_idx mi_idx  (cost=0.00..21735.35 rows=1380035 width=4) (actual time=0.019..263.917 rows=1380035 loops=1)
              ->  Hash  (cost=73925.90..73925.90 rows=58075 width=4) (actual time=967.165..967.165 rows=183177 loops=1)
                    Buckets: 131072 (originally 65536)  Batches: 4 (originally 1)  Memory Usage: 3073kB
                    ->  Seq Scan on title t  (cost=0.00..73925.90 rows=58075 width=4) (actual time=2.338..893.786 rows=183177 loops=1)
                          Filter: ((kind_id < 2) AND (production_year < 1958))
                          Rows Removed by Filter: 2345135
Planning time: 1.257 ms
Execution time: 3649.030 ms
