Hash Join  (cost=215542.31..1318546.07 rows=6736360 width=0) (actual time=4458.307..45572.977 rows=57423688 loops=1)
  Hash Cond: (ci.movie_id = t.id)
  ->  Seq Scan on cast_info ci  (cost=0.00..614943.12 rows=36225612 width=4) (actual time=0.023..9954.594 rows=36244344 loops=1)
  ->  Hash  (cost=207827.89..207827.89 rows=470194 width=8) (actual time=4457.165..4457.165 rows=1483380 loops=1)
        Buckets: 131072 (originally 131072)  Batches: 32 (originally 8)  Memory Usage: 3073kB
        ->  Hash Join  (cost=79366.51..207827.89 rows=470194 width=8) (actual time=1184.812..4127.629 rows=1483380 loops=1)
              Hash Cond: (mk.movie_id = t.id)
              ->  Seq Scan on movie_keyword mk  (cost=0.00..81003.12 rows=3585685 width=4) (actual time=0.024..1346.439 rows=3576388 loops=1)
                    Filter: (keyword_id < 20024)
                    Rows Removed by Filter: 947542
              ->  Hash  (cost=73925.90..73925.90 rows=331568 width=4) (actual time=1183.729..1183.729 rows=445194 loops=1)
                    Buckets: 131072  Batches: 8  Memory Usage: 2999kB
                    ->  Seq Scan on title t  (cost=0.00..73925.90 rows=331568 width=4) (actual time=0.016..1033.848 rows=445194 loops=1)
                          Filter: ((kind_id < 7) AND (production_year < 1996))
                          Rows Removed by Filter: 2083118
Planning time: 1.205 ms
Execution time: 51988.314 ms
