Seq Scan on cast_info ci  (cost=0.00..796071.18 rows=224 width=0) (actual time=9723.717..10415.681 rows=52 loops=1)
  Filter: ((role_id > 2) AND (person_id = 3944332))
  Rows Removed by Filter: 36244292
Planning time: 0.286 ms
Execution time: 10415.828 ms
