Seq Scan on movie_companies mc  (cost=0.00..51404.11 rows=2556607 width=0) (actual time=0.021..912.643 rows=2557711 loops=1)
  Filter: (company_id < 190352)
  Rows Removed by Filter: 51418
Planning time: 0.323 ms
Execution time: 1267.370 ms
