Seq Scan on cast_info ci  (cost=0.00..796071.18 rows=324 width=0) (actual time=30.860..12144.598 rows=404 loops=1)
  Filter: ((role_id > 1) AND (person_id = 2013110))
  Rows Removed by Filter: 36243940
Planning time: 0.410 ms
Execution time: 12144.776 ms
