Seq Scan on cast_info ci  (cost=0.00..796071.18 rows=7471780 width=0) (actual time=0.022..10677.526 rows=3189405 loops=1)
  Filter: ((person_id < 1123147) AND (role_id > 1))
  Rows Removed by Filter: 33054939
Planning time: 0.358 ms
Execution time: 11094.336 ms
