Hash Join  (cost=52284.99..402763.01 rows=47 width=209) (actual time=1772.158..6912.642 rows=46 loops=1)
  Hash Cond: (mi.movie_id = t.id)
  ->  Seq Scan on movie_info mi  (cost=0.00..346232.03 rows=1132140 width=75) (actual time=938.185..6056.044 rows=1180649 loops=1)
        Filter: (info_type_id > 42)
        Rows Removed by Filter: 13655071
  ->  Hash  (cost=52283.69..52283.69 rows=104 width=134) (actual time=731.789..731.789 rows=235 loops=1)
        Buckets: 1024  Batches: 1  Memory Usage: 42kB
        ->  Nested Loop  (cost=0.43..52283.69 rows=104 width=134) (actual time=155.405..731.561 rows=235 loops=1)
              ->  Seq Scan on movie_companies mc  (cost=0.00..51404.11 rows=104 width=40) (actual time=155.342..721.309 rows=235 loops=1)
                    Filter: (company_id = 80307)
                    Rows Removed by Filter: 2608894
              ->  Index Scan using title_pkey on title t  (cost=0.43..8.45 rows=1 width=94) (actual time=0.042..0.043 rows=1 loops=235)
                    Index Cond: (id = mc.movie_id)
Planning time: 1.429 ms
Execution time: 6912.796 ms
