Hash Join  (cost=797557.94..884218.56 rows=258 width=0) (actual time=10907.509..12051.566 rows=30 loops=1)
  Hash Cond: (mk.movie_id = t.id)
  ->  Seq Scan on movie_keyword mk  (cost=0.00..69693.30 rows=4523930 width=4) (actual time=0.020..616.948 rows=4523930 loops=1)
  ->  Hash  (cost=797556.14..797556.14 rows=144 width=8) (actual time=10779.298..10779.298 rows=71 loops=1)
        Buckets: 1024  Batches: 1  Memory Usage: 11kB
        ->  Nested Loop  (cost=0.43..797556.14 rows=144 width=8) (actual time=5287.415..10779.225 rows=71 loops=1)
              ->  Seq Scan on cast_info ci  (cost=0.00..796071.18 rows=176 width=4) (actual time=5287.258..10777.836 rows=72 loops=1)
                    Filter: ((role_id < 2) AND (person_id = 1145606))
                    Rows Removed by Filter: 36244272
              ->  Index Scan using title_pkey on title t  (cost=0.43..8.43 rows=1 width=4) (actual time=0.017..0.018 rows=1 loops=72)
                    Index Cond: (id = ci.movie_id)
                    Filter: (production_year < 2011)
                    Rows Removed by Filter: 0
Planning time: 1.199 ms
Execution time: 12051.695 ms
