Hash Join  (cost=69460.45..133221.22 rows=20077 width=0) (actual time=1137.700..2648.124 rows=27723 loops=1)
  Hash Cond: (mc.movie_id = t.id)
  ->  Seq Scan on movie_companies mc  (cost=0.00..57926.93 rows=448817 width=4) (actual time=0.030..878.307 rows=649143 loops=1)
        Filter: ((company_id < 3111) AND (company_type_id < 2))
        Rows Removed by Filter: 1959986
  ->  Hash  (cost=67604.59..67604.59 rows=113109 width=4) (actual time=1136.916..1136.916 rows=119565 loops=1)
        Buckets: 131072  Batches: 2  Memory Usage: 3115kB
        ->  Seq Scan on title t  (cost=0.00..67604.59 rows=113109 width=4) (actual time=0.012..1092.255 rows=119565 loops=1)
              Filter: (production_year = 2007)
              Rows Removed by Filter: 2408747
Planning time: 0.986 ms
Execution time: 2652.251 ms
