Hash Join  (cost=192442.26..1305778.12 rows=7742169 width=0) (actual time=3721.015..36596.587 rows=21102638 loops=1)
  Hash Cond: (ci.movie_id = t.id)
  ->  Seq Scan on cast_info ci  (cost=0.00..614943.12 rows=36225612 width=4) (actual time=0.024..9562.926 rows=36244344 loops=1)
  ->  Hash  (cost=183576.28..183576.28 rows=540399 width=8) (actual time=3719.990..3719.990 rows=840690 loops=1)
        Buckets: 131072 (originally 131072)  Batches: 16 (originally 8)  Memory Usage: 3080kB
        ->  Hash Join  (cost=102767.86..183576.28 rows=540399 width=8) (actual time=1635.343..3505.533 rows=840690 loops=1)
              Hash Cond: (mc.movie_id = t.id)
              ->  Seq Scan on movie_companies mc  (cost=0.00..57926.93 rows=540399 width=4) (actual time=0.026..898.363 rows=840690 loops=1)
                    Filter: ((company_id > 14490) AND (company_type_id = 2))
                    Rows Removed by Filter: 1768439
              ->  Hash  (cost=61283.27..61283.27 rows=2528527 width=4) (actual time=1632.910..1632.910 rows=2528312 loops=1)
                    Buckets: 131072  Batches: 64  Memory Usage: 2415kB
                    ->  Seq Scan on title t  (cost=0.00..61283.27 rows=2528527 width=4) (actual time=0.020..796.900 rows=2528312 loops=1)
Planning time: 1.246 ms
Execution time: 38921.827 ms
