Seq Scan on cast_info ci  (cost=0.00..796071.18 rows=15023408 width=0) (actual time=899.817..12428.919 rows=16765164 loops=1)
  Filter: ((person_id < 1757960) AND (role_id < 9))
  Rows Removed by Filter: 19479180
Planning time: 0.375 ms
Execution time: 14474.046 ms
