Hash Join  (cost=81097.38..212627.43 rows=782001 width=0) (actual time=1181.976..4953.118 rows=252963 loops=1)
  Hash Cond: (mk.movie_id = t.id)
  ->  Seq Scan on movie_keyword mk  (cost=0.00..69693.30 rows=4523930 width=4) (actual time=0.023..1179.633 rows=4523930 loops=1)
  ->  Hash  (cost=73925.90..73925.90 rows=437078 width=4) (actual time=1176.638..1176.638 rows=464859 loops=1)
        Buckets: 131072  Batches: 8  Memory Usage: 3076kB
        ->  Seq Scan on title t  (cost=0.00..73925.90 rows=437078 width=4) (actual time=0.025..1020.963 rows=464859 loops=1)
              Filter: ((kind_id > 3) AND (production_year > 2008))
              Rows Removed by Filter: 2063453
Planning time: 0.749 ms
Execution time: 4976.367 ms
