Hash Join  (cost=102767.86..231074.20 rows=1555275 width=0) (actual time=2722.347..5452.829 rows=1560559 loops=1)
  Hash Cond: (mk.movie_id = t.id)
  ->  Seq Scan on movie_keyword mk  (cost=0.00..81003.12 rows=1555275 width=4) (actual time=0.021..1177.793 rows=1560559 loops=1)
        Filter: (keyword_id < 2338)
        Rows Removed by Filter: 2963371
  ->  Hash  (cost=61283.27..61283.27 rows=2528527 width=4) (actual time=2721.616..2721.616 rows=2528312 loops=1)
        Buckets: 131072  Batches: 64  Memory Usage: 2425kB
        ->  Seq Scan on title t  (cost=0.00..61283.27 rows=2528527 width=4) (actual time=0.015..786.815 rows=2528312 loops=1)
Planning time: 0.762 ms
Execution time: 5640.443 ms
