Seq Scan on title t  (cost=0.00..67604.59 rows=2328942 width=0) (actual time=0.022..967.697 rows=2323095 loops=1)
  Filter: (production_year > 1936)
  Rows Removed by Filter: 205217
Planning time: 0.328 ms
Execution time: 1266.004 ms
