Nested Loop  (cost=0.43..799380.35 rows=396 width=0) (actual time=1649.316..11704.564 rows=185 loops=1)
  ->  Seq Scan on cast_info ci  (cost=0.00..796071.18 rows=396 width=4) (actual time=1649.220..11702.290 rows=185 loops=1)
        Filter: ((role_id < 8) AND (person_id = 1327316))
        Rows Removed by Filter: 36244159
  ->  Index Only Scan using title_pkey on title t  (cost=0.43..8.35 rows=1 width=4) (actual time=0.011..0.011 rows=1 loops=185)
        Index Cond: (id = ci.movie_id)
        Heap Fetches: 185
Planning time: 0.551 ms
Execution time: 11704.694 ms
