Seq Scan on movie_keyword mk  (cost=0.00..81003.12 rows=1766498 width=0) (actual time=0.022..1064.200 rows=1770363 loops=1)
  Filter: (keyword_id > 7825)
  Rows Removed by Filter: 2753567
Planning time: 0.342 ms
Execution time: 1260.570 ms
