Nested Loop  (cost=0.43..83072.29 rows=144 width=0) (actual time=6.294..674.727 rows=191 loops=1)
  ->  Seq Scan on movie_keyword mk  (cost=0.00..81003.12 rows=246 width=4) (actual time=5.521..666.502 rows=428 loops=1)
        Filter: (keyword_id = 743)
        Rows Removed by Filter: 4523502
  ->  Index Scan using title_pkey on title t  (cost=0.43..8.40 rows=1 width=4) (actual time=0.018..0.018 rows=0 loops=428)
        Index Cond: (id = mk.movie_id)
        Filter: (production_year > 1998)
        Rows Removed by Filter: 1
Planning time: 0.777 ms
Execution time: 674.901 ms
