Hash Join  (cost=464136.12..597045.62 rows=895246 width=0) (actual time=8274.080..18021.387 rows=20545447 loops=1)
  Hash Cond: (mk.movie_id = t.id)
  ->  Seq Scan on movie_keyword mk  (cost=0.00..69693.30 rows=4523930 width=4) (actual time=0.022..1485.742 rows=4523930 loops=1)
  ->  Hash  (cost=455926.46..455926.46 rows=500373 width=8) (actual time=8272.990..8272.990 rows=606792 loops=1)
        Buckets: 131072  Batches: 8  Memory Usage: 4050kB
        ->  Hash Join  (cost=77062.89..455926.46 rows=500373 width=8) (actual time=2822.757..8071.794 rows=606792 loops=1)
              Hash Cond: (mi.movie_id = t.id)
              ->  Seq Scan on movie_info mi  (cost=0.00..346232.03 rows=2194617 width=4) (actual time=1403.461..5350.129 rows=2233850 loops=1)
                    Filter: (info_type_id > 16)
                    Rows Removed by Filter: 12601870
              ->  Hash  (cost=67604.59..67604.59 rows=576504 width=4) (actual time=1388.866..1388.866 rows=568449 loops=1)
                    Buckets: 131072  Batches: 8  Memory Usage: 3519kB
                    ->  Seq Scan on title t  (cost=0.00..67604.59 rows=576504 width=4) (actual time=1.012..1194.946 rows=568449 loops=1)
                          Filter: (production_year < 1984)
                          Rows Removed by Filter: 1959863
Planning time: 1.163 ms
Execution time: 20513.953 ms
