Hash Join  (cost=88560.69..532307.74 rows=2198136 width=0) (actual time=1232.682..9635.735 rows=3469378 loops=1)
  Hash Cond: (mi.movie_id = t.id)
  ->  Seq Scan on movie_info mi  (cost=0.00..346232.03 rows=6231111 width=4) (actual time=0.009..4592.975 rows=6223494 loops=1)
        Filter: (info_type_id > 8)
        Rows Removed by Filter: 8612226
  ->  Hash  (cost=73925.90..73925.90 rows=891983 width=4) (actual time=1231.628..1231.628 rows=807055 loops=1)
        Buckets: 131072  Batches: 16  Memory Usage: 2808kB
        ->  Seq Scan on title t  (cost=0.00..73925.90 rows=891983 width=4) (actual time=0.014..966.579 rows=807055 loops=1)
              Filter: ((kind_id < 7) AND (production_year > 1952))
              Rows Removed by Filter: 1721257
Planning time: 0.802 ms
Execution time: 9982.667 ms
