Seq Scan on movie_keyword mk  (cost=0.00..81003.12 rows=4295550 width=0) (actual time=0.024..1427.854 rows=4294453 loops=1)
  Filter: (keyword_id < 63406)
  Rows Removed by Filter: 229477
Planning time: 0.340 ms
Execution time: 1989.044 ms
