Seq Scan on movie_companies mc  (cost=0.00..51404.11 rows=104 width=0) (actual time=162.657..644.741 rows=460 loops=1)
  Filter: (company_id = 1413)
  Rows Removed by Filter: 2608669
Planning time: 0.356 ms
Execution time: 644.921 ms
