Hash Join  (cost=76325.27..923752.68 rows=241838 width=0) (actual time=852.017..14511.391 rows=203630 loops=1)
  Hash Cond: (ci.movie_id = t.id)
  ->  Seq Scan on cast_info ci  (cost=0.00..796071.18 rows=4182893 width=4) (actual time=0.024..11672.594 rows=5173928 loops=1)
        Filter: ((person_id > 984448) AND (role_id > 8))
        Rows Removed by Filter: 31070416
  ->  Hash  (cost=73925.90..73925.90 rows=146189 width=4) (actual time=851.235..851.235 rows=282679 loops=1)
        Buckets: 131072 (originally 131072)  Batches: 4 (originally 2)  Memory Usage: 3507kB
        ->  Seq Scan on title t  (cost=0.00..73925.90 rows=146189 width=4) (actual time=143.674..745.344 rows=282679 loops=1)
              Filter: ((production_year < 1983) AND (kind_id = 1))
              Rows Removed by Filter: 2245633
Planning time: 0.785 ms
Execution time: 14531.723 ms
