Hash Join  (cost=88359.31..222061.80 rows=1442275 width=0) (actual time=1675.390..4873.076 rows=1876698 loops=1)
  Hash Cond: (mk.movie_id = t.id)
  ->  Seq Scan on movie_keyword mk  (cost=0.00..81003.12 rows=2882830 width=4) (actual time=0.021..1215.270 rows=2874428 loops=1)
        Filter: (keyword_id < 8903)
        Rows Removed by Filter: 1649502
  ->  Hash  (cost=67604.59..67604.59 rows=1265018 width=4) (actual time=1673.815..1673.815 rows=1263700 loops=1)
        Buckets: 131072  Batches: 32  Memory Usage: 2418kB
        ->  Seq Scan on title t  (cost=0.00..67604.59 rows=1265018 width=4) (actual time=0.017..961.631 rows=1263700 loops=1)
              Filter: (production_year < 2004)
              Rows Removed by Filter: 1264612
Planning time: 2.811 ms
Execution time: 5118.746 ms
