Hash Join  (cost=102767.86..283736.50 rows=3743847 width=0) (actual time=1685.348..6315.301 rows=3739494 loops=1)
  Hash Cond: (mk.movie_id = t.id)
  ->  Seq Scan on movie_keyword mk  (cost=0.00..81003.12 rows=3743847 width=4) (actual time=0.015..1451.276 rows=3739494 loops=1)
        Filter: (keyword_id > 748)
        Rows Removed by Filter: 784436
  ->  Hash  (cost=61283.27..61283.27 rows=2528527 width=4) (actual time=1681.806..1681.806 rows=2528312 loops=1)
        Buckets: 131072  Batches: 64  Memory Usage: 2425kB
        ->  Seq Scan on title t  (cost=0.00..61283.27 rows=2528527 width=4) (actual time=0.022..802.074 rows=2528312 loops=1)
Planning time: 0.729 ms
Execution time: 6788.804 ms
