Hash Join  (cost=915827.54..1426101.09 rows=1128672 width=0) (actual time=15175.543..27323.626 rows=7426959 loops=1)
  Hash Cond: (mi.movie_id = t.id)
  ->  Seq Scan on movie_info mi  (cost=0.00..309384.22 rows=14739122 width=4) (actual time=0.020..3966.088 rows=14835720 loops=1)
  ->  Hash  (cost=912650.21..912650.21 rows=193626 width=8) (actual time=15174.575..15174.575 rows=601156 loops=1)
        Buckets: 131072 (originally 131072)  Batches: 8 (originally 4)  Memory Usage: 3844kB
        ->  Hash Join  (cost=69694.50..912650.21 rows=193626 width=8) (actual time=985.040..14971.293 rows=601156 loops=1)
              Hash Cond: (ci.movie_id = t.id)
              ->  Seq Scan on cast_info ci  (cost=0.00..796071.18 rows=3844340 width=4) (actual time=114.689..10879.581 rows=8595945 loops=1)
                    Filter: ((person_id > 2828732) AND (role_id > 2))
                    Rows Removed by Filter: 27648399
              ->  Hash  (cost=67604.59..67604.59 rows=127353 width=4) (actual time=869.522..869.522 rows=128696 loops=1)
                    Buckets: 131072  Batches: 2  Memory Usage: 3284kB
                    ->  Seq Scan on title t  (cost=0.00..67604.59 rows=127353 width=4) (actual time=0.020..823.794 rows=128696 loops=1)
                          Filter: (production_year = 2009)
                          Rows Removed by Filter: 2399616
Planning time: 1.130 ms
Execution time: 28170.909 ms
