Seq Scan on movie_keyword mk  (cost=0.00..81003.12 rows=2899372 width=0) (actual time=0.028..1238.336 rows=2888019 loops=1)
  Filter: (keyword_id < 9077)
  Rows Removed by Filter: 1635911
Planning time: 1.170 ms
Execution time: 1601.907 ms
