Hash Join  (cost=306897.17..1250922.66 rows=6034382 width=0) (actual time=12287.787..28834.180 rows=22334573 loops=1)
  Hash Cond: (ci.movie_id = t.id)
  ->  Seq Scan on cast_info ci  (cost=0.00..796071.18 rows=5452559 width=4) (actual time=5616.780..12926.092 rows=7451973 loops=1)
        Filter: ((person_id < 2783051) AND (role_id = 2))
        Rows Removed by Filter: 28792371
  ->  Hash  (cost=260985.96..260985.96 rows=2798337 width=8) (actual time=6669.633..6669.633 rows=2793757 loops=1)
        Buckets: 131072  Batches: 64  Memory Usage: 2752kB
        ->  Hash Join  (cost=102767.86..260985.96 rows=2798337 width=8) (actual time=1718.902..5794.613 rows=2793757 loops=1)
              Hash Cond: (mk.movie_id = t.id)
              ->  Seq Scan on movie_keyword mk  (cost=0.00..81003.12 rows=2798337 width=4) (actual time=0.037..1310.436 rows=2793757 loops=1)
                    Filter: (keyword_id > 2815)
                    Rows Removed by Filter: 1730173
              ->  Hash  (cost=61283.27..61283.27 rows=2528527 width=4) (actual time=1716.953..1716.953 rows=2528312 loops=1)
                    Buckets: 131072  Batches: 64  Memory Usage: 2425kB
                    ->  Seq Scan on title t  (cost=0.00..61283.27 rows=2528527 width=4) (actual time=0.021..840.987 rows=2528312 loops=1)
Planning time: 1.261 ms
Execution time: 31376.698 ms
