Hash Join  (cost=83072.41..431749.32 rows=3 width=0) (actual time=1739.701..5025.563 rows=138 loops=1)
  Hash Cond: (mi.movie_id = t.id)
  ->  Seq Scan on movie_info mi  (cost=0.00..346232.03 rows=651960 width=4) (actual time=832.805..4079.909 rows=660923 loops=1)
        Filter: (info_type_id = 18)
        Rows Removed by Filter: 14174797
  ->  Hash  (cost=83072.29..83072.29 rows=10 width=8) (actual time=853.602..853.602 rows=47 loops=1)
        Buckets: 1024  Batches: 1  Memory Usage: 10kB
        ->  Nested Loop  (cost=0.43..83072.29 rows=10 width=8) (actual time=10.490..853.511 rows=47 loops=1)
              ->  Seq Scan on movie_keyword mk  (cost=0.00..81003.12 rows=246 width=4) (actual time=9.008..838.150 rows=620 loops=1)
                    Filter: (keyword_id = 2191)
                    Rows Removed by Filter: 4523310
              ->  Index Scan using title_pkey on title t  (cost=0.43..8.40 rows=1 width=4) (actual time=0.024..0.024 rows=0 loops=620)
                    Index Cond: (id = mk.movie_id)
                    Filter: (production_year = 2006)
                    Rows Removed by Filter: 1
Planning time: 1.179 ms
Execution time: 5025.726 ms
