Seq Scan on movie_keyword mk  (cost=0.00..81003.12 rows=3956919 width=0) (actual time=0.022..1476.939 rows=3959530 loops=1)
  Filter: (keyword_id < 32586)
  Rows Removed by Filter: 564400
Planning time: 0.295 ms
Execution time: 1985.471 ms
