Hash Join  (cost=83073.49..804271.27 rows=159 width=0) (actual time=1766.123..10290.142 rows=38 loops=1)
  Hash Cond: (ci.movie_id = t.id)
  ->  Seq Scan on cast_info ci  (cost=0.00..705507.15 rows=4183746 width=4) (actual time=600.400..8688.592 rows=4230148 loops=1)
        Filter: (person_id > 3284751)
        Rows Removed by Filter: 32014196
  ->  Hash  (cost=83072.29..83072.29 rows=96 width=8) (actual time=1016.531..1016.531 rows=7 loops=1)
        Buckets: 1024  Batches: 1  Memory Usage: 9kB
        ->  Nested Loop  (cost=0.43..83072.29 rows=96 width=8) (actual time=216.385..1016.468 rows=7 loops=1)
              ->  Seq Scan on movie_keyword mk  (cost=0.00..81003.12 rows=246 width=4) (actual time=216.312..1015.963 rows=8 loops=1)
                    Filter: (keyword_id = 44919)
                    Rows Removed by Filter: 4523922
              ->  Index Scan using title_pkey on title t  (cost=0.43..8.40 rows=1 width=4) (actual time=0.047..0.047 rows=1 loops=8)
                    Index Cond: (id = mk.movie_id)
                    Filter: (kind_id < 7)
                    Rows Removed by Filter: 0
Planning time: 1.201 ms
Execution time: 10290.305 ms
