Hash Join  (cost=477150.74..601849.13 rows=560932 width=0) (actual time=8015.076..11570.710 rows=2434626 loops=1)
  Hash Cond: (mk.movie_id = t.id)
  ->  Seq Scan on movie_keyword mk  (cost=0.00..81003.12 rows=3141320 width=4) (actual time=0.019..1609.431 rows=3125587 loops=1)
        Filter: (keyword_id > 1887)
        Rows Removed by Filter: 1398343
  ->  Hash  (cost=469742.89..469742.89 rows=451508 width=8) (actual time=8013.462..8013.462 rows=474443 loops=1)
        Buckets: 131072  Batches: 8  Memory Usage: 3350kB
        ->  Hash Join  (cost=102767.86..469742.89 rows=451508 width=8) (actual time=5791.001..7881.970 rows=474443 loops=1)
              Hash Cond: (mi.movie_id = t.id)
              ->  Seq Scan on movie_info mi  (cost=0.00..346232.03 rows=451508 width=4) (actual time=3584.566..4944.732 rows=474443 loops=1)
                    Filter: (info_type_id = 6)
                    Rows Removed by Filter: 14361277
              ->  Hash  (cost=61283.27..61283.27 rows=2528527 width=4) (actual time=2205.050..2205.050 rows=2528312 loops=1)
                    Buckets: 131072  Batches: 64  Memory Usage: 2425kB
                    ->  Seq Scan on title t  (cost=0.00..61283.27 rows=2528527 width=4) (actual time=0.009..829.804 rows=2528312 loops=1)
Planning time: 1.123 ms
Execution time: 11854.490 ms
