Hash Join  (cost=197620.40..583017.10 rows=278895 width=0) (actual time=4282.239..11140.694 rows=2325022 loops=1)
  Hash Cond: (mi.movie_id = t.id)
  ->  Seq Scan on movie_info mi  (cost=0.00..346232.03 rows=3068194 width=4) (actual time=0.031..4429.985 rows=3036719 loops=1)
        Filter: (info_type_id = 16)
        Rows Removed by Filter: 11799001
  ->  Hash  (cost=193849.40..193849.40 rows=229840 width=8) (actual time=4280.978..4280.978 rows=260489 loops=1)
        Buckets: 131072  Batches: 4  Memory Usage: 3611kB
        ->  Hash Join  (cost=99161.12..193849.40 rows=229840 width=8) (actual time=2450.541..4193.020 rows=260489 loops=1)
              Hash Cond: (mk.movie_id = t.id)
              ->  Seq Scan on movie_keyword mk  (cost=0.00..81003.12 rows=302150 width=4) (actual time=11.170..1173.559 rows=298140 loops=1)
                    Filter: (keyword_id > 54128)
                    Rows Removed by Filter: 4225790
              ->  Hash  (cost=67604.59..67604.59 rows=1923403 width=4) (actual time=2437.719..2437.719 rows=1922849 loops=1)
                    Buckets: 131072  Batches: 32  Memory Usage: 3141kB
                    ->  Seq Scan on title t  (cost=0.00..67604.59 rows=1923403 width=4) (actual time=0.022..1138.277 rows=1922849 loops=1)
                          Filter: (production_year < 2010)
                          Rows Removed by Filter: 605463
Planning time: 1.073 ms
Execution time: 11434.370 ms
