Nested Loop  (cost=0.43..52283.95 rows=27 width=0) (actual time=56.195..578.326 rows=369 loops=1)
  ->  Seq Scan on movie_companies mc  (cost=0.00..51404.11 rows=104 width=4) (actual time=2.320..564.669 rows=968 loops=1)
        Filter: (company_id = 1085)
        Rows Removed by Filter: 2608161
  ->  Index Scan using title_pkey on title t  (cost=0.43..8.45 rows=1 width=4) (actual time=0.013..0.013 rows=0 loops=968)
        Index Cond: (id = mc.movie_id)
        Filter: (kind_id = 1)
        Rows Removed by Filter: 1
Planning time: 0.782 ms
Execution time: 578.547 ms
