Hash Join  (cost=74366.84..101469.85 rows=19253 width=0) (actual time=871.330..1398.119 rows=13044 loops=1)
  Hash Cond: (mi_idx.movie_id = t.id)
  ->  Seq Scan on movie_info_idx mi_idx  (cost=0.00..21735.35 rows=1380035 width=4) (actual time=0.019..226.312 rows=1380035 loops=1)
  ->  Hash  (cost=73925.90..73925.90 rows=35275 width=4) (actual time=870.856..870.856 rows=11513 loops=1)
        Buckets: 65536  Batches: 1  Memory Usage: 917kB
        ->  Seq Scan on title t  (cost=0.00..73925.90 rows=35275 width=4) (actual time=357.704..866.048 rows=11513 loops=1)
              Filter: ((production_year < 1994) AND (kind_id = 4))
              Rows Removed by Filter: 2516799
Planning time: 0.787 ms
Execution time: 1400.224 ms
