Hash Join  (cost=68426.36..828634.23 rows=941870 width=0) (actual time=1090.909..21134.865 rows=945184 loops=1)
  Hash Cond: (ci.movie_id = t.id)
  ->  Seq Scan on cast_info ci  (cost=0.00..614943.12 rows=36225612 width=4) (actual time=0.024..8695.023 rows=36244344 loops=1)
  ->  Hash  (cost=67604.59..67604.59 rows=65742 width=4) (actual time=1090.203..1090.203 rows=63827 loops=1)
        Buckets: 131072  Batches: 1  Memory Usage: 3268kB
        ->  Seq Scan on title t  (cost=0.00..67604.59 rows=65742 width=4) (actual time=0.011..1064.322 rows=63827 loops=1)
              Filter: (production_year = 2013)
              Rows Removed by Filter: 2464485
Planning time: 0.700 ms
Execution time: 21269.563 ms
