Nested Loop  (cost=0.43..83071.67 rows=246 width=0) (actual time=2.069..1193.691 rows=617 loops=1)
  ->  Seq Scan on movie_keyword mk  (cost=0.00..81003.12 rows=246 width=4) (actual time=2.029..1167.734 rows=617 loops=1)
        Filter: (keyword_id = 1096)
        Rows Removed by Filter: 4523313
  ->  Index Only Scan using title_pkey on title t  (cost=0.43..8.40 rows=1 width=4) (actual time=0.040..0.041 rows=1 loops=617)
        Index Cond: (id = mk.movie_id)
        Heap Fetches: 617
Planning time: 0.818 ms
Execution time: 1194.002 ms
