Seq Scan on cast_info ci  (cost=0.00..796071.18 rows=8426332 width=0) (actual time=0.038..12750.646 rows=5048888 loops=1)
  Filter: ((person_id < 1866881) AND (role_id > 2))
  Rows Removed by Filter: 31195456
Planning time: 0.319 ms
Execution time: 13389.695 ms
