Hash Join  (cost=74492.01..101488.67 rows=8256 width=0) (actual time=1548.044..1783.028 rows=20653 loops=1)
  Hash Cond: (mi_idx.movie_id = t.id)
  ->  Seq Scan on movie_info_idx mi_idx  (cost=0.00..25185.44 rows=460978 width=4) (actual time=0.031..425.879 rows=459925 loops=1)
        Filter: (info_type_id < 100)
        Rows Removed by Filter: 920110
  ->  Hash  (cost=73925.90..73925.90 rows=45288 width=4) (actual time=1207.355..1207.355 rows=49842 loops=1)
        Buckets: 65536  Batches: 1  Memory Usage: 2265kB
        ->  Seq Scan on title t  (cost=0.00..73925.90 rows=45288 width=4) (actual time=194.008..1186.358 rows=49842 loops=1)
              Filter: ((production_year < 2004) AND (kind_id = 2))
              Rows Removed by Filter: 2478470
Planning time: 1.215 ms
Execution time: 1785.988 ms
