Hash Join  (cost=554704.24..1514808.91 rows=1514227 width=0) (actual time=19203.071..32837.956 rows=2198832 loops=1)
  Hash Cond: (ci.movie_id = t.id)
  ->  Seq Scan on cast_info ci  (cost=0.00..796071.18 rows=9621896 width=4) (actual time=7700.882..15163.235 rows=12670688 loops=1)
        Filter: ((person_id < 2807992) AND (role_id < 2))
        Rows Removed by Filter: 23573656
  ->  Hash  (cost=548175.21..548175.21 rows=397922 width=8) (actual time=11496.075..11496.075 rows=521399 loops=1)
        Buckets: 131072  Batches: 8  Memory Usage: 3567kB
        ->  Hash Join  (cost=69090.10..548175.21 rows=397922 width=8) (actual time=1147.240..11316.070 rows=521399 loops=1)
              Hash Cond: (mi.movie_id = t.id)
              ->  Seq Scan on movie_info mi  (cost=0.00..346232.03 rows=11115165 width=4) (actual time=0.026..6040.767 rows=11210743 loops=1)
                    Filter: (info_type_id > 3)
                    Rows Removed by Filter: 3624977
              ->  Hash  (cost=67604.59..67604.59 rows=90521 width=4) (actual time=895.092..895.092 rows=90852 loops=1)
                    Buckets: 131072  Batches: 2  Memory Usage: 2632kB
                    ->  Seq Scan on title t  (cost=0.00..67604.59 rows=90521 width=4) (actual time=0.021..728.763 rows=90852 loops=1)
                          Filter: (kind_id = 2)
                          Rows Removed by Filter: 2437460
Planning time: 1.081 ms
Execution time: 33085.684 ms
