Seq Scan on movie_companies mc  (cost=0.00..57926.93 rows=53 width=0) (actual time=281.597..825.481 rows=1003 loops=1)
  Filter: ((company_type_id > 1) AND (company_id = 91361))
  Rows Removed by Filter: 2608126
Planning time: 0.351 ms
Execution time: 825.812 ms
