Hash Join  (cost=116855.76..843413.84 rows=62038 width=0) (actual time=11226.027..14311.354 rows=54378 loops=1)
  Hash Cond: (ci.movie_id = t.id)
  ->  Seq Scan on cast_info ci  (cost=0.00..705507.15 rows=1736414 width=4) (actual time=9232.198..11630.481 rows=1703543 loops=1)
        Filter: (role_id = 8)
        Rows Removed by Filter: 34540801
  ->  Hash  (cost=115373.52..115373.52 rows=90339 width=8) (actual time=1992.646..1992.646 rows=55027 loops=1)
        Buckets: 131072  Batches: 2  Memory Usage: 2106kB
        ->  Hash Join  (cost=81987.19..115373.52 rows=90339 width=8) (actual time=1261.628..1973.188 rows=55027 loops=1)
              Hash Cond: (mi_idx.movie_id = t.id)
              ->  Seq Scan on movie_info_idx mi_idx  (cost=0.00..25185.44 rows=464934 width=4) (actual time=0.014..434.085 rows=460185 loops=1)
                    Filter: (info_type_id > 100)
                    Rows Removed by Filter: 919850
              ->  Hash  (cost=73925.90..73925.90 rows=491303 width=4) (actual time=1260.709..1260.709 rows=352208 loops=1)
                    Buckets: 131072  Batches: 8  Memory Usage: 2561kB
                    ->  Seq Scan on title t  (cost=0.00..73925.90 rows=491303 width=4) (actual time=0.028..1138.648 rows=352208 loops=1)
                          Filter: ((kind_id > 1) AND (production_year < 1989))
                          Rows Removed by Filter: 2176104
Planning time: 1.175 ms
Execution time: 14318.629 ms
