Seq Scan on cast_info ci  (cost=0.00..705507.15 rows=2284014 width=0) (actual time=2054.195..8660.639 rows=2228710 loops=1)
  Filter: (person_id < 217291)
  Rows Removed by Filter: 34015634
Planning time: 0.304 ms
Execution time: 8879.266 ms
