Hash Join  (cost=928751.84..1037706.80 rows=376760 width=0) (actual time=16177.330..18582.561 rows=701060 loops=1)
  Hash Cond: (mk.movie_id = t.id)
  ->  Seq Scan on movie_keyword mk  (cost=0.00..81003.12 rows=1924330 width=4) (actual time=0.016..1561.094 rows=1935005 loops=1)
        Filter: (keyword_id > 6854)
        Rows Removed by Filter: 2588925
  ->  Hash  (cost=920629.67..920629.67 rows=495054 width=8) (actual time=16176.536..16176.536 rows=243894 loops=1)
        Buckets: 131072  Batches: 8  Memory Usage: 2223kB
        ->  Hash Join  (cost=102767.86..920629.67 rows=495054 width=8) (actual time=7656.738..16105.982 rows=243894 loops=1)
              Hash Cond: (ci.movie_id = t.id)
              ->  Seq Scan on cast_info ci  (cost=0.00..796071.18 rows=495054 width=4) (actual time=5661.257..13559.298 rows=243894 loops=1)
                    Filter: ((person_id < 1996132) AND (role_id = 5))
                    Rows Removed by Filter: 36000450
              ->  Hash  (cost=61283.27..61283.27 rows=2528527 width=4) (actual time=1994.443..1994.443 rows=2528312 loops=1)
                    Buckets: 131072  Batches: 64  Memory Usage: 2415kB
                    ->  Seq Scan on title t  (cost=0.00..61283.27 rows=2528527 width=4) (actual time=0.021..1132.755 rows=2528312 loops=1)
Planning time: 0.792 ms
Execution time: 18643.416 ms
