Hash Join  (cost=83074.74..447745.01 rows=1434 width=0) (actual time=1322.088..8319.960 rows=161360 loops=1)
  Hash Cond: (mi.movie_id = t.id)
  ->  Seq Scan on movie_info mi  (cost=0.00..309384.22 rows=14739122 width=4) (actual time=0.025..4073.062 rows=14835720 loops=1)
  ->  Hash  (cost=83071.67..83071.67 rows=246 width=8) (actual time=1321.596..1321.596 rows=2238 loops=1)
        Buckets: 4096 (originally 1024)  Batches: 1 (originally 1)  Memory Usage: 120kB
        ->  Nested Loop  (cost=0.43..83071.67 rows=246 width=8) (actual time=2.061..1319.943 rows=2238 loops=1)
              ->  Seq Scan on movie_keyword mk  (cost=0.00..81003.12 rows=246 width=4) (actual time=2.001..1231.255 rows=2238 loops=1)
                    Filter: (keyword_id = 748)
                    Rows Removed by Filter: 4521692
              ->  Index Only Scan using title_pkey on title t  (cost=0.43..8.40 rows=1 width=4) (actual time=0.038..0.038 rows=1 loops=2238)
                    Index Cond: (id = mk.movie_id)
                    Heap Fetches: 2238
Planning time: 2.143 ms
Execution time: 8343.440 ms
