Seq Scan on title t  (cost=0.00..73925.90 rows=631355 width=0) (actual time=55.722..980.518 rows=634290 loops=1)
  Filter: ((kind_id < 2) AND (production_year < 2013))
  Rows Removed by Filter: 1894022
Planning time: 0.322 ms
Execution time: 1060.763 ms
