Nested Loop  (cost=0.43..58358.39 rows=3 width=0) (actual time=140.526..828.096 rows=237 loops=1)
  ->  Seq Scan on movie_companies mc  (cost=0.00..57926.93 rows=51 width=4) (actual time=4.668..779.050 rows=1185 loops=1)
        Filter: ((company_id = 525) AND (company_type_id = 1))
        Rows Removed by Filter: 2607944
  ->  Index Scan using title_pkey on title t  (cost=0.43..8.45 rows=1 width=4) (actual time=0.041..0.041 rows=0 loops=1185)
        Index Cond: (id = mc.movie_id)
        Filter: (production_year = 2009)
        Rows Removed by Filter: 1
Planning time: 5.475 ms
Execution time: 828.274 ms
