Hash Join  (cost=117544.69..252391.87 rows=165094 width=0) (actual time=2067.880..5171.789 rows=89442 loops=1)
  Hash Cond: (mk.movie_id = t.id)
  ->  Seq Scan on movie_keyword mk  (cost=0.00..81003.12 rows=4482430 width=4) (actual time=0.016..1778.731 rows=4485181 loops=1)
        Filter: (keyword_id > 43)
        Rows Removed by Filter: 38749
  ->  Hash  (cost=116016.58..116016.58 rows=93129 width=8) (actual time=2065.632..2065.632 rows=42612 loops=1)
        Buckets: 131072  Batches: 2  Memory Usage: 1856kB
        ->  Hash Join  (cost=76725.80..116016.58 rows=93129 width=8) (actual time=1079.572..2050.628 rows=42612 loops=1)
              Hash Cond: (mi_idx.movie_id = t.id)
              ->  Seq Scan on movie_info_idx mi_idx  (cost=0.00..21735.35 rows=1380035 width=4) (actual time=0.019..408.306 rows=1380035 loops=1)
              ->  Hash  (cost=73925.90..73925.90 rows=170632 width=4) (actual time=1078.675..1078.675 rows=170068 loops=1)
                    Buckets: 131072  Batches: 4  Memory Usage: 2534kB
                    ->  Seq Scan on title t  (cost=0.00..73925.90 rows=170632 width=4) (actual time=0.016..1020.343 rows=170068 loops=1)
                          Filter: ((kind_id > 1) AND (production_year > 2011))
                          Rows Removed by Filter: 2358244
Planning time: 1.192 ms
Execution time: 5183.324 ms
