Hash Join  (cost=76796.18..154334.47 rows=180477 width=0) (actual time=1123.384..3284.733 rows=225706 loops=1)
  Hash Cond: (mc.movie_id = t.id)
  ->  Seq Scan on movie_companies mc  (cost=0.00..44881.29 rows=2609129 width=4) (actual time=0.028..985.155 rows=2609129 loops=1)
  ->  Hash  (cost=73925.90..73925.90 rows=174902 width=4) (actual time=1122.573..1122.573 rows=160286 loops=1)
        Buckets: 131072  Batches: 4  Memory Usage: 2435kB
        ->  Seq Scan on title t  (cost=0.00..73925.90 rows=174902 width=4) (actual time=423.397..1073.192 rows=160286 loops=1)
              Filter: ((production_year > 2008) AND (kind_id = 1))
              Rows Removed by Filter: 2368026
Planning time: 0.802 ms
Execution time: 3313.595 ms
