Hash Join  (cost=73454.11..597517.72 rows=1917724 width=0) (actual time=1167.546..14714.499 rows=3199232 loops=1)
  Hash Cond: (mi.movie_id = t.id)
  ->  Seq Scan on movie_info mi  (cost=0.00..346232.03 rows=13600892 width=4) (actual time=0.019..6747.879 rows=13641948 loops=1)
        Filter: (info_type_id < 41)
        Rows Removed by Filter: 1193772
  ->  Hash  (cost=67604.59..67604.59 rows=356522 width=4) (actual time=1166.708..1166.708 rows=352081 loops=1)
        Buckets: 131072  Batches: 8  Memory Usage: 2571kB
        ->  Seq Scan on title t  (cost=0.00..67604.59 rows=356522 width=4) (actual time=0.016..1042.580 rows=352081 loops=1)
              Filter: (production_year < 1969)
              Rows Removed by Filter: 2176231
Planning time: 0.736 ms
Execution time: 15077.844 ms
