Hash Join  (cost=168666.78..565918.19 rows=1175665 width=0) (actual time=5296.598..11854.323 rows=2455330 loops=1)
  Hash Cond: (mi.movie_id = t.id)
  ->  Seq Scan on movie_info mi  (cost=0.00..346232.03 rows=3068194 width=4) (actual time=970.461..5175.262 rows=3036719 loops=1)
        Filter: (info_type_id = 16)
        Rows Removed by Filter: 11799001
  ->  Hash  (cost=152770.82..152770.82 rows=968877 width=8) (actual time=4324.981..4324.981 rows=927541 loops=1)
        Buckets: 131072  Batches: 16  Memory Usage: 3306kB
        ->  Hash Join  (cost=96729.52..152770.82 rows=968877 width=8) (actual time=2401.045..4034.930 rows=927541 loops=1)
              Hash Cond: (mi_idx.movie_id = t.id)
              ->  Seq Scan on movie_info_idx mi_idx  (cost=0.00..21735.35 rows=1380035 width=4) (actual time=0.026..394.334 rows=1380035 loops=1)
              ->  Hash  (cost=67604.59..67604.59 rows=1775195 width=4) (actual time=2399.529..2399.529 rows=1772072 loops=1)
                    Buckets: 131072  Batches: 32  Memory Usage: 2976kB
                    ->  Seq Scan on title t  (cost=0.00..67604.59 rows=1775195 width=4) (actual time=0.028..1229.030 rows=1772072 loops=1)
                          Filter: (production_year > 1989)
                          Rows Removed by Filter: 756240
Planning time: 1.220 ms
Execution time: 12169.382 ms
