Seq Scan on cast_info ci  (cost=0.00..705507.15 rows=500 width=0) (actual time=953.757..9300.021 rows=1 loops=1)
  Filter: (person_id = 4005833)
  Rows Removed by Filter: 36244343
Planning time: 0.353 ms
Execution time: 9300.095 ms
