Hash Join  (cost=793772.62..820827.83 rows=14472 width=0) (actual time=11818.127..12451.502 rows=62608 loops=1)
  Hash Cond: (mi_idx.movie_id = t.id)
  ->  Seq Scan on movie_info_idx mi_idx  (cost=0.00..21735.35 rows=1380035 width=4) (actual time=0.014..284.209 rows=1380035 loops=1)
  ->  Hash  (cost=793441.17..793441.17 rows=26516 width=8) (actual time=11817.476..11817.476 rows=31984 loops=1)
        Buckets: 32768  Batches: 1  Memory Usage: 1506kB
        ->  Hash Join  (cost=84005.63..793441.17 rows=26516 width=8) (actual time=1909.093..11807.551 rows=31984 loops=1)
              Hash Cond: (ci.movie_id = t.id)
              ->  Seq Scan on cast_info ci  (cost=0.00..705507.15 rows=109129 width=4) (actual time=220.487..9973.065 rows=140615 loops=1)
                    Filter: (person_id > 4039886)
                    Rows Removed by Filter: 36103729
              ->  Hash  (cost=73925.90..73925.90 rows=614378 width=4) (actual time=1687.737..1687.737 rows=520376 loops=1)
                    Buckets: 131072  Batches: 16  Memory Usage: 2162kB
                    ->  Seq Scan on title t  (cost=0.00..73925.90 rows=614378 width=4) (actual time=0.031..1250.000 rows=520376 loops=1)
                          Filter: ((kind_id < 7) AND (production_year > 1996))
                          Rows Removed by Filter: 2007936
Planning time: 1.295 ms
Execution time: 12460.274 ms
