Hash Join  (cost=233233.03..660450.94 rows=2715110 width=0) (actual time=6693.986..13432.738 rows=4729101 loops=1)
  Hash Cond: (mi.movie_id = t.id)
  ->  Seq Scan on movie_info mi  (cost=0.00..346232.03 rows=3623957 width=4) (actual time=1222.439..5090.868 rows=3624977 loops=1)
        Filter: (info_type_id < 4)
        Rows Removed by Filter: 11210743
  ->  Hash  (cost=202152.02..202152.02 rows=1894401 width=8) (actual time=5470.671..5470.671 rows=1603463 loops=1)
        Buckets: 131072  Batches: 32  Memory Usage: 3024kB
        ->  Hash Join  (cost=97725.07..202152.02 rows=1894401 width=8) (actual time=1876.164..4959.011 rows=1603463 loops=1)
              Hash Cond: (mc.movie_id = t.id)
              ->  Seq Scan on movie_companies mc  (cost=0.00..44881.29 rows=2609129 width=4) (actual time=0.022..863.931 rows=2609129 loops=1)
              ->  Hash  (cost=67604.59..67604.59 rows=1835879 width=4) (actual time=1874.695..1874.695 rows=1833367 loops=1)
                    Buckets: 131072  Batches: 32  Memory Usage: 3045kB
                    ->  Seq Scan on title t  (cost=0.00..67604.59 rows=1835879 width=4) (actual time=0.021..1267.471 rows=1833367 loops=1)
                          Filter: (production_year > 1986)
                          Rows Removed by Filter: 694945
Planning time: 0.768 ms
Execution time: 13862.686 ms
