Seq Scan on movie_companies mc  (cost=0.00..57926.93 rows=674784 width=0) (actual time=337.449..930.489 rows=921217 loops=1)
  Filter: ((company_id < 11717) AND (company_type_id < 2))
  Rows Removed by Filter: 1687912
Planning time: 0.317 ms
Execution time: 1049.392 ms
