Hash Join  (cost=102767.86..205295.45 rows=483967 width=0) (actual time=1733.974..3553.663 rows=479575 loops=1)
  Hash Cond: (mk.movie_id = t.id)
  ->  Seq Scan on movie_keyword mk  (cost=0.00..81003.12 rows=483967 width=4) (actual time=0.018..1194.868 rows=479575 loops=1)
        Filter: (keyword_id > 37308)
        Rows Removed by Filter: 4044355
  ->  Hash  (cost=61283.27..61283.27 rows=2528527 width=4) (actual time=1731.176..1731.176 rows=2528312 loops=1)
        Buckets: 131072  Batches: 64  Memory Usage: 2425kB
        ->  Seq Scan on title t  (cost=0.00..61283.27 rows=2528527 width=4) (actual time=0.011..863.054 rows=2528312 loops=1)
Planning time: 0.962 ms
Execution time: 3599.957 ms
