Hash Join  (cost=299749.55..872673.34 rows=9186135 width=0) (actual time=7024.550..30003.795 rows=50835563 loops=1)
  Hash Cond: (mi.movie_id = t.id)
  ->  Seq Scan on movie_info mi  (cost=0.00..346232.03 rows=8859586 width=4) (actual time=362.209..6118.575 rows=8966694 loops=1)
        Filter: (info_type_id < 15)
        Rows Removed by Filter: 5869026
  ->  Hash  (cost=256736.00..256736.00 rows=2621724 width=8) (actual time=6650.003..6650.003 rows=2611485 loops=1)
        Buckets: 131072  Batches: 64  Memory Usage: 2720kB
        ->  Hash Join  (cost=102767.86..256736.00 rows=2621724 width=8) (actual time=1898.872..5840.896 rows=2611485 loops=1)
              Hash Cond: (mk.movie_id = t.id)
              ->  Seq Scan on movie_keyword mk  (cost=0.00..81003.12 rows=2621724 width=4) (actual time=0.032..1509.120 rows=2611485 loops=1)
                    Filter: (keyword_id > 3287)
                    Rows Removed by Filter: 1912445
              ->  Hash  (cost=61283.27..61283.27 rows=2528527 width=4) (actual time=1897.817..1897.817 rows=2528312 loops=1)
                    Buckets: 131072  Batches: 64  Memory Usage: 2425kB
                    ->  Seq Scan on title t  (cost=0.00..61283.27 rows=2528527 width=4) (actual time=0.021..1016.541 rows=2528312 loops=1)
Planning time: 1.115 ms
Execution time: 35848.036 ms
