Hash Join  (cost=102767.86..936496.38 rows=1154421 width=0) (actual time=8372.595..13069.335 rows=546810 loops=1)
  Hash Cond: (ci.movie_id = t.id)
  ->  Seq Scan on cast_info ci  (cost=0.00..796071.18 rows=1154421 width=4) (actual time=6652.370..10505.149 rows=546810 loops=1)
        Filter: ((person_id < 506629) AND (role_id > 6))
        Rows Removed by Filter: 35697534
  ->  Hash  (cost=61283.27..61283.27 rows=2528527 width=4) (actual time=1717.639..1717.639 rows=2528312 loops=1)
        Buckets: 131072  Batches: 64  Memory Usage: 2415kB
        ->  Seq Scan on title t  (cost=0.00..61283.27 rows=2528527 width=4) (actual time=0.019..910.651 rows=2528312 loops=1)
Planning time: 0.760 ms
Execution time: 13135.274 ms
