Seq Scan on cast_info ci  (cost=0.00..705507.15 rows=17660915 width=0) (actual time=0.034..11531.651 rows=17516130 loops=1)
  Filter: (person_id < 1734195)
  Rows Removed by Filter: 18728214
Planning time: 0.347 ms
Execution time: 13784.071 ms
