Seq Scan on cast_info ci  (cost=0.00..796071.18 rows=261470 width=0) (actual time=7156.157..13765.465 rows=279584 loops=1)
  Filter: ((person_id > 889699) AND (role_id > 10))
  Rows Removed by Filter: 35964760
Planning time: 0.316 ms
Execution time: 13795.983 ms
