Hash Join  (cost=101407.65..703820.65 rows=9763916 width=0) (actual time=1975.233..16517.687 rows=6419722 loops=1)
  Hash Cond: (mi.movie_id = t.id)
  ->  Seq Scan on movie_info mi  (cost=0.00..309384.22 rows=14739122 width=4) (actual time=0.018..5483.970 rows=14835720 loops=1)
  ->  Hash  (cost=73925.90..73925.90 rows=1675020 width=4) (actual time=1971.924..1971.924 rows=1783803 loops=1)
        Buckets: 131072  Batches: 32  Memory Usage: 2995kB
        ->  Seq Scan on title t  (cost=0.00..73925.90 rows=1675020 width=4) (actual time=0.026..1386.265 rows=1783803 loops=1)
              Filter: ((kind_id > 1) AND (production_year > 1953))
              Rows Removed by Filter: 744509
Planning time: 0.726 ms
Execution time: 17211.419 ms
