Seq Scan on movie_companies mc  (cost=0.00..51404.11 rows=878339 width=0) (actual time=0.012..847.921 rows=885204 loops=1)
  Filter: (company_id > 22485)
  Rows Removed by Filter: 1723925
Planning time: 1.380 ms
Execution time: 961.665 ms
