Hash Join  (cost=241005.44..1495780.08 rows=17102552 width=0) (actual time=5711.486..38582.837 rows=16598823 loops=1)
  Hash Cond: (ci.movie_id = t.id)
  ->  Seq Scan on cast_info ci  (cost=0.00..614943.12 rows=36225612 width=4) (actual time=0.025..12189.870 rows=36244344 loops=1)
  ->  Hash  (cost=221419.59..221419.59 rows=1193748 width=8) (actual time=5710.271..5710.271 rows=468017 loops=1)
        Buckets: 131072  Batches: 16  Memory Usage: 2178kB
        ->  Hash Join  (cost=84873.07..221419.59 rows=1193748 width=8) (actual time=1477.525..5578.798 rows=468017 loops=1)
              Hash Cond: (mk.movie_id = t.id)
              ->  Seq Scan on movie_keyword mk  (cost=0.00..69693.30 rows=4523930 width=4) (actual time=0.016..1329.169 rows=4523930 loops=1)
              ->  Hash  (cost=73925.90..73925.90 rows=667213 width=4) (actual time=1474.625..1474.625 rows=735772 loops=1)
                    Buckets: 131072  Batches: 16  Memory Usage: 2653kB
                    ->  Seq Scan on title t  (cost=0.00..73925.90 rows=667213 width=4) (actual time=0.032..1229.786 rows=735772 loops=1)
                          Filter: ((kind_id > 3) AND (production_year > 2005))
                          Rows Removed by Filter: 1792540
Planning time: 1.142 ms
Execution time: 40577.871 ms
