Hash Join  (cost=219832.22..263583.55 rows=353085 width=0) (actual time=4706.386..7309.817 rows=1502759 loops=1)
  Hash Cond: (mi_idx.movie_id = t.id)
  ->  Seq Scan on movie_info_idx mi_idx  (cost=0.00..21735.35 rows=1380035 width=4) (actual time=0.022..410.510 rows=1380035 loops=1)
  ->  Hash  (cost=209217.60..209217.60 rows=646930 width=8) (actual time=4705.237..4705.237 rows=657414 loops=1)
        Buckets: 131072  Batches: 16  Memory Usage: 2666kB
        ->  Hash Join  (cost=102767.86..209217.60 rows=646930 width=8) (actual time=2348.533..4512.044 rows=657414 loops=1)
              Hash Cond: (mk.movie_id = t.id)
              ->  Seq Scan on movie_keyword mk  (cost=0.00..81003.12 rows=646930 width=4) (actual time=0.027..1225.120 rows=657414 loops=1)
                    Filter: (keyword_id > 28588)
                    Rows Removed by Filter: 3866516
              ->  Hash  (cost=61283.27..61283.27 rows=2528527 width=4) (actual time=2347.477..2347.477 rows=2528312 loops=1)
                    Buckets: 131072  Batches: 64  Memory Usage: 2425kB
                    ->  Seq Scan on title t  (cost=0.00..61283.27 rows=2528527 width=4) (actual time=0.016..901.967 rows=2528312 loops=1)
Planning time: 2.248 ms
Execution time: 7493.161 ms
