Hash Join  (cost=79111.30..519283.03 rows=904345 width=0) (actual time=1189.806..11266.436 rows=2822770 loops=1)
  Hash Cond: (mi.movie_id = t.id)
  ->  Seq Scan on movie_info mi  (cost=0.00..346232.03 rows=7235534 width=4) (actual time=0.010..5315.094 rows=7286865 loops=1)
        Filter: (info_type_id < 8)
        Rows Removed by Filter: 7548855
  ->  Hash  (cost=73925.90..73925.90 rows=316032 width=4) (actual time=1188.780..1188.780 rows=400740 loops=1)
        Buckets: 131072  Batches: 8  Memory Usage: 2801kB
        ->  Seq Scan on title t  (cost=0.00..73925.90 rows=316032 width=4) (actual time=0.134..1056.318 rows=400740 loops=1)
              Filter: ((production_year < 2003) AND (kind_id = 1))
              Rows Removed by Filter: 2127572
Planning time: 0.804 ms
Execution time: 11573.617 ms
