Seq Scan on movie_keyword mk  (cost=0.00..81003.12 rows=4428869 width=0) (actual time=0.023..1347.699 rows=4430735 loops=1)
  Filter: (keyword_id < 84150)
  Rows Removed by Filter: 93195
Planning time: 0.291 ms
Execution time: 1877.580 ms
