Nested Loop  (cost=0.43..798787.41 rows=324 width=0) (actual time=3879.588..12365.130 rows=51 loops=1)
  ->  Seq Scan on cast_info ci  (cost=0.00..796071.18 rows=324 width=4) (actual time=3879.476..12362.843 rows=51 loops=1)
        Filter: ((role_id > 1) AND (person_id = 3025846))
        Rows Removed by Filter: 36244293
  ->  Index Only Scan using title_pkey on title t  (cost=0.43..8.37 rows=1 width=4) (actual time=0.043..0.043 rows=1 loops=51)
        Index Cond: (id = ci.movie_id)
        Heap Fetches: 51
Planning time: 0.781 ms
Execution time: 12365.234 ms
