Hash Join  (cost=156487.41..1004357.43 rows=680940 width=0) (actual time=12613.275..14750.583 rows=230759 loops=1)
  Hash Cond: (ci.movie_id = t.id)
  ->  Seq Scan on cast_info ci  (cost=0.00..796071.18 rows=3735050 width=4) (actual time=9349.711..10839.520 rows=714975 loops=1)
        Filter: ((person_id > 3179510) AND (role_id < 6))
        Rows Removed by Filter: 35529369
  ->  Hash  (cost=148924.19..148924.19 rows=460978 width=8) (actual time=3262.493..3262.493 rows=459925 loops=1)
        Buckets: 131072  Batches: 8  Memory Usage: 3275kB
        ->  Hash Join  (cost=102767.86..148924.19 rows=460978 width=8) (actual time=1875.185..3121.775 rows=459925 loops=1)
              Hash Cond: (mi_idx.movie_id = t.id)
              ->  Seq Scan on movie_info_idx mi_idx  (cost=0.00..25185.44 rows=460978 width=4) (actual time=0.022..438.702 rows=459925 loops=1)
                    Filter: (info_type_id = 99)
                    Rows Removed by Filter: 920110
              ->  Hash  (cost=61283.27..61283.27 rows=2528527 width=4) (actual time=1873.417..1873.417 rows=2528312 loops=1)
                    Buckets: 131072  Batches: 64  Memory Usage: 2415kB
                    ->  Seq Scan on title t  (cost=0.00..61283.27 rows=2528527 width=4) (actual time=0.013..1048.786 rows=2528312 loops=1)
Planning time: 1.129 ms
Execution time: 14780.193 ms
