Seq Scan on movie_companies mc  (cost=0.00..51404.11 rows=104 width=0) (actual time=31.003..787.454 rows=10 loops=1)
  Filter: (company_id = 56900)
  Rows Removed by Filter: 2609119
Planning time: 0.316 ms
Execution time: 787.524 ms
