Seq Scan on cast_info ci  (cost=0.00..705507.15 rows=500 width=0) (actual time=3198.781..9828.211 rows=61 loops=1)
  Filter: (person_id = 1204347)
  Rows Removed by Filter: 36244283
Planning time: 0.348 ms
Execution time: 9828.363 ms
