Seq Scan on movie_companies mc  (cost=0.00..51404.11 rows=104 width=0) (actual time=48.711..669.228 rows=14 loops=1)
  Filter: (company_id = 19975)
  Rows Removed by Filter: 2609115
Planning time: 0.236 ms
Execution time: 669.298 ms
