Hash Join  (cost=102390.51..469041.75 rows=199528 width=0) (actual time=1652.865..7879.517 rows=305328 loops=1)
  Hash Cond: (mi.movie_id = t.id)
  ->  Seq Scan on movie_info mi  (cost=0.00..309384.22 rows=14739122 width=4) (actual time=0.020..3041.366 rows=14835720 loops=1)
  ->  Hash  (cost=101962.64..101962.64 rows=34230 width=8) (actual time=1652.327..1652.327 rows=31608 loops=1)
        Buckets: 65536  Batches: 1  Memory Usage: 1747kB
        ->  Hash Join  (cost=74709.85..101962.64 rows=34230 width=8) (actual time=1075.690..1640.975 rows=31608 loops=1)
              Hash Cond: (mi_idx.movie_id = t.id)
              ->  Seq Scan on movie_info_idx mi_idx  (cost=0.00..21735.35 rows=1380035 width=4) (actual time=0.014..229.314 rows=1380035 loops=1)
              ->  Hash  (cost=73925.90..73925.90 rows=62716 width=4) (actual time=1075.153..1075.153 rows=71543 loops=1)
                    Buckets: 131072 (originally 65536)  Batches: 1 (originally 1)  Memory Usage: 3540kB
                    ->  Seq Scan on title t  (cost=0.00..73925.90 rows=62716 width=4) (actual time=0.049..1043.375 rows=71543 loops=1)
                          Filter: ((kind_id > 1) AND (production_year = 2004))
                          Rows Removed by Filter: 2456769
Planning time: 1.121 ms
Execution time: 7916.250 ms
