Seq Scan on cast_info ci  (cost=0.00..705507.15 rows=27795735 width=0) (actual time=0.013..13987.089 rows=27927808 loops=1)
  Filter: (person_id > 814300)
  Rows Removed by Filter: 8316536
Planning time: 3.399 ms
Execution time: 17446.678 ms
