Seq Scan on cast_info ci  (cost=0.00..796071.18 rows=5925316 width=0) (actual time=4496.255..14796.042 rows=7451973 loops=1)
  Filter: ((person_id < 2974301) AND (role_id = 2))
  Rows Removed by Filter: 28792371
Planning time: 0.386 ms
Execution time: 15722.191 ms
