Hash Join  (cost=102767.86..1306665.31 rows=20301803 width=0) (actual time=1767.004..34209.318 rows=20191811 loops=1)
  Hash Cond: (ci.movie_id = t.id)
  ->  Seq Scan on cast_info ci  (cost=0.00..705507.15 rows=20301803 width=4) (actual time=0.030..13484.317 rows=20191811 loops=1)
        Filter: (person_id < 2028953)
        Rows Removed by Filter: 16052533
  ->  Hash  (cost=61283.27..61283.27 rows=2528527 width=4) (actual time=1765.069..1765.069 rows=2528312 loops=1)
        Buckets: 131072  Batches: 64  Memory Usage: 2415kB
        ->  Seq Scan on title t  (cost=0.00..61283.27 rows=2528527 width=4) (actual time=0.017..911.826 rows=2528312 loops=1)
Planning time: 0.755 ms
Execution time: 36569.581 ms
