Seq Scan on movie_keyword mk  (cost=0.00..81003.12 rows=1383235 width=0) (actual time=0.017..1413.545 rows=1398401 loops=1)
  Filter: (keyword_id < 1889)
  Rows Removed by Filter: 3125529
Planning time: 0.231 ms
Execution time: 1587.825 ms
