Hash Join  (cost=101984.31..185622.89 rows=3447 width=0) (actual time=2027.105..3108.862 rows=2615 loops=1)
  Hash Cond: (mk.movie_id = t.id)
  ->  Seq Scan on movie_keyword mk  (cost=0.00..81003.12 rows=693597 width=4) (actual time=0.018..1268.391 rows=699375 loops=1)
        Filter: (keyword_id > 26978)
        Rows Removed by Filter: 3824555
  ->  Hash  (cost=101827.23..101827.23 rows=12566 width=8) (actual time=1718.518..1718.518 rows=6523 loops=1)
        Buckets: 16384  Batches: 1  Memory Usage: 383kB
        ->  Hash Join  (cost=74787.47..101827.23 rows=12566 width=8) (actual time=1437.215..1715.810 rows=6523 loops=1)
              Hash Cond: (mi_idx.movie_id = t.id)
              ->  Seq Scan on movie_info_idx mi_idx  (cost=0.00..25185.44 rows=460978 width=4) (actual time=0.013..441.466 rows=459925 loops=1)
                    Filter: (info_type_id < 100)
                    Rows Removed by Filter: 920110
              ->  Hash  (cost=73925.90..73925.90 rows=68925 width=4) (actual time=1128.701..1128.701 rows=84076 loops=1)
                    Buckets: 131072  Batches: 1  Memory Usage: 3980kB
                    ->  Seq Scan on title t  (cost=0.00..73925.90 rows=68925 width=4) (actual time=0.011..1095.021 rows=84076 loops=1)
                          Filter: ((kind_id = 7) AND (production_year = 2007))
                          Rows Removed by Filter: 2444236
Planning time: 1.296 ms
Execution time: 3109.519 ms
