Hash Join  (cost=895722.08..1090027.60 rows=1293036 width=0) (actual time=21931.104..25851.982 rows=1394285 loops=1)
  Hash Cond: (mk.movie_id = t.id)
  ->  Seq Scan on movie_keyword mk  (cost=0.00..69693.30 rows=4523930 width=4) (actual time=0.020..1377.414 rows=4523930 loops=1)
  ->  Hash  (cost=883864.24..883864.24 rows=722707 width=8) (actual time=21929.476..21929.476 rows=727216 loops=1)
        Buckets: 131072  Batches: 16  Memory Usage: 2798kB
        ->  Hash Join  (cost=68438.72..883864.24 rows=722707 width=8) (actual time=966.536..21402.251 rows=727216 loops=1)
              Hash Cond: (ci.movie_id = t.id)
              ->  Seq Scan on cast_info ci  (cost=0.00..705507.15 rows=27384345 width=4) (actual time=0.023..12310.914 rows=27397174 loops=1)
                    Filter: (person_id < 2807556)
                    Rows Removed by Filter: 8847170
              ->  Hash  (cost=67604.59..67604.59 rows=66731 width=4) (actual time=965.337..965.337 rows=67342 loops=1)
                    Buckets: 131072  Batches: 1  Memory Usage: 3392kB
                    ->  Seq Scan on title t  (cost=0.00..67604.59 rows=66731 width=4) (actual time=0.015..935.739 rows=67342 loops=1)
                          Filter: (production_year > 2012)
                          Rows Removed by Filter: 2460970
Planning time: 1.196 ms
Execution time: 26001.164 ms
