Hash Join  (cost=177621.81..726445.14 rows=6468240 width=0) (actual time=4109.765..22173.626 rows=16370292 loops=1)
  Hash Cond: (mi.movie_id = t.id)
  ->  Seq Scan on movie_info mi  (cost=0.00..309384.22 rows=14739122 width=4) (actual time=0.010..5395.141 rows=14835720 loops=1)
  ->  Hash  (cost=159416.31..159416.31 rows=1109640 width=8) (actual time=4108.744..4108.744 rows=1124381 loops=1)
        Buckets: 131072  Batches: 16  Memory Usage: 3791kB
        ->  Hash Join  (cost=100960.39..159416.31 rows=1109640 width=8) (actual time=1938.654..3758.762 rows=1124381 loops=1)
              Hash Cond: (mi_idx.movie_id = t.id)
              ->  Seq Scan on movie_info_idx mi_idx  (cost=0.00..21735.35 rows=1380035 width=4) (actual time=0.010..464.212 rows=1380035 loops=1)
              ->  Hash  (cost=67604.59..67604.59 rows=2033104 width=4) (actual time=1937.918..1937.918 rows=2032439 loops=1)
                    Buckets: 131072  Batches: 32  Memory Usage: 3261kB
                    ->  Seq Scan on title t  (cost=0.00..67604.59 rows=2033104 width=4) (actual time=0.022..1289.571 rows=2032439 loops=1)
                          Filter: (production_year > 1973)
                          Rows Removed by Filter: 495873
Planning time: 0.778 ms
Execution time: 24129.554 ms
