Hash Join  (cost=214641.50..1408706.97 rows=15600830 width=0) (actual time=4842.879..43690.656 rows=29795978 loops=1)
  Hash Cond: (ci.movie_id = t.id)
  ->  Seq Scan on cast_info ci  (cost=0.00..614943.12 rows=36225612 width=4) (actual time=0.019..11945.046 rows=36244344 loops=1)
  ->  Hash  (cost=196775.89..196775.89 rows=1088929 width=8) (actual time=4841.982..4841.982 rows=1213444 loops=1)
        Buckets: 131072  Batches: 16  Memory Usage: 3977kB
        ->  Hash Join  (cost=102767.86..196775.89 rows=1088929 width=8) (actual time=2015.771..4471.904 rows=1213444 loops=1)
              Hash Cond: (mc.movie_id = t.id)
              ->  Seq Scan on movie_companies mc  (cost=0.00..57926.93 rows=1088929 width=4) (actual time=310.888..1094.787 rows=1213444 loops=1)
                    Filter: ((company_id > 401) AND (company_type_id > 1))
                    Rows Removed by Filter: 1395685
              ->  Hash  (cost=61283.27..61283.27 rows=2528527 width=4) (actual time=1703.658..1703.658 rows=2528312 loops=1)
                    Buckets: 131072  Batches: 64  Memory Usage: 2415kB
                    ->  Seq Scan on title t  (cost=0.00..61283.27 rows=2528527 width=4) (actual time=0.014..883.643 rows=2528312 loops=1)
Planning time: 1.116 ms
Execution time: 46808.968 ms
