Hash Join  (cost=624706.18..2234367.26 rows=34017280 width=0) (actual time=19743.660..99689.018 rows=196286572 loops=1)
  Hash Cond: (ci.movie_id = t.id)
  ->  Seq Scan on cast_info ci  (cost=0.00..614943.12 rows=36225612 width=4) (actual time=0.011..12344.561 rows=36244344 loops=1)
  ->  Hash  (cost=585751.34..585751.34 rows=2374387 width=8) (actual time=19741.945..19741.945 rows=5973014 loops=1)
        Buckets: 131072 (originally 131072)  Batches: 128 (originally 32)  Memory Usage: 3073kB
        ->  Hash Join  (cost=80609.54..585751.34 rows=2374387 width=8) (actual time=1862.316..16514.042 rows=5973014 loops=1)
              Hash Cond: (mi.movie_id = t.id)
              ->  Seq Scan on movie_info mi  (cost=0.00..309384.22 rows=14739122 width=4) (actual time=0.009..5136.794 rows=14835720 loops=1)
              ->  Hash  (cost=73925.90..73925.90 rows=407331 width=4) (actual time=1861.475..1861.475 rows=510138 loops=1)
                    Buckets: 131072  Batches: 8  Memory Usage: 3287kB
                    ->  Seq Scan on title t  (cost=0.00..73925.90 rows=407331 width=4) (actual time=0.024..909.350 rows=510138 loops=1)
                          Filter: ((kind_id < 4) AND (production_year < 2003))
                          Rows Removed by Filter: 2018174
Planning time: 10.995 ms
Execution time: 121326.399 ms
