Hash Join  (cost=82033.88..214808.18 rows=884126 width=0) (actual time=1424.307..5413.191 rows=2610685 loops=1)
  Hash Cond: (mk.movie_id = t.id)
  ->  Seq Scan on movie_keyword mk  (cost=0.00..69693.30 rows=4523930 width=4) (actual time=0.019..1520.121 rows=4523930 loops=1)
  ->  Hash  (cost=73925.90..73925.90 rows=494158 width=4) (actual time=1423.110..1423.110 rows=581419 loops=1)
        Buckets: 131072  Batches: 8  Memory Usage: 3600kB
        ->  Seq Scan on title t  (cost=0.00..73925.90 rows=494158 width=4) (actual time=0.020..1222.882 rows=581419 loops=1)
              Filter: ((kind_id < 7) AND (production_year < 2004))
              Rows Removed by Filter: 1946893
Planning time: 4.752 ms
Execution time: 5692.123 ms
