Hash Join  (cost=77113.05..114342.14 rows=70302 width=0) (actual time=1278.034..2299.469 rows=193408 loops=1)
  Hash Cond: (mi_idx.movie_id = t.id)
  ->  Seq Scan on movie_info_idx mi_idx  (cost=0.00..25185.44 rows=915101 width=4) (actual time=0.016..514.235 rows=919850 loops=1)
        Filter: (info_type_id < 101)
        Rows Removed by Filter: 460185
  ->  Hash  (cost=73925.90..73925.90 rows=194252 width=4) (actual time=1277.199..1277.199 rows=326032 loops=1)
        Buckets: 131072  Batches: 4  Memory Usage: 3890kB
        ->  Seq Scan on title t  (cost=0.00..73925.90 rows=194252 width=4) (actual time=0.022..955.945 rows=326032 loops=1)
              Filter: ((production_year < 1992) AND (kind_id = 1))
              Rows Removed by Filter: 2202280
Planning time: 0.850 ms
Execution time: 2324.793 ms
