Seq Scan on cast_info ci  (cost=0.00..796071.18 rows=6142123 width=0) (actual time=3130.155..10333.626 rows=3802692 loops=1)
  Filter: ((person_id < 1349806) AND (role_id > 2))
  Rows Removed by Filter: 32441652
Planning time: 0.346 ms
Execution time: 10788.939 ms
