Seq Scan on movie_companies mc  (cost=0.00..51404.11 rows=1813598 width=0) (actual time=0.020..888.478 rows=1807182 loops=1)
  Filter: (company_id < 30181)
  Rows Removed by Filter: 801947
Planning time: 0.335 ms
Execution time: 1125.942 ms
