Hash Join  (cost=207293.63..718241.56 rows=2918601 width=0) (actual time=3821.955..15596.775 rows=1006222 loops=1)
  Hash Cond: (mi.movie_id = t.id)
  ->  Seq Scan on movie_info mi  (cost=0.00..309384.22 rows=14739122 width=4) (actual time=0.017..5221.675 rows=14835720 loops=1)
  ->  Hash  (cost=199078.98..199078.98 rows=500692 width=8) (actual time=3760.386..3760.386 rows=108089 loops=1)
        Buckets: 131072  Batches: 8  Memory Usage: 1563kB
        ->  Hash Join  (cost=97209.65..199078.98 rows=500692 width=8) (actual time=1884.792..3727.269 rows=108089 loops=1)
              Hash Cond: (mk.movie_id = t.id)
              ->  Seq Scan on movie_keyword mk  (cost=0.00..81003.12 rows=892074 width=4) (actual time=0.024..1277.873 rows=896588 loops=1)
                    Filter: (keyword_id < 848)
                    Rows Removed by Filter: 3627342
              ->  Hash  (cost=73925.90..73925.90 rows=1419180 width=4) (actual time=1716.180..1716.180 rows=1478425 loops=1)
                    Buckets: 131072  Batches: 32  Memory Usage: 2656kB
                    ->  Seq Scan on title t  (cost=0.00..73925.90 rows=1419180 width=4) (actual time=0.018..1233.891 rows=1478425 loops=1)
                          Filter: ((production_year > 1936) AND (kind_id = 7))
                          Rows Removed by Filter: 1049887
Planning time: 1.189 ms
Execution time: 15722.351 ms
