Hash Join  (cost=102069.22..195932.40 rows=35801 width=0) (actual time=1801.199..3904.966 rows=95472 loops=1)
  Hash Cond: (mk.movie_id = t.id)
  ->  Seq Scan on movie_keyword mk  (cost=0.00..81003.12 rows=3333879 width=4) (actual time=0.024..1549.026 rows=3324542 loops=1)
        Filter: (keyword_id < 15348)
        Rows Removed by Filter: 1199388
  ->  Hash  (cost=101729.80..101729.80 rows=27153 width=8) (actual time=1800.904..1800.904 rows=29040 loops=1)
        Buckets: 32768  Batches: 1  Memory Usage: 1391kB
        ->  Hash Join  (cost=74547.79..101729.80 rows=27153 width=8) (actual time=1186.081..1790.987 rows=29040 loops=1)
              Hash Cond: (mi_idx.movie_id = t.id)
              ->  Seq Scan on movie_info_idx mi_idx  (cost=0.00..21735.35 rows=1380035 width=4) (actual time=0.011..274.263 rows=1380035 loops=1)
              ->  Hash  (cost=73925.90..73925.90 rows=49751 width=4) (actual time=1185.778..1185.778 rows=56995 loops=1)
                    Buckets: 65536  Batches: 1  Memory Usage: 2516kB
                    ->  Seq Scan on title t  (cost=0.00..73925.90 rows=49751 width=4) (actual time=0.023..1162.089 rows=56995 loops=1)
                          Filter: ((kind_id > 1) AND (production_year = 2003))
                          Rows Removed by Filter: 2471317
Planning time: 1.155 ms
Execution time: 3917.424 ms
