Hash Join  (cost=418824.35..473584.90 rows=9501 width=0) (actual time=5013.038..5793.091 rows=191184 loops=1)
  Hash Cond: (mc.movie_id = t.id)
  ->  Seq Scan on movie_companies mc  (cost=0.00..44881.29 rows=2609129 width=4) (actual time=0.018..369.136 rows=2609129 loops=1)
  ->  Hash  (cost=418709.25..418709.25 rows=9208 width=8) (actual time=5009.160..5009.160 rows=8092 loops=1)
        Buckets: 16384  Batches: 1  Memory Usage: 445kB
        ->  Hash Join  (cost=69928.56..418709.25 rows=9208 width=8) (actual time=4119.931..5006.389 rows=8092 loops=1)
              Hash Cond: (mi.movie_id = t.id)
              ->  Seq Scan on movie_info mi  (cost=0.00..346232.03 rows=164423 width=4) (actual time=2917.523..3891.409 rows=197754 loops=1)
                    Filter: (info_type_id > 106)
                    Rows Removed by Filter: 14637966
              ->  Hash  (cost=67604.59..67604.59 rows=141598 width=4) (actual time=1032.174..1032.174 rows=141703 loops=1)
                    Buckets: 131072  Batches: 2  Memory Usage: 3517kB
                    ->  Seq Scan on title t  (cost=0.00..67604.59 rows=141598 width=4) (actual time=0.026..977.121 rows=141703 loops=1)
                          Filter: (production_year = 2010)
                          Rows Removed by Filter: 2386609
Planning time: 4.432 ms
Execution time: 5814.922 ms
