Nested Loop  (cost=0.43..709673.15 rows=7 width=0) (actual time=2210.460..9554.701 rows=20 loops=1)
  ->  Seq Scan on cast_info ci  (cost=0.00..705507.15 rows=500 width=4) (actual time=2209.751..9552.170 rows=184 loops=1)
        Filter: (person_id = 494638)
        Rows Removed by Filter: 36244160
  ->  Index Scan using title_pkey on title t  (cost=0.43..8.32 rows=1 width=4) (actual time=0.013..0.013 rows=0 loops=184)
        Index Cond: (id = ci.movie_id)
        Filter: (production_year = 1996)
        Rows Removed by Filter: 1
Planning time: 0.732 ms
Execution time: 9554.808 ms
