Hash Join  (cost=477317.51..613466.67 rows=1161112 width=0) (actual time=9387.599..13795.681 rows=4641485 loops=1)
  Hash Cond: (mk.movie_id = t.id)
  ->  Seq Scan on movie_keyword mk  (cost=0.00..69693.30 rows=4523930 width=4) (actual time=0.024..1454.610 rows=4523930 loops=1)
  ->  Hash  (cost=466669.36..466669.36 rows=648972 width=8) (actual time=9386.467..9386.467 rows=613227 loops=1)
        Buckets: 131072  Batches: 16  Memory Usage: 2543kB
        ->  Hash Join  (cost=76379.89..466669.36 rows=648972 width=8) (actual time=2039.152..9201.988 rows=613227 loops=1)
              Hash Cond: (mi.movie_id = t.id)
              ->  Seq Scan on movie_info mi  (cost=0.00..346232.03 rows=3068194 width=4) (actual time=815.637..6086.564 rows=3036719 loops=1)
                    Filter: (info_type_id = 16)
                    Rows Removed by Filter: 11799001
              ->  Hash  (cost=67604.59..67604.59 rows=534824 width=4) (actual time=1222.549..1222.549 rows=533369 loops=1)
                    Buckets: 131072  Batches: 8  Memory Usage: 3376kB
                    ->  Seq Scan on title t  (cost=0.00..67604.59 rows=534824 width=4) (actual time=0.032..1052.640 rows=533369 loops=1)
                          Filter: (production_year > 2009)
                          Rows Removed by Filter: 1994943
Planning time: 1.132 ms
Execution time: 14320.962 ms
