Seq Scan on movie_keyword mk  (cost=0.00..81003.12 rows=4004040 width=0) (actual time=0.025..1497.834 rows=4005732 loops=1)
  Filter: (keyword_id > 377)
  Rows Removed by Filter: 518198
Planning time: 0.328 ms
Execution time: 2015.206 ms
