Hash Join  (cost=448026.41..1201385.37 rows=256979 width=0) (actual time=6382.030..31669.650 rows=2766914 loops=1)
  Hash Cond: (ci.movie_id = t.id)
  ->  Seq Scan on cast_info ci  (cost=0.00..614943.12 rows=36225612 width=4) (actual time=0.022..8253.440 rows=36244344 loops=1)
  ->  Hash  (cost=447802.20..447802.20 rows=17937 width=8) (actual time=6381.665..6381.665 rows=121863 loops=1)
        Buckets: 131072 (originally 32768)  Batches: 2 (originally 1)  Memory Usage: 3402kB
        ->  Nested Loop  (cost=0.43..447802.20 rows=17937 width=8) (actual time=4203.012..6318.826 rows=121863 loops=1)
              ->  Seq Scan on movie_info mi  (cost=0.00..346232.03 rows=17937 width=4) (actual time=4202.909..4540.243 rows=121863 loops=1)
                    Filter: (info_type_id = 105)
                    Rows Removed by Filter: 14713857
              ->  Index Only Scan using title_pkey on title t  (cost=0.43..5.65 rows=1 width=4) (actual time=0.014..0.014 rows=1 loops=121863)
                    Index Cond: (id = mi.movie_id)
                    Heap Fetches: 121863
Planning time: 1.090 ms
Execution time: 32043.077 ms
