Seq Scan on cast_info ci  (cost=0.00..796071.18 rows=3617947 width=0) (actual time=5516.103..12089.927 rows=6766678 loops=1)
  Filter: ((person_id > 2264809) AND (role_id > 4))
  Rows Removed by Filter: 29477666
Planning time: 0.391 ms
Execution time: 12955.636 ms
