Seq Scan on cast_info ci  (cost=0.00..705507.15 rows=500 width=0) (actual time=760.154..9239.770 rows=151 loops=1)
  Filter: (person_id = 1007885)
  Rows Removed by Filter: 36244193
Planning time: 0.373 ms
Execution time: 9239.893 ms
