Hash Join  (cost=74202.60..885779.60 rows=35373 width=0) (actual time=1543.641..11556.191 rows=1569 loops=1)
  Hash Cond: (ci.movie_id = t.id)
  ->  Seq Scan on cast_info ci  (cost=0.00..796071.18 rows=4040556 width=4) (actual time=806.530..10774.673 rows=198598 loops=1)
        Filter: ((person_id > 3033999) AND (role_id < 4))
        Rows Removed by Filter: 36045746
  ->  Hash  (cost=73925.90..73925.90 rows=22136 width=4) (actual time=735.531..735.531 rows=24301 loops=1)
        Buckets: 32768  Batches: 1  Memory Usage: 1111kB
        ->  Seq Scan on title t  (cost=0.00..73925.90 rows=22136 width=4) (actual time=0.101..726.718 rows=24301 loops=1)
              Filter: ((kind_id = 7) AND (production_year = 1996))
              Rows Removed by Filter: 2504011
Planning time: 0.785 ms
Execution time: 11556.553 ms
