Nested Loop  (cost=0.43..78549.39 rows=47 width=0) (actual time=154.204..776.677 rows=8 loops=1)
  ->  Seq Scan on movie_companies mc  (cost=0.00..51404.11 rows=3566 width=4) (actual time=0.083..695.949 rows=3921 loops=1)
        Filter: (company_id = 474)
        Rows Removed by Filter: 2605208
  ->  Index Scan using title_pkey on title t  (cost=0.43..7.60 rows=1 width=4) (actual time=0.020..0.020 rows=0 loops=3921)
        Index Cond: (id = mc.movie_id)
        Filter: ((kind_id < 7) AND (production_year = 2004))
        Rows Removed by Filter: 1
Planning time: 0.770 ms
Execution time: 776.772 ms
