Hash Join  (cost=81894.46..472980.52 rows=155337 width=169) (actual time=7895.931..10636.358 rows=790899 loops=1)
  Hash Cond: (mi.movie_id = t.id)
  ->  Seq Scan on movie_info mi  (cost=0.00..346232.03 rows=1338312 width=75) (actual time=5667.243..7260.995 rows=1401902 loops=1)
        Filter: (info_type_id = 7)
        Rows Removed by Filter: 13433818
  ->  Hash  (cost=73925.90..73925.90 rows=293484 width=94) (actual time=2227.375..2227.375 rows=411690 loops=1)
        Buckets: 32768  Batches: 16  Memory Usage: 3086kB
        ->  Seq Scan on title t  (cost=0.00..73925.90 rows=293484 width=94) (actual time=0.048..1779.995 rows=411690 loops=1)
              Filter: ((kind_id < 7) AND (production_year < 1993))
              Rows Removed by Filter: 2116622
Planning time: 0.985 ms
Execution time: 10679.774 ms
