Hash Join  (cost=125421.47..881111.25 rows=490061 width=0) (actual time=2261.796..19267.330 rows=1482331 loops=1)
  Hash Cond: (ci.movie_id = t.id)
  ->  Seq Scan on cast_info ci  (cost=0.00..614943.12 rows=36225612 width=4) (actual time=0.024..7534.253 rows=36244344 loops=1)
  ->  Hash  (cost=124993.90..124993.90 rows=34206 width=8) (actual time=2261.333..2261.333 rows=33024 loops=1)
        Buckets: 65536  Batches: 1  Memory Usage: 1802kB
        ->  Hash Join  (cost=68449.54..124993.90 rows=34206 width=8) (actual time=1101.497..2249.232 rows=33024 loops=1)
              Hash Cond: (mc.movie_id = t.id)
              ->  Seq Scan on movie_companies mc  (cost=0.00..51404.11 rows=1279517 width=4) (actual time=0.046..854.464 rows=1274246 loops=1)
                    Filter: (company_type_id < 2)
                    Rows Removed by Filter: 1334883
              ->  Hash  (cost=67604.59..67604.59 rows=67596 width=4) (actual time=1100.755..1100.755 rows=67777 loops=1)
                    Buckets: 131072  Batches: 1  Memory Usage: 3407kB
                    ->  Seq Scan on title t  (cost=0.00..67604.59 rows=67596 width=4) (actual time=0.017..1072.603 rows=67777 loops=1)
                          Filter: (production_year = 2003)
                          Rows Removed by Filter: 2460535
Planning time: 1.169 ms
Execution time: 19463.732 ms
