Hash Join  (cost=83074.74..434326.74 rows=130 width=0) (actual time=1198.468..6382.632 rows=1139 loops=1)
  Hash Cond: (mi.movie_id = t.id)
  ->  Seq Scan on movie_info mi  (cost=0.00..346232.03 rows=1338312 width=4) (actual time=11.370..5016.257 rows=1401902 loops=1)
        Filter: (info_type_id = 7)
        Rows Removed by Filter: 13433818
  ->  Hash  (cost=83071.67..83071.67 rows=246 width=8) (actual time=1170.825..1170.825 rows=345 loops=1)
        Buckets: 1024  Batches: 1  Memory Usage: 22kB
        ->  Nested Loop  (cost=0.43..83071.67 rows=246 width=8) (actual time=2.488..1170.519 rows=345 loops=1)
              ->  Seq Scan on movie_keyword mk  (cost=0.00..81003.12 rows=246 width=4) (actual time=2.384..1159.456 rows=345 loops=1)
                    Filter: (keyword_id = 10336)
                    Rows Removed by Filter: 4523585
              ->  Index Only Scan using title_pkey on title t  (cost=0.43..8.40 rows=1 width=4) (actual time=0.029..0.030 rows=1 loops=345)
                    Index Cond: (id = mk.movie_id)
                    Heap Fetches: 345
Planning time: 1.115 ms
Execution time: 6382.964 ms
