Hash Join  (cost=91673.71..139496.20 rows=590401 width=0) (actual time=1688.487..2671.349 rows=314985 loops=1)
  Hash Cond: (mi_idx.movie_id = t.id)
  ->  Seq Scan on movie_info_idx mi_idx  (cost=0.00..21735.35 rows=1380035 width=4) (actual time=0.014..331.538 rows=1380035 loops=1)
  ->  Hash  (cost=73925.90..73925.90 rows=1081744 width=4) (actual time=1515.085..1515.085 rows=1176905 loops=1)
        Buckets: 131072  Batches: 16  Memory Usage: 3619kB
        ->  Seq Scan on title t  (cost=0.00..73925.90 rows=1081744 width=4) (actual time=0.019..1157.153 rows=1176905 loops=1)
              Filter: ((production_year > 1989) AND (kind_id = 7))
              Rows Removed by Filter: 1351407
Planning time: 0.378 ms
Execution time: 2705.993 ms
