Seq Scan on cast_info ci  (cost=0.00..705507.15 rows=20755815 width=0) (actual time=0.017..11795.935 rows=20650242 loops=1)
  Filter: (person_id < 2078843)
  Rows Removed by Filter: 15594102
Planning time: 1.476 ms
Execution time: 14334.602 ms
