Seq Scan on cast_info ci  (cost=0.00..705507.15 rows=500 width=0) (actual time=6101.550..10128.389 rows=43 loops=1)
  Filter: (person_id = 846731)
  Rows Removed by Filter: 36244301
Planning time: 0.348 ms
Execution time: 10128.499 ms
