Seq Scan on cast_info ci  (cost=0.00..705507.15 rows=500 width=0) (actual time=199.592..8885.964 rows=4 loops=1)
  Filter: (person_id = 4038135)
  Rows Removed by Filter: 36244340
Planning time: 4.336 ms
Execution time: 8886.081 ms
