Seq Scan on cast_info ci  (cost=0.00..796071.18 rows=276 width=0) (actual time=6007.989..13267.355 rows=337 loops=1)
  Filter: ((role_id < 3) AND (person_id = 947844))
  Rows Removed by Filter: 36244007
Planning time: 0.467 ms
Execution time: 13267.499 ms
