Hash Join  (cost=78556.72..201095.60 rows=723573 width=0) (actual time=1243.458..4592.500 rows=1739801 loops=1)
  Hash Cond: (mk.movie_id = t.id)
  ->  Seq Scan on movie_keyword mk  (cost=0.00..81003.12 rows=2740806 width=4) (actual time=0.024..1565.726 rows=2730787 loops=1)
        Filter: (keyword_id > 2895)
        Rows Removed by Filter: 1793143
  ->  Hash  (cost=67604.59..67604.59 rows=667531 width=4) (actual time=1242.311..1242.311 rows=662825 loops=1)
        Buckets: 131072  Batches: 16  Memory Usage: 2486kB
        ->  Seq Scan on title t  (cost=0.00..67604.59 rows=667531 width=4) (actual time=0.008..1030.317 rows=662825 loops=1)
              Filter: (kind_id = 1)
              Rows Removed by Filter: 1865487
Planning time: 0.780 ms
Execution time: 4809.017 ms
