Seq Scan on movie_keyword mk  (cost=0.00..81003.12 rows=2277667 width=0) (actual time=0.025..1331.678 rows=2277662 loops=1)
  Filter: (keyword_id < 4817)
  Rows Removed by Filter: 2246268
Planning time: 0.297 ms
Execution time: 1626.763 ms
