Nested Loop  (cost=44377.22..110817.66 rows=2800 width=0) (actual time=1377.965..2142.967 rows=3594 loops=1)
  Join Filter: (mc.movie_id = t.id)
  ->  Hash Join  (cost=44376.79..102256.83 rows=14500 width=8) (actual time=1377.869..2094.227 rows=3594 loops=1)
        Hash Cond: (mc.movie_id = mi_idx.movie_id)
        ->  Seq Scan on movie_companies mc  (cost=0.00..51404.11 rows=5131 width=4) (actual time=12.494..792.853 rows=4726 loops=1)
              Filter: (company_id = 394)
              Rows Removed by Filter: 2604403
        ->  Hash  (cost=21735.35..21735.35 rows=1380035 width=4) (actual time=1077.562..1077.562 rows=1380035 loops=1)
              Buckets: 131072  Batches: 32  Memory Usage: 2540kB
              ->  Seq Scan on movie_info_idx mi_idx  (cost=0.00..21735.35 rows=1380035 width=4) (actual time=0.030..438.198 rows=1380035 loops=1)
  ->  Index Only Scan using title_pkey on title t  (cost=0.43..0.58 rows=1 width=4) (actual time=0.013..0.013 rows=1 loops=3594)
        Index Cond: (id = mi_idx.movie_id)
        Heap Fetches: 3594
Planning time: 1.059 ms
Execution time: 2143.726 ms
