Hash Join  (cost=246695.70..1473406.22 rows=18778635 width=0) (actual time=5069.413..48909.882 rows=61854573 loops=1)
  Hash Cond: (ci.movie_id = t.id)
  ->  Seq Scan on cast_info ci  (cost=0.00..614943.12 rows=36225612 width=4) (actual time=0.026..12301.675 rows=36244344 loops=1)
  ->  Hash  (cost=225190.48..225190.48 rows=1310738 width=8) (actual time=5068.387..5068.387 rows=1322042 loops=1)
        Buckets: 131072  Batches: 32  Memory Usage: 2631kB
        ->  Hash Join  (cost=102767.86..225190.48 rows=1310738 width=8) (actual time=1825.247..4693.164 rows=1322042 loops=1)
              Hash Cond: (mk.movie_id = t.id)
              ->  Seq Scan on movie_keyword mk  (cost=0.00..81003.12 rows=1310738 width=4) (actual time=0.028..1419.800 rows=1322042 loops=1)
                    Filter: (keyword_id > 13100)
                    Rows Removed by Filter: 3201888
              ->  Hash  (cost=61283.27..61283.27 rows=2528527 width=4) (actual time=1820.574..1820.574 rows=2528312 loops=1)
                    Buckets: 131072  Batches: 64  Memory Usage: 2425kB
                    ->  Seq Scan on title t  (cost=0.00..61283.27 rows=2528527 width=4) (actual time=0.016..944.488 rows=2528312 loops=1)
Planning time: 1.141 ms
Execution time: 55512.079 ms
