Seq Scan on movie_keyword mk  (cost=0.00..81003.12 rows=618088 width=0) (actual time=0.010..1149.027 rows=617238 loops=1)
  Filter: (keyword_id > 29550)
  Rows Removed by Filter: 3906692
Planning time: 0.264 ms
Execution time: 1228.306 ms
