Hash Join  (cost=133909.19..213942.66 rows=361494 width=0) (actual time=3001.375..5652.578 rows=2307242 loops=1)
  Hash Cond: (mc.movie_id = t.id)
  ->  Seq Scan on movie_companies mc  (cost=0.00..44881.29 rows=2609129 width=4) (actual time=0.026..753.763 rows=2609129 loops=1)
  ->  Hash  (cost=128161.11..128161.11 rows=350327 width=8) (actual time=3000.488..3000.488 rows=619859 loops=1)
        Buckets: 131072  Batches: 8  Memory Usage: 4059kB
        ->  Hash Join  (cost=84457.35..128161.11 rows=350327 width=8) (actual time=1526.844..2822.031 rows=619859 loops=1)
              Hash Cond: (mi_idx.movie_id = t.id)
              ->  Seq Scan on movie_info_idx mi_idx  (cost=0.00..21735.35 rows=1380035 width=4) (actual time=0.019..399.313 rows=1380035 loops=1)
              ->  Hash  (cost=73925.90..73925.90 rows=641876 width=4) (actual time=1525.746..1525.746 rows=627207 loops=1)
                    Buckets: 131072  Batches: 16  Memory Usage: 2398kB
                    ->  Seq Scan on title t  (cost=0.00..73925.90 rows=641876 width=4) (actual time=465.116..1327.279 rows=627207 loops=1)
                          Filter: ((production_year > 1910) AND (kind_id = 1))
                          Rows Removed by Filter: 1901105
Planning time: 1.889 ms
Execution time: 5942.773 ms
