Hash Join  (cost=90606.68..221630.14 rows=1188145 width=0) (actual time=2716.223..4249.027 rows=256935 loops=1)
  Hash Cond: (mk.movie_id = t.id)
  ->  Seq Scan on movie_keyword mk  (cost=0.00..81003.12 rows=2954904 width=4) (actual time=0.025..1479.430 rows=2937331 loops=1)
        Filter: (keyword_id < 9802)
        Rows Removed by Filter: 1586599
  ->  Hash  (cost=73925.90..73925.90 rows=1016702 width=4) (actual time=1474.785..1474.785 rows=960113 loops=1)
        Buckets: 131072  Batches: 16  Memory Usage: 3141kB
        ->  Seq Scan on title t  (cost=0.00..73925.90 rows=1016702 width=4) (actual time=0.023..1170.843 rows=960113 loops=1)
              Filter: ((production_year < 2008) AND (kind_id = 7))
              Rows Removed by Filter: 1568199
Planning time: 0.775 ms
Execution time: 4271.064 ms
