Seq Scan on movie_companies mc  (cost=0.00..57926.93 rows=880317 width=0) (actual time=274.183..1021.668 rows=1193689 loops=1)
  Filter: ((company_id < 28238) AND (company_type_id < 2))
  Rows Removed by Filter: 1415440
Planning time: 0.341 ms
Execution time: 1180.340 ms
