Hash Join  (cost=728864.43..2420368.42 rows=54452235 width=0) (actual time=15812.730..54442.607 rows=45373867 loops=1)
  Hash Cond: (ci.movie_id = t.id)
  ->  Seq Scan on cast_info ci  (cost=0.00..705507.15 rows=23499554 width=4) (actual time=0.031..15135.285 rows=23573656 loops=1)
        Filter: (role_id > 1)
        Rows Removed by Filter: 12670688
  ->  Hash  (cost=632739.90..632739.90 rows=5859002 width=8) (actual time=15809.325..15809.325 rows=2455675 loops=1)
        Buckets: 131072  Batches: 128  Memory Usage: 1763kB
        ->  Hash Join  (cost=90416.96..632739.90 rows=5859002 width=8) (actual time=1524.907..15050.970 rows=2455675 loops=1)
              Hash Cond: (mi.movie_id = t.id)
              ->  Seq Scan on movie_info mi  (cost=0.00..309384.22 rows=14739122 width=4) (actual time=0.021..5397.517 rows=14835720 loops=1)
              ->  Hash  (cost=73925.90..73925.90 rows=1005124 width=4) (actual time=1507.529..1507.529 rows=1099095 loops=1)
                    Buckets: 131072  Batches: 16  Memory Usage: 3453kB
                    ->  Seq Scan on title t  (cost=0.00..73925.90 rows=1005124 width=4) (actual time=0.019..1169.515 rows=1099095 loops=1)
                          Filter: ((production_year > 1994) AND (kind_id = 7))
                          Rows Removed by Filter: 1429217
Planning time: 2.650 ms
Execution time: 59557.696 ms
