Hash Join  (cost=262456.51..1591771.22 rows=24358753 width=0) (actual time=6041.720..56716.227 rows=78483848 loops=1)
  Hash Cond: (ci.movie_id = t.id)
  ->  Seq Scan on cast_info ci  (cost=0.00..614943.12 rows=36225612 width=4) (actual time=0.013..12007.877 rows=36244344 loops=1)
  ->  Hash  (cost=234561.67..234561.67 rows=1700227 width=8) (actual time=6040.342..6040.342 rows=1707558 loops=1)
        Buckets: 131072  Batches: 32  Memory Usage: 3095kB
        ->  Hash Join  (cost=102767.86..234561.67 rows=1700227 width=8) (actual time=1874.476..5537.171 rows=1707558 loops=1)
              Hash Cond: (mk.movie_id = t.id)
              ->  Seq Scan on movie_keyword mk  (cost=0.00..81003.12 rows=1700227 width=4) (actual time=0.026..1494.744 rows=1707558 loops=1)
                    Filter: (keyword_id < 2695)
                    Rows Removed by Filter: 2816372
              ->  Hash  (cost=61283.27..61283.27 rows=2528527 width=4) (actual time=1873.632..1873.632 rows=2528312 loops=1)
                    Buckets: 131072  Batches: 64  Memory Usage: 2425kB
                    ->  Seq Scan on title t  (cost=0.00..61283.27 rows=2528527 width=4) (actual time=0.019..986.436 rows=2528312 loops=1)
Planning time: 1.225 ms
Execution time: 65497.124 ms
