Hash Join  (cost=160526.42..281536.34 rows=820282 width=0) (actual time=4495.163..5832.507 rows=667014 loops=1)
  Hash Cond: (mk.movie_id = t.id)
  ->  Seq Scan on movie_keyword mk  (cost=0.00..81003.12 rows=2466393 width=4) (actual time=0.025..1458.525 rows=2453269 loops=1)
        Filter: (keyword_id > 3665)
        Rows Removed by Filter: 2070661
  ->  Hash  (cost=146729.58..146729.58 rows=840947 width=8) (actual time=3107.053..3107.053 rows=425718 loops=1)
        Buckets: 131072  Batches: 16  Memory Usage: 2068kB
        ->  Hash Join  (cost=92883.59..146729.58 rows=840947 width=8) (actual time=1926.177..2980.349 rows=425718 loops=1)
              Hash Cond: (mi_idx.movie_id = t.id)
              ->  Seq Scan on movie_info_idx mi_idx  (cost=0.00..21735.35 rows=1380035 width=4) (actual time=0.019..424.867 rows=1380035 loops=1)
              ->  Hash  (cost=67604.59..67604.59 rows=1540800 width=4) (actual time=1543.549..1543.549 rows=1543264 loops=1)
                    Buckets: 131072  Batches: 32  Memory Usage: 2722kB
                    ->  Seq Scan on title t  (cost=0.00..67604.59 rows=1540800 width=4) (actual time=257.339..1056.731 rows=1543264 loops=1)
                          Filter: (kind_id = 7)
                          Rows Removed by Filter: 985048
Planning time: 1.129 ms
Execution time: 5915.213 ms
