Hash Join  (cost=157690.06..634307.38 rows=2532117 width=0) (actual time=3245.230..13969.361 rows=2488623 loops=1)
  Hash Cond: (mi.movie_id = t.id)
  ->  Seq Scan on movie_info mi  (cost=0.00..346232.03 rows=8841901 width=4) (actual time=0.006..6194.981 rows=8950757 loops=1)
        Filter: (info_type_id > 6)
        Rows Removed by Filter: 5884963
  ->  Hash  (cost=145809.66..145809.66 rows=724112 width=8) (actual time=3242.439..3242.439 rows=402792 loops=1)
        Buckets: 131072  Batches: 16  Memory Usage: 2012kB
        ->  Hash Join  (cost=95693.05..145809.66 rows=724112 width=8) (actual time=1740.091..3123.214 rows=402792 loops=1)
              Hash Cond: (mi_idx.movie_id = t.id)
              ->  Seq Scan on movie_info_idx mi_idx  (cost=0.00..21735.35 rows=1380035 width=4) (actual time=0.019..417.877 rows=1380035 loops=1)
              ->  Hash  (cost=73925.90..73925.90 rows=1326732 width=4) (actual time=1738.879..1738.879 rows=1405802 loops=1)
                    Buckets: 131072  Batches: 32  Memory Usage: 2570kB
                    ->  Seq Scan on title t  (cost=0.00..73925.90 rows=1326732 width=4) (actual time=0.014..1280.283 rows=1405802 loops=1)
                          Filter: ((production_year > 1963) AND (kind_id = 7))
                          Rows Removed by Filter: 1122510
Planning time: 1.229 ms
Execution time: 14248.429 ms
