Hash Join  (cost=90606.68..195447.90 rows=512573 width=0) (actual time=1704.338..3646.148 rows=102756 loops=1)
  Hash Cond: (mk.movie_id = t.id)
  ->  Seq Scan on movie_keyword mk  (cost=0.00..81003.12 rows=1274763 width=4) (actual time=0.026..1387.564 rows=1286305 loops=1)
        Filter: (keyword_id < 1662)
        Rows Removed by Filter: 3237625
  ->  Hash  (cost=73925.90..73925.90 rows=1016702 width=4) (actual time=1483.543..1483.543 rows=960113 loops=1)
        Buckets: 131072  Batches: 16  Memory Usage: 3141kB
        ->  Seq Scan on title t  (cost=0.00..73925.90 rows=1016702 width=4) (actual time=0.015..1182.001 rows=960113 loops=1)
              Filter: ((production_year < 2008) AND (kind_id = 7))
              Rows Removed by Filter: 1568199
Planning time: 0.707 ms
Execution time: 3659.693 ms
