Hash Join  (cost=131463.68..506026.19 rows=19203 width=0) (actual time=2677.405..8463.164 rows=717 loops=1)
  Hash Cond: (mi.movie_id = t.id)
  ->  Seq Scan on movie_info mi  (cost=0.00..346232.03 rows=7503588 width=4) (actual time=718.357..5421.008 rows=7548855 loops=1)
        Filter: (info_type_id > 7)
        Rows Removed by Filter: 7286865
  ->  Hash  (cost=131382.79..131382.79 rows=6471 width=8) (actual time=1958.388..1958.388 rows=174 loops=1)
        Buckets: 8192  Batches: 1  Memory Usage: 71kB
        ->  Hash Join  (cost=78171.87..131382.79 rows=6471 width=8) (actual time=1174.312..1958.182 rows=174 loops=1)
              Hash Cond: (mc.movie_id = t.id)
              ->  Seq Scan on movie_companies mc  (cost=0.00..51404.11 rows=63228 width=4) (actual time=0.278..749.362 rows=62075 loops=1)
                    Filter: (company_id = 6)
                    Rows Removed by Filter: 2547054
              ->  Hash  (cost=73925.90..73925.90 rows=258797 width=4) (actual time=1149.125..1149.125 rows=227847 loops=1)
                    Buckets: 131072  Batches: 4  Memory Usage: 3032kB
                    ->  Seq Scan on title t  (cost=0.00..73925.90 rows=258797 width=4) (actual time=0.046..1074.641 rows=227847 loops=1)
                          Filter: ((kind_id < 7) AND (production_year > 2008))
                          Rows Removed by Filter: 2300465
Planning time: 1.180 ms
Execution time: 8463.997 ms
