Hash Join  (cost=188330.55..677727.30 rows=898784 width=0) (actual time=3728.086..19423.895 rows=15373332 loops=1)
  Hash Cond: (mi.movie_id = t.id)
  ->  Seq Scan on movie_info mi  (cost=0.00..309384.22 rows=14739122 width=4) (actual time=0.027..6280.571 rows=14835720 loops=1)
  ->  Hash  (cost=185800.20..185800.20 rows=154188 width=8) (actual time=3726.996..3726.996 rows=195333 loops=1)
        Buckets: 131072  Batches: 4  Memory Usage: 2916kB
        ->  Hash Join  (cost=76796.18..185800.20 rows=154188 width=8) (actual time=1166.226..3677.457 rows=195333 loops=1)
              Hash Cond: (mk.movie_id = t.id)
              ->  Seq Scan on movie_keyword mk  (cost=0.00..81003.12 rows=2229072 width=4) (actual time=0.024..1703.598 rows=2227129 loops=1)
                    Filter: (keyword_id > 4918)
                    Rows Removed by Filter: 2296801
              ->  Hash  (cost=73925.90..73925.90 rows=174902 width=4) (actual time=1162.964..1162.964 rows=160286 loops=1)
                    Buckets: 131072  Batches: 4  Memory Usage: 2442kB
                    ->  Seq Scan on title t  (cost=0.00..73925.90 rows=174902 width=4) (actual time=282.530..1107.813 rows=160286 loops=1)
                          Filter: ((production_year > 2008) AND (kind_id = 1))
                          Rows Removed by Filter: 2368026
Planning time: 1.237 ms
Execution time: 21210.703 ms
