Hash Join  (cost=102767.86..204524.86 rows=451931 width=0) (actual time=1799.118..3794.441 rows=463008 loops=1)
  Hash Cond: (mk.movie_id = t.id)
  ->  Seq Scan on movie_keyword mk  (cost=0.00..81003.12 rows=451931 width=4) (actual time=0.023..1243.664 rows=463008 loops=1)
        Filter: (keyword_id < 353)
        Rows Removed by Filter: 4060922
  ->  Hash  (cost=61283.27..61283.27 rows=2528527 width=4) (actual time=1797.338..1797.338 rows=2528312 loops=1)
        Buckets: 131072  Batches: 64  Memory Usage: 2425kB
        ->  Seq Scan on title t  (cost=0.00..61283.27 rows=2528527 width=4) (actual time=0.013..908.581 rows=2528312 loops=1)
Planning time: 0.799 ms
Execution time: 3849.165 ms
