Hash Join  (cost=155363.12..1047021.01 rows=274086 width=0) (actual time=6162.300..21023.134 rows=9684 loops=1)
  Hash Cond: (ci.movie_id = t.id)
  ->  Seq Scan on cast_info ci  (cost=0.00..796071.18 rows=18569167 width=4) (actual time=3358.293..15328.354 rows=15932541 loops=1)
        Filter: ((person_id < 2911499) AND (role_id > 1))
        Rows Removed by Filter: 20311803
  ->  Hash  (cost=154896.60..154896.60 rows=37322 width=8) (actual time=2740.403..2740.403 rows=6090 loops=1)
        Buckets: 65536  Batches: 1  Memory Usage: 750kB
        ->  Hash Join  (cost=67865.34..154896.60 rows=37322 width=8) (actual time=960.138..2736.745 rows=6090 loops=1)
              Hash Cond: (mk.movie_id = t.id)
              ->  Seq Scan on movie_keyword mk  (cost=0.00..69693.30 rows=4523930 width=4) (actual time=0.028..926.887 rows=4523930 loops=1)
              ->  Hash  (cost=67604.59..67604.59 rows=20860 width=4) (actual time=958.303..958.303 rows=18379 loops=1)
                    Buckets: 32768  Batches: 1  Memory Usage: 903kB
                    ->  Seq Scan on title t  (cost=0.00..67604.59 rows=20860 width=4) (actual time=233.424..950.955 rows=18379 loops=1)
                          Filter: (production_year < 1908)
                          Rows Removed by Filter: 2509933
Planning time: 1.255 ms
Execution time: 21024.789 ms
