Hash Join  (cost=232938.94..837043.74 rows=9922497 width=0) (actual time=5710.153..31586.859 rows=52029115 loops=1)
  Hash Cond: (mi.movie_id = t.id)
  ->  Seq Scan on movie_info mi  (cost=0.00..309384.22 rows=14739122 width=4) (actual time=0.008..5634.695 rows=14835720 loops=1)
  ->  Hash  (cost=205011.13..205011.13 rows=1702225 width=8) (actual time=5707.063..5707.063 rows=1693756 loops=1)
        Buckets: 131072  Batches: 32  Memory Usage: 3131kB
        ->  Hash Join  (cost=102767.86..205011.13 rows=1702225 width=8) (actual time=2375.435..5202.883 rows=1693756 loops=1)
              Hash Cond: (mc.movie_id = t.id)
              ->  Seq Scan on movie_companies mc  (cost=0.00..51404.11 rows=1702225 width=4) (actual time=0.030..1008.038 rows=1693756 loops=1)
                    Filter: (company_id < 20428)
                    Rows Removed by Filter: 915373
              ->  Hash  (cost=61283.27..61283.27 rows=2528527 width=4) (actual time=2373.837..2373.837 rows=2528312 loops=1)
                    Buckets: 131072  Batches: 64  Memory Usage: 2415kB
                    ->  Seq Scan on title t  (cost=0.00..61283.27 rows=2528527 width=4) (actual time=0.018..962.643 rows=2528312 loops=1)
Planning time: 1.451 ms
Execution time: 37288.994 ms
