Hash Join  (cost=156862.81..196177.22 rows=94493 width=0) (actual time=3568.020..5267.951 rows=691288 loops=1)
  Hash Cond: (mi_idx.movie_id = t.id)
  ->  Seq Scan on movie_info_idx mi_idx  (cost=0.00..21735.35 rows=1380035 width=4) (actual time=0.013..506.566 rows=1380035 loops=1)
  ->  Hash  (cost=154021.67..154021.67 rows=173131 width=8) (actual time=3561.726..3561.726 rows=500221 loops=1)
        Buckets: 131072 (originally 131072)  Batches: 8 (originally 4)  Memory Usage: 3480kB
        ->  Hash Join  (cost=83198.94..154021.67 rows=173131 width=8) (actual time=1809.615..3395.303 rows=500221 loops=1)
              Hash Cond: (mc.movie_id = t.id)
              ->  Seq Scan on movie_companies mc  (cost=0.00..57926.93 rows=774528 width=4) (actual time=384.166..1166.168 rows=994267 loops=1)
                    Filter: ((company_id > 6995) AND (company_type_id = 2))
                    Rows Removed by Filter: 1614862
              ->  Hash  (cost=73925.90..73925.90 rows=565203 width=4) (actual time=1424.548..1424.548 rows=641785 loops=1)
                    Buckets: 131072  Batches: 8  Memory Usage: 3862kB
                    ->  Seq Scan on title t  (cost=0.00..73925.90 rows=565203 width=4) (actual time=0.027..1219.488 rows=641785 loops=1)
                          Filter: ((kind_id < 7) AND (production_year < 2006))
                          Rows Removed by Filter: 1886527
Planning time: 1.182 ms
Execution time: 5360.743 ms
