Hash Join  (cost=139597.14..215449.53 rows=347831 width=0) (actual time=3184.585..5497.053 rows=1998471 loops=1)
  Hash Cond: (mc.movie_id = t.id)
  ->  Seq Scan on movie_companies mc  (cost=0.00..51404.11 rows=1631460 width=4) (actual time=0.022..935.420 rows=1620607 loops=1)
        Filter: (company_id < 17091)
        Rows Removed by Filter: 988522
  ->  Hash  (cost=130752.54..130752.54 rows=539088 width=8) (actual time=3183.881..3183.881 rows=954317 loops=1)
        Buckets: 131072 (originally 131072)  Batches: 16 (originally 8)  Memory Usage: 3354kB
        ->  Hash Join  (cost=83810.17..130752.54 rows=539088 width=8) (actual time=1303.734..2892.868 rows=954317 loops=1)
              Hash Cond: (mi_idx.movie_id = t.id)
              ->  Seq Scan on movie_info_idx mi_idx  (cost=0.00..21735.35 rows=1380035 width=4) (actual time=0.028..448.261 rows=1380035 loops=1)
              ->  Hash  (cost=67604.59..67604.59 rows=987727 width=4) (actual time=1302.731..1302.731 rows=985048 loops=1)
                    Buckets: 131072  Batches: 16  Memory Usage: 3188kB
                    ->  Seq Scan on title t  (cost=0.00..67604.59 rows=987727 width=4) (actual time=0.018..995.260 rows=985048 loops=1)
                          Filter: (kind_id < 7)
                          Rows Removed by Filter: 1543264
Planning time: 1.234 ms
Execution time: 5718.888 ms
