Seq Scan on movie_companies mc  (cost=0.00..57926.93 rows=446691 width=0) (actual time=345.282..908.679 rows=645779 loops=1)
  Filter: ((company_id < 3030) AND (company_type_id = 1))
  Rows Removed by Filter: 1963350
Planning time: 0.374 ms
Execution time: 990.425 ms
