Seq Scan on cast_info ci  (cost=0.00..796071.18 rows=8191168 width=0) (actual time=0.014..12571.255 rows=12743108 loops=1)
  Filter: ((person_id > 2406278) AND (role_id > 1))
  Rows Removed by Filter: 23501236
Planning time: 0.321 ms
Execution time: 14144.933 ms
