Hash Join  (cost=67697.55..125804.92 rows=140 width=0) (actual time=1524.192..1777.907 rows=340 loops=1)
  Hash Cond: (mc.movie_id = t.id)
  ->  Seq Scan on movie_companies mc  (cost=0.00..57926.93 rows=47742 width=4) (actual time=464.382..696.480 rows=94133 loops=1)
        Filter: ((company_id > 161140) AND (company_type_id > 1))
        Rows Removed by Filter: 2514996
  ->  Hash  (cost=67604.59..67604.59 rows=7437 width=4) (actual time=1059.476..1059.476 rows=11073 loops=1)
        Buckets: 16384 (originally 8192)  Batches: 1 (originally 1)  Memory Usage: 518kB
        ->  Seq Scan on title t  (cost=0.00..67604.59 rows=7437 width=4) (actual time=0.129..1053.562 rows=11073 loops=1)
              Filter: (production_year = 1961)
              Rows Removed by Filter: 2517239
Planning time: 0.820 ms
Execution time: 1778.156 ms
