Hash Join  (cost=83073.49..447735.01 rows=560 width=0) (actual time=1192.413..7782.101 rows=21666 loops=1)
  Hash Cond: (mi.movie_id = t.id)
  ->  Seq Scan on movie_info mi  (cost=0.00..309384.22 rows=14739122 width=4) (actual time=0.017..3728.473 rows=14835720 loops=1)
  ->  Hash  (cost=83072.29..83072.29 rows=96 width=8) (actual time=1182.801..1182.801 rows=384 loops=1)
        Buckets: 1024  Batches: 1  Memory Usage: 23kB
        ->  Nested Loop  (cost=0.43..83072.29 rows=96 width=8) (actual time=5.242..1182.468 rows=384 loops=1)
              ->  Seq Scan on movie_keyword mk  (cost=0.00..81003.12 rows=246 width=4) (actual time=5.193..1167.080 rows=408 loops=1)
                    Filter: (keyword_id = 6538)
                    Rows Removed by Filter: 4523522
              ->  Index Scan using title_pkey on title t  (cost=0.43..8.40 rows=1 width=4) (actual time=0.035..0.036 rows=1 loops=408)
                    Index Cond: (id = mk.movie_id)
                    Filter: (kind_id < 7)
                    Rows Removed by Filter: 0
Planning time: 1.208 ms
Execution time: 7785.937 ms
