Hash Join  (cost=168235.19..928708.38 rows=968410 width=0) (actual time=2658.230..21743.077 rows=3890855 loops=1)
  Hash Cond: (ci.movie_id = t.id)
  ->  Seq Scan on cast_info ci  (cost=0.00..614943.12 rows=36225612 width=4) (actual time=0.019..7981.042 rows=36244344 loops=1)
  ->  Hash  (cost=167390.26..167390.26 rows=67594 width=8) (actual time=2657.494..2657.494 rows=65704 loops=1)
        Buckets: 131072  Batches: 1  Memory Usage: 3591kB
        ->  Hash Join  (cost=69694.50..167390.26 rows=67594 width=8) (actual time=944.662..2637.705 rows=65704 loops=1)
              Hash Cond: (mk.movie_id = t.id)
              ->  Seq Scan on movie_keyword mk  (cost=0.00..81003.12 rows=1342053 width=4) (actual time=0.028..1249.534 rows=1352862 loops=1)
                    Filter: (keyword_id > 12480)
                    Rows Removed by Filter: 3171068
              ->  Hash  (cost=67604.59..67604.59 rows=127353 width=4) (actual time=943.929..943.929 rows=128696 loops=1)
                    Buckets: 131072  Batches: 2  Memory Usage: 3290kB
                    ->  Seq Scan on title t  (cost=0.00..67604.59 rows=127353 width=4) (actual time=0.021..893.491 rows=128696 loops=1)
                          Filter: (production_year = 2009)
                          Rows Removed by Filter: 2399616
Planning time: 1.245 ms
Execution time: 22252.872 ms
