Seq Scan on movie_keyword mk  (cost=0.00..81003.12 rows=2935404 width=0) (actual time=0.019..1509.117 rows=2925746 loops=1)
  Filter: (keyword_id > 2458)
  Rows Removed by Filter: 1598184
Planning time: 0.318 ms
Execution time: 1880.868 ms
