Seq Scan on cast_info ci  (cost=0.00..796071.18 rows=8689211 width=0) (actual time=2447.589..13632.699 rows=4452581 loops=1)
  Filter: ((person_id > 1120276) AND (role_id < 2))
  Rows Removed by Filter: 31791763
Planning time: 0.324 ms
Execution time: 14165.899 ms
