Hash Join  (cost=426089.83..1258656.29 rows=10662 width=0) (actual time=6648.555..23099.072 rows=244 loops=1)
  Hash Cond: (ci.movie_id = t.id)
  ->  Seq Scan on cast_info ci  (cost=0.00..796071.18 rows=9703646 width=4) (actual time=0.010..15612.787 rows=6540652 loops=1)
        Filter: ((person_id > 833689) AND (role_id < 2))
        Rows Removed by Filter: 29703692
  ->  Hash  (cost=426055.10..426055.10 rows=2778 width=8) (actual time=6622.977..6622.977 rows=47 loops=1)
        Buckets: 4096  Batches: 1  Memory Usage: 34kB
        ->  Hash Join  (cost=73982.55..426055.10 rows=2778 width=8) (actual time=4917.062..6622.891 rows=47 loops=1)
              Hash Cond: (mi.movie_id = t.id)
              ->  Seq Scan on movie_info mi  (cost=0.00..346232.03 rows=1550064 width=4) (actual time=3980.092..5443.414 rows=1533909 loops=1)
                    Filter: (info_type_id = 3)
                    Rows Removed by Filter: 13301811
              ->  Hash  (cost=73925.90..73925.90 rows=4532 width=4) (actual time=934.507..934.507 rows=6734 loops=1)
                    Buckets: 8192  Batches: 1  Memory Usage: 301kB
                    ->  Seq Scan on title t  (cost=0.00..73925.90 rows=4532 width=4) (actual time=0.074..931.385 rows=6734 loops=1)
                          Filter: ((kind_id = 7) AND (production_year = 1961))
                          Rows Removed by Filter: 2521578
Planning time: 0.816 ms
Execution time: 23099.394 ms
