Hash Join  (cost=102767.86..169719.41 rows=235535 width=0) (actual time=1922.935..3349.736 rows=232665 loops=1)
  Hash Cond: (mc.movie_id = t.id)
  ->  Seq Scan on movie_companies mc  (cost=0.00..51404.11 rows=235535 width=4) (actual time=0.017..800.042 rows=232665 loops=1)
        Filter: (company_id < 93)
        Rows Removed by Filter: 2376464
  ->  Hash  (cost=61283.27..61283.27 rows=2528527 width=4) (actual time=1921.692..1921.692 rows=2528312 loops=1)
        Buckets: 131072  Batches: 64  Memory Usage: 2415kB
        ->  Seq Scan on title t  (cost=0.00..61283.27 rows=2528527 width=4) (actual time=0.022..1081.640 rows=2528312 loops=1)
Planning time: 0.769 ms
Execution time: 3377.955 ms
