Seq Scan on cast_info ci  (cost=0.00..796071.18 rows=324 width=0) (actual time=1342.932..13198.867 rows=133 loops=1)
  Filter: ((role_id > 1) AND (person_id = 1376011))
  Rows Removed by Filter: 36244211
Planning time: 0.418 ms
Execution time: 13199.075 ms
