Hash Join  (cost=160687.50..957261.84 rows=50316 width=0) (actual time=2277.146..16518.816 rows=941265 loops=1)
  Hash Cond: (ci.movie_id = t.id)
  ->  Seq Scan on cast_info ci  (cost=0.00..614943.12 rows=36225612 width=4) (actual time=0.006..6870.254 rows=36244344 loops=1)
  ->  Hash  (cost=160643.60..160643.60 rows=3512 width=8) (actual time=2277.000..2277.000 rows=23149 loops=1)
        Buckets: 32768 (originally 4096)  Batches: 1 (originally 1)  Memory Usage: 1161kB
        ->  Hash Join  (cost=73950.44..160643.60 rows=3512 width=8) (actual time=496.392..2269.202 rows=23149 loops=1)
              Hash Cond: (mk.movie_id = t.id)
              ->  Seq Scan on movie_keyword mk  (cost=0.00..69693.30 rows=4523930 width=4) (actual time=0.012..968.309 rows=4523930 loops=1)
              ->  Hash  (cost=73925.90..73925.90 rows=1963 width=4) (actual time=496.268..496.268 rows=4125 loops=1)
                    Buckets: 8192 (originally 2048)  Batches: 1 (originally 1)  Memory Usage: 210kB
                    ->  Seq Scan on title t  (cost=0.00..73925.90 rows=1963 width=4) (actual time=0.049..494.821 rows=4125 loops=1)
                          Filter: ((kind_id = 1) AND (production_year = 1977))
                          Rows Removed by Filter: 2524187
Planning time: 0.816 ms
Execution time: 16636.082 ms
