Hash Join  (cost=130567.05..845835.87 rows=55423 width=0) (actual time=2903.608..13471.812 rows=169384 loops=1)
  Hash Cond: (ci.movie_id = t.id)
  ->  Seq Scan on cast_info ci  (cost=0.00..705507.15 rows=2455317 width=4) (actual time=551.594..10352.539 rows=2396448 loops=1)
        Filter: (person_id < 233104)
        Rows Removed by Filter: 33847896
  ->  Hash  (cost=129853.60..129853.60 rows=57076 width=8) (actual time=2351.551..2351.551 rows=75154 loops=1)
        Buckets: 131072 (originally 65536)  Batches: 1 (originally 1)  Memory Usage: 3960kB
        ->  Hash Join  (cost=74617.32..129853.60 rows=57076 width=8) (actual time=1128.927..2322.223 rows=75154 loops=1)
              Hash Cond: (mc.movie_id = t.id)
              ->  Seq Scan on movie_companies mc  (cost=0.00..44881.29 rows=2609129 width=4) (actual time=0.033..508.026 rows=2609129 loops=1)
              ->  Hash  (cost=73925.90..73925.90 rows=55313 width=4) (actual time=1128.498..1128.498 rows=49075 loops=1)
                    Buckets: 65536  Batches: 1  Memory Usage: 2238kB
                    ->  Seq Scan on title t  (cost=0.00..73925.90 rows=55313 width=4) (actual time=0.150..1108.300 rows=49075 loops=1)
                          Filter: ((kind_id < 7) AND (production_year = 2010))
                          Rows Removed by Filter: 2479237
Planning time: 1.657 ms
Execution time: 13494.816 ms
