Nested Loop  (cost=0.43..83072.29 rows=73 width=0) (actual time=1.813..1247.975 rows=146 loops=1)
  ->  Seq Scan on movie_keyword mk  (cost=0.00..81003.12 rows=246 width=4) (actual time=1.711..1232.259 rows=343 loops=1)
        Filter: (keyword_id = 26334)
        Rows Removed by Filter: 4523587
  ->  Index Scan using title_pkey on title t  (cost=0.43..8.40 rows=1 width=4) (actual time=0.044..0.044 rows=0 loops=343)
        Index Cond: (id = mk.movie_id)
        Filter: (production_year < 1993)
        Rows Removed by Filter: 1
Planning time: 0.809 ms
Execution time: 1248.172 ms
