Seq Scan on cast_info ci  (cost=0.00..796071.18 rows=324 width=0) (actual time=4586.177..11536.113 rows=5 loops=1)
  Filter: ((role_id > 1) AND (person_id = 1066925))
  Rows Removed by Filter: 36244339
Planning time: 0.434 ms
Execution time: 11536.275 ms
