Hash Join  (cost=67817.94..159787.04 rows=19390 width=0) (actual time=884.673..2750.507 rows=3119 loops=1)
  Hash Cond: (mk.movie_id = t.id)
  ->  Seq Scan on movie_keyword mk  (cost=0.00..81003.12 rows=2872555 width=4) (actual time=0.017..1422.172 rows=2858651 loops=1)
        Filter: (keyword_id > 2551)
        Rows Removed by Filter: 1665279
  ->  Hash  (cost=67604.59..67604.59 rows=17068 width=4) (actual time=883.331..883.331 rows=15788 loops=1)
        Buckets: 32768  Batches: 1  Memory Usage: 812kB
        ->  Seq Scan on title t  (cost=0.00..67604.59 rows=17068 width=4) (actual time=297.113..876.677 rows=15788 loops=1)
              Filter: (production_year < 1906)
              Rows Removed by Filter: 2512524
Planning time: 0.805 ms
Execution time: 2751.260 ms
