Hash Join  (cost=73982.55..100917.78 rows=2474 width=0) (actual time=1102.581..1685.056 rows=5538 loops=1)
  Hash Cond: (mi_idx.movie_id = t.id)
  ->  Seq Scan on movie_info_idx mi_idx  (cost=0.00..21735.35 rows=1380035 width=4) (actual time=0.030..309.848 rows=1380035 loops=1)
  ->  Hash  (cost=73925.90..73925.90 rows=4532 width=4) (actual time=1076.829..1076.829 rows=12643 loops=1)
        Buckets: 16384 (originally 8192)  Batches: 1 (originally 1)  Memory Usage: 573kB
        ->  Seq Scan on title t  (cost=0.00..73925.90 rows=4532 width=4) (actual time=0.127..1071.134 rows=12643 loops=1)
              Filter: ((kind_id = 7) AND (production_year = 1989))
              Rows Removed by Filter: 2515669
Planning time: 0.803 ms
Execution time: 1685.937 ms
