Hash Join  (cost=235826.50..1438600.54 rows=12040580 width=0) (actual time=6133.740..71369.154 rows=138533064 loops=1)
  Hash Cond: (ci.movie_id = t.id)
  ->  Seq Scan on cast_info ci  (cost=0.00..614943.12 rows=36225612 width=4) (actual time=0.024..11874.727 rows=36244344 loops=1)
  ->  Hash  (cost=222038.18..222038.18 rows=840426 width=8) (actual time=6132.059..6132.059 rows=2421496 loops=1)
        Buckets: 131072 (originally 131072)  Batches: 64 (originally 16)  Memory Usage: 3980kB
        ->  Hash Join  (cost=82257.13..222038.18 rows=840426 width=8) (actual time=1209.977..5391.122 rows=2421496 loops=1)
              Hash Cond: (mk.movie_id = t.id)
              ->  Seq Scan on movie_keyword mk  (cost=0.00..81003.12 rows=4184976 width=4) (actual time=0.027..1672.413 rows=4169130 loops=1)
                    Filter: (keyword_id > 315)
                    Rows Removed by Filter: 354800
              ->  Hash  (cost=73925.90..73925.90 rows=507778 width=4) (actual time=1209.111..1209.111 rows=524129 loops=1)
                    Buckets: 131072  Batches: 8  Memory Usage: 3348kB
                    ->  Seq Scan on title t  (cost=0.00..73925.90 rows=507778 width=4) (actual time=0.024..1044.810 rows=524129 loops=1)
                          Filter: ((production_year < 2010) AND (kind_id = 1))
                          Rows Removed by Filter: 2004183
Planning time: 2.018 ms
Execution time: 87128.067 ms
