Hash Join  (cost=102767.86..190036.78 rows=1079927 width=0) (actual time=1819.374..3885.746 rows=1092532 loops=1)
  Hash Cond: (mc.movie_id = t.id)
  ->  Seq Scan on movie_companies mc  (cost=0.00..51404.11 rows=1079927 width=4) (actual time=0.026..840.516 rows=1092532 loops=1)
        Filter: (company_id > 14178)
        Rows Removed by Filter: 1516597
  ->  Hash  (cost=61283.27..61283.27 rows=2528527 width=4) (actual time=1817.701..1817.701 rows=2528312 loops=1)
        Buckets: 131072  Batches: 64  Memory Usage: 2415kB
        ->  Seq Scan on title t  (cost=0.00..61283.27 rows=2528527 width=4) (actual time=0.016..965.005 rows=2528312 loops=1)
Planning time: 0.818 ms
Execution time: 4006.579 ms
