Hash Join  (cost=460440.31..1563324.88 rows=6724739 width=0) (actual time=7960.542..48566.805 rows=33923879 loops=1)
  Hash Cond: (ci.movie_id = t.id)
  ->  Seq Scan on cast_info ci  (cost=0.00..614943.12 rows=36225612 width=4) (actual time=0.025..12081.423 rows=36244344 loops=1)
  ->  Hash  (cost=452739.03..452739.03 rows=469383 width=8) (actual time=7959.595..7959.595 rows=571146 loops=1)
        Buckets: 131072  Batches: 8  Memory Usage: 3719kB
        ->  Hash Join  (cost=84417.00..452739.03 rows=469383 width=8) (actual time=5442.861..7779.429 rows=571146 loops=1)
              Hash Cond: (mi.movie_id = t.id)
              ->  Seq Scan on movie_info mi  (cost=0.00..346232.03 rows=1158179 width=4) (actual time=3472.743..4848.601 rows=1204709 loops=1)
                    Filter: (info_type_id > 18)
                    Rows Removed by Filter: 13631011
              ->  Hash  (cost=67604.59..67604.59 rows=1024753 width=4) (actual time=1967.634..1967.634 rows=1021752 loops=1)
                    Buckets: 131072  Batches: 16  Memory Usage: 3282kB
                    ->  Seq Scan on title t  (cost=0.00..67604.59 rows=1024753 width=4) (actual time=0.035..941.949 rows=1021752 loops=1)
                          Filter: (production_year < 2000)
                          Rows Removed by Filter: 1506560
Planning time: 1.191 ms
Execution time: 51917.667 ms
