Hash Join  (cost=182718.08..674633.52 rows=1134851 width=0) (actual time=3218.700..21592.980 rows=25926607 loops=1)
  Hash Cond: (mi.movie_id = t.id)
  ->  Seq Scan on movie_info mi  (cost=0.00..309384.22 rows=14739122 width=4) (actual time=0.015..4983.960 rows=14835720 loops=1)
  ->  Hash  (cost=179523.51..179523.51 rows=194686 width=8) (actual time=3217.852..3217.852 rows=354204 loops=1)
        Buckets: 131072 (originally 131072)  Batches: 8 (originally 4)  Memory Usage: 3073kB
        ->  Hash Join  (cost=85935.55..179523.51 rows=194686 width=8) (actual time=1320.637..3098.920 rows=354204 loops=1)
              Hash Cond: (mk.movie_id = t.id)
              ->  Seq Scan on movie_keyword mk  (cost=0.00..81003.12 rows=672524 width=4) (actual time=0.039..1236.952 rows=676774 loops=1)
                    Filter: (keyword_id > 27677)
                    Rows Removed by Filter: 3847156
              ->  Hash  (cost=73925.90..73925.90 rows=731972 width=4) (actual time=1317.833..1317.833 rows=635910 loops=1)
                    Buckets: 131072  Batches: 16  Memory Usage: 2429kB
                    ->  Seq Scan on title t  (cost=0.00..73925.90 rows=731972 width=4) (actual time=0.015..1112.920 rows=635910 loops=1)
                          Filter: ((kind_id < 7) AND (production_year > 1984))
                          Rows Removed by Filter: 1892402
Planning time: 1.205 ms
Execution time: 24815.017 ms
