Hash Join  (cost=75978.39..422917.55 rows=887 width=0) (actual time=2507.612..5551.638 rows=7118 loops=1)
  Hash Cond: (mi.movie_id = t.id)
  ->  Seq Scan on movie_info mi  (cost=0.00..346232.03 rows=17937 width=4) (actual time=1416.615..4423.240 rows=9621 loops=1)
        Filter: (info_type_id = 96)
        Rows Removed by Filter: 14826099
  ->  Hash  (cost=73925.90..73925.90 rows=125079 width=4) (actual time=1089.982..1089.982 rows=249496 loops=1)
        Buckets: 131072 (originally 131072)  Batches: 4 (originally 2)  Memory Usage: 3228kB
        ->  Seq Scan on title t  (cost=0.00..73925.90 rows=125079 width=4) (actual time=0.116..997.790 rows=249496 loops=1)
              Filter: ((kind_id < 3) AND (production_year < 1973))
              Rows Removed by Filter: 2278816
Planning time: 14.498 ms
Execution time: 5552.750 ms
