Seq Scan on movie_keyword mk  (cost=0.00..81003.12 rows=3336011 width=0) (actual time=0.028..1527.723 rows=3326493 loops=1)
  Filter: (keyword_id < 15390)
  Rows Removed by Filter: 1197437
Planning time: 0.354 ms
Execution time: 1956.151 ms
