Hash Join  (cost=98137.04..192923.61 rows=1317563 width=0) (actual time=2556.230..4766.715 rows=954661 loops=1)
  Hash Cond: (mc.movie_id = t.id)
  ->  Seq Scan on movie_companies mc  (cost=0.00..51404.11 rows=1790167 width=4) (actual time=0.019..843.728 rows=1781725 loops=1)
        Filter: (company_id < 27627)
        Rows Removed by Filter: 827404
  ->  Hash  (cost=67604.59..67604.59 rows=1860996 width=4) (actual time=2555.002..2555.002 rows=1865487 loops=1)
        Buckets: 131072  Batches: 32  Memory Usage: 3079kB
        ->  Seq Scan on title t  (cost=0.00..67604.59 rows=1860996 width=4) (actual time=0.035..1201.409 rows=1865487 loops=1)
              Filter: (kind_id > 1)
              Rows Removed by Filter: 662825
Planning time: 0.787 ms
Execution time: 4874.837 ms
