Hash Join  (cost=105647.94..1210323.01 rows=16274089 width=0) (actual time=1870.220..31037.658 rows=16776041 loops=1)
  Hash Cond: (ci.movie_id = t.id)
  ->  Seq Scan on cast_info ci  (cost=0.00..705507.15 rows=17745807 width=4) (actual time=0.014..12736.052 rows=17602035 loops=1)
        Filter: (person_id < 1741930)
        Rows Removed by Filter: 18642309
  ->  Hash  (cost=67604.59..67604.59 rows=2318828 width=4) (actual time=1869.313..1869.313 rows=2312885 loops=1)
        Buckets: 131072  Batches: 32  Memory Usage: 3569kB
        ->  Seq Scan on title t  (cost=0.00..67604.59 rows=2318828 width=4) (actual time=0.014..1148.788 rows=2312885 loops=1)
              Filter: (production_year > 1940)
              Rows Removed by Filter: 215427
Planning time: 0.779 ms
Execution time: 33015.241 ms
