Seq Scan on movie_keyword mk  (cost=0.00..81003.12 rows=3687191 width=0) (actual time=0.017..1523.476 rows=3681330 loops=1)
  Filter: (keyword_id < 21787)
  Rows Removed by Filter: 842600
Planning time: 0.239 ms
Execution time: 2005.589 ms
