Seq Scan on cast_info ci  (cost=0.00..796071.18 rows=7602965 width=0) (actual time=3706.021..13206.299 rows=11024388 loops=1)
  Filter: ((person_id > 1909983) AND (role_id > 2))
  Rows Removed by Filter: 25219956
Planning time: 0.369 ms
Execution time: 14580.260 ms
