Hash Join  (cost=83074.74..451427.09 rows=574 width=0) (actual time=3480.541..7269.029 rows=62395 loops=1)
  Hash Cond: (mi.movie_id = t.id)
  ->  Seq Scan on movie_info mi  (cost=0.00..346232.03 rows=5897221 width=4) (actual time=2304.527..5088.785 rows=5884963 loops=1)
        Filter: (info_type_id < 7)
        Rows Removed by Filter: 8950757
  ->  Hash  (cost=83071.67..83071.67 rows=246 width=8) (actual time=1174.499..1174.499 rows=4049 loops=1)
        Buckets: 4096 (originally 1024)  Batches: 1 (originally 1)  Memory Usage: 191kB
        ->  Nested Loop  (cost=0.43..83071.67 rows=246 width=8) (actual time=0.349..1172.207 rows=4049 loops=1)
              ->  Seq Scan on movie_keyword mk  (cost=0.00..81003.12 rows=246 width=4) (actual time=0.253..1082.728 rows=4049 loops=1)
                    Filter: (keyword_id = 1749)
                    Rows Removed by Filter: 4519881
              ->  Index Only Scan using title_pkey on title t  (cost=0.43..8.40 rows=1 width=4) (actual time=0.021..0.021 rows=1 loops=4049)
                    Index Cond: (id = mk.movie_id)
                    Heap Fetches: 4049
Planning time: 1.388 ms
Execution time: 7278.364 ms
