Seq Scan on movie_keyword mk  (cost=0.00..81003.12 rows=9953 width=0) (actual time=0.020..1262.709 rows=10799 loops=1)
  Filter: (keyword_id = 347)
  Rows Removed by Filter: 4513131
Planning time: 0.358 ms
Execution time: 1265.100 ms
