Seq Scan on cast_info ci  (cost=0.00..796071.18 rows=1886805 width=0) (actual time=772.837..10484.713 rows=1135282 loops=1)
  Filter: ((person_id < 392869) AND (role_id > 2))
  Rows Removed by Filter: 35109062
Planning time: 0.248 ms
Execution time: 10631.894 ms
