Seq Scan on movie_keyword mk  (cost=0.00..81003.12 rows=497990 width=0) (actual time=8.842..1045.447 rows=491954 loops=1)
  Filter: (keyword_id > 36621)
  Rows Removed by Filter: 4031976
Planning time: 0.371 ms
Execution time: 1100.512 ms
