Seq Scan on movie_keyword mk  (cost=0.00..81003.12 rows=52535 width=0) (actual time=0.047..1115.065 rows=47952 loops=1)
  Filter: (keyword_id < 48)
  Rows Removed by Filter: 4475978
Planning time: 0.351 ms
Execution time: 1122.642 ms
