Hash Join  (cost=102767.86..291201.36 rows=4054054 width=0) (actual time=1890.417..6995.273 rows=4056671 loops=1)
  Hash Cond: (mk.movie_id = t.id)
  ->  Seq Scan on movie_keyword mk  (cost=0.00..81003.12 rows=4054054 width=4) (actual time=0.020..1733.968 rows=4056671 loops=1)
        Filter: (keyword_id < 38131)
        Rows Removed by Filter: 467259
  ->  Hash  (cost=61283.27..61283.27 rows=2528527 width=4) (actual time=1889.186..1889.186 rows=2528312 loops=1)
        Buckets: 131072  Batches: 64  Memory Usage: 2425kB
        ->  Seq Scan on title t  (cost=0.00..61283.27 rows=2528527 width=4) (actual time=0.013..1017.694 rows=2528312 loops=1)
Planning time: 0.816 ms
Execution time: 7492.655 ms
