Nested Loop  (cost=0.43..52283.95 rows=63 width=0) (actual time=415.759..737.451 rows=37 loops=1)
  ->  Seq Scan on movie_companies mc  (cost=0.00..51404.11 rows=104 width=4) (actual time=1.377..734.803 rows=106 loops=1)
        Filter: (company_id = 1821)
        Rows Removed by Filter: 2609023
  ->  Index Scan using title_pkey on title t  (cost=0.43..8.45 rows=1 width=4) (actual time=0.023..0.023 rows=0 loops=106)
        Index Cond: (id = mc.movie_id)
        Filter: (kind_id = 7)
        Rows Removed by Filter: 1
Planning time: 8.978 ms
Execution time: 737.563 ms
