Seq Scan on movie_keyword mk  (cost=0.00..81003.12 rows=374512 width=0) (actual time=0.027..1147.361 rows=372355 loops=1)
  Filter: (keyword_id > 45469)
  Rows Removed by Filter: 4151575
Planning time: 0.384 ms
Execution time: 1192.638 ms
