Hash Join  (cost=92883.59..243839.09 rows=2060581 width=0) (actual time=3021.420..5099.705 rows=465590 loops=1)
  Hash Cond: (mk.movie_id = t.id)
  ->  Seq Scan on movie_keyword mk  (cost=0.00..81003.12 rows=3381513 width=4) (actual time=0.020..1623.764 rows=3372533 loops=1)
        Filter: (keyword_id < 16178)
        Rows Removed by Filter: 1151397
  ->  Hash  (cost=67604.59..67604.59 rows=1540800 width=4) (actual time=1569.931..1569.931 rows=1543264 loops=1)
        Buckets: 131072  Batches: 32  Memory Usage: 2728kB
        ->  Seq Scan on title t  (cost=0.00..67604.59 rows=1540800 width=4) (actual time=0.021..1088.587 rows=1543264 loops=1)
              Filter: (kind_id = 7)
              Rows Removed by Filter: 985048
Planning time: 0.818 ms
Execution time: 5158.621 ms
