Hash Join  (cost=106840.27..188393.49 rows=606567 width=0) (actual time=1915.202..3499.699 rows=395023 loops=1)
  Hash Cond: (mc.movie_id = t.id)
  ->  Seq Scan on movie_companies mc  (cost=0.00..57926.93 rows=641323 width=4) (actual time=0.061..809.700 rows=408842 loops=1)
        Filter: ((company_id < 11152) AND (company_type_id > 1))
        Rows Removed by Filter: 2200287
  ->  Hash  (cost=67604.59..67604.59 rows=2391495 width=4) (actual time=1914.243..1914.243 rows=2388876 loops=1)
        Buckets: 131072  Batches: 32  Memory Usage: 3646kB
        ->  Seq Scan on title t  (cost=0.00..67604.59 rows=2391495 width=4) (actual time=0.021..1179.953 rows=2388876 loops=1)
              Filter: (production_year < 2013)
              Rows Removed by Filter: 139436
Planning time: 2.176 ms
Execution time: 3551.859 ms
