Hash Join  (cost=797557.90..884219.09 rows=315 width=0) (actual time=13625.435..14473.657 rows=6 loops=1)
  Hash Cond: (mk.movie_id = t.id)
  ->  Seq Scan on movie_keyword mk  (cost=0.00..69693.30 rows=4523930 width=4) (actual time=0.011..952.156 rows=4523930 loops=1)
  ->  Hash  (cost=797555.70..797555.70 rows=176 width=8) (actual time=12736.736..12736.736 rows=159 loops=1)
        Buckets: 1024  Batches: 1  Memory Usage: 15kB
        ->  Nested Loop  (cost=0.43..797555.70 rows=176 width=8) (actual time=3402.816..12736.664 rows=159 loops=1)
              ->  Seq Scan on cast_info ci  (cost=0.00..796071.18 rows=176 width=4) (actual time=3402.711..12734.363 rows=159 loops=1)
                    Filter: ((role_id < 2) AND (person_id = 1541385))
                    Rows Removed by Filter: 36244185
              ->  Index Only Scan using title_pkey on title t  (cost=0.43..8.42 rows=1 width=4) (actual time=0.013..0.014 rows=1 loops=159)
                    Index Cond: (id = ci.movie_id)
                    Heap Fetches: 159
Planning time: 0.790 ms
Execution time: 14473.762 ms
