Hash Join  (cost=180350.52..685206.23 rows=2347579 width=0) (actual time=3321.642..18292.283 rows=6819027 loops=1)
  Hash Cond: (mi.movie_id = t.id)
  ->  Seq Scan on movie_info mi  (cost=0.00..309384.22 rows=14739122 width=4) (actual time=0.006..5231.327 rows=14835720 loops=1)
  ->  Hash  (cost=173742.37..173742.37 rows=402732 width=8) (actual time=3320.564..3320.564 rows=401412 loops=1)
        Buckets: 131072  Batches: 8  Memory Usage: 3001kB
        ->  Hash Join  (cost=102767.86..173742.37 rows=402732 width=8) (actual time=1643.388..3194.513 rows=401412 loops=1)
              Hash Cond: (mc.movie_id = t.id)
              ->  Seq Scan on movie_companies mc  (cost=0.00..51404.11 rows=402732 width=4) (actual time=0.098..775.618 rows=401412 loops=1)
                    Filter: (company_id < 253)
                    Rows Removed by Filter: 2207717
              ->  Hash  (cost=61283.27..61283.27 rows=2528527 width=4) (actual time=1639.438..1639.438 rows=2528312 loops=1)
                    Buckets: 131072  Batches: 64  Memory Usage: 2415kB
                    ->  Seq Scan on title t  (cost=0.00..61283.27 rows=2528527 width=4) (actual time=0.022..796.528 rows=2528312 loops=1)
Planning time: 1.130 ms
Execution time: 19068.512 ms
