Seq Scan on cast_info ci  (cost=0.00..796071.18 rows=3332934 width=0) (actual time=4881.545..13420.646 rows=5703972 loops=1)
  Filter: ((person_id > 1960250) AND (role_id = 2))
  Rows Removed by Filter: 30540372
Planning time: 0.283 ms
Execution time: 14121.112 ms
