Seq Scan on cast_info ci  (cost=0.00..796071.18 rows=176 width=0) (actual time=7054.280..10106.451 rows=3 loops=1)
  Filter: ((person_id = 1037410) AND (role_id = 1))
  Rows Removed by Filter: 36244341
Planning time: 0.451 ms
Execution time: 10106.554 ms
