Seq Scan on movie_companies mc  (cost=0.00..57926.93 rows=812717 width=0) (actual time=0.021..966.870 rows=1116834 loops=1)
  Filter: ((company_id < 18106) AND (company_type_id < 2))
  Rows Removed by Filter: 1492295
Planning time: 0.348 ms
Execution time: 1109.417 ms
