Hash Join  (cost=124067.41..251539.49 rows=448905 width=0) (actual time=2524.000..6054.854 rows=2794840 loops=1)
  Hash Cond: (mk.movie_id = t.id)
  ->  Seq Scan on movie_keyword mk  (cost=0.00..69693.30 rows=4523930 width=4) (actual time=0.019..1270.054 rows=4523930 loops=1)
  ->  Hash  (cost=119950.12..119950.12 rows=250903 width=8) (actual time=2523.133..2523.133 rows=301589 loops=1)
        Buckets: 131072  Batches: 4  Memory Usage: 3986kB
        ->  Hash Join  (cost=78930.19..119950.12 rows=250903 width=8) (actual time=1288.580..2425.737 rows=301589 loops=1)
              Hash Cond: (mi_idx.movie_id = t.id)
              ->  Seq Scan on movie_info_idx mi_idx  (cost=0.00..25185.44 rows=919057 width=4) (actual time=0.015..486.234 rows=920110 loops=1)
                    Filter: (info_type_id > 99)
                    Rows Removed by Filter: 459925
              ->  Hash  (cost=67604.59..67604.59 rows=690288 width=4) (actual time=1287.763..1287.763 rows=684146 loops=1)
                    Buckets: 131072  Batches: 16  Memory Usage: 2525kB
                    ->  Seq Scan on title t  (cost=0.00..67604.59 rows=690288 width=4) (actual time=0.013..1066.515 rows=684146 loops=1)
                          Filter: (production_year < 1990)
                          Rows Removed by Filter: 1844166
Planning time: 3.304 ms
Execution time: 6377.788 ms
