Hash Join  (cost=79930.86..144520.05 rows=209546 width=0) (actual time=1326.828..2662.121 rows=256433 loops=1)
  Hash Cond: (mc.movie_id = t.id)
  ->  Seq Scan on movie_companies mc  (cost=0.00..51404.11 rows=705232 width=4) (actual time=0.022..818.035 rows=710402 loops=1)
        Filter: (company_id > 43863)
        Rows Removed by Filter: 1898727
  ->  Hash  (cost=67604.59..67604.59 rows=751302 width=4) (actual time=1325.652..1325.652 rows=755902 loops=1)
        Buckets: 131072  Batches: 16  Memory Usage: 2685kB
        ->  Seq Scan on title t  (cost=0.00..67604.59 rows=751302 width=4) (actual time=0.012..1080.288 rows=755902 loops=1)
              Filter: (production_year < 1993)
              Rows Removed by Filter: 1772410
Planning time: 0.812 ms
Execution time: 2691.605 ms
