Hash Join  (cost=166564.38..296884.48 rows=682706 width=0) (actual time=3830.157..6501.366 rows=298285 loops=1)
  Hash Cond: (mk.movie_id = t.id)
  ->  Seq Scan on movie_keyword mk  (cost=0.00..69693.30 rows=4523930 width=4) (actual time=0.014..1368.756 rows=4523930 loops=1)
  ->  Hash  (cost=160303.63..160303.63 rows=381580 width=8) (actual time=3325.109..3325.109 rows=244089 loops=1)
        Buckets: 131072  Batches: 8  Memory Usage: 2220kB
        ->  Hash Join  (cost=79993.30..160303.63 rows=381580 width=8) (actual time=1135.642..3253.050 rows=244089 loops=1)
              Hash Cond: (mc.movie_id = t.id)
              ->  Seq Scan on movie_companies mc  (cost=0.00..44881.29 rows=2609129 width=4) (actual time=0.011..935.703 rows=2609129 loops=1)
              ->  Hash  (cost=73925.90..73925.90 rows=369792 width=4) (actual time=1134.687..1134.687 rows=253766 loops=1)
                    Buckets: 131072  Batches: 8  Memory Usage: 2127kB
                    ->  Seq Scan on title t  (cost=0.00..73925.90 rows=369792 width=4) (actual time=0.022..1051.033 rows=253766 loops=1)
                          Filter: ((production_year < 1986) AND (kind_id = 7))
                          Rows Removed by Filter: 2274546
Planning time: 1.212 ms
Execution time: 6535.058 ms
