Hash Join  (cost=150956.61..190893.91 rows=130781 width=0) (actual time=2910.627..4205.406 rows=717032 loops=1)
  Hash Cond: (mi_idx.movie_id = t.id)
  ->  Seq Scan on movie_info_idx mi_idx  (cost=0.00..21735.35 rows=1380035 width=4) (actual time=0.025..417.179 rows=1380035 loops=1)
  ->  Hash  (cost=147024.36..147024.36 rows=239620 width=8) (actual time=2909.738..2909.738 rows=480304 loops=1)
        Buckets: 131072 (originally 131072)  Batches: 8 (originally 4)  Memory Usage: 3380kB
        ->  Hash Join  (cost=81720.25..147024.36 rows=239620 width=8) (actual time=1403.042..2762.389 rows=480304 loops=1)
              Hash Cond: (mc.movie_id = t.id)
              ->  Seq Scan on movie_companies mc  (cost=0.00..51404.11 rows=704214 width=4) (actual time=161.427..857.109 rows=708033 loops=1)
                    Filter: (company_id > 44018)
                    Rows Removed by Filter: 1901096
              ->  Hash  (cost=67604.59..67604.59 rows=860373 width=4) (actual time=1240.598..1240.598 rows=854214 loops=1)
                    Buckets: 131072  Batches: 16  Memory Usage: 2897kB
                    ->  Seq Scan on title t  (cost=0.00..67604.59 rows=860373 width=4) (actual time=0.021..963.897 rows=854214 loops=1)
                          Filter: (kind_id < 4)
                          Rows Removed by Filter: 1674098
Planning time: 1.179 ms
Execution time: 4298.534 ms
