Seq Scan on movie_keyword mk  (cost=0.00..81003.12 rows=1478671 width=0) (actual time=0.016..1288.275 rows=1490376 loops=1)
  Filter: (keyword_id > 10921)
  Rows Removed by Filter: 3033554
Planning time: 0.362 ms
Execution time: 1469.044 ms
