Seq Scan on cast_info ci  (cost=0.00..705507.15 rows=9543602 width=0) (actual time=8.142..10725.686 rows=9368008 loops=1)
  Filter: (person_id < 921972)
  Rows Removed by Filter: 26876336
Planning time: 0.340 ms
Execution time: 11906.270 ms
