Hash Join  (cost=117714.70..603479.59 rows=558397 width=0) (actual time=2207.548..15871.863 rows=4659567 loops=1)
  Hash Cond: (mi.movie_id = t.id)
  ->  Seq Scan on movie_info mi  (cost=0.00..309384.22 rows=14739122 width=4) (actual time=0.011..5367.020 rows=14835720 loops=1)
  ->  Hash  (cost=116142.28..116142.28 rows=95794 width=8) (actual time=2206.828..2206.828 rows=245668 loops=1)
        Buckets: 131072 (originally 131072)  Batches: 4 (originally 2)  Memory Usage: 3436kB
        ->  Hash Join  (cost=76805.85..116142.28 rows=95794 width=8) (actual time=1085.278..2136.154 rows=245668 loops=1)
              Hash Cond: (mi_idx.movie_id = t.id)
              ->  Seq Scan on movie_info_idx mi_idx  (cost=0.00..21735.35 rows=1380035 width=4) (actual time=0.014..417.388 rows=1380035 loops=1)
              ->  Hash  (cost=73925.90..73925.90 rows=175516 width=4) (actual time=853.786..853.786 rows=306185 loops=1)
                    Buckets: 131072  Batches: 4  Memory Usage: 3718kB
                    ->  Seq Scan on title t  (cost=0.00..73925.90 rows=175516 width=4) (actual time=0.019..728.892 rows=306185 loops=1)
                          Filter: ((kind_id < 4) AND (production_year < 1980))
                          Rows Removed by Filter: 2222127
Planning time: 1.170 ms
Execution time: 16417.250 ms
