Hash Join  (cost=89472.60..1099743.37 rows=7369264 width=0) (actual time=3106.958..26483.048 rows=6012074 loops=1)
  Hash Cond: (ci.movie_id = t.id)
  ->  Seq Scan on cast_info ci  (cost=0.00..705507.15 rows=19664261 width=4) (actual time=1308.056..12827.474 rows=19830171 loops=1)
        Filter: (person_id > 1625404)
        Rows Removed by Filter: 16414173
  ->  Hash  (cost=73925.90..73925.90 rows=947576 width=4) (actual time=1797.811..1797.811 rows=876037 loops=1)
        Buckets: 131072  Batches: 16  Memory Usage: 2949kB
        ->  Seq Scan on title t  (cost=0.00..73925.90 rows=947576 width=4) (actual time=0.020..1171.850 rows=876037 loops=1)
              Filter: ((production_year < 2007) AND (kind_id = 7))
              Rows Removed by Filter: 1652275
Planning time: 0.822 ms
Execution time: 27157.765 ms
