Seq Scan on movie_companies mc  (cost=0.00..51404.11 rows=1920351 width=0) (actual time=0.022..901.170 rows=1914322 loops=1)
  Filter: (company_id < 46388)
  Rows Removed by Filter: 694807
Planning time: 0.364 ms
Execution time: 1142.953 ms
