Hash Join  (cost=118520.81..870044.51 rows=73453 width=0) (actual time=1332.387..16770.185 rows=351889 loops=1)
  Hash Cond: (ci.movie_id = t.id)
  ->  Seq Scan on cast_info ci  (cost=0.00..614943.12 rows=36225612 width=4) (actual time=0.013..7608.973 rows=36244344 loops=1)
  ->  Hash  (cost=118456.73..118456.73 rows=5127 width=8) (actual time=1331.992..1331.992 rows=6286 loops=1)
        Buckets: 8192  Batches: 1  Memory Usage: 310kB
        ->  Nested Loop  (cost=0.43..118456.73 rows=5127 width=8) (actual time=2.348..1328.316 rows=6286 loops=1)
              ->  Seq Scan on movie_keyword mk  (cost=0.00..81003.12 rows=5127 width=4) (actual time=0.261..1167.139 rows=6286 loops=1)
                    Filter: (keyword_id = 2276)
                    Rows Removed by Filter: 4517644
              ->  Index Only Scan using title_pkey on title t  (cost=0.43..7.30 rows=1 width=4) (actual time=0.024..0.025 rows=1 loops=6286)
                    Index Cond: (id = mk.movie_id)
                    Heap Fetches: 6286
Planning time: 1.309 ms
Execution time: 16826.143 ms
