Hash Join  (cost=102767.86..1550470.42 rows=30433933 width=0) (actual time=1736.055..42049.893 rows=30536154 loops=1)
  Hash Cond: (ci.movie_id = t.id)
  ->  Seq Scan on cast_info ci  (cost=0.00..705507.15 rows=30433933 width=4) (actual time=0.012..15155.854 rows=30536154 loops=1)
        Filter: (person_id > 552745)
        Rows Removed by Filter: 5708190
  ->  Hash  (cost=61283.27..61283.27 rows=2528527 width=4) (actual time=1734.749..1734.749 rows=2528312 loops=1)
        Buckets: 131072  Batches: 64  Memory Usage: 2415kB
        ->  Seq Scan on title t  (cost=0.00..61283.27 rows=2528527 width=4) (actual time=0.010..937.242 rows=2528312 loops=1)
Planning time: 0.824 ms
Execution time: 45602.434 ms
