Seq Scan on cast_info ci  (cost=0.00..796071.18 rows=640939 width=0) (actual time=472.919..10939.550 rows=584341 loops=1)
  Filter: ((person_id < 820980) AND (role_id = 4))
  Rows Removed by Filter: 35660003
Planning time: 0.381 ms
Execution time: 11012.758 ms
