Hash Join  (cost=83810.17..187719.78 rows=480999 width=0) (actual time=1254.187..3752.016 rows=1091263 loops=1)
  Hash Cond: (mk.movie_id = t.id)
  ->  Seq Scan on movie_keyword mk  (cost=0.00..81003.12 rows=1231331 width=4) (actual time=0.025..1446.852 rows=1243846 loops=1)
        Filter: (keyword_id < 1580)
        Rows Removed by Filter: 3280084
  ->  Hash  (cost=67604.59..67604.59 rows=987727 width=4) (actual time=1253.287..1253.287 rows=985048 loops=1)
        Buckets: 131072  Batches: 16  Memory Usage: 3197kB
        ->  Seq Scan on title t  (cost=0.00..67604.59 rows=987727 width=4) (actual time=0.018..930.760 rows=985048 loops=1)
              Filter: (kind_id < 7)
              Rows Removed by Filter: 1543264
Planning time: 0.798 ms
Execution time: 3882.192 ms
