Seq Scan on cast_info ci  (cost=0.00..796071.18 rows=12462969 width=0) (actual time=2738.354..14600.462 rows=18857817 loops=1)
  Filter: ((person_id > 1669396) AND (role_id > 1))
  Rows Removed by Filter: 17386527
Planning time: 0.495 ms
Execution time: 16947.091 ms
