Hash Join  (cost=490082.79..632681.26 rows=1690543 width=0) (actual time=8368.405..13923.991 rows=9674265 loops=1)
  Hash Cond: (mk.movie_id = t.id)
  ->  Seq Scan on movie_keyword mk  (cost=0.00..69693.30 rows=4523930 width=4) (actual time=0.023..1172.662 rows=4523930 loops=1)
  ->  Hash  (cost=474580.76..474580.76 rows=944883 width=8) (actual time=8367.203..8367.203 rows=895145 loops=1)
        Buckets: 131072  Batches: 16  Memory Usage: 3243kB
        ->  Hash Join  (cost=80380.17..474580.76 rows=944883 width=8) (actual time=2217.714..8068.983 rows=895145 loops=1)
              Hash Cond: (mi.movie_id = t.id)
              ->  Seq Scan on movie_info mi  (cost=0.00..346232.03 rows=3068194 width=4) (actual time=231.703..3950.925 rows=3036719 loops=1)
                    Filter: (info_type_id = 16)
                    Rows Removed by Filter: 11799001
              ->  Hash  (cost=67604.59..67604.59 rows=778687 width=4) (actual time=1984.747..1984.747 rows=782677 loops=1)
                    Buckets: 131072  Batches: 16  Memory Usage: 2751kB
                    ->  Seq Scan on title t  (cost=0.00..67604.59 rows=778687 width=4) (actual time=0.024..1110.777 rows=782677 loops=1)
                          Filter: (production_year < 1994)
                          Rows Removed by Filter: 1745635
Planning time: 1.250 ms
Execution time: 14959.499 ms
