Seq Scan on movie_keyword mk  (cost=0.00..81003.12 rows=3177558 width=0) (actual time=0.017..1418.436 rows=3167926 loops=1)
  Filter: (keyword_id < 12400)
  Rows Removed by Filter: 1356004
Planning time: 0.349 ms
Execution time: 1791.797 ms
