Hash Join  (cost=169642.79..301418.63 rows=802181 width=0) (actual time=3728.566..6299.119 rows=347646 loops=1)
  Hash Cond: (mk.movie_id = t.id)
  ->  Seq Scan on movie_keyword mk  (cost=0.00..69693.30 rows=4523930 width=4) (actual time=0.013..1276.222 rows=4523930 loops=1)
  ->  Hash  (cost=162286.32..162286.32 rows=448357 width=8) (actual time=3253.074..3253.074 rows=275756 loops=1)
        Buckets: 131072  Batches: 8  Memory Usage: 2382kB
        ->  Hash Join  (cost=81055.23..162286.32 rows=448357 width=8) (actual time=1504.360..3165.704 rows=275756 loops=1)
              Hash Cond: (mc.movie_id = t.id)
              ->  Seq Scan on movie_companies mc  (cost=0.00..44881.29 rows=2609129 width=4) (actual time=0.014..849.140 rows=2609129 loops=1)
              ->  Hash  (cost=73925.90..73925.90 rows=434506 width=4) (actual time=1104.066..1104.066 rows=315167 loops=1)
                    Buckets: 131072  Batches: 8  Memory Usage: 2397kB
                    ->  Seq Scan on title t  (cost=0.00..73925.90 rows=434506 width=4) (actual time=54.550..1001.055 rows=315167 loops=1)
                          Filter: ((production_year < 1991) AND (kind_id = 7))
                          Rows Removed by Filter: 2213145
Planning time: 1.176 ms
Execution time: 6328.999 ms
