Hash Join  (cost=79303.65..1224902.08 rows=8574317 width=0) (actual time=1247.117..35128.401 rows=8222058 loops=1)
  Hash Cond: (ci.movie_id = t.id)
  ->  Seq Scan on cast_info ci  (cost=0.00..705507.15 rows=30405364 width=4) (actual time=0.011..15802.730 rows=30511650 loops=1)
        Filter: (role_id < 9)
        Rows Removed by Filter: 5732694
  ->  Hash  (cost=67604.59..67604.59 rows=713045 width=4) (actual time=1246.323..1246.323 rows=707186 loops=1)
        Buckets: 131072  Batches: 16  Memory Usage: 2578kB
        ->  Seq Scan on title t  (cost=0.00..67604.59 rows=713045 width=4) (actual time=0.075..1020.924 rows=707186 loops=1)
              Filter: (production_year < 1991)
              Rows Removed by Filter: 1821126
Planning time: 0.555 ms
Execution time: 36015.324 ms
