Seq Scan on movie_keyword mk  (cost=0.00..81003.12 rows=246 width=0) (actual time=5.303..1206.083 rows=232 loops=1)
  Filter: (keyword_id = 4647)
  Rows Removed by Filter: 4523698
Planning time: 0.334 ms
Execution time: 1206.324 ms
