Hash Join  (cost=88391.98..218709.33 rows=1062775 width=0) (actual time=1458.312..4464.124 rows=223983 loops=1)
  Hash Cond: (mk.movie_id = t.id)
  ->  Seq Scan on movie_keyword mk  (cost=0.00..81003.12 rows=3047859 width=4) (actual time=0.027..1616.566 rows=3035876 loops=1)
        Filter: (keyword_id < 10961)
        Rows Removed by Filter: 1488054
  ->  Hash  (cost=73925.90..73925.90 rows=881686 width=4) (actual time=1457.365..1457.365 rows=801513 loops=1)
        Buckets: 131072  Batches: 16  Memory Usage: 2792kB
        ->  Seq Scan on title t  (cost=0.00..73925.90 rows=881686 width=4) (actual time=0.024..1197.607 rows=801513 loops=1)
              Filter: ((production_year < 2006) AND (kind_id = 7))
              Rows Removed by Filter: 1726799
Planning time: 0.755 ms
Execution time: 4487.538 ms
