Seq Scan on movie_keyword mk  (cost=0.00..81003.12 rows=246 width=0) (actual time=2.932..1196.172 rows=83 loops=1)
  Filter: (keyword_id = 40318)
  Rows Removed by Filter: 4523847
Planning time: 0.750 ms
Execution time: 1196.326 ms
