Seq Scan on movie_keyword mk  (cost=0.00..81003.12 rows=3985171 width=0) (actual time=0.026..1579.399 rows=3991211 loops=1)
  Filter: (keyword_id < 34344)
  Rows Removed by Filter: 532719
Planning time: 0.324 ms
Execution time: 2081.780 ms
