Hash Join  (cost=915148.15..954328.85 rows=86721 width=0) (actual time=14420.947..15365.166 rows=115106 loops=1)
  Hash Cond: (mi_idx.movie_id = t.id)
  ->  Seq Scan on movie_info_idx mi_idx  (cost=0.00..21735.35 rows=1380035 width=4) (actual time=0.011..408.456 rows=1380035 loops=1)
  ->  Hash  (cost=912541.02..912541.02 rows=158891 width=8) (actual time=14419.750..14419.750 rows=64552 loops=1)
        Buckets: 131072  Batches: 4  Memory Usage: 1652kB
        ->  Hash Join  (cost=102767.86..912541.02 rows=158891 width=8) (actual time=5978.033..14398.234 rows=64552 loops=1)
              Hash Cond: (ci.movie_id = t.id)
              ->  Seq Scan on cast_info ci  (cost=0.00..796071.18 rows=158891 width=4) (actual time=4236.501..12194.309 rows=64552 loops=1)
                    Filter: ((person_id < 1613546) AND (role_id > 10))
                    Rows Removed by Filter: 36179792
              ->  Hash  (cost=61283.27..61283.27 rows=2528527 width=4) (actual time=1739.313..1739.313 rows=2528312 loops=1)
                    Buckets: 131072  Batches: 64  Memory Usage: 2415kB
                    ->  Seq Scan on title t  (cost=0.00..61283.27 rows=2528527 width=4) (actual time=0.024..913.895 rows=2528312 loops=1)
Planning time: 2.215 ms
Execution time: 15378.606 ms
