Hash Join  (cost=263115.61..1333065.08 rows=11159815 width=0) (actual time=11962.185..32482.294 rows=18164453 loops=1)
  Hash Cond: (ci.movie_id = t.id)
  ->  Seq Scan on cast_info ci  (cost=0.00..796071.18 rows=10815063 width=4) (actual time=5411.709..15780.735 rows=7952445 loops=1)
        Filter: ((person_id < 3295758) AND (role_id > 3))
        Rows Removed by Filter: 28291899
  ->  Hash  (cost=220309.49..220309.49 rows=2609129 width=8) (actual time=6548.284..6548.284 rows=2609129 loops=1)
        Buckets: 131072  Batches: 64  Memory Usage: 2610kB
        ->  Hash Join  (cost=102767.86..220309.49 rows=2609129 width=8) (actual time=1843.934..5757.020 rows=2609129 loops=1)
              Hash Cond: (mc.movie_id = t.id)
              ->  Seq Scan on movie_companies mc  (cost=0.00..44881.29 rows=2609129 width=4) (actual time=0.022..989.601 rows=2609129 loops=1)
              ->  Hash  (cost=61283.27..61283.27 rows=2528527 width=4) (actual time=1842.734..1842.734 rows=2528312 loops=1)
                    Buckets: 131072  Batches: 64  Memory Usage: 2415kB
                    ->  Seq Scan on title t  (cost=0.00..61283.27 rows=2528527 width=4) (actual time=0.015..1007.334 rows=2528312 loops=1)
Planning time: 1.219 ms
Execution time: 34540.732 ms
