Hash Join  (cost=172599.79..1302018.08 rows=9307712 width=0) (actual time=4212.333..42015.000 rows=19874754 loops=1)
  Hash Cond: (ci.movie_id = t.id)
  ->  Seq Scan on cast_info ci  (cost=0.00..614943.12 rows=36225612 width=4) (actual time=0.032..14053.403 rows=36244344 loops=1)
  ->  Hash  (cost=161940.88..161940.88 rows=649673 width=8) (actual time=4211.082..4211.082 rows=981090 loops=1)
        Buckets: 131072  Batches: 16  Memory Usage: 3434kB
        ->  Hash Join  (cost=77934.62..161940.88 rows=649673 width=8) (actual time=1330.574..3913.885 rows=981090 loops=1)
              Hash Cond: (mc.movie_id = t.id)
              ->  Seq Scan on movie_companies mc  (cost=0.00..44881.29 rows=2609129 width=4) (actual time=0.027..912.238 rows=2609129 loops=1)
              ->  Hash  (cost=67604.59..67604.59 rows=629603 width=4) (actual time=1329.420..1329.420 rows=622851 loops=1)
                    Buckets: 131072  Batches: 16  Memory Usage: 2387kB
                    ->  Seq Scan on title t  (cost=0.00..67604.59 rows=629603 width=4) (actual time=0.019..1131.191 rows=622851 loops=1)
                          Filter: (production_year < 1987)
                          Rows Removed by Filter: 1905461
Planning time: 3.472 ms
Execution time: 44245.953 ms
