Hash Join  (cost=133284.89..213723.76 rows=189295 width=0) (actual time=2615.691..4643.682 rows=301727 loops=1)
  Hash Cond: (mc.movie_id = t.id)
  ->  Seq Scan on movie_companies mc  (cost=0.00..51404.11 rows=2276215 width=4) (actual time=0.018..972.530 rows=2280116 loops=1)
        Filter: (company_id > 160)
        Rows Removed by Filter: 329013
  ->  Hash  (cost=129834.42..129834.42 rows=210278 width=8) (actual time=2614.576..2614.576 rows=177467 loops=1)
        Buckets: 131072  Batches: 4  Memory Usage: 2762kB
        ->  Hash Join  (cost=92703.08..129834.42 rows=210278 width=8) (actual time=1648.474..2560.578 rows=177467 loops=1)
              Hash Cond: (mi_idx.movie_id = t.id)
              ->  Seq Scan on movie_info_idx mi_idx  (cost=0.00..25185.44 rows=464566 width=4) (actual time=0.241..438.851 rows=459925 loops=1)
                    Filter: (info_type_id = 101)
                    Rows Removed by Filter: 920110
              ->  Hash  (cost=73925.90..73925.90 rows=1144494 width=4) (actual time=1646.768..1646.768 rows=1095581 loops=1)
                    Buckets: 131072  Batches: 16  Memory Usage: 3437kB
                    ->  Seq Scan on title t  (cost=0.00..73925.90 rows=1144494 width=4) (actual time=0.010..1292.344 rows=1095581 loops=1)
                          Filter: ((kind_id > 1) AND (production_year < 2007))
                          Rows Removed by Filter: 1432731
Planning time: 1.263 ms
Execution time: 4685.178 ms
