Hash Join  (cost=345752.72..2068559.69 rows=53847576 width=0) (actual time=8370.416..75831.142 rows=178292658 loops=1)
  Hash Cond: (ci.movie_id = t.id)
  ->  Seq Scan on cast_info ci  (cost=0.00..614943.12 rows=36225612 width=4) (actual time=0.012..11817.686 rows=36244344 loops=1)
  ->  Hash  (cost=284089.09..284089.09 rows=3758530 width=8) (actual time=8368.972..8368.972 rows=3751112 loops=1)
        Buckets: 131072  Batches: 64  Memory Usage: 3340kB
        ->  Hash Join  (cost=102767.86..284089.09 rows=3758530 width=8) (actual time=2391.127..7250.566 rows=3751112 loops=1)
              Hash Cond: (mk.movie_id = t.id)
              ->  Seq Scan on movie_keyword mk  (cost=0.00..81003.12 rows=3758530 width=4) (actual time=0.016..1644.519 rows=3751112 loops=1)
                    Filter: (keyword_id < 24382)
                    Rows Removed by Filter: 772818
              ->  Hash  (cost=61283.27..61283.27 rows=2528527 width=4) (actual time=1904.990..1904.990 rows=2528312 loops=1)
                    Buckets: 131072  Batches: 64  Memory Usage: 2425kB
                    ->  Seq Scan on title t  (cost=0.00..61283.27 rows=2528527 width=4) (actual time=0.014..1043.302 rows=2528312 loops=1)
Planning time: 1.234 ms
Execution time: 93757.366 ms
