Nested Loop  (cost=0.43..83072.29 rows=116 width=0) (actual time=12.216..1337.586 rows=1652 loops=1)
  ->  Seq Scan on movie_keyword mk  (cost=0.00..81003.12 rows=246 width=4) (actual time=11.031..1256.447 rows=2488 loops=1)
        Filter: (keyword_id = 1743)
        Rows Removed by Filter: 4521442
  ->  Index Scan using title_pkey on title t  (cost=0.43..8.40 rows=1 width=4) (actual time=0.031..0.032 rows=1 loops=2488)
        Index Cond: (id = mk.movie_id)
        Filter: (production_year < 2003)
        Rows Removed by Filter: 0
Planning time: 0.891 ms
Execution time: 1338.246 ms
