Hash Join  (cost=77761.83..215087.91 rows=215372 width=106) (actual time=1555.781..4968.466 rows=36266 loops=1)
  Hash Cond: (mk.movie_id = t.id)
  ->  Seq Scan on movie_keyword mk  (cost=0.00..81003.12 rows=3854730 width=12) (actual time=0.019..1959.083 rows=3853167 loops=1)
        Filter: (keyword_id > 527)
        Rows Removed by Filter: 670763
  ->  Hash  (cost=73925.90..73925.90 rows=141274 width=94) (actual time=1552.254..1552.254 rows=150659 loops=1)
        Buckets: 32768  Batches: 8  Memory Usage: 2429kB
        ->  Seq Scan on title t  (cost=0.00..73925.90 rows=141274 width=94) (actual time=0.009..1483.531 rows=150659 loops=1)
              Filter: ((production_year > 2011) AND (kind_id = 7))
              Rows Removed by Filter: 2377653
Planning time: 0.646 ms
Execution time: 4970.637 ms
