Hash Join  (cost=84197.31..186030.80 rows=433810 width=0) (actual time=2095.425..4048.658 rows=288918 loops=1)
  Hash Cond: (mk.movie_id = t.id)
  ->  Seq Scan on movie_keyword mk  (cost=0.00..81003.12 rows=1084603 width=4) (actual time=0.021..1290.744 rows=1089221 loops=1)
        Filter: (keyword_id < 1116)
        Rows Removed by Filter: 3434709
  ->  Hash  (cost=67604.59..67604.59 rows=1011338 width=4) (actual time=2094.094..2094.094 rows=1012920 loops=1)
        Buckets: 131072  Batches: 16  Memory Usage: 3257kB
        ->  Seq Scan on title t  (cost=0.00..67604.59 rows=1011338 width=4) (actual time=0.020..1043.729 rows=1012920 loops=1)
              Filter: (production_year > 2005)
              Rows Removed by Filter: 1515392
Planning time: 0.856 ms
Execution time: 4075.952 ms
