Seq Scan on cast_info ci  (cost=0.00..705507.15 rows=5943780 width=0) (actual time=5758.047..10476.199 rows=5994389 loops=1)
  Filter: (person_id > 3047264)
  Rows Removed by Filter: 30249955
Planning time: 0.294 ms
Execution time: 11242.219 ms
