Seq Scan on movie_companies mc  (cost=0.00..57926.93 rows=53 width=0) (actual time=65.838..711.749 rows=302 loops=1)
  Filter: ((company_id = 438) AND (company_type_id = 2))
  Rows Removed by Filter: 2608827
Planning time: 0.264 ms
Execution time: 711.925 ms
