Hash Join  (cost=74766.14..101817.20 rows=12350 width=0) (actual time=1142.039..1421.701 rows=10311 loops=1)
  Hash Cond: (mi_idx.movie_id = t.id)
  ->  Seq Scan on movie_info_idx mi_idx  (cost=0.00..25185.44 rows=464566 width=4) (actual time=0.026..196.517 rows=459925 loops=1)
        Filter: (info_type_id = 101)
        Rows Removed by Filter: 920110
  ->  Hash  (cost=73925.90..73925.90 rows=67219 width=4) (actual time=1141.029..1141.029 rows=75923 loops=1)
        Buckets: 131072  Batches: 1  Memory Usage: 3694kB
        ->  Seq Scan on title t  (cost=0.00..73925.90 rows=67219 width=4) (actual time=0.019..1110.243 rows=75923 loops=1)
              Filter: ((kind_id > 2) AND (production_year = 2005))
              Rows Removed by Filter: 2452389
Planning time: 3.737 ms
Execution time: 1422.877 ms
