Seq Scan on cast_info ci  (cost=0.00..796071.18 rows=8599 width=0) (actual time=8218.995..9749.752 rows=2812 loops=1)
  Filter: ((person_id < 80978) AND (role_id > 10))
  Rows Removed by Filter: 36241532
Planning time: 0.323 ms
Execution time: 9750.241 ms
