Seq Scan on movie_keyword mk  (cost=0.00..81003.12 rows=3653642 width=0) (actual time=0.017..1148.830 rows=3650599 loops=1)
  Filter: (keyword_id > 829)
  Rows Removed by Filter: 873331
Planning time: 0.227 ms
Execution time: 1515.831 ms
