Seq Scan on movie_companies mc  (cost=0.00..57926.93 rows=320445 width=0) (actual time=24.318..727.573 rows=22207 loops=1)
  Filter: ((company_id > 52914) AND (company_type_id < 2))
  Rows Removed by Filter: 2586922
Planning time: 0.303 ms
Execution time: 730.601 ms
