Seq Scan on cast_info ci  (cost=0.00..705507.15 rows=500 width=0) (actual time=7124.421..9829.210 rows=4 loops=1)
  Filter: (person_id = 2226475)
  Rows Removed by Filter: 36244340
Planning time: 6.274 ms
Execution time: 9829.347 ms
