Hash Join  (cost=75199.97..900125.66 rows=308002 width=0) (actual time=5200.228..16631.619 rows=482564 loops=1)
  Hash Cond: (ci.movie_id = t.id)
  ->  Seq Scan on cast_info ci  (cost=0.00..705507.15 rows=10035339 width=4) (actual time=3978.964..11431.435 rows=10043596 loops=1)
        Filter: (person_id > 2711329)
        Rows Removed by Filter: 26200748
  ->  Hash  (cost=73925.90..73925.90 rows=77605 width=4) (actual time=1220.165..1220.165 rows=84684 loops=1)
        Buckets: 131072  Batches: 2  Memory Usage: 2512kB
        ->  Seq Scan on title t  (cost=0.00..73925.90 rows=77605 width=4) (actual time=0.035..1188.807 rows=84684 loops=1)
              Filter: ((kind_id = 7) AND (production_year = 2009))
              Rows Removed by Filter: 2443628
Planning time: 0.802 ms
Execution time: 16698.535 ms
