Seq Scan on movie_keyword mk  (cost=0.00..81003.12 rows=4348555 width=0) (actual time=0.030..1548.682 rows=4352322 loops=1)
  Filter: (keyword_id < 72069)
  Rows Removed by Filter: 171608
Planning time: 2.739 ms
Execution time: 2095.995 ms
