Hash Join  (cost=102964.36..924130.46 rows=19401 width=0) (actual time=6625.189..14772.063 rows=157384 loops=1)
  Hash Cond: (ci.movie_id = t.id)
  ->  Seq Scan on cast_info ci  (cost=0.00..796071.18 rows=6640240 width=4) (actual time=5251.460..11060.714 rows=12670688 loops=1)
        Filter: ((person_id < 1873677) AND (role_id < 2))
        Rows Removed by Filter: 23573656
  ->  Hash  (cost=102872.01..102872.01 rows=7388 width=8) (actual time=1373.434..1373.434 rows=15776 loops=1)
        Buckets: 16384 (originally 8192)  Batches: 1 (originally 1)  Memory Usage: 745kB
        ->  Hash Join  (cost=74181.07..102872.01 rows=7388 width=8) (actual time=890.608..1368.948 rows=15776 loops=1)
              Hash Cond: (mi_idx.movie_id = t.id)
              ->  Seq Scan on movie_info_idx mi_idx  (cost=0.00..25185.44 rows=915101 width=4) (actual time=0.029..336.717 rows=919850 loops=1)
                    Filter: (info_type_id < 101)
                    Rows Removed by Filter: 460185
              ->  Hash  (cost=73925.90..73925.90 rows=20413 width=4) (actual time=890.381..890.381 rows=17357 loops=1)
                    Buckets: 32768  Batches: 1  Memory Usage: 867kB
                    ->  Seq Scan on title t  (cost=0.00..73925.90 rows=20413 width=4) (actual time=0.182..882.490 rows=17357 loops=1)
                          Filter: ((kind_id < 7) AND (production_year = 2000))
                          Rows Removed by Filter: 2510955
Planning time: 1.155 ms
Execution time: 14794.804 ms
