Hash Join  (cost=102767.86..172848.53 rows=365573 width=0) (actual time=1785.315..3335.865 rows=364123 loops=1)
  Hash Cond: (mc.movie_id = t.id)
  ->  Seq Scan on movie_companies mc  (cost=0.00..51404.11 rows=365573 width=4) (actual time=0.024..823.924 rows=364123 loops=1)
        Filter: (company_id < 189)
        Rows Removed by Filter: 2245006
  ->  Hash  (cost=61283.27..61283.27 rows=2528527 width=4) (actual time=1784.473..1784.473 rows=2528312 loops=1)
        Buckets: 131072  Batches: 64  Memory Usage: 2415kB
        ->  Seq Scan on title t  (cost=0.00..61283.27 rows=2528527 width=4) (actual time=0.017..917.904 rows=2528312 loops=1)
Planning time: 0.465 ms
Execution time: 3381.650 ms
