Hash Join  (cost=79503.04..199718.81 rows=394593 width=0) (actual time=1093.066..3824.816 rows=86950 loops=1)
  Hash Cond: (mk.movie_id = t.id)
  ->  Seq Scan on movie_keyword mk  (cost=0.00..81003.12 rows=2935123 width=4) (actual time=0.023..1525.009 rows=2925719 loops=1)
        Filter: (keyword_id > 2459)
        Rows Removed by Filter: 1598211
  ->  Hash  (cost=73925.90..73925.90 rows=339931 width=4) (actual time=1087.537..1087.537 rows=205668 loops=1)
        Buckets: 131072  Batches: 8  Memory Usage: 1926kB
        ->  Seq Scan on title t  (cost=0.00..73925.90 rows=339931 width=4) (actual time=0.034..1016.662 rows=205668 loops=1)
              Filter: ((kind_id > 2) AND (production_year < 1978))
              Rows Removed by Filter: 2322644
Planning time: 0.685 ms
Execution time: 3835.804 ms
