Hash Join  (cost=211469.99..1145100.05 rows=7514319 width=0) (actual time=9080.451..30643.685 rows=18554782 loops=1)
  Hash Cond: (ci.movie_id = t.id)
  ->  Seq Scan on cast_info ci  (cost=0.00..705507.15 rows=12726058 width=4) (actual time=3790.677..13227.385 rows=12670688 loops=1)
        Filter: (role_id < 2)
        Rows Removed by Filter: 23573656
  ->  Hash  (cost=186974.34..186974.34 rows=1493012 width=8) (actual time=5288.864..5288.864 rows=1754914 loops=1)
        Buckets: 131072  Batches: 32  Memory Usage: 3135kB
        ->  Hash Join  (cost=91342.70..186974.34 rows=1493012 width=8) (actual time=1651.180..4769.496 rows=1754914 loops=1)
              Hash Cond: (mc.movie_id = t.id)
              ->  Seq Scan on movie_companies mc  (cost=0.00..44881.29 rows=2609129 width=4) (actual time=0.027..829.428 rows=2609129 loops=1)
              ->  Hash  (cost=67604.59..67604.59 rows=1446889 width=4) (actual time=1649.743..1649.743 rows=1443298 loops=1)
                    Buckets: 131072  Batches: 32  Memory Usage: 2608kB
                    ->  Seq Scan on title t  (cost=0.00..67604.59 rows=1446889 width=4) (actual time=0.020..1195.067 rows=1443298 loops=1)
                          Filter: (production_year < 2006)
                          Rows Removed by Filter: 1085014
Planning time: 1.179 ms
Execution time: 32829.780 ms
