Seq Scan on movie_keyword mk  (cost=0.00..81003.12 rows=246 width=0) (actual time=0.980..977.883 rows=1987 loops=1)
  Filter: (keyword_id = 432)
  Rows Removed by Filter: 4521943
Planning time: 0.423 ms
Execution time: 978.507 ms
