Hash Join  (cost=69409.47..156521.32 rows=20588 width=0) (actual time=1159.584..2548.551 rows=11094 loops=1)
  Hash Cond: (mk.movie_id = t.id)
  ->  Seq Scan on movie_keyword mk  (cost=0.00..81003.12 rows=473290 width=4) (actual time=0.020..1219.012 rows=469460 loops=1)
        Filter: (keyword_id > 37887)
        Rows Removed by Filter: 4054470
  ->  Hash  (cost=67604.59..67604.59 rows=109991 width=4) (actual time=1158.478..1158.478 rows=112515 loops=1)
        Buckets: 131072  Batches: 2  Memory Usage: 3002kB
        ->  Seq Scan on title t  (cost=0.00..67604.59 rows=109991 width=4) (actual time=0.020..1118.052 rows=112515 loops=1)
              Filter: (production_year < 1929)
              Rows Removed by Filter: 2415797
Planning time: 0.538 ms
Execution time: 2550.403 ms
