Seq Scan on movie_keyword mk  (cost=0.00..81003.12 rows=4204022 width=0) (actual time=0.022..1494.918 rows=4207442 loops=1)
  Filter: (keyword_id < 51567)
  Rows Removed by Filter: 316488
Planning time: 0.338 ms
Execution time: 2042.780 ms
