Hash Join  (cost=73681.46..100597.68 rows=574 width=0) (actual time=674.376..1191.040 rows=1248 loops=1)
  Hash Cond: (mi_idx.movie_id = t.id)
  ->  Seq Scan on movie_info_idx mi_idx  (cost=0.00..21735.35 rows=1380035 width=4) (actual time=0.030..243.681 rows=1380035 loops=1)
  ->  Hash  (cost=73668.31..73668.31 rows=1052 width=8) (actual time=673.277..673.277 rows=831 loops=1)
        Buckets: 2048  Batches: 1  Memory Usage: 49kB
        ->  Nested Loop  (cost=0.43..73668.31 rows=1052 width=8) (actual time=0.081..672.743 rows=831 loops=1)
              ->  Seq Scan on movie_companies mc  (cost=0.00..51404.11 rows=2870 width=4) (actual time=0.036..612.044 rows=3722 loops=1)
                    Filter: (company_id = 139)
                    Rows Removed by Filter: 2605407
              ->  Index Scan using title_pkey on title t  (cost=0.43..7.75 rows=1 width=4) (actual time=0.016..0.016 rows=0 loops=3722)
                    Index Cond: (id = mc.movie_id)
                    Filter: (production_year < 1998)
                    Rows Removed by Filter: 1
Planning time: 1.185 ms
Execution time: 1191.418 ms
