Seq Scan on cast_info ci  (cost=0.00..705507.15 rows=500 width=0) (actual time=4810.919..9632.155 rows=52 loops=1)
  Filter: (person_id = 2813897)
  Rows Removed by Filter: 36244292
Planning time: 0.333 ms
Execution time: 9632.237 ms
