Seq Scan on cast_info ci  (cost=0.00..796071.18 rows=23185736 width=0) (actual time=0.028..15324.151 rows=24130698 loops=1)
  Filter: ((person_id < 3812822) AND (role_id < 4))
  Rows Removed by Filter: 12113646
Planning time: 0.604 ms
Execution time: 18162.759 ms
