Seq Scan on movie_companies mc  (cost=0.00..57926.93 rows=979721 width=0) (actual time=0.012..988.832 rows=835826 loops=1)
  Filter: ((company_id > 708) AND (company_type_id = 1))
  Rows Removed by Filter: 1773303
Planning time: 0.408 ms
Execution time: 1092.661 ms
