Hash Join  (cost=205903.65..582655.54 rows=354706 width=0) (actual time=4467.395..14994.613 rows=21849627 loops=1)
  Hash Cond: (mi.movie_id = t.id)
  ->  Seq Scan on movie_info mi  (cost=0.00..346232.03 rows=2194617 width=4) (actual time=127.702..4985.123 rows=2233850 loops=1)
        Filter: (info_type_id > 16)
        Rows Removed by Filter: 12601870
  ->  Hash  (cost=199198.22..199198.22 rows=408674 width=8) (actual time=4233.859..4233.859 rows=656176 loops=1)
        Buckets: 131072 (originally 131072)  Batches: 16 (originally 8)  Memory Usage: 3073kB
        ->  Hash Join  (cost=79907.83..199198.22 rows=408674 width=8) (actual time=1184.811..4036.132 rows=656176 loops=1)
              Hash Cond: (mk.movie_id = t.id)
              ->  Seq Scan on movie_keyword mk  (cost=0.00..81003.12 rows=2834540 width=4) (actual time=0.036..1495.758 rows=2825098 loops=1)
                    Filter: (keyword_id < 8476)
                    Rows Removed by Filter: 1698832
              ->  Hash  (cost=73925.90..73925.90 rows=364554 width=4) (actual time=1183.573..1183.573 rows=274015 loops=1)
                    Buckets: 131072  Batches: 8  Memory Usage: 2237kB
                    ->  Seq Scan on title t  (cost=0.00..73925.90 rows=364554 width=4) (actual time=0.028..1097.982 rows=274015 loops=1)
                          Filter: ((production_year > 2000) AND (kind_id = 1))
                          Rows Removed by Filter: 2254297
Planning time: 1.170 ms
Execution time: 17397.428 ms
