Nested Loop  (cost=81516.27..142547.24 rows=13 width=0) (actual time=1508.192..1882.791 rows=2 loops=1)
  Join Filter: (mc.movie_id = t.id)
  ->  Hash Join  (cost=81515.84..141987.05 rows=144 width=8) (actual time=1475.859..1880.538 rows=72 loops=1)
        Hash Cond: (mc.movie_id = mk.movie_id)
        ->  Seq Scan on movie_companies mc  (cost=0.00..57926.93 rows=1684 width=4) (actual time=289.152..698.159 rows=1993 loops=1)
              Filter: ((company_id = 401) AND (company_type_id = 2))
              Rows Removed by Filter: 2607136
        ->  Hash  (cost=81003.12..81003.12 rows=41017 width=4) (actual time=1180.000..1180.000 rows=41840 loops=1)
              Buckets: 65536  Batches: 1  Memory Usage: 1983kB
              ->  Seq Scan on movie_keyword mk  (cost=0.00..81003.12 rows=41017 width=4) (actual time=0.055..1162.612 rows=41840 loops=1)
                    Filter: (keyword_id = 117)
                    Rows Removed by Filter: 4482090
  ->  Index Scan using title_pkey on title t  (cost=0.43..3.88 rows=1 width=4) (actual time=0.028..0.028 rows=0 loops=72)
        Index Cond: (id = mk.movie_id)
        Filter: ((production_year > 1972) AND (kind_id = 7))
        Rows Removed by Filter: 1
Planning time: 1.116 ms
Execution time: 1883.081 ms
