Seq Scan on cast_info ci  (cost=0.00..705507.15 rows=1349310 width=0) (actual time=140.491..7735.578 rows=1257533 loops=1)
  Filter: (person_id < 126439)
  Rows Removed by Filter: 34986811
Planning time: 0.319 ms
Execution time: 7894.212 ms
