Nested Loop  (cost=0.43..58358.27 rows=51 width=0) (actual time=482.690..749.036 rows=73 loops=1)
  ->  Seq Scan on movie_companies mc  (cost=0.00..57926.93 rows=51 width=4) (actual time=482.618..746.003 rows=73 loops=1)
        Filter: ((company_id = 13860) AND (company_type_id = 1))
        Rows Removed by Filter: 2609056
  ->  Index Only Scan using title_pkey on title t  (cost=0.43..8.45 rows=1 width=4) (actual time=0.038..0.039 rows=1 loops=73)
        Index Cond: (id = mc.movie_id)
        Heap Fetches: 73
Planning time: 0.722 ms
Execution time: 749.147 ms
