Hash Join  (cost=79601.51..112146.57 rows=63550 width=0) (actual time=1264.053..1927.212 rows=145352 loops=1)
  Hash Cond: (mi_idx.movie_id = t.id)
  ->  Seq Scan on movie_info_idx mi_idx  (cost=0.00..25185.44 rows=464566 width=4) (actual time=0.028..382.520 rows=459925 loops=1)
        Filter: (info_type_id = 101)
        Rows Removed by Filter: 920110
  ->  Hash  (cost=73925.90..73925.90 rows=345888 width=4) (actual time=1262.694..1262.694 rows=457402 loops=1)
        Buckets: 131072  Batches: 8  Memory Usage: 3047kB
        ->  Seq Scan on title t  (cost=0.00..73925.90 rows=345888 width=4) (actual time=0.032..1117.694 rows=457402 loops=1)
              Filter: ((kind_id < 7) AND (production_year < 1997))
              Rows Removed by Filter: 2070910
Planning time: 0.693 ms
Execution time: 1940.013 ms
