Hash Join  (cost=75195.76..111545.75 rows=27993 width=0) (actual time=1306.921..1814.611 rows=12658 loops=1)
  Hash Cond: (mi_idx.movie_id = t.id)
  ->  Seq Scan on movie_info_idx mi_idx  (cost=0.00..25185.44 rows=915101 width=4) (actual time=0.028..530.804 rows=919850 loops=1)
        Filter: (info_type_id < 101)
        Rows Removed by Filter: 460185
  ->  Hash  (cost=73925.90..73925.90 rows=77348 width=4) (actual time=955.754..955.754 rows=84109 loops=1)
        Buckets: 131072  Batches: 2  Memory Usage: 2509kB
        ->  Seq Scan on title t  (cost=0.00..73925.90 rows=77348 width=4) (actual time=0.026..924.802 rows=84109 loops=1)
              Filter: ((kind_id = 7) AND (production_year = 2008))
              Rows Removed by Filter: 2444203
Planning time: 0.681 ms
Execution time: 1816.803 ms
