Seq Scan on cast_info ci  (cost=0.00..705507.15 rows=500 width=0) (actual time=1652.818..9234.121 rows=453 loops=1)
  Filter: (person_id = 2764072)
  Rows Removed by Filter: 36243891
Planning time: 0.336 ms
Execution time: 9234.286 ms
