Hash Join  (cost=195723.15..704026.61 rows=944064 width=0) (actual time=4149.564..17473.511 rows=5784792 loops=1)
  Hash Cond: (mi.movie_id = t.id)
  ->  Seq Scan on movie_info mi  (cost=0.00..309384.22 rows=14739122 width=4) (actual time=0.016..6056.080 rows=14835720 loops=1)
  ->  Hash  (cost=193065.70..193065.70 rows=161956 width=8) (actual time=3977.982..3977.982 rows=183129 loops=1)
        Buckets: 131072  Batches: 4  Memory Usage: 2840kB
        ->  Hash Join  (cost=69090.10..193065.70 rows=161956 width=8) (actual time=1105.484..3915.874 rows=183129 loops=1)
              Hash Cond: (mk.movie_id = t.id)
              ->  Seq Scan on movie_keyword mk  (cost=0.00..69693.30 rows=4523930 width=4) (actual time=0.023..1414.021 rows=4523930 loops=1)
              ->  Hash  (cost=67604.59..67604.59 rows=90521 width=4) (actual time=1104.667..1104.667 rows=90852 loops=1)
                    Buckets: 131072  Batches: 2  Memory Usage: 2632kB
                    ->  Seq Scan on title t  (cost=0.00..67604.59 rows=90521 width=4) (actual time=0.018..1069.710 rows=90852 loops=1)
                          Filter: (kind_id = 2)
                          Rows Removed by Filter: 2437460
Planning time: 1.181 ms
Execution time: 18152.807 ms
