Seq Scan on movie_keyword mk  (cost=0.00..81003.12 rows=1564680 width=0) (actual time=0.016..1321.462 rows=1578521 loops=1)
  Filter: (keyword_id > 9859)
  Rows Removed by Filter: 2945409
Planning time: 0.274 ms
Execution time: 1528.068 ms
