Hash Join  (cost=128965.74..480310.95 rows=5766 width=0) (actual time=2086.690..6716.079 rows=16687 loops=1)
  Hash Cond: (mi.movie_id = t.id)
  ->  Seq Scan on movie_info mi  (cost=0.00..346232.03 rows=1348138 width=4) (actual time=0.016..4613.269 rows=1298989 loops=1)
        Filter: (info_type_id = 4)
        Rows Removed by Filter: 13536731
  ->  Hash  (cost=128830.57..128830.57 rows=10814 width=8) (actual time=1862.475..1862.475 rows=13248 loops=1)
        Buckets: 16384  Batches: 1  Memory Usage: 646kB
        ->  Hash Join  (cost=74056.90..128830.57 rows=10814 width=8) (actual time=843.432..1857.303 rows=13248 loops=1)
              Hash Cond: (mc.movie_id = t.id)
              ->  Seq Scan on movie_companies mc  (cost=0.00..44881.29 rows=2609129 width=4) (actual time=0.019..503.669 rows=2609129 loops=1)
              ->  Hash  (cost=73925.90..73925.90 rows=10480 width=4) (actual time=843.224..843.224 rows=5587 loops=1)
                    Buckets: 16384  Batches: 1  Memory Usage: 325kB
                    ->  Seq Scan on title t  (cost=0.00..73925.90 rows=10480 width=4) (actual time=311.141..840.786 rows=5587 loops=1)
                          Filter: ((kind_id = 1) AND (production_year = 1995))
                          Rows Removed by Filter: 2522725
Planning time: 1.163 ms
Execution time: 6718.692 ms
