Hash Join  (cost=102767.86..964227.30 rows=6070541 width=0) (actual time=7526.714..18550.301 rows=6143349 loops=1)
  Hash Cond: (ci.movie_id = t.id)
  ->  Seq Scan on cast_info ci  (cost=0.00..705507.15 rows=6070541 width=4) (actual time=5020.553..10514.183 rows=6143349 loops=1)
        Filter: (person_id > 3035950)
        Rows Removed by Filter: 30100995
  ->  Hash  (cost=61283.27..61283.27 rows=2528527 width=4) (actual time=2504.426..2504.426 rows=2528312 loops=1)
        Buckets: 131072  Batches: 64  Memory Usage: 2415kB
        ->  Seq Scan on title t  (cost=0.00..61283.27 rows=2528527 width=4) (actual time=0.026..897.203 rows=2528312 loops=1)
Planning time: 0.693 ms
Execution time: 19300.687 ms
