Hash Join  (cost=157039.54..619049.92 rows=1218222 width=0) (actual time=2878.082..13219.186 rows=2476980 loops=1)
  Hash Cond: (mi.movie_id = t.id)
  ->  Seq Scan on movie_info mi  (cost=0.00..346232.03 rows=8841901 width=4) (actual time=0.013..5543.415 rows=8950757 loops=1)
        Filter: (info_type_id > 6)
        Rows Removed by Filter: 5884963
  ->  Hash  (cost=151323.84..151323.84 rows=348376 width=8) (actual time=2876.836..2876.836 rows=299104 loops=1)
        Buckets: 131072  Batches: 8  Memory Usage: 2483kB
        ->  Hash Join  (cost=78473.92..151323.84 rows=348376 width=8) (actual time=1265.759..2783.545 rows=299104 loops=1)
              Hash Cond: (mc.movie_id = t.id)
              ->  Seq Scan on movie_companies mc  (cost=0.00..51404.11 rows=1329612 width=4) (actual time=0.028..727.419 rows=1334883 loops=1)
                    Filter: (company_type_id = 2)
                    Rows Removed by Filter: 1274246
              ->  Hash  (cost=67604.59..67604.59 rows=662507 width=4) (actual time=1264.843..1264.843 rows=662065 loops=1)
                    Buckets: 131072  Batches: 16  Memory Usage: 2481kB
                    ->  Seq Scan on title t  (cost=0.00..67604.59 rows=662507 width=4) (actual time=0.021..1034.413 rows=662065 loops=1)
                          Filter: (production_year > 2008)
                          Rows Removed by Filter: 1866247
Planning time: 1.124 ms
Execution time: 13507.651 ms
