Seq Scan on cast_info ci  (cost=0.00..796071.18 rows=332 width=0) (actual time=9222.509..12026.927 rows=26 loops=1)
  Filter: ((role_id < 4) AND (person_id = 2201167))
  Rows Removed by Filter: 36244318
Planning time: 0.359 ms
Execution time: 12027.097 ms
