Hash Join  (cost=102767.86..208457.30 rows=615404 width=0) (actual time=1726.141..3692.922 rows=615369 loops=1)
  Hash Cond: (mk.movie_id = t.id)
  ->  Seq Scan on movie_keyword mk  (cost=0.00..81003.12 rows=615404 width=4) (actual time=0.014..1129.162 rows=615369 loops=1)
        Filter: (keyword_id > 29703)
        Rows Removed by Filter: 3908561
  ->  Hash  (cost=61283.27..61283.27 rows=2528527 width=4) (actual time=1724.884..1724.884 rows=2528312 loops=1)
        Buckets: 131072  Batches: 64  Memory Usage: 2425kB
        ->  Seq Scan on title t  (cost=0.00..61283.27 rows=2528527 width=4) (actual time=0.020..849.442 rows=2528312 loops=1)
Planning time: 0.669 ms
Execution time: 3766.706 ms
