Hash Join  (cost=151362.16..1065283.79 rows=2031695 width=0) (actual time=2867.817..22100.235 rows=4723857 loops=1)
  Hash Cond: (ci.movie_id = t.id)
  ->  Seq Scan on cast_info ci  (cost=0.00..796071.18 rows=8224133 width=4) (actual time=0.019..12932.573 rows=11200519 loops=1)
        Filter: ((person_id > 1751428) AND (role_id > 2))
        Rows Removed by Filter: 25043825
  ->  Hash  (cost=141113.05..141113.05 rows=624649 width=8) (actual time=2866.596..2866.596 rows=532401 loops=1)
        Buckets: 131072  Batches: 16  Memory Usage: 2343kB
        ->  Hash Join  (cost=92703.08..141113.05 rows=624649 width=8) (actual time=1389.480..2709.638 rows=532401 loops=1)
              Hash Cond: (mi_idx.movie_id = t.id)
              ->  Seq Scan on movie_info_idx mi_idx  (cost=0.00..21735.35 rows=1380035 width=4) (actual time=0.023..361.694 rows=1380035 loops=1)
              ->  Hash  (cost=73925.90..73925.90 rows=1144494 width=4) (actual time=1388.373..1388.373 rows=1095581 loops=1)
                    Buckets: 131072  Batches: 16  Memory Usage: 3437kB
                    ->  Seq Scan on title t  (cost=0.00..73925.90 rows=1144494 width=4) (actual time=0.006..1060.887 rows=1095581 loops=1)
                          Filter: ((kind_id > 1) AND (production_year < 2007))
                          Rows Removed by Filter: 1432731
Planning time: 1.070 ms
Execution time: 22609.466 ms
