Hash Join  (cost=598824.44..1680264.89 rows=9284434 width=0) (actual time=14606.569..41309.631 rows=28450322 loops=1)
  Hash Cond: (ci.movie_id = t.id)
  ->  Seq Scan on cast_info ci  (cost=0.00..705507.15 rows=15561798 width=4) (actual time=0.026..11365.729 rows=15444422 loops=1)
        Filter: (person_id < 1522325)
        Rows Removed by Filter: 20799922
  ->  Hash  (cost=574074.42..574074.42 rows=1508562 width=8) (actual time=14605.233..14605.233 rows=2265515 loops=1)
        Buckets: 131072  Batches: 32  Memory Usage: 3760kB
        ->  Hash Join  (cost=78171.87..574074.42 rows=1508562 width=8) (actual time=1087.622..13462.398 rows=2265515 loops=1)
              Hash Cond: (mi.movie_id = t.id)
              ->  Seq Scan on movie_info mi  (cost=0.00..309384.22 rows=14739122 width=4) (actual time=0.025..4499.227 rows=14835720 loops=1)
              ->  Hash  (cost=73925.90..73925.90 rows=258797 width=4) (actual time=1086.706..1086.706 rows=227847 loops=1)
                    Buckets: 131072  Batches: 4  Memory Usage: 3038kB
                    ->  Seq Scan on title t  (cost=0.00..73925.90 rows=258797 width=4) (actual time=0.029..1006.467 rows=227847 loops=1)
                          Filter: ((kind_id < 7) AND (production_year > 2008))
                          Rows Removed by Filter: 2300465
Planning time: 1.227 ms
Execution time: 44233.392 ms
