Hash Join  (cost=78364.59..110481.98 rows=49745 width=0) (actual time=851.079..1450.140 rows=119288 loops=1)
  Hash Cond: (mi_idx.movie_id = t.id)
  ->  Seq Scan on movie_info_idx mi_idx  (cost=0.00..25185.44 rows=464934 width=4) (actual time=0.017..300.064 rows=460185 loops=1)
        Filter: (info_type_id > 100)
        Rows Removed by Filter: 919850
  ->  Hash  (cost=73925.90..73925.90 rows=270535 width=4) (actual time=850.383..850.383 rows=374196 loops=1)
        Buckets: 131072 (originally 131072)  Batches: 8 (originally 4)  Memory Usage: 3073kB
        ->  Seq Scan on title t  (cost=0.00..73925.90 rows=270535 width=4) (actual time=377.473..759.910 rows=374196 loops=1)
              Filter: ((kind_id < 2) AND (production_year < 2000))
              Rows Removed by Filter: 2154116
Planning time: 0.723 ms
Execution time: 1466.176 ms
