Hash Join  (cost=101263.49..466467.77 rows=54836 width=0) (actual time=1385.098..9480.938 rows=361265 loops=1)
  Hash Cond: (mi.movie_id = t.id)
  ->  Seq Scan on movie_info mi  (cost=0.00..309384.22 rows=14739122 width=4) (actual time=0.031..4686.606 rows=14835720 loops=1)
  ->  Hash  (cost=101145.91..101145.91 rows=9407 width=8) (actual time=1384.866..1384.866 rows=17309 loops=1)
        Buckets: 32768 (originally 16384)  Batches: 1 (originally 1)  Memory Usage: 933kB
        ->  Hash Join  (cost=74141.35..101145.91 rows=9407 width=8) (actual time=782.879..1378.115 rows=17309 loops=1)
              Hash Cond: (mi_idx.movie_id = t.id)
              ->  Seq Scan on movie_info_idx mi_idx  (cost=0.00..21735.35 rows=1380035 width=4) (actual time=0.024..307.342 rows=1380035 loops=1)
              ->  Hash  (cost=73925.90..73925.90 rows=17236 width=4) (actual time=782.684..782.684 rows=12281 loops=1)
                    Buckets: 32768  Batches: 1  Memory Usage: 688kB
                    ->  Seq Scan on title t  (cost=0.00..73925.90 rows=17236 width=4) (actual time=0.096..778.309 rows=12281 loops=1)
                          Filter: ((kind_id < 4) AND (production_year = 1999))
                          Rows Removed by Filter: 2516031
Planning time: 1.216 ms
Execution time: 9532.579 ms
