Hash Join  (cost=75427.43..106468.31 rows=16678 width=0) (actual time=1162.344..1595.502 rows=36883 loops=1)
  Hash Cond: (mi_idx.movie_id = t.id)
  ->  Seq Scan on movie_info_idx mi_idx  (cost=0.00..25185.44 rows=460978 width=4) (actual time=0.023..392.900 rows=459925 loops=1)
        Filter: (info_type_id < 100)
        Rows Removed by Filter: 920110
  ->  Hash  (cost=73925.90..73925.90 rows=91482 width=4) (actual time=1016.213..1016.213 rows=99074 loops=1)
        Buckets: 131072  Batches: 2  Memory Usage: 2769kB
        ->  Seq Scan on title t  (cost=0.00..73925.90 rows=91482 width=4) (actual time=0.021..982.017 rows=99074 loops=1)
              Filter: ((production_year > 1955) AND (kind_id = 3))
              Rows Removed by Filter: 2429238
Planning time: 0.695 ms
Execution time: 1600.274 ms
