Hash Join  (cost=455068.60..496083.17 rows=193609 width=0) (actual time=6581.598..7682.199 rows=303948 loops=1)
  Hash Cond: (mi_idx.movie_id = t.id)
  ->  Seq Scan on movie_info_idx mi_idx  (cost=0.00..21735.35 rows=1380035 width=4) (actual time=0.009..365.760 rows=1380035 loops=1)
  ->  Hash  (cost=449248.42..449248.42 rows=354734 width=8) (actual time=6580.391..6580.391 rows=322401 loops=1)
        Buckets: 131072  Batches: 8  Memory Usage: 2601kB
        ->  Hash Join  (cost=85777.42..449248.42 rows=354734 width=8) (actual time=3731.090..6476.119 rows=322401 loops=1)
              Hash Cond: (mi.movie_id = t.id)
              ->  Seq Scan on movie_info mi  (cost=0.00..346232.03 rows=809768 width=4) (actual time=2405.547..4439.761 rows=802140 loops=1)
                    Filter: (info_type_id < 2)
                    Rows Removed by Filter: 14033580
              ->  Hash  (cost=67604.59..67604.59 rows=1107667 width=4) (actual time=1324.677..1324.677 rows=1107925 loops=1)
                    Buckets: 131072  Batches: 16  Memory Usage: 3466kB
                    ->  Seq Scan on title t  (cost=0.00..67604.59 rows=1107667 width=4) (actual time=0.037..965.159 rows=1107925 loops=1)
                          Filter: (production_year > 2004)
                          Rows Removed by Filter: 1420387
Planning time: 1.143 ms
Execution time: 7723.013 ms
