Seq Scan on cast_info ci  (cost=0.00..796071.18 rows=2387139 width=0) (actual time=3222.787..11687.574 rows=2902988 loops=1)
  Filter: ((person_id > 1430193) AND (role_id = 3))
  Rows Removed by Filter: 33341356
Planning time: 0.344 ms
Execution time: 12000.771 ms
