Hash Join  (cost=92883.59..221488.85 rows=1340226 width=0) (actual time=2282.138..3906.970 rows=292767 loops=1)
  Hash Cond: (mk.movie_id = t.id)
  ->  Seq Scan on movie_keyword mk  (cost=0.00..81003.12 rows=2199376 width=4) (actual time=0.032..1377.574 rows=2199226 loops=1)
        Filter: (keyword_id < 4397)
        Rows Removed by Filter: 2324704
  ->  Hash  (cost=67604.59..67604.59 rows=1540800 width=4) (actual time=1323.997..1323.997 rows=1543264 loops=1)
        Buckets: 131072  Batches: 32  Memory Usage: 2728kB
        ->  Seq Scan on title t  (cost=0.00..67604.59 rows=1540800 width=4) (actual time=0.022..872.012 rows=1543264 loops=1)
              Filter: (kind_id = 7)
              Rows Removed by Filter: 985048
Planning time: 1.053 ms
Execution time: 3935.608 ms
