Hash Join  (cost=88716.22..1255192.15 rows=12915077 width=0) (actual time=1333.594..34045.452 rows=13447959 loops=1)
  Hash Cond: (ci.movie_id = t.id)
  ->  Seq Scan on cast_info ci  (cost=0.00..614943.12 rows=36225612 width=4) (actual time=0.018..10650.086 rows=36244344 loops=1)
  ->  Hash  (cost=73925.90..73925.90 rows=901465 width=4) (actual time=1332.479..1332.479 rows=822656 loops=1)
        Buckets: 131072  Batches: 16  Memory Usage: 2832kB
        ->  Seq Scan on title t  (cost=0.00..73925.90 rows=901465 width=4) (actual time=0.023..1073.917 rows=822656 loops=1)
              Filter: ((kind_id < 7) AND (production_year > 1946))
              Rows Removed by Filter: 1705656
Planning time: 0.764 ms
Execution time: 35745.949 ms
