Hash Join  (cost=78930.19..194382.02 rows=606486 width=0) (actual time=1157.310..3764.596 rows=810867 loops=1)
  Hash Cond: (mk.movie_id = t.id)
  ->  Seq Scan on movie_keyword mk  (cost=0.00..81003.12 rows=2221560 width=4) (actual time=0.023..1418.459 rows=2218831 loops=1)
        Filter: (keyword_id < 4519)
        Rows Removed by Filter: 2305099
  ->  Hash  (cost=67604.59..67604.59 rows=690288 width=4) (actual time=1155.567..1155.567 rows=684146 loops=1)
        Buckets: 131072  Batches: 16  Memory Usage: 2532kB
        ->  Seq Scan on title t  (cost=0.00..67604.59 rows=690288 width=4) (actual time=0.021..929.591 rows=684146 loops=1)
              Filter: (production_year < 1990)
              Rows Removed by Filter: 1844166
Planning time: 0.712 ms
Execution time: 3845.824 ms
