Seq Scan on movie_companies mc  (cost=0.00..57926.93 rows=53 width=0) (actual time=198.534..748.448 rows=219 loops=1)
  Filter: ((company_type_id > 1) AND (company_id = 2101))
  Rows Removed by Filter: 2608910
Planning time: 0.432 ms
Execution time: 748.575 ms
