Hash Join  (cost=275643.12..382775.48 rows=2090642 width=0) (actual time=5577.279..11416.889 rows=16173128 loops=1)
  Hash Cond: (mc.movie_id = t.id)
  ->  Seq Scan on movie_companies mc  (cost=0.00..44881.29 rows=2609129 width=4) (actual time=0.013..741.140 rows=2609129 loops=1)
  ->  Hash  (cost=242402.41..242402.41 rows=2026057 width=8) (actual time=5575.873..5575.873 rows=2030563 loops=1)
        Buckets: 131072  Batches: 32  Memory Usage: 3488kB
        ->  Hash Join  (cost=102767.86..242402.41 rows=2026057 width=8) (actual time=1588.067..4973.180 rows=2030563 loops=1)
              Hash Cond: (mk.movie_id = t.id)
              ->  Seq Scan on movie_keyword mk  (cost=0.00..81003.12 rows=2026057 width=4) (actual time=0.026..1377.173 rows=2030563 loops=1)
                    Filter: (keyword_id > 6069)
                    Rows Removed by Filter: 2493367
              ->  Hash  (cost=61283.27..61283.27 rows=2528527 width=4) (actual time=1587.293..1587.293 rows=2528312 loops=1)
                    Buckets: 131072  Batches: 64  Memory Usage: 2425kB
                    ->  Seq Scan on title t  (cost=0.00..61283.27 rows=2528527 width=4) (actual time=0.021..732.864 rows=2528312 loops=1)
Planning time: 1.116 ms
Execution time: 13202.089 ms
