Seq Scan on movie_keyword mk  (cost=0.00..81003.12 rows=1912728 width=0) (actual time=0.024..1234.249 rows=1921368 loops=1)
  Filter: (keyword_id < 3310)
  Rows Removed by Filter: 2602562
Planning time: 0.257 ms
Execution time: 1481.343 ms
