Seq Scan on title t  (cost=0.00..73925.90 rows=8890 width=0) (actual time=126.927..901.570 rows=21090 loops=1)
  Filter: ((kind_id < 7) AND (production_year < 1909))
  Rows Removed by Filter: 2507222
Planning time: 0.315 ms
Execution time: 905.125 ms
