Hash Join  (cost=188384.57..713294.51 rows=4227101 width=0) (actual time=4344.468..18229.959 rows=3175665 loops=1)
  Hash Cond: (mi.movie_id = t.id)
  ->  Seq Scan on movie_info mi  (cost=0.00..309384.22 rows=14739122 width=4) (actual time=0.025..6318.681 rows=14835720 loops=1)
  ->  Hash  (cost=176486.97..176486.97 rows=725168 width=8) (actual time=4130.049..4130.049 rows=314718 loops=1)
        Buckets: 131072  Batches: 16  Memory Usage: 1785kB
        ->  Hash Join  (cost=97436.99..176486.97 rows=725168 width=8) (actual time=2636.265..4033.084 rows=314718 loops=1)
              Hash Cond: (mc.movie_id = t.id)
              ->  Seq Scan on movie_companies mc  (cost=0.00..51404.11 rows=1279517 width=4) (actual time=0.035..1046.349 rows=1274246 loops=1)
                    Filter: (company_type_id < 2)
                    Rows Removed by Filter: 1334883
              ->  Hash  (cost=73925.90..73925.90 rows=1433047 width=4) (actual time=2053.376..2053.376 rows=1478437 loops=1)
                    Buckets: 131072  Batches: 32  Memory Usage: 2651kB
                    ->  Seq Scan on title t  (cost=0.00..73925.90 rows=1433047 width=4) (actual time=0.021..1578.292 rows=1478437 loops=1)
                          Filter: ((production_year > 1927) AND (kind_id = 7))
                          Rows Removed by Filter: 1049875
Planning time: 1.163 ms
Execution time: 18597.210 ms
