Seq Scan on movie_keyword mk  (cost=0.00..81003.12 rows=246 width=0) (actual time=2.936..986.291 rows=1491 loops=1)
  Filter: (keyword_id = 3020)
  Rows Removed by Filter: 4522439
Planning time: 0.298 ms
Execution time: 986.754 ms
