Seq Scan on cast_info ci  (cost=0.00..796071.18 rows=2594927 width=0) (actual time=3687.687..10207.823 rows=5283168 loops=1)
  Filter: ((person_id < 708443) AND (role_id = 1))
  Rows Removed by Filter: 30961176
Planning time: 0.367 ms
Execution time: 10801.794 ms
