Hash Join  (cost=69687.24..160229.40 rows=37627 width=0) (actual time=941.383..2413.770 rows=33777 loops=1)
  Hash Cond: (mk.movie_id = t.id)
  ->  Seq Scan on movie_keyword mk  (cost=0.00..81003.12 rows=749539 width=4) (actual time=0.018..1200.528 rows=755412 loops=1)
        Filter: (keyword_id > 24758)
        Rows Removed by Filter: 3768518
  ->  Hash  (cost=67604.59..67604.59 rows=126932 width=4) (actual time=940.272..940.272 rows=122861 loops=1)
        Buckets: 131072  Batches: 2  Memory Usage: 3197kB
        ->  Seq Scan on title t  (cost=0.00..67604.59 rows=126932 width=4) (actual time=0.061..893.431 rows=122861 loops=1)
              Filter: (production_year = 2008)
              Rows Removed by Filter: 2405451
Planning time: 0.702 ms
Execution time: 2418.601 ms
