Hash Join  (cost=74057.18..827815.61 rows=52856 width=0) (actual time=3243.462..14168.913 rows=22079 loops=1)
  Hash Cond: (ci.movie_id = t.id)
  ->  Seq Scan on cast_info ci  (cost=0.00..705507.15 rows=12726058 width=4) (actual time=2369.753..11244.590 rows=12670688 loops=1)
        Filter: (role_id < 2)
        Rows Removed by Filter: 23573656
  ->  Hash  (cost=73925.90..73925.90 rows=10502 width=4) (actual time=873.110..873.110 rows=6334 loops=1)
        Buckets: 16384  Batches: 1  Memory Usage: 351kB
        ->  Seq Scan on title t  (cost=0.00..73925.90 rows=10502 width=4) (actual time=408.561..870.315 rows=6334 loops=1)
              Filter: ((production_year > 2011) AND (kind_id = 4))
              Rows Removed by Filter: 2521978
Planning time: 0.745 ms
Execution time: 14173.424 ms
