Seq Scan on cast_info ci  (cost=0.00..705507.15 rows=9013966 width=0) (actual time=25.730..10010.130 rows=8877445 loops=1)
  Filter: (person_id < 873902)
  Rows Removed by Filter: 27366899
Planning time: 0.241 ms
Execution time: 11155.388 ms
