Hash Join  (cost=87301.44..623996.08 rows=4083500 width=0) (actual time=1374.096..13645.331 rows=2249170 loops=1)
  Hash Cond: (mi.movie_id = t.id)
  ->  Seq Scan on movie_info mi  (cost=0.00..346232.03 rows=12665229 width=4) (actual time=0.018..5629.439 rows=12744652 loops=1)
        Filter: (info_type_id > 2)
        Rows Removed by Filter: 2091068
  ->  Hash  (cost=73925.90..73925.90 rows=815243 width=4) (actual time=1372.255..1372.255 rows=876186 loops=1)
        Buckets: 131072  Batches: 16  Memory Usage: 2961kB
        ->  Seq Scan on title t  (cost=0.00..73925.90 rows=815243 width=4) (actual time=0.036..1066.931 rows=876186 loops=1)
              Filter: ((kind_id > 1) AND (production_year > 2004))
              Rows Removed by Filter: 1652126
Planning time: 0.696 ms
Execution time: 13898.387 ms
