Hash Join  (cost=129712.79..627206.31 rows=1657658 width=0) (actual time=2445.784..13343.236 rows=1063563 loops=1)
  Hash Cond: (mi.movie_id = t.id)
  ->  Seq Scan on movie_info mi  (cost=0.00..309384.22 rows=14739122 width=4) (actual time=0.015..4460.144 rows=14835720 loops=1)
  ->  Hash  (cost=125047.10..125047.10 rows=284375 width=8) (actual time=2437.773..2437.773 rows=133110 loops=1)
        Buckets: 131072  Batches: 4  Memory Usage: 2322kB
        ->  Hash Join  (cost=82474.87..125047.10 rows=284375 width=8) (actual time=1276.084..2394.329 rows=133110 loops=1)
              Hash Cond: (mi_idx.movie_id = t.id)
              ->  Seq Scan on movie_info_idx mi_idx  (cost=0.00..21735.35 rows=1380035 width=4) (actual time=0.015..394.292 rows=1380035 loops=1)
              ->  Hash  (cost=73925.90..73925.90 rows=521037 width=4) (actual time=1274.348..1274.348 rows=557941 loops=1)
                    Buckets: 131072  Batches: 8  Memory Usage: 3476kB
                    ->  Seq Scan on title t  (cost=0.00..73925.90 rows=521037 width=4) (actual time=0.023..1093.824 rows=557941 loops=1)
                          Filter: ((kind_id > 3) AND (production_year > 2007))
                          Rows Removed by Filter: 1970371
Planning time: 1.115 ms
Execution time: 13449.737 ms
