Hash Join  (cost=28267.46..81784.38 rows=13 width=0) (actual time=344.402..1123.882 rows=472 loops=1)
  Hash Cond: (mc.movie_id = t.id)
  ->  Seq Scan on movie_companies mc  (cost=0.00..51404.11 rows=563383 width=4) (actual time=0.023..697.474 rows=561678 loops=1)
        Filter: (company_id < 596)
        Rows Removed by Filter: 2047451
  ->  Hash  (cost=28266.72..28266.72 rows=59 width=8) (actual time=344.183..344.183 rows=85 loops=1)
        Buckets: 1024  Batches: 1  Memory Usage: 12kB
        ->  Nested Loop  (cost=0.43..28266.72 rows=59 width=8) (actual time=239.141..344.131 rows=85 loops=1)
              ->  Seq Scan on movie_info_idx mi_idx  (cost=0.00..25185.44 rows=368 width=4) (actual time=238.964..338.961 rows=260 loops=1)
                    Filter: (info_type_id > 101)
                    Rows Removed by Filter: 1379775
              ->  Index Scan using title_pkey on title t  (cost=0.43..8.36 rows=1 width=4) (actual time=0.019..0.019 rows=0 loops=260)
                    Index Cond: (id = mi_idx.movie_id)
                    Filter: (production_year < 1972)
                    Rows Removed by Filter: 1
Planning time: 0.761 ms
Execution time: 1124.078 ms
