Hash Join  (cost=156649.15..292223.41 rows=723826 width=0) (actual time=3024.175..7235.080 rows=3091060 loops=1)
  Hash Cond: (mk.movie_id = t.id)
  ->  Seq Scan on movie_keyword mk  (cost=0.00..81003.12 rows=3936501 width=4) (actual time=0.019..1560.531 rows=3929022 loops=1)
        Filter: (keyword_id > 432)
        Rows Removed by Filter: 594908
  ->  Hash  (cost=149020.47..149020.47 rows=464934 width=8) (actual time=3023.428..3023.428 rows=460185 loops=1)
        Buckets: 131072  Batches: 8  Memory Usage: 3286kB
        ->  Hash Join  (cost=102767.86..149020.47 rows=464934 width=8) (actual time=1638.217..2882.529 rows=460185 loops=1)
              Hash Cond: (mi_idx.movie_id = t.id)
              ->  Seq Scan on movie_info_idx mi_idx  (cost=0.00..25185.44 rows=464934 width=4) (actual time=0.013..469.245 rows=460185 loops=1)
                    Filter: (info_type_id > 100)
                    Rows Removed by Filter: 919850
              ->  Hash  (cost=61283.27..61283.27 rows=2528527 width=4) (actual time=1636.535..1636.535 rows=2528312 loops=1)
                    Buckets: 131072  Batches: 64  Memory Usage: 2415kB
                    ->  Seq Scan on title t  (cost=0.00..61283.27 rows=2528527 width=4) (actual time=0.015..788.936 rows=2528312 loops=1)
Planning time: 0.961 ms
Execution time: 7540.375 ms
