Hash Join  (cost=52284.92..79195.82 rows=42 width=0) (actual time=694.494..1183.353 rows=1227 loops=1)
  Hash Cond: (mi_idx.movie_id = t.id)
  ->  Seq Scan on movie_info_idx mi_idx  (cost=0.00..21735.35 rows=1380035 width=4) (actual time=0.017..231.709 rows=1380035 loops=1)
  ->  Hash  (cost=52283.95..52283.95 rows=77 width=8) (actual time=690.340..690.340 rows=504 loops=1)
        Buckets: 1024  Batches: 1  Memory Usage: 28kB
        ->  Nested Loop  (cost=0.43..52283.95 rows=77 width=8) (actual time=2.477..690.016 rows=504 loops=1)
              ->  Seq Scan on movie_companies mc  (cost=0.00..51404.11 rows=104 width=4) (actual time=0.087..652.757 rows=1923 loops=1)
                    Filter: (company_id = 1434)
                    Rows Removed by Filter: 2607206
              ->  Index Scan using title_pkey on title t  (cost=0.43..8.45 rows=1 width=4) (actual time=0.019..0.019 rows=0 loops=1923)
                    Index Cond: (id = mc.movie_id)
                    Filter: (kind_id > 1)
                    Rows Removed by Filter: 1
Planning time: 1.174 ms
Execution time: 1183.720 ms
