Seq Scan on title t  (cost=0.00..67604.59 rows=1433473 width=0) (actual time=0.013..1243.906 rows=1434466 loops=1)
  Filter: (production_year > 1999)
  Rows Removed by Filter: 1093846
Planning time: 0.333 ms
Execution time: 1431.606 ms
