Hash Join  (cost=215994.21..1414973.09 rows=16079072 width=0) (actual time=4739.027..46958.184 rows=47470011 loops=1)
  Hash Cond: (ci.movie_id = t.id)
  ->  Seq Scan on cast_info ci  (cost=0.00..614943.12 rows=36225612 width=4) (actual time=0.012..10415.836 rows=36244344 loops=1)
  ->  Hash  (cost=197580.33..197580.33 rows=1122310 width=8) (actual time=4737.885..4737.885 rows=1274246 loops=1)
        Buckets: 131072 (originally 131072)  Batches: 32 (originally 16)  Memory Usage: 3073kB
        ->  Hash Join  (cost=102767.86..197580.33 rows=1122310 width=8) (actual time=1657.472..4427.402 rows=1274246 loops=1)
              Hash Cond: (mc.movie_id = t.id)
              ->  Seq Scan on movie_companies mc  (cost=0.00..57926.93 rows=1122310 width=4) (actual time=0.027..1068.276 rows=1274246 loops=1)
                    Filter: ((company_id < 91411) AND (company_type_id < 2))
                    Rows Removed by Filter: 1334883
              ->  Hash  (cost=61283.27..61283.27 rows=2528527 width=4) (actual time=1655.940..1655.940 rows=2528312 loops=1)
                    Buckets: 131072  Batches: 64  Memory Usage: 2415kB
                    ->  Seq Scan on title t  (cost=0.00..61283.27 rows=2528527 width=4) (actual time=0.017..817.075 rows=2528312 loops=1)
Planning time: 1.097 ms
Execution time: 52367.504 ms
