Hash Join  (cost=83074.62..109986.12 rows=102 width=0) (actual time=1127.531..1622.020 rows=1942 loops=1)
  Hash Cond: (mi_idx.movie_id = t.id)
  ->  Seq Scan on movie_info_idx mi_idx  (cost=0.00..21735.35 rows=1380035 width=4) (actual time=0.022..232.998 rows=1380035 loops=1)
  ->  Hash  (cost=83072.29..83072.29 rows=187 width=8) (actual time=1127.199..1127.199 rows=1137 loops=1)
        Buckets: 2048 (originally 1024)  Batches: 1 (originally 1)  Memory Usage: 61kB
        ->  Nested Loop  (cost=0.43..83072.29 rows=187 width=8) (actual time=5.777..1126.334 rows=1137 loops=1)
              ->  Seq Scan on movie_keyword mk  (cost=0.00..81003.12 rows=246 width=4) (actual time=1.463..1098.085 rows=1222 loops=1)
                    Filter: (keyword_id = 3529)
                    Rows Removed by Filter: 4522708
              ->  Index Scan using title_pkey on title t  (cost=0.43..8.40 rows=1 width=4) (actual time=0.022..0.022 rows=1 loops=1222)
                    Index Cond: (id = mk.movie_id)
                    Filter: (production_year < 2010)
                    Rows Removed by Filter: 0
Planning time: 1.134 ms
Execution time: 1622.488 ms
