Hash Join  (cost=83810.17..198810.56 rows=761042 width=0) (actual time=1162.431..3934.960 rows=1657319 loops=1)
  Hash Cond: (mk.movie_id = t.id)
  ->  Seq Scan on movie_keyword mk  (cost=0.00..81003.12 rows=1948225 width=4) (actual time=0.023..1318.115 rows=1956888 loops=1)
        Filter: (keyword_id > 6538)
        Rows Removed by Filter: 2567042
  ->  Hash  (cost=67604.59..67604.59 rows=987727 width=4) (actual time=1161.317..1161.317 rows=985048 loops=1)
        Buckets: 131072  Batches: 16  Memory Usage: 3197kB
        ->  Seq Scan on title t  (cost=0.00..67604.59 rows=987727 width=4) (actual time=0.015..885.163 rows=985048 loops=1)
              Filter: (kind_id < 7)
              Rows Removed by Filter: 1543264
Planning time: 0.642 ms
Execution time: 4137.034 ms
