Hash Join  (cost=198183.05..1004642.42 rows=655497 width=0) (actual time=9829.229..18106.360 rows=1854711 loops=1)
  Hash Cond: (ci.movie_id = t.id)
  ->  Seq Scan on cast_info ci  (cost=0.00..705507.15 rows=7298253 width=4) (actual time=6373.930..11181.927 rows=7451973 loops=1)
        Filter: (role_id = 2)
        Rows Removed by Filter: 28792371
  ->  Hash  (cost=194456.28..194456.28 rows=227101 width=8) (actual time=3454.157..3454.157 rows=202128 loops=1)
        Buckets: 131072  Batches: 4  Memory Usage: 2980kB
        ->  Hash Join  (cost=69687.24..194456.28 rows=227101 width=8) (actual time=846.442..3389.293 rows=202128 loops=1)
              Hash Cond: (mk.movie_id = t.id)
              ->  Seq Scan on movie_keyword mk  (cost=0.00..69693.30 rows=4523930 width=4) (actual time=0.044..1132.052 rows=4523930 loops=1)
              ->  Hash  (cost=67604.59..67604.59 rows=126932 width=4) (actual time=845.423..845.423 rows=122861 loops=1)
                    Buckets: 131072  Batches: 2  Memory Usage: 3197kB
                    ->  Seq Scan on title t  (cost=0.00..67604.59 rows=126932 width=4) (actual time=0.034..800.139 rows=122861 loops=1)
                          Filter: (production_year = 2008)
                          Rows Removed by Filter: 2405451
Planning time: 1.086 ms
Execution time: 18307.876 ms
