Seq Scan on cast_info ci  (cost=0.00..705507.15 rows=9827145 width=0) (actual time=0.341..9696.414 rows=9627956 loops=1)
  Filter: (person_id < 946780)
  Rows Removed by Filter: 26616388
Planning time: 0.321 ms
Execution time: 10901.763 ms
