Nested Loop  (cost=0.43..83071.67 rows=246 width=0) (actual time=50.571..717.876 rows=41 loops=1)
  ->  Seq Scan on movie_keyword mk  (cost=0.00..81003.12 rows=246 width=4) (actual time=50.465..716.522 rows=41 loops=1)
        Filter: (keyword_id = 71833)
        Rows Removed by Filter: 4523889
  ->  Index Only Scan using title_pkey on title t  (cost=0.43..8.40 rows=1 width=4) (actual time=0.028..0.029 rows=1 loops=41)
        Index Cond: (id = mk.movie_id)
        Heap Fetches: 41
Planning time: 0.696 ms
Execution time: 717.970 ms
