Hash Join  (cost=188751.28..569413.51 rows=707810 width=0) (actual time=5176.681..11681.208 rows=3185532 loops=1)
  Hash Cond: (mi.movie_id = t.id)
  ->  Seq Scan on movie_info mi  (cost=0.00..346232.03 rows=2073893 width=4) (actual time=802.252..4426.668 rows=2091068 loops=1)
        Filter: (info_type_id < 3)
        Rows Removed by Filter: 12744652
  ->  Hash  (cost=174593.11..174593.11 rows=862974 width=8) (actual time=4373.537..4373.537 rows=1691528 loops=1)
        Buckets: 131072 (originally 131072)  Batches: 32 (originally 16)  Memory Usage: 3155kB
        ->  Hash Join  (cost=87646.84..174593.11 rows=862974 width=8) (actual time=1305.529..3870.413 rows=1691528 loops=1)
              Hash Cond: (mc.movie_id = t.id)
              ->  Seq Scan on movie_companies mc  (cost=0.00..44881.29 rows=2609129 width=4) (actual time=0.025..707.816 rows=2609129 loops=1)
              ->  Hash  (cost=73925.90..73925.90 rows=836315 width=4) (actual time=1304.670..1304.670 rows=847424 loops=1)
                    Buckets: 131072  Batches: 16  Memory Usage: 2882kB
                    ->  Seq Scan on title t  (cost=0.00..73925.90 rows=836315 width=4) (actual time=0.039..1039.311 rows=847424 loops=1)
                          Filter: ((kind_id < 4) AND (production_year > 0))
                          Rows Removed by Filter: 1680888
Planning time: 1.130 ms
Execution time: 12039.917 ms
