Seq Scan on movie_companies mc  (cost=0.00..57926.93 rows=1092050 width=0) (actual time=424.512..882.725 rows=863873 loops=1)
  Filter: ((company_id < 75976) AND (company_type_id = 2))
  Rows Removed by Filter: 1745256
Planning time: 0.367 ms
Execution time: 982.068 ms
