Seq Scan on movie_keyword mk  (cost=0.00..81003.12 rows=3558713 width=0) (actual time=0.021..1327.134 rows=3550961 loops=1)
  Filter: (keyword_id < 19357)
  Rows Removed by Filter: 972969
Planning time: 0.311 ms
Execution time: 1778.340 ms
