Hash Join  (cost=83073.41..109984.38 rows=49 width=0) (actual time=1143.641..1585.312 rows=4001 loops=1)
  Hash Cond: (mi_idx.movie_id = t.id)
  ->  Seq Scan on movie_info_idx mi_idx  (cost=0.00..21735.35 rows=1380035 width=4) (actual time=0.025..221.317 rows=1380035 loops=1)
  ->  Hash  (cost=83072.29..83072.29 rows=90 width=8) (actual time=1140.962..1140.962 rows=1671 loops=1)
        Buckets: 2048 (originally 1024)  Batches: 1 (originally 1)  Memory Usage: 82kB
        ->  Nested Loop  (cost=0.43..83072.29 rows=90 width=8) (actual time=0.086..1139.748 rows=1671 loops=1)
              ->  Seq Scan on movie_keyword mk  (cost=0.00..81003.12 rows=246 width=4) (actual time=0.025..1069.907 rows=4000 loops=1)
                    Filter: (keyword_id = 917)
                    Rows Removed by Filter: 4519930
              ->  Index Scan using title_pkey on title t  (cost=0.43..8.40 rows=1 width=4) (actual time=0.017..0.017 rows=0 loops=4000)
                    Index Cond: (id = mk.movie_id)
                    Filter: (production_year < 1998)
                    Rows Removed by Filter: 1
Planning time: 1.119 ms
Execution time: 1585.993 ms
