Seq Scan on movie_companies mc  (cost=0.00..51404.11 rows=34497 width=0) (actual time=334.544..697.625 rows=33381 loops=1)
  Filter: (company_id > 204903)
  Rows Removed by Filter: 2575748
Planning time: 0.461 ms
Execution time: 702.247 ms
