Hash Join  (cost=851437.52..1290899.28 rows=2144816 width=0) (actual time=12649.060..22666.246 rows=3753873 loops=1)
  Hash Cond: (mi.movie_id = t.id)
  ->  Seq Scan on movie_info mi  (cost=0.00..346232.03 rows=5897221 width=4) (actual time=133.156..4809.240 rows=5884963 loops=1)
        Filter: (info_type_id < 7)
        Rows Removed by Filter: 8950757
  ->  Hash  (cost=836349.22..836349.22 rows=919624 width=8) (actual time=12513.882..12513.882 rows=1272577 loops=1)
        Buckets: 131072 (originally 131072)  Batches: 32 (originally 16)  Memory Usage: 4046kB
        ->  Hash Join  (cost=78473.92..836349.22 rows=919624 width=8) (actual time=2163.838..12087.182 rows=1272577 loops=1)
              Hash Cond: (ci.movie_id = t.id)
              ->  Seq Scan on cast_info ci  (cost=0.00..705507.15 rows=3509840 width=4) (actual time=1019.663..7950.285 rows=3505907 loops=1)
                    Filter: (person_id > 3423189)
                    Rows Removed by Filter: 32738437
              ->  Hash  (cost=67604.59..67604.59 rows=662507 width=4) (actual time=1143.045..1143.045 rows=662065 loops=1)
                    Buckets: 131072  Batches: 16  Memory Usage: 2481kB
                    ->  Seq Scan on title t  (cost=0.00..67604.59 rows=662507 width=4) (actual time=0.028..938.730 rows=662065 loops=1)
                          Filter: (production_year > 2008)
                          Rows Removed by Filter: 1866247
Planning time: 1.069 ms
Execution time: 23120.993 ms
