Hash Join  (cost=190230.21..345520.31 rows=2209256 width=0) (actual time=3834.168..8983.093 rows=9314591 loops=1)
  Hash Cond: (mk.movie_id = t.id)
  ->  Seq Scan on movie_keyword mk  (cost=0.00..81003.12 rows=4047842 width=4) (actual time=0.026..1463.564 rows=4050862 loops=1)
        Filter: (keyword_id < 37694)
        Rows Removed by Filter: 473068
  ->  Hash  (cost=167588.78..167588.78 rows=1380035 width=8) (actual time=3832.617..3832.617 rows=1380035 loops=1)
        Buckets: 131072  Batches: 32  Memory Usage: 2726kB
        ->  Hash Join  (cost=102767.86..167588.78 rows=1380035 width=8) (actual time=1740.775..3488.656 rows=1380035 loops=1)
              Hash Cond: (mi_idx.movie_id = t.id)
              ->  Seq Scan on movie_info_idx mi_idx  (cost=0.00..21735.35 rows=1380035 width=4) (actual time=0.018..388.373 rows=1380035 loops=1)
              ->  Hash  (cost=61283.27..61283.27 rows=2528527 width=4) (actual time=1738.619..1738.619 rows=2528312 loops=1)
                    Buckets: 131072  Batches: 64  Memory Usage: 2415kB
                    ->  Seq Scan on title t  (cost=0.00..61283.27 rows=2528527 width=4) (actual time=0.021..892.695 rows=2528312 loops=1)
Planning time: 1.015 ms
Execution time: 9895.970 ms
