Seq Scan on title t  (cost=0.00..73925.90 rows=5769 width=0) (actual time=0.032..693.721 rows=7749 loops=1)
  Filter: ((kind_id = 4) AND (production_year = 2009))
  Rows Removed by Filter: 2520563
Planning time: 0.383 ms
Execution time: 695.145 ms
