Hash Join  (cost=80042.24..157017.95 rows=331201 width=0) (actual time=887.912..3046.489 rows=708400 loops=1)
  Hash Cond: (mc.movie_id = t.id)
  ->  Seq Scan on movie_companies mc  (cost=0.00..57926.93 rows=1104739 width=4) (actual time=0.030..1091.515 rows=1001060 loops=1)
        Filter: ((company_id > 166) AND (company_type_id < 2))
        Rows Removed by Filter: 1608069
  ->  Hash  (cost=67604.59..67604.59 rows=758052 width=4) (actual time=887.091..887.091 rows=753677 loops=1)
        Buckets: 131072  Batches: 16  Memory Usage: 2677kB
        ->  Seq Scan on title t  (cost=0.00..67604.59 rows=758052 width=4) (actual time=0.022..686.310 rows=753677 loops=1)
              Filter: (kind_id < 3)
              Rows Removed by Filter: 1774635
Planning time: 0.695 ms
Execution time: 3140.934 ms
