Hash Join  (cost=422304.63..1188373.27 rows=40949 width=0) (actual time=4808.272..19087.149 rows=87209 loops=1)
  Hash Cond: (ci.movie_id = t.id)
  ->  Seq Scan on cast_info ci  (cost=0.00..705507.15 rows=16040533 width=4) (actual time=0.016..11385.555 rows=16176932 loops=1)
        Filter: (person_id > 2015147)
        Rows Removed by Filter: 20067412
  ->  Hash  (cost=422223.94..422223.94 rows=6455 width=8) (actual time=4803.691..4803.691 rows=6197 loops=1)
        Buckets: 8192  Batches: 1  Memory Usage: 307kB
        ->  Hash Join  (cost=67697.55..422223.94 rows=6455 width=8) (actual time=468.872..4801.209 rows=6197 loops=1)
              Hash Cond: (mi.movie_id = t.id)
              ->  Seq Scan on movie_info mi  (cost=0.00..346232.03 rows=2194617 width=4) (actual time=0.016..4004.410 rows=2233850 loops=1)
                    Filter: (info_type_id > 16)
                    Rows Removed by Filter: 12601870
              ->  Hash  (cost=67604.59..67604.59 rows=7437 width=4) (actual time=468.542..468.542 rows=2206 loops=1)
                    Buckets: 8192  Batches: 1  Memory Usage: 142kB
                    ->  Seq Scan on title t  (cost=0.00..67604.59 rows=7437 width=4) (actual time=0.132..467.720 rows=2206 loops=1)
                          Filter: (production_year = 1941)
                          Rows Removed by Filter: 2526106
Planning time: 1.269 ms
Execution time: 19099.044 ms
