Seq Scan on movie_companies mc  (cost=0.00..57926.93 rows=51 width=0) (actual time=0.032..844.419 rows=1918 loops=1)
  Filter: ((company_type_id < 2) AND (company_id = 425))
  Rows Removed by Filter: 2607211
Planning time: 0.332 ms
Execution time: 844.907 ms
