Seq Scan on cast_info ci  (cost=0.00..705507.15 rows=10661457 width=0) (actual time=3451.135..9541.543 rows=10663193 loops=1)
  Filter: (person_id > 2641486)
  Rows Removed by Filter: 25581151
Planning time: 0.312 ms
Execution time: 10792.750 ms
