Seq Scan on movie_keyword mk  (cost=0.00..81003.12 rows=2135860 width=0) (actual time=0.018..1293.130 rows=2141270 loops=1)
  Filter: (keyword_id < 3994)
  Rows Removed by Filter: 2382660
Planning time: 0.227 ms
Execution time: 1565.454 ms
