Hash Join  (cost=164694.83..262269.34 rows=169506 width=0) (actual time=3205.599..5871.246 rows=1569433 loops=1)
  Hash Cond: (mk.movie_id = t.id)
  ->  Seq Scan on movie_keyword mk  (cost=0.00..81003.12 rows=1161952 width=4) (actual time=0.024..1278.867 rows=1178134 loops=1)
        Filter: (keyword_id > 15851)
        Rows Removed by Filter: 3345796
  ->  Hash  (cost=158643.04..158643.04 rows=368863 width=8) (actual time=3204.700..3204.700 rows=731413 loops=1)
        Buckets: 131072 (originally 131072)  Batches: 16 (originally 8)  Memory Usage: 3073kB
        ->  Hash Join  (cost=85435.26..158643.04 rows=368863 width=8) (actual time=1250.035..3004.774 rows=731413 loops=1)
              Hash Cond: (mc.movie_id = t.id)
              ->  Seq Scan on movie_companies mc  (cost=0.00..51404.11 rows=1329612 width=4) (actual time=0.029..843.405 rows=1334883 loops=1)
                    Filter: (company_type_id = 2)
                    Rows Removed by Filter: 1274246
              ->  Hash  (cost=73925.90..73925.90 rows=701468 width=4) (actual time=1249.036..1249.036 rows=749931 loops=1)
                    Buckets: 131072  Batches: 16  Memory Usage: 2673kB
                    ->  Seq Scan on title t  (cost=0.00..73925.90 rows=701468 width=4) (actual time=0.030..1008.861 rows=749931 loops=1)
                          Filter: ((kind_id < 7) AND (production_year < 2009))
                          Rows Removed by Filter: 1778381
Planning time: 1.117 ms
Execution time: 6036.663 ms
