Seq Scan on cast_info ci  (cost=0.00..796071.18 rows=901687 width=0) (actual time=206.297..11227.189 rows=558237 loops=1)
  Filter: ((person_id < 192183) AND (role_id > 2))
  Rows Removed by Filter: 35686107
Planning time: 0.353 ms
Execution time: 11298.263 ms
