Hash Join  (cost=102767.86..275970.85 rows=3421161 width=0) (actual time=1639.524..5901.364 rows=3411549 loops=1)
  Hash Cond: (mk.movie_id = t.id)
  ->  Seq Scan on movie_keyword mk  (cost=0.00..81003.12 rows=3421161 width=4) (actual time=0.031..1465.871 rows=3411549 loops=1)
        Filter: (keyword_id > 1141)
        Rows Removed by Filter: 1112381
  ->  Hash  (cost=61283.27..61283.27 rows=2528527 width=4) (actual time=1637.871..1637.871 rows=2528312 loops=1)
        Buckets: 131072  Batches: 64  Memory Usage: 2425kB
        ->  Seq Scan on title t  (cost=0.00..61283.27 rows=2528527 width=4) (actual time=0.014..767.379 rows=2528312 loops=1)
Planning time: 0.639 ms
Execution time: 6290.107 ms
