Hash Join  (cost=88123.34..237409.99 rows=1482239 width=0) (actual time=1254.876..5713.865 rows=3004954 loops=1)
  Hash Cond: (mk.movie_id = t.id)
  ->  Seq Scan on movie_keyword mk  (cost=0.00..81003.12 rows=4331234 width=4) (actual time=0.024..1529.335 rows=4327876 loops=1)
        Filter: (keyword_id < 69631)
        Rows Removed by Filter: 196054
  ->  Hash  (cost=73925.90..73925.90 rows=865315 width=4) (actual time=1254.044..1254.044 rows=778683 loops=1)
        Buckets: 131072  Batches: 16  Memory Usage: 2747kB
        ->  Seq Scan on title t  (cost=0.00..73925.90 rows=865315 width=4) (actual time=0.031..999.564 rows=778683 loops=1)
              Filter: ((kind_id < 7) AND (production_year > 1960))
              Rows Removed by Filter: 1749629
Planning time: 0.681 ms
Execution time: 6063.488 ms
