Hash Join  (cost=92883.59..1034518.08 rows=4497623 width=0) (actual time=1323.069..20982.859 rows=6812547 loops=1)
  Hash Cond: (ci.movie_id = t.id)
  ->  Seq Scan on cast_info ci  (cost=0.00..796071.18 rows=7380816 width=4) (actual time=0.026..11611.818 rows=11367402 loops=1)
        Filter: ((person_id > 2562549) AND (role_id > 1))
        Rows Removed by Filter: 24876942
  ->  Hash  (cost=67604.59..67604.59 rows=1540800 width=4) (actual time=1321.498..1321.498 rows=1543264 loops=1)
        Buckets: 131072  Batches: 32  Memory Usage: 2722kB
        ->  Seq Scan on title t  (cost=0.00..67604.59 rows=1540800 width=4) (actual time=0.024..830.880 rows=1543264 loops=1)
              Filter: (kind_id = 7)
              Rows Removed by Filter: 985048
Planning time: 0.727 ms
Execution time: 21820.636 ms
