Hash Join  (cost=709674.47..763791.06 rows=30 width=0) (actual time=9105.974..9272.195 rows=1 loops=1)
  Hash Cond: (mc.movie_id = t.id)
  ->  Seq Scan on movie_companies mc  (cost=0.00..51404.11 rows=723246 width=4) (actual time=122.410..751.616 rows=727048 loops=1)
        Filter: (company_id > 41051)
        Rows Removed by Filter: 1882081
  ->  Hash  (cost=709673.15..709673.15 rows=106 width=8) (actual time=8417.621..8417.621 rows=23 loops=1)
        Buckets: 1024  Batches: 1  Memory Usage: 9kB
        ->  Nested Loop  (cost=0.43..709673.15 rows=106 width=8) (actual time=3991.685..8417.571 rows=23 loops=1)
              ->  Seq Scan on cast_info ci  (cost=0.00..705507.15 rows=500 width=4) (actual time=3991.369..8416.645 rows=43 loops=1)
                    Filter: (person_id = 283564)
                    Rows Removed by Filter: 36244301
              ->  Index Scan using title_pkey on title t  (cost=0.43..8.32 rows=1 width=4) (actual time=0.019..0.019 rows=1 loops=43)
                    Index Cond: (id = ci.movie_id)
                    Filter: (production_year > 2009)
                    Rows Removed by Filter: 0
Planning time: 1.151 ms
Execution time: 9272.337 ms
