Seq Scan on cast_info ci  (cost=0.00..796071.18 rows=20056518 width=0) (actual time=0.028..13404.853 rows=18190877 loops=1)
  Filter: ((person_id < 3119928) AND (role_id > 1))
  Rows Removed by Filter: 18053467
Planning time: 0.325 ms
Execution time: 15565.825 ms
