Hash Join  (cost=228848.61..1402437.53 rows=13607479 width=0) (actual time=5684.311..64228.260 rows=133503534 loops=1)
  Hash Cond: (ci.movie_id = t.id)
  ->  Seq Scan on cast_info ci  (cost=0.00..614943.12 rows=36225612 width=4) (actual time=0.022..10552.003 rows=36244344 loops=1)
  ->  Hash  (cost=213265.19..213265.19 rows=949794 width=8) (actual time=5682.914..5682.914 rows=2280739 loops=1)
        Buckets: 131072 (originally 131072)  Batches: 32 (originally 16)  Memory Usage: 3799kB
        ->  Hash Join  (cost=78556.72..213265.19 rows=949794 width=8) (actual time=1111.880..4961.483 rows=2280739 loops=1)
              Hash Cond: (mk.movie_id = t.id)
              ->  Seq Scan on movie_keyword mk  (cost=0.00..81003.12 rows=3597706 width=4) (actual time=0.025..1481.062 rows=3592536 loops=1)
                    Filter: (keyword_id < 20320)
                    Rows Removed by Filter: 931394
              ->  Hash  (cost=67604.59..67604.59 rows=667531 width=4) (actual time=1110.782..1110.782 rows=662825 loops=1)
                    Buckets: 131072  Batches: 16  Memory Usage: 2486kB
                    ->  Seq Scan on title t  (cost=0.00..67604.59 rows=667531 width=4) (actual time=0.017..900.700 rows=662825 loops=1)
                          Filter: (kind_id = 1)
                          Rows Removed by Filter: 1865487
Planning time: 1.122 ms
Execution time: 77902.190 ms
