Hash Join  (cost=144100.52..641370.49 rows=1636704 width=0) (actual time=2846.122..13739.834 rows=2217602 loops=1)
  Hash Cond: (mi.movie_id = t.id)
  ->  Seq Scan on movie_info mi  (cost=0.00..309384.22 rows=14739122 width=4) (actual time=0.014..4205.261 rows=14835720 loops=1)
  ->  Hash  (cost=139493.77..139493.77 rows=280780 width=8) (actual time=2845.169..2845.169 rows=233341 loops=1)
        Buckets: 131072  Batches: 4  Memory Usage: 3308kB
        ->  Hash Join  (cost=99574.92..139493.77 rows=280780 width=8) (actual time=1733.022..2765.647 rows=233341 loops=1)
              Hash Cond: (mi_idx.movie_id = t.id)
              ->  Seq Scan on movie_info_idx mi_idx  (cost=0.00..25185.44 rows=454124 width=4) (actual time=0.011..414.298 rows=459925 loops=1)
                    Filter: (info_type_id = 100)
                    Rows Removed by Filter: 920110
              ->  Hash  (cost=73925.90..73925.90 rows=1563361 width=4) (actual time=1732.059..1732.059 rows=1679658 loops=1)
                    Buckets: 131072  Batches: 32  Memory Usage: 2875kB
                    ->  Seq Scan on title t  (cost=0.00..73925.90 rows=1563361 width=4) (actual time=0.018..1195.340 rows=1679658 loops=1)
                          Filter: ((kind_id > 1) AND (production_year > 1967))
                          Rows Removed by Filter: 848654
Planning time: 1.102 ms
Execution time: 14023.624 ms
