Hash Join  (cost=101562.22..194251.50 rows=9694 width=0) (actual time=1315.198..3133.996 rows=27211 loops=1)
  Hash Cond: (mk.movie_id = t.id)
  ->  Seq Scan on movie_keyword mk  (cost=0.00..81003.12 rows=3090458 width=4) (actual time=0.026..1334.621 rows=3076144 loops=1)
        Filter: (keyword_id < 11540)
        Rows Removed by Filter: 1447786
  ->  Hash  (cost=101463.08..101463.08 rows=7931 width=8) (actual time=1313.965..1313.965 rows=7463 loops=1)
        Buckets: 8192  Batches: 1  Memory Usage: 356kB
        ->  Hash Join  (cost=74469.67..101463.08 rows=7931 width=8) (actual time=865.509..1310.946 rows=7463 loops=1)
              Hash Cond: (mi_idx.movie_id = t.id)
              ->  Seq Scan on movie_info_idx mi_idx  (cost=0.00..25185.44 rows=460978 width=4) (actual time=0.018..335.523 rows=459925 loops=1)
                    Filter: (info_type_id = 99)
                    Rows Removed by Filter: 920110
              ->  Hash  (cost=73925.90..73925.90 rows=43501 width=4) (actual time=865.130..865.130 rows=39560 loops=1)
                    Buckets: 65536  Batches: 1  Memory Usage: 1903kB
                    ->  Seq Scan on title t  (cost=0.00..73925.90 rows=43501 width=4) (actual time=380.006..850.357 rows=39560 loops=1)
                          Filter: ((kind_id = 1) AND (production_year = 2012))
                          Rows Removed by Filter: 2488752
Planning time: 1.140 ms
Execution time: 3137.810 ms
