Nested Loop  (cost=0.43..83072.29 rows=65 width=106) (actual time=0.294..1547.535 rows=280 loops=1)
  ->  Seq Scan on movie_keyword mk  (cost=0.00..81003.12 rows=246 width=12) (actual time=0.244..1524.656 rows=405 loops=1)
        Filter: (keyword_id = 3175)
        Rows Removed by Filter: 4523525
  ->  Index Scan using title_pkey on title t  (cost=0.43..8.40 rows=1 width=94) (actual time=0.053..0.053 rows=1 loops=405)
        Index Cond: (id = mk.movie_id)
        Filter: (kind_id = 1)
        Rows Removed by Filter: 0
Planning time: 0.915 ms
Execution time: 1547.649 ms
