Seq Scan on cast_info ci  (cost=0.00..796071.18 rows=10114034 width=0) (actual time=633.807..16693.707 rows=12670688 loops=1)
  Filter: ((person_id < 2922916) AND (role_id < 2))
  Rows Removed by Filter: 23573656
Planning time: 0.419 ms
Execution time: 18254.648 ms
