Seq Scan on cast_info ci  (cost=0.00..796071.18 rows=276 width=0) (actual time=9906.891..11102.866 rows=29 loops=1)
  Filter: ((role_id < 3) AND (person_id = 2365828))
  Rows Removed by Filter: 36244315
Planning time: 0.352 ms
Execution time: 11102.954 ms
