Hash Join  (cost=102767.86..203860.20 rows=1654414 width=0) (actual time=1669.305..4229.258 rows=1645487 loops=1)
  Hash Cond: (mc.movie_id = t.id)
  ->  Seq Scan on movie_companies mc  (cost=0.00..51404.11 rows=1654414 width=4) (actual time=0.013..875.344 rows=1645487 loops=1)
        Filter: (company_id < 17975)
        Rows Removed by Filter: 963642
  ->  Hash  (cost=61283.27..61283.27 rows=2528527 width=4) (actual time=1667.796..1667.796 rows=2528312 loops=1)
        Buckets: 131072  Batches: 64  Memory Usage: 2415kB
        ->  Seq Scan on title t  (cost=0.00..61283.27 rows=2528527 width=4) (actual time=0.022..824.932 rows=2528312 loops=1)
Planning time: 0.672 ms
Execution time: 4424.751 ms
