Nested Loop  (cost=0.43..165240.71 rows=5419 width=0) (actual time=0.780..1269.954 rows=12747 loops=1)
  ->  Seq Scan on movie_keyword mk  (cost=0.00..81003.12 rows=13873 width=4) (actual time=0.366..1053.915 rows=14364 loops=1)
        Filter: (keyword_id = 1)
        Rows Removed by Filter: 4509566
  ->  Index Scan using title_pkey on title t  (cost=0.43..6.06 rows=1 width=4) (actual time=0.014..0.014 rows=1 loops=14364)
        Index Cond: (id = mk.movie_id)
        Filter: (kind_id < 7)
        Rows Removed by Filter: 0
Planning time: 0.673 ms
Execution time: 1273.022 ms
