Hash Join  (cost=102767.86..1299624.31 rows=16245494 width=0) (actual time=2348.913..26155.483 rows=12400516 loops=1)
  Hash Cond: (ci.movie_id = t.id)
  ->  Seq Scan on cast_info ci  (cost=0.00..796071.18 rows=16245494 width=4) (actual time=0.021..13745.174 rows=12400516 loops=1)
        Filter: ((person_id < 2584573) AND (role_id > 1))
        Rows Removed by Filter: 23843828
  ->  Hash  (cost=61283.27..61283.27 rows=2528527 width=4) (actual time=2347.031..2347.031 rows=2528312 loops=1)
        Buckets: 131072  Batches: 64  Memory Usage: 2415kB
        ->  Seq Scan on title t  (cost=0.00..61283.27 rows=2528527 width=4) (actual time=0.018..831.456 rows=2528312 loops=1)
Planning time: 0.696 ms
Execution time: 27577.659 ms
