Hash Join  (cost=894614.12..1020848.02 rows=347286 width=0) (actual time=11140.415..15711.263 rows=5242533 loops=1)
  Hash Cond: (mk.movie_id = t.id)
  ->  Seq Scan on movie_keyword mk  (cost=0.00..69693.30 rows=4523930 width=4) (actual time=0.024..1193.498 rows=4523930 loops=1)
  ->  Hash  (cost=891428.79..891428.79 rows=194106 width=8) (actual time=11139.575..11139.575 rows=409389 loops=1)
        Buckets: 131072 (originally 131072)  Batches: 8 (originally 4)  Memory Usage: 3073kB
        ->  Hash Join  (cost=83810.17..891428.79 rows=194106 width=8) (actual time=1292.170..11002.202 rows=409389 loops=1)
              Hash Cond: (ci.movie_id = t.id)
              ->  Seq Scan on cast_info ci  (cost=0.00..796071.18 rows=496901 width=4) (actual time=102.155..9050.708 rows=962523 loops=1)
                    Filter: ((person_id < 133690) AND (role_id < 2))
                    Rows Removed by Filter: 35281821
              ->  Hash  (cost=67604.59..67604.59 rows=987727 width=4) (actual time=1189.193..1189.193 rows=985048 loops=1)
                    Buckets: 131072  Batches: 16  Memory Usage: 3188kB
                    ->  Seq Scan on title t  (cost=0.00..67604.59 rows=987727 width=4) (actual time=0.032..898.715 rows=985048 loops=1)
                          Filter: (kind_id < 7)
                          Rows Removed by Filter: 1543264
Planning time: 1.110 ms
Execution time: 16351.391 ms
