Seq Scan on cast_info ci  (cost=0.00..705507.15 rows=32990718 width=0) (actual time=0.021..11612.654 rows=32974989 loops=1)
  Filter: (person_id < 3460025)
  Rows Removed by Filter: 3269355
Planning time: 0.292 ms
Execution time: 15769.999 ms
