Hash Join  (cost=58375.85..85286.62 rows=29 width=0) (actual time=709.530..1128.994 rows=204 loops=1)
  Hash Cond: (mi_idx.movie_id = t.id)
  ->  Seq Scan on movie_info_idx mi_idx  (cost=0.00..21735.35 rows=1380035 width=4) (actual time=0.023..224.380 rows=1380035 loops=1)
  ->  Hash  (cost=58375.18..58375.18 rows=53 width=8) (actual time=682.695..682.695 rows=93 loops=1)
        Buckets: 1024  Batches: 1  Memory Usage: 12kB
        ->  Nested Loop  (cost=0.43..58375.18 rows=53 width=8) (actual time=36.628..682.610 rows=93 loops=1)
              ->  Seq Scan on movie_companies mc  (cost=0.00..57926.93 rows=53 width=4) (actual time=36.549..679.280 rows=93 loops=1)
                    Filter: ((company_id = 66583) AND (company_type_id = 2))
                    Rows Removed by Filter: 2609036
              ->  Index Only Scan using title_pkey on title t  (cost=0.43..8.45 rows=1 width=4) (actual time=0.034..0.034 rows=1 loops=93)
                    Index Cond: (id = mc.movie_id)
                    Heap Fetches: 93
Planning time: 1.129 ms
Execution time: 1129.142 ms
