Hash Join  (cost=101232.22..185066.79 rows=2580 width=0) (actual time=1435.672..2700.957 rows=29384 loops=1)
  Hash Cond: (mk.movie_id = t.id)
  ->  Seq Scan on movie_keyword mk  (cost=0.00..81003.12 rows=748172 width=4) (actual time=0.018..1113.896 rows=756048 loops=1)
        Filter: (keyword_id < 689)
        Rows Removed by Filter: 3767882
  ->  Hash  (cost=101123.24..101123.24 rows=8718 width=8) (actual time=1435.187..1435.187 rows=15712 loops=1)
        Buckets: 16384  Batches: 1  Memory Usage: 742kB
        ->  Hash Join  (cost=74125.58..101123.24 rows=8718 width=8) (actual time=864.701..1429.431 rows=15712 loops=1)
              Hash Cond: (mi_idx.movie_id = t.id)
              ->  Seq Scan on movie_info_idx mi_idx  (cost=0.00..21735.35 rows=1380035 width=4) (actual time=0.014..245.334 rows=1380035 loops=1)
              ->  Hash  (cost=73925.90..73925.90 rows=15974 width=4) (actual time=864.591..864.591 rows=11388 loops=1)
                    Buckets: 16384  Batches: 1  Memory Usage: 529kB
                    ->  Seq Scan on title t  (cost=0.00..73925.90 rows=15974 width=4) (actual time=0.032..859.593 rows=11388 loops=1)
                          Filter: ((kind_id < 4) AND (production_year = 1998))
                          Rows Removed by Filter: 2516924
Planning time: 1.138 ms
Execution time: 2705.232 ms
