Hash Join  (cost=74809.10..162120.08 rows=43744 width=0) (actual time=1025.422..2459.690 rows=32430 loops=1)
  Hash Cond: (mk.movie_id = t.id)
  ->  Seq Scan on movie_keyword mk  (cost=0.00..81003.12 rows=1565443 width=4) (actual time=0.026..1150.539 rows=1580422 loops=1)
        Filter: (keyword_id > 9849)
        Rows Removed by Filter: 2943508
  ->  Hash  (cost=73925.90..73925.90 rows=70656 width=4) (actual time=1024.625..1024.625 rows=79548 loops=1)
        Buckets: 131072  Batches: 1  Memory Usage: 3821kB
        ->  Seq Scan on title t  (cost=0.00..73925.90 rows=70656 width=4) (actual time=0.031..992.972 rows=79548 loops=1)
              Filter: ((kind_id > 1) AND (production_year = 2005))
              Rows Removed by Filter: 2448764
Planning time: 0.745 ms
Execution time: 2464.389 ms
