Hash Join  (cost=1020712.10..1766538.77 rows=18024614 width=0) (actual time=21632.205..53276.787 rows=70023962 loops=1)
  Hash Cond: (mi.movie_id = t.id)
  ->  Seq Scan on movie_info mi  (cost=0.00..309384.22 rows=14739122 width=4) (actual time=0.019..4764.272 rows=14835720 loops=1)
  ->  Hash  (cost=969981.10..969981.10 rows=3092160 width=8) (actual time=21629.228..21629.228 rows=2749250 loops=1)
        Buckets: 131072  Batches: 64  Memory Usage: 2839kB
        ->  Hash Join  (cost=84005.63..969981.10 rows=3092160 width=8) (actual time=2414.448..20771.097 rows=2749250 loops=1)
              Hash Cond: (ci.movie_id = t.id)
              ->  Seq Scan on cast_info ci  (cost=0.00..705507.15 rows=12726058 width=4) (actual time=1217.129..12233.208 rows=12670688 loops=1)
                    Filter: (role_id = 1)
                    Rows Removed by Filter: 23573656
              ->  Hash  (cost=73925.90..73925.90 rows=614378 width=4) (actual time=1196.323..1196.323 rows=520376 loops=1)
                    Buckets: 131072  Batches: 16  Memory Usage: 2162kB
                    ->  Seq Scan on title t  (cost=0.00..73925.90 rows=614378 width=4) (actual time=0.032..1032.630 rows=520376 loops=1)
                          Filter: ((kind_id < 7) AND (production_year > 1996))
                          Rows Removed by Filter: 2007936
Planning time: 1.137 ms
Execution time: 60877.748 ms
