Seq Scan on cast_info ci  (cost=0.00..705507.15 rows=500 width=0) (actual time=2701.040..8066.747 rows=118 loops=1)
  Filter: (person_id = 2436729)
  Rows Removed by Filter: 36244226
Planning time: 0.323 ms
Execution time: 8066.842 ms
