Nested Loop  (cost=0.43..58358.27 rows=51 width=0) (actual time=202.391..774.147 rows=247 loops=1)
  ->  Seq Scan on movie_companies mc  (cost=0.00..57926.93 rows=51 width=4) (actual time=202.311..767.474 rows=247 loops=1)
        Filter: ((company_type_id < 2) AND (company_id = 187))
        Rows Removed by Filter: 2608882
  ->  Index Only Scan using title_pkey on title t  (cost=0.43..8.45 rows=1 width=4) (actual time=0.024..0.025 rows=1 loops=247)
        Index Cond: (id = mc.movie_id)
        Heap Fetches: 247
Planning time: 0.724 ms
Execution time: 774.315 ms
