Seq Scan on movie_keyword mk  (cost=0.00..81003.12 rows=1075209 width=0) (actual time=0.016..1175.619 rows=1085383 loops=1)
  Filter: (keyword_id > 16295)
  Rows Removed by Filter: 3438547
Planning time: 0.302 ms
Execution time: 1313.387 ms
