Seq Scan on movie_keyword mk  (cost=0.00..81003.12 rows=1259217 width=0) (actual time=0.027..1114.184 rows=1269184 loops=1)
  Filter: (keyword_id > 14039)
  Rows Removed by Filter: 3254746
Planning time: 0.298 ms
Execution time: 1263.781 ms
