Hash Join  (cost=283622.62..920134.07 rows=12959662 width=0) (actual time=5460.311..45925.463 rows=121810731 loops=1)
  Hash Cond: (mi.movie_id = t.id)
  ->  Seq Scan on movie_info mi  (cost=0.00..309384.22 rows=14739122 width=4) (actual time=0.023..4590.065 rows=14835720 loops=1)
  ->  Hash  (cost=247146.91..247146.91 rows=2223257 width=8) (actual time=5459.011..5459.011 rows=2216871 loops=1)
        Buckets: 131072  Batches: 32  Memory Usage: 3794kB
        ->  Hash Join  (cost=102767.86..247146.91 rows=2223257 width=8) (actual time=1727.119..4867.515 rows=2216871 loops=1)
              Hash Cond: (mk.movie_id = t.id)
              ->  Seq Scan on movie_keyword mk  (cost=0.00..81003.12 rows=2223257 width=4) (actual time=0.016..1241.430 rows=2216871 loops=1)
                    Filter: (keyword_id > 4952)
                    Rows Removed by Filter: 2307059
              ->  Hash  (cost=61283.27..61283.27 rows=2528527 width=4) (actual time=1725.151..1725.151 rows=2528312 loops=1)
                    Buckets: 131072  Batches: 64  Memory Usage: 2425kB
                    ->  Seq Scan on title t  (cost=0.00..61283.27 rows=2528527 width=4) (actual time=0.022..871.365 rows=2528312 loops=1)
Planning time: 1.463 ms
Execution time: 59947.558 ms
