Seq Scan on movie_companies mc  (cost=0.00..57926.93 rows=1217414 width=0) (actual time=0.021..930.477 rows=1274246 loops=1)
  Filter: ((company_id < 143277) AND (company_type_id = 1))
  Rows Removed by Filter: 1334883
Planning time: 0.373 ms
Execution time: 1088.981 ms
