Hash Join  (cost=249466.16..887431.29 rows=13095930 width=0) (actual time=6239.383..34418.327 rows=57245630 loops=1)
  Hash Cond: (mi.movie_id = t.id)
  ->  Seq Scan on movie_info mi  (cost=0.00..309384.22 rows=14739122 width=4) (actual time=0.019..6114.257 rows=14835720 loops=1)
  ->  Hash  (cost=212607.24..212607.24 rows=2246634 width=8) (actual time=6238.138..6238.138 rows=2039834 loops=1)
        Buckets: 131072  Batches: 32  Memory Usage: 3554kB
        ->  Hash Join  (cost=103324.96..212607.24 rows=2246634 width=8) (actual time=2392.040..5603.827 rows=2039834 loops=1)
              Hash Cond: (mc.movie_id = t.id)
              ->  Seq Scan on movie_companies mc  (cost=0.00..44881.29 rows=2609129 width=4) (actual time=0.015..827.952 rows=2609129 loops=1)
              ->  Hash  (cost=67604.59..67604.59 rows=2177230 width=4) (actual time=2390.941..2390.941 rows=2171163 loops=1)
                    Buckets: 131072  Batches: 32  Memory Usage: 3412kB
                    ->  Seq Scan on title t  (cost=0.00..67604.59 rows=2177230 width=4) (actual time=0.024..1430.260 rows=2171163 loops=1)
                          Filter: (production_year > 1963)
                          Rows Removed by Filter: 357149
Planning time: 1.252 ms
Execution time: 41018.053 ms
