Hash Join  (cost=131804.36..631343.16 rows=1849288 width=0) (actual time=3160.905..15045.953 rows=1503996 loops=1)
  Hash Cond: (mi.movie_id = t.id)
  ->  Seq Scan on movie_info mi  (cost=0.00..309384.22 rows=14739122 width=4) (actual time=0.021..4618.212 rows=14835720 loops=1)
  ->  Hash  (cost=126598.75..126598.75 rows=317249 width=8) (actual time=3159.841..3159.841 rows=181533 loops=1)
        Buckets: 131072  Batches: 8  Memory Usage: 1913kB
        ->  Hash Join  (cost=83462.78..126598.75 rows=317249 width=8) (actual time=1237.487..3111.365 rows=181533 loops=1)
              Hash Cond: (mi_idx.movie_id = t.id)
              ->  Seq Scan on movie_info_idx mi_idx  (cost=0.00..21735.35 rows=1380035 width=4) (actual time=0.013..391.811 rows=1380035 loops=1)
              ->  Hash  (cost=73925.90..73925.90 rows=581270 width=4) (actual time=1236.690..1236.690 rows=602533 loops=1)
                    Buckets: 131072  Batches: 8  Memory Usage: 3669kB
                    ->  Seq Scan on title t  (cost=0.00..73925.90 rows=581270 width=4) (actual time=0.024..1043.671 rows=602533 loops=1)
                          Filter: ((kind_id > 1) AND (production_year > 2007))
                          Rows Removed by Filter: 1925779
Planning time: 1.075 ms
Execution time: 15222.076 ms
