Seq Scan on movie_keyword mk  (cost=0.00..81003.12 rows=287203 width=0) (actual time=0.025..1135.991 rows=284710 loops=1)
  Filter: (keyword_id > 56165)
  Rows Removed by Filter: 4239220
Planning time: 0.266 ms
Execution time: 1174.183 ms
