Hash Join  (cost=709675.59..736587.13 rows=106 width=0) (actual time=7591.004..8107.995 rows=630 loops=1)
  Hash Cond: (mi_idx.movie_id = t.id)
  ->  Seq Scan on movie_info_idx mi_idx  (cost=0.00..21735.35 rows=1380035 width=4) (actual time=0.027..259.310 rows=1380035 loops=1)
  ->  Hash  (cost=709673.15..709673.15 rows=195 width=8) (actual time=7590.559..7590.559 rows=398 loops=1)
        Buckets: 1024  Batches: 1  Memory Usage: 24kB
        ->  Nested Loop  (cost=0.43..709673.15 rows=195 width=8) (actual time=5269.917..7590.369 rows=398 loops=1)
              ->  Seq Scan on cast_info ci  (cost=0.00..705507.15 rows=500 width=4) (actual time=5269.831..7580.928 rows=399 loops=1)
                    Filter: (person_id = 1095635)
                    Rows Removed by Filter: 36243945
              ->  Index Scan using title_pkey on title t  (cost=0.43..8.32 rows=1 width=4) (actual time=0.023..0.023 rows=1 loops=399)
                    Index Cond: (id = ci.movie_id)
                    Filter: (kind_id < 7)
                    Rows Removed by Filter: 0
Planning time: 1.164 ms
Execution time: 8108.213 ms
