Seq Scan on cast_info ci  (cost=0.00..705507.15 rows=23517494 width=0) (actual time=0.025..10784.068 rows=23580179 loops=1)
  Filter: (person_id > 1249255)
  Rows Removed by Filter: 12664165
Planning time: 0.274 ms
Execution time: 13693.135 ms
