Nested Loop  (cost=0.43..709674.40 rows=335 width=0) (actual time=5045.278..8843.037 rows=1 loops=1)
  ->  Seq Scan on cast_info ci  (cost=0.00..705507.15 rows=500 width=4) (actual time=5045.212..8842.967 rows=1 loops=1)
        Filter: (person_id = 2496950)
        Rows Removed by Filter: 36244343
  ->  Index Scan using title_pkey on title t  (cost=0.43..8.32 rows=1 width=4) (actual time=0.047..0.048 rows=1 loops=1)
        Index Cond: (id = ci.movie_id)
        Filter: ((kind_id > 1) AND (production_year > 1950))
Planning time: 0.853 ms
Execution time: 8843.139 ms
