Hash Join  (cost=799704.98..1164363.77 rows=286 width=0) (actual time=12362.089..17917.655 rows=20616 loops=1)
  Hash Cond: (mi.movie_id = t.id)
  ->  Seq Scan on movie_info mi  (cost=0.00..309384.22 rows=14739122 width=4) (actual time=0.011..2878.857 rows=14835720 loops=1)
  ->  Hash  (cost=799704.37..799704.37 rows=49 width=8) (actual time=12361.338..12361.338 rows=547 loops=1)
        Buckets: 1024  Batches: 1  Memory Usage: 30kB
        ->  Nested Loop  (cost=0.43..799704.37 rows=49 width=8) (actual time=9925.133..12361.111 rows=547 loops=1)
              ->  Seq Scan on cast_info ci  (cost=0.00..796071.18 rows=435 width=4) (actual time=9925.069..12352.940 rows=571 loops=1)
                    Filter: ((role_id < 10) AND (person_id = 471587))
                    Rows Removed by Filter: 36243773
              ->  Index Scan using title_pkey on title t  (cost=0.43..8.34 rows=1 width=4) (actual time=0.013..0.014 rows=1 loops=571)
                    Index Cond: (id = ci.movie_id)
                    Filter: ((production_year < 2001) AND (kind_id = 1))
                    Rows Removed by Filter: 0
Planning time: 1.161 ms
Execution time: 17921.262 ms
