Hash Join  (cost=175027.18..1398327.89 rows=12298257 width=0) (actual time=3343.774..40451.140 rows=25452508 loops=1)
  Hash Cond: (ci.movie_id = t.id)
  ->  Seq Scan on cast_info ci  (cost=0.00..705507.15 rows=33835197 width=4) (actual time=0.016..14336.310 rows=33913279 loops=1)
        Filter: (person_id > 226894)
        Rows Removed by Filter: 2331065
  ->  Hash  (cost=159947.97..159947.97 rows=919057 width=8) (actual time=3342.918..3342.918 rows=920110 loops=1)
        Buckets: 131072  Batches: 16  Memory Usage: 3269kB
        ->  Hash Join  (cost=102767.86..159947.97 rows=919057 width=8) (actual time=1721.138..3136.921 rows=920110 loops=1)
              Hash Cond: (mi_idx.movie_id = t.id)
              ->  Seq Scan on movie_info_idx mi_idx  (cost=0.00..25185.44 rows=919057 width=4) (actual time=0.028..473.382 rows=920110 loops=1)
                    Filter: (info_type_id > 99)
                    Rows Removed by Filter: 459925
              ->  Hash  (cost=61283.27..61283.27 rows=2528527 width=4) (actual time=1719.520..1719.520 rows=2528312 loops=1)
                    Buckets: 131072  Batches: 64  Memory Usage: 2415kB
                    ->  Seq Scan on title t  (cost=0.00..61283.27 rows=2528527 width=4) (actual time=0.020..863.090 rows=2528312 loops=1)
Planning time: 1.116 ms
Execution time: 43215.313 ms
