Hash Join  (cost=295135.43..781755.29 rows=5401013 width=0) (actual time=6684.288..21611.753 rows=24813935 loops=1)
  Hash Cond: (mi.movie_id = t.id)
  ->  Seq Scan on movie_info mi  (cost=0.00..346232.03 rows=5445713 width=4) (actual time=0.041..4978.402 rows=5410520 loops=1)
        Filter: (info_type_id < 6)
        Rows Removed by Filter: 9425200
  ->  Hash  (cost=253992.28..253992.28 rows=2507772 width=8) (actual time=6682.858..6682.858 rows=2502815 loops=1)
        Buckets: 131072  Batches: 64  Memory Usage: 2653kB
        ->  Hash Join  (cost=102767.86..253992.28 rows=2507772 width=8) (actual time=2040.419..5887.336 rows=2502815 loops=1)
              Hash Cond: (mk.movie_id = t.id)
              ->  Seq Scan on movie_keyword mk  (cost=0.00..81003.12 rows=2507772 width=4) (actual time=0.016..1450.647 rows=2502815 loops=1)
                    Filter: (keyword_id > 3617)
                    Rows Removed by Filter: 2021115
              ->  Hash  (cost=61283.27..61283.27 rows=2528527 width=4) (actual time=2037.810..2037.810 rows=2528312 loops=1)
                    Buckets: 131072  Batches: 64  Memory Usage: 2425kB
                    ->  Seq Scan on title t  (cost=0.00..61283.27 rows=2528527 width=4) (actual time=0.011..833.783 rows=2528312 loops=1)
Planning time: 1.132 ms
Execution time: 24417.000 ms
