Hash Join  (cost=163218.32..929771.18 rows=581163 width=0) (actual time=4403.815..17531.497 rows=3017714 loops=1)
  Hash Cond: (ci.movie_id = t.id)
  ->  Seq Scan on cast_info ci  (cost=0.00..705507.15 rows=4670689 width=4) (actual time=999.652..10851.388 rows=4639136 loops=1)
        Filter: (role_id > 9)
        Rows Removed by Filter: 31605208
  ->  Hash  (cost=158056.58..158056.58 rows=314619 width=8) (actual time=3403.329..3403.329 rows=777796 loops=1)
        Buckets: 131072 (originally 131072)  Batches: 16 (originally 8)  Memory Usage: 3073kB
        ->  Hash Join  (cost=83810.17..158056.58 rows=314619 width=8) (actual time=1278.970..3164.537 rows=777796 loops=1)
              Hash Cond: (mc.movie_id = t.id)
              ->  Seq Scan on movie_companies mc  (cost=0.00..57926.93 rows=805408 width=4) (actual time=0.033..960.810 rows=1020746 loops=1)
                    Filter: ((company_id > 5608) AND (company_type_id = 2))
                    Rows Removed by Filter: 1588383
              ->  Hash  (cost=67604.59..67604.59 rows=987727 width=4) (actual time=1277.807..1277.807 rows=985048 loops=1)
                    Buckets: 131072  Batches: 16  Memory Usage: 3188kB
                    ->  Seq Scan on title t  (cost=0.00..67604.59 rows=987727 width=4) (actual time=0.018..971.718 rows=985048 loops=1)
                          Filter: (kind_id < 7)
                          Rows Removed by Filter: 1543264
Planning time: 0.751 ms
Execution time: 17918.427 ms
