Seq Scan on movie_companies mc  (cost=0.00..57926.93 rows=53 width=0) (actual time=609.328..691.567 rows=1 loops=1)
  Filter: ((company_id = 130119) AND (company_type_id = 2))
  Rows Removed by Filter: 2609128
Planning time: 0.432 ms
Execution time: 691.661 ms
