Hash Join  (cost=239869.15..790709.17 rows=6657209 width=0) (actual time=4537.783..26043.495 rows=60129024 loops=1)
  Hash Cond: (mi.movie_id = t.id)
  ->  Seq Scan on movie_info mi  (cost=0.00..309384.22 rows=14739122 width=4) (actual time=0.015..4457.105 rows=14835720 loops=1)
  ->  Hash  (cost=221131.43..221131.43 rows=1142058 width=8) (actual time=4536.664..4536.664 rows=1150429 loops=1)
        Buckets: 131072  Batches: 16  Memory Usage: 3972kB
        ->  Hash Join  (cost=102767.86..221131.43 rows=1142058 width=8) (actual time=1684.588..4201.439 rows=1150429 loops=1)
              Hash Cond: (mk.movie_id = t.id)
              ->  Seq Scan on movie_keyword mk  (cost=0.00..81003.12 rows=1142058 width=4) (actual time=0.043..1223.151 rows=1150429 loops=1)
                    Filter: (keyword_id > 16183)
                    Rows Removed by Filter: 3373501
              ->  Hash  (cost=61283.27..61283.27 rows=2528527 width=4) (actual time=1681.296..1681.296 rows=2528312 loops=1)
                    Buckets: 131072  Batches: 64  Memory Usage: 2425kB
                    ->  Seq Scan on title t  (cost=0.00..61283.27 rows=2528527 width=4) (actual time=0.014..833.342 rows=2528312 loops=1)
Planning time: 1.120 ms
Execution time: 31341.507 ms
