Seq Scan on cast_info ci  (cost=0.00..796071.18 rows=224 width=0) (actual time=1554.185..11314.626 rows=6 loops=1)
  Filter: ((role_id > 2) AND (person_id = 2455750))
  Rows Removed by Filter: 36244338
Planning time: 0.269 ms
Execution time: 11314.740 ms
