Hash Join  (cost=83810.17..1018838.93 rows=3411596 width=0) (actual time=1154.800..16582.321 rows=1963500 loops=1)
  Hash Cond: (ci.movie_id = t.id)
  ->  Seq Scan on cast_info ci  (cost=0.00..796071.18 rows=8733498 width=4) (actual time=0.021..12525.256 rows=4541242 loops=1)
        Filter: ((person_id > 1107762) AND (role_id < 2))
        Rows Removed by Filter: 31703102
  ->  Hash  (cost=67604.59..67604.59 rows=987727 width=4) (actual time=1153.701..1153.701 rows=985048 loops=1)
        Buckets: 131072  Batches: 16  Memory Usage: 3188kB
        ->  Seq Scan on title t  (cost=0.00..67604.59 rows=987727 width=4) (actual time=0.016..845.196 rows=985048 loops=1)
              Filter: (kind_id < 7)
              Rows Removed by Filter: 1543264
Planning time: 0.726 ms
Execution time: 16815.131 ms
