Nested Loop  (cost=0.43..52284.21 rows=3 width=0) (actual time=53.997..658.136 rows=1 loops=1)
  ->  Seq Scan on movie_companies mc  (cost=0.00..51404.11 rows=104 width=4) (actual time=26.927..657.846 rows=13 loops=1)
        Filter: (company_id = 82498)
        Rows Removed by Filter: 2609116
  ->  Index Scan using title_pkey on title t  (cost=0.43..8.45 rows=1 width=4) (actual time=0.021..0.021 rows=0 loops=13)
        Index Cond: (id = mc.movie_id)
        Filter: ((kind_id < 7) AND (production_year = 2011))
        Rows Removed by Filter: 1
Planning time: 0.755 ms
Execution time: 658.246 ms
