Hash Join  (cost=215014.87..1301333.23 rows=6262059 width=0) (actual time=4127.558..31573.647 rows=11741283 loops=1)
  Hash Cond: (ci.movie_id = t.id)
  ->  Seq Scan on cast_info ci  (cost=0.00..705507.15 rows=27323368 width=4) (actual time=0.021..12529.800 rows=27469078 loops=1)
        Filter: (person_id > 864482)
        Rows Removed by Filter: 8775266
  ->  Hash  (cost=205507.17..205507.17 rows=579496 width=8) (actual time=4126.373..4126.373 rows=253572 loops=1)
        Buckets: 131072  Batches: 8  Memory Usage: 2270kB
        ->  Hash Join  (cost=74050.79..205507.17 rows=579496 width=8) (actual time=1020.385..4043.818 rows=253572 loops=1)
              Hash Cond: (mk.movie_id = t.id)
              ->  Seq Scan on movie_keyword mk  (cost=0.00..81003.12 rows=3729413 width=4) (actual time=0.015..1416.460 rows=3729118 loops=1)
                    Filter: (keyword_id > 763)
                    Rows Removed by Filter: 794812
              ->  Hash  (cost=67604.59..67604.59 rows=392896 width=4) (actual time=1018.936..1018.936 rows=391666 loops=1)
                    Buckets: 131072  Batches: 8  Memory Usage: 2759kB
                    ->  Seq Scan on title t  (cost=0.00..67604.59 rows=392896 width=4) (actual time=0.020..889.765 rows=391666 loops=1)
                          Filter: (production_year > 2010)
                          Rows Removed by Filter: 2136646
Planning time: 1.121 ms
Execution time: 32786.420 ms
