Hash Join  (cost=190230.21..1011594.51 rows=638150 width=0) (actual time=8535.613..15852.609 rows=1534 loops=1)
  Hash Cond: (ci.movie_id = t.id)
  ->  Seq Scan on cast_info ci  (cost=0.00..796071.18 rows=1169230 width=4) (actual time=3951.911..11420.419 rows=1304 loops=1)
        Filter: ((person_id < 554007) AND (role_id = 2))
        Rows Removed by Filter: 36243040
  ->  Hash  (cost=167588.78..167588.78 rows=1380035 width=8) (actual time=4227.887..4227.887 rows=1380035 loops=1)
        Buckets: 131072  Batches: 32  Memory Usage: 2708kB
        ->  Hash Join  (cost=102767.86..167588.78 rows=1380035 width=8) (actual time=1867.406..3810.838 rows=1380035 loops=1)
              Hash Cond: (mi_idx.movie_id = t.id)
              ->  Seq Scan on movie_info_idx mi_idx  (cost=0.00..21735.35 rows=1380035 width=4) (actual time=0.018..417.951 rows=1380035 loops=1)
              ->  Hash  (cost=61283.27..61283.27 rows=2528527 width=4) (actual time=1866.470..1866.470 rows=2528312 loops=1)
                    Buckets: 131072  Batches: 64  Memory Usage: 2415kB
                    ->  Seq Scan on title t  (cost=0.00..61283.27 rows=2528527 width=4) (actual time=0.019..1037.079 rows=2528312 loops=1)
Planning time: 1.214 ms
Execution time: 15853.182 ms
