Hash Join  (cost=58358.90..85269.67 rows=28 width=0) (actual time=758.715..1262.728 rows=291 loops=1)
  Hash Cond: (mi_idx.movie_id = t.id)
  ->  Seq Scan on movie_info_idx mi_idx  (cost=0.00..21735.35 rows=1380035 width=4) (actual time=0.018..249.515 rows=1380035 loops=1)
  ->  Hash  (cost=58358.27..58358.27 rows=51 width=8) (actual time=738.544..738.544 rows=680 loops=1)
        Buckets: 1024  Batches: 1  Memory Usage: 35kB
        ->  Nested Loop  (cost=0.43..58358.27 rows=51 width=8) (actual time=5.238..738.182 rows=680 loops=1)
              ->  Seq Scan on movie_companies mc  (cost=0.00..57926.93 rows=51 width=4) (actual time=5.136..727.593 rows=680 loops=1)
                    Filter: ((company_type_id < 2) AND (company_id = 196))
                    Rows Removed by Filter: 2608449
              ->  Index Only Scan using title_pkey on title t  (cost=0.43..8.45 rows=1 width=4) (actual time=0.014..0.015 rows=1 loops=680)
                    Index Cond: (id = mc.movie_id)
                    Heap Fetches: 680
Planning time: 1.111 ms
Execution time: 1262.903 ms
