Hash Join  (cost=709678.15..796345.14 rows=895 width=0) (actual time=8762.674..10113.815 rows=151 loops=1)
  Hash Cond: (mk.movie_id = t.id)
  ->  Seq Scan on movie_keyword mk  (cost=0.00..69693.30 rows=4523930 width=4) (actual time=0.007..714.838 rows=4523930 loops=1)
  ->  Hash  (cost=709671.90..709671.90 rows=500 width=8) (actual time=8667.461..8667.461 rows=6 loops=1)
        Buckets: 1024  Batches: 1  Memory Usage: 9kB
        ->  Nested Loop  (cost=0.43..709671.90 rows=500 width=8) (actual time=8382.548..8667.447 rows=6 loops=1)
              ->  Seq Scan on cast_info ci  (cost=0.00..705507.15 rows=500 width=4) (actual time=8382.443..8667.174 rows=6 loops=1)
                    Filter: (person_id = 3733819)
                    Rows Removed by Filter: 36244338
              ->  Index Only Scan using title_pkey on title t  (cost=0.43..8.32 rows=1 width=4) (actual time=0.040..0.040 rows=1 loops=6)
                    Index Cond: (id = ci.movie_id)
                    Heap Fetches: 6
Planning time: 1.105 ms
Execution time: 10113.925 ms
