Nested Loop  (cost=32636.42..740203.24 rows=66 width=0) (actual time=2012.756..8893.576 rows=379 loops=1)
  Join Filter: (ci.movie_id = t.id)
  ->  Hash Join  (cost=32635.99..740010.88 rows=224 width=8) (actual time=2012.653..8877.193 rows=379 loops=1)
        Hash Cond: (ci.movie_id = mi_idx.movie_id)
        ->  Seq Scan on cast_info ci  (cost=0.00..705507.15 rows=500 width=4) (actual time=1466.540..8052.248 rows=382 loops=1)
              Filter: (person_id = 1478505)
              Rows Removed by Filter: 36243962
        ->  Hash  (cost=25185.44..25185.44 rows=454124 width=4) (actual time=545.103..545.103 rows=459925 loops=1)
              Buckets: 131072  Batches: 8  Memory Usage: 3050kB
              ->  Seq Scan on movie_info_idx mi_idx  (cost=0.00..25185.44 rows=454124 width=4) (actual time=0.020..401.271 rows=459925 loops=1)
                    Filter: (info_type_id = 100)
                    Rows Removed by Filter: 920110
  ->  Index Scan using title_pkey on title t  (cost=0.43..0.85 rows=1 width=4) (actual time=0.042..0.042 rows=1 loops=379)
        Index Cond: (id = mi_idx.movie_id)
        Filter: (production_year > 1985)
Planning time: 1.170 ms
Execution time: 8893.787 ms
