Hash Join  (cost=175430.63..662702.20 rows=699665 width=0) (actual time=2819.938..11943.595 rows=583310 loops=1)
  Hash Cond: (mi.movie_id = t.id)
  ->  Seq Scan on movie_info mi  (cost=0.00..309384.22 rows=14739122 width=4) (actual time=0.024..4361.298 rows=14835720 loops=1)
  ->  Hash  (cost=173461.26..173461.26 rows=120029 width=8) (actual time=2819.102..2819.102 rows=54390 loops=1)
        Buckets: 131072  Batches: 2  Memory Usage: 2098kB
        ->  Hash Join  (cost=102767.86..173461.26 rows=120029 width=8) (actual time=1602.992..2796.731 rows=54390 loops=1)
              Hash Cond: (mc.movie_id = t.id)
              ->  Seq Scan on movie_companies mc  (cost=0.00..57926.93 rows=120029 width=4) (actual time=0.031..706.678 rows=54390 loops=1)
                    Filter: ((company_id < 93) AND (company_type_id = 2))
                    Rows Removed by Filter: 2554739
              ->  Hash  (cost=61283.27..61283.27 rows=2528527 width=4) (actual time=1597.949..1597.949 rows=2528312 loops=1)
                    Buckets: 131072  Batches: 64  Memory Usage: 2415kB
                    ->  Seq Scan on title t  (cost=0.00..61283.27 rows=2528527 width=4) (actual time=0.012..784.227 rows=2528312 loops=1)
Planning time: 1.148 ms
Execution time: 12013.592 ms
