Hash Join  (cost=92883.59..173851.36 rows=758829 width=0) (actual time=1732.886..3369.551 rows=518276 loops=1)
  Hash Cond: (mc.movie_id = t.id)
  ->  Seq Scan on movie_companies mc  (cost=0.00..51404.11 rows=1245275 width=4) (actual time=0.024..852.090 rows=1234155 loops=1)
        Filter: (company_id < 11145)
        Rows Removed by Filter: 1374974
  ->  Hash  (cost=67604.59..67604.59 rows=1540800 width=4) (actual time=1529.047..1529.047 rows=1543264 loops=1)
        Buckets: 131072  Batches: 32  Memory Usage: 2722kB
        ->  Seq Scan on title t  (cost=0.00..67604.59 rows=1540800 width=4) (actual time=0.015..1023.533 rows=1543264 loops=1)
              Filter: (kind_id = 7)
              Rows Removed by Filter: 985048
Planning time: 0.826 ms
Execution time: 3435.083 ms
