Hash Join  (cost=200964.78..687844.99 rows=2814402 width=0) (actual time=4116.897..15511.804 rows=3803177 loops=1)
  Hash Cond: (mi.movie_id = t.id)
  ->  Seq Scan on movie_info mi  (cost=0.00..346232.03 rows=9476311 width=4) (actual time=0.015..5146.802 rows=9565151 loops=1)
        Filter: (info_type_id < 16)
        Rows Removed by Filter: 5270569
  ->  Hash  (cost=188643.83..188643.83 rows=750956 width=8) (actual time=4115.845..4115.845 rows=468938 loops=1)
        Buckets: 131072  Batches: 16  Memory Usage: 2170kB
        ->  Hash Join  (cost=102767.86..188643.83 rows=750956 width=8) (actual time=1692.608..3973.772 rows=468938 loops=1)
              Hash Cond: (mc.movie_id = t.id)
              ->  Seq Scan on movie_companies mc  (cost=0.00..57926.93 rows=750956 width=4) (actual time=0.013..887.586 rows=468938 loops=1)
                    Filter: ((company_id < 13230) AND (company_type_id = 2))
                    Rows Removed by Filter: 2140191
              ->  Hash  (cost=61283.27..61283.27 rows=2528527 width=4) (actual time=1691.081..1691.081 rows=2528312 loops=1)
                    Buckets: 131072  Batches: 64  Memory Usage: 2415kB
                    ->  Seq Scan on title t  (cost=0.00..61283.27 rows=2528527 width=4) (actual time=0.018..884.046 rows=2528312 loops=1)
Planning time: 1.155 ms
Execution time: 16006.223 ms
