Hash Join  (cost=92883.59..173292.41 rows=530555 width=0) (actual time=2691.009..3263.386 rows=27717 loops=1)
  Hash Cond: (mc.movie_id = t.id)
  ->  Seq Scan on movie_companies mc  (cost=0.00..57926.93 rows=870667 width=4) (actual time=0.015..861.097 rows=687246 loops=1)
        Filter: ((company_id > 2042) AND (company_type_id < 2))
        Rows Removed by Filter: 1921883
  ->  Hash  (cost=67604.59..67604.59 rows=1540800 width=4) (actual time=1845.370..1845.370 rows=1543264 loops=1)
        Buckets: 131072  Batches: 32  Memory Usage: 2722kB
        ->  Seq Scan on title t  (cost=0.00..67604.59 rows=1540800 width=4) (actual time=0.022..945.025 rows=1543264 loops=1)
              Filter: (kind_id = 7)
              Rows Removed by Filter: 985048
Planning time: 5.000 ms
Execution time: 3266.699 ms
