Seq Scan on title t  (cost=0.00..73925.90 rows=1490782 width=0) (actual time=0.024..1116.923 rows=1610602 loops=1)
  Filter: ((kind_id > 1) AND (production_year > 1974))
  Rows Removed by Filter: 917710
Planning time: 0.327 ms
Execution time: 1328.142 ms
