Hash Join  (cost=73953.78..160651.72 rows=3990 width=0) (actual time=869.189..2443.340 rows=4499 loops=1)
  Hash Cond: (mk.movie_id = t.id)
  ->  Seq Scan on movie_keyword mk  (cost=0.00..69693.30 rows=4523930 width=4) (actual time=0.026..737.475 rows=4523930 loops=1)
  ->  Hash  (cost=73925.90..73925.90 rows=2230 width=4) (actual time=869.004..869.004 rows=2871 loops=1)
        Buckets: 4096  Batches: 1  Memory Usage: 133kB
        ->  Seq Scan on title t  (cost=0.00..73925.90 rows=2230 width=4) (actual time=0.023..867.444 rows=2871 loops=1)
              Filter: ((kind_id < 3) AND (production_year = 2014))
              Rows Removed by Filter: 2525441
Planning time: 0.672 ms
Execution time: 2444.171 ms
