Hash Join  (cost=77312.52..152327.80 rows=248691 width=0) (actual time=1097.403..2983.868 rows=484555 loops=1)
  Hash Cond: (mc.movie_id = t.id)
  ->  Seq Scan on movie_companies mc  (cost=0.00..57926.93 rows=1062782 width=4) (actual time=0.022..1054.851 rows=1274246 loops=1)
        Filter: ((company_id < 77554) AND (company_type_id < 2))
        Rows Removed by Filter: 1334883
  ->  Hash  (cost=67604.59..67604.59 rows=591675 width=4) (actual time=1095.985..1095.985 rows=585020 loops=1)
        Buckets: 131072  Batches: 8  Memory Usage: 3586kB
        ->  Seq Scan on title t  (cost=0.00..67604.59 rows=591675 width=4) (actual time=0.023..905.649 rows=585020 loops=1)
              Filter: (production_year < 1985)
              Rows Removed by Filter: 1943292
Planning time: 1.421 ms
Execution time: 3047.904 ms
