Hash Join  (cost=77429.84..109214.69 rows=39229 width=0) (actual time=1344.087..2076.130 rows=103686 loops=1)
  Hash Cond: (mi_idx.movie_id = t.id)
  ->  Seq Scan on movie_info_idx mi_idx  (cost=0.00..25185.44 rows=464566 width=4) (actual time=0.029..483.794 rows=459925 loops=1)
        Filter: (info_type_id = 101)
        Rows Removed by Filter: 920110
  ->  Hash  (cost=73925.90..73925.90 rows=213515 width=4) (actual time=1261.535..1261.535 rows=341626 loops=1)
        Buckets: 131072  Batches: 4  Memory Usage: 4031kB
        ->  Seq Scan on title t  (cost=0.00..73925.90 rows=213515 width=4) (actual time=0.028..1151.429 rows=341626 loops=1)
              Filter: ((kind_id < 2) AND (production_year < 1995))
              Rows Removed by Filter: 2186686
Planning time: 0.778 ms
Execution time: 2090.572 ms
