Hash Join  (cost=190230.21..1192528.46 rows=6440117 width=0) (actual time=4833.022..27380.288 rows=14844400 loops=1)
  Hash Cond: (ci.movie_id = t.id)
  ->  Seq Scan on cast_info ci  (cost=0.00..796071.18 rows=11799707 width=4) (actual time=227.778..11844.145 rows=12923610 loops=1)
        Filter: ((person_id < 1330870) AND (role_id < 10))
        Rows Removed by Filter: 23320734
  ->  Hash  (cost=167588.78..167588.78 rows=1380035 width=8) (actual time=4603.798..4603.798 rows=1380035 loops=1)
        Buckets: 131072  Batches: 32  Memory Usage: 2708kB
        ->  Hash Join  (cost=102767.86..167588.78 rows=1380035 width=8) (actual time=2287.511..4176.396 rows=1380035 loops=1)
              Hash Cond: (mi_idx.movie_id = t.id)
              ->  Seq Scan on movie_info_idx mi_idx  (cost=0.00..21735.35 rows=1380035 width=4) (actual time=0.021..381.263 rows=1380035 loops=1)
              ->  Hash  (cost=61283.27..61283.27 rows=2528527 width=4) (actual time=2286.218..2286.218 rows=2528312 loops=1)
                    Buckets: 131072  Batches: 64  Memory Usage: 2415kB
                    ->  Seq Scan on title t  (cost=0.00..61283.27 rows=2528527 width=4) (actual time=0.011..768.245 rows=2528312 loops=1)
Planning time: 1.159 ms
Execution time: 29080.415 ms
