Hash Join  (cost=92703.08..595869.15 rows=4289288 width=0) (actual time=1564.042..11583.897 rows=2848158 loops=1)
  Hash Cond: (mi.movie_id = t.id)
  ->  Seq Scan on movie_info mi  (cost=0.00..346232.03 rows=9476311 width=4) (actual time=0.013..4935.535 rows=9565151 loops=1)
        Filter: (info_type_id < 16)
        Rows Removed by Filter: 5270569
  ->  Hash  (cost=73925.90..73925.90 rows=1144494 width=4) (actual time=1563.193..1563.193 rows=1095581 loops=1)
        Buckets: 131072  Batches: 16  Memory Usage: 3444kB
        ->  Seq Scan on title t  (cost=0.00..73925.90 rows=1144494 width=4) (actual time=0.019..1204.462 rows=1095581 loops=1)
              Filter: ((kind_id > 1) AND (production_year < 2007))
              Rows Removed by Filter: 1432731
Planning time: 0.794 ms
Execution time: 11879.089 ms
