Hash Join  (cost=95361.69..1018877.77 rows=6575821 width=0) (actual time=7921.107..22968.727 rows=6780577 loops=1)
  Hash Cond: (ci.movie_id = t.id)
  ->  Seq Scan on cast_info ci  (cost=0.00..705507.15 rows=12726058 width=4) (actual time=6302.778..12281.250 rows=12670688 loops=1)
        Filter: (role_id = 1)
        Rows Removed by Filter: 23573656
  ->  Hash  (cost=73925.90..73925.90 rows=1306543 width=4) (actual time=1617.403..1617.403 rows=1431326 loops=1)
        Buckets: 131072  Batches: 32  Memory Usage: 2606kB
        ->  Seq Scan on title t  (cost=0.00..73925.90 rows=1306543 width=4) (actual time=0.037..1174.905 rows=1431326 loops=1)
              Filter: ((kind_id > 1) AND (production_year > 1989))
              Rows Removed by Filter: 1096986
Planning time: 0.796 ms
Execution time: 23789.176 ms
