Hash Join  (cost=365418.15..1655335.48 rows=29429907 width=0) (actual time=7904.979..52982.500 rows=101100765 loops=1)
  Hash Cond: (ci.movie_id = t.id)
  ->  Seq Scan on cast_info ci  (cost=0.00..705507.15 rows=16449042 width=4) (actual time=0.025..11704.128 rows=16302610 loops=1)
        Filter: (person_id < 1614685)
        Rows Removed by Filter: 19941734
  ->  Hash  (cost=291197.02..291197.02 rows=4523930 width=8) (actual time=7903.010..7903.010 rows=4523930 loops=1)
        Buckets: 131072  Batches: 64  Memory Usage: 3816kB
        ->  Hash Join  (cost=102767.86..291197.02 rows=4523930 width=8) (actual time=1615.754..6586.387 rows=4523930 loops=1)
              Hash Cond: (mk.movie_id = t.id)
              ->  Seq Scan on movie_keyword mk  (cost=0.00..69693.30 rows=4523930 width=4) (actual time=0.019..1206.040 rows=4523930 loops=1)
              ->  Hash  (cost=61283.27..61283.27 rows=2528527 width=4) (actual time=1614.042..1614.042 rows=2528312 loops=1)
                    Buckets: 131072  Batches: 64  Memory Usage: 2425kB
                    ->  Seq Scan on title t  (cost=0.00..61283.27 rows=2528527 width=4) (actual time=0.019..761.113 rows=2528312 loops=1)
Planning time: 1.110 ms
Execution time: 64364.518 ms
