Seq Scan on movie_keyword mk  (cost=0.00..81003.12 rows=246 width=0) (actual time=21.010..1338.184 rows=21 loops=1)
  Filter: (keyword_id = 45357)
  Rows Removed by Filter: 4523909
Planning time: 0.400 ms
Execution time: 1338.297 ms
