Seq Scan on cast_info ci  (cost=0.00..705507.15 rows=10868 width=0) (actual time=2250.446..9051.411 rows=5309 loops=1)
  Filter: (person_id = 1607267)
  Rows Removed by Filter: 36239035
Planning time: 0.359 ms
Execution time: 9052.237 ms
