Seq Scan on cast_info ci  (cost=0.00..796071.18 rows=3712284 width=0) (actual time=7993.669..12277.473 rows=1214097 loops=1)
  Filter: ((person_id < 2349445) AND (role_id > 8))
  Rows Removed by Filter: 35030247
Planning time: 0.336 ms
Execution time: 12433.582 ms
