Hash Join  (cost=52284.01..138942.14 rows=9 width=0) (actual time=494.225..1990.033 rows=65 loops=1)
  Hash Cond: (mk.movie_id = t.id)
  ->  Seq Scan on movie_keyword mk  (cost=0.00..69693.30 rows=4523930 width=4) (actual time=0.013..780.142 rows=4523930 loops=1)
  ->  Hash  (cost=52283.95..52283.95 rows=5 width=8) (actual time=382.275..382.275 rows=18 loops=1)
        Buckets: 1024  Batches: 1  Memory Usage: 9kB
        ->  Nested Loop  (cost=0.43..52283.95 rows=5 width=8) (actual time=0.903..382.254 rows=18 loops=1)
              ->  Seq Scan on movie_companies mc  (cost=0.00..51404.11 rows=104 width=4) (actual time=0.868..381.832 rows=18 loops=1)
                    Filter: (company_id = 102927)
                    Rows Removed by Filter: 2609111
              ->  Index Scan using title_pkey on title t  (cost=0.43..8.45 rows=1 width=4) (actual time=0.021..0.021 rows=1 loops=18)
                    Index Cond: (id = mc.movie_id)
                    Filter: (kind_id = 4)
Planning time: 0.755 ms
Execution time: 1990.189 ms
