Hash Join  (cost=102767.86..178586.82 rows=333048 width=0) (actual time=1419.730..2447.514 rows=182219 loops=1)
  Hash Cond: (mc.movie_id = t.id)
  ->  Seq Scan on movie_companies mc  (cost=0.00..57926.93 rows=333048 width=4) (actual time=0.021..582.460 rows=182219 loops=1)
        Filter: ((company_id < 862) AND (company_type_id = 2))
        Rows Removed by Filter: 2426910
  ->  Hash  (cost=61283.27..61283.27 rows=2528527 width=4) (actual time=1417.563..1417.563 rows=2528312 loops=1)
        Buckets: 131072  Batches: 64  Memory Usage: 2415kB
        ->  Seq Scan on title t  (cost=0.00..61283.27 rows=2528527 width=4) (actual time=0.014..677.147 rows=2528312 loops=1)
Planning time: 0.654 ms
Execution time: 2465.457 ms
