Hash Join  (cost=102767.86..177759.08 rows=298602 width=0) (actual time=2084.105..3470.646 rows=437818 loops=1)
  Hash Cond: (mc.movie_id = t.id)
  ->  Seq Scan on movie_companies mc  (cost=0.00..57926.93 rows=298602 width=4) (actual time=0.013..757.793 rows=437818 loops=1)
        Filter: ((company_id < 708) AND (company_type_id = 1))
        Rows Removed by Filter: 2171311
  ->  Hash  (cost=61283.27..61283.27 rows=2528527 width=4) (actual time=2083.165..2083.165 rows=2528312 loops=1)
        Buckets: 131072  Batches: 64  Memory Usage: 2415kB
        ->  Seq Scan on title t  (cost=0.00..61283.27 rows=2528527 width=4) (actual time=0.019..745.709 rows=2528312 loops=1)
Planning time: 0.506 ms
Execution time: 3511.272 ms
