Hash Join  (cost=76379.89..874908.26 rows=5669 width=0) (actual time=4572.578..10541.580 rows=1862 loops=1)
  Hash Cond: (ci.movie_id = t.id)
  ->  Seq Scan on cast_info ci  (cost=0.00..796071.18 rows=26801 width=4) (actual time=3513.714..9394.206 rows=9625 loops=1)
        Filter: ((person_id < 262350) AND (role_id > 10))
        Rows Removed by Filter: 36234719
  ->  Hash  (cost=67604.59..67604.59 rows=534824 width=4) (actual time=1057.850..1057.850 rows=533369 loops=1)
        Buckets: 131072  Batches: 8  Memory Usage: 3369kB
        ->  Seq Scan on title t  (cost=0.00..67604.59 rows=534824 width=4) (actual time=0.018..884.822 rows=533369 loops=1)
              Filter: (production_year > 2009)
              Rows Removed by Filter: 1994943
Planning time: 0.800 ms
Execution time: 10541.926 ms
