Hash Join  (cost=364513.53..1162196.36 rows=24611220 width=0) (actual time=9355.596..69488.548 rows=218248440 loops=1)
  Hash Cond: (mi.movie_id = t.id)
  ->  Seq Scan on movie_info mi  (cost=0.00..309384.22 rows=14739122 width=4) (actual time=0.014..4261.442 rows=14835720 loops=1)
  ->  Hash  (cost=295244.21..295244.21 rows=4222106 width=8) (actual time=9354.117..9354.117 rows=4226516 loops=1)
        Buckets: 131072  Batches: 64  Memory Usage: 3706kB
        ->  Hash Join  (cost=102767.86..295244.21 rows=4222106 width=8) (actual time=1718.164..8088.129 rows=4226516 loops=1)
              Hash Cond: (mk.movie_id = t.id)
              ->  Seq Scan on movie_keyword mk  (cost=0.00..81003.12 rows=4222106 width=4) (actual time=0.020..1545.040 rows=4226516 loops=1)
                    Filter: (keyword_id < 54175)
                    Rows Removed by Filter: 297414
              ->  Hash  (cost=61283.27..61283.27 rows=2528527 width=4) (actual time=1717.277..1717.277 rows=2528312 loops=1)
                    Buckets: 131072  Batches: 64  Memory Usage: 2425kB
                    ->  Seq Scan on title t  (cost=0.00..61283.27 rows=2528527 width=4) (actual time=0.010..829.654 rows=2528312 loops=1)
Planning time: 1.122 ms
Execution time: 93205.573 ms
