Hash Join  (cost=102767.86..277312.96 rows=3476922 width=0) (actual time=1749.197..6242.056 rows=3466790 loops=1)
  Hash Cond: (mk.movie_id = t.id)
  ->  Seq Scan on movie_keyword mk  (cost=0.00..81003.12 rows=3476922 width=4) (actual time=0.030..1545.260 rows=3466790 loops=1)
        Filter: (keyword_id < 16689)
        Rows Removed by Filter: 1057140
  ->  Hash  (cost=61283.27..61283.27 rows=2528527 width=4) (actual time=1747.863..1747.863 rows=2528312 loops=1)
        Buckets: 131072  Batches: 64  Memory Usage: 2425kB
        ->  Seq Scan on title t  (cost=0.00..61283.27 rows=2528527 width=4) (actual time=0.013..859.132 rows=2528312 loops=1)
Planning time: 0.704 ms
Execution time: 6659.305 ms
