Hash Join  (cost=130731.04..210054.26 rows=309968 width=0) (actual time=2899.446..4296.565 rows=318690 loops=1)
  Hash Cond: (mc.movie_id = t.id)
  ->  Seq Scan on movie_companies mc  (cost=0.00..44881.29 rows=2609129 width=4) (actual time=0.021..795.199 rows=2609129 loops=1)
  ->  Hash  (cost=125802.13..125802.13 rows=300393 width=8) (actual time=2422.005..2422.005 rows=135423 loops=1)
        Buckets: 131072  Batches: 4  Memory Usage: 2334kB
        ->  Hash Join  (cost=82955.72..125802.13 rows=300393 width=8) (actual time=1176.651..2377.036 rows=135423 loops=1)
              Hash Cond: (mi_idx.movie_id = t.id)
              ->  Seq Scan on movie_info_idx mi_idx  (cost=0.00..21735.35 rows=1380035 width=4) (actual time=0.019..437.808 rows=1380035 loops=1)
              ->  Hash  (cost=73925.90..73925.90 rows=550385 width=4) (actual time=1175.185..1175.185 rows=602403 loops=1)
                    Buckets: 131072  Batches: 8  Memory Usage: 3672kB
                    ->  Seq Scan on title t  (cost=0.00..73925.90 rows=550385 width=4) (actual time=17.376..985.349 rows=602403 loops=1)
                          Filter: ((production_year > 2006) AND (kind_id = 7))
                          Rows Removed by Filter: 1925909
Planning time: 0.930 ms
Execution time: 4333.419 ms
