Hash Join  (cost=67697.55..151485.88 rows=2168 width=0) (actual time=847.587..1994.675 rows=5495 loops=1)
  Hash Cond: (mk.movie_id = t.id)
  ->  Seq Scan on movie_keyword mk  (cost=0.00..81003.12 rows=736940 width=4) (actual time=0.021..1008.372 rows=739402 loops=1)
        Filter: (keyword_id < 665)
        Rows Removed by Filter: 3784528
  ->  Hash  (cost=67604.59..67604.59 rows=7437 width=4) (actual time=846.802..846.802 rows=13994 loops=1)
        Buckets: 16384 (originally 8192)  Batches: 1 (originally 1)  Memory Usage: 620kB
        ->  Seq Scan on title t  (cost=0.00..67604.59 rows=7437 width=4) (actual time=0.071..840.068 rows=13994 loops=1)
              Filter: (production_year = 1976)
              Rows Removed by Filter: 2514318
Planning time: 0.839 ms
Execution time: 1995.727 ms
