Nested Loop  (cost=0.43..83072.29 rows=181 width=0) (actual time=245.748..1063.879 rows=5 loops=1)
  ->  Seq Scan on movie_keyword mk  (cost=0.00..81003.12 rows=246 width=4) (actual time=123.834..1062.919 rows=20 loops=1)
        Filter: (keyword_id = 30406)
        Rows Removed by Filter: 4523910
  ->  Index Scan using title_pkey on title t  (cost=0.43..8.40 rows=1 width=4) (actual time=0.042..0.042 rows=0 loops=20)
        Index Cond: (id = mk.movie_id)
        Filter: (kind_id > 1)
        Rows Removed by Filter: 1
Planning time: 0.749 ms
Execution time: 1064.001 ms
