Seq Scan on movie_keyword mk  (cost=0.00..81003.12 rows=2538510 width=0) (actual time=0.028..1320.421 rows=2532089 loops=1)
  Filter: (keyword_id < 6298)
  Rows Removed by Filter: 1991841
Planning time: 0.351 ms
Execution time: 1652.084 ms
