Seq Scan on movie_keyword mk  (cost=0.00..81003.12 rows=246 width=0) (actual time=49.623..1043.899 rows=2 loops=1)
  Filter: (keyword_id = 106317)
  Rows Removed by Filter: 4523928
Planning time: 0.341 ms
Execution time: 1044.013 ms
