Hash Join  (cost=191440.01..327424.43 rows=1147638 width=0) (actual time=3846.880..7414.703 rows=1172699 loops=1)
  Hash Cond: (mk.movie_id = t.id)
  ->  Seq Scan on movie_keyword mk  (cost=0.00..69693.30 rows=4523930 width=4) (actual time=0.023..977.622 rows=4523930 loops=1)
  ->  Hash  (cost=180916.00..180916.00 rows=641441 width=8) (actual time=3845.553..3845.553 rows=167394 loops=1)
        Buckets: 131072  Batches: 16  Memory Usage: 1435kB
        ->  Hash Join  (cost=98137.04..180916.00 rows=641441 width=8) (actual time=2164.847..3787.211 rows=167394 loops=1)
              Hash Cond: (mc.movie_id = t.id)
              ->  Seq Scan on movie_companies mc  (cost=0.00..57926.93 rows=871523 width=4) (actual time=0.012..885.344 rows=688977 loops=1)
                    Filter: ((company_id > 2017) AND (company_type_id < 2))
                    Rows Removed by Filter: 1920152
              ->  Hash  (cost=67604.59..67604.59 rows=1860996 width=4) (actual time=2163.110..2163.110 rows=1865487 loops=1)
                    Buckets: 131072  Batches: 32  Memory Usage: 3079kB
                    ->  Seq Scan on title t  (cost=0.00..67604.59 rows=1860996 width=4) (actual time=0.024..960.033 rows=1865487 loops=1)
                          Filter: (kind_id > 1)
                          Rows Removed by Filter: 662825
Planning time: 1.139 ms
Execution time: 7552.360 ms
