Hash Join  (cost=262310.49..846310.22 rows=9464176 width=0) (actual time=5809.350..25385.812 rows=35285949 loops=1)
  Hash Cond: (mi.movie_id = t.id)
  ->  Seq Scan on movie_info mi  (cost=0.00..346232.03 rows=9476311 width=4) (actual time=0.028..5163.457 rows=9565151 loops=1)
        Filter: (info_type_id < 16)
        Rows Removed by Filter: 5270569
  ->  Hash  (cost=220879.38..220879.38 rows=2525289 width=8) (actual time=5807.682..5807.682 rows=2563180 loops=1)
        Buckets: 131072  Batches: 64  Memory Usage: 2663kB
        ->  Hash Join  (cost=107755.55..220879.38 rows=2525289 width=8) (actual time=1757.940..5022.536 rows=2563180 loops=1)
              Hash Cond: (mc.movie_id = t.id)
              ->  Seq Scan on movie_companies mc  (cost=0.00..44881.29 rows=2609129 width=4) (actual time=0.020..686.501 rows=2609129 loops=1)
              ->  Hash  (cost=67604.59..67604.59 rows=2447277 width=4) (actual time=1756.826..1756.826 rows=2444984 loops=1)
                    Buckets: 131072  Batches: 32  Memory Usage: 3710kB
                    ->  Seq Scan on title t  (cost=0.00..67604.59 rows=2447277 width=4) (actual time=0.020..1046.742 rows=2444984 loops=1)
                          Filter: (production_year > 1902)
                          Rows Removed by Filter: 83328
Planning time: 1.172 ms
Execution time: 29057.140 ms
