Seq Scan on movie_keyword mk  (cost=0.00..81003.12 rows=2801035 width=0) (actual time=0.009..1386.691 rows=2797536 loops=1)
  Filter: (keyword_id > 2799)
  Rows Removed by Filter: 1726394
Planning time: 0.302 ms
Execution time: 1750.421 ms
