Seq Scan on movie_companies mc  (cost=0.00..51404.11 rows=104 width=0) (actual time=0.498..818.498 rows=193 loops=1)
  Filter: (company_id = 6694)
  Rows Removed by Filter: 2608936
Planning time: 0.374 ms
Execution time: 818.656 ms
