Hash Join  (cost=94699.36..459591.89 rows=23660 width=0) (actual time=1329.576..7301.051 rows=110544 loops=1)
  Hash Cond: (mi.movie_id = t.id)
  ->  Seq Scan on movie_info mi  (cost=0.00..309384.22 rows=14739122 width=4) (actual time=0.020..3055.014 rows=14835720 loops=1)
  ->  Hash  (cost=94648.62..94648.62 rows=4059 width=8) (actual time=1329.499..1329.499 rows=7031 loops=1)
        Buckets: 8192 (originally 4096)  Batches: 1 (originally 1)  Memory Usage: 339kB
        ->  Hash Join  (cost=67697.55..94648.62 rows=4059 width=8) (actual time=810.540..1326.767 rows=7031 loops=1)
              Hash Cond: (mi_idx.movie_id = t.id)
              ->  Seq Scan on movie_info_idx mi_idx  (cost=0.00..21735.35 rows=1380035 width=4) (actual time=0.022..227.604 rows=1380035 loops=1)
              ->  Hash  (cost=67604.59..67604.59 rows=7437 width=4) (actual time=810.263..810.263 rows=11121 loops=1)
                    Buckets: 16384 (originally 8192)  Batches: 1 (originally 1)  Memory Usage: 519kB
                    ->  Seq Scan on title t  (cost=0.00..67604.59 rows=7437 width=4) (actual time=0.035..804.914 rows=11121 loops=1)
                          Filter: (production_year = 1960)
                          Rows Removed by Filter: 2517191
Planning time: 1.145 ms
Execution time: 7316.481 ms
