Seq Scan on movie_keyword mk  (cost=0.00..81003.12 rows=1786272 width=0) (actual time=0.025..1233.292 rows=1795811 loops=1)
  Filter: (keyword_id < 2903)
  Rows Removed by Filter: 2728119
Planning time: 0.327 ms
Execution time: 1467.818 ms
