Hash Join  (cost=102767.86..189567.26 rows=789321 width=0) (actual time=1366.161..3684.322 rows=494203 loops=1)
  Hash Cond: (mc.movie_id = t.id)
  ->  Seq Scan on movie_companies mc  (cost=0.00..57926.93 rows=789321 width=4) (actual time=0.029..830.085 rows=494203 loops=1)
        Filter: ((company_id < 14495) AND (company_type_id = 2))
        Rows Removed by Filter: 2114926
  ->  Hash  (cost=61283.27..61283.27 rows=2528527 width=4) (actual time=1364.912..1364.912 rows=2528312 loops=1)
        Buckets: 131072  Batches: 64  Memory Usage: 2415kB
        ->  Seq Scan on title t  (cost=0.00..61283.27 rows=2528527 width=4) (actual time=0.011..663.119 rows=2528312 loops=1)
Planning time: 0.716 ms
Execution time: 3737.024 ms
