Hash Join  (cost=242322.33..410862.32 rows=3355604 width=0) (actual time=5322.758..14443.987 rows=29049538 loops=1)
  Hash Cond: (mk.movie_id = t.id)
  ->  Seq Scan on movie_keyword mk  (cost=0.00..69693.30 rows=4523930 width=4) (actual time=0.032..1020.808 rows=4523930 loops=1)
  ->  Hash  (cost=211551.29..211551.29 rows=1875523 width=8) (actual time=5321.971..5321.971 rows=1810833 loops=1)
        Buckets: 131072  Batches: 32  Memory Usage: 3299kB
        ->  Hash Join  (cost=106498.88..211551.29 rows=1875523 width=8) (actual time=1801.009..4733.233 rows=1810833 loops=1)
              Hash Cond: (mc.movie_id = t.id)
              ->  Seq Scan on movie_companies mc  (cost=0.00..51404.11 rows=2000415 width=4) (actual time=0.025..868.146 rows=2001721 loops=1)
                    Filter: (company_id > 707)
                    Rows Removed by Filter: 607408
              ->  Hash  (cost=67604.59..67604.59 rows=2370663 width=4) (actual time=1800.229..1800.229 rows=2366946 loops=1)
                    Buckets: 131072  Batches: 32  Memory Usage: 3627kB
                    ->  Seq Scan on title t  (cost=0.00..67604.59 rows=2370663 width=4) (actual time=0.020..1081.972 rows=2366946 loops=1)
                          Filter: (production_year > 1920)
                          Rows Removed by Filter: 161366
Planning time: 1.184 ms
Execution time: 17475.321 ms
