Hash Join  (cost=102767.86..198592.88 rows=1435502 width=0) (actual time=1719.906..4447.014 rows=1426998 loops=1)
  Hash Cond: (mc.movie_id = t.id)
  ->  Seq Scan on movie_companies mc  (cost=0.00..51404.11 rows=1435502 width=4) (actual time=0.021..884.528 rows=1426998 loops=1)
        Filter: (company_id < 12594)
        Rows Removed by Filter: 1182131
  ->  Hash  (cost=61283.27..61283.27 rows=2528527 width=4) (actual time=1719.088..1719.088 rows=2528312 loops=1)
        Buckets: 131072  Batches: 64  Memory Usage: 2415kB
        ->  Seq Scan on title t  (cost=0.00..61283.27 rows=2528527 width=4) (actual time=0.010..861.677 rows=2528312 loops=1)
Planning time: 0.719 ms
Execution time: 4621.115 ms
