Seq Scan on cast_info ci  (cost=0.00..796071.18 rows=111224 width=0) (actual time=5290.103..8913.410 rows=532340 loops=1)
  Filter: ((person_id > 3423871) AND (role_id = 9))
  Rows Removed by Filter: 35712004
Planning time: 0.370 ms
Execution time: 8982.886 ms
