Nested Loop  (cost=0.43..83072.90 rows=4 width=0) (actual time=614.881..1046.146 rows=1 loops=1)
  ->  Seq Scan on movie_keyword mk  (cost=0.00..81003.12 rows=246 width=4) (actual time=334.749..1045.785 rows=6 loops=1)
        Filter: (keyword_id = 77178)
        Rows Removed by Filter: 4523924
  ->  Index Scan using title_pkey on title t  (cost=0.43..8.40 rows=1 width=4) (actual time=0.054..0.054 rows=0 loops=6)
        Index Cond: (id = mk.movie_id)
        Filter: ((kind_id < 7) AND (production_year = 2005))
        Rows Removed by Filter: 1
Planning time: 0.805 ms
Execution time: 1046.244 ms
