Hash Join  (cost=156209.36..247199.82 rows=110407 width=0) (actual time=3526.490..5195.675 rows=478645 loops=1)
  Hash Cond: (mk.movie_id = t.id)
  ->  Seq Scan on movie_keyword mk  (cost=0.00..81003.12 rows=614737 width=4) (actual time=0.017..1186.144 rows=614969 loops=1)
        Filter: (keyword_id > 29741)
        Rows Removed by Filter: 3908961
  ->  Hash  (cost=148758.81..148758.81 rows=454124 width=8) (actual time=3525.566..3525.566 rows=459925 loops=1)
        Buckets: 131072  Batches: 8  Memory Usage: 3284kB
        ->  Hash Join  (cost=102767.86..148758.81 rows=454124 width=8) (actual time=1645.409..3267.974 rows=459925 loops=1)
              Hash Cond: (mi_idx.movie_id = t.id)
              ->  Seq Scan on movie_info_idx mi_idx  (cost=0.00..25185.44 rows=454124 width=4) (actual time=0.028..403.323 rows=459925 loops=1)
                    Filter: (info_type_id = 100)
                    Rows Removed by Filter: 920110
              ->  Hash  (cost=61283.27..61283.27 rows=2528527 width=4) (actual time=1643.895..1643.895 rows=2528312 loops=1)
                    Buckets: 131072  Batches: 64  Memory Usage: 2415kB
                    ->  Seq Scan on title t  (cost=0.00..61283.27 rows=2528527 width=4) (actual time=0.027..835.652 rows=2528312 loops=1)
Planning time: 1.104 ms
Execution time: 5255.197 ms
