Hash Join  (cost=115016.89..960284.39 rows=790936 width=0) (actual time=1969.712..22135.220 rows=1194012 loops=1)
  Hash Cond: (ci.movie_id = t.id)
  ->  Seq Scan on cast_info ci  (cost=0.00..705507.15 rows=35160252 width=4) (actual time=0.012..11465.560 rows=35299568 loops=1)
        Filter: (person_id > 97778)
        Rows Removed by Filter: 944776
  ->  Hash  (cost=114305.89..114305.89 rows=56880 width=8) (actual time=1969.155..1969.155 rows=34152 loops=1)
        Buckets: 65536  Batches: 1  Memory Usage: 1847kB
        ->  Hash Join  (cost=75636.60..114305.89 rows=56880 width=8) (actual time=1102.145..1957.163 rows=34152 loops=1)
              Hash Cond: (mi_idx.movie_id = t.id)
              ->  Seq Scan on movie_info_idx mi_idx  (cost=0.00..21735.35 rows=1380035 width=4) (actual time=0.014..370.243 rows=1380035 loops=1)
              ->  Hash  (cost=73925.90..73925.90 rows=104216 width=4) (actual time=1101.297..1101.297 rows=108513 loops=1)
                    Buckets: 131072  Batches: 2  Memory Usage: 2931kB
                    ->  Seq Scan on title t  (cost=0.00..73925.90 rows=104216 width=4) (actual time=0.031..1051.202 rows=108513 loops=1)
                          Filter: ((kind_id > 1) AND (production_year = 2010))
                          Rows Removed by Filter: 2419799
Planning time: 1.204 ms
Execution time: 22297.572 ms
