Hash Join  (cost=263634.47..901245.45 rows=9905419 width=0) (actual time=4735.738..35592.819 rows=73641327 loops=1)
  Hash Cond: (mi.movie_id = t.id)
  ->  Seq Scan on movie_info mi  (cost=0.00..346232.03 rows=14483353 width=4) (actual time=0.012..5908.048 rows=14528932 loops=1)
        Filter: (info_type_id < 106)
        Rows Removed by Filter: 306788
  ->  Hash  (cost=235262.17..235262.17 rows=1729304 width=8) (actual time=4734.759..4734.759 rows=1735830 loops=1)
        Buckets: 131072  Batches: 32  Memory Usage: 3210kB
        ->  Hash Join  (cost=102767.86..235262.17 rows=1729304 width=8) (actual time=1279.125..4241.306 rows=1735830 loops=1)
              Hash Cond: (mk.movie_id = t.id)
              ->  Seq Scan on movie_keyword mk  (cost=0.00..81003.12 rows=1729304 width=4) (actual time=0.009..1260.307 rows=1735830 loops=1)
                    Filter: (keyword_id < 2837)
                    Rows Removed by Filter: 2788100
              ->  Hash  (cost=61283.27..61283.27 rows=2528527 width=4) (actual time=1278.252..1278.252 rows=2528312 loops=1)
                    Buckets: 131072  Batches: 64  Memory Usage: 2425kB
                    ->  Seq Scan on title t  (cost=0.00..61283.27 rows=2528527 width=4) (actual time=0.017..624.628 rows=2528312 loops=1)
Planning time: 0.779 ms
Execution time: 43406.215 ms
