Seq Scan on cast_info ci  (cost=0.00..705507.15 rows=500 width=0) (actual time=4096.150..9049.090 rows=439 loops=1)
  Filter: (person_id = 1291848)
  Rows Removed by Filter: 36243905
Planning time: 0.346 ms
Execution time: 9049.212 ms
