Hash Join  (cost=80042.24..159848.13 rows=389498 width=0) (actual time=1418.366..3508.231 rows=689418 loops=1)
  Hash Cond: (mc.movie_id = t.id)
  ->  Seq Scan on movie_companies mc  (cost=0.00..57926.93 rows=1299194 width=4) (actual time=245.236..1120.964 rows=1276182 loops=1)
        Filter: ((company_id < 184781) AND (company_type_id = 2))
        Rows Removed by Filter: 1332947
  ->  Hash  (cost=67604.59..67604.59 rows=758052 width=4) (actual time=1172.227..1172.227 rows=753677 loops=1)
        Buckets: 131072  Batches: 16  Memory Usage: 2677kB
        ->  Seq Scan on title t  (cost=0.00..67604.59 rows=758052 width=4) (actual time=0.030..931.937 rows=753677 loops=1)
              Filter: (kind_id < 3)
              Rows Removed by Filter: 1774635
Planning time: 0.709 ms
Execution time: 3587.228 ms
