Seq Scan on cast_info ci  (cost=0.00..705507.15 rows=500 width=0) (actual time=392.400..8838.917 rows=1280 loops=1)
  Filter: (person_id = 715033)
  Rows Removed by Filter: 36243064
Planning time: 0.360 ms
Execution time: 8839.186 ms
