Seq Scan on movie_companies mc  (cost=0.00..51404.11 rows=2064844 width=0) (actual time=0.027..831.763 rows=2060543 loops=1)
  Filter: (company_id < 71909)
  Rows Removed by Filter: 548586
Planning time: 0.299 ms
Execution time: 1101.042 ms
