Hash Join  (cost=98137.04..894493.38 rows=3049350 width=0) (actual time=2193.586..14352.838 rows=2811203 loops=1)
  Hash Cond: (ci.movie_id = t.id)
  ->  Seq Scan on cast_info ci  (cost=0.00..705507.15 rows=4143138 width=4) (actual time=669.770..9635.807 rows=4012430 loops=1)
        Filter: (person_id < 384768)
        Rows Removed by Filter: 32231914
  ->  Hash  (cost=67604.59..67604.59 rows=1860996 width=4) (actual time=1522.878..1522.878 rows=1865487 loops=1)
        Buckets: 131072  Batches: 32  Memory Usage: 3079kB
        ->  Seq Scan on title t  (cost=0.00..67604.59 rows=1860996 width=4) (actual time=0.027..958.260 rows=1865487 loops=1)
              Filter: (kind_id > 1)
              Rows Removed by Filter: 662825
Planning time: 0.520 ms
Execution time: 14686.696 ms
