Hash Join  (cost=196370.30..1252522.22 rows=2175479 width=0) (actual time=3934.310..33502.293 rows=18691579 loops=1)
  Hash Cond: (ci.movie_id = t.id)
  ->  Seq Scan on cast_info ci  (cost=0.00..614943.12 rows=36225612 width=4) (actual time=0.017..10524.004 rows=36244344 loops=1)
  ->  Hash  (cost=193878.21..193878.21 rows=151847 width=8) (actual time=3933.497..3933.497 rows=548273 loops=1)
        Buckets: 131072 (originally 131072)  Batches: 8 (originally 2)  Memory Usage: 3737kB
        ->  Hash Join  (cost=76016.62..193878.21 rows=151847 width=8) (actual time=1062.381..3758.612 rows=548273 loops=1)
              Hash Cond: (mk.movie_id = t.id)
              ->  Seq Scan on movie_keyword mk  (cost=0.00..81003.12 rows=3013333 width=4) (actual time=0.024..1380.408 rows=2995390 loops=1)
                    Filter: (keyword_id < 10475)
                    Rows Removed by Filter: 1528540
              ->  Hash  (cost=73925.90..73925.90 rows=127417 width=4) (actual time=1061.622..1061.622 rows=227909 loops=1)
                    Buckets: 131072 (originally 131072)  Batches: 4 (originally 2)  Memory Usage: 3073kB
                    ->  Seq Scan on title t  (cost=0.00..73925.90 rows=127417 width=4) (actual time=0.035..974.642 rows=227909 loops=1)
                          Filter: ((kind_id < 7) AND (production_year < 1967))
                          Rows Removed by Filter: 2300403
Planning time: 1.100 ms
Execution time: 35445.086 ms
