Hash Join  (cost=109376.61..507585.28 rows=349294 width=0) (actual time=1742.591..9543.973 rows=537067 loops=1)
  Hash Cond: (mi.movie_id = t.id)
  ->  Seq Scan on movie_info mi  (cost=0.00..346232.03 rows=12928982 width=4) (actual time=0.014..5135.909 rows=12970088 loops=1)
        Filter: (info_type_id < 18)
        Rows Removed by Filter: 1865632
  ->  Hash  (cost=108522.71..108522.71 rows=68312 width=8) (actual time=1741.908..1741.908 rows=39210 loops=1)
        Buckets: 131072  Batches: 1  Memory Usage: 2556kB
        ->  Hash Join  (cost=69658.11..108522.71 rows=68312 width=8) (actual time=829.439..1727.398 rows=39210 loops=1)
              Hash Cond: (mi_idx.movie_id = t.id)
              ->  Seq Scan on movie_info_idx mi_idx  (cost=0.00..21735.35 rows=1380035 width=4) (actual time=0.017..395.050 rows=1380035 loops=1)
              ->  Hash  (cost=67604.59..67604.59 rows=125162 width=4) (actual time=828.528..828.528 rows=127858 loops=1)
                    Buckets: 131072  Batches: 2  Memory Usage: 3267kB
                    ->  Seq Scan on title t  (cost=0.00..67604.59 rows=125162 width=4) (actual time=80.219..785.889 rows=127858 loops=1)
                          Filter: (production_year < 1935)
                          Rows Removed by Filter: 2400454
Planning time: 1.211 ms
Execution time: 9611.160 ms
