Hash Join  (cost=82423.69..922391.30 rows=952743 width=0) (actual time=4797.265..14281.044 rows=380053 loops=1)
  Hash Cond: (ci.movie_id = t.id)
  ->  Seq Scan on cast_info ci  (cost=0.00..796071.18 rows=2667200 width=4) (actual time=3539.862..12318.936 rows=858100 loops=1)
        Filter: ((person_id < 2262463) AND (role_id = 10))
        Rows Removed by Filter: 35386244
  ->  Hash  (cost=67604.59..67604.59 rows=903208 width=4) (actual time=1256.249..1256.249 rows=904491 loops=1)
        Buckets: 131072  Batches: 16  Memory Usage: 3010kB
        ->  Seq Scan on title t  (cost=0.00..67604.59 rows=903208 width=4) (actual time=0.028..975.560 rows=904491 loops=1)
              Filter: (production_year > 2006)
              Rows Removed by Filter: 1623821
Planning time: 0.726 ms
Execution time: 14329.221 ms
