Hash Join  (cost=73982.55..438902.66 rows=26418 width=0) (actual time=1015.970..7213.707 rows=12900 loops=1)
  Hash Cond: (mi.movie_id = t.id)
  ->  Seq Scan on movie_info mi  (cost=0.00..309384.22 rows=14739122 width=4) (actual time=0.010..3316.337 rows=14835720 loops=1)
  ->  Hash  (cost=73925.90..73925.90 rows=4532 width=4) (actual time=1012.957..1012.957 rows=2915 loops=1)
        Buckets: 8192  Batches: 1  Memory Usage: 167kB
        ->  Seq Scan on title t  (cost=0.00..73925.90 rows=4532 width=4) (actual time=1.135..1011.375 rows=2915 loops=1)
              Filter: ((kind_id = 7) AND (production_year = 1951))
              Rows Removed by Filter: 2525397
Planning time: 1.769 ms
Execution time: 7215.766 ms
