Hash Join  (cost=156487.41..289444.27 rows=683063 width=0) (actual time=2920.609..6525.800 rows=2916804 loops=1)
  Hash Cond: (mk.movie_id = t.id)
  ->  Seq Scan on movie_keyword mk  (cost=0.00..81003.12 rows=3746694 width=4) (actual time=0.020..1530.163 rows=3744598 loops=1)
        Filter: (keyword_id > 743)
        Rows Removed by Filter: 779332
  ->  Hash  (cost=148924.19..148924.19 rows=460978 width=8) (actual time=2919.663..2919.663 rows=459925 loops=1)
        Buckets: 131072  Batches: 8  Memory Usage: 3284kB
        ->  Hash Join  (cost=102767.86..148924.19 rows=460978 width=8) (actual time=1648.540..2788.743 rows=459925 loops=1)
              Hash Cond: (mi_idx.movie_id = t.id)
              ->  Seq Scan on movie_info_idx mi_idx  (cost=0.00..25185.44 rows=460978 width=4) (actual time=0.021..443.978 rows=459925 loops=1)
                    Filter: (info_type_id = 99)
                    Rows Removed by Filter: 920110
              ->  Hash  (cost=61283.27..61283.27 rows=2528527 width=4) (actual time=1646.496..1646.496 rows=2528312 loops=1)
                    Buckets: 131072  Batches: 64  Memory Usage: 2415kB
                    ->  Seq Scan on title t  (cost=0.00..61283.27 rows=2528527 width=4) (actual time=0.012..834.668 rows=2528312 loops=1)
Planning time: 1.131 ms
Execution time: 6801.138 ms
