Hash Join  (cost=365418.15..1437757.85 rows=18131374 width=0) (actual time=7940.832..42011.294 rows=63385044 loops=1)
  Hash Cond: (ci.movie_id = t.id)
  ->  Seq Scan on cast_info ci  (cost=0.00..705507.15 rows=10134036 width=4) (actual time=0.027..10769.760 rows=10164660 loops=1)
        Filter: (person_id > 2699541)
        Rows Removed by Filter: 26079684
  ->  Hash  (cost=291197.02..291197.02 rows=4523930 width=8) (actual time=7938.912..7938.912 rows=4523930 loops=1)
        Buckets: 131072  Batches: 64  Memory Usage: 3816kB
        ->  Hash Join  (cost=102767.86..291197.02 rows=4523930 width=8) (actual time=1676.878..6562.234 rows=4523930 loops=1)
              Hash Cond: (mk.movie_id = t.id)
              ->  Seq Scan on movie_keyword mk  (cost=0.00..69693.30 rows=4523930 width=4) (actual time=0.012..1083.726 rows=4523930 loops=1)
              ->  Hash  (cost=61283.27..61283.27 rows=2528527 width=4) (actual time=1675.598..1675.598 rows=2528312 loops=1)
                    Buckets: 131072  Batches: 64  Memory Usage: 2425kB
                    ->  Seq Scan on title t  (cost=0.00..61283.27 rows=2528527 width=4) (actual time=0.024..834.338 rows=2528312 loops=1)
Planning time: 1.241 ms
Execution time: 49184.488 ms
