Hash Join  (cost=216815.21..365889.61 rows=2222036 width=0) (actual time=4626.066..9021.900 rows=8336847 loops=1)
  Hash Cond: (mk.movie_id = t.id)
  ->  Seq Scan on movie_keyword mk  (cost=0.00..69693.30 rows=4523930 width=4) (actual time=0.023..1095.806 rows=4523930 loops=1)
  ->  Hash  (cost=196438.88..196438.88 rows=1241946 width=8) (actual time=4624.857..4624.857 rows=1219762 loops=1)
        Buckets: 131072  Batches: 32  Memory Usage: 2524kB
        ->  Hash Join  (cost=106353.25..196438.88 rows=1241946 width=8) (actual time=1847.655..4222.149 rows=1219762 loops=1)
              Hash Cond: (mc.movie_id = t.id)
              ->  Seq Scan on movie_companies mc  (cost=0.00..51404.11 rows=1329612 width=4) (actual time=0.300..845.873 rows=1334883 loops=1)
                    Filter: (company_type_id > 1)
                    Rows Removed by Filter: 1274246
              ->  Hash  (cost=67604.59..67604.59 rows=2361813 width=4) (actual time=1846.527..1846.527 rows=2357639 loops=1)
                    Buckets: 131072  Batches: 32  Memory Usage: 3617kB
                    ->  Seq Scan on title t  (cost=0.00..67604.59 rows=2361813 width=4) (actual time=0.018..1117.712 rows=2357639 loops=1)
                          Filter: (production_year > 1923)
                          Rows Removed by Filter: 170673
Planning time: 1.173 ms
Execution time: 9701.596 ms
