Hash Join  (cost=52284.99..780163.64 rows=245 width=0) (actual time=708.279..11346.648 rows=46 loops=1)
  Hash Cond: (ci.movie_id = t.id)
  ->  Seq Scan on cast_info ci  (cost=0.00..705507.15 rows=5965078 width=4) (actual time=0.038..9682.124 rows=6029087 loops=1)
        Filter: (person_id > 3045221)
        Rows Removed by Filter: 30215257
  ->  Hash  (cost=52283.69..52283.69 rows=104 width=8) (actual time=638.449..638.449 rows=5 loops=1)
        Buckets: 1024  Batches: 1  Memory Usage: 9kB
        ->  Nested Loop  (cost=0.43..52283.69 rows=104 width=8) (actual time=359.122..638.435 rows=5 loops=1)
              ->  Seq Scan on movie_companies mc  (cost=0.00..51404.11 rows=104 width=4) (actual time=359.032..638.144 rows=5 loops=1)
                    Filter: (company_id = 101640)
                    Rows Removed by Filter: 2609124
              ->  Index Only Scan using title_pkey on title t  (cost=0.43..8.45 rows=1 width=4) (actual time=0.049..0.050 rows=1 loops=5)
                    Index Cond: (id = mc.movie_id)
                    Heap Fetches: 5
Planning time: 0.835 ms
Execution time: 11346.788 ms
