Seq Scan on movie_companies mc  (cost=0.00..57926.93 rows=665146 width=0) (actual time=10.680..830.195 rows=912001 loops=1)
  Filter: ((company_id > 11263) AND (company_type_id > 1))
  Rows Removed by Filter: 1697128
Planning time: 0.264 ms
Execution time: 952.815 ms
