Hash Join  (cost=76742.47..1480692.07 rows=1486044 width=136) (actual time=1596.426..33172.950 rows=1664831 loops=1)
  Hash Cond: (ci.movie_id = t.id)
  ->  Seq Scan on cast_info ci  (cost=0.00..614943.12 rows=36225612 width=42) (actual time=0.011..11706.018 rows=36244344 loops=1)
  ->  Hash  (cost=73925.90..73925.90 rows=103725 width=94) (actual time=1596.056..1596.056 rows=98992 loops=1)
        Buckets: 32768  Batches: 4  Memory Usage: 2897kB
        ->  Seq Scan on title t  (cost=0.00..73925.90 rows=103725 width=94) (actual time=2.241..1300.490 rows=98992 loops=1)
              Filter: ((production_year > 2010) AND (kind_id = 1))
              Rows Removed by Filter: 2429320
Planning time: 1.000 ms
Execution time: 33268.891 ms
