Seq Scan on cast_info ci  (cost=0.00..796071.18 rows=13509835 width=0) (actual time=0.012..11734.745 rows=11568165 loops=1)
  Filter: ((person_id > 1555721) AND (role_id < 4))
  Rows Removed by Filter: 24676179
Planning time: 0.333 ms
Execution time: 13093.837 ms
