Hash Join  (cost=122937.35..613806.79 rows=1036851 width=0) (actual time=2746.624..14553.955 rows=518847 loops=1)
  Hash Cond: (mi.movie_id = t.id)
  ->  Seq Scan on movie_info mi  (cost=0.00..309384.22 rows=14739122 width=4) (actual time=0.028..5984.265 rows=14835720 loops=1)
  ->  Hash  (cost=120018.93..120018.93 rows=177874 width=8) (actual time=2564.107..2564.107 rows=76248 loops=1)
        Buckets: 131072  Batches: 4  Memory Usage: 1770kB
        ->  Hash Join  (cost=79273.71..120018.93 rows=177874 width=8) (actual time=1793.161..2537.234 rows=76248 loops=1)
              Hash Cond: (mi_idx.movie_id = t.id)
              ->  Seq Scan on movie_info_idx mi_idx  (cost=0.00..21735.35 rows=1380035 width=4) (actual time=0.025..483.074 rows=1380035 loops=1)
              ->  Hash  (cost=73925.90..73925.90 rows=325904 width=4) (actual time=1385.366..1385.366 rows=349534 loops=1)
                    Buckets: 131072  Batches: 8  Memory Usage: 2566kB
                    ->  Seq Scan on title t  (cost=0.00..73925.90 rows=325904 width=4) (actual time=154.738..1272.237 rows=349534 loops=1)
                          Filter: ((production_year > 2009) AND (kind_id = 7))
                          Rows Removed by Filter: 2178778
Planning time: 11.534 ms
Execution time: 14625.075 ms
