Hash Join  (cost=189270.81..228569.03 rows=167932 width=0) (actual time=3814.611..5122.661 rows=720477 loops=1)
  Hash Cond: (mi_idx.movie_id = t.id)
  ->  Seq Scan on movie_info_idx mi_idx  (cost=0.00..25185.44 rows=919057 width=4) (actual time=0.027..449.197 rows=920110 loops=1)
        Filter: (info_type_id > 99)
        Rows Removed by Filter: 459925
  ->  Hash  (cost=181690.59..181690.59 rows=462018 width=8) (actual time=3813.752..3813.752 rows=786372 loops=1)
        Buckets: 131072 (originally 131072)  Batches: 16 (originally 8)  Memory Usage: 3073kB
        ->  Hash Join  (cost=102767.86..181690.59 rows=462018 width=8) (actual time=1827.767..3553.200 rows=786372 loops=1)
              Hash Cond: (mc.movie_id = t.id)
              ->  Seq Scan on movie_companies mc  (cost=0.00..57926.93 rows=462018 width=4) (actual time=221.815..833.172 rows=786372 loops=1)
                    Filter: ((company_id > 20445) AND (company_type_id > 1))
                    Rows Removed by Filter: 1822757
              ->  Hash  (cost=61283.27..61283.27 rows=2528527 width=4) (actual time=1604.759..1604.759 rows=2528312 loops=1)
                    Buckets: 131072  Batches: 64  Memory Usage: 2415kB
                    ->  Seq Scan on title t  (cost=0.00..61283.27 rows=2528527 width=4) (actual time=0.017..764.557 rows=2528312 loops=1)
Planning time: 1.158 ms
Execution time: 5214.906 ms
