Hash Join  (cost=184777.28..712893.56 rows=4527535 width=0) (actual time=4080.262..27859.936 rows=45505310 loops=1)
  Hash Cond: (mi.movie_id = t.id)
  ->  Seq Scan on movie_info mi  (cost=0.00..309384.22 rows=14739122 width=4) (actual time=0.018..4485.395 rows=14835720 loops=1)
  ->  Hash  (cost=172033.43..172033.43 rows=776708 width=8) (actual time=4079.296..4079.296 rows=1221495 loops=1)
        Buckets: 131072  Batches: 16  Memory Usage: 4064kB
        ->  Hash Join  (cost=86275.83..172033.43 rows=776708 width=8) (actual time=1189.092..3681.737 rows=1221495 loops=1)
              Hash Cond: (mc.movie_id = t.id)
              ->  Seq Scan on movie_companies mc  (cost=0.00..44881.29 rows=2609129 width=4) (actual time=0.027..689.099 rows=2609129 loops=1)
              ->  Hash  (cost=73925.90..73925.90 rows=752714 width=4) (actual time=1187.822..1187.822 rows=657199 loops=1)
                    Buckets: 131072  Batches: 16  Memory Usage: 2469kB
                    ->  Seq Scan on title t  (cost=0.00..73925.90 rows=752714 width=4) (actual time=0.023..976.101 rows=657199 loops=1)
                          Filter: ((kind_id < 7) AND (production_year > 1981))
                          Rows Removed by Filter: 1871113
Planning time: 1.157 ms
Execution time: 33175.397 ms
