Hash Join  (cost=521607.22..1457679.66 rows=4334731 width=0) (actual time=8806.016..24684.337 rows=3235676 loops=1)
  Hash Cond: (ci.movie_id = t.id)
  ->  Seq Scan on cast_info ci  (cost=0.00..796071.18 rows=7070989 width=4) (actual time=565.784..13375.451 rows=3791140 loops=1)
        Filter: ((person_id < 3012330) AND (role_id > 5))
        Rows Removed by Filter: 32453204
  ->  Hash  (cost=496176.42..496176.42 rows=1550064 width=8) (actual time=8239.026..8239.026 rows=1533909 loops=1)
        Buckets: 131072  Batches: 32  Memory Usage: 2883kB
        ->  Hash Join  (cost=102767.86..496176.42 rows=1550064 width=8) (actual time=1861.196..7783.638 rows=1533909 loops=1)
              Hash Cond: (mi.movie_id = t.id)
              ->  Seq Scan on movie_info mi  (cost=0.00..346232.03 rows=1550064 width=4) (actual time=91.796..4357.059 rows=1533909 loops=1)
                    Filter: (info_type_id = 3)
                    Rows Removed by Filter: 13301811
              ->  Hash  (cost=61283.27..61283.27 rows=2528527 width=4) (actual time=1768.395..1768.395 rows=2528312 loops=1)
                    Buckets: 131072  Batches: 64  Memory Usage: 2425kB
                    ->  Seq Scan on title t  (cost=0.00..61283.27 rows=2528527 width=4) (actual time=0.016..883.227 rows=2528312 loops=1)
Planning time: 2.739 ms
Execution time: 25069.395 ms
