Hash Join  (cost=83810.17..146212.50 rows=180268 width=0) (actual time=1531.737..2502.097 rows=382205 loops=1)
  Hash Cond: (mc.movie_id = t.id)
  ->  Seq Scan on movie_companies mc  (cost=0.00..51404.11 rows=461475 width=4) (actual time=278.527..719.113 rows=466004 loops=1)
        Filter: (company_id > 76288)
        Rows Removed by Filter: 2143125
  ->  Hash  (cost=67604.59..67604.59 rows=987727 width=4) (actual time=1251.644..1251.644 rows=985048 loops=1)
        Buckets: 131072  Batches: 16  Memory Usage: 3188kB
        ->  Seq Scan on title t  (cost=0.00..67604.59 rows=987727 width=4) (actual time=0.029..939.030 rows=985048 loops=1)
              Filter: (kind_id < 7)
              Rows Removed by Filter: 1543264
Planning time: 3.047 ms
Execution time: 2552.237 ms
