Seq Scan on cast_info ci  (cost=0.00..796071.18 rows=224 width=0) (actual time=1484.406..10997.299 rows=1 loops=1)
  Filter: ((role_id > 2) AND (person_id = 695463))
  Rows Removed by Filter: 36244343
Planning time: 0.359 ms
Execution time: 10997.449 ms
