Hash Join  (cost=171552.94..1277441.17 rows=7017106 width=0) (actual time=3292.291..39345.390 rows=32588682 loops=1)
  Hash Cond: (ci.movie_id = t.id)
  ->  Seq Scan on cast_info ci  (cost=0.00..614943.12 rows=36225612 width=4) (actual time=0.020..10216.005 rows=36244344 loops=1)
  ->  Hash  (cost=163516.57..163516.57 rows=489790 width=8) (actual time=3290.995..3290.995 rows=647015 loops=1)
        Buckets: 131072 (originally 131072)  Batches: 16 (originally 8)  Memory Usage: 3073kB
        ->  Hash Join  (cost=81714.14..163516.57 rows=489790 width=8) (actual time=1372.784..3134.158 rows=647015 loops=1)
              Hash Cond: (mc.movie_id = t.id)
              ->  Seq Scan on movie_companies mc  (cost=0.00..44881.29 rows=2609129 width=4) (actual time=0.018..710.125 rows=2609129 loops=1)
              ->  Hash  (cost=73925.90..73925.90 rows=474659 width=4) (actual time=1129.582..1129.582 rows=345685 loops=1)
                    Buckets: 131072  Batches: 8  Memory Usage: 2548kB
                    ->  Seq Scan on title t  (cost=0.00..73925.90 rows=474659 width=4) (actual time=0.014..1021.050 rows=345685 loops=1)
                          Filter: ((production_year > 1988) AND (kind_id = 1))
                          Rows Removed by Filter: 2182627
Planning time: 1.115 ms
Execution time: 42996.532 ms
