Seq Scan on movie_companies mc  (cost=0.00..57926.93 rows=300089 width=0) (actual time=311.514..705.977 rows=161387 loops=1)
  Filter: ((company_id < 664) AND (company_type_id = 2))
  Rows Removed by Filter: 2447742
Planning time: 0.368 ms
Execution time: 727.525 ms
