Hash Join  (cost=102767.86..272261.11 rows=3266962 width=0) (actual time=1696.590..5854.045 rows=3256578 loops=1)
  Hash Cond: (mk.movie_id = t.id)
  ->  Seq Scan on movie_keyword mk  (cost=0.00..81003.12 rows=3266962 width=4) (actual time=0.019..1358.038 rows=3256578 loops=1)
        Filter: (keyword_id < 14075)
        Rows Removed by Filter: 1267352
  ->  Hash  (cost=61283.27..61283.27 rows=2528527 width=4) (actual time=1694.991..1694.991 rows=2528312 loops=1)
        Buckets: 131072  Batches: 64  Memory Usage: 2425kB
        ->  Seq Scan on title t  (cost=0.00..61283.27 rows=2528527 width=4) (actual time=0.018..804.836 rows=2528312 loops=1)
Planning time: 0.714 ms
Execution time: 6262.659 ms
