Hash Join  (cost=101879.88..163103.23 rows=23237 width=0) (actual time=1278.490..2598.687 rows=132917 loops=1)
  Hash Cond: (mc.movie_id = t.id)
  ->  Seq Scan on movie_companies mc  (cost=0.00..51404.11 rows=2556499 width=4) (actual time=0.023..796.014 rows=2557604 loops=1)
        Filter: (company_id < 190268)
        Rows Removed by Filter: 51525
  ->  Hash  (cost=101592.59..101592.59 rows=22983 width=8) (actual time=1278.257..1278.257 rows=41360 loops=1)
        Buckets: 65536 (originally 32768)  Batches: 1 (originally 1)  Memory Usage: 2128kB
        ->  Hash Join  (cost=74452.28..101592.59 rows=22983 width=8) (actual time=833.250..1265.977 rows=41360 loops=1)
              Hash Cond: (mi_idx.movie_id = t.id)
              ->  Seq Scan on movie_info_idx mi_idx  (cost=0.00..21735.35 rows=1380035 width=4) (actual time=0.029..188.546 rows=1380035 loops=1)
              ->  Hash  (cost=73925.90..73925.90 rows=42110 width=4) (actual time=832.890..832.890 rows=33905 loops=1)
                    Buckets: 65536  Batches: 1  Memory Usage: 1704kB
                    ->  Seq Scan on title t  (cost=0.00..73925.90 rows=42110 width=4) (actual time=0.027..821.000 rows=33905 loops=1)
                          Filter: ((kind_id < 7) AND (production_year = 2006))
                          Rows Removed by Filter: 2494407
Planning time: 1.094 ms
Execution time: 2614.452 ms
