Seq Scan on movie_companies mc  (cost=0.00..57926.93 rows=53 width=0) (actual time=409.787..765.387 rows=218 loops=1)
  Filter: ((company_type_id > 1) AND (company_id = 17790))
  Rows Removed by Filter: 2608911
Planning time: 0.362 ms
Execution time: 765.528 ms
