Hash Join  (cost=163750.07..289203.81 rows=283270 width=0) (actual time=2637.729..5419.230 rows=539039 loops=1)
  Hash Cond: (mk.movie_id = t.id)
  ->  Seq Scan on movie_keyword mk  (cost=0.00..69693.30 rows=4523930 width=4) (actual time=0.012..1063.498 rows=4523930 loops=1)
  ->  Hash  (cost=161151.99..161151.99 rows=158326 width=8) (actual time=2636.743..2636.743 rows=196403 loops=1)
        Buckets: 131072  Batches: 4  Memory Usage: 2957kB
        ->  Hash Join  (cost=98137.04..161151.99 rows=158326 width=8) (actual time=1390.748..2568.201 rows=196403 loops=1)
              Hash Cond: (mc.movie_id = t.id)
              ->  Seq Scan on movie_companies mc  (cost=0.00..51404.11 rows=215117 width=4) (actual time=0.013..671.633 rows=215203 loops=1)
                    Filter: (company_id < 73)
                    Rows Removed by Filter: 2393926
              ->  Hash  (cost=67604.59..67604.59 rows=1860996 width=4) (actual time=1387.734..1387.734 rows=1865487 loops=1)
                    Buckets: 131072  Batches: 32  Memory Usage: 3079kB
                    ->  Seq Scan on title t  (cost=0.00..67604.59 rows=1860996 width=4) (actual time=0.015..880.351 rows=1865487 loops=1)
                          Filter: (kind_id > 1)
                          Rows Removed by Filter: 662825
Planning time: 1.109 ms
Execution time: 5483.155 ms
