Seq Scan on cast_info ci  (cost=0.00..796071.18 rows=15889341 width=0) (actual time=4.886..12450.245 rows=17806820 loops=1)
  Filter: ((person_id < 1876914) AND (role_id < 9))
  Rows Removed by Filter: 18437524
Planning time: 0.304 ms
Execution time: 14609.425 ms
