Hash Join  (cost=98044.23..974838.39 rows=2508660 width=0) (actual time=3847.044..15955.083 rows=889125 loops=1)
  Hash Cond: (ci.movie_id = t.id)
  ->  Seq Scan on cast_info ci  (cost=0.00..796071.18 rows=4315036 width=4) (actual time=1879.426..12757.196 rows=1522383 loops=1)
        Filter: ((person_id < 2767231) AND (role_id > 8))
        Rows Removed by Filter: 34721961
  ->  Hash  (cost=73925.90..73925.90 rows=1470026 width=4) (actual time=1965.529..1965.529 rows=1478439 loops=1)
        Buckets: 131072  Batches: 32  Memory Usage: 2651kB
        ->  Seq Scan on title t  (cost=0.00..73925.90 rows=1470026 width=4) (actual time=0.048..1187.723 rows=1478439 loops=1)
              Filter: ((production_year > 1913) AND (kind_id = 7))
              Rows Removed by Filter: 1049873
Planning time: 0.806 ms
Execution time: 16064.641 ms
