Hash Join  (cost=89649.84..164443.93 rows=484979 width=0) (actual time=1798.574..3142.495 rows=171036 loops=1)
  Hash Cond: (mc.movie_id = t.id)
  ->  Seq Scan on movie_companies mc  (cost=0.00..51404.11 rows=1279517 width=4) (actual time=0.029..841.359 rows=1274246 loops=1)
        Filter: (company_type_id < 2)
        Rows Removed by Filter: 1334883
  ->  Hash  (cost=73925.90..73925.90 rows=958395 width=4) (actual time=1448.540..1448.540 rows=1050192 loops=1)
        Buckets: 131072  Batches: 16  Memory Usage: 3340kB
        ->  Seq Scan on title t  (cost=0.00..73925.90 rows=958395 width=4) (actual time=0.026..1120.712 rows=1050192 loops=1)
              Filter: ((production_year > 1996) AND (kind_id = 7))
              Rows Removed by Filter: 1478120
Planning time: 2.134 ms
Execution time: 3163.436 ms
