Seq Scan on movie_keyword mk  (cost=0.00..81003.12 rows=1061503 width=0) (actual time=0.017..1256.213 rows=1070337 loops=1)
  Filter: (keyword_id > 16486)
  Rows Removed by Filter: 3453593
Planning time: 0.238 ms
Execution time: 1394.005 ms
