Seq Scan on movie_keyword mk  (cost=0.00..81003.12 rows=246 width=0) (actual time=234.268..1053.857 rows=17 loops=1)
  Filter: (keyword_id = 20965)
  Rows Removed by Filter: 4523913
Planning time: 0.354 ms
Execution time: 1053.952 ms
