Hash Join  (cost=806220.80..833138.08 rows=680 width=0) (actual time=8623.758..9184.946 rows=2032 loops=1)
  Hash Cond: (mi_idx.movie_id = t.id)
  ->  Seq Scan on movie_info_idx mi_idx  (cost=0.00..21735.35 rows=1380035 width=4) (actual time=0.029..251.348 rows=1380035 loops=1)
  ->  Hash  (cost=806205.22..806205.22 rows=1246 width=8) (actual time=8623.587..8623.587 rows=2182 loops=1)
        Buckets: 4096 (originally 2048)  Batches: 1 (originally 1)  Memory Usage: 118kB
        ->  Nested Loop  (cost=0.43..806205.22 rows=1246 width=8) (actual time=5206.642..8622.546 rows=2182 loops=1)
              ->  Seq Scan on cast_info ci  (cost=0.00..796071.18 rows=1246 width=4) (actual time=5206.462..8589.048 rows=2182 loops=1)
                    Filter: ((person_id < 597) AND (role_id = 1))
                    Rows Removed by Filter: 36242162
              ->  Index Only Scan using title_pkey on title t  (cost=0.43..8.12 rows=1 width=4) (actual time=0.014..0.015 rows=1 loops=2182)
                    Index Cond: (id = ci.movie_id)
                    Heap Fetches: 2182
Planning time: 1.180 ms
Execution time: 9185.418 ms
