Seq Scan on movie_keyword mk  (cost=0.00..81003.12 rows=1343727 width=0) (actual time=0.023..1223.216 rows=1354213 loops=1)
  Filter: (keyword_id > 12449)
  Rows Removed by Filter: 3169717
Planning time: 0.318 ms
Execution time: 1396.260 ms
