Seq Scan on cast_info ci  (cost=0.00..796071.18 rows=2927722 width=0) (actual time=9290.488..10819.853 rows=2641 loops=1)
  Filter: ((person_id < 1423896) AND (role_id = 2))
  Rows Removed by Filter: 36241703
Planning time: 0.365 ms
Execution time: 10820.394 ms
