Hash Join  (cost=1017909.13..1606514.53 rows=5016576 width=0) (actual time=17460.555..29090.911 rows=1195947 loops=1)
  Hash Cond: (mi.movie_id = t.id)
  ->  Seq Scan on movie_info mi  (cost=0.00..309384.22 rows=14739122 width=4) (actual time=0.008..4363.464 rows=14835720 loops=1)
  ->  Hash  (cost=1003789.58..1003789.58 rows=860604 width=8) (actual time=17314.373..17314.373 rows=185371 loops=1)
        Buckets: 131072  Batches: 16  Memory Usage: 1482kB
        ->  Hash Join  (cost=77339.01..1003789.58 rows=860604 width=8) (actual time=980.588..17242.106 rows=185371 loops=1)
              Hash Cond: (ci.movie_id = t.id)
              ->  Seq Scan on cast_info ci  (cost=0.00..796071.18 rows=10461429 width=4) (actual time=0.028..12425.555 rows=7737279 loops=1)
                    Filter: ((person_id > 1697339) AND (role_id < 3))
                    Rows Removed by Filter: 28507065
              ->  Hash  (cost=73925.90..73925.90 rows=208008 width=4) (actual time=978.128..978.128 rows=104154 loops=1)
                    Buckets: 131072  Batches: 4  Memory Usage: 1936kB
                    ->  Seq Scan on title t  (cost=0.00..73925.90 rows=208008 width=4) (actual time=14.591..940.909 rows=104154 loops=1)
                          Filter: ((production_year < 1968) AND (kind_id = 7))
                          Rows Removed by Filter: 2424158
Planning time: 2.260 ms
Execution time: 29215.325 ms
