Hash Join  (cost=73953.78..159145.82 rows=983 width=0) (actual time=632.177..1818.895 rows=8890 loops=1)
  Hash Cond: (mk.movie_id = t.id)
  ->  Seq Scan on movie_keyword mk  (cost=0.00..81003.12 rows=1114423 width=4) (actual time=0.022..1012.006 rows=1120975 loops=1)
        Filter: (keyword_id < 1198)
        Rows Removed by Filter: 3402955
  ->  Hash  (cost=73925.90..73925.90 rows=2230 width=4) (actual time=632.067..632.067 rows=6462 loops=1)
        Buckets: 8192 (originally 4096)  Batches: 1 (originally 1)  Memory Usage: 292kB
        ->  Seq Scan on title t  (cost=0.00..73925.90 rows=2230 width=4) (actual time=0.082..629.190 rows=6462 loops=1)
              Filter: ((kind_id < 3) AND (production_year = 1992))
              Rows Removed by Filter: 2521850
Planning time: 0.793 ms
Execution time: 1820.293 ms
