Hash Join  (cost=161478.04..273147.70 rows=289745 width=0) (actual time=3234.444..6382.848 rows=2859693 loops=1)
  Hash Cond: (mk.movie_id = t.id)
  ->  Seq Scan on movie_keyword mk  (cost=0.00..81003.12 rows=2293623 width=4) (actual time=0.034..1358.951 rows=2299651 loops=1)
        Filter: (keyword_id > 4557)
        Rows Removed by Filter: 2224279
  ->  Hash  (cost=156237.29..156237.29 rows=319420 width=8) (actual time=3233.094..3233.094 rows=657393 loops=1)
        Buckets: 131072 (originally 131072)  Batches: 16 (originally 8)  Memory Usage: 3073kB
        ->  Hash Join  (cost=83891.93..156237.29 rows=319420 width=8) (actual time=1167.657..3008.528 rows=657393 loops=1)
              Hash Cond: (mc.movie_id = t.id)
              ->  Seq Scan on movie_companies mc  (cost=0.00..51404.11 rows=1329612 width=4) (actual time=0.024..837.864 rows=1334883 loops=1)
                    Filter: (company_type_id = 2)
                    Rows Removed by Filter: 1274246
              ->  Hash  (cost=73925.90..73925.90 rows=607442 width=4) (actual time=1166.718..1166.718 rows=675690 loops=1)
                    Buckets: 131072  Batches: 8  Memory Usage: 4012kB
                    ->  Seq Scan on title t  (cost=0.00..73925.90 rows=607442 width=4) (actual time=0.022..949.362 rows=675690 loops=1)
                          Filter: ((kind_id < 7) AND (production_year < 2007))
                          Rows Removed by Filter: 1852622
Planning time: 1.165 ms
Execution time: 6716.710 ms
