Hash Join  (cost=99161.12..213353.33 rows=956437 width=0) (actual time=1697.255..4414.300 rows=1114751 loops=1)
  Hash Cond: (mk.movie_id = t.id)
  ->  Seq Scan on movie_keyword mk  (cost=0.00..81003.12 rows=1257343 width=4) (actual time=0.014..1236.822 rows=1267423 loops=1)
        Filter: (keyword_id > 14069)
        Rows Removed by Filter: 3256507
  ->  Hash  (cost=67604.59..67604.59 rows=1923403 width=4) (actual time=1696.552..1696.552 rows=1922849 loops=1)
        Buckets: 131072  Batches: 32  Memory Usage: 3141kB
        ->  Seq Scan on title t  (cost=0.00..67604.59 rows=1923403 width=4) (actual time=0.023..1070.784 rows=1922849 loops=1)
              Filter: (production_year < 2010)
              Rows Removed by Filter: 605463
Planning time: 0.729 ms
Execution time: 4553.861 ms
