Hash Join  (cost=83810.17..944913.51 rows=1544769 width=0) (actual time=1196.058..16889.092 rows=3346978 loops=1)
  Hash Cond: (ci.movie_id = t.id)
  ->  Seq Scan on cast_info ci  (cost=0.00..796071.18 rows=3954523 width=4) (actual time=0.014..10909.325 rows=7958353 loops=1)
        Filter: ((person_id > 2510656) AND (role_id > 3))
        Rows Removed by Filter: 28285991
  ->  Hash  (cost=67604.59..67604.59 rows=987727 width=4) (actual time=1194.892..1194.892 rows=985048 loops=1)
        Buckets: 131072  Batches: 16  Memory Usage: 3188kB
        ->  Seq Scan on title t  (cost=0.00..67604.59 rows=987727 width=4) (actual time=0.012..881.976 rows=985048 loops=1)
              Filter: (kind_id < 7)
              Rows Removed by Filter: 1543264
Planning time: 0.796 ms
Execution time: 17278.748 ms
