Hash Join  (cost=74456.32..133543.16 rows=4968 width=0) (actual time=1305.698..1802.223 rows=16491 loops=1)
  Hash Cond: (mc.movie_id = t.id)
  ->  Seq Scan on movie_companies mc  (cost=0.00..57926.93 rows=296061 width=4) (actual time=199.016..751.287 rows=585927 loops=1)
        Filter: ((company_id > 70913) AND (company_type_id = 2))
        Rows Removed by Filter: 2023202
  ->  Hash  (cost=73925.90..73925.90 rows=42433 width=4) (actual time=896.128..896.128 rows=37411 loops=1)
        Buckets: 65536  Batches: 1  Memory Usage: 1828kB
        ->  Seq Scan on title t  (cost=0.00..73925.90 rows=42433 width=4) (actual time=387.560..879.407 rows=37411 loops=1)
              Filter: ((kind_id = 1) AND (production_year = 2011))
              Rows Removed by Filter: 2490901
Planning time: 0.763 ms
Execution time: 1804.861 ms
