Hash Join  (cost=77934.62..198198.21 rows=652047 width=0) (actual time=1234.220..4253.815 rows=884771 loops=1)
  Hash Cond: (mk.movie_id = t.id)
  ->  Seq Scan on movie_keyword mk  (cost=0.00..81003.12 rows=2618663 width=4) (actual time=0.017..1477.731 rows=2608208 loops=1)
        Filter: (keyword_id < 7078)
        Rows Removed by Filter: 1915722
  ->  Hash  (cost=67604.59..67604.59 rows=629603 width=4) (actual time=1232.525..1232.525 rows=622851 loops=1)
        Buckets: 131072  Batches: 16  Memory Usage: 2394kB
        ->  Seq Scan on title t  (cost=0.00..67604.59 rows=629603 width=4) (actual time=0.021..858.587 rows=622851 loops=1)
              Filter: (production_year < 1987)
              Rows Removed by Filter: 1905461
Planning time: 0.734 ms
Execution time: 4370.852 ms
