Hash Join  (cost=107819.01..288905.94 rows=4385498 width=0) (actual time=1924.176..6906.965 rows=4497645 loops=1)
  Hash Cond: (mk.movie_id = t.id)
  ->  Seq Scan on movie_keyword mk  (cost=0.00..69693.30 rows=4523930 width=4) (actual time=0.017..1195.117 rows=4523930 loops=1)
  ->  Hash  (cost=67604.59..67604.59 rows=2451154 width=4) (actual time=1923.137..1923.137 rows=2450346 loops=1)
        Buckets: 131072  Batches: 64  Memory Usage: 2381kB
        ->  Seq Scan on title t  (cost=0.00..67604.59 rows=2451154 width=4) (actual time=0.017..1088.054 rows=2450346 loops=1)
              Filter: (production_year > 1899)
              Rows Removed by Filter: 77966
Planning time: 0.737 ms
Execution time: 7483.963 ms
