Hash Join  (cost=102767.86..1549782.17 rows=30405364 width=0) (actual time=1801.516..44473.286 rows=30511650 loops=1)
  Hash Cond: (ci.movie_id = t.id)
  ->  Seq Scan on cast_info ci  (cost=0.00..705507.15 rows=30405364 width=4) (actual time=0.018..16864.235 rows=30511650 loops=1)
        Filter: (role_id < 9)
        Rows Removed by Filter: 5732694
  ->  Hash  (cost=61283.27..61283.27 rows=2528527 width=4) (actual time=1800.749..1800.749 rows=2528312 loops=1)
        Buckets: 131072  Batches: 64  Memory Usage: 2415kB
        ->  Seq Scan on title t  (cost=0.00..61283.27 rows=2528527 width=4) (actual time=0.013..977.848 rows=2528312 loops=1)
Planning time: 0.573 ms
Execution time: 47848.738 ms
