Hash Join  (cost=156649.15..259068.01 rows=268891 width=0) (actual time=2772.230..5167.385 rows=1118659 loops=1)
  Hash Cond: (mk.movie_id = t.id)
  ->  Seq Scan on movie_keyword mk  (cost=0.00..81003.12 rows=1462355 width=4) (actual time=0.009..1282.629 rows=1472411 loops=1)
        Filter: (keyword_id > 11172)
        Rows Removed by Filter: 3051519
  ->  Hash  (cost=149020.47..149020.47 rows=464934 width=8) (actual time=2771.559..2771.559 rows=460185 loops=1)
        Buckets: 131072  Batches: 8  Memory Usage: 3286kB
        ->  Hash Join  (cost=102767.86..149020.47 rows=464934 width=8) (actual time=1692.158..2660.187 rows=460185 loops=1)
              Hash Cond: (mi_idx.movie_id = t.id)
              ->  Seq Scan on movie_info_idx mi_idx  (cost=0.00..25185.44 rows=464934 width=4) (actual time=0.012..363.767 rows=460185 loops=1)
                    Filter: (info_type_id > 100)
                    Rows Removed by Filter: 919850
              ->  Hash  (cost=61283.27..61283.27 rows=2528527 width=4) (actual time=1690.923..1690.923 rows=2528312 loops=1)
                    Buckets: 131072  Batches: 64  Memory Usage: 2415kB
                    ->  Seq Scan on title t  (cost=0.00..61283.27 rows=2528527 width=4) (actual time=0.021..875.815 rows=2528312 loops=1)
Planning time: 0.782 ms
Execution time: 5311.399 ms
