Seq Scan on movie_keyword mk  (cost=0.00..81003.12 rows=246 width=0) (actual time=3.297..1031.979 rows=424 loops=1)
  Filter: (keyword_id = 4975)
  Rows Removed by Filter: 4523506
Planning time: 0.344 ms
Execution time: 1032.238 ms
