Hash Join  (cost=83198.94..167222.07 rows=13146 width=0) (actual time=1551.850..2961.068 rows=38910 loops=1)
  Hash Cond: (mk.movie_id = t.id)
  ->  Seq Scan on movie_keyword mk  (cost=0.00..81003.12 rows=58811 width=4) (actual time=0.021..1252.699 rows=58448 loops=1)
        Filter: (keyword_id = 16264)
        Rows Removed by Filter: 4465482
  ->  Hash  (cost=73925.90..73925.90 rows=565203 width=4) (actual time=1550.857..1550.857 rows=641785 loops=1)
        Buckets: 131072  Batches: 8  Memory Usage: 3870kB
        ->  Seq Scan on title t  (cost=0.00..73925.90 rows=565203 width=4) (actual time=0.035..1075.090 rows=641785 loops=1)
              Filter: ((kind_id < 7) AND (production_year < 2006))
              Rows Removed by Filter: 1886527
Planning time: 0.798 ms
Execution time: 2967.344 ms
