Seq Scan on cast_info ci  (cost=0.00..705507.15 rows=500 width=0) (actual time=6708.062..8886.320 rows=1 loops=1)
  Filter: (person_id = 3876513)
  Rows Removed by Filter: 36244343
Planning time: 0.356 ms
Execution time: 8886.416 ms
