Seq Scan on movie_keyword mk  (cost=0.00..81003.12 rows=3303967 width=0) (actual time=0.021..1198.304 rows=3294636 loops=1)
  Filter: (keyword_id < 14762)
  Rows Removed by Filter: 1229294
Planning time: 0.327 ms
Execution time: 1581.471 ms
