Hash Join  (cost=90991.69..933824.71 rows=1120412 width=0) (actual time=3367.040..13566.764 rows=463940 loops=1)
  Hash Cond: (ci.movie_id = t.id)
  ->  Seq Scan on cast_info ci  (cost=0.00..796071.18 rows=2723657 width=4) (actual time=1955.922..11395.056 rows=879445 loops=1)
        Filter: ((person_id < 2318671) AND (role_id = 10))
        Rows Removed by Filter: 35364899
  ->  Hash  (cost=73925.90..73925.90 rows=1040143 width=4) (actual time=1410.020..1410.020 rows=1134228 loops=1)
        Buckets: 131072  Batches: 16  Memory Usage: 3525kB
        ->  Seq Scan on title t  (cost=0.00..73925.90 rows=1040143 width=4) (actual time=0.023..1068.953 rows=1134228 loops=1)
              Filter: ((production_year > 1992) AND (kind_id = 7))
              Rows Removed by Filter: 1394084
Planning time: 0.809 ms
Execution time: 13628.346 ms
