Seq Scan on movie_keyword mk  (cost=0.00..81003.12 rows=3483464 width=0) (actual time=0.024..1342.337 rows=3473271 loops=1)
  Filter: (keyword_id < 16874)
  Rows Removed by Filter: 1050659
Planning time: 0.319 ms
Execution time: 1779.477 ms
