Seq Scan on cast_info ci  (cost=0.00..796071.18 rows=4728835 width=0) (actual time=1653.749..11431.149 rows=9706130 loops=1)
  Filter: ((person_id < 1323200) AND (role_id = 1))
  Rows Removed by Filter: 26538214
Planning time: 0.409 ms
Execution time: 12636.524 ms
