Seq Scan on cast_info ci  (cost=0.00..705507.15 rows=10177934 width=0) (actual time=1173.358..9907.379 rows=10205622 loops=1)
  Filter: (person_id > 2694298)
  Rows Removed by Filter: 26038722
Planning time: 0.293 ms
Execution time: 11190.807 ms
