Seq Scan on movie_companies mc  (cost=0.00..51404.11 rows=104 width=0) (actual time=207.175..676.959 rows=26 loops=1)
  Filter: (company_id = 24901)
  Rows Removed by Filter: 2609103
Planning time: 0.364 ms
Execution time: 677.054 ms
