Seq Scan on movie_companies mc  (cost=0.00..51404.11 rows=1576315 width=0) (actual time=0.018..799.730 rows=1567755 loops=1)
  Filter: (company_id < 15194)
  Rows Removed by Filter: 1041374
Planning time: 0.298 ms
Execution time: 1008.938 ms
