Nested Loop  (cost=32749.09..147890.02 rows=5698 width=0) (actual time=537.657..1898.858 rows=14985 loops=1)
  ->  Hash Join  (cost=32748.66..121578.38 rows=31032 width=8) (actual time=537.552..1673.999 rows=14985 loops=1)
        Hash Cond: (mk.movie_id = mi_idx.movie_id)
        ->  Seq Scan on movie_keyword mk  (cost=0.00..81003.12 rows=31253 width=4) (actual time=0.035..1037.312 rows=26630 loops=1)
              Filter: (keyword_id < 22)
              Rows Removed by Filter: 4497300
        ->  Hash  (cost=25185.44..25185.44 rows=460978 width=4) (actual time=536.857..536.857 rows=459925 loops=1)
              Buckets: 131072  Batches: 8  Memory Usage: 3059kB
              ->  Seq Scan on movie_info_idx mi_idx  (cost=0.00..25185.44 rows=460978 width=4) (actual time=0.033..395.450 rows=459925 loops=1)
                    Filter: (info_type_id < 100)
                    Rows Removed by Filter: 920110
  ->  Index Only Scan using title_pkey on title t  (cost=0.43..0.84 rows=1 width=4) (actual time=0.014..0.014 rows=1 loops=14985)
        Index Cond: (id = mi_idx.movie_id)
        Heap Fetches: 14985
Planning time: 1.189 ms
Execution time: 1902.636 ms
