Hash Join  (cost=507680.73..1531075.59 rows=9045804 width=0) (actual time=7971.866..32671.399 rows=12092525 loops=1)
  Hash Cond: (ci.movie_id = t.id)
  ->  Seq Scan on cast_info ci  (cost=0.00..705507.15 rows=19268450 width=4) (actual time=0.013..11932.616 rows=19167163 loops=1)
        Filter: (person_id < 1915066)
        Rows Removed by Filter: 17077181
  ->  Hash  (cost=488205.65..488205.65 rows=1187047 width=8) (actual time=7971.174..7971.174 rows=1201031 loops=1)
        Buckets: 131072  Batches: 16  Memory Usage: 3950kB
        ->  Hash Join  (cost=104131.46..488205.65 rows=1187047 width=8) (actual time=3805.480..7621.223 rows=1201031 loops=1)
              Hash Cond: (mi.movie_id = t.id)
              ->  Seq Scan on movie_info mi  (cost=0.00..346232.03 rows=1348138 width=4) (actual time=1792.221..4185.383 rows=1298989 loops=1)
                    Filter: (info_type_id = 4)
                    Rows Removed by Filter: 13536731
              ->  Hash  (cost=67604.59..67604.59 rows=2226390 width=4) (actual time=2012.290..2012.290 rows=2224569 loops=1)
                    Buckets: 131072  Batches: 32  Memory Usage: 3472kB
                    ->  Seq Scan on title t  (cost=0.00..67604.59 rows=2226390 width=4) (actual time=0.037..1278.173 rows=2224569 loops=1)
                          Filter: (production_year < 2012)
                          Rows Removed by Filter: 303743
Planning time: 0.850 ms
Execution time: 33987.606 ms
