Hash Join  (cost=102191.65..189383.75 rows=53406 width=0) (actual time=1537.227..3153.060 rows=211918 loops=1)
  Hash Cond: (mk.movie_id = t.id)
  ->  Seq Scan on movie_keyword mk  (cost=0.00..69693.30 rows=4523930 width=4) (actual time=0.018..743.926 rows=4523930 loops=1)
  ->  Hash  (cost=101818.52..101818.52 rows=29850 width=8) (actual time=1536.889..1536.889 rows=35496 loops=1)
        Buckets: 65536 (originally 32768)  Batches: 1 (originally 1)  Memory Usage: 1899kB
        ->  Hash Join  (cost=74609.54..101818.52 rows=29850 width=8) (actual time=950.612..1523.873 rows=35496 loops=1)
              Hash Cond: (mi_idx.movie_id = t.id)
              ->  Seq Scan on movie_info_idx mi_idx  (cost=0.00..21735.35 rows=1380035 width=4) (actual time=0.009..234.746 rows=1380035 loops=1)
              ->  Hash  (cost=73925.90..73925.90 rows=54691 width=4) (actual time=950.249..950.249 rows=46344 loops=1)
                    Buckets: 65536  Batches: 1  Memory Usage: 2142kB
                    ->  Seq Scan on title t  (cost=0.00..73925.90 rows=54691 width=4) (actual time=0.011..931.519 rows=46344 loops=1)
                          Filter: ((kind_id < 4) AND (production_year = 2011))
                          Rows Removed by Filter: 2481968
Planning time: 1.125 ms
Execution time: 3181.196 ms
