Hash Join  (cost=74050.79..208674.16 rows=617025 width=0) (actual time=972.548..4309.447 rows=255677 loops=1)
  Hash Cond: (mk.movie_id = t.id)
  ->  Seq Scan on movie_keyword mk  (cost=0.00..81003.12 rows=3970933 width=4) (actual time=0.022..1607.945 rows=3973154 loops=1)
        Filter: (keyword_id < 33479)
        Rows Removed by Filter: 550776
  ->  Hash  (cost=67604.59..67604.59 rows=392896 width=4) (actual time=971.753..971.753 rows=391666 loops=1)
        Buckets: 131072  Batches: 8  Memory Usage: 2759kB
        ->  Seq Scan on title t  (cost=0.00..67604.59 rows=392896 width=4) (actual time=0.015..849.581 rows=391666 loops=1)
              Filter: (production_year > 2010)
              Rows Removed by Filter: 2136646
Planning time: 0.529 ms
Execution time: 4341.785 ms
