Seq Scan on movie_companies mc  (cost=0.00..51404.11 rows=2399641 width=0) (actual time=0.012..785.468 rows=2398634 loops=1)
  Filter: (company_id < 110384)
  Rows Removed by Filter: 210495
Planning time: 0.338 ms
Execution time: 1078.999 ms
