Hash Join  (cost=80661.47..211612.43 rows=734493 width=0) (actual time=1057.231..5045.133 rows=2287440 loops=1)
  Hash Cond: (mk.movie_id = t.id)
  ->  Seq Scan on movie_keyword mk  (cost=0.00..69693.30 rows=4523930 width=4) (actual time=0.014..1114.230 rows=4523930 loops=1)
  ->  Hash  (cost=73925.90..73925.90 rows=410525 width=4) (actual time=1056.273..1056.273 rows=456146 loops=1)
        Buckets: 131072  Batches: 8  Memory Usage: 3048kB
        ->  Seq Scan on title t  (cost=0.00..73925.90 rows=410525 width=4) (actual time=267.388..908.630 rows=456146 loops=1)
              Filter: ((kind_id < 2) AND (production_year < 2007))
              Rows Removed by Filter: 2072166
Planning time: 1.748 ms
Execution time: 5262.341 ms
