Seq Scan on movie_keyword mk  (cost=0.00..81003.12 rows=2227875 width=0) (actual time=0.020..1475.379 rows=2225400 loops=1)
  Filter: (keyword_id > 4925)
  Rows Removed by Filter: 2298530
Planning time: 0.361 ms
Execution time: 1753.765 ms
