Hash Join  (cost=493162.15..1603152.82 rows=3008442 width=0) (actual time=9318.289..37872.637 rows=12255765 loops=1)
  Hash Cond: (ci.movie_id = t.id)
  ->  Seq Scan on cast_info ci  (cost=0.00..614943.12 rows=36225612 width=4) (actual time=0.009..10734.468 rows=36244344 loops=1)
  ->  Hash  (cost=489716.30..489716.30 rows=209988 width=8) (actual time=9317.320..9317.320 rows=233227 loops=1)
        Buckets: 131072  Batches: 4  Memory Usage: 3212kB
        ->  Hash Join  (cost=69002.72..489716.30 rows=209988 width=8) (actual time=995.121..8092.190 rows=233227 loops=1)
              Hash Cond: (mi.movie_id = t.id)
              ->  Seq Scan on movie_info mi  (cost=0.00..346232.03 rows=6231111 width=4) (actual time=0.028..4954.938 rows=6223494 loops=1)
                    Filter: (info_type_id > 8)
                    Rows Removed by Filter: 8612226
              ->  Hash  (cost=67604.59..67604.59 rows=85211 width=4) (actual time=994.261..994.261 rows=84593 loops=1)
                    Buckets: 131072  Batches: 2  Memory Usage: 2524kB
                    ->  Seq Scan on title t  (cost=0.00..67604.59 rows=85211 width=4) (actual time=0.021..959.642 rows=84593 loops=1)
                          Filter: (production_year = 2004)
                          Rows Removed by Filter: 2443719
Planning time: 1.236 ms
Execution time: 39212.731 ms
