Hash Join  (cost=128673.40..882022.44 rows=11918 width=0) (actual time=1846.300..15078.192 rows=25148 loops=1)
  Hash Cond: (ci.movie_id = t.id)
  ->  Seq Scan on cast_info ci  (cost=0.00..705507.15 rows=12726058 width=4) (actual time=0.025..11274.139 rows=12670688 loops=1)
        Filter: (role_id = 1)
        Rows Removed by Filter: 23573656
  ->  Hash  (cost=128643.80..128643.80 rows=2368 width=8) (actual time=1846.049..1846.049 rows=4270 loops=1)
        Buckets: 8192 (originally 4096)  Batches: 1 (originally 1)  Memory Usage: 231kB
        ->  Hash Join  (cost=73954.59..128643.80 rows=2368 width=8) (actual time=845.636..1843.624 rows=4270 loops=1)
              Hash Cond: (mc.movie_id = t.id)
              ->  Seq Scan on movie_companies mc  (cost=0.00..44881.29 rows=2609129 width=4) (actual time=0.030..477.227 rows=2609129 loops=1)
              ->  Hash  (cost=73925.90..73925.90 rows=2295 width=4) (actual time=845.513..845.513 rows=3114 loops=1)
                    Buckets: 4096  Batches: 1  Memory Usage: 142kB
                    ->  Seq Scan on title t  (cost=0.00..73925.90 rows=2295 width=4) (actual time=483.427..844.009 rows=3114 loops=1)
                          Filter: ((kind_id = 4) AND (production_year = 1999))
                          Rows Removed by Filter: 2525198
Planning time: 1.234 ms
Execution time: 15082.489 ms
