Seq Scan on cast_info ci  (cost=0.00..796071.18 rows=176 width=0) (actual time=5523.736..9126.195 rows=300 loops=1)
  Filter: ((person_id = 1564883) AND (role_id = 1))
  Rows Removed by Filter: 36244044
Planning time: 0.345 ms
Execution time: 9126.316 ms
