Hash Join  (cost=600029.19..1858437.03 rows=10582201 width=0) (actual time=14286.554..54734.725 rows=46651390 loops=1)
  Hash Cond: (ci.movie_id = t.id)
  ->  Seq Scan on cast_info ci  (cost=0.00..705507.15 rows=26757444 width=4) (actual time=0.019..14296.539 rows=26859641 loops=1)
        Filter: (role_id < 5)
        Rows Removed by Filter: 9384703
  ->  Hash  (cost=583622.22..583622.22 rows=999998 width=8) (actual time=14283.314..14283.314 rows=3097769 loops=1)
        Buckets: 131072 (originally 131072)  Batches: 64 (originally 16)  Memory Usage: 3073kB
        ->  Hash Join  (cost=77134.53..583622.22 rows=999998 width=8) (actual time=990.923..13350.297 rows=3097769 loops=1)
              Hash Cond: (mi.movie_id = t.id)
              ->  Seq Scan on movie_info mi  (cost=0.00..346232.03 rows=12928982 width=4) (actual time=0.012..5724.650 rows=12970088 loops=1)
                    Filter: (info_type_id < 18)
                    Rows Removed by Filter: 1865632
              ->  Hash  (cost=73925.90..73925.90 rows=195570 width=4) (actual time=990.236..990.236 rows=300646 loops=1)
                    Buckets: 131072  Batches: 4  Memory Usage: 3676kB
                    ->  Seq Scan on title t  (cost=0.00..73925.90 rows=195570 width=4) (actual time=0.019..889.883 rows=300646 loops=1)
                          Filter: ((kind_id < 7) AND (production_year < 1979))
                          Rows Removed by Filter: 2227666
Planning time: 1.176 ms
Execution time: 59511.442 ms
