Hash Join  (cost=97151.21..1339297.49 rows=20281312 width=0) (actual time=1575.653..36325.531 rows=19483155 loops=1)
  Hash Cond: (ci.movie_id = t.id)
  ->  Seq Scan on cast_info ci  (cost=0.00..614943.12 rows=36225612 width=4) (actual time=0.024..10793.108 rows=36244344 loops=1)
  ->  Hash  (cost=73925.90..73925.90 rows=1415624 width=4) (actual time=1574.689..1574.689 rows=1398720 loops=1)
        Buckets: 131072  Batches: 32  Memory Usage: 2560kB
        ->  Seq Scan on title t  (cost=0.00..73925.90 rows=1415624 width=4) (actual time=0.018..1135.665 rows=1398720 loops=1)
              Filter: ((kind_id > 1) AND (production_year < 2010))
              Rows Removed by Filter: 1129592
Planning time: 0.710 ms
Execution time: 38567.691 ms
