Seq Scan on cast_info ci  (cost=0.00..796071.18 rows=8011643 width=0) (actual time=1584.725..11530.528 rows=4084581 loops=1)
  Filter: ((person_id < 2427999) AND (role_id > 3))
  Rows Removed by Filter: 32159763
Planning time: 0.334 ms
Execution time: 12048.964 ms
