Hash Join  (cost=94613.42..181276.08 rows=462 width=0) (actual time=832.650..2235.384 rows=3966 loops=1)
  Hash Cond: (mk.movie_id = t.id)
  ->  Seq Scan on movie_keyword mk  (cost=0.00..69693.30 rows=4523930 width=4) (actual time=0.020..744.134 rows=4523930 loops=1)
  ->  Hash  (cost=94610.19..94610.19 rows=258 width=8) (actual time=701.551..701.551 rows=245 loops=1)
        Buckets: 1024  Batches: 1  Memory Usage: 18kB
        ->  Nested Loop  (cost=0.43..94610.19 rows=258 width=8) (actual time=164.186..701.376 rows=245 loops=1)
              ->  Seq Scan on movie_companies mc  (cost=0.00..51404.11 rows=6048 width=4) (actual time=161.704..661.573 rows=5475 loops=1)
                    Filter: (company_id > 229704)
                    Rows Removed by Filter: 2603654
              ->  Index Scan using title_pkey on title t  (cost=0.43..7.13 rows=1 width=4) (actual time=0.007..0.007 rows=0 loops=5475)
                    Index Cond: (id = mc.movie_id)
                    Filter: (production_year = 2006)
                    Rows Removed by Filter: 1
Planning time: 0.992 ms
Execution time: 2236.010 ms
