Nested Loop  (cost=0.43..72786.34 rows=1861 width=0) (actual time=43.069..803.646 rows=45 loops=1)
  ->  Seq Scan on movie_companies mc  (cost=0.00..57926.93 rows=1861 width=4) (actual time=42.976..802.032 rows=45 loops=1)
        Filter: ((company_type_id > 1) AND (company_id = 11138))
        Rows Removed by Filter: 2609084
  ->  Index Only Scan using title_pkey on title t  (cost=0.43..7.97 rows=1 width=4) (actual time=0.033..0.033 rows=1 loops=45)
        Index Cond: (id = mc.movie_id)
        Heap Fetches: 45
Planning time: 0.731 ms
Execution time: 803.742 ms
