Hash Join  (cost=69694.50..128906.22 rows=3277 width=0) (actual time=1072.794..1457.726 rows=8027 loops=1)
  Hash Cond: (mc.movie_id = t.id)
  ->  Seq Scan on movie_companies mc  (cost=0.00..57926.93 rows=65070 width=4) (actual time=296.004..620.342 rows=126936 loops=1)
        Filter: ((company_id > 142766) AND (company_type_id > 1))
        Rows Removed by Filter: 2482193
  ->  Hash  (cost=67604.59..67604.59 rows=127353 width=4) (actual time=776.022..776.022 rows=128696 loops=1)
        Buckets: 131072  Batches: 2  Memory Usage: 3284kB
        ->  Seq Scan on title t  (cost=0.00..67604.59 rows=127353 width=4) (actual time=0.047..732.271 rows=128696 loops=1)
              Filter: (production_year = 2009)
              Rows Removed by Filter: 2399616
Planning time: 0.725 ms
Execution time: 1459.169 ms
