Seq Scan on movie_companies mc  (cost=0.00..57926.93 rows=53 width=0) (actual time=176.040..714.262 rows=1030 loops=1)
  Filter: ((company_type_id > 1) AND (company_id = 16138))
  Rows Removed by Filter: 2608099
Planning time: 0.397 ms
Execution time: 714.563 ms
