Hash Join  (cost=276981.26..1121916.86 rows=1586295 width=0) (actual time=6317.562..20367.357 rows=3564825 loops=1)
  Hash Cond: (ci.movie_id = t.id)
  ->  Seq Scan on cast_info ci  (cost=0.00..796071.18 rows=1947895 width=4) (actual time=137.915..12319.486 rows=1147337 loops=1)
        Filter: ((person_id < 551761) AND (role_id > 3))
        Rows Removed by Filter: 35097007
  ->  Hash  (cost=243198.01..243198.01 rows=2059140 width=8) (actual time=6178.501..6178.501 rows=2061040 loops=1)
        Buckets: 131072  Batches: 32  Memory Usage: 3526kB
        ->  Hash Join  (cost=102767.86..243198.01 rows=2059140 width=8) (actual time=1981.076..5591.605 rows=2061040 loops=1)
              Hash Cond: (mk.movie_id = t.id)
              ->  Seq Scan on movie_keyword mk  (cost=0.00..81003.12 rows=2059140 width=4) (actual time=0.032..1633.041 rows=2061040 loops=1)
                    Filter: (keyword_id > 5909)
                    Rows Removed by Filter: 2462890
              ->  Hash  (cost=61283.27..61283.27 rows=2528527 width=4) (actual time=1977.896..1977.896 rows=2528312 loops=1)
                    Buckets: 131072  Batches: 64  Memory Usage: 2425kB
                    ->  Seq Scan on title t  (cost=0.00..61283.27 rows=2528527 width=4) (actual time=0.030..1116.977 rows=2528312 loops=1)
Planning time: 1.157 ms
Execution time: 20811.529 ms
