Hash Join  (cost=68113.45..96893.32 rows=14797 width=0) (actual time=902.062..1543.433 rows=18000 loops=1)
  Hash Cond: (mi_idx.movie_id = t.id)
  ->  Seq Scan on movie_info_idx mi_idx  (cost=0.00..25185.44 rows=919057 width=4) (actual time=0.025..438.838 rows=920110 loops=1)
        Filter: (info_type_id > 99)
        Rows Removed by Filter: 459925
  ->  Hash  (cost=67604.59..67604.59 rows=40709 width=4) (actual time=901.641..901.641 rows=38955 loops=1)
        Buckets: 65536  Batches: 1  Memory Usage: 1882kB
        ->  Seq Scan on title t  (cost=0.00..67604.59 rows=40709 width=4) (actual time=0.030..884.833 rows=38955 loops=1)
              Filter: (production_year = 1997)
              Rows Removed by Filter: 2489357
Planning time: 0.758 ms
Execution time: 1546.277 ms
