Hash Join  (cost=74047.72..128813.80 rows=10056 width=0) (actual time=934.218..2007.439 rows=26603 loops=1)
  Hash Cond: (mc.movie_id = t.id)
  ->  Seq Scan on movie_companies mc  (cost=0.00..44881.29 rows=2609129 width=4) (actual time=0.021..502.310 rows=2609129 loops=1)
  ->  Hash  (cost=73925.90..73925.90 rows=9745 width=4) (actual time=934.063..934.063 rows=11051 loops=1)
        Buckets: 16384  Batches: 1  Memory Usage: 517kB
        ->  Seq Scan on title t  (cost=0.00..73925.90 rows=9745 width=4) (actual time=0.020..929.398 rows=11051 loops=1)
              Filter: ((production_year < 2010) AND (kind_id = 6))
              Rows Removed by Filter: 2517261
Planning time: 0.777 ms
Execution time: 2011.546 ms
