Hash Join  (cost=219197.63..1013439.30 rows=2716698 width=0) (actual time=10703.886..18547.912 rows=4827056 loops=1)
  Hash Cond: (ci.movie_id = t.id)
  ->  Seq Scan on cast_info ci  (cost=0.00..705507.15 rows=4320508 width=4) (actual time=6556.778..11362.138 rows=4323018 loops=1)
        Filter: (role_id = 10)
        Rows Removed by Filter: 31921326
  ->  Hash  (cost=193112.68..193112.68 rows=1589916 width=8) (actual time=4145.465..4145.465 rows=717308 loops=1)
        Buckets: 131072  Batches: 32  Memory Usage: 1871kB
        ->  Hash Join  (cost=92883.59..193112.68 rows=1589916 width=8) (actual time=1853.767..3915.540 rows=717308 loops=1)
              Hash Cond: (mc.movie_id = t.id)
              ->  Seq Scan on movie_companies mc  (cost=0.00..44881.29 rows=2609129 width=4) (actual time=0.031..735.063 rows=2609129 loops=1)
              ->  Hash  (cost=67604.59..67604.59 rows=1540800 width=4) (actual time=1432.527..1432.527 rows=1543264 loops=1)
                    Buckets: 131072  Batches: 32  Memory Usage: 2722kB
                    ->  Seq Scan on title t  (cost=0.00..67604.59 rows=1540800 width=4) (actual time=0.024..944.587 rows=1543264 loops=1)
                          Filter: (kind_id = 7)
                          Rows Removed by Filter: 985048
Planning time: 1.125 ms
Execution time: 19042.067 ms
