Hash Join  (cost=58358.78..86990.77 rows=8 width=0) (actual time=913.204..1437.474 rows=1910 loops=1)
  Hash Cond: (mi_idx.movie_id = t.id)
  ->  Seq Scan on movie_info_idx mi_idx  (cost=0.00..25185.44 rows=919057 width=4) (actual time=0.026..433.138 rows=920110 loops=1)
        Filter: (info_type_id > 99)
        Rows Removed by Filter: 459925
  ->  Hash  (cost=58358.52..58358.52 rows=21 width=8) (actual time=855.163..855.163 rows=1608 loops=1)
        Buckets: 2048 (originally 1024)  Batches: 1 (originally 1)  Memory Usage: 79kB
        ->  Nested Loop  (cost=0.43..58358.52 rows=21 width=8) (actual time=348.592..854.356 rows=1608 loops=1)
              ->  Seq Scan on movie_companies mc  (cost=0.00..57926.93 rows=51 width=4) (actual time=348.498..816.678 rows=2049 loops=1)
                    Filter: ((company_type_id < 2) AND (company_id = 115))
                    Rows Removed by Filter: 2607080
              ->  Index Scan using title_pkey on title t  (cost=0.43..8.45 rows=1 width=4) (actual time=0.017..0.018 rows=1 loops=2049)
                    Index Cond: (id = mc.movie_id)
                    Filter: ((production_year > 1991) AND (kind_id = 7))
                    Rows Removed by Filter: 0
Planning time: 1.136 ms
Execution time: 1437.921 ms
