Hash Join  (cost=228762.77..274580.55 rows=473530 width=0) (actual time=4820.446..6397.423 rows=1847188 loops=1)
  Hash Cond: (mi_idx.movie_id = t.id)
  ->  Seq Scan on movie_info_idx mi_idx  (cost=0.00..21735.35 rows=1380035 width=4) (actual time=0.022..375.322 rows=1380035 loops=1)
  ->  Hash  (cost=214527.65..214527.65 rows=867610 width=8) (actual time=4819.478..4819.478 rows=869017 loops=1)
        Buckets: 131072  Batches: 16  Memory Usage: 3172kB
        ->  Hash Join  (cost=102767.86..214527.65 rows=867610 width=8) (actual time=1678.061..4544.046 rows=869017 loops=1)
              Hash Cond: (mk.movie_id = t.id)
              ->  Seq Scan on movie_keyword mk  (cost=0.00..81003.12 rows=867610 width=4) (actual time=0.021..1162.358 rows=869017 loops=1)
                    Filter: (keyword_id < 826)
                    Rows Removed by Filter: 3654913
              ->  Hash  (cost=61283.27..61283.27 rows=2528527 width=4) (actual time=1676.951..1676.951 rows=2528312 loops=1)
                    Buckets: 131072  Batches: 64  Memory Usage: 2425kB
                    ->  Seq Scan on title t  (cost=0.00..61283.27 rows=2528527 width=4) (actual time=0.020..824.890 rows=2528312 loops=1)
Planning time: 1.090 ms
Execution time: 6608.264 ms
