Hash Join  (cost=52284.74..803082.94 rows=903 width=0) (actual time=693.985..13090.476 rows=1127 loops=1)
  Hash Cond: (ci.movie_id = t.id)
  ->  Seq Scan on cast_info ci  (cost=0.00..614943.12 rows=36225612 width=4) (actual time=0.013..6134.527 rows=36244344 loops=1)
  ->  Hash  (cost=52283.95..52283.95 rows=63 width=8) (actual time=667.581..667.581 rows=39 loops=1)
        Buckets: 1024  Batches: 1  Memory Usage: 10kB
        ->  Nested Loop  (cost=0.43..52283.95 rows=63 width=8) (actual time=52.864..667.542 rows=39 loops=1)
              ->  Seq Scan on movie_companies mc  (cost=0.00..51404.11 rows=104 width=4) (actual time=32.199..657.479 rows=562 loops=1)
                    Filter: (company_id = 903)
                    Rows Removed by Filter: 2608567
              ->  Index Scan using title_pkey on title t  (cost=0.43..8.45 rows=1 width=4) (actual time=0.017..0.017 rows=0 loops=562)
                    Index Cond: (id = mc.movie_id)
                    Filter: (kind_id = 7)
                    Rows Removed by Filter: 1
Planning time: 1.137 ms
Execution time: 13091.148 ms
