Hash Join  (cost=96390.27..183096.67 rows=4836 width=0) (actual time=1345.858..2929.316 rows=30129 loops=1)
  Hash Cond: (mk.movie_id = t.id)
  ->  Seq Scan on movie_keyword mk  (cost=0.00..69693.30 rows=4523930 width=4) (actual time=0.012..756.778 rows=4523930 loops=1)
  ->  Hash  (cost=96356.48..96356.48 rows=2703 width=8) (actual time=1344.483..1344.483 rows=4864 loops=1)
        Buckets: 8192 (originally 4096)  Batches: 1 (originally 1)  Memory Usage: 254kB
        ->  Hash Join  (cost=67697.55..96356.48 rows=2703 width=8) (actual time=764.748..1342.232 rows=4864 loops=1)
              Hash Cond: (mi_idx.movie_id = t.id)
              ->  Seq Scan on movie_info_idx mi_idx  (cost=0.00..25185.44 rows=919057 width=4) (actual time=0.032..416.791 rows=920110 loops=1)
                    Filter: (info_type_id > 99)
                    Rows Removed by Filter: 459925
              ->  Hash  (cost=67604.59..67604.59 rows=7437 width=4) (actual time=763.458..763.458 rows=11153 loops=1)
                    Buckets: 16384 (originally 8192)  Batches: 1 (originally 1)  Memory Usage: 521kB
                    ->  Seq Scan on title t  (cost=0.00..67604.59 rows=7437 width=4) (actual time=0.026..758.200 rows=11153 loops=1)
                          Filter: (production_year = 1963)
                          Rows Removed by Filter: 2517159
Planning time: 1.128 ms
Execution time: 2933.562 ms
