Hash Join  (cost=83074.74..923512.66 rows=3500 width=0) (actual time=839.354..21097.062 rows=60311 loops=1)
  Hash Cond: (ci.movie_id = t.id)
  ->  Seq Scan on cast_info ci  (cost=0.00..705507.15 rows=35972205 width=4) (actual time=0.018..13848.049 rows=36032327 loops=1)
        Filter: (person_id > 24909)
        Rows Removed by Filter: 212017
  ->  Hash  (cost=83071.67..83071.67 rows=246 width=8) (actual time=839.124..839.124 rows=1226 loops=1)
        Buckets: 2048 (originally 1024)  Batches: 1 (originally 1)  Memory Usage: 64kB
        ->  Nested Loop  (cost=0.43..83071.67 rows=246 width=8) (actual time=0.078..838.427 rows=1226 loops=1)
              ->  Seq Scan on movie_keyword mk  (cost=0.00..81003.12 rows=246 width=4) (actual time=0.024..802.549 rows=1226 loops=1)
                    Filter: (keyword_id = 319)
                    Rows Removed by Filter: 4522704
              ->  Index Only Scan using title_pkey on title t  (cost=0.43..8.40 rows=1 width=4) (actual time=0.028..0.028 rows=1 loops=1226)
                    Index Cond: (id = mk.movie_id)
                    Heap Fetches: 1226
Planning time: 2.517 ms
Execution time: 21110.689 ms
