Hash Join  (cost=74547.77..939228.65 rows=342029 width=0) (actual time=2547.854..18631.547 rows=278615 loops=1)
  Hash Cond: (ci.movie_id = t.id)
  ->  Seq Scan on cast_info ci  (cost=0.00..796071.18 rows=17383844 width=4) (actual time=1748.410..13920.930 rows=14155727 loops=1)
        Filter: ((person_id < 2762780) AND (role_id > 1))
        Rows Removed by Filter: 22088617
  ->  Hash  (cost=73925.90..73925.90 rows=49749 width=4) (actual time=798.871..798.871 rows=44012 loops=1)
        Buckets: 65536  Batches: 1  Memory Usage: 2060kB
        ->  Seq Scan on title t  (cost=0.00..73925.90 rows=49749 width=4) (actual time=0.208..781.682 rows=44012 loops=1)
              Filter: ((kind_id < 7) AND (production_year = 2009))
              Rows Removed by Filter: 2484300
Planning time: 0.739 ms
Execution time: 18675.403 ms
