Seq Scan on cast_info ci  (cost=0.00..796071.18 rows=324 width=0) (actual time=4887.935..11415.537 rows=1476 loops=1)
  Filter: ((role_id > 1) AND (person_id = 2006646))
  Rows Removed by Filter: 36242868
Planning time: 0.333 ms
Execution time: 11415.851 ms
