Hash Join  (cost=110215.89..1090939.72 rows=707986 width=0) (actual time=2571.946..22643.420 rows=1159841 loops=1)
  Hash Cond: (ci.movie_id = t.id)
  ->  Seq Scan on cast_info ci  (cost=0.00..705507.15 rows=23163957 width=4) (actual time=0.024..12108.909 rows=23057878 loops=1)
        Filter: (person_id < 2356370)
        Rows Removed by Filter: 13186466
  ->  Hash  (cost=108947.86..108947.86 rows=77282 width=8) (actual time=2571.169..2571.169 rows=60683 loops=1)
        Buckets: 131072  Batches: 2  Memory Usage: 2208kB
        ->  Hash Join  (cost=69928.56..108947.86 rows=77282 width=8) (actual time=933.079..2413.945 rows=60683 loops=1)
              Hash Cond: (mi_idx.movie_id = t.id)
              ->  Seq Scan on movie_info_idx mi_idx  (cost=0.00..21735.35 rows=1380035 width=4) (actual time=0.020..372.644 rows=1380035 loops=1)
              ->  Hash  (cost=67604.59..67604.59 rows=141598 width=4) (actual time=932.291..932.291 rows=141703 loops=1)
                    Buckets: 131072  Batches: 2  Memory Usage: 3511kB
                    ->  Seq Scan on title t  (cost=0.00..67604.59 rows=141598 width=4) (actual time=0.015..870.624 rows=141703 loops=1)
                          Filter: (production_year = 2010)
                          Rows Removed by Filter: 2386609
Planning time: 3.026 ms
Execution time: 22774.895 ms
