Hash Join  (cost=74437.47..458876.66 rows=158082 width=0) (actual time=954.270..7926.855 rows=116361 loops=1)
  Hash Cond: (mi.movie_id = t.id)
  ->  Seq Scan on movie_info mi  (cost=0.00..346232.03 rows=9767026 width=4) (actual time=0.021..4981.054 rows=9911754 loops=1)
        Filter: (info_type_id > 4)
        Rows Removed by Filter: 4923966
  ->  Hash  (cost=73925.90..73925.90 rows=40925 width=4) (actual time=937.238..937.238 rows=26947 loops=1)
        Buckets: 65536  Batches: 1  Memory Usage: 1460kB
        ->  Seq Scan on title t  (cost=0.00..73925.90 rows=40925 width=4) (actual time=0.019..926.286 rows=26947 loops=1)
              Filter: ((production_year > 2005) AND (kind_id = 3))
              Rows Removed by Filter: 2501365
Planning time: 0.755 ms
Execution time: 7944.577 ms
