Hash Join  (cost=82400.67..124930.36 rows=281921 width=0) (actual time=1388.443..2542.773 rows=411386 loops=1)
  Hash Cond: (mi_idx.movie_id = t.id)
  ->  Seq Scan on movie_info_idx mi_idx  (cost=0.00..21735.35 rows=1380035 width=4) (actual time=0.024..491.968 rows=1380035 loops=1)
  ->  Hash  (cost=73925.90..73925.90 rows=516541 width=4) (actual time=1387.565..1387.565 rows=440918 loops=1)
        Buckets: 131072  Batches: 8  Memory Usage: 2960kB
        ->  Seq Scan on title t  (cost=0.00..73925.90 rows=516541 width=4) (actual time=0.027..1251.053 rows=440918 loops=1)
              Filter: ((kind_id < 7) AND (production_year > 2001))
              Rows Removed by Filter: 2087394
Planning time: 0.716 ms
Execution time: 2580.481 ms
