Hash Join  (cost=67697.55..161060.53 rows=9619 width=0) (actual time=696.939..2421.182 rows=33201 loops=1)
  Hash Cond: (mk.movie_id = t.id)
  ->  Seq Scan on movie_keyword mk  (cost=0.00..81003.12 rows=3270311 width=4) (actual time=0.023..1206.756 rows=3254498 loops=1)
        Filter: (keyword_id > 1617)
        Rows Removed by Filter: 1269432
  ->  Hash  (cost=67604.59..67604.59 rows=7437 width=4) (actual time=696.787..696.787 rows=19440 loops=1)
        Buckets: 32768 (originally 8192)  Batches: 1 (originally 1)  Memory Usage: 940kB
        ->  Seq Scan on title t  (cost=0.00..67604.59 rows=7437 width=4) (actual time=0.023..688.568 rows=19440 loops=1)
              Filter: (production_year = 1986)
              Rows Removed by Filter: 2508872
Planning time: 0.681 ms
Execution time: 2425.743 ms
