Hash Join  (cost=180851.59..560353.49 rows=74390 width=0) (actual time=3238.225..9187.179 rows=1453 loops=1)
  Hash Cond: (mi.movie_id = t.id)
  ->  Seq Scan on movie_info mi  (cost=0.00..346232.03 rows=8673596 width=4) (actual time=390.693..5037.137 rows=8786582 loops=1)
        Filter: (info_type_id < 13)
        Rows Removed by Filter: 6049138
  ->  Hash  (cost=180580.51..180580.51 rows=21686 width=8) (actual time=2847.029..2847.029 rows=168 loops=1)
        Buckets: 32768  Batches: 1  Memory Usage: 263kB
        ->  Hash Join  (cost=92883.59..180580.51 rows=21686 width=8) (actual time=1895.656..2846.518 rows=168 loops=1)
              Hash Cond: (mk.movie_id = t.id)
              ->  Seq Scan on movie_keyword mk  (cost=0.00..81003.12 rows=35588 width=4) (actual time=0.043..1065.105 rows=34710 loops=1)
                    Filter: (keyword_id = 2488)
                    Rows Removed by Filter: 4489220
              ->  Hash  (cost=67604.59..67604.59 rows=1540800 width=4) (actual time=1506.733..1506.733 rows=1543264 loops=1)
                    Buckets: 131072  Batches: 32  Memory Usage: 2728kB
                    ->  Seq Scan on title t  (cost=0.00..67604.59 rows=1540800 width=4) (actual time=0.022..998.530 rows=1543264 loops=1)
                          Filter: (kind_id = 7)
                          Rows Removed by Filter: 985048
Planning time: 1.121 ms
Execution time: 9187.661 ms
