Seq Scan on movie_companies mc  (cost=0.00..57926.93 rows=94386 width=0) (actual time=0.033..708.998 rows=152087 loops=1)
  Filter: ((company_id < 50) AND (company_type_id < 2))
  Rows Removed by Filter: 2457042
Planning time: 0.326 ms
Execution time: 729.732 ms
