Seq Scan on cast_info ci  (cost=0.00..705507.15 rows=500 width=0) (actual time=5135.842..8257.885 rows=279 loops=1)
  Filter: (person_id = 2956055)
  Rows Removed by Filter: 36244065
Planning time: 0.324 ms
Execution time: 8258.029 ms
