Nested Loop  (cost=0.43..58358.27 rows=51 width=0) (actual time=185.282..681.472 rows=300 loops=1)
  ->  Seq Scan on movie_companies mc  (cost=0.00..57926.93 rows=51 width=4) (actual time=185.179..659.561 rows=300 loops=1)
        Filter: ((company_id = 11261) AND (company_type_id = 1))
        Rows Removed by Filter: 2608829
  ->  Index Only Scan using title_pkey on title t  (cost=0.43..8.45 rows=1 width=4) (actual time=0.072..0.072 rows=1 loops=300)
        Index Cond: (id = mc.movie_id)
        Heap Fetches: 300
Planning time: 0.760 ms
Execution time: 681.661 ms
