Hash Join  (cost=174865.45..1014155.04 rows=3103942 width=0) (actual time=3499.142..19367.464 rows=6738810 loops=1)
  Hash Cond: (ci.movie_id = t.id)
  ->  Seq Scan on cast_info ci  (cost=0.00..705507.15 rows=8576540 width=4) (actual time=0.020..10220.855 rows=8574356 loops=1)
        Filter: (person_id > 2830396)
        Rows Removed by Filter: 27669988
  ->  Hash  (cost=159851.69..159851.69 rows=915101 width=8) (actual time=3498.360..3498.360 rows=919850 loops=1)
        Buckets: 131072  Batches: 16  Memory Usage: 3269kB
        ->  Hash Join  (cost=102767.86..159851.69 rows=915101 width=8) (actual time=1579.536..3215.221 rows=919850 loops=1)
              Hash Cond: (mi_idx.movie_id = t.id)
              ->  Seq Scan on movie_info_idx mi_idx  (cost=0.00..25185.44 rows=915101 width=4) (actual time=0.013..469.460 rows=919850 loops=1)
                    Filter: (info_type_id < 101)
                    Rows Removed by Filter: 460185
              ->  Hash  (cost=61283.27..61283.27 rows=2528527 width=4) (actual time=1578.674..1578.674 rows=2528312 loops=1)
                    Buckets: 131072  Batches: 64  Memory Usage: 2415kB
                    ->  Seq Scan on title t  (cost=0.00..61283.27 rows=2528527 width=4) (actual time=0.023..756.079 rows=2528312 loops=1)
Planning time: 1.085 ms
Execution time: 20039.939 ms
