Hash Join  (cost=67697.55..800787.81 rows=21466 width=0) (actual time=7245.934..13037.764 rows=11997 loops=1)
  Hash Cond: (ci.movie_id = t.id)
  ->  Seq Scan on cast_info ci  (cost=0.00..705507.15 rows=7298253 width=4) (actual time=6486.843..11044.460 rows=7451973 loops=1)
        Filter: (role_id = 2)
        Rows Removed by Filter: 28792371
  ->  Hash  (cost=67604.59..67604.59 rows=7437 width=4) (actual time=758.388..758.388 rows=4763 loops=1)
        Buckets: 8192  Batches: 1  Memory Usage: 232kB
        ->  Seq Scan on title t  (cost=0.00..67604.59 rows=7437 width=4) (actual time=0.049..756.012 rows=4763 loops=1)
              Filter: (production_year = 1950)
              Rows Removed by Filter: 2523549
Planning time: 0.895 ms
Execution time: 13040.220 ms
