Hash Join  (cost=156487.41..932967.04 rows=942106 width=0) (actual time=7778.709..16402.053 rows=2201526 loops=1)
  Hash Cond: (ci.movie_id = t.id)
  ->  Seq Scan on cast_info ci  (cost=0.00..705507.15 rows=5167578 width=4) (actual time=4430.655..9706.471 rows=5224606 loops=1)
        Filter: (person_id > 3140370)
        Rows Removed by Filter: 31019738
  ->  Hash  (cost=148924.19..148924.19 rows=460978 width=8) (actual time=3346.974..3346.974 rows=459925 loops=1)
        Buckets: 131072  Batches: 8  Memory Usage: 3275kB
        ->  Hash Join  (cost=102767.86..148924.19 rows=460978 width=8) (actual time=1972.856..3210.371 rows=459925 loops=1)
              Hash Cond: (mi_idx.movie_id = t.id)
              ->  Seq Scan on movie_info_idx mi_idx  (cost=0.00..25185.44 rows=460978 width=4) (actual time=0.050..430.945 rows=459925 loops=1)
                    Filter: (info_type_id = 99)
                    Rows Removed by Filter: 920110
              ->  Hash  (cost=61283.27..61283.27 rows=2528527 width=4) (actual time=1971.948..1971.948 rows=2528312 loops=1)
                    Buckets: 131072  Batches: 64  Memory Usage: 2415kB
                    ->  Seq Scan on title t  (cost=0.00..61283.27 rows=2528527 width=4) (actual time=0.030..871.364 rows=2528312 loops=1)
Planning time: 1.168 ms
Execution time: 16672.291 ms
