Hash Join  (cost=82079.59..214914.57 rows=889094 width=0) (actual time=1131.331..4096.966 rows=235329 loops=1)
  Hash Cond: (mk.movie_id = t.id)
  ->  Seq Scan on movie_keyword mk  (cost=0.00..69693.30 rows=4523930 width=4) (actual time=0.022..1088.872 rows=4523930 loops=1)
  ->  Hash  (cost=73925.90..73925.90 rows=496935 width=4) (actual time=1130.342..1130.342 rows=384428 loops=1)
        Buckets: 131072  Batches: 8  Memory Usage: 2706kB
        ->  Seq Scan on title t  (cost=0.00..73925.90 rows=496935 width=4) (actual time=0.059..1002.627 rows=384428 loops=1)
              Filter: ((kind_id > 4) AND (production_year < 1995))
              Rows Removed by Filter: 2143884
Planning time: 0.679 ms
Execution time: 4127.308 ms
