Nested Loop  (cost=0.43..797179.11 rows=131 width=0) (actual time=8261.664..10217.642 rows=11 loops=1)
  ->  Seq Scan on cast_info ci  (cost=0.00..796071.18 rows=131 width=4) (actual time=8261.504..10217.278 rows=11 loops=1)
        Filter: ((role_id > 4) AND (person_id = 1040178))
        Rows Removed by Filter: 36244333
  ->  Index Only Scan using title_pkey on title t  (cost=0.43..8.45 rows=1 width=4) (actual time=0.024..0.024 rows=1 loops=11)
        Index Cond: (id = ci.movie_id)
        Heap Fetches: 11
Planning time: 0.530 ms
Execution time: 10217.711 ms
