Hash Join  (cost=140742.15..260709.59 rows=358648 width=0) (actual time=2785.703..5975.149 rows=1898943 loops=1)
  Hash Cond: (mk.movie_id = t.id)
  ->  Seq Scan on movie_keyword mk  (cost=0.00..81003.12 rows=2955956 width=4) (actual time=0.016..1462.146 rows=2947707 loops=1)
        Filter: (keyword_id > 2385)
        Rows Removed by Filter: 1576223
  ->  Hash  (cost=135708.30..135708.30 rows=306788 width=8) (actual time=2785.010..2785.010 rows=356386 loops=1)
        Buckets: 131072  Batches: 8  Memory Usage: 2782kB
        ->  Hash Join  (cost=94978.31..135708.30 rows=306788 width=8) (actual time=1568.652..2669.073 rows=356386 loops=1)
              Hash Cond: (mi_idx.movie_id = t.id)
              ->  Seq Scan on movie_info_idx mi_idx  (cost=0.00..25185.44 rows=464934 width=4) (actual time=0.018..442.747 rows=460185 loops=1)
                    Filter: (info_type_id > 100)
                    Rows Removed by Filter: 919850
              ->  Hash  (cost=67604.59..67604.59 rows=1668458 width=4) (actual time=1567.879..1567.879 rows=1671292 loops=1)
                    Buckets: 131072  Batches: 32  Memory Usage: 2858kB
                    ->  Seq Scan on title t  (cost=0.00..67604.59 rows=1668458 width=4) (actual time=0.005..1029.718 rows=1671292 loops=1)
                          Filter: (production_year < 2008)
                          Rows Removed by Filter: 857020
Planning time: 1.118 ms
Execution time: 6195.145 ms
