Seq Scan on movie_companies mc  (cost=0.00..57926.93 rows=6249 width=0) (actual time=246.970..700.299 rows=4155 loops=1)
  Filter: ((company_id = 846) AND (company_type_id = 2))
  Rows Removed by Filter: 2604974
Planning time: 0.366 ms
Execution time: 701.194 ms
