Hash Join  (cost=209347.34..729680.70 rows=2071455 width=0) (actual time=4116.863..21266.563 rows=28055788 loops=1)
  Hash Cond: (mi.movie_id = t.id)
  ->  Seq Scan on movie_info mi  (cost=0.00..309384.22 rows=14739122 width=4) (actual time=0.016..4438.490 rows=14835720 loops=1)
  ->  Hash  (cost=203516.31..203516.31 rows=355362 width=8) (actual time=4115.245..4115.245 rows=407043 loops=1)
        Buckets: 131072  Batches: 8  Memory Usage: 3002kB
        ->  Hash Join  (cost=77184.65..203516.31 rows=355362 width=8) (actual time=981.163..3986.982 rows=407043 loops=1)
              Hash Cond: (mk.movie_id = t.id)
              ->  Seq Scan on movie_keyword mk  (cost=0.00..69693.30 rows=4523930 width=4) (actual time=0.024..1181.995 rows=4523930 loops=1)
              ->  Hash  (cost=73925.90..73925.90 rows=198620 width=4) (actual time=980.152..980.152 rows=182023 loops=1)
                    Buckets: 131072  Batches: 4  Memory Usage: 2635kB
                    ->  Seq Scan on title t  (cost=0.00..73925.90 rows=198620 width=4) (actual time=0.047..918.640 rows=182023 loops=1)
                          Filter: ((kind_id < 3) AND (production_year > 2008))
                          Rows Removed by Filter: 2346289
Planning time: 1.148 ms
Execution time: 24077.330 ms
