Hash Join  (cost=152108.29..208517.60 rows=1915 width=0) (actual time=3048.330..3543.794 rows=10396 loops=1)
  Hash Cond: (mc.movie_id = t.id)
  ->  Seq Scan on movie_companies mc  (cost=0.00..51404.11 rows=1329612 width=4) (actual time=179.403..792.992 rows=1334883 loops=1)
        Filter: (company_type_id > 1)
        Rows Removed by Filter: 1274246
  ->  Hash  (cost=152062.78..152062.78 rows=3641 width=8) (actual time=2542.734..2542.734 rows=3581 loops=1)
        Buckets: 4096  Batches: 1  Memory Usage: 172kB
        ->  Hash Join  (cost=69687.24..152062.78 rows=3641 width=8) (actual time=893.799..2541.632 rows=3581 loops=1)
              Hash Cond: (mk.movie_id = t.id)
              ->  Seq Scan on movie_keyword mk  (cost=0.00..81003.12 rows=72535 width=4) (actual time=0.044..1042.433 rows=72280 loops=1)
                    Filter: (keyword_id > 90364)
                    Rows Removed by Filter: 4451650
              ->  Hash  (cost=67604.59..67604.59 rows=126932 width=4) (actual time=892.237..892.237 rows=122861 loops=1)
                    Buckets: 131072  Batches: 2  Memory Usage: 3197kB
                    ->  Seq Scan on title t  (cost=0.00..67604.59 rows=126932 width=4) (actual time=0.027..840.069 rows=122861 loops=1)
                          Filter: (production_year = 2008)
                          Rows Removed by Filter: 2405451
Planning time: 1.104 ms
Execution time: 3545.377 ms
