Hash Join  (cost=188509.21..558730.08 rows=370510 width=0) (actual time=6009.925..10832.656 rows=727871 loops=1)
  Hash Cond: (mi.movie_id = t.id)
  ->  Seq Scan on movie_info mi  (cost=0.00..346232.03 rows=1550064 width=4) (actual time=1951.927..5725.480 rows=1533909 loops=1)
        Filter: (info_type_id = 3)
        Rows Removed by Filter: 13301811
  ->  Hash  (cost=178593.32..178593.32 rows=604391 width=8) (actual time=4057.219..4057.219 rows=609919 loops=1)
        Buckets: 131072  Batches: 8  Memory Usage: 4028kB
        ->  Hash Join  (cost=102767.86..178593.32 rows=604391 width=8) (actual time=2064.629..3883.900 rows=609919 loops=1)
              Hash Cond: (mc.movie_id = t.id)
              ->  Seq Scan on movie_companies mc  (cost=0.00..51404.11 rows=604391 width=4) (actual time=0.032..926.936 rows=609919 loops=1)
                    Filter: (company_id > 65022)
                    Rows Removed by Filter: 1999210
              ->  Hash  (cost=61283.27..61283.27 rows=2528527 width=4) (actual time=2062.535..2062.535 rows=2528312 loops=1)
                    Buckets: 131072  Batches: 64  Memory Usage: 2415kB
                    ->  Seq Scan on title t  (cost=0.00..61283.27 rows=2528527 width=4) (actual time=0.014..1068.607 rows=2528312 loops=1)
Planning time: 1.317 ms
Execution time: 10924.996 ms
