Hash Join  (cost=160971.88..272651.06 rows=615184 width=0) (actual time=2960.871..5291.228 rows=444048 loops=1)
  Hash Cond: (mk.movie_id = t.id)
  ->  Seq Scan on movie_keyword mk  (cost=0.00..81003.12 rows=1834459 width=4) (actual time=0.035..1368.806 rows=1843317 loops=1)
        Filter: (keyword_id < 3053)
        Rows Removed by Filter: 2680613
  ->  Hash  (cost=147059.64..147059.64 rows=847939 width=8) (actual time=2959.841..2959.841 rows=442380 loops=1)
        Buckets: 131072  Batches: 16  Memory Usage: 2110kB
        ->  Hash Join  (cost=93093.72..147059.64 rows=847939 width=8) (actual time=1416.555..2824.598 rows=442380 loops=1)
              Hash Cond: (mi_idx.movie_id = t.id)
              ->  Seq Scan on movie_info_idx mi_idx  (cost=0.00..21735.35 rows=1380035 width=4) (actual time=0.018..392.010 rows=1380035 loops=1)
              ->  Hash  (cost=67604.59..67604.59 rows=1553611 width=4) (actual time=1415.471..1415.471 rows=1555864 loops=1)
                    Buckets: 131072  Batches: 32  Memory Usage: 2734kB
                    ->  Seq Scan on title t  (cost=0.00..67604.59 rows=1553611 width=4) (actual time=0.015..967.217 rows=1555864 loops=1)
                          Filter: (kind_id > 4)
                          Rows Removed by Filter: 972448
Planning time: 1.144 ms
Execution time: 5347.450 ms
