Hash Join  (cost=68438.72..151938.36 rows=16414 width=0) (actual time=836.286..1890.619 rows=7651 loops=1)
  Hash Cond: (mk.movie_id = t.id)
  ->  Seq Scan on movie_keyword mk  (cost=0.00..81003.12 rows=621966 width=4) (actual time=0.028..944.179 rows=622914 loops=1)
        Filter: (keyword_id > 29329)
        Rows Removed by Filter: 3901016
  ->  Hash  (cost=67604.59..67604.59 rows=66731 width=4) (actual time=835.535..835.535 rows=67342 loops=1)
        Buckets: 131072  Batches: 1  Memory Usage: 3392kB
        ->  Seq Scan on title t  (cost=0.00..67604.59 rows=66731 width=4) (actual time=0.027..806.150 rows=67342 loops=1)
              Filter: (production_year > 2012)
              Rows Removed by Filter: 2460970
Planning time: 0.631 ms
Execution time: 1891.959 ms
