Hash Join  (cost=153574.36..518330.20 rows=9994 width=0) (actual time=2084.734..7352.400 rows=7029 loops=1)
  Hash Cond: (mi.movie_id = t.id)
  ->  Seq Scan on movie_info mi  (cost=0.00..309384.22 rows=14739122 width=4) (actual time=0.023..2829.152 rows=14835720 loops=1)
  ->  Hash  (cost=153552.94..153552.94 rows=1714 width=8) (actual time=2051.601..2051.601 rows=298 loops=1)
        Buckets: 2048  Batches: 1  Memory Usage: 28kB
        ->  Hash Join  (cost=71408.55..153552.94 rows=1714 width=8) (actual time=943.673..2051.386 rows=298 loops=1)
              Hash Cond: (mk.movie_id = t.id)
              ->  Seq Scan on movie_keyword mk  (cost=0.00..81003.12 rows=18699 width=4) (actual time=1.528..1079.232 rows=20522 loops=1)
                    Filter: (keyword_id = 382)
                    Rows Removed by Filter: 4503408
              ->  Hash  (cost=67604.59..67604.59 rows=231837 width=4) (actual time=924.586..924.586 rows=231649 loops=1)
                    Buckets: 131072  Batches: 4  Memory Usage: 3082kB
                    ->  Seq Scan on title t  (cost=0.00..67604.59 rows=231837 width=4) (actual time=0.017..843.394 rows=231649 loops=1)
                          Filter: (production_year > 2011)
                          Rows Removed by Filter: 2296663
Planning time: 1.104 ms
Execution time: 7354.284 ms
