Hash Join  (cost=102767.86..183414.69 rows=533655 width=0) (actual time=1827.699..3539.234 rows=742957 loops=1)
  Hash Cond: (mc.movie_id = t.id)
  ->  Seq Scan on movie_companies mc  (cost=0.00..57926.93 rows=533655 width=4) (actual time=0.017..754.225 rows=742957 loops=1)
        Filter: ((company_id < 6963) AND (company_type_id < 2))
        Rows Removed by Filter: 1866172
  ->  Hash  (cost=61283.27..61283.27 rows=2528527 width=4) (actual time=1825.876..1825.876 rows=2528312 loops=1)
        Buckets: 131072  Batches: 64  Memory Usage: 2415kB
        ->  Seq Scan on title t  (cost=0.00..61283.27 rows=2528527 width=4) (actual time=0.025..792.324 rows=2528312 loops=1)
Planning time: 0.726 ms
Execution time: 3632.055 ms
