Hash Join  (cost=614000.54..2170949.88 rows=28886016 width=0) (actual time=16011.727..83457.264 rows=140904847 loops=1)
  Hash Cond: (ci.movie_id = t.id)
  ->  Seq Scan on cast_info ci  (cost=0.00..614943.12 rows=36225612 width=4) (actual time=0.015..10343.215 rows=36244344 loops=1)
  ->  Hash  (cost=580921.70..580921.70 rows=2016227 width=8) (actual time=16008.121..16008.121 rows=5118222 loops=1)
        Buckets: 131072 (originally 131072)  Batches: 128 (originally 32)  Memory Usage: 3073kB
        ->  Hash Join  (cost=79601.51..580921.70 rows=2016227 width=8) (actual time=1084.908..14250.328 rows=5118222 loops=1)
              Hash Cond: (mi.movie_id = t.id)
              ->  Seq Scan on movie_info mi  (cost=0.00..309384.22 rows=14739122 width=4) (actual time=0.013..4453.859 rows=14835720 loops=1)
              ->  Hash  (cost=73925.90..73925.90 rows=345888 width=4) (actual time=1083.298..1083.298 rows=457402 loops=1)
                    Buckets: 131072  Batches: 8  Memory Usage: 3055kB
                    ->  Seq Scan on title t  (cost=0.00..73925.90 rows=345888 width=4) (actual time=0.030..936.504 rows=457402 loops=1)
                          Filter: ((kind_id < 7) AND (production_year < 1997))
                          Rows Removed by Filter: 2070910
Planning time: 0.792 ms
Execution time: 99159.846 ms
