Hash Join  (cost=74543.40..129718.68 rows=50975 width=0) (actual time=827.970..1942.509 rows=55536 loops=1)
  Hash Cond: (mc.movie_id = t.id)
  ->  Seq Scan on movie_companies mc  (cost=0.00..44881.29 rows=2609129 width=4) (actual time=0.039..444.845 rows=2609129 loops=1)
  ->  Hash  (cost=73925.90..73925.90 rows=49400 width=4) (actual time=827.572..827.572 rows=45100 loops=1)
        Buckets: 65536  Batches: 1  Memory Usage: 2098kB
        ->  Seq Scan on title t  (cost=0.00..73925.90 rows=49400 width=4) (actual time=0.136..810.632 rows=45100 loops=1)
              Filter: ((kind_id < 3) AND (production_year = 2012))
              Rows Removed by Filter: 2483212
Planning time: 0.730 ms
Execution time: 1951.039 ms
