Hash Join  (cost=73994.33..870105.58 rows=52006 width=0) (actual time=825.114..17300.457 rows=40784 loops=1)
  Hash Cond: (ci.movie_id = t.id)
  ->  Seq Scan on cast_info ci  (cost=0.00..705507.15 rows=24022411 width=4) (actual time=0.028..12459.584 rows=24130698 loops=1)
        Filter: (role_id < 4)
        Rows Removed by Filter: 12113646
  ->  Hash  (cost=73925.90..73925.90 rows=5474 width=4) (actual time=823.887..823.887 rows=5700 loops=1)
        Buckets: 8192  Batches: 1  Memory Usage: 265kB
        ->  Seq Scan on title t  (cost=0.00..73925.90 rows=5474 width=4) (actual time=0.122..821.277 rows=5700 loops=1)
              Filter: ((kind_id > 1) AND (production_year = 1956))
              Rows Removed by Filter: 2522612
Planning time: 0.728 ms
Execution time: 17307.981 ms
