Seq Scan on movie_companies mc  (cost=0.00..57926.93 rows=187585 width=0) (actual time=83.973..724.122 rows=370583 loops=1)
  Filter: ((company_id > 85394) AND (company_type_id = 2))
  Rows Removed by Filter: 2238546
Planning time: 0.352 ms
Execution time: 770.808 ms
