Nested Loop  (cost=0.43..83071.67 rows=246 width=0) (actual time=0.569..1029.502 rows=1802 loops=1)
  ->  Seq Scan on movie_keyword mk  (cost=0.00..81003.12 rows=246 width=4) (actual time=0.523..995.775 rows=1802 loops=1)
        Filter: (keyword_id = 1045)
        Rows Removed by Filter: 4522128
  ->  Index Only Scan using title_pkey on title t  (cost=0.43..8.40 rows=1 width=4) (actual time=0.017..0.018 rows=1 loops=1802)
        Index Cond: (id = mk.movie_id)
        Heap Fetches: 1802
Planning time: 0.795 ms
Execution time: 1030.134 ms
