Hash Join  (cost=169379.39..302763.74 rows=1218937 width=0) (actual time=3479.383..7905.166 rows=6323822 loops=1)
  Hash Cond: (mk.movie_id = t.id)
  ->  Seq Scan on movie_keyword mk  (cost=0.00..81003.12 rows=3144761 width=4) (actual time=0.021..1306.227 rows=3133124 loops=1)
        Filter: (keyword_id > 1876)
        Rows Removed by Filter: 1390806
  ->  Hash  (cost=153299.40..153299.40 rows=980079 width=8) (actual time=3478.562..3478.562 rows=1127306 loops=1)
        Buckets: 131072  Batches: 16  Memory Usage: 3803kB
        ->  Hash Join  (cost=97066.09..153299.40 rows=980079 width=8) (actual time=1611.984..3159.043 rows=1127306 loops=1)
              Hash Cond: (mi_idx.movie_id = t.id)
              ->  Seq Scan on movie_info_idx mi_idx  (cost=0.00..21735.35 rows=1380035 width=4) (actual time=0.016..349.828 rows=1380035 loops=1)
              ->  Hash  (cost=67604.59..67604.59 rows=1795720 width=4) (actual time=1611.114..1611.114 rows=1794153 loops=1)
                    Buckets: 131072  Batches: 32  Memory Usage: 2992kB
                    ->  Seq Scan on title t  (cost=0.00..67604.59 rows=1795720 width=4) (actual time=0.017..1041.019 rows=1794153 loops=1)
                          Filter: (production_year < 2009)
                          Rows Removed by Filter: 734159
Planning time: 1.128 ms
Execution time: 8628.559 ms
