Hash Join  (cost=732520.84..819186.97 rows=810 width=0) (actual time=11828.200..13601.368 rows=11786 loops=1)
  Hash Cond: (mk.movie_id = t.id)
  ->  Seq Scan on movie_keyword mk  (cost=0.00..69693.30 rows=4523930 width=4) (actual time=0.018..978.884 rows=4523930 loops=1)
  ->  Hash  (cost=732515.17..732515.17 rows=453 width=8) (actual time=11826.218..11826.218 rows=1272 loops=1)
        Buckets: 2048 (originally 1024)  Batches: 1 (originally 1)  Memory Usage: 66kB
        ->  Nested Loop  (cost=0.43..732515.17 rows=453 width=8) (actual time=1520.875..11825.338 rows=1272 loops=1)
              ->  Seq Scan on cast_info ci  (cost=0.00..705507.15 rows=3546 width=4) (actual time=1520.711..11620.892 rows=5830 loops=1)
                    Filter: (person_id > 4060909)
                    Rows Removed by Filter: 36238514
              ->  Index Scan using title_pkey on title t  (cost=0.43..7.61 rows=1 width=4) (actual time=0.034..0.035 rows=0 loops=5830)
                    Index Cond: (id = ci.movie_id)
                    Filter: ((kind_id < 3) AND (production_year < 2001))
                    Rows Removed by Filter: 1
Planning time: 1.255 ms
Execution time: 13603.226 ms
