Hash Join  (cost=83072.41..447728.92 rows=61 width=181) (actual time=1633.416..7652.214 rows=1581 loops=1)
  Hash Cond: (mi.movie_id = t.id)
  ->  Seq Scan on movie_info mi  (cost=0.00..309384.22 rows=14739122 width=75) (actual time=0.008..3839.862 rows=14835720 loops=1)
  ->  Hash  (cost=83072.29..83072.29 rows=10 width=106) (actual time=1607.884..1607.884 rows=198 loops=1)
        Buckets: 1024  Batches: 1  Memory Usage: 35kB
        ->  Nested Loop  (cost=0.43..83072.29 rows=10 width=106) (actual time=14.561..1607.467 rows=198 loops=1)
              ->  Seq Scan on movie_keyword mk  (cost=0.00..81003.12 rows=246 width=12) (actual time=0.252..1443.833 rows=4196 loops=1)
                    Filter: (keyword_id = 1578)
                    Rows Removed by Filter: 4519734
              ->  Index Scan using title_pkey on title t  (cost=0.43..8.40 rows=1 width=94) (actual time=0.038..0.038 rows=0 loops=4196)
                    Index Cond: (id = mk.movie_id)
                    Filter: (production_year = 2006)
                    Rows Removed by Filter: 1
Planning time: 1.409 ms
Execution time: 7652.463 ms
