Seq Scan on cast_info ci  (cost=0.00..705507.15 rows=18120365 width=0) (actual time=2082.109..10013.517 rows=18275575 loops=1)
  Filter: (person_id > 1782358)
  Rows Removed by Filter: 17968769
Planning time: 1.547 ms
Execution time: 12213.594 ms
