Seq Scan on cast_info ci  (cost=0.00..705507.15 rows=31271224 width=0) (actual time=0.026..10689.297 rows=31254296 loops=1)
  Filter: (person_id < 3171183)
  Rows Removed by Filter: 4990048
Planning time: 0.294 ms
Execution time: 14390.964 ms
