Seq Scan on cast_info ci  (cost=0.00..796071.18 rows=238051 width=0) (actual time=11392.520..11801.191 rows=270341 loops=1)
  Filter: ((person_id > 1131845) AND (role_id > 10))
  Rows Removed by Filter: 35974003
Planning time: 0.390 ms
Execution time: 11820.229 ms
