Hash Join  (cost=205920.83..351181.86 rows=1765391 width=0) (actual time=5019.146..6916.677 rows=1031577 loops=1)
  Hash Cond: (mk.movie_id = t.id)
  ->  Seq Scan on movie_keyword mk  (cost=0.00..81003.12 rows=3613066 width=4) (actual time=0.024..1446.359 rows=3619858 loops=1)
        Filter: (keyword_id < 20415)
        Rows Removed by Filter: 904072
  ->  Hash  (cost=185650.44..185650.44 rows=1235471 width=8) (actual time=3825.764..3825.764 rows=504404 loops=1)
        Buckets: 131072  Batches: 32  Memory Usage: 1632kB
        ->  Hash Join  (cost=93569.21..185650.44 rows=1235471 width=8) (actual time=1449.286..3691.004 rows=504404 loops=1)
              Hash Cond: (mc.movie_id = t.id)
              ->  Seq Scan on movie_companies mc  (cost=0.00..44881.29 rows=2609129 width=4) (actual time=0.022..722.394 rows=2609129 loops=1)
              ->  Hash  (cost=73925.90..73925.90 rows=1197304 width=4) (actual time=1448.253..1448.253 rows=1285057 loops=1)
                    Buckets: 131072  Batches: 16  Memory Usage: 3858kB
                    ->  Seq Scan on title t  (cost=0.00..73925.90 rows=1197304 width=4) (actual time=0.016..1073.963 rows=1285057 loops=1)
                          Filter: ((production_year > 1978) AND (kind_id = 7))
                          Rows Removed by Filter: 1243255
Planning time: 1.076 ms
Execution time: 7007.002 ms
