Seq Scan on cast_info ci  (cost=0.00..796071.18 rows=6044205 width=0) (actual time=7705.513..12671.226 rows=2571129 loops=1)
  Filter: ((person_id < 2639174) AND (role_id > 5))
  Rows Removed by Filter: 33673215
Planning time: 0.310 ms
Execution time: 12966.194 ms
