Hash Join  (cost=92883.59..260452.41 rows=2596104 width=0) (actual time=1830.203..5679.615 rows=630500 loops=1)
  Hash Cond: (mk.movie_id = t.id)
  ->  Seq Scan on movie_keyword mk  (cost=0.00..81003.12 rows=4260332 width=4) (actual time=0.022..1650.406 rows=4259286 loops=1)
        Filter: (keyword_id < 59068)
        Rows Removed by Filter: 264644
  ->  Hash  (cost=67604.59..67604.59 rows=1540800 width=4) (actual time=1450.985..1450.985 rows=1543264 loops=1)
        Buckets: 131072  Batches: 32  Memory Usage: 2728kB
        ->  Seq Scan on title t  (cost=0.00..67604.59 rows=1540800 width=4) (actual time=123.250..961.552 rows=1543264 loops=1)
              Filter: (kind_id = 7)
              Rows Removed by Filter: 985048
Planning time: 0.841 ms
Execution time: 5753.498 ms
