Hash Join  (cost=74050.79..877192.87 rows=65563 width=0) (actual time=2171.170..9923.252 rows=62770 loops=1)
  Hash Cond: (ci.movie_id = t.id)
  ->  Seq Scan on cast_info ci  (cost=0.00..796071.18 rows=421940 width=4) (actual time=1263.022..8758.208 rows=396494 loops=1)
        Filter: ((person_id < 49815) AND (role_id < 8))
        Rows Removed by Filter: 35847850
  ->  Hash  (cost=67604.59..67604.59 rows=392896 width=4) (actual time=907.074..907.074 rows=391666 loops=1)
        Buckets: 131072  Batches: 8  Memory Usage: 2753kB
        ->  Seq Scan on title t  (cost=0.00..67604.59 rows=392896 width=4) (actual time=0.042..789.600 rows=391666 loops=1)
              Filter: (production_year > 2010)
              Rows Removed by Filter: 2136646
Planning time: 0.756 ms
Execution time: 9931.452 ms
