Nested Loop  (cost=0.43..797488.04 rows=168 width=0) (actual time=1814.444..10336.863 rows=2 loops=1)
  ->  Seq Scan on cast_info ci  (cost=0.00..796071.18 rows=168 width=4) (actual time=1814.343..10336.732 rows=2 loops=1)
        Filter: ((role_id > 3) AND (person_id = 1567396))
        Rows Removed by Filter: 36244342
  ->  Index Only Scan using title_pkey on title t  (cost=0.43..8.42 rows=1 width=4) (actual time=0.051..0.052 rows=1 loops=2)
        Index Cond: (id = ci.movie_id)
        Heap Fetches: 2
Planning time: 0.772 ms
Execution time: 10336.946 ms
