Nested Loop  (cost=0.43..58358.39 rows=25 width=0) (actual time=3.519..662.824 rows=85 loops=1)
  ->  Seq Scan on movie_companies mc  (cost=0.00..57926.93 rows=51 width=4) (actual time=3.471..659.051 rows=180 loops=1)
        Filter: ((company_id = 11346) AND (company_type_id = 1))
        Rows Removed by Filter: 2608949
  ->  Index Scan using title_pkey on title t  (cost=0.43..8.45 rows=1 width=4) (actual time=0.020..0.020 rows=0 loops=180)
        Index Cond: (id = mc.movie_id)
        Filter: (production_year > 2002)
        Rows Removed by Filter: 1
Planning time: 0.766 ms
Execution time: 662.968 ms
