Hash Join  (cost=102767.86..1010686.44 rows=4237625 width=0) (actual time=4562.227..11906.570 rows=365581 loops=1)
  Hash Cond: (ci.movie_id = t.id)
  ->  Seq Scan on cast_info ci  (cost=0.00..796071.18 rows=4237625 width=4) (actual time=2920.366..9594.496 rows=365581 loops=1)
        Filter: ((person_id > 3008329) AND (role_id < 4))
        Rows Removed by Filter: 35878763
  ->  Hash  (cost=61283.27..61283.27 rows=2528527 width=4) (actual time=1640.396..1640.396 rows=2528312 loops=1)
        Buckets: 131072  Batches: 64  Memory Usage: 2415kB
        ->  Seq Scan on title t  (cost=0.00..61283.27 rows=2528527 width=4) (actual time=0.015..795.309 rows=2528312 loops=1)
Planning time: 0.702 ms
Execution time: 11949.809 ms
