Hash Join  (cost=83074.52..833889.33 rows=2559 width=0) (actual time=1014.400..14085.731 rows=3582 loops=1)
  Hash Cond: (ci.movie_id = t.id)
  ->  Seq Scan on cast_info ci  (cost=0.00..614943.12 rows=36225612 width=4) (actual time=0.013..6315.436 rows=36244344 loops=1)
  ->  Hash  (cost=83072.29..83072.29 rows=179 width=8) (actual time=1013.121..1013.121 rows=67 loops=1)
        Buckets: 1024  Batches: 1  Memory Usage: 11kB
        ->  Nested Loop  (cost=0.43..83072.29 rows=179 width=8) (actual time=4.770..1013.040 rows=67 loops=1)
              ->  Seq Scan on movie_keyword mk  (cost=0.00..81003.12 rows=246 width=4) (actual time=3.777..1008.093 rows=136 loops=1)
                    Filter: (keyword_id = 9058)
                    Rows Removed by Filter: 4523794
              ->  Index Scan using title_pkey on title t  (cost=0.43..8.40 rows=1 width=4) (actual time=0.034..0.034 rows=0 loops=136)
                    Index Cond: (id = mk.movie_id)
                    Filter: (production_year > 1986)
                    Rows Removed by Filter: 1
Planning time: 1.161 ms
Execution time: 14087.422 ms
