Hash Join  (cost=1177763.48..2141891.34 rows=36757042 width=0) (actual time=27666.079..60895.752 rows=53301874 loops=1)
  Hash Cond: (mi.movie_id = t.id)
  ->  Seq Scan on movie_info mi  (cost=0.00..309384.22 rows=14739122 width=4) (actual time=0.023..4595.057 rows=14835720 loops=1)
  ->  Hash  (cost=1074309.64..1074309.64 rows=6305747 width=8) (actual time=27662.512..27662.512 rows=9610671 loops=1)
        Buckets: 131072  Batches: 128  Memory Usage: 3872kB
        ->  Hash Join  (cost=98137.04..1074309.64 rows=6305747 width=8) (actual time=5426.906..24300.992 rows=9610671 loops=1)
              Hash Cond: (ci.movie_id = t.id)
              ->  Seq Scan on cast_info ci  (cost=0.00..796071.18 rows=8567591 width=4) (actual time=4021.985..12412.422 rows=13333916 loops=1)
                    Filter: ((person_id > 2339110) AND (role_id > 1))
                    Rows Removed by Filter: 22910428
              ->  Hash  (cost=67604.59..67604.59 rows=1860996 width=4) (actual time=1403.813..1403.813 rows=1865487 loops=1)
                    Buckets: 131072  Batches: 32  Memory Usage: 3079kB
                    ->  Seq Scan on title t  (cost=0.00..67604.59 rows=1860996 width=4) (actual time=0.025..862.844 rows=1865487 loops=1)
                          Filter: (kind_id > 1)
                          Rows Removed by Filter: 662825
Planning time: 1.196 ms
Execution time: 66961.402 ms
