Seq Scan on cast_info ci  (cost=0.00..796071.18 rows=13167397 width=0) (actual time=0.158..12656.452 rows=19149864 loops=1)
  Filter: ((person_id > 1564001) AND (role_id > 1))
  Rows Removed by Filter: 17094480
Planning time: 0.342 ms
Execution time: 14970.697 ms
