Hash Join  (cost=75773.42..166173.84 rows=33217 width=0) (actual time=1210.106..2854.648 rows=137614 loops=1)
  Hash Cond: (mk.movie_id = t.id)
  ->  Seq Scan on movie_keyword mk  (cost=0.00..81003.12 rows=745900 width=4) (actual time=26.416..1324.668 rows=751969 loops=1)
        Filter: (keyword_id > 24882)
        Rows Removed by Filter: 3771961
  ->  Hash  (cost=73925.90..73925.90 rows=112601 width=4) (actual time=1181.299..1181.299 rows=212417 loops=1)
        Buckets: 131072 (originally 131072)  Batches: 4 (originally 2)  Memory Usage: 3073kB
        ->  Seq Scan on title t  (cost=0.00..73925.90 rows=112601 width=4) (actual time=0.370..1103.927 rows=212417 loops=1)
              Filter: ((kind_id < 7) AND (production_year < 1964))
              Rows Removed by Filter: 2315895
Planning time: 0.849 ms
Execution time: 2870.803 ms
