Seq Scan on movie_companies mc  (cost=0.00..57926.93 rows=1018353 width=0) (actual time=0.022..955.301 rows=727856 loops=1)
  Filter: ((company_id < 63494) AND (company_type_id = 2))
  Rows Removed by Filter: 1881273
Planning time: 0.349 ms
Execution time: 1046.877 ms
