Hash Join  (cost=75336.05..199211.55 rows=153746 width=0) (actual time=984.511..3768.597 rows=663468 loops=1)
  Hash Cond: (mk.movie_id = t.id)
  ->  Seq Scan on movie_keyword mk  (cost=0.00..69693.30 rows=4523930 width=4) (actual time=0.016..1207.637 rows=4523930 loops=1)
  ->  Hash  (cost=73925.90..73925.90 rows=85932 width=4) (actual time=983.572..983.572 rows=187462 loops=1)
        Buckets: 131072 (originally 131072)  Batches: 4 (originally 2)  Memory Usage: 3073kB
        ->  Seq Scan on title t  (cost=0.00..73925.90 rows=85932 width=4) (actual time=0.116..917.886 rows=187462 loops=1)
              Filter: ((kind_id < 7) AND (production_year < 1958))
              Rows Removed by Filter: 2340850
Planning time: 0.713 ms
Execution time: 3823.087 ms
