Hash Join  (cost=797557.90..884219.09 rows=315 width=0) (actual time=11590.378..12795.876 rows=336 loops=1)
  Hash Cond: (mk.movie_id = t.id)
  ->  Seq Scan on movie_keyword mk  (cost=0.00..69693.30 rows=4523930 width=4) (actual time=0.016..713.864 rows=4523930 loops=1)
  ->  Hash  (cost=797555.70..797555.70 rows=176 width=8) (actual time=11392.237..11392.237 rows=52 loops=1)
        Buckets: 1024  Batches: 1  Memory Usage: 11kB
        ->  Nested Loop  (cost=0.43..797555.70 rows=176 width=8) (actual time=11382.118..11392.210 rows=52 loops=1)
              ->  Seq Scan on cast_info ci  (cost=0.00..796071.18 rows=176 width=4) (actual time=11382.035..11391.190 rows=52 loops=1)
                    Filter: ((role_id < 2) AND (person_id = 1678055))
                    Rows Removed by Filter: 36244292
              ->  Index Only Scan using title_pkey on title t  (cost=0.43..8.42 rows=1 width=4) (actual time=0.018..0.018 rows=1 loops=52)
                    Index Cond: (id = ci.movie_id)
                    Heap Fetches: 52
Planning time: 1.107 ms
Execution time: 12796.024 ms
