Seq Scan on cast_info ci  (cost=0.00..796071.18 rows=539500 width=0) (actual time=7496.759..11677.297 rows=704478 loops=1)
  Filter: ((person_id > 1412250) AND (role_id = 5))
  Rows Removed by Filter: 35539866
Planning time: 0.381 ms
Execution time: 11769.337 ms
