Hash Join  (cost=196400.36..1001451.27 rows=66023 width=0) (actual time=3147.806..15400.613 rows=28739 loops=1)
  Hash Cond: (ci.movie_id = t.id)
  ->  Seq Scan on cast_info ci  (cost=0.00..796071.18 rows=2218533 width=4) (actual time=0.033..11793.754 rows=1442611 loops=1)
        Filter: ((person_id < 2005630) AND (role_id = 3))
        Rows Removed by Filter: 34801733
  ->  Hash  (cost=195459.76..195459.76 rows=75248 width=8) (actual time=3147.109..3147.109 rows=72496 loops=1)
        Buckets: 131072  Batches: 1  Memory Usage: 3856kB
        ->  Hash Join  (cost=102767.86..195459.76 rows=75248 width=8) (actual time=1540.098..3118.391 rows=72496 loops=1)
              Hash Cond: (mk.movie_id = t.id)
              ->  Seq Scan on movie_keyword mk  (cost=0.00..81003.12 rows=75248 width=4) (actual time=0.047..1117.340 rows=72496 loops=1)
                    Filter: (keyword_id = 335)
                    Rows Removed by Filter: 4451434
              ->  Hash  (cost=61283.27..61283.27 rows=2528527 width=4) (actual time=1538.975..1538.975 rows=2528312 loops=1)
                    Buckets: 131072  Batches: 64  Memory Usage: 2425kB
                    ->  Seq Scan on title t  (cost=0.00..61283.27 rows=2528527 width=4) (actual time=0.012..741.644 rows=2528312 loops=1)
Planning time: 3.176 ms
Execution time: 15405.860 ms
