Hash Join  (cost=740729.75..2938649.35 rows=91281735 width=0) (actual time=14599.348..103684.906 rows=248857825 loops=1)
  Hash Cond: (ci.movie_id = t.id)
  ->  Seq Scan on cast_info ci  (cost=0.00..614943.12 rows=36225612 width=4) (actual time=0.022..10611.452 rows=36244344 loops=1)
  ->  Hash  (cost=636198.08..636198.08 rows=6371413 width=8) (actual time=14596.855..14596.855 rows=5540186 loops=1)
        Buckets: 131072  Batches: 128  Memory Usage: 2695kB
        ->  Hash Join  (cost=94666.80..636198.08 rows=6371413 width=8) (actual time=1451.473..13166.956 rows=5540186 loops=1)
              Hash Cond: (mi.movie_id = t.id)
              ->  Seq Scan on movie_info mi  (cost=0.00..346232.03 rows=9767026 width=4) (actual time=0.026..5155.771 rows=9911754 loops=1)
                    Filter: (info_type_id > 4)
                    Rows Removed by Filter: 4923966
              ->  Hash  (cost=67604.59..67604.59 rows=1649457 width=4) (actual time=1450.491..1450.491 rows=1643514 loops=1)
                    Buckets: 131072  Batches: 32  Memory Usage: 2839kB
                    ->  Seq Scan on title t  (cost=0.00..67604.59 rows=1649457 width=4) (actual time=0.015..959.064 rows=1643514 loops=1)
                          Filter: (production_year > 1994)
                          Rows Removed by Filter: 884798
Planning time: 1.154 ms
Execution time: 130250.727 ms
