Nested Loop  (cost=0.43..798788.22 rows=30 width=0) (actual time=10148.033..12063.054 rows=4 loops=1)
  ->  Seq Scan on cast_info ci  (cost=0.00..796071.18 rows=324 width=4) (actual time=10147.893..12062.785 rows=7 loops=1)
        Filter: ((role_id > 1) AND (person_id = 3234159))
        Rows Removed by Filter: 36244337
  ->  Index Scan using title_pkey on title t  (cost=0.43..8.38 rows=1 width=4) (actual time=0.026..0.027 rows=1 loops=7)
        Index Cond: (id = ci.movie_id)
        Filter: (production_year > 2011)
        Rows Removed by Filter: 0
Planning time: 0.772 ms
Execution time: 12063.177 ms
