Hash Join  (cost=102767.86..1199331.15 rows=12077422 width=0) (actual time=1785.528..27446.658 rows=13259496 loops=1)
  Hash Cond: (ci.movie_id = t.id)
  ->  Seq Scan on cast_info ci  (cost=0.00..796071.18 rows=12077422 width=4) (actual time=6.480..12769.090 rows=13259496 loops=1)
        Filter: ((person_id < 1364182) AND (role_id < 10))
        Rows Removed by Filter: 22984848
  ->  Hash  (cost=61283.27..61283.27 rows=2528527 width=4) (actual time=1659.305..1659.305 rows=2528312 loops=1)
        Buckets: 131072  Batches: 64  Memory Usage: 2415kB
        ->  Seq Scan on title t  (cost=0.00..61283.27 rows=2528527 width=4) (actual time=0.024..801.019 rows=2528312 loops=1)
Planning time: 0.691 ms
Execution time: 29000.107 ms
