Hash Join  (cost=67697.55..461342.81 rows=36898 width=0) (actual time=1427.454..7869.327 rows=30319 loops=1)
  Hash Cond: (mi.movie_id = t.id)
  ->  Seq Scan on movie_info mi  (cost=0.00..346232.03 rows=12545135 width=4) (actual time=455.755..5043.369 rows=12601870 loops=1)
        Filter: (info_type_id < 17)
        Rows Removed by Filter: 2233850
  ->  Hash  (cost=67604.59..67604.59 rows=7437 width=4) (actual time=886.112..886.112 rows=2915 loops=1)
        Buckets: 8192  Batches: 1  Memory Usage: 167kB
        ->  Seq Scan on title t  (cost=0.00..67604.59 rows=7437 width=4) (actual time=314.383..884.602 rows=2915 loops=1)
              Filter: (production_year = 1927)
              Rows Removed by Filter: 2525397
Planning time: 0.800 ms
Execution time: 7874.986 ms
