Hash Join  (cost=176204.06..664662.61 rows=810862 width=0) (actual time=2947.131..14766.643 rows=4209956 loops=1)
  Hash Cond: (mi.movie_id = t.id)
  ->  Seq Scan on movie_info mi  (cost=0.00..309384.22 rows=14739122 width=4) (actual time=0.011..4461.030 rows=14835720 loops=1)
  ->  Hash  (cost=173921.25..173921.25 rows=139105 width=8) (actual time=2946.348..2946.348 rows=214645 loops=1)
        Buckets: 131072 (originally 131072)  Batches: 4 (originally 2)  Memory Usage: 3128kB
        ->  Hash Join  (cost=102767.86..173921.25 rows=139105 width=8) (actual time=1996.553..2886.449 rows=214645 loops=1)
              Hash Cond: (mc.movie_id = t.id)
              ->  Seq Scan on movie_companies mc  (cost=0.00..57926.93 rows=139105 width=4) (actual time=132.197..614.822 rows=214645 loops=1)
                    Filter: ((company_id < 150) AND (company_type_id = 1))
                    Rows Removed by Filter: 2394484
              ->  Hash  (cost=61283.27..61283.27 rows=2528527 width=4) (actual time=1863.141..1863.141 rows=2528312 loops=1)
                    Buckets: 131072  Batches: 64  Memory Usage: 2415kB
                    ->  Seq Scan on title t  (cost=0.00..61283.27 rows=2528527 width=4) (actual time=0.019..757.255 rows=2528312 loops=1)
Planning time: 1.147 ms
Execution time: 15281.250 ms
