Seq Scan on movie_companies mc  (cost=0.00..57926.93 rows=51 width=0) (actual time=257.719..617.185 rows=1 loops=1)
  Filter: ((company_id = 59449) AND (company_type_id = 1))
  Rows Removed by Filter: 2609128
Planning time: 0.423 ms
Execution time: 617.270 ms
