Nested Loop  (cost=0.43..709671.90 rows=500 width=0) (actual time=3333.446..7607.888 rows=452 loops=1)
  ->  Seq Scan on cast_info ci  (cost=0.00..705507.15 rows=500 width=4) (actual time=3333.250..7597.162 rows=452 loops=1)
        Filter: (person_id = 400688)
        Rows Removed by Filter: 36243892
  ->  Index Only Scan using title_pkey on title t  (cost=0.43..8.32 rows=1 width=4) (actual time=0.022..0.022 rows=1 loops=452)
        Index Cond: (id = ci.movie_id)
        Heap Fetches: 452
Planning time: 1.503 ms
Execution time: 7608.102 ms
