Seq Scan on movie_keyword mk  (cost=0.00..81003.12 rows=324596 width=0) (actual time=56.098..1097.432 rows=321831 loops=1)
  Filter: (keyword_id > 50891)
  Rows Removed by Filter: 4202099
Planning time: 0.238 ms
Execution time: 1140.597 ms
