Hash Join  (cost=58375.85..423034.86 rows=309 width=0) (actual time=837.200..7526.949 rows=415 loops=1)
  Hash Cond: (mi.movie_id = t.id)
  ->  Seq Scan on movie_info mi  (cost=0.00..309384.22 rows=14739122 width=4) (actual time=0.022..4101.851 rows=14835720 loops=1)
  ->  Hash  (cost=58375.18..58375.18 rows=53 width=8) (actual time=825.607..825.607 rows=34 loops=1)
        Buckets: 1024  Batches: 1  Memory Usage: 10kB
        ->  Nested Loop  (cost=0.43..58375.18 rows=53 width=8) (actual time=78.859..825.559 rows=34 loops=1)
              ->  Seq Scan on movie_companies mc  (cost=0.00..57926.93 rows=53 width=4) (actual time=78.756..819.343 rows=34 loops=1)
                    Filter: ((company_id = 19289) AND (company_type_id = 2))
                    Rows Removed by Filter: 2609095
              ->  Index Only Scan using title_pkey on title t  (cost=0.43..8.45 rows=1 width=4) (actual time=0.177..0.178 rows=1 loops=34)
                    Index Cond: (id = mc.movie_id)
                    Heap Fetches: 34
Planning time: 1.181 ms
Execution time: 7527.235 ms
