Seq Scan on cast_info ci  (cost=0.00..705507.15 rows=29834911 width=0) (actual time=0.018..9660.748 rows=29947009 loops=1)
  Filter: (person_id > 607316)
  Rows Removed by Filter: 6297335
Planning time: 0.291 ms
Execution time: 12989.573 ms
