Hash Join  (cost=92883.59..178675.54 rows=704084 width=0) (actual time=1770.887..3773.226 rows=389914 loops=1)
  Hash Cond: (mc.movie_id = t.id)
  ->  Seq Scan on movie_companies mc  (cost=0.00..57926.93 rows=1155436 width=4) (actual time=0.446..1150.669 rows=989974 loops=1)
        Filter: ((company_id < 88796) AND (company_type_id = 2))
        Rows Removed by Filter: 1619155
  ->  Hash  (cost=67604.59..67604.59 rows=1540800 width=4) (actual time=1769.202..1769.202 rows=1543264 loops=1)
        Buckets: 131072  Batches: 32  Memory Usage: 2722kB
        ->  Seq Scan on title t  (cost=0.00..67604.59 rows=1540800 width=4) (actual time=74.142..1277.055 rows=1543264 loops=1)
              Filter: (kind_id = 7)
              Rows Removed by Filter: 985048
Planning time: 0.758 ms
Execution time: 3819.907 ms
