Nested Loop  (cost=0.43..58358.27 rows=51 width=0) (actual time=1.295..687.559 rows=460 loops=1)
  ->  Seq Scan on movie_companies mc  (cost=0.00..57926.93 rows=51 width=4) (actual time=1.233..678.667 rows=460 loops=1)
        Filter: ((company_id = 432) AND (company_type_id = 1))
        Rows Removed by Filter: 2608669
  ->  Index Only Scan using title_pkey on title t  (cost=0.43..8.45 rows=1 width=4) (actual time=0.018..0.018 rows=1 loops=460)
        Index Cond: (id = mc.movie_id)
        Heap Fetches: 460
Planning time: 0.757 ms
Execution time: 687.777 ms
