Hash Join  (cost=177040.03..209395.31 rows=58517 width=0) (actual time=3219.050..4505.507 rows=150184 loops=1)
  Hash Cond: (mi_idx.movie_id = t.id)
  ->  Seq Scan on movie_info_idx mi_idx  (cost=0.00..25185.44 rows=460978 width=4) (actual time=0.018..412.572 rows=459925 loops=1)
        Filter: (info_type_id = 99)
        Rows Removed by Filter: 920110
  ->  Hash  (cost=171773.83..171773.83 rows=320976 width=8) (actual time=3170.502..3170.502 rows=325553 loops=1)
        Buckets: 131072  Batches: 8  Memory Usage: 2623kB
        ->  Hash Join  (cost=102767.86..171773.83 rows=320976 width=8) (actual time=1811.807..3069.094 rows=325553 loops=1)
              Hash Cond: (mc.movie_id = t.id)
              ->  Seq Scan on movie_companies mc  (cost=0.00..51404.11 rows=320976 width=4) (actual time=144.343..710.053 rows=325553 loops=1)
                    Filter: (company_id > 91361)
                    Rows Removed by Filter: 2283576
              ->  Hash  (cost=61283.27..61283.27 rows=2528527 width=4) (actual time=1666.203..1666.203 rows=2528312 loops=1)
                    Buckets: 131072  Batches: 64  Memory Usage: 2415kB
                    ->  Seq Scan on title t  (cost=0.00..61283.27 rows=2528527 width=4) (actual time=0.022..822.473 rows=2528312 loops=1)
Planning time: 1.155 ms
Execution time: 4525.972 ms
