Nested Loop  (cost=0.43..709673.15 rows=195 width=0) (actual time=4586.132..9162.947 rows=1 loops=1)
  ->  Seq Scan on cast_info ci  (cost=0.00..705507.15 rows=500 width=4) (actual time=4585.965..9162.745 rows=2 loops=1)
        Filter: (person_id = 761019)
        Rows Removed by Filter: 36244342
  ->  Index Scan using title_pkey on title t  (cost=0.43..8.32 rows=1 width=4) (actual time=0.059..0.060 rows=0 loops=2)
        Index Cond: (id = ci.movie_id)
        Filter: (kind_id < 7)
        Rows Removed by Filter: 0
Planning time: 0.814 ms
Execution time: 9163.046 ms
