Seq Scan on title t  (cost=0.00..73925.90 rows=91524 width=0) (actual time=184.394..851.459 rows=56 loops=1)
  Filter: ((production_year < 1946) AND (kind_id = 7))
  Rows Removed by Filter: 2528256
Planning time: 0.412 ms
Execution time: 851.615 ms
