Hash Join  (cost=172980.04..683856.76 rows=2911880 width=0) (actual time=3370.079..22725.915 rows=35331162 loops=1)
  Hash Cond: (mi.movie_id = t.id)
  ->  Seq Scan on movie_info mi  (cost=0.00..309384.22 rows=14739122 width=4) (actual time=0.018..4437.502 rows=14835720 loops=1)
  ->  Hash  (cost=164783.80..164783.80 rows=499539 width=8) (actual time=3368.960..3368.960 rows=712013 loops=1)
        Buckets: 131072 (originally 131072)  Batches: 16 (originally 8)  Memory Usage: 3073kB
        ->  Hash Join  (cost=87539.85..164783.80 rows=499539 width=8) (actual time=1238.484..3146.602 rows=712013 loops=1)
              Hash Cond: (mc.movie_id = t.id)
              ->  Seq Scan on movie_companies mc  (cost=0.00..51404.11 rows=1522251 width=4) (actual time=0.092..833.163 rows=1507284 loops=1)
                    Filter: (company_id < 14060)
                    Rows Removed by Filter: 1101845
              ->  Hash  (cost=73925.90..73925.90 rows=829756 width=4) (actual time=1237.607..1237.607 rows=744086 loops=1)
                    Buckets: 131072  Batches: 16  Memory Usage: 2662kB
                    ->  Seq Scan on title t  (cost=0.00..73925.90 rows=829756 width=4) (actual time=0.015..1003.520 rows=744086 loops=1)
                          Filter: ((kind_id < 7) AND (production_year > 1967))
                          Rows Removed by Filter: 1784226
Planning time: 1.107 ms
Execution time: 26574.238 ms
