Hash Join  (cost=102767.86..175208.17 rows=192577 width=0) (actual time=1701.510..2913.595 rows=300129 loops=1)
  Hash Cond: (mc.movie_id = t.id)
  ->  Seq Scan on movie_companies mc  (cost=0.00..57926.93 rows=192577 width=4) (actual time=0.028..777.741 rows=300129 loops=1)
        Filter: ((company_id < 240) AND (company_type_id < 2))
        Rows Removed by Filter: 2309000
  ->  Hash  (cost=61283.27..61283.27 rows=2528527 width=4) (actual time=1700.444..1700.444 rows=2528312 loops=1)
        Buckets: 131072  Batches: 64  Memory Usage: 2415kB
        ->  Seq Scan on title t  (cost=0.00..61283.27 rows=2528527 width=4) (actual time=0.018..843.514 rows=2528312 loops=1)
Planning time: 0.709 ms
Execution time: 2937.049 ms
