Hash Join  (cost=95314.15..245732.99 rows=2332380 width=0) (actual time=1574.554..5128.461 rows=577771 loops=1)
  Hash Cond: (mk.movie_id = t.id)
  ->  Seq Scan on movie_keyword mk  (cost=0.00..69693.30 rows=4523930 width=4) (actual time=0.025..1208.639 rows=4523930 loops=1)
  ->  Hash  (cost=73925.90..73925.90 rows=1303620 width=4) (actual time=1573.276..1573.276 rows=1383104 loops=1)
        Buckets: 131072  Batches: 32  Memory Usage: 2552kB
        ->  Seq Scan on title t  (cost=0.00..73925.90 rows=1303620 width=4) (actual time=281.724..1127.262 rows=1383104 loops=1)
              Filter: ((production_year > 1966) AND (kind_id = 7))
              Rows Removed by Filter: 1145208
Planning time: 0.728 ms
Execution time: 5199.957 ms
