Hash Join  (cost=102454.22..917673.30 rows=429660 width=0) (actual time=5721.693..11695.715 rows=248590 loops=1)
  Hash Cond: (ci.movie_id = t.id)
  ->  Seq Scan on cast_info ci  (cost=0.00..796071.18 rows=511460 width=4) (actual time=4036.222..9466.154 rows=279860 loops=1)
        Filter: ((person_id < 106100) AND (role_id > 2))
        Rows Removed by Filter: 35964484
  ->  Hash  (cost=67604.59..67604.59 rows=2124131 width=4) (actual time=1684.386..1684.386 rows=2118372 loops=1)
        Buckets: 131072  Batches: 32  Memory Usage: 3356kB
        ->  Seq Scan on title t  (cost=0.00..67604.59 rows=2124131 width=4) (actual time=0.030..1053.090 rows=2118372 loops=1)
              Filter: (production_year > 1967)
              Rows Removed by Filter: 409940
Planning time: 0.693 ms
Execution time: 11723.751 ms
