Seq Scan on title t  (cost=0.00..73925.90 rows=212154 width=0) (actual time=0.036..870.939 rows=82748 loops=1)
  Filter: ((kind_id > 1) AND (production_year < 1964))
  Rows Removed by Filter: 2445564
Planning time: 0.317 ms
Execution time: 882.352 ms
