Hash Join  (cost=73929.23..100858.66 rows=49 width=0) (actual time=901.099..1239.172 rows=275 loops=1)
  Hash Cond: (mi_idx.movie_id = t.id)
  ->  Seq Scan on movie_info_idx mi_idx  (cost=0.00..25185.44 rows=464934 width=4) (actual time=0.022..390.856 rows=460185 loops=1)
        Filter: (info_type_id > 100)
        Rows Removed by Filter: 919850
  ->  Hash  (cost=73925.90..73925.90 rows=266 width=4) (actual time=777.275..777.275 rows=660 loops=1)
        Buckets: 1024  Batches: 1  Memory Usage: 32kB
        ->  Seq Scan on title t  (cost=0.00..73925.90 rows=266 width=4) (actual time=0.158..776.843 rows=660 loops=1)
              Filter: ((kind_id = 2) AND (production_year = 1975))
              Rows Removed by Filter: 2527652
Planning time: 0.792 ms
Execution time: 1239.307 ms
