Seq Scan on cast_info ci  (cost=0.00..705507.15 rows=26036191 width=0) (actual time=0.023..10294.914 rows=26026266 loops=1)
  Filter: (person_id < 2692926)
  Rows Removed by Filter: 10218078
Planning time: 0.315 ms
Execution time: 13473.604 ms
