Hash Join  (cost=87731.24..203224.22 rows=697319 width=0) (actual time=1310.297..3610.918 rows=176716 loops=1)
  Hash Cond: (mk.movie_id = t.id)
  ->  Seq Scan on movie_keyword mk  (cost=0.00..81003.12 rows=2095376 width=4) (actual time=0.008..1234.345 rows=2092386 loops=1)
        Filter: (keyword_id > 5761)
        Rows Removed by Filter: 2431544
  ->  Hash  (cost=73925.90..73925.90 rows=841467 width=4) (actual time=1309.213..1309.213 rows=921643 loops=1)
        Buckets: 131072  Batches: 16  Memory Usage: 3062kB
        ->  Seq Scan on title t  (cost=0.00..73925.90 rows=841467 width=4) (actual time=0.022..1018.873 rows=921643 loops=1)
              Filter: ((production_year > 2000) AND (kind_id = 7))
              Rows Removed by Filter: 1606669
Planning time: 14.200 ms
Execution time: 3633.465 ms
