Hash Join  (cost=190230.21..339169.85 rows=2005564 width=0) (actual time=4623.550..11101.151 rows=8430294 loops=1)
  Hash Cond: (mk.movie_id = t.id)
  ->  Seq Scan on movie_keyword mk  (cost=0.00..81003.12 rows=3674633 width=4) (actual time=0.025..1430.788 rows=3668018 loops=1)
        Filter: (keyword_id < 21472)
        Rows Removed by Filter: 855912
  ->  Hash  (cost=167588.78..167588.78 rows=1380035 width=8) (actual time=4622.612..4622.612 rows=1380035 loops=1)
        Buckets: 131072  Batches: 32  Memory Usage: 2726kB
        ->  Hash Join  (cost=102767.86..167588.78 rows=1380035 width=8) (actual time=2372.128..4231.718 rows=1380035 loops=1)
              Hash Cond: (mi_idx.movie_id = t.id)
              ->  Seq Scan on movie_info_idx mi_idx  (cost=0.00..21735.35 rows=1380035 width=4) (actual time=0.015..410.733 rows=1380035 loops=1)
              ->  Hash  (cost=61283.27..61283.27 rows=2528527 width=4) (actual time=2370.747..2370.747 rows=2528312 loops=1)
                    Buckets: 131072  Batches: 64  Memory Usage: 2415kB
                    ->  Seq Scan on title t  (cost=0.00..61283.27 rows=2528527 width=4) (actual time=0.013..759.176 rows=2528312 loops=1)
Planning time: 1.076 ms
Execution time: 12178.160 ms
