Hash Join  (cost=417502.74..1227468.54 rows=186173 width=0) (actual time=4398.122..20926.454 rows=513107 loops=1)
  Hash Cond: (ci.movie_id = t.id)
  ->  Seq Scan on cast_info ci  (cost=0.00..705507.15 rows=27359182 width=4) (actual time=0.107..10517.836 rows=27362316 loops=1)
        Filter: (person_id < 2805385)
        Rows Removed by Filter: 8882028
  ->  Hash  (cost=417287.66..417287.66 rows=17206 width=8) (actual time=4397.810..4397.810 rows=20558 loops=1)
        Buckets: 32768  Batches: 1  Memory Usage: 1060kB
        ->  Hash Join  (cost=68438.72..417287.66 rows=17206 width=8) (actual time=3032.469..4390.177 rows=20558 loops=1)
              Hash Cond: (mi.movie_id = t.id)
              ->  Seq Scan on movie_info mi  (cost=0.00..346232.03 rows=651960 width=4) (actual time=2121.404..3313.357 rows=660923 loops=1)
                    Filter: (info_type_id = 18)
                    Rows Removed by Filter: 14174797
              ->  Hash  (cost=67604.59..67604.59 rows=66731 width=4) (actual time=910.194..910.194 rows=67342 loops=1)
                    Buckets: 131072  Batches: 1  Memory Usage: 3392kB
                    ->  Seq Scan on title t  (cost=0.00..67604.59 rows=66731 width=4) (actual time=0.040..882.041 rows=67342 loops=1)
                          Filter: (production_year > 2012)
                          Rows Removed by Filter: 2460970
Planning time: 1.137 ms
Execution time: 20999.690 ms
