Nested Loop  (cost=32814.54..125032.86 rows=1664 width=0) (actual time=576.553..1900.121 rows=8272 loops=1)
  ->  Hash Join  (cost=32814.11..117380.25 rows=9061 width=8) (actual time=576.490..1751.791 rows=8272 loops=1)
        Hash Cond: (mk.movie_id = mi_idx.movie_id)
        ->  Seq Scan on movie_keyword mk  (cost=0.00..81003.12 rows=9048 width=4) (actual time=0.490..1087.315 rows=9942 loops=1)
              Filter: (keyword_id = 56)
              Rows Removed by Filter: 4513988
        ->  Hash  (cost=25185.44..25185.44 rows=464934 width=4) (actual time=573.560..573.560 rows=460185 loops=1)
              Buckets: 131072  Batches: 8  Memory Usage: 3060kB
              ->  Seq Scan on movie_info_idx mi_idx  (cost=0.00..25185.44 rows=464934 width=4) (actual time=0.022..428.476 rows=460185 loops=1)
                    Filter: (info_type_id > 100)
                    Rows Removed by Filter: 919850
  ->  Index Only Scan using title_pkey on title t  (cost=0.43..0.83 rows=1 width=4) (actual time=0.017..0.017 rows=1 loops=8272)
        Index Cond: (id = mi_idx.movie_id)
        Heap Fetches: 8272
Planning time: 1.140 ms
Execution time: 1902.488 ms
