Hash Join  (cost=128695.20..849242.62 rows=4740 width=0) (actual time=6958.257..13439.327 rows=35791 loops=1)
  Hash Cond: (ci.movie_id = t.id)
  ->  Seq Scan on cast_info ci  (cost=0.00..705507.15 rows=3998100 width=4) (actual time=5027.850..10771.489 rows=4008037 loops=1)
        Filter: (role_id = 3)
        Rows Removed by Filter: 32236307
  ->  Hash  (cost=128657.72..128657.72 rows=2998 width=8) (actual time=1930.039..1930.039 rows=16815 loops=1)
        Buckets: 32768 (originally 4096)  Batches: 1 (originally 1)  Memory Usage: 913kB
        ->  Hash Join  (cost=73962.22..128657.72 rows=2998 width=8) (actual time=875.473..1922.766 rows=16815 loops=1)
              Hash Cond: (mc.movie_id = t.id)
              ->  Seq Scan on movie_companies mc  (cost=0.00..44881.29 rows=2609129 width=4) (actual time=0.008..483.239 rows=2609129 loops=1)
              ->  Hash  (cost=73925.90..73925.90 rows=2905 width=4) (actual time=875.265..875.265 rows=8126 loops=1)
                    Buckets: 8192 (originally 4096)  Batches: 1 (originally 1)  Memory Usage: 350kB
                    ->  Seq Scan on title t  (cost=0.00..73925.90 rows=2905 width=4) (actual time=0.029..871.297 rows=8126 loops=1)
                          Filter: ((kind_id < 7) AND (production_year = 1987))
                          Rows Removed by Filter: 2520186
Planning time: 1.198 ms
Execution time: 13444.834 ms
