Seq Scan on movie_companies mc  (cost=0.00..57926.93 rows=830627 width=0) (actual time=0.024..928.343 rows=1042785 loops=1)
  Filter: ((company_id > 4380) AND (company_type_id > 1))
  Rows Removed by Filter: 1566344
Planning time: 0.351 ms
Execution time: 1059.581 ms
