Hash Join  (cost=69928.56..152875.52 rows=6416 width=0) (actual time=882.164..1984.557 rows=5010 loops=1)
  Hash Cond: (mk.movie_id = t.id)
  ->  Seq Scan on movie_keyword mk  (cost=0.00..81003.12 rows=114578 width=4) (actual time=0.026..1046.528 rows=113638 loops=1)
        Filter: (keyword_id > 79410)
        Rows Removed by Filter: 4410292
  ->  Hash  (cost=67604.59..67604.59 rows=141598 width=4) (actual time=879.542..879.542 rows=141703 loops=1)
        Buckets: 131072  Batches: 2  Memory Usage: 3517kB
        ->  Seq Scan on title t  (cost=0.00..67604.59 rows=141598 width=4) (actual time=0.032..825.012 rows=141703 loops=1)
              Filter: (production_year = 2010)
              Rows Removed by Filter: 2386609
Planning time: 0.747 ms
Execution time: 1985.445 ms
