Hash Join  (cost=324457.83..1042152.08 rows=18841352 width=0) (actual time=6913.655..57192.182 rows=176263238 loops=1)
  Hash Cond: (mi.movie_id = t.id)
  ->  Seq Scan on movie_info mi  (cost=0.00..309384.22 rows=14739122 width=4) (actual time=0.016..4779.906 rows=14835720 loops=1)
  ->  Hash  (cost=271427.42..271427.42 rows=3232273 width=8) (actual time=6911.708..6911.708 rows=3222096 loops=1)
        Buckets: 131072  Batches: 64  Memory Usage: 3092kB
        ->  Hash Join  (cost=102767.86..271427.42 rows=3232273 width=8) (actual time=1716.416..6002.142 rows=3222096 loops=1)
              Hash Cond: (mk.movie_id = t.id)
              ->  Seq Scan on movie_keyword mk  (cost=0.00..81003.12 rows=3232273 width=4) (actual time=0.016..1545.272 rows=3222096 loops=1)
                    Filter: (keyword_id > 1697)
                    Rows Removed by Filter: 1301834
              ->  Hash  (cost=61283.27..61283.27 rows=2528527 width=4) (actual time=1714.429..1714.429 rows=2528312 loops=1)
                    Buckets: 131072  Batches: 64  Memory Usage: 2425kB
                    ->  Seq Scan on title t  (cost=0.00..61283.27 rows=2528527 width=4) (actual time=0.020..846.913 rows=2528312 loops=1)
Planning time: 1.157 ms
Execution time: 76453.657 ms
