Hash Join  (cost=102767.86..275166.86 rows=3387685 width=0) (actual time=2020.341..6645.870 rows=3377245 loops=1)
  Hash Cond: (mk.movie_id = t.id)
  ->  Seq Scan on movie_keyword mk  (cost=0.00..81003.12 rows=3387685 width=4) (actual time=0.022..1738.296 rows=3377245 loops=1)
        Filter: (keyword_id < 16264)
        Rows Removed by Filter: 1146685
  ->  Hash  (cost=61283.27..61283.27 rows=2528527 width=4) (actual time=2019.493..2019.493 rows=2528312 loops=1)
        Buckets: 131072  Batches: 64  Memory Usage: 2425kB
        ->  Seq Scan on title t  (cost=0.00..61283.27 rows=2528527 width=4) (actual time=0.020..1151.981 rows=2528312 loops=1)
Planning time: 0.753 ms
Execution time: 7041.433 ms
