Hash Join  (cost=101327.64..157774.69 rows=5689 width=0) (actual time=1413.715..2165.703 rows=24312 loops=1)
  Hash Cond: (mc.movie_id = t.id)
  ->  Seq Scan on movie_companies mc  (cost=0.00..51404.11 rows=1329612 width=4) (actual time=259.089..771.984 rows=1334883 loops=1)
        Filter: (company_type_id = 2)
        Rows Removed by Filter: 1274246
  ->  Hash  (cost=101192.39..101192.39 rows=10820 width=8) (actual time=1154.375..1154.375 rows=18030 loops=1)
        Buckets: 32768 (originally 16384)  Batches: 1 (originally 1)  Memory Usage: 961kB
        ->  Hash Join  (cost=74173.71..101192.39 rows=10820 width=8) (actual time=946.658..1149.074 rows=18030 loops=1)
              Hash Cond: (mi_idx.movie_id = t.id)
              ->  Seq Scan on movie_info_idx mi_idx  (cost=0.00..21735.35 rows=1380035 width=4) (actual time=0.019..160.916 rows=1380035 loops=1)
              ->  Hash  (cost=73925.90..73925.90 rows=19824 width=4) (actual time=802.619..802.619 rows=16677 loops=1)
                    Buckets: 32768  Batches: 1  Memory Usage: 843kB
                    ->  Seq Scan on title t  (cost=0.00..73925.90 rows=19824 width=4) (actual time=148.443..795.440 rows=16677 loops=1)
                          Filter: ((production_year < 1983) AND (kind_id = 2))
                          Rows Removed by Filter: 2511635
Planning time: 1.173 ms
Execution time: 2168.941 ms
