Hash Join  (cost=171144.48..1275733.37 rows=6890673 width=0) (actual time=4284.161..40842.761 rows=25069736 loops=1)
  Hash Cond: (ci.movie_id = t.id)
  ->  Seq Scan on cast_info ci  (cost=0.00..614943.12 rows=36225612 width=4) (actual time=0.026..10361.033 rows=36244344 loops=1)
  ->  Hash  (cost=163253.42..163253.42 rows=480965 width=8) (actual time=4282.981..4282.981 rows=688704 loops=1)
        Buckets: 131072 (originally 131072)  Batches: 16 (originally 8)  Memory Usage: 3073kB
        ->  Hash Join  (cost=81573.24..163253.42 rows=480965 width=8) (actual time=1789.716..4059.167 rows=688704 loops=1)
              Hash Cond: (mc.movie_id = t.id)
              ->  Seq Scan on movie_companies mc  (cost=0.00..44881.29 rows=2609129 width=4) (actual time=0.023..778.568 rows=2609129 loops=1)
              ->  Hash  (cost=73925.90..73925.90 rows=466107 width=4) (actual time=1788.916..1788.916 rows=396359 loops=1)
                    Buckets: 131072  Batches: 8  Memory Usage: 2762kB
                    ->  Seq Scan on title t  (cost=0.00..73925.90 rows=466107 width=4) (actual time=0.040..941.774 rows=396359 loops=1)
                          Filter: ((kind_id < 7) AND (production_year > 2003))
                          Rows Removed by Filter: 2131953
Planning time: 1.172 ms
Execution time: 43940.466 ms
