Hash Join  (cost=125844.89..195583.14 rows=169810 width=0) (actual time=2537.857..3896.574 rows=449441 loops=1)
  Hash Cond: (mc.movie_id = t.id)
  ->  Seq Scan on movie_companies mc  (cost=0.00..51404.11 rows=1329612 width=4) (actual time=233.308..806.333 rows=1334883 loops=1)
        Filter: (company_type_id > 1)
        Rows Removed by Filter: 1274246
  ->  Hash  (cost=120546.29..120546.29 rows=322928 width=8) (actual time=2303.567..2303.567 rows=375670 loops=1)
        Buckets: 131072  Batches: 8  Memory Usage: 2865kB
        ->  Hash Join  (cost=77312.52..120546.29 rows=322928 width=8) (actual time=1016.161..2193.394 rows=375670 loops=1)
              Hash Cond: (mi_idx.movie_id = t.id)
              ->  Seq Scan on movie_info_idx mi_idx  (cost=0.00..21735.35 rows=1380035 width=4) (actual time=0.027..359.155 rows=1380035 loops=1)
              ->  Hash  (cost=67604.59..67604.59 rows=591675 width=4) (actual time=1015.219..1015.219 rows=585020 loops=1)
                    Buckets: 131072  Batches: 8  Memory Usage: 3586kB
                    ->  Seq Scan on title t  (cost=0.00..67604.59 rows=591675 width=4) (actual time=0.032..832.418 rows=585020 loops=1)
                          Filter: (production_year < 1985)
                          Rows Removed by Filter: 1943292
Planning time: 1.231 ms
Execution time: 3955.515 ms
