Hash Join  (cost=598030.65..1938142.79 rows=13325703 width=0) (actual time=13097.588..42561.998 rows=5432065 loops=1)
  Hash Cond: (ci.movie_id = t.id)
  ->  Seq Scan on cast_info ci  (cost=0.00..796071.18 rows=22736495 width=4) (actual time=0.015..16014.689 rows=22372497 loops=1)
        Filter: ((person_id < 3829053) AND (role_id > 1))
        Rows Removed by Filter: 13871847
  ->  Hash  (cost=573717.25..573717.25 rows=1481952 width=8) (actual time=13095.856..13095.856 rows=714708 loops=1)
        Buckets: 131072  Batches: 32  Memory Usage: 1850kB
        ->  Hash Join  (cost=78097.80..573717.25 rows=1481952 width=8) (actual time=1223.483..12850.035 rows=714708 loops=1)
              Hash Cond: (mi.movie_id = t.id)
              ->  Seq Scan on movie_info mi  (cost=0.00..309384.22 rows=14739122 width=4) (actual time=0.019..4507.920 rows=14835720 loops=1)
              ->  Hash  (cost=73925.90..73925.90 rows=254232 width=4) (actual time=924.758..924.758 rows=145458 loops=1)
                    Buckets: 131072  Batches: 4  Memory Usage: 2307kB
                    ->  Seq Scan on title t  (cost=0.00..73925.90 rows=254232 width=4) (actual time=194.374..874.825 rows=145458 loops=1)
                          Filter: ((production_year < 1973) AND (kind_id = 7))
                          Rows Removed by Filter: 2382854
Planning time: 1.166 ms
Execution time: 43180.491 ms
