Hash Join  (cost=452816.50..1454006.86 rows=2300083 width=0) (actual time=6031.326..28092.934 rows=20594 loops=1)
  Hash Cond: (ci.movie_id = t.id)
  ->  Seq Scan on cast_info ci  (cost=0.00..705507.15 rows=23499554 width=4) (actual time=0.023..13382.188 rows=23573656 loops=1)
        Filter: (role_id > 1)
        Rows Removed by Filter: 12670688
  ->  Hash  (cost=448755.92..448755.92 rows=247487 width=8) (actual time=6026.581..6026.581 rows=1445 loops=1)
        Buckets: 131072  Batches: 4  Memory Usage: 1039kB
        ->  Hash Join  (cost=80549.28..448755.92 rows=247487 width=8) (actual time=3548.789..6025.091 rows=1445 loops=1)
              Hash Cond: (mi.movie_id = t.id)
              ->  Seq Scan on movie_info mi  (cost=0.00..346232.03 rows=1550064 width=4) (actual time=2492.775..4214.078 rows=1533909 loops=1)
                    Filter: (info_type_id = 3)
                    Rows Removed by Filter: 13301811
              ->  Hash  (cost=73925.90..73925.90 rows=403710 width=4) (actual time=1054.281..1054.281 rows=434218 loops=1)
                    Buckets: 131072  Batches: 8  Memory Usage: 2941kB
                    ->  Seq Scan on title t  (cost=0.00..73925.90 rows=403710 width=4) (actual time=92.643..909.446 rows=434218 loops=1)
                          Filter: ((production_year > 2008) AND (kind_id = 7))
                          Rows Removed by Filter: 2094094
Planning time: 1.119 ms
Execution time: 28097.757 ms
