Seq Scan on cast_info ci  (cost=0.00..796071.18 rows=932422 width=0) (actual time=0.074..9836.829 rows=300307 loops=1)
  Filter: ((person_id < 748531) AND (role_id = 10))
  Rows Removed by Filter: 35944037
Planning time: 0.270 ms
Execution time: 9871.157 ms
