Hash Join  (cost=115316.55..196129.90 rows=76453 width=0) (actual time=2285.984..4477.576 rows=343632 loops=1)
  Hash Cond: (mc.movie_id = t.id)
  ->  Seq Scan on movie_companies mc  (cost=0.00..51404.11 rows=2450590 width=4) (actual time=0.016..1153.510 rows=2447019 loops=1)
        Filter: (company_id > 27)
        Rows Removed by Filter: 162110
  ->  Hash  (cost=114021.50..114021.50 rows=78884 width=8) (actual time=2285.250..2285.250 rows=104907 loops=1)
        Buckets: 131072  Batches: 2  Memory Usage: 3074kB
        ->  Hash Join  (cost=81025.55..114021.50 rows=78884 width=8) (actual time=1449.396..2248.000 rows=104907 loops=1)
              Hash Cond: (mi_idx.movie_id = t.id)
              ->  Seq Scan on movie_info_idx mi_idx  (cost=0.00..25185.44 rows=460978 width=4) (actual time=0.025..456.066 rows=459925 loops=1)
                    Filter: (info_type_id = 99)
                    Rows Removed by Filter: 920110
              ->  Hash  (cost=73925.90..73925.90 rows=432692 width=4) (actual time=1448.483..1448.483 rows=368246 loops=1)
                    Buckets: 131072  Batches: 8  Memory Usage: 2639kB
                    ->  Seq Scan on title t  (cost=0.00..73925.90 rows=432692 width=4) (actual time=0.036..1324.310 rows=368246 loops=1)
                          Filter: ((kind_id < 7) AND (production_year > 2004))
                          Rows Removed by Filter: 2160066
Planning time: 1.150 ms
Execution time: 4521.221 ms
