Seq Scan on cast_info ci  (cost=0.00..796071.18 rows=2904376 width=0) (actual time=4092.972..11681.992 rows=3865732 loops=1)
  Filter: ((person_id > 1158466) AND (role_id = 10))
  Rows Removed by Filter: 32378612
Planning time: 0.427 ms
Execution time: 12171.505 ms
