Seq Scan on cast_info ci  (cost=0.00..705507.15 rows=8807156 width=0) (actual time=2288.080..8236.774 rows=8812633 loops=1)
  Filter: (person_id > 2810499)
  Rows Removed by Filter: 27431711
Planning time: 0.339 ms
Execution time: 9265.893 ms
