Seq Scan on movie_keyword mk  (cost=0.00..81003.12 rows=375117 width=0) (actual time=0.032..847.795 rows=372835 loops=1)
  Filter: (keyword_id > 45428)
  Rows Removed by Filter: 4151095
Planning time: 0.315 ms
Execution time: 887.271 ms
