Seq Scan on cast_info ci  (cost=0.00..796071.18 rows=324 width=0) (actual time=6804.230..12021.241 rows=7 loops=1)
  Filter: ((role_id > 1) AND (person_id = 2573132))
  Rows Removed by Filter: 36244337
Planning time: 0.418 ms
Execution time: 12021.389 ms
