Hash Join  (cost=156632.57..1291621.85 rows=5863887 width=0) (actual time=3026.295..35771.150 rows=11680852 loops=1)
  Hash Cond: (ci.movie_id = t.id)
  ->  Seq Scan on cast_info ci  (cost=0.00..705507.15 rows=31915802 width=4) (actual time=0.022..13528.800 rows=31881512 loops=1)
        Filter: (person_id < 3263551)
        Rows Removed by Filter: 4362832
  ->  Hash  (cost=149010.49..149010.49 rows=464566 width=8) (actual time=3025.381..3025.381 rows=459925 loops=1)
        Buckets: 131072  Batches: 8  Memory Usage: 3275kB
        ->  Hash Join  (cost=102767.86..149010.49 rows=464566 width=8) (actual time=1695.060..2891.505 rows=459925 loops=1)
              Hash Cond: (mi_idx.movie_id = t.id)
              ->  Seq Scan on movie_info_idx mi_idx  (cost=0.00..25185.44 rows=464566 width=4) (actual time=0.017..419.505 rows=459925 loops=1)
                    Filter: (info_type_id = 101)
                    Rows Removed by Filter: 920110
              ->  Hash  (cost=61283.27..61283.27 rows=2528527 width=4) (actual time=1694.263..1694.263 rows=2528312 loops=1)
                    Buckets: 131072  Batches: 64  Memory Usage: 2415kB
                    ->  Seq Scan on title t  (cost=0.00..61283.27 rows=2528527 width=4) (actual time=0.017..849.587 rows=2528312 loops=1)
Planning time: 1.180 ms
Execution time: 36973.008 ms
