Seq Scan on cast_info ci  (cost=0.00..796071.18 rows=176 width=0) (actual time=3517.798..8375.264 rows=32 loops=1)
  Filter: ((person_id = 307863) AND (role_id = 1))
  Rows Removed by Filter: 36244312
Planning time: 0.384 ms
Execution time: 8375.380 ms
