Hash Join  (cost=129930.85..481096.81 rows=19346 width=0) (actual time=2225.048..6124.429 rows=68243 loops=1)
  Hash Cond: (mi.movie_id = t.id)
  ->  Seq Scan on movie_info mi  (cost=0.00..346232.03 rows=1264125 width=4) (actual time=317.843..3942.311 rows=1288928 loops=1)
        Filter: (info_type_id = 2)
        Rows Removed by Filter: 13546792
  ->  Hash  (cost=129447.15..129447.15 rows=38696 width=8) (actual time=1906.499..1906.499 rows=66078 loops=1)
        Buckets: 131072 (originally 65536)  Batches: 1 (originally 1)  Memory Usage: 3606kB
        ->  Hash Join  (cost=74394.67..129447.15 rows=38696 width=8) (actual time=767.420..1880.844 rows=66078 loops=1)
              Hash Cond: (mc.movie_id = t.id)
              ->  Seq Scan on movie_companies mc  (cost=0.00..44881.29 rows=2609129 width=4) (actual time=0.025..479.391 rows=2609129 loops=1)
              ->  Hash  (cost=73925.90..73925.90 rows=37501 width=4) (actual time=766.938..766.938 rows=32253 loops=1)
                    Buckets: 65536  Batches: 1  Memory Usage: 1646kB
                    ->  Seq Scan on title t  (cost=0.00..73925.90 rows=37501 width=4) (actual time=0.110..756.699 rows=32253 loops=1)
                          Filter: ((kind_id < 7) AND (production_year = 2005))
                          Rows Removed by Filter: 2496059
Planning time: 1.259 ms
Execution time: 6132.723 ms
