Hash Join  (cost=78556.72..145831.57 rows=246513 width=0) (actual time=1081.066..2609.219 rows=563149 loops=1)
  Hash Cond: (mc.movie_id = t.id)
  ->  Seq Scan on movie_companies mc  (cost=0.00..51404.11 rows=933760 width=4) (actual time=0.014..793.513 rows=942360 loops=1)
        Filter: (company_id > 18934)
        Rows Removed by Filter: 1666769
  ->  Hash  (cost=67604.59..67604.59 rows=667531 width=4) (actual time=1080.280..1080.280 rows=662825 loops=1)
        Buckets: 131072  Batches: 16  Memory Usage: 2476kB
        ->  Seq Scan on title t  (cost=0.00..67604.59 rows=667531 width=4) (actual time=0.016..870.687 rows=662825 loops=1)
              Filter: (kind_id < 2)
              Rows Removed by Filter: 1865487
Planning time: 0.375 ms
Execution time: 2678.727 ms
