Hash Join  (cost=967101.77..1381550.38 rows=2067674 width=0) (actual time=12569.811..18188.683 rows=2445 loops=1)
  Hash Cond: (mi.movie_id = t.id)
  ->  Seq Scan on movie_info mi  (cost=0.00..346232.03 rows=3623957 width=4) (actual time=444.311..4477.884 rows=3624977 loops=1)
        Filter: (info_type_id < 4)
        Rows Removed by Filter: 11210743
  ->  Hash  (cost=943432.41..943432.41 rows=1442669 width=8) (actual time=12118.757..12118.757 rows=1362 loops=1)
        Buckets: 131072  Batches: 32  Memory Usage: 1032kB
        ->  Hash Join  (cost=102767.86..943432.41 rows=1442669 width=8) (actual time=8760.934..12116.961 rows=1362 loops=1)
              Hash Cond: (ci.movie_id = t.id)
              ->  Seq Scan on cast_info ci  (cost=0.00..796071.18 rows=1442669 width=4) (actual time=7051.339..10004.595 rows=1362 loops=1)
                    Filter: ((person_id < 686645) AND (role_id = 2))
                    Rows Removed by Filter: 36242982
              ->  Hash  (cost=61283.27..61283.27 rows=2528527 width=4) (actual time=1685.047..1685.047 rows=2528312 loops=1)
                    Buckets: 131072  Batches: 64  Memory Usage: 2415kB
                    ->  Seq Scan on title t  (cost=0.00..61283.27 rows=2528527 width=4) (actual time=0.017..826.063 rows=2528312 loops=1)
Planning time: 2.614 ms
Execution time: 18189.322 ms
