Seq Scan on cast_info ci  (cost=0.00..705507.15 rows=12855688 width=0) (actual time=0.021..9678.991 rows=12826272 loops=1)
  Filter: (person_id < 1265424)
  Rows Removed by Filter: 23418072
Planning time: 0.345 ms
Execution time: 11271.043 ms
