Hash Join  (cost=102767.86..257810.94 rows=2666459 width=0) (actual time=1750.534..5896.549 rows=2659185 loops=1)
  Hash Cond: (mk.movie_id = t.id)
  ->  Seq Scan on movie_keyword mk  (cost=0.00..81003.12 rows=2666459 width=4) (actual time=0.025..1367.290 rows=2659185 loops=1)
        Filter: (keyword_id > 3149)
        Rows Removed by Filter: 1864745
  ->  Hash  (cost=61283.27..61283.27 rows=2528527 width=4) (actual time=1749.288..1749.288 rows=2528312 loops=1)
        Buckets: 131072  Batches: 64  Memory Usage: 2425kB
        ->  Seq Scan on title t  (cost=0.00..61283.27 rows=2528527 width=4) (actual time=0.028..878.646 rows=2528312 loops=1)
Planning time: 0.720 ms
Execution time: 6167.807 ms
