Seq Scan on movie_companies mc  (cost=0.00..51404.11 rows=104 width=0) (actual time=1.382..568.514 rows=265 loops=1)
  Filter: (company_id = 17)
  Rows Removed by Filter: 2608864
Planning time: 0.254 ms
Execution time: 568.659 ms
