Seq Scan on movie_companies mc  (cost=0.00..51404.11 rows=104 width=0) (actual time=419.635..644.835 rows=584 loops=1)
  Filter: (company_id = 13865)
  Rows Removed by Filter: 2608545
Planning time: 0.359 ms
Execution time: 645.016 ms
