Hash Join  (cost=224808.01..1402783.02 rows=14034488 width=0) (actual time=5032.497..47452.195 rows=50450687 loops=1)
  Hash Cond: (ci.movie_id = t.id)
  ->  Seq Scan on cast_info ci  (cost=0.00..614943.12 rows=36225612 width=4) (actual time=0.009..13508.783 rows=36244344 loops=1)
  ->  Hash  (cost=208736.02..208736.02 rows=979599 width=8) (actual time=5031.166..5031.166 rows=1334892 loops=1)
        Buckets: 131072 (originally 131072)  Batches: 32 (originally 16)  Memory Usage: 3073kB
        ->  Hash Join  (cost=82131.75..208736.02 rows=979599 width=8) (actual time=1406.578..4674.150 rows=1334892 loops=1)
              Hash Cond: (mk.movie_id = t.id)
              ->  Seq Scan on movie_keyword mk  (cost=0.00..81003.12 rows=2797374 width=4) (actual time=0.020..1634.092 rows=2787703 loops=1)
                    Filter: (keyword_id < 8107)
                    Rows Removed by Filter: 1736227
              ->  Hash  (cost=67604.59..67604.59 rows=885453 width=4) (actual time=1405.261..1405.261 rows=885650 loops=1)
                    Buckets: 131072  Batches: 16  Memory Usage: 2979kB
                    ->  Seq Scan on title t  (cost=0.00..67604.59 rows=885453 width=4) (actual time=0.022..1122.573 rows=885650 loops=1)
                          Filter: (production_year < 1997)
                          Rows Removed by Filter: 1642662
Planning time: 1.211 ms
Execution time: 52927.850 ms
