Hash Join  (cost=81152.82..209989.97 rows=603773 width=0) (actual time=1195.646..4699.790 rows=1842281 loops=1)
  Hash Cond: (mk.movie_id = t.id)
  ->  Seq Scan on movie_keyword mk  (cost=0.00..81003.12 rows=3465945 width=4) (actual time=0.018..1556.729 rows=3459650 loops=1)
        Filter: (keyword_id > 1060)
        Rows Removed by Filter: 1064280
  ->  Hash  (cost=73925.90..73925.90 rows=440473 width=4) (actual time=1194.728..1194.728 rows=473918 loops=1)
        Buckets: 131072  Batches: 8  Memory Usage: 3125kB
        ->  Seq Scan on title t  (cost=0.00..73925.90 rows=440473 width=4) (actual time=0.026..1045.134 rows=473918 loops=1)
              Filter: ((production_year < 2008) AND (kind_id = 1))
              Rows Removed by Filter: 2054394
Planning time: 0.748 ms
Execution time: 4925.070 ms
