Seq Scan on movie_keyword mk  (cost=0.00..81003.12 rows=246 width=0) (actual time=145.816..934.052 rows=20 loops=1)
  Filter: (keyword_id = 73068)
  Rows Removed by Filter: 4523910
Planning time: 0.347 ms
Execution time: 934.156 ms
