Hash Join  (cost=83586.99..126794.10 rows=321363 width=0) (actual time=1179.771..2359.495 rows=516740 loops=1)
  Hash Cond: (mi_idx.movie_id = t.id)
  ->  Seq Scan on movie_info_idx mi_idx  (cost=0.00..21735.35 rows=1380035 width=4) (actual time=0.022..361.802 rows=1380035 loops=1)
  ->  Hash  (cost=73925.90..73925.90 rows=588807 width=4) (actual time=1178.949..1178.949 rows=470102 loops=1)
        Buckets: 131072  Batches: 8  Memory Usage: 3104kB
        ->  Seq Scan on title t  (cost=0.00..73925.90 rows=588807 width=4) (actual time=0.023..1028.896 rows=470102 loops=1)
              Filter: ((production_year > 1958) AND (kind_id = 1))
              Rows Removed by Filter: 2058210
Planning time: 0.816 ms
Execution time: 2424.854 ms
