Seq Scan on movie_keyword mk  (cost=0.00..81003.12 rows=2795638 width=0) (actual time=0.023..1446.982 rows=2788320 loops=1)
  Filter: (keyword_id > 2831)
  Rows Removed by Filter: 1735610
Planning time: 0.306 ms
Execution time: 1809.031 ms
