Seq Scan on title t  (cost=0.00..73925.90 rows=166215 width=0) (actual time=326.377..889.915 rows=301084 loops=1)
  Filter: ((production_year < 1987) AND (kind_id = 1))
  Rows Removed by Filter: 2227228
Planning time: 0.405 ms
Execution time: 927.547 ms
