Hash Join  (cost=102767.86..1174770.44 rows=14820396 width=0) (actual time=5262.468..25899.839 rows=14987563 loops=1)
  Hash Cond: (ci.movie_id = t.id)
  ->  Seq Scan on cast_info ci  (cost=0.00..705507.15 rows=14820396 width=4) (actual time=3582.880..11229.365 rows=14987563 loops=1)
        Filter: (person_id > 2149962)
        Rows Removed by Filter: 21256781
  ->  Hash  (cost=61283.27..61283.27 rows=2528527 width=4) (actual time=1678.629..1678.629 rows=2528312 loops=1)
        Buckets: 131072  Batches: 64  Memory Usage: 2415kB
        ->  Seq Scan on title t  (cost=0.00..61283.27 rows=2528527 width=4) (actual time=0.020..828.006 rows=2528312 loops=1)
Planning time: 0.767 ms
Execution time: 27655.162 ms
