Hash Join  (cost=74242.71..160623.39 rows=13999 width=0) (actual time=951.527..2163.163 rows=27198 loops=1)
  Hash Cond: (mk.movie_id = t.id)
  ->  Seq Scan on movie_keyword mk  (cost=0.00..81003.12 rows=1396686 width=4) (actual time=0.016..1000.635 rows=1410138 loops=1)
        Filter: (keyword_id < 1932)
        Rows Removed by Filter: 3113792
  ->  Hash  (cost=73925.90..73925.90 rows=25344 width=4) (actual time=951.150..951.150 rows=15457 loops=1)
        Buckets: 32768  Batches: 1  Memory Usage: 800kB
        ->  Seq Scan on title t  (cost=0.00..73925.90 rows=25344 width=4) (actual time=0.057..945.048 rows=15457 loops=1)
              Filter: ((kind_id = 1) AND (production_year = 2005))
              Rows Removed by Filter: 2512855
Planning time: 0.781 ms
Execution time: 2166.488 ms
