Hash Join  (cost=275643.12..1326463.49 rows=12981771 width=0) (actual time=5291.903..33802.782 rows=46539048 loops=1)
  Hash Cond: (ci.movie_id = t.id)
  ->  Seq Scan on cast_info ci  (cost=0.00..705507.15 rows=16201301 width=4) (actual time=0.025..12393.506 rows=16121683 loops=1)
        Filter: (role_id > 2)
        Rows Removed by Filter: 20122661
  ->  Hash  (cost=242402.41..242402.41 rows=2026057 width=8) (actual time=5290.845..5290.845 rows=2030563 loops=1)
        Buckets: 131072  Batches: 32  Memory Usage: 3488kB
        ->  Hash Join  (cost=102767.86..242402.41 rows=2026057 width=8) (actual time=1695.413..4785.431 rows=2030563 loops=1)
              Hash Cond: (mk.movie_id = t.id)
              ->  Seq Scan on movie_keyword mk  (cost=0.00..81003.12 rows=2026057 width=4) (actual time=0.020..1313.512 rows=2030563 loops=1)
                    Filter: (keyword_id > 6069)
                    Rows Removed by Filter: 2493367
              ->  Hash  (cost=61283.27..61283.27 rows=2528527 width=4) (actual time=1693.455..1693.455 rows=2528312 loops=1)
                    Buckets: 131072  Batches: 64  Memory Usage: 2425kB
                    ->  Seq Scan on title t  (cost=0.00..61283.27 rows=2528527 width=4) (actual time=0.016..818.310 rows=2528312 loops=1)
Planning time: 1.148 ms
Execution time: 37947.000 ms
