Hash Join  (cost=217848.50..266480.47 rows=637549 width=0) (actual time=4131.883..5629.061 rows=1311749 loops=1)
  Hash Cond: (mi_idx.movie_id = t.id)
  ->  Seq Scan on movie_info_idx mi_idx  (cost=0.00..21735.35 rows=1380035 width=4) (actual time=0.020..388.145 rows=1380035 loops=1)
  ->  Hash  (cost=198682.89..198682.89 rows=1168129 width=8) (actual time=4131.025..4131.025 rows=1018290 loops=1)
        Buckets: 131072  Batches: 16  Memory Usage: 3495kB
        ->  Hash Join  (cost=102767.86..198682.89 rows=1168129 width=8) (actual time=1773.614..3840.394 rows=1018290 loops=1)
              Hash Cond: (mc.movie_id = t.id)
              ->  Seq Scan on movie_companies mc  (cost=0.00..57926.93 rows=1168129 width=4) (actual time=93.440..977.483 rows=1018290 loops=1)
                    Filter: ((company_id < 91850) AND (company_type_id = 2))
                    Rows Removed by Filter: 1590839
              ->  Hash  (cost=61283.27..61283.27 rows=2528527 width=4) (actual time=1678.828..1678.828 rows=2528312 loops=1)
                    Buckets: 131072  Batches: 64  Memory Usage: 2415kB
                    ->  Seq Scan on title t  (cost=0.00..61283.27 rows=2528527 width=4) (actual time=0.022..858.003 rows=2528312 loops=1)
Planning time: 1.172 ms
Execution time: 5775.118 ms
