Seq Scan on movie_keyword mk  (cost=0.00..81003.12 rows=639563 width=0) (actual time=0.025..1159.590 rows=639638 loops=1)
  Filter: (keyword_id < 496)
  Rows Removed by Filter: 3884292
Planning time: 0.334 ms
Execution time: 1243.638 ms
