Hash Join  (cost=79715.19..176552.70 rows=155646 width=0) (actual time=989.763..3152.188 rows=198932 loops=1)
  Hash Cond: (mk.movie_id = t.id)
  ->  Seq Scan on movie_keyword mk  (cost=0.00..81003.12 rows=1115446 width=4) (actual time=0.026..1262.352 rows=1123033 loops=1)
        Filter: (keyword_id < 1203)
        Rows Removed by Filter: 3400897
  ->  Hash  (cost=73925.90..73925.90 rows=352823 width=4) (actual time=988.681..988.681 rows=302088 loops=1)
        Buckets: 131072  Batches: 8  Memory Usage: 2349kB
        ->  Seq Scan on title t  (cost=0.00..73925.90 rows=352823 width=4) (actual time=0.022..893.935 rows=302088 loops=1)
              Filter: ((kind_id < 7) AND (production_year > 2006))
              Rows Removed by Filter: 2226224
Planning time: 0.765 ms
Execution time: 3179.215 ms
