Seq Scan on movie_keyword mk  (cost=0.00..81003.12 rows=246 width=0) (actual time=0.655..1121.538 rows=878 loops=1)
  Filter: (keyword_id = 73287)
  Rows Removed by Filter: 4523052
Planning time: 0.378 ms
Execution time: 1121.844 ms
