Seq Scan on movie_companies mc  (cost=0.00..57926.93 rows=1861 width=0) (actual time=2.212..640.271 rows=1248 loops=1)
  Filter: ((company_id = 133) AND (company_type_id = 2))
  Rows Removed by Filter: 2607881
Planning time: 0.407 ms
Execution time: 640.576 ms
