Hash Join  (cost=114961.80..932401.70 rows=84098 width=0) (actual time=6380.544..14489.061 rows=648684 loops=1)
  Hash Cond: (ci.movie_id = t.id)
  ->  Seq Scan on cast_info ci  (cost=0.00..796071.18 rows=1733802 width=4) (actual time=4474.907..10910.916 rows=3492263 loops=1)
        Filter: ((person_id > 2185825) AND (role_id = 10))
        Rows Removed by Filter: 32752081
  ->  Hash  (cost=112948.73..112948.73 rows=122645 width=8) (actual time=1904.719..1904.719 rows=209880 loops=1)
        Buckets: 131072 (originally 131072)  Batches: 4 (originally 2)  Memory Usage: 3075kB
        ->  Hash Join  (cost=78556.72..112948.73 rows=122645 width=8) (actual time=1065.417..1830.711 rows=209880 loops=1)
              Hash Cond: (mi_idx.movie_id = t.id)
              ->  Seq Scan on movie_info_idx mi_idx  (cost=0.00..25185.44 rows=464566 width=4) (actual time=0.022..400.875 rows=459925 loops=1)
                    Filter: (info_type_id = 101)
                    Rows Removed by Filter: 920110
              ->  Hash  (cost=67604.59..67604.59 rows=667531 width=4) (actual time=1008.783..1008.783 rows=662825 loops=1)
                    Buckets: 131072  Batches: 16  Memory Usage: 2476kB
                    ->  Seq Scan on title t  (cost=0.00..67604.59 rows=667531 width=4) (actual time=0.017..820.955 rows=662825 loops=1)
                          Filter: (kind_id = 1)
                          Rows Removed by Filter: 1865487
Planning time: 1.234 ms
Execution time: 14563.340 ms
