Seq Scan on cast_info ci  (cost=0.00..796071.18 rows=2101209 width=0) (actual time=6624.985..11525.989 rows=2151525 loops=1)
  Filter: ((person_id > 811976) AND (role_id = 4))
  Rows Removed by Filter: 34092819
Planning time: 0.414 ms
Execution time: 11777.047 ms
