Hash Join  (cost=179308.35..1268599.58 rows=5401506 width=0) (actual time=3671.486..37138.693 rows=10963055 loops=1)
  Hash Cond: (ci.movie_id = t.id)
  ->  Seq Scan on cast_info ci  (cost=0.00..614943.12 rows=36225612 width=4) (actual time=0.017..13707.136 rows=36244344 loops=1)
  ->  Hash  (cost=173122.58..173122.58 rows=377022 width=8) (actual time=3670.746..3670.746 rows=376622 loops=1)
        Buckets: 131072  Batches: 8  Memory Usage: 2873kB
        ->  Hash Join  (cost=102767.86..173122.58 rows=377022 width=8) (actual time=2004.988..3566.969 rows=376622 loops=1)
              Hash Cond: (mc.movie_id = t.id)
              ->  Seq Scan on movie_companies mc  (cost=0.00..51404.11 rows=377022 width=4) (actual time=0.019..822.173 rows=376622 loops=1)
                    Filter: (company_id < 225)
                    Rows Removed by Filter: 2232507
              ->  Hash  (cost=61283.27..61283.27 rows=2528527 width=4) (actual time=2003.778..2003.778 rows=2528312 loops=1)
                    Buckets: 131072  Batches: 64  Memory Usage: 2415kB
                    ->  Seq Scan on title t  (cost=0.00..61283.27 rows=2528527 width=4) (actual time=0.006..1162.575 rows=2528312 loops=1)
Planning time: 0.788 ms
Execution time: 38363.817 ms
