Seq Scan on cast_info ci  (cost=0.00..796071.18 rows=8143505 width=0) (actual time=3446.297..11919.377 rows=12664256 loops=1)
  Filter: ((person_id > 2414785) AND (role_id > 1))
  Rows Removed by Filter: 23580088
Planning time: 0.373 ms
Execution time: 13548.239 ms
