Hash Join  (cost=456719.77..497247.57 rows=165232 width=0) (actual time=6465.018..7795.621 rows=819763 loops=1)
  Hash Cond: (mi_idx.movie_id = t.id)
  ->  Seq Scan on movie_info_idx mi_idx  (cost=0.00..21735.35 rows=1380035 width=4) (actual time=0.011..379.482 rows=1380035 loops=1)
  ->  Hash  (cost=451752.49..451752.49 rows=302742 width=8) (actual time=6463.935..6463.935 rows=630040 loops=1)
        Buckets: 131072 (originally 131072)  Batches: 16 (originally 4)  Memory Usage: 3073kB
        ->  Hash Join  (cost=89435.42..451752.49 rows=302742 width=8) (actual time=3047.873..6258.403 rows=630040 loops=1)
              Hash Cond: (mi.movie_id = t.id)
              ->  Seq Scan on movie_info mi  (cost=0.00..346232.03 rows=809768 width=4) (actual time=1772.122..4218.901 rows=802140 loops=1)
                    Filter: (info_type_id < 2)
                    Rows Removed by Filter: 14033580
              ->  Hash  (cost=73925.90..73925.90 rows=945321 width=4) (actual time=1274.937..1274.937 rows=934959 loops=1)
                    Buckets: 131072  Batches: 16  Memory Usage: 3088kB
                    ->  Seq Scan on title t  (cost=0.00..73925.90 rows=945321 width=4) (actual time=0.033..987.843 rows=934959 loops=1)
                          Filter: ((kind_id < 7) AND (production_year > 1912))
                          Rows Removed by Filter: 1593353
Planning time: 1.154 ms
Execution time: 7898.593 ms
