Seq Scan on movie_keyword mk  (cost=0.00..81003.12 rows=246 width=0) (actual time=0.413..1040.714 rows=298 loops=1)
  Filter: (keyword_id = 8658)
  Rows Removed by Filter: 4523632
Planning time: 0.417 ms
Execution time: 1040.942 ms
