Hash Join  (cost=305967.45..810702.83 rows=6472973 width=0) (actual time=8070.402..24717.133 rows=29583278 loops=1)
  Hash Cond: (mi.movie_id = t.id)
  ->  Seq Scan on movie_info mi  (cost=0.00..346232.03 rows=5897221 width=4) (actual time=28.991..4777.169 rows=5884963 loops=1)
        Filter: (info_type_id < 7)
        Rows Removed by Filter: 8950757
  ->  Hash  (cost=260433.07..260433.07 rows=2775390 width=8) (actual time=8035.464..8035.464 rows=2766259 loops=1)
        Buckets: 131072  Batches: 64  Memory Usage: 2816kB
        ->  Hash Join  (cost=102767.86..260433.07 rows=2775390 width=8) (actual time=2480.999..7193.983 rows=2766259 loops=1)
              Hash Cond: (mk.movie_id = t.id)
              ->  Seq Scan on movie_keyword mk  (cost=0.00..81003.12 rows=2775390 width=4) (actual time=0.030..1455.360 rows=2766259 loops=1)
                    Filter: (keyword_id > 2860)
                    Rows Removed by Filter: 1757671
              ->  Hash  (cost=61283.27..61283.27 rows=2528527 width=4) (actual time=2480.006..2480.006 rows=2528312 loops=1)
                    Buckets: 131072  Batches: 64  Memory Usage: 2425kB
                    ->  Seq Scan on title t  (cost=0.00..61283.27 rows=2528527 width=4) (actual time=0.018..972.514 rows=2528312 loops=1)
Planning time: 1.251 ms
Execution time: 28231.278 ms
