Seq Scan on cast_info ci  (cost=0.00..796071.18 rows=1724999 width=0) (actual time=242.935..8137.553 rows=1943405 loops=1)
  Filter: ((person_id < 214967) AND (role_id < 6))
  Rows Removed by Filter: 34300939
Planning time: 0.399 ms
Execution time: 8393.157 ms
