Seq Scan on movie_keyword mk  (cost=0.00..81003.12 rows=246 width=0) (actual time=3.886..1106.759 rows=98 loops=1)
  Filter: (keyword_id = 14577)
  Rows Removed by Filter: 4523832
Planning time: 0.279 ms
Execution time: 1108.039 ms
