Hash Join  (cost=709674.80..1074338.42 rows=769 width=0) (actual time=8486.484..13924.981 rows=69 loops=1)
  Hash Cond: (mi.movie_id = t.id)
  ->  Seq Scan on movie_info mi  (cost=0.00..309384.22 rows=14739122 width=4) (actual time=0.018..2886.731 rows=14835720 loops=1)
  ->  Hash  (cost=709673.15..709673.15 rows=132 width=8) (actual time=8408.571..8408.571 rows=7 loops=1)
        Buckets: 1024  Batches: 1  Memory Usage: 9kB
        ->  Nested Loop  (cost=0.43..709673.15 rows=132 width=8) (actual time=585.926..8408.530 rows=7 loops=1)
              ->  Seq Scan on cast_info ci  (cost=0.00..705507.15 rows=500 width=4) (actual time=585.834..8408.187 rows=7 loops=1)
                    Filter: (person_id = 881513)
                    Rows Removed by Filter: 36244337
              ->  Index Scan using title_pkey on title t  (cost=0.43..8.32 rows=1 width=4) (actual time=0.040..0.041 rows=1 loops=7)
                    Index Cond: (id = ci.movie_id)
                    Filter: (kind_id = 1)
Planning time: 1.222 ms
Execution time: 13925.236 ms
