Seq Scan on cast_info ci  (cost=0.00..705507.15 rows=31554923 width=42) (actual time=0.023..17324.744 rows=31605208 loops=1)
  Filter: (role_id < 10)
  Rows Removed by Filter: 4639136
Planning time: 0.471 ms
Execution time: 19118.132 ms
