Hash Join  (cost=102767.86..1186968.61 rows=15327360 width=0) (actual time=1373.797..24949.164 rows=15207989 loops=1)
  Hash Cond: (ci.movie_id = t.id)
  ->  Seq Scan on cast_info ci  (cost=0.00..705507.15 rows=15327360 width=4) (actual time=0.024..11405.890 rows=15207989 loops=1)
        Filter: (person_id < 1498590)
        Rows Removed by Filter: 21036355
  ->  Hash  (cost=61283.27..61283.27 rows=2528527 width=4) (actual time=1372.427..1372.427 rows=2528312 loops=1)
        Buckets: 131072  Batches: 64  Memory Usage: 2415kB
        ->  Seq Scan on title t  (cost=0.00..61283.27 rows=2528527 width=4) (actual time=0.013..665.996 rows=2528312 loops=1)
Planning time: 0.787 ms
Execution time: 26728.675 ms
