Hash Join  (cost=423551.82..1247466.20 rows=16946 width=0) (actual time=7935.866..19323.176 rows=17952 loops=1)
  Hash Cond: (ci.movie_id = t.id)
  ->  Seq Scan on cast_info ci  (cost=0.00..796071.18 rows=7379668 width=4) (actual time=2831.113..12312.147 rows=12670688 loops=1)
        Filter: ((person_id < 2104595) AND (role_id = 1))
        Rows Removed by Filter: 23573656
  ->  Hash  (cost=423479.24..423479.24 rows=5806 width=8) (actual time=5103.814..5103.814 rows=2539 loops=1)
        Buckets: 8192  Batches: 1  Memory Usage: 164kB
        ->  Hash Join  (cost=74152.53..423479.24 rows=5806 width=8) (actual time=4567.069..5102.697 rows=2539 loops=1)
              Hash Cond: (mi.movie_id = t.id)
              ->  Seq Scan on movie_info mi  (cost=0.00..346232.03 rows=809768 width=4) (actual time=3661.074..4013.999 rows=802140 loops=1)
                    Filter: (info_type_id < 2)
                    Rows Removed by Filter: 14033580
              ->  Hash  (cost=73925.90..73925.90 rows=18130 width=4) (actual time=904.976..904.976 rows=18886 loops=1)
                    Buckets: 32768  Batches: 1  Memory Usage: 920kB
                    ->  Seq Scan on title t  (cost=0.00..73925.90 rows=18130 width=4) (actual time=0.039..896.690 rows=18886 loops=1)
                          Filter: ((kind_id = 7) AND (production_year = 1994))
                          Rows Removed by Filter: 2509426
Planning time: 1.239 ms
Execution time: 19326.601 ms
