Hash Join  (cost=100889.27..971503.07 rows=6393 width=0) (actual time=3960.130..18657.193 rows=17293 loops=1)
  Hash Cond: (ci.movie_id = t.id)
  ->  Seq Scan on cast_info ci  (cost=0.00..796071.18 rows=19860981 width=4) (actual time=2522.507..14538.859 rows=17896787 loops=1)
        Filter: ((person_id < 3081765) AND (role_id > 1))
        Rows Removed by Filter: 18347557
  ->  Hash  (cost=100879.10..100879.10 rows=814 width=8) (actual time=1434.352..1434.352 rows=1092 loops=1)
        Buckets: 2048 (originally 1024)  Batches: 1 (originally 1)  Memory Usage: 59kB
        ->  Hash Join  (cost=73982.55..100879.10 rows=814 width=8) (actual time=963.936..1433.882 rows=1092 loops=1)
              Hash Cond: (mi_idx.movie_id = t.id)
              ->  Seq Scan on movie_info_idx mi_idx  (cost=0.00..25185.44 rows=454124 width=4) (actual time=0.014..387.666 rows=459925 loops=1)
                    Filter: (info_type_id = 100)
                    Rows Removed by Filter: 920110
              ->  Hash  (cost=73925.90..73925.90 rows=4532 width=4) (actual time=958.354..958.354 rows=9242 loops=1)
                    Buckets: 16384 (originally 8192)  Batches: 1 (originally 1)  Memory Usage: 453kB
                    ->  Seq Scan on title t  (cost=0.00..73925.90 rows=4532 width=4) (actual time=0.035..953.756 rows=9242 loops=1)
                          Filter: ((kind_id = 7) AND (production_year = 1984))
                          Rows Removed by Filter: 2519070
Planning time: 1.283 ms
Execution time: 18660.852 ms
