Seq Scan on movie_keyword mk  (cost=0.00..81003.12 rows=45327 width=0) (actual time=0.025..954.409 rows=41888 loops=1)
  Filter: (keyword_id > 103633)
  Rows Removed by Filter: 4482042
Planning time: 0.317 ms
Execution time: 960.022 ms
