Seq Scan on movie_keyword mk  (cost=0.00..81003.12 rows=246 width=0) (actual time=22.725..1146.538 rows=45 loops=1)
  Filter: (keyword_id = 18585)
  Rows Removed by Filter: 4523885
Planning time: 0.403 ms
Execution time: 1146.656 ms
