Seq Scan on movie_keyword mk  (cost=0.00..81003.12 rows=4278086 width=0) (actual time=0.016..1107.528 rows=4279675 loops=1)
  Filter: (keyword_id < 61254)
  Rows Removed by Filter: 244255
Planning time: 0.381 ms
Execution time: 1544.544 ms
