Hash Join  (cost=102767.86..283275.21 rows=3724691 width=0) (actual time=2457.578..7830.878 rows=3722536 loops=1)
  Hash Cond: (mk.movie_id = t.id)
  ->  Seq Scan on movie_keyword mk  (cost=0.00..81003.12 rows=3724691 width=4) (actual time=0.025..1467.497 rows=3722536 loops=1)
        Filter: (keyword_id > 771)
        Rows Removed by Filter: 801394
  ->  Hash  (cost=61283.27..61283.27 rows=2528527 width=4) (actual time=2456.378..2456.378 rows=2528312 loops=1)
        Buckets: 131072  Batches: 64  Memory Usage: 2425kB
        ->  Seq Scan on title t  (cost=0.00..61283.27 rows=2528527 width=4) (actual time=0.023..875.233 rows=2528312 loops=1)
Planning time: 0.555 ms
Execution time: 8256.163 ms
