Seq Scan on movie_companies mc  (cost=0.00..57926.93 rows=53 width=0) (actual time=66.750..760.023 rows=183 loops=1)
  Filter: ((company_type_id > 1) AND (company_id = 17641))
  Rows Removed by Filter: 2608946
Planning time: 0.365 ms
Execution time: 760.154 ms
