Seq Scan on cast_info ci  (cost=0.00..705507.15 rows=500 width=0) (actual time=990.894..8977.081 rows=3 loops=1)
  Filter: (person_id = 1447404)
  Rows Removed by Filter: 36244341
Planning time: 0.371 ms
Execution time: 8977.165 ms
