Hash Join  (cost=73930.12..133388.46 rows=54 width=0) (actual time=1042.781..2045.724 rows=43 loops=1)
  Hash Cond: (mc.movie_id = t.id)
  ->  Seq Scan on movie_companies mc  (cost=0.00..57926.93 rows=408231 width=4) (actual time=0.020..967.663 rows=230729 loops=1)
        Filter: ((company_id < 1712) AND (company_type_id = 2))
        Rows Removed by Filter: 2378400
  ->  Hash  (cost=73925.90..73925.90 rows=337 width=4) (actual time=1038.179..1038.179 rows=1974 loops=1)
        Buckets: 2048 (originally 1024)  Batches: 1 (originally 1)  Memory Usage: 86kB
        ->  Seq Scan on title t  (cost=0.00..73925.90 rows=337 width=4) (actual time=440.031..1037.228 rows=1974 loops=1)
              Filter: ((kind_id = 4) AND (production_year = 1992))
              Rows Removed by Filter: 2526338
Planning time: 0.792 ms
Execution time: 2045.834 ms
