Hash Join  (cost=73994.33..100934.69 rows=2988 width=0) (actual time=1003.232..1531.366 rows=8109 loops=1)
  Hash Cond: (mi_idx.movie_id = t.id)
  ->  Seq Scan on movie_info_idx mi_idx  (cost=0.00..21735.35 rows=1380035 width=4) (actual time=0.017..229.814 rows=1380035 loops=1)
  ->  Hash  (cost=73925.90..73925.90 rows=5474 width=4) (actual time=1002.980..1002.980 rows=13598 loops=1)
        Buckets: 16384 (originally 8192)  Batches: 1 (originally 1)  Memory Usage: 607kB
        ->  Seq Scan on title t  (cost=0.00..73925.90 rows=5474 width=4) (actual time=0.024..996.409 rows=13598 loops=1)
              Filter: ((kind_id > 1) AND (production_year = 1985))
              Rows Removed by Filter: 2514714
Planning time: 0.800 ms
Execution time: 1532.635 ms
