Nested Loop  (cost=0.43..83072.29 rows=150 width=0) (actual time=865.640..1093.658 rows=32 loops=1)
  ->  Seq Scan on movie_keyword mk  (cost=0.00..81003.12 rows=246 width=4) (actual time=6.827..1089.631 rows=141 loops=1)
        Filter: (keyword_id = 12892)
        Rows Removed by Filter: 4523789
  ->  Index Scan using title_pkey on title t  (cost=0.43..8.40 rows=1 width=4) (actual time=0.026..0.026 rows=0 loops=141)
        Index Cond: (id = mk.movie_id)
        Filter: (kind_id = 7)
        Rows Removed by Filter: 1
Planning time: 2.511 ms
Execution time: 1093.804 ms
