Hash Join  (cost=109972.33..875688.43 rows=251262 width=0) (actual time=2470.207..15323.919 rows=171802 loops=1)
  Hash Cond: (ci.movie_id = t.id)
  ->  Seq Scan on cast_info ci  (cost=0.00..705507.15 rows=15385690 width=4) (actual time=262.901..10284.474 rows=15271080 loops=1)
        Filter: (person_id < 1504031)
        Rows Removed by Filter: 20973264
  ->  Hash  (cost=109456.17..109456.17 rows=41293 width=8) (actual time=1486.709..1486.709 rows=14477 loops=1)
        Buckets: 65536  Batches: 1  Memory Usage: 1078kB
        ->  Hash Join  (cost=77642.13..109456.17 rows=41293 width=8) (actual time=812.006..1480.945 rows=14477 loops=1)
              Hash Cond: (mi_idx.movie_id = t.id)
              ->  Seq Scan on movie_info_idx mi_idx  (cost=0.00..25185.44 rows=460978 width=4) (actual time=0.037..456.192 rows=459925 loops=1)
                    Filter: (info_type_id < 100)
                    Rows Removed by Filter: 920110
              ->  Hash  (cost=73925.90..73925.90 rows=226498 width=4) (actual time=810.392..810.392 rows=120787 loops=1)
                    Buckets: 131072  Batches: 4  Memory Usage: 2083kB
                    ->  Seq Scan on title t  (cost=0.00..73925.90 rows=226498 width=4) (actual time=0.073..767.634 rows=120787 loops=1)
                          Filter: ((production_year < 1970) AND (kind_id = 7))
                          Rows Removed by Filter: 2407525
Planning time: 1.233 ms
Execution time: 15347.878 ms
