Hash Join  (cost=128733.99..197977.59 rows=141444 width=0) (actual time=2141.885..3559.869 rows=159933 loops=1)
  Hash Cond: (mc.movie_id = t.id)
  ->  Seq Scan on movie_companies mc  (cost=0.00..51404.11 rows=1329612 width=4) (actual time=0.302..819.027 rows=1334883 loops=1)
        Filter: (company_type_id = 2)
        Rows Removed by Filter: 1274246
  ->  Hash  (cost=124320.69..124320.69 rows=268984 width=8) (actual time=2140.747..2140.747 rows=141291 loops=1)
        Buckets: 131072  Batches: 4  Memory Usage: 2416kB
        ->  Hash Join  (cost=82012.37..124320.69 rows=268984 width=8) (actual time=1310.337..2099.866 rows=141291 loops=1)
              Hash Cond: (mi_idx.movie_id = t.id)
              ->  Seq Scan on movie_info_idx mi_idx  (cost=0.00..21735.35 rows=1380035 width=4) (actual time=0.007..349.559 rows=1380035 loops=1)
              ->  Hash  (cost=73925.90..73925.90 rows=492837 width=4) (actual time=1097.620..1097.620 rows=379345 loops=1)
                    Buckets: 131072  Batches: 8  Memory Usage: 2677kB
                    ->  Seq Scan on title t  (cost=0.00..73925.90 rows=492837 width=4) (actual time=0.038..981.146 rows=379345 loops=1)
                          Filter: ((production_year < 1995) AND (kind_id = 7))
                          Rows Removed by Filter: 2148967
Planning time: 1.261 ms
Execution time: 3581.109 ms
