Seq Scan on movie_companies mc  (cost=0.00..57926.93 rows=733457 width=0) (actual time=180.067..895.491 rows=1010701 loops=1)
  Filter: ((company_id < 13642) AND (company_type_id < 2))
  Rows Removed by Filter: 1598428
Planning time: 0.254 ms
Execution time: 1024.130 ms
