Hash Join  (cost=130567.05..916146.19 rows=454621 width=0) (actual time=2097.207..16737.732 rows=1396679 loops=1)
  Hash Cond: (ci.movie_id = t.id)
  ->  Seq Scan on cast_info ci  (cost=0.00..705507.15 rows=20140208 width=4) (actual time=0.020..9266.670 rows=20011973 loops=1)
        Filter: (person_id < 2009916)
        Rows Removed by Filter: 16232371
  ->  Hash  (cost=129853.60..129853.60 rows=57076 width=8) (actual time=2096.691..2096.691 rows=75154 loops=1)
        Buckets: 131072 (originally 65536)  Batches: 1 (originally 1)  Memory Usage: 3960kB
        ->  Hash Join  (cost=74617.32..129853.60 rows=57076 width=8) (actual time=868.548..2066.964 rows=75154 loops=1)
              Hash Cond: (mc.movie_id = t.id)
              ->  Seq Scan on movie_companies mc  (cost=0.00..44881.29 rows=2609129 width=4) (actual time=0.024..498.524 rows=2609129 loops=1)
              ->  Hash  (cost=73925.90..73925.90 rows=55313 width=4) (actual time=868.045..868.045 rows=49075 loops=1)
                    Buckets: 65536  Batches: 1  Memory Usage: 2238kB
                    ->  Seq Scan on title t  (cost=0.00..73925.90 rows=55313 width=4) (actual time=0.139..847.511 rows=49075 loops=1)
                          Filter: ((kind_id < 7) AND (production_year = 2010))
                          Rows Removed by Filter: 2479237
Planning time: 1.186 ms
Execution time: 16902.375 ms
