Hash Join  (cost=143627.55..502181.17 rows=81587 width=0) (actual time=3443.222..7216.426 rows=75563 loops=1)
  Hash Cond: (mi.movie_id = t.id)
  ->  Seq Scan on movie_info mi  (cost=0.00..346232.03 rows=3068194 width=4) (actual time=1127.034..4247.458 rows=3036719 loops=1)
        Filter: (info_type_id = 16)
        Rows Removed by Filter: 11799001
  ->  Hash  (cost=142787.09..142787.09 rows=67237 width=8) (actual time=2315.261..2315.261 rows=39553 loops=1)
        Buckets: 131072  Batches: 1  Memory Usage: 2570kB
        ->  Hash Join  (cost=76243.83..142787.09 rows=67237 width=8) (actual time=1001.617..2300.772 rows=39553 loops=1)
              Hash Cond: (mc.movie_id = t.id)
              ->  Seq Scan on movie_companies mc  (cost=0.00..51404.11 rows=1203407 width=4) (actual time=0.045..827.029 rows=1195553 loops=1)
                    Filter: (company_id < 10700)
                    Rows Removed by Filter: 1413576
              ->  Hash  (cost=73925.90..73925.90 rows=141274 width=4) (actual time=1000.201..1000.201 rows=150659 loops=1)
                    Buckets: 131072  Batches: 2  Memory Usage: 3673kB
                    ->  Seq Scan on title t  (cost=0.00..73925.90 rows=141274 width=4) (actual time=0.043..945.347 rows=150659 loops=1)
                          Filter: ((production_year > 2011) AND (kind_id = 7))
                          Rows Removed by Filter: 2377653
Planning time: 0.696 ms
Execution time: 7226.596 ms
