Hash Join  (cost=662132.81..2369158.61 rows=47903257 width=0) (actual time=16840.383..117752.263 rows=299967372 loops=1)
  Hash Cond: (ci.movie_id = t.id)
  ->  Seq Scan on cast_info ci  (cost=0.00..614943.12 rows=36225612 width=4) (actual time=0.011..11100.421 rows=36244344 loops=1)
  ->  Hash  (cost=607275.56..607275.56 rows=3343620 width=8) (actual time=16836.990..16836.990 rows=7232899 loops=1)
        Buckets: 131072 (originally 131072)  Batches: 128 (originally 64)  Memory Usage: 3242kB
        ->  Hash Join  (cost=78556.72..607275.56 rows=3343620 width=8) (actual time=1067.001..14694.103 rows=7232899 loops=1)
              Hash Cond: (mi.movie_id = t.id)
              ->  Seq Scan on movie_info mi  (cost=0.00..346232.03 rows=12665229 width=4) (actual time=20.551..5643.424 rows=12744652 loops=1)
                    Filter: (info_type_id > 2)
                    Rows Removed by Filter: 2091068
              ->  Hash  (cost=67604.59..67604.59 rows=667531 width=4) (actual time=949.477..949.477 rows=662825 loops=1)
                    Buckets: 131072  Batches: 16  Memory Usage: 2485kB
                    ->  Seq Scan on title t  (cost=0.00..67604.59 rows=667531 width=4) (actual time=0.021..771.335 rows=662825 loops=1)
                          Filter: (kind_id = 1)
                          Rows Removed by Filter: 1865487
Planning time: 1.139 ms
Execution time: 149137.329 ms
