Hash Join  (cost=201028.66..727641.85 rows=4386726 width=0) (actual time=3827.505..20592.390 rows=21390195 loops=1)
  Hash Cond: (mi.movie_id = t.id)
  ->  Seq Scan on movie_info mi  (cost=0.00..309384.22 rows=14739122 width=4) (actual time=0.013..4733.125 rows=14835720 loops=1)
  ->  Hash  (cost=188681.76..188681.76 rows=752552 width=8) (actual time=3825.898..3825.898 rows=537474 loops=1)
        Buckets: 131072  Batches: 16  Memory Usage: 2372kB
        ->  Hash Join  (cost=102767.86..188681.76 rows=752552 width=8) (actual time=1631.718..3400.737 rows=537474 loops=1)
              Hash Cond: (mc.movie_id = t.id)
              ->  Seq Scan on movie_companies mc  (cost=0.00..57926.93 rows=752552 width=4) (actual time=0.013..865.485 rows=537474 loops=1)
                    Filter: ((company_id > 6626) AND (company_type_id = 1))
                    Rows Removed by Filter: 2071655
              ->  Hash  (cost=61283.27..61283.27 rows=2528527 width=4) (actual time=1630.857..1630.857 rows=2528312 loops=1)
                    Buckets: 131072  Batches: 64  Memory Usage: 2415kB
                    ->  Seq Scan on title t  (cost=0.00..61283.27 rows=2528527 width=4) (actual time=0.004..792.907 rows=2528312 loops=1)
Planning time: 1.182 ms
Execution time: 23083.354 ms
