Seq Scan on cast_info ci  (cost=0.00..705507.15 rows=13415540 width=0) (actual time=0.026..9667.896 rows=13376873 loops=1)
  Filter: (person_id < 1319390)
  Rows Removed by Filter: 22867471
Planning time: 0.307 ms
Execution time: 11293.373 ms
