Hash Join  (cost=129774.43..882027.07 rows=146348 width=0) (actual time=1958.294..16099.312 rows=196301 loops=1)
  Hash Cond: (ci.movie_id = t.id)
  ->  Seq Scan on cast_info ci  (cost=0.00..614943.12 rows=36225612 width=4) (actual time=0.026..6476.920 rows=36244344 loops=1)
  ->  Hash  (cost=129646.74..129646.74 rows=10215 width=8) (actual time=1958.092..1958.092 rows=6512 loops=1)
        Buckets: 16384  Batches: 1  Memory Usage: 383kB
        ->  Hash Join  (cost=74235.99..129646.74 rows=10215 width=8) (actual time=1113.366..1955.433 rows=6512 loops=1)
              Hash Cond: (mc.movie_id = t.id)
              ->  Seq Scan on movie_companies mc  (cost=0.00..51404.11 rows=1041196 width=4) (actual time=0.025..727.334 rows=1039546 loops=1)
                    Filter: (company_id < 5936)
                    Rows Removed by Filter: 1569583
              ->  Hash  (cost=73925.90..73925.90 rows=24807 width=4) (actual time=1004.608..1004.608 rows=25986 loops=1)
                    Buckets: 32768  Batches: 1  Memory Usage: 1170kB
                    ->  Seq Scan on title t  (cost=0.00..73925.90 rows=24807 width=4) (actual time=0.030..993.302 rows=25986 loops=1)
                          Filter: ((kind_id = 7) AND (production_year = 1997))
                          Rows Removed by Filter: 2502326
Planning time: 1.242 ms
Execution time: 16127.495 ms
