Hash Join  (cost=100948.70..451964.97 rows=1245 width=0) (actual time=3546.975..7449.449 rows=1899 loops=1)
  Hash Cond: (mi.movie_id = t.id)
  ->  Seq Scan on movie_info mi  (cost=0.00..346232.03 rows=1272478 width=4) (actual time=1880.374..5597.396 rows=1325361 loops=1)
        Filter: (info_type_id = 8)
        Rows Removed by Filter: 13510359
  ->  Hash  (cost=100917.78..100917.78 rows=2474 width=8) (actual time=1666.010..1666.010 rows=3033 loops=1)
        Buckets: 4096  Batches: 1  Memory Usage: 151kB
        ->  Hash Join  (cost=73982.55..100917.78 rows=2474 width=8) (actual time=1172.050..1664.993 rows=3033 loops=1)
              Hash Cond: (mi_idx.movie_id = t.id)
              ->  Seq Scan on movie_info_idx mi_idx  (cost=0.00..21735.35 rows=1380035 width=4) (actual time=0.043..240.306 rows=1380035 loops=1)
              ->  Hash  (cost=73925.90..73925.90 rows=4532 width=4) (actual time=1171.859..1171.859 rows=6454 loops=1)
                    Buckets: 8192  Batches: 1  Memory Usage: 291kB
                    ->  Seq Scan on title t  (cost=0.00..73925.90 rows=4532 width=4) (actual time=0.154..1168.730 rows=6454 loops=1)
                          Filter: ((kind_id = 7) AND (production_year = 1964))
                          Rows Removed by Filter: 2521858
Planning time: 1.175 ms
Execution time: 7449.892 ms
