Hash Join  (cost=602213.34..1801116.05 rows=8216507 width=0) (actual time=12004.986..37731.952 rows=10560427 loops=1)
  Hash Cond: (ci.movie_id = t.id)
  ->  Seq Scan on cast_info ci  (cost=0.00..705507.15 rows=22887453 width=4) (actual time=0.028..12103.721 rows=22768959 loops=1)
        Filter: (person_id < 2324747)
        Rows Removed by Filter: 13475385
  ->  Hash  (cost=587320.70..587320.70 rows=907731 width=8) (actual time=12003.796..12003.796 rows=646849 loops=1)
        Buckets: 131072  Batches: 16  Memory Usage: 2555kB
        ->  Hash Join  (cost=70308.29..587320.70 rows=907731 width=8) (actual time=873.567..11835.835 rows=646849 loops=1)
              Hash Cond: (mi.movie_id = t.id)
              ->  Seq Scan on movie_info mi  (cost=0.00..346232.03 rows=13929354 width=4) (actual time=0.020..5835.476 rows=14033580 loops=1)
                    Filter: (info_type_id > 1)
                    Rows Removed by Filter: 802140
              ->  Hash  (cost=67604.59..67604.59 rows=164776 width=4) (actual time=872.758..872.758 rows=164307 loops=1)
                    Buckets: 131072  Batches: 4  Memory Usage: 2488kB
                    ->  Seq Scan on title t  (cost=0.00..67604.59 rows=164776 width=4) (actual time=0.016..813.013 rows=164307 loops=1)
                          Filter: (production_year = 2012)
                          Rows Removed by Filter: 2364005
Planning time: 2.949 ms
Execution time: 39085.023 ms
