Seq Scan on cast_info ci  (cost=0.00..705507.15 rows=23078808 width=0) (actual time=0.014..10488.683 rows=23137998 loops=1)
  Filter: (person_id > 1293848)
  Rows Removed by Filter: 13106346
Planning time: 0.339 ms
Execution time: 13376.137 ms
