Hash Join  (cost=74253.28..795167.43 rows=41412 width=0) (actual time=8557.374..12231.570 rows=33863 loops=1)
  Hash Cond: (ci.movie_id = t.id)
  ->  Seq Scan on cast_info ci  (cost=0.00..705507.15 rows=3998100 width=4) (actual time=7765.738..10542.123 rows=4008037 loops=1)
        Filter: (role_id = 3)
        Rows Removed by Filter: 32236307
  ->  Hash  (cost=73925.90..73925.90 rows=26190 width=4) (actual time=789.420..789.420 rows=27279 loops=1)
        Buckets: 32768  Batches: 1  Memory Usage: 1216kB
        ->  Seq Scan on title t  (cost=0.00..73925.90 rows=26190 width=4) (actual time=0.218..779.010 rows=27279 loops=1)
              Filter: ((kind_id > 3) AND (production_year = 1995))
              Rows Removed by Filter: 2501033
Planning time: 0.773 ms
Execution time: 12236.530 ms
