Hash Join  (cost=797960.46..824872.16 rows=122 width=0) (actual time=10524.375..10671.002 rows=657 loops=1)
  Hash Cond: (mi_idx.movie_id = t.id)
  ->  Seq Scan on movie_info_idx mi_idx  (cost=0.00..21735.35 rows=1380035 width=4) (actual time=0.015..112.302 rows=1380035 loops=1)
  ->  Hash  (cost=797957.66..797957.66 rows=224 width=8) (actual time=10441.488..10441.488 rows=399 loops=1)
        Buckets: 1024  Batches: 1  Memory Usage: 24kB
        ->  Nested Loop  (cost=0.43..797957.66 rows=224 width=8) (actual time=3377.980..10441.364 rows=399 loops=1)
              ->  Seq Scan on cast_info ci  (cost=0.00..796071.18 rows=224 width=4) (actual time=3377.888..10437.421 rows=399 loops=1)
                    Filter: ((role_id > 2) AND (person_id = 2930315))
                    Rows Removed by Filter: 36243945
              ->  Index Only Scan using title_pkey on title t  (cost=0.43..8.41 rows=1 width=4) (actual time=0.009..0.009 rows=1 loops=399)
                    Index Cond: (id = ci.movie_id)
                    Heap Fetches: 399
Planning time: 1.230 ms
Execution time: 10671.139 ms
