Seq Scan on cast_info ci  (cost=0.00..705507.15 rows=34760980 width=0) (actual time=0.017..9434.952 rows=34856756 loops=1)
  Filter: (person_id > 139273)
  Rows Removed by Filter: 1387588
Planning time: 0.336 ms
Execution time: 13229.915 ms
