Hash Join  (cost=449395.81..1494609.81 rows=1110777 width=0) (actual time=6064.315..25796.740 rows=138 loops=1)
  Hash Cond: (ci.movie_id = t.id)
  ->  Seq Scan on cast_info ci  (cost=0.00..614943.12 rows=36225612 width=4) (actual time=0.009..9629.556 rows=36244344 loops=1)
  ->  Hash  (cost=448123.66..448123.66 rows=77532 width=8) (actual time=5500.755..5500.755 rows=21 loops=1)
        Buckets: 131072  Batches: 2  Memory Usage: 1025kB
        ->  Hash Join  (cost=75391.51..448123.66 rows=77532 width=8) (actual time=1637.802..5500.608 rows=21 loops=1)
              Hash Cond: (mi.movie_id = t.id)
              ->  Seq Scan on movie_info mi  (cost=0.00..346232.03 rows=2194617 width=4) (actual time=647.903..4185.429 rows=2233850 loops=1)
                    Filter: (info_type_id > 16)
                    Rows Removed by Filter: 12601870
              ->  Hash  (cost=73925.90..73925.90 rows=89328 width=4) (actual time=677.563..677.563 rows=10 loops=1)
                    Buckets: 131072  Batches: 2  Memory Usage: 1031kB
                    ->  Seq Scan on title t  (cost=0.00..73925.90 rows=89328 width=4) (actual time=31.705..677.474 rows=10 loops=1)
                          Filter: ((kind_id > 1) AND (production_year < 1934))
                          Rows Removed by Filter: 2528302
Planning time: 1.150 ms
Execution time: 25797.011 ms
