Seq Scan on movie_keyword mk  (cost=0.00..81003.12 rows=246 width=0) (actual time=1.299..950.007 rows=211 loops=1)
  Filter: (keyword_id = 21499)
  Rows Removed by Filter: 4523719
Planning time: 0.359 ms
Execution time: 950.191 ms
