Seq Scan on title t  (cost=0.00..73925.90 rows=66996 width=0) (actual time=485.745..822.157 rows=2 loops=1)
  Filter: ((kind_id > 1) AND (production_year < 1921))
  Rows Removed by Filter: 2528310
Planning time: 0.332 ms
Execution time: 822.273 ms
