Hash Join  (cost=102205.59..205126.28 rows=539338 width=0) (actual time=1492.210..3764.620 rows=518678 loops=1)
  Hash Cond: (mk.movie_id = t.id)
  ->  Seq Scan on movie_keyword mk  (cost=0.00..81003.12 rows=646637 width=4) (actual time=0.027..1130.153 rows=648054 loops=1)
        Filter: (keyword_id < 500)
        Rows Removed by Filter: 3875876
  ->  Hash  (cost=67604.59..67604.59 rows=2108960 width=4) (actual time=1491.280..1491.280 rows=2104137 loops=1)
        Buckets: 131072  Batches: 32  Memory Usage: 3350kB
        ->  Seq Scan on title t  (cost=0.00..67604.59 rows=2108960 width=4) (actual time=0.018..906.168 rows=2104137 loops=1)
              Filter: (production_year > 1968)
              Rows Removed by Filter: 424175
Planning time: 0.725 ms
Execution time: 3831.080 ms
