Hash Join  (cost=73454.11..514942.48 rows=1020209 width=0) (actual time=1332.118..9349.617 rows=2186400 loops=1)
  Hash Cond: (mi.movie_id = t.id)
  ->  Seq Scan on movie_info mi  (cost=0.00..346232.03 rows=7235534 width=4) (actual time=436.594..4503.109 rows=7286865 loops=1)
        Filter: (info_type_id < 8)
        Rows Removed by Filter: 7548855
  ->  Hash  (cost=67604.59..67604.59 rows=356522 width=4) (actual time=888.512..888.512 rows=352081 loops=1)
        Buckets: 131072  Batches: 8  Memory Usage: 2571kB
        ->  Seq Scan on title t  (cost=0.00..67604.59 rows=356522 width=4) (actual time=0.018..780.477 rows=352081 loops=1)
              Filter: (production_year < 1969)
              Rows Removed by Filter: 2176231
Planning time: 0.805 ms
Execution time: 9597.025 ms
