Hash Join  (cost=625262.01..2237663.45 rows=34284021 width=0) (actual time=15429.996..98323.027 rows=226847666 loops=1)
  Hash Cond: (ci.movie_id = t.id)
  ->  Seq Scan on cast_info ci  (cost=0.00..614943.12 rows=36225612 width=4) (actual time=0.023..10394.157 rows=36244344 loops=1)
  ->  Hash  (cost=586001.44..586001.44 rows=2393005 width=8) (actual time=15425.997..15425.997 rows=5942907 loops=1)
        Buckets: 131072 (originally 131072)  Batches: 128 (originally 32)  Memory Usage: 3073kB
        ->  Hash Join  (cost=80661.47..586001.44 rows=2393005 width=8) (actual time=1107.166..13754.025 rows=5942907 loops=1)
              Hash Cond: (mi.movie_id = t.id)
              ->  Seq Scan on movie_info mi  (cost=0.00..309384.22 rows=14739122 width=4) (actual time=0.014..4338.844 rows=14835720 loops=1)
              ->  Hash  (cost=73925.90..73925.90 rows=410525 width=4) (actual time=1106.201..1106.201 rows=456146 loops=1)
                    Buckets: 131072  Batches: 8  Memory Usage: 3048kB
                    ->  Seq Scan on title t  (cost=0.00..73925.90 rows=410525 width=4) (actual time=362.056..957.015 rows=456146 loops=1)
                          Filter: ((production_year < 2007) AND (kind_id = 1))
                          Rows Removed by Filter: 2072166
Planning time: 1.298 ms
Execution time: 122633.871 ms
