Hash Join  (cost=92883.59..251696.20 rows=2313866 width=0) (actual time=1462.974..4623.139 rows=527207 loops=1)
  Hash Cond: (mk.movie_id = t.id)
  ->  Seq Scan on movie_keyword mk  (cost=0.00..81003.12 rows=3797165 width=4) (actual time=0.026..1316.979 rows=3789327 loops=1)
        Filter: (keyword_id < 25623)
        Rows Removed by Filter: 734603
  ->  Hash  (cost=67604.59..67604.59 rows=1540800 width=4) (actual time=1461.941..1461.941 rows=1543264 loops=1)
        Buckets: 131072  Batches: 32  Memory Usage: 2728kB
        ->  Seq Scan on title t  (cost=0.00..67604.59 rows=1540800 width=4) (actual time=72.986..951.301 rows=1543264 loops=1)
              Filter: (kind_id = 7)
              Rows Removed by Filter: 985048
Planning time: 0.786 ms
Execution time: 4680.772 ms
