Hash Join  (cost=124443.62..939380.38 rows=117175 width=0) (actual time=7333.978..15040.912 rows=377116 loops=1)
  Hash Cond: (ci.movie_id = t.id)
  ->  Seq Scan on cast_info ci  (cost=0.00..796071.18 rows=4718356 width=4) (actual time=5371.090..11273.069 rows=7449746 loops=1)
        Filter: ((person_id > 1259650) AND (role_id = 2))
        Rows Removed by Filter: 28794598
  ->  Hash  (cost=123658.70..123658.70 rows=62793 width=8) (actual time=1962.142..1962.142 rows=58957 loops=1)
        Buckets: 65536  Batches: 1  Memory Usage: 2816kB
        ->  Hash Join  (cost=68365.25..123658.70 rows=62793 width=8) (actual time=716.474..1940.476 rows=58957 loops=1)
              Hash Cond: (mc.movie_id = t.id)
              ->  Seq Scan on movie_companies mc  (cost=0.00..44881.29 rows=2609129 width=4) (actual time=0.026..488.967 rows=2609129 loops=1)
              ->  Hash  (cost=67604.59..67604.59 rows=60853 width=4) (actual time=716.105..716.105 rows=62568 loops=1)
                    Buckets: 65536  Batches: 1  Memory Usage: 2712kB
                    ->  Seq Scan on title t  (cost=0.00..67604.59 rows=60853 width=4) (actual time=0.021..693.764 rows=62568 loops=1)
                          Filter: (production_year = 2002)
                          Rows Removed by Filter: 2465744
Planning time: 1.112 ms
Execution time: 15087.398 ms
