Hash Join  (cost=77934.62..1204399.53 rows=9020174 width=0) (actual time=1320.642..34630.674 rows=7731835 loops=1)
  Hash Cond: (ci.movie_id = t.id)
  ->  Seq Scan on cast_info ci  (cost=0.00..614943.12 rows=36225612 width=4) (actual time=0.019..13039.287 rows=36244344 loops=1)
  ->  Hash  (cost=67604.59..67604.59 rows=629603 width=4) (actual time=1319.611..1319.611 rows=622851 loops=1)
        Buckets: 131072  Batches: 16  Memory Usage: 2387kB
        ->  Seq Scan on title t  (cost=0.00..67604.59 rows=629603 width=4) (actual time=0.025..1126.091 rows=622851 loops=1)
              Filter: (production_year < 1987)
              Rows Removed by Filter: 1905461
Planning time: 0.754 ms
Execution time: 35489.741 ms
