Seq Scan on movie_keyword mk  (cost=0.00..81003.12 rows=3680015 width=0) (actual time=0.024..1315.294 rows=3673983 loops=1)
  Filter: (keyword_id < 21607)
  Rows Removed by Filter: 849947
Planning time: 0.297 ms
Execution time: 1787.390 ms
