Hash Join  (cost=709676.96..1074350.67 rows=1778 width=0) (actual time=8426.710..14017.619 rows=179 loops=1)
  Hash Cond: (mi.movie_id = t.id)
  ->  Seq Scan on movie_info mi  (cost=0.00..309384.22 rows=14739122 width=4) (actual time=0.021..2983.613 rows=14835720 loops=1)
  ->  Hash  (cost=709673.15..709673.15 rows=305 width=8) (actual time=8281.194..8281.194 rows=117 loops=1)
        Buckets: 1024  Batches: 1  Memory Usage: 13kB
        ->  Nested Loop  (cost=0.43..709673.15 rows=305 width=8) (actual time=389.154..8281.124 rows=117 loops=1)
              ->  Seq Scan on cast_info ci  (cost=0.00..705507.15 rows=500 width=4) (actual time=388.836..8278.623 rows=124 loops=1)
                    Filter: (person_id = 1705849)
                    Rows Removed by Filter: 36244220
              ->  Index Scan using title_pkey on title t  (cost=0.43..8.32 rows=1 width=4) (actual time=0.019..0.019 rows=1 loops=124)
                    Index Cond: (id = ci.movie_id)
                    Filter: (kind_id = 7)
                    Rows Removed by Filter: 0
Planning time: 1.258 ms
Execution time: 14017.811 ms
