Hash Join  (cost=94978.31..178709.98 rows=877349 width=0) (actual time=1633.540..3189.675 rows=961989 loops=1)
  Hash Cond: (mc.movie_id = t.id)
  ->  Seq Scan on movie_companies mc  (cost=0.00..51404.11 rows=1329612 width=4) (actual time=280.660..678.417 rows=1334883 loops=1)
        Filter: (company_type_id = 2)
        Rows Removed by Filter: 1274246
  ->  Hash  (cost=67604.59..67604.59 rows=1668458 width=4) (actual time=1351.765..1351.765 rows=1671292 loops=1)
        Buckets: 131072  Batches: 32  Memory Usage: 2858kB
        ->  Seq Scan on title t  (cost=0.00..67604.59 rows=1668458 width=4) (actual time=0.021..879.105 rows=1671292 loops=1)
              Filter: (production_year < 2008)
              Rows Removed by Filter: 857020
Planning time: 0.766 ms
Execution time: 3305.950 ms
