Hash Join  (cost=90717.09..441228.98 rows=7260 width=0) (actual time=3657.572..5762.038 rows=154 loops=1)
  Hash Cond: (mi.movie_id = t.id)
  ->  Seq Scan on movie_info mi  (cost=0.00..346232.03 rows=17937 width=4) (actual time=2203.701..4061.281 rows=140065 loops=1)
        Filter: (info_type_id = 9)
        Rows Removed by Filter: 14695655
  ->  Hash  (cost=73925.90..73925.90 rows=1023455 width=4) (actual time=1449.222..1449.222 rows=1117981 loops=1)
        Buckets: 131072  Batches: 16  Memory Usage: 3495kB
        ->  Seq Scan on title t  (cost=0.00..73925.90 rows=1023455 width=4) (actual time=0.033..1086.250 rows=1117981 loops=1)
              Filter: ((production_year > 1993) AND (kind_id = 7))
              Rows Removed by Filter: 1410331
Planning time: 0.544 ms
Execution time: 5762.143 ms
