Hash Join  (cost=365418.15..1496619.48 rows=21188048 width=0) (actual time=7874.388..41367.106 rows=72367848 loops=1)
  Hash Cond: (ci.movie_id = t.id)
  ->  Seq Scan on cast_info ci  (cost=0.00..705507.15 rows=11842480 width=4) (actual time=739.001..10114.547 rows=11917987 loops=1)
        Filter: (person_id > 2498036)
        Rows Removed by Filter: 24326357
  ->  Hash  (cost=291197.02..291197.02 rows=4523930 width=8) (actual time=7133.970..7133.970 rows=4523930 loops=1)
        Buckets: 131072  Batches: 64  Memory Usage: 3816kB
        ->  Hash Join  (cost=102767.86..291197.02 rows=4523930 width=8) (actual time=1737.379..6085.259 rows=4523930 loops=1)
              Hash Cond: (mk.movie_id = t.id)
              ->  Seq Scan on movie_keyword mk  (cost=0.00..69693.30 rows=4523930 width=4) (actual time=0.032..1131.540 rows=4523930 loops=1)
              ->  Hash  (cost=61283.27..61283.27 rows=2528527 width=4) (actual time=1735.917..1735.917 rows=2528312 loops=1)
                    Buckets: 131072  Batches: 64  Memory Usage: 2425kB
                    ->  Seq Scan on title t  (cost=0.00..61283.27 rows=2528527 width=4) (actual time=0.022..823.351 rows=2528312 loops=1)
Planning time: 1.109 ms
Execution time: 48765.821 ms
