Hash Join  (cost=156487.41..274160.46 rows=474886 width=0) (actual time=2817.656..5462.032 rows=1982443 loops=1)
  Hash Cond: (mk.movie_id = t.id)
  ->  Seq Scan on movie_keyword mk  (cost=0.00..81003.12 rows=2604817 width=4) (actual time=0.026..1245.960 rows=2592942 loops=1)
        Filter: (keyword_id < 6923)
        Rows Removed by Filter: 1930988
  ->  Hash  (cost=148924.19..148924.19 rows=460978 width=8) (actual time=2816.882..2816.882 rows=459925 loops=1)
        Buckets: 131072  Batches: 8  Memory Usage: 3284kB
        ->  Hash Join  (cost=102767.86..148924.19 rows=460978 width=8) (actual time=1525.796..2682.324 rows=459925 loops=1)
              Hash Cond: (mi_idx.movie_id = t.id)
              ->  Seq Scan on movie_info_idx mi_idx  (cost=0.00..25185.44 rows=460978 width=4) (actual time=0.029..405.342 rows=459925 loops=1)
                    Filter: (info_type_id < 100)
                    Rows Removed by Filter: 920110
              ->  Hash  (cost=61283.27..61283.27 rows=2528527 width=4) (actual time=1524.302..1524.302 rows=2528312 loops=1)
                    Buckets: 131072  Batches: 64  Memory Usage: 2415kB
                    ->  Seq Scan on title t  (cost=0.00..61283.27 rows=2528527 width=4) (actual time=0.012..731.566 rows=2528312 loops=1)
Planning time: 1.166 ms
Execution time: 5650.658 ms
