Seq Scan on cast_info ci  (cost=0.00..796071.18 rows=3942182 width=0) (actual time=8660.306..12765.503 rows=1664055 loops=1)
  Filter: ((person_id < 1949084) AND (role_id = 2))
  Rows Removed by Filter: 34580289
Planning time: 0.404 ms
Execution time: 12976.622 ms
