Hash Join  (cost=74369.27..857815.34 rows=281032 width=0) (actual time=1253.197..18389.481 rows=298510 loops=1)
  Hash Cond: (ci.movie_id = t.id)
  ->  Seq Scan on cast_info ci  (cost=0.00..705507.15 rows=20034293 width=4) (actual time=0.018..11490.920 rows=19897502 loops=1)
        Filter: (person_id < 1998194)
        Rows Removed by Filter: 16346842
  ->  Hash  (cost=73925.90..73925.90 rows=35469 width=4) (actual time=1252.837..1252.837 rows=40719 loops=1)
        Buckets: 65536  Batches: 1  Memory Usage: 1944kB
        ->  Seq Scan on title t  (cost=0.00..73925.90 rows=35469 width=4) (actual time=0.034..1235.118 rows=40719 loops=1)
              Filter: ((kind_id > 2) AND (production_year = 1999))
              Rows Removed by Filter: 2487593
Planning time: 2.026 ms
Execution time: 18434.351 ms
