Seq Scan on cast_info ci  (cost=0.00..705507.15 rows=5511962 width=0) (actual time=6764.017..10524.221 rows=5585167 loops=1)
  Filter: (person_id > 3093840)
  Rows Removed by Filter: 30659177
Planning time: 0.294 ms
Execution time: 11236.342 ms
