Seq Scan on movie_keyword mk  (cost=0.00..81003.12 rows=3276578 width=0) (actual time=0.023..1458.343 rows=3261938 loops=1)
  Filter: (keyword_id > 1611)
  Rows Removed by Filter: 1261992
Planning time: 0.292 ms
Execution time: 1866.392 ms
