Seq Scan on title t  (cost=0.00..73925.90 rows=1963 width=0) (actual time=0.088..973.126 rows=5461 loops=1)
  Filter: ((kind_id = 1) AND (production_year = 1990))
  Rows Removed by Filter: 2522851
Planning time: 0.361 ms
Execution time: 974.320 ms
