Hash Join  (cost=190230.21..274447.79 rows=879297 width=0) (actual time=4201.429..6632.740 rows=2343659 loops=1)
  Hash Cond: (mc.movie_id = t.id)
  ->  Seq Scan on movie_companies mc  (cost=0.00..51404.11 rows=1611065 width=4) (actual time=0.025..911.623 rows=1606760 loops=1)
        Filter: (company_id > 4692)
        Rows Removed by Filter: 1002369
  ->  Hash  (cost=167588.78..167588.78 rows=1380035 width=8) (actual time=4200.637..4200.637 rows=1380035 loops=1)
        Buckets: 131072  Batches: 32  Memory Usage: 2708kB
        ->  Hash Join  (cost=102767.86..167588.78 rows=1380035 width=8) (actual time=1989.760..3823.912 rows=1380035 loops=1)
              Hash Cond: (mi_idx.movie_id = t.id)
              ->  Seq Scan on movie_info_idx mi_idx  (cost=0.00..21735.35 rows=1380035 width=4) (actual time=0.011..423.365 rows=1380035 loops=1)
              ->  Hash  (cost=61283.27..61283.27 rows=2528527 width=4) (actual time=1988.579..1988.579 rows=2528312 loops=1)
                    Buckets: 131072  Batches: 64  Memory Usage: 2415kB
                    ->  Seq Scan on title t  (cost=0.00..61283.27 rows=2528527 width=4) (actual time=0.013..1169.562 rows=2528312 loops=1)
Planning time: 1.131 ms
Execution time: 6900.241 ms
