Hash Join  (cost=123822.51..200881.00 rows=145696 width=0) (actual time=2569.749..3822.291 rows=151446 loops=1)
  Hash Cond: (mc.movie_id = t.id)
  ->  Seq Scan on movie_companies mc  (cost=0.00..44881.29 rows=2609129 width=4) (actual time=0.019..758.962 rows=2609129 loops=1)
  ->  Hash  (cost=121505.58..121505.58 rows=141195 width=8) (actual time=2242.658..2242.658 rows=67492 loops=1)
        Buckets: 131072  Batches: 2  Memory Usage: 2342kB
        ->  Hash Join  (cost=86534.07..121505.58 rows=141195 width=8) (actual time=1803.213..2221.755 rows=67492 loops=1)
              Hash Cond: (mi_idx.movie_id = t.id)
              ->  Seq Scan on movie_info_idx mi_idx  (cost=0.00..25185.44 rows=464566 width=4) (actual time=0.029..442.531 rows=459925 loops=1)
                    Filter: (info_type_id = 101)
                    Rows Removed by Filter: 920110
              ->  Hash  (cost=73925.90..73925.90 rows=768493 width=4) (actual time=1446.135..1446.135 rows=840010 loops=1)
                    Buckets: 131072  Batches: 16  Memory Usage: 2877kB
                    ->  Seq Scan on title t  (cost=0.00..73925.90 rows=768493 width=4) (actual time=0.028..1181.798 rows=840010 loops=1)
                          Filter: ((production_year > 2002) AND (kind_id = 7))
                          Rows Removed by Filter: 1688302
Planning time: 1.117 ms
Execution time: 3838.212 ms
