Nested Loop  (cost=0.43..709674.40 rows=154 width=0) (actual time=11.474..9941.850 rows=30 loops=1)
  ->  Seq Scan on cast_info ci  (cost=0.00..705507.15 rows=500 width=4) (actual time=11.421..9940.154 rows=30 loops=1)
        Filter: (person_id = 833625)
        Rows Removed by Filter: 36244314
  ->  Index Scan using title_pkey on title t  (cost=0.43..8.32 rows=1 width=4) (actual time=0.055..0.055 rows=1 loops=30)
        Index Cond: (id = ci.movie_id)
        Filter: ((kind_id < 7) AND (production_year > 1976))
Planning time: 0.608 ms
Execution time: 9941.959 ms
