Seq Scan on cast_info ci  (cost=0.00..796071.18 rows=10428697 width=0) (actual time=7801.276..12083.280 rows=7693228 loops=1)
  Filter: ((person_id > 1703366) AND (role_id < 3))
  Rows Removed by Filter: 28551116
Planning time: 0.314 ms
Execution time: 13077.863 ms
