Hash Join  (cost=156487.41..287672.11 rows=658916 width=0) (actual time=3230.616..7800.110 rows=2812853 loops=1)
  Hash Cond: (mk.movie_id = t.id)
  ->  Seq Scan on movie_keyword mk  (cost=0.00..81003.12 rows=3614244 width=4) (actual time=0.020..1676.113 rows=3609579 loops=1)
        Filter: (keyword_id > 865)
        Rows Removed by Filter: 914351
  ->  Hash  (cost=148924.19..148924.19 rows=460978 width=8) (actual time=3229.792..3229.792 rows=459925 loops=1)
        Buckets: 131072  Batches: 8  Memory Usage: 3284kB
        ->  Hash Join  (cost=102767.86..148924.19 rows=460978 width=8) (actual time=1839.659..3079.976 rows=459925 loops=1)
              Hash Cond: (mi_idx.movie_id = t.id)
              ->  Seq Scan on movie_info_idx mi_idx  (cost=0.00..25185.44 rows=460978 width=4) (actual time=0.013..425.678 rows=459925 loops=1)
                    Filter: (info_type_id < 100)
                    Rows Removed by Filter: 920110
              ->  Hash  (cost=61283.27..61283.27 rows=2528527 width=4) (actual time=1838.133..1838.133 rows=2528312 loops=1)
                    Buckets: 131072  Batches: 64  Memory Usage: 2415kB
                    ->  Seq Scan on title t  (cost=0.00..61283.27 rows=2528527 width=4) (actual time=0.021..991.806 rows=2528312 loops=1)
Planning time: 1.247 ms
Execution time: 8148.900 ms
