Seq Scan on movie_companies mc  (cost=0.00..51404.11 rows=1135843 width=0) (actual time=0.021..852.891 rows=1143645 loops=1)
  Filter: (company_id > 13224)
  Rows Removed by Filter: 1465484
Planning time: 0.294 ms
Execution time: 1002.013 ms
