Hash Join  (cost=102689.68..234595.13 rows=1546856 width=0) (actual time=2000.108..5111.036 rows=795987 loops=1)
  Hash Cond: (mk.movie_id = t.id)
  ->  Seq Scan on movie_keyword mk  (cost=0.00..81003.12 rows=2230953 width=4) (actual time=0.021..1423.858 rows=2229307 loops=1)
        Filter: (keyword_id > 4907)
        Rows Removed by Filter: 2294623
  ->  Hash  (cost=73925.90..73925.90 rows=1753182 width=4) (actual time=1998.896..1998.896 rows=1799905 loops=1)
        Buckets: 131072  Batches: 32  Memory Usage: 3013kB
        ->  Seq Scan on title t  (cost=0.00..73925.90 rows=1753182 width=4) (actual time=0.019..1401.576 rows=1799905 loops=1)
              Filter: ((kind_id > 1) AND (production_year > 1917))
              Rows Removed by Filter: 728407
Planning time: 0.799 ms
Execution time: 5193.302 ms
