Hash Join  (cost=172785.19..200025.69 rows=33002 width=0) (actual time=3226.901..3928.805 rows=172669 loops=1)
  Hash Cond: (mi_idx.movie_id = t.id)
  ->  Seq Scan on movie_info_idx mi_idx  (cost=0.00..21735.35 rows=1380035 width=4) (actual time=0.024..284.446 rows=1380035 loops=1)
  ->  Hash  (cost=172029.37..172029.37 rows=60466 width=8) (actual time=3081.337..3081.337 rows=118421 loops=1)
        Buckets: 131072 (originally 65536)  Batches: 2 (originally 1)  Memory Usage: 3347kB
        ->  Hash Join  (cost=102767.86..172029.37 rows=60466 width=8) (actual time=2029.511..3037.904 rows=118421 loops=1)
              Hash Cond: (mc.movie_id = t.id)
              ->  Seq Scan on movie_companies mc  (cost=0.00..57926.93 rows=60466 width=4) (actual time=240.863..737.493 rows=118421 loops=1)
                    Filter: ((company_id > 147213) AND (company_type_id = 2))
                    Rows Removed by Filter: 2490708
              ->  Hash  (cost=61283.27..61283.27 rows=2528527 width=4) (actual time=1787.004..1787.004 rows=2528312 loops=1)
                    Buckets: 131072  Batches: 64  Memory Usage: 2415kB
                    ->  Seq Scan on title t  (cost=0.00..61283.27 rows=2528527 width=4) (actual time=0.026..953.232 rows=2528312 loops=1)
Planning time: 3.077 ms
Execution time: 3951.187 ms
