Hash Join  (cost=434459.34..1188513.72 rows=326524 width=0) (actual time=6709.331..23099.455 rows=820979 loops=1)
  Hash Cond: (ci.movie_id = t.id)
  ->  Seq Scan on cast_info ci  (cost=0.00..614943.12 rows=36225612 width=4) (actual time=0.016..7107.033 rows=36244344 loops=1)
  ->  Hash  (cost=434174.45..434174.45 rows=22791 width=8) (actual time=6709.002..6709.002 rows=37057 loops=1)
        Buckets: 65536 (originally 32768)  Batches: 1 (originally 1)  Memory Usage: 1960kB
        ->  Hash Join  (cost=74124.68..434174.45 rows=22791 width=8) (actual time=969.389..6691.283 rows=37057 loops=1)
              Hash Cond: (mi.movie_id = t.id)
              ->  Seq Scan on movie_info mi  (cost=0.00..346232.03 rows=3623957 width=4) (actual time=0.014..5000.330 rows=3624977 loops=1)
                    Filter: (info_type_id < 4)
                    Rows Removed by Filter: 11210743
              ->  Hash  (cost=73925.90..73925.90 rows=15902 width=4) (actual time=969.248..969.248 rows=12969 loops=1)
                    Buckets: 16384  Batches: 1  Memory Usage: 584kB
                    ->  Seq Scan on title t  (cost=0.00..73925.90 rows=15902 width=4) (actual time=0.023..963.289 rows=12969 loops=1)
                          Filter: ((kind_id < 7) AND (production_year = 1997))
                          Rows Removed by Filter: 2515343
Planning time: 2.534 ms
Execution time: 23208.891 ms
