Seq Scan on cast_info ci  (cost=0.00..796071.18 rows=324 width=0) (actual time=6674.616..13232.102 rows=271 loops=1)
  Filter: ((role_id > 1) AND (person_id = 1078986))
  Rows Removed by Filter: 36244073
Planning time: 0.389 ms
Execution time: 13232.236 ms
