Hash Join  (cost=208421.32..1094925.30 rows=1664953 width=0) (actual time=4558.816..23008.856 rows=353958 loops=1)
  Hash Cond: (ci.movie_id = t.id)
  ->  Seq Scan on cast_info ci  (cost=0.00..705507.15 rows=12726058 width=4) (actual time=0.017..12184.363 rows=12670688 loops=1)
        Filter: (role_id = 1)
        Rows Removed by Filter: 23573656
  ->  Hash  (cost=202993.22..202993.22 rows=330808 width=8) (actual time=4556.481..4556.481 rows=48445 loops=1)
        Buckets: 131072  Batches: 8  Memory Usage: 1249kB
        ->  Hash Join  (cost=76960.10..202993.22 rows=330808 width=8) (actual time=3090.952..4540.519 rows=48445 loops=1)
              Hash Cond: (mk.movie_id = t.id)
              ->  Seq Scan on movie_keyword mk  (cost=0.00..69693.30 rows=4523930 width=4) (actual time=0.013..1264.018 rows=4523930 loops=1)
              ->  Hash  (cost=73925.90..73925.90 rows=184896 width=4) (actual time=1596.802..1596.802 rows=79092 loops=1)
                    Buckets: 131072  Batches: 4  Memory Usage: 1724kB
                    ->  Seq Scan on title t  (cost=0.00..73925.90 rows=184896 width=4) (actual time=0.024..975.584 rows=79092 loops=1)
                          Filter: ((production_year < 1965) AND (kind_id = 7))
                          Rows Removed by Filter: 2449220
Planning time: 1.183 ms
Execution time: 23052.981 ms
