Hash Join  (cost=83073.15..833865.19 rows=291 width=0) (actual time=1338.068..16942.799 rows=638 loops=1)
  Hash Cond: (ci.movie_id = t.id)
  ->  Seq Scan on cast_info ci  (cost=0.00..614943.12 rows=36225612 width=4) (actual time=0.024..9012.613 rows=36244344 loops=1)
  ->  Hash  (cost=83072.90..83072.90 rows=20 width=8) (actual time=1331.117..1331.117 rows=25 loops=1)
        Buckets: 1024  Batches: 1  Memory Usage: 9kB
        ->  Nested Loop  (cost=0.43..83072.90 rows=20 width=8) (actual time=223.820..1331.069 rows=25 loops=1)
              ->  Seq Scan on movie_keyword mk  (cost=0.00..81003.12 rows=246 width=4) (actual time=12.610..1316.813 rows=212 loops=1)
                    Filter: (keyword_id = 9640)
                    Rows Removed by Filter: 4523718
              ->  Index Scan using title_pkey on title t  (cost=0.43..8.40 rows=1 width=4) (actual time=0.064..0.064 rows=0 loops=212)
                    Index Cond: (id = mk.movie_id)
                    Filter: ((kind_id < 2) AND (production_year > 2007))
                    Rows Removed by Filter: 1
Planning time: 1.236 ms
Execution time: 16943.478 ms
