Seq Scan on movie_companies mc  (cost=0.00..51404.11 rows=1569386 width=0) (actual time=38.827..917.047 rows=1570260 loops=1)
  Filter: (company_id > 5898)
  Rows Removed by Filter: 1038869
Planning time: 0.251 ms
Execution time: 1119.096 ms
