Seq Scan on cast_info ci  (cost=0.00..796071.18 rows=337384 width=0) (actual time=4913.494..14426.437 rows=312026 loops=1)
  Filter: ((person_id > 125079) AND (role_id > 10))
  Rows Removed by Filter: 35932318
Planning time: 0.284 ms
Execution time: 14466.436 ms
