Nested Loop  (cost=32814.54..176717.52 rows=10814 width=0) (actual time=632.133..2320.455 rows=11495 loops=1)
  ->  Hash Join  (cost=32814.11..126975.13 rows=58897 width=8) (actual time=632.046..2090.781 rows=11495 loops=1)
        Hash Cond: (mk.movie_id = mi_idx.movie_id)
        ->  Seq Scan on movie_keyword mk  (cost=0.00..81003.12 rows=58811 width=4) (actual time=13.355..1093.318 rows=58448 loops=1)
              Filter: (keyword_id = 16264)
              Rows Removed by Filter: 4465482
        ->  Hash  (cost=25185.44..25185.44 rows=464934 width=4) (actual time=567.723..567.723 rows=460185 loops=1)
              Buckets: 131072  Batches: 8  Memory Usage: 3060kB
              ->  Seq Scan on movie_info_idx mi_idx  (cost=0.00..25185.44 rows=464934 width=4) (actual time=0.018..420.171 rows=460185 loops=1)
                    Filter: (info_type_id > 100)
                    Rows Removed by Filter: 919850
  ->  Index Only Scan using title_pkey on title t  (cost=0.43..0.83 rows=1 width=4) (actual time=0.019..0.019 rows=1 loops=11495)
        Index Cond: (id = mi_idx.movie_id)
        Heap Fetches: 11495
Planning time: 1.120 ms
Execution time: 2323.326 ms
