Hash Join  (cost=86840.89..173088.35 rows=812293 width=0) (actual time=1144.012..3403.144 rows=409491 loops=1)
  Hash Cond: (mc.movie_id = t.id)
  ->  Seq Scan on movie_companies mc  (cost=0.00..44881.29 rows=2609129 width=4) (actual time=0.031..801.175 rows=2609129 loops=1)
  ->  Hash  (cost=73925.90..73925.90 rows=787199 width=4) (actual time=1142.474..1142.474 rows=872440 loops=1)
        Buckets: 131072  Batches: 16  Memory Usage: 2950kB
        ->  Seq Scan on title t  (cost=0.00..73925.90 rows=787199 width=4) (actual time=0.013..913.687 rows=872440 loops=1)
              Filter: ((kind_id > 3) AND (production_year > 2003))
              Rows Removed by Filter: 1655872
Planning time: 0.717 ms
Execution time: 3455.844 ms
