Seq Scan on movie_keyword mk  (cost=0.00..81003.12 rows=1181473 width=0) (actual time=0.026..1204.079 rows=1193033 loops=1)
  Filter: (keyword_id > 15517)
  Rows Removed by Filter: 3330897
Planning time: 0.285 ms
Execution time: 1349.226 ms
