Hash Join  (cost=205545.63..346940.28 rows=1752031 width=0) (actual time=4560.215..9713.449 rows=11160690 loops=1)
  Hash Cond: (mk.movie_id = t.id)
  ->  Seq Scan on movie_keyword mk  (cost=0.00..81003.12 rows=3246726 width=4) (actual time=0.024..1536.192 rows=3237368 loops=1)
        Filter: (keyword_id < 13751)
        Rows Removed by Filter: 1286562
  ->  Hash  (cost=183159.76..183159.76 rows=1364469 width=8) (actual time=4558.891..4558.891 rows=1117390 loops=1)
        Buckets: 131072  Batches: 32  Memory Usage: 2440kB
        ->  Hash Join  (cost=89299.55..183159.76 rows=1364469 width=8) (actual time=1560.588..4204.314 rows=1117390 loops=1)
              Hash Cond: (mc.movie_id = t.id)
              ->  Seq Scan on movie_companies mc  (cost=0.00..44881.29 rows=2609129 width=4) (actual time=0.019..806.468 rows=2609129 loops=1)
              ->  Hash  (cost=67604.59..67604.59 rows=1322317 width=4) (actual time=1559.411..1559.411 rows=1322863 loops=1)
                    Buckets: 131072  Batches: 32  Memory Usage: 2481kB
                    ->  Seq Scan on title t  (cost=0.00..67604.59 rows=1322317 width=4) (actual time=0.010..1123.422 rows=1322863 loops=1)
                          Filter: (production_year > 2001)
                          Rows Removed by Filter: 1205449
Planning time: 1.166 ms
Execution time: 10811.387 ms
