Hash Join  (cost=438124.56..561852.62 rows=141603 width=0) (actual time=6767.064..10415.837 rows=3130846 loops=1)
  Hash Cond: (mk.movie_id = t.id)
  ->  Seq Scan on movie_keyword mk  (cost=0.00..69693.30 rows=4523930 width=4) (actual time=0.014..1283.340 rows=4523930 loops=1)
  ->  Hash  (cost=436825.25..436825.25 rows=79145 width=8) (actual time=6766.499..6766.499 rows=147158 loops=1)
        Buckets: 131072  Batches: 2  Memory Usage: 3905kB
        ->  Hash Join  (cost=83568.99..436825.25 rows=79145 width=8) (actual time=1800.796..6717.030 rows=147158 loops=1)
              Hash Cond: (mi.movie_id = t.id)
              ->  Seq Scan on movie_info mi  (cost=0.00..346232.03 rows=340474 width=4) (actual time=236.885..4966.263 rows=328857 loops=1)
                    Filter: (info_type_id = 98)
                    Rows Removed by Filter: 14506863
              ->  Hash  (cost=73925.90..73925.90 rows=587767 width=4) (actual time=1431.958..1431.958 rows=594730 loops=1)
                    Buckets: 131072  Batches: 8  Memory Usage: 3657kB
                    ->  Seq Scan on title t  (cost=0.00..73925.90 rows=587767 width=4) (actual time=181.370..1241.759 rows=594730 loops=1)
                          Filter: ((production_year < 2012) AND (kind_id = 1))
                          Rows Removed by Filter: 1933582
Planning time: 0.953 ms
Execution time: 10812.974 ms
