Seq Scan on movie_keyword mk  (cost=0.00..81003.12 rows=2283742 width=0) (actual time=0.025..1390.932 rows=2285584 loops=1)
  Filter: (keyword_id < 4853)
  Rows Removed by Filter: 2238346
Planning time: 0.345 ms
Execution time: 1700.731 ms
