Hash Join  (cost=158279.56..242614.14 rows=673506 width=0) (actual time=3542.240..6332.514 rows=2219991 loops=1)
  Hash Cond: (mc.movie_id = t.id)
  ->  Seq Scan on movie_companies mc  (cost=0.00..44881.29 rows=2609129 width=4) (actual time=0.021..702.969 rows=2609129 loops=1)
  ->  Hash  (cost=147570.81..147570.81 rows=652700 width=8) (actual time=3541.523..3541.523 rows=751615 loops=1)
        Buckets: 131072  Batches: 16  Memory Usage: 2867kB
        ->  Hash Join  (cost=97066.09..147570.81 rows=652700 width=8) (actual time=1784.756..3313.104 rows=751615 loops=1)
              Hash Cond: (mi_idx.movie_id = t.id)
              ->  Seq Scan on movie_info_idx mi_idx  (cost=0.00..25185.44 rows=919057 width=4) (actual time=0.021..504.839 rows=920110 loops=1)
                    Filter: (info_type_id > 99)
                    Rows Removed by Filter: 459925
              ->  Hash  (cost=67604.59..67604.59 rows=1795720 width=4) (actual time=1783.360..1783.360 rows=1794153 loops=1)
                    Buckets: 131072  Batches: 32  Memory Usage: 2992kB
                    ->  Seq Scan on title t  (cost=0.00..67604.59 rows=1795720 width=4) (actual time=0.017..1199.219 rows=1794153 loops=1)
                          Filter: (production_year < 2009)
                          Rows Removed by Filter: 734159
Planning time: 2.308 ms
Execution time: 6603.947 ms
