Nested Loop  (cost=0.43..70528.21 rows=1484 width=0) (actual time=508.373..691.033 rows=2206 loops=1)
  ->  Seq Scan on movie_companies mc  (cost=0.00..51404.11 rows=2435 width=4) (actual time=17.727..665.864 rows=2228 loops=1)
        Filter: (company_id = 6158)
        Rows Removed by Filter: 2606901
  ->  Index Scan using title_pkey on title t  (cost=0.43..7.84 rows=1 width=4) (actual time=0.010..0.011 rows=1 loops=2228)
        Index Cond: (id = mc.movie_id)
        Filter: (kind_id = 7)
        Rows Removed by Filter: 0
Planning time: 0.775 ms
Execution time: 691.700 ms
