Hash Join  (cost=106840.27..1141675.29 rows=9743228 width=0) (actual time=8749.211..30283.107 rows=12248935 loops=1)
  Hash Cond: (ci.movie_id = t.id)
  ->  Seq Scan on cast_info ci  (cost=0.00..796071.18 rows=10301512 width=4) (actual time=6863.551..15447.905 rows=12670688 loops=1)
        Filter: ((person_id < 2967160) AND (role_id = 1))
        Rows Removed by Filter: 23573656
  ->  Hash  (cost=67604.59..67604.59 rows=2391495 width=4) (actual time=1884.591..1884.591 rows=2388876 loops=1)
        Buckets: 131072  Batches: 32  Memory Usage: 3646kB
        ->  Seq Scan on title t  (cost=0.00..67604.59 rows=2391495 width=4) (actual time=0.021..1135.576 rows=2388876 loops=1)
              Filter: (production_year < 2013)
              Rows Removed by Filter: 139436
Planning time: 0.819 ms
Execution time: 31663.700 ms
