Hash Join  (cost=121263.67..608689.76 rows=714114 width=0) (actual time=3243.904..16604.864 rows=3396400 loops=1)
  Hash Cond: (mi.movie_id = t.id)
  ->  Seq Scan on movie_info mi  (cost=0.00..309384.22 rows=14739122 width=4) (actual time=0.018..5320.528 rows=14835720 loops=1)
  ->  Hash  (cost=119253.32..119253.32 rows=122508 width=8) (actual time=3243.147..3243.147 rows=192289 loops=1)
        Buckets: 131072 (originally 131072)  Batches: 4 (originally 2)  Memory Usage: 3073kB
        ->  Hash Join  (cost=84865.68..119253.32 rows=122508 width=8) (actual time=1223.717..3183.109 rows=192289 loops=1)
              Hash Cond: (mi_idx.movie_id = t.id)
              ->  Seq Scan on movie_info_idx mi_idx  (cost=0.00..25185.44 rows=464566 width=4) (actual time=0.019..428.606 rows=459925 loops=1)
                    Filter: (info_type_id = 101)
                    Rows Removed by Filter: 920110
              ->  Hash  (cost=73925.90..73925.90 rows=666782 width=4) (actual time=1222.737..1222.737 rows=566088 loops=1)
                    Buckets: 131072  Batches: 16  Memory Usage: 2264kB
                    ->  Seq Scan on title t  (cost=0.00..73925.90 rows=666782 width=4) (actual time=0.028..1043.614 rows=566088 loops=1)
                          Filter: ((kind_id < 7) AND (production_year > 1992))
                          Rows Removed by Filter: 1962224
Planning time: 1.107 ms
Execution time: 17028.796 ms
