Hash Join  (cost=98137.04..926847.37 rows=925547 width=0) (actual time=3210.875..15208.000 rows=853212 loops=1)
  Hash Cond: (ci.movie_id = t.id)
  ->  Seq Scan on cast_info ci  (cost=0.00..796071.18 rows=1257537 width=4) (actual time=1504.768..12349.253 rows=1149833 loops=1)
        Filter: ((person_id < 1634750) AND (role_id = 4))
        Rows Removed by Filter: 35094511
  ->  Hash  (cost=67604.59..67604.59 rows=1860996 width=4) (actual time=1704.988..1704.988 rows=1865487 loops=1)
        Buckets: 131072  Batches: 32  Memory Usage: 3079kB
        ->  Seq Scan on title t  (cost=0.00..67604.59 rows=1860996 width=4) (actual time=0.014..1130.865 rows=1865487 loops=1)
              Filter: (kind_id > 1)
              Rows Removed by Filter: 662825
Planning time: 0.565 ms
Execution time: 15308.243 ms
