Hash Join  (cost=93315.44..241078.78 rows=2114430 width=0) (actual time=1454.566..5368.483 rows=582332 loops=1)
  Hash Cond: (mk.movie_id = t.id)
  ->  Seq Scan on movie_keyword mk  (cost=0.00..69693.30 rows=4523930 width=4) (actual time=0.025..1250.277 rows=4523930 loops=1)
  ->  Hash  (cost=73925.90..73925.90 rows=1181803 width=4) (actual time=1452.918..1452.918 rows=1139957 loops=1)
        Buckets: 131072  Batches: 16  Memory Usage: 3534kB
        ->  Seq Scan on title t  (cost=0.00..73925.90 rows=1181803 width=4) (actual time=0.017..1116.398 rows=1139957 loops=1)
              Filter: ((kind_id > 4) AND (production_year < 2010))
              Rows Removed by Filter: 1388355
Planning time: 0.732 ms
Execution time: 5437.016 ms
