Hash Join  (cost=83810.17..157335.54 rows=461140 width=0) (actual time=1287.440..3841.478 rows=662461 loops=1)
  Hash Cond: (mc.movie_id = t.id)
  ->  Seq Scan on movie_companies mc  (cost=0.00..51404.11 rows=1180493 width=4) (actual time=0.016..822.973 rows=1175768 loops=1)
        Filter: (company_id < 10005)
        Rows Removed by Filter: 1433361
  ->  Hash  (cost=67604.59..67604.59 rows=987727 width=4) (actual time=1286.629..1286.629 rows=985048 loops=1)
        Buckets: 131072  Batches: 16  Memory Usage: 3188kB
        ->  Seq Scan on title t  (cost=0.00..67604.59 rows=987727 width=4) (actual time=0.022..974.288 rows=985048 loops=1)
              Filter: (kind_id < 7)
              Rows Removed by Filter: 1543264
Planning time: 0.699 ms
Execution time: 3923.771 ms
