Seq Scan on movie_companies mc  (cost=0.00..57926.93 rows=53 width=0) (actual time=167.947..770.540 rows=1 loops=1)
  Filter: ((company_id = 183745) AND (company_type_id = 2))
  Rows Removed by Filter: 2609128
Planning time: 0.372 ms
Execution time: 770.625 ms
