Nested Loop  (cost=0.43..83071.67 rows=246 width=0) (actual time=8.269..1402.232 rows=642 loops=1)
  ->  Seq Scan on movie_keyword mk  (cost=0.00..81003.12 rows=246 width=4) (actual time=8.195..1376.683 rows=642 loops=1)
        Filter: (keyword_id = 79)
        Rows Removed by Filter: 4523288
  ->  Index Only Scan using title_pkey on title t  (cost=0.43..8.40 rows=1 width=4) (actual time=0.038..0.038 rows=1 loops=642)
        Index Cond: (id = mk.movie_id)
        Heap Fetches: 642
Planning time: 0.811 ms
Execution time: 1402.566 ms
