Seq Scan on movie_keyword mk  (cost=0.00..81003.12 rows=246 width=0) (actual time=2.086..1106.959 rows=467 loops=1)
  Filter: (keyword_id = 6230)
  Rows Removed by Filter: 4523463
Planning time: 0.375 ms
Execution time: 1107.243 ms
