Hash Join  (cost=100930.89..863693.96 rows=6020 width=0) (actual time=4167.926..15367.866 rows=5519 loops=1)
  Hash Cond: (ci.movie_id = t.id)
  ->  Seq Scan on cast_info ci  (cost=0.00..705507.15 rows=15252192 width=4) (actual time=2807.431..11288.123 rows=15395685 loops=1)
        Filter: (person_id > 2101010)
        Rows Removed by Filter: 20848659
  ->  Hash  (cost=100918.42..100918.42 rows=998 width=8) (actual time=1358.105..1358.105 rows=984 loops=1)
        Buckets: 1024  Batches: 1  Memory Usage: 47kB
        ->  Hash Join  (cost=73994.33..100918.42 rows=998 width=8) (actual time=1030.842..1357.815 rows=984 loops=1)
              Hash Cond: (mi_idx.movie_id = t.id)
              ->  Seq Scan on movie_info_idx mi_idx  (cost=0.00..25185.44 rows=460978 width=4) (actual time=0.034..260.570 rows=459925 loops=1)
                    Filter: (info_type_id < 100)
                    Rows Removed by Filter: 920110
              ->  Hash  (cost=73925.90..73925.90 rows=5474 width=4) (actual time=1030.519..1030.519 rows=7556 loops=1)
                    Buckets: 8192  Batches: 1  Memory Usage: 330kB
                    ->  Seq Scan on title t  (cost=0.00..73925.90 rows=5474 width=4) (actual time=0.186..1026.911 rows=7556 loops=1)
                          Filter: ((kind_id > 1) AND (production_year = 1959))
                          Rows Removed by Filter: 2520756
Planning time: 1.272 ms
Execution time: 15369.646 ms
