Hash Join  (cost=173584.60..907522.55 rows=205101 width=0) (actual time=12482.792..15180.161 rows=573399 loops=1)
  Hash Cond: (ci.movie_id = t.id)
  ->  Seq Scan on cast_info ci  (cost=0.00..705507.15 rows=2201810 width=4) (actual time=8458.061..10005.342 rows=2239797 loops=1)
        Filter: (person_id > 3624079)
        Rows Removed by Filter: 34004547
  ->  Hash  (cost=169719.41..169719.41 rows=235535 width=8) (actual time=4023.954..4023.954 rows=232665 loops=1)
        Buckets: 131072  Batches: 4  Memory Usage: 3304kB
        ->  Hash Join  (cost=102767.86..169719.41 rows=235535 width=8) (actual time=1767.186..3946.994 rows=232665 loops=1)
              Hash Cond: (mc.movie_id = t.id)
              ->  Seq Scan on movie_companies mc  (cost=0.00..51404.11 rows=235535 width=4) (actual time=0.017..753.885 rows=232665 loops=1)
                    Filter: (company_id < 93)
                    Rows Removed by Filter: 2376464
              ->  Hash  (cost=61283.27..61283.27 rows=2528527 width=4) (actual time=1765.238..1765.238 rows=2528312 loops=1)
                    Buckets: 131072  Batches: 64  Memory Usage: 2415kB
                    ->  Seq Scan on title t  (cost=0.00..61283.27 rows=2528527 width=4) (actual time=0.006..909.230 rows=2528312 loops=1)
Planning time: 1.830 ms
Execution time: 15249.311 ms
