Seq Scan on movie_companies mc  (cost=0.00..57926.93 rows=1304408 width=0) (actual time=29.806..1085.901 rows=1286519 loops=1)
  Filter: ((company_id < 192733) AND (company_type_id > 1))
  Rows Removed by Filter: 1322610
Planning time: 0.298 ms
Execution time: 1246.590 ms
