Hash Join  (cost=113884.82..478667.41 rows=12667 width=0) (actual time=7496.997..12888.688 rows=87 loops=1)
  Hash Cond: (mi.movie_id = t.id)
  ->  Seq Scan on movie_info mi  (cost=0.00..309384.22 rows=14739122 width=4) (actual time=0.018..3238.706 rows=14835720 loops=1)
  ->  Hash  (cost=113857.65..113857.65 rows=2173 width=8) (actual time=7217.838..7217.838 rows=7 loops=1)
        Buckets: 4096  Batches: 1  Memory Usage: 33kB
        ->  Nested Loop  (cost=0.43..113857.65 rows=2173 width=8) (actual time=2445.769..7217.821 rows=7 loops=1)
              ->  Seq Scan on movie_companies mc  (cost=0.00..57926.93 rows=8232 width=4) (actual time=4.664..824.033 rows=8081 loops=1)
                    Filter: ((company_type_id < 2) AND (company_id = 166))
                    Rows Removed by Filter: 2601048
              ->  Index Scan using title_pkey on title t  (cost=0.43..6.78 rows=1 width=4) (actual time=0.791..0.791 rows=0 loops=8081)
                    Index Cond: (id = mc.movie_id)
                    Filter: (kind_id < 2)
                    Rows Removed by Filter: 1
Planning time: 2.371 ms
Execution time: 12888.919 ms
