Seq Scan on movie_keyword mk  (cost=0.00..81003.12 rows=3905105 width=0) (actual time=0.025..1427.801 rows=3905550 loops=1)
  Filter: (keyword_id < 29508)
  Rows Removed by Filter: 618380
Planning time: 0.279 ms
Execution time: 1926.013 ms
