Hash Join  (cost=73949.29..128634.13 rows=1931 width=0) (actual time=879.121..1912.820 rows=4675 loops=1)
  Hash Cond: (mc.movie_id = t.id)
  ->  Seq Scan on movie_companies mc  (cost=0.00..44881.29 rows=2609129 width=4) (actual time=0.023..527.341 rows=2609129 loops=1)
  ->  Hash  (cost=73925.90..73925.90 rows=1871 width=4) (actual time=879.001..879.001 rows=2337 loops=1)
        Buckets: 4096 (originally 2048)  Batches: 1 (originally 1)  Memory Usage: 115kB
        ->  Seq Scan on title t  (cost=0.00..73925.90 rows=1871 width=4) (actual time=222.118..877.669 rows=2337 loops=1)
              Filter: ((kind_id = 2) AND (production_year = 2000))
              Rows Removed by Filter: 2525975
Planning time: 0.957 ms
Execution time: 1913.711 ms
