Hash Join  (cost=200176.18..343394.17 rows=1741395 width=0) (actual time=4465.125..13003.875 rows=23786044 loops=1)
  Hash Cond: (mk.movie_id = t.id)
  ->  Seq Scan on movie_keyword mk  (cost=0.00..69693.30 rows=4523930 width=4) (actual time=0.022..1320.114 rows=4523930 loops=1)
  ->  Hash  (cost=184207.87..184207.87 rows=973305 width=8) (actual time=4463.642..4463.642 rows=1099193 loops=1)
        Buckets: 131072  Batches: 16  Memory Usage: 3763kB
        ->  Hash Join  (cost=99161.12..184207.87 rows=973305 width=8) (actual time=2066.369..4126.623 rows=1099193 loops=1)
              Hash Cond: (mc.movie_id = t.id)
              ->  Seq Scan on movie_companies mc  (cost=0.00..51404.11 rows=1279517 width=4) (actual time=204.922..974.002 rows=1274246 loops=1)
                    Filter: (company_type_id = 1)
                    Rows Removed by Filter: 1334883
              ->  Hash  (cost=67604.59..67604.59 rows=1923403 width=4) (actual time=1860.282..1860.282 rows=1922849 loops=1)
                    Buckets: 131072  Batches: 32  Memory Usage: 3132kB
                    ->  Seq Scan on title t  (cost=0.00..67604.59 rows=1923403 width=4) (actual time=0.033..1252.016 rows=1922849 loops=1)
                          Filter: (production_year < 2010)
                          Rows Removed by Filter: 605463
Planning time: 7.794 ms
Execution time: 15639.922 ms
