Hash Join  (cost=102617.88..853558.33 rows=15127 width=0) (actual time=1886.737..18168.910 rows=19064 loops=1)
  Hash Cond: (ci.movie_id = t.id)
  ->  Seq Scan on cast_info ci  (cost=0.00..614943.12 rows=36225612 width=4) (actual time=0.021..9062.102 rows=36244344 loops=1)
  ->  Hash  (cost=102604.68..102604.68 rows=1056 width=8) (actual time=1886.628..1886.628 rows=1074 loops=1)
        Buckets: 2048  Batches: 1  Memory Usage: 58kB
        ->  Hash Join  (cost=73962.22..102604.68 rows=1056 width=8) (actual time=1231.863..1886.035 rows=1074 loops=1)
              Hash Cond: (mi_idx.movie_id = t.id)
              ->  Seq Scan on movie_info_idx mi_idx  (cost=0.00..25185.44 rows=919057 width=4) (actual time=0.014..503.106 rows=920110 loops=1)
                    Filter: (info_type_id > 99)
                    Rows Removed by Filter: 459925
              ->  Hash  (cost=73925.90..73925.90 rows=2905 width=4) (actual time=1231.245..1231.245 rows=2800 loops=1)
                    Buckets: 4096  Batches: 1  Memory Usage: 131kB
                    ->  Seq Scan on title t  (cost=0.00..73925.90 rows=2905 width=4) (actual time=0.227..1229.683 rows=2800 loops=1)
                          Filter: ((kind_id < 7) AND (production_year = 1929))
                          Rows Removed by Filter: 2525512
Planning time: 1.142 ms
Execution time: 18173.138 ms
