Hash Join  (cost=92735.26..629259.22 rows=5916680 width=0) (actual time=1739.160..14590.895 rows=5101951 loops=1)
  Hash Cond: (mi.movie_id = t.id)
  ->  Seq Scan on movie_info mi  (cost=0.00..346232.03 rows=9767026 width=4) (actual time=0.009..6209.799 rows=9911754 loops=1)
        Filter: (info_type_id > 4)
        Rows Removed by Filter: 4923966
  ->  Hash  (cost=67604.59..67604.59 rows=1531734 width=4) (actual time=1737.915..1737.915 rows=1531613 loops=1)
        Buckets: 131072  Batches: 32  Memory Usage: 2716kB
        ->  Seq Scan on title t  (cost=0.00..67604.59 rows=1531734 width=4) (actual time=0.015..1230.966 rows=1531613 loops=1)
              Filter: (production_year > 1997)
              Rows Removed by Filter: 996699
Planning time: 0.774 ms
Execution time: 15165.038 ms
