Hash Join  (cost=98137.04..1267331.32 rows=13348224 width=0) (actual time=1708.168..32030.123 rows=13951991 loops=1)
  Hash Cond: (ci.movie_id = t.id)
  ->  Seq Scan on cast_info ci  (cost=0.00..796071.18 rows=18136172 width=4) (actual time=0.015..15825.409 rows=19832016 loops=1)
        Filter: ((person_id < 2084780) AND (role_id < 10))
        Rows Removed by Filter: 16412328
  ->  Hash  (cost=67604.59..67604.59 rows=1860996 width=4) (actual time=1705.860..1705.860 rows=1865487 loops=1)
        Buckets: 131072  Batches: 32  Memory Usage: 3079kB
        ->  Seq Scan on title t  (cost=0.00..67604.59 rows=1860996 width=4) (actual time=0.025..1112.548 rows=1865487 loops=1)
              Filter: (kind_id > 1)
              Rows Removed by Filter: 662825
Planning time: 0.750 ms
Execution time: 33568.305 ms
