Hash Join  (cost=98137.04..187963.92 rows=898560 width=0) (actual time=1969.680..4176.627 rows=661172 loops=1)
  Hash Cond: (mc.movie_id = t.id)
  ->  Seq Scan on movie_companies mc  (cost=0.00..57926.93 rows=1220869 width=4) (actual time=188.249..1146.845 rows=1120254 loops=1)
        Filter: ((company_id < 109338) AND (company_type_id > 1))
        Rows Removed by Filter: 1488875
  ->  Hash  (cost=67604.59..67604.59 rows=1860996 width=4) (actual time=1780.523..1780.523 rows=1865487 loops=1)
        Buckets: 131072  Batches: 32  Memory Usage: 3079kB
        ->  Seq Scan on title t  (cost=0.00..67604.59 rows=1860996 width=4) (actual time=0.019..1171.305 rows=1865487 loops=1)
              Filter: (kind_id > 1)
              Rows Removed by Filter: 662825
Planning time: 0.673 ms
Execution time: 4252.913 ms
