Hash Join  (cost=217036.09..323648.70 rows=353995 width=146) (actual time=5635.956..10646.680 rows=5256302 loops=1)
  Hash Cond: (mc.movie_id = t.id)
  ->  Seq Scan on movie_companies mc  (cost=0.00..51404.11 rows=2338815 width=40) (actual time=0.017..1469.312 rows=2343124 loops=1)
        Filter: (company_id > 137)
        Rows Removed by Filter: 266005
  ->  Hash  (cost=205898.22..205898.22 rows=382709 width=106) (actual time=5635.130..5635.130 rows=598585 loops=1)
        Buckets: 32768 (originally 32768)  Batches: 32 (originally 16)  Memory Usage: 3841kB
        ->  Hash Join  (cost=87300.92..205898.22 rows=382709 width=106) (actual time=1990.228..5265.446 rows=598585 loops=1)
              Hash Cond: (mk.movie_id = t.id)
              ->  Seq Scan on movie_keyword mk  (cost=0.00..81003.12 rows=1964291 width=12) (actual time=0.014..1799.916 rows=1970461 loops=1)
                    Filter: (keyword_id < 3448)
                    Rows Removed by Filter: 2553469
              ->  Hash  (cost=73925.90..73925.90 rows=492641 width=94) (actual time=1987.644..1987.644 rows=420285 loops=1)
                    Buckets: 32768  Batches: 32  Memory Usage: 1728kB
                    ->  Seq Scan on title t  (cost=0.00..73925.90 rows=492641 width=94) (actual time=0.024..1509.719 rows=420285 loops=1)
                          Filter: ((kind_id < 7) AND (production_year > 2002))
                          Rows Removed by Filter: 2108027
Planning time: 1.453 ms
Execution time: 10900.273 ms
