Hash Join  (cost=102767.86..1008081.79 rows=4129400 width=0) (actual time=8855.074..19884.579 rows=4266300 loops=1)
  Hash Cond: (ci.movie_id = t.id)
  ->  Seq Scan on cast_info ci  (cost=0.00..796071.18 rows=4129400 width=4) (actual time=7023.677..14528.586 rows=4266300 loops=1)
        Filter: ((person_id > 153095) AND (role_id = 10))
        Rows Removed by Filter: 31978044
  ->  Hash  (cost=61283.27..61283.27 rows=2528527 width=4) (actual time=1829.251..1829.251 rows=2528312 loops=1)
        Buckets: 131072  Batches: 64  Memory Usage: 2415kB
        ->  Seq Scan on title t  (cost=0.00..61283.27 rows=2528527 width=4) (actual time=0.021..960.989 rows=2528312 loops=1)
Planning time: 0.722 ms
Execution time: 20342.118 ms
