Hash Join  (cost=69460.45..134043.58 rows=47437 width=0) (actual time=888.672..2239.851 rows=43253 loops=1)
  Hash Cond: (mc.movie_id = t.id)
  ->  Seq Scan on movie_companies mc  (cost=0.00..51404.11 rows=1060438 width=4) (actual time=0.032..934.735 rows=1070908 loops=1)
        Filter: (company_id > 14490)
        Rows Removed by Filter: 1538221
  ->  Hash  (cost=67604.59..67604.59 rows=113109 width=4) (actual time=887.874..887.874 rows=119565 loops=1)
        Buckets: 131072  Batches: 2  Memory Usage: 3115kB
        ->  Seq Scan on title t  (cost=0.00..67604.59 rows=113109 width=4) (actual time=0.011..844.469 rows=119565 loops=1)
              Filter: (production_year = 2007)
              Rows Removed by Filter: 2408747
Planning time: 0.768 ms
Execution time: 2246.697 ms
