Seq Scan on movie_keyword mk  (cost=0.00..81003.12 rows=1781158 width=0) (actual time=0.027..1436.381 rows=1783062 loops=1)
  Filter: (keyword_id > 7773)
  Rows Removed by Filter: 2740868
Planning time: 3.131 ms
Execution time: 1661.714 ms
