Hash Join  (cost=901957.37..1489535.30 rows=6646920 width=0) (actual time=18005.659..36614.260 rows=18560349 loops=1)
  Hash Cond: (mi.movie_id = t.id)
  ->  Seq Scan on movie_info mi  (cost=0.00..309384.22 rows=14739122 width=4) (actual time=0.012..5303.755 rows=14835720 loops=1)
  ->  Hash  (cost=883248.71..883248.71 rows=1140293 width=8) (actual time=18004.564..18004.564 rows=938221 loops=1)
        Buckets: 131072  Batches: 16  Memory Usage: 3331kB
        ->  Hash Join  (cost=80408.18..883248.71 rows=1140293 width=8) (actual time=8709.269..17739.282 rows=938221 loops=1)
              Hash Cond: (ci.movie_id = t.id)
              ->  Seq Scan on cast_info ci  (cost=0.00..705507.15 rows=7298253 width=4) (actual time=7451.205..12376.785 rows=7451973 loops=1)
                    Filter: (role_id = 2)
                    Rows Removed by Filter: 28792371
              ->  Hash  (cost=73925.90..73925.90 rows=395062 width=4) (actual time=1257.054..1257.054 rows=335993 loops=1)
                    Buckets: 131072  Batches: 8  Memory Usage: 2492kB
                    ->  Seq Scan on title t  (cost=0.00..73925.90 rows=395062 width=4) (actual time=0.036..1143.113 rows=335993 loops=1)
                          Filter: ((kind_id < 7) AND (production_year > 2005))
                          Rows Removed by Filter: 2192319
Planning time: 1.181 ms
Execution time: 38724.272 ms
