Seq Scan on movie_keyword mk  (cost=0.00..81003.12 rows=3789775 width=0) (actual time=0.019..1490.463 rows=3789018 loops=1)
  Filter: (keyword_id > 658)
  Rows Removed by Filter: 734912
Planning time: 0.304 ms
Execution time: 1961.162 ms
