Seq Scan on movie_companies mc  (cost=0.00..57926.93 rows=53 width=0) (actual time=370.088..834.120 rows=178 loops=1)
  Filter: ((company_type_id > 1) AND (company_id = 371))
  Rows Removed by Filter: 2608951
Planning time: 0.397 ms
Execution time: 834.266 ms
