Hash Join  (cost=174865.45..308762.85 rows=1175703 width=0) (actual time=3676.535..8191.810 rows=5019564 loops=1)
  Hash Cond: (mk.movie_id = t.id)
  ->  Seq Scan on movie_keyword mk  (cost=0.00..81003.12 rows=3248600 width=4) (actual time=0.013..1615.169 rows=3240934 loops=1)
        Filter: (keyword_id < 13781)
        Rows Removed by Filter: 1282996
  ->  Hash  (cost=159851.69..159851.69 rows=915101 width=8) (actual time=3675.625..3675.625 rows=919850 loops=1)
        Buckets: 131072  Batches: 16  Memory Usage: 3282kB
        ->  Hash Join  (cost=102767.86..159851.69 rows=915101 width=8) (actual time=1675.299..3385.228 rows=919850 loops=1)
              Hash Cond: (mi_idx.movie_id = t.id)
              ->  Seq Scan on movie_info_idx mi_idx  (cost=0.00..25185.44 rows=915101 width=4) (actual time=0.015..509.779 rows=919850 loops=1)
                    Filter: (info_type_id < 101)
                    Rows Removed by Filter: 460185
              ->  Hash  (cost=61283.27..61283.27 rows=2528527 width=4) (actual time=1673.746..1673.746 rows=2528312 loops=1)
                    Buckets: 131072  Batches: 64  Memory Usage: 2415kB
                    ->  Seq Scan on title t  (cost=0.00..61283.27 rows=2528527 width=4) (actual time=0.038..843.542 rows=2528312 loops=1)
Planning time: 1.139 ms
Execution time: 8808.029 ms
