Hash Join  (cost=112158.77..167418.82 rows=59453 width=0) (actual time=2278.997..4088.989 rows=490238 loops=1)
  Hash Cond: (mc.movie_id = t.id)
  ->  Seq Scan on movie_companies mc  (cost=0.00..44881.29 rows=2609129 width=4) (actual time=0.014..704.070 rows=2609129 loops=1)
  ->  Hash  (cost=111438.57..111438.57 rows=57616 width=8) (actual time=2278.625..2278.625 rows=132768 loops=1)
        Buckets: 131072 (originally 65536)  Batches: 2 (originally 1)  Memory Usage: 3622kB
        ->  Hash Join  (cost=79111.30..111438.57 rows=57616 width=8) (actual time=1436.726..2232.711 rows=132768 loops=1)
              Hash Cond: (mi_idx.movie_id = t.id)
              ->  Seq Scan on movie_info_idx mi_idx  (cost=0.00..25185.44 rows=460978 width=4) (actual time=0.026..478.941 rows=459925 loops=1)
                    Filter: (info_type_id = 99)
                    Rows Removed by Filter: 920110
              ->  Hash  (cost=73925.90..73925.90 rows=316032 width=4) (actual time=1435.991..1435.991 rows=400740 loops=1)
                    Buckets: 131072  Batches: 8  Memory Usage: 2793kB
                    ->  Seq Scan on title t  (cost=0.00..73925.90 rows=316032 width=4) (actual time=0.021..1318.454 rows=400740 loops=1)
                          Filter: ((production_year < 2003) AND (kind_id = 1))
                          Rows Removed by Filter: 2127572
Planning time: 1.181 ms
Execution time: 4144.908 ms
