Hash Join  (cost=212746.64..721901.28 rows=2750471 width=0) (actual time=4554.218..21757.899 rows=26319873 loops=1)
  Hash Cond: (mi.movie_id = t.id)
  ->  Seq Scan on movie_info mi  (cost=0.00..309384.22 rows=14739122 width=4) (actual time=0.014..4427.839 rows=14835720 loops=1)
  ->  Hash  (cost=205004.53..205004.53 rows=471849 width=8) (actual time=4553.241..4553.241 rows=468321 loops=1)
        Buckets: 131072  Batches: 8  Memory Usage: 3392kB
        ->  Hash Join  (cost=102767.86..205004.53 rows=471849 width=8) (actual time=2402.952..4403.375 rows=468321 loops=1)
              Hash Cond: (mk.movie_id = t.id)
              ->  Seq Scan on movie_keyword mk  (cost=0.00..81003.12 rows=471849 width=4) (actual time=0.025..1177.908 rows=468321 loops=1)
                    Filter: (keyword_id > 37990)
                    Rows Removed by Filter: 4055609
              ->  Hash  (cost=61283.27..61283.27 rows=2528527 width=4) (actual time=2400.109..2400.109 rows=2528312 loops=1)
                    Buckets: 131072  Batches: 64  Memory Usage: 2425kB
                    ->  Seq Scan on title t  (cost=0.00..61283.27 rows=2528527 width=4) (actual time=0.010..970.386 rows=2528312 loops=1)
Planning time: 1.158 ms
Execution time: 24513.129 ms
