Seq Scan on movie_companies mc  (cost=0.00..57926.93 rows=1297607 width=0) (actual time=0.018..1079.085 rows=1273084 loops=1)
  Filter: ((company_id < 182510) AND (company_type_id > 1))
  Rows Removed by Filter: 1336045
Planning time: 0.325 ms
Execution time: 1240.391 ms
