Seq Scan on cast_info ci  (cost=0.00..705507.15 rows=500 width=0) (actual time=5570.992..9883.303 rows=119 loops=1)
  Filter: (person_id = 1554501)
  Rows Removed by Filter: 36244225
Planning time: 0.718 ms
Execution time: 9883.437 ms
