Seq Scan on cast_info ci  (cost=0.00..796071.18 rows=10374641 width=0) (actual time=8922.718..14088.857 rows=7899202 loops=1)
  Filter: ((person_id > 639984) AND (role_id = 1))
  Rows Removed by Filter: 28345142
Planning time: 0.290 ms
Execution time: 15108.571 ms
