Hash Join  (cost=178288.07..314152.70 rows=1137760 width=0) (actual time=4368.927..6827.395 rows=826611 loops=1)
  Hash Cond: (mk.movie_id = t.id)
  ->  Seq Scan on movie_keyword mk  (cost=0.00..69693.30 rows=4523930 width=4) (actual time=0.013..1293.648 rows=4523930 loops=1)
  ->  Hash  (cost=167854.07..167854.07 rows=635920 width=8) (actual time=3533.897..3533.897 rows=266135 loops=1)
        Buckets: 131072  Batches: 16  Memory Usage: 1661kB
        ->  Hash Join  (cost=84037.34..167854.07 rows=635920 width=8) (actual time=1289.081..3468.054 rows=266135 loops=1)
              Hash Cond: (mc.movie_id = t.id)
              ->  Seq Scan on movie_companies mc  (cost=0.00..44881.29 rows=2609129 width=4) (actual time=0.027..811.630 rows=2609129 loops=1)
              ->  Hash  (cost=73925.90..73925.90 rows=616275 width=4) (actual time=1288.173..1288.173 rows=676927 loops=1)
                    Buckets: 131072  Batches: 16  Memory Usage: 2516kB
                    ->  Seq Scan on title t  (cost=0.00..73925.90 rows=616275 width=4) (actual time=191.035..1078.684 rows=676927 loops=1)
                          Filter: ((production_year > 2005) AND (kind_id = 7))
                          Rows Removed by Filter: 1851385
Planning time: 2.330 ms
Execution time: 6919.555 ms
