Hash Join  (cost=102767.86..213994.52 rows=845510 width=0) (actual time=1770.870..4659.271 rows=851421 loops=1)
  Hash Cond: (mk.movie_id = t.id)
  ->  Seq Scan on movie_keyword mk  (cost=0.00..81003.12 rows=845510 width=4) (actual time=0.016..1262.491 rows=851421 loops=1)
        Filter: (keyword_id > 21567)
        Rows Removed by Filter: 3672509
  ->  Hash  (cost=61283.27..61283.27 rows=2528527 width=4) (actual time=1769.946..1769.946 rows=2528312 loops=1)
        Buckets: 131072  Batches: 64  Memory Usage: 2425kB
        ->  Seq Scan on title t  (cost=0.00..61283.27 rows=2528527 width=4) (actual time=0.020..914.278 rows=2528312 loops=1)
Planning time: 0.739 ms
Execution time: 4744.006 ms
