Seq Scan on movie_keyword mk  (cost=0.00..81003.12 rows=1831036 width=0) (actual time=0.026..1292.567 rows=1839361 loops=1)
  Filter: (keyword_id < 3040)
  Rows Removed by Filter: 2684569
Planning time: 0.307 ms
Execution time: 1526.719 ms
