Hash Join  (cost=81206.46..120367.19 rows=161283 width=0) (actual time=1128.285..2241.983 rows=361998 loops=1)
  Hash Cond: (mi_idx.movie_id = t.id)
  ->  Seq Scan on movie_info_idx mi_idx  (cost=0.00..25185.44 rows=919057 width=4) (actual time=0.037..502.962 rows=920110 loops=1)
        Filter: (info_type_id > 99)
        Rows Removed by Filter: 459925
  ->  Hash  (cost=73925.90..73925.90 rows=443724 width=4) (actual time=1127.293..1127.293 rows=536860 loops=1)
        Buckets: 131072  Batches: 8  Memory Usage: 3395kB
        ->  Seq Scan on title t  (cost=0.00..73925.90 rows=443724 width=4) (actual time=0.019..975.684 rows=536860 loops=1)
              Filter: ((kind_id < 7) AND (production_year < 2002))
              Rows Removed by Filter: 1991452
Planning time: 0.849 ms
Execution time: 2287.319 ms
