Seq Scan on movie_companies mc  (cost=0.00..57926.93 rows=266361 width=0) (actual time=0.011..788.149 rows=140362 loops=1)
  Filter: ((company_id < 483) AND (company_type_id > 1))
  Rows Removed by Filter: 2468767
Planning time: 0.276 ms
Execution time: 806.328 ms
