Hash Join  (cost=130158.40..549456.02 rows=433960 width=0) (actual time=2581.738..9750.464 rows=462223 loops=1)
  Hash Cond: (mi.movie_id = t.id)
  ->  Seq Scan on movie_info mi  (cost=0.00..346232.03 rows=5880796 width=4) (actual time=0.008..5023.159 rows=5869026 loops=1)
        Filter: (info_type_id > 13)
        Rows Removed by Filter: 8966694
  ->  Hash  (cost=127097.07..127097.07 rows=186587 width=8) (actual time=2580.770..2580.770 rows=97166 loops=1)
        Buckets: 131072  Batches: 4  Memory Usage: 1972kB
        ->  Hash Join  (cost=90717.09..127097.07 rows=186587 width=8) (actual time=1847.151..2545.575 rows=97166 loops=1)
              Hash Cond: (mi_idx.movie_id = t.id)
              ->  Seq Scan on movie_info_idx mi_idx  (cost=0.00..25185.44 rows=460978 width=4) (actual time=0.020..444.143 rows=459925 loops=1)
                    Filter: (info_type_id < 100)
                    Rows Removed by Filter: 920110
              ->  Hash  (cost=73925.90..73925.90 rows=1023455 width=4) (actual time=1634.155..1634.155 rows=1117981 loops=1)
                    Buckets: 131072  Batches: 16  Memory Usage: 3489kB
                    ->  Seq Scan on title t  (cost=0.00..73925.90 rows=1023455 width=4) (actual time=266.958..1291.969 rows=1117981 loops=1)
                          Filter: ((production_year > 1993) AND (kind_id = 7))
                          Rows Removed by Filter: 1410331
Planning time: 1.257 ms
Execution time: 9792.987 ms
