Hash Join  (cost=181123.15..1331026.92 rows=8659458 width=0) (actual time=4293.805..38136.527 rows=17980822 loops=1)
  Hash Cond: (ci.movie_id = t.id)
  ->  Seq Scan on cast_info ci  (cost=0.00..705507.15 rows=30704010 width=4) (actual time=0.023..15063.173 rows=30804410 loops=1)
        Filter: (person_id > 524903)
        Rows Removed by Filter: 5439934
  ->  Hash  (cost=169423.14..169423.14 rows=713121 width=8) (actual time=4293.115..4293.115 rows=999022 loops=1)
        Buckets: 131072  Batches: 16  Memory Usage: 3471kB
        ->  Hash Join  (cost=79677.10..169423.14 rows=713121 width=8) (actual time=1315.013..3999.150 rows=999022 loops=1)
              Hash Cond: (mc.movie_id = t.id)
              ->  Seq Scan on movie_companies mc  (cost=0.00..51404.11 rows=2450590 width=4) (actual time=0.024..998.562 rows=2447019 loops=1)
                    Filter: (company_id > 27)
                    Rows Removed by Filter: 162110
              ->  Hash  (cost=67604.59..67604.59 rows=735801 width=4) (actual time=1313.971..1313.971 rows=730985 loops=1)
                    Buckets: 131072  Batches: 16  Memory Usage: 2631kB
                    ->  Seq Scan on title t  (cost=0.00..67604.59 rows=735801 width=4) (actual time=0.030..1074.619 rows=730985 loops=1)
                          Filter: (production_year < 1992)
                          Rows Removed by Filter: 1797327
Planning time: 1.154 ms
Execution time: 39899.214 ms
