Hash Join  (cost=76095.04..200978.83 rows=236475 width=0) (actual time=1251.946..4628.576 rows=1074585 loops=1)
  Hash Cond: (mk.movie_id = t.id)
  ->  Seq Scan on movie_keyword mk  (cost=0.00..69693.30 rows=4523930 width=4) (actual time=0.022..1470.609 rows=4523930 loops=1)
  ->  Hash  (cost=73925.90..73925.90 rows=132171 width=4) (actual time=1251.147..1251.147 rows=265354 loops=1)
        Buckets: 131072 (originally 131072)  Batches: 4 (originally 2)  Memory Usage: 3363kB
        ->  Seq Scan on title t  (cost=0.00..73925.90 rows=132171 width=4) (actual time=393.891..1146.914 rows=265354 loops=1)
              Filter: ((production_year < 1979) AND (kind_id = 1))
              Rows Removed by Filter: 2262958
Planning time: 0.789 ms
Execution time: 4756.318 ms
