Hash Join  (cost=73989.27..160737.99 rows=9069 width=0) (actual time=961.995..2602.937 rows=6765 loops=1)
  Hash Cond: (mk.movie_id = t.id)
  ->  Seq Scan on movie_keyword mk  (cost=0.00..69693.30 rows=4523930 width=4) (actual time=0.024..822.458 rows=4523930 loops=1)
  ->  Hash  (cost=73925.90..73925.90 rows=5069 width=4) (actual time=960.468..960.468 rows=4420 loops=1)
        Buckets: 8192  Batches: 1  Memory Usage: 220kB
        ->  Seq Scan on title t  (cost=0.00..73925.90 rows=5069 width=4) (actual time=0.175..958.183 rows=4420 loops=1)
              Filter: ((kind_id = 2) AND (production_year = 2010))
              Rows Removed by Filter: 2523892
Planning time: 0.733 ms
Execution time: 2603.964 ms
