Hash Join  (cost=67976.49..421211.96 rows=21306 width=0) (actual time=803.789..5155.024 rows=27092 loops=1)
  Hash Cond: (mi.movie_id = t.id)
  ->  Seq Scan on movie_info mi  (cost=0.00..346232.03 rows=1810770 width=4) (actual time=393.092..4350.591 rows=1865632 loops=1)
        Filter: (info_type_id > 17)
        Rows Removed by Filter: 12970088
  ->  Hash  (cost=67604.59..67604.59 rows=29752 width=4) (actual time=410.148..410.148 rows=30027 loops=1)
        Buckets: 32768  Batches: 1  Memory Usage: 1312kB
        ->  Seq Scan on title t  (cost=0.00..67604.59 rows=29752 width=4) (actual time=0.033..402.916 rows=30027 loops=1)
              Filter: (production_year = 1994)
              Rows Removed by Filter: 2498285
Planning time: 0.787 ms
Execution time: 5159.367 ms
