Hash Join  (cost=180602.61..1323537.17 rows=10623439 width=0) (actual time=4456.888..47373.507 rows=48451970 loops=1)
  Hash Cond: (ci.movie_id = t.id)
  ->  Seq Scan on cast_info ci  (cost=0.00..614943.12 rows=36225612 width=4) (actual time=0.024..12047.247 rows=36244344 loops=1)
  ->  Hash  (cost=168436.73..168436.73 rows=741510 width=8) (actual time=4455.781..4455.781 rows=1570844 loops=1)
        Buckets: 131072 (originally 131072)  Batches: 32 (originally 16)  Memory Usage: 3073kB
        ->  Hash Join  (cost=83810.17..168436.73 rows=741510 width=8) (actual time=1240.809..4022.209 rows=1570844 loops=1)
              Hash Cond: (mc.movie_id = t.id)
              ->  Seq Scan on movie_companies mc  (cost=0.00..51404.11 rows=1898226 width=4) (actual time=0.022..1007.418 rows=1908729 loops=1)
                    Filter: (company_id > 1302)
                    Rows Removed by Filter: 700400
              ->  Hash  (cost=67604.59..67604.59 rows=987727 width=4) (actual time=1239.958..1239.958 rows=985048 loops=1)
                    Buckets: 131072  Batches: 16  Memory Usage: 3188kB
                    ->  Seq Scan on title t  (cost=0.00..67604.59 rows=987727 width=4) (actual time=0.024..951.265 rows=985048 loops=1)
                          Filter: (kind_id < 7)
                          Rows Removed by Filter: 1543264
Planning time: 1.189 ms
Execution time: 52382.764 ms
