Seq Scan on movie_companies mc  (cost=0.00..57926.93 rows=176913 width=0) (actual time=0.028..829.032 rows=277324 loops=1)
  Filter: ((company_id < 181) AND (company_type_id = 1))
  Rows Removed by Filter: 2331805
Planning time: 0.349 ms
Execution time: 865.491 ms
