Hash Join  (cost=310732.87..1007333.83 rows=16864523 width=0) (actual time=7653.653..56284.475 rows=146617698 loops=1)
  Hash Cond: (mi.movie_id = t.id)
  ->  Seq Scan on movie_info mi  (cost=0.00..309384.22 rows=14739122 width=4) (actual time=0.019..6417.147 rows=14835720 loops=1)
  ->  Hash  (cost=263266.57..263266.57 rows=2893144 width=8) (actual time=7651.110..7651.110 rows=2881222 loops=1)
        Buckets: 131072  Batches: 64  Memory Usage: 2882kB
        ->  Hash Join  (cost=102767.86..263266.57 rows=2893144 width=8) (actual time=1938.056..6848.014 rows=2881222 loops=1)
              Hash Cond: (mk.movie_id = t.id)
              ->  Seq Scan on movie_keyword mk  (cost=0.00..81003.12 rows=2893144 width=4) (actual time=0.013..1710.927 rows=2881222 loops=1)
                    Filter: (keyword_id < 8996)
                    Rows Removed by Filter: 1642708
              ->  Hash  (cost=61283.27..61283.27 rows=2528527 width=4) (actual time=1937.007..1937.007 rows=2528312 loops=1)
                    Buckets: 131072  Batches: 64  Memory Usage: 2425kB
                    ->  Seq Scan on title t  (cost=0.00..61283.27 rows=2528527 width=4) (actual time=0.021..1066.071 rows=2528312 loops=1)
Planning time: 1.184 ms
Execution time: 72745.262 ms
