Seq Scan on movie_keyword mk  (cost=0.00..81003.12 rows=548358 width=0) (actual time=0.025..1212.188 rows=544115 loops=1)
  Filter: (keyword_id > 33772)
  Rows Removed by Filter: 3979815
Planning time: 0.336 ms
Execution time: 1283.477 ms
