Hash Join  (cost=58375.85..85286.62 rows=29 width=0) (actual time=739.669..1249.859 rows=2847 loops=1)
  Hash Cond: (mi_idx.movie_id = t.id)
  ->  Seq Scan on movie_info_idx mi_idx  (cost=0.00..21735.35 rows=1380035 width=4) (actual time=0.017..256.128 rows=1380035 loops=1)
  ->  Hash  (cost=58375.18..58375.18 rows=53 width=8) (actual time=738.657..738.657 rows=1048 loops=1)
        Buckets: 2048 (originally 1024)  Batches: 1 (originally 1)  Memory Usage: 57kB
        ->  Nested Loop  (cost=0.43..58375.18 rows=53 width=8) (actual time=86.847..738.042 rows=1048 loops=1)
              ->  Seq Scan on movie_companies mc  (cost=0.00..57926.93 rows=53 width=4) (actual time=86.777..700.284 rows=1048 loops=1)
                    Filter: ((company_id = 338) AND (company_type_id = 2))
                    Rows Removed by Filter: 2608081
              ->  Index Only Scan using title_pkey on title t  (cost=0.43..8.45 rows=1 width=4) (actual time=0.032..0.035 rows=1 loops=1048)
                    Index Cond: (id = mc.movie_id)
                    Heap Fetches: 1048
Planning time: 1.106 ms
Execution time: 1250.373 ms
