Seq Scan on movie_companies mc  (cost=0.00..51404.11 rows=104 width=0) (actual time=172.753..704.355 rows=9 loops=1)
  Filter: (company_id = 83987)
  Rows Removed by Filter: 2609120
Planning time: 0.375 ms
Execution time: 704.430 ms
