Seq Scan on movie_keyword mk  (cost=0.00..81003.12 rows=246 width=0) (actual time=1.133..1137.378 rows=217 loops=1)
  Filter: (keyword_id = 9174)
  Rows Removed by Filter: 4523713
Planning time: 0.239 ms
Execution time: 1137.616 ms
