Hash Join  (cost=148009.51..1193909.27 rows=1177460 width=0) (actual time=2746.216..31289.788 rows=5136156 loops=1)
  Hash Cond: (ci.movie_id = t.id)
  ->  Seq Scan on cast_info ci  (cost=0.00..614943.12 rows=36225612 width=4) (actual time=0.029..11892.706 rows=36244344 loops=1)
  ->  Hash  (cost=146660.18..146660.18 rows=82186 width=8) (actual time=2745.423..2745.423 rows=162520 loops=1)
        Buckets: 131072 (originally 131072)  Batches: 4 (originally 2)  Memory Usage: 3073kB
        ->  Hash Join  (cost=79814.01..146660.18 rows=82186 width=8) (actual time=1510.608..2688.564 rows=162520 loops=1)
              Hash Cond: (mc.movie_id = t.id)
              ->  Seq Scan on movie_companies mc  (cost=0.00..57926.93 rows=579036 width=4) (actual time=0.024..902.337 rows=311400 loops=1)
                    Filter: ((company_id > 12476) AND (company_type_id = 1))
                    Rows Removed by Filter: 2297729
              ->  Hash  (cost=73925.90..73925.90 rows=358888 width=4) (actual time=1509.704..1509.704 rows=447524 loops=1)
                    Buckets: 131072  Batches: 8  Memory Usage: 3002kB
                    ->  Seq Scan on title t  (cost=0.00..73925.90 rows=358888 width=4) (actual time=0.029..1160.324 rows=447524 loops=1)
                          Filter: ((kind_id < 3) AND (production_year < 2003))
                          Rows Removed by Filter: 2080788
Planning time: 1.202 ms
Execution time: 31929.839 ms
