Hash Join  (cost=70241.71..880573.91 rows=71036 width=0) (actual time=5286.526..11789.215 rows=108 loops=1)
  Hash Cond: (ci.movie_id = t.id)
  ->  Seq Scan on cast_info ci  (cost=0.00..796071.18 rows=1117510 width=4) (actual time=4262.218..10769.594 rows=1297 loops=1)
        Filter: ((person_id < 527576) AND (role_id = 2))
        Rows Removed by Filter: 36243047
  ->  Hash  (cost=67604.59..67604.59 rows=160730 width=4) (actual time=996.604..996.604 rows=160017 loops=1)
        Buckets: 131072  Batches: 4  Memory Usage: 2436kB
        ->  Seq Scan on title t  (cost=0.00..67604.59 rows=160730 width=4) (actual time=0.034..940.561 rows=160017 loops=1)
              Filter: (production_year = 2011)
              Rows Removed by Filter: 2368295
Planning time: 0.818 ms
Execution time: 11789.589 ms
