Hash Join  (cost=166545.68..1076853.26 rows=1646755 width=0) (actual time=3190.642..25599.147 rows=4219793 loops=1)
  Hash Cond: (ci.movie_id = t.id)
  ->  Seq Scan on cast_info ci  (cost=0.00..705507.15 rows=16201301 width=4) (actual time=0.015..14139.012 rows=16121683 loops=1)
        Filter: (role_id > 2)
        Rows Removed by Filter: 20122661
  ->  Hash  (cost=162329.08..162329.08 rows=257008 width=8) (actual time=3189.933..3189.933 rows=197086 loops=1)
        Buckets: 131072  Batches: 4  Memory Usage: 2942kB
        ->  Hash Join  (cost=96729.52..162329.08 rows=257008 width=8) (actual time=1794.288..3128.818 rows=197086 loops=1)
              Hash Cond: (mc.movie_id = t.id)
              ->  Seq Scan on movie_companies mc  (cost=0.00..51404.11 rows=366073 width=4) (actual time=0.023..792.486 rows=365397 loops=1)
                    Filter: (company_id < 191)
                    Rows Removed by Filter: 2243732
              ->  Hash  (cost=67604.59..67604.59 rows=1775195 width=4) (actual time=1793.316..1793.316 rows=1772072 loops=1)
                    Buckets: 131072  Batches: 32  Memory Usage: 2976kB
                    ->  Seq Scan on title t  (cost=0.00..67604.59 rows=1775195 width=4) (actual time=0.027..1230.770 rows=1772072 loops=1)
                          Filter: (production_year > 1989)
                          Rows Removed by Filter: 756240
Planning time: 1.164 ms
Execution time: 26110.492 ms
