Hash Join  (cost=466781.51..1565699.87 rows=6338620 width=0) (actual time=7813.684..42912.563 rows=13827659 loops=1)
  Hash Cond: (ci.movie_id = t.id)
  ->  Seq Scan on cast_info ci  (cost=0.00..614943.12 rows=36225612 width=4) (actual time=0.020..12113.463 rows=36244344 loops=1)
  ->  Hash  (cost=459522.11..459522.11 rows=442432 width=8) (actual time=7812.372..7812.372 rows=798489 loops=1)
        Buckets: 131072 (originally 131072)  Batches: 16 (originally 8)  Memory Usage: 3073kB
        ->  Hash Join  (cost=82776.67..459522.11 rows=442432 width=8) (actual time=1342.656..7570.147 rows=798489 loops=1)
              Hash Cond: (mi.movie_id = t.id)
              ->  Seq Scan on movie_info mi  (cost=0.00..346232.03 rows=2073893 width=4) (actual time=114.268..5005.844 rows=2091068 loops=1)
                    Filter: (info_type_id < 3)
                    Rows Removed by Filter: 12744652
              ->  Hash  (cost=73925.90..73925.90 rows=539421 width=4) (actual time=1227.516..1227.516 rows=459810 loops=1)
                    Buckets: 131072  Batches: 8  Memory Usage: 3048kB
                    ->  Seq Scan on title t  (cost=0.00..73925.90 rows=539421 width=4) (actual time=0.027..1076.974 rows=459810 loops=1)
                          Filter: ((kind_id < 7) AND (production_year > 2000))
                          Rows Removed by Filter: 2068502
Planning time: 1.212 ms
Execution time: 44483.815 ms
