Hash Join  (cost=153644.25..639748.47 rows=590229 width=0) (actual time=3569.288..18846.988 rows=10583135 loops=1)
  Hash Cond: (mi.movie_id = t.id)
  ->  Seq Scan on movie_info mi  (cost=0.00..309384.22 rows=14739122 width=4) (actual time=0.017..5619.743 rows=14835720 loops=1)
  ->  Hash  (cost=151982.57..151982.57 rows=101255 width=8) (actual time=3568.486..3568.486 rows=479404 loops=1)
        Buckets: 131072 (originally 131072)  Batches: 4 (originally 2)  Memory Usage: 5739kB
        ->  Hash Join  (cost=75536.49..151982.57 rows=101255 width=8) (actual time=1316.912..3433.321 rows=479404 loops=1)
              Hash Cond: (mc.movie_id = t.id)
              ->  Seq Scan on movie_companies mc  (cost=0.00..44881.29 rows=2609129 width=4) (actual time=0.024..892.632 rows=2609129 loops=1)
              ->  Hash  (cost=73925.90..73925.90 rows=98127 width=4) (actual time=1316.106..1316.106 rows=226456 loops=1)
                    Buckets: 131072 (originally 131072)  Batches: 4 (originally 2)  Memory Usage: 3073kB
                    ->  Seq Scan on title t  (cost=0.00..73925.90 rows=98127 width=4) (actual time=0.010..1233.557 rows=226456 loops=1)
                          Filter: ((production_year < 1970) AND (kind_id = 1))
                          Rows Removed by Filter: 2301856
Planning time: 1.227 ms
Execution time: 20172.053 ms
