Hash Join  (cost=83198.94..450241.98 rows=301350 width=0) (actual time=4520.558..7400.375 rows=596890 loops=1)
  Hash Cond: (mi.movie_id = t.id)
  ->  Seq Scan on movie_info mi  (cost=0.00..346232.03 rows=1348138 width=4) (actual time=2895.861..4848.703 rows=1298989 loops=1)
        Filter: (info_type_id = 4)
        Rows Removed by Filter: 13536731
  ->  Hash  (cost=73925.90..73925.90 rows=565203 width=4) (actual time=1623.465..1623.465 rows=641785 loops=1)
        Buckets: 131072  Batches: 8  Memory Usage: 3871kB
        ->  Seq Scan on title t  (cost=0.00..73925.90 rows=565203 width=4) (actual time=0.052..1104.298 rows=641785 loops=1)
              Filter: ((kind_id < 7) AND (production_year < 2006))
              Rows Removed by Filter: 1886527
Planning time: 0.699 ms
Execution time: 7463.865 ms
