Seq Scan on cast_info ci  (cost=0.00..796071.18 rows=3089061 width=0) (actual time=375.232..10574.144 rows=1914528 loops=1)
  Filter: ((person_id < 661183) AND (role_id > 2))
  Rows Removed by Filter: 34329816
Planning time: 0.411 ms
Execution time: 10800.574 ms
