Hash Join  (cost=325203.63..1598298.63 rows=22799770 width=0) (actual time=13963.523..47233.670 rows=67531714 loops=1)
  Hash Cond: (ci.movie_id = t.id)
  ->  Seq Scan on cast_info ci  (cost=0.00..796071.18 rows=16752495 width=4) (actual time=5024.730..15815.185 rows=15462145 loops=1)
        Filter: ((person_id > 1067150) AND (role_id < 4))
        Rows Removed by Filter: 20782199
  ->  Hash  (cost=268744.77..268744.77 rows=3441269 width=8) (actual time=8937.375..8937.375 rows=4024094 loops=1)
        Buckets: 131072  Batches: 64  Memory Usage: 3493kB
        ->  Hash Join  (cost=99161.12..268744.77 rows=3441269 width=8) (actual time=2564.205..7769.015 rows=4024094 loops=1)
              Hash Cond: (mk.movie_id = t.id)
              ->  Seq Scan on movie_keyword mk  (cost=0.00..69693.30 rows=4523930 width=4) (actual time=0.034..1459.841 rows=4523930 loops=1)
              ->  Hash  (cost=67604.59..67604.59 rows=1923403 width=4) (actual time=2562.766..2562.766 rows=1922849 loops=1)
                    Buckets: 131072  Batches: 32  Memory Usage: 3141kB
                    ->  Seq Scan on title t  (cost=0.00..67604.59 rows=1923403 width=4) (actual time=0.022..1185.295 rows=1922849 loops=1)
                          Filter: (production_year < 2010)
                          Rows Removed by Filter: 605463
Planning time: 1.196 ms
Execution time: 54101.670 ms
