Hash Join  (cost=84240.62..978801.31 rows=1699609 width=0) (actual time=10299.875..21167.290 rows=1622354 loops=1)
  Hash Cond: (ci.movie_id = t.id)
  ->  Seq Scan on cast_info ci  (cost=0.00..796071.18 rows=6835579 width=4) (actual time=9032.928..15539.913 rows=7451973 loops=1)
        Filter: ((person_id < 3605301) AND (role_id = 2))
        Rows Removed by Filter: 28792371
  ->  Hash  (cost=73925.90..73925.90 rows=628697 width=4) (actual time=1265.711..1265.711 rows=532584 loops=1)
        Buckets: 131072  Batches: 16  Memory Usage: 2188kB
        ->  Seq Scan on title t  (cost=0.00..73925.90 rows=628697 width=4) (actual time=0.015..1096.063 rows=532584 loops=1)
              Filter: ((kind_id < 7) AND (production_year > 1995))
              Rows Removed by Filter: 1995728
Planning time: 0.748 ms
Execution time: 21364.998 ms
