Hash Join  (cost=69687.24..432561.76 rows=67183 width=0) (actual time=4021.866..6352.982 rows=26720 loops=1)
  Hash Cond: (mi.movie_id = t.id)
  ->  Seq Scan on movie_info mi  (cost=0.00..346232.03 rows=1338312 width=4) (actual time=3020.416..4857.164 rows=1401902 loops=1)
        Filter: (info_type_id = 7)
        Rows Removed by Filter: 13433818
  ->  Hash  (cost=67604.59..67604.59 rows=126932 width=4) (actual time=998.643..998.643 rows=122861 loops=1)
        Buckets: 131072  Batches: 2  Memory Usage: 3197kB
        ->  Seq Scan on title t  (cost=0.00..67604.59 rows=126932 width=4) (actual time=0.029..951.655 rows=122861 loops=1)
              Filter: (production_year = 2008)
              Rows Removed by Filter: 2405451
Planning time: 1.469 ms
Execution time: 6357.118 ms
