Hash Join  (cost=204469.99..1320359.30 rows=3447847 width=0) (actual time=4409.899..34337.458 rows=9517019 loops=1)
  Hash Cond: (ci.movie_id = t.id)
  ->  Seq Scan on cast_info ci  (cost=0.00..796071.18 rows=22150334 width=4) (actual time=0.016..17604.688 rows=22998777 loops=1)
        Filter: ((person_id > 198300) AND (role_id > 1))
        Rows Removed by Filter: 13245567
  ->  Hash  (cost=198012.22..198012.22 rows=393582 width=8) (actual time=4408.867..4408.867 rows=685297 loops=1)
        Buckets: 131072 (originally 131072)  Batches: 16 (originally 8)  Memory Usage: 3073kB
        ->  Hash Join  (cost=71214.36..198012.22 rows=393582 width=8) (actual time=1116.925..4211.041 rows=685297 loops=1)
              Hash Cond: (mk.movie_id = t.id)
              ->  Seq Scan on movie_keyword mk  (cost=0.00..69693.30 rows=4523930 width=4) (actual time=0.020..1310.980 rows=4523930 loops=1)
              ->  Hash  (cost=67604.59..67604.59 rows=219982 width=4) (actual time=1116.015..1116.015 rows=221115 loops=1)
                    Buckets: 131072  Batches: 4  Memory Usage: 2973kB
                    ->  Seq Scan on title t  (cost=0.00..67604.59 rows=219982 width=4) (actual time=0.059..1037.516 rows=221115 loops=1)
                          Filter: (production_year < 1958)
                          Rows Removed by Filter: 2307197
Planning time: 1.118 ms
Execution time: 35339.890 ms
