Hash Join  (cost=83073.74..137740.46 rows=120 width=0) (actual time=1299.083..2199.125 rows=14 loops=1)
  Hash Cond: (mc.movie_id = t.id)
  ->  Seq Scan on movie_companies mc  (cost=0.00..44881.29 rows=2609129 width=4) (actual time=0.025..601.053 rows=2609129 loops=1)
  ->  Hash  (cost=83072.29..83072.29 rows=116 width=8) (actual time=1132.998..1132.998 rows=2 loops=1)
        Buckets: 1024  Batches: 1  Memory Usage: 9kB
        ->  Nested Loop  (cost=0.43..83072.29 rows=116 width=8) (actual time=530.886..1132.976 rows=2 loops=1)
              ->  Seq Scan on movie_keyword mk  (cost=0.00..81003.12 rows=246 width=4) (actual time=159.636..1132.676 rows=6 loops=1)
                    Filter: (keyword_id = 5250)
                    Rows Removed by Filter: 4523924
              ->  Index Scan using title_pkey on title t  (cost=0.43..8.40 rows=1 width=4) (actual time=0.043..0.044 rows=0 loops=6)
                    Index Cond: (id = mk.movie_id)
                    Filter: (production_year < 2003)
                    Rows Removed by Filter: 1
Planning time: 1.135 ms
Execution time: 2199.245 ms
