Hash Join  (cost=140722.80..1003319.81 rows=1479184 width=0) (actual time=2732.281..21988.713 rows=2290207 loops=1)
  Hash Cond: (ci.movie_id = t.id)
  ->  Seq Scan on cast_info ci  (cost=0.00..705507.15 rows=12203201 width=4) (actual time=0.020..13195.521 rows=12113646 loops=1)
        Filter: (role_id > 3)
        Rows Removed by Filter: 24130698
  ->  Hash  (cost=135693.68..135693.68 rows=306490 width=8) (actual time=2731.226..2731.226 rows=175310 loops=1)
        Buckets: 131072  Batches: 8  Memory Usage: 1881kB
        ->  Hash Join  (cost=94973.51..135693.68 rows=306490 width=8) (actual time=1624.155..2674.001 rows=175310 loops=1)
              Hash Cond: (mi_idx.movie_id = t.id)
              ->  Seq Scan on movie_info_idx mi_idx  (cost=0.00..25185.44 rows=464566 width=4) (actual time=0.025..462.954 rows=459925 loops=1)
                    Filter: (info_type_id = 101)
                    Rows Removed by Filter: 920110
              ->  Hash  (cost=67604.59..67604.59 rows=1668154 width=4) (actual time=1622.492..1622.492 rows=1674098 loops=1)
                    Buckets: 131072  Batches: 32  Memory Usage: 2869kB
                    ->  Seq Scan on title t  (cost=0.00..67604.59 rows=1668154 width=4) (actual time=0.014..1087.975 rows=1674098 loops=1)
                          Filter: (kind_id > 3)
                          Rows Removed by Filter: 854214
Planning time: 1.228 ms
Execution time: 22269.480 ms
