Hash Join  (cost=114053.05..169459.09 rows=74051 width=0) (actual time=1892.952..3061.043 rows=92451 loops=1)
  Hash Cond: (mc.movie_id = t.id)
  ->  Seq Scan on movie_companies mc  (cost=0.00..44881.29 rows=2609129 width=4) (actual time=0.013..513.042 rows=2609129 loops=1)
  ->  Hash  (cost=113156.01..113156.01 rows=71763 width=8) (actual time=1892.243..1892.243 rows=37696 loops=1)
        Buckets: 131072  Batches: 1  Memory Usage: 2497kB
        ->  Hash Join  (cost=80384.28..113156.01 rows=71763 width=8) (actual time=1127.067..1876.860 rows=37696 loops=1)
              Hash Cond: (mi_idx.movie_id = t.id)
              ->  Seq Scan on movie_info_idx mi_idx  (cost=0.00..25185.44 rows=460978 width=4) (actual time=0.010..462.537 rows=459925 loops=1)
                    Filter: (info_type_id = 99)
                    Rows Removed by Filter: 920110
              ->  Hash  (cost=73925.90..73925.90 rows=393630 width=4) (actual time=1125.848..1125.848 rows=401187 loops=1)
                    Buckets: 131072  Batches: 8  Memory Usage: 2794kB
                    ->  Seq Scan on title t  (cost=0.00..73925.90 rows=393630 width=4) (actual time=0.024..1005.131 rows=401187 loops=1)
                          Filter: ((kind_id > 1) AND (production_year > 2009))
                          Rows Removed by Filter: 2127125
Planning time: 1.024 ms
Execution time: 3073.797 ms
