Hash Join  (cost=226432.98..313006.24 rows=835874 width=0) (actual time=4965.400..8670.266 rows=6557256 loops=1)
  Hash Cond: (mc.movie_id = t.id)
  ->  Seq Scan on movie_companies mc  (cost=0.00..44881.29 rows=2609129 width=4) (actual time=0.022..863.037 rows=2609129 loops=1)
  ->  Hash  (cost=213142.33..213142.33 rows=810052 width=8) (actual time=4933.366..4933.366 rows=812748 loops=1)
        Buckets: 131072  Batches: 16  Memory Usage: 3049kB
        ->  Hash Join  (cost=102767.86..213142.33 rows=810052 width=8) (actual time=1819.344..4719.449 rows=812748 loops=1)
              Hash Cond: (mk.movie_id = t.id)
              ->  Seq Scan on movie_keyword mk  (cost=0.00..81003.12 rows=810052 width=4) (actual time=0.020..1325.232 rows=812748 loops=1)
                    Filter: (keyword_id > 22549)
                    Rows Removed by Filter: 3711182
              ->  Hash  (cost=61283.27..61283.27 rows=2528527 width=4) (actual time=1818.425..1818.425 rows=2528312 loops=1)
                    Buckets: 131072  Batches: 64  Memory Usage: 2425kB
                    ->  Seq Scan on title t  (cost=0.00..61283.27 rows=2528527 width=4) (actual time=0.021..937.976 rows=2528312 loops=1)
Planning time: 1.096 ms
Execution time: 9436.534 ms
