Seq Scan on movie_companies mc  (cost=0.00..57926.93 rows=565446 width=0) (actual time=196.537..843.128 rows=289039 loops=1)
  Filter: ((company_id > 12959) AND (company_type_id = 1))
  Rows Removed by Filter: 2320090
Planning time: 0.375 ms
Execution time: 880.826 ms
