Hash Join  (cost=83073.49..141121.29 rows=67 width=0) (actual time=1381.385..2394.108 rows=2847 loops=1)
  Hash Cond: (mc.movie_id = t.id)
  ->  Seq Scan on movie_companies mc  (cost=0.00..51404.11 rows=1771472 width=4) (actual time=0.027..894.958 rows=1761912 loops=1)
        Filter: (company_id < 25531)
        Rows Removed by Filter: 847217
  ->  Hash  (cost=83072.29..83072.29 rows=96 width=8) (actual time=1250.952..1250.952 rows=243 loops=1)
        Buckets: 1024  Batches: 1  Memory Usage: 18kB
        ->  Nested Loop  (cost=0.43..83072.29 rows=96 width=8) (actual time=0.827..1250.709 rows=243 loops=1)
              ->  Seq Scan on movie_keyword mk  (cost=0.00..81003.12 rows=246 width=4) (actual time=0.790..1238.658 rows=318 loops=1)
                    Filter: (keyword_id = 4717)
                    Rows Removed by Filter: 4523612
              ->  Index Scan using title_pkey on title t  (cost=0.43..8.40 rows=1 width=4) (actual time=0.035..0.035 rows=1 loops=318)
                    Index Cond: (id = mk.movie_id)
                    Filter: (kind_id < 7)
                    Rows Removed by Filter: 0
Planning time: 1.258 ms
Execution time: 2394.700 ms
