Seq Scan on cast_info ci  (cost=0.00..705507.15 rows=32647694 width=0) (actual time=0.036..12432.551 rows=32789338 loops=1)
  Filter: (person_id > 331917)
  Rows Removed by Filter: 3455006
Planning time: 0.327 ms
Execution time: 16589.582 ms
