Hash Join  (cost=102767.86..259544.71 rows=2738445 width=0) (actual time=1887.112..5913.531 rows=2728123 loops=1)
  Hash Cond: (mk.movie_id = t.id)
  ->  Seq Scan on movie_keyword mk  (cost=0.00..81003.12 rows=2738445 width=4) (actual time=0.024..1652.157 rows=2728123 loops=1)
        Filter: (keyword_id > 2901)
        Rows Removed by Filter: 1795807
  ->  Hash  (cost=61283.27..61283.27 rows=2528527 width=4) (actual time=1885.936..1885.936 rows=2528312 loops=1)
        Buckets: 131072  Batches: 64  Memory Usage: 2425kB
        ->  Seq Scan on title t  (cost=0.00..61283.27 rows=2528527 width=4) (actual time=0.031..1019.913 rows=2528312 loops=1)
Planning time: 0.748 ms
Execution time: 6224.200 ms
