Hash Join  (cost=66230.47..430928.66 rows=4226 width=0) (actual time=789.762..7657.081 rows=30431 loops=1)
  Hash Cond: (mi.movie_id = t.id)
  ->  Seq Scan on movie_info mi  (cost=0.00..309384.22 rows=14739122 width=4) (actual time=0.030..3945.441 rows=14835720 loops=1)
  ->  Hash  (cost=66221.41..66221.41 rows=725 width=8) (actual time=789.529..789.529 rows=2189 loops=1)
        Buckets: 4096 (originally 1024)  Batches: 1 (originally 1)  Memory Usage: 118kB
        ->  Nested Loop  (cost=0.43..66221.41 rows=725 width=8) (actual time=0.712..788.225 rows=2189 loops=1)
              ->  Seq Scan on movie_companies mc  (cost=0.00..51404.11 rows=1855 width=4) (actual time=0.668..703.073 rows=4712 loops=1)
                    Filter: (company_id < 6)
                    Rows Removed by Filter: 2604417
              ->  Index Scan using title_pkey on title t  (cost=0.43..7.98 rows=1 width=4) (actual time=0.017..0.017 rows=0 loops=4712)
                    Index Cond: (id = mc.movie_id)
                    Filter: (kind_id < 7)
                    Rows Removed by Filter: 1
Planning time: 1.213 ms
Execution time: 7662.742 ms
