Hash Join  (cost=363614.83..1488864.94 rows=16274332 width=0) (actual time=12839.075..47519.561 rows=73417401 loops=1)
  Hash Cond: (ci.movie_id = t.id)
  ->  Seq Scan on cast_info ci  (cost=0.00..796071.18 rows=9797815 width=4) (actual time=4819.187..15438.407 rows=12670688 loops=1)
        Filter: ((person_id < 2853461) AND (role_id = 1))
        Rows Removed by Filter: 23573656
  ->  Hash  (cost=294709.76..294709.76 rows=4199925 width=8) (actual time=8018.058..8018.058 rows=4178571 loops=1)
        Buckets: 131072  Batches: 64  Memory Usage: 3602kB
        ->  Hash Join  (cost=102767.86..294709.76 rows=4199925 width=8) (actual time=1990.349..6930.690 rows=4178571 loops=1)
              Hash Cond: (mk.movie_id = t.id)
              ->  Seq Scan on movie_keyword mk  (cost=0.00..81003.12 rows=4199925 width=4) (actual time=0.041..1680.200 rows=4178571 loops=1)
                    Filter: (keyword_id > 286)
                    Rows Removed by Filter: 345359
              ->  Hash  (cost=61283.27..61283.27 rows=2528527 width=4) (actual time=1989.329..1989.329 rows=2528312 loops=1)
                    Buckets: 131072  Batches: 64  Memory Usage: 2425kB
                    ->  Seq Scan on title t  (cost=0.00..61283.27 rows=2528527 width=4) (actual time=0.020..1017.408 rows=2528312 loops=1)
Planning time: 1.593 ms
Execution time: 55240.536 ms
