Hash Join  (cost=74329.67..131938.33 rows=20440 width=0) (actual time=977.566..2143.613 rows=3705 loops=1)
  Hash Cond: (mc.movie_id = t.id)
  ->  Seq Scan on movie_companies mc  (cost=0.00..51404.11 rows=1600040 width=4) (actual time=0.021..895.631 rows=1590807 loops=1)
        Filter: (company_id < 16067)
        Rows Removed by Filter: 1018322
  ->  Hash  (cost=73925.90..73925.90 rows=32301 width=4) (actual time=977.258..977.258 rows=5892 loops=1)
        Buckets: 32768  Batches: 1  Memory Usage: 464kB
        ->  Seq Scan on title t  (cost=0.00..73925.90 rows=32301 width=4) (actual time=462.053..974.547 rows=5892 loops=1)
              Filter: ((production_year < 1991) AND (kind_id = 4))
              Rows Removed by Filter: 2522420
Planning time: 0.782 ms
Execution time: 2144.558 ms
