Hash Join  (cost=83810.17..1216644.85 rows=10693812 width=0) (actual time=1690.300..31731.595 rows=11101385 loops=1)
  Hash Cond: (ci.movie_id = t.id)
  ->  Seq Scan on cast_info ci  (cost=0.00..705507.15 rows=27375574 width=4) (actual time=475.550..14274.347 rows=27510383 loops=1)
        Filter: (person_id > 860079)
        Rows Removed by Filter: 8733961
  ->  Hash  (cost=67604.59..67604.59 rows=987727 width=4) (actual time=1213.854..1213.854 rows=985048 loops=1)
        Buckets: 131072  Batches: 16  Memory Usage: 3188kB
        ->  Seq Scan on title t  (cost=0.00..67604.59 rows=987727 width=4) (actual time=0.028..912.203 rows=985048 loops=1)
              Filter: (kind_id < 7)
              Rows Removed by Filter: 1543264
Planning time: 0.730 ms
Execution time: 32904.242 ms
