Seq Scan on cast_info ci  (cost=0.00..796071.18 rows=460464 width=0) (actual time=262.063..9621.164 rows=154853 loops=1)
  Filter: ((person_id < 64451) AND (role_id > 1))
  Rows Removed by Filter: 36089491
Planning time: 0.384 ms
Execution time: 9641.689 ms
