Hash Join  (cost=93117.31..1348333.29 rows=17631108 width=0) (actual time=1644.161..40511.229 rows=17578199 loops=1)
  Hash Cond: (ci.movie_id = t.id)
  ->  Seq Scan on cast_info ci  (cost=0.00..705507.15 rows=28668949 width=4) (actual time=0.018..15660.659 rows=28808107 loops=1)
        Filter: (role_id < 8)
        Rows Removed by Filter: 7436237
  ->  Hash  (cost=67604.59..67604.59 rows=1555018 width=4) (actual time=1643.317..1643.317 rows=1551727 loops=1)
        Buckets: 131072  Batches: 32  Memory Usage: 2728kB
        ->  Seq Scan on title t  (cost=0.00..67604.59 rows=1555018 width=4) (actual time=0.024..1134.862 rows=1551727 loops=1)
              Filter: (production_year < 2007)
              Rows Removed by Filter: 976585
Planning time: 0.776 ms
Execution time: 42595.502 ms
