Hash Join  (cost=83072.49..447729.34 rows=93 width=0) (actual time=1307.247..7795.077 rows=1394 loops=1)
  Hash Cond: (mi.movie_id = t.id)
  ->  Seq Scan on movie_info mi  (cost=0.00..309384.22 rows=14739122 width=4) (actual time=0.022..3902.027 rows=14835720 loops=1)
  ->  Hash  (cost=83072.29..83072.29 rows=16 width=8) (actual time=1273.705..1273.705 rows=9 loops=1)
        Buckets: 1024  Batches: 1  Memory Usage: 9kB
        ->  Nested Loop  (cost=0.43..83072.29 rows=16 width=8) (actual time=126.500..1273.671 rows=9 loops=1)
              ->  Seq Scan on movie_keyword mk  (cost=0.00..81003.12 rows=246 width=4) (actual time=0.993..1254.569 rows=553 loops=1)
                    Filter: (keyword_id = 4001)
                    Rows Removed by Filter: 4523377
              ->  Index Scan using title_pkey on title t  (cost=0.43..8.40 rows=1 width=4) (actual time=0.033..0.033 rows=0 loops=553)
                    Index Cond: (id = mk.movie_id)
                    Filter: (production_year = 2012)
                    Rows Removed by Filter: 1
Planning time: 1.344 ms
Execution time: 7795.527 ms
