Hash Join  (cost=104818.80..148757.65 rows=407379 width=0) (actual time=1892.557..3104.275 rows=425438 loops=1)
  Hash Cond: (mi_idx.movie_id = t.id)
  ->  Seq Scan on movie_info_idx mi_idx  (cost=0.00..25185.44 rows=454124 width=4) (actual time=0.019..419.549 rows=459925 loops=1)
        Filter: (info_type_id = 100)
        Rows Removed by Filter: 920110
  ->  Hash  (cost=67604.59..67604.59 rows=2268257 width=4) (actual time=1891.082..1891.082 rows=2261229 loops=1)
        Buckets: 131072  Batches: 32  Memory Usage: 3511kB
        ->  Seq Scan on title t  (cost=0.00..67604.59 rows=2268257 width=4) (actual time=0.017..1206.551 rows=2261229 loops=1)
              Filter: (production_year > 1954)
              Rows Removed by Filter: 267083
Planning time: 1.387 ms
Execution time: 3155.407 ms
