Seq Scan on cast_info ci  (cost=0.00..796071.18 rows=3764409 width=0) (actual time=2655.221..10008.639 rows=1582944 loops=1)
  Filter: ((person_id < 553945) AND (role_id > 1))
  Rows Removed by Filter: 34661400
Planning time: 0.545 ms
Execution time: 10187.787 ms
