Hash Join  (cost=135643.91..1227078.69 rows=5610162 width=0) (actual time=3137.102..34672.392 rows=13072253 loops=1)
  Hash Cond: (ci.movie_id = t.id)
  ->  Seq Scan on cast_info ci  (cost=0.00..614943.12 rows=36225612 width=4) (actual time=0.025..11618.724 rows=36244344 loops=1)
  ->  Hash  (cost=129219.09..129219.09 rows=391586 width=8) (actual time=3136.214..3136.214 rows=477288 loops=1)
        Buckets: 131072  Batches: 8  Memory Usage: 3369kB
        ->  Hash Join  (cost=85280.32..129219.09 rows=391586 width=8) (actual time=1756.997..3004.457 rows=477288 loops=1)
              Hash Cond: (mi_idx.movie_id = t.id)
              ->  Seq Scan on movie_info_idx mi_idx  (cost=0.00..25185.44 rows=919057 width=4) (actual time=0.027..496.645 rows=920110 loops=1)
                    Filter: (info_type_id > 99)
                    Rows Removed by Filter: 459925
              ->  Hash  (cost=67604.59..67604.59 rows=1077339 width=4) (actual time=1755.876..1755.876 rows=1074765 loops=1)
                    Buckets: 131072  Batches: 16  Memory Usage: 3388kB
                    ->  Seq Scan on title t  (cost=0.00..67604.59 rows=1077339 width=4) (actual time=0.021..1083.828 rows=1074765 loops=1)
                          Filter: (production_year < 2001)
                          Rows Removed by Filter: 1453547
Planning time: 1.160 ms
Execution time: 36136.164 ms
