Seq Scan on movie_keyword mk  (cost=0.00..81003.12 rows=1907728 width=0) (actual time=0.020..1427.101 rows=1918369 loops=1)
  Filter: (keyword_id > 7054)
  Rows Removed by Filter: 2605561
Planning time: 0.342 ms
Execution time: 1663.900 ms
