Seq Scan on movie_keyword mk  (cost=0.00..81003.12 rows=1203757 width=0) (actual time=0.010..1290.747 rows=1213012 loops=1)
  Filter: (keyword_id > 15078)
  Rows Removed by Filter: 3310918
Planning time: 0.226 ms
Execution time: 1444.190 ms
