Hash Join  (cost=100963.93..187646.32 rows=2435 width=0) (actual time=1629.735..3028.253 rows=1829 loops=1)
  Hash Cond: (mk.movie_id = t.id)
  ->  Seq Scan on movie_keyword mk  (cost=0.00..69693.30 rows=4523930 width=4) (actual time=0.019..730.997 rows=4523930 loops=1)
  ->  Hash  (cost=100946.92..100946.92 rows=1361 width=8) (actual time=1602.935..1602.935 rows=448 loops=1)
        Buckets: 2048  Batches: 1  Memory Usage: 34kB
        ->  Hash Join  (cost=74019.21..100946.92 rows=1361 width=8) (actual time=1087.361..1602.643 rows=448 loops=1)
              Hash Cond: (mi_idx.movie_id = t.id)
              ->  Seq Scan on movie_info_idx mi_idx  (cost=0.00..25185.44 rows=460978 width=4) (actual time=0.015..432.747 rows=459925 loops=1)
                    Filter: (info_type_id = 99)
                    Rows Removed by Filter: 920110
              ->  Hash  (cost=73925.90..73925.90 rows=7464 width=4) (actual time=1086.948..1086.948 rows=5186 loops=1)
                    Buckets: 8192  Batches: 1  Memory Usage: 247kB
                    ->  Seq Scan on title t  (cost=0.00..73925.90 rows=7464 width=4) (actual time=0.049..1084.557 rows=5186 loops=1)
                          Filter: ((kind_id = 4) AND (production_year = 2012))
                          Rows Removed by Filter: 2523126
Planning time: 1.234 ms
Execution time: 3028.630 ms
