Hash Join  (cost=82008.92..192655.14 rows=399699 width=0) (actual time=1240.328..4451.303 rows=630940 loops=1)
  Hash Cond: (mk.movie_id = t.id)
  ->  Seq Scan on movie_keyword mk  (cost=0.00..81003.12 rows=2051495 width=4) (actual time=0.014..1440.141 rows=2059636 loops=1)
        Filter: (keyword_id < 3662)
        Rows Removed by Filter: 2464294
  ->  Hash  (cost=73925.90..73925.90 rows=492641 width=4) (actual time=1238.103..1238.103 rows=420285 loops=1)
        Buckets: 131072  Batches: 8  Memory Usage: 2876kB
        ->  Seq Scan on title t  (cost=0.00..73925.90 rows=492641 width=4) (actual time=0.016..1100.341 rows=420285 loops=1)
              Filter: ((kind_id < 7) AND (production_year > 2002))
              Rows Removed by Filter: 2108027
Planning time: 0.880 ms
Execution time: 4520.901 ms
