Hash Join  (cost=200188.85..705880.18 rows=2425938 width=0) (actual time=3693.760..16785.003 rows=2313473 loops=1)
  Hash Cond: (mi.movie_id = t.id)
  ->  Seq Scan on movie_info mi  (cost=0.00..309384.22 rows=14739122 width=4) (actual time=0.020..5149.761 rows=14835720 loops=1)
  ->  Hash  (cost=193360.66..193360.66 rows=416175 width=8) (actual time=3692.810..3692.810 rows=147953 loops=1)
        Buckets: 131072  Batches: 8  Memory Usage: 1733kB
        ->  Hash Join  (cost=82261.55..193360.66 rows=416175 width=8) (actual time=1251.730..3644.949 rows=147953 loops=1)
              Hash Cond: (mk.movie_id = t.id)
              ->  Seq Scan on movie_keyword mk  (cost=0.00..81003.12 rows=2071262 width=4) (actual time=0.010..1447.466 rows=2083645 loops=1)
                    Filter: (keyword_id < 3710)
                    Rows Removed by Filter: 2440285
              ->  Hash  (cost=73925.90..73925.90 rows=508052 width=4) (actual time=1246.110..1246.110 rows=368581 loops=1)
                    Buckets: 131072  Batches: 8  Memory Usage: 2640kB
                    ->  Seq Scan on title t  (cost=0.00..73925.90 rows=508052 width=4) (actual time=0.022..1121.641 rows=368581 loops=1)
                          Filter: ((kind_id > 1) AND (production_year < 1990))
                          Rows Removed by Filter: 2159731
Planning time: 4.125 ms
Execution time: 17039.766 ms
