Hash Join  (cost=340060.63..1097540.28 rows=20843405 width=0) (actual time=7896.537..67100.694 rows=196654801 loops=1)
  Hash Cond: (mi.movie_id = t.id)
  ->  Seq Scan on movie_info mi  (cost=0.00..309384.22 rows=14739122 width=4) (actual time=0.019..5519.522 rows=14835720 loops=1)
  ->  Hash  (cost=281396.02..281396.02 rows=3575729 width=8) (actual time=7894.914..7894.914 rows=3743527 loops=1)
        Buckets: 131072  Batches: 64  Memory Usage: 3409kB
        ->  Hash Join  (cost=106156.11..281396.02 rows=3575729 width=8) (actual time=1887.872..6776.070 rows=3743527 loops=1)
              Hash Cond: (mk.movie_id = t.id)
              ->  Seq Scan on movie_keyword mk  (cost=0.00..81003.12 rows=3847698 width=4) (actual time=0.023..1630.215 rows=3843492 loops=1)
                    Filter: (keyword_id < 27554)
                    Rows Removed by Filter: 680438
              ->  Hash  (cost=67604.59..67604.59 rows=2349802 width=4) (actual time=1886.413..1886.413 rows=2343703 loops=1)
                    Buckets: 131072  Batches: 32  Memory Usage: 3612kB
                    ->  Seq Scan on title t  (cost=0.00..67604.59 rows=2349802 width=4) (actual time=0.019..1152.164 rows=2343703 loops=1)
                          Filter: (production_year > 1928)
                          Rows Removed by Filter: 184609
Planning time: 1.235 ms
Execution time: 89105.572 ms
