Seq Scan on movie_keyword mk  (cost=0.00..81003.12 rows=4261324 width=0) (actual time=0.019..1199.363 rows=4260090 loops=1)
  Filter: (keyword_id < 59190)
  Rows Removed by Filter: 263840
Planning time: 0.363 ms
Execution time: 1649.426 ms
