Seq Scan on movie_companies mc  (cost=0.00..51404.11 rows=525940 width=0) (actual time=0.035..800.230 rows=529722 loops=1)
  Filter: (company_id > 72741)
  Rows Removed by Filter: 2079407
Planning time: 0.330 ms
Execution time: 866.833 ms
