Seq Scan on cast_info ci  (cost=0.00..796071.18 rows=1670700 width=0) (actual time=5456.917..10740.261 rows=1012706 loops=1)
  Filter: ((person_id < 346846) AND (role_id > 2))
  Rows Removed by Filter: 35231638
Planning time: 0.342 ms
Execution time: 10877.601 ms
