Hash Join  (cost=102286.00..456557.00 rows=26187 width=0) (actual time=1986.794..7228.826 rows=14916 loops=1)
  Hash Cond: (mi.movie_id = t.id)
  ->  Seq Scan on movie_info mi  (cost=0.00..346232.03 rows=2073893 width=4) (actual time=268.656..5129.273 rows=2091068 loops=1)
        Filter: (info_type_id < 3)
        Rows Removed by Filter: 12744652
  ->  Hash  (cost=101886.90..101886.90 rows=31928 width=8) (actual time=1716.582..1716.582 rows=18210 loops=1)
        Buckets: 32768  Batches: 1  Memory Usage: 968kB
        ->  Hash Join  (cost=74657.14..101886.90 rows=31928 width=8) (actual time=1157.246..1710.156 rows=18210 loops=1)
              Hash Cond: (mi_idx.movie_id = t.id)
              ->  Seq Scan on movie_info_idx mi_idx  (cost=0.00..21735.35 rows=1380035 width=4) (actual time=0.016..267.844 rows=1380035 loops=1)
              ->  Hash  (cost=73925.90..73925.90 rows=58499 width=4) (actual time=1104.638..1104.638 rows=62752 loops=1)
                    Buckets: 65536  Batches: 1  Memory Usage: 2719kB
                    ->  Seq Scan on title t  (cost=0.00..73925.90 rows=58499 width=4) (actual time=76.629..1079.672 rows=62752 loops=1)
                          Filter: ((kind_id = 7) AND (production_year = 2005))
                          Rows Removed by Filter: 2465560
Planning time: 1.368 ms
Execution time: 7231.229 ms
