Hash Join  (cost=194233.60..237401.04 rows=319096 width=0) (actual time=3277.019..4452.703 rows=547827 loops=1)
  Hash Cond: (mi_idx.movie_id = t.id)
  ->  Seq Scan on movie_info_idx mi_idx  (cost=0.00..21735.35 rows=1380035 width=4) (actual time=0.015..394.084 rows=1380035 loops=1)
  ->  Hash  (cost=184641.42..184641.42 rows=584654 width=8) (actual time=3276.323..3276.323 rows=319204 loops=1)
        Buckets: 131072  Batches: 8  Memory Usage: 2590kB
        ->  Hash Join  (cost=102767.86..184641.42 rows=584654 width=8) (actual time=1788.634..3181.847 rows=319204 loops=1)
              Hash Cond: (mc.movie_id = t.id)
              ->  Seq Scan on movie_companies mc  (cost=0.00..57926.93 rows=584654 width=4) (actual time=129.376..898.887 rows=319204 loops=1)
                    Filter: ((company_id > 12301) AND (company_type_id < 2))
                    Rows Removed by Filter: 2289925
              ->  Hash  (cost=61283.27..61283.27 rows=2528527 width=4) (actual time=1658.143..1658.143 rows=2528312 loops=1)
                    Buckets: 131072  Batches: 64  Memory Usage: 2415kB
                    ->  Seq Scan on title t  (cost=0.00..61283.27 rows=2528527 width=4) (actual time=0.025..829.732 rows=2528312 loops=1)
Planning time: 1.156 ms
Execution time: 4524.320 ms
