Hash Join  (cost=252685.88..1184458.99 rows=7342024 width=0) (actual time=10255.124..31664.020 rows=25318624 loops=1)
  Hash Cond: (ci.movie_id = t.id)
  ->  Seq Scan on cast_info ci  (cost=0.00..705507.15 rows=12726058 width=4) (actual time=4866.598..13447.668 rows=12670688 loops=1)
        Filter: (role_id < 2)
        Rows Removed by Filter: 23573656
  ->  Hash  (cost=228752.14..228752.14 rows=1458779 width=8) (actual time=5387.483..5387.483 rows=1468971 loops=1)
        Buckets: 131072  Batches: 32  Memory Usage: 2804kB
        ->  Hash Join  (cost=102767.86..228752.14 rows=1458779 width=8) (actual time=1816.798..4981.137 rows=1468971 loops=1)
              Hash Cond: (mk.movie_id = t.id)
              ->  Seq Scan on movie_keyword mk  (cost=0.00..81003.12 rows=1458779 width=4) (actual time=0.034..1378.721 rows=1468971 loops=1)
                    Filter: (keyword_id > 11227)
                    Rows Removed by Filter: 3054959
              ->  Hash  (cost=61283.27..61283.27 rows=2528527 width=4) (actual time=1815.699..1815.699 rows=2528312 loops=1)
                    Buckets: 131072  Batches: 64  Memory Usage: 2425kB
                    ->  Seq Scan on title t  (cost=0.00..61283.27 rows=2528527 width=4) (actual time=0.016..962.213 rows=2528312 loops=1)
Planning time: 1.254 ms
Execution time: 34516.798 ms
