Hash Join  (cost=102767.86..1065024.71 rows=6495857 width=0) (actual time=1702.289..22564.695 rows=10012475 loops=1)
  Hash Cond: (ci.movie_id = t.id)
  ->  Seq Scan on cast_info ci  (cost=0.00..796071.18 rows=6495857 width=4) (actual time=109.015..12580.178 rows=10012475 loops=1)
        Filter: ((person_id > 2713919) AND (role_id > 1))
        Rows Removed by Filter: 26231869
  ->  Hash  (cost=61283.27..61283.27 rows=2528527 width=4) (actual time=1591.926..1591.926 rows=2528312 loops=1)
        Buckets: 131072  Batches: 64  Memory Usage: 2415kB
        ->  Seq Scan on title t  (cost=0.00..61283.27 rows=2528527 width=4) (actual time=0.022..808.968 rows=2528312 loops=1)
Planning time: 0.735 ms
Execution time: 23483.997 ms
