Seq Scan on cast_info ci  (cost=0.00..796071.18 rows=15681772 width=0) (actual time=0.020..14105.104 rows=13941791 loops=1)
  Filter: ((person_id > 1469319) AND (role_id < 5))
  Rows Removed by Filter: 22302553
Planning time: 0.355 ms
Execution time: 15820.898 ms
