Hash Join  (cost=262390.74..1235494.52 rows=9701233 width=0) (actual time=13861.497..39151.335 rows=44001685 loops=1)
  Hash Cond: (ci.movie_id = t.id)
  ->  Seq Scan on cast_info ci  (cost=0.00..705507.15 rows=12726058 width=4) (actual time=6906.052..13862.698 rows=12670688 loops=1)
        Filter: (role_id = 1)
        Rows Removed by Filter: 23573656
  ->  Hash  (cost=230766.64..230766.64 rows=1927528 width=8) (actual time=6953.629..6953.629 rows=2529592 loops=1)
        Buckets: 131072 (originally 131072)  Batches: 64 (originally 32)  Memory Usage: 4028kB
        ->  Hash Join  (cost=85280.32..230766.64 rows=1927528 width=8) (actual time=1492.105..6229.577 rows=2529592 loops=1)
              Hash Cond: (mk.movie_id = t.id)
              ->  Seq Scan on movie_keyword mk  (cost=0.00..69693.30 rows=4523930 width=4) (actual time=0.026..1381.359 rows=4523930 loops=1)
              ->  Hash  (cost=67604.59..67604.59 rows=1077339 width=4) (actual time=1491.385..1491.385 rows=1074765 loops=1)
                    Buckets: 131072  Batches: 16  Memory Usage: 3396kB
                    ->  Seq Scan on title t  (cost=0.00..67604.59 rows=1077339 width=4) (actual time=0.025..1131.519 rows=1074765 loops=1)
                          Filter: (production_year < 2001)
                          Rows Removed by Filter: 1453547
Planning time: 1.140 ms
Execution time: 44101.805 ms
