Hash Join  (cost=73962.22..467834.36 rows=14551 width=0) (actual time=1083.141..9191.334 rows=79828 loops=1)
  Hash Cond: (mi.movie_id = t.id)
  ->  Seq Scan on movie_info mi  (cost=0.00..346232.03 rows=12665229 width=4) (actual time=0.011..5891.295 rows=12744652 loops=1)
        Filter: (info_type_id > 2)
        Rows Removed by Filter: 2091068
  ->  Hash  (cost=73925.90..73925.90 rows=2905 width=4) (actual time=1082.735..1082.735 rows=8319 loops=1)
        Buckets: 16384 (originally 4096)  Batches: 1 (originally 1)  Memory Usage: 421kB
        ->  Seq Scan on title t  (cost=0.00..73925.90 rows=2905 width=4) (actual time=0.030..1078.884 rows=8319 loops=1)
              Filter: ((kind_id < 7) AND (production_year = 1988))
              Rows Removed by Filter: 2519993
Planning time: 1.319 ms
Execution time: 9205.451 ms
