Hash Join  (cost=159808.73..525151.91 rows=68724 width=0) (actual time=2417.785..9256.701 rows=235304 loops=1)
  Hash Cond: (mi.movie_id = t.id)
  ->  Seq Scan on movie_info mi  (cost=0.00..309384.22 rows=14739122 width=4) (actual time=0.016..3745.848 rows=14835720 loops=1)
  ->  Hash  (cost=159661.35..159661.35 rows=11790 width=8) (actual time=2414.857..2414.857 rows=9474 loops=1)
        Buckets: 16384  Batches: 1  Memory Usage: 499kB
        ->  Hash Join  (cost=74251.74..159661.35 rows=11790 width=8) (actual time=967.220..2410.935 rows=9474 loops=1)
              Hash Cond: (mk.movie_id = t.id)
              ->  Seq Scan on movie_keyword mk  (cost=0.00..81003.12 rows=1143623 width=4) (actual time=0.015..1224.797 rows=1152420 loops=1)
                    Filter: (keyword_id > 16158)
                    Rows Removed by Filter: 3371510
              ->  Hash  (cost=73925.90..73925.90 rows=26067 width=4) (actual time=966.273..966.273 rows=27085 loops=1)
                    Buckets: 32768  Batches: 1  Memory Usage: 1209kB
                    ->  Seq Scan on title t  (cost=0.00..73925.90 rows=26067 width=4) (actual time=0.056..955.223 rows=27085 loops=1)
                          Filter: ((kind_id < 7) AND (production_year > 2012))
                          Rows Removed by Filter: 2501227
Planning time: 1.503 ms
Execution time: 9289.259 ms
