Hash Join  (cost=75819.10..155113.23 rows=104173 width=0) (actual time=1093.449..2995.251 rows=56598 loops=1)
  Hash Cond: (mc.movie_id = t.id)
  ->  Seq Scan on movie_companies mc  (cost=0.00..51404.11 rows=2283008 width=4) (actual time=0.016..1062.306 rows=2279242 loops=1)
        Filter: (company_id < 90729)
        Rows Removed by Filter: 329887
  ->  Hash  (cost=73925.90..73925.90 rows=115376 width=4) (actual time=1092.586..1092.586 rows=119207 loops=1)
        Buckets: 131072  Batches: 2  Memory Usage: 3119kB
        ->  Seq Scan on title t  (cost=0.00..73925.90 rows=115376 width=4) (actual time=0.020..1048.535 rows=119207 loops=1)
              Filter: ((kind_id > 2) AND (production_year = 2012))
              Rows Removed by Filter: 2409105
Planning time: 0.803 ms
Execution time: 3003.633 ms
