Seq Scan on cast_info ci  (cost=0.00..705507.15 rows=500 width=0) (actual time=1393.623..9878.052 rows=54 loops=1)
  Filter: (person_id = 504116)
  Rows Removed by Filter: 36244290
Planning time: 0.280 ms
Execution time: 9878.186 ms
