Hash Join  (cost=365418.15..1602498.30 rows=26686213 width=0) (actual time=12893.962..47855.267 rows=88139576 loops=1)
  Hash Cond: (ci.movie_id = t.id)
  ->  Seq Scan on cast_info ci  (cost=0.00..705507.15 rows=14915529 width=4) (actual time=4101.951..12739.802 rows=15078035 loops=1)
        Filter: (person_id > 2137881)
        Rows Removed by Filter: 21166309
  ->  Hash  (cost=291197.02..291197.02 rows=4523930 width=8) (actual time=8790.327..8790.327 rows=4523930 loops=1)
        Buckets: 131072  Batches: 64  Memory Usage: 3816kB
        ->  Hash Join  (cost=102767.86..291197.02 rows=4523930 width=8) (actual time=1922.637..7421.401 rows=4523930 loops=1)
              Hash Cond: (mk.movie_id = t.id)
              ->  Seq Scan on movie_keyword mk  (cost=0.00..69693.30 rows=4523930 width=4) (actual time=0.047..1378.219 rows=4523930 loops=1)
              ->  Hash  (cost=61283.27..61283.27 rows=2528527 width=4) (actual time=1920.884..1920.884 rows=2528312 loops=1)
                    Buckets: 131072  Batches: 64  Memory Usage: 2425kB
                    ->  Seq Scan on title t  (cost=0.00..61283.27 rows=2528527 width=4) (actual time=0.023..1045.011 rows=2528312 loops=1)
Planning time: 1.344 ms
Execution time: 56617.979 ms
