Hash Join  (cost=287773.24..399169.40 rows=2399922 width=0) (actual time=6039.561..12471.170 rows=18674169 loops=1)
  Hash Cond: (mc.movie_id = t.id)
  ->  Seq Scan on movie_companies mc  (cost=0.00..44881.29 rows=2609129 width=4) (actual time=0.015..860.355 rows=2609129 loops=1)
  ->  Hash  (cost=249614.96..249614.96 rows=2325783 width=8) (actual time=6038.563..6038.563 rows=2325709 loops=1)
        Buckets: 131072  Batches: 32  Memory Usage: 3845kB
        ->  Hash Join  (cost=102767.86..249614.96 rows=2325783 width=8) (actual time=1894.288..5403.650 rows=2325709 loops=1)
              Hash Cond: (mk.movie_id = t.id)
              ->  Seq Scan on movie_keyword mk  (cost=0.00..81003.12 rows=2325783 width=4) (actual time=0.020..1436.262 rows=2325709 loops=1)
                    Filter: (keyword_id > 4388)
                    Rows Removed by Filter: 2198221
              ->  Hash  (cost=61283.27..61283.27 rows=2528527 width=4) (actual time=1891.066..1891.066 rows=2528312 loops=1)
                    Buckets: 131072  Batches: 64  Memory Usage: 2425kB
                    ->  Seq Scan on title t  (cost=0.00..61283.27 rows=2528527 width=4) (actual time=0.554..1054.280 rows=2528312 loops=1)
Planning time: 2.218 ms
Execution time: 14519.597 ms
