Hash Join  (cost=134003.14..861505.01 rows=16879 width=0) (actual time=4036.244..14953.446 rows=3791 loops=1)
  Hash Cond: (ci.movie_id = t.id)
  ->  Seq Scan on cast_info ci  (cost=0.00..705507.15 rows=5820248 width=4) (actual time=2085.230..12294.110 rows=5732694 loops=1)
        Filter: (role_id > 8)
        Rows Removed by Filter: 30511650
  ->  Hash  (cost=133911.48..133911.48 rows=7333 width=8) (actual time=1904.186..1904.186 rows=43 loops=1)
        Buckets: 8192  Batches: 1  Memory Usage: 66kB
        ->  Hash Join  (cost=80355.62..133911.48 rows=7333 width=8) (actual time=1668.145..1904.058 rows=43 loops=1)
              Hash Cond: (mc.movie_id = t.id)
              ->  Seq Scan on movie_companies mc  (cost=0.00..51404.11 rows=47312 width=4) (actual time=0.039..695.128 rows=47252 loops=1)
                    Filter: (company_id = 19)
                    Rows Removed by Filter: 2561877
              ->  Hash  (cost=73925.90..73925.90 rows=391897 width=4) (actual time=1143.386..1143.386 rows=289693 loops=1)
                    Buckets: 131072  Batches: 8  Memory Usage: 2301kB
                    ->  Seq Scan on title t  (cost=0.00..73925.90 rows=391897 width=4) (actual time=121.813..1062.119 rows=289693 loops=1)
                          Filter: ((production_year > 1998) AND (kind_id = 1))
                          Rows Removed by Filter: 2238619
Planning time: 12.088 ms
Execution time: 14954.633 ms
