Hash Join  (cost=304602.94..991784.21 rows=15981753 width=0) (actual time=6679.719..48050.759 rows=137733365 loops=1)
  Hash Cond: (mi.movie_id = t.id)
  ->  Seq Scan on movie_info mi  (cost=0.00..309384.22 rows=14739122 width=4) (actual time=0.020..5360.385 rows=14835720 loops=1)
  ->  Hash  (cost=259621.66..259621.66 rows=2741703 width=8) (actual time=6677.733..6677.733 rows=2733297 loops=1)
        Buckets: 131072  Batches: 64  Memory Usage: 2790kB
        ->  Hash Join  (cost=102767.86..259621.66 rows=2741703 width=8) (actual time=1726.502..5829.764 rows=2733297 loops=1)
              Hash Cond: (mk.movie_id = t.id)
              ->  Seq Scan on movie_keyword mk  (cost=0.00..81003.12 rows=2741703 width=4) (actual time=0.014..1558.688 rows=2733297 loops=1)
                    Filter: (keyword_id < 7768)
                    Rows Removed by Filter: 1790633
              ->  Hash  (cost=61283.27..61283.27 rows=2528527 width=4) (actual time=1725.061..1725.061 rows=2528312 loops=1)
                    Buckets: 131072  Batches: 64  Memory Usage: 2425kB
                    ->  Seq Scan on title t  (cost=0.00..61283.27 rows=2528527 width=4) (actual time=0.027..854.920 rows=2528312 loops=1)
Planning time: 1.189 ms
Execution time: 61935.027 ms
