Seq Scan on movie_keyword mk  (cost=0.00..81003.12 rows=1714573 width=0) (actual time=0.025..1279.991 rows=1720794 loops=1)
  Filter: (keyword_id > 8236)
  Rows Removed by Filter: 2803136
Planning time: 0.339 ms
Execution time: 1503.763 ms
