Seq Scan on cast_info ci  (cost=0.00..705507.15 rows=912006 width=0) (actual time=0.022..9838.726 rows=791773 loops=1)
  Filter: (person_id < 83286)
  Rows Removed by Filter: 35452571
Planning time: 0.314 ms
Execution time: 9938.769 ms
