Hash Join  (cost=162085.33..931065.90 rows=245739 width=0) (actual time=3363.952..20821.145 rows=3737410 loops=1)
  Hash Cond: (ci.movie_id = t.id)
  ->  Seq Scan on cast_info ci  (cost=0.00..705507.15 rows=12203201 width=4) (actual time=719.773..12884.958 rows=12113646 loops=1)
        Filter: (role_id > 3)
        Rows Removed by Filter: 24130698
  ->  Hash  (cost=161448.86..161448.86 rows=50918 width=8) (actual time=2643.661..2643.661 rows=91520 loops=1)
        Buckets: 131072 (originally 65536)  Batches: 2 (originally 1)  Memory Usage: 3073kB
        ->  Hash Join  (cost=74281.64..161448.86 rows=50918 width=8) (actual time=937.193..2610.722 rows=91520 loops=1)
              Hash Cond: (mk.movie_id = t.id)
              ->  Seq Scan on movie_keyword mk  (cost=0.00..69693.30 rows=4523930 width=4) (actual time=0.028..785.982 rows=4523930 loops=1)
              ->  Hash  (cost=73925.90..73925.90 rows=28459 width=4) (actual time=936.798..936.798 rows=16117 loops=1)
                    Buckets: 32768  Batches: 1  Memory Usage: 823kB
                    ->  Seq Scan on title t  (cost=0.00..73925.90 rows=28459 width=4) (actual time=0.028..929.945 rows=16117 loops=1)
                          Filter: ((kind_id = 1) AND (production_year = 2006))
                          Rows Removed by Filter: 2512195
Planning time: 1.176 ms
Execution time: 21241.066 ms
