Hash Join  (cost=250450.13..1097856.75 rows=6049008 width=219) (actual time=5956.265..31630.887 rows=14374772 loops=1)
  Hash Cond: (mi.movie_id = t.id)
  ->  Seq Scan on movie_info mi  (cost=0.00..346232.03 rows=14373737 width=75) (actual time=0.007..9352.418 rows=14407069 loops=1)
        Filter: (info_type_id < 105)
        Rows Removed by Filter: 428651
  ->  Hash  (cost=215325.89..215325.89 rows=1064099 width=144) (actual time=5954.400..5954.400 rows=1061443 loops=1)
        Buckets: 32768  Batches: 64  Memory Usage: 2503kB
        ->  Hash Join  (cost=120535.38..215325.89 rows=1064099 width=144) (actual time=2800.171..5299.107 rows=1061443 loops=1)
              Hash Cond: (mi_idx.movie_id = t.id)
              ->  Seq Scan on movie_info_idx mi_idx  (cost=0.00..21735.35 rows=1380035 width=50) (actual time=0.019..407.765 rows=1380035 loops=1)
              ->  Hash  (cost=67604.59..67604.59 rows=1949663 width=94) (actual time=2798.003..2798.003 rows=1947263 loops=1)
                    Buckets: 32768  Batches: 128  Memory Usage: 1958kB
                    ->  Seq Scan on title t  (cost=0.00..67604.59 rows=1949663 width=94) (actual time=0.007..1541.549 rows=1947263 loops=1)
                          Filter: (production_year > 1979)
                          Rows Removed by Filter: 581049
Planning time: 1.388 ms
Execution time: 32392.090 ms
