Hash Join  (cost=177621.81..1374735.49 rows=15897551 width=0) (actual time=3714.007..42376.456 rows=34789093 loops=1)
  Hash Cond: (ci.movie_id = t.id)
  ->  Seq Scan on cast_info ci  (cost=0.00..614943.12 rows=36225612 width=4) (actual time=0.014..12106.656 rows=36244344 loops=1)
  ->  Hash  (cost=159416.31..159416.31 rows=1109640 width=8) (actual time=3712.923..3712.923 rows=1124381 loops=1)
        Buckets: 131072  Batches: 16  Memory Usage: 3775kB
        ->  Hash Join  (cost=100960.39..159416.31 rows=1109640 width=8) (actual time=1762.572..3402.464 rows=1124381 loops=1)
              Hash Cond: (mi_idx.movie_id = t.id)
              ->  Seq Scan on movie_info_idx mi_idx  (cost=0.00..21735.35 rows=1380035 width=4) (actual time=0.024..361.323 rows=1380035 loops=1)
              ->  Hash  (cost=67604.59..67604.59 rows=2033104 width=4) (actual time=1761.563..1761.563 rows=2032439 loops=1)
                    Buckets: 131072  Batches: 32  Memory Usage: 3261kB
                    ->  Seq Scan on title t  (cost=0.00..67604.59 rows=2033104 width=4) (actual time=0.012..1132.908 rows=2032439 loops=1)
                          Filter: (production_year > 1973)
                          Rows Removed by Filter: 495873
Planning time: 1.218 ms
Execution time: 46240.254 ms
