Hash Join  (cost=812232.42..949396.00 rows=316072 width=0) (actual time=15559.431..19299.028 rows=932014 loops=1)
  Hash Cond: (mk.movie_id = t.id)
  ->  Seq Scan on movie_keyword mk  (cost=0.00..69693.30 rows=4523930 width=4) (actual time=0.021..1239.076 rows=4523930 loops=1)
  ->  Hash  (cost=809333.17..809333.17 rows=176660 width=8) (actual time=15552.117..15552.117 rows=159878 loops=1)
        Buckets: 131072  Batches: 4  Memory Usage: 2592kB
        ->  Hash Join  (cost=74690.97..809333.17 rows=176660 width=8) (actual time=4974.181..15195.604 rows=159878 loops=1)
              Hash Cond: (ci.movie_id = t.id)
              ->  Seq Scan on cast_info ci  (cost=0.00..705507.15 rows=7298253 width=4) (actual time=4031.889..12058.799 rows=7451973 loops=1)
                    Filter: (role_id = 2)
                    Rows Removed by Filter: 28792371
              ->  Hash  (cost=73925.90..73925.90 rows=61205 width=4) (actual time=941.893..941.893 rows=61581 loops=1)
                    Buckets: 65536  Batches: 1  Memory Usage: 2677kB
                    ->  Seq Scan on title t  (cost=0.00..73925.90 rows=61205 width=4) (actual time=0.031..920.905 rows=61581 loops=1)
                          Filter: ((production_year > 2011) AND (kind_id = 1))
                          Rows Removed by Filter: 2466731
Planning time: 1.120 ms
Execution time: 19412.524 ms
