Hash Join  (cost=160971.88..988428.45 rows=631109 width=0) (actual time=6158.241..16843.341 rows=2516169 loops=1)
  Hash Cond: (ci.movie_id = t.id)
  ->  Seq Scan on cast_info ci  (cost=0.00..796071.18 rows=1881948 width=4) (actual time=3064.914..11044.161 rows=4257941 loops=1)
        Filter: ((person_id > 3280518) AND (role_id > 2))
        Rows Removed by Filter: 31986403
  ->  Hash  (cost=147059.64..147059.64 rows=847939 width=8) (actual time=3092.232..3092.232 rows=442380 loops=1)
        Buckets: 131072  Batches: 16  Memory Usage: 2104kB
        ->  Hash Join  (cost=93093.72..147059.64 rows=847939 width=8) (actual time=1544.310..2960.444 rows=442380 loops=1)
              Hash Cond: (mi_idx.movie_id = t.id)
              ->  Seq Scan on movie_info_idx mi_idx  (cost=0.00..21735.35 rows=1380035 width=4) (actual time=0.013..411.385 rows=1380035 loops=1)
              ->  Hash  (cost=67604.59..67604.59 rows=1553611 width=4) (actual time=1543.522..1543.522 rows=1555864 loops=1)
                    Buckets: 131072  Batches: 32  Memory Usage: 2734kB
                    ->  Seq Scan on title t  (cost=0.00..67604.59 rows=1553611 width=4) (actual time=0.021..1046.931 rows=1555864 loops=1)
                          Filter: (kind_id > 4)
                          Rows Removed by Filter: 972448
Planning time: 1.174 ms
Execution time: 17165.412 ms
