Hash Join  (cost=270481.47..1495625.25 rows=20348160 width=0) (actual time=7245.284..54367.483 rows=75295619 loops=1)
  Hash Cond: (ci.movie_id = t.id)
  ->  Seq Scan on cast_info ci  (cost=0.00..705507.15 rows=24022411 width=4) (actual time=0.016..13908.874 rows=24130698 loops=1)
        Filter: (role_id < 4)
        Rows Removed by Filter: 12113646
  ->  Hash  (cost=235342.15..235342.15 rows=2141786 width=8) (actual time=7242.795..7242.795 rows=2772247 loops=1)
        Buckets: 131072 (originally 131072)  Batches: 64 (originally 32)  Memory Usage: 3073kB
        ->  Hash Join  (cost=87245.25..235342.15 rows=2141786 width=8) (actual time=1517.285..6400.261 rows=2772247 loops=1)
              Hash Cond: (mk.movie_id = t.id)
              ->  Seq Scan on movie_keyword mk  (cost=0.00..69693.30 rows=4523930 width=4) (actual time=0.020..1306.118 rows=4523930 loops=1)
              ->  Hash  (cost=67604.59..67604.59 rows=1197093 width=4) (actual time=1516.019..1516.019 rows=1195923 loops=1)
                    Buckets: 131072  Batches: 16  Memory Usage: 3661kB
                    ->  Seq Scan on title t  (cost=0.00..67604.59 rows=1197093 width=4) (actual time=0.019..1132.232 rows=1195923 loops=1)
                          Filter: (production_year < 2003)
                          Rows Removed by Filter: 1332389
Planning time: 2.640 ms
Execution time: 63308.769 ms
