Hash Join  (cost=166498.44..518953.55 rows=41035 width=0) (actual time=3853.758..7940.819 rows=18249 loops=1)
  Hash Cond: (mi.movie_id = t.id)
  ->  Seq Scan on movie_info mi  (cost=0.00..346232.03 rows=1550064 width=4) (actual time=816.489..4579.070 rows=1533909 loops=1)
        Filter: (info_type_id = 3)
        Rows Removed by Filter: 13301811
  ->  Hash  (cost=165661.71..165661.71 rows=66938 width=8) (actual time=3036.686..3036.686 rows=69928 loops=1)
        Buckets: 131072  Batches: 1  Memory Usage: 3756kB
        ->  Hash Join  (cost=102767.86..165661.71 rows=66938 width=8) (actual time=1856.983..3010.161 rows=69928 loops=1)
              Hash Cond: (mc.movie_id = t.id)
              ->  Seq Scan on movie_companies mc  (cost=0.00..51404.11 rows=66938 width=4) (actual time=0.026..674.176 rows=69928 loops=1)
                    Filter: (company_id < 11)
                    Rows Removed by Filter: 2539201
              ->  Hash  (cost=61283.27..61283.27 rows=2528527 width=4) (actual time=1853.389..1853.389 rows=2528312 loops=1)
                    Buckets: 131072  Batches: 64  Memory Usage: 2415kB
                    ->  Seq Scan on title t  (cost=0.00..61283.27 rows=2528527 width=4) (actual time=0.012..900.491 rows=2528312 loops=1)
Planning time: 1.250 ms
Execution time: 7944.117 ms
