Hash Join  (cost=279704.21..388264.07 rows=2194192 width=0) (actual time=6510.002..12528.139 rows=15552932 loops=1)
  Hash Cond: (mc.movie_id = t.id)
  ->  Seq Scan on movie_companies mc  (cost=0.00..44881.29 rows=2609129 width=4) (actual time=0.019..781.536 rows=2609129 loops=1)
  ->  Hash  (cost=244817.11..244817.11 rows=2126408 width=8) (actual time=6508.755..6508.755 rows=2131251 loops=1)
        Buckets: 131072  Batches: 32  Memory Usage: 3611kB
        ->  Hash Join  (cost=102767.86..244817.11 rows=2126408 width=8) (actual time=2157.895..5662.852 rows=2131251 loops=1)
              Hash Cond: (mk.movie_id = t.id)
              ->  Seq Scan on movie_keyword mk  (cost=0.00..81003.12 rows=2126408 width=4) (actual time=0.017..1441.736 rows=2131251 loops=1)
                    Filter: (keyword_id < 3935)
                    Rows Removed by Filter: 2392679
              ->  Hash  (cost=61283.27..61283.27 rows=2528527 width=4) (actual time=2156.383..2156.383 rows=2528312 loops=1)
                    Buckets: 131072  Batches: 64  Memory Usage: 2425kB
                    ->  Seq Scan on title t  (cost=0.00..61283.27 rows=2528527 width=4) (actual time=0.010..993.365 rows=2528312 loops=1)
Planning time: 1.145 ms
Execution time: 14304.562 ms
