Hash Join  (cost=143658.55..223302.13 rows=333206 width=0) (actual time=3507.494..5639.270 rows=894831 loops=1)
  Hash Cond: (mc.movie_id = t.id)
  ->  Seq Scan on movie_companies mc  (cost=0.00..44881.29 rows=2609129 width=4) (actual time=0.016..831.617 rows=2609129 loops=1)
  ->  Hash  (cost=138360.15..138360.15 rows=322912 width=8) (actual time=3506.604..3506.604 rows=314817 loops=1)
        Buckets: 131072  Batches: 8  Memory Usage: 2564kB
        ->  Hash Join  (cost=97102.97..138360.15 rows=322912 width=8) (actual time=2240.621..3394.917 rows=314817 loops=1)
              Hash Cond: (mi_idx.movie_id = t.id)
              ->  Seq Scan on movie_info_idx mi_idx  (cost=0.00..25185.44 rows=454124 width=4) (actual time=0.020..448.195 rows=459925 loops=1)
                    Filter: (info_type_id = 100)
                    Rows Removed by Filter: 920110
              ->  Hash  (cost=67604.59..67604.59 rows=1797951 width=4) (actual time=2239.649..2239.649 rows=1793384 loops=1)
                    Buckets: 131072  Batches: 32  Memory Usage: 2998kB
                    ->  Seq Scan on title t  (cost=0.00..67604.59 rows=1797951 width=4) (actual time=0.014..1151.180 rows=1793384 loops=1)
                          Filter: (production_year > 1988)
                          Rows Removed by Filter: 734928
Planning time: 1.288 ms
Execution time: 5728.731 ms
