Hash Join  (cost=78917.17..577643.21 rows=1773112 width=0) (actual time=1762.496..14856.208 rows=4721288 loops=1)
  Hash Cond: (mi.movie_id = t.id)
  ->  Seq Scan on movie_info mi  (cost=0.00..309384.22 rows=14739122 width=4) (actual time=0.021..5347.023 rows=14835720 loops=1)
  ->  Hash  (cost=73925.90..73925.90 rows=304181 width=4) (actual time=1761.514..1761.514 rows=422218 loops=1)
        Buckets: 131072 (originally 131072)  Batches: 8 (originally 4)  Memory Usage: 3073kB
        ->  Seq Scan on title t  (cost=0.00..73925.90 rows=304181 width=4) (actual time=2.485..1090.486 rows=422218 loops=1)
              Filter: ((kind_id < 7) AND (production_year < 1994))
              Rows Removed by Filter: 2106094
Planning time: 0.807 ms
Execution time: 15382.477 ms
