Nested Loop  (cost=0.43..83071.67 rows=246 width=0) (actual time=38.860..1072.300 rows=127 loops=1)
  ->  Seq Scan on movie_keyword mk  (cost=0.00..81003.12 rows=246 width=4) (actual time=38.767..1067.893 rows=127 loops=1)
        Filter: (keyword_id = 12102)
        Rows Removed by Filter: 4523803
  ->  Index Only Scan using title_pkey on title t  (cost=0.43..8.40 rows=1 width=4) (actual time=0.031..0.032 rows=1 loops=127)
        Index Cond: (id = mk.movie_id)
        Heap Fetches: 127
Planning time: 2.900 ms
Execution time: 1072.460 ms
