Seq Scan on cast_info ci  (cost=0.00..705507.15 rows=12677198 width=0) (actual time=1472.133..10903.412 rows=12794192 loops=1)
  Filter: (person_id > 2400472)
  Rows Removed by Filter: 23450152
Planning time: 1.854 ms
Execution time: 12480.699 ms
