Hash Join  (cost=190230.21..341156.71 rows=2069275 width=0) (actual time=4193.500..9826.325 rows=8899564 loops=1)
  Hash Cond: (mk.movie_id = t.id)
  ->  Seq Scan on movie_keyword mk  (cost=0.00..81003.12 rows=3791366 width=4) (actual time=0.024..1770.775 rows=3790607 loops=1)
        Filter: (keyword_id > 654)
        Rows Removed by Filter: 733323
  ->  Hash  (cost=167588.78..167588.78 rows=1380035 width=8) (actual time=4192.480..4192.480 rows=1380035 loops=1)
        Buckets: 131072  Batches: 32  Memory Usage: 2726kB
        ->  Hash Join  (cost=102767.86..167588.78 rows=1380035 width=8) (actual time=1787.266..3771.030 rows=1380035 loops=1)
              Hash Cond: (mi_idx.movie_id = t.id)
              ->  Seq Scan on movie_info_idx mi_idx  (cost=0.00..21735.35 rows=1380035 width=4) (actual time=0.022..437.549 rows=1380035 loops=1)
              ->  Hash  (cost=61283.27..61283.27 rows=2528527 width=4) (actual time=1785.794..1785.794 rows=2528312 loops=1)
                    Buckets: 131072  Batches: 64  Memory Usage: 2415kB
                    ->  Seq Scan on title t  (cost=0.00..61283.27 rows=2528527 width=4) (actual time=0.025..918.316 rows=2528312 loops=1)
Planning time: 1.032 ms
Execution time: 10807.314 ms
