Hash Join  (cost=275468.73..675265.61 rows=1754777 width=0) (actual time=7413.658..21245.364 rows=35347953 loops=1)
  Hash Cond: (mi.movie_id = t.id)
  ->  Seq Scan on movie_info mi  (cost=0.00..346232.03 rows=2194617 width=4) (actual time=1132.126..5828.879 rows=2233850 loops=1)
        Filter: (info_type_id > 16)
        Rows Removed by Filter: 12601870
  ->  Hash  (cost=242298.66..242298.66 rows=2021765 width=8) (actual time=6280.039..6280.039 rows=2027533 loops=1)
        Buckets: 131072  Batches: 32  Memory Usage: 3564kB
        ->  Hash Join  (cost=102767.86..242298.66 rows=2021765 width=8) (actual time=2206.929..5697.512 rows=2027533 loops=1)
              Hash Cond: (mk.movie_id = t.id)
              ->  Seq Scan on movie_keyword mk  (cost=0.00..81003.12 rows=2021765 width=4) (actual time=0.028..1570.152 rows=2027533 loops=1)
                    Filter: (keyword_id < 3636)
                    Rows Removed by Filter: 2496397
              ->  Hash  (cost=61283.27..61283.27 rows=2528527 width=4) (actual time=2205.631..2205.631 rows=2528312 loops=1)
                    Buckets: 131072  Batches: 64  Memory Usage: 2425kB
                    ->  Seq Scan on title t  (cost=0.00..61283.27 rows=2528527 width=4) (actual time=0.018..1088.277 rows=2528312 loops=1)
Planning time: 1.145 ms
Execution time: 25138.541 ms
