Nested Loop  (cost=0.43..83071.67 rows=246 width=0) (actual time=2.007..1160.426 rows=613 loops=1)
  ->  Seq Scan on movie_keyword mk  (cost=0.00..81003.12 rows=246 width=4) (actual time=1.955..1136.611 rows=613 loops=1)
        Filter: (keyword_id = 3061)
        Rows Removed by Filter: 4523317
  ->  Index Only Scan using title_pkey on title t  (cost=0.43..8.40 rows=1 width=4) (actual time=0.037..0.037 rows=1 loops=613)
        Index Cond: (id = mk.movie_id)
        Heap Fetches: 613
Planning time: 0.844 ms
Execution time: 1160.716 ms
