Seq Scan on title t  (cost=0.00..73925.90 rows=2230 width=0) (actual time=1.888..930.561 rows=3715 loops=1)
  Filter: ((kind_id < 3) AND (production_year = 1961))
  Rows Removed by Filter: 2524597
Planning time: 0.345 ms
Execution time: 931.642 ms
