Hash Join  (cost=100862.36..465548.72 rows=3041 width=0) (actual time=1799.529..8292.037 rows=16877 loops=1)
  Hash Cond: (mi.movie_id = t.id)
  ->  Seq Scan on movie_info mi  (cost=0.00..309384.22 rows=14739122 width=4) (actual time=0.007..3941.536 rows=14835720 loops=1)
  ->  Hash  (cost=100855.84..100855.84 rows=522 width=8) (actual time=1411.970..1411.970 rows=881 loops=1)
        Buckets: 1024  Batches: 1  Memory Usage: 43kB
        ->  Hash Join  (cost=73962.22..100855.84 rows=522 width=8) (actual time=949.508..1411.504 rows=881 loops=1)
              Hash Cond: (mi_idx.movie_id = t.id)
              ->  Seq Scan on movie_info_idx mi_idx  (cost=0.00..25185.44 rows=454124 width=4) (actual time=0.019..393.165 rows=459925 loops=1)
                    Filter: (info_type_id = 100)
                    Rows Removed by Filter: 920110
              ->  Hash  (cost=73925.90..73925.90 rows=2905 width=4) (actual time=948.209..948.209 rows=2567 loops=1)
                    Buckets: 4096  Batches: 1  Memory Usage: 123kB
                    ->  Seq Scan on title t  (cost=0.00..73925.90 rows=2905 width=4) (actual time=331.449..946.854 rows=2567 loops=1)
                          Filter: ((kind_id < 7) AND (production_year = 1932))
                          Rows Removed by Filter: 2525745
Planning time: 2.656 ms
Execution time: 8295.493 ms
