Hash Join  (cost=961630.08..1529314.68 rows=6685289 width=0) (actual time=15364.248..37765.216 rows=26176627 loops=1)
  Hash Cond: (mi.movie_id = t.id)
  ->  Seq Scan on movie_info mi  (cost=0.00..346232.03 rows=12928982 width=4) (actual time=0.024..6113.252 rows=12970088 loops=1)
        Filter: (info_type_id < 18)
        Rows Removed by Filter: 1865632
  ->  Hash  (cost=940179.02..940179.02 rows=1307445 width=8) (actual time=15362.474..15362.474 rows=2595932 loops=1)
        Buckets: 131072 (originally 131072)  Batches: 64 (originally 32)  Memory Usage: 3073kB
        ->  Hash Join  (cost=102767.86..940179.02 rows=1307445 width=8) (actual time=3590.149..14571.946 rows=2595932 loops=1)
              Hash Cond: (ci.movie_id = t.id)
              ->  Seq Scan on cast_info ci  (cost=0.00..796071.18 rows=1307445 width=4) (actual time=1807.285..10235.260 rows=2595932 loops=1)
                    Filter: ((person_id < 345484) AND (role_id < 2))
                    Rows Removed by Filter: 33648412
              ->  Hash  (cost=61283.27..61283.27 rows=2528527 width=4) (actual time=1781.561..1781.561 rows=2528312 loops=1)
                    Buckets: 131072  Batches: 64  Memory Usage: 2415kB
                    ->  Seq Scan on title t  (cost=0.00..61283.27 rows=2528527 width=4) (actual time=0.028..941.777 rows=2528312 loops=1)
Planning time: 1.152 ms
Execution time: 40746.201 ms
