Hash Join  (cost=102767.86..271146.63 rows=3220655 width=0) (actual time=1990.073..6409.616 rows=3211796 loops=1)
  Hash Cond: (mk.movie_id = t.id)
  ->  Seq Scan on movie_keyword mk  (cost=0.00..81003.12 rows=3220655 width=4) (actual time=0.030..1661.907 rows=3211796 loops=1)
        Filter: (keyword_id > 1717)
        Rows Removed by Filter: 1312134
  ->  Hash  (cost=61283.27..61283.27 rows=2528527 width=4) (actual time=1988.780..1988.780 rows=2528312 loops=1)
        Buckets: 131072  Batches: 64  Memory Usage: 2425kB
        ->  Seq Scan on title t  (cost=0.00..61283.27 rows=2528527 width=4) (actual time=0.021..908.556 rows=2528312 loops=1)
Planning time: 0.742 ms
Execution time: 6800.673 ms
