Seq Scan on movie_companies mc  (cost=0.00..51404.11 rows=1969386 width=0) (actual time=0.037..895.699 rows=1964081 loops=1)
  Filter: (company_id < 55938)
  Rows Removed by Filter: 645048
Planning time: 0.351 ms
Execution time: 1142.839 ms
