Hash Join  (cost=161509.10..1105757.45 rows=2022194 width=0) (actual time=3105.911..24547.610 rows=1565303 loops=1)
  Hash Cond: (ci.movie_id = t.id)
  ->  Seq Scan on cast_info ci  (cost=0.00..705507.15 rows=18807002 width=4) (actual time=0.021..13082.202 rows=18698881 loops=1)
        Filter: (person_id < 1863084)
        Rows Removed by Filter: 17545463
  ->  Hash  (cost=157047.65..157047.65 rows=271876 width=8) (actual time=3104.885..3104.885 rows=168289 loops=1)
        Buckets: 131072  Batches: 4  Memory Usage: 2664kB
        ->  Hash Join  (cost=78249.37..157047.65 rows=271876 width=8) (actual time=1109.512..3046.729 rows=168289 loops=1)
              Hash Cond: (mc.movie_id = t.id)
              ->  Seq Scan on movie_companies mc  (cost=0.00..44881.29 rows=2609129 width=4) (actual time=0.014..807.149 rows=2609129 loops=1)
              ->  Hash  (cost=73925.90..73925.90 rows=263477 width=4) (actual time=1107.521..1107.521 rows=153864 loops=1)
                    Buckets: 131072  Batches: 4  Memory Usage: 2376kB
                    ->  Seq Scan on title t  (cost=0.00..73925.90 rows=263477 width=4) (actual time=263.252..1055.893 rows=153864 loops=1)
                          Filter: ((production_year < 1974) AND (kind_id = 7))
                          Rows Removed by Filter: 2374448
Planning time: 1.179 ms
Execution time: 24738.379 ms
