Seq Scan on movie_companies mc  (cost=0.00..51404.11 rows=2009611 width=0) (actual time=0.029..881.339 rows=2004399 loops=1)
  Filter: (company_id < 66207)
  Rows Removed by Filter: 604730
Planning time: 0.324 ms
Execution time: 1139.118 ms
