Hash Join  (cost=168936.65..891528.14 rows=88245 width=0) (actual time=6171.175..17150.813 rows=361081 loops=1)
  Hash Cond: (ci.movie_id = t.id)
  ->  Seq Scan on cast_info ci  (cost=0.00..705507.15 rows=4320508 width=4) (actual time=2462.102..11515.503 rows=4323018 loops=1)
        Filter: (role_id = 10)
        Rows Removed by Filter: 31921326
  ->  Hash  (cost=168291.10..168291.10 rows=51644 width=8) (actual time=3707.696..3707.696 rows=319310 loops=1)
        Buckets: 131072 (originally 65536)  Batches: 2 (originally 1)  Memory Usage: 7229kB
        ->  Hash Join  (cost=74421.54..168291.10 rows=51644 width=8) (actual time=1254.973..3605.264 rows=319310 loops=1)
              Hash Cond: (mk.movie_id = t.id)
              ->  Seq Scan on movie_keyword mk  (cost=0.00..81003.12 rows=3293331 width=4) (actual time=1.838..1547.011 rows=3280179 loops=1)
                    Filter: (keyword_id > 1578)
                    Rows Removed by Filter: 1243751
              ->  Hash  (cost=73925.90..73925.90 rows=39651 width=4) (actual time=969.554..969.554 rows=152848 loops=1)
                    Buckets: 131072 (originally 65536)  Batches: 2 (originally 1)  Memory Usage: 3709kB
                    ->  Seq Scan on title t  (cost=0.00..73925.90 rows=39651 width=4) (actual time=0.039..911.775 rows=152848 loops=1)
                          Filter: ((production_year < 1946) AND (kind_id = 1))
                          Rows Removed by Filter: 2375464
Planning time: 1.138 ms
Execution time: 17195.391 ms
