Hash Join  (cost=299355.01..1550676.58 rows=19410970 width=0) (actual time=5364.425..30736.091 rows=9137269 loops=1)
  Hash Cond: (ci.movie_id = t.id)
  ->  Seq Scan on cast_info ci  (cost=0.00..796071.18 rows=17804111 width=4) (actual time=0.029..15966.305 rows=14788650 loops=1)
        Filter: ((person_id < 2812861) AND (role_id > 1))
        Rows Removed by Filter: 21455694
  ->  Hash  (cost=254126.86..254126.86 rows=2756732 width=8) (actual time=5363.294..5363.294 rows=645461 loops=1)
        Buckets: 131072  Batches: 64  Memory Usage: 1402kB
        ->  Hash Join  (cost=92883.59..254126.86 rows=2756732 width=8) (actual time=3378.419..5207.239 rows=645461 loops=1)
              Hash Cond: (mk.movie_id = t.id)
              ->  Seq Scan on movie_keyword mk  (cost=0.00..69693.30 rows=4523930 width=4) (actual time=0.024..1266.525 rows=4523930 loops=1)
              ->  Hash  (cost=67604.59..67604.59 rows=1540800 width=4) (actual time=1686.792..1686.792 rows=1543264 loops=1)
                    Buckets: 131072  Batches: 32  Memory Usage: 2728kB
                    ->  Seq Scan on title t  (cost=0.00..67604.59 rows=1540800 width=4) (actual time=39.511..1181.389 rows=1543264 loops=1)
                          Filter: (kind_id = 7)
                          Rows Removed by Filter: 985048
Planning time: 1.086 ms
Execution time: 31803.545 ms
