Hash Join  (cost=126503.09..618998.04 rows=1189200 width=0) (actual time=2622.980..15342.182 rows=4007246 loops=1)
  Hash Cond: (mi.movie_id = t.id)
  ->  Seq Scan on movie_info mi  (cost=0.00..309384.22 rows=14739122 width=4) (actual time=0.022..4878.912 rows=14835720 loops=1)
  ->  Hash  (cost=123155.96..123155.96 rows=204010 width=8) (actual time=2621.890..2621.890 rows=251034 loops=1)
        Buckets: 131072  Batches: 4  Memory Usage: 3488kB
        ->  Hash Join  (cost=86241.46..123155.96 rows=204010 width=8) (actual time=1530.725..2536.423 rows=251034 loops=1)
              Hash Cond: (mi_idx.movie_id = t.id)
              ->  Seq Scan on movie_info_idx mi_idx  (cost=0.00..25185.44 rows=454124 width=4) (actual time=0.018..478.509 rows=459925 loops=1)
                    Filter: (info_type_id = 100)
                    Rows Removed by Filter: 920110
              ->  Hash  (cost=67604.59..67604.59 rows=1135910 width=4) (actual time=1529.960..1529.960 rows=1133355 loops=1)
                    Buckets: 131072  Batches: 16  Memory Usage: 3516kB
                    ->  Seq Scan on title t  (cost=0.00..67604.59 rows=1135910 width=4) (actual time=0.027..1182.059 rows=1133355 loops=1)
                          Filter: (production_year < 2002)
                          Rows Removed by Filter: 1394957
Planning time: 1.154 ms
Execution time: 15822.656 ms
