Hash Join  (cost=74769.87..102048.85 rows=36850 width=0) (actual time=1223.454..1810.498 rows=91758 loops=1)
  Hash Cond: (mi_idx.movie_id = t.id)
  ->  Seq Scan on movie_info_idx mi_idx  (cost=0.00..21735.35 rows=1380035 width=4) (actual time=0.024..237.314 rows=1380035 loops=1)
  ->  Hash  (cost=73925.90..73925.90 rows=67517 width=4) (actual time=1222.726..1222.726 rows=81635 loops=1)
        Buckets: 131072  Batches: 1  Memory Usage: 3894kB
        ->  Seq Scan on title t  (cost=0.00..73925.90 rows=67517 width=4) (actual time=0.025..1192.321 rows=81635 loops=1)
              Filter: ((production_year < 2008) AND (kind_id = 3))
              Rows Removed by Filter: 2446677
Planning time: 0.764 ms
Execution time: 1822.967 ms
