Seq Scan on cast_info ci  (cost=0.00..796071.18 rows=3239355 width=0) (actual time=7361.098..13377.192 rows=1178522 loops=1)
  Filter: ((person_id < 2790473) AND (role_id = 10))
  Rows Removed by Filter: 35065822
Planning time: 0.377 ms
Execution time: 13529.988 ms
