Hash Join  (cost=102767.86..945960.36 rows=1547774 width=0) (actual time=1717.758..13157.669 rows=530386 loops=1)
  Hash Cond: (ci.movie_id = t.id)
  ->  Seq Scan on cast_info ci  (cost=0.00..796071.18 rows=1547774 width=4) (actual time=0.018..10620.847 rows=530386 loops=1)
        Filter: ((person_id < 930021) AND (role_id > 8))
        Rows Removed by Filter: 35713958
  ->  Hash  (cost=61283.27..61283.27 rows=2528527 width=4) (actual time=1715.749..1715.749 rows=2528312 loops=1)
        Buckets: 131072  Batches: 64  Memory Usage: 2415kB
        ->  Seq Scan on title t  (cost=0.00..61283.27 rows=2528527 width=4) (actual time=0.020..864.293 rows=2528312 loops=1)
Planning time: 0.733 ms
Execution time: 13222.723 ms
