Hash Join  (cost=73930.93..872523.10 rows=107 width=0) (actual time=4253.565..11826.723 rows=82 loops=1)
  Hash Cond: (ci.movie_id = t.id)
  ->  Seq Scan on cast_info ci  (cost=0.00..796071.18 rows=671979 width=4) (actual time=3134.554..10646.333 rows=2034755 loops=1)
        Filter: ((person_id > 3662939) AND (role_id > 3))
        Rows Removed by Filter: 34209589
  ->  Hash  (cost=73925.90..73925.90 rows=402 width=4) (actual time=899.620..899.620 rows=137 loops=1)
        Buckets: 1024  Batches: 1  Memory Usage: 13kB
        ->  Seq Scan on title t  (cost=0.00..73925.90 rows=402 width=4) (actual time=221.501..899.385 rows=137 loops=1)
              Filter: ((production_year > 2013) AND (kind_id = 7))
              Rows Removed by Filter: 2528175
Planning time: 0.737 ms
Execution time: 11826.848 ms
