Seq Scan on movie_companies mc  (cost=0.00..51404.11 rows=988770 width=0) (actual time=0.025..858.517 rows=990438 loops=1)
  Filter: (company_id < 4599)
  Rows Removed by Filter: 1618691
Planning time: 0.313 ms
Execution time: 991.124 ms
