Hash Join  (cost=78628.27..119004.91 rows=156416 width=0) (actual time=1173.503..2540.843 rows=61761 loops=1)
  Hash Cond: (mi_idx.movie_id = t.id)
  ->  Seq Scan on movie_info_idx mi_idx  (cost=0.00..21735.35 rows=1380035 width=4) (actual time=0.030..463.723 rows=1380035 loops=1)
  ->  Hash  (cost=73925.90..73925.90 rows=286589 width=4) (actual time=1027.198..1027.198 rows=177340 loops=1)
        Buckets: 131072  Batches: 4  Memory Usage: 2581kB
        ->  Seq Scan on title t  (cost=0.00..73925.90 rows=286589 width=4) (actual time=0.015..967.456 rows=177340 loops=1)
              Filter: ((production_year < 1977) AND (kind_id = 7))
              Rows Removed by Filter: 2350972
Planning time: 0.710 ms
Execution time: 2548.888 ms
