Hash Join  (cost=28267.78..114926.01 rows=20 width=0) (actual time=452.907..1755.448 rows=5143 loops=1)
  Hash Cond: (mk.movie_id = t.id)
  ->  Seq Scan on movie_keyword mk  (cost=0.00..69693.30 rows=4523930 width=4) (actual time=0.022..682.854 rows=4523930 loops=1)
  ->  Hash  (cost=28267.64..28267.64 rows=11 width=8) (actual time=375.136..375.136 rows=39 loops=1)
        Buckets: 1024  Batches: 1  Memory Usage: 10kB
        ->  Nested Loop  (cost=0.43..28267.64 rows=11 width=8) (actual time=248.222..375.104 rows=39 loops=1)
              ->  Seq Scan on movie_info_idx mi_idx  (cost=0.00..25185.44 rows=368 width=4) (actual time=247.585..370.915 rows=260 loops=1)
                    Filter: (info_type_id > 101)
                    Rows Removed by Filter: 1379775
              ->  Index Scan using title_pkey on title t  (cost=0.43..8.37 rows=1 width=4) (actual time=0.016..0.016 rows=0 loops=260)
                    Index Cond: (id = mi_idx.movie_id)
                    Filter: ((kind_id < 7) AND (production_year < 1954))
                    Rows Removed by Filter: 1
Planning time: 1.148 ms
Execution time: 1756.159 ms
