Hash Join  (cost=278744.73..927498.91 rows=11583739 width=0) (actual time=6484.902..41715.924 rows=99870231 loops=1)
  Hash Cond: (mi.movie_id = t.id)
  ->  Seq Scan on movie_info mi  (cost=0.00..346232.03 rows=13929354 width=4) (actual time=185.569..6279.534 rows=14033580 loops=1)
        Filter: (info_type_id > 1)
        Rows Removed by Filter: 802140
  ->  Hash  (cost=244246.49..244246.49 rows=2102739 width=8) (actual time=6298.499..6298.499 rows=2110535 loops=1)
        Buckets: 131072  Batches: 32  Memory Usage: 3668kB
        ->  Hash Join  (cost=102767.86..244246.49 rows=2102739 width=8) (actual time=2142.542..5636.697 rows=2110535 loops=1)
              Hash Cond: (mk.movie_id = t.id)
              ->  Seq Scan on movie_keyword mk  (cost=0.00..81003.12 rows=2102739 width=4) (actual time=0.033..1414.715 rows=2110535 loops=1)
                    Filter: (keyword_id < 3827)
                    Rows Removed by Filter: 2413395
              ->  Hash  (cost=61283.27..61283.27 rows=2528527 width=4) (actual time=2141.400..2141.400 rows=2528312 loops=1)
                    Buckets: 131072  Batches: 64  Memory Usage: 2425kB
                    ->  Seq Scan on title t  (cost=0.00..61283.27 rows=2528527 width=4) (actual time=0.018..950.926 rows=2528312 loops=1)
Planning time: 0.965 ms
Execution time: 52593.307 ms
