Hash Join  (cost=75292.52..572463.04 rows=416989 width=0) (actual time=1144.040..11441.803 rows=280096 loops=1)
  Hash Cond: (mi.movie_id = t.id)
  ->  Seq Scan on movie_info mi  (cost=0.00..346232.03 rows=12665229 width=4) (actual time=0.022..5781.076 rows=12744652 loops=1)
        Filter: (info_type_id > 2)
        Rows Removed by Filter: 2091068
  ->  Hash  (cost=73925.90..73925.90 rows=83249 width=4) (actual time=1143.242..1143.242 rows=101793 loops=1)
        Buckets: 131072  Batches: 2  Memory Usage: 2809kB
        ->  Seq Scan on title t  (cost=0.00..73925.90 rows=83249 width=4) (actual time=0.022..1104.487 rows=101793 loops=1)
              Filter: ((kind_id > 1) AND (production_year = 2007))
              Rows Removed by Filter: 2426519
Planning time: 0.725 ms
Execution time: 11481.370 ms
