Seq Scan on movie_companies mc  (cost=0.00..57926.93 rows=51 width=0) (actual time=1.670..675.566 rows=50 loops=1)
  Filter: ((company_id = 12702) AND (company_type_id = 1))
  Rows Removed by Filter: 2609079
Planning time: 0.391 ms
Execution time: 675.682 ms
