Seq Scan on movie_companies mc  (cost=0.00..57926.93 rows=719514 width=0) (actual time=0.022..897.361 rows=990751 loops=1)
  Filter: ((company_id < 13114) AND (company_type_id = 1))
  Rows Removed by Filter: 1618378
Planning time: 0.381 ms
Execution time: 1001.334 ms
