Seq Scan on movie_companies mc  (cost=0.00..57926.93 rows=1122474 width=0) (actual time=0.024..895.837 rows=1274246 loops=1)
  Filter: ((company_id < 91451) AND (company_type_id = 1))
  Rows Removed by Filter: 1334883
Planning time: 0.333 ms
Execution time: 1047.281 ms
