Hash Join  (cost=152173.97..903346.67 rows=38352 width=0) (actual time=2271.156..16090.214 rows=413388 loops=1)
  Hash Cond: (ci.movie_id = t.id)
  ->  Seq Scan on cast_info ci  (cost=0.00..614943.12 rows=36225612 width=4) (actual time=0.006..6558.004 rows=36244344 loops=1)
  ->  Hash  (cost=152140.51..152140.51 rows=2677 width=8) (actual time=2270.398..2270.398 rows=10062 loops=1)
        Buckets: 16384 (originally 4096)  Batches: 1 (originally 1)  Memory Usage: 522kB
        ->  Hash Join  (cost=67697.55..152140.51 rows=2677 width=8) (actual time=927.245..2266.516 rows=10062 loops=1)
              Hash Cond: (mk.movie_id = t.id)
              ->  Seq Scan on movie_keyword mk  (cost=0.00..81003.12 rows=910151 width=4) (actual time=0.026..1171.943 rows=903730 loops=1)
                    Filter: (keyword_id > 20421)
                    Rows Removed by Filter: 3620200
              ->  Hash  (cost=67604.59..67604.59 rows=7437 width=4) (actual time=926.823..926.823 rows=20122 loops=1)
                    Buckets: 32768 (originally 8192)  Batches: 1 (originally 1)  Memory Usage: 964kB
                    ->  Seq Scan on title t  (cost=0.00..67604.59 rows=7437 width=4) (actual time=0.031..917.673 rows=20122 loops=1)
                          Filter: (production_year = 1987)
                          Rows Removed by Filter: 2508190
Planning time: 1.123 ms
Execution time: 16145.185 ms
