Nested Loop  (cost=0.43..83072.29 rows=123 width=0) (actual time=0.093..965.031 rows=860 loops=1)
  ->  Seq Scan on movie_keyword mk  (cost=0.00..81003.12 rows=246 width=4) (actual time=0.045..934.190 rows=1477 loops=1)
        Filter: (keyword_id = 1740)
        Rows Removed by Filter: 4522453
  ->  Index Scan using title_pkey on title t  (cost=0.43..8.40 rows=1 width=4) (actual time=0.020..0.020 rows=1 loops=1477)
        Index Cond: (id = mk.movie_id)
        Filter: (production_year < 2004)
        Rows Removed by Filter: 0
Planning time: 0.713 ms
Execution time: 965.428 ms
