Hash Join  (cost=98137.04..1293090.46 rows=17592322 width=0) (actual time=1634.694..33021.551 rows=16929322 loops=1)
  Hash Cond: (ci.movie_id = t.id)
  ->  Seq Scan on cast_info ci  (cost=0.00..705507.15 rows=23902610 width=4) (actual time=0.024..13518.624 rows=23828371 loops=1)
        Filter: (person_id < 2442911)
        Rows Removed by Filter: 12415973
  ->  Hash  (cost=67604.59..67604.59 rows=1860996 width=4) (actual time=1633.763..1633.763 rows=1865487 loops=1)
        Buckets: 131072  Batches: 32  Memory Usage: 3079kB
        ->  Seq Scan on title t  (cost=0.00..67604.59 rows=1860996 width=4) (actual time=0.041..1064.292 rows=1865487 loops=1)
              Filter: (kind_id > 1)
              Rows Removed by Filter: 662825
Planning time: 0.731 ms
Execution time: 34883.813 ms
