Nested Loop  (cost=0.43..122269.25 rows=51 width=0) (actual time=3.111..1352.313 rows=28 loops=1)
  ->  Seq Scan on movie_keyword mk  (cost=0.00..81003.12 rows=5730 width=4) (actual time=1.136..1234.078 rows=4797 loops=1)
        Filter: (keyword_id = 11662)
        Rows Removed by Filter: 4519133
  ->  Index Scan using title_pkey on title t  (cost=0.43..7.19 rows=1 width=4) (actual time=0.024..0.024 rows=0 loops=4797)
        Index Cond: (id = mk.movie_id)
        Filter: ((kind_id = 1) AND (production_year = 2004))
        Rows Removed by Filter: 1
Planning time: 0.910 ms
Execution time: 1352.442 ms
