Seq Scan on movie_keyword mk  (cost=0.00..81003.12 rows=3100403 width=0) (actual time=0.019..1388.772 rows=3086479 loops=1)
  Filter: (keyword_id < 11640)
  Rows Removed by Filter: 1437451
Planning time: 0.279 ms
Execution time: 1797.686 ms
