Hash Join  (cost=126105.05..477078.32 rows=77 width=0) (actual time=3938.680..6165.084 rows=901 loops=1)
  Hash Cond: (mi.movie_id = t.id)
  ->  Seq Scan on movie_info mi  (cost=0.00..346232.03 rows=1264125 width=4) (actual time=2108.999..4337.818 rows=1288928 loops=1)
        Filter: (info_type_id = 2)
        Rows Removed by Filter: 13546792
  ->  Hash  (cost=126103.12..126103.12 rows=155 width=8) (actual time=1641.485..1641.485 rows=923 loops=1)
        Buckets: 1024  Batches: 1  Memory Usage: 45kB
        ->  Hash Join  (cost=73950.44..126103.12 rows=155 width=8) (actual time=1140.799..1641.043 rows=923 loops=1)
              Hash Cond: (mc.movie_id = t.id)
              ->  Seq Scan on movie_companies mc  (cost=0.00..51404.11 rows=199203 width=4) (actual time=241.373..706.136 rows=200651 loops=1)
                    Filter: (company_id > 113232)
                    Rows Removed by Filter: 2408478
              ->  Hash  (cost=73925.90..73925.90 rows=1963 width=4) (actual time=898.841..898.841 rows=3692 loops=1)
                    Buckets: 4096 (originally 2048)  Batches: 1 (originally 1)  Memory Usage: 162kB
                    ->  Seq Scan on title t  (cost=0.00..73925.90 rows=1963 width=4) (actual time=469.982..897.128 rows=3692 loops=1)
                          Filter: ((kind_id = 1) AND (production_year = 1964))
                          Rows Removed by Filter: 2524620
Planning time: 1.144 ms
Execution time: 6165.397 ms
