Nested Loop  (cost=0.43..83072.90 rows=37 width=0) (actual time=11.719..1303.706 rows=102 loops=1)
  ->  Seq Scan on movie_keyword mk  (cost=0.00..81003.12 rows=246 width=4) (actual time=0.158..1251.840 rows=1136 loops=1)
        Filter: (keyword_id = 6019)
        Rows Removed by Filter: 4522794
  ->  Index Scan using title_pkey on title t  (cost=0.43..8.40 rows=1 width=4) (actual time=0.045..0.045 rows=0 loops=1136)
        Index Cond: (id = mk.movie_id)
        Filter: ((kind_id > 1) AND (production_year < 1980))
        Rows Removed by Filter: 1
Planning time: 0.830 ms
Execution time: 1303.862 ms
