Hash Join  (cost=176504.88..279067.74 rows=100164 width=0) (actual time=3012.317..5309.863 rows=659267 loops=1)
  Hash Cond: (mk.movie_id = t.id)
  ->  Seq Scan on movie_keyword mk  (cost=0.00..81003.12 rows=1728292 width=4) (actual time=0.024..1367.148 rows=1735289 loops=1)
        Filter: (keyword_id < 2831)
        Rows Removed by Filter: 2788641
  ->  Hash  (cost=174100.10..174100.10 rows=146542 width=8) (actual time=3011.399..3011.399 rows=224384 loops=1)
        Buckets: 131072 (originally 131072)  Batches: 4 (originally 2)  Memory Usage: 3223kB
        ->  Hash Join  (cost=102767.86..174100.10 rows=146542 width=8) (actual time=1593.839..2932.956 rows=224384 loops=1)
              Hash Cond: (mc.movie_id = t.id)
              ->  Seq Scan on movie_companies mc  (cost=0.00..57926.93 rows=146542 width=4) (actual time=0.026..716.518 rows=224384 loops=1)
                    Filter: ((company_id < 160) AND (company_type_id = 1))
                    Rows Removed by Filter: 2384745
              ->  Hash  (cost=61283.27..61283.27 rows=2528527 width=4) (actual time=1592.426..1592.426 rows=2528312 loops=1)
                    Buckets: 131072  Batches: 64  Memory Usage: 2415kB
                    ->  Seq Scan on title t  (cost=0.00..61283.27 rows=2528527 width=4) (actual time=0.020..771.315 rows=2528312 loops=1)
Planning time: 1.127 ms
Execution time: 5397.994 ms
