Hash Join  (cost=152888.71..665247.87 rows=3050823 width=0) (actual time=3046.642..14771.038 rows=3649006 loops=1)
  Hash Cond: (mi.movie_id = t.id)
  ->  Seq Scan on movie_info mi  (cost=0.00..309384.22 rows=14739122 width=4) (actual time=0.017..4693.311 rows=14835720 loops=1)
  ->  Hash  (cost=144301.52..144301.52 rows=523375 width=8) (actual time=3045.658..3045.658 rows=380134 loops=1)
        Buckets: 131072  Batches: 8  Memory Usage: 2887kB
        ->  Hash Join  (cost=97651.71..144301.52 rows=523375 width=8) (actual time=1661.829..2922.868 rows=380134 loops=1)
              Hash Cond: (mi_idx.movie_id = t.id)
              ->  Seq Scan on movie_info_idx mi_idx  (cost=0.00..25185.44 rows=915101 width=4) (actual time=0.031..454.651 rows=919850 loops=1)
                    Filter: (info_type_id < 101)
                    Rows Removed by Filter: 460185
              ->  Hash  (cost=73925.90..73925.90 rows=1446144 width=4) (actual time=1660.988..1660.988 rows=1429781 loops=1)
                    Buckets: 131072  Batches: 32  Memory Usage: 2594kB
                    ->  Seq Scan on title t  (cost=0.00..73925.90 rows=1446144 width=4) (actual time=0.025..1211.790 rows=1429781 loops=1)
                          Filter: ((kind_id > 2) AND (production_year < 2011))
                          Rows Removed by Filter: 1098531
Planning time: 1.189 ms
Execution time: 15154.555 ms
