Nested Loop  (cost=44377.22..120206.83 rows=4053 width=0) (actual time=629.162..1648.573 rows=2424 loops=1)
  Join Filter: (mc.movie_id = t.id)
  ->  Hash Join  (cost=44376.79..103302.59 rows=28511 width=8) (actual time=629.105..1475.925 rows=18454 loops=1)
        Hash Cond: (mc.movie_id = mi_idx.movie_id)
        ->  Seq Scan on movie_companies mc  (cost=0.00..51404.11 rows=10089 width=4) (actual time=1.818..616.198 rows=10160 loops=1)
              Filter: (company_id = 2561)
              Rows Removed by Filter: 2598969
        ->  Hash  (cost=21735.35..21735.35 rows=1380035 width=4) (actual time=613.389..613.389 rows=1380035 loops=1)
              Buckets: 131072  Batches: 32  Memory Usage: 2540kB
              ->  Seq Scan on movie_info_idx mi_idx  (cost=0.00..21735.35 rows=1380035 width=4) (actual time=0.018..296.630 rows=1380035 loops=1)
  ->  Index Scan using title_pkey on title t  (cost=0.43..0.58 rows=1 width=4) (actual time=0.009..0.009 rows=0 loops=18454)
        Index Cond: (id = mi_idx.movie_id)
        Filter: (kind_id > 1)
        Rows Removed by Filter: 1
Planning time: 1.106 ms
Execution time: 1649.291 ms
