Seq Scan on cast_info ci  (cost=0.00..705507.15 rows=35757962 width=0) (actual time=0.026..11006.385 rows=35852705 loops=1)
  Filter: (person_id > 44714)
  Rows Removed by Filter: 391639
Planning time: 0.321 ms
Execution time: 15252.497 ms
