Hash Join  (cost=501118.27..1343904.71 rows=652239 width=0) (actual time=16242.779..19113.629 rows=2607 loops=1)
  Hash Cond: (ci.movie_id = t.id)
  ->  Seq Scan on cast_info ci  (cost=0.00..796071.18 rows=2967374 width=4) (actual time=7578.287..10299.941 rows=2652 loops=1)
        Filter: ((person_id < 1442498) AND (role_id = 2))
        Rows Removed by Filter: 36241692
  ->  Hash  (cost=491999.04..491999.04 rows=555779 width=8) (actual time=8648.959..8648.959 rows=886357 loops=1)
        Buckets: 131072 (originally 131072)  Batches: 16 (originally 8)  Memory Usage: 3227kB
        ->  Hash Join  (cost=78306.32..491999.04 rows=555779 width=8) (actual time=1344.389..8349.023 rows=886357 loops=1)
              Hash Cond: (mi.movie_id = t.id)
              ->  Seq Scan on movie_info mi  (cost=0.00..346232.03 rows=5263441 width=4) (actual time=248.357..4757.428 rows=5270569 loops=1)
                    Filter: (info_type_id > 15)
                    Rows Removed by Filter: 9565151
              ->  Hash  (cost=73925.90..73925.90 rows=266993 width=4) (actual time=1015.082..1015.082 rows=216282 loops=1)
                    Buckets: 131072  Batches: 4  Memory Usage: 2934kB
                    ->  Seq Scan on title t  (cost=0.00..73925.90 rows=266993 width=4) (actual time=428.717..942.864 rows=216282 loops=1)
                          Filter: ((kind_id < 2) AND (production_year > 2005))
                          Rows Removed by Filter: 2312030
Planning time: 1.331 ms
Execution time: 19114.408 ms
