Hash Join  (cost=919970.19..1569732.73 rows=14201571 width=0) (actual time=16169.668..32147.663 rows=13119556 loops=1)
  Hash Cond: (mi.movie_id = t.id)
  ->  Seq Scan on movie_info mi  (cost=0.00..309384.22 rows=14739122 width=4) (actual time=0.009..4579.672 rows=14835720 loops=1)
  ->  Hash  (cost=879999.33..879999.33 rows=2436309 width=8) (actual time=16168.320..16168.320 rows=2653912 loops=1)
        Buckets: 131072 (originally 131072)  Batches: 64 (originally 32)  Memory Usage: 3073kB
        ->  Hash Join  (cost=92883.59..879999.33 rows=2436309 width=8) (actual time=1430.616..15380.370 rows=2653912 loops=1)
              Hash Cond: (ci.movie_id = t.id)
              ->  Seq Scan on cast_info ci  (cost=0.00..705507.15 rows=3998100 width=4) (actual time=0.019..10834.952 rows=4008037 loops=1)
                    Filter: (role_id = 3)
                    Rows Removed by Filter: 32236307
              ->  Hash  (cost=67604.59..67604.59 rows=1540800 width=4) (actual time=1429.325..1429.325 rows=1543264 loops=1)
                    Buckets: 131072  Batches: 32  Memory Usage: 2722kB
                    ->  Seq Scan on title t  (cost=0.00..67604.59 rows=1540800 width=4) (actual time=0.020..942.494 rows=1543264 loops=1)
                          Filter: (kind_id = 7)
                          Rows Removed by Filter: 985048
Planning time: 1.150 ms
Execution time: 33685.708 ms
