Hash Join  (cost=73982.55..100904.92 rows=826 width=0) (actual time=1217.371..1495.640 rows=1376 loops=1)
  Hash Cond: (mi_idx.movie_id = t.id)
  ->  Seq Scan on movie_info_idx mi_idx  (cost=0.00..25185.44 rows=460978 width=4) (actual time=0.022..394.675 rows=459925 loops=1)
        Filter: (info_type_id = 99)
        Rows Removed by Filter: 920110
  ->  Hash  (cost=73925.90..73925.90 rows=4532 width=4) (actual time=1005.882..1005.882 rows=8818 loops=1)
        Buckets: 16384 (originally 8192)  Batches: 1 (originally 1)  Memory Usage: 439kB
        ->  Seq Scan on title t  (cost=0.00..73925.90 rows=4532 width=4) (actual time=0.404..1001.577 rows=8818 loops=1)
              Filter: ((kind_id = 7) AND (production_year = 1967))
              Rows Removed by Filter: 2519494
Planning time: 0.692 ms
Execution time: 1496.011 ms
