Seq Scan on movie_companies mc  (cost=0.00..51404.11 rows=477524 width=0) (actual time=0.037..765.092 rows=471529 loops=1)
  Filter: (company_id < 419)
  Rows Removed by Filter: 2137600
Planning time: 0.290 ms
Execution time: 828.318 ms
