Seq Scan on movie_keyword mk  (cost=0.00..81003.12 rows=2196684 width=0) (actual time=0.023..1080.586 rows=2195385 loops=1)
  Filter: (keyword_id > 5111)
  Rows Removed by Filter: 2328545
Planning time: 0.311 ms
Execution time: 1345.499 ms
