Seq Scan on movie_keyword mk  (cost=0.00..81003.12 rows=1775994 width=0) (actual time=0.026..1215.057 rows=1778082 loops=1)
  Filter: (keyword_id > 7777)
  Rows Removed by Filter: 2745848
Planning time: 0.295 ms
Execution time: 1443.937 ms
