Seq Scan on cast_info ci  (cost=0.00..705507.15 rows=434016 width=0) (actual time=971.475..9037.671 rows=365490 loops=1)
  Filter: (person_id < 41829)
  Rows Removed by Filter: 35878854
Planning time: 0.329 ms
Execution time: 9082.579 ms
