Hash Join  (cost=76656.98..131802.58 rows=16639 width=0) (actual time=818.681..1641.508 rows=34900 loops=1)
  Hash Cond: (mc.movie_id = t.id)
  ->  Seq Scan on movie_companies mc  (cost=0.00..51404.11 rows=252826 width=4) (actual time=0.021..694.488 rows=248921 loops=1)
        Filter: (company_id < 119)
        Rows Removed by Filter: 2360208
  ->  Hash  (cost=73925.90..73925.90 rows=166406 width=4) (actual time=817.585..817.585 rows=66078 loops=1)
        Buckets: 131072  Batches: 4  Memory Usage: 1604kB
        ->  Seq Scan on title t  (cost=0.00..73925.90 rows=166406 width=4) (actual time=77.132..794.942 rows=66078 loops=1)
              Filter: ((production_year < 1963) AND (kind_id = 7))
              Rows Removed by Filter: 2462234
Planning time: 0.725 ms
Execution time: 1646.126 ms
