Hash Join  (cost=189201.50..1354473.06 rows=9202845 width=0) (actual time=3824.633..35846.166 rows=10841414 loops=1)
  Hash Cond: (ci.movie_id = t.id)
  ->  Seq Scan on cast_info ci  (cost=0.00..705507.15 rows=31554923 width=4) (actual time=0.019..14241.577 rows=31605208 loops=1)
        Filter: (role_id < 10)
        Rows Removed by Filter: 4639136
  ->  Hash  (cost=177102.59..177102.59 rows=737433 width=8) (actual time=3823.360..3823.360 rows=491367 loops=1)
        Buckets: 131072  Batches: 16  Memory Usage: 2209kB
        ->  Hash Join  (cost=97834.96..177102.59 rows=737433 width=8) (actual time=1787.651..3673.240 rows=491367 loops=1)
              Hash Cond: (mc.movie_id = t.id)
              ->  Seq Scan on movie_companies mc  (cost=0.00..51404.11 rows=1279517 width=4) (actual time=0.029..842.061 rows=1274246 loops=1)
                    Filter: (company_type_id = 1)
                    Rows Removed by Filter: 1334883
              ->  Hash  (cost=73925.90..73925.90 rows=1457284 width=4) (actual time=1786.585..1786.585 rows=1581379 loops=1)
                    Buckets: 131072  Batches: 32  Memory Usage: 2772kB
                    ->  Seq Scan on title t  (cost=0.00..73925.90 rows=1457284 width=4) (actual time=0.027..1273.171 rows=1581379 loops=1)
                          Filter: ((kind_id > 1) AND (production_year > 1977))
                          Rows Removed by Filter: 946933
Planning time: 1.141 ms
Execution time: 37130.257 ms
