Hash Join  (cost=356825.28..1158031.45 rows=24941454 width=0) (actual time=8065.179..70392.702 rows=234344671 loops=1)
  Hash Cond: (mi.movie_id = t.id)
  ->  Seq Scan on movie_info mi  (cost=0.00..309384.22 rows=14739122 width=4) (actual time=0.019..4710.710 rows=14835720 loops=1)
  ->  Hash  (cost=286626.81..286626.81 rows=4278758 width=8) (actual time=8063.444..8063.444 rows=4455749 loops=1)
        Buckets: 131072  Batches: 64  Memory Usage: 3851kB
        ->  Hash Join  (cost=106840.27..286626.81 rows=4278758 width=8) (actual time=1988.534..6931.125 rows=4455749 loops=1)
              Hash Cond: (mk.movie_id = t.id)
              ->  Seq Scan on movie_keyword mk  (cost=0.00..69693.30 rows=4523930 width=4) (actual time=0.024..1170.642 rows=4523930 loops=1)
              ->  Hash  (cost=67604.59..67604.59 rows=2391495 width=4) (actual time=1987.282..1987.282 rows=2388876 loops=1)
                    Buckets: 131072  Batches: 32  Memory Usage: 3656kB
                    ->  Seq Scan on title t  (cost=0.00..67604.59 rows=2391495 width=4) (actual time=0.023..1206.704 rows=2388876 loops=1)
                          Filter: (production_year < 2013)
                          Rows Removed by Filter: 139436
Planning time: 1.082 ms
Execution time: 94384.533 ms
