Seq Scan on cast_info ci  (cost=0.00..705507.15 rows=11291274 width=0) (actual time=0.145..8680.113 rows=11280792 loops=1)
  Filter: (person_id > 2572308)
  Rows Removed by Filter: 24963552
Planning time: 0.341 ms
Execution time: 10063.946 ms
