Hash Join  (cost=87150.54..1014055.30 rows=4716734 width=0) (actual time=1478.718..24152.155 rows=4999631 loops=1)
  Hash Cond: (ci.movie_id = t.id)
  ->  Seq Scan on cast_info ci  (cost=0.00..705507.15 rows=14796072 width=4) (actual time=0.029..13598.141 rows=14966183 loops=1)
        Filter: (person_id > 2153051)
        Rows Removed by Filter: 21278161
  ->  Hash  (cost=73925.90..73925.90 rows=806051 width=4) (actual time=1477.604..1477.604 rows=719730 loops=1)
        Buckets: 131072  Batches: 16  Memory Usage: 2606kB
        ->  Seq Scan on title t  (cost=0.00..73925.90 rows=806051 width=4) (actual time=0.023..1245.394 rows=719730 loops=1)
              Filter: ((kind_id < 7) AND (production_year > 1971))
              Rows Removed by Filter: 1808582
Planning time: 0.913 ms
Execution time: 24764.761 ms
