Hash Join  (cost=88257.79..130599.19 rows=316133 width=0) (actual time=1569.860..2527.067 rows=158614 loops=1)
  Hash Cond: (mi_idx.movie_id = t.id)
  ->  Seq Scan on movie_info_idx mi_idx  (cost=0.00..25185.44 rows=915101 width=4) (actual time=0.019..494.487 rows=919850 loops=1)
        Filter: (info_type_id < 101)
        Rows Removed by Filter: 460185
  ->  Hash  (cost=73925.90..73925.90 rows=873511 width=4) (actual time=1420.543..1420.543 rows=957299 loops=1)
        Buckets: 131072  Batches: 16  Memory Usage: 3134kB
        ->  Seq Scan on title t  (cost=0.00..73925.90 rows=873511 width=4) (actual time=0.015..1112.888 rows=957299 loops=1)
              Filter: ((production_year > 1999) AND (kind_id = 7))
              Rows Removed by Filter: 1571013
Planning time: 0.509 ms
Execution time: 2545.420 ms
