Hash Join  (cost=72707.20..189199.42 rows=329534 width=0) (actual time=978.562..3302.900 rows=490206 loops=1)
  Hash Cond: (mk.movie_id = t.id)
  ->  Seq Scan on movie_keyword mk  (cost=0.00..81003.12 rows=2679134 width=4) (actual time=0.021..1240.920 rows=2675471 loops=1)
        Filter: (keyword_id < 7491)
        Rows Removed by Filter: 1848459
  ->  Hash  (cost=67604.59..67604.59 rows=311009 width=4) (actual time=977.537..977.537 rows=309534 loops=1)
        Buckets: 131072  Batches: 8  Memory Usage: 2384kB
        ->  Seq Scan on title t  (cost=0.00..67604.59 rows=311009 width=4) (actual time=0.023..877.394 rows=309534 loops=1)
              Filter: (production_year < 1966)
              Rows Removed by Filter: 2218778
Planning time: 0.646 ms
Execution time: 3354.653 ms
