Hash Join  (cost=52284.35..434053.74 rows=120 width=0) (actual time=672.838..6485.731 rows=86 loops=1)
  Hash Cond: (mi.movie_id = t.id)
  ->  Seq Scan on movie_info mi  (cost=0.00..346232.03 rows=9476311 width=4) (actual time=29.380..4601.673 rows=9565151 loops=1)
        Filter: (info_type_id < 16)
        Rows Removed by Filter: 5270569
  ->  Hash  (cost=52283.95..52283.95 rows=32 width=8) (actual time=633.677..633.677 rows=14 loops=1)
        Buckets: 1024  Batches: 1  Memory Usage: 9kB
        ->  Nested Loop  (cost=0.43..52283.95 rows=32 width=8) (actual time=27.373..633.648 rows=14 loops=1)
              ->  Seq Scan on movie_companies mc  (cost=0.00..51404.11 rows=104 width=4) (actual time=14.389..632.289 rows=35 loops=1)
                    Filter: (company_id = 2982)
                    Rows Removed by Filter: 2609094
              ->  Index Scan using title_pkey on title t  (cost=0.43..8.45 rows=1 width=4) (actual time=0.034..0.035 rows=0 loops=35)
                    Index Cond: (id = mc.movie_id)
                    Filter: (production_year > 2007)
                    Rows Removed by Filter: 1
Planning time: 1.159 ms
Execution time: 6485.925 ms
