Hash Join  (cost=102767.86..178764.47 rows=340411 width=0) (actual time=1463.317..3208.943 rows=646181 loops=1)
  Hash Cond: (mc.movie_id = t.id)
  ->  Seq Scan on movie_companies mc  (cost=0.00..57926.93 rows=340411 width=4) (actual time=0.026..825.662 rows=646181 loops=1)
        Filter: ((company_id > 49990) AND (company_type_id = 2))
        Rows Removed by Filter: 1962948
  ->  Hash  (cost=61283.27..61283.27 rows=2528527 width=4) (actual time=1461.585..1461.585 rows=2528312 loops=1)
        Buckets: 131072  Batches: 64  Memory Usage: 2415kB
        ->  Seq Scan on title t  (cost=0.00..61283.27 rows=2528527 width=4) (actual time=0.018..714.200 rows=2528312 loops=1)
Planning time: 0.669 ms
Execution time: 3286.180 ms
