Hash Join  (cost=204674.09..718670.14 rows=1477524 width=0) (actual time=4427.428..17584.956 rows=5582611 loops=1)
  Hash Cond: (mi.movie_id = t.id)
  ->  Seq Scan on movie_info mi  (cost=0.00..309384.22 rows=14739122 width=4) (actual time=0.018..5968.350 rows=14835720 loops=1)
  ->  Hash  (cost=200514.69..200514.69 rows=253472 width=8) (actual time=4426.329..4426.329 rows=127993 loops=1)
        Buckets: 131072  Batches: 4  Memory Usage: 2351kB
        ->  Hash Join  (cost=70241.71..200514.69 rows=253472 width=8) (actual time=1174.878..4384.897 rows=127993 loops=1)
              Hash Cond: (mk.movie_id = t.id)
              ->  Seq Scan on movie_keyword mk  (cost=0.00..81003.12 rows=3987503 width=4) (actual time=0.016..1688.633 rows=3995907 loops=1)
                    Filter: (keyword_id < 34483)
                    Rows Removed by Filter: 528023
              ->  Hash  (cost=67604.59..67604.59 rows=160730 width=4) (actual time=1172.580..1172.580 rows=160017 loops=1)
                    Buckets: 131072  Batches: 4  Memory Usage: 2442kB
                    ->  Seq Scan on title t  (cost=0.00..67604.59 rows=160730 width=4) (actual time=0.027..1114.004 rows=160017 loops=1)
                          Filter: (production_year = 2011)
                          Rows Removed by Filter: 2368295
Planning time: 1.194 ms
Execution time: 18165.902 ms
