Seq Scan on movie_keyword mk  (cost=0.00..81003.12 rows=2747783 width=0) (actual time=0.024..1307.905 rows=2738812 loops=1)
  Filter: (keyword_id > 2888)
  Rows Removed by Filter: 1785118
Planning time: 0.288 ms
Execution time: 1656.085 ms
