Nested Loop  (cost=0.43..797555.70 rows=176 width=0) (actual time=11194.923..11861.900 rows=202 loops=1)
  ->  Seq Scan on cast_info ci  (cost=0.00..796071.18 rows=176 width=4) (actual time=11194.741..11857.673 rows=202 loops=1)
        Filter: ((role_id < 2) AND (person_id = 916679))
        Rows Removed by Filter: 36244142
  ->  Index Only Scan using title_pkey on title t  (cost=0.43..8.42 rows=1 width=4) (actual time=0.019..0.020 rows=1 loops=202)
        Index Cond: (id = ci.movie_id)
        Heap Fetches: 202
Planning time: 0.710 ms
Execution time: 11862.034 ms
