Seq Scan on movie_companies mc  (cost=0.00..57926.93 rows=53 width=0) (actual time=248.575..722.337 rows=7 loops=1)
  Filter: ((company_type_id > 1) AND (company_id = 46427))
  Rows Removed by Filter: 2609122
Planning time: 0.365 ms
Execution time: 722.436 ms
