Seq Scan on movie_companies mc  (cost=0.00..57926.93 rows=979443 width=0) (actual time=0.027..924.465 rows=1265669 loops=1)
  Filter: ((company_id < 63230) AND (company_type_id < 2))
  Rows Removed by Filter: 1343460
Planning time: 0.355 ms
Execution time: 1081.896 ms
