Nested Loop  (cost=0.43..799382.33 rows=3 width=0) (actual time=9159.063..12240.111 rows=1 loops=1)
  ->  Seq Scan on cast_info ci  (cost=0.00..796071.18 rows=396 width=4) (actual time=5030.254..12239.888 rows=3 loops=1)
        Filter: ((role_id < 8) AND (person_id = 1628719))
        Rows Removed by Filter: 36244341
  ->  Index Scan using title_pkey on title t  (cost=0.43..8.35 rows=1 width=4) (actual time=0.061..0.061 rows=0 loops=3)
        Index Cond: (id = ci.movie_id)
        Filter: ((production_year > 2012) AND (kind_id = 1))
        Rows Removed by Filter: 1
Planning time: 0.708 ms
Execution time: 12240.205 ms
