Seq Scan on movie_keyword mk  (cost=0.00..81003.12 rows=246 width=0) (actual time=172.632..1163.852 rows=11 loops=1)
  Filter: (keyword_id = 47479)
  Rows Removed by Filter: 4523919
Planning time: 0.329 ms
Execution time: 1163.936 ms
