Hash Join  (cost=170943.85..932052.58 rows=1031957 width=0) (actual time=2839.088..26481.808 rows=7925569 loops=1)
  Hash Cond: (ci.movie_id = t.id)
  ->  Seq Scan on cast_info ci  (cost=0.00..614943.12 rows=36225612 width=4) (actual time=0.024..6737.935 rows=36244344 loops=1)
  ->  Hash  (cost=170043.47..170043.47 rows=72030 width=8) (actual time=2837.777..2837.777 rows=129964 loops=1)
        Buckets: 131072 (originally 131072)  Batches: 2 (originally 1)  Memory Usage: 3565kB
        ->  Hash Join  (cost=74545.71..170043.47 rows=72030 width=8) (actual time=863.858..2793.287 rows=129964 loops=1)
              Hash Cond: (mk.movie_id = t.id)
              ->  Seq Scan on movie_keyword mk  (cost=0.00..81003.12 rows=3673158 width=4) (actual time=0.026..1310.902 rows=3667224 loops=1)
                    Filter: (keyword_id < 21435)
                    Rows Removed by Filter: 856706
              ->  Hash  (cost=73925.90..73925.90 rows=49584 width=4) (actual time=863.332..863.332 rows=38752 loops=1)
                    Buckets: 65536  Batches: 1  Memory Usage: 1875kB
                    ->  Seq Scan on title t  (cost=0.00..73925.90 rows=49584 width=4) (actual time=0.036..847.747 rows=38752 loops=1)
                          Filter: ((kind_id < 7) AND (production_year = 2008))
                          Rows Removed by Filter: 2489560
Planning time: 1.038 ms
Execution time: 27445.326 ms
