Seq Scan on movie_keyword mk  (cost=0.00..81003.12 rows=246 width=0) (actual time=16.731..1073.733 rows=82 loops=1)
  Filter: (keyword_id = 16933)
  Rows Removed by Filter: 4523848
Planning time: 0.252 ms
Execution time: 1073.889 ms
