Seq Scan on movie_companies mc  (cost=0.00..51404.11 rows=137912 width=0) (actual time=349.491..664.404 rows=136943 loops=1)
  Filter: (company_id > 137801)
  Rows Removed by Filter: 2472186
Planning time: 0.326 ms
Execution time: 681.000 ms
