Seq Scan on cast_info ci  (cost=0.00..796071.18 rows=5007241 width=0) (actual time=0.027..11190.240 rows=2297416 loops=1)
  Filter: ((person_id < 2120211) AND (role_id > 5))
  Rows Removed by Filter: 33946928
Planning time: 0.312 ms
Execution time: 11483.650 ms
