Hash Join  (cost=83074.74..833899.15 rows=3524 width=0) (actual time=2732.388..15925.267 rows=74743 loops=1)
  Hash Cond: (ci.movie_id = t.id)
  ->  Seq Scan on cast_info ci  (cost=0.00..614943.12 rows=36225612 width=4) (actual time=0.026..6265.004 rows=36244344 loops=1)
  ->  Hash  (cost=83071.67..83071.67 rows=246 width=8) (actual time=2731.524..2731.524 rows=1136 loops=1)
        Buckets: 2048 (originally 1024)  Batches: 1 (originally 1)  Memory Usage: 61kB
        ->  Nested Loop  (cost=0.43..83071.67 rows=246 width=8) (actual time=1.473..2730.624 rows=1136 loops=1)
              ->  Seq Scan on movie_keyword mk  (cost=0.00..81003.12 rows=246 width=4) (actual time=1.411..1040.919 rows=1136 loops=1)
                    Filter: (keyword_id = 1053)
                    Rows Removed by Filter: 4522794
              ->  Index Only Scan using title_pkey on title t  (cost=0.43..8.40 rows=1 width=4) (actual time=1.486..1.486 rows=1 loops=1136)
                    Index Cond: (id = mk.movie_id)
                    Heap Fetches: 1136
Planning time: 1.048 ms
Execution time: 15940.575 ms
