Hash Join  (cost=98137.04..197126.85 rows=1470910 width=0) (actual time=1630.861..4258.767 rows=1019964 loops=1)
  Hash Cond: (mc.movie_id = t.id)
  ->  Seq Scan on movie_companies mc  (cost=0.00..51404.11 rows=1998519 width=4) (actual time=0.024..970.794 rows=1994300 loops=1)
        Filter: (company_id < 63537)
        Rows Removed by Filter: 614829
  ->  Hash  (cost=67604.59..67604.59 rows=1860996 width=4) (actual time=1629.546..1629.546 rows=1865487 loops=1)
        Buckets: 131072  Batches: 32  Memory Usage: 3079kB
        ->  Seq Scan on title t  (cost=0.00..67604.59 rows=1860996 width=4) (actual time=0.013..1029.516 rows=1865487 loops=1)
              Filter: (kind_id > 1)
              Rows Removed by Filter: 662825
Planning time: 0.656 ms
Execution time: 4384.396 ms
