Hash Join  (cost=100089.65..151984.20 rows=719683 width=0) (actual time=1651.843..3734.609 rows=722813 loops=1)
  Hash Cond: (mi_idx.movie_id = t.id)
  ->  Seq Scan on movie_info_idx mi_idx  (cost=0.00..25185.44 rows=919057 width=4) (actual time=0.031..425.325 rows=920110 loops=1)
        Filter: (info_type_id > 99)
        Rows Removed by Filter: 459925
  ->  Hash  (cost=67604.59..67604.59 rows=1980005 width=4) (actual time=1650.513..1650.513 rows=1976617 loops=1)
        Buckets: 131072  Batches: 32  Memory Usage: 3203kB
        ->  Seq Scan on title t  (cost=0.00..67604.59 rows=1980005 width=4) (actual time=0.012..1047.051 rows=1976617 loops=1)
              Filter: (production_year > 1977)
              Rows Removed by Filter: 551695
Planning time: 0.675 ms
Execution time: 3819.481 ms
