Seq Scan on movie_keyword mk  (cost=0.00..81003.12 rows=2384958 width=0) (actual time=0.027..1297.641 rows=2380322 loops=1)
  Filter: (keyword_id > 4015)
  Rows Removed by Filter: 2143608
Planning time: 0.340 ms
Execution time: 1603.301 ms
