Hash Join  (cost=160479.02..299220.72 rows=1373966 width=0) (actual time=3766.029..7602.850 rows=2495514 loops=1)
  Hash Cond: (mk.movie_id = t.id)
  ->  Seq Scan on movie_keyword mk  (cost=0.00..69693.30 rows=4523930 width=4) (actual time=0.022..1396.902 rows=4523930 loops=1)
  ->  Hash  (cost=147879.76..147879.76 rows=767941 width=8) (actual time=3765.150..3765.150 rows=630237 loops=1)
        Buckets: 131072  Batches: 16  Memory Usage: 2585kB
        ->  Hash Join  (cost=97010.87..147879.76 rows=767941 width=8) (actual time=2024.720..3575.598 rows=630237 loops=1)
              Hash Cond: (mi_idx.movie_id = t.id)
              ->  Seq Scan on movie_info_idx mi_idx  (cost=0.00..21735.35 rows=1380035 width=4) (actual time=0.018..460.310 rows=1380035 loops=1)
              ->  Hash  (cost=73925.90..73925.90 rows=1407037 width=4) (actual time=2023.067..2023.067 rows=1529626 loops=1)
                    Buckets: 131072  Batches: 32  Memory Usage: 2715kB
                    ->  Seq Scan on title t  (cost=0.00..73925.90 rows=1407037 width=4) (actual time=0.023..1525.102 rows=1529626 loops=1)
                          Filter: ((kind_id > 1) AND (production_year > 1982))
                          Rows Removed by Filter: 998686
Planning time: 3.904 ms
Execution time: 7868.538 ms
