Hash Join  (cost=474584.84..606160.20 rows=785733 width=0) (actual time=7655.598..13898.164 rows=11497027 loops=1)
  Hash Cond: (mk.movie_id = t.id)
  ->  Seq Scan on movie_keyword mk  (cost=0.00..69693.30 rows=4523930 width=4) (actual time=0.033..1133.212 rows=4523930 loops=1)
  ->  Hash  (cost=467379.29..467379.29 rows=439164 width=8) (actual time=7654.823..7654.823 rows=577362 loops=1)
        Buckets: 131072  Batches: 8  Memory Usage: 3885kB
        ->  Hash Join  (cost=79863.89..467379.29 rows=439164 width=8) (actual time=1633.137..7461.762 rows=577362 loops=1)
              Hash Cond: (mi.movie_id = t.id)
              ->  Seq Scan on movie_info mi  (cost=0.00..346232.03 rows=3068194 width=4) (actual time=509.699..4669.189 rows=3036719 loops=1)
                    Filter: (info_type_id = 16)
                    Rows Removed by Filter: 11799001
              ->  Hash  (cost=73925.90..73925.90 rows=361919 width=4) (actual time=1122.286..1122.286 rows=470371 loops=1)
                    Buckets: 131072  Batches: 8  Memory Usage: 3111kB
                    ->  Seq Scan on title t  (cost=0.00..73925.90 rows=361919 width=4) (actual time=0.028..966.591 rows=470371 loops=1)
                          Filter: ((kind_id < 7) AND (production_year < 1998))
                          Rows Removed by Filter: 2057941
Planning time: 1.073 ms
Execution time: 15235.701 ms
