Hash Join  (cost=482271.16..1606922.00 rows=8843570 width=0) (actual time=7140.303..45136.691 rows=40226354 loops=1)
  Hash Cond: (ci.movie_id = t.id)
  ->  Seq Scan on cast_info ci  (cost=0.00..614943.12 rows=36225612 width=4) (actual time=0.027..10457.709 rows=36244344 loops=1)
  ->  Hash  (cost=472143.21..472143.21 rows=617276 width=8) (actual time=7139.327..7139.327 rows=716427 loops=1)
        Buckets: 131072  Batches: 16  Memory Usage: 2789kB
        ->  Hash Join  (cost=82272.69..472143.21 rows=617276 width=8) (actual time=4774.962..6944.994 rows=716427 loops=1)
              Hash Cond: (mi.movie_id = t.id)
              ->  Seq Scan on movie_info mi  (cost=0.00..346232.03 rows=3068194 width=4) (actual time=2537.950..4305.627 rows=3036719 loops=1)
                    Filter: (info_type_id = 16)
                    Rows Removed by Filter: 11799001
              ->  Hash  (cost=73925.90..73925.90 rows=508703 width=4) (actual time=1108.190..1108.190 rows=377920 loops=1)
                    Buckets: 131072  Batches: 8  Memory Usage: 2700kB
                    ->  Seq Scan on title t  (cost=0.00..73925.90 rows=508703 width=4) (actual time=0.179..983.232 rows=377920 loops=1)
                          Filter: ((production_year > 1981) AND (kind_id = 1))
                          Rows Removed by Filter: 2150392
Planning time: 1.128 ms
Execution time: 49924.213 ms
