Hash Join  (cost=83810.17..148494.27 rows=73172 width=0) (actual time=1212.654..1748.500 rows=38258 loops=1)
  Hash Cond: (mc.movie_id = t.id)
  ->  Seq Scan on movie_companies mc  (cost=0.00..57926.93 rows=187317 width=4) (actual time=320.416..629.031 rows=84664 loops=1)
        Filter: ((company_id < 197) AND (company_type_id = 2))
        Rows Removed by Filter: 2524465
  ->  Hash  (cost=67604.59..67604.59 rows=987727 width=4) (actual time=891.356..891.356 rows=985048 loops=1)
        Buckets: 131072  Batches: 16  Memory Usage: 3188kB
        ->  Seq Scan on title t  (cost=0.00..67604.59 rows=987727 width=4) (actual time=0.034..699.104 rows=985048 loops=1)
              Filter: (kind_id < 7)
              Rows Removed by Filter: 1543264
Planning time: 0.643 ms
Execution time: 1753.724 ms
