Nested Loop  (cost=0.43..797957.66 rows=224 width=0) (actual time=146.590..11261.597 rows=2078 loops=1)
  ->  Seq Scan on cast_info ci  (cost=0.00..796071.18 rows=224 width=4) (actual time=146.493..11236.305 rows=2078 loops=1)
        Filter: ((role_id > 2) AND (person_id = 3936142))
        Rows Removed by Filter: 36242266
  ->  Index Only Scan using title_pkey on title t  (cost=0.43..8.41 rows=1 width=4) (actual time=0.011..0.012 rows=1 loops=2078)
        Index Cond: (id = ci.movie_id)
        Heap Fetches: 2078
Planning time: 0.654 ms
Execution time: 11262.127 ms
