Hash Join  (cost=79110.05..148144.08 rows=159872 width=0) (actual time=1125.561..2700.149 rows=470545 loops=1)
  Hash Cond: (mc.movie_id = t.id)
  ->  Seq Scan on movie_companies mc  (cost=0.00..51404.11 rows=1279517 width=4) (actual time=0.020..850.034 rows=1274246 loops=1)
        Filter: (company_type_id < 2)
        Rows Removed by Filter: 1334883
  ->  Hash  (cost=73925.90..73925.90 rows=315932 width=4) (actual time=1124.611..1124.611 rows=433359 loops=1)
        Buckets: 131072  Batches: 8  Memory Usage: 2939kB
        ->  Seq Scan on title t  (cost=0.00..73925.90 rows=315932 width=4) (actual time=0.017..984.820 rows=433359 loops=1)
              Filter: ((kind_id < 7) AND (production_year < 1995))
              Rows Removed by Filter: 2094953
Planning time: 0.555 ms
Execution time: 2744.901 ms
