Hash Join  (cost=98098.54..240838.95 rows=1985959 width=0) (actual time=1637.580..4950.838 rows=1790676 loops=1)
  Hash Cond: (mk.movie_id = t.id)
  ->  Seq Scan on movie_keyword mk  (cost=0.00..81003.12 rows=2701740 width=4) (actual time=0.028..1455.108 rows=2695187 loops=1)
        Filter: (keyword_id < 7633)
        Rows Removed by Filter: 1828743
  ->  Hash  (cost=67604.59..67604.59 rows=1858636 width=4) (actual time=1635.888..1635.888 rows=1852807 loops=1)
        Buckets: 131072  Batches: 32  Memory Usage: 3075kB
        ->  Seq Scan on title t  (cost=0.00..67604.59 rows=1858636 width=4) (actual time=0.029..1030.745 rows=1852807 loops=1)
              Filter: (production_year > 1985)
              Rows Removed by Filter: 675505
Planning time: 0.672 ms
Execution time: 5129.616 ms
