Hash Join  (cost=1061798.34..2008188.74 rows=35094696 width=0) (actual time=21740.585..59022.191 rows=78067639 loops=1)
  Hash Cond: (mi.movie_id = t.id)
  ->  Seq Scan on movie_info mi  (cost=0.00..309384.22 rows=14739122 width=4) (actual time=0.007..5995.984 rows=14835720 loops=1)
  ->  Hash  (cost=963023.24..963023.24 rows=6020568 width=8) (actual time=21739.409..21739.409 rows=5932748 loops=1)
        Buckets: 131072  Batches: 128  Memory Usage: 2892kB
        ->  Hash Join  (cost=102767.86..963023.24 rows=6020568 width=8) (actual time=2094.322..19858.898 rows=5932748 loops=1)
              Hash Cond: (ci.movie_id = t.id)
              ->  Seq Scan on cast_info ci  (cost=0.00..705507.15 rows=6020568 width=4) (actual time=178.601..12191.379 rows=5932748 loops=1)
                    Filter: (person_id < 573699)
                    Rows Removed by Filter: 30311596
              ->  Hash  (cost=61283.27..61283.27 rows=2528527 width=4) (actual time=1913.652..1913.652 rows=2528312 loops=1)
                    Buckets: 131072  Batches: 64  Memory Usage: 2415kB
                    ->  Seq Scan on title t  (cost=0.00..61283.27 rows=2528527 width=4) (actual time=0.029..1069.290 rows=2528312 loops=1)
Planning time: 1.222 ms
Execution time: 67529.977 ms
