Seq Scan on title t  (cost=0.00..73925.90 rows=346145 width=0) (actual time=0.027..1005.055 rows=208615 loops=1)
  Filter: ((kind_id > 1) AND (production_year < 1977))
  Rows Removed by Filter: 2319697
Planning time: 0.293 ms
Execution time: 1035.248 ms
