Hash Join  (cost=98137.04..260422.61 rows=2700361 width=0) (actual time=1527.809..5316.992 rows=1348717 loops=1)
  Hash Cond: (mk.movie_id = t.id)
  ->  Seq Scan on movie_keyword mk  (cost=0.00..81003.12 rows=3668968 width=4) (actual time=0.026..1496.517 rows=3661434 loops=1)
        Filter: (keyword_id < 21340)
        Rows Removed by Filter: 862496
  ->  Hash  (cost=67604.59..67604.59 rows=1860996 width=4) (actual time=1525.752..1525.752 rows=1865487 loops=1)
        Buckets: 131072  Batches: 32  Memory Usage: 3085kB
        ->  Seq Scan on title t  (cost=0.00..67604.59 rows=1860996 width=4) (actual time=0.016..981.460 rows=1865487 loops=1)
              Filter: (kind_id > 1)
              Rows Removed by Filter: 662825
Planning time: 0.619 ms
Execution time: 5479.843 ms
