Nested Loop  (cost=0.43..83071.67 rows=246 width=0) (actual time=6.479..1043.367 rows=344 loops=1)
  ->  Seq Scan on movie_keyword mk  (cost=0.00..81003.12 rows=246 width=4) (actual time=6.422..1034.600 rows=344 loops=1)
        Filter: (keyword_id = 18242)
        Rows Removed by Filter: 4523586
  ->  Index Only Scan using title_pkey on title t  (cost=0.43..8.40 rows=1 width=4) (actual time=0.024..0.024 rows=1 loops=344)
        Index Cond: (id = mk.movie_id)
        Heap Fetches: 344
Planning time: 0.635 ms
Execution time: 1043.594 ms
