Seq Scan on movie_companies mc  (cost=0.00..51404.11 rows=2232628 width=0) (actual time=0.022..898.237 rows=2229359 loops=1)
  Filter: (company_id < 84308)
  Rows Removed by Filter: 379770
Planning time: 0.325 ms
Execution time: 1182.553 ms
