Hash Join  (cost=797557.67..884217.88 rows=218 width=0) (actual time=11910.847..12490.995 rows=2 loops=1)
  Hash Cond: (mk.movie_id = t.id)
  ->  Seq Scan on movie_keyword mk  (cost=0.00..69693.30 rows=4523930 width=4) (actual time=0.014..782.172 rows=4523930 loops=1)
  ->  Hash  (cost=797556.14..797556.14 rows=122 width=8) (actual time=10889.618..10889.618 rows=18 loops=1)
        Buckets: 1024  Batches: 1  Memory Usage: 9kB
        ->  Nested Loop  (cost=0.43..797556.14 rows=122 width=8) (actual time=10279.185..10889.582 rows=18 loops=1)
              ->  Seq Scan on cast_info ci  (cost=0.00..796071.18 rows=176 width=4) (actual time=10277.880..10887.903 rows=18 loops=1)
                    Filter: ((role_id < 2) AND (person_id = 585439))
                    Rows Removed by Filter: 36244326
              ->  Index Scan using title_pkey on title t  (cost=0.43..8.43 rows=1 width=4) (actual time=0.091..0.091 rows=1 loops=18)
                    Index Cond: (id = ci.movie_id)
                    Filter: (production_year > 1990)
Planning time: 1.039 ms
Execution time: 12491.124 ms
