Hash Join  (cost=102767.86..1297893.08 rows=16173541 width=0) (actual time=10005.533..33830.676 rows=16041183 loops=1)
  Hash Cond: (ci.movie_id = t.id)
  ->  Seq Scan on cast_info ci  (cost=0.00..796071.18 rows=16173541 width=4) (actual time=8054.838..18493.902 rows=16041183 loops=1)
        Filter: ((person_id < 4049245) AND (role_id > 2))
        Rows Removed by Filter: 20203161
  ->  Hash  (cost=61283.27..61283.27 rows=2528527 width=4) (actual time=1949.580..1949.580 rows=2528312 loops=1)
        Buckets: 131072  Batches: 64  Memory Usage: 2415kB
        ->  Seq Scan on title t  (cost=0.00..61283.27 rows=2528527 width=4) (actual time=0.017..1078.530 rows=2528312 loops=1)
Planning time: 0.842 ms
Execution time: 35734.878 ms
