Seq Scan on movie_keyword mk  (cost=0.00..81003.12 rows=2249592 width=0) (actual time=0.021..1306.850 rows=2251746 loops=1)
  Filter: (keyword_id < 4649)
  Rows Removed by Filter: 2272184
Planning time: 0.280 ms
Execution time: 1596.800 ms
