Seq Scan on movie_companies mc  (cost=0.00..51404.11 rows=1916126 width=0) (actual time=0.028..736.682 rows=1910477 loops=1)
  Filter: (company_id < 45738)
  Rows Removed by Filter: 698652
Planning time: 0.324 ms
Execution time: 969.267 ms
