Hash Join  (cost=75666.83..152225.90 rows=109455 width=0) (actual time=1206.335..2664.023 rows=158971 loops=1)
  Hash Cond: (mc.movie_id = t.id)
  ->  Seq Scan on movie_companies mc  (cost=0.00..44881.29 rows=2609129 width=4) (actual time=0.018..713.196 rows=2609129 loops=1)
  ->  Hash  (cost=73925.90..73925.90 rows=106074 width=4) (actual time=1068.526..1068.526 rows=117919 loops=1)
        Buckets: 131072  Batches: 2  Memory Usage: 3095kB
        ->  Seq Scan on title t  (cost=0.00..73925.90 rows=106074 width=4) (actual time=51.034..1026.832 rows=117919 loops=1)
              Filter: ((production_year > 1932) AND (kind_id = 4))
              Rows Removed by Filter: 2410393
Planning time: 0.678 ms
Execution time: 2680.377 ms
