Hash Join  (cost=170085.93..683800.49 rows=3177863 width=0) (actual time=3388.233..21645.884 rows=26021913 loops=1)
  Hash Cond: (mi.movie_id = t.id)
  ->  Seq Scan on movie_info mi  (cost=0.00..309384.22 rows=14739122 width=4) (actual time=0.015..4672.082 rows=14835720 loops=1)
  ->  Hash  (cost=161141.32..161141.32 rows=545169 width=8) (actual time=3387.340..3387.340 rows=719578 loops=1)
        Buckets: 131072 (originally 131072)  Batches: 16 (originally 8)  Memory Usage: 3073kB
        ->  Hash Join  (cost=85280.32..161141.32 rows=545169 width=8) (actual time=1307.069..3141.127 rows=719578 loops=1)
              Hash Cond: (mc.movie_id = t.id)
              ->  Seq Scan on movie_companies mc  (cost=0.00..51404.11 rows=1279517 width=4) (actual time=0.021..788.418 rows=1274246 loops=1)
                    Filter: (company_type_id = 1)
                    Rows Removed by Filter: 1334883
              ->  Hash  (cost=67604.59..67604.59 rows=1077339 width=4) (actual time=1305.695..1305.695 rows=1074765 loops=1)
                    Buckets: 131072  Batches: 16  Memory Usage: 3388kB
                    ->  Seq Scan on title t  (cost=0.00..67604.59 rows=1077339 width=4) (actual time=0.024..964.101 rows=1074765 loops=1)
                          Filter: (production_year < 2001)
                          Rows Removed by Filter: 1453547
Planning time: 1.123 ms
Execution time: 24524.091 ms
