Hash Join  (cost=208577.40..1327986.19 rows=8333260 width=0) (actual time=3731.691..29746.863 rows=6331189 loops=1)
  Hash Cond: (ci.movie_id = t.id)
  ->  Seq Scan on cast_info ci  (cost=0.00..614943.12 rows=36225612 width=4) (actual time=0.025..10379.947 rows=36244344 loops=1)
  ->  Hash  (cost=199033.69..199033.69 rows=581657 width=8) (actual time=3730.693..3730.693 rows=278016 loops=1)
        Buckets: 131072  Batches: 8  Memory Usage: 2347kB
        ->  Hash Join  (cost=85684.58..199033.69 rows=581657 width=8) (actual time=1180.753..3636.699 rows=278016 loops=1)
              Hash Cond: (mk.movie_id = t.id)
              ->  Seq Scan on movie_keyword mk  (cost=0.00..81003.12 rows=2052110 width=4) (actual time=0.032..1359.680 rows=2055696 loops=1)
                    Filter: (keyword_id > 5943)
                    Rows Removed by Filter: 2468234
              ->  Hash  (cost=73925.90..73925.90 rows=716694 width=4) (actual time=1177.815..1177.815 rows=604570 loops=1)
                    Buckets: 131072  Batches: 16  Memory Usage: 2362kB
                    ->  Seq Scan on title t  (cost=0.00..73925.90 rows=716694 width=4) (actual time=0.017..979.468 rows=604570 loops=1)
                          Filter: ((kind_id > 1) AND (production_year < 1999))
                          Rows Removed by Filter: 1923742
Planning time: 1.145 ms
Execution time: 30375.868 ms
