Hash Join  (cost=98443.46..920189.10 rows=6621371 width=169) (actual time=2192.530..23081.703 rows=8116633 loops=1)
  Hash Cond: (mi.movie_id = t.id)
  ->  Seq Scan on movie_info mi  (cost=0.00..309384.22 rows=14739122 width=75) (actual time=0.025..7292.026 rows=14835720 loops=1)
  ->  Hash  (cost=67604.59..67604.59 rows=1135910 width=94) (actual time=2191.446..2191.446 rows=1133355 loops=1)
        Buckets: 32768  Batches: 64  Memory Usage: 2236kB
        ->  Seq Scan on title t  (cost=0.00..67604.59 rows=1135910 width=94) (actual time=0.018..1675.802 rows=1133355 loops=1)
              Filter: (production_year < 2002)
              Rows Removed by Filter: 1394957
Planning time: 0.766 ms
Execution time: 23492.587 ms
