Hash Join  (cost=129928.86..253640.77 rows=901783 width=134) (actual time=2822.563..5401.071 rows=738729 loops=1)
  Hash Cond: (mc.movie_id = t.id)
  ->  Seq Scan on movie_companies mc  (cost=0.00..57926.93 rows=901783 width=40) (actual time=0.012..1131.066 rows=738729 loops=1)
        Filter: ((company_id > 1563) AND (company_type_id = 1))
        Rows Removed by Filter: 1870400
  ->  Hash  (cost=61283.27..61283.27 rows=2528527 width=94) (actual time=2818.012..2818.012 rows=2528312 loops=1)
        Buckets: 32768  Batches: 128  Memory Usage: 2453kB
        ->  Seq Scan on title t  (cost=0.00..61283.27 rows=2528527 width=94) (actual time=0.002..1214.935 rows=2528312 loops=1)
Planning time: 0.882 ms
Execution time: 5440.688 ms
