Hash Join  (cost=102767.86..205565.02 rows=1725234 width=0) (actual time=1684.175..4411.472 rows=1718067 loops=1)
  Hash Cond: (mc.movie_id = t.id)
  ->  Seq Scan on movie_companies mc  (cost=0.00..51404.11 rows=1725234 width=4) (actual time=0.023..895.963 rows=1718067 loops=1)
        Filter: (company_id < 22062)
        Rows Removed by Filter: 891062
  ->  Hash  (cost=61283.27..61283.27 rows=2528527 width=4) (actual time=1682.586..1682.586 rows=2528312 loops=1)
        Buckets: 131072  Batches: 64  Memory Usage: 2415kB
        ->  Seq Scan on title t  (cost=0.00..61283.27 rows=2528527 width=4) (actual time=0.256..832.104 rows=2528312 loops=1)
Planning time: 0.666 ms
Execution time: 4631.669 ms
