Hash Join  (cost=464751.95..1235224.11 rows=983123 width=0) (actual time=8819.872..20268.990 rows=1207132 loops=1)
  Hash Cond: (ci.movie_id = t.id)
  ->  Seq Scan on cast_info ci  (cost=0.00..705507.15 rows=4585011 width=4) (actual time=1651.854..9864.048 rows=4620512 loops=1)
        Filter: (person_id > 3221886)
        Rows Removed by Filter: 31623832
  ->  Hash  (cost=455856.83..455856.83 rows=542169 width=8) (actual time=7167.033..7167.033 rows=673384 loops=1)
        Buckets: 131072 (originally 131072)  Batches: 16 (originally 8)  Memory Usage: 3073kB
        ->  Hash Join  (cost=85280.32..455856.83 rows=542169 width=8) (actual time=2233.479..6960.388 rows=673384 loops=1)
              Hash Cond: (mi.movie_id = t.id)
              ->  Seq Scan on movie_info mi  (cost=0.00..346232.03 rows=1272478 width=4) (actual time=907.511..4532.294 rows=1325361 loops=1)
                    Filter: (info_type_id = 8)
                    Rows Removed by Filter: 13510359
              ->  Hash  (cost=67604.59..67604.59 rows=1077339 width=4) (actual time=1324.913..1324.913 rows=1074765 loops=1)
                    Buckets: 131072  Batches: 16  Memory Usage: 3396kB
                    ->  Seq Scan on title t  (cost=0.00..67604.59 rows=1077339 width=4) (actual time=0.017..979.416 rows=1074765 loops=1)
                          Filter: (production_year < 2001)
                          Rows Removed by Filter: 1453547
Planning time: 1.066 ms
Execution time: 20421.009 ms
