Hash Join  (cost=184998.04..741031.68 rows=7143973 width=0) (actual time=3661.850..20625.412 rows=18535286 loops=1)
  Hash Cond: (mi.movie_id = t.id)
  ->  Seq Scan on movie_info mi  (cost=0.00..309384.22 rows=14739122 width=4) (actual time=0.025..4800.338 rows=14835720 loops=1)
  ->  Hash  (cost=164890.51..164890.51 rows=1225563 width=8) (actual time=3660.672..3660.672 rows=1260091 loops=1)
        Buckets: 131072  Batches: 32  Memory Usage: 2580kB
        ->  Hash Join  (cost=104445.35..164890.51 rows=1225563 width=8) (actual time=1798.222..3385.512 rows=1260091 loops=1)
              Hash Cond: (mi_idx.movie_id = t.id)
              ->  Seq Scan on movie_info_idx mi_idx  (cost=0.00..21735.35 rows=1380035 width=4) (actual time=0.018..388.677 rows=1380035 loops=1)
              ->  Hash  (cost=67604.59..67604.59 rows=2245501 width=4) (actual time=1797.511..1797.511 rows=2235103 loops=1)
                    Buckets: 131072  Batches: 32  Memory Usage: 3482kB
                    ->  Seq Scan on title t  (cost=0.00..67604.59 rows=2245501 width=4) (actual time=0.019..1106.560 rows=2235103 loops=1)
                          Filter: (production_year > 1957)
                          Rows Removed by Filter: 293209
Planning time: 1.132 ms
Execution time: 22741.560 ms
