Hash Join  (cost=797557.39..1162219.15 rows=583 width=0) (actual time=9166.897..14373.975 rows=22 loops=1)
  Hash Cond: (mi.movie_id = t.id)
  ->  Seq Scan on movie_info mi  (cost=0.00..309384.22 rows=14739122 width=4) (actual time=0.014..2925.809 rows=14835720 loops=1)
  ->  Hash  (cost=797556.14..797556.14 rows=100 width=8) (actual time=9008.415..9008.415 rows=4 loops=1)
        Buckets: 1024  Batches: 1  Memory Usage: 9kB
        ->  Nested Loop  (cost=0.43..797556.14 rows=100 width=8) (actual time=2352.114..9008.372 rows=4 loops=1)
              ->  Seq Scan on cast_info ci  (cost=0.00..796071.18 rows=176 width=4) (actual time=2351.963..9008.137 rows=4 loops=1)
                    Filter: ((person_id = 1162504) AND (role_id = 1))
                    Rows Removed by Filter: 36244340
              ->  Index Scan using title_pkey on title t  (cost=0.43..8.43 rows=1 width=4) (actual time=0.036..0.038 rows=1 loops=4)
                    Index Cond: (id = ci.movie_id)
                    Filter: (production_year > 1999)
Planning time: 1.142 ms
Execution time: 14374.131 ms
