Hash Join  (cost=76690.42..167383.92 rows=119837 width=0) (actual time=1362.471..3449.582 rows=164675 loops=1)
  Hash Cond: (mk.movie_id = t.id)
  ->  Seq Scan on movie_keyword mk  (cost=0.00..81003.12 rows=547200 width=4) (actual time=0.030..1388.012 rows=545354 loops=1)
        Filter: (keyword_id < 393)
        Rows Removed by Filter: 3978576
  ->  Hash  (cost=67604.59..67604.59 rows=553747 width=4) (actual time=1360.375..1360.375 rows=552960 loops=1)
        Buckets: 131072  Batches: 8  Memory Usage: 3452kB
        ->  Seq Scan on title t  (cost=0.00..67604.59 rows=553747 width=4) (actual time=0.029..1181.993 rows=552960 loops=1)
              Filter: (production_year < 1983)
              Rows Removed by Filter: 1975352
Planning time: 0.822 ms
Execution time: 3470.650 ms
