Seq Scan on cast_info ci  (cost=0.00..796071.18 rows=6154166 width=0) (actual time=8790.984..13452.557 rows=7450676 loops=1)
  Filter: ((person_id > 540785) AND (role_id = 2))
  Rows Removed by Filter: 28793668
Planning time: 0.359 ms
Execution time: 14376.490 ms
