Hash Join  (cost=798791.46..853460.32 rows=334 width=0) (actual time=12100.756..12789.464 rows=2 loops=1)
  Hash Cond: (mc.movie_id = t.id)
  ->  Seq Scan on movie_companies mc  (cost=0.00..44881.29 rows=2609129 width=4) (actual time=0.012..480.495 rows=2609129 loops=1)
  ->  Hash  (cost=798787.41..798787.41 rows=324 width=8) (actual time=11844.710..11844.710 rows=1 loops=1)
        Buckets: 1024  Batches: 1  Memory Usage: 9kB
        ->  Nested Loop  (cost=0.43..798787.41 rows=324 width=8) (actual time=8849.439..11844.697 rows=1 loops=1)
              ->  Seq Scan on cast_info ci  (cost=0.00..796071.18 rows=324 width=4) (actual time=8849.344..11844.599 rows=1 loops=1)
                    Filter: ((role_id > 1) AND (person_id = 3422371))
                    Rows Removed by Filter: 36244343
              ->  Index Only Scan using title_pkey on title t  (cost=0.43..8.37 rows=1 width=4) (actual time=0.071..0.072 rows=1 loops=1)
                    Index Cond: (id = ci.movie_id)
                    Heap Fetches: 1
Planning time: 1.136 ms
Execution time: 12789.569 ms
