Hash Join  (cost=92401.34..159625.43 rows=136164 width=0) (actual time=1604.072..2740.541 rows=132539 loops=1)
  Hash Cond: (mc.movie_id = t.id)
  ->  Seq Scan on movie_companies mc  (cost=0.00..57926.93 rows=305737 width=4) (actual time=176.454..808.354 rows=599809 loops=1)
        Filter: ((company_id > 66096) AND (company_type_id > 1))
        Rows Removed by Filter: 2009320
  ->  Hash  (cost=73925.90..73925.90 rows=1126115 width=4) (actual time=1426.542..1426.542 rows=1250798 loops=1)
        Buckets: 131072  Batches: 16  Memory Usage: 3784kB
        ->  Seq Scan on title t  (cost=0.00..73925.90 rows=1126115 width=4) (actual time=0.023..1068.328 rows=1250798 loops=1)
              Filter: ((kind_id > 3) AND (production_year > 1992))
              Rows Removed by Filter: 1277514
Planning time: 0.691 ms
Execution time: 2755.690 ms
