Hash Join  (cost=124618.24..218544.21 rows=86282 width=0) (actual time=1783.352..3315.549 rows=102532 loops=1)
  Hash Cond: (mk.movie_id = t.id)
  ->  Seq Scan on movie_keyword mk  (cost=0.00..81003.12 rows=3216007 width=4) (actual time=0.014..1092.304 rows=3207040 loops=1)
        Filter: (keyword_id > 1725)
        Rows Removed by Filter: 1316890
  ->  Hash  (cost=123770.27..123770.27 rows=67838 width=8) (actual time=1782.544..1782.544 rows=47312 loops=1)
        Buckets: 131072  Batches: 1  Memory Usage: 2873kB
        ->  Hash Join  (cost=68426.36..123770.27 rows=67838 width=8) (actual time=812.099..1766.681 rows=47312 loops=1)
              Hash Cond: (mc.movie_id = t.id)
              ->  Seq Scan on movie_companies mc  (cost=0.00..44881.29 rows=2609129 width=4) (actual time=0.015..366.304 rows=2609129 loops=1)
              ->  Hash  (cost=67604.59..67604.59 rows=65742 width=4) (actual time=811.465..811.465 rows=63827 loops=1)
                    Buckets: 131072  Batches: 1  Memory Usage: 3268kB
                    ->  Seq Scan on title t  (cost=0.00..67604.59 rows=65742 width=4) (actual time=0.015..787.712 rows=63827 loops=1)
                          Filter: (production_year = 2013)
                          Rows Removed by Filter: 2464485
Planning time: 0.763 ms
Execution time: 3327.283 ms
