Hash Join  (cost=145574.53..510555.09 rows=182302 width=0) (actual time=3816.942..7384.226 rows=201454 loops=1)
  Hash Cond: (mi.movie_id = t.id)
  ->  Seq Scan on movie_info mi  (cost=0.00..346232.03 rows=1348138 width=4) (actual time=1273.214..4248.768 rows=1298989 loops=1)
        Filter: (info_type_id = 4)
        Rows Removed by Filter: 13536731
  ->  Hash  (cost=139964.51..139964.51 rows=341921 width=8) (actual time=2542.683..2542.683 rows=250045 loops=1)
        Buckets: 131072  Batches: 8  Memory Usage: 2255kB
        ->  Hash Join  (cost=98137.04..139964.51 rows=341921 width=8) (actual time=1466.337..2465.448 rows=250045 loops=1)
              Hash Cond: (mi_idx.movie_id = t.id)
              ->  Seq Scan on movie_info_idx mi_idx  (cost=0.00..25185.44 rows=464566 width=4) (actual time=0.029..398.066 rows=459925 loops=1)
                    Filter: (info_type_id = 101)
                    Rows Removed by Filter: 920110
              ->  Hash  (cost=67604.59..67604.59 rows=1860996 width=4) (actual time=1464.798..1464.798 rows=1865487 loops=1)
                    Buckets: 131072  Batches: 32  Memory Usage: 3079kB
                    ->  Seq Scan on title t  (cost=0.00..67604.59 rows=1860996 width=4) (actual time=0.028..925.658 rows=1865487 loops=1)
                          Filter: (kind_id > 1)
                          Rows Removed by Filter: 662825
Planning time: 1.100 ms
Execution time: 7404.104 ms
