Hash Join  (cost=774429.65..2556050.11 rows=63362853 width=0) (actual time=15089.553..51489.684 rows=49822255 loops=1)
  Hash Cond: (ci.movie_id = t.id)
  ->  Seq Scan on cast_info ci  (cost=0.00..705507.15 rows=21699269 width=4) (actual time=0.018..12480.988 rows=21791610 loops=1)
        Filter: (person_id > 1423339)
        Rows Removed by Filter: 14452734
  ->  Hash  (cost=653294.97..653294.97 rows=7383414 width=8) (actual time=15087.540..15087.540 rows=3276044 loops=1)
        Buckets: 131072  Batches: 128  Memory Usage: 1994kB
        ->  Hash Join  (cost=94706.90..653294.97 rows=7383414 width=8) (actual time=1580.498..14168.441 rows=3276044 loops=1)
              Hash Cond: (mi.movie_id = t.id)
              ->  Seq Scan on movie_info mi  (cost=0.00..309384.22 rows=14739122 width=4) (actual time=0.024..4507.330 rows=14835720 loops=1)
              ->  Hash  (cost=73925.90..73925.90 rows=1266640 width=4) (actual time=1557.581..1557.581 rows=1348885 loops=1)
                    Buckets: 131072  Batches: 32  Memory Usage: 2517kB
                    ->  Seq Scan on title t  (cost=0.00..73925.90 rows=1266640 width=4) (actual time=0.022..1111.636 rows=1348885 loops=1)
                          Filter: ((production_year > 1970) AND (kind_id = 7))
                          Rows Removed by Filter: 1179427
Planning time: 1.126 ms
Execution time: 56956.744 ms
