Hash Join  (cost=58375.85..145034.83 rows=95 width=0) (actual time=847.993..2436.859 rows=755 loops=1)
  Hash Cond: (mk.movie_id = t.id)
  ->  Seq Scan on movie_keyword mk  (cost=0.00..69693.30 rows=4523930 width=4) (actual time=0.018..783.638 rows=4523930 loops=1)
  ->  Hash  (cost=58375.18..58375.18 rows=53 width=8) (actual time=840.283..840.283 rows=430 loops=1)
        Buckets: 1024  Batches: 1  Memory Usage: 25kB
        ->  Nested Loop  (cost=0.43..58375.18 rows=53 width=8) (actual time=354.047..840.015 rows=430 loops=1)
              ->  Seq Scan on movie_companies mc  (cost=0.00..57926.93 rows=53 width=4) (actual time=353.950..827.413 rows=430 loops=1)
                    Filter: ((company_type_id > 1) AND (company_id = 5616))
                    Rows Removed by Filter: 2608699
              ->  Index Only Scan using title_pkey on title t  (cost=0.43..8.45 rows=1 width=4) (actual time=0.028..0.028 rows=1 loops=430)
                    Index Cond: (id = mc.movie_id)
                    Heap Fetches: 430
Planning time: 1.106 ms
Execution time: 2437.097 ms
