Seq Scan on movie_keyword mk  (cost=0.00..81003.12 rows=246 width=0) (actual time=211.220..1098.404 rows=10 loops=1)
  Filter: (keyword_id = 13494)
  Rows Removed by Filter: 4523920
Planning time: 0.327 ms
Execution time: 1098.530 ms
