Seq Scan on movie_companies mc  (cost=0.00..57926.93 rows=857521 width=0) (actual time=0.028..929.521 rows=1171260 loops=1)
  Filter: ((company_id < 23804) AND (company_type_id < 2))
  Rows Removed by Filter: 1437869
Planning time: 0.301 ms
Execution time: 1079.704 ms
