Hash Join  (cost=94655.84..459391.40 rows=7965 width=0) (actual time=1384.519..7526.925 rows=44834 loops=1)
  Hash Cond: (mi.movie_id = t.id)
  ->  Seq Scan on movie_info mi  (cost=0.00..309384.22 rows=14739122 width=4) (actual time=0.019..3230.133 rows=14835720 loops=1)
  ->  Hash  (cost=94638.77..94638.77 rows=1366 width=8) (actual time=1383.412..1383.412 rows=2791 loops=1)
        Buckets: 4096 (originally 2048)  Batches: 1 (originally 1)  Memory Usage: 142kB
        ->  Hash Join  (cost=67697.55..94638.77 rows=1366 width=8) (actual time=833.771..1382.022 rows=2791 loops=1)
              Hash Cond: (mi_idx.movie_id = t.id)
              ->  Seq Scan on movie_info_idx mi_idx  (cost=0.00..25185.44 rows=464566 width=4) (actual time=0.021..445.797 rows=459925 loops=1)
                    Filter: (info_type_id = 101)
                    Rows Removed by Filter: 920110
              ->  Hash  (cost=67604.59..67604.59 rows=7437 width=4) (actual time=833.541..833.541 rows=11416 loops=1)
                    Buckets: 16384 (originally 8192)  Batches: 1 (originally 1)  Memory Usage: 530kB
                    ->  Seq Scan on title t  (cost=0.00..67604.59 rows=7437 width=4) (actual time=0.116..828.331 rows=11416 loops=1)
                          Filter: (production_year = 1964)
                          Rows Removed by Filter: 2516896
Planning time: 1.115 ms
Execution time: 7534.683 ms
