Nested Loop  (cost=0.43..83072.90 rows=114 width=0) (actual time=614.123..988.854 rows=27 loops=1)
  ->  Seq Scan on movie_keyword mk  (cost=0.00..81003.12 rows=246 width=4) (actual time=0.576..970.480 rows=608 loops=1)
        Filter: (keyword_id = 7399)
        Rows Removed by Filter: 4523322
  ->  Index Scan using title_pkey on title t  (cost=0.43..8.40 rows=1 width=4) (actual time=0.029..0.029 rows=0 loops=608)
        Index Cond: (id = mk.movie_id)
        Filter: ((production_year < 2010) AND (kind_id = 7))
        Rows Removed by Filter: 1
Planning time: 0.713 ms
Execution time: 988.941 ms
