Seq Scan on movie_companies mc  (cost=0.00..57926.93 rows=53 width=0) (actual time=40.913..691.186 rows=168 loops=1)
  Filter: ((company_id = 87650) AND (company_type_id = 2))
  Rows Removed by Filter: 2608961
Planning time: 0.365 ms
Execution time: 691.299 ms
