Hash Join  (cost=160449.68..215574.02 rows=45882 width=0) (actual time=2882.353..4734.406 rows=558413 loops=1)
  Hash Cond: (mc.movie_id = t.id)
  ->  Seq Scan on movie_companies mc  (cost=0.00..44881.29 rows=2609129 width=4) (actual time=0.026..748.719 rows=2609129 loops=1)
  ->  Hash  (cost=159893.89..159893.89 rows=44464 width=8) (actual time=2881.738..2881.738 rows=87651 loops=1)
        Buckets: 131072 (originally 65536)  Batches: 2 (originally 1)  Memory Usage: 3073kB
        ->  Hash Join  (cost=70592.26..159893.89 rows=44464 width=8) (actual time=1174.245..2851.624 rows=87651 loops=1)
              Hash Cond: (mk.movie_id = t.id)
              ->  Seq Scan on movie_keyword mk  (cost=0.00..81003.12 rows=617562 width=4) (actual time=0.027..1395.898 rows=616479 loops=1)
                    Filter: (keyword_id > 29580)
                    Rows Removed by Filter: 3907451
              ->  Hash  (cost=67604.59..67604.59 rows=182054 width=4) (actual time=1173.468..1173.468 rows=180956 loops=1)
                    Buckets: 131072  Batches: 4  Memory Usage: 2618kB
                    ->  Seq Scan on title t  (cost=0.00..67604.59 rows=182054 width=4) (actual time=0.098..1110.895 rows=180956 loops=1)
                          Filter: (production_year < 1953)
                          Rows Removed by Filter: 2347356
Planning time: 10.796 ms
Execution time: 4803.478 ms
