Hash Join  (cost=169578.16..558687.96 rows=119590 width=0) (actual time=2469.316..10843.075 rows=2484645 loops=1)
  Hash Cond: (mi.movie_id = t.id)
  ->  Seq Scan on movie_info mi  (cost=0.00..346232.03 rows=11115165 width=4) (actual time=0.025..5201.987 rows=11210743 loops=1)
        Filter: (info_type_id > 3)
        Rows Removed by Filter: 3624977
  ->  Hash  (cost=169238.10..169238.10 rows=27205 width=8) (actual time=2469.025..2469.025 rows=49979 loops=1)
        Buckets: 65536 (originally 32768)  Batches: 1 (originally 1)  Memory Usage: 2465kB
        ->  Hash Join  (cost=84240.62..169238.10 rows=27205 width=8) (actual time=1142.165..2451.055 rows=49979 loops=1)
              Hash Cond: (mk.movie_id = t.id)
              ->  Seq Scan on movie_keyword mk  (cost=0.00..81003.12 rows=109414 width=4) (actual time=0.025..1145.063 rows=121921 loops=1)
                    Filter: (keyword_id < 117)
                    Rows Removed by Filter: 4402009
              ->  Hash  (cost=73925.90..73925.90 rows=628697 width=4) (actual time=1140.448..1140.448 rows=532584 loops=1)
                    Buckets: 131072  Batches: 16  Memory Usage: 2196kB
                    ->  Seq Scan on title t  (cost=0.00..73925.90 rows=628697 width=4) (actual time=0.014..965.057 rows=532584 loops=1)
                          Filter: ((kind_id < 7) AND (production_year > 1995))
                          Rows Removed by Filter: 1995728
Planning time: 5.450 ms
Execution time: 11167.110 ms
