Hash Join  (cost=186365.09..690439.38 rows=2274336 width=0) (actual time=4207.630..20293.238 rows=16420753 loops=1)
  Hash Cond: (mi.movie_id = t.id)
  ->  Seq Scan on movie_info mi  (cost=0.00..309384.22 rows=14739122 width=4) (actual time=0.023..4681.340 rows=14835720 loops=1)
  ->  Hash  (cost=179963.01..179963.01 rows=390167 width=8) (actual time=4206.617..4206.617 rows=555225 loops=1)
        Buckets: 131072  Batches: 8  Memory Usage: 3754kB
        ->  Hash Join  (cost=102767.86..179963.01 rows=390167 width=8) (actual time=1615.959..4026.722 rows=555225 loops=1)
              Hash Cond: (mc.movie_id = t.id)
              ->  Seq Scan on movie_companies mc  (cost=0.00..57926.93 rows=390167 width=4) (actual time=0.027..842.242 rows=555225 loops=1)
                    Filter: ((company_id < 1709) AND (company_type_id < 2))
                    Rows Removed by Filter: 2053904
              ->  Hash  (cost=61283.27..61283.27 rows=2528527 width=4) (actual time=1614.549..1614.549 rows=2528312 loops=1)
                    Buckets: 131072  Batches: 64  Memory Usage: 2415kB
                    ->  Seq Scan on title t  (cost=0.00..61283.27 rows=2528527 width=4) (actual time=0.022..811.400 rows=2528312 loops=1)
Planning time: 1.092 ms
Execution time: 22315.952 ms
