Seq Scan on movie_keyword mk  (cost=0.00..81003.12 rows=2997656 width=0) (actual time=0.030..1246.331 rows=2981537 loops=1)
  Filter: (keyword_id < 10278)
  Rows Removed by Filter: 1542393
Planning time: 0.299 ms
Execution time: 1609.687 ms
