Seq Scan on title t  (cost=0.00..73925.90 rows=5154 width=0) (actual time=0.193..778.302 rows=3618 loops=1)
  Filter: ((kind_id = 3) AND (production_year = 2009))
  Rows Removed by Filter: 2524694
Planning time: 0.398 ms
Execution time: 779.152 ms
