Seq Scan on movie_keyword mk  (cost=0.00..81003.12 rows=1557412 width=0) (actual time=0.019..1182.877 rows=1562891 loops=1)
  Filter: (keyword_id < 2346)
  Rows Removed by Filter: 2961039
Planning time: 0.310 ms
Execution time: 1381.776 ms
