Seq Scan on movie_keyword mk  (cost=0.00..81003.12 rows=3994819 width=0) (actual time=0.022..1337.057 rows=4005677 loops=1)
  Filter: (keyword_id < 34919)
  Rows Removed by Filter: 518253
Planning time: 0.258 ms
Execution time: 1860.064 ms
