Hash Join  (cost=295021.08..1731282.66 rows=34769540 width=0) (actual time=6167.470..38975.580 rows=19938923 loops=1)
  Hash Cond: (ci.movie_id = t.id)
  ->  Seq Scan on cast_info ci  (cost=0.00..614943.12 rows=36225612 width=4) (actual time=0.020..10466.984 rows=36244344 loops=1)
  ->  Hash  (cost=255203.90..255203.90 rows=2426894 width=8) (actual time=6165.602..6165.602 rows=581403 loops=1)
        Buckets: 131072  Batches: 32  Memory Usage: 1722kB
        ->  Hash Join  (cost=92883.59..255203.90 rows=2426894 width=8) (actual time=2834.817..5977.785 rows=581403 loops=1)
              Hash Cond: (mk.movie_id = t.id)
              ->  Seq Scan on movie_keyword mk  (cost=0.00..81003.12 rows=3982650 width=4) (actual time=0.030..1533.357 rows=3982530 loops=1)
                    Filter: (keyword_id > 382)
                    Rows Removed by Filter: 541400
              ->  Hash  (cost=67604.59..67604.59 rows=1540800 width=4) (actual time=2248.822..2248.822 rows=1543264 loops=1)
                    Buckets: 131072  Batches: 32  Memory Usage: 2728kB
                    ->  Seq Scan on title t  (cost=0.00..67604.59 rows=1540800 width=4) (actual time=0.024..1025.945 rows=1543264 loops=1)
                          Filter: (kind_id = 7)
                          Rows Removed by Filter: 985048
Planning time: 1.232 ms
Execution time: 40983.791 ms
