Hash Join  (cost=102767.86..176490.00 rows=245859 width=0) (actual time=1646.043..2787.780 rows=123860 loops=1)
  Hash Cond: (mc.movie_id = t.id)
  ->  Seq Scan on movie_companies mc  (cost=0.00..57926.93 rows=245859 width=4) (actual time=0.038..737.710 rows=123860 loops=1)
        Filter: ((company_id < 424) AND (company_type_id = 2))
        Rows Removed by Filter: 2485269
  ->  Hash  (cost=61283.27..61283.27 rows=2528527 width=4) (actual time=1643.714..1643.714 rows=2528312 loops=1)
        Buckets: 131072  Batches: 64  Memory Usage: 2415kB
        ->  Seq Scan on title t  (cost=0.00..61283.27 rows=2528527 width=4) (actual time=0.012..797.978 rows=2528312 loops=1)
Planning time: 2.991 ms
Execution time: 2799.380 ms
