Hash Join  (cost=68237.77..826284.16 rows=725722 width=0) (actual time=1041.937..22693.390 rows=703445 loops=1)
  Hash Cond: (ci.movie_id = t.id)
  ->  Seq Scan on cast_info ci  (cost=0.00..614943.12 rows=36225612 width=4) (actual time=0.025..9599.432 rows=36244344 loops=1)
  ->  Hash  (cost=67604.59..67604.59 rows=50655 width=4) (actual time=1041.511..1041.511 rows=50564 loops=1)
        Buckets: 65536  Batches: 1  Memory Usage: 2290kB
        ->  Seq Scan on title t  (cost=0.00..67604.59 rows=50655 width=4) (actual time=0.032..1020.371 rows=50564 loops=1)
              Filter: (production_year = 1999)
              Rows Removed by Filter: 2477748
Planning time: 0.761 ms
Execution time: 22803.587 ms
