Hash Join  (cost=73962.22..869068.63 rows=27367 width=0) (actual time=755.124..14772.176 rows=54593 loops=1)
  Hash Cond: (ci.movie_id = t.id)
  ->  Seq Scan on cast_info ci  (cost=0.00..705507.15 rows=23820157 width=4) (actual time=0.017..9599.411 rows=23911859 loops=1)
        Filter: (person_id > 1214834)
        Rows Removed by Filter: 12332485
  ->  Hash  (cost=73925.90..73925.90 rows=2905 width=4) (actual time=755.012..755.012 rows=5989 loops=1)
        Buckets: 8192 (originally 4096)  Batches: 1 (originally 1)  Memory Usage: 275kB
        ->  Seq Scan on title t  (cost=0.00..73925.90 rows=2905 width=4) (actual time=0.160..752.439 rows=5989 loops=1)
              Filter: ((kind_id < 7) AND (production_year = 1972))
              Rows Removed by Filter: 2522323
Planning time: 0.545 ms
Execution time: 14783.045 ms
