Seq Scan on movie_keyword mk  (cost=0.00..81003.12 rows=246 width=0) (actual time=371.303..1157.891 rows=2 loops=1)
  Filter: (keyword_id = 36313)
  Rows Removed by Filter: 4523928
Planning time: 0.322 ms
Execution time: 1158.005 ms
