Hash Join  (cost=102767.86..205244.28 rows=481803 width=0) (actual time=1710.909..3572.795 rows=477583 loops=1)
  Hash Cond: (mk.movie_id = t.id)
  ->  Seq Scan on movie_keyword mk  (cost=0.00..81003.12 rows=481803 width=4) (actual time=0.015..1111.324 rows=477583 loops=1)
        Filter: (keyword_id > 37414)
        Rows Removed by Filter: 4046347
  ->  Hash  (cost=61283.27..61283.27 rows=2528527 width=4) (actual time=1709.470..1709.470 rows=2528312 loops=1)
        Buckets: 131072  Batches: 64  Memory Usage: 2425kB
        ->  Seq Scan on title t  (cost=0.00..61283.27 rows=2528527 width=4) (actual time=0.016..830.560 rows=2528312 loops=1)
Planning time: 0.599 ms
Execution time: 3628.881 ms
