Seq Scan on movie_companies mc  (cost=0.00..57926.93 rows=993443 width=0) (actual time=302.580..978.104 rows=1150964 loops=1)
  Filter: ((company_id > 900) AND (company_type_id > 1))
  Rows Removed by Filter: 1458165
Planning time: 0.319 ms
Execution time: 1125.072 ms
