Hash Join  (cost=102767.86..1037723.09 rows=9124928 width=0) (actual time=3424.905..20056.219 rows=9128345 loops=1)
  Hash Cond: (ci.movie_id = t.id)
  ->  Seq Scan on cast_info ci  (cost=0.00..705507.15 rows=9124928 width=4) (actual time=1785.444..10191.710 rows=9128345 loops=1)
        Filter: (person_id > 2785854)
        Rows Removed by Filter: 27115999
  ->  Hash  (cost=61283.27..61283.27 rows=2528527 width=4) (actual time=1638.012..1638.012 rows=2528312 loops=1)
        Buckets: 131072  Batches: 64  Memory Usage: 2415kB
        ->  Seq Scan on title t  (cost=0.00..61283.27 rows=2528527 width=4) (actual time=0.025..801.658 rows=2528312 loops=1)
Planning time: 0.701 ms
Execution time: 21209.111 ms
