Hash Join  (cost=83072.93..447728.97 rows=9 width=0) (actual time=1332.119..6738.138 rows=22 loops=1)
  Hash Cond: (mi.movie_id = t.id)
  ->  Seq Scan on movie_info mi  (cost=0.00..309384.22 rows=14739122 width=4) (actual time=0.022..3003.747 rows=14835720 loops=1)
  ->  Hash  (cost=83072.90..83072.90 rows=2 width=8) (actual time=1109.779..1109.779 rows=15 loops=1)
        Buckets: 1024  Batches: 1  Memory Usage: 9kB
        ->  Nested Loop  (cost=0.43..83072.90 rows=2 width=8) (actual time=503.294..1109.753 rows=15 loops=1)
              ->  Seq Scan on movie_keyword mk  (cost=0.00..81003.12 rows=246 width=4) (actual time=0.031..1077.870 rows=1163 loops=1)
                    Filter: (keyword_id = 555)
                    Rows Removed by Filter: 4522767
              ->  Index Scan using title_pkey on title t  (cost=0.43..8.40 rows=1 width=4) (actual time=0.026..0.026 rows=0 loops=1163)
                    Index Cond: (id = mk.movie_id)
                    Filter: ((kind_id = 7) AND (production_year = 1993))
                    Rows Removed by Filter: 1
Planning time: 1.211 ms
Execution time: 6738.322 ms
