Hash Join  (cost=175027.18..978787.71 rows=2264026 width=0) (actual time=3414.187..17531.477 rows=4761189 loops=1)
  Hash Cond: (ci.movie_id = t.id)
  ->  Seq Scan on cast_info ci  (cost=0.00..705507.15 rows=6228831 width=4) (actual time=0.026..9753.387 rows=6120032 loops=1)
        Filter: (person_id < 590810)
        Rows Removed by Filter: 30124312
  ->  Hash  (cost=159947.97..159947.97 rows=919057 width=8) (actual time=3413.200..3413.200 rows=920110 loops=1)
        Buckets: 131072  Batches: 16  Memory Usage: 3269kB
        ->  Hash Join  (cost=102767.86..159947.97 rows=919057 width=8) (actual time=1704.027..3158.463 rows=920110 loops=1)
              Hash Cond: (mi_idx.movie_id = t.id)
              ->  Seq Scan on movie_info_idx mi_idx  (cost=0.00..25185.44 rows=919057 width=4) (actual time=0.023..405.399 rows=920110 loops=1)
                    Filter: (info_type_id > 99)
                    Rows Removed by Filter: 459925
              ->  Hash  (cost=61283.27..61283.27 rows=2528527 width=4) (actual time=1702.748..1702.748 rows=2528312 loops=1)
                    Buckets: 131072  Batches: 64  Memory Usage: 2415kB
                    ->  Seq Scan on title t  (cost=0.00..61283.27 rows=2528527 width=4) (actual time=0.023..857.910 rows=2528312 loops=1)
Planning time: 2.407 ms
Execution time: 18068.491 ms
