Hash Join  (cost=73962.22..102604.68 rows=1056 width=0) (actual time=1098.398..1717.246 rows=2109 loops=1)
  Hash Cond: (mi_idx.movie_id = t.id)
  ->  Seq Scan on movie_info_idx mi_idx  (cost=0.00..25185.44 rows=919057 width=4) (actual time=0.025..483.000 rows=920110 loops=1)
        Filter: (info_type_id > 99)
        Rows Removed by Filter: 459925
  ->  Hash  (cost=73925.90..73925.90 rows=2905 width=4) (actual time=1073.198..1073.198 rows=2651 loops=1)
        Buckets: 4096  Batches: 1  Memory Usage: 126kB
        ->  Seq Scan on title t  (cost=0.00..73925.90 rows=2905 width=4) (actual time=2.261..1071.837 rows=2651 loops=1)
              Filter: ((kind_id < 7) AND (production_year = 1949))
              Rows Removed by Filter: 2525661
Planning time: 0.784 ms
Execution time: 1717.678 ms
