Hash Join  (cost=134702.59..933574.11 rows=256186 width=0) (actual time=2107.100..21208.801 rows=672706 loops=1)
  Hash Cond: (ci.movie_id = t.id)
  ->  Seq Scan on cast_info ci  (cost=0.00..705507.15 rows=24214005 width=4) (actual time=0.015..10275.194 rows=24316143 loops=1)
        Filter: (person_id > 1172947)
        Rows Removed by Filter: 11928201
  ->  Hash  (cost=134368.19..134368.19 rows=26752 width=8) (actual time=2106.820..2106.820 rows=85262 loops=1)
        Buckets: 131072 (originally 32768)  Batches: 2 (originally 1)  Memory Usage: 3073kB
        ->  Hash Join  (cost=72333.74..134368.19 rows=26752 width=8) (actual time=978.735..2072.666 rows=85262 loops=1)
              Hash Cond: (mc.movie_id = t.id)
              ->  Seq Scan on movie_companies mc  (cost=0.00..57926.93 rows=234665 width=4) (actual time=0.020..815.039 rows=464573 loops=1)
                    Filter: ((company_id > 76353) AND (company_type_id = 2))
                    Rows Removed by Filter: 2144556
              ->  Hash  (cost=67604.59..67604.59 rows=288252 width=4) (actual time=977.961..977.961 rows=285055 loops=1)
                    Buckets: 131072  Batches: 4  Memory Usage: 3527kB
                    ->  Seq Scan on title t  (cost=0.00..67604.59 rows=288252 width=4) (actual time=0.020..879.850 rows=285055 loops=1)
                          Filter: (production_year < 1964)
                          Rows Removed by Filter: 2243257
Planning time: 1.113 ms
Execution time: 21287.036 ms
