Nested Loop  (cost=0.43..83072.29 rows=65 width=0) (actual time=118.260..1159.581 rows=454 loops=1)
  ->  Seq Scan on movie_keyword mk  (cost=0.00..81003.12 rows=246 width=4) (actual time=10.854..1135.880 rows=599 loops=1)
        Filter: (keyword_id = 8286)
        Rows Removed by Filter: 4523331
  ->  Index Scan using title_pkey on title t  (cost=0.43..8.40 rows=1 width=4) (actual time=0.038..0.038 rows=1 loops=599)
        Index Cond: (id = mk.movie_id)
        Filter: (kind_id = 1)
        Rows Removed by Filter: 0
Planning time: 8.236 ms
Execution time: 1159.934 ms
