Seq Scan on cast_info ci  (cost=0.00..796071.18 rows=3815414 width=0) (actual time=763.134..10873.162 rows=8517732 loops=1)
  Filter: ((person_id > 2834711) AND (role_id > 2))
  Rows Removed by Filter: 27726612
Planning time: 0.337 ms
Execution time: 11960.685 ms
