Seq Scan on movie_companies mc  (cost=0.00..57926.93 rows=1061532 width=0) (actual time=0.015..604.832 rows=805022 loops=1)
  Filter: ((company_id < 72735) AND (company_type_id = 2))
  Rows Removed by Filter: 1804107
Planning time: 0.256 ms
Execution time: 682.846 ms
