Hash Join  (cost=189466.60..325158.30 rows=1123567 width=0) (actual time=3771.026..7500.526 rows=4274046 loops=1)
  Hash Cond: (mk.movie_id = t.id)
  ->  Seq Scan on movie_keyword mk  (cost=0.00..69693.30 rows=4523930 width=4) (actual time=0.015..1124.239 rows=4523930 loops=1)
  ->  Hash  (cost=179162.76..179162.76 rows=627987 width=8) (actual time=3769.417..3769.417 rows=632180 loops=1)
        Buckets: 131072  Batches: 16  Memory Usage: 2589kB
        ->  Hash Join  (cost=102767.86..179162.76 rows=627987 width=8) (actual time=1754.181..3574.346 rows=632180 loops=1)
              Hash Cond: (mc.movie_id = t.id)
              ->  Seq Scan on movie_companies mc  (cost=0.00..51404.11 rows=627987 width=4) (actual time=0.024..866.411 rows=632180 loops=1)
                    Filter: (company_id > 59148)
                    Rows Removed by Filter: 1976949
              ->  Hash  (cost=61283.27..61283.27 rows=2528527 width=4) (actual time=1752.912..1752.912 rows=2528312 loops=1)
                    Buckets: 131072  Batches: 64  Memory Usage: 2415kB
                    ->  Seq Scan on title t  (cost=0.00..61283.27 rows=2528527 width=4) (actual time=0.021..883.130 rows=2528312 loops=1)
Planning time: 1.052 ms
Execution time: 7906.699 ms
