Hash Join  (cost=83074.74..447745.01 rows=1434 width=0) (actual time=1126.739..6436.818 rows=22634 loops=1)
  Hash Cond: (mi.movie_id = t.id)
  ->  Seq Scan on movie_info mi  (cost=0.00..309384.22 rows=14739122 width=4) (actual time=0.010..2732.504 rows=14835720 loops=1)
  ->  Hash  (cost=83071.67..83071.67 rows=246 width=8) (actual time=1123.552..1123.552 rows=4361 loops=1)
        Buckets: 8192 (originally 1024)  Batches: 1 (originally 1)  Memory Usage: 235kB
        ->  Nested Loop  (cost=0.43..83071.67 rows=246 width=8) (actual time=30.717..1121.519 rows=4361 loops=1)
              ->  Seq Scan on movie_keyword mk  (cost=0.00..81003.12 rows=246 width=4) (actual time=30.619..1089.037 rows=4361 loops=1)
                    Filter: (keyword_id = 29032)
                    Rows Removed by Filter: 4519569
              ->  Index Only Scan using title_pkey on title t  (cost=0.43..8.40 rows=1 width=4) (actual time=0.007..0.007 rows=1 loops=4361)
                    Index Cond: (id = mk.movie_id)
                    Heap Fetches: 4361
Planning time: 10.997 ms
Execution time: 6439.847 ms
