Hash Join  (cost=100908.38..187594.80 rows=2838 width=0) (actual time=1428.275..3073.956 rows=59242 loops=1)
  Hash Cond: (mk.movie_id = t.id)
  ->  Seq Scan on movie_keyword mk  (cost=0.00..69693.30 rows=4523930 width=4) (actual time=0.026..825.765 rows=4523930 loops=1)
  ->  Hash  (cost=100888.56..100888.56 rows=1586 width=8) (actual time=1428.096..1428.096 rows=6653 loops=1)
        Buckets: 8192 (originally 2048)  Batches: 1 (originally 1)  Memory Usage: 324kB
        ->  Hash Join  (cost=73962.22..100888.56 rows=1586 width=8) (actual time=847.578..1425.308 rows=6653 loops=1)
              Hash Cond: (mi_idx.movie_id = t.id)
              ->  Seq Scan on movie_info_idx mi_idx  (cost=0.00..21735.35 rows=1380035 width=4) (actual time=0.019..283.946 rows=1380035 loops=1)
              ->  Hash  (cost=73925.90..73925.90 rows=2905 width=4) (actual time=844.317..844.317 rows=5861 loops=1)
                    Buckets: 8192 (originally 4096)  Batches: 1 (originally 1)  Memory Usage: 271kB
                    ->  Seq Scan on title t  (cost=0.00..73925.90 rows=2905 width=4) (actual time=0.131..841.627 rows=5861 loops=1)
                          Filter: ((kind_id < 7) AND (production_year = 1969))
                          Rows Removed by Filter: 2522451
Planning time: 1.118 ms
Execution time: 3081.679 ms
