Seq Scan on movie_keyword mk  (cost=0.00..81003.12 rows=2525481 width=0) (actual time=2.551..871.272 rows=2520165 loops=1)
  Filter: (keyword_id > 3557)
  Rows Removed by Filter: 2003765
Planning time: 0.278 ms
Execution time: 1095.582 ms
