Hash Join  (cost=127187.22..209531.44 rows=5455 width=0) (actual time=1567.233..2754.642 rows=51418 loops=1)
  Hash Cond: (mk.movie_id = t.id)
  ->  Seq Scan on movie_keyword mk  (cost=0.00..81003.12 rows=343078 width=4) (actual time=0.034..1093.481 rows=359202 loops=1)
        Filter: (keyword_id < 323)
        Rows Removed by Filter: 4164728
  ->  Hash  (cost=126684.64..126684.64 rows=40206 width=8) (actual time=1566.773..1566.773 rows=34496 loops=1)
        Buckets: 65536  Batches: 1  Memory Usage: 1860kB
        ->  Hash Join  (cost=68332.59..126684.64 rows=40206 width=8) (actual time=767.250..1556.347 rows=34496 loops=1)
              Hash Cond: (mc.movie_id = t.id)
              ->  Seq Scan on movie_companies mc  (cost=0.00..51404.11 rows=1745569 width=4) (actual time=0.022..490.390 rows=1749878 loops=1)
                    Filter: (company_id > 2473)
                    Rows Removed by Filter: 859251
              ->  Hash  (cost=67604.59..67604.59 rows=58240 width=4) (actual time=766.758..766.758 rows=58590 loops=1)
                    Buckets: 65536  Batches: 1  Memory Usage: 2572kB
                    ->  Seq Scan on title t  (cost=0.00..67604.59 rows=58240 width=4) (actual time=0.021..744.487 rows=58590 loops=1)
                          Filter: (production_year = 2001)
                          Rows Removed by Filter: 2469722
Planning time: 1.129 ms
Execution time: 2761.988 ms
