Hash Join  (cost=115095.82..466693.78 rows=31042 width=0) (actual time=5792.375..6818.094 rows=126327 loops=1)
  Hash Cond: (mi.movie_id = t.id)
  ->  Seq Scan on movie_info mi  (cost=0.00..346232.03 rows=1348138 width=4) (actual time=3706.786..4290.964 rows=1298989 loops=1)
        Filter: (info_type_id = 4)
        Rows Removed by Filter: 13536731
  ->  Hash  (cost=114368.04..114368.04 rows=58222 width=8) (actual time=2084.631..2084.631 rows=134369 loops=1)
        Buckets: 131072 (originally 65536)  Batches: 2 (originally 1)  Memory Usage: 3642kB
        ->  Hash Join  (cost=75676.34..114368.04 rows=58222 width=8) (actual time=988.482..2036.922 rows=134369 loops=1)
              Hash Cond: (mi_idx.movie_id = t.id)
              ->  Seq Scan on movie_info_idx mi_idx  (cost=0.00..21735.35 rows=1380035 width=4) (actual time=0.023..400.025 rows=1380035 loops=1)
              ->  Hash  (cost=73925.90..73925.90 rows=106675 width=4) (actual time=985.962..985.962 rows=207824 loops=1)
                    Buckets: 131072 (originally 131072)  Batches: 4 (originally 2)  Memory Usage: 3073kB
                    ->  Seq Scan on title t  (cost=0.00..73925.90 rows=106675 width=4) (actual time=0.156..907.488 rows=207824 loops=1)
                          Filter: ((kind_id < 7) AND (production_year < 1963))
                          Rows Removed by Filter: 2320488
Planning time: 1.359 ms
Execution time: 6831.181 ms
