Hash Join  (cost=104131.46..213698.73 rows=2014739 width=0) (actual time=1795.833..4928.557 rows=2123702 loops=1)
  Hash Cond: (mc.movie_id = t.id)
  ->  Seq Scan on movie_companies mc  (cost=0.00..51404.11 rows=2288153 width=4) (actual time=0.013..960.324 rows=2282573 loops=1)
        Filter: (company_id < 91361)
        Rows Removed by Filter: 326556
  ->  Hash  (cost=67604.59..67604.59 rows=2226390 width=4) (actual time=1794.945..1794.945 rows=2224569 loops=1)
        Buckets: 131072  Batches: 32  Memory Usage: 3463kB
        ->  Seq Scan on title t  (cost=0.00..67604.59 rows=2226390 width=4) (actual time=0.023..1086.737 rows=2224569 loops=1)
              Filter: (production_year < 2012)
              Rows Removed by Filter: 303743
Planning time: 0.825 ms
Execution time: 5177.812 ms
