Seq Scan on cast_info ci  (cost=0.00..796071.18 rows=5177568 width=0) (actual time=1469.010..11627.003 rows=10563773 loops=1)
  Filter: ((person_id < 1443451) AND (role_id < 2))
  Rows Removed by Filter: 25680571
Planning time: 0.356 ms
Execution time: 12951.183 ms
