Hash Join  (cost=202546.07..590902.45 rows=212638 width=0) (actual time=3566.194..9010.135 rows=135089 loops=1)
  Hash Cond: (mi.movie_id = t.id)
  ->  Seq Scan on movie_info mi  (cost=0.00..346232.03 rows=3068194 width=4) (actual time=0.014..4238.057 rows=3036719 loops=1)
        Filter: (info_type_id = 16)
        Rows Removed by Filter: 11799001
  ->  Hash  (cost=199670.61..199670.61 rows=175237 width=8) (actual time=3563.563..3563.563 rows=44705 loops=1)
        Buckets: 131072  Batches: 4  Memory Usage: 1497kB
        ->  Hash Join  (cost=75533.21..199670.61 rows=175237 width=8) (actual time=1062.755..3547.688 rows=44705 loops=1)
              Hash Cond: (mk.movie_id = t.id)
              ->  Seq Scan on movie_keyword mk  (cost=0.00..69693.30 rows=4523930 width=4) (actual time=0.007..1123.541 rows=4523930 loops=1)
              ->  Hash  (cost=73925.90..73925.90 rows=97944 width=4) (actual time=1051.449..1051.449 rows=106247 loops=1)
                    Buckets: 131072  Batches: 2  Memory Usage: 2896kB
                    ->  Seq Scan on title t  (cost=0.00..73925.90 rows=97944 width=4) (actual time=0.010..1011.331 rows=106247 loops=1)
                          Filter: ((kind_id = 7) AND (production_year = 2011))
                          Rows Removed by Filter: 2422065
Planning time: 0.757 ms
Execution time: 9026.961 ms
