Seq Scan on movie_companies mc  (cost=0.00..57926.93 rows=531196 width=0) (actual time=281.061..767.710 rows=740769 loops=1)
  Filter: ((company_id < 6881) AND (company_type_id < 2))
  Rows Removed by Filter: 1868360
Planning time: 0.305 ms
Execution time: 862.203 ms
