Hash Join  (cost=74603.76..131080.47 rows=27441 width=0) (actual time=1342.783..1938.797 rows=30772 loops=1)
  Hash Cond: (mc.movie_id = t.id)
  ->  Seq Scan on movie_companies mc  (cost=0.00..51404.11 rows=1279517 width=4) (actual time=230.449..762.924 rows=1274246 loops=1)
        Filter: (company_type_id < 2)
        Rows Removed by Filter: 1334883
  ->  Hash  (cost=73925.90..73925.90 rows=54228 width=4) (actual time=909.527..909.527 rows=39342 loops=1)
        Buckets: 65536  Batches: 1  Memory Usage: 1896kB
        ->  Seq Scan on title t  (cost=0.00..73925.90 rows=54228 width=4) (actual time=139.592..895.138 rows=39342 loops=1)
              Filter: ((production_year < 2003) AND (kind_id = 4))
              Rows Removed by Filter: 2488970
Planning time: 0.766 ms
Execution time: 1943.340 ms
