Seq Scan on cast_info ci  (cost=0.00..796071.18 rows=154349 width=0) (actual time=3112.454..11695.461 rows=122074 loops=1)
  Filter: ((person_id < 737223) AND (role_id = 6))
  Rows Removed by Filter: 36122270
Planning time: 0.411 ms
Execution time: 11710.324 ms
