Seq Scan on movie_keyword mk  (cost=0.00..81003.12 rows=3143713 width=0) (actual time=0.024..1294.483 rows=3127908 loops=1)
  Filter: (keyword_id < 12002)
  Rows Removed by Filter: 1396022
Planning time: 0.309 ms
Execution time: 1687.631 ms
