Hash Join  (cost=89472.60..164169.95 rows=479504 width=0) (actual time=2114.536..2989.262 rows=210662 loops=1)
  Hash Cond: (mc.movie_id = t.id)
  ->  Seq Scan on movie_companies mc  (cost=0.00..51404.11 rows=1279517 width=4) (actual time=0.023..846.482 rows=1274246 loops=1)
        Filter: (company_type_id = 1)
        Rows Removed by Filter: 1334883
  ->  Hash  (cost=73925.90..73925.90 rows=947576 width=4) (actual time=1418.646..1418.646 rows=876037 loops=1)
        Buckets: 131072  Batches: 16  Memory Usage: 2949kB
        ->  Seq Scan on title t  (cost=0.00..73925.90 rows=947576 width=4) (actual time=0.014..1140.155 rows=876037 loops=1)
              Filter: ((production_year < 2007) AND (kind_id = 7))
              Rows Removed by Filter: 1652275
Planning time: 0.812 ms
Execution time: 3011.002 ms
