Seq Scan on movie_companies mc  (cost=0.00..57926.93 rows=301212 width=0) (actual time=85.767..743.704 rows=439297 loops=1)
  Filter: ((company_id < 724) AND (company_type_id = 1))
  Rows Removed by Filter: 2169832
Planning time: 0.411 ms
Execution time: 789.899 ms
