Hash Join  (cost=181536.06..705278.00 rows=4117601 width=0) (actual time=3939.908..24139.462 rows=39910434 loops=1)
  Hash Cond: (mi.movie_id = t.id)
  ->  Seq Scan on movie_info mi  (cost=0.00..309384.22 rows=14739122 width=4) (actual time=0.014..4665.936 rows=14835720 loops=1)
  ->  Hash  (cost=169946.27..169946.27 rows=706383 width=8) (actual time=3938.711..3938.711 rows=1079531 loops=1)
        Buckets: 131072  Batches: 16  Memory Usage: 3707kB
        ->  Hash Join  (cost=85157.92..169946.27 rows=706383 width=8) (actual time=1203.182..3598.400 rows=1079531 loops=1)
              Hash Cond: (mc.movie_id = t.id)
              ->  Seq Scan on movie_companies mc  (cost=0.00..44881.29 rows=2609129 width=4) (actual time=1.012..730.564 rows=2609129 loops=1)
              ->  Hash  (cost=73925.90..73925.90 rows=684561 width=4) (actual time=1201.183..1201.183 rows=585759 loops=1)
                    Buckets: 131072  Batches: 16  Memory Usage: 2308kB
                    ->  Seq Scan on title t  (cost=0.00..73925.90 rows=684561 width=4) (actual time=0.026..1009.234 rows=585759 loops=1)
                          Filter: ((kind_id < 7) AND (production_year > 1990))
                          Rows Removed by Filter: 1942553
Planning time: 1.165 ms
Execution time: 28243.154 ms
