Hash Join  (cost=502894.16..1697898.09 rows=15692178 width=0) (actual time=9092.351..50836.620 rows=52916045 loops=1)
  Hash Cond: (ci.movie_id = t.id)
  ->  Seq Scan on cast_info ci  (cost=0.00..614943.12 rows=36225612 width=4) (actual time=0.007..10899.004 rows=36244344 loops=1)
  ->  Hash  (cost=484923.84..484923.84 rows=1095305 width=8) (actual time=9091.466..9091.466 rows=1217036 loops=1)
        Buckets: 131072  Batches: 16  Memory Usage: 4023kB
        ->  Hash Join  (cost=88735.04..484923.84 rows=1095305 width=8) (actual time=3196.208..8747.608 rows=1217036 loops=1)
              Hash Cond: (mi.movie_id = t.id)
              ->  Seq Scan on movie_info mi  (cost=0.00..346232.03 rows=3068194 width=4) (actual time=1387.300..4306.164 rows=3036719 loops=1)
                    Filter: (info_type_id = 16)
                    Rows Removed by Filter: 11799001
              ->  Hash  (cost=73925.90..73925.90 rows=902651 width=4) (actual time=1807.808..1807.808 rows=826317 loops=1)
                    Buckets: 131072  Batches: 16  Memory Usage: 2849kB
                    ->  Seq Scan on title t  (cost=0.00..73925.90 rows=902651 width=4) (actual time=0.027..856.625 rows=826317 loops=1)
                          Filter: ((kind_id < 7) AND (production_year > 1944))
                          Rows Removed by Filter: 1701995
Planning time: 2.167 ms
Execution time: 56548.652 ms
