Seq Scan on movie_keyword mk  (cost=0.00..81003.12 rows=246 width=0) (actual time=3.557..1043.558 rows=474 loops=1)
  Filter: (keyword_id = 2903)
  Rows Removed by Filter: 4523456
Planning time: 0.362 ms
Execution time: 1043.844 ms
