Hash Join  (cost=74547.77..832464.35 rows=712742 width=0) (actual time=1166.660..20932.546 rows=719198 loops=1)
  Hash Cond: (ci.movie_id = t.id)
  ->  Seq Scan on cast_info ci  (cost=0.00..614943.12 rows=36225612 width=4) (actual time=0.017..9011.275 rows=36244344 loops=1)
  ->  Hash  (cost=73925.90..73925.90 rows=49749 width=4) (actual time=1166.245..1166.245 rows=44012 loops=1)
        Buckets: 65536  Batches: 1  Memory Usage: 2060kB
        ->  Seq Scan on title t  (cost=0.00..73925.90 rows=49749 width=4) (actual time=0.164..1148.409 rows=44012 loops=1)
              Filter: ((kind_id < 7) AND (production_year = 2009))
              Rows Removed by Filter: 2484300
Planning time: 0.799 ms
Execution time: 21035.912 ms
