Hash Join  (cost=351473.85..1143862.82 rows=24115032 width=0) (actual time=7330.281..71248.688 rows=223087457 loops=1)
  Hash Cond: (mi.movie_id = t.id)
  ->  Seq Scan on movie_info mi  (cost=0.00..309384.22 rows=14739122 width=4) (actual time=0.018..4662.269 rows=14835720 loops=1)
  ->  Hash  (cost=283600.55..283600.55 rows=4136984 width=8) (actual time=7328.584..7328.584 rows=4096666 loops=1)
        Buckets: 131072  Batches: 64  Memory Usage: 3607kB
        ->  Hash Join  (cost=105540.76..283600.55 rows=4136984 width=8) (actual time=1880.072..6005.392 rows=4096666 loops=1)
              Hash Cond: (mk.movie_id = t.id)
              ->  Seq Scan on movie_keyword mk  (cost=0.00..69693.30 rows=4523930 width=4) (actual time=0.023..1081.394 rows=4523930 loops=1)
              ->  Hash  (cost=67604.59..67604.59 rows=2312254 width=4) (actual time=1879.321..1879.321 rows=2306538 loops=1)
                    Buckets: 131072  Batches: 32  Memory Usage: 3570kB
                    ->  Seq Scan on title t  (cost=0.00..67604.59 rows=2312254 width=4) (actual time=0.017..1138.427 rows=2306538 loops=1)
                          Filter: (production_year > 1943)
                          Rows Removed by Filter: 221774
Planning time: 1.105 ms
Execution time: 94705.677 ms
