Hash Join  (cost=304355.60..1570304.75 rows=23904452 width=0) (actual time=6651.681..48723.648 rows=78817012 loops=1)
  Hash Cond: (ci.movie_id = t.id)
  ->  Seq Scan on cast_info ci  (cost=0.00..705507.15 rows=22094957 width=4) (actual time=0.016..12502.280 rows=21950281 loops=1)
        Filter: (person_id < 2233203)
        Rows Removed by Filter: 14294063
  ->  Hash  (cost=259474.55..259474.55 rows=2735604 width=8) (actual time=6649.793..6649.793 rows=2727118 loops=1)
        Buckets: 131072  Batches: 64  Memory Usage: 2704kB
        ->  Hash Join  (cost=102767.86..259474.55 rows=2735604 width=8) (actual time=1629.625..5904.163 rows=2727118 loops=1)
              Hash Cond: (mk.movie_id = t.id)
              ->  Seq Scan on movie_keyword mk  (cost=0.00..81003.12 rows=2735604 width=4) (actual time=0.016..1409.954 rows=2727118 loops=1)
                    Filter: (keyword_id < 7763)
                    Rows Removed by Filter: 1796812
              ->  Hash  (cost=61283.27..61283.27 rows=2528527 width=4) (actual time=1627.389..1627.389 rows=2528312 loops=1)
                    Buckets: 131072  Batches: 64  Memory Usage: 2425kB
                    ->  Seq Scan on title t  (cost=0.00..61283.27 rows=2528527 width=4) (actual time=0.014..768.701 rows=2528312 loops=1)
Planning time: 1.122 ms
Execution time: 57490.578 ms
