Seq Scan on cast_info ci  (cost=0.00..796071.18 rows=101 width=0) (actual time=161.134..8964.291 rows=11 loops=1)
  Filter: ((person_id = 2110639) AND (role_id = 2))
  Rows Removed by Filter: 36244333
Planning time: 0.456 ms
Execution time: 8964.404 ms
