Seq Scan on cast_info ci  (cost=0.00..705507.15 rows=22088483 width=0) (actual time=0.019..10675.943 rows=22149347 loops=1)
  Filter: (person_id > 1388504)
  Rows Removed by Filter: 14094997
Planning time: 0.225 ms
Execution time: 13459.438 ms
