Hash Join  (cost=181732.94..548495.23 rows=210638 width=0) (actual time=2941.173..8503.095 rows=117 loops=1)
  Hash Cond: (mi.movie_id = t.id)
  ->  Seq Scan on movie_info mi  (cost=0.00..309384.22 rows=14739122 width=4) (actual time=0.010..2770.121 rows=14835720 loops=1)
  ->  Hash  (cost=181281.26..181281.26 rows=36135 width=8) (actual time=2914.399..2914.399 rows=18 loops=1)
        Buckets: 65536  Batches: 1  Memory Usage: 513kB
        ->  Hash Join  (cost=93093.72..181281.26 rows=36135 width=8) (actual time=1724.610..2914.198 rows=18 loops=1)
              Hash Cond: (mk.movie_id = t.id)
              ->  Seq Scan on movie_keyword mk  (cost=0.00..81003.12 rows=58811 width=4) (actual time=0.143..1114.294 rows=58448 loops=1)
                    Filter: (keyword_id = 16264)
                    Rows Removed by Filter: 4465482
              ->  Hash  (cost=67604.59..67604.59 rows=1553611 width=4) (actual time=1495.350..1495.350 rows=1555864 loops=1)
                    Buckets: 131072  Batches: 32  Memory Usage: 2740kB
                    ->  Seq Scan on title t  (cost=0.00..67604.59 rows=1553611 width=4) (actual time=0.016..960.910 rows=1555864 loops=1)
                          Filter: (kind_id > 4)
                          Rows Removed by Filter: 972448
Planning time: 1.131 ms
Execution time: 8503.457 ms
