Hash Join  (cost=107928.35..273433.43 rows=3231080 width=0) (actual time=1965.109..6135.162 rows=3297117 loops=1)
  Hash Cond: (mk.movie_id = t.id)
  ->  Seq Scan on movie_keyword mk  (cost=0.00..81003.12 rows=3324031 width=4) (actual time=0.028..1403.465 rows=3314725 loops=1)
        Filter: (keyword_id < 15154)
        Rows Removed by Filter: 1209205
  ->  Hash  (cost=67604.59..67604.59 rows=2457821 width=4) (actual time=1964.251..1964.251 rows=2456218 loops=1)
        Buckets: 131072  Batches: 64  Memory Usage: 2385kB
        ->  Seq Scan on title t  (cost=0.00..67604.59 rows=2457821 width=4) (actual time=0.021..1134.616 rows=2456218 loops=1)
              Filter: (production_year > 0)
              Rows Removed by Filter: 72094
Planning time: 0.716 ms
Execution time: 6518.118 ms
