Hash Join  (cost=95314.57..150069.17 rows=8907 width=0) (actual time=1036.301..2035.917 rows=25239 loops=1)
  Hash Cond: (mc.movie_id = t.id)
  ->  Seq Scan on movie_companies mc  (cost=0.00..44881.29 rows=2609129 width=4) (actual time=0.012..464.366 rows=2609129 loops=1)
  ->  Hash  (cost=95206.67..95206.67 rows=8632 width=8) (actual time=1035.716..1035.716 rows=9600 loops=1)
        Buckets: 16384  Batches: 1  Memory Usage: 503kB
        ->  Hash Join  (cost=68191.41..95206.67 rows=8632 width=8) (actual time=598.289..1032.292 rows=9600 loops=1)
              Hash Cond: (mi_idx.movie_id = t.id)
              ->  Seq Scan on movie_info_idx mi_idx  (cost=0.00..25185.44 rows=464934 width=4) (actual time=0.019..315.600 rows=460185 loops=1)
                    Filter: (info_type_id > 100)
                    Rows Removed by Filter: 919850
              ->  Hash  (cost=67604.59..67604.59 rows=46946 width=4) (actual time=597.943..597.943 rows=46583 loops=1)
                    Buckets: 65536  Batches: 1  Memory Usage: 2150kB
                    ->  Seq Scan on title t  (cost=0.00..67604.59 rows=46946 width=4) (actual time=0.024..581.853 rows=46583 loops=1)
                          Filter: (production_year = 1998)
                          Rows Removed by Filter: 2481729
Planning time: 1.147 ms
Execution time: 2040.019 ms
