Seq Scan on cast_info ci  (cost=0.00..705507.15 rows=15816783 width=0) (actual time=20.829..9192.445 rows=15708858 loops=1)
  Filter: (person_id < 1551714)
  Rows Removed by Filter: 20535486
Planning time: 0.504 ms
Execution time: 10993.463 ms
