Seq Scan on cast_info ci  (cost=0.00..705507.15 rows=500 width=0) (actual time=3481.642..8714.167 rows=2250 loops=1)
  Filter: (person_id = 3049948)
  Rows Removed by Filter: 36242094
Planning time: 0.326 ms
Execution time: 8714.543 ms
