Hash Join  (cost=70308.29..931899.32 rows=829316 width=0) (actual time=6385.149..17995.154 rows=724437 loops=1)
  Hash Cond: (ci.movie_id = t.id)
  ->  Seq Scan on cast_info ci  (cost=0.00..705507.15 rows=12726058 width=4) (actual time=5488.862..12037.168 rows=12670688 loops=1)
        Filter: (role_id < 2)
        Rows Removed by Filter: 23573656
  ->  Hash  (cost=67604.59..67604.59 rows=164776 width=4) (actual time=895.204..895.204 rows=164307 loops=1)
        Buckets: 131072  Batches: 4  Memory Usage: 2482kB
        ->  Seq Scan on title t  (cost=0.00..67604.59 rows=164776 width=4) (actual time=0.034..838.266 rows=164307 loops=1)
              Filter: (production_year = 2012)
              Rows Removed by Filter: 2364005
Planning time: 0.751 ms
Execution time: 18077.397 ms
