Seq Scan on cast_info ci  (cost=0.00..705507.15 rows=23923749 width=0) (actual time=0.014..9845.983 rows=24027170 loops=1)
  Filter: (person_id > 1203303)
  Rows Removed by Filter: 12217174
Planning time: 0.319 ms
Execution time: 12816.334 ms
