Hash Join  (cost=219330.36..766520.03 rows=4588486 width=0) (actual time=5208.330..26781.609 rows=43319141 loops=1)
  Hash Cond: (mi.movie_id = t.id)
  ->  Seq Scan on movie_info mi  (cost=0.00..309384.22 rows=14739122 width=4) (actual time=0.020..4241.910 rows=14835720 loops=1)
  ->  Hash  (cost=206415.82..206415.82 rows=787164 width=8) (actual time=5207.208..5207.208 rows=1110484 loops=1)
        Buckets: 131072  Batches: 16  Memory Usage: 3856kB
        ->  Hash Join  (cost=74823.14..206415.82 rows=787164 width=8) (actual time=1043.501..4751.819 rows=1110484 loops=1)
              Hash Cond: (mk.movie_id = t.id)
              ->  Seq Scan on movie_keyword mk  (cost=0.00..69693.30 rows=4523930 width=4) (actual time=0.012..1080.735 rows=4523930 loops=1)
              ->  Hash  (cost=67604.59..67604.59 rows=439964 width=4) (actual time=1042.483..1042.483 rows=437515 loops=1)
                    Buckets: 131072  Batches: 8  Memory Usage: 2950kB
                    ->  Seq Scan on title t  (cost=0.00..67604.59 rows=439964 width=4) (actual time=0.031..893.465 rows=437515 loops=1)
                          Filter: (production_year < 1975)
                          Rows Removed by Filter: 2090797
Planning time: 1.130 ms
Execution time: 31479.132 ms
