Seq Scan on movie_companies mc  (cost=0.00..51404.11 rows=190857 width=0) (actual time=376.494..657.112 rows=191659 loops=1)
  Filter: (company_id > 116146)
  Rows Removed by Filter: 2417470
Planning time: 0.314 ms
Execution time: 681.324 ms
