Hash Join  (cost=98347.17..222317.81 rows=1306232 width=0) (actual time=1704.251..4509.369 rows=1196605 loops=1)
  Hash Cond: (mk.movie_id = t.id)
  ->  Seq Scan on movie_keyword mk  (cost=0.00..81003.12 rows=1762638 width=4) (actual time=0.015..1326.572 rows=1770095 loops=1)
        Filter: (keyword_id < 2869)
        Rows Removed by Filter: 2753835
  ->  Hash  (cost=67604.59..67604.59 rows=1873807 width=4) (actual time=1703.033..1703.033 rows=1871198 loops=1)
        Buckets: 131072  Batches: 32  Memory Usage: 3096kB
        ->  Seq Scan on title t  (cost=0.00..67604.59 rows=1873807 width=4) (actual time=0.015..1083.889 rows=1871198 loops=1)
              Filter: (production_year > 1984)
              Rows Removed by Filter: 657114
Planning time: 0.724 ms
Execution time: 4646.487 ms
