Hash Join  (cost=102767.86..966595.96 rows=2405349 width=0) (actual time=5708.377..13409.092 rows=1199025 loops=1)
  Hash Cond: (ci.movie_id = t.id)
  ->  Seq Scan on cast_info ci  (cost=0.00..796071.18 rows=2405349 width=4) (actual time=4036.147..10379.407 rows=1199025 loops=1)
        Filter: ((person_id < 892314) AND (role_id > 4))
        Rows Removed by Filter: 35045319
  ->  Hash  (cost=61283.27..61283.27 rows=2528527 width=4) (actual time=1670.754..1670.754 rows=2528312 loops=1)
        Buckets: 131072  Batches: 64  Memory Usage: 2415kB
        ->  Seq Scan on title t  (cost=0.00..61283.27 rows=2528527 width=4) (actual time=0.025..840.965 rows=2528312 loops=1)
Planning time: 0.697 ms
Execution time: 13546.190 ms
