Seq Scan on movie_companies mc  (cost=0.00..57926.93 rows=557945 width=0) (actual time=341.321..1019.367 rows=341905 loops=1)
  Filter: ((company_id < 7166) AND (company_type_id = 2))
  Rows Removed by Filter: 2267224
Planning time: 0.312 ms
Execution time: 1062.556 ms
