Seq Scan on movie_keyword mk  (cost=0.00..81003.12 rows=2958489 width=0) (actual time=0.031..1333.770 rows=2949021 loops=1)
  Filter: (keyword_id > 2376)
  Rows Removed by Filter: 1574909
Planning time: 0.307 ms
Execution time: 1722.773 ms
