Hash Join  (cost=70241.71..129176.63 rows=1971 width=0) (actual time=883.663..1657.539 rows=501 loops=1)
  Hash Cond: (mc.movie_id = t.id)
  ->  Seq Scan on movie_companies mc  (cost=0.00..57926.93 rows=31007 width=4) (actual time=0.391..755.165 rows=55497 loops=1)
        Filter: ((company_type_id < 2) AND (company_id = 6))
        Rows Removed by Filter: 2553632
  ->  Hash  (cost=67604.59..67604.59 rows=160730 width=4) (actual time=854.464..854.464 rows=160017 loops=1)
        Buckets: 131072  Batches: 4  Memory Usage: 2436kB
        ->  Seq Scan on title t  (cost=0.00..67604.59 rows=160730 width=4) (actual time=0.020..800.769 rows=160017 loops=1)
              Filter: (production_year = 2011)
              Rows Removed by Filter: 2368295
Planning time: 0.753 ms
Execution time: 1658.059 ms
