Seq Scan on movie_keyword mk  (cost=0.00..81003.12 rows=2242737 width=0) (actual time=0.022..1217.076 rows=2239668 loops=1)
  Filter: (keyword_id < 4611)
  Rows Removed by Filter: 2284262
Planning time: 0.312 ms
Execution time: 1507.075 ms
