Hash Join  (cost=158390.57..523945.11 rows=89862 width=0) (actual time=2391.487..8546.804 rows=125921 loops=1)
  Hash Cond: (mi.movie_id = t.id)
  ->  Seq Scan on movie_info mi  (cost=0.00..309384.22 rows=14739122 width=4) (actual time=0.024..3199.924 rows=14835720 loops=1)
  ->  Hash  (cost=158197.87..158197.87 rows=15416 width=8) (actual time=2389.559..2389.559 rows=7253 loops=1)
        Buckets: 16384  Batches: 1  Memory Usage: 412kB
        ->  Hash Join  (cost=74709.85..158197.87 rows=15416 width=8) (actual time=1065.564..2386.502 rows=7253 loops=1)
              Hash Cond: (mk.movie_id = t.id)
              ->  Seq Scan on movie_keyword mk  (cost=0.00..81003.12 rows=621527 width=4) (actual time=0.016..1197.490 rows=621274 loops=1)
                    Filter: (keyword_id > 29354)
                    Rows Removed by Filter: 3902656
              ->  Hash  (cost=73925.90..73925.90 rows=62716 width=4) (actual time=1065.071..1065.071 rows=71543 loops=1)
                    Buckets: 131072 (originally 65536)  Batches: 1 (originally 1)  Memory Usage: 3540kB
                    ->  Seq Scan on title t  (cost=0.00..73925.90 rows=62716 width=4) (actual time=0.020..1034.849 rows=71543 loops=1)
                          Filter: ((kind_id > 1) AND (production_year = 2004))
                          Rows Removed by Filter: 2456769
Planning time: 2.687 ms
Execution time: 8565.153 ms
