Seq Scan on cast_info ci  (cost=0.00..796071.18 rows=23199050 width=0) (actual time=3925.006..14745.414 rows=23085150 loops=1)
  Filter: ((person_id < 3968869) AND (role_id > 1))
  Rows Removed by Filter: 13159194
Planning time: 0.340 ms
Execution time: 17468.625 ms
