Hash Join  (cost=451408.85..1252883.43 rows=24898 width=0) (actual time=11657.732..17927.914 rows=162018 loops=1)
  Hash Cond: (ci.movie_id = t.id)
  ->  Seq Scan on cast_info ci  (cost=0.00..796071.18 rows=391313 width=4) (actual time=5047.181..10900.378 rows=844185 loops=1)
        Filter: ((person_id > 2441880) AND (role_id = 9))
        Rows Removed by Filter: 35400159
  ->  Hash  (cost=448768.81..448768.81 rows=160883 width=8) (actual time=6609.516..6609.516 rows=236214 loops=1)
        Buckets: 131072  Batches: 4  Memory Usage: 3181kB
        ->  Hash Join  (cost=91959.31..448768.81 rows=160883 width=8) (actual time=5457.974..6536.998 rows=236214 loops=1)
              Hash Cond: (mi.movie_id = t.id)
              ->  Seq Scan on movie_info mi  (cost=0.00..346232.03 rows=274038 width=4) (actual time=3666.811..4391.421 rows=306788 loops=1)
                    Filter: (info_type_id > 105)
                    Rows Removed by Filter: 14528932
              ->  Hash  (cost=67604.59..67604.59 rows=1484458 width=4) (actual time=1659.049..1659.049 rows=1485030 loops=1)
                    Buckets: 131072  Batches: 32  Memory Usage: 2663kB
                    ->  Seq Scan on title t  (cost=0.00..67604.59 rows=1484458 width=4) (actual time=0.021..1162.390 rows=1485030 loops=1)
                          Filter: (production_year > 1998)
                          Rows Removed by Filter: 1043282
Planning time: 1.146 ms
Execution time: 17948.903 ms
