Seq Scan on movie_keyword mk  (cost=0.00..81003.12 rows=1624097 width=0) (actual time=0.026..1234.491 rows=1633543 loops=1)
  Filter: (keyword_id > 9083)
  Rows Removed by Filter: 2890387
Planning time: 1.055 ms
Execution time: 1446.468 ms
