Hash Join  (cost=171645.95..278911.52 rows=574825 width=0) (actual time=3247.053..5483.119 rows=906792 loops=1)
  Hash Cond: (mk.movie_id = t.id)
  ->  Seq Scan on movie_keyword mk  (cost=0.00..81003.12 rows=1430986 width=4) (actual time=0.021..1255.887 rows=1444493 loops=1)
        Filter: (keyword_id > 11565)
        Rows Removed by Filter: 3079437
  ->  Hash  (cost=154981.62..154981.62 rows=1015706 width=8) (actual time=3245.255..3245.255 rows=750135 loops=1)
        Buckets: 131072  Batches: 16  Memory Usage: 2873kB
        ->  Hash Join  (cost=98137.04..154981.62 rows=1015706 width=8) (actual time=1618.099..3054.316 rows=750135 loops=1)
              Hash Cond: (mi_idx.movie_id = t.id)
              ->  Seq Scan on movie_info_idx mi_idx  (cost=0.00..21735.35 rows=1380035 width=4) (actual time=0.013..374.328 rows=1380035 loops=1)
              ->  Hash  (cost=67604.59..67604.59 rows=1860996 width=4) (actual time=1617.214..1617.214 rows=1865487 loops=1)
                    Buckets: 131072  Batches: 32  Memory Usage: 3079kB
                    ->  Seq Scan on title t  (cost=0.00..67604.59 rows=1860996 width=4) (actual time=0.017..1025.775 rows=1865487 loops=1)
                          Filter: (kind_id > 1)
                          Rows Removed by Filter: 662825
Planning time: 1.180 ms
Execution time: 5598.301 ms
