Seq Scan on movie_keyword mk  (cost=0.00..81003.12 rows=246 width=0) (actual time=20.727..1113.507 rows=315 loops=1)
  Filter: (keyword_id = 16409)
  Rows Removed by Filter: 4523615
Planning time: 0.345 ms
Execution time: 1113.771 ms
