Hash Join  (cost=460883.61..520879.86 rows=46951 width=0) (actual time=6422.623..8003.944 rows=934039 loops=1)
  Hash Cond: (mc.movie_id = t.id)
  ->  Seq Scan on movie_companies mc  (cost=0.00..51404.11 rows=2166032 width=4) (actual time=0.016..865.228 rows=2161531 loops=1)
        Filter: (company_id < 77480)
        Rows Removed by Filter: 447598
  ->  Hash  (cost=460198.51..460198.51 rows=54808 width=8) (actual time=6421.935..6421.935 rows=50267 loops=1)
        Buckets: 65536  Batches: 1  Memory Usage: 2476kB
        ->  Hash Join  (cost=102767.86..460198.51 rows=54808 width=8) (actual time=5293.359..6404.648 rows=50267 loops=1)
              Hash Cond: (mi.movie_id = t.id)
              ->  Seq Scan on movie_info mi  (cost=0.00..346232.03 rows=54808 width=4) (actual time=3537.079..4189.777 rows=50267 loops=1)
                    Filter: (info_type_id > 107)
                    Rows Removed by Filter: 14785453
              ->  Hash  (cost=61283.27..61283.27 rows=2528527 width=4) (actual time=1727.682..1727.682 rows=2528312 loops=1)
                    Buckets: 131072  Batches: 64  Memory Usage: 2425kB
                    ->  Seq Scan on title t  (cost=0.00..61283.27 rows=2528527 width=4) (actual time=0.034..850.248 rows=2528312 loops=1)
Planning time: 0.754 ms
Execution time: 8128.023 ms
