Seq Scan on movie_keyword mk  (cost=0.00..81003.12 rows=246 width=0) (actual time=26.515..1001.419 rows=67 loops=1)
  Filter: (keyword_id = 10914)
  Rows Removed by Filter: 4523863
Planning time: 0.345 ms
Execution time: 1001.553 ms
