Hash Join  (cost=189632.99..1026976.98 rows=963922 width=0) (actual time=5374.394..17552.787 rows=2571184 loops=1)
  Hash Cond: (ci.movie_id = t.id)
  ->  Seq Scan on cast_info ci  (cost=0.00..796071.18 rows=2391358 width=4) (actual time=0.027..10747.250 rows=788251 loops=1)
        Filter: ((person_id < 1834742) AND (role_id > 9))
        Rows Removed by Filter: 35456093
  ->  Hash  (cost=172910.83..172910.83 rows=1019213 width=8) (actual time=5372.910..5372.910 rows=1891821 loops=1)
        Buckets: 131072 (originally 131072)  Batches: 32 (originally 16)  Memory Usage: 3321kB
        ->  Hash Join  (cost=83810.17..172910.83 rows=1019213 width=8) (actual time=1218.534..4108.096 rows=1891821 loops=1)
              Hash Cond: (mc.movie_id = t.id)
              ->  Seq Scan on movie_companies mc  (cost=0.00..44881.29 rows=2609129 width=4) (actual time=0.018..763.901 rows=2609129 loops=1)
              ->  Hash  (cost=67604.59..67604.59 rows=987727 width=4) (actual time=1217.729..1217.729 rows=985048 loops=1)
                    Buckets: 131072  Batches: 16  Memory Usage: 3188kB
                    ->  Seq Scan on title t  (cost=0.00..67604.59 rows=987727 width=4) (actual time=0.030..910.133 rows=985048 loops=1)
                          Filter: (kind_id < 7)
                          Rows Removed by Filter: 1543264
Planning time: 1.158 ms
Execution time: 17878.429 ms
