Seq Scan on cast_info ci  (cost=0.00..705507.15 rows=500 width=0) (actual time=1987.399..7748.457 rows=42 loops=1)
  Filter: (person_id = 2126183)
  Rows Removed by Filter: 36244302
Planning time: 0.355 ms
Execution time: 7748.551 ms
