Hash Join  (cost=83074.74..879332.29 rows=5 width=0) (actual time=7689.048..10631.920 rows=30 loops=1)
  Hash Cond: (ci.movie_id = t.id)
  ->  Seq Scan on cast_info ci  (cost=0.00..796071.18 rows=49683 width=4) (actual time=6667.814..9589.509 rows=203946 loops=1)
        Filter: ((person_id > 3144454) AND (role_id > 10))
        Rows Removed by Filter: 36040398
  ->  Hash  (cost=83071.67..83071.67 rows=246 width=8) (actual time=1014.351..1014.351 rows=98 loops=1)
        Buckets: 1024  Batches: 1  Memory Usage: 12kB
        ->  Nested Loop  (cost=0.43..83071.67 rows=246 width=8) (actual time=14.571..1014.191 rows=98 loops=1)
              ->  Seq Scan on movie_keyword mk  (cost=0.00..81003.12 rows=246 width=4) (actual time=14.447..1010.054 rows=98 loops=1)
                    Filter: (keyword_id = 7965)
                    Rows Removed by Filter: 4523832
              ->  Index Only Scan using title_pkey on title t  (cost=0.43..8.40 rows=1 width=4) (actual time=0.038..0.038 rows=1 loops=98)
                    Index Cond: (id = mk.movie_id)
                    Heap Fetches: 98
Planning time: 3.949 ms
Execution time: 10632.054 ms
