Hash Join  (cost=186010.31..321351.50 rows=1094815 width=0) (actual time=3178.951..6297.939 rows=501212 loops=1)
  Hash Cond: (mk.movie_id = t.id)
  ->  Seq Scan on movie_keyword mk  (cost=0.00..69693.30 rows=4523930 width=4) (actual time=0.025..1177.303 rows=4523930 loops=1)
  ->  Hash  (cost=175970.35..175970.35 rows=611917 width=8) (actual time=3174.261..3174.261 rows=90472 loops=1)
        Buckets: 131072  Batches: 8  Memory Usage: 1465kB
        ->  Hash Join  (cost=93093.72..175970.35 rows=611917 width=8) (actual time=1490.559..3147.042 rows=90472 loops=1)
              Hash Cond: (mc.movie_id = t.id)
              ->  Seq Scan on movie_companies mc  (cost=0.00..57926.93 rows=995904 width=4) (actual time=0.026..984.534 rows=856262 loops=1)
                    Filter: ((company_id > 624) AND (company_type_id < 2))
                    Rows Removed by Filter: 1752867
              ->  Hash  (cost=67604.59..67604.59 rows=1553611 width=4) (actual time=1486.317..1486.317 rows=1555864 loops=1)
                    Buckets: 131072  Batches: 32  Memory Usage: 2734kB
                    ->  Seq Scan on title t  (cost=0.00..67604.59 rows=1553611 width=4) (actual time=0.022..1010.750 rows=1555864 loops=1)
                          Filter: (kind_id > 4)
                          Rows Removed by Filter: 972448
Planning time: 1.140 ms
Execution time: 6361.491 ms
