Hash Join  (cost=270630.41..1068397.80 rows=3138189 width=0) (actual time=5566.857..19081.135 rows=10321025 loops=1)
  Hash Cond: (ci.movie_id = t.id)
  ->  Seq Scan on cast_info ci  (cost=0.00..705507.15 rows=4171470 width=4) (actual time=352.533..9169.664 rows=4042756 loops=1)
        Filter: (person_id < 387800)
        Rows Removed by Filter: 32201588
  ->  Hash  (cost=239421.83..239421.83 rows=1902206 width=8) (actual time=5213.097..5213.097 rows=1909519 loops=1)
        Buckets: 131072  Batches: 32  Memory Usage: 3341kB
        ->  Hash Join  (cost=102767.86..239421.83 rows=1902206 width=8) (actual time=1697.612..4764.383 rows=1909519 loops=1)
              Hash Cond: (mk.movie_id = t.id)
              ->  Seq Scan on movie_keyword mk  (cost=0.00..81003.12 rows=1902206 width=4) (actual time=0.028..1423.044 rows=1909519 loops=1)
                    Filter: (keyword_id < 3287)
                    Rows Removed by Filter: 2614411
              ->  Hash  (cost=61283.27..61283.27 rows=2528527 width=4) (actual time=1696.313..1696.313 rows=2528312 loops=1)
                    Buckets: 131072  Batches: 64  Memory Usage: 2425kB
                    ->  Seq Scan on title t  (cost=0.00..61283.27 rows=2528527 width=4) (actual time=0.019..846.440 rows=2528312 loops=1)
Planning time: 1.160 ms
Execution time: 20284.888 ms
