Hash Join  (cost=71408.55..871848.11 rows=25430 width=0) (actual time=5596.710..12469.646 rows=10640 loops=1)
  Hash Cond: (ci.movie_id = t.id)
  ->  Seq Scan on cast_info ci  (cost=0.00..796071.18 rows=277354 width=4) (actual time=4664.185..11450.449 rows=96121 loops=1)
        Filter: ((person_id < 2915585) AND (role_id > 10))
        Rows Removed by Filter: 36148223
  ->  Hash  (cost=67604.59..67604.59 rows=231837 width=4) (actual time=931.599..931.599 rows=231649 loops=1)
        Buckets: 131072  Batches: 4  Memory Usage: 3076kB
        ->  Seq Scan on title t  (cost=0.00..67604.59 rows=231837 width=4) (actual time=0.061..853.704 rows=231649 loops=1)
              Filter: (production_year > 2011)
              Rows Removed by Filter: 2296663
Planning time: 0.822 ms
Execution time: 12471.539 ms
