Seq Scan on movie_companies mc  (cost=0.00..51404.11 rows=888310 width=0) (actual time=0.022..779.153 rows=884743 loops=1)
  Filter: (company_id < 2675)
  Rows Removed by Filter: 1724386
Planning time: 0.308 ms
Execution time: 895.880 ms
