Hash Join  (cost=123491.01..948149.48 rows=937 width=176) (actual time=3426.828..15662.529 rows=2987 loops=1)
  Hash Cond: (ci.movie_id = t.id)
  ->  Seq Scan on cast_info ci  (cost=0.00..796071.18 rows=7620779 width=42) (actual time=945.080..12743.660 rows=2232819 loops=1)
        Filter: ((person_id > 1423944) AND (role_id = 1))
        Rows Removed by Filter: 34011525
  ->  Hash  (cost=123487.12..123487.12 rows=311 width=134) (actual time=2481.298..2481.298 rows=4937 loops=1)
        Buckets: 8192 (originally 1024)  Batches: 1 (originally 1)  Memory Usage: 693kB
        ->  Hash Join  (cost=67612.84..123487.12 rows=311 width=134) (actual time=1103.762..2476.762 rows=4937 loops=1)
              Hash Cond: (mc.movie_id = t.id)
              ->  Seq Scan on movie_companies mc  (cost=0.00..51404.11 rows=1191216 width=40) (actual time=0.021..1141.379 rows=1200954 loops=1)
                    Filter: (company_id > 12316)
                    Rows Removed by Filter: 1408175
              ->  Hash  (cost=67604.59..67604.59 rows=660 width=94) (actual time=1099.992..1099.992 rows=3515 loops=1)
                    Buckets: 4096 (originally 1024)  Batches: 1 (originally 1)  Memory Usage: 406kB
                    ->  Seq Scan on title t  (cost=0.00..67604.59 rows=660 width=94) (actual time=0.785..1097.903 rows=3515 loops=1)
                          Filter: (production_year > 2013)
                          Rows Removed by Filter: 2524797
Planning time: 1.487 ms
Execution time: 15662.969 ms
