Hash Join  (cost=176930.83..694460.63 rows=3535387 width=0) (actual time=4028.072..27695.916 rows=51702631 loops=1)
  Hash Cond: (mi.movie_id = t.id)
  ->  Seq Scan on movie_info mi  (cost=0.00..309384.22 rows=14739122 width=4) (actual time=0.015..4446.755 rows=14835720 loops=1)
  ->  Hash  (cost=166979.55..166979.55 rows=606503 width=8) (actual time=4026.977..4026.977 rows=1221150 loops=1)
        Buckets: 131072 (originally 131072)  Batches: 16 (originally 8)  Memory Usage: 4091kB
        ->  Hash Join  (cost=83568.99..166979.55 rows=606503 width=8) (actual time=1217.870..3636.616 rows=1221150 loops=1)
              Hash Cond: (mc.movie_id = t.id)
              ->  Seq Scan on movie_companies mc  (cost=0.00..44881.29 rows=2609129 width=4) (actual time=0.012..713.130 rows=2609129 loops=1)
              ->  Hash  (cost=73925.90..73925.90 rows=587767 width=4) (actual time=1216.975..1216.975 rows=594730 loops=1)
                    Buckets: 131072  Batches: 8  Memory Usage: 3648kB
                    ->  Seq Scan on title t  (cost=0.00..73925.90 rows=587767 width=4) (actual time=141.274..1029.324 rows=594730 loops=1)
                          Filter: ((production_year < 2012) AND (kind_id = 1))
                          Rows Removed by Filter: 1933582
Planning time: 1.175 ms
Execution time: 33224.488 ms
