Hash Join  (cost=194170.93..720267.71 rows=4338286 width=0) (actual time=3674.649..19230.770 rows=17196765 loops=1)
  Hash Cond: (mi.movie_id = t.id)
  ->  Seq Scan on movie_info mi  (cost=0.00..309384.22 rows=14739122 width=4) (actual time=0.015..4418.606 rows=14835720 loops=1)
  ->  Hash  (cost=181959.90..181959.90 rows=744242 width=8) (actual time=3673.491..3673.491 rows=738251 loops=1)
        Buckets: 131072  Batches: 16  Memory Usage: 2854kB
        ->  Hash Join  (cost=102767.86..181959.90 rows=744242 width=8) (actual time=1668.680..3448.385 rows=738251 loops=1)
              Hash Cond: (mc.movie_id = t.id)
              ->  Seq Scan on movie_companies mc  (cost=0.00..51404.11 rows=744242 width=4) (actual time=0.028..740.746 rows=738251 loops=1)
                    Filter: (company_id < 1451)
                    Rows Removed by Filter: 1870878
              ->  Hash  (cost=61283.27..61283.27 rows=2528527 width=4) (actual time=1667.638..1667.638 rows=2528312 loops=1)
                    Buckets: 131072  Batches: 64  Memory Usage: 2415kB
                    ->  Seq Scan on title t  (cost=0.00..61283.27 rows=2528527 width=4) (actual time=0.008..829.940 rows=2528312 loops=1)
Planning time: 1.152 ms
Execution time: 21185.016 ms
