Hash Join  (cost=132030.13..516967.38 rows=244150 width=0) (actual time=4549.077..9240.601 rows=180536 loops=1)
  Hash Cond: (mi.movie_id = t.id)
  ->  Seq Scan on movie_info mi  (cost=0.00..346232.03 rows=3068194 width=4) (actual time=1478.823..4865.991 rows=3036719 loops=1)
        Filter: (info_type_id = 16)
        Rows Removed by Filter: 11799001
  ->  Hash  (cost=128729.05..128729.05 rows=201206 width=8) (actual time=3069.135..3069.135 rows=109567 loops=1)
        Buckets: 131072  Batches: 4  Memory Usage: 2100kB
        ->  Hash Join  (cost=91879.05..128729.05 rows=201206 width=8) (actual time=2367.167..3034.652 rows=109567 loops=1)
              Hash Cond: (mi_idx.movie_id = t.id)
              ->  Seq Scan on movie_info_idx mi_idx  (cost=0.00..25185.44 rows=464934 width=4) (actual time=0.046..405.228 rows=460185 loops=1)
                    Filter: (info_type_id > 100)
                    Rows Removed by Filter: 919850
              ->  Hash  (cost=73925.90..73925.90 rows=1094252 width=4) (actual time=2210.669..2210.669 rows=1044222 loops=1)
                    Buckets: 131072  Batches: 16  Memory Usage: 3319kB
                    ->  Seq Scan on title t  (cost=0.00..73925.90 rows=1094252 width=4) (actual time=0.025..1208.039 rows=1044222 loops=1)
                          Filter: ((production_year < 2009) AND (kind_id = 7))
                          Rows Removed by Filter: 1484090
Planning time: 1.184 ms
Execution time: 9264.302 ms
