Hash Join  (cost=180113.62..1246967.35 rows=2886497 width=0) (actual time=2889.105..28593.574 rows=4920658 loops=1)
  Hash Cond: (ci.movie_id = t.id)
  ->  Seq Scan on cast_info ci  (cost=0.00..705507.15 rows=28668949 width=4) (actual time=0.020..14099.361 rows=28808107 loops=1)
        Filter: (role_id < 8)
        Rows Removed by Filter: 7436237
  ->  Hash  (cost=175936.35..175936.35 rows=254582 width=8) (actual time=2888.299..2888.299 rows=139516 loops=1)
        Buckets: 131072  Batches: 4  Memory Usage: 2383kB
        ->  Hash Join  (cost=76379.89..175936.35 rows=254582 width=8) (actual time=1041.998..2852.445 rows=139516 loops=1)
              Hash Cond: (mk.movie_id = t.id)
              ->  Seq Scan on movie_keyword mk  (cost=0.00..81003.12 rows=1203604 width=4) (actual time=0.014..1213.025 rows=1212714 loops=1)
                    Filter: (keyword_id > 15081)
                    Rows Removed by Filter: 3311216
              ->  Hash  (cost=67604.59..67604.59 rows=534824 width=4) (actual time=1040.710..1040.710 rows=533369 loops=1)
                    Buckets: 131072  Batches: 8  Memory Usage: 3376kB
                    ->  Seq Scan on title t  (cost=0.00..67604.59 rows=534824 width=4) (actual time=0.015..865.052 rows=533369 loops=1)
                          Filter: (production_year > 2009)
                          Rows Removed by Filter: 1994943
Planning time: 1.130 ms
Execution time: 29085.436 ms
