Seq Scan on movie_keyword mk  (cost=0.00..81003.12 rows=3102838 width=0) (actual time=0.026..1628.291 rows=3087042 loops=1)
  Filter: (keyword_id > 1995)
  Rows Removed by Filter: 1436888
Planning time: 1.627 ms
Execution time: 2011.228 ms
