Seq Scan on movie_info mi  (cost=0.00..346232.03 rows=1094079 width=0) (actual time=0.023..4252.227 rows=1154311 loops=1)
  Filter: (info_type_id > 50)
  Rows Removed by Filter: 13681409
Planning time: 0.359 ms
Execution time: 4401.523 ms
