Hash Join  (cost=88220.42..134072.01 rows=475511 width=0) (actual time=1250.199..2508.907 rows=837650 loops=1)
  Hash Cond: (mi_idx.movie_id = t.id)
  ->  Seq Scan on movie_info_idx mi_idx  (cost=0.00..21735.35 rows=1380035 width=4) (actual time=0.019..328.522 rows=1380035 loops=1)
  ->  Hash  (cost=73925.90..73925.90 rows=871241 width=4) (actual time=1249.363..1249.363 rows=786640 loops=1)
        Buckets: 131072  Batches: 16  Memory Usage: 2754kB
        ->  Seq Scan on title t  (cost=0.00..73925.90 rows=871241 width=4) (actual time=0.021..1002.155 rows=786640 loops=1)
              Filter: ((kind_id < 7) AND (production_year > 1958))
              Rows Removed by Filter: 1741672
Planning time: 0.701 ms
Execution time: 2610.831 ms
