Hash Join  (cost=258278.93..1572397.53 rows=22879442 width=0) (actual time=5144.942..52543.785 rows=74439195 loops=1)
  Hash Cond: (ci.movie_id = t.id)
  ->  Seq Scan on cast_info ci  (cost=0.00..614943.12 rows=36225612 width=4) (actual time=0.020..10386.464 rows=36244344 loops=1)
  ->  Hash  (cost=232077.78..232077.78 rows=1596972 width=8) (actual time=5143.826..5143.826 rows=1606189 loops=1)
        Buckets: 131072  Batches: 32  Memory Usage: 2966kB
        ->  Hash Join  (cost=102767.86..232077.78 rows=1596972 width=8) (actual time=1584.729..4672.958 rows=1606189 loops=1)
              Hash Cond: (mk.movie_id = t.id)
              ->  Seq Scan on movie_keyword mk  (cost=0.00..81003.12 rows=1596972 width=4) (actual time=0.021..1226.129 rows=1606189 loops=1)
                    Filter: (keyword_id < 2488)
                    Rows Removed by Filter: 2917741
              ->  Hash  (cost=61283.27..61283.27 rows=2528527 width=4) (actual time=1583.865..1583.865 rows=2528312 loops=1)
                    Buckets: 131072  Batches: 64  Memory Usage: 2425kB
                    ->  Seq Scan on title t  (cost=0.00..61283.27 rows=2528527 width=4) (actual time=0.011..761.400 rows=2528312 loops=1)
Planning time: 1.131 ms
Execution time: 61103.277 ms
