Seq Scan on movie_companies mc  (cost=0.00..57926.93 rows=628916 width=0) (actual time=305.935..923.392 rows=892509 loops=1)
  Filter: ((company_id > 11705) AND (company_type_id = 2))
  Rows Removed by Filter: 1716620
Planning time: 0.342 ms
Execution time: 1041.162 ms
