Seq Scan on movie_companies mc  (cost=0.00..57926.93 rows=951414 width=0) (actual time=225.899..924.006 rows=1117278 loops=1)
  Filter: ((company_id > 1435) AND (company_type_id = 2))
  Rows Removed by Filter: 1491851
Planning time: 0.359 ms
Execution time: 1066.572 ms
