Hash Join  (cost=255076.86..1568829.99 rows=17268550 width=0) (actual time=7125.533..73293.967 rows=141178492 loops=1)
  Hash Cond: (ci.movie_id = t.id)
  ->  Seq Scan on cast_info ci  (cost=0.00..705507.15 rows=33598711 width=4) (actual time=0.011..13965.230 rows=33575746 loops=1)
        Filter: (person_id < 3548282)
        Rows Removed by Filter: 2668598
  ->  Hash  (cost=233755.19..233755.19 rows=1299573 width=8) (actual time=7122.246..7122.246 rows=3395067 loops=1)
        Buckets: 131072 (originally 131072)  Batches: 64 (originally 32)  Memory Usage: 3124kB
        ->  Hash Join  (cost=86252.72..233755.19 rows=1299573 width=8) (actual time=1287.250..6306.414 rows=3395067 loops=1)
              Hash Cond: (mk.movie_id = t.id)
              ->  Seq Scan on movie_keyword mk  (cost=0.00..81003.12 rows=4373499 width=4) (actual time=0.014..1654.021 rows=4360169 loops=1)
                    Filter: (keyword_id > 117)
                    Rows Removed by Filter: 163761
              ->  Hash  (cost=73925.90..73925.90 rows=751345 width=4) (actual time=1286.163..1286.163 rows=793943 loops=1)
                    Buckets: 131072  Batches: 16  Memory Usage: 2779kB
                    ->  Seq Scan on title t  (cost=0.00..73925.90 rows=751345 width=4) (actual time=0.017..1028.377 rows=793943 loops=1)
                          Filter: ((kind_id < 7) AND (production_year < 2010))
                          Rows Removed by Filter: 1734369
Planning time: 1.096 ms
Execution time: 89188.542 ms
