Hash Join  (cost=52284.99..145261.34 rows=131 width=0) (actual time=1347.109..2508.067 rows=10 loops=1)
  Hash Cond: (mk.movie_id = t.id)
  ->  Seq Scan on movie_keyword mk  (cost=0.00..81003.12 rows=3192511 width=4) (actual time=0.022..1315.502 rows=3177875 loops=1)
        Filter: (keyword_id < 12677)
        Rows Removed by Filter: 1346055
  ->  Hash  (cost=52283.69..52283.69 rows=104 width=8) (actual time=743.271..743.271 rows=18 loops=1)
        Buckets: 1024  Batches: 1  Memory Usage: 9kB
        ->  Nested Loop  (cost=0.43..52283.69 rows=104 width=8) (actual time=15.997..743.253 rows=18 loops=1)
              ->  Seq Scan on movie_companies mc  (cost=0.00..51404.11 rows=104 width=4) (actual time=15.899..742.785 rows=18 loops=1)
                    Filter: (company_id = 7736)
                    Rows Removed by Filter: 2609111
              ->  Index Only Scan using title_pkey on title t  (cost=0.43..8.45 rows=1 width=4) (actual time=0.022..0.023 rows=1 loops=18)
                    Index Cond: (id = mc.movie_id)
                    Heap Fetches: 18
Planning time: 1.398 ms
Execution time: 2508.155 ms
