Hash Join  (cost=100490.78..1046822.44 rows=7814550 width=0) (actual time=1747.757..23951.811 rows=8007798 loops=1)
  Hash Cond: (ci.movie_id = t.id)
  ->  Seq Scan on cast_info ci  (cost=0.00..705507.15 rows=12203201 width=4) (actual time=0.028..11678.946 rows=12113646 loops=1)
        Filter: (role_id > 3)
        Rows Removed by Filter: 24130698
  ->  Hash  (cost=73925.90..73925.90 rows=1619190 width=4) (actual time=1746.417..1746.417 rows=1731921 loops=1)
        Buckets: 131072  Batches: 32  Memory Usage: 2931kB
        ->  Seq Scan on title t  (cost=0.00..73925.90 rows=1619190 width=4) (actual time=0.018..1205.949 rows=1731921 loops=1)
              Filter: ((kind_id > 1) AND (production_year > 1961))
              Rows Removed by Filter: 796391
Planning time: 0.703 ms
Execution time: 24936.018 ms
