Seq Scan on cast_info ci  (cost=0.00..796071.18 rows=605937 width=0) (actual time=7664.990..12327.030 rows=680333 loops=1)
  Filter: ((person_id > 569876) AND (role_id = 6))
  Rows Removed by Filter: 35564011
Planning time: 0.431 ms
Execution time: 12412.951 ms
