Hash Join  (cost=107688.85..455704.03 rows=1332 width=0) (actual time=1845.620..4780.084 rows=36 loops=1)
  Hash Cond: (mi.movie_id = t.id)
  ->  Seq Scan on movie_info mi  (cost=0.00..346232.03 rows=471955 width=4) (actual time=908.089..3919.645 rows=543367 loops=1)
        Filter: (info_type_id > 98)
        Rows Removed by Filter: 14292353
  ->  Hash  (cost=107599.65..107599.65 rows=7136 width=8) (actual time=783.048..783.048 rows=107 loops=1)
        Buckets: 8192  Batches: 1  Memory Usage: 69kB
        ->  Nested Loop  (cost=0.43..107599.65 rows=7136 width=8) (actual time=42.814..782.768 rows=107 loops=1)
              ->  Seq Scan on movie_companies mc  (cost=0.00..57926.93 rows=7136 width=4) (actual time=42.728..780.024 rows=107 loops=1)
                    Filter: ((company_type_id > 1) AND (company_id = 34))
                    Rows Removed by Filter: 2609022
              ->  Index Only Scan using title_pkey on title t  (cost=0.43..6.95 rows=1 width=4) (actual time=0.023..0.023 rows=1 loops=107)
                    Index Cond: (id = mc.movie_id)
                    Heap Fetches: 107
Planning time: 1.165 ms
Execution time: 4780.198 ms
