Hash Join  (cost=102767.86..262477.12 rows=2860316 width=0) (actual time=1100.924..4486.038 rows=2850225 loops=1)
  Hash Cond: (mk.movie_id = t.id)
  ->  Seq Scan on movie_keyword mk  (cost=0.00..81003.12 rows=2860316 width=4) (actual time=0.021..1323.771 rows=2850225 loops=1)
        Filter: (keyword_id < 8700)
        Rows Removed by Filter: 1673705
  ->  Hash  (cost=61283.27..61283.27 rows=2528527 width=4) (actual time=1099.510..1099.510 rows=2528312 loops=1)
        Buckets: 131072  Batches: 64  Memory Usage: 2425kB
        ->  Seq Scan on title t  (cost=0.00..61283.27 rows=2528527 width=4) (actual time=0.011..519.677 rows=2528312 loops=1)
Planning time: 0.746 ms
Execution time: 4738.506 ms
