Seq Scan on movie_keyword mk  (cost=0.00..81003.12 rows=602350 width=0) (actual time=0.027..1058.642 rows=606497 loops=1)
  Filter: (keyword_id > 30447)
  Rows Removed by Filter: 3917433
Planning time: 0.331 ms
Execution time: 1133.194 ms
