Hash Join  (cost=76242.82..115257.91 rows=77061 width=0) (actual time=982.359..1752.259 rows=79121 loops=1)
  Hash Cond: (mi_idx.movie_id = t.id)
  ->  Seq Scan on movie_info_idx mi_idx  (cost=0.00..21735.35 rows=1380035 width=4) (actual time=0.025..365.240 rows=1380035 loops=1)
  ->  Hash  (cost=73925.90..73925.90 rows=141193 width=4) (actual time=944.369..944.369 rows=132182 loops=1)
        Buckets: 131072  Batches: 2  Memory Usage: 3340kB
        ->  Seq Scan on title t  (cost=0.00..73925.90 rows=141193 width=4) (actual time=164.486..898.434 rows=132182 loops=1)
              Filter: ((production_year > 2009) AND (kind_id = 1))
              Rows Removed by Filter: 2396130
Planning time: 1.970 ms
Execution time: 1760.566 ms
