Seq Scan on cast_info ci  (cost=0.00..705507.15 rows=34852355 width=0) (actual time=0.019..11387.883 rows=34854799 loops=1)
  Filter: (person_id < 3791622)
  Rows Removed by Filter: 1389545
Planning time: 0.342 ms
Execution time: 15775.716 ms
