Hash Join  (cost=96651.52..162133.17 rows=22561 width=0) (actual time=1949.788..3133.437 rows=6287 loops=1)
  Hash Cond: (mc.movie_id = t.id)
  ->  Seq Scan on movie_companies mc  (cost=0.00..57926.93 rows=32221 width=4) (actual time=2.646..889.907 rows=6578 loops=1)
        Filter: ((company_id = 6) AND (company_type_id = 2))
        Rows Removed by Filter: 2602551
  ->  Hash  (cost=67604.59..67604.59 rows=1770475 width=4) (actual time=1944.174..1944.174 rows=1774635 loops=1)
        Buckets: 131072  Batches: 32  Memory Usage: 2978kB
        ->  Seq Scan on title t  (cost=0.00..67604.59 rows=1770475 width=4) (actual time=0.017..1349.007 rows=1774635 loops=1)
              Filter: (kind_id > 2)
              Rows Removed by Filter: 753677
Planning time: 0.799 ms
Execution time: 3134.318 ms
