Hash Join  (cost=263115.61..1272989.03 rows=8617233 width=0) (actual time=10683.972..23313.707 rows=9520285 loops=1)
  Hash Cond: (ci.movie_id = t.id)
  ->  Seq Scan on cast_info ci  (cost=0.00..796071.18 rows=8351027 width=4) (actual time=4845.567..11690.746 rows=5323408 loops=1)
        Filter: ((person_id > 2653145) AND (role_id < 8))
        Rows Removed by Filter: 30920936
  ->  Hash  (cost=220309.49..220309.49 rows=2609129 width=8) (actual time=5836.956..5836.956 rows=2609129 loops=1)
        Buckets: 131072  Batches: 64  Memory Usage: 2610kB
        ->  Hash Join  (cost=102767.86..220309.49 rows=2609129 width=8) (actual time=1671.312..5052.990 rows=2609129 loops=1)
              Hash Cond: (mc.movie_id = t.id)
              ->  Seq Scan on movie_companies mc  (cost=0.00..44881.29 rows=2609129 width=4) (actual time=0.021..782.919 rows=2609129 loops=1)
              ->  Hash  (cost=61283.27..61283.27 rows=2528527 width=4) (actual time=1669.350..1669.350 rows=2528312 loops=1)
                    Buckets: 131072  Batches: 64  Memory Usage: 2415kB
                    ->  Seq Scan on title t  (cost=0.00..61283.27 rows=2528527 width=4) (actual time=0.027..831.129 rows=2528312 loops=1)
Planning time: 1.131 ms
Execution time: 24438.448 ms
