Hash Join  (cost=255919.23..1669103.73 rows=32523132 width=0) (actual time=5102.118..51268.382 rows=70958599 loops=1)
  Hash Cond: (ci.movie_id = t.id)
  ->  Seq Scan on cast_info ci  (cost=0.00..614943.12 rows=36225612 width=4) (actual time=0.017..10402.002 rows=36244344 loops=1)
  ->  Hash  (cost=218675.03..218675.03 rows=2270096 width=8) (actual time=5100.866..5100.866 rows=2275487 loops=1)
        Buckets: 131072  Batches: 32  Memory Usage: 3775kB
        ->  Hash Join  (cost=102767.86..218675.03 rows=2270096 width=8) (actual time=1653.153..4565.803 rows=2275487 loops=1)
              Hash Cond: (mc.movie_id = t.id)
              ->  Seq Scan on movie_companies mc  (cost=0.00..51404.11 rows=2270096 width=4) (actual time=0.015..939.213 rows=2275487 loops=1)
                    Filter: (company_id > 164)
                    Rows Removed by Filter: 333642
              ->  Hash  (cost=61283.27..61283.27 rows=2528527 width=4) (actual time=1651.414..1651.414 rows=2528312 loops=1)
                    Buckets: 131072  Batches: 64  Memory Usage: 2415kB
                    ->  Seq Scan on title t  (cost=0.00..61283.27 rows=2528527 width=4) (actual time=0.021..814.439 rows=2528312 loops=1)
Planning time: 1.110 ms
Execution time: 58695.388 ms
