Hash Join  (cost=92883.59..173327.68 rows=531724 width=0) (actual time=1539.045..2879.904 rows=28566 loops=1)
  Hash Cond: (mc.movie_id = t.id)
  ->  Seq Scan on movie_companies mc  (cost=0.00..57926.93 rows=872584 width=4) (actual time=116.587..912.824 rows=691394 loops=1)
        Filter: ((company_id > 1986) AND (company_type_id = 1))
        Rows Removed by Filter: 1917735
  ->  Hash  (cost=67604.59..67604.59 rows=1540800 width=4) (actual time=1421.339..1421.339 rows=1543264 loops=1)
        Buckets: 131072  Batches: 32  Memory Usage: 2722kB
        ->  Seq Scan on title t  (cost=0.00..67604.59 rows=1540800 width=4) (actual time=0.018..944.568 rows=1543264 loops=1)
              Filter: (kind_id = 7)
              Rows Removed by Filter: 985048
Planning time: 0.831 ms
Execution time: 2883.337 ms
