Seq Scan on cast_info ci  (cost=0.00..796071.18 rows=8173725 width=0) (actual time=1778.075..15106.470 rows=12670688 loops=1)
  Filter: ((person_id < 2367585) AND (role_id = 1))
  Rows Removed by Filter: 23573656
Planning time: 6.103 ms
Execution time: 16713.443 ms
