Hash Join  (cost=114767.63..1239133.63 rows=1648110 width=0) (actual time=1887.788..33987.158 rows=5909087 loops=1)
  Hash Cond: (ci.movie_id = t.id)
  ->  Seq Scan on cast_info ci  (cost=0.00..705507.15 rows=34759657 width=4) (actual time=0.019..14102.405 rows=34772772 loops=1)
        Filter: (person_id < 3772625)
        Rows Removed by Filter: 1471572
  ->  Hash  (cost=112800.02..112800.02 rows=119889 width=8) (actual time=1887.004..1887.004 rows=209880 loops=1)
        Buckets: 131072 (originally 131072)  Batches: 4 (originally 2)  Memory Usage: 3075kB
        ->  Hash Join  (cost=78556.72..112800.02 rows=119889 width=8) (actual time=1148.274..1810.636 rows=209880 loops=1)
              Hash Cond: (mi_idx.movie_id = t.id)
              ->  Seq Scan on movie_info_idx mi_idx  (cost=0.00..25185.44 rows=454124 width=4) (actual time=0.023..387.569 rows=459925 loops=1)
                    Filter: (info_type_id = 100)
                    Rows Removed by Filter: 920110
              ->  Hash  (cost=67604.59..67604.59 rows=667531 width=4) (actual time=994.757..994.757 rows=662825 loops=1)
                    Buckets: 131072  Batches: 16  Memory Usage: 2476kB
                    ->  Seq Scan on title t  (cost=0.00..67604.59 rows=667531 width=4) (actual time=0.581..803.594 rows=662825 loops=1)
                          Filter: (kind_id = 1)
                          Rows Removed by Filter: 1865487
Planning time: 1.140 ms
Execution time: 34639.839 ms
