Hash Join  (cost=114333.31..169467.67 rows=46885 width=0) (actual time=1902.748..2975.119 rows=90576 loops=1)
  Hash Cond: (mc.movie_id = t.id)
  ->  Seq Scan on movie_companies mc  (cost=0.00..44881.29 rows=2609129 width=4) (actual time=0.021..468.617 rows=2609129 loops=1)
  ->  Hash  (cost=113765.36..113765.36 rows=45436 width=8) (actual time=1902.151..1902.151 rows=36024 loops=1)
        Buckets: 65536  Batches: 1  Memory Usage: 1920kB
        ->  Hash Join  (cost=75292.52..113765.36 rows=45436 width=8) (actual time=1053.995..1889.281 rows=36024 loops=1)
              Hash Cond: (mi_idx.movie_id = t.id)
              ->  Seq Scan on movie_info_idx mi_idx  (cost=0.00..21735.35 rows=1380035 width=4) (actual time=0.029..361.443 rows=1380035 loops=1)
              ->  Hash  (cost=73925.90..73925.90 rows=83249 width=4) (actual time=1052.954..1052.954 rows=101793 loops=1)
                    Buckets: 131072  Batches: 2  Memory Usage: 2803kB
                    ->  Seq Scan on title t  (cost=0.00..73925.90 rows=83249 width=4) (actual time=0.029..1014.222 rows=101793 loops=1)
                          Filter: ((kind_id > 1) AND (production_year = 2007))
                          Rows Removed by Filter: 2426519
Planning time: 1.185 ms
Execution time: 2988.421 ms
