Hash Join  (cost=69911.67..420497.62 rows=1075 width=0) (actual time=1789.044..5275.134 rows=653 loops=1)
  Hash Cond: (mi.movie_id = t.id)
  ->  Seq Scan on movie_info mi  (cost=0.00..346232.03 rows=1158179 width=4) (actual time=897.093..4256.383 rows=1204709 loops=1)
        Filter: (info_type_id > 18)
        Rows Removed by Filter: 13631011
  ->  Hash  (cost=69882.32..69882.32 rows=2348 width=8) (actual time=835.483..835.483 rows=2008 loops=1)
        Buckets: 4096  Batches: 1  Memory Usage: 111kB
        ->  Nested Loop  (cost=0.43..69882.32 rows=2348 width=8) (actual time=0.127..834.219 rows=2008 loops=1)
              ->  Seq Scan on movie_companies mc  (cost=0.00..51404.11 rows=2348 width=4) (actual time=0.056..780.253 rows=2008 loops=1)
                    Filter: (company_id = 11245)
                    Rows Removed by Filter: 2607121
              ->  Index Only Scan using title_pkey on title t  (cost=0.43..7.86 rows=1 width=4) (actual time=0.026..0.026 rows=1 loops=2008)
                    Index Cond: (id = mc.movie_id)
                    Heap Fetches: 2008
Planning time: 1.183 ms
Execution time: 5275.393 ms
