Hash Join  (cost=133939.25..220717.31 rows=12002 width=0) (actual time=1989.590..3614.039 rows=31874 loops=1)
  Hash Cond: (mk.movie_id = t.id)
  ->  Seq Scan on movie_keyword mk  (cost=0.00..69693.30 rows=4523930 width=4) (actual time=0.025..762.332 rows=4523930 loops=1)
  ->  Hash  (cost=133855.40..133855.40 rows=6708 width=8) (actual time=1989.436..1989.436 rows=7353 loops=1)
        Buckets: 8192  Batches: 1  Memory Usage: 352kB
        ->  Hash Join  (cost=74517.54..133855.40 rows=6708 width=8) (actual time=996.735..1986.220 rows=7353 loops=1)
              Hash Cond: (mc.movie_id = t.id)
              ->  Seq Scan on movie_companies mc  (cost=0.00..57926.93 rows=358359 width=4) (actual time=0.015..799.362 rows=670733 loops=1)
                    Filter: ((company_id > 44170) AND (company_type_id > 1))
                    Rows Removed by Filter: 1938396
              ->  Hash  (cost=73925.90..73925.90 rows=47331 width=4) (actual time=996.149..996.149 rows=53937 loops=1)
                    Buckets: 65536  Batches: 1  Memory Usage: 2409kB
                    ->  Seq Scan on title t  (cost=0.00..73925.90 rows=47331 width=4) (actual time=0.054..973.983 rows=53937 loops=1)
                          Filter: ((kind_id > 2) AND (production_year = 2003))
                          Rows Removed by Filter: 2474375
Planning time: 1.188 ms
Execution time: 3618.743 ms
