Hash Join  (cost=58358.83..423016.22 rows=146 width=0) (actual time=1350.347..6244.967 rows=7 loops=1)
  Hash Cond: (mi.movie_id = t.id)
  ->  Seq Scan on movie_info mi  (cost=0.00..309384.22 rows=14739122 width=4) (actual time=0.021..2927.743 rows=14835720 loops=1)
  ->  Hash  (cost=58358.52..58358.52 rows=25 width=8) (actual time=692.651..692.651 rows=1 loops=1)
        Buckets: 1024  Batches: 1  Memory Usage: 9kB
        ->  Nested Loop  (cost=0.43..58358.52 rows=25 width=8) (actual time=125.670..692.643 rows=1 loops=1)
              ->  Seq Scan on movie_companies mc  (cost=0.00..57926.93 rows=51 width=4) (actual time=125.595..691.831 rows=14 loops=1)
                    Filter: ((company_id = 2787) AND (company_type_id = 1))
                    Rows Removed by Filter: 2609115
              ->  Index Scan using title_pkey on title t  (cost=0.43..8.45 rows=1 width=4) (actual time=0.053..0.053 rows=0 loops=14)
                    Index Cond: (id = mc.movie_id)
                    Filter: ((production_year > 1976) AND (kind_id = 7))
                    Rows Removed by Filter: 1
Planning time: 1.177 ms
Execution time: 6245.149 ms
