Seq Scan on movie_keyword mk  (cost=0.00..81003.12 rows=246 width=0) (actual time=60.270..1056.235 rows=97 loops=1)
  Filter: (keyword_id = 12324)
  Rows Removed by Filter: 4523833
Planning time: 0.281 ms
Execution time: 1056.392 ms
