Seq Scan on cast_info ci  (cost=0.00..796071.18 rows=333318 width=0) (actual time=2315.458..13099.145 rows=141362 loops=1)
  Filter: ((person_id < 3710160) AND (role_id > 10))
  Rows Removed by Filter: 36102982
Planning time: 0.368 ms
Execution time: 13117.575 ms
