Hash Join  (cost=102767.86..1020425.84 rows=4642388 width=0) (actual time=6014.138..21969.495 rows=9524032 loops=1)
  Hash Cond: (ci.movie_id = t.id)
  ->  Seq Scan on cast_info ci  (cost=0.00..796071.18 rows=4642388 width=4) (actual time=4166.081..11300.011 rows=9524032 loops=1)
        Filter: ((person_id < 1300523) AND (role_id = 1))
        Rows Removed by Filter: 26720312
  ->  Hash  (cost=61283.27..61283.27 rows=2528527 width=4) (actual time=1846.566..1846.566 rows=2528312 loops=1)
        Buckets: 131072  Batches: 64  Memory Usage: 2415kB
        ->  Seq Scan on title t  (cost=0.00..61283.27 rows=2528527 width=4) (actual time=0.022..1016.734 rows=2528312 loops=1)
Planning time: 0.738 ms
Execution time: 23028.099 ms
