Hash Join  (cost=799385.15..854053.01 rows=234 width=0) (actual time=12142.180..12977.377 rows=17 loops=1)
  Hash Cond: (mc.movie_id = t.id)
  ->  Seq Scan on movie_companies mc  (cost=0.00..44881.29 rows=2609129 width=4) (actual time=0.015..429.980 rows=2609129 loops=1)
  ->  Hash  (cost=799382.33..799382.33 rows=226 width=8) (actual time=12132.311..12132.311 rows=315 loops=1)
        Buckets: 1024  Batches: 1  Memory Usage: 21kB
        ->  Nested Loop  (cost=0.43..799382.33 rows=226 width=8) (actual time=4191.395..12132.147 rows=315 loops=1)
              ->  Seq Scan on cast_info ci  (cost=0.00..796071.18 rows=396 width=4) (actual time=4191.170..12123.633 rows=328 loops=1)
                    Filter: ((role_id < 8) AND (person_id = 340833))
                    Rows Removed by Filter: 36244016
              ->  Index Scan using title_pkey on title t  (cost=0.43..8.35 rows=1 width=4) (actual time=0.025..0.025 rows=1 loops=328)
                    Index Cond: (id = ci.movie_id)
                    Filter: ((kind_id > 1) AND (production_year > 1978))
                    Rows Removed by Filter: 0
Planning time: 1.118 ms
Execution time: 12977.509 ms
