Hash Join  (cost=101601.28..188031.79 rows=9475 width=0) (actual time=1622.271..2898.633 rows=7908 loops=1)
  Hash Cond: (mk.movie_id = t.id)
  ->  Seq Scan on movie_keyword mk  (cost=0.00..81003.12 rows=1422035 width=4) (actual time=0.022..1168.770 rows=1434270 loops=1)
        Filter: (keyword_id > 11655)
        Rows Removed by Filter: 3089660
  ->  Hash  (cost=101390.69..101390.69 rows=16847 width=8) (actual time=1486.412..1486.412 rows=10419 loops=1)
        Buckets: 32768  Batches: 1  Memory Usage: 663kB
        ->  Hash Join  (cost=74311.74..101390.69 rows=16847 width=8) (actual time=976.235..1483.140 rows=10419 loops=1)
              Hash Cond: (mi_idx.movie_id = t.id)
              ->  Seq Scan on movie_info_idx mi_idx  (cost=0.00..21735.35 rows=1380035 width=4) (actual time=0.016..211.818 rows=1380035 loops=1)
              ->  Hash  (cost=73925.90..73925.90 rows=30867 width=4) (actual time=975.949..975.949 rows=34773 loops=1)
                    Buckets: 65536 (originally 32768)  Batches: 1 (originally 1)  Memory Usage: 1735kB
                    ->  Seq Scan on title t  (cost=0.00..73925.90 rows=30867 width=4) (actual time=0.062..961.744 rows=34773 loops=1)
                          Filter: ((kind_id = 7) AND (production_year = 1999))
                          Rows Removed by Filter: 2493539
Planning time: 1.139 ms
Execution time: 2899.993 ms
