Seq Scan on movie_companies mc  (cost=0.00..57926.93 rows=1119204 width=0) (actual time=0.021..1020.138 rows=1274246 loops=1)
  Filter: ((company_id < 90633) AND (company_type_id < 2))
  Rows Removed by Filter: 1334883
Planning time: 0.325 ms
Execution time: 1179.277 ms
