Hash Join  (cost=84689.96..567643.60 rows=2458845 width=0) (actual time=1339.834..12166.223 rows=4079448 loops=1)
  Hash Cond: (mi.movie_id = t.id)
  ->  Seq Scan on movie_info mi  (cost=0.00..346232.03 rows=9476311 width=4) (actual time=140.426..5387.594 rows=9565151 loops=1)
        Filter: (info_type_id < 16)
        Rows Removed by Filter: 5270569
  ->  Hash  (cost=73925.90..73925.90 rows=656084 width=4) (actual time=1198.620..1198.620 rows=555560 loops=1)
        Buckets: 131072  Batches: 16  Memory Usage: 2249kB
        ->  Seq Scan on title t  (cost=0.00..73925.90 rows=656084 width=4) (actual time=0.039..1012.676 rows=555560 loops=1)
              Filter: ((kind_id < 7) AND (production_year > 1993))
              Rows Removed by Filter: 1972752
Planning time: 0.674 ms
Execution time: 12619.026 ms
