Hash Join  (cost=461385.43..542534.44 rows=253247 width=0) (actual time=6468.174..10566.576 rows=5773986 loops=1)
  Hash Cond: (mc.movie_id = t.id)
  ->  Seq Scan on movie_companies mc  (cost=0.00..51404.11 rows=2257447 width=4) (actual time=0.012..987.497 rows=2252495 loops=1)
        Filter: (company_id < 87517)
        Rows Removed by Filter: 356634
  ->  Hash  (cost=456730.70..456730.70 rows=283658 width=8) (actual time=6467.205..6467.205 rows=403442 loops=1)
        Buckets: 131072 (originally 131072)  Batches: 8 (originally 4)  Memory Usage: 3073kB
        ->  Hash Join  (cost=95609.14..456730.70 rows=283658 width=8) (actual time=2174.901..6350.005 rows=403442 loops=1)
              Hash Cond: (mi.movie_id = t.id)
              ->  Seq Scan on movie_info mi  (cost=0.00..346232.03 rows=420192 width=4) (actual time=532.004..4162.798 rows=465636 loops=1)
                    Filter: (info_type_id > 103)
                    Rows Removed by Filter: 14370084
              ->  Hash  (cost=67604.59..67604.59 rows=1706924 width=4) (actual time=1554.088..1554.088 rows=1700316 loops=1)
                    Buckets: 131072  Batches: 32  Memory Usage: 2903kB
                    ->  Seq Scan on title t  (cost=0.00..67604.59 rows=1706924 width=4) (actual time=0.020..1033.153 rows=1700316 loops=1)
                          Filter: (production_year > 1992)
                          Rows Removed by Filter: 827996
Planning time: 1.189 ms
Execution time: 11271.936 ms
