Seq Scan on movie_keyword mk  (cost=0.00..81003.12 rows=3045324 width=0) (actual time=0.019..1290.302 rows=3033554 loops=1)
  Filter: (keyword_id < 10922)
  Rows Removed by Filter: 1490376
Planning time: 0.298 ms
Execution time: 1665.985 ms
