Hash Join  (cost=102767.86..1430055.89 rows=25429716 width=0) (actual time=1673.203..36214.253 rows=25589569 loops=1)
  Hash Cond: (ci.movie_id = t.id)
  ->  Seq Scan on cast_info ci  (cost=0.00..705507.15 rows=25429716 width=4) (actual time=0.028..13165.952 rows=25589569 loops=1)
        Filter: (person_id > 1045296)
        Rows Removed by Filter: 10654775
  ->  Hash  (cost=61283.27..61283.27 rows=2528527 width=4) (actual time=1672.328..1672.328 rows=2528312 loops=1)
        Buckets: 131072  Batches: 64  Memory Usage: 2415kB
        ->  Seq Scan on title t  (cost=0.00..61283.27 rows=2528527 width=4) (actual time=0.017..841.285 rows=2528312 loops=1)
Planning time: 0.703 ms
Execution time: 39260.239 ms
