Hash Join  (cost=69484.36..138935.08 rows=41752 width=0) (actual time=1109.450..1901.386 rows=31832 loops=1)
  Hash Cond: (mc.movie_id = t.id)
  ->  Seq Scan on movie_companies mc  (cost=0.00..57926.93 rows=921669 width=4) (actual time=114.200..914.063 rows=602412 loops=1)
        Filter: ((company_id < 29613) AND (company_type_id > 1))
        Rows Removed by Filter: 2006717
  ->  Hash  (cost=67604.59..67604.59 rows=114542 width=4) (actual time=723.918..723.918 rows=118234 loops=1)
        Buckets: 131072  Batches: 2  Memory Usage: 3101kB
        ->  Seq Scan on title t  (cost=0.00..67604.59 rows=114542 width=4) (actual time=0.028..684.568 rows=118234 loops=1)
              Filter: (kind_id = 4)
              Rows Removed by Filter: 2410078
Planning time: 0.481 ms
Execution time: 1906.343 ms
