Seq Scan on movie_companies mc  (cost=0.00..57926.93 rows=51 width=0) (actual time=348.936..753.421 rows=281 loops=1)
  Filter: ((company_type_id < 2) AND (company_id = 95))
  Rows Removed by Filter: 2608848
Planning time: 0.379 ms
Execution time: 753.580 ms
