Seq Scan on title t  (cost=0.00..73925.90 rows=16487 width=0) (actual time=0.041..1274.164 rows=16247 loops=1)
  Filter: ((kind_id = 7) AND (production_year = 1993))
  Rows Removed by Filter: 2512065
Planning time: 0.460 ms
Execution time: 1277.357 ms
