Hash Join  (cost=102602.93..189279.77 rows=1880 width=0) (actual time=886.734..2409.515 rows=58602 loops=1)
  Hash Cond: (mk.movie_id = t.id)
  ->  Seq Scan on movie_keyword mk  (cost=0.00..69693.30 rows=4523930 width=4) (actual time=0.025..729.862 rows=4523930 loops=1)
  ->  Hash  (cost=102589.79..102589.79 rows=1051 width=8) (actual time=886.196..886.196 rows=5246 loops=1)
        Buckets: 8192 (originally 2048)  Batches: 1 (originally 1)  Memory Usage: 269kB
        ->  Hash Join  (cost=73962.22..102589.79 rows=1051 width=8) (actual time=620.554..885.106 rows=5246 loops=1)
              Hash Cond: (mi_idx.movie_id = t.id)
              ->  Seq Scan on movie_info_idx mi_idx  (cost=0.00..25185.44 rows=915101 width=4) (actual time=0.027..186.423 rows=919850 loops=1)
                    Filter: (info_type_id < 101)
                    Rows Removed by Filter: 460185
              ->  Hash  (cost=73925.90..73925.90 rows=2905 width=4) (actual time=620.119..620.119 rows=6650 loops=1)
                    Buckets: 8192 (originally 4096)  Batches: 1 (originally 1)  Memory Usage: 298kB
                    ->  Seq Scan on title t  (cost=0.00..73925.90 rows=2905 width=4) (actual time=0.026..617.927 rows=6650 loops=1)
                          Filter: ((kind_id < 7) AND (production_year = 1981))
                          Rows Removed by Filter: 2521662
Planning time: 1.108 ms
Execution time: 2417.040 ms
