Hash Join  (cost=989089.57..1160037.81 rows=3553329 width=0) (actual time=15007.872..20126.250 rows=6802954 loops=1)
  Hash Cond: (mk.movie_id = t.id)
  ->  Seq Scan on movie_keyword mk  (cost=0.00..69693.30 rows=4523930 width=4) (actual time=0.022..1202.368 rows=4523930 loops=1)
  ->  Hash  (cost=956506.12..956506.12 rows=1986036 width=8) (actual time=15006.912..15006.912 rows=1368787 loops=1)
        Buckets: 131072  Batches: 32  Memory Usage: 2694kB
        ->  Hash Join  (cost=102767.86..956506.12 rows=1986036 width=8) (actual time=4910.102..14567.579 rows=1368787 loops=1)
              Hash Cond: (ci.movie_id = t.id)
              ->  Seq Scan on cast_info ci  (cost=0.00..796071.18 rows=1986036 width=4) (actual time=3196.019..10906.098 rows=1368787 loops=1)
                    Filter: ((person_id < 1768291) AND (role_id = 3))
                    Rows Removed by Filter: 34875557
              ->  Hash  (cost=61283.27..61283.27 rows=2528527 width=4) (actual time=1713.135..1713.135 rows=2528312 loops=1)
                    Buckets: 131072  Batches: 64  Memory Usage: 2415kB
                    ->  Seq Scan on title t  (cost=0.00..61283.27 rows=2528527 width=4) (actual time=0.025..782.692 rows=2528312 loops=1)
Planning time: 1.085 ms
Execution time: 20954.596 ms
