Hash Join  (cost=1048270.16..1779403.94 rows=20100905 width=0) (actual time=14850.274..34769.429 rows=30775182 loops=1)
  Hash Cond: (mi.movie_id = t.id)
  ->  Seq Scan on movie_info mi  (cost=0.00..309384.22 rows=14739122 width=4) (actual time=0.012..4623.928 rows=14835720 loops=1)
  ->  Hash  (cost=991694.76..991694.76 rows=3448352 width=8) (actual time=14848.929..14848.929 rows=2036903 loops=1)
        Buckets: 131072  Batches: 64  Memory Usage: 2305kB
        ->  Hash Join  (cost=102767.86..991694.76 rows=3448352 width=8) (actual time=6773.279..14246.574 rows=2036903 loops=1)
              Hash Cond: (ci.movie_id = t.id)
              ->  Seq Scan on cast_info ci  (cost=0.00..796071.18 rows=3448352 width=4) (actual time=5086.285..9855.818 rows=2036903 loops=1)
                    Filter: ((person_id < 989561) AND (role_id > 3))
                    Rows Removed by Filter: 34207441
              ->  Hash  (cost=61283.27..61283.27 rows=2528527 width=4) (actual time=1681.975..1681.975 rows=2528312 loops=1)
                    Buckets: 131072  Batches: 64  Memory Usage: 2415kB
                    ->  Seq Scan on title t  (cost=0.00..61283.27 rows=2528527 width=4) (actual time=0.011..865.252 rows=2528312 loops=1)
Planning time: 1.065 ms
Execution time: 37869.098 ms
