Hash Join  (cost=143308.44..999838.72 rows=1500401 width=0) (actual time=2477.415..19998.096 rows=2218651 loops=1)
  Hash Cond: (ci.movie_id = t.id)
  ->  Seq Scan on cast_info ci  (cost=0.00..705507.15 rows=11653633 width=4) (actual time=0.023..11091.814 rows=11555512 loops=1)
        Filter: (person_id < 1137605)
        Rows Removed by Filter: 24688832
  ->  Hash  (cost=137967.10..137967.10 rows=325547 width=8) (actual time=2476.460..2476.460 rows=212359 loops=1)
        Buckets: 131072  Batches: 8  Memory Usage: 2061kB
        ->  Hash Join  (cost=96651.52..137967.10 rows=325547 width=8) (actual time=1363.573..2408.915 rows=212359 loops=1)
              Hash Cond: (mi_idx.movie_id = t.id)
              ->  Seq Scan on movie_info_idx mi_idx  (cost=0.00..25185.44 rows=464934 width=4) (actual time=0.021..430.828 rows=460185 loops=1)
                    Filter: (info_type_id > 100)
                    Rows Removed by Filter: 919850
              ->  Hash  (cost=67604.59..67604.59 rows=1770475 width=4) (actual time=1362.055..1362.055 rows=1774635 loops=1)
                    Buckets: 131072  Batches: 32  Memory Usage: 2978kB
                    ->  Seq Scan on title t  (cost=0.00..67604.59 rows=1770475 width=4) (actual time=0.031..900.264 rows=1774635 loops=1)
                          Filter: (kind_id > 2)
                          Rows Removed by Filter: 753677
Planning time: 1.136 ms
Execution time: 20275.316 ms
