Hash Join  (cost=175977.85..310750.08 rows=1048120 width=0) (actual time=3723.153..12901.593 rows=25625079 loops=1)
  Hash Cond: (mk.movie_id = t.id)
  ->  Seq Scan on movie_keyword mk  (cost=0.00..69693.30 rows=4523930 width=4) (actual time=0.015..1201.660 rows=4523930 loops=1)
  ->  Hash  (cost=166366.12..166366.12 rows=585818 width=8) (actual time=3721.945..3721.945 rows=1322175 loops=1)
        Buckets: 131072 (originally 131072)  Batches: 32 (originally 8)  Memory Usage: 3073kB
        ->  Hash Join  (cost=83240.42..166366.12 rows=585818 width=8) (actual time=1164.748..3389.432 rows=1322175 loops=1)
              Hash Cond: (mc.movie_id = t.id)
              ->  Seq Scan on movie_companies mc  (cost=0.00..44881.29 rows=2609129 width=4) (actual time=0.025..693.331 rows=2609129 loops=1)
              ->  Hash  (cost=73925.90..73925.90 rows=567721 width=4) (actual time=1163.851..1163.851 rows=620439 loops=1)
                    Buckets: 131072  Batches: 8  Memory Usage: 3764kB
                    ->  Seq Scan on title t  (cost=0.00..73925.90 rows=567721 width=4) (actual time=0.029..966.452 rows=620439 loops=1)
                          Filter: ((kind_id < 4) AND (production_year < 2008))
                          Rows Removed by Filter: 1907873
Planning time: 1.088 ms
Execution time: 15863.532 ms
