Seq Scan on cast_info ci  (cost=0.00..705507.15 rows=500 width=0) (actual time=5247.274..8199.885 rows=2 loops=1)
  Filter: (person_id = 3449788)
  Rows Removed by Filter: 36244342
Planning time: 1.211 ms
Execution time: 8199.974 ms
