Hash Join  (cost=510035.48..624076.20 rows=848166 width=0) (actual time=7936.033..10725.479 rows=1659508 loops=1)
  Hash Cond: (mk.movie_id = t.id)
  ->  Seq Scan on movie_keyword mk  (cost=0.00..81003.12 rows=1696517 width=4) (actual time=0.017..1311.687 rows=1705445 loops=1)
        Filter: (keyword_id < 2673)
        Rows Removed by Filter: 2818485
  ->  Hash  (cost=489295.91..489295.91 rows=1264125 width=8) (actual time=7934.703..7934.703 rows=1288928 loops=1)
        Buckets: 131072  Batches: 32  Memory Usage: 2594kB
        ->  Hash Join  (cost=102767.86..489295.91 rows=1264125 width=8) (actual time=3335.299..7531.072 rows=1288928 loops=1)
              Hash Cond: (mi.movie_id = t.id)
              ->  Seq Scan on movie_info mi  (cost=0.00..346232.03 rows=1264125 width=4) (actual time=1673.105..4334.108 rows=1288928 loops=1)
                    Filter: (info_type_id = 2)
                    Rows Removed by Filter: 13546792
              ->  Hash  (cost=61283.27..61283.27 rows=2528527 width=4) (actual time=1660.900..1660.900 rows=2528312 loops=1)
                    Buckets: 131072  Batches: 64  Memory Usage: 2425kB
                    ->  Seq Scan on title t  (cost=0.00..61283.27 rows=2528527 width=4) (actual time=0.035..796.428 rows=2528312 loops=1)
Planning time: 1.161 ms
Execution time: 10928.864 ms
